<?xml version="1.0"?>
<test_results>
	<status>STATUS_SUCCESS</status>
	<custom>
		<num_loss>16</num_loss>
		<num_total>137456557</num_total>
		<num_misses>-1552436484</num_misses>
		<elapsed_time>7199.964989</elapsed_time>
		<query>
			<report>
				<misses>100001</misses>
				<total>1</total>
				<timestamp>5.239057</timestamp>
			</report>
			<report>
				<misses>200001</misses>
				<total>1</total>
				<timestamp>10.476932</timestamp>
			</report>
			<report>
				<misses>300001</misses>
				<total>0</total>
				<timestamp>15.714848</timestamp>
			</report>
			<report>
				<misses>400001</misses>
				<total>1</total>
				<timestamp>20.952716</timestamp>
			</report>
			<report>
				<misses>500001</misses>
				<total>1</total>
				<timestamp>26.192147</timestamp>
			</report>
			<report>
				<misses>600001</misses>
				<total>0</total>
				<timestamp>31.430025</timestamp>
			</report>
			<report>
				<misses>700001</misses>
				<total>1</total>
				<timestamp>36.667838</timestamp>
			</report>
			<report>
				<misses>800001</misses>
				<total>0</total>
				<timestamp>41.905682</timestamp>
			</report>
			<report>
				<misses>900001</misses>
				<total>1</total>
				<timestamp>47.143554</timestamp>
			</report>
			<report>
				<misses>1000001</misses>
				<total>1</total>
				<timestamp>52.381414</timestamp>
			</report>
			<report>
				<misses>1100001</misses>
				<total>1</total>
				<timestamp>57.619250</timestamp>
			</report>
			<report>
				<misses>1200001</misses>
				<total>1</total>
				<timestamp>62.857184</timestamp>
			</report>
			<report>
				<misses>1300001</misses>
				<total>1</total>
				<timestamp>68.095030</timestamp>
			</report>
			<report>
				<misses>1400001</misses>
				<total>0</total>
				<timestamp>73.332854</timestamp>
			</report>
			<report>
				<misses>1500001</misses>
				<total>0</total>
				<timestamp>78.570699</timestamp>
			</report>
			<report>
				<misses>1600001</misses>
				<total>0</total>
				<timestamp>83.810110</timestamp>
			</report>
			<report>
				<misses>1700001</misses>
				<total>1</total>
				<timestamp>89.047908</timestamp>
			</report>
			<report>
				<misses>1800001</misses>
				<total>1</total>
				<timestamp>94.285771</timestamp>
			</report>
			<report>
				<misses>1900001</misses>
				<total>0</total>
				<timestamp>99.523620</timestamp>
			</report>
			<report>
				<misses>2000001</misses>
				<total>1</total>
				<timestamp>104.761447</timestamp>
			</report>
			<report>
				<misses>2100001</misses>
				<total>1</total>
				<timestamp>109.999366</timestamp>
			</report>
			<report>
				<misses>2200001</misses>
				<total>1</total>
				<timestamp>115.237320</timestamp>
			</report>
			<report>
				<misses>2300001</misses>
				<total>0</total>
				<timestamp>120.475204</timestamp>
			</report>
			<report>
				<misses>2400001</misses>
				<total>1</total>
				<timestamp>125.713118</timestamp>
			</report>
			<report>
				<misses>2500001</misses>
				<total>1</total>
				<timestamp>130.950953</timestamp>
			</report>
			<report>
				<misses>2600001</misses>
				<total>0</total>
				<timestamp>136.188848</timestamp>
			</report>
			<report>
				<misses>2700001</misses>
				<total>0</total>
				<timestamp>141.426746</timestamp>
			</report>
			<report>
				<misses>2800001</misses>
				<total>0</total>
				<timestamp>146.666160</timestamp>
			</report>
			<report>
				<misses>2900001</misses>
				<total>0</total>
				<timestamp>151.904017</timestamp>
			</report>
			<report>
				<misses>3000001</misses>
				<total>0</total>
				<timestamp>157.141832</timestamp>
			</report>
			<report>
				<misses>3100001</misses>
				<total>1</total>
				<timestamp>162.379639</timestamp>
			</report>
			<report>
				<misses>3200001</misses>
				<total>0</total>
				<timestamp>167.617527</timestamp>
			</report>
			<report>
				<misses>3300001</misses>
				<total>0</total>
				<timestamp>172.855468</timestamp>
			</report>
			<report>
				<misses>3400001</misses>
				<total>1</total>
				<timestamp>178.093272</timestamp>
			</report>
			<report>
				<misses>3500001</misses>
				<total>0</total>
				<timestamp>183.331094</timestamp>
			</report>
			<report>
				<misses>3600001</misses>
				<total>0</total>
				<timestamp>188.568942</timestamp>
			</report>
			<report>
				<misses>3700001</misses>
				<total>0</total>
				<timestamp>193.806804</timestamp>
			</report>
			<report>
				<misses>3800001</misses>
				<total>2</total>
				<timestamp>199.044701</timestamp>
			</report>
			<report>
				<misses>3900001</misses>
				<total>1</total>
				<timestamp>204.284178</timestamp>
			</report>
			<report>
				<misses>4000001</misses>
				<total>2</total>
				<timestamp>209.522038</timestamp>
			</report>
			<report>
				<misses>4100001</misses>
				<total>2</total>
				<timestamp>214.759893</timestamp>
			</report>
			<report>
				<misses>4200001</misses>
				<total>2</total>
				<timestamp>219.997731</timestamp>
			</report>
			<report>
				<misses>4300001</misses>
				<total>1</total>
				<timestamp>225.235554</timestamp>
			</report>
			<report>
				<misses>4400001</misses>
				<total>2</total>
				<timestamp>230.473370</timestamp>
			</report>
			<report>
				<misses>4500001</misses>
				<total>1</total>
				<timestamp>235.711335</timestamp>
			</report>
			<report>
				<misses>4600001</misses>
				<total>2</total>
				<timestamp>240.949178</timestamp>
			</report>
			<report>
				<misses>4700001</misses>
				<total>1</total>
				<timestamp>246.187020</timestamp>
			</report>
			<report>
				<misses>4800001</misses>
				<total>2</total>
				<timestamp>251.424874</timestamp>
			</report>
			<report>
				<misses>4900001</misses>
				<total>1</total>
				<timestamp>256.662895</timestamp>
			</report>
			<report>
				<misses>5000001</misses>
				<total>2</total>
				<timestamp>261.900719</timestamp>
			</report>
			<report>
				<misses>5100001</misses>
				<total>2</total>
				<timestamp>267.140253</timestamp>
			</report>
			<report>
				<misses>5200001</misses>
				<total>2</total>
				<timestamp>272.378094</timestamp>
			</report>
			<report>
				<misses>5300001</misses>
				<total>1</total>
				<timestamp>277.615975</timestamp>
			</report>
			<report>
				<misses>5400001</misses>
				<total>2</total>
				<timestamp>282.853814</timestamp>
			</report>
			<report>
				<misses>5500001</misses>
				<total>1</total>
				<timestamp>288.091645</timestamp>
			</report>
			<report>
				<misses>5600001</misses>
				<total>2</total>
				<timestamp>293.329449</timestamp>
			</report>
			<report>
				<misses>5700001</misses>
				<total>2</total>
				<timestamp>298.567302</timestamp>
			</report>
			<report>
				<misses>5800001</misses>
				<total>1</total>
				<timestamp>303.805177</timestamp>
			</report>
			<report>
				<misses>5900001</misses>
				<total>1</total>
				<timestamp>309.043059</timestamp>
			</report>
			<report>
				<misses>6000001</misses>
				<total>2</total>
				<timestamp>314.280914</timestamp>
			</report>
			<report>
				<misses>6100001</misses>
				<total>2</total>
				<timestamp>319.518792</timestamp>
			</report>
			<report>
				<misses>6200001</misses>
				<total>1</total>
				<timestamp>324.758245</timestamp>
			</report>
			<report>
				<misses>6300001</misses>
				<total>1</total>
				<timestamp>329.996137</timestamp>
			</report>
			<report>
				<misses>6400001</misses>
				<total>2</total>
				<timestamp>335.234074</timestamp>
			</report>
			<report>
				<misses>6500001</misses>
				<total>2</total>
				<timestamp>340.472010</timestamp>
			</report>
			<report>
				<misses>6600001</misses>
				<total>1</total>
				<timestamp>345.709973</timestamp>
			</report>
			<report>
				<misses>6700001</misses>
				<total>2</total>
				<timestamp>350.947761</timestamp>
			</report>
			<report>
				<misses>6800001</misses>
				<total>2</total>
				<timestamp>356.185585</timestamp>
			</report>
			<report>
				<misses>6900001</misses>
				<total>2</total>
				<timestamp>361.423416</timestamp>
			</report>
			<report>
				<misses>7000001</misses>
				<total>1</total>
				<timestamp>366.661274</timestamp>
			</report>
			<report>
				<misses>7100001</misses>
				<total>1</total>
				<timestamp>371.899118</timestamp>
			</report>
			<report>
				<misses>7200001</misses>
				<total>1</total>
				<timestamp>377.137017</timestamp>
			</report>
			<report>
				<misses>7300001</misses>
				<total>1</total>
				<timestamp>382.374907</timestamp>
			</report>
			<report>
				<misses>7400001</misses>
				<total>1</total>
				<timestamp>387.614312</timestamp>
			</report>
			<report>
				<misses>7500001</misses>
				<total>1</total>
				<timestamp>392.852164</timestamp>
			</report>
			<report>
				<misses>7600001</misses>
				<total>2</total>
				<timestamp>398.089992</timestamp>
			</report>
			<report>
				<misses>7700001</misses>
				<total>2</total>
				<timestamp>403.327837</timestamp>
			</report>
			<report>
				<misses>7800001</misses>
				<total>2</total>
				<timestamp>408.565645</timestamp>
			</report>
			<report>
				<misses>7900001</misses>
				<total>1</total>
				<timestamp>413.803578</timestamp>
			</report>
			<report>
				<misses>8000001</misses>
				<total>1</total>
				<timestamp>419.041432</timestamp>
			</report>
			<report>
				<misses>8100001</misses>
				<total>1</total>
				<timestamp>424.279266</timestamp>
			</report>
			<report>
				<misses>8200001</misses>
				<total>2</total>
				<timestamp>429.517120</timestamp>
			</report>
			<report>
				<misses>8300001</misses>
				<total>1</total>
				<timestamp>434.754933</timestamp>
			</report>
			<report>
				<misses>8400001</misses>
				<total>2</total>
				<timestamp>439.992748</timestamp>
			</report>
			<report>
				<misses>8500001</misses>
				<total>2</total>
				<timestamp>445.232076</timestamp>
			</report>
			<report>
				<misses>8600001</misses>
				<total>2</total>
				<timestamp>450.469915</timestamp>
			</report>
			<report>
				<misses>8700001</misses>
				<total>3</total>
				<timestamp>455.707807</timestamp>
			</report>
			<report>
				<misses>8800001</misses>
				<total>1</total>
				<timestamp>460.945644</timestamp>
			</report>
			<report>
				<misses>8900001</misses>
				<total>2</total>
				<timestamp>466.183460</timestamp>
			</report>
			<report>
				<misses>9000001</misses>
				<total>2</total>
				<timestamp>471.421264</timestamp>
			</report>
			<report>
				<misses>9100001</misses>
				<total>1</total>
				<timestamp>476.659170</timestamp>
			</report>
			<report>
				<misses>9200001</misses>
				<total>1</total>
				<timestamp>481.896992</timestamp>
			</report>
			<report>
				<misses>9300001</misses>
				<total>2</total>
				<timestamp>487.134781</timestamp>
			</report>
			<report>
				<misses>9400001</misses>
				<total>1</total>
				<timestamp>492.372695</timestamp>
			</report>
			<report>
				<misses>9500001</misses>
				<total>1</total>
				<timestamp>497.610530</timestamp>
			</report>
			<report>
				<misses>9600001</misses>
				<total>2</total>
				<timestamp>502.848443</timestamp>
			</report>
			<report>
				<misses>9700001</misses>
				<total>2</total>
				<timestamp>508.087817</timestamp>
			</report>
			<report>
				<misses>9800001</misses>
				<total>2</total>
				<timestamp>513.325622</timestamp>
			</report>
			<report>
				<misses>9900001</misses>
				<total>2</total>
				<timestamp>518.563444</timestamp>
			</report>
			<report>
				<misses>10000001</misses>
				<total>2</total>
				<timestamp>523.801292</timestamp>
			</report>
			<report>
				<misses>10100001</misses>
				<total>2</total>
				<timestamp>529.039148</timestamp>
			</report>
			<report>
				<misses>10200001</misses>
				<total>1</total>
				<timestamp>534.277085</timestamp>
			</report>
			<report>
				<misses>10300001</misses>
				<total>1</total>
				<timestamp>539.514938</timestamp>
			</report>
			<report>
				<misses>10400001</misses>
				<total>2</total>
				<timestamp>544.752797</timestamp>
			</report>
			<report>
				<misses>10500001</misses>
				<total>1</total>
				<timestamp>549.990656</timestamp>
			</report>
			<report>
				<misses>10600001</misses>
				<total>1</total>
				<timestamp>555.228561</timestamp>
			</report>
			<report>
				<misses>10700001</misses>
				<total>1</total>
				<timestamp>560.466428</timestamp>
			</report>
			<report>
				<misses>10800001</misses>
				<total>1</total>
				<timestamp>565.705722</timestamp>
			</report>
			<report>
				<misses>10900001</misses>
				<total>1</total>
				<timestamp>570.943573</timestamp>
			</report>
			<report>
				<misses>11000001</misses>
				<total>2</total>
				<timestamp>576.181579</timestamp>
			</report>
			<report>
				<misses>11100001</misses>
				<total>2</total>
				<timestamp>581.419410</timestamp>
			</report>
			<report>
				<misses>11200001</misses>
				<total>1</total>
				<timestamp>586.657251</timestamp>
			</report>
			<report>
				<misses>11300001</misses>
				<total>1</total>
				<timestamp>591.895069</timestamp>
			</report>
			<report>
				<misses>11400001</misses>
				<total>2</total>
				<timestamp>597.132946</timestamp>
			</report>
			<report>
				<misses>11500001</misses>
				<total>1</total>
				<timestamp>602.370763</timestamp>
			</report>
			<report>
				<misses>11600001</misses>
				<total>2</total>
				<timestamp>607.608664</timestamp>
			</report>
			<report>
				<misses>11700001</misses>
				<total>1</total>
				<timestamp>612.846550</timestamp>
			</report>
			<report>
				<misses>11800001</misses>
				<total>1</total>
				<timestamp>618.084449</timestamp>
			</report>
			<report>
				<misses>11900001</misses>
				<total>3</total>
				<timestamp>623.323864</timestamp>
			</report>
			<report>
				<misses>12000001</misses>
				<total>1</total>
				<timestamp>628.561693</timestamp>
			</report>
			<report>
				<misses>12100001</misses>
				<total>1</total>
				<timestamp>633.799512</timestamp>
			</report>
			<report>
				<misses>12200001</misses>
				<total>3</total>
				<timestamp>639.037354</timestamp>
			</report>
			<report>
				<misses>12300001</misses>
				<total>2</total>
				<timestamp>644.275224</timestamp>
			</report>
			<report>
				<misses>12400001</misses>
				<total>2</total>
				<timestamp>649.513061</timestamp>
			</report>
			<report>
				<misses>12500001</misses>
				<total>1</total>
				<timestamp>654.750944</timestamp>
			</report>
			<report>
				<misses>12600001</misses>
				<total>1</total>
				<timestamp>659.988794</timestamp>
			</report>
			<report>
				<misses>12700001</misses>
				<total>1</total>
				<timestamp>665.226629</timestamp>
			</report>
			<report>
				<misses>12800001</misses>
				<total>1</total>
				<timestamp>670.464555</timestamp>
			</report>
			<report>
				<misses>12900001</misses>
				<total>2</total>
				<timestamp>675.702647</timestamp>
			</report>
			<report>
				<misses>13000001</misses>
				<total>1</total>
				<timestamp>680.940500</timestamp>
			</report>
			<report>
				<misses>13100001</misses>
				<total>2</total>
				<timestamp>686.179887</timestamp>
			</report>
			<report>
				<misses>13200001</misses>
				<total>2</total>
				<timestamp>691.417734</timestamp>
			</report>
			<report>
				<misses>13300001</misses>
				<total>1</total>
				<timestamp>696.655642</timestamp>
			</report>
			<report>
				<misses>13400001</misses>
				<total>2</total>
				<timestamp>701.893445</timestamp>
			</report>
			<report>
				<misses>13500001</misses>
				<total>1</total>
				<timestamp>707.131250</timestamp>
			</report>
			<report>
				<misses>13600001</misses>
				<total>1</total>
				<timestamp>712.369123</timestamp>
			</report>
			<report>
				<misses>13700001</misses>
				<total>1</total>
				<timestamp>717.606937</timestamp>
			</report>
			<report>
				<misses>13800001</misses>
				<total>2</total>
				<timestamp>722.844897</timestamp>
			</report>
			<report>
				<misses>13900001</misses>
				<total>1</total>
				<timestamp>728.082776</timestamp>
			</report>
			<report>
				<misses>14000001</misses>
				<total>1</total>
				<timestamp>733.320602</timestamp>
			</report>
			<report>
				<misses>14100001</misses>
				<total>2</total>
				<timestamp>738.558404</timestamp>
			</report>
			<report>
				<misses>14200001</misses>
				<total>2</total>
				<timestamp>743.797774</timestamp>
			</report>
			<report>
				<misses>14300001</misses>
				<total>2</total>
				<timestamp>749.035627</timestamp>
			</report>
			<report>
				<misses>14400001</misses>
				<total>2</total>
				<timestamp>754.273456</timestamp>
			</report>
			<report>
				<misses>14500001</misses>
				<total>2</total>
				<timestamp>759.511296</timestamp>
			</report>
			<report>
				<misses>14600001</misses>
				<total>2</total>
				<timestamp>764.749154</timestamp>
			</report>
			<report>
				<misses>14700001</misses>
				<total>1</total>
				<timestamp>769.987054</timestamp>
			</report>
			<report>
				<misses>14800001</misses>
				<total>1</total>
				<timestamp>775.224892</timestamp>
			</report>
			<report>
				<misses>14900001</misses>
				<total>2</total>
				<timestamp>780.462715</timestamp>
			</report>
			<report>
				<misses>15000001</misses>
				<total>2</total>
				<timestamp>785.700533</timestamp>
			</report>
			<report>
				<misses>15100001</misses>
				<total>1</total>
				<timestamp>790.938395</timestamp>
			</report>
			<report>
				<misses>15200001</misses>
				<total>1</total>
				<timestamp>796.176302</timestamp>
			</report>
			<report>
				<misses>15300001</misses>
				<total>1</total>
				<timestamp>801.414141</timestamp>
			</report>
			<report>
				<misses>15400001</misses>
				<total>1</total>
				<timestamp>806.653646</timestamp>
			</report>
			<report>
				<misses>15500001</misses>
				<total>2</total>
				<timestamp>811.891514</timestamp>
			</report>
			<report>
				<misses>15600001</misses>
				<total>2</total>
				<timestamp>817.129400</timestamp>
			</report>
			<report>
				<misses>15700001</misses>
				<total>2</total>
				<timestamp>822.367228</timestamp>
			</report>
			<report>
				<misses>15800001</misses>
				<total>2</total>
				<timestamp>827.605021</timestamp>
			</report>
			<report>
				<misses>15900001</misses>
				<total>1</total>
				<timestamp>832.842943</timestamp>
			</report>
			<report>
				<misses>16000001</misses>
				<total>2</total>
				<timestamp>838.080816</timestamp>
			</report>
			<report>
				<misses>16100001</misses>
				<total>1</total>
				<timestamp>843.318720</timestamp>
			</report>
			<report>
				<misses>16200001</misses>
				<total>3</total>
				<timestamp>848.556564</timestamp>
			</report>
			<report>
				<misses>16300001</misses>
				<total>2</total>
				<timestamp>853.794420</timestamp>
			</report>
			<report>
				<misses>16400001</misses>
				<total>3</total>
				<timestamp>859.032242</timestamp>
			</report>
			<report>
				<misses>16500001</misses>
				<total>3</total>
				<timestamp>864.271617</timestamp>
			</report>
			<report>
				<misses>16600001</misses>
				<total>3</total>
				<timestamp>869.509439</timestamp>
			</report>
			<report>
				<misses>16700001</misses>
				<total>3</total>
				<timestamp>874.747315</timestamp>
			</report>
			<report>
				<misses>16800001</misses>
				<total>3</total>
				<timestamp>879.985107</timestamp>
			</report>
			<report>
				<misses>16900001</misses>
				<total>3</total>
				<timestamp>885.222997</timestamp>
			</report>
			<report>
				<misses>17000001</misses>
				<total>3</total>
				<timestamp>890.460811</timestamp>
			</report>
			<report>
				<misses>17100001</misses>
				<total>3</total>
				<timestamp>895.698670</timestamp>
			</report>
			<report>
				<misses>17200001</misses>
				<total>4</total>
				<timestamp>900.936477</timestamp>
			</report>
			<report>
				<misses>17300001</misses>
				<total>2</total>
				<timestamp>906.174409</timestamp>
			</report>
			<report>
				<misses>17400001</misses>
				<total>2</total>
				<timestamp>911.412246</timestamp>
			</report>
			<report>
				<misses>17500001</misses>
				<total>2</total>
				<timestamp>916.650115</timestamp>
			</report>
			<report>
				<misses>17600001</misses>
				<total>3</total>
				<timestamp>921.887960</timestamp>
			</report>
			<report>
				<misses>17700001</misses>
				<total>2</total>
				<timestamp>927.127497</timestamp>
			</report>
			<report>
				<misses>17800001</misses>
				<total>3</total>
				<timestamp>932.365323</timestamp>
			</report>
			<report>
				<misses>17900001</misses>
				<total>2</total>
				<timestamp>937.603184</timestamp>
			</report>
			<report>
				<misses>18000001</misses>
				<total>4</total>
				<timestamp>942.840994</timestamp>
			</report>
			<report>
				<misses>18100001</misses>
				<total>2</total>
				<timestamp>948.078876</timestamp>
			</report>
			<report>
				<misses>18200001</misses>
				<total>2</total>
				<timestamp>953.316714</timestamp>
			</report>
			<report>
				<misses>18300001</misses>
				<total>2</total>
				<timestamp>958.554569</timestamp>
			</report>
			<report>
				<misses>18400001</misses>
				<total>2</total>
				<timestamp>963.792439</timestamp>
			</report>
			<report>
				<misses>18500001</misses>
				<total>2</total>
				<timestamp>969.030316</timestamp>
			</report>
			<report>
				<misses>18600001</misses>
				<total>3</total>
				<timestamp>974.268169</timestamp>
			</report>
			<report>
				<misses>18700001</misses>
				<total>2</total>
				<timestamp>979.506049</timestamp>
			</report>
			<report>
				<misses>18800001</misses>
				<total>3</total>
				<timestamp>984.745496</timestamp>
			</report>
			<report>
				<misses>18900001</misses>
				<total>3</total>
				<timestamp>989.983289</timestamp>
			</report>
			<report>
				<misses>19000001</misses>
				<total>3</total>
				<timestamp>995.221194</timestamp>
			</report>
			<report>
				<misses>19100001</misses>
				<total>2</total>
				<timestamp>1000.459033</timestamp>
			</report>
			<report>
				<misses>19200001</misses>
				<total>3</total>
				<timestamp>1005.696894</timestamp>
			</report>
			<report>
				<misses>19300001</misses>
				<total>2</total>
				<timestamp>1010.934769</timestamp>
			</report>
			<report>
				<misses>19400001</misses>
				<total>2</total>
				<timestamp>1016.172623</timestamp>
			</report>
			<report>
				<misses>19500001</misses>
				<total>2</total>
				<timestamp>1021.410454</timestamp>
			</report>
			<report>
				<misses>19600001</misses>
				<total>2</total>
				<timestamp>1026.648321</timestamp>
			</report>
			<report>
				<misses>19700001</misses>
				<total>3</total>
				<timestamp>1031.886193</timestamp>
			</report>
			<report>
				<misses>19800001</misses>
				<total>2</total>
				<timestamp>1037.124002</timestamp>
			</report>
			<report>
				<misses>19900001</misses>
				<total>2</total>
				<timestamp>1042.361817</timestamp>
			</report>
			<report>
				<misses>20000001</misses>
				<total>2</total>
				<timestamp>1047.601248</timestamp>
			</report>
			<report>
				<misses>20100001</misses>
				<total>3</total>
				<timestamp>1052.839078</timestamp>
			</report>
			<report>
				<misses>20200001</misses>
				<total>2</total>
				<timestamp>1058.076928</timestamp>
			</report>
			<report>
				<misses>20300001</misses>
				<total>2</total>
				<timestamp>1063.314796</timestamp>
			</report>
			<report>
				<misses>20400001</misses>
				<total>3</total>
				<timestamp>1068.552674</timestamp>
			</report>
			<report>
				<misses>20500001</misses>
				<total>3</total>
				<timestamp>1073.790570</timestamp>
			</report>
			<report>
				<misses>20600001</misses>
				<total>2</total>
				<timestamp>1079.028405</timestamp>
			</report>
			<report>
				<misses>20700001</misses>
				<total>2</total>
				<timestamp>1084.266292</timestamp>
			</report>
			<report>
				<misses>20800001</misses>
				<total>3</total>
				<timestamp>1089.504127</timestamp>
			</report>
			<report>
				<misses>20900001</misses>
				<total>3</total>
				<timestamp>1094.741982</timestamp>
			</report>
			<report>
				<misses>21000001</misses>
				<total>3</total>
				<timestamp>1099.979823</timestamp>
			</report>
			<report>
				<misses>21100001</misses>
				<total>2</total>
				<timestamp>1105.219101</timestamp>
			</report>
			<report>
				<misses>21200001</misses>
				<total>2</total>
				<timestamp>1110.456957</timestamp>
			</report>
			<report>
				<misses>21300001</misses>
				<total>3</total>
				<timestamp>1115.694834</timestamp>
			</report>
			<report>
				<misses>21400001</misses>
				<total>3</total>
				<timestamp>1120.932631</timestamp>
			</report>
			<report>
				<misses>21500001</misses>
				<total>3</total>
				<timestamp>1126.170482</timestamp>
			</report>
			<report>
				<misses>21600001</misses>
				<total>3</total>
				<timestamp>1131.408297</timestamp>
			</report>
			<report>
				<misses>21700001</misses>
				<total>3</total>
				<timestamp>1136.646087</timestamp>
			</report>
			<report>
				<misses>21800001</misses>
				<total>2</total>
				<timestamp>1141.883922</timestamp>
			</report>
			<report>
				<misses>21900001</misses>
				<total>2</total>
				<timestamp>1147.121856</timestamp>
			</report>
			<report>
				<misses>22000001</misses>
				<total>3</total>
				<timestamp>1152.359713</timestamp>
			</report>
			<report>
				<misses>22100001</misses>
				<total>2</total>
				<timestamp>1157.597566</timestamp>
			</report>
			<report>
				<misses>22200001</misses>
				<total>3</total>
				<timestamp>1162.835414</timestamp>
			</report>
			<report>
				<misses>22300001</misses>
				<total>3</total>
				<timestamp>1168.074723</timestamp>
			</report>
			<report>
				<misses>22400001</misses>
				<total>2</total>
				<timestamp>1173.312542</timestamp>
			</report>
			<report>
				<misses>22500001</misses>
				<total>2</total>
				<timestamp>1178.550399</timestamp>
			</report>
			<report>
				<misses>22600001</misses>
				<total>2</total>
				<timestamp>1183.788270</timestamp>
			</report>
			<report>
				<misses>22700001</misses>
				<total>2</total>
				<timestamp>1189.026129</timestamp>
			</report>
			<report>
				<misses>22800001</misses>
				<total>2</total>
				<timestamp>1194.264036</timestamp>
			</report>
			<report>
				<misses>22900001</misses>
				<total>2</total>
				<timestamp>1199.501870</timestamp>
			</report>
			<report>
				<misses>23000001</misses>
				<total>2</total>
				<timestamp>1204.739694</timestamp>
			</report>
			<report>
				<misses>23100001</misses>
				<total>3</total>
				<timestamp>1209.977653</timestamp>
			</report>
			<report>
				<misses>23200001</misses>
				<total>3</total>
				<timestamp>1215.215460</timestamp>
			</report>
			<report>
				<misses>23300001</misses>
				<total>3</total>
				<timestamp>1220.453304</timestamp>
			</report>
			<report>
				<misses>23400001</misses>
				<total>3</total>
				<timestamp>1225.692771</timestamp>
			</report>
			<report>
				<misses>23500001</misses>
				<total>2</total>
				<timestamp>1230.930657</timestamp>
			</report>
			<report>
				<misses>23600001</misses>
				<total>3</total>
				<timestamp>1236.168658</timestamp>
			</report>
			<report>
				<misses>23700001</misses>
				<total>2</total>
				<timestamp>1241.406506</timestamp>
			</report>
			<report>
				<misses>23800001</misses>
				<total>2</total>
				<timestamp>1246.644333</timestamp>
			</report>
			<report>
				<misses>23900001</misses>
				<total>2</total>
				<timestamp>1251.882152</timestamp>
			</report>
			<report>
				<misses>24000001</misses>
				<total>3</total>
				<timestamp>1257.120027</timestamp>
			</report>
			<report>
				<misses>24100001</misses>
				<total>4</total>
				<timestamp>1262.357998</timestamp>
			</report>
			<report>
				<misses>24200001</misses>
				<total>4</total>
				<timestamp>1267.595831</timestamp>
			</report>
			<report>
				<misses>24300001</misses>
				<total>3</total>
				<timestamp>1272.833631</timestamp>
			</report>
			<report>
				<misses>24400001</misses>
				<total>3</total>
				<timestamp>1278.071519</timestamp>
			</report>
			<report>
				<misses>24500001</misses>
				<total>4</total>
				<timestamp>1283.310867</timestamp>
			</report>
			<report>
				<misses>24600001</misses>
				<total>4</total>
				<timestamp>1288.548707</timestamp>
			</report>
			<report>
				<misses>24700001</misses>
				<total>3</total>
				<timestamp>1293.786598</timestamp>
			</report>
			<report>
				<misses>24800001</misses>
				<total>3</total>
				<timestamp>1299.024489</timestamp>
			</report>
			<report>
				<misses>24900001</misses>
				<total>4</total>
				<timestamp>1304.262373</timestamp>
			</report>
			<report>
				<misses>25000001</misses>
				<total>3</total>
				<timestamp>1309.500265</timestamp>
			</report>
			<report>
				<misses>25100001</misses>
				<total>3</total>
				<timestamp>1314.738136</timestamp>
			</report>
			<report>
				<misses>25200001</misses>
				<total>4</total>
				<timestamp>1319.975941</timestamp>
			</report>
			<report>
				<misses>25300001</misses>
				<total>4</total>
				<timestamp>1325.213789</timestamp>
			</report>
			<report>
				<misses>25400001</misses>
				<total>4</total>
				<timestamp>1330.451616</timestamp>
			</report>
			<report>
				<misses>25500001</misses>
				<total>3</total>
				<timestamp>1335.689467</timestamp>
			</report>
			<report>
				<misses>25600001</misses>
				<total>3</total>
				<timestamp>1340.927356</timestamp>
			</report>
			<report>
				<misses>25700001</misses>
				<total>3</total>
				<timestamp>1346.166741</timestamp>
			</report>
			<report>
				<misses>25800001</misses>
				<total>3</total>
				<timestamp>1351.404610</timestamp>
			</report>
			<report>
				<misses>25900001</misses>
				<total>3</total>
				<timestamp>1356.642546</timestamp>
			</report>
			<report>
				<misses>26000001</misses>
				<total>5</total>
				<timestamp>1361.880381</timestamp>
			</report>
			<report>
				<misses>26100001</misses>
				<total>5</total>
				<timestamp>1367.118266</timestamp>
			</report>
			<report>
				<misses>26200001</misses>
				<total>5</total>
				<timestamp>1372.356119</timestamp>
			</report>
			<report>
				<misses>26300001</misses>
				<total>4</total>
				<timestamp>1377.594111</timestamp>
			</report>
			<report>
				<misses>26400001</misses>
				<total>5</total>
				<timestamp>1382.831947</timestamp>
			</report>
			<report>
				<misses>26500001</misses>
				<total>4</total>
				<timestamp>1388.069804</timestamp>
			</report>
			<report>
				<misses>26600001</misses>
				<total>5</total>
				<timestamp>1393.307622</timestamp>
			</report>
			<report>
				<misses>26700001</misses>
				<total>4</total>
				<timestamp>1398.545500</timestamp>
			</report>
			<report>
				<misses>26800001</misses>
				<total>5</total>
				<timestamp>1403.784811</timestamp>
			</report>
			<report>
				<misses>26900001</misses>
				<total>6</total>
				<timestamp>1409.022615</timestamp>
			</report>
			<report>
				<misses>27000001</misses>
				<total>5</total>
				<timestamp>1414.260517</timestamp>
			</report>
			<report>
				<misses>27100001</misses>
				<total>5</total>
				<timestamp>1419.498396</timestamp>
			</report>
			<report>
				<misses>27200001</misses>
				<total>6</total>
				<timestamp>1424.736248</timestamp>
			</report>
			<report>
				<misses>27300001</misses>
				<total>6</total>
				<timestamp>1429.974070</timestamp>
			</report>
			<report>
				<misses>27400001</misses>
				<total>5</total>
				<timestamp>1435.211967</timestamp>
			</report>
			<report>
				<misses>27500001</misses>
				<total>6</total>
				<timestamp>1440.449793</timestamp>
			</report>
			<report>
				<misses>27600001</misses>
				<total>5</total>
				<timestamp>1445.687631</timestamp>
			</report>
			<report>
				<misses>27700001</misses>
				<total>5</total>
				<timestamp>1450.925456</timestamp>
			</report>
			<report>
				<misses>27800001</misses>
				<total>6</total>
				<timestamp>1456.163323</timestamp>
			</report>
			<report>
				<misses>27900001</misses>
				<total>5</total>
				<timestamp>1461.401162</timestamp>
			</report>
			<report>
				<misses>28000001</misses>
				<total>6</total>
				<timestamp>1466.640494</timestamp>
			</report>
			<report>
				<misses>28100001</misses>
				<total>5</total>
				<timestamp>1471.878357</timestamp>
			</report>
			<report>
				<misses>28200001</misses>
				<total>6</total>
				<timestamp>1477.116166</timestamp>
			</report>
			<report>
				<misses>28300001</misses>
				<total>5</total>
				<timestamp>1482.354002</timestamp>
			</report>
			<report>
				<misses>28400001</misses>
				<total>5</total>
				<timestamp>1487.591832</timestamp>
			</report>
			<report>
				<misses>28500001</misses>
				<total>5</total>
				<timestamp>1492.829638</timestamp>
			</report>
			<report>
				<misses>28600001</misses>
				<total>6</total>
				<timestamp>1498.067529</timestamp>
			</report>
			<report>
				<misses>28700001</misses>
				<total>5</total>
				<timestamp>1503.305329</timestamp>
			</report>
			<report>
				<misses>28800001</misses>
				<total>6</total>
				<timestamp>1508.543140</timestamp>
			</report>
			<report>
				<misses>28900001</misses>
				<total>6</total>
				<timestamp>1513.780941</timestamp>
			</report>
			<report>
				<misses>29000001</misses>
				<total>6</total>
				<timestamp>1519.018789</timestamp>
			</report>
			<report>
				<misses>29100001</misses>
				<total>6</total>
				<timestamp>1524.258191</timestamp>
			</report>
			<report>
				<misses>29200001</misses>
				<total>6</total>
				<timestamp>1529.495972</timestamp>
			</report>
			<report>
				<misses>29300001</misses>
				<total>5</total>
				<timestamp>1534.733927</timestamp>
			</report>
			<report>
				<misses>29400001</misses>
				<total>6</total>
				<timestamp>1539.971779</timestamp>
			</report>
			<report>
				<misses>29500001</misses>
				<total>6</total>
				<timestamp>1545.209609</timestamp>
			</report>
			<report>
				<misses>29600001</misses>
				<total>5</total>
				<timestamp>1550.447522</timestamp>
			</report>
			<report>
				<misses>29700001</misses>
				<total>5</total>
				<timestamp>1555.685454</timestamp>
			</report>
			<report>
				<misses>29800001</misses>
				<total>5</total>
				<timestamp>1560.923349</timestamp>
			</report>
			<report>
				<misses>29900001</misses>
				<total>5</total>
				<timestamp>1566.161200</timestamp>
			</report>
			<report>
				<misses>30000001</misses>
				<total>6</total>
				<timestamp>1571.399043</timestamp>
			</report>
			<report>
				<misses>30100001</misses>
				<total>5</total>
				<timestamp>1576.636946</timestamp>
			</report>
			<report>
				<misses>30200001</misses>
				<total>5</total>
				<timestamp>1581.874864</timestamp>
			</report>
			<report>
				<misses>30300001</misses>
				<total>5</total>
				<timestamp>1587.114221</timestamp>
			</report>
			<report>
				<misses>30400001</misses>
				<total>5</total>
				<timestamp>1592.352053</timestamp>
			</report>
			<report>
				<misses>30500001</misses>
				<total>6</total>
				<timestamp>1597.589889</timestamp>
			</report>
			<report>
				<misses>30600001</misses>
				<total>6</total>
				<timestamp>1602.827743</timestamp>
			</report>
			<report>
				<misses>30700001</misses>
				<total>6</total>
				<timestamp>1608.065651</timestamp>
			</report>
			<report>
				<misses>30800001</misses>
				<total>5</total>
				<timestamp>1613.303530</timestamp>
			</report>
			<report>
				<misses>30900001</misses>
				<total>5</total>
				<timestamp>1618.541398</timestamp>
			</report>
			<report>
				<misses>31000001</misses>
				<total>5</total>
				<timestamp>1623.779246</timestamp>
			</report>
			<report>
				<misses>31100001</misses>
				<total>5</total>
				<timestamp>1629.017105</timestamp>
			</report>
			<report>
				<misses>31200001</misses>
				<total>6</total>
				<timestamp>1634.254999</timestamp>
			</report>
			<report>
				<misses>31300001</misses>
				<total>6</total>
				<timestamp>1639.492858</timestamp>
			</report>
			<report>
				<misses>31400001</misses>
				<total>5</total>
				<timestamp>1644.732318</timestamp>
			</report>
			<report>
				<misses>31500001</misses>
				<total>5</total>
				<timestamp>1649.970160</timestamp>
			</report>
			<report>
				<misses>31600001</misses>
				<total>6</total>
				<timestamp>1655.207985</timestamp>
			</report>
			<report>
				<misses>31700001</misses>
				<total>5</total>
				<timestamp>1660.445891</timestamp>
			</report>
			<report>
				<misses>31800001</misses>
				<total>6</total>
				<timestamp>1665.683745</timestamp>
			</report>
			<report>
				<misses>31900001</misses>
				<total>6</total>
				<timestamp>1670.921539</timestamp>
			</report>
			<report>
				<misses>32000001</misses>
				<total>5</total>
				<timestamp>1676.159486</timestamp>
			</report>
			<report>
				<misses>32100001</misses>
				<total>6</total>
				<timestamp>1681.397292</timestamp>
			</report>
			<report>
				<misses>32200001</misses>
				<total>6</total>
				<timestamp>1686.635131</timestamp>
			</report>
			<report>
				<misses>32300001</misses>
				<total>6</total>
				<timestamp>1691.872943</timestamp>
			</report>
			<report>
				<misses>32400001</misses>
				<total>5</total>
				<timestamp>1697.110810</timestamp>
			</report>
			<report>
				<misses>32500001</misses>
				<total>6</total>
				<timestamp>1702.348659</timestamp>
			</report>
			<report>
				<misses>32600001</misses>
				<total>6</total>
				<timestamp>1707.588059</timestamp>
			</report>
			<report>
				<misses>32700001</misses>
				<total>5</total>
				<timestamp>1712.826008</timestamp>
			</report>
			<report>
				<misses>32800001</misses>
				<total>6</total>
				<timestamp>1718.063852</timestamp>
			</report>
			<report>
				<misses>32900001</misses>
				<total>5</total>
				<timestamp>1723.301708</timestamp>
			</report>
			<report>
				<misses>33000001</misses>
				<total>6</total>
				<timestamp>1728.539553</timestamp>
			</report>
			<report>
				<misses>33100001</misses>
				<total>6</total>
				<timestamp>1733.777466</timestamp>
			</report>
			<report>
				<misses>33200001</misses>
				<total>6</total>
				<timestamp>1739.015352</timestamp>
			</report>
			<report>
				<misses>33300001</misses>
				<total>5</total>
				<timestamp>1744.253152</timestamp>
			</report>
			<report>
				<misses>33400001</misses>
				<total>6</total>
				<timestamp>1749.491036</timestamp>
			</report>
			<report>
				<misses>33500001</misses>
				<total>5</total>
				<timestamp>1754.728910</timestamp>
			</report>
			<report>
				<misses>33600001</misses>
				<total>6</total>
				<timestamp>1759.966720</timestamp>
			</report>
			<report>
				<misses>33700001</misses>
				<total>6</total>
				<timestamp>1765.206045</timestamp>
			</report>
			<report>
				<misses>33800001</misses>
				<total>6</total>
				<timestamp>1770.443873</timestamp>
			</report>
			<report>
				<misses>33900001</misses>
				<total>5</total>
				<timestamp>1775.681781</timestamp>
			</report>
			<report>
				<misses>34000001</misses>
				<total>5</total>
				<timestamp>1780.919592</timestamp>
			</report>
			<report>
				<misses>34100001</misses>
				<total>6</total>
				<timestamp>1786.157479</timestamp>
			</report>
			<report>
				<misses>34200001</misses>
				<total>6</total>
				<timestamp>1791.395329</timestamp>
			</report>
			<report>
				<misses>34300001</misses>
				<total>5</total>
				<timestamp>1796.633211</timestamp>
			</report>
			<report>
				<misses>34400001</misses>
				<total>5</total>
				<timestamp>1801.871049</timestamp>
			</report>
			<report>
				<misses>34500001</misses>
				<total>6</total>
				<timestamp>1807.108862</timestamp>
			</report>
			<report>
				<misses>34600001</misses>
				<total>6</total>
				<timestamp>1812.346691</timestamp>
			</report>
			<report>
				<misses>34700001</misses>
				<total>5</total>
				<timestamp>1817.584553</timestamp>
			</report>
			<report>
				<misses>34800001</misses>
				<total>5</total>
				<timestamp>1822.822404</timestamp>
			</report>
			<report>
				<misses>34900001</misses>
				<total>5</total>
				<timestamp>1828.061968</timestamp>
			</report>
			<report>
				<misses>35000001</misses>
				<total>6</total>
				<timestamp>1833.299758</timestamp>
			</report>
			<report>
				<misses>35100001</misses>
				<total>6</total>
				<timestamp>1838.537603</timestamp>
			</report>
			<report>
				<misses>35200001</misses>
				<total>5</total>
				<timestamp>1843.775513</timestamp>
			</report>
			<report>
				<misses>35300001</misses>
				<total>6</total>
				<timestamp>1849.013380</timestamp>
			</report>
			<report>
				<misses>35400001</misses>
				<total>5</total>
				<timestamp>1854.251246</timestamp>
			</report>
			<report>
				<misses>35500001</misses>
				<total>5</total>
				<timestamp>1859.489106</timestamp>
			</report>
			<report>
				<misses>35600001</misses>
				<total>6</total>
				<timestamp>1864.726898</timestamp>
			</report>
			<report>
				<misses>35700001</misses>
				<total>6</total>
				<timestamp>1869.964753</timestamp>
			</report>
			<report>
				<misses>35800001</misses>
				<total>6</total>
				<timestamp>1875.202590</timestamp>
			</report>
			<report>
				<misses>35900001</misses>
				<total>5</total>
				<timestamp>1880.440543</timestamp>
			</report>
			<report>
				<misses>36000001</misses>
				<total>6</total>
				<timestamp>1885.679894</timestamp>
			</report>
			<report>
				<misses>36100001</misses>
				<total>6</total>
				<timestamp>1890.917737</timestamp>
			</report>
			<report>
				<misses>36200001</misses>
				<total>6</total>
				<timestamp>1896.155669</timestamp>
			</report>
			<report>
				<misses>36300001</misses>
				<total>5</total>
				<timestamp>1901.393552</timestamp>
			</report>
			<report>
				<misses>36400001</misses>
				<total>5</total>
				<timestamp>1906.631401</timestamp>
			</report>
			<report>
				<misses>36500001</misses>
				<total>6</total>
				<timestamp>1911.869191</timestamp>
			</report>
			<report>
				<misses>36600001</misses>
				<total>6</total>
				<timestamp>1917.107045</timestamp>
			</report>
			<report>
				<misses>36700001</misses>
				<total>5</total>
				<timestamp>1922.344855</timestamp>
			</report>
			<report>
				<misses>36800001</misses>
				<total>6</total>
				<timestamp>1927.582691</timestamp>
			</report>
			<report>
				<misses>36900001</misses>
				<total>6</total>
				<timestamp>1932.820602</timestamp>
			</report>
			<report>
				<misses>37000001</misses>
				<total>6</total>
				<timestamp>1938.058417</timestamp>
			</report>
			<report>
				<misses>37100001</misses>
				<total>6</total>
				<timestamp>1943.297902</timestamp>
			</report>
			<report>
				<misses>37200001</misses>
				<total>6</total>
				<timestamp>1948.535724</timestamp>
			</report>
			<report>
				<misses>37300001</misses>
				<total>6</total>
				<timestamp>1953.773515</timestamp>
			</report>
			<report>
				<misses>37400001</misses>
				<total>5</total>
				<timestamp>1959.011373</timestamp>
			</report>
			<report>
				<misses>37500001</misses>
				<total>5</total>
				<timestamp>1964.249246</timestamp>
			</report>
			<report>
				<misses>37600001</misses>
				<total>5</total>
				<timestamp>1969.487090</timestamp>
			</report>
			<report>
				<misses>37700001</misses>
				<total>5</total>
				<timestamp>1974.725003</timestamp>
			</report>
			<report>
				<misses>37800001</misses>
				<total>6</total>
				<timestamp>1979.962834</timestamp>
			</report>
			<report>
				<misses>37900001</misses>
				<total>5</total>
				<timestamp>1985.200733</timestamp>
			</report>
			<report>
				<misses>38000001</misses>
				<total>6</total>
				<timestamp>1990.438561</timestamp>
			</report>
			<report>
				<misses>38100001</misses>
				<total>5</total>
				<timestamp>1995.676473</timestamp>
			</report>
			<report>
				<misses>38200001</misses>
				<total>6</total>
				<timestamp>2000.914307</timestamp>
			</report>
			<report>
				<misses>38300001</misses>
				<total>5</total>
				<timestamp>2006.153711</timestamp>
			</report>
			<report>
				<misses>38400001</misses>
				<total>5</total>
				<timestamp>2011.391621</timestamp>
			</report>
			<report>
				<misses>38500001</misses>
				<total>5</total>
				<timestamp>2016.629546</timestamp>
			</report>
			<report>
				<misses>38600001</misses>
				<total>6</total>
				<timestamp>2021.867378</timestamp>
			</report>
			<report>
				<misses>38700001</misses>
				<total>6</total>
				<timestamp>2027.105222</timestamp>
			</report>
			<report>
				<misses>38800001</misses>
				<total>5</total>
				<timestamp>2032.343141</timestamp>
			</report>
			<report>
				<misses>38900001</misses>
				<total>5</total>
				<timestamp>2037.581016</timestamp>
			</report>
			<report>
				<misses>39000001</misses>
				<total>6</total>
				<timestamp>2042.818857</timestamp>
			</report>
			<report>
				<misses>39100001</misses>
				<total>5</total>
				<timestamp>2048.056653</timestamp>
			</report>
			<report>
				<misses>39200001</misses>
				<total>5</total>
				<timestamp>2053.294469</timestamp>
			</report>
			<report>
				<misses>39300001</misses>
				<total>5</total>
				<timestamp>2058.532328</timestamp>
			</report>
			<report>
				<misses>39400001</misses>
				<total>5</total>
				<timestamp>2063.771749</timestamp>
			</report>
			<report>
				<misses>39500001</misses>
				<total>6</total>
				<timestamp>2069.009541</timestamp>
			</report>
			<report>
				<misses>39600001</misses>
				<total>5</total>
				<timestamp>2074.247368</timestamp>
			</report>
			<report>
				<misses>39700001</misses>
				<total>6</total>
				<timestamp>2079.485188</timestamp>
			</report>
			<report>
				<misses>39800001</misses>
				<total>6</total>
				<timestamp>2084.723039</timestamp>
			</report>
			<report>
				<misses>39900001</misses>
				<total>5</total>
				<timestamp>2089.960857</timestamp>
			</report>
			<report>
				<misses>40000001</misses>
				<total>5</total>
				<timestamp>2095.198794</timestamp>
			</report>
			<report>
				<misses>40100001</misses>
				<total>6</total>
				<timestamp>2100.436584</timestamp>
			</report>
			<report>
				<misses>40200001</misses>
				<total>6</total>
				<timestamp>2105.674428</timestamp>
			</report>
			<report>
				<misses>40300001</misses>
				<total>5</total>
				<timestamp>2110.912306</timestamp>
			</report>
			<report>
				<misses>40400001</misses>
				<total>5</total>
				<timestamp>2116.150161</timestamp>
			</report>
			<report>
				<misses>40500001</misses>
				<total>5</total>
				<timestamp>2121.388023</timestamp>
			</report>
			<report>
				<misses>40600001</misses>
				<total>5</total>
				<timestamp>2126.627564</timestamp>
			</report>
			<report>
				<misses>40700001</misses>
				<total>5</total>
				<timestamp>2131.865430</timestamp>
			</report>
			<report>
				<misses>40800001</misses>
				<total>6</total>
				<timestamp>2137.103269</timestamp>
			</report>
			<report>
				<misses>40900001</misses>
				<total>6</total>
				<timestamp>2142.341136</timestamp>
			</report>
			<report>
				<misses>41000001</misses>
				<total>6</total>
				<timestamp>2147.578993</timestamp>
			</report>
			<report>
				<misses>41100001</misses>
				<total>5</total>
				<timestamp>2152.816812</timestamp>
			</report>
			<report>
				<misses>41200001</misses>
				<total>6</total>
				<timestamp>2158.054669</timestamp>
			</report>
			<report>
				<misses>41300001</misses>
				<total>6</total>
				<timestamp>2163.292497</timestamp>
			</report>
			<report>
				<misses>41400001</misses>
				<total>5</total>
				<timestamp>2168.530369</timestamp>
			</report>
			<report>
				<misses>41500001</misses>
				<total>6</total>
				<timestamp>2173.768203</timestamp>
			</report>
			<report>
				<misses>41600001</misses>
				<total>5</total>
				<timestamp>2179.006061</timestamp>
			</report>
			<report>
				<misses>41700001</misses>
				<total>6</total>
				<timestamp>2184.245358</timestamp>
			</report>
			<report>
				<misses>41800001</misses>
				<total>6</total>
				<timestamp>2189.483190</timestamp>
			</report>
			<report>
				<misses>41900001</misses>
				<total>5</total>
				<timestamp>2194.721077</timestamp>
			</report>
			<report>
				<misses>42000001</misses>
				<total>5</total>
				<timestamp>2199.958937</timestamp>
			</report>
			<report>
				<misses>42100001</misses>
				<total>6</total>
				<timestamp>2205.196821</timestamp>
			</report>
			<report>
				<misses>42200001</misses>
				<total>6</total>
				<timestamp>2210.434691</timestamp>
			</report>
			<report>
				<misses>42300001</misses>
				<total>5</total>
				<timestamp>2215.672599</timestamp>
			</report>
			<report>
				<misses>42400001</misses>
				<total>5</total>
				<timestamp>2220.910419</timestamp>
			</report>
			<report>
				<misses>42500001</misses>
				<total>6</total>
				<timestamp>2226.148289</timestamp>
			</report>
			<report>
				<misses>42600001</misses>
				<total>6</total>
				<timestamp>2231.386079</timestamp>
			</report>
			<report>
				<misses>42700001</misses>
				<total>6</total>
				<timestamp>2236.624044</timestamp>
			</report>
			<report>
				<misses>42800001</misses>
				<total>6</total>
				<timestamp>2241.861871</timestamp>
			</report>
			<report>
				<misses>42900001</misses>
				<total>6</total>
				<timestamp>2247.101195</timestamp>
			</report>
			<report>
				<misses>43000001</misses>
				<total>6</total>
				<timestamp>2252.339025</timestamp>
			</report>
			<report>
				<misses>43100001</misses>
				<total>6</total>
				<timestamp>2257.576878</timestamp>
			</report>
			<report>
				<misses>43200001</misses>
				<total>6</total>
				<timestamp>2262.814727</timestamp>
			</report>
			<report>
				<misses>43300001</misses>
				<total>5</total>
				<timestamp>2268.052546</timestamp>
			</report>
			<report>
				<misses>43400001</misses>
				<total>6</total>
				<timestamp>2273.290421</timestamp>
			</report>
			<report>
				<misses>43500001</misses>
				<total>5</total>
				<timestamp>2278.528240</timestamp>
			</report>
			<report>
				<misses>43600001</misses>
				<total>6</total>
				<timestamp>2283.766093</timestamp>
			</report>
			<report>
				<misses>43700001</misses>
				<total>6</total>
				<timestamp>2289.003895</timestamp>
			</report>
			<report>
				<misses>43800001</misses>
				<total>5</total>
				<timestamp>2294.241775</timestamp>
			</report>
			<report>
				<misses>43900001</misses>
				<total>6</total>
				<timestamp>2299.479650</timestamp>
			</report>
			<report>
				<misses>44000001</misses>
				<total>7</total>
				<timestamp>2304.719051</timestamp>
			</report>
			<report>
				<misses>44100001</misses>
				<total>7</total>
				<timestamp>2309.956920</timestamp>
			</report>
			<report>
				<misses>44200001</misses>
				<total>6</total>
				<timestamp>2315.194905</timestamp>
			</report>
			<report>
				<misses>44300001</misses>
				<total>6</total>
				<timestamp>2320.432774</timestamp>
			</report>
			<report>
				<misses>44400001</misses>
				<total>7</total>
				<timestamp>2325.670619</timestamp>
			</report>
			<report>
				<misses>44500001</misses>
				<total>7</total>
				<timestamp>2330.908478</timestamp>
			</report>
			<report>
				<misses>44600001</misses>
				<total>7</total>
				<timestamp>2336.146295</timestamp>
			</report>
			<report>
				<misses>44700001</misses>
				<total>6</total>
				<timestamp>2341.384115</timestamp>
			</report>
			<report>
				<misses>44800001</misses>
				<total>6</total>
				<timestamp>2346.621944</timestamp>
			</report>
			<report>
				<misses>44900001</misses>
				<total>6</total>
				<timestamp>2351.859790</timestamp>
			</report>
			<report>
				<misses>45000001</misses>
				<total>7</total>
				<timestamp>2357.097609</timestamp>
			</report>
			<report>
				<misses>45100001</misses>
				<total>6</total>
				<timestamp>2362.335467</timestamp>
			</report>
			<report>
				<misses>45200001</misses>
				<total>7</total>
				<timestamp>2367.574878</timestamp>
			</report>
			<report>
				<misses>45300001</misses>
				<total>7</total>
				<timestamp>2372.812720</timestamp>
			</report>
			<report>
				<misses>45400001</misses>
				<total>6</total>
				<timestamp>2378.050568</timestamp>
			</report>
			<report>
				<misses>45500001</misses>
				<total>6</total>
				<timestamp>2383.288449</timestamp>
			</report>
			<report>
				<misses>45600001</misses>
				<total>6</total>
				<timestamp>2388.526351</timestamp>
			</report>
			<report>
				<misses>45700001</misses>
				<total>6</total>
				<timestamp>2393.764272</timestamp>
			</report>
			<report>
				<misses>45800001</misses>
				<total>7</total>
				<timestamp>2399.002132</timestamp>
			</report>
			<report>
				<misses>45900001</misses>
				<total>6</total>
				<timestamp>2404.240101</timestamp>
			</report>
			<report>
				<misses>46000001</misses>
				<total>6</total>
				<timestamp>2409.477947</timestamp>
			</report>
			<report>
				<misses>46100001</misses>
				<total>7</total>
				<timestamp>2414.715879</timestamp>
			</report>
			<report>
				<misses>46200001</misses>
				<total>6</total>
				<timestamp>2419.953700</timestamp>
			</report>
			<report>
				<misses>46300001</misses>
				<total>6</total>
				<timestamp>2425.193160</timestamp>
			</report>
			<report>
				<misses>46400001</misses>
				<total>6</total>
				<timestamp>2430.431081</timestamp>
			</report>
			<report>
				<misses>46500001</misses>
				<total>7</total>
				<timestamp>2435.668950</timestamp>
			</report>
			<report>
				<misses>46600001</misses>
				<total>6</total>
				<timestamp>2440.906814</timestamp>
			</report>
			<report>
				<misses>46700001</misses>
				<total>6</total>
				<timestamp>2446.144608</timestamp>
			</report>
			<report>
				<misses>46800001</misses>
				<total>7</total>
				<timestamp>2451.382502</timestamp>
			</report>
			<report>
				<misses>46900001</misses>
				<total>7</total>
				<timestamp>2456.620338</timestamp>
			</report>
			<report>
				<misses>47000001</misses>
				<total>6</total>
				<timestamp>2461.858213</timestamp>
			</report>
			<report>
				<misses>47100001</misses>
				<total>6</total>
				<timestamp>2467.096087</timestamp>
			</report>
			<report>
				<misses>47200001</misses>
				<total>7</total>
				<timestamp>2472.333878</timestamp>
			</report>
			<report>
				<misses>47300001</misses>
				<total>6</total>
				<timestamp>2477.571717</timestamp>
			</report>
			<report>
				<misses>47400001</misses>
				<total>7</total>
				<timestamp>2482.809591</timestamp>
			</report>
			<report>
				<misses>47500001</misses>
				<total>6</total>
				<timestamp>2488.048927</timestamp>
			</report>
			<report>
				<misses>47600001</misses>
				<total>7</total>
				<timestamp>2493.286827</timestamp>
			</report>
			<report>
				<misses>47700001</misses>
				<total>6</total>
				<timestamp>2498.524662</timestamp>
			</report>
			<report>
				<misses>47800001</misses>
				<total>7</total>
				<timestamp>2503.762486</timestamp>
			</report>
			<report>
				<misses>47900001</misses>
				<total>7</total>
				<timestamp>2509.000338</timestamp>
			</report>
			<report>
				<misses>48000001</misses>
				<total>6</total>
				<timestamp>2514.238187</timestamp>
			</report>
			<report>
				<misses>48100001</misses>
				<total>6</total>
				<timestamp>2519.476086</timestamp>
			</report>
			<report>
				<misses>48200001</misses>
				<total>7</total>
				<timestamp>2524.714015</timestamp>
			</report>
			<report>
				<misses>48300001</misses>
				<total>6</total>
				<timestamp>2529.951837</timestamp>
			</report>
			<report>
				<misses>48400001</misses>
				<total>6</total>
				<timestamp>2535.189641</timestamp>
			</report>
			<report>
				<misses>48500001</misses>
				<total>7</total>
				<timestamp>2540.427448</timestamp>
			</report>
			<report>
				<misses>48600001</misses>
				<total>7</total>
				<timestamp>2545.666903</timestamp>
			</report>
			<report>
				<misses>48700001</misses>
				<total>7</total>
				<timestamp>2550.904741</timestamp>
			</report>
			<report>
				<misses>48800001</misses>
				<total>7</total>
				<timestamp>2556.142671</timestamp>
			</report>
			<report>
				<misses>48900001</misses>
				<total>7</total>
				<timestamp>2561.380533</timestamp>
			</report>
			<report>
				<misses>49000001</misses>
				<total>6</total>
				<timestamp>2566.618455</timestamp>
			</report>
			<report>
				<misses>49100001</misses>
				<total>8</total>
				<timestamp>2571.856331</timestamp>
			</report>
			<report>
				<misses>49200001</misses>
				<total>7</total>
				<timestamp>2577.094261</timestamp>
			</report>
			<report>
				<misses>49300001</misses>
				<total>8</total>
				<timestamp>2582.332098</timestamp>
			</report>
			<report>
				<misses>49400001</misses>
				<total>7</total>
				<timestamp>2587.569965</timestamp>
			</report>
			<report>
				<misses>49500001</misses>
				<total>7</total>
				<timestamp>2592.807825</timestamp>
			</report>
			<report>
				<misses>49600001</misses>
				<total>7</total>
				<timestamp>2598.045690</timestamp>
			</report>
			<report>
				<misses>49700001</misses>
				<total>8</total>
				<timestamp>2603.285149</timestamp>
			</report>
			<report>
				<misses>49800001</misses>
				<total>7</total>
				<timestamp>2608.523018</timestamp>
			</report>
			<report>
				<misses>49900001</misses>
				<total>7</total>
				<timestamp>2613.760869</timestamp>
			</report>
			<report>
				<misses>50000001</misses>
				<total>8</total>
				<timestamp>2618.998768</timestamp>
			</report>
			<report>
				<misses>50100001</misses>
				<total>7</total>
				<timestamp>2624.236607</timestamp>
			</report>
			<report>
				<misses>50200001</misses>
				<total>8</total>
				<timestamp>2629.474471</timestamp>
			</report>
			<report>
				<misses>50300001</misses>
				<total>7</total>
				<timestamp>2634.712365</timestamp>
			</report>
			<report>
				<misses>50400001</misses>
				<total>8</total>
				<timestamp>2639.950191</timestamp>
			</report>
			<report>
				<misses>50500001</misses>
				<total>7</total>
				<timestamp>2645.188068</timestamp>
			</report>
			<report>
				<misses>50600001</misses>
				<total>8</total>
				<timestamp>2650.425863</timestamp>
			</report>
			<report>
				<misses>50700001</misses>
				<total>8</total>
				<timestamp>2655.663792</timestamp>
			</report>
			<report>
				<misses>50800001</misses>
				<total>8</total>
				<timestamp>2660.901619</timestamp>
			</report>
			<report>
				<misses>50900001</misses>
				<total>7</total>
				<timestamp>2666.140984</timestamp>
			</report>
			<report>
				<misses>51000001</misses>
				<total>8</total>
				<timestamp>2671.378819</timestamp>
			</report>
			<report>
				<misses>51100001</misses>
				<total>7</total>
				<timestamp>2676.616841</timestamp>
			</report>
			<report>
				<misses>51200001</misses>
				<total>7</total>
				<timestamp>2681.854705</timestamp>
			</report>
			<report>
				<misses>51300001</misses>
				<total>7</total>
				<timestamp>2687.092571</timestamp>
			</report>
			<report>
				<misses>51400001</misses>
				<total>8</total>
				<timestamp>2692.330431</timestamp>
			</report>
			<report>
				<misses>51500001</misses>
				<total>7</total>
				<timestamp>2697.568388</timestamp>
			</report>
			<report>
				<misses>51600001</misses>
				<total>7</total>
				<timestamp>2702.806215</timestamp>
			</report>
			<report>
				<misses>51700001</misses>
				<total>7</total>
				<timestamp>2708.044052</timestamp>
			</report>
			<report>
				<misses>51800001</misses>
				<total>8</total>
				<timestamp>2713.281853</timestamp>
			</report>
			<report>
				<misses>51900001</misses>
				<total>7</total>
				<timestamp>2718.519709</timestamp>
			</report>
			<report>
				<misses>52000001</misses>
				<total>8</total>
				<timestamp>2723.759118</timestamp>
			</report>
			<report>
				<misses>52100001</misses>
				<total>7</total>
				<timestamp>2728.997033</timestamp>
			</report>
			<report>
				<misses>52200001</misses>
				<total>7</total>
				<timestamp>2734.234910</timestamp>
			</report>
			<report>
				<misses>52300001</misses>
				<total>7</total>
				<timestamp>2739.472823</timestamp>
			</report>
			<report>
				<misses>52400001</misses>
				<total>8</total>
				<timestamp>2744.710725</timestamp>
			</report>
			<report>
				<misses>52500001</misses>
				<total>7</total>
				<timestamp>2749.948546</timestamp>
			</report>
			<report>
				<misses>52600001</misses>
				<total>8</total>
				<timestamp>2755.186384</timestamp>
			</report>
			<report>
				<misses>52700001</misses>
				<total>7</total>
				<timestamp>2760.424196</timestamp>
			</report>
			<report>
				<misses>52800001</misses>
				<total>7</total>
				<timestamp>2765.662075</timestamp>
			</report>
			<report>
				<misses>52900001</misses>
				<total>8</total>
				<timestamp>2770.899878</timestamp>
			</report>
			<report>
				<misses>53000001</misses>
				<total>7</total>
				<timestamp>2776.137715</timestamp>
			</report>
			<report>
				<misses>53100001</misses>
				<total>7</total>
				<timestamp>2781.375646</timestamp>
			</report>
			<report>
				<misses>53200001</misses>
				<total>8</total>
				<timestamp>2786.615016</timestamp>
			</report>
			<report>
				<misses>53300001</misses>
				<total>8</total>
				<timestamp>2791.852866</timestamp>
			</report>
			<report>
				<misses>53400001</misses>
				<total>7</total>
				<timestamp>2797.090770</timestamp>
			</report>
			<report>
				<misses>53500001</misses>
				<total>8</total>
				<timestamp>2802.328628</timestamp>
			</report>
			<report>
				<misses>53600001</misses>
				<total>8</total>
				<timestamp>2807.566591</timestamp>
			</report>
			<report>
				<misses>53700001</misses>
				<total>8</total>
				<timestamp>2812.804506</timestamp>
			</report>
			<report>
				<misses>53800001</misses>
				<total>7</total>
				<timestamp>2818.042386</timestamp>
			</report>
			<report>
				<misses>53900001</misses>
				<total>7</total>
				<timestamp>2823.280237</timestamp>
			</report>
			<report>
				<misses>54000001</misses>
				<total>8</total>
				<timestamp>2828.518020</timestamp>
			</report>
			<report>
				<misses>54100001</misses>
				<total>7</total>
				<timestamp>2833.755903</timestamp>
			</report>
			<report>
				<misses>54200001</misses>
				<total>8</total>
				<timestamp>2838.993813</timestamp>
			</report>
			<report>
				<misses>54300001</misses>
				<total>7</total>
				<timestamp>2844.233189</timestamp>
			</report>
			<report>
				<misses>54400001</misses>
				<total>7</total>
				<timestamp>2849.470999</timestamp>
			</report>
			<report>
				<misses>54500001</misses>
				<total>8</total>
				<timestamp>2854.708830</timestamp>
			</report>
			<report>
				<misses>54600001</misses>
				<total>8</total>
				<timestamp>2859.946704</timestamp>
			</report>
			<report>
				<misses>54700001</misses>
				<total>7</total>
				<timestamp>2865.184588</timestamp>
			</report>
			<report>
				<misses>54800001</misses>
				<total>8</total>
				<timestamp>2870.422439</timestamp>
			</report>
			<report>
				<misses>54900001</misses>
				<total>8</total>
				<timestamp>2875.660291</timestamp>
			</report>
			<report>
				<misses>55000001</misses>
				<total>8</total>
				<timestamp>2880.898076</timestamp>
			</report>
			<report>
				<misses>55100001</misses>
				<total>7</total>
				<timestamp>2886.135960</timestamp>
			</report>
			<report>
				<misses>55200001</misses>
				<total>8</total>
				<timestamp>2891.373739</timestamp>
			</report>
			<report>
				<misses>55300001</misses>
				<total>8</total>
				<timestamp>2896.611537</timestamp>
			</report>
			<report>
				<misses>55400001</misses>
				<total>8</total>
				<timestamp>2901.849357</timestamp>
			</report>
			<report>
				<misses>55500001</misses>
				<total>8</total>
				<timestamp>2907.088691</timestamp>
			</report>
			<report>
				<misses>55600001</misses>
				<total>7</total>
				<timestamp>2912.326519</timestamp>
			</report>
			<report>
				<misses>55700001</misses>
				<total>8</total>
				<timestamp>2917.564298</timestamp>
			</report>
			<report>
				<misses>55800001</misses>
				<total>8</total>
				<timestamp>2922.802206</timestamp>
			</report>
			<report>
				<misses>55900001</misses>
				<total>8</total>
				<timestamp>2928.040035</timestamp>
			</report>
			<report>
				<misses>56000001</misses>
				<total>8</total>
				<timestamp>2933.277879</timestamp>
			</report>
			<report>
				<misses>56100001</misses>
				<total>8</total>
				<timestamp>2938.515741</timestamp>
			</report>
			<report>
				<misses>56200001</misses>
				<total>7</total>
				<timestamp>2943.753639</timestamp>
			</report>
			<report>
				<misses>56300001</misses>
				<total>7</total>
				<timestamp>2948.991566</timestamp>
			</report>
			<report>
				<misses>56400001</misses>
				<total>7</total>
				<timestamp>2954.229465</timestamp>
			</report>
			<report>
				<misses>56500001</misses>
				<total>7</total>
				<timestamp>2959.467386</timestamp>
			</report>
			<report>
				<misses>56600001</misses>
				<total>7</total>
				<timestamp>2964.706703</timestamp>
			</report>
			<report>
				<misses>56700001</misses>
				<total>7</total>
				<timestamp>2969.944536</timestamp>
			</report>
			<report>
				<misses>56800001</misses>
				<total>8</total>
				<timestamp>2975.182330</timestamp>
			</report>
			<report>
				<misses>56900001</misses>
				<total>8</total>
				<timestamp>2980.420193</timestamp>
			</report>
			<report>
				<misses>57000001</misses>
				<total>8</total>
				<timestamp>2985.658154</timestamp>
			</report>
			<report>
				<misses>57100001</misses>
				<total>7</total>
				<timestamp>2990.895948</timestamp>
			</report>
			<report>
				<misses>57200001</misses>
				<total>8</total>
				<timestamp>2996.133822</timestamp>
			</report>
			<report>
				<misses>57300001</misses>
				<total>7</total>
				<timestamp>3001.371643</timestamp>
			</report>
			<report>
				<misses>57400001</misses>
				<total>7</total>
				<timestamp>3006.609505</timestamp>
			</report>
			<report>
				<misses>57500001</misses>
				<total>7</total>
				<timestamp>3011.847334</timestamp>
			</report>
			<report>
				<misses>57600001</misses>
				<total>8</total>
				<timestamp>3017.085259</timestamp>
			</report>
			<report>
				<misses>57700001</misses>
				<total>8</total>
				<timestamp>3022.323101</timestamp>
			</report>
			<report>
				<misses>57800001</misses>
				<total>7</total>
				<timestamp>3027.562607</timestamp>
			</report>
			<report>
				<misses>57900001</misses>
				<total>7</total>
				<timestamp>3032.800403</timestamp>
			</report>
			<report>
				<misses>58000001</misses>
				<total>8</total>
				<timestamp>3038.038250</timestamp>
			</report>
			<report>
				<misses>58100001</misses>
				<total>8</total>
				<timestamp>3043.276098</timestamp>
			</report>
			<report>
				<misses>58200001</misses>
				<total>7</total>
				<timestamp>3048.513930</timestamp>
			</report>
			<report>
				<misses>58300001</misses>
				<total>7</total>
				<timestamp>3053.751790</timestamp>
			</report>
			<report>
				<misses>58400001</misses>
				<total>8</total>
				<timestamp>3058.989641</timestamp>
			</report>
			<report>
				<misses>58500001</misses>
				<total>8</total>
				<timestamp>3064.227505</timestamp>
			</report>
			<report>
				<misses>58600001</misses>
				<total>8</total>
				<timestamp>3069.465396</timestamp>
			</report>
			<report>
				<misses>58700001</misses>
				<total>8</total>
				<timestamp>3074.703241</timestamp>
			</report>
			<report>
				<misses>58800001</misses>
				<total>7</total>
				<timestamp>3079.941221</timestamp>
			</report>
			<report>
				<misses>58900001</misses>
				<total>7</total>
				<timestamp>3085.180584</timestamp>
			</report>
			<report>
				<misses>59000001</misses>
				<total>7</total>
				<timestamp>3090.418475</timestamp>
			</report>
			<report>
				<misses>59100001</misses>
				<total>7</total>
				<timestamp>3095.656408</timestamp>
			</report>
			<report>
				<misses>59200001</misses>
				<total>8</total>
				<timestamp>3100.894234</timestamp>
			</report>
			<report>
				<misses>59300001</misses>
				<total>8</total>
				<timestamp>3106.132062</timestamp>
			</report>
			<report>
				<misses>59400001</misses>
				<total>7</total>
				<timestamp>3111.369873</timestamp>
			</report>
			<report>
				<misses>59500001</misses>
				<total>7</total>
				<timestamp>3116.607780</timestamp>
			</report>
			<report>
				<misses>59600001</misses>
				<total>8</total>
				<timestamp>3121.845586</timestamp>
			</report>
			<report>
				<misses>59700001</misses>
				<total>8</total>
				<timestamp>3127.083376</timestamp>
			</report>
			<report>
				<misses>59800001</misses>
				<total>7</total>
				<timestamp>3132.321322</timestamp>
			</report>
			<report>
				<misses>59900001</misses>
				<total>7</total>
				<timestamp>3137.559189</timestamp>
			</report>
			<report>
				<misses>60000001</misses>
				<total>7</total>
				<timestamp>3142.797063</timestamp>
			</report>
			<report>
				<misses>60100001</misses>
				<total>8</total>
				<timestamp>3148.036465</timestamp>
			</report>
			<report>
				<misses>60200001</misses>
				<total>8</total>
				<timestamp>3153.274264</timestamp>
			</report>
			<report>
				<misses>60300001</misses>
				<total>8</total>
				<timestamp>3158.512121</timestamp>
			</report>
			<report>
				<misses>60400001</misses>
				<total>7</total>
				<timestamp>3163.749975</timestamp>
			</report>
			<report>
				<misses>60500001</misses>
				<total>7</total>
				<timestamp>3168.987845</timestamp>
			</report>
			<report>
				<misses>60600001</misses>
				<total>8</total>
				<timestamp>3174.225690</timestamp>
			</report>
			<report>
				<misses>60700001</misses>
				<total>7</total>
				<timestamp>3179.463595</timestamp>
			</report>
			<report>
				<misses>60800001</misses>
				<total>8</total>
				<timestamp>3184.701449</timestamp>
			</report>
			<report>
				<misses>60900001</misses>
				<total>8</total>
				<timestamp>3189.939293</timestamp>
			</report>
			<report>
				<misses>61000001</misses>
				<total>8</total>
				<timestamp>3195.177173</timestamp>
			</report>
			<report>
				<misses>61100001</misses>
				<total>8</total>
				<timestamp>3200.415006</timestamp>
			</report>
			<report>
				<misses>61200001</misses>
				<total>7</total>
				<timestamp>3205.654378</timestamp>
			</report>
			<report>
				<misses>61300001</misses>
				<total>8</total>
				<timestamp>3210.892220</timestamp>
			</report>
			<report>
				<misses>61400001</misses>
				<total>8</total>
				<timestamp>3216.130087</timestamp>
			</report>
			<report>
				<misses>61500001</misses>
				<total>7</total>
				<timestamp>3221.367926</timestamp>
			</report>
			<report>
				<misses>61600001</misses>
				<total>8</total>
				<timestamp>3226.605748</timestamp>
			</report>
			<report>
				<misses>61700001</misses>
				<total>8</total>
				<timestamp>3231.843569</timestamp>
			</report>
			<report>
				<misses>61800001</misses>
				<total>7</total>
				<timestamp>3237.081389</timestamp>
			</report>
			<report>
				<misses>61900001</misses>
				<total>7</total>
				<timestamp>3242.319224</timestamp>
			</report>
			<report>
				<misses>62000001</misses>
				<total>7</total>
				<timestamp>3247.557134</timestamp>
			</report>
			<report>
				<misses>62100001</misses>
				<total>8</total>
				<timestamp>3252.794946</timestamp>
			</report>
			<report>
				<misses>62200001</misses>
				<total>7</total>
				<timestamp>3258.032749</timestamp>
			</report>
			<report>
				<misses>62300001</misses>
				<total>7</total>
				<timestamp>3263.272135</timestamp>
			</report>
			<report>
				<misses>62400001</misses>
				<total>7</total>
				<timestamp>3268.509988</timestamp>
			</report>
			<report>
				<misses>62500001</misses>
				<total>8</total>
				<timestamp>3273.747784</timestamp>
			</report>
			<report>
				<misses>62600001</misses>
				<total>7</total>
				<timestamp>3278.985659</timestamp>
			</report>
			<report>
				<misses>62700001</misses>
				<total>7</total>
				<timestamp>3284.223475</timestamp>
			</report>
			<report>
				<misses>62800001</misses>
				<total>7</total>
				<timestamp>3289.461346</timestamp>
			</report>
			<report>
				<misses>62900001</misses>
				<total>7</total>
				<timestamp>3294.699157</timestamp>
			</report>
			<report>
				<misses>63000001</misses>
				<total>7</total>
				<timestamp>3299.936980</timestamp>
			</report>
			<report>
				<misses>63100001</misses>
				<total>8</total>
				<timestamp>3305.174852</timestamp>
			</report>
			<report>
				<misses>63200001</misses>
				<total>8</total>
				<timestamp>3310.412722</timestamp>
			</report>
			<report>
				<misses>63300001</misses>
				<total>8</total>
				<timestamp>3315.650588</timestamp>
			</report>
			<report>
				<misses>63400001</misses>
				<total>7</total>
				<timestamp>3320.888431</timestamp>
			</report>
			<report>
				<misses>63500001</misses>
				<total>8</total>
				<timestamp>3326.127950</timestamp>
			</report>
			<report>
				<misses>63600001</misses>
				<total>8</total>
				<timestamp>3331.365754</timestamp>
			</report>
			<report>
				<misses>63700001</misses>
				<total>8</total>
				<timestamp>3336.603553</timestamp>
			</report>
			<report>
				<misses>63800001</misses>
				<total>8</total>
				<timestamp>3341.841359</timestamp>
			</report>
			<report>
				<misses>63900001</misses>
				<total>7</total>
				<timestamp>3347.079223</timestamp>
			</report>
			<report>
				<misses>64000001</misses>
				<total>7</total>
				<timestamp>3352.317071</timestamp>
			</report>
			<report>
				<misses>64100001</misses>
				<total>8</total>
				<timestamp>3357.554933</timestamp>
			</report>
			<report>
				<misses>64200001</misses>
				<total>7</total>
				<timestamp>3362.792782</timestamp>
			</report>
			<report>
				<misses>64300001</misses>
				<total>7</total>
				<timestamp>3368.030659</timestamp>
			</report>
			<report>
				<misses>64400001</misses>
				<total>8</total>
				<timestamp>3373.268526</timestamp>
			</report>
			<report>
				<misses>64500001</misses>
				<total>7</total>
				<timestamp>3378.506339</timestamp>
			</report>
			<report>
				<misses>64600001</misses>
				<total>7</total>
				<timestamp>3383.745642</timestamp>
			</report>
			<report>
				<misses>64700001</misses>
				<total>8</total>
				<timestamp>3388.983423</timestamp>
			</report>
			<report>
				<misses>64800001</misses>
				<total>8</total>
				<timestamp>3394.221234</timestamp>
			</report>
			<report>
				<misses>64900001</misses>
				<total>8</total>
				<timestamp>3399.459017</timestamp>
			</report>
			<report>
				<misses>65000001</misses>
				<total>8</total>
				<timestamp>3404.696853</timestamp>
			</report>
			<report>
				<misses>65100001</misses>
				<total>7</total>
				<timestamp>3409.934736</timestamp>
			</report>
			<report>
				<misses>65200001</misses>
				<total>8</total>
				<timestamp>3415.172577</timestamp>
			</report>
			<report>
				<misses>65300001</misses>
				<total>8</total>
				<timestamp>3420.410464</timestamp>
			</report>
			<report>
				<misses>65400001</misses>
				<total>7</total>
				<timestamp>3425.648353</timestamp>
			</report>
			<report>
				<misses>65500001</misses>
				<total>7</total>
				<timestamp>3430.886309</timestamp>
			</report>
			<report>
				<misses>65600001</misses>
				<total>8</total>
				<timestamp>3436.124123</timestamp>
			</report>
			<report>
				<misses>65700001</misses>
				<total>8</total>
				<timestamp>3441.361926</timestamp>
			</report>
			<report>
				<misses>65800001</misses>
				<total>7</total>
				<timestamp>3446.601278</timestamp>
			</report>
			<report>
				<misses>65900001</misses>
				<total>7</total>
				<timestamp>3451.839141</timestamp>
			</report>
			<report>
				<misses>66000001</misses>
				<total>7</total>
				<timestamp>3457.077103</timestamp>
			</report>
			<report>
				<misses>66100001</misses>
				<total>8</total>
				<timestamp>3462.314981</timestamp>
			</report>
			<report>
				<misses>66200001</misses>
				<total>8</total>
				<timestamp>3467.552874</timestamp>
			</report>
			<report>
				<misses>66300001</misses>
				<total>7</total>
				<timestamp>3472.790684</timestamp>
			</report>
			<report>
				<misses>66400001</misses>
				<total>8</total>
				<timestamp>3478.028548</timestamp>
			</report>
			<report>
				<misses>66500001</misses>
				<total>7</total>
				<timestamp>3483.266398</timestamp>
			</report>
			<report>
				<misses>66600001</misses>
				<total>7</total>
				<timestamp>3488.504198</timestamp>
			</report>
			<report>
				<misses>66700001</misses>
				<total>7</total>
				<timestamp>3493.742004</timestamp>
			</report>
			<report>
				<misses>66800001</misses>
				<total>8</total>
				<timestamp>3498.979825</timestamp>
			</report>
			<report>
				<misses>66900001</misses>
				<total>8</total>
				<timestamp>3504.219346</timestamp>
			</report>
			<report>
				<misses>67000001</misses>
				<total>7</total>
				<timestamp>3509.457181</timestamp>
			</report>
			<report>
				<misses>67100001</misses>
				<total>7</total>
				<timestamp>3514.695044</timestamp>
			</report>
			<report>
				<misses>67200001</misses>
				<total>7</total>
				<timestamp>3519.932853</timestamp>
			</report>
			<report>
				<misses>67300001</misses>
				<total>7</total>
				<timestamp>3525.170683</timestamp>
			</report>
			<report>
				<misses>67400001</misses>
				<total>8</total>
				<timestamp>3530.408500</timestamp>
			</report>
			<report>
				<misses>67500001</misses>
				<total>7</total>
				<timestamp>3535.646447</timestamp>
			</report>
			<report>
				<misses>67600001</misses>
				<total>8</total>
				<timestamp>3540.884242</timestamp>
			</report>
			<report>
				<misses>67700001</misses>
				<total>7</total>
				<timestamp>3546.122192</timestamp>
			</report>
			<report>
				<misses>67800001</misses>
				<total>7</total>
				<timestamp>3551.359999</timestamp>
			</report>
			<report>
				<misses>67900001</misses>
				<total>8</total>
				<timestamp>3556.597792</timestamp>
			</report>
			<report>
				<misses>68000001</misses>
				<total>7</total>
				<timestamp>3561.835602</timestamp>
			</report>
			<report>
				<misses>68100001</misses>
				<total>8</total>
				<timestamp>3567.074924</timestamp>
			</report>
			<report>
				<misses>68200001</misses>
				<total>8</total>
				<timestamp>3572.312712</timestamp>
			</report>
			<report>
				<misses>68300001</misses>
				<total>7</total>
				<timestamp>3577.550674</timestamp>
			</report>
			<report>
				<misses>68400001</misses>
				<total>8</total>
				<timestamp>3582.788513</timestamp>
			</report>
			<report>
				<misses>68500001</misses>
				<total>8</total>
				<timestamp>3588.026353</timestamp>
			</report>
			<report>
				<misses>68600001</misses>
				<total>7</total>
				<timestamp>3593.264279</timestamp>
			</report>
			<report>
				<misses>68700001</misses>
				<total>7</total>
				<timestamp>3598.502167</timestamp>
			</report>
			<report>
				<misses>68800001</misses>
				<total>8</total>
				<timestamp>3603.740020</timestamp>
			</report>
			<report>
				<misses>68900001</misses>
				<total>8</total>
				<timestamp>3608.977871</timestamp>
			</report>
			<report>
				<misses>69000001</misses>
				<total>8</total>
				<timestamp>3614.215664</timestamp>
			</report>
			<report>
				<misses>69100001</misses>
				<total>7</total>
				<timestamp>3619.453528</timestamp>
			</report>
			<report>
				<misses>69200001</misses>
				<total>8</total>
				<timestamp>3624.692904</timestamp>
			</report>
			<report>
				<misses>69300001</misses>
				<total>8</total>
				<timestamp>3629.930763</timestamp>
			</report>
			<report>
				<misses>69400001</misses>
				<total>8</total>
				<timestamp>3635.168618</timestamp>
			</report>
			<report>
				<misses>69500001</misses>
				<total>7</total>
				<timestamp>3640.406491</timestamp>
			</report>
			<report>
				<misses>69600001</misses>
				<total>7</total>
				<timestamp>3645.644365</timestamp>
			</report>
			<report>
				<misses>69700001</misses>
				<total>8</total>
				<timestamp>3650.882189</timestamp>
			</report>
			<report>
				<misses>69800001</misses>
				<total>7</total>
				<timestamp>3656.120153</timestamp>
			</report>
			<report>
				<misses>69900001</misses>
				<total>7</total>
				<timestamp>3661.357969</timestamp>
			</report>
			<report>
				<misses>70000001</misses>
				<total>7</total>
				<timestamp>3666.595868</timestamp>
			</report>
			<report>
				<misses>70100001</misses>
				<total>7</total>
				<timestamp>3671.833710</timestamp>
			</report>
			<report>
				<misses>70200001</misses>
				<total>7</total>
				<timestamp>3677.071595</timestamp>
			</report>
			<report>
				<misses>70300001</misses>
				<total>8</total>
				<timestamp>3682.309419</timestamp>
			</report>
			<report>
				<misses>70400001</misses>
				<total>8</total>
				<timestamp>3687.548751</timestamp>
			</report>
			<report>
				<misses>70500001</misses>
				<total>8</total>
				<timestamp>3692.786637</timestamp>
			</report>
			<report>
				<misses>70600001</misses>
				<total>8</total>
				<timestamp>3698.024504</timestamp>
			</report>
			<report>
				<misses>70700001</misses>
				<total>7</total>
				<timestamp>3703.262355</timestamp>
			</report>
			<report>
				<misses>70800001</misses>
				<total>8</total>
				<timestamp>3708.500154</timestamp>
			</report>
			<report>
				<misses>70900001</misses>
				<total>8</total>
				<timestamp>3713.737992</timestamp>
			</report>
			<report>
				<misses>71000001</misses>
				<total>7</total>
				<timestamp>3718.975868</timestamp>
			</report>
			<report>
				<misses>71100001</misses>
				<total>7</total>
				<timestamp>3724.213730</timestamp>
			</report>
			<report>
				<misses>71200001</misses>
				<total>8</total>
				<timestamp>3729.451545</timestamp>
			</report>
			<report>
				<misses>71300001</misses>
				<total>8</total>
				<timestamp>3734.689373</timestamp>
			</report>
			<report>
				<misses>71400001</misses>
				<total>8</total>
				<timestamp>3739.927196</timestamp>
			</report>
			<report>
				<misses>71500001</misses>
				<total>7</total>
				<timestamp>3745.166630</timestamp>
			</report>
			<report>
				<misses>71600001</misses>
				<total>8</total>
				<timestamp>3750.404513</timestamp>
			</report>
			<report>
				<misses>71700001</misses>
				<total>7</total>
				<timestamp>3755.642320</timestamp>
			</report>
			<report>
				<misses>71800001</misses>
				<total>8</total>
				<timestamp>3760.880167</timestamp>
			</report>
			<report>
				<misses>71900001</misses>
				<total>8</total>
				<timestamp>3766.118015</timestamp>
			</report>
			<report>
				<misses>72000001</misses>
				<total>7</total>
				<timestamp>3771.355856</timestamp>
			</report>
			<report>
				<misses>72100001</misses>
				<total>8</total>
				<timestamp>3776.593722</timestamp>
			</report>
			<report>
				<misses>72200001</misses>
				<total>8</total>
				<timestamp>3781.831643</timestamp>
			</report>
			<report>
				<misses>72300001</misses>
				<total>7</total>
				<timestamp>3787.069499</timestamp>
			</report>
			<report>
				<misses>72400001</misses>
				<total>8</total>
				<timestamp>3792.307328</timestamp>
			</report>
			<report>
				<misses>72500001</misses>
				<total>8</total>
				<timestamp>3797.545183</timestamp>
			</report>
			<report>
				<misses>72600001</misses>
				<total>7</total>
				<timestamp>3802.783037</timestamp>
			</report>
			<report>
				<misses>72700001</misses>
				<total>8</total>
				<timestamp>3808.022366</timestamp>
			</report>
			<report>
				<misses>72800001</misses>
				<total>8</total>
				<timestamp>3813.260204</timestamp>
			</report>
			<report>
				<misses>72900001</misses>
				<total>7</total>
				<timestamp>3818.498010</timestamp>
			</report>
			<report>
				<misses>73000001</misses>
				<total>7</total>
				<timestamp>3823.735866</timestamp>
			</report>
			<report>
				<misses>73100001</misses>
				<total>8</total>
				<timestamp>3828.973840</timestamp>
			</report>
			<report>
				<misses>73200001</misses>
				<total>7</total>
				<timestamp>3834.211723</timestamp>
			</report>
			<report>
				<misses>73300001</misses>
				<total>8</total>
				<timestamp>3839.449610</timestamp>
			</report>
			<report>
				<misses>73400001</misses>
				<total>8</total>
				<timestamp>3844.687500</timestamp>
			</report>
			<report>
				<misses>73500001</misses>
				<total>7</total>
				<timestamp>3849.925370</timestamp>
			</report>
			<report>
				<misses>73600001</misses>
				<total>7</total>
				<timestamp>3855.163208</timestamp>
			</report>
			<report>
				<misses>73700001</misses>
				<total>7</total>
				<timestamp>3860.401130</timestamp>
			</report>
			<report>
				<misses>73800001</misses>
				<total>7</total>
				<timestamp>3865.640531</timestamp>
			</report>
			<report>
				<misses>73900001</misses>
				<total>8</total>
				<timestamp>3870.878377</timestamp>
			</report>
			<report>
				<misses>74000001</misses>
				<total>9</total>
				<timestamp>3876.116207</timestamp>
			</report>
			<report>
				<misses>74100001</misses>
				<total>8</total>
				<timestamp>3881.354052</timestamp>
			</report>
			<report>
				<misses>74200001</misses>
				<total>9</total>
				<timestamp>3886.591939</timestamp>
			</report>
			<report>
				<misses>74300001</misses>
				<total>8</total>
				<timestamp>3891.829822</timestamp>
			</report>
			<report>
				<misses>74400001</misses>
				<total>9</total>
				<timestamp>3897.067620</timestamp>
			</report>
			<report>
				<misses>74500001</misses>
				<total>8</total>
				<timestamp>3902.305467</timestamp>
			</report>
			<report>
				<misses>74600001</misses>
				<total>9</total>
				<timestamp>3907.543447</timestamp>
			</report>
			<report>
				<misses>74700001</misses>
				<total>9</total>
				<timestamp>3912.781334</timestamp>
			</report>
			<report>
				<misses>74800001</misses>
				<total>8</total>
				<timestamp>3918.019294</timestamp>
			</report>
			<report>
				<misses>74900001</misses>
				<total>8</total>
				<timestamp>3923.258596</timestamp>
			</report>
			<report>
				<misses>75000001</misses>
				<total>8</total>
				<timestamp>3928.496458</timestamp>
			</report>
			<report>
				<misses>75100001</misses>
				<total>8</total>
				<timestamp>3933.734398</timestamp>
			</report>
			<report>
				<misses>75200001</misses>
				<total>8</total>
				<timestamp>3938.972291</timestamp>
			</report>
			<report>
				<misses>75300001</misses>
				<total>8</total>
				<timestamp>3944.210129</timestamp>
			</report>
			<report>
				<misses>75400001</misses>
				<total>9</total>
				<timestamp>3949.447970</timestamp>
			</report>
			<report>
				<misses>75500001</misses>
				<total>9</total>
				<timestamp>3954.685879</timestamp>
			</report>
			<report>
				<misses>75600001</misses>
				<total>9</total>
				<timestamp>3959.923674</timestamp>
			</report>
			<report>
				<misses>75700001</misses>
				<total>8</total>
				<timestamp>3965.161574</timestamp>
			</report>
			<report>
				<misses>75800001</misses>
				<total>9</total>
				<timestamp>3970.399468</timestamp>
			</report>
			<report>
				<misses>75900001</misses>
				<total>8</total>
				<timestamp>3975.637279</timestamp>
			</report>
			<report>
				<misses>76000001</misses>
				<total>8</total>
				<timestamp>3980.875159</timestamp>
			</report>
			<report>
				<misses>76100001</misses>
				<total>9</total>
				<timestamp>3986.114526</timestamp>
			</report>
			<report>
				<misses>76200001</misses>
				<total>8</total>
				<timestamp>3991.352408</timestamp>
			</report>
			<report>
				<misses>76300001</misses>
				<total>9</total>
				<timestamp>3996.590315</timestamp>
			</report>
			<report>
				<misses>76400001</misses>
				<total>9</total>
				<timestamp>4001.828236</timestamp>
			</report>
			<report>
				<misses>76500001</misses>
				<total>9</total>
				<timestamp>4007.066089</timestamp>
			</report>
			<report>
				<misses>76600001</misses>
				<total>9</total>
				<timestamp>4012.303909</timestamp>
			</report>
			<report>
				<misses>76700001</misses>
				<total>8</total>
				<timestamp>4017.541781</timestamp>
			</report>
			<report>
				<misses>76800001</misses>
				<total>9</total>
				<timestamp>4022.779594</timestamp>
			</report>
			<report>
				<misses>76900001</misses>
				<total>8</total>
				<timestamp>4028.017452</timestamp>
			</report>
			<report>
				<misses>77000001</misses>
				<total>9</total>
				<timestamp>4033.255331</timestamp>
			</report>
			<report>
				<misses>77100001</misses>
				<total>8</total>
				<timestamp>4038.493210</timestamp>
			</report>
			<report>
				<misses>77200001</misses>
				<total>9</total>
				<timestamp>4043.732610</timestamp>
			</report>
			<report>
				<misses>77300001</misses>
				<total>9</total>
				<timestamp>4048.970455</timestamp>
			</report>
			<report>
				<misses>77400001</misses>
				<total>9</total>
				<timestamp>4054.208338</timestamp>
			</report>
			<report>
				<misses>77500001</misses>
				<total>9</total>
				<timestamp>4059.446186</timestamp>
			</report>
			<report>
				<misses>77600001</misses>
				<total>8</total>
				<timestamp>4064.684126</timestamp>
			</report>
			<report>
				<misses>77700001</misses>
				<total>9</total>
				<timestamp>4069.921918</timestamp>
			</report>
			<report>
				<misses>77800001</misses>
				<total>9</total>
				<timestamp>4075.159844</timestamp>
			</report>
			<report>
				<misses>77900001</misses>
				<total>8</total>
				<timestamp>4080.397784</timestamp>
			</report>
			<report>
				<misses>78000001</misses>
				<total>9</total>
				<timestamp>4085.635684</timestamp>
			</report>
			<report>
				<misses>78100001</misses>
				<total>8</total>
				<timestamp>4090.873508</timestamp>
			</report>
			<report>
				<misses>78200001</misses>
				<total>8</total>
				<timestamp>4096.111443</timestamp>
			</report>
			<report>
				<misses>78300001</misses>
				<total>9</total>
				<timestamp>4101.349241</timestamp>
			</report>
			<report>
				<misses>78400001</misses>
				<total>8</total>
				<timestamp>4106.588584</timestamp>
			</report>
			<report>
				<misses>78500001</misses>
				<total>9</total>
				<timestamp>4111.826418</timestamp>
			</report>
			<report>
				<misses>78600001</misses>
				<total>8</total>
				<timestamp>4117.064318</timestamp>
			</report>
			<report>
				<misses>78700001</misses>
				<total>8</total>
				<timestamp>4122.302176</timestamp>
			</report>
			<report>
				<misses>78800001</misses>
				<total>9</total>
				<timestamp>4127.539992</timestamp>
			</report>
			<report>
				<misses>78900001</misses>
				<total>9</total>
				<timestamp>4132.777828</timestamp>
			</report>
			<report>
				<misses>79000001</misses>
				<total>9</total>
				<timestamp>4138.015674</timestamp>
			</report>
			<report>
				<misses>79100001</misses>
				<total>8</total>
				<timestamp>4143.253510</timestamp>
			</report>
			<report>
				<misses>79200001</misses>
				<total>8</total>
				<timestamp>4148.491365</timestamp>
			</report>
			<report>
				<misses>79300001</misses>
				<total>9</total>
				<timestamp>4153.729215</timestamp>
			</report>
			<report>
				<misses>79400001</misses>
				<total>9</total>
				<timestamp>4158.967051</timestamp>
			</report>
			<report>
				<misses>79500001</misses>
				<total>8</total>
				<timestamp>4164.206448</timestamp>
			</report>
			<report>
				<misses>79600001</misses>
				<total>9</total>
				<timestamp>4169.444267</timestamp>
			</report>
			<report>
				<misses>79700001</misses>
				<total>9</total>
				<timestamp>4174.682219</timestamp>
			</report>
			<report>
				<misses>79800001</misses>
				<total>9</total>
				<timestamp>4179.920040</timestamp>
			</report>
			<report>
				<misses>79900001</misses>
				<total>8</total>
				<timestamp>4185.157968</timestamp>
			</report>
			<report>
				<misses>80000001</misses>
				<total>9</total>
				<timestamp>4190.395758</timestamp>
			</report>
			<report>
				<misses>80100001</misses>
				<total>8</total>
				<timestamp>4195.633667</timestamp>
			</report>
			<report>
				<misses>80200001</misses>
				<total>8</total>
				<timestamp>4200.871551</timestamp>
			</report>
			<report>
				<misses>80300001</misses>
				<total>8</total>
				<timestamp>4206.109376</timestamp>
			</report>
			<report>
				<misses>80400001</misses>
				<total>8</total>
				<timestamp>4211.347237</timestamp>
			</report>
			<report>
				<misses>80500001</misses>
				<total>9</total>
				<timestamp>4216.585057</timestamp>
			</report>
			<report>
				<misses>80600001</misses>
				<total>9</total>
				<timestamp>4221.822927</timestamp>
			</report>
			<report>
				<misses>80700001</misses>
				<total>8</total>
				<timestamp>4227.062398</timestamp>
			</report>
			<report>
				<misses>80800001</misses>
				<total>8</total>
				<timestamp>4232.300238</timestamp>
			</report>
			<report>
				<misses>80900001</misses>
				<total>9</total>
				<timestamp>4237.538119</timestamp>
			</report>
			<report>
				<misses>81000001</misses>
				<total>8</total>
				<timestamp>4242.776080</timestamp>
			</report>
			<report>
				<misses>81100001</misses>
				<total>8</total>
				<timestamp>4248.013906</timestamp>
			</report>
			<report>
				<misses>81200001</misses>
				<total>9</total>
				<timestamp>4253.251758</timestamp>
			</report>
			<report>
				<misses>81300001</misses>
				<total>9</total>
				<timestamp>4258.489620</timestamp>
			</report>
			<report>
				<misses>81400001</misses>
				<total>9</total>
				<timestamp>4263.727479</timestamp>
			</report>
			<report>
				<misses>81500001</misses>
				<total>8</total>
				<timestamp>4268.965373</timestamp>
			</report>
			<report>
				<misses>81600001</misses>
				<total>8</total>
				<timestamp>4274.203192</timestamp>
			</report>
			<report>
				<misses>81700001</misses>
				<total>9</total>
				<timestamp>4279.441050</timestamp>
			</report>
			<report>
				<misses>81800001</misses>
				<total>9</total>
				<timestamp>4284.680398</timestamp>
			</report>
			<report>
				<misses>81900001</misses>
				<total>8</total>
				<timestamp>4289.918314</timestamp>
			</report>
			<report>
				<misses>82000001</misses>
				<total>9</total>
				<timestamp>4295.156205</timestamp>
			</report>
			<report>
				<misses>82100001</misses>
				<total>9</total>
				<timestamp>4300.394055</timestamp>
			</report>
			<report>
				<misses>82200001</misses>
				<total>8</total>
				<timestamp>4305.631965</timestamp>
			</report>
			<report>
				<misses>82300001</misses>
				<total>9</total>
				<timestamp>4310.869786</timestamp>
			</report>
			<report>
				<misses>82400001</misses>
				<total>9</total>
				<timestamp>4316.107653</timestamp>
			</report>
			<report>
				<misses>82500001</misses>
				<total>9</total>
				<timestamp>4321.345490</timestamp>
			</report>
			<report>
				<misses>82600001</misses>
				<total>9</total>
				<timestamp>4326.583301</timestamp>
			</report>
			<report>
				<misses>82700001</misses>
				<total>9</total>
				<timestamp>4331.821212</timestamp>
			</report>
			<report>
				<misses>82800001</misses>
				<total>8</total>
				<timestamp>4337.059028</timestamp>
			</report>
			<report>
				<misses>82900001</misses>
				<total>9</total>
				<timestamp>4342.296851</timestamp>
			</report>
			<report>
				<misses>83000001</misses>
				<total>9</total>
				<timestamp>4347.536259</timestamp>
			</report>
			<report>
				<misses>83100001</misses>
				<total>8</total>
				<timestamp>4352.774184</timestamp>
			</report>
			<report>
				<misses>83200001</misses>
				<total>9</total>
				<timestamp>4358.012011</timestamp>
			</report>
			<report>
				<misses>83300001</misses>
				<total>8</total>
				<timestamp>4363.249903</timestamp>
			</report>
			<report>
				<misses>83400001</misses>
				<total>9</total>
				<timestamp>4368.487748</timestamp>
			</report>
			<report>
				<misses>83500001</misses>
				<total>8</total>
				<timestamp>4373.725637</timestamp>
			</report>
			<report>
				<misses>83600001</misses>
				<total>9</total>
				<timestamp>4378.963501</timestamp>
			</report>
			<report>
				<misses>83700001</misses>
				<total>9</total>
				<timestamp>4384.201353</timestamp>
			</report>
			<report>
				<misses>83800001</misses>
				<total>9</total>
				<timestamp>4389.439143</timestamp>
			</report>
			<report>
				<misses>83900001</misses>
				<total>8</total>
				<timestamp>4394.676989</timestamp>
			</report>
			<report>
				<misses>84000001</misses>
				<total>9</total>
				<timestamp>4399.914833</timestamp>
			</report>
			<report>
				<misses>84100001</misses>
				<total>8</total>
				<timestamp>4405.154199</timestamp>
			</report>
			<report>
				<misses>84200001</misses>
				<total>9</total>
				<timestamp>4410.392039</timestamp>
			</report>
			<report>
				<misses>84300001</misses>
				<total>9</total>
				<timestamp>4415.630043</timestamp>
			</report>
			<report>
				<misses>84400001</misses>
				<total>8</total>
				<timestamp>4420.867909</timestamp>
			</report>
			<report>
				<misses>84500001</misses>
				<total>8</total>
				<timestamp>4426.105747</timestamp>
			</report>
			<report>
				<misses>84600001</misses>
				<total>8</total>
				<timestamp>4431.343599</timestamp>
			</report>
			<report>
				<misses>84700001</misses>
				<total>9</total>
				<timestamp>4436.581491</timestamp>
			</report>
			<report>
				<misses>84800001</misses>
				<total>9</total>
				<timestamp>4441.819374</timestamp>
			</report>
			<report>
				<misses>84900001</misses>
				<total>8</total>
				<timestamp>4447.057189</timestamp>
			</report>
			<report>
				<misses>85000001</misses>
				<total>9</total>
				<timestamp>4452.295048</timestamp>
			</report>
			<report>
				<misses>85100001</misses>
				<total>8</total>
				<timestamp>4457.532956</timestamp>
			</report>
			<report>
				<misses>85200001</misses>
				<total>8</total>
				<timestamp>4462.770793</timestamp>
			</report>
			<report>
				<misses>85300001</misses>
				<total>8</total>
				<timestamp>4468.010178</timestamp>
			</report>
			<report>
				<misses>85400001</misses>
				<total>9</total>
				<timestamp>4473.248012</timestamp>
			</report>
			<report>
				<misses>85500001</misses>
				<total>9</total>
				<timestamp>4478.485841</timestamp>
			</report>
			<report>
				<misses>85600001</misses>
				<total>8</total>
				<timestamp>4483.723687</timestamp>
			</report>
			<report>
				<misses>85700001</misses>
				<total>9</total>
				<timestamp>4488.961498</timestamp>
			</report>
			<report>
				<misses>85800001</misses>
				<total>9</total>
				<timestamp>4494.199420</timestamp>
			</report>
			<report>
				<misses>85900001</misses>
				<total>8</total>
				<timestamp>4499.437328</timestamp>
			</report>
			<report>
				<misses>86000001</misses>
				<total>8</total>
				<timestamp>4504.675235</timestamp>
			</report>
			<report>
				<misses>86100001</misses>
				<total>8</total>
				<timestamp>4509.913066</timestamp>
			</report>
			<report>
				<misses>86200001</misses>
				<total>9</total>
				<timestamp>4515.150928</timestamp>
			</report>
			<report>
				<misses>86300001</misses>
				<total>8</total>
				<timestamp>4520.388779</timestamp>
			</report>
			<report>
				<misses>86400001</misses>
				<total>9</total>
				<timestamp>4525.628141</timestamp>
			</report>
			<report>
				<misses>86500001</misses>
				<total>8</total>
				<timestamp>4530.866000</timestamp>
			</report>
			<report>
				<misses>86600001</misses>
				<total>9</total>
				<timestamp>4536.103843</timestamp>
			</report>
			<report>
				<misses>86700001</misses>
				<total>9</total>
				<timestamp>4541.341631</timestamp>
			</report>
			<report>
				<misses>86800001</misses>
				<total>8</total>
				<timestamp>4546.579542</timestamp>
			</report>
			<report>
				<misses>86900001</misses>
				<total>8</total>
				<timestamp>4551.817397</timestamp>
			</report>
			<report>
				<misses>87000001</misses>
				<total>8</total>
				<timestamp>4557.055289</timestamp>
			</report>
			<report>
				<misses>87100001</misses>
				<total>8</total>
				<timestamp>4562.293158</timestamp>
			</report>
			<report>
				<misses>87200001</misses>
				<total>8</total>
				<timestamp>4567.531060</timestamp>
			</report>
			<report>
				<misses>87300001</misses>
				<total>8</total>
				<timestamp>4572.768882</timestamp>
			</report>
			<report>
				<misses>87400001</misses>
				<total>9</total>
				<timestamp>4578.006689</timestamp>
			</report>
			<report>
				<misses>87500001</misses>
				<total>9</total>
				<timestamp>4583.246059</timestamp>
			</report>
			<report>
				<misses>87600001</misses>
				<total>9</total>
				<timestamp>4588.483868</timestamp>
			</report>
			<report>
				<misses>87700001</misses>
				<total>8</total>
				<timestamp>4593.721824</timestamp>
			</report>
			<report>
				<misses>87800001</misses>
				<total>9</total>
				<timestamp>4598.959718</timestamp>
			</report>
			<report>
				<misses>87900001</misses>
				<total>9</total>
				<timestamp>4604.197581</timestamp>
			</report>
			<report>
				<misses>88000001</misses>
				<total>9</total>
				<timestamp>4609.435420</timestamp>
			</report>
			<report>
				<misses>88100001</misses>
				<total>9</total>
				<timestamp>4614.673239</timestamp>
			</report>
			<report>
				<misses>88200001</misses>
				<total>8</total>
				<timestamp>4619.911079</timestamp>
			</report>
			<report>
				<misses>88300001</misses>
				<total>8</total>
				<timestamp>4625.148936</timestamp>
			</report>
			<report>
				<misses>88400001</misses>
				<total>9</total>
				<timestamp>4630.386774</timestamp>
			</report>
			<report>
				<misses>88500001</misses>
				<total>8</total>
				<timestamp>4635.624626</timestamp>
			</report>
			<report>
				<misses>88600001</misses>
				<total>8</total>
				<timestamp>4640.862463</timestamp>
			</report>
			<report>
				<misses>88700001</misses>
				<total>8</total>
				<timestamp>4646.101943</timestamp>
			</report>
			<report>
				<misses>88800001</misses>
				<total>9</total>
				<timestamp>4651.339781</timestamp>
			</report>
			<report>
				<misses>88900001</misses>
				<total>9</total>
				<timestamp>4656.577559</timestamp>
			</report>
			<report>
				<misses>89000001</misses>
				<total>10</total>
				<timestamp>4661.815376</timestamp>
			</report>
			<report>
				<misses>89100001</misses>
				<total>8</total>
				<timestamp>4667.053190</timestamp>
			</report>
			<report>
				<misses>89200001</misses>
				<total>8</total>
				<timestamp>4672.291155</timestamp>
			</report>
			<report>
				<misses>89300001</misses>
				<total>9</total>
				<timestamp>4677.528990</timestamp>
			</report>
			<report>
				<misses>89400001</misses>
				<total>9</total>
				<timestamp>4682.766850</timestamp>
			</report>
			<report>
				<misses>89500001</misses>
				<total>8</total>
				<timestamp>4688.004755</timestamp>
			</report>
			<report>
				<misses>89600001</misses>
				<total>9</total>
				<timestamp>4693.242651</timestamp>
			</report>
			<report>
				<misses>89700001</misses>
				<total>9</total>
				<timestamp>4698.480544</timestamp>
			</report>
			<report>
				<misses>89800001</misses>
				<total>8</total>
				<timestamp>4703.719895</timestamp>
			</report>
			<report>
				<misses>89900001</misses>
				<total>9</total>
				<timestamp>4708.957811</timestamp>
			</report>
			<report>
				<misses>90000001</misses>
				<total>9</total>
				<timestamp>4714.195645</timestamp>
			</report>
			<report>
				<misses>90100001</misses>
				<total>8</total>
				<timestamp>4719.433559</timestamp>
			</report>
			<report>
				<misses>90200001</misses>
				<total>9</total>
				<timestamp>4724.671460</timestamp>
			</report>
			<report>
				<misses>90300001</misses>
				<total>8</total>
				<timestamp>4729.909310</timestamp>
			</report>
			<report>
				<misses>90400001</misses>
				<total>8</total>
				<timestamp>4735.147284</timestamp>
			</report>
			<report>
				<misses>90500001</misses>
				<total>9</total>
				<timestamp>4740.385109</timestamp>
			</report>
			<report>
				<misses>90600001</misses>
				<total>9</total>
				<timestamp>4745.622951</timestamp>
			</report>
			<report>
				<misses>90700001</misses>
				<total>8</total>
				<timestamp>4750.860776</timestamp>
			</report>
			<report>
				<misses>90800001</misses>
				<total>10</total>
				<timestamp>4756.098618</timestamp>
			</report>
			<report>
				<misses>90900001</misses>
				<total>9</total>
				<timestamp>4761.336453</timestamp>
			</report>
			<report>
				<misses>91000001</misses>
				<total>9</total>
				<timestamp>4766.575858</timestamp>
			</report>
			<report>
				<misses>91100001</misses>
				<total>9</total>
				<timestamp>4771.813715</timestamp>
			</report>
			<report>
				<misses>91200001</misses>
				<total>10</total>
				<timestamp>4777.051538</timestamp>
			</report>
			<report>
				<misses>91300001</misses>
				<total>11</total>
				<timestamp>4782.289424</timestamp>
			</report>
			<report>
				<misses>91400001</misses>
				<total>10</total>
				<timestamp>4787.527256</timestamp>
			</report>
			<report>
				<misses>91500001</misses>
				<total>9</total>
				<timestamp>4792.765092</timestamp>
			</report>
			<report>
				<misses>91600001</misses>
				<total>10</total>
				<timestamp>4798.002930</timestamp>
			</report>
			<report>
				<misses>91700001</misses>
				<total>10</total>
				<timestamp>4803.240778</timestamp>
			</report>
			<report>
				<misses>91800001</misses>
				<total>9</total>
				<timestamp>4808.478662</timestamp>
			</report>
			<report>
				<misses>91900001</misses>
				<total>10</total>
				<timestamp>4813.716670</timestamp>
			</report>
			<report>
				<misses>92000001</misses>
				<total>9</total>
				<timestamp>4818.954554</timestamp>
			</report>
			<report>
				<misses>92100001</misses>
				<total>10</total>
				<timestamp>4824.193988</timestamp>
			</report>
			<report>
				<misses>92200001</misses>
				<total>10</total>
				<timestamp>4829.431865</timestamp>
			</report>
			<report>
				<misses>92300001</misses>
				<total>9</total>
				<timestamp>4834.669827</timestamp>
			</report>
			<report>
				<misses>92400001</misses>
				<total>10</total>
				<timestamp>4839.907656</timestamp>
			</report>
			<report>
				<misses>92500001</misses>
				<total>9</total>
				<timestamp>4845.145526</timestamp>
			</report>
			<report>
				<misses>92600001</misses>
				<total>10</total>
				<timestamp>4850.383400</timestamp>
			</report>
			<report>
				<misses>92700001</misses>
				<total>9</total>
				<timestamp>4855.621263</timestamp>
			</report>
			<report>
				<misses>92800001</misses>
				<total>10</total>
				<timestamp>4860.859089</timestamp>
			</report>
			<report>
				<misses>92900001</misses>
				<total>10</total>
				<timestamp>4866.096969</timestamp>
			</report>
			<report>
				<misses>93000001</misses>
				<total>9</total>
				<timestamp>4871.334788</timestamp>
			</report>
			<report>
				<misses>93100001</misses>
				<total>9</total>
				<timestamp>4876.572764</timestamp>
			</report>
			<report>
				<misses>93200001</misses>
				<total>10</total>
				<timestamp>4881.810562</timestamp>
			</report>
			<report>
				<misses>93300001</misses>
				<total>9</total>
				<timestamp>4887.049911</timestamp>
			</report>
			<report>
				<misses>93400001</misses>
				<total>9</total>
				<timestamp>4892.287812</timestamp>
			</report>
			<report>
				<misses>93500001</misses>
				<total>10</total>
				<timestamp>4897.525644</timestamp>
			</report>
			<report>
				<misses>93600001</misses>
				<total>10</total>
				<timestamp>4902.763587</timestamp>
			</report>
			<report>
				<misses>93700001</misses>
				<total>9</total>
				<timestamp>4908.001438</timestamp>
			</report>
			<report>
				<misses>93800001</misses>
				<total>9</total>
				<timestamp>4913.239304</timestamp>
			</report>
			<report>
				<misses>93900001</misses>
				<total>9</total>
				<timestamp>4918.477113</timestamp>
			</report>
			<report>
				<misses>94000001</misses>
				<total>9</total>
				<timestamp>4923.714993</timestamp>
			</report>
			<report>
				<misses>94100001</misses>
				<total>9</total>
				<timestamp>4928.952844</timestamp>
			</report>
			<report>
				<misses>94200001</misses>
				<total>9</total>
				<timestamp>4934.190759</timestamp>
			</report>
			<report>
				<misses>94300001</misses>
				<total>9</total>
				<timestamp>4939.428564</timestamp>
			</report>
			<report>
				<misses>94400001</misses>
				<total>10</total>
				<timestamp>4944.667901</timestamp>
			</report>
			<report>
				<misses>94500001</misses>
				<total>10</total>
				<timestamp>4949.905737</timestamp>
			</report>
			<report>
				<misses>94600001</misses>
				<total>9</total>
				<timestamp>4955.143559</timestamp>
			</report>
			<report>
				<misses>94700001</misses>
				<total>9</total>
				<timestamp>4960.381394</timestamp>
			</report>
			<report>
				<misses>94800001</misses>
				<total>10</total>
				<timestamp>4965.619210</timestamp>
			</report>
			<report>
				<misses>94900001</misses>
				<total>9</total>
				<timestamp>4970.857017</timestamp>
			</report>
			<report>
				<misses>95000001</misses>
				<total>10</total>
				<timestamp>4976.094916</timestamp>
			</report>
			<report>
				<misses>95100001</misses>
				<total>9</total>
				<timestamp>4981.332722</timestamp>
			</report>
			<report>
				<misses>95200001</misses>
				<total>11</total>
				<timestamp>4986.570543</timestamp>
			</report>
			<report>
				<misses>95300001</misses>
				<total>10</total>
				<timestamp>4991.808407</timestamp>
			</report>
			<report>
				<misses>95400001</misses>
				<total>11</total>
				<timestamp>4997.046263</timestamp>
			</report>
			<report>
				<misses>95500001</misses>
				<total>11</total>
				<timestamp>5002.284133</timestamp>
			</report>
			<report>
				<misses>95600001</misses>
				<total>11</total>
				<timestamp>5007.523514</timestamp>
			</report>
			<report>
				<misses>95700001</misses>
				<total>11</total>
				<timestamp>5012.761400</timestamp>
			</report>
			<report>
				<misses>95800001</misses>
				<total>10</total>
				<timestamp>5017.999283</timestamp>
			</report>
			<report>
				<misses>95900001</misses>
				<total>10</total>
				<timestamp>5023.237110</timestamp>
			</report>
			<report>
				<misses>96000001</misses>
				<total>10</total>
				<timestamp>5028.474926</timestamp>
			</report>
			<report>
				<misses>96100001</misses>
				<total>11</total>
				<timestamp>5033.712763</timestamp>
			</report>
			<report>
				<misses>96200001</misses>
				<total>11</total>
				<timestamp>5038.950570</timestamp>
			</report>
			<report>
				<misses>96300001</misses>
				<total>10</total>
				<timestamp>5044.188478</timestamp>
			</report>
			<report>
				<misses>96400001</misses>
				<total>11</total>
				<timestamp>5049.426328</timestamp>
			</report>
			<report>
				<misses>96500001</misses>
				<total>11</total>
				<timestamp>5054.664133</timestamp>
			</report>
			<report>
				<misses>96600001</misses>
				<total>10</total>
				<timestamp>5059.901969</timestamp>
			</report>
			<report>
				<misses>96700001</misses>
				<total>10</total>
				<timestamp>5065.141385</timestamp>
			</report>
			<report>
				<misses>96800001</misses>
				<total>10</total>
				<timestamp>5070.379306</timestamp>
			</report>
			<report>
				<misses>96900001</misses>
				<total>11</total>
				<timestamp>5075.617134</timestamp>
			</report>
			<report>
				<misses>97000001</misses>
				<total>11</total>
				<timestamp>5080.854965</timestamp>
			</report>
			<report>
				<misses>97100001</misses>
				<total>11</total>
				<timestamp>5086.092767</timestamp>
			</report>
			<report>
				<misses>97200001</misses>
				<total>11</total>
				<timestamp>5091.330664</timestamp>
			</report>
			<report>
				<misses>97300001</misses>
				<total>10</total>
				<timestamp>5096.568508</timestamp>
			</report>
			<report>
				<misses>97400001</misses>
				<total>11</total>
				<timestamp>5101.806338</timestamp>
			</report>
			<report>
				<misses>97500001</misses>
				<total>10</total>
				<timestamp>5107.044224</timestamp>
			</report>
			<report>
				<misses>97600001</misses>
				<total>11</total>
				<timestamp>5112.282034</timestamp>
			</report>
			<report>
				<misses>97700001</misses>
				<total>10</total>
				<timestamp>5117.519882</timestamp>
			</report>
			<report>
				<misses>97800001</misses>
				<total>10</total>
				<timestamp>5122.757750</timestamp>
			</report>
			<report>
				<misses>97900001</misses>
				<total>10</total>
				<timestamp>5127.997101</timestamp>
			</report>
			<report>
				<misses>98000001</misses>
				<total>10</total>
				<timestamp>5133.234948</timestamp>
			</report>
			<report>
				<misses>98100001</misses>
				<total>11</total>
				<timestamp>5138.472823</timestamp>
			</report>
			<report>
				<misses>98200001</misses>
				<total>11</total>
				<timestamp>5143.710717</timestamp>
			</report>
			<report>
				<misses>98300001</misses>
				<total>10</total>
				<timestamp>5148.948646</timestamp>
			</report>
			<report>
				<misses>98400001</misses>
				<total>10</total>
				<timestamp>5154.186479</timestamp>
			</report>
			<report>
				<misses>98500001</misses>
				<total>11</total>
				<timestamp>5159.424340</timestamp>
			</report>
			<report>
				<misses>98600001</misses>
				<total>11</total>
				<timestamp>5164.662172</timestamp>
			</report>
			<report>
				<misses>98700001</misses>
				<total>10</total>
				<timestamp>5169.900042</timestamp>
			</report>
			<report>
				<misses>98800001</misses>
				<total>10</total>
				<timestamp>5175.137986</timestamp>
			</report>
			<report>
				<misses>98900001</misses>
				<total>11</total>
				<timestamp>5180.375788</timestamp>
			</report>
			<report>
				<misses>99000001</misses>
				<total>10</total>
				<timestamp>5185.615315</timestamp>
			</report>
			<report>
				<misses>99100001</misses>
				<total>11</total>
				<timestamp>5190.853141</timestamp>
			</report>
			<report>
				<misses>99200001</misses>
				<total>11</total>
				<timestamp>5196.090989</timestamp>
			</report>
			<report>
				<misses>99300001</misses>
				<total>11</total>
				<timestamp>5201.328836</timestamp>
			</report>
			<report>
				<misses>99400001</misses>
				<total>11</total>
				<timestamp>5206.566670</timestamp>
			</report>
			<report>
				<misses>99500001</misses>
				<total>10</total>
				<timestamp>5211.804506</timestamp>
			</report>
			<report>
				<misses>99600001</misses>
				<total>10</total>
				<timestamp>5217.042392</timestamp>
			</report>
			<report>
				<misses>99700001</misses>
				<total>11</total>
				<timestamp>5222.280226</timestamp>
			</report>
			<report>
				<misses>99800001</misses>
				<total>10</total>
				<timestamp>5227.518084</timestamp>
			</report>
			<report>
				<misses>99900001</misses>
				<total>10</total>
				<timestamp>5232.755943</timestamp>
			</report>
			<report>
				<misses>100000001</misses>
				<total>10</total>
				<timestamp>5237.993808</timestamp>
			</report>
			<report>
				<misses>100100001</misses>
				<total>10</total>
				<timestamp>5243.233158</timestamp>
			</report>
			<report>
				<misses>100200001</misses>
				<total>11</total>
				<timestamp>5248.471002</timestamp>
			</report>
			<report>
				<misses>100300001</misses>
				<total>10</total>
				<timestamp>5253.708870</timestamp>
			</report>
			<report>
				<misses>100400001</misses>
				<total>11</total>
				<timestamp>5258.946802</timestamp>
			</report>
			<report>
				<misses>100500001</misses>
				<total>10</total>
				<timestamp>5264.184656</timestamp>
			</report>
			<report>
				<misses>100600001</misses>
				<total>10</total>
				<timestamp>5269.422526</timestamp>
			</report>
			<report>
				<misses>100700001</misses>
				<total>11</total>
				<timestamp>5274.660368</timestamp>
			</report>
			<report>
				<misses>100800001</misses>
				<total>11</total>
				<timestamp>5279.898178</timestamp>
			</report>
			<report>
				<misses>100900001</misses>
				<total>10</total>
				<timestamp>5285.136009</timestamp>
			</report>
			<report>
				<misses>101000001</misses>
				<total>11</total>
				<timestamp>5290.373845</timestamp>
			</report>
			<report>
				<misses>101100001</misses>
				<total>10</total>
				<timestamp>5295.611639</timestamp>
			</report>
			<report>
				<misses>101200001</misses>
				<total>10</total>
				<timestamp>5300.849493</timestamp>
			</report>
			<report>
				<misses>101300001</misses>
				<total>11</total>
				<timestamp>5306.088876</timestamp>
			</report>
			<report>
				<misses>101400001</misses>
				<total>10</total>
				<timestamp>5311.326789</timestamp>
			</report>
			<report>
				<misses>101500001</misses>
				<total>10</total>
				<timestamp>5316.564620</timestamp>
			</report>
			<report>
				<misses>101600001</misses>
				<total>11</total>
				<timestamp>5321.802411</timestamp>
			</report>
			<report>
				<misses>101700001</misses>
				<total>11</total>
				<timestamp>5327.040233</timestamp>
			</report>
			<report>
				<misses>101800001</misses>
				<total>10</total>
				<timestamp>5332.278076</timestamp>
			</report>
			<report>
				<misses>101900001</misses>
				<total>11</total>
				<timestamp>5337.516007</timestamp>
			</report>
			<report>
				<misses>102000001</misses>
				<total>10</total>
				<timestamp>5342.753830</timestamp>
			</report>
			<report>
				<misses>102100001</misses>
				<total>10</total>
				<timestamp>5347.991698</timestamp>
			</report>
			<report>
				<misses>102200001</misses>
				<total>11</total>
				<timestamp>5353.229552</timestamp>
			</report>
			<report>
				<misses>102300001</misses>
				<total>10</total>
				<timestamp>5358.467384</timestamp>
			</report>
			<report>
				<misses>102400001</misses>
				<total>11</total>
				<timestamp>5363.706787</timestamp>
			</report>
			<report>
				<misses>102500001</misses>
				<total>10</total>
				<timestamp>5368.944683</timestamp>
			</report>
			<report>
				<misses>102600001</misses>
				<total>11</total>
				<timestamp>5374.182550</timestamp>
			</report>
			<report>
				<misses>102700001</misses>
				<total>10</total>
				<timestamp>5379.420495</timestamp>
			</report>
			<report>
				<misses>102800001</misses>
				<total>11</total>
				<timestamp>5384.658396</timestamp>
			</report>
			<report>
				<misses>102900001</misses>
				<total>11</total>
				<timestamp>5389.896206</timestamp>
			</report>
			<report>
				<misses>103000001</misses>
				<total>10</total>
				<timestamp>5395.134059</timestamp>
			</report>
			<report>
				<misses>103100001</misses>
				<total>11</total>
				<timestamp>5400.371848</timestamp>
			</report>
			<report>
				<misses>103200001</misses>
				<total>12</total>
				<timestamp>5405.609802</timestamp>
			</report>
			<report>
				<misses>103300001</misses>
				<total>12</total>
				<timestamp>5410.847633</timestamp>
			</report>
			<report>
				<misses>103400001</misses>
				<total>12</total>
				<timestamp>5416.085501</timestamp>
			</report>
			<report>
				<misses>103500001</misses>
				<total>11</total>
				<timestamp>5421.323340</timestamp>
			</report>
			<report>
				<misses>103600001</misses>
				<total>12</total>
				<timestamp>5426.562775</timestamp>
			</report>
			<report>
				<misses>103700001</misses>
				<total>11</total>
				<timestamp>5431.800592</timestamp>
			</report>
			<report>
				<misses>103800001</misses>
				<total>11</total>
				<timestamp>5437.038453</timestamp>
			</report>
			<report>
				<misses>103900001</misses>
				<total>11</total>
				<timestamp>5442.276318</timestamp>
			</report>
			<report>
				<misses>104000001</misses>
				<total>11</total>
				<timestamp>5447.514176</timestamp>
			</report>
			<report>
				<misses>104100001</misses>
				<total>12</total>
				<timestamp>5452.751987</timestamp>
			</report>
			<report>
				<misses>104200001</misses>
				<total>12</total>
				<timestamp>5457.989789</timestamp>
			</report>
			<report>
				<misses>104300001</misses>
				<total>12</total>
				<timestamp>5463.227636</timestamp>
			</report>
			<report>
				<misses>104400001</misses>
				<total>12</total>
				<timestamp>5468.465484</timestamp>
			</report>
			<report>
				<misses>104500001</misses>
				<total>11</total>
				<timestamp>5473.703316</timestamp>
			</report>
			<report>
				<misses>104600001</misses>
				<total>12</total>
				<timestamp>5478.941125</timestamp>
			</report>
			<report>
				<misses>104700001</misses>
				<total>11</total>
				<timestamp>5484.180415</timestamp>
			</report>
			<report>
				<misses>104800001</misses>
				<total>11</total>
				<timestamp>5489.418248</timestamp>
			</report>
			<report>
				<misses>104900001</misses>
				<total>12</total>
				<timestamp>5494.656178</timestamp>
			</report>
			<report>
				<misses>105000001</misses>
				<total>12</total>
				<timestamp>5499.893989</timestamp>
			</report>
			<report>
				<misses>105100001</misses>
				<total>11</total>
				<timestamp>5505.131881</timestamp>
			</report>
			<report>
				<misses>105200001</misses>
				<total>12</total>
				<timestamp>5510.369707</timestamp>
			</report>
			<report>
				<misses>105300001</misses>
				<total>12</total>
				<timestamp>5515.607554</timestamp>
			</report>
			<report>
				<misses>105400001</misses>
				<total>12</total>
				<timestamp>5520.845404</timestamp>
			</report>
			<report>
				<misses>105500001</misses>
				<total>11</total>
				<timestamp>5526.083423</timestamp>
			</report>
			<report>
				<misses>105600001</misses>
				<total>11</total>
				<timestamp>5531.321279</timestamp>
			</report>
			<report>
				<misses>105700001</misses>
				<total>11</total>
				<timestamp>5536.559120</timestamp>
			</report>
			<report>
				<misses>105800001</misses>
				<total>12</total>
				<timestamp>5541.796909</timestamp>
			</report>
			<report>
				<misses>105900001</misses>
				<total>11</total>
				<timestamp>5547.036300</timestamp>
			</report>
			<report>
				<misses>106000001</misses>
				<total>11</total>
				<timestamp>5552.274167</timestamp>
			</report>
			<report>
				<misses>106100001</misses>
				<total>12</total>
				<timestamp>5557.511977</timestamp>
			</report>
			<report>
				<misses>106200001</misses>
				<total>11</total>
				<timestamp>5562.749829</timestamp>
			</report>
			<report>
				<misses>106300001</misses>
				<total>12</total>
				<timestamp>5567.987756</timestamp>
			</report>
			<report>
				<misses>106400001</misses>
				<total>12</total>
				<timestamp>5573.225581</timestamp>
			</report>
			<report>
				<misses>106500001</misses>
				<total>11</total>
				<timestamp>5578.463489</timestamp>
			</report>
			<report>
				<misses>106600001</misses>
				<total>12</total>
				<timestamp>5583.701311</timestamp>
			</report>
			<report>
				<misses>106700001</misses>
				<total>12</total>
				<timestamp>5588.939146</timestamp>
			</report>
			<report>
				<misses>106800001</misses>
				<total>11</total>
				<timestamp>5594.177053</timestamp>
			</report>
			<report>
				<misses>106900001</misses>
				<total>12</total>
				<timestamp>5599.414912</timestamp>
			</report>
			<report>
				<misses>107000001</misses>
				<total>12</total>
				<timestamp>5604.654329</timestamp>
			</report>
			<report>
				<misses>107100001</misses>
				<total>11</total>
				<timestamp>5609.892194</timestamp>
			</report>
			<report>
				<misses>107200001</misses>
				<total>12</total>
				<timestamp>5615.130030</timestamp>
			</report>
			<report>
				<misses>107300001</misses>
				<total>11</total>
				<timestamp>5620.367882</timestamp>
			</report>
			<report>
				<misses>107400001</misses>
				<total>11</total>
				<timestamp>5625.605677</timestamp>
			</report>
			<report>
				<misses>107500001</misses>
				<total>11</total>
				<timestamp>5630.843526</timestamp>
			</report>
			<report>
				<misses>107600001</misses>
				<total>12</total>
				<timestamp>5636.081309</timestamp>
			</report>
			<report>
				<misses>107700001</misses>
				<total>12</total>
				<timestamp>5641.319128</timestamp>
			</report>
			<report>
				<misses>107800001</misses>
				<total>11</total>
				<timestamp>5646.556943</timestamp>
			</report>
			<report>
				<misses>107900001</misses>
				<total>11</total>
				<timestamp>5651.794764</timestamp>
			</report>
			<report>
				<misses>108000001</misses>
				<total>12</total>
				<timestamp>5657.032591</timestamp>
			</report>
			<report>
				<misses>108100001</misses>
				<total>12</total>
				<timestamp>5662.270526</timestamp>
			</report>
			<report>
				<misses>108200001</misses>
				<total>12</total>
				<timestamp>5667.509859</timestamp>
			</report>
			<report>
				<misses>108300001</misses>
				<total>12</total>
				<timestamp>5672.747686</timestamp>
			</report>
			<report>
				<misses>108400001</misses>
				<total>11</total>
				<timestamp>5677.985715</timestamp>
			</report>
			<report>
				<misses>108500001</misses>
				<total>13</total>
				<timestamp>5683.223548</timestamp>
			</report>
			<report>
				<misses>108600001</misses>
				<total>13</total>
				<timestamp>5688.461451</timestamp>
			</report>
			<report>
				<misses>108700001</misses>
				<total>12</total>
				<timestamp>5693.699292</timestamp>
			</report>
			<report>
				<misses>108800001</misses>
				<total>12</total>
				<timestamp>5698.937175</timestamp>
			</report>
			<report>
				<misses>108900001</misses>
				<total>12</total>
				<timestamp>5704.175053</timestamp>
			</report>
			<report>
				<misses>109000001</misses>
				<total>13</total>
				<timestamp>5709.412945</timestamp>
			</report>
			<report>
				<misses>109100001</misses>
				<total>12</total>
				<timestamp>5714.650891</timestamp>
			</report>
			<report>
				<misses>109200001</misses>
				<total>12</total>
				<timestamp>5719.888831</timestamp>
			</report>
			<report>
				<misses>109300001</misses>
				<total>12</total>
				<timestamp>5725.128272</timestamp>
			</report>
			<report>
				<misses>109400001</misses>
				<total>13</total>
				<timestamp>5730.366196</timestamp>
			</report>
			<report>
				<misses>109500001</misses>
				<total>12</total>
				<timestamp>5735.604029</timestamp>
			</report>
			<report>
				<misses>109600001</misses>
				<total>13</total>
				<timestamp>5740.841811</timestamp>
			</report>
			<report>
				<misses>109700001</misses>
				<total>13</total>
				<timestamp>5746.079606</timestamp>
			</report>
			<report>
				<misses>109800001</misses>
				<total>12</total>
				<timestamp>5751.317419</timestamp>
			</report>
			<report>
				<misses>109900001</misses>
				<total>13</total>
				<timestamp>5756.555219</timestamp>
			</report>
			<report>
				<misses>110000001</misses>
				<total>13</total>
				<timestamp>5761.793105</timestamp>
			</report>
			<report>
				<misses>110100001</misses>
				<total>13</total>
				<timestamp>5767.030946</timestamp>
			</report>
			<report>
				<misses>110200001</misses>
				<total>12</total>
				<timestamp>5772.268824</timestamp>
			</report>
			<report>
				<misses>110300001</misses>
				<total>12</total>
				<timestamp>5777.506667</timestamp>
			</report>
			<report>
				<misses>110400001</misses>
				<total>13</total>
				<timestamp>5782.744504</timestamp>
			</report>
			<report>
				<misses>110500001</misses>
				<total>13</total>
				<timestamp>5787.983775</timestamp>
			</report>
			<report>
				<misses>110600001</misses>
				<total>12</total>
				<timestamp>5793.221700</timestamp>
			</report>
			<report>
				<misses>110700001</misses>
				<total>12</total>
				<timestamp>5798.459558</timestamp>
			</report>
			<report>
				<misses>110800001</misses>
				<total>14</total>
				<timestamp>5803.697454</timestamp>
			</report>
			<report>
				<misses>110900001</misses>
				<total>13</total>
				<timestamp>5808.935326</timestamp>
			</report>
			<report>
				<misses>111000001</misses>
				<total>13</total>
				<timestamp>5814.173206</timestamp>
			</report>
			<report>
				<misses>111100001</misses>
				<total>12</total>
				<timestamp>5819.411162</timestamp>
			</report>
			<report>
				<misses>111200001</misses>
				<total>12</total>
				<timestamp>5824.649012</timestamp>
			</report>
			<report>
				<misses>111300001</misses>
				<total>13</total>
				<timestamp>5829.886807</timestamp>
			</report>
			<report>
				<misses>111400001</misses>
				<total>13</total>
				<timestamp>5835.124607</timestamp>
			</report>
			<report>
				<misses>111500001</misses>
				<total>12</total>
				<timestamp>5840.362473</timestamp>
			</report>
			<report>
				<misses>111600001</misses>
				<total>12</total>
				<timestamp>5845.601862</timestamp>
			</report>
			<report>
				<misses>111700001</misses>
				<total>13</total>
				<timestamp>5850.839643</timestamp>
			</report>
			<report>
				<misses>111800001</misses>
				<total>12</total>
				<timestamp>5856.077481</timestamp>
			</report>
			<report>
				<misses>111900001</misses>
				<total>12</total>
				<timestamp>5861.315349</timestamp>
			</report>
			<report>
				<misses>112000001</misses>
				<total>13</total>
				<timestamp>5866.553219</timestamp>
			</report>
			<report>
				<misses>112100001</misses>
				<total>12</total>
				<timestamp>5871.791075</timestamp>
			</report>
			<report>
				<misses>112200001</misses>
				<total>13</total>
				<timestamp>5877.028932</timestamp>
			</report>
			<report>
				<misses>112300001</misses>
				<total>13</total>
				<timestamp>5882.266764</timestamp>
			</report>
			<report>
				<misses>112400001</misses>
				<total>13</total>
				<timestamp>5887.504660</timestamp>
			</report>
			<report>
				<misses>112500001</misses>
				<total>13</total>
				<timestamp>5892.742519</timestamp>
			</report>
			<report>
				<misses>112600001</misses>
				<total>13</total>
				<timestamp>5897.980365</timestamp>
			</report>
			<report>
				<misses>112700001</misses>
				<total>12</total>
				<timestamp>5903.219757</timestamp>
			</report>
			<report>
				<misses>112800001</misses>
				<total>12</total>
				<timestamp>5908.457562</timestamp>
			</report>
			<report>
				<misses>112900001</misses>
				<total>12</total>
				<timestamp>5913.695462</timestamp>
			</report>
			<report>
				<misses>113000001</misses>
				<total>13</total>
				<timestamp>5918.933246</timestamp>
			</report>
			<report>
				<misses>113100001</misses>
				<total>12</total>
				<timestamp>5924.171123</timestamp>
			</report>
			<report>
				<misses>113200001</misses>
				<total>13</total>
				<timestamp>5929.408925</timestamp>
			</report>
			<report>
				<misses>113300001</misses>
				<total>13</total>
				<timestamp>5934.646773</timestamp>
			</report>
			<report>
				<misses>113400001</misses>
				<total>13</total>
				<timestamp>5939.884613</timestamp>
			</report>
			<report>
				<misses>113500001</misses>
				<total>12</total>
				<timestamp>5945.122475</timestamp>
			</report>
			<report>
				<misses>113600001</misses>
				<total>13</total>
				<timestamp>5950.360270</timestamp>
			</report>
			<report>
				<misses>113700001</misses>
				<total>12</total>
				<timestamp>5955.598201</timestamp>
			</report>
			<report>
				<misses>113800001</misses>
				<total>13</total>
				<timestamp>5960.836021</timestamp>
			</report>
			<report>
				<misses>113900001</misses>
				<total>12</total>
				<timestamp>5966.075458</timestamp>
			</report>
			<report>
				<misses>114000001</misses>
				<total>14</total>
				<timestamp>5971.313316</timestamp>
			</report>
			<report>
				<misses>114100001</misses>
				<total>14</total>
				<timestamp>5976.551318</timestamp>
			</report>
			<report>
				<misses>114200001</misses>
				<total>13</total>
				<timestamp>5981.789148</timestamp>
			</report>
			<report>
				<misses>114300001</misses>
				<total>12</total>
				<timestamp>5987.027016</timestamp>
			</report>
			<report>
				<misses>114400001</misses>
				<total>13</total>
				<timestamp>5992.264882</timestamp>
			</report>
			<report>
				<misses>114500001</misses>
				<total>13</total>
				<timestamp>5997.502719</timestamp>
			</report>
			<report>
				<misses>114600001</misses>
				<total>13</total>
				<timestamp>6002.740551</timestamp>
			</report>
			<report>
				<misses>114700001</misses>
				<total>12</total>
				<timestamp>6007.978451</timestamp>
			</report>
			<report>
				<misses>114800001</misses>
				<total>12</total>
				<timestamp>6013.216313</timestamp>
			</report>
			<report>
				<misses>114900001</misses>
				<total>12</total>
				<timestamp>6018.454184</timestamp>
			</report>
			<report>
				<misses>115000001</misses>
				<total>12</total>
				<timestamp>6023.693669</timestamp>
			</report>
			<report>
				<misses>115100001</misses>
				<total>12</total>
				<timestamp>6028.931521</timestamp>
			</report>
			<report>
				<misses>115200001</misses>
				<total>12</total>
				<timestamp>6034.169482</timestamp>
			</report>
			<report>
				<misses>115300001</misses>
				<total>13</total>
				<timestamp>6039.407293</timestamp>
			</report>
			<report>
				<misses>115400001</misses>
				<total>14</total>
				<timestamp>6044.645124</timestamp>
			</report>
			<report>
				<misses>115500001</misses>
				<total>13</total>
				<timestamp>6049.882998</timestamp>
			</report>
			<report>
				<misses>115600001</misses>
				<total>14</total>
				<timestamp>6055.120899</timestamp>
			</report>
			<report>
				<misses>115700001</misses>
				<total>14</total>
				<timestamp>6060.358683</timestamp>
			</report>
			<report>
				<misses>115800001</misses>
				<total>14</total>
				<timestamp>6065.596513</timestamp>
			</report>
			<report>
				<misses>115900001</misses>
				<total>13</total>
				<timestamp>6070.834435</timestamp>
			</report>
			<report>
				<misses>116000001</misses>
				<total>15</total>
				<timestamp>6076.072284</timestamp>
			</report>
			<report>
				<misses>116100001</misses>
				<total>14</total>
				<timestamp>6081.310118</timestamp>
			</report>
			<report>
				<misses>116200001</misses>
				<total>15</total>
				<timestamp>6086.549538</timestamp>
			</report>
			<report>
				<misses>116300001</misses>
				<total>14</total>
				<timestamp>6091.787393</timestamp>
			</report>
			<report>
				<misses>116400001</misses>
				<total>15</total>
				<timestamp>6097.025328</timestamp>
			</report>
			<report>
				<misses>116500001</misses>
				<total>14</total>
				<timestamp>6102.263206</timestamp>
			</report>
			<report>
				<misses>116600001</misses>
				<total>14</total>
				<timestamp>6107.501183</timestamp>
			</report>
			<report>
				<misses>116700001</misses>
				<total>14</total>
				<timestamp>6112.739065</timestamp>
			</report>
			<report>
				<misses>116800001</misses>
				<total>15</total>
				<timestamp>6117.976892</timestamp>
			</report>
			<report>
				<misses>116900001</misses>
				<total>14</total>
				<timestamp>6123.214721</timestamp>
			</report>
			<report>
				<misses>117000001</misses>
				<total>14</total>
				<timestamp>6128.452590</timestamp>
			</report>
			<report>
				<misses>117100001</misses>
				<total>14</total>
				<timestamp>6133.690418</timestamp>
			</report>
			<report>
				<misses>117200001</misses>
				<total>15</total>
				<timestamp>6138.928359</timestamp>
			</report>
			<report>
				<misses>117300001</misses>
				<total>14</total>
				<timestamp>6144.167690</timestamp>
			</report>
			<report>
				<misses>117400001</misses>
				<total>15</total>
				<timestamp>6149.405510</timestamp>
			</report>
			<report>
				<misses>117500001</misses>
				<total>15</total>
				<timestamp>6154.643415</timestamp>
			</report>
			<report>
				<misses>117600001</misses>
				<total>14</total>
				<timestamp>6159.881300</timestamp>
			</report>
			<report>
				<misses>117700001</misses>
				<total>14</total>
				<timestamp>6165.119105</timestamp>
			</report>
			<report>
				<misses>117800001</misses>
				<total>14</total>
				<timestamp>6170.356943</timestamp>
			</report>
			<report>
				<misses>117900001</misses>
				<total>15</total>
				<timestamp>6175.594733</timestamp>
			</report>
			<report>
				<misses>118000001</misses>
				<total>15</total>
				<timestamp>6180.832601</timestamp>
			</report>
			<report>
				<misses>118100001</misses>
				<total>14</total>
				<timestamp>6186.070459</timestamp>
			</report>
			<report>
				<misses>118200001</misses>
				<total>15</total>
				<timestamp>6191.308261</timestamp>
			</report>
			<report>
				<misses>118300001</misses>
				<total>14</total>
				<timestamp>6196.546148</timestamp>
			</report>
			<report>
				<misses>118400001</misses>
				<total>15</total>
				<timestamp>6201.783939</timestamp>
			</report>
			<report>
				<misses>118500001</misses>
				<total>14</total>
				<timestamp>6207.023347</timestamp>
			</report>
			<report>
				<misses>118600001</misses>
				<total>15</total>
				<timestamp>6212.261151</timestamp>
			</report>
			<report>
				<misses>118700001</misses>
				<total>14</total>
				<timestamp>6217.499008</timestamp>
			</report>
			<report>
				<misses>118800001</misses>
				<total>14</total>
				<timestamp>6222.736913</timestamp>
			</report>
			<report>
				<misses>118900001</misses>
				<total>15</total>
				<timestamp>6227.974719</timestamp>
			</report>
			<report>
				<misses>119000001</misses>
				<total>14</total>
				<timestamp>6233.212556</timestamp>
			</report>
			<report>
				<misses>119100001</misses>
				<total>14</total>
				<timestamp>6238.450472</timestamp>
			</report>
			<report>
				<misses>119200001</misses>
				<total>15</total>
				<timestamp>6243.688335</timestamp>
			</report>
			<report>
				<misses>119300001</misses>
				<total>14</total>
				<timestamp>6248.926202</timestamp>
			</report>
			<report>
				<misses>119400001</misses>
				<total>14</total>
				<timestamp>6254.164208</timestamp>
			</report>
			<report>
				<misses>119500001</misses>
				<total>14</total>
				<timestamp>6259.402037</timestamp>
			</report>
			<report>
				<misses>119600001</misses>
				<total>14</total>
				<timestamp>6264.641510</timestamp>
			</report>
			<report>
				<misses>119700001</misses>
				<total>14</total>
				<timestamp>6269.879389</timestamp>
			</report>
			<report>
				<misses>119800001</misses>
				<total>15</total>
				<timestamp>6275.117246</timestamp>
			</report>
			<report>
				<misses>119900001</misses>
				<total>15</total>
				<timestamp>6280.355052</timestamp>
			</report>
			<report>
				<misses>120000001</misses>
				<total>16</total>
				<timestamp>6285.592963</timestamp>
			</report>
			<report>
				<misses>120100001</misses>
				<total>15</total>
				<timestamp>6290.830801</timestamp>
			</report>
			<report>
				<misses>120200001</misses>
				<total>15</total>
				<timestamp>6296.068713</timestamp>
			</report>
			<report>
				<misses>120300001</misses>
				<total>14</total>
				<timestamp>6301.306534</timestamp>
			</report>
			<report>
				<misses>120400001</misses>
				<total>15</total>
				<timestamp>6306.544324</timestamp>
			</report>
			<report>
				<misses>120500001</misses>
				<total>14</total>
				<timestamp>6311.782173</timestamp>
			</report>
			<report>
				<misses>120600001</misses>
				<total>15</total>
				<timestamp>6317.020137</timestamp>
			</report>
			<report>
				<misses>120700001</misses>
				<total>14</total>
				<timestamp>6322.257955</timestamp>
			</report>
			<report>
				<misses>120800001</misses>
				<total>15</total>
				<timestamp>6327.497450</timestamp>
			</report>
			<report>
				<misses>120900001</misses>
				<total>14</total>
				<timestamp>6332.735321</timestamp>
			</report>
			<report>
				<misses>121000001</misses>
				<total>14</total>
				<timestamp>6337.973219</timestamp>
			</report>
			<report>
				<misses>121100001</misses>
				<total>15</total>
				<timestamp>6343.211029</timestamp>
			</report>
			<report>
				<misses>121200001</misses>
				<total>15</total>
				<timestamp>6348.448847</timestamp>
			</report>
			<report>
				<misses>121300001</misses>
				<total>15</total>
				<timestamp>6353.686695</timestamp>
			</report>
			<report>
				<misses>121400001</misses>
				<total>15</total>
				<timestamp>6358.924513</timestamp>
			</report>
			<report>
				<misses>121500001</misses>
				<total>14</total>
				<timestamp>6364.162398</timestamp>
			</report>
			<report>
				<misses>121600001</misses>
				<total>14</total>
				<timestamp>6369.400218</timestamp>
			</report>
			<report>
				<misses>121700001</misses>
				<total>15</total>
				<timestamp>6374.638029</timestamp>
			</report>
			<report>
				<misses>121800001</misses>
				<total>15</total>
				<timestamp>6379.875826</timestamp>
			</report>
			<report>
				<misses>121900001</misses>
				<total>15</total>
				<timestamp>6385.115197</timestamp>
			</report>
			<report>
				<misses>122000001</misses>
				<total>14</total>
				<timestamp>6390.353014</timestamp>
			</report>
			<report>
				<misses>122100001</misses>
				<total>15</total>
				<timestamp>6395.590905</timestamp>
			</report>
			<report>
				<misses>122200001</misses>
				<total>14</total>
				<timestamp>6400.828833</timestamp>
			</report>
			<report>
				<misses>122300001</misses>
				<total>14</total>
				<timestamp>6406.066750</timestamp>
			</report>
			<report>
				<misses>122400001</misses>
				<total>14</total>
				<timestamp>6411.304580</timestamp>
			</report>
			<report>
				<misses>122500001</misses>
				<total>15</total>
				<timestamp>6416.542460</timestamp>
			</report>
			<report>
				<misses>122600001</misses>
				<total>15</total>
				<timestamp>6421.780251</timestamp>
			</report>
			<report>
				<misses>122700001</misses>
				<total>15</total>
				<timestamp>6427.018076</timestamp>
			</report>
			<report>
				<misses>122800001</misses>
				<total>14</total>
				<timestamp>6432.255892</timestamp>
			</report>
			<report>
				<misses>122900001</misses>
				<total>14</total>
				<timestamp>6437.493823</timestamp>
			</report>
			<report>
				<misses>123000001</misses>
				<total>14</total>
				<timestamp>6442.731735</timestamp>
			</report>
			<report>
				<misses>123100001</misses>
				<total>15</total>
				<timestamp>6447.971253</timestamp>
			</report>
			<report>
				<misses>123200001</misses>
				<total>15</total>
				<timestamp>6453.209073</timestamp>
			</report>
			<report>
				<misses>123300001</misses>
				<total>15</total>
				<timestamp>6458.446897</timestamp>
			</report>
			<report>
				<misses>123400001</misses>
				<total>15</total>
				<timestamp>6463.684810</timestamp>
			</report>
			<report>
				<misses>123500001</misses>
				<total>14</total>
				<timestamp>6468.922628</timestamp>
			</report>
			<report>
				<misses>123600001</misses>
				<total>14</total>
				<timestamp>6474.160549</timestamp>
			</report>
			<report>
				<misses>123700001</misses>
				<total>14</total>
				<timestamp>6479.398416</timestamp>
			</report>
			<report>
				<misses>123800001</misses>
				<total>14</total>
				<timestamp>6484.636265</timestamp>
			</report>
			<report>
				<misses>123900001</misses>
				<total>15</total>
				<timestamp>6489.874087</timestamp>
			</report>
			<report>
				<misses>124000001</misses>
				<total>14</total>
				<timestamp>6495.111943</timestamp>
			</report>
			<report>
				<misses>124100001</misses>
				<total>15</total>
				<timestamp>6500.349845</timestamp>
			</report>
			<report>
				<misses>124200001</misses>
				<total>15</total>
				<timestamp>6505.589332</timestamp>
			</report>
			<report>
				<misses>124300001</misses>
				<total>14</total>
				<timestamp>6510.827133</timestamp>
			</report>
			<report>
				<misses>124400001</misses>
				<total>14</total>
				<timestamp>6516.065010</timestamp>
			</report>
			<report>
				<misses>124500001</misses>
				<total>14</total>
				<timestamp>6521.302843</timestamp>
			</report>
			<report>
				<misses>124600001</misses>
				<total>15</total>
				<timestamp>6526.540781</timestamp>
			</report>
			<report>
				<misses>124700001</misses>
				<total>15</total>
				<timestamp>6531.778625</timestamp>
			</report>
			<report>
				<misses>124800001</misses>
				<total>15</total>
				<timestamp>6537.016423</timestamp>
			</report>
			<report>
				<misses>124900001</misses>
				<total>15</total>
				<timestamp>6542.254279</timestamp>
			</report>
			<report>
				<misses>125000001</misses>
				<total>14</total>
				<timestamp>6547.492152</timestamp>
			</report>
			<report>
				<misses>125100001</misses>
				<total>15</total>
				<timestamp>6552.730049</timestamp>
			</report>
			<report>
				<misses>125200001</misses>
				<total>15</total>
				<timestamp>6557.967884</timestamp>
			</report>
			<report>
				<misses>125300001</misses>
				<total>14</total>
				<timestamp>6563.207222</timestamp>
			</report>
			<report>
				<misses>125400001</misses>
				<total>15</total>
				<timestamp>6568.445040</timestamp>
			</report>
			<report>
				<misses>125500001</misses>
				<total>14</total>
				<timestamp>6573.682868</timestamp>
			</report>
			<report>
				<misses>125600001</misses>
				<total>14</total>
				<timestamp>6578.920703</timestamp>
			</report>
			<report>
				<misses>125700001</misses>
				<total>14</total>
				<timestamp>6584.158509</timestamp>
			</report>
			<report>
				<misses>125800001</misses>
				<total>15</total>
				<timestamp>6589.396345</timestamp>
			</report>
			<report>
				<misses>125900001</misses>
				<total>15</total>
				<timestamp>6594.634210</timestamp>
			</report>
			<report>
				<misses>126000001</misses>
				<total>15</total>
				<timestamp>6599.872033</timestamp>
			</report>
			<report>
				<misses>126100001</misses>
				<total>15</total>
				<timestamp>6605.109888</timestamp>
			</report>
			<report>
				<misses>126200001</misses>
				<total>14</total>
				<timestamp>6610.347767</timestamp>
			</report>
			<report>
				<misses>126300001</misses>
				<total>14</total>
				<timestamp>6615.585584</timestamp>
			</report>
			<report>
				<misses>126400001</misses>
				<total>14</total>
				<timestamp>6620.823460</timestamp>
			</report>
			<report>
				<misses>126500001</misses>
				<total>15</total>
				<timestamp>6626.062801</timestamp>
			</report>
			<report>
				<misses>126600001</misses>
				<total>14</total>
				<timestamp>6631.300661</timestamp>
			</report>
			<report>
				<misses>126700001</misses>
				<total>15</total>
				<timestamp>6636.538504</timestamp>
			</report>
			<report>
				<misses>126800001</misses>
				<total>14</total>
				<timestamp>6641.776375</timestamp>
			</report>
			<report>
				<misses>126900001</misses>
				<total>14</total>
				<timestamp>6647.014235</timestamp>
			</report>
			<report>
				<misses>127000001</misses>
				<total>15</total>
				<timestamp>6652.252101</timestamp>
			</report>
			<report>
				<misses>127100001</misses>
				<total>14</total>
				<timestamp>6657.489965</timestamp>
			</report>
			<report>
				<misses>127200001</misses>
				<total>14</total>
				<timestamp>6662.727774</timestamp>
			</report>
			<report>
				<misses>127300001</misses>
				<total>14</total>
				<timestamp>6667.965748</timestamp>
			</report>
			<report>
				<misses>127400001</misses>
				<total>14</total>
				<timestamp>6673.203567</timestamp>
			</report>
			<report>
				<misses>127500001</misses>
				<total>14</total>
				<timestamp>6678.441405</timestamp>
			</report>
			<report>
				<misses>127600001</misses>
				<total>15</total>
				<timestamp>6683.680757</timestamp>
			</report>
			<report>
				<misses>127700001</misses>
				<total>14</total>
				<timestamp>6688.918611</timestamp>
			</report>
			<report>
				<misses>127800001</misses>
				<total>15</total>
				<timestamp>6694.156450</timestamp>
			</report>
			<report>
				<misses>127900001</misses>
				<total>14</total>
				<timestamp>6699.394252</timestamp>
			</report>
			<report>
				<misses>128000001</misses>
				<total>14</total>
				<timestamp>6704.632108</timestamp>
			</report>
			<report>
				<misses>128100001</misses>
				<total>15</total>
				<timestamp>6709.869921</timestamp>
			</report>
			<report>
				<misses>128200001</misses>
				<total>15</total>
				<timestamp>6715.107781</timestamp>
			</report>
			<report>
				<misses>128300001</misses>
				<total>14</total>
				<timestamp>6720.345611</timestamp>
			</report>
			<report>
				<misses>128400001</misses>
				<total>14</total>
				<timestamp>6725.583472</timestamp>
			</report>
			<report>
				<misses>128500001</misses>
				<total>14</total>
				<timestamp>6730.821380</timestamp>
			</report>
			<report>
				<misses>128600001</misses>
				<total>14</total>
				<timestamp>6736.059239</timestamp>
			</report>
			<report>
				<misses>128700001</misses>
				<total>14</total>
				<timestamp>6741.297076</timestamp>
			</report>
			<report>
				<misses>128800001</misses>
				<total>15</total>
				<timestamp>6746.536479</timestamp>
			</report>
			<report>
				<misses>128900001</misses>
				<total>14</total>
				<timestamp>6751.774347</timestamp>
			</report>
			<report>
				<misses>129000001</misses>
				<total>15</total>
				<timestamp>6757.012146</timestamp>
			</report>
			<report>
				<misses>129100001</misses>
				<total>14</total>
				<timestamp>6762.250061</timestamp>
			</report>
			<report>
				<misses>129200001</misses>
				<total>15</total>
				<timestamp>6767.487922</timestamp>
			</report>
			<report>
				<misses>129300001</misses>
				<total>15</total>
				<timestamp>6772.725761</timestamp>
			</report>
			<report>
				<misses>129400001</misses>
				<total>14</total>
				<timestamp>6777.963599</timestamp>
			</report>
			<report>
				<misses>129500001</misses>
				<total>14</total>
				<timestamp>6783.201425</timestamp>
			</report>
			<report>
				<misses>129600001</misses>
				<total>16</total>
				<timestamp>6788.439228</timestamp>
			</report>
			<report>
				<misses>129700001</misses>
				<total>14</total>
				<timestamp>6793.677151</timestamp>
			</report>
			<report>
				<misses>129800001</misses>
				<total>15</total>
				<timestamp>6798.915010</timestamp>
			</report>
			<report>
				<misses>129900001</misses>
				<total>15</total>
				<timestamp>6804.154326</timestamp>
			</report>
			<report>
				<misses>130000001</misses>
				<total>14</total>
				<timestamp>6809.392161</timestamp>
			</report>
			<report>
				<misses>130100001</misses>
				<total>14</total>
				<timestamp>6814.630033</timestamp>
			</report>
			<report>
				<misses>130200001</misses>
				<total>14</total>
				<timestamp>6819.867854</timestamp>
			</report>
			<report>
				<misses>130300001</misses>
				<total>16</total>
				<timestamp>6825.105717</timestamp>
			</report>
			<report>
				<misses>130400001</misses>
				<total>15</total>
				<timestamp>6830.343564</timestamp>
			</report>
			<report>
				<misses>130500001</misses>
				<total>15</total>
				<timestamp>6835.581386</timestamp>
			</report>
			<report>
				<misses>130600001</misses>
				<total>15</total>
				<timestamp>6840.819274</timestamp>
			</report>
			<report>
				<misses>130700001</misses>
				<total>16</total>
				<timestamp>6846.057120</timestamp>
			</report>
			<report>
				<misses>130800001</misses>
				<total>16</total>
				<timestamp>6851.294959</timestamp>
			</report>
			<report>
				<misses>130900001</misses>
				<total>16</total>
				<timestamp>6856.532908</timestamp>
			</report>
			<report>
				<misses>131000001</misses>
				<total>16</total>
				<timestamp>6861.770695</timestamp>
			</report>
			<report>
				<misses>131100001</misses>
				<total>16</total>
				<timestamp>6867.010128</timestamp>
			</report>
			<report>
				<misses>131200001</misses>
				<total>15</total>
				<timestamp>6872.247993</timestamp>
			</report>
			<report>
				<misses>131300001</misses>
				<total>16</total>
				<timestamp>6877.485830</timestamp>
			</report>
			<report>
				<misses>131400001</misses>
				<total>15</total>
				<timestamp>6882.723686</timestamp>
			</report>
			<report>
				<misses>131500001</misses>
				<total>16</total>
				<timestamp>6887.961600</timestamp>
			</report>
			<report>
				<misses>131600001</misses>
				<total>16</total>
				<timestamp>6893.199437</timestamp>
			</report>
			<report>
				<misses>131700001</misses>
				<total>16</total>
				<timestamp>6898.437275</timestamp>
			</report>
			<report>
				<misses>131800001</misses>
				<total>16</total>
				<timestamp>6903.675198</timestamp>
			</report>
			<report>
				<misses>131900001</misses>
				<total>17</total>
				<timestamp>6908.913050</timestamp>
			</report>
			<report>
				<misses>132000001</misses>
				<total>16</total>
				<timestamp>6914.151060</timestamp>
			</report>
			<report>
				<misses>132100001</misses>
				<total>16</total>
				<timestamp>6919.388937</timestamp>
			</report>
			<report>
				<misses>132200001</misses>
				<total>17</total>
				<timestamp>6924.628334</timestamp>
			</report>
			<report>
				<misses>132300001</misses>
				<total>16</total>
				<timestamp>6929.866157</timestamp>
			</report>
			<report>
				<misses>132400001</misses>
				<total>16</total>
				<timestamp>6935.104059</timestamp>
			</report>
			<report>
				<misses>132500001</misses>
				<total>17</total>
				<timestamp>6940.341863</timestamp>
			</report>
			<report>
				<misses>132600001</misses>
				<total>16</total>
				<timestamp>6945.579670</timestamp>
			</report>
			<report>
				<misses>132700001</misses>
				<total>17</total>
				<timestamp>6950.817558</timestamp>
			</report>
			<report>
				<misses>132800001</misses>
				<total>17</total>
				<timestamp>6956.055432</timestamp>
			</report>
			<report>
				<misses>132900001</misses>
				<total>16</total>
				<timestamp>6961.293307</timestamp>
			</report>
			<report>
				<misses>133000001</misses>
				<total>16</total>
				<timestamp>6966.531200</timestamp>
			</report>
			<report>
				<misses>133100001</misses>
				<total>16</total>
				<timestamp>6971.769047</timestamp>
			</report>
			<report>
				<misses>133200001</misses>
				<total>17</total>
				<timestamp>6977.006861</timestamp>
			</report>
			<report>
				<misses>133300001</misses>
				<total>17</total>
				<timestamp>6982.244731</timestamp>
			</report>
			<report>
				<misses>133400001</misses>
				<total>17</total>
				<timestamp>6987.484085</timestamp>
			</report>
			<report>
				<misses>133500001</misses>
				<total>16</total>
				<timestamp>6992.721883</timestamp>
			</report>
			<report>
				<misses>133600001</misses>
				<total>17</total>
				<timestamp>6997.959732</timestamp>
			</report>
			<report>
				<misses>133700001</misses>
				<total>17</total>
				<timestamp>7003.197574</timestamp>
			</report>
			<report>
				<misses>133800001</misses>
				<total>17</total>
				<timestamp>7008.435462</timestamp>
			</report>
			<report>
				<misses>133900001</misses>
				<total>16</total>
				<timestamp>7013.673337</timestamp>
			</report>
			<report>
				<misses>134000001</misses>
				<total>16</total>
				<timestamp>7018.911191</timestamp>
			</report>
			<report>
				<misses>134100001</misses>
				<total>16</total>
				<timestamp>7024.149059</timestamp>
			</report>
			<report>
				<misses>134200001</misses>
				<total>16</total>
				<timestamp>7029.386893</timestamp>
			</report>
			<report>
				<misses>134300001</misses>
				<total>16</total>
				<timestamp>7034.624924</timestamp>
			</report>
			<report>
				<misses>134400001</misses>
				<total>16</total>
				<timestamp>7039.862742</timestamp>
			</report>
			<report>
				<misses>134500001</misses>
				<total>17</total>
				<timestamp>7045.102078</timestamp>
			</report>
			<report>
				<misses>134600001</misses>
				<total>17</total>
				<timestamp>7050.339907</timestamp>
			</report>
			<report>
				<misses>134700001</misses>
				<total>16</total>
				<timestamp>7055.577779</timestamp>
			</report>
			<report>
				<misses>134800001</misses>
				<total>17</total>
				<timestamp>7060.815648</timestamp>
			</report>
			<report>
				<misses>134900001</misses>
				<total>17</total>
				<timestamp>7066.053556</timestamp>
			</report>
			<report>
				<misses>135000001</misses>
				<total>16</total>
				<timestamp>7071.291387</timestamp>
			</report>
			<report>
				<misses>135100001</misses>
				<total>16</total>
				<timestamp>7076.529224</timestamp>
			</report>
			<report>
				<misses>135200001</misses>
				<total>16</total>
				<timestamp>7081.767088</timestamp>
			</report>
			<report>
				<misses>135300001</misses>
				<total>16</total>
				<timestamp>7087.004910</timestamp>
			</report>
			<report>
				<misses>135400001</misses>
				<total>17</total>
				<timestamp>7092.242739</timestamp>
			</report>
			<report>
				<misses>135500001</misses>
				<total>16</total>
				<timestamp>7097.480574</timestamp>
			</report>
			<report>
				<misses>135600001</misses>
				<total>17</total>
				<timestamp>7102.718408</timestamp>
			</report>
			<report>
				<misses>135700001</misses>
				<total>17</total>
				<timestamp>7107.957692</timestamp>
			</report>
			<report>
				<misses>135800001</misses>
				<total>16</total>
				<timestamp>7113.195569</timestamp>
			</report>
			<report>
				<misses>135900001</misses>
				<total>16</total>
				<timestamp>7118.433424</timestamp>
			</report>
			<report>
				<misses>136000001</misses>
				<total>17</total>
				<timestamp>7123.671262</timestamp>
			</report>
			<report>
				<misses>136100001</misses>
				<total>17</total>
				<timestamp>7128.909140</timestamp>
			</report>
			<report>
				<misses>136200001</misses>
				<total>17</total>
				<timestamp>7134.146971</timestamp>
			</report>
			<report>
				<misses>136300001</misses>
				<total>16</total>
				<timestamp>7139.384856</timestamp>
			</report>
			<report>
				<misses>136400001</misses>
				<total>16</total>
				<timestamp>7144.622664</timestamp>
			</report>
			<report>
				<misses>136500001</misses>
				<total>17</total>
				<timestamp>7149.860576</timestamp>
			</report>
			<report>
				<misses>136600001</misses>
				<total>17</total>
				<timestamp>7155.098411</timestamp>
			</report>
			<report>
				<misses>136700001</misses>
				<total>16</total>
				<timestamp>7160.336317</timestamp>
			</report>
			<report>
				<misses>136800001</misses>
				<total>17</total>
				<timestamp>7165.575689</timestamp>
			</report>
			<report>
				<misses>136900001</misses>
				<total>16</total>
				<timestamp>7170.813611</timestamp>
			</report>
			<report>
				<misses>137000001</misses>
				<total>16</total>
				<timestamp>7176.051504</timestamp>
			</report>
			<report>
				<misses>137100001</misses>
				<total>16</total>
				<timestamp>7181.289346</timestamp>
			</report>
			<report>
				<misses>137200001</misses>
				<total>17</total>
				<timestamp>7186.527242</timestamp>
			</report>
			<report>
				<misses>137300001</misses>
				<total>17</total>
				<timestamp>7191.765084</timestamp>
			</report>
			<report>
				<misses>137400001</misses>
				<total>16</total>
				<timestamp>7197.002889</timestamp>
			</report>
		</query>
	</custom>
	<ethtool_statistic>
		<rx_packets>
			<start>600139623</start>
			<end>1483038700</end>
		</rx_packets>
		<tx_packets>
			<start>1425889823</start>
			<end>2525534188</end>
		</tx_packets>
		<rx_dropped>
			<start>0</start>
			<end>0</end>
		</rx_dropped>
		<tx_dropped>
			<start>0</start>
			<end>0</end>
		</tx_dropped>
		<collisions>
			<start>0</start>
			<end>0</end>
		</collisions>
		<port_tx_errors>
			<start>-1</start>
			<end>-1</end>
		</port_tx_errors>
		<port_rx_dropped>
			<start>-1</start>
			<end>-1</end>
		</port_rx_dropped>
		<port_tx_dropped_link_down>
			<start>-1</start>
			<end>-1</end>
		</port_tx_dropped_link_down>
	</ethtool_statistic>
	<ip_statistic>
		<mtu>
			<start>9000</start>
			<end>9000</end>
		</mtu>
		<rx_bytes>
			<start>2736331174456</start>
			<end>9940751738050</end>
		</rx_bytes>
		<rx_packets>
			<start>600139876</start>
			<end>1483038700</end>
		</rx_packets>
		<rx_errors>
			<start>0</start>
			<end>0</end>
		</rx_errors>
		<rx_dropped>
			<start>0</start>
			<end>0</end>
		</rx_dropped>
		<rx_missed>
			<start>0</start>
			<end>19414</end>
		</rx_missed>
		<rx_mcast>
			<start>20</start>
			<end>24</end>
		</rx_mcast>
		<tx_bytes>
			<start>5747856836748</start>
			<end>14720931328638</end>
		</tx_bytes>
		<tx_packets>
			<start>1425889823</start>
			<end>2525534188</end>
		</tx_packets>
		<tx_errors>
			<start>0</start>
			<end>0</end>
		</tx_errors>
		<tx_dropped>
			<start>0</start>
			<end>0</end>
		</tx_dropped>
		<tx_carrier>
			<start>0</start>
			<end>0</end>
		</tx_carrier>
		<tx_collisions>
			<start>0</start>
			<end>0</end>
		</tx_collisions>
	</ip_statistic>
	<netstat_statistic>
		<udp_pkg_rec>
			<start>1203013892</start>
			<end>1423618587</end>
		</udp_pkg_rec>
		<udp_pkg_snt>
			<start>2848840487</start>
			<end>3123794748</end>
		</udp_pkg_snt>
		<udp_rec_err>
			<start>0</start>
			<end>0</end>
		</udp_rec_err>
		<udp_rec_buf_err>
			<start>0</start>
			<end>0</end>
		</udp_rec_buf_err>
		<udp_snt_buf_err>
			<start>0</start>
			<end>0</end>
		</udp_snt_buf_err>
	</netstat_statistic>
</test_results>
