<?xml version="1.0"?>
<test_results>
	<status>STATUS_SUCCESS</status>
	<custom>
		<num_loss>4958075</num_loss>
		<num_total>5000001</num_total>
		<num_misses>23403</num_misses>
		<elapsed_time>351.634986</elapsed_time>
		<query>
			<report>
				<misses>100000</misses>
				<total>99312</total>
				<timestamp>7.011455</timestamp>
			</report>
			<report>
				<misses>200000</misses>
				<total>199311</total>
				<timestamp>14.034140</timestamp>
			</report>
			<report>
				<misses>300000</misses>
				<total>299310</total>
				<timestamp>21.051978</timestamp>
			</report>
			<report>
				<misses>400000</misses>
				<total>395578</total>
				<timestamp>28.074976</timestamp>
			</report>
			<report>
				<misses>500000</misses>
				<total>495577</total>
				<timestamp>35.120419</timestamp>
			</report>
			<report>
				<misses>600000</misses>
				<total>595576</total>
				<timestamp>42.137798</timestamp>
			</report>
			<report>
				<misses>700000</misses>
				<total>695575</total>
				<timestamp>49.167997</timestamp>
			</report>
			<report>
				<misses>800000</misses>
				<total>791424</total>
				<timestamp>56.177784</timestamp>
			</report>
			<report>
				<misses>900000</misses>
				<total>891423</total>
				<timestamp>63.186179</timestamp>
			</report>
			<report>
				<misses>1000000</misses>
				<total>991422</total>
				<timestamp>70.305302</timestamp>
			</report>
			<report>
				<misses>1100000</misses>
				<total>1091421</total>
				<timestamp>77.331997</timestamp>
			</report>
			<report>
				<misses>1200000</misses>
				<total>1188792</total>
				<timestamp>84.382471</timestamp>
			</report>
			<report>
				<misses>1300000</misses>
				<total>1288791</total>
				<timestamp>91.458130</timestamp>
			</report>
			<report>
				<misses>1400000</misses>
				<total>1388790</total>
				<timestamp>98.479282</timestamp>
			</report>
			<report>
				<misses>1500000</misses>
				<total>1488789</total>
				<timestamp>105.493957</timestamp>
			</report>
			<report>
				<misses>1600000</misses>
				<total>1587349</total>
				<timestamp>112.510001</timestamp>
			</report>
			<report>
				<misses>1700000</misses>
				<total>1687348</total>
				<timestamp>119.558267</timestamp>
			</report>
			<report>
				<misses>1800000</misses>
				<total>1787347</total>
				<timestamp>126.638352</timestamp>
			</report>
			<report>
				<misses>1900000</misses>
				<total>1887346</total>
				<timestamp>133.672801</timestamp>
			</report>
			<report>
				<misses>2000000</misses>
				<total>1981165</total>
				<timestamp>140.682097</timestamp>
			</report>
			<report>
				<misses>2100000</misses>
				<total>2081164</total>
				<timestamp>147.719766</timestamp>
			</report>
			<report>
				<misses>2200000</misses>
				<total>2181163</total>
				<timestamp>154.761287</timestamp>
			</report>
			<report>
				<misses>2300000</misses>
				<total>2281162</total>
				<timestamp>161.812576</timestamp>
			</report>
			<report>
				<misses>2400000</misses>
				<total>2377079</total>
				<timestamp>168.855654</timestamp>
			</report>
			<report>
				<misses>2500000</misses>
				<total>2477078</total>
				<timestamp>175.863219</timestamp>
			</report>
			<report>
				<misses>2600000</misses>
				<total>2577077</total>
				<timestamp>182.892602</timestamp>
			</report>
			<report>
				<misses>2700000</misses>
				<total>2677076</total>
				<timestamp>189.931482</timestamp>
			</report>
			<report>
				<misses>2800000</misses>
				<total>2772578</total>
				<timestamp>196.982044</timestamp>
			</report>
			<report>
				<misses>2900000</misses>
				<total>2872577</total>
				<timestamp>204.002808</timestamp>
			</report>
			<report>
				<misses>3000000</misses>
				<total>2972576</total>
				<timestamp>211.019417</timestamp>
			</report>
			<report>
				<misses>3100000</misses>
				<total>3070111</total>
				<timestamp>218.038561</timestamp>
			</report>
			<report>
				<misses>3200000</misses>
				<total>3170069</total>
				<timestamp>225.056268</timestamp>
			</report>
			<report>
				<misses>3300000</misses>
				<total>3270068</total>
				<timestamp>232.081775</timestamp>
			</report>
			<report>
				<misses>3400000</misses>
				<total>3370067</total>
				<timestamp>239.109597</timestamp>
			</report>
			<report>
				<misses>3500000</misses>
				<total>3466751</total>
				<timestamp>246.137842</timestamp>
			</report>
			<report>
				<misses>3600000</misses>
				<total>3566750</total>
				<timestamp>253.159955</timestamp>
			</report>
			<report>
				<misses>3700000</misses>
				<total>3666749</total>
				<timestamp>260.175105</timestamp>
			</report>
			<report>
				<misses>3800000</misses>
				<total>3766748</total>
				<timestamp>267.217428</timestamp>
			</report>
			<report>
				<misses>3900000</misses>
				<total>3864371</total>
				<timestamp>274.251334</timestamp>
			</report>
			<report>
				<misses>4000000</misses>
				<total>3964370</total>
				<timestamp>281.303822</timestamp>
			</report>
			<report>
				<misses>4100000</misses>
				<total>4064369</total>
				<timestamp>288.380317</timestamp>
			</report>
			<report>
				<misses>4200000</misses>
				<total>4164368</total>
				<timestamp>295.416727</timestamp>
			</report>
			<report>
				<misses>4300000</misses>
				<total>4261321</total>
				<timestamp>302.446883</timestamp>
			</report>
			<report>
				<misses>4400000</misses>
				<total>4361320</total>
				<timestamp>309.463606</timestamp>
			</report>
			<report>
				<misses>4500000</misses>
				<total>4461319</total>
				<timestamp>316.469563</timestamp>
			</report>
			<report>
				<misses>4600000</misses>
				<total>4561318</total>
				<timestamp>323.489423</timestamp>
			</report>
			<report>
				<misses>4700000</misses>
				<total>4658078</total>
				<timestamp>330.512727</timestamp>
			</report>
			<report>
				<misses>4800000</misses>
				<total>4758077</total>
				<timestamp>337.532245</timestamp>
			</report>
			<report>
				<misses>4900000</misses>
				<total>4858076</total>
				<timestamp>344.593659</timestamp>
			</report>
			<report>
				<misses>5000000</misses>
				<total>4958075</total>
				<timestamp>351.634948</timestamp>
			</report>
		</query>
	</custom>
	<ethtool_statistic>
		<rx_packets>
			<start>3500909723</start>
			<end>3517511811</end>
		</rx_packets>
		<tx_packets>
			<start>3712585185</start>
			<end>3762546954</end>
		</tx_packets>
		<rx_dropped>
			<start>0</start>
			<end>0</end>
		</rx_dropped>
		<tx_dropped>
			<start>0</start>
			<end>0</end>
		</tx_dropped>
		<collisions>
			<start>0</start>
			<end>0</end>
		</collisions>
		<port_tx_errors>
			<start>0</start>
			<end>0</end>
		</port_tx_errors>
		<port_rx_dropped>
			<start>0</start>
			<end>0</end>
		</port_rx_dropped>
		<port_tx_dropped_link_down>
			<start>0</start>
			<end>0</end>
		</port_tx_dropped_link_down>
	</ethtool_statistic>
	<ip_statistic>
		<mtu>
			<start>9000</start>
			<end>9000</end>
		</mtu>
		<rx_bytes>
			<start>31471989597583</start>
			<end>31621237887514</end>
		</rx_bytes>
		<rx_packets>
			<start>3500909743</start>
			<end>3517511867</end>
		</rx_packets>
		<rx_errors>
			<start>0</start>
			<end>0</end>
		</rx_errors>
		<rx_dropped>
			<start>0</start>
			<end>0</end>
		</rx_dropped>
		<rx_missed>
			<start>0</start>
			<end>0</end>
		</rx_missed>
		<rx_mcast>
			<start>758</start>
			<end>762</end>
		</rx_mcast>
		<tx_bytes>
			<start>21440873591259</start>
			<end>21856824567588</end>
		</tx_bytes>
		<tx_packets>
			<start>3712585220</start>
			<end>3762547010</end>
		</tx_packets>
		<tx_errors>
			<start>0</start>
			<end>0</end>
		</tx_errors>
		<tx_dropped>
			<start>0</start>
			<end>0</end>
		</tx_dropped>
		<tx_carrier>
			<start>0</start>
			<end>0</end>
		</tx_carrier>
		<tx_collisions>
			<start>0</start>
			<end>0</end>
		</tx_collisions>
	</ip_statistic>
	<netstat_statistic>
		<udp_pkg_rec>
			<start>3305209302</start>
			<end>3321072672</end>
		</udp_pkg_rec>
		<udp_pkg_snt>
			<start>3661088600</start>
			<end>3676052908</end>
		</udp_pkg_snt>
		<udp_rec_err>
			<start>196003529</start>
			<end>196743749</end>
		</udp_rec_err>
		<udp_rec_buf_err>
			<start>196003529</start>
			<end>196743749</end>
		</udp_rec_buf_err>
		<udp_snt_buf_err>
			<start>0</start>
			<end>0</end>
		</udp_snt_buf_err>
	</netstat_statistic>
</test_results>
