<?xml version="1.0"?>
<test_results>
	<status>STATUS_SUCCESS</status>
	<custom>
		<num_loss>61</num_loss>
		<num_total>5000001</num_total>
		<num_misses>74</num_misses>
		<elapsed_time>550.002830</elapsed_time>
		<query>
			<report>
				<misses>100000</misses>
				<total>0</total>
				<timestamp>11.000423</timestamp>
			</report>
			<report>
				<misses>200000</misses>
				<total>0</total>
				<timestamp>22.000987</timestamp>
			</report>
			<report>
				<misses>300000</misses>
				<total>0</total>
				<timestamp>33.001194</timestamp>
			</report>
			<report>
				<misses>400000</misses>
				<total>1</total>
				<timestamp>44.001586</timestamp>
			</report>
			<report>
				<misses>500000</misses>
				<total>2</total>
				<timestamp>55.001773</timestamp>
			</report>
			<report>
				<misses>600000</misses>
				<total>2</total>
				<timestamp>66.001858</timestamp>
			</report>
			<report>
				<misses>700000</misses>
				<total>6</total>
				<timestamp>77.001963</timestamp>
			</report>
			<report>
				<misses>800000</misses>
				<total>9</total>
				<timestamp>88.001971</timestamp>
			</report>
			<report>
				<misses>900000</misses>
				<total>18</total>
				<timestamp>99.002067</timestamp>
			</report>
			<report>
				<misses>1000000</misses>
				<total>20</total>
				<timestamp>110.001958</timestamp>
			</report>
			<report>
				<misses>1100000</misses>
				<total>20</total>
				<timestamp>121.001856</timestamp>
			</report>
			<report>
				<misses>1200000</misses>
				<total>20</total>
				<timestamp>132.001846</timestamp>
			</report>
			<report>
				<misses>1300000</misses>
				<total>22</total>
				<timestamp>143.001778</timestamp>
			</report>
			<report>
				<misses>1400000</misses>
				<total>22</total>
				<timestamp>154.001866</timestamp>
			</report>
			<report>
				<misses>1500000</misses>
				<total>22</total>
				<timestamp>165.001860</timestamp>
			</report>
			<report>
				<misses>1600000</misses>
				<total>23</total>
				<timestamp>176.001805</timestamp>
			</report>
			<report>
				<misses>1700000</misses>
				<total>23</total>
				<timestamp>187.001852</timestamp>
			</report>
			<report>
				<misses>1800000</misses>
				<total>23</total>
				<timestamp>198.001799</timestamp>
			</report>
			<report>
				<misses>1900000</misses>
				<total>25</total>
				<timestamp>209.002307</timestamp>
			</report>
			<report>
				<misses>2000000</misses>
				<total>26</total>
				<timestamp>220.002362</timestamp>
			</report>
			<report>
				<misses>2100000</misses>
				<total>26</total>
				<timestamp>231.002175</timestamp>
			</report>
			<report>
				<misses>2200000</misses>
				<total>27</total>
				<timestamp>242.002190</timestamp>
			</report>
			<report>
				<misses>2300000</misses>
				<total>28</total>
				<timestamp>253.002334</timestamp>
			</report>
			<report>
				<misses>2400000</misses>
				<total>28</total>
				<timestamp>264.002547</timestamp>
			</report>
			<report>
				<misses>2500000</misses>
				<total>28</total>
				<timestamp>275.002423</timestamp>
			</report>
			<report>
				<misses>2600000</misses>
				<total>28</total>
				<timestamp>286.002571</timestamp>
			</report>
			<report>
				<misses>2700000</misses>
				<total>30</total>
				<timestamp>297.002418</timestamp>
			</report>
			<report>
				<misses>2800000</misses>
				<total>30</total>
				<timestamp>308.002440</timestamp>
			</report>
			<report>
				<misses>2900000</misses>
				<total>36</total>
				<timestamp>319.002293</timestamp>
			</report>
			<report>
				<misses>3000000</misses>
				<total>37</total>
				<timestamp>330.002198</timestamp>
			</report>
			<report>
				<misses>3100000</misses>
				<total>42</total>
				<timestamp>341.002086</timestamp>
			</report>
			<report>
				<misses>3200000</misses>
				<total>42</total>
				<timestamp>352.002301</timestamp>
			</report>
			<report>
				<misses>3300000</misses>
				<total>42</total>
				<timestamp>363.002206</timestamp>
			</report>
			<report>
				<misses>3400000</misses>
				<total>46</total>
				<timestamp>374.002100</timestamp>
			</report>
			<report>
				<misses>3500000</misses>
				<total>46</total>
				<timestamp>385.001985</timestamp>
			</report>
			<report>
				<misses>3600000</misses>
				<total>47</total>
				<timestamp>396.001855</timestamp>
			</report>
			<report>
				<misses>3700000</misses>
				<total>47</total>
				<timestamp>407.001806</timestamp>
			</report>
			<report>
				<misses>3800000</misses>
				<total>47</total>
				<timestamp>418.001695</timestamp>
			</report>
			<report>
				<misses>3900000</misses>
				<total>49</total>
				<timestamp>429.001577</timestamp>
			</report>
			<report>
				<misses>4000000</misses>
				<total>52</total>
				<timestamp>440.001750</timestamp>
			</report>
			<report>
				<misses>4100000</misses>
				<total>53</total>
				<timestamp>451.001782</timestamp>
			</report>
			<report>
				<misses>4200000</misses>
				<total>53</total>
				<timestamp>462.001800</timestamp>
			</report>
			<report>
				<misses>4300000</misses>
				<total>53</total>
				<timestamp>473.002300</timestamp>
			</report>
			<report>
				<misses>4400000</misses>
				<total>54</total>
				<timestamp>484.002589</timestamp>
			</report>
			<report>
				<misses>4500000</misses>
				<total>54</total>
				<timestamp>495.002672</timestamp>
			</report>
			<report>
				<misses>4600000</misses>
				<total>54</total>
				<timestamp>506.002578</timestamp>
			</report>
			<report>
				<misses>4700000</misses>
				<total>54</total>
				<timestamp>517.002565</timestamp>
			</report>
			<report>
				<misses>4800000</misses>
				<total>56</total>
				<timestamp>528.002857</timestamp>
			</report>
			<report>
				<misses>4900000</misses>
				<total>56</total>
				<timestamp>539.002803</timestamp>
			</report>
			<report>
				<misses>5000000</misses>
				<total>61</total>
				<timestamp>550.002805</timestamp>
			</report>
		</query>
	</custom>
	<ethtool_statistic>
		<rx_packets>
			<start>2802929518</start>
			<end>2828761568</end>
		</rx_packets>
		<tx_packets>
			<start>3149975902</start>
			<end>3170479836</end>
		</tx_packets>
		<rx_dropped>
			<start>0</start>
			<end>0</end>
		</rx_dropped>
		<tx_dropped>
			<start>0</start>
			<end>0</end>
		</tx_dropped>
		<collisions>
			<start>0</start>
			<end>0</end>
		</collisions>
		<port_tx_errors>
			<start>0</start>
			<end>0</end>
		</port_tx_errors>
		<port_rx_dropped>
			<start>0</start>
			<end>0</end>
		</port_rx_dropped>
		<port_tx_dropped_link_down>
			<start>0</start>
			<end>0</end>
		</port_tx_dropped_link_down>
	</ethtool_statistic>
	<ip_statistic>
		<mtu>
			<start>9000</start>
			<end>9000</end>
		</mtu>
		<rx_bytes>
			<start>25197382248695</start>
			<end>25429607918100</end>
		</rx_bytes>
		<rx_packets>
			<start>2802929707</start>
			<end>2828761604</end>
		</rx_packets>
		<rx_errors>
			<start>0</start>
			<end>0</end>
		</rx_errors>
		<rx_dropped>
			<start>0</start>
			<end>0</end>
		</rx_dropped>
		<rx_missed>
			<start>0</start>
			<end>0</end>
		</rx_missed>
		<rx_mcast>
			<start>541</start>
			<end>549</end>
		</rx_mcast>
		<tx_bytes>
			<start>16436781102506</start>
			<end>16620869095180</end>
		</tx_bytes>
		<tx_packets>
			<start>3149975948</start>
			<end>3170479893</end>
		</tx_packets>
		<tx_errors>
			<start>0</start>
			<end>0</end>
		</tx_errors>
		<tx_dropped>
			<start>0</start>
			<end>0</end>
		</tx_dropped>
		<tx_carrier>
			<start>0</start>
			<end>0</end>
		</tx_carrier>
		<tx_collisions>
			<start>0</start>
			<end>0</end>
		</tx_collisions>
	</ip_statistic>
	<netstat_statistic>
		<udp_pkg_rec>
			<start>2642363227</start>
			<end>2666646595</end>
		</udp_pkg_rec>
		<udp_pkg_snt>
			<start>3150227067</start>
			<end>3170735261</end>
		</udp_pkg_snt>
		<udp_rec_err>
			<start>160810287</start>
			<end>162361568</end>
		</udp_rec_err>
		<udp_rec_buf_err>
			<start>160810287</start>
			<end>162361568</end>
		</udp_rec_buf_err>
		<udp_snt_buf_err>
			<start>0</start>
			<end>0</end>
		</udp_snt_buf_err>
	</netstat_statistic>
</test_results>
