<?xml version="1.0"?>
<test_results>
	<status>STATUS_SUCCESS</status>
	<custom>
		<num_loss>88</num_loss>
		<num_total>1000001</num_total>
		<num_misses>3</num_misses>
		<elapsed_time>190.000610</elapsed_time>
		<query />
	</custom>
	<ethtool_statistic>
		<rx_packets>
			<start>3848081729</start>
			<end>3863574997</end>
		</rx_packets>
		<tx_packets>
			<start>6353113984</start>
			<end>6381011554</end>
		</tx_packets>
		<rx_dropped>
			<start>0</start>
			<end>0</end>
		</rx_dropped>
		<tx_dropped>
			<start>0</start>
			<end>0</end>
		</tx_dropped>
		<collisions>
			<start>0</start>
			<end>0</end>
		</collisions>
		<port_tx_errors>
			<start>0</start>
			<end>0</end>
		</port_tx_errors>
		<port_rx_dropped>
			<start>0</start>
			<end>0</end>
		</port_rx_dropped>
		<port_tx_dropped_link_down>
			<start>0</start>
			<end>0</end>
		</port_tx_dropped_link_down>
	</ethtool_statistic>
	<ip_statistic>
		<mtu>
			<start>9000</start>
			<end>9000</end>
		</mtu>
		<rx_bytes>
			<start>15729454690630</start>
			<end>15793401481366</end>
		</rx_bytes>
		<rx_packets>
			<start>3848081866</start>
			<end>3863575447</end>
		</rx_packets>
		<rx_errors>
			<start>0</start>
			<end>0</end>
		</rx_errors>
		<rx_dropped>
			<start>0</start>
			<end>0</end>
		</rx_dropped>
		<rx_missed>
			<start>0</start>
			<end>0</end>
		</rx_missed>
		<rx_mcast>
			<start>2265</start>
			<end>2265</end>
		</rx_mcast>
		<tx_bytes>
			<start>18524846900977</start>
			<end>18640205545687</end>
		</tx_bytes>
		<tx_packets>
			<start>6353114057</start>
			<end>6381011596</end>
		</tx_packets>
		<tx_errors>
			<start>0</start>
			<end>0</end>
		</tx_errors>
		<tx_dropped>
			<start>0</start>
			<end>0</end>
		</tx_dropped>
		<tx_carrier>
			<start>0</start>
			<end>0</end>
		</tx_carrier>
		<tx_collisions>
			<start>0</start>
			<end>0</end>
		</tx_collisions>
	</ip_statistic>
	<netstat_statistic>
		<udp_pkg_rec>
			<start>3231502699</start>
			<end>3244743144</end>
		</udp_pkg_rec>
		<udp_pkg_snt>
			<start>6255623293</start>
			<end>6276521759</end>
		</udp_pkg_snt>
		<udp_rec_err>
			<start>617270303</start>
			<end>619524722</end>
		</udp_rec_err>
		<udp_rec_buf_err>
			<start>617270303</start>
			<end>619524722</end>
		</udp_rec_buf_err>
		<udp_snt_buf_err>
			<start>0</start>
			<end>0</end>
		</udp_snt_buf_err>
	</netstat_statistic>
</test_results>
