<?xml version="1.0"?>
<test_results>
	<status>STATUS_SUCCESS</status>
	<custom>
		<num_loss>-1</num_loss>
		<num_total>-1</num_total>
		<num_misses>-1</num_misses>
		<elapsed_time>-1.000000</elapsed_time>
		<query />
	</custom>
	<ethtool_statistic>
		<rx_packets>
			<start>6910364225</start>
			<end>7006579868</end>
		</rx_packets>
		<tx_packets>
			<start>5087486655</start>
			<end>5171812575</end>
		</tx_packets>
		<rx_dropped>
			<start>71</start>
			<end>71</end>
		</rx_dropped>
		<tx_dropped>
			<start>0</start>
			<end>0</end>
		</tx_dropped>
		<collisions>
			<start>0</start>
			<end>0</end>
		</collisions>
		<port_tx_errors>
			<start>0</start>
			<end>0</end>
		</port_tx_errors>
		<port_rx_dropped>
			<start>0</start>
			<end>0</end>
		</port_rx_dropped>
		<port_tx_dropped_link_down>
			<start>0</start>
			<end>0</end>
		</port_tx_dropped_link_down>
	</ethtool_statistic>
	<ip_statistic>
		<mtu>
			<start>9000</start>
			<end>9000</end>
		</mtu>
		<rx_bytes>
			<start>48600319206465</start>
			<end>49432094879390</end>
		</rx_bytes>
		<rx_packets>
			<start>6910364232</start>
			<end>7006579900</end>
		</rx_packets>
		<rx_errors>
			<start>0</start>
			<end>0</end>
		</rx_errors>
		<rx_dropped>
			<start>71</start>
			<end>71</end>
		</rx_dropped>
		<rx_missed>
			<start>0</start>
			<end>0</end>
		</rx_missed>
		<rx_mcast>
			<start>1658</start>
			<end>1677</end>
		</rx_mcast>
		<tx_bytes>
			<start>45736067759624</start>
			<end>46494153854058</end>
		</tx_bytes>
		<tx_packets>
			<start>5087486783</start>
			<end>5171812653</end>
		</tx_packets>
		<tx_errors>
			<start>0</start>
			<end>0</end>
		</tx_errors>
		<tx_dropped>
			<start>0</start>
			<end>0</end>
		</tx_dropped>
		<tx_carrier>
			<start>0</start>
			<end>0</end>
		</tx_carrier>
		<tx_collisions>
			<start>0</start>
			<end>0</end>
		</tx_collisions>
	</ip_statistic>
	<netstat_statistic>
		<udp_pkg_rec>
			<start>4990365004</start>
			<end>5050867941</end>
		</udp_pkg_rec>
		<udp_pkg_snt>
			<start>5087470994</start>
			<end>5171796638</end>
		</udp_pkg_snt>
		<udp_rec_err>
			<start>75806535</start>
			<end>76519715</end>
		</udp_rec_err>
		<udp_rec_buf_err>
			<start>75806535</start>
			<end>76519715</end>
		</udp_rec_buf_err>
		<udp_snt_buf_err>
			<start>0</start>
			<end>0</end>
		</udp_snt_buf_err>
	</netstat_statistic>
</test_results>
