<?xml version="1.0"?>
<test_results>
	<status>STATUS_SUCCESS</status>
	<custom>
		<num_loss>0</num_loss>
		<num_total>291078720</num_total>
		<num_misses>-1706208539</num_misses>
		<elapsed_time>7199.586420</elapsed_time>
		<query>
			<report>
				<misses>100001</misses>
				<total>0</total>
				<timestamp>0.757280</timestamp>
			</report>
			<report>
				<misses>200001</misses>
				<total>0</total>
				<timestamp>1.734975</timestamp>
			</report>
			<report>
				<misses>300001</misses>
				<total>0</total>
				<timestamp>3.591669</timestamp>
			</report>
			<report>
				<misses>400001</misses>
				<total>0</total>
				<timestamp>6.056601</timestamp>
			</report>
			<report>
				<misses>500001</misses>
				<total>0</total>
				<timestamp>8.540803</timestamp>
			</report>
			<report>
				<misses>600001</misses>
				<total>0</total>
				<timestamp>11.038700</timestamp>
			</report>
			<report>
				<misses>700001</misses>
				<total>0</total>
				<timestamp>13.544238</timestamp>
			</report>
			<report>
				<misses>800001</misses>
				<total>0</total>
				<timestamp>16.051556</timestamp>
			</report>
			<report>
				<misses>900001</misses>
				<total>0</total>
				<timestamp>18.544312</timestamp>
			</report>
			<report>
				<misses>1000001</misses>
				<total>0</total>
				<timestamp>21.058309</timestamp>
			</report>
			<report>
				<misses>1100001</misses>
				<total>0</total>
				<timestamp>23.581179</timestamp>
			</report>
			<report>
				<misses>1200001</misses>
				<total>0</total>
				<timestamp>26.096181</timestamp>
			</report>
			<report>
				<misses>1300001</misses>
				<total>0</total>
				<timestamp>28.609458</timestamp>
			</report>
			<report>
				<misses>1400001</misses>
				<total>0</total>
				<timestamp>31.122076</timestamp>
			</report>
			<report>
				<misses>1500001</misses>
				<total>0</total>
				<timestamp>33.630464</timestamp>
			</report>
			<report>
				<misses>1600001</misses>
				<total>0</total>
				<timestamp>36.134800</timestamp>
			</report>
			<report>
				<misses>1700001</misses>
				<total>0</total>
				<timestamp>38.653451</timestamp>
			</report>
			<report>
				<misses>1800001</misses>
				<total>0</total>
				<timestamp>41.172105</timestamp>
			</report>
			<report>
				<misses>1900001</misses>
				<total>0</total>
				<timestamp>43.686809</timestamp>
			</report>
			<report>
				<misses>2000001</misses>
				<total>0</total>
				<timestamp>46.203179</timestamp>
			</report>
			<report>
				<misses>2100001</misses>
				<total>0</total>
				<timestamp>48.711310</timestamp>
			</report>
			<report>
				<misses>2200001</misses>
				<total>0</total>
				<timestamp>51.224771</timestamp>
			</report>
			<report>
				<misses>2300001</misses>
				<total>0</total>
				<timestamp>53.735809</timestamp>
			</report>
			<report>
				<misses>2400001</misses>
				<total>0</total>
				<timestamp>56.251766</timestamp>
			</report>
			<report>
				<misses>2500001</misses>
				<total>0</total>
				<timestamp>58.769537</timestamp>
			</report>
			<report>
				<misses>2600001</misses>
				<total>0</total>
				<timestamp>61.288090</timestamp>
			</report>
			<report>
				<misses>2700001</misses>
				<total>0</total>
				<timestamp>63.814089</timestamp>
			</report>
			<report>
				<misses>2800001</misses>
				<total>0</total>
				<timestamp>66.342276</timestamp>
			</report>
			<report>
				<misses>2900001</misses>
				<total>0</total>
				<timestamp>68.869496</timestamp>
			</report>
			<report>
				<misses>3000001</misses>
				<total>0</total>
				<timestamp>71.391077</timestamp>
			</report>
			<report>
				<misses>3100001</misses>
				<total>0</total>
				<timestamp>73.919207</timestamp>
			</report>
			<report>
				<misses>3200001</misses>
				<total>0</total>
				<timestamp>76.447447</timestamp>
			</report>
			<report>
				<misses>3300001</misses>
				<total>0</total>
				<timestamp>78.976842</timestamp>
			</report>
			<report>
				<misses>3400001</misses>
				<total>0</total>
				<timestamp>81.498274</timestamp>
			</report>
			<report>
				<misses>3500001</misses>
				<total>0</total>
				<timestamp>84.024914</timestamp>
			</report>
			<report>
				<misses>3600001</misses>
				<total>0</total>
				<timestamp>86.550410</timestamp>
			</report>
			<report>
				<misses>3700001</misses>
				<total>0</total>
				<timestamp>89.076330</timestamp>
			</report>
			<report>
				<misses>3800001</misses>
				<total>0</total>
				<timestamp>91.576457</timestamp>
			</report>
			<report>
				<misses>3900001</misses>
				<total>0</total>
				<timestamp>94.078356</timestamp>
			</report>
			<report>
				<misses>4000001</misses>
				<total>0</total>
				<timestamp>96.564777</timestamp>
			</report>
			<report>
				<misses>4100001</misses>
				<total>0</total>
				<timestamp>99.058388</timestamp>
			</report>
			<report>
				<misses>4200001</misses>
				<total>0</total>
				<timestamp>101.549675</timestamp>
			</report>
			<report>
				<misses>4300001</misses>
				<total>0</total>
				<timestamp>104.022388</timestamp>
			</report>
			<report>
				<misses>4400001</misses>
				<total>0</total>
				<timestamp>106.487692</timestamp>
			</report>
			<report>
				<misses>4500001</misses>
				<total>0</total>
				<timestamp>108.959067</timestamp>
			</report>
			<report>
				<misses>4600001</misses>
				<total>0</total>
				<timestamp>111.426029</timestamp>
			</report>
			<report>
				<misses>4700001</misses>
				<total>0</total>
				<timestamp>113.907567</timestamp>
			</report>
			<report>
				<misses>4800001</misses>
				<total>0</total>
				<timestamp>116.400327</timestamp>
			</report>
			<report>
				<misses>4900001</misses>
				<total>0</total>
				<timestamp>118.889838</timestamp>
			</report>
			<report>
				<misses>5000001</misses>
				<total>0</total>
				<timestamp>121.394136</timestamp>
			</report>
			<report>
				<misses>5100001</misses>
				<total>0</total>
				<timestamp>123.883364</timestamp>
			</report>
			<report>
				<misses>5200001</misses>
				<total>0</total>
				<timestamp>126.376538</timestamp>
			</report>
			<report>
				<misses>5300001</misses>
				<total>0</total>
				<timestamp>128.874535</timestamp>
			</report>
			<report>
				<misses>5400001</misses>
				<total>0</total>
				<timestamp>131.375809</timestamp>
			</report>
			<report>
				<misses>5500001</misses>
				<total>0</total>
				<timestamp>133.874689</timestamp>
			</report>
			<report>
				<misses>5600001</misses>
				<total>0</total>
				<timestamp>136.360183</timestamp>
			</report>
			<report>
				<misses>5700001</misses>
				<total>0</total>
				<timestamp>138.848788</timestamp>
			</report>
			<report>
				<misses>5800001</misses>
				<total>0</total>
				<timestamp>141.342540</timestamp>
			</report>
			<report>
				<misses>5900001</misses>
				<total>0</total>
				<timestamp>143.827801</timestamp>
			</report>
			<report>
				<misses>6000001</misses>
				<total>0</total>
				<timestamp>146.302649</timestamp>
			</report>
			<report>
				<misses>6100001</misses>
				<total>0</total>
				<timestamp>148.782259</timestamp>
			</report>
			<report>
				<misses>6200001</misses>
				<total>0</total>
				<timestamp>151.260369</timestamp>
			</report>
			<report>
				<misses>6300001</misses>
				<total>0</total>
				<timestamp>153.732631</timestamp>
			</report>
			<report>
				<misses>6400001</misses>
				<total>0</total>
				<timestamp>156.211719</timestamp>
			</report>
			<report>
				<misses>6500001</misses>
				<total>0</total>
				<timestamp>158.701447</timestamp>
			</report>
			<report>
				<misses>6600001</misses>
				<total>0</total>
				<timestamp>161.184319</timestamp>
			</report>
			<report>
				<misses>6700001</misses>
				<total>0</total>
				<timestamp>163.647222</timestamp>
			</report>
			<report>
				<misses>6800001</misses>
				<total>0</total>
				<timestamp>166.119463</timestamp>
			</report>
			<report>
				<misses>6900001</misses>
				<total>0</total>
				<timestamp>168.591360</timestamp>
			</report>
			<report>
				<misses>7000001</misses>
				<total>0</total>
				<timestamp>171.072752</timestamp>
			</report>
			<report>
				<misses>7100001</misses>
				<total>0</total>
				<timestamp>173.553892</timestamp>
			</report>
			<report>
				<misses>7200001</misses>
				<total>0</total>
				<timestamp>176.041086</timestamp>
			</report>
			<report>
				<misses>7300001</misses>
				<total>0</total>
				<timestamp>178.518299</timestamp>
			</report>
			<report>
				<misses>7400001</misses>
				<total>0</total>
				<timestamp>180.988084</timestamp>
			</report>
			<report>
				<misses>7500001</misses>
				<total>0</total>
				<timestamp>183.464981</timestamp>
			</report>
			<report>
				<misses>7600001</misses>
				<total>0</total>
				<timestamp>185.942543</timestamp>
			</report>
			<report>
				<misses>7700001</misses>
				<total>0</total>
				<timestamp>188.409230</timestamp>
			</report>
			<report>
				<misses>7800001</misses>
				<total>0</total>
				<timestamp>190.887664</timestamp>
			</report>
			<report>
				<misses>7900001</misses>
				<total>0</total>
				<timestamp>193.376437</timestamp>
			</report>
			<report>
				<misses>8000001</misses>
				<total>0</total>
				<timestamp>195.858093</timestamp>
			</report>
			<report>
				<misses>8100001</misses>
				<total>0</total>
				<timestamp>198.335487</timestamp>
			</report>
			<report>
				<misses>8200001</misses>
				<total>0</total>
				<timestamp>200.806042</timestamp>
			</report>
			<report>
				<misses>8300001</misses>
				<total>0</total>
				<timestamp>203.284871</timestamp>
			</report>
			<report>
				<misses>8400001</misses>
				<total>0</total>
				<timestamp>205.747602</timestamp>
			</report>
			<report>
				<misses>8500001</misses>
				<total>0</total>
				<timestamp>208.237040</timestamp>
			</report>
			<report>
				<misses>8600001</misses>
				<total>0</total>
				<timestamp>210.720777</timestamp>
			</report>
			<report>
				<misses>8700001</misses>
				<total>0</total>
				<timestamp>213.181181</timestamp>
			</report>
			<report>
				<misses>8800001</misses>
				<total>0</total>
				<timestamp>215.639695</timestamp>
			</report>
			<report>
				<misses>8900001</misses>
				<total>0</total>
				<timestamp>218.103709</timestamp>
			</report>
			<report>
				<misses>9000001</misses>
				<total>0</total>
				<timestamp>220.566964</timestamp>
			</report>
			<report>
				<misses>9100001</misses>
				<total>0</total>
				<timestamp>223.037757</timestamp>
			</report>
			<report>
				<misses>9200001</misses>
				<total>0</total>
				<timestamp>225.506516</timestamp>
			</report>
			<report>
				<misses>9300001</misses>
				<total>0</total>
				<timestamp>227.970661</timestamp>
			</report>
			<report>
				<misses>9400001</misses>
				<total>0</total>
				<timestamp>230.437842</timestamp>
			</report>
			<report>
				<misses>9500001</misses>
				<total>0</total>
				<timestamp>232.906866</timestamp>
			</report>
			<report>
				<misses>9600001</misses>
				<total>0</total>
				<timestamp>235.369858</timestamp>
			</report>
			<report>
				<misses>9700001</misses>
				<total>0</total>
				<timestamp>237.847303</timestamp>
			</report>
			<report>
				<misses>9800001</misses>
				<total>0</total>
				<timestamp>240.311212</timestamp>
			</report>
			<report>
				<misses>9900001</misses>
				<total>0</total>
				<timestamp>242.771566</timestamp>
			</report>
			<report>
				<misses>10000001</misses>
				<total>0</total>
				<timestamp>245.237861</timestamp>
			</report>
			<report>
				<misses>10100001</misses>
				<total>0</total>
				<timestamp>247.695973</timestamp>
			</report>
			<report>
				<misses>10200001</misses>
				<total>0</total>
				<timestamp>250.166465</timestamp>
			</report>
			<report>
				<misses>10300001</misses>
				<total>0</total>
				<timestamp>252.639626</timestamp>
			</report>
			<report>
				<misses>10400001</misses>
				<total>0</total>
				<timestamp>255.109977</timestamp>
			</report>
			<report>
				<misses>10500001</misses>
				<total>0</total>
				<timestamp>257.582428</timestamp>
			</report>
			<report>
				<misses>10600001</misses>
				<total>0</total>
				<timestamp>260.063608</timestamp>
			</report>
			<report>
				<misses>10700001</misses>
				<total>0</total>
				<timestamp>262.536098</timestamp>
			</report>
			<report>
				<misses>10800001</misses>
				<total>0</total>
				<timestamp>265.009081</timestamp>
			</report>
			<report>
				<misses>10900001</misses>
				<total>0</total>
				<timestamp>267.482414</timestamp>
			</report>
			<report>
				<misses>11000001</misses>
				<total>0</total>
				<timestamp>269.957274</timestamp>
			</report>
			<report>
				<misses>11100001</misses>
				<total>0</total>
				<timestamp>272.421536</timestamp>
			</report>
			<report>
				<misses>11200001</misses>
				<total>0</total>
				<timestamp>274.885166</timestamp>
			</report>
			<report>
				<misses>11300001</misses>
				<total>0</total>
				<timestamp>277.353482</timestamp>
			</report>
			<report>
				<misses>11400001</misses>
				<total>0</total>
				<timestamp>279.822016</timestamp>
			</report>
			<report>
				<misses>11500001</misses>
				<total>0</total>
				<timestamp>282.287374</timestamp>
			</report>
			<report>
				<misses>11600001</misses>
				<total>0</total>
				<timestamp>284.754089</timestamp>
			</report>
			<report>
				<misses>11700001</misses>
				<total>0</total>
				<timestamp>287.227191</timestamp>
			</report>
			<report>
				<misses>11800001</misses>
				<total>0</total>
				<timestamp>289.694008</timestamp>
			</report>
			<report>
				<misses>11900001</misses>
				<total>0</total>
				<timestamp>292.158085</timestamp>
			</report>
			<report>
				<misses>12000001</misses>
				<total>0</total>
				<timestamp>294.637421</timestamp>
			</report>
			<report>
				<misses>12100001</misses>
				<total>0</total>
				<timestamp>297.108906</timestamp>
			</report>
			<report>
				<misses>12200001</misses>
				<total>0</total>
				<timestamp>299.589157</timestamp>
			</report>
			<report>
				<misses>12300001</misses>
				<total>0</total>
				<timestamp>302.053780</timestamp>
			</report>
			<report>
				<misses>12400001</misses>
				<total>0</total>
				<timestamp>304.523546</timestamp>
			</report>
			<report>
				<misses>12500001</misses>
				<total>0</total>
				<timestamp>306.995032</timestamp>
			</report>
			<report>
				<misses>12600001</misses>
				<total>0</total>
				<timestamp>309.472700</timestamp>
			</report>
			<report>
				<misses>12700001</misses>
				<total>0</total>
				<timestamp>311.949074</timestamp>
			</report>
			<report>
				<misses>12800001</misses>
				<total>0</total>
				<timestamp>314.427736</timestamp>
			</report>
			<report>
				<misses>12900001</misses>
				<total>0</total>
				<timestamp>316.893110</timestamp>
			</report>
			<report>
				<misses>13000001</misses>
				<total>0</total>
				<timestamp>319.373024</timestamp>
			</report>
			<report>
				<misses>13100001</misses>
				<total>0</total>
				<timestamp>321.837166</timestamp>
			</report>
			<report>
				<misses>13200001</misses>
				<total>0</total>
				<timestamp>324.293284</timestamp>
			</report>
			<report>
				<misses>13300001</misses>
				<total>0</total>
				<timestamp>326.747080</timestamp>
			</report>
			<report>
				<misses>13400001</misses>
				<total>0</total>
				<timestamp>329.221514</timestamp>
			</report>
			<report>
				<misses>13500001</misses>
				<total>0</total>
				<timestamp>331.681281</timestamp>
			</report>
			<report>
				<misses>13600001</misses>
				<total>0</total>
				<timestamp>334.131970</timestamp>
			</report>
			<report>
				<misses>13700001</misses>
				<total>0</total>
				<timestamp>336.596509</timestamp>
			</report>
			<report>
				<misses>13800001</misses>
				<total>0</total>
				<timestamp>339.054718</timestamp>
			</report>
			<report>
				<misses>13900001</misses>
				<total>0</total>
				<timestamp>341.513166</timestamp>
			</report>
			<report>
				<misses>14000001</misses>
				<total>0</total>
				<timestamp>343.985581</timestamp>
			</report>
			<report>
				<misses>14100001</misses>
				<total>0</total>
				<timestamp>346.452552</timestamp>
			</report>
			<report>
				<misses>14200001</misses>
				<total>0</total>
				<timestamp>348.918372</timestamp>
			</report>
			<report>
				<misses>14300001</misses>
				<total>0</total>
				<timestamp>351.389920</timestamp>
			</report>
			<report>
				<misses>14400001</misses>
				<total>0</total>
				<timestamp>353.856299</timestamp>
			</report>
			<report>
				<misses>14500001</misses>
				<total>0</total>
				<timestamp>356.321623</timestamp>
			</report>
			<report>
				<misses>14600001</misses>
				<total>0</total>
				<timestamp>358.783817</timestamp>
			</report>
			<report>
				<misses>14700001</misses>
				<total>0</total>
				<timestamp>361.254925</timestamp>
			</report>
			<report>
				<misses>14800001</misses>
				<total>0</total>
				<timestamp>363.721387</timestamp>
			</report>
			<report>
				<misses>14900001</misses>
				<total>0</total>
				<timestamp>366.190374</timestamp>
			</report>
			<report>
				<misses>15000001</misses>
				<total>0</total>
				<timestamp>368.663632</timestamp>
			</report>
			<report>
				<misses>15100001</misses>
				<total>0</total>
				<timestamp>371.123695</timestamp>
			</report>
			<report>
				<misses>15200001</misses>
				<total>0</total>
				<timestamp>373.590797</timestamp>
			</report>
			<report>
				<misses>15300001</misses>
				<total>0</total>
				<timestamp>376.049204</timestamp>
			</report>
			<report>
				<misses>15400001</misses>
				<total>0</total>
				<timestamp>378.514115</timestamp>
			</report>
			<report>
				<misses>15500001</misses>
				<total>0</total>
				<timestamp>380.981130</timestamp>
			</report>
			<report>
				<misses>15600001</misses>
				<total>0</total>
				<timestamp>383.458435</timestamp>
			</report>
			<report>
				<misses>15700001</misses>
				<total>0</total>
				<timestamp>385.923140</timestamp>
			</report>
			<report>
				<misses>15800001</misses>
				<total>0</total>
				<timestamp>388.379601</timestamp>
			</report>
			<report>
				<misses>15900001</misses>
				<total>0</total>
				<timestamp>390.834695</timestamp>
			</report>
			<report>
				<misses>16000001</misses>
				<total>0</total>
				<timestamp>393.293420</timestamp>
			</report>
			<report>
				<misses>16100001</misses>
				<total>0</total>
				<timestamp>395.750683</timestamp>
			</report>
			<report>
				<misses>16200001</misses>
				<total>0</total>
				<timestamp>398.201788</timestamp>
			</report>
			<report>
				<misses>16300001</misses>
				<total>0</total>
				<timestamp>400.647689</timestamp>
			</report>
			<report>
				<misses>16400001</misses>
				<total>0</total>
				<timestamp>403.104150</timestamp>
			</report>
			<report>
				<misses>16500001</misses>
				<total>0</total>
				<timestamp>405.575327</timestamp>
			</report>
			<report>
				<misses>16600001</misses>
				<total>0</total>
				<timestamp>408.037662</timestamp>
			</report>
			<report>
				<misses>16700001</misses>
				<total>0</total>
				<timestamp>410.504074</timestamp>
			</report>
			<report>
				<misses>16800001</misses>
				<total>0</total>
				<timestamp>412.969366</timestamp>
			</report>
			<report>
				<misses>16900001</misses>
				<total>0</total>
				<timestamp>415.435358</timestamp>
			</report>
			<report>
				<misses>17000001</misses>
				<total>0</total>
				<timestamp>417.901521</timestamp>
			</report>
			<report>
				<misses>17100001</misses>
				<total>0</total>
				<timestamp>420.371685</timestamp>
			</report>
			<report>
				<misses>17200001</misses>
				<total>0</total>
				<timestamp>422.831169</timestamp>
			</report>
			<report>
				<misses>17300001</misses>
				<total>0</total>
				<timestamp>425.290890</timestamp>
			</report>
			<report>
				<misses>17400001</misses>
				<total>0</total>
				<timestamp>427.753624</timestamp>
			</report>
			<report>
				<misses>17500001</misses>
				<total>0</total>
				<timestamp>430.219875</timestamp>
			</report>
			<report>
				<misses>17600001</misses>
				<total>0</total>
				<timestamp>432.683173</timestamp>
			</report>
			<report>
				<misses>17700001</misses>
				<total>0</total>
				<timestamp>435.160254</timestamp>
			</report>
			<report>
				<misses>17800001</misses>
				<total>0</total>
				<timestamp>437.626029</timestamp>
			</report>
			<report>
				<misses>17900001</misses>
				<total>0</total>
				<timestamp>440.085860</timestamp>
			</report>
			<report>
				<misses>18000001</misses>
				<total>0</total>
				<timestamp>442.548493</timestamp>
			</report>
			<report>
				<misses>18100001</misses>
				<total>0</total>
				<timestamp>445.019657</timestamp>
			</report>
			<report>
				<misses>18200001</misses>
				<total>0</total>
				<timestamp>447.477408</timestamp>
			</report>
			<report>
				<misses>18300001</misses>
				<total>0</total>
				<timestamp>449.953889</timestamp>
			</report>
			<report>
				<misses>18400001</misses>
				<total>0</total>
				<timestamp>452.420531</timestamp>
			</report>
			<report>
				<misses>18500001</misses>
				<total>0</total>
				<timestamp>454.887433</timestamp>
			</report>
			<report>
				<misses>18600001</misses>
				<total>0</total>
				<timestamp>457.357417</timestamp>
			</report>
			<report>
				<misses>18700001</misses>
				<total>0</total>
				<timestamp>459.816809</timestamp>
			</report>
			<report>
				<misses>18800001</misses>
				<total>0</total>
				<timestamp>462.276307</timestamp>
			</report>
			<report>
				<misses>18900001</misses>
				<total>0</total>
				<timestamp>464.737525</timestamp>
			</report>
			<report>
				<misses>19000001</misses>
				<total>0</total>
				<timestamp>467.206952</timestamp>
			</report>
			<report>
				<misses>19100001</misses>
				<total>0</total>
				<timestamp>469.665464</timestamp>
			</report>
			<report>
				<misses>19200001</misses>
				<total>0</total>
				<timestamp>472.132478</timestamp>
			</report>
			<report>
				<misses>19300001</misses>
				<total>0</total>
				<timestamp>474.599686</timestamp>
			</report>
			<report>
				<misses>19400001</misses>
				<total>0</total>
				<timestamp>477.065312</timestamp>
			</report>
			<report>
				<misses>19500001</misses>
				<total>0</total>
				<timestamp>479.531671</timestamp>
			</report>
			<report>
				<misses>19600001</misses>
				<total>0</total>
				<timestamp>482.000670</timestamp>
			</report>
			<report>
				<misses>19700001</misses>
				<total>0</total>
				<timestamp>484.467935</timestamp>
			</report>
			<report>
				<misses>19800001</misses>
				<total>0</total>
				<timestamp>486.947676</timestamp>
			</report>
			<report>
				<misses>19900001</misses>
				<total>0</total>
				<timestamp>489.417556</timestamp>
			</report>
			<report>
				<misses>20000001</misses>
				<total>0</total>
				<timestamp>491.890859</timestamp>
			</report>
			<report>
				<misses>20100001</misses>
				<total>0</total>
				<timestamp>494.361482</timestamp>
			</report>
			<report>
				<misses>20200001</misses>
				<total>0</total>
				<timestamp>496.833119</timestamp>
			</report>
			<report>
				<misses>20300001</misses>
				<total>0</total>
				<timestamp>499.297149</timestamp>
			</report>
			<report>
				<misses>20400001</misses>
				<total>0</total>
				<timestamp>501.760249</timestamp>
			</report>
			<report>
				<misses>20500001</misses>
				<total>0</total>
				<timestamp>504.230309</timestamp>
			</report>
			<report>
				<misses>20600001</misses>
				<total>0</total>
				<timestamp>506.688526</timestamp>
			</report>
			<report>
				<misses>20700001</misses>
				<total>0</total>
				<timestamp>509.154547</timestamp>
			</report>
			<report>
				<misses>20800001</misses>
				<total>0</total>
				<timestamp>511.614785</timestamp>
			</report>
			<report>
				<misses>20900001</misses>
				<total>0</total>
				<timestamp>514.077978</timestamp>
			</report>
			<report>
				<misses>21000001</misses>
				<total>0</total>
				<timestamp>516.542131</timestamp>
			</report>
			<report>
				<misses>21100001</misses>
				<total>0</total>
				<timestamp>519.006890</timestamp>
			</report>
			<report>
				<misses>21200001</misses>
				<total>0</total>
				<timestamp>521.478909</timestamp>
			</report>
			<report>
				<misses>21300001</misses>
				<total>0</total>
				<timestamp>523.943135</timestamp>
			</report>
			<report>
				<misses>21400001</misses>
				<total>0</total>
				<timestamp>526.418750</timestamp>
			</report>
			<report>
				<misses>21500001</misses>
				<total>0</total>
				<timestamp>528.883980</timestamp>
			</report>
			<report>
				<misses>21600001</misses>
				<total>0</total>
				<timestamp>531.347840</timestamp>
			</report>
			<report>
				<misses>21700001</misses>
				<total>0</total>
				<timestamp>533.816948</timestamp>
			</report>
			<report>
				<misses>21800001</misses>
				<total>0</total>
				<timestamp>536.287373</timestamp>
			</report>
			<report>
				<misses>21900001</misses>
				<total>0</total>
				<timestamp>538.746311</timestamp>
			</report>
			<report>
				<misses>22000001</misses>
				<total>0</total>
				<timestamp>541.210792</timestamp>
			</report>
			<report>
				<misses>22100001</misses>
				<total>0</total>
				<timestamp>543.680923</timestamp>
			</report>
			<report>
				<misses>22200001</misses>
				<total>0</total>
				<timestamp>546.148775</timestamp>
			</report>
			<report>
				<misses>22300001</misses>
				<total>0</total>
				<timestamp>548.612464</timestamp>
			</report>
			<report>
				<misses>22400001</misses>
				<total>0</total>
				<timestamp>551.091842</timestamp>
			</report>
			<report>
				<misses>22500001</misses>
				<total>0</total>
				<timestamp>553.563462</timestamp>
			</report>
			<report>
				<misses>22600001</misses>
				<total>0</total>
				<timestamp>556.051364</timestamp>
			</report>
			<report>
				<misses>22700001</misses>
				<total>0</total>
				<timestamp>558.526111</timestamp>
			</report>
			<report>
				<misses>22800001</misses>
				<total>0</total>
				<timestamp>560.983849</timestamp>
			</report>
			<report>
				<misses>22900001</misses>
				<total>0</total>
				<timestamp>563.450895</timestamp>
			</report>
			<report>
				<misses>23000001</misses>
				<total>0</total>
				<timestamp>565.915604</timestamp>
			</report>
			<report>
				<misses>23100001</misses>
				<total>0</total>
				<timestamp>568.379231</timestamp>
			</report>
			<report>
				<misses>23200001</misses>
				<total>0</total>
				<timestamp>570.847700</timestamp>
			</report>
			<report>
				<misses>23300001</misses>
				<total>0</total>
				<timestamp>573.322939</timestamp>
			</report>
			<report>
				<misses>23400001</misses>
				<total>0</total>
				<timestamp>575.786921</timestamp>
			</report>
			<report>
				<misses>23500001</misses>
				<total>0</total>
				<timestamp>578.257659</timestamp>
			</report>
			<report>
				<misses>23600001</misses>
				<total>0</total>
				<timestamp>580.728054</timestamp>
			</report>
			<report>
				<misses>23700001</misses>
				<total>0</total>
				<timestamp>583.188854</timestamp>
			</report>
			<report>
				<misses>23800001</misses>
				<total>0</total>
				<timestamp>585.660011</timestamp>
			</report>
			<report>
				<misses>23900001</misses>
				<total>0</total>
				<timestamp>588.140617</timestamp>
			</report>
			<report>
				<misses>24000001</misses>
				<total>0</total>
				<timestamp>590.626848</timestamp>
			</report>
			<report>
				<misses>24100001</misses>
				<total>0</total>
				<timestamp>593.104953</timestamp>
			</report>
			<report>
				<misses>24200001</misses>
				<total>0</total>
				<timestamp>595.582201</timestamp>
			</report>
			<report>
				<misses>24300001</misses>
				<total>0</total>
				<timestamp>598.053067</timestamp>
			</report>
			<report>
				<misses>24400001</misses>
				<total>0</total>
				<timestamp>600.520504</timestamp>
			</report>
			<report>
				<misses>24500001</misses>
				<total>0</total>
				<timestamp>602.987614</timestamp>
			</report>
			<report>
				<misses>24600001</misses>
				<total>0</total>
				<timestamp>605.458129</timestamp>
			</report>
			<report>
				<misses>24700001</misses>
				<total>0</total>
				<timestamp>607.926126</timestamp>
			</report>
			<report>
				<misses>24800001</misses>
				<total>0</total>
				<timestamp>610.397747</timestamp>
			</report>
			<report>
				<misses>24900001</misses>
				<total>0</total>
				<timestamp>612.871600</timestamp>
			</report>
			<report>
				<misses>25000001</misses>
				<total>0</total>
				<timestamp>615.331803</timestamp>
			</report>
			<report>
				<misses>25100001</misses>
				<total>0</total>
				<timestamp>617.796570</timestamp>
			</report>
			<report>
				<misses>25200001</misses>
				<total>0</total>
				<timestamp>620.262273</timestamp>
			</report>
			<report>
				<misses>25300001</misses>
				<total>0</total>
				<timestamp>622.720685</timestamp>
			</report>
			<report>
				<misses>25400001</misses>
				<total>0</total>
				<timestamp>625.195776</timestamp>
			</report>
			<report>
				<misses>25500001</misses>
				<total>0</total>
				<timestamp>627.656362</timestamp>
			</report>
			<report>
				<misses>25600001</misses>
				<total>0</total>
				<timestamp>630.125857</timestamp>
			</report>
			<report>
				<misses>25700001</misses>
				<total>0</total>
				<timestamp>632.599363</timestamp>
			</report>
			<report>
				<misses>25800001</misses>
				<total>0</total>
				<timestamp>635.071836</timestamp>
			</report>
			<report>
				<misses>25900001</misses>
				<total>0</total>
				<timestamp>637.536630</timestamp>
			</report>
			<report>
				<misses>26000001</misses>
				<total>0</total>
				<timestamp>640.002004</timestamp>
			</report>
			<report>
				<misses>26100001</misses>
				<total>0</total>
				<timestamp>642.462444</timestamp>
			</report>
			<report>
				<misses>26200001</misses>
				<total>0</total>
				<timestamp>644.921251</timestamp>
			</report>
			<report>
				<misses>26300001</misses>
				<total>0</total>
				<timestamp>647.392223</timestamp>
			</report>
			<report>
				<misses>26400001</misses>
				<total>0</total>
				<timestamp>649.871218</timestamp>
			</report>
			<report>
				<misses>26500001</misses>
				<total>0</total>
				<timestamp>652.339899</timestamp>
			</report>
			<report>
				<misses>26600001</misses>
				<total>0</total>
				<timestamp>654.812715</timestamp>
			</report>
			<report>
				<misses>26700001</misses>
				<total>0</total>
				<timestamp>657.285154</timestamp>
			</report>
			<report>
				<misses>26800001</misses>
				<total>0</total>
				<timestamp>659.744369</timestamp>
			</report>
			<report>
				<misses>26900001</misses>
				<total>0</total>
				<timestamp>662.211621</timestamp>
			</report>
			<report>
				<misses>27000001</misses>
				<total>0</total>
				<timestamp>664.675534</timestamp>
			</report>
			<report>
				<misses>27100001</misses>
				<total>0</total>
				<timestamp>667.141705</timestamp>
			</report>
			<report>
				<misses>27200001</misses>
				<total>0</total>
				<timestamp>669.598993</timestamp>
			</report>
			<report>
				<misses>27300001</misses>
				<total>0</total>
				<timestamp>672.077184</timestamp>
			</report>
			<report>
				<misses>27400001</misses>
				<total>0</total>
				<timestamp>674.552488</timestamp>
			</report>
			<report>
				<misses>27500001</misses>
				<total>0</total>
				<timestamp>677.026889</timestamp>
			</report>
			<report>
				<misses>27600001</misses>
				<total>0</total>
				<timestamp>679.487247</timestamp>
			</report>
			<report>
				<misses>27700001</misses>
				<total>0</total>
				<timestamp>681.963114</timestamp>
			</report>
			<report>
				<misses>27800001</misses>
				<total>0</total>
				<timestamp>684.433521</timestamp>
			</report>
			<report>
				<misses>27900001</misses>
				<total>0</total>
				<timestamp>686.895682</timestamp>
			</report>
			<report>
				<misses>28000001</misses>
				<total>0</total>
				<timestamp>689.359672</timestamp>
			</report>
			<report>
				<misses>28100001</misses>
				<total>0</total>
				<timestamp>691.832550</timestamp>
			</report>
			<report>
				<misses>28200001</misses>
				<total>0</total>
				<timestamp>694.306109</timestamp>
			</report>
			<report>
				<misses>28300001</misses>
				<total>0</total>
				<timestamp>696.776582</timestamp>
			</report>
			<report>
				<misses>28400001</misses>
				<total>0</total>
				<timestamp>699.239343</timestamp>
			</report>
			<report>
				<misses>28500001</misses>
				<total>0</total>
				<timestamp>701.699888</timestamp>
			</report>
			<report>
				<misses>28600001</misses>
				<total>0</total>
				<timestamp>704.174325</timestamp>
			</report>
			<report>
				<misses>28700001</misses>
				<total>0</total>
				<timestamp>706.641971</timestamp>
			</report>
			<report>
				<misses>28800001</misses>
				<total>0</total>
				<timestamp>709.106623</timestamp>
			</report>
			<report>
				<misses>28900001</misses>
				<total>0</total>
				<timestamp>711.585925</timestamp>
			</report>
			<report>
				<misses>29000001</misses>
				<total>0</total>
				<timestamp>714.061461</timestamp>
			</report>
			<report>
				<misses>29100001</misses>
				<total>0</total>
				<timestamp>716.533775</timestamp>
			</report>
			<report>
				<misses>29200001</misses>
				<total>0</total>
				<timestamp>718.998982</timestamp>
			</report>
			<report>
				<misses>29300001</misses>
				<total>0</total>
				<timestamp>721.466071</timestamp>
			</report>
			<report>
				<misses>29400001</misses>
				<total>0</total>
				<timestamp>723.921955</timestamp>
			</report>
			<report>
				<misses>29500001</misses>
				<total>0</total>
				<timestamp>726.383934</timestamp>
			</report>
			<report>
				<misses>29600001</misses>
				<total>0</total>
				<timestamp>728.848515</timestamp>
			</report>
			<report>
				<misses>29700001</misses>
				<total>0</total>
				<timestamp>731.319014</timestamp>
			</report>
			<report>
				<misses>29800001</misses>
				<total>0</total>
				<timestamp>733.800627</timestamp>
			</report>
			<report>
				<misses>29900001</misses>
				<total>0</total>
				<timestamp>736.278087</timestamp>
			</report>
			<report>
				<misses>30000001</misses>
				<total>0</total>
				<timestamp>738.752468</timestamp>
			</report>
			<report>
				<misses>30100001</misses>
				<total>0</total>
				<timestamp>741.223788</timestamp>
			</report>
			<report>
				<misses>30200001</misses>
				<total>0</total>
				<timestamp>743.709220</timestamp>
			</report>
			<report>
				<misses>30300001</misses>
				<total>0</total>
				<timestamp>746.174643</timestamp>
			</report>
			<report>
				<misses>30400001</misses>
				<total>0</total>
				<timestamp>748.646518</timestamp>
			</report>
			<report>
				<misses>30500001</misses>
				<total>0</total>
				<timestamp>751.122661</timestamp>
			</report>
			<report>
				<misses>30600001</misses>
				<total>0</total>
				<timestamp>753.599157</timestamp>
			</report>
			<report>
				<misses>30700001</misses>
				<total>0</total>
				<timestamp>756.074816</timestamp>
			</report>
			<report>
				<misses>30800001</misses>
				<total>0</total>
				<timestamp>758.553167</timestamp>
			</report>
			<report>
				<misses>30900001</misses>
				<total>0</total>
				<timestamp>761.025261</timestamp>
			</report>
			<report>
				<misses>31000001</misses>
				<total>0</total>
				<timestamp>763.494394</timestamp>
			</report>
			<report>
				<misses>31100001</misses>
				<total>0</total>
				<timestamp>765.962750</timestamp>
			</report>
			<report>
				<misses>31200001</misses>
				<total>0</total>
				<timestamp>768.438044</timestamp>
			</report>
			<report>
				<misses>31300001</misses>
				<total>0</total>
				<timestamp>770.909701</timestamp>
			</report>
			<report>
				<misses>31400001</misses>
				<total>0</total>
				<timestamp>773.389264</timestamp>
			</report>
			<report>
				<misses>31500001</misses>
				<total>0</total>
				<timestamp>775.872372</timestamp>
			</report>
			<report>
				<misses>31600001</misses>
				<total>0</total>
				<timestamp>778.352791</timestamp>
			</report>
			<report>
				<misses>31700001</misses>
				<total>0</total>
				<timestamp>780.829387</timestamp>
			</report>
			<report>
				<misses>31800001</misses>
				<total>0</total>
				<timestamp>783.313540</timestamp>
			</report>
			<report>
				<misses>31900001</misses>
				<total>0</total>
				<timestamp>785.792507</timestamp>
			</report>
			<report>
				<misses>32000001</misses>
				<total>0</total>
				<timestamp>788.269246</timestamp>
			</report>
			<report>
				<misses>32100001</misses>
				<total>0</total>
				<timestamp>790.748032</timestamp>
			</report>
			<report>
				<misses>32200001</misses>
				<total>0</total>
				<timestamp>793.218052</timestamp>
			</report>
			<report>
				<misses>32300001</misses>
				<total>0</total>
				<timestamp>795.681638</timestamp>
			</report>
			<report>
				<misses>32400001</misses>
				<total>0</total>
				<timestamp>798.154514</timestamp>
			</report>
			<report>
				<misses>32500001</misses>
				<total>0</total>
				<timestamp>800.619515</timestamp>
			</report>
			<report>
				<misses>32600001</misses>
				<total>0</total>
				<timestamp>803.089029</timestamp>
			</report>
			<report>
				<misses>32700001</misses>
				<total>0</total>
				<timestamp>805.562595</timestamp>
			</report>
			<report>
				<misses>32800001</misses>
				<total>0</total>
				<timestamp>808.033163</timestamp>
			</report>
			<report>
				<misses>32900001</misses>
				<total>0</total>
				<timestamp>810.501460</timestamp>
			</report>
			<report>
				<misses>33000001</misses>
				<total>0</total>
				<timestamp>812.962683</timestamp>
			</report>
			<report>
				<misses>33100001</misses>
				<total>0</total>
				<timestamp>815.437936</timestamp>
			</report>
			<report>
				<misses>33200001</misses>
				<total>0</total>
				<timestamp>817.908525</timestamp>
			</report>
			<report>
				<misses>33300001</misses>
				<total>0</total>
				<timestamp>820.371589</timestamp>
			</report>
			<report>
				<misses>33400001</misses>
				<total>0</total>
				<timestamp>822.835030</timestamp>
			</report>
			<report>
				<misses>33500001</misses>
				<total>0</total>
				<timestamp>825.304532</timestamp>
			</report>
			<report>
				<misses>33600001</misses>
				<total>0</total>
				<timestamp>827.775960</timestamp>
			</report>
			<report>
				<misses>33700001</misses>
				<total>0</total>
				<timestamp>830.249063</timestamp>
			</report>
			<report>
				<misses>33800001</misses>
				<total>0</total>
				<timestamp>832.726303</timestamp>
			</report>
			<report>
				<misses>33900001</misses>
				<total>0</total>
				<timestamp>835.205909</timestamp>
			</report>
			<report>
				<misses>34000001</misses>
				<total>0</total>
				<timestamp>837.684209</timestamp>
			</report>
			<report>
				<misses>34100001</misses>
				<total>0</total>
				<timestamp>840.163202</timestamp>
			</report>
			<report>
				<misses>34200001</misses>
				<total>0</total>
				<timestamp>842.639718</timestamp>
			</report>
			<report>
				<misses>34300001</misses>
				<total>0</total>
				<timestamp>845.120380</timestamp>
			</report>
			<report>
				<misses>34400001</misses>
				<total>0</total>
				<timestamp>847.588056</timestamp>
			</report>
			<report>
				<misses>34500001</misses>
				<total>0</total>
				<timestamp>850.066171</timestamp>
			</report>
			<report>
				<misses>34600001</misses>
				<total>0</total>
				<timestamp>852.538964</timestamp>
			</report>
			<report>
				<misses>34700001</misses>
				<total>0</total>
				<timestamp>855.006317</timestamp>
			</report>
			<report>
				<misses>34800001</misses>
				<total>0</total>
				<timestamp>857.478408</timestamp>
			</report>
			<report>
				<misses>34900001</misses>
				<total>0</total>
				<timestamp>859.946259</timestamp>
			</report>
			<report>
				<misses>35000001</misses>
				<total>0</total>
				<timestamp>862.413742</timestamp>
			</report>
			<report>
				<misses>35100001</misses>
				<total>0</total>
				<timestamp>864.884632</timestamp>
			</report>
			<report>
				<misses>35200001</misses>
				<total>0</total>
				<timestamp>867.357673</timestamp>
			</report>
			<report>
				<misses>35300001</misses>
				<total>0</total>
				<timestamp>869.829064</timestamp>
			</report>
			<report>
				<misses>35400001</misses>
				<total>0</total>
				<timestamp>872.307204</timestamp>
			</report>
			<report>
				<misses>35500001</misses>
				<total>0</total>
				<timestamp>874.785436</timestamp>
			</report>
			<report>
				<misses>35600001</misses>
				<total>0</total>
				<timestamp>877.266292</timestamp>
			</report>
			<report>
				<misses>35700001</misses>
				<total>0</total>
				<timestamp>879.753202</timestamp>
			</report>
			<report>
				<misses>35800001</misses>
				<total>0</total>
				<timestamp>882.224451</timestamp>
			</report>
			<report>
				<misses>35900001</misses>
				<total>0</total>
				<timestamp>884.694355</timestamp>
			</report>
			<report>
				<misses>36000001</misses>
				<total>0</total>
				<timestamp>887.169426</timestamp>
			</report>
			<report>
				<misses>36100001</misses>
				<total>0</total>
				<timestamp>889.645125</timestamp>
			</report>
			<report>
				<misses>36200001</misses>
				<total>0</total>
				<timestamp>892.127348</timestamp>
			</report>
			<report>
				<misses>36300001</misses>
				<total>0</total>
				<timestamp>894.607002</timestamp>
			</report>
			<report>
				<misses>36400001</misses>
				<total>0</total>
				<timestamp>897.075795</timestamp>
			</report>
			<report>
				<misses>36500001</misses>
				<total>0</total>
				<timestamp>899.547519</timestamp>
			</report>
			<report>
				<misses>36600001</misses>
				<total>0</total>
				<timestamp>902.026976</timestamp>
			</report>
			<report>
				<misses>36700001</misses>
				<total>0</total>
				<timestamp>904.500354</timestamp>
			</report>
			<report>
				<misses>36800001</misses>
				<total>0</total>
				<timestamp>906.982927</timestamp>
			</report>
			<report>
				<misses>36900001</misses>
				<total>0</total>
				<timestamp>909.463013</timestamp>
			</report>
			<report>
				<misses>37000001</misses>
				<total>0</total>
				<timestamp>911.944880</timestamp>
			</report>
			<report>
				<misses>37100001</misses>
				<total>0</total>
				<timestamp>914.422119</timestamp>
			</report>
			<report>
				<misses>37200001</misses>
				<total>0</total>
				<timestamp>916.889063</timestamp>
			</report>
			<report>
				<misses>37300001</misses>
				<total>0</total>
				<timestamp>919.373331</timestamp>
			</report>
			<report>
				<misses>37400001</misses>
				<total>0</total>
				<timestamp>921.853815</timestamp>
			</report>
			<report>
				<misses>37500001</misses>
				<total>0</total>
				<timestamp>924.331657</timestamp>
			</report>
			<report>
				<misses>37600001</misses>
				<total>0</total>
				<timestamp>926.808019</timestamp>
			</report>
			<report>
				<misses>37700001</misses>
				<total>0</total>
				<timestamp>929.292212</timestamp>
			</report>
			<report>
				<misses>37800001</misses>
				<total>0</total>
				<timestamp>931.766229</timestamp>
			</report>
			<report>
				<misses>37900001</misses>
				<total>0</total>
				<timestamp>934.237935</timestamp>
			</report>
			<report>
				<misses>38000001</misses>
				<total>0</total>
				<timestamp>936.710377</timestamp>
			</report>
			<report>
				<misses>38100001</misses>
				<total>0</total>
				<timestamp>939.192633</timestamp>
			</report>
			<report>
				<misses>38200001</misses>
				<total>0</total>
				<timestamp>941.671871</timestamp>
			</report>
			<report>
				<misses>38300001</misses>
				<total>0</total>
				<timestamp>944.154034</timestamp>
			</report>
			<report>
				<misses>38400001</misses>
				<total>0</total>
				<timestamp>946.630036</timestamp>
			</report>
			<report>
				<misses>38500001</misses>
				<total>0</total>
				<timestamp>949.111197</timestamp>
			</report>
			<report>
				<misses>38600001</misses>
				<total>0</total>
				<timestamp>951.590913</timestamp>
			</report>
			<report>
				<misses>38700001</misses>
				<total>0</total>
				<timestamp>954.061691</timestamp>
			</report>
			<report>
				<misses>38800001</misses>
				<total>0</total>
				<timestamp>956.540011</timestamp>
			</report>
			<report>
				<misses>38900001</misses>
				<total>0</total>
				<timestamp>959.018929</timestamp>
			</report>
			<report>
				<misses>39000001</misses>
				<total>0</total>
				<timestamp>961.498580</timestamp>
			</report>
			<report>
				<misses>39100001</misses>
				<total>0</total>
				<timestamp>963.988193</timestamp>
			</report>
			<report>
				<misses>39200001</misses>
				<total>0</total>
				<timestamp>966.473190</timestamp>
			</report>
			<report>
				<misses>39300001</misses>
				<total>0</total>
				<timestamp>968.948154</timestamp>
			</report>
			<report>
				<misses>39400001</misses>
				<total>0</total>
				<timestamp>971.419342</timestamp>
			</report>
			<report>
				<misses>39500001</misses>
				<total>0</total>
				<timestamp>973.894128</timestamp>
			</report>
			<report>
				<misses>39600001</misses>
				<total>0</total>
				<timestamp>976.373842</timestamp>
			</report>
			<report>
				<misses>39700001</misses>
				<total>0</total>
				<timestamp>978.847804</timestamp>
			</report>
			<report>
				<misses>39800001</misses>
				<total>0</total>
				<timestamp>981.323969</timestamp>
			</report>
			<report>
				<misses>39900001</misses>
				<total>0</total>
				<timestamp>983.800508</timestamp>
			</report>
			<report>
				<misses>40000001</misses>
				<total>0</total>
				<timestamp>986.281830</timestamp>
			</report>
			<report>
				<misses>40100001</misses>
				<total>0</total>
				<timestamp>988.758279</timestamp>
			</report>
			<report>
				<misses>40200001</misses>
				<total>0</total>
				<timestamp>991.229398</timestamp>
			</report>
			<report>
				<misses>40300001</misses>
				<total>0</total>
				<timestamp>993.702090</timestamp>
			</report>
			<report>
				<misses>40400001</misses>
				<total>0</total>
				<timestamp>996.184214</timestamp>
			</report>
			<report>
				<misses>40500001</misses>
				<total>0</total>
				<timestamp>998.665583</timestamp>
			</report>
			<report>
				<misses>40600001</misses>
				<total>0</total>
				<timestamp>1001.139195</timestamp>
			</report>
			<report>
				<misses>40700001</misses>
				<total>0</total>
				<timestamp>1003.610451</timestamp>
			</report>
			<report>
				<misses>40800001</misses>
				<total>0</total>
				<timestamp>1006.102846</timestamp>
			</report>
			<report>
				<misses>40900001</misses>
				<total>0</total>
				<timestamp>1008.589741</timestamp>
			</report>
			<report>
				<misses>41000001</misses>
				<total>0</total>
				<timestamp>1011.088682</timestamp>
			</report>
			<report>
				<misses>41100001</misses>
				<total>0</total>
				<timestamp>1013.567619</timestamp>
			</report>
			<report>
				<misses>41200001</misses>
				<total>0</total>
				<timestamp>1016.030016</timestamp>
			</report>
			<report>
				<misses>41300001</misses>
				<total>0</total>
				<timestamp>1018.494294</timestamp>
			</report>
			<report>
				<misses>41400001</misses>
				<total>0</total>
				<timestamp>1020.963180</timestamp>
			</report>
			<report>
				<misses>41500001</misses>
				<total>0</total>
				<timestamp>1023.426997</timestamp>
			</report>
			<report>
				<misses>41600001</misses>
				<total>0</total>
				<timestamp>1025.893417</timestamp>
			</report>
			<report>
				<misses>41700001</misses>
				<total>0</total>
				<timestamp>1028.352849</timestamp>
			</report>
			<report>
				<misses>41800001</misses>
				<total>0</total>
				<timestamp>1030.836764</timestamp>
			</report>
			<report>
				<misses>41900001</misses>
				<total>0</total>
				<timestamp>1033.319197</timestamp>
			</report>
			<report>
				<misses>42000001</misses>
				<total>0</total>
				<timestamp>1035.803992</timestamp>
			</report>
			<report>
				<misses>42100001</misses>
				<total>0</total>
				<timestamp>1038.279106</timestamp>
			</report>
			<report>
				<misses>42200001</misses>
				<total>0</total>
				<timestamp>1040.747024</timestamp>
			</report>
			<report>
				<misses>42300001</misses>
				<total>0</total>
				<timestamp>1043.206255</timestamp>
			</report>
			<report>
				<misses>42400001</misses>
				<total>0</total>
				<timestamp>1045.682746</timestamp>
			</report>
			<report>
				<misses>42500001</misses>
				<total>0</total>
				<timestamp>1048.170478</timestamp>
			</report>
			<report>
				<misses>42600001</misses>
				<total>0</total>
				<timestamp>1050.638181</timestamp>
			</report>
			<report>
				<misses>42700001</misses>
				<total>0</total>
				<timestamp>1053.107797</timestamp>
			</report>
			<report>
				<misses>42800001</misses>
				<total>0</total>
				<timestamp>1055.593573</timestamp>
			</report>
			<report>
				<misses>42900001</misses>
				<total>0</total>
				<timestamp>1058.055787</timestamp>
			</report>
			<report>
				<misses>43000001</misses>
				<total>0</total>
				<timestamp>1060.520381</timestamp>
			</report>
			<report>
				<misses>43100001</misses>
				<total>0</total>
				<timestamp>1062.998549</timestamp>
			</report>
			<report>
				<misses>43200001</misses>
				<total>0</total>
				<timestamp>1065.469760</timestamp>
			</report>
			<report>
				<misses>43300001</misses>
				<total>0</total>
				<timestamp>1067.965962</timestamp>
			</report>
			<report>
				<misses>43400001</misses>
				<total>0</total>
				<timestamp>1070.443210</timestamp>
			</report>
			<report>
				<misses>43500001</misses>
				<total>0</total>
				<timestamp>1072.937969</timestamp>
			</report>
			<report>
				<misses>43600001</misses>
				<total>0</total>
				<timestamp>1075.395068</timestamp>
			</report>
			<report>
				<misses>43700001</misses>
				<total>0</total>
				<timestamp>1077.874198</timestamp>
			</report>
			<report>
				<misses>43800001</misses>
				<total>0</total>
				<timestamp>1080.360273</timestamp>
			</report>
			<report>
				<misses>43900001</misses>
				<total>0</total>
				<timestamp>1082.837623</timestamp>
			</report>
			<report>
				<misses>44000001</misses>
				<total>0</total>
				<timestamp>1085.316211</timestamp>
			</report>
			<report>
				<misses>44100001</misses>
				<total>0</total>
				<timestamp>1087.774840</timestamp>
			</report>
			<report>
				<misses>44200001</misses>
				<total>0</total>
				<timestamp>1090.227266</timestamp>
			</report>
			<report>
				<misses>44300001</misses>
				<total>0</total>
				<timestamp>1092.700499</timestamp>
			</report>
			<report>
				<misses>44400001</misses>
				<total>0</total>
				<timestamp>1095.162463</timestamp>
			</report>
			<report>
				<misses>44500001</misses>
				<total>0</total>
				<timestamp>1097.641621</timestamp>
			</report>
			<report>
				<misses>44600001</misses>
				<total>0</total>
				<timestamp>1100.114252</timestamp>
			</report>
			<report>
				<misses>44700001</misses>
				<total>0</total>
				<timestamp>1102.579134</timestamp>
			</report>
			<report>
				<misses>44800001</misses>
				<total>0</total>
				<timestamp>1105.039697</timestamp>
			</report>
			<report>
				<misses>44900001</misses>
				<total>0</total>
				<timestamp>1107.500406</timestamp>
			</report>
			<report>
				<misses>45000001</misses>
				<total>0</total>
				<timestamp>1109.955254</timestamp>
			</report>
			<report>
				<misses>45100001</misses>
				<total>0</total>
				<timestamp>1112.404363</timestamp>
			</report>
			<report>
				<misses>45200001</misses>
				<total>0</total>
				<timestamp>1114.859088</timestamp>
			</report>
			<report>
				<misses>45300001</misses>
				<total>0</total>
				<timestamp>1117.313899</timestamp>
			</report>
			<report>
				<misses>45400001</misses>
				<total>0</total>
				<timestamp>1119.775159</timestamp>
			</report>
			<report>
				<misses>45500001</misses>
				<total>0</total>
				<timestamp>1122.235532</timestamp>
			</report>
			<report>
				<misses>45600001</misses>
				<total>0</total>
				<timestamp>1124.694239</timestamp>
			</report>
			<report>
				<misses>45700001</misses>
				<total>0</total>
				<timestamp>1127.155033</timestamp>
			</report>
			<report>
				<misses>45800001</misses>
				<total>0</total>
				<timestamp>1129.617483</timestamp>
			</report>
			<report>
				<misses>45900001</misses>
				<total>0</total>
				<timestamp>1132.080825</timestamp>
			</report>
			<report>
				<misses>46000001</misses>
				<total>0</total>
				<timestamp>1134.542830</timestamp>
			</report>
			<report>
				<misses>46100001</misses>
				<total>0</total>
				<timestamp>1137.002768</timestamp>
			</report>
			<report>
				<misses>46200001</misses>
				<total>0</total>
				<timestamp>1139.465526</timestamp>
			</report>
			<report>
				<misses>46300001</misses>
				<total>0</total>
				<timestamp>1141.931117</timestamp>
			</report>
			<report>
				<misses>46400001</misses>
				<total>0</total>
				<timestamp>1144.391308</timestamp>
			</report>
			<report>
				<misses>46500001</misses>
				<total>0</total>
				<timestamp>1146.864764</timestamp>
			</report>
			<report>
				<misses>46600001</misses>
				<total>0</total>
				<timestamp>1149.326878</timestamp>
			</report>
			<report>
				<misses>46700001</misses>
				<total>0</total>
				<timestamp>1151.791020</timestamp>
			</report>
			<report>
				<misses>46800001</misses>
				<total>0</total>
				<timestamp>1154.257338</timestamp>
			</report>
			<report>
				<misses>46900001</misses>
				<total>0</total>
				<timestamp>1156.714278</timestamp>
			</report>
			<report>
				<misses>47000001</misses>
				<total>0</total>
				<timestamp>1159.184998</timestamp>
			</report>
			<report>
				<misses>47100001</misses>
				<total>0</total>
				<timestamp>1161.657346</timestamp>
			</report>
			<report>
				<misses>47200001</misses>
				<total>0</total>
				<timestamp>1164.114144</timestamp>
			</report>
			<report>
				<misses>47300001</misses>
				<total>0</total>
				<timestamp>1166.570524</timestamp>
			</report>
			<report>
				<misses>47400001</misses>
				<total>0</total>
				<timestamp>1169.026194</timestamp>
			</report>
			<report>
				<misses>47500001</misses>
				<total>0</total>
				<timestamp>1171.500074</timestamp>
			</report>
			<report>
				<misses>47600001</misses>
				<total>0</total>
				<timestamp>1173.961512</timestamp>
			</report>
			<report>
				<misses>47700001</misses>
				<total>0</total>
				<timestamp>1176.423590</timestamp>
			</report>
			<report>
				<misses>47800001</misses>
				<total>0</total>
				<timestamp>1178.879069</timestamp>
			</report>
			<report>
				<misses>47900001</misses>
				<total>0</total>
				<timestamp>1181.344877</timestamp>
			</report>
			<report>
				<misses>48000001</misses>
				<total>0</total>
				<timestamp>1183.814171</timestamp>
			</report>
			<report>
				<misses>48100001</misses>
				<total>0</total>
				<timestamp>1186.276257</timestamp>
			</report>
			<report>
				<misses>48200001</misses>
				<total>0</total>
				<timestamp>1188.753875</timestamp>
			</report>
			<report>
				<misses>48300001</misses>
				<total>0</total>
				<timestamp>1191.226532</timestamp>
			</report>
			<report>
				<misses>48400001</misses>
				<total>0</total>
				<timestamp>1193.697143</timestamp>
			</report>
			<report>
				<misses>48500001</misses>
				<total>0</total>
				<timestamp>1196.160205</timestamp>
			</report>
			<report>
				<misses>48600001</misses>
				<total>0</total>
				<timestamp>1198.617368</timestamp>
			</report>
			<report>
				<misses>48700001</misses>
				<total>0</total>
				<timestamp>1201.077018</timestamp>
			</report>
			<report>
				<misses>48800001</misses>
				<total>0</total>
				<timestamp>1203.537977</timestamp>
			</report>
			<report>
				<misses>48900001</misses>
				<total>0</total>
				<timestamp>1205.992663</timestamp>
			</report>
			<report>
				<misses>49000001</misses>
				<total>0</total>
				<timestamp>1208.461340</timestamp>
			</report>
			<report>
				<misses>49100001</misses>
				<total>0</total>
				<timestamp>1210.932561</timestamp>
			</report>
			<report>
				<misses>49200001</misses>
				<total>0</total>
				<timestamp>1213.405188</timestamp>
			</report>
			<report>
				<misses>49300001</misses>
				<total>0</total>
				<timestamp>1215.867373</timestamp>
			</report>
			<report>
				<misses>49400001</misses>
				<total>0</total>
				<timestamp>1218.325651</timestamp>
			</report>
			<report>
				<misses>49500001</misses>
				<total>0</total>
				<timestamp>1220.795873</timestamp>
			</report>
			<report>
				<misses>49600001</misses>
				<total>0</total>
				<timestamp>1223.268238</timestamp>
			</report>
			<report>
				<misses>49700001</misses>
				<total>0</total>
				<timestamp>1225.736689</timestamp>
			</report>
			<report>
				<misses>49800001</misses>
				<total>0</total>
				<timestamp>1228.213966</timestamp>
			</report>
			<report>
				<misses>49900001</misses>
				<total>0</total>
				<timestamp>1230.699347</timestamp>
			</report>
			<report>
				<misses>50000001</misses>
				<total>0</total>
				<timestamp>1233.174278</timestamp>
			</report>
			<report>
				<misses>50100001</misses>
				<total>0</total>
				<timestamp>1235.649122</timestamp>
			</report>
			<report>
				<misses>50200001</misses>
				<total>0</total>
				<timestamp>1238.107275</timestamp>
			</report>
			<report>
				<misses>50300001</misses>
				<total>0</total>
				<timestamp>1240.575090</timestamp>
			</report>
			<report>
				<misses>50400001</misses>
				<total>0</total>
				<timestamp>1243.035916</timestamp>
			</report>
			<report>
				<misses>50500001</misses>
				<total>0</total>
				<timestamp>1245.492322</timestamp>
			</report>
			<report>
				<misses>50600001</misses>
				<total>0</total>
				<timestamp>1247.955472</timestamp>
			</report>
			<report>
				<misses>50700001</misses>
				<total>0</total>
				<timestamp>1250.414199</timestamp>
			</report>
			<report>
				<misses>50800001</misses>
				<total>0</total>
				<timestamp>1252.873723</timestamp>
			</report>
			<report>
				<misses>50900001</misses>
				<total>0</total>
				<timestamp>1255.330069</timestamp>
			</report>
			<report>
				<misses>51000001</misses>
				<total>0</total>
				<timestamp>1257.790456</timestamp>
			</report>
			<report>
				<misses>51100001</misses>
				<total>0</total>
				<timestamp>1260.250490</timestamp>
			</report>
			<report>
				<misses>51200001</misses>
				<total>0</total>
				<timestamp>1262.706918</timestamp>
			</report>
			<report>
				<misses>51300001</misses>
				<total>0</total>
				<timestamp>1265.172827</timestamp>
			</report>
			<report>
				<misses>51400001</misses>
				<total>0</total>
				<timestamp>1267.640219</timestamp>
			</report>
			<report>
				<misses>51500001</misses>
				<total>0</total>
				<timestamp>1270.109130</timestamp>
			</report>
			<report>
				<misses>51600001</misses>
				<total>0</total>
				<timestamp>1272.564989</timestamp>
			</report>
			<report>
				<misses>51700001</misses>
				<total>0</total>
				<timestamp>1275.018013</timestamp>
			</report>
			<report>
				<misses>51800001</misses>
				<total>0</total>
				<timestamp>1277.471225</timestamp>
			</report>
			<report>
				<misses>51900001</misses>
				<total>0</total>
				<timestamp>1279.942006</timestamp>
			</report>
			<report>
				<misses>52000001</misses>
				<total>0</total>
				<timestamp>1282.421084</timestamp>
			</report>
			<report>
				<misses>52100001</misses>
				<total>0</total>
				<timestamp>1284.902854</timestamp>
			</report>
			<report>
				<misses>52200001</misses>
				<total>0</total>
				<timestamp>1287.375376</timestamp>
			</report>
			<report>
				<misses>52300001</misses>
				<total>0</total>
				<timestamp>1289.859353</timestamp>
			</report>
			<report>
				<misses>52400001</misses>
				<total>0</total>
				<timestamp>1292.340605</timestamp>
			</report>
			<report>
				<misses>52500001</misses>
				<total>0</total>
				<timestamp>1294.812394</timestamp>
			</report>
			<report>
				<misses>52600001</misses>
				<total>0</total>
				<timestamp>1297.278279</timestamp>
			</report>
			<report>
				<misses>52700001</misses>
				<total>0</total>
				<timestamp>1299.751987</timestamp>
			</report>
			<report>
				<misses>52800001</misses>
				<total>0</total>
				<timestamp>1302.211015</timestamp>
			</report>
			<report>
				<misses>52900001</misses>
				<total>0</total>
				<timestamp>1304.675587</timestamp>
			</report>
			<report>
				<misses>53000001</misses>
				<total>0</total>
				<timestamp>1307.144954</timestamp>
			</report>
			<report>
				<misses>53100001</misses>
				<total>0</total>
				<timestamp>1309.611408</timestamp>
			</report>
			<report>
				<misses>53200001</misses>
				<total>0</total>
				<timestamp>1312.092132</timestamp>
			</report>
			<report>
				<misses>53300001</misses>
				<total>0</total>
				<timestamp>1314.554191</timestamp>
			</report>
			<report>
				<misses>53400001</misses>
				<total>0</total>
				<timestamp>1317.012081</timestamp>
			</report>
			<report>
				<misses>53500001</misses>
				<total>0</total>
				<timestamp>1319.458298</timestamp>
			</report>
			<report>
				<misses>53600001</misses>
				<total>0</total>
				<timestamp>1321.909198</timestamp>
			</report>
			<report>
				<misses>53700001</misses>
				<total>0</total>
				<timestamp>1324.357656</timestamp>
			</report>
			<report>
				<misses>53800001</misses>
				<total>0</total>
				<timestamp>1326.812558</timestamp>
			</report>
			<report>
				<misses>53900001</misses>
				<total>0</total>
				<timestamp>1329.295528</timestamp>
			</report>
			<report>
				<misses>54000001</misses>
				<total>0</total>
				<timestamp>1331.769225</timestamp>
			</report>
			<report>
				<misses>54100001</misses>
				<total>0</total>
				<timestamp>1334.251544</timestamp>
			</report>
			<report>
				<misses>54200001</misses>
				<total>0</total>
				<timestamp>1336.725159</timestamp>
			</report>
			<report>
				<misses>54300001</misses>
				<total>0</total>
				<timestamp>1339.193099</timestamp>
			</report>
			<report>
				<misses>54400001</misses>
				<total>0</total>
				<timestamp>1341.663205</timestamp>
			</report>
			<report>
				<misses>54500001</misses>
				<total>0</total>
				<timestamp>1344.116836</timestamp>
			</report>
			<report>
				<misses>54600001</misses>
				<total>0</total>
				<timestamp>1346.562422</timestamp>
			</report>
			<report>
				<misses>54700001</misses>
				<total>0</total>
				<timestamp>1349.013053</timestamp>
			</report>
			<report>
				<misses>54800001</misses>
				<total>0</total>
				<timestamp>1351.469368</timestamp>
			</report>
			<report>
				<misses>54900001</misses>
				<total>0</total>
				<timestamp>1353.925738</timestamp>
			</report>
			<report>
				<misses>55000001</misses>
				<total>0</total>
				<timestamp>1356.386959</timestamp>
			</report>
			<report>
				<misses>55100001</misses>
				<total>0</total>
				<timestamp>1358.847057</timestamp>
			</report>
			<report>
				<misses>55200001</misses>
				<total>0</total>
				<timestamp>1361.317017</timestamp>
			</report>
			<report>
				<misses>55300001</misses>
				<total>0</total>
				<timestamp>1363.773820</timestamp>
			</report>
			<report>
				<misses>55400001</misses>
				<total>0</total>
				<timestamp>1366.235087</timestamp>
			</report>
			<report>
				<misses>55500001</misses>
				<total>0</total>
				<timestamp>1368.689916</timestamp>
			</report>
			<report>
				<misses>55600001</misses>
				<total>0</total>
				<timestamp>1371.145109</timestamp>
			</report>
			<report>
				<misses>55700001</misses>
				<total>0</total>
				<timestamp>1373.612087</timestamp>
			</report>
			<report>
				<misses>55800001</misses>
				<total>0</total>
				<timestamp>1376.069075</timestamp>
			</report>
			<report>
				<misses>55900001</misses>
				<total>0</total>
				<timestamp>1378.527259</timestamp>
			</report>
			<report>
				<misses>56000001</misses>
				<total>0</total>
				<timestamp>1380.993474</timestamp>
			</report>
			<report>
				<misses>56100001</misses>
				<total>0</total>
				<timestamp>1383.456877</timestamp>
			</report>
			<report>
				<misses>56200001</misses>
				<total>0</total>
				<timestamp>1385.913905</timestamp>
			</report>
			<report>
				<misses>56300001</misses>
				<total>0</total>
				<timestamp>1388.365720</timestamp>
			</report>
			<report>
				<misses>56400001</misses>
				<total>0</total>
				<timestamp>1390.830498</timestamp>
			</report>
			<report>
				<misses>56500001</misses>
				<total>0</total>
				<timestamp>1393.312877</timestamp>
			</report>
			<report>
				<misses>56600001</misses>
				<total>0</total>
				<timestamp>1395.778029</timestamp>
			</report>
			<report>
				<misses>56700001</misses>
				<total>0</total>
				<timestamp>1398.234038</timestamp>
			</report>
			<report>
				<misses>56800001</misses>
				<total>0</total>
				<timestamp>1400.687048</timestamp>
			</report>
			<report>
				<misses>56900001</misses>
				<total>0</total>
				<timestamp>1403.152754</timestamp>
			</report>
			<report>
				<misses>57000001</misses>
				<total>0</total>
				<timestamp>1405.615505</timestamp>
			</report>
			<report>
				<misses>57100001</misses>
				<total>0</total>
				<timestamp>1408.072882</timestamp>
			</report>
			<report>
				<misses>57200001</misses>
				<total>0</total>
				<timestamp>1410.536649</timestamp>
			</report>
			<report>
				<misses>57300001</misses>
				<total>0</total>
				<timestamp>1412.990612</timestamp>
			</report>
			<report>
				<misses>57400001</misses>
				<total>0</total>
				<timestamp>1415.454912</timestamp>
			</report>
			<report>
				<misses>57500001</misses>
				<total>0</total>
				<timestamp>1417.909525</timestamp>
			</report>
			<report>
				<misses>57600001</misses>
				<total>0</total>
				<timestamp>1420.372355</timestamp>
			</report>
			<report>
				<misses>57700001</misses>
				<total>0</total>
				<timestamp>1422.823238</timestamp>
			</report>
			<report>
				<misses>57800001</misses>
				<total>0</total>
				<timestamp>1425.298843</timestamp>
			</report>
			<report>
				<misses>57900001</misses>
				<total>0</total>
				<timestamp>1427.760264</timestamp>
			</report>
			<report>
				<misses>58000001</misses>
				<total>0</total>
				<timestamp>1430.220841</timestamp>
			</report>
			<report>
				<misses>58100001</misses>
				<total>0</total>
				<timestamp>1432.689980</timestamp>
			</report>
			<report>
				<misses>58200001</misses>
				<total>0</total>
				<timestamp>1435.159086</timestamp>
			</report>
			<report>
				<misses>58300001</misses>
				<total>0</total>
				<timestamp>1437.610804</timestamp>
			</report>
			<report>
				<misses>58400001</misses>
				<total>0</total>
				<timestamp>1440.082666</timestamp>
			</report>
			<report>
				<misses>58500001</misses>
				<total>0</total>
				<timestamp>1442.546043</timestamp>
			</report>
			<report>
				<misses>58600001</misses>
				<total>0</total>
				<timestamp>1445.014444</timestamp>
			</report>
			<report>
				<misses>58700001</misses>
				<total>0</total>
				<timestamp>1447.479038</timestamp>
			</report>
			<report>
				<misses>58800001</misses>
				<total>0</total>
				<timestamp>1449.944556</timestamp>
			</report>
			<report>
				<misses>58900001</misses>
				<total>0</total>
				<timestamp>1452.408872</timestamp>
			</report>
			<report>
				<misses>59000001</misses>
				<total>0</total>
				<timestamp>1454.880844</timestamp>
			</report>
			<report>
				<misses>59100001</misses>
				<total>0</total>
				<timestamp>1457.351128</timestamp>
			</report>
			<report>
				<misses>59200001</misses>
				<total>0</total>
				<timestamp>1459.824971</timestamp>
			</report>
			<report>
				<misses>59300001</misses>
				<total>0</total>
				<timestamp>1462.291433</timestamp>
			</report>
			<report>
				<misses>59400001</misses>
				<total>0</total>
				<timestamp>1464.748151</timestamp>
			</report>
			<report>
				<misses>59500001</misses>
				<total>0</total>
				<timestamp>1467.201161</timestamp>
			</report>
			<report>
				<misses>59600001</misses>
				<total>0</total>
				<timestamp>1469.659261</timestamp>
			</report>
			<report>
				<misses>59700001</misses>
				<total>0</total>
				<timestamp>1472.117441</timestamp>
			</report>
			<report>
				<misses>59800001</misses>
				<total>0</total>
				<timestamp>1474.565495</timestamp>
			</report>
			<report>
				<misses>59900001</misses>
				<total>0</total>
				<timestamp>1477.029354</timestamp>
			</report>
			<report>
				<misses>60000001</misses>
				<total>0</total>
				<timestamp>1479.491509</timestamp>
			</report>
			<report>
				<misses>60100001</misses>
				<total>0</total>
				<timestamp>1481.947375</timestamp>
			</report>
			<report>
				<misses>60200001</misses>
				<total>0</total>
				<timestamp>1484.399262</timestamp>
			</report>
			<report>
				<misses>60300001</misses>
				<total>0</total>
				<timestamp>1486.869892</timestamp>
			</report>
			<report>
				<misses>60400001</misses>
				<total>0</total>
				<timestamp>1489.339886</timestamp>
			</report>
			<report>
				<misses>60500001</misses>
				<total>0</total>
				<timestamp>1491.800206</timestamp>
			</report>
			<report>
				<misses>60600001</misses>
				<total>0</total>
				<timestamp>1494.266071</timestamp>
			</report>
			<report>
				<misses>60700001</misses>
				<total>0</total>
				<timestamp>1496.733706</timestamp>
			</report>
			<report>
				<misses>60800001</misses>
				<total>0</total>
				<timestamp>1499.197934</timestamp>
			</report>
			<report>
				<misses>60900001</misses>
				<total>0</total>
				<timestamp>1501.659776</timestamp>
			</report>
			<report>
				<misses>61000001</misses>
				<total>0</total>
				<timestamp>1504.128946</timestamp>
			</report>
			<report>
				<misses>61100001</misses>
				<total>0</total>
				<timestamp>1506.587502</timestamp>
			</report>
			<report>
				<misses>61200001</misses>
				<total>0</total>
				<timestamp>1509.058544</timestamp>
			</report>
			<report>
				<misses>61300001</misses>
				<total>0</total>
				<timestamp>1511.526409</timestamp>
			</report>
			<report>
				<misses>61400001</misses>
				<total>0</total>
				<timestamp>1513.992637</timestamp>
			</report>
			<report>
				<misses>61500001</misses>
				<total>0</total>
				<timestamp>1516.452422</timestamp>
			</report>
			<report>
				<misses>61600001</misses>
				<total>0</total>
				<timestamp>1518.933583</timestamp>
			</report>
			<report>
				<misses>61700001</misses>
				<total>0</total>
				<timestamp>1521.413114</timestamp>
			</report>
			<report>
				<misses>61800001</misses>
				<total>0</total>
				<timestamp>1523.885098</timestamp>
			</report>
			<report>
				<misses>61900001</misses>
				<total>0</total>
				<timestamp>1526.352138</timestamp>
			</report>
			<report>
				<misses>62000001</misses>
				<total>0</total>
				<timestamp>1528.820801</timestamp>
			</report>
			<report>
				<misses>62100001</misses>
				<total>0</total>
				<timestamp>1531.286746</timestamp>
			</report>
			<report>
				<misses>62200001</misses>
				<total>0</total>
				<timestamp>1533.746744</timestamp>
			</report>
			<report>
				<misses>62300001</misses>
				<total>0</total>
				<timestamp>1536.219421</timestamp>
			</report>
			<report>
				<misses>62400001</misses>
				<total>0</total>
				<timestamp>1538.683519</timestamp>
			</report>
			<report>
				<misses>62500001</misses>
				<total>0</total>
				<timestamp>1541.153465</timestamp>
			</report>
			<report>
				<misses>62600001</misses>
				<total>0</total>
				<timestamp>1543.628010</timestamp>
			</report>
			<report>
				<misses>62700001</misses>
				<total>0</total>
				<timestamp>1546.111913</timestamp>
			</report>
			<report>
				<misses>62800001</misses>
				<total>0</total>
				<timestamp>1548.581311</timestamp>
			</report>
			<report>
				<misses>62900001</misses>
				<total>0</total>
				<timestamp>1551.058458</timestamp>
			</report>
			<report>
				<misses>63000001</misses>
				<total>0</total>
				<timestamp>1553.531409</timestamp>
			</report>
			<report>
				<misses>63100001</misses>
				<total>0</total>
				<timestamp>1555.997116</timestamp>
			</report>
			<report>
				<misses>63200001</misses>
				<total>0</total>
				<timestamp>1558.464774</timestamp>
			</report>
			<report>
				<misses>63300001</misses>
				<total>0</total>
				<timestamp>1560.933669</timestamp>
			</report>
			<report>
				<misses>63400001</misses>
				<total>0</total>
				<timestamp>1563.409988</timestamp>
			</report>
			<report>
				<misses>63500001</misses>
				<total>0</total>
				<timestamp>1565.890531</timestamp>
			</report>
			<report>
				<misses>63600001</misses>
				<total>0</total>
				<timestamp>1568.363329</timestamp>
			</report>
			<report>
				<misses>63700001</misses>
				<total>0</total>
				<timestamp>1570.836800</timestamp>
			</report>
			<report>
				<misses>63800001</misses>
				<total>0</total>
				<timestamp>1573.313543</timestamp>
			</report>
			<report>
				<misses>63900001</misses>
				<total>0</total>
				<timestamp>1575.787513</timestamp>
			</report>
			<report>
				<misses>64000001</misses>
				<total>0</total>
				<timestamp>1578.262459</timestamp>
			</report>
			<report>
				<misses>64100001</misses>
				<total>0</total>
				<timestamp>1580.735353</timestamp>
			</report>
			<report>
				<misses>64200001</misses>
				<total>0</total>
				<timestamp>1583.215591</timestamp>
			</report>
			<report>
				<misses>64300001</misses>
				<total>0</total>
				<timestamp>1585.691901</timestamp>
			</report>
			<report>
				<misses>64400001</misses>
				<total>0</total>
				<timestamp>1588.174438</timestamp>
			</report>
			<report>
				<misses>64500001</misses>
				<total>0</total>
				<timestamp>1590.649297</timestamp>
			</report>
			<report>
				<misses>64600001</misses>
				<total>0</total>
				<timestamp>1593.134250</timestamp>
			</report>
			<report>
				<misses>64700001</misses>
				<total>0</total>
				<timestamp>1595.619925</timestamp>
			</report>
			<report>
				<misses>64800001</misses>
				<total>0</total>
				<timestamp>1598.090842</timestamp>
			</report>
			<report>
				<misses>64900001</misses>
				<total>0</total>
				<timestamp>1600.565981</timestamp>
			</report>
			<report>
				<misses>65000001</misses>
				<total>0</total>
				<timestamp>1603.039998</timestamp>
			</report>
			<report>
				<misses>65100001</misses>
				<total>0</total>
				<timestamp>1605.534557</timestamp>
			</report>
			<report>
				<misses>65200001</misses>
				<total>0</total>
				<timestamp>1608.012770</timestamp>
			</report>
			<report>
				<misses>65300001</misses>
				<total>0</total>
				<timestamp>1610.497742</timestamp>
			</report>
			<report>
				<misses>65400001</misses>
				<total>0</total>
				<timestamp>1612.981763</timestamp>
			</report>
			<report>
				<misses>65500001</misses>
				<total>0</total>
				<timestamp>1615.464616</timestamp>
			</report>
			<report>
				<misses>65600001</misses>
				<total>0</total>
				<timestamp>1617.945053</timestamp>
			</report>
			<report>
				<misses>65700001</misses>
				<total>0</total>
				<timestamp>1620.423546</timestamp>
			</report>
			<report>
				<misses>65800001</misses>
				<total>0</total>
				<timestamp>1622.903530</timestamp>
			</report>
			<report>
				<misses>65900001</misses>
				<total>0</total>
				<timestamp>1625.394724</timestamp>
			</report>
			<report>
				<misses>66000001</misses>
				<total>0</total>
				<timestamp>1627.869770</timestamp>
			</report>
			<report>
				<misses>66100001</misses>
				<total>0</total>
				<timestamp>1630.361078</timestamp>
			</report>
			<report>
				<misses>66200001</misses>
				<total>0</total>
				<timestamp>1632.848838</timestamp>
			</report>
			<report>
				<misses>66300001</misses>
				<total>0</total>
				<timestamp>1635.319043</timestamp>
			</report>
			<report>
				<misses>66400001</misses>
				<total>0</total>
				<timestamp>1637.793081</timestamp>
			</report>
			<report>
				<misses>66500001</misses>
				<total>0</total>
				<timestamp>1640.260646</timestamp>
			</report>
			<report>
				<misses>66600001</misses>
				<total>0</total>
				<timestamp>1642.737690</timestamp>
			</report>
			<report>
				<misses>66700001</misses>
				<total>0</total>
				<timestamp>1645.221744</timestamp>
			</report>
			<report>
				<misses>66800001</misses>
				<total>0</total>
				<timestamp>1647.692168</timestamp>
			</report>
			<report>
				<misses>66900001</misses>
				<total>0</total>
				<timestamp>1650.166186</timestamp>
			</report>
			<report>
				<misses>67000001</misses>
				<total>0</total>
				<timestamp>1652.633030</timestamp>
			</report>
			<report>
				<misses>67100001</misses>
				<total>0</total>
				<timestamp>1655.103726</timestamp>
			</report>
			<report>
				<misses>67200001</misses>
				<total>0</total>
				<timestamp>1657.581608</timestamp>
			</report>
			<report>
				<misses>67300001</misses>
				<total>0</total>
				<timestamp>1660.060461</timestamp>
			</report>
			<report>
				<misses>67400001</misses>
				<total>0</total>
				<timestamp>1662.537112</timestamp>
			</report>
			<report>
				<misses>67500001</misses>
				<total>0</total>
				<timestamp>1665.000453</timestamp>
			</report>
			<report>
				<misses>67600001</misses>
				<total>0</total>
				<timestamp>1667.464656</timestamp>
			</report>
			<report>
				<misses>67700001</misses>
				<total>0</total>
				<timestamp>1669.938311</timestamp>
			</report>
			<report>
				<misses>67800001</misses>
				<total>0</total>
				<timestamp>1672.412197</timestamp>
			</report>
			<report>
				<misses>67900001</misses>
				<total>0</total>
				<timestamp>1674.878943</timestamp>
			</report>
			<report>
				<misses>68000001</misses>
				<total>0</total>
				<timestamp>1677.353418</timestamp>
			</report>
			<report>
				<misses>68100001</misses>
				<total>0</total>
				<timestamp>1679.824017</timestamp>
			</report>
			<report>
				<misses>68200001</misses>
				<total>0</total>
				<timestamp>1682.296966</timestamp>
			</report>
			<report>
				<misses>68300001</misses>
				<total>0</total>
				<timestamp>1684.785076</timestamp>
			</report>
			<report>
				<misses>68400001</misses>
				<total>0</total>
				<timestamp>1687.267393</timestamp>
			</report>
			<report>
				<misses>68500001</misses>
				<total>0</total>
				<timestamp>1689.755849</timestamp>
			</report>
			<report>
				<misses>68600001</misses>
				<total>0</total>
				<timestamp>1692.227060</timestamp>
			</report>
			<report>
				<misses>68700001</misses>
				<total>0</total>
				<timestamp>1694.705271</timestamp>
			</report>
			<report>
				<misses>68800001</misses>
				<total>0</total>
				<timestamp>1697.174673</timestamp>
			</report>
			<report>
				<misses>68900001</misses>
				<total>0</total>
				<timestamp>1699.656864</timestamp>
			</report>
			<report>
				<misses>69000001</misses>
				<total>0</total>
				<timestamp>1702.131829</timestamp>
			</report>
			<report>
				<misses>69100001</misses>
				<total>0</total>
				<timestamp>1704.611623</timestamp>
			</report>
			<report>
				<misses>69200001</misses>
				<total>0</total>
				<timestamp>1707.084359</timestamp>
			</report>
			<report>
				<misses>69300001</misses>
				<total>0</total>
				<timestamp>1709.557721</timestamp>
			</report>
			<report>
				<misses>69400001</misses>
				<total>0</total>
				<timestamp>1712.024895</timestamp>
			</report>
			<report>
				<misses>69500001</misses>
				<total>0</total>
				<timestamp>1714.509630</timestamp>
			</report>
			<report>
				<misses>69600001</misses>
				<total>0</total>
				<timestamp>1716.984938</timestamp>
			</report>
			<report>
				<misses>69700001</misses>
				<total>0</total>
				<timestamp>1719.454132</timestamp>
			</report>
			<report>
				<misses>69800001</misses>
				<total>0</total>
				<timestamp>1721.934990</timestamp>
			</report>
			<report>
				<misses>69900001</misses>
				<total>0</total>
				<timestamp>1724.424855</timestamp>
			</report>
			<report>
				<misses>70000001</misses>
				<total>0</total>
				<timestamp>1726.908837</timestamp>
			</report>
			<report>
				<misses>70100001</misses>
				<total>0</total>
				<timestamp>1729.387026</timestamp>
			</report>
			<report>
				<misses>70200001</misses>
				<total>0</total>
				<timestamp>1731.858972</timestamp>
			</report>
			<report>
				<misses>70300001</misses>
				<total>0</total>
				<timestamp>1734.330139</timestamp>
			</report>
			<report>
				<misses>70400001</misses>
				<total>0</total>
				<timestamp>1736.810622</timestamp>
			</report>
			<report>
				<misses>70500001</misses>
				<total>0</total>
				<timestamp>1739.296204</timestamp>
			</report>
			<report>
				<misses>70600001</misses>
				<total>0</total>
				<timestamp>1741.785776</timestamp>
			</report>
			<report>
				<misses>70700001</misses>
				<total>0</total>
				<timestamp>1744.268661</timestamp>
			</report>
			<report>
				<misses>70800001</misses>
				<total>0</total>
				<timestamp>1746.743861</timestamp>
			</report>
			<report>
				<misses>70900001</misses>
				<total>0</total>
				<timestamp>1749.214726</timestamp>
			</report>
			<report>
				<misses>71000001</misses>
				<total>0</total>
				<timestamp>1751.675914</timestamp>
			</report>
			<report>
				<misses>71100001</misses>
				<total>0</total>
				<timestamp>1754.136668</timestamp>
			</report>
			<report>
				<misses>71200001</misses>
				<total>0</total>
				<timestamp>1756.596410</timestamp>
			</report>
			<report>
				<misses>71300001</misses>
				<total>0</total>
				<timestamp>1759.055498</timestamp>
			</report>
			<report>
				<misses>71400001</misses>
				<total>0</total>
				<timestamp>1761.519189</timestamp>
			</report>
			<report>
				<misses>71500001</misses>
				<total>0</total>
				<timestamp>1763.980447</timestamp>
			</report>
			<report>
				<misses>71600001</misses>
				<total>0</total>
				<timestamp>1766.445684</timestamp>
			</report>
			<report>
				<misses>71700001</misses>
				<total>0</total>
				<timestamp>1768.918024</timestamp>
			</report>
			<report>
				<misses>71800001</misses>
				<total>0</total>
				<timestamp>1771.388912</timestamp>
			</report>
			<report>
				<misses>71900001</misses>
				<total>0</total>
				<timestamp>1773.852119</timestamp>
			</report>
			<report>
				<misses>72000001</misses>
				<total>0</total>
				<timestamp>1776.312502</timestamp>
			</report>
			<report>
				<misses>72100001</misses>
				<total>0</total>
				<timestamp>1778.772690</timestamp>
			</report>
			<report>
				<misses>72200001</misses>
				<total>0</total>
				<timestamp>1781.237978</timestamp>
			</report>
			<report>
				<misses>72300001</misses>
				<total>0</total>
				<timestamp>1783.696445</timestamp>
			</report>
			<report>
				<misses>72400001</misses>
				<total>0</total>
				<timestamp>1786.153064</timestamp>
			</report>
			<report>
				<misses>72500001</misses>
				<total>0</total>
				<timestamp>1788.620312</timestamp>
			</report>
			<report>
				<misses>72600001</misses>
				<total>0</total>
				<timestamp>1791.078656</timestamp>
			</report>
			<report>
				<misses>72700001</misses>
				<total>0</total>
				<timestamp>1793.542964</timestamp>
			</report>
			<report>
				<misses>72800001</misses>
				<total>0</total>
				<timestamp>1796.006560</timestamp>
			</report>
			<report>
				<misses>72900001</misses>
				<total>0</total>
				<timestamp>1798.472378</timestamp>
			</report>
			<report>
				<misses>73000001</misses>
				<total>0</total>
				<timestamp>1800.934084</timestamp>
			</report>
			<report>
				<misses>73100001</misses>
				<total>0</total>
				<timestamp>1803.394123</timestamp>
			</report>
			<report>
				<misses>73200001</misses>
				<total>0</total>
				<timestamp>1805.855399</timestamp>
			</report>
			<report>
				<misses>73300001</misses>
				<total>0</total>
				<timestamp>1808.321185</timestamp>
			</report>
			<report>
				<misses>73400001</misses>
				<total>0</total>
				<timestamp>1810.783028</timestamp>
			</report>
			<report>
				<misses>73500001</misses>
				<total>0</total>
				<timestamp>1813.255708</timestamp>
			</report>
			<report>
				<misses>73600001</misses>
				<total>0</total>
				<timestamp>1815.710711</timestamp>
			</report>
			<report>
				<misses>73700001</misses>
				<total>0</total>
				<timestamp>1818.173176</timestamp>
			</report>
			<report>
				<misses>73800001</misses>
				<total>0</total>
				<timestamp>1820.627117</timestamp>
			</report>
			<report>
				<misses>73900001</misses>
				<total>0</total>
				<timestamp>1823.083676</timestamp>
			</report>
			<report>
				<misses>74000001</misses>
				<total>0</total>
				<timestamp>1825.545786</timestamp>
			</report>
			<report>
				<misses>74100001</misses>
				<total>0</total>
				<timestamp>1828.002855</timestamp>
			</report>
			<report>
				<misses>74200001</misses>
				<total>0</total>
				<timestamp>1830.467447</timestamp>
			</report>
			<report>
				<misses>74300001</misses>
				<total>0</total>
				<timestamp>1832.935495</timestamp>
			</report>
			<report>
				<misses>74400001</misses>
				<total>0</total>
				<timestamp>1835.406768</timestamp>
			</report>
			<report>
				<misses>74500001</misses>
				<total>0</total>
				<timestamp>1837.869063</timestamp>
			</report>
			<report>
				<misses>74600001</misses>
				<total>0</total>
				<timestamp>1840.337350</timestamp>
			</report>
			<report>
				<misses>74700001</misses>
				<total>0</total>
				<timestamp>1842.804821</timestamp>
			</report>
			<report>
				<misses>74800001</misses>
				<total>0</total>
				<timestamp>1845.263945</timestamp>
			</report>
			<report>
				<misses>74900001</misses>
				<total>0</total>
				<timestamp>1847.719694</timestamp>
			</report>
			<report>
				<misses>75000001</misses>
				<total>0</total>
				<timestamp>1850.179475</timestamp>
			</report>
			<report>
				<misses>75100001</misses>
				<total>0</total>
				<timestamp>1852.641254</timestamp>
			</report>
			<report>
				<misses>75200001</misses>
				<total>0</total>
				<timestamp>1855.102996</timestamp>
			</report>
			<report>
				<misses>75300001</misses>
				<total>0</total>
				<timestamp>1857.568912</timestamp>
			</report>
			<report>
				<misses>75400001</misses>
				<total>0</total>
				<timestamp>1860.028794</timestamp>
			</report>
			<report>
				<misses>75500001</misses>
				<total>0</total>
				<timestamp>1862.491803</timestamp>
			</report>
			<report>
				<misses>75600001</misses>
				<total>0</total>
				<timestamp>1864.945533</timestamp>
			</report>
			<report>
				<misses>75700001</misses>
				<total>0</total>
				<timestamp>1867.408443</timestamp>
			</report>
			<report>
				<misses>75800001</misses>
				<total>0</total>
				<timestamp>1869.866153</timestamp>
			</report>
			<report>
				<misses>75900001</misses>
				<total>0</total>
				<timestamp>1872.330170</timestamp>
			</report>
			<report>
				<misses>76000001</misses>
				<total>0</total>
				<timestamp>1874.790689</timestamp>
			</report>
			<report>
				<misses>76100001</misses>
				<total>0</total>
				<timestamp>1877.257890</timestamp>
			</report>
			<report>
				<misses>76200001</misses>
				<total>0</total>
				<timestamp>1879.723728</timestamp>
			</report>
			<report>
				<misses>76300001</misses>
				<total>0</total>
				<timestamp>1882.187747</timestamp>
			</report>
			<report>
				<misses>76400001</misses>
				<total>0</total>
				<timestamp>1884.661376</timestamp>
			</report>
			<report>
				<misses>76500001</misses>
				<total>0</total>
				<timestamp>1887.132665</timestamp>
			</report>
			<report>
				<misses>76600001</misses>
				<total>0</total>
				<timestamp>1889.584765</timestamp>
			</report>
			<report>
				<misses>76700001</misses>
				<total>0</total>
				<timestamp>1892.055125</timestamp>
			</report>
			<report>
				<misses>76800001</misses>
				<total>0</total>
				<timestamp>1894.520144</timestamp>
			</report>
			<report>
				<misses>76900001</misses>
				<total>0</total>
				<timestamp>1896.986472</timestamp>
			</report>
			<report>
				<misses>77000001</misses>
				<total>0</total>
				<timestamp>1899.466176</timestamp>
			</report>
			<report>
				<misses>77100001</misses>
				<total>0</total>
				<timestamp>1901.943470</timestamp>
			</report>
			<report>
				<misses>77200001</misses>
				<total>0</total>
				<timestamp>1904.420462</timestamp>
			</report>
			<report>
				<misses>77300001</misses>
				<total>0</total>
				<timestamp>1906.888755</timestamp>
			</report>
			<report>
				<misses>77400001</misses>
				<total>0</total>
				<timestamp>1909.356306</timestamp>
			</report>
			<report>
				<misses>77500001</misses>
				<total>0</total>
				<timestamp>1911.814429</timestamp>
			</report>
			<report>
				<misses>77600001</misses>
				<total>0</total>
				<timestamp>1914.294021</timestamp>
			</report>
			<report>
				<misses>77700001</misses>
				<total>0</total>
				<timestamp>1916.786962</timestamp>
			</report>
			<report>
				<misses>77800001</misses>
				<total>0</total>
				<timestamp>1919.275696</timestamp>
			</report>
			<report>
				<misses>77900001</misses>
				<total>0</total>
				<timestamp>1921.753929</timestamp>
			</report>
			<report>
				<misses>78000001</misses>
				<total>0</total>
				<timestamp>1924.234175</timestamp>
			</report>
			<report>
				<misses>78100001</misses>
				<total>0</total>
				<timestamp>1926.717975</timestamp>
			</report>
			<report>
				<misses>78200001</misses>
				<total>0</total>
				<timestamp>1929.198545</timestamp>
			</report>
			<report>
				<misses>78300001</misses>
				<total>0</total>
				<timestamp>1931.677136</timestamp>
			</report>
			<report>
				<misses>78400001</misses>
				<total>0</total>
				<timestamp>1934.140737</timestamp>
			</report>
			<report>
				<misses>78500001</misses>
				<total>0</total>
				<timestamp>1936.607651</timestamp>
			</report>
			<report>
				<misses>78600001</misses>
				<total>0</total>
				<timestamp>1939.073600</timestamp>
			</report>
			<report>
				<misses>78700001</misses>
				<total>0</total>
				<timestamp>1941.543715</timestamp>
			</report>
			<report>
				<misses>78800001</misses>
				<total>0</total>
				<timestamp>1944.017711</timestamp>
			</report>
			<report>
				<misses>78900001</misses>
				<total>0</total>
				<timestamp>1946.493567</timestamp>
			</report>
			<report>
				<misses>79000001</misses>
				<total>0</total>
				<timestamp>1948.967091</timestamp>
			</report>
			<report>
				<misses>79100001</misses>
				<total>0</total>
				<timestamp>1951.428703</timestamp>
			</report>
			<report>
				<misses>79200001</misses>
				<total>0</total>
				<timestamp>1953.900486</timestamp>
			</report>
			<report>
				<misses>79300001</misses>
				<total>0</total>
				<timestamp>1956.378176</timestamp>
			</report>
			<report>
				<misses>79400001</misses>
				<total>0</total>
				<timestamp>1958.858837</timestamp>
			</report>
			<report>
				<misses>79500001</misses>
				<total>0</total>
				<timestamp>1961.332220</timestamp>
			</report>
			<report>
				<misses>79600001</misses>
				<total>0</total>
				<timestamp>1963.796806</timestamp>
			</report>
			<report>
				<misses>79700001</misses>
				<total>0</total>
				<timestamp>1966.263223</timestamp>
			</report>
			<report>
				<misses>79800001</misses>
				<total>0</total>
				<timestamp>1968.733028</timestamp>
			</report>
			<report>
				<misses>79900001</misses>
				<total>0</total>
				<timestamp>1971.210644</timestamp>
			</report>
			<report>
				<misses>80000001</misses>
				<total>0</total>
				<timestamp>1973.683839</timestamp>
			</report>
			<report>
				<misses>80100001</misses>
				<total>0</total>
				<timestamp>1976.149045</timestamp>
			</report>
			<report>
				<misses>80200001</misses>
				<total>0</total>
				<timestamp>1978.625851</timestamp>
			</report>
			<report>
				<misses>80300001</misses>
				<total>0</total>
				<timestamp>1981.097848</timestamp>
			</report>
			<report>
				<misses>80400001</misses>
				<total>0</total>
				<timestamp>1983.568404</timestamp>
			</report>
			<report>
				<misses>80500001</misses>
				<total>0</total>
				<timestamp>1986.045735</timestamp>
			</report>
			<report>
				<misses>80600001</misses>
				<total>0</total>
				<timestamp>1988.520835</timestamp>
			</report>
			<report>
				<misses>80700001</misses>
				<total>0</total>
				<timestamp>1990.999247</timestamp>
			</report>
			<report>
				<misses>80800001</misses>
				<total>0</total>
				<timestamp>1993.463161</timestamp>
			</report>
			<report>
				<misses>80900001</misses>
				<total>0</total>
				<timestamp>1995.929033</timestamp>
			</report>
			<report>
				<misses>81000001</misses>
				<total>0</total>
				<timestamp>1998.409943</timestamp>
			</report>
			<report>
				<misses>81100001</misses>
				<total>0</total>
				<timestamp>2000.894584</timestamp>
			</report>
			<report>
				<misses>81200001</misses>
				<total>0</total>
				<timestamp>2003.378788</timestamp>
			</report>
			<report>
				<misses>81300001</misses>
				<total>0</total>
				<timestamp>2005.849109</timestamp>
			</report>
			<report>
				<misses>81400001</misses>
				<total>0</total>
				<timestamp>2008.328227</timestamp>
			</report>
			<report>
				<misses>81500001</misses>
				<total>0</total>
				<timestamp>2010.798039</timestamp>
			</report>
			<report>
				<misses>81600001</misses>
				<total>0</total>
				<timestamp>2013.268515</timestamp>
			</report>
			<report>
				<misses>81700001</misses>
				<total>0</total>
				<timestamp>2015.743146</timestamp>
			</report>
			<report>
				<misses>81800001</misses>
				<total>0</total>
				<timestamp>2018.215799</timestamp>
			</report>
			<report>
				<misses>81900001</misses>
				<total>0</total>
				<timestamp>2020.689355</timestamp>
			</report>
			<report>
				<misses>82000001</misses>
				<total>0</total>
				<timestamp>2023.165714</timestamp>
			</report>
			<report>
				<misses>82100001</misses>
				<total>0</total>
				<timestamp>2025.640663</timestamp>
			</report>
			<report>
				<misses>82200001</misses>
				<total>0</total>
				<timestamp>2028.115193</timestamp>
			</report>
			<report>
				<misses>82300001</misses>
				<total>0</total>
				<timestamp>2030.594118</timestamp>
			</report>
			<report>
				<misses>82400001</misses>
				<total>0</total>
				<timestamp>2033.070830</timestamp>
			</report>
			<report>
				<misses>82500001</misses>
				<total>0</total>
				<timestamp>2035.542037</timestamp>
			</report>
			<report>
				<misses>82600001</misses>
				<total>0</total>
				<timestamp>2038.024823</timestamp>
			</report>
			<report>
				<misses>82700001</misses>
				<total>0</total>
				<timestamp>2040.509589</timestamp>
			</report>
			<report>
				<misses>82800001</misses>
				<total>0</total>
				<timestamp>2042.998778</timestamp>
			</report>
			<report>
				<misses>82900001</misses>
				<total>0</total>
				<timestamp>2045.476399</timestamp>
			</report>
			<report>
				<misses>83000001</misses>
				<total>0</total>
				<timestamp>2047.953479</timestamp>
			</report>
			<report>
				<misses>83100001</misses>
				<total>0</total>
				<timestamp>2050.431330</timestamp>
			</report>
			<report>
				<misses>83200001</misses>
				<total>0</total>
				<timestamp>2052.917225</timestamp>
			</report>
			<report>
				<misses>83300001</misses>
				<total>0</total>
				<timestamp>2055.386924</timestamp>
			</report>
			<report>
				<misses>83400001</misses>
				<total>0</total>
				<timestamp>2057.858013</timestamp>
			</report>
			<report>
				<misses>83500001</misses>
				<total>0</total>
				<timestamp>2060.336274</timestamp>
			</report>
			<report>
				<misses>83600001</misses>
				<total>0</total>
				<timestamp>2062.809638</timestamp>
			</report>
			<report>
				<misses>83700001</misses>
				<total>0</total>
				<timestamp>2065.279627</timestamp>
			</report>
			<report>
				<misses>83800001</misses>
				<total>0</total>
				<timestamp>2067.755450</timestamp>
			</report>
			<report>
				<misses>83900001</misses>
				<total>0</total>
				<timestamp>2070.232334</timestamp>
			</report>
			<report>
				<misses>84000001</misses>
				<total>0</total>
				<timestamp>2072.708960</timestamp>
			</report>
			<report>
				<misses>84100001</misses>
				<total>0</total>
				<timestamp>2075.184783</timestamp>
			</report>
			<report>
				<misses>84200001</misses>
				<total>0</total>
				<timestamp>2077.666574</timestamp>
			</report>
			<report>
				<misses>84300001</misses>
				<total>0</total>
				<timestamp>2080.152650</timestamp>
			</report>
			<report>
				<misses>84400001</misses>
				<total>0</total>
				<timestamp>2082.636592</timestamp>
			</report>
			<report>
				<misses>84500001</misses>
				<total>0</total>
				<timestamp>2085.125801</timestamp>
			</report>
			<report>
				<misses>84600001</misses>
				<total>0</total>
				<timestamp>2087.594581</timestamp>
			</report>
			<report>
				<misses>84700001</misses>
				<total>0</total>
				<timestamp>2090.073772</timestamp>
			</report>
			<report>
				<misses>84800001</misses>
				<total>0</total>
				<timestamp>2092.554610</timestamp>
			</report>
			<report>
				<misses>84900001</misses>
				<total>0</total>
				<timestamp>2095.030863</timestamp>
			</report>
			<report>
				<misses>85000001</misses>
				<total>0</total>
				<timestamp>2097.504374</timestamp>
			</report>
			<report>
				<misses>85100001</misses>
				<total>0</total>
				<timestamp>2099.983071</timestamp>
			</report>
			<report>
				<misses>85200001</misses>
				<total>0</total>
				<timestamp>2102.468029</timestamp>
			</report>
			<report>
				<misses>85300001</misses>
				<total>0</total>
				<timestamp>2104.947252</timestamp>
			</report>
			<report>
				<misses>85400001</misses>
				<total>0</total>
				<timestamp>2107.421437</timestamp>
			</report>
			<report>
				<misses>85500001</misses>
				<total>0</total>
				<timestamp>2109.894983</timestamp>
			</report>
			<report>
				<misses>85600001</misses>
				<total>0</total>
				<timestamp>2112.382012</timestamp>
			</report>
			<report>
				<misses>85700001</misses>
				<total>0</total>
				<timestamp>2114.849317</timestamp>
			</report>
			<report>
				<misses>85800001</misses>
				<total>0</total>
				<timestamp>2117.320953</timestamp>
			</report>
			<report>
				<misses>85900001</misses>
				<total>0</total>
				<timestamp>2119.793322</timestamp>
			</report>
			<report>
				<misses>86000001</misses>
				<total>0</total>
				<timestamp>2122.276041</timestamp>
			</report>
			<report>
				<misses>86100001</misses>
				<total>0</total>
				<timestamp>2124.760960</timestamp>
			</report>
			<report>
				<misses>86200001</misses>
				<total>0</total>
				<timestamp>2127.237868</timestamp>
			</report>
			<report>
				<misses>86300001</misses>
				<total>0</total>
				<timestamp>2129.718298</timestamp>
			</report>
			<report>
				<misses>86400001</misses>
				<total>0</total>
				<timestamp>2132.199872</timestamp>
			</report>
			<report>
				<misses>86500001</misses>
				<total>0</total>
				<timestamp>2134.668527</timestamp>
			</report>
			<report>
				<misses>86600001</misses>
				<total>0</total>
				<timestamp>2137.144725</timestamp>
			</report>
			<report>
				<misses>86700001</misses>
				<total>0</total>
				<timestamp>2139.627805</timestamp>
			</report>
			<report>
				<misses>86800001</misses>
				<total>0</total>
				<timestamp>2142.098052</timestamp>
			</report>
			<report>
				<misses>86900001</misses>
				<total>0</total>
				<timestamp>2144.571674</timestamp>
			</report>
			<report>
				<misses>87000001</misses>
				<total>0</total>
				<timestamp>2147.043363</timestamp>
			</report>
			<report>
				<misses>87100001</misses>
				<total>0</total>
				<timestamp>2149.528927</timestamp>
			</report>
			<report>
				<misses>87200001</misses>
				<total>0</total>
				<timestamp>2152.008966</timestamp>
			</report>
			<report>
				<misses>87300001</misses>
				<total>0</total>
				<timestamp>2154.492877</timestamp>
			</report>
			<report>
				<misses>87400001</misses>
				<total>0</total>
				<timestamp>2156.967726</timestamp>
			</report>
			<report>
				<misses>87500001</misses>
				<total>0</total>
				<timestamp>2159.445966</timestamp>
			</report>
			<report>
				<misses>87600001</misses>
				<total>0</total>
				<timestamp>2161.920713</timestamp>
			</report>
			<report>
				<misses>87700001</misses>
				<total>0</total>
				<timestamp>2164.406863</timestamp>
			</report>
			<report>
				<misses>87800001</misses>
				<total>0</total>
				<timestamp>2166.882787</timestamp>
			</report>
			<report>
				<misses>87900001</misses>
				<total>0</total>
				<timestamp>2169.363820</timestamp>
			</report>
			<report>
				<misses>88000001</misses>
				<total>0</total>
				<timestamp>2171.842896</timestamp>
			</report>
			<report>
				<misses>88100001</misses>
				<total>0</total>
				<timestamp>2174.330397</timestamp>
			</report>
			<report>
				<misses>88200001</misses>
				<total>0</total>
				<timestamp>2176.812158</timestamp>
			</report>
			<report>
				<misses>88300001</misses>
				<total>0</total>
				<timestamp>2179.291016</timestamp>
			</report>
			<report>
				<misses>88400001</misses>
				<total>0</total>
				<timestamp>2181.769055</timestamp>
			</report>
			<report>
				<misses>88500001</misses>
				<total>0</total>
				<timestamp>2184.244756</timestamp>
			</report>
			<report>
				<misses>88600001</misses>
				<total>0</total>
				<timestamp>2186.718282</timestamp>
			</report>
			<report>
				<misses>88700001</misses>
				<total>0</total>
				<timestamp>2189.188203</timestamp>
			</report>
			<report>
				<misses>88800001</misses>
				<total>0</total>
				<timestamp>2191.660240</timestamp>
			</report>
			<report>
				<misses>88900001</misses>
				<total>0</total>
				<timestamp>2194.131993</timestamp>
			</report>
			<report>
				<misses>89000001</misses>
				<total>0</total>
				<timestamp>2196.597706</timestamp>
			</report>
			<report>
				<misses>89100001</misses>
				<total>0</total>
				<timestamp>2199.074290</timestamp>
			</report>
			<report>
				<misses>89200001</misses>
				<total>0</total>
				<timestamp>2201.548017</timestamp>
			</report>
			<report>
				<misses>89300001</misses>
				<total>0</total>
				<timestamp>2204.023318</timestamp>
			</report>
			<report>
				<misses>89400001</misses>
				<total>0</total>
				<timestamp>2206.491169</timestamp>
			</report>
			<report>
				<misses>89500001</misses>
				<total>0</total>
				<timestamp>2208.969011</timestamp>
			</report>
			<report>
				<misses>89600001</misses>
				<total>0</total>
				<timestamp>2211.441092</timestamp>
			</report>
			<report>
				<misses>89700001</misses>
				<total>0</total>
				<timestamp>2213.917886</timestamp>
			</report>
			<report>
				<misses>89800001</misses>
				<total>0</total>
				<timestamp>2216.391208</timestamp>
			</report>
			<report>
				<misses>89900001</misses>
				<total>0</total>
				<timestamp>2218.868493</timestamp>
			</report>
			<report>
				<misses>90000001</misses>
				<total>0</total>
				<timestamp>2221.353209</timestamp>
			</report>
			<report>
				<misses>90100001</misses>
				<total>0</total>
				<timestamp>2223.838050</timestamp>
			</report>
			<report>
				<misses>90200001</misses>
				<total>0</total>
				<timestamp>2226.315788</timestamp>
			</report>
			<report>
				<misses>90300001</misses>
				<total>0</total>
				<timestamp>2228.796215</timestamp>
			</report>
			<report>
				<misses>90400001</misses>
				<total>0</total>
				<timestamp>2231.286994</timestamp>
			</report>
			<report>
				<misses>90500001</misses>
				<total>0</total>
				<timestamp>2233.762219</timestamp>
			</report>
			<report>
				<misses>90600001</misses>
				<total>0</total>
				<timestamp>2236.229561</timestamp>
			</report>
			<report>
				<misses>90700001</misses>
				<total>0</total>
				<timestamp>2238.699040</timestamp>
			</report>
			<report>
				<misses>90800001</misses>
				<total>0</total>
				<timestamp>2241.173977</timestamp>
			</report>
			<report>
				<misses>90900001</misses>
				<total>0</total>
				<timestamp>2243.647460</timestamp>
			</report>
			<report>
				<misses>91000001</misses>
				<total>0</total>
				<timestamp>2246.120481</timestamp>
			</report>
			<report>
				<misses>91100001</misses>
				<total>0</total>
				<timestamp>2248.597785</timestamp>
			</report>
			<report>
				<misses>91200001</misses>
				<total>0</total>
				<timestamp>2251.084198</timestamp>
			</report>
			<report>
				<misses>91300001</misses>
				<total>0</total>
				<timestamp>2253.562086</timestamp>
			</report>
			<report>
				<misses>91400001</misses>
				<total>0</total>
				<timestamp>2256.035152</timestamp>
			</report>
			<report>
				<misses>91500001</misses>
				<total>0</total>
				<timestamp>2258.509396</timestamp>
			</report>
			<report>
				<misses>91600001</misses>
				<total>0</total>
				<timestamp>2260.981822</timestamp>
			</report>
			<report>
				<misses>91700001</misses>
				<total>0</total>
				<timestamp>2263.455338</timestamp>
			</report>
			<report>
				<misses>91800001</misses>
				<total>0</total>
				<timestamp>2265.930509</timestamp>
			</report>
			<report>
				<misses>91900001</misses>
				<total>0</total>
				<timestamp>2268.405617</timestamp>
			</report>
			<report>
				<misses>92000001</misses>
				<total>0</total>
				<timestamp>2270.878492</timestamp>
			</report>
			<report>
				<misses>92100001</misses>
				<total>0</total>
				<timestamp>2273.353613</timestamp>
			</report>
			<report>
				<misses>92200001</misses>
				<total>0</total>
				<timestamp>2275.837328</timestamp>
			</report>
			<report>
				<misses>92300001</misses>
				<total>0</total>
				<timestamp>2278.308351</timestamp>
			</report>
			<report>
				<misses>92400001</misses>
				<total>0</total>
				<timestamp>2280.799988</timestamp>
			</report>
			<report>
				<misses>92500001</misses>
				<total>0</total>
				<timestamp>2283.281316</timestamp>
			</report>
			<report>
				<misses>92600001</misses>
				<total>0</total>
				<timestamp>2285.767946</timestamp>
			</report>
			<report>
				<misses>92700001</misses>
				<total>0</total>
				<timestamp>2288.245962</timestamp>
			</report>
			<report>
				<misses>92800001</misses>
				<total>0</total>
				<timestamp>2290.723793</timestamp>
			</report>
			<report>
				<misses>92900001</misses>
				<total>0</total>
				<timestamp>2293.199940</timestamp>
			</report>
			<report>
				<misses>93000001</misses>
				<total>0</total>
				<timestamp>2295.671595</timestamp>
			</report>
			<report>
				<misses>93100001</misses>
				<total>0</total>
				<timestamp>2298.151739</timestamp>
			</report>
			<report>
				<misses>93200001</misses>
				<total>0</total>
				<timestamp>2300.634163</timestamp>
			</report>
			<report>
				<misses>93300001</misses>
				<total>0</total>
				<timestamp>2303.112925</timestamp>
			</report>
			<report>
				<misses>93400001</misses>
				<total>0</total>
				<timestamp>2305.584101</timestamp>
			</report>
			<report>
				<misses>93500001</misses>
				<total>0</total>
				<timestamp>2308.061843</timestamp>
			</report>
			<report>
				<misses>93600001</misses>
				<total>0</total>
				<timestamp>2310.541814</timestamp>
			</report>
			<report>
				<misses>93700001</misses>
				<total>0</total>
				<timestamp>2313.019244</timestamp>
			</report>
			<report>
				<misses>93800001</misses>
				<total>0</total>
				<timestamp>2315.492103</timestamp>
			</report>
			<report>
				<misses>93900001</misses>
				<total>0</total>
				<timestamp>2317.960151</timestamp>
			</report>
			<report>
				<misses>94000001</misses>
				<total>0</total>
				<timestamp>2320.435541</timestamp>
			</report>
			<report>
				<misses>94100001</misses>
				<total>0</total>
				<timestamp>2322.906041</timestamp>
			</report>
			<report>
				<misses>94200001</misses>
				<total>0</total>
				<timestamp>2325.381639</timestamp>
			</report>
			<report>
				<misses>94300001</misses>
				<total>0</total>
				<timestamp>2327.861905</timestamp>
			</report>
			<report>
				<misses>94400001</misses>
				<total>0</total>
				<timestamp>2330.337809</timestamp>
			</report>
			<report>
				<misses>94500001</misses>
				<total>0</total>
				<timestamp>2332.809419</timestamp>
			</report>
			<report>
				<misses>94600001</misses>
				<total>0</total>
				<timestamp>2335.288948</timestamp>
			</report>
			<report>
				<misses>94700001</misses>
				<total>0</total>
				<timestamp>2337.773403</timestamp>
			</report>
			<report>
				<misses>94800001</misses>
				<total>0</total>
				<timestamp>2340.243306</timestamp>
			</report>
			<report>
				<misses>94900001</misses>
				<total>0</total>
				<timestamp>2342.714390</timestamp>
			</report>
			<report>
				<misses>95000001</misses>
				<total>0</total>
				<timestamp>2345.190969</timestamp>
			</report>
			<report>
				<misses>95100001</misses>
				<total>0</total>
				<timestamp>2347.669336</timestamp>
			</report>
			<report>
				<misses>95200001</misses>
				<total>0</total>
				<timestamp>2350.136029</timestamp>
			</report>
			<report>
				<misses>95300001</misses>
				<total>0</total>
				<timestamp>2352.605029</timestamp>
			</report>
			<report>
				<misses>95400001</misses>
				<total>0</total>
				<timestamp>2355.074423</timestamp>
			</report>
			<report>
				<misses>95500001</misses>
				<total>0</total>
				<timestamp>2357.546689</timestamp>
			</report>
			<report>
				<misses>95600001</misses>
				<total>0</total>
				<timestamp>2360.021816</timestamp>
			</report>
			<report>
				<misses>95700001</misses>
				<total>0</total>
				<timestamp>2362.499613</timestamp>
			</report>
			<report>
				<misses>95800001</misses>
				<total>0</total>
				<timestamp>2364.971392</timestamp>
			</report>
			<report>
				<misses>95900001</misses>
				<total>0</total>
				<timestamp>2367.441042</timestamp>
			</report>
			<report>
				<misses>96000001</misses>
				<total>0</total>
				<timestamp>2369.914479</timestamp>
			</report>
			<report>
				<misses>96100001</misses>
				<total>0</total>
				<timestamp>2372.387758</timestamp>
			</report>
			<report>
				<misses>96200001</misses>
				<total>0</total>
				<timestamp>2374.858189</timestamp>
			</report>
			<report>
				<misses>96300001</misses>
				<total>0</total>
				<timestamp>2377.330698</timestamp>
			</report>
			<report>
				<misses>96400001</misses>
				<total>0</total>
				<timestamp>2379.805131</timestamp>
			</report>
			<report>
				<misses>96500001</misses>
				<total>0</total>
				<timestamp>2382.276789</timestamp>
			</report>
			<report>
				<misses>96600001</misses>
				<total>0</total>
				<timestamp>2384.747173</timestamp>
			</report>
			<report>
				<misses>96700001</misses>
				<total>0</total>
				<timestamp>2387.229111</timestamp>
			</report>
			<report>
				<misses>96800001</misses>
				<total>0</total>
				<timestamp>2389.710926</timestamp>
			</report>
			<report>
				<misses>96900001</misses>
				<total>0</total>
				<timestamp>2392.189092</timestamp>
			</report>
			<report>
				<misses>97000001</misses>
				<total>0</total>
				<timestamp>2394.661237</timestamp>
			</report>
			<report>
				<misses>97100001</misses>
				<total>0</total>
				<timestamp>2397.136501</timestamp>
			</report>
			<report>
				<misses>97200001</misses>
				<total>0</total>
				<timestamp>2399.602580</timestamp>
			</report>
			<report>
				<misses>97300001</misses>
				<total>0</total>
				<timestamp>2402.075297</timestamp>
			</report>
			<report>
				<misses>97400001</misses>
				<total>0</total>
				<timestamp>2404.546807</timestamp>
			</report>
			<report>
				<misses>97500001</misses>
				<total>0</total>
				<timestamp>2407.026552</timestamp>
			</report>
			<report>
				<misses>97600001</misses>
				<total>0</total>
				<timestamp>2409.502956</timestamp>
			</report>
			<report>
				<misses>97700001</misses>
				<total>0</total>
				<timestamp>2411.984433</timestamp>
			</report>
			<report>
				<misses>97800001</misses>
				<total>0</total>
				<timestamp>2414.458093</timestamp>
			</report>
			<report>
				<misses>97900001</misses>
				<total>0</total>
				<timestamp>2416.924956</timestamp>
			</report>
			<report>
				<misses>98000001</misses>
				<total>0</total>
				<timestamp>2419.407250</timestamp>
			</report>
			<report>
				<misses>98100001</misses>
				<total>0</total>
				<timestamp>2421.885108</timestamp>
			</report>
			<report>
				<misses>98200001</misses>
				<total>0</total>
				<timestamp>2424.364728</timestamp>
			</report>
			<report>
				<misses>98300001</misses>
				<total>0</total>
				<timestamp>2426.833783</timestamp>
			</report>
			<report>
				<misses>98400001</misses>
				<total>0</total>
				<timestamp>2429.304415</timestamp>
			</report>
			<report>
				<misses>98500001</misses>
				<total>0</total>
				<timestamp>2431.782264</timestamp>
			</report>
			<report>
				<misses>98600001</misses>
				<total>0</total>
				<timestamp>2434.259924</timestamp>
			</report>
			<report>
				<misses>98700001</misses>
				<total>0</total>
				<timestamp>2436.738311</timestamp>
			</report>
			<report>
				<misses>98800001</misses>
				<total>0</total>
				<timestamp>2439.210833</timestamp>
			</report>
			<report>
				<misses>98900001</misses>
				<total>0</total>
				<timestamp>2441.698023</timestamp>
			</report>
			<report>
				<misses>99000001</misses>
				<total>0</total>
				<timestamp>2444.183336</timestamp>
			</report>
			<report>
				<misses>99100001</misses>
				<total>0</total>
				<timestamp>2446.664214</timestamp>
			</report>
			<report>
				<misses>99200001</misses>
				<total>0</total>
				<timestamp>2449.142618</timestamp>
			</report>
			<report>
				<misses>99300001</misses>
				<total>0</total>
				<timestamp>2451.621792</timestamp>
			</report>
			<report>
				<misses>99400001</misses>
				<total>0</total>
				<timestamp>2454.102813</timestamp>
			</report>
			<report>
				<misses>99500001</misses>
				<total>0</total>
				<timestamp>2456.579417</timestamp>
			</report>
			<report>
				<misses>99600001</misses>
				<total>0</total>
				<timestamp>2459.059435</timestamp>
			</report>
			<report>
				<misses>99700001</misses>
				<total>0</total>
				<timestamp>2461.551757</timestamp>
			</report>
			<report>
				<misses>99800001</misses>
				<total>0</total>
				<timestamp>2464.043233</timestamp>
			</report>
			<report>
				<misses>99900001</misses>
				<total>0</total>
				<timestamp>2466.524504</timestamp>
			</report>
			<report>
				<misses>100000001</misses>
				<total>0</total>
				<timestamp>2469.005459</timestamp>
			</report>
			<report>
				<misses>100100001</misses>
				<total>0</total>
				<timestamp>2471.489155</timestamp>
			</report>
			<report>
				<misses>100200001</misses>
				<total>0</total>
				<timestamp>2473.962996</timestamp>
			</report>
			<report>
				<misses>100300001</misses>
				<total>0</total>
				<timestamp>2476.435239</timestamp>
			</report>
			<report>
				<misses>100400001</misses>
				<total>0</total>
				<timestamp>2478.912649</timestamp>
			</report>
			<report>
				<misses>100500001</misses>
				<total>0</total>
				<timestamp>2481.389133</timestamp>
			</report>
			<report>
				<misses>100600001</misses>
				<total>0</total>
				<timestamp>2483.872082</timestamp>
			</report>
			<report>
				<misses>100700001</misses>
				<total>0</total>
				<timestamp>2486.345417</timestamp>
			</report>
			<report>
				<misses>100800001</misses>
				<total>0</total>
				<timestamp>2488.820275</timestamp>
			</report>
			<report>
				<misses>100900001</misses>
				<total>0</total>
				<timestamp>2491.304504</timestamp>
			</report>
			<report>
				<misses>101000001</misses>
				<total>0</total>
				<timestamp>2493.791029</timestamp>
			</report>
			<report>
				<misses>101100001</misses>
				<total>0</total>
				<timestamp>2496.273116</timestamp>
			</report>
			<report>
				<misses>101200001</misses>
				<total>0</total>
				<timestamp>2498.747177</timestamp>
			</report>
			<report>
				<misses>101300001</misses>
				<total>0</total>
				<timestamp>2501.229092</timestamp>
			</report>
			<report>
				<misses>101400001</misses>
				<total>0</total>
				<timestamp>2503.711325</timestamp>
			</report>
			<report>
				<misses>101500001</misses>
				<total>0</total>
				<timestamp>2506.203018</timestamp>
			</report>
			<report>
				<misses>101600001</misses>
				<total>0</total>
				<timestamp>2508.679003</timestamp>
			</report>
			<report>
				<misses>101700001</misses>
				<total>0</total>
				<timestamp>2511.155591</timestamp>
			</report>
			<report>
				<misses>101800001</misses>
				<total>0</total>
				<timestamp>2513.634097</timestamp>
			</report>
			<report>
				<misses>101900001</misses>
				<total>0</total>
				<timestamp>2516.104098</timestamp>
			</report>
			<report>
				<misses>102000001</misses>
				<total>0</total>
				<timestamp>2518.571764</timestamp>
			</report>
			<report>
				<misses>102100001</misses>
				<total>0</total>
				<timestamp>2521.053825</timestamp>
			</report>
			<report>
				<misses>102200001</misses>
				<total>0</total>
				<timestamp>2523.541376</timestamp>
			</report>
			<report>
				<misses>102300001</misses>
				<total>0</total>
				<timestamp>2526.025666</timestamp>
			</report>
			<report>
				<misses>102400001</misses>
				<total>0</total>
				<timestamp>2528.504027</timestamp>
			</report>
			<report>
				<misses>102500001</misses>
				<total>0</total>
				<timestamp>2530.981103</timestamp>
			</report>
			<report>
				<misses>102600001</misses>
				<total>0</total>
				<timestamp>2533.458516</timestamp>
			</report>
			<report>
				<misses>102700001</misses>
				<total>0</total>
				<timestamp>2535.933016</timestamp>
			</report>
			<report>
				<misses>102800001</misses>
				<total>0</total>
				<timestamp>2538.405247</timestamp>
			</report>
			<report>
				<misses>102900001</misses>
				<total>0</total>
				<timestamp>2540.877552</timestamp>
			</report>
			<report>
				<misses>103000001</misses>
				<total>0</total>
				<timestamp>2543.356882</timestamp>
			</report>
			<report>
				<misses>103100001</misses>
				<total>0</total>
				<timestamp>2545.843634</timestamp>
			</report>
			<report>
				<misses>103200001</misses>
				<total>0</total>
				<timestamp>2548.323819</timestamp>
			</report>
			<report>
				<misses>103300001</misses>
				<total>0</total>
				<timestamp>2550.800240</timestamp>
			</report>
			<report>
				<misses>103400001</misses>
				<total>0</total>
				<timestamp>2553.280696</timestamp>
			</report>
			<report>
				<misses>103500001</misses>
				<total>0</total>
				<timestamp>2555.753406</timestamp>
			</report>
			<report>
				<misses>103600001</misses>
				<total>0</total>
				<timestamp>2558.230374</timestamp>
			</report>
			<report>
				<misses>103700001</misses>
				<total>0</total>
				<timestamp>2560.710644</timestamp>
			</report>
			<report>
				<misses>103800001</misses>
				<total>0</total>
				<timestamp>2563.187321</timestamp>
			</report>
			<report>
				<misses>103900001</misses>
				<total>0</total>
				<timestamp>2565.665328</timestamp>
			</report>
			<report>
				<misses>104000001</misses>
				<total>0</total>
				<timestamp>2568.146317</timestamp>
			</report>
			<report>
				<misses>104100001</misses>
				<total>0</total>
				<timestamp>2570.618068</timestamp>
			</report>
			<report>
				<misses>104200001</misses>
				<total>0</total>
				<timestamp>2573.088185</timestamp>
			</report>
			<report>
				<misses>104300001</misses>
				<total>0</total>
				<timestamp>2575.564307</timestamp>
			</report>
			<report>
				<misses>104400001</misses>
				<total>0</total>
				<timestamp>2578.039073</timestamp>
			</report>
			<report>
				<misses>104500001</misses>
				<total>0</total>
				<timestamp>2580.516452</timestamp>
			</report>
			<report>
				<misses>104600001</misses>
				<total>0</total>
				<timestamp>2582.999266</timestamp>
			</report>
			<report>
				<misses>104700001</misses>
				<total>0</total>
				<timestamp>2585.488553</timestamp>
			</report>
			<report>
				<misses>104800001</misses>
				<total>0</total>
				<timestamp>2587.977462</timestamp>
			</report>
			<report>
				<misses>104900001</misses>
				<total>0</total>
				<timestamp>2590.471355</timestamp>
			</report>
			<report>
				<misses>105000001</misses>
				<total>0</total>
				<timestamp>2592.945935</timestamp>
			</report>
			<report>
				<misses>105100001</misses>
				<total>0</total>
				<timestamp>2595.420481</timestamp>
			</report>
			<report>
				<misses>105200001</misses>
				<total>0</total>
				<timestamp>2597.902623</timestamp>
			</report>
			<report>
				<misses>105300001</misses>
				<total>0</total>
				<timestamp>2600.375979</timestamp>
			</report>
			<report>
				<misses>105400001</misses>
				<total>0</total>
				<timestamp>2602.858290</timestamp>
			</report>
			<report>
				<misses>105500001</misses>
				<total>0</total>
				<timestamp>2605.334972</timestamp>
			</report>
			<report>
				<misses>105600001</misses>
				<total>0</total>
				<timestamp>2607.818202</timestamp>
			</report>
			<report>
				<misses>105700001</misses>
				<total>0</total>
				<timestamp>2610.290976</timestamp>
			</report>
			<report>
				<misses>105800001</misses>
				<total>0</total>
				<timestamp>2612.769897</timestamp>
			</report>
			<report>
				<misses>105900001</misses>
				<total>0</total>
				<timestamp>2615.242849</timestamp>
			</report>
			<report>
				<misses>106000001</misses>
				<total>0</total>
				<timestamp>2617.719570</timestamp>
			</report>
			<report>
				<misses>106100001</misses>
				<total>0</total>
				<timestamp>2620.196358</timestamp>
			</report>
			<report>
				<misses>106200001</misses>
				<total>0</total>
				<timestamp>2622.663453</timestamp>
			</report>
			<report>
				<misses>106300001</misses>
				<total>0</total>
				<timestamp>2625.138861</timestamp>
			</report>
			<report>
				<misses>106400001</misses>
				<total>0</total>
				<timestamp>2627.620756</timestamp>
			</report>
			<report>
				<misses>106500001</misses>
				<total>0</total>
				<timestamp>2630.100112</timestamp>
			</report>
			<report>
				<misses>106600001</misses>
				<total>0</total>
				<timestamp>2632.574172</timestamp>
			</report>
			<report>
				<misses>106700001</misses>
				<total>0</total>
				<timestamp>2635.051566</timestamp>
			</report>
			<report>
				<misses>106800001</misses>
				<total>0</total>
				<timestamp>2637.519911</timestamp>
			</report>
			<report>
				<misses>106900001</misses>
				<total>0</total>
				<timestamp>2639.991087</timestamp>
			</report>
			<report>
				<misses>107000001</misses>
				<total>0</total>
				<timestamp>2642.462319</timestamp>
			</report>
			<report>
				<misses>107100001</misses>
				<total>0</total>
				<timestamp>2644.948109</timestamp>
			</report>
			<report>
				<misses>107200001</misses>
				<total>0</total>
				<timestamp>2647.436824</timestamp>
			</report>
			<report>
				<misses>107300001</misses>
				<total>0</total>
				<timestamp>2649.921782</timestamp>
			</report>
			<report>
				<misses>107400001</misses>
				<total>0</total>
				<timestamp>2652.397656</timestamp>
			</report>
			<report>
				<misses>107500001</misses>
				<total>0</total>
				<timestamp>2654.873302</timestamp>
			</report>
			<report>
				<misses>107600001</misses>
				<total>0</total>
				<timestamp>2657.349937</timestamp>
			</report>
			<report>
				<misses>107700001</misses>
				<total>0</total>
				<timestamp>2659.823981</timestamp>
			</report>
			<report>
				<misses>107800001</misses>
				<total>0</total>
				<timestamp>2662.297052</timestamp>
			</report>
			<report>
				<misses>107900001</misses>
				<total>0</total>
				<timestamp>2664.777751</timestamp>
			</report>
			<report>
				<misses>108000001</misses>
				<total>0</total>
				<timestamp>2667.263094</timestamp>
			</report>
			<report>
				<misses>108100001</misses>
				<total>0</total>
				<timestamp>2669.744235</timestamp>
			</report>
			<report>
				<misses>108200001</misses>
				<total>0</total>
				<timestamp>2672.226399</timestamp>
			</report>
			<report>
				<misses>108300001</misses>
				<total>0</total>
				<timestamp>2674.706623</timestamp>
			</report>
			<report>
				<misses>108400001</misses>
				<total>0</total>
				<timestamp>2677.178477</timestamp>
			</report>
			<report>
				<misses>108500001</misses>
				<total>0</total>
				<timestamp>2679.663595</timestamp>
			</report>
			<report>
				<misses>108600001</misses>
				<total>0</total>
				<timestamp>2682.134272</timestamp>
			</report>
			<report>
				<misses>108700001</misses>
				<total>0</total>
				<timestamp>2684.609315</timestamp>
			</report>
			<report>
				<misses>108800001</misses>
				<total>0</total>
				<timestamp>2687.088409</timestamp>
			</report>
			<report>
				<misses>108900001</misses>
				<total>0</total>
				<timestamp>2689.574531</timestamp>
			</report>
			<report>
				<misses>109000001</misses>
				<total>0</total>
				<timestamp>2692.047966</timestamp>
			</report>
			<report>
				<misses>109100001</misses>
				<total>0</total>
				<timestamp>2694.516376</timestamp>
			</report>
			<report>
				<misses>109200001</misses>
				<total>0</total>
				<timestamp>2696.981772</timestamp>
			</report>
			<report>
				<misses>109300001</misses>
				<total>0</total>
				<timestamp>2699.458753</timestamp>
			</report>
			<report>
				<misses>109400001</misses>
				<total>0</total>
				<timestamp>2701.933075</timestamp>
			</report>
			<report>
				<misses>109500001</misses>
				<total>0</total>
				<timestamp>2704.407418</timestamp>
			</report>
			<report>
				<misses>109600001</misses>
				<total>0</total>
				<timestamp>2706.896725</timestamp>
			</report>
			<report>
				<misses>109700001</misses>
				<total>0</total>
				<timestamp>2709.377328</timestamp>
			</report>
			<report>
				<misses>109800001</misses>
				<total>0</total>
				<timestamp>2711.849686</timestamp>
			</report>
			<report>
				<misses>109900001</misses>
				<total>0</total>
				<timestamp>2714.324056</timestamp>
			</report>
			<report>
				<misses>110000001</misses>
				<total>0</total>
				<timestamp>2716.802532</timestamp>
			</report>
			<report>
				<misses>110100001</misses>
				<total>0</total>
				<timestamp>2719.271673</timestamp>
			</report>
			<report>
				<misses>110200001</misses>
				<total>0</total>
				<timestamp>2721.742957</timestamp>
			</report>
			<report>
				<misses>110300001</misses>
				<total>0</total>
				<timestamp>2724.210992</timestamp>
			</report>
			<report>
				<misses>110400001</misses>
				<total>0</total>
				<timestamp>2726.695334</timestamp>
			</report>
			<report>
				<misses>110500001</misses>
				<total>0</total>
				<timestamp>2729.185722</timestamp>
			</report>
			<report>
				<misses>110600001</misses>
				<total>0</total>
				<timestamp>2731.666112</timestamp>
			</report>
			<report>
				<misses>110700001</misses>
				<total>0</total>
				<timestamp>2734.142575</timestamp>
			</report>
			<report>
				<misses>110800001</misses>
				<total>0</total>
				<timestamp>2736.613156</timestamp>
			</report>
			<report>
				<misses>110900001</misses>
				<total>0</total>
				<timestamp>2739.082984</timestamp>
			</report>
			<report>
				<misses>111000001</misses>
				<total>0</total>
				<timestamp>2741.557009</timestamp>
			</report>
			<report>
				<misses>111100001</misses>
				<total>0</total>
				<timestamp>2744.030948</timestamp>
			</report>
			<report>
				<misses>111200001</misses>
				<total>0</total>
				<timestamp>2746.507495</timestamp>
			</report>
			<report>
				<misses>111300001</misses>
				<total>0</total>
				<timestamp>2748.985542</timestamp>
			</report>
			<report>
				<misses>111400001</misses>
				<total>0</total>
				<timestamp>2751.460040</timestamp>
			</report>
			<report>
				<misses>111500001</misses>
				<total>0</total>
				<timestamp>2753.932534</timestamp>
			</report>
			<report>
				<misses>111600001</misses>
				<total>0</total>
				<timestamp>2756.409767</timestamp>
			</report>
			<report>
				<misses>111700001</misses>
				<total>0</total>
				<timestamp>2758.882922</timestamp>
			</report>
			<report>
				<misses>111800001</misses>
				<total>0</total>
				<timestamp>2761.358396</timestamp>
			</report>
			<report>
				<misses>111900001</misses>
				<total>0</total>
				<timestamp>2763.834262</timestamp>
			</report>
			<report>
				<misses>112000001</misses>
				<total>0</total>
				<timestamp>2766.307207</timestamp>
			</report>
			<report>
				<misses>112100001</misses>
				<total>0</total>
				<timestamp>2768.782408</timestamp>
			</report>
			<report>
				<misses>112200001</misses>
				<total>0</total>
				<timestamp>2771.253561</timestamp>
			</report>
			<report>
				<misses>112300001</misses>
				<total>0</total>
				<timestamp>2773.740397</timestamp>
			</report>
			<report>
				<misses>112400001</misses>
				<total>0</total>
				<timestamp>2776.222781</timestamp>
			</report>
			<report>
				<misses>112500001</misses>
				<total>0</total>
				<timestamp>2778.712989</timestamp>
			</report>
			<report>
				<misses>112600001</misses>
				<total>0</total>
				<timestamp>2781.198059</timestamp>
			</report>
			<report>
				<misses>112700001</misses>
				<total>0</total>
				<timestamp>2783.682642</timestamp>
			</report>
			<report>
				<misses>112800001</misses>
				<total>0</total>
				<timestamp>2786.157185</timestamp>
			</report>
			<report>
				<misses>112900001</misses>
				<total>0</total>
				<timestamp>2788.641686</timestamp>
			</report>
			<report>
				<misses>113000001</misses>
				<total>0</total>
				<timestamp>2791.122605</timestamp>
			</report>
			<report>
				<misses>113100001</misses>
				<total>0</total>
				<timestamp>2793.602078</timestamp>
			</report>
			<report>
				<misses>113200001</misses>
				<total>0</total>
				<timestamp>2796.077355</timestamp>
			</report>
			<report>
				<misses>113300001</misses>
				<total>0</total>
				<timestamp>2798.556325</timestamp>
			</report>
			<report>
				<misses>113400001</misses>
				<total>0</total>
				<timestamp>2801.032832</timestamp>
			</report>
			<report>
				<misses>113500001</misses>
				<total>0</total>
				<timestamp>2803.517481</timestamp>
			</report>
			<report>
				<misses>113600001</misses>
				<total>0</total>
				<timestamp>2806.001686</timestamp>
			</report>
			<report>
				<misses>113700001</misses>
				<total>0</total>
				<timestamp>2808.481001</timestamp>
			</report>
			<report>
				<misses>113800001</misses>
				<total>0</total>
				<timestamp>2810.959170</timestamp>
			</report>
			<report>
				<misses>113900001</misses>
				<total>0</total>
				<timestamp>2813.435164</timestamp>
			</report>
			<report>
				<misses>114000001</misses>
				<total>0</total>
				<timestamp>2815.910710</timestamp>
			</report>
			<report>
				<misses>114100001</misses>
				<total>0</total>
				<timestamp>2818.383792</timestamp>
			</report>
			<report>
				<misses>114200001</misses>
				<total>0</total>
				<timestamp>2820.862645</timestamp>
			</report>
			<report>
				<misses>114300001</misses>
				<total>0</total>
				<timestamp>2823.338077</timestamp>
			</report>
			<report>
				<misses>114400001</misses>
				<total>0</total>
				<timestamp>2825.819646</timestamp>
			</report>
			<report>
				<misses>114500001</misses>
				<total>0</total>
				<timestamp>2828.304741</timestamp>
			</report>
			<report>
				<misses>114600001</misses>
				<total>0</total>
				<timestamp>2830.786649</timestamp>
			</report>
			<report>
				<misses>114700001</misses>
				<total>0</total>
				<timestamp>2833.260651</timestamp>
			</report>
			<report>
				<misses>114800001</misses>
				<total>0</total>
				<timestamp>2835.740028</timestamp>
			</report>
			<report>
				<misses>114900001</misses>
				<total>0</total>
				<timestamp>2838.221216</timestamp>
			</report>
			<report>
				<misses>115000001</misses>
				<total>0</total>
				<timestamp>2840.699366</timestamp>
			</report>
			<report>
				<misses>115100001</misses>
				<total>0</total>
				<timestamp>2843.178790</timestamp>
			</report>
			<report>
				<misses>115200001</misses>
				<total>0</total>
				<timestamp>2845.665422</timestamp>
			</report>
			<report>
				<misses>115300001</misses>
				<total>0</total>
				<timestamp>2848.137093</timestamp>
			</report>
			<report>
				<misses>115400001</misses>
				<total>0</total>
				<timestamp>2850.618054</timestamp>
			</report>
			<report>
				<misses>115500001</misses>
				<total>0</total>
				<timestamp>2853.098984</timestamp>
			</report>
			<report>
				<misses>115600001</misses>
				<total>0</total>
				<timestamp>2855.583566</timestamp>
			</report>
			<report>
				<misses>115700001</misses>
				<total>0</total>
				<timestamp>2858.069825</timestamp>
			</report>
			<report>
				<misses>115800001</misses>
				<total>0</total>
				<timestamp>2860.552135</timestamp>
			</report>
			<report>
				<misses>115900001</misses>
				<total>0</total>
				<timestamp>2863.040293</timestamp>
			</report>
			<report>
				<misses>116000001</misses>
				<total>0</total>
				<timestamp>2865.524370</timestamp>
			</report>
			<report>
				<misses>116100001</misses>
				<total>0</total>
				<timestamp>2868.013503</timestamp>
			</report>
			<report>
				<misses>116200001</misses>
				<total>0</total>
				<timestamp>2870.490691</timestamp>
			</report>
			<report>
				<misses>116300001</misses>
				<total>0</total>
				<timestamp>2872.977963</timestamp>
			</report>
			<report>
				<misses>116400001</misses>
				<total>0</total>
				<timestamp>2875.470608</timestamp>
			</report>
			<report>
				<misses>116500001</misses>
				<total>0</total>
				<timestamp>2877.969226</timestamp>
			</report>
			<report>
				<misses>116600001</misses>
				<total>0</total>
				<timestamp>2880.462365</timestamp>
			</report>
			<report>
				<misses>116700001</misses>
				<total>0</total>
				<timestamp>2882.946690</timestamp>
			</report>
			<report>
				<misses>116800001</misses>
				<total>0</total>
				<timestamp>2885.418423</timestamp>
			</report>
			<report>
				<misses>116900001</misses>
				<total>0</total>
				<timestamp>2887.898719</timestamp>
			</report>
			<report>
				<misses>117000001</misses>
				<total>0</total>
				<timestamp>2890.377925</timestamp>
			</report>
			<report>
				<misses>117100001</misses>
				<total>0</total>
				<timestamp>2892.851239</timestamp>
			</report>
			<report>
				<misses>117200001</misses>
				<total>0</total>
				<timestamp>2895.326820</timestamp>
			</report>
			<report>
				<misses>117300001</misses>
				<total>0</total>
				<timestamp>2897.810976</timestamp>
			</report>
			<report>
				<misses>117400001</misses>
				<total>0</total>
				<timestamp>2900.295106</timestamp>
			</report>
			<report>
				<misses>117500001</misses>
				<total>0</total>
				<timestamp>2902.765752</timestamp>
			</report>
			<report>
				<misses>117600001</misses>
				<total>0</total>
				<timestamp>2905.246494</timestamp>
			</report>
			<report>
				<misses>117700001</misses>
				<total>0</total>
				<timestamp>2907.726832</timestamp>
			</report>
			<report>
				<misses>117800001</misses>
				<total>0</total>
				<timestamp>2910.202428</timestamp>
			</report>
			<report>
				<misses>117900001</misses>
				<total>0</total>
				<timestamp>2912.684286</timestamp>
			</report>
			<report>
				<misses>118000001</misses>
				<total>0</total>
				<timestamp>2915.173429</timestamp>
			</report>
			<report>
				<misses>118100001</misses>
				<total>0</total>
				<timestamp>2917.654364</timestamp>
			</report>
			<report>
				<misses>118200001</misses>
				<total>0</total>
				<timestamp>2920.135466</timestamp>
			</report>
			<report>
				<misses>118300001</misses>
				<total>0</total>
				<timestamp>2922.610911</timestamp>
			</report>
			<report>
				<misses>118400001</misses>
				<total>0</total>
				<timestamp>2925.099377</timestamp>
			</report>
			<report>
				<misses>118500001</misses>
				<total>0</total>
				<timestamp>2927.589788</timestamp>
			</report>
			<report>
				<misses>118600001</misses>
				<total>0</total>
				<timestamp>2930.065108</timestamp>
			</report>
			<report>
				<misses>118700001</misses>
				<total>0</total>
				<timestamp>2932.544004</timestamp>
			</report>
			<report>
				<misses>118800001</misses>
				<total>0</total>
				<timestamp>2935.019901</timestamp>
			</report>
			<report>
				<misses>118900001</misses>
				<total>0</total>
				<timestamp>2937.492690</timestamp>
			</report>
			<report>
				<misses>119000001</misses>
				<total>0</total>
				<timestamp>2939.974126</timestamp>
			</report>
			<report>
				<misses>119100001</misses>
				<total>0</total>
				<timestamp>2942.453060</timestamp>
			</report>
			<report>
				<misses>119200001</misses>
				<total>0</total>
				<timestamp>2944.938312</timestamp>
			</report>
			<report>
				<misses>119300001</misses>
				<total>0</total>
				<timestamp>2947.419711</timestamp>
			</report>
			<report>
				<misses>119400001</misses>
				<total>0</total>
				<timestamp>2949.895761</timestamp>
			</report>
			<report>
				<misses>119500001</misses>
				<total>0</total>
				<timestamp>2952.372597</timestamp>
			</report>
			<report>
				<misses>119600001</misses>
				<total>0</total>
				<timestamp>2954.843866</timestamp>
			</report>
			<report>
				<misses>119700001</misses>
				<total>0</total>
				<timestamp>2957.322440</timestamp>
			</report>
			<report>
				<misses>119800001</misses>
				<total>0</total>
				<timestamp>2959.800094</timestamp>
			</report>
			<report>
				<misses>119900001</misses>
				<total>0</total>
				<timestamp>2962.273006</timestamp>
			</report>
			<report>
				<misses>120000001</misses>
				<total>0</total>
				<timestamp>2964.744794</timestamp>
			</report>
			<report>
				<misses>120100001</misses>
				<total>0</total>
				<timestamp>2967.214584</timestamp>
			</report>
			<report>
				<misses>120200001</misses>
				<total>0</total>
				<timestamp>2969.692227</timestamp>
			</report>
			<report>
				<misses>120300001</misses>
				<total>0</total>
				<timestamp>2972.165011</timestamp>
			</report>
			<report>
				<misses>120400001</misses>
				<total>0</total>
				<timestamp>2974.645888</timestamp>
			</report>
			<report>
				<misses>120500001</misses>
				<total>0</total>
				<timestamp>2977.122008</timestamp>
			</report>
			<report>
				<misses>120600001</misses>
				<total>0</total>
				<timestamp>2979.598257</timestamp>
			</report>
			<report>
				<misses>120700001</misses>
				<total>0</total>
				<timestamp>2982.068979</timestamp>
			</report>
			<report>
				<misses>120800001</misses>
				<total>0</total>
				<timestamp>2984.539351</timestamp>
			</report>
			<report>
				<misses>120900001</misses>
				<total>0</total>
				<timestamp>2987.022385</timestamp>
			</report>
			<report>
				<misses>121000001</misses>
				<total>0</total>
				<timestamp>2989.493389</timestamp>
			</report>
			<report>
				<misses>121100001</misses>
				<total>0</total>
				<timestamp>2991.974867</timestamp>
			</report>
			<report>
				<misses>121200001</misses>
				<total>0</total>
				<timestamp>2994.459404</timestamp>
			</report>
			<report>
				<misses>121300001</misses>
				<total>0</total>
				<timestamp>2996.941644</timestamp>
			</report>
			<report>
				<misses>121400001</misses>
				<total>0</total>
				<timestamp>2999.426445</timestamp>
			</report>
			<report>
				<misses>121500001</misses>
				<total>0</total>
				<timestamp>3001.908694</timestamp>
			</report>
			<report>
				<misses>121600001</misses>
				<total>0</total>
				<timestamp>3004.386723</timestamp>
			</report>
			<report>
				<misses>121700001</misses>
				<total>0</total>
				<timestamp>3006.870089</timestamp>
			</report>
			<report>
				<misses>121800001</misses>
				<total>0</total>
				<timestamp>3009.343605</timestamp>
			</report>
			<report>
				<misses>121900001</misses>
				<total>0</total>
				<timestamp>3011.825968</timestamp>
			</report>
			<report>
				<misses>122000001</misses>
				<total>0</total>
				<timestamp>3014.298146</timestamp>
			</report>
			<report>
				<misses>122100001</misses>
				<total>0</total>
				<timestamp>3016.769666</timestamp>
			</report>
			<report>
				<misses>122200001</misses>
				<total>0</total>
				<timestamp>3019.241022</timestamp>
			</report>
			<report>
				<misses>122300001</misses>
				<total>0</total>
				<timestamp>3021.717172</timestamp>
			</report>
			<report>
				<misses>122400001</misses>
				<total>0</total>
				<timestamp>3024.191974</timestamp>
			</report>
			<report>
				<misses>122500001</misses>
				<total>0</total>
				<timestamp>3026.670495</timestamp>
			</report>
			<report>
				<misses>122600001</misses>
				<total>0</total>
				<timestamp>3029.133954</timestamp>
			</report>
			<report>
				<misses>122700001</misses>
				<total>0</total>
				<timestamp>3031.606937</timestamp>
			</report>
			<report>
				<misses>122800001</misses>
				<total>0</total>
				<timestamp>3034.074056</timestamp>
			</report>
			<report>
				<misses>122900001</misses>
				<total>0</total>
				<timestamp>3036.541103</timestamp>
			</report>
			<report>
				<misses>123000001</misses>
				<total>0</total>
				<timestamp>3039.007693</timestamp>
			</report>
			<report>
				<misses>123100001</misses>
				<total>0</total>
				<timestamp>3041.470337</timestamp>
			</report>
			<report>
				<misses>123200001</misses>
				<total>0</total>
				<timestamp>3043.941521</timestamp>
			</report>
			<report>
				<misses>123300001</misses>
				<total>0</total>
				<timestamp>3046.405937</timestamp>
			</report>
			<report>
				<misses>123400001</misses>
				<total>0</total>
				<timestamp>3048.870789</timestamp>
			</report>
			<report>
				<misses>123500001</misses>
				<total>0</total>
				<timestamp>3051.346632</timestamp>
			</report>
			<report>
				<misses>123600001</misses>
				<total>0</total>
				<timestamp>3053.821044</timestamp>
			</report>
			<report>
				<misses>123700001</misses>
				<total>0</total>
				<timestamp>3056.287503</timestamp>
			</report>
			<report>
				<misses>123800001</misses>
				<total>0</total>
				<timestamp>3058.757096</timestamp>
			</report>
			<report>
				<misses>123900001</misses>
				<total>0</total>
				<timestamp>3061.228666</timestamp>
			</report>
			<report>
				<misses>124000001</misses>
				<total>0</total>
				<timestamp>3063.701534</timestamp>
			</report>
			<report>
				<misses>124100001</misses>
				<total>0</total>
				<timestamp>3066.177030</timestamp>
			</report>
			<report>
				<misses>124200001</misses>
				<total>0</total>
				<timestamp>3068.646809</timestamp>
			</report>
			<report>
				<misses>124300001</misses>
				<total>0</total>
				<timestamp>3071.121848</timestamp>
			</report>
			<report>
				<misses>124400001</misses>
				<total>0</total>
				<timestamp>3073.596443</timestamp>
			</report>
			<report>
				<misses>124500001</misses>
				<total>0</total>
				<timestamp>3076.066051</timestamp>
			</report>
			<report>
				<misses>124600001</misses>
				<total>0</total>
				<timestamp>3078.531229</timestamp>
			</report>
			<report>
				<misses>124700001</misses>
				<total>0</total>
				<timestamp>3081.003157</timestamp>
			</report>
			<report>
				<misses>124800001</misses>
				<total>0</total>
				<timestamp>3083.470756</timestamp>
			</report>
			<report>
				<misses>124900001</misses>
				<total>0</total>
				<timestamp>3085.942681</timestamp>
			</report>
			<report>
				<misses>125000001</misses>
				<total>0</total>
				<timestamp>3088.414457</timestamp>
			</report>
			<report>
				<misses>125100001</misses>
				<total>0</total>
				<timestamp>3090.890405</timestamp>
			</report>
			<report>
				<misses>125200001</misses>
				<total>0</total>
				<timestamp>3093.369920</timestamp>
			</report>
			<report>
				<misses>125300001</misses>
				<total>0</total>
				<timestamp>3095.848048</timestamp>
			</report>
			<report>
				<misses>125400001</misses>
				<total>0</total>
				<timestamp>3098.321425</timestamp>
			</report>
			<report>
				<misses>125500001</misses>
				<total>0</total>
				<timestamp>3100.792864</timestamp>
			</report>
			<report>
				<misses>125600001</misses>
				<total>0</total>
				<timestamp>3103.274394</timestamp>
			</report>
			<report>
				<misses>125700001</misses>
				<total>0</total>
				<timestamp>3105.757055</timestamp>
			</report>
			<report>
				<misses>125800001</misses>
				<total>0</total>
				<timestamp>3108.232361</timestamp>
			</report>
			<report>
				<misses>125900001</misses>
				<total>0</total>
				<timestamp>3110.706725</timestamp>
			</report>
			<report>
				<misses>126000001</misses>
				<total>0</total>
				<timestamp>3113.188159</timestamp>
			</report>
			<report>
				<misses>126100001</misses>
				<total>0</total>
				<timestamp>3115.675674</timestamp>
			</report>
			<report>
				<misses>126200001</misses>
				<total>0</total>
				<timestamp>3118.159122</timestamp>
			</report>
			<report>
				<misses>126300001</misses>
				<total>0</total>
				<timestamp>3120.636524</timestamp>
			</report>
			<report>
				<misses>126400001</misses>
				<total>0</total>
				<timestamp>3123.110045</timestamp>
			</report>
			<report>
				<misses>126500001</misses>
				<total>0</total>
				<timestamp>3125.591349</timestamp>
			</report>
			<report>
				<misses>126600001</misses>
				<total>0</total>
				<timestamp>3128.074250</timestamp>
			</report>
			<report>
				<misses>126700001</misses>
				<total>0</total>
				<timestamp>3130.553486</timestamp>
			</report>
			<report>
				<misses>126800001</misses>
				<total>0</total>
				<timestamp>3133.025480</timestamp>
			</report>
			<report>
				<misses>126900001</misses>
				<total>0</total>
				<timestamp>3135.502091</timestamp>
			</report>
			<report>
				<misses>127000001</misses>
				<total>0</total>
				<timestamp>3137.969164</timestamp>
			</report>
			<report>
				<misses>127100001</misses>
				<total>0</total>
				<timestamp>3140.433178</timestamp>
			</report>
			<report>
				<misses>127200001</misses>
				<total>0</total>
				<timestamp>3142.911478</timestamp>
			</report>
			<report>
				<misses>127300001</misses>
				<total>0</total>
				<timestamp>3145.382661</timestamp>
			</report>
			<report>
				<misses>127400001</misses>
				<total>0</total>
				<timestamp>3147.858640</timestamp>
			</report>
			<report>
				<misses>127500001</misses>
				<total>0</total>
				<timestamp>3150.322137</timestamp>
			</report>
			<report>
				<misses>127600001</misses>
				<total>0</total>
				<timestamp>3152.788299</timestamp>
			</report>
			<report>
				<misses>127700001</misses>
				<total>0</total>
				<timestamp>3155.264928</timestamp>
			</report>
			<report>
				<misses>127800001</misses>
				<total>0</total>
				<timestamp>3157.739353</timestamp>
			</report>
			<report>
				<misses>127900001</misses>
				<total>0</total>
				<timestamp>3160.210510</timestamp>
			</report>
			<report>
				<misses>128000001</misses>
				<total>0</total>
				<timestamp>3162.680390</timestamp>
			</report>
			<report>
				<misses>128100001</misses>
				<total>0</total>
				<timestamp>3165.155212</timestamp>
			</report>
			<report>
				<misses>128200001</misses>
				<total>0</total>
				<timestamp>3167.620789</timestamp>
			</report>
			<report>
				<misses>128300001</misses>
				<total>0</total>
				<timestamp>3170.085976</timestamp>
			</report>
			<report>
				<misses>128400001</misses>
				<total>0</total>
				<timestamp>3172.562250</timestamp>
			</report>
			<report>
				<misses>128500001</misses>
				<total>0</total>
				<timestamp>3175.035175</timestamp>
			</report>
			<report>
				<misses>128600001</misses>
				<total>0</total>
				<timestamp>3177.514534</timestamp>
			</report>
			<report>
				<misses>128700001</misses>
				<total>0</total>
				<timestamp>3179.992461</timestamp>
			</report>
			<report>
				<misses>128800001</misses>
				<total>0</total>
				<timestamp>3182.463875</timestamp>
			</report>
			<report>
				<misses>128900001</misses>
				<total>0</total>
				<timestamp>3184.932292</timestamp>
			</report>
			<report>
				<misses>129000001</misses>
				<total>0</total>
				<timestamp>3187.394413</timestamp>
			</report>
			<report>
				<misses>129100001</misses>
				<total>0</total>
				<timestamp>3189.860667</timestamp>
			</report>
			<report>
				<misses>129200001</misses>
				<total>0</total>
				<timestamp>3192.338153</timestamp>
			</report>
			<report>
				<misses>129300001</misses>
				<total>0</total>
				<timestamp>3194.816258</timestamp>
			</report>
			<report>
				<misses>129400001</misses>
				<total>0</total>
				<timestamp>3197.291175</timestamp>
			</report>
			<report>
				<misses>129500001</misses>
				<total>0</total>
				<timestamp>3199.763222</timestamp>
			</report>
			<report>
				<misses>129600001</misses>
				<total>0</total>
				<timestamp>3202.235916</timestamp>
			</report>
			<report>
				<misses>129700001</misses>
				<total>0</total>
				<timestamp>3204.707114</timestamp>
			</report>
			<report>
				<misses>129800001</misses>
				<total>0</total>
				<timestamp>3207.170326</timestamp>
			</report>
			<report>
				<misses>129900001</misses>
				<total>0</total>
				<timestamp>3209.644312</timestamp>
			</report>
			<report>
				<misses>130000001</misses>
				<total>0</total>
				<timestamp>3212.124828</timestamp>
			</report>
			<report>
				<misses>130100001</misses>
				<total>0</total>
				<timestamp>3214.599177</timestamp>
			</report>
			<report>
				<misses>130200001</misses>
				<total>0</total>
				<timestamp>3217.064830</timestamp>
			</report>
			<report>
				<misses>130300001</misses>
				<total>0</total>
				<timestamp>3219.551000</timestamp>
			</report>
			<report>
				<misses>130400001</misses>
				<total>0</total>
				<timestamp>3222.043173</timestamp>
			</report>
			<report>
				<misses>130500001</misses>
				<total>0</total>
				<timestamp>3224.513309</timestamp>
			</report>
			<report>
				<misses>130600001</misses>
				<total>0</total>
				<timestamp>3226.982729</timestamp>
			</report>
			<report>
				<misses>130700001</misses>
				<total>0</total>
				<timestamp>3229.454057</timestamp>
			</report>
			<report>
				<misses>130800001</misses>
				<total>0</total>
				<timestamp>3231.932148</timestamp>
			</report>
			<report>
				<misses>130900001</misses>
				<total>0</total>
				<timestamp>3234.406922</timestamp>
			</report>
			<report>
				<misses>131000001</misses>
				<total>0</total>
				<timestamp>3236.880536</timestamp>
			</report>
			<report>
				<misses>131100001</misses>
				<total>0</total>
				<timestamp>3239.358217</timestamp>
			</report>
			<report>
				<misses>131200001</misses>
				<total>0</total>
				<timestamp>3241.844523</timestamp>
			</report>
			<report>
				<misses>131300001</misses>
				<total>0</total>
				<timestamp>3244.332286</timestamp>
			</report>
			<report>
				<misses>131400001</misses>
				<total>0</total>
				<timestamp>3246.808765</timestamp>
			</report>
			<report>
				<misses>131500001</misses>
				<total>0</total>
				<timestamp>3249.282348</timestamp>
			</report>
			<report>
				<misses>131600001</misses>
				<total>0</total>
				<timestamp>3251.768086</timestamp>
			</report>
			<report>
				<misses>131700001</misses>
				<total>0</total>
				<timestamp>3254.242304</timestamp>
			</report>
			<report>
				<misses>131800001</misses>
				<total>0</total>
				<timestamp>3256.716406</timestamp>
			</report>
			<report>
				<misses>131900001</misses>
				<total>0</total>
				<timestamp>3259.193205</timestamp>
			</report>
			<report>
				<misses>132000001</misses>
				<total>0</total>
				<timestamp>3261.677115</timestamp>
			</report>
			<report>
				<misses>132100001</misses>
				<total>0</total>
				<timestamp>3264.157378</timestamp>
			</report>
			<report>
				<misses>132200001</misses>
				<total>0</total>
				<timestamp>3266.633040</timestamp>
			</report>
			<report>
				<misses>132300001</misses>
				<total>0</total>
				<timestamp>3269.101439</timestamp>
			</report>
			<report>
				<misses>132400001</misses>
				<total>0</total>
				<timestamp>3271.577524</timestamp>
			</report>
			<report>
				<misses>132500001</misses>
				<total>0</total>
				<timestamp>3274.049047</timestamp>
			</report>
			<report>
				<misses>132600001</misses>
				<total>0</total>
				<timestamp>3276.536387</timestamp>
			</report>
			<report>
				<misses>132700001</misses>
				<total>0</total>
				<timestamp>3279.018580</timestamp>
			</report>
			<report>
				<misses>132800001</misses>
				<total>0</total>
				<timestamp>3281.491547</timestamp>
			</report>
			<report>
				<misses>132900001</misses>
				<total>0</total>
				<timestamp>3283.981605</timestamp>
			</report>
			<report>
				<misses>133000001</misses>
				<total>0</total>
				<timestamp>3286.461591</timestamp>
			</report>
			<report>
				<misses>133100001</misses>
				<total>0</total>
				<timestamp>3288.939847</timestamp>
			</report>
			<report>
				<misses>133200001</misses>
				<total>0</total>
				<timestamp>3291.418563</timestamp>
			</report>
			<report>
				<misses>133300001</misses>
				<total>0</total>
				<timestamp>3293.889534</timestamp>
			</report>
			<report>
				<misses>133400001</misses>
				<total>0</total>
				<timestamp>3296.361493</timestamp>
			</report>
			<report>
				<misses>133500001</misses>
				<total>0</total>
				<timestamp>3298.843299</timestamp>
			</report>
			<report>
				<misses>133600001</misses>
				<total>0</total>
				<timestamp>3301.317588</timestamp>
			</report>
			<report>
				<misses>133700001</misses>
				<total>0</total>
				<timestamp>3303.801983</timestamp>
			</report>
			<report>
				<misses>133800001</misses>
				<total>0</total>
				<timestamp>3306.291203</timestamp>
			</report>
			<report>
				<misses>133900001</misses>
				<total>0</total>
				<timestamp>3308.775982</timestamp>
			</report>
			<report>
				<misses>134000001</misses>
				<total>0</total>
				<timestamp>3311.256833</timestamp>
			</report>
			<report>
				<misses>134100001</misses>
				<total>0</total>
				<timestamp>3313.728089</timestamp>
			</report>
			<report>
				<misses>134200001</misses>
				<total>0</total>
				<timestamp>3316.202760</timestamp>
			</report>
			<report>
				<misses>134300001</misses>
				<total>0</total>
				<timestamp>3318.673297</timestamp>
			</report>
			<report>
				<misses>134400001</misses>
				<total>0</total>
				<timestamp>3321.146739</timestamp>
			</report>
			<report>
				<misses>134500001</misses>
				<total>0</total>
				<timestamp>3323.638641</timestamp>
			</report>
			<report>
				<misses>134600001</misses>
				<total>0</total>
				<timestamp>3326.112556</timestamp>
			</report>
			<report>
				<misses>134700001</misses>
				<total>0</total>
				<timestamp>3328.588794</timestamp>
			</report>
			<report>
				<misses>134800001</misses>
				<total>0</total>
				<timestamp>3331.063614</timestamp>
			</report>
			<report>
				<misses>134900001</misses>
				<total>0</total>
				<timestamp>3333.538145</timestamp>
			</report>
			<report>
				<misses>135000001</misses>
				<total>0</total>
				<timestamp>3336.001144</timestamp>
			</report>
			<report>
				<misses>135100001</misses>
				<total>0</total>
				<timestamp>3338.483693</timestamp>
			</report>
			<report>
				<misses>135200001</misses>
				<total>0</total>
				<timestamp>3340.968182</timestamp>
			</report>
			<report>
				<misses>135300001</misses>
				<total>0</total>
				<timestamp>3343.457028</timestamp>
			</report>
			<report>
				<misses>135400001</misses>
				<total>0</total>
				<timestamp>3345.940290</timestamp>
			</report>
			<report>
				<misses>135500001</misses>
				<total>0</total>
				<timestamp>3348.412805</timestamp>
			</report>
			<report>
				<misses>135600001</misses>
				<total>0</total>
				<timestamp>3350.878723</timestamp>
			</report>
			<report>
				<misses>135700001</misses>
				<total>0</total>
				<timestamp>3353.341754</timestamp>
			</report>
			<report>
				<misses>135800001</misses>
				<total>0</total>
				<timestamp>3355.820725</timestamp>
			</report>
			<report>
				<misses>135900001</misses>
				<total>0</total>
				<timestamp>3358.294466</timestamp>
			</report>
			<report>
				<misses>136000001</misses>
				<total>0</total>
				<timestamp>3360.764237</timestamp>
			</report>
			<report>
				<misses>136100001</misses>
				<total>0</total>
				<timestamp>3363.232932</timestamp>
			</report>
			<report>
				<misses>136200001</misses>
				<total>0</total>
				<timestamp>3365.698648</timestamp>
			</report>
			<report>
				<misses>136300001</misses>
				<total>0</total>
				<timestamp>3368.173484</timestamp>
			</report>
			<report>
				<misses>136400001</misses>
				<total>0</total>
				<timestamp>3370.643074</timestamp>
			</report>
			<report>
				<misses>136500001</misses>
				<total>0</total>
				<timestamp>3373.110609</timestamp>
			</report>
			<report>
				<misses>136600001</misses>
				<total>0</total>
				<timestamp>3375.576927</timestamp>
			</report>
			<report>
				<misses>136700001</misses>
				<total>0</total>
				<timestamp>3378.051939</timestamp>
			</report>
			<report>
				<misses>136800001</misses>
				<total>0</total>
				<timestamp>3380.520695</timestamp>
			</report>
			<report>
				<misses>136900001</misses>
				<total>0</total>
				<timestamp>3382.991023</timestamp>
			</report>
			<report>
				<misses>137000001</misses>
				<total>0</total>
				<timestamp>3385.463724</timestamp>
			</report>
			<report>
				<misses>137100001</misses>
				<total>0</total>
				<timestamp>3387.928169</timestamp>
			</report>
			<report>
				<misses>137200001</misses>
				<total>0</total>
				<timestamp>3390.416370</timestamp>
			</report>
			<report>
				<misses>137300001</misses>
				<total>0</total>
				<timestamp>3392.890844</timestamp>
			</report>
			<report>
				<misses>137400001</misses>
				<total>0</total>
				<timestamp>3395.363786</timestamp>
			</report>
			<report>
				<misses>137500001</misses>
				<total>0</total>
				<timestamp>3397.833899</timestamp>
			</report>
			<report>
				<misses>137600001</misses>
				<total>0</total>
				<timestamp>3400.302343</timestamp>
			</report>
			<report>
				<misses>137700001</misses>
				<total>0</total>
				<timestamp>3402.775291</timestamp>
			</report>
			<report>
				<misses>137800001</misses>
				<total>0</total>
				<timestamp>3405.242021</timestamp>
			</report>
			<report>
				<misses>137900001</misses>
				<total>0</total>
				<timestamp>3407.704289</timestamp>
			</report>
			<report>
				<misses>138000001</misses>
				<total>0</total>
				<timestamp>3410.173087</timestamp>
			</report>
			<report>
				<misses>138100001</misses>
				<total>0</total>
				<timestamp>3412.630420</timestamp>
			</report>
			<report>
				<misses>138200001</misses>
				<total>0</total>
				<timestamp>3415.088054</timestamp>
			</report>
			<report>
				<misses>138300001</misses>
				<total>0</total>
				<timestamp>3417.545795</timestamp>
			</report>
			<report>
				<misses>138400001</misses>
				<total>0</total>
				<timestamp>3420.004899</timestamp>
			</report>
			<report>
				<misses>138500001</misses>
				<total>0</total>
				<timestamp>3422.461808</timestamp>
			</report>
			<report>
				<misses>138600001</misses>
				<total>0</total>
				<timestamp>3424.916230</timestamp>
			</report>
			<report>
				<misses>138700001</misses>
				<total>0</total>
				<timestamp>3427.370713</timestamp>
			</report>
			<report>
				<misses>138800001</misses>
				<total>0</total>
				<timestamp>3429.827811</timestamp>
			</report>
			<report>
				<misses>138900001</misses>
				<total>0</total>
				<timestamp>3432.281368</timestamp>
			</report>
			<report>
				<misses>139000001</misses>
				<total>0</total>
				<timestamp>3434.748997</timestamp>
			</report>
			<report>
				<misses>139100001</misses>
				<total>0</total>
				<timestamp>3437.220367</timestamp>
			</report>
			<report>
				<misses>139200001</misses>
				<total>0</total>
				<timestamp>3439.686518</timestamp>
			</report>
			<report>
				<misses>139300001</misses>
				<total>0</total>
				<timestamp>3442.149654</timestamp>
			</report>
			<report>
				<misses>139400001</misses>
				<total>0</total>
				<timestamp>3444.612097</timestamp>
			</report>
			<report>
				<misses>139500001</misses>
				<total>0</total>
				<timestamp>3447.076333</timestamp>
			</report>
			<report>
				<misses>139600001</misses>
				<total>0</total>
				<timestamp>3449.527334</timestamp>
			</report>
			<report>
				<misses>139700001</misses>
				<total>0</total>
				<timestamp>3451.983491</timestamp>
			</report>
			<report>
				<misses>139800001</misses>
				<total>0</total>
				<timestamp>3454.444763</timestamp>
			</report>
			<report>
				<misses>139900001</misses>
				<total>0</total>
				<timestamp>3456.902631</timestamp>
			</report>
			<report>
				<misses>140000001</misses>
				<total>0</total>
				<timestamp>3459.350109</timestamp>
			</report>
			<report>
				<misses>140100001</misses>
				<total>0</total>
				<timestamp>3461.812479</timestamp>
			</report>
			<report>
				<misses>140200001</misses>
				<total>0</total>
				<timestamp>3464.269841</timestamp>
			</report>
			<report>
				<misses>140300001</misses>
				<total>0</total>
				<timestamp>3466.728394</timestamp>
			</report>
			<report>
				<misses>140400001</misses>
				<total>0</total>
				<timestamp>3469.192621</timestamp>
			</report>
			<report>
				<misses>140500001</misses>
				<total>0</total>
				<timestamp>3471.652339</timestamp>
			</report>
			<report>
				<misses>140600001</misses>
				<total>0</total>
				<timestamp>3474.113377</timestamp>
			</report>
			<report>
				<misses>140700001</misses>
				<total>0</total>
				<timestamp>3476.569915</timestamp>
			</report>
			<report>
				<misses>140800001</misses>
				<total>0</total>
				<timestamp>3479.019405</timestamp>
			</report>
			<report>
				<misses>140900001</misses>
				<total>0</total>
				<timestamp>3481.473880</timestamp>
			</report>
			<report>
				<misses>141000001</misses>
				<total>0</total>
				<timestamp>3483.930393</timestamp>
			</report>
			<report>
				<misses>141100001</misses>
				<total>0</total>
				<timestamp>3486.381670</timestamp>
			</report>
			<report>
				<misses>141200001</misses>
				<total>0</total>
				<timestamp>3488.840794</timestamp>
			</report>
			<report>
				<misses>141300001</misses>
				<total>0</total>
				<timestamp>3491.302713</timestamp>
			</report>
			<report>
				<misses>141400001</misses>
				<total>0</total>
				<timestamp>3493.762622</timestamp>
			</report>
			<report>
				<misses>141500001</misses>
				<total>0</total>
				<timestamp>3496.227735</timestamp>
			</report>
			<report>
				<misses>141600001</misses>
				<total>0</total>
				<timestamp>3498.700624</timestamp>
			</report>
			<report>
				<misses>141700001</misses>
				<total>0</total>
				<timestamp>3501.166961</timestamp>
			</report>
			<report>
				<misses>141800001</misses>
				<total>0</total>
				<timestamp>3503.638508</timestamp>
			</report>
			<report>
				<misses>141900001</misses>
				<total>0</total>
				<timestamp>3506.103483</timestamp>
			</report>
			<report>
				<misses>142000001</misses>
				<total>0</total>
				<timestamp>3508.569223</timestamp>
			</report>
			<report>
				<misses>142100001</misses>
				<total>0</total>
				<timestamp>3511.028918</timestamp>
			</report>
			<report>
				<misses>142200001</misses>
				<total>0</total>
				<timestamp>3513.489126</timestamp>
			</report>
			<report>
				<misses>142300001</misses>
				<total>0</total>
				<timestamp>3515.951778</timestamp>
			</report>
			<report>
				<misses>142400001</misses>
				<total>0</total>
				<timestamp>3518.414968</timestamp>
			</report>
			<report>
				<misses>142500001</misses>
				<total>0</total>
				<timestamp>3520.893954</timestamp>
			</report>
			<report>
				<misses>142600001</misses>
				<total>0</total>
				<timestamp>3523.368146</timestamp>
			</report>
			<report>
				<misses>142700001</misses>
				<total>0</total>
				<timestamp>3525.827425</timestamp>
			</report>
			<report>
				<misses>142800001</misses>
				<total>0</total>
				<timestamp>3528.292790</timestamp>
			</report>
			<report>
				<misses>142900001</misses>
				<total>0</total>
				<timestamp>3530.766823</timestamp>
			</report>
			<report>
				<misses>143000001</misses>
				<total>0</total>
				<timestamp>3533.242866</timestamp>
			</report>
			<report>
				<misses>143100001</misses>
				<total>0</total>
				<timestamp>3535.714551</timestamp>
			</report>
			<report>
				<misses>143200001</misses>
				<total>0</total>
				<timestamp>3538.183552</timestamp>
			</report>
			<report>
				<misses>143300001</misses>
				<total>0</total>
				<timestamp>3540.639169</timestamp>
			</report>
			<report>
				<misses>143400001</misses>
				<total>0</total>
				<timestamp>3543.112351</timestamp>
			</report>
			<report>
				<misses>143500001</misses>
				<total>0</total>
				<timestamp>3545.590708</timestamp>
			</report>
			<report>
				<misses>143600001</misses>
				<total>0</total>
				<timestamp>3548.062609</timestamp>
			</report>
			<report>
				<misses>143700001</misses>
				<total>0</total>
				<timestamp>3550.539930</timestamp>
			</report>
			<report>
				<misses>143800001</misses>
				<total>0</total>
				<timestamp>3553.008168</timestamp>
			</report>
			<report>
				<misses>143900001</misses>
				<total>0</total>
				<timestamp>3555.476280</timestamp>
			</report>
			<report>
				<misses>144000001</misses>
				<total>0</total>
				<timestamp>3557.938669</timestamp>
			</report>
			<report>
				<misses>144100001</misses>
				<total>0</total>
				<timestamp>3560.416122</timestamp>
			</report>
			<report>
				<misses>144200001</misses>
				<total>0</total>
				<timestamp>3562.888131</timestamp>
			</report>
			<report>
				<misses>144300001</misses>
				<total>0</total>
				<timestamp>3565.354394</timestamp>
			</report>
			<report>
				<misses>144400001</misses>
				<total>0</total>
				<timestamp>3567.813449</timestamp>
			</report>
			<report>
				<misses>144500001</misses>
				<total>0</total>
				<timestamp>3570.285199</timestamp>
			</report>
			<report>
				<misses>144600001</misses>
				<total>0</total>
				<timestamp>3572.749122</timestamp>
			</report>
			<report>
				<misses>144700001</misses>
				<total>0</total>
				<timestamp>3575.214211</timestamp>
			</report>
			<report>
				<misses>144800001</misses>
				<total>0</total>
				<timestamp>3577.683155</timestamp>
			</report>
			<report>
				<misses>144900001</misses>
				<total>0</total>
				<timestamp>3580.151714</timestamp>
			</report>
			<report>
				<misses>145000001</misses>
				<total>0</total>
				<timestamp>3582.621941</timestamp>
			</report>
			<report>
				<misses>145100001</misses>
				<total>0</total>
				<timestamp>3585.106003</timestamp>
			</report>
			<report>
				<misses>145200001</misses>
				<total>0</total>
				<timestamp>3587.591642</timestamp>
			</report>
			<report>
				<misses>145300001</misses>
				<total>0</total>
				<timestamp>3590.068330</timestamp>
			</report>
			<report>
				<misses>145400001</misses>
				<total>0</total>
				<timestamp>3592.552290</timestamp>
			</report>
			<report>
				<misses>145500001</misses>
				<total>0</total>
				<timestamp>3595.025224</timestamp>
			</report>
			<report>
				<misses>145600001</misses>
				<total>0</total>
				<timestamp>3597.492221</timestamp>
			</report>
			<report>
				<misses>145700001</misses>
				<total>0</total>
				<timestamp>3599.972453</timestamp>
			</report>
			<report>
				<misses>145800001</misses>
				<total>0</total>
				<timestamp>3602.446281</timestamp>
			</report>
			<report>
				<misses>145900001</misses>
				<total>0</total>
				<timestamp>3604.924861</timestamp>
			</report>
			<report>
				<misses>146000001</misses>
				<total>0</total>
				<timestamp>3607.400744</timestamp>
			</report>
			<report>
				<misses>146100001</misses>
				<total>0</total>
				<timestamp>3609.882469</timestamp>
			</report>
			<report>
				<misses>146200001</misses>
				<total>0</total>
				<timestamp>3612.358608</timestamp>
			</report>
			<report>
				<misses>146300001</misses>
				<total>0</total>
				<timestamp>3614.820285</timestamp>
			</report>
			<report>
				<misses>146400001</misses>
				<total>0</total>
				<timestamp>3617.280936</timestamp>
			</report>
			<report>
				<misses>146500001</misses>
				<total>0</total>
				<timestamp>3619.746313</timestamp>
			</report>
			<report>
				<misses>146600001</misses>
				<total>0</total>
				<timestamp>3622.217467</timestamp>
			</report>
			<report>
				<misses>146700001</misses>
				<total>0</total>
				<timestamp>3624.708064</timestamp>
			</report>
			<report>
				<misses>146800001</misses>
				<total>0</total>
				<timestamp>3627.175852</timestamp>
			</report>
			<report>
				<misses>146900001</misses>
				<total>0</total>
				<timestamp>3629.638664</timestamp>
			</report>
			<report>
				<misses>147000001</misses>
				<total>0</total>
				<timestamp>3632.117655</timestamp>
			</report>
			<report>
				<misses>147100001</misses>
				<total>0</total>
				<timestamp>3634.595576</timestamp>
			</report>
			<report>
				<misses>147200001</misses>
				<total>0</total>
				<timestamp>3637.073537</timestamp>
			</report>
			<report>
				<misses>147300001</misses>
				<total>0</total>
				<timestamp>3639.542663</timestamp>
			</report>
			<report>
				<misses>147400001</misses>
				<total>0</total>
				<timestamp>3642.011152</timestamp>
			</report>
			<report>
				<misses>147500001</misses>
				<total>0</total>
				<timestamp>3644.477217</timestamp>
			</report>
			<report>
				<misses>147600001</misses>
				<total>0</total>
				<timestamp>3646.953080</timestamp>
			</report>
			<report>
				<misses>147700001</misses>
				<total>0</total>
				<timestamp>3649.424877</timestamp>
			</report>
			<report>
				<misses>147800001</misses>
				<total>0</total>
				<timestamp>3651.905676</timestamp>
			</report>
			<report>
				<misses>147900001</misses>
				<total>0</total>
				<timestamp>3654.379144</timestamp>
			</report>
			<report>
				<misses>148000001</misses>
				<total>0</total>
				<timestamp>3656.851789</timestamp>
			</report>
			<report>
				<misses>148100001</misses>
				<total>0</total>
				<timestamp>3659.313483</timestamp>
			</report>
			<report>
				<misses>148200001</misses>
				<total>0</total>
				<timestamp>3661.785893</timestamp>
			</report>
			<report>
				<misses>148300001</misses>
				<total>0</total>
				<timestamp>3664.262841</timestamp>
			</report>
			<report>
				<misses>148400001</misses>
				<total>0</total>
				<timestamp>3666.738257</timestamp>
			</report>
			<report>
				<misses>148500001</misses>
				<total>0</total>
				<timestamp>3669.216403</timestamp>
			</report>
			<report>
				<misses>148600001</misses>
				<total>0</total>
				<timestamp>3671.684858</timestamp>
			</report>
			<report>
				<misses>148700001</misses>
				<total>0</total>
				<timestamp>3674.155428</timestamp>
			</report>
			<report>
				<misses>148800001</misses>
				<total>0</total>
				<timestamp>3676.627006</timestamp>
			</report>
			<report>
				<misses>148900001</misses>
				<total>0</total>
				<timestamp>3679.098567</timestamp>
			</report>
			<report>
				<misses>149000001</misses>
				<total>0</total>
				<timestamp>3681.570476</timestamp>
			</report>
			<report>
				<misses>149100001</misses>
				<total>0</total>
				<timestamp>3684.041417</timestamp>
			</report>
			<report>
				<misses>149200001</misses>
				<total>0</total>
				<timestamp>3686.514533</timestamp>
			</report>
			<report>
				<misses>149300001</misses>
				<total>0</total>
				<timestamp>3688.990631</timestamp>
			</report>
			<report>
				<misses>149400001</misses>
				<total>0</total>
				<timestamp>3691.463394</timestamp>
			</report>
			<report>
				<misses>149500001</misses>
				<total>0</total>
				<timestamp>3693.938858</timestamp>
			</report>
			<report>
				<misses>149600001</misses>
				<total>0</total>
				<timestamp>3696.408352</timestamp>
			</report>
			<report>
				<misses>149700001</misses>
				<total>0</total>
				<timestamp>3698.875750</timestamp>
			</report>
			<report>
				<misses>149800001</misses>
				<total>0</total>
				<timestamp>3701.348310</timestamp>
			</report>
			<report>
				<misses>149900001</misses>
				<total>0</total>
				<timestamp>3703.827395</timestamp>
			</report>
			<report>
				<misses>150000001</misses>
				<total>0</total>
				<timestamp>3706.295345</timestamp>
			</report>
			<report>
				<misses>150100001</misses>
				<total>0</total>
				<timestamp>3708.772378</timestamp>
			</report>
			<report>
				<misses>150200001</misses>
				<total>0</total>
				<timestamp>3711.242820</timestamp>
			</report>
			<report>
				<misses>150300001</misses>
				<total>0</total>
				<timestamp>3713.715003</timestamp>
			</report>
			<report>
				<misses>150400001</misses>
				<total>0</total>
				<timestamp>3716.184170</timestamp>
			</report>
			<report>
				<misses>150500001</misses>
				<total>0</total>
				<timestamp>3718.654415</timestamp>
			</report>
			<report>
				<misses>150600001</misses>
				<total>0</total>
				<timestamp>3721.125225</timestamp>
			</report>
			<report>
				<misses>150700001</misses>
				<total>0</total>
				<timestamp>3723.606644</timestamp>
			</report>
			<report>
				<misses>150800001</misses>
				<total>0</total>
				<timestamp>3726.084329</timestamp>
			</report>
			<report>
				<misses>150900001</misses>
				<total>0</total>
				<timestamp>3728.558369</timestamp>
			</report>
			<report>
				<misses>151000001</misses>
				<total>0</total>
				<timestamp>3731.020952</timestamp>
			</report>
			<report>
				<misses>151100001</misses>
				<total>0</total>
				<timestamp>3733.496526</timestamp>
			</report>
			<report>
				<misses>151200001</misses>
				<total>0</total>
				<timestamp>3735.967117</timestamp>
			</report>
			<report>
				<misses>151300001</misses>
				<total>0</total>
				<timestamp>3738.438746</timestamp>
			</report>
			<report>
				<misses>151400001</misses>
				<total>0</total>
				<timestamp>3740.915298</timestamp>
			</report>
			<report>
				<misses>151500001</misses>
				<total>0</total>
				<timestamp>3743.391097</timestamp>
			</report>
			<report>
				<misses>151600001</misses>
				<total>0</total>
				<timestamp>3745.863262</timestamp>
			</report>
			<report>
				<misses>151700001</misses>
				<total>0</total>
				<timestamp>3748.333735</timestamp>
			</report>
			<report>
				<misses>151800001</misses>
				<total>0</total>
				<timestamp>3750.806632</timestamp>
			</report>
			<report>
				<misses>151900001</misses>
				<total>0</total>
				<timestamp>3753.279102</timestamp>
			</report>
			<report>
				<misses>152000001</misses>
				<total>0</total>
				<timestamp>3755.744289</timestamp>
			</report>
			<report>
				<misses>152100001</misses>
				<total>0</total>
				<timestamp>3758.220058</timestamp>
			</report>
			<report>
				<misses>152200001</misses>
				<total>0</total>
				<timestamp>3760.697232</timestamp>
			</report>
			<report>
				<misses>152300001</misses>
				<total>0</total>
				<timestamp>3763.174114</timestamp>
			</report>
			<report>
				<misses>152400001</misses>
				<total>0</total>
				<timestamp>3765.646068</timestamp>
			</report>
			<report>
				<misses>152500001</misses>
				<total>0</total>
				<timestamp>3768.124552</timestamp>
			</report>
			<report>
				<misses>152600001</misses>
				<total>0</total>
				<timestamp>3770.603429</timestamp>
			</report>
			<report>
				<misses>152700001</misses>
				<total>0</total>
				<timestamp>3773.078953</timestamp>
			</report>
			<report>
				<misses>152800001</misses>
				<total>0</total>
				<timestamp>3775.555015</timestamp>
			</report>
			<report>
				<misses>152900001</misses>
				<total>0</total>
				<timestamp>3778.035117</timestamp>
			</report>
			<report>
				<misses>153000001</misses>
				<total>0</total>
				<timestamp>3780.520387</timestamp>
			</report>
			<report>
				<misses>153100001</misses>
				<total>0</total>
				<timestamp>3782.998979</timestamp>
			</report>
			<report>
				<misses>153200001</misses>
				<total>0</total>
				<timestamp>3785.480970</timestamp>
			</report>
			<report>
				<misses>153300001</misses>
				<total>0</total>
				<timestamp>3787.959672</timestamp>
			</report>
			<report>
				<misses>153400001</misses>
				<total>0</total>
				<timestamp>3790.441664</timestamp>
			</report>
			<report>
				<misses>153500001</misses>
				<total>0</total>
				<timestamp>3792.928099</timestamp>
			</report>
			<report>
				<misses>153600001</misses>
				<total>0</total>
				<timestamp>3795.414783</timestamp>
			</report>
			<report>
				<misses>153700001</misses>
				<total>0</total>
				<timestamp>3797.900352</timestamp>
			</report>
			<report>
				<misses>153800001</misses>
				<total>0</total>
				<timestamp>3800.374102</timestamp>
			</report>
			<report>
				<misses>153900001</misses>
				<total>0</total>
				<timestamp>3802.855411</timestamp>
			</report>
			<report>
				<misses>154000001</misses>
				<total>0</total>
				<timestamp>3805.339784</timestamp>
			</report>
			<report>
				<misses>154100001</misses>
				<total>0</total>
				<timestamp>3807.811305</timestamp>
			</report>
			<report>
				<misses>154200001</misses>
				<total>0</total>
				<timestamp>3810.293015</timestamp>
			</report>
			<report>
				<misses>154300001</misses>
				<total>0</total>
				<timestamp>3812.760901</timestamp>
			</report>
			<report>
				<misses>154400001</misses>
				<total>0</total>
				<timestamp>3815.238461</timestamp>
			</report>
			<report>
				<misses>154500001</misses>
				<total>0</total>
				<timestamp>3817.702643</timestamp>
			</report>
			<report>
				<misses>154600001</misses>
				<total>0</total>
				<timestamp>3820.167176</timestamp>
			</report>
			<report>
				<misses>154700001</misses>
				<total>0</total>
				<timestamp>3822.633915</timestamp>
			</report>
			<report>
				<misses>154800001</misses>
				<total>0</total>
				<timestamp>3825.104274</timestamp>
			</report>
			<report>
				<misses>154900001</misses>
				<total>0</total>
				<timestamp>3827.579511</timestamp>
			</report>
			<report>
				<misses>155000001</misses>
				<total>0</total>
				<timestamp>3830.059309</timestamp>
			</report>
			<report>
				<misses>155100001</misses>
				<total>0</total>
				<timestamp>3832.533587</timestamp>
			</report>
			<report>
				<misses>155200001</misses>
				<total>0</total>
				<timestamp>3835.017835</timestamp>
			</report>
			<report>
				<misses>155300001</misses>
				<total>0</total>
				<timestamp>3837.485054</timestamp>
			</report>
			<report>
				<misses>155400001</misses>
				<total>0</total>
				<timestamp>3839.966050</timestamp>
			</report>
			<report>
				<misses>155500001</misses>
				<total>0</total>
				<timestamp>3842.440633</timestamp>
			</report>
			<report>
				<misses>155600001</misses>
				<total>0</total>
				<timestamp>3844.913931</timestamp>
			</report>
			<report>
				<misses>155700001</misses>
				<total>0</total>
				<timestamp>3847.396770</timestamp>
			</report>
			<report>
				<misses>155800001</misses>
				<total>0</total>
				<timestamp>3849.881678</timestamp>
			</report>
			<report>
				<misses>155900001</misses>
				<total>0</total>
				<timestamp>3852.365354</timestamp>
			</report>
			<report>
				<misses>156000001</misses>
				<total>0</total>
				<timestamp>3854.842839</timestamp>
			</report>
			<report>
				<misses>156100001</misses>
				<total>0</total>
				<timestamp>3857.319969</timestamp>
			</report>
			<report>
				<misses>156200001</misses>
				<total>0</total>
				<timestamp>3859.793693</timestamp>
			</report>
			<report>
				<misses>156300001</misses>
				<total>0</total>
				<timestamp>3862.267979</timestamp>
			</report>
			<report>
				<misses>156400001</misses>
				<total>0</total>
				<timestamp>3864.753000</timestamp>
			</report>
			<report>
				<misses>156500001</misses>
				<total>0</total>
				<timestamp>3867.231908</timestamp>
			</report>
			<report>
				<misses>156600001</misses>
				<total>0</total>
				<timestamp>3869.707950</timestamp>
			</report>
			<report>
				<misses>156700001</misses>
				<total>0</total>
				<timestamp>3872.179773</timestamp>
			</report>
			<report>
				<misses>156800001</misses>
				<total>0</total>
				<timestamp>3874.656562</timestamp>
			</report>
			<report>
				<misses>156900001</misses>
				<total>0</total>
				<timestamp>3877.132969</timestamp>
			</report>
			<report>
				<misses>157000001</misses>
				<total>0</total>
				<timestamp>3879.602469</timestamp>
			</report>
			<report>
				<misses>157100001</misses>
				<total>0</total>
				<timestamp>3882.068350</timestamp>
			</report>
			<report>
				<misses>157200001</misses>
				<total>0</total>
				<timestamp>3884.546827</timestamp>
			</report>
			<report>
				<misses>157300001</misses>
				<total>0</total>
				<timestamp>3887.012670</timestamp>
			</report>
			<report>
				<misses>157400001</misses>
				<total>0</total>
				<timestamp>3889.493215</timestamp>
			</report>
			<report>
				<misses>157500001</misses>
				<total>0</total>
				<timestamp>3891.968016</timestamp>
			</report>
			<report>
				<misses>157600001</misses>
				<total>0</total>
				<timestamp>3894.447044</timestamp>
			</report>
			<report>
				<misses>157700001</misses>
				<total>0</total>
				<timestamp>3896.929272</timestamp>
			</report>
			<report>
				<misses>157800001</misses>
				<total>0</total>
				<timestamp>3899.414511</timestamp>
			</report>
			<report>
				<misses>157900001</misses>
				<total>0</total>
				<timestamp>3901.893647</timestamp>
			</report>
			<report>
				<misses>158000001</misses>
				<total>0</total>
				<timestamp>3904.381301</timestamp>
			</report>
			<report>
				<misses>158100001</misses>
				<total>0</total>
				<timestamp>3906.861878</timestamp>
			</report>
			<report>
				<misses>158200001</misses>
				<total>0</total>
				<timestamp>3909.334732</timestamp>
			</report>
			<report>
				<misses>158300001</misses>
				<total>0</total>
				<timestamp>3911.820861</timestamp>
			</report>
			<report>
				<misses>158400001</misses>
				<total>0</total>
				<timestamp>3914.290137</timestamp>
			</report>
			<report>
				<misses>158500001</misses>
				<total>0</total>
				<timestamp>3916.761132</timestamp>
			</report>
			<report>
				<misses>158600001</misses>
				<total>0</total>
				<timestamp>3919.230608</timestamp>
			</report>
			<report>
				<misses>158700001</misses>
				<total>0</total>
				<timestamp>3921.695475</timestamp>
			</report>
			<report>
				<misses>158800001</misses>
				<total>0</total>
				<timestamp>3924.172910</timestamp>
			</report>
			<report>
				<misses>158900001</misses>
				<total>0</total>
				<timestamp>3926.641343</timestamp>
			</report>
			<report>
				<misses>159000001</misses>
				<total>0</total>
				<timestamp>3929.105834</timestamp>
			</report>
			<report>
				<misses>159100001</misses>
				<total>0</total>
				<timestamp>3931.577230</timestamp>
			</report>
			<report>
				<misses>159200001</misses>
				<total>0</total>
				<timestamp>3934.053019</timestamp>
			</report>
			<report>
				<misses>159300001</misses>
				<total>0</total>
				<timestamp>3936.530220</timestamp>
			</report>
			<report>
				<misses>159400001</misses>
				<total>0</total>
				<timestamp>3939.009554</timestamp>
			</report>
			<report>
				<misses>159500001</misses>
				<total>0</total>
				<timestamp>3941.488927</timestamp>
			</report>
			<report>
				<misses>159600001</misses>
				<total>0</total>
				<timestamp>3943.966782</timestamp>
			</report>
			<report>
				<misses>159700001</misses>
				<total>0</total>
				<timestamp>3946.436107</timestamp>
			</report>
			<report>
				<misses>159800001</misses>
				<total>0</total>
				<timestamp>3948.901814</timestamp>
			</report>
			<report>
				<misses>159900001</misses>
				<total>0</total>
				<timestamp>3951.379659</timestamp>
			</report>
			<report>
				<misses>160000001</misses>
				<total>0</total>
				<timestamp>3953.853722</timestamp>
			</report>
			<report>
				<misses>160100001</misses>
				<total>0</total>
				<timestamp>3956.319659</timestamp>
			</report>
			<report>
				<misses>160200001</misses>
				<total>0</total>
				<timestamp>3958.785405</timestamp>
			</report>
			<report>
				<misses>160300001</misses>
				<total>0</total>
				<timestamp>3961.269179</timestamp>
			</report>
			<report>
				<misses>160400001</misses>
				<total>0</total>
				<timestamp>3963.748898</timestamp>
			</report>
			<report>
				<misses>160500001</misses>
				<total>0</total>
				<timestamp>3966.229688</timestamp>
			</report>
			<report>
				<misses>160600001</misses>
				<total>0</total>
				<timestamp>3968.702487</timestamp>
			</report>
			<report>
				<misses>160700001</misses>
				<total>0</total>
				<timestamp>3971.177381</timestamp>
			</report>
			<report>
				<misses>160800001</misses>
				<total>0</total>
				<timestamp>3973.652604</timestamp>
			</report>
			<report>
				<misses>160900001</misses>
				<total>0</total>
				<timestamp>3976.120952</timestamp>
			</report>
			<report>
				<misses>161000001</misses>
				<total>0</total>
				<timestamp>3978.582473</timestamp>
			</report>
			<report>
				<misses>161100001</misses>
				<total>0</total>
				<timestamp>3981.054837</timestamp>
			</report>
			<report>
				<misses>161200001</misses>
				<total>0</total>
				<timestamp>3983.534943</timestamp>
			</report>
			<report>
				<misses>161300001</misses>
				<total>0</total>
				<timestamp>3986.020557</timestamp>
			</report>
			<report>
				<misses>161400001</misses>
				<total>0</total>
				<timestamp>3988.502749</timestamp>
			</report>
			<report>
				<misses>161500001</misses>
				<total>0</total>
				<timestamp>3990.973840</timestamp>
			</report>
			<report>
				<misses>161600001</misses>
				<total>0</total>
				<timestamp>3993.438640</timestamp>
			</report>
			<report>
				<misses>161700001</misses>
				<total>0</total>
				<timestamp>3995.910478</timestamp>
			</report>
			<report>
				<misses>161800001</misses>
				<total>0</total>
				<timestamp>3998.377022</timestamp>
			</report>
			<report>
				<misses>161900001</misses>
				<total>0</total>
				<timestamp>4000.850123</timestamp>
			</report>
			<report>
				<misses>162000001</misses>
				<total>0</total>
				<timestamp>4003.324581</timestamp>
			</report>
			<report>
				<misses>162100001</misses>
				<total>0</total>
				<timestamp>4005.796497</timestamp>
			</report>
			<report>
				<misses>162200001</misses>
				<total>0</total>
				<timestamp>4008.273518</timestamp>
			</report>
			<report>
				<misses>162300001</misses>
				<total>0</total>
				<timestamp>4010.753528</timestamp>
			</report>
			<report>
				<misses>162400001</misses>
				<total>0</total>
				<timestamp>4013.233462</timestamp>
			</report>
			<report>
				<misses>162500001</misses>
				<total>0</total>
				<timestamp>4015.712246</timestamp>
			</report>
			<report>
				<misses>162600001</misses>
				<total>0</total>
				<timestamp>4018.201251</timestamp>
			</report>
			<report>
				<misses>162700001</misses>
				<total>0</total>
				<timestamp>4020.683521</timestamp>
			</report>
			<report>
				<misses>162800001</misses>
				<total>0</total>
				<timestamp>4023.161087</timestamp>
			</report>
			<report>
				<misses>162900001</misses>
				<total>0</total>
				<timestamp>4025.636262</timestamp>
			</report>
			<report>
				<misses>163000001</misses>
				<total>0</total>
				<timestamp>4028.110184</timestamp>
			</report>
			<report>
				<misses>163100001</misses>
				<total>0</total>
				<timestamp>4030.586471</timestamp>
			</report>
			<report>
				<misses>163200001</misses>
				<total>0</total>
				<timestamp>4033.074100</timestamp>
			</report>
			<report>
				<misses>163300001</misses>
				<total>0</total>
				<timestamp>4035.567792</timestamp>
			</report>
			<report>
				<misses>163400001</misses>
				<total>0</total>
				<timestamp>4038.059938</timestamp>
			</report>
			<report>
				<misses>163500001</misses>
				<total>0</total>
				<timestamp>4040.542827</timestamp>
			</report>
			<report>
				<misses>163600001</misses>
				<total>0</total>
				<timestamp>4043.034949</timestamp>
			</report>
			<report>
				<misses>163700001</misses>
				<total>0</total>
				<timestamp>4045.522473</timestamp>
			</report>
			<report>
				<misses>163800001</misses>
				<total>0</total>
				<timestamp>4047.997762</timestamp>
			</report>
			<report>
				<misses>163900001</misses>
				<total>0</total>
				<timestamp>4050.481710</timestamp>
			</report>
			<report>
				<misses>164000001</misses>
				<total>0</total>
				<timestamp>4052.954827</timestamp>
			</report>
			<report>
				<misses>164100001</misses>
				<total>0</total>
				<timestamp>4055.439137</timestamp>
			</report>
			<report>
				<misses>164200001</misses>
				<total>0</total>
				<timestamp>4057.918869</timestamp>
			</report>
			<report>
				<misses>164300001</misses>
				<total>0</total>
				<timestamp>4060.404585</timestamp>
			</report>
			<report>
				<misses>164400001</misses>
				<total>0</total>
				<timestamp>4062.885153</timestamp>
			</report>
			<report>
				<misses>164500001</misses>
				<total>0</total>
				<timestamp>4065.374652</timestamp>
			</report>
			<report>
				<misses>164600001</misses>
				<total>0</total>
				<timestamp>4067.853689</timestamp>
			</report>
			<report>
				<misses>164700001</misses>
				<total>0</total>
				<timestamp>4070.345949</timestamp>
			</report>
			<report>
				<misses>164800001</misses>
				<total>0</total>
				<timestamp>4072.826327</timestamp>
			</report>
			<report>
				<misses>164900001</misses>
				<total>0</total>
				<timestamp>4075.312281</timestamp>
			</report>
			<report>
				<misses>165000001</misses>
				<total>0</total>
				<timestamp>4077.790435</timestamp>
			</report>
			<report>
				<misses>165100001</misses>
				<total>0</total>
				<timestamp>4080.268204</timestamp>
			</report>
			<report>
				<misses>165200001</misses>
				<total>0</total>
				<timestamp>4082.750307</timestamp>
			</report>
			<report>
				<misses>165300001</misses>
				<total>0</total>
				<timestamp>4085.237410</timestamp>
			</report>
			<report>
				<misses>165400001</misses>
				<total>0</total>
				<timestamp>4087.727784</timestamp>
			</report>
			<report>
				<misses>165500001</misses>
				<total>0</total>
				<timestamp>4090.207217</timestamp>
			</report>
			<report>
				<misses>165600001</misses>
				<total>0</total>
				<timestamp>4092.690110</timestamp>
			</report>
			<report>
				<misses>165700001</misses>
				<total>0</total>
				<timestamp>4095.178840</timestamp>
			</report>
			<report>
				<misses>165800001</misses>
				<total>0</total>
				<timestamp>4097.663388</timestamp>
			</report>
			<report>
				<misses>165900001</misses>
				<total>0</total>
				<timestamp>4100.144193</timestamp>
			</report>
			<report>
				<misses>166000001</misses>
				<total>0</total>
				<timestamp>4102.627032</timestamp>
			</report>
			<report>
				<misses>166100001</misses>
				<total>0</total>
				<timestamp>4105.110235</timestamp>
			</report>
			<report>
				<misses>166200001</misses>
				<total>0</total>
				<timestamp>4107.594982</timestamp>
			</report>
			<report>
				<misses>166300001</misses>
				<total>0</total>
				<timestamp>4110.077737</timestamp>
			</report>
			<report>
				<misses>166400001</misses>
				<total>0</total>
				<timestamp>4112.570263</timestamp>
			</report>
			<report>
				<misses>166500001</misses>
				<total>0</total>
				<timestamp>4115.056757</timestamp>
			</report>
			<report>
				<misses>166600001</misses>
				<total>0</total>
				<timestamp>4117.538248</timestamp>
			</report>
			<report>
				<misses>166700001</misses>
				<total>0</total>
				<timestamp>4120.015223</timestamp>
			</report>
			<report>
				<misses>166800001</misses>
				<total>0</total>
				<timestamp>4122.503143</timestamp>
			</report>
			<report>
				<misses>166900001</misses>
				<total>0</total>
				<timestamp>4124.989052</timestamp>
			</report>
			<report>
				<misses>167000001</misses>
				<total>0</total>
				<timestamp>4127.464656</timestamp>
			</report>
			<report>
				<misses>167100001</misses>
				<total>0</total>
				<timestamp>4129.961494</timestamp>
			</report>
			<report>
				<misses>167200001</misses>
				<total>0</total>
				<timestamp>4132.451878</timestamp>
			</report>
			<report>
				<misses>167300001</misses>
				<total>0</total>
				<timestamp>4134.941536</timestamp>
			</report>
			<report>
				<misses>167400001</misses>
				<total>0</total>
				<timestamp>4137.416682</timestamp>
			</report>
			<report>
				<misses>167500001</misses>
				<total>0</total>
				<timestamp>4139.883663</timestamp>
			</report>
			<report>
				<misses>167600001</misses>
				<total>0</total>
				<timestamp>4142.359323</timestamp>
			</report>
			<report>
				<misses>167700001</misses>
				<total>0</total>
				<timestamp>4144.836570</timestamp>
			</report>
			<report>
				<misses>167800001</misses>
				<total>0</total>
				<timestamp>4147.315765</timestamp>
			</report>
			<report>
				<misses>167900001</misses>
				<total>0</total>
				<timestamp>4149.796536</timestamp>
			</report>
			<report>
				<misses>168000001</misses>
				<total>0</total>
				<timestamp>4152.280647</timestamp>
			</report>
			<report>
				<misses>168100001</misses>
				<total>0</total>
				<timestamp>4154.757119</timestamp>
			</report>
			<report>
				<misses>168200001</misses>
				<total>0</total>
				<timestamp>4157.235792</timestamp>
			</report>
			<report>
				<misses>168300001</misses>
				<total>0</total>
				<timestamp>4159.705532</timestamp>
			</report>
			<report>
				<misses>168400001</misses>
				<total>0</total>
				<timestamp>4162.189851</timestamp>
			</report>
			<report>
				<misses>168500001</misses>
				<total>0</total>
				<timestamp>4164.671998</timestamp>
			</report>
			<report>
				<misses>168600001</misses>
				<total>0</total>
				<timestamp>4167.167798</timestamp>
			</report>
			<report>
				<misses>168700001</misses>
				<total>0</total>
				<timestamp>4169.649008</timestamp>
			</report>
			<report>
				<misses>168800001</misses>
				<total>0</total>
				<timestamp>4172.119907</timestamp>
			</report>
			<report>
				<misses>168900001</misses>
				<total>0</total>
				<timestamp>4174.600966</timestamp>
			</report>
			<report>
				<misses>169000001</misses>
				<total>0</total>
				<timestamp>4177.091854</timestamp>
			</report>
			<report>
				<misses>169100001</misses>
				<total>0</total>
				<timestamp>4179.572613</timestamp>
			</report>
			<report>
				<misses>169200001</misses>
				<total>0</total>
				<timestamp>4182.062693</timestamp>
			</report>
			<report>
				<misses>169300001</misses>
				<total>0</total>
				<timestamp>4184.541710</timestamp>
			</report>
			<report>
				<misses>169400001</misses>
				<total>0</total>
				<timestamp>4187.016712</timestamp>
			</report>
			<report>
				<misses>169500001</misses>
				<total>0</total>
				<timestamp>4189.484339</timestamp>
			</report>
			<report>
				<misses>169600001</misses>
				<total>0</total>
				<timestamp>4191.954774</timestamp>
			</report>
			<report>
				<misses>169700001</misses>
				<total>0</total>
				<timestamp>4194.426080</timestamp>
			</report>
			<report>
				<misses>169800001</misses>
				<total>0</total>
				<timestamp>4196.895551</timestamp>
			</report>
			<report>
				<misses>169900001</misses>
				<total>0</total>
				<timestamp>4199.362062</timestamp>
			</report>
			<report>
				<misses>170000001</misses>
				<total>0</total>
				<timestamp>4201.826208</timestamp>
			</report>
			<report>
				<misses>170100001</misses>
				<total>0</total>
				<timestamp>4204.288769</timestamp>
			</report>
			<report>
				<misses>170200001</misses>
				<total>0</total>
				<timestamp>4206.769385</timestamp>
			</report>
			<report>
				<misses>170300001</misses>
				<total>0</total>
				<timestamp>4209.243123</timestamp>
			</report>
			<report>
				<misses>170400001</misses>
				<total>0</total>
				<timestamp>4211.711824</timestamp>
			</report>
			<report>
				<misses>170500001</misses>
				<total>0</total>
				<timestamp>4214.169501</timestamp>
			</report>
			<report>
				<misses>170600001</misses>
				<total>0</total>
				<timestamp>4216.633373</timestamp>
			</report>
			<report>
				<misses>170700001</misses>
				<total>0</total>
				<timestamp>4219.096384</timestamp>
			</report>
			<report>
				<misses>170800001</misses>
				<total>0</total>
				<timestamp>4221.559942</timestamp>
			</report>
			<report>
				<misses>170900001</misses>
				<total>0</total>
				<timestamp>4224.025027</timestamp>
			</report>
			<report>
				<misses>171000001</misses>
				<total>0</total>
				<timestamp>4226.496680</timestamp>
			</report>
			<report>
				<misses>171100001</misses>
				<total>0</total>
				<timestamp>4228.960918</timestamp>
			</report>
			<report>
				<misses>171200001</misses>
				<total>0</total>
				<timestamp>4231.427272</timestamp>
			</report>
			<report>
				<misses>171300001</misses>
				<total>0</total>
				<timestamp>4233.903354</timestamp>
			</report>
			<report>
				<misses>171400001</misses>
				<total>0</total>
				<timestamp>4236.371420</timestamp>
			</report>
			<report>
				<misses>171500001</misses>
				<total>0</total>
				<timestamp>4238.836467</timestamp>
			</report>
			<report>
				<misses>171600001</misses>
				<total>0</total>
				<timestamp>4241.307947</timestamp>
			</report>
			<report>
				<misses>171700001</misses>
				<total>0</total>
				<timestamp>4243.772643</timestamp>
			</report>
			<report>
				<misses>171800001</misses>
				<total>0</total>
				<timestamp>4246.231673</timestamp>
			</report>
			<report>
				<misses>171900001</misses>
				<total>0</total>
				<timestamp>4248.705824</timestamp>
			</report>
			<report>
				<misses>172000001</misses>
				<total>0</total>
				<timestamp>4251.174008</timestamp>
			</report>
			<report>
				<misses>172100001</misses>
				<total>0</total>
				<timestamp>4253.635132</timestamp>
			</report>
			<report>
				<misses>172200001</misses>
				<total>0</total>
				<timestamp>4256.097378</timestamp>
			</report>
			<report>
				<misses>172300001</misses>
				<total>0</total>
				<timestamp>4258.566518</timestamp>
			</report>
			<report>
				<misses>172400001</misses>
				<total>0</total>
				<timestamp>4261.032739</timestamp>
			</report>
			<report>
				<misses>172500001</misses>
				<total>0</total>
				<timestamp>4263.488255</timestamp>
			</report>
			<report>
				<misses>172600001</misses>
				<total>0</total>
				<timestamp>4265.948283</timestamp>
			</report>
			<report>
				<misses>172700001</misses>
				<total>0</total>
				<timestamp>4268.409512</timestamp>
			</report>
			<report>
				<misses>172800001</misses>
				<total>0</total>
				<timestamp>4270.869199</timestamp>
			</report>
			<report>
				<misses>172900001</misses>
				<total>0</total>
				<timestamp>4273.328140</timestamp>
			</report>
			<report>
				<misses>173000001</misses>
				<total>0</total>
				<timestamp>4275.785141</timestamp>
			</report>
			<report>
				<misses>173100001</misses>
				<total>0</total>
				<timestamp>4278.242635</timestamp>
			</report>
			<report>
				<misses>173200001</misses>
				<total>0</total>
				<timestamp>4280.708717</timestamp>
			</report>
			<report>
				<misses>173300001</misses>
				<total>0</total>
				<timestamp>4283.172655</timestamp>
			</report>
			<report>
				<misses>173400001</misses>
				<total>0</total>
				<timestamp>4285.641528</timestamp>
			</report>
			<report>
				<misses>173500001</misses>
				<total>0</total>
				<timestamp>4288.097294</timestamp>
			</report>
			<report>
				<misses>173600001</misses>
				<total>0</total>
				<timestamp>4290.553990</timestamp>
			</report>
			<report>
				<misses>173700001</misses>
				<total>0</total>
				<timestamp>4293.008746</timestamp>
			</report>
			<report>
				<misses>173800001</misses>
				<total>0</total>
				<timestamp>4295.468299</timestamp>
			</report>
			<report>
				<misses>173900001</misses>
				<total>0</total>
				<timestamp>4297.924643</timestamp>
			</report>
			<report>
				<misses>174000001</misses>
				<total>0</total>
				<timestamp>4300.381052</timestamp>
			</report>
			<report>
				<misses>174100001</misses>
				<total>0</total>
				<timestamp>4302.842974</timestamp>
			</report>
			<report>
				<misses>174200001</misses>
				<total>0</total>
				<timestamp>4305.300536</timestamp>
			</report>
			<report>
				<misses>174300001</misses>
				<total>0</total>
				<timestamp>4307.766810</timestamp>
			</report>
			<report>
				<misses>174400001</misses>
				<total>0</total>
				<timestamp>4310.220088</timestamp>
			</report>
			<report>
				<misses>174500001</misses>
				<total>0</total>
				<timestamp>4312.673257</timestamp>
			</report>
			<report>
				<misses>174600001</misses>
				<total>0</total>
				<timestamp>4315.121048</timestamp>
			</report>
			<report>
				<misses>174700001</misses>
				<total>0</total>
				<timestamp>4317.576760</timestamp>
			</report>
			<report>
				<misses>174800001</misses>
				<total>0</total>
				<timestamp>4320.030237</timestamp>
			</report>
			<report>
				<misses>174900001</misses>
				<total>0</total>
				<timestamp>4322.490898</timestamp>
			</report>
			<report>
				<misses>175000001</misses>
				<total>0</total>
				<timestamp>4324.957437</timestamp>
			</report>
			<report>
				<misses>175100001</misses>
				<total>0</total>
				<timestamp>4327.417202</timestamp>
			</report>
			<report>
				<misses>175200001</misses>
				<total>0</total>
				<timestamp>4329.887526</timestamp>
			</report>
			<report>
				<misses>175300001</misses>
				<total>0</total>
				<timestamp>4332.360501</timestamp>
			</report>
			<report>
				<misses>175400001</misses>
				<total>0</total>
				<timestamp>4334.816966</timestamp>
			</report>
			<report>
				<misses>175500001</misses>
				<total>0</total>
				<timestamp>4337.280862</timestamp>
			</report>
			<report>
				<misses>175600001</misses>
				<total>0</total>
				<timestamp>4339.737341</timestamp>
			</report>
			<report>
				<misses>175700001</misses>
				<total>0</total>
				<timestamp>4342.209840</timestamp>
			</report>
			<report>
				<misses>175800001</misses>
				<total>0</total>
				<timestamp>4344.670439</timestamp>
			</report>
			<report>
				<misses>175900001</misses>
				<total>0</total>
				<timestamp>4347.122608</timestamp>
			</report>
			<report>
				<misses>176000001</misses>
				<total>0</total>
				<timestamp>4349.584079</timestamp>
			</report>
			<report>
				<misses>176100001</misses>
				<total>0</total>
				<timestamp>4352.063750</timestamp>
			</report>
			<report>
				<misses>176200001</misses>
				<total>0</total>
				<timestamp>4354.546834</timestamp>
			</report>
			<report>
				<misses>176300001</misses>
				<total>0</total>
				<timestamp>4357.030103</timestamp>
			</report>
			<report>
				<misses>176400001</misses>
				<total>0</total>
				<timestamp>4359.512746</timestamp>
			</report>
			<report>
				<misses>176500001</misses>
				<total>0</total>
				<timestamp>4361.978465</timestamp>
			</report>
			<report>
				<misses>176600001</misses>
				<total>0</total>
				<timestamp>4364.462984</timestamp>
			</report>
			<report>
				<misses>176700001</misses>
				<total>0</total>
				<timestamp>4366.940934</timestamp>
			</report>
			<report>
				<misses>176800001</misses>
				<total>0</total>
				<timestamp>4369.411214</timestamp>
			</report>
			<report>
				<misses>176900001</misses>
				<total>0</total>
				<timestamp>4371.891093</timestamp>
			</report>
			<report>
				<misses>177000001</misses>
				<total>0</total>
				<timestamp>4374.374084</timestamp>
			</report>
			<report>
				<misses>177100001</misses>
				<total>0</total>
				<timestamp>4376.848949</timestamp>
			</report>
			<report>
				<misses>177200001</misses>
				<total>0</total>
				<timestamp>4379.325895</timestamp>
			</report>
			<report>
				<misses>177300001</misses>
				<total>0</total>
				<timestamp>4381.787124</timestamp>
			</report>
			<report>
				<misses>177400001</misses>
				<total>0</total>
				<timestamp>4384.251559</timestamp>
			</report>
			<report>
				<misses>177500001</misses>
				<total>0</total>
				<timestamp>4386.717300</timestamp>
			</report>
			<report>
				<misses>177600001</misses>
				<total>0</total>
				<timestamp>4389.180968</timestamp>
			</report>
			<report>
				<misses>177700001</misses>
				<total>0</total>
				<timestamp>4391.636536</timestamp>
			</report>
			<report>
				<misses>177800001</misses>
				<total>0</total>
				<timestamp>4394.095388</timestamp>
			</report>
			<report>
				<misses>177900001</misses>
				<total>0</total>
				<timestamp>4396.555360</timestamp>
			</report>
			<report>
				<misses>178000001</misses>
				<total>0</total>
				<timestamp>4399.021860</timestamp>
			</report>
			<report>
				<misses>178100001</misses>
				<total>0</total>
				<timestamp>4401.492984</timestamp>
			</report>
			<report>
				<misses>178200001</misses>
				<total>0</total>
				<timestamp>4403.957041</timestamp>
			</report>
			<report>
				<misses>178300001</misses>
				<total>0</total>
				<timestamp>4406.419819</timestamp>
			</report>
			<report>
				<misses>178400001</misses>
				<total>0</total>
				<timestamp>4408.888005</timestamp>
			</report>
			<report>
				<misses>178500001</misses>
				<total>0</total>
				<timestamp>4411.347025</timestamp>
			</report>
			<report>
				<misses>178600001</misses>
				<total>0</total>
				<timestamp>4413.810857</timestamp>
			</report>
			<report>
				<misses>178700001</misses>
				<total>0</total>
				<timestamp>4416.274749</timestamp>
			</report>
			<report>
				<misses>178800001</misses>
				<total>0</total>
				<timestamp>4418.743227</timestamp>
			</report>
			<report>
				<misses>178900001</misses>
				<total>0</total>
				<timestamp>4421.203988</timestamp>
			</report>
			<report>
				<misses>179000001</misses>
				<total>0</total>
				<timestamp>4423.666875</timestamp>
			</report>
			<report>
				<misses>179100001</misses>
				<total>0</total>
				<timestamp>4426.128122</timestamp>
			</report>
			<report>
				<misses>179200001</misses>
				<total>0</total>
				<timestamp>4428.599794</timestamp>
			</report>
			<report>
				<misses>179300001</misses>
				<total>0</total>
				<timestamp>4431.063918</timestamp>
			</report>
			<report>
				<misses>179400001</misses>
				<total>0</total>
				<timestamp>4433.525203</timestamp>
			</report>
			<report>
				<misses>179500001</misses>
				<total>0</total>
				<timestamp>4435.978339</timestamp>
			</report>
			<report>
				<misses>179600001</misses>
				<total>0</total>
				<timestamp>4438.438269</timestamp>
			</report>
			<report>
				<misses>179700001</misses>
				<total>0</total>
				<timestamp>4440.902217</timestamp>
			</report>
			<report>
				<misses>179800001</misses>
				<total>0</total>
				<timestamp>4443.355022</timestamp>
			</report>
			<report>
				<misses>179900001</misses>
				<total>0</total>
				<timestamp>4445.813244</timestamp>
			</report>
			<report>
				<misses>180000001</misses>
				<total>0</total>
				<timestamp>4448.273672</timestamp>
			</report>
			<report>
				<misses>180100001</misses>
				<total>0</total>
				<timestamp>4450.749796</timestamp>
			</report>
			<report>
				<misses>180200001</misses>
				<total>0</total>
				<timestamp>4453.218749</timestamp>
			</report>
			<report>
				<misses>180300001</misses>
				<total>0</total>
				<timestamp>4455.675521</timestamp>
			</report>
			<report>
				<misses>180400001</misses>
				<total>0</total>
				<timestamp>4458.125513</timestamp>
			</report>
			<report>
				<misses>180500001</misses>
				<total>0</total>
				<timestamp>4460.580210</timestamp>
			</report>
			<report>
				<misses>180600001</misses>
				<total>0</total>
				<timestamp>4463.040546</timestamp>
			</report>
			<report>
				<misses>180700001</misses>
				<total>0</total>
				<timestamp>4465.495078</timestamp>
			</report>
			<report>
				<misses>180800001</misses>
				<total>0</total>
				<timestamp>4467.959436</timestamp>
			</report>
			<report>
				<misses>180900001</misses>
				<total>0</total>
				<timestamp>4470.421499</timestamp>
			</report>
			<report>
				<misses>181000001</misses>
				<total>0</total>
				<timestamp>4472.882861</timestamp>
			</report>
			<report>
				<misses>181100001</misses>
				<total>0</total>
				<timestamp>4475.342278</timestamp>
			</report>
			<report>
				<misses>181200001</misses>
				<total>0</total>
				<timestamp>4477.806764</timestamp>
			</report>
			<report>
				<misses>181300001</misses>
				<total>0</total>
				<timestamp>4480.270024</timestamp>
			</report>
			<report>
				<misses>181400001</misses>
				<total>0</total>
				<timestamp>4482.724279</timestamp>
			</report>
			<report>
				<misses>181500001</misses>
				<total>0</total>
				<timestamp>4485.183030</timestamp>
			</report>
			<report>
				<misses>181600001</misses>
				<total>0</total>
				<timestamp>4487.646609</timestamp>
			</report>
			<report>
				<misses>181700001</misses>
				<total>0</total>
				<timestamp>4490.104406</timestamp>
			</report>
			<report>
				<misses>181800001</misses>
				<total>0</total>
				<timestamp>4492.565053</timestamp>
			</report>
			<report>
				<misses>181900001</misses>
				<total>0</total>
				<timestamp>4495.023460</timestamp>
			</report>
			<report>
				<misses>182000001</misses>
				<total>0</total>
				<timestamp>4497.483350</timestamp>
			</report>
			<report>
				<misses>182100001</misses>
				<total>0</total>
				<timestamp>4499.944925</timestamp>
			</report>
			<report>
				<misses>182200001</misses>
				<total>0</total>
				<timestamp>4502.410431</timestamp>
			</report>
			<report>
				<misses>182300001</misses>
				<total>0</total>
				<timestamp>4504.862501</timestamp>
			</report>
			<report>
				<misses>182400001</misses>
				<total>0</total>
				<timestamp>4507.317054</timestamp>
			</report>
			<report>
				<misses>182500001</misses>
				<total>0</total>
				<timestamp>4509.780695</timestamp>
			</report>
			<report>
				<misses>182600001</misses>
				<total>0</total>
				<timestamp>4512.236830</timestamp>
			</report>
			<report>
				<misses>182700001</misses>
				<total>0</total>
				<timestamp>4514.695014</timestamp>
			</report>
			<report>
				<misses>182800001</misses>
				<total>0</total>
				<timestamp>4517.149874</timestamp>
			</report>
			<report>
				<misses>182900001</misses>
				<total>0</total>
				<timestamp>4519.612141</timestamp>
			</report>
			<report>
				<misses>183000001</misses>
				<total>0</total>
				<timestamp>4522.073017</timestamp>
			</report>
			<report>
				<misses>183100001</misses>
				<total>0</total>
				<timestamp>4524.532467</timestamp>
			</report>
			<report>
				<misses>183200001</misses>
				<total>0</total>
				<timestamp>4527.006393</timestamp>
			</report>
			<report>
				<misses>183300001</misses>
				<total>0</total>
				<timestamp>4529.477741</timestamp>
			</report>
			<report>
				<misses>183400001</misses>
				<total>0</total>
				<timestamp>4531.940741</timestamp>
			</report>
			<report>
				<misses>183500001</misses>
				<total>0</total>
				<timestamp>4534.410841</timestamp>
			</report>
			<report>
				<misses>183600001</misses>
				<total>0</total>
				<timestamp>4536.873396</timestamp>
			</report>
			<report>
				<misses>183700001</misses>
				<total>0</total>
				<timestamp>4539.334574</timestamp>
			</report>
			<report>
				<misses>183800001</misses>
				<total>0</total>
				<timestamp>4541.796109</timestamp>
			</report>
			<report>
				<misses>183900001</misses>
				<total>0</total>
				<timestamp>4544.262759</timestamp>
			</report>
			<report>
				<misses>184000001</misses>
				<total>0</total>
				<timestamp>4546.727622</timestamp>
			</report>
			<report>
				<misses>184100001</misses>
				<total>0</total>
				<timestamp>4549.195635</timestamp>
			</report>
			<report>
				<misses>184200001</misses>
				<total>0</total>
				<timestamp>4551.662864</timestamp>
			</report>
			<report>
				<misses>184300001</misses>
				<total>0</total>
				<timestamp>4554.133142</timestamp>
			</report>
			<report>
				<misses>184400001</misses>
				<total>0</total>
				<timestamp>4556.591597</timestamp>
			</report>
			<report>
				<misses>184500001</misses>
				<total>0</total>
				<timestamp>4559.061099</timestamp>
			</report>
			<report>
				<misses>184600001</misses>
				<total>0</total>
				<timestamp>4561.528791</timestamp>
			</report>
			<report>
				<misses>184700001</misses>
				<total>0</total>
				<timestamp>4563.999013</timestamp>
			</report>
			<report>
				<misses>184800001</misses>
				<total>0</total>
				<timestamp>4566.465788</timestamp>
			</report>
			<report>
				<misses>184900001</misses>
				<total>0</total>
				<timestamp>4568.932390</timestamp>
			</report>
			<report>
				<misses>185000001</misses>
				<total>0</total>
				<timestamp>4571.391928</timestamp>
			</report>
			<report>
				<misses>185100001</misses>
				<total>0</total>
				<timestamp>4573.858388</timestamp>
			</report>
			<report>
				<misses>185200001</misses>
				<total>0</total>
				<timestamp>4576.331561</timestamp>
			</report>
			<report>
				<misses>185300001</misses>
				<total>0</total>
				<timestamp>4578.805736</timestamp>
			</report>
			<report>
				<misses>185400001</misses>
				<total>0</total>
				<timestamp>4581.264832</timestamp>
			</report>
			<report>
				<misses>185500001</misses>
				<total>0</total>
				<timestamp>4583.743389</timestamp>
			</report>
			<report>
				<misses>185600001</misses>
				<total>0</total>
				<timestamp>4586.208812</timestamp>
			</report>
			<report>
				<misses>185700001</misses>
				<total>0</total>
				<timestamp>4588.669223</timestamp>
			</report>
			<report>
				<misses>185800001</misses>
				<total>0</total>
				<timestamp>4591.134218</timestamp>
			</report>
			<report>
				<misses>185900001</misses>
				<total>0</total>
				<timestamp>4593.608372</timestamp>
			</report>
			<report>
				<misses>186000001</misses>
				<total>0</total>
				<timestamp>4596.074805</timestamp>
			</report>
			<report>
				<misses>186100001</misses>
				<total>0</total>
				<timestamp>4598.545928</timestamp>
			</report>
			<report>
				<misses>186200001</misses>
				<total>0</total>
				<timestamp>4601.014348</timestamp>
			</report>
			<report>
				<misses>186300001</misses>
				<total>0</total>
				<timestamp>4603.482241</timestamp>
			</report>
			<report>
				<misses>186400001</misses>
				<total>0</total>
				<timestamp>4605.951139</timestamp>
			</report>
			<report>
				<misses>186500001</misses>
				<total>0</total>
				<timestamp>4608.420737</timestamp>
			</report>
			<report>
				<misses>186600001</misses>
				<total>0</total>
				<timestamp>4610.893167</timestamp>
			</report>
			<report>
				<misses>186700001</misses>
				<total>0</total>
				<timestamp>4613.361667</timestamp>
			</report>
			<report>
				<misses>186800001</misses>
				<total>0</total>
				<timestamp>4615.833020</timestamp>
			</report>
			<report>
				<misses>186900001</misses>
				<total>0</total>
				<timestamp>4618.297348</timestamp>
			</report>
			<report>
				<misses>187000001</misses>
				<total>0</total>
				<timestamp>4620.771398</timestamp>
			</report>
			<report>
				<misses>187100001</misses>
				<total>0</total>
				<timestamp>4623.239984</timestamp>
			</report>
			<report>
				<misses>187200001</misses>
				<total>0</total>
				<timestamp>4625.716106</timestamp>
			</report>
			<report>
				<misses>187300001</misses>
				<total>0</total>
				<timestamp>4628.196355</timestamp>
			</report>
			<report>
				<misses>187400001</misses>
				<total>0</total>
				<timestamp>4630.660232</timestamp>
			</report>
			<report>
				<misses>187500001</misses>
				<total>0</total>
				<timestamp>4633.129601</timestamp>
			</report>
			<report>
				<misses>187600001</misses>
				<total>0</total>
				<timestamp>4635.600193</timestamp>
			</report>
			<report>
				<misses>187700001</misses>
				<total>0</total>
				<timestamp>4638.067902</timestamp>
			</report>
			<report>
				<misses>187800001</misses>
				<total>0</total>
				<timestamp>4640.539959</timestamp>
			</report>
			<report>
				<misses>187900001</misses>
				<total>0</total>
				<timestamp>4643.014430</timestamp>
			</report>
			<report>
				<misses>188000001</misses>
				<total>0</total>
				<timestamp>4645.481002</timestamp>
			</report>
			<report>
				<misses>188100001</misses>
				<total>0</total>
				<timestamp>4647.938866</timestamp>
			</report>
			<report>
				<misses>188200001</misses>
				<total>0</total>
				<timestamp>4650.411807</timestamp>
			</report>
			<report>
				<misses>188300001</misses>
				<total>0</total>
				<timestamp>4652.874656</timestamp>
			</report>
			<report>
				<misses>188400001</misses>
				<total>0</total>
				<timestamp>4655.340302</timestamp>
			</report>
			<report>
				<misses>188500001</misses>
				<total>0</total>
				<timestamp>4657.820221</timestamp>
			</report>
			<report>
				<misses>188600001</misses>
				<total>0</total>
				<timestamp>4660.289513</timestamp>
			</report>
			<report>
				<misses>188700001</misses>
				<total>0</total>
				<timestamp>4662.765980</timestamp>
			</report>
			<report>
				<misses>188800001</misses>
				<total>0</total>
				<timestamp>4665.240167</timestamp>
			</report>
			<report>
				<misses>188900001</misses>
				<total>0</total>
				<timestamp>4667.720159</timestamp>
			</report>
			<report>
				<misses>189000001</misses>
				<total>0</total>
				<timestamp>4670.205959</timestamp>
			</report>
			<report>
				<misses>189100001</misses>
				<total>0</total>
				<timestamp>4672.689938</timestamp>
			</report>
			<report>
				<misses>189200001</misses>
				<total>0</total>
				<timestamp>4675.166051</timestamp>
			</report>
			<report>
				<misses>189300001</misses>
				<total>0</total>
				<timestamp>4677.647202</timestamp>
			</report>
			<report>
				<misses>189400001</misses>
				<total>0</total>
				<timestamp>4680.122078</timestamp>
			</report>
			<report>
				<misses>189500001</misses>
				<total>0</total>
				<timestamp>4682.599573</timestamp>
			</report>
			<report>
				<misses>189600001</misses>
				<total>0</total>
				<timestamp>4685.070301</timestamp>
			</report>
			<report>
				<misses>189700001</misses>
				<total>0</total>
				<timestamp>4687.546910</timestamp>
			</report>
			<report>
				<misses>189800001</misses>
				<total>0</total>
				<timestamp>4690.033628</timestamp>
			</report>
			<report>
				<misses>189900001</misses>
				<total>0</total>
				<timestamp>4692.516218</timestamp>
			</report>
			<report>
				<misses>190000001</misses>
				<total>0</total>
				<timestamp>4694.999898</timestamp>
			</report>
			<report>
				<misses>190100001</misses>
				<total>0</total>
				<timestamp>4697.485676</timestamp>
			</report>
			<report>
				<misses>190200001</misses>
				<total>0</total>
				<timestamp>4699.974162</timestamp>
			</report>
			<report>
				<misses>190300001</misses>
				<total>0</total>
				<timestamp>4702.459246</timestamp>
			</report>
			<report>
				<misses>190400001</misses>
				<total>0</total>
				<timestamp>4704.945687</timestamp>
			</report>
			<report>
				<misses>190500001</misses>
				<total>0</total>
				<timestamp>4707.429745</timestamp>
			</report>
			<report>
				<misses>190600001</misses>
				<total>0</total>
				<timestamp>4709.904734</timestamp>
			</report>
			<report>
				<misses>190700001</misses>
				<total>0</total>
				<timestamp>4712.374459</timestamp>
			</report>
			<report>
				<misses>190800001</misses>
				<total>0</total>
				<timestamp>4714.855395</timestamp>
			</report>
			<report>
				<misses>190900001</misses>
				<total>0</total>
				<timestamp>4717.337100</timestamp>
			</report>
			<report>
				<misses>191000001</misses>
				<total>0</total>
				<timestamp>4719.821265</timestamp>
			</report>
			<report>
				<misses>191100001</misses>
				<total>0</total>
				<timestamp>4722.306362</timestamp>
			</report>
			<report>
				<misses>191200001</misses>
				<total>0</total>
				<timestamp>4724.782032</timestamp>
			</report>
			<report>
				<misses>191300001</misses>
				<total>0</total>
				<timestamp>4727.263325</timestamp>
			</report>
			<report>
				<misses>191400001</misses>
				<total>0</total>
				<timestamp>4729.747965</timestamp>
			</report>
			<report>
				<misses>191500001</misses>
				<total>0</total>
				<timestamp>4732.231269</timestamp>
			</report>
			<report>
				<misses>191600001</misses>
				<total>0</total>
				<timestamp>4734.713058</timestamp>
			</report>
			<report>
				<misses>191700001</misses>
				<total>0</total>
				<timestamp>4737.200788</timestamp>
			</report>
			<report>
				<misses>191800001</misses>
				<total>0</total>
				<timestamp>4739.675511</timestamp>
			</report>
			<report>
				<misses>191900001</misses>
				<total>0</total>
				<timestamp>4742.150117</timestamp>
			</report>
			<report>
				<misses>192000001</misses>
				<total>0</total>
				<timestamp>4744.630449</timestamp>
			</report>
			<report>
				<misses>192100001</misses>
				<total>0</total>
				<timestamp>4747.108326</timestamp>
			</report>
			<report>
				<misses>192200001</misses>
				<total>0</total>
				<timestamp>4749.584012</timestamp>
			</report>
			<report>
				<misses>192300001</misses>
				<total>0</total>
				<timestamp>4752.065153</timestamp>
			</report>
			<report>
				<misses>192400001</misses>
				<total>0</total>
				<timestamp>4754.542990</timestamp>
			</report>
			<report>
				<misses>192500001</misses>
				<total>0</total>
				<timestamp>4757.007570</timestamp>
			</report>
			<report>
				<misses>192600001</misses>
				<total>0</total>
				<timestamp>4759.488302</timestamp>
			</report>
			<report>
				<misses>192700001</misses>
				<total>0</total>
				<timestamp>4761.975071</timestamp>
			</report>
			<report>
				<misses>192800001</misses>
				<total>0</total>
				<timestamp>4764.452772</timestamp>
			</report>
			<report>
				<misses>192900001</misses>
				<total>0</total>
				<timestamp>4766.928335</timestamp>
			</report>
			<report>
				<misses>193000001</misses>
				<total>0</total>
				<timestamp>4769.409936</timestamp>
			</report>
			<report>
				<misses>193100001</misses>
				<total>0</total>
				<timestamp>4771.887214</timestamp>
			</report>
			<report>
				<misses>193200001</misses>
				<total>0</total>
				<timestamp>4774.362385</timestamp>
			</report>
			<report>
				<misses>193300001</misses>
				<total>0</total>
				<timestamp>4776.844276</timestamp>
			</report>
			<report>
				<misses>193400001</misses>
				<total>0</total>
				<timestamp>4779.319856</timestamp>
			</report>
			<report>
				<misses>193500001</misses>
				<total>0</total>
				<timestamp>4781.785490</timestamp>
			</report>
			<report>
				<misses>193600001</misses>
				<total>0</total>
				<timestamp>4784.254721</timestamp>
			</report>
			<report>
				<misses>193700001</misses>
				<total>0</total>
				<timestamp>4786.736778</timestamp>
			</report>
			<report>
				<misses>193800001</misses>
				<total>0</total>
				<timestamp>4789.218817</timestamp>
			</report>
			<report>
				<misses>193900001</misses>
				<total>0</total>
				<timestamp>4791.696345</timestamp>
			</report>
			<report>
				<misses>194000001</misses>
				<total>0</total>
				<timestamp>4794.168908</timestamp>
			</report>
			<report>
				<misses>194100001</misses>
				<total>0</total>
				<timestamp>4796.647213</timestamp>
			</report>
			<report>
				<misses>194200001</misses>
				<total>0</total>
				<timestamp>4799.127070</timestamp>
			</report>
			<report>
				<misses>194300001</misses>
				<total>0</total>
				<timestamp>4801.604070</timestamp>
			</report>
			<report>
				<misses>194400001</misses>
				<total>0</total>
				<timestamp>4804.092292</timestamp>
			</report>
			<report>
				<misses>194500001</misses>
				<total>0</total>
				<timestamp>4806.573172</timestamp>
			</report>
			<report>
				<misses>194600001</misses>
				<total>0</total>
				<timestamp>4809.051889</timestamp>
			</report>
			<report>
				<misses>194700001</misses>
				<total>0</total>
				<timestamp>4811.526501</timestamp>
			</report>
			<report>
				<misses>194800001</misses>
				<total>0</total>
				<timestamp>4814.003040</timestamp>
			</report>
			<report>
				<misses>194900001</misses>
				<total>0</total>
				<timestamp>4816.472384</timestamp>
			</report>
			<report>
				<misses>195000001</misses>
				<total>0</total>
				<timestamp>4818.943743</timestamp>
			</report>
			<report>
				<misses>195100001</misses>
				<total>0</total>
				<timestamp>4821.425175</timestamp>
			</report>
			<report>
				<misses>195200001</misses>
				<total>0</total>
				<timestamp>4823.907603</timestamp>
			</report>
			<report>
				<misses>195300001</misses>
				<total>0</total>
				<timestamp>4826.387611</timestamp>
			</report>
			<report>
				<misses>195400001</misses>
				<total>0</total>
				<timestamp>4828.858858</timestamp>
			</report>
			<report>
				<misses>195500001</misses>
				<total>0</total>
				<timestamp>4831.339169</timestamp>
			</report>
			<report>
				<misses>195600001</misses>
				<total>0</total>
				<timestamp>4833.816124</timestamp>
			</report>
			<report>
				<misses>195700001</misses>
				<total>0</total>
				<timestamp>4836.288486</timestamp>
			</report>
			<report>
				<misses>195800001</misses>
				<total>0</total>
				<timestamp>4838.760085</timestamp>
			</report>
			<report>
				<misses>195900001</misses>
				<total>0</total>
				<timestamp>4841.237534</timestamp>
			</report>
			<report>
				<misses>196000001</misses>
				<total>0</total>
				<timestamp>4843.715144</timestamp>
			</report>
			<report>
				<misses>196100001</misses>
				<total>0</total>
				<timestamp>4846.189618</timestamp>
			</report>
			<report>
				<misses>196200001</misses>
				<total>0</total>
				<timestamp>4848.666598</timestamp>
			</report>
			<report>
				<misses>196300001</misses>
				<total>0</total>
				<timestamp>4851.160875</timestamp>
			</report>
			<report>
				<misses>196400001</misses>
				<total>0</total>
				<timestamp>4853.653743</timestamp>
			</report>
			<report>
				<misses>196500001</misses>
				<total>0</total>
				<timestamp>4856.132024</timestamp>
			</report>
			<report>
				<misses>196600001</misses>
				<total>0</total>
				<timestamp>4858.609158</timestamp>
			</report>
			<report>
				<misses>196700001</misses>
				<total>0</total>
				<timestamp>4861.081707</timestamp>
			</report>
			<report>
				<misses>196800001</misses>
				<total>0</total>
				<timestamp>4863.562838</timestamp>
			</report>
			<report>
				<misses>196900001</misses>
				<total>0</total>
				<timestamp>4866.040569</timestamp>
			</report>
			<report>
				<misses>197000001</misses>
				<total>0</total>
				<timestamp>4868.520311</timestamp>
			</report>
			<report>
				<misses>197100001</misses>
				<total>0</total>
				<timestamp>4870.996908</timestamp>
			</report>
			<report>
				<misses>197200001</misses>
				<total>0</total>
				<timestamp>4873.476193</timestamp>
			</report>
			<report>
				<misses>197300001</misses>
				<total>0</total>
				<timestamp>4875.948613</timestamp>
			</report>
			<report>
				<misses>197400001</misses>
				<total>0</total>
				<timestamp>4878.423208</timestamp>
			</report>
			<report>
				<misses>197500001</misses>
				<total>0</total>
				<timestamp>4880.900426</timestamp>
			</report>
			<report>
				<misses>197600001</misses>
				<total>0</total>
				<timestamp>4883.381164</timestamp>
			</report>
			<report>
				<misses>197700001</misses>
				<total>0</total>
				<timestamp>4885.866137</timestamp>
			</report>
			<report>
				<misses>197800001</misses>
				<total>0</total>
				<timestamp>4888.344982</timestamp>
			</report>
			<report>
				<misses>197900001</misses>
				<total>0</total>
				<timestamp>4890.824325</timestamp>
			</report>
			<report>
				<misses>198000001</misses>
				<total>0</total>
				<timestamp>4893.297539</timestamp>
			</report>
			<report>
				<misses>198100001</misses>
				<total>0</total>
				<timestamp>4895.783024</timestamp>
			</report>
			<report>
				<misses>198200001</misses>
				<total>0</total>
				<timestamp>4898.267060</timestamp>
			</report>
			<report>
				<misses>198300001</misses>
				<total>0</total>
				<timestamp>4900.739933</timestamp>
			</report>
			<report>
				<misses>198400001</misses>
				<total>0</total>
				<timestamp>4903.220800</timestamp>
			</report>
			<report>
				<misses>198500001</misses>
				<total>0</total>
				<timestamp>4905.695300</timestamp>
			</report>
			<report>
				<misses>198600001</misses>
				<total>0</total>
				<timestamp>4908.168259</timestamp>
			</report>
			<report>
				<misses>198700001</misses>
				<total>0</total>
				<timestamp>4910.648216</timestamp>
			</report>
			<report>
				<misses>198800001</misses>
				<total>0</total>
				<timestamp>4913.126303</timestamp>
			</report>
			<report>
				<misses>198900001</misses>
				<total>0</total>
				<timestamp>4915.605529</timestamp>
			</report>
			<report>
				<misses>199000001</misses>
				<total>0</total>
				<timestamp>4918.092009</timestamp>
			</report>
			<report>
				<misses>199100001</misses>
				<total>0</total>
				<timestamp>4920.566349</timestamp>
			</report>
			<report>
				<misses>199200001</misses>
				<total>0</total>
				<timestamp>4923.048449</timestamp>
			</report>
			<report>
				<misses>199300001</misses>
				<total>0</total>
				<timestamp>4925.525918</timestamp>
			</report>
			<report>
				<misses>199400001</misses>
				<total>0</total>
				<timestamp>4928.010769</timestamp>
			</report>
			<report>
				<misses>199500001</misses>
				<total>0</total>
				<timestamp>4930.484718</timestamp>
			</report>
			<report>
				<misses>199600001</misses>
				<total>0</total>
				<timestamp>4932.962958</timestamp>
			</report>
			<report>
				<misses>199700001</misses>
				<total>0</total>
				<timestamp>4935.426437</timestamp>
			</report>
			<report>
				<misses>199800001</misses>
				<total>0</total>
				<timestamp>4937.907818</timestamp>
			</report>
			<report>
				<misses>199900001</misses>
				<total>0</total>
				<timestamp>4940.392215</timestamp>
			</report>
			<report>
				<misses>200000001</misses>
				<total>0</total>
				<timestamp>4942.887419</timestamp>
			</report>
			<report>
				<misses>200100001</misses>
				<total>0</total>
				<timestamp>4945.364172</timestamp>
			</report>
			<report>
				<misses>200200001</misses>
				<total>0</total>
				<timestamp>4947.834335</timestamp>
			</report>
			<report>
				<misses>200300001</misses>
				<total>0</total>
				<timestamp>4950.311132</timestamp>
			</report>
			<report>
				<misses>200400001</misses>
				<total>0</total>
				<timestamp>4952.785542</timestamp>
			</report>
			<report>
				<misses>200500001</misses>
				<total>0</total>
				<timestamp>4955.271122</timestamp>
			</report>
			<report>
				<misses>200600001</misses>
				<total>0</total>
				<timestamp>4957.741723</timestamp>
			</report>
			<report>
				<misses>200700001</misses>
				<total>0</total>
				<timestamp>4960.216685</timestamp>
			</report>
			<report>
				<misses>200800001</misses>
				<total>0</total>
				<timestamp>4962.692807</timestamp>
			</report>
			<report>
				<misses>200900001</misses>
				<total>0</total>
				<timestamp>4965.177593</timestamp>
			</report>
			<report>
				<misses>201000001</misses>
				<total>0</total>
				<timestamp>4967.649402</timestamp>
			</report>
			<report>
				<misses>201100001</misses>
				<total>0</total>
				<timestamp>4970.124309</timestamp>
			</report>
			<report>
				<misses>201200001</misses>
				<total>0</total>
				<timestamp>4972.605914</timestamp>
			</report>
			<report>
				<misses>201300001</misses>
				<total>0</total>
				<timestamp>4975.082587</timestamp>
			</report>
			<report>
				<misses>201400001</misses>
				<total>0</total>
				<timestamp>4977.568358</timestamp>
			</report>
			<report>
				<misses>201500001</misses>
				<total>0</total>
				<timestamp>4980.038278</timestamp>
			</report>
			<report>
				<misses>201600001</misses>
				<total>0</total>
				<timestamp>4982.513012</timestamp>
			</report>
			<report>
				<misses>201700001</misses>
				<total>0</total>
				<timestamp>4985.000673</timestamp>
			</report>
			<report>
				<misses>201800001</misses>
				<total>0</total>
				<timestamp>4987.475435</timestamp>
			</report>
			<report>
				<misses>201900001</misses>
				<total>0</total>
				<timestamp>4989.956230</timestamp>
			</report>
			<report>
				<misses>202000001</misses>
				<total>0</total>
				<timestamp>4992.420582</timestamp>
			</report>
			<report>
				<misses>202100001</misses>
				<total>0</total>
				<timestamp>4994.888596</timestamp>
			</report>
			<report>
				<misses>202200001</misses>
				<total>0</total>
				<timestamp>4997.353767</timestamp>
			</report>
			<report>
				<misses>202300001</misses>
				<total>0</total>
				<timestamp>4999.826712</timestamp>
			</report>
			<report>
				<misses>202400001</misses>
				<total>0</total>
				<timestamp>5002.289635</timestamp>
			</report>
			<report>
				<misses>202500001</misses>
				<total>0</total>
				<timestamp>5004.758815</timestamp>
			</report>
			<report>
				<misses>202600001</misses>
				<total>0</total>
				<timestamp>5007.228264</timestamp>
			</report>
			<report>
				<misses>202700001</misses>
				<total>0</total>
				<timestamp>5009.699054</timestamp>
			</report>
			<report>
				<misses>202800001</misses>
				<total>0</total>
				<timestamp>5012.164751</timestamp>
			</report>
			<report>
				<misses>202900001</misses>
				<total>0</total>
				<timestamp>5014.631050</timestamp>
			</report>
			<report>
				<misses>203000001</misses>
				<total>0</total>
				<timestamp>5017.095893</timestamp>
			</report>
			<report>
				<misses>203100001</misses>
				<total>0</total>
				<timestamp>5019.562029</timestamp>
			</report>
			<report>
				<misses>203200001</misses>
				<total>0</total>
				<timestamp>5022.026986</timestamp>
			</report>
			<report>
				<misses>203300001</misses>
				<total>0</total>
				<timestamp>5024.490300</timestamp>
			</report>
			<report>
				<misses>203400001</misses>
				<total>0</total>
				<timestamp>5026.956201</timestamp>
			</report>
			<report>
				<misses>203500001</misses>
				<total>0</total>
				<timestamp>5029.417901</timestamp>
			</report>
			<report>
				<misses>203600001</misses>
				<total>0</total>
				<timestamp>5031.879252</timestamp>
			</report>
			<report>
				<misses>203700001</misses>
				<total>0</total>
				<timestamp>5034.357320</timestamp>
			</report>
			<report>
				<misses>203800001</misses>
				<total>0</total>
				<timestamp>5036.824206</timestamp>
			</report>
			<report>
				<misses>203900001</misses>
				<total>0</total>
				<timestamp>5039.290932</timestamp>
			</report>
			<report>
				<misses>204000001</misses>
				<total>0</total>
				<timestamp>5041.762595</timestamp>
			</report>
			<report>
				<misses>204100001</misses>
				<total>0</total>
				<timestamp>5044.234688</timestamp>
			</report>
			<report>
				<misses>204200001</misses>
				<total>0</total>
				<timestamp>5046.694557</timestamp>
			</report>
			<report>
				<misses>204300001</misses>
				<total>0</total>
				<timestamp>5049.157461</timestamp>
			</report>
			<report>
				<misses>204400001</misses>
				<total>0</total>
				<timestamp>5051.629448</timestamp>
			</report>
			<report>
				<misses>204500001</misses>
				<total>0</total>
				<timestamp>5054.103656</timestamp>
			</report>
			<report>
				<misses>204600001</misses>
				<total>0</total>
				<timestamp>5056.574813</timestamp>
			</report>
			<report>
				<misses>204700001</misses>
				<total>0</total>
				<timestamp>5059.039685</timestamp>
			</report>
			<report>
				<misses>204800001</misses>
				<total>0</total>
				<timestamp>5061.503915</timestamp>
			</report>
			<report>
				<misses>204900001</misses>
				<total>0</total>
				<timestamp>5063.978291</timestamp>
			</report>
			<report>
				<misses>205000001</misses>
				<total>0</total>
				<timestamp>5066.444454</timestamp>
			</report>
			<report>
				<misses>205100001</misses>
				<total>0</total>
				<timestamp>5068.914712</timestamp>
			</report>
			<report>
				<misses>205200001</misses>
				<total>0</total>
				<timestamp>5071.381339</timestamp>
			</report>
			<report>
				<misses>205300001</misses>
				<total>0</total>
				<timestamp>5073.845844</timestamp>
			</report>
			<report>
				<misses>205400001</misses>
				<total>0</total>
				<timestamp>5076.322233</timestamp>
			</report>
			<report>
				<misses>205500001</misses>
				<total>0</total>
				<timestamp>5078.793882</timestamp>
			</report>
			<report>
				<misses>205600001</misses>
				<total>0</total>
				<timestamp>5081.257347</timestamp>
			</report>
			<report>
				<misses>205700001</misses>
				<total>0</total>
				<timestamp>5083.726170</timestamp>
			</report>
			<report>
				<misses>205800001</misses>
				<total>0</total>
				<timestamp>5086.194558</timestamp>
			</report>
			<report>
				<misses>205900001</misses>
				<total>0</total>
				<timestamp>5088.667627</timestamp>
			</report>
			<report>
				<misses>206000001</misses>
				<total>0</total>
				<timestamp>5091.132351</timestamp>
			</report>
			<report>
				<misses>206100001</misses>
				<total>0</total>
				<timestamp>5093.603289</timestamp>
			</report>
			<report>
				<misses>206200001</misses>
				<total>0</total>
				<timestamp>5096.070309</timestamp>
			</report>
			<report>
				<misses>206300001</misses>
				<total>0</total>
				<timestamp>5098.542579</timestamp>
			</report>
			<report>
				<misses>206400001</misses>
				<total>0</total>
				<timestamp>5101.016419</timestamp>
			</report>
			<report>
				<misses>206500001</misses>
				<total>0</total>
				<timestamp>5103.479858</timestamp>
			</report>
			<report>
				<misses>206600001</misses>
				<total>0</total>
				<timestamp>5105.945546</timestamp>
			</report>
			<report>
				<misses>206700001</misses>
				<total>0</total>
				<timestamp>5108.414972</timestamp>
			</report>
			<report>
				<misses>206800001</misses>
				<total>0</total>
				<timestamp>5110.879401</timestamp>
			</report>
			<report>
				<misses>206900001</misses>
				<total>0</total>
				<timestamp>5113.350334</timestamp>
			</report>
			<report>
				<misses>207000001</misses>
				<total>0</total>
				<timestamp>5115.814332</timestamp>
			</report>
			<report>
				<misses>207100001</misses>
				<total>0</total>
				<timestamp>5118.273576</timestamp>
			</report>
			<report>
				<misses>207200001</misses>
				<total>0</total>
				<timestamp>5120.748245</timestamp>
			</report>
			<report>
				<misses>207300001</misses>
				<total>0</total>
				<timestamp>5123.227621</timestamp>
			</report>
			<report>
				<misses>207400001</misses>
				<total>0</total>
				<timestamp>5125.700074</timestamp>
			</report>
			<report>
				<misses>207500001</misses>
				<total>0</total>
				<timestamp>5128.171491</timestamp>
			</report>
			<report>
				<misses>207600001</misses>
				<total>0</total>
				<timestamp>5130.633292</timestamp>
			</report>
			<report>
				<misses>207700001</misses>
				<total>0</total>
				<timestamp>5133.107029</timestamp>
			</report>
			<report>
				<misses>207800001</misses>
				<total>0</total>
				<timestamp>5135.570283</timestamp>
			</report>
			<report>
				<misses>207900001</misses>
				<total>0</total>
				<timestamp>5138.039302</timestamp>
			</report>
			<report>
				<misses>208000001</misses>
				<total>0</total>
				<timestamp>5140.510328</timestamp>
			</report>
			<report>
				<misses>208100001</misses>
				<total>0</total>
				<timestamp>5142.981623</timestamp>
			</report>
			<report>
				<misses>208200001</misses>
				<total>0</total>
				<timestamp>5145.458239</timestamp>
			</report>
			<report>
				<misses>208300001</misses>
				<total>0</total>
				<timestamp>5147.934757</timestamp>
			</report>
			<report>
				<misses>208400001</misses>
				<total>0</total>
				<timestamp>5150.403377</timestamp>
			</report>
			<report>
				<misses>208500001</misses>
				<total>0</total>
				<timestamp>5152.868568</timestamp>
			</report>
			<report>
				<misses>208600001</misses>
				<total>0</total>
				<timestamp>5155.338313</timestamp>
			</report>
			<report>
				<misses>208700001</misses>
				<total>0</total>
				<timestamp>5157.818230</timestamp>
			</report>
			<report>
				<misses>208800001</misses>
				<total>0</total>
				<timestamp>5160.285675</timestamp>
			</report>
			<report>
				<misses>208900001</misses>
				<total>0</total>
				<timestamp>5162.761706</timestamp>
			</report>
			<report>
				<misses>209000001</misses>
				<total>0</total>
				<timestamp>5165.242932</timestamp>
			</report>
			<report>
				<misses>209100001</misses>
				<total>0</total>
				<timestamp>5167.727583</timestamp>
			</report>
			<report>
				<misses>209200001</misses>
				<total>0</total>
				<timestamp>5170.206341</timestamp>
			</report>
			<report>
				<misses>209300001</misses>
				<total>0</total>
				<timestamp>5172.686987</timestamp>
			</report>
			<report>
				<misses>209400001</misses>
				<total>0</total>
				<timestamp>5175.158424</timestamp>
			</report>
			<report>
				<misses>209500001</misses>
				<total>0</total>
				<timestamp>5177.626542</timestamp>
			</report>
			<report>
				<misses>209600001</misses>
				<total>0</total>
				<timestamp>5180.095605</timestamp>
			</report>
			<report>
				<misses>209700001</misses>
				<total>0</total>
				<timestamp>5182.564959</timestamp>
			</report>
			<report>
				<misses>209800001</misses>
				<total>0</total>
				<timestamp>5185.046791</timestamp>
			</report>
			<report>
				<misses>209900001</misses>
				<total>0</total>
				<timestamp>5187.527116</timestamp>
			</report>
			<report>
				<misses>210000001</misses>
				<total>0</total>
				<timestamp>5190.008315</timestamp>
			</report>
			<report>
				<misses>210100001</misses>
				<total>0</total>
				<timestamp>5192.488825</timestamp>
			</report>
			<report>
				<misses>210200001</misses>
				<total>0</total>
				<timestamp>5194.960302</timestamp>
			</report>
			<report>
				<misses>210300001</misses>
				<total>0</total>
				<timestamp>5197.429910</timestamp>
			</report>
			<report>
				<misses>210400001</misses>
				<total>0</total>
				<timestamp>5199.898337</timestamp>
			</report>
			<report>
				<misses>210500001</misses>
				<total>0</total>
				<timestamp>5202.375647</timestamp>
			</report>
			<report>
				<misses>210600001</misses>
				<total>0</total>
				<timestamp>5204.852488</timestamp>
			</report>
			<report>
				<misses>210700001</misses>
				<total>0</total>
				<timestamp>5207.326551</timestamp>
			</report>
			<report>
				<misses>210800001</misses>
				<total>0</total>
				<timestamp>5209.795537</timestamp>
			</report>
			<report>
				<misses>210900001</misses>
				<total>0</total>
				<timestamp>5212.276190</timestamp>
			</report>
			<report>
				<misses>211000001</misses>
				<total>0</total>
				<timestamp>5214.753797</timestamp>
			</report>
			<report>
				<misses>211100001</misses>
				<total>0</total>
				<timestamp>5217.231559</timestamp>
			</report>
			<report>
				<misses>211200001</misses>
				<total>0</total>
				<timestamp>5219.711311</timestamp>
			</report>
			<report>
				<misses>211300001</misses>
				<total>0</total>
				<timestamp>5222.183745</timestamp>
			</report>
			<report>
				<misses>211400001</misses>
				<total>0</total>
				<timestamp>5224.654289</timestamp>
			</report>
			<report>
				<misses>211500001</misses>
				<total>0</total>
				<timestamp>5227.132219</timestamp>
			</report>
			<report>
				<misses>211600001</misses>
				<total>0</total>
				<timestamp>5229.608935</timestamp>
			</report>
			<report>
				<misses>211700001</misses>
				<total>0</total>
				<timestamp>5232.089027</timestamp>
			</report>
			<report>
				<misses>211800001</misses>
				<total>0</total>
				<timestamp>5234.577463</timestamp>
			</report>
			<report>
				<misses>211900001</misses>
				<total>0</total>
				<timestamp>5237.062593</timestamp>
			</report>
			<report>
				<misses>212000001</misses>
				<total>0</total>
				<timestamp>5239.543602</timestamp>
			</report>
			<report>
				<misses>212100001</misses>
				<total>0</total>
				<timestamp>5242.021096</timestamp>
			</report>
			<report>
				<misses>212200001</misses>
				<total>0</total>
				<timestamp>5244.495598</timestamp>
			</report>
			<report>
				<misses>212300001</misses>
				<total>0</total>
				<timestamp>5246.971763</timestamp>
			</report>
			<report>
				<misses>212400001</misses>
				<total>0</total>
				<timestamp>5249.448284</timestamp>
			</report>
			<report>
				<misses>212500001</misses>
				<total>0</total>
				<timestamp>5251.921975</timestamp>
			</report>
			<report>
				<misses>212600001</misses>
				<total>0</total>
				<timestamp>5254.399459</timestamp>
			</report>
			<report>
				<misses>212700001</misses>
				<total>0</total>
				<timestamp>5256.871752</timestamp>
			</report>
			<report>
				<misses>212800001</misses>
				<total>0</total>
				<timestamp>5259.342202</timestamp>
			</report>
			<report>
				<misses>212900001</misses>
				<total>0</total>
				<timestamp>5261.816113</timestamp>
			</report>
			<report>
				<misses>213000001</misses>
				<total>0</total>
				<timestamp>5264.295831</timestamp>
			</report>
			<report>
				<misses>213100001</misses>
				<total>0</total>
				<timestamp>5266.770754</timestamp>
			</report>
			<report>
				<misses>213200001</misses>
				<total>0</total>
				<timestamp>5269.244581</timestamp>
			</report>
			<report>
				<misses>213300001</misses>
				<total>0</total>
				<timestamp>5271.721780</timestamp>
			</report>
			<report>
				<misses>213400001</misses>
				<total>0</total>
				<timestamp>5274.197686</timestamp>
			</report>
			<report>
				<misses>213500001</misses>
				<total>0</total>
				<timestamp>5276.678692</timestamp>
			</report>
			<report>
				<misses>213600001</misses>
				<total>0</total>
				<timestamp>5279.155845</timestamp>
			</report>
			<report>
				<misses>213700001</misses>
				<total>0</total>
				<timestamp>5281.638632</timestamp>
			</report>
			<report>
				<misses>213800001</misses>
				<total>0</total>
				<timestamp>5284.121598</timestamp>
			</report>
			<report>
				<misses>213900001</misses>
				<total>0</total>
				<timestamp>5286.596351</timestamp>
			</report>
			<report>
				<misses>214000001</misses>
				<total>0</total>
				<timestamp>5289.081626</timestamp>
			</report>
			<report>
				<misses>214100001</misses>
				<total>0</total>
				<timestamp>5291.566177</timestamp>
			</report>
			<report>
				<misses>214200001</misses>
				<total>0</total>
				<timestamp>5294.035931</timestamp>
			</report>
			<report>
				<misses>214300001</misses>
				<total>0</total>
				<timestamp>5296.503375</timestamp>
			</report>
			<report>
				<misses>214400001</misses>
				<total>0</total>
				<timestamp>5298.972762</timestamp>
			</report>
			<report>
				<misses>214500001</misses>
				<total>0</total>
				<timestamp>5301.446931</timestamp>
			</report>
			<report>
				<misses>214600001</misses>
				<total>0</total>
				<timestamp>5303.926032</timestamp>
			</report>
			<report>
				<misses>214700001</misses>
				<total>0</total>
				<timestamp>5306.398133</timestamp>
			</report>
			<report>
				<misses>214800001</misses>
				<total>0</total>
				<timestamp>5308.871290</timestamp>
			</report>
			<report>
				<misses>214900001</misses>
				<total>0</total>
				<timestamp>5311.345402</timestamp>
			</report>
			<report>
				<misses>215000001</misses>
				<total>0</total>
				<timestamp>5313.812726</timestamp>
			</report>
			<report>
				<misses>215100001</misses>
				<total>0</total>
				<timestamp>5316.282459</timestamp>
			</report>
			<report>
				<misses>215200001</misses>
				<total>0</total>
				<timestamp>5318.750906</timestamp>
			</report>
			<report>
				<misses>215300001</misses>
				<total>0</total>
				<timestamp>5321.224470</timestamp>
			</report>
			<report>
				<misses>215400001</misses>
				<total>0</total>
				<timestamp>5323.693659</timestamp>
			</report>
			<report>
				<misses>215500001</misses>
				<total>0</total>
				<timestamp>5326.166117</timestamp>
			</report>
			<report>
				<misses>215600001</misses>
				<total>0</total>
				<timestamp>5328.642084</timestamp>
			</report>
			<report>
				<misses>215700001</misses>
				<total>0</total>
				<timestamp>5331.121427</timestamp>
			</report>
			<report>
				<misses>215800001</misses>
				<total>0</total>
				<timestamp>5333.594607</timestamp>
			</report>
			<report>
				<misses>215900001</misses>
				<total>0</total>
				<timestamp>5336.075291</timestamp>
			</report>
			<report>
				<misses>216000001</misses>
				<total>0</total>
				<timestamp>5338.546768</timestamp>
			</report>
			<report>
				<misses>216100001</misses>
				<total>0</total>
				<timestamp>5341.016891</timestamp>
			</report>
			<report>
				<misses>216200001</misses>
				<total>0</total>
				<timestamp>5343.477346</timestamp>
			</report>
			<report>
				<misses>216300001</misses>
				<total>0</total>
				<timestamp>5345.948711</timestamp>
			</report>
			<report>
				<misses>216400001</misses>
				<total>0</total>
				<timestamp>5348.410090</timestamp>
			</report>
			<report>
				<misses>216500001</misses>
				<total>0</total>
				<timestamp>5350.886416</timestamp>
			</report>
			<report>
				<misses>216600001</misses>
				<total>0</total>
				<timestamp>5353.359922</timestamp>
			</report>
			<report>
				<misses>216700001</misses>
				<total>0</total>
				<timestamp>5355.829618</timestamp>
			</report>
			<report>
				<misses>216800001</misses>
				<total>0</total>
				<timestamp>5358.297912</timestamp>
			</report>
			<report>
				<misses>216900001</misses>
				<total>0</total>
				<timestamp>5360.766059</timestamp>
			</report>
			<report>
				<misses>217000001</misses>
				<total>0</total>
				<timestamp>5363.243813</timestamp>
			</report>
			<report>
				<misses>217100001</misses>
				<total>0</total>
				<timestamp>5365.716387</timestamp>
			</report>
			<report>
				<misses>217200001</misses>
				<total>0</total>
				<timestamp>5368.185120</timestamp>
			</report>
			<report>
				<misses>217300001</misses>
				<total>0</total>
				<timestamp>5370.657850</timestamp>
			</report>
			<report>
				<misses>217400001</misses>
				<total>0</total>
				<timestamp>5373.124530</timestamp>
			</report>
			<report>
				<misses>217500001</misses>
				<total>0</total>
				<timestamp>5375.588580</timestamp>
			</report>
			<report>
				<misses>217600001</misses>
				<total>0</total>
				<timestamp>5378.058212</timestamp>
			</report>
			<report>
				<misses>217700001</misses>
				<total>0</total>
				<timestamp>5380.537174</timestamp>
			</report>
			<report>
				<misses>217800001</misses>
				<total>0</total>
				<timestamp>5383.008389</timestamp>
			</report>
			<report>
				<misses>217900001</misses>
				<total>0</total>
				<timestamp>5385.480578</timestamp>
			</report>
			<report>
				<misses>218000001</misses>
				<total>0</total>
				<timestamp>5387.961585</timestamp>
			</report>
			<report>
				<misses>218100001</misses>
				<total>0</total>
				<timestamp>5390.434661</timestamp>
			</report>
			<report>
				<misses>218200001</misses>
				<total>0</total>
				<timestamp>5392.909840</timestamp>
			</report>
			<report>
				<misses>218300001</misses>
				<total>0</total>
				<timestamp>5395.392175</timestamp>
			</report>
			<report>
				<misses>218400001</misses>
				<total>0</total>
				<timestamp>5397.871911</timestamp>
			</report>
			<report>
				<misses>218500001</misses>
				<total>0</total>
				<timestamp>5400.340789</timestamp>
			</report>
			<report>
				<misses>218600001</misses>
				<total>0</total>
				<timestamp>5402.818718</timestamp>
			</report>
			<report>
				<misses>218700001</misses>
				<total>0</total>
				<timestamp>5405.291648</timestamp>
			</report>
			<report>
				<misses>218800001</misses>
				<total>0</total>
				<timestamp>5407.764592</timestamp>
			</report>
			<report>
				<misses>218900001</misses>
				<total>0</total>
				<timestamp>5410.242810</timestamp>
			</report>
			<report>
				<misses>219000001</misses>
				<total>0</total>
				<timestamp>5412.718945</timestamp>
			</report>
			<report>
				<misses>219100001</misses>
				<total>0</total>
				<timestamp>5415.194751</timestamp>
			</report>
			<report>
				<misses>219200001</misses>
				<total>0</total>
				<timestamp>5417.652572</timestamp>
			</report>
			<report>
				<misses>219300001</misses>
				<total>0</total>
				<timestamp>5420.132536</timestamp>
			</report>
			<report>
				<misses>219400001</misses>
				<total>0</total>
				<timestamp>5422.614565</timestamp>
			</report>
			<report>
				<misses>219500001</misses>
				<total>0</total>
				<timestamp>5425.089603</timestamp>
			</report>
			<report>
				<misses>219600001</misses>
				<total>0</total>
				<timestamp>5427.574798</timestamp>
			</report>
			<report>
				<misses>219700001</misses>
				<total>0</total>
				<timestamp>5430.052099</timestamp>
			</report>
			<report>
				<misses>219800001</misses>
				<total>0</total>
				<timestamp>5432.518862</timestamp>
			</report>
			<report>
				<misses>219900001</misses>
				<total>0</total>
				<timestamp>5434.990547</timestamp>
			</report>
			<report>
				<misses>220000001</misses>
				<total>0</total>
				<timestamp>5437.461579</timestamp>
			</report>
			<report>
				<misses>220100001</misses>
				<total>0</total>
				<timestamp>5439.938062</timestamp>
			</report>
			<report>
				<misses>220200001</misses>
				<total>0</total>
				<timestamp>5442.411806</timestamp>
			</report>
			<report>
				<misses>220300001</misses>
				<total>0</total>
				<timestamp>5444.881632</timestamp>
			</report>
			<report>
				<misses>220400001</misses>
				<total>0</total>
				<timestamp>5447.352746</timestamp>
			</report>
			<report>
				<misses>220500001</misses>
				<total>0</total>
				<timestamp>5449.823110</timestamp>
			</report>
			<report>
				<misses>220600001</misses>
				<total>0</total>
				<timestamp>5452.293756</timestamp>
			</report>
			<report>
				<misses>220700001</misses>
				<total>0</total>
				<timestamp>5454.774920</timestamp>
			</report>
			<report>
				<misses>220800001</misses>
				<total>0</total>
				<timestamp>5457.250436</timestamp>
			</report>
			<report>
				<misses>220900001</misses>
				<total>0</total>
				<timestamp>5459.719921</timestamp>
			</report>
			<report>
				<misses>221000001</misses>
				<total>0</total>
				<timestamp>5462.200831</timestamp>
			</report>
			<report>
				<misses>221100001</misses>
				<total>0</total>
				<timestamp>5464.676382</timestamp>
			</report>
			<report>
				<misses>221200001</misses>
				<total>0</total>
				<timestamp>5467.154573</timestamp>
			</report>
			<report>
				<misses>221300001</misses>
				<total>0</total>
				<timestamp>5469.635602</timestamp>
			</report>
			<report>
				<misses>221400001</misses>
				<total>0</total>
				<timestamp>5472.116999</timestamp>
			</report>
			<report>
				<misses>221500001</misses>
				<total>0</total>
				<timestamp>5474.589394</timestamp>
			</report>
			<report>
				<misses>221600001</misses>
				<total>0</total>
				<timestamp>5477.072092</timestamp>
			</report>
			<report>
				<misses>221700001</misses>
				<total>0</total>
				<timestamp>5479.549988</timestamp>
			</report>
			<report>
				<misses>221800001</misses>
				<total>0</total>
				<timestamp>5482.036932</timestamp>
			</report>
			<report>
				<misses>221900001</misses>
				<total>0</total>
				<timestamp>5484.518421</timestamp>
			</report>
			<report>
				<misses>222000001</misses>
				<total>0</total>
				<timestamp>5487.000205</timestamp>
			</report>
			<report>
				<misses>222100001</misses>
				<total>0</total>
				<timestamp>5489.488788</timestamp>
			</report>
			<report>
				<misses>222200001</misses>
				<total>0</total>
				<timestamp>5491.982309</timestamp>
			</report>
			<report>
				<misses>222300001</misses>
				<total>0</total>
				<timestamp>5494.464591</timestamp>
			</report>
			<report>
				<misses>222400001</misses>
				<total>0</total>
				<timestamp>5496.941404</timestamp>
			</report>
			<report>
				<misses>222500001</misses>
				<total>0</total>
				<timestamp>5499.427445</timestamp>
			</report>
			<report>
				<misses>222600001</misses>
				<total>0</total>
				<timestamp>5501.909966</timestamp>
			</report>
			<report>
				<misses>222700001</misses>
				<total>0</total>
				<timestamp>5504.391429</timestamp>
			</report>
			<report>
				<misses>222800001</misses>
				<total>0</total>
				<timestamp>5506.872048</timestamp>
			</report>
			<report>
				<misses>222900001</misses>
				<total>0</total>
				<timestamp>5509.356108</timestamp>
			</report>
			<report>
				<misses>223000001</misses>
				<total>0</total>
				<timestamp>5511.833324</timestamp>
			</report>
			<report>
				<misses>223100001</misses>
				<total>0</total>
				<timestamp>5514.320317</timestamp>
			</report>
			<report>
				<misses>223200001</misses>
				<total>0</total>
				<timestamp>5516.810449</timestamp>
			</report>
			<report>
				<misses>223300001</misses>
				<total>0</total>
				<timestamp>5519.295802</timestamp>
			</report>
			<report>
				<misses>223400001</misses>
				<total>0</total>
				<timestamp>5521.771818</timestamp>
			</report>
			<report>
				<misses>223500001</misses>
				<total>0</total>
				<timestamp>5524.259053</timestamp>
			</report>
			<report>
				<misses>223600001</misses>
				<total>0</total>
				<timestamp>5526.752551</timestamp>
			</report>
			<report>
				<misses>223700001</misses>
				<total>0</total>
				<timestamp>5529.244248</timestamp>
			</report>
			<report>
				<misses>223800001</misses>
				<total>0</total>
				<timestamp>5531.725989</timestamp>
			</report>
			<report>
				<misses>223900001</misses>
				<total>0</total>
				<timestamp>5534.209991</timestamp>
			</report>
			<report>
				<misses>224000001</misses>
				<total>0</total>
				<timestamp>5536.682936</timestamp>
			</report>
			<report>
				<misses>224100001</misses>
				<total>0</total>
				<timestamp>5539.155820</timestamp>
			</report>
			<report>
				<misses>224200001</misses>
				<total>0</total>
				<timestamp>5541.633087</timestamp>
			</report>
			<report>
				<misses>224300001</misses>
				<total>0</total>
				<timestamp>5544.119493</timestamp>
			</report>
			<report>
				<misses>224400001</misses>
				<total>0</total>
				<timestamp>5546.600128</timestamp>
			</report>
			<report>
				<misses>224500001</misses>
				<total>0</total>
				<timestamp>5549.068983</timestamp>
			</report>
			<report>
				<misses>224600001</misses>
				<total>0</total>
				<timestamp>5551.546067</timestamp>
			</report>
			<report>
				<misses>224700001</misses>
				<total>0</total>
				<timestamp>5554.027609</timestamp>
			</report>
			<report>
				<misses>224800001</misses>
				<total>0</total>
				<timestamp>5556.507463</timestamp>
			</report>
			<report>
				<misses>224900001</misses>
				<total>0</total>
				<timestamp>5558.975670</timestamp>
			</report>
			<report>
				<misses>225000001</misses>
				<total>0</total>
				<timestamp>5561.457483</timestamp>
			</report>
			<report>
				<misses>225100001</misses>
				<total>0</total>
				<timestamp>5563.941775</timestamp>
			</report>
			<report>
				<misses>225200001</misses>
				<total>0</total>
				<timestamp>5566.420880</timestamp>
			</report>
			<report>
				<misses>225300001</misses>
				<total>0</total>
				<timestamp>5568.899936</timestamp>
			</report>
			<report>
				<misses>225400001</misses>
				<total>0</total>
				<timestamp>5571.382095</timestamp>
			</report>
			<report>
				<misses>225500001</misses>
				<total>0</total>
				<timestamp>5573.865460</timestamp>
			</report>
			<report>
				<misses>225600001</misses>
				<total>0</total>
				<timestamp>5576.349144</timestamp>
			</report>
			<report>
				<misses>225700001</misses>
				<total>0</total>
				<timestamp>5578.835880</timestamp>
			</report>
			<report>
				<misses>225800001</misses>
				<total>0</total>
				<timestamp>5581.307752</timestamp>
			</report>
			<report>
				<misses>225900001</misses>
				<total>0</total>
				<timestamp>5583.787788</timestamp>
			</report>
			<report>
				<misses>226000001</misses>
				<total>0</total>
				<timestamp>5586.264925</timestamp>
			</report>
			<report>
				<misses>226100001</misses>
				<total>0</total>
				<timestamp>5588.746722</timestamp>
			</report>
			<report>
				<misses>226200001</misses>
				<total>0</total>
				<timestamp>5591.228979</timestamp>
			</report>
			<report>
				<misses>226300001</misses>
				<total>0</total>
				<timestamp>5593.707575</timestamp>
			</report>
			<report>
				<misses>226400001</misses>
				<total>0</total>
				<timestamp>5596.184995</timestamp>
			</report>
			<report>
				<misses>226500001</misses>
				<total>0</total>
				<timestamp>5598.671596</timestamp>
			</report>
			<report>
				<misses>226600001</misses>
				<total>0</total>
				<timestamp>5601.158369</timestamp>
			</report>
			<report>
				<misses>226700001</misses>
				<total>0</total>
				<timestamp>5603.648452</timestamp>
			</report>
			<report>
				<misses>226800001</misses>
				<total>0</total>
				<timestamp>5606.129865</timestamp>
			</report>
			<report>
				<misses>226900001</misses>
				<total>0</total>
				<timestamp>5608.612651</timestamp>
			</report>
			<report>
				<misses>227000001</misses>
				<total>0</total>
				<timestamp>5611.090884</timestamp>
			</report>
			<report>
				<misses>227100001</misses>
				<total>0</total>
				<timestamp>5613.566012</timestamp>
			</report>
			<report>
				<misses>227200001</misses>
				<total>0</total>
				<timestamp>5616.049175</timestamp>
			</report>
			<report>
				<misses>227300001</misses>
				<total>0</total>
				<timestamp>5618.523459</timestamp>
			</report>
			<report>
				<misses>227400001</misses>
				<total>0</total>
				<timestamp>5621.010751</timestamp>
			</report>
			<report>
				<misses>227500001</misses>
				<total>0</total>
				<timestamp>5623.493604</timestamp>
			</report>
			<report>
				<misses>227600001</misses>
				<total>0</total>
				<timestamp>5625.978023</timestamp>
			</report>
			<report>
				<misses>227700001</misses>
				<total>0</total>
				<timestamp>5628.466660</timestamp>
			</report>
			<report>
				<misses>227800001</misses>
				<total>0</total>
				<timestamp>5630.950014</timestamp>
			</report>
			<report>
				<misses>227900001</misses>
				<total>0</total>
				<timestamp>5633.428042</timestamp>
			</report>
			<report>
				<misses>228000001</misses>
				<total>0</total>
				<timestamp>5635.900675</timestamp>
			</report>
			<report>
				<misses>228100001</misses>
				<total>0</total>
				<timestamp>5638.375181</timestamp>
			</report>
			<report>
				<misses>228200001</misses>
				<total>0</total>
				<timestamp>5640.854708</timestamp>
			</report>
			<report>
				<misses>228300001</misses>
				<total>0</total>
				<timestamp>5643.331393</timestamp>
			</report>
			<report>
				<misses>228400001</misses>
				<total>0</total>
				<timestamp>5645.819575</timestamp>
			</report>
			<report>
				<misses>228500001</misses>
				<total>0</total>
				<timestamp>5648.310991</timestamp>
			</report>
			<report>
				<misses>228600001</misses>
				<total>0</total>
				<timestamp>5650.798790</timestamp>
			</report>
			<report>
				<misses>228700001</misses>
				<total>0</total>
				<timestamp>5653.275048</timestamp>
			</report>
			<report>
				<misses>228800001</misses>
				<total>0</total>
				<timestamp>5655.753701</timestamp>
			</report>
			<report>
				<misses>228900001</misses>
				<total>0</total>
				<timestamp>5658.237149</timestamp>
			</report>
			<report>
				<misses>229000001</misses>
				<total>0</total>
				<timestamp>5660.716380</timestamp>
			</report>
			<report>
				<misses>229100001</misses>
				<total>0</total>
				<timestamp>5663.197419</timestamp>
			</report>
			<report>
				<misses>229200001</misses>
				<total>0</total>
				<timestamp>5665.675879</timestamp>
			</report>
			<report>
				<misses>229300001</misses>
				<total>0</total>
				<timestamp>5668.153702</timestamp>
			</report>
			<report>
				<misses>229400001</misses>
				<total>0</total>
				<timestamp>5670.642795</timestamp>
			</report>
			<report>
				<misses>229500001</misses>
				<total>0</total>
				<timestamp>5673.127369</timestamp>
			</report>
			<report>
				<misses>229600001</misses>
				<total>0</total>
				<timestamp>5675.615795</timestamp>
			</report>
			<report>
				<misses>229700001</misses>
				<total>0</total>
				<timestamp>5678.096521</timestamp>
			</report>
			<report>
				<misses>229800001</misses>
				<total>0</total>
				<timestamp>5680.575540</timestamp>
			</report>
			<report>
				<misses>229900001</misses>
				<total>0</total>
				<timestamp>5683.057420</timestamp>
			</report>
			<report>
				<misses>230000001</misses>
				<total>0</total>
				<timestamp>5685.542192</timestamp>
			</report>
			<report>
				<misses>230100001</misses>
				<total>0</total>
				<timestamp>5688.020074</timestamp>
			</report>
			<report>
				<misses>230200001</misses>
				<total>0</total>
				<timestamp>5690.513596</timestamp>
			</report>
			<report>
				<misses>230300001</misses>
				<total>0</total>
				<timestamp>5693.004020</timestamp>
			</report>
			<report>
				<misses>230400001</misses>
				<total>0</total>
				<timestamp>5695.473602</timestamp>
			</report>
			<report>
				<misses>230500001</misses>
				<total>0</total>
				<timestamp>5697.960115</timestamp>
			</report>
			<report>
				<misses>230600001</misses>
				<total>0</total>
				<timestamp>5700.440077</timestamp>
			</report>
			<report>
				<misses>230700001</misses>
				<total>0</total>
				<timestamp>5702.916265</timestamp>
			</report>
			<report>
				<misses>230800001</misses>
				<total>0</total>
				<timestamp>5705.395878</timestamp>
			</report>
			<report>
				<misses>230900001</misses>
				<total>0</total>
				<timestamp>5707.874565</timestamp>
			</report>
			<report>
				<misses>231000001</misses>
				<total>0</total>
				<timestamp>5710.354051</timestamp>
			</report>
			<report>
				<misses>231100001</misses>
				<total>0</total>
				<timestamp>5712.837439</timestamp>
			</report>
			<report>
				<misses>231200001</misses>
				<total>0</total>
				<timestamp>5715.310661</timestamp>
			</report>
			<report>
				<misses>231300001</misses>
				<total>0</total>
				<timestamp>5717.787289</timestamp>
			</report>
			<report>
				<misses>231400001</misses>
				<total>0</total>
				<timestamp>5720.274894</timestamp>
			</report>
			<report>
				<misses>231500001</misses>
				<total>0</total>
				<timestamp>5722.760254</timestamp>
			</report>
			<report>
				<misses>231600001</misses>
				<total>0</total>
				<timestamp>5725.240881</timestamp>
			</report>
			<report>
				<misses>231700001</misses>
				<total>0</total>
				<timestamp>5727.719994</timestamp>
			</report>
			<report>
				<misses>231800001</misses>
				<total>0</total>
				<timestamp>5730.203292</timestamp>
			</report>
			<report>
				<misses>231900001</misses>
				<total>0</total>
				<timestamp>5732.683038</timestamp>
			</report>
			<report>
				<misses>232000001</misses>
				<total>0</total>
				<timestamp>5735.153814</timestamp>
			</report>
			<report>
				<misses>232100001</misses>
				<total>0</total>
				<timestamp>5737.622510</timestamp>
			</report>
			<report>
				<misses>232200001</misses>
				<total>0</total>
				<timestamp>5740.104400</timestamp>
			</report>
			<report>
				<misses>232300001</misses>
				<total>0</total>
				<timestamp>5742.582322</timestamp>
			</report>
			<report>
				<misses>232400001</misses>
				<total>0</total>
				<timestamp>5745.051555</timestamp>
			</report>
			<report>
				<misses>232500001</misses>
				<total>0</total>
				<timestamp>5747.527321</timestamp>
			</report>
			<report>
				<misses>232600001</misses>
				<total>0</total>
				<timestamp>5750.000746</timestamp>
			</report>
			<report>
				<misses>232700001</misses>
				<total>0</total>
				<timestamp>5752.473641</timestamp>
			</report>
			<report>
				<misses>232800001</misses>
				<total>0</total>
				<timestamp>5754.950736</timestamp>
			</report>
			<report>
				<misses>232900001</misses>
				<total>0</total>
				<timestamp>5757.426923</timestamp>
			</report>
			<report>
				<misses>233000001</misses>
				<total>0</total>
				<timestamp>5759.916926</timestamp>
			</report>
			<report>
				<misses>233100001</misses>
				<total>0</total>
				<timestamp>5762.393181</timestamp>
			</report>
			<report>
				<misses>233200001</misses>
				<total>0</total>
				<timestamp>5764.872914</timestamp>
			</report>
			<report>
				<misses>233300001</misses>
				<total>0</total>
				<timestamp>5767.351966</timestamp>
			</report>
			<report>
				<misses>233400001</misses>
				<total>0</total>
				<timestamp>5769.831696</timestamp>
			</report>
			<report>
				<misses>233500001</misses>
				<total>0</total>
				<timestamp>5772.311679</timestamp>
			</report>
			<report>
				<misses>233600001</misses>
				<total>0</total>
				<timestamp>5774.799643</timestamp>
			</report>
			<report>
				<misses>233700001</misses>
				<total>0</total>
				<timestamp>5777.270717</timestamp>
			</report>
			<report>
				<misses>233800001</misses>
				<total>0</total>
				<timestamp>5779.744548</timestamp>
			</report>
			<report>
				<misses>233900001</misses>
				<total>0</total>
				<timestamp>5782.223587</timestamp>
			</report>
			<report>
				<misses>234000001</misses>
				<total>0</total>
				<timestamp>5784.703941</timestamp>
			</report>
			<report>
				<misses>234100001</misses>
				<total>0</total>
				<timestamp>5787.172497</timestamp>
			</report>
			<report>
				<misses>234200001</misses>
				<total>0</total>
				<timestamp>5789.652909</timestamp>
			</report>
			<report>
				<misses>234300001</misses>
				<total>0</total>
				<timestamp>5792.124991</timestamp>
			</report>
			<report>
				<misses>234400001</misses>
				<total>0</total>
				<timestamp>5794.594824</timestamp>
			</report>
			<report>
				<misses>234500001</misses>
				<total>0</total>
				<timestamp>5797.062028</timestamp>
			</report>
			<report>
				<misses>234600001</misses>
				<total>0</total>
				<timestamp>5799.530301</timestamp>
			</report>
			<report>
				<misses>234700001</misses>
				<total>0</total>
				<timestamp>5802.011788</timestamp>
			</report>
			<report>
				<misses>234800001</misses>
				<total>0</total>
				<timestamp>5804.485994</timestamp>
			</report>
			<report>
				<misses>234900001</misses>
				<total>0</total>
				<timestamp>5806.963693</timestamp>
			</report>
			<report>
				<misses>235000001</misses>
				<total>0</total>
				<timestamp>5809.441589</timestamp>
			</report>
			<report>
				<misses>235100001</misses>
				<total>0</total>
				<timestamp>5811.911631</timestamp>
			</report>
			<report>
				<misses>235200001</misses>
				<total>0</total>
				<timestamp>5814.387818</timestamp>
			</report>
			<report>
				<misses>235300001</misses>
				<total>0</total>
				<timestamp>5816.855334</timestamp>
			</report>
			<report>
				<misses>235400001</misses>
				<total>0</total>
				<timestamp>5819.337148</timestamp>
			</report>
			<report>
				<misses>235500001</misses>
				<total>0</total>
				<timestamp>5821.821103</timestamp>
			</report>
			<report>
				<misses>235600001</misses>
				<total>0</total>
				<timestamp>5824.300811</timestamp>
			</report>
			<report>
				<misses>235700001</misses>
				<total>0</total>
				<timestamp>5826.783653</timestamp>
			</report>
			<report>
				<misses>235800001</misses>
				<total>0</total>
				<timestamp>5829.252203</timestamp>
			</report>
			<report>
				<misses>235900001</misses>
				<total>0</total>
				<timestamp>5831.724909</timestamp>
			</report>
			<report>
				<misses>236000001</misses>
				<total>0</total>
				<timestamp>5834.206535</timestamp>
			</report>
			<report>
				<misses>236100001</misses>
				<total>0</total>
				<timestamp>5836.674327</timestamp>
			</report>
			<report>
				<misses>236200001</misses>
				<total>0</total>
				<timestamp>5839.148745</timestamp>
			</report>
			<report>
				<misses>236300001</misses>
				<total>0</total>
				<timestamp>5841.622172</timestamp>
			</report>
			<report>
				<misses>236400001</misses>
				<total>0</total>
				<timestamp>5844.105418</timestamp>
			</report>
			<report>
				<misses>236500001</misses>
				<total>0</total>
				<timestamp>5846.575750</timestamp>
			</report>
			<report>
				<misses>236600001</misses>
				<total>0</total>
				<timestamp>5849.051578</timestamp>
			</report>
			<report>
				<misses>236700001</misses>
				<total>0</total>
				<timestamp>5851.527480</timestamp>
			</report>
			<report>
				<misses>236800001</misses>
				<total>0</total>
				<timestamp>5854.002989</timestamp>
			</report>
			<report>
				<misses>236900001</misses>
				<total>0</total>
				<timestamp>5856.480827</timestamp>
			</report>
			<report>
				<misses>237000001</misses>
				<total>0</total>
				<timestamp>5858.960395</timestamp>
			</report>
			<report>
				<misses>237100001</misses>
				<total>0</total>
				<timestamp>5861.444700</timestamp>
			</report>
			<report>
				<misses>237200001</misses>
				<total>0</total>
				<timestamp>5863.924130</timestamp>
			</report>
			<report>
				<misses>237300001</misses>
				<total>0</total>
				<timestamp>5866.398582</timestamp>
			</report>
			<report>
				<misses>237400001</misses>
				<total>0</total>
				<timestamp>5868.880586</timestamp>
			</report>
			<report>
				<misses>237500001</misses>
				<total>0</total>
				<timestamp>5871.356731</timestamp>
			</report>
			<report>
				<misses>237600001</misses>
				<total>0</total>
				<timestamp>5873.832347</timestamp>
			</report>
			<report>
				<misses>237700001</misses>
				<total>0</total>
				<timestamp>5876.304372</timestamp>
			</report>
			<report>
				<misses>237800001</misses>
				<total>0</total>
				<timestamp>5878.779127</timestamp>
			</report>
			<report>
				<misses>237900001</misses>
				<total>0</total>
				<timestamp>5881.263974</timestamp>
			</report>
			<report>
				<misses>238000001</misses>
				<total>0</total>
				<timestamp>5883.747367</timestamp>
			</report>
			<report>
				<misses>238100001</misses>
				<total>0</total>
				<timestamp>5886.227100</timestamp>
			</report>
			<report>
				<misses>238200001</misses>
				<total>0</total>
				<timestamp>5888.704351</timestamp>
			</report>
			<report>
				<misses>238300001</misses>
				<total>0</total>
				<timestamp>5891.184100</timestamp>
			</report>
			<report>
				<misses>238400001</misses>
				<total>0</total>
				<timestamp>5893.663438</timestamp>
			</report>
			<report>
				<misses>238500001</misses>
				<total>0</total>
				<timestamp>5896.153224</timestamp>
			</report>
			<report>
				<misses>238600001</misses>
				<total>0</total>
				<timestamp>5898.629615</timestamp>
			</report>
			<report>
				<misses>238700001</misses>
				<total>0</total>
				<timestamp>5901.110550</timestamp>
			</report>
			<report>
				<misses>238800001</misses>
				<total>0</total>
				<timestamp>5903.592372</timestamp>
			</report>
			<report>
				<misses>238900001</misses>
				<total>0</total>
				<timestamp>5906.072441</timestamp>
			</report>
			<report>
				<misses>239000001</misses>
				<total>0</total>
				<timestamp>5908.549438</timestamp>
			</report>
			<report>
				<misses>239100001</misses>
				<total>0</total>
				<timestamp>5911.034657</timestamp>
			</report>
			<report>
				<misses>239200001</misses>
				<total>0</total>
				<timestamp>5913.513998</timestamp>
			</report>
			<report>
				<misses>239300001</misses>
				<total>0</total>
				<timestamp>5915.997225</timestamp>
			</report>
			<report>
				<misses>239400001</misses>
				<total>0</total>
				<timestamp>5918.481134</timestamp>
			</report>
			<report>
				<misses>239500001</misses>
				<total>0</total>
				<timestamp>5920.959544</timestamp>
			</report>
			<report>
				<misses>239600001</misses>
				<total>0</total>
				<timestamp>5923.443501</timestamp>
			</report>
			<report>
				<misses>239700001</misses>
				<total>0</total>
				<timestamp>5925.921955</timestamp>
			</report>
			<report>
				<misses>239800001</misses>
				<total>0</total>
				<timestamp>5928.398096</timestamp>
			</report>
			<report>
				<misses>239900001</misses>
				<total>0</total>
				<timestamp>5930.885853</timestamp>
			</report>
			<report>
				<misses>240000001</misses>
				<total>0</total>
				<timestamp>5933.376320</timestamp>
			</report>
			<report>
				<misses>240100001</misses>
				<total>0</total>
				<timestamp>5935.859433</timestamp>
			</report>
			<report>
				<misses>240200001</misses>
				<total>0</total>
				<timestamp>5938.341911</timestamp>
			</report>
			<report>
				<misses>240300001</misses>
				<total>0</total>
				<timestamp>5940.818659</timestamp>
			</report>
			<report>
				<misses>240400001</misses>
				<total>0</total>
				<timestamp>5943.297243</timestamp>
			</report>
			<report>
				<misses>240500001</misses>
				<total>0</total>
				<timestamp>5945.778593</timestamp>
			</report>
			<report>
				<misses>240600001</misses>
				<total>0</total>
				<timestamp>5948.261556</timestamp>
			</report>
			<report>
				<misses>240700001</misses>
				<total>0</total>
				<timestamp>5950.743849</timestamp>
			</report>
			<report>
				<misses>240800001</misses>
				<total>0</total>
				<timestamp>5953.228942</timestamp>
			</report>
			<report>
				<misses>240900001</misses>
				<total>0</total>
				<timestamp>5955.696528</timestamp>
			</report>
			<report>
				<misses>241000001</misses>
				<total>0</total>
				<timestamp>5958.180388</timestamp>
			</report>
			<report>
				<misses>241100001</misses>
				<total>0</total>
				<timestamp>5960.661906</timestamp>
			</report>
			<report>
				<misses>241200001</misses>
				<total>0</total>
				<timestamp>5963.142240</timestamp>
			</report>
			<report>
				<misses>241300001</misses>
				<total>0</total>
				<timestamp>5965.618984</timestamp>
			</report>
			<report>
				<misses>241400001</misses>
				<total>0</total>
				<timestamp>5968.103155</timestamp>
			</report>
			<report>
				<misses>241500001</misses>
				<total>0</total>
				<timestamp>5970.593824</timestamp>
			</report>
			<report>
				<misses>241600001</misses>
				<total>0</total>
				<timestamp>5973.077884</timestamp>
			</report>
			<report>
				<misses>241700001</misses>
				<total>0</total>
				<timestamp>5975.550479</timestamp>
			</report>
			<report>
				<misses>241800001</misses>
				<total>0</total>
				<timestamp>5978.022562</timestamp>
			</report>
			<report>
				<misses>241900001</misses>
				<total>0</total>
				<timestamp>5980.498864</timestamp>
			</report>
			<report>
				<misses>242000001</misses>
				<total>0</total>
				<timestamp>5982.965442</timestamp>
			</report>
			<report>
				<misses>242100001</misses>
				<total>0</total>
				<timestamp>5985.433347</timestamp>
			</report>
			<report>
				<misses>242200001</misses>
				<total>0</total>
				<timestamp>5987.913990</timestamp>
			</report>
			<report>
				<misses>242300001</misses>
				<total>0</total>
				<timestamp>5990.390547</timestamp>
			</report>
			<report>
				<misses>242400001</misses>
				<total>0</total>
				<timestamp>5992.870406</timestamp>
			</report>
			<report>
				<misses>242500001</misses>
				<total>0</total>
				<timestamp>5995.338107</timestamp>
			</report>
			<report>
				<misses>242600001</misses>
				<total>0</total>
				<timestamp>5997.804265</timestamp>
			</report>
			<report>
				<misses>242700001</misses>
				<total>0</total>
				<timestamp>6000.270487</timestamp>
			</report>
			<report>
				<misses>242800001</misses>
				<total>0</total>
				<timestamp>6002.749353</timestamp>
			</report>
			<report>
				<misses>242900001</misses>
				<total>0</total>
				<timestamp>6005.228102</timestamp>
			</report>
			<report>
				<misses>243000001</misses>
				<total>0</total>
				<timestamp>6007.712967</timestamp>
			</report>
			<report>
				<misses>243100001</misses>
				<total>0</total>
				<timestamp>6010.190778</timestamp>
			</report>
			<report>
				<misses>243200001</misses>
				<total>0</total>
				<timestamp>6012.667601</timestamp>
			</report>
			<report>
				<misses>243300001</misses>
				<total>0</total>
				<timestamp>6015.139028</timestamp>
			</report>
			<report>
				<misses>243400001</misses>
				<total>0</total>
				<timestamp>6017.613056</timestamp>
			</report>
			<report>
				<misses>243500001</misses>
				<total>0</total>
				<timestamp>6020.088237</timestamp>
			</report>
			<report>
				<misses>243600001</misses>
				<total>0</total>
				<timestamp>6022.565213</timestamp>
			</report>
			<report>
				<misses>243700001</misses>
				<total>0</total>
				<timestamp>6025.038352</timestamp>
			</report>
			<report>
				<misses>243800001</misses>
				<total>0</total>
				<timestamp>6027.512690</timestamp>
			</report>
			<report>
				<misses>243900001</misses>
				<total>0</total>
				<timestamp>6029.987501</timestamp>
			</report>
			<report>
				<misses>244000001</misses>
				<total>0</total>
				<timestamp>6032.455536</timestamp>
			</report>
			<report>
				<misses>244100001</misses>
				<total>0</total>
				<timestamp>6034.930526</timestamp>
			</report>
			<report>
				<misses>244200001</misses>
				<total>0</total>
				<timestamp>6037.399049</timestamp>
			</report>
			<report>
				<misses>244300001</misses>
				<total>0</total>
				<timestamp>6039.875034</timestamp>
			</report>
			<report>
				<misses>244400001</misses>
				<total>0</total>
				<timestamp>6042.364903</timestamp>
			</report>
			<report>
				<misses>244500001</misses>
				<total>0</total>
				<timestamp>6044.850005</timestamp>
			</report>
			<report>
				<misses>244600001</misses>
				<total>0</total>
				<timestamp>6047.324379</timestamp>
			</report>
			<report>
				<misses>244700001</misses>
				<total>0</total>
				<timestamp>6049.805714</timestamp>
			</report>
			<report>
				<misses>244800001</misses>
				<total>0</total>
				<timestamp>6052.282442</timestamp>
			</report>
			<report>
				<misses>244900001</misses>
				<total>0</total>
				<timestamp>6054.763236</timestamp>
			</report>
			<report>
				<misses>245000001</misses>
				<total>0</total>
				<timestamp>6057.240312</timestamp>
			</report>
			<report>
				<misses>245100001</misses>
				<total>0</total>
				<timestamp>6059.712628</timestamp>
			</report>
			<report>
				<misses>245200001</misses>
				<total>0</total>
				<timestamp>6062.190532</timestamp>
			</report>
			<report>
				<misses>245300001</misses>
				<total>0</total>
				<timestamp>6064.671950</timestamp>
			</report>
			<report>
				<misses>245400001</misses>
				<total>0</total>
				<timestamp>6067.153321</timestamp>
			</report>
			<report>
				<misses>245500001</misses>
				<total>0</total>
				<timestamp>6069.635206</timestamp>
			</report>
			<report>
				<misses>245600001</misses>
				<total>0</total>
				<timestamp>6072.113835</timestamp>
			</report>
			<report>
				<misses>245700001</misses>
				<total>0</total>
				<timestamp>6074.594176</timestamp>
			</report>
			<report>
				<misses>245800001</misses>
				<total>0</total>
				<timestamp>6077.069718</timestamp>
			</report>
			<report>
				<misses>245900001</misses>
				<total>0</total>
				<timestamp>6079.542485</timestamp>
			</report>
			<report>
				<misses>246000001</misses>
				<total>0</total>
				<timestamp>6082.028689</timestamp>
			</report>
			<report>
				<misses>246100001</misses>
				<total>0</total>
				<timestamp>6084.503387</timestamp>
			</report>
			<report>
				<misses>246200001</misses>
				<total>0</total>
				<timestamp>6086.966733</timestamp>
			</report>
			<report>
				<misses>246300001</misses>
				<total>0</total>
				<timestamp>6089.434924</timestamp>
			</report>
			<report>
				<misses>246400001</misses>
				<total>0</total>
				<timestamp>6091.909876</timestamp>
			</report>
			<report>
				<misses>246500001</misses>
				<total>0</total>
				<timestamp>6094.383584</timestamp>
			</report>
			<report>
				<misses>246600001</misses>
				<total>0</total>
				<timestamp>6096.861206</timestamp>
			</report>
			<report>
				<misses>246700001</misses>
				<total>0</total>
				<timestamp>6099.335126</timestamp>
			</report>
			<report>
				<misses>246800001</misses>
				<total>0</total>
				<timestamp>6101.813357</timestamp>
			</report>
			<report>
				<misses>246900001</misses>
				<total>0</total>
				<timestamp>6104.277878</timestamp>
			</report>
			<report>
				<misses>247000001</misses>
				<total>0</total>
				<timestamp>6106.759240</timestamp>
			</report>
			<report>
				<misses>247100001</misses>
				<total>0</total>
				<timestamp>6109.232144</timestamp>
			</report>
			<report>
				<misses>247200001</misses>
				<total>0</total>
				<timestamp>6111.712629</timestamp>
			</report>
			<report>
				<misses>247300001</misses>
				<total>0</total>
				<timestamp>6114.187664</timestamp>
			</report>
			<report>
				<misses>247400001</misses>
				<total>0</total>
				<timestamp>6116.673145</timestamp>
			</report>
			<report>
				<misses>247500001</misses>
				<total>0</total>
				<timestamp>6119.152838</timestamp>
			</report>
			<report>
				<misses>247600001</misses>
				<total>0</total>
				<timestamp>6121.625122</timestamp>
			</report>
			<report>
				<misses>247700001</misses>
				<total>0</total>
				<timestamp>6124.111457</timestamp>
			</report>
			<report>
				<misses>247800001</misses>
				<total>0</total>
				<timestamp>6126.594907</timestamp>
			</report>
			<report>
				<misses>247900001</misses>
				<total>0</total>
				<timestamp>6129.065146</timestamp>
			</report>
			<report>
				<misses>248000001</misses>
				<total>0</total>
				<timestamp>6131.543248</timestamp>
			</report>
			<report>
				<misses>248100001</misses>
				<total>0</total>
				<timestamp>6134.025420</timestamp>
			</report>
			<report>
				<misses>248200001</misses>
				<total>0</total>
				<timestamp>6136.495399</timestamp>
			</report>
			<report>
				<misses>248300001</misses>
				<total>0</total>
				<timestamp>6138.967092</timestamp>
			</report>
			<report>
				<misses>248400001</misses>
				<total>0</total>
				<timestamp>6141.457004</timestamp>
			</report>
			<report>
				<misses>248500001</misses>
				<total>0</total>
				<timestamp>6143.937918</timestamp>
			</report>
			<report>
				<misses>248600001</misses>
				<total>0</total>
				<timestamp>6146.415905</timestamp>
			</report>
			<report>
				<misses>248700001</misses>
				<total>0</total>
				<timestamp>6148.893580</timestamp>
			</report>
			<report>
				<misses>248800001</misses>
				<total>0</total>
				<timestamp>6151.372746</timestamp>
			</report>
			<report>
				<misses>248900001</misses>
				<total>0</total>
				<timestamp>6153.840739</timestamp>
			</report>
			<report>
				<misses>249000001</misses>
				<total>0</total>
				<timestamp>6156.304422</timestamp>
			</report>
			<report>
				<misses>249100001</misses>
				<total>0</total>
				<timestamp>6158.779992</timestamp>
			</report>
			<report>
				<misses>249200001</misses>
				<total>0</total>
				<timestamp>6161.247790</timestamp>
			</report>
			<report>
				<misses>249300001</misses>
				<total>0</total>
				<timestamp>6163.722215</timestamp>
			</report>
			<report>
				<misses>249400001</misses>
				<total>0</total>
				<timestamp>6166.200831</timestamp>
			</report>
			<report>
				<misses>249500001</misses>
				<total>0</total>
				<timestamp>6168.679040</timestamp>
			</report>
			<report>
				<misses>249600001</misses>
				<total>0</total>
				<timestamp>6171.149937</timestamp>
			</report>
			<report>
				<misses>249700001</misses>
				<total>0</total>
				<timestamp>6173.616325</timestamp>
			</report>
			<report>
				<misses>249800001</misses>
				<total>0</total>
				<timestamp>6176.094351</timestamp>
			</report>
			<report>
				<misses>249900001</misses>
				<total>0</total>
				<timestamp>6178.575292</timestamp>
			</report>
			<report>
				<misses>250000001</misses>
				<total>0</total>
				<timestamp>6181.058578</timestamp>
			</report>
			<report>
				<misses>250100001</misses>
				<total>0</total>
				<timestamp>6183.540435</timestamp>
			</report>
			<report>
				<misses>250200001</misses>
				<total>0</total>
				<timestamp>6186.017731</timestamp>
			</report>
			<report>
				<misses>250300001</misses>
				<total>0</total>
				<timestamp>6188.492811</timestamp>
			</report>
			<report>
				<misses>250400001</misses>
				<total>0</total>
				<timestamp>6190.970271</timestamp>
			</report>
			<report>
				<misses>250500001</misses>
				<total>0</total>
				<timestamp>6193.455074</timestamp>
			</report>
			<report>
				<misses>250600001</misses>
				<total>0</total>
				<timestamp>6195.944074</timestamp>
			</report>
			<report>
				<misses>250700001</misses>
				<total>0</total>
				<timestamp>6198.420849</timestamp>
			</report>
			<report>
				<misses>250800001</misses>
				<total>0</total>
				<timestamp>6200.898523</timestamp>
			</report>
			<report>
				<misses>250900001</misses>
				<total>0</total>
				<timestamp>6203.372771</timestamp>
			</report>
			<report>
				<misses>251000001</misses>
				<total>0</total>
				<timestamp>6205.858728</timestamp>
			</report>
			<report>
				<misses>251100001</misses>
				<total>0</total>
				<timestamp>6208.336499</timestamp>
			</report>
			<report>
				<misses>251200001</misses>
				<total>0</total>
				<timestamp>6210.813413</timestamp>
			</report>
			<report>
				<misses>251300001</misses>
				<total>0</total>
				<timestamp>6213.292176</timestamp>
			</report>
			<report>
				<misses>251400001</misses>
				<total>0</total>
				<timestamp>6215.768571</timestamp>
			</report>
			<report>
				<misses>251500001</misses>
				<total>0</total>
				<timestamp>6218.241914</timestamp>
			</report>
			<report>
				<misses>251600001</misses>
				<total>0</total>
				<timestamp>6220.719125</timestamp>
			</report>
			<report>
				<misses>251700001</misses>
				<total>0</total>
				<timestamp>6223.196975</timestamp>
			</report>
			<report>
				<misses>251800001</misses>
				<total>0</total>
				<timestamp>6225.672357</timestamp>
			</report>
			<report>
				<misses>251900001</misses>
				<total>0</total>
				<timestamp>6228.147769</timestamp>
			</report>
			<report>
				<misses>252000001</misses>
				<total>0</total>
				<timestamp>6230.627914</timestamp>
			</report>
			<report>
				<misses>252100001</misses>
				<total>0</total>
				<timestamp>6233.099868</timestamp>
			</report>
			<report>
				<misses>252200001</misses>
				<total>0</total>
				<timestamp>6235.585856</timestamp>
			</report>
			<report>
				<misses>252300001</misses>
				<total>0</total>
				<timestamp>6238.062387</timestamp>
			</report>
			<report>
				<misses>252400001</misses>
				<total>0</total>
				<timestamp>6240.540638</timestamp>
			</report>
			<report>
				<misses>252500001</misses>
				<total>0</total>
				<timestamp>6243.025884</timestamp>
			</report>
			<report>
				<misses>252600001</misses>
				<total>0</total>
				<timestamp>6245.509822</timestamp>
			</report>
			<report>
				<misses>252700001</misses>
				<total>0</total>
				<timestamp>6247.993054</timestamp>
			</report>
			<report>
				<misses>252800001</misses>
				<total>0</total>
				<timestamp>6250.466161</timestamp>
			</report>
			<report>
				<misses>252900001</misses>
				<total>0</total>
				<timestamp>6252.956583</timestamp>
			</report>
			<report>
				<misses>253000001</misses>
				<total>0</total>
				<timestamp>6255.432630</timestamp>
			</report>
			<report>
				<misses>253100001</misses>
				<total>0</total>
				<timestamp>6257.907152</timestamp>
			</report>
			<report>
				<misses>253200001</misses>
				<total>0</total>
				<timestamp>6260.388853</timestamp>
			</report>
			<report>
				<misses>253300001</misses>
				<total>0</total>
				<timestamp>6262.874508</timestamp>
			</report>
			<report>
				<misses>253400001</misses>
				<total>0</total>
				<timestamp>6265.356537</timestamp>
			</report>
			<report>
				<misses>253500001</misses>
				<total>0</total>
				<timestamp>6267.832079</timestamp>
			</report>
			<report>
				<misses>253600001</misses>
				<total>0</total>
				<timestamp>6270.313308</timestamp>
			</report>
			<report>
				<misses>253700001</misses>
				<total>0</total>
				<timestamp>6272.793859</timestamp>
			</report>
			<report>
				<misses>253800001</misses>
				<total>0</total>
				<timestamp>6275.268652</timestamp>
			</report>
			<report>
				<misses>253900001</misses>
				<total>0</total>
				<timestamp>6277.739618</timestamp>
			</report>
			<report>
				<misses>254000001</misses>
				<total>0</total>
				<timestamp>6280.224354</timestamp>
			</report>
			<report>
				<misses>254100001</misses>
				<total>0</total>
				<timestamp>6282.701995</timestamp>
			</report>
			<report>
				<misses>254200001</misses>
				<total>0</total>
				<timestamp>6285.185004</timestamp>
			</report>
			<report>
				<misses>254300001</misses>
				<total>0</total>
				<timestamp>6287.667334</timestamp>
			</report>
			<report>
				<misses>254400001</misses>
				<total>0</total>
				<timestamp>6290.147453</timestamp>
			</report>
			<report>
				<misses>254500001</misses>
				<total>0</total>
				<timestamp>6292.624131</timestamp>
			</report>
			<report>
				<misses>254600001</misses>
				<total>0</total>
				<timestamp>6295.105984</timestamp>
			</report>
			<report>
				<misses>254700001</misses>
				<total>0</total>
				<timestamp>6297.581562</timestamp>
			</report>
			<report>
				<misses>254800001</misses>
				<total>0</total>
				<timestamp>6300.055776</timestamp>
			</report>
			<report>
				<misses>254900001</misses>
				<total>0</total>
				<timestamp>6302.539284</timestamp>
			</report>
			<report>
				<misses>255000001</misses>
				<total>0</total>
				<timestamp>6305.024208</timestamp>
			</report>
			<report>
				<misses>255100001</misses>
				<total>0</total>
				<timestamp>6307.512888</timestamp>
			</report>
			<report>
				<misses>255200001</misses>
				<total>0</total>
				<timestamp>6309.995679</timestamp>
			</report>
			<report>
				<misses>255300001</misses>
				<total>0</total>
				<timestamp>6312.471706</timestamp>
			</report>
			<report>
				<misses>255400001</misses>
				<total>0</total>
				<timestamp>6314.962902</timestamp>
			</report>
			<report>
				<misses>255500001</misses>
				<total>0</total>
				<timestamp>6317.440714</timestamp>
			</report>
			<report>
				<misses>255600001</misses>
				<total>0</total>
				<timestamp>6319.923677</timestamp>
			</report>
			<report>
				<misses>255700001</misses>
				<total>0</total>
				<timestamp>6322.413940</timestamp>
			</report>
			<report>
				<misses>255800001</misses>
				<total>0</total>
				<timestamp>6324.894899</timestamp>
			</report>
			<report>
				<misses>255900001</misses>
				<total>0</total>
				<timestamp>6327.379016</timestamp>
			</report>
			<report>
				<misses>256000001</misses>
				<total>0</total>
				<timestamp>6329.864065</timestamp>
			</report>
			<report>
				<misses>256100001</misses>
				<total>0</total>
				<timestamp>6332.350776</timestamp>
			</report>
			<report>
				<misses>256200001</misses>
				<total>0</total>
				<timestamp>6334.836791</timestamp>
			</report>
			<report>
				<misses>256300001</misses>
				<total>0</total>
				<timestamp>6337.319949</timestamp>
			</report>
			<report>
				<misses>256400001</misses>
				<total>0</total>
				<timestamp>6339.805688</timestamp>
			</report>
			<report>
				<misses>256500001</misses>
				<total>0</total>
				<timestamp>6342.286397</timestamp>
			</report>
			<report>
				<misses>256600001</misses>
				<total>0</total>
				<timestamp>6344.769148</timestamp>
			</report>
			<report>
				<misses>256700001</misses>
				<total>0</total>
				<timestamp>6347.260770</timestamp>
			</report>
			<report>
				<misses>256800001</misses>
				<total>0</total>
				<timestamp>6349.758395</timestamp>
			</report>
			<report>
				<misses>256900001</misses>
				<total>0</total>
				<timestamp>6352.245821</timestamp>
			</report>
			<report>
				<misses>257000001</misses>
				<total>0</total>
				<timestamp>6354.734863</timestamp>
			</report>
			<report>
				<misses>257100001</misses>
				<total>0</total>
				<timestamp>6357.219561</timestamp>
			</report>
			<report>
				<misses>257200001</misses>
				<total>0</total>
				<timestamp>6359.702865</timestamp>
			</report>
			<report>
				<misses>257300001</misses>
				<total>0</total>
				<timestamp>6362.186966</timestamp>
			</report>
			<report>
				<misses>257400001</misses>
				<total>0</total>
				<timestamp>6364.676418</timestamp>
			</report>
			<report>
				<misses>257500001</misses>
				<total>0</total>
				<timestamp>6367.165423</timestamp>
			</report>
			<report>
				<misses>257600001</misses>
				<total>0</total>
				<timestamp>6369.656961</timestamp>
			</report>
			<report>
				<misses>257700001</misses>
				<total>0</total>
				<timestamp>6372.150773</timestamp>
			</report>
			<report>
				<misses>257800001</misses>
				<total>0</total>
				<timestamp>6374.638314</timestamp>
			</report>
			<report>
				<misses>257900001</misses>
				<total>0</total>
				<timestamp>6377.116095</timestamp>
			</report>
			<report>
				<misses>258000001</misses>
				<total>0</total>
				<timestamp>6379.589201</timestamp>
			</report>
			<report>
				<misses>258100001</misses>
				<total>0</total>
				<timestamp>6382.060178</timestamp>
			</report>
			<report>
				<misses>258200001</misses>
				<total>0</total>
				<timestamp>6384.547878</timestamp>
			</report>
			<report>
				<misses>258300001</misses>
				<total>0</total>
				<timestamp>6387.022029</timestamp>
			</report>
			<report>
				<misses>258400001</misses>
				<total>0</total>
				<timestamp>6389.489615</timestamp>
			</report>
			<report>
				<misses>258500001</misses>
				<total>0</total>
				<timestamp>6391.962280</timestamp>
			</report>
			<report>
				<misses>258600001</misses>
				<total>0</total>
				<timestamp>6394.431897</timestamp>
			</report>
			<report>
				<misses>258700001</misses>
				<total>0</total>
				<timestamp>6396.914167</timestamp>
			</report>
			<report>
				<misses>258800001</misses>
				<total>0</total>
				<timestamp>6399.402476</timestamp>
			</report>
			<report>
				<misses>258900001</misses>
				<total>0</total>
				<timestamp>6401.888145</timestamp>
			</report>
			<report>
				<misses>259000001</misses>
				<total>0</total>
				<timestamp>6404.366673</timestamp>
			</report>
			<report>
				<misses>259100001</misses>
				<total>0</total>
				<timestamp>6406.842547</timestamp>
			</report>
			<report>
				<misses>259200001</misses>
				<total>0</total>
				<timestamp>6409.316235</timestamp>
			</report>
			<report>
				<misses>259300001</misses>
				<total>0</total>
				<timestamp>6411.785847</timestamp>
			</report>
			<report>
				<misses>259400001</misses>
				<total>0</total>
				<timestamp>6414.261650</timestamp>
			</report>
			<report>
				<misses>259500001</misses>
				<total>0</total>
				<timestamp>6416.741088</timestamp>
			</report>
			<report>
				<misses>259600001</misses>
				<total>0</total>
				<timestamp>6419.211341</timestamp>
			</report>
			<report>
				<misses>259700001</misses>
				<total>0</total>
				<timestamp>6421.689564</timestamp>
			</report>
			<report>
				<misses>259800001</misses>
				<total>0</total>
				<timestamp>6424.177488</timestamp>
			</report>
			<report>
				<misses>259900001</misses>
				<total>0</total>
				<timestamp>6426.668652</timestamp>
			</report>
			<report>
				<misses>260000001</misses>
				<total>0</total>
				<timestamp>6429.149817</timestamp>
			</report>
			<report>
				<misses>260100001</misses>
				<total>0</total>
				<timestamp>6431.626667</timestamp>
			</report>
			<report>
				<misses>260200001</misses>
				<total>0</total>
				<timestamp>6434.097005</timestamp>
			</report>
			<report>
				<misses>260300001</misses>
				<total>0</total>
				<timestamp>6436.568737</timestamp>
			</report>
			<report>
				<misses>260400001</misses>
				<total>0</total>
				<timestamp>6439.038820</timestamp>
			</report>
			<report>
				<misses>260500001</misses>
				<total>0</total>
				<timestamp>6441.520357</timestamp>
			</report>
			<report>
				<misses>260600001</misses>
				<total>0</total>
				<timestamp>6444.003560</timestamp>
			</report>
			<report>
				<misses>260700001</misses>
				<total>0</total>
				<timestamp>6446.473952</timestamp>
			</report>
			<report>
				<misses>260800001</misses>
				<total>0</total>
				<timestamp>6448.956472</timestamp>
			</report>
			<report>
				<misses>260900001</misses>
				<total>0</total>
				<timestamp>6451.427495</timestamp>
			</report>
			<report>
				<misses>261000001</misses>
				<total>0</total>
				<timestamp>6453.905102</timestamp>
			</report>
			<report>
				<misses>261100001</misses>
				<total>0</total>
				<timestamp>6456.384824</timestamp>
			</report>
			<report>
				<misses>261200001</misses>
				<total>0</total>
				<timestamp>6458.859674</timestamp>
			</report>
			<report>
				<misses>261300001</misses>
				<total>0</total>
				<timestamp>6461.342223</timestamp>
			</report>
			<report>
				<misses>261400001</misses>
				<total>0</total>
				<timestamp>6463.812947</timestamp>
			</report>
			<report>
				<misses>261500001</misses>
				<total>0</total>
				<timestamp>6466.288672</timestamp>
			</report>
			<report>
				<misses>261600001</misses>
				<total>0</total>
				<timestamp>6468.764243</timestamp>
			</report>
			<report>
				<misses>261700001</misses>
				<total>0</total>
				<timestamp>6471.245528</timestamp>
			</report>
			<report>
				<misses>261800001</misses>
				<total>0</total>
				<timestamp>6473.725723</timestamp>
			</report>
			<report>
				<misses>261900001</misses>
				<total>0</total>
				<timestamp>6476.201978</timestamp>
			</report>
			<report>
				<misses>262000001</misses>
				<total>0</total>
				<timestamp>6478.677575</timestamp>
			</report>
			<report>
				<misses>262100001</misses>
				<total>0</total>
				<timestamp>6481.153602</timestamp>
			</report>
			<report>
				<misses>262200001</misses>
				<total>0</total>
				<timestamp>6483.633793</timestamp>
			</report>
			<report>
				<misses>262300001</misses>
				<total>0</total>
				<timestamp>6486.125717</timestamp>
			</report>
			<report>
				<misses>262400001</misses>
				<total>0</total>
				<timestamp>6488.611827</timestamp>
			</report>
			<report>
				<misses>262500001</misses>
				<total>0</total>
				<timestamp>6491.087356</timestamp>
			</report>
			<report>
				<misses>262600001</misses>
				<total>0</total>
				<timestamp>6493.575071</timestamp>
			</report>
			<report>
				<misses>262700001</misses>
				<total>0</total>
				<timestamp>6496.047775</timestamp>
			</report>
			<report>
				<misses>262800001</misses>
				<total>0</total>
				<timestamp>6498.524728</timestamp>
			</report>
			<report>
				<misses>262900001</misses>
				<total>0</total>
				<timestamp>6501.001442</timestamp>
			</report>
			<report>
				<misses>263000001</misses>
				<total>0</total>
				<timestamp>6503.475538</timestamp>
			</report>
			<report>
				<misses>263100001</misses>
				<total>0</total>
				<timestamp>6505.953747</timestamp>
			</report>
			<report>
				<misses>263200001</misses>
				<total>0</total>
				<timestamp>6508.433582</timestamp>
			</report>
			<report>
				<misses>263300001</misses>
				<total>0</total>
				<timestamp>6510.906321</timestamp>
			</report>
			<report>
				<misses>263400001</misses>
				<total>0</total>
				<timestamp>6513.375408</timestamp>
			</report>
			<report>
				<misses>263500001</misses>
				<total>0</total>
				<timestamp>6515.849603</timestamp>
			</report>
			<report>
				<misses>263600001</misses>
				<total>0</total>
				<timestamp>6518.323289</timestamp>
			</report>
			<report>
				<misses>263700001</misses>
				<total>0</total>
				<timestamp>6520.800021</timestamp>
			</report>
			<report>
				<misses>263800001</misses>
				<total>0</total>
				<timestamp>6523.278793</timestamp>
			</report>
			<report>
				<misses>263900001</misses>
				<total>0</total>
				<timestamp>6525.760517</timestamp>
			</report>
			<report>
				<misses>264000001</misses>
				<total>0</total>
				<timestamp>6528.236960</timestamp>
			</report>
			<report>
				<misses>264100001</misses>
				<total>0</total>
				<timestamp>6530.718406</timestamp>
			</report>
			<report>
				<misses>264200001</misses>
				<total>0</total>
				<timestamp>6533.193465</timestamp>
			</report>
			<report>
				<misses>264300001</misses>
				<total>0</total>
				<timestamp>6535.669596</timestamp>
			</report>
			<report>
				<misses>264400001</misses>
				<total>0</total>
				<timestamp>6538.144000</timestamp>
			</report>
			<report>
				<misses>264500001</misses>
				<total>0</total>
				<timestamp>6540.620309</timestamp>
			</report>
			<report>
				<misses>264600001</misses>
				<total>0</total>
				<timestamp>6543.094704</timestamp>
			</report>
			<report>
				<misses>264700001</misses>
				<total>0</total>
				<timestamp>6545.580455</timestamp>
			</report>
			<report>
				<misses>264800001</misses>
				<total>0</total>
				<timestamp>6548.058930</timestamp>
			</report>
			<report>
				<misses>264900001</misses>
				<total>0</total>
				<timestamp>6550.542983</timestamp>
			</report>
			<report>
				<misses>265000001</misses>
				<total>0</total>
				<timestamp>6553.025412</timestamp>
			</report>
			<report>
				<misses>265100001</misses>
				<total>0</total>
				<timestamp>6555.500763</timestamp>
			</report>
			<report>
				<misses>265200001</misses>
				<total>0</total>
				<timestamp>6557.976964</timestamp>
			</report>
			<report>
				<misses>265300001</misses>
				<total>0</total>
				<timestamp>6560.456233</timestamp>
			</report>
			<report>
				<misses>265400001</misses>
				<total>0</total>
				<timestamp>6562.922011</timestamp>
			</report>
			<report>
				<misses>265500001</misses>
				<total>0</total>
				<timestamp>6565.394549</timestamp>
			</report>
			<report>
				<misses>265600001</misses>
				<total>0</total>
				<timestamp>6567.866337</timestamp>
			</report>
			<report>
				<misses>265700001</misses>
				<total>0</total>
				<timestamp>6570.353517</timestamp>
			</report>
			<report>
				<misses>265800001</misses>
				<total>0</total>
				<timestamp>6572.848225</timestamp>
			</report>
			<report>
				<misses>265900001</misses>
				<total>0</total>
				<timestamp>6575.331950</timestamp>
			</report>
			<report>
				<misses>266000001</misses>
				<total>0</total>
				<timestamp>6577.811363</timestamp>
			</report>
			<report>
				<misses>266100001</misses>
				<total>0</total>
				<timestamp>6580.290252</timestamp>
			</report>
			<report>
				<misses>266200001</misses>
				<total>0</total>
				<timestamp>6582.761347</timestamp>
			</report>
			<report>
				<misses>266300001</misses>
				<total>0</total>
				<timestamp>6585.244605</timestamp>
			</report>
			<report>
				<misses>266400001</misses>
				<total>0</total>
				<timestamp>6587.729644</timestamp>
			</report>
			<report>
				<misses>266500001</misses>
				<total>0</total>
				<timestamp>6590.200734</timestamp>
			</report>
			<report>
				<misses>266600001</misses>
				<total>0</total>
				<timestamp>6592.680766</timestamp>
			</report>
			<report>
				<misses>266700001</misses>
				<total>0</total>
				<timestamp>6595.148194</timestamp>
			</report>
			<report>
				<misses>266800001</misses>
				<total>0</total>
				<timestamp>6597.622246</timestamp>
			</report>
			<report>
				<misses>266900001</misses>
				<total>0</total>
				<timestamp>6600.092542</timestamp>
			</report>
			<report>
				<misses>267000001</misses>
				<total>0</total>
				<timestamp>6602.569974</timestamp>
			</report>
			<report>
				<misses>267100001</misses>
				<total>0</total>
				<timestamp>6605.048363</timestamp>
			</report>
			<report>
				<misses>267200001</misses>
				<total>0</total>
				<timestamp>6607.530123</timestamp>
			</report>
			<report>
				<misses>267300001</misses>
				<total>0</total>
				<timestamp>6610.011188</timestamp>
			</report>
			<report>
				<misses>267400001</misses>
				<total>0</total>
				<timestamp>6612.488611</timestamp>
			</report>
			<report>
				<misses>267500001</misses>
				<total>0</total>
				<timestamp>6614.962039</timestamp>
			</report>
			<report>
				<misses>267600001</misses>
				<total>0</total>
				<timestamp>6617.447718</timestamp>
			</report>
			<report>
				<misses>267700001</misses>
				<total>0</total>
				<timestamp>6619.932055</timestamp>
			</report>
			<report>
				<misses>267800001</misses>
				<total>0</total>
				<timestamp>6622.420646</timestamp>
			</report>
			<report>
				<misses>267900001</misses>
				<total>0</total>
				<timestamp>6624.896725</timestamp>
			</report>
			<report>
				<misses>268000001</misses>
				<total>0</total>
				<timestamp>6627.374128</timestamp>
			</report>
			<report>
				<misses>268100001</misses>
				<total>0</total>
				<timestamp>6629.848583</timestamp>
			</report>
			<report>
				<misses>268200001</misses>
				<total>0</total>
				<timestamp>6632.309711</timestamp>
			</report>
			<report>
				<misses>268300001</misses>
				<total>0</total>
				<timestamp>6634.773524</timestamp>
			</report>
			<report>
				<misses>268400001</misses>
				<total>0</total>
				<timestamp>6637.254707</timestamp>
			</report>
			<report>
				<misses>268500001</misses>
				<total>0</total>
				<timestamp>6639.740126</timestamp>
			</report>
			<report>
				<misses>268600001</misses>
				<total>0</total>
				<timestamp>6642.224781</timestamp>
			</report>
			<report>
				<misses>268700001</misses>
				<total>0</total>
				<timestamp>6644.714663</timestamp>
			</report>
			<report>
				<misses>268800001</misses>
				<total>0</total>
				<timestamp>6647.197635</timestamp>
			</report>
			<report>
				<misses>268900001</misses>
				<total>0</total>
				<timestamp>6649.677765</timestamp>
			</report>
			<report>
				<misses>269000001</misses>
				<total>0</total>
				<timestamp>6652.161015</timestamp>
			</report>
			<report>
				<misses>269100001</misses>
				<total>0</total>
				<timestamp>6654.631612</timestamp>
			</report>
			<report>
				<misses>269200001</misses>
				<total>0</total>
				<timestamp>6657.108632</timestamp>
			</report>
			<report>
				<misses>269300001</misses>
				<total>0</total>
				<timestamp>6659.596664</timestamp>
			</report>
			<report>
				<misses>269400001</misses>
				<total>0</total>
				<timestamp>6662.084525</timestamp>
			</report>
			<report>
				<misses>269500001</misses>
				<total>0</total>
				<timestamp>6664.576355</timestamp>
			</report>
			<report>
				<misses>269600001</misses>
				<total>0</total>
				<timestamp>6667.070861</timestamp>
			</report>
			<report>
				<misses>269700001</misses>
				<total>0</total>
				<timestamp>6669.564590</timestamp>
			</report>
			<report>
				<misses>269800001</misses>
				<total>0</total>
				<timestamp>6672.054121</timestamp>
			</report>
			<report>
				<misses>269900001</misses>
				<total>0</total>
				<timestamp>6674.524254</timestamp>
			</report>
			<report>
				<misses>270000001</misses>
				<total>0</total>
				<timestamp>6677.001285</timestamp>
			</report>
			<report>
				<misses>270100001</misses>
				<total>0</total>
				<timestamp>6679.481028</timestamp>
			</report>
			<report>
				<misses>270200001</misses>
				<total>0</total>
				<timestamp>6681.956574</timestamp>
			</report>
			<report>
				<misses>270300001</misses>
				<total>0</total>
				<timestamp>6684.434108</timestamp>
			</report>
			<report>
				<misses>270400001</misses>
				<total>0</total>
				<timestamp>6686.914090</timestamp>
			</report>
			<report>
				<misses>270500001</misses>
				<total>0</total>
				<timestamp>6689.388833</timestamp>
			</report>
			<report>
				<misses>270600001</misses>
				<total>0</total>
				<timestamp>6691.864559</timestamp>
			</report>
			<report>
				<misses>270700001</misses>
				<total>0</total>
				<timestamp>6694.347773</timestamp>
			</report>
			<report>
				<misses>270800001</misses>
				<total>0</total>
				<timestamp>6696.820747</timestamp>
			</report>
			<report>
				<misses>270900001</misses>
				<total>0</total>
				<timestamp>6699.304293</timestamp>
			</report>
			<report>
				<misses>271000001</misses>
				<total>0</total>
				<timestamp>6701.784254</timestamp>
			</report>
			<report>
				<misses>271100001</misses>
				<total>0</total>
				<timestamp>6704.265326</timestamp>
			</report>
			<report>
				<misses>271200001</misses>
				<total>0</total>
				<timestamp>6706.738604</timestamp>
			</report>
			<report>
				<misses>271300001</misses>
				<total>0</total>
				<timestamp>6709.218533</timestamp>
			</report>
			<report>
				<misses>271400001</misses>
				<total>0</total>
				<timestamp>6711.695871</timestamp>
			</report>
			<report>
				<misses>271500001</misses>
				<total>0</total>
				<timestamp>6714.176304</timestamp>
			</report>
			<report>
				<misses>271600001</misses>
				<total>0</total>
				<timestamp>6716.653023</timestamp>
			</report>
			<report>
				<misses>271700001</misses>
				<total>0</total>
				<timestamp>6719.145618</timestamp>
			</report>
			<report>
				<misses>271800001</misses>
				<total>0</total>
				<timestamp>6721.645106</timestamp>
			</report>
			<report>
				<misses>271900001</misses>
				<total>0</total>
				<timestamp>6724.135139</timestamp>
			</report>
			<report>
				<misses>272000001</misses>
				<total>0</total>
				<timestamp>6726.632361</timestamp>
			</report>
			<report>
				<misses>272100001</misses>
				<total>0</total>
				<timestamp>6729.127286</timestamp>
			</report>
			<report>
				<misses>272200001</misses>
				<total>0</total>
				<timestamp>6731.620093</timestamp>
			</report>
			<report>
				<misses>272300001</misses>
				<total>0</total>
				<timestamp>6734.094198</timestamp>
			</report>
			<report>
				<misses>272400001</misses>
				<total>0</total>
				<timestamp>6736.567270</timestamp>
			</report>
			<report>
				<misses>272500001</misses>
				<total>0</total>
				<timestamp>6739.034675</timestamp>
			</report>
			<report>
				<misses>272600001</misses>
				<total>0</total>
				<timestamp>6741.506924</timestamp>
			</report>
			<report>
				<misses>272700001</misses>
				<total>0</total>
				<timestamp>6743.989818</timestamp>
			</report>
			<report>
				<misses>272800001</misses>
				<total>0</total>
				<timestamp>6746.460839</timestamp>
			</report>
			<report>
				<misses>272900001</misses>
				<total>0</total>
				<timestamp>6748.934150</timestamp>
			</report>
			<report>
				<misses>273000001</misses>
				<total>0</total>
				<timestamp>6751.409727</timestamp>
			</report>
			<report>
				<misses>273100001</misses>
				<total>0</total>
				<timestamp>6753.875942</timestamp>
			</report>
			<report>
				<misses>273200001</misses>
				<total>0</total>
				<timestamp>6756.349447</timestamp>
			</report>
			<report>
				<misses>273300001</misses>
				<total>0</total>
				<timestamp>6758.817416</timestamp>
			</report>
			<report>
				<misses>273400001</misses>
				<total>0</total>
				<timestamp>6761.287178</timestamp>
			</report>
			<report>
				<misses>273500001</misses>
				<total>0</total>
				<timestamp>6763.753702</timestamp>
			</report>
			<report>
				<misses>273600001</misses>
				<total>0</total>
				<timestamp>6766.240264</timestamp>
			</report>
			<report>
				<misses>273700001</misses>
				<total>0</total>
				<timestamp>6768.720605</timestamp>
			</report>
			<report>
				<misses>273800001</misses>
				<total>0</total>
				<timestamp>6771.194044</timestamp>
			</report>
			<report>
				<misses>273900001</misses>
				<total>0</total>
				<timestamp>6773.661733</timestamp>
			</report>
			<report>
				<misses>274000001</misses>
				<total>0</total>
				<timestamp>6776.136969</timestamp>
			</report>
			<report>
				<misses>274100001</misses>
				<total>0</total>
				<timestamp>6778.609548</timestamp>
			</report>
			<report>
				<misses>274200001</misses>
				<total>0</total>
				<timestamp>6781.089415</timestamp>
			</report>
			<report>
				<misses>274300001</misses>
				<total>0</total>
				<timestamp>6783.572588</timestamp>
			</report>
			<report>
				<misses>274400001</misses>
				<total>0</total>
				<timestamp>6786.058082</timestamp>
			</report>
			<report>
				<misses>274500001</misses>
				<total>0</total>
				<timestamp>6788.540295</timestamp>
			</report>
			<report>
				<misses>274600001</misses>
				<total>0</total>
				<timestamp>6791.011599</timestamp>
			</report>
			<report>
				<misses>274700001</misses>
				<total>0</total>
				<timestamp>6793.489119</timestamp>
			</report>
			<report>
				<misses>274800001</misses>
				<total>0</total>
				<timestamp>6795.971490</timestamp>
			</report>
			<report>
				<misses>274900001</misses>
				<total>0</total>
				<timestamp>6798.455150</timestamp>
			</report>
			<report>
				<misses>275000001</misses>
				<total>0</total>
				<timestamp>6800.937385</timestamp>
			</report>
			<report>
				<misses>275100001</misses>
				<total>0</total>
				<timestamp>6803.408047</timestamp>
			</report>
			<report>
				<misses>275200001</misses>
				<total>0</total>
				<timestamp>6805.879479</timestamp>
			</report>
			<report>
				<misses>275300001</misses>
				<total>0</total>
				<timestamp>6808.365904</timestamp>
			</report>
			<report>
				<misses>275400001</misses>
				<total>0</total>
				<timestamp>6810.835551</timestamp>
			</report>
			<report>
				<misses>275500001</misses>
				<total>0</total>
				<timestamp>6813.305025</timestamp>
			</report>
			<report>
				<misses>275600001</misses>
				<total>0</total>
				<timestamp>6815.775949</timestamp>
			</report>
			<report>
				<misses>275700001</misses>
				<total>0</total>
				<timestamp>6818.256714</timestamp>
			</report>
			<report>
				<misses>275800001</misses>
				<total>0</total>
				<timestamp>6820.725651</timestamp>
			</report>
			<report>
				<misses>275900001</misses>
				<total>0</total>
				<timestamp>6823.204359</timestamp>
			</report>
			<report>
				<misses>276000001</misses>
				<total>0</total>
				<timestamp>6825.687374</timestamp>
			</report>
			<report>
				<misses>276100001</misses>
				<total>0</total>
				<timestamp>6828.170531</timestamp>
			</report>
			<report>
				<misses>276200001</misses>
				<total>0</total>
				<timestamp>6830.641464</timestamp>
			</report>
			<report>
				<misses>276300001</misses>
				<total>0</total>
				<timestamp>6833.119197</timestamp>
			</report>
			<report>
				<misses>276400001</misses>
				<total>0</total>
				<timestamp>6835.599307</timestamp>
			</report>
			<report>
				<misses>276500001</misses>
				<total>0</total>
				<timestamp>6838.076184</timestamp>
			</report>
			<report>
				<misses>276600001</misses>
				<total>0</total>
				<timestamp>6840.559856</timestamp>
			</report>
			<report>
				<misses>276700001</misses>
				<total>0</total>
				<timestamp>6843.035925</timestamp>
			</report>
			<report>
				<misses>276800001</misses>
				<total>0</total>
				<timestamp>6845.520846</timestamp>
			</report>
			<report>
				<misses>276900001</misses>
				<total>0</total>
				<timestamp>6848.013531</timestamp>
			</report>
			<report>
				<misses>277000001</misses>
				<total>0</total>
				<timestamp>6850.498160</timestamp>
			</report>
			<report>
				<misses>277100001</misses>
				<total>0</total>
				<timestamp>6852.990851</timestamp>
			</report>
			<report>
				<misses>277200001</misses>
				<total>0</total>
				<timestamp>6855.467214</timestamp>
			</report>
			<report>
				<misses>277300001</misses>
				<total>0</total>
				<timestamp>6857.948612</timestamp>
			</report>
			<report>
				<misses>277400001</misses>
				<total>0</total>
				<timestamp>6860.423310</timestamp>
			</report>
			<report>
				<misses>277500001</misses>
				<total>0</total>
				<timestamp>6862.904551</timestamp>
			</report>
			<report>
				<misses>277600001</misses>
				<total>0</total>
				<timestamp>6865.383485</timestamp>
			</report>
			<report>
				<misses>277700001</misses>
				<total>0</total>
				<timestamp>6867.856705</timestamp>
			</report>
			<report>
				<misses>277800001</misses>
				<total>0</total>
				<timestamp>6870.331623</timestamp>
			</report>
			<report>
				<misses>277900001</misses>
				<total>0</total>
				<timestamp>6872.812903</timestamp>
			</report>
			<report>
				<misses>278000001</misses>
				<total>0</total>
				<timestamp>6875.297701</timestamp>
			</report>
			<report>
				<misses>278100001</misses>
				<total>0</total>
				<timestamp>6877.780281</timestamp>
			</report>
			<report>
				<misses>278200001</misses>
				<total>0</total>
				<timestamp>6880.271862</timestamp>
			</report>
			<report>
				<misses>278300001</misses>
				<total>0</total>
				<timestamp>6882.751492</timestamp>
			</report>
			<report>
				<misses>278400001</misses>
				<total>0</total>
				<timestamp>6885.228685</timestamp>
			</report>
			<report>
				<misses>278500001</misses>
				<total>0</total>
				<timestamp>6887.699690</timestamp>
			</report>
			<report>
				<misses>278600001</misses>
				<total>0</total>
				<timestamp>6890.182761</timestamp>
			</report>
			<report>
				<misses>278700001</misses>
				<total>0</total>
				<timestamp>6892.664044</timestamp>
			</report>
			<report>
				<misses>278800001</misses>
				<total>0</total>
				<timestamp>6895.137988</timestamp>
			</report>
			<report>
				<misses>278900001</misses>
				<total>0</total>
				<timestamp>6897.617542</timestamp>
			</report>
			<report>
				<misses>279000001</misses>
				<total>0</total>
				<timestamp>6900.103412</timestamp>
			</report>
			<report>
				<misses>279100001</misses>
				<total>0</total>
				<timestamp>6902.583586</timestamp>
			</report>
			<report>
				<misses>279200001</misses>
				<total>0</total>
				<timestamp>6905.064843</timestamp>
			</report>
			<report>
				<misses>279300001</misses>
				<total>0</total>
				<timestamp>6907.555331</timestamp>
			</report>
			<report>
				<misses>279400001</misses>
				<total>0</total>
				<timestamp>6910.063910</timestamp>
			</report>
			<report>
				<misses>279500001</misses>
				<total>0</total>
				<timestamp>6912.554498</timestamp>
			</report>
			<report>
				<misses>279600001</misses>
				<total>0</total>
				<timestamp>6915.034432</timestamp>
			</report>
			<report>
				<misses>279700001</misses>
				<total>0</total>
				<timestamp>6917.509487</timestamp>
			</report>
			<report>
				<misses>279800001</misses>
				<total>0</total>
				<timestamp>6919.989460</timestamp>
			</report>
			<report>
				<misses>279900001</misses>
				<total>0</total>
				<timestamp>6922.463439</timestamp>
			</report>
			<report>
				<misses>280000001</misses>
				<total>0</total>
				<timestamp>6924.949483</timestamp>
			</report>
			<report>
				<misses>280100001</misses>
				<total>0</total>
				<timestamp>6927.423923</timestamp>
			</report>
			<report>
				<misses>280200001</misses>
				<total>0</total>
				<timestamp>6929.899008</timestamp>
			</report>
			<report>
				<misses>280300001</misses>
				<total>0</total>
				<timestamp>6932.383113</timestamp>
			</report>
			<report>
				<misses>280400001</misses>
				<total>0</total>
				<timestamp>6934.869456</timestamp>
			</report>
			<report>
				<misses>280500001</misses>
				<total>0</total>
				<timestamp>6937.354938</timestamp>
			</report>
			<report>
				<misses>280600001</misses>
				<total>0</total>
				<timestamp>6939.845014</timestamp>
			</report>
			<report>
				<misses>280700001</misses>
				<total>0</total>
				<timestamp>6942.326422</timestamp>
			</report>
			<report>
				<misses>280800001</misses>
				<total>0</total>
				<timestamp>6944.812470</timestamp>
			</report>
			<report>
				<misses>280900001</misses>
				<total>0</total>
				<timestamp>6947.297948</timestamp>
			</report>
			<report>
				<misses>281000001</misses>
				<total>0</total>
				<timestamp>6949.777485</timestamp>
			</report>
			<report>
				<misses>281100001</misses>
				<total>0</total>
				<timestamp>6952.259055</timestamp>
			</report>
			<report>
				<misses>281200001</misses>
				<total>0</total>
				<timestamp>6954.737772</timestamp>
			</report>
			<report>
				<misses>281300001</misses>
				<total>0</total>
				<timestamp>6957.212032</timestamp>
			</report>
			<report>
				<misses>281400001</misses>
				<total>0</total>
				<timestamp>6959.698400</timestamp>
			</report>
			<report>
				<misses>281500001</misses>
				<total>0</total>
				<timestamp>6962.179020</timestamp>
			</report>
			<report>
				<misses>281600001</misses>
				<total>0</total>
				<timestamp>6964.658947</timestamp>
			</report>
			<report>
				<misses>281700001</misses>
				<total>0</total>
				<timestamp>6967.142008</timestamp>
			</report>
			<report>
				<misses>281800001</misses>
				<total>0</total>
				<timestamp>6969.625523</timestamp>
			</report>
			<report>
				<misses>281900001</misses>
				<total>0</total>
				<timestamp>6972.111114</timestamp>
			</report>
			<report>
				<misses>282000001</misses>
				<total>0</total>
				<timestamp>6974.595487</timestamp>
			</report>
			<report>
				<misses>282100001</misses>
				<total>0</total>
				<timestamp>6977.072100</timestamp>
			</report>
			<report>
				<misses>282200001</misses>
				<total>0</total>
				<timestamp>6979.539501</timestamp>
			</report>
			<report>
				<misses>282300001</misses>
				<total>0</total>
				<timestamp>6982.018365</timestamp>
			</report>
			<report>
				<misses>282400001</misses>
				<total>0</total>
				<timestamp>6984.489645</timestamp>
			</report>
			<report>
				<misses>282500001</misses>
				<total>0</total>
				<timestamp>6986.960938</timestamp>
			</report>
			<report>
				<misses>282600001</misses>
				<total>0</total>
				<timestamp>6989.439848</timestamp>
			</report>
			<report>
				<misses>282700001</misses>
				<total>0</total>
				<timestamp>6991.919710</timestamp>
			</report>
			<report>
				<misses>282800001</misses>
				<total>0</total>
				<timestamp>6994.405506</timestamp>
			</report>
			<report>
				<misses>282900001</misses>
				<total>0</total>
				<timestamp>6996.878952</timestamp>
			</report>
			<report>
				<misses>283000001</misses>
				<total>0</total>
				<timestamp>6999.358479</timestamp>
			</report>
			<report>
				<misses>283100001</misses>
				<total>0</total>
				<timestamp>7001.832156</timestamp>
			</report>
			<report>
				<misses>283200001</misses>
				<total>0</total>
				<timestamp>7004.304770</timestamp>
			</report>
			<report>
				<misses>283300001</misses>
				<total>0</total>
				<timestamp>7006.777310</timestamp>
			</report>
			<report>
				<misses>283400001</misses>
				<total>0</total>
				<timestamp>7009.252575</timestamp>
			</report>
			<report>
				<misses>283500001</misses>
				<total>0</total>
				<timestamp>7011.732163</timestamp>
			</report>
			<report>
				<misses>283600001</misses>
				<total>0</total>
				<timestamp>7014.209828</timestamp>
			</report>
			<report>
				<misses>283700001</misses>
				<total>0</total>
				<timestamp>7016.680330</timestamp>
			</report>
			<report>
				<misses>283800001</misses>
				<total>0</total>
				<timestamp>7019.157524</timestamp>
			</report>
			<report>
				<misses>283900001</misses>
				<total>0</total>
				<timestamp>7021.635633</timestamp>
			</report>
			<report>
				<misses>284000001</misses>
				<total>0</total>
				<timestamp>7024.116434</timestamp>
			</report>
			<report>
				<misses>284100001</misses>
				<total>0</total>
				<timestamp>7026.596209</timestamp>
			</report>
			<report>
				<misses>284200001</misses>
				<total>0</total>
				<timestamp>7029.087191</timestamp>
			</report>
			<report>
				<misses>284300001</misses>
				<total>0</total>
				<timestamp>7031.566483</timestamp>
			</report>
			<report>
				<misses>284400001</misses>
				<total>0</total>
				<timestamp>7034.040664</timestamp>
			</report>
			<report>
				<misses>284500001</misses>
				<total>0</total>
				<timestamp>7036.512788</timestamp>
			</report>
			<report>
				<misses>284600001</misses>
				<total>0</total>
				<timestamp>7038.981807</timestamp>
			</report>
			<report>
				<misses>284700001</misses>
				<total>0</total>
				<timestamp>7041.467308</timestamp>
			</report>
			<report>
				<misses>284800001</misses>
				<total>0</total>
				<timestamp>7043.946069</timestamp>
			</report>
			<report>
				<misses>284900001</misses>
				<total>0</total>
				<timestamp>7046.426215</timestamp>
			</report>
			<report>
				<misses>285000001</misses>
				<total>0</total>
				<timestamp>7048.904833</timestamp>
			</report>
			<report>
				<misses>285100001</misses>
				<total>0</total>
				<timestamp>7051.387168</timestamp>
			</report>
			<report>
				<misses>285200001</misses>
				<total>0</total>
				<timestamp>7053.862457</timestamp>
			</report>
			<report>
				<misses>285300001</misses>
				<total>0</total>
				<timestamp>7056.345770</timestamp>
			</report>
			<report>
				<misses>285400001</misses>
				<total>0</total>
				<timestamp>7058.834963</timestamp>
			</report>
			<report>
				<misses>285500001</misses>
				<total>0</total>
				<timestamp>7061.326561</timestamp>
			</report>
			<report>
				<misses>285600001</misses>
				<total>0</total>
				<timestamp>7063.807717</timestamp>
			</report>
			<report>
				<misses>285700001</misses>
				<total>0</total>
				<timestamp>7066.289747</timestamp>
			</report>
			<report>
				<misses>285800001</misses>
				<total>0</total>
				<timestamp>7068.773845</timestamp>
			</report>
			<report>
				<misses>285900001</misses>
				<total>0</total>
				<timestamp>7071.259339</timestamp>
			</report>
			<report>
				<misses>286000001</misses>
				<total>0</total>
				<timestamp>7073.736118</timestamp>
			</report>
			<report>
				<misses>286100001</misses>
				<total>0</total>
				<timestamp>7076.225842</timestamp>
			</report>
			<report>
				<misses>286200001</misses>
				<total>0</total>
				<timestamp>7078.703579</timestamp>
			</report>
			<report>
				<misses>286300001</misses>
				<total>0</total>
				<timestamp>7081.182003</timestamp>
			</report>
			<report>
				<misses>286400001</misses>
				<total>0</total>
				<timestamp>7083.662512</timestamp>
			</report>
			<report>
				<misses>286500001</misses>
				<total>0</total>
				<timestamp>7086.150754</timestamp>
			</report>
			<report>
				<misses>286600001</misses>
				<total>0</total>
				<timestamp>7088.637563</timestamp>
			</report>
			<report>
				<misses>286700001</misses>
				<total>0</total>
				<timestamp>7091.133773</timestamp>
			</report>
			<report>
				<misses>286800001</misses>
				<total>0</total>
				<timestamp>7093.616524</timestamp>
			</report>
			<report>
				<misses>286900001</misses>
				<total>0</total>
				<timestamp>7096.086674</timestamp>
			</report>
			<report>
				<misses>287000001</misses>
				<total>0</total>
				<timestamp>7098.564471</timestamp>
			</report>
			<report>
				<misses>287100001</misses>
				<total>0</total>
				<timestamp>7101.045081</timestamp>
			</report>
			<report>
				<misses>287200001</misses>
				<total>0</total>
				<timestamp>7103.523808</timestamp>
			</report>
			<report>
				<misses>287300001</misses>
				<total>0</total>
				<timestamp>7106.002799</timestamp>
			</report>
			<report>
				<misses>287400001</misses>
				<total>0</total>
				<timestamp>7108.483514</timestamp>
			</report>
			<report>
				<misses>287500001</misses>
				<total>0</total>
				<timestamp>7110.953591</timestamp>
			</report>
			<report>
				<misses>287600001</misses>
				<total>0</total>
				<timestamp>7113.423155</timestamp>
			</report>
			<report>
				<misses>287700001</misses>
				<total>0</total>
				<timestamp>7115.892853</timestamp>
			</report>
			<report>
				<misses>287800001</misses>
				<total>0</total>
				<timestamp>7118.366474</timestamp>
			</report>
			<report>
				<misses>287900001</misses>
				<total>0</total>
				<timestamp>7120.851401</timestamp>
			</report>
			<report>
				<misses>288000001</misses>
				<total>0</total>
				<timestamp>7123.332669</timestamp>
			</report>
			<report>
				<misses>288100001</misses>
				<total>0</total>
				<timestamp>7125.817880</timestamp>
			</report>
			<report>
				<misses>288200001</misses>
				<total>0</total>
				<timestamp>7128.305348</timestamp>
			</report>
			<report>
				<misses>288300001</misses>
				<total>0</total>
				<timestamp>7130.784744</timestamp>
			</report>
			<report>
				<misses>288400001</misses>
				<total>0</total>
				<timestamp>7133.266417</timestamp>
			</report>
			<report>
				<misses>288500001</misses>
				<total>0</total>
				<timestamp>7135.749734</timestamp>
			</report>
			<report>
				<misses>288600001</misses>
				<total>0</total>
				<timestamp>7138.231835</timestamp>
			</report>
			<report>
				<misses>288700001</misses>
				<total>0</total>
				<timestamp>7140.708392</timestamp>
			</report>
			<report>
				<misses>288800001</misses>
				<total>0</total>
				<timestamp>7143.203757</timestamp>
			</report>
			<report>
				<misses>288900001</misses>
				<total>0</total>
				<timestamp>7145.690079</timestamp>
			</report>
			<report>
				<misses>289000001</misses>
				<total>0</total>
				<timestamp>7148.174054</timestamp>
			</report>
			<report>
				<misses>289100001</misses>
				<total>0</total>
				<timestamp>7150.660157</timestamp>
			</report>
			<report>
				<misses>289200001</misses>
				<total>0</total>
				<timestamp>7153.124601</timestamp>
			</report>
			<report>
				<misses>289300001</misses>
				<total>0</total>
				<timestamp>7155.598133</timestamp>
			</report>
			<report>
				<misses>289400001</misses>
				<total>0</total>
				<timestamp>7158.065984</timestamp>
			</report>
			<report>
				<misses>289500001</misses>
				<total>0</total>
				<timestamp>7160.541950</timestamp>
			</report>
			<report>
				<misses>289600001</misses>
				<total>0</total>
				<timestamp>7163.012972</timestamp>
			</report>
			<report>
				<misses>289700001</misses>
				<total>0</total>
				<timestamp>7165.491314</timestamp>
			</report>
			<report>
				<misses>289800001</misses>
				<total>0</total>
				<timestamp>7167.964078</timestamp>
			</report>
			<report>
				<misses>289900001</misses>
				<total>0</total>
				<timestamp>7170.423810</timestamp>
			</report>
			<report>
				<misses>290000001</misses>
				<total>0</total>
				<timestamp>7172.901443</timestamp>
			</report>
			<report>
				<misses>290100001</misses>
				<total>0</total>
				<timestamp>7175.374581</timestamp>
			</report>
			<report>
				<misses>290200001</misses>
				<total>0</total>
				<timestamp>7177.846309</timestamp>
			</report>
			<report>
				<misses>290300001</misses>
				<total>0</total>
				<timestamp>7180.316858</timestamp>
			</report>
			<report>
				<misses>290400001</misses>
				<total>0</total>
				<timestamp>7182.788838</timestamp>
			</report>
			<report>
				<misses>290500001</misses>
				<total>0</total>
				<timestamp>7185.261484</timestamp>
			</report>
			<report>
				<misses>290600001</misses>
				<total>0</total>
				<timestamp>7187.730974</timestamp>
			</report>
			<report>
				<misses>290700001</misses>
				<total>0</total>
				<timestamp>7190.210256</timestamp>
			</report>
			<report>
				<misses>290800001</misses>
				<total>0</total>
				<timestamp>7192.677953</timestamp>
			</report>
			<report>
				<misses>290900001</misses>
				<total>0</total>
				<timestamp>7195.161899</timestamp>
			</report>
			<report>
				<misses>291000001</misses>
				<total>0</total>
				<timestamp>7197.640599</timestamp>
			</report>
		</query>
	</custom>
	<ethtool_statistic>
		<rx_packets>
			<start>505</start>
			<end>672944484</end>
		</rx_packets>
		<tx_packets>
			<start>437</start>
			<end>291086341</end>
		</tx_packets>
		<rx_dropped>
			<start>0</start>
			<end>0</end>
		</rx_dropped>
		<tx_dropped>
			<start>0</start>
			<end>0</end>
		</tx_dropped>
		<collisions>
			<start>0</start>
			<end>0</end>
		</collisions>
		<port_tx_errors>
			<start>0</start>
			<end>0</end>
		</port_tx_errors>
		<port_rx_dropped>
			<start>0</start>
			<end>0</end>
		</port_rx_dropped>
		<port_tx_dropped_link_down>
			<start>0</start>
			<end>0</end>
		</port_tx_dropped_link_down>
	</ethtool_statistic>
	<ip_statistic>
		<mtu>
			<start>9000</start>
			<end>9000</end>
		</mtu>
		<rx_bytes>
			<start>89187</start>
			<end>82098632656</end>
		</rx_bytes>
		<rx_packets>
			<start>505</start>
			<end>672944484</end>
		</rx_packets>
		<rx_errors>
			<start>0</start>
			<end>0</end>
		</rx_errors>
		<rx_dropped>
			<start>0</start>
			<end>0</end>
		</rx_dropped>
		<rx_missed>
			<start>0</start>
			<end>0</end>
		</rx_missed>
		<rx_mcast>
			<start>250</start>
			<end>260</end>
		</rx_mcast>
		<tx_bytes>
			<start>61796</start>
			<end>35511854860</end>
		</tx_bytes>
		<tx_packets>
			<start>437</start>
			<end>291086341</end>
		</tx_packets>
		<tx_errors>
			<start>0</start>
			<end>0</end>
		</tx_errors>
		<tx_dropped>
			<start>0</start>
			<end>0</end>
		</tx_dropped>
		<tx_carrier>
			<start>0</start>
			<end>0</end>
		</tx_carrier>
		<tx_collisions>
			<start>0</start>
			<end>0</end>
		</tx_collisions>
	</ip_statistic>
	<netstat_statistic>
		<udp_pkg_rec>
			<start>5965281218</start>
			<end>13559115763</end>
		</udp_pkg_rec>
		<udp_pkg_snt>
			<start>6601016174</start>
			<end>8948994491</end>
		</udp_pkg_snt>
		<udp_rec_err>
			<start>1045</start>
			<end>1045</end>
		</udp_rec_err>
		<udp_rec_buf_err>
			<start>1045</start>
			<end>1045</end>
		</udp_rec_buf_err>
		<udp_snt_buf_err>
			<start>2</start>
			<end>2</end>
		</udp_snt_buf_err>
	</netstat_statistic>
</test_results>
