<?xml version="1.0"?>
<test_results>
	<status>STATUS_SUCCESS</status>
	<custom>
		<num_loss>74</num_loss>
		<num_total>5000001</num_total>
		<num_misses>111</num_misses>
		<elapsed_time>500.006250</elapsed_time>
		<query>
			<report>
				<misses>100000</misses>
				<total>2</total>
				<timestamp>10.000002</timestamp>
			</report>
			<report>
				<misses>200000</misses>
				<total>2</total>
				<timestamp>19.999925</timestamp>
			</report>
			<report>
				<misses>300000</misses>
				<total>4</total>
				<timestamp>29.999882</timestamp>
			</report>
			<report>
				<misses>400000</misses>
				<total>5</total>
				<timestamp>39.999812</timestamp>
			</report>
			<report>
				<misses>500000</misses>
				<total>5</total>
				<timestamp>49.999692</timestamp>
			</report>
			<report>
				<misses>600000</misses>
				<total>8</total>
				<timestamp>59.999713</timestamp>
			</report>
			<report>
				<misses>700000</misses>
				<total>8</total>
				<timestamp>69.999677</timestamp>
			</report>
			<report>
				<misses>800000</misses>
				<total>9</total>
				<timestamp>79.999641</timestamp>
			</report>
			<report>
				<misses>900000</misses>
				<total>14</total>
				<timestamp>89.999566</timestamp>
			</report>
			<report>
				<misses>1000000</misses>
				<total>14</total>
				<timestamp>99.999596</timestamp>
			</report>
			<report>
				<misses>1100000</misses>
				<total>15</total>
				<timestamp>109.999591</timestamp>
			</report>
			<report>
				<misses>1200000</misses>
				<total>17</total>
				<timestamp>119.999889</timestamp>
			</report>
			<report>
				<misses>1300000</misses>
				<total>19</total>
				<timestamp>130.000524</timestamp>
			</report>
			<report>
				<misses>1400000</misses>
				<total>21</total>
				<timestamp>140.000504</timestamp>
			</report>
			<report>
				<misses>1500000</misses>
				<total>24</total>
				<timestamp>150.000589</timestamp>
			</report>
			<report>
				<misses>1600000</misses>
				<total>25</total>
				<timestamp>160.000731</timestamp>
			</report>
			<report>
				<misses>1700000</misses>
				<total>29</total>
				<timestamp>170.001162</timestamp>
			</report>
			<report>
				<misses>1800000</misses>
				<total>30</total>
				<timestamp>180.001706</timestamp>
			</report>
			<report>
				<misses>1900000</misses>
				<total>30</total>
				<timestamp>190.001605</timestamp>
			</report>
			<report>
				<misses>2000000</misses>
				<total>30</total>
				<timestamp>200.001539</timestamp>
			</report>
			<report>
				<misses>2100000</misses>
				<total>32</total>
				<timestamp>210.001597</timestamp>
			</report>
			<report>
				<misses>2200000</misses>
				<total>34</total>
				<timestamp>220.002308</timestamp>
			</report>
			<report>
				<misses>2300000</misses>
				<total>35</total>
				<timestamp>230.002302</timestamp>
			</report>
			<report>
				<misses>2400000</misses>
				<total>35</total>
				<timestamp>240.002707</timestamp>
			</report>
			<report>
				<misses>2500000</misses>
				<total>36</total>
				<timestamp>250.002602</timestamp>
			</report>
			<report>
				<misses>2600000</misses>
				<total>36</total>
				<timestamp>260.002593</timestamp>
			</report>
			<report>
				<misses>2700000</misses>
				<total>39</total>
				<timestamp>270.002739</timestamp>
			</report>
			<report>
				<misses>2800000</misses>
				<total>39</total>
				<timestamp>280.003474</timestamp>
			</report>
			<report>
				<misses>2900000</misses>
				<total>42</total>
				<timestamp>290.003792</timestamp>
			</report>
			<report>
				<misses>3000000</misses>
				<total>44</total>
				<timestamp>300.004225</timestamp>
			</report>
			<report>
				<misses>3100000</misses>
				<total>44</total>
				<timestamp>310.004255</timestamp>
			</report>
			<report>
				<misses>3200000</misses>
				<total>44</total>
				<timestamp>320.004299</timestamp>
			</report>
			<report>
				<misses>3300000</misses>
				<total>44</total>
				<timestamp>330.004415</timestamp>
			</report>
			<report>
				<misses>3400000</misses>
				<total>50</total>
				<timestamp>340.004440</timestamp>
			</report>
			<report>
				<misses>3500000</misses>
				<total>52</total>
				<timestamp>350.004416</timestamp>
			</report>
			<report>
				<misses>3600000</misses>
				<total>54</total>
				<timestamp>360.004390</timestamp>
			</report>
			<report>
				<misses>3700000</misses>
				<total>55</total>
				<timestamp>370.004594</timestamp>
			</report>
			<report>
				<misses>3800000</misses>
				<total>57</total>
				<timestamp>380.005089</timestamp>
			</report>
			<report>
				<misses>3900000</misses>
				<total>61</total>
				<timestamp>390.004998</timestamp>
			</report>
			<report>
				<misses>4000000</misses>
				<total>62</total>
				<timestamp>400.004907</timestamp>
			</report>
			<report>
				<misses>4100000</misses>
				<total>64</total>
				<timestamp>410.004903</timestamp>
			</report>
			<report>
				<misses>4200000</misses>
				<total>64</total>
				<timestamp>420.005001</timestamp>
			</report>
			<report>
				<misses>4300000</misses>
				<total>64</total>
				<timestamp>430.005082</timestamp>
			</report>
			<report>
				<misses>4400000</misses>
				<total>67</total>
				<timestamp>440.005351</timestamp>
			</report>
			<report>
				<misses>4500000</misses>
				<total>67</total>
				<timestamp>450.005496</timestamp>
			</report>
			<report>
				<misses>4600000</misses>
				<total>68</total>
				<timestamp>460.005813</timestamp>
			</report>
			<report>
				<misses>4700000</misses>
				<total>71</total>
				<timestamp>470.005894</timestamp>
			</report>
			<report>
				<misses>4800000</misses>
				<total>73</total>
				<timestamp>480.006095</timestamp>
			</report>
			<report>
				<misses>4900000</misses>
				<total>74</total>
				<timestamp>490.006248</timestamp>
			</report>
			<report>
				<misses>5000000</misses>
				<total>74</total>
				<timestamp>500.006218</timestamp>
			</report>
		</query>
	</custom>
	<ethtool_statistic>
		<rx_packets>
			<start>2779049292</start>
			<end>2802556868</end>
		</rx_packets>
		<tx_packets>
			<start>3130644749</start>
			<end>3149751845</end>
		</tx_packets>
		<rx_dropped>
			<start>0</start>
			<end>0</end>
		</rx_dropped>
		<tx_dropped>
			<start>0</start>
			<end>0</end>
		</tx_dropped>
		<collisions>
			<start>0</start>
			<end>0</end>
		</collisions>
		<port_tx_errors>
			<start>0</start>
			<end>0</end>
		</port_tx_errors>
		<port_rx_dropped>
			<start>0</start>
			<end>0</end>
		</port_rx_dropped>
		<port_tx_dropped_link_down>
			<start>0</start>
			<end>0</end>
		</port_tx_dropped_link_down>
	</ethtool_statistic>
	<ip_statistic>
		<mtu>
			<start>9000</start>
			<end>9000</end>
		</mtu>
		<rx_bytes>
			<start>24982700597832</start>
			<end>25194030722173</end>
		</rx_bytes>
		<rx_packets>
			<start>2779049349</start>
			<end>2802556896</end>
		</rx_packets>
		<rx_errors>
			<start>0</start>
			<end>0</end>
		</rx_errors>
		<rx_dropped>
			<start>0</start>
			<end>0</end>
		</rx_dropped>
		<rx_missed>
			<start>0</start>
			<end>0</end>
		</rx_missed>
		<rx_mcast>
			<start>539</start>
			<end>541</end>
		</rx_mcast>
		<tx_bytes>
			<start>16263236457174</start>
			<end>16434766766978</end>
		</tx_bytes>
		<tx_packets>
			<start>3130644805</start>
			<end>3149751880</end>
		</tx_packets>
		<tx_errors>
			<start>0</start>
			<end>0</end>
		</tx_errors>
		<tx_dropped>
			<start>0</start>
			<end>0</end>
		</tx_dropped>
		<tx_carrier>
			<start>0</start>
			<end>0</end>
		</tx_carrier>
		<tx_collisions>
			<start>0</start>
			<end>0</end>
		</tx_collisions>
	</ip_statistic>
	<netstat_statistic>
		<udp_pkg_rec>
			<start>2619445260</start>
			<end>2641996403</end>
		</udp_pkg_rec>
		<udp_pkg_snt>
			<start>3130891996</start>
			<end>3150002993</end>
		</udp_pkg_snt>
		<udp_rec_err>
			<start>159845243</start>
			<end>160804213</end>
		</udp_rec_err>
		<udp_rec_buf_err>
			<start>159845243</start>
			<end>160804213</end>
		</udp_rec_buf_err>
		<udp_snt_buf_err>
			<start>0</start>
			<end>0</end>
		</udp_snt_buf_err>
	</netstat_statistic>
</test_results>
