<?xml version="1.0"?>
<test_results>
	<status>STATUS_SUCCESS</status>
	<custom>
		<num_loss>159</num_loss>
		<num_total>5000001</num_total>
		<num_misses>121</num_misses>
		<elapsed_time>300.004406</elapsed_time>
		<query>
			<report>
				<misses>100000</misses>
				<total>1</total>
				<timestamp>6.000048</timestamp>
			</report>
			<report>
				<misses>200000</misses>
				<total>7</total>
				<timestamp>12.000052</timestamp>
			</report>
			<report>
				<misses>300000</misses>
				<total>10</total>
				<timestamp>18.000655</timestamp>
			</report>
			<report>
				<misses>400000</misses>
				<total>17</total>
				<timestamp>24.001331</timestamp>
			</report>
			<report>
				<misses>500000</misses>
				<total>28</total>
				<timestamp>30.001303</timestamp>
			</report>
			<report>
				<misses>600000</misses>
				<total>29</total>
				<timestamp>36.001683</timestamp>
			</report>
			<report>
				<misses>700000</misses>
				<total>29</total>
				<timestamp>42.001784</timestamp>
			</report>
			<report>
				<misses>800000</misses>
				<total>29</total>
				<timestamp>48.001955</timestamp>
			</report>
			<report>
				<misses>900000</misses>
				<total>33</total>
				<timestamp>54.002188</timestamp>
			</report>
			<report>
				<misses>1000000</misses>
				<total>33</total>
				<timestamp>60.002763</timestamp>
			</report>
			<report>
				<misses>1100000</misses>
				<total>33</total>
				<timestamp>66.003084</timestamp>
			</report>
			<report>
				<misses>1200000</misses>
				<total>37</total>
				<timestamp>72.003039</timestamp>
			</report>
			<report>
				<misses>1300000</misses>
				<total>48</total>
				<timestamp>78.003042</timestamp>
			</report>
			<report>
				<misses>1400000</misses>
				<total>57</total>
				<timestamp>84.003346</timestamp>
			</report>
			<report>
				<misses>1500000</misses>
				<total>57</total>
				<timestamp>90.003586</timestamp>
			</report>
			<report>
				<misses>1600000</misses>
				<total>58</total>
				<timestamp>96.003876</timestamp>
			</report>
			<report>
				<misses>1700000</misses>
				<total>59</total>
				<timestamp>102.003886</timestamp>
			</report>
			<report>
				<misses>1800000</misses>
				<total>64</total>
				<timestamp>108.003974</timestamp>
			</report>
			<report>
				<misses>1900000</misses>
				<total>66</total>
				<timestamp>114.004047</timestamp>
			</report>
			<report>
				<misses>2000000</misses>
				<total>69</total>
				<timestamp>120.004132</timestamp>
			</report>
			<report>
				<misses>2100000</misses>
				<total>69</total>
				<timestamp>126.004078</timestamp>
			</report>
			<report>
				<misses>2200000</misses>
				<total>80</total>
				<timestamp>132.004058</timestamp>
			</report>
			<report>
				<misses>2300000</misses>
				<total>86</total>
				<timestamp>138.004293</timestamp>
			</report>
			<report>
				<misses>2400000</misses>
				<total>86</total>
				<timestamp>144.004237</timestamp>
			</report>
			<report>
				<misses>2500000</misses>
				<total>87</total>
				<timestamp>150.004180</timestamp>
			</report>
			<report>
				<misses>2600000</misses>
				<total>88</total>
				<timestamp>156.004132</timestamp>
			</report>
			<report>
				<misses>2700000</misses>
				<total>89</total>
				<timestamp>162.004096</timestamp>
			</report>
			<report>
				<misses>2800000</misses>
				<total>89</total>
				<timestamp>168.004049</timestamp>
			</report>
			<report>
				<misses>2900000</misses>
				<total>95</total>
				<timestamp>174.004059</timestamp>
			</report>
			<report>
				<misses>3000000</misses>
				<total>99</total>
				<timestamp>180.003999</timestamp>
			</report>
			<report>
				<misses>3100000</misses>
				<total>106</total>
				<timestamp>186.003948</timestamp>
			</report>
			<report>
				<misses>3200000</misses>
				<total>107</total>
				<timestamp>192.003888</timestamp>
			</report>
			<report>
				<misses>3300000</misses>
				<total>110</total>
				<timestamp>198.003821</timestamp>
			</report>
			<report>
				<misses>3400000</misses>
				<total>110</total>
				<timestamp>204.003797</timestamp>
			</report>
			<report>
				<misses>3500000</misses>
				<total>111</total>
				<timestamp>210.003781</timestamp>
			</report>
			<report>
				<misses>3600000</misses>
				<total>112</total>
				<timestamp>216.003871</timestamp>
			</report>
			<report>
				<misses>3700000</misses>
				<total>118</total>
				<timestamp>222.003826</timestamp>
			</report>
			<report>
				<misses>3800000</misses>
				<total>120</total>
				<timestamp>228.003842</timestamp>
			</report>
			<report>
				<misses>3900000</misses>
				<total>120</total>
				<timestamp>234.003807</timestamp>
			</report>
			<report>
				<misses>4000000</misses>
				<total>130</total>
				<timestamp>240.003889</timestamp>
			</report>
			<report>
				<misses>4100000</misses>
				<total>130</total>
				<timestamp>246.003956</timestamp>
			</report>
			<report>
				<misses>4200000</misses>
				<total>132</total>
				<timestamp>252.004048</timestamp>
			</report>
			<report>
				<misses>4300000</misses>
				<total>132</total>
				<timestamp>258.004022</timestamp>
			</report>
			<report>
				<misses>4400000</misses>
				<total>152</total>
				<timestamp>264.004105</timestamp>
			</report>
			<report>
				<misses>4500000</misses>
				<total>157</total>
				<timestamp>270.004372</timestamp>
			</report>
			<report>
				<misses>4600000</misses>
				<total>157</total>
				<timestamp>276.004301</timestamp>
			</report>
			<report>
				<misses>4700000</misses>
				<total>157</total>
				<timestamp>282.004297</timestamp>
			</report>
			<report>
				<misses>4800000</misses>
				<total>158</total>
				<timestamp>288.004370</timestamp>
			</report>
			<report>
				<misses>4900000</misses>
				<total>158</total>
				<timestamp>294.004293</timestamp>
			</report>
			<report>
				<misses>5000000</misses>
				<total>159</total>
				<timestamp>300.004380</timestamp>
			</report>
		</query>
	</custom>
	<ethtool_statistic>
		<rx_packets>
			<start>2706810758</start>
			<end>2721006205</end>
		</rx_packets>
		<tx_packets>
			<start>3067288478</start>
			<end>3080807567</end>
		</tx_packets>
		<rx_dropped>
			<start>0</start>
			<end>0</end>
		</rx_dropped>
		<tx_dropped>
			<start>0</start>
			<end>0</end>
		</tx_dropped>
		<collisions>
			<start>0</start>
			<end>0</end>
		</collisions>
		<port_tx_errors>
			<start>0</start>
			<end>0</end>
		</port_tx_errors>
		<port_rx_dropped>
			<start>0</start>
			<end>0</end>
		</port_rx_dropped>
		<port_tx_dropped_link_down>
			<start>0</start>
			<end>0</end>
		</port_tx_dropped_link_down>
	</ethtool_statistic>
	<ip_statistic>
		<mtu>
			<start>9000</start>
			<end>9000</end>
		</mtu>
		<rx_bytes>
			<start>24333285406286</start>
			<end>24460900779663</end>
		</rx_bytes>
		<rx_packets>
			<start>2706810847</start>
			<end>2721006312</end>
		</rx_packets>
		<rx_errors>
			<start>0</start>
			<end>0</end>
		</rx_errors>
		<rx_dropped>
			<start>0</start>
			<end>0</end>
		</rx_dropped>
		<rx_missed>
			<start>0</start>
			<end>0</end>
		</rx_missed>
		<rx_mcast>
			<start>513</start>
			<end>520</end>
		</rx_mcast>
		<tx_bytes>
			<start>15694630916952</start>
			<end>15815926019746</end>
		</tx_bytes>
		<tx_packets>
			<start>3067288530</start>
			<end>3080807623</end>
		</tx_packets>
		<tx_errors>
			<start>0</start>
			<end>0</end>
		</tx_errors>
		<tx_dropped>
			<start>0</start>
			<end>0</end>
		</tx_dropped>
		<tx_carrier>
			<start>0</start>
			<end>0</end>
		</tx_carrier>
		<tx_collisions>
			<start>0</start>
			<end>0</end>
		</tx_collisions>
	</ip_statistic>
	<netstat_statistic>
		<udp_pkg_rec>
			<start>2550714665</start>
			<end>2564003049</end>
		</udp_pkg_rec>
		<udp_pkg_snt>
			<start>3067523955</start>
			<end>3081045348</end>
		</udp_pkg_snt>
		<udp_rec_err>
			<start>156329608</start>
			<end>157238183</end>
		</udp_rec_err>
		<udp_rec_buf_err>
			<start>156329608</start>
			<end>157238183</end>
		</udp_rec_buf_err>
		<udp_snt_buf_err>
			<start>0</start>
			<end>0</end>
		</udp_snt_buf_err>
	</netstat_statistic>
</test_results>
