<?xml version="1.0"?>
<test_results>
	<status>STATUS_SUCCESS</status>
	<custom>
		<num_loss>59</num_loss>
		<num_total>5000001</num_total>
		<num_misses>1</num_misses>
		<elapsed_time>1198.800433</elapsed_time>
		<query>
			<report>
				<misses>1001</misses>
				<total>1</total>
				<timestamp>0.239993</timestamp>
			</report>
			<report>
				<misses>2001</misses>
				<total>0</total>
				<timestamp>0.479799</timestamp>
			</report>
			<report>
				<misses>3001</misses>
				<total>1</total>
				<timestamp>0.719478</timestamp>
			</report>
			<report>
				<misses>4001</misses>
				<total>1</total>
				<timestamp>0.959259</timestamp>
			</report>
			<report>
				<misses>5001</misses>
				<total>1</total>
				<timestamp>1.198996</timestamp>
			</report>
			<report>
				<misses>6001</misses>
				<total>0</total>
				<timestamp>1.438827</timestamp>
			</report>
			<report>
				<misses>7001</misses>
				<total>0</total>
				<timestamp>1.678611</timestamp>
			</report>
			<report>
				<misses>8001</misses>
				<total>1</total>
				<timestamp>1.918302</timestamp>
			</report>
			<report>
				<misses>9001</misses>
				<total>1</total>
				<timestamp>2.158024</timestamp>
			</report>
			<report>
				<misses>10001</misses>
				<total>1</total>
				<timestamp>2.397789</timestamp>
			</report>
			<report>
				<misses>11001</misses>
				<total>1</total>
				<timestamp>2.637584</timestamp>
			</report>
			<report>
				<misses>12001</misses>
				<total>0</total>
				<timestamp>2.877340</timestamp>
			</report>
			<report>
				<misses>13001</misses>
				<total>1</total>
				<timestamp>3.117078</timestamp>
			</report>
			<report>
				<misses>14001</misses>
				<total>1</total>
				<timestamp>3.356851</timestamp>
			</report>
			<report>
				<misses>15001</misses>
				<total>1</total>
				<timestamp>3.596611</timestamp>
			</report>
			<report>
				<misses>16001</misses>
				<total>1</total>
				<timestamp>3.836348</timestamp>
			</report>
			<report>
				<misses>17001</misses>
				<total>1</total>
				<timestamp>4.076097</timestamp>
			</report>
			<report>
				<misses>18001</misses>
				<total>1</total>
				<timestamp>4.315882</timestamp>
			</report>
			<report>
				<misses>19001</misses>
				<total>1</total>
				<timestamp>4.555688</timestamp>
			</report>
			<report>
				<misses>20001</misses>
				<total>1</total>
				<timestamp>4.795383</timestamp>
			</report>
			<report>
				<misses>21001</misses>
				<total>1</total>
				<timestamp>5.035152</timestamp>
			</report>
			<report>
				<misses>22001</misses>
				<total>0</total>
				<timestamp>5.275035</timestamp>
			</report>
			<report>
				<misses>23001</misses>
				<total>0</total>
				<timestamp>5.514785</timestamp>
			</report>
			<report>
				<misses>24001</misses>
				<total>1</total>
				<timestamp>5.754461</timestamp>
			</report>
			<report>
				<misses>25001</misses>
				<total>1</total>
				<timestamp>5.994217</timestamp>
			</report>
			<report>
				<misses>26001</misses>
				<total>1</total>
				<timestamp>6.233945</timestamp>
			</report>
			<report>
				<misses>27001</misses>
				<total>0</total>
				<timestamp>6.473836</timestamp>
			</report>
			<report>
				<misses>28001</misses>
				<total>0</total>
				<timestamp>6.713555</timestamp>
			</report>
			<report>
				<misses>29001</misses>
				<total>1</total>
				<timestamp>6.953257</timestamp>
			</report>
			<report>
				<misses>30001</misses>
				<total>1</total>
				<timestamp>7.193003</timestamp>
			</report>
			<report>
				<misses>31001</misses>
				<total>0</total>
				<timestamp>7.432820</timestamp>
			</report>
			<report>
				<misses>32001</misses>
				<total>1</total>
				<timestamp>7.672524</timestamp>
			</report>
			<report>
				<misses>33001</misses>
				<total>1</total>
				<timestamp>7.912261</timestamp>
			</report>
			<report>
				<misses>34001</misses>
				<total>1</total>
				<timestamp>8.152041</timestamp>
			</report>
			<report>
				<misses>35001</misses>
				<total>1</total>
				<timestamp>8.391788</timestamp>
			</report>
			<report>
				<misses>36001</misses>
				<total>1</total>
				<timestamp>8.631573</timestamp>
			</report>
			<report>
				<misses>37001</misses>
				<total>1</total>
				<timestamp>8.871296</timestamp>
			</report>
			<report>
				<misses>38001</misses>
				<total>1</total>
				<timestamp>9.111072</timestamp>
			</report>
			<report>
				<misses>39001</misses>
				<total>1</total>
				<timestamp>9.350837</timestamp>
			</report>
			<report>
				<misses>40001</misses>
				<total>1</total>
				<timestamp>9.590603</timestamp>
			</report>
			<report>
				<misses>41001</misses>
				<total>1</total>
				<timestamp>9.830379</timestamp>
			</report>
			<report>
				<misses>42001</misses>
				<total>1</total>
				<timestamp>10.070109</timestamp>
			</report>
			<report>
				<misses>43001</misses>
				<total>1</total>
				<timestamp>10.309912</timestamp>
			</report>
			<report>
				<misses>44001</misses>
				<total>1</total>
				<timestamp>10.549634</timestamp>
			</report>
			<report>
				<misses>45001</misses>
				<total>1</total>
				<timestamp>10.789382</timestamp>
			</report>
			<report>
				<misses>46001</misses>
				<total>1</total>
				<timestamp>11.029143</timestamp>
			</report>
			<report>
				<misses>47001</misses>
				<total>0</total>
				<timestamp>11.268935</timestamp>
			</report>
			<report>
				<misses>48001</misses>
				<total>1</total>
				<timestamp>11.508687</timestamp>
			</report>
			<report>
				<misses>49001</misses>
				<total>1</total>
				<timestamp>11.748401</timestamp>
			</report>
			<report>
				<misses>50001</misses>
				<total>1</total>
				<timestamp>11.988209</timestamp>
			</report>
			<report>
				<misses>51001</misses>
				<total>1</total>
				<timestamp>12.227940</timestamp>
			</report>
			<report>
				<misses>52001</misses>
				<total>1</total>
				<timestamp>12.467740</timestamp>
			</report>
			<report>
				<misses>53001</misses>
				<total>1</total>
				<timestamp>12.707461</timestamp>
			</report>
			<report>
				<misses>54001</misses>
				<total>0</total>
				<timestamp>12.947377</timestamp>
			</report>
			<report>
				<misses>55001</misses>
				<total>1</total>
				<timestamp>13.187006</timestamp>
			</report>
			<report>
				<misses>56001</misses>
				<total>0</total>
				<timestamp>13.426847</timestamp>
			</report>
			<report>
				<misses>57001</misses>
				<total>1</total>
				<timestamp>13.666500</timestamp>
			</report>
			<report>
				<misses>58001</misses>
				<total>1</total>
				<timestamp>13.906293</timestamp>
			</report>
			<report>
				<misses>59001</misses>
				<total>0</total>
				<timestamp>14.146043</timestamp>
			</report>
			<report>
				<misses>60001</misses>
				<total>1</total>
				<timestamp>14.385811</timestamp>
			</report>
			<report>
				<misses>61001</misses>
				<total>0</total>
				<timestamp>14.625676</timestamp>
			</report>
			<report>
				<misses>62001</misses>
				<total>0</total>
				<timestamp>14.865386</timestamp>
			</report>
			<report>
				<misses>63001</misses>
				<total>1</total>
				<timestamp>15.105110</timestamp>
			</report>
			<report>
				<misses>64001</misses>
				<total>1</total>
				<timestamp>15.344840</timestamp>
			</report>
			<report>
				<misses>65001</misses>
				<total>1</total>
				<timestamp>15.584601</timestamp>
			</report>
			<report>
				<misses>66001</misses>
				<total>0</total>
				<timestamp>15.824432</timestamp>
			</report>
			<report>
				<misses>67001</misses>
				<total>1</total>
				<timestamp>16.064101</timestamp>
			</report>
			<report>
				<misses>68001</misses>
				<total>1</total>
				<timestamp>16.303875</timestamp>
			</report>
			<report>
				<misses>69001</misses>
				<total>1</total>
				<timestamp>16.543608</timestamp>
			</report>
			<report>
				<misses>70001</misses>
				<total>1</total>
				<timestamp>16.783369</timestamp>
			</report>
			<report>
				<misses>71001</misses>
				<total>0</total>
				<timestamp>17.023257</timestamp>
			</report>
			<report>
				<misses>72001</misses>
				<total>1</total>
				<timestamp>17.262907</timestamp>
			</report>
			<report>
				<misses>73001</misses>
				<total>1</total>
				<timestamp>17.502658</timestamp>
			</report>
			<report>
				<misses>74001</misses>
				<total>0</total>
				<timestamp>17.742479</timestamp>
			</report>
			<report>
				<misses>75001</misses>
				<total>1</total>
				<timestamp>17.982191</timestamp>
			</report>
			<report>
				<misses>76001</misses>
				<total>1</total>
				<timestamp>18.221932</timestamp>
			</report>
			<report>
				<misses>77001</misses>
				<total>1</total>
				<timestamp>18.461733</timestamp>
			</report>
			<report>
				<misses>78001</misses>
				<total>1</total>
				<timestamp>18.701533</timestamp>
			</report>
			<report>
				<misses>79001</misses>
				<total>1</total>
				<timestamp>18.941260</timestamp>
			</report>
			<report>
				<misses>80001</misses>
				<total>1</total>
				<timestamp>19.180982</timestamp>
			</report>
			<report>
				<misses>81001</misses>
				<total>0</total>
				<timestamp>19.420849</timestamp>
			</report>
			<report>
				<misses>82001</misses>
				<total>0</total>
				<timestamp>19.660590</timestamp>
			</report>
			<report>
				<misses>83001</misses>
				<total>1</total>
				<timestamp>19.900351</timestamp>
			</report>
			<report>
				<misses>84001</misses>
				<total>1</total>
				<timestamp>20.140016</timestamp>
			</report>
			<report>
				<misses>85001</misses>
				<total>1</total>
				<timestamp>20.379796</timestamp>
			</report>
			<report>
				<misses>86001</misses>
				<total>1</total>
				<timestamp>20.619526</timestamp>
			</report>
			<report>
				<misses>87001</misses>
				<total>1</total>
				<timestamp>20.859358</timestamp>
			</report>
			<report>
				<misses>88001</misses>
				<total>1</total>
				<timestamp>21.099085</timestamp>
			</report>
			<report>
				<misses>89001</misses>
				<total>1</total>
				<timestamp>21.338815</timestamp>
			</report>
			<report>
				<misses>90001</misses>
				<total>1</total>
				<timestamp>21.578571</timestamp>
			</report>
			<report>
				<misses>91001</misses>
				<total>1</total>
				<timestamp>21.818343</timestamp>
			</report>
			<report>
				<misses>92001</misses>
				<total>0</total>
				<timestamp>22.058203</timestamp>
			</report>
			<report>
				<misses>93001</misses>
				<total>1</total>
				<timestamp>22.297879</timestamp>
			</report>
			<report>
				<misses>94001</misses>
				<total>1</total>
				<timestamp>22.537614</timestamp>
			</report>
			<report>
				<misses>95001</misses>
				<total>1</total>
				<timestamp>22.777408</timestamp>
			</report>
			<report>
				<misses>96001</misses>
				<total>1</total>
				<timestamp>23.017194</timestamp>
			</report>
			<report>
				<misses>97001</misses>
				<total>1</total>
				<timestamp>23.256892</timestamp>
			</report>
			<report>
				<misses>98001</misses>
				<total>1</total>
				<timestamp>23.496665</timestamp>
			</report>
			<report>
				<misses>99001</misses>
				<total>1</total>
				<timestamp>23.736453</timestamp>
			</report>
			<report>
				<misses>100001</misses>
				<total>1</total>
				<timestamp>23.976187</timestamp>
			</report>
			<report>
				<misses>101001</misses>
				<total>0</total>
				<timestamp>24.215953</timestamp>
			</report>
			<report>
				<misses>102001</misses>
				<total>1</total>
				<timestamp>24.455711</timestamp>
			</report>
			<report>
				<misses>103001</misses>
				<total>1</total>
				<timestamp>24.695522</timestamp>
			</report>
			<report>
				<misses>104001</misses>
				<total>1</total>
				<timestamp>24.935249</timestamp>
			</report>
			<report>
				<misses>105001</misses>
				<total>1</total>
				<timestamp>25.174986</timestamp>
			</report>
			<report>
				<misses>106001</misses>
				<total>1</total>
				<timestamp>25.414742</timestamp>
			</report>
			<report>
				<misses>107001</misses>
				<total>1</total>
				<timestamp>25.654492</timestamp>
			</report>
			<report>
				<misses>108001</misses>
				<total>1</total>
				<timestamp>25.894260</timestamp>
			</report>
			<report>
				<misses>109001</misses>
				<total>1</total>
				<timestamp>26.134011</timestamp>
			</report>
			<report>
				<misses>110001</misses>
				<total>1</total>
				<timestamp>26.373769</timestamp>
			</report>
			<report>
				<misses>111001</misses>
				<total>1</total>
				<timestamp>26.613568</timestamp>
			</report>
			<report>
				<misses>112001</misses>
				<total>1</total>
				<timestamp>26.853324</timestamp>
			</report>
			<report>
				<misses>113001</misses>
				<total>0</total>
				<timestamp>27.093160</timestamp>
			</report>
			<report>
				<misses>114001</misses>
				<total>1</total>
				<timestamp>27.332812</timestamp>
			</report>
			<report>
				<misses>115001</misses>
				<total>1</total>
				<timestamp>27.572624</timestamp>
			</report>
			<report>
				<misses>116001</misses>
				<total>1</total>
				<timestamp>27.812384</timestamp>
			</report>
			<report>
				<misses>117001</misses>
				<total>1</total>
				<timestamp>28.052169</timestamp>
			</report>
			<report>
				<misses>118001</misses>
				<total>1</total>
				<timestamp>28.291907</timestamp>
			</report>
			<report>
				<misses>119001</misses>
				<total>1</total>
				<timestamp>28.531608</timestamp>
			</report>
			<report>
				<misses>120001</misses>
				<total>1</total>
				<timestamp>28.771393</timestamp>
			</report>
			<report>
				<misses>121001</misses>
				<total>1</total>
				<timestamp>29.011139</timestamp>
			</report>
			<report>
				<misses>122001</misses>
				<total>1</total>
				<timestamp>29.250901</timestamp>
			</report>
			<report>
				<misses>123001</misses>
				<total>0</total>
				<timestamp>29.490767</timestamp>
			</report>
			<report>
				<misses>124001</misses>
				<total>1</total>
				<timestamp>29.730467</timestamp>
			</report>
			<report>
				<misses>125001</misses>
				<total>0</total>
				<timestamp>29.970209</timestamp>
			</report>
			<report>
				<misses>126001</misses>
				<total>1</total>
				<timestamp>30.209959</timestamp>
			</report>
			<report>
				<misses>127001</misses>
				<total>1</total>
				<timestamp>30.449708</timestamp>
			</report>
			<report>
				<misses>128001</misses>
				<total>1</total>
				<timestamp>30.689462</timestamp>
			</report>
			<report>
				<misses>129001</misses>
				<total>1</total>
				<timestamp>30.929269</timestamp>
			</report>
			<report>
				<misses>130001</misses>
				<total>0</total>
				<timestamp>31.169068</timestamp>
			</report>
			<report>
				<misses>131001</misses>
				<total>1</total>
				<timestamp>31.408741</timestamp>
			</report>
			<report>
				<misses>132001</misses>
				<total>1</total>
				<timestamp>31.648508</timestamp>
			</report>
			<report>
				<misses>133001</misses>
				<total>1</total>
				<timestamp>31.888253</timestamp>
			</report>
			<report>
				<misses>134001</misses>
				<total>1</total>
				<timestamp>32.128082</timestamp>
			</report>
			<report>
				<misses>135001</misses>
				<total>0</total>
				<timestamp>32.367816</timestamp>
			</report>
			<report>
				<misses>136001</misses>
				<total>1</total>
				<timestamp>32.607569</timestamp>
			</report>
			<report>
				<misses>137001</misses>
				<total>0</total>
				<timestamp>32.847374</timestamp>
			</report>
			<report>
				<misses>138001</misses>
				<total>0</total>
				<timestamp>33.087221</timestamp>
			</report>
			<report>
				<misses>139001</misses>
				<total>0</total>
				<timestamp>33.326838</timestamp>
			</report>
			<report>
				<misses>140001</misses>
				<total>1</total>
				<timestamp>33.566587</timestamp>
			</report>
			<report>
				<misses>141001</misses>
				<total>0</total>
				<timestamp>33.806413</timestamp>
			</report>
			<report>
				<misses>142001</misses>
				<total>1</total>
				<timestamp>34.046136</timestamp>
			</report>
			<report>
				<misses>143001</misses>
				<total>1</total>
				<timestamp>34.286101</timestamp>
			</report>
			<report>
				<misses>144001</misses>
				<total>0</total>
				<timestamp>34.525998</timestamp>
			</report>
			<report>
				<misses>145001</misses>
				<total>1</total>
				<timestamp>34.765651</timestamp>
			</report>
			<report>
				<misses>146001</misses>
				<total>0</total>
				<timestamp>35.005489</timestamp>
			</report>
			<report>
				<misses>147001</misses>
				<total>0</total>
				<timestamp>35.245211</timestamp>
			</report>
			<report>
				<misses>148001</misses>
				<total>0</total>
				<timestamp>35.485010</timestamp>
			</report>
			<report>
				<misses>149001</misses>
				<total>1</total>
				<timestamp>35.724679</timestamp>
			</report>
			<report>
				<misses>150001</misses>
				<total>1</total>
				<timestamp>35.964399</timestamp>
			</report>
			<report>
				<misses>151001</misses>
				<total>0</total>
				<timestamp>36.204259</timestamp>
			</report>
			<report>
				<misses>152001</misses>
				<total>1</total>
				<timestamp>36.443944</timestamp>
			</report>
			<report>
				<misses>153001</misses>
				<total>1</total>
				<timestamp>36.683709</timestamp>
			</report>
			<report>
				<misses>154001</misses>
				<total>0</total>
				<timestamp>36.923547</timestamp>
			</report>
			<report>
				<misses>155001</misses>
				<total>1</total>
				<timestamp>37.163224</timestamp>
			</report>
			<report>
				<misses>156001</misses>
				<total>1</total>
				<timestamp>37.402992</timestamp>
			</report>
			<report>
				<misses>157001</misses>
				<total>1</total>
				<timestamp>37.642728</timestamp>
			</report>
			<report>
				<misses>158001</misses>
				<total>1</total>
				<timestamp>37.882497</timestamp>
			</report>
			<report>
				<misses>159001</misses>
				<total>0</total>
				<timestamp>38.122315</timestamp>
			</report>
			<report>
				<misses>160001</misses>
				<total>1</total>
				<timestamp>38.362043</timestamp>
			</report>
			<report>
				<misses>161001</misses>
				<total>1</total>
				<timestamp>38.601789</timestamp>
			</report>
			<report>
				<misses>162001</misses>
				<total>1</total>
				<timestamp>38.841551</timestamp>
			</report>
			<report>
				<misses>163001</misses>
				<total>1</total>
				<timestamp>39.081294</timestamp>
			</report>
			<report>
				<misses>164001</misses>
				<total>1</total>
				<timestamp>39.321056</timestamp>
			</report>
			<report>
				<misses>165001</misses>
				<total>1</total>
				<timestamp>39.560825</timestamp>
			</report>
			<report>
				<misses>166001</misses>
				<total>1</total>
				<timestamp>39.800567</timestamp>
			</report>
			<report>
				<misses>167001</misses>
				<total>0</total>
				<timestamp>40.040354</timestamp>
			</report>
			<report>
				<misses>168001</misses>
				<total>1</total>
				<timestamp>40.280170</timestamp>
			</report>
			<report>
				<misses>169001</misses>
				<total>0</total>
				<timestamp>40.520060</timestamp>
			</report>
			<report>
				<misses>170001</misses>
				<total>1</total>
				<timestamp>40.759640</timestamp>
			</report>
			<report>
				<misses>171001</misses>
				<total>1</total>
				<timestamp>40.999415</timestamp>
			</report>
			<report>
				<misses>172001</misses>
				<total>0</total>
				<timestamp>41.239276</timestamp>
			</report>
			<report>
				<misses>173001</misses>
				<total>1</total>
				<timestamp>41.479037</timestamp>
			</report>
			<report>
				<misses>174001</misses>
				<total>1</total>
				<timestamp>41.718657</timestamp>
			</report>
			<report>
				<misses>175001</misses>
				<total>1</total>
				<timestamp>41.958473</timestamp>
			</report>
			<report>
				<misses>176001</misses>
				<total>1</total>
				<timestamp>42.198205</timestamp>
			</report>
			<report>
				<misses>177001</misses>
				<total>1</total>
				<timestamp>42.437964</timestamp>
			</report>
			<report>
				<misses>178001</misses>
				<total>1</total>
				<timestamp>42.677711</timestamp>
			</report>
			<report>
				<misses>179001</misses>
				<total>1</total>
				<timestamp>42.917477</timestamp>
			</report>
			<report>
				<misses>180001</misses>
				<total>0</total>
				<timestamp>43.157286</timestamp>
			</report>
			<report>
				<misses>181001</misses>
				<total>1</total>
				<timestamp>43.397093</timestamp>
			</report>
			<report>
				<misses>182001</misses>
				<total>1</total>
				<timestamp>43.636738</timestamp>
			</report>
			<report>
				<misses>183001</misses>
				<total>1</total>
				<timestamp>43.876497</timestamp>
			</report>
			<report>
				<misses>184001</misses>
				<total>1</total>
				<timestamp>44.116260</timestamp>
			</report>
			<report>
				<misses>185001</misses>
				<total>0</total>
				<timestamp>44.356149</timestamp>
			</report>
			<report>
				<misses>186001</misses>
				<total>1</total>
				<timestamp>44.595794</timestamp>
			</report>
			<report>
				<misses>187001</misses>
				<total>1</total>
				<timestamp>44.835541</timestamp>
			</report>
			<report>
				<misses>188001</misses>
				<total>1</total>
				<timestamp>45.075300</timestamp>
			</report>
			<report>
				<misses>189001</misses>
				<total>1</total>
				<timestamp>45.315110</timestamp>
			</report>
			<report>
				<misses>190001</misses>
				<total>1</total>
				<timestamp>45.554818</timestamp>
			</report>
			<report>
				<misses>191001</misses>
				<total>1</total>
				<timestamp>45.794556</timestamp>
			</report>
			<report>
				<misses>192001</misses>
				<total>1</total>
				<timestamp>46.034353</timestamp>
			</report>
			<report>
				<misses>193001</misses>
				<total>1</total>
				<timestamp>46.274097</timestamp>
			</report>
			<report>
				<misses>194001</misses>
				<total>0</total>
				<timestamp>46.513927</timestamp>
			</report>
			<report>
				<misses>195001</misses>
				<total>1</total>
				<timestamp>46.753623</timestamp>
			</report>
			<report>
				<misses>196001</misses>
				<total>1</total>
				<timestamp>46.993456</timestamp>
			</report>
			<report>
				<misses>197001</misses>
				<total>1</total>
				<timestamp>47.233198</timestamp>
			</report>
			<report>
				<misses>198001</misses>
				<total>1</total>
				<timestamp>47.472919</timestamp>
			</report>
			<report>
				<misses>199001</misses>
				<total>1</total>
				<timestamp>47.712655</timestamp>
			</report>
			<report>
				<misses>200001</misses>
				<total>1</total>
				<timestamp>47.952414</timestamp>
			</report>
			<report>
				<misses>201001</misses>
				<total>1</total>
				<timestamp>48.192187</timestamp>
			</report>
			<report>
				<misses>202001</misses>
				<total>1</total>
				<timestamp>48.431993</timestamp>
			</report>
			<report>
				<misses>203001</misses>
				<total>0</total>
				<timestamp>48.671821</timestamp>
			</report>
			<report>
				<misses>204001</misses>
				<total>0</total>
				<timestamp>48.911589</timestamp>
			</report>
			<report>
				<misses>205001</misses>
				<total>0</total>
				<timestamp>49.151288</timestamp>
			</report>
			<report>
				<misses>206001</misses>
				<total>1</total>
				<timestamp>49.390991</timestamp>
			</report>
			<report>
				<misses>207001</misses>
				<total>1</total>
				<timestamp>49.630740</timestamp>
			</report>
			<report>
				<misses>208001</misses>
				<total>1</total>
				<timestamp>49.870578</timestamp>
			</report>
			<report>
				<misses>209001</misses>
				<total>1</total>
				<timestamp>50.110270</timestamp>
			</report>
			<report>
				<misses>210001</misses>
				<total>0</total>
				<timestamp>50.350025</timestamp>
			</report>
			<report>
				<misses>211001</misses>
				<total>0</total>
				<timestamp>50.589887</timestamp>
			</report>
			<report>
				<misses>212001</misses>
				<total>1</total>
				<timestamp>50.829544</timestamp>
			</report>
			<report>
				<misses>213001</misses>
				<total>1</total>
				<timestamp>51.069293</timestamp>
			</report>
			<report>
				<misses>214001</misses>
				<total>1</total>
				<timestamp>51.309076</timestamp>
			</report>
			<report>
				<misses>215001</misses>
				<total>1</total>
				<timestamp>51.548817</timestamp>
			</report>
			<report>
				<misses>216001</misses>
				<total>1</total>
				<timestamp>51.788590</timestamp>
			</report>
			<report>
				<misses>217001</misses>
				<total>0</total>
				<timestamp>52.028413</timestamp>
			</report>
			<report>
				<misses>218001</misses>
				<total>1</total>
				<timestamp>52.268152</timestamp>
			</report>
			<report>
				<misses>219001</misses>
				<total>1</total>
				<timestamp>52.507863</timestamp>
			</report>
			<report>
				<misses>220001</misses>
				<total>1</total>
				<timestamp>52.747678</timestamp>
			</report>
			<report>
				<misses>221001</misses>
				<total>0</total>
				<timestamp>52.987485</timestamp>
			</report>
			<report>
				<misses>222001</misses>
				<total>0</total>
				<timestamp>53.227211</timestamp>
			</report>
			<report>
				<misses>223001</misses>
				<total>1</total>
				<timestamp>53.466905</timestamp>
			</report>
			<report>
				<misses>224001</misses>
				<total>1</total>
				<timestamp>53.706668</timestamp>
			</report>
			<report>
				<misses>225001</misses>
				<total>1</total>
				<timestamp>53.946403</timestamp>
			</report>
			<report>
				<misses>226001</misses>
				<total>1</total>
				<timestamp>54.186167</timestamp>
			</report>
			<report>
				<misses>227001</misses>
				<total>1</total>
				<timestamp>54.425952</timestamp>
			</report>
			<report>
				<misses>228001</misses>
				<total>1</total>
				<timestamp>54.665738</timestamp>
			</report>
			<report>
				<misses>229001</misses>
				<total>1</total>
				<timestamp>54.905458</timestamp>
			</report>
			<report>
				<misses>230001</misses>
				<total>1</total>
				<timestamp>55.145207</timestamp>
			</report>
			<report>
				<misses>231001</misses>
				<total>1</total>
				<timestamp>55.385009</timestamp>
			</report>
			<report>
				<misses>232001</misses>
				<total>1</total>
				<timestamp>55.624747</timestamp>
			</report>
			<report>
				<misses>233001</misses>
				<total>1</total>
				<timestamp>55.864503</timestamp>
			</report>
			<report>
				<misses>234001</misses>
				<total>1</total>
				<timestamp>56.104254</timestamp>
			</report>
			<report>
				<misses>235001</misses>
				<total>0</total>
				<timestamp>56.344064</timestamp>
			</report>
			<report>
				<misses>236001</misses>
				<total>1</total>
				<timestamp>56.583785</timestamp>
			</report>
			<report>
				<misses>237001</misses>
				<total>1</total>
				<timestamp>56.823549</timestamp>
			</report>
			<report>
				<misses>238001</misses>
				<total>1</total>
				<timestamp>57.063331</timestamp>
			</report>
			<report>
				<misses>239001</misses>
				<total>1</total>
				<timestamp>57.303080</timestamp>
			</report>
			<report>
				<misses>240001</misses>
				<total>1</total>
				<timestamp>57.542826</timestamp>
			</report>
			<report>
				<misses>241001</misses>
				<total>1</total>
				<timestamp>57.782585</timestamp>
			</report>
			<report>
				<misses>242001</misses>
				<total>1</total>
				<timestamp>58.022327</timestamp>
			</report>
			<report>
				<misses>243001</misses>
				<total>0</total>
				<timestamp>58.262215</timestamp>
			</report>
			<report>
				<misses>244001</misses>
				<total>0</total>
				<timestamp>58.501971</timestamp>
			</report>
			<report>
				<misses>245001</misses>
				<total>1</total>
				<timestamp>58.741612</timestamp>
			</report>
			<report>
				<misses>246001</misses>
				<total>1</total>
				<timestamp>58.981386</timestamp>
			</report>
			<report>
				<misses>247001</misses>
				<total>1</total>
				<timestamp>59.221171</timestamp>
			</report>
			<report>
				<misses>248001</misses>
				<total>1</total>
				<timestamp>59.460944</timestamp>
			</report>
			<report>
				<misses>249001</misses>
				<total>1</total>
				<timestamp>59.700722</timestamp>
			</report>
			<report>
				<misses>250001</misses>
				<total>1</total>
				<timestamp>59.940501</timestamp>
			</report>
			<report>
				<misses>251001</misses>
				<total>0</total>
				<timestamp>60.180282</timestamp>
			</report>
			<report>
				<misses>252001</misses>
				<total>0</total>
				<timestamp>60.420049</timestamp>
			</report>
			<report>
				<misses>253001</misses>
				<total>1</total>
				<timestamp>60.659740</timestamp>
			</report>
			<report>
				<misses>254001</misses>
				<total>1</total>
				<timestamp>60.899452</timestamp>
			</report>
			<report>
				<misses>255001</misses>
				<total>1</total>
				<timestamp>61.139232</timestamp>
			</report>
			<report>
				<misses>256001</misses>
				<total>1</total>
				<timestamp>61.378975</timestamp>
			</report>
			<report>
				<misses>257001</misses>
				<total>1</total>
				<timestamp>61.618729</timestamp>
			</report>
			<report>
				<misses>258001</misses>
				<total>0</total>
				<timestamp>61.858572</timestamp>
			</report>
			<report>
				<misses>259001</misses>
				<total>1</total>
				<timestamp>62.098280</timestamp>
			</report>
			<report>
				<misses>260001</misses>
				<total>0</total>
				<timestamp>62.338100</timestamp>
			</report>
			<report>
				<misses>261001</misses>
				<total>0</total>
				<timestamp>62.577888</timestamp>
			</report>
			<report>
				<misses>262001</misses>
				<total>1</total>
				<timestamp>62.817539</timestamp>
			</report>
			<report>
				<misses>263001</misses>
				<total>1</total>
				<timestamp>63.057323</timestamp>
			</report>
			<report>
				<misses>264001</misses>
				<total>1</total>
				<timestamp>63.297067</timestamp>
			</report>
			<report>
				<misses>265001</misses>
				<total>1</total>
				<timestamp>63.536839</timestamp>
			</report>
			<report>
				<misses>266001</misses>
				<total>1</total>
				<timestamp>63.776639</timestamp>
			</report>
			<report>
				<misses>267001</misses>
				<total>1</total>
				<timestamp>64.016345</timestamp>
			</report>
			<report>
				<misses>268001</misses>
				<total>1</total>
				<timestamp>64.256096</timestamp>
			</report>
			<report>
				<misses>269001</misses>
				<total>1</total>
				<timestamp>64.495941</timestamp>
			</report>
			<report>
				<misses>270001</misses>
				<total>0</total>
				<timestamp>64.735741</timestamp>
			</report>
			<report>
				<misses>271001</misses>
				<total>1</total>
				<timestamp>64.975377</timestamp>
			</report>
			<report>
				<misses>272001</misses>
				<total>1</total>
				<timestamp>65.215133</timestamp>
			</report>
			<report>
				<misses>273001</misses>
				<total>1</total>
				<timestamp>65.454923</timestamp>
			</report>
			<report>
				<misses>274001</misses>
				<total>1</total>
				<timestamp>65.694651</timestamp>
			</report>
			<report>
				<misses>275001</misses>
				<total>1</total>
				<timestamp>65.934431</timestamp>
			</report>
			<report>
				<misses>276001</misses>
				<total>1</total>
				<timestamp>66.174190</timestamp>
			</report>
			<report>
				<misses>277001</misses>
				<total>1</total>
				<timestamp>66.413949</timestamp>
			</report>
			<report>
				<misses>278001</misses>
				<total>1</total>
				<timestamp>66.653751</timestamp>
			</report>
			<report>
				<misses>279001</misses>
				<total>1</total>
				<timestamp>66.893473</timestamp>
			</report>
			<report>
				<misses>280001</misses>
				<total>1</total>
				<timestamp>67.133256</timestamp>
			</report>
			<report>
				<misses>281001</misses>
				<total>0</total>
				<timestamp>67.373038</timestamp>
			</report>
			<report>
				<misses>282001</misses>
				<total>1</total>
				<timestamp>67.612734</timestamp>
			</report>
			<report>
				<misses>283001</misses>
				<total>0</total>
				<timestamp>67.852576</timestamp>
			</report>
			<report>
				<misses>284001</misses>
				<total>1</total>
				<timestamp>68.092326</timestamp>
			</report>
			<report>
				<misses>285001</misses>
				<total>1</total>
				<timestamp>68.332021</timestamp>
			</report>
			<report>
				<misses>286001</misses>
				<total>1</total>
				<timestamp>68.571798</timestamp>
			</report>
			<report>
				<misses>287001</misses>
				<total>1</total>
				<timestamp>68.811527</timestamp>
			</report>
			<report>
				<misses>288001</misses>
				<total>1</total>
				<timestamp>69.051292</timestamp>
			</report>
			<report>
				<misses>289001</misses>
				<total>0</total>
				<timestamp>69.291169</timestamp>
			</report>
			<report>
				<misses>290001</misses>
				<total>0</total>
				<timestamp>69.530939</timestamp>
			</report>
			<report>
				<misses>291001</misses>
				<total>1</total>
				<timestamp>69.770606</timestamp>
			</report>
			<report>
				<misses>292001</misses>
				<total>1</total>
				<timestamp>70.010402</timestamp>
			</report>
			<report>
				<misses>293001</misses>
				<total>0</total>
				<timestamp>70.250152</timestamp>
			</report>
			<report>
				<misses>294001</misses>
				<total>0</total>
				<timestamp>70.489978</timestamp>
			</report>
			<report>
				<misses>295001</misses>
				<total>1</total>
				<timestamp>70.729694</timestamp>
			</report>
			<report>
				<misses>296001</misses>
				<total>1</total>
				<timestamp>70.969375</timestamp>
			</report>
			<report>
				<misses>297001</misses>
				<total>1</total>
				<timestamp>71.209165</timestamp>
			</report>
			<report>
				<misses>298001</misses>
				<total>1</total>
				<timestamp>71.448895</timestamp>
			</report>
			<report>
				<misses>299001</misses>
				<total>0</total>
				<timestamp>71.688814</timestamp>
			</report>
			<report>
				<misses>300001</misses>
				<total>1</total>
				<timestamp>71.928426</timestamp>
			</report>
			<report>
				<misses>301001</misses>
				<total>0</total>
				<timestamp>72.168266</timestamp>
			</report>
			<report>
				<misses>302001</misses>
				<total>0</total>
				<timestamp>72.408030</timestamp>
			</report>
			<report>
				<misses>303001</misses>
				<total>1</total>
				<timestamp>72.647709</timestamp>
			</report>
			<report>
				<misses>304001</misses>
				<total>1</total>
				<timestamp>72.887485</timestamp>
			</report>
			<report>
				<misses>305001</misses>
				<total>1</total>
				<timestamp>73.127258</timestamp>
			</report>
			<report>
				<misses>306001</misses>
				<total>1</total>
				<timestamp>73.367024</timestamp>
			</report>
			<report>
				<misses>307001</misses>
				<total>1</total>
				<timestamp>73.606792</timestamp>
			</report>
			<report>
				<misses>308001</misses>
				<total>1</total>
				<timestamp>73.846512</timestamp>
			</report>
			<report>
				<misses>309001</misses>
				<total>1</total>
				<timestamp>74.086263</timestamp>
			</report>
			<report>
				<misses>310001</misses>
				<total>0</total>
				<timestamp>74.326040</timestamp>
			</report>
			<report>
				<misses>311001</misses>
				<total>1</total>
				<timestamp>74.565848</timestamp>
			</report>
			<report>
				<misses>312001</misses>
				<total>1</total>
				<timestamp>74.805554</timestamp>
			</report>
			<report>
				<misses>313001</misses>
				<total>1</total>
				<timestamp>75.045322</timestamp>
			</report>
			<report>
				<misses>314001</misses>
				<total>1</total>
				<timestamp>75.285075</timestamp>
			</report>
			<report>
				<misses>315001</misses>
				<total>0</total>
				<timestamp>75.524896</timestamp>
			</report>
			<report>
				<misses>316001</misses>
				<total>0</total>
				<timestamp>75.764695</timestamp>
			</report>
			<report>
				<misses>317001</misses>
				<total>0</total>
				<timestamp>76.004416</timestamp>
			</report>
			<report>
				<misses>318001</misses>
				<total>0</total>
				<timestamp>76.244215</timestamp>
			</report>
			<report>
				<misses>319001</misses>
				<total>0</total>
				<timestamp>76.483972</timestamp>
			</report>
			<report>
				<misses>320001</misses>
				<total>0</total>
				<timestamp>76.723720</timestamp>
			</report>
			<report>
				<misses>321001</misses>
				<total>1</total>
				<timestamp>76.963384</timestamp>
			</report>
			<report>
				<misses>322001</misses>
				<total>1</total>
				<timestamp>77.203169</timestamp>
			</report>
			<report>
				<misses>323001</misses>
				<total>1</total>
				<timestamp>77.442955</timestamp>
			</report>
			<report>
				<misses>324001</misses>
				<total>0</total>
				<timestamp>77.682737</timestamp>
			</report>
			<report>
				<misses>325001</misses>
				<total>1</total>
				<timestamp>77.922414</timestamp>
			</report>
			<report>
				<misses>326001</misses>
				<total>1</total>
				<timestamp>78.162228</timestamp>
			</report>
			<report>
				<misses>327001</misses>
				<total>1</total>
				<timestamp>78.401944</timestamp>
			</report>
			<report>
				<misses>328001</misses>
				<total>1</total>
				<timestamp>78.641717</timestamp>
			</report>
			<report>
				<misses>329001</misses>
				<total>1</total>
				<timestamp>78.881458</timestamp>
			</report>
			<report>
				<misses>330001</misses>
				<total>1</total>
				<timestamp>79.121246</timestamp>
			</report>
			<report>
				<misses>331001</misses>
				<total>1</total>
				<timestamp>79.360984</timestamp>
			</report>
			<report>
				<misses>332001</misses>
				<total>1</total>
				<timestamp>79.600791</timestamp>
			</report>
			<report>
				<misses>333001</misses>
				<total>1</total>
				<timestamp>79.840502</timestamp>
			</report>
			<report>
				<misses>334001</misses>
				<total>1</total>
				<timestamp>80.080279</timestamp>
			</report>
			<report>
				<misses>335001</misses>
				<total>1</total>
				<timestamp>80.320003</timestamp>
			</report>
			<report>
				<misses>336001</misses>
				<total>1</total>
				<timestamp>80.559816</timestamp>
			</report>
			<report>
				<misses>337001</misses>
				<total>1</total>
				<timestamp>80.799545</timestamp>
			</report>
			<report>
				<misses>338001</misses>
				<total>1</total>
				<timestamp>81.039303</timestamp>
			</report>
			<report>
				<misses>339001</misses>
				<total>1</total>
				<timestamp>81.279175</timestamp>
			</report>
			<report>
				<misses>340001</misses>
				<total>0</total>
				<timestamp>81.518944</timestamp>
			</report>
			<report>
				<misses>341001</misses>
				<total>1</total>
				<timestamp>81.758635</timestamp>
			</report>
			<report>
				<misses>342001</misses>
				<total>2</total>
				<timestamp>81.998348</timestamp>
			</report>
			<report>
				<misses>343001</misses>
				<total>1</total>
				<timestamp>82.238172</timestamp>
			</report>
			<report>
				<misses>344001</misses>
				<total>2</total>
				<timestamp>82.477951</timestamp>
			</report>
			<report>
				<misses>345001</misses>
				<total>2</total>
				<timestamp>82.717634</timestamp>
			</report>
			<report>
				<misses>346001</misses>
				<total>1</total>
				<timestamp>82.957501</timestamp>
			</report>
			<report>
				<misses>347001</misses>
				<total>1</total>
				<timestamp>83.197250</timestamp>
			</report>
			<report>
				<misses>348001</misses>
				<total>1</total>
				<timestamp>83.436928</timestamp>
			</report>
			<report>
				<misses>349001</misses>
				<total>2</total>
				<timestamp>83.676666</timestamp>
			</report>
			<report>
				<misses>350001</misses>
				<total>2</total>
				<timestamp>83.916416</timestamp>
			</report>
			<report>
				<misses>351001</misses>
				<total>2</total>
				<timestamp>84.156219</timestamp>
			</report>
			<report>
				<misses>352001</misses>
				<total>2</total>
				<timestamp>84.395957</timestamp>
			</report>
			<report>
				<misses>353001</misses>
				<total>2</total>
				<timestamp>84.635747</timestamp>
			</report>
			<report>
				<misses>354001</misses>
				<total>2</total>
				<timestamp>84.875463</timestamp>
			</report>
			<report>
				<misses>355001</misses>
				<total>3</total>
				<timestamp>85.115216</timestamp>
			</report>
			<report>
				<misses>356001</misses>
				<total>2</total>
				<timestamp>85.355108</timestamp>
			</report>
			<report>
				<misses>357001</misses>
				<total>3</total>
				<timestamp>85.594810</timestamp>
			</report>
			<report>
				<misses>358001</misses>
				<total>3</total>
				<timestamp>85.834504</timestamp>
			</report>
			<report>
				<misses>359001</misses>
				<total>3</total>
				<timestamp>86.074274</timestamp>
			</report>
			<report>
				<misses>360001</misses>
				<total>3</total>
				<timestamp>86.314021</timestamp>
			</report>
			<report>
				<misses>361001</misses>
				<total>3</total>
				<timestamp>86.553811</timestamp>
			</report>
			<report>
				<misses>362001</misses>
				<total>3</total>
				<timestamp>86.793546</timestamp>
			</report>
			<report>
				<misses>363001</misses>
				<total>3</total>
				<timestamp>87.033361</timestamp>
			</report>
			<report>
				<misses>364001</misses>
				<total>3</total>
				<timestamp>87.273050</timestamp>
			</report>
			<report>
				<misses>365001</misses>
				<total>3</total>
				<timestamp>87.512831</timestamp>
			</report>
			<report>
				<misses>366001</misses>
				<total>2</total>
				<timestamp>87.752788</timestamp>
			</report>
			<report>
				<misses>367001</misses>
				<total>3</total>
				<timestamp>87.992428</timestamp>
			</report>
			<report>
				<misses>368001</misses>
				<total>3</total>
				<timestamp>88.232107</timestamp>
			</report>
			<report>
				<misses>369001</misses>
				<total>2</total>
				<timestamp>88.471950</timestamp>
			</report>
			<report>
				<misses>370001</misses>
				<total>2</total>
				<timestamp>88.711671</timestamp>
			</report>
			<report>
				<misses>371001</misses>
				<total>3</total>
				<timestamp>88.951379</timestamp>
			</report>
			<report>
				<misses>372001</misses>
				<total>3</total>
				<timestamp>89.191140</timestamp>
			</report>
			<report>
				<misses>373001</misses>
				<total>3</total>
				<timestamp>89.430914</timestamp>
			</report>
			<report>
				<misses>374001</misses>
				<total>3</total>
				<timestamp>89.670668</timestamp>
			</report>
			<report>
				<misses>375001</misses>
				<total>3</total>
				<timestamp>89.910417</timestamp>
			</report>
			<report>
				<misses>376001</misses>
				<total>2</total>
				<timestamp>90.150308</timestamp>
			</report>
			<report>
				<misses>377001</misses>
				<total>3</total>
				<timestamp>90.389939</timestamp>
			</report>
			<report>
				<misses>378001</misses>
				<total>2</total>
				<timestamp>90.629797</timestamp>
			</report>
			<report>
				<misses>379001</misses>
				<total>3</total>
				<timestamp>90.869468</timestamp>
			</report>
			<report>
				<misses>380001</misses>
				<total>2</total>
				<timestamp>91.109275</timestamp>
			</report>
			<report>
				<misses>381001</misses>
				<total>3</total>
				<timestamp>91.348976</timestamp>
			</report>
			<report>
				<misses>382001</misses>
				<total>3</total>
				<timestamp>91.588751</timestamp>
			</report>
			<report>
				<misses>383001</misses>
				<total>3</total>
				<timestamp>91.828526</timestamp>
			</report>
			<report>
				<misses>384001</misses>
				<total>3</total>
				<timestamp>92.068294</timestamp>
			</report>
			<report>
				<misses>385001</misses>
				<total>3</total>
				<timestamp>92.308047</timestamp>
			</report>
			<report>
				<misses>386001</misses>
				<total>3</total>
				<timestamp>92.547798</timestamp>
			</report>
			<report>
				<misses>387001</misses>
				<total>3</total>
				<timestamp>92.787573</timestamp>
			</report>
			<report>
				<misses>388001</misses>
				<total>3</total>
				<timestamp>93.027308</timestamp>
			</report>
			<report>
				<misses>389001</misses>
				<total>3</total>
				<timestamp>93.267057</timestamp>
			</report>
			<report>
				<misses>390001</misses>
				<total>3</total>
				<timestamp>93.506890</timestamp>
			</report>
			<report>
				<misses>391001</misses>
				<total>3</total>
				<timestamp>93.746590</timestamp>
			</report>
			<report>
				<misses>392001</misses>
				<total>2</total>
				<timestamp>93.986441</timestamp>
			</report>
			<report>
				<misses>393001</misses>
				<total>3</total>
				<timestamp>94.226107</timestamp>
			</report>
			<report>
				<misses>394001</misses>
				<total>3</total>
				<timestamp>94.465892</timestamp>
			</report>
			<report>
				<misses>395001</misses>
				<total>3</total>
				<timestamp>94.705647</timestamp>
			</report>
			<report>
				<misses>396001</misses>
				<total>3</total>
				<timestamp>94.945410</timestamp>
			</report>
			<report>
				<misses>397001</misses>
				<total>3</total>
				<timestamp>95.185177</timestamp>
			</report>
			<report>
				<misses>398001</misses>
				<total>3</total>
				<timestamp>95.424905</timestamp>
			</report>
			<report>
				<misses>399001</misses>
				<total>2</total>
				<timestamp>95.664736</timestamp>
			</report>
			<report>
				<misses>400001</misses>
				<total>3</total>
				<timestamp>95.904413</timestamp>
			</report>
			<report>
				<misses>401001</misses>
				<total>3</total>
				<timestamp>96.144178</timestamp>
			</report>
			<report>
				<misses>402001</misses>
				<total>3</total>
				<timestamp>96.383958</timestamp>
			</report>
			<report>
				<misses>403001</misses>
				<total>3</total>
				<timestamp>96.623773</timestamp>
			</report>
			<report>
				<misses>404001</misses>
				<total>3</total>
				<timestamp>96.863483</timestamp>
			</report>
			<report>
				<misses>405001</misses>
				<total>3</total>
				<timestamp>97.103226</timestamp>
			</report>
			<report>
				<misses>406001</misses>
				<total>2</total>
				<timestamp>97.343108</timestamp>
			</report>
			<report>
				<misses>407001</misses>
				<total>3</total>
				<timestamp>97.582740</timestamp>
			</report>
			<report>
				<misses>408001</misses>
				<total>3</total>
				<timestamp>97.822540</timestamp>
			</report>
			<report>
				<misses>409001</misses>
				<total>3</total>
				<timestamp>98.062248</timestamp>
			</report>
			<report>
				<misses>410001</misses>
				<total>3</total>
				<timestamp>98.302016</timestamp>
			</report>
			<report>
				<misses>411001</misses>
				<total>3</total>
				<timestamp>98.541791</timestamp>
			</report>
			<report>
				<misses>412001</misses>
				<total>2</total>
				<timestamp>98.781722</timestamp>
			</report>
			<report>
				<misses>413001</misses>
				<total>3</total>
				<timestamp>99.021297</timestamp>
			</report>
			<report>
				<misses>414001</misses>
				<total>3</total>
				<timestamp>99.261070</timestamp>
			</report>
			<report>
				<misses>415001</misses>
				<total>2</total>
				<timestamp>99.500868</timestamp>
			</report>
			<report>
				<misses>416001</misses>
				<total>3</total>
				<timestamp>99.740581</timestamp>
			</report>
			<report>
				<misses>417001</misses>
				<total>3</total>
				<timestamp>99.980343</timestamp>
			</report>
			<report>
				<misses>418001</misses>
				<total>3</total>
				<timestamp>100.220105</timestamp>
			</report>
			<report>
				<misses>419001</misses>
				<total>3</total>
				<timestamp>100.459857</timestamp>
			</report>
			<report>
				<misses>420001</misses>
				<total>3</total>
				<timestamp>100.699661</timestamp>
			</report>
			<report>
				<misses>421001</misses>
				<total>3</total>
				<timestamp>100.939369</timestamp>
			</report>
			<report>
				<misses>422001</misses>
				<total>3</total>
				<timestamp>101.179118</timestamp>
			</report>
			<report>
				<misses>423001</misses>
				<total>3</total>
				<timestamp>101.418902</timestamp>
			</report>
			<report>
				<misses>424001</misses>
				<total>3</total>
				<timestamp>101.658705</timestamp>
			</report>
			<report>
				<misses>425001</misses>
				<total>3</total>
				<timestamp>101.898426</timestamp>
			</report>
			<report>
				<misses>426001</misses>
				<total>3</total>
				<timestamp>102.138195</timestamp>
			</report>
			<report>
				<misses>427001</misses>
				<total>3</total>
				<timestamp>102.377945</timestamp>
			</report>
			<report>
				<misses>428001</misses>
				<total>2</total>
				<timestamp>102.617778</timestamp>
			</report>
			<report>
				<misses>429001</misses>
				<total>3</total>
				<timestamp>102.857470</timestamp>
			</report>
			<report>
				<misses>430001</misses>
				<total>3</total>
				<timestamp>103.097206</timestamp>
			</report>
			<report>
				<misses>431001</misses>
				<total>2</total>
				<timestamp>103.337040</timestamp>
			</report>
			<report>
				<misses>432001</misses>
				<total>2</total>
				<timestamp>103.576820</timestamp>
			</report>
			<report>
				<misses>433001</misses>
				<total>3</total>
				<timestamp>103.816489</timestamp>
			</report>
			<report>
				<misses>434001</misses>
				<total>3</total>
				<timestamp>104.056246</timestamp>
			</report>
			<report>
				<misses>435001</misses>
				<total>3</total>
				<timestamp>104.296050</timestamp>
			</report>
			<report>
				<misses>436001</misses>
				<total>3</total>
				<timestamp>104.535828</timestamp>
			</report>
			<report>
				<misses>437001</misses>
				<total>3</total>
				<timestamp>104.775538</timestamp>
			</report>
			<report>
				<misses>438001</misses>
				<total>2</total>
				<timestamp>105.015366</timestamp>
			</report>
			<report>
				<misses>439001</misses>
				<total>3</total>
				<timestamp>105.255035</timestamp>
			</report>
			<report>
				<misses>440001</misses>
				<total>3</total>
				<timestamp>105.494820</timestamp>
			</report>
			<report>
				<misses>441001</misses>
				<total>3</total>
				<timestamp>105.734641</timestamp>
			</report>
			<report>
				<misses>442001</misses>
				<total>3</total>
				<timestamp>105.974323</timestamp>
			</report>
			<report>
				<misses>443001</misses>
				<total>3</total>
				<timestamp>106.214126</timestamp>
			</report>
			<report>
				<misses>444001</misses>
				<total>3</total>
				<timestamp>106.453850</timestamp>
			</report>
			<report>
				<misses>445001</misses>
				<total>3</total>
				<timestamp>106.693698</timestamp>
			</report>
			<report>
				<misses>446001</misses>
				<total>3</total>
				<timestamp>106.933369</timestamp>
			</report>
			<report>
				<misses>447001</misses>
				<total>3</total>
				<timestamp>107.173127</timestamp>
			</report>
			<report>
				<misses>448001</misses>
				<total>3</total>
				<timestamp>107.412890</timestamp>
			</report>
			<report>
				<misses>449001</misses>
				<total>2</total>
				<timestamp>107.652814</timestamp>
			</report>
			<report>
				<misses>450001</misses>
				<total>2</total>
				<timestamp>107.892555</timestamp>
			</report>
			<report>
				<misses>451001</misses>
				<total>3</total>
				<timestamp>108.132213</timestamp>
			</report>
			<report>
				<misses>452001</misses>
				<total>3</total>
				<timestamp>108.371935</timestamp>
			</report>
			<report>
				<misses>453001</misses>
				<total>3</total>
				<timestamp>108.611751</timestamp>
			</report>
			<report>
				<misses>454001</misses>
				<total>3</total>
				<timestamp>108.851461</timestamp>
			</report>
			<report>
				<misses>455001</misses>
				<total>3</total>
				<timestamp>109.091203</timestamp>
			</report>
			<report>
				<misses>456001</misses>
				<total>3</total>
				<timestamp>109.330986</timestamp>
			</report>
			<report>
				<misses>457001</misses>
				<total>2</total>
				<timestamp>109.570840</timestamp>
			</report>
			<report>
				<misses>458001</misses>
				<total>3</total>
				<timestamp>109.810516</timestamp>
			</report>
			<report>
				<misses>459001</misses>
				<total>3</total>
				<timestamp>110.050259</timestamp>
			</report>
			<report>
				<misses>460001</misses>
				<total>3</total>
				<timestamp>110.290059</timestamp>
			</report>
			<report>
				<misses>461001</misses>
				<total>2</total>
				<timestamp>110.529820</timestamp>
			</report>
			<report>
				<misses>462001</misses>
				<total>3</total>
				<timestamp>110.769552</timestamp>
			</report>
			<report>
				<misses>463001</misses>
				<total>2</total>
				<timestamp>111.009340</timestamp>
			</report>
			<report>
				<misses>464001</misses>
				<total>2</total>
				<timestamp>111.249222</timestamp>
			</report>
			<report>
				<misses>465001</misses>
				<total>3</total>
				<timestamp>111.488821</timestamp>
			</report>
			<report>
				<misses>466001</misses>
				<total>3</total>
				<timestamp>111.728584</timestamp>
			</report>
			<report>
				<misses>467001</misses>
				<total>3</total>
				<timestamp>111.968378</timestamp>
			</report>
			<report>
				<misses>468001</misses>
				<total>3</total>
				<timestamp>112.208097</timestamp>
			</report>
			<report>
				<misses>469001</misses>
				<total>3</total>
				<timestamp>112.447862</timestamp>
			</report>
			<report>
				<misses>470001</misses>
				<total>3</total>
				<timestamp>112.687648</timestamp>
			</report>
			<report>
				<misses>471001</misses>
				<total>3</total>
				<timestamp>112.927434</timestamp>
			</report>
			<report>
				<misses>472001</misses>
				<total>3</total>
				<timestamp>113.167125</timestamp>
			</report>
			<report>
				<misses>473001</misses>
				<total>3</total>
				<timestamp>113.406929</timestamp>
			</report>
			<report>
				<misses>474001</misses>
				<total>3</total>
				<timestamp>113.646775</timestamp>
			</report>
			<report>
				<misses>475001</misses>
				<total>3</total>
				<timestamp>113.886422</timestamp>
			</report>
			<report>
				<misses>476001</misses>
				<total>3</total>
				<timestamp>114.126204</timestamp>
			</report>
			<report>
				<misses>477001</misses>
				<total>2</total>
				<timestamp>114.365997</timestamp>
			</report>
			<report>
				<misses>478001</misses>
				<total>3</total>
				<timestamp>114.605767</timestamp>
			</report>
			<report>
				<misses>479001</misses>
				<total>3</total>
				<timestamp>114.845481</timestamp>
			</report>
			<report>
				<misses>480001</misses>
				<total>2</total>
				<timestamp>115.085265</timestamp>
			</report>
			<report>
				<misses>481001</misses>
				<total>3</total>
				<timestamp>115.325001</timestamp>
			</report>
			<report>
				<misses>482001</misses>
				<total>2</total>
				<timestamp>115.564886</timestamp>
			</report>
			<report>
				<misses>483001</misses>
				<total>3</total>
				<timestamp>115.804607</timestamp>
			</report>
			<report>
				<misses>484001</misses>
				<total>3</total>
				<timestamp>116.044253</timestamp>
			</report>
			<report>
				<misses>485001</misses>
				<total>3</total>
				<timestamp>116.284053</timestamp>
			</report>
			<report>
				<misses>486001</misses>
				<total>3</total>
				<timestamp>116.523801</timestamp>
			</report>
			<report>
				<misses>487001</misses>
				<total>2</total>
				<timestamp>116.763659</timestamp>
			</report>
			<report>
				<misses>488001</misses>
				<total>3</total>
				<timestamp>117.003299</timestamp>
			</report>
			<report>
				<misses>489001</misses>
				<total>3</total>
				<timestamp>117.243121</timestamp>
			</report>
			<report>
				<misses>490001</misses>
				<total>3</total>
				<timestamp>117.482821</timestamp>
			</report>
			<report>
				<misses>491001</misses>
				<total>3</total>
				<timestamp>117.722611</timestamp>
			</report>
			<report>
				<misses>492001</misses>
				<total>3</total>
				<timestamp>117.962338</timestamp>
			</report>
			<report>
				<misses>493001</misses>
				<total>3</total>
				<timestamp>118.202142</timestamp>
			</report>
			<report>
				<misses>494001</misses>
				<total>4</total>
				<timestamp>118.441855</timestamp>
			</report>
			<report>
				<misses>495001</misses>
				<total>4</total>
				<timestamp>118.681648</timestamp>
			</report>
			<report>
				<misses>496001</misses>
				<total>3</total>
				<timestamp>118.921518</timestamp>
			</report>
			<report>
				<misses>497001</misses>
				<total>3</total>
				<timestamp>119.161253</timestamp>
			</report>
			<report>
				<misses>498001</misses>
				<total>4</total>
				<timestamp>119.400897</timestamp>
			</report>
			<report>
				<misses>499001</misses>
				<total>4</total>
				<timestamp>119.640700</timestamp>
			</report>
			<report>
				<misses>500001</misses>
				<total>3</total>
				<timestamp>119.880490</timestamp>
			</report>
			<report>
				<misses>501001</misses>
				<total>4</total>
				<timestamp>120.120210</timestamp>
			</report>
			<report>
				<misses>502001</misses>
				<total>4</total>
				<timestamp>120.359951</timestamp>
			</report>
			<report>
				<misses>503001</misses>
				<total>4</total>
				<timestamp>120.599731</timestamp>
			</report>
			<report>
				<misses>504001</misses>
				<total>4</total>
				<timestamp>120.839493</timestamp>
			</report>
			<report>
				<misses>505001</misses>
				<total>7</total>
				<timestamp>121.079234</timestamp>
			</report>
			<report>
				<misses>506001</misses>
				<total>6</total>
				<timestamp>121.319015</timestamp>
			</report>
			<report>
				<misses>507001</misses>
				<total>7</total>
				<timestamp>121.558837</timestamp>
			</report>
			<report>
				<misses>508001</misses>
				<total>7</total>
				<timestamp>121.798534</timestamp>
			</report>
			<report>
				<misses>509001</misses>
				<total>6</total>
				<timestamp>122.038360</timestamp>
			</report>
			<report>
				<misses>510001</misses>
				<total>7</total>
				<timestamp>122.278027</timestamp>
			</report>
			<report>
				<misses>511001</misses>
				<total>7</total>
				<timestamp>122.517822</timestamp>
			</report>
			<report>
				<misses>512001</misses>
				<total>7</total>
				<timestamp>122.757562</timestamp>
			</report>
			<report>
				<misses>513001</misses>
				<total>7</total>
				<timestamp>122.997298</timestamp>
			</report>
			<report>
				<misses>514001</misses>
				<total>6</total>
				<timestamp>123.237197</timestamp>
			</report>
			<report>
				<misses>515001</misses>
				<total>7</total>
				<timestamp>123.476864</timestamp>
			</report>
			<report>
				<misses>516001</misses>
				<total>7</total>
				<timestamp>123.716596</timestamp>
			</report>
			<report>
				<misses>517001</misses>
				<total>7</total>
				<timestamp>123.956344</timestamp>
			</report>
			<report>
				<misses>518001</misses>
				<total>7</total>
				<timestamp>124.196099</timestamp>
			</report>
			<report>
				<misses>519001</misses>
				<total>7</total>
				<timestamp>124.435855</timestamp>
			</report>
			<report>
				<misses>520001</misses>
				<total>6</total>
				<timestamp>124.675703</timestamp>
			</report>
			<report>
				<misses>521001</misses>
				<total>7</total>
				<timestamp>124.915369</timestamp>
			</report>
			<report>
				<misses>522001</misses>
				<total>6</total>
				<timestamp>125.155201</timestamp>
			</report>
			<report>
				<misses>523001</misses>
				<total>6</total>
				<timestamp>125.394943</timestamp>
			</report>
			<report>
				<misses>524001</misses>
				<total>6</total>
				<timestamp>125.634720</timestamp>
			</report>
			<report>
				<misses>525001</misses>
				<total>7</total>
				<timestamp>125.874485</timestamp>
			</report>
			<report>
				<misses>526001</misses>
				<total>7</total>
				<timestamp>126.114224</timestamp>
			</report>
			<report>
				<misses>527001</misses>
				<total>7</total>
				<timestamp>126.353950</timestamp>
			</report>
			<report>
				<misses>528001</misses>
				<total>7</total>
				<timestamp>126.593719</timestamp>
			</report>
			<report>
				<misses>529001</misses>
				<total>7</total>
				<timestamp>126.833538</timestamp>
			</report>
			<report>
				<misses>530001</misses>
				<total>7</total>
				<timestamp>127.073212</timestamp>
			</report>
			<report>
				<misses>531001</misses>
				<total>7</total>
				<timestamp>127.312979</timestamp>
			</report>
			<report>
				<misses>532001</misses>
				<total>6</total>
				<timestamp>127.552844</timestamp>
			</report>
			<report>
				<misses>533001</misses>
				<total>7</total>
				<timestamp>127.792580</timestamp>
			</report>
			<report>
				<misses>534001</misses>
				<total>7</total>
				<timestamp>128.032264</timestamp>
			</report>
			<report>
				<misses>535001</misses>
				<total>7</total>
				<timestamp>128.272019</timestamp>
			</report>
			<report>
				<misses>536001</misses>
				<total>7</total>
				<timestamp>128.511775</timestamp>
			</report>
			<report>
				<misses>537001</misses>
				<total>7</total>
				<timestamp>128.751652</timestamp>
			</report>
			<report>
				<misses>538001</misses>
				<total>6</total>
				<timestamp>128.991427</timestamp>
			</report>
			<report>
				<misses>539001</misses>
				<total>7</total>
				<timestamp>129.231079</timestamp>
			</report>
			<report>
				<misses>540001</misses>
				<total>7</total>
				<timestamp>129.470837</timestamp>
			</report>
			<report>
				<misses>541001</misses>
				<total>6</total>
				<timestamp>129.710639</timestamp>
			</report>
			<report>
				<misses>542001</misses>
				<total>7</total>
				<timestamp>129.950353</timestamp>
			</report>
			<report>
				<misses>543001</misses>
				<total>7</total>
				<timestamp>130.190090</timestamp>
			</report>
			<report>
				<misses>544001</misses>
				<total>7</total>
				<timestamp>130.429875</timestamp>
			</report>
			<report>
				<misses>545001</misses>
				<total>7</total>
				<timestamp>130.669656</timestamp>
			</report>
			<report>
				<misses>546001</misses>
				<total>7</total>
				<timestamp>130.909405</timestamp>
			</report>
			<report>
				<misses>547001</misses>
				<total>7</total>
				<timestamp>131.149150</timestamp>
			</report>
			<report>
				<misses>548001</misses>
				<total>7</total>
				<timestamp>131.388946</timestamp>
			</report>
			<report>
				<misses>549001</misses>
				<total>7</total>
				<timestamp>131.628661</timestamp>
			</report>
			<report>
				<misses>550001</misses>
				<total>6</total>
				<timestamp>131.868585</timestamp>
			</report>
			<report>
				<misses>551001</misses>
				<total>7</total>
				<timestamp>132.108181</timestamp>
			</report>
			<report>
				<misses>552001</misses>
				<total>6</total>
				<timestamp>132.347997</timestamp>
			</report>
			<report>
				<misses>553001</misses>
				<total>6</total>
				<timestamp>132.587753</timestamp>
			</report>
			<report>
				<misses>554001</misses>
				<total>7</total>
				<timestamp>132.827519</timestamp>
			</report>
			<report>
				<misses>555001</misses>
				<total>7</total>
				<timestamp>133.067218</timestamp>
			</report>
			<report>
				<misses>556001</misses>
				<total>7</total>
				<timestamp>133.306996</timestamp>
			</report>
			<report>
				<misses>557001</misses>
				<total>7</total>
				<timestamp>133.546736</timestamp>
			</report>
			<report>
				<misses>558001</misses>
				<total>7</total>
				<timestamp>133.786495</timestamp>
			</report>
			<report>
				<misses>559001</misses>
				<total>7</total>
				<timestamp>134.026258</timestamp>
			</report>
			<report>
				<misses>560001</misses>
				<total>7</total>
				<timestamp>134.266028</timestamp>
			</report>
			<report>
				<misses>561001</misses>
				<total>7</total>
				<timestamp>134.505777</timestamp>
			</report>
			<report>
				<misses>562001</misses>
				<total>7</total>
				<timestamp>134.745557</timestamp>
			</report>
			<report>
				<misses>563001</misses>
				<total>7</total>
				<timestamp>134.985343</timestamp>
			</report>
			<report>
				<misses>564001</misses>
				<total>7</total>
				<timestamp>135.225099</timestamp>
			</report>
			<report>
				<misses>565001</misses>
				<total>7</total>
				<timestamp>135.464863</timestamp>
			</report>
			<report>
				<misses>566001</misses>
				<total>7</total>
				<timestamp>135.704637</timestamp>
			</report>
			<report>
				<misses>567001</misses>
				<total>7</total>
				<timestamp>135.944376</timestamp>
			</report>
			<report>
				<misses>568001</misses>
				<total>7</total>
				<timestamp>136.184146</timestamp>
			</report>
			<report>
				<misses>569001</misses>
				<total>7</total>
				<timestamp>136.423861</timestamp>
			</report>
			<report>
				<misses>570001</misses>
				<total>6</total>
				<timestamp>136.663698</timestamp>
			</report>
			<report>
				<misses>571001</misses>
				<total>7</total>
				<timestamp>136.903402</timestamp>
			</report>
			<report>
				<misses>572001</misses>
				<total>7</total>
				<timestamp>137.143145</timestamp>
			</report>
			<report>
				<misses>573001</misses>
				<total>7</total>
				<timestamp>137.382895</timestamp>
			</report>
			<report>
				<misses>574001</misses>
				<total>7</total>
				<timestamp>137.622652</timestamp>
			</report>
			<report>
				<misses>575001</misses>
				<total>7</total>
				<timestamp>137.862467</timestamp>
			</report>
			<report>
				<misses>576001</misses>
				<total>7</total>
				<timestamp>138.102192</timestamp>
			</report>
			<report>
				<misses>577001</misses>
				<total>6</total>
				<timestamp>138.342047</timestamp>
			</report>
			<report>
				<misses>578001</misses>
				<total>7</total>
				<timestamp>138.581777</timestamp>
			</report>
			<report>
				<misses>579001</misses>
				<total>7</total>
				<timestamp>138.821496</timestamp>
			</report>
			<report>
				<misses>580001</misses>
				<total>7</total>
				<timestamp>139.061216</timestamp>
			</report>
			<report>
				<misses>581001</misses>
				<total>7</total>
				<timestamp>139.301025</timestamp>
			</report>
			<report>
				<misses>582001</misses>
				<total>7</total>
				<timestamp>139.540836</timestamp>
			</report>
			<report>
				<misses>583001</misses>
				<total>7</total>
				<timestamp>139.780527</timestamp>
			</report>
			<report>
				<misses>584001</misses>
				<total>6</total>
				<timestamp>140.020410</timestamp>
			</report>
			<report>
				<misses>585001</misses>
				<total>7</total>
				<timestamp>140.260039</timestamp>
			</report>
			<report>
				<misses>586001</misses>
				<total>7</total>
				<timestamp>140.499861</timestamp>
			</report>
			<report>
				<misses>587001</misses>
				<total>6</total>
				<timestamp>140.739599</timestamp>
			</report>
			<report>
				<misses>588001</misses>
				<total>7</total>
				<timestamp>140.979352</timestamp>
			</report>
			<report>
				<misses>589001</misses>
				<total>7</total>
				<timestamp>141.219091</timestamp>
			</report>
			<report>
				<misses>590001</misses>
				<total>7</total>
				<timestamp>141.458832</timestamp>
			</report>
			<report>
				<misses>591001</misses>
				<total>7</total>
				<timestamp>141.698591</timestamp>
			</report>
			<report>
				<misses>592001</misses>
				<total>6</total>
				<timestamp>141.938458</timestamp>
			</report>
			<report>
				<misses>593001</misses>
				<total>7</total>
				<timestamp>142.178088</timestamp>
			</report>
			<report>
				<misses>594001</misses>
				<total>7</total>
				<timestamp>142.417882</timestamp>
			</report>
			<report>
				<misses>595001</misses>
				<total>6</total>
				<timestamp>142.657708</timestamp>
			</report>
			<report>
				<misses>596001</misses>
				<total>7</total>
				<timestamp>142.897430</timestamp>
			</report>
			<report>
				<misses>597001</misses>
				<total>7</total>
				<timestamp>143.137133</timestamp>
			</report>
			<report>
				<misses>598001</misses>
				<total>7</total>
				<timestamp>143.376896</timestamp>
			</report>
			<report>
				<misses>599001</misses>
				<total>6</total>
				<timestamp>143.616769</timestamp>
			</report>
			<report>
				<misses>600001</misses>
				<total>7</total>
				<timestamp>143.856462</timestamp>
			</report>
			<report>
				<misses>601001</misses>
				<total>7</total>
				<timestamp>144.096169</timestamp>
			</report>
			<report>
				<misses>602001</misses>
				<total>7</total>
				<timestamp>144.335951</timestamp>
			</report>
			<report>
				<misses>603001</misses>
				<total>6</total>
				<timestamp>144.575728</timestamp>
			</report>
			<report>
				<misses>604001</misses>
				<total>7</total>
				<timestamp>144.815516</timestamp>
			</report>
			<report>
				<misses>605001</misses>
				<total>7</total>
				<timestamp>145.055241</timestamp>
			</report>
			<report>
				<misses>606001</misses>
				<total>7</total>
				<timestamp>145.294974</timestamp>
			</report>
			<report>
				<misses>607001</misses>
				<total>7</total>
				<timestamp>145.534746</timestamp>
			</report>
			<report>
				<misses>608001</misses>
				<total>7</total>
				<timestamp>145.774515</timestamp>
			</report>
			<report>
				<misses>609001</misses>
				<total>6</total>
				<timestamp>146.014375</timestamp>
			</report>
			<report>
				<misses>610001</misses>
				<total>6</total>
				<timestamp>146.254105</timestamp>
			</report>
			<report>
				<misses>611001</misses>
				<total>7</total>
				<timestamp>146.493772</timestamp>
			</report>
			<report>
				<misses>612001</misses>
				<total>6</total>
				<timestamp>146.733673</timestamp>
			</report>
			<report>
				<misses>613001</misses>
				<total>7</total>
				<timestamp>146.973365</timestamp>
			</report>
			<report>
				<misses>614001</misses>
				<total>7</total>
				<timestamp>147.213121</timestamp>
			</report>
			<report>
				<misses>615001</misses>
				<total>7</total>
				<timestamp>147.452821</timestamp>
			</report>
			<report>
				<misses>616001</misses>
				<total>6</total>
				<timestamp>147.692701</timestamp>
			</report>
			<report>
				<misses>617001</misses>
				<total>6</total>
				<timestamp>147.932475</timestamp>
			</report>
			<report>
				<misses>618001</misses>
				<total>7</total>
				<timestamp>148.172101</timestamp>
			</report>
			<report>
				<misses>619001</misses>
				<total>7</total>
				<timestamp>148.411874</timestamp>
			</report>
			<report>
				<misses>620001</misses>
				<total>7</total>
				<timestamp>148.651698</timestamp>
			</report>
			<report>
				<misses>621001</misses>
				<total>7</total>
				<timestamp>148.891379</timestamp>
			</report>
			<report>
				<misses>622001</misses>
				<total>7</total>
				<timestamp>149.131148</timestamp>
			</report>
			<report>
				<misses>623001</misses>
				<total>7</total>
				<timestamp>149.370912</timestamp>
			</report>
			<report>
				<misses>624001</misses>
				<total>7</total>
				<timestamp>149.610650</timestamp>
			</report>
			<report>
				<misses>625001</misses>
				<total>7</total>
				<timestamp>149.850458</timestamp>
			</report>
			<report>
				<misses>626001</misses>
				<total>7</total>
				<timestamp>150.090219</timestamp>
			</report>
			<report>
				<misses>627001</misses>
				<total>7</total>
				<timestamp>150.329937</timestamp>
			</report>
			<report>
				<misses>628001</misses>
				<total>7</total>
				<timestamp>150.569730</timestamp>
			</report>
			<report>
				<misses>629001</misses>
				<total>7</total>
				<timestamp>150.809509</timestamp>
			</report>
			<report>
				<misses>630001</misses>
				<total>7</total>
				<timestamp>151.049341</timestamp>
			</report>
			<report>
				<misses>631001</misses>
				<total>7</total>
				<timestamp>151.288983</timestamp>
			</report>
			<report>
				<misses>632001</misses>
				<total>7</total>
				<timestamp>151.528760</timestamp>
			</report>
			<report>
				<misses>633001</misses>
				<total>7</total>
				<timestamp>151.768533</timestamp>
			</report>
			<report>
				<misses>634001</misses>
				<total>7</total>
				<timestamp>152.008289</timestamp>
			</report>
			<report>
				<misses>635001</misses>
				<total>7</total>
				<timestamp>152.248065</timestamp>
			</report>
			<report>
				<misses>636001</misses>
				<total>7</total>
				<timestamp>152.487781</timestamp>
			</report>
			<report>
				<misses>637001</misses>
				<total>7</total>
				<timestamp>152.727575</timestamp>
			</report>
			<report>
				<misses>638001</misses>
				<total>6</total>
				<timestamp>152.967373</timestamp>
			</report>
			<report>
				<misses>639001</misses>
				<total>7</total>
				<timestamp>153.207047</timestamp>
			</report>
			<report>
				<misses>640001</misses>
				<total>7</total>
				<timestamp>153.446830</timestamp>
			</report>
			<report>
				<misses>641001</misses>
				<total>7</total>
				<timestamp>153.686587</timestamp>
			</report>
			<report>
				<misses>642001</misses>
				<total>7</total>
				<timestamp>153.926363</timestamp>
			</report>
			<report>
				<misses>643001</misses>
				<total>7</total>
				<timestamp>154.166086</timestamp>
			</report>
			<report>
				<misses>644001</misses>
				<total>7</total>
				<timestamp>154.405864</timestamp>
			</report>
			<report>
				<misses>645001</misses>
				<total>6</total>
				<timestamp>154.645640</timestamp>
			</report>
			<report>
				<misses>646001</misses>
				<total>7</total>
				<timestamp>154.885466</timestamp>
			</report>
			<report>
				<misses>647001</misses>
				<total>6</total>
				<timestamp>155.125258</timestamp>
			</report>
			<report>
				<misses>648001</misses>
				<total>7</total>
				<timestamp>155.364918</timestamp>
			</report>
			<report>
				<misses>649001</misses>
				<total>6</total>
				<timestamp>155.604773</timestamp>
			</report>
			<report>
				<misses>650001</misses>
				<total>6</total>
				<timestamp>155.844532</timestamp>
			</report>
			<report>
				<misses>651001</misses>
				<total>6</total>
				<timestamp>156.084277</timestamp>
			</report>
			<report>
				<misses>652001</misses>
				<total>7</total>
				<timestamp>156.323927</timestamp>
			</report>
			<report>
				<misses>653001</misses>
				<total>7</total>
				<timestamp>156.563713</timestamp>
			</report>
			<report>
				<misses>654001</misses>
				<total>7</total>
				<timestamp>156.803486</timestamp>
			</report>
			<report>
				<misses>655001</misses>
				<total>7</total>
				<timestamp>157.043398</timestamp>
			</report>
			<report>
				<misses>656001</misses>
				<total>7</total>
				<timestamp>157.282993</timestamp>
			</report>
			<report>
				<misses>657001</misses>
				<total>7</total>
				<timestamp>157.522759</timestamp>
			</report>
			<report>
				<misses>658001</misses>
				<total>7</total>
				<timestamp>157.762496</timestamp>
			</report>
			<report>
				<misses>659001</misses>
				<total>6</total>
				<timestamp>158.002385</timestamp>
			</report>
			<report>
				<misses>660001</misses>
				<total>7</total>
				<timestamp>158.242023</timestamp>
			</report>
			<report>
				<misses>661001</misses>
				<total>7</total>
				<timestamp>158.481802</timestamp>
			</report>
			<report>
				<misses>662001</misses>
				<total>7</total>
				<timestamp>158.721535</timestamp>
			</report>
			<report>
				<misses>663001</misses>
				<total>7</total>
				<timestamp>158.961315</timestamp>
			</report>
			<report>
				<misses>664001</misses>
				<total>7</total>
				<timestamp>159.201050</timestamp>
			</report>
			<report>
				<misses>665001</misses>
				<total>7</total>
				<timestamp>159.440867</timestamp>
			</report>
			<report>
				<misses>666001</misses>
				<total>6</total>
				<timestamp>159.680583</timestamp>
			</report>
			<report>
				<misses>667001</misses>
				<total>7</total>
				<timestamp>159.920463</timestamp>
			</report>
			<report>
				<misses>668001</misses>
				<total>6</total>
				<timestamp>160.160230</timestamp>
			</report>
			<report>
				<misses>669001</misses>
				<total>7</total>
				<timestamp>160.399880</timestamp>
			</report>
			<report>
				<misses>670001</misses>
				<total>7</total>
				<timestamp>160.639628</timestamp>
			</report>
			<report>
				<misses>671001</misses>
				<total>6</total>
				<timestamp>160.879477</timestamp>
			</report>
			<report>
				<misses>672001</misses>
				<total>7</total>
				<timestamp>161.119139</timestamp>
			</report>
			<report>
				<misses>673001</misses>
				<total>6</total>
				<timestamp>161.358986</timestamp>
			</report>
			<report>
				<misses>674001</misses>
				<total>7</total>
				<timestamp>161.598661</timestamp>
			</report>
			<report>
				<misses>675001</misses>
				<total>7</total>
				<timestamp>161.838494</timestamp>
			</report>
			<report>
				<misses>676001</misses>
				<total>7</total>
				<timestamp>162.078233</timestamp>
			</report>
			<report>
				<misses>677001</misses>
				<total>7</total>
				<timestamp>162.317928</timestamp>
			</report>
			<report>
				<misses>678001</misses>
				<total>7</total>
				<timestamp>162.557754</timestamp>
			</report>
			<report>
				<misses>679001</misses>
				<total>6</total>
				<timestamp>162.797601</timestamp>
			</report>
			<report>
				<misses>680001</misses>
				<total>7</total>
				<timestamp>163.037235</timestamp>
			</report>
			<report>
				<misses>681001</misses>
				<total>7</total>
				<timestamp>163.276997</timestamp>
			</report>
			<report>
				<misses>682001</misses>
				<total>6</total>
				<timestamp>163.516864</timestamp>
			</report>
			<report>
				<misses>683001</misses>
				<total>7</total>
				<timestamp>163.756520</timestamp>
			</report>
			<report>
				<misses>684001</misses>
				<total>7</total>
				<timestamp>163.996388</timestamp>
			</report>
			<report>
				<misses>685001</misses>
				<total>7</total>
				<timestamp>164.236028</timestamp>
			</report>
			<report>
				<misses>686001</misses>
				<total>7</total>
				<timestamp>164.475834</timestamp>
			</report>
			<report>
				<misses>687001</misses>
				<total>7</total>
				<timestamp>164.715594</timestamp>
			</report>
			<report>
				<misses>688001</misses>
				<total>6</total>
				<timestamp>164.955367</timestamp>
			</report>
			<report>
				<misses>689001</misses>
				<total>7</total>
				<timestamp>165.195074</timestamp>
			</report>
			<report>
				<misses>690001</misses>
				<total>7</total>
				<timestamp>165.434807</timestamp>
			</report>
			<report>
				<misses>691001</misses>
				<total>7</total>
				<timestamp>165.674606</timestamp>
			</report>
			<report>
				<misses>692001</misses>
				<total>7</total>
				<timestamp>165.914376</timestamp>
			</report>
			<report>
				<misses>693001</misses>
				<total>6</total>
				<timestamp>166.154205</timestamp>
			</report>
			<report>
				<misses>694001</misses>
				<total>6</total>
				<timestamp>166.393995</timestamp>
			</report>
			<report>
				<misses>695001</misses>
				<total>7</total>
				<timestamp>166.633620</timestamp>
			</report>
			<report>
				<misses>696001</misses>
				<total>7</total>
				<timestamp>166.873405</timestamp>
			</report>
			<report>
				<misses>697001</misses>
				<total>6</total>
				<timestamp>167.113281</timestamp>
			</report>
			<report>
				<misses>698001</misses>
				<total>7</total>
				<timestamp>167.352896</timestamp>
			</report>
			<report>
				<misses>699001</misses>
				<total>7</total>
				<timestamp>167.592681</timestamp>
			</report>
			<report>
				<misses>700001</misses>
				<total>6</total>
				<timestamp>167.832443</timestamp>
			</report>
			<report>
				<misses>701001</misses>
				<total>6</total>
				<timestamp>168.072324</timestamp>
			</report>
			<report>
				<misses>702001</misses>
				<total>7</total>
				<timestamp>168.311947</timestamp>
			</report>
			<report>
				<misses>703001</misses>
				<total>7</total>
				<timestamp>168.551700</timestamp>
			</report>
			<report>
				<misses>704001</misses>
				<total>7</total>
				<timestamp>168.791552</timestamp>
			</report>
			<report>
				<misses>705001</misses>
				<total>7</total>
				<timestamp>169.031270</timestamp>
			</report>
			<report>
				<misses>706001</misses>
				<total>7</total>
				<timestamp>169.271017</timestamp>
			</report>
			<report>
				<misses>707001</misses>
				<total>7</total>
				<timestamp>169.510780</timestamp>
			</report>
			<report>
				<misses>708001</misses>
				<total>7</total>
				<timestamp>169.750496</timestamp>
			</report>
			<report>
				<misses>709001</misses>
				<total>7</total>
				<timestamp>169.990275</timestamp>
			</report>
			<report>
				<misses>710001</misses>
				<total>7</total>
				<timestamp>170.230003</timestamp>
			</report>
			<report>
				<misses>711001</misses>
				<total>7</total>
				<timestamp>170.469774</timestamp>
			</report>
			<report>
				<misses>712001</misses>
				<total>7</total>
				<timestamp>170.709558</timestamp>
			</report>
			<report>
				<misses>713001</misses>
				<total>6</total>
				<timestamp>170.949427</timestamp>
			</report>
			<report>
				<misses>714001</misses>
				<total>7</total>
				<timestamp>171.189134</timestamp>
			</report>
			<report>
				<misses>715001</misses>
				<total>7</total>
				<timestamp>171.428887</timestamp>
			</report>
			<report>
				<misses>716001</misses>
				<total>6</total>
				<timestamp>171.668644</timestamp>
			</report>
			<report>
				<misses>717001</misses>
				<total>7</total>
				<timestamp>171.908394</timestamp>
			</report>
			<report>
				<misses>718001</misses>
				<total>6</total>
				<timestamp>172.148308</timestamp>
			</report>
			<report>
				<misses>719001</misses>
				<total>7</total>
				<timestamp>172.387871</timestamp>
			</report>
			<report>
				<misses>720001</misses>
				<total>6</total>
				<timestamp>172.627635</timestamp>
			</report>
			<report>
				<misses>721001</misses>
				<total>7</total>
				<timestamp>172.867405</timestamp>
			</report>
			<report>
				<misses>722001</misses>
				<total>7</total>
				<timestamp>173.107189</timestamp>
			</report>
			<report>
				<misses>723001</misses>
				<total>7</total>
				<timestamp>173.346896</timestamp>
			</report>
			<report>
				<misses>724001</misses>
				<total>7</total>
				<timestamp>173.586661</timestamp>
			</report>
			<report>
				<misses>725001</misses>
				<total>7</total>
				<timestamp>173.826432</timestamp>
			</report>
			<report>
				<misses>726001</misses>
				<total>7</total>
				<timestamp>174.066194</timestamp>
			</report>
			<report>
				<misses>727001</misses>
				<total>6</total>
				<timestamp>174.306032</timestamp>
			</report>
			<report>
				<misses>728001</misses>
				<total>6</total>
				<timestamp>174.545831</timestamp>
			</report>
			<report>
				<misses>729001</misses>
				<total>7</total>
				<timestamp>174.785517</timestamp>
			</report>
			<report>
				<misses>730001</misses>
				<total>7</total>
				<timestamp>175.025310</timestamp>
			</report>
			<report>
				<misses>731001</misses>
				<total>7</total>
				<timestamp>175.264994</timestamp>
			</report>
			<report>
				<misses>732001</misses>
				<total>7</total>
				<timestamp>175.504789</timestamp>
			</report>
			<report>
				<misses>733001</misses>
				<total>7</total>
				<timestamp>175.744494</timestamp>
			</report>
			<report>
				<misses>734001</misses>
				<total>7</total>
				<timestamp>175.984274</timestamp>
			</report>
			<report>
				<misses>735001</misses>
				<total>7</total>
				<timestamp>176.224079</timestamp>
			</report>
			<report>
				<misses>736001</misses>
				<total>6</total>
				<timestamp>176.463882</timestamp>
			</report>
			<report>
				<misses>737001</misses>
				<total>6</total>
				<timestamp>176.703577</timestamp>
			</report>
			<report>
				<misses>738001</misses>
				<total>7</total>
				<timestamp>176.943377</timestamp>
			</report>
			<report>
				<misses>739001</misses>
				<total>7</total>
				<timestamp>177.183231</timestamp>
			</report>
			<report>
				<misses>740001</misses>
				<total>7</total>
				<timestamp>177.422839</timestamp>
			</report>
			<report>
				<misses>741001</misses>
				<total>7</total>
				<timestamp>177.662568</timestamp>
			</report>
			<report>
				<misses>742001</misses>
				<total>7</total>
				<timestamp>177.902346</timestamp>
			</report>
			<report>
				<misses>743001</misses>
				<total>7</total>
				<timestamp>178.142177</timestamp>
			</report>
			<report>
				<misses>744001</misses>
				<total>7</total>
				<timestamp>178.381866</timestamp>
			</report>
			<report>
				<misses>745001</misses>
				<total>7</total>
				<timestamp>178.621610</timestamp>
			</report>
			<report>
				<misses>746001</misses>
				<total>7</total>
				<timestamp>178.861429</timestamp>
			</report>
			<report>
				<misses>747001</misses>
				<total>7</total>
				<timestamp>179.101163</timestamp>
			</report>
			<report>
				<misses>748001</misses>
				<total>8</total>
				<timestamp>179.340899</timestamp>
			</report>
			<report>
				<misses>749001</misses>
				<total>8</total>
				<timestamp>179.580656</timestamp>
			</report>
			<report>
				<misses>750001</misses>
				<total>7</total>
				<timestamp>179.820518</timestamp>
			</report>
			<report>
				<misses>751001</misses>
				<total>7</total>
				<timestamp>180.060275</timestamp>
			</report>
			<report>
				<misses>752001</misses>
				<total>8</total>
				<timestamp>180.299934</timestamp>
			</report>
			<report>
				<misses>753001</misses>
				<total>8</total>
				<timestamp>180.539769</timestamp>
			</report>
			<report>
				<misses>754001</misses>
				<total>7</total>
				<timestamp>180.779487</timestamp>
			</report>
			<report>
				<misses>755001</misses>
				<total>8</total>
				<timestamp>181.019217</timestamp>
			</report>
			<report>
				<misses>756001</misses>
				<total>8</total>
				<timestamp>181.259027</timestamp>
			</report>
			<report>
				<misses>757001</misses>
				<total>8</total>
				<timestamp>181.498740</timestamp>
			</report>
			<report>
				<misses>758001</misses>
				<total>8</total>
				<timestamp>181.738519</timestamp>
			</report>
			<report>
				<misses>759001</misses>
				<total>7</total>
				<timestamp>181.978370</timestamp>
			</report>
			<report>
				<misses>760001</misses>
				<total>8</total>
				<timestamp>182.218045</timestamp>
			</report>
			<report>
				<misses>761001</misses>
				<total>8</total>
				<timestamp>182.457814</timestamp>
			</report>
			<report>
				<misses>762001</misses>
				<total>8</total>
				<timestamp>182.697580</timestamp>
			</report>
			<report>
				<misses>763001</misses>
				<total>8</total>
				<timestamp>182.937290</timestamp>
			</report>
			<report>
				<misses>764001</misses>
				<total>8</total>
				<timestamp>183.177096</timestamp>
			</report>
			<report>
				<misses>765001</misses>
				<total>8</total>
				<timestamp>183.416824</timestamp>
			</report>
			<report>
				<misses>766001</misses>
				<total>8</total>
				<timestamp>183.656588</timestamp>
			</report>
			<report>
				<misses>767001</misses>
				<total>8</total>
				<timestamp>183.896351</timestamp>
			</report>
			<report>
				<misses>768001</misses>
				<total>7</total>
				<timestamp>184.136199</timestamp>
			</report>
			<report>
				<misses>769001</misses>
				<total>8</total>
				<timestamp>184.375903</timestamp>
			</report>
			<report>
				<misses>770001</misses>
				<total>8</total>
				<timestamp>184.615609</timestamp>
			</report>
			<report>
				<misses>771001</misses>
				<total>8</total>
				<timestamp>184.855445</timestamp>
			</report>
			<report>
				<misses>772001</misses>
				<total>8</total>
				<timestamp>185.095203</timestamp>
			</report>
			<report>
				<misses>773001</misses>
				<total>8</total>
				<timestamp>185.334911</timestamp>
			</report>
			<report>
				<misses>774001</misses>
				<total>8</total>
				<timestamp>185.574675</timestamp>
			</report>
			<report>
				<misses>775001</misses>
				<total>8</total>
				<timestamp>185.814416</timestamp>
			</report>
			<report>
				<misses>776001</misses>
				<total>8</total>
				<timestamp>186.054251</timestamp>
			</report>
			<report>
				<misses>777001</misses>
				<total>7</total>
				<timestamp>186.294006</timestamp>
			</report>
			<report>
				<misses>778001</misses>
				<total>8</total>
				<timestamp>186.533714</timestamp>
			</report>
			<report>
				<misses>779001</misses>
				<total>8</total>
				<timestamp>186.773456</timestamp>
			</report>
			<report>
				<misses>780001</misses>
				<total>7</total>
				<timestamp>187.013306</timestamp>
			</report>
			<report>
				<misses>781001</misses>
				<total>8</total>
				<timestamp>187.252975</timestamp>
			</report>
			<report>
				<misses>782001</misses>
				<total>7</total>
				<timestamp>187.492776</timestamp>
			</report>
			<report>
				<misses>783001</misses>
				<total>8</total>
				<timestamp>187.732486</timestamp>
			</report>
			<report>
				<misses>784001</misses>
				<total>8</total>
				<timestamp>187.972290</timestamp>
			</report>
			<report>
				<misses>785001</misses>
				<total>8</total>
				<timestamp>188.212082</timestamp>
			</report>
			<report>
				<misses>786001</misses>
				<total>8</total>
				<timestamp>188.451829</timestamp>
			</report>
			<report>
				<misses>787001</misses>
				<total>8</total>
				<timestamp>188.691524</timestamp>
			</report>
			<report>
				<misses>788001</misses>
				<total>7</total>
				<timestamp>188.931422</timestamp>
			</report>
			<report>
				<misses>789001</misses>
				<total>8</total>
				<timestamp>189.171087</timestamp>
			</report>
			<report>
				<misses>790001</misses>
				<total>8</total>
				<timestamp>189.410851</timestamp>
			</report>
			<report>
				<misses>791001</misses>
				<total>8</total>
				<timestamp>189.650575</timestamp>
			</report>
			<report>
				<misses>792001</misses>
				<total>8</total>
				<timestamp>189.890339</timestamp>
			</report>
			<report>
				<misses>793001</misses>
				<total>8</total>
				<timestamp>190.130175</timestamp>
			</report>
			<report>
				<misses>794001</misses>
				<total>8</total>
				<timestamp>190.369891</timestamp>
			</report>
			<report>
				<misses>795001</misses>
				<total>7</total>
				<timestamp>190.609686</timestamp>
			</report>
			<report>
				<misses>796001</misses>
				<total>8</total>
				<timestamp>190.849392</timestamp>
			</report>
			<report>
				<misses>797001</misses>
				<total>8</total>
				<timestamp>191.089196</timestamp>
			</report>
			<report>
				<misses>798001</misses>
				<total>8</total>
				<timestamp>191.328901</timestamp>
			</report>
			<report>
				<misses>799001</misses>
				<total>7</total>
				<timestamp>191.568789</timestamp>
			</report>
			<report>
				<misses>800001</misses>
				<total>7</total>
				<timestamp>191.808542</timestamp>
			</report>
			<report>
				<misses>801001</misses>
				<total>8</total>
				<timestamp>192.048215</timestamp>
			</report>
			<report>
				<misses>802001</misses>
				<total>7</total>
				<timestamp>192.288058</timestamp>
			</report>
			<report>
				<misses>803001</misses>
				<total>8</total>
				<timestamp>192.527729</timestamp>
			</report>
			<report>
				<misses>804001</misses>
				<total>7</total>
				<timestamp>192.767559</timestamp>
			</report>
			<report>
				<misses>805001</misses>
				<total>8</total>
				<timestamp>193.007239</timestamp>
			</report>
			<report>
				<misses>806001</misses>
				<total>8</total>
				<timestamp>193.246970</timestamp>
			</report>
			<report>
				<misses>807001</misses>
				<total>8</total>
				<timestamp>193.486769</timestamp>
			</report>
			<report>
				<misses>808001</misses>
				<total>8</total>
				<timestamp>193.726503</timestamp>
			</report>
			<report>
				<misses>809001</misses>
				<total>8</total>
				<timestamp>193.966255</timestamp>
			</report>
			<report>
				<misses>810001</misses>
				<total>7</total>
				<timestamp>194.206159</timestamp>
			</report>
			<report>
				<misses>811001</misses>
				<total>7</total>
				<timestamp>194.445907</timestamp>
			</report>
			<report>
				<misses>812001</misses>
				<total>8</total>
				<timestamp>194.685543</timestamp>
			</report>
			<report>
				<misses>813001</misses>
				<total>8</total>
				<timestamp>194.925406</timestamp>
			</report>
			<report>
				<misses>814001</misses>
				<total>8</total>
				<timestamp>195.165097</timestamp>
			</report>
			<report>
				<misses>815001</misses>
				<total>8</total>
				<timestamp>195.404836</timestamp>
			</report>
			<report>
				<misses>816001</misses>
				<total>8</total>
				<timestamp>195.644590</timestamp>
			</report>
			<report>
				<misses>817001</misses>
				<total>8</total>
				<timestamp>195.884350</timestamp>
			</report>
			<report>
				<misses>818001</misses>
				<total>7</total>
				<timestamp>196.124185</timestamp>
			</report>
			<report>
				<misses>819001</misses>
				<total>8</total>
				<timestamp>196.363866</timestamp>
			</report>
			<report>
				<misses>820001</misses>
				<total>8</total>
				<timestamp>196.603621</timestamp>
			</report>
			<report>
				<misses>821001</misses>
				<total>7</total>
				<timestamp>196.843419</timestamp>
			</report>
			<report>
				<misses>822001</misses>
				<total>8</total>
				<timestamp>197.083258</timestamp>
			</report>
			<report>
				<misses>823001</misses>
				<total>7</total>
				<timestamp>197.323061</timestamp>
			</report>
			<report>
				<misses>824001</misses>
				<total>8</total>
				<timestamp>197.562656</timestamp>
			</report>
			<report>
				<misses>825001</misses>
				<total>8</total>
				<timestamp>197.802439</timestamp>
			</report>
			<report>
				<misses>826001</misses>
				<total>8</total>
				<timestamp>198.042236</timestamp>
			</report>
			<report>
				<misses>827001</misses>
				<total>8</total>
				<timestamp>198.281947</timestamp>
			</report>
			<report>
				<misses>828001</misses>
				<total>8</total>
				<timestamp>198.521764</timestamp>
			</report>
			<report>
				<misses>829001</misses>
				<total>8</total>
				<timestamp>198.761503</timestamp>
			</report>
			<report>
				<misses>830001</misses>
				<total>8</total>
				<timestamp>199.001231</timestamp>
			</report>
			<report>
				<misses>831001</misses>
				<total>8</total>
				<timestamp>199.241000</timestamp>
			</report>
			<report>
				<misses>832001</misses>
				<total>8</total>
				<timestamp>199.480763</timestamp>
			</report>
			<report>
				<misses>833001</misses>
				<total>8</total>
				<timestamp>199.720490</timestamp>
			</report>
			<report>
				<misses>834001</misses>
				<total>8</total>
				<timestamp>199.960271</timestamp>
			</report>
			<report>
				<misses>835001</misses>
				<total>8</total>
				<timestamp>200.200064</timestamp>
			</report>
			<report>
				<misses>836001</misses>
				<total>8</total>
				<timestamp>200.439775</timestamp>
			</report>
			<report>
				<misses>837001</misses>
				<total>8</total>
				<timestamp>200.679525</timestamp>
			</report>
			<report>
				<misses>838001</misses>
				<total>8</total>
				<timestamp>200.919322</timestamp>
			</report>
			<report>
				<misses>839001</misses>
				<total>8</total>
				<timestamp>201.159051</timestamp>
			</report>
			<report>
				<misses>840001</misses>
				<total>8</total>
				<timestamp>201.398922</timestamp>
			</report>
			<report>
				<misses>841001</misses>
				<total>8</total>
				<timestamp>201.638615</timestamp>
			</report>
			<report>
				<misses>842001</misses>
				<total>8</total>
				<timestamp>201.878338</timestamp>
			</report>
			<report>
				<misses>843001</misses>
				<total>8</total>
				<timestamp>202.118110</timestamp>
			</report>
			<report>
				<misses>844001</misses>
				<total>8</total>
				<timestamp>202.357863</timestamp>
			</report>
			<report>
				<misses>845001</misses>
				<total>8</total>
				<timestamp>202.597637</timestamp>
			</report>
			<report>
				<misses>846001</misses>
				<total>8</total>
				<timestamp>202.837369</timestamp>
			</report>
			<report>
				<misses>847001</misses>
				<total>8</total>
				<timestamp>203.077169</timestamp>
			</report>
			<report>
				<misses>848001</misses>
				<total>8</total>
				<timestamp>203.316901</timestamp>
			</report>
			<report>
				<misses>849001</misses>
				<total>8</total>
				<timestamp>203.556714</timestamp>
			</report>
			<report>
				<misses>850001</misses>
				<total>7</total>
				<timestamp>203.796496</timestamp>
			</report>
			<report>
				<misses>851001</misses>
				<total>8</total>
				<timestamp>204.036262</timestamp>
			</report>
			<report>
				<misses>852001</misses>
				<total>8</total>
				<timestamp>204.276060</timestamp>
			</report>
			<report>
				<misses>853001</misses>
				<total>7</total>
				<timestamp>204.515824</timestamp>
			</report>
			<report>
				<misses>854001</misses>
				<total>8</total>
				<timestamp>204.755452</timestamp>
			</report>
			<report>
				<misses>855001</misses>
				<total>8</total>
				<timestamp>204.995229</timestamp>
			</report>
			<report>
				<misses>856001</misses>
				<total>7</total>
				<timestamp>205.235104</timestamp>
			</report>
			<report>
				<misses>857001</misses>
				<total>8</total>
				<timestamp>205.474785</timestamp>
			</report>
			<report>
				<misses>858001</misses>
				<total>8</total>
				<timestamp>205.714499</timestamp>
			</report>
			<report>
				<misses>859001</misses>
				<total>8</total>
				<timestamp>205.954290</timestamp>
			</report>
			<report>
				<misses>860001</misses>
				<total>8</total>
				<timestamp>206.194061</timestamp>
			</report>
			<report>
				<misses>861001</misses>
				<total>8</total>
				<timestamp>206.433819</timestamp>
			</report>
			<report>
				<misses>862001</misses>
				<total>8</total>
				<timestamp>206.673563</timestamp>
			</report>
			<report>
				<misses>863001</misses>
				<total>8</total>
				<timestamp>206.913306</timestamp>
			</report>
			<report>
				<misses>864001</misses>
				<total>8</total>
				<timestamp>207.153075</timestamp>
			</report>
			<report>
				<misses>865001</misses>
				<total>8</total>
				<timestamp>207.392848</timestamp>
			</report>
			<report>
				<misses>866001</misses>
				<total>8</total>
				<timestamp>207.632603</timestamp>
			</report>
			<report>
				<misses>867001</misses>
				<total>8</total>
				<timestamp>207.872346</timestamp>
			</report>
			<report>
				<misses>868001</misses>
				<total>7</total>
				<timestamp>208.112199</timestamp>
			</report>
			<report>
				<misses>869001</misses>
				<total>8</total>
				<timestamp>208.351883</timestamp>
			</report>
			<report>
				<misses>870001</misses>
				<total>8</total>
				<timestamp>208.591639</timestamp>
			</report>
			<report>
				<misses>871001</misses>
				<total>8</total>
				<timestamp>208.831432</timestamp>
			</report>
			<report>
				<misses>872001</misses>
				<total>8</total>
				<timestamp>209.071182</timestamp>
			</report>
			<report>
				<misses>873001</misses>
				<total>8</total>
				<timestamp>209.310908</timestamp>
			</report>
			<report>
				<misses>874001</misses>
				<total>8</total>
				<timestamp>209.550697</timestamp>
			</report>
			<report>
				<misses>875001</misses>
				<total>8</total>
				<timestamp>209.790440</timestamp>
			</report>
			<report>
				<misses>876001</misses>
				<total>8</total>
				<timestamp>210.030181</timestamp>
			</report>
			<report>
				<misses>877001</misses>
				<total>7</total>
				<timestamp>210.270054</timestamp>
			</report>
			<report>
				<misses>878001</misses>
				<total>7</total>
				<timestamp>210.509720</timestamp>
			</report>
			<report>
				<misses>879001</misses>
				<total>8</total>
				<timestamp>210.749481</timestamp>
			</report>
			<report>
				<misses>880001</misses>
				<total>8</total>
				<timestamp>210.989223</timestamp>
			</report>
			<report>
				<misses>881001</misses>
				<total>7</total>
				<timestamp>211.229164</timestamp>
			</report>
			<report>
				<misses>882001</misses>
				<total>8</total>
				<timestamp>211.468786</timestamp>
			</report>
			<report>
				<misses>883001</misses>
				<total>8</total>
				<timestamp>211.708502</timestamp>
			</report>
			<report>
				<misses>884001</misses>
				<total>7</total>
				<timestamp>211.948369</timestamp>
			</report>
			<report>
				<misses>885001</misses>
				<total>8</total>
				<timestamp>212.188035</timestamp>
			</report>
			<report>
				<misses>886001</misses>
				<total>8</total>
				<timestamp>212.427769</timestamp>
			</report>
			<report>
				<misses>887001</misses>
				<total>8</total>
				<timestamp>212.667532</timestamp>
			</report>
			<report>
				<misses>888001</misses>
				<total>8</total>
				<timestamp>212.907294</timestamp>
			</report>
			<report>
				<misses>889001</misses>
				<total>8</total>
				<timestamp>213.147103</timestamp>
			</report>
			<report>
				<misses>890001</misses>
				<total>8</total>
				<timestamp>213.386835</timestamp>
			</report>
			<report>
				<misses>891001</misses>
				<total>8</total>
				<timestamp>213.626634</timestamp>
			</report>
			<report>
				<misses>892001</misses>
				<total>8</total>
				<timestamp>213.866337</timestamp>
			</report>
			<report>
				<misses>893001</misses>
				<total>7</total>
				<timestamp>214.106202</timestamp>
			</report>
			<report>
				<misses>894001</misses>
				<total>8</total>
				<timestamp>214.345936</timestamp>
			</report>
			<report>
				<misses>895001</misses>
				<total>8</total>
				<timestamp>214.585662</timestamp>
			</report>
			<report>
				<misses>896001</misses>
				<total>7</total>
				<timestamp>214.825510</timestamp>
			</report>
			<report>
				<misses>897001</misses>
				<total>8</total>
				<timestamp>215.065146</timestamp>
			</report>
			<report>
				<misses>898001</misses>
				<total>8</total>
				<timestamp>215.304921</timestamp>
			</report>
			<report>
				<misses>899001</misses>
				<total>8</total>
				<timestamp>215.544682</timestamp>
			</report>
			<report>
				<misses>900001</misses>
				<total>8</total>
				<timestamp>215.784484</timestamp>
			</report>
			<report>
				<misses>901001</misses>
				<total>7</total>
				<timestamp>216.024272</timestamp>
			</report>
			<report>
				<misses>902001</misses>
				<total>8</total>
				<timestamp>216.263988</timestamp>
			</report>
			<report>
				<misses>903001</misses>
				<total>8</total>
				<timestamp>216.503732</timestamp>
			</report>
			<report>
				<misses>904001</misses>
				<total>8</total>
				<timestamp>216.743522</timestamp>
			</report>
			<report>
				<misses>905001</misses>
				<total>7</total>
				<timestamp>216.983242</timestamp>
			</report>
			<report>
				<misses>906001</misses>
				<total>8</total>
				<timestamp>217.222968</timestamp>
			</report>
			<report>
				<misses>907001</misses>
				<total>8</total>
				<timestamp>217.462758</timestamp>
			</report>
			<report>
				<misses>908001</misses>
				<total>8</total>
				<timestamp>217.702489</timestamp>
			</report>
			<report>
				<misses>909001</misses>
				<total>7</total>
				<timestamp>217.942338</timestamp>
			</report>
			<report>
				<misses>910001</misses>
				<total>7</total>
				<timestamp>218.182091</timestamp>
			</report>
			<report>
				<misses>911001</misses>
				<total>7</total>
				<timestamp>218.421919</timestamp>
			</report>
			<report>
				<misses>912001</misses>
				<total>8</total>
				<timestamp>218.661557</timestamp>
			</report>
			<report>
				<misses>913001</misses>
				<total>8</total>
				<timestamp>218.901372</timestamp>
			</report>
			<report>
				<misses>914001</misses>
				<total>8</total>
				<timestamp>219.141088</timestamp>
			</report>
			<report>
				<misses>915001</misses>
				<total>8</total>
				<timestamp>219.380834</timestamp>
			</report>
			<report>
				<misses>916001</misses>
				<total>8</total>
				<timestamp>219.620602</timestamp>
			</report>
			<report>
				<misses>917001</misses>
				<total>8</total>
				<timestamp>219.860392</timestamp>
			</report>
			<report>
				<misses>918001</misses>
				<total>8</total>
				<timestamp>220.100112</timestamp>
			</report>
			<report>
				<misses>919001</misses>
				<total>7</total>
				<timestamp>220.339995</timestamp>
			</report>
			<report>
				<misses>920001</misses>
				<total>8</total>
				<timestamp>220.579626</timestamp>
			</report>
			<report>
				<misses>921001</misses>
				<total>7</total>
				<timestamp>220.819383</timestamp>
			</report>
			<report>
				<misses>922001</misses>
				<total>8</total>
				<timestamp>221.059181</timestamp>
			</report>
			<report>
				<misses>923001</misses>
				<total>8</total>
				<timestamp>221.298916</timestamp>
			</report>
			<report>
				<misses>924001</misses>
				<total>8</total>
				<timestamp>221.538663</timestamp>
			</report>
			<report>
				<misses>925001</misses>
				<total>8</total>
				<timestamp>221.778421</timestamp>
			</report>
			<report>
				<misses>926001</misses>
				<total>8</total>
				<timestamp>222.018182</timestamp>
			</report>
			<report>
				<misses>927001</misses>
				<total>7</total>
				<timestamp>222.258023</timestamp>
			</report>
			<report>
				<misses>928001</misses>
				<total>7</total>
				<timestamp>222.497818</timestamp>
			</report>
			<report>
				<misses>929001</misses>
				<total>8</total>
				<timestamp>222.737462</timestamp>
			</report>
			<report>
				<misses>930001</misses>
				<total>8</total>
				<timestamp>222.977214</timestamp>
			</report>
			<report>
				<misses>931001</misses>
				<total>8</total>
				<timestamp>223.216989</timestamp>
			</report>
			<report>
				<misses>932001</misses>
				<total>8</total>
				<timestamp>223.456738</timestamp>
			</report>
			<report>
				<misses>933001</misses>
				<total>8</total>
				<timestamp>223.696509</timestamp>
			</report>
			<report>
				<misses>934001</misses>
				<total>7</total>
				<timestamp>223.936338</timestamp>
			</report>
			<report>
				<misses>935001</misses>
				<total>8</total>
				<timestamp>224.176091</timestamp>
			</report>
			<report>
				<misses>936001</misses>
				<total>7</total>
				<timestamp>224.415900</timestamp>
			</report>
			<report>
				<misses>937001</misses>
				<total>7</total>
				<timestamp>224.655699</timestamp>
			</report>
			<report>
				<misses>938001</misses>
				<total>8</total>
				<timestamp>224.895294</timestamp>
			</report>
			<report>
				<misses>939001</misses>
				<total>8</total>
				<timestamp>225.135087</timestamp>
			</report>
			<report>
				<misses>940001</misses>
				<total>8</total>
				<timestamp>225.374869</timestamp>
			</report>
			<report>
				<misses>941001</misses>
				<total>8</total>
				<timestamp>225.614630</timestamp>
			</report>
			<report>
				<misses>942001</misses>
				<total>8</total>
				<timestamp>225.854336</timestamp>
			</report>
			<report>
				<misses>943001</misses>
				<total>8</total>
				<timestamp>226.094124</timestamp>
			</report>
			<report>
				<misses>944001</misses>
				<total>8</total>
				<timestamp>226.333911</timestamp>
			</report>
			<report>
				<misses>945001</misses>
				<total>8</total>
				<timestamp>226.573627</timestamp>
			</report>
			<report>
				<misses>946001</misses>
				<total>8</total>
				<timestamp>226.813369</timestamp>
			</report>
			<report>
				<misses>947001</misses>
				<total>8</total>
				<timestamp>227.053139</timestamp>
			</report>
			<report>
				<misses>948001</misses>
				<total>8</total>
				<timestamp>227.292921</timestamp>
			</report>
			<report>
				<misses>949001</misses>
				<total>7</total>
				<timestamp>227.532811</timestamp>
			</report>
			<report>
				<misses>950001</misses>
				<total>8</total>
				<timestamp>227.772413</timestamp>
			</report>
			<report>
				<misses>951001</misses>
				<total>8</total>
				<timestamp>228.012180</timestamp>
			</report>
			<report>
				<misses>952001</misses>
				<total>8</total>
				<timestamp>228.252067</timestamp>
			</report>
			<report>
				<misses>953001</misses>
				<total>7</total>
				<timestamp>228.491820</timestamp>
			</report>
			<report>
				<misses>954001</misses>
				<total>8</total>
				<timestamp>228.731446</timestamp>
			</report>
			<report>
				<misses>955001</misses>
				<total>8</total>
				<timestamp>228.971269</timestamp>
			</report>
			<report>
				<misses>956001</misses>
				<total>8</total>
				<timestamp>229.210994</timestamp>
			</report>
			<report>
				<misses>957001</misses>
				<total>8</total>
				<timestamp>229.450745</timestamp>
			</report>
			<report>
				<misses>958001</misses>
				<total>8</total>
				<timestamp>229.690523</timestamp>
			</report>
			<report>
				<misses>959001</misses>
				<total>7</total>
				<timestamp>229.930330</timestamp>
			</report>
			<report>
				<misses>960001</misses>
				<total>8</total>
				<timestamp>230.170040</timestamp>
			</report>
			<report>
				<misses>961001</misses>
				<total>8</total>
				<timestamp>230.409797</timestamp>
			</report>
			<report>
				<misses>962001</misses>
				<total>8</total>
				<timestamp>230.649531</timestamp>
			</report>
			<report>
				<misses>963001</misses>
				<total>8</total>
				<timestamp>230.889312</timestamp>
			</report>
			<report>
				<misses>964001</misses>
				<total>8</total>
				<timestamp>231.129070</timestamp>
			</report>
			<report>
				<misses>965001</misses>
				<total>8</total>
				<timestamp>231.368858</timestamp>
			</report>
			<report>
				<misses>966001</misses>
				<total>8</total>
				<timestamp>231.608605</timestamp>
			</report>
			<report>
				<misses>967001</misses>
				<total>8</total>
				<timestamp>231.848350</timestamp>
			</report>
			<report>
				<misses>968001</misses>
				<total>8</total>
				<timestamp>232.088209</timestamp>
			</report>
			<report>
				<misses>969001</misses>
				<total>8</total>
				<timestamp>232.328003</timestamp>
			</report>
			<report>
				<misses>970001</misses>
				<total>8</total>
				<timestamp>232.567645</timestamp>
			</report>
			<report>
				<misses>971001</misses>
				<total>8</total>
				<timestamp>232.807390</timestamp>
			</report>
			<report>
				<misses>972001</misses>
				<total>8</total>
				<timestamp>233.047133</timestamp>
			</report>
			<report>
				<misses>973001</misses>
				<total>8</total>
				<timestamp>233.286898</timestamp>
			</report>
			<report>
				<misses>974001</misses>
				<total>7</total>
				<timestamp>233.526850</timestamp>
			</report>
			<report>
				<misses>975001</misses>
				<total>8</total>
				<timestamp>233.766446</timestamp>
			</report>
			<report>
				<misses>976001</misses>
				<total>8</total>
				<timestamp>234.006175</timestamp>
			</report>
			<report>
				<misses>977001</misses>
				<total>7</total>
				<timestamp>234.246013</timestamp>
			</report>
			<report>
				<misses>978001</misses>
				<total>8</total>
				<timestamp>234.485756</timestamp>
			</report>
			<report>
				<misses>979001</misses>
				<total>8</total>
				<timestamp>234.725464</timestamp>
			</report>
			<report>
				<misses>980001</misses>
				<total>8</total>
				<timestamp>234.965208</timestamp>
			</report>
			<report>
				<misses>981001</misses>
				<total>8</total>
				<timestamp>235.204982</timestamp>
			</report>
			<report>
				<misses>982001</misses>
				<total>8</total>
				<timestamp>235.444750</timestamp>
			</report>
			<report>
				<misses>983001</misses>
				<total>8</total>
				<timestamp>235.684552</timestamp>
			</report>
			<report>
				<misses>984001</misses>
				<total>8</total>
				<timestamp>235.924319</timestamp>
			</report>
			<report>
				<misses>985001</misses>
				<total>8</total>
				<timestamp>236.164051</timestamp>
			</report>
			<report>
				<misses>986001</misses>
				<total>8</total>
				<timestamp>236.403831</timestamp>
			</report>
			<report>
				<misses>987001</misses>
				<total>8</total>
				<timestamp>236.643549</timestamp>
			</report>
			<report>
				<misses>988001</misses>
				<total>7</total>
				<timestamp>236.883431</timestamp>
			</report>
			<report>
				<misses>989001</misses>
				<total>7</total>
				<timestamp>237.123160</timestamp>
			</report>
			<report>
				<misses>990001</misses>
				<total>7</total>
				<timestamp>237.362987</timestamp>
			</report>
			<report>
				<misses>991001</misses>
				<total>8</total>
				<timestamp>237.602569</timestamp>
			</report>
			<report>
				<misses>992001</misses>
				<total>7</total>
				<timestamp>237.842435</timestamp>
			</report>
			<report>
				<misses>993001</misses>
				<total>8</total>
				<timestamp>238.082112</timestamp>
			</report>
			<report>
				<misses>994001</misses>
				<total>8</total>
				<timestamp>238.321977</timestamp>
			</report>
			<report>
				<misses>995001</misses>
				<total>8</total>
				<timestamp>238.561658</timestamp>
			</report>
			<report>
				<misses>996001</misses>
				<total>7</total>
				<timestamp>238.801399</timestamp>
			</report>
			<report>
				<misses>997001</misses>
				<total>8</total>
				<timestamp>239.041158</timestamp>
			</report>
			<report>
				<misses>998001</misses>
				<total>8</total>
				<timestamp>239.280897</timestamp>
			</report>
			<report>
				<misses>999001</misses>
				<total>7</total>
				<timestamp>239.520739</timestamp>
			</report>
			<report>
				<misses>1000001</misses>
				<total>8</total>
				<timestamp>239.760436</timestamp>
			</report>
			<report>
				<misses>1001001</misses>
				<total>7</total>
				<timestamp>240.000287</timestamp>
			</report>
			<report>
				<misses>1002001</misses>
				<total>7</total>
				<timestamp>240.240013</timestamp>
			</report>
			<report>
				<misses>1003001</misses>
				<total>8</total>
				<timestamp>240.479745</timestamp>
			</report>
			<report>
				<misses>1004001</misses>
				<total>7</total>
				<timestamp>240.719573</timestamp>
			</report>
			<report>
				<misses>1005001</misses>
				<total>8</total>
				<timestamp>240.959233</timestamp>
			</report>
			<report>
				<misses>1006001</misses>
				<total>8</total>
				<timestamp>241.199006</timestamp>
			</report>
			<report>
				<misses>1007001</misses>
				<total>8</total>
				<timestamp>241.438781</timestamp>
			</report>
			<report>
				<misses>1008001</misses>
				<total>8</total>
				<timestamp>241.678493</timestamp>
			</report>
			<report>
				<misses>1009001</misses>
				<total>8</total>
				<timestamp>241.918356</timestamp>
			</report>
			<report>
				<misses>1010001</misses>
				<total>8</total>
				<timestamp>242.158013</timestamp>
			</report>
			<report>
				<misses>1011001</misses>
				<total>7</total>
				<timestamp>242.397880</timestamp>
			</report>
			<report>
				<misses>1012001</misses>
				<total>8</total>
				<timestamp>242.637567</timestamp>
			</report>
			<report>
				<misses>1013001</misses>
				<total>8</total>
				<timestamp>242.877311</timestamp>
			</report>
			<report>
				<misses>1014001</misses>
				<total>8</total>
				<timestamp>243.117072</timestamp>
			</report>
			<report>
				<misses>1015001</misses>
				<total>7</total>
				<timestamp>243.356960</timestamp>
			</report>
			<report>
				<misses>1016001</misses>
				<total>7</total>
				<timestamp>243.596694</timestamp>
			</report>
			<report>
				<misses>1017001</misses>
				<total>8</total>
				<timestamp>243.836325</timestamp>
			</report>
			<report>
				<misses>1018001</misses>
				<total>8</total>
				<timestamp>244.076097</timestamp>
			</report>
			<report>
				<misses>1019001</misses>
				<total>8</total>
				<timestamp>244.315923</timestamp>
			</report>
			<report>
				<misses>1020001</misses>
				<total>8</total>
				<timestamp>244.555684</timestamp>
			</report>
			<report>
				<misses>1021001</misses>
				<total>8</total>
				<timestamp>244.795376</timestamp>
			</report>
			<report>
				<misses>1022001</misses>
				<total>8</total>
				<timestamp>245.035146</timestamp>
			</report>
			<report>
				<misses>1023001</misses>
				<total>8</total>
				<timestamp>245.274951</timestamp>
			</report>
			<report>
				<misses>1024001</misses>
				<total>8</total>
				<timestamp>245.514693</timestamp>
			</report>
			<report>
				<misses>1025001</misses>
				<total>8</total>
				<timestamp>245.754432</timestamp>
			</report>
			<report>
				<misses>1026001</misses>
				<total>8</total>
				<timestamp>245.994181</timestamp>
			</report>
			<report>
				<misses>1027001</misses>
				<total>8</total>
				<timestamp>246.233941</timestamp>
			</report>
			<report>
				<misses>1028001</misses>
				<total>8</total>
				<timestamp>246.473720</timestamp>
			</report>
			<report>
				<misses>1029001</misses>
				<total>8</total>
				<timestamp>246.713483</timestamp>
			</report>
			<report>
				<misses>1030001</misses>
				<total>8</total>
				<timestamp>246.953219</timestamp>
			</report>
			<report>
				<misses>1031001</misses>
				<total>7</total>
				<timestamp>247.193022</timestamp>
			</report>
			<report>
				<misses>1032001</misses>
				<total>8</total>
				<timestamp>247.432774</timestamp>
			</report>
			<report>
				<misses>1033001</misses>
				<total>7</total>
				<timestamp>247.672527</timestamp>
			</report>
			<report>
				<misses>1034001</misses>
				<total>8</total>
				<timestamp>247.912280</timestamp>
			</report>
			<report>
				<misses>1035001</misses>
				<total>7</total>
				<timestamp>248.152145</timestamp>
			</report>
			<report>
				<misses>1036001</misses>
				<total>8</total>
				<timestamp>248.391783</timestamp>
			</report>
			<report>
				<misses>1037001</misses>
				<total>8</total>
				<timestamp>248.631538</timestamp>
			</report>
			<report>
				<misses>1038001</misses>
				<total>8</total>
				<timestamp>248.871306</timestamp>
			</report>
			<report>
				<misses>1039001</misses>
				<total>8</total>
				<timestamp>249.111068</timestamp>
			</report>
			<report>
				<misses>1040001</misses>
				<total>8</total>
				<timestamp>249.350834</timestamp>
			</report>
			<report>
				<misses>1041001</misses>
				<total>7</total>
				<timestamp>249.590700</timestamp>
			</report>
			<report>
				<misses>1042001</misses>
				<total>8</total>
				<timestamp>249.830383</timestamp>
			</report>
			<report>
				<misses>1043001</misses>
				<total>8</total>
				<timestamp>250.070118</timestamp>
			</report>
			<report>
				<misses>1044001</misses>
				<total>8</total>
				<timestamp>250.309898</timestamp>
			</report>
			<report>
				<misses>1045001</misses>
				<total>8</total>
				<timestamp>250.549637</timestamp>
			</report>
			<report>
				<misses>1046001</misses>
				<total>8</total>
				<timestamp>250.789433</timestamp>
			</report>
			<report>
				<misses>1047001</misses>
				<total>7</total>
				<timestamp>251.029167</timestamp>
			</report>
			<report>
				<misses>1048001</misses>
				<total>7</total>
				<timestamp>251.268998</timestamp>
			</report>
			<report>
				<misses>1049001</misses>
				<total>7</total>
				<timestamp>251.508766</timestamp>
			</report>
			<report>
				<misses>1050001</misses>
				<total>7</total>
				<timestamp>251.748569</timestamp>
			</report>
			<report>
				<misses>1051001</misses>
				<total>8</total>
				<timestamp>251.988167</timestamp>
			</report>
			<report>
				<misses>1052001</misses>
				<total>7</total>
				<timestamp>252.228036</timestamp>
			</report>
			<report>
				<misses>1053001</misses>
				<total>8</total>
				<timestamp>252.467732</timestamp>
			</report>
			<report>
				<misses>1054001</misses>
				<total>8</total>
				<timestamp>252.707488</timestamp>
			</report>
			<report>
				<misses>1055001</misses>
				<total>8</total>
				<timestamp>252.947229</timestamp>
			</report>
			<report>
				<misses>1056001</misses>
				<total>7</total>
				<timestamp>253.187042</timestamp>
			</report>
			<report>
				<misses>1057001</misses>
				<total>8</total>
				<timestamp>253.426776</timestamp>
			</report>
			<report>
				<misses>1058001</misses>
				<total>8</total>
				<timestamp>253.666520</timestamp>
			</report>
			<report>
				<misses>1059001</misses>
				<total>8</total>
				<timestamp>253.906269</timestamp>
			</report>
			<report>
				<misses>1060001</misses>
				<total>8</total>
				<timestamp>254.146099</timestamp>
			</report>
			<report>
				<misses>1061001</misses>
				<total>8</total>
				<timestamp>254.385833</timestamp>
			</report>
			<report>
				<misses>1062001</misses>
				<total>8</total>
				<timestamp>254.625557</timestamp>
			</report>
			<report>
				<misses>1063001</misses>
				<total>8</total>
				<timestamp>254.865301</timestamp>
			</report>
			<report>
				<misses>1064001</misses>
				<total>8</total>
				<timestamp>255.105067</timestamp>
			</report>
			<report>
				<misses>1065001</misses>
				<total>8</total>
				<timestamp>255.344858</timestamp>
			</report>
			<report>
				<misses>1066001</misses>
				<total>8</total>
				<timestamp>255.584636</timestamp>
			</report>
			<report>
				<misses>1067001</misses>
				<total>8</total>
				<timestamp>255.824349</timestamp>
			</report>
			<report>
				<misses>1068001</misses>
				<total>8</total>
				<timestamp>256.064090</timestamp>
			</report>
			<report>
				<misses>1069001</misses>
				<total>8</total>
				<timestamp>256.303892</timestamp>
			</report>
			<report>
				<misses>1070001</misses>
				<total>7</total>
				<timestamp>256.543811</timestamp>
			</report>
			<report>
				<misses>1071001</misses>
				<total>8</total>
				<timestamp>256.783410</timestamp>
			</report>
			<report>
				<misses>1072001</misses>
				<total>8</total>
				<timestamp>257.023129</timestamp>
			</report>
			<report>
				<misses>1073001</misses>
				<total>7</total>
				<timestamp>257.263025</timestamp>
			</report>
			<report>
				<misses>1074001</misses>
				<total>7</total>
				<timestamp>257.502747</timestamp>
			</report>
			<report>
				<misses>1075001</misses>
				<total>8</total>
				<timestamp>257.742440</timestamp>
			</report>
			<report>
				<misses>1076001</misses>
				<total>8</total>
				<timestamp>257.982218</timestamp>
			</report>
			<report>
				<misses>1077001</misses>
				<total>8</total>
				<timestamp>258.221989</timestamp>
			</report>
			<report>
				<misses>1078001</misses>
				<total>8</total>
				<timestamp>258.461735</timestamp>
			</report>
			<report>
				<misses>1079001</misses>
				<total>8</total>
				<timestamp>258.701547</timestamp>
			</report>
			<report>
				<misses>1080001</misses>
				<total>8</total>
				<timestamp>258.941225</timestamp>
			</report>
			<report>
				<misses>1081001</misses>
				<total>8</total>
				<timestamp>259.181001</timestamp>
			</report>
			<report>
				<misses>1082001</misses>
				<total>8</total>
				<timestamp>259.420769</timestamp>
			</report>
			<report>
				<misses>1083001</misses>
				<total>8</total>
				<timestamp>259.660524</timestamp>
			</report>
			<report>
				<misses>1084001</misses>
				<total>8</total>
				<timestamp>259.900262</timestamp>
			</report>
			<report>
				<misses>1085001</misses>
				<total>8</total>
				<timestamp>260.140015</timestamp>
			</report>
			<report>
				<misses>1086001</misses>
				<total>8</total>
				<timestamp>260.379818</timestamp>
			</report>
			<report>
				<misses>1087001</misses>
				<total>8</total>
				<timestamp>260.619622</timestamp>
			</report>
			<report>
				<misses>1088001</misses>
				<total>8</total>
				<timestamp>260.859320</timestamp>
			</report>
			<report>
				<misses>1089001</misses>
				<total>8</total>
				<timestamp>261.099091</timestamp>
			</report>
			<report>
				<misses>1090001</misses>
				<total>8</total>
				<timestamp>261.338881</timestamp>
			</report>
			<report>
				<misses>1091001</misses>
				<total>8</total>
				<timestamp>261.578585</timestamp>
			</report>
			<report>
				<misses>1092001</misses>
				<total>8</total>
				<timestamp>261.818351</timestamp>
			</report>
			<report>
				<misses>1093001</misses>
				<total>9</total>
				<timestamp>262.058101</timestamp>
			</report>
			<report>
				<misses>1094001</misses>
				<total>9</total>
				<timestamp>262.297885</timestamp>
			</report>
			<report>
				<misses>1095001</misses>
				<total>9</total>
				<timestamp>262.537677</timestamp>
			</report>
			<report>
				<misses>1096001</misses>
				<total>9</total>
				<timestamp>262.777383</timestamp>
			</report>
			<report>
				<misses>1097001</misses>
				<total>9</total>
				<timestamp>263.017154</timestamp>
			</report>
			<report>
				<misses>1098001</misses>
				<total>9</total>
				<timestamp>263.256891</timestamp>
			</report>
			<report>
				<misses>1099001</misses>
				<total>9</total>
				<timestamp>263.496674</timestamp>
			</report>
			<report>
				<misses>1100001</misses>
				<total>9</total>
				<timestamp>263.736446</timestamp>
			</report>
			<report>
				<misses>1101001</misses>
				<total>9</total>
				<timestamp>263.976192</timestamp>
			</report>
			<report>
				<misses>1102001</misses>
				<total>9</total>
				<timestamp>264.215945</timestamp>
			</report>
			<report>
				<misses>1103001</misses>
				<total>8</total>
				<timestamp>264.455819</timestamp>
			</report>
			<report>
				<misses>1104001</misses>
				<total>8</total>
				<timestamp>264.695659</timestamp>
			</report>
			<report>
				<misses>1105001</misses>
				<total>8</total>
				<timestamp>264.935352</timestamp>
			</report>
			<report>
				<misses>1106001</misses>
				<total>9</total>
				<timestamp>265.175041</timestamp>
			</report>
			<report>
				<misses>1107001</misses>
				<total>9</total>
				<timestamp>265.414777</timestamp>
			</report>
			<report>
				<misses>1108001</misses>
				<total>8</total>
				<timestamp>265.654617</timestamp>
			</report>
			<report>
				<misses>1109001</misses>
				<total>8</total>
				<timestamp>265.894369</timestamp>
			</report>
			<report>
				<misses>1110001</misses>
				<total>8</total>
				<timestamp>266.134109</timestamp>
			</report>
			<report>
				<misses>1111001</misses>
				<total>9</total>
				<timestamp>266.373811</timestamp>
			</report>
			<report>
				<misses>1112001</misses>
				<total>9</total>
				<timestamp>266.613674</timestamp>
			</report>
			<report>
				<misses>1113001</misses>
				<total>8</total>
				<timestamp>266.853409</timestamp>
			</report>
			<report>
				<misses>1114001</misses>
				<total>9</total>
				<timestamp>267.093077</timestamp>
			</report>
			<report>
				<misses>1115001</misses>
				<total>9</total>
				<timestamp>267.332826</timestamp>
			</report>
			<report>
				<misses>1116001</misses>
				<total>9</total>
				<timestamp>267.572594</timestamp>
			</report>
			<report>
				<misses>1117001</misses>
				<total>9</total>
				<timestamp>267.812340</timestamp>
			</report>
			<report>
				<misses>1118001</misses>
				<total>9</total>
				<timestamp>268.052099</timestamp>
			</report>
			<report>
				<misses>1119001</misses>
				<total>9</total>
				<timestamp>268.291868</timestamp>
			</report>
			<report>
				<misses>1120001</misses>
				<total>9</total>
				<timestamp>268.531636</timestamp>
			</report>
			<report>
				<misses>1121001</misses>
				<total>9</total>
				<timestamp>268.771406</timestamp>
			</report>
			<report>
				<misses>1122001</misses>
				<total>10</total>
				<timestamp>269.011139</timestamp>
			</report>
			<report>
				<misses>1123001</misses>
				<total>9</total>
				<timestamp>269.251001</timestamp>
			</report>
			<report>
				<misses>1124001</misses>
				<total>10</total>
				<timestamp>269.490682</timestamp>
			</report>
			<report>
				<misses>1125001</misses>
				<total>10</total>
				<timestamp>269.730464</timestamp>
			</report>
			<report>
				<misses>1126001</misses>
				<total>10</total>
				<timestamp>269.970183</timestamp>
			</report>
			<report>
				<misses>1127001</misses>
				<total>10</total>
				<timestamp>270.209968</timestamp>
			</report>
			<report>
				<misses>1128001</misses>
				<total>10</total>
				<timestamp>270.449738</timestamp>
			</report>
			<report>
				<misses>1129001</misses>
				<total>10</total>
				<timestamp>270.689462</timestamp>
			</report>
			<report>
				<misses>1130001</misses>
				<total>10</total>
				<timestamp>270.929196</timestamp>
			</report>
			<report>
				<misses>1131001</misses>
				<total>10</total>
				<timestamp>271.168978</timestamp>
			</report>
			<report>
				<misses>1132001</misses>
				<total>10</total>
				<timestamp>271.408810</timestamp>
			</report>
			<report>
				<misses>1133001</misses>
				<total>10</total>
				<timestamp>271.648547</timestamp>
			</report>
			<report>
				<misses>1134001</misses>
				<total>10</total>
				<timestamp>271.888251</timestamp>
			</report>
			<report>
				<misses>1135001</misses>
				<total>10</total>
				<timestamp>272.128030</timestamp>
			</report>
			<report>
				<misses>1136001</misses>
				<total>10</total>
				<timestamp>272.367873</timestamp>
			</report>
			<report>
				<misses>1137001</misses>
				<total>9</total>
				<timestamp>272.607675</timestamp>
			</report>
			<report>
				<misses>1138001</misses>
				<total>10</total>
				<timestamp>272.847371</timestamp>
			</report>
			<report>
				<misses>1139001</misses>
				<total>10</total>
				<timestamp>273.087151</timestamp>
			</report>
			<report>
				<misses>1140001</misses>
				<total>10</total>
				<timestamp>273.326883</timestamp>
			</report>
			<report>
				<misses>1141001</misses>
				<total>10</total>
				<timestamp>273.566602</timestamp>
			</report>
			<report>
				<misses>1142001</misses>
				<total>10</total>
				<timestamp>273.806327</timestamp>
			</report>
			<report>
				<misses>1143001</misses>
				<total>10</total>
				<timestamp>274.046098</timestamp>
			</report>
			<report>
				<misses>1144001</misses>
				<total>10</total>
				<timestamp>274.285866</timestamp>
			</report>
			<report>
				<misses>1145001</misses>
				<total>9</total>
				<timestamp>274.525637</timestamp>
			</report>
			<report>
				<misses>1146001</misses>
				<total>10</total>
				<timestamp>274.765387</timestamp>
			</report>
			<report>
				<misses>1147001</misses>
				<total>10</total>
				<timestamp>275.005150</timestamp>
			</report>
			<report>
				<misses>1148001</misses>
				<total>10</total>
				<timestamp>275.244914</timestamp>
			</report>
			<report>
				<misses>1149001</misses>
				<total>10</total>
				<timestamp>275.484718</timestamp>
			</report>
			<report>
				<misses>1150001</misses>
				<total>9</total>
				<timestamp>275.724558</timestamp>
			</report>
			<report>
				<misses>1151001</misses>
				<total>10</total>
				<timestamp>275.964166</timestamp>
			</report>
			<report>
				<misses>1152001</misses>
				<total>10</total>
				<timestamp>276.203962</timestamp>
			</report>
			<report>
				<misses>1153001</misses>
				<total>10</total>
				<timestamp>276.443775</timestamp>
			</report>
			<report>
				<misses>1154001</misses>
				<total>10</total>
				<timestamp>276.683470</timestamp>
			</report>
			<report>
				<misses>1155001</misses>
				<total>10</total>
				<timestamp>276.923250</timestamp>
			</report>
			<report>
				<misses>1156001</misses>
				<total>10</total>
				<timestamp>277.162966</timestamp>
			</report>
			<report>
				<misses>1157001</misses>
				<total>10</total>
				<timestamp>277.402799</timestamp>
			</report>
			<report>
				<misses>1158001</misses>
				<total>9</total>
				<timestamp>277.642605</timestamp>
			</report>
			<report>
				<misses>1159001</misses>
				<total>10</total>
				<timestamp>277.882309</timestamp>
			</report>
			<report>
				<misses>1160001</misses>
				<total>9</total>
				<timestamp>278.122022</timestamp>
			</report>
			<report>
				<misses>1161001</misses>
				<total>10</total>
				<timestamp>278.361809</timestamp>
			</report>
			<report>
				<misses>1162001</misses>
				<total>10</total>
				<timestamp>278.601589</timestamp>
			</report>
			<report>
				<misses>1163001</misses>
				<total>9</total>
				<timestamp>278.841429</timestamp>
			</report>
			<report>
				<misses>1164001</misses>
				<total>10</total>
				<timestamp>279.081063</timestamp>
			</report>
			<report>
				<misses>1165001</misses>
				<total>9</total>
				<timestamp>279.320900</timestamp>
			</report>
			<report>
				<misses>1166001</misses>
				<total>10</total>
				<timestamp>279.560590</timestamp>
			</report>
			<report>
				<misses>1167001</misses>
				<total>10</total>
				<timestamp>279.800347</timestamp>
			</report>
			<report>
				<misses>1168001</misses>
				<total>10</total>
				<timestamp>280.040113</timestamp>
			</report>
			<report>
				<misses>1169001</misses>
				<total>10</total>
				<timestamp>280.279866</timestamp>
			</report>
			<report>
				<misses>1170001</misses>
				<total>10</total>
				<timestamp>280.519631</timestamp>
			</report>
			<report>
				<misses>1171001</misses>
				<total>10</total>
				<timestamp>280.759381</timestamp>
			</report>
			<report>
				<misses>1172001</misses>
				<total>10</total>
				<timestamp>280.999146</timestamp>
			</report>
			<report>
				<misses>1173001</misses>
				<total>10</total>
				<timestamp>281.238906</timestamp>
			</report>
			<report>
				<misses>1174001</misses>
				<total>9</total>
				<timestamp>281.478779</timestamp>
			</report>
			<report>
				<misses>1175001</misses>
				<total>10</total>
				<timestamp>281.718409</timestamp>
			</report>
			<report>
				<misses>1176001</misses>
				<total>10</total>
				<timestamp>281.958200</timestamp>
			</report>
			<report>
				<misses>1177001</misses>
				<total>10</total>
				<timestamp>282.197940</timestamp>
			</report>
			<report>
				<misses>1178001</misses>
				<total>10</total>
				<timestamp>282.437719</timestamp>
			</report>
			<report>
				<misses>1179001</misses>
				<total>10</total>
				<timestamp>282.677480</timestamp>
			</report>
			<report>
				<misses>1180001</misses>
				<total>10</total>
				<timestamp>282.917242</timestamp>
			</report>
			<report>
				<misses>1181001</misses>
				<total>10</total>
				<timestamp>283.156986</timestamp>
			</report>
			<report>
				<misses>1182001</misses>
				<total>10</total>
				<timestamp>283.396761</timestamp>
			</report>
			<report>
				<misses>1183001</misses>
				<total>10</total>
				<timestamp>283.636560</timestamp>
			</report>
			<report>
				<misses>1184001</misses>
				<total>10</total>
				<timestamp>283.876304</timestamp>
			</report>
			<report>
				<misses>1185001</misses>
				<total>9</total>
				<timestamp>284.116137</timestamp>
			</report>
			<report>
				<misses>1186001</misses>
				<total>9</total>
				<timestamp>284.355839</timestamp>
			</report>
			<report>
				<misses>1187001</misses>
				<total>10</total>
				<timestamp>284.595560</timestamp>
			</report>
			<report>
				<misses>1188001</misses>
				<total>10</total>
				<timestamp>284.835342</timestamp>
			</report>
			<report>
				<misses>1189001</misses>
				<total>10</total>
				<timestamp>285.075058</timestamp>
			</report>
			<report>
				<misses>1190001</misses>
				<total>10</total>
				<timestamp>285.314844</timestamp>
			</report>
			<report>
				<misses>1191001</misses>
				<total>10</total>
				<timestamp>285.554620</timestamp>
			</report>
			<report>
				<misses>1192001</misses>
				<total>10</total>
				<timestamp>285.794353</timestamp>
			</report>
			<report>
				<misses>1193001</misses>
				<total>9</total>
				<timestamp>286.034216</timestamp>
			</report>
			<report>
				<misses>1194001</misses>
				<total>9</total>
				<timestamp>286.273990</timestamp>
			</report>
			<report>
				<misses>1195001</misses>
				<total>10</total>
				<timestamp>286.513640</timestamp>
			</report>
			<report>
				<misses>1196001</misses>
				<total>10</total>
				<timestamp>286.753378</timestamp>
			</report>
			<report>
				<misses>1197001</misses>
				<total>10</total>
				<timestamp>286.993238</timestamp>
			</report>
			<report>
				<misses>1198001</misses>
				<total>10</total>
				<timestamp>287.232916</timestamp>
			</report>
			<report>
				<misses>1199001</misses>
				<total>10</total>
				<timestamp>287.472680</timestamp>
			</report>
			<report>
				<misses>1200001</misses>
				<total>10</total>
				<timestamp>287.712445</timestamp>
			</report>
			<report>
				<misses>1201001</misses>
				<total>10</total>
				<timestamp>287.952166</timestamp>
			</report>
			<report>
				<misses>1202001</misses>
				<total>10</total>
				<timestamp>288.191935</timestamp>
			</report>
			<report>
				<misses>1203001</misses>
				<total>9</total>
				<timestamp>288.431838</timestamp>
			</report>
			<report>
				<misses>1204001</misses>
				<total>10</total>
				<timestamp>288.671487</timestamp>
			</report>
			<report>
				<misses>1205001</misses>
				<total>10</total>
				<timestamp>288.911203</timestamp>
			</report>
			<report>
				<misses>1206001</misses>
				<total>10</total>
				<timestamp>289.151021</timestamp>
			</report>
			<report>
				<misses>1207001</misses>
				<total>10</total>
				<timestamp>289.390807</timestamp>
			</report>
			<report>
				<misses>1208001</misses>
				<total>9</total>
				<timestamp>289.630567</timestamp>
			</report>
			<report>
				<misses>1209001</misses>
				<total>10</total>
				<timestamp>289.870303</timestamp>
			</report>
			<report>
				<misses>1210001</misses>
				<total>10</total>
				<timestamp>290.110049</timestamp>
			</report>
			<report>
				<misses>1211001</misses>
				<total>10</total>
				<timestamp>290.349810</timestamp>
			</report>
			<report>
				<misses>1212001</misses>
				<total>9</total>
				<timestamp>290.589719</timestamp>
			</report>
			<report>
				<misses>1213001</misses>
				<total>9</total>
				<timestamp>290.829412</timestamp>
			</report>
			<report>
				<misses>1214001</misses>
				<total>10</total>
				<timestamp>291.069072</timestamp>
			</report>
			<report>
				<misses>1215001</misses>
				<total>10</total>
				<timestamp>291.308821</timestamp>
			</report>
			<report>
				<misses>1216001</misses>
				<total>10</total>
				<timestamp>291.548589</timestamp>
			</report>
			<report>
				<misses>1217001</misses>
				<total>9</total>
				<timestamp>291.788344</timestamp>
			</report>
			<report>
				<misses>1218001</misses>
				<total>10</total>
				<timestamp>292.028090</timestamp>
			</report>
			<report>
				<misses>1219001</misses>
				<total>10</total>
				<timestamp>292.267856</timestamp>
			</report>
			<report>
				<misses>1220001</misses>
				<total>9</total>
				<timestamp>292.507691</timestamp>
			</report>
			<report>
				<misses>1221001</misses>
				<total>10</total>
				<timestamp>292.747414</timestamp>
			</report>
			<report>
				<misses>1222001</misses>
				<total>10</total>
				<timestamp>292.987128</timestamp>
			</report>
			<report>
				<misses>1223001</misses>
				<total>10</total>
				<timestamp>293.226907</timestamp>
			</report>
			<report>
				<misses>1224001</misses>
				<total>10</total>
				<timestamp>293.466678</timestamp>
			</report>
			<report>
				<misses>1225001</misses>
				<total>10</total>
				<timestamp>293.706451</timestamp>
			</report>
			<report>
				<misses>1226001</misses>
				<total>10</total>
				<timestamp>293.946177</timestamp>
			</report>
			<report>
				<misses>1227001</misses>
				<total>10</total>
				<timestamp>294.185950</timestamp>
			</report>
			<report>
				<misses>1228001</misses>
				<total>10</total>
				<timestamp>294.425731</timestamp>
			</report>
			<report>
				<misses>1229001</misses>
				<total>10</total>
				<timestamp>294.665537</timestamp>
			</report>
			<report>
				<misses>1230001</misses>
				<total>10</total>
				<timestamp>294.905225</timestamp>
			</report>
			<report>
				<misses>1231001</misses>
				<total>10</total>
				<timestamp>295.144989</timestamp>
			</report>
			<report>
				<misses>1232001</misses>
				<total>9</total>
				<timestamp>295.384870</timestamp>
			</report>
			<report>
				<misses>1233001</misses>
				<total>10</total>
				<timestamp>295.624596</timestamp>
			</report>
			<report>
				<misses>1234001</misses>
				<total>9</total>
				<timestamp>295.864377</timestamp>
			</report>
			<report>
				<misses>1235001</misses>
				<total>10</total>
				<timestamp>296.104012</timestamp>
			</report>
			<report>
				<misses>1236001</misses>
				<total>10</total>
				<timestamp>296.343794</timestamp>
			</report>
			<report>
				<misses>1237001</misses>
				<total>10</total>
				<timestamp>296.583605</timestamp>
			</report>
			<report>
				<misses>1238001</misses>
				<total>9</total>
				<timestamp>296.823416</timestamp>
			</report>
			<report>
				<misses>1239001</misses>
				<total>10</total>
				<timestamp>297.063066</timestamp>
			</report>
			<report>
				<misses>1240001</misses>
				<total>10</total>
				<timestamp>297.302829</timestamp>
			</report>
			<report>
				<misses>1241001</misses>
				<total>10</total>
				<timestamp>297.542588</timestamp>
			</report>
			<report>
				<misses>1242001</misses>
				<total>10</total>
				<timestamp>297.782335</timestamp>
			</report>
			<report>
				<misses>1243001</misses>
				<total>10</total>
				<timestamp>298.022087</timestamp>
			</report>
			<report>
				<misses>1244001</misses>
				<total>10</total>
				<timestamp>298.261848</timestamp>
			</report>
			<report>
				<misses>1245001</misses>
				<total>10</total>
				<timestamp>298.501618</timestamp>
			</report>
			<report>
				<misses>1246001</misses>
				<total>10</total>
				<timestamp>298.741403</timestamp>
			</report>
			<report>
				<misses>1247001</misses>
				<total>10</total>
				<timestamp>298.981152</timestamp>
			</report>
			<report>
				<misses>1248001</misses>
				<total>10</total>
				<timestamp>299.220918</timestamp>
			</report>
			<report>
				<misses>1249001</misses>
				<total>9</total>
				<timestamp>299.460733</timestamp>
			</report>
			<report>
				<misses>1250001</misses>
				<total>10</total>
				<timestamp>299.700509</timestamp>
			</report>
			<report>
				<misses>1251001</misses>
				<total>10</total>
				<timestamp>299.940179</timestamp>
			</report>
			<report>
				<misses>1252001</misses>
				<total>10</total>
				<timestamp>300.179928</timestamp>
			</report>
			<report>
				<misses>1253001</misses>
				<total>10</total>
				<timestamp>300.419735</timestamp>
			</report>
			<report>
				<misses>1254001</misses>
				<total>9</total>
				<timestamp>300.659548</timestamp>
			</report>
			<report>
				<misses>1255001</misses>
				<total>10</total>
				<timestamp>300.899210</timestamp>
			</report>
			<report>
				<misses>1256001</misses>
				<total>10</total>
				<timestamp>301.138989</timestamp>
			</report>
			<report>
				<misses>1257001</misses>
				<total>9</total>
				<timestamp>301.378866</timestamp>
			</report>
			<report>
				<misses>1258001</misses>
				<total>9</total>
				<timestamp>301.618618</timestamp>
			</report>
			<report>
				<misses>1259001</misses>
				<total>9</total>
				<timestamp>301.858366</timestamp>
			</report>
			<report>
				<misses>1260001</misses>
				<total>10</total>
				<timestamp>302.098030</timestamp>
			</report>
			<report>
				<misses>1261001</misses>
				<total>10</total>
				<timestamp>302.337795</timestamp>
			</report>
			<report>
				<misses>1262001</misses>
				<total>10</total>
				<timestamp>302.577530</timestamp>
			</report>
			<report>
				<misses>1263001</misses>
				<total>10</total>
				<timestamp>302.817296</timestamp>
			</report>
			<report>
				<misses>1264001</misses>
				<total>10</total>
				<timestamp>303.057071</timestamp>
			</report>
			<report>
				<misses>1265001</misses>
				<total>10</total>
				<timestamp>303.296838</timestamp>
			</report>
			<report>
				<misses>1266001</misses>
				<total>9</total>
				<timestamp>303.536723</timestamp>
			</report>
			<report>
				<misses>1267001</misses>
				<total>9</total>
				<timestamp>303.776505</timestamp>
			</report>
			<report>
				<misses>1268001</misses>
				<total>10</total>
				<timestamp>304.016096</timestamp>
			</report>
			<report>
				<misses>1269001</misses>
				<total>10</total>
				<timestamp>304.255870</timestamp>
			</report>
			<report>
				<misses>1270001</misses>
				<total>10</total>
				<timestamp>304.495650</timestamp>
			</report>
			<report>
				<misses>1271001</misses>
				<total>9</total>
				<timestamp>304.735471</timestamp>
			</report>
			<report>
				<misses>1272001</misses>
				<total>9</total>
				<timestamp>304.975211</timestamp>
			</report>
			<report>
				<misses>1273001</misses>
				<total>10</total>
				<timestamp>305.214911</timestamp>
			</report>
			<report>
				<misses>1274001</misses>
				<total>10</total>
				<timestamp>305.454713</timestamp>
			</report>
			<report>
				<misses>1275001</misses>
				<total>10</total>
				<timestamp>305.694526</timestamp>
			</report>
			<report>
				<misses>1276001</misses>
				<total>9</total>
				<timestamp>305.934366</timestamp>
			</report>
			<report>
				<misses>1277001</misses>
				<total>10</total>
				<timestamp>306.173965</timestamp>
			</report>
			<report>
				<misses>1278001</misses>
				<total>10</total>
				<timestamp>306.413711</timestamp>
			</report>
			<report>
				<misses>1279001</misses>
				<total>9</total>
				<timestamp>306.653582</timestamp>
			</report>
			<report>
				<misses>1280001</misses>
				<total>9</total>
				<timestamp>306.893326</timestamp>
			</report>
			<report>
				<misses>1281001</misses>
				<total>10</total>
				<timestamp>307.132979</timestamp>
			</report>
			<report>
				<misses>1282001</misses>
				<total>10</total>
				<timestamp>307.372725</timestamp>
			</report>
			<report>
				<misses>1283001</misses>
				<total>10</total>
				<timestamp>307.612588</timestamp>
			</report>
			<report>
				<misses>1284001</misses>
				<total>10</total>
				<timestamp>307.852270</timestamp>
			</report>
			<report>
				<misses>1285001</misses>
				<total>11</total>
				<timestamp>308.092032</timestamp>
			</report>
			<report>
				<misses>1286001</misses>
				<total>11</total>
				<timestamp>308.331764</timestamp>
			</report>
			<report>
				<misses>1287001</misses>
				<total>11</total>
				<timestamp>308.571570</timestamp>
			</report>
			<report>
				<misses>1288001</misses>
				<total>10</total>
				<timestamp>308.811471</timestamp>
			</report>
			<report>
				<misses>1289001</misses>
				<total>11</total>
				<timestamp>309.051057</timestamp>
			</report>
			<report>
				<misses>1290001</misses>
				<total>11</total>
				<timestamp>309.290830</timestamp>
			</report>
			<report>
				<misses>1291001</misses>
				<total>10</total>
				<timestamp>309.530677</timestamp>
			</report>
			<report>
				<misses>1292001</misses>
				<total>10</total>
				<timestamp>309.770465</timestamp>
			</report>
			<report>
				<misses>1293001</misses>
				<total>10</total>
				<timestamp>310.010214</timestamp>
			</report>
			<report>
				<misses>1294001</misses>
				<total>11</total>
				<timestamp>310.249861</timestamp>
			</report>
			<report>
				<misses>1295001</misses>
				<total>10</total>
				<timestamp>310.489673</timestamp>
			</report>
			<report>
				<misses>1296001</misses>
				<total>11</total>
				<timestamp>310.729419</timestamp>
			</report>
			<report>
				<misses>1297001</misses>
				<total>11</total>
				<timestamp>310.969148</timestamp>
			</report>
			<report>
				<misses>1298001</misses>
				<total>11</total>
				<timestamp>311.208908</timestamp>
			</report>
			<report>
				<misses>1299001</misses>
				<total>10</total>
				<timestamp>311.448687</timestamp>
			</report>
			<report>
				<misses>1300001</misses>
				<total>11</total>
				<timestamp>311.688428</timestamp>
			</report>
			<report>
				<misses>1301001</misses>
				<total>10</total>
				<timestamp>311.928299</timestamp>
			</report>
			<report>
				<misses>1302001</misses>
				<total>11</total>
				<timestamp>312.167941</timestamp>
			</report>
			<report>
				<misses>1303001</misses>
				<total>11</total>
				<timestamp>312.407744</timestamp>
			</report>
			<report>
				<misses>1304001</misses>
				<total>11</total>
				<timestamp>312.647460</timestamp>
			</report>
			<report>
				<misses>1305001</misses>
				<total>11</total>
				<timestamp>312.887242</timestamp>
			</report>
			<report>
				<misses>1306001</misses>
				<total>11</total>
				<timestamp>313.126999</timestamp>
			</report>
			<report>
				<misses>1307001</misses>
				<total>11</total>
				<timestamp>313.366764</timestamp>
			</report>
			<report>
				<misses>1308001</misses>
				<total>11</total>
				<timestamp>313.606509</timestamp>
			</report>
			<report>
				<misses>1309001</misses>
				<total>11</total>
				<timestamp>313.846339</timestamp>
			</report>
			<report>
				<misses>1310001</misses>
				<total>10</total>
				<timestamp>314.086093</timestamp>
			</report>
			<report>
				<misses>1311001</misses>
				<total>11</total>
				<timestamp>314.325797</timestamp>
			</report>
			<report>
				<misses>1312001</misses>
				<total>11</total>
				<timestamp>314.565566</timestamp>
			</report>
			<report>
				<misses>1313001</misses>
				<total>11</total>
				<timestamp>314.805400</timestamp>
			</report>
			<report>
				<misses>1314001</misses>
				<total>11</total>
				<timestamp>315.045059</timestamp>
			</report>
			<report>
				<misses>1315001</misses>
				<total>11</total>
				<timestamp>315.284836</timestamp>
			</report>
			<report>
				<misses>1316001</misses>
				<total>11</total>
				<timestamp>315.524587</timestamp>
			</report>
			<report>
				<misses>1317001</misses>
				<total>10</total>
				<timestamp>315.764456</timestamp>
			</report>
			<report>
				<misses>1318001</misses>
				<total>11</total>
				<timestamp>316.004102</timestamp>
			</report>
			<report>
				<misses>1319001</misses>
				<total>11</total>
				<timestamp>316.243856</timestamp>
			</report>
			<report>
				<misses>1320001</misses>
				<total>11</total>
				<timestamp>316.483620</timestamp>
			</report>
			<report>
				<misses>1321001</misses>
				<total>10</total>
				<timestamp>316.723513</timestamp>
			</report>
			<report>
				<misses>1322001</misses>
				<total>10</total>
				<timestamp>316.963278</timestamp>
			</report>
			<report>
				<misses>1323001</misses>
				<total>11</total>
				<timestamp>317.202920</timestamp>
			</report>
			<report>
				<misses>1324001</misses>
				<total>11</total>
				<timestamp>317.442663</timestamp>
			</report>
			<report>
				<misses>1325001</misses>
				<total>10</total>
				<timestamp>317.682513</timestamp>
			</report>
			<report>
				<misses>1326001</misses>
				<total>11</total>
				<timestamp>317.922300</timestamp>
			</report>
			<report>
				<misses>1327001</misses>
				<total>11</total>
				<timestamp>318.161967</timestamp>
			</report>
			<report>
				<misses>1328001</misses>
				<total>11</total>
				<timestamp>318.401726</timestamp>
			</report>
			<report>
				<misses>1329001</misses>
				<total>10</total>
				<timestamp>318.641530</timestamp>
			</report>
			<report>
				<misses>1330001</misses>
				<total>10</total>
				<timestamp>318.881297</timestamp>
			</report>
			<report>
				<misses>1331001</misses>
				<total>11</total>
				<timestamp>319.120974</timestamp>
			</report>
			<report>
				<misses>1332001</misses>
				<total>10</total>
				<timestamp>319.360874</timestamp>
			</report>
			<report>
				<misses>1333001</misses>
				<total>10</total>
				<timestamp>319.600620</timestamp>
			</report>
			<report>
				<misses>1334001</misses>
				<total>10</total>
				<timestamp>319.840384</timestamp>
			</report>
			<report>
				<misses>1335001</misses>
				<total>11</total>
				<timestamp>320.080021</timestamp>
			</report>
			<report>
				<misses>1336001</misses>
				<total>10</total>
				<timestamp>320.319865</timestamp>
			</report>
			<report>
				<misses>1337001</misses>
				<total>10</total>
				<timestamp>320.559659</timestamp>
			</report>
			<report>
				<misses>1338001</misses>
				<total>10</total>
				<timestamp>320.799345</timestamp>
			</report>
			<report>
				<misses>1339001</misses>
				<total>11</total>
				<timestamp>321.039058</timestamp>
			</report>
			<report>
				<misses>1340001</misses>
				<total>11</total>
				<timestamp>321.278879</timestamp>
			</report>
			<report>
				<misses>1341001</misses>
				<total>11</total>
				<timestamp>321.518581</timestamp>
			</report>
			<report>
				<misses>1342001</misses>
				<total>10</total>
				<timestamp>321.758467</timestamp>
			</report>
			<report>
				<misses>1343001</misses>
				<total>10</total>
				<timestamp>321.998242</timestamp>
			</report>
			<report>
				<misses>1344001</misses>
				<total>11</total>
				<timestamp>322.237856</timestamp>
			</report>
			<report>
				<misses>1345001</misses>
				<total>11</total>
				<timestamp>322.477679</timestamp>
			</report>
			<report>
				<misses>1346001</misses>
				<total>11</total>
				<timestamp>322.717406</timestamp>
			</report>
			<report>
				<misses>1347001</misses>
				<total>10</total>
				<timestamp>322.957239</timestamp>
			</report>
			<report>
				<misses>1348001</misses>
				<total>11</total>
				<timestamp>323.196929</timestamp>
			</report>
			<report>
				<misses>1349001</misses>
				<total>10</total>
				<timestamp>323.436786</timestamp>
			</report>
			<report>
				<misses>1350001</misses>
				<total>11</total>
				<timestamp>323.676437</timestamp>
			</report>
			<report>
				<misses>1351001</misses>
				<total>11</total>
				<timestamp>323.916203</timestamp>
			</report>
			<report>
				<misses>1352001</misses>
				<total>10</total>
				<timestamp>324.156025</timestamp>
			</report>
			<report>
				<misses>1353001</misses>
				<total>11</total>
				<timestamp>324.395714</timestamp>
			</report>
			<report>
				<misses>1354001</misses>
				<total>11</total>
				<timestamp>324.635451</timestamp>
			</report>
			<report>
				<misses>1355001</misses>
				<total>10</total>
				<timestamp>324.875311</timestamp>
			</report>
			<report>
				<misses>1356001</misses>
				<total>10</total>
				<timestamp>325.115092</timestamp>
			</report>
			<report>
				<misses>1357001</misses>
				<total>10</total>
				<timestamp>325.354881</timestamp>
			</report>
			<report>
				<misses>1358001</misses>
				<total>11</total>
				<timestamp>325.594491</timestamp>
			</report>
			<report>
				<misses>1359001</misses>
				<total>11</total>
				<timestamp>325.834285</timestamp>
			</report>
			<report>
				<misses>1360001</misses>
				<total>11</total>
				<timestamp>326.074026</timestamp>
			</report>
			<report>
				<misses>1361001</misses>
				<total>11</total>
				<timestamp>326.313769</timestamp>
			</report>
			<report>
				<misses>1362001</misses>
				<total>11</total>
				<timestamp>326.553557</timestamp>
			</report>
			<report>
				<misses>1363001</misses>
				<total>11</total>
				<timestamp>326.793315</timestamp>
			</report>
			<report>
				<misses>1364001</misses>
				<total>11</total>
				<timestamp>327.033053</timestamp>
			</report>
			<report>
				<misses>1365001</misses>
				<total>10</total>
				<timestamp>327.272924</timestamp>
			</report>
			<report>
				<misses>1366001</misses>
				<total>10</total>
				<timestamp>327.512687</timestamp>
			</report>
			<report>
				<misses>1367001</misses>
				<total>11</total>
				<timestamp>327.752440</timestamp>
			</report>
			<report>
				<misses>1368001</misses>
				<total>11</total>
				<timestamp>327.992195</timestamp>
			</report>
			<report>
				<misses>1369001</misses>
				<total>10</total>
				<timestamp>328.231968</timestamp>
			</report>
			<report>
				<misses>1370001</misses>
				<total>11</total>
				<timestamp>328.471630</timestamp>
			</report>
			<report>
				<misses>1371001</misses>
				<total>11</total>
				<timestamp>328.711449</timestamp>
			</report>
			<report>
				<misses>1372001</misses>
				<total>11</total>
				<timestamp>328.951174</timestamp>
			</report>
			<report>
				<misses>1373001</misses>
				<total>11</total>
				<timestamp>329.190906</timestamp>
			</report>
			<report>
				<misses>1374001</misses>
				<total>11</total>
				<timestamp>329.430653</timestamp>
			</report>
			<report>
				<misses>1375001</misses>
				<total>11</total>
				<timestamp>329.670441</timestamp>
			</report>
			<report>
				<misses>1376001</misses>
				<total>11</total>
				<timestamp>329.910251</timestamp>
			</report>
			<report>
				<misses>1377001</misses>
				<total>10</total>
				<timestamp>330.150006</timestamp>
			</report>
			<report>
				<misses>1378001</misses>
				<total>11</total>
				<timestamp>330.389743</timestamp>
			</report>
			<report>
				<misses>1379001</misses>
				<total>10</total>
				<timestamp>330.629560</timestamp>
			</report>
			<report>
				<misses>1380001</misses>
				<total>11</total>
				<timestamp>330.869247</timestamp>
			</report>
			<report>
				<misses>1381001</misses>
				<total>11</total>
				<timestamp>331.108976</timestamp>
			</report>
			<report>
				<misses>1382001</misses>
				<total>11</total>
				<timestamp>331.348785</timestamp>
			</report>
			<report>
				<misses>1383001</misses>
				<total>11</total>
				<timestamp>331.588526</timestamp>
			</report>
			<report>
				<misses>1384001</misses>
				<total>11</total>
				<timestamp>331.828302</timestamp>
			</report>
			<report>
				<misses>1385001</misses>
				<total>11</total>
				<timestamp>332.068010</timestamp>
			</report>
			<report>
				<misses>1386001</misses>
				<total>11</total>
				<timestamp>332.307862</timestamp>
			</report>
			<report>
				<misses>1387001</misses>
				<total>11</total>
				<timestamp>332.547544</timestamp>
			</report>
			<report>
				<misses>1388001</misses>
				<total>11</total>
				<timestamp>332.787307</timestamp>
			</report>
			<report>
				<misses>1389001</misses>
				<total>11</total>
				<timestamp>333.027079</timestamp>
			</report>
			<report>
				<misses>1390001</misses>
				<total>11</total>
				<timestamp>333.266815</timestamp>
			</report>
			<report>
				<misses>1391001</misses>
				<total>10</total>
				<timestamp>333.506711</timestamp>
			</report>
			<report>
				<misses>1392001</misses>
				<total>11</total>
				<timestamp>333.746407</timestamp>
			</report>
			<report>
				<misses>1393001</misses>
				<total>11</total>
				<timestamp>333.986154</timestamp>
			</report>
			<report>
				<misses>1394001</misses>
				<total>11</total>
				<timestamp>334.225882</timestamp>
			</report>
			<report>
				<misses>1395001</misses>
				<total>11</total>
				<timestamp>334.465620</timestamp>
			</report>
			<report>
				<misses>1396001</misses>
				<total>11</total>
				<timestamp>334.705397</timestamp>
			</report>
			<report>
				<misses>1397001</misses>
				<total>11</total>
				<timestamp>334.945165</timestamp>
			</report>
			<report>
				<misses>1398001</misses>
				<total>11</total>
				<timestamp>335.184911</timestamp>
			</report>
			<report>
				<misses>1399001</misses>
				<total>11</total>
				<timestamp>335.424665</timestamp>
			</report>
			<report>
				<misses>1400001</misses>
				<total>10</total>
				<timestamp>335.664501</timestamp>
			</report>
			<report>
				<misses>1401001</misses>
				<total>10</total>
				<timestamp>335.904310</timestamp>
			</report>
			<report>
				<misses>1402001</misses>
				<total>10</total>
				<timestamp>336.143993</timestamp>
			</report>
			<report>
				<misses>1403001</misses>
				<total>10</total>
				<timestamp>336.383756</timestamp>
			</report>
			<report>
				<misses>1404001</misses>
				<total>11</total>
				<timestamp>336.623464</timestamp>
			</report>
			<report>
				<misses>1405001</misses>
				<total>11</total>
				<timestamp>336.863279</timestamp>
			</report>
			<report>
				<misses>1406001</misses>
				<total>11</total>
				<timestamp>337.103009</timestamp>
			</report>
			<report>
				<misses>1407001</misses>
				<total>11</total>
				<timestamp>337.342739</timestamp>
			</report>
			<report>
				<misses>1408001</misses>
				<total>10</total>
				<timestamp>337.582619</timestamp>
			</report>
			<report>
				<misses>1409001</misses>
				<total>10</total>
				<timestamp>337.822385</timestamp>
			</report>
			<report>
				<misses>1410001</misses>
				<total>11</total>
				<timestamp>338.062038</timestamp>
			</report>
			<report>
				<misses>1411001</misses>
				<total>11</total>
				<timestamp>338.301772</timestamp>
			</report>
			<report>
				<misses>1412001</misses>
				<total>10</total>
				<timestamp>338.541648</timestamp>
			</report>
			<report>
				<misses>1413001</misses>
				<total>10</total>
				<timestamp>338.781398</timestamp>
			</report>
			<report>
				<misses>1414001</misses>
				<total>11</total>
				<timestamp>339.021150</timestamp>
			</report>
			<report>
				<misses>1415001</misses>
				<total>10</total>
				<timestamp>339.260842</timestamp>
			</report>
			<report>
				<misses>1416001</misses>
				<total>11</total>
				<timestamp>339.500578</timestamp>
			</report>
			<report>
				<misses>1417001</misses>
				<total>11</total>
				<timestamp>339.740354</timestamp>
			</report>
			<report>
				<misses>1418001</misses>
				<total>11</total>
				<timestamp>339.980148</timestamp>
			</report>
			<report>
				<misses>1419001</misses>
				<total>10</total>
				<timestamp>340.219946</timestamp>
			</report>
			<report>
				<misses>1420001</misses>
				<total>11</total>
				<timestamp>340.459611</timestamp>
			</report>
			<report>
				<misses>1421001</misses>
				<total>11</total>
				<timestamp>340.699382</timestamp>
			</report>
			<report>
				<misses>1422001</misses>
				<total>10</total>
				<timestamp>340.939269</timestamp>
			</report>
			<report>
				<misses>1423001</misses>
				<total>11</total>
				<timestamp>341.178885</timestamp>
			</report>
			<report>
				<misses>1424001</misses>
				<total>10</total>
				<timestamp>341.418771</timestamp>
			</report>
			<report>
				<misses>1425001</misses>
				<total>11</total>
				<timestamp>341.658459</timestamp>
			</report>
			<report>
				<misses>1426001</misses>
				<total>11</total>
				<timestamp>341.898241</timestamp>
			</report>
			<report>
				<misses>1427001</misses>
				<total>11</total>
				<timestamp>342.137930</timestamp>
			</report>
			<report>
				<misses>1428001</misses>
				<total>11</total>
				<timestamp>342.377731</timestamp>
			</report>
			<report>
				<misses>1429001</misses>
				<total>11</total>
				<timestamp>342.617486</timestamp>
			</report>
			<report>
				<misses>1430001</misses>
				<total>11</total>
				<timestamp>342.857209</timestamp>
			</report>
			<report>
				<misses>1431001</misses>
				<total>10</total>
				<timestamp>343.097074</timestamp>
			</report>
			<report>
				<misses>1432001</misses>
				<total>11</total>
				<timestamp>343.336722</timestamp>
			</report>
			<report>
				<misses>1433001</misses>
				<total>10</total>
				<timestamp>343.576605</timestamp>
			</report>
			<report>
				<misses>1434001</misses>
				<total>11</total>
				<timestamp>343.816298</timestamp>
			</report>
			<report>
				<misses>1435001</misses>
				<total>11</total>
				<timestamp>344.056027</timestamp>
			</report>
			<report>
				<misses>1436001</misses>
				<total>11</total>
				<timestamp>344.295801</timestamp>
			</report>
			<report>
				<misses>1437001</misses>
				<total>11</total>
				<timestamp>344.535550</timestamp>
			</report>
			<report>
				<misses>1438001</misses>
				<total>11</total>
				<timestamp>344.775319</timestamp>
			</report>
			<report>
				<misses>1439001</misses>
				<total>10</total>
				<timestamp>345.015183</timestamp>
			</report>
			<report>
				<misses>1440001</misses>
				<total>11</total>
				<timestamp>345.254838</timestamp>
			</report>
			<report>
				<misses>1441001</misses>
				<total>11</total>
				<timestamp>345.494574</timestamp>
			</report>
			<report>
				<misses>1442001</misses>
				<total>11</total>
				<timestamp>345.734373</timestamp>
			</report>
			<report>
				<misses>1443001</misses>
				<total>11</total>
				<timestamp>345.974145</timestamp>
			</report>
			<report>
				<misses>1444001</misses>
				<total>10</total>
				<timestamp>346.213937</timestamp>
			</report>
			<report>
				<misses>1445001</misses>
				<total>10</total>
				<timestamp>346.453753</timestamp>
			</report>
			<report>
				<misses>1446001</misses>
				<total>11</total>
				<timestamp>346.693447</timestamp>
			</report>
			<report>
				<misses>1447001</misses>
				<total>10</total>
				<timestamp>346.933297</timestamp>
			</report>
			<report>
				<misses>1448001</misses>
				<total>10</total>
				<timestamp>347.172991</timestamp>
			</report>
			<report>
				<misses>1449001</misses>
				<total>12</total>
				<timestamp>347.412654</timestamp>
			</report>
			<report>
				<misses>1450001</misses>
				<total>12</total>
				<timestamp>347.652439</timestamp>
			</report>
			<report>
				<misses>1451001</misses>
				<total>12</total>
				<timestamp>347.892205</timestamp>
			</report>
			<report>
				<misses>1452001</misses>
				<total>11</total>
				<timestamp>348.132088</timestamp>
			</report>
			<report>
				<misses>1453001</misses>
				<total>11</total>
				<timestamp>348.371732</timestamp>
			</report>
			<report>
				<misses>1454001</misses>
				<total>12</total>
				<timestamp>348.611533</timestamp>
			</report>
			<report>
				<misses>1455001</misses>
				<total>12</total>
				<timestamp>348.851233</timestamp>
			</report>
			<report>
				<misses>1456001</misses>
				<total>11</total>
				<timestamp>349.091125</timestamp>
			</report>
			<report>
				<misses>1457001</misses>
				<total>12</total>
				<timestamp>349.330737</timestamp>
			</report>
			<report>
				<misses>1458001</misses>
				<total>12</total>
				<timestamp>349.570496</timestamp>
			</report>
			<report>
				<misses>1459001</misses>
				<total>12</total>
				<timestamp>349.810268</timestamp>
			</report>
			<report>
				<misses>1460001</misses>
				<total>12</total>
				<timestamp>350.050079</timestamp>
			</report>
			<report>
				<misses>1461001</misses>
				<total>12</total>
				<timestamp>350.289790</timestamp>
			</report>
			<report>
				<misses>1462001</misses>
				<total>12</total>
				<timestamp>350.529528</timestamp>
			</report>
			<report>
				<misses>1463001</misses>
				<total>12</total>
				<timestamp>350.769331</timestamp>
			</report>
			<report>
				<misses>1464001</misses>
				<total>11</total>
				<timestamp>351.009178</timestamp>
			</report>
			<report>
				<misses>1465001</misses>
				<total>12</total>
				<timestamp>351.248835</timestamp>
			</report>
			<report>
				<misses>1466001</misses>
				<total>12</total>
				<timestamp>351.488584</timestamp>
			</report>
			<report>
				<misses>1467001</misses>
				<total>12</total>
				<timestamp>351.728333</timestamp>
			</report>
			<report>
				<misses>1468001</misses>
				<total>12</total>
				<timestamp>351.968114</timestamp>
			</report>
			<report>
				<misses>1469001</misses>
				<total>12</total>
				<timestamp>352.207870</timestamp>
			</report>
			<report>
				<misses>1470001</misses>
				<total>12</total>
				<timestamp>352.447619</timestamp>
			</report>
			<report>
				<misses>1471001</misses>
				<total>12</total>
				<timestamp>352.687419</timestamp>
			</report>
			<report>
				<misses>1472001</misses>
				<total>11</total>
				<timestamp>352.927198</timestamp>
			</report>
			<report>
				<misses>1473001</misses>
				<total>12</total>
				<timestamp>353.167027</timestamp>
			</report>
			<report>
				<misses>1474001</misses>
				<total>13</total>
				<timestamp>353.406657</timestamp>
			</report>
			<report>
				<misses>1475001</misses>
				<total>13</total>
				<timestamp>353.646444</timestamp>
			</report>
			<report>
				<misses>1476001</misses>
				<total>14</total>
				<timestamp>353.886220</timestamp>
			</report>
			<report>
				<misses>1477001</misses>
				<total>13</total>
				<timestamp>354.126053</timestamp>
			</report>
			<report>
				<misses>1478001</misses>
				<total>14</total>
				<timestamp>354.365710</timestamp>
			</report>
			<report>
				<misses>1479001</misses>
				<total>14</total>
				<timestamp>354.605536</timestamp>
			</report>
			<report>
				<misses>1480001</misses>
				<total>13</total>
				<timestamp>354.845305</timestamp>
			</report>
			<report>
				<misses>1481001</misses>
				<total>13</total>
				<timestamp>355.085039</timestamp>
			</report>
			<report>
				<misses>1482001</misses>
				<total>14</total>
				<timestamp>355.324742</timestamp>
			</report>
			<report>
				<misses>1483001</misses>
				<total>14</total>
				<timestamp>355.564534</timestamp>
			</report>
			<report>
				<misses>1484001</misses>
				<total>13</total>
				<timestamp>355.804391</timestamp>
			</report>
			<report>
				<misses>1485001</misses>
				<total>13</total>
				<timestamp>356.044160</timestamp>
			</report>
			<report>
				<misses>1486001</misses>
				<total>14</total>
				<timestamp>356.283774</timestamp>
			</report>
			<report>
				<misses>1487001</misses>
				<total>14</total>
				<timestamp>356.523516</timestamp>
			</report>
			<report>
				<misses>1488001</misses>
				<total>14</total>
				<timestamp>356.763340</timestamp>
			</report>
			<report>
				<misses>1489001</misses>
				<total>14</total>
				<timestamp>357.003082</timestamp>
			</report>
			<report>
				<misses>1490001</misses>
				<total>14</total>
				<timestamp>357.242824</timestamp>
			</report>
			<report>
				<misses>1491001</misses>
				<total>14</total>
				<timestamp>357.482642</timestamp>
			</report>
			<report>
				<misses>1492001</misses>
				<total>14</total>
				<timestamp>357.722340</timestamp>
			</report>
			<report>
				<misses>1493001</misses>
				<total>14</total>
				<timestamp>357.962132</timestamp>
			</report>
			<report>
				<misses>1494001</misses>
				<total>14</total>
				<timestamp>358.201878</timestamp>
			</report>
			<report>
				<misses>1495001</misses>
				<total>14</total>
				<timestamp>358.441627</timestamp>
			</report>
			<report>
				<misses>1496001</misses>
				<total>14</total>
				<timestamp>358.681378</timestamp>
			</report>
			<report>
				<misses>1497001</misses>
				<total>14</total>
				<timestamp>358.921167</timestamp>
			</report>
			<report>
				<misses>1498001</misses>
				<total>13</total>
				<timestamp>359.161014</timestamp>
			</report>
			<report>
				<misses>1499001</misses>
				<total>14</total>
				<timestamp>359.400658</timestamp>
			</report>
			<report>
				<misses>1500001</misses>
				<total>13</total>
				<timestamp>359.640487</timestamp>
			</report>
			<report>
				<misses>1501001</misses>
				<total>14</total>
				<timestamp>359.880201</timestamp>
			</report>
			<report>
				<misses>1502001</misses>
				<total>14</total>
				<timestamp>360.119934</timestamp>
			</report>
			<report>
				<misses>1503001</misses>
				<total>14</total>
				<timestamp>360.359741</timestamp>
			</report>
			<report>
				<misses>1504001</misses>
				<total>14</total>
				<timestamp>360.599454</timestamp>
			</report>
			<report>
				<misses>1505001</misses>
				<total>14</total>
				<timestamp>360.839225</timestamp>
			</report>
			<report>
				<misses>1506001</misses>
				<total>14</total>
				<timestamp>361.079017</timestamp>
			</report>
			<report>
				<misses>1507001</misses>
				<total>14</total>
				<timestamp>361.318745</timestamp>
			</report>
			<report>
				<misses>1508001</misses>
				<total>14</total>
				<timestamp>361.558492</timestamp>
			</report>
			<report>
				<misses>1509001</misses>
				<total>14</total>
				<timestamp>361.798268</timestamp>
			</report>
			<report>
				<misses>1510001</misses>
				<total>14</total>
				<timestamp>362.038071</timestamp>
			</report>
			<report>
				<misses>1511001</misses>
				<total>14</total>
				<timestamp>362.277814</timestamp>
			</report>
			<report>
				<misses>1512001</misses>
				<total>14</total>
				<timestamp>362.517555</timestamp>
			</report>
			<report>
				<misses>1513001</misses>
				<total>14</total>
				<timestamp>362.757309</timestamp>
			</report>
			<report>
				<misses>1514001</misses>
				<total>14</total>
				<timestamp>362.997085</timestamp>
			</report>
			<report>
				<misses>1515001</misses>
				<total>13</total>
				<timestamp>363.237008</timestamp>
			</report>
			<report>
				<misses>1516001</misses>
				<total>14</total>
				<timestamp>363.476597</timestamp>
			</report>
			<report>
				<misses>1517001</misses>
				<total>14</total>
				<timestamp>363.716348</timestamp>
			</report>
			<report>
				<misses>1518001</misses>
				<total>14</total>
				<timestamp>363.956144</timestamp>
			</report>
			<report>
				<misses>1519001</misses>
				<total>13</total>
				<timestamp>364.195963</timestamp>
			</report>
			<report>
				<misses>1520001</misses>
				<total>14</total>
				<timestamp>364.435618</timestamp>
			</report>
			<report>
				<misses>1521001</misses>
				<total>14</total>
				<timestamp>364.675389</timestamp>
			</report>
			<report>
				<misses>1522001</misses>
				<total>13</total>
				<timestamp>364.915213</timestamp>
			</report>
			<report>
				<misses>1523001</misses>
				<total>14</total>
				<timestamp>365.154916</timestamp>
			</report>
			<report>
				<misses>1524001</misses>
				<total>14</total>
				<timestamp>365.394670</timestamp>
			</report>
			<report>
				<misses>1525001</misses>
				<total>14</total>
				<timestamp>365.634402</timestamp>
			</report>
			<report>
				<misses>1526001</misses>
				<total>14</total>
				<timestamp>365.874178</timestamp>
			</report>
			<report>
				<misses>1527001</misses>
				<total>14</total>
				<timestamp>366.113957</timestamp>
			</report>
			<report>
				<misses>1528001</misses>
				<total>14</total>
				<timestamp>366.353760</timestamp>
			</report>
			<report>
				<misses>1529001</misses>
				<total>13</total>
				<timestamp>366.593537</timestamp>
			</report>
			<report>
				<misses>1530001</misses>
				<total>14</total>
				<timestamp>366.833226</timestamp>
			</report>
			<report>
				<misses>1531001</misses>
				<total>14</total>
				<timestamp>367.072983</timestamp>
			</report>
			<report>
				<misses>1532001</misses>
				<total>14</total>
				<timestamp>367.312774</timestamp>
			</report>
			<report>
				<misses>1533001</misses>
				<total>14</total>
				<timestamp>367.552491</timestamp>
			</report>
			<report>
				<misses>1534001</misses>
				<total>13</total>
				<timestamp>367.792344</timestamp>
			</report>
			<report>
				<misses>1535001</misses>
				<total>14</total>
				<timestamp>368.032040</timestamp>
			</report>
			<report>
				<misses>1536001</misses>
				<total>14</total>
				<timestamp>368.271809</timestamp>
			</report>
			<report>
				<misses>1537001</misses>
				<total>14</total>
				<timestamp>368.511614</timestamp>
			</report>
			<report>
				<misses>1538001</misses>
				<total>14</total>
				<timestamp>368.751317</timestamp>
			</report>
			<report>
				<misses>1539001</misses>
				<total>13</total>
				<timestamp>368.991135</timestamp>
			</report>
			<report>
				<misses>1540001</misses>
				<total>14</total>
				<timestamp>369.230819</timestamp>
			</report>
			<report>
				<misses>1541001</misses>
				<total>13</total>
				<timestamp>369.470631</timestamp>
			</report>
			<report>
				<misses>1542001</misses>
				<total>13</total>
				<timestamp>369.710459</timestamp>
			</report>
			<report>
				<misses>1543001</misses>
				<total>14</total>
				<timestamp>369.950135</timestamp>
			</report>
			<report>
				<misses>1544001</misses>
				<total>14</total>
				<timestamp>370.189854</timestamp>
			</report>
			<report>
				<misses>1545001</misses>
				<total>13</total>
				<timestamp>370.429709</timestamp>
			</report>
			<report>
				<misses>1546001</misses>
				<total>14</total>
				<timestamp>370.669398</timestamp>
			</report>
			<report>
				<misses>1547001</misses>
				<total>14</total>
				<timestamp>370.909173</timestamp>
			</report>
			<report>
				<misses>1548001</misses>
				<total>14</total>
				<timestamp>371.148949</timestamp>
			</report>
			<report>
				<misses>1549001</misses>
				<total>14</total>
				<timestamp>371.388661</timestamp>
			</report>
			<report>
				<misses>1550001</misses>
				<total>14</total>
				<timestamp>371.628416</timestamp>
			</report>
			<report>
				<misses>1551001</misses>
				<total>14</total>
				<timestamp>371.868212</timestamp>
			</report>
			<report>
				<misses>1552001</misses>
				<total>13</total>
				<timestamp>372.108103</timestamp>
			</report>
			<report>
				<misses>1553001</misses>
				<total>13</total>
				<timestamp>372.347818</timestamp>
			</report>
			<report>
				<misses>1554001</misses>
				<total>14</total>
				<timestamp>372.587457</timestamp>
			</report>
			<report>
				<misses>1555001</misses>
				<total>14</total>
				<timestamp>372.827310</timestamp>
			</report>
			<report>
				<misses>1556001</misses>
				<total>13</total>
				<timestamp>373.067063</timestamp>
			</report>
			<report>
				<misses>1557001</misses>
				<total>14</total>
				<timestamp>373.306750</timestamp>
			</report>
			<report>
				<misses>1558001</misses>
				<total>13</total>
				<timestamp>373.546533</timestamp>
			</report>
			<report>
				<misses>1559001</misses>
				<total>14</total>
				<timestamp>373.786312</timestamp>
			</report>
			<report>
				<misses>1560001</misses>
				<total>13</total>
				<timestamp>374.026113</timestamp>
			</report>
			<report>
				<misses>1561001</misses>
				<total>14</total>
				<timestamp>374.265800</timestamp>
			</report>
			<report>
				<misses>1562001</misses>
				<total>13</total>
				<timestamp>374.505668</timestamp>
			</report>
			<report>
				<misses>1563001</misses>
				<total>14</total>
				<timestamp>374.745336</timestamp>
			</report>
			<report>
				<misses>1564001</misses>
				<total>14</total>
				<timestamp>374.985075</timestamp>
			</report>
			<report>
				<misses>1565001</misses>
				<total>13</total>
				<timestamp>375.224858</timestamp>
			</report>
			<report>
				<misses>1566001</misses>
				<total>14</total>
				<timestamp>375.464570</timestamp>
			</report>
			<report>
				<misses>1567001</misses>
				<total>13</total>
				<timestamp>375.704407</timestamp>
			</report>
			<report>
				<misses>1568001</misses>
				<total>13</total>
				<timestamp>375.944157</timestamp>
			</report>
			<report>
				<misses>1569001</misses>
				<total>14</total>
				<timestamp>376.183867</timestamp>
			</report>
			<report>
				<misses>1570001</misses>
				<total>14</total>
				<timestamp>376.423646</timestamp>
			</report>
			<report>
				<misses>1571001</misses>
				<total>14</total>
				<timestamp>376.663441</timestamp>
			</report>
			<report>
				<misses>1572001</misses>
				<total>13</total>
				<timestamp>376.903288</timestamp>
			</report>
			<report>
				<misses>1573001</misses>
				<total>13</total>
				<timestamp>377.143028</timestamp>
			</report>
			<report>
				<misses>1574001</misses>
				<total>14</total>
				<timestamp>377.382656</timestamp>
			</report>
			<report>
				<misses>1575001</misses>
				<total>13</total>
				<timestamp>377.622532</timestamp>
			</report>
			<report>
				<misses>1576001</misses>
				<total>13</total>
				<timestamp>377.862261</timestamp>
			</report>
			<report>
				<misses>1577001</misses>
				<total>13</total>
				<timestamp>378.101994</timestamp>
			</report>
			<report>
				<misses>1578001</misses>
				<total>14</total>
				<timestamp>378.341700</timestamp>
			</report>
			<report>
				<misses>1579001</misses>
				<total>14</total>
				<timestamp>378.581455</timestamp>
			</report>
			<report>
				<misses>1580001</misses>
				<total>14</total>
				<timestamp>378.821222</timestamp>
			</report>
			<report>
				<misses>1581001</misses>
				<total>14</total>
				<timestamp>379.060993</timestamp>
			</report>
			<report>
				<misses>1582001</misses>
				<total>14</total>
				<timestamp>379.300748</timestamp>
			</report>
			<report>
				<misses>1583001</misses>
				<total>13</total>
				<timestamp>379.540593</timestamp>
			</report>
			<report>
				<misses>1584001</misses>
				<total>15</total>
				<timestamp>379.780324</timestamp>
			</report>
			<report>
				<misses>1585001</misses>
				<total>15</total>
				<timestamp>380.020081</timestamp>
			</report>
			<report>
				<misses>1586001</misses>
				<total>15</total>
				<timestamp>380.259786</timestamp>
			</report>
			<report>
				<misses>1587001</misses>
				<total>15</total>
				<timestamp>380.499557</timestamp>
			</report>
			<report>
				<misses>1588001</misses>
				<total>15</total>
				<timestamp>380.739373</timestamp>
			</report>
			<report>
				<misses>1589001</misses>
				<total>15</total>
				<timestamp>380.979073</timestamp>
			</report>
			<report>
				<misses>1590001</misses>
				<total>15</total>
				<timestamp>381.218814</timestamp>
			</report>
			<report>
				<misses>1591001</misses>
				<total>14</total>
				<timestamp>381.458678</timestamp>
			</report>
			<report>
				<misses>1592001</misses>
				<total>15</total>
				<timestamp>381.698406</timestamp>
			</report>
			<report>
				<misses>1593001</misses>
				<total>15</total>
				<timestamp>381.938093</timestamp>
			</report>
			<report>
				<misses>1594001</misses>
				<total>14</total>
				<timestamp>382.177990</timestamp>
			</report>
			<report>
				<misses>1595001</misses>
				<total>15</total>
				<timestamp>382.417607</timestamp>
			</report>
			<report>
				<misses>1596001</misses>
				<total>15</total>
				<timestamp>382.657388</timestamp>
			</report>
			<report>
				<misses>1597001</misses>
				<total>14</total>
				<timestamp>382.897228</timestamp>
			</report>
			<report>
				<misses>1598001</misses>
				<total>14</total>
				<timestamp>383.136988</timestamp>
			</report>
			<report>
				<misses>1599001</misses>
				<total>15</total>
				<timestamp>383.376672</timestamp>
			</report>
			<report>
				<misses>1600001</misses>
				<total>15</total>
				<timestamp>383.616442</timestamp>
			</report>
			<report>
				<misses>1601001</misses>
				<total>14</total>
				<timestamp>383.856216</timestamp>
			</report>
			<report>
				<misses>1602001</misses>
				<total>15</total>
				<timestamp>384.095942</timestamp>
			</report>
			<report>
				<misses>1603001</misses>
				<total>14</total>
				<timestamp>384.335829</timestamp>
			</report>
			<report>
				<misses>1604001</misses>
				<total>16</total>
				<timestamp>384.575468</timestamp>
			</report>
			<report>
				<misses>1605001</misses>
				<total>15</total>
				<timestamp>384.815323</timestamp>
			</report>
			<report>
				<misses>1606001</misses>
				<total>16</total>
				<timestamp>385.055017</timestamp>
			</report>
			<report>
				<misses>1607001</misses>
				<total>15</total>
				<timestamp>385.294856</timestamp>
			</report>
			<report>
				<misses>1608001</misses>
				<total>15</total>
				<timestamp>385.534631</timestamp>
			</report>
			<report>
				<misses>1609001</misses>
				<total>16</total>
				<timestamp>385.774272</timestamp>
			</report>
			<report>
				<misses>1610001</misses>
				<total>16</total>
				<timestamp>386.014088</timestamp>
			</report>
			<report>
				<misses>1611001</misses>
				<total>16</total>
				<timestamp>386.253811</timestamp>
			</report>
			<report>
				<misses>1612001</misses>
				<total>16</total>
				<timestamp>386.493564</timestamp>
			</report>
			<report>
				<misses>1613001</misses>
				<total>16</total>
				<timestamp>386.733309</timestamp>
			</report>
			<report>
				<misses>1614001</misses>
				<total>16</total>
				<timestamp>386.973077</timestamp>
			</report>
			<report>
				<misses>1615001</misses>
				<total>16</total>
				<timestamp>387.212858</timestamp>
			</report>
			<report>
				<misses>1616001</misses>
				<total>16</total>
				<timestamp>387.452572</timestamp>
			</report>
			<report>
				<misses>1617001</misses>
				<total>16</total>
				<timestamp>387.692387</timestamp>
			</report>
			<report>
				<misses>1618001</misses>
				<total>16</total>
				<timestamp>387.932101</timestamp>
			</report>
			<report>
				<misses>1619001</misses>
				<total>16</total>
				<timestamp>388.171936</timestamp>
			</report>
			<report>
				<misses>1620001</misses>
				<total>16</total>
				<timestamp>388.411625</timestamp>
			</report>
			<report>
				<misses>1621001</misses>
				<total>16</total>
				<timestamp>388.651363</timestamp>
			</report>
			<report>
				<misses>1622001</misses>
				<total>15</total>
				<timestamp>388.891152</timestamp>
			</report>
			<report>
				<misses>1623001</misses>
				<total>16</total>
				<timestamp>389.130940</timestamp>
			</report>
			<report>
				<misses>1624001</misses>
				<total>16</total>
				<timestamp>389.370654</timestamp>
			</report>
			<report>
				<misses>1625001</misses>
				<total>15</total>
				<timestamp>389.610466</timestamp>
			</report>
			<report>
				<misses>1626001</misses>
				<total>15</total>
				<timestamp>389.850223</timestamp>
			</report>
			<report>
				<misses>1627001</misses>
				<total>16</total>
				<timestamp>390.089982</timestamp>
			</report>
			<report>
				<misses>1628001</misses>
				<total>16</total>
				<timestamp>390.329704</timestamp>
			</report>
			<report>
				<misses>1629001</misses>
				<total>16</total>
				<timestamp>390.569471</timestamp>
			</report>
			<report>
				<misses>1630001</misses>
				<total>15</total>
				<timestamp>390.809261</timestamp>
			</report>
			<report>
				<misses>1631001</misses>
				<total>16</total>
				<timestamp>391.049000</timestamp>
			</report>
			<report>
				<misses>1632001</misses>
				<total>15</total>
				<timestamp>391.288830</timestamp>
			</report>
			<report>
				<misses>1633001</misses>
				<total>16</total>
				<timestamp>391.528502</timestamp>
			</report>
			<report>
				<misses>1634001</misses>
				<total>16</total>
				<timestamp>391.768272</timestamp>
			</report>
			<report>
				<misses>1635001</misses>
				<total>16</total>
				<timestamp>392.008046</timestamp>
			</report>
			<report>
				<misses>1636001</misses>
				<total>16</total>
				<timestamp>392.247778</timestamp>
			</report>
			<report>
				<misses>1637001</misses>
				<total>15</total>
				<timestamp>392.487686</timestamp>
			</report>
			<report>
				<misses>1638001</misses>
				<total>16</total>
				<timestamp>392.727312</timestamp>
			</report>
			<report>
				<misses>1639001</misses>
				<total>15</total>
				<timestamp>392.967172</timestamp>
			</report>
			<report>
				<misses>1640001</misses>
				<total>16</total>
				<timestamp>393.206842</timestamp>
			</report>
			<report>
				<misses>1641001</misses>
				<total>16</total>
				<timestamp>393.446637</timestamp>
			</report>
			<report>
				<misses>1642001</misses>
				<total>16</total>
				<timestamp>393.686330</timestamp>
			</report>
			<report>
				<misses>1643001</misses>
				<total>16</total>
				<timestamp>393.926095</timestamp>
			</report>
			<report>
				<misses>1644001</misses>
				<total>16</total>
				<timestamp>394.165951</timestamp>
			</report>
			<report>
				<misses>1645001</misses>
				<total>16</total>
				<timestamp>394.405595</timestamp>
			</report>
			<report>
				<misses>1646001</misses>
				<total>16</total>
				<timestamp>394.645439</timestamp>
			</report>
			<report>
				<misses>1647001</misses>
				<total>16</total>
				<timestamp>394.885240</timestamp>
			</report>
			<report>
				<misses>1648001</misses>
				<total>16</total>
				<timestamp>395.124908</timestamp>
			</report>
			<report>
				<misses>1649001</misses>
				<total>16</total>
				<timestamp>395.364663</timestamp>
			</report>
			<report>
				<misses>1650001</misses>
				<total>16</total>
				<timestamp>395.604419</timestamp>
			</report>
			<report>
				<misses>1651001</misses>
				<total>16</total>
				<timestamp>395.844211</timestamp>
			</report>
			<report>
				<misses>1652001</misses>
				<total>16</total>
				<timestamp>396.083971</timestamp>
			</report>
			<report>
				<misses>1653001</misses>
				<total>15</total>
				<timestamp>396.323761</timestamp>
			</report>
			<report>
				<misses>1654001</misses>
				<total>15</total>
				<timestamp>396.563515</timestamp>
			</report>
			<report>
				<misses>1655001</misses>
				<total>16</total>
				<timestamp>396.803217</timestamp>
			</report>
			<report>
				<misses>1656001</misses>
				<total>16</total>
				<timestamp>397.042997</timestamp>
			</report>
			<report>
				<misses>1657001</misses>
				<total>15</total>
				<timestamp>397.282838</timestamp>
			</report>
			<report>
				<misses>1658001</misses>
				<total>16</total>
				<timestamp>397.522499</timestamp>
			</report>
			<report>
				<misses>1659001</misses>
				<total>16</total>
				<timestamp>397.762255</timestamp>
			</report>
			<report>
				<misses>1660001</misses>
				<total>16</total>
				<timestamp>398.002013</timestamp>
			</report>
			<report>
				<misses>1661001</misses>
				<total>16</total>
				<timestamp>398.241811</timestamp>
			</report>
			<report>
				<misses>1662001</misses>
				<total>16</total>
				<timestamp>398.481535</timestamp>
			</report>
			<report>
				<misses>1663001</misses>
				<total>16</total>
				<timestamp>398.721291</timestamp>
			</report>
			<report>
				<misses>1664001</misses>
				<total>16</total>
				<timestamp>398.961116</timestamp>
			</report>
			<report>
				<misses>1665001</misses>
				<total>16</total>
				<timestamp>399.200848</timestamp>
			</report>
			<report>
				<misses>1666001</misses>
				<total>16</total>
				<timestamp>399.440570</timestamp>
			</report>
			<report>
				<misses>1667001</misses>
				<total>16</total>
				<timestamp>399.680335</timestamp>
			</report>
			<report>
				<misses>1668001</misses>
				<total>16</total>
				<timestamp>399.920114</timestamp>
			</report>
			<report>
				<misses>1669001</misses>
				<total>16</total>
				<timestamp>400.159875</timestamp>
			</report>
			<report>
				<misses>1670001</misses>
				<total>15</total>
				<timestamp>400.399715</timestamp>
			</report>
			<report>
				<misses>1671001</misses>
				<total>16</total>
				<timestamp>400.639473</timestamp>
			</report>
			<report>
				<misses>1672001</misses>
				<total>16</total>
				<timestamp>400.879179</timestamp>
			</report>
			<report>
				<misses>1673001</misses>
				<total>16</total>
				<timestamp>401.118994</timestamp>
			</report>
			<report>
				<misses>1674001</misses>
				<total>15</total>
				<timestamp>401.358789</timestamp>
			</report>
			<report>
				<misses>1675001</misses>
				<total>15</total>
				<timestamp>401.598552</timestamp>
			</report>
			<report>
				<misses>1676001</misses>
				<total>16</total>
				<timestamp>401.838182</timestamp>
			</report>
			<report>
				<misses>1677001</misses>
				<total>16</total>
				<timestamp>402.077969</timestamp>
			</report>
			<report>
				<misses>1678001</misses>
				<total>16</total>
				<timestamp>402.317742</timestamp>
			</report>
			<report>
				<misses>1679001</misses>
				<total>16</total>
				<timestamp>402.557479</timestamp>
			</report>
			<report>
				<misses>1680001</misses>
				<total>16</total>
				<timestamp>402.797231</timestamp>
			</report>
			<report>
				<misses>1681001</misses>
				<total>16</total>
				<timestamp>403.036977</timestamp>
			</report>
			<report>
				<misses>1682001</misses>
				<total>15</total>
				<timestamp>403.276791</timestamp>
			</report>
			<report>
				<misses>1683001</misses>
				<total>16</total>
				<timestamp>403.516501</timestamp>
			</report>
			<report>
				<misses>1684001</misses>
				<total>16</total>
				<timestamp>403.756325</timestamp>
			</report>
			<report>
				<misses>1685001</misses>
				<total>16</total>
				<timestamp>403.996006</timestamp>
			</report>
			<report>
				<misses>1686001</misses>
				<total>16</total>
				<timestamp>404.235844</timestamp>
			</report>
			<report>
				<misses>1687001</misses>
				<total>15</total>
				<timestamp>404.475652</timestamp>
			</report>
			<report>
				<misses>1688001</misses>
				<total>16</total>
				<timestamp>404.715323</timestamp>
			</report>
			<report>
				<misses>1689001</misses>
				<total>16</total>
				<timestamp>404.955045</timestamp>
			</report>
			<report>
				<misses>1690001</misses>
				<total>15</total>
				<timestamp>405.194939</timestamp>
			</report>
			<report>
				<misses>1691001</misses>
				<total>16</total>
				<timestamp>405.434612</timestamp>
			</report>
			<report>
				<misses>1692001</misses>
				<total>17</total>
				<timestamp>405.674355</timestamp>
			</report>
			<report>
				<misses>1693001</misses>
				<total>17</total>
				<timestamp>405.914091</timestamp>
			</report>
			<report>
				<misses>1694001</misses>
				<total>17</total>
				<timestamp>406.153905</timestamp>
			</report>
			<report>
				<misses>1695001</misses>
				<total>17</total>
				<timestamp>406.393603</timestamp>
			</report>
			<report>
				<misses>1696001</misses>
				<total>17</total>
				<timestamp>406.633382</timestamp>
			</report>
			<report>
				<misses>1697001</misses>
				<total>16</total>
				<timestamp>406.873196</timestamp>
			</report>
			<report>
				<misses>1698001</misses>
				<total>16</total>
				<timestamp>407.113024</timestamp>
			</report>
			<report>
				<misses>1699001</misses>
				<total>17</total>
				<timestamp>407.352676</timestamp>
			</report>
			<report>
				<misses>1700001</misses>
				<total>17</total>
				<timestamp>407.592421</timestamp>
			</report>
			<report>
				<misses>1701001</misses>
				<total>17</total>
				<timestamp>407.832217</timestamp>
			</report>
			<report>
				<misses>1702001</misses>
				<total>17</total>
				<timestamp>408.071949</timestamp>
			</report>
			<report>
				<misses>1703001</misses>
				<total>16</total>
				<timestamp>408.311826</timestamp>
			</report>
			<report>
				<misses>1704001</misses>
				<total>17</total>
				<timestamp>408.551498</timestamp>
			</report>
			<report>
				<misses>1705001</misses>
				<total>17</total>
				<timestamp>408.791245</timestamp>
			</report>
			<report>
				<misses>1706001</misses>
				<total>16</total>
				<timestamp>409.031047</timestamp>
			</report>
			<report>
				<misses>1707001</misses>
				<total>17</total>
				<timestamp>409.270785</timestamp>
			</report>
			<report>
				<misses>1708001</misses>
				<total>16</total>
				<timestamp>409.510615</timestamp>
			</report>
			<report>
				<misses>1709001</misses>
				<total>17</total>
				<timestamp>409.750261</timestamp>
			</report>
			<report>
				<misses>1710001</misses>
				<total>17</total>
				<timestamp>409.990037</timestamp>
			</report>
			<report>
				<misses>1711001</misses>
				<total>17</total>
				<timestamp>410.229779</timestamp>
			</report>
			<report>
				<misses>1712001</misses>
				<total>17</total>
				<timestamp>410.469569</timestamp>
			</report>
			<report>
				<misses>1713001</misses>
				<total>17</total>
				<timestamp>410.709312</timestamp>
			</report>
			<report>
				<misses>1714001</misses>
				<total>17</total>
				<timestamp>410.949065</timestamp>
			</report>
			<report>
				<misses>1715001</misses>
				<total>17</total>
				<timestamp>411.188893</timestamp>
			</report>
			<report>
				<misses>1716001</misses>
				<total>17</total>
				<timestamp>411.428598</timestamp>
			</report>
			<report>
				<misses>1717001</misses>
				<total>17</total>
				<timestamp>411.668358</timestamp>
			</report>
			<report>
				<misses>1718001</misses>
				<total>17</total>
				<timestamp>411.908102</timestamp>
			</report>
			<report>
				<misses>1719001</misses>
				<total>17</total>
				<timestamp>412.147882</timestamp>
			</report>
			<report>
				<misses>1720001</misses>
				<total>17</total>
				<timestamp>412.387646</timestamp>
			</report>
			<report>
				<misses>1721001</misses>
				<total>17</total>
				<timestamp>412.627369</timestamp>
			</report>
			<report>
				<misses>1722001</misses>
				<total>17</total>
				<timestamp>412.867130</timestamp>
			</report>
			<report>
				<misses>1723001</misses>
				<total>17</total>
				<timestamp>413.106908</timestamp>
			</report>
			<report>
				<misses>1724001</misses>
				<total>16</total>
				<timestamp>413.346778</timestamp>
			</report>
			<report>
				<misses>1725001</misses>
				<total>17</total>
				<timestamp>413.586411</timestamp>
			</report>
			<report>
				<misses>1726001</misses>
				<total>16</total>
				<timestamp>413.826234</timestamp>
			</report>
			<report>
				<misses>1727001</misses>
				<total>16</total>
				<timestamp>414.066052</timestamp>
			</report>
			<report>
				<misses>1728001</misses>
				<total>16</total>
				<timestamp>414.305837</timestamp>
			</report>
			<report>
				<misses>1729001</misses>
				<total>16</total>
				<timestamp>414.545542</timestamp>
			</report>
			<report>
				<misses>1730001</misses>
				<total>17</total>
				<timestamp>414.785251</timestamp>
			</report>
			<report>
				<misses>1731001</misses>
				<total>16</total>
				<timestamp>415.025057</timestamp>
			</report>
			<report>
				<misses>1732001</misses>
				<total>17</total>
				<timestamp>415.264815</timestamp>
			</report>
			<report>
				<misses>1733001</misses>
				<total>17</total>
				<timestamp>415.504502</timestamp>
			</report>
			<report>
				<misses>1734001</misses>
				<total>17</total>
				<timestamp>415.744287</timestamp>
			</report>
			<report>
				<misses>1735001</misses>
				<total>17</total>
				<timestamp>415.984013</timestamp>
			</report>
			<report>
				<misses>1736001</misses>
				<total>16</total>
				<timestamp>416.223878</timestamp>
			</report>
			<report>
				<misses>1737001</misses>
				<total>17</total>
				<timestamp>416.463548</timestamp>
			</report>
			<report>
				<misses>1738001</misses>
				<total>17</total>
				<timestamp>416.703294</timestamp>
			</report>
			<report>
				<misses>1739001</misses>
				<total>17</total>
				<timestamp>416.943062</timestamp>
			</report>
			<report>
				<misses>1740001</misses>
				<total>16</total>
				<timestamp>417.182906</timestamp>
			</report>
			<report>
				<misses>1741001</misses>
				<total>17</total>
				<timestamp>417.422588</timestamp>
			</report>
			<report>
				<misses>1742001</misses>
				<total>17</total>
				<timestamp>417.662334</timestamp>
			</report>
			<report>
				<misses>1743001</misses>
				<total>17</total>
				<timestamp>417.902084</timestamp>
			</report>
			<report>
				<misses>1744001</misses>
				<total>17</total>
				<timestamp>418.141873</timestamp>
			</report>
			<report>
				<misses>1745001</misses>
				<total>17</total>
				<timestamp>418.381628</timestamp>
			</report>
			<report>
				<misses>1746001</misses>
				<total>16</total>
				<timestamp>418.621468</timestamp>
			</report>
			<report>
				<misses>1747001</misses>
				<total>17</total>
				<timestamp>418.861140</timestamp>
			</report>
			<report>
				<misses>1748001</misses>
				<total>17</total>
				<timestamp>419.100903</timestamp>
			</report>
			<report>
				<misses>1749001</misses>
				<total>17</total>
				<timestamp>419.340673</timestamp>
			</report>
			<report>
				<misses>1750001</misses>
				<total>17</total>
				<timestamp>419.580443</timestamp>
			</report>
			<report>
				<misses>1751001</misses>
				<total>17</total>
				<timestamp>419.820205</timestamp>
			</report>
			<report>
				<misses>1752001</misses>
				<total>17</total>
				<timestamp>420.059952</timestamp>
			</report>
			<report>
				<misses>1753001</misses>
				<total>17</total>
				<timestamp>420.299754</timestamp>
			</report>
			<report>
				<misses>1754001</misses>
				<total>17</total>
				<timestamp>420.539486</timestamp>
			</report>
			<report>
				<misses>1755001</misses>
				<total>17</total>
				<timestamp>420.779223</timestamp>
			</report>
			<report>
				<misses>1756001</misses>
				<total>17</total>
				<timestamp>421.018979</timestamp>
			</report>
			<report>
				<misses>1757001</misses>
				<total>17</total>
				<timestamp>421.258824</timestamp>
			</report>
			<report>
				<misses>1758001</misses>
				<total>17</total>
				<timestamp>421.498490</timestamp>
			</report>
			<report>
				<misses>1759001</misses>
				<total>17</total>
				<timestamp>421.738282</timestamp>
			</report>
			<report>
				<misses>1760001</misses>
				<total>16</total>
				<timestamp>421.978098</timestamp>
			</report>
			<report>
				<misses>1761001</misses>
				<total>17</total>
				<timestamp>422.217810</timestamp>
			</report>
			<report>
				<misses>1762001</misses>
				<total>17</total>
				<timestamp>422.457547</timestamp>
			</report>
			<report>
				<misses>1763001</misses>
				<total>17</total>
				<timestamp>422.697386</timestamp>
			</report>
			<report>
				<misses>1764001</misses>
				<total>17</total>
				<timestamp>422.937058</timestamp>
			</report>
			<report>
				<misses>1765001</misses>
				<total>17</total>
				<timestamp>423.176861</timestamp>
			</report>
			<report>
				<misses>1766001</misses>
				<total>16</total>
				<timestamp>423.416692</timestamp>
			</report>
			<report>
				<misses>1767001</misses>
				<total>17</total>
				<timestamp>423.656343</timestamp>
			</report>
			<report>
				<misses>1768001</misses>
				<total>17</total>
				<timestamp>423.896126</timestamp>
			</report>
			<report>
				<misses>1769001</misses>
				<total>17</total>
				<timestamp>424.135863</timestamp>
			</report>
			<report>
				<misses>1770001</misses>
				<total>17</total>
				<timestamp>424.375670</timestamp>
			</report>
			<report>
				<misses>1771001</misses>
				<total>16</total>
				<timestamp>424.615480</timestamp>
			</report>
			<report>
				<misses>1772001</misses>
				<total>17</total>
				<timestamp>424.855127</timestamp>
			</report>
			<report>
				<misses>1773001</misses>
				<total>17</total>
				<timestamp>425.094898</timestamp>
			</report>
			<report>
				<misses>1774001</misses>
				<total>17</total>
				<timestamp>425.334726</timestamp>
			</report>
			<report>
				<misses>1775001</misses>
				<total>17</total>
				<timestamp>425.574432</timestamp>
			</report>
			<report>
				<misses>1776001</misses>
				<total>17</total>
				<timestamp>425.814198</timestamp>
			</report>
			<report>
				<misses>1777001</misses>
				<total>16</total>
				<timestamp>426.054088</timestamp>
			</report>
			<report>
				<misses>1778001</misses>
				<total>16</total>
				<timestamp>426.293848</timestamp>
			</report>
			<report>
				<misses>1779001</misses>
				<total>17</total>
				<timestamp>426.533445</timestamp>
			</report>
			<report>
				<misses>1780001</misses>
				<total>17</total>
				<timestamp>426.773225</timestamp>
			</report>
			<report>
				<misses>1781001</misses>
				<total>17</total>
				<timestamp>427.012985</timestamp>
			</report>
			<report>
				<misses>1782001</misses>
				<total>17</total>
				<timestamp>427.252805</timestamp>
			</report>
			<report>
				<misses>1783001</misses>
				<total>16</total>
				<timestamp>427.492655</timestamp>
			</report>
			<report>
				<misses>1784001</misses>
				<total>17</total>
				<timestamp>427.732298</timestamp>
			</report>
			<report>
				<misses>1785001</misses>
				<total>16</total>
				<timestamp>427.972154</timestamp>
			</report>
			<report>
				<misses>1786001</misses>
				<total>17</total>
				<timestamp>428.211787</timestamp>
			</report>
			<report>
				<misses>1787001</misses>
				<total>16</total>
				<timestamp>428.451569</timestamp>
			</report>
			<report>
				<misses>1788001</misses>
				<total>17</total>
				<timestamp>428.691312</timestamp>
			</report>
			<report>
				<misses>1789001</misses>
				<total>17</total>
				<timestamp>428.931075</timestamp>
			</report>
			<report>
				<misses>1790001</misses>
				<total>17</total>
				<timestamp>429.170844</timestamp>
			</report>
			<report>
				<misses>1791001</misses>
				<total>17</total>
				<timestamp>429.410604</timestamp>
			</report>
			<report>
				<misses>1792001</misses>
				<total>17</total>
				<timestamp>429.650337</timestamp>
			</report>
			<report>
				<misses>1793001</misses>
				<total>17</total>
				<timestamp>429.890114</timestamp>
			</report>
			<report>
				<misses>1794001</misses>
				<total>17</total>
				<timestamp>430.129882</timestamp>
			</report>
			<report>
				<misses>1795001</misses>
				<total>17</total>
				<timestamp>430.369633</timestamp>
			</report>
			<report>
				<misses>1796001</misses>
				<total>17</total>
				<timestamp>430.609388</timestamp>
			</report>
			<report>
				<misses>1797001</misses>
				<total>17</total>
				<timestamp>430.849172</timestamp>
			</report>
			<report>
				<misses>1798001</misses>
				<total>17</total>
				<timestamp>431.088890</timestamp>
			</report>
			<report>
				<misses>1799001</misses>
				<total>17</total>
				<timestamp>431.328688</timestamp>
			</report>
			<report>
				<misses>1800001</misses>
				<total>17</total>
				<timestamp>431.568448</timestamp>
			</report>
			<report>
				<misses>1801001</misses>
				<total>17</total>
				<timestamp>431.808181</timestamp>
			</report>
			<report>
				<misses>1802001</misses>
				<total>17</total>
				<timestamp>432.047940</timestamp>
			</report>
			<report>
				<misses>1803001</misses>
				<total>17</total>
				<timestamp>432.287721</timestamp>
			</report>
			<report>
				<misses>1804001</misses>
				<total>17</total>
				<timestamp>432.527477</timestamp>
			</report>
			<report>
				<misses>1805001</misses>
				<total>17</total>
				<timestamp>432.767231</timestamp>
			</report>
			<report>
				<misses>1806001</misses>
				<total>17</total>
				<timestamp>433.006984</timestamp>
			</report>
			<report>
				<misses>1807001</misses>
				<total>17</total>
				<timestamp>433.246762</timestamp>
			</report>
			<report>
				<misses>1808001</misses>
				<total>17</total>
				<timestamp>433.486509</timestamp>
			</report>
			<report>
				<misses>1809001</misses>
				<total>17</total>
				<timestamp>433.726269</timestamp>
			</report>
			<report>
				<misses>1810001</misses>
				<total>17</total>
				<timestamp>433.966064</timestamp>
			</report>
			<report>
				<misses>1811001</misses>
				<total>17</total>
				<timestamp>434.205825</timestamp>
			</report>
			<report>
				<misses>1812001</misses>
				<total>16</total>
				<timestamp>434.445667</timestamp>
			</report>
			<report>
				<misses>1813001</misses>
				<total>16</total>
				<timestamp>434.685375</timestamp>
			</report>
			<report>
				<misses>1814001</misses>
				<total>16</total>
				<timestamp>434.925145</timestamp>
			</report>
			<report>
				<misses>1815001</misses>
				<total>17</total>
				<timestamp>435.164817</timestamp>
			</report>
			<report>
				<misses>1816001</misses>
				<total>17</total>
				<timestamp>435.404605</timestamp>
			</report>
			<report>
				<misses>1817001</misses>
				<total>16</total>
				<timestamp>435.644414</timestamp>
			</report>
			<report>
				<misses>1818001</misses>
				<total>17</total>
				<timestamp>435.884126</timestamp>
			</report>
			<report>
				<misses>1819001</misses>
				<total>17</total>
				<timestamp>436.123862</timestamp>
			</report>
			<report>
				<misses>1820001</misses>
				<total>17</total>
				<timestamp>436.363713</timestamp>
			</report>
			<report>
				<misses>1821001</misses>
				<total>17</total>
				<timestamp>436.603400</timestamp>
			</report>
			<report>
				<misses>1822001</misses>
				<total>16</total>
				<timestamp>436.843211</timestamp>
			</report>
			<report>
				<misses>1823001</misses>
				<total>16</total>
				<timestamp>437.083002</timestamp>
			</report>
			<report>
				<misses>1824001</misses>
				<total>16</total>
				<timestamp>437.322752</timestamp>
			</report>
			<report>
				<misses>1825001</misses>
				<total>16</total>
				<timestamp>437.562558</timestamp>
			</report>
			<report>
				<misses>1826001</misses>
				<total>17</total>
				<timestamp>437.802241</timestamp>
			</report>
			<report>
				<misses>1827001</misses>
				<total>17</total>
				<timestamp>438.041943</timestamp>
			</report>
			<report>
				<misses>1828001</misses>
				<total>17</total>
				<timestamp>438.281733</timestamp>
			</report>
			<report>
				<misses>1829001</misses>
				<total>17</total>
				<timestamp>438.521448</timestamp>
			</report>
			<report>
				<misses>1830001</misses>
				<total>16</total>
				<timestamp>438.761301</timestamp>
			</report>
			<report>
				<misses>1831001</misses>
				<total>17</total>
				<timestamp>439.001011</timestamp>
			</report>
			<report>
				<misses>1832001</misses>
				<total>17</total>
				<timestamp>439.240766</timestamp>
			</report>
			<report>
				<misses>1833001</misses>
				<total>17</total>
				<timestamp>439.480533</timestamp>
			</report>
			<report>
				<misses>1834001</misses>
				<total>16</total>
				<timestamp>439.720281</timestamp>
			</report>
			<report>
				<misses>1835001</misses>
				<total>16</total>
				<timestamp>439.960094</timestamp>
			</report>
			<report>
				<misses>1836001</misses>
				<total>16</total>
				<timestamp>440.199921</timestamp>
			</report>
			<report>
				<misses>1837001</misses>
				<total>16</total>
				<timestamp>440.439621</timestamp>
			</report>
			<report>
				<misses>1838001</misses>
				<total>17</total>
				<timestamp>440.679306</timestamp>
			</report>
			<report>
				<misses>1839001</misses>
				<total>17</total>
				<timestamp>440.919055</timestamp>
			</report>
			<report>
				<misses>1840001</misses>
				<total>17</total>
				<timestamp>441.158829</timestamp>
			</report>
			<report>
				<misses>1841001</misses>
				<total>17</total>
				<timestamp>441.398601</timestamp>
			</report>
			<report>
				<misses>1842001</misses>
				<total>17</total>
				<timestamp>441.638351</timestamp>
			</report>
			<report>
				<misses>1843001</misses>
				<total>17</total>
				<timestamp>441.878118</timestamp>
			</report>
			<report>
				<misses>1844001</misses>
				<total>17</total>
				<timestamp>442.117860</timestamp>
			</report>
			<report>
				<misses>1845001</misses>
				<total>17</total>
				<timestamp>442.357662</timestamp>
			</report>
			<report>
				<misses>1846001</misses>
				<total>16</total>
				<timestamp>442.597480</timestamp>
			</report>
			<report>
				<misses>1847001</misses>
				<total>17</total>
				<timestamp>442.837132</timestamp>
			</report>
			<report>
				<misses>1848001</misses>
				<total>17</total>
				<timestamp>443.076896</timestamp>
			</report>
			<report>
				<misses>1849001</misses>
				<total>17</total>
				<timestamp>443.316676</timestamp>
			</report>
			<report>
				<misses>1850001</misses>
				<total>17</total>
				<timestamp>443.556466</timestamp>
			</report>
			<report>
				<misses>1851001</misses>
				<total>17</total>
				<timestamp>443.796177</timestamp>
			</report>
			<report>
				<misses>1852001</misses>
				<total>17</total>
				<timestamp>444.035930</timestamp>
			</report>
			<report>
				<misses>1853001</misses>
				<total>17</total>
				<timestamp>444.275715</timestamp>
			</report>
			<report>
				<misses>1854001</misses>
				<total>17</total>
				<timestamp>444.515459</timestamp>
			</report>
			<report>
				<misses>1855001</misses>
				<total>17</total>
				<timestamp>444.755206</timestamp>
			</report>
			<report>
				<misses>1856001</misses>
				<total>17</total>
				<timestamp>444.994968</timestamp>
			</report>
			<report>
				<misses>1857001</misses>
				<total>17</total>
				<timestamp>445.234865</timestamp>
			</report>
			<report>
				<misses>1858001</misses>
				<total>17</total>
				<timestamp>445.474578</timestamp>
			</report>
			<report>
				<misses>1859001</misses>
				<total>17</total>
				<timestamp>445.714266</timestamp>
			</report>
			<report>
				<misses>1860001</misses>
				<total>17</total>
				<timestamp>445.954012</timestamp>
			</report>
			<report>
				<misses>1861001</misses>
				<total>17</total>
				<timestamp>446.193851</timestamp>
			</report>
			<report>
				<misses>1862001</misses>
				<total>17</total>
				<timestamp>446.433587</timestamp>
			</report>
			<report>
				<misses>1863001</misses>
				<total>17</total>
				<timestamp>446.673297</timestamp>
			</report>
			<report>
				<misses>1864001</misses>
				<total>17</total>
				<timestamp>446.913073</timestamp>
			</report>
			<report>
				<misses>1865001</misses>
				<total>17</total>
				<timestamp>447.152854</timestamp>
			</report>
			<report>
				<misses>1866001</misses>
				<total>16</total>
				<timestamp>447.392697</timestamp>
			</report>
			<report>
				<misses>1867001</misses>
				<total>17</total>
				<timestamp>447.632390</timestamp>
			</report>
			<report>
				<misses>1868001</misses>
				<total>17</total>
				<timestamp>447.872115</timestamp>
			</report>
			<report>
				<misses>1869001</misses>
				<total>16</total>
				<timestamp>448.111890</timestamp>
			</report>
			<report>
				<misses>1870001</misses>
				<total>17</total>
				<timestamp>448.351657</timestamp>
			</report>
			<report>
				<misses>1871001</misses>
				<total>16</total>
				<timestamp>448.591476</timestamp>
			</report>
			<report>
				<misses>1872001</misses>
				<total>17</total>
				<timestamp>448.831146</timestamp>
			</report>
			<report>
				<misses>1873001</misses>
				<total>16</total>
				<timestamp>449.070980</timestamp>
			</report>
			<report>
				<misses>1874001</misses>
				<total>17</total>
				<timestamp>449.310670</timestamp>
			</report>
			<report>
				<misses>1875001</misses>
				<total>17</total>
				<timestamp>449.550474</timestamp>
			</report>
			<report>
				<misses>1876001</misses>
				<total>17</total>
				<timestamp>449.790175</timestamp>
			</report>
			<report>
				<misses>1877001</misses>
				<total>17</total>
				<timestamp>450.029934</timestamp>
			</report>
			<report>
				<misses>1878001</misses>
				<total>16</total>
				<timestamp>450.269795</timestamp>
			</report>
			<report>
				<misses>1879001</misses>
				<total>16</total>
				<timestamp>450.509553</timestamp>
			</report>
			<report>
				<misses>1880001</misses>
				<total>17</total>
				<timestamp>450.749226</timestamp>
			</report>
			<report>
				<misses>1881001</misses>
				<total>17</total>
				<timestamp>450.989052</timestamp>
			</report>
			<report>
				<misses>1882001</misses>
				<total>17</total>
				<timestamp>451.228805</timestamp>
			</report>
			<report>
				<misses>1883001</misses>
				<total>17</total>
				<timestamp>451.468565</timestamp>
			</report>
			<report>
				<misses>1884001</misses>
				<total>17</total>
				<timestamp>451.708263</timestamp>
			</report>
			<report>
				<misses>1885001</misses>
				<total>17</total>
				<timestamp>451.948052</timestamp>
			</report>
			<report>
				<misses>1886001</misses>
				<total>16</total>
				<timestamp>452.187855</timestamp>
			</report>
			<report>
				<misses>1887001</misses>
				<total>17</total>
				<timestamp>452.427552</timestamp>
			</report>
			<report>
				<misses>1888001</misses>
				<total>16</total>
				<timestamp>452.667445</timestamp>
			</report>
			<report>
				<misses>1889001</misses>
				<total>17</total>
				<timestamp>452.907056</timestamp>
			</report>
			<report>
				<misses>1890001</misses>
				<total>17</total>
				<timestamp>453.146816</timestamp>
			</report>
			<report>
				<misses>1891001</misses>
				<total>17</total>
				<timestamp>453.386636</timestamp>
			</report>
			<report>
				<misses>1892001</misses>
				<total>18</total>
				<timestamp>453.626453</timestamp>
			</report>
			<report>
				<misses>1893001</misses>
				<total>19</total>
				<timestamp>453.866100</timestamp>
			</report>
			<report>
				<misses>1894001</misses>
				<total>19</total>
				<timestamp>454.105916</timestamp>
			</report>
			<report>
				<misses>1895001</misses>
				<total>18</total>
				<timestamp>454.345673</timestamp>
			</report>
			<report>
				<misses>1896001</misses>
				<total>19</total>
				<timestamp>454.585396</timestamp>
			</report>
			<report>
				<misses>1897001</misses>
				<total>19</total>
				<timestamp>454.825144</timestamp>
			</report>
			<report>
				<misses>1898001</misses>
				<total>19</total>
				<timestamp>455.064912</timestamp>
			</report>
			<report>
				<misses>1899001</misses>
				<total>19</total>
				<timestamp>455.304651</timestamp>
			</report>
			<report>
				<misses>1900001</misses>
				<total>18</total>
				<timestamp>455.544564</timestamp>
			</report>
			<report>
				<misses>1901001</misses>
				<total>19</total>
				<timestamp>455.784169</timestamp>
			</report>
			<report>
				<misses>1902001</misses>
				<total>18</total>
				<timestamp>456.024031</timestamp>
			</report>
			<report>
				<misses>1903001</misses>
				<total>19</total>
				<timestamp>456.263740</timestamp>
			</report>
			<report>
				<misses>1904001</misses>
				<total>19</total>
				<timestamp>456.503469</timestamp>
			</report>
			<report>
				<misses>1905001</misses>
				<total>19</total>
				<timestamp>456.743213</timestamp>
			</report>
			<report>
				<misses>1906001</misses>
				<total>18</total>
				<timestamp>456.983080</timestamp>
			</report>
			<report>
				<misses>1907001</misses>
				<total>19</total>
				<timestamp>457.222784</timestamp>
			</report>
			<report>
				<misses>1908001</misses>
				<total>19</total>
				<timestamp>457.462518</timestamp>
			</report>
			<report>
				<misses>1909001</misses>
				<total>19</total>
				<timestamp>457.702276</timestamp>
			</report>
			<report>
				<misses>1910001</misses>
				<total>19</total>
				<timestamp>457.942076</timestamp>
			</report>
			<report>
				<misses>1911001</misses>
				<total>19</total>
				<timestamp>458.181788</timestamp>
			</report>
			<report>
				<misses>1912001</misses>
				<total>19</total>
				<timestamp>458.421592</timestamp>
			</report>
			<report>
				<misses>1913001</misses>
				<total>18</total>
				<timestamp>458.661306</timestamp>
			</report>
			<report>
				<misses>1914001</misses>
				<total>18</total>
				<timestamp>458.901117</timestamp>
			</report>
			<report>
				<misses>1915001</misses>
				<total>19</total>
				<timestamp>459.140825</timestamp>
			</report>
			<report>
				<misses>1916001</misses>
				<total>19</total>
				<timestamp>459.380582</timestamp>
			</report>
			<report>
				<misses>1917001</misses>
				<total>19</total>
				<timestamp>459.620445</timestamp>
			</report>
			<report>
				<misses>1918001</misses>
				<total>19</total>
				<timestamp>459.860097</timestamp>
			</report>
			<report>
				<misses>1919001</misses>
				<total>19</total>
				<timestamp>460.099885</timestamp>
			</report>
			<report>
				<misses>1920001</misses>
				<total>19</total>
				<timestamp>460.339616</timestamp>
			</report>
			<report>
				<misses>1921001</misses>
				<total>18</total>
				<timestamp>460.579449</timestamp>
			</report>
			<report>
				<misses>1922001</misses>
				<total>19</total>
				<timestamp>460.819169</timestamp>
			</report>
			<report>
				<misses>1923001</misses>
				<total>19</total>
				<timestamp>461.058893</timestamp>
			</report>
			<report>
				<misses>1924001</misses>
				<total>18</total>
				<timestamp>461.298712</timestamp>
			</report>
			<report>
				<misses>1925001</misses>
				<total>19</total>
				<timestamp>461.538473</timestamp>
			</report>
			<report>
				<misses>1926001</misses>
				<total>19</total>
				<timestamp>461.778177</timestamp>
			</report>
			<report>
				<misses>1927001</misses>
				<total>19</total>
				<timestamp>462.017929</timestamp>
			</report>
			<report>
				<misses>1928001</misses>
				<total>19</total>
				<timestamp>462.257739</timestamp>
			</report>
			<report>
				<misses>1929001</misses>
				<total>18</total>
				<timestamp>462.497584</timestamp>
			</report>
			<report>
				<misses>1930001</misses>
				<total>18</total>
				<timestamp>462.737345</timestamp>
			</report>
			<report>
				<misses>1931001</misses>
				<total>19</total>
				<timestamp>462.976982</timestamp>
			</report>
			<report>
				<misses>1932001</misses>
				<total>19</total>
				<timestamp>463.216753</timestamp>
			</report>
			<report>
				<misses>1933001</misses>
				<total>19</total>
				<timestamp>463.456563</timestamp>
			</report>
			<report>
				<misses>1934001</misses>
				<total>18</total>
				<timestamp>463.696360</timestamp>
			</report>
			<report>
				<misses>1935001</misses>
				<total>19</total>
				<timestamp>463.936012</timestamp>
			</report>
			<report>
				<misses>1936001</misses>
				<total>19</total>
				<timestamp>464.175806</timestamp>
			</report>
			<report>
				<misses>1937001</misses>
				<total>19</total>
				<timestamp>464.415562</timestamp>
			</report>
			<report>
				<misses>1938001</misses>
				<total>19</total>
				<timestamp>464.655366</timestamp>
			</report>
			<report>
				<misses>1939001</misses>
				<total>19</total>
				<timestamp>464.895111</timestamp>
			</report>
			<report>
				<misses>1940001</misses>
				<total>19</total>
				<timestamp>465.134836</timestamp>
			</report>
			<report>
				<misses>1941001</misses>
				<total>19</total>
				<timestamp>465.374602</timestamp>
			</report>
			<report>
				<misses>1942001</misses>
				<total>19</total>
				<timestamp>465.614368</timestamp>
			</report>
			<report>
				<misses>1943001</misses>
				<total>19</total>
				<timestamp>465.854113</timestamp>
			</report>
			<report>
				<misses>1944001</misses>
				<total>19</total>
				<timestamp>466.093902</timestamp>
			</report>
			<report>
				<misses>1945001</misses>
				<total>18</total>
				<timestamp>466.333722</timestamp>
			</report>
			<report>
				<misses>1946001</misses>
				<total>19</total>
				<timestamp>466.573407</timestamp>
			</report>
			<report>
				<misses>1947001</misses>
				<total>19</total>
				<timestamp>466.813138</timestamp>
			</report>
			<report>
				<misses>1948001</misses>
				<total>19</total>
				<timestamp>467.052914</timestamp>
			</report>
			<report>
				<misses>1949001</misses>
				<total>18</total>
				<timestamp>467.292706</timestamp>
			</report>
			<report>
				<misses>1950001</misses>
				<total>19</total>
				<timestamp>467.532521</timestamp>
			</report>
			<report>
				<misses>1951001</misses>
				<total>19</total>
				<timestamp>467.772169</timestamp>
			</report>
			<report>
				<misses>1952001</misses>
				<total>19</total>
				<timestamp>468.011949</timestamp>
			</report>
			<report>
				<misses>1953001</misses>
				<total>18</total>
				<timestamp>468.251832</timestamp>
			</report>
			<report>
				<misses>1954001</misses>
				<total>19</total>
				<timestamp>468.491452</timestamp>
			</report>
			<report>
				<misses>1955001</misses>
				<total>19</total>
				<timestamp>468.731334</timestamp>
			</report>
			<report>
				<misses>1956001</misses>
				<total>19</total>
				<timestamp>468.970997</timestamp>
			</report>
			<report>
				<misses>1957001</misses>
				<total>18</total>
				<timestamp>469.210864</timestamp>
			</report>
			<report>
				<misses>1958001</misses>
				<total>19</total>
				<timestamp>469.450572</timestamp>
			</report>
			<report>
				<misses>1959001</misses>
				<total>19</total>
				<timestamp>469.690262</timestamp>
			</report>
			<report>
				<misses>1960001</misses>
				<total>19</total>
				<timestamp>469.930063</timestamp>
			</report>
			<report>
				<misses>1961001</misses>
				<total>19</total>
				<timestamp>470.169802</timestamp>
			</report>
			<report>
				<misses>1962001</misses>
				<total>19</total>
				<timestamp>470.409562</timestamp>
			</report>
			<report>
				<misses>1963001</misses>
				<total>19</total>
				<timestamp>470.649338</timestamp>
			</report>
			<report>
				<misses>1964001</misses>
				<total>19</total>
				<timestamp>470.889107</timestamp>
			</report>
			<report>
				<misses>1965001</misses>
				<total>19</total>
				<timestamp>471.128863</timestamp>
			</report>
			<report>
				<misses>1966001</misses>
				<total>19</total>
				<timestamp>471.368660</timestamp>
			</report>
			<report>
				<misses>1967001</misses>
				<total>19</total>
				<timestamp>471.608385</timestamp>
			</report>
			<report>
				<misses>1968001</misses>
				<total>19</total>
				<timestamp>471.848103</timestamp>
			</report>
			<report>
				<misses>1969001</misses>
				<total>19</total>
				<timestamp>472.087862</timestamp>
			</report>
			<report>
				<misses>1970001</misses>
				<total>19</total>
				<timestamp>472.327616</timestamp>
			</report>
			<report>
				<misses>1971001</misses>
				<total>19</total>
				<timestamp>472.567376</timestamp>
			</report>
			<report>
				<misses>1972001</misses>
				<total>18</total>
				<timestamp>472.807188</timestamp>
			</report>
			<report>
				<misses>1973001</misses>
				<total>19</total>
				<timestamp>473.046916</timestamp>
			</report>
			<report>
				<misses>1974001</misses>
				<total>19</total>
				<timestamp>473.286634</timestamp>
			</report>
			<report>
				<misses>1975001</misses>
				<total>19</total>
				<timestamp>473.526422</timestamp>
			</report>
			<report>
				<misses>1976001</misses>
				<total>18</total>
				<timestamp>473.766295</timestamp>
			</report>
			<report>
				<misses>1977001</misses>
				<total>19</total>
				<timestamp>474.005928</timestamp>
			</report>
			<report>
				<misses>1978001</misses>
				<total>19</total>
				<timestamp>474.245726</timestamp>
			</report>
			<report>
				<misses>1979001</misses>
				<total>19</total>
				<timestamp>474.485510</timestamp>
			</report>
			<report>
				<misses>1980001</misses>
				<total>19</total>
				<timestamp>474.725226</timestamp>
			</report>
			<report>
				<misses>1981001</misses>
				<total>19</total>
				<timestamp>474.964976</timestamp>
			</report>
			<report>
				<misses>1982001</misses>
				<total>19</total>
				<timestamp>475.204725</timestamp>
			</report>
			<report>
				<misses>1983001</misses>
				<total>19</total>
				<timestamp>475.444503</timestamp>
			</report>
			<report>
				<misses>1984001</misses>
				<total>19</total>
				<timestamp>475.684251</timestamp>
			</report>
			<report>
				<misses>1985001</misses>
				<total>19</total>
				<timestamp>475.924023</timestamp>
			</report>
			<report>
				<misses>1986001</misses>
				<total>19</total>
				<timestamp>476.163800</timestamp>
			</report>
			<report>
				<misses>1987001</misses>
				<total>19</total>
				<timestamp>476.403576</timestamp>
			</report>
			<report>
				<misses>1988001</misses>
				<total>19</total>
				<timestamp>476.643357</timestamp>
			</report>
			<report>
				<misses>1989001</misses>
				<total>19</total>
				<timestamp>476.883113</timestamp>
			</report>
			<report>
				<misses>1990001</misses>
				<total>18</total>
				<timestamp>477.122916</timestamp>
			</report>
			<report>
				<misses>1991001</misses>
				<total>18</total>
				<timestamp>477.362659</timestamp>
			</report>
			<report>
				<misses>1992001</misses>
				<total>19</total>
				<timestamp>477.602429</timestamp>
			</report>
			<report>
				<misses>1993001</misses>
				<total>19</total>
				<timestamp>477.842093</timestamp>
			</report>
			<report>
				<misses>1994001</misses>
				<total>19</total>
				<timestamp>478.081856</timestamp>
			</report>
			<report>
				<misses>1995001</misses>
				<total>19</total>
				<timestamp>478.321617</timestamp>
			</report>
			<report>
				<misses>1996001</misses>
				<total>19</total>
				<timestamp>478.561406</timestamp>
			</report>
			<report>
				<misses>1997001</misses>
				<total>19</total>
				<timestamp>478.801143</timestamp>
			</report>
			<report>
				<misses>1998001</misses>
				<total>19</total>
				<timestamp>479.040923</timestamp>
			</report>
			<report>
				<misses>1999001</misses>
				<total>19</total>
				<timestamp>479.280661</timestamp>
			</report>
			<report>
				<misses>2000001</misses>
				<total>19</total>
				<timestamp>479.520446</timestamp>
			</report>
			<report>
				<misses>2001001</misses>
				<total>19</total>
				<timestamp>479.760279</timestamp>
			</report>
			<report>
				<misses>2002001</misses>
				<total>18</total>
				<timestamp>479.999996</timestamp>
			</report>
			<report>
				<misses>2003001</misses>
				<total>21</total>
				<timestamp>480.239732</timestamp>
			</report>
			<report>
				<misses>2004001</misses>
				<total>21</total>
				<timestamp>480.479496</timestamp>
			</report>
			<report>
				<misses>2005001</misses>
				<total>21</total>
				<timestamp>480.719270</timestamp>
			</report>
			<report>
				<misses>2006001</misses>
				<total>21</total>
				<timestamp>480.958987</timestamp>
			</report>
			<report>
				<misses>2007001</misses>
				<total>21</total>
				<timestamp>481.198791</timestamp>
			</report>
			<report>
				<misses>2008001</misses>
				<total>20</total>
				<timestamp>481.438543</timestamp>
			</report>
			<report>
				<misses>2009001</misses>
				<total>20</total>
				<timestamp>481.678369</timestamp>
			</report>
			<report>
				<misses>2010001</misses>
				<total>21</total>
				<timestamp>481.918082</timestamp>
			</report>
			<report>
				<misses>2011001</misses>
				<total>21</total>
				<timestamp>482.157781</timestamp>
			</report>
			<report>
				<misses>2012001</misses>
				<total>21</total>
				<timestamp>482.397581</timestamp>
			</report>
			<report>
				<misses>2013001</misses>
				<total>20</total>
				<timestamp>482.637362</timestamp>
			</report>
			<report>
				<misses>2014001</misses>
				<total>21</total>
				<timestamp>482.877062</timestamp>
			</report>
			<report>
				<misses>2015001</misses>
				<total>21</total>
				<timestamp>483.116860</timestamp>
			</report>
			<report>
				<misses>2016001</misses>
				<total>21</total>
				<timestamp>483.356626</timestamp>
			</report>
			<report>
				<misses>2017001</misses>
				<total>21</total>
				<timestamp>483.596340</timestamp>
			</report>
			<report>
				<misses>2018001</misses>
				<total>21</total>
				<timestamp>483.836085</timestamp>
			</report>
			<report>
				<misses>2019001</misses>
				<total>21</total>
				<timestamp>484.075875</timestamp>
			</report>
			<report>
				<misses>2020001</misses>
				<total>21</total>
				<timestamp>484.315618</timestamp>
			</report>
			<report>
				<misses>2021001</misses>
				<total>21</total>
				<timestamp>484.555395</timestamp>
			</report>
			<report>
				<misses>2022001</misses>
				<total>21</total>
				<timestamp>484.795132</timestamp>
			</report>
			<report>
				<misses>2023001</misses>
				<total>21</total>
				<timestamp>485.034878</timestamp>
			</report>
			<report>
				<misses>2024001</misses>
				<total>21</total>
				<timestamp>485.274646</timestamp>
			</report>
			<report>
				<misses>2025001</misses>
				<total>20</total>
				<timestamp>485.514468</timestamp>
			</report>
			<report>
				<misses>2026001</misses>
				<total>21</total>
				<timestamp>485.754284</timestamp>
			</report>
			<report>
				<misses>2027001</misses>
				<total>20</total>
				<timestamp>485.993976</timestamp>
			</report>
			<report>
				<misses>2028001</misses>
				<total>20</total>
				<timestamp>486.233828</timestamp>
			</report>
			<report>
				<misses>2029001</misses>
				<total>21</total>
				<timestamp>486.473465</timestamp>
			</report>
			<report>
				<misses>2030001</misses>
				<total>21</total>
				<timestamp>486.713298</timestamp>
			</report>
			<report>
				<misses>2031001</misses>
				<total>20</total>
				<timestamp>486.953011</timestamp>
			</report>
			<report>
				<misses>2032001</misses>
				<total>21</total>
				<timestamp>487.192773</timestamp>
			</report>
			<report>
				<misses>2033001</misses>
				<total>21</total>
				<timestamp>487.432505</timestamp>
			</report>
			<report>
				<misses>2034001</misses>
				<total>20</total>
				<timestamp>487.672355</timestamp>
			</report>
			<report>
				<misses>2035001</misses>
				<total>21</total>
				<timestamp>487.912026</timestamp>
			</report>
			<report>
				<misses>2036001</misses>
				<total>21</total>
				<timestamp>488.151781</timestamp>
			</report>
			<report>
				<misses>2037001</misses>
				<total>21</total>
				<timestamp>488.391610</timestamp>
			</report>
			<report>
				<misses>2038001</misses>
				<total>21</total>
				<timestamp>488.631353</timestamp>
			</report>
			<report>
				<misses>2039001</misses>
				<total>21</total>
				<timestamp>488.871054</timestamp>
			</report>
			<report>
				<misses>2040001</misses>
				<total>20</total>
				<timestamp>489.110943</timestamp>
			</report>
			<report>
				<misses>2041001</misses>
				<total>21</total>
				<timestamp>489.350587</timestamp>
			</report>
			<report>
				<misses>2042001</misses>
				<total>20</total>
				<timestamp>489.590483</timestamp>
			</report>
			<report>
				<misses>2043001</misses>
				<total>21</total>
				<timestamp>489.830118</timestamp>
			</report>
			<report>
				<misses>2044001</misses>
				<total>21</total>
				<timestamp>490.069870</timestamp>
			</report>
			<report>
				<misses>2045001</misses>
				<total>21</total>
				<timestamp>490.309628</timestamp>
			</report>
			<report>
				<misses>2046001</misses>
				<total>21</total>
				<timestamp>490.549434</timestamp>
			</report>
			<report>
				<misses>2047001</misses>
				<total>21</total>
				<timestamp>490.789138</timestamp>
			</report>
			<report>
				<misses>2048001</misses>
				<total>21</total>
				<timestamp>491.028971</timestamp>
			</report>
			<report>
				<misses>2049001</misses>
				<total>21</total>
				<timestamp>491.268658</timestamp>
			</report>
			<report>
				<misses>2050001</misses>
				<total>21</total>
				<timestamp>491.508446</timestamp>
			</report>
			<report>
				<misses>2051001</misses>
				<total>20</total>
				<timestamp>491.748302</timestamp>
			</report>
			<report>
				<misses>2052001</misses>
				<total>20</total>
				<timestamp>491.988071</timestamp>
			</report>
			<report>
				<misses>2053001</misses>
				<total>20</total>
				<timestamp>492.227745</timestamp>
			</report>
			<report>
				<misses>2054001</misses>
				<total>21</total>
				<timestamp>492.467468</timestamp>
			</report>
			<report>
				<misses>2055001</misses>
				<total>21</total>
				<timestamp>492.707252</timestamp>
			</report>
			<report>
				<misses>2056001</misses>
				<total>20</total>
				<timestamp>492.947138</timestamp>
			</report>
			<report>
				<misses>2057001</misses>
				<total>21</total>
				<timestamp>493.186763</timestamp>
			</report>
			<report>
				<misses>2058001</misses>
				<total>21</total>
				<timestamp>493.426539</timestamp>
			</report>
			<report>
				<misses>2059001</misses>
				<total>20</total>
				<timestamp>493.666359</timestamp>
			</report>
			<report>
				<misses>2060001</misses>
				<total>21</total>
				<timestamp>493.906017</timestamp>
			</report>
			<report>
				<misses>2061001</misses>
				<total>21</total>
				<timestamp>494.145769</timestamp>
			</report>
			<report>
				<misses>2062001</misses>
				<total>21</total>
				<timestamp>494.385538</timestamp>
			</report>
			<report>
				<misses>2063001</misses>
				<total>21</total>
				<timestamp>494.625287</timestamp>
			</report>
			<report>
				<misses>2064001</misses>
				<total>21</total>
				<timestamp>494.865073</timestamp>
			</report>
			<report>
				<misses>2065001</misses>
				<total>21</total>
				<timestamp>495.104853</timestamp>
			</report>
			<report>
				<misses>2066001</misses>
				<total>21</total>
				<timestamp>495.344562</timestamp>
			</report>
			<report>
				<misses>2067001</misses>
				<total>20</total>
				<timestamp>495.584379</timestamp>
			</report>
			<report>
				<misses>2068001</misses>
				<total>21</total>
				<timestamp>495.824118</timestamp>
			</report>
			<report>
				<misses>2069001</misses>
				<total>21</total>
				<timestamp>496.063862</timestamp>
			</report>
			<report>
				<misses>2070001</misses>
				<total>21</total>
				<timestamp>496.303652</timestamp>
			</report>
			<report>
				<misses>2071001</misses>
				<total>20</total>
				<timestamp>496.543482</timestamp>
			</report>
			<report>
				<misses>2072001</misses>
				<total>20</total>
				<timestamp>496.783160</timestamp>
			</report>
			<report>
				<misses>2073001</misses>
				<total>21</total>
				<timestamp>497.022902</timestamp>
			</report>
			<report>
				<misses>2074001</misses>
				<total>21</total>
				<timestamp>497.262700</timestamp>
			</report>
			<report>
				<misses>2075001</misses>
				<total>21</total>
				<timestamp>497.502457</timestamp>
			</report>
			<report>
				<misses>2076001</misses>
				<total>20</total>
				<timestamp>497.742273</timestamp>
			</report>
			<report>
				<misses>2077001</misses>
				<total>21</total>
				<timestamp>497.981953</timestamp>
			</report>
			<report>
				<misses>2078001</misses>
				<total>21</total>
				<timestamp>498.221694</timestamp>
			</report>
			<report>
				<misses>2079001</misses>
				<total>20</total>
				<timestamp>498.461549</timestamp>
			</report>
			<report>
				<misses>2080001</misses>
				<total>20</total>
				<timestamp>498.701317</timestamp>
			</report>
			<report>
				<misses>2081001</misses>
				<total>21</total>
				<timestamp>498.941027</timestamp>
			</report>
			<report>
				<misses>2082001</misses>
				<total>21</total>
				<timestamp>499.180758</timestamp>
			</report>
			<report>
				<misses>2083001</misses>
				<total>21</total>
				<timestamp>499.420575</timestamp>
			</report>
			<report>
				<misses>2084001</misses>
				<total>21</total>
				<timestamp>499.660386</timestamp>
			</report>
			<report>
				<misses>2085001</misses>
				<total>20</total>
				<timestamp>499.900163</timestamp>
			</report>
			<report>
				<misses>2086001</misses>
				<total>21</total>
				<timestamp>500.139829</timestamp>
			</report>
			<report>
				<misses>2087001</misses>
				<total>20</total>
				<timestamp>500.379619</timestamp>
			</report>
			<report>
				<misses>2088001</misses>
				<total>21</total>
				<timestamp>500.619373</timestamp>
			</report>
			<report>
				<misses>2089001</misses>
				<total>21</total>
				<timestamp>500.859057</timestamp>
			</report>
			<report>
				<misses>2090001</misses>
				<total>21</total>
				<timestamp>501.098820</timestamp>
			</report>
			<report>
				<misses>2091001</misses>
				<total>21</total>
				<timestamp>501.338628</timestamp>
			</report>
			<report>
				<misses>2092001</misses>
				<total>21</total>
				<timestamp>501.578340</timestamp>
			</report>
			<report>
				<misses>2093001</misses>
				<total>20</total>
				<timestamp>501.818178</timestamp>
			</report>
			<report>
				<misses>2094001</misses>
				<total>20</total>
				<timestamp>502.058006</timestamp>
			</report>
			<report>
				<misses>2095001</misses>
				<total>20</total>
				<timestamp>502.297759</timestamp>
			</report>
			<report>
				<misses>2096001</misses>
				<total>21</total>
				<timestamp>502.537435</timestamp>
			</report>
			<report>
				<misses>2097001</misses>
				<total>20</total>
				<timestamp>502.777299</timestamp>
			</report>
			<report>
				<misses>2098001</misses>
				<total>21</total>
				<timestamp>503.016894</timestamp>
			</report>
			<report>
				<misses>2099001</misses>
				<total>21</total>
				<timestamp>503.256676</timestamp>
			</report>
			<report>
				<misses>2100001</misses>
				<total>20</total>
				<timestamp>503.496435</timestamp>
			</report>
			<report>
				<misses>2101001</misses>
				<total>21</total>
				<timestamp>503.736236</timestamp>
			</report>
			<report>
				<misses>2102001</misses>
				<total>21</total>
				<timestamp>503.975964</timestamp>
			</report>
			<report>
				<misses>2103001</misses>
				<total>20</total>
				<timestamp>504.215791</timestamp>
			</report>
			<report>
				<misses>2104001</misses>
				<total>21</total>
				<timestamp>504.455455</timestamp>
			</report>
			<report>
				<misses>2105001</misses>
				<total>20</total>
				<timestamp>504.695370</timestamp>
			</report>
			<report>
				<misses>2106001</misses>
				<total>20</total>
				<timestamp>504.935122</timestamp>
			</report>
			<report>
				<misses>2107001</misses>
				<total>20</total>
				<timestamp>505.174774</timestamp>
			</report>
			<report>
				<misses>2108001</misses>
				<total>22</total>
				<timestamp>505.414500</timestamp>
			</report>
			<report>
				<misses>2109001</misses>
				<total>21</total>
				<timestamp>505.654365</timestamp>
			</report>
			<report>
				<misses>2110001</misses>
				<total>22</total>
				<timestamp>505.894032</timestamp>
			</report>
			<report>
				<misses>2111001</misses>
				<total>22</total>
				<timestamp>506.133797</timestamp>
			</report>
			<report>
				<misses>2112001</misses>
				<total>22</total>
				<timestamp>506.373553</timestamp>
			</report>
			<report>
				<misses>2113001</misses>
				<total>22</total>
				<timestamp>506.613307</timestamp>
			</report>
			<report>
				<misses>2114001</misses>
				<total>22</total>
				<timestamp>506.853094</timestamp>
			</report>
			<report>
				<misses>2115001</misses>
				<total>22</total>
				<timestamp>507.092863</timestamp>
			</report>
			<report>
				<misses>2116001</misses>
				<total>22</total>
				<timestamp>507.332589</timestamp>
			</report>
			<report>
				<misses>2117001</misses>
				<total>22</total>
				<timestamp>507.572338</timestamp>
			</report>
			<report>
				<misses>2118001</misses>
				<total>22</total>
				<timestamp>507.812125</timestamp>
			</report>
			<report>
				<misses>2119001</misses>
				<total>22</total>
				<timestamp>508.051867</timestamp>
			</report>
			<report>
				<misses>2120001</misses>
				<total>22</total>
				<timestamp>508.291627</timestamp>
			</report>
			<report>
				<misses>2121001</misses>
				<total>21</total>
				<timestamp>508.531444</timestamp>
			</report>
			<report>
				<misses>2122001</misses>
				<total>22</total>
				<timestamp>508.771184</timestamp>
			</report>
			<report>
				<misses>2123001</misses>
				<total>22</total>
				<timestamp>509.010885</timestamp>
			</report>
			<report>
				<misses>2124001</misses>
				<total>22</total>
				<timestamp>509.250655</timestamp>
			</report>
			<report>
				<misses>2125001</misses>
				<total>21</total>
				<timestamp>509.490470</timestamp>
			</report>
			<report>
				<misses>2126001</misses>
				<total>21</total>
				<timestamp>509.730204</timestamp>
			</report>
			<report>
				<misses>2127001</misses>
				<total>21</total>
				<timestamp>509.970067</timestamp>
			</report>
			<report>
				<misses>2128001</misses>
				<total>22</total>
				<timestamp>510.209713</timestamp>
			</report>
			<report>
				<misses>2129001</misses>
				<total>21</total>
				<timestamp>510.449494</timestamp>
			</report>
			<report>
				<misses>2130001</misses>
				<total>22</total>
				<timestamp>510.689237</timestamp>
			</report>
			<report>
				<misses>2131001</misses>
				<total>22</total>
				<timestamp>510.929040</timestamp>
			</report>
			<report>
				<misses>2132001</misses>
				<total>22</total>
				<timestamp>511.168796</timestamp>
			</report>
			<report>
				<misses>2133001</misses>
				<total>22</total>
				<timestamp>511.408521</timestamp>
			</report>
			<report>
				<misses>2134001</misses>
				<total>21</total>
				<timestamp>511.648309</timestamp>
			</report>
			<report>
				<misses>2135001</misses>
				<total>22</total>
				<timestamp>511.888032</timestamp>
			</report>
			<report>
				<misses>2136001</misses>
				<total>22</total>
				<timestamp>512.127836</timestamp>
			</report>
			<report>
				<misses>2137001</misses>
				<total>22</total>
				<timestamp>512.367545</timestamp>
			</report>
			<report>
				<misses>2138001</misses>
				<total>22</total>
				<timestamp>512.607309</timestamp>
			</report>
			<report>
				<misses>2139001</misses>
				<total>22</total>
				<timestamp>512.847096</timestamp>
			</report>
			<report>
				<misses>2140001</misses>
				<total>22</total>
				<timestamp>513.086810</timestamp>
			</report>
			<report>
				<misses>2141001</misses>
				<total>22</total>
				<timestamp>513.326612</timestamp>
			</report>
			<report>
				<misses>2142001</misses>
				<total>22</total>
				<timestamp>513.566352</timestamp>
			</report>
			<report>
				<misses>2143001</misses>
				<total>21</total>
				<timestamp>513.806227</timestamp>
			</report>
			<report>
				<misses>2144001</misses>
				<total>22</total>
				<timestamp>514.045891</timestamp>
			</report>
			<report>
				<misses>2145001</misses>
				<total>22</total>
				<timestamp>514.285644</timestamp>
			</report>
			<report>
				<misses>2146001</misses>
				<total>22</total>
				<timestamp>514.525382</timestamp>
			</report>
			<report>
				<misses>2147001</misses>
				<total>21</total>
				<timestamp>514.765167</timestamp>
			</report>
			<report>
				<misses>2148001</misses>
				<total>22</total>
				<timestamp>515.004917</timestamp>
			</report>
			<report>
				<misses>2149001</misses>
				<total>22</total>
				<timestamp>515.244666</timestamp>
			</report>
			<report>
				<misses>2150001</misses>
				<total>22</total>
				<timestamp>515.484412</timestamp>
			</report>
			<report>
				<misses>2151001</misses>
				<total>22</total>
				<timestamp>515.724218</timestamp>
			</report>
			<report>
				<misses>2152001</misses>
				<total>22</total>
				<timestamp>515.963936</timestamp>
			</report>
			<report>
				<misses>2153001</misses>
				<total>23</total>
				<timestamp>516.203734</timestamp>
			</report>
			<report>
				<misses>2154001</misses>
				<total>23</total>
				<timestamp>516.443459</timestamp>
			</report>
			<report>
				<misses>2155001</misses>
				<total>23</total>
				<timestamp>516.683218</timestamp>
			</report>
			<report>
				<misses>2156001</misses>
				<total>23</total>
				<timestamp>516.922982</timestamp>
			</report>
			<report>
				<misses>2157001</misses>
				<total>23</total>
				<timestamp>517.162771</timestamp>
			</report>
			<report>
				<misses>2158001</misses>
				<total>23</total>
				<timestamp>517.402505</timestamp>
			</report>
			<report>
				<misses>2159001</misses>
				<total>23</total>
				<timestamp>517.642255</timestamp>
			</report>
			<report>
				<misses>2160001</misses>
				<total>22</total>
				<timestamp>517.882117</timestamp>
			</report>
			<report>
				<misses>2161001</misses>
				<total>22</total>
				<timestamp>518.121889</timestamp>
			</report>
			<report>
				<misses>2162001</misses>
				<total>23</total>
				<timestamp>518.361570</timestamp>
			</report>
			<report>
				<misses>2163001</misses>
				<total>22</total>
				<timestamp>518.601362</timestamp>
			</report>
			<report>
				<misses>2164001</misses>
				<total>23</total>
				<timestamp>518.841132</timestamp>
			</report>
			<report>
				<misses>2165001</misses>
				<total>23</total>
				<timestamp>519.080836</timestamp>
			</report>
			<report>
				<misses>2166001</misses>
				<total>23</total>
				<timestamp>519.320650</timestamp>
			</report>
			<report>
				<misses>2167001</misses>
				<total>24</total>
				<timestamp>519.560349</timestamp>
			</report>
			<report>
				<misses>2168001</misses>
				<total>24</total>
				<timestamp>519.800150</timestamp>
			</report>
			<report>
				<misses>2169001</misses>
				<total>24</total>
				<timestamp>520.039913</timestamp>
			</report>
			<report>
				<misses>2170001</misses>
				<total>24</total>
				<timestamp>520.279603</timestamp>
			</report>
			<report>
				<misses>2171001</misses>
				<total>23</total>
				<timestamp>520.519499</timestamp>
			</report>
			<report>
				<misses>2172001</misses>
				<total>23</total>
				<timestamp>520.759241</timestamp>
			</report>
			<report>
				<misses>2173001</misses>
				<total>23</total>
				<timestamp>520.998920</timestamp>
			</report>
			<report>
				<misses>2174001</misses>
				<total>24</total>
				<timestamp>521.238664</timestamp>
			</report>
			<report>
				<misses>2175001</misses>
				<total>24</total>
				<timestamp>521.478418</timestamp>
			</report>
			<report>
				<misses>2176001</misses>
				<total>23</total>
				<timestamp>521.718256</timestamp>
			</report>
			<report>
				<misses>2177001</misses>
				<total>24</total>
				<timestamp>521.957967</timestamp>
			</report>
			<report>
				<misses>2178001</misses>
				<total>23</total>
				<timestamp>522.197743</timestamp>
			</report>
			<report>
				<misses>2179001</misses>
				<total>24</total>
				<timestamp>522.437446</timestamp>
			</report>
			<report>
				<misses>2180001</misses>
				<total>23</total>
				<timestamp>522.677318</timestamp>
			</report>
			<report>
				<misses>2181001</misses>
				<total>24</total>
				<timestamp>522.916969</timestamp>
			</report>
			<report>
				<misses>2182001</misses>
				<total>24</total>
				<timestamp>523.156727</timestamp>
			</report>
			<report>
				<misses>2183001</misses>
				<total>24</total>
				<timestamp>523.396507</timestamp>
			</report>
			<report>
				<misses>2184001</misses>
				<total>24</total>
				<timestamp>523.636265</timestamp>
			</report>
			<report>
				<misses>2185001</misses>
				<total>24</total>
				<timestamp>523.876029</timestamp>
			</report>
			<report>
				<misses>2186001</misses>
				<total>24</total>
				<timestamp>524.115797</timestamp>
			</report>
			<report>
				<misses>2187001</misses>
				<total>24</total>
				<timestamp>524.355553</timestamp>
			</report>
			<report>
				<misses>2188001</misses>
				<total>24</total>
				<timestamp>524.595330</timestamp>
			</report>
			<report>
				<misses>2189001</misses>
				<total>23</total>
				<timestamp>524.835182</timestamp>
			</report>
			<report>
				<misses>2190001</misses>
				<total>23</total>
				<timestamp>525.074992</timestamp>
			</report>
			<report>
				<misses>2191001</misses>
				<total>24</total>
				<timestamp>525.314603</timestamp>
			</report>
			<report>
				<misses>2192001</misses>
				<total>23</total>
				<timestamp>525.554426</timestamp>
			</report>
			<report>
				<misses>2193001</misses>
				<total>24</total>
				<timestamp>525.794108</timestamp>
			</report>
			<report>
				<misses>2194001</misses>
				<total>23</total>
				<timestamp>526.033952</timestamp>
			</report>
			<report>
				<misses>2195001</misses>
				<total>24</total>
				<timestamp>526.273644</timestamp>
			</report>
			<report>
				<misses>2196001</misses>
				<total>24</total>
				<timestamp>526.513373</timestamp>
			</report>
			<report>
				<misses>2197001</misses>
				<total>24</total>
				<timestamp>526.753146</timestamp>
			</report>
			<report>
				<misses>2198001</misses>
				<total>24</total>
				<timestamp>526.992914</timestamp>
			</report>
			<report>
				<misses>2199001</misses>
				<total>24</total>
				<timestamp>527.232652</timestamp>
			</report>
			<report>
				<misses>2200001</misses>
				<total>23</total>
				<timestamp>527.472557</timestamp>
			</report>
			<report>
				<misses>2201001</misses>
				<total>23</total>
				<timestamp>527.712314</timestamp>
			</report>
			<report>
				<misses>2202001</misses>
				<total>23</total>
				<timestamp>527.952033</timestamp>
			</report>
			<report>
				<misses>2203001</misses>
				<total>24</total>
				<timestamp>528.191727</timestamp>
			</report>
			<report>
				<misses>2204001</misses>
				<total>24</total>
				<timestamp>528.431461</timestamp>
			</report>
			<report>
				<misses>2205001</misses>
				<total>23</total>
				<timestamp>528.671326</timestamp>
			</report>
			<report>
				<misses>2206001</misses>
				<total>23</total>
				<timestamp>528.911063</timestamp>
			</report>
			<report>
				<misses>2207001</misses>
				<total>24</total>
				<timestamp>529.150766</timestamp>
			</report>
			<report>
				<misses>2208001</misses>
				<total>24</total>
				<timestamp>529.390520</timestamp>
			</report>
			<report>
				<misses>2209001</misses>
				<total>23</total>
				<timestamp>529.630329</timestamp>
			</report>
			<report>
				<misses>2210001</misses>
				<total>24</total>
				<timestamp>529.870028</timestamp>
			</report>
			<report>
				<misses>2211001</misses>
				<total>24</total>
				<timestamp>530.109764</timestamp>
			</report>
			<report>
				<misses>2212001</misses>
				<total>24</total>
				<timestamp>530.349555</timestamp>
			</report>
			<report>
				<misses>2213001</misses>
				<total>24</total>
				<timestamp>530.589392</timestamp>
			</report>
			<report>
				<misses>2214001</misses>
				<total>23</total>
				<timestamp>530.829175</timestamp>
			</report>
			<report>
				<misses>2215001</misses>
				<total>24</total>
				<timestamp>531.068840</timestamp>
			</report>
			<report>
				<misses>2216001</misses>
				<total>24</total>
				<timestamp>531.308579</timestamp>
			</report>
			<report>
				<misses>2217001</misses>
				<total>24</total>
				<timestamp>531.548384</timestamp>
			</report>
			<report>
				<misses>2218001</misses>
				<total>23</total>
				<timestamp>531.788178</timestamp>
			</report>
			<report>
				<misses>2219001</misses>
				<total>24</total>
				<timestamp>532.027875</timestamp>
			</report>
			<report>
				<misses>2220001</misses>
				<total>24</total>
				<timestamp>532.267620</timestamp>
			</report>
			<report>
				<misses>2221001</misses>
				<total>24</total>
				<timestamp>532.507372</timestamp>
			</report>
			<report>
				<misses>2222001</misses>
				<total>24</total>
				<timestamp>532.747127</timestamp>
			</report>
			<report>
				<misses>2223001</misses>
				<total>24</total>
				<timestamp>532.986896</timestamp>
			</report>
			<report>
				<misses>2224001</misses>
				<total>23</total>
				<timestamp>533.226759</timestamp>
			</report>
			<report>
				<misses>2225001</misses>
				<total>23</total>
				<timestamp>533.466566</timestamp>
			</report>
			<report>
				<misses>2226001</misses>
				<total>23</total>
				<timestamp>533.706239</timestamp>
			</report>
			<report>
				<misses>2227001</misses>
				<total>23</total>
				<timestamp>533.946030</timestamp>
			</report>
			<report>
				<misses>2228001</misses>
				<total>24</total>
				<timestamp>534.185713</timestamp>
			</report>
			<report>
				<misses>2229001</misses>
				<total>24</total>
				<timestamp>534.425484</timestamp>
			</report>
			<report>
				<misses>2230001</misses>
				<total>24</total>
				<timestamp>534.665231</timestamp>
			</report>
			<report>
				<misses>2231001</misses>
				<total>24</total>
				<timestamp>534.905005</timestamp>
			</report>
			<report>
				<misses>2232001</misses>
				<total>24</total>
				<timestamp>535.144760</timestamp>
			</report>
			<report>
				<misses>2233001</misses>
				<total>24</total>
				<timestamp>535.384507</timestamp>
			</report>
			<report>
				<misses>2234001</misses>
				<total>24</total>
				<timestamp>535.624260</timestamp>
			</report>
			<report>
				<misses>2235001</misses>
				<total>23</total>
				<timestamp>535.864097</timestamp>
			</report>
			<report>
				<misses>2236001</misses>
				<total>24</total>
				<timestamp>536.103888</timestamp>
			</report>
			<report>
				<misses>2237001</misses>
				<total>25</total>
				<timestamp>536.343554</timestamp>
			</report>
			<report>
				<misses>2238001</misses>
				<total>25</total>
				<timestamp>536.583364</timestamp>
			</report>
			<report>
				<misses>2239001</misses>
				<total>25</total>
				<timestamp>536.823081</timestamp>
			</report>
			<report>
				<misses>2240001</misses>
				<total>25</total>
				<timestamp>537.062862</timestamp>
			</report>
			<report>
				<misses>2241001</misses>
				<total>25</total>
				<timestamp>537.302625</timestamp>
			</report>
			<report>
				<misses>2242001</misses>
				<total>24</total>
				<timestamp>537.542388</timestamp>
			</report>
			<report>
				<misses>2243001</misses>
				<total>25</total>
				<timestamp>537.782131</timestamp>
			</report>
			<report>
				<misses>2244001</misses>
				<total>25</total>
				<timestamp>538.021883</timestamp>
			</report>
			<report>
				<misses>2245001</misses>
				<total>25</total>
				<timestamp>538.261618</timestamp>
			</report>
			<report>
				<misses>2246001</misses>
				<total>25</total>
				<timestamp>538.501370</timestamp>
			</report>
			<report>
				<misses>2247001</misses>
				<total>25</total>
				<timestamp>538.741193</timestamp>
			</report>
			<report>
				<misses>2248001</misses>
				<total>25</total>
				<timestamp>538.980936</timestamp>
			</report>
			<report>
				<misses>2249001</misses>
				<total>25</total>
				<timestamp>539.220683</timestamp>
			</report>
			<report>
				<misses>2250001</misses>
				<total>25</total>
				<timestamp>539.460450</timestamp>
			</report>
			<report>
				<misses>2251001</misses>
				<total>25</total>
				<timestamp>539.700262</timestamp>
			</report>
			<report>
				<misses>2252001</misses>
				<total>25</total>
				<timestamp>539.939963</timestamp>
			</report>
			<report>
				<misses>2253001</misses>
				<total>25</total>
				<timestamp>540.179740</timestamp>
			</report>
			<report>
				<misses>2254001</misses>
				<total>25</total>
				<timestamp>540.419468</timestamp>
			</report>
			<report>
				<misses>2255001</misses>
				<total>25</total>
				<timestamp>540.659222</timestamp>
			</report>
			<report>
				<misses>2256001</misses>
				<total>25</total>
				<timestamp>540.899031</timestamp>
			</report>
			<report>
				<misses>2257001</misses>
				<total>25</total>
				<timestamp>541.138746</timestamp>
			</report>
			<report>
				<misses>2258001</misses>
				<total>25</total>
				<timestamp>541.378500</timestamp>
			</report>
			<report>
				<misses>2259001</misses>
				<total>25</total>
				<timestamp>541.618252</timestamp>
			</report>
			<report>
				<misses>2260001</misses>
				<total>25</total>
				<timestamp>541.858096</timestamp>
			</report>
			<report>
				<misses>2261001</misses>
				<total>24</total>
				<timestamp>542.097948</timestamp>
			</report>
			<report>
				<misses>2262001</misses>
				<total>25</total>
				<timestamp>542.337605</timestamp>
			</report>
			<report>
				<misses>2263001</misses>
				<total>25</total>
				<timestamp>542.577312</timestamp>
			</report>
			<report>
				<misses>2264001</misses>
				<total>25</total>
				<timestamp>542.817049</timestamp>
			</report>
			<report>
				<misses>2265001</misses>
				<total>25</total>
				<timestamp>543.056820</timestamp>
			</report>
			<report>
				<misses>2266001</misses>
				<total>25</total>
				<timestamp>543.296605</timestamp>
			</report>
			<report>
				<misses>2267001</misses>
				<total>25</total>
				<timestamp>543.536328</timestamp>
			</report>
			<report>
				<misses>2268001</misses>
				<total>25</total>
				<timestamp>543.776115</timestamp>
			</report>
			<report>
				<misses>2269001</misses>
				<total>25</total>
				<timestamp>544.015948</timestamp>
			</report>
			<report>
				<misses>2270001</misses>
				<total>25</total>
				<timestamp>544.255637</timestamp>
			</report>
			<report>
				<misses>2271001</misses>
				<total>25</total>
				<timestamp>544.495370</timestamp>
			</report>
			<report>
				<misses>2272001</misses>
				<total>24</total>
				<timestamp>544.735222</timestamp>
			</report>
			<report>
				<misses>2273001</misses>
				<total>25</total>
				<timestamp>544.974922</timestamp>
			</report>
			<report>
				<misses>2274001</misses>
				<total>25</total>
				<timestamp>545.214653</timestamp>
			</report>
			<report>
				<misses>2275001</misses>
				<total>25</total>
				<timestamp>545.454528</timestamp>
			</report>
			<report>
				<misses>2276001</misses>
				<total>25</total>
				<timestamp>545.694228</timestamp>
			</report>
			<report>
				<misses>2277001</misses>
				<total>24</total>
				<timestamp>545.934036</timestamp>
			</report>
			<report>
				<misses>2278001</misses>
				<total>24</total>
				<timestamp>546.173853</timestamp>
			</report>
			<report>
				<misses>2279001</misses>
				<total>25</total>
				<timestamp>546.413468</timestamp>
			</report>
			<report>
				<misses>2280001</misses>
				<total>25</total>
				<timestamp>546.653254</timestamp>
			</report>
			<report>
				<misses>2281001</misses>
				<total>25</total>
				<timestamp>546.893018</timestamp>
			</report>
			<report>
				<misses>2282001</misses>
				<total>24</total>
				<timestamp>547.132858</timestamp>
			</report>
			<report>
				<misses>2283001</misses>
				<total>25</total>
				<timestamp>547.372505</timestamp>
			</report>
			<report>
				<misses>2284001</misses>
				<total>25</total>
				<timestamp>547.612287</timestamp>
			</report>
			<report>
				<misses>2285001</misses>
				<total>25</total>
				<timestamp>547.852057</timestamp>
			</report>
			<report>
				<misses>2286001</misses>
				<total>25</total>
				<timestamp>548.091789</timestamp>
			</report>
			<report>
				<misses>2287001</misses>
				<total>25</total>
				<timestamp>548.331597</timestamp>
			</report>
			<report>
				<misses>2288001</misses>
				<total>25</total>
				<timestamp>548.571291</timestamp>
			</report>
			<report>
				<misses>2289001</misses>
				<total>25</total>
				<timestamp>548.811075</timestamp>
			</report>
			<report>
				<misses>2290001</misses>
				<total>25</total>
				<timestamp>549.050862</timestamp>
			</report>
			<report>
				<misses>2291001</misses>
				<total>25</total>
				<timestamp>549.290578</timestamp>
			</report>
			<report>
				<misses>2292001</misses>
				<total>25</total>
				<timestamp>549.530366</timestamp>
			</report>
			<report>
				<misses>2293001</misses>
				<total>25</total>
				<timestamp>549.770093</timestamp>
			</report>
			<report>
				<misses>2294001</misses>
				<total>25</total>
				<timestamp>550.009899</timestamp>
			</report>
			<report>
				<misses>2295001</misses>
				<total>25</total>
				<timestamp>550.249649</timestamp>
			</report>
			<report>
				<misses>2296001</misses>
				<total>25</total>
				<timestamp>550.489385</timestamp>
			</report>
			<report>
				<misses>2297001</misses>
				<total>24</total>
				<timestamp>550.729157</timestamp>
			</report>
			<report>
				<misses>2298001</misses>
				<total>25</total>
				<timestamp>550.968970</timestamp>
			</report>
			<report>
				<misses>2299001</misses>
				<total>25</total>
				<timestamp>551.208678</timestamp>
			</report>
			<report>
				<misses>2300001</misses>
				<total>24</total>
				<timestamp>551.448450</timestamp>
			</report>
			<report>
				<misses>2301001</misses>
				<total>24</total>
				<timestamp>551.688247</timestamp>
			</report>
			<report>
				<misses>2302001</misses>
				<total>25</total>
				<timestamp>551.927973</timestamp>
			</report>
			<report>
				<misses>2303001</misses>
				<total>25</total>
				<timestamp>552.167730</timestamp>
			</report>
			<report>
				<misses>2304001</misses>
				<total>25</total>
				<timestamp>552.407466</timestamp>
			</report>
			<report>
				<misses>2305001</misses>
				<total>25</total>
				<timestamp>552.647213</timestamp>
			</report>
			<report>
				<misses>2306001</misses>
				<total>25</total>
				<timestamp>552.887018</timestamp>
			</report>
			<report>
				<misses>2307001</misses>
				<total>25</total>
				<timestamp>553.126766</timestamp>
			</report>
			<report>
				<misses>2308001</misses>
				<total>25</total>
				<timestamp>553.366571</timestamp>
			</report>
			<report>
				<misses>2309001</misses>
				<total>25</total>
				<timestamp>553.606267</timestamp>
			</report>
			<report>
				<misses>2310001</misses>
				<total>25</total>
				<timestamp>553.846046</timestamp>
			</report>
			<report>
				<misses>2311001</misses>
				<total>25</total>
				<timestamp>554.085787</timestamp>
			</report>
			<report>
				<misses>2312001</misses>
				<total>25</total>
				<timestamp>554.325576</timestamp>
			</report>
			<report>
				<misses>2313001</misses>
				<total>24</total>
				<timestamp>554.565388</timestamp>
			</report>
			<report>
				<misses>2314001</misses>
				<total>25</total>
				<timestamp>554.805091</timestamp>
			</report>
			<report>
				<misses>2315001</misses>
				<total>25</total>
				<timestamp>555.044887</timestamp>
			</report>
			<report>
				<misses>2316001</misses>
				<total>24</total>
				<timestamp>555.284675</timestamp>
			</report>
			<report>
				<misses>2317001</misses>
				<total>25</total>
				<timestamp>555.524350</timestamp>
			</report>
			<report>
				<misses>2318001</misses>
				<total>24</total>
				<timestamp>555.764190</timestamp>
			</report>
			<report>
				<misses>2319001</misses>
				<total>25</total>
				<timestamp>556.003872</timestamp>
			</report>
			<report>
				<misses>2320001</misses>
				<total>24</total>
				<timestamp>556.243685</timestamp>
			</report>
			<report>
				<misses>2321001</misses>
				<total>25</total>
				<timestamp>556.483384</timestamp>
			</report>
			<report>
				<misses>2322001</misses>
				<total>25</total>
				<timestamp>556.723147</timestamp>
			</report>
			<report>
				<misses>2323001</misses>
				<total>25</total>
				<timestamp>556.962925</timestamp>
			</report>
			<report>
				<misses>2324001</misses>
				<total>25</total>
				<timestamp>557.202661</timestamp>
			</report>
			<report>
				<misses>2325001</misses>
				<total>25</total>
				<timestamp>557.442415</timestamp>
			</report>
			<report>
				<misses>2326001</misses>
				<total>25</total>
				<timestamp>557.682171</timestamp>
			</report>
			<report>
				<misses>2327001</misses>
				<total>25</total>
				<timestamp>557.921927</timestamp>
			</report>
			<report>
				<misses>2328001</misses>
				<total>25</total>
				<timestamp>558.161723</timestamp>
			</report>
			<report>
				<misses>2329001</misses>
				<total>25</total>
				<timestamp>558.401471</timestamp>
			</report>
			<report>
				<misses>2330001</misses>
				<total>25</total>
				<timestamp>558.641211</timestamp>
			</report>
			<report>
				<misses>2331001</misses>
				<total>25</total>
				<timestamp>558.880971</timestamp>
			</report>
			<report>
				<misses>2332001</misses>
				<total>25</total>
				<timestamp>559.120756</timestamp>
			</report>
			<report>
				<misses>2333001</misses>
				<total>25</total>
				<timestamp>559.360491</timestamp>
			</report>
			<report>
				<misses>2334001</misses>
				<total>25</total>
				<timestamp>559.600291</timestamp>
			</report>
			<report>
				<misses>2335001</misses>
				<total>25</total>
				<timestamp>559.840073</timestamp>
			</report>
			<report>
				<misses>2336001</misses>
				<total>25</total>
				<timestamp>560.079818</timestamp>
			</report>
			<report>
				<misses>2337001</misses>
				<total>25</total>
				<timestamp>560.319601</timestamp>
			</report>
			<report>
				<misses>2338001</misses>
				<total>25</total>
				<timestamp>560.559347</timestamp>
			</report>
			<report>
				<misses>2339001</misses>
				<total>24</total>
				<timestamp>560.799113</timestamp>
			</report>
			<report>
				<misses>2340001</misses>
				<total>25</total>
				<timestamp>561.038875</timestamp>
			</report>
			<report>
				<misses>2341001</misses>
				<total>25</total>
				<timestamp>561.278579</timestamp>
			</report>
			<report>
				<misses>2342001</misses>
				<total>24</total>
				<timestamp>561.518408</timestamp>
			</report>
			<report>
				<misses>2343001</misses>
				<total>25</total>
				<timestamp>561.758103</timestamp>
			</report>
			<report>
				<misses>2344001</misses>
				<total>25</total>
				<timestamp>561.997875</timestamp>
			</report>
			<report>
				<misses>2345001</misses>
				<total>25</total>
				<timestamp>562.237613</timestamp>
			</report>
			<report>
				<misses>2346001</misses>
				<total>25</total>
				<timestamp>562.477460</timestamp>
			</report>
			<report>
				<misses>2347001</misses>
				<total>25</total>
				<timestamp>562.717144</timestamp>
			</report>
			<report>
				<misses>2348001</misses>
				<total>25</total>
				<timestamp>562.956900</timestamp>
			</report>
			<report>
				<misses>2349001</misses>
				<total>25</total>
				<timestamp>563.196671</timestamp>
			</report>
			<report>
				<misses>2350001</misses>
				<total>24</total>
				<timestamp>563.436527</timestamp>
			</report>
			<report>
				<misses>2351001</misses>
				<total>25</total>
				<timestamp>563.676255</timestamp>
			</report>
			<report>
				<misses>2352001</misses>
				<total>24</total>
				<timestamp>563.916046</timestamp>
			</report>
			<report>
				<misses>2353001</misses>
				<total>25</total>
				<timestamp>564.155836</timestamp>
			</report>
			<report>
				<misses>2354001</misses>
				<total>25</total>
				<timestamp>564.395495</timestamp>
			</report>
			<report>
				<misses>2355001</misses>
				<total>25</total>
				<timestamp>564.635203</timestamp>
			</report>
			<report>
				<misses>2356001</misses>
				<total>25</total>
				<timestamp>564.874963</timestamp>
			</report>
			<report>
				<misses>2357001</misses>
				<total>25</total>
				<timestamp>565.114783</timestamp>
			</report>
			<report>
				<misses>2358001</misses>
				<total>24</total>
				<timestamp>565.354556</timestamp>
			</report>
			<report>
				<misses>2359001</misses>
				<total>25</total>
				<timestamp>565.594253</timestamp>
			</report>
			<report>
				<misses>2360001</misses>
				<total>24</total>
				<timestamp>565.834061</timestamp>
			</report>
			<report>
				<misses>2361001</misses>
				<total>25</total>
				<timestamp>566.073859</timestamp>
			</report>
			<report>
				<misses>2362001</misses>
				<total>24</total>
				<timestamp>566.313568</timestamp>
			</report>
			<report>
				<misses>2363001</misses>
				<total>25</total>
				<timestamp>566.553312</timestamp>
			</report>
			<report>
				<misses>2364001</misses>
				<total>25</total>
				<timestamp>566.793105</timestamp>
			</report>
			<report>
				<misses>2365001</misses>
				<total>25</total>
				<timestamp>567.032823</timestamp>
			</report>
			<report>
				<misses>2366001</misses>
				<total>25</total>
				<timestamp>567.272593</timestamp>
			</report>
			<report>
				<misses>2367001</misses>
				<total>25</total>
				<timestamp>567.512328</timestamp>
			</report>
			<report>
				<misses>2368001</misses>
				<total>25</total>
				<timestamp>567.752095</timestamp>
			</report>
			<report>
				<misses>2369001</misses>
				<total>24</total>
				<timestamp>567.991976</timestamp>
			</report>
			<report>
				<misses>2370001</misses>
				<total>25</total>
				<timestamp>568.231655</timestamp>
			</report>
			<report>
				<misses>2371001</misses>
				<total>25</total>
				<timestamp>568.471430</timestamp>
			</report>
			<report>
				<misses>2372001</misses>
				<total>24</total>
				<timestamp>568.711284</timestamp>
			</report>
			<report>
				<misses>2373001</misses>
				<total>25</total>
				<timestamp>568.950902</timestamp>
			</report>
			<report>
				<misses>2374001</misses>
				<total>25</total>
				<timestamp>569.190713</timestamp>
			</report>
			<report>
				<misses>2375001</misses>
				<total>25</total>
				<timestamp>569.430418</timestamp>
			</report>
			<report>
				<misses>2376001</misses>
				<total>25</total>
				<timestamp>569.670182</timestamp>
			</report>
			<report>
				<misses>2377001</misses>
				<total>25</total>
				<timestamp>569.909943</timestamp>
			</report>
			<report>
				<misses>2378001</misses>
				<total>25</total>
				<timestamp>570.149733</timestamp>
			</report>
			<report>
				<misses>2379001</misses>
				<total>25</total>
				<timestamp>570.389459</timestamp>
			</report>
			<report>
				<misses>2380001</misses>
				<total>25</total>
				<timestamp>570.629220</timestamp>
			</report>
			<report>
				<misses>2381001</misses>
				<total>25</total>
				<timestamp>570.869052</timestamp>
			</report>
			<report>
				<misses>2382001</misses>
				<total>24</total>
				<timestamp>571.108833</timestamp>
			</report>
			<report>
				<misses>2383001</misses>
				<total>25</total>
				<timestamp>571.348498</timestamp>
			</report>
			<report>
				<misses>2384001</misses>
				<total>25</total>
				<timestamp>571.588244</timestamp>
			</report>
			<report>
				<misses>2385001</misses>
				<total>25</total>
				<timestamp>571.828044</timestamp>
			</report>
			<report>
				<misses>2386001</misses>
				<total>25</total>
				<timestamp>572.067839</timestamp>
			</report>
			<report>
				<misses>2387001</misses>
				<total>24</total>
				<timestamp>572.307693</timestamp>
			</report>
			<report>
				<misses>2388001</misses>
				<total>25</total>
				<timestamp>572.547318</timestamp>
			</report>
			<report>
				<misses>2389001</misses>
				<total>25</total>
				<timestamp>572.787065</timestamp>
			</report>
			<report>
				<misses>2390001</misses>
				<total>25</total>
				<timestamp>573.026844</timestamp>
			</report>
			<report>
				<misses>2391001</misses>
				<total>25</total>
				<timestamp>573.266576</timestamp>
			</report>
			<report>
				<misses>2392001</misses>
				<total>24</total>
				<timestamp>573.506478</timestamp>
			</report>
			<report>
				<misses>2393001</misses>
				<total>25</total>
				<timestamp>573.746094</timestamp>
			</report>
			<report>
				<misses>2394001</misses>
				<total>24</total>
				<timestamp>573.985907</timestamp>
			</report>
			<report>
				<misses>2395001</misses>
				<total>25</total>
				<timestamp>574.225658</timestamp>
			</report>
			<report>
				<misses>2396001</misses>
				<total>25</total>
				<timestamp>574.465357</timestamp>
			</report>
			<report>
				<misses>2397001</misses>
				<total>25</total>
				<timestamp>574.705127</timestamp>
			</report>
			<report>
				<misses>2398001</misses>
				<total>25</total>
				<timestamp>574.944901</timestamp>
			</report>
			<report>
				<misses>2399001</misses>
				<total>24</total>
				<timestamp>575.184789</timestamp>
			</report>
			<report>
				<misses>2400001</misses>
				<total>25</total>
				<timestamp>575.424410</timestamp>
			</report>
			<report>
				<misses>2401001</misses>
				<total>25</total>
				<timestamp>575.664162</timestamp>
			</report>
			<report>
				<misses>2402001</misses>
				<total>24</total>
				<timestamp>575.904033</timestamp>
			</report>
			<report>
				<misses>2403001</misses>
				<total>25</total>
				<timestamp>576.143757</timestamp>
			</report>
			<report>
				<misses>2404001</misses>
				<total>25</total>
				<timestamp>576.383484</timestamp>
			</report>
			<report>
				<misses>2405001</misses>
				<total>25</total>
				<timestamp>576.623244</timestamp>
			</report>
			<report>
				<misses>2406001</misses>
				<total>24</total>
				<timestamp>576.863075</timestamp>
			</report>
			<report>
				<misses>2407001</misses>
				<total>25</total>
				<timestamp>577.102754</timestamp>
			</report>
			<report>
				<misses>2408001</misses>
				<total>25</total>
				<timestamp>577.342500</timestamp>
			</report>
			<report>
				<misses>2409001</misses>
				<total>25</total>
				<timestamp>577.582260</timestamp>
			</report>
			<report>
				<misses>2410001</misses>
				<total>24</total>
				<timestamp>577.822141</timestamp>
			</report>
			<report>
				<misses>2411001</misses>
				<total>25</total>
				<timestamp>578.061810</timestamp>
			</report>
			<report>
				<misses>2412001</misses>
				<total>25</total>
				<timestamp>578.301535</timestamp>
			</report>
			<report>
				<misses>2413001</misses>
				<total>24</total>
				<timestamp>578.541403</timestamp>
			</report>
			<report>
				<misses>2414001</misses>
				<total>25</total>
				<timestamp>578.781082</timestamp>
			</report>
			<report>
				<misses>2415001</misses>
				<total>25</total>
				<timestamp>579.020857</timestamp>
			</report>
			<report>
				<misses>2416001</misses>
				<total>25</total>
				<timestamp>579.260577</timestamp>
			</report>
			<report>
				<misses>2417001</misses>
				<total>25</total>
				<timestamp>579.500406</timestamp>
			</report>
			<report>
				<misses>2418001</misses>
				<total>24</total>
				<timestamp>579.740257</timestamp>
			</report>
			<report>
				<misses>2419001</misses>
				<total>25</total>
				<timestamp>579.979855</timestamp>
			</report>
			<report>
				<misses>2420001</misses>
				<total>25</total>
				<timestamp>580.219648</timestamp>
			</report>
			<report>
				<misses>2421001</misses>
				<total>25</total>
				<timestamp>580.459407</timestamp>
			</report>
			<report>
				<misses>2422001</misses>
				<total>25</total>
				<timestamp>580.699146</timestamp>
			</report>
			<report>
				<misses>2423001</misses>
				<total>25</total>
				<timestamp>580.938893</timestamp>
			</report>
			<report>
				<misses>2424001</misses>
				<total>25</total>
				<timestamp>581.178667</timestamp>
			</report>
			<report>
				<misses>2425001</misses>
				<total>25</total>
				<timestamp>581.418410</timestamp>
			</report>
			<report>
				<misses>2426001</misses>
				<total>24</total>
				<timestamp>581.658238</timestamp>
			</report>
			<report>
				<misses>2427001</misses>
				<total>25</total>
				<timestamp>581.897979</timestamp>
			</report>
			<report>
				<misses>2428001</misses>
				<total>25</total>
				<timestamp>582.137737</timestamp>
			</report>
			<report>
				<misses>2429001</misses>
				<total>24</total>
				<timestamp>582.377538</timestamp>
			</report>
			<report>
				<misses>2430001</misses>
				<total>25</total>
				<timestamp>582.617211</timestamp>
			</report>
			<report>
				<misses>2431001</misses>
				<total>24</total>
				<timestamp>582.857012</timestamp>
			</report>
			<report>
				<misses>2432001</misses>
				<total>25</total>
				<timestamp>583.096745</timestamp>
			</report>
			<report>
				<misses>2433001</misses>
				<total>24</total>
				<timestamp>583.336633</timestamp>
			</report>
			<report>
				<misses>2434001</misses>
				<total>25</total>
				<timestamp>583.576301</timestamp>
			</report>
			<report>
				<misses>2435001</misses>
				<total>24</total>
				<timestamp>583.816106</timestamp>
			</report>
			<report>
				<misses>2436001</misses>
				<total>25</total>
				<timestamp>584.055814</timestamp>
			</report>
			<report>
				<misses>2437001</misses>
				<total>24</total>
				<timestamp>584.295589</timestamp>
			</report>
			<report>
				<misses>2438001</misses>
				<total>25</total>
				<timestamp>584.535307</timestamp>
			</report>
			<report>
				<misses>2439001</misses>
				<total>25</total>
				<timestamp>584.775087</timestamp>
			</report>
			<report>
				<misses>2440001</misses>
				<total>24</total>
				<timestamp>585.014876</timestamp>
			</report>
			<report>
				<misses>2441001</misses>
				<total>25</total>
				<timestamp>585.254600</timestamp>
			</report>
			<report>
				<misses>2442001</misses>
				<total>25</total>
				<timestamp>585.494337</timestamp>
			</report>
			<report>
				<misses>2443001</misses>
				<total>25</total>
				<timestamp>585.734105</timestamp>
			</report>
			<report>
				<misses>2444001</misses>
				<total>25</total>
				<timestamp>585.973880</timestamp>
			</report>
			<report>
				<misses>2445001</misses>
				<total>24</total>
				<timestamp>586.213748</timestamp>
			</report>
			<report>
				<misses>2446001</misses>
				<total>24</total>
				<timestamp>586.453449</timestamp>
			</report>
			<report>
				<misses>2447001</misses>
				<total>25</total>
				<timestamp>586.693156</timestamp>
			</report>
			<report>
				<misses>2448001</misses>
				<total>25</total>
				<timestamp>586.932946</timestamp>
			</report>
			<report>
				<misses>2449001</misses>
				<total>24</total>
				<timestamp>587.172716</timestamp>
			</report>
			<report>
				<misses>2450001</misses>
				<total>24</total>
				<timestamp>587.412570</timestamp>
			</report>
			<report>
				<misses>2451001</misses>
				<total>25</total>
				<timestamp>587.652193</timestamp>
			</report>
			<report>
				<misses>2452001</misses>
				<total>25</total>
				<timestamp>587.891947</timestamp>
			</report>
			<report>
				<misses>2453001</misses>
				<total>25</total>
				<timestamp>588.131730</timestamp>
			</report>
			<report>
				<misses>2454001</misses>
				<total>24</total>
				<timestamp>588.371618</timestamp>
			</report>
			<report>
				<misses>2455001</misses>
				<total>25</total>
				<timestamp>588.611233</timestamp>
			</report>
			<report>
				<misses>2456001</misses>
				<total>25</total>
				<timestamp>588.850967</timestamp>
			</report>
			<report>
				<misses>2457001</misses>
				<total>25</total>
				<timestamp>589.090785</timestamp>
			</report>
			<report>
				<misses>2458001</misses>
				<total>25</total>
				<timestamp>589.330605</timestamp>
			</report>
			<report>
				<misses>2459001</misses>
				<total>25</total>
				<timestamp>589.570318</timestamp>
			</report>
			<report>
				<misses>2460001</misses>
				<total>25</total>
				<timestamp>589.810020</timestamp>
			</report>
			<report>
				<misses>2461001</misses>
				<total>25</total>
				<timestamp>590.049824</timestamp>
			</report>
			<report>
				<misses>2462001</misses>
				<total>25</total>
				<timestamp>590.289559</timestamp>
			</report>
			<report>
				<misses>2463001</misses>
				<total>25</total>
				<timestamp>590.529338</timestamp>
			</report>
			<report>
				<misses>2464001</misses>
				<total>25</total>
				<timestamp>590.769045</timestamp>
			</report>
			<report>
				<misses>2465001</misses>
				<total>24</total>
				<timestamp>591.008948</timestamp>
			</report>
			<report>
				<misses>2466001</misses>
				<total>25</total>
				<timestamp>591.248598</timestamp>
			</report>
			<report>
				<misses>2467001</misses>
				<total>25</total>
				<timestamp>591.488336</timestamp>
			</report>
			<report>
				<misses>2468001</misses>
				<total>24</total>
				<timestamp>591.728173</timestamp>
			</report>
			<report>
				<misses>2469001</misses>
				<total>25</total>
				<timestamp>591.967863</timestamp>
			</report>
			<report>
				<misses>2470001</misses>
				<total>24</total>
				<timestamp>592.207720</timestamp>
			</report>
			<report>
				<misses>2471001</misses>
				<total>24</total>
				<timestamp>592.447547</timestamp>
			</report>
			<report>
				<misses>2472001</misses>
				<total>25</total>
				<timestamp>592.687145</timestamp>
			</report>
			<report>
				<misses>2473001</misses>
				<total>25</total>
				<timestamp>592.926921</timestamp>
			</report>
			<report>
				<misses>2474001</misses>
				<total>25</total>
				<timestamp>593.166703</timestamp>
			</report>
			<report>
				<misses>2475001</misses>
				<total>24</total>
				<timestamp>593.406436</timestamp>
			</report>
			<report>
				<misses>2476001</misses>
				<total>25</total>
				<timestamp>593.646178</timestamp>
			</report>
			<report>
				<misses>2477001</misses>
				<total>25</total>
				<timestamp>593.886021</timestamp>
			</report>
			<report>
				<misses>2478001</misses>
				<total>25</total>
				<timestamp>594.125759</timestamp>
			</report>
			<report>
				<misses>2479001</misses>
				<total>24</total>
				<timestamp>594.365565</timestamp>
			</report>
			<report>
				<misses>2480001</misses>
				<total>25</total>
				<timestamp>594.605225</timestamp>
			</report>
			<report>
				<misses>2481001</misses>
				<total>24</total>
				<timestamp>594.845040</timestamp>
			</report>
			<report>
				<misses>2482001</misses>
				<total>25</total>
				<timestamp>595.084748</timestamp>
			</report>
			<report>
				<misses>2483001</misses>
				<total>25</total>
				<timestamp>595.324510</timestamp>
			</report>
			<report>
				<misses>2484001</misses>
				<total>24</total>
				<timestamp>595.564296</timestamp>
			</report>
			<report>
				<misses>2485001</misses>
				<total>24</total>
				<timestamp>595.804107</timestamp>
			</report>
			<report>
				<misses>2486001</misses>
				<total>25</total>
				<timestamp>596.043827</timestamp>
			</report>
			<report>
				<misses>2487001</misses>
				<total>24</total>
				<timestamp>596.283682</timestamp>
			</report>
			<report>
				<misses>2488001</misses>
				<total>24</total>
				<timestamp>596.523401</timestamp>
			</report>
			<report>
				<misses>2489001</misses>
				<total>25</total>
				<timestamp>596.763067</timestamp>
			</report>
			<report>
				<misses>2490001</misses>
				<total>24</total>
				<timestamp>597.002901</timestamp>
			</report>
			<report>
				<misses>2491001</misses>
				<total>25</total>
				<timestamp>597.242616</timestamp>
			</report>
			<report>
				<misses>2492001</misses>
				<total>25</total>
				<timestamp>597.482337</timestamp>
			</report>
			<report>
				<misses>2493001</misses>
				<total>25</total>
				<timestamp>597.722094</timestamp>
			</report>
			<report>
				<misses>2494001</misses>
				<total>24</total>
				<timestamp>597.961924</timestamp>
			</report>
			<report>
				<misses>2495001</misses>
				<total>25</total>
				<timestamp>598.201647</timestamp>
			</report>
			<report>
				<misses>2496001</misses>
				<total>24</total>
				<timestamp>598.441517</timestamp>
			</report>
			<report>
				<misses>2497001</misses>
				<total>24</total>
				<timestamp>598.681262</timestamp>
			</report>
			<report>
				<misses>2498001</misses>
				<total>25</total>
				<timestamp>598.920906</timestamp>
			</report>
			<report>
				<misses>2499001</misses>
				<total>25</total>
				<timestamp>599.160676</timestamp>
			</report>
			<report>
				<misses>2500001</misses>
				<total>25</total>
				<timestamp>599.400434</timestamp>
			</report>
			<report>
				<misses>2501001</misses>
				<total>25</total>
				<timestamp>599.640216</timestamp>
			</report>
			<report>
				<misses>2502001</misses>
				<total>24</total>
				<timestamp>599.879959</timestamp>
			</report>
			<report>
				<misses>2503001</misses>
				<total>24</total>
				<timestamp>600.119817</timestamp>
			</report>
			<report>
				<misses>2504001</misses>
				<total>25</total>
				<timestamp>600.359485</timestamp>
			</report>
			<report>
				<misses>2505001</misses>
				<total>25</total>
				<timestamp>600.599214</timestamp>
			</report>
			<report>
				<misses>2506001</misses>
				<total>25</total>
				<timestamp>600.838983</timestamp>
			</report>
			<report>
				<misses>2507001</misses>
				<total>25</total>
				<timestamp>601.078823</timestamp>
			</report>
			<report>
				<misses>2508001</misses>
				<total>25</total>
				<timestamp>601.318534</timestamp>
			</report>
			<report>
				<misses>2509001</misses>
				<total>24</total>
				<timestamp>601.558384</timestamp>
			</report>
			<report>
				<misses>2510001</misses>
				<total>25</total>
				<timestamp>601.798049</timestamp>
			</report>
			<report>
				<misses>2511001</misses>
				<total>25</total>
				<timestamp>602.037842</timestamp>
			</report>
			<report>
				<misses>2512001</misses>
				<total>25</total>
				<timestamp>602.277590</timestamp>
			</report>
			<report>
				<misses>2513001</misses>
				<total>25</total>
				<timestamp>602.517316</timestamp>
			</report>
			<report>
				<misses>2514001</misses>
				<total>24</total>
				<timestamp>602.757188</timestamp>
			</report>
			<report>
				<misses>2515001</misses>
				<total>25</total>
				<timestamp>602.996871</timestamp>
			</report>
			<report>
				<misses>2516001</misses>
				<total>25</total>
				<timestamp>603.236645</timestamp>
			</report>
			<report>
				<misses>2517001</misses>
				<total>25</total>
				<timestamp>603.476353</timestamp>
			</report>
			<report>
				<misses>2518001</misses>
				<total>24</total>
				<timestamp>603.716145</timestamp>
			</report>
			<report>
				<misses>2519001</misses>
				<total>25</total>
				<timestamp>603.955873</timestamp>
			</report>
			<report>
				<misses>2520001</misses>
				<total>25</total>
				<timestamp>604.195679</timestamp>
			</report>
			<report>
				<misses>2521001</misses>
				<total>25</total>
				<timestamp>604.435379</timestamp>
			</report>
			<report>
				<misses>2522001</misses>
				<total>24</total>
				<timestamp>604.675228</timestamp>
			</report>
			<report>
				<misses>2523001</misses>
				<total>25</total>
				<timestamp>604.914879</timestamp>
			</report>
			<report>
				<misses>2524001</misses>
				<total>25</total>
				<timestamp>605.154679</timestamp>
			</report>
			<report>
				<misses>2525001</misses>
				<total>24</total>
				<timestamp>605.394488</timestamp>
			</report>
			<report>
				<misses>2526001</misses>
				<total>25</total>
				<timestamp>605.634171</timestamp>
			</report>
			<report>
				<misses>2527001</misses>
				<total>24</total>
				<timestamp>605.874096</timestamp>
			</report>
			<report>
				<misses>2528001</misses>
				<total>24</total>
				<timestamp>606.113832</timestamp>
			</report>
			<report>
				<misses>2529001</misses>
				<total>24</total>
				<timestamp>606.353472</timestamp>
			</report>
			<report>
				<misses>2530001</misses>
				<total>25</total>
				<timestamp>606.593269</timestamp>
			</report>
			<report>
				<misses>2531001</misses>
				<total>25</total>
				<timestamp>606.832976</timestamp>
			</report>
			<report>
				<misses>2532001</misses>
				<total>24</total>
				<timestamp>607.072891</timestamp>
			</report>
			<report>
				<misses>2533001</misses>
				<total>24</total>
				<timestamp>607.312568</timestamp>
			</report>
			<report>
				<misses>2534001</misses>
				<total>25</total>
				<timestamp>607.552305</timestamp>
			</report>
			<report>
				<misses>2535001</misses>
				<total>25</total>
				<timestamp>607.792050</timestamp>
			</report>
			<report>
				<misses>2536001</misses>
				<total>25</total>
				<timestamp>608.031815</timestamp>
			</report>
			<report>
				<misses>2537001</misses>
				<total>25</total>
				<timestamp>608.271547</timestamp>
			</report>
			<report>
				<misses>2538001</misses>
				<total>25</total>
				<timestamp>608.511306</timestamp>
			</report>
			<report>
				<misses>2539001</misses>
				<total>25</total>
				<timestamp>608.751078</timestamp>
			</report>
			<report>
				<misses>2540001</misses>
				<total>25</total>
				<timestamp>608.990824</timestamp>
			</report>
			<report>
				<misses>2541001</misses>
				<total>25</total>
				<timestamp>609.230577</timestamp>
			</report>
			<report>
				<misses>2542001</misses>
				<total>25</total>
				<timestamp>609.470338</timestamp>
			</report>
			<report>
				<misses>2543001</misses>
				<total>25</total>
				<timestamp>609.710105</timestamp>
			</report>
			<report>
				<misses>2544001</misses>
				<total>24</total>
				<timestamp>609.950003</timestamp>
			</report>
			<report>
				<misses>2545001</misses>
				<total>24</total>
				<timestamp>610.189770</timestamp>
			</report>
			<report>
				<misses>2546001</misses>
				<total>25</total>
				<timestamp>610.429387</timestamp>
			</report>
			<report>
				<misses>2547001</misses>
				<total>25</total>
				<timestamp>610.669141</timestamp>
			</report>
			<report>
				<misses>2548001</misses>
				<total>24</total>
				<timestamp>610.908941</timestamp>
			</report>
			<report>
				<misses>2549001</misses>
				<total>24</total>
				<timestamp>611.148774</timestamp>
			</report>
			<report>
				<misses>2550001</misses>
				<total>25</total>
				<timestamp>611.388453</timestamp>
			</report>
			<report>
				<misses>2551001</misses>
				<total>25</total>
				<timestamp>611.628178</timestamp>
			</report>
			<report>
				<misses>2552001</misses>
				<total>25</total>
				<timestamp>611.867966</timestamp>
			</report>
			<report>
				<misses>2553001</misses>
				<total>25</total>
				<timestamp>612.107724</timestamp>
			</report>
			<report>
				<misses>2554001</misses>
				<total>25</total>
				<timestamp>612.347540</timestamp>
			</report>
			<report>
				<misses>2555001</misses>
				<total>25</total>
				<timestamp>612.587206</timestamp>
			</report>
			<report>
				<misses>2556001</misses>
				<total>25</total>
				<timestamp>612.826980</timestamp>
			</report>
			<report>
				<misses>2557001</misses>
				<total>25</total>
				<timestamp>613.066780</timestamp>
			</report>
			<report>
				<misses>2558001</misses>
				<total>24</total>
				<timestamp>613.306563</timestamp>
			</report>
			<report>
				<misses>2559001</misses>
				<total>24</total>
				<timestamp>613.546295</timestamp>
			</report>
			<report>
				<misses>2560001</misses>
				<total>25</total>
				<timestamp>613.786021</timestamp>
			</report>
			<report>
				<misses>2561001</misses>
				<total>25</total>
				<timestamp>614.025782</timestamp>
			</report>
			<report>
				<misses>2562001</misses>
				<total>25</total>
				<timestamp>614.265552</timestamp>
			</report>
			<report>
				<misses>2563001</misses>
				<total>24</total>
				<timestamp>614.505443</timestamp>
			</report>
			<report>
				<misses>2564001</misses>
				<total>25</total>
				<timestamp>614.745059</timestamp>
			</report>
			<report>
				<misses>2565001</misses>
				<total>25</total>
				<timestamp>614.984823</timestamp>
			</report>
			<report>
				<misses>2566001</misses>
				<total>24</total>
				<timestamp>615.224664</timestamp>
			</report>
			<report>
				<misses>2567001</misses>
				<total>25</total>
				<timestamp>615.464320</timestamp>
			</report>
			<report>
				<misses>2568001</misses>
				<total>25</total>
				<timestamp>615.704088</timestamp>
			</report>
			<report>
				<misses>2569001</misses>
				<total>24</total>
				<timestamp>615.943944</timestamp>
			</report>
			<report>
				<misses>2570001</misses>
				<total>25</total>
				<timestamp>616.183637</timestamp>
			</report>
			<report>
				<misses>2571001</misses>
				<total>25</total>
				<timestamp>616.423396</timestamp>
			</report>
			<report>
				<misses>2572001</misses>
				<total>25</total>
				<timestamp>616.663133</timestamp>
			</report>
			<report>
				<misses>2573001</misses>
				<total>25</total>
				<timestamp>616.902876</timestamp>
			</report>
			<report>
				<misses>2574001</misses>
				<total>25</total>
				<timestamp>617.142636</timestamp>
			</report>
			<report>
				<misses>2575001</misses>
				<total>25</total>
				<timestamp>617.382476</timestamp>
			</report>
			<report>
				<misses>2576001</misses>
				<total>25</total>
				<timestamp>617.622202</timestamp>
			</report>
			<report>
				<misses>2577001</misses>
				<total>25</total>
				<timestamp>617.861957</timestamp>
			</report>
			<report>
				<misses>2578001</misses>
				<total>25</total>
				<timestamp>618.101707</timestamp>
			</report>
			<report>
				<misses>2579001</misses>
				<total>25</total>
				<timestamp>618.341479</timestamp>
			</report>
			<report>
				<misses>2580001</misses>
				<total>25</total>
				<timestamp>618.581218</timestamp>
			</report>
			<report>
				<misses>2581001</misses>
				<total>25</total>
				<timestamp>618.820984</timestamp>
			</report>
			<report>
				<misses>2582001</misses>
				<total>25</total>
				<timestamp>619.060745</timestamp>
			</report>
			<report>
				<misses>2583001</misses>
				<total>25</total>
				<timestamp>619.300517</timestamp>
			</report>
			<report>
				<misses>2584001</misses>
				<total>25</total>
				<timestamp>619.540258</timestamp>
			</report>
			<report>
				<misses>2585001</misses>
				<total>25</total>
				<timestamp>619.780042</timestamp>
			</report>
			<report>
				<misses>2586001</misses>
				<total>25</total>
				<timestamp>620.019812</timestamp>
			</report>
			<report>
				<misses>2587001</misses>
				<total>25</total>
				<timestamp>620.259645</timestamp>
			</report>
			<report>
				<misses>2588001</misses>
				<total>24</total>
				<timestamp>620.499381</timestamp>
			</report>
			<report>
				<misses>2589001</misses>
				<total>25</total>
				<timestamp>620.739090</timestamp>
			</report>
			<report>
				<misses>2590001</misses>
				<total>25</total>
				<timestamp>620.978888</timestamp>
			</report>
			<report>
				<misses>2591001</misses>
				<total>25</total>
				<timestamp>621.218591</timestamp>
			</report>
			<report>
				<misses>2592001</misses>
				<total>25</total>
				<timestamp>621.458413</timestamp>
			</report>
			<report>
				<misses>2593001</misses>
				<total>25</total>
				<timestamp>621.698096</timestamp>
			</report>
			<report>
				<misses>2594001</misses>
				<total>24</total>
				<timestamp>621.937930</timestamp>
			</report>
			<report>
				<misses>2595001</misses>
				<total>25</total>
				<timestamp>622.177626</timestamp>
			</report>
			<report>
				<misses>2596001</misses>
				<total>25</total>
				<timestamp>622.417434</timestamp>
			</report>
			<report>
				<misses>2597001</misses>
				<total>25</total>
				<timestamp>622.657157</timestamp>
			</report>
			<report>
				<misses>2598001</misses>
				<total>25</total>
				<timestamp>622.896925</timestamp>
			</report>
			<report>
				<misses>2599001</misses>
				<total>25</total>
				<timestamp>623.136657</timestamp>
			</report>
			<report>
				<misses>2600001</misses>
				<total>27</total>
				<timestamp>623.376465</timestamp>
			</report>
			<report>
				<misses>2601001</misses>
				<total>27</total>
				<timestamp>623.616182</timestamp>
			</report>
			<report>
				<misses>2602001</misses>
				<total>26</total>
				<timestamp>623.856052</timestamp>
			</report>
			<report>
				<misses>2603001</misses>
				<total>27</total>
				<timestamp>624.095733</timestamp>
			</report>
			<report>
				<misses>2604001</misses>
				<total>27</total>
				<timestamp>624.335465</timestamp>
			</report>
			<report>
				<misses>2605001</misses>
				<total>29</total>
				<timestamp>624.575281</timestamp>
			</report>
			<report>
				<misses>2606001</misses>
				<total>28</total>
				<timestamp>624.815052</timestamp>
			</report>
			<report>
				<misses>2607001</misses>
				<total>29</total>
				<timestamp>625.054749</timestamp>
			</report>
			<report>
				<misses>2608001</misses>
				<total>29</total>
				<timestamp>625.294493</timestamp>
			</report>
			<report>
				<misses>2609001</misses>
				<total>29</total>
				<timestamp>625.534258</timestamp>
			</report>
			<report>
				<misses>2610001</misses>
				<total>29</total>
				<timestamp>625.774104</timestamp>
			</report>
			<report>
				<misses>2611001</misses>
				<total>29</total>
				<timestamp>626.013786</timestamp>
			</report>
			<report>
				<misses>2612001</misses>
				<total>29</total>
				<timestamp>626.253556</timestamp>
			</report>
			<report>
				<misses>2613001</misses>
				<total>29</total>
				<timestamp>626.493328</timestamp>
			</report>
			<report>
				<misses>2614001</misses>
				<total>29</total>
				<timestamp>626.733077</timestamp>
			</report>
			<report>
				<misses>2615001</misses>
				<total>28</total>
				<timestamp>626.972936</timestamp>
			</report>
			<report>
				<misses>2616001</misses>
				<total>29</total>
				<timestamp>627.212595</timestamp>
			</report>
			<report>
				<misses>2617001</misses>
				<total>28</total>
				<timestamp>627.452407</timestamp>
			</report>
			<report>
				<misses>2618001</misses>
				<total>29</total>
				<timestamp>627.692132</timestamp>
			</report>
			<report>
				<misses>2619001</misses>
				<total>28</total>
				<timestamp>627.931974</timestamp>
			</report>
			<report>
				<misses>2620001</misses>
				<total>28</total>
				<timestamp>628.171688</timestamp>
			</report>
			<report>
				<misses>2621001</misses>
				<total>29</total>
				<timestamp>628.411421</timestamp>
			</report>
			<report>
				<misses>2622001</misses>
				<total>29</total>
				<timestamp>628.651160</timestamp>
			</report>
			<report>
				<misses>2623001</misses>
				<total>29</total>
				<timestamp>628.890922</timestamp>
			</report>
			<report>
				<misses>2624001</misses>
				<total>28</total>
				<timestamp>629.130781</timestamp>
			</report>
			<report>
				<misses>2625001</misses>
				<total>29</total>
				<timestamp>629.370422</timestamp>
			</report>
			<report>
				<misses>2626001</misses>
				<total>29</total>
				<timestamp>629.610184</timestamp>
			</report>
			<report>
				<misses>2627001</misses>
				<total>29</total>
				<timestamp>629.849942</timestamp>
			</report>
			<report>
				<misses>2628001</misses>
				<total>28</total>
				<timestamp>630.089798</timestamp>
			</report>
			<report>
				<misses>2629001</misses>
				<total>29</total>
				<timestamp>630.329509</timestamp>
			</report>
			<report>
				<misses>2630001</misses>
				<total>30</total>
				<timestamp>630.569236</timestamp>
			</report>
			<report>
				<misses>2631001</misses>
				<total>29</total>
				<timestamp>630.809074</timestamp>
			</report>
			<report>
				<misses>2632001</misses>
				<total>30</total>
				<timestamp>631.048763</timestamp>
			</report>
			<report>
				<misses>2633001</misses>
				<total>30</total>
				<timestamp>631.288533</timestamp>
			</report>
			<report>
				<misses>2634001</misses>
				<total>29</total>
				<timestamp>631.528317</timestamp>
			</report>
			<report>
				<misses>2635001</misses>
				<total>30</total>
				<timestamp>631.768023</timestamp>
			</report>
			<report>
				<misses>2636001</misses>
				<total>30</total>
				<timestamp>632.007849</timestamp>
			</report>
			<report>
				<misses>2637001</misses>
				<total>29</total>
				<timestamp>632.247590</timestamp>
			</report>
			<report>
				<misses>2638001</misses>
				<total>30</total>
				<timestamp>632.487355</timestamp>
			</report>
			<report>
				<misses>2639001</misses>
				<total>30</total>
				<timestamp>632.727059</timestamp>
			</report>
			<report>
				<misses>2640001</misses>
				<total>30</total>
				<timestamp>632.966844</timestamp>
			</report>
			<report>
				<misses>2641001</misses>
				<total>30</total>
				<timestamp>633.206576</timestamp>
			</report>
			<report>
				<misses>2642001</misses>
				<total>30</total>
				<timestamp>633.446430</timestamp>
			</report>
			<report>
				<misses>2643001</misses>
				<total>30</total>
				<timestamp>633.686104</timestamp>
			</report>
			<report>
				<misses>2644001</misses>
				<total>29</total>
				<timestamp>633.926023</timestamp>
			</report>
			<report>
				<misses>2645001</misses>
				<total>30</total>
				<timestamp>634.165625</timestamp>
			</report>
			<report>
				<misses>2646001</misses>
				<total>30</total>
				<timestamp>634.405370</timestamp>
			</report>
			<report>
				<misses>2647001</misses>
				<total>30</total>
				<timestamp>634.645153</timestamp>
			</report>
			<report>
				<misses>2648001</misses>
				<total>30</total>
				<timestamp>634.884895</timestamp>
			</report>
			<report>
				<misses>2649001</misses>
				<total>30</total>
				<timestamp>635.124670</timestamp>
			</report>
			<report>
				<misses>2650001</misses>
				<total>29</total>
				<timestamp>635.364497</timestamp>
			</report>
			<report>
				<misses>2651001</misses>
				<total>30</total>
				<timestamp>635.604193</timestamp>
			</report>
			<report>
				<misses>2652001</misses>
				<total>30</total>
				<timestamp>635.843948</timestamp>
			</report>
			<report>
				<misses>2653001</misses>
				<total>29</total>
				<timestamp>636.083839</timestamp>
			</report>
			<report>
				<misses>2654001</misses>
				<total>30</total>
				<timestamp>636.323494</timestamp>
			</report>
			<report>
				<misses>2655001</misses>
				<total>30</total>
				<timestamp>636.563201</timestamp>
			</report>
			<report>
				<misses>2656001</misses>
				<total>30</total>
				<timestamp>636.802975</timestamp>
			</report>
			<report>
				<misses>2657001</misses>
				<total>30</total>
				<timestamp>637.042740</timestamp>
			</report>
			<report>
				<misses>2658001</misses>
				<total>30</total>
				<timestamp>637.282504</timestamp>
			</report>
			<report>
				<misses>2659001</misses>
				<total>29</total>
				<timestamp>637.522269</timestamp>
			</report>
			<report>
				<misses>2660001</misses>
				<total>30</total>
				<timestamp>637.762026</timestamp>
			</report>
			<report>
				<misses>2661001</misses>
				<total>30</total>
				<timestamp>638.001789</timestamp>
			</report>
			<report>
				<misses>2662001</misses>
				<total>30</total>
				<timestamp>638.241535</timestamp>
			</report>
			<report>
				<misses>2663001</misses>
				<total>29</total>
				<timestamp>638.481384</timestamp>
			</report>
			<report>
				<misses>2664001</misses>
				<total>30</total>
				<timestamp>638.721051</timestamp>
			</report>
			<report>
				<misses>2665001</misses>
				<total>30</total>
				<timestamp>638.960872</timestamp>
			</report>
			<report>
				<misses>2666001</misses>
				<total>30</total>
				<timestamp>639.200582</timestamp>
			</report>
			<report>
				<misses>2667001</misses>
				<total>30</total>
				<timestamp>639.440364</timestamp>
			</report>
			<report>
				<misses>2668001</misses>
				<total>30</total>
				<timestamp>639.680114</timestamp>
			</report>
			<report>
				<misses>2669001</misses>
				<total>30</total>
				<timestamp>639.919892</timestamp>
			</report>
			<report>
				<misses>2670001</misses>
				<total>33</total>
				<timestamp>640.159629</timestamp>
			</report>
			<report>
				<misses>2671001</misses>
				<total>33</total>
				<timestamp>640.399392</timestamp>
			</report>
			<report>
				<misses>2672001</misses>
				<total>33</total>
				<timestamp>640.639139</timestamp>
			</report>
			<report>
				<misses>2673001</misses>
				<total>33</total>
				<timestamp>640.878935</timestamp>
			</report>
			<report>
				<misses>2674001</misses>
				<total>32</total>
				<timestamp>641.118728</timestamp>
			</report>
			<report>
				<misses>2675001</misses>
				<total>32</total>
				<timestamp>641.358513</timestamp>
			</report>
			<report>
				<misses>2676001</misses>
				<total>32</total>
				<timestamp>641.598318</timestamp>
			</report>
			<report>
				<misses>2677001</misses>
				<total>33</total>
				<timestamp>641.837973</timestamp>
			</report>
			<report>
				<misses>2678001</misses>
				<total>33</total>
				<timestamp>642.077699</timestamp>
			</report>
			<report>
				<misses>2679001</misses>
				<total>33</total>
				<timestamp>642.317480</timestamp>
			</report>
			<report>
				<misses>2680001</misses>
				<total>33</total>
				<timestamp>642.557230</timestamp>
			</report>
			<report>
				<misses>2681001</misses>
				<total>33</total>
				<timestamp>642.796980</timestamp>
			</report>
			<report>
				<misses>2682001</misses>
				<total>32</total>
				<timestamp>643.036800</timestamp>
			</report>
			<report>
				<misses>2683001</misses>
				<total>33</total>
				<timestamp>643.276530</timestamp>
			</report>
			<report>
				<misses>2684001</misses>
				<total>33</total>
				<timestamp>643.516271</timestamp>
			</report>
			<report>
				<misses>2685001</misses>
				<total>33</total>
				<timestamp>643.756006</timestamp>
			</report>
			<report>
				<misses>2686001</misses>
				<total>33</total>
				<timestamp>643.995764</timestamp>
			</report>
			<report>
				<misses>2687001</misses>
				<total>33</total>
				<timestamp>644.235534</timestamp>
			</report>
			<report>
				<misses>2688001</misses>
				<total>33</total>
				<timestamp>644.475307</timestamp>
			</report>
			<report>
				<misses>2689001</misses>
				<total>33</total>
				<timestamp>644.715075</timestamp>
			</report>
			<report>
				<misses>2690001</misses>
				<total>33</total>
				<timestamp>644.954806</timestamp>
			</report>
			<report>
				<misses>2691001</misses>
				<total>33</total>
				<timestamp>645.194596</timestamp>
			</report>
			<report>
				<misses>2692001</misses>
				<total>33</total>
				<timestamp>645.434345</timestamp>
			</report>
			<report>
				<misses>2693001</misses>
				<total>33</total>
				<timestamp>645.674104</timestamp>
			</report>
			<report>
				<misses>2694001</misses>
				<total>33</total>
				<timestamp>645.913880</timestamp>
			</report>
			<report>
				<misses>2695001</misses>
				<total>33</total>
				<timestamp>646.153608</timestamp>
			</report>
			<report>
				<misses>2696001</misses>
				<total>32</total>
				<timestamp>646.393461</timestamp>
			</report>
			<report>
				<misses>2697001</misses>
				<total>32</total>
				<timestamp>646.633308</timestamp>
			</report>
			<report>
				<misses>2698001</misses>
				<total>32</total>
				<timestamp>646.873040</timestamp>
			</report>
			<report>
				<misses>2699001</misses>
				<total>32</total>
				<timestamp>647.112722</timestamp>
			</report>
			<report>
				<misses>2700001</misses>
				<total>33</total>
				<timestamp>647.352455</timestamp>
			</report>
			<report>
				<misses>2701001</misses>
				<total>32</total>
				<timestamp>647.592299</timestamp>
			</report>
			<report>
				<misses>2702001</misses>
				<total>33</total>
				<timestamp>647.831992</timestamp>
			</report>
			<report>
				<misses>2703001</misses>
				<total>33</total>
				<timestamp>648.071718</timestamp>
			</report>
			<report>
				<misses>2704001</misses>
				<total>33</total>
				<timestamp>648.311457</timestamp>
			</report>
			<report>
				<misses>2705001</misses>
				<total>33</total>
				<timestamp>648.551231</timestamp>
			</report>
			<report>
				<misses>2706001</misses>
				<total>33</total>
				<timestamp>648.790981</timestamp>
			</report>
			<report>
				<misses>2707001</misses>
				<total>33</total>
				<timestamp>649.030734</timestamp>
			</report>
			<report>
				<misses>2708001</misses>
				<total>33</total>
				<timestamp>649.270493</timestamp>
			</report>
			<report>
				<misses>2709001</misses>
				<total>33</total>
				<timestamp>649.510314</timestamp>
			</report>
			<report>
				<misses>2710001</misses>
				<total>33</total>
				<timestamp>649.750032</timestamp>
			</report>
			<report>
				<misses>2711001</misses>
				<total>33</total>
				<timestamp>649.989789</timestamp>
			</report>
			<report>
				<misses>2712001</misses>
				<total>33</total>
				<timestamp>650.229554</timestamp>
			</report>
			<report>
				<misses>2713001</misses>
				<total>33</total>
				<timestamp>650.469331</timestamp>
			</report>
			<report>
				<misses>2714001</misses>
				<total>33</total>
				<timestamp>650.709057</timestamp>
			</report>
			<report>
				<misses>2715001</misses>
				<total>33</total>
				<timestamp>650.948823</timestamp>
			</report>
			<report>
				<misses>2716001</misses>
				<total>33</total>
				<timestamp>651.188590</timestamp>
			</report>
			<report>
				<misses>2717001</misses>
				<total>33</total>
				<timestamp>651.428400</timestamp>
			</report>
			<report>
				<misses>2718001</misses>
				<total>33</total>
				<timestamp>651.668134</timestamp>
			</report>
			<report>
				<misses>2719001</misses>
				<total>33</total>
				<timestamp>651.907908</timestamp>
			</report>
			<report>
				<misses>2720001</misses>
				<total>33</total>
				<timestamp>652.147631</timestamp>
			</report>
			<report>
				<misses>2721001</misses>
				<total>32</total>
				<timestamp>652.387513</timestamp>
			</report>
			<report>
				<misses>2722001</misses>
				<total>33</total>
				<timestamp>652.627164</timestamp>
			</report>
			<report>
				<misses>2723001</misses>
				<total>33</total>
				<timestamp>652.866920</timestamp>
			</report>
			<report>
				<misses>2724001</misses>
				<total>33</total>
				<timestamp>653.106684</timestamp>
			</report>
			<report>
				<misses>2725001</misses>
				<total>32</total>
				<timestamp>653.346524</timestamp>
			</report>
			<report>
				<misses>2726001</misses>
				<total>32</total>
				<timestamp>653.586315</timestamp>
			</report>
			<report>
				<misses>2727001</misses>
				<total>33</total>
				<timestamp>653.825942</timestamp>
			</report>
			<report>
				<misses>2728001</misses>
				<total>33</total>
				<timestamp>654.065726</timestamp>
			</report>
			<report>
				<misses>2729001</misses>
				<total>33</total>
				<timestamp>654.305450</timestamp>
			</report>
			<report>
				<misses>2730001</misses>
				<total>33</total>
				<timestamp>654.545254</timestamp>
			</report>
			<report>
				<misses>2731001</misses>
				<total>32</total>
				<timestamp>654.785042</timestamp>
			</report>
			<report>
				<misses>2732001</misses>
				<total>33</total>
				<timestamp>655.024740</timestamp>
			</report>
			<report>
				<misses>2733001</misses>
				<total>33</total>
				<timestamp>655.264530</timestamp>
			</report>
			<report>
				<misses>2734001</misses>
				<total>33</total>
				<timestamp>655.504308</timestamp>
			</report>
			<report>
				<misses>2735001</misses>
				<total>32</total>
				<timestamp>655.744155</timestamp>
			</report>
			<report>
				<misses>2736001</misses>
				<total>33</total>
				<timestamp>655.983772</timestamp>
			</report>
			<report>
				<misses>2737001</misses>
				<total>33</total>
				<timestamp>656.223540</timestamp>
			</report>
			<report>
				<misses>2738001</misses>
				<total>33</total>
				<timestamp>656.463339</timestamp>
			</report>
			<report>
				<misses>2739001</misses>
				<total>32</total>
				<timestamp>656.703166</timestamp>
			</report>
			<report>
				<misses>2740001</misses>
				<total>33</total>
				<timestamp>656.942850</timestamp>
			</report>
			<report>
				<misses>2741001</misses>
				<total>33</total>
				<timestamp>657.182581</timestamp>
			</report>
			<report>
				<misses>2742001</misses>
				<total>33</total>
				<timestamp>657.422363</timestamp>
			</report>
			<report>
				<misses>2743001</misses>
				<total>33</total>
				<timestamp>657.662094</timestamp>
			</report>
			<report>
				<misses>2744001</misses>
				<total>32</total>
				<timestamp>657.901946</timestamp>
			</report>
			<report>
				<misses>2745001</misses>
				<total>32</total>
				<timestamp>658.141687</timestamp>
			</report>
			<report>
				<misses>2746001</misses>
				<total>33</total>
				<timestamp>658.381375</timestamp>
			</report>
			<report>
				<misses>2747001</misses>
				<total>33</total>
				<timestamp>658.621156</timestamp>
			</report>
			<report>
				<misses>2748001</misses>
				<total>33</total>
				<timestamp>658.860902</timestamp>
			</report>
			<report>
				<misses>2749001</misses>
				<total>33</total>
				<timestamp>659.100674</timestamp>
			</report>
			<report>
				<misses>2750001</misses>
				<total>33</total>
				<timestamp>659.340418</timestamp>
			</report>
			<report>
				<misses>2751001</misses>
				<total>33</total>
				<timestamp>659.580219</timestamp>
			</report>
			<report>
				<misses>2752001</misses>
				<total>33</total>
				<timestamp>659.819938</timestamp>
			</report>
			<report>
				<misses>2753001</misses>
				<total>33</total>
				<timestamp>660.059769</timestamp>
			</report>
			<report>
				<misses>2754001</misses>
				<total>32</total>
				<timestamp>660.299549</timestamp>
			</report>
			<report>
				<misses>2755001</misses>
				<total>33</total>
				<timestamp>660.539332</timestamp>
			</report>
			<report>
				<misses>2756001</misses>
				<total>32</total>
				<timestamp>660.779140</timestamp>
			</report>
			<report>
				<misses>2757001</misses>
				<total>33</total>
				<timestamp>661.018807</timestamp>
			</report>
			<report>
				<misses>2758001</misses>
				<total>33</total>
				<timestamp>661.258496</timestamp>
			</report>
			<report>
				<misses>2759001</misses>
				<total>33</total>
				<timestamp>661.498277</timestamp>
			</report>
			<report>
				<misses>2760001</misses>
				<total>32</total>
				<timestamp>661.738178</timestamp>
			</report>
			<report>
				<misses>2761001</misses>
				<total>33</total>
				<timestamp>661.977806</timestamp>
			</report>
			<report>
				<misses>2762001</misses>
				<total>33</total>
				<timestamp>662.217558</timestamp>
			</report>
			<report>
				<misses>2763001</misses>
				<total>33</total>
				<timestamp>662.457322</timestamp>
			</report>
			<report>
				<misses>2764001</misses>
				<total>32</total>
				<timestamp>662.697166</timestamp>
			</report>
			<report>
				<misses>2765001</misses>
				<total>33</total>
				<timestamp>662.936827</timestamp>
			</report>
			<report>
				<misses>2766001</misses>
				<total>33</total>
				<timestamp>663.176587</timestamp>
			</report>
			<report>
				<misses>2767001</misses>
				<total>33</total>
				<timestamp>663.416403</timestamp>
			</report>
			<report>
				<misses>2768001</misses>
				<total>33</total>
				<timestamp>663.656180</timestamp>
			</report>
			<report>
				<misses>2769001</misses>
				<total>33</total>
				<timestamp>663.895885</timestamp>
			</report>
			<report>
				<misses>2770001</misses>
				<total>33</total>
				<timestamp>664.135677</timestamp>
			</report>
			<report>
				<misses>2771001</misses>
				<total>33</total>
				<timestamp>664.375453</timestamp>
			</report>
			<report>
				<misses>2772001</misses>
				<total>32</total>
				<timestamp>664.615249</timestamp>
			</report>
			<report>
				<misses>2773001</misses>
				<total>33</total>
				<timestamp>664.854921</timestamp>
			</report>
			<report>
				<misses>2774001</misses>
				<total>33</total>
				<timestamp>665.094662</timestamp>
			</report>
			<report>
				<misses>2775001</misses>
				<total>33</total>
				<timestamp>665.334465</timestamp>
			</report>
			<report>
				<misses>2776001</misses>
				<total>33</total>
				<timestamp>665.574192</timestamp>
			</report>
			<report>
				<misses>2777001</misses>
				<total>33</total>
				<timestamp>665.813952</timestamp>
			</report>
			<report>
				<misses>2778001</misses>
				<total>33</total>
				<timestamp>666.053735</timestamp>
			</report>
			<report>
				<misses>2779001</misses>
				<total>32</total>
				<timestamp>666.293570</timestamp>
			</report>
			<report>
				<misses>2780001</misses>
				<total>33</total>
				<timestamp>666.533312</timestamp>
			</report>
			<report>
				<misses>2781001</misses>
				<total>33</total>
				<timestamp>666.772969</timestamp>
			</report>
			<report>
				<misses>2782001</misses>
				<total>33</total>
				<timestamp>667.012788</timestamp>
			</report>
			<report>
				<misses>2783001</misses>
				<total>32</total>
				<timestamp>667.252574</timestamp>
			</report>
			<report>
				<misses>2784001</misses>
				<total>32</total>
				<timestamp>667.492336</timestamp>
			</report>
			<report>
				<misses>2785001</misses>
				<total>33</total>
				<timestamp>667.732039</timestamp>
			</report>
			<report>
				<misses>2786001</misses>
				<total>33</total>
				<timestamp>667.971790</timestamp>
			</report>
			<report>
				<misses>2787001</misses>
				<total>33</total>
				<timestamp>668.211591</timestamp>
			</report>
			<report>
				<misses>2788001</misses>
				<total>33</total>
				<timestamp>668.451346</timestamp>
			</report>
			<report>
				<misses>2789001</misses>
				<total>33</total>
				<timestamp>668.691087</timestamp>
			</report>
			<report>
				<misses>2790001</misses>
				<total>33</total>
				<timestamp>668.930816</timestamp>
			</report>
			<report>
				<misses>2791001</misses>
				<total>33</total>
				<timestamp>669.170584</timestamp>
			</report>
			<report>
				<misses>2792001</misses>
				<total>33</total>
				<timestamp>669.410337</timestamp>
			</report>
			<report>
				<misses>2793001</misses>
				<total>33</total>
				<timestamp>669.650118</timestamp>
			</report>
			<report>
				<misses>2794001</misses>
				<total>33</total>
				<timestamp>669.889889</timestamp>
			</report>
			<report>
				<misses>2795001</misses>
				<total>32</total>
				<timestamp>670.129755</timestamp>
			</report>
			<report>
				<misses>2796001</misses>
				<total>33</total>
				<timestamp>670.369380</timestamp>
			</report>
			<report>
				<misses>2797001</misses>
				<total>33</total>
				<timestamp>670.609196</timestamp>
			</report>
			<report>
				<misses>2798001</misses>
				<total>33</total>
				<timestamp>670.848930</timestamp>
			</report>
			<report>
				<misses>2799001</misses>
				<total>33</total>
				<timestamp>671.088680</timestamp>
			</report>
			<report>
				<misses>2800001</misses>
				<total>33</total>
				<timestamp>671.328408</timestamp>
			</report>
			<report>
				<misses>2801001</misses>
				<total>33</total>
				<timestamp>671.568191</timestamp>
			</report>
			<report>
				<misses>2802001</misses>
				<total>33</total>
				<timestamp>671.808031</timestamp>
			</report>
			<report>
				<misses>2803001</misses>
				<total>33</total>
				<timestamp>672.047702</timestamp>
			</report>
			<report>
				<misses>2804001</misses>
				<total>33</total>
				<timestamp>672.287545</timestamp>
			</report>
			<report>
				<misses>2805001</misses>
				<total>32</total>
				<timestamp>672.527303</timestamp>
			</report>
			<report>
				<misses>2806001</misses>
				<total>33</total>
				<timestamp>672.766987</timestamp>
			</report>
			<report>
				<misses>2807001</misses>
				<total>33</total>
				<timestamp>673.006756</timestamp>
			</report>
			<report>
				<misses>2808001</misses>
				<total>33</total>
				<timestamp>673.246553</timestamp>
			</report>
			<report>
				<misses>2809001</misses>
				<total>33</total>
				<timestamp>673.486272</timestamp>
			</report>
			<report>
				<misses>2810001</misses>
				<total>33</total>
				<timestamp>673.726078</timestamp>
			</report>
			<report>
				<misses>2811001</misses>
				<total>33</total>
				<timestamp>673.965826</timestamp>
			</report>
			<report>
				<misses>2812001</misses>
				<total>33</total>
				<timestamp>674.205583</timestamp>
			</report>
			<report>
				<misses>2813001</misses>
				<total>33</total>
				<timestamp>674.445288</timestamp>
			</report>
			<report>
				<misses>2814001</misses>
				<total>33</total>
				<timestamp>674.685084</timestamp>
			</report>
			<report>
				<misses>2815001</misses>
				<total>33</total>
				<timestamp>674.924829</timestamp>
			</report>
			<report>
				<misses>2816001</misses>
				<total>33</total>
				<timestamp>675.164590</timestamp>
			</report>
			<report>
				<misses>2817001</misses>
				<total>33</total>
				<timestamp>675.404350</timestamp>
			</report>
			<report>
				<misses>2818001</misses>
				<total>32</total>
				<timestamp>675.644154</timestamp>
			</report>
			<report>
				<misses>2819001</misses>
				<total>33</total>
				<timestamp>675.883889</timestamp>
			</report>
			<report>
				<misses>2820001</misses>
				<total>33</total>
				<timestamp>676.123652</timestamp>
			</report>
			<report>
				<misses>2821001</misses>
				<total>33</total>
				<timestamp>676.363403</timestamp>
			</report>
			<report>
				<misses>2822001</misses>
				<total>32</total>
				<timestamp>676.603270</timestamp>
			</report>
			<report>
				<misses>2823001</misses>
				<total>32</total>
				<timestamp>676.843036</timestamp>
			</report>
			<report>
				<misses>2824001</misses>
				<total>33</total>
				<timestamp>677.082657</timestamp>
			</report>
			<report>
				<misses>2825001</misses>
				<total>33</total>
				<timestamp>677.322435</timestamp>
			</report>
			<report>
				<misses>2826001</misses>
				<total>32</total>
				<timestamp>677.562285</timestamp>
			</report>
			<report>
				<misses>2827001</misses>
				<total>33</total>
				<timestamp>677.801955</timestamp>
			</report>
			<report>
				<misses>2828001</misses>
				<total>32</total>
				<timestamp>678.041794</timestamp>
			</report>
			<report>
				<misses>2829001</misses>
				<total>33</total>
				<timestamp>678.281446</timestamp>
			</report>
			<report>
				<misses>2830001</misses>
				<total>33</total>
				<timestamp>678.521245</timestamp>
			</report>
			<report>
				<misses>2831001</misses>
				<total>33</total>
				<timestamp>678.761020</timestamp>
			</report>
			<report>
				<misses>2832001</misses>
				<total>33</total>
				<timestamp>679.000742</timestamp>
			</report>
			<report>
				<misses>2833001</misses>
				<total>33</total>
				<timestamp>679.240512</timestamp>
			</report>
			<report>
				<misses>2834001</misses>
				<total>32</total>
				<timestamp>679.480393</timestamp>
			</report>
			<report>
				<misses>2835001</misses>
				<total>33</total>
				<timestamp>679.720090</timestamp>
			</report>
			<report>
				<misses>2836001</misses>
				<total>33</total>
				<timestamp>679.959794</timestamp>
			</report>
			<report>
				<misses>2837001</misses>
				<total>33</total>
				<timestamp>680.199581</timestamp>
			</report>
			<report>
				<misses>2838001</misses>
				<total>33</total>
				<timestamp>680.439397</timestamp>
			</report>
			<report>
				<misses>2839001</misses>
				<total>32</total>
				<timestamp>680.679121</timestamp>
			</report>
			<report>
				<misses>2840001</misses>
				<total>33</total>
				<timestamp>680.918832</timestamp>
			</report>
			<report>
				<misses>2841001</misses>
				<total>33</total>
				<timestamp>681.158611</timestamp>
			</report>
			<report>
				<misses>2842001</misses>
				<total>33</total>
				<timestamp>681.398339</timestamp>
			</report>
			<report>
				<misses>2843001</misses>
				<total>32</total>
				<timestamp>681.638216</timestamp>
			</report>
			<report>
				<misses>2844001</misses>
				<total>33</total>
				<timestamp>681.877853</timestamp>
			</report>
			<report>
				<misses>2845001</misses>
				<total>33</total>
				<timestamp>682.117622</timestamp>
			</report>
			<report>
				<misses>2846001</misses>
				<total>33</total>
				<timestamp>682.357380</timestamp>
			</report>
			<report>
				<misses>2847001</misses>
				<total>32</total>
				<timestamp>682.597228</timestamp>
			</report>
			<report>
				<misses>2848001</misses>
				<total>33</total>
				<timestamp>682.836887</timestamp>
			</report>
			<report>
				<misses>2849001</misses>
				<total>33</total>
				<timestamp>683.076664</timestamp>
			</report>
			<report>
				<misses>2850001</misses>
				<total>32</total>
				<timestamp>683.316499</timestamp>
			</report>
			<report>
				<misses>2851001</misses>
				<total>33</total>
				<timestamp>683.556194</timestamp>
			</report>
			<report>
				<misses>2852001</misses>
				<total>33</total>
				<timestamp>683.796085</timestamp>
			</report>
			<report>
				<misses>2853001</misses>
				<total>33</total>
				<timestamp>684.035732</timestamp>
			</report>
			<report>
				<misses>2854001</misses>
				<total>33</total>
				<timestamp>684.275453</timestamp>
			</report>
			<report>
				<misses>2855001</misses>
				<total>33</total>
				<timestamp>684.515216</timestamp>
			</report>
			<report>
				<misses>2856001</misses>
				<total>33</total>
				<timestamp>684.755024</timestamp>
			</report>
			<report>
				<misses>2857001</misses>
				<total>33</total>
				<timestamp>684.994757</timestamp>
			</report>
			<report>
				<misses>2858001</misses>
				<total>33</total>
				<timestamp>685.234540</timestamp>
			</report>
			<report>
				<misses>2859001</misses>
				<total>33</total>
				<timestamp>685.474263</timestamp>
			</report>
			<report>
				<misses>2860001</misses>
				<total>32</total>
				<timestamp>685.714117</timestamp>
			</report>
			<report>
				<misses>2861001</misses>
				<total>33</total>
				<timestamp>685.953785</timestamp>
			</report>
			<report>
				<misses>2862001</misses>
				<total>33</total>
				<timestamp>686.193581</timestamp>
			</report>
			<report>
				<misses>2863001</misses>
				<total>33</total>
				<timestamp>686.433293</timestamp>
			</report>
			<report>
				<misses>2864001</misses>
				<total>33</total>
				<timestamp>686.673097</timestamp>
			</report>
			<report>
				<misses>2865001</misses>
				<total>32</total>
				<timestamp>686.912961</timestamp>
			</report>
			<report>
				<misses>2866001</misses>
				<total>33</total>
				<timestamp>687.152598</timestamp>
			</report>
			<report>
				<misses>2867001</misses>
				<total>33</total>
				<timestamp>687.392362</timestamp>
			</report>
			<report>
				<misses>2868001</misses>
				<total>32</total>
				<timestamp>687.632191</timestamp>
			</report>
			<report>
				<misses>2869001</misses>
				<total>33</total>
				<timestamp>687.871884</timestamp>
			</report>
			<report>
				<misses>2870001</misses>
				<total>33</total>
				<timestamp>688.111640</timestamp>
			</report>
			<report>
				<misses>2871001</misses>
				<total>33</total>
				<timestamp>688.351397</timestamp>
			</report>
			<report>
				<misses>2872001</misses>
				<total>33</total>
				<timestamp>688.591205</timestamp>
			</report>
			<report>
				<misses>2873001</misses>
				<total>33</total>
				<timestamp>688.830972</timestamp>
			</report>
			<report>
				<misses>2874001</misses>
				<total>33</total>
				<timestamp>689.070679</timestamp>
			</report>
			<report>
				<misses>2875001</misses>
				<total>33</total>
				<timestamp>689.310422</timestamp>
			</report>
			<report>
				<misses>2876001</misses>
				<total>33</total>
				<timestamp>689.550210</timestamp>
			</report>
			<report>
				<misses>2877001</misses>
				<total>32</total>
				<timestamp>689.790062</timestamp>
			</report>
			<report>
				<misses>2878001</misses>
				<total>33</total>
				<timestamp>690.029711</timestamp>
			</report>
			<report>
				<misses>2879001</misses>
				<total>33</total>
				<timestamp>690.269455</timestamp>
			</report>
			<report>
				<misses>2880001</misses>
				<total>33</total>
				<timestamp>690.509261</timestamp>
			</report>
			<report>
				<misses>2881001</misses>
				<total>33</total>
				<timestamp>690.748999</timestamp>
			</report>
			<report>
				<misses>2882001</misses>
				<total>33</total>
				<timestamp>690.988784</timestamp>
			</report>
			<report>
				<misses>2883001</misses>
				<total>33</total>
				<timestamp>691.228502</timestamp>
			</report>
			<report>
				<misses>2884001</misses>
				<total>33</total>
				<timestamp>691.468369</timestamp>
			</report>
			<report>
				<misses>2885001</misses>
				<total>33</total>
				<timestamp>691.708067</timestamp>
			</report>
			<report>
				<misses>2886001</misses>
				<total>32</total>
				<timestamp>691.947922</timestamp>
			</report>
			<report>
				<misses>2887001</misses>
				<total>32</total>
				<timestamp>692.187659</timestamp>
			</report>
			<report>
				<misses>2888001</misses>
				<total>33</total>
				<timestamp>692.427331</timestamp>
			</report>
			<report>
				<misses>2889001</misses>
				<total>32</total>
				<timestamp>692.667174</timestamp>
			</report>
			<report>
				<misses>2890001</misses>
				<total>32</total>
				<timestamp>692.906989</timestamp>
			</report>
			<report>
				<misses>2891001</misses>
				<total>33</total>
				<timestamp>693.146588</timestamp>
			</report>
			<report>
				<misses>2892001</misses>
				<total>33</total>
				<timestamp>693.386331</timestamp>
			</report>
			<report>
				<misses>2893001</misses>
				<total>32</total>
				<timestamp>693.626168</timestamp>
			</report>
			<report>
				<misses>2894001</misses>
				<total>33</total>
				<timestamp>693.865920</timestamp>
			</report>
			<report>
				<misses>2895001</misses>
				<total>33</total>
				<timestamp>694.105625</timestamp>
			</report>
			<report>
				<misses>2896001</misses>
				<total>33</total>
				<timestamp>694.345375</timestamp>
			</report>
			<report>
				<misses>2897001</misses>
				<total>32</total>
				<timestamp>694.585273</timestamp>
			</report>
			<report>
				<misses>2898001</misses>
				<total>34</total>
				<timestamp>694.824975</timestamp>
			</report>
			<report>
				<misses>2899001</misses>
				<total>34</total>
				<timestamp>695.064672</timestamp>
			</report>
			<report>
				<misses>2900001</misses>
				<total>34</total>
				<timestamp>695.304440</timestamp>
			</report>
			<report>
				<misses>2901001</misses>
				<total>33</total>
				<timestamp>695.544290</timestamp>
			</report>
			<report>
				<misses>2902001</misses>
				<total>33</total>
				<timestamp>695.784004</timestamp>
			</report>
			<report>
				<misses>2903001</misses>
				<total>34</total>
				<timestamp>696.023724</timestamp>
			</report>
			<report>
				<misses>2904001</misses>
				<total>34</total>
				<timestamp>696.263437</timestamp>
			</report>
			<report>
				<misses>2905001</misses>
				<total>34</total>
				<timestamp>696.503233</timestamp>
			</report>
			<report>
				<misses>2906001</misses>
				<total>33</total>
				<timestamp>696.743039</timestamp>
			</report>
			<report>
				<misses>2907001</misses>
				<total>34</total>
				<timestamp>696.982754</timestamp>
			</report>
			<report>
				<misses>2908001</misses>
				<total>34</total>
				<timestamp>697.222507</timestamp>
			</report>
			<report>
				<misses>2909001</misses>
				<total>34</total>
				<timestamp>697.462258</timestamp>
			</report>
			<report>
				<misses>2910001</misses>
				<total>34</total>
				<timestamp>697.702045</timestamp>
			</report>
			<report>
				<misses>2911001</misses>
				<total>34</total>
				<timestamp>697.941809</timestamp>
			</report>
			<report>
				<misses>2912001</misses>
				<total>34</total>
				<timestamp>698.181545</timestamp>
			</report>
			<report>
				<misses>2913001</misses>
				<total>34</total>
				<timestamp>698.421327</timestamp>
			</report>
			<report>
				<misses>2914001</misses>
				<total>34</total>
				<timestamp>698.661123</timestamp>
			</report>
			<report>
				<misses>2915001</misses>
				<total>34</total>
				<timestamp>698.900912</timestamp>
			</report>
			<report>
				<misses>2916001</misses>
				<total>34</total>
				<timestamp>699.140589</timestamp>
			</report>
			<report>
				<misses>2917001</misses>
				<total>33</total>
				<timestamp>699.380349</timestamp>
			</report>
			<report>
				<misses>2918001</misses>
				<total>34</total>
				<timestamp>699.620135</timestamp>
			</report>
			<report>
				<misses>2919001</misses>
				<total>33</total>
				<timestamp>699.860016</timestamp>
			</report>
			<report>
				<misses>2920001</misses>
				<total>33</total>
				<timestamp>700.099717</timestamp>
			</report>
			<report>
				<misses>2921001</misses>
				<total>33</total>
				<timestamp>700.339517</timestamp>
			</report>
			<report>
				<misses>2922001</misses>
				<total>33</total>
				<timestamp>700.579195</timestamp>
			</report>
			<report>
				<misses>2923001</misses>
				<total>33</total>
				<timestamp>700.819013</timestamp>
			</report>
			<report>
				<misses>2924001</misses>
				<total>34</total>
				<timestamp>701.058752</timestamp>
			</report>
			<report>
				<misses>2925001</misses>
				<total>34</total>
				<timestamp>701.298429</timestamp>
			</report>
			<report>
				<misses>2926001</misses>
				<total>34</total>
				<timestamp>701.538175</timestamp>
			</report>
			<report>
				<misses>2927001</misses>
				<total>34</total>
				<timestamp>701.777987</timestamp>
			</report>
			<report>
				<misses>2928001</misses>
				<total>33</total>
				<timestamp>702.017756</timestamp>
			</report>
			<report>
				<misses>2929001</misses>
				<total>34</total>
				<timestamp>702.257499</timestamp>
			</report>
			<report>
				<misses>2930001</misses>
				<total>34</total>
				<timestamp>702.497222</timestamp>
			</report>
			<report>
				<misses>2931001</misses>
				<total>34</total>
				<timestamp>702.736998</timestamp>
			</report>
			<report>
				<misses>2932001</misses>
				<total>33</total>
				<timestamp>702.976869</timestamp>
			</report>
			<report>
				<misses>2933001</misses>
				<total>34</total>
				<timestamp>703.216503</timestamp>
			</report>
			<report>
				<misses>2934001</misses>
				<total>34</total>
				<timestamp>703.456247</timestamp>
			</report>
			<report>
				<misses>2935001</misses>
				<total>34</total>
				<timestamp>703.696129</timestamp>
			</report>
			<report>
				<misses>2936001</misses>
				<total>34</total>
				<timestamp>703.935787</timestamp>
			</report>
			<report>
				<misses>2937001</misses>
				<total>34</total>
				<timestamp>704.175593</timestamp>
			</report>
			<report>
				<misses>2938001</misses>
				<total>34</total>
				<timestamp>704.415320</timestamp>
			</report>
			<report>
				<misses>2939001</misses>
				<total>34</total>
				<timestamp>704.655058</timestamp>
			</report>
			<report>
				<misses>2940001</misses>
				<total>34</total>
				<timestamp>704.894874</timestamp>
			</report>
			<report>
				<misses>2941001</misses>
				<total>34</total>
				<timestamp>705.134588</timestamp>
			</report>
			<report>
				<misses>2942001</misses>
				<total>34</total>
				<timestamp>705.374356</timestamp>
			</report>
			<report>
				<misses>2943001</misses>
				<total>34</total>
				<timestamp>705.614101</timestamp>
			</report>
			<report>
				<misses>2944001</misses>
				<total>33</total>
				<timestamp>705.854070</timestamp>
			</report>
			<report>
				<misses>2945001</misses>
				<total>35</total>
				<timestamp>706.093677</timestamp>
			</report>
			<report>
				<misses>2946001</misses>
				<total>35</total>
				<timestamp>706.333387</timestamp>
			</report>
			<report>
				<misses>2947001</misses>
				<total>35</total>
				<timestamp>706.573129</timestamp>
			</report>
			<report>
				<misses>2948001</misses>
				<total>34</total>
				<timestamp>706.812977</timestamp>
			</report>
			<report>
				<misses>2949001</misses>
				<total>34</total>
				<timestamp>707.052718</timestamp>
			</report>
			<report>
				<misses>2950001</misses>
				<total>35</total>
				<timestamp>707.292451</timestamp>
			</report>
			<report>
				<misses>2951001</misses>
				<total>35</total>
				<timestamp>707.532194</timestamp>
			</report>
			<report>
				<misses>2952001</misses>
				<total>35</total>
				<timestamp>707.771955</timestamp>
			</report>
			<report>
				<misses>2953001</misses>
				<total>35</total>
				<timestamp>708.011748</timestamp>
			</report>
			<report>
				<misses>2954001</misses>
				<total>35</total>
				<timestamp>708.251481</timestamp>
			</report>
			<report>
				<misses>2955001</misses>
				<total>34</total>
				<timestamp>708.491265</timestamp>
			</report>
			<report>
				<misses>2956001</misses>
				<total>34</total>
				<timestamp>708.731075</timestamp>
			</report>
			<report>
				<misses>2957001</misses>
				<total>35</total>
				<timestamp>708.970770</timestamp>
			</report>
			<report>
				<misses>2958001</misses>
				<total>35</total>
				<timestamp>709.210500</timestamp>
			</report>
			<report>
				<misses>2959001</misses>
				<total>35</total>
				<timestamp>709.450247</timestamp>
			</report>
			<report>
				<misses>2960001</misses>
				<total>34</total>
				<timestamp>709.690150</timestamp>
			</report>
			<report>
				<misses>2961001</misses>
				<total>35</total>
				<timestamp>709.929790</timestamp>
			</report>
			<report>
				<misses>2962001</misses>
				<total>35</total>
				<timestamp>710.169590</timestamp>
			</report>
			<report>
				<misses>2963001</misses>
				<total>35</total>
				<timestamp>710.409336</timestamp>
			</report>
			<report>
				<misses>2964001</misses>
				<total>35</total>
				<timestamp>710.649143</timestamp>
			</report>
			<report>
				<misses>2965001</misses>
				<total>35</total>
				<timestamp>710.888878</timestamp>
			</report>
			<report>
				<misses>2966001</misses>
				<total>35</total>
				<timestamp>711.128582</timestamp>
			</report>
			<report>
				<misses>2967001</misses>
				<total>35</total>
				<timestamp>711.368336</timestamp>
			</report>
			<report>
				<misses>2968001</misses>
				<total>35</total>
				<timestamp>711.608146</timestamp>
			</report>
			<report>
				<misses>2969001</misses>
				<total>35</total>
				<timestamp>711.847920</timestamp>
			</report>
			<report>
				<misses>2970001</misses>
				<total>35</total>
				<timestamp>712.087623</timestamp>
			</report>
			<report>
				<misses>2971001</misses>
				<total>34</total>
				<timestamp>712.327465</timestamp>
			</report>
			<report>
				<misses>2972001</misses>
				<total>35</total>
				<timestamp>712.567168</timestamp>
			</report>
			<report>
				<misses>2973001</misses>
				<total>35</total>
				<timestamp>712.806965</timestamp>
			</report>
			<report>
				<misses>2974001</misses>
				<total>34</total>
				<timestamp>713.046792</timestamp>
			</report>
			<report>
				<misses>2975001</misses>
				<total>35</total>
				<timestamp>713.286460</timestamp>
			</report>
			<report>
				<misses>2976001</misses>
				<total>34</total>
				<timestamp>713.526197</timestamp>
			</report>
			<report>
				<misses>2977001</misses>
				<total>34</total>
				<timestamp>713.766067</timestamp>
			</report>
			<report>
				<misses>2978001</misses>
				<total>35</total>
				<timestamp>714.005724</timestamp>
			</report>
			<report>
				<misses>2979001</misses>
				<total>35</total>
				<timestamp>714.245459</timestamp>
			</report>
			<report>
				<misses>2980001</misses>
				<total>34</total>
				<timestamp>714.485331</timestamp>
			</report>
			<report>
				<misses>2981001</misses>
				<total>35</total>
				<timestamp>714.725028</timestamp>
			</report>
			<report>
				<misses>2982001</misses>
				<total>35</total>
				<timestamp>714.964728</timestamp>
			</report>
			<report>
				<misses>2983001</misses>
				<total>35</total>
				<timestamp>715.204491</timestamp>
			</report>
			<report>
				<misses>2984001</misses>
				<total>35</total>
				<timestamp>715.444245</timestamp>
			</report>
			<report>
				<misses>2985001</misses>
				<total>35</total>
				<timestamp>715.684141</timestamp>
			</report>
			<report>
				<misses>2986001</misses>
				<total>35</total>
				<timestamp>715.923806</timestamp>
			</report>
			<report>
				<misses>2987001</misses>
				<total>35</total>
				<timestamp>716.163565</timestamp>
			</report>
			<report>
				<misses>2988001</misses>
				<total>35</total>
				<timestamp>716.403352</timestamp>
			</report>
			<report>
				<misses>2989001</misses>
				<total>35</total>
				<timestamp>716.643051</timestamp>
			</report>
			<report>
				<misses>2990001</misses>
				<total>35</total>
				<timestamp>716.882859</timestamp>
			</report>
			<report>
				<misses>2991001</misses>
				<total>35</total>
				<timestamp>717.122573</timestamp>
			</report>
			<report>
				<misses>2992001</misses>
				<total>34</total>
				<timestamp>717.362343</timestamp>
			</report>
			<report>
				<misses>2993001</misses>
				<total>34</total>
				<timestamp>717.602190</timestamp>
			</report>
			<report>
				<misses>2994001</misses>
				<total>35</total>
				<timestamp>717.841897</timestamp>
			</report>
			<report>
				<misses>2995001</misses>
				<total>35</total>
				<timestamp>718.081675</timestamp>
			</report>
			<report>
				<misses>2996001</misses>
				<total>34</total>
				<timestamp>718.321444</timestamp>
			</report>
			<report>
				<misses>2997001</misses>
				<total>34</total>
				<timestamp>718.561292</timestamp>
			</report>
			<report>
				<misses>2998001</misses>
				<total>35</total>
				<timestamp>718.800959</timestamp>
			</report>
			<report>
				<misses>2999001</misses>
				<total>34</total>
				<timestamp>719.040691</timestamp>
			</report>
			<report>
				<misses>3000001</misses>
				<total>35</total>
				<timestamp>719.280429</timestamp>
			</report>
			<report>
				<misses>3001001</misses>
				<total>34</total>
				<timestamp>719.520264</timestamp>
			</report>
			<report>
				<misses>3002001</misses>
				<total>35</total>
				<timestamp>719.759977</timestamp>
			</report>
			<report>
				<misses>3003001</misses>
				<total>34</total>
				<timestamp>719.999809</timestamp>
			</report>
			<report>
				<misses>3004001</misses>
				<total>35</total>
				<timestamp>720.239541</timestamp>
			</report>
			<report>
				<misses>3005001</misses>
				<total>35</total>
				<timestamp>720.479261</timestamp>
			</report>
			<report>
				<misses>3006001</misses>
				<total>35</total>
				<timestamp>720.718975</timestamp>
			</report>
			<report>
				<misses>3007001</misses>
				<total>34</total>
				<timestamp>720.958872</timestamp>
			</report>
			<report>
				<misses>3008001</misses>
				<total>35</total>
				<timestamp>721.198578</timestamp>
			</report>
			<report>
				<misses>3009001</misses>
				<total>35</total>
				<timestamp>721.438251</timestamp>
			</report>
			<report>
				<misses>3010001</misses>
				<total>34</total>
				<timestamp>721.678112</timestamp>
			</report>
			<report>
				<misses>3011001</misses>
				<total>35</total>
				<timestamp>721.917814</timestamp>
			</report>
			<report>
				<misses>3012001</misses>
				<total>35</total>
				<timestamp>722.157535</timestamp>
			</report>
			<report>
				<misses>3013001</misses>
				<total>35</total>
				<timestamp>722.397325</timestamp>
			</report>
			<report>
				<misses>3014001</misses>
				<total>35</total>
				<timestamp>722.637111</timestamp>
			</report>
			<report>
				<misses>3015001</misses>
				<total>35</total>
				<timestamp>722.876877</timestamp>
			</report>
			<report>
				<misses>3016001</misses>
				<total>34</total>
				<timestamp>723.116726</timestamp>
			</report>
			<report>
				<misses>3017001</misses>
				<total>34</total>
				<timestamp>723.356369</timestamp>
			</report>
			<report>
				<misses>3018001</misses>
				<total>35</total>
				<timestamp>723.596086</timestamp>
			</report>
			<report>
				<misses>3019001</misses>
				<total>35</total>
				<timestamp>723.835891</timestamp>
			</report>
			<report>
				<misses>3020001</misses>
				<total>35</total>
				<timestamp>724.075715</timestamp>
			</report>
			<report>
				<misses>3021001</misses>
				<total>35</total>
				<timestamp>724.315387</timestamp>
			</report>
			<report>
				<misses>3022001</misses>
				<total>35</total>
				<timestamp>724.555143</timestamp>
			</report>
			<report>
				<misses>3023001</misses>
				<total>35</total>
				<timestamp>724.794914</timestamp>
			</report>
			<report>
				<misses>3024001</misses>
				<total>34</total>
				<timestamp>725.034736</timestamp>
			</report>
			<report>
				<misses>3025001</misses>
				<total>34</total>
				<timestamp>725.274433</timestamp>
			</report>
			<report>
				<misses>3026001</misses>
				<total>35</total>
				<timestamp>725.514189</timestamp>
			</report>
			<report>
				<misses>3027001</misses>
				<total>35</total>
				<timestamp>725.753956</timestamp>
			</report>
			<report>
				<misses>3028001</misses>
				<total>35</total>
				<timestamp>725.993719</timestamp>
			</report>
			<report>
				<misses>3029001</misses>
				<total>35</total>
				<timestamp>726.233482</timestamp>
			</report>
			<report>
				<misses>3030001</misses>
				<total>34</total>
				<timestamp>726.473325</timestamp>
			</report>
			<report>
				<misses>3031001</misses>
				<total>35</total>
				<timestamp>726.713010</timestamp>
			</report>
			<report>
				<misses>3032001</misses>
				<total>35</total>
				<timestamp>726.952800</timestamp>
			</report>
			<report>
				<misses>3033001</misses>
				<total>35</total>
				<timestamp>727.192488</timestamp>
			</report>
			<report>
				<misses>3034001</misses>
				<total>35</total>
				<timestamp>727.432284</timestamp>
			</report>
			<report>
				<misses>3035001</misses>
				<total>34</total>
				<timestamp>727.672084</timestamp>
			</report>
			<report>
				<misses>3036001</misses>
				<total>35</total>
				<timestamp>727.911823</timestamp>
			</report>
			<report>
				<misses>3037001</misses>
				<total>35</total>
				<timestamp>728.151587</timestamp>
			</report>
			<report>
				<misses>3038001</misses>
				<total>35</total>
				<timestamp>728.391314</timestamp>
			</report>
			<report>
				<misses>3039001</misses>
				<total>35</total>
				<timestamp>728.631068</timestamp>
			</report>
			<report>
				<misses>3040001</misses>
				<total>35</total>
				<timestamp>728.870849</timestamp>
			</report>
			<report>
				<misses>3041001</misses>
				<total>35</total>
				<timestamp>729.110602</timestamp>
			</report>
			<report>
				<misses>3042001</misses>
				<total>36</total>
				<timestamp>729.350338</timestamp>
			</report>
			<report>
				<misses>3043001</misses>
				<total>36</total>
				<timestamp>729.590103</timestamp>
			</report>
			<report>
				<misses>3044001</misses>
				<total>36</total>
				<timestamp>729.829908</timestamp>
			</report>
			<report>
				<misses>3045001</misses>
				<total>36</total>
				<timestamp>730.069634</timestamp>
			</report>
			<report>
				<misses>3046001</misses>
				<total>36</total>
				<timestamp>730.309379</timestamp>
			</report>
			<report>
				<misses>3047001</misses>
				<total>35</total>
				<timestamp>730.549152</timestamp>
			</report>
			<report>
				<misses>3048001</misses>
				<total>36</total>
				<timestamp>730.788976</timestamp>
			</report>
			<report>
				<misses>3049001</misses>
				<total>37</total>
				<timestamp>731.028682</timestamp>
			</report>
			<report>
				<misses>3050001</misses>
				<total>37</total>
				<timestamp>731.268423</timestamp>
			</report>
			<report>
				<misses>3051001</misses>
				<total>37</total>
				<timestamp>731.508168</timestamp>
			</report>
			<report>
				<misses>3052001</misses>
				<total>36</total>
				<timestamp>731.747993</timestamp>
			</report>
			<report>
				<misses>3053001</misses>
				<total>36</total>
				<timestamp>731.987857</timestamp>
			</report>
			<report>
				<misses>3054001</misses>
				<total>37</total>
				<timestamp>732.227468</timestamp>
			</report>
			<report>
				<misses>3055001</misses>
				<total>36</total>
				<timestamp>732.467321</timestamp>
			</report>
			<report>
				<misses>3056001</misses>
				<total>36</total>
				<timestamp>732.707043</timestamp>
			</report>
			<report>
				<misses>3057001</misses>
				<total>37</total>
				<timestamp>732.946790</timestamp>
			</report>
			<report>
				<misses>3058001</misses>
				<total>37</total>
				<timestamp>733.186504</timestamp>
			</report>
			<report>
				<misses>3059001</misses>
				<total>37</total>
				<timestamp>733.426248</timestamp>
			</report>
			<report>
				<misses>3060001</misses>
				<total>37</total>
				<timestamp>733.666017</timestamp>
			</report>
			<report>
				<misses>3061001</misses>
				<total>37</total>
				<timestamp>733.905884</timestamp>
			</report>
			<report>
				<misses>3062001</misses>
				<total>37</total>
				<timestamp>734.145552</timestamp>
			</report>
			<report>
				<misses>3063001</misses>
				<total>36</total>
				<timestamp>734.385370</timestamp>
			</report>
			<report>
				<misses>3064001</misses>
				<total>36</total>
				<timestamp>734.625154</timestamp>
			</report>
			<report>
				<misses>3065001</misses>
				<total>37</total>
				<timestamp>734.864883</timestamp>
			</report>
			<report>
				<misses>3066001</misses>
				<total>36</total>
				<timestamp>735.104721</timestamp>
			</report>
			<report>
				<misses>3067001</misses>
				<total>36</total>
				<timestamp>735.344436</timestamp>
			</report>
			<report>
				<misses>3068001</misses>
				<total>37</total>
				<timestamp>735.584113</timestamp>
			</report>
			<report>
				<misses>3069001</misses>
				<total>39</total>
				<timestamp>735.823928</timestamp>
			</report>
			<report>
				<misses>3070001</misses>
				<total>39</total>
				<timestamp>736.063788</timestamp>
			</report>
			<report>
				<misses>3071001</misses>
				<total>39</total>
				<timestamp>736.303437</timestamp>
			</report>
			<report>
				<misses>3072001</misses>
				<total>39</total>
				<timestamp>736.543131</timestamp>
			</report>
			<report>
				<misses>3073001</misses>
				<total>39</total>
				<timestamp>736.782897</timestamp>
			</report>
			<report>
				<misses>3074001</misses>
				<total>39</total>
				<timestamp>737.022712</timestamp>
			</report>
			<report>
				<misses>3075001</misses>
				<total>39</total>
				<timestamp>737.262443</timestamp>
			</report>
			<report>
				<misses>3076001</misses>
				<total>39</total>
				<timestamp>737.502185</timestamp>
			</report>
			<report>
				<misses>3077001</misses>
				<total>38</total>
				<timestamp>737.742021</timestamp>
			</report>
			<report>
				<misses>3078001</misses>
				<total>39</total>
				<timestamp>737.981724</timestamp>
			</report>
			<report>
				<misses>3079001</misses>
				<total>39</total>
				<timestamp>738.221478</timestamp>
			</report>
			<report>
				<misses>3080001</misses>
				<total>39</total>
				<timestamp>738.461242</timestamp>
			</report>
			<report>
				<misses>3081001</misses>
				<total>38</total>
				<timestamp>738.701014</timestamp>
			</report>
			<report>
				<misses>3082001</misses>
				<total>39</total>
				<timestamp>738.940828</timestamp>
			</report>
			<report>
				<misses>3083001</misses>
				<total>38</total>
				<timestamp>739.180562</timestamp>
			</report>
			<report>
				<misses>3084001</misses>
				<total>39</total>
				<timestamp>739.420278</timestamp>
			</report>
			<report>
				<misses>3085001</misses>
				<total>39</total>
				<timestamp>739.660014</timestamp>
			</report>
			<report>
				<misses>3086001</misses>
				<total>38</total>
				<timestamp>739.899801</timestamp>
			</report>
			<report>
				<misses>3087001</misses>
				<total>39</total>
				<timestamp>740.139536</timestamp>
			</report>
			<report>
				<misses>3088001</misses>
				<total>39</total>
				<timestamp>740.379320</timestamp>
			</report>
			<report>
				<misses>3089001</misses>
				<total>39</total>
				<timestamp>740.619063</timestamp>
			</report>
			<report>
				<misses>3090001</misses>
				<total>39</total>
				<timestamp>740.858840</timestamp>
			</report>
			<report>
				<misses>3091001</misses>
				<total>39</total>
				<timestamp>741.098621</timestamp>
			</report>
			<report>
				<misses>3092001</misses>
				<total>39</total>
				<timestamp>741.338350</timestamp>
			</report>
			<report>
				<misses>3093001</misses>
				<total>39</total>
				<timestamp>741.578112</timestamp>
			</report>
			<report>
				<misses>3094001</misses>
				<total>38</total>
				<timestamp>741.817981</timestamp>
			</report>
			<report>
				<misses>3095001</misses>
				<total>39</total>
				<timestamp>742.057659</timestamp>
			</report>
			<report>
				<misses>3096001</misses>
				<total>39</total>
				<timestamp>742.297377</timestamp>
			</report>
			<report>
				<misses>3097001</misses>
				<total>39</total>
				<timestamp>742.537130</timestamp>
			</report>
			<report>
				<misses>3098001</misses>
				<total>39</total>
				<timestamp>742.776899</timestamp>
			</report>
			<report>
				<misses>3099001</misses>
				<total>39</total>
				<timestamp>743.016703</timestamp>
			</report>
			<report>
				<misses>3100001</misses>
				<total>39</total>
				<timestamp>743.256463</timestamp>
			</report>
			<report>
				<misses>3101001</misses>
				<total>39</total>
				<timestamp>743.496193</timestamp>
			</report>
			<report>
				<misses>3102001</misses>
				<total>39</total>
				<timestamp>743.735951</timestamp>
			</report>
			<report>
				<misses>3103001</misses>
				<total>38</total>
				<timestamp>743.975771</timestamp>
			</report>
			<report>
				<misses>3104001</misses>
				<total>38</total>
				<timestamp>744.215602</timestamp>
			</report>
			<report>
				<misses>3105001</misses>
				<total>39</total>
				<timestamp>744.455212</timestamp>
			</report>
			<report>
				<misses>3106001</misses>
				<total>39</total>
				<timestamp>744.695043</timestamp>
			</report>
			<report>
				<misses>3107001</misses>
				<total>39</total>
				<timestamp>744.934818</timestamp>
			</report>
			<report>
				<misses>3108001</misses>
				<total>39</total>
				<timestamp>745.174507</timestamp>
			</report>
			<report>
				<misses>3109001</misses>
				<total>38</total>
				<timestamp>745.414334</timestamp>
			</report>
			<report>
				<misses>3110001</misses>
				<total>39</total>
				<timestamp>745.654065</timestamp>
			</report>
			<report>
				<misses>3111001</misses>
				<total>38</total>
				<timestamp>745.893823</timestamp>
			</report>
			<report>
				<misses>3112001</misses>
				<total>39</total>
				<timestamp>746.133622</timestamp>
			</report>
			<report>
				<misses>3113001</misses>
				<total>39</total>
				<timestamp>746.373328</timestamp>
			</report>
			<report>
				<misses>3114001</misses>
				<total>39</total>
				<timestamp>746.613064</timestamp>
			</report>
			<report>
				<misses>3115001</misses>
				<total>39</total>
				<timestamp>746.852841</timestamp>
			</report>
			<report>
				<misses>3116001</misses>
				<total>39</total>
				<timestamp>747.092626</timestamp>
			</report>
			<report>
				<misses>3117001</misses>
				<total>39</total>
				<timestamp>747.332339</timestamp>
			</report>
			<report>
				<misses>3118001</misses>
				<total>39</total>
				<timestamp>747.572095</timestamp>
			</report>
			<report>
				<misses>3119001</misses>
				<total>39</total>
				<timestamp>747.811864</timestamp>
			</report>
			<report>
				<misses>3120001</misses>
				<total>38</total>
				<timestamp>748.051759</timestamp>
			</report>
			<report>
				<misses>3121001</misses>
				<total>39</total>
				<timestamp>748.291407</timestamp>
			</report>
			<report>
				<misses>3122001</misses>
				<total>39</total>
				<timestamp>748.531190</timestamp>
			</report>
			<report>
				<misses>3123001</misses>
				<total>39</total>
				<timestamp>748.770974</timestamp>
			</report>
			<report>
				<misses>3124001</misses>
				<total>38</total>
				<timestamp>749.010823</timestamp>
			</report>
			<report>
				<misses>3125001</misses>
				<total>38</total>
				<timestamp>749.250524</timestamp>
			</report>
			<report>
				<misses>3126001</misses>
				<total>38</total>
				<timestamp>749.490221</timestamp>
			</report>
			<report>
				<misses>3127001</misses>
				<total>39</total>
				<timestamp>749.729958</timestamp>
			</report>
			<report>
				<misses>3128001</misses>
				<total>39</total>
				<timestamp>749.969716</timestamp>
			</report>
			<report>
				<misses>3129001</misses>
				<total>38</total>
				<timestamp>750.209571</timestamp>
			</report>
			<report>
				<misses>3130001</misses>
				<total>39</total>
				<timestamp>750.449231</timestamp>
			</report>
			<report>
				<misses>3131001</misses>
				<total>38</total>
				<timestamp>750.689063</timestamp>
			</report>
			<report>
				<misses>3132001</misses>
				<total>39</total>
				<timestamp>750.928806</timestamp>
			</report>
			<report>
				<misses>3133001</misses>
				<total>39</total>
				<timestamp>751.168598</timestamp>
			</report>
			<report>
				<misses>3134001</misses>
				<total>39</total>
				<timestamp>751.408273</timestamp>
			</report>
			<report>
				<misses>3135001</misses>
				<total>39</total>
				<timestamp>751.648028</timestamp>
			</report>
			<report>
				<misses>3136001</misses>
				<total>39</total>
				<timestamp>751.887821</timestamp>
			</report>
			<report>
				<misses>3137001</misses>
				<total>39</total>
				<timestamp>752.127550</timestamp>
			</report>
			<report>
				<misses>3138001</misses>
				<total>38</total>
				<timestamp>752.367411</timestamp>
			</report>
			<report>
				<misses>3139001</misses>
				<total>39</total>
				<timestamp>752.607068</timestamp>
			</report>
			<report>
				<misses>3140001</misses>
				<total>39</total>
				<timestamp>752.846854</timestamp>
			</report>
			<report>
				<misses>3141001</misses>
				<total>38</total>
				<timestamp>753.086713</timestamp>
			</report>
			<report>
				<misses>3142001</misses>
				<total>39</total>
				<timestamp>753.326351</timestamp>
			</report>
			<report>
				<misses>3143001</misses>
				<total>39</total>
				<timestamp>753.566099</timestamp>
			</report>
			<report>
				<misses>3144001</misses>
				<total>39</total>
				<timestamp>753.805885</timestamp>
			</report>
			<report>
				<misses>3145001</misses>
				<total>38</total>
				<timestamp>754.045806</timestamp>
			</report>
			<report>
				<misses>3146001</misses>
				<total>39</total>
				<timestamp>754.285391</timestamp>
			</report>
			<report>
				<misses>3147001</misses>
				<total>39</total>
				<timestamp>754.525152</timestamp>
			</report>
			<report>
				<misses>3148001</misses>
				<total>39</total>
				<timestamp>754.764909</timestamp>
			</report>
			<report>
				<misses>3149001</misses>
				<total>39</total>
				<timestamp>755.004685</timestamp>
			</report>
			<report>
				<misses>3150001</misses>
				<total>38</total>
				<timestamp>755.244547</timestamp>
			</report>
			<report>
				<misses>3151001</misses>
				<total>39</total>
				<timestamp>755.484182</timestamp>
			</report>
			<report>
				<misses>3152001</misses>
				<total>39</total>
				<timestamp>755.723933</timestamp>
			</report>
			<report>
				<misses>3153001</misses>
				<total>39</total>
				<timestamp>755.963774</timestamp>
			</report>
			<report>
				<misses>3154001</misses>
				<total>39</total>
				<timestamp>756.203483</timestamp>
			</report>
			<report>
				<misses>3155001</misses>
				<total>39</total>
				<timestamp>756.443216</timestamp>
			</report>
			<report>
				<misses>3156001</misses>
				<total>39</total>
				<timestamp>756.682996</timestamp>
			</report>
			<report>
				<misses>3157001</misses>
				<total>39</total>
				<timestamp>756.922760</timestamp>
			</report>
			<report>
				<misses>3158001</misses>
				<total>39</total>
				<timestamp>757.162589</timestamp>
			</report>
			<report>
				<misses>3159001</misses>
				<total>39</total>
				<timestamp>757.402335</timestamp>
			</report>
			<report>
				<misses>3160001</misses>
				<total>39</total>
				<timestamp>757.642022</timestamp>
			</report>
			<report>
				<misses>3161001</misses>
				<total>39</total>
				<timestamp>757.881814</timestamp>
			</report>
			<report>
				<misses>3162001</misses>
				<total>39</total>
				<timestamp>758.121576</timestamp>
			</report>
			<report>
				<misses>3163001</misses>
				<total>39</total>
				<timestamp>758.361292</timestamp>
			</report>
			<report>
				<misses>3164001</misses>
				<total>38</total>
				<timestamp>758.601173</timestamp>
			</report>
			<report>
				<misses>3165001</misses>
				<total>39</total>
				<timestamp>758.840891</timestamp>
			</report>
			<report>
				<misses>3166001</misses>
				<total>39</total>
				<timestamp>759.080642</timestamp>
			</report>
			<report>
				<misses>3167001</misses>
				<total>39</total>
				<timestamp>759.320356</timestamp>
			</report>
			<report>
				<misses>3168001</misses>
				<total>39</total>
				<timestamp>759.560088</timestamp>
			</report>
			<report>
				<misses>3169001</misses>
				<total>39</total>
				<timestamp>759.799853</timestamp>
			</report>
			<report>
				<misses>3170001</misses>
				<total>39</total>
				<timestamp>760.039654</timestamp>
			</report>
			<report>
				<misses>3171001</misses>
				<total>38</total>
				<timestamp>760.279528</timestamp>
			</report>
			<report>
				<misses>3172001</misses>
				<total>39</total>
				<timestamp>760.519128</timestamp>
			</report>
			<report>
				<misses>3173001</misses>
				<total>39</total>
				<timestamp>760.758903</timestamp>
			</report>
			<report>
				<misses>3174001</misses>
				<total>39</total>
				<timestamp>760.998714</timestamp>
			</report>
			<report>
				<misses>3175001</misses>
				<total>39</total>
				<timestamp>761.238506</timestamp>
			</report>
			<report>
				<misses>3176001</misses>
				<total>39</total>
				<timestamp>761.478184</timestamp>
			</report>
			<report>
				<misses>3177001</misses>
				<total>39</total>
				<timestamp>761.717952</timestamp>
			</report>
			<report>
				<misses>3178001</misses>
				<total>39</total>
				<timestamp>761.957745</timestamp>
			</report>
			<report>
				<misses>3179001</misses>
				<total>39</total>
				<timestamp>762.197527</timestamp>
			</report>
			<report>
				<misses>3180001</misses>
				<total>39</total>
				<timestamp>762.437222</timestamp>
			</report>
			<report>
				<misses>3181001</misses>
				<total>38</total>
				<timestamp>762.677045</timestamp>
			</report>
			<report>
				<misses>3182001</misses>
				<total>38</total>
				<timestamp>762.916900</timestamp>
			</report>
			<report>
				<misses>3183001</misses>
				<total>39</total>
				<timestamp>763.156568</timestamp>
			</report>
			<report>
				<misses>3184001</misses>
				<total>39</total>
				<timestamp>763.396283</timestamp>
			</report>
			<report>
				<misses>3185001</misses>
				<total>39</total>
				<timestamp>763.636013</timestamp>
			</report>
			<report>
				<misses>3186001</misses>
				<total>39</total>
				<timestamp>763.875798</timestamp>
			</report>
			<report>
				<misses>3187001</misses>
				<total>39</total>
				<timestamp>764.115551</timestamp>
			</report>
			<report>
				<misses>3188001</misses>
				<total>38</total>
				<timestamp>764.355376</timestamp>
			</report>
			<report>
				<misses>3189001</misses>
				<total>39</total>
				<timestamp>764.595059</timestamp>
			</report>
			<report>
				<misses>3190001</misses>
				<total>39</total>
				<timestamp>764.834856</timestamp>
			</report>
			<report>
				<misses>3191001</misses>
				<total>39</total>
				<timestamp>765.074596</timestamp>
			</report>
			<report>
				<misses>3192001</misses>
				<total>39</total>
				<timestamp>765.314398</timestamp>
			</report>
			<report>
				<misses>3193001</misses>
				<total>39</total>
				<timestamp>765.554100</timestamp>
			</report>
			<report>
				<misses>3194001</misses>
				<total>39</total>
				<timestamp>765.793878</timestamp>
			</report>
			<report>
				<misses>3195001</misses>
				<total>39</total>
				<timestamp>766.033634</timestamp>
			</report>
			<report>
				<misses>3196001</misses>
				<total>38</total>
				<timestamp>766.273479</timestamp>
			</report>
			<report>
				<misses>3197001</misses>
				<total>39</total>
				<timestamp>766.513181</timestamp>
			</report>
			<report>
				<misses>3198001</misses>
				<total>39</total>
				<timestamp>766.752897</timestamp>
			</report>
			<report>
				<misses>3199001</misses>
				<total>38</total>
				<timestamp>766.992712</timestamp>
			</report>
			<report>
				<misses>3200001</misses>
				<total>39</total>
				<timestamp>767.232475</timestamp>
			</report>
			<report>
				<misses>3201001</misses>
				<total>39</total>
				<timestamp>767.472192</timestamp>
			</report>
			<report>
				<misses>3202001</misses>
				<total>39</total>
				<timestamp>767.711940</timestamp>
			</report>
			<report>
				<misses>3203001</misses>
				<total>39</total>
				<timestamp>767.951703</timestamp>
			</report>
			<report>
				<misses>3204001</misses>
				<total>39</total>
				<timestamp>768.191547</timestamp>
			</report>
			<report>
				<misses>3205001</misses>
				<total>40</total>
				<timestamp>768.431222</timestamp>
			</report>
			<report>
				<misses>3206001</misses>
				<total>39</total>
				<timestamp>768.671073</timestamp>
			</report>
			<report>
				<misses>3207001</misses>
				<total>39</total>
				<timestamp>768.910770</timestamp>
			</report>
			<report>
				<misses>3208001</misses>
				<total>40</total>
				<timestamp>769.150553</timestamp>
			</report>
			<report>
				<misses>3209001</misses>
				<total>40</total>
				<timestamp>769.390297</timestamp>
			</report>
			<report>
				<misses>3210001</misses>
				<total>40</total>
				<timestamp>769.630040</timestamp>
			</report>
			<report>
				<misses>3211001</misses>
				<total>40</total>
				<timestamp>769.869824</timestamp>
			</report>
			<report>
				<misses>3212001</misses>
				<total>40</total>
				<timestamp>770.109524</timestamp>
			</report>
			<report>
				<misses>3213001</misses>
				<total>40</total>
				<timestamp>770.349366</timestamp>
			</report>
			<report>
				<misses>3214001</misses>
				<total>40</total>
				<timestamp>770.589064</timestamp>
			</report>
			<report>
				<misses>3215001</misses>
				<total>40</total>
				<timestamp>770.828809</timestamp>
			</report>
			<report>
				<misses>3216001</misses>
				<total>40</total>
				<timestamp>771.068602</timestamp>
			</report>
			<report>
				<misses>3217001</misses>
				<total>40</total>
				<timestamp>771.308333</timestamp>
			</report>
			<report>
				<misses>3218001</misses>
				<total>40</total>
				<timestamp>771.548080</timestamp>
			</report>
			<report>
				<misses>3219001</misses>
				<total>40</total>
				<timestamp>771.787857</timestamp>
			</report>
			<report>
				<misses>3220001</misses>
				<total>40</total>
				<timestamp>772.027668</timestamp>
			</report>
			<report>
				<misses>3221001</misses>
				<total>40</total>
				<timestamp>772.267393</timestamp>
			</report>
			<report>
				<misses>3222001</misses>
				<total>40</total>
				<timestamp>772.507128</timestamp>
			</report>
			<report>
				<misses>3223001</misses>
				<total>40</total>
				<timestamp>772.746938</timestamp>
			</report>
			<report>
				<misses>3224001</misses>
				<total>39</total>
				<timestamp>772.986687</timestamp>
			</report>
			<report>
				<misses>3225001</misses>
				<total>40</total>
				<timestamp>773.226548</timestamp>
			</report>
			<report>
				<misses>3226001</misses>
				<total>40</total>
				<timestamp>773.466193</timestamp>
			</report>
			<report>
				<misses>3227001</misses>
				<total>40</total>
				<timestamp>773.705954</timestamp>
			</report>
			<report>
				<misses>3228001</misses>
				<total>39</total>
				<timestamp>773.945807</timestamp>
			</report>
			<report>
				<misses>3229001</misses>
				<total>39</total>
				<timestamp>774.185570</timestamp>
			</report>
			<report>
				<misses>3230001</misses>
				<total>40</total>
				<timestamp>774.425209</timestamp>
			</report>
			<report>
				<misses>3231001</misses>
				<total>40</total>
				<timestamp>774.664975</timestamp>
			</report>
			<report>
				<misses>3232001</misses>
				<total>40</total>
				<timestamp>774.904752</timestamp>
			</report>
			<report>
				<misses>3233001</misses>
				<total>40</total>
				<timestamp>775.144507</timestamp>
			</report>
			<report>
				<misses>3234001</misses>
				<total>40</total>
				<timestamp>775.384283</timestamp>
			</report>
			<report>
				<misses>3235001</misses>
				<total>40</total>
				<timestamp>775.624015</timestamp>
			</report>
			<report>
				<misses>3236001</misses>
				<total>40</total>
				<timestamp>775.863775</timestamp>
			</report>
			<report>
				<misses>3237001</misses>
				<total>40</total>
				<timestamp>776.103545</timestamp>
			</report>
			<report>
				<misses>3238001</misses>
				<total>40</total>
				<timestamp>776.343316</timestamp>
			</report>
			<report>
				<misses>3239001</misses>
				<total>40</total>
				<timestamp>776.583092</timestamp>
			</report>
			<report>
				<misses>3240001</misses>
				<total>40</total>
				<timestamp>776.822816</timestamp>
			</report>
			<report>
				<misses>3241001</misses>
				<total>40</total>
				<timestamp>777.062636</timestamp>
			</report>
			<report>
				<misses>3242001</misses>
				<total>40</total>
				<timestamp>777.302320</timestamp>
			</report>
			<report>
				<misses>3243001</misses>
				<total>40</total>
				<timestamp>777.542110</timestamp>
			</report>
			<report>
				<misses>3244001</misses>
				<total>40</total>
				<timestamp>777.781848</timestamp>
			</report>
			<report>
				<misses>3245001</misses>
				<total>40</total>
				<timestamp>778.021659</timestamp>
			</report>
			<report>
				<misses>3246001</misses>
				<total>40</total>
				<timestamp>778.261389</timestamp>
			</report>
			<report>
				<misses>3247001</misses>
				<total>40</total>
				<timestamp>778.501140</timestamp>
			</report>
			<report>
				<misses>3248001</misses>
				<total>39</total>
				<timestamp>778.740998</timestamp>
			</report>
			<report>
				<misses>3249001</misses>
				<total>39</total>
				<timestamp>778.980726</timestamp>
			</report>
			<report>
				<misses>3250001</misses>
				<total>40</total>
				<timestamp>779.220473</timestamp>
			</report>
			<report>
				<misses>3251001</misses>
				<total>40</total>
				<timestamp>779.460206</timestamp>
			</report>
			<report>
				<misses>3252001</misses>
				<total>39</total>
				<timestamp>779.700035</timestamp>
			</report>
			<report>
				<misses>3253001</misses>
				<total>39</total>
				<timestamp>779.939821</timestamp>
			</report>
			<report>
				<misses>3254001</misses>
				<total>39</total>
				<timestamp>780.179559</timestamp>
			</report>
			<report>
				<misses>3255001</misses>
				<total>39</total>
				<timestamp>780.419318</timestamp>
			</report>
			<report>
				<misses>3256001</misses>
				<total>39</total>
				<timestamp>780.658991</timestamp>
			</report>
			<report>
				<misses>3257001</misses>
				<total>40</total>
				<timestamp>780.898788</timestamp>
			</report>
			<report>
				<misses>3258001</misses>
				<total>40</total>
				<timestamp>781.138546</timestamp>
			</report>
			<report>
				<misses>3259001</misses>
				<total>39</total>
				<timestamp>781.378362</timestamp>
			</report>
			<report>
				<misses>3260001</misses>
				<total>40</total>
				<timestamp>781.618040</timestamp>
			</report>
			<report>
				<misses>3261001</misses>
				<total>40</total>
				<timestamp>781.857781</timestamp>
			</report>
			<report>
				<misses>3262001</misses>
				<total>39</total>
				<timestamp>782.097639</timestamp>
			</report>
			<report>
				<misses>3263001</misses>
				<total>39</total>
				<timestamp>782.337375</timestamp>
			</report>
			<report>
				<misses>3264001</misses>
				<total>40</total>
				<timestamp>782.577094</timestamp>
			</report>
			<report>
				<misses>3265001</misses>
				<total>41</total>
				<timestamp>782.816822</timestamp>
			</report>
			<report>
				<misses>3266001</misses>
				<total>41</total>
				<timestamp>783.056608</timestamp>
			</report>
			<report>
				<misses>3267001</misses>
				<total>40</total>
				<timestamp>783.296486</timestamp>
			</report>
			<report>
				<misses>3268001</misses>
				<total>40</total>
				<timestamp>783.536149</timestamp>
			</report>
			<report>
				<misses>3269001</misses>
				<total>40</total>
				<timestamp>783.775879</timestamp>
			</report>
			<report>
				<misses>3270001</misses>
				<total>41</total>
				<timestamp>784.015632</timestamp>
			</report>
			<report>
				<misses>3271001</misses>
				<total>41</total>
				<timestamp>784.255441</timestamp>
			</report>
			<report>
				<misses>3272001</misses>
				<total>40</total>
				<timestamp>784.495238</timestamp>
			</report>
			<report>
				<misses>3273001</misses>
				<total>41</total>
				<timestamp>784.734900</timestamp>
			</report>
			<report>
				<misses>3274001</misses>
				<total>41</total>
				<timestamp>784.974663</timestamp>
			</report>
			<report>
				<misses>3275001</misses>
				<total>41</total>
				<timestamp>785.214431</timestamp>
			</report>
			<report>
				<misses>3276001</misses>
				<total>41</total>
				<timestamp>785.454188</timestamp>
			</report>
			<report>
				<misses>3277001</misses>
				<total>41</total>
				<timestamp>785.693947</timestamp>
			</report>
			<report>
				<misses>3278001</misses>
				<total>41</total>
				<timestamp>785.933700</timestamp>
			</report>
			<report>
				<misses>3279001</misses>
				<total>41</total>
				<timestamp>786.173453</timestamp>
			</report>
			<report>
				<misses>3280001</misses>
				<total>41</total>
				<timestamp>786.413210</timestamp>
			</report>
			<report>
				<misses>3281001</misses>
				<total>41</total>
				<timestamp>786.652982</timestamp>
			</report>
			<report>
				<misses>3282001</misses>
				<total>41</total>
				<timestamp>786.892737</timestamp>
			</report>
			<report>
				<misses>3283001</misses>
				<total>40</total>
				<timestamp>787.132530</timestamp>
			</report>
			<report>
				<misses>3284001</misses>
				<total>41</total>
				<timestamp>787.372248</timestamp>
			</report>
			<report>
				<misses>3285001</misses>
				<total>41</total>
				<timestamp>787.612042</timestamp>
			</report>
			<report>
				<misses>3286001</misses>
				<total>41</total>
				<timestamp>787.851819</timestamp>
			</report>
			<report>
				<misses>3287001</misses>
				<total>41</total>
				<timestamp>788.091585</timestamp>
			</report>
			<report>
				<misses>3288001</misses>
				<total>41</total>
				<timestamp>788.331289</timestamp>
			</report>
			<report>
				<misses>3289001</misses>
				<total>41</total>
				<timestamp>788.571050</timestamp>
			</report>
			<report>
				<misses>3290001</misses>
				<total>41</total>
				<timestamp>788.810816</timestamp>
			</report>
			<report>
				<misses>3291001</misses>
				<total>41</total>
				<timestamp>789.050646</timestamp>
			</report>
			<report>
				<misses>3292001</misses>
				<total>40</total>
				<timestamp>789.290471</timestamp>
			</report>
			<report>
				<misses>3293001</misses>
				<total>40</total>
				<timestamp>789.530192</timestamp>
			</report>
			<report>
				<misses>3294001</misses>
				<total>41</total>
				<timestamp>789.769877</timestamp>
			</report>
			<report>
				<misses>3295001</misses>
				<total>43</total>
				<timestamp>790.009723</timestamp>
			</report>
			<report>
				<misses>3296001</misses>
				<total>43</total>
				<timestamp>790.249515</timestamp>
			</report>
			<report>
				<misses>3297001</misses>
				<total>44</total>
				<timestamp>790.489191</timestamp>
			</report>
			<report>
				<misses>3298001</misses>
				<total>44</total>
				<timestamp>790.728898</timestamp>
			</report>
			<report>
				<misses>3299001</misses>
				<total>43</total>
				<timestamp>790.968776</timestamp>
			</report>
			<report>
				<misses>3300001</misses>
				<total>44</total>
				<timestamp>791.208586</timestamp>
			</report>
			<report>
				<misses>3301001</misses>
				<total>44</total>
				<timestamp>791.448181</timestamp>
			</report>
			<report>
				<misses>3302001</misses>
				<total>44</total>
				<timestamp>791.687933</timestamp>
			</report>
			<report>
				<misses>3303001</misses>
				<total>43</total>
				<timestamp>791.927734</timestamp>
			</report>
			<report>
				<misses>3304001</misses>
				<total>44</total>
				<timestamp>792.167459</timestamp>
			</report>
			<report>
				<misses>3305001</misses>
				<total>44</total>
				<timestamp>792.407218</timestamp>
			</report>
			<report>
				<misses>3306001</misses>
				<total>44</total>
				<timestamp>792.646980</timestamp>
			</report>
			<report>
				<misses>3307001</misses>
				<total>44</total>
				<timestamp>792.886768</timestamp>
			</report>
			<report>
				<misses>3308001</misses>
				<total>44</total>
				<timestamp>793.126543</timestamp>
			</report>
			<report>
				<misses>3309001</misses>
				<total>44</total>
				<timestamp>793.366262</timestamp>
			</report>
			<report>
				<misses>3310001</misses>
				<total>44</total>
				<timestamp>793.606032</timestamp>
			</report>
			<report>
				<misses>3311001</misses>
				<total>44</total>
				<timestamp>793.845791</timestamp>
			</report>
			<report>
				<misses>3312001</misses>
				<total>43</total>
				<timestamp>794.085643</timestamp>
			</report>
			<report>
				<misses>3313001</misses>
				<total>43</total>
				<timestamp>794.325421</timestamp>
			</report>
			<report>
				<misses>3314001</misses>
				<total>43</total>
				<timestamp>794.565112</timestamp>
			</report>
			<report>
				<misses>3315001</misses>
				<total>43</total>
				<timestamp>794.804946</timestamp>
			</report>
			<report>
				<misses>3316001</misses>
				<total>43</total>
				<timestamp>795.044688</timestamp>
			</report>
			<report>
				<misses>3317001</misses>
				<total>43</total>
				<timestamp>795.284412</timestamp>
			</report>
			<report>
				<misses>3318001</misses>
				<total>43</total>
				<timestamp>795.524224</timestamp>
			</report>
			<report>
				<misses>3319001</misses>
				<total>44</total>
				<timestamp>795.763953</timestamp>
			</report>
			<report>
				<misses>3320001</misses>
				<total>44</total>
				<timestamp>796.003612</timestamp>
			</report>
			<report>
				<misses>3321001</misses>
				<total>44</total>
				<timestamp>796.243372</timestamp>
			</report>
			<report>
				<misses>3322001</misses>
				<total>44</total>
				<timestamp>796.483145</timestamp>
			</report>
			<report>
				<misses>3323001</misses>
				<total>44</total>
				<timestamp>796.722934</timestamp>
			</report>
			<report>
				<misses>3324001</misses>
				<total>44</total>
				<timestamp>796.962661</timestamp>
			</report>
			<report>
				<misses>3325001</misses>
				<total>44</total>
				<timestamp>797.202460</timestamp>
			</report>
			<report>
				<misses>3326001</misses>
				<total>44</total>
				<timestamp>797.442192</timestamp>
			</report>
			<report>
				<misses>3327001</misses>
				<total>44</total>
				<timestamp>797.681929</timestamp>
			</report>
			<report>
				<misses>3328001</misses>
				<total>44</total>
				<timestamp>797.921710</timestamp>
			</report>
			<report>
				<misses>3329001</misses>
				<total>44</total>
				<timestamp>798.161548</timestamp>
			</report>
			<report>
				<misses>3330001</misses>
				<total>44</total>
				<timestamp>798.401334</timestamp>
			</report>
			<report>
				<misses>3331001</misses>
				<total>44</total>
				<timestamp>798.640996</timestamp>
			</report>
			<report>
				<misses>3332001</misses>
				<total>44</total>
				<timestamp>798.880768</timestamp>
			</report>
			<report>
				<misses>3333001</misses>
				<total>44</total>
				<timestamp>799.120516</timestamp>
			</report>
			<report>
				<misses>3334001</misses>
				<total>44</total>
				<timestamp>799.360300</timestamp>
			</report>
			<report>
				<misses>3335001</misses>
				<total>44</total>
				<timestamp>799.600024</timestamp>
			</report>
			<report>
				<misses>3336001</misses>
				<total>44</total>
				<timestamp>799.839792</timestamp>
			</report>
			<report>
				<misses>3337001</misses>
				<total>44</total>
				<timestamp>800.079570</timestamp>
			</report>
			<report>
				<misses>3338001</misses>
				<total>43</total>
				<timestamp>800.319483</timestamp>
			</report>
			<report>
				<misses>3339001</misses>
				<total>44</total>
				<timestamp>800.559067</timestamp>
			</report>
			<report>
				<misses>3340001</misses>
				<total>44</total>
				<timestamp>800.798831</timestamp>
			</report>
			<report>
				<misses>3341001</misses>
				<total>43</total>
				<timestamp>801.038634</timestamp>
			</report>
			<report>
				<misses>3342001</misses>
				<total>44</total>
				<timestamp>801.278409</timestamp>
			</report>
			<report>
				<misses>3343001</misses>
				<total>44</total>
				<timestamp>801.518119</timestamp>
			</report>
			<report>
				<misses>3344001</misses>
				<total>44</total>
				<timestamp>801.757866</timestamp>
			</report>
			<report>
				<misses>3345001</misses>
				<total>43</total>
				<timestamp>801.997639</timestamp>
			</report>
			<report>
				<misses>3346001</misses>
				<total>44</total>
				<timestamp>802.237385</timestamp>
			</report>
			<report>
				<misses>3347001</misses>
				<total>43</total>
				<timestamp>802.477262</timestamp>
			</report>
			<report>
				<misses>3348001</misses>
				<total>44</total>
				<timestamp>802.716892</timestamp>
			</report>
			<report>
				<misses>3349001</misses>
				<total>44</total>
				<timestamp>802.956657</timestamp>
			</report>
			<report>
				<misses>3350001</misses>
				<total>43</total>
				<timestamp>803.196437</timestamp>
			</report>
			<report>
				<misses>3351001</misses>
				<total>44</total>
				<timestamp>803.436216</timestamp>
			</report>
			<report>
				<misses>3352001</misses>
				<total>44</total>
				<timestamp>803.675956</timestamp>
			</report>
			<report>
				<misses>3353001</misses>
				<total>44</total>
				<timestamp>803.915726</timestamp>
			</report>
			<report>
				<misses>3354001</misses>
				<total>43</total>
				<timestamp>804.155594</timestamp>
			</report>
			<report>
				<misses>3355001</misses>
				<total>44</total>
				<timestamp>804.395267</timestamp>
			</report>
			<report>
				<misses>3356001</misses>
				<total>43</total>
				<timestamp>804.635111</timestamp>
			</report>
			<report>
				<misses>3357001</misses>
				<total>44</total>
				<timestamp>804.874741</timestamp>
			</report>
			<report>
				<misses>3358001</misses>
				<total>43</total>
				<timestamp>805.114593</timestamp>
			</report>
			<report>
				<misses>3359001</misses>
				<total>44</total>
				<timestamp>805.354296</timestamp>
			</report>
			<report>
				<misses>3360001</misses>
				<total>44</total>
				<timestamp>805.594068</timestamp>
			</report>
			<report>
				<misses>3361001</misses>
				<total>44</total>
				<timestamp>805.833794</timestamp>
			</report>
			<report>
				<misses>3362001</misses>
				<total>44</total>
				<timestamp>806.073559</timestamp>
			</report>
			<report>
				<misses>3363001</misses>
				<total>44</total>
				<timestamp>806.313345</timestamp>
			</report>
			<report>
				<misses>3364001</misses>
				<total>44</total>
				<timestamp>806.553131</timestamp>
			</report>
			<report>
				<misses>3365001</misses>
				<total>44</total>
				<timestamp>806.792848</timestamp>
			</report>
			<report>
				<misses>3366001</misses>
				<total>43</total>
				<timestamp>807.032608</timestamp>
			</report>
			<report>
				<misses>3367001</misses>
				<total>44</total>
				<timestamp>807.272353</timestamp>
			</report>
			<report>
				<misses>3368001</misses>
				<total>44</total>
				<timestamp>807.512128</timestamp>
			</report>
			<report>
				<misses>3369001</misses>
				<total>43</total>
				<timestamp>807.751916</timestamp>
			</report>
			<report>
				<misses>3370001</misses>
				<total>44</total>
				<timestamp>807.991624</timestamp>
			</report>
			<report>
				<misses>3371001</misses>
				<total>44</total>
				<timestamp>808.231387</timestamp>
			</report>
			<report>
				<misses>3372001</misses>
				<total>44</total>
				<timestamp>808.471194</timestamp>
			</report>
			<report>
				<misses>3373001</misses>
				<total>44</total>
				<timestamp>808.710916</timestamp>
			</report>
			<report>
				<misses>3374001</misses>
				<total>44</total>
				<timestamp>808.950706</timestamp>
			</report>
			<report>
				<misses>3375001</misses>
				<total>44</total>
				<timestamp>809.190414</timestamp>
			</report>
			<report>
				<misses>3376001</misses>
				<total>44</total>
				<timestamp>809.430259</timestamp>
			</report>
			<report>
				<misses>3377001</misses>
				<total>44</total>
				<timestamp>809.669952</timestamp>
			</report>
			<report>
				<misses>3378001</misses>
				<total>44</total>
				<timestamp>809.909687</timestamp>
			</report>
			<report>
				<misses>3379001</misses>
				<total>44</total>
				<timestamp>810.149460</timestamp>
			</report>
			<report>
				<misses>3380001</misses>
				<total>43</total>
				<timestamp>810.389354</timestamp>
			</report>
			<report>
				<misses>3381001</misses>
				<total>43</total>
				<timestamp>810.629011</timestamp>
			</report>
			<report>
				<misses>3382001</misses>
				<total>44</total>
				<timestamp>810.868761</timestamp>
			</report>
			<report>
				<misses>3383001</misses>
				<total>44</total>
				<timestamp>811.108499</timestamp>
			</report>
			<report>
				<misses>3384001</misses>
				<total>44</total>
				<timestamp>811.348278</timestamp>
			</report>
			<report>
				<misses>3385001</misses>
				<total>44</total>
				<timestamp>811.588033</timestamp>
			</report>
			<report>
				<misses>3386001</misses>
				<total>44</total>
				<timestamp>811.827791</timestamp>
			</report>
			<report>
				<misses>3387001</misses>
				<total>44</total>
				<timestamp>812.067559</timestamp>
			</report>
			<report>
				<misses>3388001</misses>
				<total>44</total>
				<timestamp>812.307350</timestamp>
			</report>
			<report>
				<misses>3389001</misses>
				<total>45</total>
				<timestamp>812.547061</timestamp>
			</report>
			<report>
				<misses>3390001</misses>
				<total>45</total>
				<timestamp>812.786808</timestamp>
			</report>
			<report>
				<misses>3391001</misses>
				<total>45</total>
				<timestamp>813.026571</timestamp>
			</report>
			<report>
				<misses>3392001</misses>
				<total>44</total>
				<timestamp>813.266422</timestamp>
			</report>
			<report>
				<misses>3393001</misses>
				<total>45</total>
				<timestamp>813.506113</timestamp>
			</report>
			<report>
				<misses>3394001</misses>
				<total>45</total>
				<timestamp>813.745874</timestamp>
			</report>
			<report>
				<misses>3395001</misses>
				<total>45</total>
				<timestamp>813.985627</timestamp>
			</report>
			<report>
				<misses>3396001</misses>
				<total>44</total>
				<timestamp>814.225433</timestamp>
			</report>
			<report>
				<misses>3397001</misses>
				<total>45</total>
				<timestamp>814.465161</timestamp>
			</report>
			<report>
				<misses>3398001</misses>
				<total>45</total>
				<timestamp>814.704903</timestamp>
			</report>
			<report>
				<misses>3399001</misses>
				<total>45</total>
				<timestamp>814.944645</timestamp>
			</report>
			<report>
				<misses>3400001</misses>
				<total>45</total>
				<timestamp>815.184453</timestamp>
			</report>
			<report>
				<misses>3401001</misses>
				<total>45</total>
				<timestamp>815.424205</timestamp>
			</report>
			<report>
				<misses>3402001</misses>
				<total>45</total>
				<timestamp>815.663942</timestamp>
			</report>
			<report>
				<misses>3403001</misses>
				<total>45</total>
				<timestamp>815.903707</timestamp>
			</report>
			<report>
				<misses>3404001</misses>
				<total>45</total>
				<timestamp>816.143465</timestamp>
			</report>
			<report>
				<misses>3405001</misses>
				<total>45</total>
				<timestamp>816.383251</timestamp>
			</report>
			<report>
				<misses>3406001</misses>
				<total>45</total>
				<timestamp>816.622977</timestamp>
			</report>
			<report>
				<misses>3407001</misses>
				<total>45</total>
				<timestamp>816.862730</timestamp>
			</report>
			<report>
				<misses>3408001</misses>
				<total>45</total>
				<timestamp>817.102510</timestamp>
			</report>
			<report>
				<misses>3409001</misses>
				<total>47</total>
				<timestamp>817.342268</timestamp>
			</report>
			<report>
				<misses>3410001</misses>
				<total>47</total>
				<timestamp>817.582061</timestamp>
			</report>
			<report>
				<misses>3411001</misses>
				<total>47</total>
				<timestamp>817.821773</timestamp>
			</report>
			<report>
				<misses>3412001</misses>
				<total>47</total>
				<timestamp>818.061559</timestamp>
			</report>
			<report>
				<misses>3413001</misses>
				<total>47</total>
				<timestamp>818.301304</timestamp>
			</report>
			<report>
				<misses>3414001</misses>
				<total>47</total>
				<timestamp>818.541068</timestamp>
			</report>
			<report>
				<misses>3415001</misses>
				<total>47</total>
				<timestamp>818.780820</timestamp>
			</report>
			<report>
				<misses>3416001</misses>
				<total>47</total>
				<timestamp>819.020589</timestamp>
			</report>
			<report>
				<misses>3417001</misses>
				<total>46</total>
				<timestamp>819.260476</timestamp>
			</report>
			<report>
				<misses>3418001</misses>
				<total>47</total>
				<timestamp>819.500203</timestamp>
			</report>
			<report>
				<misses>3419001</misses>
				<total>47</total>
				<timestamp>819.739877</timestamp>
			</report>
			<report>
				<misses>3420001</misses>
				<total>46</total>
				<timestamp>819.979690</timestamp>
			</report>
			<report>
				<misses>3421001</misses>
				<total>47</total>
				<timestamp>820.219369</timestamp>
			</report>
			<report>
				<misses>3422001</misses>
				<total>47</total>
				<timestamp>820.459209</timestamp>
			</report>
			<report>
				<misses>3423001</misses>
				<total>47</total>
				<timestamp>820.698956</timestamp>
			</report>
			<report>
				<misses>3424001</misses>
				<total>47</total>
				<timestamp>820.938707</timestamp>
			</report>
			<report>
				<misses>3425001</misses>
				<total>47</total>
				<timestamp>821.178417</timestamp>
			</report>
			<report>
				<misses>3426001</misses>
				<total>47</total>
				<timestamp>821.418203</timestamp>
			</report>
			<report>
				<misses>3427001</misses>
				<total>47</total>
				<timestamp>821.657939</timestamp>
			</report>
			<report>
				<misses>3428001</misses>
				<total>47</total>
				<timestamp>821.897729</timestamp>
			</report>
			<report>
				<misses>3429001</misses>
				<total>47</total>
				<timestamp>822.137499</timestamp>
			</report>
			<report>
				<misses>3430001</misses>
				<total>47</total>
				<timestamp>822.377244</timestamp>
			</report>
			<report>
				<misses>3431001</misses>
				<total>46</total>
				<timestamp>822.617023</timestamp>
			</report>
			<report>
				<misses>3432001</misses>
				<total>47</total>
				<timestamp>822.856760</timestamp>
			</report>
			<report>
				<misses>3433001</misses>
				<total>47</total>
				<timestamp>823.096557</timestamp>
			</report>
			<report>
				<misses>3434001</misses>
				<total>47</total>
				<timestamp>823.336291</timestamp>
			</report>
			<report>
				<misses>3435001</misses>
				<total>46</total>
				<timestamp>823.576216</timestamp>
			</report>
			<report>
				<misses>3436001</misses>
				<total>47</total>
				<timestamp>823.815773</timestamp>
			</report>
			<report>
				<misses>3437001</misses>
				<total>47</total>
				<timestamp>824.055546</timestamp>
			</report>
			<report>
				<misses>3438001</misses>
				<total>47</total>
				<timestamp>824.295306</timestamp>
			</report>
			<report>
				<misses>3439001</misses>
				<total>47</total>
				<timestamp>824.535101</timestamp>
			</report>
			<report>
				<misses>3440001</misses>
				<total>47</total>
				<timestamp>824.774805</timestamp>
			</report>
			<report>
				<misses>3441001</misses>
				<total>47</total>
				<timestamp>825.014572</timestamp>
			</report>
			<report>
				<misses>3442001</misses>
				<total>46</total>
				<timestamp>825.254454</timestamp>
			</report>
			<report>
				<misses>3443001</misses>
				<total>46</total>
				<timestamp>825.494152</timestamp>
			</report>
			<report>
				<misses>3444001</misses>
				<total>47</total>
				<timestamp>825.733861</timestamp>
			</report>
			<report>
				<misses>3445001</misses>
				<total>46</total>
				<timestamp>825.973632</timestamp>
			</report>
			<report>
				<misses>3446001</misses>
				<total>46</total>
				<timestamp>826.213432</timestamp>
			</report>
			<report>
				<misses>3447001</misses>
				<total>47</total>
				<timestamp>826.453225</timestamp>
			</report>
			<report>
				<misses>3448001</misses>
				<total>47</total>
				<timestamp>826.692926</timestamp>
			</report>
			<report>
				<misses>3449001</misses>
				<total>47</total>
				<timestamp>826.932670</timestamp>
			</report>
			<report>
				<misses>3450001</misses>
				<total>47</total>
				<timestamp>827.172422</timestamp>
			</report>
			<report>
				<misses>3451001</misses>
				<total>47</total>
				<timestamp>827.412338</timestamp>
			</report>
			<report>
				<misses>3452001</misses>
				<total>47</total>
				<timestamp>827.651918</timestamp>
			</report>
			<report>
				<misses>3453001</misses>
				<total>47</total>
				<timestamp>827.891705</timestamp>
			</report>
			<report>
				<misses>3454001</misses>
				<total>47</total>
				<timestamp>828.131456</timestamp>
			</report>
			<report>
				<misses>3455001</misses>
				<total>47</total>
				<timestamp>828.371324</timestamp>
			</report>
			<report>
				<misses>3456001</misses>
				<total>47</total>
				<timestamp>828.611021</timestamp>
			</report>
			<report>
				<misses>3457001</misses>
				<total>47</total>
				<timestamp>828.850758</timestamp>
			</report>
			<report>
				<misses>3458001</misses>
				<total>47</total>
				<timestamp>829.090529</timestamp>
			</report>
			<report>
				<misses>3459001</misses>
				<total>46</total>
				<timestamp>829.330319</timestamp>
			</report>
			<report>
				<misses>3460001</misses>
				<total>47</total>
				<timestamp>829.570076</timestamp>
			</report>
			<report>
				<misses>3461001</misses>
				<total>46</total>
				<timestamp>829.809880</timestamp>
			</report>
			<report>
				<misses>3462001</misses>
				<total>46</total>
				<timestamp>830.049551</timestamp>
			</report>
			<report>
				<misses>3463001</misses>
				<total>46</total>
				<timestamp>830.289336</timestamp>
			</report>
			<report>
				<misses>3464001</misses>
				<total>47</total>
				<timestamp>830.529054</timestamp>
			</report>
			<report>
				<misses>3465001</misses>
				<total>47</total>
				<timestamp>830.768883</timestamp>
			</report>
			<report>
				<misses>3466001</misses>
				<total>47</total>
				<timestamp>831.008570</timestamp>
			</report>
			<report>
				<misses>3467001</misses>
				<total>47</total>
				<timestamp>831.248338</timestamp>
			</report>
			<report>
				<misses>3468001</misses>
				<total>47</total>
				<timestamp>831.488134</timestamp>
			</report>
			<report>
				<misses>3469001</misses>
				<total>47</total>
				<timestamp>831.727867</timestamp>
			</report>
			<report>
				<misses>3470001</misses>
				<total>47</total>
				<timestamp>831.967607</timestamp>
			</report>
			<report>
				<misses>3471001</misses>
				<total>47</total>
				<timestamp>832.207387</timestamp>
			</report>
			<report>
				<misses>3472001</misses>
				<total>47</total>
				<timestamp>832.447144</timestamp>
			</report>
			<report>
				<misses>3473001</misses>
				<total>47</total>
				<timestamp>832.686906</timestamp>
			</report>
			<report>
				<misses>3474001</misses>
				<total>47</total>
				<timestamp>832.926671</timestamp>
			</report>
			<report>
				<misses>3475001</misses>
				<total>47</total>
				<timestamp>833.166423</timestamp>
			</report>
			<report>
				<misses>3476001</misses>
				<total>47</total>
				<timestamp>833.406191</timestamp>
			</report>
			<report>
				<misses>3477001</misses>
				<total>47</total>
				<timestamp>833.645932</timestamp>
			</report>
			<report>
				<misses>3478001</misses>
				<total>47</total>
				<timestamp>833.885715</timestamp>
			</report>
			<report>
				<misses>3479001</misses>
				<total>47</total>
				<timestamp>834.125466</timestamp>
			</report>
			<report>
				<misses>3480001</misses>
				<total>47</total>
				<timestamp>834.365257</timestamp>
			</report>
			<report>
				<misses>3481001</misses>
				<total>47</total>
				<timestamp>834.605019</timestamp>
			</report>
			<report>
				<misses>3482001</misses>
				<total>46</total>
				<timestamp>834.844844</timestamp>
			</report>
			<report>
				<misses>3483001</misses>
				<total>46</total>
				<timestamp>835.084531</timestamp>
			</report>
			<report>
				<misses>3484001</misses>
				<total>47</total>
				<timestamp>835.324262</timestamp>
			</report>
			<report>
				<misses>3485001</misses>
				<total>47</total>
				<timestamp>835.564019</timestamp>
			</report>
			<report>
				<misses>3486001</misses>
				<total>47</total>
				<timestamp>835.803806</timestamp>
			</report>
			<report>
				<misses>3487001</misses>
				<total>47</total>
				<timestamp>836.043556</timestamp>
			</report>
			<report>
				<misses>3488001</misses>
				<total>47</total>
				<timestamp>836.283359</timestamp>
			</report>
			<report>
				<misses>3489001</misses>
				<total>47</total>
				<timestamp>836.523109</timestamp>
			</report>
			<report>
				<misses>3490001</misses>
				<total>47</total>
				<timestamp>836.762848</timestamp>
			</report>
			<report>
				<misses>3491001</misses>
				<total>47</total>
				<timestamp>837.002638</timestamp>
			</report>
			<report>
				<misses>3492001</misses>
				<total>47</total>
				<timestamp>837.242402</timestamp>
			</report>
			<report>
				<misses>3493001</misses>
				<total>46</total>
				<timestamp>837.482193</timestamp>
			</report>
			<report>
				<misses>3494001</misses>
				<total>47</total>
				<timestamp>837.721886</timestamp>
			</report>
			<report>
				<misses>3495001</misses>
				<total>47</total>
				<timestamp>837.961640</timestamp>
			</report>
			<report>
				<misses>3496001</misses>
				<total>46</total>
				<timestamp>838.201418</timestamp>
			</report>
			<report>
				<misses>3497001</misses>
				<total>47</total>
				<timestamp>838.441170</timestamp>
			</report>
			<report>
				<misses>3498001</misses>
				<total>46</total>
				<timestamp>838.681036</timestamp>
			</report>
			<report>
				<misses>3499001</misses>
				<total>47</total>
				<timestamp>838.920678</timestamp>
			</report>
			<report>
				<misses>3500001</misses>
				<total>47</total>
				<timestamp>839.160430</timestamp>
			</report>
			<report>
				<misses>3501001</misses>
				<total>47</total>
				<timestamp>839.400218</timestamp>
			</report>
			<report>
				<misses>3502001</misses>
				<total>47</total>
				<timestamp>839.639935</timestamp>
			</report>
			<report>
				<misses>3503001</misses>
				<total>47</total>
				<timestamp>839.879715</timestamp>
			</report>
			<report>
				<misses>3504001</misses>
				<total>47</total>
				<timestamp>840.119480</timestamp>
			</report>
			<report>
				<misses>3505001</misses>
				<total>47</total>
				<timestamp>840.359248</timestamp>
			</report>
			<report>
				<misses>3506001</misses>
				<total>46</total>
				<timestamp>840.599081</timestamp>
			</report>
			<report>
				<misses>3507001</misses>
				<total>47</total>
				<timestamp>840.838746</timestamp>
			</report>
			<report>
				<misses>3508001</misses>
				<total>46</total>
				<timestamp>841.078554</timestamp>
			</report>
			<report>
				<misses>3509001</misses>
				<total>47</total>
				<timestamp>841.318268</timestamp>
			</report>
			<report>
				<misses>3510001</misses>
				<total>46</total>
				<timestamp>841.558141</timestamp>
			</report>
			<report>
				<misses>3511001</misses>
				<total>47</total>
				<timestamp>841.797844</timestamp>
			</report>
			<report>
				<misses>3512001</misses>
				<total>47</total>
				<timestamp>842.037533</timestamp>
			</report>
			<report>
				<misses>3513001</misses>
				<total>47</total>
				<timestamp>842.277284</timestamp>
			</report>
			<report>
				<misses>3514001</misses>
				<total>47</total>
				<timestamp>842.517129</timestamp>
			</report>
			<report>
				<misses>3515001</misses>
				<total>46</total>
				<timestamp>842.757007</timestamp>
			</report>
			<report>
				<misses>3516001</misses>
				<total>47</total>
				<timestamp>842.996586</timestamp>
			</report>
			<report>
				<misses>3517001</misses>
				<total>47</total>
				<timestamp>843.236378</timestamp>
			</report>
			<report>
				<misses>3518001</misses>
				<total>47</total>
				<timestamp>843.476109</timestamp>
			</report>
			<report>
				<misses>3519001</misses>
				<total>46</total>
				<timestamp>843.715923</timestamp>
			</report>
			<report>
				<misses>3520001</misses>
				<total>47</total>
				<timestamp>843.955619</timestamp>
			</report>
			<report>
				<misses>3521001</misses>
				<total>47</total>
				<timestamp>844.195367</timestamp>
			</report>
			<report>
				<misses>3522001</misses>
				<total>47</total>
				<timestamp>844.435134</timestamp>
			</report>
			<report>
				<misses>3523001</misses>
				<total>46</total>
				<timestamp>844.674949</timestamp>
			</report>
			<report>
				<misses>3524001</misses>
				<total>46</total>
				<timestamp>844.914749</timestamp>
			</report>
			<report>
				<misses>3525001</misses>
				<total>47</total>
				<timestamp>845.154433</timestamp>
			</report>
			<report>
				<misses>3526001</misses>
				<total>47</total>
				<timestamp>845.394234</timestamp>
			</report>
			<report>
				<misses>3527001</misses>
				<total>46</total>
				<timestamp>845.634068</timestamp>
			</report>
			<report>
				<misses>3528001</misses>
				<total>47</total>
				<timestamp>845.873723</timestamp>
			</report>
			<report>
				<misses>3529001</misses>
				<total>47</total>
				<timestamp>846.113456</timestamp>
			</report>
			<report>
				<misses>3530001</misses>
				<total>47</total>
				<timestamp>846.353216</timestamp>
			</report>
			<report>
				<misses>3531001</misses>
				<total>46</total>
				<timestamp>846.593069</timestamp>
			</report>
			<report>
				<misses>3532001</misses>
				<total>47</total>
				<timestamp>846.832736</timestamp>
			</report>
			<report>
				<misses>3533001</misses>
				<total>47</total>
				<timestamp>847.072494</timestamp>
			</report>
			<report>
				<misses>3534001</misses>
				<total>47</total>
				<timestamp>847.312315</timestamp>
			</report>
			<report>
				<misses>3535001</misses>
				<total>46</total>
				<timestamp>847.552100</timestamp>
			</report>
			<report>
				<misses>3536001</misses>
				<total>47</total>
				<timestamp>847.791804</timestamp>
			</report>
			<report>
				<misses>3537001</misses>
				<total>47</total>
				<timestamp>848.031531</timestamp>
			</report>
			<report>
				<misses>3538001</misses>
				<total>47</total>
				<timestamp>848.271306</timestamp>
			</report>
			<report>
				<misses>3539001</misses>
				<total>47</total>
				<timestamp>848.511088</timestamp>
			</report>
			<report>
				<misses>3540001</misses>
				<total>46</total>
				<timestamp>848.751006</timestamp>
			</report>
			<report>
				<misses>3541001</misses>
				<total>47</total>
				<timestamp>848.990580</timestamp>
			</report>
			<report>
				<misses>3542001</misses>
				<total>47</total>
				<timestamp>849.230347</timestamp>
			</report>
			<report>
				<misses>3543001</misses>
				<total>47</total>
				<timestamp>849.470165</timestamp>
			</report>
			<report>
				<misses>3544001</misses>
				<total>46</total>
				<timestamp>849.709921</timestamp>
			</report>
			<report>
				<misses>3545001</misses>
				<total>47</total>
				<timestamp>849.949656</timestamp>
			</report>
			<report>
				<misses>3546001</misses>
				<total>47</total>
				<timestamp>850.189388</timestamp>
			</report>
			<report>
				<misses>3547001</misses>
				<total>47</total>
				<timestamp>850.429177</timestamp>
			</report>
			<report>
				<misses>3548001</misses>
				<total>47</total>
				<timestamp>850.668914</timestamp>
			</report>
			<report>
				<misses>3549001</misses>
				<total>47</total>
				<timestamp>850.908650</timestamp>
			</report>
			<report>
				<misses>3550001</misses>
				<total>47</total>
				<timestamp>851.148419</timestamp>
			</report>
			<report>
				<misses>3551001</misses>
				<total>47</total>
				<timestamp>851.388197</timestamp>
			</report>
			<report>
				<misses>3552001</misses>
				<total>47</total>
				<timestamp>851.627999</timestamp>
			</report>
			<report>
				<misses>3553001</misses>
				<total>47</total>
				<timestamp>851.867704</timestamp>
			</report>
			<report>
				<misses>3554001</misses>
				<total>47</total>
				<timestamp>852.107465</timestamp>
			</report>
			<report>
				<misses>3555001</misses>
				<total>47</total>
				<timestamp>852.347223</timestamp>
			</report>
			<report>
				<misses>3556001</misses>
				<total>47</total>
				<timestamp>852.586994</timestamp>
			</report>
			<report>
				<misses>3557001</misses>
				<total>47</total>
				<timestamp>852.826757</timestamp>
			</report>
			<report>
				<misses>3558001</misses>
				<total>47</total>
				<timestamp>853.066496</timestamp>
			</report>
			<report>
				<misses>3559001</misses>
				<total>47</total>
				<timestamp>853.306282</timestamp>
			</report>
			<report>
				<misses>3560001</misses>
				<total>47</total>
				<timestamp>853.546013</timestamp>
			</report>
			<report>
				<misses>3561001</misses>
				<total>47</total>
				<timestamp>853.785780</timestamp>
			</report>
			<report>
				<misses>3562001</misses>
				<total>47</total>
				<timestamp>854.025550</timestamp>
			</report>
			<report>
				<misses>3563001</misses>
				<total>47</total>
				<timestamp>854.265307</timestamp>
			</report>
			<report>
				<misses>3564001</misses>
				<total>47</total>
				<timestamp>854.505130</timestamp>
			</report>
			<report>
				<misses>3565001</misses>
				<total>47</total>
				<timestamp>854.744813</timestamp>
			</report>
			<report>
				<misses>3566001</misses>
				<total>47</total>
				<timestamp>854.984590</timestamp>
			</report>
			<report>
				<misses>3567001</misses>
				<total>47</total>
				<timestamp>855.224338</timestamp>
			</report>
			<report>
				<misses>3568001</misses>
				<total>47</total>
				<timestamp>855.464107</timestamp>
			</report>
			<report>
				<misses>3569001</misses>
				<total>47</total>
				<timestamp>855.703935</timestamp>
			</report>
			<report>
				<misses>3570001</misses>
				<total>47</total>
				<timestamp>855.943615</timestamp>
			</report>
			<report>
				<misses>3571001</misses>
				<total>47</total>
				<timestamp>856.183387</timestamp>
			</report>
			<report>
				<misses>3572001</misses>
				<total>47</total>
				<timestamp>856.423127</timestamp>
			</report>
			<report>
				<misses>3573001</misses>
				<total>47</total>
				<timestamp>856.662929</timestamp>
			</report>
			<report>
				<misses>3574001</misses>
				<total>47</total>
				<timestamp>856.902708</timestamp>
			</report>
			<report>
				<misses>3575001</misses>
				<total>47</total>
				<timestamp>857.142422</timestamp>
			</report>
			<report>
				<misses>3576001</misses>
				<total>47</total>
				<timestamp>857.382171</timestamp>
			</report>
			<report>
				<misses>3577001</misses>
				<total>47</total>
				<timestamp>857.621957</timestamp>
			</report>
			<report>
				<misses>3578001</misses>
				<total>47</total>
				<timestamp>857.861725</timestamp>
			</report>
			<report>
				<misses>3579001</misses>
				<total>47</total>
				<timestamp>858.101487</timestamp>
			</report>
			<report>
				<misses>3580001</misses>
				<total>47</total>
				<timestamp>858.341228</timestamp>
			</report>
			<report>
				<misses>3581001</misses>
				<total>46</total>
				<timestamp>858.580994</timestamp>
			</report>
			<report>
				<misses>3582001</misses>
				<total>47</total>
				<timestamp>858.820766</timestamp>
			</report>
			<report>
				<misses>3583001</misses>
				<total>47</total>
				<timestamp>859.060512</timestamp>
			</report>
			<report>
				<misses>3584001</misses>
				<total>47</total>
				<timestamp>859.300274</timestamp>
			</report>
			<report>
				<misses>3585001</misses>
				<total>47</total>
				<timestamp>859.540037</timestamp>
			</report>
			<report>
				<misses>3586001</misses>
				<total>47</total>
				<timestamp>859.779808</timestamp>
			</report>
			<report>
				<misses>3587001</misses>
				<total>47</total>
				<timestamp>860.019531</timestamp>
			</report>
			<report>
				<misses>3588001</misses>
				<total>47</total>
				<timestamp>860.259306</timestamp>
			</report>
			<report>
				<misses>3589001</misses>
				<total>46</total>
				<timestamp>860.499179</timestamp>
			</report>
			<report>
				<misses>3590001</misses>
				<total>46</total>
				<timestamp>860.738973</timestamp>
			</report>
			<report>
				<misses>3591001</misses>
				<total>46</total>
				<timestamp>860.978678</timestamp>
			</report>
			<report>
				<misses>3592001</misses>
				<total>46</total>
				<timestamp>861.218458</timestamp>
			</report>
			<report>
				<misses>3593001</misses>
				<total>47</total>
				<timestamp>861.458193</timestamp>
			</report>
			<report>
				<misses>3594001</misses>
				<total>46</total>
				<timestamp>861.698045</timestamp>
			</report>
			<report>
				<misses>3595001</misses>
				<total>46</total>
				<timestamp>861.937712</timestamp>
			</report>
			<report>
				<misses>3596001</misses>
				<total>46</total>
				<timestamp>862.177486</timestamp>
			</report>
			<report>
				<misses>3597001</misses>
				<total>46</total>
				<timestamp>862.417234</timestamp>
			</report>
			<report>
				<misses>3598001</misses>
				<total>47</total>
				<timestamp>862.656975</timestamp>
			</report>
			<report>
				<misses>3599001</misses>
				<total>46</total>
				<timestamp>862.896823</timestamp>
			</report>
			<report>
				<misses>3600001</misses>
				<total>46</total>
				<timestamp>863.136460</timestamp>
			</report>
			<report>
				<misses>3601001</misses>
				<total>46</total>
				<timestamp>863.376208</timestamp>
			</report>
			<report>
				<misses>3602001</misses>
				<total>46</total>
				<timestamp>863.616111</timestamp>
			</report>
			<report>
				<misses>3603001</misses>
				<total>46</total>
				<timestamp>863.855844</timestamp>
			</report>
			<report>
				<misses>3604001</misses>
				<total>47</total>
				<timestamp>864.095489</timestamp>
			</report>
			<report>
				<misses>3605001</misses>
				<total>46</total>
				<timestamp>864.335323</timestamp>
			</report>
			<report>
				<misses>3606001</misses>
				<total>47</total>
				<timestamp>864.574988</timestamp>
			</report>
			<report>
				<misses>3607001</misses>
				<total>46</total>
				<timestamp>864.814932</timestamp>
			</report>
			<report>
				<misses>3608001</misses>
				<total>47</total>
				<timestamp>865.054554</timestamp>
			</report>
			<report>
				<misses>3609001</misses>
				<total>47</total>
				<timestamp>865.294319</timestamp>
			</report>
			<report>
				<misses>3610001</misses>
				<total>46</total>
				<timestamp>865.534148</timestamp>
			</report>
			<report>
				<misses>3611001</misses>
				<total>47</total>
				<timestamp>865.773855</timestamp>
			</report>
			<report>
				<misses>3612001</misses>
				<total>47</total>
				<timestamp>866.013524</timestamp>
			</report>
			<report>
				<misses>3613001</misses>
				<total>47</total>
				<timestamp>866.253292</timestamp>
			</report>
			<report>
				<misses>3614001</misses>
				<total>47</total>
				<timestamp>866.493092</timestamp>
			</report>
			<report>
				<misses>3615001</misses>
				<total>47</total>
				<timestamp>866.732876</timestamp>
			</report>
			<report>
				<misses>3616001</misses>
				<total>47</total>
				<timestamp>866.972580</timestamp>
			</report>
			<report>
				<misses>3617001</misses>
				<total>47</total>
				<timestamp>867.212340</timestamp>
			</report>
			<report>
				<misses>3618001</misses>
				<total>46</total>
				<timestamp>867.452144</timestamp>
			</report>
			<report>
				<misses>3619001</misses>
				<total>47</total>
				<timestamp>867.691926</timestamp>
			</report>
			<report>
				<misses>3620001</misses>
				<total>47</total>
				<timestamp>867.931618</timestamp>
			</report>
			<report>
				<misses>3621001</misses>
				<total>47</total>
				<timestamp>868.171383</timestamp>
			</report>
			<report>
				<misses>3622001</misses>
				<total>47</total>
				<timestamp>868.411131</timestamp>
			</report>
			<report>
				<misses>3623001</misses>
				<total>47</total>
				<timestamp>868.650936</timestamp>
			</report>
			<report>
				<misses>3624001</misses>
				<total>47</total>
				<timestamp>868.890650</timestamp>
			</report>
			<report>
				<misses>3625001</misses>
				<total>47</total>
				<timestamp>869.130437</timestamp>
			</report>
			<report>
				<misses>3626001</misses>
				<total>46</total>
				<timestamp>869.370308</timestamp>
			</report>
			<report>
				<misses>3627001</misses>
				<total>47</total>
				<timestamp>869.610011</timestamp>
			</report>
			<report>
				<misses>3628001</misses>
				<total>46</total>
				<timestamp>869.849830</timestamp>
			</report>
			<report>
				<misses>3629001</misses>
				<total>47</total>
				<timestamp>870.089444</timestamp>
			</report>
			<report>
				<misses>3630001</misses>
				<total>46</total>
				<timestamp>870.329316</timestamp>
			</report>
			<report>
				<misses>3631001</misses>
				<total>47</total>
				<timestamp>870.569057</timestamp>
			</report>
			<report>
				<misses>3632001</misses>
				<total>46</total>
				<timestamp>870.808889</timestamp>
			</report>
			<report>
				<misses>3633001</misses>
				<total>47</total>
				<timestamp>871.048509</timestamp>
			</report>
			<report>
				<misses>3634001</misses>
				<total>47</total>
				<timestamp>871.288258</timestamp>
			</report>
			<report>
				<misses>3635001</misses>
				<total>47</total>
				<timestamp>871.528039</timestamp>
			</report>
			<report>
				<misses>3636001</misses>
				<total>47</total>
				<timestamp>871.767822</timestamp>
			</report>
			<report>
				<misses>3637001</misses>
				<total>47</total>
				<timestamp>872.007568</timestamp>
			</report>
			<report>
				<misses>3638001</misses>
				<total>46</total>
				<timestamp>872.247373</timestamp>
			</report>
			<report>
				<misses>3639001</misses>
				<total>47</total>
				<timestamp>872.487120</timestamp>
			</report>
			<report>
				<misses>3640001</misses>
				<total>47</total>
				<timestamp>872.726862</timestamp>
			</report>
			<report>
				<misses>3641001</misses>
				<total>47</total>
				<timestamp>872.966635</timestamp>
			</report>
			<report>
				<misses>3642001</misses>
				<total>46</total>
				<timestamp>873.206447</timestamp>
			</report>
			<report>
				<misses>3643001</misses>
				<total>47</total>
				<timestamp>873.446097</timestamp>
			</report>
			<report>
				<misses>3644001</misses>
				<total>46</total>
				<timestamp>873.685959</timestamp>
			</report>
			<report>
				<misses>3645001</misses>
				<total>47</total>
				<timestamp>873.925611</timestamp>
			</report>
			<report>
				<misses>3646001</misses>
				<total>46</total>
				<timestamp>874.165519</timestamp>
			</report>
			<report>
				<misses>3647001</misses>
				<total>47</total>
				<timestamp>874.405128</timestamp>
			</report>
			<report>
				<misses>3648001</misses>
				<total>47</total>
				<timestamp>874.644929</timestamp>
			</report>
			<report>
				<misses>3649001</misses>
				<total>47</total>
				<timestamp>874.884662</timestamp>
			</report>
			<report>
				<misses>3650001</misses>
				<total>47</total>
				<timestamp>875.124428</timestamp>
			</report>
			<report>
				<misses>3651001</misses>
				<total>47</total>
				<timestamp>875.364167</timestamp>
			</report>
			<report>
				<misses>3652001</misses>
				<total>46</total>
				<timestamp>875.604038</timestamp>
			</report>
			<report>
				<misses>3653001</misses>
				<total>47</total>
				<timestamp>875.843756</timestamp>
			</report>
			<report>
				<misses>3654001</misses>
				<total>47</total>
				<timestamp>876.083469</timestamp>
			</report>
			<report>
				<misses>3655001</misses>
				<total>47</total>
				<timestamp>876.323205</timestamp>
			</report>
			<report>
				<misses>3656001</misses>
				<total>47</total>
				<timestamp>876.563002</timestamp>
			</report>
			<report>
				<misses>3657001</misses>
				<total>47</total>
				<timestamp>876.802749</timestamp>
			</report>
			<report>
				<misses>3658001</misses>
				<total>47</total>
				<timestamp>877.042489</timestamp>
			</report>
			<report>
				<misses>3659001</misses>
				<total>47</total>
				<timestamp>877.282253</timestamp>
			</report>
			<report>
				<misses>3660001</misses>
				<total>47</total>
				<timestamp>877.522016</timestamp>
			</report>
			<report>
				<misses>3661001</misses>
				<total>47</total>
				<timestamp>877.761803</timestamp>
			</report>
			<report>
				<misses>3662001</misses>
				<total>47</total>
				<timestamp>878.001542</timestamp>
			</report>
			<report>
				<misses>3663001</misses>
				<total>47</total>
				<timestamp>878.241313</timestamp>
			</report>
			<report>
				<misses>3664001</misses>
				<total>47</total>
				<timestamp>878.481088</timestamp>
			</report>
			<report>
				<misses>3665001</misses>
				<total>47</total>
				<timestamp>878.720879</timestamp>
			</report>
			<report>
				<misses>3666001</misses>
				<total>46</total>
				<timestamp>878.960599</timestamp>
			</report>
			<report>
				<misses>3667001</misses>
				<total>47</total>
				<timestamp>879.200331</timestamp>
			</report>
			<report>
				<misses>3668001</misses>
				<total>47</total>
				<timestamp>879.440151</timestamp>
			</report>
			<report>
				<misses>3669001</misses>
				<total>46</total>
				<timestamp>879.680014</timestamp>
			</report>
			<report>
				<misses>3670001</misses>
				<total>47</total>
				<timestamp>879.919614</timestamp>
			</report>
			<report>
				<misses>3671001</misses>
				<total>47</total>
				<timestamp>880.159421</timestamp>
			</report>
			<report>
				<misses>3672001</misses>
				<total>46</total>
				<timestamp>880.399210</timestamp>
			</report>
			<report>
				<misses>3673001</misses>
				<total>47</total>
				<timestamp>880.638922</timestamp>
			</report>
			<report>
				<misses>3674001</misses>
				<total>47</total>
				<timestamp>880.878663</timestamp>
			</report>
			<report>
				<misses>3675001</misses>
				<total>46</total>
				<timestamp>881.118523</timestamp>
			</report>
			<report>
				<misses>3676001</misses>
				<total>47</total>
				<timestamp>881.358182</timestamp>
			</report>
			<report>
				<misses>3677001</misses>
				<total>47</total>
				<timestamp>881.597967</timestamp>
			</report>
			<report>
				<misses>3678001</misses>
				<total>47</total>
				<timestamp>881.837793</timestamp>
			</report>
			<report>
				<misses>3679001</misses>
				<total>47</total>
				<timestamp>882.077442</timestamp>
			</report>
			<report>
				<misses>3680001</misses>
				<total>47</total>
				<timestamp>882.317203</timestamp>
			</report>
			<report>
				<misses>3681001</misses>
				<total>47</total>
				<timestamp>882.556993</timestamp>
			</report>
			<report>
				<misses>3682001</misses>
				<total>47</total>
				<timestamp>882.796748</timestamp>
			</report>
			<report>
				<misses>3683001</misses>
				<total>46</total>
				<timestamp>883.036564</timestamp>
			</report>
			<report>
				<misses>3684001</misses>
				<total>47</total>
				<timestamp>883.276261</timestamp>
			</report>
			<report>
				<misses>3685001</misses>
				<total>46</total>
				<timestamp>883.516087</timestamp>
			</report>
			<report>
				<misses>3686001</misses>
				<total>46</total>
				<timestamp>883.755894</timestamp>
			</report>
			<report>
				<misses>3687001</misses>
				<total>47</total>
				<timestamp>883.995531</timestamp>
			</report>
			<report>
				<misses>3688001</misses>
				<total>47</total>
				<timestamp>884.235302</timestamp>
			</report>
			<report>
				<misses>3689001</misses>
				<total>46</total>
				<timestamp>884.475100</timestamp>
			</report>
			<report>
				<misses>3690001</misses>
				<total>47</total>
				<timestamp>884.714858</timestamp>
			</report>
			<report>
				<misses>3691001</misses>
				<total>47</total>
				<timestamp>884.954581</timestamp>
			</report>
			<report>
				<misses>3692001</misses>
				<total>47</total>
				<timestamp>885.194361</timestamp>
			</report>
			<report>
				<misses>3693001</misses>
				<total>47</total>
				<timestamp>885.434113</timestamp>
			</report>
			<report>
				<misses>3694001</misses>
				<total>46</total>
				<timestamp>885.673966</timestamp>
			</report>
			<report>
				<misses>3695001</misses>
				<total>47</total>
				<timestamp>885.913620</timestamp>
			</report>
			<report>
				<misses>3696001</misses>
				<total>47</total>
				<timestamp>886.153385</timestamp>
			</report>
			<report>
				<misses>3697001</misses>
				<total>47</total>
				<timestamp>886.393179</timestamp>
			</report>
			<report>
				<misses>3698001</misses>
				<total>46</total>
				<timestamp>886.632974</timestamp>
			</report>
			<report>
				<misses>3699001</misses>
				<total>47</total>
				<timestamp>886.872713</timestamp>
			</report>
			<report>
				<misses>3700001</misses>
				<total>47</total>
				<timestamp>887.112437</timestamp>
			</report>
			<report>
				<misses>3701001</misses>
				<total>47</total>
				<timestamp>887.352173</timestamp>
			</report>
			<report>
				<misses>3702001</misses>
				<total>47</total>
				<timestamp>887.591939</timestamp>
			</report>
			<report>
				<misses>3703001</misses>
				<total>47</total>
				<timestamp>887.831770</timestamp>
			</report>
			<report>
				<misses>3704001</misses>
				<total>47</total>
				<timestamp>888.071474</timestamp>
			</report>
			<report>
				<misses>3705001</misses>
				<total>47</total>
				<timestamp>888.311221</timestamp>
			</report>
			<report>
				<misses>3706001</misses>
				<total>46</total>
				<timestamp>888.551112</timestamp>
			</report>
			<report>
				<misses>3707001</misses>
				<total>47</total>
				<timestamp>888.790815</timestamp>
			</report>
			<report>
				<misses>3708001</misses>
				<total>47</total>
				<timestamp>889.030597</timestamp>
			</report>
			<report>
				<misses>3709001</misses>
				<total>47</total>
				<timestamp>889.270280</timestamp>
			</report>
			<report>
				<misses>3710001</misses>
				<total>47</total>
				<timestamp>889.510034</timestamp>
			</report>
			<report>
				<misses>3711001</misses>
				<total>47</total>
				<timestamp>889.749797</timestamp>
			</report>
			<report>
				<misses>3712001</misses>
				<total>47</total>
				<timestamp>889.989537</timestamp>
			</report>
			<report>
				<misses>3713001</misses>
				<total>47</total>
				<timestamp>890.229326</timestamp>
			</report>
			<report>
				<misses>3714001</misses>
				<total>47</total>
				<timestamp>890.469055</timestamp>
			</report>
			<report>
				<misses>3715001</misses>
				<total>47</total>
				<timestamp>890.708890</timestamp>
			</report>
			<report>
				<misses>3716001</misses>
				<total>47</total>
				<timestamp>890.948598</timestamp>
			</report>
			<report>
				<misses>3717001</misses>
				<total>47</total>
				<timestamp>891.188449</timestamp>
			</report>
			<report>
				<misses>3718001</misses>
				<total>47</total>
				<timestamp>891.428108</timestamp>
			</report>
			<report>
				<misses>3719001</misses>
				<total>47</total>
				<timestamp>891.667878</timestamp>
			</report>
			<report>
				<misses>3720001</misses>
				<total>47</total>
				<timestamp>891.907695</timestamp>
			</report>
			<report>
				<misses>3721001</misses>
				<total>47</total>
				<timestamp>892.147403</timestamp>
			</report>
			<report>
				<misses>3722001</misses>
				<total>47</total>
				<timestamp>892.387163</timestamp>
			</report>
			<report>
				<misses>3723001</misses>
				<total>47</total>
				<timestamp>892.626919</timestamp>
			</report>
			<report>
				<misses>3724001</misses>
				<total>47</total>
				<timestamp>892.866720</timestamp>
			</report>
			<report>
				<misses>3725001</misses>
				<total>47</total>
				<timestamp>893.106451</timestamp>
			</report>
			<report>
				<misses>3726001</misses>
				<total>47</total>
				<timestamp>893.346174</timestamp>
			</report>
			<report>
				<misses>3727001</misses>
				<total>46</total>
				<timestamp>893.586040</timestamp>
			</report>
			<report>
				<misses>3728001</misses>
				<total>47</total>
				<timestamp>893.825736</timestamp>
			</report>
			<report>
				<misses>3729001</misses>
				<total>47</total>
				<timestamp>894.065467</timestamp>
			</report>
			<report>
				<misses>3730001</misses>
				<total>47</total>
				<timestamp>894.305239</timestamp>
			</report>
			<report>
				<misses>3731001</misses>
				<total>46</total>
				<timestamp>894.545053</timestamp>
			</report>
			<report>
				<misses>3732001</misses>
				<total>47</total>
				<timestamp>894.784769</timestamp>
			</report>
			<report>
				<misses>3733001</misses>
				<total>47</total>
				<timestamp>895.024499</timestamp>
			</report>
			<report>
				<misses>3734001</misses>
				<total>47</total>
				<timestamp>895.264258</timestamp>
			</report>
			<report>
				<misses>3735001</misses>
				<total>46</total>
				<timestamp>895.504103</timestamp>
			</report>
			<report>
				<misses>3736001</misses>
				<total>46</total>
				<timestamp>895.743864</timestamp>
			</report>
			<report>
				<misses>3737001</misses>
				<total>46</total>
				<timestamp>895.983731</timestamp>
			</report>
			<report>
				<misses>3738001</misses>
				<total>46</total>
				<timestamp>896.223412</timestamp>
			</report>
			<report>
				<misses>3739001</misses>
				<total>47</total>
				<timestamp>896.463075</timestamp>
			</report>
			<report>
				<misses>3740001</misses>
				<total>46</total>
				<timestamp>896.702920</timestamp>
			</report>
			<report>
				<misses>3741001</misses>
				<total>47</total>
				<timestamp>896.942614</timestamp>
			</report>
			<report>
				<misses>3742001</misses>
				<total>47</total>
				<timestamp>897.182375</timestamp>
			</report>
			<report>
				<misses>3743001</misses>
				<total>47</total>
				<timestamp>897.422135</timestamp>
			</report>
			<report>
				<misses>3744001</misses>
				<total>47</total>
				<timestamp>897.661961</timestamp>
			</report>
			<report>
				<misses>3745001</misses>
				<total>47</total>
				<timestamp>897.901720</timestamp>
			</report>
			<report>
				<misses>3746001</misses>
				<total>47</total>
				<timestamp>898.141381</timestamp>
			</report>
			<report>
				<misses>3747001</misses>
				<total>47</total>
				<timestamp>898.381131</timestamp>
			</report>
			<report>
				<misses>3748001</misses>
				<total>47</total>
				<timestamp>898.620897</timestamp>
			</report>
			<report>
				<misses>3749001</misses>
				<total>47</total>
				<timestamp>898.860727</timestamp>
			</report>
			<report>
				<misses>3750001</misses>
				<total>47</total>
				<timestamp>899.100436</timestamp>
			</report>
			<report>
				<misses>3751001</misses>
				<total>47</total>
				<timestamp>899.340169</timestamp>
			</report>
			<report>
				<misses>3752001</misses>
				<total>46</total>
				<timestamp>899.580069</timestamp>
			</report>
			<report>
				<misses>3753001</misses>
				<total>47</total>
				<timestamp>899.819767</timestamp>
			</report>
			<report>
				<misses>3754001</misses>
				<total>46</total>
				<timestamp>900.059567</timestamp>
			</report>
			<report>
				<misses>3755001</misses>
				<total>46</total>
				<timestamp>900.299287</timestamp>
			</report>
			<report>
				<misses>3756001</misses>
				<total>47</total>
				<timestamp>900.539035</timestamp>
			</report>
			<report>
				<misses>3757001</misses>
				<total>47</total>
				<timestamp>900.778776</timestamp>
			</report>
			<report>
				<misses>3758001</misses>
				<total>46</total>
				<timestamp>901.018629</timestamp>
			</report>
			<report>
				<misses>3759001</misses>
				<total>47</total>
				<timestamp>901.258238</timestamp>
			</report>
			<report>
				<misses>3760001</misses>
				<total>47</total>
				<timestamp>901.498038</timestamp>
			</report>
			<report>
				<misses>3761001</misses>
				<total>47</total>
				<timestamp>901.737785</timestamp>
			</report>
			<report>
				<misses>3762001</misses>
				<total>46</total>
				<timestamp>901.977623</timestamp>
			</report>
			<report>
				<misses>3763001</misses>
				<total>47</total>
				<timestamp>902.217336</timestamp>
			</report>
			<report>
				<misses>3764001</misses>
				<total>47</total>
				<timestamp>902.457088</timestamp>
			</report>
			<report>
				<misses>3765001</misses>
				<total>47</total>
				<timestamp>902.696872</timestamp>
			</report>
			<report>
				<misses>3766001</misses>
				<total>46</total>
				<timestamp>902.936763</timestamp>
			</report>
			<report>
				<misses>3767001</misses>
				<total>47</total>
				<timestamp>903.176339</timestamp>
			</report>
			<report>
				<misses>3768001</misses>
				<total>47</total>
				<timestamp>903.416110</timestamp>
			</report>
			<report>
				<misses>3769001</misses>
				<total>47</total>
				<timestamp>903.655880</timestamp>
			</report>
			<report>
				<misses>3770001</misses>
				<total>47</total>
				<timestamp>903.895670</timestamp>
			</report>
			<report>
				<misses>3771001</misses>
				<total>47</total>
				<timestamp>904.135433</timestamp>
			</report>
			<report>
				<misses>3772001</misses>
				<total>47</total>
				<timestamp>904.375138</timestamp>
			</report>
			<report>
				<misses>3773001</misses>
				<total>47</total>
				<timestamp>904.614906</timestamp>
			</report>
			<report>
				<misses>3774001</misses>
				<total>47</total>
				<timestamp>904.854766</timestamp>
			</report>
			<report>
				<misses>3775001</misses>
				<total>47</total>
				<timestamp>905.094435</timestamp>
			</report>
			<report>
				<misses>3776001</misses>
				<total>47</total>
				<timestamp>905.334187</timestamp>
			</report>
			<report>
				<misses>3777001</misses>
				<total>47</total>
				<timestamp>905.573982</timestamp>
			</report>
			<report>
				<misses>3778001</misses>
				<total>47</total>
				<timestamp>905.813725</timestamp>
			</report>
			<report>
				<misses>3779001</misses>
				<total>47</total>
				<timestamp>906.053446</timestamp>
			</report>
			<report>
				<misses>3780001</misses>
				<total>46</total>
				<timestamp>906.293283</timestamp>
			</report>
			<report>
				<misses>3781001</misses>
				<total>47</total>
				<timestamp>906.533002</timestamp>
			</report>
			<report>
				<misses>3782001</misses>
				<total>46</total>
				<timestamp>906.772856</timestamp>
			</report>
			<report>
				<misses>3783001</misses>
				<total>46</total>
				<timestamp>907.012620</timestamp>
			</report>
			<report>
				<misses>3784001</misses>
				<total>47</total>
				<timestamp>907.252257</timestamp>
			</report>
			<report>
				<misses>3785001</misses>
				<total>47</total>
				<timestamp>907.492026</timestamp>
			</report>
			<report>
				<misses>3786001</misses>
				<total>47</total>
				<timestamp>907.731811</timestamp>
			</report>
			<report>
				<misses>3787001</misses>
				<total>47</total>
				<timestamp>907.971584</timestamp>
			</report>
			<report>
				<misses>3788001</misses>
				<total>47</total>
				<timestamp>908.211308</timestamp>
			</report>
			<report>
				<misses>3789001</misses>
				<total>47</total>
				<timestamp>908.451060</timestamp>
			</report>
			<report>
				<misses>3790001</misses>
				<total>47</total>
				<timestamp>908.690833</timestamp>
			</report>
			<report>
				<misses>3791001</misses>
				<total>46</total>
				<timestamp>908.930748</timestamp>
			</report>
			<report>
				<misses>3792001</misses>
				<total>47</total>
				<timestamp>909.170348</timestamp>
			</report>
			<report>
				<misses>3793001</misses>
				<total>46</total>
				<timestamp>909.410142</timestamp>
			</report>
			<report>
				<misses>3794001</misses>
				<total>47</total>
				<timestamp>909.649855</timestamp>
			</report>
			<report>
				<misses>3795001</misses>
				<total>46</total>
				<timestamp>909.889718</timestamp>
			</report>
			<report>
				<misses>3796001</misses>
				<total>46</total>
				<timestamp>910.129418</timestamp>
			</report>
			<report>
				<misses>3797001</misses>
				<total>47</total>
				<timestamp>910.369142</timestamp>
			</report>
			<report>
				<misses>3798001</misses>
				<total>47</total>
				<timestamp>910.608896</timestamp>
			</report>
			<report>
				<misses>3799001</misses>
				<total>47</total>
				<timestamp>910.848716</timestamp>
			</report>
			<report>
				<misses>3800001</misses>
				<total>47</total>
				<timestamp>911.088411</timestamp>
			</report>
			<report>
				<misses>3801001</misses>
				<total>47</total>
				<timestamp>911.328191</timestamp>
			</report>
			<report>
				<misses>3802001</misses>
				<total>47</total>
				<timestamp>911.567934</timestamp>
			</report>
			<report>
				<misses>3803001</misses>
				<total>46</total>
				<timestamp>911.807821</timestamp>
			</report>
			<report>
				<misses>3804001</misses>
				<total>46</total>
				<timestamp>912.047482</timestamp>
			</report>
			<report>
				<misses>3805001</misses>
				<total>47</total>
				<timestamp>912.287248</timestamp>
			</report>
			<report>
				<misses>3806001</misses>
				<total>46</total>
				<timestamp>912.527114</timestamp>
			</report>
			<report>
				<misses>3807001</misses>
				<total>46</total>
				<timestamp>912.766862</timestamp>
			</report>
			<report>
				<misses>3808001</misses>
				<total>47</total>
				<timestamp>913.006574</timestamp>
			</report>
			<report>
				<misses>3809001</misses>
				<total>47</total>
				<timestamp>913.246252</timestamp>
			</report>
			<report>
				<misses>3810001</misses>
				<total>47</total>
				<timestamp>913.486038</timestamp>
			</report>
			<report>
				<misses>3811001</misses>
				<total>46</total>
				<timestamp>913.725920</timestamp>
			</report>
			<report>
				<misses>3812001</misses>
				<total>47</total>
				<timestamp>913.965602</timestamp>
			</report>
			<report>
				<misses>3813001</misses>
				<total>47</total>
				<timestamp>914.205292</timestamp>
			</report>
			<report>
				<misses>3814001</misses>
				<total>47</total>
				<timestamp>914.445082</timestamp>
			</report>
			<report>
				<misses>3815001</misses>
				<total>47</total>
				<timestamp>914.684917</timestamp>
			</report>
			<report>
				<misses>3816001</misses>
				<total>46</total>
				<timestamp>914.924640</timestamp>
			</report>
			<report>
				<misses>3817001</misses>
				<total>47</total>
				<timestamp>915.164338</timestamp>
			</report>
			<report>
				<misses>3818001</misses>
				<total>47</total>
				<timestamp>915.404157</timestamp>
			</report>
			<report>
				<misses>3819001</misses>
				<total>47</total>
				<timestamp>915.643872</timestamp>
			</report>
			<report>
				<misses>3820001</misses>
				<total>46</total>
				<timestamp>915.883643</timestamp>
			</report>
			<report>
				<misses>3821001</misses>
				<total>46</total>
				<timestamp>916.123587</timestamp>
			</report>
			<report>
				<misses>3822001</misses>
				<total>47</total>
				<timestamp>916.363144</timestamp>
			</report>
			<report>
				<misses>3823001</misses>
				<total>47</total>
				<timestamp>916.602914</timestamp>
			</report>
			<report>
				<misses>3824001</misses>
				<total>47</total>
				<timestamp>916.842672</timestamp>
			</report>
			<report>
				<misses>3825001</misses>
				<total>46</total>
				<timestamp>917.082461</timestamp>
			</report>
			<report>
				<misses>3826001</misses>
				<total>46</total>
				<timestamp>917.322291</timestamp>
			</report>
			<report>
				<misses>3827001</misses>
				<total>47</total>
				<timestamp>917.561929</timestamp>
			</report>
			<report>
				<misses>3828001</misses>
				<total>47</total>
				<timestamp>917.801759</timestamp>
			</report>
			<report>
				<misses>3829001</misses>
				<total>46</total>
				<timestamp>918.041555</timestamp>
			</report>
			<report>
				<misses>3830001</misses>
				<total>46</total>
				<timestamp>918.281273</timestamp>
			</report>
			<report>
				<misses>3831001</misses>
				<total>47</total>
				<timestamp>918.520961</timestamp>
			</report>
			<report>
				<misses>3832001</misses>
				<total>47</total>
				<timestamp>918.760736</timestamp>
			</report>
			<report>
				<misses>3833001</misses>
				<total>47</total>
				<timestamp>919.000616</timestamp>
			</report>
			<report>
				<misses>3834001</misses>
				<total>47</total>
				<timestamp>919.240304</timestamp>
			</report>
			<report>
				<misses>3835001</misses>
				<total>47</total>
				<timestamp>919.480037</timestamp>
			</report>
			<report>
				<misses>3836001</misses>
				<total>46</total>
				<timestamp>919.719867</timestamp>
			</report>
			<report>
				<misses>3837001</misses>
				<total>47</total>
				<timestamp>919.959580</timestamp>
			</report>
			<report>
				<misses>3838001</misses>
				<total>47</total>
				<timestamp>920.199290</timestamp>
			</report>
			<report>
				<misses>3839001</misses>
				<total>47</total>
				<timestamp>920.439097</timestamp>
			</report>
			<report>
				<misses>3840001</misses>
				<total>47</total>
				<timestamp>920.678839</timestamp>
			</report>
			<report>
				<misses>3841001</misses>
				<total>46</total>
				<timestamp>920.918629</timestamp>
			</report>
			<report>
				<misses>3842001</misses>
				<total>47</total>
				<timestamp>921.158374</timestamp>
			</report>
			<report>
				<misses>3843001</misses>
				<total>47</total>
				<timestamp>921.398119</timestamp>
			</report>
			<report>
				<misses>3844001</misses>
				<total>47</total>
				<timestamp>921.637940</timestamp>
			</report>
			<report>
				<misses>3845001</misses>
				<total>47</total>
				<timestamp>921.877648</timestamp>
			</report>
			<report>
				<misses>3846001</misses>
				<total>47</total>
				<timestamp>922.117411</timestamp>
			</report>
			<report>
				<misses>3847001</misses>
				<total>47</total>
				<timestamp>922.357136</timestamp>
			</report>
			<report>
				<misses>3848001</misses>
				<total>47</total>
				<timestamp>922.596939</timestamp>
			</report>
			<report>
				<misses>3849001</misses>
				<total>47</total>
				<timestamp>922.836734</timestamp>
			</report>
			<report>
				<misses>3850001</misses>
				<total>47</total>
				<timestamp>923.076413</timestamp>
			</report>
			<report>
				<misses>3851001</misses>
				<total>47</total>
				<timestamp>923.316186</timestamp>
			</report>
			<report>
				<misses>3852001</misses>
				<total>47</total>
				<timestamp>923.555987</timestamp>
			</report>
			<report>
				<misses>3853001</misses>
				<total>47</total>
				<timestamp>923.795744</timestamp>
			</report>
			<report>
				<misses>3854001</misses>
				<total>47</total>
				<timestamp>924.035465</timestamp>
			</report>
			<report>
				<misses>3855001</misses>
				<total>46</total>
				<timestamp>924.275343</timestamp>
			</report>
			<report>
				<misses>3856001</misses>
				<total>47</total>
				<timestamp>924.514994</timestamp>
			</report>
			<report>
				<misses>3857001</misses>
				<total>47</total>
				<timestamp>924.754787</timestamp>
			</report>
			<report>
				<misses>3858001</misses>
				<total>47</total>
				<timestamp>924.994567</timestamp>
			</report>
			<report>
				<misses>3859001</misses>
				<total>47</total>
				<timestamp>925.234255</timestamp>
			</report>
			<report>
				<misses>3860001</misses>
				<total>47</total>
				<timestamp>925.474014</timestamp>
			</report>
			<report>
				<misses>3861001</misses>
				<total>47</total>
				<timestamp>925.713810</timestamp>
			</report>
			<report>
				<misses>3862001</misses>
				<total>46</total>
				<timestamp>925.953605</timestamp>
			</report>
			<report>
				<misses>3863001</misses>
				<total>47</total>
				<timestamp>926.193312</timestamp>
			</report>
			<report>
				<misses>3864001</misses>
				<total>47</total>
				<timestamp>926.433081</timestamp>
			</report>
			<report>
				<misses>3865001</misses>
				<total>47</total>
				<timestamp>926.672822</timestamp>
			</report>
			<report>
				<misses>3866001</misses>
				<total>47</total>
				<timestamp>926.912581</timestamp>
			</report>
			<report>
				<misses>3867001</misses>
				<total>47</total>
				<timestamp>927.152355</timestamp>
			</report>
			<report>
				<misses>3868001</misses>
				<total>47</total>
				<timestamp>927.392100</timestamp>
			</report>
			<report>
				<misses>3869001</misses>
				<total>46</total>
				<timestamp>927.632005</timestamp>
			</report>
			<report>
				<misses>3870001</misses>
				<total>47</total>
				<timestamp>927.871699</timestamp>
			</report>
			<report>
				<misses>3871001</misses>
				<total>46</total>
				<timestamp>928.111438</timestamp>
			</report>
			<report>
				<misses>3872001</misses>
				<total>47</total>
				<timestamp>928.351151</timestamp>
			</report>
			<report>
				<misses>3873001</misses>
				<total>47</total>
				<timestamp>928.590894</timestamp>
			</report>
			<report>
				<misses>3874001</misses>
				<total>47</total>
				<timestamp>928.830661</timestamp>
			</report>
			<report>
				<misses>3875001</misses>
				<total>47</total>
				<timestamp>929.070418</timestamp>
			</report>
			<report>
				<misses>3876001</misses>
				<total>47</total>
				<timestamp>929.310170</timestamp>
			</report>
			<report>
				<misses>3877001</misses>
				<total>47</total>
				<timestamp>929.549992</timestamp>
			</report>
			<report>
				<misses>3878001</misses>
				<total>47</total>
				<timestamp>929.789753</timestamp>
			</report>
			<report>
				<misses>3879001</misses>
				<total>47</total>
				<timestamp>930.029486</timestamp>
			</report>
			<report>
				<misses>3880001</misses>
				<total>47</total>
				<timestamp>930.269232</timestamp>
			</report>
			<report>
				<misses>3881001</misses>
				<total>47</total>
				<timestamp>930.508970</timestamp>
			</report>
			<report>
				<misses>3882001</misses>
				<total>46</total>
				<timestamp>930.748842</timestamp>
			</report>
			<report>
				<misses>3883001</misses>
				<total>47</total>
				<timestamp>930.988525</timestamp>
			</report>
			<report>
				<misses>3884001</misses>
				<total>47</total>
				<timestamp>931.228262</timestamp>
			</report>
			<report>
				<misses>3885001</misses>
				<total>47</total>
				<timestamp>931.468038</timestamp>
			</report>
			<report>
				<misses>3886001</misses>
				<total>47</total>
				<timestamp>931.707794</timestamp>
			</report>
			<report>
				<misses>3887001</misses>
				<total>47</total>
				<timestamp>931.947632</timestamp>
			</report>
			<report>
				<misses>3888001</misses>
				<total>47</total>
				<timestamp>932.187311</timestamp>
			</report>
			<report>
				<misses>3889001</misses>
				<total>47</total>
				<timestamp>932.427065</timestamp>
			</report>
			<report>
				<misses>3890001</misses>
				<total>47</total>
				<timestamp>932.666804</timestamp>
			</report>
			<report>
				<misses>3891001</misses>
				<total>47</total>
				<timestamp>932.906605</timestamp>
			</report>
			<report>
				<misses>3892001</misses>
				<total>46</total>
				<timestamp>933.146391</timestamp>
			</report>
			<report>
				<misses>3893001</misses>
				<total>47</total>
				<timestamp>933.386124</timestamp>
			</report>
			<report>
				<misses>3894001</misses>
				<total>47</total>
				<timestamp>933.625875</timestamp>
			</report>
			<report>
				<misses>3895001</misses>
				<total>46</total>
				<timestamp>933.865675</timestamp>
			</report>
			<report>
				<misses>3896001</misses>
				<total>47</total>
				<timestamp>934.105384</timestamp>
			</report>
			<report>
				<misses>3897001</misses>
				<total>47</total>
				<timestamp>934.345138</timestamp>
			</report>
			<report>
				<misses>3898001</misses>
				<total>47</total>
				<timestamp>934.584916</timestamp>
			</report>
			<report>
				<misses>3899001</misses>
				<total>47</total>
				<timestamp>934.824697</timestamp>
			</report>
			<report>
				<misses>3900001</misses>
				<total>47</total>
				<timestamp>935.064437</timestamp>
			</report>
			<report>
				<misses>3901001</misses>
				<total>47</total>
				<timestamp>935.304179</timestamp>
			</report>
			<report>
				<misses>3902001</misses>
				<total>47</total>
				<timestamp>935.543950</timestamp>
			</report>
			<report>
				<misses>3903001</misses>
				<total>47</total>
				<timestamp>935.783726</timestamp>
			</report>
			<report>
				<misses>3904001</misses>
				<total>47</total>
				<timestamp>936.023502</timestamp>
			</report>
			<report>
				<misses>3905001</misses>
				<total>47</total>
				<timestamp>936.263211</timestamp>
			</report>
			<report>
				<misses>3906001</misses>
				<total>47</total>
				<timestamp>936.503030</timestamp>
			</report>
			<report>
				<misses>3907001</misses>
				<total>47</total>
				<timestamp>936.742770</timestamp>
			</report>
			<report>
				<misses>3908001</misses>
				<total>46</total>
				<timestamp>936.982548</timestamp>
			</report>
			<report>
				<misses>3909001</misses>
				<total>46</total>
				<timestamp>937.222310</timestamp>
			</report>
			<report>
				<misses>3910001</misses>
				<total>47</total>
				<timestamp>937.462113</timestamp>
			</report>
			<report>
				<misses>3911001</misses>
				<total>47</total>
				<timestamp>937.701819</timestamp>
			</report>
			<report>
				<misses>3912001</misses>
				<total>46</total>
				<timestamp>937.941690</timestamp>
			</report>
			<report>
				<misses>3913001</misses>
				<total>46</total>
				<timestamp>938.181473</timestamp>
			</report>
			<report>
				<misses>3914001</misses>
				<total>47</total>
				<timestamp>938.421097</timestamp>
			</report>
			<report>
				<misses>3915001</misses>
				<total>47</total>
				<timestamp>938.660841</timestamp>
			</report>
			<report>
				<misses>3916001</misses>
				<total>47</total>
				<timestamp>938.900653</timestamp>
			</report>
			<report>
				<misses>3917001</misses>
				<total>47</total>
				<timestamp>939.140338</timestamp>
			</report>
			<report>
				<misses>3918001</misses>
				<total>47</total>
				<timestamp>939.380114</timestamp>
			</report>
			<report>
				<misses>3919001</misses>
				<total>47</total>
				<timestamp>939.619853</timestamp>
			</report>
			<report>
				<misses>3920001</misses>
				<total>47</total>
				<timestamp>939.859637</timestamp>
			</report>
			<report>
				<misses>3921001</misses>
				<total>47</total>
				<timestamp>940.099466</timestamp>
			</report>
			<report>
				<misses>3922001</misses>
				<total>47</total>
				<timestamp>940.339136</timestamp>
			</report>
			<report>
				<misses>3923001</misses>
				<total>46</total>
				<timestamp>940.579011</timestamp>
			</report>
			<report>
				<misses>3924001</misses>
				<total>46</total>
				<timestamp>940.818761</timestamp>
			</report>
			<report>
				<misses>3925001</misses>
				<total>47</total>
				<timestamp>941.058447</timestamp>
			</report>
			<report>
				<misses>3926001</misses>
				<total>47</total>
				<timestamp>941.298167</timestamp>
			</report>
			<report>
				<misses>3927001</misses>
				<total>47</total>
				<timestamp>941.537934</timestamp>
			</report>
			<report>
				<misses>3928001</misses>
				<total>47</total>
				<timestamp>941.777733</timestamp>
			</report>
			<report>
				<misses>3929001</misses>
				<total>47</total>
				<timestamp>942.017516</timestamp>
			</report>
			<report>
				<misses>3930001</misses>
				<total>47</total>
				<timestamp>942.257221</timestamp>
			</report>
			<report>
				<misses>3931001</misses>
				<total>47</total>
				<timestamp>942.496982</timestamp>
			</report>
			<report>
				<misses>3932001</misses>
				<total>47</total>
				<timestamp>942.736754</timestamp>
			</report>
			<report>
				<misses>3933001</misses>
				<total>47</total>
				<timestamp>942.976545</timestamp>
			</report>
			<report>
				<misses>3934001</misses>
				<total>46</total>
				<timestamp>943.216264</timestamp>
			</report>
			<report>
				<misses>3935001</misses>
				<total>47</total>
				<timestamp>943.456008</timestamp>
			</report>
			<report>
				<misses>3936001</misses>
				<total>47</total>
				<timestamp>943.695773</timestamp>
			</report>
			<report>
				<misses>3937001</misses>
				<total>47</total>
				<timestamp>943.935517</timestamp>
			</report>
			<report>
				<misses>3938001</misses>
				<total>47</total>
				<timestamp>944.175302</timestamp>
			</report>
			<report>
				<misses>3939001</misses>
				<total>47</total>
				<timestamp>944.415069</timestamp>
			</report>
			<report>
				<misses>3940001</misses>
				<total>47</total>
				<timestamp>944.654888</timestamp>
			</report>
			<report>
				<misses>3941001</misses>
				<total>46</total>
				<timestamp>944.894684</timestamp>
			</report>
			<report>
				<misses>3942001</misses>
				<total>47</total>
				<timestamp>945.134424</timestamp>
			</report>
			<report>
				<misses>3943001</misses>
				<total>47</total>
				<timestamp>945.374120</timestamp>
			</report>
			<report>
				<misses>3944001</misses>
				<total>47</total>
				<timestamp>945.613881</timestamp>
			</report>
			<report>
				<misses>3945001</misses>
				<total>47</total>
				<timestamp>945.853623</timestamp>
			</report>
			<report>
				<misses>3946001</misses>
				<total>47</total>
				<timestamp>946.093461</timestamp>
			</report>
			<report>
				<misses>3947001</misses>
				<total>47</total>
				<timestamp>946.333152</timestamp>
			</report>
			<report>
				<misses>3948001</misses>
				<total>47</total>
				<timestamp>946.572899</timestamp>
			</report>
			<report>
				<misses>3949001</misses>
				<total>47</total>
				<timestamp>946.812657</timestamp>
			</report>
			<report>
				<misses>3950001</misses>
				<total>47</total>
				<timestamp>947.052457</timestamp>
			</report>
			<report>
				<misses>3951001</misses>
				<total>47</total>
				<timestamp>947.292164</timestamp>
			</report>
			<report>
				<misses>3952001</misses>
				<total>47</total>
				<timestamp>947.531960</timestamp>
			</report>
			<report>
				<misses>3953001</misses>
				<total>46</total>
				<timestamp>947.771733</timestamp>
			</report>
			<report>
				<misses>3954001</misses>
				<total>47</total>
				<timestamp>948.011516</timestamp>
			</report>
			<report>
				<misses>3955001</misses>
				<total>47</total>
				<timestamp>948.251231</timestamp>
			</report>
			<report>
				<misses>3956001</misses>
				<total>47</total>
				<timestamp>948.490988</timestamp>
			</report>
			<report>
				<misses>3957001</misses>
				<total>47</total>
				<timestamp>948.730747</timestamp>
			</report>
			<report>
				<misses>3958001</misses>
				<total>47</total>
				<timestamp>948.970531</timestamp>
			</report>
			<report>
				<misses>3959001</misses>
				<total>47</total>
				<timestamp>949.210258</timestamp>
			</report>
			<report>
				<misses>3960001</misses>
				<total>47</total>
				<timestamp>949.450041</timestamp>
			</report>
			<report>
				<misses>3961001</misses>
				<total>47</total>
				<timestamp>949.689809</timestamp>
			</report>
			<report>
				<misses>3962001</misses>
				<total>47</total>
				<timestamp>949.929547</timestamp>
			</report>
			<report>
				<misses>3963001</misses>
				<total>47</total>
				<timestamp>950.169303</timestamp>
			</report>
			<report>
				<misses>3964001</misses>
				<total>47</total>
				<timestamp>950.409068</timestamp>
			</report>
			<report>
				<misses>3965001</misses>
				<total>47</total>
				<timestamp>950.648822</timestamp>
			</report>
			<report>
				<misses>3966001</misses>
				<total>47</total>
				<timestamp>950.888582</timestamp>
			</report>
			<report>
				<misses>3967001</misses>
				<total>47</total>
				<timestamp>951.128363</timestamp>
			</report>
			<report>
				<misses>3968001</misses>
				<total>47</total>
				<timestamp>951.368103</timestamp>
			</report>
			<report>
				<misses>3969001</misses>
				<total>47</total>
				<timestamp>951.607873</timestamp>
			</report>
			<report>
				<misses>3970001</misses>
				<total>47</total>
				<timestamp>951.847624</timestamp>
			</report>
			<report>
				<misses>3971001</misses>
				<total>46</total>
				<timestamp>952.087412</timestamp>
			</report>
			<report>
				<misses>3972001</misses>
				<total>47</total>
				<timestamp>952.327138</timestamp>
			</report>
			<report>
				<misses>3973001</misses>
				<total>47</total>
				<timestamp>952.566928</timestamp>
			</report>
			<report>
				<misses>3974001</misses>
				<total>46</total>
				<timestamp>952.806803</timestamp>
			</report>
			<report>
				<misses>3975001</misses>
				<total>47</total>
				<timestamp>953.046523</timestamp>
			</report>
			<report>
				<misses>3976001</misses>
				<total>47</total>
				<timestamp>953.286268</timestamp>
			</report>
			<report>
				<misses>3977001</misses>
				<total>47</total>
				<timestamp>953.525962</timestamp>
			</report>
			<report>
				<misses>3978001</misses>
				<total>46</total>
				<timestamp>953.765835</timestamp>
			</report>
			<report>
				<misses>3979001</misses>
				<total>47</total>
				<timestamp>954.005532</timestamp>
			</report>
			<report>
				<misses>3980001</misses>
				<total>47</total>
				<timestamp>954.245290</timestamp>
			</report>
			<report>
				<misses>3981001</misses>
				<total>47</total>
				<timestamp>954.485025</timestamp>
			</report>
			<report>
				<misses>3982001</misses>
				<total>47</total>
				<timestamp>954.724832</timestamp>
			</report>
			<report>
				<misses>3983001</misses>
				<total>47</total>
				<timestamp>954.964582</timestamp>
			</report>
			<report>
				<misses>3984001</misses>
				<total>46</total>
				<timestamp>955.204365</timestamp>
			</report>
			<report>
				<misses>3985001</misses>
				<total>47</total>
				<timestamp>955.444046</timestamp>
			</report>
			<report>
				<misses>3986001</misses>
				<total>46</total>
				<timestamp>955.683877</timestamp>
			</report>
			<report>
				<misses>3987001</misses>
				<total>47</total>
				<timestamp>955.923669</timestamp>
			</report>
			<report>
				<misses>3988001</misses>
				<total>47</total>
				<timestamp>956.163396</timestamp>
			</report>
			<report>
				<misses>3989001</misses>
				<total>48</total>
				<timestamp>956.403103</timestamp>
			</report>
			<report>
				<misses>3990001</misses>
				<total>48</total>
				<timestamp>956.642823</timestamp>
			</report>
			<report>
				<misses>3991001</misses>
				<total>47</total>
				<timestamp>956.882653</timestamp>
			</report>
			<report>
				<misses>3992001</misses>
				<total>48</total>
				<timestamp>957.122374</timestamp>
			</report>
			<report>
				<misses>3993001</misses>
				<total>48</total>
				<timestamp>957.362099</timestamp>
			</report>
			<report>
				<misses>3994001</misses>
				<total>47</total>
				<timestamp>957.601891</timestamp>
			</report>
			<report>
				<misses>3995001</misses>
				<total>48</total>
				<timestamp>957.841624</timestamp>
			</report>
			<report>
				<misses>3996001</misses>
				<total>47</total>
				<timestamp>958.081419</timestamp>
			</report>
			<report>
				<misses>3997001</misses>
				<total>48</total>
				<timestamp>958.321126</timestamp>
			</report>
			<report>
				<misses>3998001</misses>
				<total>48</total>
				<timestamp>958.560899</timestamp>
			</report>
			<report>
				<misses>3999001</misses>
				<total>48</total>
				<timestamp>958.800708</timestamp>
			</report>
			<report>
				<misses>4000001</misses>
				<total>48</total>
				<timestamp>959.040450</timestamp>
			</report>
			<report>
				<misses>4001001</misses>
				<total>48</total>
				<timestamp>959.280180</timestamp>
			</report>
			<report>
				<misses>4002001</misses>
				<total>48</total>
				<timestamp>959.519933</timestamp>
			</report>
			<report>
				<misses>4003001</misses>
				<total>48</total>
				<timestamp>959.759723</timestamp>
			</report>
			<report>
				<misses>4004001</misses>
				<total>48</total>
				<timestamp>959.999463</timestamp>
			</report>
			<report>
				<misses>4005001</misses>
				<total>48</total>
				<timestamp>960.239259</timestamp>
			</report>
			<report>
				<misses>4006001</misses>
				<total>48</total>
				<timestamp>960.478978</timestamp>
			</report>
			<report>
				<misses>4007001</misses>
				<total>48</total>
				<timestamp>960.718742</timestamp>
			</report>
			<report>
				<misses>4008001</misses>
				<total>48</total>
				<timestamp>960.958496</timestamp>
			</report>
			<report>
				<misses>4009001</misses>
				<total>48</total>
				<timestamp>961.198305</timestamp>
			</report>
			<report>
				<misses>4010001</misses>
				<total>48</total>
				<timestamp>961.438007</timestamp>
			</report>
			<report>
				<misses>4011001</misses>
				<total>48</total>
				<timestamp>961.677797</timestamp>
			</report>
			<report>
				<misses>4012001</misses>
				<total>48</total>
				<timestamp>961.917565</timestamp>
			</report>
			<report>
				<misses>4013001</misses>
				<total>48</total>
				<timestamp>962.157317</timestamp>
			</report>
			<report>
				<misses>4014001</misses>
				<total>47</total>
				<timestamp>962.397174</timestamp>
			</report>
			<report>
				<misses>4015001</misses>
				<total>48</total>
				<timestamp>962.636875</timestamp>
			</report>
			<report>
				<misses>4016001</misses>
				<total>47</total>
				<timestamp>962.876678</timestamp>
			</report>
			<report>
				<misses>4017001</misses>
				<total>48</total>
				<timestamp>963.116378</timestamp>
			</report>
			<report>
				<misses>4018001</misses>
				<total>47</total>
				<timestamp>963.356194</timestamp>
			</report>
			<report>
				<misses>4019001</misses>
				<total>48</total>
				<timestamp>963.595856</timestamp>
			</report>
			<report>
				<misses>4020001</misses>
				<total>48</total>
				<timestamp>963.835632</timestamp>
			</report>
			<report>
				<misses>4021001</misses>
				<total>47</total>
				<timestamp>964.075489</timestamp>
			</report>
			<report>
				<misses>4022001</misses>
				<total>48</total>
				<timestamp>964.315153</timestamp>
			</report>
			<report>
				<misses>4023001</misses>
				<total>48</total>
				<timestamp>964.554909</timestamp>
			</report>
			<report>
				<misses>4024001</misses>
				<total>48</total>
				<timestamp>964.794654</timestamp>
			</report>
			<report>
				<misses>4025001</misses>
				<total>48</total>
				<timestamp>965.034442</timestamp>
			</report>
			<report>
				<misses>4026001</misses>
				<total>48</total>
				<timestamp>965.274226</timestamp>
			</report>
			<report>
				<misses>4027001</misses>
				<total>48</total>
				<timestamp>965.513950</timestamp>
			</report>
			<report>
				<misses>4028001</misses>
				<total>48</total>
				<timestamp>965.753700</timestamp>
			</report>
			<report>
				<misses>4029001</misses>
				<total>48</total>
				<timestamp>965.993469</timestamp>
			</report>
			<report>
				<misses>4030001</misses>
				<total>48</total>
				<timestamp>966.233217</timestamp>
			</report>
			<report>
				<misses>4031001</misses>
				<total>48</total>
				<timestamp>966.472963</timestamp>
			</report>
			<report>
				<misses>4032001</misses>
				<total>48</total>
				<timestamp>966.712745</timestamp>
			</report>
			<report>
				<misses>4033001</misses>
				<total>48</total>
				<timestamp>966.952510</timestamp>
			</report>
			<report>
				<misses>4034001</misses>
				<total>48</total>
				<timestamp>967.192309</timestamp>
			</report>
			<report>
				<misses>4035001</misses>
				<total>48</total>
				<timestamp>967.432012</timestamp>
			</report>
			<report>
				<misses>4036001</misses>
				<total>47</total>
				<timestamp>967.671899</timestamp>
			</report>
			<report>
				<misses>4037001</misses>
				<total>47</total>
				<timestamp>967.911685</timestamp>
			</report>
			<report>
				<misses>4038001</misses>
				<total>47</total>
				<timestamp>968.151444</timestamp>
			</report>
			<report>
				<misses>4039001</misses>
				<total>47</total>
				<timestamp>968.391102</timestamp>
			</report>
			<report>
				<misses>4040001</misses>
				<total>48</total>
				<timestamp>968.630817</timestamp>
			</report>
			<report>
				<misses>4041001</misses>
				<total>51</total>
				<timestamp>968.870582</timestamp>
			</report>
			<report>
				<misses>4042001</misses>
				<total>50</total>
				<timestamp>969.110448</timestamp>
			</report>
			<report>
				<misses>4043001</misses>
				<total>51</total>
				<timestamp>969.350095</timestamp>
			</report>
			<report>
				<misses>4044001</misses>
				<total>51</total>
				<timestamp>969.589875</timestamp>
			</report>
			<report>
				<misses>4045001</misses>
				<total>51</total>
				<timestamp>969.829638</timestamp>
			</report>
			<report>
				<misses>4046001</misses>
				<total>51</total>
				<timestamp>970.069444</timestamp>
			</report>
			<report>
				<misses>4047001</misses>
				<total>51</total>
				<timestamp>970.309146</timestamp>
			</report>
			<report>
				<misses>4048001</misses>
				<total>51</total>
				<timestamp>970.548910</timestamp>
			</report>
			<report>
				<misses>4049001</misses>
				<total>51</total>
				<timestamp>970.788650</timestamp>
			</report>
			<report>
				<misses>4050001</misses>
				<total>51</total>
				<timestamp>971.028422</timestamp>
			</report>
			<report>
				<misses>4051001</misses>
				<total>51</total>
				<timestamp>971.268198</timestamp>
			</report>
			<report>
				<misses>4052001</misses>
				<total>51</total>
				<timestamp>971.508008</timestamp>
			</report>
			<report>
				<misses>4053001</misses>
				<total>51</total>
				<timestamp>971.747752</timestamp>
			</report>
			<report>
				<misses>4054001</misses>
				<total>51</total>
				<timestamp>971.987463</timestamp>
			</report>
			<report>
				<misses>4055001</misses>
				<total>51</total>
				<timestamp>972.227248</timestamp>
			</report>
			<report>
				<misses>4056001</misses>
				<total>51</total>
				<timestamp>972.467000</timestamp>
			</report>
			<report>
				<misses>4057001</misses>
				<total>51</total>
				<timestamp>972.706771</timestamp>
			</report>
			<report>
				<misses>4058001</misses>
				<total>50</total>
				<timestamp>972.946554</timestamp>
			</report>
			<report>
				<misses>4059001</misses>
				<total>51</total>
				<timestamp>973.186323</timestamp>
			</report>
			<report>
				<misses>4060001</misses>
				<total>51</total>
				<timestamp>973.426040</timestamp>
			</report>
			<report>
				<misses>4061001</misses>
				<total>50</total>
				<timestamp>973.665806</timestamp>
			</report>
			<report>
				<misses>4062001</misses>
				<total>51</total>
				<timestamp>973.905616</timestamp>
			</report>
			<report>
				<misses>4063001</misses>
				<total>51</total>
				<timestamp>974.145333</timestamp>
			</report>
			<report>
				<misses>4064001</misses>
				<total>51</total>
				<timestamp>974.385052</timestamp>
			</report>
			<report>
				<misses>4065001</misses>
				<total>51</total>
				<timestamp>974.624846</timestamp>
			</report>
			<report>
				<misses>4066001</misses>
				<total>50</total>
				<timestamp>974.864590</timestamp>
			</report>
			<report>
				<misses>4067001</misses>
				<total>50</total>
				<timestamp>975.104468</timestamp>
			</report>
			<report>
				<misses>4068001</misses>
				<total>50</total>
				<timestamp>975.344196</timestamp>
			</report>
			<report>
				<misses>4069001</misses>
				<total>51</total>
				<timestamp>975.583877</timestamp>
			</report>
			<report>
				<misses>4070001</misses>
				<total>51</total>
				<timestamp>975.823681</timestamp>
			</report>
			<report>
				<misses>4071001</misses>
				<total>51</total>
				<timestamp>976.063407</timestamp>
			</report>
			<report>
				<misses>4072001</misses>
				<total>51</total>
				<timestamp>976.303125</timestamp>
			</report>
			<report>
				<misses>4073001</misses>
				<total>51</total>
				<timestamp>976.542901</timestamp>
			</report>
			<report>
				<misses>4074001</misses>
				<total>50</total>
				<timestamp>976.782736</timestamp>
			</report>
			<report>
				<misses>4075001</misses>
				<total>51</total>
				<timestamp>977.022475</timestamp>
			</report>
			<report>
				<misses>4076001</misses>
				<total>51</total>
				<timestamp>977.262203</timestamp>
			</report>
			<report>
				<misses>4077001</misses>
				<total>51</total>
				<timestamp>977.501936</timestamp>
			</report>
			<report>
				<misses>4078001</misses>
				<total>51</total>
				<timestamp>977.741731</timestamp>
			</report>
			<report>
				<misses>4079001</misses>
				<total>51</total>
				<timestamp>977.981464</timestamp>
			</report>
			<report>
				<misses>4080001</misses>
				<total>51</total>
				<timestamp>978.221245</timestamp>
			</report>
			<report>
				<misses>4081001</misses>
				<total>51</total>
				<timestamp>978.460979</timestamp>
			</report>
			<report>
				<misses>4082001</misses>
				<total>51</total>
				<timestamp>978.700749</timestamp>
			</report>
			<report>
				<misses>4083001</misses>
				<total>51</total>
				<timestamp>978.940533</timestamp>
			</report>
			<report>
				<misses>4084001</misses>
				<total>51</total>
				<timestamp>979.180292</timestamp>
			</report>
			<report>
				<misses>4085001</misses>
				<total>51</total>
				<timestamp>979.420011</timestamp>
			</report>
			<report>
				<misses>4086001</misses>
				<total>51</total>
				<timestamp>979.659793</timestamp>
			</report>
			<report>
				<misses>4087001</misses>
				<total>51</total>
				<timestamp>979.899518</timestamp>
			</report>
			<report>
				<misses>4088001</misses>
				<total>51</total>
				<timestamp>980.139320</timestamp>
			</report>
			<report>
				<misses>4089001</misses>
				<total>51</total>
				<timestamp>980.379086</timestamp>
			</report>
			<report>
				<misses>4090001</misses>
				<total>50</total>
				<timestamp>980.618861</timestamp>
			</report>
			<report>
				<misses>4091001</misses>
				<total>50</total>
				<timestamp>980.858626</timestamp>
			</report>
			<report>
				<misses>4092001</misses>
				<total>51</total>
				<timestamp>981.098410</timestamp>
			</report>
			<report>
				<misses>4093001</misses>
				<total>51</total>
				<timestamp>981.338112</timestamp>
			</report>
			<report>
				<misses>4094001</misses>
				<total>51</total>
				<timestamp>981.577867</timestamp>
			</report>
			<report>
				<misses>4095001</misses>
				<total>51</total>
				<timestamp>981.817656</timestamp>
			</report>
			<report>
				<misses>4096001</misses>
				<total>51</total>
				<timestamp>982.057408</timestamp>
			</report>
			<report>
				<misses>4097001</misses>
				<total>50</total>
				<timestamp>982.297303</timestamp>
			</report>
			<report>
				<misses>4098001</misses>
				<total>51</total>
				<timestamp>982.536885</timestamp>
			</report>
			<report>
				<misses>4099001</misses>
				<total>51</total>
				<timestamp>982.776674</timestamp>
			</report>
			<report>
				<misses>4100001</misses>
				<total>50</total>
				<timestamp>983.016503</timestamp>
			</report>
			<report>
				<misses>4101001</misses>
				<total>50</total>
				<timestamp>983.256292</timestamp>
			</report>
			<report>
				<misses>4102001</misses>
				<total>51</total>
				<timestamp>983.495943</timestamp>
			</report>
			<report>
				<misses>4103001</misses>
				<total>51</total>
				<timestamp>983.735724</timestamp>
			</report>
			<report>
				<misses>4104001</misses>
				<total>51</total>
				<timestamp>983.975456</timestamp>
			</report>
			<report>
				<misses>4105001</misses>
				<total>51</total>
				<timestamp>984.215238</timestamp>
			</report>
			<report>
				<misses>4106001</misses>
				<total>50</total>
				<timestamp>984.455109</timestamp>
			</report>
			<report>
				<misses>4107001</misses>
				<total>51</total>
				<timestamp>984.694747</timestamp>
			</report>
			<report>
				<misses>4108001</misses>
				<total>51</total>
				<timestamp>984.934533</timestamp>
			</report>
			<report>
				<misses>4109001</misses>
				<total>50</total>
				<timestamp>985.174381</timestamp>
			</report>
			<report>
				<misses>4110001</misses>
				<total>51</total>
				<timestamp>985.414027</timestamp>
			</report>
			<report>
				<misses>4111001</misses>
				<total>51</total>
				<timestamp>985.653793</timestamp>
			</report>
			<report>
				<misses>4112001</misses>
				<total>50</total>
				<timestamp>985.893659</timestamp>
			</report>
			<report>
				<misses>4113001</misses>
				<total>51</total>
				<timestamp>986.133365</timestamp>
			</report>
			<report>
				<misses>4114001</misses>
				<total>51</total>
				<timestamp>986.373153</timestamp>
			</report>
			<report>
				<misses>4115001</misses>
				<total>51</total>
				<timestamp>986.612838</timestamp>
			</report>
			<report>
				<misses>4116001</misses>
				<total>51</total>
				<timestamp>986.852579</timestamp>
			</report>
			<report>
				<misses>4117001</misses>
				<total>51</total>
				<timestamp>987.092381</timestamp>
			</report>
			<report>
				<misses>4118001</misses>
				<total>51</total>
				<timestamp>987.332131</timestamp>
			</report>
			<report>
				<misses>4119001</misses>
				<total>51</total>
				<timestamp>987.571888</timestamp>
			</report>
			<report>
				<misses>4120001</misses>
				<total>50</total>
				<timestamp>987.811753</timestamp>
			</report>
			<report>
				<misses>4121001</misses>
				<total>51</total>
				<timestamp>988.051399</timestamp>
			</report>
			<report>
				<misses>4122001</misses>
				<total>51</total>
				<timestamp>988.291183</timestamp>
			</report>
			<report>
				<misses>4123001</misses>
				<total>51</total>
				<timestamp>988.530974</timestamp>
			</report>
			<report>
				<misses>4124001</misses>
				<total>50</total>
				<timestamp>988.770780</timestamp>
			</report>
			<report>
				<misses>4125001</misses>
				<total>50</total>
				<timestamp>989.010566</timestamp>
			</report>
			<report>
				<misses>4126001</misses>
				<total>51</total>
				<timestamp>989.250225</timestamp>
			</report>
			<report>
				<misses>4127001</misses>
				<total>51</total>
				<timestamp>989.489932</timestamp>
			</report>
			<report>
				<misses>4128001</misses>
				<total>51</total>
				<timestamp>989.729706</timestamp>
			</report>
			<report>
				<misses>4129001</misses>
				<total>51</total>
				<timestamp>989.969529</timestamp>
			</report>
			<report>
				<misses>4130001</misses>
				<total>51</total>
				<timestamp>990.209263</timestamp>
			</report>
			<report>
				<misses>4131001</misses>
				<total>51</total>
				<timestamp>990.448978</timestamp>
			</report>
			<report>
				<misses>4132001</misses>
				<total>51</total>
				<timestamp>990.688799</timestamp>
			</report>
			<report>
				<misses>4133001</misses>
				<total>51</total>
				<timestamp>990.928511</timestamp>
			</report>
			<report>
				<misses>4134001</misses>
				<total>50</total>
				<timestamp>991.168340</timestamp>
			</report>
			<report>
				<misses>4135001</misses>
				<total>51</total>
				<timestamp>991.408022</timestamp>
			</report>
			<report>
				<misses>4136001</misses>
				<total>51</total>
				<timestamp>991.647769</timestamp>
			</report>
			<report>
				<misses>4137001</misses>
				<total>51</total>
				<timestamp>991.887553</timestamp>
			</report>
			<report>
				<misses>4138001</misses>
				<total>51</total>
				<timestamp>992.127307</timestamp>
			</report>
			<report>
				<misses>4139001</misses>
				<total>50</total>
				<timestamp>992.367193</timestamp>
			</report>
			<report>
				<misses>4140001</misses>
				<total>51</total>
				<timestamp>992.606841</timestamp>
			</report>
			<report>
				<misses>4141001</misses>
				<total>51</total>
				<timestamp>992.846621</timestamp>
			</report>
			<report>
				<misses>4142001</misses>
				<total>51</total>
				<timestamp>993.086363</timestamp>
			</report>
			<report>
				<misses>4143001</misses>
				<total>50</total>
				<timestamp>993.326179</timestamp>
			</report>
			<report>
				<misses>4144001</misses>
				<total>51</total>
				<timestamp>993.565915</timestamp>
			</report>
			<report>
				<misses>4145001</misses>
				<total>51</total>
				<timestamp>993.805669</timestamp>
			</report>
			<report>
				<misses>4146001</misses>
				<total>51</total>
				<timestamp>994.045380</timestamp>
			</report>
			<report>
				<misses>4147001</misses>
				<total>51</total>
				<timestamp>994.285147</timestamp>
			</report>
			<report>
				<misses>4148001</misses>
				<total>50</total>
				<timestamp>994.525038</timestamp>
			</report>
			<report>
				<misses>4149001</misses>
				<total>51</total>
				<timestamp>994.764681</timestamp>
			</report>
			<report>
				<misses>4150001</misses>
				<total>50</total>
				<timestamp>995.004485</timestamp>
			</report>
			<report>
				<misses>4151001</misses>
				<total>51</total>
				<timestamp>995.244238</timestamp>
			</report>
			<report>
				<misses>4152001</misses>
				<total>50</total>
				<timestamp>995.484059</timestamp>
			</report>
			<report>
				<misses>4153001</misses>
				<total>51</total>
				<timestamp>995.723723</timestamp>
			</report>
			<report>
				<misses>4154001</misses>
				<total>50</total>
				<timestamp>995.963548</timestamp>
			</report>
			<report>
				<misses>4155001</misses>
				<total>51</total>
				<timestamp>996.203265</timestamp>
			</report>
			<report>
				<misses>4156001</misses>
				<total>51</total>
				<timestamp>996.442975</timestamp>
			</report>
			<report>
				<misses>4157001</misses>
				<total>50</total>
				<timestamp>996.682834</timestamp>
			</report>
			<report>
				<misses>4158001</misses>
				<total>51</total>
				<timestamp>996.922497</timestamp>
			</report>
			<report>
				<misses>4159001</misses>
				<total>50</total>
				<timestamp>997.162305</timestamp>
			</report>
			<report>
				<misses>4160001</misses>
				<total>51</total>
				<timestamp>997.402018</timestamp>
			</report>
			<report>
				<misses>4161001</misses>
				<total>51</total>
				<timestamp>997.641769</timestamp>
			</report>
			<report>
				<misses>4162001</misses>
				<total>51</total>
				<timestamp>997.881556</timestamp>
			</report>
			<report>
				<misses>4163001</misses>
				<total>51</total>
				<timestamp>998.121324</timestamp>
			</report>
			<report>
				<misses>4164001</misses>
				<total>51</total>
				<timestamp>998.361110</timestamp>
			</report>
			<report>
				<misses>4165001</misses>
				<total>50</total>
				<timestamp>998.600942</timestamp>
			</report>
			<report>
				<misses>4166001</misses>
				<total>50</total>
				<timestamp>998.840604</timestamp>
			</report>
			<report>
				<misses>4167001</misses>
				<total>51</total>
				<timestamp>999.080335</timestamp>
			</report>
			<report>
				<misses>4168001</misses>
				<total>50</total>
				<timestamp>999.320224</timestamp>
			</report>
			<report>
				<misses>4169001</misses>
				<total>51</total>
				<timestamp>999.559878</timestamp>
			</report>
			<report>
				<misses>4170001</misses>
				<total>51</total>
				<timestamp>999.799610</timestamp>
			</report>
			<report>
				<misses>4171001</misses>
				<total>51</total>
				<timestamp>1000.039383</timestamp>
			</report>
			<report>
				<misses>4172001</misses>
				<total>50</total>
				<timestamp>1000.279250</timestamp>
			</report>
			<report>
				<misses>4173001</misses>
				<total>50</total>
				<timestamp>1000.519054</timestamp>
			</report>
			<report>
				<misses>4174001</misses>
				<total>51</total>
				<timestamp>1000.758672</timestamp>
			</report>
			<report>
				<misses>4175001</misses>
				<total>51</total>
				<timestamp>1000.998467</timestamp>
			</report>
			<report>
				<misses>4176001</misses>
				<total>50</total>
				<timestamp>1001.238344</timestamp>
			</report>
			<report>
				<misses>4177001</misses>
				<total>51</total>
				<timestamp>1001.477920</timestamp>
			</report>
			<report>
				<misses>4178001</misses>
				<total>51</total>
				<timestamp>1001.717711</timestamp>
			</report>
			<report>
				<misses>4179001</misses>
				<total>51</total>
				<timestamp>1001.957466</timestamp>
			</report>
			<report>
				<misses>4180001</misses>
				<total>51</total>
				<timestamp>1002.197231</timestamp>
			</report>
			<report>
				<misses>4181001</misses>
				<total>51</total>
				<timestamp>1002.436974</timestamp>
			</report>
			<report>
				<misses>4182001</misses>
				<total>51</total>
				<timestamp>1002.676763</timestamp>
			</report>
			<report>
				<misses>4183001</misses>
				<total>51</total>
				<timestamp>1002.916505</timestamp>
			</report>
			<report>
				<misses>4184001</misses>
				<total>51</total>
				<timestamp>1003.156255</timestamp>
			</report>
			<report>
				<misses>4185001</misses>
				<total>51</total>
				<timestamp>1003.396077</timestamp>
			</report>
			<report>
				<misses>4186001</misses>
				<total>51</total>
				<timestamp>1003.635782</timestamp>
			</report>
			<report>
				<misses>4187001</misses>
				<total>51</total>
				<timestamp>1003.875562</timestamp>
			</report>
			<report>
				<misses>4188001</misses>
				<total>51</total>
				<timestamp>1004.115292</timestamp>
			</report>
			<report>
				<misses>4189001</misses>
				<total>51</total>
				<timestamp>1004.355061</timestamp>
			</report>
			<report>
				<misses>4190001</misses>
				<total>51</total>
				<timestamp>1004.594830</timestamp>
			</report>
			<report>
				<misses>4191001</misses>
				<total>51</total>
				<timestamp>1004.834569</timestamp>
			</report>
			<report>
				<misses>4192001</misses>
				<total>51</total>
				<timestamp>1005.074357</timestamp>
			</report>
			<report>
				<misses>4193001</misses>
				<total>51</total>
				<timestamp>1005.314105</timestamp>
			</report>
			<report>
				<misses>4194001</misses>
				<total>51</total>
				<timestamp>1005.553880</timestamp>
			</report>
			<report>
				<misses>4195001</misses>
				<total>51</total>
				<timestamp>1005.793649</timestamp>
			</report>
			<report>
				<misses>4196001</misses>
				<total>51</total>
				<timestamp>1006.033374</timestamp>
			</report>
			<report>
				<misses>4197001</misses>
				<total>51</total>
				<timestamp>1006.273129</timestamp>
			</report>
			<report>
				<misses>4198001</misses>
				<total>51</total>
				<timestamp>1006.512914</timestamp>
			</report>
			<report>
				<misses>4199001</misses>
				<total>50</total>
				<timestamp>1006.752770</timestamp>
			</report>
			<report>
				<misses>4200001</misses>
				<total>50</total>
				<timestamp>1006.992536</timestamp>
			</report>
			<report>
				<misses>4201001</misses>
				<total>50</total>
				<timestamp>1007.232288</timestamp>
			</report>
			<report>
				<misses>4202001</misses>
				<total>50</total>
				<timestamp>1007.472017</timestamp>
			</report>
			<report>
				<misses>4203001</misses>
				<total>50</total>
				<timestamp>1007.711817</timestamp>
			</report>
			<report>
				<misses>4204001</misses>
				<total>50</total>
				<timestamp>1007.951554</timestamp>
			</report>
			<report>
				<misses>4205001</misses>
				<total>50</total>
				<timestamp>1008.191287</timestamp>
			</report>
			<report>
				<misses>4206001</misses>
				<total>51</total>
				<timestamp>1008.431111</timestamp>
			</report>
			<report>
				<misses>4207001</misses>
				<total>51</total>
				<timestamp>1008.670808</timestamp>
			</report>
			<report>
				<misses>4208001</misses>
				<total>52</total>
				<timestamp>1008.910582</timestamp>
			</report>
			<report>
				<misses>4209001</misses>
				<total>51</total>
				<timestamp>1009.150330</timestamp>
			</report>
			<report>
				<misses>4210001</misses>
				<total>51</total>
				<timestamp>1009.390126</timestamp>
			</report>
			<report>
				<misses>4211001</misses>
				<total>52</total>
				<timestamp>1009.629778</timestamp>
			</report>
			<report>
				<misses>4212001</misses>
				<total>52</total>
				<timestamp>1009.869565</timestamp>
			</report>
			<report>
				<misses>4213001</misses>
				<total>52</total>
				<timestamp>1010.109303</timestamp>
			</report>
			<report>
				<misses>4214001</misses>
				<total>52</total>
				<timestamp>1010.349046</timestamp>
			</report>
			<report>
				<misses>4215001</misses>
				<total>52</total>
				<timestamp>1010.588804</timestamp>
			</report>
			<report>
				<misses>4216001</misses>
				<total>52</total>
				<timestamp>1010.828612</timestamp>
			</report>
			<report>
				<misses>4217001</misses>
				<total>52</total>
				<timestamp>1011.068346</timestamp>
			</report>
			<report>
				<misses>4218001</misses>
				<total>52</total>
				<timestamp>1011.308118</timestamp>
			</report>
			<report>
				<misses>4219001</misses>
				<total>52</total>
				<timestamp>1011.547859</timestamp>
			</report>
			<report>
				<misses>4220001</misses>
				<total>52</total>
				<timestamp>1011.787628</timestamp>
			</report>
			<report>
				<misses>4221001</misses>
				<total>52</total>
				<timestamp>1012.027393</timestamp>
			</report>
			<report>
				<misses>4222001</misses>
				<total>51</total>
				<timestamp>1012.267178</timestamp>
			</report>
			<report>
				<misses>4223001</misses>
				<total>52</total>
				<timestamp>1012.506927</timestamp>
			</report>
			<report>
				<misses>4224001</misses>
				<total>52</total>
				<timestamp>1012.746654</timestamp>
			</report>
			<report>
				<misses>4225001</misses>
				<total>51</total>
				<timestamp>1012.986565</timestamp>
			</report>
			<report>
				<misses>4226001</misses>
				<total>51</total>
				<timestamp>1013.226303</timestamp>
			</report>
			<report>
				<misses>4227001</misses>
				<total>53</total>
				<timestamp>1013.466002</timestamp>
			</report>
			<report>
				<misses>4228001</misses>
				<total>53</total>
				<timestamp>1013.705759</timestamp>
			</report>
			<report>
				<misses>4229001</misses>
				<total>52</total>
				<timestamp>1013.945593</timestamp>
			</report>
			<report>
				<misses>4230001</misses>
				<total>52</total>
				<timestamp>1014.185320</timestamp>
			</report>
			<report>
				<misses>4231001</misses>
				<total>52</total>
				<timestamp>1014.425094</timestamp>
			</report>
			<report>
				<misses>4232001</misses>
				<total>53</total>
				<timestamp>1014.664750</timestamp>
			</report>
			<report>
				<misses>4233001</misses>
				<total>53</total>
				<timestamp>1014.904513</timestamp>
			</report>
			<report>
				<misses>4234001</misses>
				<total>53</total>
				<timestamp>1015.144272</timestamp>
			</report>
			<report>
				<misses>4235001</misses>
				<total>53</total>
				<timestamp>1015.384147</timestamp>
			</report>
			<report>
				<misses>4236001</misses>
				<total>53</total>
				<timestamp>1015.623835</timestamp>
			</report>
			<report>
				<misses>4237001</misses>
				<total>52</total>
				<timestamp>1015.863662</timestamp>
			</report>
			<report>
				<misses>4238001</misses>
				<total>53</total>
				<timestamp>1016.103359</timestamp>
			</report>
			<report>
				<misses>4239001</misses>
				<total>53</total>
				<timestamp>1016.343068</timestamp>
			</report>
			<report>
				<misses>4240001</misses>
				<total>53</total>
				<timestamp>1016.582823</timestamp>
			</report>
			<report>
				<misses>4241001</misses>
				<total>53</total>
				<timestamp>1016.822594</timestamp>
			</report>
			<report>
				<misses>4242001</misses>
				<total>52</total>
				<timestamp>1017.062472</timestamp>
			</report>
			<report>
				<misses>4243001</misses>
				<total>53</total>
				<timestamp>1017.302196</timestamp>
			</report>
			<report>
				<misses>4244001</misses>
				<total>53</total>
				<timestamp>1017.541898</timestamp>
			</report>
			<report>
				<misses>4245001</misses>
				<total>53</total>
				<timestamp>1017.781607</timestamp>
			</report>
			<report>
				<misses>4246001</misses>
				<total>53</total>
				<timestamp>1018.021373</timestamp>
			</report>
			<report>
				<misses>4247001</misses>
				<total>53</total>
				<timestamp>1018.261182</timestamp>
			</report>
			<report>
				<misses>4248001</misses>
				<total>53</total>
				<timestamp>1018.500925</timestamp>
			</report>
			<report>
				<misses>4249001</misses>
				<total>53</total>
				<timestamp>1018.740652</timestamp>
			</report>
			<report>
				<misses>4250001</misses>
				<total>53</total>
				<timestamp>1018.980415</timestamp>
			</report>
			<report>
				<misses>4251001</misses>
				<total>52</total>
				<timestamp>1019.220286</timestamp>
			</report>
			<report>
				<misses>4252001</misses>
				<total>53</total>
				<timestamp>1019.459998</timestamp>
			</report>
			<report>
				<misses>4253001</misses>
				<total>53</total>
				<timestamp>1019.699734</timestamp>
			</report>
			<report>
				<misses>4254001</misses>
				<total>53</total>
				<timestamp>1019.939500</timestamp>
			</report>
			<report>
				<misses>4255001</misses>
				<total>53</total>
				<timestamp>1020.179223</timestamp>
			</report>
			<report>
				<misses>4256001</misses>
				<total>53</total>
				<timestamp>1020.419056</timestamp>
			</report>
			<report>
				<misses>4257001</misses>
				<total>53</total>
				<timestamp>1020.658747</timestamp>
			</report>
			<report>
				<misses>4258001</misses>
				<total>53</total>
				<timestamp>1020.898541</timestamp>
			</report>
			<report>
				<misses>4259001</misses>
				<total>53</total>
				<timestamp>1021.138256</timestamp>
			</report>
			<report>
				<misses>4260001</misses>
				<total>53</total>
				<timestamp>1021.378038</timestamp>
			</report>
			<report>
				<misses>4261001</misses>
				<total>53</total>
				<timestamp>1021.617785</timestamp>
			</report>
			<report>
				<misses>4262001</misses>
				<total>53</total>
				<timestamp>1021.857541</timestamp>
			</report>
			<report>
				<misses>4263001</misses>
				<total>53</total>
				<timestamp>1022.097294</timestamp>
			</report>
			<report>
				<misses>4264001</misses>
				<total>53</total>
				<timestamp>1022.337079</timestamp>
			</report>
			<report>
				<misses>4265001</misses>
				<total>53</total>
				<timestamp>1022.576868</timestamp>
			</report>
			<report>
				<misses>4266001</misses>
				<total>53</total>
				<timestamp>1022.816612</timestamp>
			</report>
			<report>
				<misses>4267001</misses>
				<total>52</total>
				<timestamp>1023.056465</timestamp>
			</report>
			<report>
				<misses>4268001</misses>
				<total>52</total>
				<timestamp>1023.296211</timestamp>
			</report>
			<report>
				<misses>4269001</misses>
				<total>53</total>
				<timestamp>1023.535909</timestamp>
			</report>
			<report>
				<misses>4270001</misses>
				<total>53</total>
				<timestamp>1023.775642</timestamp>
			</report>
			<report>
				<misses>4271001</misses>
				<total>52</total>
				<timestamp>1024.015405</timestamp>
			</report>
			<report>
				<misses>4272001</misses>
				<total>52</total>
				<timestamp>1024.255277</timestamp>
			</report>
			<report>
				<misses>4273001</misses>
				<total>53</total>
				<timestamp>1024.494921</timestamp>
			</report>
			<report>
				<misses>4274001</misses>
				<total>52</total>
				<timestamp>1024.734767</timestamp>
			</report>
			<report>
				<misses>4275001</misses>
				<total>56</total>
				<timestamp>1024.974436</timestamp>
			</report>
			<report>
				<misses>4276001</misses>
				<total>56</total>
				<timestamp>1025.214176</timestamp>
			</report>
			<report>
				<misses>4277001</misses>
				<total>56</total>
				<timestamp>1025.454007</timestamp>
			</report>
			<report>
				<misses>4278001</misses>
				<total>56</total>
				<timestamp>1025.693703</timestamp>
			</report>
			<report>
				<misses>4279001</misses>
				<total>56</total>
				<timestamp>1025.933526</timestamp>
			</report>
			<report>
				<misses>4280001</misses>
				<total>56</total>
				<timestamp>1026.173211</timestamp>
			</report>
			<report>
				<misses>4281001</misses>
				<total>55</total>
				<timestamp>1026.413110</timestamp>
			</report>
			<report>
				<misses>4282001</misses>
				<total>55</total>
				<timestamp>1026.652850</timestamp>
			</report>
			<report>
				<misses>4283001</misses>
				<total>56</total>
				<timestamp>1026.892536</timestamp>
			</report>
			<report>
				<misses>4284001</misses>
				<total>56</total>
				<timestamp>1027.132264</timestamp>
			</report>
			<report>
				<misses>4285001</misses>
				<total>56</total>
				<timestamp>1027.372046</timestamp>
			</report>
			<report>
				<misses>4286001</misses>
				<total>56</total>
				<timestamp>1027.611772</timestamp>
			</report>
			<report>
				<misses>4287001</misses>
				<total>56</total>
				<timestamp>1027.851554</timestamp>
			</report>
			<report>
				<misses>4288001</misses>
				<total>56</total>
				<timestamp>1028.091326</timestamp>
			</report>
			<report>
				<misses>4289001</misses>
				<total>56</total>
				<timestamp>1028.331061</timestamp>
			</report>
			<report>
				<misses>4290001</misses>
				<total>56</total>
				<timestamp>1028.570848</timestamp>
			</report>
			<report>
				<misses>4291001</misses>
				<total>56</total>
				<timestamp>1028.810583</timestamp>
			</report>
			<report>
				<misses>4292001</misses>
				<total>56</total>
				<timestamp>1029.050333</timestamp>
			</report>
			<report>
				<misses>4293001</misses>
				<total>56</total>
				<timestamp>1029.290094</timestamp>
			</report>
			<report>
				<misses>4294001</misses>
				<total>55</total>
				<timestamp>1029.529931</timestamp>
			</report>
			<report>
				<misses>4295001</misses>
				<total>56</total>
				<timestamp>1029.769647</timestamp>
			</report>
			<report>
				<misses>4296001</misses>
				<total>55</total>
				<timestamp>1030.009496</timestamp>
			</report>
			<report>
				<misses>4297001</misses>
				<total>55</total>
				<timestamp>1030.249245</timestamp>
			</report>
			<report>
				<misses>4298001</misses>
				<total>55</total>
				<timestamp>1030.489030</timestamp>
			</report>
			<report>
				<misses>4299001</misses>
				<total>55</total>
				<timestamp>1030.728757</timestamp>
			</report>
			<report>
				<misses>4300001</misses>
				<total>55</total>
				<timestamp>1030.968550</timestamp>
			</report>
			<report>
				<misses>4301001</misses>
				<total>56</total>
				<timestamp>1031.208189</timestamp>
			</report>
			<report>
				<misses>4302001</misses>
				<total>56</total>
				<timestamp>1031.447979</timestamp>
			</report>
			<report>
				<misses>4303001</misses>
				<total>56</total>
				<timestamp>1031.687725</timestamp>
			</report>
			<report>
				<misses>4304001</misses>
				<total>56</total>
				<timestamp>1031.927484</timestamp>
			</report>
			<report>
				<misses>4305001</misses>
				<total>56</total>
				<timestamp>1032.167217</timestamp>
			</report>
			<report>
				<misses>4306001</misses>
				<total>56</total>
				<timestamp>1032.407004</timestamp>
			</report>
			<report>
				<misses>4307001</misses>
				<total>56</total>
				<timestamp>1032.646808</timestamp>
			</report>
			<report>
				<misses>4308001</misses>
				<total>55</total>
				<timestamp>1032.886564</timestamp>
			</report>
			<report>
				<misses>4309001</misses>
				<total>56</total>
				<timestamp>1033.126254</timestamp>
			</report>
			<report>
				<misses>4310001</misses>
				<total>56</total>
				<timestamp>1033.366065</timestamp>
			</report>
			<report>
				<misses>4311001</misses>
				<total>55</total>
				<timestamp>1033.605946</timestamp>
			</report>
			<report>
				<misses>4312001</misses>
				<total>56</total>
				<timestamp>1033.845543</timestamp>
			</report>
			<report>
				<misses>4313001</misses>
				<total>56</total>
				<timestamp>1034.085302</timestamp>
			</report>
			<report>
				<misses>4314001</misses>
				<total>55</total>
				<timestamp>1034.325171</timestamp>
			</report>
			<report>
				<misses>4315001</misses>
				<total>56</total>
				<timestamp>1034.564862</timestamp>
			</report>
			<report>
				<misses>4316001</misses>
				<total>56</total>
				<timestamp>1034.804608</timestamp>
			</report>
			<report>
				<misses>4317001</misses>
				<total>56</total>
				<timestamp>1035.044351</timestamp>
			</report>
			<report>
				<misses>4318001</misses>
				<total>56</total>
				<timestamp>1035.284135</timestamp>
			</report>
			<report>
				<misses>4319001</misses>
				<total>55</total>
				<timestamp>1035.523951</timestamp>
			</report>
			<report>
				<misses>4320001</misses>
				<total>56</total>
				<timestamp>1035.763627</timestamp>
			</report>
			<report>
				<misses>4321001</misses>
				<total>56</total>
				<timestamp>1036.003377</timestamp>
			</report>
			<report>
				<misses>4322001</misses>
				<total>56</total>
				<timestamp>1036.243151</timestamp>
			</report>
			<report>
				<misses>4323001</misses>
				<total>56</total>
				<timestamp>1036.482912</timestamp>
			</report>
			<report>
				<misses>4324001</misses>
				<total>55</total>
				<timestamp>1036.722776</timestamp>
			</report>
			<report>
				<misses>4325001</misses>
				<total>56</total>
				<timestamp>1036.962442</timestamp>
			</report>
			<report>
				<misses>4326001</misses>
				<total>56</total>
				<timestamp>1037.202171</timestamp>
			</report>
			<report>
				<misses>4327001</misses>
				<total>56</total>
				<timestamp>1037.441939</timestamp>
			</report>
			<report>
				<misses>4328001</misses>
				<total>55</total>
				<timestamp>1037.681760</timestamp>
			</report>
			<report>
				<misses>4329001</misses>
				<total>56</total>
				<timestamp>1037.921483</timestamp>
			</report>
			<report>
				<misses>4330001</misses>
				<total>56</total>
				<timestamp>1038.161225</timestamp>
			</report>
			<report>
				<misses>4331001</misses>
				<total>55</total>
				<timestamp>1038.401085</timestamp>
			</report>
			<report>
				<misses>4332001</misses>
				<total>55</total>
				<timestamp>1038.640804</timestamp>
			</report>
			<report>
				<misses>4333001</misses>
				<total>56</total>
				<timestamp>1038.880609</timestamp>
			</report>
			<report>
				<misses>4334001</misses>
				<total>56</total>
				<timestamp>1039.120317</timestamp>
			</report>
			<report>
				<misses>4335001</misses>
				<total>56</total>
				<timestamp>1039.360027</timestamp>
			</report>
			<report>
				<misses>4336001</misses>
				<total>56</total>
				<timestamp>1039.599916</timestamp>
			</report>
			<report>
				<misses>4337001</misses>
				<total>56</total>
				<timestamp>1039.839553</timestamp>
			</report>
			<report>
				<misses>4338001</misses>
				<total>56</total>
				<timestamp>1040.079302</timestamp>
			</report>
			<report>
				<misses>4339001</misses>
				<total>56</total>
				<timestamp>1040.319065</timestamp>
			</report>
			<report>
				<misses>4340001</misses>
				<total>56</total>
				<timestamp>1040.558843</timestamp>
			</report>
			<report>
				<misses>4341001</misses>
				<total>56</total>
				<timestamp>1040.798610</timestamp>
			</report>
			<report>
				<misses>4342001</misses>
				<total>56</total>
				<timestamp>1041.038317</timestamp>
			</report>
			<report>
				<misses>4343001</misses>
				<total>56</total>
				<timestamp>1041.278141</timestamp>
			</report>
			<report>
				<misses>4344001</misses>
				<total>55</total>
				<timestamp>1041.517940</timestamp>
			</report>
			<report>
				<misses>4345001</misses>
				<total>55</total>
				<timestamp>1041.757660</timestamp>
			</report>
			<report>
				<misses>4346001</misses>
				<total>56</total>
				<timestamp>1041.997381</timestamp>
			</report>
			<report>
				<misses>4347001</misses>
				<total>56</total>
				<timestamp>1042.237148</timestamp>
			</report>
			<report>
				<misses>4348001</misses>
				<total>56</total>
				<timestamp>1042.476925</timestamp>
			</report>
			<report>
				<misses>4349001</misses>
				<total>55</total>
				<timestamp>1042.716763</timestamp>
			</report>
			<report>
				<misses>4350001</misses>
				<total>56</total>
				<timestamp>1042.956461</timestamp>
			</report>
			<report>
				<misses>4351001</misses>
				<total>56</total>
				<timestamp>1043.196212</timestamp>
			</report>
			<report>
				<misses>4352001</misses>
				<total>55</total>
				<timestamp>1043.436021</timestamp>
			</report>
			<report>
				<misses>4353001</misses>
				<total>56</total>
				<timestamp>1043.675780</timestamp>
			</report>
			<report>
				<misses>4354001</misses>
				<total>56</total>
				<timestamp>1043.915452</timestamp>
			</report>
			<report>
				<misses>4355001</misses>
				<total>56</total>
				<timestamp>1044.155210</timestamp>
			</report>
			<report>
				<misses>4356001</misses>
				<total>56</total>
				<timestamp>1044.394991</timestamp>
			</report>
			<report>
				<misses>4357001</misses>
				<total>56</total>
				<timestamp>1044.634767</timestamp>
			</report>
			<report>
				<misses>4358001</misses>
				<total>56</total>
				<timestamp>1044.874495</timestamp>
			</report>
			<report>
				<misses>4359001</misses>
				<total>56</total>
				<timestamp>1045.114329</timestamp>
			</report>
			<report>
				<misses>4360001</misses>
				<total>56</total>
				<timestamp>1045.354046</timestamp>
			</report>
			<report>
				<misses>4361001</misses>
				<total>55</total>
				<timestamp>1045.593879</timestamp>
			</report>
			<report>
				<misses>4362001</misses>
				<total>56</total>
				<timestamp>1045.833574</timestamp>
			</report>
			<report>
				<misses>4363001</misses>
				<total>56</total>
				<timestamp>1046.073302</timestamp>
			</report>
			<report>
				<misses>4364001</misses>
				<total>56</total>
				<timestamp>1046.313071</timestamp>
			</report>
			<report>
				<misses>4365001</misses>
				<total>56</total>
				<timestamp>1046.552822</timestamp>
			</report>
			<report>
				<misses>4366001</misses>
				<total>56</total>
				<timestamp>1046.792573</timestamp>
			</report>
			<report>
				<misses>4367001</misses>
				<total>56</total>
				<timestamp>1047.032358</timestamp>
			</report>
			<report>
				<misses>4368001</misses>
				<total>56</total>
				<timestamp>1047.272104</timestamp>
			</report>
			<report>
				<misses>4369001</misses>
				<total>55</total>
				<timestamp>1047.511982</timestamp>
			</report>
			<report>
				<misses>4370001</misses>
				<total>56</total>
				<timestamp>1047.751618</timestamp>
			</report>
			<report>
				<misses>4371001</misses>
				<total>56</total>
				<timestamp>1047.991395</timestamp>
			</report>
			<report>
				<misses>4372001</misses>
				<total>56</total>
				<timestamp>1048.231134</timestamp>
			</report>
			<report>
				<misses>4373001</misses>
				<total>55</total>
				<timestamp>1048.470953</timestamp>
			</report>
			<report>
				<misses>4374001</misses>
				<total>56</total>
				<timestamp>1048.710705</timestamp>
			</report>
			<report>
				<misses>4375001</misses>
				<total>56</total>
				<timestamp>1048.950427</timestamp>
			</report>
			<report>
				<misses>4376001</misses>
				<total>56</total>
				<timestamp>1049.190214</timestamp>
			</report>
			<report>
				<misses>4377001</misses>
				<total>56</total>
				<timestamp>1049.429938</timestamp>
			</report>
			<report>
				<misses>4378001</misses>
				<total>56</total>
				<timestamp>1049.669739</timestamp>
			</report>
			<report>
				<misses>4379001</misses>
				<total>56</total>
				<timestamp>1049.909448</timestamp>
			</report>
			<report>
				<misses>4380001</misses>
				<total>56</total>
				<timestamp>1050.149242</timestamp>
			</report>
			<report>
				<misses>4381001</misses>
				<total>56</total>
				<timestamp>1050.388972</timestamp>
			</report>
			<report>
				<misses>4382001</misses>
				<total>56</total>
				<timestamp>1050.628774</timestamp>
			</report>
			<report>
				<misses>4383001</misses>
				<total>56</total>
				<timestamp>1050.868508</timestamp>
			</report>
			<report>
				<misses>4384001</misses>
				<total>56</total>
				<timestamp>1051.108260</timestamp>
			</report>
			<report>
				<misses>4385001</misses>
				<total>56</total>
				<timestamp>1051.348011</timestamp>
			</report>
			<report>
				<misses>4386001</misses>
				<total>56</total>
				<timestamp>1051.587837</timestamp>
			</report>
			<report>
				<misses>4387001</misses>
				<total>56</total>
				<timestamp>1051.827564</timestamp>
			</report>
			<report>
				<misses>4388001</misses>
				<total>55</total>
				<timestamp>1052.067431</timestamp>
			</report>
			<report>
				<misses>4389001</misses>
				<total>56</total>
				<timestamp>1052.307149</timestamp>
			</report>
			<report>
				<misses>4390001</misses>
				<total>56</total>
				<timestamp>1052.546878</timestamp>
			</report>
			<report>
				<misses>4391001</misses>
				<total>55</total>
				<timestamp>1052.786634</timestamp>
			</report>
			<report>
				<misses>4392001</misses>
				<total>56</total>
				<timestamp>1053.026387</timestamp>
			</report>
			<report>
				<misses>4393001</misses>
				<total>55</total>
				<timestamp>1053.266220</timestamp>
			</report>
			<report>
				<misses>4394001</misses>
				<total>55</total>
				<timestamp>1053.505994</timestamp>
			</report>
			<report>
				<misses>4395001</misses>
				<total>56</total>
				<timestamp>1053.745612</timestamp>
			</report>
			<report>
				<misses>4396001</misses>
				<total>56</total>
				<timestamp>1053.985384</timestamp>
			</report>
			<report>
				<misses>4397001</misses>
				<total>55</total>
				<timestamp>1054.225268</timestamp>
			</report>
			<report>
				<misses>4398001</misses>
				<total>55</total>
				<timestamp>1054.465049</timestamp>
			</report>
			<report>
				<misses>4399001</misses>
				<total>56</total>
				<timestamp>1054.704670</timestamp>
			</report>
			<report>
				<misses>4400001</misses>
				<total>56</total>
				<timestamp>1054.944418</timestamp>
			</report>
			<report>
				<misses>4401001</misses>
				<total>56</total>
				<timestamp>1055.184240</timestamp>
			</report>
			<report>
				<misses>4402001</misses>
				<total>56</total>
				<timestamp>1055.423961</timestamp>
			</report>
			<report>
				<misses>4403001</misses>
				<total>56</total>
				<timestamp>1055.663737</timestamp>
			</report>
			<report>
				<misses>4404001</misses>
				<total>56</total>
				<timestamp>1055.903443</timestamp>
			</report>
			<report>
				<misses>4405001</misses>
				<total>56</total>
				<timestamp>1056.143211</timestamp>
			</report>
			<report>
				<misses>4406001</misses>
				<total>55</total>
				<timestamp>1056.383075</timestamp>
			</report>
			<report>
				<misses>4407001</misses>
				<total>55</total>
				<timestamp>1056.622921</timestamp>
			</report>
			<report>
				<misses>4408001</misses>
				<total>55</total>
				<timestamp>1056.862615</timestamp>
			</report>
			<report>
				<misses>4409001</misses>
				<total>56</total>
				<timestamp>1057.102278</timestamp>
			</report>
			<report>
				<misses>4410001</misses>
				<total>56</total>
				<timestamp>1057.342019</timestamp>
			</report>
			<report>
				<misses>4411001</misses>
				<total>56</total>
				<timestamp>1057.581924</timestamp>
			</report>
			<report>
				<misses>4412001</misses>
				<total>55</total>
				<timestamp>1057.821618</timestamp>
			</report>
			<report>
				<misses>4413001</misses>
				<total>56</total>
				<timestamp>1058.061307</timestamp>
			</report>
			<report>
				<misses>4414001</misses>
				<total>56</total>
				<timestamp>1058.301078</timestamp>
			</report>
			<report>
				<misses>4415001</misses>
				<total>56</total>
				<timestamp>1058.540900</timestamp>
			</report>
			<report>
				<misses>4416001</misses>
				<total>55</total>
				<timestamp>1058.780660</timestamp>
			</report>
			<report>
				<misses>4417001</misses>
				<total>56</total>
				<timestamp>1059.020341</timestamp>
			</report>
			<report>
				<misses>4418001</misses>
				<total>55</total>
				<timestamp>1059.260111</timestamp>
			</report>
			<report>
				<misses>4419001</misses>
				<total>56</total>
				<timestamp>1059.499868</timestamp>
			</report>
			<report>
				<misses>4420001</misses>
				<total>56</total>
				<timestamp>1059.739668</timestamp>
			</report>
			<report>
				<misses>4421001</misses>
				<total>56</total>
				<timestamp>1059.979387</timestamp>
			</report>
			<report>
				<misses>4422001</misses>
				<total>56</total>
				<timestamp>1060.219140</timestamp>
			</report>
			<report>
				<misses>4423001</misses>
				<total>55</total>
				<timestamp>1060.458980</timestamp>
			</report>
			<report>
				<misses>4424001</misses>
				<total>56</total>
				<timestamp>1060.698670</timestamp>
			</report>
			<report>
				<misses>4425001</misses>
				<total>56</total>
				<timestamp>1060.938411</timestamp>
			</report>
			<report>
				<misses>4426001</misses>
				<total>56</total>
				<timestamp>1061.178202</timestamp>
			</report>
			<report>
				<misses>4427001</misses>
				<total>56</total>
				<timestamp>1061.417999</timestamp>
			</report>
			<report>
				<misses>4428001</misses>
				<total>55</total>
				<timestamp>1061.657788</timestamp>
			</report>
			<report>
				<misses>4429001</misses>
				<total>56</total>
				<timestamp>1061.897479</timestamp>
			</report>
			<report>
				<misses>4430001</misses>
				<total>56</total>
				<timestamp>1062.137231</timestamp>
			</report>
			<report>
				<misses>4431001</misses>
				<total>55</total>
				<timestamp>1062.377118</timestamp>
			</report>
			<report>
				<misses>4432001</misses>
				<total>56</total>
				<timestamp>1062.616767</timestamp>
			</report>
			<report>
				<misses>4433001</misses>
				<total>55</total>
				<timestamp>1062.856638</timestamp>
			</report>
			<report>
				<misses>4434001</misses>
				<total>56</total>
				<timestamp>1063.096254</timestamp>
			</report>
			<report>
				<misses>4435001</misses>
				<total>56</total>
				<timestamp>1063.336046</timestamp>
			</report>
			<report>
				<misses>4436001</misses>
				<total>55</total>
				<timestamp>1063.575882</timestamp>
			</report>
			<report>
				<misses>4437001</misses>
				<total>56</total>
				<timestamp>1063.815540</timestamp>
			</report>
			<report>
				<misses>4438001</misses>
				<total>56</total>
				<timestamp>1064.055301</timestamp>
			</report>
			<report>
				<misses>4439001</misses>
				<total>56</total>
				<timestamp>1064.295047</timestamp>
			</report>
			<report>
				<misses>4440001</misses>
				<total>55</total>
				<timestamp>1064.534886</timestamp>
			</report>
			<report>
				<misses>4441001</misses>
				<total>56</total>
				<timestamp>1064.774603</timestamp>
			</report>
			<report>
				<misses>4442001</misses>
				<total>56</total>
				<timestamp>1065.014359</timestamp>
			</report>
			<report>
				<misses>4443001</misses>
				<total>56</total>
				<timestamp>1065.254113</timestamp>
			</report>
			<report>
				<misses>4444001</misses>
				<total>55</total>
				<timestamp>1065.493933</timestamp>
			</report>
			<report>
				<misses>4445001</misses>
				<total>56</total>
				<timestamp>1065.733652</timestamp>
			</report>
			<report>
				<misses>4446001</misses>
				<total>55</total>
				<timestamp>1065.973439</timestamp>
			</report>
			<report>
				<misses>4447001</misses>
				<total>55</total>
				<timestamp>1066.213192</timestamp>
			</report>
			<report>
				<misses>4448001</misses>
				<total>56</total>
				<timestamp>1066.452966</timestamp>
			</report>
			<report>
				<misses>4449001</misses>
				<total>56</total>
				<timestamp>1066.692740</timestamp>
			</report>
			<report>
				<misses>4450001</misses>
				<total>56</total>
				<timestamp>1066.932422</timestamp>
			</report>
			<report>
				<misses>4451001</misses>
				<total>56</total>
				<timestamp>1067.172159</timestamp>
			</report>
			<report>
				<misses>4452001</misses>
				<total>56</total>
				<timestamp>1067.411941</timestamp>
			</report>
			<report>
				<misses>4453001</misses>
				<total>56</total>
				<timestamp>1067.651724</timestamp>
			</report>
			<report>
				<misses>4454001</misses>
				<total>55</total>
				<timestamp>1067.891615</timestamp>
			</report>
			<report>
				<misses>4455001</misses>
				<total>56</total>
				<timestamp>1068.131271</timestamp>
			</report>
			<report>
				<misses>4456001</misses>
				<total>56</total>
				<timestamp>1068.371002</timestamp>
			</report>
			<report>
				<misses>4457001</misses>
				<total>55</total>
				<timestamp>1068.610843</timestamp>
			</report>
			<report>
				<misses>4458001</misses>
				<total>56</total>
				<timestamp>1068.850481</timestamp>
			</report>
			<report>
				<misses>4459001</misses>
				<total>56</total>
				<timestamp>1069.090253</timestamp>
			</report>
			<report>
				<misses>4460001</misses>
				<total>56</total>
				<timestamp>1069.330057</timestamp>
			</report>
			<report>
				<misses>4461001</misses>
				<total>55</total>
				<timestamp>1069.569940</timestamp>
			</report>
			<report>
				<misses>4462001</misses>
				<total>56</total>
				<timestamp>1069.809583</timestamp>
			</report>
			<report>
				<misses>4463001</misses>
				<total>56</total>
				<timestamp>1070.049293</timestamp>
			</report>
			<report>
				<misses>4464001</misses>
				<total>56</total>
				<timestamp>1070.289066</timestamp>
			</report>
			<report>
				<misses>4465001</misses>
				<total>56</total>
				<timestamp>1070.528840</timestamp>
			</report>
			<report>
				<misses>4466001</misses>
				<total>55</total>
				<timestamp>1070.768704</timestamp>
			</report>
			<report>
				<misses>4467001</misses>
				<total>56</total>
				<timestamp>1071.008354</timestamp>
			</report>
			<report>
				<misses>4468001</misses>
				<total>56</total>
				<timestamp>1071.248091</timestamp>
			</report>
			<report>
				<misses>4469001</misses>
				<total>56</total>
				<timestamp>1071.487868</timestamp>
			</report>
			<report>
				<misses>4470001</misses>
				<total>55</total>
				<timestamp>1071.727775</timestamp>
			</report>
			<report>
				<misses>4471001</misses>
				<total>56</total>
				<timestamp>1071.967383</timestamp>
			</report>
			<report>
				<misses>4472001</misses>
				<total>56</total>
				<timestamp>1072.207140</timestamp>
			</report>
			<report>
				<misses>4473001</misses>
				<total>55</total>
				<timestamp>1072.446992</timestamp>
			</report>
			<report>
				<misses>4474001</misses>
				<total>56</total>
				<timestamp>1072.686723</timestamp>
			</report>
			<report>
				<misses>4475001</misses>
				<total>56</total>
				<timestamp>1072.926417</timestamp>
			</report>
			<report>
				<misses>4476001</misses>
				<total>56</total>
				<timestamp>1073.166172</timestamp>
			</report>
			<report>
				<misses>4477001</misses>
				<total>56</total>
				<timestamp>1073.405927</timestamp>
			</report>
			<report>
				<misses>4478001</misses>
				<total>55</total>
				<timestamp>1073.645853</timestamp>
			</report>
			<report>
				<misses>4479001</misses>
				<total>55</total>
				<timestamp>1073.885579</timestamp>
			</report>
			<report>
				<misses>4480001</misses>
				<total>56</total>
				<timestamp>1074.125222</timestamp>
			</report>
			<report>
				<misses>4481001</misses>
				<total>56</total>
				<timestamp>1074.364975</timestamp>
			</report>
			<report>
				<misses>4482001</misses>
				<total>55</total>
				<timestamp>1074.604882</timestamp>
			</report>
			<report>
				<misses>4483001</misses>
				<total>56</total>
				<timestamp>1074.844549</timestamp>
			</report>
			<report>
				<misses>4484001</misses>
				<total>56</total>
				<timestamp>1075.084251</timestamp>
			</report>
			<report>
				<misses>4485001</misses>
				<total>56</total>
				<timestamp>1075.324050</timestamp>
			</report>
			<report>
				<misses>4486001</misses>
				<total>55</total>
				<timestamp>1075.563907</timestamp>
			</report>
			<report>
				<misses>4487001</misses>
				<total>56</total>
				<timestamp>1075.803554</timestamp>
			</report>
			<report>
				<misses>4488001</misses>
				<total>56</total>
				<timestamp>1076.043293</timestamp>
			</report>
			<report>
				<misses>4489001</misses>
				<total>56</total>
				<timestamp>1076.283080</timestamp>
			</report>
			<report>
				<misses>4490001</misses>
				<total>56</total>
				<timestamp>1076.522844</timestamp>
			</report>
			<report>
				<misses>4491001</misses>
				<total>55</total>
				<timestamp>1076.762683</timestamp>
			</report>
			<report>
				<misses>4492001</misses>
				<total>56</total>
				<timestamp>1077.002354</timestamp>
			</report>
			<report>
				<misses>4493001</misses>
				<total>56</total>
				<timestamp>1077.242108</timestamp>
			</report>
			<report>
				<misses>4494001</misses>
				<total>56</total>
				<timestamp>1077.481938</timestamp>
			</report>
			<report>
				<misses>4495001</misses>
				<total>56</total>
				<timestamp>1077.721642</timestamp>
			</report>
			<report>
				<misses>4496001</misses>
				<total>56</total>
				<timestamp>1077.961383</timestamp>
			</report>
			<report>
				<misses>4497001</misses>
				<total>56</total>
				<timestamp>1078.201122</timestamp>
			</report>
			<report>
				<misses>4498001</misses>
				<total>56</total>
				<timestamp>1078.440913</timestamp>
			</report>
			<report>
				<misses>4499001</misses>
				<total>56</total>
				<timestamp>1078.680677</timestamp>
			</report>
			<report>
				<misses>4500001</misses>
				<total>56</total>
				<timestamp>1078.920421</timestamp>
			</report>
			<report>
				<misses>4501001</misses>
				<total>56</total>
				<timestamp>1079.160184</timestamp>
			</report>
			<report>
				<misses>4502001</misses>
				<total>56</total>
				<timestamp>1079.400014</timestamp>
			</report>
			<report>
				<misses>4503001</misses>
				<total>56</total>
				<timestamp>1079.639717</timestamp>
			</report>
			<report>
				<misses>4504001</misses>
				<total>56</total>
				<timestamp>1079.879437</timestamp>
			</report>
			<report>
				<misses>4505001</misses>
				<total>56</total>
				<timestamp>1080.119206</timestamp>
			</report>
			<report>
				<misses>4506001</misses>
				<total>56</total>
				<timestamp>1080.359004</timestamp>
			</report>
			<report>
				<misses>4507001</misses>
				<total>55</total>
				<timestamp>1080.598851</timestamp>
			</report>
			<report>
				<misses>4508001</misses>
				<total>55</total>
				<timestamp>1080.838613</timestamp>
			</report>
			<report>
				<misses>4509001</misses>
				<total>56</total>
				<timestamp>1081.078247</timestamp>
			</report>
			<report>
				<misses>4510001</misses>
				<total>56</total>
				<timestamp>1081.318019</timestamp>
			</report>
			<report>
				<misses>4511001</misses>
				<total>56</total>
				<timestamp>1081.557818</timestamp>
			</report>
			<report>
				<misses>4512001</misses>
				<total>55</total>
				<timestamp>1081.797637</timestamp>
			</report>
			<report>
				<misses>4513001</misses>
				<total>56</total>
				<timestamp>1082.037365</timestamp>
			</report>
			<report>
				<misses>4514001</misses>
				<total>55</total>
				<timestamp>1082.277146</timestamp>
			</report>
			<report>
				<misses>4515001</misses>
				<total>56</total>
				<timestamp>1082.516825</timestamp>
			</report>
			<report>
				<misses>4516001</misses>
				<total>56</total>
				<timestamp>1082.756621</timestamp>
			</report>
			<report>
				<misses>4517001</misses>
				<total>56</total>
				<timestamp>1082.996335</timestamp>
			</report>
			<report>
				<misses>4518001</misses>
				<total>56</total>
				<timestamp>1083.236091</timestamp>
			</report>
			<report>
				<misses>4519001</misses>
				<total>56</total>
				<timestamp>1083.475860</timestamp>
			</report>
			<report>
				<misses>4520001</misses>
				<total>56</total>
				<timestamp>1083.715641</timestamp>
			</report>
			<report>
				<misses>4521001</misses>
				<total>56</total>
				<timestamp>1083.955365</timestamp>
			</report>
			<report>
				<misses>4522001</misses>
				<total>56</total>
				<timestamp>1084.195141</timestamp>
			</report>
			<report>
				<misses>4523001</misses>
				<total>56</total>
				<timestamp>1084.434884</timestamp>
			</report>
			<report>
				<misses>4524001</misses>
				<total>56</total>
				<timestamp>1084.674713</timestamp>
			</report>
			<report>
				<misses>4525001</misses>
				<total>55</total>
				<timestamp>1084.914494</timestamp>
			</report>
			<report>
				<misses>4526001</misses>
				<total>56</total>
				<timestamp>1085.154163</timestamp>
			</report>
			<report>
				<misses>4527001</misses>
				<total>56</total>
				<timestamp>1085.393976</timestamp>
			</report>
			<report>
				<misses>4528001</misses>
				<total>56</total>
				<timestamp>1085.633756</timestamp>
			</report>
			<report>
				<misses>4529001</misses>
				<total>56</total>
				<timestamp>1085.873463</timestamp>
			</report>
			<report>
				<misses>4530001</misses>
				<total>55</total>
				<timestamp>1086.113305</timestamp>
			</report>
			<report>
				<misses>4531001</misses>
				<total>55</total>
				<timestamp>1086.353070</timestamp>
			</report>
			<report>
				<misses>4532001</misses>
				<total>56</total>
				<timestamp>1086.592812</timestamp>
			</report>
			<report>
				<misses>4533001</misses>
				<total>55</total>
				<timestamp>1086.832610</timestamp>
			</report>
			<report>
				<misses>4534001</misses>
				<total>56</total>
				<timestamp>1087.072270</timestamp>
			</report>
			<report>
				<misses>4535001</misses>
				<total>55</total>
				<timestamp>1087.312122</timestamp>
			</report>
			<report>
				<misses>4536001</misses>
				<total>56</total>
				<timestamp>1087.551823</timestamp>
			</report>
			<report>
				<misses>4537001</misses>
				<total>56</total>
				<timestamp>1087.791553</timestamp>
			</report>
			<report>
				<misses>4538001</misses>
				<total>56</total>
				<timestamp>1088.031352</timestamp>
			</report>
			<report>
				<misses>4539001</misses>
				<total>56</total>
				<timestamp>1088.271063</timestamp>
			</report>
			<report>
				<misses>4540001</misses>
				<total>56</total>
				<timestamp>1088.510828</timestamp>
			</report>
			<report>
				<misses>4541001</misses>
				<total>55</total>
				<timestamp>1088.750586</timestamp>
			</report>
			<report>
				<misses>4542001</misses>
				<total>55</total>
				<timestamp>1088.990514</timestamp>
			</report>
			<report>
				<misses>4543001</misses>
				<total>56</total>
				<timestamp>1089.230100</timestamp>
			</report>
			<report>
				<misses>4544001</misses>
				<total>56</total>
				<timestamp>1089.469859</timestamp>
			</report>
			<report>
				<misses>4545001</misses>
				<total>56</total>
				<timestamp>1089.709640</timestamp>
			</report>
			<report>
				<misses>4546001</misses>
				<total>56</total>
				<timestamp>1089.949383</timestamp>
			</report>
			<report>
				<misses>4547001</misses>
				<total>56</total>
				<timestamp>1090.189151</timestamp>
			</report>
			<report>
				<misses>4548001</misses>
				<total>56</total>
				<timestamp>1090.428902</timestamp>
			</report>
			<report>
				<misses>4549001</misses>
				<total>56</total>
				<timestamp>1090.668661</timestamp>
			</report>
			<report>
				<misses>4550001</misses>
				<total>56</total>
				<timestamp>1090.908434</timestamp>
			</report>
			<report>
				<misses>4551001</misses>
				<total>56</total>
				<timestamp>1091.148181</timestamp>
			</report>
			<report>
				<misses>4552001</misses>
				<total>56</total>
				<timestamp>1091.387939</timestamp>
			</report>
			<report>
				<misses>4553001</misses>
				<total>56</total>
				<timestamp>1091.627745</timestamp>
			</report>
			<report>
				<misses>4554001</misses>
				<total>56</total>
				<timestamp>1091.867542</timestamp>
			</report>
			<report>
				<misses>4555001</misses>
				<total>55</total>
				<timestamp>1092.107274</timestamp>
			</report>
			<report>
				<misses>4556001</misses>
				<total>55</total>
				<timestamp>1092.347126</timestamp>
			</report>
			<report>
				<misses>4557001</misses>
				<total>56</total>
				<timestamp>1092.586765</timestamp>
			</report>
			<report>
				<misses>4558001</misses>
				<total>56</total>
				<timestamp>1092.826559</timestamp>
			</report>
			<report>
				<misses>4559001</misses>
				<total>56</total>
				<timestamp>1093.066279</timestamp>
			</report>
			<report>
				<misses>4560001</misses>
				<total>56</total>
				<timestamp>1093.306030</timestamp>
			</report>
			<report>
				<misses>4561001</misses>
				<total>55</total>
				<timestamp>1093.545882</timestamp>
			</report>
			<report>
				<misses>4562001</misses>
				<total>55</total>
				<timestamp>1093.785608</timestamp>
			</report>
			<report>
				<misses>4563001</misses>
				<total>56</total>
				<timestamp>1094.025321</timestamp>
			</report>
			<report>
				<misses>4564001</misses>
				<total>56</total>
				<timestamp>1094.265082</timestamp>
			</report>
			<report>
				<misses>4565001</misses>
				<total>55</total>
				<timestamp>1094.504962</timestamp>
			</report>
			<report>
				<misses>4566001</misses>
				<total>56</total>
				<timestamp>1094.744608</timestamp>
			</report>
			<report>
				<misses>4567001</misses>
				<total>55</total>
				<timestamp>1094.984437</timestamp>
			</report>
			<report>
				<misses>4568001</misses>
				<total>56</total>
				<timestamp>1095.224086</timestamp>
			</report>
			<report>
				<misses>4569001</misses>
				<total>56</total>
				<timestamp>1095.463874</timestamp>
			</report>
			<report>
				<misses>4570001</misses>
				<total>56</total>
				<timestamp>1095.703675</timestamp>
			</report>
			<report>
				<misses>4571001</misses>
				<total>55</total>
				<timestamp>1095.943438</timestamp>
			</report>
			<report>
				<misses>4572001</misses>
				<total>56</total>
				<timestamp>1096.183141</timestamp>
			</report>
			<report>
				<misses>4573001</misses>
				<total>56</total>
				<timestamp>1096.422906</timestamp>
			</report>
			<report>
				<misses>4574001</misses>
				<total>55</total>
				<timestamp>1096.662778</timestamp>
			</report>
			<report>
				<misses>4575001</misses>
				<total>55</total>
				<timestamp>1096.902562</timestamp>
			</report>
			<report>
				<misses>4576001</misses>
				<total>56</total>
				<timestamp>1097.142168</timestamp>
			</report>
			<report>
				<misses>4577001</misses>
				<total>55</total>
				<timestamp>1097.382057</timestamp>
			</report>
			<report>
				<misses>4578001</misses>
				<total>56</total>
				<timestamp>1097.621722</timestamp>
			</report>
			<report>
				<misses>4579001</misses>
				<total>56</total>
				<timestamp>1097.861496</timestamp>
			</report>
			<report>
				<misses>4580001</misses>
				<total>56</total>
				<timestamp>1098.101240</timestamp>
			</report>
			<report>
				<misses>4581001</misses>
				<total>56</total>
				<timestamp>1098.340968</timestamp>
			</report>
			<report>
				<misses>4582001</misses>
				<total>56</total>
				<timestamp>1098.580769</timestamp>
			</report>
			<report>
				<misses>4583001</misses>
				<total>55</total>
				<timestamp>1098.820528</timestamp>
			</report>
			<report>
				<misses>4584001</misses>
				<total>56</total>
				<timestamp>1099.060329</timestamp>
			</report>
			<report>
				<misses>4585001</misses>
				<total>56</total>
				<timestamp>1099.300056</timestamp>
			</report>
			<report>
				<misses>4586001</misses>
				<total>56</total>
				<timestamp>1099.539866</timestamp>
			</report>
			<report>
				<misses>4587001</misses>
				<total>56</total>
				<timestamp>1099.779566</timestamp>
			</report>
			<report>
				<misses>4588001</misses>
				<total>55</total>
				<timestamp>1100.019421</timestamp>
			</report>
			<report>
				<misses>4589001</misses>
				<total>56</total>
				<timestamp>1100.259054</timestamp>
			</report>
			<report>
				<misses>4590001</misses>
				<total>56</total>
				<timestamp>1100.498884</timestamp>
			</report>
			<report>
				<misses>4591001</misses>
				<total>55</total>
				<timestamp>1100.738637</timestamp>
			</report>
			<report>
				<misses>4592001</misses>
				<total>56</total>
				<timestamp>1100.978420</timestamp>
			</report>
			<report>
				<misses>4593001</misses>
				<total>56</total>
				<timestamp>1101.218102</timestamp>
			</report>
			<report>
				<misses>4594001</misses>
				<total>56</total>
				<timestamp>1101.457882</timestamp>
			</report>
			<report>
				<misses>4595001</misses>
				<total>56</total>
				<timestamp>1101.697639</timestamp>
			</report>
			<report>
				<misses>4596001</misses>
				<total>55</total>
				<timestamp>1101.937511</timestamp>
			</report>
			<report>
				<misses>4597001</misses>
				<total>56</total>
				<timestamp>1102.177127</timestamp>
			</report>
			<report>
				<misses>4598001</misses>
				<total>55</total>
				<timestamp>1102.417010</timestamp>
			</report>
			<report>
				<misses>4599001</misses>
				<total>56</total>
				<timestamp>1102.656656</timestamp>
			</report>
			<report>
				<misses>4600001</misses>
				<total>56</total>
				<timestamp>1102.896510</timestamp>
			</report>
			<report>
				<misses>4601001</misses>
				<total>56</total>
				<timestamp>1103.136182</timestamp>
			</report>
			<report>
				<misses>4602001</misses>
				<total>56</total>
				<timestamp>1103.375939</timestamp>
			</report>
			<report>
				<misses>4603001</misses>
				<total>56</total>
				<timestamp>1103.615739</timestamp>
			</report>
			<report>
				<misses>4604001</misses>
				<total>55</total>
				<timestamp>1103.855585</timestamp>
			</report>
			<report>
				<misses>4605001</misses>
				<total>56</total>
				<timestamp>1104.095216</timestamp>
			</report>
			<report>
				<misses>4606001</misses>
				<total>56</total>
				<timestamp>1104.334980</timestamp>
			</report>
			<report>
				<misses>4607001</misses>
				<total>56</total>
				<timestamp>1104.574751</timestamp>
			</report>
			<report>
				<misses>4608001</misses>
				<total>56</total>
				<timestamp>1104.814506</timestamp>
			</report>
			<report>
				<misses>4609001</misses>
				<total>55</total>
				<timestamp>1105.054388</timestamp>
			</report>
			<report>
				<misses>4610001</misses>
				<total>56</total>
				<timestamp>1105.294045</timestamp>
			</report>
			<report>
				<misses>4611001</misses>
				<total>56</total>
				<timestamp>1105.533779</timestamp>
			</report>
			<report>
				<misses>4612001</misses>
				<total>56</total>
				<timestamp>1105.773563</timestamp>
			</report>
			<report>
				<misses>4613001</misses>
				<total>55</total>
				<timestamp>1106.013479</timestamp>
			</report>
			<report>
				<misses>4614001</misses>
				<total>56</total>
				<timestamp>1106.253050</timestamp>
			</report>
			<report>
				<misses>4615001</misses>
				<total>55</total>
				<timestamp>1106.492917</timestamp>
			</report>
			<report>
				<misses>4616001</misses>
				<total>56</total>
				<timestamp>1106.732607</timestamp>
			</report>
			<report>
				<misses>4617001</misses>
				<total>56</total>
				<timestamp>1106.972368</timestamp>
			</report>
			<report>
				<misses>4618001</misses>
				<total>56</total>
				<timestamp>1107.212106</timestamp>
			</report>
			<report>
				<misses>4619001</misses>
				<total>56</total>
				<timestamp>1107.451868</timestamp>
			</report>
			<report>
				<misses>4620001</misses>
				<total>56</total>
				<timestamp>1107.691648</timestamp>
			</report>
			<report>
				<misses>4621001</misses>
				<total>56</total>
				<timestamp>1107.931384</timestamp>
			</report>
			<report>
				<misses>4622001</misses>
				<total>55</total>
				<timestamp>1108.171226</timestamp>
			</report>
			<report>
				<misses>4623001</misses>
				<total>56</total>
				<timestamp>1108.410918</timestamp>
			</report>
			<report>
				<misses>4624001</misses>
				<total>56</total>
				<timestamp>1108.650689</timestamp>
			</report>
			<report>
				<misses>4625001</misses>
				<total>56</total>
				<timestamp>1108.890508</timestamp>
			</report>
			<report>
				<misses>4626001</misses>
				<total>56</total>
				<timestamp>1109.130274</timestamp>
			</report>
			<report>
				<misses>4627001</misses>
				<total>55</total>
				<timestamp>1109.370024</timestamp>
			</report>
			<report>
				<misses>4628001</misses>
				<total>55</total>
				<timestamp>1109.609832</timestamp>
			</report>
			<report>
				<misses>4629001</misses>
				<total>55</total>
				<timestamp>1109.849604</timestamp>
			</report>
			<report>
				<misses>4630001</misses>
				<total>55</total>
				<timestamp>1110.089325</timestamp>
			</report>
			<report>
				<misses>4631001</misses>
				<total>56</total>
				<timestamp>1110.329014</timestamp>
			</report>
			<report>
				<misses>4632001</misses>
				<total>56</total>
				<timestamp>1110.568744</timestamp>
			</report>
			<report>
				<misses>4633001</misses>
				<total>55</total>
				<timestamp>1110.808598</timestamp>
			</report>
			<report>
				<misses>4634001</misses>
				<total>56</total>
				<timestamp>1111.048264</timestamp>
			</report>
			<report>
				<misses>4635001</misses>
				<total>56</total>
				<timestamp>1111.288070</timestamp>
			</report>
			<report>
				<misses>4636001</misses>
				<total>56</total>
				<timestamp>1111.527829</timestamp>
			</report>
			<report>
				<misses>4637001</misses>
				<total>55</total>
				<timestamp>1111.767551</timestamp>
			</report>
			<report>
				<misses>4638001</misses>
				<total>56</total>
				<timestamp>1112.007390</timestamp>
			</report>
			<report>
				<misses>4639001</misses>
				<total>56</total>
				<timestamp>1112.247059</timestamp>
			</report>
			<report>
				<misses>4640001</misses>
				<total>56</total>
				<timestamp>1112.486839</timestamp>
			</report>
			<report>
				<misses>4641001</misses>
				<total>55</total>
				<timestamp>1112.726701</timestamp>
			</report>
			<report>
				<misses>4642001</misses>
				<total>56</total>
				<timestamp>1112.966367</timestamp>
			</report>
			<report>
				<misses>4643001</misses>
				<total>56</total>
				<timestamp>1113.206093</timestamp>
			</report>
			<report>
				<misses>4644001</misses>
				<total>56</total>
				<timestamp>1113.445877</timestamp>
			</report>
			<report>
				<misses>4645001</misses>
				<total>55</total>
				<timestamp>1113.685732</timestamp>
			</report>
			<report>
				<misses>4646001</misses>
				<total>56</total>
				<timestamp>1113.925413</timestamp>
			</report>
			<report>
				<misses>4647001</misses>
				<total>56</total>
				<timestamp>1114.165139</timestamp>
			</report>
			<report>
				<misses>4648001</misses>
				<total>56</total>
				<timestamp>1114.404895</timestamp>
			</report>
			<report>
				<misses>4649001</misses>
				<total>56</total>
				<timestamp>1114.644682</timestamp>
			</report>
			<report>
				<misses>4650001</misses>
				<total>55</total>
				<timestamp>1114.884565</timestamp>
			</report>
			<report>
				<misses>4651001</misses>
				<total>55</total>
				<timestamp>1115.124209</timestamp>
			</report>
			<report>
				<misses>4652001</misses>
				<total>56</total>
				<timestamp>1115.363930</timestamp>
			</report>
			<report>
				<misses>4653001</misses>
				<total>55</total>
				<timestamp>1115.603791</timestamp>
			</report>
			<report>
				<misses>4654001</misses>
				<total>56</total>
				<timestamp>1115.843464</timestamp>
			</report>
			<report>
				<misses>4655001</misses>
				<total>56</total>
				<timestamp>1116.083210</timestamp>
			</report>
			<report>
				<misses>4656001</misses>
				<total>56</total>
				<timestamp>1116.322984</timestamp>
			</report>
			<report>
				<misses>4657001</misses>
				<total>56</total>
				<timestamp>1116.562810</timestamp>
			</report>
			<report>
				<misses>4658001</misses>
				<total>56</total>
				<timestamp>1116.802510</timestamp>
			</report>
			<report>
				<misses>4659001</misses>
				<total>56</total>
				<timestamp>1117.042369</timestamp>
			</report>
			<report>
				<misses>4660001</misses>
				<total>55</total>
				<timestamp>1117.282090</timestamp>
			</report>
			<report>
				<misses>4661001</misses>
				<total>56</total>
				<timestamp>1117.521777</timestamp>
			</report>
			<report>
				<misses>4662001</misses>
				<total>56</total>
				<timestamp>1117.761536</timestamp>
			</report>
			<report>
				<misses>4663001</misses>
				<total>56</total>
				<timestamp>1118.001324</timestamp>
			</report>
			<report>
				<misses>4664001</misses>
				<total>56</total>
				<timestamp>1118.241060</timestamp>
			</report>
			<report>
				<misses>4665001</misses>
				<total>56</total>
				<timestamp>1118.480842</timestamp>
			</report>
			<report>
				<misses>4666001</misses>
				<total>55</total>
				<timestamp>1118.720630</timestamp>
			</report>
			<report>
				<misses>4667001</misses>
				<total>56</total>
				<timestamp>1118.960443</timestamp>
			</report>
			<report>
				<misses>4668001</misses>
				<total>56</total>
				<timestamp>1119.200099</timestamp>
			</report>
			<report>
				<misses>4669001</misses>
				<total>56</total>
				<timestamp>1119.439866</timestamp>
			</report>
			<report>
				<misses>4670001</misses>
				<total>56</total>
				<timestamp>1119.679626</timestamp>
			</report>
			<report>
				<misses>4671001</misses>
				<total>56</total>
				<timestamp>1119.919504</timestamp>
			</report>
			<report>
				<misses>4672001</misses>
				<total>56</total>
				<timestamp>1120.159143</timestamp>
			</report>
			<report>
				<misses>4673001</misses>
				<total>56</total>
				<timestamp>1120.398919</timestamp>
			</report>
			<report>
				<misses>4674001</misses>
				<total>55</total>
				<timestamp>1120.638711</timestamp>
			</report>
			<report>
				<misses>4675001</misses>
				<total>55</total>
				<timestamp>1120.878525</timestamp>
			</report>
			<report>
				<misses>4676001</misses>
				<total>56</total>
				<timestamp>1121.118172</timestamp>
			</report>
			<report>
				<misses>4677001</misses>
				<total>56</total>
				<timestamp>1121.357934</timestamp>
			</report>
			<report>
				<misses>4678001</misses>
				<total>56</total>
				<timestamp>1121.597718</timestamp>
			</report>
			<report>
				<misses>4679001</misses>
				<total>56</total>
				<timestamp>1121.837473</timestamp>
			</report>
			<report>
				<misses>4680001</misses>
				<total>55</total>
				<timestamp>1122.077303</timestamp>
			</report>
			<report>
				<misses>4681001</misses>
				<total>55</total>
				<timestamp>1122.317092</timestamp>
			</report>
			<report>
				<misses>4682001</misses>
				<total>56</total>
				<timestamp>1122.556790</timestamp>
			</report>
			<report>
				<misses>4683001</misses>
				<total>55</total>
				<timestamp>1122.796526</timestamp>
			</report>
			<report>
				<misses>4684001</misses>
				<total>56</total>
				<timestamp>1123.036328</timestamp>
			</report>
			<report>
				<misses>4685001</misses>
				<total>56</total>
				<timestamp>1123.276022</timestamp>
			</report>
			<report>
				<misses>4686001</misses>
				<total>56</total>
				<timestamp>1123.515799</timestamp>
			</report>
			<report>
				<misses>4687001</misses>
				<total>55</total>
				<timestamp>1123.755630</timestamp>
			</report>
			<report>
				<misses>4688001</misses>
				<total>56</total>
				<timestamp>1123.995394</timestamp>
			</report>
			<report>
				<misses>4689001</misses>
				<total>56</total>
				<timestamp>1124.235049</timestamp>
			</report>
			<report>
				<misses>4690001</misses>
				<total>56</total>
				<timestamp>1124.474843</timestamp>
			</report>
			<report>
				<misses>4691001</misses>
				<total>56</total>
				<timestamp>1124.714612</timestamp>
			</report>
			<report>
				<misses>4692001</misses>
				<total>55</total>
				<timestamp>1124.954470</timestamp>
			</report>
			<report>
				<misses>4693001</misses>
				<total>55</total>
				<timestamp>1125.194281</timestamp>
			</report>
			<report>
				<misses>4694001</misses>
				<total>56</total>
				<timestamp>1125.433885</timestamp>
			</report>
			<report>
				<misses>4695001</misses>
				<total>56</total>
				<timestamp>1125.673624</timestamp>
			</report>
			<report>
				<misses>4696001</misses>
				<total>55</total>
				<timestamp>1125.913490</timestamp>
			</report>
			<report>
				<misses>4697001</misses>
				<total>56</total>
				<timestamp>1126.153145</timestamp>
			</report>
			<report>
				<misses>4698001</misses>
				<total>56</total>
				<timestamp>1126.392920</timestamp>
			</report>
			<report>
				<misses>4699001</misses>
				<total>56</total>
				<timestamp>1126.632676</timestamp>
			</report>
			<report>
				<misses>4700001</misses>
				<total>56</total>
				<timestamp>1126.872463</timestamp>
			</report>
			<report>
				<misses>4701001</misses>
				<total>56</total>
				<timestamp>1127.112247</timestamp>
			</report>
			<report>
				<misses>4702001</misses>
				<total>55</total>
				<timestamp>1127.352043</timestamp>
			</report>
			<report>
				<misses>4703001</misses>
				<total>56</total>
				<timestamp>1127.591743</timestamp>
			</report>
			<report>
				<misses>4704001</misses>
				<total>55</total>
				<timestamp>1127.831584</timestamp>
			</report>
			<report>
				<misses>4705001</misses>
				<total>56</total>
				<timestamp>1128.071221</timestamp>
			</report>
			<report>
				<misses>4706001</misses>
				<total>56</total>
				<timestamp>1128.310983</timestamp>
			</report>
			<report>
				<misses>4707001</misses>
				<total>56</total>
				<timestamp>1128.550762</timestamp>
			</report>
			<report>
				<misses>4708001</misses>
				<total>56</total>
				<timestamp>1128.790498</timestamp>
			</report>
			<report>
				<misses>4709001</misses>
				<total>56</total>
				<timestamp>1129.030297</timestamp>
			</report>
			<report>
				<misses>4710001</misses>
				<total>56</total>
				<timestamp>1129.270053</timestamp>
			</report>
			<report>
				<misses>4711001</misses>
				<total>56</total>
				<timestamp>1129.509797</timestamp>
			</report>
			<report>
				<misses>4712001</misses>
				<total>55</total>
				<timestamp>1129.749637</timestamp>
			</report>
			<report>
				<misses>4713001</misses>
				<total>56</total>
				<timestamp>1129.989324</timestamp>
			</report>
			<report>
				<misses>4714001</misses>
				<total>56</total>
				<timestamp>1130.229083</timestamp>
			</report>
			<report>
				<misses>4715001</misses>
				<total>56</total>
				<timestamp>1130.468803</timestamp>
			</report>
			<report>
				<misses>4716001</misses>
				<total>56</total>
				<timestamp>1130.708588</timestamp>
			</report>
			<report>
				<misses>4717001</misses>
				<total>56</total>
				<timestamp>1130.948337</timestamp>
			</report>
			<report>
				<misses>4718001</misses>
				<total>56</total>
				<timestamp>1131.188141</timestamp>
			</report>
			<report>
				<misses>4719001</misses>
				<total>56</total>
				<timestamp>1131.427890</timestamp>
			</report>
			<report>
				<misses>4720001</misses>
				<total>55</total>
				<timestamp>1131.667722</timestamp>
			</report>
			<report>
				<misses>4721001</misses>
				<total>55</total>
				<timestamp>1131.907500</timestamp>
			</report>
			<report>
				<misses>4722001</misses>
				<total>56</total>
				<timestamp>1132.147162</timestamp>
			</report>
			<report>
				<misses>4723001</misses>
				<total>55</total>
				<timestamp>1132.387017</timestamp>
			</report>
			<report>
				<misses>4724001</misses>
				<total>56</total>
				<timestamp>1132.626674</timestamp>
			</report>
			<report>
				<misses>4725001</misses>
				<total>56</total>
				<timestamp>1132.866442</timestamp>
			</report>
			<report>
				<misses>4726001</misses>
				<total>56</total>
				<timestamp>1133.106238</timestamp>
			</report>
			<report>
				<misses>4727001</misses>
				<total>55</total>
				<timestamp>1133.345985</timestamp>
			</report>
			<report>
				<misses>4728001</misses>
				<total>56</total>
				<timestamp>1133.585741</timestamp>
			</report>
			<report>
				<misses>4729001</misses>
				<total>55</total>
				<timestamp>1133.825541</timestamp>
			</report>
			<report>
				<misses>4730001</misses>
				<total>56</total>
				<timestamp>1134.065230</timestamp>
			</report>
			<report>
				<misses>4731001</misses>
				<total>56</total>
				<timestamp>1134.304963</timestamp>
			</report>
			<report>
				<misses>4732001</misses>
				<total>56</total>
				<timestamp>1134.544743</timestamp>
			</report>
			<report>
				<misses>4733001</misses>
				<total>55</total>
				<timestamp>1134.784597</timestamp>
			</report>
			<report>
				<misses>4734001</misses>
				<total>56</total>
				<timestamp>1135.024298</timestamp>
			</report>
			<report>
				<misses>4735001</misses>
				<total>55</total>
				<timestamp>1135.264216</timestamp>
			</report>
			<report>
				<misses>4736001</misses>
				<total>56</total>
				<timestamp>1135.503792</timestamp>
			</report>
			<report>
				<misses>4737001</misses>
				<total>60</total>
				<timestamp>1135.743625</timestamp>
			</report>
			<report>
				<misses>4738001</misses>
				<total>60</total>
				<timestamp>1135.983357</timestamp>
			</report>
			<report>
				<misses>4739001</misses>
				<total>59</total>
				<timestamp>1136.223194</timestamp>
			</report>
			<report>
				<misses>4740001</misses>
				<total>60</total>
				<timestamp>1136.462825</timestamp>
			</report>
			<report>
				<misses>4741001</misses>
				<total>60</total>
				<timestamp>1136.702606</timestamp>
			</report>
			<report>
				<misses>4742001</misses>
				<total>59</total>
				<timestamp>1136.942376</timestamp>
			</report>
			<report>
				<misses>4743001</misses>
				<total>60</total>
				<timestamp>1137.182143</timestamp>
			</report>
			<report>
				<misses>4744001</misses>
				<total>60</total>
				<timestamp>1137.421884</timestamp>
			</report>
			<report>
				<misses>4745001</misses>
				<total>60</total>
				<timestamp>1137.661695</timestamp>
			</report>
			<report>
				<misses>4746001</misses>
				<total>60</total>
				<timestamp>1137.901389</timestamp>
			</report>
			<report>
				<misses>4747001</misses>
				<total>60</total>
				<timestamp>1138.141135</timestamp>
			</report>
			<report>
				<misses>4748001</misses>
				<total>60</total>
				<timestamp>1138.380906</timestamp>
			</report>
			<report>
				<misses>4749001</misses>
				<total>59</total>
				<timestamp>1138.620741</timestamp>
			</report>
			<report>
				<misses>4750001</misses>
				<total>60</total>
				<timestamp>1138.860404</timestamp>
			</report>
			<report>
				<misses>4751001</misses>
				<total>59</total>
				<timestamp>1139.100296</timestamp>
			</report>
			<report>
				<misses>4752001</misses>
				<total>60</total>
				<timestamp>1139.339936</timestamp>
			</report>
			<report>
				<misses>4753001</misses>
				<total>60</total>
				<timestamp>1139.579721</timestamp>
			</report>
			<report>
				<misses>4754001</misses>
				<total>60</total>
				<timestamp>1139.819455</timestamp>
			</report>
			<report>
				<misses>4755001</misses>
				<total>60</total>
				<timestamp>1140.059239</timestamp>
			</report>
			<report>
				<misses>4756001</misses>
				<total>60</total>
				<timestamp>1140.298996</timestamp>
			</report>
			<report>
				<misses>4757001</misses>
				<total>60</total>
				<timestamp>1140.538759</timestamp>
			</report>
			<report>
				<misses>4758001</misses>
				<total>60</total>
				<timestamp>1140.778524</timestamp>
			</report>
			<report>
				<misses>4759001</misses>
				<total>60</total>
				<timestamp>1141.018283</timestamp>
			</report>
			<report>
				<misses>4760001</misses>
				<total>60</total>
				<timestamp>1141.258052</timestamp>
			</report>
			<report>
				<misses>4761001</misses>
				<total>60</total>
				<timestamp>1141.497794</timestamp>
			</report>
			<report>
				<misses>4762001</misses>
				<total>60</total>
				<timestamp>1141.737551</timestamp>
			</report>
			<report>
				<misses>4763001</misses>
				<total>60</total>
				<timestamp>1141.977407</timestamp>
			</report>
			<report>
				<misses>4764001</misses>
				<total>59</total>
				<timestamp>1142.217148</timestamp>
			</report>
			<report>
				<misses>4765001</misses>
				<total>60</total>
				<timestamp>1142.456864</timestamp>
			</report>
			<report>
				<misses>4766001</misses>
				<total>59</total>
				<timestamp>1142.696700</timestamp>
			</report>
			<report>
				<misses>4767001</misses>
				<total>60</total>
				<timestamp>1142.936358</timestamp>
			</report>
			<report>
				<misses>4768001</misses>
				<total>60</total>
				<timestamp>1143.176217</timestamp>
			</report>
			<report>
				<misses>4769001</misses>
				<total>60</total>
				<timestamp>1143.415873</timestamp>
			</report>
			<report>
				<misses>4770001</misses>
				<total>60</total>
				<timestamp>1143.655613</timestamp>
			</report>
			<report>
				<misses>4771001</misses>
				<total>60</total>
				<timestamp>1143.895388</timestamp>
			</report>
			<report>
				<misses>4772001</misses>
				<total>59</total>
				<timestamp>1144.135274</timestamp>
			</report>
			<report>
				<misses>4773001</misses>
				<total>59</total>
				<timestamp>1144.374969</timestamp>
			</report>
			<report>
				<misses>4774001</misses>
				<total>60</total>
				<timestamp>1144.614673</timestamp>
			</report>
			<report>
				<misses>4775001</misses>
				<total>60</total>
				<timestamp>1144.854421</timestamp>
			</report>
			<report>
				<misses>4776001</misses>
				<total>60</total>
				<timestamp>1145.094207</timestamp>
			</report>
			<report>
				<misses>4777001</misses>
				<total>60</total>
				<timestamp>1145.333954</timestamp>
			</report>
			<report>
				<misses>4778001</misses>
				<total>60</total>
				<timestamp>1145.573735</timestamp>
			</report>
			<report>
				<misses>4779001</misses>
				<total>60</total>
				<timestamp>1145.813474</timestamp>
			</report>
			<report>
				<misses>4780001</misses>
				<total>59</total>
				<timestamp>1146.053350</timestamp>
			</report>
			<report>
				<misses>4781001</misses>
				<total>60</total>
				<timestamp>1146.292997</timestamp>
			</report>
			<report>
				<misses>4782001</misses>
				<total>60</total>
				<timestamp>1146.532788</timestamp>
			</report>
			<report>
				<misses>4783001</misses>
				<total>60</total>
				<timestamp>1146.772549</timestamp>
			</report>
			<report>
				<misses>4784001</misses>
				<total>60</total>
				<timestamp>1147.012286</timestamp>
			</report>
			<report>
				<misses>4785001</misses>
				<total>60</total>
				<timestamp>1147.252100</timestamp>
			</report>
			<report>
				<misses>4786001</misses>
				<total>60</total>
				<timestamp>1147.491813</timestamp>
			</report>
			<report>
				<misses>4787001</misses>
				<total>60</total>
				<timestamp>1147.731570</timestamp>
			</report>
			<report>
				<misses>4788001</misses>
				<total>59</total>
				<timestamp>1147.971424</timestamp>
			</report>
			<report>
				<misses>4789001</misses>
				<total>60</total>
				<timestamp>1148.211144</timestamp>
			</report>
			<report>
				<misses>4790001</misses>
				<total>60</total>
				<timestamp>1148.450858</timestamp>
			</report>
			<report>
				<misses>4791001</misses>
				<total>59</total>
				<timestamp>1148.690672</timestamp>
			</report>
			<report>
				<misses>4792001</misses>
				<total>60</total>
				<timestamp>1148.930374</timestamp>
			</report>
			<report>
				<misses>4793001</misses>
				<total>59</total>
				<timestamp>1149.170247</timestamp>
			</report>
			<report>
				<misses>4794001</misses>
				<total>59</total>
				<timestamp>1149.409897</timestamp>
			</report>
			<report>
				<misses>4795001</misses>
				<total>59</total>
				<timestamp>1149.649732</timestamp>
			</report>
			<report>
				<misses>4796001</misses>
				<total>60</total>
				<timestamp>1149.889400</timestamp>
			</report>
			<report>
				<misses>4797001</misses>
				<total>60</total>
				<timestamp>1150.129202</timestamp>
			</report>
			<report>
				<misses>4798001</misses>
				<total>60</total>
				<timestamp>1150.368901</timestamp>
			</report>
			<report>
				<misses>4799001</misses>
				<total>60</total>
				<timestamp>1150.608691</timestamp>
			</report>
			<report>
				<misses>4800001</misses>
				<total>60</total>
				<timestamp>1150.848414</timestamp>
			</report>
			<report>
				<misses>4801001</misses>
				<total>60</total>
				<timestamp>1151.088179</timestamp>
			</report>
			<report>
				<misses>4802001</misses>
				<total>60</total>
				<timestamp>1151.327941</timestamp>
			</report>
			<report>
				<misses>4803001</misses>
				<total>60</total>
				<timestamp>1151.567722</timestamp>
			</report>
			<report>
				<misses>4804001</misses>
				<total>59</total>
				<timestamp>1151.807585</timestamp>
			</report>
			<report>
				<misses>4805001</misses>
				<total>60</total>
				<timestamp>1152.047237</timestamp>
			</report>
			<report>
				<misses>4806001</misses>
				<total>60</total>
				<timestamp>1152.286976</timestamp>
			</report>
			<report>
				<misses>4807001</misses>
				<total>60</total>
				<timestamp>1152.526748</timestamp>
			</report>
			<report>
				<misses>4808001</misses>
				<total>60</total>
				<timestamp>1152.766495</timestamp>
			</report>
			<report>
				<misses>4809001</misses>
				<total>60</total>
				<timestamp>1153.006299</timestamp>
			</report>
			<report>
				<misses>4810001</misses>
				<total>60</total>
				<timestamp>1153.246022</timestamp>
			</report>
			<report>
				<misses>4811001</misses>
				<total>59</total>
				<timestamp>1153.485839</timestamp>
			</report>
			<report>
				<misses>4812001</misses>
				<total>59</total>
				<timestamp>1153.725665</timestamp>
			</report>
			<report>
				<misses>4813001</misses>
				<total>60</total>
				<timestamp>1153.965320</timestamp>
			</report>
			<report>
				<misses>4814001</misses>
				<total>60</total>
				<timestamp>1154.205114</timestamp>
			</report>
			<report>
				<misses>4815001</misses>
				<total>60</total>
				<timestamp>1154.444855</timestamp>
			</report>
			<report>
				<misses>4816001</misses>
				<total>59</total>
				<timestamp>1154.684744</timestamp>
			</report>
			<report>
				<misses>4817001</misses>
				<total>59</total>
				<timestamp>1154.924440</timestamp>
			</report>
			<report>
				<misses>4818001</misses>
				<total>59</total>
				<timestamp>1155.164181</timestamp>
			</report>
			<report>
				<misses>4819001</misses>
				<total>60</total>
				<timestamp>1155.403912</timestamp>
			</report>
			<report>
				<misses>4820001</misses>
				<total>60</total>
				<timestamp>1155.643634</timestamp>
			</report>
			<report>
				<misses>4821001</misses>
				<total>59</total>
				<timestamp>1155.883481</timestamp>
			</report>
			<report>
				<misses>4822001</misses>
				<total>60</total>
				<timestamp>1156.123151</timestamp>
			</report>
			<report>
				<misses>4823001</misses>
				<total>60</total>
				<timestamp>1156.362903</timestamp>
			</report>
			<report>
				<misses>4824001</misses>
				<total>60</total>
				<timestamp>1156.602656</timestamp>
			</report>
			<report>
				<misses>4825001</misses>
				<total>60</total>
				<timestamp>1156.842420</timestamp>
			</report>
			<report>
				<misses>4826001</misses>
				<total>60</total>
				<timestamp>1157.082247</timestamp>
			</report>
			<report>
				<misses>4827001</misses>
				<total>60</total>
				<timestamp>1157.322029</timestamp>
			</report>
			<report>
				<misses>4828001</misses>
				<total>60</total>
				<timestamp>1157.561687</timestamp>
			</report>
			<report>
				<misses>4829001</misses>
				<total>60</total>
				<timestamp>1157.801515</timestamp>
			</report>
			<report>
				<misses>4830001</misses>
				<total>60</total>
				<timestamp>1158.041234</timestamp>
			</report>
			<report>
				<misses>4831001</misses>
				<total>60</total>
				<timestamp>1158.281125</timestamp>
			</report>
			<report>
				<misses>4832001</misses>
				<total>59</total>
				<timestamp>1158.520797</timestamp>
			</report>
			<report>
				<misses>4833001</misses>
				<total>60</total>
				<timestamp>1158.760513</timestamp>
			</report>
			<report>
				<misses>4834001</misses>
				<total>60</total>
				<timestamp>1159.000275</timestamp>
			</report>
			<report>
				<misses>4835001</misses>
				<total>60</total>
				<timestamp>1159.240045</timestamp>
			</report>
			<report>
				<misses>4836001</misses>
				<total>60</total>
				<timestamp>1159.479786</timestamp>
			</report>
			<report>
				<misses>4837001</misses>
				<total>60</total>
				<timestamp>1159.719541</timestamp>
			</report>
			<report>
				<misses>4838001</misses>
				<total>60</total>
				<timestamp>1159.959300</timestamp>
			</report>
			<report>
				<misses>4839001</misses>
				<total>59</total>
				<timestamp>1160.199143</timestamp>
			</report>
			<report>
				<misses>4840001</misses>
				<total>60</total>
				<timestamp>1160.438839</timestamp>
			</report>
			<report>
				<misses>4841001</misses>
				<total>60</total>
				<timestamp>1160.678643</timestamp>
			</report>
			<report>
				<misses>4842001</misses>
				<total>60</total>
				<timestamp>1160.918388</timestamp>
			</report>
			<report>
				<misses>4843001</misses>
				<total>60</total>
				<timestamp>1161.158154</timestamp>
			</report>
			<report>
				<misses>4844001</misses>
				<total>60</total>
				<timestamp>1161.397877</timestamp>
			</report>
			<report>
				<misses>4845001</misses>
				<total>60</total>
				<timestamp>1161.637638</timestamp>
			</report>
			<report>
				<misses>4846001</misses>
				<total>59</total>
				<timestamp>1161.877471</timestamp>
			</report>
			<report>
				<misses>4847001</misses>
				<total>59</total>
				<timestamp>1162.117261</timestamp>
			</report>
			<report>
				<misses>4848001</misses>
				<total>59</total>
				<timestamp>1162.357044</timestamp>
			</report>
			<report>
				<misses>4849001</misses>
				<total>60</total>
				<timestamp>1162.596697</timestamp>
			</report>
			<report>
				<misses>4850001</misses>
				<total>59</total>
				<timestamp>1162.836595</timestamp>
			</report>
			<report>
				<misses>4851001</misses>
				<total>60</total>
				<timestamp>1163.076193</timestamp>
			</report>
			<report>
				<misses>4852001</misses>
				<total>60</total>
				<timestamp>1163.315934</timestamp>
			</report>
			<report>
				<misses>4853001</misses>
				<total>60</total>
				<timestamp>1163.555707</timestamp>
			</report>
			<report>
				<misses>4854001</misses>
				<total>60</total>
				<timestamp>1163.795460</timestamp>
			</report>
			<report>
				<misses>4855001</misses>
				<total>60</total>
				<timestamp>1164.035209</timestamp>
			</report>
			<report>
				<misses>4856001</misses>
				<total>60</total>
				<timestamp>1164.274989</timestamp>
			</report>
			<report>
				<misses>4857001</misses>
				<total>60</total>
				<timestamp>1164.514759</timestamp>
			</report>
			<report>
				<misses>4858001</misses>
				<total>60</total>
				<timestamp>1164.754509</timestamp>
			</report>
			<report>
				<misses>4859001</misses>
				<total>60</total>
				<timestamp>1164.994265</timestamp>
			</report>
			<report>
				<misses>4860001</misses>
				<total>60</total>
				<timestamp>1165.234070</timestamp>
			</report>
			<report>
				<misses>4861001</misses>
				<total>60</total>
				<timestamp>1165.473792</timestamp>
			</report>
			<report>
				<misses>4862001</misses>
				<total>60</total>
				<timestamp>1165.713582</timestamp>
			</report>
			<report>
				<misses>4863001</misses>
				<total>60</total>
				<timestamp>1165.953310</timestamp>
			</report>
			<report>
				<misses>4864001</misses>
				<total>59</total>
				<timestamp>1166.193068</timestamp>
			</report>
			<report>
				<misses>4865001</misses>
				<total>60</total>
				<timestamp>1166.432826</timestamp>
			</report>
			<report>
				<misses>4866001</misses>
				<total>60</total>
				<timestamp>1166.672581</timestamp>
			</report>
			<report>
				<misses>4867001</misses>
				<total>59</total>
				<timestamp>1166.912366</timestamp>
			</report>
			<report>
				<misses>4868001</misses>
				<total>60</total>
				<timestamp>1167.152099</timestamp>
			</report>
			<report>
				<misses>4869001</misses>
				<total>60</total>
				<timestamp>1167.391894</timestamp>
			</report>
			<report>
				<misses>4870001</misses>
				<total>60</total>
				<timestamp>1167.631620</timestamp>
			</report>
			<report>
				<misses>4871001</misses>
				<total>59</total>
				<timestamp>1167.871387</timestamp>
			</report>
			<report>
				<misses>4872001</misses>
				<total>60</total>
				<timestamp>1168.111178</timestamp>
			</report>
			<report>
				<misses>4873001</misses>
				<total>60</total>
				<timestamp>1168.350926</timestamp>
			</report>
			<report>
				<misses>4874001</misses>
				<total>59</total>
				<timestamp>1168.590773</timestamp>
			</report>
			<report>
				<misses>4875001</misses>
				<total>59</total>
				<timestamp>1168.830516</timestamp>
			</report>
			<report>
				<misses>4876001</misses>
				<total>60</total>
				<timestamp>1169.070228</timestamp>
			</report>
			<report>
				<misses>4877001</misses>
				<total>60</total>
				<timestamp>1169.310004</timestamp>
			</report>
			<report>
				<misses>4878001</misses>
				<total>60</total>
				<timestamp>1169.549743</timestamp>
			</report>
			<report>
				<misses>4879001</misses>
				<total>59</total>
				<timestamp>1169.789626</timestamp>
			</report>
			<report>
				<misses>4880001</misses>
				<total>59</total>
				<timestamp>1170.029292</timestamp>
			</report>
			<report>
				<misses>4881001</misses>
				<total>59</total>
				<timestamp>1170.269080</timestamp>
			</report>
			<report>
				<misses>4882001</misses>
				<total>59</total>
				<timestamp>1170.508785</timestamp>
			</report>
			<report>
				<misses>4883001</misses>
				<total>60</total>
				<timestamp>1170.748572</timestamp>
			</report>
			<report>
				<misses>4884001</misses>
				<total>60</total>
				<timestamp>1170.988273</timestamp>
			</report>
			<report>
				<misses>4885001</misses>
				<total>59</total>
				<timestamp>1171.228190</timestamp>
			</report>
			<report>
				<misses>4886001</misses>
				<total>60</total>
				<timestamp>1171.467790</timestamp>
			</report>
			<report>
				<misses>4887001</misses>
				<total>60</total>
				<timestamp>1171.707554</timestamp>
			</report>
			<report>
				<misses>4888001</misses>
				<total>60</total>
				<timestamp>1171.947301</timestamp>
			</report>
			<report>
				<misses>4889001</misses>
				<total>60</total>
				<timestamp>1172.187100</timestamp>
			</report>
			<report>
				<misses>4890001</misses>
				<total>60</total>
				<timestamp>1172.426831</timestamp>
			</report>
			<report>
				<misses>4891001</misses>
				<total>60</total>
				<timestamp>1172.666581</timestamp>
			</report>
			<report>
				<misses>4892001</misses>
				<total>59</total>
				<timestamp>1172.906348</timestamp>
			</report>
			<report>
				<misses>4893001</misses>
				<total>60</total>
				<timestamp>1173.146165</timestamp>
			</report>
			<report>
				<misses>4894001</misses>
				<total>59</total>
				<timestamp>1173.386016</timestamp>
			</report>
			<report>
				<misses>4895001</misses>
				<total>60</total>
				<timestamp>1173.625697</timestamp>
			</report>
			<report>
				<misses>4896001</misses>
				<total>60</total>
				<timestamp>1173.865398</timestamp>
			</report>
			<report>
				<misses>4897001</misses>
				<total>60</total>
				<timestamp>1174.105130</timestamp>
			</report>
			<report>
				<misses>4898001</misses>
				<total>60</total>
				<timestamp>1174.344911</timestamp>
			</report>
			<report>
				<misses>4899001</misses>
				<total>60</total>
				<timestamp>1174.584674</timestamp>
			</report>
			<report>
				<misses>4900001</misses>
				<total>60</total>
				<timestamp>1174.824445</timestamp>
			</report>
			<report>
				<misses>4901001</misses>
				<total>60</total>
				<timestamp>1175.064176</timestamp>
			</report>
			<report>
				<misses>4902001</misses>
				<total>60</total>
				<timestamp>1175.303947</timestamp>
			</report>
			<report>
				<misses>4903001</misses>
				<total>59</total>
				<timestamp>1175.543812</timestamp>
			</report>
			<report>
				<misses>4904001</misses>
				<total>59</total>
				<timestamp>1175.783587</timestamp>
			</report>
			<report>
				<misses>4905001</misses>
				<total>59</total>
				<timestamp>1176.023292</timestamp>
			</report>
			<report>
				<misses>4906001</misses>
				<total>60</total>
				<timestamp>1176.263020</timestamp>
			</report>
			<report>
				<misses>4907001</misses>
				<total>59</total>
				<timestamp>1176.502815</timestamp>
			</report>
			<report>
				<misses>4908001</misses>
				<total>60</total>
				<timestamp>1176.742554</timestamp>
			</report>
			<report>
				<misses>4909001</misses>
				<total>59</total>
				<timestamp>1176.982330</timestamp>
			</report>
			<report>
				<misses>4910001</misses>
				<total>60</total>
				<timestamp>1177.222044</timestamp>
			</report>
			<report>
				<misses>4911001</misses>
				<total>60</total>
				<timestamp>1177.461817</timestamp>
			</report>
			<report>
				<misses>4912001</misses>
				<total>60</total>
				<timestamp>1177.701529</timestamp>
			</report>
			<report>
				<misses>4913001</misses>
				<total>60</total>
				<timestamp>1177.941317</timestamp>
			</report>
			<report>
				<misses>4914001</misses>
				<total>60</total>
				<timestamp>1178.181092</timestamp>
			</report>
			<report>
				<misses>4915001</misses>
				<total>59</total>
				<timestamp>1178.420903</timestamp>
			</report>
			<report>
				<misses>4916001</misses>
				<total>60</total>
				<timestamp>1178.660578</timestamp>
			</report>
			<report>
				<misses>4917001</misses>
				<total>60</total>
				<timestamp>1178.900376</timestamp>
			</report>
			<report>
				<misses>4918001</misses>
				<total>60</total>
				<timestamp>1179.140136</timestamp>
			</report>
			<report>
				<misses>4919001</misses>
				<total>60</total>
				<timestamp>1179.379890</timestamp>
			</report>
			<report>
				<misses>4920001</misses>
				<total>60</total>
				<timestamp>1179.619617</timestamp>
			</report>
			<report>
				<misses>4921001</misses>
				<total>60</total>
				<timestamp>1179.859378</timestamp>
			</report>
			<report>
				<misses>4922001</misses>
				<total>59</total>
				<timestamp>1180.099272</timestamp>
			</report>
			<report>
				<misses>4923001</misses>
				<total>60</total>
				<timestamp>1180.338920</timestamp>
			</report>
			<report>
				<misses>4924001</misses>
				<total>59</total>
				<timestamp>1180.578733</timestamp>
			</report>
			<report>
				<misses>4925001</misses>
				<total>60</total>
				<timestamp>1180.818477</timestamp>
			</report>
			<report>
				<misses>4926001</misses>
				<total>60</total>
				<timestamp>1181.058173</timestamp>
			</report>
			<report>
				<misses>4927001</misses>
				<total>59</total>
				<timestamp>1181.298010</timestamp>
			</report>
			<report>
				<misses>4928001</misses>
				<total>60</total>
				<timestamp>1181.537745</timestamp>
			</report>
			<report>
				<misses>4929001</misses>
				<total>60</total>
				<timestamp>1181.777505</timestamp>
			</report>
			<report>
				<misses>4930001</misses>
				<total>60</total>
				<timestamp>1182.017286</timestamp>
			</report>
			<report>
				<misses>4931001</misses>
				<total>60</total>
				<timestamp>1182.257033</timestamp>
			</report>
			<report>
				<misses>4932001</misses>
				<total>60</total>
				<timestamp>1182.496733</timestamp>
			</report>
			<report>
				<misses>4933001</misses>
				<total>60</total>
				<timestamp>1182.736510</timestamp>
			</report>
			<report>
				<misses>4934001</misses>
				<total>59</total>
				<timestamp>1182.976292</timestamp>
			</report>
			<report>
				<misses>4935001</misses>
				<total>60</total>
				<timestamp>1183.216115</timestamp>
			</report>
			<report>
				<misses>4936001</misses>
				<total>60</total>
				<timestamp>1183.455772</timestamp>
			</report>
			<report>
				<misses>4937001</misses>
				<total>60</total>
				<timestamp>1183.695545</timestamp>
			</report>
			<report>
				<misses>4938001</misses>
				<total>59</total>
				<timestamp>1183.935396</timestamp>
			</report>
			<report>
				<misses>4939001</misses>
				<total>60</total>
				<timestamp>1184.175128</timestamp>
			</report>
			<report>
				<misses>4940001</misses>
				<total>60</total>
				<timestamp>1184.414858</timestamp>
			</report>
			<report>
				<misses>4941001</misses>
				<total>60</total>
				<timestamp>1184.654581</timestamp>
			</report>
			<report>
				<misses>4942001</misses>
				<total>60</total>
				<timestamp>1184.894366</timestamp>
			</report>
			<report>
				<misses>4943001</misses>
				<total>59</total>
				<timestamp>1185.134119</timestamp>
			</report>
			<report>
				<misses>4944001</misses>
				<total>60</total>
				<timestamp>1185.373910</timestamp>
			</report>
			<report>
				<misses>4945001</misses>
				<total>59</total>
				<timestamp>1185.613703</timestamp>
			</report>
			<report>
				<misses>4946001</misses>
				<total>59</total>
				<timestamp>1185.853460</timestamp>
			</report>
			<report>
				<misses>4947001</misses>
				<total>60</total>
				<timestamp>1186.093150</timestamp>
			</report>
			<report>
				<misses>4948001</misses>
				<total>60</total>
				<timestamp>1186.333013</timestamp>
			</report>
			<report>
				<misses>4949001</misses>
				<total>60</total>
				<timestamp>1186.572670</timestamp>
			</report>
			<report>
				<misses>4950001</misses>
				<total>60</total>
				<timestamp>1186.812436</timestamp>
			</report>
			<report>
				<misses>4951001</misses>
				<total>60</total>
				<timestamp>1187.052212</timestamp>
			</report>
			<report>
				<misses>4952001</misses>
				<total>60</total>
				<timestamp>1187.291964</timestamp>
			</report>
			<report>
				<misses>4953001</misses>
				<total>60</total>
				<timestamp>1187.531753</timestamp>
			</report>
			<report>
				<misses>4954001</misses>
				<total>60</total>
				<timestamp>1187.771452</timestamp>
			</report>
			<report>
				<misses>4955001</misses>
				<total>60</total>
				<timestamp>1188.011228</timestamp>
			</report>
			<report>
				<misses>4956001</misses>
				<total>60</total>
				<timestamp>1188.250991</timestamp>
			</report>
			<report>
				<misses>4957001</misses>
				<total>60</total>
				<timestamp>1188.490770</timestamp>
			</report>
			<report>
				<misses>4958001</misses>
				<total>60</total>
				<timestamp>1188.730494</timestamp>
			</report>
			<report>
				<misses>4959001</misses>
				<total>60</total>
				<timestamp>1188.970290</timestamp>
			</report>
			<report>
				<misses>4960001</misses>
				<total>59</total>
				<timestamp>1189.210061</timestamp>
			</report>
			<report>
				<misses>4961001</misses>
				<total>60</total>
				<timestamp>1189.449792</timestamp>
			</report>
			<report>
				<misses>4962001</misses>
				<total>60</total>
				<timestamp>1189.689542</timestamp>
			</report>
			<report>
				<misses>4963001</misses>
				<total>60</total>
				<timestamp>1189.929335</timestamp>
			</report>
			<report>
				<misses>4964001</misses>
				<total>60</total>
				<timestamp>1190.169069</timestamp>
			</report>
			<report>
				<misses>4965001</misses>
				<total>60</total>
				<timestamp>1190.408844</timestamp>
			</report>
			<report>
				<misses>4966001</misses>
				<total>60</total>
				<timestamp>1190.648582</timestamp>
			</report>
			<report>
				<misses>4967001</misses>
				<total>60</total>
				<timestamp>1190.888331</timestamp>
			</report>
			<report>
				<misses>4968001</misses>
				<total>60</total>
				<timestamp>1191.128113</timestamp>
			</report>
			<report>
				<misses>4969001</misses>
				<total>60</total>
				<timestamp>1191.367927</timestamp>
			</report>
			<report>
				<misses>4970001</misses>
				<total>60</total>
				<timestamp>1191.607613</timestamp>
			</report>
			<report>
				<misses>4971001</misses>
				<total>59</total>
				<timestamp>1191.847402</timestamp>
			</report>
			<report>
				<misses>4972001</misses>
				<total>60</total>
				<timestamp>1192.087168</timestamp>
			</report>
			<report>
				<misses>4973001</misses>
				<total>60</total>
				<timestamp>1192.326976</timestamp>
			</report>
			<report>
				<misses>4974001</misses>
				<total>59</total>
				<timestamp>1192.566773</timestamp>
			</report>
			<report>
				<misses>4975001</misses>
				<total>59</total>
				<timestamp>1192.806518</timestamp>
			</report>
			<report>
				<misses>4976001</misses>
				<total>59</total>
				<timestamp>1193.046347</timestamp>
			</report>
			<report>
				<misses>4977001</misses>
				<total>60</total>
				<timestamp>1193.286058</timestamp>
			</report>
			<report>
				<misses>4978001</misses>
				<total>59</total>
				<timestamp>1193.525869</timestamp>
			</report>
			<report>
				<misses>4979001</misses>
				<total>59</total>
				<timestamp>1193.765570</timestamp>
			</report>
			<report>
				<misses>4980001</misses>
				<total>60</total>
				<timestamp>1194.005237</timestamp>
			</report>
			<report>
				<misses>4981001</misses>
				<total>60</total>
				<timestamp>1194.245007</timestamp>
			</report>
			<report>
				<misses>4982001</misses>
				<total>60</total>
				<timestamp>1194.484767</timestamp>
			</report>
			<report>
				<misses>4983001</misses>
				<total>60</total>
				<timestamp>1194.724485</timestamp>
			</report>
			<report>
				<misses>4984001</misses>
				<total>60</total>
				<timestamp>1194.964267</timestamp>
			</report>
			<report>
				<misses>4985001</misses>
				<total>60</total>
				<timestamp>1195.204019</timestamp>
			</report>
			<report>
				<misses>4986001</misses>
				<total>60</total>
				<timestamp>1195.443865</timestamp>
			</report>
			<report>
				<misses>4987001</misses>
				<total>59</total>
				<timestamp>1195.683635</timestamp>
			</report>
			<report>
				<misses>4988001</misses>
				<total>60</total>
				<timestamp>1195.923333</timestamp>
			</report>
			<report>
				<misses>4989001</misses>
				<total>59</total>
				<timestamp>1196.163162</timestamp>
			</report>
			<report>
				<misses>4990001</misses>
				<total>59</total>
				<timestamp>1196.402873</timestamp>
			</report>
			<report>
				<misses>4991001</misses>
				<total>60</total>
				<timestamp>1196.642576</timestamp>
			</report>
			<report>
				<misses>4992001</misses>
				<total>59</total>
				<timestamp>1196.882394</timestamp>
			</report>
			<report>
				<misses>4993001</misses>
				<total>59</total>
				<timestamp>1197.122187</timestamp>
			</report>
			<report>
				<misses>4994001</misses>
				<total>60</total>
				<timestamp>1197.361952</timestamp>
			</report>
			<report>
				<misses>4995001</misses>
				<total>60</total>
				<timestamp>1197.601615</timestamp>
			</report>
			<report>
				<misses>4996001</misses>
				<total>60</total>
				<timestamp>1197.841395</timestamp>
			</report>
			<report>
				<misses>4997001</misses>
				<total>59</total>
				<timestamp>1198.081283</timestamp>
			</report>
			<report>
				<misses>4998001</misses>
				<total>60</total>
				<timestamp>1198.320932</timestamp>
			</report>
			<report>
				<misses>4999001</misses>
				<total>60</total>
				<timestamp>1198.560659</timestamp>
			</report>
			<report>
				<misses>5000001</misses>
				<total>60</total>
				<timestamp>1198.800408</timestamp>
			</report>
		</query>
	</custom>
	<ethtool_statistic>
		<rx_packets>
			<start>7965794229</start>
			<end>8065700297</end>
		</rx_packets>
		<tx_packets>
			<start>13366645391</start>
			<end>13528678575</end>
		</tx_packets>
		<rx_dropped>
			<start>828</start>
			<end>828</end>
		</rx_dropped>
		<tx_dropped>
			<start>0</start>
			<end>0</end>
		</tx_dropped>
		<collisions>
			<start>0</start>
			<end>0</end>
		</collisions>
		<port_tx_errors>
			<start>0</start>
			<end>0</end>
		</port_tx_errors>
		<port_rx_dropped>
			<start>0</start>
			<end>0</end>
		</port_rx_dropped>
		<port_tx_dropped_link_down>
			<start>0</start>
			<end>0</end>
		</port_tx_dropped_link_down>
	</ethtool_statistic>
	<ip_statistic>
		<mtu>
			<start>9000</start>
			<end>9000</end>
		</mtu>
		<rx_bytes>
			<start>32689588411632</start>
			<end>33090691561910</end>
		</rx_bytes>
		<rx_packets>
			<start>7965794338</start>
			<end>8065700508</end>
		</rx_packets>
		<rx_errors>
			<start>0</start>
			<end>0</end>
		</rx_errors>
		<rx_dropped>
			<start>828</start>
			<end>828</end>
		</rx_dropped>
		<rx_missed>
			<start>0</start>
			<end>0</end>
		</rx_missed>
		<rx_mcast>
			<start>5035</start>
			<end>5047</end>
		</rx_mcast>
		<tx_bytes>
			<start>46590711843540</start>
			<end>47224792240266</end>
		</tx_bytes>
		<tx_packets>
			<start>13366645419</start>
			<end>13528678603</end>
		</tx_packets>
		<tx_errors>
			<start>0</start>
			<end>0</end>
		</tx_errors>
		<tx_dropped>
			<start>0</start>
			<end>0</end>
		</tx_dropped>
		<tx_carrier>
			<start>0</start>
			<end>0</end>
		</tx_carrier>
		<tx_collisions>
			<start>0</start>
			<end>0</end>
		</tx_collisions>
	</ip_statistic>
	<netstat_statistic>
		<udp_pkg_rec>
			<start>6789730175</start>
			<end>6873272632</end>
		</udp_pkg_rec>
		<udp_pkg_snt>
			<start>11670338305</start>
			<end>11797412740</end>
		</udp_pkg_snt>
		<udp_rec_err>
			<start>1178033037</start>
			<end>1194403066</end>
		</udp_rec_err>
		<udp_rec_buf_err>
			<start>1178033037</start>
			<end>1194403066</end>
		</udp_rec_buf_err>
		<udp_snt_buf_err>
			<start>0</start>
			<end>0</end>
		</udp_snt_buf_err>
	</netstat_statistic>
</test_results>
