<?xml version="1.0"?>
<test_results>
	<status>STATUS_SUCCESS</status>
	<custom>
		<num_loss>227683</num_loss>
		<num_total>5000001</num_total>
		<num_misses>482276</num_misses>
		<elapsed_time>328.933950</elapsed_time>
		<query>
			<report>
				<misses>100000</misses>
				<total>100000</total>
				<timestamp>6.582222</timestamp>
			</report>
			<report>
				<misses>200000</misses>
				<total>199999</total>
				<timestamp>13.161985</timestamp>
			</report>
			<report>
				<misses>300000</misses>
				<total>227684</total>
				<timestamp>19.743197</timestamp>
			</report>
			<report>
				<misses>400000</misses>
				<total>227685</total>
				<timestamp>26.323111</timestamp>
			</report>
			<report>
				<misses>500000</misses>
				<total>227685</total>
				<timestamp>32.903616</timestamp>
			</report>
			<report>
				<misses>600000</misses>
				<total>227684</total>
				<timestamp>39.484164</timestamp>
			</report>
			<report>
				<misses>700000</misses>
				<total>227685</total>
				<timestamp>46.063664</timestamp>
			</report>
			<report>
				<misses>800000</misses>
				<total>227685</total>
				<timestamp>52.642518</timestamp>
			</report>
			<report>
				<misses>900000</misses>
				<total>227685</total>
				<timestamp>59.222302</timestamp>
			</report>
			<report>
				<misses>1000000</misses>
				<total>227685</total>
				<timestamp>65.802233</timestamp>
			</report>
			<report>
				<misses>1100000</misses>
				<total>227685</total>
				<timestamp>72.382093</timestamp>
			</report>
			<report>
				<misses>1200000</misses>
				<total>227684</total>
				<timestamp>78.964209</timestamp>
			</report>
			<report>
				<misses>1300000</misses>
				<total>227684</total>
				<timestamp>85.540551</timestamp>
			</report>
			<report>
				<misses>1400000</misses>
				<total>227685</total>
				<timestamp>92.115506</timestamp>
			</report>
			<report>
				<misses>1500000</misses>
				<total>227684</total>
				<timestamp>98.691932</timestamp>
			</report>
			<report>
				<misses>1600000</misses>
				<total>227684</total>
				<timestamp>105.271061</timestamp>
			</report>
			<report>
				<misses>1700000</misses>
				<total>227685</total>
				<timestamp>111.846736</timestamp>
			</report>
			<report>
				<misses>1800000</misses>
				<total>227684</total>
				<timestamp>118.423694</timestamp>
			</report>
			<report>
				<misses>1900000</misses>
				<total>227684</total>
				<timestamp>124.998069</timestamp>
			</report>
			<report>
				<misses>2000000</misses>
				<total>227685</total>
				<timestamp>131.581708</timestamp>
			</report>
			<report>
				<misses>2100000</misses>
				<total>227684</total>
				<timestamp>138.156719</timestamp>
			</report>
			<report>
				<misses>2200000</misses>
				<total>227685</total>
				<timestamp>144.731480</timestamp>
			</report>
			<report>
				<misses>2300000</misses>
				<total>227684</total>
				<timestamp>151.309421</timestamp>
			</report>
			<report>
				<misses>2400000</misses>
				<total>227686</total>
				<timestamp>157.885581</timestamp>
			</report>
			<report>
				<misses>2500000</misses>
				<total>227685</total>
				<timestamp>164.463169</timestamp>
			</report>
			<report>
				<misses>2600000</misses>
				<total>227684</total>
				<timestamp>171.039490</timestamp>
			</report>
			<report>
				<misses>2700000</misses>
				<total>227684</total>
				<timestamp>177.614361</timestamp>
			</report>
			<report>
				<misses>2800000</misses>
				<total>227684</total>
				<timestamp>184.194410</timestamp>
			</report>
			<report>
				<misses>2900000</misses>
				<total>227684</total>
				<timestamp>190.773856</timestamp>
			</report>
			<report>
				<misses>3000000</misses>
				<total>227685</total>
				<timestamp>197.353074</timestamp>
			</report>
			<report>
				<misses>3100000</misses>
				<total>227684</total>
				<timestamp>203.931115</timestamp>
			</report>
			<report>
				<misses>3200000</misses>
				<total>227684</total>
				<timestamp>210.511339</timestamp>
			</report>
			<report>
				<misses>3300000</misses>
				<total>227684</total>
				<timestamp>217.092925</timestamp>
			</report>
			<report>
				<misses>3400000</misses>
				<total>227684</total>
				<timestamp>223.670185</timestamp>
			</report>
			<report>
				<misses>3500000</misses>
				<total>227685</total>
				<timestamp>230.251435</timestamp>
			</report>
			<report>
				<misses>3600000</misses>
				<total>227684</total>
				<timestamp>236.830252</timestamp>
			</report>
			<report>
				<misses>3700000</misses>
				<total>227685</total>
				<timestamp>243.408756</timestamp>
			</report>
			<report>
				<misses>3800000</misses>
				<total>227684</total>
				<timestamp>249.986179</timestamp>
			</report>
			<report>
				<misses>3900000</misses>
				<total>227685</total>
				<timestamp>256.564216</timestamp>
			</report>
			<report>
				<misses>4000000</misses>
				<total>227684</total>
				<timestamp>263.146346</timestamp>
			</report>
			<report>
				<misses>4100000</misses>
				<total>227685</total>
				<timestamp>269.726113</timestamp>
			</report>
			<report>
				<misses>4200000</misses>
				<total>227685</total>
				<timestamp>276.303920</timestamp>
			</report>
			<report>
				<misses>4300000</misses>
				<total>227684</total>
				<timestamp>282.884544</timestamp>
			</report>
			<report>
				<misses>4400000</misses>
				<total>227684</total>
				<timestamp>289.465377</timestamp>
			</report>
			<report>
				<misses>4500000</misses>
				<total>227684</total>
				<timestamp>296.044512</timestamp>
			</report>
			<report>
				<misses>4600000</misses>
				<total>227684</total>
				<timestamp>302.620650</timestamp>
			</report>
			<report>
				<misses>4700000</misses>
				<total>227684</total>
				<timestamp>309.198384</timestamp>
			</report>
			<report>
				<misses>4800000</misses>
				<total>227684</total>
				<timestamp>315.777783</timestamp>
			</report>
			<report>
				<misses>4900000</misses>
				<total>227685</total>
				<timestamp>322.356850</timestamp>
			</report>
			<report>
				<misses>5000000</misses>
				<total>227683</total>
				<timestamp>328.933922</timestamp>
			</report>
		</query>
	</custom>
	<ethtool_statistic>
		<rx_packets>
			<start>1036399983</start>
			<end>1050470567</end>
		</rx_packets>
		<tx_packets>
			<start>3025255240</start>
			<end>3074635168</end>
		</tx_packets>
		<rx_dropped>
			<start>0</start>
			<end>0</end>
		</rx_dropped>
		<tx_dropped>
			<start>0</start>
			<end>0</end>
		</tx_dropped>
		<collisions>
			<start>0</start>
			<end>0</end>
		</collisions>
		<port_tx_errors>
			<start>0</start>
			<end>0</end>
		</port_tx_errors>
		<port_rx_dropped>
			<start>0</start>
			<end>0</end>
		</port_rx_dropped>
		<port_tx_dropped_link_down>
			<start>0</start>
			<end>0</end>
		</port_tx_dropped_link_down>
	</ethtool_statistic>
	<ip_statistic>
		<mtu>
			<start>9000</start>
			<end>9000</end>
		</mtu>
		<rx_bytes>
			<start>9267248177763</start>
			<end>9393066018431</end>
		</rx_bytes>
		<rx_packets>
			<start>1036400080</start>
			<end>1050470663</end>
		</rx_packets>
		<rx_errors>
			<start>0</start>
			<end>0</end>
		</rx_errors>
		<rx_dropped>
			<start>0</start>
			<end>0</end>
		</rx_dropped>
		<rx_missed>
			<start>0</start>
			<end>0</end>
		</rx_missed>
		<rx_mcast>
			<start>704</start>
			<end>707</end>
		</rx_mcast>
		<tx_bytes>
			<start>16118608621791</start>
			<end>16528883328393</end>
		</tx_bytes>
		<tx_packets>
			<start>3025255305</start>
			<end>3074635242</end>
		</tx_packets>
		<tx_errors>
			<start>0</start>
			<end>0</end>
		</tx_errors>
		<tx_dropped>
			<start>0</start>
			<end>0</end>
		</tx_dropped>
		<tx_carrier>
			<start>0</start>
			<end>0</end>
		</tx_carrier>
		<tx_collisions>
			<start>0</start>
			<end>0</end>
		</tx_collisions>
	</ip_statistic>
	<netstat_statistic>
		<udp_pkg_rec>
			<start>1036555021</start>
			<end>1050627297</end>
		</udp_pkg_rec>
		<udp_pkg_snt>
			<start>2632716581</start>
			<end>2647098590</end>
		</udp_pkg_snt>
		<udp_rec_err>
			<start>1</start>
			<end>1</end>
		</udp_rec_err>
		<udp_rec_buf_err>
			<start>1</start>
			<end>1</end>
		</udp_rec_buf_err>
		<udp_snt_buf_err>
			<start>0</start>
			<end>0</end>
		</udp_snt_buf_err>
	</netstat_statistic>
</test_results>
