<?xml version="1.0"?>
<test_results>
	<status>STATUS_SUCCESS</status>
	<custom>
		<num_loss>1964422</num_loss>
		<num_total>2000001</num_total>
		<num_misses>3290</num_misses>
		<elapsed_time>160.247523</elapsed_time>
		<query>
			<report>
				<misses>10000</misses>
				<total>10000</total>
			</report>
			<report>
				<misses>20000</misses>
				<total>19999</total>
			</report>
			<report>
				<misses>30000</misses>
				<total>29998</total>
			</report>
			<report>
				<misses>40000</misses>
				<total>39997</total>
			</report>
			<report>
				<misses>50000</misses>
				<total>49363</total>
			</report>
			<report>
				<misses>60000</misses>
				<total>56094</total>
			</report>
			<report>
				<misses>70000</misses>
				<total>66093</total>
			</report>
			<report>
				<misses>80000</misses>
				<total>76092</total>
			</report>
			<report>
				<misses>90000</misses>
				<total>86091</total>
			</report>
			<report>
				<misses>100000</misses>
				<total>96090</total>
			</report>
			<report>
				<misses>110000</misses>
				<total>106089</total>
			</report>
			<report>
				<misses>120000</misses>
				<total>116088</total>
			</report>
			<report>
				<misses>130000</misses>
				<total>126087</total>
			</report>
			<report>
				<misses>140000</misses>
				<total>136086</total>
			</report>
			<report>
				<misses>150000</misses>
				<total>146085</total>
			</report>
			<report>
				<misses>160000</misses>
				<total>156084</total>
			</report>
			<report>
				<misses>170000</misses>
				<total>166083</total>
			</report>
			<report>
				<misses>180000</misses>
				<total>176082</total>
			</report>
			<report>
				<misses>190000</misses>
				<total>186081</total>
			</report>
			<report>
				<misses>200000</misses>
				<total>196080</total>
			</report>
			<report>
				<misses>210000</misses>
				<total>206079</total>
			</report>
			<report>
				<misses>220000</misses>
				<total>216078</total>
			</report>
			<report>
				<misses>230000</misses>
				<total>226077</total>
			</report>
			<report>
				<misses>240000</misses>
				<total>236076</total>
			</report>
			<report>
				<misses>250000</misses>
				<total>246075</total>
			</report>
			<report>
				<misses>260000</misses>
				<total>256074</total>
			</report>
			<report>
				<misses>270000</misses>
				<total>266073</total>
			</report>
			<report>
				<misses>280000</misses>
				<total>276072</total>
			</report>
			<report>
				<misses>290000</misses>
				<total>286071</total>
			</report>
			<report>
				<misses>300000</misses>
				<total>296070</total>
			</report>
			<report>
				<misses>310000</misses>
				<total>306069</total>
			</report>
			<report>
				<misses>320000</misses>
				<total>316068</total>
			</report>
			<report>
				<misses>330000</misses>
				<total>326067</total>
			</report>
			<report>
				<misses>340000</misses>
				<total>336066</total>
			</report>
			<report>
				<misses>350000</misses>
				<total>346065</total>
			</report>
			<report>
				<misses>360000</misses>
				<total>356064</total>
			</report>
			<report>
				<misses>370000</misses>
				<total>366063</total>
			</report>
			<report>
				<misses>380000</misses>
				<total>376062</total>
			</report>
			<report>
				<misses>390000</misses>
				<total>385897</total>
			</report>
			<report>
				<misses>400000</misses>
				<total>393326</total>
			</report>
			<report>
				<misses>410000</misses>
				<total>403325</total>
			</report>
			<report>
				<misses>420000</misses>
				<total>413324</total>
			</report>
			<report>
				<misses>430000</misses>
				<total>423323</total>
			</report>
			<report>
				<misses>440000</misses>
				<total>433322</total>
			</report>
			<report>
				<misses>450000</misses>
				<total>443321</total>
			</report>
			<report>
				<misses>460000</misses>
				<total>453320</total>
			</report>
			<report>
				<misses>470000</misses>
				<total>463319</total>
			</report>
			<report>
				<misses>480000</misses>
				<total>473318</total>
			</report>
			<report>
				<misses>490000</misses>
				<total>483317</total>
			</report>
			<report>
				<misses>500000</misses>
				<total>493316</total>
			</report>
			<report>
				<misses>510000</misses>
				<total>503315</total>
			</report>
			<report>
				<misses>520000</misses>
				<total>513314</total>
			</report>
			<report>
				<misses>530000</misses>
				<total>523313</total>
			</report>
			<report>
				<misses>540000</misses>
				<total>533312</total>
			</report>
			<report>
				<misses>550000</misses>
				<total>543311</total>
			</report>
			<report>
				<misses>560000</misses>
				<total>553310</total>
			</report>
			<report>
				<misses>570000</misses>
				<total>563309</total>
			</report>
			<report>
				<misses>580000</misses>
				<total>573308</total>
			</report>
			<report>
				<misses>590000</misses>
				<total>583307</total>
			</report>
			<report>
				<misses>600000</misses>
				<total>593306</total>
			</report>
			<report>
				<misses>610000</misses>
				<total>603305</total>
			</report>
			<report>
				<misses>620000</misses>
				<total>613304</total>
			</report>
			<report>
				<misses>630000</misses>
				<total>623303</total>
			</report>
			<report>
				<misses>640000</misses>
				<total>633302</total>
			</report>
			<report>
				<misses>650000</misses>
				<total>643301</total>
			</report>
			<report>
				<misses>660000</misses>
				<total>653300</total>
			</report>
			<report>
				<misses>670000</misses>
				<total>663299</total>
			</report>
			<report>
				<misses>680000</misses>
				<total>673298</total>
			</report>
			<report>
				<misses>690000</misses>
				<total>683297</total>
			</report>
			<report>
				<misses>700000</misses>
				<total>693296</total>
			</report>
			<report>
				<misses>710000</misses>
				<total>703295</total>
			</report>
			<report>
				<misses>720000</misses>
				<total>713294</total>
			</report>
			<report>
				<misses>730000</misses>
				<total>719836</total>
			</report>
			<report>
				<misses>740000</misses>
				<total>729835</total>
			</report>
			<report>
				<misses>750000</misses>
				<total>739834</total>
			</report>
			<report>
				<misses>760000</misses>
				<total>749833</total>
			</report>
			<report>
				<misses>770000</misses>
				<total>759832</total>
			</report>
			<report>
				<misses>780000</misses>
				<total>769831</total>
			</report>
			<report>
				<misses>790000</misses>
				<total>779830</total>
			</report>
			<report>
				<misses>800000</misses>
				<total>789829</total>
			</report>
			<report>
				<misses>810000</misses>
				<total>799828</total>
			</report>
			<report>
				<misses>820000</misses>
				<total>809827</total>
			</report>
			<report>
				<misses>830000</misses>
				<total>819826</total>
			</report>
			<report>
				<misses>840000</misses>
				<total>829825</total>
			</report>
			<report>
				<misses>850000</misses>
				<total>839824</total>
			</report>
			<report>
				<misses>860000</misses>
				<total>849823</total>
			</report>
			<report>
				<misses>870000</misses>
				<total>859822</total>
			</report>
			<report>
				<misses>880000</misses>
				<total>869821</total>
			</report>
			<report>
				<misses>890000</misses>
				<total>879820</total>
			</report>
			<report>
				<misses>900000</misses>
				<total>889819</total>
			</report>
			<report>
				<misses>910000</misses>
				<total>899818</total>
			</report>
			<report>
				<misses>920000</misses>
				<total>909817</total>
			</report>
			<report>
				<misses>930000</misses>
				<total>919816</total>
			</report>
			<report>
				<misses>940000</misses>
				<total>929815</total>
			</report>
			<report>
				<misses>950000</misses>
				<total>939814</total>
			</report>
			<report>
				<misses>960000</misses>
				<total>949813</total>
			</report>
			<report>
				<misses>970000</misses>
				<total>959812</total>
			</report>
			<report>
				<misses>980000</misses>
				<total>969811</total>
			</report>
			<report>
				<misses>990000</misses>
				<total>979810</total>
			</report>
			<report>
				<misses>1000000</misses>
				<total>989809</total>
			</report>
			<report>
				<misses>1010000</misses>
				<total>999808</total>
			</report>
			<report>
				<misses>1020000</misses>
				<total>1009807</total>
			</report>
			<report>
				<misses>1030000</misses>
				<total>1019806</total>
			</report>
			<report>
				<misses>1040000</misses>
				<total>1029805</total>
			</report>
			<report>
				<misses>1050000</misses>
				<total>1039804</total>
			</report>
			<report>
				<misses>1060000</misses>
				<total>1049803</total>
			</report>
			<report>
				<misses>1070000</misses>
				<total>1056871</total>
			</report>
			<report>
				<misses>1080000</misses>
				<total>1065708</total>
			</report>
			<report>
				<misses>1090000</misses>
				<total>1075707</total>
			</report>
			<report>
				<misses>1100000</misses>
				<total>1085706</total>
			</report>
			<report>
				<misses>1110000</misses>
				<total>1095705</total>
			</report>
			<report>
				<misses>1120000</misses>
				<total>1105704</total>
			</report>
			<report>
				<misses>1130000</misses>
				<total>1115703</total>
			</report>
			<report>
				<misses>1140000</misses>
				<total>1125702</total>
			</report>
			<report>
				<misses>1150000</misses>
				<total>1135701</total>
			</report>
			<report>
				<misses>1160000</misses>
				<total>1145700</total>
			</report>
			<report>
				<misses>1170000</misses>
				<total>1155699</total>
			</report>
			<report>
				<misses>1180000</misses>
				<total>1165698</total>
			</report>
			<report>
				<misses>1190000</misses>
				<total>1175697</total>
			</report>
			<report>
				<misses>1200000</misses>
				<total>1185696</total>
			</report>
			<report>
				<misses>1210000</misses>
				<total>1195695</total>
			</report>
			<report>
				<misses>1220000</misses>
				<total>1205694</total>
			</report>
			<report>
				<misses>1230000</misses>
				<total>1215693</total>
			</report>
			<report>
				<misses>1240000</misses>
				<total>1225692</total>
			</report>
			<report>
				<misses>1250000</misses>
				<total>1235691</total>
			</report>
			<report>
				<misses>1260000</misses>
				<total>1245690</total>
			</report>
			<report>
				<misses>1270000</misses>
				<total>1255689</total>
			</report>
			<report>
				<misses>1280000</misses>
				<total>1265688</total>
			</report>
			<report>
				<misses>1290000</misses>
				<total>1275687</total>
			</report>
			<report>
				<misses>1300000</misses>
				<total>1285686</total>
			</report>
			<report>
				<misses>1310000</misses>
				<total>1295685</total>
			</report>
			<report>
				<misses>1320000</misses>
				<total>1305684</total>
			</report>
			<report>
				<misses>1330000</misses>
				<total>1315683</total>
			</report>
			<report>
				<misses>1340000</misses>
				<total>1325682</total>
			</report>
			<report>
				<misses>1350000</misses>
				<total>1335681</total>
			</report>
			<report>
				<misses>1360000</misses>
				<total>1345680</total>
			</report>
			<report>
				<misses>1370000</misses>
				<total>1355679</total>
			</report>
			<report>
				<misses>1380000</misses>
				<total>1365678</total>
			</report>
			<report>
				<misses>1390000</misses>
				<total>1375677</total>
			</report>
			<report>
				<misses>1400000</misses>
				<total>1385676</total>
			</report>
			<report>
				<misses>1410000</misses>
				<total>1391062</total>
			</report>
			<report>
				<misses>1420000</misses>
				<total>1399978</total>
			</report>
			<report>
				<misses>1430000</misses>
				<total>1409977</total>
			</report>
			<report>
				<misses>1440000</misses>
				<total>1419976</total>
			</report>
			<report>
				<misses>1450000</misses>
				<total>1429975</total>
			</report>
			<report>
				<misses>1460000</misses>
				<total>1439974</total>
			</report>
			<report>
				<misses>1470000</misses>
				<total>1449973</total>
			</report>
			<report>
				<misses>1480000</misses>
				<total>1459972</total>
			</report>
			<report>
				<misses>1490000</misses>
				<total>1469971</total>
			</report>
			<report>
				<misses>1500000</misses>
				<total>1479970</total>
			</report>
			<report>
				<misses>1510000</misses>
				<total>1489969</total>
			</report>
			<report>
				<misses>1520000</misses>
				<total>1499968</total>
			</report>
			<report>
				<misses>1530000</misses>
				<total>1509967</total>
			</report>
			<report>
				<misses>1540000</misses>
				<total>1519966</total>
			</report>
			<report>
				<misses>1550000</misses>
				<total>1529965</total>
			</report>
			<report>
				<misses>1560000</misses>
				<total>1539964</total>
			</report>
			<report>
				<misses>1570000</misses>
				<total>1549963</total>
			</report>
			<report>
				<misses>1580000</misses>
				<total>1559962</total>
			</report>
			<report>
				<misses>1590000</misses>
				<total>1569961</total>
			</report>
			<report>
				<misses>1600000</misses>
				<total>1579960</total>
			</report>
			<report>
				<misses>1610000</misses>
				<total>1589959</total>
			</report>
			<report>
				<misses>1620000</misses>
				<total>1599958</total>
			</report>
			<report>
				<misses>1630000</misses>
				<total>1609957</total>
			</report>
			<report>
				<misses>1640000</misses>
				<total>1619956</total>
			</report>
			<report>
				<misses>1650000</misses>
				<total>1629955</total>
			</report>
			<report>
				<misses>1660000</misses>
				<total>1639954</total>
			</report>
			<report>
				<misses>1670000</misses>
				<total>1649953</total>
			</report>
			<report>
				<misses>1680000</misses>
				<total>1659952</total>
			</report>
			<report>
				<misses>1690000</misses>
				<total>1669951</total>
			</report>
			<report>
				<misses>1700000</misses>
				<total>1679950</total>
			</report>
			<report>
				<misses>1710000</misses>
				<total>1689949</total>
			</report>
			<report>
				<misses>1720000</misses>
				<total>1699948</total>
			</report>
			<report>
				<misses>1730000</misses>
				<total>1709947</total>
			</report>
			<report>
				<misses>1740000</misses>
				<total>1719946</total>
			</report>
			<report>
				<misses>1750000</misses>
				<total>1728357</total>
			</report>
			<report>
				<misses>1760000</misses>
				<total>1728391</total>
			</report>
			<report>
				<misses>1770000</misses>
				<total>1734445</total>
			</report>
			<report>
				<misses>1780000</misses>
				<total>1744444</total>
			</report>
			<report>
				<misses>1790000</misses>
				<total>1754443</total>
			</report>
			<report>
				<misses>1800000</misses>
				<total>1764442</total>
			</report>
			<report>
				<misses>1810000</misses>
				<total>1774441</total>
			</report>
			<report>
				<misses>1820000</misses>
				<total>1784440</total>
			</report>
			<report>
				<misses>1830000</misses>
				<total>1794439</total>
			</report>
			<report>
				<misses>1840000</misses>
				<total>1804438</total>
			</report>
			<report>
				<misses>1850000</misses>
				<total>1814437</total>
			</report>
			<report>
				<misses>1860000</misses>
				<total>1824436</total>
			</report>
			<report>
				<misses>1870000</misses>
				<total>1834435</total>
			</report>
			<report>
				<misses>1880000</misses>
				<total>1844434</total>
			</report>
			<report>
				<misses>1890000</misses>
				<total>1854433</total>
			</report>
			<report>
				<misses>1900000</misses>
				<total>1864432</total>
			</report>
			<report>
				<misses>1910000</misses>
				<total>1874431</total>
			</report>
			<report>
				<misses>1920000</misses>
				<total>1884430</total>
			</report>
			<report>
				<misses>1930000</misses>
				<total>1894429</total>
			</report>
			<report>
				<misses>1940000</misses>
				<total>1904428</total>
			</report>
			<report>
				<misses>1950000</misses>
				<total>1914427</total>
			</report>
			<report>
				<misses>1960000</misses>
				<total>1924426</total>
			</report>
			<report>
				<misses>1970000</misses>
				<total>1934425</total>
			</report>
			<report>
				<misses>1980000</misses>
				<total>1944424</total>
			</report>
			<report>
				<misses>1990000</misses>
				<total>1954423</total>
			</report>
			<report>
				<misses>2000000</misses>
				<total>1964422</total>
			</report>
		</query>
	</custom>
	<ethtool_statistic>
		<rx_packets>
			<start>17164401592</start>
			<end>17172093599</end>
		</rx_packets>
		<tx_packets>
			<start>20137972166</start>
			<end>20158585115</end>
		</tx_packets>
		<rx_dropped>
			<start>267</start>
			<end>267</end>
		</rx_dropped>
		<tx_dropped>
			<start>0</start>
			<end>0</end>
		</tx_dropped>
		<collisions>
			<start>0</start>
			<end>0</end>
		</collisions>
		<port_tx_errors>
			<start>0</start>
			<end>0</end>
		</port_tx_errors>
		<port_rx_dropped>
			<start>0</start>
			<end>0</end>
		</port_rx_dropped>
		<port_tx_dropped_link_down>
			<start>0</start>
			<end>0</end>
		</port_tx_dropped_link_down>
	</ethtool_statistic>
	<ip_statistic>
		<mtu>
			<start>9000</start>
			<end>9000</end>
		</mtu>
		<rx_bytes>
			<start>154294831885570</start>
			<end>154363980145396</end>
		</rx_bytes>
		<rx_packets>
			<start>17164401655</start>
			<end>17172093655</end>
		</rx_packets>
		<rx_errors>
			<start>0</start>
			<end>0</end>
		</rx_errors>
		<rx_dropped>
			<start>273</start>
			<end>273</end>
		</rx_dropped>
		<rx_missed>
			<start>0</start>
			<end>0</end>
		</rx_missed>
		<rx_mcast>
			<start>12397</start>
			<end>12399</end>
		</rx_mcast>
		<tx_bytes>
			<start>137169851340075</start>
			<end>137341880686977</end>
		</tx_bytes>
		<tx_packets>
			<start>20137972220</start>
			<end>20158585172</end>
		</tx_packets>
		<tx_errors>
			<start>0</start>
			<end>0</end>
		</tx_errors>
		<tx_dropped>
			<start>0</start>
			<end>0</end>
		</tx_dropped>
		<tx_carrier>
			<start>0</start>
			<end>0</end>
		</tx_carrier>
		<tx_collisions>
			<start>0</start>
			<end>0</end>
		</tx_collisions>
	</ip_statistic>
	<netstat_statistic>
		<udp_pkg_rec>
			<start>16883834232</start>
			<end>16891214886</end>
		</udp_pkg_rec>
		<udp_pkg_snt>
			<start>16836196775</start>
			<end>16842811458</end>
		</udp_pkg_snt>
		<udp_rec_err>
			<start>282563605</start>
			<end>282874837</end>
		</udp_rec_err>
		<udp_rec_buf_err>
			<start>282563605</start>
			<end>282874837</end>
		</udp_rec_buf_err>
		<udp_snt_buf_err>
			<start>28</start>
			<end>28</end>
		</udp_snt_buf_err>
	</netstat_statistic>
</test_results>
