<?xml version="1.0"?>
<test_results>
	<status>STATUS_SUCCESS</status>
	<custom>
		<num_loss>13</num_loss>
		<num_total>65446346</num_total>
		<num_misses>8298</num_misses>
		<elapsed_time>7199.938904</elapsed_time>
		<query>
			<report>
				<misses>100000</misses>
				<total>1</total>
				<timestamp>11.001809</timestamp>
			</report>
			<report>
				<misses>200000</misses>
				<total>1</total>
				<timestamp>22.003465</timestamp>
			</report>
			<report>
				<misses>300000</misses>
				<total>1</total>
				<timestamp>33.005333</timestamp>
			</report>
			<report>
				<misses>400000</misses>
				<total>2</total>
				<timestamp>44.007392</timestamp>
			</report>
			<report>
				<misses>500000</misses>
				<total>2</total>
				<timestamp>55.008647</timestamp>
			</report>
			<report>
				<misses>600000</misses>
				<total>2</total>
				<timestamp>66.009747</timestamp>
			</report>
			<report>
				<misses>700000</misses>
				<total>2</total>
				<timestamp>77.010831</timestamp>
			</report>
			<report>
				<misses>800000</misses>
				<total>2</total>
				<timestamp>88.011918</timestamp>
			</report>
			<report>
				<misses>900000</misses>
				<total>2</total>
				<timestamp>99.013256</timestamp>
			</report>
			<report>
				<misses>1000000</misses>
				<total>2</total>
				<timestamp>110.014447</timestamp>
			</report>
			<report>
				<misses>1100000</misses>
				<total>2</total>
				<timestamp>121.015459</timestamp>
			</report>
			<report>
				<misses>1200000</misses>
				<total>2</total>
				<timestamp>132.016322</timestamp>
			</report>
			<report>
				<misses>1300000</misses>
				<total>1</total>
				<timestamp>143.017208</timestamp>
			</report>
			<report>
				<misses>1400000</misses>
				<total>2</total>
				<timestamp>154.017760</timestamp>
			</report>
			<report>
				<misses>1500000</misses>
				<total>2</total>
				<timestamp>165.019076</timestamp>
			</report>
			<report>
				<misses>1600000</misses>
				<total>2</total>
				<timestamp>176.021281</timestamp>
			</report>
			<report>
				<misses>1700000</misses>
				<total>2</total>
				<timestamp>187.024021</timestamp>
			</report>
			<report>
				<misses>1800000</misses>
				<total>2</total>
				<timestamp>198.024461</timestamp>
			</report>
			<report>
				<misses>1900000</misses>
				<total>2</total>
				<timestamp>209.025781</timestamp>
			</report>
			<report>
				<misses>2000000</misses>
				<total>2</total>
				<timestamp>220.027317</timestamp>
			</report>
			<report>
				<misses>2100000</misses>
				<total>2</total>
				<timestamp>231.028418</timestamp>
			</report>
			<report>
				<misses>2200000</misses>
				<total>2</total>
				<timestamp>242.029634</timestamp>
			</report>
			<report>
				<misses>2300000</misses>
				<total>2</total>
				<timestamp>253.030526</timestamp>
			</report>
			<report>
				<misses>2400000</misses>
				<total>2</total>
				<timestamp>264.031815</timestamp>
			</report>
			<report>
				<misses>2500000</misses>
				<total>2</total>
				<timestamp>275.033266</timestamp>
			</report>
			<report>
				<misses>2600000</misses>
				<total>2</total>
				<timestamp>286.034358</timestamp>
			</report>
			<report>
				<misses>2700000</misses>
				<total>2</total>
				<timestamp>297.035374</timestamp>
			</report>
			<report>
				<misses>2800000</misses>
				<total>2</total>
				<timestamp>308.036466</timestamp>
			</report>
			<report>
				<misses>2900000</misses>
				<total>2</total>
				<timestamp>319.037790</timestamp>
			</report>
			<report>
				<misses>3000000</misses>
				<total>2</total>
				<timestamp>330.038542</timestamp>
			</report>
			<report>
				<misses>3100000</misses>
				<total>2</total>
				<timestamp>341.039775</timestamp>
			</report>
			<report>
				<misses>3200000</misses>
				<total>2</total>
				<timestamp>352.041878</timestamp>
			</report>
			<report>
				<misses>3300000</misses>
				<total>3</total>
				<timestamp>363.043505</timestamp>
			</report>
			<report>
				<misses>3400000</misses>
				<total>2</total>
				<timestamp>374.044368</timestamp>
			</report>
			<report>
				<misses>3500000</misses>
				<total>2</total>
				<timestamp>385.045596</timestamp>
			</report>
			<report>
				<misses>3600000</misses>
				<total>2</total>
				<timestamp>396.046570</timestamp>
			</report>
			<report>
				<misses>3700000</misses>
				<total>2</total>
				<timestamp>407.048003</timestamp>
			</report>
			<report>
				<misses>3800000</misses>
				<total>2</total>
				<timestamp>418.050000</timestamp>
			</report>
			<report>
				<misses>3900000</misses>
				<total>1</total>
				<timestamp>429.051093</timestamp>
			</report>
			<report>
				<misses>4000000</misses>
				<total>2</total>
				<timestamp>440.051964</timestamp>
			</report>
			<report>
				<misses>4100000</misses>
				<total>2</total>
				<timestamp>451.053267</timestamp>
			</report>
			<report>
				<misses>4200000</misses>
				<total>2</total>
				<timestamp>462.054935</timestamp>
			</report>
			<report>
				<misses>4300000</misses>
				<total>2</total>
				<timestamp>473.056033</timestamp>
			</report>
			<report>
				<misses>4400000</misses>
				<total>2</total>
				<timestamp>484.057469</timestamp>
			</report>
			<report>
				<misses>4500000</misses>
				<total>1</total>
				<timestamp>495.059018</timestamp>
			</report>
			<report>
				<misses>4600000</misses>
				<total>2</total>
				<timestamp>506.060540</timestamp>
			</report>
			<report>
				<misses>4700000</misses>
				<total>2</total>
				<timestamp>517.061754</timestamp>
			</report>
			<report>
				<misses>4800000</misses>
				<total>2</total>
				<timestamp>528.063739</timestamp>
			</report>
			<report>
				<misses>4900000</misses>
				<total>2</total>
				<timestamp>539.064950</timestamp>
			</report>
			<report>
				<misses>5000000</misses>
				<total>2</total>
				<timestamp>550.066261</timestamp>
			</report>
			<report>
				<misses>5100000</misses>
				<total>2</total>
				<timestamp>561.067479</timestamp>
			</report>
			<report>
				<misses>5200000</misses>
				<total>2</total>
				<timestamp>572.068691</timestamp>
			</report>
			<report>
				<misses>5300000</misses>
				<total>1</total>
				<timestamp>583.069269</timestamp>
			</report>
			<report>
				<misses>5400000</misses>
				<total>2</total>
				<timestamp>594.070238</timestamp>
			</report>
			<report>
				<misses>5500000</misses>
				<total>2</total>
				<timestamp>605.071108</timestamp>
			</report>
			<report>
				<misses>5600000</misses>
				<total>2</total>
				<timestamp>616.071874</timestamp>
			</report>
			<report>
				<misses>5700000</misses>
				<total>2</total>
				<timestamp>627.072427</timestamp>
			</report>
			<report>
				<misses>5800000</misses>
				<total>2</total>
				<timestamp>638.073747</timestamp>
			</report>
			<report>
				<misses>5900000</misses>
				<total>2</total>
				<timestamp>649.075164</timestamp>
			</report>
			<report>
				<misses>6000000</misses>
				<total>2</total>
				<timestamp>660.076494</timestamp>
			</report>
			<report>
				<misses>6100000</misses>
				<total>2</total>
				<timestamp>671.077599</timestamp>
			</report>
			<report>
				<misses>6200000</misses>
				<total>2</total>
				<timestamp>682.078463</timestamp>
			</report>
			<report>
				<misses>6300000</misses>
				<total>2</total>
				<timestamp>693.079261</timestamp>
			</report>
			<report>
				<misses>6400000</misses>
				<total>2</total>
				<timestamp>704.081342</timestamp>
			</report>
			<report>
				<misses>6500000</misses>
				<total>2</total>
				<timestamp>715.082660</timestamp>
			</report>
			<report>
				<misses>6600000</misses>
				<total>2</total>
				<timestamp>726.083865</timestamp>
			</report>
			<report>
				<misses>6700000</misses>
				<total>2</total>
				<timestamp>737.084966</timestamp>
			</report>
			<report>
				<misses>6800000</misses>
				<total>2</total>
				<timestamp>748.086497</timestamp>
			</report>
			<report>
				<misses>6900000</misses>
				<total>2</total>
				<timestamp>759.088167</timestamp>
			</report>
			<report>
				<misses>7000000</misses>
				<total>2</total>
				<timestamp>770.089580</timestamp>
			</report>
			<report>
				<misses>7100000</misses>
				<total>2</total>
				<timestamp>781.091693</timestamp>
			</report>
			<report>
				<misses>7200000</misses>
				<total>2</total>
				<timestamp>792.092335</timestamp>
			</report>
			<report>
				<misses>7300000</misses>
				<total>1</total>
				<timestamp>803.094012</timestamp>
			</report>
			<report>
				<misses>7400000</misses>
				<total>2</total>
				<timestamp>814.094978</timestamp>
			</report>
			<report>
				<misses>7500000</misses>
				<total>2</total>
				<timestamp>825.096194</timestamp>
			</report>
			<report>
				<misses>7600000</misses>
				<total>2</total>
				<timestamp>836.097396</timestamp>
			</report>
			<report>
				<misses>7700000</misses>
				<total>2</total>
				<timestamp>847.098864</timestamp>
			</report>
			<report>
				<misses>7800000</misses>
				<total>3</total>
				<timestamp>858.100476</timestamp>
			</report>
			<report>
				<misses>7900000</misses>
				<total>2</total>
				<timestamp>869.101810</timestamp>
			</report>
			<report>
				<misses>8000000</misses>
				<total>3</total>
				<timestamp>880.103041</timestamp>
			</report>
			<report>
				<misses>8100000</misses>
				<total>2</total>
				<timestamp>891.104364</timestamp>
			</report>
			<report>
				<misses>8200000</misses>
				<total>2</total>
				<timestamp>902.105544</timestamp>
			</report>
			<report>
				<misses>8300000</misses>
				<total>3</total>
				<timestamp>913.106965</timestamp>
			</report>
			<report>
				<misses>8400000</misses>
				<total>4</total>
				<timestamp>924.108061</timestamp>
			</report>
			<report>
				<misses>8500000</misses>
				<total>4</total>
				<timestamp>935.109063</timestamp>
			</report>
			<report>
				<misses>8600000</misses>
				<total>4</total>
				<timestamp>946.110264</timestamp>
			</report>
			<report>
				<misses>8700000</misses>
				<total>4</total>
				<timestamp>957.111925</timestamp>
			</report>
			<report>
				<misses>8800000</misses>
				<total>4</total>
				<timestamp>968.113455</timestamp>
			</report>
			<report>
				<misses>8900000</misses>
				<total>4</total>
				<timestamp>979.113776</timestamp>
			</report>
			<report>
				<misses>9000000</misses>
				<total>4</total>
				<timestamp>990.114995</timestamp>
			</report>
			<report>
				<misses>9100000</misses>
				<total>4</total>
				<timestamp>1001.116319</timestamp>
			</report>
			<report>
				<misses>9200000</misses>
				<total>4</total>
				<timestamp>1012.118953</timestamp>
			</report>
			<report>
				<misses>9300000</misses>
				<total>4</total>
				<timestamp>1023.119739</timestamp>
			</report>
			<report>
				<misses>9400000</misses>
				<total>4</total>
				<timestamp>1034.121479</timestamp>
			</report>
			<report>
				<misses>9500000</misses>
				<total>4</total>
				<timestamp>1045.122358</timestamp>
			</report>
			<report>
				<misses>9600000</misses>
				<total>4</total>
				<timestamp>1056.123706</timestamp>
			</report>
			<report>
				<misses>9700000</misses>
				<total>4</total>
				<timestamp>1067.125117</timestamp>
			</report>
			<report>
				<misses>9800000</misses>
				<total>4</total>
				<timestamp>1078.127427</timestamp>
			</report>
			<report>
				<misses>9900000</misses>
				<total>4</total>
				<timestamp>1089.128623</timestamp>
			</report>
			<report>
				<misses>10000000</misses>
				<total>4</total>
				<timestamp>1100.129731</timestamp>
			</report>
			<report>
				<misses>10100000</misses>
				<total>4</total>
				<timestamp>1111.131177</timestamp>
			</report>
			<report>
				<misses>10200000</misses>
				<total>4</total>
				<timestamp>1122.132389</timestamp>
			</report>
			<report>
				<misses>10300000</misses>
				<total>4</total>
				<timestamp>1133.133913</timestamp>
			</report>
			<report>
				<misses>10400000</misses>
				<total>4</total>
				<timestamp>1144.135118</timestamp>
			</report>
			<report>
				<misses>10500000</misses>
				<total>4</total>
				<timestamp>1155.136226</timestamp>
			</report>
			<report>
				<misses>10600000</misses>
				<total>4</total>
				<timestamp>1166.137974</timestamp>
			</report>
			<report>
				<misses>10700000</misses>
				<total>3</total>
				<timestamp>1177.139468</timestamp>
			</report>
			<report>
				<misses>10800000</misses>
				<total>4</total>
				<timestamp>1188.140504</timestamp>
			</report>
			<report>
				<misses>10900000</misses>
				<total>3</total>
				<timestamp>1199.141730</timestamp>
			</report>
			<report>
				<misses>11000000</misses>
				<total>5</total>
				<timestamp>1210.142614</timestamp>
			</report>
			<report>
				<misses>11100000</misses>
				<total>4</total>
				<timestamp>1221.143719</timestamp>
			</report>
			<report>
				<misses>11200000</misses>
				<total>5</total>
				<timestamp>1232.145132</timestamp>
			</report>
			<report>
				<misses>11300000</misses>
				<total>5</total>
				<timestamp>1243.146690</timestamp>
			</report>
			<report>
				<misses>11400000</misses>
				<total>5</total>
				<timestamp>1254.147560</timestamp>
			</report>
			<report>
				<misses>11500000</misses>
				<total>5</total>
				<timestamp>1265.148435</timestamp>
			</report>
			<report>
				<misses>11600000</misses>
				<total>5</total>
				<timestamp>1276.150294</timestamp>
			</report>
			<report>
				<misses>11700000</misses>
				<total>5</total>
				<timestamp>1287.151641</timestamp>
			</report>
			<report>
				<misses>11800000</misses>
				<total>5</total>
				<timestamp>1298.153159</timestamp>
			</report>
			<report>
				<misses>11900000</misses>
				<total>5</total>
				<timestamp>1309.154481</timestamp>
			</report>
			<report>
				<misses>12000000</misses>
				<total>5</total>
				<timestamp>1320.155368</timestamp>
			</report>
			<report>
				<misses>12100000</misses>
				<total>5</total>
				<timestamp>1331.156494</timestamp>
			</report>
			<report>
				<misses>12200000</misses>
				<total>5</total>
				<timestamp>1342.157344</timestamp>
			</report>
			<report>
				<misses>12300000</misses>
				<total>5</total>
				<timestamp>1353.158763</timestamp>
			</report>
			<report>
				<misses>12400000</misses>
				<total>5</total>
				<timestamp>1364.160193</timestamp>
			</report>
			<report>
				<misses>12500000</misses>
				<total>4</total>
				<timestamp>1375.161208</timestamp>
			</report>
			<report>
				<misses>12600000</misses>
				<total>4</total>
				<timestamp>1386.162301</timestamp>
			</report>
			<report>
				<misses>12700000</misses>
				<total>5</total>
				<timestamp>1397.163276</timestamp>
			</report>
			<report>
				<misses>12800000</misses>
				<total>5</total>
				<timestamp>1408.164845</timestamp>
			</report>
			<report>
				<misses>12900000</misses>
				<total>5</total>
				<timestamp>1419.166474</timestamp>
			</report>
			<report>
				<misses>13000000</misses>
				<total>5</total>
				<timestamp>1430.167400</timestamp>
			</report>
			<report>
				<misses>13100000</misses>
				<total>5</total>
				<timestamp>1441.168464</timestamp>
			</report>
			<report>
				<misses>13200000</misses>
				<total>5</total>
				<timestamp>1452.169886</timestamp>
			</report>
			<report>
				<misses>13300000</misses>
				<total>5</total>
				<timestamp>1463.171202</timestamp>
			</report>
			<report>
				<misses>13400000</misses>
				<total>5</total>
				<timestamp>1474.172415</timestamp>
			</report>
			<report>
				<misses>13500000</misses>
				<total>5</total>
				<timestamp>1485.173413</timestamp>
			</report>
			<report>
				<misses>13600000</misses>
				<total>5</total>
				<timestamp>1496.174841</timestamp>
			</report>
			<report>
				<misses>13700000</misses>
				<total>5</total>
				<timestamp>1507.175938</timestamp>
			</report>
			<report>
				<misses>13800000</misses>
				<total>5</total>
				<timestamp>1518.177684</timestamp>
			</report>
			<report>
				<misses>13900000</misses>
				<total>5</total>
				<timestamp>1529.178473</timestamp>
			</report>
			<report>
				<misses>14000000</misses>
				<total>5</total>
				<timestamp>1540.180011</timestamp>
			</report>
			<report>
				<misses>14100000</misses>
				<total>5</total>
				<timestamp>1551.181209</timestamp>
			</report>
			<report>
				<misses>14200000</misses>
				<total>5</total>
				<timestamp>1562.182095</timestamp>
			</report>
			<report>
				<misses>14300000</misses>
				<total>5</total>
				<timestamp>1573.183296</timestamp>
			</report>
			<report>
				<misses>14400000</misses>
				<total>5</total>
				<timestamp>1584.184070</timestamp>
			</report>
			<report>
				<misses>14500000</misses>
				<total>5</total>
				<timestamp>1595.185399</timestamp>
			</report>
			<report>
				<misses>14600000</misses>
				<total>5</total>
				<timestamp>1606.186487</timestamp>
			</report>
			<report>
				<misses>14700000</misses>
				<total>5</total>
				<timestamp>1617.187808</timestamp>
			</report>
			<report>
				<misses>14800000</misses>
				<total>5</total>
				<timestamp>1628.189240</timestamp>
			</report>
			<report>
				<misses>14900000</misses>
				<total>5</total>
				<timestamp>1639.190563</timestamp>
			</report>
			<report>
				<misses>15000000</misses>
				<total>5</total>
				<timestamp>1650.192107</timestamp>
			</report>
			<report>
				<misses>15100000</misses>
				<total>5</total>
				<timestamp>1661.193083</timestamp>
			</report>
			<report>
				<misses>15200000</misses>
				<total>5</total>
				<timestamp>1672.195519</timestamp>
			</report>
			<report>
				<misses>15300000</misses>
				<total>5</total>
				<timestamp>1683.197055</timestamp>
			</report>
			<report>
				<misses>15400000</misses>
				<total>5</total>
				<timestamp>1694.198159</timestamp>
			</report>
			<report>
				<misses>15500000</misses>
				<total>5</total>
				<timestamp>1705.199807</timestamp>
			</report>
			<report>
				<misses>15600000</misses>
				<total>5</total>
				<timestamp>1716.200455</timestamp>
			</report>
			<report>
				<misses>15700000</misses>
				<total>5</total>
				<timestamp>1727.202011</timestamp>
			</report>
			<report>
				<misses>15800000</misses>
				<total>5</total>
				<timestamp>1738.203327</timestamp>
			</report>
			<report>
				<misses>15900000</misses>
				<total>5</total>
				<timestamp>1749.204103</timestamp>
			</report>
			<report>
				<misses>16000000</misses>
				<total>5</total>
				<timestamp>1760.204548</timestamp>
			</report>
			<report>
				<misses>16100000</misses>
				<total>5</total>
				<timestamp>1771.206399</timestamp>
			</report>
			<report>
				<misses>16200000</misses>
				<total>5</total>
				<timestamp>1782.207649</timestamp>
			</report>
			<report>
				<misses>16300000</misses>
				<total>5</total>
				<timestamp>1793.209153</timestamp>
			</report>
			<report>
				<misses>16400000</misses>
				<total>5</total>
				<timestamp>1804.210823</timestamp>
			</report>
			<report>
				<misses>16500000</misses>
				<total>5</total>
				<timestamp>1815.212007</timestamp>
			</report>
			<report>
				<misses>16600000</misses>
				<total>5</total>
				<timestamp>1826.213121</timestamp>
			</report>
			<report>
				<misses>16700000</misses>
				<total>5</total>
				<timestamp>1837.214103</timestamp>
			</report>
			<report>
				<misses>16800000</misses>
				<total>5</total>
				<timestamp>1848.215000</timestamp>
			</report>
			<report>
				<misses>16900000</misses>
				<total>5</total>
				<timestamp>1859.216416</timestamp>
			</report>
			<report>
				<misses>17000000</misses>
				<total>5</total>
				<timestamp>1870.217507</timestamp>
			</report>
			<report>
				<misses>17100000</misses>
				<total>5</total>
				<timestamp>1881.218944</timestamp>
			</report>
			<report>
				<misses>17200000</misses>
				<total>5</total>
				<timestamp>1892.219935</timestamp>
			</report>
			<report>
				<misses>17300000</misses>
				<total>5</total>
				<timestamp>1903.222350</timestamp>
			</report>
			<report>
				<misses>17400000</misses>
				<total>5</total>
				<timestamp>1914.224239</timestamp>
			</report>
			<report>
				<misses>17500000</misses>
				<total>5</total>
				<timestamp>1925.225538</timestamp>
			</report>
			<report>
				<misses>17600000</misses>
				<total>5</total>
				<timestamp>1936.226640</timestamp>
			</report>
			<report>
				<misses>17700000</misses>
				<total>5</total>
				<timestamp>1947.227753</timestamp>
			</report>
			<report>
				<misses>17800000</misses>
				<total>5</total>
				<timestamp>1958.228952</timestamp>
			</report>
			<report>
				<misses>17900000</misses>
				<total>6</total>
				<timestamp>1969.230722</timestamp>
			</report>
			<report>
				<misses>18000000</misses>
				<total>6</total>
				<timestamp>1980.232269</timestamp>
			</report>
			<report>
				<misses>18100000</misses>
				<total>6</total>
				<timestamp>1991.233260</timestamp>
			</report>
			<report>
				<misses>18200000</misses>
				<total>6</total>
				<timestamp>2002.234349</timestamp>
			</report>
			<report>
				<misses>18300000</misses>
				<total>5</total>
				<timestamp>2013.235831</timestamp>
			</report>
			<report>
				<misses>18400000</misses>
				<total>6</total>
				<timestamp>2024.237093</timestamp>
			</report>
			<report>
				<misses>18500000</misses>
				<total>5</total>
				<timestamp>2035.237977</timestamp>
			</report>
			<report>
				<misses>18600000</misses>
				<total>6</total>
				<timestamp>2046.238971</timestamp>
			</report>
			<report>
				<misses>18700000</misses>
				<total>6</total>
				<timestamp>2057.241052</timestamp>
			</report>
			<report>
				<misses>18800000</misses>
				<total>6</total>
				<timestamp>2068.242493</timestamp>
			</report>
			<report>
				<misses>18900000</misses>
				<total>6</total>
				<timestamp>2079.243393</timestamp>
			</report>
			<report>
				<misses>19000000</misses>
				<total>6</total>
				<timestamp>2090.244463</timestamp>
			</report>
			<report>
				<misses>19100000</misses>
				<total>6</total>
				<timestamp>2101.247231</timestamp>
			</report>
			<report>
				<misses>19200000</misses>
				<total>6</total>
				<timestamp>2112.248098</timestamp>
			</report>
			<report>
				<misses>19300000</misses>
				<total>6</total>
				<timestamp>2123.249302</timestamp>
			</report>
			<report>
				<misses>19400000</misses>
				<total>6</total>
				<timestamp>2134.250962</timestamp>
			</report>
			<report>
				<misses>19500000</misses>
				<total>6</total>
				<timestamp>2145.252827</timestamp>
			</report>
			<report>
				<misses>19600000</misses>
				<total>6</total>
				<timestamp>2156.254148</timestamp>
			</report>
			<report>
				<misses>19700000</misses>
				<total>6</total>
				<timestamp>2167.255794</timestamp>
			</report>
			<report>
				<misses>19800000</misses>
				<total>6</total>
				<timestamp>2178.257220</timestamp>
			</report>
			<report>
				<misses>19900000</misses>
				<total>6</total>
				<timestamp>2189.258329</timestamp>
			</report>
			<report>
				<misses>20000000</misses>
				<total>6</total>
				<timestamp>2200.259212</timestamp>
			</report>
			<report>
				<misses>20100000</misses>
				<total>6</total>
				<timestamp>2211.260420</timestamp>
			</report>
			<report>
				<misses>20200000</misses>
				<total>6</total>
				<timestamp>2222.261737</timestamp>
			</report>
			<report>
				<misses>20300000</misses>
				<total>6</total>
				<timestamp>2233.262722</timestamp>
			</report>
			<report>
				<misses>20400000</misses>
				<total>6</total>
				<timestamp>2244.264382</timestamp>
			</report>
			<report>
				<misses>20500000</misses>
				<total>6</total>
				<timestamp>2255.265801</timestamp>
			</report>
			<report>
				<misses>20600000</misses>
				<total>6</total>
				<timestamp>2266.266908</timestamp>
			</report>
			<report>
				<misses>20700000</misses>
				<total>5</total>
				<timestamp>2277.268241</timestamp>
			</report>
			<report>
				<misses>20800000</misses>
				<total>6</total>
				<timestamp>2288.269326</timestamp>
			</report>
			<report>
				<misses>20900000</misses>
				<total>6</total>
				<timestamp>2299.270435</timestamp>
			</report>
			<report>
				<misses>21000000</misses>
				<total>5</total>
				<timestamp>2310.271106</timestamp>
			</report>
			<report>
				<misses>21100000</misses>
				<total>6</total>
				<timestamp>2321.271645</timestamp>
			</report>
			<report>
				<misses>21200000</misses>
				<total>6</total>
				<timestamp>2332.272398</timestamp>
			</report>
			<report>
				<misses>21300000</misses>
				<total>5</total>
				<timestamp>2343.273961</timestamp>
			</report>
			<report>
				<misses>21400000</misses>
				<total>6</total>
				<timestamp>2354.275504</timestamp>
			</report>
			<report>
				<misses>21500000</misses>
				<total>6</total>
				<timestamp>2365.276373</timestamp>
			</report>
			<report>
				<misses>21600000</misses>
				<total>6</total>
				<timestamp>2376.278125</timestamp>
			</report>
			<report>
				<misses>21700000</misses>
				<total>6</total>
				<timestamp>2387.279226</timestamp>
			</report>
			<report>
				<misses>21800000</misses>
				<total>6</total>
				<timestamp>2398.280553</timestamp>
			</report>
			<report>
				<misses>21900000</misses>
				<total>5</total>
				<timestamp>2409.281905</timestamp>
			</report>
			<report>
				<misses>22000000</misses>
				<total>6</total>
				<timestamp>2420.282427</timestamp>
			</report>
			<report>
				<misses>22100000</misses>
				<total>6</total>
				<timestamp>2431.283867</timestamp>
			</report>
			<report>
				<misses>22200000</misses>
				<total>6</total>
				<timestamp>2442.285060</timestamp>
			</report>
			<report>
				<misses>22300000</misses>
				<total>6</total>
				<timestamp>2453.286153</timestamp>
			</report>
			<report>
				<misses>22400000</misses>
				<total>5</total>
				<timestamp>2464.287633</timestamp>
			</report>
			<report>
				<misses>22500000</misses>
				<total>6</total>
				<timestamp>2475.289459</timestamp>
			</report>
			<report>
				<misses>22600000</misses>
				<total>6</total>
				<timestamp>2486.290340</timestamp>
			</report>
			<report>
				<misses>22700000</misses>
				<total>6</total>
				<timestamp>2497.291545</timestamp>
			</report>
			<report>
				<misses>22800000</misses>
				<total>6</total>
				<timestamp>2508.292424</timestamp>
			</report>
			<report>
				<misses>22900000</misses>
				<total>6</total>
				<timestamp>2519.294291</timestamp>
			</report>
			<report>
				<misses>23000000</misses>
				<total>6</total>
				<timestamp>2530.295289</timestamp>
			</report>
			<report>
				<misses>23100000</misses>
				<total>6</total>
				<timestamp>2541.296722</timestamp>
			</report>
			<report>
				<misses>23200000</misses>
				<total>6</total>
				<timestamp>2552.297924</timestamp>
			</report>
			<report>
				<misses>23300000</misses>
				<total>6</total>
				<timestamp>2563.299030</timestamp>
			</report>
			<report>
				<misses>23400000</misses>
				<total>7</total>
				<timestamp>2574.300454</timestamp>
			</report>
			<report>
				<misses>23500000</misses>
				<total>7</total>
				<timestamp>2585.301998</timestamp>
			</report>
			<report>
				<misses>23600000</misses>
				<total>7</total>
				<timestamp>2596.303656</timestamp>
			</report>
			<report>
				<misses>23700000</misses>
				<total>7</total>
				<timestamp>2607.305411</timestamp>
			</report>
			<report>
				<misses>23800000</misses>
				<total>8</total>
				<timestamp>2618.307034</timestamp>
			</report>
			<report>
				<misses>23900000</misses>
				<total>7</total>
				<timestamp>2629.307733</timestamp>
			</report>
			<report>
				<misses>24000000</misses>
				<total>8</total>
				<timestamp>2640.308703</timestamp>
			</report>
			<report>
				<misses>24100000</misses>
				<total>7</total>
				<timestamp>2651.310489</timestamp>
			</report>
			<report>
				<misses>24200000</misses>
				<total>8</total>
				<timestamp>2662.311677</timestamp>
			</report>
			<report>
				<misses>24300000</misses>
				<total>8</total>
				<timestamp>2673.313005</timestamp>
			</report>
			<report>
				<misses>24400000</misses>
				<total>8</total>
				<timestamp>2684.314090</timestamp>
			</report>
			<report>
				<misses>24500000</misses>
				<total>8</total>
				<timestamp>2695.314982</timestamp>
			</report>
			<report>
				<misses>24600000</misses>
				<total>8</total>
				<timestamp>2706.316401</timestamp>
			</report>
			<report>
				<misses>24700000</misses>
				<total>8</total>
				<timestamp>2717.318380</timestamp>
			</report>
			<report>
				<misses>24800000</misses>
				<total>8</total>
				<timestamp>2728.319708</timestamp>
			</report>
			<report>
				<misses>24900000</misses>
				<total>8</total>
				<timestamp>2739.321244</timestamp>
			</report>
			<report>
				<misses>25000000</misses>
				<total>8</total>
				<timestamp>2750.322787</timestamp>
			</report>
			<report>
				<misses>25100000</misses>
				<total>8</total>
				<timestamp>2761.324329</timestamp>
			</report>
			<report>
				<misses>25200000</misses>
				<total>8</total>
				<timestamp>2772.325853</timestamp>
			</report>
			<report>
				<misses>25300000</misses>
				<total>8</total>
				<timestamp>2783.327072</timestamp>
			</report>
			<report>
				<misses>25400000</misses>
				<total>8</total>
				<timestamp>2794.328179</timestamp>
			</report>
			<report>
				<misses>25500000</misses>
				<total>8</total>
				<timestamp>2805.329644</timestamp>
			</report>
			<report>
				<misses>25600000</misses>
				<total>8</total>
				<timestamp>2816.330577</timestamp>
			</report>
			<report>
				<misses>25700000</misses>
				<total>8</total>
				<timestamp>2827.331925</timestamp>
			</report>
			<report>
				<misses>25800000</misses>
				<total>8</total>
				<timestamp>2838.333225</timestamp>
			</report>
			<report>
				<misses>25900000</misses>
				<total>8</total>
				<timestamp>2849.334768</timestamp>
			</report>
			<report>
				<misses>26000000</misses>
				<total>8</total>
				<timestamp>2860.335878</timestamp>
			</report>
			<report>
				<misses>26100000</misses>
				<total>8</total>
				<timestamp>2871.337631</timestamp>
			</report>
			<report>
				<misses>26200000</misses>
				<total>8</total>
				<timestamp>2882.339286</timestamp>
			</report>
			<report>
				<misses>26300000</misses>
				<total>8</total>
				<timestamp>2893.340941</timestamp>
			</report>
			<report>
				<misses>26400000</misses>
				<total>8</total>
				<timestamp>2904.342813</timestamp>
			</report>
			<report>
				<misses>26500000</misses>
				<total>8</total>
				<timestamp>2915.343893</timestamp>
			</report>
			<report>
				<misses>26600000</misses>
				<total>8</total>
				<timestamp>2926.345368</timestamp>
			</report>
			<report>
				<misses>26700000</misses>
				<total>8</total>
				<timestamp>2937.346322</timestamp>
			</report>
			<report>
				<misses>26800000</misses>
				<total>8</total>
				<timestamp>2948.348067</timestamp>
			</report>
			<report>
				<misses>26900000</misses>
				<total>7</total>
				<timestamp>2959.349428</timestamp>
			</report>
			<report>
				<misses>27000000</misses>
				<total>8</total>
				<timestamp>2970.350284</timestamp>
			</report>
			<report>
				<misses>27100000</misses>
				<total>8</total>
				<timestamp>2981.351942</timestamp>
			</report>
			<report>
				<misses>27200000</misses>
				<total>8</total>
				<timestamp>2992.353054</timestamp>
			</report>
			<report>
				<misses>27300000</misses>
				<total>8</total>
				<timestamp>3003.353576</timestamp>
			</report>
			<report>
				<misses>27400000</misses>
				<total>8</total>
				<timestamp>3014.354240</timestamp>
			</report>
			<report>
				<misses>27500000</misses>
				<total>8</total>
				<timestamp>3025.355224</timestamp>
			</report>
			<report>
				<misses>27600000</misses>
				<total>8</total>
				<timestamp>3036.356677</timestamp>
			</report>
			<report>
				<misses>27700000</misses>
				<total>8</total>
				<timestamp>3047.357552</timestamp>
			</report>
			<report>
				<misses>27800000</misses>
				<total>8</total>
				<timestamp>3058.358329</timestamp>
			</report>
			<report>
				<misses>27900000</misses>
				<total>8</total>
				<timestamp>3069.359861</timestamp>
			</report>
			<report>
				<misses>28000000</misses>
				<total>8</total>
				<timestamp>3080.361727</timestamp>
			</report>
			<report>
				<misses>28100000</misses>
				<total>7</total>
				<timestamp>3091.362946</timestamp>
			</report>
			<report>
				<misses>28200000</misses>
				<total>8</total>
				<timestamp>3102.363700</timestamp>
			</report>
			<report>
				<misses>28300000</misses>
				<total>8</total>
				<timestamp>3113.364936</timestamp>
			</report>
			<report>
				<misses>28400000</misses>
				<total>8</total>
				<timestamp>3124.366568</timestamp>
			</report>
			<report>
				<misses>28500000</misses>
				<total>8</total>
				<timestamp>3135.367232</timestamp>
			</report>
			<report>
				<misses>28600000</misses>
				<total>8</total>
				<timestamp>3146.368004</timestamp>
			</report>
			<report>
				<misses>28700000</misses>
				<total>8</total>
				<timestamp>3157.369753</timestamp>
			</report>
			<report>
				<misses>28800000</misses>
				<total>8</total>
				<timestamp>3168.370861</timestamp>
			</report>
			<report>
				<misses>28900000</misses>
				<total>8</total>
				<timestamp>3179.372280</timestamp>
			</report>
			<report>
				<misses>29000000</misses>
				<total>8</total>
				<timestamp>3190.373595</timestamp>
			</report>
			<report>
				<misses>29100000</misses>
				<total>8</total>
				<timestamp>3201.375022</timestamp>
			</report>
			<report>
				<misses>29200000</misses>
				<total>8</total>
				<timestamp>3212.375582</timestamp>
			</report>
			<report>
				<misses>29300000</misses>
				<total>8</total>
				<timestamp>3223.376388</timestamp>
			</report>
			<report>
				<misses>29400000</misses>
				<total>8</total>
				<timestamp>3234.377685</timestamp>
			</report>
			<report>
				<misses>29500000</misses>
				<total>8</total>
				<timestamp>3245.379213</timestamp>
			</report>
			<report>
				<misses>29600000</misses>
				<total>8</total>
				<timestamp>3256.381510</timestamp>
			</report>
			<report>
				<misses>29700000</misses>
				<total>8</total>
				<timestamp>3267.382946</timestamp>
			</report>
			<report>
				<misses>29800000</misses>
				<total>8</total>
				<timestamp>3278.384064</timestamp>
			</report>
			<report>
				<misses>29900000</misses>
				<total>7</total>
				<timestamp>3289.386163</timestamp>
			</report>
			<report>
				<misses>30000000</misses>
				<total>8</total>
				<timestamp>3300.387570</timestamp>
			</report>
			<report>
				<misses>30100000</misses>
				<total>8</total>
				<timestamp>3311.388466</timestamp>
			</report>
			<report>
				<misses>30200000</misses>
				<total>8</total>
				<timestamp>3322.389887</timestamp>
			</report>
			<report>
				<misses>30300000</misses>
				<total>8</total>
				<timestamp>3333.391099</timestamp>
			</report>
			<report>
				<misses>30400000</misses>
				<total>8</total>
				<timestamp>3344.393520</timestamp>
			</report>
			<report>
				<misses>30500000</misses>
				<total>8</total>
				<timestamp>3355.394169</timestamp>
			</report>
			<report>
				<misses>30600000</misses>
				<total>8</total>
				<timestamp>3366.395380</timestamp>
			</report>
			<report>
				<misses>30700000</misses>
				<total>8</total>
				<timestamp>3377.396929</timestamp>
			</report>
			<report>
				<misses>30800000</misses>
				<total>8</total>
				<timestamp>3388.397902</timestamp>
			</report>
			<report>
				<misses>30900000</misses>
				<total>8</total>
				<timestamp>3399.399446</timestamp>
			</report>
			<report>
				<misses>31000000</misses>
				<total>8</total>
				<timestamp>3410.401096</timestamp>
			</report>
			<report>
				<misses>31100000</misses>
				<total>8</total>
				<timestamp>3421.402535</timestamp>
			</report>
			<report>
				<misses>31200000</misses>
				<total>8</total>
				<timestamp>3432.404193</timestamp>
			</report>
			<report>
				<misses>31300000</misses>
				<total>8</total>
				<timestamp>3443.405393</timestamp>
			</report>
			<report>
				<misses>31400000</misses>
				<total>8</total>
				<timestamp>3454.407071</timestamp>
			</report>
			<report>
				<misses>31500000</misses>
				<total>8</total>
				<timestamp>3465.408366</timestamp>
			</report>
			<report>
				<misses>31600000</misses>
				<total>8</total>
				<timestamp>3476.409138</timestamp>
			</report>
			<report>
				<misses>31700000</misses>
				<total>8</total>
				<timestamp>3487.410353</timestamp>
			</report>
			<report>
				<misses>31800000</misses>
				<total>8</total>
				<timestamp>3498.410783</timestamp>
			</report>
			<report>
				<misses>31900000</misses>
				<total>8</total>
				<timestamp>3509.412676</timestamp>
			</report>
			<report>
				<misses>32000000</misses>
				<total>8</total>
				<timestamp>3520.413863</timestamp>
			</report>
			<report>
				<misses>32100000</misses>
				<total>8</total>
				<timestamp>3531.414866</timestamp>
			</report>
			<report>
				<misses>32200000</misses>
				<total>8</total>
				<timestamp>3542.415516</timestamp>
			</report>
			<report>
				<misses>32300000</misses>
				<total>8</total>
				<timestamp>3553.417195</timestamp>
			</report>
			<report>
				<misses>32400000</misses>
				<total>8</total>
				<timestamp>3564.418266</timestamp>
			</report>
			<report>
				<misses>32500000</misses>
				<total>8</total>
				<timestamp>3575.419359</timestamp>
			</report>
			<report>
				<misses>32600000</misses>
				<total>8</total>
				<timestamp>3586.420694</timestamp>
			</report>
			<report>
				<misses>32700000</misses>
				<total>9</total>
				<timestamp>3597.421442</timestamp>
			</report>
			<report>
				<misses>32800000</misses>
				<total>9</total>
				<timestamp>3608.422449</timestamp>
			</report>
			<report>
				<misses>32900000</misses>
				<total>9</total>
				<timestamp>3619.423443</timestamp>
			</report>
			<report>
				<misses>33000000</misses>
				<total>9</total>
				<timestamp>3630.425433</timestamp>
			</report>
			<report>
				<misses>33100000</misses>
				<total>9</total>
				<timestamp>3641.426888</timestamp>
			</report>
			<report>
				<misses>33200000</misses>
				<total>9</total>
				<timestamp>3652.428147</timestamp>
			</report>
			<report>
				<misses>33300000</misses>
				<total>9</total>
				<timestamp>3663.429937</timestamp>
			</report>
			<report>
				<misses>33400000</misses>
				<total>9</total>
				<timestamp>3674.431580</timestamp>
			</report>
			<report>
				<misses>33500000</misses>
				<total>9</total>
				<timestamp>3685.432586</timestamp>
			</report>
			<report>
				<misses>33600000</misses>
				<total>9</total>
				<timestamp>3696.434211</timestamp>
			</report>
			<report>
				<misses>33700000</misses>
				<total>9</total>
				<timestamp>3707.435080</timestamp>
			</report>
			<report>
				<misses>33800000</misses>
				<total>9</total>
				<timestamp>3718.435968</timestamp>
			</report>
			<report>
				<misses>33900000</misses>
				<total>9</total>
				<timestamp>3729.437187</timestamp>
			</report>
			<report>
				<misses>34000000</misses>
				<total>8</total>
				<timestamp>3740.438178</timestamp>
			</report>
			<report>
				<misses>34100000</misses>
				<total>9</total>
				<timestamp>3751.439052</timestamp>
			</report>
			<report>
				<misses>34200000</misses>
				<total>9</total>
				<timestamp>3762.440379</timestamp>
			</report>
			<report>
				<misses>34300000</misses>
				<total>9</total>
				<timestamp>3773.441029</timestamp>
			</report>
			<report>
				<misses>34400000</misses>
				<total>9</total>
				<timestamp>3784.442573</timestamp>
			</report>
			<report>
				<misses>34500000</misses>
				<total>9</total>
				<timestamp>3795.444221</timestamp>
			</report>
			<report>
				<misses>34600000</misses>
				<total>9</total>
				<timestamp>3806.446096</timestamp>
			</report>
			<report>
				<misses>34700000</misses>
				<total>9</total>
				<timestamp>3817.447874</timestamp>
			</report>
			<report>
				<misses>34800000</misses>
				<total>9</total>
				<timestamp>3828.449171</timestamp>
			</report>
			<report>
				<misses>34900000</misses>
				<total>9</total>
				<timestamp>3839.450389</timestamp>
			</report>
			<report>
				<misses>35000000</misses>
				<total>9</total>
				<timestamp>3850.451701</timestamp>
			</report>
			<report>
				<misses>35100000</misses>
				<total>9</total>
				<timestamp>3861.452368</timestamp>
			</report>
			<report>
				<misses>35200000</misses>
				<total>9</total>
				<timestamp>3872.453246</timestamp>
			</report>
			<report>
				<misses>35300000</misses>
				<total>9</total>
				<timestamp>3883.455336</timestamp>
			</report>
			<report>
				<misses>35400000</misses>
				<total>9</total>
				<timestamp>3894.456314</timestamp>
			</report>
			<report>
				<misses>35500000</misses>
				<total>9</total>
				<timestamp>3905.458077</timestamp>
			</report>
			<report>
				<misses>35600000</misses>
				<total>9</total>
				<timestamp>3916.459421</timestamp>
			</report>
			<report>
				<misses>35700000</misses>
				<total>9</total>
				<timestamp>3927.461405</timestamp>
			</report>
			<report>
				<misses>35800000</misses>
				<total>9</total>
				<timestamp>3938.463034</timestamp>
			</report>
			<report>
				<misses>35900000</misses>
				<total>9</total>
				<timestamp>3949.464797</timestamp>
			</report>
			<report>
				<misses>36000000</misses>
				<total>9</total>
				<timestamp>3960.466241</timestamp>
			</report>
			<report>
				<misses>36100000</misses>
				<total>8</total>
				<timestamp>3971.467925</timestamp>
			</report>
			<report>
				<misses>36200000</misses>
				<total>9</total>
				<timestamp>3982.469649</timestamp>
			</report>
			<report>
				<misses>36300000</misses>
				<total>9</total>
				<timestamp>3993.471068</timestamp>
			</report>
			<report>
				<misses>36400000</misses>
				<total>8</total>
				<timestamp>4004.472445</timestamp>
			</report>
			<report>
				<misses>36500000</misses>
				<total>9</total>
				<timestamp>4015.473910</timestamp>
			</report>
			<report>
				<misses>36600000</misses>
				<total>9</total>
				<timestamp>4026.475265</timestamp>
			</report>
			<report>
				<misses>36700000</misses>
				<total>9</total>
				<timestamp>4037.477331</timestamp>
			</report>
			<report>
				<misses>36800000</misses>
				<total>9</total>
				<timestamp>4048.478751</timestamp>
			</report>
			<report>
				<misses>36900000</misses>
				<total>9</total>
				<timestamp>4059.480080</timestamp>
			</report>
			<report>
				<misses>37000000</misses>
				<total>9</total>
				<timestamp>4070.481860</timestamp>
			</report>
			<report>
				<misses>37100000</misses>
				<total>9</total>
				<timestamp>4081.482950</timestamp>
			</report>
			<report>
				<misses>37200000</misses>
				<total>9</total>
				<timestamp>4092.484054</timestamp>
			</report>
			<report>
				<misses>37300000</misses>
				<total>8</total>
				<timestamp>4103.486265</timestamp>
			</report>
			<report>
				<misses>37400000</misses>
				<total>9</total>
				<timestamp>4114.488238</timestamp>
			</report>
			<report>
				<misses>37500000</misses>
				<total>9</total>
				<timestamp>4125.488984</timestamp>
			</report>
			<report>
				<misses>37600000</misses>
				<total>9</total>
				<timestamp>4136.490083</timestamp>
			</report>
			<report>
				<misses>37700000</misses>
				<total>10</total>
				<timestamp>4147.491963</timestamp>
			</report>
			<report>
				<misses>37800000</misses>
				<total>10</total>
				<timestamp>4158.492742</timestamp>
			</report>
			<report>
				<misses>37900000</misses>
				<total>9</total>
				<timestamp>4169.494081</timestamp>
			</report>
			<report>
				<misses>38000000</misses>
				<total>10</total>
				<timestamp>4180.495480</timestamp>
			</report>
			<report>
				<misses>38100000</misses>
				<total>10</total>
				<timestamp>4191.496592</timestamp>
			</report>
			<report>
				<misses>38200000</misses>
				<total>10</total>
				<timestamp>4202.498663</timestamp>
			</report>
			<report>
				<misses>38300000</misses>
				<total>10</total>
				<timestamp>4213.500533</timestamp>
			</report>
			<report>
				<misses>38400000</misses>
				<total>10</total>
				<timestamp>4224.500989</timestamp>
			</report>
			<report>
				<misses>38500000</misses>
				<total>10</total>
				<timestamp>4235.502183</timestamp>
			</report>
			<report>
				<misses>38600000</misses>
				<total>10</total>
				<timestamp>4246.503404</timestamp>
			</report>
			<report>
				<misses>38700000</misses>
				<total>10</total>
				<timestamp>4257.504949</timestamp>
			</report>
			<report>
				<misses>38800000</misses>
				<total>10</total>
				<timestamp>4268.506501</timestamp>
			</report>
			<report>
				<misses>38900000</misses>
				<total>10</total>
				<timestamp>4279.508039</timestamp>
			</report>
			<report>
				<misses>39000000</misses>
				<total>10</total>
				<timestamp>4290.508595</timestamp>
			</report>
			<report>
				<misses>39100000</misses>
				<total>10</total>
				<timestamp>4301.509917</timestamp>
			</report>
			<report>
				<misses>39200000</misses>
				<total>10</total>
				<timestamp>4312.511341</timestamp>
			</report>
			<report>
				<misses>39300000</misses>
				<total>10</total>
				<timestamp>4323.512645</timestamp>
			</report>
			<report>
				<misses>39400000</misses>
				<total>10</total>
				<timestamp>4334.514223</timestamp>
			</report>
			<report>
				<misses>39500000</misses>
				<total>9</total>
				<timestamp>4345.515868</timestamp>
			</report>
			<report>
				<misses>39600000</misses>
				<total>10</total>
				<timestamp>4356.517039</timestamp>
			</report>
			<report>
				<misses>39700000</misses>
				<total>10</total>
				<timestamp>4367.518148</timestamp>
			</report>
			<report>
				<misses>39800000</misses>
				<total>10</total>
				<timestamp>4378.519349</timestamp>
			</report>
			<report>
				<misses>39900000</misses>
				<total>10</total>
				<timestamp>4389.520134</timestamp>
			</report>
			<report>
				<misses>40000000</misses>
				<total>10</total>
				<timestamp>4400.521345</timestamp>
			</report>
			<report>
				<misses>40100000</misses>
				<total>9</total>
				<timestamp>4411.522796</timestamp>
			</report>
			<report>
				<misses>40200000</misses>
				<total>10</total>
				<timestamp>4422.524235</timestamp>
			</report>
			<report>
				<misses>40300000</misses>
				<total>10</total>
				<timestamp>4433.525510</timestamp>
			</report>
			<report>
				<misses>40400000</misses>
				<total>9</total>
				<timestamp>4444.527001</timestamp>
			</report>
			<report>
				<misses>40500000</misses>
				<total>10</total>
				<timestamp>4455.529138</timestamp>
			</report>
			<report>
				<misses>40600000</misses>
				<total>10</total>
				<timestamp>4466.530361</timestamp>
			</report>
			<report>
				<misses>40700000</misses>
				<total>10</total>
				<timestamp>4477.531669</timestamp>
			</report>
			<report>
				<misses>40800000</misses>
				<total>10</total>
				<timestamp>4488.532649</timestamp>
			</report>
			<report>
				<misses>40900000</misses>
				<total>10</total>
				<timestamp>4499.534364</timestamp>
			</report>
			<report>
				<misses>41000000</misses>
				<total>10</total>
				<timestamp>4510.535310</timestamp>
			</report>
			<report>
				<misses>41100000</misses>
				<total>9</total>
				<timestamp>4521.535992</timestamp>
			</report>
			<report>
				<misses>41200000</misses>
				<total>10</total>
				<timestamp>4532.537741</timestamp>
			</report>
			<report>
				<misses>41300000</misses>
				<total>10</total>
				<timestamp>4543.539273</timestamp>
			</report>
			<report>
				<misses>41400000</misses>
				<total>10</total>
				<timestamp>4554.540268</timestamp>
			</report>
			<report>
				<misses>41500000</misses>
				<total>10</total>
				<timestamp>4565.542558</timestamp>
			</report>
			<report>
				<misses>41600000</misses>
				<total>10</total>
				<timestamp>4576.544559</timestamp>
			</report>
			<report>
				<misses>41700000</misses>
				<total>10</total>
				<timestamp>4587.545870</timestamp>
			</report>
			<report>
				<misses>41800000</misses>
				<total>10</total>
				<timestamp>4598.547089</timestamp>
			</report>
			<report>
				<misses>41900000</misses>
				<total>10</total>
				<timestamp>4609.548187</timestamp>
			</report>
			<report>
				<misses>42000000</misses>
				<total>10</total>
				<timestamp>4620.549380</timestamp>
			</report>
			<report>
				<misses>42100000</misses>
				<total>10</total>
				<timestamp>4631.550605</timestamp>
			</report>
			<report>
				<misses>42200000</misses>
				<total>10</total>
				<timestamp>4642.552262</timestamp>
			</report>
			<report>
				<misses>42300000</misses>
				<total>10</total>
				<timestamp>4653.553804</timestamp>
			</report>
			<report>
				<misses>42400000</misses>
				<total>10</total>
				<timestamp>4664.554663</timestamp>
			</report>
			<report>
				<misses>42500000</misses>
				<total>9</total>
				<timestamp>4675.556016</timestamp>
			</report>
			<report>
				<misses>42600000</misses>
				<total>10</total>
				<timestamp>4686.557339</timestamp>
			</report>
			<report>
				<misses>42700000</misses>
				<total>9</total>
				<timestamp>4697.559286</timestamp>
			</report>
			<report>
				<misses>42800000</misses>
				<total>10</total>
				<timestamp>4708.560495</timestamp>
			</report>
			<report>
				<misses>42900000</misses>
				<total>10</total>
				<timestamp>4719.561054</timestamp>
			</report>
			<report>
				<misses>43000000</misses>
				<total>10</total>
				<timestamp>4730.562143</timestamp>
			</report>
			<report>
				<misses>43100000</misses>
				<total>10</total>
				<timestamp>4741.563346</timestamp>
			</report>
			<report>
				<misses>43200000</misses>
				<total>10</total>
				<timestamp>4752.564347</timestamp>
			</report>
			<report>
				<misses>43300000</misses>
				<total>10</total>
				<timestamp>4763.565674</timestamp>
			</report>
			<report>
				<misses>43400000</misses>
				<total>10</total>
				<timestamp>4774.566431</timestamp>
			</report>
			<report>
				<misses>43500000</misses>
				<total>10</total>
				<timestamp>4785.567435</timestamp>
			</report>
			<report>
				<misses>43600000</misses>
				<total>10</total>
				<timestamp>4796.567879</timestamp>
			</report>
			<report>
				<misses>43700000</misses>
				<total>10</total>
				<timestamp>4807.568529</timestamp>
			</report>
			<report>
				<misses>43800000</misses>
				<total>10</total>
				<timestamp>4818.569500</timestamp>
			</report>
			<report>
				<misses>43900000</misses>
				<total>10</total>
				<timestamp>4829.570286</timestamp>
			</report>
			<report>
				<misses>44000000</misses>
				<total>10</total>
				<timestamp>4840.571274</timestamp>
			</report>
			<report>
				<misses>44100000</misses>
				<total>10</total>
				<timestamp>4851.572511</timestamp>
			</report>
			<report>
				<misses>44200000</misses>
				<total>10</total>
				<timestamp>4862.573496</timestamp>
			</report>
			<report>
				<misses>44300000</misses>
				<total>10</total>
				<timestamp>4873.574801</timestamp>
			</report>
			<report>
				<misses>44400000</misses>
				<total>10</total>
				<timestamp>4884.575682</timestamp>
			</report>
			<report>
				<misses>44500000</misses>
				<total>10</total>
				<timestamp>4895.576771</timestamp>
			</report>
			<report>
				<misses>44600000</misses>
				<total>10</total>
				<timestamp>4906.577885</timestamp>
			</report>
			<report>
				<misses>44700000</misses>
				<total>10</total>
				<timestamp>4917.579083</timestamp>
			</report>
			<report>
				<misses>44800000</misses>
				<total>10</total>
				<timestamp>4928.579953</timestamp>
			</report>
			<report>
				<misses>44900000</misses>
				<total>10</total>
				<timestamp>4939.581397</timestamp>
			</report>
			<report>
				<misses>45000000</misses>
				<total>10</total>
				<timestamp>4950.582705</timestamp>
			</report>
			<report>
				<misses>45100000</misses>
				<total>9</total>
				<timestamp>4961.584493</timestamp>
			</report>
			<report>
				<misses>45200000</misses>
				<total>10</total>
				<timestamp>4972.585456</timestamp>
			</report>
			<report>
				<misses>45300000</misses>
				<total>10</total>
				<timestamp>4983.586126</timestamp>
			</report>
			<report>
				<misses>45400000</misses>
				<total>10</total>
				<timestamp>4994.587779</timestamp>
			</report>
			<report>
				<misses>45500000</misses>
				<total>10</total>
				<timestamp>5005.589539</timestamp>
			</report>
			<report>
				<misses>45600000</misses>
				<total>10</total>
				<timestamp>5016.589959</timestamp>
			</report>
			<report>
				<misses>45700000</misses>
				<total>10</total>
				<timestamp>5027.590631</timestamp>
			</report>
			<report>
				<misses>45800000</misses>
				<total>10</total>
				<timestamp>5038.592075</timestamp>
			</report>
			<report>
				<misses>45900000</misses>
				<total>10</total>
				<timestamp>5049.593164</timestamp>
			</report>
			<report>
				<misses>46000000</misses>
				<total>10</total>
				<timestamp>5060.594053</timestamp>
			</report>
			<report>
				<misses>46100000</misses>
				<total>10</total>
				<timestamp>5071.594938</timestamp>
			</report>
			<report>
				<misses>46200000</misses>
				<total>10</total>
				<timestamp>5082.596696</timestamp>
			</report>
			<report>
				<misses>46300000</misses>
				<total>10</total>
				<timestamp>5093.597686</timestamp>
			</report>
			<report>
				<misses>46400000</misses>
				<total>10</total>
				<timestamp>5104.598246</timestamp>
			</report>
			<report>
				<misses>46500000</misses>
				<total>10</total>
				<timestamp>5115.599766</timestamp>
			</report>
			<report>
				<misses>46600000</misses>
				<total>9</total>
				<timestamp>5126.601233</timestamp>
			</report>
			<report>
				<misses>46700000</misses>
				<total>9</total>
				<timestamp>5137.603125</timestamp>
			</report>
			<report>
				<misses>46800000</misses>
				<total>10</total>
				<timestamp>5148.604607</timestamp>
			</report>
			<report>
				<misses>46900000</misses>
				<total>9</total>
				<timestamp>5159.605292</timestamp>
			</report>
			<report>
				<misses>47000000</misses>
				<total>10</total>
				<timestamp>5170.606263</timestamp>
			</report>
			<report>
				<misses>47100000</misses>
				<total>11</total>
				<timestamp>5181.607255</timestamp>
			</report>
			<report>
				<misses>47200000</misses>
				<total>11</total>
				<timestamp>5192.608565</timestamp>
			</report>
			<report>
				<misses>47300000</misses>
				<total>11</total>
				<timestamp>5203.610324</timestamp>
			</report>
			<report>
				<misses>47400000</misses>
				<total>11</total>
				<timestamp>5214.611749</timestamp>
			</report>
			<report>
				<misses>47500000</misses>
				<total>10</total>
				<timestamp>5225.613204</timestamp>
			</report>
			<report>
				<misses>47600000</misses>
				<total>11</total>
				<timestamp>5236.614507</timestamp>
			</report>
			<report>
				<misses>47700000</misses>
				<total>11</total>
				<timestamp>5247.615393</timestamp>
			</report>
			<report>
				<misses>47800000</misses>
				<total>11</total>
				<timestamp>5258.616272</timestamp>
			</report>
			<report>
				<misses>47900000</misses>
				<total>11</total>
				<timestamp>5269.617018</timestamp>
			</report>
			<report>
				<misses>48000000</misses>
				<total>11</total>
				<timestamp>5280.617699</timestamp>
			</report>
			<report>
				<misses>48100000</misses>
				<total>11</total>
				<timestamp>5291.618845</timestamp>
			</report>
			<report>
				<misses>48200000</misses>
				<total>11</total>
				<timestamp>5302.620438</timestamp>
			</report>
			<report>
				<misses>48300000</misses>
				<total>10</total>
				<timestamp>5313.622226</timestamp>
			</report>
			<report>
				<misses>48400000</misses>
				<total>11</total>
				<timestamp>5324.623191</timestamp>
			</report>
			<report>
				<misses>48500000</misses>
				<total>11</total>
				<timestamp>5335.625282</timestamp>
			</report>
			<report>
				<misses>48600000</misses>
				<total>11</total>
				<timestamp>5346.625965</timestamp>
			</report>
			<report>
				<misses>48700000</misses>
				<total>11</total>
				<timestamp>5357.627382</timestamp>
			</report>
			<report>
				<misses>48800000</misses>
				<total>11</total>
				<timestamp>5368.628466</timestamp>
			</report>
			<report>
				<misses>48900000</misses>
				<total>11</total>
				<timestamp>5379.629349</timestamp>
			</report>
			<report>
				<misses>49000000</misses>
				<total>11</total>
				<timestamp>5390.630574</timestamp>
			</report>
			<report>
				<misses>49100000</misses>
				<total>11</total>
				<timestamp>5401.631444</timestamp>
			</report>
			<report>
				<misses>49200000</misses>
				<total>11</total>
				<timestamp>5412.632650</timestamp>
			</report>
			<report>
				<misses>49300000</misses>
				<total>11</total>
				<timestamp>5423.634409</timestamp>
			</report>
			<report>
				<misses>49400000</misses>
				<total>11</total>
				<timestamp>5434.635205</timestamp>
			</report>
			<report>
				<misses>49500000</misses>
				<total>11</total>
				<timestamp>5445.636509</timestamp>
			</report>
			<report>
				<misses>49600000</misses>
				<total>11</total>
				<timestamp>5456.637372</timestamp>
			</report>
			<report>
				<misses>49700000</misses>
				<total>11</total>
				<timestamp>5467.638820</timestamp>
			</report>
			<report>
				<misses>49800000</misses>
				<total>11</total>
				<timestamp>5478.639272</timestamp>
			</report>
			<report>
				<misses>49900000</misses>
				<total>11</total>
				<timestamp>5489.640250</timestamp>
			</report>
			<report>
				<misses>50000000</misses>
				<total>11</total>
				<timestamp>5500.641446</timestamp>
			</report>
			<report>
				<misses>50100000</misses>
				<total>11</total>
				<timestamp>5511.643131</timestamp>
			</report>
			<report>
				<misses>50200000</misses>
				<total>11</total>
				<timestamp>5522.644869</timestamp>
			</report>
			<report>
				<misses>50300000</misses>
				<total>10</total>
				<timestamp>5533.646116</timestamp>
			</report>
			<report>
				<misses>50400000</misses>
				<total>11</total>
				<timestamp>5544.647067</timestamp>
			</report>
			<report>
				<misses>50500000</misses>
				<total>10</total>
				<timestamp>5555.648736</timestamp>
			</report>
			<report>
				<misses>50600000</misses>
				<total>11</total>
				<timestamp>5566.649487</timestamp>
			</report>
			<report>
				<misses>50700000</misses>
				<total>11</total>
				<timestamp>5577.651457</timestamp>
			</report>
			<report>
				<misses>50800000</misses>
				<total>11</total>
				<timestamp>5588.652560</timestamp>
			</report>
			<report>
				<misses>50900000</misses>
				<total>12</total>
				<timestamp>5599.653354</timestamp>
			</report>
			<report>
				<misses>51000000</misses>
				<total>12</total>
				<timestamp>5610.654643</timestamp>
			</report>
			<report>
				<misses>51100000</misses>
				<total>12</total>
				<timestamp>5621.655311</timestamp>
			</report>
			<report>
				<misses>51200000</misses>
				<total>12</total>
				<timestamp>5632.656512</timestamp>
			</report>
			<report>
				<misses>51300000</misses>
				<total>12</total>
				<timestamp>5643.657418</timestamp>
			</report>
			<report>
				<misses>51400000</misses>
				<total>12</total>
				<timestamp>5654.658065</timestamp>
			</report>
			<report>
				<misses>51500000</misses>
				<total>12</total>
				<timestamp>5665.659072</timestamp>
			</report>
			<report>
				<misses>51600000</misses>
				<total>12</total>
				<timestamp>5676.660259</timestamp>
			</report>
			<report>
				<misses>51700000</misses>
				<total>12</total>
				<timestamp>5687.661350</timestamp>
			</report>
			<report>
				<misses>51800000</misses>
				<total>12</total>
				<timestamp>5698.662572</timestamp>
			</report>
			<report>
				<misses>51900000</misses>
				<total>12</total>
				<timestamp>5709.664122</timestamp>
			</report>
			<report>
				<misses>52000000</misses>
				<total>12</total>
				<timestamp>5720.665416</timestamp>
			</report>
			<report>
				<misses>52100000</misses>
				<total>12</total>
				<timestamp>5731.666747</timestamp>
			</report>
			<report>
				<misses>52200000</misses>
				<total>12</total>
				<timestamp>5742.667418</timestamp>
			</report>
			<report>
				<misses>52300000</misses>
				<total>11</total>
				<timestamp>5753.668310</timestamp>
			</report>
			<report>
				<misses>52400000</misses>
				<total>13</total>
				<timestamp>5764.668951</timestamp>
			</report>
			<report>
				<misses>52500000</misses>
				<total>13</total>
				<timestamp>5775.670272</timestamp>
			</report>
			<report>
				<misses>52600000</misses>
				<total>13</total>
				<timestamp>5786.671154</timestamp>
			</report>
			<report>
				<misses>52700000</misses>
				<total>13</total>
				<timestamp>5797.672256</timestamp>
			</report>
			<report>
				<misses>52800000</misses>
				<total>13</total>
				<timestamp>5808.673920</timestamp>
			</report>
			<report>
				<misses>52900000</misses>
				<total>12</total>
				<timestamp>5819.674681</timestamp>
			</report>
			<report>
				<misses>53000000</misses>
				<total>13</total>
				<timestamp>5830.676109</timestamp>
			</report>
			<report>
				<misses>53100000</misses>
				<total>13</total>
				<timestamp>5841.677557</timestamp>
			</report>
			<report>
				<misses>53200000</misses>
				<total>13</total>
				<timestamp>5852.679298</timestamp>
			</report>
			<report>
				<misses>53300000</misses>
				<total>13</total>
				<timestamp>5863.680824</timestamp>
			</report>
			<report>
				<misses>53400000</misses>
				<total>13</total>
				<timestamp>5874.681832</timestamp>
			</report>
			<report>
				<misses>53500000</misses>
				<total>13</total>
				<timestamp>5885.682914</timestamp>
			</report>
			<report>
				<misses>53600000</misses>
				<total>13</total>
				<timestamp>5896.683358</timestamp>
			</report>
			<report>
				<misses>53700000</misses>
				<total>13</total>
				<timestamp>5907.685695</timestamp>
			</report>
			<report>
				<misses>53800000</misses>
				<total>13</total>
				<timestamp>5918.686555</timestamp>
			</report>
			<report>
				<misses>53900000</misses>
				<total>13</total>
				<timestamp>5929.688009</timestamp>
			</report>
			<report>
				<misses>54000000</misses>
				<total>13</total>
				<timestamp>5940.688756</timestamp>
			</report>
			<report>
				<misses>54100000</misses>
				<total>13</total>
				<timestamp>5951.689645</timestamp>
			</report>
			<report>
				<misses>54200000</misses>
				<total>13</total>
				<timestamp>5962.691761</timestamp>
			</report>
			<report>
				<misses>54300000</misses>
				<total>13</total>
				<timestamp>5973.692493</timestamp>
			</report>
			<report>
				<misses>54400000</misses>
				<total>13</total>
				<timestamp>5984.694030</timestamp>
			</report>
			<report>
				<misses>54500000</misses>
				<total>13</total>
				<timestamp>5995.695244</timestamp>
			</report>
			<report>
				<misses>54600000</misses>
				<total>13</total>
				<timestamp>6006.696885</timestamp>
			</report>
			<report>
				<misses>54700000</misses>
				<total>13</total>
				<timestamp>6017.698330</timestamp>
			</report>
			<report>
				<misses>54800000</misses>
				<total>13</total>
				<timestamp>6028.699545</timestamp>
			</report>
			<report>
				<misses>54900000</misses>
				<total>13</total>
				<timestamp>6039.701740</timestamp>
			</report>
			<report>
				<misses>55000000</misses>
				<total>13</total>
				<timestamp>6050.703501</timestamp>
			</report>
			<report>
				<misses>55100000</misses>
				<total>13</total>
				<timestamp>6061.704947</timestamp>
			</report>
			<report>
				<misses>55200000</misses>
				<total>13</total>
				<timestamp>6072.706344</timestamp>
			</report>
			<report>
				<misses>55300000</misses>
				<total>13</total>
				<timestamp>6083.707561</timestamp>
			</report>
			<report>
				<misses>55400000</misses>
				<total>13</total>
				<timestamp>6094.708703</timestamp>
			</report>
			<report>
				<misses>55500000</misses>
				<total>12</total>
				<timestamp>6105.710218</timestamp>
			</report>
			<report>
				<misses>55600000</misses>
				<total>13</total>
				<timestamp>6116.711949</timestamp>
			</report>
			<report>
				<misses>55700000</misses>
				<total>13</total>
				<timestamp>6127.713615</timestamp>
			</report>
			<report>
				<misses>55800000</misses>
				<total>13</total>
				<timestamp>6138.715260</timestamp>
			</report>
			<report>
				<misses>55900000</misses>
				<total>13</total>
				<timestamp>6149.716489</timestamp>
			</report>
			<report>
				<misses>56000000</misses>
				<total>13</total>
				<timestamp>6160.717929</timestamp>
			</report>
			<report>
				<misses>56100000</misses>
				<total>13</total>
				<timestamp>6171.719770</timestamp>
			</report>
			<report>
				<misses>56200000</misses>
				<total>13</total>
				<timestamp>6182.720753</timestamp>
			</report>
			<report>
				<misses>56300000</misses>
				<total>13</total>
				<timestamp>6193.722074</timestamp>
			</report>
			<report>
				<misses>56400000</misses>
				<total>13</total>
				<timestamp>6204.723628</timestamp>
			</report>
			<report>
				<misses>56500000</misses>
				<total>13</total>
				<timestamp>6215.724720</timestamp>
			</report>
			<report>
				<misses>56600000</misses>
				<total>13</total>
				<timestamp>6226.726808</timestamp>
			</report>
			<report>
				<misses>56700000</misses>
				<total>13</total>
				<timestamp>6237.727694</timestamp>
			</report>
			<report>
				<misses>56800000</misses>
				<total>13</total>
				<timestamp>6248.729124</timestamp>
			</report>
			<report>
				<misses>56900000</misses>
				<total>13</total>
				<timestamp>6259.730562</timestamp>
			</report>
			<report>
				<misses>57000000</misses>
				<total>13</total>
				<timestamp>6270.731441</timestamp>
			</report>
			<report>
				<misses>57100000</misses>
				<total>13</total>
				<timestamp>6281.733082</timestamp>
			</report>
			<report>
				<misses>57200000</misses>
				<total>13</total>
				<timestamp>6292.734295</timestamp>
			</report>
			<report>
				<misses>57300000</misses>
				<total>13</total>
				<timestamp>6303.735396</timestamp>
			</report>
			<report>
				<misses>57400000</misses>
				<total>13</total>
				<timestamp>6314.736928</timestamp>
			</report>
			<report>
				<misses>57500000</misses>
				<total>13</total>
				<timestamp>6325.738145</timestamp>
			</report>
			<report>
				<misses>57600000</misses>
				<total>13</total>
				<timestamp>6336.739574</timestamp>
			</report>
			<report>
				<misses>57700000</misses>
				<total>12</total>
				<timestamp>6347.740578</timestamp>
			</report>
			<report>
				<misses>57800000</misses>
				<total>13</total>
				<timestamp>6358.742320</timestamp>
			</report>
			<report>
				<misses>57900000</misses>
				<total>13</total>
				<timestamp>6369.743990</timestamp>
			</report>
			<report>
				<misses>58000000</misses>
				<total>13</total>
				<timestamp>6380.745761</timestamp>
			</report>
			<report>
				<misses>58100000</misses>
				<total>13</total>
				<timestamp>6391.747260</timestamp>
			</report>
			<report>
				<misses>58200000</misses>
				<total>13</total>
				<timestamp>6402.748383</timestamp>
			</report>
			<report>
				<misses>58300000</misses>
				<total>13</total>
				<timestamp>6413.750357</timestamp>
			</report>
			<report>
				<misses>58400000</misses>
				<total>13</total>
				<timestamp>6424.751567</timestamp>
			</report>
			<report>
				<misses>58500000</misses>
				<total>13</total>
				<timestamp>6435.753322</timestamp>
			</report>
			<report>
				<misses>58600000</misses>
				<total>13</total>
				<timestamp>6446.755075</timestamp>
			</report>
			<report>
				<misses>58700000</misses>
				<total>13</total>
				<timestamp>6457.756751</timestamp>
			</report>
			<report>
				<misses>58800000</misses>
				<total>13</total>
				<timestamp>6468.757720</timestamp>
			</report>
			<report>
				<misses>58900000</misses>
				<total>13</total>
				<timestamp>6479.758712</timestamp>
			</report>
			<report>
				<misses>59000000</misses>
				<total>13</total>
				<timestamp>6490.760139</timestamp>
			</report>
			<report>
				<misses>59100000</misses>
				<total>13</total>
				<timestamp>6501.761469</timestamp>
			</report>
			<report>
				<misses>59200000</misses>
				<total>13</total>
				<timestamp>6512.762343</timestamp>
			</report>
			<report>
				<misses>59300000</misses>
				<total>13</total>
				<timestamp>6523.763770</timestamp>
			</report>
			<report>
				<misses>59400000</misses>
				<total>13</total>
				<timestamp>6534.764873</timestamp>
			</report>
			<report>
				<misses>59500000</misses>
				<total>13</total>
				<timestamp>6545.766413</timestamp>
			</report>
			<report>
				<misses>59600000</misses>
				<total>13</total>
				<timestamp>6556.767751</timestamp>
			</report>
			<report>
				<misses>59700000</misses>
				<total>13</total>
				<timestamp>6567.768833</timestamp>
			</report>
			<report>
				<misses>59800000</misses>
				<total>13</total>
				<timestamp>6578.770031</timestamp>
			</report>
			<report>
				<misses>59900000</misses>
				<total>13</total>
				<timestamp>6589.771269</timestamp>
			</report>
			<report>
				<misses>60000000</misses>
				<total>13</total>
				<timestamp>6600.772350</timestamp>
			</report>
			<report>
				<misses>60100000</misses>
				<total>13</total>
				<timestamp>6611.773584</timestamp>
			</report>
			<report>
				<misses>60200000</misses>
				<total>13</total>
				<timestamp>6622.774333</timestamp>
			</report>
			<report>
				<misses>60300000</misses>
				<total>13</total>
				<timestamp>6633.775790</timestamp>
			</report>
			<report>
				<misses>60400000</misses>
				<total>13</total>
				<timestamp>6644.776855</timestamp>
			</report>
			<report>
				<misses>60500000</misses>
				<total>13</total>
				<timestamp>6655.778167</timestamp>
			</report>
			<report>
				<misses>60600000</misses>
				<total>13</total>
				<timestamp>6666.779627</timestamp>
			</report>
			<report>
				<misses>60700000</misses>
				<total>13</total>
				<timestamp>6677.781378</timestamp>
			</report>
			<report>
				<misses>60800000</misses>
				<total>13</total>
				<timestamp>6688.782475</timestamp>
			</report>
			<report>
				<misses>60900000</misses>
				<total>13</total>
				<timestamp>6699.784600</timestamp>
			</report>
			<report>
				<misses>61000000</misses>
				<total>13</total>
				<timestamp>6710.785984</timestamp>
			</report>
			<report>
				<misses>61100000</misses>
				<total>13</total>
				<timestamp>6721.787319</timestamp>
			</report>
			<report>
				<misses>61200000</misses>
				<total>13</total>
				<timestamp>6732.788524</timestamp>
			</report>
			<report>
				<misses>61300000</misses>
				<total>13</total>
				<timestamp>6743.789841</timestamp>
			</report>
			<report>
				<misses>61400000</misses>
				<total>13</total>
				<timestamp>6754.791280</timestamp>
			</report>
			<report>
				<misses>61500000</misses>
				<total>13</total>
				<timestamp>6765.792705</timestamp>
			</report>
			<report>
				<misses>61600000</misses>
				<total>13</total>
				<timestamp>6776.793801</timestamp>
			</report>
			<report>
				<misses>61700000</misses>
				<total>12</total>
				<timestamp>6787.794803</timestamp>
			</report>
			<report>
				<misses>61800000</misses>
				<total>13</total>
				<timestamp>6798.795987</timestamp>
			</report>
			<report>
				<misses>61900000</misses>
				<total>13</total>
				<timestamp>6809.797434</timestamp>
			</report>
			<report>
				<misses>62000000</misses>
				<total>13</total>
				<timestamp>6820.798854</timestamp>
			</report>
			<report>
				<misses>62100000</misses>
				<total>13</total>
				<timestamp>6831.799866</timestamp>
			</report>
			<report>
				<misses>62200000</misses>
				<total>13</total>
				<timestamp>6842.800828</timestamp>
			</report>
			<report>
				<misses>62300000</misses>
				<total>13</total>
				<timestamp>6853.801965</timestamp>
			</report>
			<report>
				<misses>62400000</misses>
				<total>13</total>
				<timestamp>6864.803712</timestamp>
			</report>
			<report>
				<misses>62500000</misses>
				<total>12</total>
				<timestamp>6875.804929</timestamp>
			</report>
			<report>
				<misses>62600000</misses>
				<total>13</total>
				<timestamp>6886.806237</timestamp>
			</report>
			<report>
				<misses>62700000</misses>
				<total>13</total>
				<timestamp>6897.806899</timestamp>
			</report>
			<report>
				<misses>62800000</misses>
				<total>13</total>
				<timestamp>6908.808104</timestamp>
			</report>
			<report>
				<misses>62900000</misses>
				<total>12</total>
				<timestamp>6919.809534</timestamp>
			</report>
			<report>
				<misses>63000000</misses>
				<total>13</total>
				<timestamp>6930.810529</timestamp>
			</report>
			<report>
				<misses>63100000</misses>
				<total>13</total>
				<timestamp>6941.811970</timestamp>
			</report>
			<report>
				<misses>63200000</misses>
				<total>13</total>
				<timestamp>6952.813703</timestamp>
			</report>
			<report>
				<misses>63300000</misses>
				<total>13</total>
				<timestamp>6963.814819</timestamp>
			</report>
			<report>
				<misses>63400000</misses>
				<total>13</total>
				<timestamp>6974.815912</timestamp>
			</report>
			<report>
				<misses>63500000</misses>
				<total>13</total>
				<timestamp>6985.816503</timestamp>
			</report>
			<report>
				<misses>63600000</misses>
				<total>13</total>
				<timestamp>6996.817918</timestamp>
			</report>
			<report>
				<misses>63700000</misses>
				<total>13</total>
				<timestamp>7007.818879</timestamp>
			</report>
			<report>
				<misses>63800000</misses>
				<total>13</total>
				<timestamp>7018.819226</timestamp>
			</report>
			<report>
				<misses>63900000</misses>
				<total>13</total>
				<timestamp>7029.820317</timestamp>
			</report>
			<report>
				<misses>64000000</misses>
				<total>13</total>
				<timestamp>7040.820880</timestamp>
			</report>
			<report>
				<misses>64100000</misses>
				<total>13</total>
				<timestamp>7051.822180</timestamp>
			</report>
			<report>
				<misses>64200000</misses>
				<total>13</total>
				<timestamp>7062.823394</timestamp>
			</report>
			<report>
				<misses>64300000</misses>
				<total>13</total>
				<timestamp>7073.824603</timestamp>
			</report>
			<report>
				<misses>64400000</misses>
				<total>13</total>
				<timestamp>7084.825929</timestamp>
			</report>
			<report>
				<misses>64500000</misses>
				<total>13</total>
				<timestamp>7095.827124</timestamp>
			</report>
			<report>
				<misses>64600000</misses>
				<total>13</total>
				<timestamp>7106.828897</timestamp>
			</report>
			<report>
				<misses>64700000</misses>
				<total>12</total>
				<timestamp>7117.830818</timestamp>
			</report>
			<report>
				<misses>64800000</misses>
				<total>13</total>
				<timestamp>7128.832214</timestamp>
			</report>
			<report>
				<misses>64900000</misses>
				<total>13</total>
				<timestamp>7139.833847</timestamp>
			</report>
			<report>
				<misses>65000000</misses>
				<total>13</total>
				<timestamp>7150.835309</timestamp>
			</report>
			<report>
				<misses>65100000</misses>
				<total>13</total>
				<timestamp>7161.836076</timestamp>
			</report>
			<report>
				<misses>65200000</misses>
				<total>14</total>
				<timestamp>7172.837950</timestamp>
			</report>
			<report>
				<misses>65300000</misses>
				<total>14</total>
				<timestamp>7183.838697</timestamp>
			</report>
			<report>
				<misses>65400000</misses>
				<total>14</total>
				<timestamp>7194.840333</timestamp>
			</report>
		</query>
	</custom>
	<ethtool_statistic>
		<rx_packets>
			<start>17891</start>
			<end>19012</end>
		</rx_packets>
		<tx_packets>
			<start>7212008205</start>
			<end>10091619760</end>
		</tx_packets>
		<rx_dropped>
			<start>0</start>
			<end>0</end>
		</rx_dropped>
		<tx_dropped>
			<start>0</start>
			<end>0</end>
		</tx_dropped>
		<collisions>
			<start>0</start>
			<end>0</end>
		</collisions>
		<port_tx_errors>
			<start>0</start>
			<end>0</end>
		</port_tx_errors>
		<port_rx_dropped>
			<start>0</start>
			<end>0</end>
		</port_rx_dropped>
		<port_tx_dropped_link_down>
			<start>0</start>
			<end>0</end>
		</port_tx_dropped_link_down>
	</ethtool_statistic>
	<ip_statistic>
		<mtu>
			<start>1500</start>
			<end>1500</end>
		</mtu>
		<rx_bytes>
			<start>1142632</start>
			<end>1211256</end>
		</rx_bytes>
		<rx_packets>
			<start>17891</start>
			<end>19012</end>
		</rx_packets>
		<rx_errors>
			<start>0</start>
			<end>0</end>
		</rx_errors>
		<rx_dropped>
			<start>0</start>
			<end>0</end>
		</rx_dropped>
		<rx_missed>
			<start>0</start>
			<end>0</end>
		</rx_missed>
		<rx_mcast>
			<start>1879</start>
			<end>1899</end>
		</rx_mcast>
		<tx_bytes>
			<start>9006826040968</start>
			<end>13359226391570</end>
		</tx_bytes>
		<tx_packets>
			<start>7212008205</start>
			<end>10091619760</end>
		</tx_packets>
		<tx_errors>
			<start>0</start>
			<end>0</end>
		</tx_errors>
		<tx_dropped>
			<start>0</start>
			<end>0</end>
		</tx_dropped>
		<tx_carrier>
			<start>0</start>
			<end>0</end>
		</tx_carrier>
		<tx_collisions>
			<start>0</start>
			<end>0</end>
		</tx_collisions>
	</ip_statistic>
	<netstat_statistic>
		<udp_pkg_rec>
			<start>1431192367</start>
			<end>1871000264</end>
		</udp_pkg_rec>
		<udp_pkg_snt>
			<start>3071289678</start>
			<end>3652840702</end>
		</udp_pkg_snt>
		<udp_rec_err>
			<start>216679269</start>
			<end>270500164</end>
		</udp_rec_err>
		<udp_rec_buf_err>
			<start>216679269</start>
			<end>270500164</end>
		</udp_rec_buf_err>
		<udp_snt_buf_err>
			<start>0</start>
			<end>0</end>
		</udp_snt_buf_err>
	</netstat_statistic>
</test_results>
