<?xml version="1.0"?>
<test_results>
	<status>STATUS_SUCCESS</status>
	<custom>
		<num_loss>15</num_loss>
		<num_total>719983298</num_total>
		<num_misses>6381</num_misses>
		<elapsed_time>7199.889602</elapsed_time>
	</custom>
	<ethtool_statistic>
		<rx_packets>
			<start>90642067</start>
			<end>425999314</end>
		</rx_packets>
		<tx_packets>
			<start>140406815</start>
			<end>1061689129</end>
		</tx_packets>
		<rx_dropped>
			<start>63</start>
			<end>63</end>
		</rx_dropped>
		<tx_dropped>
			<start>0</start>
			<end>0</end>
		</tx_dropped>
		<collisions>
			<start>0</start>
			<end>0</end>
		</collisions>
		<port_tx_errors>
			<start>0</start>
			<end>0</end>
		</port_tx_errors>
		<port_rx_dropped>
			<start>0</start>
			<end>0</end>
		</port_rx_dropped>
		<port_tx_dropped_link_down>
			<start>0</start>
			<end>0</end>
		</port_tx_dropped_link_down>
	</ethtool_statistic>
	<ip_statistic>
		<mtu>
			<start>9000</start>
			<end>9000</end>
		</mtu>
		<rx_bytes>
			<start>807436105139</start>
			<end>3822264318783</end>
		</rx_bytes>
		<rx_packets>
			<start>90642147</start>
			<end>425999401</end>
		</rx_packets>
		<rx_errors>
			<start>0</start>
			<end>0</end>
		</rx_errors>
		<rx_dropped>
			<start>63</start>
			<end>63</end>
		</rx_dropped>
		<rx_missed>
			<start>0</start>
			<end>0</end>
		</rx_missed>
		<rx_mcast>
			<start>1712</start>
			<end>1863</end>
		</rx_mcast>
		<tx_bytes>
			<start>542524730182</start>
			<end>2440015713714</end>
		</tx_bytes>
		<tx_packets>
			<start>140406858</start>
			<end>1061689171</end>
		</tx_packets>
		<tx_errors>
			<start>0</start>
			<end>0</end>
		</tx_errors>
		<tx_dropped>
			<start>0</start>
			<end>0</end>
		</tx_dropped>
		<tx_carrier>
			<start>0</start>
			<end>0</end>
		</tx_carrier>
		<tx_collisions>
			<start>0</start>
			<end>0</end>
		</tx_collisions>
	</ip_statistic>
</test_results>
