<?xml version="1.0"?>
<test_results>
	<status>STATUS_SUCCESS</status>
	<custom>
		<num_loss>102</num_loss>
		<num_total>1000001</num_total>
		<num_misses>0</num_misses>
		<elapsed_time>170.000070</elapsed_time>
		<query>
			<report>
				<misses>1000000</misses>
				<total>102</total>
			</report>
		</query>
	</custom>
	<ethtool_statistic>
		<rx_packets>
			<start>16888835004</start>
			<end>16896980964</end>
		</rx_packets>
		<tx_packets>
			<start>19651335460</start>
			<end>19664222312</end>
		</tx_packets>
		<rx_dropped>
			<start>63</start>
			<end>63</end>
		</rx_dropped>
		<tx_dropped>
			<start>0</start>
			<end>0</end>
		</tx_dropped>
		<collisions>
			<start>0</start>
			<end>0</end>
		</collisions>
		<port_tx_errors>
			<start>0</start>
			<end>0</end>
		</port_tx_errors>
		<port_rx_dropped>
			<start>0</start>
			<end>0</end>
		</port_rx_dropped>
		<port_tx_dropped_link_down>
			<start>0</start>
			<end>0</end>
		</port_tx_dropped_link_down>
	</ethtool_statistic>
	<ip_statistic>
		<mtu>
			<start>9000</start>
			<end>9000</end>
		</mtu>
		<rx_bytes>
			<start>151817555201307</start>
			<end>151890786967488</end>
		</rx_bytes>
		<rx_packets>
			<start>16888835060</start>
			<end>16896981064</end>
		</rx_packets>
		<rx_errors>
			<start>0</start>
			<end>0</end>
		</rx_errors>
		<rx_dropped>
			<start>69</start>
			<end>69</end>
		</rx_dropped>
		<rx_missed>
			<start>0</start>
			<end>0</end>
		</rx_missed>
		<rx_mcast>
			<start>12311</start>
			<end>12315</end>
		</rx_mcast>
		<tx_bytes>
			<start>133062145434574</start>
			<end>133171357527574</end>
		</tx_bytes>
		<tx_packets>
			<start>19651335531</start>
			<end>19664222367</end>
		</tx_packets>
		<tx_errors>
			<start>0</start>
			<end>0</end>
		</tx_errors>
		<tx_dropped>
			<start>0</start>
			<end>0</end>
		</tx_dropped>
		<tx_carrier>
			<start>0</start>
			<end>0</end>
		</tx_carrier>
		<tx_collisions>
			<start>0</start>
			<end>0</end>
		</tx_collisions>
	</ip_statistic>
	<netstat_statistic>
		<udp_pkg_rec>
			<start>16618314839</start>
			<end>16626161220</end>
		</udp_pkg_rec>
		<udp_pkg_snt>
			<start>16631129654</start>
			<end>16637016884</end>
		</udp_pkg_snt>
		<udp_rec_err>
			<start>272517771</start>
			<end>272817335</end>
		</udp_rec_err>
		<udp_rec_buf_err>
			<start>272517771</start>
			<end>272817335</end>
		</udp_rec_buf_err>
		<udp_snt_buf_err>
			<start>28</start>
			<end>28</end>
		</udp_snt_buf_err>
	</netstat_statistic>
</test_results>
