<?xml version="1.0"?>
<test_results>
	<status>STATUS_SUCCESS</status>
	<custom>
		<num_loss>9</num_loss>
		<num_total>179975110</num_total>
		<num_misses>22712</num_misses>
		<elapsed_time>7199.840924</elapsed_time>
		<query>
			<report>
				<misses>100000</misses>
				<total>0</total>
				<timestamp>4.000317</timestamp>
			</report>
			<report>
				<misses>200000</misses>
				<total>0</total>
				<timestamp>8.000806</timestamp>
			</report>
			<report>
				<misses>300000</misses>
				<total>0</total>
				<timestamp>12.002085</timestamp>
			</report>
			<report>
				<misses>400000</misses>
				<total>0</total>
				<timestamp>16.002680</timestamp>
			</report>
			<report>
				<misses>500000</misses>
				<total>0</total>
				<timestamp>20.002678</timestamp>
			</report>
			<report>
				<misses>600000</misses>
				<total>0</total>
				<timestamp>24.002702</timestamp>
			</report>
			<report>
				<misses>700000</misses>
				<total>0</total>
				<timestamp>28.002695</timestamp>
			</report>
			<report>
				<misses>800000</misses>
				<total>0</total>
				<timestamp>32.002979</timestamp>
			</report>
			<report>
				<misses>900000</misses>
				<total>0</total>
				<timestamp>36.002957</timestamp>
			</report>
			<report>
				<misses>1000000</misses>
				<total>0</total>
				<timestamp>40.002978</timestamp>
			</report>
			<report>
				<misses>1100000</misses>
				<total>0</total>
				<timestamp>44.002968</timestamp>
			</report>
			<report>
				<misses>1200000</misses>
				<total>0</total>
				<timestamp>48.003058</timestamp>
			</report>
			<report>
				<misses>1300000</misses>
				<total>0</total>
				<timestamp>52.003058</timestamp>
			</report>
			<report>
				<misses>1400000</misses>
				<total>0</total>
				<timestamp>56.003331</timestamp>
			</report>
			<report>
				<misses>1500000</misses>
				<total>0</total>
				<timestamp>60.003403</timestamp>
			</report>
			<report>
				<misses>1600000</misses>
				<total>0</total>
				<timestamp>64.004332</timestamp>
			</report>
			<report>
				<misses>1700000</misses>
				<total>0</total>
				<timestamp>68.004806</timestamp>
			</report>
			<report>
				<misses>1800000</misses>
				<total>0</total>
				<timestamp>72.005720</timestamp>
			</report>
			<report>
				<misses>1900000</misses>
				<total>0</total>
				<timestamp>76.006519</timestamp>
			</report>
			<report>
				<misses>2000000</misses>
				<total>0</total>
				<timestamp>80.007161</timestamp>
			</report>
			<report>
				<misses>2100000</misses>
				<total>0</total>
				<timestamp>84.007234</timestamp>
			</report>
			<report>
				<misses>2200000</misses>
				<total>0</total>
				<timestamp>88.007361</timestamp>
			</report>
			<report>
				<misses>2300000</misses>
				<total>0</total>
				<timestamp>92.007760</timestamp>
			</report>
			<report>
				<misses>2400000</misses>
				<total>0</total>
				<timestamp>96.007865</timestamp>
			</report>
			<report>
				<misses>2500000</misses>
				<total>0</total>
				<timestamp>100.008093</timestamp>
			</report>
			<report>
				<misses>2600000</misses>
				<total>0</total>
				<timestamp>104.008770</timestamp>
			</report>
			<report>
				<misses>2700000</misses>
				<total>0</total>
				<timestamp>108.009566</timestamp>
			</report>
			<report>
				<misses>2800000</misses>
				<total>0</total>
				<timestamp>112.009605</timestamp>
			</report>
			<report>
				<misses>2900000</misses>
				<total>0</total>
				<timestamp>116.009597</timestamp>
			</report>
			<report>
				<misses>3000000</misses>
				<total>0</total>
				<timestamp>120.009650</timestamp>
			</report>
			<report>
				<misses>3100000</misses>
				<total>0</total>
				<timestamp>124.009637</timestamp>
			</report>
			<report>
				<misses>3200000</misses>
				<total>0</total>
				<timestamp>128.009918</timestamp>
			</report>
			<report>
				<misses>3300000</misses>
				<total>0</total>
				<timestamp>132.009918</timestamp>
			</report>
			<report>
				<misses>3400000</misses>
				<total>0</total>
				<timestamp>136.009969</timestamp>
			</report>
			<report>
				<misses>3500000</misses>
				<total>0</total>
				<timestamp>140.009961</timestamp>
			</report>
			<report>
				<misses>3600000</misses>
				<total>0</total>
				<timestamp>144.010323</timestamp>
			</report>
			<report>
				<misses>3700000</misses>
				<total>0</total>
				<timestamp>148.010341</timestamp>
			</report>
			<report>
				<misses>3800000</misses>
				<total>0</total>
				<timestamp>152.010443</timestamp>
			</report>
			<report>
				<misses>3900000</misses>
				<total>0</total>
				<timestamp>156.010437</timestamp>
			</report>
			<report>
				<misses>4000000</misses>
				<total>0</total>
				<timestamp>160.010708</timestamp>
			</report>
			<report>
				<misses>4100000</misses>
				<total>0</total>
				<timestamp>164.011043</timestamp>
			</report>
			<report>
				<misses>4200000</misses>
				<total>0</total>
				<timestamp>168.012232</timestamp>
			</report>
			<report>
				<misses>4300000</misses>
				<total>0</total>
				<timestamp>172.012341</timestamp>
			</report>
			<report>
				<misses>4400000</misses>
				<total>0</total>
				<timestamp>176.012526</timestamp>
			</report>
			<report>
				<misses>4500000</misses>
				<total>0</total>
				<timestamp>180.012769</timestamp>
			</report>
			<report>
				<misses>4600000</misses>
				<total>0</total>
				<timestamp>184.012832</timestamp>
			</report>
			<report>
				<misses>4700000</misses>
				<total>0</total>
				<timestamp>188.012953</timestamp>
			</report>
			<report>
				<misses>4800000</misses>
				<total>0</total>
				<timestamp>192.014439</timestamp>
			</report>
			<report>
				<misses>4900000</misses>
				<total>0</total>
				<timestamp>196.016018</timestamp>
			</report>
			<report>
				<misses>5000000</misses>
				<total>0</total>
				<timestamp>200.017433</timestamp>
			</report>
			<report>
				<misses>5100000</misses>
				<total>0</total>
				<timestamp>204.017486</timestamp>
			</report>
			<report>
				<misses>5200000</misses>
				<total>0</total>
				<timestamp>208.017688</timestamp>
			</report>
			<report>
				<misses>5300000</misses>
				<total>0</total>
				<timestamp>212.017851</timestamp>
			</report>
			<report>
				<misses>5400000</misses>
				<total>0</total>
				<timestamp>216.018317</timestamp>
			</report>
			<report>
				<misses>5500000</misses>
				<total>0</total>
				<timestamp>220.018344</timestamp>
			</report>
			<report>
				<misses>5600000</misses>
				<total>0</total>
				<timestamp>224.018433</timestamp>
			</report>
			<report>
				<misses>5700000</misses>
				<total>0</total>
				<timestamp>228.018481</timestamp>
			</report>
			<report>
				<misses>5800000</misses>
				<total>0</total>
				<timestamp>232.018482</timestamp>
			</report>
			<report>
				<misses>5900000</misses>
				<total>0</total>
				<timestamp>236.018499</timestamp>
			</report>
			<report>
				<misses>6000000</misses>
				<total>0</total>
				<timestamp>240.018530</timestamp>
			</report>
			<report>
				<misses>6100000</misses>
				<total>0</total>
				<timestamp>244.019061</timestamp>
			</report>
			<report>
				<misses>6200000</misses>
				<total>0</total>
				<timestamp>248.019505</timestamp>
			</report>
			<report>
				<misses>6300000</misses>
				<total>0</total>
				<timestamp>252.020321</timestamp>
			</report>
			<report>
				<misses>6400000</misses>
				<total>0</total>
				<timestamp>256.021429</timestamp>
			</report>
			<report>
				<misses>6500000</misses>
				<total>0</total>
				<timestamp>260.022439</timestamp>
			</report>
			<report>
				<misses>6600000</misses>
				<total>0</total>
				<timestamp>264.022912</timestamp>
			</report>
			<report>
				<misses>6700000</misses>
				<total>0</total>
				<timestamp>268.023335</timestamp>
			</report>
			<report>
				<misses>6800000</misses>
				<total>0</total>
				<timestamp>272.023445</timestamp>
			</report>
			<report>
				<misses>6900000</misses>
				<total>0</total>
				<timestamp>276.024542</timestamp>
			</report>
			<report>
				<misses>7000000</misses>
				<total>0</total>
				<timestamp>280.025478</timestamp>
			</report>
			<report>
				<misses>7100000</misses>
				<total>0</total>
				<timestamp>284.026129</timestamp>
			</report>
			<report>
				<misses>7200000</misses>
				<total>0</total>
				<timestamp>288.027337</timestamp>
			</report>
			<report>
				<misses>7300000</misses>
				<total>0</total>
				<timestamp>292.027446</timestamp>
			</report>
			<report>
				<misses>7400000</misses>
				<total>0</total>
				<timestamp>296.028199</timestamp>
			</report>
			<report>
				<misses>7500000</misses>
				<total>0</total>
				<timestamp>300.029332</timestamp>
			</report>
			<report>
				<misses>7600000</misses>
				<total>0</total>
				<timestamp>304.030724</timestamp>
			</report>
			<report>
				<misses>7700000</misses>
				<total>0</total>
				<timestamp>308.031752</timestamp>
			</report>
			<report>
				<misses>7800000</misses>
				<total>0</total>
				<timestamp>312.032873</timestamp>
			</report>
			<report>
				<misses>7900000</misses>
				<total>0</total>
				<timestamp>316.035311</timestamp>
			</report>
			<report>
				<misses>8000000</misses>
				<total>0</total>
				<timestamp>320.035518</timestamp>
			</report>
			<report>
				<misses>8100000</misses>
				<total>0</total>
				<timestamp>324.035843</timestamp>
			</report>
			<report>
				<misses>8200000</misses>
				<total>0</total>
				<timestamp>328.036645</timestamp>
			</report>
			<report>
				<misses>8300000</misses>
				<total>0</total>
				<timestamp>332.038443</timestamp>
			</report>
			<report>
				<misses>8400000</misses>
				<total>0</total>
				<timestamp>336.038744</timestamp>
			</report>
			<report>
				<misses>8500000</misses>
				<total>0</total>
				<timestamp>340.039051</timestamp>
			</report>
			<report>
				<misses>8600000</misses>
				<total>0</total>
				<timestamp>344.039678</timestamp>
			</report>
			<report>
				<misses>8700000</misses>
				<total>0</total>
				<timestamp>348.039774</timestamp>
			</report>
			<report>
				<misses>8800000</misses>
				<total>0</total>
				<timestamp>352.041137</timestamp>
			</report>
			<report>
				<misses>8900000</misses>
				<total>0</total>
				<timestamp>356.041958</timestamp>
			</report>
			<report>
				<misses>9000000</misses>
				<total>0</total>
				<timestamp>360.042602</timestamp>
			</report>
			<report>
				<misses>9100000</misses>
				<total>0</total>
				<timestamp>364.043937</timestamp>
			</report>
			<report>
				<misses>9200000</misses>
				<total>0</total>
				<timestamp>368.045035</timestamp>
			</report>
			<report>
				<misses>9300000</misses>
				<total>0</total>
				<timestamp>372.045720</timestamp>
			</report>
			<report>
				<misses>9400000</misses>
				<total>0</total>
				<timestamp>376.046321</timestamp>
			</report>
			<report>
				<misses>9500000</misses>
				<total>0</total>
				<timestamp>380.046798</timestamp>
			</report>
			<report>
				<misses>9600000</misses>
				<total>0</total>
				<timestamp>384.047446</timestamp>
			</report>
			<report>
				<misses>9700000</misses>
				<total>0</total>
				<timestamp>388.049467</timestamp>
			</report>
			<report>
				<misses>9800000</misses>
				<total>0</total>
				<timestamp>392.049451</timestamp>
			</report>
			<report>
				<misses>9900000</misses>
				<total>0</total>
				<timestamp>396.051041</timestamp>
			</report>
			<report>
				<misses>10000000</misses>
				<total>0</total>
				<timestamp>400.051559</timestamp>
			</report>
			<report>
				<misses>10100000</misses>
				<total>0</total>
				<timestamp>404.052423</timestamp>
			</report>
			<report>
				<misses>10200000</misses>
				<total>0</total>
				<timestamp>408.053202</timestamp>
			</report>
			<report>
				<misses>10300000</misses>
				<total>0</total>
				<timestamp>412.054036</timestamp>
			</report>
			<report>
				<misses>10400000</misses>
				<total>0</total>
				<timestamp>416.054628</timestamp>
			</report>
			<report>
				<misses>10500000</misses>
				<total>0</total>
				<timestamp>420.055351</timestamp>
			</report>
			<report>
				<misses>10600000</misses>
				<total>0</total>
				<timestamp>424.056046</timestamp>
			</report>
			<report>
				<misses>10700000</misses>
				<total>0</total>
				<timestamp>428.056642</timestamp>
			</report>
			<report>
				<misses>10800000</misses>
				<total>0</total>
				<timestamp>432.057207</timestamp>
			</report>
			<report>
				<misses>10900000</misses>
				<total>0</total>
				<timestamp>436.058088</timestamp>
			</report>
			<report>
				<misses>11000000</misses>
				<total>0</total>
				<timestamp>440.058432</timestamp>
			</report>
			<report>
				<misses>11100000</misses>
				<total>0</total>
				<timestamp>444.058901</timestamp>
			</report>
			<report>
				<misses>11200000</misses>
				<total>0</total>
				<timestamp>448.059636</timestamp>
			</report>
			<report>
				<misses>11300000</misses>
				<total>0</total>
				<timestamp>452.060006</timestamp>
			</report>
			<report>
				<misses>11400000</misses>
				<total>0</total>
				<timestamp>456.060057</timestamp>
			</report>
			<report>
				<misses>11500000</misses>
				<total>0</total>
				<timestamp>460.060071</timestamp>
			</report>
			<report>
				<misses>11600000</misses>
				<total>0</total>
				<timestamp>464.060568</timestamp>
			</report>
			<report>
				<misses>11700000</misses>
				<total>0</total>
				<timestamp>468.061436</timestamp>
			</report>
			<report>
				<misses>11800000</misses>
				<total>0</total>
				<timestamp>472.061720</timestamp>
			</report>
			<report>
				<misses>11900000</misses>
				<total>0</total>
				<timestamp>476.062765</timestamp>
			</report>
			<report>
				<misses>12000000</misses>
				<total>0</total>
				<timestamp>480.063221</timestamp>
			</report>
			<report>
				<misses>12100000</misses>
				<total>0</total>
				<timestamp>484.064006</timestamp>
			</report>
			<report>
				<misses>12200000</misses>
				<total>0</total>
				<timestamp>488.064215</timestamp>
			</report>
			<report>
				<misses>12300000</misses>
				<total>0</total>
				<timestamp>492.064450</timestamp>
			</report>
			<report>
				<misses>12400000</misses>
				<total>0</total>
				<timestamp>496.065470</timestamp>
			</report>
			<report>
				<misses>12500000</misses>
				<total>0</total>
				<timestamp>500.066838</timestamp>
			</report>
			<report>
				<misses>12600000</misses>
				<total>0</total>
				<timestamp>504.068196</timestamp>
			</report>
			<report>
				<misses>12700000</misses>
				<total>0</total>
				<timestamp>508.069935</timestamp>
			</report>
			<report>
				<misses>12800000</misses>
				<total>0</total>
				<timestamp>512.070650</timestamp>
			</report>
			<report>
				<misses>12900000</misses>
				<total>0</total>
				<timestamp>516.071313</timestamp>
			</report>
			<report>
				<misses>13000000</misses>
				<total>0</total>
				<timestamp>520.072325</timestamp>
			</report>
			<report>
				<misses>13100000</misses>
				<total>0</total>
				<timestamp>524.072817</timestamp>
			</report>
			<report>
				<misses>13200000</misses>
				<total>0</total>
				<timestamp>528.073311</timestamp>
			</report>
			<report>
				<misses>13300000</misses>
				<total>0</total>
				<timestamp>532.074214</timestamp>
			</report>
			<report>
				<misses>13400000</misses>
				<total>0</total>
				<timestamp>536.075230</timestamp>
			</report>
			<report>
				<misses>13500000</misses>
				<total>0</total>
				<timestamp>540.076445</timestamp>
			</report>
			<report>
				<misses>13600000</misses>
				<total>0</total>
				<timestamp>544.076972</timestamp>
			</report>
			<report>
				<misses>13700000</misses>
				<total>0</total>
				<timestamp>548.077332</timestamp>
			</report>
			<report>
				<misses>13800000</misses>
				<total>0</total>
				<timestamp>552.078436</timestamp>
			</report>
			<report>
				<misses>13900000</misses>
				<total>0</total>
				<timestamp>556.079066</timestamp>
			</report>
			<report>
				<misses>14000000</misses>
				<total>0</total>
				<timestamp>560.080324</timestamp>
			</report>
			<report>
				<misses>14100000</misses>
				<total>0</total>
				<timestamp>564.080436</timestamp>
			</report>
			<report>
				<misses>14200000</misses>
				<total>0</total>
				<timestamp>568.080533</timestamp>
			</report>
			<report>
				<misses>14300000</misses>
				<total>0</total>
				<timestamp>572.080886</timestamp>
			</report>
			<report>
				<misses>14400000</misses>
				<total>0</total>
				<timestamp>576.081530</timestamp>
			</report>
			<report>
				<misses>14500000</misses>
				<total>0</total>
				<timestamp>580.082040</timestamp>
			</report>
			<report>
				<misses>14600000</misses>
				<total>0</total>
				<timestamp>584.082045</timestamp>
			</report>
			<report>
				<misses>14700000</misses>
				<total>0</total>
				<timestamp>588.082448</timestamp>
			</report>
			<report>
				<misses>14800000</misses>
				<total>0</total>
				<timestamp>592.082846</timestamp>
			</report>
			<report>
				<misses>14900000</misses>
				<total>0</total>
				<timestamp>596.082934</timestamp>
			</report>
			<report>
				<misses>15000000</misses>
				<total>0</total>
				<timestamp>600.083053</timestamp>
			</report>
			<report>
				<misses>15100000</misses>
				<total>0</total>
				<timestamp>604.083033</timestamp>
			</report>
			<report>
				<misses>15200000</misses>
				<total>0</total>
				<timestamp>608.083183</timestamp>
			</report>
			<report>
				<misses>15300000</misses>
				<total>0</total>
				<timestamp>612.083178</timestamp>
			</report>
			<report>
				<misses>15400000</misses>
				<total>0</total>
				<timestamp>616.083306</timestamp>
			</report>
			<report>
				<misses>15500000</misses>
				<total>0</total>
				<timestamp>620.083379</timestamp>
			</report>
			<report>
				<misses>15600000</misses>
				<total>0</total>
				<timestamp>624.083458</timestamp>
			</report>
			<report>
				<misses>15700000</misses>
				<total>0</total>
				<timestamp>628.083446</timestamp>
			</report>
			<report>
				<misses>15800000</misses>
				<total>0</total>
				<timestamp>632.083482</timestamp>
			</report>
			<report>
				<misses>15900000</misses>
				<total>0</total>
				<timestamp>636.084447</timestamp>
			</report>
			<report>
				<misses>16000000</misses>
				<total>0</total>
				<timestamp>640.084451</timestamp>
			</report>
			<report>
				<misses>16100000</misses>
				<total>0</total>
				<timestamp>644.084557</timestamp>
			</report>
			<report>
				<misses>16200000</misses>
				<total>0</total>
				<timestamp>648.084588</timestamp>
			</report>
			<report>
				<misses>16300000</misses>
				<total>0</total>
				<timestamp>652.084559</timestamp>
			</report>
			<report>
				<misses>16400000</misses>
				<total>0</total>
				<timestamp>656.084608</timestamp>
			</report>
			<report>
				<misses>16500000</misses>
				<total>0</total>
				<timestamp>660.084591</timestamp>
			</report>
			<report>
				<misses>16600000</misses>
				<total>0</total>
				<timestamp>664.084553</timestamp>
			</report>
			<report>
				<misses>16700000</misses>
				<total>0</total>
				<timestamp>668.084598</timestamp>
			</report>
			<report>
				<misses>16800000</misses>
				<total>0</total>
				<timestamp>672.084615</timestamp>
			</report>
			<report>
				<misses>16900000</misses>
				<total>0</total>
				<timestamp>676.084599</timestamp>
			</report>
			<report>
				<misses>17000000</misses>
				<total>0</total>
				<timestamp>680.084600</timestamp>
			</report>
			<report>
				<misses>17100000</misses>
				<total>0</total>
				<timestamp>684.084618</timestamp>
			</report>
			<report>
				<misses>17200000</misses>
				<total>0</total>
				<timestamp>688.084594</timestamp>
			</report>
			<report>
				<misses>17300000</misses>
				<total>0</total>
				<timestamp>692.084697</timestamp>
			</report>
			<report>
				<misses>17400000</misses>
				<total>0</total>
				<timestamp>696.085343</timestamp>
			</report>
			<report>
				<misses>17500000</misses>
				<total>0</total>
				<timestamp>700.085426</timestamp>
			</report>
			<report>
				<misses>17600000</misses>
				<total>0</total>
				<timestamp>704.085532</timestamp>
			</report>
			<report>
				<misses>17700000</misses>
				<total>0</total>
				<timestamp>708.085729</timestamp>
			</report>
			<report>
				<misses>17800000</misses>
				<total>0</total>
				<timestamp>712.085765</timestamp>
			</report>
			<report>
				<misses>17900000</misses>
				<total>0</total>
				<timestamp>716.085798</timestamp>
			</report>
			<report>
				<misses>18000000</misses>
				<total>0</total>
				<timestamp>720.086085</timestamp>
			</report>
			<report>
				<misses>18100000</misses>
				<total>0</total>
				<timestamp>724.087332</timestamp>
			</report>
			<report>
				<misses>18200000</misses>
				<total>0</total>
				<timestamp>728.087624</timestamp>
			</report>
			<report>
				<misses>18300000</misses>
				<total>0</total>
				<timestamp>732.088209</timestamp>
			</report>
			<report>
				<misses>18400000</misses>
				<total>0</total>
				<timestamp>736.088617</timestamp>
			</report>
			<report>
				<misses>18500000</misses>
				<total>0</total>
				<timestamp>740.088615</timestamp>
			</report>
			<report>
				<misses>18600000</misses>
				<total>0</total>
				<timestamp>744.088688</timestamp>
			</report>
			<report>
				<misses>18700000</misses>
				<total>0</total>
				<timestamp>748.088908</timestamp>
			</report>
			<report>
				<misses>18800000</misses>
				<total>0</total>
				<timestamp>752.089002</timestamp>
			</report>
			<report>
				<misses>18900000</misses>
				<total>0</total>
				<timestamp>756.089772</timestamp>
			</report>
			<report>
				<misses>19000000</misses>
				<total>0</total>
				<timestamp>760.090367</timestamp>
			</report>
			<report>
				<misses>19100000</misses>
				<total>0</total>
				<timestamp>764.090593</timestamp>
			</report>
			<report>
				<misses>19200000</misses>
				<total>0</total>
				<timestamp>768.091622</timestamp>
			</report>
			<report>
				<misses>19300000</misses>
				<total>0</total>
				<timestamp>772.093063</timestamp>
			</report>
			<report>
				<misses>19400000</misses>
				<total>0</total>
				<timestamp>776.093473</timestamp>
			</report>
			<report>
				<misses>19500000</misses>
				<total>0</total>
				<timestamp>780.093532</timestamp>
			</report>
			<report>
				<misses>19600000</misses>
				<total>0</total>
				<timestamp>784.094047</timestamp>
			</report>
			<report>
				<misses>19700000</misses>
				<total>0</total>
				<timestamp>788.094943</timestamp>
			</report>
			<report>
				<misses>19800000</misses>
				<total>0</total>
				<timestamp>792.095014</timestamp>
			</report>
			<report>
				<misses>19900000</misses>
				<total>0</total>
				<timestamp>796.095434</timestamp>
			</report>
			<report>
				<misses>20000000</misses>
				<total>0</total>
				<timestamp>800.095686</timestamp>
			</report>
			<report>
				<misses>20100000</misses>
				<total>0</total>
				<timestamp>804.095720</timestamp>
			</report>
			<report>
				<misses>20200000</misses>
				<total>0</total>
				<timestamp>808.096338</timestamp>
			</report>
			<report>
				<misses>20300000</misses>
				<total>0</total>
				<timestamp>812.096741</timestamp>
			</report>
			<report>
				<misses>20400000</misses>
				<total>0</total>
				<timestamp>816.097488</timestamp>
			</report>
			<report>
				<misses>20500000</misses>
				<total>0</total>
				<timestamp>820.097615</timestamp>
			</report>
			<report>
				<misses>20600000</misses>
				<total>0</total>
				<timestamp>824.098756</timestamp>
			</report>
			<report>
				<misses>20700000</misses>
				<total>0</total>
				<timestamp>828.098902</timestamp>
			</report>
			<report>
				<misses>20800000</misses>
				<total>0</total>
				<timestamp>832.099183</timestamp>
			</report>
			<report>
				<misses>20900000</misses>
				<total>0</total>
				<timestamp>836.099509</timestamp>
			</report>
			<report>
				<misses>21000000</misses>
				<total>0</total>
				<timestamp>840.099494</timestamp>
			</report>
			<report>
				<misses>21100000</misses>
				<total>0</total>
				<timestamp>844.099526</timestamp>
			</report>
			<report>
				<misses>21200000</misses>
				<total>0</total>
				<timestamp>848.099530</timestamp>
			</report>
			<report>
				<misses>21300000</misses>
				<total>0</total>
				<timestamp>852.099559</timestamp>
			</report>
			<report>
				<misses>21400000</misses>
				<total>0</total>
				<timestamp>856.099608</timestamp>
			</report>
			<report>
				<misses>21500000</misses>
				<total>0</total>
				<timestamp>860.099686</timestamp>
			</report>
			<report>
				<misses>21600000</misses>
				<total>0</total>
				<timestamp>864.100239</timestamp>
			</report>
			<report>
				<misses>21700000</misses>
				<total>0</total>
				<timestamp>868.102012</timestamp>
			</report>
			<report>
				<misses>21800000</misses>
				<total>0</total>
				<timestamp>872.102224</timestamp>
			</report>
			<report>
				<misses>21900000</misses>
				<total>0</total>
				<timestamp>876.102226</timestamp>
			</report>
			<report>
				<misses>22000000</misses>
				<total>0</total>
				<timestamp>880.102231</timestamp>
			</report>
			<report>
				<misses>22100000</misses>
				<total>0</total>
				<timestamp>884.102323</timestamp>
			</report>
			<report>
				<misses>22200000</misses>
				<total>0</total>
				<timestamp>888.102636</timestamp>
			</report>
			<report>
				<misses>22300000</misses>
				<total>0</total>
				<timestamp>892.103343</timestamp>
			</report>
			<report>
				<misses>22400000</misses>
				<total>0</total>
				<timestamp>896.103724</timestamp>
			</report>
			<report>
				<misses>22500000</misses>
				<total>0</total>
				<timestamp>900.103806</timestamp>
			</report>
			<report>
				<misses>22600000</misses>
				<total>0</total>
				<timestamp>904.104334</timestamp>
			</report>
			<report>
				<misses>22700000</misses>
				<total>0</total>
				<timestamp>908.104732</timestamp>
			</report>
			<report>
				<misses>22800000</misses>
				<total>0</total>
				<timestamp>912.105534</timestamp>
			</report>
			<report>
				<misses>22900000</misses>
				<total>0</total>
				<timestamp>916.105547</timestamp>
			</report>
			<report>
				<misses>23000000</misses>
				<total>0</total>
				<timestamp>920.105824</timestamp>
			</report>
			<report>
				<misses>23100000</misses>
				<total>0</total>
				<timestamp>924.107309</timestamp>
			</report>
			<report>
				<misses>23200000</misses>
				<total>0</total>
				<timestamp>928.108738</timestamp>
			</report>
			<report>
				<misses>23300000</misses>
				<total>0</total>
				<timestamp>932.109636</timestamp>
			</report>
			<report>
				<misses>23400000</misses>
				<total>0</total>
				<timestamp>936.109810</timestamp>
			</report>
			<report>
				<misses>23500000</misses>
				<total>0</total>
				<timestamp>940.110557</timestamp>
			</report>
			<report>
				<misses>23600000</misses>
				<total>0</total>
				<timestamp>944.111685</timestamp>
			</report>
			<report>
				<misses>23700000</misses>
				<total>0</total>
				<timestamp>948.112441</timestamp>
			</report>
			<report>
				<misses>23800000</misses>
				<total>0</total>
				<timestamp>952.113238</timestamp>
			</report>
			<report>
				<misses>23900000</misses>
				<total>0</total>
				<timestamp>956.113326</timestamp>
			</report>
			<report>
				<misses>24000000</misses>
				<total>0</total>
				<timestamp>960.113425</timestamp>
			</report>
			<report>
				<misses>24100000</misses>
				<total>0</total>
				<timestamp>964.113450</timestamp>
			</report>
			<report>
				<misses>24200000</misses>
				<total>0</total>
				<timestamp>968.113463</timestamp>
			</report>
			<report>
				<misses>24300000</misses>
				<total>0</total>
				<timestamp>972.113490</timestamp>
			</report>
			<report>
				<misses>24400000</misses>
				<total>0</total>
				<timestamp>976.113608</timestamp>
			</report>
			<report>
				<misses>24500000</misses>
				<total>0</total>
				<timestamp>980.113707</timestamp>
			</report>
			<report>
				<misses>24600000</misses>
				<total>0</total>
				<timestamp>984.113927</timestamp>
			</report>
			<report>
				<misses>24700000</misses>
				<total>0</total>
				<timestamp>988.114321</timestamp>
			</report>
			<report>
				<misses>24800000</misses>
				<total>0</total>
				<timestamp>992.114463</timestamp>
			</report>
			<report>
				<misses>24900000</misses>
				<total>0</total>
				<timestamp>996.114849</timestamp>
			</report>
			<report>
				<misses>25000000</misses>
				<total>0</total>
				<timestamp>1000.114850</timestamp>
			</report>
			<report>
				<misses>25100000</misses>
				<total>0</total>
				<timestamp>1004.115037</timestamp>
			</report>
			<report>
				<misses>25200000</misses>
				<total>0</total>
				<timestamp>1008.115430</timestamp>
			</report>
			<report>
				<misses>25300000</misses>
				<total>0</total>
				<timestamp>1012.115954</timestamp>
			</report>
			<report>
				<misses>25400000</misses>
				<total>0</total>
				<timestamp>1016.115974</timestamp>
			</report>
			<report>
				<misses>25500000</misses>
				<total>0</total>
				<timestamp>1020.116322</timestamp>
			</report>
			<report>
				<misses>25600000</misses>
				<total>0</total>
				<timestamp>1024.116616</timestamp>
			</report>
			<report>
				<misses>25700000</misses>
				<total>0</total>
				<timestamp>1028.117222</timestamp>
			</report>
			<report>
				<misses>25800000</misses>
				<total>0</total>
				<timestamp>1032.117558</timestamp>
			</report>
			<report>
				<misses>25900000</misses>
				<total>0</total>
				<timestamp>1036.117855</timestamp>
			</report>
			<report>
				<misses>26000000</misses>
				<total>0</total>
				<timestamp>1040.118328</timestamp>
			</report>
			<report>
				<misses>26100000</misses>
				<total>0</total>
				<timestamp>1044.118345</timestamp>
			</report>
			<report>
				<misses>26200000</misses>
				<total>0</total>
				<timestamp>1048.118431</timestamp>
			</report>
			<report>
				<misses>26300000</misses>
				<total>0</total>
				<timestamp>1052.118467</timestamp>
			</report>
			<report>
				<misses>26400000</misses>
				<total>0</total>
				<timestamp>1056.118646</timestamp>
			</report>
			<report>
				<misses>26500000</misses>
				<total>0</total>
				<timestamp>1060.119325</timestamp>
			</report>
			<report>
				<misses>26600000</misses>
				<total>0</total>
				<timestamp>1064.119605</timestamp>
			</report>
			<report>
				<misses>26700000</misses>
				<total>0</total>
				<timestamp>1068.120335</timestamp>
			</report>
			<report>
				<misses>26800000</misses>
				<total>0</total>
				<timestamp>1072.121063</timestamp>
			</report>
			<report>
				<misses>26900000</misses>
				<total>0</total>
				<timestamp>1076.121327</timestamp>
			</report>
			<report>
				<misses>27000000</misses>
				<total>0</total>
				<timestamp>1080.122377</timestamp>
			</report>
			<report>
				<misses>27100000</misses>
				<total>0</total>
				<timestamp>1084.122646</timestamp>
			</report>
			<report>
				<misses>27200000</misses>
				<total>0</total>
				<timestamp>1088.123423</timestamp>
			</report>
			<report>
				<misses>27300000</misses>
				<total>0</total>
				<timestamp>1092.123500</timestamp>
			</report>
			<report>
				<misses>27400000</misses>
				<total>0</total>
				<timestamp>1096.123937</timestamp>
			</report>
			<report>
				<misses>27500000</misses>
				<total>0</total>
				<timestamp>1100.124177</timestamp>
			</report>
			<report>
				<misses>27600000</misses>
				<total>0</total>
				<timestamp>1104.124269</timestamp>
			</report>
			<report>
				<misses>27700000</misses>
				<total>0</total>
				<timestamp>1108.124549</timestamp>
			</report>
			<report>
				<misses>27800000</misses>
				<total>0</total>
				<timestamp>1112.124986</timestamp>
			</report>
			<report>
				<misses>27900000</misses>
				<total>0</total>
				<timestamp>1116.126233</timestamp>
			</report>
			<report>
				<misses>28000000</misses>
				<total>0</total>
				<timestamp>1120.127227</timestamp>
			</report>
			<report>
				<misses>28100000</misses>
				<total>0</total>
				<timestamp>1124.127740</timestamp>
			</report>
			<report>
				<misses>28200000</misses>
				<total>0</total>
				<timestamp>1128.129613</timestamp>
			</report>
			<report>
				<misses>28300000</misses>
				<total>0</total>
				<timestamp>1132.129644</timestamp>
			</report>
			<report>
				<misses>28400000</misses>
				<total>0</total>
				<timestamp>1136.130920</timestamp>
			</report>
			<report>
				<misses>28500000</misses>
				<total>0</total>
				<timestamp>1140.131449</timestamp>
			</report>
			<report>
				<misses>28600000</misses>
				<total>0</total>
				<timestamp>1144.132530</timestamp>
			</report>
			<report>
				<misses>28700000</misses>
				<total>0</total>
				<timestamp>1148.133043</timestamp>
			</report>
			<report>
				<misses>28800000</misses>
				<total>0</total>
				<timestamp>1152.133843</timestamp>
			</report>
			<report>
				<misses>28900000</misses>
				<total>0</total>
				<timestamp>1156.133843</timestamp>
			</report>
			<report>
				<misses>29000000</misses>
				<total>0</total>
				<timestamp>1160.134054</timestamp>
			</report>
			<report>
				<misses>29100000</misses>
				<total>0</total>
				<timestamp>1164.134227</timestamp>
			</report>
			<report>
				<misses>29200000</misses>
				<total>0</total>
				<timestamp>1168.134214</timestamp>
			</report>
			<report>
				<misses>29300000</misses>
				<total>0</total>
				<timestamp>1172.135044</timestamp>
			</report>
			<report>
				<misses>29400000</misses>
				<total>0</total>
				<timestamp>1176.135329</timestamp>
			</report>
			<report>
				<misses>29500000</misses>
				<total>0</total>
				<timestamp>1180.136022</timestamp>
			</report>
			<report>
				<misses>29600000</misses>
				<total>0</total>
				<timestamp>1184.137339</timestamp>
			</report>
			<report>
				<misses>29700000</misses>
				<total>0</total>
				<timestamp>1188.137574</timestamp>
			</report>
			<report>
				<misses>29800000</misses>
				<total>0</total>
				<timestamp>1192.138419</timestamp>
			</report>
			<report>
				<misses>29900000</misses>
				<total>0</total>
				<timestamp>1196.138616</timestamp>
			</report>
			<report>
				<misses>30000000</misses>
				<total>0</total>
				<timestamp>1200.139084</timestamp>
			</report>
			<report>
				<misses>30100000</misses>
				<total>0</total>
				<timestamp>1204.139491</timestamp>
			</report>
			<report>
				<misses>30200000</misses>
				<total>0</total>
				<timestamp>1208.140085</timestamp>
			</report>
			<report>
				<misses>30300000</misses>
				<total>0</total>
				<timestamp>1212.140233</timestamp>
			</report>
			<report>
				<misses>30400000</misses>
				<total>0</total>
				<timestamp>1216.140696</timestamp>
			</report>
			<report>
				<misses>30500000</misses>
				<total>0</total>
				<timestamp>1220.140770</timestamp>
			</report>
			<report>
				<misses>30600000</misses>
				<total>0</total>
				<timestamp>1224.141352</timestamp>
			</report>
			<report>
				<misses>30700000</misses>
				<total>0</total>
				<timestamp>1228.141767</timestamp>
			</report>
			<report>
				<misses>30800000</misses>
				<total>0</total>
				<timestamp>1232.142918</timestamp>
			</report>
			<report>
				<misses>30900000</misses>
				<total>0</total>
				<timestamp>1236.143235</timestamp>
			</report>
			<report>
				<misses>31000000</misses>
				<total>0</total>
				<timestamp>1240.143639</timestamp>
			</report>
			<report>
				<misses>31100000</misses>
				<total>0</total>
				<timestamp>1244.143634</timestamp>
			</report>
			<report>
				<misses>31200000</misses>
				<total>0</total>
				<timestamp>1248.143687</timestamp>
			</report>
			<report>
				<misses>31300000</misses>
				<total>0</total>
				<timestamp>1252.143884</timestamp>
			</report>
			<report>
				<misses>31400000</misses>
				<total>0</total>
				<timestamp>1256.144812</timestamp>
			</report>
			<report>
				<misses>31500000</misses>
				<total>0</total>
				<timestamp>1260.145536</timestamp>
			</report>
			<report>
				<misses>31600000</misses>
				<total>0</total>
				<timestamp>1264.145752</timestamp>
			</report>
			<report>
				<misses>31700000</misses>
				<total>0</total>
				<timestamp>1268.145774</timestamp>
			</report>
			<report>
				<misses>31800000</misses>
				<total>0</total>
				<timestamp>1272.146420</timestamp>
			</report>
			<report>
				<misses>31900000</misses>
				<total>0</total>
				<timestamp>1276.146681</timestamp>
			</report>
			<report>
				<misses>32000000</misses>
				<total>0</total>
				<timestamp>1280.147383</timestamp>
			</report>
			<report>
				<misses>32100000</misses>
				<total>0</total>
				<timestamp>1284.148217</timestamp>
			</report>
			<report>
				<misses>32200000</misses>
				<total>0</total>
				<timestamp>1288.148328</timestamp>
			</report>
			<report>
				<misses>32300000</misses>
				<total>0</total>
				<timestamp>1292.148689</timestamp>
			</report>
			<report>
				<misses>32400000</misses>
				<total>0</total>
				<timestamp>1296.150228</timestamp>
			</report>
			<report>
				<misses>32500000</misses>
				<total>0</total>
				<timestamp>1300.151447</timestamp>
			</report>
			<report>
				<misses>32600000</misses>
				<total>0</total>
				<timestamp>1304.152342</timestamp>
			</report>
			<report>
				<misses>32700000</misses>
				<total>0</total>
				<timestamp>1308.153051</timestamp>
			</report>
			<report>
				<misses>32800000</misses>
				<total>0</total>
				<timestamp>1312.153602</timestamp>
			</report>
			<report>
				<misses>32900000</misses>
				<total>0</total>
				<timestamp>1316.154188</timestamp>
			</report>
			<report>
				<misses>33000000</misses>
				<total>0</total>
				<timestamp>1320.154324</timestamp>
			</report>
			<report>
				<misses>33100000</misses>
				<total>0</total>
				<timestamp>1324.154520</timestamp>
			</report>
			<report>
				<misses>33200000</misses>
				<total>0</total>
				<timestamp>1328.155043</timestamp>
			</report>
			<report>
				<misses>33300000</misses>
				<total>0</total>
				<timestamp>1332.155092</timestamp>
			</report>
			<report>
				<misses>33400000</misses>
				<total>0</total>
				<timestamp>1336.155486</timestamp>
			</report>
			<report>
				<misses>33500000</misses>
				<total>0</total>
				<timestamp>1340.156189</timestamp>
			</report>
			<report>
				<misses>33600000</misses>
				<total>0</total>
				<timestamp>1344.156621</timestamp>
			</report>
			<report>
				<misses>33700000</misses>
				<total>0</total>
				<timestamp>1348.158353</timestamp>
			</report>
			<report>
				<misses>33800000</misses>
				<total>0</total>
				<timestamp>1352.159645</timestamp>
			</report>
			<report>
				<misses>33900000</misses>
				<total>0</total>
				<timestamp>1356.160229</timestamp>
			</report>
			<report>
				<misses>34000000</misses>
				<total>0</total>
				<timestamp>1360.160418</timestamp>
			</report>
			<report>
				<misses>34100000</misses>
				<total>0</total>
				<timestamp>1364.160908</timestamp>
			</report>
			<report>
				<misses>34200000</misses>
				<total>0</total>
				<timestamp>1368.161727</timestamp>
			</report>
			<report>
				<misses>34300000</misses>
				<total>0</total>
				<timestamp>1372.161781</timestamp>
			</report>
			<report>
				<misses>34400000</misses>
				<total>0</total>
				<timestamp>1376.162456</timestamp>
			</report>
			<report>
				<misses>34500000</misses>
				<total>0</total>
				<timestamp>1380.163134</timestamp>
			</report>
			<report>
				<misses>34600000</misses>
				<total>0</total>
				<timestamp>1384.163318</timestamp>
			</report>
			<report>
				<misses>34700000</misses>
				<total>0</total>
				<timestamp>1388.164574</timestamp>
			</report>
			<report>
				<misses>34800000</misses>
				<total>0</total>
				<timestamp>1392.165594</timestamp>
			</report>
			<report>
				<misses>34900000</misses>
				<total>0</total>
				<timestamp>1396.165798</timestamp>
			</report>
			<report>
				<misses>35000000</misses>
				<total>0</total>
				<timestamp>1400.166859</timestamp>
			</report>
			<report>
				<misses>35100000</misses>
				<total>0</total>
				<timestamp>1404.167324</timestamp>
			</report>
			<report>
				<misses>35200000</misses>
				<total>0</total>
				<timestamp>1408.168328</timestamp>
			</report>
			<report>
				<misses>35300000</misses>
				<total>0</total>
				<timestamp>1412.168726</timestamp>
			</report>
			<report>
				<misses>35400000</misses>
				<total>0</total>
				<timestamp>1416.169132</timestamp>
			</report>
			<report>
				<misses>35500000</misses>
				<total>0</total>
				<timestamp>1420.169638</timestamp>
			</report>
			<report>
				<misses>35600000</misses>
				<total>0</total>
				<timestamp>1424.169779</timestamp>
			</report>
			<report>
				<misses>35700000</misses>
				<total>0</total>
				<timestamp>1428.170200</timestamp>
			</report>
			<report>
				<misses>35800000</misses>
				<total>0</total>
				<timestamp>1432.170417</timestamp>
			</report>
			<report>
				<misses>35900000</misses>
				<total>0</total>
				<timestamp>1436.170444</timestamp>
			</report>
			<report>
				<misses>36000000</misses>
				<total>0</total>
				<timestamp>1440.170574</timestamp>
			</report>
			<report>
				<misses>36100000</misses>
				<total>0</total>
				<timestamp>1444.171062</timestamp>
			</report>
			<report>
				<misses>36200000</misses>
				<total>0</total>
				<timestamp>1448.171484</timestamp>
			</report>
			<report>
				<misses>36300000</misses>
				<total>0</total>
				<timestamp>1452.172336</timestamp>
			</report>
			<report>
				<misses>36400000</misses>
				<total>0</total>
				<timestamp>1456.172919</timestamp>
			</report>
			<report>
				<misses>36500000</misses>
				<total>0</total>
				<timestamp>1460.173680</timestamp>
			</report>
			<report>
				<misses>36600000</misses>
				<total>0</total>
				<timestamp>1464.174230</timestamp>
			</report>
			<report>
				<misses>36700000</misses>
				<total>0</total>
				<timestamp>1468.174371</timestamp>
			</report>
			<report>
				<misses>36800000</misses>
				<total>0</total>
				<timestamp>1472.175559</timestamp>
			</report>
			<report>
				<misses>36900000</misses>
				<total>0</total>
				<timestamp>1476.176218</timestamp>
			</report>
			<report>
				<misses>37000000</misses>
				<total>0</total>
				<timestamp>1480.176437</timestamp>
			</report>
			<report>
				<misses>37100000</misses>
				<total>0</total>
				<timestamp>1484.176813</timestamp>
			</report>
			<report>
				<misses>37200000</misses>
				<total>0</total>
				<timestamp>1488.177495</timestamp>
			</report>
			<report>
				<misses>37300000</misses>
				<total>0</total>
				<timestamp>1492.177521</timestamp>
			</report>
			<report>
				<misses>37400000</misses>
				<total>0</total>
				<timestamp>1496.178014</timestamp>
			</report>
			<report>
				<misses>37500000</misses>
				<total>0</total>
				<timestamp>1500.178445</timestamp>
			</report>
			<report>
				<misses>37600000</misses>
				<total>0</total>
				<timestamp>1504.178919</timestamp>
			</report>
			<report>
				<misses>37700000</misses>
				<total>0</total>
				<timestamp>1508.179434</timestamp>
			</report>
			<report>
				<misses>37800000</misses>
				<total>0</total>
				<timestamp>1512.179698</timestamp>
			</report>
			<report>
				<misses>37900000</misses>
				<total>0</total>
				<timestamp>1516.179681</timestamp>
			</report>
			<report>
				<misses>38000000</misses>
				<total>0</total>
				<timestamp>1520.179767</timestamp>
			</report>
			<report>
				<misses>38100000</misses>
				<total>0</total>
				<timestamp>1524.179964</timestamp>
			</report>
			<report>
				<misses>38200000</misses>
				<total>0</total>
				<timestamp>1528.180004</timestamp>
			</report>
			<report>
				<misses>38300000</misses>
				<total>0</total>
				<timestamp>1532.180732</timestamp>
			</report>
			<report>
				<misses>38400000</misses>
				<total>0</total>
				<timestamp>1536.180727</timestamp>
			</report>
			<report>
				<misses>38500000</misses>
				<total>0</total>
				<timestamp>1540.180723</timestamp>
			</report>
			<report>
				<misses>38600000</misses>
				<total>0</total>
				<timestamp>1544.181446</timestamp>
			</report>
			<report>
				<misses>38700000</misses>
				<total>0</total>
				<timestamp>1548.181522</timestamp>
			</report>
			<report>
				<misses>38800000</misses>
				<total>0</total>
				<timestamp>1552.181558</timestamp>
			</report>
			<report>
				<misses>38900000</misses>
				<total>0</total>
				<timestamp>1556.181610</timestamp>
			</report>
			<report>
				<misses>39000000</misses>
				<total>0</total>
				<timestamp>1560.181780</timestamp>
			</report>
			<report>
				<misses>39100000</misses>
				<total>0</total>
				<timestamp>1564.182317</timestamp>
			</report>
			<report>
				<misses>39200000</misses>
				<total>0</total>
				<timestamp>1568.182845</timestamp>
			</report>
			<report>
				<misses>39300000</misses>
				<total>0</total>
				<timestamp>1572.183039</timestamp>
			</report>
			<report>
				<misses>39400000</misses>
				<total>0</total>
				<timestamp>1576.183327</timestamp>
			</report>
			<report>
				<misses>39500000</misses>
				<total>0</total>
				<timestamp>1580.183582</timestamp>
			</report>
			<report>
				<misses>39600000</misses>
				<total>0</total>
				<timestamp>1584.183570</timestamp>
			</report>
			<report>
				<misses>39700000</misses>
				<total>0</total>
				<timestamp>1588.183592</timestamp>
			</report>
			<report>
				<misses>39800000</misses>
				<total>0</total>
				<timestamp>1592.183570</timestamp>
			</report>
			<report>
				<misses>39900000</misses>
				<total>0</total>
				<timestamp>1596.183569</timestamp>
			</report>
			<report>
				<misses>40000000</misses>
				<total>0</total>
				<timestamp>1600.184406</timestamp>
			</report>
			<report>
				<misses>40100000</misses>
				<total>0</total>
				<timestamp>1604.185828</timestamp>
			</report>
			<report>
				<misses>40200000</misses>
				<total>0</total>
				<timestamp>1608.186596</timestamp>
			</report>
			<report>
				<misses>40300000</misses>
				<total>0</total>
				<timestamp>1612.186837</timestamp>
			</report>
			<report>
				<misses>40400000</misses>
				<total>0</total>
				<timestamp>1616.187530</timestamp>
			</report>
			<report>
				<misses>40500000</misses>
				<total>0</total>
				<timestamp>1620.188651</timestamp>
			</report>
			<report>
				<misses>40600000</misses>
				<total>0</total>
				<timestamp>1624.189533</timestamp>
			</report>
			<report>
				<misses>40700000</misses>
				<total>0</total>
				<timestamp>1628.190319</timestamp>
			</report>
			<report>
				<misses>40800000</misses>
				<total>0</total>
				<timestamp>1632.190446</timestamp>
			</report>
			<report>
				<misses>40900000</misses>
				<total>0</total>
				<timestamp>1636.191451</timestamp>
			</report>
			<report>
				<misses>41000000</misses>
				<total>0</total>
				<timestamp>1640.192199</timestamp>
			</report>
			<report>
				<misses>41100000</misses>
				<total>0</total>
				<timestamp>1644.193448</timestamp>
			</report>
			<report>
				<misses>41200000</misses>
				<total>0</total>
				<timestamp>1648.193966</timestamp>
			</report>
			<report>
				<misses>41300000</misses>
				<total>0</total>
				<timestamp>1652.194089</timestamp>
			</report>
			<report>
				<misses>41400000</misses>
				<total>0</total>
				<timestamp>1656.194334</timestamp>
			</report>
			<report>
				<misses>41500000</misses>
				<total>0</total>
				<timestamp>1660.195043</timestamp>
			</report>
			<report>
				<misses>41600000</misses>
				<total>0</total>
				<timestamp>1664.195649</timestamp>
			</report>
			<report>
				<misses>41700000</misses>
				<total>0</total>
				<timestamp>1668.195998</timestamp>
			</report>
			<report>
				<misses>41800000</misses>
				<total>0</total>
				<timestamp>1672.196021</timestamp>
			</report>
			<report>
				<misses>41900000</misses>
				<total>0</total>
				<timestamp>1676.196662</timestamp>
			</report>
			<report>
				<misses>42000000</misses>
				<total>0</total>
				<timestamp>1680.197457</timestamp>
			</report>
			<report>
				<misses>42100000</misses>
				<total>0</total>
				<timestamp>1684.198685</timestamp>
			</report>
			<report>
				<misses>42200000</misses>
				<total>0</total>
				<timestamp>1688.199877</timestamp>
			</report>
			<report>
				<misses>42300000</misses>
				<total>0</total>
				<timestamp>1692.200852</timestamp>
			</report>
			<report>
				<misses>42400000</misses>
				<total>0</total>
				<timestamp>1696.201335</timestamp>
			</report>
			<report>
				<misses>42500000</misses>
				<total>0</total>
				<timestamp>1700.201452</timestamp>
			</report>
			<report>
				<misses>42600000</misses>
				<total>0</total>
				<timestamp>1704.201600</timestamp>
			</report>
			<report>
				<misses>42700000</misses>
				<total>0</total>
				<timestamp>1708.201678</timestamp>
			</report>
			<report>
				<misses>42800000</misses>
				<total>0</total>
				<timestamp>1712.202006</timestamp>
			</report>
			<report>
				<misses>42900000</misses>
				<total>0</total>
				<timestamp>1716.202064</timestamp>
			</report>
			<report>
				<misses>43000000</misses>
				<total>0</total>
				<timestamp>1720.202047</timestamp>
			</report>
			<report>
				<misses>43100000</misses>
				<total>0</total>
				<timestamp>1724.202042</timestamp>
			</report>
			<report>
				<misses>43200000</misses>
				<total>0</total>
				<timestamp>1728.202076</timestamp>
			</report>
			<report>
				<misses>43300000</misses>
				<total>0</total>
				<timestamp>1732.202197</timestamp>
			</report>
			<report>
				<misses>43400000</misses>
				<total>0</total>
				<timestamp>1736.202327</timestamp>
			</report>
			<report>
				<misses>43500000</misses>
				<total>0</total>
				<timestamp>1740.204235</timestamp>
			</report>
			<report>
				<misses>43600000</misses>
				<total>0</total>
				<timestamp>1744.204664</timestamp>
			</report>
			<report>
				<misses>43700000</misses>
				<total>0</total>
				<timestamp>1748.204824</timestamp>
			</report>
			<report>
				<misses>43800000</misses>
				<total>0</total>
				<timestamp>1752.204797</timestamp>
			</report>
			<report>
				<misses>43900000</misses>
				<total>0</total>
				<timestamp>1756.205311</timestamp>
			</report>
			<report>
				<misses>44000000</misses>
				<total>0</total>
				<timestamp>1760.206428</timestamp>
			</report>
			<report>
				<misses>44100000</misses>
				<total>0</total>
				<timestamp>1764.206478</timestamp>
			</report>
			<report>
				<misses>44200000</misses>
				<total>0</total>
				<timestamp>1768.206550</timestamp>
			</report>
			<report>
				<misses>44300000</misses>
				<total>0</total>
				<timestamp>1772.206538</timestamp>
			</report>
			<report>
				<misses>44400000</misses>
				<total>0</total>
				<timestamp>1776.206552</timestamp>
			</report>
			<report>
				<misses>44500000</misses>
				<total>0</total>
				<timestamp>1780.206576</timestamp>
			</report>
			<report>
				<misses>44600000</misses>
				<total>0</total>
				<timestamp>1784.206563</timestamp>
			</report>
			<report>
				<misses>44700000</misses>
				<total>0</total>
				<timestamp>1788.206683</timestamp>
			</report>
			<report>
				<misses>44800000</misses>
				<total>0</total>
				<timestamp>1792.207032</timestamp>
			</report>
			<report>
				<misses>44900000</misses>
				<total>0</total>
				<timestamp>1796.207239</timestamp>
			</report>
			<report>
				<misses>45000000</misses>
				<total>0</total>
				<timestamp>1800.207432</timestamp>
			</report>
			<report>
				<misses>45100000</misses>
				<total>0</total>
				<timestamp>1804.207730</timestamp>
			</report>
			<report>
				<misses>45200000</misses>
				<total>0</total>
				<timestamp>1808.208420</timestamp>
			</report>
			<report>
				<misses>45300000</misses>
				<total>0</total>
				<timestamp>1812.208654</timestamp>
			</report>
			<report>
				<misses>45400000</misses>
				<total>0</total>
				<timestamp>1816.209534</timestamp>
			</report>
			<report>
				<misses>45500000</misses>
				<total>0</total>
				<timestamp>1820.209975</timestamp>
			</report>
			<report>
				<misses>45600000</misses>
				<total>0</total>
				<timestamp>1824.209982</timestamp>
			</report>
			<report>
				<misses>45700000</misses>
				<total>0</total>
				<timestamp>1828.209991</timestamp>
			</report>
			<report>
				<misses>45800000</misses>
				<total>0</total>
				<timestamp>1832.210314</timestamp>
			</report>
			<report>
				<misses>45900000</misses>
				<total>0</total>
				<timestamp>1836.210444</timestamp>
			</report>
			<report>
				<misses>46000000</misses>
				<total>0</total>
				<timestamp>1840.210872</timestamp>
			</report>
			<report>
				<misses>46100000</misses>
				<total>0</total>
				<timestamp>1844.211892</timestamp>
			</report>
			<report>
				<misses>46200000</misses>
				<total>0</total>
				<timestamp>1848.212211</timestamp>
			</report>
			<report>
				<misses>46300000</misses>
				<total>0</total>
				<timestamp>1852.213440</timestamp>
			</report>
			<report>
				<misses>46400000</misses>
				<total>0</total>
				<timestamp>1856.213445</timestamp>
			</report>
			<report>
				<misses>46500000</misses>
				<total>0</total>
				<timestamp>1860.213600</timestamp>
			</report>
			<report>
				<misses>46600000</misses>
				<total>0</total>
				<timestamp>1864.214493</timestamp>
			</report>
			<report>
				<misses>46700000</misses>
				<total>0</total>
				<timestamp>1868.214503</timestamp>
			</report>
			<report>
				<misses>46800000</misses>
				<total>0</total>
				<timestamp>1872.214564</timestamp>
			</report>
			<report>
				<misses>46900000</misses>
				<total>0</total>
				<timestamp>1876.214798</timestamp>
			</report>
			<report>
				<misses>47000000</misses>
				<total>0</total>
				<timestamp>1880.214947</timestamp>
			</report>
			<report>
				<misses>47100000</misses>
				<total>0</total>
				<timestamp>1884.215595</timestamp>
			</report>
			<report>
				<misses>47200000</misses>
				<total>0</total>
				<timestamp>1888.216204</timestamp>
			</report>
			<report>
				<misses>47300000</misses>
				<total>0</total>
				<timestamp>1892.216815</timestamp>
			</report>
			<report>
				<misses>47400000</misses>
				<total>0</total>
				<timestamp>1896.218039</timestamp>
			</report>
			<report>
				<misses>47500000</misses>
				<total>0</total>
				<timestamp>1900.218082</timestamp>
			</report>
			<report>
				<misses>47600000</misses>
				<total>0</total>
				<timestamp>1904.218520</timestamp>
			</report>
			<report>
				<misses>47700000</misses>
				<total>0</total>
				<timestamp>1908.220228</timestamp>
			</report>
			<report>
				<misses>47800000</misses>
				<total>0</total>
				<timestamp>1912.221815</timestamp>
			</report>
			<report>
				<misses>47900000</misses>
				<total>0</total>
				<timestamp>1916.222564</timestamp>
			</report>
			<report>
				<misses>48000000</misses>
				<total>0</total>
				<timestamp>1920.223662</timestamp>
			</report>
			<report>
				<misses>48100000</misses>
				<total>0</total>
				<timestamp>1924.224453</timestamp>
			</report>
			<report>
				<misses>48200000</misses>
				<total>0</total>
				<timestamp>1928.224574</timestamp>
			</report>
			<report>
				<misses>48300000</misses>
				<total>0</total>
				<timestamp>1932.225226</timestamp>
			</report>
			<report>
				<misses>48400000</misses>
				<total>0</total>
				<timestamp>1936.225795</timestamp>
			</report>
			<report>
				<misses>48500000</misses>
				<total>0</total>
				<timestamp>1940.226452</timestamp>
			</report>
			<report>
				<misses>48600000</misses>
				<total>0</total>
				<timestamp>1944.226764</timestamp>
			</report>
			<report>
				<misses>48700000</misses>
				<total>0</total>
				<timestamp>1948.227001</timestamp>
			</report>
			<report>
				<misses>48800000</misses>
				<total>0</total>
				<timestamp>1952.227320</timestamp>
			</report>
			<report>
				<misses>48900000</misses>
				<total>0</total>
				<timestamp>1956.228046</timestamp>
			</report>
			<report>
				<misses>49000000</misses>
				<total>0</total>
				<timestamp>1960.229630</timestamp>
			</report>
			<report>
				<misses>49100000</misses>
				<total>0</total>
				<timestamp>1964.230178</timestamp>
			</report>
			<report>
				<misses>49200000</misses>
				<total>0</total>
				<timestamp>1968.230840</timestamp>
			</report>
			<report>
				<misses>49300000</misses>
				<total>0</total>
				<timestamp>1972.230962</timestamp>
			</report>
			<report>
				<misses>49400000</misses>
				<total>0</total>
				<timestamp>1976.231606</timestamp>
			</report>
			<report>
				<misses>49500000</misses>
				<total>0</total>
				<timestamp>1980.232311</timestamp>
			</report>
			<report>
				<misses>49600000</misses>
				<total>0</total>
				<timestamp>1984.233026</timestamp>
			</report>
			<report>
				<misses>49700000</misses>
				<total>0</total>
				<timestamp>1988.233799</timestamp>
			</report>
			<report>
				<misses>49800000</misses>
				<total>0</total>
				<timestamp>1992.234948</timestamp>
			</report>
			<report>
				<misses>49900000</misses>
				<total>0</total>
				<timestamp>1996.235334</timestamp>
			</report>
			<report>
				<misses>50000000</misses>
				<total>0</total>
				<timestamp>2000.236489</timestamp>
			</report>
			<report>
				<misses>50100000</misses>
				<total>0</total>
				<timestamp>2004.236639</timestamp>
			</report>
			<report>
				<misses>50200000</misses>
				<total>0</total>
				<timestamp>2008.237606</timestamp>
			</report>
			<report>
				<misses>50300000</misses>
				<total>0</total>
				<timestamp>2012.239422</timestamp>
			</report>
			<report>
				<misses>50400000</misses>
				<total>0</total>
				<timestamp>2016.239683</timestamp>
			</report>
			<report>
				<misses>50500000</misses>
				<total>0</total>
				<timestamp>2020.239797</timestamp>
			</report>
			<report>
				<misses>50600000</misses>
				<total>0</total>
				<timestamp>2024.239899</timestamp>
			</report>
			<report>
				<misses>50700000</misses>
				<total>0</total>
				<timestamp>2028.240035</timestamp>
			</report>
			<report>
				<misses>50800000</misses>
				<total>0</total>
				<timestamp>2032.240921</timestamp>
			</report>
			<report>
				<misses>50900000</misses>
				<total>0</total>
				<timestamp>2036.241333</timestamp>
			</report>
			<report>
				<misses>51000000</misses>
				<total>0</total>
				<timestamp>2040.241914</timestamp>
			</report>
			<report>
				<misses>51100000</misses>
				<total>0</total>
				<timestamp>2044.241997</timestamp>
			</report>
			<report>
				<misses>51200000</misses>
				<total>0</total>
				<timestamp>2048.243130</timestamp>
			</report>
			<report>
				<misses>51300000</misses>
				<total>0</total>
				<timestamp>2052.243530</timestamp>
			</report>
			<report>
				<misses>51400000</misses>
				<total>0</total>
				<timestamp>2056.244638</timestamp>
			</report>
			<report>
				<misses>51500000</misses>
				<total>0</total>
				<timestamp>2060.245313</timestamp>
			</report>
			<report>
				<misses>51600000</misses>
				<total>0</total>
				<timestamp>2064.245808</timestamp>
			</report>
			<report>
				<misses>51700000</misses>
				<total>0</total>
				<timestamp>2068.246441</timestamp>
			</report>
			<report>
				<misses>51800000</misses>
				<total>0</total>
				<timestamp>2072.246449</timestamp>
			</report>
			<report>
				<misses>51900000</misses>
				<total>0</total>
				<timestamp>2076.246546</timestamp>
			</report>
			<report>
				<misses>52000000</misses>
				<total>0</total>
				<timestamp>2080.249444</timestamp>
			</report>
			<report>
				<misses>52100000</misses>
				<total>0</total>
				<timestamp>2084.249565</timestamp>
			</report>
			<report>
				<misses>52200000</misses>
				<total>0</total>
				<timestamp>2088.249890</timestamp>
			</report>
			<report>
				<misses>52300000</misses>
				<total>0</total>
				<timestamp>2092.250438</timestamp>
			</report>
			<report>
				<misses>52400000</misses>
				<total>0</total>
				<timestamp>2096.251338</timestamp>
			</report>
			<report>
				<misses>52500000</misses>
				<total>0</total>
				<timestamp>2100.252838</timestamp>
			</report>
			<report>
				<misses>52600000</misses>
				<total>0</total>
				<timestamp>2104.253307</timestamp>
			</report>
			<report>
				<misses>52700000</misses>
				<total>0</total>
				<timestamp>2108.254696</timestamp>
			</report>
			<report>
				<misses>52800000</misses>
				<total>0</total>
				<timestamp>2112.254844</timestamp>
			</report>
			<report>
				<misses>52900000</misses>
				<total>0</total>
				<timestamp>2116.255481</timestamp>
			</report>
			<report>
				<misses>53000000</misses>
				<total>0</total>
				<timestamp>2120.255933</timestamp>
			</report>
			<report>
				<misses>53100000</misses>
				<total>0</total>
				<timestamp>2124.256211</timestamp>
			</report>
			<report>
				<misses>53200000</misses>
				<total>0</total>
				<timestamp>2128.256449</timestamp>
			</report>
			<report>
				<misses>53300000</misses>
				<total>0</total>
				<timestamp>2132.256628</timestamp>
			</report>
			<report>
				<misses>53400000</misses>
				<total>0</total>
				<timestamp>2136.257568</timestamp>
			</report>
			<report>
				<misses>53500000</misses>
				<total>0</total>
				<timestamp>2140.258215</timestamp>
			</report>
			<report>
				<misses>53600000</misses>
				<total>0</total>
				<timestamp>2144.259435</timestamp>
			</report>
			<report>
				<misses>53700000</misses>
				<total>0</total>
				<timestamp>2148.260116</timestamp>
			</report>
			<report>
				<misses>53800000</misses>
				<total>0</total>
				<timestamp>2152.261198</timestamp>
			</report>
			<report>
				<misses>53900000</misses>
				<total>0</total>
				<timestamp>2156.262029</timestamp>
			</report>
			<report>
				<misses>54000000</misses>
				<total>0</total>
				<timestamp>2160.262481</timestamp>
			</report>
			<report>
				<misses>54100000</misses>
				<total>0</total>
				<timestamp>2164.262888</timestamp>
			</report>
			<report>
				<misses>54200000</misses>
				<total>0</total>
				<timestamp>2168.263621</timestamp>
			</report>
			<report>
				<misses>54300000</misses>
				<total>0</total>
				<timestamp>2172.264342</timestamp>
			</report>
			<report>
				<misses>54400000</misses>
				<total>0</total>
				<timestamp>2176.265489</timestamp>
			</report>
			<report>
				<misses>54500000</misses>
				<total>0</total>
				<timestamp>2180.266214</timestamp>
			</report>
			<report>
				<misses>54600000</misses>
				<total>0</total>
				<timestamp>2184.267616</timestamp>
			</report>
			<report>
				<misses>54700000</misses>
				<total>0</total>
				<timestamp>2188.268709</timestamp>
			</report>
			<report>
				<misses>54800000</misses>
				<total>0</total>
				<timestamp>2192.269354</timestamp>
			</report>
			<report>
				<misses>54900000</misses>
				<total>0</total>
				<timestamp>2196.270732</timestamp>
			</report>
			<report>
				<misses>55000000</misses>
				<total>0</total>
				<timestamp>2200.270900</timestamp>
			</report>
			<report>
				<misses>55100000</misses>
				<total>0</total>
				<timestamp>2204.271218</timestamp>
			</report>
			<report>
				<misses>55200000</misses>
				<total>0</total>
				<timestamp>2208.271561</timestamp>
			</report>
			<report>
				<misses>55300000</misses>
				<total>0</total>
				<timestamp>2212.271932</timestamp>
			</report>
			<report>
				<misses>55400000</misses>
				<total>0</total>
				<timestamp>2216.272314</timestamp>
			</report>
			<report>
				<misses>55500000</misses>
				<total>0</total>
				<timestamp>2220.272584</timestamp>
			</report>
			<report>
				<misses>55600000</misses>
				<total>0</total>
				<timestamp>2224.273073</timestamp>
			</report>
			<report>
				<misses>55700000</misses>
				<total>0</total>
				<timestamp>2228.273811</timestamp>
			</report>
			<report>
				<misses>55800000</misses>
				<total>0</total>
				<timestamp>2232.275361</timestamp>
			</report>
			<report>
				<misses>55900000</misses>
				<total>0</total>
				<timestamp>2236.276210</timestamp>
			</report>
			<report>
				<misses>56000000</misses>
				<total>0</total>
				<timestamp>2240.276442</timestamp>
			</report>
			<report>
				<misses>56100000</misses>
				<total>1</total>
				<timestamp>2244.277234</timestamp>
			</report>
			<report>
				<misses>56200000</misses>
				<total>1</total>
				<timestamp>2248.279628</timestamp>
			</report>
			<report>
				<misses>56300000</misses>
				<total>1</total>
				<timestamp>2252.280338</timestamp>
			</report>
			<report>
				<misses>56400000</misses>
				<total>1</total>
				<timestamp>2256.281448</timestamp>
			</report>
			<report>
				<misses>56500000</misses>
				<total>1</total>
				<timestamp>2260.281821</timestamp>
			</report>
			<report>
				<misses>56600000</misses>
				<total>1</total>
				<timestamp>2264.281800</timestamp>
			</report>
			<report>
				<misses>56700000</misses>
				<total>1</total>
				<timestamp>2268.281840</timestamp>
			</report>
			<report>
				<misses>56800000</misses>
				<total>1</total>
				<timestamp>2272.282538</timestamp>
			</report>
			<report>
				<misses>56900000</misses>
				<total>1</total>
				<timestamp>2276.283327</timestamp>
			</report>
			<report>
				<misses>57000000</misses>
				<total>1</total>
				<timestamp>2280.283891</timestamp>
			</report>
			<report>
				<misses>57100000</misses>
				<total>1</total>
				<timestamp>2284.284589</timestamp>
			</report>
			<report>
				<misses>57200000</misses>
				<total>1</total>
				<timestamp>2288.285206</timestamp>
			</report>
			<report>
				<misses>57300000</misses>
				<total>1</total>
				<timestamp>2292.286417</timestamp>
			</report>
			<report>
				<misses>57400000</misses>
				<total>1</total>
				<timestamp>2296.287487</timestamp>
			</report>
			<report>
				<misses>57500000</misses>
				<total>1</total>
				<timestamp>2300.287689</timestamp>
			</report>
			<report>
				<misses>57600000</misses>
				<total>1</total>
				<timestamp>2304.288219</timestamp>
			</report>
			<report>
				<misses>57700000</misses>
				<total>1</total>
				<timestamp>2308.288422</timestamp>
			</report>
			<report>
				<misses>57800000</misses>
				<total>1</total>
				<timestamp>2312.288644</timestamp>
			</report>
			<report>
				<misses>57900000</misses>
				<total>1</total>
				<timestamp>2316.288887</timestamp>
			</report>
			<report>
				<misses>58000000</misses>
				<total>1</total>
				<timestamp>2320.289339</timestamp>
			</report>
			<report>
				<misses>58100000</misses>
				<total>1</total>
				<timestamp>2324.289459</timestamp>
			</report>
			<report>
				<misses>58200000</misses>
				<total>1</total>
				<timestamp>2328.291594</timestamp>
			</report>
			<report>
				<misses>58300000</misses>
				<total>1</total>
				<timestamp>2332.292554</timestamp>
			</report>
			<report>
				<misses>58400000</misses>
				<total>1</total>
				<timestamp>2336.293233</timestamp>
			</report>
			<report>
				<misses>58500000</misses>
				<total>1</total>
				<timestamp>2340.293237</timestamp>
			</report>
			<report>
				<misses>58600000</misses>
				<total>1</total>
				<timestamp>2344.293335</timestamp>
			</report>
			<report>
				<misses>58700000</misses>
				<total>1</total>
				<timestamp>2348.293429</timestamp>
			</report>
			<report>
				<misses>58800000</misses>
				<total>1</total>
				<timestamp>2352.293811</timestamp>
			</report>
			<report>
				<misses>58900000</misses>
				<total>1</total>
				<timestamp>2356.294957</timestamp>
			</report>
			<report>
				<misses>59000000</misses>
				<total>1</total>
				<timestamp>2360.295336</timestamp>
			</report>
			<report>
				<misses>59100000</misses>
				<total>1</total>
				<timestamp>2364.295608</timestamp>
			</report>
			<report>
				<misses>59200000</misses>
				<total>1</total>
				<timestamp>2368.295593</timestamp>
			</report>
			<report>
				<misses>59300000</misses>
				<total>1</total>
				<timestamp>2372.297443</timestamp>
			</report>
			<report>
				<misses>59400000</misses>
				<total>1</total>
				<timestamp>2376.297710</timestamp>
			</report>
			<report>
				<misses>59500000</misses>
				<total>1</total>
				<timestamp>2380.297754</timestamp>
			</report>
			<report>
				<misses>59600000</misses>
				<total>1</total>
				<timestamp>2384.297833</timestamp>
			</report>
			<report>
				<misses>59700000</misses>
				<total>1</total>
				<timestamp>2388.298688</timestamp>
			</report>
			<report>
				<misses>59800000</misses>
				<total>1</total>
				<timestamp>2392.299086</timestamp>
			</report>
			<report>
				<misses>59900000</misses>
				<total>1</total>
				<timestamp>2396.299433</timestamp>
			</report>
			<report>
				<misses>60000000</misses>
				<total>1</total>
				<timestamp>2400.300324</timestamp>
			</report>
			<report>
				<misses>60100000</misses>
				<total>1</total>
				<timestamp>2404.300336</timestamp>
			</report>
			<report>
				<misses>60200000</misses>
				<total>1</total>
				<timestamp>2408.300335</timestamp>
			</report>
			<report>
				<misses>60300000</misses>
				<total>1</total>
				<timestamp>2412.300436</timestamp>
			</report>
			<report>
				<misses>60400000</misses>
				<total>1</total>
				<timestamp>2416.301018</timestamp>
			</report>
			<report>
				<misses>60500000</misses>
				<total>1</total>
				<timestamp>2420.301792</timestamp>
			</report>
			<report>
				<misses>60600000</misses>
				<total>1</total>
				<timestamp>2424.301753</timestamp>
			</report>
			<report>
				<misses>60700000</misses>
				<total>1</total>
				<timestamp>2428.301809</timestamp>
			</report>
			<report>
				<misses>60800000</misses>
				<total>1</total>
				<timestamp>2432.302315</timestamp>
			</report>
			<report>
				<misses>60900000</misses>
				<total>1</total>
				<timestamp>2436.302467</timestamp>
			</report>
			<report>
				<misses>61000000</misses>
				<total>1</total>
				<timestamp>2440.302441</timestamp>
			</report>
			<report>
				<misses>61100000</misses>
				<total>1</total>
				<timestamp>2444.302432</timestamp>
			</report>
			<report>
				<misses>61200000</misses>
				<total>1</total>
				<timestamp>2448.302511</timestamp>
			</report>
			<report>
				<misses>61300000</misses>
				<total>1</total>
				<timestamp>2452.303590</timestamp>
			</report>
			<report>
				<misses>61400000</misses>
				<total>1</total>
				<timestamp>2456.304340</timestamp>
			</report>
			<report>
				<misses>61500000</misses>
				<total>1</total>
				<timestamp>2460.304438</timestamp>
			</report>
			<report>
				<misses>61600000</misses>
				<total>1</total>
				<timestamp>2464.304888</timestamp>
			</report>
			<report>
				<misses>61700000</misses>
				<total>1</total>
				<timestamp>2468.305435</timestamp>
			</report>
			<report>
				<misses>61800000</misses>
				<total>1</total>
				<timestamp>2472.305444</timestamp>
			</report>
			<report>
				<misses>61900000</misses>
				<total>1</total>
				<timestamp>2476.305961</timestamp>
			</report>
			<report>
				<misses>62000000</misses>
				<total>1</total>
				<timestamp>2480.306456</timestamp>
			</report>
			<report>
				<misses>62100000</misses>
				<total>1</total>
				<timestamp>2484.307068</timestamp>
			</report>
			<report>
				<misses>62200000</misses>
				<total>1</total>
				<timestamp>2488.307335</timestamp>
			</report>
			<report>
				<misses>62300000</misses>
				<total>1</total>
				<timestamp>2492.307557</timestamp>
			</report>
			<report>
				<misses>62400000</misses>
				<total>1</total>
				<timestamp>2496.308221</timestamp>
			</report>
			<report>
				<misses>62500000</misses>
				<total>1</total>
				<timestamp>2500.308747</timestamp>
			</report>
			<report>
				<misses>62600000</misses>
				<total>1</total>
				<timestamp>2504.308726</timestamp>
			</report>
			<report>
				<misses>62700000</misses>
				<total>1</total>
				<timestamp>2508.309483</timestamp>
			</report>
			<report>
				<misses>62800000</misses>
				<total>1</total>
				<timestamp>2512.310343</timestamp>
			</report>
			<report>
				<misses>62900000</misses>
				<total>1</total>
				<timestamp>2516.310717</timestamp>
			</report>
			<report>
				<misses>63000000</misses>
				<total>1</total>
				<timestamp>2520.310943</timestamp>
			</report>
			<report>
				<misses>63100000</misses>
				<total>1</total>
				<timestamp>2524.310924</timestamp>
			</report>
			<report>
				<misses>63200000</misses>
				<total>1</total>
				<timestamp>2528.311425</timestamp>
			</report>
			<report>
				<misses>63300000</misses>
				<total>1</total>
				<timestamp>2532.312198</timestamp>
			</report>
			<report>
				<misses>63400000</misses>
				<total>1</total>
				<timestamp>2536.312515</timestamp>
			</report>
			<report>
				<misses>63500000</misses>
				<total>1</total>
				<timestamp>2540.313319</timestamp>
			</report>
			<report>
				<misses>63600000</misses>
				<total>1</total>
				<timestamp>2544.313749</timestamp>
			</report>
			<report>
				<misses>63700000</misses>
				<total>1</total>
				<timestamp>2548.313774</timestamp>
			</report>
			<report>
				<misses>63800000</misses>
				<total>1</total>
				<timestamp>2552.314010</timestamp>
			</report>
			<report>
				<misses>63900000</misses>
				<total>1</total>
				<timestamp>2556.314643</timestamp>
			</report>
			<report>
				<misses>64000000</misses>
				<total>1</total>
				<timestamp>2560.314786</timestamp>
			</report>
			<report>
				<misses>64100000</misses>
				<total>1</total>
				<timestamp>2564.314746</timestamp>
			</report>
			<report>
				<misses>64200000</misses>
				<total>1</total>
				<timestamp>2568.314713</timestamp>
			</report>
			<report>
				<misses>64300000</misses>
				<total>1</total>
				<timestamp>2572.314726</timestamp>
			</report>
			<report>
				<misses>64400000</misses>
				<total>1</total>
				<timestamp>2576.314741</timestamp>
			</report>
			<report>
				<misses>64500000</misses>
				<total>1</total>
				<timestamp>2580.314888</timestamp>
			</report>
			<report>
				<misses>64600000</misses>
				<total>1</total>
				<timestamp>2584.314867</timestamp>
			</report>
			<report>
				<misses>64700000</misses>
				<total>1</total>
				<timestamp>2588.314848</timestamp>
			</report>
			<report>
				<misses>64800000</misses>
				<total>1</total>
				<timestamp>2592.314850</timestamp>
			</report>
			<report>
				<misses>64900000</misses>
				<total>1</total>
				<timestamp>2596.314903</timestamp>
			</report>
			<report>
				<misses>65000000</misses>
				<total>1</total>
				<timestamp>2600.314910</timestamp>
			</report>
			<report>
				<misses>65100000</misses>
				<total>1</total>
				<timestamp>2604.314894</timestamp>
			</report>
			<report>
				<misses>65200000</misses>
				<total>1</total>
				<timestamp>2608.315079</timestamp>
			</report>
			<report>
				<misses>65300000</misses>
				<total>1</total>
				<timestamp>2612.315079</timestamp>
			</report>
			<report>
				<misses>65400000</misses>
				<total>1</total>
				<timestamp>2616.315068</timestamp>
			</report>
			<report>
				<misses>65500000</misses>
				<total>1</total>
				<timestamp>2620.315029</timestamp>
			</report>
			<report>
				<misses>65600000</misses>
				<total>1</total>
				<timestamp>2624.315065</timestamp>
			</report>
			<report>
				<misses>65700000</misses>
				<total>1</total>
				<timestamp>2628.315086</timestamp>
			</report>
			<report>
				<misses>65800000</misses>
				<total>1</total>
				<timestamp>2632.315063</timestamp>
			</report>
			<report>
				<misses>65900000</misses>
				<total>1</total>
				<timestamp>2636.315083</timestamp>
			</report>
			<report>
				<misses>66000000</misses>
				<total>1</total>
				<timestamp>2640.315079</timestamp>
			</report>
			<report>
				<misses>66100000</misses>
				<total>1</total>
				<timestamp>2644.316289</timestamp>
			</report>
			<report>
				<misses>66200000</misses>
				<total>1</total>
				<timestamp>2648.316466</timestamp>
			</report>
			<report>
				<misses>66300000</misses>
				<total>1</total>
				<timestamp>2652.316432</timestamp>
			</report>
			<report>
				<misses>66400000</misses>
				<total>1</total>
				<timestamp>2656.316458</timestamp>
			</report>
			<report>
				<misses>66500000</misses>
				<total>1</total>
				<timestamp>2660.316445</timestamp>
			</report>
			<report>
				<misses>66600000</misses>
				<total>1</total>
				<timestamp>2664.316433</timestamp>
			</report>
			<report>
				<misses>66700000</misses>
				<total>1</total>
				<timestamp>2668.316438</timestamp>
			</report>
			<report>
				<misses>66800000</misses>
				<total>1</total>
				<timestamp>2672.316626</timestamp>
			</report>
			<report>
				<misses>66900000</misses>
				<total>1</total>
				<timestamp>2676.316595</timestamp>
			</report>
			<report>
				<misses>67000000</misses>
				<total>1</total>
				<timestamp>2680.316714</timestamp>
			</report>
			<report>
				<misses>67100000</misses>
				<total>1</total>
				<timestamp>2684.316718</timestamp>
			</report>
			<report>
				<misses>67200000</misses>
				<total>1</total>
				<timestamp>2688.316901</timestamp>
			</report>
			<report>
				<misses>67300000</misses>
				<total>1</total>
				<timestamp>2692.317227</timestamp>
			</report>
			<report>
				<misses>67400000</misses>
				<total>1</total>
				<timestamp>2696.318453</timestamp>
			</report>
			<report>
				<misses>67500000</misses>
				<total>1</total>
				<timestamp>2700.318518</timestamp>
			</report>
			<report>
				<misses>67600000</misses>
				<total>1</total>
				<timestamp>2704.318809</timestamp>
			</report>
			<report>
				<misses>67700000</misses>
				<total>1</total>
				<timestamp>2708.319515</timestamp>
			</report>
			<report>
				<misses>67800000</misses>
				<total>1</total>
				<timestamp>2712.319683</timestamp>
			</report>
			<report>
				<misses>67900000</misses>
				<total>1</total>
				<timestamp>2716.319681</timestamp>
			</report>
			<report>
				<misses>68000000</misses>
				<total>1</total>
				<timestamp>2720.319741</timestamp>
			</report>
			<report>
				<misses>68100000</misses>
				<total>1</total>
				<timestamp>2724.319715</timestamp>
			</report>
			<report>
				<misses>68200000</misses>
				<total>1</total>
				<timestamp>2728.320999</timestamp>
			</report>
			<report>
				<misses>68300000</misses>
				<total>2</total>
				<timestamp>2732.322233</timestamp>
			</report>
			<report>
				<misses>68400000</misses>
				<total>2</total>
				<timestamp>2736.323439</timestamp>
			</report>
			<report>
				<misses>68500000</misses>
				<total>2</total>
				<timestamp>2740.324728</timestamp>
			</report>
			<report>
				<misses>68600000</misses>
				<total>2</total>
				<timestamp>2744.325443</timestamp>
			</report>
			<report>
				<misses>68700000</misses>
				<total>2</total>
				<timestamp>2748.325985</timestamp>
			</report>
			<report>
				<misses>68800000</misses>
				<total>2</total>
				<timestamp>2752.326764</timestamp>
			</report>
			<report>
				<misses>68900000</misses>
				<total>2</total>
				<timestamp>2756.327644</timestamp>
			</report>
			<report>
				<misses>69000000</misses>
				<total>2</total>
				<timestamp>2760.328311</timestamp>
			</report>
			<report>
				<misses>69100000</misses>
				<total>2</total>
				<timestamp>2764.328841</timestamp>
			</report>
			<report>
				<misses>69200000</misses>
				<total>2</total>
				<timestamp>2768.329433</timestamp>
			</report>
			<report>
				<misses>69300000</misses>
				<total>2</total>
				<timestamp>2772.329689</timestamp>
			</report>
			<report>
				<misses>69400000</misses>
				<total>2</total>
				<timestamp>2776.330028</timestamp>
			</report>
			<report>
				<misses>69500000</misses>
				<total>2</total>
				<timestamp>2780.330458</timestamp>
			</report>
			<report>
				<misses>69600000</misses>
				<total>2</total>
				<timestamp>2784.330966</timestamp>
			</report>
			<report>
				<misses>69700000</misses>
				<total>2</total>
				<timestamp>2788.331040</timestamp>
			</report>
			<report>
				<misses>69800000</misses>
				<total>2</total>
				<timestamp>2792.331200</timestamp>
			</report>
			<report>
				<misses>69900000</misses>
				<total>2</total>
				<timestamp>2796.332978</timestamp>
			</report>
			<report>
				<misses>70000000</misses>
				<total>2</total>
				<timestamp>2800.333352</timestamp>
			</report>
			<report>
				<misses>70100000</misses>
				<total>2</total>
				<timestamp>2804.333714</timestamp>
			</report>
			<report>
				<misses>70200000</misses>
				<total>2</total>
				<timestamp>2808.334831</timestamp>
			</report>
			<report>
				<misses>70300000</misses>
				<total>2</total>
				<timestamp>2812.335643</timestamp>
			</report>
			<report>
				<misses>70400000</misses>
				<total>2</total>
				<timestamp>2816.336234</timestamp>
			</report>
			<report>
				<misses>70500000</misses>
				<total>2</total>
				<timestamp>2820.336310</timestamp>
			</report>
			<report>
				<misses>70600000</misses>
				<total>2</total>
				<timestamp>2824.336594</timestamp>
			</report>
			<report>
				<misses>70700000</misses>
				<total>2</total>
				<timestamp>2828.337316</timestamp>
			</report>
			<report>
				<misses>70800000</misses>
				<total>2</total>
				<timestamp>2832.338011</timestamp>
			</report>
			<report>
				<misses>70900000</misses>
				<total>2</total>
				<timestamp>2836.338409</timestamp>
			</report>
			<report>
				<misses>71000000</misses>
				<total>2</total>
				<timestamp>2840.338606</timestamp>
			</report>
			<report>
				<misses>71100000</misses>
				<total>2</total>
				<timestamp>2844.338962</timestamp>
			</report>
			<report>
				<misses>71200000</misses>
				<total>2</total>
				<timestamp>2848.339434</timestamp>
			</report>
			<report>
				<misses>71300000</misses>
				<total>2</total>
				<timestamp>2852.340040</timestamp>
			</report>
			<report>
				<misses>71400000</misses>
				<total>2</total>
				<timestamp>2856.340838</timestamp>
			</report>
			<report>
				<misses>71500000</misses>
				<total>2</total>
				<timestamp>2860.341419</timestamp>
			</report>
			<report>
				<misses>71600000</misses>
				<total>2</total>
				<timestamp>2864.342216</timestamp>
			</report>
			<report>
				<misses>71700000</misses>
				<total>2</total>
				<timestamp>2868.342837</timestamp>
			</report>
			<report>
				<misses>71800000</misses>
				<total>2</total>
				<timestamp>2872.344442</timestamp>
			</report>
			<report>
				<misses>71900000</misses>
				<total>2</total>
				<timestamp>2876.345726</timestamp>
			</report>
			<report>
				<misses>72000000</misses>
				<total>2</total>
				<timestamp>2880.346005</timestamp>
			</report>
			<report>
				<misses>72100000</misses>
				<total>2</total>
				<timestamp>2884.346940</timestamp>
			</report>
			<report>
				<misses>72200000</misses>
				<total>2</total>
				<timestamp>2888.347002</timestamp>
			</report>
			<report>
				<misses>72300000</misses>
				<total>2</total>
				<timestamp>2892.347640</timestamp>
			</report>
			<report>
				<misses>72400000</misses>
				<total>2</total>
				<timestamp>2896.348927</timestamp>
			</report>
			<report>
				<misses>72500000</misses>
				<total>2</total>
				<timestamp>2900.349064</timestamp>
			</report>
			<report>
				<misses>72600000</misses>
				<total>2</total>
				<timestamp>2904.349309</timestamp>
			</report>
			<report>
				<misses>72700000</misses>
				<total>2</total>
				<timestamp>2908.350397</timestamp>
			</report>
			<report>
				<misses>72800000</misses>
				<total>3</total>
				<timestamp>2912.350859</timestamp>
			</report>
			<report>
				<misses>72900000</misses>
				<total>4</total>
				<timestamp>2916.351342</timestamp>
			</report>
			<report>
				<misses>73000000</misses>
				<total>4</total>
				<timestamp>2920.352232</timestamp>
			</report>
			<report>
				<misses>73100000</misses>
				<total>4</total>
				<timestamp>2924.353006</timestamp>
			</report>
			<report>
				<misses>73200000</misses>
				<total>4</total>
				<timestamp>2928.353426</timestamp>
			</report>
			<report>
				<misses>73300000</misses>
				<total>4</total>
				<timestamp>2932.353796</timestamp>
			</report>
			<report>
				<misses>73400000</misses>
				<total>4</total>
				<timestamp>2936.353800</timestamp>
			</report>
			<report>
				<misses>73500000</misses>
				<total>4</total>
				<timestamp>2940.353922</timestamp>
			</report>
			<report>
				<misses>73600000</misses>
				<total>4</total>
				<timestamp>2944.354356</timestamp>
			</report>
			<report>
				<misses>73700000</misses>
				<total>4</total>
				<timestamp>2948.354840</timestamp>
			</report>
			<report>
				<misses>73800000</misses>
				<total>4</total>
				<timestamp>2952.355479</timestamp>
			</report>
			<report>
				<misses>73900000</misses>
				<total>4</total>
				<timestamp>2956.356090</timestamp>
			</report>
			<report>
				<misses>74000000</misses>
				<total>4</total>
				<timestamp>2960.356815</timestamp>
			</report>
			<report>
				<misses>74100000</misses>
				<total>4</total>
				<timestamp>2964.357441</timestamp>
			</report>
			<report>
				<misses>74200000</misses>
				<total>4</total>
				<timestamp>2968.357606</timestamp>
			</report>
			<report>
				<misses>74300000</misses>
				<total>4</total>
				<timestamp>2972.357624</timestamp>
			</report>
			<report>
				<misses>74400000</misses>
				<total>4</total>
				<timestamp>2976.357646</timestamp>
			</report>
			<report>
				<misses>74500000</misses>
				<total>4</total>
				<timestamp>2980.358040</timestamp>
			</report>
			<report>
				<misses>74600000</misses>
				<total>4</total>
				<timestamp>2984.358059</timestamp>
			</report>
			<report>
				<misses>74700000</misses>
				<total>4</total>
				<timestamp>2988.358217</timestamp>
			</report>
			<report>
				<misses>74800000</misses>
				<total>4</total>
				<timestamp>2992.358317</timestamp>
			</report>
			<report>
				<misses>74900000</misses>
				<total>4</total>
				<timestamp>2996.358538</timestamp>
			</report>
			<report>
				<misses>75000000</misses>
				<total>4</total>
				<timestamp>3000.358536</timestamp>
			</report>
			<report>
				<misses>75100000</misses>
				<total>4</total>
				<timestamp>3004.358605</timestamp>
			</report>
			<report>
				<misses>75200000</misses>
				<total>4</total>
				<timestamp>3008.358612</timestamp>
			</report>
			<report>
				<misses>75300000</misses>
				<total>4</total>
				<timestamp>3012.358733</timestamp>
			</report>
			<report>
				<misses>75400000</misses>
				<total>4</total>
				<timestamp>3016.358731</timestamp>
			</report>
			<report>
				<misses>75500000</misses>
				<total>4</total>
				<timestamp>3020.358728</timestamp>
			</report>
			<report>
				<misses>75600000</misses>
				<total>4</total>
				<timestamp>3024.359908</timestamp>
			</report>
			<report>
				<misses>75700000</misses>
				<total>4</total>
				<timestamp>3028.360568</timestamp>
			</report>
			<report>
				<misses>75800000</misses>
				<total>4</total>
				<timestamp>3032.360980</timestamp>
			</report>
			<report>
				<misses>75900000</misses>
				<total>4</total>
				<timestamp>3036.361443</timestamp>
			</report>
			<report>
				<misses>76000000</misses>
				<total>4</total>
				<timestamp>3040.361503</timestamp>
			</report>
			<report>
				<misses>76100000</misses>
				<total>4</total>
				<timestamp>3044.361763</timestamp>
			</report>
			<report>
				<misses>76200000</misses>
				<total>4</total>
				<timestamp>3048.362341</timestamp>
			</report>
			<report>
				<misses>76300000</misses>
				<total>4</total>
				<timestamp>3052.363086</timestamp>
			</report>
			<report>
				<misses>76400000</misses>
				<total>4</total>
				<timestamp>3056.364628</timestamp>
			</report>
			<report>
				<misses>76500000</misses>
				<total>4</total>
				<timestamp>3060.365437</timestamp>
			</report>
			<report>
				<misses>76600000</misses>
				<total>4</total>
				<timestamp>3064.365461</timestamp>
			</report>
			<report>
				<misses>76700000</misses>
				<total>4</total>
				<timestamp>3068.365452</timestamp>
			</report>
			<report>
				<misses>76800000</misses>
				<total>4</total>
				<timestamp>3072.365728</timestamp>
			</report>
			<report>
				<misses>76900000</misses>
				<total>4</total>
				<timestamp>3076.366306</timestamp>
			</report>
			<report>
				<misses>77000000</misses>
				<total>4</total>
				<timestamp>3080.366726</timestamp>
			</report>
			<report>
				<misses>77100000</misses>
				<total>4</total>
				<timestamp>3084.367226</timestamp>
			</report>
			<report>
				<misses>77200000</misses>
				<total>4</total>
				<timestamp>3088.367532</timestamp>
			</report>
			<report>
				<misses>77300000</misses>
				<total>4</total>
				<timestamp>3092.368094</timestamp>
			</report>
			<report>
				<misses>77400000</misses>
				<total>4</total>
				<timestamp>3096.368444</timestamp>
			</report>
			<report>
				<misses>77500000</misses>
				<total>4</total>
				<timestamp>3100.369086</timestamp>
			</report>
			<report>
				<misses>77600000</misses>
				<total>4</total>
				<timestamp>3104.369223</timestamp>
			</report>
			<report>
				<misses>77700000</misses>
				<total>4</total>
				<timestamp>3108.369211</timestamp>
			</report>
			<report>
				<misses>77800000</misses>
				<total>4</total>
				<timestamp>3112.369227</timestamp>
			</report>
			<report>
				<misses>77900000</misses>
				<total>4</total>
				<timestamp>3116.369894</timestamp>
			</report>
			<report>
				<misses>78000000</misses>
				<total>4</total>
				<timestamp>3120.370312</timestamp>
			</report>
			<report>
				<misses>78100000</misses>
				<total>4</total>
				<timestamp>3124.370476</timestamp>
			</report>
			<report>
				<misses>78200000</misses>
				<total>4</total>
				<timestamp>3128.370563</timestamp>
			</report>
			<report>
				<misses>78300000</misses>
				<total>4</total>
				<timestamp>3132.371098</timestamp>
			</report>
			<report>
				<misses>78400000</misses>
				<total>4</total>
				<timestamp>3136.371484</timestamp>
			</report>
			<report>
				<misses>78500000</misses>
				<total>4</total>
				<timestamp>3140.372430</timestamp>
			</report>
			<report>
				<misses>78600000</misses>
				<total>4</total>
				<timestamp>3144.372948</timestamp>
			</report>
			<report>
				<misses>78700000</misses>
				<total>4</total>
				<timestamp>3148.374917</timestamp>
			</report>
			<report>
				<misses>78800000</misses>
				<total>4</total>
				<timestamp>3152.375445</timestamp>
			</report>
			<report>
				<misses>78900000</misses>
				<total>4</total>
				<timestamp>3156.375453</timestamp>
			</report>
			<report>
				<misses>79000000</misses>
				<total>4</total>
				<timestamp>3160.376193</timestamp>
			</report>
			<report>
				<misses>79100000</misses>
				<total>4</total>
				<timestamp>3164.378081</timestamp>
			</report>
			<report>
				<misses>79200000</misses>
				<total>4</total>
				<timestamp>3168.378334</timestamp>
			</report>
			<report>
				<misses>79300000</misses>
				<total>4</total>
				<timestamp>3172.378631</timestamp>
			</report>
			<report>
				<misses>79400000</misses>
				<total>4</total>
				<timestamp>3176.379341</timestamp>
			</report>
			<report>
				<misses>79500000</misses>
				<total>4</total>
				<timestamp>3180.379561</timestamp>
			</report>
			<report>
				<misses>79600000</misses>
				<total>4</total>
				<timestamp>3184.380652</timestamp>
			</report>
			<report>
				<misses>79700000</misses>
				<total>4</total>
				<timestamp>3188.381994</timestamp>
			</report>
			<report>
				<misses>79800000</misses>
				<total>4</total>
				<timestamp>3192.382550</timestamp>
			</report>
			<report>
				<misses>79900000</misses>
				<total>4</total>
				<timestamp>3196.384217</timestamp>
			</report>
			<report>
				<misses>80000000</misses>
				<total>4</total>
				<timestamp>3200.385017</timestamp>
			</report>
			<report>
				<misses>80100000</misses>
				<total>4</total>
				<timestamp>3204.385223</timestamp>
			</report>
			<report>
				<misses>80200000</misses>
				<total>4</total>
				<timestamp>3208.385771</timestamp>
			</report>
			<report>
				<misses>80300000</misses>
				<total>4</total>
				<timestamp>3212.385891</timestamp>
			</report>
			<report>
				<misses>80400000</misses>
				<total>4</total>
				<timestamp>3216.386339</timestamp>
			</report>
			<report>
				<misses>80500000</misses>
				<total>4</total>
				<timestamp>3220.386758</timestamp>
			</report>
			<report>
				<misses>80600000</misses>
				<total>4</total>
				<timestamp>3224.387529</timestamp>
			</report>
			<report>
				<misses>80700000</misses>
				<total>4</total>
				<timestamp>3228.387887</timestamp>
			</report>
			<report>
				<misses>80800000</misses>
				<total>4</total>
				<timestamp>3232.388451</timestamp>
			</report>
			<report>
				<misses>80900000</misses>
				<total>4</total>
				<timestamp>3236.388693</timestamp>
			</report>
			<report>
				<misses>81000000</misses>
				<total>4</total>
				<timestamp>3240.389895</timestamp>
			</report>
			<report>
				<misses>81100000</misses>
				<total>4</total>
				<timestamp>3244.390526</timestamp>
			</report>
			<report>
				<misses>81200000</misses>
				<total>4</total>
				<timestamp>3248.390725</timestamp>
			</report>
			<report>
				<misses>81300000</misses>
				<total>4</total>
				<timestamp>3252.391530</timestamp>
			</report>
			<report>
				<misses>81400000</misses>
				<total>4</total>
				<timestamp>3256.391742</timestamp>
			</report>
			<report>
				<misses>81500000</misses>
				<total>4</total>
				<timestamp>3260.393092</timestamp>
			</report>
			<report>
				<misses>81600000</misses>
				<total>4</total>
				<timestamp>3264.393201</timestamp>
			</report>
			<report>
				<misses>81700000</misses>
				<total>4</total>
				<timestamp>3268.393234</timestamp>
			</report>
			<report>
				<misses>81800000</misses>
				<total>4</total>
				<timestamp>3272.393436</timestamp>
			</report>
			<report>
				<misses>81900000</misses>
				<total>4</total>
				<timestamp>3276.393437</timestamp>
			</report>
			<report>
				<misses>82000000</misses>
				<total>4</total>
				<timestamp>3280.394038</timestamp>
			</report>
			<report>
				<misses>82100000</misses>
				<total>4</total>
				<timestamp>3284.394668</timestamp>
			</report>
			<report>
				<misses>82200000</misses>
				<total>4</total>
				<timestamp>3288.394887</timestamp>
			</report>
			<report>
				<misses>82300000</misses>
				<total>4</total>
				<timestamp>3292.395027</timestamp>
			</report>
			<report>
				<misses>82400000</misses>
				<total>4</total>
				<timestamp>3296.395344</timestamp>
			</report>
			<report>
				<misses>82500000</misses>
				<total>4</total>
				<timestamp>3300.395563</timestamp>
			</report>
			<report>
				<misses>82600000</misses>
				<total>4</total>
				<timestamp>3304.395836</timestamp>
			</report>
			<report>
				<misses>82700000</misses>
				<total>4</total>
				<timestamp>3308.396613</timestamp>
			</report>
			<report>
				<misses>82800000</misses>
				<total>4</total>
				<timestamp>3312.397911</timestamp>
			</report>
			<report>
				<misses>82900000</misses>
				<total>4</total>
				<timestamp>3316.397902</timestamp>
			</report>
			<report>
				<misses>83000000</misses>
				<total>4</total>
				<timestamp>3320.398254</timestamp>
			</report>
			<report>
				<misses>83100000</misses>
				<total>4</total>
				<timestamp>3324.398520</timestamp>
			</report>
			<report>
				<misses>83200000</misses>
				<total>4</total>
				<timestamp>3328.399048</timestamp>
			</report>
			<report>
				<misses>83300000</misses>
				<total>4</total>
				<timestamp>3332.399144</timestamp>
			</report>
			<report>
				<misses>83400000</misses>
				<total>4</total>
				<timestamp>3336.399541</timestamp>
			</report>
			<report>
				<misses>83500000</misses>
				<total>4</total>
				<timestamp>3340.399669</timestamp>
			</report>
			<report>
				<misses>83600000</misses>
				<total>4</total>
				<timestamp>3344.399642</timestamp>
			</report>
			<report>
				<misses>83700000</misses>
				<total>4</total>
				<timestamp>3348.399744</timestamp>
			</report>
			<report>
				<misses>83800000</misses>
				<total>4</total>
				<timestamp>3352.400643</timestamp>
			</report>
			<report>
				<misses>83900000</misses>
				<total>4</total>
				<timestamp>3356.400650</timestamp>
			</report>
			<report>
				<misses>84000000</misses>
				<total>4</total>
				<timestamp>3360.400856</timestamp>
			</report>
			<report>
				<misses>84100000</misses>
				<total>4</total>
				<timestamp>3364.401044</timestamp>
			</report>
			<report>
				<misses>84200000</misses>
				<total>4</total>
				<timestamp>3368.401775</timestamp>
			</report>
			<report>
				<misses>84300000</misses>
				<total>4</total>
				<timestamp>3372.402236</timestamp>
			</report>
			<report>
				<misses>84400000</misses>
				<total>4</total>
				<timestamp>3376.403505</timestamp>
			</report>
			<report>
				<misses>84500000</misses>
				<total>4</total>
				<timestamp>3380.403484</timestamp>
			</report>
			<report>
				<misses>84600000</misses>
				<total>4</total>
				<timestamp>3384.403723</timestamp>
			</report>
			<report>
				<misses>84700000</misses>
				<total>4</total>
				<timestamp>3388.403932</timestamp>
			</report>
			<report>
				<misses>84800000</misses>
				<total>4</total>
				<timestamp>3392.404562</timestamp>
			</report>
			<report>
				<misses>84900000</misses>
				<total>4</total>
				<timestamp>3396.405564</timestamp>
			</report>
			<report>
				<misses>85000000</misses>
				<total>4</total>
				<timestamp>3400.406338</timestamp>
			</report>
			<report>
				<misses>85100000</misses>
				<total>4</total>
				<timestamp>3404.406489</timestamp>
			</report>
			<report>
				<misses>85200000</misses>
				<total>4</total>
				<timestamp>3408.406875</timestamp>
			</report>
			<report>
				<misses>85300000</misses>
				<total>4</total>
				<timestamp>3412.407320</timestamp>
			</report>
			<report>
				<misses>85400000</misses>
				<total>4</total>
				<timestamp>3416.407848</timestamp>
			</report>
			<report>
				<misses>85500000</misses>
				<total>4</total>
				<timestamp>3420.408617</timestamp>
			</report>
			<report>
				<misses>85600000</misses>
				<total>4</total>
				<timestamp>3424.409219</timestamp>
			</report>
			<report>
				<misses>85700000</misses>
				<total>4</total>
				<timestamp>3428.409336</timestamp>
			</report>
			<report>
				<misses>85800000</misses>
				<total>4</total>
				<timestamp>3432.409467</timestamp>
			</report>
			<report>
				<misses>85900000</misses>
				<total>4</total>
				<timestamp>3436.409778</timestamp>
			</report>
			<report>
				<misses>86000000</misses>
				<total>4</total>
				<timestamp>3440.409838</timestamp>
			</report>
			<report>
				<misses>86100000</misses>
				<total>4</total>
				<timestamp>3444.410087</timestamp>
			</report>
			<report>
				<misses>86200000</misses>
				<total>4</total>
				<timestamp>3448.410343</timestamp>
			</report>
			<report>
				<misses>86300000</misses>
				<total>4</total>
				<timestamp>3452.410640</timestamp>
			</report>
			<report>
				<misses>86400000</misses>
				<total>4</total>
				<timestamp>3456.411010</timestamp>
			</report>
			<report>
				<misses>86500000</misses>
				<total>4</total>
				<timestamp>3460.411060</timestamp>
			</report>
			<report>
				<misses>86600000</misses>
				<total>4</total>
				<timestamp>3464.412212</timestamp>
			</report>
			<report>
				<misses>86700000</misses>
				<total>4</total>
				<timestamp>3468.412446</timestamp>
			</report>
			<report>
				<misses>86800000</misses>
				<total>4</total>
				<timestamp>3472.412508</timestamp>
			</report>
			<report>
				<misses>86900000</misses>
				<total>4</total>
				<timestamp>3476.412655</timestamp>
			</report>
			<report>
				<misses>87000000</misses>
				<total>4</total>
				<timestamp>3480.412650</timestamp>
			</report>
			<report>
				<misses>87100000</misses>
				<total>4</total>
				<timestamp>3484.412681</timestamp>
			</report>
			<report>
				<misses>87200000</misses>
				<total>4</total>
				<timestamp>3488.412757</timestamp>
			</report>
			<report>
				<misses>87300000</misses>
				<total>4</total>
				<timestamp>3492.412759</timestamp>
			</report>
			<report>
				<misses>87400000</misses>
				<total>4</total>
				<timestamp>3496.412769</timestamp>
			</report>
			<report>
				<misses>87500000</misses>
				<total>4</total>
				<timestamp>3500.413717</timestamp>
			</report>
			<report>
				<misses>87600000</misses>
				<total>4</total>
				<timestamp>3504.413964</timestamp>
			</report>
			<report>
				<misses>87700000</misses>
				<total>4</total>
				<timestamp>3508.414018</timestamp>
			</report>
			<report>
				<misses>87800000</misses>
				<total>4</total>
				<timestamp>3512.414043</timestamp>
			</report>
			<report>
				<misses>87900000</misses>
				<total>4</total>
				<timestamp>3516.414060</timestamp>
			</report>
			<report>
				<misses>88000000</misses>
				<total>4</total>
				<timestamp>3520.414100</timestamp>
			</report>
			<report>
				<misses>88100000</misses>
				<total>4</total>
				<timestamp>3524.414094</timestamp>
			</report>
			<report>
				<misses>88200000</misses>
				<total>4</total>
				<timestamp>3528.414086</timestamp>
			</report>
			<report>
				<misses>88300000</misses>
				<total>4</total>
				<timestamp>3532.414217</timestamp>
			</report>
			<report>
				<misses>88400000</misses>
				<total>4</total>
				<timestamp>3536.414609</timestamp>
			</report>
			<report>
				<misses>88500000</misses>
				<total>4</total>
				<timestamp>3540.415458</timestamp>
			</report>
			<report>
				<misses>88600000</misses>
				<total>4</total>
				<timestamp>3544.417006</timestamp>
			</report>
			<report>
				<misses>88700000</misses>
				<total>4</total>
				<timestamp>3548.417840</timestamp>
			</report>
			<report>
				<misses>88800000</misses>
				<total>4</total>
				<timestamp>3552.418041</timestamp>
			</report>
			<report>
				<misses>88900000</misses>
				<total>4</total>
				<timestamp>3556.418905</timestamp>
			</report>
			<report>
				<misses>89000000</misses>
				<total>4</total>
				<timestamp>3560.419323</timestamp>
			</report>
			<report>
				<misses>89100000</misses>
				<total>4</total>
				<timestamp>3564.419528</timestamp>
			</report>
			<report>
				<misses>89200000</misses>
				<total>4</total>
				<timestamp>3568.420223</timestamp>
			</report>
			<report>
				<misses>89300000</misses>
				<total>4</total>
				<timestamp>3572.420774</timestamp>
			</report>
			<report>
				<misses>89400000</misses>
				<total>4</total>
				<timestamp>3576.421459</timestamp>
			</report>
			<report>
				<misses>89500000</misses>
				<total>4</total>
				<timestamp>3580.421531</timestamp>
			</report>
			<report>
				<misses>89600000</misses>
				<total>4</total>
				<timestamp>3584.422024</timestamp>
			</report>
			<report>
				<misses>89700000</misses>
				<total>4</total>
				<timestamp>3588.422198</timestamp>
			</report>
			<report>
				<misses>89800000</misses>
				<total>4</total>
				<timestamp>3592.422341</timestamp>
			</report>
			<report>
				<misses>89900000</misses>
				<total>4</total>
				<timestamp>3596.423053</timestamp>
			</report>
			<report>
				<misses>90000000</misses>
				<total>4</total>
				<timestamp>3600.424603</timestamp>
			</report>
			<report>
				<misses>90100000</misses>
				<total>4</total>
				<timestamp>3604.425439</timestamp>
			</report>
			<report>
				<misses>90200000</misses>
				<total>4</total>
				<timestamp>3608.425618</timestamp>
			</report>
			<report>
				<misses>90300000</misses>
				<total>4</total>
				<timestamp>3612.425766</timestamp>
			</report>
			<report>
				<misses>90400000</misses>
				<total>4</total>
				<timestamp>3616.425825</timestamp>
			</report>
			<report>
				<misses>90500000</misses>
				<total>4</total>
				<timestamp>3620.426345</timestamp>
			</report>
			<report>
				<misses>90600000</misses>
				<total>4</total>
				<timestamp>3624.426380</timestamp>
			</report>
			<report>
				<misses>90700000</misses>
				<total>4</total>
				<timestamp>3628.426524</timestamp>
			</report>
			<report>
				<misses>90800000</misses>
				<total>4</total>
				<timestamp>3632.426559</timestamp>
			</report>
			<report>
				<misses>90900000</misses>
				<total>4</total>
				<timestamp>3636.426562</timestamp>
			</report>
			<report>
				<misses>91000000</misses>
				<total>4</total>
				<timestamp>3640.426558</timestamp>
			</report>
			<report>
				<misses>91100000</misses>
				<total>4</total>
				<timestamp>3644.426559</timestamp>
			</report>
			<report>
				<misses>91200000</misses>
				<total>4</total>
				<timestamp>3648.426567</timestamp>
			</report>
			<report>
				<misses>91300000</misses>
				<total>4</total>
				<timestamp>3652.428335</timestamp>
			</report>
			<report>
				<misses>91400000</misses>
				<total>4</total>
				<timestamp>3656.428436</timestamp>
			</report>
			<report>
				<misses>91500000</misses>
				<total>4</total>
				<timestamp>3660.428489</timestamp>
			</report>
			<report>
				<misses>91600000</misses>
				<total>4</total>
				<timestamp>3664.428516</timestamp>
			</report>
			<report>
				<misses>91700000</misses>
				<total>4</total>
				<timestamp>3668.428564</timestamp>
			</report>
			<report>
				<misses>91800000</misses>
				<total>4</total>
				<timestamp>3672.428555</timestamp>
			</report>
			<report>
				<misses>91900000</misses>
				<total>4</total>
				<timestamp>3676.428601</timestamp>
			</report>
			<report>
				<misses>92000000</misses>
				<total>4</total>
				<timestamp>3680.428609</timestamp>
			</report>
			<report>
				<misses>92100000</misses>
				<total>4</total>
				<timestamp>3684.428681</timestamp>
			</report>
			<report>
				<misses>92200000</misses>
				<total>4</total>
				<timestamp>3688.428803</timestamp>
			</report>
			<report>
				<misses>92300000</misses>
				<total>4</total>
				<timestamp>3692.428813</timestamp>
			</report>
			<report>
				<misses>92400000</misses>
				<total>4</total>
				<timestamp>3696.428799</timestamp>
			</report>
			<report>
				<misses>92500000</misses>
				<total>4</total>
				<timestamp>3700.429226</timestamp>
			</report>
			<report>
				<misses>92600000</misses>
				<total>4</total>
				<timestamp>3704.429231</timestamp>
			</report>
			<report>
				<misses>92700000</misses>
				<total>4</total>
				<timestamp>3708.429237</timestamp>
			</report>
			<report>
				<misses>92800000</misses>
				<total>4</total>
				<timestamp>3712.429323</timestamp>
			</report>
			<report>
				<misses>92900000</misses>
				<total>4</total>
				<timestamp>3716.429934</timestamp>
			</report>
			<report>
				<misses>93000000</misses>
				<total>4</total>
				<timestamp>3720.430324</timestamp>
			</report>
			<report>
				<misses>93100000</misses>
				<total>4</total>
				<timestamp>3724.430700</timestamp>
			</report>
			<report>
				<misses>93200000</misses>
				<total>4</total>
				<timestamp>3728.430685</timestamp>
			</report>
			<report>
				<misses>93300000</misses>
				<total>4</total>
				<timestamp>3732.430830</timestamp>
			</report>
			<report>
				<misses>93400000</misses>
				<total>4</total>
				<timestamp>3736.430859</timestamp>
			</report>
			<report>
				<misses>93500000</misses>
				<total>4</total>
				<timestamp>3740.430916</timestamp>
			</report>
			<report>
				<misses>93600000</misses>
				<total>4</total>
				<timestamp>3744.430930</timestamp>
			</report>
			<report>
				<misses>93700000</misses>
				<total>4</total>
				<timestamp>3748.430928</timestamp>
			</report>
			<report>
				<misses>93800000</misses>
				<total>4</total>
				<timestamp>3752.430966</timestamp>
			</report>
			<report>
				<misses>93900000</misses>
				<total>4</total>
				<timestamp>3756.431019</timestamp>
			</report>
			<report>
				<misses>94000000</misses>
				<total>4</total>
				<timestamp>3760.431232</timestamp>
			</report>
			<report>
				<misses>94100000</misses>
				<total>4</total>
				<timestamp>3764.431980</timestamp>
			</report>
			<report>
				<misses>94200000</misses>
				<total>4</total>
				<timestamp>3768.432213</timestamp>
			</report>
			<report>
				<misses>94300000</misses>
				<total>4</total>
				<timestamp>3772.432602</timestamp>
			</report>
			<report>
				<misses>94400000</misses>
				<total>4</total>
				<timestamp>3776.432687</timestamp>
			</report>
			<report>
				<misses>94500000</misses>
				<total>4</total>
				<timestamp>3780.434080</timestamp>
			</report>
			<report>
				<misses>94600000</misses>
				<total>4</total>
				<timestamp>3784.434481</timestamp>
			</report>
			<report>
				<misses>94700000</misses>
				<total>4</total>
				<timestamp>3788.435047</timestamp>
			</report>
			<report>
				<misses>94800000</misses>
				<total>4</total>
				<timestamp>3792.435051</timestamp>
			</report>
			<report>
				<misses>94900000</misses>
				<total>4</total>
				<timestamp>3796.435242</timestamp>
			</report>
			<report>
				<misses>95000000</misses>
				<total>4</total>
				<timestamp>3800.436320</timestamp>
			</report>
			<report>
				<misses>95100000</misses>
				<total>4</total>
				<timestamp>3804.436417</timestamp>
			</report>
			<report>
				<misses>95200000</misses>
				<total>4</total>
				<timestamp>3808.437640</timestamp>
			</report>
			<report>
				<misses>95300000</misses>
				<total>4</total>
				<timestamp>3812.437887</timestamp>
			</report>
			<report>
				<misses>95400000</misses>
				<total>4</total>
				<timestamp>3816.439337</timestamp>
			</report>
			<report>
				<misses>95500000</misses>
				<total>4</total>
				<timestamp>3820.440711</timestamp>
			</report>
			<report>
				<misses>95600000</misses>
				<total>4</total>
				<timestamp>3824.441236</timestamp>
			</report>
			<report>
				<misses>95700000</misses>
				<total>4</total>
				<timestamp>3828.442084</timestamp>
			</report>
			<report>
				<misses>95800000</misses>
				<total>4</total>
				<timestamp>3832.442221</timestamp>
			</report>
			<report>
				<misses>95900000</misses>
				<total>4</total>
				<timestamp>3836.442701</timestamp>
			</report>
			<report>
				<misses>96000000</misses>
				<total>4</total>
				<timestamp>3840.443230</timestamp>
			</report>
			<report>
				<misses>96100000</misses>
				<total>4</total>
				<timestamp>3844.445325</timestamp>
			</report>
			<report>
				<misses>96200000</misses>
				<total>4</total>
				<timestamp>3848.445443</timestamp>
			</report>
			<report>
				<misses>96300000</misses>
				<total>4</total>
				<timestamp>3852.445492</timestamp>
			</report>
			<report>
				<misses>96400000</misses>
				<total>4</total>
				<timestamp>3856.445733</timestamp>
			</report>
			<report>
				<misses>96500000</misses>
				<total>5</total>
				<timestamp>3860.446434</timestamp>
			</report>
			<report>
				<misses>96600000</misses>
				<total>5</total>
				<timestamp>3864.447431</timestamp>
			</report>
			<report>
				<misses>96700000</misses>
				<total>5</total>
				<timestamp>3868.447444</timestamp>
			</report>
			<report>
				<misses>96800000</misses>
				<total>5</total>
				<timestamp>3872.447998</timestamp>
			</report>
			<report>
				<misses>96900000</misses>
				<total>5</total>
				<timestamp>3876.448757</timestamp>
			</report>
			<report>
				<misses>97000000</misses>
				<total>5</total>
				<timestamp>3880.449339</timestamp>
			</report>
			<report>
				<misses>97100000</misses>
				<total>5</total>
				<timestamp>3884.450100</timestamp>
			</report>
			<report>
				<misses>97200000</misses>
				<total>5</total>
				<timestamp>3888.450407</timestamp>
			</report>
			<report>
				<misses>97300000</misses>
				<total>5</total>
				<timestamp>3892.451224</timestamp>
			</report>
			<report>
				<misses>97400000</misses>
				<total>5</total>
				<timestamp>3896.452442</timestamp>
			</report>
			<report>
				<misses>97500000</misses>
				<total>5</total>
				<timestamp>3900.452961</timestamp>
			</report>
			<report>
				<misses>97600000</misses>
				<total>5</total>
				<timestamp>3904.453231</timestamp>
			</report>
			<report>
				<misses>97700000</misses>
				<total>5</total>
				<timestamp>3908.453442</timestamp>
			</report>
			<report>
				<misses>97800000</misses>
				<total>5</total>
				<timestamp>3912.454228</timestamp>
			</report>
			<report>
				<misses>97900000</misses>
				<total>5</total>
				<timestamp>3916.455474</timestamp>
			</report>
			<report>
				<misses>98000000</misses>
				<total>5</total>
				<timestamp>3920.456232</timestamp>
			</report>
			<report>
				<misses>98100000</misses>
				<total>5</total>
				<timestamp>3924.456678</timestamp>
			</report>
			<report>
				<misses>98200000</misses>
				<total>5</total>
				<timestamp>3928.456677</timestamp>
			</report>
			<report>
				<misses>98300000</misses>
				<total>5</total>
				<timestamp>3932.456852</timestamp>
			</report>
			<report>
				<misses>98400000</misses>
				<total>5</total>
				<timestamp>3936.457351</timestamp>
			</report>
			<report>
				<misses>98500000</misses>
				<total>5</total>
				<timestamp>3940.457545</timestamp>
			</report>
			<report>
				<misses>98600000</misses>
				<total>5</total>
				<timestamp>3944.458233</timestamp>
			</report>
			<report>
				<misses>98700000</misses>
				<total>5</total>
				<timestamp>3948.459647</timestamp>
			</report>
			<report>
				<misses>98800000</misses>
				<total>5</total>
				<timestamp>3952.460452</timestamp>
			</report>
			<report>
				<misses>98900000</misses>
				<total>5</total>
				<timestamp>3956.461088</timestamp>
			</report>
			<report>
				<misses>99000000</misses>
				<total>5</total>
				<timestamp>3960.461924</timestamp>
			</report>
			<report>
				<misses>99100000</misses>
				<total>5</total>
				<timestamp>3964.462492</timestamp>
			</report>
			<report>
				<misses>99200000</misses>
				<total>5</total>
				<timestamp>3968.463058</timestamp>
			</report>
			<report>
				<misses>99300000</misses>
				<total>5</total>
				<timestamp>3972.463034</timestamp>
			</report>
			<report>
				<misses>99400000</misses>
				<total>5</total>
				<timestamp>3976.463219</timestamp>
			</report>
			<report>
				<misses>99500000</misses>
				<total>5</total>
				<timestamp>3980.463296</timestamp>
			</report>
			<report>
				<misses>99600000</misses>
				<total>5</total>
				<timestamp>3984.463332</timestamp>
			</report>
			<report>
				<misses>99700000</misses>
				<total>5</total>
				<timestamp>3988.463708</timestamp>
			</report>
			<report>
				<misses>99800000</misses>
				<total>5</total>
				<timestamp>3992.464821</timestamp>
			</report>
			<report>
				<misses>99900000</misses>
				<total>5</total>
				<timestamp>3996.466018</timestamp>
			</report>
			<report>
				<misses>100000000</misses>
				<total>5</total>
				<timestamp>4000.466441</timestamp>
			</report>
			<report>
				<misses>100100000</misses>
				<total>5</total>
				<timestamp>4004.467449</timestamp>
			</report>
			<report>
				<misses>100200000</misses>
				<total>5</total>
				<timestamp>4008.467981</timestamp>
			</report>
			<report>
				<misses>100300000</misses>
				<total>5</total>
				<timestamp>4012.469218</timestamp>
			</report>
			<report>
				<misses>100400000</misses>
				<total>5</total>
				<timestamp>4016.469224</timestamp>
			</report>
			<report>
				<misses>100500000</misses>
				<total>5</total>
				<timestamp>4020.469331</timestamp>
			</report>
			<report>
				<misses>100600000</misses>
				<total>5</total>
				<timestamp>4024.469466</timestamp>
			</report>
			<report>
				<misses>100700000</misses>
				<total>5</total>
				<timestamp>4028.469443</timestamp>
			</report>
			<report>
				<misses>100800000</misses>
				<total>5</total>
				<timestamp>4032.470325</timestamp>
			</report>
			<report>
				<misses>100900000</misses>
				<total>5</total>
				<timestamp>4036.471232</timestamp>
			</report>
			<report>
				<misses>101000000</misses>
				<total>5</total>
				<timestamp>4040.471679</timestamp>
			</report>
			<report>
				<misses>101100000</misses>
				<total>5</total>
				<timestamp>4044.471855</timestamp>
			</report>
			<report>
				<misses>101200000</misses>
				<total>5</total>
				<timestamp>4048.472518</timestamp>
			</report>
			<report>
				<misses>101300000</misses>
				<total>5</total>
				<timestamp>4052.473447</timestamp>
			</report>
			<report>
				<misses>101400000</misses>
				<total>5</total>
				<timestamp>4056.473639</timestamp>
			</report>
			<report>
				<misses>101500000</misses>
				<total>5</total>
				<timestamp>4060.473846</timestamp>
			</report>
			<report>
				<misses>101600000</misses>
				<total>5</total>
				<timestamp>4064.474445</timestamp>
			</report>
			<report>
				<misses>101700000</misses>
				<total>5</total>
				<timestamp>4068.474580</timestamp>
			</report>
			<report>
				<misses>101800000</misses>
				<total>5</total>
				<timestamp>4072.474580</timestamp>
			</report>
			<report>
				<misses>101900000</misses>
				<total>5</total>
				<timestamp>4076.474569</timestamp>
			</report>
			<report>
				<misses>102000000</misses>
				<total>5</total>
				<timestamp>4080.474604</timestamp>
			</report>
			<report>
				<misses>102100000</misses>
				<total>5</total>
				<timestamp>4084.474721</timestamp>
			</report>
			<report>
				<misses>102200000</misses>
				<total>5</total>
				<timestamp>4088.474769</timestamp>
			</report>
			<report>
				<misses>102300000</misses>
				<total>5</total>
				<timestamp>4092.475457</timestamp>
			</report>
			<report>
				<misses>102400000</misses>
				<total>5</total>
				<timestamp>4096.476045</timestamp>
			</report>
			<report>
				<misses>102500000</misses>
				<total>5</total>
				<timestamp>4100.476686</timestamp>
			</report>
			<report>
				<misses>102600000</misses>
				<total>5</total>
				<timestamp>4104.476958</timestamp>
			</report>
			<report>
				<misses>102700000</misses>
				<total>5</total>
				<timestamp>4108.477308</timestamp>
			</report>
			<report>
				<misses>102800000</misses>
				<total>5</total>
				<timestamp>4112.478245</timestamp>
			</report>
			<report>
				<misses>102900000</misses>
				<total>5</total>
				<timestamp>4116.478824</timestamp>
			</report>
			<report>
				<misses>103000000</misses>
				<total>5</total>
				<timestamp>4120.479054</timestamp>
			</report>
			<report>
				<misses>103100000</misses>
				<total>5</total>
				<timestamp>4124.479644</timestamp>
			</report>
			<report>
				<misses>103200000</misses>
				<total>5</total>
				<timestamp>4128.480315</timestamp>
			</report>
			<report>
				<misses>103300000</misses>
				<total>5</total>
				<timestamp>4132.480722</timestamp>
			</report>
			<report>
				<misses>103400000</misses>
				<total>5</total>
				<timestamp>4136.481447</timestamp>
			</report>
			<report>
				<misses>103500000</misses>
				<total>5</total>
				<timestamp>4140.482181</timestamp>
			</report>
			<report>
				<misses>103600000</misses>
				<total>5</total>
				<timestamp>4144.482846</timestamp>
			</report>
			<report>
				<misses>103700000</misses>
				<total>5</total>
				<timestamp>4148.483003</timestamp>
			</report>
			<report>
				<misses>103800000</misses>
				<total>5</total>
				<timestamp>4152.483415</timestamp>
			</report>
			<report>
				<misses>103900000</misses>
				<total>5</total>
				<timestamp>4156.483799</timestamp>
			</report>
			<report>
				<misses>104000000</misses>
				<total>5</total>
				<timestamp>4160.484556</timestamp>
			</report>
			<report>
				<misses>104100000</misses>
				<total>5</total>
				<timestamp>4164.484839</timestamp>
			</report>
			<report>
				<misses>104200000</misses>
				<total>5</total>
				<timestamp>4168.485231</timestamp>
			</report>
			<report>
				<misses>104300000</misses>
				<total>5</total>
				<timestamp>4172.485316</timestamp>
			</report>
			<report>
				<misses>104400000</misses>
				<total>5</total>
				<timestamp>4176.485886</timestamp>
			</report>
			<report>
				<misses>104500000</misses>
				<total>5</total>
				<timestamp>4180.486133</timestamp>
			</report>
			<report>
				<misses>104600000</misses>
				<total>5</total>
				<timestamp>4184.486186</timestamp>
			</report>
			<report>
				<misses>104700000</misses>
				<total>5</total>
				<timestamp>4188.486208</timestamp>
			</report>
			<report>
				<misses>104800000</misses>
				<total>5</total>
				<timestamp>4192.486209</timestamp>
			</report>
			<report>
				<misses>104900000</misses>
				<total>5</total>
				<timestamp>4196.486329</timestamp>
			</report>
			<report>
				<misses>105000000</misses>
				<total>5</total>
				<timestamp>4200.486780</timestamp>
			</report>
			<report>
				<misses>105100000</misses>
				<total>5</total>
				<timestamp>4204.487418</timestamp>
			</report>
			<report>
				<misses>105200000</misses>
				<total>5</total>
				<timestamp>4208.488224</timestamp>
			</report>
			<report>
				<misses>105300000</misses>
				<total>5</total>
				<timestamp>4212.488447</timestamp>
			</report>
			<report>
				<misses>105400000</misses>
				<total>5</total>
				<timestamp>4216.488569</timestamp>
			</report>
			<report>
				<misses>105500000</misses>
				<total>5</total>
				<timestamp>4220.489480</timestamp>
			</report>
			<report>
				<misses>105600000</misses>
				<total>5</total>
				<timestamp>4224.489757</timestamp>
			</report>
			<report>
				<misses>105700000</misses>
				<total>5</total>
				<timestamp>4228.489783</timestamp>
			</report>
			<report>
				<misses>105800000</misses>
				<total>5</total>
				<timestamp>4232.490474</timestamp>
			</report>
			<report>
				<misses>105900000</misses>
				<total>5</total>
				<timestamp>4236.490843</timestamp>
			</report>
			<report>
				<misses>106000000</misses>
				<total>5</total>
				<timestamp>4240.491808</timestamp>
			</report>
			<report>
				<misses>106100000</misses>
				<total>5</total>
				<timestamp>4244.492451</timestamp>
			</report>
			<report>
				<misses>106200000</misses>
				<total>5</total>
				<timestamp>4248.492596</timestamp>
			</report>
			<report>
				<misses>106300000</misses>
				<total>5</total>
				<timestamp>4252.492900</timestamp>
			</report>
			<report>
				<misses>106400000</misses>
				<total>5</total>
				<timestamp>4256.492959</timestamp>
			</report>
			<report>
				<misses>106500000</misses>
				<total>5</total>
				<timestamp>4260.492969</timestamp>
			</report>
			<report>
				<misses>106600000</misses>
				<total>5</total>
				<timestamp>4264.493330</timestamp>
			</report>
			<report>
				<misses>106700000</misses>
				<total>5</total>
				<timestamp>4268.494328</timestamp>
			</report>
			<report>
				<misses>106800000</misses>
				<total>5</total>
				<timestamp>4272.494604</timestamp>
			</report>
			<report>
				<misses>106900000</misses>
				<total>5</total>
				<timestamp>4276.494944</timestamp>
			</report>
			<report>
				<misses>107000000</misses>
				<total>5</total>
				<timestamp>4280.495836</timestamp>
			</report>
			<report>
				<misses>107100000</misses>
				<total>5</total>
				<timestamp>4284.496328</timestamp>
			</report>
			<report>
				<misses>107200000</misses>
				<total>5</total>
				<timestamp>4288.496446</timestamp>
			</report>
			<report>
				<misses>107300000</misses>
				<total>5</total>
				<timestamp>4292.496436</timestamp>
			</report>
			<report>
				<misses>107400000</misses>
				<total>5</total>
				<timestamp>4296.496492</timestamp>
			</report>
			<report>
				<misses>107500000</misses>
				<total>5</total>
				<timestamp>4300.496529</timestamp>
			</report>
			<report>
				<misses>107600000</misses>
				<total>5</total>
				<timestamp>4304.496577</timestamp>
			</report>
			<report>
				<misses>107700000</misses>
				<total>5</total>
				<timestamp>4308.496681</timestamp>
			</report>
			<report>
				<misses>107800000</misses>
				<total>5</total>
				<timestamp>4312.497727</timestamp>
			</report>
			<report>
				<misses>107900000</misses>
				<total>5</total>
				<timestamp>4316.499488</timestamp>
			</report>
			<report>
				<misses>108000000</misses>
				<total>5</total>
				<timestamp>4320.499957</timestamp>
			</report>
			<report>
				<misses>108100000</misses>
				<total>5</total>
				<timestamp>4324.500202</timestamp>
			</report>
			<report>
				<misses>108200000</misses>
				<total>5</total>
				<timestamp>4328.501015</timestamp>
			</report>
			<report>
				<misses>108300000</misses>
				<total>5</total>
				<timestamp>4332.501254</timestamp>
			</report>
			<report>
				<misses>108400000</misses>
				<total>5</total>
				<timestamp>4336.501672</timestamp>
			</report>
			<report>
				<misses>108500000</misses>
				<total>5</total>
				<timestamp>4340.501890</timestamp>
			</report>
			<report>
				<misses>108600000</misses>
				<total>5</total>
				<timestamp>4344.503008</timestamp>
			</report>
			<report>
				<misses>108700000</misses>
				<total>5</total>
				<timestamp>4348.503680</timestamp>
			</report>
			<report>
				<misses>108800000</misses>
				<total>5</total>
				<timestamp>4352.503686</timestamp>
			</report>
			<report>
				<misses>108900000</misses>
				<total>5</total>
				<timestamp>4356.503693</timestamp>
			</report>
			<report>
				<misses>109000000</misses>
				<total>5</total>
				<timestamp>4360.504746</timestamp>
			</report>
			<report>
				<misses>109100000</misses>
				<total>5</total>
				<timestamp>4364.505059</timestamp>
			</report>
			<report>
				<misses>109200000</misses>
				<total>5</total>
				<timestamp>4368.505423</timestamp>
			</report>
			<report>
				<misses>109300000</misses>
				<total>5</total>
				<timestamp>4372.506327</timestamp>
			</report>
			<report>
				<misses>109400000</misses>
				<total>5</total>
				<timestamp>4376.506555</timestamp>
			</report>
			<report>
				<misses>109500000</misses>
				<total>5</total>
				<timestamp>4380.506875</timestamp>
			</report>
			<report>
				<misses>109600000</misses>
				<total>5</total>
				<timestamp>4384.506961</timestamp>
			</report>
			<report>
				<misses>109700000</misses>
				<total>5</total>
				<timestamp>4388.507484</timestamp>
			</report>
			<report>
				<misses>109800000</misses>
				<total>5</total>
				<timestamp>4392.507945</timestamp>
			</report>
			<report>
				<misses>109900000</misses>
				<total>5</total>
				<timestamp>4396.508218</timestamp>
			</report>
			<report>
				<misses>110000000</misses>
				<total>5</total>
				<timestamp>4400.508501</timestamp>
			</report>
			<report>
				<misses>110100000</misses>
				<total>5</total>
				<timestamp>4404.509250</timestamp>
			</report>
			<report>
				<misses>110200000</misses>
				<total>5</total>
				<timestamp>4408.509442</timestamp>
			</report>
			<report>
				<misses>110300000</misses>
				<total>5</total>
				<timestamp>4412.510334</timestamp>
			</report>
			<report>
				<misses>110400000</misses>
				<total>5</total>
				<timestamp>4416.510616</timestamp>
			</report>
			<report>
				<misses>110500000</misses>
				<total>5</total>
				<timestamp>4420.510800</timestamp>
			</report>
			<report>
				<misses>110600000</misses>
				<total>5</total>
				<timestamp>4424.511896</timestamp>
			</report>
			<report>
				<misses>110700000</misses>
				<total>5</total>
				<timestamp>4428.512829</timestamp>
			</report>
			<report>
				<misses>110800000</misses>
				<total>5</total>
				<timestamp>4432.513324</timestamp>
			</report>
			<report>
				<misses>110900000</misses>
				<total>5</total>
				<timestamp>4436.514334</timestamp>
			</report>
			<report>
				<misses>111000000</misses>
				<total>5</total>
				<timestamp>4440.514323</timestamp>
			</report>
			<report>
				<misses>111100000</misses>
				<total>5</total>
				<timestamp>4444.515042</timestamp>
			</report>
			<report>
				<misses>111200000</misses>
				<total>5</total>
				<timestamp>4448.515862</timestamp>
			</report>
			<report>
				<misses>111300000</misses>
				<total>5</total>
				<timestamp>4452.516789</timestamp>
			</report>
			<report>
				<misses>111400000</misses>
				<total>5</total>
				<timestamp>4456.517804</timestamp>
			</report>
			<report>
				<misses>111500000</misses>
				<total>5</total>
				<timestamp>4460.519230</timestamp>
			</report>
			<report>
				<misses>111600000</misses>
				<total>5</total>
				<timestamp>4464.520400</timestamp>
			</report>
			<report>
				<misses>111700000</misses>
				<total>5</total>
				<timestamp>4468.521221</timestamp>
			</report>
			<report>
				<misses>111800000</misses>
				<total>5</total>
				<timestamp>4472.521328</timestamp>
			</report>
			<report>
				<misses>111900000</misses>
				<total>5</total>
				<timestamp>4476.521322</timestamp>
			</report>
			<report>
				<misses>112000000</misses>
				<total>5</total>
				<timestamp>4480.521327</timestamp>
			</report>
			<report>
				<misses>112100000</misses>
				<total>5</total>
				<timestamp>4484.521364</timestamp>
			</report>
			<report>
				<misses>112200000</misses>
				<total>5</total>
				<timestamp>4488.521605</timestamp>
			</report>
			<report>
				<misses>112300000</misses>
				<total>5</total>
				<timestamp>4492.521595</timestamp>
			</report>
			<report>
				<misses>112400000</misses>
				<total>5</total>
				<timestamp>4496.521621</timestamp>
			</report>
			<report>
				<misses>112500000</misses>
				<total>5</total>
				<timestamp>4500.521633</timestamp>
			</report>
			<report>
				<misses>112600000</misses>
				<total>6</total>
				<timestamp>4504.521609</timestamp>
			</report>
			<report>
				<misses>112700000</misses>
				<total>6</total>
				<timestamp>4508.521639</timestamp>
			</report>
			<report>
				<misses>112800000</misses>
				<total>6</total>
				<timestamp>4512.521799</timestamp>
			</report>
			<report>
				<misses>112900000</misses>
				<total>6</total>
				<timestamp>4516.521806</timestamp>
			</report>
			<report>
				<misses>113000000</misses>
				<total>6</total>
				<timestamp>4520.521806</timestamp>
			</report>
			<report>
				<misses>113100000</misses>
				<total>6</total>
				<timestamp>4524.522879</timestamp>
			</report>
			<report>
				<misses>113200000</misses>
				<total>6</total>
				<timestamp>4528.523047</timestamp>
			</report>
			<report>
				<misses>113300000</misses>
				<total>6</total>
				<timestamp>4532.524204</timestamp>
			</report>
			<report>
				<misses>113400000</misses>
				<total>6</total>
				<timestamp>4536.524311</timestamp>
			</report>
			<report>
				<misses>113500000</misses>
				<total>6</total>
				<timestamp>4540.524334</timestamp>
			</report>
			<report>
				<misses>113600000</misses>
				<total>6</total>
				<timestamp>4544.525443</timestamp>
			</report>
			<report>
				<misses>113700000</misses>
				<total>6</total>
				<timestamp>4548.525445</timestamp>
			</report>
			<report>
				<misses>113800000</misses>
				<total>6</total>
				<timestamp>4552.525685</timestamp>
			</report>
			<report>
				<misses>113900000</misses>
				<total>6</total>
				<timestamp>4556.526194</timestamp>
			</report>
			<report>
				<misses>114000000</misses>
				<total>6</total>
				<timestamp>4560.526760</timestamp>
			</report>
			<report>
				<misses>114100000</misses>
				<total>6</total>
				<timestamp>4564.527230</timestamp>
			</report>
			<report>
				<misses>114200000</misses>
				<total>6</total>
				<timestamp>4568.527286</timestamp>
			</report>
			<report>
				<misses>114300000</misses>
				<total>6</total>
				<timestamp>4572.527363</timestamp>
			</report>
			<report>
				<misses>114400000</misses>
				<total>6</total>
				<timestamp>4576.527717</timestamp>
			</report>
			<report>
				<misses>114500000</misses>
				<total>6</total>
				<timestamp>4580.528732</timestamp>
			</report>
			<report>
				<misses>114600000</misses>
				<total>6</total>
				<timestamp>4584.529719</timestamp>
			</report>
			<report>
				<misses>114700000</misses>
				<total>6</total>
				<timestamp>4588.531221</timestamp>
			</report>
			<report>
				<misses>114800000</misses>
				<total>6</total>
				<timestamp>4592.531280</timestamp>
			</report>
			<report>
				<misses>114900000</misses>
				<total>6</total>
				<timestamp>4596.532317</timestamp>
			</report>
			<report>
				<misses>115000000</misses>
				<total>6</total>
				<timestamp>4600.532763</timestamp>
			</report>
			<report>
				<misses>115100000</misses>
				<total>6</total>
				<timestamp>4604.532876</timestamp>
			</report>
			<report>
				<misses>115200000</misses>
				<total>6</total>
				<timestamp>4608.533112</timestamp>
			</report>
			<report>
				<misses>115300000</misses>
				<total>6</total>
				<timestamp>4612.533221</timestamp>
			</report>
			<report>
				<misses>115400000</misses>
				<total>6</total>
				<timestamp>4616.533637</timestamp>
			</report>
			<report>
				<misses>115500000</misses>
				<total>6</total>
				<timestamp>4620.534334</timestamp>
			</report>
			<report>
				<misses>115600000</misses>
				<total>6</total>
				<timestamp>4624.534453</timestamp>
			</report>
			<report>
				<misses>115700000</misses>
				<total>6</total>
				<timestamp>4628.534434</timestamp>
			</report>
			<report>
				<misses>115800000</misses>
				<total>6</total>
				<timestamp>4632.534557</timestamp>
			</report>
			<report>
				<misses>115900000</misses>
				<total>6</total>
				<timestamp>4636.535010</timestamp>
			</report>
			<report>
				<misses>116000000</misses>
				<total>6</total>
				<timestamp>4640.535896</timestamp>
			</report>
			<report>
				<misses>116100000</misses>
				<total>6</total>
				<timestamp>4644.536524</timestamp>
			</report>
			<report>
				<misses>116200000</misses>
				<total>6</total>
				<timestamp>4648.536770</timestamp>
			</report>
			<report>
				<misses>116300000</misses>
				<total>6</total>
				<timestamp>4652.536869</timestamp>
			</report>
			<report>
				<misses>116400000</misses>
				<total>6</total>
				<timestamp>4656.537042</timestamp>
			</report>
			<report>
				<misses>116500000</misses>
				<total>6</total>
				<timestamp>4660.537720</timestamp>
			</report>
			<report>
				<misses>116600000</misses>
				<total>6</total>
				<timestamp>4664.537932</timestamp>
			</report>
			<report>
				<misses>116700000</misses>
				<total>6</total>
				<timestamp>4668.537927</timestamp>
			</report>
			<report>
				<misses>116800000</misses>
				<total>6</total>
				<timestamp>4672.538084</timestamp>
			</report>
			<report>
				<misses>116900000</misses>
				<total>6</total>
				<timestamp>4676.538099</timestamp>
			</report>
			<report>
				<misses>117000000</misses>
				<total>6</total>
				<timestamp>4680.538218</timestamp>
			</report>
			<report>
				<misses>117100000</misses>
				<total>6</total>
				<timestamp>4684.538330</timestamp>
			</report>
			<report>
				<misses>117200000</misses>
				<total>6</total>
				<timestamp>4688.538434</timestamp>
			</report>
			<report>
				<misses>117300000</misses>
				<total>6</total>
				<timestamp>4692.538466</timestamp>
			</report>
			<report>
				<misses>117400000</misses>
				<total>6</total>
				<timestamp>4696.538602</timestamp>
			</report>
			<report>
				<misses>117500000</misses>
				<total>6</total>
				<timestamp>4700.538607</timestamp>
			</report>
			<report>
				<misses>117600000</misses>
				<total>6</total>
				<timestamp>4704.538723</timestamp>
			</report>
			<report>
				<misses>117700000</misses>
				<total>6</total>
				<timestamp>4708.538793</timestamp>
			</report>
			<report>
				<misses>117800000</misses>
				<total>6</total>
				<timestamp>4712.538957</timestamp>
			</report>
			<report>
				<misses>117900000</misses>
				<total>6</total>
				<timestamp>4716.540452</timestamp>
			</report>
			<report>
				<misses>118000000</misses>
				<total>6</total>
				<timestamp>4720.541604</timestamp>
			</report>
			<report>
				<misses>118100000</misses>
				<total>6</total>
				<timestamp>4724.542127</timestamp>
			</report>
			<report>
				<misses>118200000</misses>
				<total>6</total>
				<timestamp>4728.542836</timestamp>
			</report>
			<report>
				<misses>118300000</misses>
				<total>6</total>
				<timestamp>4732.543082</timestamp>
			</report>
			<report>
				<misses>118400000</misses>
				<total>6</total>
				<timestamp>4736.543773</timestamp>
			</report>
			<report>
				<misses>118500000</misses>
				<total>6</total>
				<timestamp>4740.544009</timestamp>
			</report>
			<report>
				<misses>118600000</misses>
				<total>6</total>
				<timestamp>4744.545929</timestamp>
			</report>
			<report>
				<misses>118700000</misses>
				<total>6</total>
				<timestamp>4748.546052</timestamp>
			</report>
			<report>
				<misses>118800000</misses>
				<total>6</total>
				<timestamp>4752.546491</timestamp>
			</report>
			<report>
				<misses>118900000</misses>
				<total>6</total>
				<timestamp>4756.546889</timestamp>
			</report>
			<report>
				<misses>119000000</misses>
				<total>6</total>
				<timestamp>4760.548453</timestamp>
			</report>
			<report>
				<misses>119100000</misses>
				<total>6</total>
				<timestamp>4764.548610</timestamp>
			</report>
			<report>
				<misses>119200000</misses>
				<total>6</total>
				<timestamp>4768.549615</timestamp>
			</report>
			<report>
				<misses>119300000</misses>
				<total>6</total>
				<timestamp>4772.550588</timestamp>
			</report>
			<report>
				<misses>119400000</misses>
				<total>6</total>
				<timestamp>4776.550975</timestamp>
			</report>
			<report>
				<misses>119500000</misses>
				<total>6</total>
				<timestamp>4780.551048</timestamp>
			</report>
			<report>
				<misses>119600000</misses>
				<total>6</total>
				<timestamp>4784.551435</timestamp>
			</report>
			<report>
				<misses>119700000</misses>
				<total>6</total>
				<timestamp>4788.552082</timestamp>
			</report>
			<report>
				<misses>119800000</misses>
				<total>6</total>
				<timestamp>4792.552322</timestamp>
			</report>
			<report>
				<misses>119900000</misses>
				<total>6</total>
				<timestamp>4796.553494</timestamp>
			</report>
			<report>
				<misses>120000000</misses>
				<total>6</total>
				<timestamp>4800.554216</timestamp>
			</report>
			<report>
				<misses>120100000</misses>
				<total>6</total>
				<timestamp>4804.554760</timestamp>
			</report>
			<report>
				<misses>120200000</misses>
				<total>6</total>
				<timestamp>4808.554919</timestamp>
			</report>
			<report>
				<misses>120300000</misses>
				<total>6</total>
				<timestamp>4812.555374</timestamp>
			</report>
			<report>
				<misses>120400000</misses>
				<total>6</total>
				<timestamp>4816.556929</timestamp>
			</report>
			<report>
				<misses>120500000</misses>
				<total>6</total>
				<timestamp>4820.557018</timestamp>
			</report>
			<report>
				<misses>120600000</misses>
				<total>6</total>
				<timestamp>4824.557428</timestamp>
			</report>
			<report>
				<misses>120700000</misses>
				<total>6</total>
				<timestamp>4828.558202</timestamp>
			</report>
			<report>
				<misses>120800000</misses>
				<total>6</total>
				<timestamp>4832.559218</timestamp>
			</report>
			<report>
				<misses>120900000</misses>
				<total>6</total>
				<timestamp>4836.559641</timestamp>
			</report>
			<report>
				<misses>121000000</misses>
				<total>6</total>
				<timestamp>4840.559798</timestamp>
			</report>
			<report>
				<misses>121100000</misses>
				<total>6</total>
				<timestamp>4844.560664</timestamp>
			</report>
			<report>
				<misses>121200000</misses>
				<total>6</total>
				<timestamp>4848.561803</timestamp>
			</report>
			<report>
				<misses>121300000</misses>
				<total>6</total>
				<timestamp>4852.562608</timestamp>
			</report>
			<report>
				<misses>121400000</misses>
				<total>6</total>
				<timestamp>4856.562839</timestamp>
			</report>
			<report>
				<misses>121500000</misses>
				<total>6</total>
				<timestamp>4860.562947</timestamp>
			</report>
			<report>
				<misses>121600000</misses>
				<total>6</total>
				<timestamp>4864.562961</timestamp>
			</report>
			<report>
				<misses>121700000</misses>
				<total>6</total>
				<timestamp>4868.564078</timestamp>
			</report>
			<report>
				<misses>121800000</misses>
				<total>6</total>
				<timestamp>4872.564090</timestamp>
			</report>
			<report>
				<misses>121900000</misses>
				<total>6</total>
				<timestamp>4876.564081</timestamp>
			</report>
			<report>
				<misses>122000000</misses>
				<total>6</total>
				<timestamp>4880.564128</timestamp>
			</report>
			<report>
				<misses>122100000</misses>
				<total>6</total>
				<timestamp>4884.564127</timestamp>
			</report>
			<report>
				<misses>122200000</misses>
				<total>6</total>
				<timestamp>4888.564116</timestamp>
			</report>
			<report>
				<misses>122300000</misses>
				<total>6</total>
				<timestamp>4892.564207</timestamp>
			</report>
			<report>
				<misses>122400000</misses>
				<total>6</total>
				<timestamp>4896.564209</timestamp>
			</report>
			<report>
				<misses>122500000</misses>
				<total>6</total>
				<timestamp>4900.564327</timestamp>
			</report>
			<report>
				<misses>122600000</misses>
				<total>6</total>
				<timestamp>4904.564433</timestamp>
			</report>
			<report>
				<misses>122700000</misses>
				<total>6</total>
				<timestamp>4908.564469</timestamp>
			</report>
			<report>
				<misses>122800000</misses>
				<total>6</total>
				<timestamp>4912.564562</timestamp>
			</report>
			<report>
				<misses>122900000</misses>
				<total>6</total>
				<timestamp>4916.564564</timestamp>
			</report>
			<report>
				<misses>123000000</misses>
				<total>6</total>
				<timestamp>4920.564964</timestamp>
			</report>
			<report>
				<misses>123100000</misses>
				<total>6</total>
				<timestamp>4924.565080</timestamp>
			</report>
			<report>
				<misses>123200000</misses>
				<total>6</total>
				<timestamp>4928.565078</timestamp>
			</report>
			<report>
				<misses>123300000</misses>
				<total>6</total>
				<timestamp>4932.565098</timestamp>
			</report>
			<report>
				<misses>123400000</misses>
				<total>6</total>
				<timestamp>4936.565209</timestamp>
			</report>
			<report>
				<misses>123500000</misses>
				<total>6</total>
				<timestamp>4940.565217</timestamp>
			</report>
			<report>
				<misses>123600000</misses>
				<total>6</total>
				<timestamp>4944.565218</timestamp>
			</report>
			<report>
				<misses>123700000</misses>
				<total>6</total>
				<timestamp>4948.565218</timestamp>
			</report>
			<report>
				<misses>123800000</misses>
				<total>6</total>
				<timestamp>4952.565216</timestamp>
			</report>
			<report>
				<misses>123900000</misses>
				<total>6</total>
				<timestamp>4956.565686</timestamp>
			</report>
			<report>
				<misses>124000000</misses>
				<total>6</total>
				<timestamp>4960.566339</timestamp>
			</report>
			<report>
				<misses>124100000</misses>
				<total>6</total>
				<timestamp>4964.566972</timestamp>
			</report>
			<report>
				<misses>124200000</misses>
				<total>6</total>
				<timestamp>4968.567318</timestamp>
			</report>
			<report>
				<misses>124300000</misses>
				<total>6</total>
				<timestamp>4972.567477</timestamp>
			</report>
			<report>
				<misses>124400000</misses>
				<total>6</total>
				<timestamp>4976.567509</timestamp>
			</report>
			<report>
				<misses>124500000</misses>
				<total>6</total>
				<timestamp>4980.567516</timestamp>
			</report>
			<report>
				<misses>124600000</misses>
				<total>6</total>
				<timestamp>4984.567521</timestamp>
			</report>
			<report>
				<misses>124700000</misses>
				<total>6</total>
				<timestamp>4988.568432</timestamp>
			</report>
			<report>
				<misses>124800000</misses>
				<total>6</total>
				<timestamp>4992.569319</timestamp>
			</report>
			<report>
				<misses>124900000</misses>
				<total>6</total>
				<timestamp>4996.569592</timestamp>
			</report>
			<report>
				<misses>125000000</misses>
				<total>6</total>
				<timestamp>5000.570450</timestamp>
			</report>
			<report>
				<misses>125100000</misses>
				<total>6</total>
				<timestamp>5004.571328</timestamp>
			</report>
			<report>
				<misses>125200000</misses>
				<total>6</total>
				<timestamp>5008.571857</timestamp>
			</report>
			<report>
				<misses>125300000</misses>
				<total>6</total>
				<timestamp>5012.572324</timestamp>
			</report>
			<report>
				<misses>125400000</misses>
				<total>6</total>
				<timestamp>5016.572416</timestamp>
			</report>
			<report>
				<misses>125500000</misses>
				<total>6</total>
				<timestamp>5020.572453</timestamp>
			</report>
			<report>
				<misses>125600000</misses>
				<total>6</total>
				<timestamp>5024.572469</timestamp>
			</report>
			<report>
				<misses>125700000</misses>
				<total>6</total>
				<timestamp>5028.572526</timestamp>
			</report>
			<report>
				<misses>125800000</misses>
				<total>6</total>
				<timestamp>5032.573893</timestamp>
			</report>
			<report>
				<misses>125900000</misses>
				<total>6</total>
				<timestamp>5036.574939</timestamp>
			</report>
			<report>
				<misses>126000000</misses>
				<total>6</total>
				<timestamp>5040.575559</timestamp>
			</report>
			<report>
				<misses>126100000</misses>
				<total>6</total>
				<timestamp>5044.576321</timestamp>
			</report>
			<report>
				<misses>126200000</misses>
				<total>6</total>
				<timestamp>5048.576425</timestamp>
			</report>
			<report>
				<misses>126300000</misses>
				<total>6</total>
				<timestamp>5052.576816</timestamp>
			</report>
			<report>
				<misses>126400000</misses>
				<total>6</total>
				<timestamp>5056.577800</timestamp>
			</report>
			<report>
				<misses>126500000</misses>
				<total>6</total>
				<timestamp>5060.578009</timestamp>
			</report>
			<report>
				<misses>126600000</misses>
				<total>6</total>
				<timestamp>5064.578453</timestamp>
			</report>
			<report>
				<misses>126700000</misses>
				<total>6</total>
				<timestamp>5068.578450</timestamp>
			</report>
			<report>
				<misses>126800000</misses>
				<total>6</total>
				<timestamp>5072.578601</timestamp>
			</report>
			<report>
				<misses>126900000</misses>
				<total>6</total>
				<timestamp>5076.578622</timestamp>
			</report>
			<report>
				<misses>127000000</misses>
				<total>6</total>
				<timestamp>5080.578982</timestamp>
			</report>
			<report>
				<misses>127100000</misses>
				<total>6</total>
				<timestamp>5084.579841</timestamp>
			</report>
			<report>
				<misses>127200000</misses>
				<total>6</total>
				<timestamp>5088.580214</timestamp>
			</report>
			<report>
				<misses>127300000</misses>
				<total>6</total>
				<timestamp>5092.580435</timestamp>
			</report>
			<report>
				<misses>127400000</misses>
				<total>6</total>
				<timestamp>5096.581019</timestamp>
			</report>
			<report>
				<misses>127500000</misses>
				<total>6</total>
				<timestamp>5100.581861</timestamp>
			</report>
			<report>
				<misses>127600000</misses>
				<total>6</total>
				<timestamp>5104.583026</timestamp>
			</report>
			<report>
				<misses>127700000</misses>
				<total>6</total>
				<timestamp>5108.583760</timestamp>
			</report>
			<report>
				<misses>127800000</misses>
				<total>6</total>
				<timestamp>5112.584532</timestamp>
			</report>
			<report>
				<misses>127900000</misses>
				<total>6</total>
				<timestamp>5116.585561</timestamp>
			</report>
			<report>
				<misses>128000000</misses>
				<total>6</total>
				<timestamp>5120.586419</timestamp>
			</report>
			<report>
				<misses>128100000</misses>
				<total>6</total>
				<timestamp>5124.586652</timestamp>
			</report>
			<report>
				<misses>128200000</misses>
				<total>6</total>
				<timestamp>5128.586800</timestamp>
			</report>
			<report>
				<misses>128300000</misses>
				<total>6</total>
				<timestamp>5132.587431</timestamp>
			</report>
			<report>
				<misses>128400000</misses>
				<total>6</total>
				<timestamp>5136.587440</timestamp>
			</report>
			<report>
				<misses>128500000</misses>
				<total>6</total>
				<timestamp>5140.587599</timestamp>
			</report>
			<report>
				<misses>128600000</misses>
				<total>6</total>
				<timestamp>5144.587693</timestamp>
			</report>
			<report>
				<misses>128700000</misses>
				<total>6</total>
				<timestamp>5148.587735</timestamp>
			</report>
			<report>
				<misses>128800000</misses>
				<total>6</total>
				<timestamp>5152.587849</timestamp>
			</report>
			<report>
				<misses>128900000</misses>
				<total>6</total>
				<timestamp>5156.588445</timestamp>
			</report>
			<report>
				<misses>129000000</misses>
				<total>6</total>
				<timestamp>5160.588851</timestamp>
			</report>
			<report>
				<misses>129100000</misses>
				<total>6</total>
				<timestamp>5164.589452</timestamp>
			</report>
			<report>
				<misses>129200000</misses>
				<total>6</total>
				<timestamp>5168.589563</timestamp>
			</report>
			<report>
				<misses>129300000</misses>
				<total>6</total>
				<timestamp>5172.589766</timestamp>
			</report>
			<report>
				<misses>129400000</misses>
				<total>6</total>
				<timestamp>5176.590515</timestamp>
			</report>
			<report>
				<misses>129500000</misses>
				<total>6</total>
				<timestamp>5180.591256</timestamp>
			</report>
			<report>
				<misses>129600000</misses>
				<total>6</total>
				<timestamp>5184.591998</timestamp>
			</report>
			<report>
				<misses>129700000</misses>
				<total>6</total>
				<timestamp>5188.593452</timestamp>
			</report>
			<report>
				<misses>129800000</misses>
				<total>6</total>
				<timestamp>5192.593747</timestamp>
			</report>
			<report>
				<misses>129900000</misses>
				<total>6</total>
				<timestamp>5196.593893</timestamp>
			</report>
			<report>
				<misses>130000000</misses>
				<total>6</total>
				<timestamp>5200.594556</timestamp>
			</report>
			<report>
				<misses>130100000</misses>
				<total>6</total>
				<timestamp>5204.595437</timestamp>
			</report>
			<report>
				<misses>130200000</misses>
				<total>6</total>
				<timestamp>5208.596310</timestamp>
			</report>
			<report>
				<misses>130300000</misses>
				<total>6</total>
				<timestamp>5212.596327</timestamp>
			</report>
			<report>
				<misses>130400000</misses>
				<total>6</total>
				<timestamp>5216.596961</timestamp>
			</report>
			<report>
				<misses>130500000</misses>
				<total>6</total>
				<timestamp>5220.597307</timestamp>
			</report>
			<report>
				<misses>130600000</misses>
				<total>6</total>
				<timestamp>5224.598486</timestamp>
			</report>
			<report>
				<misses>130700000</misses>
				<total>6</total>
				<timestamp>5228.599036</timestamp>
			</report>
			<report>
				<misses>130800000</misses>
				<total>6</total>
				<timestamp>5232.599329</timestamp>
			</report>
			<report>
				<misses>130900000</misses>
				<total>6</total>
				<timestamp>5236.599607</timestamp>
			</report>
			<report>
				<misses>131000000</misses>
				<total>6</total>
				<timestamp>5240.600178</timestamp>
			</report>
			<report>
				<misses>131100000</misses>
				<total>6</total>
				<timestamp>5244.600658</timestamp>
			</report>
			<report>
				<misses>131200000</misses>
				<total>6</total>
				<timestamp>5248.601479</timestamp>
			</report>
			<report>
				<misses>131300000</misses>
				<total>6</total>
				<timestamp>5252.601561</timestamp>
			</report>
			<report>
				<misses>131400000</misses>
				<total>6</total>
				<timestamp>5256.602524</timestamp>
			</report>
			<report>
				<misses>131500000</misses>
				<total>6</total>
				<timestamp>5260.602742</timestamp>
			</report>
			<report>
				<misses>131600000</misses>
				<total>7</total>
				<timestamp>5264.603044</timestamp>
			</report>
			<report>
				<misses>131700000</misses>
				<total>7</total>
				<timestamp>5268.603437</timestamp>
			</report>
			<report>
				<misses>131800000</misses>
				<total>7</total>
				<timestamp>5272.604330</timestamp>
			</report>
			<report>
				<misses>131900000</misses>
				<total>7</total>
				<timestamp>5276.604961</timestamp>
			</report>
			<report>
				<misses>132000000</misses>
				<total>7</total>
				<timestamp>5280.605557</timestamp>
			</report>
			<report>
				<misses>132100000</misses>
				<total>7</total>
				<timestamp>5284.606686</timestamp>
			</report>
			<report>
				<misses>132200000</misses>
				<total>7</total>
				<timestamp>5288.607444</timestamp>
			</report>
			<report>
				<misses>132300000</misses>
				<total>7</total>
				<timestamp>5292.607841</timestamp>
			</report>
			<report>
				<misses>132400000</misses>
				<total>7</total>
				<timestamp>5296.608654</timestamp>
			</report>
			<report>
				<misses>132500000</misses>
				<total>7</total>
				<timestamp>5300.609224</timestamp>
			</report>
			<report>
				<misses>132600000</misses>
				<total>7</total>
				<timestamp>5304.609348</timestamp>
			</report>
			<report>
				<misses>132700000</misses>
				<total>7</total>
				<timestamp>5308.609888</timestamp>
			</report>
			<report>
				<misses>132800000</misses>
				<total>7</total>
				<timestamp>5312.610210</timestamp>
			</report>
			<report>
				<misses>132900000</misses>
				<total>7</total>
				<timestamp>5316.610955</timestamp>
			</report>
			<report>
				<misses>133000000</misses>
				<total>7</total>
				<timestamp>5320.611501</timestamp>
			</report>
			<report>
				<misses>133100000</misses>
				<total>7</total>
				<timestamp>5324.611829</timestamp>
			</report>
			<report>
				<misses>133200000</misses>
				<total>7</total>
				<timestamp>5328.611961</timestamp>
			</report>
			<report>
				<misses>133300000</misses>
				<total>7</total>
				<timestamp>5332.612643</timestamp>
			</report>
			<report>
				<misses>133400000</misses>
				<total>7</total>
				<timestamp>5336.612847</timestamp>
			</report>
			<report>
				<misses>133500000</misses>
				<total>7</total>
				<timestamp>5340.613822</timestamp>
			</report>
			<report>
				<misses>133600000</misses>
				<total>7</total>
				<timestamp>5344.614210</timestamp>
			</report>
			<report>
				<misses>133700000</misses>
				<total>7</total>
				<timestamp>5348.614459</timestamp>
			</report>
			<report>
				<misses>133800000</misses>
				<total>7</total>
				<timestamp>5352.614441</timestamp>
			</report>
			<report>
				<misses>133900000</misses>
				<total>7</total>
				<timestamp>5356.614515</timestamp>
			</report>
			<report>
				<misses>134000000</misses>
				<total>7</total>
				<timestamp>5360.614520</timestamp>
			</report>
			<report>
				<misses>134100000</misses>
				<total>7</total>
				<timestamp>5364.614514</timestamp>
			</report>
			<report>
				<misses>134200000</misses>
				<total>7</total>
				<timestamp>5368.614522</timestamp>
			</report>
			<report>
				<misses>134300000</misses>
				<total>7</total>
				<timestamp>5372.614539</timestamp>
			</report>
			<report>
				<misses>134400000</misses>
				<total>7</total>
				<timestamp>5376.614525</timestamp>
			</report>
			<report>
				<misses>134500000</misses>
				<total>7</total>
				<timestamp>5380.616048</timestamp>
			</report>
			<report>
				<misses>134600000</misses>
				<total>7</total>
				<timestamp>5384.616100</timestamp>
			</report>
			<report>
				<misses>134700000</misses>
				<total>7</total>
				<timestamp>5388.616546</timestamp>
			</report>
			<report>
				<misses>134800000</misses>
				<total>7</total>
				<timestamp>5392.617215</timestamp>
			</report>
			<report>
				<misses>134900000</misses>
				<total>7</total>
				<timestamp>5396.617729</timestamp>
			</report>
			<report>
				<misses>135000000</misses>
				<total>7</total>
				<timestamp>5400.618001</timestamp>
			</report>
			<report>
				<misses>135100000</misses>
				<total>7</total>
				<timestamp>5404.618321</timestamp>
			</report>
			<report>
				<misses>135200000</misses>
				<total>7</total>
				<timestamp>5408.618839</timestamp>
			</report>
			<report>
				<misses>135300000</misses>
				<total>7</total>
				<timestamp>5412.619530</timestamp>
			</report>
			<report>
				<misses>135400000</misses>
				<total>7</total>
				<timestamp>5416.620072</timestamp>
			</report>
			<report>
				<misses>135500000</misses>
				<total>7</total>
				<timestamp>5420.620075</timestamp>
			</report>
			<report>
				<misses>135600000</misses>
				<total>7</total>
				<timestamp>5424.620660</timestamp>
			</report>
			<report>
				<misses>135700000</misses>
				<total>7</total>
				<timestamp>5428.621935</timestamp>
			</report>
			<report>
				<misses>135800000</misses>
				<total>7</total>
				<timestamp>5432.623073</timestamp>
			</report>
			<report>
				<misses>135900000</misses>
				<total>7</total>
				<timestamp>5436.623088</timestamp>
			</report>
			<report>
				<misses>136000000</misses>
				<total>8</total>
				<timestamp>5440.623431</timestamp>
			</report>
			<report>
				<misses>136100000</misses>
				<total>8</total>
				<timestamp>5444.623614</timestamp>
			</report>
			<report>
				<misses>136200000</misses>
				<total>8</total>
				<timestamp>5448.624120</timestamp>
			</report>
			<report>
				<misses>136300000</misses>
				<total>8</total>
				<timestamp>5452.624882</timestamp>
			</report>
			<report>
				<misses>136400000</misses>
				<total>8</total>
				<timestamp>5456.625215</timestamp>
			</report>
			<report>
				<misses>136500000</misses>
				<total>8</total>
				<timestamp>5460.625756</timestamp>
			</report>
			<report>
				<misses>136600000</misses>
				<total>8</total>
				<timestamp>5464.626234</timestamp>
			</report>
			<report>
				<misses>136700000</misses>
				<total>8</total>
				<timestamp>5468.626408</timestamp>
			</report>
			<report>
				<misses>136800000</misses>
				<total>8</total>
				<timestamp>5472.627509</timestamp>
			</report>
			<report>
				<misses>136900000</misses>
				<total>8</total>
				<timestamp>5476.628652</timestamp>
			</report>
			<report>
				<misses>137000000</misses>
				<total>8</total>
				<timestamp>5480.628694</timestamp>
			</report>
			<report>
				<misses>137100000</misses>
				<total>8</total>
				<timestamp>5484.629970</timestamp>
			</report>
			<report>
				<misses>137200000</misses>
				<total>8</total>
				<timestamp>5488.630756</timestamp>
			</report>
			<report>
				<misses>137300000</misses>
				<total>8</total>
				<timestamp>5492.631559</timestamp>
			</report>
			<report>
				<misses>137400000</misses>
				<total>8</total>
				<timestamp>5496.632430</timestamp>
			</report>
			<report>
				<misses>137500000</misses>
				<total>8</total>
				<timestamp>5500.633171</timestamp>
			</report>
			<report>
				<misses>137600000</misses>
				<total>8</total>
				<timestamp>5504.633570</timestamp>
			</report>
			<report>
				<misses>137700000</misses>
				<total>8</total>
				<timestamp>5508.635019</timestamp>
			</report>
			<report>
				<misses>137800000</misses>
				<total>8</total>
				<timestamp>5512.635720</timestamp>
			</report>
			<report>
				<misses>137900000</misses>
				<total>8</total>
				<timestamp>5516.635888</timestamp>
			</report>
			<report>
				<misses>138000000</misses>
				<total>8</total>
				<timestamp>5520.635972</timestamp>
			</report>
			<report>
				<misses>138100000</misses>
				<total>8</total>
				<timestamp>5524.636686</timestamp>
			</report>
			<report>
				<misses>138200000</misses>
				<total>8</total>
				<timestamp>5528.636989</timestamp>
			</report>
			<report>
				<misses>138300000</misses>
				<total>8</total>
				<timestamp>5532.638081</timestamp>
			</report>
			<report>
				<misses>138400000</misses>
				<total>8</total>
				<timestamp>5536.638320</timestamp>
			</report>
			<report>
				<misses>138500000</misses>
				<total>8</total>
				<timestamp>5540.638522</timestamp>
			</report>
			<report>
				<misses>138600000</misses>
				<total>8</total>
				<timestamp>5544.638684</timestamp>
			</report>
			<report>
				<misses>138700000</misses>
				<total>8</total>
				<timestamp>5548.638979</timestamp>
			</report>
			<report>
				<misses>138800000</misses>
				<total>8</total>
				<timestamp>5552.639013</timestamp>
			</report>
			<report>
				<misses>138900000</misses>
				<total>8</total>
				<timestamp>5556.639026</timestamp>
			</report>
			<report>
				<misses>139000000</misses>
				<total>8</total>
				<timestamp>5560.639321</timestamp>
			</report>
			<report>
				<misses>139100000</misses>
				<total>8</total>
				<timestamp>5564.639729</timestamp>
			</report>
			<report>
				<misses>139200000</misses>
				<total>8</total>
				<timestamp>5568.640330</timestamp>
			</report>
			<report>
				<misses>139300000</misses>
				<total>8</total>
				<timestamp>5572.640353</timestamp>
			</report>
			<report>
				<misses>139400000</misses>
				<total>8</total>
				<timestamp>5576.640518</timestamp>
			</report>
			<report>
				<misses>139500000</misses>
				<total>8</total>
				<timestamp>5580.640879</timestamp>
			</report>
			<report>
				<misses>139600000</misses>
				<total>8</total>
				<timestamp>5584.641338</timestamp>
			</report>
			<report>
				<misses>139700000</misses>
				<total>8</total>
				<timestamp>5588.642048</timestamp>
			</report>
			<report>
				<misses>139800000</misses>
				<total>8</total>
				<timestamp>5592.642776</timestamp>
			</report>
			<report>
				<misses>139900000</misses>
				<total>8</total>
				<timestamp>5596.643312</timestamp>
			</report>
			<report>
				<misses>140000000</misses>
				<total>8</total>
				<timestamp>5600.645055</timestamp>
			</report>
			<report>
				<misses>140100000</misses>
				<total>8</total>
				<timestamp>5604.645538</timestamp>
			</report>
			<report>
				<misses>140200000</misses>
				<total>8</total>
				<timestamp>5608.646220</timestamp>
			</report>
			<report>
				<misses>140300000</misses>
				<total>8</total>
				<timestamp>5612.646817</timestamp>
			</report>
			<report>
				<misses>140400000</misses>
				<total>8</total>
				<timestamp>5616.646855</timestamp>
			</report>
			<report>
				<misses>140500000</misses>
				<total>8</total>
				<timestamp>5620.646850</timestamp>
			</report>
			<report>
				<misses>140600000</misses>
				<total>8</total>
				<timestamp>5624.647555</timestamp>
			</report>
			<report>
				<misses>140700000</misses>
				<total>8</total>
				<timestamp>5628.648361</timestamp>
			</report>
			<report>
				<misses>140800000</misses>
				<total>8</total>
				<timestamp>5632.649452</timestamp>
			</report>
			<report>
				<misses>140900000</misses>
				<total>8</total>
				<timestamp>5636.650619</timestamp>
			</report>
			<report>
				<misses>141000000</misses>
				<total>8</total>
				<timestamp>5640.651567</timestamp>
			</report>
			<report>
				<misses>141100000</misses>
				<total>8</total>
				<timestamp>5644.652343</timestamp>
			</report>
			<report>
				<misses>141200000</misses>
				<total>8</total>
				<timestamp>5648.652957</timestamp>
			</report>
			<report>
				<misses>141300000</misses>
				<total>8</total>
				<timestamp>5652.653495</timestamp>
			</report>
			<report>
				<misses>141400000</misses>
				<total>8</total>
				<timestamp>5656.654519</timestamp>
			</report>
			<report>
				<misses>141500000</misses>
				<total>8</total>
				<timestamp>5660.655513</timestamp>
			</report>
			<report>
				<misses>141600000</misses>
				<total>8</total>
				<timestamp>5664.655724</timestamp>
			</report>
			<report>
				<misses>141700000</misses>
				<total>8</total>
				<timestamp>5668.656566</timestamp>
			</report>
			<report>
				<misses>141800000</misses>
				<total>8</total>
				<timestamp>5672.657207</timestamp>
			</report>
			<report>
				<misses>141900000</misses>
				<total>8</total>
				<timestamp>5676.658042</timestamp>
			</report>
			<report>
				<misses>142000000</misses>
				<total>8</total>
				<timestamp>5680.658962</timestamp>
			</report>
			<report>
				<misses>142100000</misses>
				<total>8</total>
				<timestamp>5684.660453</timestamp>
			</report>
			<report>
				<misses>142200000</misses>
				<total>8</total>
				<timestamp>5688.660760</timestamp>
			</report>
			<report>
				<misses>142300000</misses>
				<total>8</total>
				<timestamp>5692.660919</timestamp>
			</report>
			<report>
				<misses>142400000</misses>
				<total>8</total>
				<timestamp>5696.662200</timestamp>
			</report>
			<report>
				<misses>142500000</misses>
				<total>8</total>
				<timestamp>5700.662439</timestamp>
			</report>
			<report>
				<misses>142600000</misses>
				<total>8</total>
				<timestamp>5704.663049</timestamp>
			</report>
			<report>
				<misses>142700000</misses>
				<total>8</total>
				<timestamp>5708.663331</timestamp>
			</report>
			<report>
				<misses>142800000</misses>
				<total>8</total>
				<timestamp>5712.663728</timestamp>
			</report>
			<report>
				<misses>142900000</misses>
				<total>8</total>
				<timestamp>5716.664088</timestamp>
			</report>
			<report>
				<misses>143000000</misses>
				<total>8</total>
				<timestamp>5720.664453</timestamp>
			</report>
			<report>
				<misses>143100000</misses>
				<total>8</total>
				<timestamp>5724.664835</timestamp>
			</report>
			<report>
				<misses>143200000</misses>
				<total>8</total>
				<timestamp>5728.664898</timestamp>
			</report>
			<report>
				<misses>143300000</misses>
				<total>8</total>
				<timestamp>5732.665698</timestamp>
			</report>
			<report>
				<misses>143400000</misses>
				<total>8</total>
				<timestamp>5736.666599</timestamp>
			</report>
			<report>
				<misses>143500000</misses>
				<total>8</total>
				<timestamp>5740.667350</timestamp>
			</report>
			<report>
				<misses>143600000</misses>
				<total>8</total>
				<timestamp>5744.667727</timestamp>
			</report>
			<report>
				<misses>143700000</misses>
				<total>8</total>
				<timestamp>5748.668981</timestamp>
			</report>
			<report>
				<misses>143800000</misses>
				<total>8</total>
				<timestamp>5752.669428</timestamp>
			</report>
			<report>
				<misses>143900000</misses>
				<total>8</total>
				<timestamp>5756.669808</timestamp>
			</report>
			<report>
				<misses>144000000</misses>
				<total>8</total>
				<timestamp>5760.669927</timestamp>
			</report>
			<report>
				<misses>144100000</misses>
				<total>8</total>
				<timestamp>5764.670324</timestamp>
			</report>
			<report>
				<misses>144200000</misses>
				<total>8</total>
				<timestamp>5768.670689</timestamp>
			</report>
			<report>
				<misses>144300000</misses>
				<total>8</total>
				<timestamp>5772.670798</timestamp>
			</report>
			<report>
				<misses>144400000</misses>
				<total>8</total>
				<timestamp>5776.671073</timestamp>
			</report>
			<report>
				<misses>144500000</misses>
				<total>8</total>
				<timestamp>5780.672410</timestamp>
			</report>
			<report>
				<misses>144600000</misses>
				<total>8</total>
				<timestamp>5784.672459</timestamp>
			</report>
			<report>
				<misses>144700000</misses>
				<total>8</total>
				<timestamp>5788.672442</timestamp>
			</report>
			<report>
				<misses>144800000</misses>
				<total>8</total>
				<timestamp>5792.672481</timestamp>
			</report>
			<report>
				<misses>144900000</misses>
				<total>8</total>
				<timestamp>5796.672478</timestamp>
			</report>
			<report>
				<misses>145000000</misses>
				<total>8</total>
				<timestamp>5800.672556</timestamp>
			</report>
			<report>
				<misses>145100000</misses>
				<total>8</total>
				<timestamp>5804.672559</timestamp>
			</report>
			<report>
				<misses>145200000</misses>
				<total>8</total>
				<timestamp>5808.672620</timestamp>
			</report>
			<report>
				<misses>145300000</misses>
				<total>8</total>
				<timestamp>5812.672599</timestamp>
			</report>
			<report>
				<misses>145400000</misses>
				<total>8</total>
				<timestamp>5816.672604</timestamp>
			</report>
			<report>
				<misses>145500000</misses>
				<total>8</total>
				<timestamp>5820.672607</timestamp>
			</report>
			<report>
				<misses>145600000</misses>
				<total>8</total>
				<timestamp>5824.672854</timestamp>
			</report>
			<report>
				<misses>145700000</misses>
				<total>8</total>
				<timestamp>5828.673217</timestamp>
			</report>
			<report>
				<misses>145800000</misses>
				<total>8</total>
				<timestamp>5832.673526</timestamp>
			</report>
			<report>
				<misses>145900000</misses>
				<total>8</total>
				<timestamp>5836.673651</timestamp>
			</report>
			<report>
				<misses>146000000</misses>
				<total>8</total>
				<timestamp>5840.674046</timestamp>
			</report>
			<report>
				<misses>146100000</misses>
				<total>8</total>
				<timestamp>5844.674208</timestamp>
			</report>
			<report>
				<misses>146200000</misses>
				<total>8</total>
				<timestamp>5848.674231</timestamp>
			</report>
			<report>
				<misses>146300000</misses>
				<total>8</total>
				<timestamp>5852.674561</timestamp>
			</report>
			<report>
				<misses>146400000</misses>
				<total>8</total>
				<timestamp>5856.675490</timestamp>
			</report>
			<report>
				<misses>146500000</misses>
				<total>8</total>
				<timestamp>5860.676346</timestamp>
			</report>
			<report>
				<misses>146600000</misses>
				<total>8</total>
				<timestamp>5864.677242</timestamp>
			</report>
			<report>
				<misses>146700000</misses>
				<total>8</total>
				<timestamp>5868.677450</timestamp>
			</report>
			<report>
				<misses>146800000</misses>
				<total>8</total>
				<timestamp>5872.677557</timestamp>
			</report>
			<report>
				<misses>146900000</misses>
				<total>8</total>
				<timestamp>5876.677735</timestamp>
			</report>
			<report>
				<misses>147000000</misses>
				<total>8</total>
				<timestamp>5880.678311</timestamp>
			</report>
			<report>
				<misses>147100000</misses>
				<total>8</total>
				<timestamp>5884.678567</timestamp>
			</report>
			<report>
				<misses>147200000</misses>
				<total>8</total>
				<timestamp>5888.678726</timestamp>
			</report>
			<report>
				<misses>147300000</misses>
				<total>8</total>
				<timestamp>5892.678735</timestamp>
			</report>
			<report>
				<misses>147400000</misses>
				<total>8</total>
				<timestamp>5896.679312</timestamp>
			</report>
			<report>
				<misses>147500000</misses>
				<total>8</total>
				<timestamp>5900.680335</timestamp>
			</report>
			<report>
				<misses>147600000</misses>
				<total>8</total>
				<timestamp>5904.681332</timestamp>
			</report>
			<report>
				<misses>147700000</misses>
				<total>8</total>
				<timestamp>5908.681495</timestamp>
			</report>
			<report>
				<misses>147800000</misses>
				<total>8</total>
				<timestamp>5912.682448</timestamp>
			</report>
			<report>
				<misses>147900000</misses>
				<total>8</total>
				<timestamp>5916.683051</timestamp>
			</report>
			<report>
				<misses>148000000</misses>
				<total>8</total>
				<timestamp>5920.684293</timestamp>
			</report>
			<report>
				<misses>148100000</misses>
				<total>8</total>
				<timestamp>5924.684324</timestamp>
			</report>
			<report>
				<misses>148200000</misses>
				<total>8</total>
				<timestamp>5928.684420</timestamp>
			</report>
			<report>
				<misses>148300000</misses>
				<total>8</total>
				<timestamp>5932.685322</timestamp>
			</report>
			<report>
				<misses>148400000</misses>
				<total>8</total>
				<timestamp>5936.685862</timestamp>
			</report>
			<report>
				<misses>148500000</misses>
				<total>8</total>
				<timestamp>5940.687093</timestamp>
			</report>
			<report>
				<misses>148600000</misses>
				<total>8</total>
				<timestamp>5944.688076</timestamp>
			</report>
			<report>
				<misses>148700000</misses>
				<total>8</total>
				<timestamp>5948.688482</timestamp>
			</report>
			<report>
				<misses>148800000</misses>
				<total>8</total>
				<timestamp>5952.688657</timestamp>
			</report>
			<report>
				<misses>148900000</misses>
				<total>8</total>
				<timestamp>5956.688893</timestamp>
			</report>
			<report>
				<misses>149000000</misses>
				<total>8</total>
				<timestamp>5960.689890</timestamp>
			</report>
			<report>
				<misses>149100000</misses>
				<total>8</total>
				<timestamp>5964.690223</timestamp>
			</report>
			<report>
				<misses>149200000</misses>
				<total>8</total>
				<timestamp>5968.690532</timestamp>
			</report>
			<report>
				<misses>149300000</misses>
				<total>8</total>
				<timestamp>5972.691048</timestamp>
			</report>
			<report>
				<misses>149400000</misses>
				<total>8</total>
				<timestamp>5976.691398</timestamp>
			</report>
			<report>
				<misses>149500000</misses>
				<total>8</total>
				<timestamp>5980.691995</timestamp>
			</report>
			<report>
				<misses>149600000</misses>
				<total>8</total>
				<timestamp>5984.692939</timestamp>
			</report>
			<report>
				<misses>149700000</misses>
				<total>8</total>
				<timestamp>5988.693329</timestamp>
			</report>
			<report>
				<misses>149800000</misses>
				<total>8</total>
				<timestamp>5992.694423</timestamp>
			</report>
			<report>
				<misses>149900000</misses>
				<total>8</total>
				<timestamp>5996.695014</timestamp>
			</report>
			<report>
				<misses>150000000</misses>
				<total>8</total>
				<timestamp>6000.695860</timestamp>
			</report>
			<report>
				<misses>150100000</misses>
				<total>8</total>
				<timestamp>6004.696080</timestamp>
			</report>
			<report>
				<misses>150200000</misses>
				<total>8</total>
				<timestamp>6008.696621</timestamp>
			</report>
			<report>
				<misses>150300000</misses>
				<total>8</total>
				<timestamp>6012.696896</timestamp>
			</report>
			<report>
				<misses>150400000</misses>
				<total>8</total>
				<timestamp>6016.697207</timestamp>
			</report>
			<report>
				<misses>150500000</misses>
				<total>8</total>
				<timestamp>6020.697646</timestamp>
			</report>
			<report>
				<misses>150600000</misses>
				<total>8</total>
				<timestamp>6024.697642</timestamp>
			</report>
			<report>
				<misses>150700000</misses>
				<total>8</total>
				<timestamp>6028.698443</timestamp>
			</report>
			<report>
				<misses>150800000</misses>
				<total>8</total>
				<timestamp>6032.699562</timestamp>
			</report>
			<report>
				<misses>150900000</misses>
				<total>8</total>
				<timestamp>6036.700192</timestamp>
			</report>
			<report>
				<misses>151000000</misses>
				<total>8</total>
				<timestamp>6040.700211</timestamp>
			</report>
			<report>
				<misses>151100000</misses>
				<total>8</total>
				<timestamp>6044.700339</timestamp>
			</report>
			<report>
				<misses>151200000</misses>
				<total>8</total>
				<timestamp>6048.700888</timestamp>
			</report>
			<report>
				<misses>151300000</misses>
				<total>8</total>
				<timestamp>6052.702093</timestamp>
			</report>
			<report>
				<misses>151400000</misses>
				<total>8</total>
				<timestamp>6056.702445</timestamp>
			</report>
			<report>
				<misses>151500000</misses>
				<total>8</total>
				<timestamp>6060.702558</timestamp>
			</report>
			<report>
				<misses>151600000</misses>
				<total>8</total>
				<timestamp>6064.702736</timestamp>
			</report>
			<report>
				<misses>151700000</misses>
				<total>8</total>
				<timestamp>6068.703038</timestamp>
			</report>
			<report>
				<misses>151800000</misses>
				<total>8</total>
				<timestamp>6072.703502</timestamp>
			</report>
			<report>
				<misses>151900000</misses>
				<total>8</total>
				<timestamp>6076.703721</timestamp>
			</report>
			<report>
				<misses>152000000</misses>
				<total>8</total>
				<timestamp>6080.703919</timestamp>
			</report>
			<report>
				<misses>152100000</misses>
				<total>8</total>
				<timestamp>6084.705007</timestamp>
			</report>
			<report>
				<misses>152200000</misses>
				<total>8</total>
				<timestamp>6088.705093</timestamp>
			</report>
			<report>
				<misses>152300000</misses>
				<total>8</total>
				<timestamp>6092.705806</timestamp>
			</report>
			<report>
				<misses>152400000</misses>
				<total>8</total>
				<timestamp>6096.705960</timestamp>
			</report>
			<report>
				<misses>152500000</misses>
				<total>8</total>
				<timestamp>6100.706964</timestamp>
			</report>
			<report>
				<misses>152600000</misses>
				<total>8</total>
				<timestamp>6104.707010</timestamp>
			</report>
			<report>
				<misses>152700000</misses>
				<total>8</total>
				<timestamp>6108.707078</timestamp>
			</report>
			<report>
				<misses>152800000</misses>
				<total>8</total>
				<timestamp>6112.707204</timestamp>
			</report>
			<report>
				<misses>152900000</misses>
				<total>8</total>
				<timestamp>6116.707563</timestamp>
			</report>
			<report>
				<misses>153000000</misses>
				<total>8</total>
				<timestamp>6120.707770</timestamp>
			</report>
			<report>
				<misses>153100000</misses>
				<total>8</total>
				<timestamp>6124.707764</timestamp>
			</report>
			<report>
				<misses>153200000</misses>
				<total>8</total>
				<timestamp>6128.707879</timestamp>
			</report>
			<report>
				<misses>153300000</misses>
				<total>8</total>
				<timestamp>6132.708331</timestamp>
			</report>
			<report>
				<misses>153400000</misses>
				<total>8</total>
				<timestamp>6136.708454</timestamp>
			</report>
			<report>
				<misses>153500000</misses>
				<total>8</total>
				<timestamp>6140.709239</timestamp>
			</report>
			<report>
				<misses>153600000</misses>
				<total>8</total>
				<timestamp>6144.709365</timestamp>
			</report>
			<report>
				<misses>153700000</misses>
				<total>8</total>
				<timestamp>6148.710233</timestamp>
			</report>
			<report>
				<misses>153800000</misses>
				<total>8</total>
				<timestamp>6152.711526</timestamp>
			</report>
			<report>
				<misses>153900000</misses>
				<total>8</total>
				<timestamp>6156.711880</timestamp>
			</report>
			<report>
				<misses>154000000</misses>
				<total>8</total>
				<timestamp>6160.712175</timestamp>
			</report>
			<report>
				<misses>154100000</misses>
				<total>8</total>
				<timestamp>6164.712996</timestamp>
			</report>
			<report>
				<misses>154200000</misses>
				<total>8</total>
				<timestamp>6168.713480</timestamp>
			</report>
			<report>
				<misses>154300000</misses>
				<total>8</total>
				<timestamp>6172.713884</timestamp>
			</report>
			<report>
				<misses>154400000</misses>
				<total>8</total>
				<timestamp>6176.714207</timestamp>
			</report>
			<report>
				<misses>154500000</misses>
				<total>8</total>
				<timestamp>6180.714756</timestamp>
			</report>
			<report>
				<misses>154600000</misses>
				<total>8</total>
				<timestamp>6184.715447</timestamp>
			</report>
			<report>
				<misses>154700000</misses>
				<total>8</total>
				<timestamp>6188.715651</timestamp>
			</report>
			<report>
				<misses>154800000</misses>
				<total>8</total>
				<timestamp>6192.715782</timestamp>
			</report>
			<report>
				<misses>154900000</misses>
				<total>8</total>
				<timestamp>6196.716727</timestamp>
			</report>
			<report>
				<misses>155000000</misses>
				<total>8</total>
				<timestamp>6200.717320</timestamp>
			</report>
			<report>
				<misses>155100000</misses>
				<total>8</total>
				<timestamp>6204.717440</timestamp>
			</report>
			<report>
				<misses>155200000</misses>
				<total>8</total>
				<timestamp>6208.719050</timestamp>
			</report>
			<report>
				<misses>155300000</misses>
				<total>8</total>
				<timestamp>6212.719041</timestamp>
			</report>
			<report>
				<misses>155400000</misses>
				<total>8</total>
				<timestamp>6216.719053</timestamp>
			</report>
			<report>
				<misses>155500000</misses>
				<total>8</total>
				<timestamp>6220.719046</timestamp>
			</report>
			<report>
				<misses>155600000</misses>
				<total>8</total>
				<timestamp>6224.719441</timestamp>
			</report>
			<report>
				<misses>155700000</misses>
				<total>8</total>
				<timestamp>6228.720437</timestamp>
			</report>
			<report>
				<misses>155800000</misses>
				<total>8</total>
				<timestamp>6232.720877</timestamp>
			</report>
			<report>
				<misses>155900000</misses>
				<total>8</total>
				<timestamp>6236.721690</timestamp>
			</report>
			<report>
				<misses>156000000</misses>
				<total>8</total>
				<timestamp>6240.722236</timestamp>
			</report>
			<report>
				<misses>156100000</misses>
				<total>8</total>
				<timestamp>6244.722338</timestamp>
			</report>
			<report>
				<misses>156200000</misses>
				<total>8</total>
				<timestamp>6248.723208</timestamp>
			</report>
			<report>
				<misses>156300000</misses>
				<total>8</total>
				<timestamp>6252.723609</timestamp>
			</report>
			<report>
				<misses>156400000</misses>
				<total>8</total>
				<timestamp>6256.724330</timestamp>
			</report>
			<report>
				<misses>156500000</misses>
				<total>8</total>
				<timestamp>6260.724930</timestamp>
			</report>
			<report>
				<misses>156600000</misses>
				<total>8</total>
				<timestamp>6264.724971</timestamp>
			</report>
			<report>
				<misses>156700000</misses>
				<total>8</total>
				<timestamp>6268.725433</timestamp>
			</report>
			<report>
				<misses>156800000</misses>
				<total>8</total>
				<timestamp>6272.725775</timestamp>
			</report>
			<report>
				<misses>156900000</misses>
				<total>8</total>
				<timestamp>6276.726082</timestamp>
			</report>
			<report>
				<misses>157000000</misses>
				<total>8</total>
				<timestamp>6280.726532</timestamp>
			</report>
			<report>
				<misses>157100000</misses>
				<total>8</total>
				<timestamp>6284.726602</timestamp>
			</report>
			<report>
				<misses>157200000</misses>
				<total>8</total>
				<timestamp>6288.727224</timestamp>
			</report>
			<report>
				<misses>157300000</misses>
				<total>8</total>
				<timestamp>6292.727222</timestamp>
			</report>
			<report>
				<misses>157400000</misses>
				<total>8</total>
				<timestamp>6296.727455</timestamp>
			</report>
			<report>
				<misses>157500000</misses>
				<total>8</total>
				<timestamp>6300.729159</timestamp>
			</report>
			<report>
				<misses>157600000</misses>
				<total>8</total>
				<timestamp>6304.730065</timestamp>
			</report>
			<report>
				<misses>157700000</misses>
				<total>8</total>
				<timestamp>6308.730206</timestamp>
			</report>
			<report>
				<misses>157800000</misses>
				<total>8</total>
				<timestamp>6312.730448</timestamp>
			</report>
			<report>
				<misses>157900000</misses>
				<total>8</total>
				<timestamp>6316.730922</timestamp>
			</report>
			<report>
				<misses>158000000</misses>
				<total>8</total>
				<timestamp>6320.731650</timestamp>
			</report>
			<report>
				<misses>158100000</misses>
				<total>8</total>
				<timestamp>6324.732315</timestamp>
			</report>
			<report>
				<misses>158200000</misses>
				<total>8</total>
				<timestamp>6328.732857</timestamp>
			</report>
			<report>
				<misses>158300000</misses>
				<total>8</total>
				<timestamp>6332.732914</timestamp>
			</report>
			<report>
				<misses>158400000</misses>
				<total>8</total>
				<timestamp>6336.733053</timestamp>
			</report>
			<report>
				<misses>158500000</misses>
				<total>8</total>
				<timestamp>6340.733444</timestamp>
			</report>
			<report>
				<misses>158600000</misses>
				<total>8</total>
				<timestamp>6344.734007</timestamp>
			</report>
			<report>
				<misses>158700000</misses>
				<total>8</total>
				<timestamp>6348.734320</timestamp>
			</report>
			<report>
				<misses>158800000</misses>
				<total>8</total>
				<timestamp>6352.734325</timestamp>
			</report>
			<report>
				<misses>158900000</misses>
				<total>8</total>
				<timestamp>6356.734560</timestamp>
			</report>
			<report>
				<misses>159000000</misses>
				<total>8</total>
				<timestamp>6360.735222</timestamp>
			</report>
			<report>
				<misses>159100000</misses>
				<total>8</total>
				<timestamp>6364.735643</timestamp>
			</report>
			<report>
				<misses>159200000</misses>
				<total>8</total>
				<timestamp>6368.736268</timestamp>
			</report>
			<report>
				<misses>159300000</misses>
				<total>8</total>
				<timestamp>6372.737176</timestamp>
			</report>
			<report>
				<misses>159400000</misses>
				<total>8</total>
				<timestamp>6376.737659</timestamp>
			</report>
			<report>
				<misses>159500000</misses>
				<total>8</total>
				<timestamp>6380.737677</timestamp>
			</report>
			<report>
				<misses>159600000</misses>
				<total>8</total>
				<timestamp>6384.738438</timestamp>
			</report>
			<report>
				<misses>159700000</misses>
				<total>8</total>
				<timestamp>6388.739202</timestamp>
			</report>
			<report>
				<misses>159800000</misses>
				<total>8</total>
				<timestamp>6392.739886</timestamp>
			</report>
			<report>
				<misses>159900000</misses>
				<total>8</total>
				<timestamp>6396.740751</timestamp>
			</report>
			<report>
				<misses>160000000</misses>
				<total>8</total>
				<timestamp>6400.741207</timestamp>
			</report>
			<report>
				<misses>160100000</misses>
				<total>8</total>
				<timestamp>6404.741333</timestamp>
			</report>
			<report>
				<misses>160200000</misses>
				<total>8</total>
				<timestamp>6408.741460</timestamp>
			</report>
			<report>
				<misses>160300000</misses>
				<total>8</total>
				<timestamp>6412.742231</timestamp>
			</report>
			<report>
				<misses>160400000</misses>
				<total>8</total>
				<timestamp>6416.743431</timestamp>
			</report>
			<report>
				<misses>160500000</misses>
				<total>8</total>
				<timestamp>6420.743723</timestamp>
			</report>
			<report>
				<misses>160600000</misses>
				<total>8</total>
				<timestamp>6424.744495</timestamp>
			</report>
			<report>
				<misses>160700000</misses>
				<total>8</total>
				<timestamp>6428.744614</timestamp>
			</report>
			<report>
				<misses>160800000</misses>
				<total>8</total>
				<timestamp>6432.744840</timestamp>
			</report>
			<report>
				<misses>160900000</misses>
				<total>8</total>
				<timestamp>6436.745318</timestamp>
			</report>
			<report>
				<misses>161000000</misses>
				<total>8</total>
				<timestamp>6440.745722</timestamp>
			</report>
			<report>
				<misses>161100000</misses>
				<total>8</total>
				<timestamp>6444.746453</timestamp>
			</report>
			<report>
				<misses>161200000</misses>
				<total>8</total>
				<timestamp>6448.746690</timestamp>
			</report>
			<report>
				<misses>161300000</misses>
				<total>8</total>
				<timestamp>6452.747330</timestamp>
			</report>
			<report>
				<misses>161400000</misses>
				<total>8</total>
				<timestamp>6456.747526</timestamp>
			</report>
			<report>
				<misses>161500000</misses>
				<total>8</total>
				<timestamp>6460.747925</timestamp>
			</report>
			<report>
				<misses>161600000</misses>
				<total>8</total>
				<timestamp>6464.748343</timestamp>
			</report>
			<report>
				<misses>161700000</misses>
				<total>8</total>
				<timestamp>6468.748696</timestamp>
			</report>
			<report>
				<misses>161800000</misses>
				<total>8</total>
				<timestamp>6472.749200</timestamp>
			</report>
			<report>
				<misses>161900000</misses>
				<total>8</total>
				<timestamp>6476.749523</timestamp>
			</report>
			<report>
				<misses>162000000</misses>
				<total>8</total>
				<timestamp>6480.750334</timestamp>
			</report>
			<report>
				<misses>162100000</misses>
				<total>8</total>
				<timestamp>6484.751603</timestamp>
			</report>
			<report>
				<misses>162200000</misses>
				<total>8</total>
				<timestamp>6488.752328</timestamp>
			</report>
			<report>
				<misses>162300000</misses>
				<total>8</total>
				<timestamp>6492.752765</timestamp>
			</report>
			<report>
				<misses>162400000</misses>
				<total>8</total>
				<timestamp>6496.752890</timestamp>
			</report>
			<report>
				<misses>162500000</misses>
				<total>8</total>
				<timestamp>6500.753206</timestamp>
			</report>
			<report>
				<misses>162600000</misses>
				<total>8</total>
				<timestamp>6504.753342</timestamp>
			</report>
			<report>
				<misses>162700000</misses>
				<total>8</total>
				<timestamp>6508.753656</timestamp>
			</report>
			<report>
				<misses>162800000</misses>
				<total>8</total>
				<timestamp>6512.754087</timestamp>
			</report>
			<report>
				<misses>162900000</misses>
				<total>8</total>
				<timestamp>6516.754557</timestamp>
			</report>
			<report>
				<misses>163000000</misses>
				<total>8</total>
				<timestamp>6520.754775</timestamp>
			</report>
			<report>
				<misses>163100000</misses>
				<total>8</total>
				<timestamp>6524.756439</timestamp>
			</report>
			<report>
				<misses>163200000</misses>
				<total>8</total>
				<timestamp>6528.757964</timestamp>
			</report>
			<report>
				<misses>163300000</misses>
				<total>8</total>
				<timestamp>6532.758443</timestamp>
			</report>
			<report>
				<misses>163400000</misses>
				<total>8</total>
				<timestamp>6536.759005</timestamp>
			</report>
			<report>
				<misses>163500000</misses>
				<total>8</total>
				<timestamp>6540.759484</timestamp>
			</report>
			<report>
				<misses>163600000</misses>
				<total>8</total>
				<timestamp>6544.759612</timestamp>
			</report>
			<report>
				<misses>163700000</misses>
				<total>8</total>
				<timestamp>6548.759747</timestamp>
			</report>
			<report>
				<misses>163800000</misses>
				<total>8</total>
				<timestamp>6552.759847</timestamp>
			</report>
			<report>
				<misses>163900000</misses>
				<total>8</total>
				<timestamp>6556.759886</timestamp>
			</report>
			<report>
				<misses>164000000</misses>
				<total>8</total>
				<timestamp>6560.759955</timestamp>
			</report>
			<report>
				<misses>164100000</misses>
				<total>8</total>
				<timestamp>6564.760015</timestamp>
			</report>
			<report>
				<misses>164200000</misses>
				<total>8</total>
				<timestamp>6568.760212</timestamp>
			</report>
			<report>
				<misses>164300000</misses>
				<total>8</total>
				<timestamp>6572.760709</timestamp>
			</report>
			<report>
				<misses>164400000</misses>
				<total>8</total>
				<timestamp>6576.761714</timestamp>
			</report>
			<report>
				<misses>164500000</misses>
				<total>8</total>
				<timestamp>6580.762771</timestamp>
			</report>
			<report>
				<misses>164600000</misses>
				<total>8</total>
				<timestamp>6584.763527</timestamp>
			</report>
			<report>
				<misses>164700000</misses>
				<total>8</total>
				<timestamp>6588.763638</timestamp>
			</report>
			<report>
				<misses>164800000</misses>
				<total>8</total>
				<timestamp>6592.763642</timestamp>
			</report>
			<report>
				<misses>164900000</misses>
				<total>8</total>
				<timestamp>6596.764013</timestamp>
			</report>
			<report>
				<misses>165000000</misses>
				<total>8</total>
				<timestamp>6600.764558</timestamp>
			</report>
			<report>
				<misses>165100000</misses>
				<total>8</total>
				<timestamp>6604.765051</timestamp>
			</report>
			<report>
				<misses>165200000</misses>
				<total>8</total>
				<timestamp>6608.765608</timestamp>
			</report>
			<report>
				<misses>165300000</misses>
				<total>8</total>
				<timestamp>6612.765915</timestamp>
			</report>
			<report>
				<misses>165400000</misses>
				<total>8</total>
				<timestamp>6616.765991</timestamp>
			</report>
			<report>
				<misses>165500000</misses>
				<total>8</total>
				<timestamp>6620.766324</timestamp>
			</report>
			<report>
				<misses>165600000</misses>
				<total>8</total>
				<timestamp>6624.766570</timestamp>
			</report>
			<report>
				<misses>165700000</misses>
				<total>8</total>
				<timestamp>6628.767320</timestamp>
			</report>
			<report>
				<misses>165800000</misses>
				<total>8</total>
				<timestamp>6632.767721</timestamp>
			</report>
			<report>
				<misses>165900000</misses>
				<total>8</total>
				<timestamp>6636.768566</timestamp>
			</report>
			<report>
				<misses>166000000</misses>
				<total>8</total>
				<timestamp>6640.768922</timestamp>
			</report>
			<report>
				<misses>166100000</misses>
				<total>8</total>
				<timestamp>6644.769933</timestamp>
			</report>
			<report>
				<misses>166200000</misses>
				<total>8</total>
				<timestamp>6648.771219</timestamp>
			</report>
			<report>
				<misses>166300000</misses>
				<total>8</total>
				<timestamp>6652.772217</timestamp>
			</report>
			<report>
				<misses>166400000</misses>
				<total>8</total>
				<timestamp>6656.772420</timestamp>
			</report>
			<report>
				<misses>166500000</misses>
				<total>8</total>
				<timestamp>6660.772404</timestamp>
			</report>
			<report>
				<misses>166600000</misses>
				<total>8</total>
				<timestamp>6664.773355</timestamp>
			</report>
			<report>
				<misses>166700000</misses>
				<total>8</total>
				<timestamp>6668.774221</timestamp>
			</report>
			<report>
				<misses>166800000</misses>
				<total>8</total>
				<timestamp>6672.774446</timestamp>
			</report>
			<report>
				<misses>166900000</misses>
				<total>8</total>
				<timestamp>6676.774435</timestamp>
			</report>
			<report>
				<misses>167000000</misses>
				<total>8</total>
				<timestamp>6680.774684</timestamp>
			</report>
			<report>
				<misses>167100000</misses>
				<total>8</total>
				<timestamp>6684.775435</timestamp>
			</report>
			<report>
				<misses>167200000</misses>
				<total>8</total>
				<timestamp>6688.776441</timestamp>
			</report>
			<report>
				<misses>167300000</misses>
				<total>8</total>
				<timestamp>6692.777453</timestamp>
			</report>
			<report>
				<misses>167400000</misses>
				<total>8</total>
				<timestamp>6696.778335</timestamp>
			</report>
			<report>
				<misses>167500000</misses>
				<total>8</total>
				<timestamp>6700.779430</timestamp>
			</report>
			<report>
				<misses>167600000</misses>
				<total>8</total>
				<timestamp>6704.779975</timestamp>
			</report>
			<report>
				<misses>167700000</misses>
				<total>8</total>
				<timestamp>6708.780082</timestamp>
			</report>
			<report>
				<misses>167800000</misses>
				<total>8</total>
				<timestamp>6712.780428</timestamp>
			</report>
			<report>
				<misses>167900000</misses>
				<total>8</total>
				<timestamp>6716.780424</timestamp>
			</report>
			<report>
				<misses>168000000</misses>
				<total>8</total>
				<timestamp>6720.780402</timestamp>
			</report>
			<report>
				<misses>168100000</misses>
				<total>8</total>
				<timestamp>6724.782519</timestamp>
			</report>
			<report>
				<misses>168200000</misses>
				<total>8</total>
				<timestamp>6728.783436</timestamp>
			</report>
			<report>
				<misses>168300000</misses>
				<total>8</total>
				<timestamp>6732.784083</timestamp>
			</report>
			<report>
				<misses>168400000</misses>
				<total>8</total>
				<timestamp>6736.784597</timestamp>
			</report>
			<report>
				<misses>168500000</misses>
				<total>8</total>
				<timestamp>6740.784899</timestamp>
			</report>
			<report>
				<misses>168600000</misses>
				<total>8</total>
				<timestamp>6744.784974</timestamp>
			</report>
			<report>
				<misses>168700000</misses>
				<total>8</total>
				<timestamp>6748.784984</timestamp>
			</report>
			<report>
				<misses>168800000</misses>
				<total>8</total>
				<timestamp>6752.785221</timestamp>
			</report>
			<report>
				<misses>168900000</misses>
				<total>8</total>
				<timestamp>6756.785445</timestamp>
			</report>
			<report>
				<misses>169000000</misses>
				<total>8</total>
				<timestamp>6760.786314</timestamp>
			</report>
			<report>
				<misses>169100000</misses>
				<total>8</total>
				<timestamp>6764.786726</timestamp>
			</report>
			<report>
				<misses>169200000</misses>
				<total>8</total>
				<timestamp>6768.787332</timestamp>
			</report>
			<report>
				<misses>169300000</misses>
				<total>8</total>
				<timestamp>6772.787964</timestamp>
			</report>
			<report>
				<misses>169400000</misses>
				<total>8</total>
				<timestamp>6776.789012</timestamp>
			</report>
			<report>
				<misses>169500000</misses>
				<total>8</total>
				<timestamp>6780.789890</timestamp>
			</report>
			<report>
				<misses>169600000</misses>
				<total>8</total>
				<timestamp>6784.790067</timestamp>
			</report>
			<report>
				<misses>169700000</misses>
				<total>8</total>
				<timestamp>6788.790339</timestamp>
			</report>
			<report>
				<misses>169800000</misses>
				<total>8</total>
				<timestamp>6792.791226</timestamp>
			</report>
			<report>
				<misses>169900000</misses>
				<total>8</total>
				<timestamp>6796.791639</timestamp>
			</report>
			<report>
				<misses>170000000</misses>
				<total>8</total>
				<timestamp>6800.792261</timestamp>
			</report>
			<report>
				<misses>170100000</misses>
				<total>8</total>
				<timestamp>6804.792415</timestamp>
			</report>
			<report>
				<misses>170200000</misses>
				<total>8</total>
				<timestamp>6808.792569</timestamp>
			</report>
			<report>
				<misses>170300000</misses>
				<total>8</total>
				<timestamp>6812.793006</timestamp>
			</report>
			<report>
				<misses>170400000</misses>
				<total>8</total>
				<timestamp>6816.793310</timestamp>
			</report>
			<report>
				<misses>170500000</misses>
				<total>8</total>
				<timestamp>6820.793292</timestamp>
			</report>
			<report>
				<misses>170600000</misses>
				<total>8</total>
				<timestamp>6824.793840</timestamp>
			</report>
			<report>
				<misses>170700000</misses>
				<total>8</total>
				<timestamp>6828.794225</timestamp>
			</report>
			<report>
				<misses>170800000</misses>
				<total>8</total>
				<timestamp>6832.794320</timestamp>
			</report>
			<report>
				<misses>170900000</misses>
				<total>8</total>
				<timestamp>6836.794425</timestamp>
			</report>
			<report>
				<misses>171000000</misses>
				<total>8</total>
				<timestamp>6840.794614</timestamp>
			</report>
			<report>
				<misses>171100000</misses>
				<total>8</total>
				<timestamp>6844.794774</timestamp>
			</report>
			<report>
				<misses>171200000</misses>
				<total>8</total>
				<timestamp>6848.794984</timestamp>
			</report>
			<report>
				<misses>171300000</misses>
				<total>8</total>
				<timestamp>6852.795346</timestamp>
			</report>
			<report>
				<misses>171400000</misses>
				<total>8</total>
				<timestamp>6856.795470</timestamp>
			</report>
			<report>
				<misses>171500000</misses>
				<total>8</total>
				<timestamp>6860.795825</timestamp>
			</report>
			<report>
				<misses>171600000</misses>
				<total>8</total>
				<timestamp>6864.795795</timestamp>
			</report>
			<report>
				<misses>171700000</misses>
				<total>8</total>
				<timestamp>6868.796470</timestamp>
			</report>
			<report>
				<misses>171800000</misses>
				<total>8</total>
				<timestamp>6872.796937</timestamp>
			</report>
			<report>
				<misses>171900000</misses>
				<total>8</total>
				<timestamp>6876.797683</timestamp>
			</report>
			<report>
				<misses>172000000</misses>
				<total>8</total>
				<timestamp>6880.797853</timestamp>
			</report>
			<report>
				<misses>172100000</misses>
				<total>8</total>
				<timestamp>6884.798690</timestamp>
			</report>
			<report>
				<misses>172200000</misses>
				<total>8</total>
				<timestamp>6888.799056</timestamp>
			</report>
			<report>
				<misses>172300000</misses>
				<total>8</total>
				<timestamp>6892.800609</timestamp>
			</report>
			<report>
				<misses>172400000</misses>
				<total>8</total>
				<timestamp>6896.801505</timestamp>
			</report>
			<report>
				<misses>172500000</misses>
				<total>8</total>
				<timestamp>6900.802475</timestamp>
			</report>
			<report>
				<misses>172600000</misses>
				<total>8</total>
				<timestamp>6904.802769</timestamp>
			</report>
			<report>
				<misses>172700000</misses>
				<total>8</total>
				<timestamp>6908.803222</timestamp>
			</report>
			<report>
				<misses>172800000</misses>
				<total>8</total>
				<timestamp>6912.803435</timestamp>
			</report>
			<report>
				<misses>172900000</misses>
				<total>8</total>
				<timestamp>6916.803528</timestamp>
			</report>
			<report>
				<misses>173000000</misses>
				<total>8</total>
				<timestamp>6920.804207</timestamp>
			</report>
			<report>
				<misses>173100000</misses>
				<total>8</total>
				<timestamp>6924.804229</timestamp>
			</report>
			<report>
				<misses>173200000</misses>
				<total>8</total>
				<timestamp>6928.804336</timestamp>
			</report>
			<report>
				<misses>173300000</misses>
				<total>8</total>
				<timestamp>6932.804720</timestamp>
			</report>
			<report>
				<misses>173400000</misses>
				<total>8</total>
				<timestamp>6936.805878</timestamp>
			</report>
			<report>
				<misses>173500000</misses>
				<total>8</total>
				<timestamp>6940.806328</timestamp>
			</report>
			<report>
				<misses>173600000</misses>
				<total>8</total>
				<timestamp>6944.806797</timestamp>
			</report>
			<report>
				<misses>173700000</misses>
				<total>9</total>
				<timestamp>6948.807726</timestamp>
			</report>
			<report>
				<misses>173800000</misses>
				<total>9</total>
				<timestamp>6952.808588</timestamp>
			</report>
			<report>
				<misses>173900000</misses>
				<total>9</total>
				<timestamp>6956.809873</timestamp>
			</report>
			<report>
				<misses>174000000</misses>
				<total>9</total>
				<timestamp>6960.810223</timestamp>
			</report>
			<report>
				<misses>174100000</misses>
				<total>9</total>
				<timestamp>6964.810416</timestamp>
			</report>
			<report>
				<misses>174200000</misses>
				<total>9</total>
				<timestamp>6968.810436</timestamp>
			</report>
			<report>
				<misses>174300000</misses>
				<total>9</total>
				<timestamp>6972.810762</timestamp>
			</report>
			<report>
				<misses>174400000</misses>
				<total>9</total>
				<timestamp>6976.811215</timestamp>
			</report>
			<report>
				<misses>174500000</misses>
				<total>9</total>
				<timestamp>6980.811647</timestamp>
			</report>
			<report>
				<misses>174600000</misses>
				<total>9</total>
				<timestamp>6984.811943</timestamp>
			</report>
			<report>
				<misses>174700000</misses>
				<total>9</total>
				<timestamp>6988.811946</timestamp>
			</report>
			<report>
				<misses>174800000</misses>
				<total>9</total>
				<timestamp>6992.812976</timestamp>
			</report>
			<report>
				<misses>174900000</misses>
				<total>9</total>
				<timestamp>6996.813478</timestamp>
			</report>
			<report>
				<misses>175000000</misses>
				<total>9</total>
				<timestamp>7000.813577</timestamp>
			</report>
			<report>
				<misses>175100000</misses>
				<total>9</total>
				<timestamp>7004.813834</timestamp>
			</report>
			<report>
				<misses>175200000</misses>
				<total>9</total>
				<timestamp>7008.814034</timestamp>
			</report>
			<report>
				<misses>175300000</misses>
				<total>9</total>
				<timestamp>7012.814600</timestamp>
			</report>
			<report>
				<misses>175400000</misses>
				<total>9</total>
				<timestamp>7016.814718</timestamp>
			</report>
			<report>
				<misses>175500000</misses>
				<total>9</total>
				<timestamp>7020.814716</timestamp>
			</report>
			<report>
				<misses>175600000</misses>
				<total>9</total>
				<timestamp>7024.816212</timestamp>
			</report>
			<report>
				<misses>175700000</misses>
				<total>9</total>
				<timestamp>7028.816471</timestamp>
			</report>
			<report>
				<misses>175800000</misses>
				<total>9</total>
				<timestamp>7032.816582</timestamp>
			</report>
			<report>
				<misses>175900000</misses>
				<total>9</total>
				<timestamp>7036.817873</timestamp>
			</report>
			<report>
				<misses>176000000</misses>
				<total>9</total>
				<timestamp>7040.817912</timestamp>
			</report>
			<report>
				<misses>176100000</misses>
				<total>9</total>
				<timestamp>7044.818316</timestamp>
			</report>
			<report>
				<misses>176200000</misses>
				<total>9</total>
				<timestamp>7048.818464</timestamp>
			</report>
			<report>
				<misses>176300000</misses>
				<total>9</total>
				<timestamp>7052.818678</timestamp>
			</report>
			<report>
				<misses>176400000</misses>
				<total>9</total>
				<timestamp>7056.818695</timestamp>
			</report>
			<report>
				<misses>176500000</misses>
				<total>9</total>
				<timestamp>7060.818698</timestamp>
			</report>
			<report>
				<misses>176600000</misses>
				<total>9</total>
				<timestamp>7064.818894</timestamp>
			</report>
			<report>
				<misses>176700000</misses>
				<total>9</total>
				<timestamp>7068.819041</timestamp>
			</report>
			<report>
				<misses>176800000</misses>
				<total>9</total>
				<timestamp>7072.819419</timestamp>
			</report>
			<report>
				<misses>176900000</misses>
				<total>9</total>
				<timestamp>7076.819756</timestamp>
			</report>
			<report>
				<misses>177000000</misses>
				<total>9</total>
				<timestamp>7080.820330</timestamp>
			</report>
			<report>
				<misses>177100000</misses>
				<total>9</total>
				<timestamp>7084.821199</timestamp>
			</report>
			<report>
				<misses>177200000</misses>
				<total>9</total>
				<timestamp>7088.821325</timestamp>
			</report>
			<report>
				<misses>177300000</misses>
				<total>9</total>
				<timestamp>7092.821330</timestamp>
			</report>
			<report>
				<misses>177400000</misses>
				<total>9</total>
				<timestamp>7096.821327</timestamp>
			</report>
			<report>
				<misses>177500000</misses>
				<total>9</total>
				<timestamp>7100.821433</timestamp>
			</report>
			<report>
				<misses>177600000</misses>
				<total>9</total>
				<timestamp>7104.821913</timestamp>
			</report>
			<report>
				<misses>177700000</misses>
				<total>9</total>
				<timestamp>7108.822336</timestamp>
			</report>
			<report>
				<misses>177800000</misses>
				<total>9</total>
				<timestamp>7112.822599</timestamp>
			</report>
			<report>
				<misses>177900000</misses>
				<total>9</total>
				<timestamp>7116.822869</timestamp>
			</report>
			<report>
				<misses>178000000</misses>
				<total>9</total>
				<timestamp>7120.823033</timestamp>
			</report>
			<report>
				<misses>178100000</misses>
				<total>9</total>
				<timestamp>7124.824216</timestamp>
			</report>
			<report>
				<misses>178200000</misses>
				<total>9</total>
				<timestamp>7128.825876</timestamp>
			</report>
			<report>
				<misses>178300000</misses>
				<total>9</total>
				<timestamp>7132.826990</timestamp>
			</report>
			<report>
				<misses>178400000</misses>
				<total>9</total>
				<timestamp>7136.827340</timestamp>
			</report>
			<report>
				<misses>178500000</misses>
				<total>9</total>
				<timestamp>7140.827836</timestamp>
			</report>
			<report>
				<misses>178600000</misses>
				<total>9</total>
				<timestamp>7144.828311</timestamp>
			</report>
			<report>
				<misses>178700000</misses>
				<total>9</total>
				<timestamp>7148.828648</timestamp>
			</report>
			<report>
				<misses>178800000</misses>
				<total>9</total>
				<timestamp>7152.828995</timestamp>
			</report>
			<report>
				<misses>178900000</misses>
				<total>9</total>
				<timestamp>7156.829871</timestamp>
			</report>
			<report>
				<misses>179000000</misses>
				<total>9</total>
				<timestamp>7160.829964</timestamp>
			</report>
			<report>
				<misses>179100000</misses>
				<total>9</total>
				<timestamp>7164.830758</timestamp>
			</report>
			<report>
				<misses>179200000</misses>
				<total>9</total>
				<timestamp>7168.831830</timestamp>
			</report>
			<report>
				<misses>179300000</misses>
				<total>9</total>
				<timestamp>7172.832222</timestamp>
			</report>
			<report>
				<misses>179400000</misses>
				<total>9</total>
				<timestamp>7176.833494</timestamp>
			</report>
			<report>
				<misses>179500000</misses>
				<total>9</total>
				<timestamp>7180.834326</timestamp>
			</report>
			<report>
				<misses>179600000</misses>
				<total>9</total>
				<timestamp>7184.835453</timestamp>
			</report>
			<report>
				<misses>179700000</misses>
				<total>9</total>
				<timestamp>7188.836037</timestamp>
			</report>
			<report>
				<misses>179800000</misses>
				<total>9</total>
				<timestamp>7192.836045</timestamp>
			</report>
			<report>
				<misses>179900000</misses>
				<total>9</total>
				<timestamp>7196.836338</timestamp>
			</report>
		</query>
	</custom>
	<ethtool_statistic>
		<rx_packets>
			<start>704427982</start>
			<end>1039834314</end>
		</rx_packets>
		<tx_packets>
			<start>1102251680</start>
			<end>1483524585</end>
		</tx_packets>
		<rx_dropped>
			<start>0</start>
			<end>0</end>
		</rx_dropped>
		<tx_dropped>
			<start>0</start>
			<end>0</end>
		</tx_dropped>
		<collisions>
			<start>0</start>
			<end>0</end>
		</collisions>
		<port_tx_errors>
			<start>0</start>
			<end>0</end>
		</port_tx_errors>
		<port_rx_dropped>
			<start>0</start>
			<end>0</end>
		</port_rx_dropped>
		<port_tx_dropped_link_down>
			<start>0</start>
			<end>0</end>
		</port_tx_dropped_link_down>
	</ethtool_statistic>
	<ip_statistic>
		<mtu>
			<start>9000</start>
			<end>9000</end>
		</mtu>
		<rx_bytes>
			<start>6332677423788</start>
			<end>9347932067761</end>
		</rx_bytes>
		<rx_packets>
			<start>704428058</start>
			<end>1039834383</end>
		</rx_packets>
		<rx_errors>
			<start>0</start>
			<end>0</end>
		</rx_errors>
		<rx_dropped>
			<start>0</start>
			<end>0</end>
		</rx_dropped>
		<rx_missed>
			<start>0</start>
			<end>0</end>
		</rx_missed>
		<rx_mcast>
			<start>208</start>
			<end>241</end>
		</rx_mcast>
		<tx_bytes>
			<start>3903402124298</start>
			<end>5735000478224</end>
		</tx_bytes>
		<tx_packets>
			<start>1102251716</start>
			<end>1483524641</end>
		</tx_packets>
		<tx_errors>
			<start>0</start>
			<end>0</end>
		</tx_errors>
		<tx_dropped>
			<start>0</start>
			<end>0</end>
		</tx_dropped>
		<tx_carrier>
			<start>0</start>
			<end>0</end>
		</tx_carrier>
		<tx_collisions>
			<start>0</start>
			<end>0</end>
		</tx_collisions>
	</ip_statistic>
	<netstat_statistic>
		<udp_pkg_rec>
			<start>671484195</start>
			<end>987885397</end>
		</udp_pkg_rec>
		<udp_pkg_snt>
			<start>1102365608</start>
			<end>1483693060</end>
		</udp_pkg_snt>
		<udp_rec_err>
			<start>33020006</start>
			<end>52060899</end>
		</udp_rec_err>
		<udp_rec_buf_err>
			<start>33020006</start>
			<end>52060899</end>
		</udp_rec_buf_err>
		<udp_snt_buf_err>
			<start>0</start>
			<end>0</end>
		</udp_snt_buf_err>
	</netstat_statistic>
</test_results>
