<?xml version="1.0"?>
<test_results>
	<status>STATUS_SUCCESS</status>
	<custom>
		<num_loss>42391</num_loss>
		<num_total>5000001</num_total>
		<num_misses>222591</num_misses>
		<elapsed_time>52.225555</elapsed_time>
		<query>
			<report>
				<misses>100000</misses>
				<total>742</total>
				<timestamp>1.043760</timestamp>
			</report>
			<report>
				<misses>200000</misses>
				<total>1815</total>
				<timestamp>2.090480</timestamp>
			</report>
			<report>
				<misses>300000</misses>
				<total>2611</total>
				<timestamp>3.137247</timestamp>
			</report>
			<report>
				<misses>400000</misses>
				<total>3487</total>
				<timestamp>4.170246</timestamp>
			</report>
			<report>
				<misses>500000</misses>
				<total>4223</total>
				<timestamp>5.217942</timestamp>
			</report>
			<report>
				<misses>600000</misses>
				<total>5001</total>
				<timestamp>6.256584</timestamp>
			</report>
			<report>
				<misses>700000</misses>
				<total>5487</total>
				<timestamp>7.298242</timestamp>
			</report>
			<report>
				<misses>800000</misses>
				<total>6239</total>
				<timestamp>8.337477</timestamp>
			</report>
			<report>
				<misses>900000</misses>
				<total>7263</total>
				<timestamp>9.389488</timestamp>
			</report>
			<report>
				<misses>1000000</misses>
				<total>8813</total>
				<timestamp>10.440627</timestamp>
			</report>
			<report>
				<misses>1100000</misses>
				<total>9536</total>
				<timestamp>11.470569</timestamp>
			</report>
			<report>
				<misses>1200000</misses>
				<total>10295</total>
				<timestamp>12.518275</timestamp>
			</report>
			<report>
				<misses>1300000</misses>
				<total>10939</total>
				<timestamp>13.555434</timestamp>
			</report>
			<report>
				<misses>1400000</misses>
				<total>12059</total>
				<timestamp>14.590560</timestamp>
			</report>
			<report>
				<misses>1500000</misses>
				<total>12661</total>
				<timestamp>15.648725</timestamp>
			</report>
			<report>
				<misses>1600000</misses>
				<total>13130</total>
				<timestamp>16.683160</timestamp>
			</report>
			<report>
				<misses>1700000</misses>
				<total>13553</total>
				<timestamp>17.717504</timestamp>
			</report>
			<report>
				<misses>1800000</misses>
				<total>14761</total>
				<timestamp>18.769358</timestamp>
			</report>
			<report>
				<misses>1900000</misses>
				<total>15743</total>
				<timestamp>19.795218</timestamp>
			</report>
			<report>
				<misses>2000000</misses>
				<total>16673</total>
				<timestamp>20.847668</timestamp>
			</report>
			<report>
				<misses>2100000</misses>
				<total>17364</total>
				<timestamp>21.892397</timestamp>
			</report>
			<report>
				<misses>2200000</misses>
				<total>18888</total>
				<timestamp>22.956778</timestamp>
			</report>
			<report>
				<misses>2300000</misses>
				<total>19614</total>
				<timestamp>24.037329</timestamp>
			</report>
			<report>
				<misses>2400000</misses>
				<total>20497</total>
				<timestamp>25.090488</timestamp>
			</report>
			<report>
				<misses>2500000</misses>
				<total>21016</total>
				<timestamp>26.131739</timestamp>
			</report>
			<report>
				<misses>2600000</misses>
				<total>21703</total>
				<timestamp>27.179276</timestamp>
			</report>
			<report>
				<misses>2700000</misses>
				<total>22679</total>
				<timestamp>28.218107</timestamp>
			</report>
			<report>
				<misses>2800000</misses>
				<total>23587</total>
				<timestamp>29.277858</timestamp>
			</report>
			<report>
				<misses>2900000</misses>
				<total>24358</total>
				<timestamp>30.350438</timestamp>
			</report>
			<report>
				<misses>3000000</misses>
				<total>25624</total>
				<timestamp>31.403330</timestamp>
			</report>
			<report>
				<misses>3100000</misses>
				<total>26321</total>
				<timestamp>32.444319</timestamp>
			</report>
			<report>
				<misses>3200000</misses>
				<total>26813</total>
				<timestamp>33.481377</timestamp>
			</report>
			<report>
				<misses>3300000</misses>
				<total>28059</total>
				<timestamp>34.530066</timestamp>
			</report>
			<report>
				<misses>3400000</misses>
				<total>28986</total>
				<timestamp>35.578316</timestamp>
			</report>
			<report>
				<misses>3500000</misses>
				<total>30038</total>
				<timestamp>36.610530</timestamp>
			</report>
			<report>
				<misses>3600000</misses>
				<total>30680</total>
				<timestamp>37.652971</timestamp>
			</report>
			<report>
				<misses>3700000</misses>
				<total>31937</total>
				<timestamp>38.700248</timestamp>
			</report>
			<report>
				<misses>3800000</misses>
				<total>32809</total>
				<timestamp>39.766033</timestamp>
			</report>
			<report>
				<misses>3900000</misses>
				<total>33569</total>
				<timestamp>40.792806</timestamp>
			</report>
			<report>
				<misses>4000000</misses>
				<total>34222</total>
				<timestamp>41.829417</timestamp>
			</report>
			<report>
				<misses>4100000</misses>
				<total>35417</total>
				<timestamp>42.868320</timestamp>
			</report>
			<report>
				<misses>4200000</misses>
				<total>36043</total>
				<timestamp>43.906467</timestamp>
			</report>
			<report>
				<misses>4300000</misses>
				<total>37034</total>
				<timestamp>44.959057</timestamp>
			</report>
			<report>
				<misses>4400000</misses>
				<total>37605</total>
				<timestamp>45.999789</timestamp>
			</report>
			<report>
				<misses>4500000</misses>
				<total>38627</total>
				<timestamp>47.049535</timestamp>
			</report>
			<report>
				<misses>4600000</misses>
				<total>39167</total>
				<timestamp>48.080964</timestamp>
			</report>
			<report>
				<misses>4700000</misses>
				<total>39686</total>
				<timestamp>49.110568</timestamp>
			</report>
			<report>
				<misses>4800000</misses>
				<total>40671</total>
				<timestamp>50.142997</timestamp>
			</report>
			<report>
				<misses>4900000</misses>
				<total>41774</total>
				<timestamp>51.195376</timestamp>
			</report>
			<report>
				<misses>5000000</misses>
				<total>42391</total>
				<timestamp>52.225532</timestamp>
			</report>
		</query>
	</custom>
	<ethtool_statistic>
		<rx_packets>
			<start>2668734612</start>
			<end>2671394299</end>
		</rx_packets>
		<tx_packets>
			<start>3019436417</start>
			<end>3026032672</end>
		</tx_packets>
		<rx_dropped>
			<start>0</start>
			<end>0</end>
		</rx_dropped>
		<tx_dropped>
			<start>0</start>
			<end>0</end>
		</tx_dropped>
		<collisions>
			<start>0</start>
			<end>0</end>
		</collisions>
		<port_tx_errors>
			<start>0</start>
			<end>0</end>
		</port_tx_errors>
		<port_rx_dropped>
			<start>0</start>
			<end>0</end>
		</port_rx_dropped>
		<port_tx_dropped_link_down>
			<start>0</start>
			<end>0</end>
		</port_tx_dropped_link_down>
	</ethtool_statistic>
	<ip_statistic>
		<mtu>
			<start>9000</start>
			<end>9000</end>
		</mtu>
		<rx_bytes>
			<start>23990987211564</start>
			<end>24014896349422</end>
		</rx_bytes>
		<rx_packets>
			<start>2668734722</start>
			<end>2671394332</end>
		</rx_packets>
		<rx_errors>
			<start>0</start>
			<end>0</end>
		</rx_errors>
		<rx_dropped>
			<start>0</start>
			<end>0</end>
		</rx_dropped>
		<rx_missed>
			<start>0</start>
			<end>0</end>
		</rx_missed>
		<rx_mcast>
			<start>490</start>
			<end>494</end>
		</rx_mcast>
		<tx_bytes>
			<start>15265646033886</start>
			<end>15324705662012</end>
		</tx_bytes>
		<tx_packets>
			<start>3019436458</start>
			<end>3026032707</end>
		</tx_packets>
		<tx_errors>
			<start>0</start>
			<end>0</end>
		</tx_errors>
		<tx_dropped>
			<start>0</start>
			<end>0</end>
		</tx_dropped>
		<tx_carrier>
			<start>0</start>
			<end>0</end>
		</tx_carrier>
		<tx_collisions>
			<start>0</start>
			<end>0</end>
		</tx_collisions>
	</ip_statistic>
	<netstat_statistic>
		<udp_pkg_rec>
			<start>2514808548</start>
			<end>2517292245</end>
		</udp_pkg_rec>
		<udp_pkg_snt>
			<start>3019665814</start>
			<end>3026262502</end>
		</udp_pkg_snt>
		<udp_rec_err>
			<start>154155690</start>
			<end>154331818</end>
		</udp_rec_err>
		<udp_rec_buf_err>
			<start>154155690</start>
			<end>154331818</end>
		</udp_rec_buf_err>
		<udp_snt_buf_err>
			<start>0</start>
			<end>0</end>
		</udp_snt_buf_err>
	</netstat_statistic>
</test_results>
