<?xml version="1.0"?>
<test_results>
	<status>STATUS_SUCCESS</status>
	<custom>
		<num_loss>6</num_loss>
		<num_total>287842734</num_total>
		<num_misses>122963</num_misses>
		<elapsed_time>7199.070478</elapsed_time>
		<query>
			<report>
				<misses>100000</misses>
				<total>0</total>
				<timestamp>2.501070</timestamp>
			</report>
			<report>
				<misses>200000</misses>
				<total>0</total>
				<timestamp>5.001360</timestamp>
			</report>
			<report>
				<misses>300000</misses>
				<total>0</total>
				<timestamp>7.503245</timestamp>
			</report>
			<report>
				<misses>400000</misses>
				<total>0</total>
				<timestamp>10.004736</timestamp>
			</report>
			<report>
				<misses>500000</misses>
				<total>0</total>
				<timestamp>12.504803</timestamp>
			</report>
			<report>
				<misses>600000</misses>
				<total>0</total>
				<timestamp>15.004821</timestamp>
			</report>
			<report>
				<misses>700000</misses>
				<total>0</total>
				<timestamp>17.504871</timestamp>
			</report>
			<report>
				<misses>800000</misses>
				<total>0</total>
				<timestamp>20.004900</timestamp>
			</report>
			<report>
				<misses>900000</misses>
				<total>0</total>
				<timestamp>22.506181</timestamp>
			</report>
			<report>
				<misses>1000000</misses>
				<total>0</total>
				<timestamp>25.006446</timestamp>
			</report>
			<report>
				<misses>1100000</misses>
				<total>0</total>
				<timestamp>27.507193</timestamp>
			</report>
			<report>
				<misses>1200000</misses>
				<total>0</total>
				<timestamp>30.007550</timestamp>
			</report>
			<report>
				<misses>1300000</misses>
				<total>0</total>
				<timestamp>32.508068</timestamp>
			</report>
			<report>
				<misses>1400000</misses>
				<total>0</total>
				<timestamp>35.009069</timestamp>
			</report>
			<report>
				<misses>1500000</misses>
				<total>0</total>
				<timestamp>37.509336</timestamp>
			</report>
			<report>
				<misses>1600000</misses>
				<total>0</total>
				<timestamp>40.009689</timestamp>
			</report>
			<report>
				<misses>1700000</misses>
				<total>0</total>
				<timestamp>42.510191</timestamp>
			</report>
			<report>
				<misses>1800000</misses>
				<total>0</total>
				<timestamp>45.010266</timestamp>
			</report>
			<report>
				<misses>1900000</misses>
				<total>0</total>
				<timestamp>47.511497</timestamp>
			</report>
			<report>
				<misses>2000000</misses>
				<total>0</total>
				<timestamp>50.012044</timestamp>
			</report>
			<report>
				<misses>2100000</misses>
				<total>0</total>
				<timestamp>52.513689</timestamp>
			</report>
			<report>
				<misses>2200000</misses>
				<total>0</total>
				<timestamp>55.014895</timestamp>
			</report>
			<report>
				<misses>2300000</misses>
				<total>0</total>
				<timestamp>57.515986</timestamp>
			</report>
			<report>
				<misses>2400000</misses>
				<total>0</total>
				<timestamp>60.016176</timestamp>
			</report>
			<report>
				<misses>2500000</misses>
				<total>0</total>
				<timestamp>62.516281</timestamp>
			</report>
			<report>
				<misses>2600000</misses>
				<total>0</total>
				<timestamp>65.016421</timestamp>
			</report>
			<report>
				<misses>2700000</misses>
				<total>0</total>
				<timestamp>67.516476</timestamp>
			</report>
			<report>
				<misses>2800000</misses>
				<total>0</total>
				<timestamp>70.017424</timestamp>
			</report>
			<report>
				<misses>2900000</misses>
				<total>0</total>
				<timestamp>72.517548</timestamp>
			</report>
			<report>
				<misses>3000000</misses>
				<total>0</total>
				<timestamp>75.018202</timestamp>
			</report>
			<report>
				<misses>3100000</misses>
				<total>0</total>
				<timestamp>77.518218</timestamp>
			</report>
			<report>
				<misses>3200000</misses>
				<total>0</total>
				<timestamp>80.018283</timestamp>
			</report>
			<report>
				<misses>3300000</misses>
				<total>0</total>
				<timestamp>82.518290</timestamp>
			</report>
			<report>
				<misses>3400000</misses>
				<total>0</total>
				<timestamp>85.019405</timestamp>
			</report>
			<report>
				<misses>3500000</misses>
				<total>0</total>
				<timestamp>87.520872</timestamp>
			</report>
			<report>
				<misses>3600000</misses>
				<total>0</total>
				<timestamp>90.021854</timestamp>
			</report>
			<report>
				<misses>3700000</misses>
				<total>0</total>
				<timestamp>92.522982</timestamp>
			</report>
			<report>
				<misses>3800000</misses>
				<total>0</total>
				<timestamp>95.024674</timestamp>
			</report>
			<report>
				<misses>3900000</misses>
				<total>0</total>
				<timestamp>97.526629</timestamp>
			</report>
			<report>
				<misses>4000000</misses>
				<total>0</total>
				<timestamp>100.027078</timestamp>
			</report>
			<report>
				<misses>4100000</misses>
				<total>0</total>
				<timestamp>102.528124</timestamp>
			</report>
			<report>
				<misses>4200000</misses>
				<total>0</total>
				<timestamp>105.028576</timestamp>
			</report>
			<report>
				<misses>4300000</misses>
				<total>0</total>
				<timestamp>107.528848</timestamp>
			</report>
			<report>
				<misses>4400000</misses>
				<total>0</total>
				<timestamp>110.029626</timestamp>
			</report>
			<report>
				<misses>4500000</misses>
				<total>0</total>
				<timestamp>112.530089</timestamp>
			</report>
			<report>
				<misses>4600000</misses>
				<total>0</total>
				<timestamp>115.031988</timestamp>
			</report>
			<report>
				<misses>4700000</misses>
				<total>0</total>
				<timestamp>117.532827</timestamp>
			</report>
			<report>
				<misses>4800000</misses>
				<total>0</total>
				<timestamp>120.033635</timestamp>
			</report>
			<report>
				<misses>4900000</misses>
				<total>0</total>
				<timestamp>122.534354</timestamp>
			</report>
			<report>
				<misses>5000000</misses>
				<total>0</total>
				<timestamp>125.036612</timestamp>
			</report>
			<report>
				<misses>5100000</misses>
				<total>0</total>
				<timestamp>127.537595</timestamp>
			</report>
			<report>
				<misses>5200000</misses>
				<total>0</total>
				<timestamp>130.037931</timestamp>
			</report>
			<report>
				<misses>5300000</misses>
				<total>0</total>
				<timestamp>132.538343</timestamp>
			</report>
			<report>
				<misses>5400000</misses>
				<total>0</total>
				<timestamp>135.038817</timestamp>
			</report>
			<report>
				<misses>5500000</misses>
				<total>0</total>
				<timestamp>137.539427</timestamp>
			</report>
			<report>
				<misses>5600000</misses>
				<total>0</total>
				<timestamp>140.039846</timestamp>
			</report>
			<report>
				<misses>5700000</misses>
				<total>0</total>
				<timestamp>142.540992</timestamp>
			</report>
			<report>
				<misses>5800000</misses>
				<total>0</total>
				<timestamp>145.041660</timestamp>
			</report>
			<report>
				<misses>5900000</misses>
				<total>0</total>
				<timestamp>147.541995</timestamp>
			</report>
			<report>
				<misses>6000000</misses>
				<total>0</total>
				<timestamp>150.044432</timestamp>
			</report>
			<report>
				<misses>6100000</misses>
				<total>0</total>
				<timestamp>152.546957</timestamp>
			</report>
			<report>
				<misses>6200000</misses>
				<total>0</total>
				<timestamp>155.049802</timestamp>
			</report>
			<report>
				<misses>6300000</misses>
				<total>0</total>
				<timestamp>157.551686</timestamp>
			</report>
			<report>
				<misses>6400000</misses>
				<total>0</total>
				<timestamp>160.051693</timestamp>
			</report>
			<report>
				<misses>6500000</misses>
				<total>0</total>
				<timestamp>162.551921</timestamp>
			</report>
			<report>
				<misses>6600000</misses>
				<total>0</total>
				<timestamp>165.051955</timestamp>
			</report>
			<report>
				<misses>6700000</misses>
				<total>0</total>
				<timestamp>167.552307</timestamp>
			</report>
			<report>
				<misses>6800000</misses>
				<total>0</total>
				<timestamp>170.052586</timestamp>
			</report>
			<report>
				<misses>6900000</misses>
				<total>0</total>
				<timestamp>172.554855</timestamp>
			</report>
			<report>
				<misses>7000000</misses>
				<total>0</total>
				<timestamp>175.056972</timestamp>
			</report>
			<report>
				<misses>7100000</misses>
				<total>0</total>
				<timestamp>177.558942</timestamp>
			</report>
			<report>
				<misses>7200000</misses>
				<total>0</total>
				<timestamp>180.060111</timestamp>
			</report>
			<report>
				<misses>7300000</misses>
				<total>0</total>
				<timestamp>182.560605</timestamp>
			</report>
			<report>
				<misses>7400000</misses>
				<total>0</total>
				<timestamp>185.061902</timestamp>
			</report>
			<report>
				<misses>7500000</misses>
				<total>0</total>
				<timestamp>187.564312</timestamp>
			</report>
			<report>
				<misses>7600000</misses>
				<total>0</total>
				<timestamp>190.065680</timestamp>
			</report>
			<report>
				<misses>7700000</misses>
				<total>0</total>
				<timestamp>192.567007</timestamp>
			</report>
			<report>
				<misses>7800000</misses>
				<total>0</total>
				<timestamp>195.068204</timestamp>
			</report>
			<report>
				<misses>7900000</misses>
				<total>0</total>
				<timestamp>197.568422</timestamp>
			</report>
			<report>
				<misses>8000000</misses>
				<total>0</total>
				<timestamp>200.068604</timestamp>
			</report>
			<report>
				<misses>8100000</misses>
				<total>0</total>
				<timestamp>202.571547</timestamp>
			</report>
			<report>
				<misses>8200000</misses>
				<total>0</total>
				<timestamp>205.072007</timestamp>
			</report>
			<report>
				<misses>8300000</misses>
				<total>0</total>
				<timestamp>207.572249</timestamp>
			</report>
			<report>
				<misses>8400000</misses>
				<total>0</total>
				<timestamp>210.073444</timestamp>
			</report>
			<report>
				<misses>8500000</misses>
				<total>0</total>
				<timestamp>212.573871</timestamp>
			</report>
			<report>
				<misses>8600000</misses>
				<total>0</total>
				<timestamp>215.074964</timestamp>
			</report>
			<report>
				<misses>8700000</misses>
				<total>0</total>
				<timestamp>217.575208</timestamp>
			</report>
			<report>
				<misses>8800000</misses>
				<total>0</total>
				<timestamp>220.076829</timestamp>
			</report>
			<report>
				<misses>8900000</misses>
				<total>0</total>
				<timestamp>222.578804</timestamp>
			</report>
			<report>
				<misses>9000000</misses>
				<total>0</total>
				<timestamp>225.079554</timestamp>
			</report>
			<report>
				<misses>9100000</misses>
				<total>0</total>
				<timestamp>227.582248</timestamp>
			</report>
			<report>
				<misses>9200000</misses>
				<total>0</total>
				<timestamp>230.086676</timestamp>
			</report>
			<report>
				<misses>9300000</misses>
				<total>0</total>
				<timestamp>232.588868</timestamp>
			</report>
			<report>
				<misses>9400000</misses>
				<total>0</total>
				<timestamp>235.090958</timestamp>
			</report>
			<report>
				<misses>9500000</misses>
				<total>0</total>
				<timestamp>237.591219</timestamp>
			</report>
			<report>
				<misses>9600000</misses>
				<total>0</total>
				<timestamp>240.091598</timestamp>
			</report>
			<report>
				<misses>9700000</misses>
				<total>0</total>
				<timestamp>242.591793</timestamp>
			</report>
			<report>
				<misses>9800000</misses>
				<total>0</total>
				<timestamp>245.092341</timestamp>
			</report>
			<report>
				<misses>9900000</misses>
				<total>0</total>
				<timestamp>247.593414</timestamp>
			</report>
			<report>
				<misses>10000000</misses>
				<total>0</total>
				<timestamp>250.094301</timestamp>
			</report>
			<report>
				<misses>10100000</misses>
				<total>0</total>
				<timestamp>252.594792</timestamp>
			</report>
			<report>
				<misses>10200000</misses>
				<total>0</total>
				<timestamp>255.094925</timestamp>
			</report>
			<report>
				<misses>10300000</misses>
				<total>0</total>
				<timestamp>257.596100</timestamp>
			</report>
			<report>
				<misses>10400000</misses>
				<total>0</total>
				<timestamp>260.096402</timestamp>
			</report>
			<report>
				<misses>10500000</misses>
				<total>0</total>
				<timestamp>262.596775</timestamp>
			</report>
			<report>
				<misses>10600000</misses>
				<total>0</total>
				<timestamp>265.098298</timestamp>
			</report>
			<report>
				<misses>10700000</misses>
				<total>0</total>
				<timestamp>267.600188</timestamp>
			</report>
			<report>
				<misses>10800000</misses>
				<total>0</total>
				<timestamp>270.100747</timestamp>
			</report>
			<report>
				<misses>10900000</misses>
				<total>0</total>
				<timestamp>272.601239</timestamp>
			</report>
			<report>
				<misses>11000000</misses>
				<total>0</total>
				<timestamp>275.102285</timestamp>
			</report>
			<report>
				<misses>11100000</misses>
				<total>0</total>
				<timestamp>277.602783</timestamp>
			</report>
			<report>
				<misses>11200000</misses>
				<total>0</total>
				<timestamp>280.103027</timestamp>
			</report>
			<report>
				<misses>11300000</misses>
				<total>0</total>
				<timestamp>282.603044</timestamp>
			</report>
			<report>
				<misses>11400000</misses>
				<total>0</total>
				<timestamp>285.103112</timestamp>
			</report>
			<report>
				<misses>11500000</misses>
				<total>0</total>
				<timestamp>287.604807</timestamp>
			</report>
			<report>
				<misses>11600000</misses>
				<total>0</total>
				<timestamp>290.104937</timestamp>
			</report>
			<report>
				<misses>11700000</misses>
				<total>0</total>
				<timestamp>292.605024</timestamp>
			</report>
			<report>
				<misses>11800000</misses>
				<total>0</total>
				<timestamp>295.105254</timestamp>
			</report>
			<report>
				<misses>11900000</misses>
				<total>0</total>
				<timestamp>297.605331</timestamp>
			</report>
			<report>
				<misses>12000000</misses>
				<total>0</total>
				<timestamp>300.105391</timestamp>
			</report>
			<report>
				<misses>12100000</misses>
				<total>0</total>
				<timestamp>302.607176</timestamp>
			</report>
			<report>
				<misses>12200000</misses>
				<total>0</total>
				<timestamp>305.108174</timestamp>
			</report>
			<report>
				<misses>12300000</misses>
				<total>0</total>
				<timestamp>307.609944</timestamp>
			</report>
			<report>
				<misses>12400000</misses>
				<total>0</total>
				<timestamp>310.111317</timestamp>
			</report>
			<report>
				<misses>12500000</misses>
				<total>0</total>
				<timestamp>312.612661</timestamp>
			</report>
			<report>
				<misses>12600000</misses>
				<total>0</total>
				<timestamp>315.113141</timestamp>
			</report>
			<report>
				<misses>12700000</misses>
				<total>0</total>
				<timestamp>317.613202</timestamp>
			</report>
			<report>
				<misses>12800000</misses>
				<total>0</total>
				<timestamp>320.113954</timestamp>
			</report>
			<report>
				<misses>12900000</misses>
				<total>0</total>
				<timestamp>322.615503</timestamp>
			</report>
			<report>
				<misses>13000000</misses>
				<total>0</total>
				<timestamp>325.117311</timestamp>
			</report>
			<report>
				<misses>13100000</misses>
				<total>0</total>
				<timestamp>327.617590</timestamp>
			</report>
			<report>
				<misses>13200000</misses>
				<total>0</total>
				<timestamp>330.118470</timestamp>
			</report>
			<report>
				<misses>13300000</misses>
				<total>0</total>
				<timestamp>332.618592</timestamp>
			</report>
			<report>
				<misses>13400000</misses>
				<total>0</total>
				<timestamp>335.118780</timestamp>
			</report>
			<report>
				<misses>13500000</misses>
				<total>0</total>
				<timestamp>337.619519</timestamp>
			</report>
			<report>
				<misses>13600000</misses>
				<total>0</total>
				<timestamp>340.121048</timestamp>
			</report>
			<report>
				<misses>13700000</misses>
				<total>0</total>
				<timestamp>342.622524</timestamp>
			</report>
			<report>
				<misses>13800000</misses>
				<total>0</total>
				<timestamp>345.124674</timestamp>
			</report>
			<report>
				<misses>13900000</misses>
				<total>0</total>
				<timestamp>347.627894</timestamp>
			</report>
			<report>
				<misses>14000000</misses>
				<total>0</total>
				<timestamp>350.129396</timestamp>
			</report>
			<report>
				<misses>14100000</misses>
				<total>0</total>
				<timestamp>352.630606</timestamp>
			</report>
			<report>
				<misses>14200000</misses>
				<total>0</total>
				<timestamp>355.133162</timestamp>
			</report>
			<report>
				<misses>14300000</misses>
				<total>0</total>
				<timestamp>357.634771</timestamp>
			</report>
			<report>
				<misses>14400000</misses>
				<total>0</total>
				<timestamp>360.134950</timestamp>
			</report>
			<report>
				<misses>14500000</misses>
				<total>0</total>
				<timestamp>362.635133</timestamp>
			</report>
			<report>
				<misses>14600000</misses>
				<total>0</total>
				<timestamp>365.137151</timestamp>
			</report>
			<report>
				<misses>14700000</misses>
				<total>0</total>
				<timestamp>367.639034</timestamp>
			</report>
			<report>
				<misses>14800000</misses>
				<total>0</total>
				<timestamp>370.141331</timestamp>
			</report>
			<report>
				<misses>14900000</misses>
				<total>0</total>
				<timestamp>372.642947</timestamp>
			</report>
			<report>
				<misses>15000000</misses>
				<total>0</total>
				<timestamp>375.146312</timestamp>
			</report>
			<report>
				<misses>15100000</misses>
				<total>0</total>
				<timestamp>377.646798</timestamp>
			</report>
			<report>
				<misses>15200000</misses>
				<total>0</total>
				<timestamp>380.147015</timestamp>
			</report>
			<report>
				<misses>15300000</misses>
				<total>0</total>
				<timestamp>382.648555</timestamp>
			</report>
			<report>
				<misses>15400000</misses>
				<total>0</total>
				<timestamp>385.151228</timestamp>
			</report>
			<report>
				<misses>15500000</misses>
				<total>0</total>
				<timestamp>387.651772</timestamp>
			</report>
			<report>
				<misses>15600000</misses>
				<total>0</total>
				<timestamp>390.152114</timestamp>
			</report>
			<report>
				<misses>15700000</misses>
				<total>0</total>
				<timestamp>392.652710</timestamp>
			</report>
			<report>
				<misses>15800000</misses>
				<total>0</total>
				<timestamp>395.154323</timestamp>
			</report>
			<report>
				<misses>15900000</misses>
				<total>0</total>
				<timestamp>397.655026</timestamp>
			</report>
			<report>
				<misses>16000000</misses>
				<total>0</total>
				<timestamp>400.157685</timestamp>
			</report>
			<report>
				<misses>16100000</misses>
				<total>0</total>
				<timestamp>402.659216</timestamp>
			</report>
			<report>
				<misses>16200000</misses>
				<total>0</total>
				<timestamp>405.159254</timestamp>
			</report>
			<report>
				<misses>16300000</misses>
				<total>0</total>
				<timestamp>407.659351</timestamp>
			</report>
			<report>
				<misses>16400000</misses>
				<total>0</total>
				<timestamp>410.159367</timestamp>
			</report>
			<report>
				<misses>16500000</misses>
				<total>0</total>
				<timestamp>412.660484</timestamp>
			</report>
			<report>
				<misses>16600000</misses>
				<total>0</total>
				<timestamp>415.162213</timestamp>
			</report>
			<report>
				<misses>16700000</misses>
				<total>0</total>
				<timestamp>417.662596</timestamp>
			</report>
			<report>
				<misses>16800000</misses>
				<total>0</total>
				<timestamp>420.164523</timestamp>
			</report>
			<report>
				<misses>16900000</misses>
				<total>0</total>
				<timestamp>422.667269</timestamp>
			</report>
			<report>
				<misses>17000000</misses>
				<total>0</total>
				<timestamp>425.169063</timestamp>
			</report>
			<report>
				<misses>17100000</misses>
				<total>0</total>
				<timestamp>427.669121</timestamp>
			</report>
			<report>
				<misses>17200000</misses>
				<total>0</total>
				<timestamp>430.169467</timestamp>
			</report>
			<report>
				<misses>17300000</misses>
				<total>0</total>
				<timestamp>432.670613</timestamp>
			</report>
			<report>
				<misses>17400000</misses>
				<total>0</total>
				<timestamp>435.170899</timestamp>
			</report>
			<report>
				<misses>17500000</misses>
				<total>0</total>
				<timestamp>437.671179</timestamp>
			</report>
			<report>
				<misses>17600000</misses>
				<total>0</total>
				<timestamp>440.171216</timestamp>
			</report>
			<report>
				<misses>17700000</misses>
				<total>0</total>
				<timestamp>442.672144</timestamp>
			</report>
			<report>
				<misses>17800000</misses>
				<total>0</total>
				<timestamp>445.173574</timestamp>
			</report>
			<report>
				<misses>17900000</misses>
				<total>0</total>
				<timestamp>447.674222</timestamp>
			</report>
			<report>
				<misses>18000000</misses>
				<total>0</total>
				<timestamp>450.174470</timestamp>
			</report>
			<report>
				<misses>18100000</misses>
				<total>0</total>
				<timestamp>452.674695</timestamp>
			</report>
			<report>
				<misses>18200000</misses>
				<total>0</total>
				<timestamp>455.176202</timestamp>
			</report>
			<report>
				<misses>18300000</misses>
				<total>0</total>
				<timestamp>457.676499</timestamp>
			</report>
			<report>
				<misses>18400000</misses>
				<total>0</total>
				<timestamp>460.176641</timestamp>
			</report>
			<report>
				<misses>18500000</misses>
				<total>0</total>
				<timestamp>462.677597</timestamp>
			</report>
			<report>
				<misses>18600000</misses>
				<total>0</total>
				<timestamp>465.179427</timestamp>
			</report>
			<report>
				<misses>18700000</misses>
				<total>0</total>
				<timestamp>467.680440</timestamp>
			</report>
			<report>
				<misses>18800000</misses>
				<total>0</total>
				<timestamp>470.180609</timestamp>
			</report>
			<report>
				<misses>18900000</misses>
				<total>0</total>
				<timestamp>472.680650</timestamp>
			</report>
			<report>
				<misses>19000000</misses>
				<total>0</total>
				<timestamp>475.180721</timestamp>
			</report>
			<report>
				<misses>19100000</misses>
				<total>0</total>
				<timestamp>477.680936</timestamp>
			</report>
			<report>
				<misses>19200000</misses>
				<total>0</total>
				<timestamp>480.180950</timestamp>
			</report>
			<report>
				<misses>19300000</misses>
				<total>0</total>
				<timestamp>482.681719</timestamp>
			</report>
			<report>
				<misses>19400000</misses>
				<total>0</total>
				<timestamp>485.182954</timestamp>
			</report>
			<report>
				<misses>19500000</misses>
				<total>0</total>
				<timestamp>487.684480</timestamp>
			</report>
			<report>
				<misses>19600000</misses>
				<total>0</total>
				<timestamp>490.185303</timestamp>
			</report>
			<report>
				<misses>19700000</misses>
				<total>0</total>
				<timestamp>492.687160</timestamp>
			</report>
			<report>
				<misses>19800000</misses>
				<total>0</total>
				<timestamp>495.188327</timestamp>
			</report>
			<report>
				<misses>19900000</misses>
				<total>0</total>
				<timestamp>497.688423</timestamp>
			</report>
			<report>
				<misses>20000000</misses>
				<total>0</total>
				<timestamp>500.188471</timestamp>
			</report>
			<report>
				<misses>20100000</misses>
				<total>0</total>
				<timestamp>502.689317</timestamp>
			</report>
			<report>
				<misses>20200000</misses>
				<total>0</total>
				<timestamp>505.190195</timestamp>
			</report>
			<report>
				<misses>20300000</misses>
				<total>1</total>
				<timestamp>507.690523</timestamp>
			</report>
			<report>
				<misses>20400000</misses>
				<total>1</total>
				<timestamp>510.191678</timestamp>
			</report>
			<report>
				<misses>20500000</misses>
				<total>1</total>
				<timestamp>512.694249</timestamp>
			</report>
			<report>
				<misses>20600000</misses>
				<total>1</total>
				<timestamp>515.194520</timestamp>
			</report>
			<report>
				<misses>20700000</misses>
				<total>1</total>
				<timestamp>517.694611</timestamp>
			</report>
			<report>
				<misses>20800000</misses>
				<total>1</total>
				<timestamp>520.194662</timestamp>
			</report>
			<report>
				<misses>20900000</misses>
				<total>1</total>
				<timestamp>522.695610</timestamp>
			</report>
			<report>
				<misses>21000000</misses>
				<total>1</total>
				<timestamp>525.197475</timestamp>
			</report>
			<report>
				<misses>21100000</misses>
				<total>1</total>
				<timestamp>527.698432</timestamp>
			</report>
			<report>
				<misses>21200000</misses>
				<total>1</total>
				<timestamp>530.199111</timestamp>
			</report>
			<report>
				<misses>21300000</misses>
				<total>1</total>
				<timestamp>532.699207</timestamp>
			</report>
			<report>
				<misses>21400000</misses>
				<total>1</total>
				<timestamp>535.199254</timestamp>
			</report>
			<report>
				<misses>21500000</misses>
				<total>1</total>
				<timestamp>537.699589</timestamp>
			</report>
			<report>
				<misses>21600000</misses>
				<total>1</total>
				<timestamp>540.200715</timestamp>
			</report>
			<report>
				<misses>21700000</misses>
				<total>1</total>
				<timestamp>542.701518</timestamp>
			</report>
			<report>
				<misses>21800000</misses>
				<total>1</total>
				<timestamp>545.203364</timestamp>
			</report>
			<report>
				<misses>21900000</misses>
				<total>1</total>
				<timestamp>547.703978</timestamp>
			</report>
			<report>
				<misses>22000000</misses>
				<total>1</total>
				<timestamp>550.204566</timestamp>
			</report>
			<report>
				<misses>22100000</misses>
				<total>1</total>
				<timestamp>552.705050</timestamp>
			</report>
			<report>
				<misses>22200000</misses>
				<total>1</total>
				<timestamp>555.206081</timestamp>
			</report>
			<report>
				<misses>22300000</misses>
				<total>1</total>
				<timestamp>557.707718</timestamp>
			</report>
			<report>
				<misses>22400000</misses>
				<total>1</total>
				<timestamp>560.210530</timestamp>
			</report>
			<report>
				<misses>22500000</misses>
				<total>1</total>
				<timestamp>562.713340</timestamp>
			</report>
			<report>
				<misses>22600000</misses>
				<total>1</total>
				<timestamp>565.215751</timestamp>
			</report>
			<report>
				<misses>22700000</misses>
				<total>1</total>
				<timestamp>567.717652</timestamp>
			</report>
			<report>
				<misses>22800000</misses>
				<total>1</total>
				<timestamp>570.219303</timestamp>
			</report>
			<report>
				<misses>22900000</misses>
				<total>1</total>
				<timestamp>572.720974</timestamp>
			</report>
			<report>
				<misses>23000000</misses>
				<total>1</total>
				<timestamp>575.222854</timestamp>
			</report>
			<report>
				<misses>23100000</misses>
				<total>1</total>
				<timestamp>577.724619</timestamp>
			</report>
			<report>
				<misses>23200000</misses>
				<total>1</total>
				<timestamp>580.226246</timestamp>
			</report>
			<report>
				<misses>23300000</misses>
				<total>1</total>
				<timestamp>582.729396</timestamp>
			</report>
			<report>
				<misses>23400000</misses>
				<total>1</total>
				<timestamp>585.230906</timestamp>
			</report>
			<report>
				<misses>23500000</misses>
				<total>1</total>
				<timestamp>587.731457</timestamp>
			</report>
			<report>
				<misses>23600000</misses>
				<total>1</total>
				<timestamp>590.232023</timestamp>
			</report>
			<report>
				<misses>23700000</misses>
				<total>1</total>
				<timestamp>592.733444</timestamp>
			</report>
			<report>
				<misses>23800000</misses>
				<total>1</total>
				<timestamp>595.234682</timestamp>
			</report>
			<report>
				<misses>23900000</misses>
				<total>1</total>
				<timestamp>597.734810</timestamp>
			</report>
			<report>
				<misses>24000000</misses>
				<total>1</total>
				<timestamp>600.236198</timestamp>
			</report>
			<report>
				<misses>24100000</misses>
				<total>1</total>
				<timestamp>602.737455</timestamp>
			</report>
			<report>
				<misses>24200000</misses>
				<total>1</total>
				<timestamp>605.237740</timestamp>
			</report>
			<report>
				<misses>24300000</misses>
				<total>1</total>
				<timestamp>607.738147</timestamp>
			</report>
			<report>
				<misses>24400000</misses>
				<total>1</total>
				<timestamp>610.238277</timestamp>
			</report>
			<report>
				<misses>24500000</misses>
				<total>1</total>
				<timestamp>612.741878</timestamp>
			</report>
			<report>
				<misses>24600000</misses>
				<total>1</total>
				<timestamp>615.243443</timestamp>
			</report>
			<report>
				<misses>24700000</misses>
				<total>1</total>
				<timestamp>617.745003</timestamp>
			</report>
			<report>
				<misses>24800000</misses>
				<total>1</total>
				<timestamp>620.246899</timestamp>
			</report>
			<report>
				<misses>24900000</misses>
				<total>1</total>
				<timestamp>622.748188</timestamp>
			</report>
			<report>
				<misses>25000000</misses>
				<total>1</total>
				<timestamp>625.249962</timestamp>
			</report>
			<report>
				<misses>25100000</misses>
				<total>1</total>
				<timestamp>627.749957</timestamp>
			</report>
			<report>
				<misses>25200000</misses>
				<total>1</total>
				<timestamp>630.250098</timestamp>
			</report>
			<report>
				<misses>25300000</misses>
				<total>1</total>
				<timestamp>632.750543</timestamp>
			</report>
			<report>
				<misses>25400000</misses>
				<total>1</total>
				<timestamp>635.251528</timestamp>
			</report>
			<report>
				<misses>25500000</misses>
				<total>1</total>
				<timestamp>637.752502</timestamp>
			</report>
			<report>
				<misses>25600000</misses>
				<total>1</total>
				<timestamp>640.253054</timestamp>
			</report>
			<report>
				<misses>25700000</misses>
				<total>1</total>
				<timestamp>642.754126</timestamp>
			</report>
			<report>
				<misses>25800000</misses>
				<total>1</total>
				<timestamp>645.255910</timestamp>
			</report>
			<report>
				<misses>25900000</misses>
				<total>1</total>
				<timestamp>647.757832</timestamp>
			</report>
			<report>
				<misses>26000000</misses>
				<total>1</total>
				<timestamp>650.260083</timestamp>
			</report>
			<report>
				<misses>26100000</misses>
				<total>1</total>
				<timestamp>652.762481</timestamp>
			</report>
			<report>
				<misses>26200000</misses>
				<total>1</total>
				<timestamp>655.263610</timestamp>
			</report>
			<report>
				<misses>26300000</misses>
				<total>1</total>
				<timestamp>657.764882</timestamp>
			</report>
			<report>
				<misses>26400000</misses>
				<total>1</total>
				<timestamp>660.266286</timestamp>
			</report>
			<report>
				<misses>26500000</misses>
				<total>1</total>
				<timestamp>662.766901</timestamp>
			</report>
			<report>
				<misses>26600000</misses>
				<total>1</total>
				<timestamp>665.267335</timestamp>
			</report>
			<report>
				<misses>26700000</misses>
				<total>1</total>
				<timestamp>667.768486</timestamp>
			</report>
			<report>
				<misses>26800000</misses>
				<total>1</total>
				<timestamp>670.271177</timestamp>
			</report>
			<report>
				<misses>26900000</misses>
				<total>1</total>
				<timestamp>672.773621</timestamp>
			</report>
			<report>
				<misses>27000000</misses>
				<total>1</total>
				<timestamp>675.276377</timestamp>
			</report>
			<report>
				<misses>27100000</misses>
				<total>1</total>
				<timestamp>677.778596</timestamp>
			</report>
			<report>
				<misses>27200000</misses>
				<total>1</total>
				<timestamp>680.279985</timestamp>
			</report>
			<report>
				<misses>27300000</misses>
				<total>1</total>
				<timestamp>682.780535</timestamp>
			</report>
			<report>
				<misses>27400000</misses>
				<total>1</total>
				<timestamp>685.280957</timestamp>
			</report>
			<report>
				<misses>27500000</misses>
				<total>1</total>
				<timestamp>687.781500</timestamp>
			</report>
			<report>
				<misses>27600000</misses>
				<total>1</total>
				<timestamp>690.282064</timestamp>
			</report>
			<report>
				<misses>27700000</misses>
				<total>1</total>
				<timestamp>692.783369</timestamp>
			</report>
			<report>
				<misses>27800000</misses>
				<total>1</total>
				<timestamp>695.286176</timestamp>
			</report>
			<report>
				<misses>27900000</misses>
				<total>1</total>
				<timestamp>697.787397</timestamp>
			</report>
			<report>
				<misses>28000000</misses>
				<total>1</total>
				<timestamp>700.289175</timestamp>
			</report>
			<report>
				<misses>28100000</misses>
				<total>1</total>
				<timestamp>702.791078</timestamp>
			</report>
			<report>
				<misses>28200000</misses>
				<total>1</total>
				<timestamp>705.292082</timestamp>
			</report>
			<report>
				<misses>28300000</misses>
				<total>1</total>
				<timestamp>707.792302</timestamp>
			</report>
			<report>
				<misses>28400000</misses>
				<total>1</total>
				<timestamp>710.293205</timestamp>
			</report>
			<report>
				<misses>28500000</misses>
				<total>1</total>
				<timestamp>712.795436</timestamp>
			</report>
			<report>
				<misses>28600000</misses>
				<total>1</total>
				<timestamp>715.297239</timestamp>
			</report>
			<report>
				<misses>28700000</misses>
				<total>1</total>
				<timestamp>717.799162</timestamp>
			</report>
			<report>
				<misses>28800000</misses>
				<total>1</total>
				<timestamp>720.300240</timestamp>
			</report>
			<report>
				<misses>28900000</misses>
				<total>1</total>
				<timestamp>722.801100</timestamp>
			</report>
			<report>
				<misses>29000000</misses>
				<total>1</total>
				<timestamp>725.301114</timestamp>
			</report>
			<report>
				<misses>29100000</misses>
				<total>1</total>
				<timestamp>727.801189</timestamp>
			</report>
			<report>
				<misses>29200000</misses>
				<total>1</total>
				<timestamp>730.301819</timestamp>
			</report>
			<report>
				<misses>29300000</misses>
				<total>1</total>
				<timestamp>732.802729</timestamp>
			</report>
			<report>
				<misses>29400000</misses>
				<total>1</total>
				<timestamp>735.303421</timestamp>
			</report>
			<report>
				<misses>29500000</misses>
				<total>1</total>
				<timestamp>737.804160</timestamp>
			</report>
			<report>
				<misses>29600000</misses>
				<total>1</total>
				<timestamp>740.304728</timestamp>
			</report>
			<report>
				<misses>29700000</misses>
				<total>1</total>
				<timestamp>742.806790</timestamp>
			</report>
			<report>
				<misses>29800000</misses>
				<total>1</total>
				<timestamp>745.307821</timestamp>
			</report>
			<report>
				<misses>29900000</misses>
				<total>1</total>
				<timestamp>747.810520</timestamp>
			</report>
			<report>
				<misses>30000000</misses>
				<total>1</total>
				<timestamp>750.310546</timestamp>
			</report>
			<report>
				<misses>30100000</misses>
				<total>1</total>
				<timestamp>752.810569</timestamp>
			</report>
			<report>
				<misses>30200000</misses>
				<total>1</total>
				<timestamp>755.311922</timestamp>
			</report>
			<report>
				<misses>30300000</misses>
				<total>1</total>
				<timestamp>757.813631</timestamp>
			</report>
			<report>
				<misses>30400000</misses>
				<total>1</total>
				<timestamp>760.314522</timestamp>
			</report>
			<report>
				<misses>30500000</misses>
				<total>1</total>
				<timestamp>762.816573</timestamp>
			</report>
			<report>
				<misses>30600000</misses>
				<total>1</total>
				<timestamp>765.317051</timestamp>
			</report>
			<report>
				<misses>30700000</misses>
				<total>1</total>
				<timestamp>767.818671</timestamp>
			</report>
			<report>
				<misses>30800000</misses>
				<total>1</total>
				<timestamp>770.319123</timestamp>
			</report>
			<report>
				<misses>30900000</misses>
				<total>1</total>
				<timestamp>772.820127</timestamp>
			</report>
			<report>
				<misses>31000000</misses>
				<total>1</total>
				<timestamp>775.320444</timestamp>
			</report>
			<report>
				<misses>31100000</misses>
				<total>1</total>
				<timestamp>777.820667</timestamp>
			</report>
			<report>
				<misses>31200000</misses>
				<total>1</total>
				<timestamp>780.321761</timestamp>
			</report>
			<report>
				<misses>31300000</misses>
				<total>1</total>
				<timestamp>782.823787</timestamp>
			</report>
			<report>
				<misses>31400000</misses>
				<total>1</total>
				<timestamp>785.326265</timestamp>
			</report>
			<report>
				<misses>31500000</misses>
				<total>1</total>
				<timestamp>787.826809</timestamp>
			</report>
			<report>
				<misses>31600000</misses>
				<total>1</total>
				<timestamp>790.329697</timestamp>
			</report>
			<report>
				<misses>31700000</misses>
				<total>1</total>
				<timestamp>792.830989</timestamp>
			</report>
			<report>
				<misses>31800000</misses>
				<total>1</total>
				<timestamp>795.333018</timestamp>
			</report>
			<report>
				<misses>31900000</misses>
				<total>1</total>
				<timestamp>797.834838</timestamp>
			</report>
			<report>
				<misses>32000000</misses>
				<total>1</total>
				<timestamp>800.335609</timestamp>
			</report>
			<report>
				<misses>32100000</misses>
				<total>1</total>
				<timestamp>802.836348</timestamp>
			</report>
			<report>
				<misses>32200000</misses>
				<total>1</total>
				<timestamp>805.338037</timestamp>
			</report>
			<report>
				<misses>32300000</misses>
				<total>1</total>
				<timestamp>807.839709</timestamp>
			</report>
			<report>
				<misses>32400000</misses>
				<total>1</total>
				<timestamp>810.341401</timestamp>
			</report>
			<report>
				<misses>32500000</misses>
				<total>1</total>
				<timestamp>812.842251</timestamp>
			</report>
			<report>
				<misses>32600000</misses>
				<total>1</total>
				<timestamp>815.343655</timestamp>
			</report>
			<report>
				<misses>32700000</misses>
				<total>1</total>
				<timestamp>817.844697</timestamp>
			</report>
			<report>
				<misses>32800000</misses>
				<total>1</total>
				<timestamp>820.344767</timestamp>
			</report>
			<report>
				<misses>32900000</misses>
				<total>1</total>
				<timestamp>822.845621</timestamp>
			</report>
			<report>
				<misses>33000000</misses>
				<total>1</total>
				<timestamp>825.346009</timestamp>
			</report>
			<report>
				<misses>33100000</misses>
				<total>1</total>
				<timestamp>827.846861</timestamp>
			</report>
			<report>
				<misses>33200000</misses>
				<total>1</total>
				<timestamp>830.347010</timestamp>
			</report>
			<report>
				<misses>33300000</misses>
				<total>1</total>
				<timestamp>832.848422</timestamp>
			</report>
			<report>
				<misses>33400000</misses>
				<total>1</total>
				<timestamp>835.351204</timestamp>
			</report>
			<report>
				<misses>33500000</misses>
				<total>1</total>
				<timestamp>837.853673</timestamp>
			</report>
			<report>
				<misses>33600000</misses>
				<total>1</total>
				<timestamp>840.355972</timestamp>
			</report>
			<report>
				<misses>33700000</misses>
				<total>1</total>
				<timestamp>842.856206</timestamp>
			</report>
			<report>
				<misses>33800000</misses>
				<total>1</total>
				<timestamp>845.356300</timestamp>
			</report>
			<report>
				<misses>33900000</misses>
				<total>1</total>
				<timestamp>847.856623</timestamp>
			</report>
			<report>
				<misses>34000000</misses>
				<total>1</total>
				<timestamp>850.357066</timestamp>
			</report>
			<report>
				<misses>34100000</misses>
				<total>1</total>
				<timestamp>852.857304</timestamp>
			</report>
			<report>
				<misses>34200000</misses>
				<total>1</total>
				<timestamp>855.357812</timestamp>
			</report>
			<report>
				<misses>34300000</misses>
				<total>1</total>
				<timestamp>857.858236</timestamp>
			</report>
			<report>
				<misses>34400000</misses>
				<total>1</total>
				<timestamp>860.360850</timestamp>
			</report>
			<report>
				<misses>34500000</misses>
				<total>1</total>
				<timestamp>862.863223</timestamp>
			</report>
			<report>
				<misses>34600000</misses>
				<total>1</total>
				<timestamp>865.365914</timestamp>
			</report>
			<report>
				<misses>34700000</misses>
				<total>1</total>
				<timestamp>867.865996</timestamp>
			</report>
			<report>
				<misses>34800000</misses>
				<total>1</total>
				<timestamp>870.366890</timestamp>
			</report>
			<report>
				<misses>34900000</misses>
				<total>1</total>
				<timestamp>872.867710</timestamp>
			</report>
			<report>
				<misses>35000000</misses>
				<total>1</total>
				<timestamp>875.367825</timestamp>
			</report>
			<report>
				<misses>35100000</misses>
				<total>1</total>
				<timestamp>877.868408</timestamp>
			</report>
			<report>
				<misses>35200000</misses>
				<total>1</total>
				<timestamp>880.368647</timestamp>
			</report>
			<report>
				<misses>35300000</misses>
				<total>1</total>
				<timestamp>882.869302</timestamp>
			</report>
			<report>
				<misses>35400000</misses>
				<total>1</total>
				<timestamp>885.369408</timestamp>
			</report>
			<report>
				<misses>35500000</misses>
				<total>1</total>
				<timestamp>887.869435</timestamp>
			</report>
			<report>
				<misses>35600000</misses>
				<total>1</total>
				<timestamp>890.369647</timestamp>
			</report>
			<report>
				<misses>35700000</misses>
				<total>1</total>
				<timestamp>892.870746</timestamp>
			</report>
			<report>
				<misses>35800000</misses>
				<total>1</total>
				<timestamp>895.373077</timestamp>
			</report>
			<report>
				<misses>35900000</misses>
				<total>1</total>
				<timestamp>897.873205</timestamp>
			</report>
			<report>
				<misses>36000000</misses>
				<total>1</total>
				<timestamp>900.374122</timestamp>
			</report>
			<report>
				<misses>36100000</misses>
				<total>1</total>
				<timestamp>902.876687</timestamp>
			</report>
			<report>
				<misses>36200000</misses>
				<total>1</total>
				<timestamp>905.379276</timestamp>
			</report>
			<report>
				<misses>36300000</misses>
				<total>1</total>
				<timestamp>907.881664</timestamp>
			</report>
			<report>
				<misses>36400000</misses>
				<total>1</total>
				<timestamp>910.383969</timestamp>
			</report>
			<report>
				<misses>36500000</misses>
				<total>1</total>
				<timestamp>912.886705</timestamp>
			</report>
			<report>
				<misses>36600000</misses>
				<total>1</total>
				<timestamp>915.390721</timestamp>
			</report>
			<report>
				<misses>36700000</misses>
				<total>1</total>
				<timestamp>917.893060</timestamp>
			</report>
			<report>
				<misses>36800000</misses>
				<total>1</total>
				<timestamp>920.394280</timestamp>
			</report>
			<report>
				<misses>36900000</misses>
				<total>1</total>
				<timestamp>922.894770</timestamp>
			</report>
			<report>
				<misses>37000000</misses>
				<total>1</total>
				<timestamp>925.395738</timestamp>
			</report>
			<report>
				<misses>37100000</misses>
				<total>1</total>
				<timestamp>927.897647</timestamp>
			</report>
			<report>
				<misses>37200000</misses>
				<total>1</total>
				<timestamp>930.399105</timestamp>
			</report>
			<report>
				<misses>37300000</misses>
				<total>1</total>
				<timestamp>932.901645</timestamp>
			</report>
			<report>
				<misses>37400000</misses>
				<total>1</total>
				<timestamp>935.402938</timestamp>
			</report>
			<report>
				<misses>37500000</misses>
				<total>1</total>
				<timestamp>937.903675</timestamp>
			</report>
			<report>
				<misses>37600000</misses>
				<total>1</total>
				<timestamp>940.403721</timestamp>
			</report>
			<report>
				<misses>37700000</misses>
				<total>1</total>
				<timestamp>942.904250</timestamp>
			</report>
			<report>
				<misses>37800000</misses>
				<total>1</total>
				<timestamp>945.404684</timestamp>
			</report>
			<report>
				<misses>37900000</misses>
				<total>1</total>
				<timestamp>947.905945</timestamp>
			</report>
			<report>
				<misses>38000000</misses>
				<total>1</total>
				<timestamp>950.407068</timestamp>
			</report>
			<report>
				<misses>38100000</misses>
				<total>1</total>
				<timestamp>952.908787</timestamp>
			</report>
			<report>
				<misses>38200000</misses>
				<total>1</total>
				<timestamp>955.409849</timestamp>
			</report>
			<report>
				<misses>38300000</misses>
				<total>1</total>
				<timestamp>957.910720</timestamp>
			</report>
			<report>
				<misses>38400000</misses>
				<total>1</total>
				<timestamp>960.411077</timestamp>
			</report>
			<report>
				<misses>38500000</misses>
				<total>1</total>
				<timestamp>962.911327</timestamp>
			</report>
			<report>
				<misses>38600000</misses>
				<total>1</total>
				<timestamp>965.412343</timestamp>
			</report>
			<report>
				<misses>38700000</misses>
				<total>1</total>
				<timestamp>967.912448</timestamp>
			</report>
			<report>
				<misses>38800000</misses>
				<total>1</total>
				<timestamp>970.413752</timestamp>
			</report>
			<report>
				<misses>38900000</misses>
				<total>1</total>
				<timestamp>972.913953</timestamp>
			</report>
			<report>
				<misses>39000000</misses>
				<total>1</total>
				<timestamp>975.415617</timestamp>
			</report>
			<report>
				<misses>39100000</misses>
				<total>1</total>
				<timestamp>977.917714</timestamp>
			</report>
			<report>
				<misses>39200000</misses>
				<total>1</total>
				<timestamp>980.418033</timestamp>
			</report>
			<report>
				<misses>39300000</misses>
				<total>1</total>
				<timestamp>982.918391</timestamp>
			</report>
			<report>
				<misses>39400000</misses>
				<total>1</total>
				<timestamp>985.420686</timestamp>
			</report>
			<report>
				<misses>39500000</misses>
				<total>1</total>
				<timestamp>987.922412</timestamp>
			</report>
			<report>
				<misses>39600000</misses>
				<total>1</total>
				<timestamp>990.424397</timestamp>
			</report>
			<report>
				<misses>39700000</misses>
				<total>1</total>
				<timestamp>992.925538</timestamp>
			</report>
			<report>
				<misses>39800000</misses>
				<total>1</total>
				<timestamp>995.426119</timestamp>
			</report>
			<report>
				<misses>39900000</misses>
				<total>1</total>
				<timestamp>997.926147</timestamp>
			</report>
			<report>
				<misses>40000000</misses>
				<total>1</total>
				<timestamp>1000.426183</timestamp>
			</report>
			<report>
				<misses>40100000</misses>
				<total>1</total>
				<timestamp>1002.926700</timestamp>
			</report>
			<report>
				<misses>40200000</misses>
				<total>1</total>
				<timestamp>1005.427006</timestamp>
			</report>
			<report>
				<misses>40300000</misses>
				<total>1</total>
				<timestamp>1007.931516</timestamp>
			</report>
			<report>
				<misses>40400000</misses>
				<total>1</total>
				<timestamp>1010.434321</timestamp>
			</report>
			<report>
				<misses>40500000</misses>
				<total>1</total>
				<timestamp>1012.937140</timestamp>
			</report>
			<report>
				<misses>40600000</misses>
				<total>1</total>
				<timestamp>1015.439683</timestamp>
			</report>
			<report>
				<misses>40700000</misses>
				<total>1</total>
				<timestamp>1017.942154</timestamp>
			</report>
			<report>
				<misses>40800000</misses>
				<total>1</total>
				<timestamp>1020.442522</timestamp>
			</report>
			<report>
				<misses>40900000</misses>
				<total>1</total>
				<timestamp>1022.943055</timestamp>
			</report>
			<report>
				<misses>41000000</misses>
				<total>1</total>
				<timestamp>1025.443076</timestamp>
			</report>
			<report>
				<misses>41100000</misses>
				<total>1</total>
				<timestamp>1027.944279</timestamp>
			</report>
			<report>
				<misses>41200000</misses>
				<total>1</total>
				<timestamp>1030.444628</timestamp>
			</report>
			<report>
				<misses>41300000</misses>
				<total>1</total>
				<timestamp>1032.946294</timestamp>
			</report>
			<report>
				<misses>41400000</misses>
				<total>1</total>
				<timestamp>1035.446333</timestamp>
			</report>
			<report>
				<misses>41500000</misses>
				<total>1</total>
				<timestamp>1037.946418</timestamp>
			</report>
			<report>
				<misses>41600000</misses>
				<total>1</total>
				<timestamp>1040.446424</timestamp>
			</report>
			<report>
				<misses>41700000</misses>
				<total>1</total>
				<timestamp>1042.947508</timestamp>
			</report>
			<report>
				<misses>41800000</misses>
				<total>1</total>
				<timestamp>1045.447701</timestamp>
			</report>
			<report>
				<misses>41900000</misses>
				<total>1</total>
				<timestamp>1047.948223</timestamp>
			</report>
			<report>
				<misses>42000000</misses>
				<total>1</total>
				<timestamp>1050.448442</timestamp>
			</report>
			<report>
				<misses>42100000</misses>
				<total>1</total>
				<timestamp>1052.950567</timestamp>
			</report>
			<report>
				<misses>42200000</misses>
				<total>1</total>
				<timestamp>1055.452589</timestamp>
			</report>
			<report>
				<misses>42300000</misses>
				<total>1</total>
				<timestamp>1057.954683</timestamp>
			</report>
			<report>
				<misses>42400000</misses>
				<total>1</total>
				<timestamp>1060.456023</timestamp>
			</report>
			<report>
				<misses>42500000</misses>
				<total>1</total>
				<timestamp>1062.956085</timestamp>
			</report>
			<report>
				<misses>42600000</misses>
				<total>1</total>
				<timestamp>1065.456387</timestamp>
			</report>
			<report>
				<misses>42700000</misses>
				<total>1</total>
				<timestamp>1067.958133</timestamp>
			</report>
			<report>
				<misses>42800000</misses>
				<total>1</total>
				<timestamp>1070.459536</timestamp>
			</report>
			<report>
				<misses>42900000</misses>
				<total>1</total>
				<timestamp>1072.960649</timestamp>
			</report>
			<report>
				<misses>43000000</misses>
				<total>1</total>
				<timestamp>1075.460683</timestamp>
			</report>
			<report>
				<misses>43100000</misses>
				<total>1</total>
				<timestamp>1077.961499</timestamp>
			</report>
			<report>
				<misses>43200000</misses>
				<total>1</total>
				<timestamp>1080.462020</timestamp>
			</report>
			<report>
				<misses>43300000</misses>
				<total>1</total>
				<timestamp>1082.962508</timestamp>
			</report>
			<report>
				<misses>43400000</misses>
				<total>1</total>
				<timestamp>1085.463202</timestamp>
			</report>
			<report>
				<misses>43500000</misses>
				<total>1</total>
				<timestamp>1087.963440</timestamp>
			</report>
			<report>
				<misses>43600000</misses>
				<total>1</total>
				<timestamp>1090.463760</timestamp>
			</report>
			<report>
				<misses>43700000</misses>
				<total>1</total>
				<timestamp>1092.964826</timestamp>
			</report>
			<report>
				<misses>43800000</misses>
				<total>1</total>
				<timestamp>1095.465608</timestamp>
			</report>
			<report>
				<misses>43900000</misses>
				<total>1</total>
				<timestamp>1097.967269</timestamp>
			</report>
			<report>
				<misses>44000000</misses>
				<total>1</total>
				<timestamp>1100.472358</timestamp>
			</report>
			<report>
				<misses>44100000</misses>
				<total>1</total>
				<timestamp>1102.975114</timestamp>
			</report>
			<report>
				<misses>44200000</misses>
				<total>1</total>
				<timestamp>1105.475235</timestamp>
			</report>
			<report>
				<misses>44300000</misses>
				<total>1</total>
				<timestamp>1107.975277</timestamp>
			</report>
			<report>
				<misses>44400000</misses>
				<total>1</total>
				<timestamp>1110.476570</timestamp>
			</report>
			<report>
				<misses>44500000</misses>
				<total>1</total>
				<timestamp>1112.978384</timestamp>
			</report>
			<report>
				<misses>44600000</misses>
				<total>1</total>
				<timestamp>1115.480710</timestamp>
			</report>
			<report>
				<misses>44700000</misses>
				<total>1</total>
				<timestamp>1117.982724</timestamp>
			</report>
			<report>
				<misses>44800000</misses>
				<total>1</total>
				<timestamp>1120.484378</timestamp>
			</report>
			<report>
				<misses>44900000</misses>
				<total>1</total>
				<timestamp>1122.987459</timestamp>
			</report>
			<report>
				<misses>45000000</misses>
				<total>1</total>
				<timestamp>1125.489389</timestamp>
			</report>
			<report>
				<misses>45100000</misses>
				<total>1</total>
				<timestamp>1127.992306</timestamp>
			</report>
			<report>
				<misses>45200000</misses>
				<total>1</total>
				<timestamp>1130.494277</timestamp>
			</report>
			<report>
				<misses>45300000</misses>
				<total>1</total>
				<timestamp>1132.996334</timestamp>
			</report>
			<report>
				<misses>45400000</misses>
				<total>1</total>
				<timestamp>1135.496916</timestamp>
			</report>
			<report>
				<misses>45500000</misses>
				<total>1</total>
				<timestamp>1137.996967</timestamp>
			</report>
			<report>
				<misses>45600000</misses>
				<total>1</total>
				<timestamp>1140.499287</timestamp>
			</report>
			<report>
				<misses>45700000</misses>
				<total>1</total>
				<timestamp>1143.002646</timestamp>
			</report>
			<report>
				<misses>45800000</misses>
				<total>1</total>
				<timestamp>1145.503078</timestamp>
			</report>
			<report>
				<misses>45900000</misses>
				<total>1</total>
				<timestamp>1148.003647</timestamp>
			</report>
			<report>
				<misses>46000000</misses>
				<total>1</total>
				<timestamp>1150.504313</timestamp>
			</report>
			<report>
				<misses>46100000</misses>
				<total>1</total>
				<timestamp>1153.005979</timestamp>
			</report>
			<report>
				<misses>46200000</misses>
				<total>1</total>
				<timestamp>1155.506039</timestamp>
			</report>
			<report>
				<misses>46300000</misses>
				<total>1</total>
				<timestamp>1158.006196</timestamp>
			</report>
			<report>
				<misses>46400000</misses>
				<total>1</total>
				<timestamp>1160.506219</timestamp>
			</report>
			<report>
				<misses>46500000</misses>
				<total>1</total>
				<timestamp>1163.007144</timestamp>
			</report>
			<report>
				<misses>46600000</misses>
				<total>1</total>
				<timestamp>1165.508425</timestamp>
			</report>
			<report>
				<misses>46700000</misses>
				<total>1</total>
				<timestamp>1168.010637</timestamp>
			</report>
			<report>
				<misses>46800000</misses>
				<total>1</total>
				<timestamp>1170.512257</timestamp>
			</report>
			<report>
				<misses>46900000</misses>
				<total>1</total>
				<timestamp>1173.014297</timestamp>
			</report>
			<report>
				<misses>47000000</misses>
				<total>1</total>
				<timestamp>1175.514387</timestamp>
			</report>
			<report>
				<misses>47100000</misses>
				<total>1</total>
				<timestamp>1178.014586</timestamp>
			</report>
			<report>
				<misses>47200000</misses>
				<total>1</total>
				<timestamp>1180.514702</timestamp>
			</report>
			<report>
				<misses>47300000</misses>
				<total>1</total>
				<timestamp>1183.014957</timestamp>
			</report>
			<report>
				<misses>47400000</misses>
				<total>1</total>
				<timestamp>1185.515426</timestamp>
			</report>
			<report>
				<misses>47500000</misses>
				<total>1</total>
				<timestamp>1188.015658</timestamp>
			</report>
			<report>
				<misses>47600000</misses>
				<total>1</total>
				<timestamp>1190.519514</timestamp>
			</report>
			<report>
				<misses>47700000</misses>
				<total>1</total>
				<timestamp>1193.021825</timestamp>
			</report>
			<report>
				<misses>47800000</misses>
				<total>1</total>
				<timestamp>1195.522332</timestamp>
			</report>
			<report>
				<misses>47900000</misses>
				<total>1</total>
				<timestamp>1198.023449</timestamp>
			</report>
			<report>
				<misses>48000000</misses>
				<total>1</total>
				<timestamp>1200.524232</timestamp>
			</report>
			<report>
				<misses>48100000</misses>
				<total>1</total>
				<timestamp>1203.025774</timestamp>
			</report>
			<report>
				<misses>48200000</misses>
				<total>1</total>
				<timestamp>1205.525934</timestamp>
			</report>
			<report>
				<misses>48300000</misses>
				<total>1</total>
				<timestamp>1208.026218</timestamp>
			</report>
			<report>
				<misses>48400000</misses>
				<total>1</total>
				<timestamp>1210.527609</timestamp>
			</report>
			<report>
				<misses>48500000</misses>
				<total>1</total>
				<timestamp>1213.028103</timestamp>
			</report>
			<report>
				<misses>48600000</misses>
				<total>1</total>
				<timestamp>1215.529801</timestamp>
			</report>
			<report>
				<misses>48700000</misses>
				<total>1</total>
				<timestamp>1218.030439</timestamp>
			</report>
			<report>
				<misses>48800000</misses>
				<total>1</total>
				<timestamp>1220.530577</timestamp>
			</report>
			<report>
				<misses>48900000</misses>
				<total>1</total>
				<timestamp>1223.030816</timestamp>
			</report>
			<report>
				<misses>49000000</misses>
				<total>1</total>
				<timestamp>1225.531181</timestamp>
			</report>
			<report>
				<misses>49100000</misses>
				<total>1</total>
				<timestamp>1228.032298</timestamp>
			</report>
			<report>
				<misses>49200000</misses>
				<total>1</total>
				<timestamp>1230.533494</timestamp>
			</report>
			<report>
				<misses>49300000</misses>
				<total>1</total>
				<timestamp>1233.034504</timestamp>
			</report>
			<report>
				<misses>49400000</misses>
				<total>1</total>
				<timestamp>1235.534683</timestamp>
			</report>
			<report>
				<misses>49500000</misses>
				<total>1</total>
				<timestamp>1238.037323</timestamp>
			</report>
			<report>
				<misses>49600000</misses>
				<total>1</total>
				<timestamp>1240.538125</timestamp>
			</report>
			<report>
				<misses>49700000</misses>
				<total>1</total>
				<timestamp>1243.038146</timestamp>
			</report>
			<report>
				<misses>49800000</misses>
				<total>1</total>
				<timestamp>1245.538441</timestamp>
			</report>
			<report>
				<misses>49900000</misses>
				<total>1</total>
				<timestamp>1248.038607</timestamp>
			</report>
			<report>
				<misses>50000000</misses>
				<total>1</total>
				<timestamp>1250.539678</timestamp>
			</report>
			<report>
				<misses>50100000</misses>
				<total>1</total>
				<timestamp>1253.040621</timestamp>
			</report>
			<report>
				<misses>50200000</misses>
				<total>1</total>
				<timestamp>1255.541925</timestamp>
			</report>
			<report>
				<misses>50300000</misses>
				<total>1</total>
				<timestamp>1258.041956</timestamp>
			</report>
			<report>
				<misses>50400000</misses>
				<total>1</total>
				<timestamp>1260.541994</timestamp>
			</report>
			<report>
				<misses>50500000</misses>
				<total>1</total>
				<timestamp>1263.042021</timestamp>
			</report>
			<report>
				<misses>50600000</misses>
				<total>1</total>
				<timestamp>1265.542098</timestamp>
			</report>
			<report>
				<misses>50700000</misses>
				<total>1</total>
				<timestamp>1268.042450</timestamp>
			</report>
			<report>
				<misses>50800000</misses>
				<total>1</total>
				<timestamp>1270.544007</timestamp>
			</report>
			<report>
				<misses>50900000</misses>
				<total>1</total>
				<timestamp>1273.046449</timestamp>
			</report>
			<report>
				<misses>51000000</misses>
				<total>1</total>
				<timestamp>1275.548283</timestamp>
			</report>
			<report>
				<misses>51100000</misses>
				<total>1</total>
				<timestamp>1278.048690</timestamp>
			</report>
			<report>
				<misses>51200000</misses>
				<total>1</total>
				<timestamp>1280.549323</timestamp>
			</report>
			<report>
				<misses>51300000</misses>
				<total>1</total>
				<timestamp>1283.050061</timestamp>
			</report>
			<report>
				<misses>51400000</misses>
				<total>1</total>
				<timestamp>1285.552176</timestamp>
			</report>
			<report>
				<misses>51500000</misses>
				<total>1</total>
				<timestamp>1288.054462</timestamp>
			</report>
			<report>
				<misses>51600000</misses>
				<total>1</total>
				<timestamp>1290.556424</timestamp>
			</report>
			<report>
				<misses>51700000</misses>
				<total>1</total>
				<timestamp>1293.059035</timestamp>
			</report>
			<report>
				<misses>51800000</misses>
				<total>1</total>
				<timestamp>1295.561293</timestamp>
			</report>
			<report>
				<misses>51900000</misses>
				<total>1</total>
				<timestamp>1298.063869</timestamp>
			</report>
			<report>
				<misses>52000000</misses>
				<total>1</total>
				<timestamp>1300.566138</timestamp>
			</report>
			<report>
				<misses>52100000</misses>
				<total>1</total>
				<timestamp>1303.066367</timestamp>
			</report>
			<report>
				<misses>52200000</misses>
				<total>1</total>
				<timestamp>1305.566468</timestamp>
			</report>
			<report>
				<misses>52300000</misses>
				<total>1</total>
				<timestamp>1308.066826</timestamp>
			</report>
			<report>
				<misses>52400000</misses>
				<total>1</total>
				<timestamp>1310.566977</timestamp>
			</report>
			<report>
				<misses>52500000</misses>
				<total>1</total>
				<timestamp>1313.067409</timestamp>
			</report>
			<report>
				<misses>52600000</misses>
				<total>1</total>
				<timestamp>1315.567698</timestamp>
			</report>
			<report>
				<misses>52700000</misses>
				<total>1</total>
				<timestamp>1318.068967</timestamp>
			</report>
			<report>
				<misses>52800000</misses>
				<total>1</total>
				<timestamp>1320.569020</timestamp>
			</report>
			<report>
				<misses>52900000</misses>
				<total>1</total>
				<timestamp>1323.070930</timestamp>
			</report>
			<report>
				<misses>53000000</misses>
				<total>1</total>
				<timestamp>1325.575006</timestamp>
			</report>
			<report>
				<misses>53100000</misses>
				<total>1</total>
				<timestamp>1328.077471</timestamp>
			</report>
			<report>
				<misses>53200000</misses>
				<total>1</total>
				<timestamp>1330.578814</timestamp>
			</report>
			<report>
				<misses>53300000</misses>
				<total>1</total>
				<timestamp>1333.079370</timestamp>
			</report>
			<report>
				<misses>53400000</misses>
				<total>1</total>
				<timestamp>1335.579662</timestamp>
			</report>
			<report>
				<misses>53500000</misses>
				<total>1</total>
				<timestamp>1338.079722</timestamp>
			</report>
			<report>
				<misses>53600000</misses>
				<total>1</total>
				<timestamp>1340.582683</timestamp>
			</report>
			<report>
				<misses>53700000</misses>
				<total>1</total>
				<timestamp>1343.084981</timestamp>
			</report>
			<report>
				<misses>53800000</misses>
				<total>1</total>
				<timestamp>1345.585962</timestamp>
			</report>
			<report>
				<misses>53900000</misses>
				<total>1</total>
				<timestamp>1348.088161</timestamp>
			</report>
			<report>
				<misses>54000000</misses>
				<total>1</total>
				<timestamp>1350.590176</timestamp>
			</report>
			<report>
				<misses>54100000</misses>
				<total>1</total>
				<timestamp>1353.091033</timestamp>
			</report>
			<report>
				<misses>54200000</misses>
				<total>1</total>
				<timestamp>1355.592122</timestamp>
			</report>
			<report>
				<misses>54300000</misses>
				<total>1</total>
				<timestamp>1358.092937</timestamp>
			</report>
			<report>
				<misses>54400000</misses>
				<total>1</total>
				<timestamp>1360.593007</timestamp>
			</report>
			<report>
				<misses>54500000</misses>
				<total>1</total>
				<timestamp>1363.093022</timestamp>
			</report>
			<report>
				<misses>54600000</misses>
				<total>1</total>
				<timestamp>1365.593254</timestamp>
			</report>
			<report>
				<misses>54700000</misses>
				<total>1</total>
				<timestamp>1368.095282</timestamp>
			</report>
			<report>
				<misses>54800000</misses>
				<total>1</total>
				<timestamp>1370.597704</timestamp>
			</report>
			<report>
				<misses>54900000</misses>
				<total>1</total>
				<timestamp>1373.099825</timestamp>
			</report>
			<report>
				<misses>55000000</misses>
				<total>1</total>
				<timestamp>1375.603208</timestamp>
			</report>
			<report>
				<misses>55100000</misses>
				<total>1</total>
				<timestamp>1378.103520</timestamp>
			</report>
			<report>
				<misses>55200000</misses>
				<total>1</total>
				<timestamp>1380.604208</timestamp>
			</report>
			<report>
				<misses>55300000</misses>
				<total>1</total>
				<timestamp>1383.104831</timestamp>
			</report>
			<report>
				<misses>55400000</misses>
				<total>1</total>
				<timestamp>1385.605458</timestamp>
			</report>
			<report>
				<misses>55500000</misses>
				<total>1</total>
				<timestamp>1388.105517</timestamp>
			</report>
			<report>
				<misses>55600000</misses>
				<total>1</total>
				<timestamp>1390.605681</timestamp>
			</report>
			<report>
				<misses>55700000</misses>
				<total>1</total>
				<timestamp>1393.106311</timestamp>
			</report>
			<report>
				<misses>55800000</misses>
				<total>1</total>
				<timestamp>1395.606554</timestamp>
			</report>
			<report>
				<misses>55900000</misses>
				<total>1</total>
				<timestamp>1398.107339</timestamp>
			</report>
			<report>
				<misses>56000000</misses>
				<total>1</total>
				<timestamp>1400.609538</timestamp>
			</report>
			<report>
				<misses>56100000</misses>
				<total>1</total>
				<timestamp>1403.111881</timestamp>
			</report>
			<report>
				<misses>56200000</misses>
				<total>1</total>
				<timestamp>1405.614201</timestamp>
			</report>
			<report>
				<misses>56300000</misses>
				<total>1</total>
				<timestamp>1408.116333</timestamp>
			</report>
			<report>
				<misses>56400000</misses>
				<total>1</total>
				<timestamp>1410.618163</timestamp>
			</report>
			<report>
				<misses>56500000</misses>
				<total>1</total>
				<timestamp>1413.118637</timestamp>
			</report>
			<report>
				<misses>56600000</misses>
				<total>1</total>
				<timestamp>1415.619174</timestamp>
			</report>
			<report>
				<misses>56700000</misses>
				<total>1</total>
				<timestamp>1418.119976</timestamp>
			</report>
			<report>
				<misses>56800000</misses>
				<total>1</total>
				<timestamp>1420.622059</timestamp>
			</report>
			<report>
				<misses>56900000</misses>
				<total>2</total>
				<timestamp>1423.122593</timestamp>
			</report>
			<report>
				<misses>57000000</misses>
				<total>2</total>
				<timestamp>1425.622702</timestamp>
			</report>
			<report>
				<misses>57100000</misses>
				<total>2</total>
				<timestamp>1428.122718</timestamp>
			</report>
			<report>
				<misses>57200000</misses>
				<total>2</total>
				<timestamp>1430.625016</timestamp>
			</report>
			<report>
				<misses>57300000</misses>
				<total>2</total>
				<timestamp>1433.125466</timestamp>
			</report>
			<report>
				<misses>57400000</misses>
				<total>2</total>
				<timestamp>1435.627231</timestamp>
			</report>
			<report>
				<misses>57500000</misses>
				<total>2</total>
				<timestamp>1438.129491</timestamp>
			</report>
			<report>
				<misses>57600000</misses>
				<total>2</total>
				<timestamp>1440.629650</timestamp>
			</report>
			<report>
				<misses>57700000</misses>
				<total>2</total>
				<timestamp>1443.129674</timestamp>
			</report>
			<report>
				<misses>57800000</misses>
				<total>2</total>
				<timestamp>1445.630460</timestamp>
			</report>
			<report>
				<misses>57900000</misses>
				<total>2</total>
				<timestamp>1448.130851</timestamp>
			</report>
			<report>
				<misses>58000000</misses>
				<total>2</total>
				<timestamp>1450.631230</timestamp>
			</report>
			<report>
				<misses>58100000</misses>
				<total>2</total>
				<timestamp>1453.132982</timestamp>
			</report>
			<report>
				<misses>58200000</misses>
				<total>2</total>
				<timestamp>1455.633503</timestamp>
			</report>
			<report>
				<misses>58300000</misses>
				<total>2</total>
				<timestamp>1458.133788</timestamp>
			</report>
			<report>
				<misses>58400000</misses>
				<total>2</total>
				<timestamp>1460.633941</timestamp>
			</report>
			<report>
				<misses>58500000</misses>
				<total>2</total>
				<timestamp>1463.135305</timestamp>
			</report>
			<report>
				<misses>58600000</misses>
				<total>2</total>
				<timestamp>1465.637110</timestamp>
			</report>
			<report>
				<misses>58700000</misses>
				<total>2</total>
				<timestamp>1468.138003</timestamp>
			</report>
			<report>
				<misses>58800000</misses>
				<total>2</total>
				<timestamp>1470.638991</timestamp>
			</report>
			<report>
				<misses>58900000</misses>
				<total>2</total>
				<timestamp>1473.139407</timestamp>
			</report>
			<report>
				<misses>59000000</misses>
				<total>2</total>
				<timestamp>1475.639416</timestamp>
			</report>
			<report>
				<misses>59100000</misses>
				<total>2</total>
				<timestamp>1478.140202</timestamp>
			</report>
			<report>
				<misses>59200000</misses>
				<total>2</total>
				<timestamp>1480.640705</timestamp>
			</report>
			<report>
				<misses>59300000</misses>
				<total>2</total>
				<timestamp>1483.140906</timestamp>
			</report>
			<report>
				<misses>59400000</misses>
				<total>2</total>
				<timestamp>1485.642869</timestamp>
			</report>
			<report>
				<misses>59500000</misses>
				<total>2</total>
				<timestamp>1488.144966</timestamp>
			</report>
			<report>
				<misses>59600000</misses>
				<total>2</total>
				<timestamp>1490.646197</timestamp>
			</report>
			<report>
				<misses>59700000</misses>
				<total>2</total>
				<timestamp>1493.146641</timestamp>
			</report>
			<report>
				<misses>59800000</misses>
				<total>2</total>
				<timestamp>1495.647122</timestamp>
			</report>
			<report>
				<misses>59900000</misses>
				<total>2</total>
				<timestamp>1498.147836</timestamp>
			</report>
			<report>
				<misses>60000000</misses>
				<total>2</total>
				<timestamp>1500.651157</timestamp>
			</report>
			<report>
				<misses>60100000</misses>
				<total>2</total>
				<timestamp>1503.152429</timestamp>
			</report>
			<report>
				<misses>60200000</misses>
				<total>2</total>
				<timestamp>1505.654194</timestamp>
			</report>
			<report>
				<misses>60300000</misses>
				<total>2</total>
				<timestamp>1508.154373</timestamp>
			</report>
			<report>
				<misses>60400000</misses>
				<total>2</total>
				<timestamp>1510.654418</timestamp>
			</report>
			<report>
				<misses>60500000</misses>
				<total>2</total>
				<timestamp>1513.154439</timestamp>
			</report>
			<report>
				<misses>60600000</misses>
				<total>2</total>
				<timestamp>1515.655862</timestamp>
			</report>
			<report>
				<misses>60700000</misses>
				<total>2</total>
				<timestamp>1518.158135</timestamp>
			</report>
			<report>
				<misses>60800000</misses>
				<total>2</total>
				<timestamp>1520.660557</timestamp>
			</report>
			<report>
				<misses>60900000</misses>
				<total>2</total>
				<timestamp>1523.162388</timestamp>
			</report>
			<report>
				<misses>61000000</misses>
				<total>2</total>
				<timestamp>1525.662566</timestamp>
			</report>
			<report>
				<misses>61100000</misses>
				<total>2</total>
				<timestamp>1528.163138</timestamp>
			</report>
			<report>
				<misses>61200000</misses>
				<total>2</total>
				<timestamp>1530.664136</timestamp>
			</report>
			<report>
				<misses>61300000</misses>
				<total>2</total>
				<timestamp>1533.165599</timestamp>
			</report>
			<report>
				<misses>61400000</misses>
				<total>2</total>
				<timestamp>1535.667703</timestamp>
			</report>
			<report>
				<misses>61500000</misses>
				<total>2</total>
				<timestamp>1538.168656</timestamp>
			</report>
			<report>
				<misses>61600000</misses>
				<total>2</total>
				<timestamp>1540.668986</timestamp>
			</report>
			<report>
				<misses>61700000</misses>
				<total>2</total>
				<timestamp>1543.170782</timestamp>
			</report>
			<report>
				<misses>61800000</misses>
				<total>2</total>
				<timestamp>1545.670908</timestamp>
			</report>
			<report>
				<misses>61900000</misses>
				<total>2</total>
				<timestamp>1548.170925</timestamp>
			</report>
			<report>
				<misses>62000000</misses>
				<total>2</total>
				<timestamp>1550.671666</timestamp>
			</report>
			<report>
				<misses>62100000</misses>
				<total>2</total>
				<timestamp>1553.172834</timestamp>
			</report>
			<report>
				<misses>62200000</misses>
				<total>2</total>
				<timestamp>1555.673805</timestamp>
			</report>
			<report>
				<misses>62300000</misses>
				<total>2</total>
				<timestamp>1558.174299</timestamp>
			</report>
			<report>
				<misses>62400000</misses>
				<total>2</total>
				<timestamp>1560.674448</timestamp>
			</report>
			<report>
				<misses>62500000</misses>
				<total>2</total>
				<timestamp>1563.174567</timestamp>
			</report>
			<report>
				<misses>62600000</misses>
				<total>2</total>
				<timestamp>1565.674980</timestamp>
			</report>
			<report>
				<misses>62700000</misses>
				<total>2</total>
				<timestamp>1568.175102</timestamp>
			</report>
			<report>
				<misses>62800000</misses>
				<total>2</total>
				<timestamp>1570.677017</timestamp>
			</report>
			<report>
				<misses>62900000</misses>
				<total>2</total>
				<timestamp>1573.177704</timestamp>
			</report>
			<report>
				<misses>63000000</misses>
				<total>2</total>
				<timestamp>1575.678218</timestamp>
			</report>
			<report>
				<misses>63100000</misses>
				<total>2</total>
				<timestamp>1578.179638</timestamp>
			</report>
			<report>
				<misses>63200000</misses>
				<total>2</total>
				<timestamp>1580.679971</timestamp>
			</report>
			<report>
				<misses>63300000</misses>
				<total>2</total>
				<timestamp>1583.180396</timestamp>
			</report>
			<report>
				<misses>63400000</misses>
				<total>2</total>
				<timestamp>1585.681963</timestamp>
			</report>
			<report>
				<misses>63500000</misses>
				<total>2</total>
				<timestamp>1588.183544</timestamp>
			</report>
			<report>
				<misses>63600000</misses>
				<total>2</total>
				<timestamp>1590.684059</timestamp>
			</report>
			<report>
				<misses>63700000</misses>
				<total>2</total>
				<timestamp>1593.184709</timestamp>
			</report>
			<report>
				<misses>63800000</misses>
				<total>2</total>
				<timestamp>1595.687605</timestamp>
			</report>
			<report>
				<misses>63900000</misses>
				<total>2</total>
				<timestamp>1598.188355</timestamp>
			</report>
			<report>
				<misses>64000000</misses>
				<total>2</total>
				<timestamp>1600.688943</timestamp>
			</report>
			<report>
				<misses>64100000</misses>
				<total>2</total>
				<timestamp>1603.190973</timestamp>
			</report>
			<report>
				<misses>64200000</misses>
				<total>2</total>
				<timestamp>1605.692252</timestamp>
			</report>
			<report>
				<misses>64300000</misses>
				<total>2</total>
				<timestamp>1608.192614</timestamp>
			</report>
			<report>
				<misses>64400000</misses>
				<total>2</total>
				<timestamp>1610.692923</timestamp>
			</report>
			<report>
				<misses>64500000</misses>
				<total>2</total>
				<timestamp>1613.194436</timestamp>
			</report>
			<report>
				<misses>64600000</misses>
				<total>2</total>
				<timestamp>1615.696145</timestamp>
			</report>
			<report>
				<misses>64700000</misses>
				<total>2</total>
				<timestamp>1618.196947</timestamp>
			</report>
			<report>
				<misses>64800000</misses>
				<total>2</total>
				<timestamp>1620.698875</timestamp>
			</report>
			<report>
				<misses>64900000</misses>
				<total>2</total>
				<timestamp>1623.199497</timestamp>
			</report>
			<report>
				<misses>65000000</misses>
				<total>2</total>
				<timestamp>1625.699511</timestamp>
			</report>
			<report>
				<misses>65100000</misses>
				<total>2</total>
				<timestamp>1628.199622</timestamp>
			</report>
			<report>
				<misses>65200000</misses>
				<total>2</total>
				<timestamp>1630.700484</timestamp>
			</report>
			<report>
				<misses>65300000</misses>
				<total>2</total>
				<timestamp>1633.202337</timestamp>
			</report>
			<report>
				<misses>65400000</misses>
				<total>2</total>
				<timestamp>1635.703136</timestamp>
			</report>
			<report>
				<misses>65500000</misses>
				<total>2</total>
				<timestamp>1638.206630</timestamp>
			</report>
			<report>
				<misses>65600000</misses>
				<total>2</total>
				<timestamp>1640.708291</timestamp>
			</report>
			<report>
				<misses>65700000</misses>
				<total>2</total>
				<timestamp>1643.209700</timestamp>
			</report>
			<report>
				<misses>65800000</misses>
				<total>2</total>
				<timestamp>1645.710020</timestamp>
			</report>
			<report>
				<misses>65900000</misses>
				<total>2</total>
				<timestamp>1648.210190</timestamp>
			</report>
			<report>
				<misses>66000000</misses>
				<total>2</total>
				<timestamp>1650.710551</timestamp>
			</report>
			<report>
				<misses>66100000</misses>
				<total>2</total>
				<timestamp>1653.211682</timestamp>
			</report>
			<report>
				<misses>66200000</misses>
				<total>2</total>
				<timestamp>1655.714798</timestamp>
			</report>
			<report>
				<misses>66300000</misses>
				<total>2</total>
				<timestamp>1658.215904</timestamp>
			</report>
			<report>
				<misses>66400000</misses>
				<total>2</total>
				<timestamp>1660.716322</timestamp>
			</report>
			<report>
				<misses>66500000</misses>
				<total>2</total>
				<timestamp>1663.217870</timestamp>
			</report>
			<report>
				<misses>66600000</misses>
				<total>2</total>
				<timestamp>1665.719192</timestamp>
			</report>
			<report>
				<misses>66700000</misses>
				<total>2</total>
				<timestamp>1668.222399</timestamp>
			</report>
			<report>
				<misses>66800000</misses>
				<total>2</total>
				<timestamp>1670.725536</timestamp>
			</report>
			<report>
				<misses>66900000</misses>
				<total>2</total>
				<timestamp>1673.228190</timestamp>
			</report>
			<report>
				<misses>67000000</misses>
				<total>2</total>
				<timestamp>1675.729487</timestamp>
			</report>
			<report>
				<misses>67100000</misses>
				<total>2</total>
				<timestamp>1678.229796</timestamp>
			</report>
			<report>
				<misses>67200000</misses>
				<total>2</total>
				<timestamp>1680.730672</timestamp>
			</report>
			<report>
				<misses>67300000</misses>
				<total>2</total>
				<timestamp>1683.232545</timestamp>
			</report>
			<report>
				<misses>67400000</misses>
				<total>2</total>
				<timestamp>1685.733395</timestamp>
			</report>
			<report>
				<misses>67500000</misses>
				<total>2</total>
				<timestamp>1688.233676</timestamp>
			</report>
			<report>
				<misses>67600000</misses>
				<total>2</total>
				<timestamp>1690.734214</timestamp>
			</report>
			<report>
				<misses>67700000</misses>
				<total>2</total>
				<timestamp>1693.235696</timestamp>
			</report>
			<report>
				<misses>67800000</misses>
				<total>2</total>
				<timestamp>1695.736310</timestamp>
			</report>
			<report>
				<misses>67900000</misses>
				<total>2</total>
				<timestamp>1698.238919</timestamp>
			</report>
			<report>
				<misses>68000000</misses>
				<total>2</total>
				<timestamp>1700.742387</timestamp>
			</report>
			<report>
				<misses>68100000</misses>
				<total>2</total>
				<timestamp>1703.243360</timestamp>
			</report>
			<report>
				<misses>68200000</misses>
				<total>2</total>
				<timestamp>1705.747034</timestamp>
			</report>
			<report>
				<misses>68300000</misses>
				<total>2</total>
				<timestamp>1708.248878</timestamp>
			</report>
			<report>
				<misses>68400000</misses>
				<total>2</total>
				<timestamp>1710.751273</timestamp>
			</report>
			<report>
				<misses>68500000</misses>
				<total>2</total>
				<timestamp>1713.254354</timestamp>
			</report>
			<report>
				<misses>68600000</misses>
				<total>2</total>
				<timestamp>1715.755640</timestamp>
			</report>
			<report>
				<misses>68700000</misses>
				<total>2</total>
				<timestamp>1718.255650</timestamp>
			</report>
			<report>
				<misses>68800000</misses>
				<total>2</total>
				<timestamp>1720.755942</timestamp>
			</report>
			<report>
				<misses>68900000</misses>
				<total>2</total>
				<timestamp>1723.258963</timestamp>
			</report>
			<report>
				<misses>69000000</misses>
				<total>2</total>
				<timestamp>1725.760345</timestamp>
			</report>
			<report>
				<misses>69100000</misses>
				<total>2</total>
				<timestamp>1728.261926</timestamp>
			</report>
			<report>
				<misses>69200000</misses>
				<total>2</total>
				<timestamp>1730.763214</timestamp>
			</report>
			<report>
				<misses>69300000</misses>
				<total>2</total>
				<timestamp>1733.263229</timestamp>
			</report>
			<report>
				<misses>69400000</misses>
				<total>2</total>
				<timestamp>1735.763393</timestamp>
			</report>
			<report>
				<misses>69500000</misses>
				<total>2</total>
				<timestamp>1738.264274</timestamp>
			</report>
			<report>
				<misses>69600000</misses>
				<total>2</total>
				<timestamp>1740.764392</timestamp>
			</report>
			<report>
				<misses>69700000</misses>
				<total>2</total>
				<timestamp>1743.264622</timestamp>
			</report>
			<report>
				<misses>69800000</misses>
				<total>2</total>
				<timestamp>1745.765437</timestamp>
			</report>
			<report>
				<misses>69900000</misses>
				<total>2</total>
				<timestamp>1748.265961</timestamp>
			</report>
			<report>
				<misses>70000000</misses>
				<total>2</total>
				<timestamp>1750.767698</timestamp>
			</report>
			<report>
				<misses>70100000</misses>
				<total>2</total>
				<timestamp>1753.268100</timestamp>
			</report>
			<report>
				<misses>70200000</misses>
				<total>2</total>
				<timestamp>1755.769860</timestamp>
			</report>
			<report>
				<misses>70300000</misses>
				<total>2</total>
				<timestamp>1758.273349</timestamp>
			</report>
			<report>
				<misses>70400000</misses>
				<total>2</total>
				<timestamp>1760.774705</timestamp>
			</report>
			<report>
				<misses>70500000</misses>
				<total>2</total>
				<timestamp>1763.277210</timestamp>
			</report>
			<report>
				<misses>70600000</misses>
				<total>2</total>
				<timestamp>1765.777253</timestamp>
			</report>
			<report>
				<misses>70700000</misses>
				<total>2</total>
				<timestamp>1768.277582</timestamp>
			</report>
			<report>
				<misses>70800000</misses>
				<total>2</total>
				<timestamp>1770.778517</timestamp>
			</report>
			<report>
				<misses>70900000</misses>
				<total>2</total>
				<timestamp>1773.278534</timestamp>
			</report>
			<report>
				<misses>71000000</misses>
				<total>2</total>
				<timestamp>1775.778655</timestamp>
			</report>
			<report>
				<misses>71100000</misses>
				<total>2</total>
				<timestamp>1778.279216</timestamp>
			</report>
			<report>
				<misses>71200000</misses>
				<total>2</total>
				<timestamp>1780.781998</timestamp>
			</report>
			<report>
				<misses>71300000</misses>
				<total>2</total>
				<timestamp>1783.284567</timestamp>
			</report>
			<report>
				<misses>71400000</misses>
				<total>2</total>
				<timestamp>1785.787322</timestamp>
			</report>
			<report>
				<misses>71500000</misses>
				<total>2</total>
				<timestamp>1788.291644</timestamp>
			</report>
			<report>
				<misses>71600000</misses>
				<total>2</total>
				<timestamp>1790.793076</timestamp>
			</report>
			<report>
				<misses>71700000</misses>
				<total>2</total>
				<timestamp>1793.295893</timestamp>
			</report>
			<report>
				<misses>71800000</misses>
				<total>2</total>
				<timestamp>1795.796165</timestamp>
			</report>
			<report>
				<misses>71900000</misses>
				<total>2</total>
				<timestamp>1798.296944</timestamp>
			</report>
			<report>
				<misses>72000000</misses>
				<total>2</total>
				<timestamp>1800.797432</timestamp>
			</report>
			<report>
				<misses>72100000</misses>
				<total>2</total>
				<timestamp>1803.297856</timestamp>
			</report>
			<report>
				<misses>72200000</misses>
				<total>2</total>
				<timestamp>1805.799121</timestamp>
			</report>
			<report>
				<misses>72300000</misses>
				<total>2</total>
				<timestamp>1808.299669</timestamp>
			</report>
			<report>
				<misses>72400000</misses>
				<total>2</total>
				<timestamp>1810.800403</timestamp>
			</report>
			<report>
				<misses>72500000</misses>
				<total>2</total>
				<timestamp>1813.300515</timestamp>
			</report>
			<report>
				<misses>72600000</misses>
				<total>2</total>
				<timestamp>1815.800659</timestamp>
			</report>
			<report>
				<misses>72700000</misses>
				<total>2</total>
				<timestamp>1818.300868</timestamp>
			</report>
			<report>
				<misses>72800000</misses>
				<total>2</total>
				<timestamp>1820.801239</timestamp>
			</report>
			<report>
				<misses>72900000</misses>
				<total>2</total>
				<timestamp>1823.301989</timestamp>
			</report>
			<report>
				<misses>73000000</misses>
				<total>2</total>
				<timestamp>1825.802099</timestamp>
			</report>
			<report>
				<misses>73100000</misses>
				<total>2</total>
				<timestamp>1828.302324</timestamp>
			</report>
			<report>
				<misses>73200000</misses>
				<total>2</total>
				<timestamp>1830.803433</timestamp>
			</report>
			<report>
				<misses>73300000</misses>
				<total>2</total>
				<timestamp>1833.303840</timestamp>
			</report>
			<report>
				<misses>73400000</misses>
				<total>2</total>
				<timestamp>1835.804272</timestamp>
			</report>
			<report>
				<misses>73500000</misses>
				<total>2</total>
				<timestamp>1838.305794</timestamp>
			</report>
			<report>
				<misses>73600000</misses>
				<total>2</total>
				<timestamp>1840.806817</timestamp>
			</report>
			<report>
				<misses>73700000</misses>
				<total>2</total>
				<timestamp>1843.307501</timestamp>
			</report>
			<report>
				<misses>73800000</misses>
				<total>2</total>
				<timestamp>1845.809861</timestamp>
			</report>
			<report>
				<misses>73900000</misses>
				<total>2</total>
				<timestamp>1848.311722</timestamp>
			</report>
			<report>
				<misses>74000000</misses>
				<total>2</total>
				<timestamp>1850.813598</timestamp>
			</report>
			<report>
				<misses>74100000</misses>
				<total>2</total>
				<timestamp>1853.314221</timestamp>
			</report>
			<report>
				<misses>74200000</misses>
				<total>2</total>
				<timestamp>1855.814357</timestamp>
			</report>
			<report>
				<misses>74300000</misses>
				<total>2</total>
				<timestamp>1858.314366</timestamp>
			</report>
			<report>
				<misses>74400000</misses>
				<total>2</total>
				<timestamp>1860.814428</timestamp>
			</report>
			<report>
				<misses>74500000</misses>
				<total>2</total>
				<timestamp>1863.314752</timestamp>
			</report>
			<report>
				<misses>74600000</misses>
				<total>2</total>
				<timestamp>1865.816834</timestamp>
			</report>
			<report>
				<misses>74700000</misses>
				<total>2</total>
				<timestamp>1868.317898</timestamp>
			</report>
			<report>
				<misses>74800000</misses>
				<total>2</total>
				<timestamp>1870.820126</timestamp>
			</report>
			<report>
				<misses>74900000</misses>
				<total>2</total>
				<timestamp>1873.322931</timestamp>
			</report>
			<report>
				<misses>75000000</misses>
				<total>2</total>
				<timestamp>1875.824636</timestamp>
			</report>
			<report>
				<misses>75100000</misses>
				<total>2</total>
				<timestamp>1878.325594</timestamp>
			</report>
			<report>
				<misses>75200000</misses>
				<total>2</total>
				<timestamp>1880.826242</timestamp>
			</report>
			<report>
				<misses>75300000</misses>
				<total>2</total>
				<timestamp>1883.326626</timestamp>
			</report>
			<report>
				<misses>75400000</misses>
				<total>2</total>
				<timestamp>1885.829141</timestamp>
			</report>
			<report>
				<misses>75500000</misses>
				<total>2</total>
				<timestamp>1888.329807</timestamp>
			</report>
			<report>
				<misses>75600000</misses>
				<total>2</total>
				<timestamp>1890.830200</timestamp>
			</report>
			<report>
				<misses>75700000</misses>
				<total>2</total>
				<timestamp>1893.331552</timestamp>
			</report>
			<report>
				<misses>75800000</misses>
				<total>2</total>
				<timestamp>1895.831692</timestamp>
			</report>
			<report>
				<misses>75900000</misses>
				<total>2</total>
				<timestamp>1898.332177</timestamp>
			</report>
			<report>
				<misses>76000000</misses>
				<total>2</total>
				<timestamp>1900.832664</timestamp>
			</report>
			<report>
				<misses>76100000</misses>
				<total>2</total>
				<timestamp>1903.332813</timestamp>
			</report>
			<report>
				<misses>76200000</misses>
				<total>2</total>
				<timestamp>1905.835051</timestamp>
			</report>
			<report>
				<misses>76300000</misses>
				<total>2</total>
				<timestamp>1908.335396</timestamp>
			</report>
			<report>
				<misses>76400000</misses>
				<total>2</total>
				<timestamp>1910.835589</timestamp>
			</report>
			<report>
				<misses>76500000</misses>
				<total>2</total>
				<timestamp>1913.336916</timestamp>
			</report>
			<report>
				<misses>76600000</misses>
				<total>2</total>
				<timestamp>1915.838016</timestamp>
			</report>
			<report>
				<misses>76700000</misses>
				<total>2</total>
				<timestamp>1918.338050</timestamp>
			</report>
			<report>
				<misses>76800000</misses>
				<total>2</total>
				<timestamp>1920.838316</timestamp>
			</report>
			<report>
				<misses>76900000</misses>
				<total>2</total>
				<timestamp>1923.339125</timestamp>
			</report>
			<report>
				<misses>77000000</misses>
				<total>2</total>
				<timestamp>1925.840285</timestamp>
			</report>
			<report>
				<misses>77100000</misses>
				<total>2</total>
				<timestamp>1928.340423</timestamp>
			</report>
			<report>
				<misses>77200000</misses>
				<total>2</total>
				<timestamp>1930.840617</timestamp>
			</report>
			<report>
				<misses>77300000</misses>
				<total>2</total>
				<timestamp>1933.342423</timestamp>
			</report>
			<report>
				<misses>77400000</misses>
				<total>2</total>
				<timestamp>1935.844369</timestamp>
			</report>
			<report>
				<misses>77500000</misses>
				<total>2</total>
				<timestamp>1938.346511</timestamp>
			</report>
			<report>
				<misses>77600000</misses>
				<total>2</total>
				<timestamp>1940.848989</timestamp>
			</report>
			<report>
				<misses>77700000</misses>
				<total>2</total>
				<timestamp>1943.351349</timestamp>
			</report>
			<report>
				<misses>77800000</misses>
				<total>2</total>
				<timestamp>1945.855276</timestamp>
			</report>
			<report>
				<misses>77900000</misses>
				<total>2</total>
				<timestamp>1948.356487</timestamp>
			</report>
			<report>
				<misses>78000000</misses>
				<total>2</total>
				<timestamp>1950.858527</timestamp>
			</report>
			<report>
				<misses>78100000</misses>
				<total>2</total>
				<timestamp>1953.360913</timestamp>
			</report>
			<report>
				<misses>78200000</misses>
				<total>2</total>
				<timestamp>1955.861939</timestamp>
			</report>
			<report>
				<misses>78300000</misses>
				<total>2</total>
				<timestamp>1958.363239</timestamp>
			</report>
			<report>
				<misses>78400000</misses>
				<total>2</total>
				<timestamp>1960.864635</timestamp>
			</report>
			<report>
				<misses>78500000</misses>
				<total>2</total>
				<timestamp>1963.364865</timestamp>
			</report>
			<report>
				<misses>78600000</misses>
				<total>2</total>
				<timestamp>1965.864938</timestamp>
			</report>
			<report>
				<misses>78700000</misses>
				<total>2</total>
				<timestamp>1968.367161</timestamp>
			</report>
			<report>
				<misses>78800000</misses>
				<total>2</total>
				<timestamp>1970.868316</timestamp>
			</report>
			<report>
				<misses>78900000</misses>
				<total>2</total>
				<timestamp>1973.369492</timestamp>
			</report>
			<report>
				<misses>79000000</misses>
				<total>2</total>
				<timestamp>1975.870747</timestamp>
			</report>
			<report>
				<misses>79100000</misses>
				<total>2</total>
				<timestamp>1978.371302</timestamp>
			</report>
			<report>
				<misses>79200000</misses>
				<total>2</total>
				<timestamp>1980.871370</timestamp>
			</report>
			<report>
				<misses>79300000</misses>
				<total>2</total>
				<timestamp>1983.372099</timestamp>
			</report>
			<report>
				<misses>79400000</misses>
				<total>2</total>
				<timestamp>1985.873029</timestamp>
			</report>
			<report>
				<misses>79500000</misses>
				<total>2</total>
				<timestamp>1988.373132</timestamp>
			</report>
			<report>
				<misses>79600000</misses>
				<total>2</total>
				<timestamp>1990.874687</timestamp>
			</report>
			<report>
				<misses>79700000</misses>
				<total>2</total>
				<timestamp>1993.376606</timestamp>
			</report>
			<report>
				<misses>79800000</misses>
				<total>2</total>
				<timestamp>1995.879796</timestamp>
			</report>
			<report>
				<misses>79900000</misses>
				<total>2</total>
				<timestamp>1998.382345</timestamp>
			</report>
			<report>
				<misses>80000000</misses>
				<total>2</total>
				<timestamp>2000.882509</timestamp>
			</report>
			<report>
				<misses>80100000</misses>
				<total>2</total>
				<timestamp>2003.382752</timestamp>
			</report>
			<report>
				<misses>80200000</misses>
				<total>2</total>
				<timestamp>2005.883433</timestamp>
			</report>
			<report>
				<misses>80300000</misses>
				<total>2</total>
				<timestamp>2008.384209</timestamp>
			</report>
			<report>
				<misses>80400000</misses>
				<total>2</total>
				<timestamp>2010.884327</timestamp>
			</report>
			<report>
				<misses>80500000</misses>
				<total>2</total>
				<timestamp>2013.384887</timestamp>
			</report>
			<report>
				<misses>80600000</misses>
				<total>2</total>
				<timestamp>2015.885374</timestamp>
			</report>
			<report>
				<misses>80700000</misses>
				<total>2</total>
				<timestamp>2018.385669</timestamp>
			</report>
			<report>
				<misses>80800000</misses>
				<total>2</total>
				<timestamp>2020.886266</timestamp>
			</report>
			<report>
				<misses>80900000</misses>
				<total>2</total>
				<timestamp>2023.387360</timestamp>
			</report>
			<report>
				<misses>81000000</misses>
				<total>2</total>
				<timestamp>2025.887819</timestamp>
			</report>
			<report>
				<misses>81100000</misses>
				<total>2</total>
				<timestamp>2028.388989</timestamp>
			</report>
			<report>
				<misses>81200000</misses>
				<total>2</total>
				<timestamp>2030.891076</timestamp>
			</report>
			<report>
				<misses>81300000</misses>
				<total>2</total>
				<timestamp>2033.391687</timestamp>
			</report>
			<report>
				<misses>81400000</misses>
				<total>2</total>
				<timestamp>2035.891924</timestamp>
			</report>
			<report>
				<misses>81500000</misses>
				<total>2</total>
				<timestamp>2038.393223</timestamp>
			</report>
			<report>
				<misses>81600000</misses>
				<total>2</total>
				<timestamp>2040.894816</timestamp>
			</report>
			<report>
				<misses>81700000</misses>
				<total>2</total>
				<timestamp>2043.397509</timestamp>
			</report>
			<report>
				<misses>81800000</misses>
				<total>2</total>
				<timestamp>2045.899225</timestamp>
			</report>
			<report>
				<misses>81900000</misses>
				<total>2</total>
				<timestamp>2048.399247</timestamp>
			</report>
			<report>
				<misses>82000000</misses>
				<total>2</total>
				<timestamp>2050.900337</timestamp>
			</report>
			<report>
				<misses>82100000</misses>
				<total>2</total>
				<timestamp>2053.400502</timestamp>
			</report>
			<report>
				<misses>82200000</misses>
				<total>2</total>
				<timestamp>2055.901137</timestamp>
			</report>
			<report>
				<misses>82300000</misses>
				<total>2</total>
				<timestamp>2058.403918</timestamp>
			</report>
			<report>
				<misses>82400000</misses>
				<total>2</total>
				<timestamp>2060.905344</timestamp>
			</report>
			<report>
				<misses>82500000</misses>
				<total>2</total>
				<timestamp>2063.408442</timestamp>
			</report>
			<report>
				<misses>82600000</misses>
				<total>2</total>
				<timestamp>2065.910034</timestamp>
			</report>
			<report>
				<misses>82700000</misses>
				<total>2</total>
				<timestamp>2068.411376</timestamp>
			</report>
			<report>
				<misses>82800000</misses>
				<total>2</total>
				<timestamp>2070.911876</timestamp>
			</report>
			<report>
				<misses>82900000</misses>
				<total>2</total>
				<timestamp>2073.411950</timestamp>
			</report>
			<report>
				<misses>83000000</misses>
				<total>2</total>
				<timestamp>2075.912746</timestamp>
			</report>
			<report>
				<misses>83100000</misses>
				<total>2</total>
				<timestamp>2078.413495</timestamp>
			</report>
			<report>
				<misses>83200000</misses>
				<total>2</total>
				<timestamp>2080.915381</timestamp>
			</report>
			<report>
				<misses>83300000</misses>
				<total>2</total>
				<timestamp>2083.416980</timestamp>
			</report>
			<report>
				<misses>83400000</misses>
				<total>2</total>
				<timestamp>2085.918229</timestamp>
			</report>
			<report>
				<misses>83500000</misses>
				<total>2</total>
				<timestamp>2088.421077</timestamp>
			</report>
			<report>
				<misses>83600000</misses>
				<total>2</total>
				<timestamp>2090.921862</timestamp>
			</report>
			<report>
				<misses>83700000</misses>
				<total>2</total>
				<timestamp>2093.423371</timestamp>
			</report>
			<report>
				<misses>83800000</misses>
				<total>2</total>
				<timestamp>2095.923813</timestamp>
			</report>
			<report>
				<misses>83900000</misses>
				<total>2</total>
				<timestamp>2098.424129</timestamp>
			</report>
			<report>
				<misses>84000000</misses>
				<total>2</total>
				<timestamp>2100.924899</timestamp>
			</report>
			<report>
				<misses>84100000</misses>
				<total>2</total>
				<timestamp>2103.426073</timestamp>
			</report>
			<report>
				<misses>84200000</misses>
				<total>2</total>
				<timestamp>2105.927083</timestamp>
			</report>
			<report>
				<misses>84300000</misses>
				<total>2</total>
				<timestamp>2108.427788</timestamp>
			</report>
			<report>
				<misses>84400000</misses>
				<total>2</total>
				<timestamp>2110.928566</timestamp>
			</report>
			<report>
				<misses>84500000</misses>
				<total>2</total>
				<timestamp>2113.428587</timestamp>
			</report>
			<report>
				<misses>84600000</misses>
				<total>2</total>
				<timestamp>2115.928660</timestamp>
			</report>
			<report>
				<misses>84700000</misses>
				<total>2</total>
				<timestamp>2118.428887</timestamp>
			</report>
			<report>
				<misses>84800000</misses>
				<total>2</total>
				<timestamp>2120.929089</timestamp>
			</report>
			<report>
				<misses>84900000</misses>
				<total>2</total>
				<timestamp>2123.432193</timestamp>
			</report>
			<report>
				<misses>85000000</misses>
				<total>2</total>
				<timestamp>2125.933863</timestamp>
			</report>
			<report>
				<misses>85100000</misses>
				<total>2</total>
				<timestamp>2128.435701</timestamp>
			</report>
			<report>
				<misses>85200000</misses>
				<total>2</total>
				<timestamp>2130.939078</timestamp>
			</report>
			<report>
				<misses>85300000</misses>
				<total>2</total>
				<timestamp>2133.441382</timestamp>
			</report>
			<report>
				<misses>85400000</misses>
				<total>2</total>
				<timestamp>2135.942255</timestamp>
			</report>
			<report>
				<misses>85500000</misses>
				<total>2</total>
				<timestamp>2138.442755</timestamp>
			</report>
			<report>
				<misses>85600000</misses>
				<total>2</total>
				<timestamp>2140.943478</timestamp>
			</report>
			<report>
				<misses>85700000</misses>
				<total>2</total>
				<timestamp>2143.445782</timestamp>
			</report>
			<report>
				<misses>85800000</misses>
				<total>2</total>
				<timestamp>2145.946846</timestamp>
			</report>
			<report>
				<misses>85900000</misses>
				<total>2</total>
				<timestamp>2148.449268</timestamp>
			</report>
			<report>
				<misses>86000000</misses>
				<total>2</total>
				<timestamp>2150.953218</timestamp>
			</report>
			<report>
				<misses>86100000</misses>
				<total>2</total>
				<timestamp>2153.454735</timestamp>
			</report>
			<report>
				<misses>86200000</misses>
				<total>2</total>
				<timestamp>2155.954823</timestamp>
			</report>
			<report>
				<misses>86300000</misses>
				<total>2</total>
				<timestamp>2158.455114</timestamp>
			</report>
			<report>
				<misses>86400000</misses>
				<total>2</total>
				<timestamp>2160.955657</timestamp>
			</report>
			<report>
				<misses>86500000</misses>
				<total>2</total>
				<timestamp>2163.455742</timestamp>
			</report>
			<report>
				<misses>86600000</misses>
				<total>2</total>
				<timestamp>2165.956036</timestamp>
			</report>
			<report>
				<misses>86700000</misses>
				<total>2</total>
				<timestamp>2168.456608</timestamp>
			</report>
			<report>
				<misses>86800000</misses>
				<total>2</total>
				<timestamp>2170.957226</timestamp>
			</report>
			<report>
				<misses>86900000</misses>
				<total>2</total>
				<timestamp>2173.459529</timestamp>
			</report>
			<report>
				<misses>87000000</misses>
				<total>2</total>
				<timestamp>2175.959866</timestamp>
			</report>
			<report>
				<misses>87100000</misses>
				<total>2</total>
				<timestamp>2178.460005</timestamp>
			</report>
			<report>
				<misses>87200000</misses>
				<total>2</total>
				<timestamp>2180.960105</timestamp>
			</report>
			<report>
				<misses>87300000</misses>
				<total>2</total>
				<timestamp>2183.460219</timestamp>
			</report>
			<report>
				<misses>87400000</misses>
				<total>2</total>
				<timestamp>2185.961096</timestamp>
			</report>
			<report>
				<misses>87500000</misses>
				<total>2</total>
				<timestamp>2188.462222</timestamp>
			</report>
			<report>
				<misses>87600000</misses>
				<total>2</total>
				<timestamp>2190.962418</timestamp>
			</report>
			<report>
				<misses>87700000</misses>
				<total>2</total>
				<timestamp>2193.462497</timestamp>
			</report>
			<report>
				<misses>87800000</misses>
				<total>2</total>
				<timestamp>2195.962520</timestamp>
			</report>
			<report>
				<misses>87900000</misses>
				<total>2</total>
				<timestamp>2198.462698</timestamp>
			</report>
			<report>
				<misses>88000000</misses>
				<total>2</total>
				<timestamp>2200.963744</timestamp>
			</report>
			<report>
				<misses>88100000</misses>
				<total>2</total>
				<timestamp>2203.465022</timestamp>
			</report>
			<report>
				<misses>88200000</misses>
				<total>2</total>
				<timestamp>2205.966894</timestamp>
			</report>
			<report>
				<misses>88300000</misses>
				<total>2</total>
				<timestamp>2208.469309</timestamp>
			</report>
			<report>
				<misses>88400000</misses>
				<total>2</total>
				<timestamp>2210.970918</timestamp>
			</report>
			<report>
				<misses>88500000</misses>
				<total>2</total>
				<timestamp>2213.471065</timestamp>
			</report>
			<report>
				<misses>88600000</misses>
				<total>2</total>
				<timestamp>2215.971119</timestamp>
			</report>
			<report>
				<misses>88700000</misses>
				<total>2</total>
				<timestamp>2218.471110</timestamp>
			</report>
			<report>
				<misses>88800000</misses>
				<total>2</total>
				<timestamp>2220.971619</timestamp>
			</report>
			<report>
				<misses>88900000</misses>
				<total>2</total>
				<timestamp>2223.471993</timestamp>
			</report>
			<report>
				<misses>89000000</misses>
				<total>2</total>
				<timestamp>2225.972090</timestamp>
			</report>
			<report>
				<misses>89100000</misses>
				<total>2</total>
				<timestamp>2228.472222</timestamp>
			</report>
			<report>
				<misses>89200000</misses>
				<total>2</total>
				<timestamp>2230.972748</timestamp>
			</report>
			<report>
				<misses>89300000</misses>
				<total>2</total>
				<timestamp>2233.473579</timestamp>
			</report>
			<report>
				<misses>89400000</misses>
				<total>2</total>
				<timestamp>2235.974057</timestamp>
			</report>
			<report>
				<misses>89500000</misses>
				<total>2</total>
				<timestamp>2238.475308</timestamp>
			</report>
			<report>
				<misses>89600000</misses>
				<total>2</total>
				<timestamp>2240.977088</timestamp>
			</report>
			<report>
				<misses>89700000</misses>
				<total>2</total>
				<timestamp>2243.477346</timestamp>
			</report>
			<report>
				<misses>89800000</misses>
				<total>2</total>
				<timestamp>2245.979480</timestamp>
			</report>
			<report>
				<misses>89900000</misses>
				<total>2</total>
				<timestamp>2248.483362</timestamp>
			</report>
			<report>
				<misses>90000000</misses>
				<total>2</total>
				<timestamp>2250.985868</timestamp>
			</report>
			<report>
				<misses>90100000</misses>
				<total>2</total>
				<timestamp>2253.486220</timestamp>
			</report>
			<report>
				<misses>90200000</misses>
				<total>2</total>
				<timestamp>2255.987869</timestamp>
			</report>
			<report>
				<misses>90300000</misses>
				<total>2</total>
				<timestamp>2258.488486</timestamp>
			</report>
			<report>
				<misses>90400000</misses>
				<total>2</total>
				<timestamp>2260.988818</timestamp>
			</report>
			<report>
				<misses>90500000</misses>
				<total>2</total>
				<timestamp>2263.490419</timestamp>
			</report>
			<report>
				<misses>90600000</misses>
				<total>2</total>
				<timestamp>2265.992067</timestamp>
			</report>
			<report>
				<misses>90700000</misses>
				<total>2</total>
				<timestamp>2268.492541</timestamp>
			</report>
			<report>
				<misses>90800000</misses>
				<total>2</total>
				<timestamp>2270.992822</timestamp>
			</report>
			<report>
				<misses>90900000</misses>
				<total>2</total>
				<timestamp>2273.493065</timestamp>
			</report>
			<report>
				<misses>91000000</misses>
				<total>2</total>
				<timestamp>2275.994110</timestamp>
			</report>
			<report>
				<misses>91100000</misses>
				<total>2</total>
				<timestamp>2278.494133</timestamp>
			</report>
			<report>
				<misses>91200000</misses>
				<total>2</total>
				<timestamp>2280.994502</timestamp>
			</report>
			<report>
				<misses>91300000</misses>
				<total>2</total>
				<timestamp>2283.494535</timestamp>
			</report>
			<report>
				<misses>91400000</misses>
				<total>2</total>
				<timestamp>2285.996473</timestamp>
			</report>
			<report>
				<misses>91500000</misses>
				<total>2</total>
				<timestamp>2288.500024</timestamp>
			</report>
			<report>
				<misses>91600000</misses>
				<total>2</total>
				<timestamp>2291.003784</timestamp>
			</report>
			<report>
				<misses>91700000</misses>
				<total>2</total>
				<timestamp>2293.505312</timestamp>
			</report>
			<report>
				<misses>91800000</misses>
				<total>2</total>
				<timestamp>2296.008442</timestamp>
			</report>
			<report>
				<misses>91900000</misses>
				<total>2</total>
				<timestamp>2298.509863</timestamp>
			</report>
			<report>
				<misses>92000000</misses>
				<total>2</total>
				<timestamp>2301.012158</timestamp>
			</report>
			<report>
				<misses>92100000</misses>
				<total>2</total>
				<timestamp>2303.512182</timestamp>
			</report>
			<report>
				<misses>92200000</misses>
				<total>2</total>
				<timestamp>2306.015013</timestamp>
			</report>
			<report>
				<misses>92300000</misses>
				<total>2</total>
				<timestamp>2308.515160</timestamp>
			</report>
			<report>
				<misses>92400000</misses>
				<total>2</total>
				<timestamp>2311.015355</timestamp>
			</report>
			<report>
				<misses>92500000</misses>
				<total>2</total>
				<timestamp>2313.516426</timestamp>
			</report>
			<report>
				<misses>92600000</misses>
				<total>2</total>
				<timestamp>2316.016730</timestamp>
			</report>
			<report>
				<misses>92700000</misses>
				<total>2</total>
				<timestamp>2318.518260</timestamp>
			</report>
			<report>
				<misses>92800000</misses>
				<total>2</total>
				<timestamp>2321.018318</timestamp>
			</report>
			<report>
				<misses>92900000</misses>
				<total>2</total>
				<timestamp>2323.518887</timestamp>
			</report>
			<report>
				<misses>93000000</misses>
				<total>2</total>
				<timestamp>2326.020660</timestamp>
			</report>
			<report>
				<misses>93100000</misses>
				<total>2</total>
				<timestamp>2328.522176</timestamp>
			</report>
			<report>
				<misses>93200000</misses>
				<total>2</total>
				<timestamp>2331.022620</timestamp>
			</report>
			<report>
				<misses>93300000</misses>
				<total>2</total>
				<timestamp>2333.523897</timestamp>
			</report>
			<report>
				<misses>93400000</misses>
				<total>2</total>
				<timestamp>2336.024641</timestamp>
			</report>
			<report>
				<misses>93500000</misses>
				<total>2</total>
				<timestamp>2338.524946</timestamp>
			</report>
			<report>
				<misses>93600000</misses>
				<total>2</total>
				<timestamp>2341.026365</timestamp>
			</report>
			<report>
				<misses>93700000</misses>
				<total>2</total>
				<timestamp>2343.528501</timestamp>
			</report>
			<report>
				<misses>93800000</misses>
				<total>2</total>
				<timestamp>2346.030948</timestamp>
			</report>
			<report>
				<misses>93900000</misses>
				<total>2</total>
				<timestamp>2348.532172</timestamp>
			</report>
			<report>
				<misses>94000000</misses>
				<total>2</total>
				<timestamp>2351.032546</timestamp>
			</report>
			<report>
				<misses>94100000</misses>
				<total>2</total>
				<timestamp>2353.532853</timestamp>
			</report>
			<report>
				<misses>94200000</misses>
				<total>2</total>
				<timestamp>2356.033002</timestamp>
			</report>
			<report>
				<misses>94300000</misses>
				<total>2</total>
				<timestamp>2358.533206</timestamp>
			</report>
			<report>
				<misses>94400000</misses>
				<total>2</total>
				<timestamp>2361.034771</timestamp>
			</report>
			<report>
				<misses>94500000</misses>
				<total>2</total>
				<timestamp>2363.537043</timestamp>
			</report>
			<report>
				<misses>94600000</misses>
				<total>2</total>
				<timestamp>2366.037909</timestamp>
			</report>
			<report>
				<misses>94700000</misses>
				<total>2</total>
				<timestamp>2368.538401</timestamp>
			</report>
			<report>
				<misses>94800000</misses>
				<total>2</total>
				<timestamp>2371.041112</timestamp>
			</report>
			<report>
				<misses>94900000</misses>
				<total>2</total>
				<timestamp>2373.541159</timestamp>
			</report>
			<report>
				<misses>95000000</misses>
				<total>2</total>
				<timestamp>2376.041661</timestamp>
			</report>
			<report>
				<misses>95100000</misses>
				<total>2</total>
				<timestamp>2378.542599</timestamp>
			</report>
			<report>
				<misses>95200000</misses>
				<total>2</total>
				<timestamp>2381.044441</timestamp>
			</report>
			<report>
				<misses>95300000</misses>
				<total>2</total>
				<timestamp>2383.544878</timestamp>
			</report>
			<report>
				<misses>95400000</misses>
				<total>2</total>
				<timestamp>2386.045331</timestamp>
			</report>
			<report>
				<misses>95500000</misses>
				<total>2</total>
				<timestamp>2388.547733</timestamp>
			</report>
			<report>
				<misses>95600000</misses>
				<total>2</total>
				<timestamp>2391.047839</timestamp>
			</report>
			<report>
				<misses>95700000</misses>
				<total>2</total>
				<timestamp>2393.548417</timestamp>
			</report>
			<report>
				<misses>95800000</misses>
				<total>2</total>
				<timestamp>2396.049909</timestamp>
			</report>
			<report>
				<misses>95900000</misses>
				<total>2</total>
				<timestamp>2398.550788</timestamp>
			</report>
			<report>
				<misses>96000000</misses>
				<total>2</total>
				<timestamp>2401.051583</timestamp>
			</report>
			<report>
				<misses>96100000</misses>
				<total>2</total>
				<timestamp>2403.551626</timestamp>
			</report>
			<report>
				<misses>96200000</misses>
				<total>2</total>
				<timestamp>2406.051631</timestamp>
			</report>
			<report>
				<misses>96300000</misses>
				<total>2</total>
				<timestamp>2408.552140</timestamp>
			</report>
			<report>
				<misses>96400000</misses>
				<total>2</total>
				<timestamp>2411.052250</timestamp>
			</report>
			<report>
				<misses>96500000</misses>
				<total>2</total>
				<timestamp>2413.554835</timestamp>
			</report>
			<report>
				<misses>96600000</misses>
				<total>2</total>
				<timestamp>2416.055196</timestamp>
			</report>
			<report>
				<misses>96700000</misses>
				<total>2</total>
				<timestamp>2418.555725</timestamp>
			</report>
			<report>
				<misses>96800000</misses>
				<total>2</total>
				<timestamp>2421.056360</timestamp>
			</report>
			<report>
				<misses>96900000</misses>
				<total>2</total>
				<timestamp>2423.556818</timestamp>
			</report>
			<report>
				<misses>97000000</misses>
				<total>2</total>
				<timestamp>2426.057397</timestamp>
			</report>
			<report>
				<misses>97100000</misses>
				<total>2</total>
				<timestamp>2428.557550</timestamp>
			</report>
			<report>
				<misses>97200000</misses>
				<total>2</total>
				<timestamp>2431.057604</timestamp>
			</report>
			<report>
				<misses>97300000</misses>
				<total>2</total>
				<timestamp>2433.557769</timestamp>
			</report>
			<report>
				<misses>97400000</misses>
				<total>2</total>
				<timestamp>2436.058780</timestamp>
			</report>
			<report>
				<misses>97500000</misses>
				<total>2</total>
				<timestamp>2438.560652</timestamp>
			</report>
			<report>
				<misses>97600000</misses>
				<total>2</total>
				<timestamp>2441.061535</timestamp>
			</report>
			<report>
				<misses>97700000</misses>
				<total>2</total>
				<timestamp>2443.561542</timestamp>
			</report>
			<report>
				<misses>97800000</misses>
				<total>2</total>
				<timestamp>2446.061573</timestamp>
			</report>
			<report>
				<misses>97900000</misses>
				<total>2</total>
				<timestamp>2448.562208</timestamp>
			</report>
			<report>
				<misses>98000000</misses>
				<total>2</total>
				<timestamp>2451.062264</timestamp>
			</report>
			<report>
				<misses>98100000</misses>
				<total>2</total>
				<timestamp>2453.562667</timestamp>
			</report>
			<report>
				<misses>98200000</misses>
				<total>2</total>
				<timestamp>2456.063837</timestamp>
			</report>
			<report>
				<misses>98300000</misses>
				<total>2</total>
				<timestamp>2458.565442</timestamp>
			</report>
			<report>
				<misses>98400000</misses>
				<total>2</total>
				<timestamp>2461.066117</timestamp>
			</report>
			<report>
				<misses>98500000</misses>
				<total>2</total>
				<timestamp>2463.566520</timestamp>
			</report>
			<report>
				<misses>98600000</misses>
				<total>2</total>
				<timestamp>2466.068092</timestamp>
			</report>
			<report>
				<misses>98700000</misses>
				<total>2</total>
				<timestamp>2468.569249</timestamp>
			</report>
			<report>
				<misses>98800000</misses>
				<total>2</total>
				<timestamp>2471.070271</timestamp>
			</report>
			<report>
				<misses>98900000</misses>
				<total>2</total>
				<timestamp>2473.571281</timestamp>
			</report>
			<report>
				<misses>99000000</misses>
				<total>2</total>
				<timestamp>2476.071949</timestamp>
			</report>
			<report>
				<misses>99100000</misses>
				<total>2</total>
				<timestamp>2478.571995</timestamp>
			</report>
			<report>
				<misses>99200000</misses>
				<total>2</total>
				<timestamp>2481.075838</timestamp>
			</report>
			<report>
				<misses>99300000</misses>
				<total>2</total>
				<timestamp>2483.578110</timestamp>
			</report>
			<report>
				<misses>99400000</misses>
				<total>2</total>
				<timestamp>2486.079367</timestamp>
			</report>
			<report>
				<misses>99500000</misses>
				<total>2</total>
				<timestamp>2488.580491</timestamp>
			</report>
			<report>
				<misses>99600000</misses>
				<total>2</total>
				<timestamp>2491.081028</timestamp>
			</report>
			<report>
				<misses>99700000</misses>
				<total>2</total>
				<timestamp>2493.582790</timestamp>
			</report>
			<report>
				<misses>99800000</misses>
				<total>2</total>
				<timestamp>2496.083380</timestamp>
			</report>
			<report>
				<misses>99900000</misses>
				<total>2</total>
				<timestamp>2498.584342</timestamp>
			</report>
			<report>
				<misses>100000000</misses>
				<total>2</total>
				<timestamp>2501.086643</timestamp>
			</report>
			<report>
				<misses>100100000</misses>
				<total>2</total>
				<timestamp>2503.588459</timestamp>
			</report>
			<report>
				<misses>100200000</misses>
				<total>2</total>
				<timestamp>2506.091342</timestamp>
			</report>
			<report>
				<misses>100300000</misses>
				<total>2</total>
				<timestamp>2508.593618</timestamp>
			</report>
			<report>
				<misses>100400000</misses>
				<total>2</total>
				<timestamp>2511.094821</timestamp>
			</report>
			<report>
				<misses>100500000</misses>
				<total>2</total>
				<timestamp>2513.595531</timestamp>
			</report>
			<report>
				<misses>100600000</misses>
				<total>2</total>
				<timestamp>2516.095535</timestamp>
			</report>
			<report>
				<misses>100700000</misses>
				<total>2</total>
				<timestamp>2518.595563</timestamp>
			</report>
			<report>
				<misses>100800000</misses>
				<total>2</total>
				<timestamp>2521.096098</timestamp>
			</report>
			<report>
				<misses>100900000</misses>
				<total>2</total>
				<timestamp>2523.597112</timestamp>
			</report>
			<report>
				<misses>101000000</misses>
				<total>2</total>
				<timestamp>2526.098745</timestamp>
			</report>
			<report>
				<misses>101100000</misses>
				<total>2</total>
				<timestamp>2528.603680</timestamp>
			</report>
			<report>
				<misses>101200000</misses>
				<total>2</total>
				<timestamp>2531.105315</timestamp>
			</report>
			<report>
				<misses>101300000</misses>
				<total>2</total>
				<timestamp>2533.607036</timestamp>
			</report>
			<report>
				<misses>101400000</misses>
				<total>2</total>
				<timestamp>2536.109476</timestamp>
			</report>
			<report>
				<misses>101500000</misses>
				<total>2</total>
				<timestamp>2538.610204</timestamp>
			</report>
			<report>
				<misses>101600000</misses>
				<total>2</total>
				<timestamp>2541.110797</timestamp>
			</report>
			<report>
				<misses>101700000</misses>
				<total>2</total>
				<timestamp>2543.612977</timestamp>
			</report>
			<report>
				<misses>101800000</misses>
				<total>2</total>
				<timestamp>2546.115540</timestamp>
			</report>
			<report>
				<misses>101900000</misses>
				<total>2</total>
				<timestamp>2548.616857</timestamp>
			</report>
			<report>
				<misses>102000000</misses>
				<total>2</total>
				<timestamp>2551.117454</timestamp>
			</report>
			<report>
				<misses>102100000</misses>
				<total>2</total>
				<timestamp>2553.618288</timestamp>
			</report>
			<report>
				<misses>102200000</misses>
				<total>2</total>
				<timestamp>2556.118471</timestamp>
			</report>
			<report>
				<misses>102300000</misses>
				<total>2</total>
				<timestamp>2558.618481</timestamp>
			</report>
			<report>
				<misses>102400000</misses>
				<total>2</total>
				<timestamp>2561.118670</timestamp>
			</report>
			<report>
				<misses>102500000</misses>
				<total>2</total>
				<timestamp>2563.620245</timestamp>
			</report>
			<report>
				<misses>102600000</misses>
				<total>2</total>
				<timestamp>2566.120786</timestamp>
			</report>
			<report>
				<misses>102700000</misses>
				<total>2</total>
				<timestamp>2568.621923</timestamp>
			</report>
			<report>
				<misses>102800000</misses>
				<total>2</total>
				<timestamp>2571.122610</timestamp>
			</report>
			<report>
				<misses>102900000</misses>
				<total>2</total>
				<timestamp>2573.624774</timestamp>
			</report>
			<report>
				<misses>103000000</misses>
				<total>2</total>
				<timestamp>2576.125238</timestamp>
			</report>
			<report>
				<misses>103100000</misses>
				<total>2</total>
				<timestamp>2578.625498</timestamp>
			</report>
			<report>
				<misses>103200000</misses>
				<total>2</total>
				<timestamp>2581.126329</timestamp>
			</report>
			<report>
				<misses>103300000</misses>
				<total>2</total>
				<timestamp>2583.627625</timestamp>
			</report>
			<report>
				<misses>103400000</misses>
				<total>2</total>
				<timestamp>2586.128249</timestamp>
			</report>
			<report>
				<misses>103500000</misses>
				<total>2</total>
				<timestamp>2588.628356</timestamp>
			</report>
			<report>
				<misses>103600000</misses>
				<total>2</total>
				<timestamp>2591.128377</timestamp>
			</report>
			<report>
				<misses>103700000</misses>
				<total>2</total>
				<timestamp>2593.628407</timestamp>
			</report>
			<report>
				<misses>103800000</misses>
				<total>2</total>
				<timestamp>2596.129042</timestamp>
			</report>
			<report>
				<misses>103900000</misses>
				<total>2</total>
				<timestamp>2598.629938</timestamp>
			</report>
			<report>
				<misses>104000000</misses>
				<total>2</total>
				<timestamp>2601.130607</timestamp>
			</report>
			<report>
				<misses>104100000</misses>
				<total>2</total>
				<timestamp>2603.630615</timestamp>
			</report>
			<report>
				<misses>104200000</misses>
				<total>2</total>
				<timestamp>2606.131071</timestamp>
			</report>
			<report>
				<misses>104300000</misses>
				<total>2</total>
				<timestamp>2608.632600</timestamp>
			</report>
			<report>
				<misses>104400000</misses>
				<total>2</total>
				<timestamp>2611.134930</timestamp>
			</report>
			<report>
				<misses>104500000</misses>
				<total>2</total>
				<timestamp>2613.636241</timestamp>
			</report>
			<report>
				<misses>104600000</misses>
				<total>2</total>
				<timestamp>2616.136996</timestamp>
			</report>
			<report>
				<misses>104700000</misses>
				<total>2</total>
				<timestamp>2618.637058</timestamp>
			</report>
			<report>
				<misses>104800000</misses>
				<total>2</total>
				<timestamp>2621.138381</timestamp>
			</report>
			<report>
				<misses>104900000</misses>
				<total>2</total>
				<timestamp>2623.640852</timestamp>
			</report>
			<report>
				<misses>105000000</misses>
				<total>2</total>
				<timestamp>2626.141116</timestamp>
			</report>
			<report>
				<misses>105100000</misses>
				<total>2</total>
				<timestamp>2628.642042</timestamp>
			</report>
			<report>
				<misses>105200000</misses>
				<total>2</total>
				<timestamp>2631.142331</timestamp>
			</report>
			<report>
				<misses>105300000</misses>
				<total>2</total>
				<timestamp>2633.643604</timestamp>
			</report>
			<report>
				<misses>105400000</misses>
				<total>2</total>
				<timestamp>2636.145052</timestamp>
			</report>
			<report>
				<misses>105500000</misses>
				<total>2</total>
				<timestamp>2638.645806</timestamp>
			</report>
			<report>
				<misses>105600000</misses>
				<total>2</total>
				<timestamp>2641.146769</timestamp>
			</report>
			<report>
				<misses>105700000</misses>
				<total>2</total>
				<timestamp>2643.647003</timestamp>
			</report>
			<report>
				<misses>105800000</misses>
				<total>2</total>
				<timestamp>2646.147175</timestamp>
			</report>
			<report>
				<misses>105900000</misses>
				<total>2</total>
				<timestamp>2648.647396</timestamp>
			</report>
			<report>
				<misses>106000000</misses>
				<total>2</total>
				<timestamp>2651.147568</timestamp>
			</report>
			<report>
				<misses>106100000</misses>
				<total>2</total>
				<timestamp>2653.647599</timestamp>
			</report>
			<report>
				<misses>106200000</misses>
				<total>2</total>
				<timestamp>2656.148840</timestamp>
			</report>
			<report>
				<misses>106300000</misses>
				<total>2</total>
				<timestamp>2658.651317</timestamp>
			</report>
			<report>
				<misses>106400000</misses>
				<total>2</total>
				<timestamp>2661.154343</timestamp>
			</report>
			<report>
				<misses>106500000</misses>
				<total>2</total>
				<timestamp>2663.655833</timestamp>
			</report>
			<report>
				<misses>106600000</misses>
				<total>2</total>
				<timestamp>2666.157643</timestamp>
			</report>
			<report>
				<misses>106700000</misses>
				<total>2</total>
				<timestamp>2668.660717</timestamp>
			</report>
			<report>
				<misses>106800000</misses>
				<total>2</total>
				<timestamp>2671.163499</timestamp>
			</report>
			<report>
				<misses>106900000</misses>
				<total>2</total>
				<timestamp>2673.665023</timestamp>
			</report>
			<report>
				<misses>107000000</misses>
				<total>2</total>
				<timestamp>2676.165240</timestamp>
			</report>
			<report>
				<misses>107100000</misses>
				<total>2</total>
				<timestamp>2678.666093</timestamp>
			</report>
			<report>
				<misses>107200000</misses>
				<total>2</total>
				<timestamp>2681.167572</timestamp>
			</report>
			<report>
				<misses>107300000</misses>
				<total>2</total>
				<timestamp>2683.667960</timestamp>
			</report>
			<report>
				<misses>107400000</misses>
				<total>2</total>
				<timestamp>2686.169410</timestamp>
			</report>
			<report>
				<misses>107500000</misses>
				<total>2</total>
				<timestamp>2688.671590</timestamp>
			</report>
			<report>
				<misses>107600000</misses>
				<total>2</total>
				<timestamp>2691.173691</timestamp>
			</report>
			<report>
				<misses>107700000</misses>
				<total>2</total>
				<timestamp>2693.673795</timestamp>
			</report>
			<report>
				<misses>107800000</misses>
				<total>2</total>
				<timestamp>2696.174189</timestamp>
			</report>
			<report>
				<misses>107900000</misses>
				<total>2</total>
				<timestamp>2698.675520</timestamp>
			</report>
			<report>
				<misses>108000000</misses>
				<total>2</total>
				<timestamp>2701.176422</timestamp>
			</report>
			<report>
				<misses>108100000</misses>
				<total>2</total>
				<timestamp>2703.678046</timestamp>
			</report>
			<report>
				<misses>108200000</misses>
				<total>2</total>
				<timestamp>2706.178668</timestamp>
			</report>
			<report>
				<misses>108300000</misses>
				<total>2</total>
				<timestamp>2708.679459</timestamp>
			</report>
			<report>
				<misses>108400000</misses>
				<total>2</total>
				<timestamp>2711.180002</timestamp>
			</report>
			<report>
				<misses>108500000</misses>
				<total>2</total>
				<timestamp>2713.680213</timestamp>
			</report>
			<report>
				<misses>108600000</misses>
				<total>2</total>
				<timestamp>2716.181144</timestamp>
			</report>
			<report>
				<misses>108700000</misses>
				<total>2</total>
				<timestamp>2718.682153</timestamp>
			</report>
			<report>
				<misses>108800000</misses>
				<total>2</total>
				<timestamp>2721.182194</timestamp>
			</report>
			<report>
				<misses>108900000</misses>
				<total>2</total>
				<timestamp>2723.684760</timestamp>
			</report>
			<report>
				<misses>109000000</misses>
				<total>2</total>
				<timestamp>2726.185760</timestamp>
			</report>
			<report>
				<misses>109100000</misses>
				<total>2</total>
				<timestamp>2728.685982</timestamp>
			</report>
			<report>
				<misses>109200000</misses>
				<total>2</total>
				<timestamp>2731.188239</timestamp>
			</report>
			<report>
				<misses>109300000</misses>
				<total>2</total>
				<timestamp>2733.691004</timestamp>
			</report>
			<report>
				<misses>109400000</misses>
				<total>2</total>
				<timestamp>2736.192571</timestamp>
			</report>
			<report>
				<misses>109500000</misses>
				<total>2</total>
				<timestamp>2738.692918</timestamp>
			</report>
			<report>
				<misses>109600000</misses>
				<total>2</total>
				<timestamp>2741.193318</timestamp>
			</report>
			<report>
				<misses>109700000</misses>
				<total>2</total>
				<timestamp>2743.695547</timestamp>
			</report>
			<report>
				<misses>109800000</misses>
				<total>2</total>
				<timestamp>2746.197244</timestamp>
			</report>
			<report>
				<misses>109900000</misses>
				<total>2</total>
				<timestamp>2748.700425</timestamp>
			</report>
			<report>
				<misses>110000000</misses>
				<total>2</total>
				<timestamp>2751.202083</timestamp>
			</report>
			<report>
				<misses>110100000</misses>
				<total>2</total>
				<timestamp>2753.702526</timestamp>
			</report>
			<report>
				<misses>110200000</misses>
				<total>2</total>
				<timestamp>2756.202643</timestamp>
			</report>
			<report>
				<misses>110300000</misses>
				<total>2</total>
				<timestamp>2758.702704</timestamp>
			</report>
			<report>
				<misses>110400000</misses>
				<total>2</total>
				<timestamp>2761.203069</timestamp>
			</report>
			<report>
				<misses>110500000</misses>
				<total>2</total>
				<timestamp>2763.703154</timestamp>
			</report>
			<report>
				<misses>110600000</misses>
				<total>2</total>
				<timestamp>2766.203247</timestamp>
			</report>
			<report>
				<misses>110700000</misses>
				<total>2</total>
				<timestamp>2768.703580</timestamp>
			</report>
			<report>
				<misses>110800000</misses>
				<total>2</total>
				<timestamp>2771.203800</timestamp>
			</report>
			<report>
				<misses>110900000</misses>
				<total>2</total>
				<timestamp>2773.703946</timestamp>
			</report>
			<report>
				<misses>111000000</misses>
				<total>2</total>
				<timestamp>2776.204117</timestamp>
			</report>
			<report>
				<misses>111100000</misses>
				<total>2</total>
				<timestamp>2778.705400</timestamp>
			</report>
			<report>
				<misses>111200000</misses>
				<total>2</total>
				<timestamp>2781.206821</timestamp>
			</report>
			<report>
				<misses>111300000</misses>
				<total>2</total>
				<timestamp>2783.708794</timestamp>
			</report>
			<report>
				<misses>111400000</misses>
				<total>2</total>
				<timestamp>2786.210772</timestamp>
			</report>
			<report>
				<misses>111500000</misses>
				<total>2</total>
				<timestamp>2788.712107</timestamp>
			</report>
			<report>
				<misses>111600000</misses>
				<total>2</total>
				<timestamp>2791.212992</timestamp>
			</report>
			<report>
				<misses>111700000</misses>
				<total>2</total>
				<timestamp>2793.713594</timestamp>
			</report>
			<report>
				<misses>111800000</misses>
				<total>2</total>
				<timestamp>2796.213701</timestamp>
			</report>
			<report>
				<misses>111900000</misses>
				<total>2</total>
				<timestamp>2798.714193</timestamp>
			</report>
			<report>
				<misses>112000000</misses>
				<total>2</total>
				<timestamp>2801.216910</timestamp>
			</report>
			<report>
				<misses>112100000</misses>
				<total>2</total>
				<timestamp>2803.720854</timestamp>
			</report>
			<report>
				<misses>112200000</misses>
				<total>2</total>
				<timestamp>2806.222968</timestamp>
			</report>
			<report>
				<misses>112300000</misses>
				<total>2</total>
				<timestamp>2808.725091</timestamp>
			</report>
			<report>
				<misses>112400000</misses>
				<total>2</total>
				<timestamp>2811.225250</timestamp>
			</report>
			<report>
				<misses>112500000</misses>
				<total>2</total>
				<timestamp>2813.725533</timestamp>
			</report>
			<report>
				<misses>112600000</misses>
				<total>2</total>
				<timestamp>2816.226218</timestamp>
			</report>
			<report>
				<misses>112700000</misses>
				<total>2</total>
				<timestamp>2818.728014</timestamp>
			</report>
			<report>
				<misses>112800000</misses>
				<total>2</total>
				<timestamp>2821.228963</timestamp>
			</report>
			<report>
				<misses>112900000</misses>
				<total>2</total>
				<timestamp>2823.729974</timestamp>
			</report>
			<report>
				<misses>113000000</misses>
				<total>2</total>
				<timestamp>2826.230114</timestamp>
			</report>
			<report>
				<misses>113100000</misses>
				<total>2</total>
				<timestamp>2828.731753</timestamp>
			</report>
			<report>
				<misses>113200000</misses>
				<total>2</total>
				<timestamp>2831.233651</timestamp>
			</report>
			<report>
				<misses>113300000</misses>
				<total>2</total>
				<timestamp>2833.735717</timestamp>
			</report>
			<report>
				<misses>113400000</misses>
				<total>2</total>
				<timestamp>2836.237741</timestamp>
			</report>
			<report>
				<misses>113500000</misses>
				<total>2</total>
				<timestamp>2838.740537</timestamp>
			</report>
			<report>
				<misses>113600000</misses>
				<total>2</total>
				<timestamp>2841.243845</timestamp>
			</report>
			<report>
				<misses>113700000</misses>
				<total>2</total>
				<timestamp>2843.746165</timestamp>
			</report>
			<report>
				<misses>113800000</misses>
				<total>2</total>
				<timestamp>2846.247620</timestamp>
			</report>
			<report>
				<misses>113900000</misses>
				<total>2</total>
				<timestamp>2848.748158</timestamp>
			</report>
			<report>
				<misses>114000000</misses>
				<total>2</total>
				<timestamp>2851.248959</timestamp>
			</report>
			<report>
				<misses>114100000</misses>
				<total>2</total>
				<timestamp>2853.749987</timestamp>
			</report>
			<report>
				<misses>114200000</misses>
				<total>2</total>
				<timestamp>2856.250812</timestamp>
			</report>
			<report>
				<misses>114300000</misses>
				<total>2</total>
				<timestamp>2858.751087</timestamp>
			</report>
			<report>
				<misses>114400000</misses>
				<total>2</total>
				<timestamp>2861.252495</timestamp>
			</report>
			<report>
				<misses>114500000</misses>
				<total>2</total>
				<timestamp>2863.753620</timestamp>
			</report>
			<report>
				<misses>114600000</misses>
				<total>2</total>
				<timestamp>2866.253745</timestamp>
			</report>
			<report>
				<misses>114700000</misses>
				<total>2</total>
				<timestamp>2868.754176</timestamp>
			</report>
			<report>
				<misses>114800000</misses>
				<total>2</total>
				<timestamp>2871.255370</timestamp>
			</report>
			<report>
				<misses>114900000</misses>
				<total>2</total>
				<timestamp>2873.756013</timestamp>
			</report>
			<report>
				<misses>115000000</misses>
				<total>2</total>
				<timestamp>2876.256163</timestamp>
			</report>
			<report>
				<misses>115100000</misses>
				<total>2</total>
				<timestamp>2878.758226</timestamp>
			</report>
			<report>
				<misses>115200000</misses>
				<total>2</total>
				<timestamp>2881.258621</timestamp>
			</report>
			<report>
				<misses>115300000</misses>
				<total>2</total>
				<timestamp>2883.758776</timestamp>
			</report>
			<report>
				<misses>115400000</misses>
				<total>2</total>
				<timestamp>2886.258914</timestamp>
			</report>
			<report>
				<misses>115500000</misses>
				<total>2</total>
				<timestamp>2888.758983</timestamp>
			</report>
			<report>
				<misses>115600000</misses>
				<total>2</total>
				<timestamp>2891.259351</timestamp>
			</report>
			<report>
				<misses>115700000</misses>
				<total>2</total>
				<timestamp>2893.759874</timestamp>
			</report>
			<report>
				<misses>115800000</misses>
				<total>2</total>
				<timestamp>2896.260518</timestamp>
			</report>
			<report>
				<misses>115900000</misses>
				<total>2</total>
				<timestamp>2898.760736</timestamp>
			</report>
			<report>
				<misses>116000000</misses>
				<total>2</total>
				<timestamp>2901.260770</timestamp>
			</report>
			<report>
				<misses>116100000</misses>
				<total>2</total>
				<timestamp>2903.760793</timestamp>
			</report>
			<report>
				<misses>116200000</misses>
				<total>2</total>
				<timestamp>2906.260992</timestamp>
			</report>
			<report>
				<misses>116300000</misses>
				<total>2</total>
				<timestamp>2908.761623</timestamp>
			</report>
			<report>
				<misses>116400000</misses>
				<total>2</total>
				<timestamp>2911.262488</timestamp>
			</report>
			<report>
				<misses>116500000</misses>
				<total>2</total>
				<timestamp>2913.764002</timestamp>
			</report>
			<report>
				<misses>116600000</misses>
				<total>2</total>
				<timestamp>2916.264745</timestamp>
			</report>
			<report>
				<misses>116700000</misses>
				<total>2</total>
				<timestamp>2918.764879</timestamp>
			</report>
			<report>
				<misses>116800000</misses>
				<total>2</total>
				<timestamp>2921.265031</timestamp>
			</report>
			<report>
				<misses>116900000</misses>
				<total>2</total>
				<timestamp>2923.765373</timestamp>
			</report>
			<report>
				<misses>117000000</misses>
				<total>2</total>
				<timestamp>2926.266464</timestamp>
			</report>
			<report>
				<misses>117100000</misses>
				<total>2</total>
				<timestamp>2928.766953</timestamp>
			</report>
			<report>
				<misses>117200000</misses>
				<total>2</total>
				<timestamp>2931.267213</timestamp>
			</report>
			<report>
				<misses>117300000</misses>
				<total>2</total>
				<timestamp>2933.769589</timestamp>
			</report>
			<report>
				<misses>117400000</misses>
				<total>2</total>
				<timestamp>2936.270893</timestamp>
			</report>
			<report>
				<misses>117500000</misses>
				<total>2</total>
				<timestamp>2938.773353</timestamp>
			</report>
			<report>
				<misses>117600000</misses>
				<total>2</total>
				<timestamp>2941.274663</timestamp>
			</report>
			<report>
				<misses>117700000</misses>
				<total>2</total>
				<timestamp>2943.777094</timestamp>
			</report>
			<report>
				<misses>117800000</misses>
				<total>2</total>
				<timestamp>2946.279725</timestamp>
			</report>
			<report>
				<misses>117900000</misses>
				<total>2</total>
				<timestamp>2948.781534</timestamp>
			</report>
			<report>
				<misses>118000000</misses>
				<total>2</total>
				<timestamp>2951.283040</timestamp>
			</report>
			<report>
				<misses>118100000</misses>
				<total>2</total>
				<timestamp>2953.783626</timestamp>
			</report>
			<report>
				<misses>118200000</misses>
				<total>2</total>
				<timestamp>2956.284955</timestamp>
			</report>
			<report>
				<misses>118300000</misses>
				<total>2</total>
				<timestamp>2958.785453</timestamp>
			</report>
			<report>
				<misses>118400000</misses>
				<total>2</total>
				<timestamp>2961.286899</timestamp>
			</report>
			<report>
				<misses>118500000</misses>
				<total>2</total>
				<timestamp>2963.788977</timestamp>
			</report>
			<report>
				<misses>118600000</misses>
				<total>2</total>
				<timestamp>2966.290659</timestamp>
			</report>
			<report>
				<misses>118700000</misses>
				<total>2</total>
				<timestamp>2968.791617</timestamp>
			</report>
			<report>
				<misses>118800000</misses>
				<total>2</total>
				<timestamp>2971.291779</timestamp>
			</report>
			<report>
				<misses>118900000</misses>
				<total>2</total>
				<timestamp>2973.792187</timestamp>
			</report>
			<report>
				<misses>119000000</misses>
				<total>2</total>
				<timestamp>2976.294778</timestamp>
			</report>
			<report>
				<misses>119100000</misses>
				<total>2</total>
				<timestamp>2978.796029</timestamp>
			</report>
			<report>
				<misses>119200000</misses>
				<total>2</total>
				<timestamp>2981.296105</timestamp>
			</report>
			<report>
				<misses>119300000</misses>
				<total>2</total>
				<timestamp>2983.798226</timestamp>
			</report>
			<report>
				<misses>119400000</misses>
				<total>2</total>
				<timestamp>2986.299119</timestamp>
			</report>
			<report>
				<misses>119500000</misses>
				<total>2</total>
				<timestamp>2988.801174</timestamp>
			</report>
			<report>
				<misses>119600000</misses>
				<total>2</total>
				<timestamp>2991.301842</timestamp>
			</report>
			<report>
				<misses>119700000</misses>
				<total>2</total>
				<timestamp>2993.803299</timestamp>
			</report>
			<report>
				<misses>119800000</misses>
				<total>2</total>
				<timestamp>2996.303350</timestamp>
			</report>
			<report>
				<misses>119900000</misses>
				<total>2</total>
				<timestamp>2998.803385</timestamp>
			</report>
			<report>
				<misses>120000000</misses>
				<total>2</total>
				<timestamp>3001.303646</timestamp>
			</report>
			<report>
				<misses>120100000</misses>
				<total>2</total>
				<timestamp>3003.804092</timestamp>
			</report>
			<report>
				<misses>120200000</misses>
				<total>2</total>
				<timestamp>3006.304550</timestamp>
			</report>
			<report>
				<misses>120300000</misses>
				<total>2</total>
				<timestamp>3008.806576</timestamp>
			</report>
			<report>
				<misses>120400000</misses>
				<total>2</total>
				<timestamp>3011.308954</timestamp>
			</report>
			<report>
				<misses>120500000</misses>
				<total>2</total>
				<timestamp>3013.812228</timestamp>
			</report>
			<report>
				<misses>120600000</misses>
				<total>2</total>
				<timestamp>3016.315292</timestamp>
			</report>
			<report>
				<misses>120700000</misses>
				<total>2</total>
				<timestamp>3018.815946</timestamp>
			</report>
			<report>
				<misses>120800000</misses>
				<total>2</total>
				<timestamp>3021.316246</timestamp>
			</report>
			<report>
				<misses>120900000</misses>
				<total>2</total>
				<timestamp>3023.817136</timestamp>
			</report>
			<report>
				<misses>121000000</misses>
				<total>2</total>
				<timestamp>3026.318306</timestamp>
			</report>
			<report>
				<misses>121100000</misses>
				<total>2</total>
				<timestamp>3028.818373</timestamp>
			</report>
			<report>
				<misses>121200000</misses>
				<total>2</total>
				<timestamp>3031.319384</timestamp>
			</report>
			<report>
				<misses>121300000</misses>
				<total>2</total>
				<timestamp>3033.820089</timestamp>
			</report>
			<report>
				<misses>121400000</misses>
				<total>2</total>
				<timestamp>3036.320307</timestamp>
			</report>
			<report>
				<misses>121500000</misses>
				<total>3</total>
				<timestamp>3038.820541</timestamp>
			</report>
			<report>
				<misses>121600000</misses>
				<total>3</total>
				<timestamp>3041.322868</timestamp>
			</report>
			<report>
				<misses>121700000</misses>
				<total>3</total>
				<timestamp>3043.823584</timestamp>
			</report>
			<report>
				<misses>121800000</misses>
				<total>3</total>
				<timestamp>3046.324352</timestamp>
			</report>
			<report>
				<misses>121900000</misses>
				<total>3</total>
				<timestamp>3048.824376</timestamp>
			</report>
			<report>
				<misses>122000000</misses>
				<total>3</total>
				<timestamp>3051.324444</timestamp>
			</report>
			<report>
				<misses>122100000</misses>
				<total>3</total>
				<timestamp>3053.825091</timestamp>
			</report>
			<report>
				<misses>122200000</misses>
				<total>3</total>
				<timestamp>3056.327370</timestamp>
			</report>
			<report>
				<misses>122300000</misses>
				<total>3</total>
				<timestamp>3058.829650</timestamp>
			</report>
			<report>
				<misses>122400000</misses>
				<total>3</total>
				<timestamp>3061.330191</timestamp>
			</report>
			<report>
				<misses>122500000</misses>
				<total>3</total>
				<timestamp>3063.830311</timestamp>
			</report>
			<report>
				<misses>122600000</misses>
				<total>3</total>
				<timestamp>3066.330327</timestamp>
			</report>
			<report>
				<misses>122700000</misses>
				<total>3</total>
				<timestamp>3068.830663</timestamp>
			</report>
			<report>
				<misses>122800000</misses>
				<total>3</total>
				<timestamp>3071.331152</timestamp>
			</report>
			<report>
				<misses>122900000</misses>
				<total>3</total>
				<timestamp>3073.831304</timestamp>
			</report>
			<report>
				<misses>123000000</misses>
				<total>3</total>
				<timestamp>3076.331610</timestamp>
			</report>
			<report>
				<misses>123100000</misses>
				<total>3</total>
				<timestamp>3078.832063</timestamp>
			</report>
			<report>
				<misses>123200000</misses>
				<total>3</total>
				<timestamp>3081.332120</timestamp>
			</report>
			<report>
				<misses>123300000</misses>
				<total>3</total>
				<timestamp>3083.832140</timestamp>
			</report>
			<report>
				<misses>123400000</misses>
				<total>3</total>
				<timestamp>3086.332202</timestamp>
			</report>
			<report>
				<misses>123500000</misses>
				<total>3</total>
				<timestamp>3088.833057</timestamp>
			</report>
			<report>
				<misses>123600000</misses>
				<total>3</total>
				<timestamp>3091.334276</timestamp>
			</report>
			<report>
				<misses>123700000</misses>
				<total>3</total>
				<timestamp>3093.834526</timestamp>
			</report>
			<report>
				<misses>123800000</misses>
				<total>3</total>
				<timestamp>3096.335644</timestamp>
			</report>
			<report>
				<misses>123900000</misses>
				<total>3</total>
				<timestamp>3098.837448</timestamp>
			</report>
			<report>
				<misses>124000000</misses>
				<total>3</total>
				<timestamp>3101.338466</timestamp>
			</report>
			<report>
				<misses>124100000</misses>
				<total>3</total>
				<timestamp>3103.838493</timestamp>
			</report>
			<report>
				<misses>124200000</misses>
				<total>3</total>
				<timestamp>3106.338815</timestamp>
			</report>
			<report>
				<misses>124300000</misses>
				<total>3</total>
				<timestamp>3108.839069</timestamp>
			</report>
			<report>
				<misses>124400000</misses>
				<total>3</total>
				<timestamp>3111.339812</timestamp>
			</report>
			<report>
				<misses>124500000</misses>
				<total>3</total>
				<timestamp>3113.840256</timestamp>
			</report>
			<report>
				<misses>124600000</misses>
				<total>3</total>
				<timestamp>3116.341672</timestamp>
			</report>
			<report>
				<misses>124700000</misses>
				<total>3</total>
				<timestamp>3118.842446</timestamp>
			</report>
			<report>
				<misses>124800000</misses>
				<total>3</total>
				<timestamp>3121.342950</timestamp>
			</report>
			<report>
				<misses>124900000</misses>
				<total>3</total>
				<timestamp>3123.843001</timestamp>
			</report>
			<report>
				<misses>125000000</misses>
				<total>3</total>
				<timestamp>3126.343124</timestamp>
			</report>
			<report>
				<misses>125100000</misses>
				<total>3</total>
				<timestamp>3128.844260</timestamp>
			</report>
			<report>
				<misses>125200000</misses>
				<total>3</total>
				<timestamp>3131.344848</timestamp>
			</report>
			<report>
				<misses>125300000</misses>
				<total>3</total>
				<timestamp>3133.846200</timestamp>
			</report>
			<report>
				<misses>125400000</misses>
				<total>3</total>
				<timestamp>3136.347574</timestamp>
			</report>
			<report>
				<misses>125500000</misses>
				<total>3</total>
				<timestamp>3138.847635</timestamp>
			</report>
			<report>
				<misses>125600000</misses>
				<total>3</total>
				<timestamp>3141.347801</timestamp>
			</report>
			<report>
				<misses>125700000</misses>
				<total>3</total>
				<timestamp>3143.847993</timestamp>
			</report>
			<report>
				<misses>125800000</misses>
				<total>3</total>
				<timestamp>3146.348028</timestamp>
			</report>
			<report>
				<misses>125900000</misses>
				<total>3</total>
				<timestamp>3148.850192</timestamp>
			</report>
			<report>
				<misses>126000000</misses>
				<total>3</total>
				<timestamp>3151.352002</timestamp>
			</report>
			<report>
				<misses>126100000</misses>
				<total>3</total>
				<timestamp>3153.853599</timestamp>
			</report>
			<report>
				<misses>126200000</misses>
				<total>3</total>
				<timestamp>3156.354954</timestamp>
			</report>
			<report>
				<misses>126300000</misses>
				<total>3</total>
				<timestamp>3158.856518</timestamp>
			</report>
			<report>
				<misses>126400000</misses>
				<total>3</total>
				<timestamp>3161.357189</timestamp>
			</report>
			<report>
				<misses>126500000</misses>
				<total>3</total>
				<timestamp>3163.857361</timestamp>
			</report>
			<report>
				<misses>126600000</misses>
				<total>3</total>
				<timestamp>3166.358303</timestamp>
			</report>
			<report>
				<misses>126700000</misses>
				<total>3</total>
				<timestamp>3168.860009</timestamp>
			</report>
			<report>
				<misses>126800000</misses>
				<total>3</total>
				<timestamp>3171.361953</timestamp>
			</report>
			<report>
				<misses>126900000</misses>
				<total>3</total>
				<timestamp>3173.863390</timestamp>
			</report>
			<report>
				<misses>127000000</misses>
				<total>3</total>
				<timestamp>3176.365281</timestamp>
			</report>
			<report>
				<misses>127100000</misses>
				<total>3</total>
				<timestamp>3178.866105</timestamp>
			</report>
			<report>
				<misses>127200000</misses>
				<total>3</total>
				<timestamp>3181.366135</timestamp>
			</report>
			<report>
				<misses>127300000</misses>
				<total>3</total>
				<timestamp>3183.868105</timestamp>
			</report>
			<report>
				<misses>127400000</misses>
				<total>3</total>
				<timestamp>3186.368437</timestamp>
			</report>
			<report>
				<misses>127500000</misses>
				<total>3</total>
				<timestamp>3188.868522</timestamp>
			</report>
			<report>
				<misses>127600000</misses>
				<total>3</total>
				<timestamp>3191.368544</timestamp>
			</report>
			<report>
				<misses>127700000</misses>
				<total>3</total>
				<timestamp>3193.869520</timestamp>
			</report>
			<report>
				<misses>127800000</misses>
				<total>3</total>
				<timestamp>3196.370693</timestamp>
			</report>
			<report>
				<misses>127900000</misses>
				<total>3</total>
				<timestamp>3198.872482</timestamp>
			</report>
			<report>
				<misses>128000000</misses>
				<total>3</total>
				<timestamp>3201.375359</timestamp>
			</report>
			<report>
				<misses>128100000</misses>
				<total>3</total>
				<timestamp>3203.877370</timestamp>
			</report>
			<report>
				<misses>128200000</misses>
				<total>3</total>
				<timestamp>3206.377419</timestamp>
			</report>
			<report>
				<misses>128300000</misses>
				<total>3</total>
				<timestamp>3208.877492</timestamp>
			</report>
			<report>
				<misses>128400000</misses>
				<total>3</total>
				<timestamp>3211.378238</timestamp>
			</report>
			<report>
				<misses>128500000</misses>
				<total>3</total>
				<timestamp>3213.878402</timestamp>
			</report>
			<report>
				<misses>128600000</misses>
				<total>3</total>
				<timestamp>3216.380979</timestamp>
			</report>
			<report>
				<misses>128700000</misses>
				<total>3</total>
				<timestamp>3218.883869</timestamp>
			</report>
			<report>
				<misses>128800000</misses>
				<total>3</total>
				<timestamp>3221.384662</timestamp>
			</report>
			<report>
				<misses>128900000</misses>
				<total>3</total>
				<timestamp>3223.885928</timestamp>
			</report>
			<report>
				<misses>129000000</misses>
				<total>3</total>
				<timestamp>3226.388094</timestamp>
			</report>
			<report>
				<misses>129100000</misses>
				<total>3</total>
				<timestamp>3228.891014</timestamp>
			</report>
			<report>
				<misses>129200000</misses>
				<total>3</total>
				<timestamp>3231.392972</timestamp>
			</report>
			<report>
				<misses>129300000</misses>
				<total>3</total>
				<timestamp>3233.893945</timestamp>
			</report>
			<report>
				<misses>129400000</misses>
				<total>3</total>
				<timestamp>3236.393965</timestamp>
			</report>
			<report>
				<misses>129500000</misses>
				<total>3</total>
				<timestamp>3238.893974</timestamp>
			</report>
			<report>
				<misses>129600000</misses>
				<total>3</total>
				<timestamp>3241.395123</timestamp>
			</report>
			<report>
				<misses>129700000</misses>
				<total>3</total>
				<timestamp>3243.896246</timestamp>
			</report>
			<report>
				<misses>129800000</misses>
				<total>3</total>
				<timestamp>3246.398564</timestamp>
			</report>
			<report>
				<misses>129900000</misses>
				<total>3</total>
				<timestamp>3248.900301</timestamp>
			</report>
			<report>
				<misses>130000000</misses>
				<total>3</total>
				<timestamp>3251.401683</timestamp>
			</report>
			<report>
				<misses>130100000</misses>
				<total>3</total>
				<timestamp>3253.902149</timestamp>
			</report>
			<report>
				<misses>130200000</misses>
				<total>3</total>
				<timestamp>3256.402495</timestamp>
			</report>
			<report>
				<misses>130300000</misses>
				<total>3</total>
				<timestamp>3258.903548</timestamp>
			</report>
			<report>
				<misses>130400000</misses>
				<total>3</total>
				<timestamp>3261.405614</timestamp>
			</report>
			<report>
				<misses>130500000</misses>
				<total>3</total>
				<timestamp>3263.906060</timestamp>
			</report>
			<report>
				<misses>130600000</misses>
				<total>3</total>
				<timestamp>3266.407496</timestamp>
			</report>
			<report>
				<misses>130700000</misses>
				<total>3</total>
				<timestamp>3268.908181</timestamp>
			</report>
			<report>
				<misses>130800000</misses>
				<total>3</total>
				<timestamp>3271.408231</timestamp>
			</report>
			<report>
				<misses>130900000</misses>
				<total>3</total>
				<timestamp>3273.908241</timestamp>
			</report>
			<report>
				<misses>131000000</misses>
				<total>3</total>
				<timestamp>3276.411770</timestamp>
			</report>
			<report>
				<misses>131100000</misses>
				<total>3</total>
				<timestamp>3278.914545</timestamp>
			</report>
			<report>
				<misses>131200000</misses>
				<total>3</total>
				<timestamp>3281.415867</timestamp>
			</report>
			<report>
				<misses>131300000</misses>
				<total>3</total>
				<timestamp>3283.917833</timestamp>
			</report>
			<report>
				<misses>131400000</misses>
				<total>3</total>
				<timestamp>3286.419284</timestamp>
			</report>
			<report>
				<misses>131500000</misses>
				<total>3</total>
				<timestamp>3288.919547</timestamp>
			</report>
			<report>
				<misses>131600000</misses>
				<total>3</total>
				<timestamp>3291.419815</timestamp>
			</report>
			<report>
				<misses>131700000</misses>
				<total>3</total>
				<timestamp>3293.921127</timestamp>
			</report>
			<report>
				<misses>131800000</misses>
				<total>3</total>
				<timestamp>3296.422194</timestamp>
			</report>
			<report>
				<misses>131900000</misses>
				<total>3</total>
				<timestamp>3298.922839</timestamp>
			</report>
			<report>
				<misses>132000000</misses>
				<total>3</total>
				<timestamp>3301.423777</timestamp>
			</report>
			<report>
				<misses>132100000</misses>
				<total>3</total>
				<timestamp>3303.924766</timestamp>
			</report>
			<report>
				<misses>132200000</misses>
				<total>3</total>
				<timestamp>3306.426262</timestamp>
			</report>
			<report>
				<misses>132300000</misses>
				<total>3</total>
				<timestamp>3308.926494</timestamp>
			</report>
			<report>
				<misses>132400000</misses>
				<total>3</total>
				<timestamp>3311.427730</timestamp>
			</report>
			<report>
				<misses>132500000</misses>
				<total>3</total>
				<timestamp>3313.928681</timestamp>
			</report>
			<report>
				<misses>132600000</misses>
				<total>3</total>
				<timestamp>3316.430544</timestamp>
			</report>
			<report>
				<misses>132700000</misses>
				<total>3</total>
				<timestamp>3318.931753</timestamp>
			</report>
			<report>
				<misses>132800000</misses>
				<total>3</total>
				<timestamp>3321.432824</timestamp>
			</report>
			<report>
				<misses>132900000</misses>
				<total>3</total>
				<timestamp>3323.934023</timestamp>
			</report>
			<report>
				<misses>133000000</misses>
				<total>3</total>
				<timestamp>3326.434369</timestamp>
			</report>
			<report>
				<misses>133100000</misses>
				<total>3</total>
				<timestamp>3328.934524</timestamp>
			</report>
			<report>
				<misses>133200000</misses>
				<total>3</total>
				<timestamp>3331.436449</timestamp>
			</report>
			<report>
				<misses>133300000</misses>
				<total>3</total>
				<timestamp>3333.938973</timestamp>
			</report>
			<report>
				<misses>133400000</misses>
				<total>3</total>
				<timestamp>3336.439235</timestamp>
			</report>
			<report>
				<misses>133500000</misses>
				<total>3</total>
				<timestamp>3338.940913</timestamp>
			</report>
			<report>
				<misses>133600000</misses>
				<total>3</total>
				<timestamp>3341.442530</timestamp>
			</report>
			<report>
				<misses>133700000</misses>
				<total>3</total>
				<timestamp>3343.942573</timestamp>
			</report>
			<report>
				<misses>133800000</misses>
				<total>3</total>
				<timestamp>3346.442690</timestamp>
			</report>
			<report>
				<misses>133900000</misses>
				<total>3</total>
				<timestamp>3348.942722</timestamp>
			</report>
			<report>
				<misses>134000000</misses>
				<total>3</total>
				<timestamp>3351.442918</timestamp>
			</report>
			<report>
				<misses>134100000</misses>
				<total>3</total>
				<timestamp>3353.942945</timestamp>
			</report>
			<report>
				<misses>134200000</misses>
				<total>3</total>
				<timestamp>3356.443490</timestamp>
			</report>
			<report>
				<misses>134300000</misses>
				<total>3</total>
				<timestamp>3358.943768</timestamp>
			</report>
			<report>
				<misses>134400000</misses>
				<total>3</total>
				<timestamp>3361.445196</timestamp>
			</report>
			<report>
				<misses>134500000</misses>
				<total>3</total>
				<timestamp>3363.945626</timestamp>
			</report>
			<report>
				<misses>134600000</misses>
				<total>3</total>
				<timestamp>3366.445680</timestamp>
			</report>
			<report>
				<misses>134700000</misses>
				<total>3</total>
				<timestamp>3368.946317</timestamp>
			</report>
			<report>
				<misses>134800000</misses>
				<total>3</total>
				<timestamp>3371.446768</timestamp>
			</report>
			<report>
				<misses>134900000</misses>
				<total>3</total>
				<timestamp>3373.949696</timestamp>
			</report>
			<report>
				<misses>135000000</misses>
				<total>3</total>
				<timestamp>3376.450796</timestamp>
			</report>
			<report>
				<misses>135100000</misses>
				<total>3</total>
				<timestamp>3378.952792</timestamp>
			</report>
			<report>
				<misses>135200000</misses>
				<total>3</total>
				<timestamp>3381.454175</timestamp>
			</report>
			<report>
				<misses>135300000</misses>
				<total>3</total>
				<timestamp>3383.956630</timestamp>
			</report>
			<report>
				<misses>135400000</misses>
				<total>3</total>
				<timestamp>3386.457050</timestamp>
			</report>
			<report>
				<misses>135500000</misses>
				<total>3</total>
				<timestamp>3388.957423</timestamp>
			</report>
			<report>
				<misses>135600000</misses>
				<total>3</total>
				<timestamp>3391.457544</timestamp>
			</report>
			<report>
				<misses>135700000</misses>
				<total>3</total>
				<timestamp>3393.959267</timestamp>
			</report>
			<report>
				<misses>135800000</misses>
				<total>3</total>
				<timestamp>3396.459469</timestamp>
			</report>
			<report>
				<misses>135900000</misses>
				<total>3</total>
				<timestamp>3398.959919</timestamp>
			</report>
			<report>
				<misses>136000000</misses>
				<total>3</total>
				<timestamp>3401.461723</timestamp>
			</report>
			<report>
				<misses>136100000</misses>
				<total>3</total>
				<timestamp>3403.962619</timestamp>
			</report>
			<report>
				<misses>136200000</misses>
				<total>3</total>
				<timestamp>3406.462864</timestamp>
			</report>
			<report>
				<misses>136300000</misses>
				<total>3</total>
				<timestamp>3408.962949</timestamp>
			</report>
			<report>
				<misses>136400000</misses>
				<total>3</total>
				<timestamp>3411.466627</timestamp>
			</report>
			<report>
				<misses>136500000</misses>
				<total>3</total>
				<timestamp>3413.967723</timestamp>
			</report>
			<report>
				<misses>136600000</misses>
				<total>3</total>
				<timestamp>3416.470187</timestamp>
			</report>
			<report>
				<misses>136700000</misses>
				<total>3</total>
				<timestamp>3418.971317</timestamp>
			</report>
			<report>
				<misses>136800000</misses>
				<total>3</total>
				<timestamp>3421.474378</timestamp>
			</report>
			<report>
				<misses>136900000</misses>
				<total>3</total>
				<timestamp>3423.976213</timestamp>
			</report>
			<report>
				<misses>137000000</misses>
				<total>3</total>
				<timestamp>3426.479240</timestamp>
			</report>
			<report>
				<misses>137100000</misses>
				<total>3</total>
				<timestamp>3428.981462</timestamp>
			</report>
			<report>
				<misses>137200000</misses>
				<total>3</total>
				<timestamp>3431.483331</timestamp>
			</report>
			<report>
				<misses>137300000</misses>
				<total>3</total>
				<timestamp>3433.983379</timestamp>
			</report>
			<report>
				<misses>137400000</misses>
				<total>3</total>
				<timestamp>3436.483646</timestamp>
			</report>
			<report>
				<misses>137500000</misses>
				<total>3</total>
				<timestamp>3438.985625</timestamp>
			</report>
			<report>
				<misses>137600000</misses>
				<total>3</total>
				<timestamp>3441.486890</timestamp>
			</report>
			<report>
				<misses>137700000</misses>
				<total>3</total>
				<timestamp>3443.988096</timestamp>
			</report>
			<report>
				<misses>137800000</misses>
				<total>3</total>
				<timestamp>3446.490307</timestamp>
			</report>
			<report>
				<misses>137900000</misses>
				<total>3</total>
				<timestamp>3448.991054</timestamp>
			</report>
			<report>
				<misses>138000000</misses>
				<total>3</total>
				<timestamp>3451.491809</timestamp>
			</report>
			<report>
				<misses>138100000</misses>
				<total>3</total>
				<timestamp>3453.994100</timestamp>
			</report>
			<report>
				<misses>138200000</misses>
				<total>3</total>
				<timestamp>3456.496050</timestamp>
			</report>
			<report>
				<misses>138300000</misses>
				<total>3</total>
				<timestamp>3458.996400</timestamp>
			</report>
			<report>
				<misses>138400000</misses>
				<total>3</total>
				<timestamp>3461.497118</timestamp>
			</report>
			<report>
				<misses>138500000</misses>
				<total>3</total>
				<timestamp>3463.998558</timestamp>
			</report>
			<report>
				<misses>138600000</misses>
				<total>3</total>
				<timestamp>3466.500255</timestamp>
			</report>
			<report>
				<misses>138700000</misses>
				<total>3</total>
				<timestamp>3469.000566</timestamp>
			</report>
			<report>
				<misses>138800000</misses>
				<total>3</total>
				<timestamp>3471.501217</timestamp>
			</report>
			<report>
				<misses>138900000</misses>
				<total>3</total>
				<timestamp>3474.002418</timestamp>
			</report>
			<report>
				<misses>139000000</misses>
				<total>3</total>
				<timestamp>3476.502500</timestamp>
			</report>
			<report>
				<misses>139100000</misses>
				<total>3</total>
				<timestamp>3479.003129</timestamp>
			</report>
			<report>
				<misses>139200000</misses>
				<total>3</total>
				<timestamp>3481.506225</timestamp>
			</report>
			<report>
				<misses>139300000</misses>
				<total>3</total>
				<timestamp>3484.006597</timestamp>
			</report>
			<report>
				<misses>139400000</misses>
				<total>3</total>
				<timestamp>3486.506956</timestamp>
			</report>
			<report>
				<misses>139500000</misses>
				<total>3</total>
				<timestamp>3489.007749</timestamp>
			</report>
			<report>
				<misses>139600000</misses>
				<total>3</total>
				<timestamp>3491.508694</timestamp>
			</report>
			<report>
				<misses>139700000</misses>
				<total>3</total>
				<timestamp>3494.010496</timestamp>
			</report>
			<report>
				<misses>139800000</misses>
				<total>3</total>
				<timestamp>3496.512070</timestamp>
			</report>
			<report>
				<misses>139900000</misses>
				<total>3</total>
				<timestamp>3499.014401</timestamp>
			</report>
			<report>
				<misses>140000000</misses>
				<total>3</total>
				<timestamp>3501.516582</timestamp>
			</report>
			<report>
				<misses>140100000</misses>
				<total>3</total>
				<timestamp>3504.017375</timestamp>
			</report>
			<report>
				<misses>140200000</misses>
				<total>3</total>
				<timestamp>3506.517500</timestamp>
			</report>
			<report>
				<misses>140300000</misses>
				<total>3</total>
				<timestamp>3509.017526</timestamp>
			</report>
			<report>
				<misses>140400000</misses>
				<total>3</total>
				<timestamp>3511.517541</timestamp>
			</report>
			<report>
				<misses>140500000</misses>
				<total>3</total>
				<timestamp>3514.018593</timestamp>
			</report>
			<report>
				<misses>140600000</misses>
				<total>3</total>
				<timestamp>3516.519187</timestamp>
			</report>
			<report>
				<misses>140700000</misses>
				<total>3</total>
				<timestamp>3519.019767</timestamp>
			</report>
			<report>
				<misses>140800000</misses>
				<total>3</total>
				<timestamp>3521.520128</timestamp>
			</report>
			<report>
				<misses>140900000</misses>
				<total>3</total>
				<timestamp>3524.020181</timestamp>
			</report>
			<report>
				<misses>141000000</misses>
				<total>3</total>
				<timestamp>3526.520226</timestamp>
			</report>
			<report>
				<misses>141100000</misses>
				<total>3</total>
				<timestamp>3529.020270</timestamp>
			</report>
			<report>
				<misses>141200000</misses>
				<total>3</total>
				<timestamp>3531.522562</timestamp>
			</report>
			<report>
				<misses>141300000</misses>
				<total>3</total>
				<timestamp>3534.022975</timestamp>
			</report>
			<report>
				<misses>141400000</misses>
				<total>3</total>
				<timestamp>3536.523541</timestamp>
			</report>
			<report>
				<misses>141500000</misses>
				<total>3</total>
				<timestamp>3539.025115</timestamp>
			</report>
			<report>
				<misses>141600000</misses>
				<total>3</total>
				<timestamp>3541.526994</timestamp>
			</report>
			<report>
				<misses>141700000</misses>
				<total>3</total>
				<timestamp>3544.028906</timestamp>
			</report>
			<report>
				<misses>141800000</misses>
				<total>3</total>
				<timestamp>3546.532002</timestamp>
			</report>
			<report>
				<misses>141900000</misses>
				<total>3</total>
				<timestamp>3549.034231</timestamp>
			</report>
			<report>
				<misses>142000000</misses>
				<total>3</total>
				<timestamp>3551.537220</timestamp>
			</report>
			<report>
				<misses>142100000</misses>
				<total>3</total>
				<timestamp>3554.039408</timestamp>
			</report>
			<report>
				<misses>142200000</misses>
				<total>3</total>
				<timestamp>3556.539749</timestamp>
			</report>
			<report>
				<misses>142300000</misses>
				<total>3</total>
				<timestamp>3559.039846</timestamp>
			</report>
			<report>
				<misses>142400000</misses>
				<total>3</total>
				<timestamp>3561.539895</timestamp>
			</report>
			<report>
				<misses>142500000</misses>
				<total>3</total>
				<timestamp>3564.041486</timestamp>
			</report>
			<report>
				<misses>142600000</misses>
				<total>3</total>
				<timestamp>3566.543078</timestamp>
			</report>
			<report>
				<misses>142700000</misses>
				<total>3</total>
				<timestamp>3569.043168</timestamp>
			</report>
			<report>
				<misses>142800000</misses>
				<total>3</total>
				<timestamp>3571.543357</timestamp>
			</report>
			<report>
				<misses>142900000</misses>
				<total>3</total>
				<timestamp>3574.044127</timestamp>
			</report>
			<report>
				<misses>143000000</misses>
				<total>3</total>
				<timestamp>3576.544298</timestamp>
			</report>
			<report>
				<misses>143100000</misses>
				<total>3</total>
				<timestamp>3579.045031</timestamp>
			</report>
			<report>
				<misses>143200000</misses>
				<total>3</total>
				<timestamp>3581.545946</timestamp>
			</report>
			<report>
				<misses>143300000</misses>
				<total>3</total>
				<timestamp>3584.047326</timestamp>
			</report>
			<report>
				<misses>143400000</misses>
				<total>3</total>
				<timestamp>3586.547775</timestamp>
			</report>
			<report>
				<misses>143500000</misses>
				<total>3</total>
				<timestamp>3589.047801</timestamp>
			</report>
			<report>
				<misses>143600000</misses>
				<total>3</total>
				<timestamp>3591.548679</timestamp>
			</report>
			<report>
				<misses>143700000</misses>
				<total>3</total>
				<timestamp>3594.050999</timestamp>
			</report>
			<report>
				<misses>143800000</misses>
				<total>3</total>
				<timestamp>3596.551318</timestamp>
			</report>
			<report>
				<misses>143900000</misses>
				<total>3</total>
				<timestamp>3599.051633</timestamp>
			</report>
			<report>
				<misses>144000000</misses>
				<total>3</total>
				<timestamp>3601.551671</timestamp>
			</report>
			<report>
				<misses>144100000</misses>
				<total>3</total>
				<timestamp>3604.052374</timestamp>
			</report>
			<report>
				<misses>144200000</misses>
				<total>3</total>
				<timestamp>3606.554555</timestamp>
			</report>
			<report>
				<misses>144300000</misses>
				<total>3</total>
				<timestamp>3609.056277</timestamp>
			</report>
			<report>
				<misses>144400000</misses>
				<total>3</total>
				<timestamp>3611.557582</timestamp>
			</report>
			<report>
				<misses>144500000</misses>
				<total>3</total>
				<timestamp>3614.058842</timestamp>
			</report>
			<report>
				<misses>144600000</misses>
				<total>3</total>
				<timestamp>3616.559018</timestamp>
			</report>
			<report>
				<misses>144700000</misses>
				<total>3</total>
				<timestamp>3619.059608</timestamp>
			</report>
			<report>
				<misses>144800000</misses>
				<total>3</total>
				<timestamp>3621.560242</timestamp>
			</report>
			<report>
				<misses>144900000</misses>
				<total>3</total>
				<timestamp>3624.060850</timestamp>
			</report>
			<report>
				<misses>145000000</misses>
				<total>3</total>
				<timestamp>3626.561010</timestamp>
			</report>
			<report>
				<misses>145100000</misses>
				<total>3</total>
				<timestamp>3629.061181</timestamp>
			</report>
			<report>
				<misses>145200000</misses>
				<total>3</total>
				<timestamp>3631.562529</timestamp>
			</report>
			<report>
				<misses>145300000</misses>
				<total>3</total>
				<timestamp>3634.064021</timestamp>
			</report>
			<report>
				<misses>145400000</misses>
				<total>3</total>
				<timestamp>3636.565335</timestamp>
			</report>
			<report>
				<misses>145500000</misses>
				<total>3</total>
				<timestamp>3639.068346</timestamp>
			</report>
			<report>
				<misses>145600000</misses>
				<total>3</total>
				<timestamp>3641.570392</timestamp>
			</report>
			<report>
				<misses>145700000</misses>
				<total>3</total>
				<timestamp>3644.070961</timestamp>
			</report>
			<report>
				<misses>145800000</misses>
				<total>3</total>
				<timestamp>3646.571764</timestamp>
			</report>
			<report>
				<misses>145900000</misses>
				<total>3</total>
				<timestamp>3649.073247</timestamp>
			</report>
			<report>
				<misses>146000000</misses>
				<total>3</total>
				<timestamp>3651.573598</timestamp>
			</report>
			<report>
				<misses>146100000</misses>
				<total>3</total>
				<timestamp>3654.073999</timestamp>
			</report>
			<report>
				<misses>146200000</misses>
				<total>3</total>
				<timestamp>3656.574644</timestamp>
			</report>
			<report>
				<misses>146300000</misses>
				<total>3</total>
				<timestamp>3659.074835</timestamp>
			</report>
			<report>
				<misses>146400000</misses>
				<total>3</total>
				<timestamp>3661.574863</timestamp>
			</report>
			<report>
				<misses>146500000</misses>
				<total>3</total>
				<timestamp>3664.074948</timestamp>
			</report>
			<report>
				<misses>146600000</misses>
				<total>3</total>
				<timestamp>3666.576195</timestamp>
			</report>
			<report>
				<misses>146700000</misses>
				<total>3</total>
				<timestamp>3669.079586</timestamp>
			</report>
			<report>
				<misses>146800000</misses>
				<total>3</total>
				<timestamp>3671.580901</timestamp>
			</report>
			<report>
				<misses>146900000</misses>
				<total>3</total>
				<timestamp>3674.081559</timestamp>
			</report>
			<report>
				<misses>147000000</misses>
				<total>3</total>
				<timestamp>3676.581740</timestamp>
			</report>
			<report>
				<misses>147100000</misses>
				<total>3</total>
				<timestamp>3679.083448</timestamp>
			</report>
			<report>
				<misses>147200000</misses>
				<total>3</total>
				<timestamp>3681.584452</timestamp>
			</report>
			<report>
				<misses>147300000</misses>
				<total>3</total>
				<timestamp>3684.085097</timestamp>
			</report>
			<report>
				<misses>147400000</misses>
				<total>3</total>
				<timestamp>3686.585485</timestamp>
			</report>
			<report>
				<misses>147500000</misses>
				<total>3</total>
				<timestamp>3689.086682</timestamp>
			</report>
			<report>
				<misses>147600000</misses>
				<total>3</total>
				<timestamp>3691.588973</timestamp>
			</report>
			<report>
				<misses>147700000</misses>
				<total>3</total>
				<timestamp>3694.090471</timestamp>
			</report>
			<report>
				<misses>147800000</misses>
				<total>3</total>
				<timestamp>3696.592137</timestamp>
			</report>
			<report>
				<misses>147900000</misses>
				<total>3</total>
				<timestamp>3699.092171</timestamp>
			</report>
			<report>
				<misses>148000000</misses>
				<total>3</total>
				<timestamp>3701.592191</timestamp>
			</report>
			<report>
				<misses>148100000</misses>
				<total>3</total>
				<timestamp>3704.092511</timestamp>
			</report>
			<report>
				<misses>148200000</misses>
				<total>3</total>
				<timestamp>3706.594967</timestamp>
			</report>
			<report>
				<misses>148300000</misses>
				<total>3</total>
				<timestamp>3709.096801</timestamp>
			</report>
			<report>
				<misses>148400000</misses>
				<total>3</total>
				<timestamp>3711.598861</timestamp>
			</report>
			<report>
				<misses>148500000</misses>
				<total>3</total>
				<timestamp>3714.100137</timestamp>
			</report>
			<report>
				<misses>148600000</misses>
				<total>3</total>
				<timestamp>3716.601574</timestamp>
			</report>
			<report>
				<misses>148700000</misses>
				<total>3</total>
				<timestamp>3719.101704</timestamp>
			</report>
			<report>
				<misses>148800000</misses>
				<total>3</total>
				<timestamp>3721.601825</timestamp>
			</report>
			<report>
				<misses>148900000</misses>
				<total>3</total>
				<timestamp>3724.101861</timestamp>
			</report>
			<report>
				<misses>149000000</misses>
				<total>3</total>
				<timestamp>3726.602495</timestamp>
			</report>
			<report>
				<misses>149100000</misses>
				<total>3</total>
				<timestamp>3729.102569</timestamp>
			</report>
			<report>
				<misses>149200000</misses>
				<total>3</total>
				<timestamp>3731.602646</timestamp>
			</report>
			<report>
				<misses>149300000</misses>
				<total>3</total>
				<timestamp>3734.103267</timestamp>
			</report>
			<report>
				<misses>149400000</misses>
				<total>3</total>
				<timestamp>3736.604111</timestamp>
			</report>
			<report>
				<misses>149500000</misses>
				<total>3</total>
				<timestamp>3739.105521</timestamp>
			</report>
			<report>
				<misses>149600000</misses>
				<total>3</total>
				<timestamp>3741.608583</timestamp>
			</report>
			<report>
				<misses>149700000</misses>
				<total>3</total>
				<timestamp>3744.110941</timestamp>
			</report>
			<report>
				<misses>149800000</misses>
				<total>3</total>
				<timestamp>3746.611799</timestamp>
			</report>
			<report>
				<misses>149900000</misses>
				<total>3</total>
				<timestamp>3749.111946</timestamp>
			</report>
			<report>
				<misses>150000000</misses>
				<total>3</total>
				<timestamp>3751.611990</timestamp>
			</report>
			<report>
				<misses>150100000</misses>
				<total>3</total>
				<timestamp>3754.113128</timestamp>
			</report>
			<report>
				<misses>150200000</misses>
				<total>3</total>
				<timestamp>3756.614188</timestamp>
			</report>
			<report>
				<misses>150300000</misses>
				<total>3</total>
				<timestamp>3759.114297</timestamp>
			</report>
			<report>
				<misses>150400000</misses>
				<total>3</total>
				<timestamp>3761.615250</timestamp>
			</report>
			<report>
				<misses>150500000</misses>
				<total>3</total>
				<timestamp>3764.115405</timestamp>
			</report>
			<report>
				<misses>150600000</misses>
				<total>3</total>
				<timestamp>3766.615444</timestamp>
			</report>
			<report>
				<misses>150700000</misses>
				<total>3</total>
				<timestamp>3769.115471</timestamp>
			</report>
			<report>
				<misses>150800000</misses>
				<total>3</total>
				<timestamp>3771.617674</timestamp>
			</report>
			<report>
				<misses>150900000</misses>
				<total>3</total>
				<timestamp>3774.118038</timestamp>
			</report>
			<report>
				<misses>151000000</misses>
				<total>3</total>
				<timestamp>3776.618122</timestamp>
			</report>
			<report>
				<misses>151100000</misses>
				<total>3</total>
				<timestamp>3779.120203</timestamp>
			</report>
			<report>
				<misses>151200000</misses>
				<total>3</total>
				<timestamp>3781.620523</timestamp>
			</report>
			<report>
				<misses>151300000</misses>
				<total>3</total>
				<timestamp>3784.122079</timestamp>
			</report>
			<report>
				<misses>151400000</misses>
				<total>3</total>
				<timestamp>3786.623501</timestamp>
			</report>
			<report>
				<misses>151500000</misses>
				<total>3</total>
				<timestamp>3789.125555</timestamp>
			</report>
			<report>
				<misses>151600000</misses>
				<total>3</total>
				<timestamp>3791.625581</timestamp>
			</report>
			<report>
				<misses>151700000</misses>
				<total>3</total>
				<timestamp>3794.125588</timestamp>
			</report>
			<report>
				<misses>151800000</misses>
				<total>3</total>
				<timestamp>3796.625597</timestamp>
			</report>
			<report>
				<misses>151900000</misses>
				<total>3</total>
				<timestamp>3799.125801</timestamp>
			</report>
			<report>
				<misses>152000000</misses>
				<total>3</total>
				<timestamp>3801.626393</timestamp>
			</report>
			<report>
				<misses>152100000</misses>
				<total>3</total>
				<timestamp>3804.126578</timestamp>
			</report>
			<report>
				<misses>152200000</misses>
				<total>3</total>
				<timestamp>3806.627271</timestamp>
			</report>
			<report>
				<misses>152300000</misses>
				<total>3</total>
				<timestamp>3809.127918</timestamp>
			</report>
			<report>
				<misses>152400000</misses>
				<total>3</total>
				<timestamp>3811.628335</timestamp>
			</report>
			<report>
				<misses>152500000</misses>
				<total>3</total>
				<timestamp>3814.128348</timestamp>
			</report>
			<report>
				<misses>152600000</misses>
				<total>3</total>
				<timestamp>3816.628393</timestamp>
			</report>
			<report>
				<misses>152700000</misses>
				<total>3</total>
				<timestamp>3819.129424</timestamp>
			</report>
			<report>
				<misses>152800000</misses>
				<total>3</total>
				<timestamp>3821.630878</timestamp>
			</report>
			<report>
				<misses>152900000</misses>
				<total>3</total>
				<timestamp>3824.132860</timestamp>
			</report>
			<report>
				<misses>153000000</misses>
				<total>3</total>
				<timestamp>3826.637242</timestamp>
			</report>
			<report>
				<misses>153100000</misses>
				<total>3</total>
				<timestamp>3829.139531</timestamp>
			</report>
			<report>
				<misses>153200000</misses>
				<total>3</total>
				<timestamp>3831.641132</timestamp>
			</report>
			<report>
				<misses>153300000</misses>
				<total>3</total>
				<timestamp>3834.143704</timestamp>
			</report>
			<report>
				<misses>153400000</misses>
				<total>3</total>
				<timestamp>3836.646028</timestamp>
			</report>
			<report>
				<misses>153500000</misses>
				<total>3</total>
				<timestamp>3839.146261</timestamp>
			</report>
			<report>
				<misses>153600000</misses>
				<total>3</total>
				<timestamp>3841.646525</timestamp>
			</report>
			<report>
				<misses>153700000</misses>
				<total>3</total>
				<timestamp>3844.146889</timestamp>
			</report>
			<report>
				<misses>153800000</misses>
				<total>3</total>
				<timestamp>3846.647895</timestamp>
			</report>
			<report>
				<misses>153900000</misses>
				<total>3</total>
				<timestamp>3849.149623</timestamp>
			</report>
			<report>
				<misses>154000000</misses>
				<total>3</total>
				<timestamp>3851.652080</timestamp>
			</report>
			<report>
				<misses>154100000</misses>
				<total>3</total>
				<timestamp>3854.154144</timestamp>
			</report>
			<report>
				<misses>154200000</misses>
				<total>3</total>
				<timestamp>3856.654364</timestamp>
			</report>
			<report>
				<misses>154300000</misses>
				<total>3</total>
				<timestamp>3859.154648</timestamp>
			</report>
			<report>
				<misses>154400000</misses>
				<total>3</total>
				<timestamp>3861.656046</timestamp>
			</report>
			<report>
				<misses>154500000</misses>
				<total>3</total>
				<timestamp>3864.156595</timestamp>
			</report>
			<report>
				<misses>154600000</misses>
				<total>3</total>
				<timestamp>3866.658238</timestamp>
			</report>
			<report>
				<misses>154700000</misses>
				<total>3</total>
				<timestamp>3869.158281</timestamp>
			</report>
			<report>
				<misses>154800000</misses>
				<total>3</total>
				<timestamp>3871.658367</timestamp>
			</report>
			<report>
				<misses>154900000</misses>
				<total>3</total>
				<timestamp>3874.158786</timestamp>
			</report>
			<report>
				<misses>155000000</misses>
				<total>3</total>
				<timestamp>3876.659067</timestamp>
			</report>
			<report>
				<misses>155100000</misses>
				<total>3</total>
				<timestamp>3879.159141</timestamp>
			</report>
			<report>
				<misses>155200000</misses>
				<total>3</total>
				<timestamp>3881.659182</timestamp>
			</report>
			<report>
				<misses>155300000</misses>
				<total>3</total>
				<timestamp>3884.159227</timestamp>
			</report>
			<report>
				<misses>155400000</misses>
				<total>3</total>
				<timestamp>3886.660055</timestamp>
			</report>
			<report>
				<misses>155500000</misses>
				<total>3</total>
				<timestamp>3889.160182</timestamp>
			</report>
			<report>
				<misses>155600000</misses>
				<total>3</total>
				<timestamp>3891.661253</timestamp>
			</report>
			<report>
				<misses>155700000</misses>
				<total>3</total>
				<timestamp>3894.162740</timestamp>
			</report>
			<report>
				<misses>155800000</misses>
				<total>3</total>
				<timestamp>3896.663602</timestamp>
			</report>
			<report>
				<misses>155900000</misses>
				<total>3</total>
				<timestamp>3899.163873</timestamp>
			</report>
			<report>
				<misses>156000000</misses>
				<total>3</total>
				<timestamp>3901.664725</timestamp>
			</report>
			<report>
				<misses>156100000</misses>
				<total>3</total>
				<timestamp>3904.167610</timestamp>
			</report>
			<report>
				<misses>156200000</misses>
				<total>3</total>
				<timestamp>3906.670027</timestamp>
			</report>
			<report>
				<misses>156300000</misses>
				<total>3</total>
				<timestamp>3909.172514</timestamp>
			</report>
			<report>
				<misses>156400000</misses>
				<total>3</total>
				<timestamp>3911.676703</timestamp>
			</report>
			<report>
				<misses>156500000</misses>
				<total>3</total>
				<timestamp>3914.177178</timestamp>
			</report>
			<report>
				<misses>156600000</misses>
				<total>3</total>
				<timestamp>3916.678361</timestamp>
			</report>
			<report>
				<misses>156700000</misses>
				<total>3</total>
				<timestamp>3919.180776</timestamp>
			</report>
			<report>
				<misses>156800000</misses>
				<total>3</total>
				<timestamp>3921.684208</timestamp>
			</report>
			<report>
				<misses>156900000</misses>
				<total>3</total>
				<timestamp>3924.188111</timestamp>
			</report>
			<report>
				<misses>157000000</misses>
				<total>3</total>
				<timestamp>3926.690622</timestamp>
			</report>
			<report>
				<misses>157100000</misses>
				<total>3</total>
				<timestamp>3929.192147</timestamp>
			</report>
			<report>
				<misses>157200000</misses>
				<total>3</total>
				<timestamp>3931.694835</timestamp>
			</report>
			<report>
				<misses>157300000</misses>
				<total>3</total>
				<timestamp>3934.196172</timestamp>
			</report>
			<report>
				<misses>157400000</misses>
				<total>3</total>
				<timestamp>3936.696901</timestamp>
			</report>
			<report>
				<misses>157500000</misses>
				<total>3</total>
				<timestamp>3939.197302</timestamp>
			</report>
			<report>
				<misses>157600000</misses>
				<total>3</total>
				<timestamp>3941.698063</timestamp>
			</report>
			<report>
				<misses>157700000</misses>
				<total>3</total>
				<timestamp>3944.199493</timestamp>
			</report>
			<report>
				<misses>157800000</misses>
				<total>3</total>
				<timestamp>3946.699626</timestamp>
			</report>
			<report>
				<misses>157900000</misses>
				<total>3</total>
				<timestamp>3949.200070</timestamp>
			</report>
			<report>
				<misses>158000000</misses>
				<total>3</total>
				<timestamp>3951.701074</timestamp>
			</report>
			<report>
				<misses>158100000</misses>
				<total>3</total>
				<timestamp>3954.203271</timestamp>
			</report>
			<report>
				<misses>158200000</misses>
				<total>3</total>
				<timestamp>3956.705608</timestamp>
			</report>
			<report>
				<misses>158300000</misses>
				<total>3</total>
				<timestamp>3959.205647</timestamp>
			</report>
			<report>
				<misses>158400000</misses>
				<total>3</total>
				<timestamp>3961.705692</timestamp>
			</report>
			<report>
				<misses>158500000</misses>
				<total>3</total>
				<timestamp>3964.206202</timestamp>
			</report>
			<report>
				<misses>158600000</misses>
				<total>3</total>
				<timestamp>3966.706844</timestamp>
			</report>
			<report>
				<misses>158700000</misses>
				<total>3</total>
				<timestamp>3969.207452</timestamp>
			</report>
			<report>
				<misses>158800000</misses>
				<total>3</total>
				<timestamp>3971.709052</timestamp>
			</report>
			<report>
				<misses>158900000</misses>
				<total>3</total>
				<timestamp>3974.211121</timestamp>
			</report>
			<report>
				<misses>159000000</misses>
				<total>3</total>
				<timestamp>3976.712892</timestamp>
			</report>
			<report>
				<misses>159100000</misses>
				<total>3</total>
				<timestamp>3979.214945</timestamp>
			</report>
			<report>
				<misses>159200000</misses>
				<total>3</total>
				<timestamp>3981.716875</timestamp>
			</report>
			<report>
				<misses>159300000</misses>
				<total>3</total>
				<timestamp>3984.217556</timestamp>
			</report>
			<report>
				<misses>159400000</misses>
				<total>3</total>
				<timestamp>3986.718770</timestamp>
			</report>
			<report>
				<misses>159500000</misses>
				<total>3</total>
				<timestamp>3989.220946</timestamp>
			</report>
			<report>
				<misses>159600000</misses>
				<total>3</total>
				<timestamp>3991.721376</timestamp>
			</report>
			<report>
				<misses>159700000</misses>
				<total>3</total>
				<timestamp>3994.221424</timestamp>
			</report>
			<report>
				<misses>159800000</misses>
				<total>3</total>
				<timestamp>3996.722367</timestamp>
			</report>
			<report>
				<misses>159900000</misses>
				<total>3</total>
				<timestamp>3999.224380</timestamp>
			</report>
			<report>
				<misses>160000000</misses>
				<total>3</total>
				<timestamp>4001.724550</timestamp>
			</report>
			<report>
				<misses>160100000</misses>
				<total>3</total>
				<timestamp>4004.224976</timestamp>
			</report>
			<report>
				<misses>160200000</misses>
				<total>3</total>
				<timestamp>4006.727689</timestamp>
			</report>
			<report>
				<misses>160300000</misses>
				<total>3</total>
				<timestamp>4009.227936</timestamp>
			</report>
			<report>
				<misses>160400000</misses>
				<total>3</total>
				<timestamp>4011.728017</timestamp>
			</report>
			<report>
				<misses>160500000</misses>
				<total>3</total>
				<timestamp>4014.228153</timestamp>
			</report>
			<report>
				<misses>160600000</misses>
				<total>3</total>
				<timestamp>4016.728619</timestamp>
			</report>
			<report>
				<misses>160700000</misses>
				<total>3</total>
				<timestamp>4019.229149</timestamp>
			</report>
			<report>
				<misses>160800000</misses>
				<total>3</total>
				<timestamp>4021.729289</timestamp>
			</report>
			<report>
				<misses>160900000</misses>
				<total>3</total>
				<timestamp>4024.230759</timestamp>
			</report>
			<report>
				<misses>161000000</misses>
				<total>3</total>
				<timestamp>4026.732960</timestamp>
			</report>
			<report>
				<misses>161100000</misses>
				<total>3</total>
				<timestamp>4029.233839</timestamp>
			</report>
			<report>
				<misses>161200000</misses>
				<total>3</total>
				<timestamp>4031.734842</timestamp>
			</report>
			<report>
				<misses>161300000</misses>
				<total>3</total>
				<timestamp>4034.236208</timestamp>
			</report>
			<report>
				<misses>161400000</misses>
				<total>3</total>
				<timestamp>4036.736999</timestamp>
			</report>
			<report>
				<misses>161500000</misses>
				<total>3</total>
				<timestamp>4039.237203</timestamp>
			</report>
			<report>
				<misses>161600000</misses>
				<total>3</total>
				<timestamp>4041.739520</timestamp>
			</report>
			<report>
				<misses>161700000</misses>
				<total>3</total>
				<timestamp>4044.240977</timestamp>
			</report>
			<report>
				<misses>161800000</misses>
				<total>3</total>
				<timestamp>4046.741906</timestamp>
			</report>
			<report>
				<misses>161900000</misses>
				<total>3</total>
				<timestamp>4049.242155</timestamp>
			</report>
			<report>
				<misses>162000000</misses>
				<total>3</total>
				<timestamp>4051.742202</timestamp>
			</report>
			<report>
				<misses>162100000</misses>
				<total>3</total>
				<timestamp>4054.242228</timestamp>
			</report>
			<report>
				<misses>162200000</misses>
				<total>3</total>
				<timestamp>4056.742735</timestamp>
			</report>
			<report>
				<misses>162300000</misses>
				<total>3</total>
				<timestamp>4059.242942</timestamp>
			</report>
			<report>
				<misses>162400000</misses>
				<total>3</total>
				<timestamp>4061.743746</timestamp>
			</report>
			<report>
				<misses>162500000</misses>
				<total>3</total>
				<timestamp>4064.243835</timestamp>
			</report>
			<report>
				<misses>162600000</misses>
				<total>3</total>
				<timestamp>4066.744005</timestamp>
			</report>
			<report>
				<misses>162700000</misses>
				<total>3</total>
				<timestamp>4069.244227</timestamp>
			</report>
			<report>
				<misses>162800000</misses>
				<total>3</total>
				<timestamp>4071.745012</timestamp>
			</report>
			<report>
				<misses>162900000</misses>
				<total>3</total>
				<timestamp>4074.247476</timestamp>
			</report>
			<report>
				<misses>163000000</misses>
				<total>3</total>
				<timestamp>4076.750249</timestamp>
			</report>
			<report>
				<misses>163100000</misses>
				<total>3</total>
				<timestamp>4079.251653</timestamp>
			</report>
			<report>
				<misses>163200000</misses>
				<total>3</total>
				<timestamp>4081.754850</timestamp>
			</report>
			<report>
				<misses>163300000</misses>
				<total>3</total>
				<timestamp>4084.256522</timestamp>
			</report>
			<report>
				<misses>163400000</misses>
				<total>3</total>
				<timestamp>4086.757006</timestamp>
			</report>
			<report>
				<misses>163500000</misses>
				<total>3</total>
				<timestamp>4089.257016</timestamp>
			</report>
			<report>
				<misses>163600000</misses>
				<total>3</total>
				<timestamp>4091.757131</timestamp>
			</report>
			<report>
				<misses>163700000</misses>
				<total>3</total>
				<timestamp>4094.257177</timestamp>
			</report>
			<report>
				<misses>163800000</misses>
				<total>3</total>
				<timestamp>4096.758518</timestamp>
			</report>
			<report>
				<misses>163900000</misses>
				<total>3</total>
				<timestamp>4099.259687</timestamp>
			</report>
			<report>
				<misses>164000000</misses>
				<total>3</total>
				<timestamp>4101.760506</timestamp>
			</report>
			<report>
				<misses>164100000</misses>
				<total>3</total>
				<timestamp>4104.261255</timestamp>
			</report>
			<report>
				<misses>164200000</misses>
				<total>3</total>
				<timestamp>4106.761373</timestamp>
			</report>
			<report>
				<misses>164300000</misses>
				<total>3</total>
				<timestamp>4109.261573</timestamp>
			</report>
			<report>
				<misses>164400000</misses>
				<total>3</total>
				<timestamp>4111.761777</timestamp>
			</report>
			<report>
				<misses>164500000</misses>
				<total>3</total>
				<timestamp>4114.264119</timestamp>
			</report>
			<report>
				<misses>164600000</misses>
				<total>3</total>
				<timestamp>4116.766472</timestamp>
			</report>
			<report>
				<misses>164700000</misses>
				<total>3</total>
				<timestamp>4119.266616</timestamp>
			</report>
			<report>
				<misses>164800000</misses>
				<total>3</total>
				<timestamp>4121.767318</timestamp>
			</report>
			<report>
				<misses>164900000</misses>
				<total>3</total>
				<timestamp>4124.267340</timestamp>
			</report>
			<report>
				<misses>165000000</misses>
				<total>3</total>
				<timestamp>4126.767626</timestamp>
			</report>
			<report>
				<misses>165100000</misses>
				<total>3</total>
				<timestamp>4129.269790</timestamp>
			</report>
			<report>
				<misses>165200000</misses>
				<total>3</total>
				<timestamp>4131.771389</timestamp>
			</report>
			<report>
				<misses>165300000</misses>
				<total>3</total>
				<timestamp>4134.273947</timestamp>
			</report>
			<report>
				<misses>165400000</misses>
				<total>3</total>
				<timestamp>4136.776480</timestamp>
			</report>
			<report>
				<misses>165500000</misses>
				<total>3</total>
				<timestamp>4139.277682</timestamp>
			</report>
			<report>
				<misses>165600000</misses>
				<total>3</total>
				<timestamp>4141.777756</timestamp>
			</report>
			<report>
				<misses>165700000</misses>
				<total>3</total>
				<timestamp>4144.277767</timestamp>
			</report>
			<report>
				<misses>165800000</misses>
				<total>3</total>
				<timestamp>4146.777773</timestamp>
			</report>
			<report>
				<misses>165900000</misses>
				<total>3</total>
				<timestamp>4149.277925</timestamp>
			</report>
			<report>
				<misses>166000000</misses>
				<total>3</total>
				<timestamp>4151.778573</timestamp>
			</report>
			<report>
				<misses>166100000</misses>
				<total>3</total>
				<timestamp>4154.279118</timestamp>
			</report>
			<report>
				<misses>166200000</misses>
				<total>3</total>
				<timestamp>4156.780437</timestamp>
			</report>
			<report>
				<misses>166300000</misses>
				<total>3</total>
				<timestamp>4159.283147</timestamp>
			</report>
			<report>
				<misses>166400000</misses>
				<total>3</total>
				<timestamp>4161.785063</timestamp>
			</report>
			<report>
				<misses>166500000</misses>
				<total>3</total>
				<timestamp>4164.287271</timestamp>
			</report>
			<report>
				<misses>166600000</misses>
				<total>3</total>
				<timestamp>4166.789279</timestamp>
			</report>
			<report>
				<misses>166700000</misses>
				<total>3</total>
				<timestamp>4169.290616</timestamp>
			</report>
			<report>
				<misses>166800000</misses>
				<total>3</total>
				<timestamp>4171.791059</timestamp>
			</report>
			<report>
				<misses>166900000</misses>
				<total>3</total>
				<timestamp>4174.291112</timestamp>
			</report>
			<report>
				<misses>167000000</misses>
				<total>3</total>
				<timestamp>4176.792240</timestamp>
			</report>
			<report>
				<misses>167100000</misses>
				<total>3</total>
				<timestamp>4179.295528</timestamp>
			</report>
			<report>
				<misses>167200000</misses>
				<total>3</total>
				<timestamp>4181.797911</timestamp>
			</report>
			<report>
				<misses>167300000</misses>
				<total>3</total>
				<timestamp>4184.300794</timestamp>
			</report>
			<report>
				<misses>167400000</misses>
				<total>3</total>
				<timestamp>4186.804203</timestamp>
			</report>
			<report>
				<misses>167500000</misses>
				<total>3</total>
				<timestamp>4189.305830</timestamp>
			</report>
			<report>
				<misses>167600000</misses>
				<total>3</total>
				<timestamp>4191.806817</timestamp>
			</report>
			<report>
				<misses>167700000</misses>
				<total>3</total>
				<timestamp>4194.307089</timestamp>
			</report>
			<report>
				<misses>167800000</misses>
				<total>3</total>
				<timestamp>4196.807823</timestamp>
			</report>
			<report>
				<misses>167900000</misses>
				<total>3</total>
				<timestamp>4199.308870</timestamp>
			</report>
			<report>
				<misses>168000000</misses>
				<total>3</total>
				<timestamp>4201.809198</timestamp>
			</report>
			<report>
				<misses>168100000</misses>
				<total>3</total>
				<timestamp>4204.309617</timestamp>
			</report>
			<report>
				<misses>168200000</misses>
				<total>3</total>
				<timestamp>4206.810181</timestamp>
			</report>
			<report>
				<misses>168300000</misses>
				<total>3</total>
				<timestamp>4209.310256</timestamp>
			</report>
			<report>
				<misses>168400000</misses>
				<total>3</total>
				<timestamp>4211.810328</timestamp>
			</report>
			<report>
				<misses>168500000</misses>
				<total>3</total>
				<timestamp>4214.311277</timestamp>
			</report>
			<report>
				<misses>168600000</misses>
				<total>3</total>
				<timestamp>4216.812900</timestamp>
			</report>
			<report>
				<misses>168700000</misses>
				<total>3</total>
				<timestamp>4219.314625</timestamp>
			</report>
			<report>
				<misses>168800000</misses>
				<total>3</total>
				<timestamp>4221.815094</timestamp>
			</report>
			<report>
				<misses>168900000</misses>
				<total>3</total>
				<timestamp>4224.315146</timestamp>
			</report>
			<report>
				<misses>169000000</misses>
				<total>3</total>
				<timestamp>4226.817270</timestamp>
			</report>
			<report>
				<misses>169100000</misses>
				<total>3</total>
				<timestamp>4229.317459</timestamp>
			</report>
			<report>
				<misses>169200000</misses>
				<total>3</total>
				<timestamp>4231.817819</timestamp>
			</report>
			<report>
				<misses>169300000</misses>
				<total>3</total>
				<timestamp>4234.319373</timestamp>
			</report>
			<report>
				<misses>169400000</misses>
				<total>3</total>
				<timestamp>4236.820771</timestamp>
			</report>
			<report>
				<misses>169500000</misses>
				<total>3</total>
				<timestamp>4239.322548</timestamp>
			</report>
			<report>
				<misses>169600000</misses>
				<total>3</total>
				<timestamp>4241.823051</timestamp>
			</report>
			<report>
				<misses>169700000</misses>
				<total>3</total>
				<timestamp>4244.323411</timestamp>
			</report>
			<report>
				<misses>169800000</misses>
				<total>3</total>
				<timestamp>4246.823587</timestamp>
			</report>
			<report>
				<misses>169900000</misses>
				<total>3</total>
				<timestamp>4249.323768</timestamp>
			</report>
			<report>
				<misses>170000000</misses>
				<total>3</total>
				<timestamp>4251.823779</timestamp>
			</report>
			<report>
				<misses>170100000</misses>
				<total>3</total>
				<timestamp>4254.324288</timestamp>
			</report>
			<report>
				<misses>170200000</misses>
				<total>3</total>
				<timestamp>4256.825256</timestamp>
			</report>
			<report>
				<misses>170300000</misses>
				<total>3</total>
				<timestamp>4259.326257</timestamp>
			</report>
			<report>
				<misses>170400000</misses>
				<total>3</total>
				<timestamp>4261.827065</timestamp>
			</report>
			<report>
				<misses>170500000</misses>
				<total>3</total>
				<timestamp>4264.328024</timestamp>
			</report>
			<report>
				<misses>170600000</misses>
				<total>3</total>
				<timestamp>4266.831407</timestamp>
			</report>
			<report>
				<misses>170700000</misses>
				<total>3</total>
				<timestamp>4269.334440</timestamp>
			</report>
			<report>
				<misses>170800000</misses>
				<total>3</total>
				<timestamp>4271.834710</timestamp>
			</report>
			<report>
				<misses>170900000</misses>
				<total>3</total>
				<timestamp>4274.334748</timestamp>
			</report>
			<report>
				<misses>171000000</misses>
				<total>3</total>
				<timestamp>4276.834842</timestamp>
			</report>
			<report>
				<misses>171100000</misses>
				<total>3</total>
				<timestamp>4279.335106</timestamp>
			</report>
			<report>
				<misses>171200000</misses>
				<total>3</total>
				<timestamp>4281.835423</timestamp>
			</report>
			<report>
				<misses>171300000</misses>
				<total>3</total>
				<timestamp>4284.335770</timestamp>
			</report>
			<report>
				<misses>171400000</misses>
				<total>3</total>
				<timestamp>4286.836294</timestamp>
			</report>
			<report>
				<misses>171500000</misses>
				<total>3</total>
				<timestamp>4289.336526</timestamp>
			</report>
			<report>
				<misses>171600000</misses>
				<total>3</total>
				<timestamp>4291.836982</timestamp>
			</report>
			<report>
				<misses>171700000</misses>
				<total>3</total>
				<timestamp>4294.336999</timestamp>
			</report>
			<report>
				<misses>171800000</misses>
				<total>3</total>
				<timestamp>4296.837074</timestamp>
			</report>
			<report>
				<misses>171900000</misses>
				<total>3</total>
				<timestamp>4299.338435</timestamp>
			</report>
			<report>
				<misses>172000000</misses>
				<total>3</total>
				<timestamp>4301.840274</timestamp>
			</report>
			<report>
				<misses>172100000</misses>
				<total>3</total>
				<timestamp>4304.342587</timestamp>
			</report>
			<report>
				<misses>172200000</misses>
				<total>3</total>
				<timestamp>4306.844008</timestamp>
			</report>
			<report>
				<misses>172300000</misses>
				<total>3</total>
				<timestamp>4309.344129</timestamp>
			</report>
			<report>
				<misses>172400000</misses>
				<total>3</total>
				<timestamp>4311.844487</timestamp>
			</report>
			<report>
				<misses>172500000</misses>
				<total>3</total>
				<timestamp>4314.346337</timestamp>
			</report>
			<report>
				<misses>172600000</misses>
				<total>3</total>
				<timestamp>4316.847902</timestamp>
			</report>
			<report>
				<misses>172700000</misses>
				<total>3</total>
				<timestamp>4319.350314</timestamp>
			</report>
			<report>
				<misses>172800000</misses>
				<total>3</total>
				<timestamp>4321.850874</timestamp>
			</report>
			<report>
				<misses>172900000</misses>
				<total>3</total>
				<timestamp>4324.351598</timestamp>
			</report>
			<report>
				<misses>173000000</misses>
				<total>3</total>
				<timestamp>4326.852443</timestamp>
			</report>
			<report>
				<misses>173100000</misses>
				<total>3</total>
				<timestamp>4329.352743</timestamp>
			</report>
			<report>
				<misses>173200000</misses>
				<total>3</total>
				<timestamp>4331.853767</timestamp>
			</report>
			<report>
				<misses>173300000</misses>
				<total>3</total>
				<timestamp>4334.354516</timestamp>
			</report>
			<report>
				<misses>173400000</misses>
				<total>3</total>
				<timestamp>4336.854973</timestamp>
			</report>
			<report>
				<misses>173500000</misses>
				<total>3</total>
				<timestamp>4339.355524</timestamp>
			</report>
			<report>
				<misses>173600000</misses>
				<total>3</total>
				<timestamp>4341.855726</timestamp>
			</report>
			<report>
				<misses>173700000</misses>
				<total>3</total>
				<timestamp>4344.355810</timestamp>
			</report>
			<report>
				<misses>173800000</misses>
				<total>3</total>
				<timestamp>4346.855860</timestamp>
			</report>
			<report>
				<misses>173900000</misses>
				<total>3</total>
				<timestamp>4349.357035</timestamp>
			</report>
			<report>
				<misses>174000000</misses>
				<total>3</total>
				<timestamp>4351.857704</timestamp>
			</report>
			<report>
				<misses>174100000</misses>
				<total>3</total>
				<timestamp>4354.359057</timestamp>
			</report>
			<report>
				<misses>174200000</misses>
				<total>3</total>
				<timestamp>4356.860655</timestamp>
			</report>
			<report>
				<misses>174300000</misses>
				<total>3</total>
				<timestamp>4359.361319</timestamp>
			</report>
			<report>
				<misses>174400000</misses>
				<total>3</total>
				<timestamp>4361.863729</timestamp>
			</report>
			<report>
				<misses>174500000</misses>
				<total>3</total>
				<timestamp>4364.365299</timestamp>
			</report>
			<report>
				<misses>174600000</misses>
				<total>3</total>
				<timestamp>4366.865320</timestamp>
			</report>
			<report>
				<misses>174700000</misses>
				<total>3</total>
				<timestamp>4369.365374</timestamp>
			</report>
			<report>
				<misses>174800000</misses>
				<total>3</total>
				<timestamp>4371.865588</timestamp>
			</report>
			<report>
				<misses>174900000</misses>
				<total>3</total>
				<timestamp>4374.365668</timestamp>
			</report>
			<report>
				<misses>175000000</misses>
				<total>3</total>
				<timestamp>4376.865790</timestamp>
			</report>
			<report>
				<misses>175100000</misses>
				<total>3</total>
				<timestamp>4379.369003</timestamp>
			</report>
			<report>
				<misses>175200000</misses>
				<total>3</total>
				<timestamp>4381.870421</timestamp>
			</report>
			<report>
				<misses>175300000</misses>
				<total>3</total>
				<timestamp>4384.370634</timestamp>
			</report>
			<report>
				<misses>175400000</misses>
				<total>3</total>
				<timestamp>4386.870761</timestamp>
			</report>
			<report>
				<misses>175500000</misses>
				<total>3</total>
				<timestamp>4389.372253</timestamp>
			</report>
			<report>
				<misses>175600000</misses>
				<total>3</total>
				<timestamp>4391.873748</timestamp>
			</report>
			<report>
				<misses>175700000</misses>
				<total>3</total>
				<timestamp>4394.374959</timestamp>
			</report>
			<report>
				<misses>175800000</misses>
				<total>3</total>
				<timestamp>4396.875669</timestamp>
			</report>
			<report>
				<misses>175900000</misses>
				<total>3</total>
				<timestamp>4399.378939</timestamp>
			</report>
			<report>
				<misses>176000000</misses>
				<total>3</total>
				<timestamp>4401.882179</timestamp>
			</report>
			<report>
				<misses>176100000</misses>
				<total>3</total>
				<timestamp>4404.383678</timestamp>
			</report>
			<report>
				<misses>176200000</misses>
				<total>3</total>
				<timestamp>4406.885503</timestamp>
			</report>
			<report>
				<misses>176300000</misses>
				<total>3</total>
				<timestamp>4409.387446</timestamp>
			</report>
			<report>
				<misses>176400000</misses>
				<total>3</total>
				<timestamp>4411.891631</timestamp>
			</report>
			<report>
				<misses>176500000</misses>
				<total>3</total>
				<timestamp>4414.392978</timestamp>
			</report>
			<report>
				<misses>176600000</misses>
				<total>3</total>
				<timestamp>4416.892991</timestamp>
			</report>
			<report>
				<misses>176700000</misses>
				<total>3</total>
				<timestamp>4419.393077</timestamp>
			</report>
			<report>
				<misses>176800000</misses>
				<total>3</total>
				<timestamp>4421.894203</timestamp>
			</report>
			<report>
				<misses>176900000</misses>
				<total>3</total>
				<timestamp>4424.396067</timestamp>
			</report>
			<report>
				<misses>177000000</misses>
				<total>3</total>
				<timestamp>4426.896101</timestamp>
			</report>
			<report>
				<misses>177100000</misses>
				<total>3</total>
				<timestamp>4429.396797</timestamp>
			</report>
			<report>
				<misses>177200000</misses>
				<total>3</total>
				<timestamp>4431.898904</timestamp>
			</report>
			<report>
				<misses>177300000</misses>
				<total>3</total>
				<timestamp>4434.398921</timestamp>
			</report>
			<report>
				<misses>177400000</misses>
				<total>3</total>
				<timestamp>4436.899793</timestamp>
			</report>
			<report>
				<misses>177500000</misses>
				<total>3</total>
				<timestamp>4439.399866</timestamp>
			</report>
			<report>
				<misses>177600000</misses>
				<total>3</total>
				<timestamp>4441.899872</timestamp>
			</report>
			<report>
				<misses>177700000</misses>
				<total>3</total>
				<timestamp>4444.399982</timestamp>
			</report>
			<report>
				<misses>177800000</misses>
				<total>3</total>
				<timestamp>4446.900881</timestamp>
			</report>
			<report>
				<misses>177900000</misses>
				<total>3</total>
				<timestamp>4449.402585</timestamp>
			</report>
			<report>
				<misses>178000000</misses>
				<total>3</total>
				<timestamp>4451.904890</timestamp>
			</report>
			<report>
				<misses>178100000</misses>
				<total>3</total>
				<timestamp>4454.407177</timestamp>
			</report>
			<report>
				<misses>178200000</misses>
				<total>3</total>
				<timestamp>4456.908362</timestamp>
			</report>
			<report>
				<misses>178300000</misses>
				<total>3</total>
				<timestamp>4459.408718</timestamp>
			</report>
			<report>
				<misses>178400000</misses>
				<total>3</total>
				<timestamp>4461.908925</timestamp>
			</report>
			<report>
				<misses>178500000</misses>
				<total>3</total>
				<timestamp>4464.409672</timestamp>
			</report>
			<report>
				<misses>178600000</misses>
				<total>3</total>
				<timestamp>4466.911649</timestamp>
			</report>
			<report>
				<misses>178700000</misses>
				<total>3</total>
				<timestamp>4469.412666</timestamp>
			</report>
			<report>
				<misses>178800000</misses>
				<total>3</total>
				<timestamp>4471.914495</timestamp>
			</report>
			<report>
				<misses>178900000</misses>
				<total>3</total>
				<timestamp>4474.416863</timestamp>
			</report>
			<report>
				<misses>179000000</misses>
				<total>3</total>
				<timestamp>4476.918415</timestamp>
			</report>
			<report>
				<misses>179100000</misses>
				<total>3</total>
				<timestamp>4479.419232</timestamp>
			</report>
			<report>
				<misses>179200000</misses>
				<total>3</total>
				<timestamp>4481.920690</timestamp>
			</report>
			<report>
				<misses>179300000</misses>
				<total>3</total>
				<timestamp>4484.421444</timestamp>
			</report>
			<report>
				<misses>179400000</misses>
				<total>3</total>
				<timestamp>4486.921721</timestamp>
			</report>
			<report>
				<misses>179500000</misses>
				<total>3</total>
				<timestamp>4489.423244</timestamp>
			</report>
			<report>
				<misses>179600000</misses>
				<total>3</total>
				<timestamp>4491.923257</timestamp>
			</report>
			<report>
				<misses>179700000</misses>
				<total>3</total>
				<timestamp>4494.423316</timestamp>
			</report>
			<report>
				<misses>179800000</misses>
				<total>3</total>
				<timestamp>4496.923369</timestamp>
			</report>
			<report>
				<misses>179900000</misses>
				<total>3</total>
				<timestamp>4499.423612</timestamp>
			</report>
			<report>
				<misses>180000000</misses>
				<total>3</total>
				<timestamp>4501.926078</timestamp>
			</report>
			<report>
				<misses>180100000</misses>
				<total>3</total>
				<timestamp>4504.426284</timestamp>
			</report>
			<report>
				<misses>180200000</misses>
				<total>3</total>
				<timestamp>4506.926643</timestamp>
			</report>
			<report>
				<misses>180300000</misses>
				<total>3</total>
				<timestamp>4509.427404</timestamp>
			</report>
			<report>
				<misses>180400000</misses>
				<total>3</total>
				<timestamp>4511.927426</timestamp>
			</report>
			<report>
				<misses>180500000</misses>
				<total>3</total>
				<timestamp>4514.427601</timestamp>
			</report>
			<report>
				<misses>180600000</misses>
				<total>3</total>
				<timestamp>4516.928402</timestamp>
			</report>
			<report>
				<misses>180700000</misses>
				<total>3</total>
				<timestamp>4519.430270</timestamp>
			</report>
			<report>
				<misses>180800000</misses>
				<total>3</total>
				<timestamp>4521.932450</timestamp>
			</report>
			<report>
				<misses>180900000</misses>
				<total>3</total>
				<timestamp>4524.434355</timestamp>
			</report>
			<report>
				<misses>181000000</misses>
				<total>3</total>
				<timestamp>4526.935367</timestamp>
			</report>
			<report>
				<misses>181100000</misses>
				<total>3</total>
				<timestamp>4529.435792</timestamp>
			</report>
			<report>
				<misses>181200000</misses>
				<total>3</total>
				<timestamp>4531.935902</timestamp>
			</report>
			<report>
				<misses>181300000</misses>
				<total>3</total>
				<timestamp>4534.438171</timestamp>
			</report>
			<report>
				<misses>181400000</misses>
				<total>3</total>
				<timestamp>4536.940397</timestamp>
			</report>
			<report>
				<misses>181500000</misses>
				<total>3</total>
				<timestamp>4539.441396</timestamp>
			</report>
			<report>
				<misses>181600000</misses>
				<total>3</total>
				<timestamp>4541.942834</timestamp>
			</report>
			<report>
				<misses>181700000</misses>
				<total>3</total>
				<timestamp>4544.443596</timestamp>
			</report>
			<report>
				<misses>181800000</misses>
				<total>3</total>
				<timestamp>4546.945880</timestamp>
			</report>
			<report>
				<misses>181900000</misses>
				<total>3</total>
				<timestamp>4549.447910</timestamp>
			</report>
			<report>
				<misses>182000000</misses>
				<total>3</total>
				<timestamp>4551.949544</timestamp>
			</report>
			<report>
				<misses>182100000</misses>
				<total>3</total>
				<timestamp>4554.453378</timestamp>
			</report>
			<report>
				<misses>182200000</misses>
				<total>3</total>
				<timestamp>4556.953966</timestamp>
			</report>
			<report>
				<misses>182300000</misses>
				<total>3</total>
				<timestamp>4559.454113</timestamp>
			</report>
			<report>
				<misses>182400000</misses>
				<total>3</total>
				<timestamp>4561.954454</timestamp>
			</report>
			<report>
				<misses>182500000</misses>
				<total>3</total>
				<timestamp>4564.455241</timestamp>
			</report>
			<report>
				<misses>182600000</misses>
				<total>3</total>
				<timestamp>4566.955468</timestamp>
			</report>
			<report>
				<misses>182700000</misses>
				<total>3</total>
				<timestamp>4569.455994</timestamp>
			</report>
			<report>
				<misses>182800000</misses>
				<total>3</total>
				<timestamp>4571.956477</timestamp>
			</report>
			<report>
				<misses>182900000</misses>
				<total>3</total>
				<timestamp>4574.456543</timestamp>
			</report>
			<report>
				<misses>183000000</misses>
				<total>3</total>
				<timestamp>4576.956614</timestamp>
			</report>
			<report>
				<misses>183100000</misses>
				<total>3</total>
				<timestamp>4579.456649</timestamp>
			</report>
			<report>
				<misses>183200000</misses>
				<total>3</total>
				<timestamp>4581.957412</timestamp>
			</report>
			<report>
				<misses>183300000</misses>
				<total>3</total>
				<timestamp>4584.459608</timestamp>
			</report>
			<report>
				<misses>183400000</misses>
				<total>3</total>
				<timestamp>4586.960914</timestamp>
			</report>
			<report>
				<misses>183500000</misses>
				<total>3</total>
				<timestamp>4589.461278</timestamp>
			</report>
			<report>
				<misses>183600000</misses>
				<total>3</total>
				<timestamp>4591.962269</timestamp>
			</report>
			<report>
				<misses>183700000</misses>
				<total>3</total>
				<timestamp>4594.462994</timestamp>
			</report>
			<report>
				<misses>183800000</misses>
				<total>3</total>
				<timestamp>4596.965320</timestamp>
			</report>
			<report>
				<misses>183900000</misses>
				<total>3</total>
				<timestamp>4599.467719</timestamp>
			</report>
			<report>
				<misses>184000000</misses>
				<total>3</total>
				<timestamp>4601.971439</timestamp>
			</report>
			<report>
				<misses>184100000</misses>
				<total>3</total>
				<timestamp>4604.473401</timestamp>
			</report>
			<report>
				<misses>184200000</misses>
				<total>3</total>
				<timestamp>4606.977671</timestamp>
			</report>
			<report>
				<misses>184300000</misses>
				<total>3</total>
				<timestamp>4609.478188</timestamp>
			</report>
			<report>
				<misses>184400000</misses>
				<total>3</total>
				<timestamp>4611.978269</timestamp>
			</report>
			<report>
				<misses>184500000</misses>
				<total>3</total>
				<timestamp>4614.479857</timestamp>
			</report>
			<report>
				<misses>184600000</misses>
				<total>3</total>
				<timestamp>4616.980975</timestamp>
			</report>
			<report>
				<misses>184700000</misses>
				<total>3</total>
				<timestamp>4619.481998</timestamp>
			</report>
			<report>
				<misses>184800000</misses>
				<total>3</total>
				<timestamp>4621.985802</timestamp>
			</report>
			<report>
				<misses>184900000</misses>
				<total>3</total>
				<timestamp>4624.485982</timestamp>
			</report>
			<report>
				<misses>185000000</misses>
				<total>3</total>
				<timestamp>4626.986025</timestamp>
			</report>
			<report>
				<misses>185100000</misses>
				<total>3</total>
				<timestamp>4629.486349</timestamp>
			</report>
			<report>
				<misses>185200000</misses>
				<total>3</total>
				<timestamp>4631.986808</timestamp>
			</report>
			<report>
				<misses>185300000</misses>
				<total>3</total>
				<timestamp>4634.486930</timestamp>
			</report>
			<report>
				<misses>185400000</misses>
				<total>3</total>
				<timestamp>4636.987096</timestamp>
			</report>
			<report>
				<misses>185500000</misses>
				<total>3</total>
				<timestamp>4639.488747</timestamp>
			</report>
			<report>
				<misses>185600000</misses>
				<total>3</total>
				<timestamp>4641.989336</timestamp>
			</report>
			<report>
				<misses>185700000</misses>
				<total>3</total>
				<timestamp>4644.489614</timestamp>
			</report>
			<report>
				<misses>185800000</misses>
				<total>3</total>
				<timestamp>4646.991687</timestamp>
			</report>
			<report>
				<misses>185900000</misses>
				<total>3</total>
				<timestamp>4649.492833</timestamp>
			</report>
			<report>
				<misses>186000000</misses>
				<total>3</total>
				<timestamp>4651.993191</timestamp>
			</report>
			<report>
				<misses>186100000</misses>
				<total>3</total>
				<timestamp>4654.493419</timestamp>
			</report>
			<report>
				<misses>186200000</misses>
				<total>3</total>
				<timestamp>4656.993723</timestamp>
			</report>
			<report>
				<misses>186300000</misses>
				<total>3</total>
				<timestamp>4659.494116</timestamp>
			</report>
			<report>
				<misses>186400000</misses>
				<total>3</total>
				<timestamp>4661.994546</timestamp>
			</report>
			<report>
				<misses>186500000</misses>
				<total>3</total>
				<timestamp>4664.494760</timestamp>
			</report>
			<report>
				<misses>186600000</misses>
				<total>3</total>
				<timestamp>4666.995553</timestamp>
			</report>
			<report>
				<misses>186700000</misses>
				<total>3</total>
				<timestamp>4669.497371</timestamp>
			</report>
			<report>
				<misses>186800000</misses>
				<total>3</total>
				<timestamp>4671.998802</timestamp>
			</report>
			<report>
				<misses>186900000</misses>
				<total>3</total>
				<timestamp>4674.499222</timestamp>
			</report>
			<report>
				<misses>187000000</misses>
				<total>3</total>
				<timestamp>4676.999694</timestamp>
			</report>
			<report>
				<misses>187100000</misses>
				<total>3</total>
				<timestamp>4679.499740</timestamp>
			</report>
			<report>
				<misses>187200000</misses>
				<total>3</total>
				<timestamp>4682.000065</timestamp>
			</report>
			<report>
				<misses>187300000</misses>
				<total>3</total>
				<timestamp>4684.500576</timestamp>
			</report>
			<report>
				<misses>187400000</misses>
				<total>3</total>
				<timestamp>4687.002569</timestamp>
			</report>
			<report>
				<misses>187500000</misses>
				<total>3</total>
				<timestamp>4689.504153</timestamp>
			</report>
			<report>
				<misses>187600000</misses>
				<total>3</total>
				<timestamp>4692.005604</timestamp>
			</report>
			<report>
				<misses>187700000</misses>
				<total>3</total>
				<timestamp>4694.507431</timestamp>
			</report>
			<report>
				<misses>187800000</misses>
				<total>3</total>
				<timestamp>4697.008159</timestamp>
			</report>
			<report>
				<misses>187900000</misses>
				<total>3</total>
				<timestamp>4699.508659</timestamp>
			</report>
			<report>
				<misses>188000000</misses>
				<total>3</total>
				<timestamp>4702.009071</timestamp>
			</report>
			<report>
				<misses>188100000</misses>
				<total>3</total>
				<timestamp>4704.509384</timestamp>
			</report>
			<report>
				<misses>188200000</misses>
				<total>3</total>
				<timestamp>4707.011439</timestamp>
			</report>
			<report>
				<misses>188300000</misses>
				<total>3</total>
				<timestamp>4709.512351</timestamp>
			</report>
			<report>
				<misses>188400000</misses>
				<total>3</total>
				<timestamp>4712.012508</timestamp>
			</report>
			<report>
				<misses>188500000</misses>
				<total>3</total>
				<timestamp>4714.513612</timestamp>
			</report>
			<report>
				<misses>188600000</misses>
				<total>3</total>
				<timestamp>4717.013860</timestamp>
			</report>
			<report>
				<misses>188700000</misses>
				<total>3</total>
				<timestamp>4719.514027</timestamp>
			</report>
			<report>
				<misses>188800000</misses>
				<total>4</total>
				<timestamp>4722.014651</timestamp>
			</report>
			<report>
				<misses>188900000</misses>
				<total>4</total>
				<timestamp>4724.514837</timestamp>
			</report>
			<report>
				<misses>189000000</misses>
				<total>4</total>
				<timestamp>4727.015141</timestamp>
			</report>
			<report>
				<misses>189100000</misses>
				<total>4</total>
				<timestamp>4729.515425</timestamp>
			</report>
			<report>
				<misses>189200000</misses>
				<total>4</total>
				<timestamp>4732.016728</timestamp>
			</report>
			<report>
				<misses>189300000</misses>
				<total>4</total>
				<timestamp>4734.519423</timestamp>
			</report>
			<report>
				<misses>189400000</misses>
				<total>4</total>
				<timestamp>4737.020084</timestamp>
			</report>
			<report>
				<misses>189500000</misses>
				<total>4</total>
				<timestamp>4739.520180</timestamp>
			</report>
			<report>
				<misses>189600000</misses>
				<total>4</total>
				<timestamp>4742.020243</timestamp>
			</report>
			<report>
				<misses>189700000</misses>
				<total>4</total>
				<timestamp>4744.521978</timestamp>
			</report>
			<report>
				<misses>189800000</misses>
				<total>4</total>
				<timestamp>4747.023086</timestamp>
			</report>
			<report>
				<misses>189900000</misses>
				<total>4</total>
				<timestamp>4749.523396</timestamp>
			</report>
			<report>
				<misses>190000000</misses>
				<total>4</total>
				<timestamp>4752.024693</timestamp>
			</report>
			<report>
				<misses>190100000</misses>
				<total>4</total>
				<timestamp>4754.525988</timestamp>
			</report>
			<report>
				<misses>190200000</misses>
				<total>4</total>
				<timestamp>4757.026154</timestamp>
			</report>
			<report>
				<misses>190300000</misses>
				<total>4</total>
				<timestamp>4759.526164</timestamp>
			</report>
			<report>
				<misses>190400000</misses>
				<total>4</total>
				<timestamp>4762.026497</timestamp>
			</report>
			<report>
				<misses>190500000</misses>
				<total>4</total>
				<timestamp>4764.527131</timestamp>
			</report>
			<report>
				<misses>190600000</misses>
				<total>4</total>
				<timestamp>4767.028088</timestamp>
			</report>
			<report>
				<misses>190700000</misses>
				<total>4</total>
				<timestamp>4769.529180</timestamp>
			</report>
			<report>
				<misses>190800000</misses>
				<total>4</total>
				<timestamp>4772.031478</timestamp>
			</report>
			<report>
				<misses>190900000</misses>
				<total>4</total>
				<timestamp>4774.534137</timestamp>
			</report>
			<report>
				<misses>191000000</misses>
				<total>4</total>
				<timestamp>4777.036444</timestamp>
			</report>
			<report>
				<misses>191100000</misses>
				<total>4</total>
				<timestamp>4779.536827</timestamp>
			</report>
			<report>
				<misses>191200000</misses>
				<total>4</total>
				<timestamp>4782.037054</timestamp>
			</report>
			<report>
				<misses>191300000</misses>
				<total>4</total>
				<timestamp>4784.537767</timestamp>
			</report>
			<report>
				<misses>191400000</misses>
				<total>4</total>
				<timestamp>4787.040983</timestamp>
			</report>
			<report>
				<misses>191500000</misses>
				<total>4</total>
				<timestamp>4789.543151</timestamp>
			</report>
			<report>
				<misses>191600000</misses>
				<total>4</total>
				<timestamp>4792.045017</timestamp>
			</report>
			<report>
				<misses>191700000</misses>
				<total>4</total>
				<timestamp>4794.546588</timestamp>
			</report>
			<report>
				<misses>191800000</misses>
				<total>4</total>
				<timestamp>4797.049165</timestamp>
			</report>
			<report>
				<misses>191900000</misses>
				<total>4</total>
				<timestamp>4799.549570</timestamp>
			</report>
			<report>
				<misses>192000000</misses>
				<total>4</total>
				<timestamp>4802.050290</timestamp>
			</report>
			<report>
				<misses>192100000</misses>
				<total>4</total>
				<timestamp>4804.550293</timestamp>
			</report>
			<report>
				<misses>192200000</misses>
				<total>4</total>
				<timestamp>4807.050405</timestamp>
			</report>
			<report>
				<misses>192300000</misses>
				<total>4</total>
				<timestamp>4809.551775</timestamp>
			</report>
			<report>
				<misses>192400000</misses>
				<total>4</total>
				<timestamp>4812.052862</timestamp>
			</report>
			<report>
				<misses>192500000</misses>
				<total>4</total>
				<timestamp>4814.554751</timestamp>
			</report>
			<report>
				<misses>192600000</misses>
				<total>4</total>
				<timestamp>4817.055803</timestamp>
			</report>
			<report>
				<misses>192700000</misses>
				<total>4</total>
				<timestamp>4819.557363</timestamp>
			</report>
			<report>
				<misses>192800000</misses>
				<total>4</total>
				<timestamp>4822.057783</timestamp>
			</report>
			<report>
				<misses>192900000</misses>
				<total>4</total>
				<timestamp>4824.558201</timestamp>
			</report>
			<report>
				<misses>193000000</misses>
				<total>4</total>
				<timestamp>4827.058631</timestamp>
			</report>
			<report>
				<misses>193100000</misses>
				<total>4</total>
				<timestamp>4829.559097</timestamp>
			</report>
			<report>
				<misses>193200000</misses>
				<total>4</total>
				<timestamp>4832.059413</timestamp>
			</report>
			<report>
				<misses>193300000</misses>
				<total>4</total>
				<timestamp>4834.560116</timestamp>
			</report>
			<report>
				<misses>193400000</misses>
				<total>4</total>
				<timestamp>4837.060672</timestamp>
			</report>
			<report>
				<misses>193500000</misses>
				<total>4</total>
				<timestamp>4839.560712</timestamp>
			</report>
			<report>
				<misses>193600000</misses>
				<total>4</total>
				<timestamp>4842.061006</timestamp>
			</report>
			<report>
				<misses>193700000</misses>
				<total>4</total>
				<timestamp>4844.562071</timestamp>
			</report>
			<report>
				<misses>193800000</misses>
				<total>4</total>
				<timestamp>4847.062222</timestamp>
			</report>
			<report>
				<misses>193900000</misses>
				<total>4</total>
				<timestamp>4849.562354</timestamp>
			</report>
			<report>
				<misses>194000000</misses>
				<total>4</total>
				<timestamp>4852.062853</timestamp>
			</report>
			<report>
				<misses>194100000</misses>
				<total>4</total>
				<timestamp>4854.564724</timestamp>
			</report>
			<report>
				<misses>194200000</misses>
				<total>4</total>
				<timestamp>4857.064778</timestamp>
			</report>
			<report>
				<misses>194300000</misses>
				<total>4</total>
				<timestamp>4859.564922</timestamp>
			</report>
			<report>
				<misses>194400000</misses>
				<total>4</total>
				<timestamp>4862.065919</timestamp>
			</report>
			<report>
				<misses>194500000</misses>
				<total>4</total>
				<timestamp>4864.568125</timestamp>
			</report>
			<report>
				<misses>194600000</misses>
				<total>4</total>
				<timestamp>4867.069932</timestamp>
			</report>
			<report>
				<misses>194700000</misses>
				<total>4</total>
				<timestamp>4869.570902</timestamp>
			</report>
			<report>
				<misses>194800000</misses>
				<total>4</total>
				<timestamp>4872.071851</timestamp>
			</report>
			<report>
				<misses>194900000</misses>
				<total>4</total>
				<timestamp>4874.571885</timestamp>
			</report>
			<report>
				<misses>195000000</misses>
				<total>4</total>
				<timestamp>4877.072110</timestamp>
			</report>
			<report>
				<misses>195100000</misses>
				<total>4</total>
				<timestamp>4879.572861</timestamp>
			</report>
			<report>
				<misses>195200000</misses>
				<total>4</total>
				<timestamp>4882.075301</timestamp>
			</report>
			<report>
				<misses>195300000</misses>
				<total>4</total>
				<timestamp>4884.576605</timestamp>
			</report>
			<report>
				<misses>195400000</misses>
				<total>4</total>
				<timestamp>4887.078074</timestamp>
			</report>
			<report>
				<misses>195500000</misses>
				<total>4</total>
				<timestamp>4889.578654</timestamp>
			</report>
			<report>
				<misses>195600000</misses>
				<total>4</total>
				<timestamp>4892.079891</timestamp>
			</report>
			<report>
				<misses>195700000</misses>
				<total>4</total>
				<timestamp>4894.581899</timestamp>
			</report>
			<report>
				<misses>195800000</misses>
				<total>4</total>
				<timestamp>4897.083892</timestamp>
			</report>
			<report>
				<misses>195900000</misses>
				<total>4</total>
				<timestamp>4899.584228</timestamp>
			</report>
			<report>
				<misses>196000000</misses>
				<total>4</total>
				<timestamp>4902.084951</timestamp>
			</report>
			<report>
				<misses>196100000</misses>
				<total>4</total>
				<timestamp>4904.587176</timestamp>
			</report>
			<report>
				<misses>196200000</misses>
				<total>4</total>
				<timestamp>4907.089660</timestamp>
			</report>
			<report>
				<misses>196300000</misses>
				<total>4</total>
				<timestamp>4909.591284</timestamp>
			</report>
			<report>
				<misses>196400000</misses>
				<total>4</total>
				<timestamp>4912.092852</timestamp>
			</report>
			<report>
				<misses>196500000</misses>
				<total>4</total>
				<timestamp>4914.594272</timestamp>
			</report>
			<report>
				<misses>196600000</misses>
				<total>4</total>
				<timestamp>4917.094321</timestamp>
			</report>
			<report>
				<misses>196700000</misses>
				<total>4</total>
				<timestamp>4919.594394</timestamp>
			</report>
			<report>
				<misses>196800000</misses>
				<total>4</total>
				<timestamp>4922.095961</timestamp>
			</report>
			<report>
				<misses>196900000</misses>
				<total>4</total>
				<timestamp>4924.597808</timestamp>
			</report>
			<report>
				<misses>197000000</misses>
				<total>4</total>
				<timestamp>4927.097870</timestamp>
			</report>
			<report>
				<misses>197100000</misses>
				<total>4</total>
				<timestamp>4929.598560</timestamp>
			</report>
			<report>
				<misses>197200000</misses>
				<total>4</total>
				<timestamp>4932.099848</timestamp>
			</report>
			<report>
				<misses>197300000</misses>
				<total>4</total>
				<timestamp>4934.599970</timestamp>
			</report>
			<report>
				<misses>197400000</misses>
				<total>4</total>
				<timestamp>4937.101017</timestamp>
			</report>
			<report>
				<misses>197500000</misses>
				<total>4</total>
				<timestamp>4939.601670</timestamp>
			</report>
			<report>
				<misses>197600000</misses>
				<total>4</total>
				<timestamp>4942.106798</timestamp>
			</report>
			<report>
				<misses>197700000</misses>
				<total>4</total>
				<timestamp>4944.609594</timestamp>
			</report>
			<report>
				<misses>197800000</misses>
				<total>4</total>
				<timestamp>4947.110449</timestamp>
			</report>
			<report>
				<misses>197900000</misses>
				<total>4</total>
				<timestamp>4949.610535</timestamp>
			</report>
			<report>
				<misses>198000000</misses>
				<total>4</total>
				<timestamp>4952.111216</timestamp>
			</report>
			<report>
				<misses>198100000</misses>
				<total>4</total>
				<timestamp>4954.611840</timestamp>
			</report>
			<report>
				<misses>198200000</misses>
				<total>4</total>
				<timestamp>4957.111851</timestamp>
			</report>
			<report>
				<misses>198300000</misses>
				<total>4</total>
				<timestamp>4959.612742</timestamp>
			</report>
			<report>
				<misses>198400000</misses>
				<total>4</total>
				<timestamp>4962.114071</timestamp>
			</report>
			<report>
				<misses>198500000</misses>
				<total>4</total>
				<timestamp>4964.615841</timestamp>
			</report>
			<report>
				<misses>198600000</misses>
				<total>4</total>
				<timestamp>4967.116187</timestamp>
			</report>
			<report>
				<misses>198700000</misses>
				<total>4</total>
				<timestamp>4969.616242</timestamp>
			</report>
			<report>
				<misses>198800000</misses>
				<total>4</total>
				<timestamp>4972.117298</timestamp>
			</report>
			<report>
				<misses>198900000</misses>
				<total>4</total>
				<timestamp>4974.619336</timestamp>
			</report>
			<report>
				<misses>199000000</misses>
				<total>4</total>
				<timestamp>4977.121258</timestamp>
			</report>
			<report>
				<misses>199100000</misses>
				<total>4</total>
				<timestamp>4979.622777</timestamp>
			</report>
			<report>
				<misses>199200000</misses>
				<total>4</total>
				<timestamp>4982.124477</timestamp>
			</report>
			<report>
				<misses>199300000</misses>
				<total>4</total>
				<timestamp>4984.625340</timestamp>
			</report>
			<report>
				<misses>199400000</misses>
				<total>4</total>
				<timestamp>4987.129497</timestamp>
			</report>
			<report>
				<misses>199500000</misses>
				<total>4</total>
				<timestamp>4989.632072</timestamp>
			</report>
			<report>
				<misses>199600000</misses>
				<total>4</total>
				<timestamp>4992.132478</timestamp>
			</report>
			<report>
				<misses>199700000</misses>
				<total>4</total>
				<timestamp>4994.632549</timestamp>
			</report>
			<report>
				<misses>199800000</misses>
				<total>4</total>
				<timestamp>4997.132605</timestamp>
			</report>
			<report>
				<misses>199900000</misses>
				<total>4</total>
				<timestamp>4999.632809</timestamp>
			</report>
			<report>
				<misses>200000000</misses>
				<total>4</total>
				<timestamp>5002.133725</timestamp>
			</report>
			<report>
				<misses>200100000</misses>
				<total>4</total>
				<timestamp>5004.634175</timestamp>
			</report>
			<report>
				<misses>200200000</misses>
				<total>4</total>
				<timestamp>5007.134475</timestamp>
			</report>
			<report>
				<misses>200300000</misses>
				<total>4</total>
				<timestamp>5009.634542</timestamp>
			</report>
			<report>
				<misses>200400000</misses>
				<total>4</total>
				<timestamp>5012.134554</timestamp>
			</report>
			<report>
				<misses>200500000</misses>
				<total>4</total>
				<timestamp>5014.634955</timestamp>
			</report>
			<report>
				<misses>200600000</misses>
				<total>4</total>
				<timestamp>5017.136773</timestamp>
			</report>
			<report>
				<misses>200700000</misses>
				<total>4</total>
				<timestamp>5019.636888</timestamp>
			</report>
			<report>
				<misses>200800000</misses>
				<total>4</total>
				<timestamp>5022.138560</timestamp>
			</report>
			<report>
				<misses>200900000</misses>
				<total>4</total>
				<timestamp>5024.639244</timestamp>
			</report>
			<report>
				<misses>201000000</misses>
				<total>4</total>
				<timestamp>5027.139964</timestamp>
			</report>
			<report>
				<misses>201100000</misses>
				<total>4</total>
				<timestamp>5029.641770</timestamp>
			</report>
			<report>
				<misses>201200000</misses>
				<total>4</total>
				<timestamp>5032.142066</timestamp>
			</report>
			<report>
				<misses>201300000</misses>
				<total>4</total>
				<timestamp>5034.642180</timestamp>
			</report>
			<report>
				<misses>201400000</misses>
				<total>4</total>
				<timestamp>5037.144413</timestamp>
			</report>
			<report>
				<misses>201500000</misses>
				<total>4</total>
				<timestamp>5039.645831</timestamp>
			</report>
			<report>
				<misses>201600000</misses>
				<total>4</total>
				<timestamp>5042.147767</timestamp>
			</report>
			<report>
				<misses>201700000</misses>
				<total>4</total>
				<timestamp>5044.649856</timestamp>
			</report>
			<report>
				<misses>201800000</misses>
				<total>4</total>
				<timestamp>5047.150358</timestamp>
			</report>
			<report>
				<misses>201900000</misses>
				<total>4</total>
				<timestamp>5049.650942</timestamp>
			</report>
			<report>
				<misses>202000000</misses>
				<total>4</total>
				<timestamp>5052.152779</timestamp>
			</report>
			<report>
				<misses>202100000</misses>
				<total>4</total>
				<timestamp>5054.653171</timestamp>
			</report>
			<report>
				<misses>202200000</misses>
				<total>4</total>
				<timestamp>5057.153490</timestamp>
			</report>
			<report>
				<misses>202300000</misses>
				<total>4</total>
				<timestamp>5059.653524</timestamp>
			</report>
			<report>
				<misses>202400000</misses>
				<total>4</total>
				<timestamp>5062.153540</timestamp>
			</report>
			<report>
				<misses>202500000</misses>
				<total>4</total>
				<timestamp>5064.653923</timestamp>
			</report>
			<report>
				<misses>202600000</misses>
				<total>4</total>
				<timestamp>5067.154017</timestamp>
			</report>
			<report>
				<misses>202700000</misses>
				<total>4</total>
				<timestamp>5069.655159</timestamp>
			</report>
			<report>
				<misses>202800000</misses>
				<total>4</total>
				<timestamp>5072.157314</timestamp>
			</report>
			<report>
				<misses>202900000</misses>
				<total>4</total>
				<timestamp>5074.658155</timestamp>
			</report>
			<report>
				<misses>203000000</misses>
				<total>4</total>
				<timestamp>5077.158451</timestamp>
			</report>
			<report>
				<misses>203100000</misses>
				<total>4</total>
				<timestamp>5079.659938</timestamp>
			</report>
			<report>
				<misses>203200000</misses>
				<total>4</total>
				<timestamp>5082.160186</timestamp>
			</report>
			<report>
				<misses>203300000</misses>
				<total>4</total>
				<timestamp>5084.661613</timestamp>
			</report>
			<report>
				<misses>203400000</misses>
				<total>4</total>
				<timestamp>5087.163125</timestamp>
			</report>
			<report>
				<misses>203500000</misses>
				<total>4</total>
				<timestamp>5089.663557</timestamp>
			</report>
			<report>
				<misses>203600000</misses>
				<total>4</total>
				<timestamp>5092.164547</timestamp>
			</report>
			<report>
				<misses>203700000</misses>
				<total>4</total>
				<timestamp>5094.666651</timestamp>
			</report>
			<report>
				<misses>203800000</misses>
				<total>4</total>
				<timestamp>5097.168600</timestamp>
			</report>
			<report>
				<misses>203900000</misses>
				<total>4</total>
				<timestamp>5099.669978</timestamp>
			</report>
			<report>
				<misses>204000000</misses>
				<total>4</total>
				<timestamp>5102.171923</timestamp>
			</report>
			<report>
				<misses>204100000</misses>
				<total>4</total>
				<timestamp>5104.674127</timestamp>
			</report>
			<report>
				<misses>204200000</misses>
				<total>4</total>
				<timestamp>5107.175887</timestamp>
			</report>
			<report>
				<misses>204300000</misses>
				<total>4</total>
				<timestamp>5109.678195</timestamp>
			</report>
			<report>
				<misses>204400000</misses>
				<total>4</total>
				<timestamp>5112.178267</timestamp>
			</report>
			<report>
				<misses>204500000</misses>
				<total>4</total>
				<timestamp>5114.678402</timestamp>
			</report>
			<report>
				<misses>204600000</misses>
				<total>4</total>
				<timestamp>5117.179997</timestamp>
			</report>
			<report>
				<misses>204700000</misses>
				<total>4</total>
				<timestamp>5119.683272</timestamp>
			</report>
			<report>
				<misses>204800000</misses>
				<total>4</total>
				<timestamp>5122.184423</timestamp>
			</report>
			<report>
				<misses>204900000</misses>
				<total>4</total>
				<timestamp>5124.684780</timestamp>
			</report>
			<report>
				<misses>205000000</misses>
				<total>4</total>
				<timestamp>5127.184886</timestamp>
			</report>
			<report>
				<misses>205100000</misses>
				<total>4</total>
				<timestamp>5129.684918</timestamp>
			</report>
			<report>
				<misses>205200000</misses>
				<total>4</total>
				<timestamp>5132.185041</timestamp>
			</report>
			<report>
				<misses>205300000</misses>
				<total>4</total>
				<timestamp>5134.686675</timestamp>
			</report>
			<report>
				<misses>205400000</misses>
				<total>4</total>
				<timestamp>5137.189385</timestamp>
			</report>
			<report>
				<misses>205500000</misses>
				<total>4</total>
				<timestamp>5139.690957</timestamp>
			</report>
			<report>
				<misses>205600000</misses>
				<total>4</total>
				<timestamp>5142.193284</timestamp>
			</report>
			<report>
				<misses>205700000</misses>
				<total>4</total>
				<timestamp>5144.694771</timestamp>
			</report>
			<report>
				<misses>205800000</misses>
				<total>4</total>
				<timestamp>5147.195670</timestamp>
			</report>
			<report>
				<misses>205900000</misses>
				<total>4</total>
				<timestamp>5149.697220</timestamp>
			</report>
			<report>
				<misses>206000000</misses>
				<total>4</total>
				<timestamp>5152.198759</timestamp>
			</report>
			<report>
				<misses>206100000</misses>
				<total>4</total>
				<timestamp>5154.700162</timestamp>
			</report>
			<report>
				<misses>206200000</misses>
				<total>4</total>
				<timestamp>5157.202169</timestamp>
			</report>
			<report>
				<misses>206300000</misses>
				<total>4</total>
				<timestamp>5159.705316</timestamp>
			</report>
			<report>
				<misses>206400000</misses>
				<total>4</total>
				<timestamp>5162.208448</timestamp>
			</report>
			<report>
				<misses>206500000</misses>
				<total>4</total>
				<timestamp>5164.710727</timestamp>
			</report>
			<report>
				<misses>206600000</misses>
				<total>4</total>
				<timestamp>5167.211065</timestamp>
			</report>
			<report>
				<misses>206700000</misses>
				<total>4</total>
				<timestamp>5169.711704</timestamp>
			</report>
			<report>
				<misses>206800000</misses>
				<total>4</total>
				<timestamp>5172.211780</timestamp>
			</report>
			<report>
				<misses>206900000</misses>
				<total>4</total>
				<timestamp>5174.712678</timestamp>
			</report>
			<report>
				<misses>207000000</misses>
				<total>4</total>
				<timestamp>5177.217169</timestamp>
			</report>
			<report>
				<misses>207100000</misses>
				<total>4</total>
				<timestamp>5179.718792</timestamp>
			</report>
			<report>
				<misses>207200000</misses>
				<total>4</total>
				<timestamp>5182.220724</timestamp>
			</report>
			<report>
				<misses>207300000</misses>
				<total>4</total>
				<timestamp>5184.721502</timestamp>
			</report>
			<report>
				<misses>207400000</misses>
				<total>4</total>
				<timestamp>5187.221971</timestamp>
			</report>
			<report>
				<misses>207500000</misses>
				<total>4</total>
				<timestamp>5189.722240</timestamp>
			</report>
			<report>
				<misses>207600000</misses>
				<total>4</total>
				<timestamp>5192.223015</timestamp>
			</report>
			<report>
				<misses>207700000</misses>
				<total>4</total>
				<timestamp>5194.723450</timestamp>
			</report>
			<report>
				<misses>207800000</misses>
				<total>4</total>
				<timestamp>5197.224317</timestamp>
			</report>
			<report>
				<misses>207900000</misses>
				<total>4</total>
				<timestamp>5199.724384</timestamp>
			</report>
			<report>
				<misses>208000000</misses>
				<total>4</total>
				<timestamp>5202.224432</timestamp>
			</report>
			<report>
				<misses>208100000</misses>
				<total>4</total>
				<timestamp>5204.724844</timestamp>
			</report>
			<report>
				<misses>208200000</misses>
				<total>4</total>
				<timestamp>5207.226642</timestamp>
			</report>
			<report>
				<misses>208300000</misses>
				<total>4</total>
				<timestamp>5209.727458</timestamp>
			</report>
			<report>
				<misses>208400000</misses>
				<total>4</total>
				<timestamp>5212.230049</timestamp>
			</report>
			<report>
				<misses>208500000</misses>
				<total>4</total>
				<timestamp>5214.733002</timestamp>
			</report>
			<report>
				<misses>208600000</misses>
				<total>4</total>
				<timestamp>5217.233373</timestamp>
			</report>
			<report>
				<misses>208700000</misses>
				<total>4</total>
				<timestamp>5219.735558</timestamp>
			</report>
			<report>
				<misses>208800000</misses>
				<total>4</total>
				<timestamp>5222.235821</timestamp>
			</report>
			<report>
				<misses>208900000</misses>
				<total>4</total>
				<timestamp>5224.736309</timestamp>
			</report>
			<report>
				<misses>209000000</misses>
				<total>4</total>
				<timestamp>5227.236933</timestamp>
			</report>
			<report>
				<misses>209100000</misses>
				<total>4</total>
				<timestamp>5229.738723</timestamp>
			</report>
			<report>
				<misses>209200000</misses>
				<total>4</total>
				<timestamp>5232.240912</timestamp>
			</report>
			<report>
				<misses>209300000</misses>
				<total>4</total>
				<timestamp>5234.743680</timestamp>
			</report>
			<report>
				<misses>209400000</misses>
				<total>4</total>
				<timestamp>5237.246299</timestamp>
			</report>
			<report>
				<misses>209500000</misses>
				<total>4</total>
				<timestamp>5239.747090</timestamp>
			</report>
			<report>
				<misses>209600000</misses>
				<total>4</total>
				<timestamp>5242.249346</timestamp>
			</report>
			<report>
				<misses>209700000</misses>
				<total>4</total>
				<timestamp>5244.751472</timestamp>
			</report>
			<report>
				<misses>209800000</misses>
				<total>4</total>
				<timestamp>5247.251915</timestamp>
			</report>
			<report>
				<misses>209900000</misses>
				<total>4</total>
				<timestamp>5249.752697</timestamp>
			</report>
			<report>
				<misses>210000000</misses>
				<total>4</total>
				<timestamp>5252.254864</timestamp>
			</report>
			<report>
				<misses>210100000</misses>
				<total>4</total>
				<timestamp>5254.755469</timestamp>
			</report>
			<report>
				<misses>210200000</misses>
				<total>4</total>
				<timestamp>5257.255876</timestamp>
			</report>
			<report>
				<misses>210300000</misses>
				<total>4</total>
				<timestamp>5259.757505</timestamp>
			</report>
			<report>
				<misses>210400000</misses>
				<total>4</total>
				<timestamp>5262.257623</timestamp>
			</report>
			<report>
				<misses>210500000</misses>
				<total>4</total>
				<timestamp>5264.757706</timestamp>
			</report>
			<report>
				<misses>210600000</misses>
				<total>4</total>
				<timestamp>5267.257744</timestamp>
			</report>
			<report>
				<misses>210700000</misses>
				<total>4</total>
				<timestamp>5269.757827</timestamp>
			</report>
			<report>
				<misses>210800000</misses>
				<total>4</total>
				<timestamp>5272.259543</timestamp>
			</report>
			<report>
				<misses>210900000</misses>
				<total>4</total>
				<timestamp>5274.759570</timestamp>
			</report>
			<report>
				<misses>211000000</misses>
				<total>4</total>
				<timestamp>5277.260325</timestamp>
			</report>
			<report>
				<misses>211100000</misses>
				<total>4</total>
				<timestamp>5279.765121</timestamp>
			</report>
			<report>
				<misses>211200000</misses>
				<total>4</total>
				<timestamp>5282.265145</timestamp>
			</report>
			<report>
				<misses>211300000</misses>
				<total>4</total>
				<timestamp>5284.766612</timestamp>
			</report>
			<report>
				<misses>211400000</misses>
				<total>4</total>
				<timestamp>5287.270339</timestamp>
			</report>
			<report>
				<misses>211500000</misses>
				<total>4</total>
				<timestamp>5289.772426</timestamp>
			</report>
			<report>
				<misses>211600000</misses>
				<total>4</total>
				<timestamp>5292.272522</timestamp>
			</report>
			<report>
				<misses>211700000</misses>
				<total>4</total>
				<timestamp>5294.772545</timestamp>
			</report>
			<report>
				<misses>211800000</misses>
				<total>4</total>
				<timestamp>5297.272855</timestamp>
			</report>
			<report>
				<misses>211900000</misses>
				<total>4</total>
				<timestamp>5299.773080</timestamp>
			</report>
			<report>
				<misses>212000000</misses>
				<total>4</total>
				<timestamp>5302.276508</timestamp>
			</report>
			<report>
				<misses>212100000</misses>
				<total>4</total>
				<timestamp>5304.778171</timestamp>
			</report>
			<report>
				<misses>212200000</misses>
				<total>4</total>
				<timestamp>5307.278749</timestamp>
			</report>
			<report>
				<misses>212300000</misses>
				<total>4</total>
				<timestamp>5309.778859</timestamp>
			</report>
			<report>
				<misses>212400000</misses>
				<total>4</total>
				<timestamp>5312.279231</timestamp>
			</report>
			<report>
				<misses>212500000</misses>
				<total>4</total>
				<timestamp>5314.780531</timestamp>
			</report>
			<report>
				<misses>212600000</misses>
				<total>4</total>
				<timestamp>5317.280606</timestamp>
			</report>
			<report>
				<misses>212700000</misses>
				<total>4</total>
				<timestamp>5319.781575</timestamp>
			</report>
			<report>
				<misses>212800000</misses>
				<total>4</total>
				<timestamp>5322.283766</timestamp>
			</report>
			<report>
				<misses>212900000</misses>
				<total>4</total>
				<timestamp>5324.784245</timestamp>
			</report>
			<report>
				<misses>213000000</misses>
				<total>4</total>
				<timestamp>5327.286422</timestamp>
			</report>
			<report>
				<misses>213100000</misses>
				<total>4</total>
				<timestamp>5329.788336</timestamp>
			</report>
			<report>
				<misses>213200000</misses>
				<total>4</total>
				<timestamp>5332.288380</timestamp>
			</report>
			<report>
				<misses>213300000</misses>
				<total>4</total>
				<timestamp>5334.789177</timestamp>
			</report>
			<report>
				<misses>213400000</misses>
				<total>4</total>
				<timestamp>5337.289275</timestamp>
			</report>
			<report>
				<misses>213500000</misses>
				<total>4</total>
				<timestamp>5339.789302</timestamp>
			</report>
			<report>
				<misses>213600000</misses>
				<total>4</total>
				<timestamp>5342.290497</timestamp>
			</report>
			<report>
				<misses>213700000</misses>
				<total>4</total>
				<timestamp>5344.792598</timestamp>
			</report>
			<report>
				<misses>213800000</misses>
				<total>4</total>
				<timestamp>5347.292857</timestamp>
			</report>
			<report>
				<misses>213900000</misses>
				<total>4</total>
				<timestamp>5349.796333</timestamp>
			</report>
			<report>
				<misses>214000000</misses>
				<total>4</total>
				<timestamp>5352.299348</timestamp>
			</report>
			<report>
				<misses>214100000</misses>
				<total>4</total>
				<timestamp>5354.799491</timestamp>
			</report>
			<report>
				<misses>214200000</misses>
				<total>4</total>
				<timestamp>5357.303236</timestamp>
			</report>
			<report>
				<misses>214300000</misses>
				<total>4</total>
				<timestamp>5359.805120</timestamp>
			</report>
			<report>
				<misses>214400000</misses>
				<total>4</total>
				<timestamp>5362.307186</timestamp>
			</report>
			<report>
				<misses>214500000</misses>
				<total>4</total>
				<timestamp>5364.807815</timestamp>
			</report>
			<report>
				<misses>214600000</misses>
				<total>4</total>
				<timestamp>5367.308372</timestamp>
			</report>
			<report>
				<misses>214700000</misses>
				<total>4</total>
				<timestamp>5369.809821</timestamp>
			</report>
			<report>
				<misses>214800000</misses>
				<total>4</total>
				<timestamp>5372.312483</timestamp>
			</report>
			<report>
				<misses>214900000</misses>
				<total>4</total>
				<timestamp>5374.814426</timestamp>
			</report>
			<report>
				<misses>215000000</misses>
				<total>4</total>
				<timestamp>5377.315011</timestamp>
			</report>
			<report>
				<misses>215100000</misses>
				<total>4</total>
				<timestamp>5379.815049</timestamp>
			</report>
			<report>
				<misses>215200000</misses>
				<total>4</total>
				<timestamp>5382.315182</timestamp>
			</report>
			<report>
				<misses>215300000</misses>
				<total>4</total>
				<timestamp>5384.815183</timestamp>
			</report>
			<report>
				<misses>215400000</misses>
				<total>4</total>
				<timestamp>5387.315369</timestamp>
			</report>
			<report>
				<misses>215500000</misses>
				<total>4</total>
				<timestamp>5389.815601</timestamp>
			</report>
			<report>
				<misses>215600000</misses>
				<total>4</total>
				<timestamp>5392.316091</timestamp>
			</report>
			<report>
				<misses>215700000</misses>
				<total>4</total>
				<timestamp>5394.816494</timestamp>
			</report>
			<report>
				<misses>215800000</misses>
				<total>4</total>
				<timestamp>5397.317710</timestamp>
			</report>
			<report>
				<misses>215900000</misses>
				<total>4</total>
				<timestamp>5399.818298</timestamp>
			</report>
			<report>
				<misses>216000000</misses>
				<total>4</total>
				<timestamp>5402.318378</timestamp>
			</report>
			<report>
				<misses>216100000</misses>
				<total>4</total>
				<timestamp>5404.818980</timestamp>
			</report>
			<report>
				<misses>216200000</misses>
				<total>4</total>
				<timestamp>5407.321451</timestamp>
			</report>
			<report>
				<misses>216300000</misses>
				<total>4</total>
				<timestamp>5409.823840</timestamp>
			</report>
			<report>
				<misses>216400000</misses>
				<total>4</total>
				<timestamp>5412.326750</timestamp>
			</report>
			<report>
				<misses>216500000</misses>
				<total>4</total>
				<timestamp>5414.829054</timestamp>
			</report>
			<report>
				<misses>216600000</misses>
				<total>4</total>
				<timestamp>5417.330443</timestamp>
			</report>
			<report>
				<misses>216700000</misses>
				<total>4</total>
				<timestamp>5419.832298</timestamp>
			</report>
			<report>
				<misses>216800000</misses>
				<total>4</total>
				<timestamp>5422.332740</timestamp>
			</report>
			<report>
				<misses>216900000</misses>
				<total>4</total>
				<timestamp>5424.832870</timestamp>
			</report>
			<report>
				<misses>217000000</misses>
				<total>4</total>
				<timestamp>5427.333245</timestamp>
			</report>
			<report>
				<misses>217100000</misses>
				<total>4</total>
				<timestamp>5429.834238</timestamp>
			</report>
			<report>
				<misses>217200000</misses>
				<total>4</total>
				<timestamp>5432.337656</timestamp>
			</report>
			<report>
				<misses>217300000</misses>
				<total>4</total>
				<timestamp>5434.839865</timestamp>
			</report>
			<report>
				<misses>217400000</misses>
				<total>4</total>
				<timestamp>5437.343067</timestamp>
			</report>
			<report>
				<misses>217500000</misses>
				<total>4</total>
				<timestamp>5439.845271</timestamp>
			</report>
			<report>
				<misses>217600000</misses>
				<total>4</total>
				<timestamp>5442.345740</timestamp>
			</report>
			<report>
				<misses>217700000</misses>
				<total>4</total>
				<timestamp>5444.846025</timestamp>
			</report>
			<report>
				<misses>217800000</misses>
				<total>4</total>
				<timestamp>5447.347338</timestamp>
			</report>
			<report>
				<misses>217900000</misses>
				<total>4</total>
				<timestamp>5449.848312</timestamp>
			</report>
			<report>
				<misses>218000000</misses>
				<total>4</total>
				<timestamp>5452.349767</timestamp>
			</report>
			<report>
				<misses>218100000</misses>
				<total>4</total>
				<timestamp>5454.849800</timestamp>
			</report>
			<report>
				<misses>218200000</misses>
				<total>4</total>
				<timestamp>5457.349851</timestamp>
			</report>
			<report>
				<misses>218300000</misses>
				<total>4</total>
				<timestamp>5459.849920</timestamp>
			</report>
			<report>
				<misses>218400000</misses>
				<total>4</total>
				<timestamp>5462.350301</timestamp>
			</report>
			<report>
				<misses>218500000</misses>
				<total>4</total>
				<timestamp>5464.850594</timestamp>
			</report>
			<report>
				<misses>218600000</misses>
				<total>4</total>
				<timestamp>5467.352219</timestamp>
			</report>
			<report>
				<misses>218700000</misses>
				<total>4</total>
				<timestamp>5469.853409</timestamp>
			</report>
			<report>
				<misses>218800000</misses>
				<total>4</total>
				<timestamp>5472.356451</timestamp>
			</report>
			<report>
				<misses>218900000</misses>
				<total>4</total>
				<timestamp>5474.859003</timestamp>
			</report>
			<report>
				<misses>219000000</misses>
				<total>4</total>
				<timestamp>5477.359128</timestamp>
			</report>
			<report>
				<misses>219100000</misses>
				<total>4</total>
				<timestamp>5479.860756</timestamp>
			</report>
			<report>
				<misses>219200000</misses>
				<total>4</total>
				<timestamp>5482.362003</timestamp>
			</report>
			<report>
				<misses>219300000</misses>
				<total>4</total>
				<timestamp>5484.863602</timestamp>
			</report>
			<report>
				<misses>219400000</misses>
				<total>4</total>
				<timestamp>5487.364044</timestamp>
			</report>
			<report>
				<misses>219500000</misses>
				<total>4</total>
				<timestamp>5489.864649</timestamp>
			</report>
			<report>
				<misses>219600000</misses>
				<total>4</total>
				<timestamp>5492.364825</timestamp>
			</report>
			<report>
				<misses>219700000</misses>
				<total>4</total>
				<timestamp>5494.868229</timestamp>
			</report>
			<report>
				<misses>219800000</misses>
				<total>4</total>
				<timestamp>5497.369932</timestamp>
			</report>
			<report>
				<misses>219900000</misses>
				<total>4</total>
				<timestamp>5499.870408</timestamp>
			</report>
			<report>
				<misses>220000000</misses>
				<total>4</total>
				<timestamp>5502.370928</timestamp>
			</report>
			<report>
				<misses>220100000</misses>
				<total>4</total>
				<timestamp>5504.872167</timestamp>
			</report>
			<report>
				<misses>220200000</misses>
				<total>4</total>
				<timestamp>5507.372793</timestamp>
			</report>
			<report>
				<misses>220300000</misses>
				<total>4</total>
				<timestamp>5509.872861</timestamp>
			</report>
			<report>
				<misses>220400000</misses>
				<total>4</total>
				<timestamp>5512.373523</timestamp>
			</report>
			<report>
				<misses>220500000</misses>
				<total>4</total>
				<timestamp>5514.875155</timestamp>
			</report>
			<report>
				<misses>220600000</misses>
				<total>4</total>
				<timestamp>5517.376146</timestamp>
			</report>
			<report>
				<misses>220700000</misses>
				<total>4</total>
				<timestamp>5519.876591</timestamp>
			</report>
			<report>
				<misses>220800000</misses>
				<total>4</total>
				<timestamp>5522.378025</timestamp>
			</report>
			<report>
				<misses>220900000</misses>
				<total>4</total>
				<timestamp>5524.880018</timestamp>
			</report>
			<report>
				<misses>221000000</misses>
				<total>4</total>
				<timestamp>5527.380422</timestamp>
			</report>
			<report>
				<misses>221100000</misses>
				<total>4</total>
				<timestamp>5529.882172</timestamp>
			</report>
			<report>
				<misses>221200000</misses>
				<total>4</total>
				<timestamp>5532.383685</timestamp>
			</report>
			<report>
				<misses>221300000</misses>
				<total>4</total>
				<timestamp>5534.886572</timestamp>
			</report>
			<report>
				<misses>221400000</misses>
				<total>4</total>
				<timestamp>5537.388955</timestamp>
			</report>
			<report>
				<misses>221500000</misses>
				<total>4</total>
				<timestamp>5539.891998</timestamp>
			</report>
			<report>
				<misses>221600000</misses>
				<total>4</total>
				<timestamp>5542.393249</timestamp>
			</report>
			<report>
				<misses>221700000</misses>
				<total>4</total>
				<timestamp>5544.894713</timestamp>
			</report>
			<report>
				<misses>221800000</misses>
				<total>4</total>
				<timestamp>5547.394856</timestamp>
			</report>
			<report>
				<misses>221900000</misses>
				<total>4</total>
				<timestamp>5549.894881</timestamp>
			</report>
			<report>
				<misses>222000000</misses>
				<total>4</total>
				<timestamp>5552.395196</timestamp>
			</report>
			<report>
				<misses>222100000</misses>
				<total>4</total>
				<timestamp>5554.896419</timestamp>
			</report>
			<report>
				<misses>222200000</misses>
				<total>4</total>
				<timestamp>5557.398677</timestamp>
			</report>
			<report>
				<misses>222300000</misses>
				<total>5</total>
				<timestamp>5559.900094</timestamp>
			</report>
			<report>
				<misses>222400000</misses>
				<total>5</total>
				<timestamp>5562.400095</timestamp>
			</report>
			<report>
				<misses>222500000</misses>
				<total>5</total>
				<timestamp>5564.900201</timestamp>
			</report>
			<report>
				<misses>222600000</misses>
				<total>5</total>
				<timestamp>5567.400254</timestamp>
			</report>
			<report>
				<misses>222700000</misses>
				<total>5</total>
				<timestamp>5569.900700</timestamp>
			</report>
			<report>
				<misses>222800000</misses>
				<total>5</total>
				<timestamp>5572.401481</timestamp>
			</report>
			<report>
				<misses>222900000</misses>
				<total>5</total>
				<timestamp>5574.902010</timestamp>
			</report>
			<report>
				<misses>223000000</misses>
				<total>5</total>
				<timestamp>5577.404900</timestamp>
			</report>
			<report>
				<misses>223100000</misses>
				<total>5</total>
				<timestamp>5579.906688</timestamp>
			</report>
			<report>
				<misses>223200000</misses>
				<total>5</total>
				<timestamp>5582.407325</timestamp>
			</report>
			<report>
				<misses>223300000</misses>
				<total>5</total>
				<timestamp>5584.907365</timestamp>
			</report>
			<report>
				<misses>223400000</misses>
				<total>5</total>
				<timestamp>5587.407649</timestamp>
			</report>
			<report>
				<misses>223500000</misses>
				<total>5</total>
				<timestamp>5589.908191</timestamp>
			</report>
			<report>
				<misses>223600000</misses>
				<total>5</total>
				<timestamp>5592.409071</timestamp>
			</report>
			<report>
				<misses>223700000</misses>
				<total>5</total>
				<timestamp>5594.909185</timestamp>
			</report>
			<report>
				<misses>223800000</misses>
				<total>5</total>
				<timestamp>5597.409211</timestamp>
			</report>
			<report>
				<misses>223900000</misses>
				<total>5</total>
				<timestamp>5599.909596</timestamp>
			</report>
			<report>
				<misses>224000000</misses>
				<total>5</total>
				<timestamp>5602.409794</timestamp>
			</report>
			<report>
				<misses>224100000</misses>
				<total>5</total>
				<timestamp>5604.909875</timestamp>
			</report>
			<report>
				<misses>224200000</misses>
				<total>5</total>
				<timestamp>5607.410470</timestamp>
			</report>
			<report>
				<misses>224300000</misses>
				<total>5</total>
				<timestamp>5609.911852</timestamp>
			</report>
			<report>
				<misses>224400000</misses>
				<total>5</total>
				<timestamp>5612.412960</timestamp>
			</report>
			<report>
				<misses>224500000</misses>
				<total>5</total>
				<timestamp>5614.914502</timestamp>
			</report>
			<report>
				<misses>224600000</misses>
				<total>5</total>
				<timestamp>5617.414913</timestamp>
			</report>
			<report>
				<misses>224700000</misses>
				<total>5</total>
				<timestamp>5619.915431</timestamp>
			</report>
			<report>
				<misses>224800000</misses>
				<total>5</total>
				<timestamp>5622.415632</timestamp>
			</report>
			<report>
				<misses>224900000</misses>
				<total>5</total>
				<timestamp>5624.917422</timestamp>
			</report>
			<report>
				<misses>225000000</misses>
				<total>5</total>
				<timestamp>5627.418242</timestamp>
			</report>
			<report>
				<misses>225100000</misses>
				<total>5</total>
				<timestamp>5629.918557</timestamp>
			</report>
			<report>
				<misses>225200000</misses>
				<total>5</total>
				<timestamp>5632.419043</timestamp>
			</report>
			<report>
				<misses>225300000</misses>
				<total>5</total>
				<timestamp>5634.919279</timestamp>
			</report>
			<report>
				<misses>225400000</misses>
				<total>5</total>
				<timestamp>5637.419686</timestamp>
			</report>
			<report>
				<misses>225500000</misses>
				<total>5</total>
				<timestamp>5639.920050</timestamp>
			</report>
			<report>
				<misses>225600000</misses>
				<total>5</total>
				<timestamp>5642.422444</timestamp>
			</report>
			<report>
				<misses>225700000</misses>
				<total>5</total>
				<timestamp>5644.924283</timestamp>
			</report>
			<report>
				<misses>225800000</misses>
				<total>5</total>
				<timestamp>5647.426428</timestamp>
			</report>
			<report>
				<misses>225900000</misses>
				<total>5</total>
				<timestamp>5649.928331</timestamp>
			</report>
			<report>
				<misses>226000000</misses>
				<total>5</total>
				<timestamp>5652.429123</timestamp>
			</report>
			<report>
				<misses>226100000</misses>
				<total>5</total>
				<timestamp>5654.930317</timestamp>
			</report>
			<report>
				<misses>226200000</misses>
				<total>5</total>
				<timestamp>5657.430499</timestamp>
			</report>
			<report>
				<misses>226300000</misses>
				<total>5</total>
				<timestamp>5659.932189</timestamp>
			</report>
			<report>
				<misses>226400000</misses>
				<total>5</total>
				<timestamp>5662.432344</timestamp>
			</report>
			<report>
				<misses>226500000</misses>
				<total>5</total>
				<timestamp>5664.932872</timestamp>
			</report>
			<report>
				<misses>226600000</misses>
				<total>5</total>
				<timestamp>5667.432949</timestamp>
			</report>
			<report>
				<misses>226700000</misses>
				<total>5</total>
				<timestamp>5669.933788</timestamp>
			</report>
			<report>
				<misses>226800000</misses>
				<total>5</total>
				<timestamp>5672.434192</timestamp>
			</report>
			<report>
				<misses>226900000</misses>
				<total>5</total>
				<timestamp>5674.937602</timestamp>
			</report>
			<report>
				<misses>227000000</misses>
				<total>5</total>
				<timestamp>5677.438350</timestamp>
			</report>
			<report>
				<misses>227100000</misses>
				<total>5</total>
				<timestamp>5679.939476</timestamp>
			</report>
			<report>
				<misses>227200000</misses>
				<total>5</total>
				<timestamp>5682.439515</timestamp>
			</report>
			<report>
				<misses>227300000</misses>
				<total>5</total>
				<timestamp>5684.939776</timestamp>
			</report>
			<report>
				<misses>227400000</misses>
				<total>5</total>
				<timestamp>5687.440821</timestamp>
			</report>
			<report>
				<misses>227500000</misses>
				<total>5</total>
				<timestamp>5689.941786</timestamp>
			</report>
			<report>
				<misses>227600000</misses>
				<total>5</total>
				<timestamp>5692.441951</timestamp>
			</report>
			<report>
				<misses>227700000</misses>
				<total>5</total>
				<timestamp>5694.942318</timestamp>
			</report>
			<report>
				<misses>227800000</misses>
				<total>5</total>
				<timestamp>5697.444138</timestamp>
			</report>
			<report>
				<misses>227900000</misses>
				<total>5</total>
				<timestamp>5699.946070</timestamp>
			</report>
			<report>
				<misses>228000000</misses>
				<total>5</total>
				<timestamp>5702.449731</timestamp>
			</report>
			<report>
				<misses>228100000</misses>
				<total>5</total>
				<timestamp>5704.951970</timestamp>
			</report>
			<report>
				<misses>228200000</misses>
				<total>5</total>
				<timestamp>5707.452545</timestamp>
			</report>
			<report>
				<misses>228300000</misses>
				<total>5</total>
				<timestamp>5709.953830</timestamp>
			</report>
			<report>
				<misses>228400000</misses>
				<total>5</total>
				<timestamp>5712.454021</timestamp>
			</report>
			<report>
				<misses>228500000</misses>
				<total>5</total>
				<timestamp>5714.954081</timestamp>
			</report>
			<report>
				<misses>228600000</misses>
				<total>5</total>
				<timestamp>5717.454095</timestamp>
			</report>
			<report>
				<misses>228700000</misses>
				<total>5</total>
				<timestamp>5719.954971</timestamp>
			</report>
			<report>
				<misses>228800000</misses>
				<total>5</total>
				<timestamp>5722.455060</timestamp>
			</report>
			<report>
				<misses>228900000</misses>
				<total>5</total>
				<timestamp>5724.955079</timestamp>
			</report>
			<report>
				<misses>229000000</misses>
				<total>5</total>
				<timestamp>5727.455208</timestamp>
			</report>
			<report>
				<misses>229100000</misses>
				<total>5</total>
				<timestamp>5729.956911</timestamp>
			</report>
			<report>
				<misses>229200000</misses>
				<total>5</total>
				<timestamp>5732.458828</timestamp>
			</report>
			<report>
				<misses>229300000</misses>
				<total>5</total>
				<timestamp>5734.958944</timestamp>
			</report>
			<report>
				<misses>229400000</misses>
				<total>5</total>
				<timestamp>5737.459476</timestamp>
			</report>
			<report>
				<misses>229500000</misses>
				<total>5</total>
				<timestamp>5739.959713</timestamp>
			</report>
			<report>
				<misses>229600000</misses>
				<total>5</total>
				<timestamp>5742.460264</timestamp>
			</report>
			<report>
				<misses>229700000</misses>
				<total>5</total>
				<timestamp>5744.961026</timestamp>
			</report>
			<report>
				<misses>229800000</misses>
				<total>5</total>
				<timestamp>5747.462363</timestamp>
			</report>
			<report>
				<misses>229900000</misses>
				<total>5</total>
				<timestamp>5749.963749</timestamp>
			</report>
			<report>
				<misses>230000000</misses>
				<total>5</total>
				<timestamp>5752.464838</timestamp>
			</report>
			<report>
				<misses>230100000</misses>
				<total>5</total>
				<timestamp>5754.967202</timestamp>
			</report>
			<report>
				<misses>230200000</misses>
				<total>5</total>
				<timestamp>5757.471041</timestamp>
			</report>
			<report>
				<misses>230300000</misses>
				<total>5</total>
				<timestamp>5759.972926</timestamp>
			</report>
			<report>
				<misses>230400000</misses>
				<total>5</total>
				<timestamp>5762.474225</timestamp>
			</report>
			<report>
				<misses>230500000</misses>
				<total>5</total>
				<timestamp>5764.974437</timestamp>
			</report>
			<report>
				<misses>230600000</misses>
				<total>5</total>
				<timestamp>5767.474546</timestamp>
			</report>
			<report>
				<misses>230700000</misses>
				<total>5</total>
				<timestamp>5769.974643</timestamp>
			</report>
			<report>
				<misses>230800000</misses>
				<total>5</total>
				<timestamp>5772.475642</timestamp>
			</report>
			<report>
				<misses>230900000</misses>
				<total>5</total>
				<timestamp>5774.976611</timestamp>
			</report>
			<report>
				<misses>231000000</misses>
				<total>5</total>
				<timestamp>5777.479135</timestamp>
			</report>
			<report>
				<misses>231100000</misses>
				<total>5</total>
				<timestamp>5779.980387</timestamp>
			</report>
			<report>
				<misses>231200000</misses>
				<total>5</total>
				<timestamp>5782.481210</timestamp>
			</report>
			<report>
				<misses>231300000</misses>
				<total>5</total>
				<timestamp>5784.982050</timestamp>
			</report>
			<report>
				<misses>231400000</misses>
				<total>5</total>
				<timestamp>5787.482789</timestamp>
			</report>
			<report>
				<misses>231500000</misses>
				<total>5</total>
				<timestamp>5789.984447</timestamp>
			</report>
			<report>
				<misses>231600000</misses>
				<total>5</total>
				<timestamp>5792.484570</timestamp>
			</report>
			<report>
				<misses>231700000</misses>
				<total>5</total>
				<timestamp>5794.985070</timestamp>
			</report>
			<report>
				<misses>231800000</misses>
				<total>5</total>
				<timestamp>5797.485161</timestamp>
			</report>
			<report>
				<misses>231900000</misses>
				<total>5</total>
				<timestamp>5799.985264</timestamp>
			</report>
			<report>
				<misses>232000000</misses>
				<total>5</total>
				<timestamp>5802.485526</timestamp>
			</report>
			<report>
				<misses>232100000</misses>
				<total>5</total>
				<timestamp>5804.985822</timestamp>
			</report>
			<report>
				<misses>232200000</misses>
				<total>5</total>
				<timestamp>5807.486904</timestamp>
			</report>
			<report>
				<misses>232300000</misses>
				<total>5</total>
				<timestamp>5809.987059</timestamp>
			</report>
			<report>
				<misses>232400000</misses>
				<total>5</total>
				<timestamp>5812.487432</timestamp>
			</report>
			<report>
				<misses>232500000</misses>
				<total>5</total>
				<timestamp>5814.987496</timestamp>
			</report>
			<report>
				<misses>232600000</misses>
				<total>5</total>
				<timestamp>5817.488387</timestamp>
			</report>
			<report>
				<misses>232700000</misses>
				<total>5</total>
				<timestamp>5819.991201</timestamp>
			</report>
			<report>
				<misses>232800000</misses>
				<total>5</total>
				<timestamp>5822.492678</timestamp>
			</report>
			<report>
				<misses>232900000</misses>
				<total>5</total>
				<timestamp>5824.993756</timestamp>
			</report>
			<report>
				<misses>233000000</misses>
				<total>5</total>
				<timestamp>5827.495348</timestamp>
			</report>
			<report>
				<misses>233100000</misses>
				<total>5</total>
				<timestamp>5829.995716</timestamp>
			</report>
			<report>
				<misses>233200000</misses>
				<total>5</total>
				<timestamp>5832.495839</timestamp>
			</report>
			<report>
				<misses>233300000</misses>
				<total>5</total>
				<timestamp>5834.996928</timestamp>
			</report>
			<report>
				<misses>233400000</misses>
				<total>5</total>
				<timestamp>5837.500437</timestamp>
			</report>
			<report>
				<misses>233500000</misses>
				<total>5</total>
				<timestamp>5840.002629</timestamp>
			</report>
			<report>
				<misses>233600000</misses>
				<total>5</total>
				<timestamp>5842.502775</timestamp>
			</report>
			<report>
				<misses>233700000</misses>
				<total>5</total>
				<timestamp>5845.003313</timestamp>
			</report>
			<report>
				<misses>233800000</misses>
				<total>5</total>
				<timestamp>5847.503584</timestamp>
			</report>
			<report>
				<misses>233900000</misses>
				<total>5</total>
				<timestamp>5850.005448</timestamp>
			</report>
			<report>
				<misses>234000000</misses>
				<total>5</total>
				<timestamp>5852.506869</timestamp>
			</report>
			<report>
				<misses>234100000</misses>
				<total>5</total>
				<timestamp>5855.007852</timestamp>
			</report>
			<report>
				<misses>234200000</misses>
				<total>5</total>
				<timestamp>5857.508327</timestamp>
			</report>
			<report>
				<misses>234300000</misses>
				<total>5</total>
				<timestamp>5860.009196</timestamp>
			</report>
			<report>
				<misses>234400000</misses>
				<total>5</total>
				<timestamp>5862.510031</timestamp>
			</report>
			<report>
				<misses>234500000</misses>
				<total>5</total>
				<timestamp>5865.012768</timestamp>
			</report>
			<report>
				<misses>234600000</misses>
				<total>5</total>
				<timestamp>5867.514322</timestamp>
			</report>
			<report>
				<misses>234700000</misses>
				<total>5</total>
				<timestamp>5870.015495</timestamp>
			</report>
			<report>
				<misses>234800000</misses>
				<total>5</total>
				<timestamp>5872.515531</timestamp>
			</report>
			<report>
				<misses>234900000</misses>
				<total>5</total>
				<timestamp>5875.015568</timestamp>
			</report>
			<report>
				<misses>235000000</misses>
				<total>5</total>
				<timestamp>5877.516140</timestamp>
			</report>
			<report>
				<misses>235100000</misses>
				<total>5</total>
				<timestamp>5880.016808</timestamp>
			</report>
			<report>
				<misses>235200000</misses>
				<total>5</total>
				<timestamp>5882.517187</timestamp>
			</report>
			<report>
				<misses>235300000</misses>
				<total>5</total>
				<timestamp>5885.017632</timestamp>
			</report>
			<report>
				<misses>235400000</misses>
				<total>5</total>
				<timestamp>5887.518996</timestamp>
			</report>
			<report>
				<misses>235500000</misses>
				<total>5</total>
				<timestamp>5890.019269</timestamp>
			</report>
			<report>
				<misses>235600000</misses>
				<total>5</total>
				<timestamp>5892.519317</timestamp>
			</report>
			<report>
				<misses>235700000</misses>
				<total>5</total>
				<timestamp>5895.019854</timestamp>
			</report>
			<report>
				<misses>235800000</misses>
				<total>5</total>
				<timestamp>5897.521180</timestamp>
			</report>
			<report>
				<misses>235900000</misses>
				<total>5</total>
				<timestamp>5900.021536</timestamp>
			</report>
			<report>
				<misses>236000000</misses>
				<total>5</total>
				<timestamp>5902.521840</timestamp>
			</report>
			<report>
				<misses>236100000</misses>
				<total>5</total>
				<timestamp>5905.023571</timestamp>
			</report>
			<report>
				<misses>236200000</misses>
				<total>5</total>
				<timestamp>5907.524975</timestamp>
			</report>
			<report>
				<misses>236300000</misses>
				<total>5</total>
				<timestamp>5910.027378</timestamp>
			</report>
			<report>
				<misses>236400000</misses>
				<total>5</total>
				<timestamp>5912.527678</timestamp>
			</report>
			<report>
				<misses>236500000</misses>
				<total>5</total>
				<timestamp>5915.027732</timestamp>
			</report>
			<report>
				<misses>236600000</misses>
				<total>5</total>
				<timestamp>5917.527769</timestamp>
			</report>
			<report>
				<misses>236700000</misses>
				<total>5</total>
				<timestamp>5920.027769</timestamp>
			</report>
			<report>
				<misses>236800000</misses>
				<total>5</total>
				<timestamp>5922.530571</timestamp>
			</report>
			<report>
				<misses>236900000</misses>
				<total>5</total>
				<timestamp>5925.033063</timestamp>
			</report>
			<report>
				<misses>237000000</misses>
				<total>5</total>
				<timestamp>5927.536297</timestamp>
			</report>
			<report>
				<misses>237100000</misses>
				<total>5</total>
				<timestamp>5930.038471</timestamp>
			</report>
			<report>
				<misses>237200000</misses>
				<total>5</total>
				<timestamp>5932.541839</timestamp>
			</report>
			<report>
				<misses>237300000</misses>
				<total>5</total>
				<timestamp>5935.043390</timestamp>
			</report>
			<report>
				<misses>237400000</misses>
				<total>5</total>
				<timestamp>5937.545048</timestamp>
			</report>
			<report>
				<misses>237500000</misses>
				<total>5</total>
				<timestamp>5940.045123</timestamp>
			</report>
			<report>
				<misses>237600000</misses>
				<total>5</total>
				<timestamp>5942.545261</timestamp>
			</report>
			<report>
				<misses>237700000</misses>
				<total>5</total>
				<timestamp>5945.045324</timestamp>
			</report>
			<report>
				<misses>237800000</misses>
				<total>5</total>
				<timestamp>5947.546418</timestamp>
			</report>
			<report>
				<misses>237900000</misses>
				<total>5</total>
				<timestamp>5950.047136</timestamp>
			</report>
			<report>
				<misses>238000000</misses>
				<total>5</total>
				<timestamp>5952.547271</timestamp>
			</report>
			<report>
				<misses>238100000</misses>
				<total>5</total>
				<timestamp>5955.050066</timestamp>
			</report>
			<report>
				<misses>238200000</misses>
				<total>5</total>
				<timestamp>5957.551263</timestamp>
			</report>
			<report>
				<misses>238300000</misses>
				<total>5</total>
				<timestamp>5960.051403</timestamp>
			</report>
			<report>
				<misses>238400000</misses>
				<total>5</total>
				<timestamp>5962.552282</timestamp>
			</report>
			<report>
				<misses>238500000</misses>
				<total>5</total>
				<timestamp>5965.054319</timestamp>
			</report>
			<report>
				<misses>238600000</misses>
				<total>5</total>
				<timestamp>5967.556297</timestamp>
			</report>
			<report>
				<misses>238700000</misses>
				<total>5</total>
				<timestamp>5970.056665</timestamp>
			</report>
			<report>
				<misses>238800000</misses>
				<total>5</total>
				<timestamp>5972.556685</timestamp>
			</report>
			<report>
				<misses>238900000</misses>
				<total>5</total>
				<timestamp>5975.056974</timestamp>
			</report>
			<report>
				<misses>239000000</misses>
				<total>5</total>
				<timestamp>5977.558552</timestamp>
			</report>
			<report>
				<misses>239100000</misses>
				<total>5</total>
				<timestamp>5980.059963</timestamp>
			</report>
			<report>
				<misses>239200000</misses>
				<total>5</total>
				<timestamp>5982.560020</timestamp>
			</report>
			<report>
				<misses>239300000</misses>
				<total>5</total>
				<timestamp>5985.060298</timestamp>
			</report>
			<report>
				<misses>239400000</misses>
				<total>5</total>
				<timestamp>5987.560595</timestamp>
			</report>
			<report>
				<misses>239500000</misses>
				<total>5</total>
				<timestamp>5990.060618</timestamp>
			</report>
			<report>
				<misses>239600000</misses>
				<total>5</total>
				<timestamp>5992.561784</timestamp>
			</report>
			<report>
				<misses>239700000</misses>
				<total>5</total>
				<timestamp>5995.061849</timestamp>
			</report>
			<report>
				<misses>239800000</misses>
				<total>5</total>
				<timestamp>5997.562845</timestamp>
			</report>
			<report>
				<misses>239900000</misses>
				<total>5</total>
				<timestamp>6000.064334</timestamp>
			</report>
			<report>
				<misses>240000000</misses>
				<total>5</total>
				<timestamp>6002.565558</timestamp>
			</report>
			<report>
				<misses>240100000</misses>
				<total>5</total>
				<timestamp>6005.066873</timestamp>
			</report>
			<report>
				<misses>240200000</misses>
				<total>5</total>
				<timestamp>6007.568852</timestamp>
			</report>
			<report>
				<misses>240300000</misses>
				<total>5</total>
				<timestamp>6010.069692</timestamp>
			</report>
			<report>
				<misses>240400000</misses>
				<total>5</total>
				<timestamp>6012.570126</timestamp>
			</report>
			<report>
				<misses>240500000</misses>
				<total>5</total>
				<timestamp>6015.070385</timestamp>
			</report>
			<report>
				<misses>240600000</misses>
				<total>5</total>
				<timestamp>6017.570632</timestamp>
			</report>
			<report>
				<misses>240700000</misses>
				<total>5</total>
				<timestamp>6020.070793</timestamp>
			</report>
			<report>
				<misses>240800000</misses>
				<total>5</total>
				<timestamp>6022.571014</timestamp>
			</report>
			<report>
				<misses>240900000</misses>
				<total>5</total>
				<timestamp>6025.071117</timestamp>
			</report>
			<report>
				<misses>241000000</misses>
				<total>5</total>
				<timestamp>6027.571803</timestamp>
			</report>
			<report>
				<misses>241100000</misses>
				<total>5</total>
				<timestamp>6030.071878</timestamp>
			</report>
			<report>
				<misses>241200000</misses>
				<total>5</total>
				<timestamp>6032.573027</timestamp>
			</report>
			<report>
				<misses>241300000</misses>
				<total>5</total>
				<timestamp>6035.073049</timestamp>
			</report>
			<report>
				<misses>241400000</misses>
				<total>5</total>
				<timestamp>6037.573743</timestamp>
			</report>
			<report>
				<misses>241500000</misses>
				<total>5</total>
				<timestamp>6040.074079</timestamp>
			</report>
			<report>
				<misses>241600000</misses>
				<total>5</total>
				<timestamp>6042.576734</timestamp>
			</report>
			<report>
				<misses>241700000</misses>
				<total>5</total>
				<timestamp>6045.077899</timestamp>
			</report>
			<report>
				<misses>241800000</misses>
				<total>5</total>
				<timestamp>6047.578494</timestamp>
			</report>
			<report>
				<misses>241900000</misses>
				<total>6</total>
				<timestamp>6050.078567</timestamp>
			</report>
			<report>
				<misses>242000000</misses>
				<total>6</total>
				<timestamp>6052.578647</timestamp>
			</report>
			<report>
				<misses>242100000</misses>
				<total>6</total>
				<timestamp>6055.079047</timestamp>
			</report>
			<report>
				<misses>242200000</misses>
				<total>6</total>
				<timestamp>6057.579085</timestamp>
			</report>
			<report>
				<misses>242300000</misses>
				<total>6</total>
				<timestamp>6060.079215</timestamp>
			</report>
			<report>
				<misses>242400000</misses>
				<total>6</total>
				<timestamp>6062.580901</timestamp>
			</report>
			<report>
				<misses>242500000</misses>
				<total>6</total>
				<timestamp>6065.083760</timestamp>
			</report>
			<report>
				<misses>242600000</misses>
				<total>6</total>
				<timestamp>6067.586359</timestamp>
			</report>
			<report>
				<misses>242700000</misses>
				<total>6</total>
				<timestamp>6070.088972</timestamp>
			</report>
			<report>
				<misses>242800000</misses>
				<total>6</total>
				<timestamp>6072.591574</timestamp>
			</report>
			<report>
				<misses>242900000</misses>
				<total>6</total>
				<timestamp>6075.092309</timestamp>
			</report>
			<report>
				<misses>243000000</misses>
				<total>6</total>
				<timestamp>6077.592921</timestamp>
			</report>
			<report>
				<misses>243100000</misses>
				<total>6</total>
				<timestamp>6080.094915</timestamp>
			</report>
			<report>
				<misses>243200000</misses>
				<total>6</total>
				<timestamp>6082.595105</timestamp>
			</report>
			<report>
				<misses>243300000</misses>
				<total>6</total>
				<timestamp>6085.095118</timestamp>
			</report>
			<report>
				<misses>243400000</misses>
				<total>6</total>
				<timestamp>6087.595152</timestamp>
			</report>
			<report>
				<misses>243500000</misses>
				<total>6</total>
				<timestamp>6090.095825</timestamp>
			</report>
			<report>
				<misses>243600000</misses>
				<total>6</total>
				<timestamp>6092.597249</timestamp>
			</report>
			<report>
				<misses>243700000</misses>
				<total>6</total>
				<timestamp>6095.100012</timestamp>
			</report>
			<report>
				<misses>243800000</misses>
				<total>6</total>
				<timestamp>6097.600896</timestamp>
			</report>
			<report>
				<misses>243900000</misses>
				<total>6</total>
				<timestamp>6100.101367</timestamp>
			</report>
			<report>
				<misses>244000000</misses>
				<total>6</total>
				<timestamp>6102.601370</timestamp>
			</report>
			<report>
				<misses>244100000</misses>
				<total>6</total>
				<timestamp>6105.101495</timestamp>
			</report>
			<report>
				<misses>244200000</misses>
				<total>6</total>
				<timestamp>6107.602285</timestamp>
			</report>
			<report>
				<misses>244300000</misses>
				<total>6</total>
				<timestamp>6110.103455</timestamp>
			</report>
			<report>
				<misses>244400000</misses>
				<total>6</total>
				<timestamp>6112.603574</timestamp>
			</report>
			<report>
				<misses>244500000</misses>
				<total>6</total>
				<timestamp>6115.104410</timestamp>
			</report>
			<report>
				<misses>244600000</misses>
				<total>6</total>
				<timestamp>6117.606085</timestamp>
			</report>
			<report>
				<misses>244700000</misses>
				<total>6</total>
				<timestamp>6120.106429</timestamp>
			</report>
			<report>
				<misses>244800000</misses>
				<total>6</total>
				<timestamp>6122.606754</timestamp>
			</report>
			<report>
				<misses>244900000</misses>
				<total>6</total>
				<timestamp>6125.106774</timestamp>
			</report>
			<report>
				<misses>245000000</misses>
				<total>6</total>
				<timestamp>6127.606951</timestamp>
			</report>
			<report>
				<misses>245100000</misses>
				<total>6</total>
				<timestamp>6130.107232</timestamp>
			</report>
			<report>
				<misses>245200000</misses>
				<total>6</total>
				<timestamp>6132.610197</timestamp>
			</report>
			<report>
				<misses>245300000</misses>
				<total>6</total>
				<timestamp>6135.111830</timestamp>
			</report>
			<report>
				<misses>245400000</misses>
				<total>6</total>
				<timestamp>6137.613123</timestamp>
			</report>
			<report>
				<misses>245500000</misses>
				<total>6</total>
				<timestamp>6140.113439</timestamp>
			</report>
			<report>
				<misses>245600000</misses>
				<total>6</total>
				<timestamp>6142.614124</timestamp>
			</report>
			<report>
				<misses>245700000</misses>
				<total>6</total>
				<timestamp>6145.115931</timestamp>
			</report>
			<report>
				<misses>245800000</misses>
				<total>6</total>
				<timestamp>6147.618836</timestamp>
			</report>
			<report>
				<misses>245900000</misses>
				<total>6</total>
				<timestamp>6150.119601</timestamp>
			</report>
			<report>
				<misses>246000000</misses>
				<total>6</total>
				<timestamp>6152.619983</timestamp>
			</report>
			<report>
				<misses>246100000</misses>
				<total>6</total>
				<timestamp>6155.120769</timestamp>
			</report>
			<report>
				<misses>246200000</misses>
				<total>6</total>
				<timestamp>6157.621017</timestamp>
			</report>
			<report>
				<misses>246300000</misses>
				<total>6</total>
				<timestamp>6160.121626</timestamp>
			</report>
			<report>
				<misses>246400000</misses>
				<total>6</total>
				<timestamp>6162.623233</timestamp>
			</report>
			<report>
				<misses>246500000</misses>
				<total>6</total>
				<timestamp>6165.127482</timestamp>
			</report>
			<report>
				<misses>246600000</misses>
				<total>6</total>
				<timestamp>6167.627690</timestamp>
			</report>
			<report>
				<misses>246700000</misses>
				<total>6</total>
				<timestamp>6170.130307</timestamp>
			</report>
			<report>
				<misses>246800000</misses>
				<total>6</total>
				<timestamp>6172.632803</timestamp>
			</report>
			<report>
				<misses>246900000</misses>
				<total>6</total>
				<timestamp>6175.134898</timestamp>
			</report>
			<report>
				<misses>247000000</misses>
				<total>6</total>
				<timestamp>6177.636160</timestamp>
			</report>
			<report>
				<misses>247100000</misses>
				<total>6</total>
				<timestamp>6180.136333</timestamp>
			</report>
			<report>
				<misses>247200000</misses>
				<total>6</total>
				<timestamp>6182.636428</timestamp>
			</report>
			<report>
				<misses>247300000</misses>
				<total>6</total>
				<timestamp>6185.137109</timestamp>
			</report>
			<report>
				<misses>247400000</misses>
				<total>6</total>
				<timestamp>6187.639132</timestamp>
			</report>
			<report>
				<misses>247500000</misses>
				<total>6</total>
				<timestamp>6190.141501</timestamp>
			</report>
			<report>
				<misses>247600000</misses>
				<total>6</total>
				<timestamp>6192.643552</timestamp>
			</report>
			<report>
				<misses>247700000</misses>
				<total>6</total>
				<timestamp>6195.144242</timestamp>
			</report>
			<report>
				<misses>247800000</misses>
				<total>6</total>
				<timestamp>6197.644649</timestamp>
			</report>
			<report>
				<misses>247900000</misses>
				<total>6</total>
				<timestamp>6200.144750</timestamp>
			</report>
			<report>
				<misses>248000000</misses>
				<total>6</total>
				<timestamp>6202.645046</timestamp>
			</report>
			<report>
				<misses>248100000</misses>
				<total>6</total>
				<timestamp>6205.145178</timestamp>
			</report>
			<report>
				<misses>248200000</misses>
				<total>6</total>
				<timestamp>6207.647720</timestamp>
			</report>
			<report>
				<misses>248300000</misses>
				<total>6</total>
				<timestamp>6210.148825</timestamp>
			</report>
			<report>
				<misses>248400000</misses>
				<total>6</total>
				<timestamp>6212.649430</timestamp>
			</report>
			<report>
				<misses>248500000</misses>
				<total>6</total>
				<timestamp>6215.149486</timestamp>
			</report>
			<report>
				<misses>248600000</misses>
				<total>6</total>
				<timestamp>6217.649515</timestamp>
			</report>
			<report>
				<misses>248700000</misses>
				<total>6</total>
				<timestamp>6220.150329</timestamp>
			</report>
			<report>
				<misses>248800000</misses>
				<total>6</total>
				<timestamp>6222.651082</timestamp>
			</report>
			<report>
				<misses>248900000</misses>
				<total>6</total>
				<timestamp>6225.152493</timestamp>
			</report>
			<report>
				<misses>249000000</misses>
				<total>6</total>
				<timestamp>6227.653211</timestamp>
			</report>
			<report>
				<misses>249100000</misses>
				<total>6</total>
				<timestamp>6230.153693</timestamp>
			</report>
			<report>
				<misses>249200000</misses>
				<total>6</total>
				<timestamp>6232.654224</timestamp>
			</report>
			<report>
				<misses>249300000</misses>
				<total>6</total>
				<timestamp>6235.155023</timestamp>
			</report>
			<report>
				<misses>249400000</misses>
				<total>6</total>
				<timestamp>6237.655049</timestamp>
			</report>
			<report>
				<misses>249500000</misses>
				<total>6</total>
				<timestamp>6240.155346</timestamp>
			</report>
			<report>
				<misses>249600000</misses>
				<total>6</total>
				<timestamp>6242.656185</timestamp>
			</report>
			<report>
				<misses>249700000</misses>
				<total>6</total>
				<timestamp>6245.157295</timestamp>
			</report>
			<report>
				<misses>249800000</misses>
				<total>6</total>
				<timestamp>6247.658430</timestamp>
			</report>
			<report>
				<misses>249900000</misses>
				<total>6</total>
				<timestamp>6250.158526</timestamp>
			</report>
			<report>
				<misses>250000000</misses>
				<total>6</total>
				<timestamp>6252.659918</timestamp>
			</report>
			<report>
				<misses>250100000</misses>
				<total>6</total>
				<timestamp>6255.161407</timestamp>
			</report>
			<report>
				<misses>250200000</misses>
				<total>6</total>
				<timestamp>6257.662112</timestamp>
			</report>
			<report>
				<misses>250300000</misses>
				<total>6</total>
				<timestamp>6260.162854</timestamp>
			</report>
			<report>
				<misses>250400000</misses>
				<total>6</total>
				<timestamp>6262.663126</timestamp>
			</report>
			<report>
				<misses>250500000</misses>
				<total>6</total>
				<timestamp>6265.164530</timestamp>
			</report>
			<report>
				<misses>250600000</misses>
				<total>6</total>
				<timestamp>6267.664603</timestamp>
			</report>
			<report>
				<misses>250700000</misses>
				<total>6</total>
				<timestamp>6270.165877</timestamp>
			</report>
			<report>
				<misses>250800000</misses>
				<total>6</total>
				<timestamp>6272.668195</timestamp>
			</report>
			<report>
				<misses>250900000</misses>
				<total>6</total>
				<timestamp>6275.169550</timestamp>
			</report>
			<report>
				<misses>251000000</misses>
				<total>6</total>
				<timestamp>6277.669583</timestamp>
			</report>
			<report>
				<misses>251100000</misses>
				<total>6</total>
				<timestamp>6280.169611</timestamp>
			</report>
			<report>
				<misses>251200000</misses>
				<total>6</total>
				<timestamp>6282.670249</timestamp>
			</report>
			<report>
				<misses>251300000</misses>
				<total>6</total>
				<timestamp>6285.171131</timestamp>
			</report>
			<report>
				<misses>251400000</misses>
				<total>6</total>
				<timestamp>6287.671556</timestamp>
			</report>
			<report>
				<misses>251500000</misses>
				<total>6</total>
				<timestamp>6290.172252</timestamp>
			</report>
			<report>
				<misses>251600000</misses>
				<total>6</total>
				<timestamp>6292.672459</timestamp>
			</report>
			<report>
				<misses>251700000</misses>
				<total>6</total>
				<timestamp>6295.173396</timestamp>
			</report>
			<report>
				<misses>251800000</misses>
				<total>6</total>
				<timestamp>6297.674806</timestamp>
			</report>
			<report>
				<misses>251900000</misses>
				<total>6</total>
				<timestamp>6300.177917</timestamp>
			</report>
			<report>
				<misses>252000000</misses>
				<total>6</total>
				<timestamp>6302.678098</timestamp>
			</report>
			<report>
				<misses>252100000</misses>
				<total>6</total>
				<timestamp>6305.178122</timestamp>
			</report>
			<report>
				<misses>252200000</misses>
				<total>6</total>
				<timestamp>6307.679943</timestamp>
			</report>
			<report>
				<misses>252300000</misses>
				<total>6</total>
				<timestamp>6310.180227</timestamp>
			</report>
			<report>
				<misses>252400000</misses>
				<total>6</total>
				<timestamp>6312.682607</timestamp>
			</report>
			<report>
				<misses>252500000</misses>
				<total>6</total>
				<timestamp>6315.185172</timestamp>
			</report>
			<report>
				<misses>252600000</misses>
				<total>6</total>
				<timestamp>6317.685423</timestamp>
			</report>
			<report>
				<misses>252700000</misses>
				<total>6</total>
				<timestamp>6320.185454</timestamp>
			</report>
			<report>
				<misses>252800000</misses>
				<total>6</total>
				<timestamp>6322.685502</timestamp>
			</report>
			<report>
				<misses>252900000</misses>
				<total>6</total>
				<timestamp>6325.185773</timestamp>
			</report>
			<report>
				<misses>253000000</misses>
				<total>6</total>
				<timestamp>6327.686094</timestamp>
			</report>
			<report>
				<misses>253100000</misses>
				<total>6</total>
				<timestamp>6330.187191</timestamp>
			</report>
			<report>
				<misses>253200000</misses>
				<total>6</total>
				<timestamp>6332.689552</timestamp>
			</report>
			<report>
				<misses>253300000</misses>
				<total>6</total>
				<timestamp>6335.192102</timestamp>
			</report>
			<report>
				<misses>253400000</misses>
				<total>6</total>
				<timestamp>6337.693102</timestamp>
			</report>
			<report>
				<misses>253500000</misses>
				<total>6</total>
				<timestamp>6340.193132</timestamp>
			</report>
			<report>
				<misses>253600000</misses>
				<total>6</total>
				<timestamp>6342.693157</timestamp>
			</report>
			<report>
				<misses>253700000</misses>
				<total>6</total>
				<timestamp>6345.193765</timestamp>
			</report>
			<report>
				<misses>253800000</misses>
				<total>6</total>
				<timestamp>6347.694386</timestamp>
			</report>
			<report>
				<misses>253900000</misses>
				<total>6</total>
				<timestamp>6350.195445</timestamp>
			</report>
			<report>
				<misses>254000000</misses>
				<total>6</total>
				<timestamp>6352.697799</timestamp>
			</report>
			<report>
				<misses>254100000</misses>
				<total>6</total>
				<timestamp>6355.198965</timestamp>
			</report>
			<report>
				<misses>254200000</misses>
				<total>6</total>
				<timestamp>6357.699122</timestamp>
			</report>
			<report>
				<misses>254300000</misses>
				<total>6</total>
				<timestamp>6360.199304</timestamp>
			</report>
			<report>
				<misses>254400000</misses>
				<total>6</total>
				<timestamp>6362.700958</timestamp>
			</report>
			<report>
				<misses>254500000</misses>
				<total>6</total>
				<timestamp>6365.202470</timestamp>
			</report>
			<report>
				<misses>254600000</misses>
				<total>6</total>
				<timestamp>6367.703428</timestamp>
			</report>
			<report>
				<misses>254700000</misses>
				<total>6</total>
				<timestamp>6370.204139</timestamp>
			</report>
			<report>
				<misses>254800000</misses>
				<total>6</total>
				<timestamp>6372.705618</timestamp>
			</report>
			<report>
				<misses>254900000</misses>
				<total>6</total>
				<timestamp>6375.205696</timestamp>
			</report>
			<report>
				<misses>255000000</misses>
				<total>6</total>
				<timestamp>6377.705763</timestamp>
			</report>
			<report>
				<misses>255100000</misses>
				<total>6</total>
				<timestamp>6380.206777</timestamp>
			</report>
			<report>
				<misses>255200000</misses>
				<total>6</total>
				<timestamp>6382.708060</timestamp>
			</report>
			<report>
				<misses>255300000</misses>
				<total>6</total>
				<timestamp>6385.209213</timestamp>
			</report>
			<report>
				<misses>255400000</misses>
				<total>6</total>
				<timestamp>6387.710731</timestamp>
			</report>
			<report>
				<misses>255500000</misses>
				<total>6</total>
				<timestamp>6390.210969</timestamp>
			</report>
			<report>
				<misses>255600000</misses>
				<total>6</total>
				<timestamp>6392.712202</timestamp>
			</report>
			<report>
				<misses>255700000</misses>
				<total>6</total>
				<timestamp>6395.215323</timestamp>
			</report>
			<report>
				<misses>255800000</misses>
				<total>6</total>
				<timestamp>6397.715431</timestamp>
			</report>
			<report>
				<misses>255900000</misses>
				<total>6</total>
				<timestamp>6400.215478</timestamp>
			</report>
			<report>
				<misses>256000000</misses>
				<total>6</total>
				<timestamp>6402.715752</timestamp>
			</report>
			<report>
				<misses>256100000</misses>
				<total>6</total>
				<timestamp>6405.215779</timestamp>
			</report>
			<report>
				<misses>256200000</misses>
				<total>6</total>
				<timestamp>6407.715897</timestamp>
			</report>
			<report>
				<misses>256300000</misses>
				<total>6</total>
				<timestamp>6410.218420</timestamp>
			</report>
			<report>
				<misses>256400000</misses>
				<total>6</total>
				<timestamp>6412.719522</timestamp>
			</report>
			<report>
				<misses>256500000</misses>
				<total>6</total>
				<timestamp>6415.219688</timestamp>
			</report>
			<report>
				<misses>256600000</misses>
				<total>6</total>
				<timestamp>6417.719781</timestamp>
			</report>
			<report>
				<misses>256700000</misses>
				<total>6</total>
				<timestamp>6420.219855</timestamp>
			</report>
			<report>
				<misses>256800000</misses>
				<total>6</total>
				<timestamp>6422.719874</timestamp>
			</report>
			<report>
				<misses>256900000</misses>
				<total>6</total>
				<timestamp>6425.220627</timestamp>
			</report>
			<report>
				<misses>257000000</misses>
				<total>6</total>
				<timestamp>6427.720836</timestamp>
			</report>
			<report>
				<misses>257100000</misses>
				<total>6</total>
				<timestamp>6430.221552</timestamp>
			</report>
			<report>
				<misses>257200000</misses>
				<total>6</total>
				<timestamp>6432.722255</timestamp>
			</report>
			<report>
				<misses>257300000</misses>
				<total>6</total>
				<timestamp>6435.223065</timestamp>
			</report>
			<report>
				<misses>257400000</misses>
				<total>6</total>
				<timestamp>6437.723168</timestamp>
			</report>
			<report>
				<misses>257500000</misses>
				<total>6</total>
				<timestamp>6440.223393</timestamp>
			</report>
			<report>
				<misses>257600000</misses>
				<total>6</total>
				<timestamp>6442.723503</timestamp>
			</report>
			<report>
				<misses>257700000</misses>
				<total>6</total>
				<timestamp>6445.223629</timestamp>
			</report>
			<report>
				<misses>257800000</misses>
				<total>6</total>
				<timestamp>6447.723655</timestamp>
			</report>
			<report>
				<misses>257900000</misses>
				<total>6</total>
				<timestamp>6450.223715</timestamp>
			</report>
			<report>
				<misses>258000000</misses>
				<total>6</total>
				<timestamp>6452.723825</timestamp>
			</report>
			<report>
				<misses>258100000</misses>
				<total>6</total>
				<timestamp>6455.223902</timestamp>
			</report>
			<report>
				<misses>258200000</misses>
				<total>6</total>
				<timestamp>6457.724039</timestamp>
			</report>
			<report>
				<misses>258300000</misses>
				<total>6</total>
				<timestamp>6460.224303</timestamp>
			</report>
			<report>
				<misses>258400000</misses>
				<total>6</total>
				<timestamp>6462.724675</timestamp>
			</report>
			<report>
				<misses>258500000</misses>
				<total>6</total>
				<timestamp>6465.224950</timestamp>
			</report>
			<report>
				<misses>258600000</misses>
				<total>6</total>
				<timestamp>6467.725261</timestamp>
			</report>
			<report>
				<misses>258700000</misses>
				<total>6</total>
				<timestamp>6470.226656</timestamp>
			</report>
			<report>
				<misses>258800000</misses>
				<total>6</total>
				<timestamp>6472.728449</timestamp>
			</report>
			<report>
				<misses>258900000</misses>
				<total>6</total>
				<timestamp>6475.229122</timestamp>
			</report>
			<report>
				<misses>259000000</misses>
				<total>6</total>
				<timestamp>6477.729665</timestamp>
			</report>
			<report>
				<misses>259100000</misses>
				<total>6</total>
				<timestamp>6480.230921</timestamp>
			</report>
			<report>
				<misses>259200000</misses>
				<total>6</total>
				<timestamp>6482.733679</timestamp>
			</report>
			<report>
				<misses>259300000</misses>
				<total>6</total>
				<timestamp>6485.237970</timestamp>
			</report>
			<report>
				<misses>259400000</misses>
				<total>6</total>
				<timestamp>6487.741932</timestamp>
			</report>
			<report>
				<misses>259500000</misses>
				<total>6</total>
				<timestamp>6490.242480</timestamp>
			</report>
			<report>
				<misses>259600000</misses>
				<total>6</total>
				<timestamp>6492.743066</timestamp>
			</report>
			<report>
				<misses>259700000</misses>
				<total>6</total>
				<timestamp>6495.243810</timestamp>
			</report>
			<report>
				<misses>259800000</misses>
				<total>6</total>
				<timestamp>6497.745862</timestamp>
			</report>
			<report>
				<misses>259900000</misses>
				<total>6</total>
				<timestamp>6500.247724</timestamp>
			</report>
			<report>
				<misses>260000000</misses>
				<total>6</total>
				<timestamp>6502.750626</timestamp>
			</report>
			<report>
				<misses>260100000</misses>
				<total>6</total>
				<timestamp>6505.253434</timestamp>
			</report>
			<report>
				<misses>260200000</misses>
				<total>6</total>
				<timestamp>6507.754828</timestamp>
			</report>
			<report>
				<misses>260300000</misses>
				<total>6</total>
				<timestamp>6510.256961</timestamp>
			</report>
			<report>
				<misses>260400000</misses>
				<total>6</total>
				<timestamp>6512.758593</timestamp>
			</report>
			<report>
				<misses>260500000</misses>
				<total>6</total>
				<timestamp>6515.259581</timestamp>
			</report>
			<report>
				<misses>260600000</misses>
				<total>6</total>
				<timestamp>6517.761574</timestamp>
			</report>
			<report>
				<misses>260700000</misses>
				<total>6</total>
				<timestamp>6520.265250</timestamp>
			</report>
			<report>
				<misses>260800000</misses>
				<total>6</total>
				<timestamp>6522.766629</timestamp>
			</report>
			<report>
				<misses>260900000</misses>
				<total>6</total>
				<timestamp>6525.268184</timestamp>
			</report>
			<report>
				<misses>261000000</misses>
				<total>6</total>
				<timestamp>6527.768307</timestamp>
			</report>
			<report>
				<misses>261100000</misses>
				<total>6</total>
				<timestamp>6530.268681</timestamp>
			</report>
			<report>
				<misses>261200000</misses>
				<total>6</total>
				<timestamp>6532.768956</timestamp>
			</report>
			<report>
				<misses>261300000</misses>
				<total>6</total>
				<timestamp>6535.269791</timestamp>
			</report>
			<report>
				<misses>261400000</misses>
				<total>6</total>
				<timestamp>6537.772579</timestamp>
			</report>
			<report>
				<misses>261500000</misses>
				<total>6</total>
				<timestamp>6540.275494</timestamp>
			</report>
			<report>
				<misses>261600000</misses>
				<total>6</total>
				<timestamp>6542.776897</timestamp>
			</report>
			<report>
				<misses>261700000</misses>
				<total>6</total>
				<timestamp>6545.277119</timestamp>
			</report>
			<report>
				<misses>261800000</misses>
				<total>6</total>
				<timestamp>6547.777371</timestamp>
			</report>
			<report>
				<misses>261900000</misses>
				<total>6</total>
				<timestamp>6550.279491</timestamp>
			</report>
			<report>
				<misses>262000000</misses>
				<total>6</total>
				<timestamp>6552.781774</timestamp>
			</report>
			<report>
				<misses>262100000</misses>
				<total>6</total>
				<timestamp>6555.286097</timestamp>
			</report>
			<report>
				<misses>262200000</misses>
				<total>6</total>
				<timestamp>6557.787856</timestamp>
			</report>
			<report>
				<misses>262300000</misses>
				<total>6</total>
				<timestamp>6560.289976</timestamp>
			</report>
			<report>
				<misses>262400000</misses>
				<total>6</total>
				<timestamp>6562.791013</timestamp>
			</report>
			<report>
				<misses>262500000</misses>
				<total>6</total>
				<timestamp>6565.291036</timestamp>
			</report>
			<report>
				<misses>262600000</misses>
				<total>6</total>
				<timestamp>6567.791352</timestamp>
			</report>
			<report>
				<misses>262700000</misses>
				<total>6</total>
				<timestamp>6570.291749</timestamp>
			</report>
			<report>
				<misses>262800000</misses>
				<total>6</total>
				<timestamp>6572.792564</timestamp>
			</report>
			<report>
				<misses>262900000</misses>
				<total>6</total>
				<timestamp>6575.293270</timestamp>
			</report>
			<report>
				<misses>263000000</misses>
				<total>6</total>
				<timestamp>6577.794069</timestamp>
			</report>
			<report>
				<misses>263100000</misses>
				<total>6</total>
				<timestamp>6580.295051</timestamp>
			</report>
			<report>
				<misses>263200000</misses>
				<total>6</total>
				<timestamp>6582.795595</timestamp>
			</report>
			<report>
				<misses>263300000</misses>
				<total>6</total>
				<timestamp>6585.295620</timestamp>
			</report>
			<report>
				<misses>263400000</misses>
				<total>6</total>
				<timestamp>6587.796179</timestamp>
			</report>
			<report>
				<misses>263500000</misses>
				<total>6</total>
				<timestamp>6590.296228</timestamp>
			</report>
			<report>
				<misses>263600000</misses>
				<total>6</total>
				<timestamp>6592.796780</timestamp>
			</report>
			<report>
				<misses>263700000</misses>
				<total>6</total>
				<timestamp>6595.297176</timestamp>
			</report>
			<report>
				<misses>263800000</misses>
				<total>6</total>
				<timestamp>6597.797930</timestamp>
			</report>
			<report>
				<misses>263900000</misses>
				<total>6</total>
				<timestamp>6600.298192</timestamp>
			</report>
			<report>
				<misses>264000000</misses>
				<total>6</total>
				<timestamp>6602.798623</timestamp>
			</report>
			<report>
				<misses>264100000</misses>
				<total>6</total>
				<timestamp>6605.298830</timestamp>
			</report>
			<report>
				<misses>264200000</misses>
				<total>6</total>
				<timestamp>6607.800900</timestamp>
			</report>
			<report>
				<misses>264300000</misses>
				<total>6</total>
				<timestamp>6610.302500</timestamp>
			</report>
			<report>
				<misses>264400000</misses>
				<total>6</total>
				<timestamp>6612.804991</timestamp>
			</report>
			<report>
				<misses>264500000</misses>
				<total>6</total>
				<timestamp>6615.306555</timestamp>
			</report>
			<report>
				<misses>264600000</misses>
				<total>6</total>
				<timestamp>6617.807230</timestamp>
			</report>
			<report>
				<misses>264700000</misses>
				<total>6</total>
				<timestamp>6620.307619</timestamp>
			</report>
			<report>
				<misses>264800000</misses>
				<total>6</total>
				<timestamp>6622.808084</timestamp>
			</report>
			<report>
				<misses>264900000</misses>
				<total>6</total>
				<timestamp>6625.308163</timestamp>
			</report>
			<report>
				<misses>265000000</misses>
				<total>6</total>
				<timestamp>6627.808173</timestamp>
			</report>
			<report>
				<misses>265100000</misses>
				<total>6</total>
				<timestamp>6630.308205</timestamp>
			</report>
			<report>
				<misses>265200000</misses>
				<total>6</total>
				<timestamp>6632.809284</timestamp>
			</report>
			<report>
				<misses>265300000</misses>
				<total>6</total>
				<timestamp>6635.311762</timestamp>
			</report>
			<report>
				<misses>265400000</misses>
				<total>6</total>
				<timestamp>6637.812392</timestamp>
			</report>
			<report>
				<misses>265500000</misses>
				<total>6</total>
				<timestamp>6640.313837</timestamp>
			</report>
			<report>
				<misses>265600000</misses>
				<total>6</total>
				<timestamp>6642.814665</timestamp>
			</report>
			<report>
				<misses>265700000</misses>
				<total>6</total>
				<timestamp>6645.317799</timestamp>
			</report>
			<report>
				<misses>265800000</misses>
				<total>6</total>
				<timestamp>6647.818370</timestamp>
			</report>
			<report>
				<misses>265900000</misses>
				<total>6</total>
				<timestamp>6650.319298</timestamp>
			</report>
			<report>
				<misses>266000000</misses>
				<total>6</total>
				<timestamp>6652.819610</timestamp>
			</report>
			<report>
				<misses>266100000</misses>
				<total>6</total>
				<timestamp>6655.319647</timestamp>
			</report>
			<report>
				<misses>266200000</misses>
				<total>6</total>
				<timestamp>6657.821408</timestamp>
			</report>
			<report>
				<misses>266300000</misses>
				<total>6</total>
				<timestamp>6660.321681</timestamp>
			</report>
			<report>
				<misses>266400000</misses>
				<total>6</total>
				<timestamp>6662.823215</timestamp>
			</report>
			<report>
				<misses>266500000</misses>
				<total>6</total>
				<timestamp>6665.325024</timestamp>
			</report>
			<report>
				<misses>266600000</misses>
				<total>6</total>
				<timestamp>6667.827104</timestamp>
			</report>
			<report>
				<misses>266700000</misses>
				<total>6</total>
				<timestamp>6670.329398</timestamp>
			</report>
			<report>
				<misses>266800000</misses>
				<total>6</total>
				<timestamp>6672.831387</timestamp>
			</report>
			<report>
				<misses>266900000</misses>
				<total>6</total>
				<timestamp>6675.332071</timestamp>
			</report>
			<report>
				<misses>267000000</misses>
				<total>6</total>
				<timestamp>6677.832733</timestamp>
			</report>
			<report>
				<misses>267100000</misses>
				<total>6</total>
				<timestamp>6680.333028</timestamp>
			</report>
			<report>
				<misses>267200000</misses>
				<total>6</total>
				<timestamp>6682.836298</timestamp>
			</report>
			<report>
				<misses>267300000</misses>
				<total>6</total>
				<timestamp>6685.337588</timestamp>
			</report>
			<report>
				<misses>267400000</misses>
				<total>6</total>
				<timestamp>6687.838339</timestamp>
			</report>
			<report>
				<misses>267500000</misses>
				<total>6</total>
				<timestamp>6690.340249</timestamp>
			</report>
			<report>
				<misses>267600000</misses>
				<total>6</total>
				<timestamp>6692.841968</timestamp>
			</report>
			<report>
				<misses>267700000</misses>
				<total>6</total>
				<timestamp>6695.342078</timestamp>
			</report>
			<report>
				<misses>267800000</misses>
				<total>6</total>
				<timestamp>6697.842201</timestamp>
			</report>
			<report>
				<misses>267900000</misses>
				<total>6</total>
				<timestamp>6700.342287</timestamp>
			</report>
			<report>
				<misses>268000000</misses>
				<total>6</total>
				<timestamp>6702.842397</timestamp>
			</report>
			<report>
				<misses>268100000</misses>
				<total>6</total>
				<timestamp>6705.343528</timestamp>
			</report>
			<report>
				<misses>268200000</misses>
				<total>6</total>
				<timestamp>6707.844504</timestamp>
			</report>
			<report>
				<misses>268300000</misses>
				<total>6</total>
				<timestamp>6710.344662</timestamp>
			</report>
			<report>
				<misses>268400000</misses>
				<total>6</total>
				<timestamp>6712.845906</timestamp>
			</report>
			<report>
				<misses>268500000</misses>
				<total>6</total>
				<timestamp>6715.346581</timestamp>
			</report>
			<report>
				<misses>268600000</misses>
				<total>6</total>
				<timestamp>6717.846659</timestamp>
			</report>
			<report>
				<misses>268700000</misses>
				<total>6</total>
				<timestamp>6720.346710</timestamp>
			</report>
			<report>
				<misses>268800000</misses>
				<total>6</total>
				<timestamp>6722.846727</timestamp>
			</report>
			<report>
				<misses>268900000</misses>
				<total>6</total>
				<timestamp>6725.348555</timestamp>
			</report>
			<report>
				<misses>269000000</misses>
				<total>6</total>
				<timestamp>6727.849968</timestamp>
			</report>
			<report>
				<misses>269100000</misses>
				<total>6</total>
				<timestamp>6730.351070</timestamp>
			</report>
			<report>
				<misses>269200000</misses>
				<total>6</total>
				<timestamp>6732.853647</timestamp>
			</report>
			<report>
				<misses>269300000</misses>
				<total>6</total>
				<timestamp>6735.354629</timestamp>
			</report>
			<report>
				<misses>269400000</misses>
				<total>6</total>
				<timestamp>6737.855049</timestamp>
			</report>
			<report>
				<misses>269500000</misses>
				<total>6</total>
				<timestamp>6740.356196</timestamp>
			</report>
			<report>
				<misses>269600000</misses>
				<total>6</total>
				<timestamp>6742.859250</timestamp>
			</report>
			<report>
				<misses>269700000</misses>
				<total>6</total>
				<timestamp>6745.361866</timestamp>
			</report>
			<report>
				<misses>269800000</misses>
				<total>6</total>
				<timestamp>6747.862718</timestamp>
			</report>
			<report>
				<misses>269900000</misses>
				<total>6</total>
				<timestamp>6750.362739</timestamp>
			</report>
			<report>
				<misses>270000000</misses>
				<total>6</total>
				<timestamp>6752.862870</timestamp>
			</report>
			<report>
				<misses>270100000</misses>
				<total>6</total>
				<timestamp>6755.363756</timestamp>
			</report>
			<report>
				<misses>270200000</misses>
				<total>6</total>
				<timestamp>6757.863932</timestamp>
			</report>
			<report>
				<misses>270300000</misses>
				<total>6</total>
				<timestamp>6760.363945</timestamp>
			</report>
			<report>
				<misses>270400000</misses>
				<total>6</total>
				<timestamp>6762.865141</timestamp>
			</report>
			<report>
				<misses>270500000</misses>
				<total>6</total>
				<timestamp>6765.365384</timestamp>
			</report>
			<report>
				<misses>270600000</misses>
				<total>6</total>
				<timestamp>6767.866328</timestamp>
			</report>
			<report>
				<misses>270700000</misses>
				<total>6</total>
				<timestamp>6770.366820</timestamp>
			</report>
			<report>
				<misses>270800000</misses>
				<total>6</total>
				<timestamp>6772.867407</timestamp>
			</report>
			<report>
				<misses>270900000</misses>
				<total>6</total>
				<timestamp>6775.369323</timestamp>
			</report>
			<report>
				<misses>271000000</misses>
				<total>6</total>
				<timestamp>6777.869423</timestamp>
			</report>
			<report>
				<misses>271100000</misses>
				<total>6</total>
				<timestamp>6780.370141</timestamp>
			</report>
			<report>
				<misses>271200000</misses>
				<total>6</total>
				<timestamp>6782.870678</timestamp>
			</report>
			<report>
				<misses>271300000</misses>
				<total>6</total>
				<timestamp>6785.370697</timestamp>
			</report>
			<report>
				<misses>271400000</misses>
				<total>6</total>
				<timestamp>6787.871159</timestamp>
			</report>
			<report>
				<misses>271500000</misses>
				<total>6</total>
				<timestamp>6790.371399</timestamp>
			</report>
			<report>
				<misses>271600000</misses>
				<total>6</total>
				<timestamp>6792.873584</timestamp>
			</report>
			<report>
				<misses>271700000</misses>
				<total>6</total>
				<timestamp>6795.375491</timestamp>
			</report>
			<report>
				<misses>271800000</misses>
				<total>6</total>
				<timestamp>6797.875542</timestamp>
			</report>
			<report>
				<misses>271900000</misses>
				<total>6</total>
				<timestamp>6800.375551</timestamp>
			</report>
			<report>
				<misses>272000000</misses>
				<total>6</total>
				<timestamp>6802.875569</timestamp>
			</report>
			<report>
				<misses>272100000</misses>
				<total>6</total>
				<timestamp>6805.375571</timestamp>
			</report>
			<report>
				<misses>272200000</misses>
				<total>6</total>
				<timestamp>6807.876358</timestamp>
			</report>
			<report>
				<misses>272300000</misses>
				<total>6</total>
				<timestamp>6810.378396</timestamp>
			</report>
			<report>
				<misses>272400000</misses>
				<total>6</total>
				<timestamp>6812.879933</timestamp>
			</report>
			<report>
				<misses>272500000</misses>
				<total>6</total>
				<timestamp>6815.382019</timestamp>
			</report>
			<report>
				<misses>272600000</misses>
				<total>6</total>
				<timestamp>6817.883744</timestamp>
			</report>
			<report>
				<misses>272700000</misses>
				<total>6</total>
				<timestamp>6820.383773</timestamp>
			</report>
			<report>
				<misses>272800000</misses>
				<total>6</total>
				<timestamp>6822.883799</timestamp>
			</report>
			<report>
				<misses>272900000</misses>
				<total>6</total>
				<timestamp>6825.383841</timestamp>
			</report>
			<report>
				<misses>273000000</misses>
				<total>6</total>
				<timestamp>6827.884031</timestamp>
			</report>
			<report>
				<misses>273100000</misses>
				<total>6</total>
				<timestamp>6830.384516</timestamp>
			</report>
			<report>
				<misses>273200000</misses>
				<total>6</total>
				<timestamp>6832.885874</timestamp>
			</report>
			<report>
				<misses>273300000</misses>
				<total>6</total>
				<timestamp>6835.386982</timestamp>
			</report>
			<report>
				<misses>273400000</misses>
				<total>6</total>
				<timestamp>6837.887192</timestamp>
			</report>
			<report>
				<misses>273500000</misses>
				<total>6</total>
				<timestamp>6840.387224</timestamp>
			</report>
			<report>
				<misses>273600000</misses>
				<total>6</total>
				<timestamp>6842.887365</timestamp>
			</report>
			<report>
				<misses>273700000</misses>
				<total>6</total>
				<timestamp>6845.388451</timestamp>
			</report>
			<report>
				<misses>273800000</misses>
				<total>6</total>
				<timestamp>6847.889218</timestamp>
			</report>
			<report>
				<misses>273900000</misses>
				<total>6</total>
				<timestamp>6850.390064</timestamp>
			</report>
			<report>
				<misses>274000000</misses>
				<total>6</total>
				<timestamp>6852.891786</timestamp>
			</report>
			<report>
				<misses>274100000</misses>
				<total>6</total>
				<timestamp>6855.394079</timestamp>
			</report>
			<report>
				<misses>274200000</misses>
				<total>6</total>
				<timestamp>6857.896348</timestamp>
			</report>
			<report>
				<misses>274300000</misses>
				<total>6</total>
				<timestamp>6860.399998</timestamp>
			</report>
			<report>
				<misses>274400000</misses>
				<total>6</total>
				<timestamp>6862.902387</timestamp>
			</report>
			<report>
				<misses>274500000</misses>
				<total>6</total>
				<timestamp>6865.402922</timestamp>
			</report>
			<report>
				<misses>274600000</misses>
				<total>6</total>
				<timestamp>6867.903497</timestamp>
			</report>
			<report>
				<misses>274700000</misses>
				<total>6</total>
				<timestamp>6870.405867</timestamp>
			</report>
			<report>
				<misses>274800000</misses>
				<total>6</total>
				<timestamp>6872.907518</timestamp>
			</report>
			<report>
				<misses>274900000</misses>
				<total>6</total>
				<timestamp>6875.408840</timestamp>
			</report>
			<report>
				<misses>275000000</misses>
				<total>6</total>
				<timestamp>6877.909768</timestamp>
			</report>
			<report>
				<misses>275100000</misses>
				<total>6</total>
				<timestamp>6880.410070</timestamp>
			</report>
			<report>
				<misses>275200000</misses>
				<total>6</total>
				<timestamp>6882.910103</timestamp>
			</report>
			<report>
				<misses>275300000</misses>
				<total>6</total>
				<timestamp>6885.410996</timestamp>
			</report>
			<report>
				<misses>275400000</misses>
				<total>6</total>
				<timestamp>6887.911117</timestamp>
			</report>
			<report>
				<misses>275500000</misses>
				<total>6</total>
				<timestamp>6890.411319</timestamp>
			</report>
			<report>
				<misses>275600000</misses>
				<total>6</total>
				<timestamp>6892.911702</timestamp>
			</report>
			<report>
				<misses>275700000</misses>
				<total>6</total>
				<timestamp>6895.412633</timestamp>
			</report>
			<report>
				<misses>275800000</misses>
				<total>6</total>
				<timestamp>6897.914128</timestamp>
			</report>
			<report>
				<misses>275900000</misses>
				<total>6</total>
				<timestamp>6900.415819</timestamp>
			</report>
			<report>
				<misses>276000000</misses>
				<total>6</total>
				<timestamp>6902.918849</timestamp>
			</report>
			<report>
				<misses>276100000</misses>
				<total>6</total>
				<timestamp>6905.420202</timestamp>
			</report>
			<report>
				<misses>276200000</misses>
				<total>6</total>
				<timestamp>6907.923478</timestamp>
			</report>
			<report>
				<misses>276300000</misses>
				<total>6</total>
				<timestamp>6910.424138</timestamp>
			</report>
			<report>
				<misses>276400000</misses>
				<total>6</total>
				<timestamp>6912.924155</timestamp>
			</report>
			<report>
				<misses>276500000</misses>
				<total>6</total>
				<timestamp>6915.424784</timestamp>
			</report>
			<report>
				<misses>276600000</misses>
				<total>6</total>
				<timestamp>6917.925904</timestamp>
			</report>
			<report>
				<misses>276700000</misses>
				<total>6</total>
				<timestamp>6920.425933</timestamp>
			</report>
			<report>
				<misses>276800000</misses>
				<total>6</total>
				<timestamp>6922.926745</timestamp>
			</report>
			<report>
				<misses>276900000</misses>
				<total>6</total>
				<timestamp>6925.427688</timestamp>
			</report>
			<report>
				<misses>277000000</misses>
				<total>6</total>
				<timestamp>6927.928670</timestamp>
			</report>
			<report>
				<misses>277100000</misses>
				<total>6</total>
				<timestamp>6930.428765</timestamp>
			</report>
			<report>
				<misses>277200000</misses>
				<total>6</total>
				<timestamp>6932.928856</timestamp>
			</report>
			<report>
				<misses>277300000</misses>
				<total>6</total>
				<timestamp>6935.429060</timestamp>
			</report>
			<report>
				<misses>277400000</misses>
				<total>6</total>
				<timestamp>6937.929300</timestamp>
			</report>
			<report>
				<misses>277500000</misses>
				<total>6</total>
				<timestamp>6940.429444</timestamp>
			</report>
			<report>
				<misses>277600000</misses>
				<total>6</total>
				<timestamp>6942.929599</timestamp>
			</report>
			<report>
				<misses>277700000</misses>
				<total>6</total>
				<timestamp>6945.430575</timestamp>
			</report>
			<report>
				<misses>277800000</misses>
				<total>6</total>
				<timestamp>6947.930887</timestamp>
			</report>
			<report>
				<misses>277900000</misses>
				<total>6</total>
				<timestamp>6950.431055</timestamp>
			</report>
			<report>
				<misses>278000000</misses>
				<total>6</total>
				<timestamp>6952.931915</timestamp>
			</report>
			<report>
				<misses>278100000</misses>
				<total>6</total>
				<timestamp>6955.433674</timestamp>
			</report>
			<report>
				<misses>278200000</misses>
				<total>6</total>
				<timestamp>6957.934028</timestamp>
			</report>
			<report>
				<misses>278300000</misses>
				<total>6</total>
				<timestamp>6960.434457</timestamp>
			</report>
			<report>
				<misses>278400000</misses>
				<total>6</total>
				<timestamp>6962.937103</timestamp>
			</report>
			<report>
				<misses>278500000</misses>
				<total>6</total>
				<timestamp>6965.440403</timestamp>
			</report>
			<report>
				<misses>278600000</misses>
				<total>6</total>
				<timestamp>6967.941737</timestamp>
			</report>
			<report>
				<misses>278700000</misses>
				<total>6</total>
				<timestamp>6970.443806</timestamp>
			</report>
			<report>
				<misses>278800000</misses>
				<total>6</total>
				<timestamp>6972.944899</timestamp>
			</report>
			<report>
				<misses>278900000</misses>
				<total>6</total>
				<timestamp>6975.445660</timestamp>
			</report>
			<report>
				<misses>279000000</misses>
				<total>6</total>
				<timestamp>6977.946013</timestamp>
			</report>
			<report>
				<misses>279100000</misses>
				<total>6</total>
				<timestamp>6980.446084</timestamp>
			</report>
			<report>
				<misses>279200000</misses>
				<total>6</total>
				<timestamp>6982.947777</timestamp>
			</report>
			<report>
				<misses>279300000</misses>
				<total>6</total>
				<timestamp>6985.447929</timestamp>
			</report>
			<report>
				<misses>279400000</misses>
				<total>6</total>
				<timestamp>6987.948042</timestamp>
			</report>
			<report>
				<misses>279500000</misses>
				<total>6</total>
				<timestamp>6990.449385</timestamp>
			</report>
			<report>
				<misses>279600000</misses>
				<total>6</total>
				<timestamp>6992.950168</timestamp>
			</report>
			<report>
				<misses>279700000</misses>
				<total>6</total>
				<timestamp>6995.451810</timestamp>
			</report>
			<report>
				<misses>279800000</misses>
				<total>6</total>
				<timestamp>6997.951889</timestamp>
			</report>
			<report>
				<misses>279900000</misses>
				<total>6</total>
				<timestamp>7000.451917</timestamp>
			</report>
			<report>
				<misses>280000000</misses>
				<total>6</total>
				<timestamp>7002.953833</timestamp>
			</report>
			<report>
				<misses>280100000</misses>
				<total>6</total>
				<timestamp>7005.454145</timestamp>
			</report>
			<report>
				<misses>280200000</misses>
				<total>6</total>
				<timestamp>7007.955780</timestamp>
			</report>
			<report>
				<misses>280300000</misses>
				<total>6</total>
				<timestamp>7010.456992</timestamp>
			</report>
			<report>
				<misses>280400000</misses>
				<total>6</total>
				<timestamp>7012.957730</timestamp>
			</report>
			<report>
				<misses>280500000</misses>
				<total>6</total>
				<timestamp>7015.457856</timestamp>
			</report>
			<report>
				<misses>280600000</misses>
				<total>6</total>
				<timestamp>7017.957924</timestamp>
			</report>
			<report>
				<misses>280700000</misses>
				<total>6</total>
				<timestamp>7020.457951</timestamp>
			</report>
			<report>
				<misses>280800000</misses>
				<total>6</total>
				<timestamp>7022.957975</timestamp>
			</report>
			<report>
				<misses>280900000</misses>
				<total>6</total>
				<timestamp>7025.458130</timestamp>
			</report>
			<report>
				<misses>281000000</misses>
				<total>6</total>
				<timestamp>7027.958210</timestamp>
			</report>
			<report>
				<misses>281100000</misses>
				<total>6</total>
				<timestamp>7030.458469</timestamp>
			</report>
			<report>
				<misses>281200000</misses>
				<total>6</total>
				<timestamp>7032.958536</timestamp>
			</report>
			<report>
				<misses>281300000</misses>
				<total>6</total>
				<timestamp>7035.460335</timestamp>
			</report>
			<report>
				<misses>281400000</misses>
				<total>6</total>
				<timestamp>7037.961540</timestamp>
			</report>
			<report>
				<misses>281500000</misses>
				<total>6</total>
				<timestamp>7040.462299</timestamp>
			</report>
			<report>
				<misses>281600000</misses>
				<total>6</total>
				<timestamp>7042.963999</timestamp>
			</report>
			<report>
				<misses>281700000</misses>
				<total>6</total>
				<timestamp>7045.464856</timestamp>
			</report>
			<report>
				<misses>281800000</misses>
				<total>6</total>
				<timestamp>7047.966838</timestamp>
			</report>
			<report>
				<misses>281900000</misses>
				<total>6</total>
				<timestamp>7050.466976</timestamp>
			</report>
			<report>
				<misses>282000000</misses>
				<total>6</total>
				<timestamp>7052.967011</timestamp>
			</report>
			<report>
				<misses>282100000</misses>
				<total>6</total>
				<timestamp>7055.467102</timestamp>
			</report>
			<report>
				<misses>282200000</misses>
				<total>6</total>
				<timestamp>7057.968416</timestamp>
			</report>
			<report>
				<misses>282300000</misses>
				<total>6</total>
				<timestamp>7060.468850</timestamp>
			</report>
			<report>
				<misses>282400000</misses>
				<total>6</total>
				<timestamp>7062.968966</timestamp>
			</report>
			<report>
				<misses>282500000</misses>
				<total>6</total>
				<timestamp>7065.469825</timestamp>
			</report>
			<report>
				<misses>282600000</misses>
				<total>6</total>
				<timestamp>7067.969963</timestamp>
			</report>
			<report>
				<misses>282700000</misses>
				<total>6</total>
				<timestamp>7070.470078</timestamp>
			</report>
			<report>
				<misses>282800000</misses>
				<total>6</total>
				<timestamp>7072.971252</timestamp>
			</report>
			<report>
				<misses>282900000</misses>
				<total>6</total>
				<timestamp>7075.471445</timestamp>
			</report>
			<report>
				<misses>283000000</misses>
				<total>6</total>
				<timestamp>7077.972061</timestamp>
			</report>
			<report>
				<misses>283100000</misses>
				<total>6</total>
				<timestamp>7080.472105</timestamp>
			</report>
			<report>
				<misses>283200000</misses>
				<total>6</total>
				<timestamp>7082.972125</timestamp>
			</report>
			<report>
				<misses>283300000</misses>
				<total>6</total>
				<timestamp>7085.472693</timestamp>
			</report>
			<report>
				<misses>283400000</misses>
				<total>6</total>
				<timestamp>7087.972801</timestamp>
			</report>
			<report>
				<misses>283500000</misses>
				<total>6</total>
				<timestamp>7090.473795</timestamp>
			</report>
			<report>
				<misses>283600000</misses>
				<total>6</total>
				<timestamp>7092.975838</timestamp>
			</report>
			<report>
				<misses>283700000</misses>
				<total>6</total>
				<timestamp>7095.476254</timestamp>
			</report>
			<report>
				<misses>283800000</misses>
				<total>6</total>
				<timestamp>7097.976804</timestamp>
			</report>
			<report>
				<misses>283900000</misses>
				<total>6</total>
				<timestamp>7100.476843</timestamp>
			</report>
			<report>
				<misses>284000000</misses>
				<total>6</total>
				<timestamp>7102.977770</timestamp>
			</report>
			<report>
				<misses>284100000</misses>
				<total>6</total>
				<timestamp>7105.477830</timestamp>
			</report>
			<report>
				<misses>284200000</misses>
				<total>6</total>
				<timestamp>7107.977881</timestamp>
			</report>
			<report>
				<misses>284300000</misses>
				<total>6</total>
				<timestamp>7110.478478</timestamp>
			</report>
			<report>
				<misses>284400000</misses>
				<total>6</total>
				<timestamp>7112.979352</timestamp>
			</report>
			<report>
				<misses>284500000</misses>
				<total>6</total>
				<timestamp>7115.479817</timestamp>
			</report>
			<report>
				<misses>284600000</misses>
				<total>6</total>
				<timestamp>7117.980226</timestamp>
			</report>
			<report>
				<misses>284700000</misses>
				<total>6</total>
				<timestamp>7120.481636</timestamp>
			</report>
			<report>
				<misses>284800000</misses>
				<total>6</total>
				<timestamp>7122.981700</timestamp>
			</report>
			<report>
				<misses>284900000</misses>
				<total>6</total>
				<timestamp>7125.481720</timestamp>
			</report>
			<report>
				<misses>285000000</misses>
				<total>6</total>
				<timestamp>7127.982172</timestamp>
			</report>
			<report>
				<misses>285100000</misses>
				<total>6</total>
				<timestamp>7130.482351</timestamp>
			</report>
			<report>
				<misses>285200000</misses>
				<total>6</total>
				<timestamp>7132.982581</timestamp>
			</report>
			<report>
				<misses>285300000</misses>
				<total>6</total>
				<timestamp>7135.486160</timestamp>
			</report>
			<report>
				<misses>285400000</misses>
				<total>6</total>
				<timestamp>7137.987909</timestamp>
			</report>
			<report>
				<misses>285500000</misses>
				<total>6</total>
				<timestamp>7140.487930</timestamp>
			</report>
			<report>
				<misses>285600000</misses>
				<total>6</total>
				<timestamp>7142.989032</timestamp>
			</report>
			<report>
				<misses>285700000</misses>
				<total>6</total>
				<timestamp>7145.489939</timestamp>
			</report>
			<report>
				<misses>285800000</misses>
				<total>6</total>
				<timestamp>7147.990066</timestamp>
			</report>
			<report>
				<misses>285900000</misses>
				<total>6</total>
				<timestamp>7150.490100</timestamp>
			</report>
			<report>
				<misses>286000000</misses>
				<total>6</total>
				<timestamp>7152.990282</timestamp>
			</report>
			<report>
				<misses>286100000</misses>
				<total>6</total>
				<timestamp>7155.490470</timestamp>
			</report>
			<report>
				<misses>286200000</misses>
				<total>6</total>
				<timestamp>7157.991292</timestamp>
			</report>
			<report>
				<misses>286300000</misses>
				<total>6</total>
				<timestamp>7160.491352</timestamp>
			</report>
			<report>
				<misses>286400000</misses>
				<total>6</total>
				<timestamp>7162.991403</timestamp>
			</report>
			<report>
				<misses>286500000</misses>
				<total>6</total>
				<timestamp>7165.491869</timestamp>
			</report>
			<report>
				<misses>286600000</misses>
				<total>6</total>
				<timestamp>7167.993098</timestamp>
			</report>
			<report>
				<misses>286700000</misses>
				<total>6</total>
				<timestamp>7170.493881</timestamp>
			</report>
			<report>
				<misses>286800000</misses>
				<total>6</total>
				<timestamp>7172.994092</timestamp>
			</report>
			<report>
				<misses>286900000</misses>
				<total>6</total>
				<timestamp>7175.494592</timestamp>
			</report>
			<report>
				<misses>287000000</misses>
				<total>6</total>
				<timestamp>7177.996282</timestamp>
			</report>
			<report>
				<misses>287100000</misses>
				<total>6</total>
				<timestamp>7180.497214</timestamp>
			</report>
			<report>
				<misses>287200000</misses>
				<total>6</total>
				<timestamp>7182.999268</timestamp>
			</report>
			<report>
				<misses>287300000</misses>
				<total>6</total>
				<timestamp>7185.499818</timestamp>
			</report>
			<report>
				<misses>287400000</misses>
				<total>6</total>
				<timestamp>7188.000015</timestamp>
			</report>
			<report>
				<misses>287500000</misses>
				<total>6</total>
				<timestamp>7190.500616</timestamp>
			</report>
			<report>
				<misses>287600000</misses>
				<total>6</total>
				<timestamp>7193.001868</timestamp>
			</report>
			<report>
				<misses>287700000</misses>
				<total>6</total>
				<timestamp>7195.501944</timestamp>
			</report>
			<report>
				<misses>287800000</misses>
				<total>6</total>
				<timestamp>7198.002159</timestamp>
			</report>
		</query>
	</custom>
	<ethtool_statistic>
		<rx_packets>
			<start>5727063758</start>
			<end>6062211896</end>
		</rx_packets>
		<tx_packets>
			<start>7511880270</start>
			<end>8000999173</end>
		</tx_packets>
		<rx_dropped>
			<start>250</start>
			<end>250</end>
		</rx_dropped>
		<tx_dropped>
			<start>0</start>
			<end>0</end>
		</tx_dropped>
		<collisions>
			<start>0</start>
			<end>0</end>
		</collisions>
		<port_tx_errors>
			<start>0</start>
			<end>0</end>
		</port_tx_errors>
		<port_rx_dropped>
			<start>0</start>
			<end>0</end>
		</port_rx_dropped>
		<port_tx_dropped_link_down>
			<start>3877</start>
			<end>3877</end>
		</port_tx_dropped_link_down>
	</ethtool_statistic>
	<ip_statistic>
		<mtu>
			<start>9000</start>
			<end>9000</end>
		</mtu>
		<rx_bytes>
			<start>51484669307093</start>
			<end>54497592615336</end>
		</rx_bytes>
		<rx_packets>
			<start>5727063852</start>
			<end>6062211965</end>
		</rx_packets>
		<rx_errors>
			<start>0</start>
			<end>0</end>
		</rx_errors>
		<rx_dropped>
			<start>250</start>
			<end>250</end>
		</rx_dropped>
		<rx_missed>
			<start>0</start>
			<end>0</end>
		</rx_missed>
		<rx_mcast>
			<start>1920</start>
			<end>2079</end>
		</rx_mcast>
		<tx_bytes>
			<start>50659137464502</start>
			<end>52503702146186</end>
		</tx_bytes>
		<tx_packets>
			<start>7511880322</start>
			<end>8000999236</end>
		</tx_packets>
		<tx_errors>
			<start>0</start>
			<end>0</end>
		</tx_errors>
		<tx_dropped>
			<start>0</start>
			<end>0</end>
		</tx_dropped>
		<tx_carrier>
			<start>0</start>
			<end>0</end>
		</tx_carrier>
		<tx_collisions>
			<start>0</start>
			<end>0</end>
		</tx_collisions>
	</ip_statistic>
	<netstat_statistic>
		<udp_pkg_rec>
			<start>5431785928</start>
			<end>5753020801</end>
		</udp_pkg_rec>
		<udp_pkg_snt>
			<start>5620565630</start>
			<end>6109739153</end>
		</udp_pkg_snt>
		<udp_rec_err>
			<start>295900494</start>
			<end>309849661</end>
		</udp_rec_err>
		<udp_rec_buf_err>
			<start>295900494</start>
			<end>309849661</end>
		</udp_rec_buf_err>
		<udp_snt_buf_err>
			<start>0</start>
			<end>0</end>
		</udp_snt_buf_err>
	</netstat_statistic>
</test_results>
