<?xml version="1.0"?>
<test_results>
	<status>STATUS_SUCCESS</status>
	<custom>
		<num_loss>674</num_loss>
		<num_total>5000001</num_total>
		<num_misses>241</num_misses>
		<elapsed_time>799.238928</elapsed_time>
		<query>
			<report>
				<misses>1001</misses>
				<total>5</total>
				<timestamp>0.160063</timestamp>
			</report>
			<report>
				<misses>2001</misses>
				<total>5</total>
				<timestamp>0.319903</timestamp>
			</report>
			<report>
				<misses>3001</misses>
				<total>5</total>
				<timestamp>0.479714</timestamp>
			</report>
			<report>
				<misses>4001</misses>
				<total>5</total>
				<timestamp>0.639557</timestamp>
			</report>
			<report>
				<misses>5001</misses>
				<total>5</total>
				<timestamp>0.799382</timestamp>
			</report>
			<report>
				<misses>6001</misses>
				<total>5</total>
				<timestamp>0.959242</timestamp>
			</report>
			<report>
				<misses>7001</misses>
				<total>5</total>
				<timestamp>1.119077</timestamp>
			</report>
			<report>
				<misses>8001</misses>
				<total>5</total>
				<timestamp>1.278905</timestamp>
			</report>
			<report>
				<misses>9001</misses>
				<total>5</total>
				<timestamp>1.438729</timestamp>
			</report>
			<report>
				<misses>10001</misses>
				<total>5</total>
				<timestamp>1.598595</timestamp>
			</report>
			<report>
				<misses>11001</misses>
				<total>6</total>
				<timestamp>1.758416</timestamp>
			</report>
			<report>
				<misses>12001</misses>
				<total>6</total>
				<timestamp>1.918266</timestamp>
			</report>
			<report>
				<misses>13001</misses>
				<total>6</total>
				<timestamp>2.078092</timestamp>
			</report>
			<report>
				<misses>14001</misses>
				<total>6</total>
				<timestamp>2.237952</timestamp>
			</report>
			<report>
				<misses>15001</misses>
				<total>6</total>
				<timestamp>2.397801</timestamp>
			</report>
			<report>
				<misses>16001</misses>
				<total>6</total>
				<timestamp>2.557666</timestamp>
			</report>
			<report>
				<misses>17001</misses>
				<total>6</total>
				<timestamp>2.717516</timestamp>
			</report>
			<report>
				<misses>18001</misses>
				<total>6</total>
				<timestamp>2.877479</timestamp>
			</report>
			<report>
				<misses>19001</misses>
				<total>6</total>
				<timestamp>3.037303</timestamp>
			</report>
			<report>
				<misses>20001</misses>
				<total>6</total>
				<timestamp>3.197141</timestamp>
			</report>
			<report>
				<misses>21001</misses>
				<total>5</total>
				<timestamp>3.357012</timestamp>
			</report>
			<report>
				<misses>22001</misses>
				<total>6</total>
				<timestamp>3.517016</timestamp>
			</report>
			<report>
				<misses>23001</misses>
				<total>6</total>
				<timestamp>3.676838</timestamp>
			</report>
			<report>
				<misses>24001</misses>
				<total>6</total>
				<timestamp>3.836659</timestamp>
			</report>
			<report>
				<misses>25001</misses>
				<total>5</total>
				<timestamp>3.996836</timestamp>
			</report>
			<report>
				<misses>26001</misses>
				<total>6</total>
				<timestamp>4.156676</timestamp>
			</report>
			<report>
				<misses>27001</misses>
				<total>6</total>
				<timestamp>4.316517</timestamp>
			</report>
			<report>
				<misses>28001</misses>
				<total>6</total>
				<timestamp>4.476360</timestamp>
			</report>
			<report>
				<misses>29001</misses>
				<total>6</total>
				<timestamp>4.636516</timestamp>
			</report>
			<report>
				<misses>30001</misses>
				<total>6</total>
				<timestamp>4.796357</timestamp>
			</report>
			<report>
				<misses>31001</misses>
				<total>6</total>
				<timestamp>4.956180</timestamp>
			</report>
			<report>
				<misses>32001</misses>
				<total>6</total>
				<timestamp>5.116055</timestamp>
			</report>
			<report>
				<misses>33001</misses>
				<total>6</total>
				<timestamp>5.275862</timestamp>
			</report>
			<report>
				<misses>34001</misses>
				<total>6</total>
				<timestamp>5.435710</timestamp>
			</report>
			<report>
				<misses>35001</misses>
				<total>6</total>
				<timestamp>5.595561</timestamp>
			</report>
			<report>
				<misses>36001</misses>
				<total>6</total>
				<timestamp>5.755407</timestamp>
			</report>
			<report>
				<misses>37001</misses>
				<total>6</total>
				<timestamp>5.915367</timestamp>
			</report>
			<report>
				<misses>38001</misses>
				<total>6</total>
				<timestamp>6.075368</timestamp>
			</report>
			<report>
				<misses>39001</misses>
				<total>6</total>
				<timestamp>6.235236</timestamp>
			</report>
			<report>
				<misses>40001</misses>
				<total>6</total>
				<timestamp>6.395161</timestamp>
			</report>
			<report>
				<misses>41001</misses>
				<total>6</total>
				<timestamp>6.554991</timestamp>
			</report>
			<report>
				<misses>42001</misses>
				<total>6</total>
				<timestamp>6.714781</timestamp>
			</report>
			<report>
				<misses>43001</misses>
				<total>6</total>
				<timestamp>6.874663</timestamp>
			</report>
			<report>
				<misses>44001</misses>
				<total>6</total>
				<timestamp>7.034489</timestamp>
			</report>
			<report>
				<misses>45001</misses>
				<total>6</total>
				<timestamp>7.194321</timestamp>
			</report>
			<report>
				<misses>46001</misses>
				<total>6</total>
				<timestamp>7.354174</timestamp>
			</report>
			<report>
				<misses>47001</misses>
				<total>6</total>
				<timestamp>7.514096</timestamp>
			</report>
			<report>
				<misses>48001</misses>
				<total>6</total>
				<timestamp>7.674014</timestamp>
			</report>
			<report>
				<misses>49001</misses>
				<total>6</total>
				<timestamp>7.833821</timestamp>
			</report>
			<report>
				<misses>50001</misses>
				<total>6</total>
				<timestamp>7.993802</timestamp>
			</report>
			<report>
				<misses>51001</misses>
				<total>6</total>
				<timestamp>8.153757</timestamp>
			</report>
			<report>
				<misses>52001</misses>
				<total>6</total>
				<timestamp>8.313657</timestamp>
			</report>
			<report>
				<misses>53001</misses>
				<total>6</total>
				<timestamp>8.473493</timestamp>
			</report>
			<report>
				<misses>54001</misses>
				<total>6</total>
				<timestamp>8.633362</timestamp>
			</report>
			<report>
				<misses>55001</misses>
				<total>6</total>
				<timestamp>8.793204</timestamp>
			</report>
			<report>
				<misses>56001</misses>
				<total>6</total>
				<timestamp>8.953080</timestamp>
			</report>
			<report>
				<misses>57001</misses>
				<total>6</total>
				<timestamp>9.112811</timestamp>
			</report>
			<report>
				<misses>58001</misses>
				<total>6</total>
				<timestamp>9.272799</timestamp>
			</report>
			<report>
				<misses>59001</misses>
				<total>6</total>
				<timestamp>9.432824</timestamp>
			</report>
			<report>
				<misses>60001</misses>
				<total>6</total>
				<timestamp>9.592709</timestamp>
			</report>
			<report>
				<misses>61001</misses>
				<total>6</total>
				<timestamp>9.752588</timestamp>
			</report>
			<report>
				<misses>62001</misses>
				<total>6</total>
				<timestamp>9.912483</timestamp>
			</report>
			<report>
				<misses>63001</misses>
				<total>6</total>
				<timestamp>10.072419</timestamp>
			</report>
			<report>
				<misses>64001</misses>
				<total>6</total>
				<timestamp>10.232207</timestamp>
			</report>
			<report>
				<misses>65001</misses>
				<total>6</total>
				<timestamp>10.392053</timestamp>
			</report>
			<report>
				<misses>66001</misses>
				<total>6</total>
				<timestamp>10.551872</timestamp>
			</report>
			<report>
				<misses>67001</misses>
				<total>6</total>
				<timestamp>10.711735</timestamp>
			</report>
			<report>
				<misses>68001</misses>
				<total>6</total>
				<timestamp>10.871667</timestamp>
			</report>
			<report>
				<misses>69001</misses>
				<total>6</total>
				<timestamp>11.031499</timestamp>
			</report>
			<report>
				<misses>70001</misses>
				<total>12</total>
				<timestamp>11.191286</timestamp>
			</report>
			<report>
				<misses>71001</misses>
				<total>12</total>
				<timestamp>11.351152</timestamp>
			</report>
			<report>
				<misses>72001</misses>
				<total>12</total>
				<timestamp>11.510999</timestamp>
			</report>
			<report>
				<misses>73001</misses>
				<total>12</total>
				<timestamp>11.670739</timestamp>
			</report>
			<report>
				<misses>74001</misses>
				<total>12</total>
				<timestamp>11.830629</timestamp>
			</report>
			<report>
				<misses>75001</misses>
				<total>12</total>
				<timestamp>11.990426</timestamp>
			</report>
			<report>
				<misses>76001</misses>
				<total>12</total>
				<timestamp>12.150251</timestamp>
			</report>
			<report>
				<misses>77001</misses>
				<total>16</total>
				<timestamp>12.310101</timestamp>
			</report>
			<report>
				<misses>78001</misses>
				<total>16</total>
				<timestamp>12.469984</timestamp>
			</report>
			<report>
				<misses>79001</misses>
				<total>16</total>
				<timestamp>12.629789</timestamp>
			</report>
			<report>
				<misses>80001</misses>
				<total>16</total>
				<timestamp>12.789614</timestamp>
			</report>
			<report>
				<misses>81001</misses>
				<total>16</total>
				<timestamp>12.949453</timestamp>
			</report>
			<report>
				<misses>82001</misses>
				<total>16</total>
				<timestamp>13.109291</timestamp>
			</report>
			<report>
				<misses>83001</misses>
				<total>15</total>
				<timestamp>13.269160</timestamp>
			</report>
			<report>
				<misses>84001</misses>
				<total>16</total>
				<timestamp>13.428997</timestamp>
			</report>
			<report>
				<misses>85001</misses>
				<total>16</total>
				<timestamp>13.588827</timestamp>
			</report>
			<report>
				<misses>86001</misses>
				<total>16</total>
				<timestamp>13.748822</timestamp>
			</report>
			<report>
				<misses>87001</misses>
				<total>16</total>
				<timestamp>13.908689</timestamp>
			</report>
			<report>
				<misses>88001</misses>
				<total>16</total>
				<timestamp>14.068521</timestamp>
			</report>
			<report>
				<misses>89001</misses>
				<total>16</total>
				<timestamp>14.228661</timestamp>
			</report>
			<report>
				<misses>90001</misses>
				<total>16</total>
				<timestamp>14.388497</timestamp>
			</report>
			<report>
				<misses>91001</misses>
				<total>16</total>
				<timestamp>14.548328</timestamp>
			</report>
			<report>
				<misses>92001</misses>
				<total>16</total>
				<timestamp>14.708171</timestamp>
			</report>
			<report>
				<misses>93001</misses>
				<total>16</total>
				<timestamp>14.868011</timestamp>
			</report>
			<report>
				<misses>94001</misses>
				<total>16</total>
				<timestamp>15.027856</timestamp>
			</report>
			<report>
				<misses>95001</misses>
				<total>19</total>
				<timestamp>15.187716</timestamp>
			</report>
			<report>
				<misses>96001</misses>
				<total>19</total>
				<timestamp>15.347584</timestamp>
			</report>
			<report>
				<misses>97001</misses>
				<total>19</total>
				<timestamp>15.507537</timestamp>
			</report>
			<report>
				<misses>98001</misses>
				<total>19</total>
				<timestamp>15.667406</timestamp>
			</report>
			<report>
				<misses>99001</misses>
				<total>18</total>
				<timestamp>15.827332</timestamp>
			</report>
			<report>
				<misses>100001</misses>
				<total>19</total>
				<timestamp>15.987170</timestamp>
			</report>
			<report>
				<misses>101001</misses>
				<total>19</total>
				<timestamp>16.146983</timestamp>
			</report>
			<report>
				<misses>102001</misses>
				<total>19</total>
				<timestamp>16.306774</timestamp>
			</report>
			<report>
				<misses>103001</misses>
				<total>18</total>
				<timestamp>16.466592</timestamp>
			</report>
			<report>
				<misses>104001</misses>
				<total>20</total>
				<timestamp>16.626448</timestamp>
			</report>
			<report>
				<misses>105001</misses>
				<total>20</total>
				<timestamp>16.786287</timestamp>
			</report>
			<report>
				<misses>106001</misses>
				<total>20</total>
				<timestamp>16.946110</timestamp>
			</report>
			<report>
				<misses>107001</misses>
				<total>20</total>
				<timestamp>17.105933</timestamp>
			</report>
			<report>
				<misses>108001</misses>
				<total>20</total>
				<timestamp>17.265787</timestamp>
			</report>
			<report>
				<misses>109001</misses>
				<total>20</total>
				<timestamp>17.425605</timestamp>
			</report>
			<report>
				<misses>110001</misses>
				<total>20</total>
				<timestamp>17.585478</timestamp>
			</report>
			<report>
				<misses>111001</misses>
				<total>20</total>
				<timestamp>17.745305</timestamp>
			</report>
			<report>
				<misses>112001</misses>
				<total>20</total>
				<timestamp>17.905120</timestamp>
			</report>
			<report>
				<misses>113001</misses>
				<total>20</total>
				<timestamp>18.065010</timestamp>
			</report>
			<report>
				<misses>114001</misses>
				<total>20</total>
				<timestamp>18.224820</timestamp>
			</report>
			<report>
				<misses>115001</misses>
				<total>20</total>
				<timestamp>18.384718</timestamp>
			</report>
			<report>
				<misses>116001</misses>
				<total>21</total>
				<timestamp>18.544829</timestamp>
			</report>
			<report>
				<misses>117001</misses>
				<total>21</total>
				<timestamp>18.704644</timestamp>
			</report>
			<report>
				<misses>118001</misses>
				<total>21</total>
				<timestamp>18.864541</timestamp>
			</report>
			<report>
				<misses>119001</misses>
				<total>21</total>
				<timestamp>19.024362</timestamp>
			</report>
			<report>
				<misses>120001</misses>
				<total>21</total>
				<timestamp>19.184192</timestamp>
			</report>
			<report>
				<misses>121001</misses>
				<total>21</total>
				<timestamp>19.344020</timestamp>
			</report>
			<report>
				<misses>122001</misses>
				<total>21</total>
				<timestamp>19.503845</timestamp>
			</report>
			<report>
				<misses>123001</misses>
				<total>21</total>
				<timestamp>19.663742</timestamp>
			</report>
			<report>
				<misses>124001</misses>
				<total>21</total>
				<timestamp>19.823561</timestamp>
			</report>
			<report>
				<misses>125001</misses>
				<total>21</total>
				<timestamp>19.983391</timestamp>
			</report>
			<report>
				<misses>126001</misses>
				<total>21</total>
				<timestamp>20.143289</timestamp>
			</report>
			<report>
				<misses>127001</misses>
				<total>21</total>
				<timestamp>20.303049</timestamp>
			</report>
			<report>
				<misses>128001</misses>
				<total>22</total>
				<timestamp>20.462931</timestamp>
			</report>
			<report>
				<misses>129001</misses>
				<total>22</total>
				<timestamp>20.622732</timestamp>
			</report>
			<report>
				<misses>130001</misses>
				<total>21</total>
				<timestamp>20.782721</timestamp>
			</report>
			<report>
				<misses>131001</misses>
				<total>22</total>
				<timestamp>20.942636</timestamp>
			</report>
			<report>
				<misses>132001</misses>
				<total>22</total>
				<timestamp>21.102440</timestamp>
			</report>
			<report>
				<misses>133001</misses>
				<total>22</total>
				<timestamp>21.262243</timestamp>
			</report>
			<report>
				<misses>134001</misses>
				<total>22</total>
				<timestamp>21.422181</timestamp>
			</report>
			<report>
				<misses>135001</misses>
				<total>22</total>
				<timestamp>21.582033</timestamp>
			</report>
			<report>
				<misses>136001</misses>
				<total>22</total>
				<timestamp>21.741777</timestamp>
			</report>
			<report>
				<misses>137001</misses>
				<total>22</total>
				<timestamp>21.901641</timestamp>
			</report>
			<report>
				<misses>138001</misses>
				<total>22</total>
				<timestamp>22.061543</timestamp>
			</report>
			<report>
				<misses>139001</misses>
				<total>22</total>
				<timestamp>22.221392</timestamp>
			</report>
			<report>
				<misses>140001</misses>
				<total>21</total>
				<timestamp>22.381260</timestamp>
			</report>
			<report>
				<misses>141001</misses>
				<total>22</total>
				<timestamp>22.540999</timestamp>
			</report>
			<report>
				<misses>142001</misses>
				<total>22</total>
				<timestamp>22.700863</timestamp>
			</report>
			<report>
				<misses>143001</misses>
				<total>21</total>
				<timestamp>22.860831</timestamp>
			</report>
			<report>
				<misses>144001</misses>
				<total>22</total>
				<timestamp>23.020771</timestamp>
			</report>
			<report>
				<misses>145001</misses>
				<total>22</total>
				<timestamp>23.180624</timestamp>
			</report>
			<report>
				<misses>146001</misses>
				<total>22</total>
				<timestamp>23.340466</timestamp>
			</report>
			<report>
				<misses>147001</misses>
				<total>22</total>
				<timestamp>23.500220</timestamp>
			</report>
			<report>
				<misses>148001</misses>
				<total>22</total>
				<timestamp>23.660146</timestamp>
			</report>
			<report>
				<misses>149001</misses>
				<total>22</total>
				<timestamp>23.819995</timestamp>
			</report>
			<report>
				<misses>150001</misses>
				<total>22</total>
				<timestamp>23.979982</timestamp>
			</report>
			<report>
				<misses>151001</misses>
				<total>21</total>
				<timestamp>24.139747</timestamp>
			</report>
			<report>
				<misses>152001</misses>
				<total>22</total>
				<timestamp>24.299656</timestamp>
			</report>
			<report>
				<misses>153001</misses>
				<total>25</total>
				<timestamp>24.459517</timestamp>
			</report>
			<report>
				<misses>154001</misses>
				<total>25</total>
				<timestamp>24.619504</timestamp>
			</report>
			<report>
				<misses>155001</misses>
				<total>25</total>
				<timestamp>24.779284</timestamp>
			</report>
			<report>
				<misses>156001</misses>
				<total>25</total>
				<timestamp>24.939210</timestamp>
			</report>
			<report>
				<misses>157001</misses>
				<total>25</total>
				<timestamp>25.099077</timestamp>
			</report>
			<report>
				<misses>158001</misses>
				<total>25</total>
				<timestamp>25.258895</timestamp>
			</report>
			<report>
				<misses>159001</misses>
				<total>25</total>
				<timestamp>25.418839</timestamp>
			</report>
			<report>
				<misses>160001</misses>
				<total>25</total>
				<timestamp>25.578614</timestamp>
			</report>
			<report>
				<misses>161001</misses>
				<total>25</total>
				<timestamp>25.738568</timestamp>
			</report>
			<report>
				<misses>162001</misses>
				<total>25</total>
				<timestamp>25.898526</timestamp>
			</report>
			<report>
				<misses>163001</misses>
				<total>25</total>
				<timestamp>26.058378</timestamp>
			</report>
			<report>
				<misses>164001</misses>
				<total>25</total>
				<timestamp>26.218113</timestamp>
			</report>
			<report>
				<misses>165001</misses>
				<total>25</total>
				<timestamp>26.378052</timestamp>
			</report>
			<report>
				<misses>166001</misses>
				<total>25</total>
				<timestamp>26.537883</timestamp>
			</report>
			<report>
				<misses>167001</misses>
				<total>25</total>
				<timestamp>26.697685</timestamp>
			</report>
			<report>
				<misses>168001</misses>
				<total>25</total>
				<timestamp>26.857703</timestamp>
			</report>
			<report>
				<misses>169001</misses>
				<total>25</total>
				<timestamp>27.017504</timestamp>
			</report>
			<report>
				<misses>170001</misses>
				<total>24</total>
				<timestamp>27.177384</timestamp>
			</report>
			<report>
				<misses>171001</misses>
				<total>25</total>
				<timestamp>27.337155</timestamp>
			</report>
			<report>
				<misses>172001</misses>
				<total>25</total>
				<timestamp>27.497006</timestamp>
			</report>
			<report>
				<misses>173001</misses>
				<total>25</total>
				<timestamp>27.656902</timestamp>
			</report>
			<report>
				<misses>174001</misses>
				<total>25</total>
				<timestamp>27.816756</timestamp>
			</report>
			<report>
				<misses>175001</misses>
				<total>25</total>
				<timestamp>27.976568</timestamp>
			</report>
			<report>
				<misses>176001</misses>
				<total>25</total>
				<timestamp>28.136424</timestamp>
			</report>
			<report>
				<misses>177001</misses>
				<total>25</total>
				<timestamp>28.296212</timestamp>
			</report>
			<report>
				<misses>178001</misses>
				<total>25</total>
				<timestamp>28.456088</timestamp>
			</report>
			<report>
				<misses>179001</misses>
				<total>25</total>
				<timestamp>28.615917</timestamp>
			</report>
			<report>
				<misses>180001</misses>
				<total>25</total>
				<timestamp>28.775783</timestamp>
			</report>
			<report>
				<misses>181001</misses>
				<total>25</total>
				<timestamp>28.935556</timestamp>
			</report>
			<report>
				<misses>182001</misses>
				<total>25</total>
				<timestamp>29.095405</timestamp>
			</report>
			<report>
				<misses>183001</misses>
				<total>25</total>
				<timestamp>29.255244</timestamp>
			</report>
			<report>
				<misses>184001</misses>
				<total>25</total>
				<timestamp>29.415050</timestamp>
			</report>
			<report>
				<misses>185001</misses>
				<total>25</total>
				<timestamp>29.574943</timestamp>
			</report>
			<report>
				<misses>186001</misses>
				<total>25</total>
				<timestamp>29.734734</timestamp>
			</report>
			<report>
				<misses>187001</misses>
				<total>25</total>
				<timestamp>29.894602</timestamp>
			</report>
			<report>
				<misses>188001</misses>
				<total>25</total>
				<timestamp>30.054488</timestamp>
			</report>
			<report>
				<misses>189001</misses>
				<total>25</total>
				<timestamp>30.214381</timestamp>
			</report>
			<report>
				<misses>190001</misses>
				<total>25</total>
				<timestamp>30.374210</timestamp>
			</report>
			<report>
				<misses>191001</misses>
				<total>25</total>
				<timestamp>30.533955</timestamp>
			</report>
			<report>
				<misses>192001</misses>
				<total>25</total>
				<timestamp>30.693778</timestamp>
			</report>
			<report>
				<misses>193001</misses>
				<total>25</total>
				<timestamp>30.853750</timestamp>
			</report>
			<report>
				<misses>194001</misses>
				<total>28</total>
				<timestamp>31.013523</timestamp>
			</report>
			<report>
				<misses>195001</misses>
				<total>28</total>
				<timestamp>31.173422</timestamp>
			</report>
			<report>
				<misses>196001</misses>
				<total>28</total>
				<timestamp>31.333315</timestamp>
			</report>
			<report>
				<misses>197001</misses>
				<total>28</total>
				<timestamp>31.493162</timestamp>
			</report>
			<report>
				<misses>198001</misses>
				<total>28</total>
				<timestamp>31.652980</timestamp>
			</report>
			<report>
				<misses>199001</misses>
				<total>28</total>
				<timestamp>31.812935</timestamp>
			</report>
			<report>
				<misses>200001</misses>
				<total>28</total>
				<timestamp>31.972811</timestamp>
			</report>
			<report>
				<misses>201001</misses>
				<total>28</total>
				<timestamp>32.132821</timestamp>
			</report>
			<report>
				<misses>202001</misses>
				<total>27</total>
				<timestamp>32.292808</timestamp>
			</report>
			<report>
				<misses>203001</misses>
				<total>28</total>
				<timestamp>32.452685</timestamp>
			</report>
			<report>
				<misses>204001</misses>
				<total>28</total>
				<timestamp>32.612506</timestamp>
			</report>
			<report>
				<misses>205001</misses>
				<total>28</total>
				<timestamp>32.772396</timestamp>
			</report>
			<report>
				<misses>206001</misses>
				<total>28</total>
				<timestamp>32.932236</timestamp>
			</report>
			<report>
				<misses>207001</misses>
				<total>28</total>
				<timestamp>33.092028</timestamp>
			</report>
			<report>
				<misses>208001</misses>
				<total>27</total>
				<timestamp>33.251937</timestamp>
			</report>
			<report>
				<misses>209001</misses>
				<total>28</total>
				<timestamp>33.411707</timestamp>
			</report>
			<report>
				<misses>210001</misses>
				<total>28</total>
				<timestamp>33.571564</timestamp>
			</report>
			<report>
				<misses>211001</misses>
				<total>28</total>
				<timestamp>33.731427</timestamp>
			</report>
			<report>
				<misses>212001</misses>
				<total>28</total>
				<timestamp>33.891256</timestamp>
			</report>
			<report>
				<misses>213001</misses>
				<total>28</total>
				<timestamp>34.051143</timestamp>
			</report>
			<report>
				<misses>214001</misses>
				<total>28</total>
				<timestamp>34.210915</timestamp>
			</report>
			<report>
				<misses>215001</misses>
				<total>28</total>
				<timestamp>34.370745</timestamp>
			</report>
			<report>
				<misses>216001</misses>
				<total>28</total>
				<timestamp>34.530707</timestamp>
			</report>
			<report>
				<misses>217001</misses>
				<total>28</total>
				<timestamp>34.690614</timestamp>
			</report>
			<report>
				<misses>218001</misses>
				<total>28</total>
				<timestamp>34.850520</timestamp>
			</report>
			<report>
				<misses>219001</misses>
				<total>28</total>
				<timestamp>35.010292</timestamp>
			</report>
			<report>
				<misses>220001</misses>
				<total>28</total>
				<timestamp>35.170223</timestamp>
			</report>
			<report>
				<misses>221001</misses>
				<total>28</total>
				<timestamp>35.329963</timestamp>
			</report>
			<report>
				<misses>222001</misses>
				<total>28</total>
				<timestamp>35.489817</timestamp>
			</report>
			<report>
				<misses>223001</misses>
				<total>28</total>
				<timestamp>35.649674</timestamp>
			</report>
			<report>
				<misses>224001</misses>
				<total>28</total>
				<timestamp>35.809577</timestamp>
			</report>
			<report>
				<misses>225001</misses>
				<total>27</total>
				<timestamp>35.969332</timestamp>
			</report>
			<report>
				<misses>226001</misses>
				<total>28</total>
				<timestamp>36.129178</timestamp>
			</report>
			<report>
				<misses>227001</misses>
				<total>28</total>
				<timestamp>36.289044</timestamp>
			</report>
			<report>
				<misses>228001</misses>
				<total>28</total>
				<timestamp>36.448852</timestamp>
			</report>
			<report>
				<misses>229001</misses>
				<total>28</total>
				<timestamp>36.608685</timestamp>
			</report>
			<report>
				<misses>230001</misses>
				<total>28</total>
				<timestamp>36.768497</timestamp>
			</report>
			<report>
				<misses>231001</misses>
				<total>28</total>
				<timestamp>36.928365</timestamp>
			</report>
			<report>
				<misses>232001</misses>
				<total>28</total>
				<timestamp>37.088223</timestamp>
			</report>
			<report>
				<misses>233001</misses>
				<total>28</total>
				<timestamp>37.248008</timestamp>
			</report>
			<report>
				<misses>234001</misses>
				<total>28</total>
				<timestamp>37.407878</timestamp>
			</report>
			<report>
				<misses>235001</misses>
				<total>28</total>
				<timestamp>37.567703</timestamp>
			</report>
			<report>
				<misses>236001</misses>
				<total>28</total>
				<timestamp>37.727618</timestamp>
			</report>
			<report>
				<misses>237001</misses>
				<total>28</total>
				<timestamp>37.887529</timestamp>
			</report>
			<report>
				<misses>238001</misses>
				<total>28</total>
				<timestamp>38.047572</timestamp>
			</report>
			<report>
				<misses>239001</misses>
				<total>28</total>
				<timestamp>38.207417</timestamp>
			</report>
			<report>
				<misses>240001</misses>
				<total>28</total>
				<timestamp>38.367269</timestamp>
			</report>
			<report>
				<misses>241001</misses>
				<total>37</total>
				<timestamp>38.527044</timestamp>
			</report>
			<report>
				<misses>242001</misses>
				<total>38</total>
				<timestamp>38.686942</timestamp>
			</report>
			<report>
				<misses>243001</misses>
				<total>38</total>
				<timestamp>38.846741</timestamp>
			</report>
			<report>
				<misses>244001</misses>
				<total>38</total>
				<timestamp>39.006587</timestamp>
			</report>
			<report>
				<misses>245001</misses>
				<total>38</total>
				<timestamp>39.166433</timestamp>
			</report>
			<report>
				<misses>246001</misses>
				<total>38</total>
				<timestamp>39.326265</timestamp>
			</report>
			<report>
				<misses>247001</misses>
				<total>38</total>
				<timestamp>39.486087</timestamp>
			</report>
			<report>
				<misses>248001</misses>
				<total>38</total>
				<timestamp>39.646084</timestamp>
			</report>
			<report>
				<misses>249001</misses>
				<total>38</total>
				<timestamp>39.806050</timestamp>
			</report>
			<report>
				<misses>250001</misses>
				<total>38</total>
				<timestamp>39.965775</timestamp>
			</report>
			<report>
				<misses>251001</misses>
				<total>38</total>
				<timestamp>40.125657</timestamp>
			</report>
			<report>
				<misses>252001</misses>
				<total>38</total>
				<timestamp>40.285469</timestamp>
			</report>
			<report>
				<misses>253001</misses>
				<total>38</total>
				<timestamp>40.445301</timestamp>
			</report>
			<report>
				<misses>254001</misses>
				<total>38</total>
				<timestamp>40.605152</timestamp>
			</report>
			<report>
				<misses>255001</misses>
				<total>38</total>
				<timestamp>40.764984</timestamp>
			</report>
			<report>
				<misses>256001</misses>
				<total>40</total>
				<timestamp>40.924850</timestamp>
			</report>
			<report>
				<misses>257001</misses>
				<total>40</total>
				<timestamp>41.084662</timestamp>
			</report>
			<report>
				<misses>258001</misses>
				<total>40</total>
				<timestamp>41.244539</timestamp>
			</report>
			<report>
				<misses>259001</misses>
				<total>40</total>
				<timestamp>41.404359</timestamp>
			</report>
			<report>
				<misses>260001</misses>
				<total>39</total>
				<timestamp>41.564192</timestamp>
			</report>
			<report>
				<misses>261001</misses>
				<total>40</total>
				<timestamp>41.724034</timestamp>
			</report>
			<report>
				<misses>262001</misses>
				<total>40</total>
				<timestamp>41.883891</timestamp>
			</report>
			<report>
				<misses>263001</misses>
				<total>40</total>
				<timestamp>42.043726</timestamp>
			</report>
			<report>
				<misses>264001</misses>
				<total>40</total>
				<timestamp>42.203561</timestamp>
			</report>
			<report>
				<misses>265001</misses>
				<total>40</total>
				<timestamp>42.363427</timestamp>
			</report>
			<report>
				<misses>266001</misses>
				<total>40</total>
				<timestamp>42.523287</timestamp>
			</report>
			<report>
				<misses>267001</misses>
				<total>40</total>
				<timestamp>42.683107</timestamp>
			</report>
			<report>
				<misses>268001</misses>
				<total>40</total>
				<timestamp>42.842911</timestamp>
			</report>
			<report>
				<misses>269001</misses>
				<total>40</total>
				<timestamp>43.002743</timestamp>
			</report>
			<report>
				<misses>270001</misses>
				<total>40</total>
				<timestamp>43.162574</timestamp>
			</report>
			<report>
				<misses>271001</misses>
				<total>40</total>
				<timestamp>43.322476</timestamp>
			</report>
			<report>
				<misses>272001</misses>
				<total>40</total>
				<timestamp>43.482331</timestamp>
			</report>
			<report>
				<misses>273001</misses>
				<total>40</total>
				<timestamp>43.642100</timestamp>
			</report>
			<report>
				<misses>274001</misses>
				<total>40</total>
				<timestamp>43.801972</timestamp>
			</report>
			<report>
				<misses>275001</misses>
				<total>40</total>
				<timestamp>43.961901</timestamp>
			</report>
			<report>
				<misses>276001</misses>
				<total>40</total>
				<timestamp>44.121687</timestamp>
			</report>
			<report>
				<misses>277001</misses>
				<total>40</total>
				<timestamp>44.281504</timestamp>
			</report>
			<report>
				<misses>278001</misses>
				<total>40</total>
				<timestamp>44.441354</timestamp>
			</report>
			<report>
				<misses>279001</misses>
				<total>40</total>
				<timestamp>44.601211</timestamp>
			</report>
			<report>
				<misses>280001</misses>
				<total>40</total>
				<timestamp>44.761055</timestamp>
			</report>
			<report>
				<misses>281001</misses>
				<total>40</total>
				<timestamp>44.920934</timestamp>
			</report>
			<report>
				<misses>282001</misses>
				<total>40</total>
				<timestamp>45.080658</timestamp>
			</report>
			<report>
				<misses>283001</misses>
				<total>40</total>
				<timestamp>45.240539</timestamp>
			</report>
			<report>
				<misses>284001</misses>
				<total>39</total>
				<timestamp>45.400380</timestamp>
			</report>
			<report>
				<misses>285001</misses>
				<total>40</total>
				<timestamp>45.560256</timestamp>
			</report>
			<report>
				<misses>286001</misses>
				<total>40</total>
				<timestamp>45.720078</timestamp>
			</report>
			<report>
				<misses>287001</misses>
				<total>40</total>
				<timestamp>45.879851</timestamp>
			</report>
			<report>
				<misses>288001</misses>
				<total>40</total>
				<timestamp>46.039701</timestamp>
			</report>
			<report>
				<misses>289001</misses>
				<total>40</total>
				<timestamp>46.199564</timestamp>
			</report>
			<report>
				<misses>290001</misses>
				<total>40</total>
				<timestamp>46.359429</timestamp>
			</report>
			<report>
				<misses>291001</misses>
				<total>40</total>
				<timestamp>46.519303</timestamp>
			</report>
			<report>
				<misses>292001</misses>
				<total>40</total>
				<timestamp>46.679062</timestamp>
			</report>
			<report>
				<misses>293001</misses>
				<total>40</total>
				<timestamp>46.838943</timestamp>
			</report>
			<report>
				<misses>294001</misses>
				<total>40</total>
				<timestamp>46.998743</timestamp>
			</report>
			<report>
				<misses>295001</misses>
				<total>40</total>
				<timestamp>47.158598</timestamp>
			</report>
			<report>
				<misses>296001</misses>
				<total>40</total>
				<timestamp>47.318416</timestamp>
			</report>
			<report>
				<misses>297001</misses>
				<total>40</total>
				<timestamp>47.478288</timestamp>
			</report>
			<report>
				<misses>298001</misses>
				<total>40</total>
				<timestamp>47.638128</timestamp>
			</report>
			<report>
				<misses>299001</misses>
				<total>40</total>
				<timestamp>47.797953</timestamp>
			</report>
			<report>
				<misses>300001</misses>
				<total>40</total>
				<timestamp>47.957904</timestamp>
			</report>
			<report>
				<misses>301001</misses>
				<total>40</total>
				<timestamp>48.117718</timestamp>
			</report>
			<report>
				<misses>302001</misses>
				<total>40</total>
				<timestamp>48.277505</timestamp>
			</report>
			<report>
				<misses>303001</misses>
				<total>40</total>
				<timestamp>48.437357</timestamp>
			</report>
			<report>
				<misses>304001</misses>
				<total>40</total>
				<timestamp>48.597177</timestamp>
			</report>
			<report>
				<misses>305001</misses>
				<total>40</total>
				<timestamp>48.757055</timestamp>
			</report>
			<report>
				<misses>306001</misses>
				<total>40</total>
				<timestamp>48.916848</timestamp>
			</report>
			<report>
				<misses>307001</misses>
				<total>40</total>
				<timestamp>49.076680</timestamp>
			</report>
			<report>
				<misses>308001</misses>
				<total>40</total>
				<timestamp>49.236508</timestamp>
			</report>
			<report>
				<misses>309001</misses>
				<total>41</total>
				<timestamp>49.396374</timestamp>
			</report>
			<report>
				<misses>310001</misses>
				<total>42</total>
				<timestamp>49.556303</timestamp>
			</report>
			<report>
				<misses>311001</misses>
				<total>42</total>
				<timestamp>49.716049</timestamp>
			</report>
			<report>
				<misses>312001</misses>
				<total>42</total>
				<timestamp>49.875899</timestamp>
			</report>
			<report>
				<misses>313001</misses>
				<total>42</total>
				<timestamp>50.035693</timestamp>
			</report>
			<report>
				<misses>314001</misses>
				<total>42</total>
				<timestamp>50.195546</timestamp>
			</report>
			<report>
				<misses>315001</misses>
				<total>42</total>
				<timestamp>50.355465</timestamp>
			</report>
			<report>
				<misses>316001</misses>
				<total>42</total>
				<timestamp>50.515314</timestamp>
			</report>
			<report>
				<misses>317001</misses>
				<total>42</total>
				<timestamp>50.675078</timestamp>
			</report>
			<report>
				<misses>318001</misses>
				<total>42</total>
				<timestamp>50.834908</timestamp>
			</report>
			<report>
				<misses>319001</misses>
				<total>41</total>
				<timestamp>50.994762</timestamp>
			</report>
			<report>
				<misses>320001</misses>
				<total>42</total>
				<timestamp>51.154574</timestamp>
			</report>
			<report>
				<misses>321001</misses>
				<total>42</total>
				<timestamp>51.314436</timestamp>
			</report>
			<report>
				<misses>322001</misses>
				<total>42</total>
				<timestamp>51.474289</timestamp>
			</report>
			<report>
				<misses>323001</misses>
				<total>42</total>
				<timestamp>51.634103</timestamp>
			</report>
			<report>
				<misses>324001</misses>
				<total>42</total>
				<timestamp>51.793989</timestamp>
			</report>
			<report>
				<misses>325001</misses>
				<total>42</total>
				<timestamp>51.953783</timestamp>
			</report>
			<report>
				<misses>326001</misses>
				<total>48</total>
				<timestamp>52.113629</timestamp>
			</report>
			<report>
				<misses>327001</misses>
				<total>49</total>
				<timestamp>52.273610</timestamp>
			</report>
			<report>
				<misses>328001</misses>
				<total>49</total>
				<timestamp>52.433476</timestamp>
			</report>
			<report>
				<misses>329001</misses>
				<total>49</total>
				<timestamp>52.593389</timestamp>
			</report>
			<report>
				<misses>330001</misses>
				<total>49</total>
				<timestamp>52.753248</timestamp>
			</report>
			<report>
				<misses>331001</misses>
				<total>49</total>
				<timestamp>52.912981</timestamp>
			</report>
			<report>
				<misses>332001</misses>
				<total>49</total>
				<timestamp>53.072843</timestamp>
			</report>
			<report>
				<misses>333001</misses>
				<total>49</total>
				<timestamp>53.232655</timestamp>
			</report>
			<report>
				<misses>334001</misses>
				<total>49</total>
				<timestamp>53.392520</timestamp>
			</report>
			<report>
				<misses>335001</misses>
				<total>49</total>
				<timestamp>53.552529</timestamp>
			</report>
			<report>
				<misses>336001</misses>
				<total>49</total>
				<timestamp>53.712352</timestamp>
			</report>
			<report>
				<misses>337001</misses>
				<total>49</total>
				<timestamp>53.872201</timestamp>
			</report>
			<report>
				<misses>338001</misses>
				<total>49</total>
				<timestamp>54.032024</timestamp>
			</report>
			<report>
				<misses>339001</misses>
				<total>49</total>
				<timestamp>54.191872</timestamp>
			</report>
			<report>
				<misses>340001</misses>
				<total>49</total>
				<timestamp>54.351794</timestamp>
			</report>
			<report>
				<misses>341001</misses>
				<total>49</total>
				<timestamp>54.511566</timestamp>
			</report>
			<report>
				<misses>342001</misses>
				<total>49</total>
				<timestamp>54.671381</timestamp>
			</report>
			<report>
				<misses>343001</misses>
				<total>49</total>
				<timestamp>54.831344</timestamp>
			</report>
			<report>
				<misses>344001</misses>
				<total>49</total>
				<timestamp>54.991060</timestamp>
			</report>
			<report>
				<misses>345001</misses>
				<total>48</total>
				<timestamp>55.150970</timestamp>
			</report>
			<report>
				<misses>346001</misses>
				<total>49</total>
				<timestamp>55.310774</timestamp>
			</report>
			<report>
				<misses>347001</misses>
				<total>49</total>
				<timestamp>55.470599</timestamp>
			</report>
			<report>
				<misses>348001</misses>
				<total>49</total>
				<timestamp>55.630501</timestamp>
			</report>
			<report>
				<misses>349001</misses>
				<total>49</total>
				<timestamp>55.790305</timestamp>
			</report>
			<report>
				<misses>350001</misses>
				<total>48</total>
				<timestamp>55.950119</timestamp>
			</report>
			<report>
				<misses>351001</misses>
				<total>49</total>
				<timestamp>56.110064</timestamp>
			</report>
			<report>
				<misses>352001</misses>
				<total>49</total>
				<timestamp>56.269913</timestamp>
			</report>
			<report>
				<misses>353001</misses>
				<total>49</total>
				<timestamp>56.429761</timestamp>
			</report>
			<report>
				<misses>354001</misses>
				<total>49</total>
				<timestamp>56.589634</timestamp>
			</report>
			<report>
				<misses>355001</misses>
				<total>49</total>
				<timestamp>56.749488</timestamp>
			</report>
			<report>
				<misses>356001</misses>
				<total>49</total>
				<timestamp>56.909324</timestamp>
			</report>
			<report>
				<misses>357001</misses>
				<total>49</total>
				<timestamp>57.069139</timestamp>
			</report>
			<report>
				<misses>358001</misses>
				<total>49</total>
				<timestamp>57.228991</timestamp>
			</report>
			<report>
				<misses>359001</misses>
				<total>49</total>
				<timestamp>57.388822</timestamp>
			</report>
			<report>
				<misses>360001</misses>
				<total>49</total>
				<timestamp>57.548655</timestamp>
			</report>
			<report>
				<misses>361001</misses>
				<total>49</total>
				<timestamp>57.708571</timestamp>
			</report>
			<report>
				<misses>362001</misses>
				<total>49</total>
				<timestamp>57.868372</timestamp>
			</report>
			<report>
				<misses>363001</misses>
				<total>49</total>
				<timestamp>58.028327</timestamp>
			</report>
			<report>
				<misses>364001</misses>
				<total>49</total>
				<timestamp>58.188253</timestamp>
			</report>
			<report>
				<misses>365001</misses>
				<total>49</total>
				<timestamp>58.348006</timestamp>
			</report>
			<report>
				<misses>366001</misses>
				<total>49</total>
				<timestamp>58.507857</timestamp>
			</report>
			<report>
				<misses>367001</misses>
				<total>49</total>
				<timestamp>58.667777</timestamp>
			</report>
			<report>
				<misses>368001</misses>
				<total>49</total>
				<timestamp>58.827548</timestamp>
			</report>
			<report>
				<misses>369001</misses>
				<total>49</total>
				<timestamp>58.987406</timestamp>
			</report>
			<report>
				<misses>370001</misses>
				<total>49</total>
				<timestamp>59.147254</timestamp>
			</report>
			<report>
				<misses>371001</misses>
				<total>49</total>
				<timestamp>59.307053</timestamp>
			</report>
			<report>
				<misses>372001</misses>
				<total>49</total>
				<timestamp>59.466877</timestamp>
			</report>
			<report>
				<misses>373001</misses>
				<total>49</total>
				<timestamp>59.626791</timestamp>
			</report>
			<report>
				<misses>374001</misses>
				<total>49</total>
				<timestamp>59.786638</timestamp>
			</report>
			<report>
				<misses>375001</misses>
				<total>49</total>
				<timestamp>59.946530</timestamp>
			</report>
			<report>
				<misses>376001</misses>
				<total>49</total>
				<timestamp>60.106439</timestamp>
			</report>
			<report>
				<misses>377001</misses>
				<total>49</total>
				<timestamp>60.266309</timestamp>
			</report>
			<report>
				<misses>378001</misses>
				<total>49</total>
				<timestamp>60.426086</timestamp>
			</report>
			<report>
				<misses>379001</misses>
				<total>49</total>
				<timestamp>60.585934</timestamp>
			</report>
			<report>
				<misses>380001</misses>
				<total>49</total>
				<timestamp>60.745793</timestamp>
			</report>
			<report>
				<misses>381001</misses>
				<total>49</total>
				<timestamp>60.905611</timestamp>
			</report>
			<report>
				<misses>382001</misses>
				<total>49</total>
				<timestamp>61.065462</timestamp>
			</report>
			<report>
				<misses>383001</misses>
				<total>55</total>
				<timestamp>61.225326</timestamp>
			</report>
			<report>
				<misses>384001</misses>
				<total>55</total>
				<timestamp>61.385137</timestamp>
			</report>
			<report>
				<misses>385001</misses>
				<total>55</total>
				<timestamp>61.544962</timestamp>
			</report>
			<report>
				<misses>386001</misses>
				<total>55</total>
				<timestamp>61.704838</timestamp>
			</report>
			<report>
				<misses>387001</misses>
				<total>55</total>
				<timestamp>61.864646</timestamp>
			</report>
			<report>
				<misses>388001</misses>
				<total>55</total>
				<timestamp>62.024478</timestamp>
			</report>
			<report>
				<misses>389001</misses>
				<total>55</total>
				<timestamp>62.184351</timestamp>
			</report>
			<report>
				<misses>390001</misses>
				<total>55</total>
				<timestamp>62.344204</timestamp>
			</report>
			<report>
				<misses>391001</misses>
				<total>55</total>
				<timestamp>62.504015</timestamp>
			</report>
			<report>
				<misses>392001</misses>
				<total>55</total>
				<timestamp>62.663846</timestamp>
			</report>
			<report>
				<misses>393001</misses>
				<total>55</total>
				<timestamp>62.823716</timestamp>
			</report>
			<report>
				<misses>394001</misses>
				<total>55</total>
				<timestamp>62.983544</timestamp>
			</report>
			<report>
				<misses>395001</misses>
				<total>55</total>
				<timestamp>63.143416</timestamp>
			</report>
			<report>
				<misses>396001</misses>
				<total>55</total>
				<timestamp>63.303299</timestamp>
			</report>
			<report>
				<misses>397001</misses>
				<total>55</total>
				<timestamp>63.463077</timestamp>
			</report>
			<report>
				<misses>398001</misses>
				<total>55</total>
				<timestamp>63.622927</timestamp>
			</report>
			<report>
				<misses>399001</misses>
				<total>55</total>
				<timestamp>63.782784</timestamp>
			</report>
			<report>
				<misses>400001</misses>
				<total>55</total>
				<timestamp>63.942582</timestamp>
			</report>
			<report>
				<misses>401001</misses>
				<total>55</total>
				<timestamp>64.102450</timestamp>
			</report>
			<report>
				<misses>402001</misses>
				<total>55</total>
				<timestamp>64.262319</timestamp>
			</report>
			<report>
				<misses>403001</misses>
				<total>55</total>
				<timestamp>64.422091</timestamp>
			</report>
			<report>
				<misses>404001</misses>
				<total>55</total>
				<timestamp>64.581972</timestamp>
			</report>
			<report>
				<misses>405001</misses>
				<total>55</total>
				<timestamp>64.741765</timestamp>
			</report>
			<report>
				<misses>406001</misses>
				<total>55</total>
				<timestamp>64.901613</timestamp>
			</report>
			<report>
				<misses>407001</misses>
				<total>55</total>
				<timestamp>65.061473</timestamp>
			</report>
			<report>
				<misses>408001</misses>
				<total>55</total>
				<timestamp>65.221323</timestamp>
			</report>
			<report>
				<misses>409001</misses>
				<total>55</total>
				<timestamp>65.381133</timestamp>
			</report>
			<report>
				<misses>410001</misses>
				<total>55</total>
				<timestamp>65.540974</timestamp>
			</report>
			<report>
				<misses>411001</misses>
				<total>55</total>
				<timestamp>65.700818</timestamp>
			</report>
			<report>
				<misses>412001</misses>
				<total>55</total>
				<timestamp>65.860699</timestamp>
			</report>
			<report>
				<misses>413001</misses>
				<total>57</total>
				<timestamp>66.020579</timestamp>
			</report>
			<report>
				<misses>414001</misses>
				<total>57</total>
				<timestamp>66.180382</timestamp>
			</report>
			<report>
				<misses>415001</misses>
				<total>57</total>
				<timestamp>66.340197</timestamp>
			</report>
			<report>
				<misses>416001</misses>
				<total>57</total>
				<timestamp>66.500023</timestamp>
			</report>
			<report>
				<misses>417001</misses>
				<total>57</total>
				<timestamp>66.659864</timestamp>
			</report>
			<report>
				<misses>418001</misses>
				<total>57</total>
				<timestamp>66.819691</timestamp>
			</report>
			<report>
				<misses>419001</misses>
				<total>57</total>
				<timestamp>66.979536</timestamp>
			</report>
			<report>
				<misses>420001</misses>
				<total>57</total>
				<timestamp>67.139407</timestamp>
			</report>
			<report>
				<misses>421001</misses>
				<total>56</total>
				<timestamp>67.299270</timestamp>
			</report>
			<report>
				<misses>422001</misses>
				<total>57</total>
				<timestamp>67.459048</timestamp>
			</report>
			<report>
				<misses>423001</misses>
				<total>57</total>
				<timestamp>67.618971</timestamp>
			</report>
			<report>
				<misses>424001</misses>
				<total>57</total>
				<timestamp>67.778747</timestamp>
			</report>
			<report>
				<misses>425001</misses>
				<total>57</total>
				<timestamp>67.938576</timestamp>
			</report>
			<report>
				<misses>426001</misses>
				<total>57</total>
				<timestamp>68.098422</timestamp>
			</report>
			<report>
				<misses>427001</misses>
				<total>57</total>
				<timestamp>68.258299</timestamp>
			</report>
			<report>
				<misses>428001</misses>
				<total>57</total>
				<timestamp>68.418118</timestamp>
			</report>
			<report>
				<misses>429001</misses>
				<total>57</total>
				<timestamp>68.577934</timestamp>
			</report>
			<report>
				<misses>430001</misses>
				<total>57</total>
				<timestamp>68.737893</timestamp>
			</report>
			<report>
				<misses>431001</misses>
				<total>57</total>
				<timestamp>68.897641</timestamp>
			</report>
			<report>
				<misses>432001</misses>
				<total>57</total>
				<timestamp>69.057449</timestamp>
			</report>
			<report>
				<misses>433001</misses>
				<total>57</total>
				<timestamp>69.217370</timestamp>
			</report>
			<report>
				<misses>434001</misses>
				<total>57</total>
				<timestamp>69.377154</timestamp>
			</report>
			<report>
				<misses>435001</misses>
				<total>57</total>
				<timestamp>69.537102</timestamp>
			</report>
			<report>
				<misses>436001</misses>
				<total>57</total>
				<timestamp>69.696932</timestamp>
			</report>
			<report>
				<misses>437001</misses>
				<total>57</total>
				<timestamp>69.856764</timestamp>
			</report>
			<report>
				<misses>438001</misses>
				<total>57</total>
				<timestamp>70.016586</timestamp>
			</report>
			<report>
				<misses>439001</misses>
				<total>57</total>
				<timestamp>70.176394</timestamp>
			</report>
			<report>
				<misses>440001</misses>
				<total>57</total>
				<timestamp>70.336314</timestamp>
			</report>
			<report>
				<misses>441001</misses>
				<total>59</total>
				<timestamp>70.496290</timestamp>
			</report>
			<report>
				<misses>442001</misses>
				<total>59</total>
				<timestamp>70.656078</timestamp>
			</report>
			<report>
				<misses>443001</misses>
				<total>59</total>
				<timestamp>70.815956</timestamp>
			</report>
			<report>
				<misses>444001</misses>
				<total>59</total>
				<timestamp>70.975869</timestamp>
			</report>
			<report>
				<misses>445001</misses>
				<total>59</total>
				<timestamp>71.135798</timestamp>
			</report>
			<report>
				<misses>446001</misses>
				<total>59</total>
				<timestamp>71.295652</timestamp>
			</report>
			<report>
				<misses>447001</misses>
				<total>59</total>
				<timestamp>71.455421</timestamp>
			</report>
			<report>
				<misses>448001</misses>
				<total>59</total>
				<timestamp>71.615246</timestamp>
			</report>
			<report>
				<misses>449001</misses>
				<total>59</total>
				<timestamp>71.775093</timestamp>
			</report>
			<report>
				<misses>450001</misses>
				<total>59</total>
				<timestamp>71.935041</timestamp>
			</report>
			<report>
				<misses>451001</misses>
				<total>59</total>
				<timestamp>72.094954</timestamp>
			</report>
			<report>
				<misses>452001</misses>
				<total>59</total>
				<timestamp>72.254917</timestamp>
			</report>
			<report>
				<misses>453001</misses>
				<total>59</total>
				<timestamp>72.414856</timestamp>
			</report>
			<report>
				<misses>454001</misses>
				<total>59</total>
				<timestamp>72.574643</timestamp>
			</report>
			<report>
				<misses>455001</misses>
				<total>59</total>
				<timestamp>72.734439</timestamp>
			</report>
			<report>
				<misses>456001</misses>
				<total>59</total>
				<timestamp>72.894273</timestamp>
			</report>
			<report>
				<misses>457001</misses>
				<total>59</total>
				<timestamp>73.054097</timestamp>
			</report>
			<report>
				<misses>458001</misses>
				<total>59</total>
				<timestamp>73.213934</timestamp>
			</report>
			<report>
				<misses>459001</misses>
				<total>63</total>
				<timestamp>73.373769</timestamp>
			</report>
			<report>
				<misses>460001</misses>
				<total>63</total>
				<timestamp>73.533609</timestamp>
			</report>
			<report>
				<misses>461001</misses>
				<total>63</total>
				<timestamp>73.693449</timestamp>
			</report>
			<report>
				<misses>462001</misses>
				<total>63</total>
				<timestamp>73.853354</timestamp>
			</report>
			<report>
				<misses>463001</misses>
				<total>63</total>
				<timestamp>74.013240</timestamp>
			</report>
			<report>
				<misses>464001</misses>
				<total>63</total>
				<timestamp>74.172983</timestamp>
			</report>
			<report>
				<misses>465001</misses>
				<total>63</total>
				<timestamp>74.332829</timestamp>
			</report>
			<report>
				<misses>466001</misses>
				<total>63</total>
				<timestamp>74.492725</timestamp>
			</report>
			<report>
				<misses>467001</misses>
				<total>63</total>
				<timestamp>74.652641</timestamp>
			</report>
			<report>
				<misses>468001</misses>
				<total>63</total>
				<timestamp>74.812563</timestamp>
			</report>
			<report>
				<misses>469001</misses>
				<total>63</total>
				<timestamp>74.972489</timestamp>
			</report>
			<report>
				<misses>470001</misses>
				<total>63</total>
				<timestamp>75.132347</timestamp>
			</report>
			<report>
				<misses>471001</misses>
				<total>63</total>
				<timestamp>75.292243</timestamp>
			</report>
			<report>
				<misses>472001</misses>
				<total>63</total>
				<timestamp>75.452014</timestamp>
			</report>
			<report>
				<misses>473001</misses>
				<total>63</total>
				<timestamp>75.611902</timestamp>
			</report>
			<report>
				<misses>474001</misses>
				<total>63</total>
				<timestamp>75.771698</timestamp>
			</report>
			<report>
				<misses>475001</misses>
				<total>63</total>
				<timestamp>75.931536</timestamp>
			</report>
			<report>
				<misses>476001</misses>
				<total>63</total>
				<timestamp>76.091407</timestamp>
			</report>
			<report>
				<misses>477001</misses>
				<total>63</total>
				<timestamp>76.251314</timestamp>
			</report>
			<report>
				<misses>478001</misses>
				<total>63</total>
				<timestamp>76.411062</timestamp>
			</report>
			<report>
				<misses>479001</misses>
				<total>63</total>
				<timestamp>76.570942</timestamp>
			</report>
			<report>
				<misses>480001</misses>
				<total>63</total>
				<timestamp>76.730754</timestamp>
			</report>
			<report>
				<misses>481001</misses>
				<total>63</total>
				<timestamp>76.890573</timestamp>
			</report>
			<report>
				<misses>482001</misses>
				<total>63</total>
				<timestamp>77.050403</timestamp>
			</report>
			<report>
				<misses>483001</misses>
				<total>63</total>
				<timestamp>77.210272</timestamp>
			</report>
			<report>
				<misses>484001</misses>
				<total>63</total>
				<timestamp>77.370116</timestamp>
			</report>
			<report>
				<misses>485001</misses>
				<total>63</total>
				<timestamp>77.530064</timestamp>
			</report>
			<report>
				<misses>486001</misses>
				<total>62</total>
				<timestamp>77.689926</timestamp>
			</report>
			<report>
				<misses>487001</misses>
				<total>63</total>
				<timestamp>77.849771</timestamp>
			</report>
			<report>
				<misses>488001</misses>
				<total>63</total>
				<timestamp>78.009651</timestamp>
			</report>
			<report>
				<misses>489001</misses>
				<total>63</total>
				<timestamp>78.169457</timestamp>
			</report>
			<report>
				<misses>490001</misses>
				<total>63</total>
				<timestamp>78.329412</timestamp>
			</report>
			<report>
				<misses>491001</misses>
				<total>63</total>
				<timestamp>78.489183</timestamp>
			</report>
			<report>
				<misses>492001</misses>
				<total>63</total>
				<timestamp>78.649086</timestamp>
			</report>
			<report>
				<misses>493001</misses>
				<total>63</total>
				<timestamp>78.808820</timestamp>
			</report>
			<report>
				<misses>494001</misses>
				<total>63</total>
				<timestamp>78.968647</timestamp>
			</report>
			<report>
				<misses>495001</misses>
				<total>62</total>
				<timestamp>79.128506</timestamp>
			</report>
			<report>
				<misses>496001</misses>
				<total>64</total>
				<timestamp>79.288361</timestamp>
			</report>
			<report>
				<misses>497001</misses>
				<total>64</total>
				<timestamp>79.448278</timestamp>
			</report>
			<report>
				<misses>498001</misses>
				<total>64</total>
				<timestamp>79.608070</timestamp>
			</report>
			<report>
				<misses>499001</misses>
				<total>64</total>
				<timestamp>79.767925</timestamp>
			</report>
			<report>
				<misses>500001</misses>
				<total>64</total>
				<timestamp>79.927722</timestamp>
			</report>
			<report>
				<misses>501001</misses>
				<total>64</total>
				<timestamp>80.087541</timestamp>
			</report>
			<report>
				<misses>502001</misses>
				<total>64</total>
				<timestamp>80.247378</timestamp>
			</report>
			<report>
				<misses>503001</misses>
				<total>64</total>
				<timestamp>80.407254</timestamp>
			</report>
			<report>
				<misses>504001</misses>
				<total>64</total>
				<timestamp>80.567049</timestamp>
			</report>
			<report>
				<misses>505001</misses>
				<total>64</total>
				<timestamp>80.726898</timestamp>
			</report>
			<report>
				<misses>506001</misses>
				<total>64</total>
				<timestamp>80.886723</timestamp>
			</report>
			<report>
				<misses>507001</misses>
				<total>64</total>
				<timestamp>81.046612</timestamp>
			</report>
			<report>
				<misses>508001</misses>
				<total>64</total>
				<timestamp>81.206405</timestamp>
			</report>
			<report>
				<misses>509001</misses>
				<total>64</total>
				<timestamp>81.366306</timestamp>
			</report>
			<report>
				<misses>510001</misses>
				<total>64</total>
				<timestamp>81.526131</timestamp>
			</report>
			<report>
				<misses>511001</misses>
				<total>64</total>
				<timestamp>81.685946</timestamp>
			</report>
			<report>
				<misses>512001</misses>
				<total>64</total>
				<timestamp>81.845762</timestamp>
			</report>
			<report>
				<misses>513001</misses>
				<total>64</total>
				<timestamp>82.005649</timestamp>
			</report>
			<report>
				<misses>514001</misses>
				<total>64</total>
				<timestamp>82.165476</timestamp>
			</report>
			<report>
				<misses>515001</misses>
				<total>64</total>
				<timestamp>82.325310</timestamp>
			</report>
			<report>
				<misses>516001</misses>
				<total>64</total>
				<timestamp>82.485181</timestamp>
			</report>
			<report>
				<misses>517001</misses>
				<total>64</total>
				<timestamp>82.644971</timestamp>
			</report>
			<report>
				<misses>518001</misses>
				<total>64</total>
				<timestamp>82.804810</timestamp>
			</report>
			<report>
				<misses>519001</misses>
				<total>64</total>
				<timestamp>82.964693</timestamp>
			</report>
			<report>
				<misses>520001</misses>
				<total>64</total>
				<timestamp>83.124506</timestamp>
			</report>
			<report>
				<misses>521001</misses>
				<total>64</total>
				<timestamp>83.284417</timestamp>
			</report>
			<report>
				<misses>522001</misses>
				<total>64</total>
				<timestamp>83.444269</timestamp>
			</report>
			<report>
				<misses>523001</misses>
				<total>64</total>
				<timestamp>83.604170</timestamp>
			</report>
			<report>
				<misses>524001</misses>
				<total>64</total>
				<timestamp>83.764141</timestamp>
			</report>
			<report>
				<misses>525001</misses>
				<total>64</total>
				<timestamp>83.923950</timestamp>
			</report>
			<report>
				<misses>526001</misses>
				<total>64</total>
				<timestamp>84.083808</timestamp>
			</report>
			<report>
				<misses>527001</misses>
				<total>64</total>
				<timestamp>84.243574</timestamp>
			</report>
			<report>
				<misses>528001</misses>
				<total>64</total>
				<timestamp>84.403498</timestamp>
			</report>
			<report>
				<misses>529001</misses>
				<total>64</total>
				<timestamp>84.563261</timestamp>
			</report>
			<report>
				<misses>530001</misses>
				<total>64</total>
				<timestamp>84.723067</timestamp>
			</report>
			<report>
				<misses>531001</misses>
				<total>64</total>
				<timestamp>84.882898</timestamp>
			</report>
			<report>
				<misses>532001</misses>
				<total>64</total>
				<timestamp>85.042729</timestamp>
			</report>
			<report>
				<misses>533001</misses>
				<total>69</total>
				<timestamp>85.202610</timestamp>
			</report>
			<report>
				<misses>534001</misses>
				<total>69</total>
				<timestamp>85.362409</timestamp>
			</report>
			<report>
				<misses>535001</misses>
				<total>69</total>
				<timestamp>85.522264</timestamp>
			</report>
			<report>
				<misses>536001</misses>
				<total>69</total>
				<timestamp>85.682192</timestamp>
			</report>
			<report>
				<misses>537001</misses>
				<total>69</total>
				<timestamp>85.842002</timestamp>
			</report>
			<report>
				<misses>538001</misses>
				<total>69</total>
				<timestamp>86.001757</timestamp>
			</report>
			<report>
				<misses>539001</misses>
				<total>69</total>
				<timestamp>86.161613</timestamp>
			</report>
			<report>
				<misses>540001</misses>
				<total>69</total>
				<timestamp>86.321478</timestamp>
			</report>
			<report>
				<misses>541001</misses>
				<total>69</total>
				<timestamp>86.481322</timestamp>
			</report>
			<report>
				<misses>542001</misses>
				<total>69</total>
				<timestamp>86.641178</timestamp>
			</report>
			<report>
				<misses>543001</misses>
				<total>69</total>
				<timestamp>86.800972</timestamp>
			</report>
			<report>
				<misses>544001</misses>
				<total>69</total>
				<timestamp>86.960806</timestamp>
			</report>
			<report>
				<misses>545001</misses>
				<total>69</total>
				<timestamp>87.120653</timestamp>
			</report>
			<report>
				<misses>546001</misses>
				<total>69</total>
				<timestamp>87.280494</timestamp>
			</report>
			<report>
				<misses>547001</misses>
				<total>69</total>
				<timestamp>87.440341</timestamp>
			</report>
			<report>
				<misses>548001</misses>
				<total>75</total>
				<timestamp>87.600201</timestamp>
			</report>
			<report>
				<misses>549001</misses>
				<total>75</total>
				<timestamp>87.760019</timestamp>
			</report>
			<report>
				<misses>550001</misses>
				<total>75</total>
				<timestamp>87.919898</timestamp>
			</report>
			<report>
				<misses>551001</misses>
				<total>75</total>
				<timestamp>88.079706</timestamp>
			</report>
			<report>
				<misses>552001</misses>
				<total>75</total>
				<timestamp>88.239531</timestamp>
			</report>
			<report>
				<misses>553001</misses>
				<total>75</total>
				<timestamp>88.399402</timestamp>
			</report>
			<report>
				<misses>554001</misses>
				<total>75</total>
				<timestamp>88.559229</timestamp>
			</report>
			<report>
				<misses>555001</misses>
				<total>75</total>
				<timestamp>88.719049</timestamp>
			</report>
			<report>
				<misses>556001</misses>
				<total>74</total>
				<timestamp>88.878919</timestamp>
			</report>
			<report>
				<misses>557001</misses>
				<total>75</total>
				<timestamp>89.038726</timestamp>
			</report>
			<report>
				<misses>558001</misses>
				<total>78</total>
				<timestamp>89.198612</timestamp>
			</report>
			<report>
				<misses>559001</misses>
				<total>78</total>
				<timestamp>89.358429</timestamp>
			</report>
			<report>
				<misses>560001</misses>
				<total>78</total>
				<timestamp>89.518307</timestamp>
			</report>
			<report>
				<misses>561001</misses>
				<total>78</total>
				<timestamp>89.678143</timestamp>
			</report>
			<report>
				<misses>562001</misses>
				<total>78</total>
				<timestamp>89.837921</timestamp>
			</report>
			<report>
				<misses>563001</misses>
				<total>78</total>
				<timestamp>89.997871</timestamp>
			</report>
			<report>
				<misses>564001</misses>
				<total>78</total>
				<timestamp>90.157768</timestamp>
			</report>
			<report>
				<misses>565001</misses>
				<total>78</total>
				<timestamp>90.317638</timestamp>
			</report>
			<report>
				<misses>566001</misses>
				<total>78</total>
				<timestamp>90.477537</timestamp>
			</report>
			<report>
				<misses>567001</misses>
				<total>78</total>
				<timestamp>90.637326</timestamp>
			</report>
			<report>
				<misses>568001</misses>
				<total>78</total>
				<timestamp>90.797249</timestamp>
			</report>
			<report>
				<misses>569001</misses>
				<total>80</total>
				<timestamp>90.957083</timestamp>
			</report>
			<report>
				<misses>570001</misses>
				<total>80</total>
				<timestamp>91.116874</timestamp>
			</report>
			<report>
				<misses>571001</misses>
				<total>82</total>
				<timestamp>91.276680</timestamp>
			</report>
			<report>
				<misses>572001</misses>
				<total>82</total>
				<timestamp>91.436525</timestamp>
			</report>
			<report>
				<misses>573001</misses>
				<total>82</total>
				<timestamp>91.596340</timestamp>
			</report>
			<report>
				<misses>574001</misses>
				<total>82</total>
				<timestamp>91.756186</timestamp>
			</report>
			<report>
				<misses>575001</misses>
				<total>82</total>
				<timestamp>91.916023</timestamp>
			</report>
			<report>
				<misses>576001</misses>
				<total>82</total>
				<timestamp>92.075863</timestamp>
			</report>
			<report>
				<misses>577001</misses>
				<total>82</total>
				<timestamp>92.235701</timestamp>
			</report>
			<report>
				<misses>578001</misses>
				<total>82</total>
				<timestamp>92.395559</timestamp>
			</report>
			<report>
				<misses>579001</misses>
				<total>84</total>
				<timestamp>92.555423</timestamp>
			</report>
			<report>
				<misses>580001</misses>
				<total>84</total>
				<timestamp>92.715303</timestamp>
			</report>
			<report>
				<misses>581001</misses>
				<total>84</total>
				<timestamp>92.875063</timestamp>
			</report>
			<report>
				<misses>582001</misses>
				<total>84</total>
				<timestamp>93.034888</timestamp>
			</report>
			<report>
				<misses>583001</misses>
				<total>84</total>
				<timestamp>93.194731</timestamp>
			</report>
			<report>
				<misses>584001</misses>
				<total>84</total>
				<timestamp>93.354568</timestamp>
			</report>
			<report>
				<misses>585001</misses>
				<total>88</total>
				<timestamp>93.514535</timestamp>
			</report>
			<report>
				<misses>586001</misses>
				<total>88</total>
				<timestamp>93.674343</timestamp>
			</report>
			<report>
				<misses>587001</misses>
				<total>87</total>
				<timestamp>93.834199</timestamp>
			</report>
			<report>
				<misses>588001</misses>
				<total>88</total>
				<timestamp>93.994084</timestamp>
			</report>
			<report>
				<misses>589001</misses>
				<total>88</total>
				<timestamp>94.154058</timestamp>
			</report>
			<report>
				<misses>590001</misses>
				<total>87</total>
				<timestamp>94.313778</timestamp>
			</report>
			<report>
				<misses>591001</misses>
				<total>88</total>
				<timestamp>94.473682</timestamp>
			</report>
			<report>
				<misses>592001</misses>
				<total>88</total>
				<timestamp>94.633466</timestamp>
			</report>
			<report>
				<misses>593001</misses>
				<total>88</total>
				<timestamp>94.793307</timestamp>
			</report>
			<report>
				<misses>594001</misses>
				<total>88</total>
				<timestamp>94.953174</timestamp>
			</report>
			<report>
				<misses>595001</misses>
				<total>88</total>
				<timestamp>95.112997</timestamp>
			</report>
			<report>
				<misses>596001</misses>
				<total>88</total>
				<timestamp>95.272825</timestamp>
			</report>
			<report>
				<misses>597001</misses>
				<total>88</total>
				<timestamp>95.432688</timestamp>
			</report>
			<report>
				<misses>598001</misses>
				<total>88</total>
				<timestamp>95.592496</timestamp>
			</report>
			<report>
				<misses>599001</misses>
				<total>88</total>
				<timestamp>95.752345</timestamp>
			</report>
			<report>
				<misses>600001</misses>
				<total>87</total>
				<timestamp>95.912290</timestamp>
			</report>
			<report>
				<misses>601001</misses>
				<total>88</total>
				<timestamp>96.072047</timestamp>
			</report>
			<report>
				<misses>602001</misses>
				<total>88</total>
				<timestamp>96.231856</timestamp>
			</report>
			<report>
				<misses>603001</misses>
				<total>88</total>
				<timestamp>96.391717</timestamp>
			</report>
			<report>
				<misses>604001</misses>
				<total>87</total>
				<timestamp>96.551553</timestamp>
			</report>
			<report>
				<misses>605001</misses>
				<total>88</total>
				<timestamp>96.711484</timestamp>
			</report>
			<report>
				<misses>606001</misses>
				<total>88</total>
				<timestamp>96.871289</timestamp>
			</report>
			<report>
				<misses>607001</misses>
				<total>88</total>
				<timestamp>97.031147</timestamp>
			</report>
			<report>
				<misses>608001</misses>
				<total>88</total>
				<timestamp>97.190895</timestamp>
			</report>
			<report>
				<misses>609001</misses>
				<total>89</total>
				<timestamp>97.350765</timestamp>
			</report>
			<report>
				<misses>610001</misses>
				<total>89</total>
				<timestamp>97.510672</timestamp>
			</report>
			<report>
				<misses>611001</misses>
				<total>89</total>
				<timestamp>97.670468</timestamp>
			</report>
			<report>
				<misses>612001</misses>
				<total>89</total>
				<timestamp>97.830303</timestamp>
			</report>
			<report>
				<misses>613001</misses>
				<total>89</total>
				<timestamp>97.990113</timestamp>
			</report>
			<report>
				<misses>614001</misses>
				<total>89</total>
				<timestamp>98.149927</timestamp>
			</report>
			<report>
				<misses>615001</misses>
				<total>89</total>
				<timestamp>98.309907</timestamp>
			</report>
			<report>
				<misses>616001</misses>
				<total>89</total>
				<timestamp>98.469641</timestamp>
			</report>
			<report>
				<misses>617001</misses>
				<total>89</total>
				<timestamp>98.629464</timestamp>
			</report>
			<report>
				<misses>618001</misses>
				<total>89</total>
				<timestamp>98.789343</timestamp>
			</report>
			<report>
				<misses>619001</misses>
				<total>89</total>
				<timestamp>98.949196</timestamp>
			</report>
			<report>
				<misses>620001</misses>
				<total>89</total>
				<timestamp>99.108999</timestamp>
			</report>
			<report>
				<misses>621001</misses>
				<total>91</total>
				<timestamp>99.268925</timestamp>
			</report>
			<report>
				<misses>622001</misses>
				<total>91</total>
				<timestamp>99.428655</timestamp>
			</report>
			<report>
				<misses>623001</misses>
				<total>91</total>
				<timestamp>99.588564</timestamp>
			</report>
			<report>
				<misses>624001</misses>
				<total>91</total>
				<timestamp>99.748331</timestamp>
			</report>
			<report>
				<misses>625001</misses>
				<total>91</total>
				<timestamp>99.908200</timestamp>
			</report>
			<report>
				<misses>626001</misses>
				<total>91</total>
				<timestamp>100.068083</timestamp>
			</report>
			<report>
				<misses>627001</misses>
				<total>90</total>
				<timestamp>100.227988</timestamp>
			</report>
			<report>
				<misses>628001</misses>
				<total>91</total>
				<timestamp>100.387788</timestamp>
			</report>
			<report>
				<misses>629001</misses>
				<total>91</total>
				<timestamp>100.547612</timestamp>
			</report>
			<report>
				<misses>630001</misses>
				<total>91</total>
				<timestamp>100.707393</timestamp>
			</report>
			<report>
				<misses>631001</misses>
				<total>91</total>
				<timestamp>100.867310</timestamp>
			</report>
			<report>
				<misses>632001</misses>
				<total>93</total>
				<timestamp>101.027089</timestamp>
			</report>
			<report>
				<misses>633001</misses>
				<total>93</total>
				<timestamp>101.186996</timestamp>
			</report>
			<report>
				<misses>634001</misses>
				<total>93</total>
				<timestamp>101.346764</timestamp>
			</report>
			<report>
				<misses>635001</misses>
				<total>93</total>
				<timestamp>101.506604</timestamp>
			</report>
			<report>
				<misses>636001</misses>
				<total>93</total>
				<timestamp>101.666433</timestamp>
			</report>
			<report>
				<misses>637001</misses>
				<total>93</total>
				<timestamp>101.826261</timestamp>
			</report>
			<report>
				<misses>638001</misses>
				<total>93</total>
				<timestamp>101.986104</timestamp>
			</report>
			<report>
				<misses>639001</misses>
				<total>93</total>
				<timestamp>102.145943</timestamp>
			</report>
			<report>
				<misses>640001</misses>
				<total>93</total>
				<timestamp>102.305780</timestamp>
			</report>
			<report>
				<misses>641001</misses>
				<total>93</total>
				<timestamp>102.465625</timestamp>
			</report>
			<report>
				<misses>642001</misses>
				<total>93</total>
				<timestamp>102.625480</timestamp>
			</report>
			<report>
				<misses>643001</misses>
				<total>93</total>
				<timestamp>102.785292</timestamp>
			</report>
			<report>
				<misses>644001</misses>
				<total>93</total>
				<timestamp>102.945165</timestamp>
			</report>
			<report>
				<misses>645001</misses>
				<total>93</total>
				<timestamp>103.105025</timestamp>
			</report>
			<report>
				<misses>646001</misses>
				<total>93</total>
				<timestamp>103.264818</timestamp>
			</report>
			<report>
				<misses>647001</misses>
				<total>93</total>
				<timestamp>103.424654</timestamp>
			</report>
			<report>
				<misses>648001</misses>
				<total>94</total>
				<timestamp>103.584497</timestamp>
			</report>
			<report>
				<misses>649001</misses>
				<total>94</total>
				<timestamp>103.744324</timestamp>
			</report>
			<report>
				<misses>650001</misses>
				<total>94</total>
				<timestamp>103.904198</timestamp>
			</report>
			<report>
				<misses>651001</misses>
				<total>94</total>
				<timestamp>104.064080</timestamp>
			</report>
			<report>
				<misses>652001</misses>
				<total>94</total>
				<timestamp>104.223849</timestamp>
			</report>
			<report>
				<misses>653001</misses>
				<total>94</total>
				<timestamp>104.383689</timestamp>
			</report>
			<report>
				<misses>654001</misses>
				<total>94</total>
				<timestamp>104.543559</timestamp>
			</report>
			<report>
				<misses>655001</misses>
				<total>94</total>
				<timestamp>104.703363</timestamp>
			</report>
			<report>
				<misses>656001</misses>
				<total>94</total>
				<timestamp>104.863214</timestamp>
			</report>
			<report>
				<misses>657001</misses>
				<total>94</total>
				<timestamp>105.023072</timestamp>
			</report>
			<report>
				<misses>658001</misses>
				<total>94</total>
				<timestamp>105.182892</timestamp>
			</report>
			<report>
				<misses>659001</misses>
				<total>94</total>
				<timestamp>105.342753</timestamp>
			</report>
			<report>
				<misses>660001</misses>
				<total>94</total>
				<timestamp>105.502630</timestamp>
			</report>
			<report>
				<misses>661001</misses>
				<total>94</total>
				<timestamp>105.662407</timestamp>
			</report>
			<report>
				<misses>662001</misses>
				<total>94</total>
				<timestamp>105.822286</timestamp>
			</report>
			<report>
				<misses>663001</misses>
				<total>94</total>
				<timestamp>105.982103</timestamp>
			</report>
			<report>
				<misses>664001</misses>
				<total>94</total>
				<timestamp>106.141948</timestamp>
			</report>
			<report>
				<misses>665001</misses>
				<total>94</total>
				<timestamp>106.301788</timestamp>
			</report>
			<report>
				<misses>666001</misses>
				<total>94</total>
				<timestamp>106.461644</timestamp>
			</report>
			<report>
				<misses>667001</misses>
				<total>94</total>
				<timestamp>106.621456</timestamp>
			</report>
			<report>
				<misses>668001</misses>
				<total>94</total>
				<timestamp>106.781444</timestamp>
			</report>
			<report>
				<misses>669001</misses>
				<total>94</total>
				<timestamp>106.941316</timestamp>
			</report>
			<report>
				<misses>670001</misses>
				<total>94</total>
				<timestamp>107.101296</timestamp>
			</report>
			<report>
				<misses>671001</misses>
				<total>94</total>
				<timestamp>107.261180</timestamp>
			</report>
			<report>
				<misses>672001</misses>
				<total>94</total>
				<timestamp>107.421078</timestamp>
			</report>
			<report>
				<misses>673001</misses>
				<total>100</total>
				<timestamp>107.580814</timestamp>
			</report>
			<report>
				<misses>674001</misses>
				<total>100</total>
				<timestamp>107.740648</timestamp>
			</report>
			<report>
				<misses>675001</misses>
				<total>100</total>
				<timestamp>107.900481</timestamp>
			</report>
			<report>
				<misses>676001</misses>
				<total>101</total>
				<timestamp>108.060326</timestamp>
			</report>
			<report>
				<misses>677001</misses>
				<total>101</total>
				<timestamp>108.220186</timestamp>
			</report>
			<report>
				<misses>678001</misses>
				<total>101</total>
				<timestamp>108.380090</timestamp>
			</report>
			<report>
				<misses>679001</misses>
				<total>101</total>
				<timestamp>108.539839</timestamp>
			</report>
			<report>
				<misses>680001</misses>
				<total>101</total>
				<timestamp>108.699684</timestamp>
			</report>
			<report>
				<misses>681001</misses>
				<total>101</total>
				<timestamp>108.859526</timestamp>
			</report>
			<report>
				<misses>682001</misses>
				<total>104</total>
				<timestamp>109.019383</timestamp>
			</report>
			<report>
				<misses>683001</misses>
				<total>104</total>
				<timestamp>109.179227</timestamp>
			</report>
			<report>
				<misses>684001</misses>
				<total>104</total>
				<timestamp>109.339087</timestamp>
			</report>
			<report>
				<misses>685001</misses>
				<total>104</total>
				<timestamp>109.498904</timestamp>
			</report>
			<report>
				<misses>686001</misses>
				<total>104</total>
				<timestamp>109.658724</timestamp>
			</report>
			<report>
				<misses>687001</misses>
				<total>104</total>
				<timestamp>109.818592</timestamp>
			</report>
			<report>
				<misses>688001</misses>
				<total>104</total>
				<timestamp>109.978424</timestamp>
			</report>
			<report>
				<misses>689001</misses>
				<total>104</total>
				<timestamp>110.138275</timestamp>
			</report>
			<report>
				<misses>690001</misses>
				<total>104</total>
				<timestamp>110.298146</timestamp>
			</report>
			<report>
				<misses>691001</misses>
				<total>104</total>
				<timestamp>110.457956</timestamp>
			</report>
			<report>
				<misses>692001</misses>
				<total>104</total>
				<timestamp>110.617764</timestamp>
			</report>
			<report>
				<misses>693001</misses>
				<total>104</total>
				<timestamp>110.777628</timestamp>
			</report>
			<report>
				<misses>694001</misses>
				<total>104</total>
				<timestamp>110.937466</timestamp>
			</report>
			<report>
				<misses>695001</misses>
				<total>104</total>
				<timestamp>111.097323</timestamp>
			</report>
			<report>
				<misses>696001</misses>
				<total>104</total>
				<timestamp>111.257141</timestamp>
			</report>
			<report>
				<misses>697001</misses>
				<total>104</total>
				<timestamp>111.417041</timestamp>
			</report>
			<report>
				<misses>698001</misses>
				<total>104</total>
				<timestamp>111.576904</timestamp>
			</report>
			<report>
				<misses>699001</misses>
				<total>104</total>
				<timestamp>111.736769</timestamp>
			</report>
			<report>
				<misses>700001</misses>
				<total>104</total>
				<timestamp>111.896626</timestamp>
			</report>
			<report>
				<misses>701001</misses>
				<total>104</total>
				<timestamp>112.056330</timestamp>
			</report>
			<report>
				<misses>702001</misses>
				<total>104</total>
				<timestamp>112.216179</timestamp>
			</report>
			<report>
				<misses>703001</misses>
				<total>104</total>
				<timestamp>112.376037</timestamp>
			</report>
			<report>
				<misses>704001</misses>
				<total>104</total>
				<timestamp>112.535863</timestamp>
			</report>
			<report>
				<misses>705001</misses>
				<total>104</total>
				<timestamp>112.695692</timestamp>
			</report>
			<report>
				<misses>706001</misses>
				<total>104</total>
				<timestamp>112.855535</timestamp>
			</report>
			<report>
				<misses>707001</misses>
				<total>104</total>
				<timestamp>113.015369</timestamp>
			</report>
			<report>
				<misses>708001</misses>
				<total>104</total>
				<timestamp>113.175218</timestamp>
			</report>
			<report>
				<misses>709001</misses>
				<total>109</total>
				<timestamp>113.335144</timestamp>
			</report>
			<report>
				<misses>710001</misses>
				<total>111</total>
				<timestamp>113.494895</timestamp>
			</report>
			<report>
				<misses>711001</misses>
				<total>111</total>
				<timestamp>113.654773</timestamp>
			</report>
			<report>
				<misses>712001</misses>
				<total>111</total>
				<timestamp>113.814567</timestamp>
			</report>
			<report>
				<misses>713001</misses>
				<total>111</total>
				<timestamp>113.974430</timestamp>
			</report>
			<report>
				<misses>714001</misses>
				<total>111</total>
				<timestamp>114.134253</timestamp>
			</report>
			<report>
				<misses>715001</misses>
				<total>111</total>
				<timestamp>114.294115</timestamp>
			</report>
			<report>
				<misses>716001</misses>
				<total>111</total>
				<timestamp>114.453946</timestamp>
			</report>
			<report>
				<misses>717001</misses>
				<total>111</total>
				<timestamp>114.613771</timestamp>
			</report>
			<report>
				<misses>718001</misses>
				<total>117</total>
				<timestamp>114.773611</timestamp>
			</report>
			<report>
				<misses>719001</misses>
				<total>117</total>
				<timestamp>114.933492</timestamp>
			</report>
			<report>
				<misses>720001</misses>
				<total>117</total>
				<timestamp>115.093294</timestamp>
			</report>
			<report>
				<misses>721001</misses>
				<total>117</total>
				<timestamp>115.253140</timestamp>
			</report>
			<report>
				<misses>722001</misses>
				<total>117</total>
				<timestamp>115.413009</timestamp>
			</report>
			<report>
				<misses>723001</misses>
				<total>119</total>
				<timestamp>115.572840</timestamp>
			</report>
			<report>
				<misses>724001</misses>
				<total>119</total>
				<timestamp>115.732675</timestamp>
			</report>
			<report>
				<misses>725001</misses>
				<total>119</total>
				<timestamp>115.892508</timestamp>
			</report>
			<report>
				<misses>726001</misses>
				<total>119</total>
				<timestamp>116.052366</timestamp>
			</report>
			<report>
				<misses>727001</misses>
				<total>119</total>
				<timestamp>116.212282</timestamp>
			</report>
			<report>
				<misses>728001</misses>
				<total>119</total>
				<timestamp>116.372043</timestamp>
			</report>
			<report>
				<misses>729001</misses>
				<total>119</total>
				<timestamp>116.531903</timestamp>
			</report>
			<report>
				<misses>730001</misses>
				<total>119</total>
				<timestamp>116.691817</timestamp>
			</report>
			<report>
				<misses>731001</misses>
				<total>119</total>
				<timestamp>116.851659</timestamp>
			</report>
			<report>
				<misses>732001</misses>
				<total>119</total>
				<timestamp>117.011388</timestamp>
			</report>
			<report>
				<misses>733001</misses>
				<total>119</total>
				<timestamp>117.171226</timestamp>
			</report>
			<report>
				<misses>734001</misses>
				<total>119</total>
				<timestamp>117.331075</timestamp>
			</report>
			<report>
				<misses>735001</misses>
				<total>119</total>
				<timestamp>117.490911</timestamp>
			</report>
			<report>
				<misses>736001</misses>
				<total>118</total>
				<timestamp>117.650779</timestamp>
			</report>
			<report>
				<misses>737001</misses>
				<total>119</total>
				<timestamp>117.810621</timestamp>
			</report>
			<report>
				<misses>738001</misses>
				<total>119</total>
				<timestamp>117.970506</timestamp>
			</report>
			<report>
				<misses>739001</misses>
				<total>119</total>
				<timestamp>118.130274</timestamp>
			</report>
			<report>
				<misses>740001</misses>
				<total>119</total>
				<timestamp>118.290164</timestamp>
			</report>
			<report>
				<misses>741001</misses>
				<total>119</total>
				<timestamp>118.450122</timestamp>
			</report>
			<report>
				<misses>742001</misses>
				<total>119</total>
				<timestamp>118.610018</timestamp>
			</report>
			<report>
				<misses>743001</misses>
				<total>119</total>
				<timestamp>118.769855</timestamp>
			</report>
			<report>
				<misses>744001</misses>
				<total>119</total>
				<timestamp>118.929662</timestamp>
			</report>
			<report>
				<misses>745001</misses>
				<total>119</total>
				<timestamp>119.089456</timestamp>
			</report>
			<report>
				<misses>746001</misses>
				<total>119</total>
				<timestamp>119.249349</timestamp>
			</report>
			<report>
				<misses>747001</misses>
				<total>119</total>
				<timestamp>119.409229</timestamp>
			</report>
			<report>
				<misses>748001</misses>
				<total>119</total>
				<timestamp>119.569088</timestamp>
			</report>
			<report>
				<misses>749001</misses>
				<total>119</total>
				<timestamp>119.728888</timestamp>
			</report>
			<report>
				<misses>750001</misses>
				<total>119</total>
				<timestamp>119.888707</timestamp>
			</report>
			<report>
				<misses>751001</misses>
				<total>119</total>
				<timestamp>120.048629</timestamp>
			</report>
			<report>
				<misses>752001</misses>
				<total>119</total>
				<timestamp>120.208372</timestamp>
			</report>
			<report>
				<misses>753001</misses>
				<total>119</total>
				<timestamp>120.368305</timestamp>
			</report>
			<report>
				<misses>754001</misses>
				<total>119</total>
				<timestamp>120.528060</timestamp>
			</report>
			<report>
				<misses>755001</misses>
				<total>119</total>
				<timestamp>120.687855</timestamp>
			</report>
			<report>
				<misses>756001</misses>
				<total>119</total>
				<timestamp>120.847694</timestamp>
			</report>
			<report>
				<misses>757001</misses>
				<total>119</total>
				<timestamp>121.007675</timestamp>
			</report>
			<report>
				<misses>758001</misses>
				<total>119</total>
				<timestamp>121.167574</timestamp>
			</report>
			<report>
				<misses>759001</misses>
				<total>120</total>
				<timestamp>121.327462</timestamp>
			</report>
			<report>
				<misses>760001</misses>
				<total>120</total>
				<timestamp>121.487251</timestamp>
			</report>
			<report>
				<misses>761001</misses>
				<total>120</total>
				<timestamp>121.647148</timestamp>
			</report>
			<report>
				<misses>762001</misses>
				<total>120</total>
				<timestamp>121.807022</timestamp>
			</report>
			<report>
				<misses>763001</misses>
				<total>120</total>
				<timestamp>121.966811</timestamp>
			</report>
			<report>
				<misses>764001</misses>
				<total>120</total>
				<timestamp>122.126597</timestamp>
			</report>
			<report>
				<misses>765001</misses>
				<total>120</total>
				<timestamp>122.286443</timestamp>
			</report>
			<report>
				<misses>766001</misses>
				<total>120</total>
				<timestamp>122.446366</timestamp>
			</report>
			<report>
				<misses>767001</misses>
				<total>120</total>
				<timestamp>122.606170</timestamp>
			</report>
			<report>
				<misses>768001</misses>
				<total>119</total>
				<timestamp>122.765962</timestamp>
			</report>
			<report>
				<misses>769001</misses>
				<total>120</total>
				<timestamp>122.925778</timestamp>
			</report>
			<report>
				<misses>770001</misses>
				<total>119</total>
				<timestamp>123.085691</timestamp>
			</report>
			<report>
				<misses>771001</misses>
				<total>120</total>
				<timestamp>123.245612</timestamp>
			</report>
			<report>
				<misses>772001</misses>
				<total>120</total>
				<timestamp>123.405522</timestamp>
			</report>
			<report>
				<misses>773001</misses>
				<total>120</total>
				<timestamp>123.565301</timestamp>
			</report>
			<report>
				<misses>774001</misses>
				<total>120</total>
				<timestamp>123.725171</timestamp>
			</report>
			<report>
				<misses>775001</misses>
				<total>120</total>
				<timestamp>123.884980</timestamp>
			</report>
			<report>
				<misses>776001</misses>
				<total>122</total>
				<timestamp>124.044844</timestamp>
			</report>
			<report>
				<misses>777001</misses>
				<total>122</total>
				<timestamp>124.204668</timestamp>
			</report>
			<report>
				<misses>778001</misses>
				<total>122</total>
				<timestamp>124.364511</timestamp>
			</report>
			<report>
				<misses>779001</misses>
				<total>122</total>
				<timestamp>124.524350</timestamp>
			</report>
			<report>
				<misses>780001</misses>
				<total>122</total>
				<timestamp>124.684177</timestamp>
			</report>
			<report>
				<misses>781001</misses>
				<total>122</total>
				<timestamp>124.844071</timestamp>
			</report>
			<report>
				<misses>782001</misses>
				<total>122</total>
				<timestamp>125.003878</timestamp>
			</report>
			<report>
				<misses>783001</misses>
				<total>122</total>
				<timestamp>125.163696</timestamp>
			</report>
			<report>
				<misses>784001</misses>
				<total>122</total>
				<timestamp>125.323539</timestamp>
			</report>
			<report>
				<misses>785001</misses>
				<total>122</total>
				<timestamp>125.483361</timestamp>
			</report>
			<report>
				<misses>786001</misses>
				<total>122</total>
				<timestamp>125.643219</timestamp>
			</report>
			<report>
				<misses>787001</misses>
				<total>122</total>
				<timestamp>125.803078</timestamp>
			</report>
			<report>
				<misses>788001</misses>
				<total>122</total>
				<timestamp>125.962940</timestamp>
			</report>
			<report>
				<misses>789001</misses>
				<total>122</total>
				<timestamp>126.122714</timestamp>
			</report>
			<report>
				<misses>790001</misses>
				<total>122</total>
				<timestamp>126.282592</timestamp>
			</report>
			<report>
				<misses>791001</misses>
				<total>122</total>
				<timestamp>126.442411</timestamp>
			</report>
			<report>
				<misses>792001</misses>
				<total>124</total>
				<timestamp>126.602279</timestamp>
			</report>
			<report>
				<misses>793001</misses>
				<total>124</total>
				<timestamp>126.762136</timestamp>
			</report>
			<report>
				<misses>794001</misses>
				<total>124</total>
				<timestamp>126.921974</timestamp>
			</report>
			<report>
				<misses>795001</misses>
				<total>124</total>
				<timestamp>127.081773</timestamp>
			</report>
			<report>
				<misses>796001</misses>
				<total>123</total>
				<timestamp>127.241625</timestamp>
			</report>
			<report>
				<misses>797001</misses>
				<total>124</total>
				<timestamp>127.401464</timestamp>
			</report>
			<report>
				<misses>798001</misses>
				<total>123</total>
				<timestamp>127.561310</timestamp>
			</report>
			<report>
				<misses>799001</misses>
				<total>130</total>
				<timestamp>127.721135</timestamp>
			</report>
			<report>
				<misses>800001</misses>
				<total>129</total>
				<timestamp>127.881042</timestamp>
			</report>
			<report>
				<misses>801001</misses>
				<total>129</total>
				<timestamp>128.040925</timestamp>
			</report>
			<report>
				<misses>802001</misses>
				<total>130</total>
				<timestamp>128.200660</timestamp>
			</report>
			<report>
				<misses>803001</misses>
				<total>130</total>
				<timestamp>128.360499</timestamp>
			</report>
			<report>
				<misses>804001</misses>
				<total>130</total>
				<timestamp>128.520339</timestamp>
			</report>
			<report>
				<misses>805001</misses>
				<total>130</total>
				<timestamp>128.680173</timestamp>
			</report>
			<report>
				<misses>806001</misses>
				<total>130</total>
				<timestamp>128.840029</timestamp>
			</report>
			<report>
				<misses>807001</misses>
				<total>129</total>
				<timestamp>128.999905</timestamp>
			</report>
			<report>
				<misses>808001</misses>
				<total>130</total>
				<timestamp>129.159712</timestamp>
			</report>
			<report>
				<misses>809001</misses>
				<total>130</total>
				<timestamp>129.319558</timestamp>
			</report>
			<report>
				<misses>810001</misses>
				<total>131</total>
				<timestamp>129.479372</timestamp>
			</report>
			<report>
				<misses>811001</misses>
				<total>130</total>
				<timestamp>129.639201</timestamp>
			</report>
			<report>
				<misses>812001</misses>
				<total>130</total>
				<timestamp>129.799058</timestamp>
			</report>
			<report>
				<misses>813001</misses>
				<total>130</total>
				<timestamp>129.958892</timestamp>
			</report>
			<report>
				<misses>814001</misses>
				<total>130</total>
				<timestamp>130.118764</timestamp>
			</report>
			<report>
				<misses>815001</misses>
				<total>130</total>
				<timestamp>130.278692</timestamp>
			</report>
			<report>
				<misses>816001</misses>
				<total>130</total>
				<timestamp>130.438521</timestamp>
			</report>
			<report>
				<misses>817001</misses>
				<total>130</total>
				<timestamp>130.598348</timestamp>
			</report>
			<report>
				<misses>818001</misses>
				<total>130</total>
				<timestamp>130.758227</timestamp>
			</report>
			<report>
				<misses>819001</misses>
				<total>130</total>
				<timestamp>130.918129</timestamp>
			</report>
			<report>
				<misses>820001</misses>
				<total>130</total>
				<timestamp>131.077990</timestamp>
			</report>
			<report>
				<misses>821001</misses>
				<total>130</total>
				<timestamp>131.237792</timestamp>
			</report>
			<report>
				<misses>822001</misses>
				<total>130</total>
				<timestamp>131.397630</timestamp>
			</report>
			<report>
				<misses>823001</misses>
				<total>130</total>
				<timestamp>131.557445</timestamp>
			</report>
			<report>
				<misses>824001</misses>
				<total>130</total>
				<timestamp>131.717427</timestamp>
			</report>
			<report>
				<misses>825001</misses>
				<total>129</total>
				<timestamp>131.877165</timestamp>
			</report>
			<report>
				<misses>826001</misses>
				<total>130</total>
				<timestamp>132.036993</timestamp>
			</report>
			<report>
				<misses>827001</misses>
				<total>130</total>
				<timestamp>132.197065</timestamp>
			</report>
			<report>
				<misses>828001</misses>
				<total>129</total>
				<timestamp>132.357014</timestamp>
			</report>
			<report>
				<misses>829001</misses>
				<total>130</total>
				<timestamp>132.516862</timestamp>
			</report>
			<report>
				<misses>830001</misses>
				<total>130</total>
				<timestamp>132.676688</timestamp>
			</report>
			<report>
				<misses>831001</misses>
				<total>129</total>
				<timestamp>132.836501</timestamp>
			</report>
			<report>
				<misses>832001</misses>
				<total>129</total>
				<timestamp>132.996346</timestamp>
			</report>
			<report>
				<misses>833001</misses>
				<total>130</total>
				<timestamp>133.156217</timestamp>
			</report>
			<report>
				<misses>834001</misses>
				<total>130</total>
				<timestamp>133.316024</timestamp>
			</report>
			<report>
				<misses>835001</misses>
				<total>130</total>
				<timestamp>133.475874</timestamp>
			</report>
			<report>
				<misses>836001</misses>
				<total>130</total>
				<timestamp>133.635694</timestamp>
			</report>
			<report>
				<misses>837001</misses>
				<total>130</total>
				<timestamp>133.795553</timestamp>
			</report>
			<report>
				<misses>838001</misses>
				<total>130</total>
				<timestamp>133.955389</timestamp>
			</report>
			<report>
				<misses>839001</misses>
				<total>130</total>
				<timestamp>134.115236</timestamp>
			</report>
			<report>
				<misses>840001</misses>
				<total>129</total>
				<timestamp>134.275062</timestamp>
			</report>
			<report>
				<misses>841001</misses>
				<total>130</total>
				<timestamp>134.434930</timestamp>
			</report>
			<report>
				<misses>842001</misses>
				<total>130</total>
				<timestamp>134.594838</timestamp>
			</report>
			<report>
				<misses>843001</misses>
				<total>130</total>
				<timestamp>134.754669</timestamp>
			</report>
			<report>
				<misses>844001</misses>
				<total>130</total>
				<timestamp>134.914546</timestamp>
			</report>
			<report>
				<misses>845001</misses>
				<total>130</total>
				<timestamp>135.074245</timestamp>
			</report>
			<report>
				<misses>846001</misses>
				<total>130</total>
				<timestamp>135.234220</timestamp>
			</report>
			<report>
				<misses>847001</misses>
				<total>130</total>
				<timestamp>135.393982</timestamp>
			</report>
			<report>
				<misses>848001</misses>
				<total>130</total>
				<timestamp>135.553906</timestamp>
			</report>
			<report>
				<misses>849001</misses>
				<total>130</total>
				<timestamp>135.713627</timestamp>
			</report>
			<report>
				<misses>850001</misses>
				<total>130</total>
				<timestamp>135.873446</timestamp>
			</report>
			<report>
				<misses>851001</misses>
				<total>130</total>
				<timestamp>136.033309</timestamp>
			</report>
			<report>
				<misses>852001</misses>
				<total>131</total>
				<timestamp>136.193139</timestamp>
			</report>
			<report>
				<misses>853001</misses>
				<total>135</total>
				<timestamp>136.353035</timestamp>
			</report>
			<report>
				<misses>854001</misses>
				<total>135</total>
				<timestamp>136.512895</timestamp>
			</report>
			<report>
				<misses>855001</misses>
				<total>135</total>
				<timestamp>136.672644</timestamp>
			</report>
			<report>
				<misses>856001</misses>
				<total>135</total>
				<timestamp>136.832510</timestamp>
			</report>
			<report>
				<misses>857001</misses>
				<total>135</total>
				<timestamp>136.992349</timestamp>
			</report>
			<report>
				<misses>858001</misses>
				<total>135</total>
				<timestamp>137.152167</timestamp>
			</report>
			<report>
				<misses>859001</misses>
				<total>138</total>
				<timestamp>137.312032</timestamp>
			</report>
			<report>
				<misses>860001</misses>
				<total>138</total>
				<timestamp>137.471924</timestamp>
			</report>
			<report>
				<misses>861001</misses>
				<total>138</total>
				<timestamp>137.631687</timestamp>
			</report>
			<report>
				<misses>862001</misses>
				<total>138</total>
				<timestamp>137.791540</timestamp>
			</report>
			<report>
				<misses>863001</misses>
				<total>138</total>
				<timestamp>137.951367</timestamp>
			</report>
			<report>
				<misses>864001</misses>
				<total>138</total>
				<timestamp>138.111229</timestamp>
			</report>
			<report>
				<misses>865001</misses>
				<total>138</total>
				<timestamp>138.271050</timestamp>
			</report>
			<report>
				<misses>866001</misses>
				<total>138</total>
				<timestamp>138.430966</timestamp>
			</report>
			<report>
				<misses>867001</misses>
				<total>138</total>
				<timestamp>138.590721</timestamp>
			</report>
			<report>
				<misses>868001</misses>
				<total>138</total>
				<timestamp>138.750580</timestamp>
			</report>
			<report>
				<misses>869001</misses>
				<total>138</total>
				<timestamp>138.910451</timestamp>
			</report>
			<report>
				<misses>870001</misses>
				<total>138</total>
				<timestamp>139.070261</timestamp>
			</report>
			<report>
				<misses>871001</misses>
				<total>138</total>
				<timestamp>139.230098</timestamp>
			</report>
			<report>
				<misses>872001</misses>
				<total>139</total>
				<timestamp>139.389964</timestamp>
			</report>
			<report>
				<misses>873001</misses>
				<total>142</total>
				<timestamp>139.549940</timestamp>
			</report>
			<report>
				<misses>874001</misses>
				<total>142</total>
				<timestamp>139.709921</timestamp>
			</report>
			<report>
				<misses>875001</misses>
				<total>142</total>
				<timestamp>139.869856</timestamp>
			</report>
			<report>
				<misses>876001</misses>
				<total>142</total>
				<timestamp>140.029707</timestamp>
			</report>
			<report>
				<misses>877001</misses>
				<total>142</total>
				<timestamp>140.189626</timestamp>
			</report>
			<report>
				<misses>878001</misses>
				<total>142</total>
				<timestamp>140.349503</timestamp>
			</report>
			<report>
				<misses>879001</misses>
				<total>142</total>
				<timestamp>140.509321</timestamp>
			</report>
			<report>
				<misses>880001</misses>
				<total>142</total>
				<timestamp>140.669163</timestamp>
			</report>
			<report>
				<misses>881001</misses>
				<total>142</total>
				<timestamp>140.829045</timestamp>
			</report>
			<report>
				<misses>882001</misses>
				<total>142</total>
				<timestamp>140.988894</timestamp>
			</report>
			<report>
				<misses>883001</misses>
				<total>142</total>
				<timestamp>141.148698</timestamp>
			</report>
			<report>
				<misses>884001</misses>
				<total>142</total>
				<timestamp>141.308507</timestamp>
			</report>
			<report>
				<misses>885001</misses>
				<total>142</total>
				<timestamp>141.468397</timestamp>
			</report>
			<report>
				<misses>886001</misses>
				<total>142</total>
				<timestamp>141.628249</timestamp>
			</report>
			<report>
				<misses>887001</misses>
				<total>142</total>
				<timestamp>141.788056</timestamp>
			</report>
			<report>
				<misses>888001</misses>
				<total>142</total>
				<timestamp>141.947848</timestamp>
			</report>
			<report>
				<misses>889001</misses>
				<total>142</total>
				<timestamp>142.107760</timestamp>
			</report>
			<report>
				<misses>890001</misses>
				<total>142</total>
				<timestamp>142.267594</timestamp>
			</report>
			<report>
				<misses>891001</misses>
				<total>142</total>
				<timestamp>142.427440</timestamp>
			</report>
			<report>
				<misses>892001</misses>
				<total>142</total>
				<timestamp>142.587196</timestamp>
			</report>
			<report>
				<misses>893001</misses>
				<total>142</total>
				<timestamp>142.747049</timestamp>
			</report>
			<report>
				<misses>894001</misses>
				<total>142</total>
				<timestamp>142.907009</timestamp>
			</report>
			<report>
				<misses>895001</misses>
				<total>142</total>
				<timestamp>143.066867</timestamp>
			</report>
			<report>
				<misses>896001</misses>
				<total>142</total>
				<timestamp>143.226647</timestamp>
			</report>
			<report>
				<misses>897001</misses>
				<total>142</total>
				<timestamp>143.386511</timestamp>
			</report>
			<report>
				<misses>898001</misses>
				<total>142</total>
				<timestamp>143.546330</timestamp>
			</report>
			<report>
				<misses>899001</misses>
				<total>142</total>
				<timestamp>143.706193</timestamp>
			</report>
			<report>
				<misses>900001</misses>
				<total>142</total>
				<timestamp>143.866015</timestamp>
			</report>
			<report>
				<misses>901001</misses>
				<total>142</total>
				<timestamp>144.025947</timestamp>
			</report>
			<report>
				<misses>902001</misses>
				<total>142</total>
				<timestamp>144.185869</timestamp>
			</report>
			<report>
				<misses>903001</misses>
				<total>142</total>
				<timestamp>144.345634</timestamp>
			</report>
			<report>
				<misses>904001</misses>
				<total>142</total>
				<timestamp>144.505556</timestamp>
			</report>
			<report>
				<misses>905001</misses>
				<total>143</total>
				<timestamp>144.665359</timestamp>
			</report>
			<report>
				<misses>906001</misses>
				<total>146</total>
				<timestamp>144.825169</timestamp>
			</report>
			<report>
				<misses>907001</misses>
				<total>146</total>
				<timestamp>144.985072</timestamp>
			</report>
			<report>
				<misses>908001</misses>
				<total>146</total>
				<timestamp>145.144944</timestamp>
			</report>
			<report>
				<misses>909001</misses>
				<total>146</total>
				<timestamp>145.304703</timestamp>
			</report>
			<report>
				<misses>910001</misses>
				<total>146</total>
				<timestamp>145.464590</timestamp>
			</report>
			<report>
				<misses>911001</misses>
				<total>146</total>
				<timestamp>145.624430</timestamp>
			</report>
			<report>
				<misses>912001</misses>
				<total>146</total>
				<timestamp>145.784198</timestamp>
			</report>
			<report>
				<misses>913001</misses>
				<total>146</total>
				<timestamp>145.944039</timestamp>
			</report>
			<report>
				<misses>914001</misses>
				<total>146</total>
				<timestamp>146.103914</timestamp>
			</report>
			<report>
				<misses>915001</misses>
				<total>146</total>
				<timestamp>146.263747</timestamp>
			</report>
			<report>
				<misses>916001</misses>
				<total>146</total>
				<timestamp>146.423560</timestamp>
			</report>
			<report>
				<misses>917001</misses>
				<total>146</total>
				<timestamp>146.583430</timestamp>
			</report>
			<report>
				<misses>918001</misses>
				<total>146</total>
				<timestamp>146.743277</timestamp>
			</report>
			<report>
				<misses>919001</misses>
				<total>146</total>
				<timestamp>146.903058</timestamp>
			</report>
			<report>
				<misses>920001</misses>
				<total>146</total>
				<timestamp>147.062987</timestamp>
			</report>
			<report>
				<misses>921001</misses>
				<total>147</total>
				<timestamp>147.222791</timestamp>
			</report>
			<report>
				<misses>922001</misses>
				<total>147</total>
				<timestamp>147.382700</timestamp>
			</report>
			<report>
				<misses>923001</misses>
				<total>147</total>
				<timestamp>147.542442</timestamp>
			</report>
			<report>
				<misses>924001</misses>
				<total>147</total>
				<timestamp>147.702345</timestamp>
			</report>
			<report>
				<misses>925001</misses>
				<total>146</total>
				<timestamp>147.862156</timestamp>
			</report>
			<report>
				<misses>926001</misses>
				<total>147</total>
				<timestamp>148.021999</timestamp>
			</report>
			<report>
				<misses>927001</misses>
				<total>147</total>
				<timestamp>148.181841</timestamp>
			</report>
			<report>
				<misses>928001</misses>
				<total>147</total>
				<timestamp>148.341675</timestamp>
			</report>
			<report>
				<misses>929001</misses>
				<total>147</total>
				<timestamp>148.501578</timestamp>
			</report>
			<report>
				<misses>930001</misses>
				<total>147</total>
				<timestamp>148.661320</timestamp>
			</report>
			<report>
				<misses>931001</misses>
				<total>147</total>
				<timestamp>148.821199</timestamp>
			</report>
			<report>
				<misses>932001</misses>
				<total>147</total>
				<timestamp>148.980975</timestamp>
			</report>
			<report>
				<misses>933001</misses>
				<total>147</total>
				<timestamp>149.140915</timestamp>
			</report>
			<report>
				<misses>934001</misses>
				<total>147</total>
				<timestamp>149.300748</timestamp>
			</report>
			<report>
				<misses>935001</misses>
				<total>147</total>
				<timestamp>149.460516</timestamp>
			</report>
			<report>
				<misses>936001</misses>
				<total>146</total>
				<timestamp>149.620398</timestamp>
			</report>
			<report>
				<misses>937001</misses>
				<total>147</total>
				<timestamp>149.780269</timestamp>
			</report>
			<report>
				<misses>938001</misses>
				<total>150</total>
				<timestamp>149.940041</timestamp>
			</report>
			<report>
				<misses>939001</misses>
				<total>150</total>
				<timestamp>150.099895</timestamp>
			</report>
			<report>
				<misses>940001</misses>
				<total>150</total>
				<timestamp>150.259809</timestamp>
			</report>
			<report>
				<misses>941001</misses>
				<total>150</total>
				<timestamp>150.419597</timestamp>
			</report>
			<report>
				<misses>942001</misses>
				<total>150</total>
				<timestamp>150.579402</timestamp>
			</report>
			<report>
				<misses>943001</misses>
				<total>150</total>
				<timestamp>150.739312</timestamp>
			</report>
			<report>
				<misses>944001</misses>
				<total>150</total>
				<timestamp>150.899081</timestamp>
			</report>
			<report>
				<misses>945001</misses>
				<total>150</total>
				<timestamp>151.058920</timestamp>
			</report>
			<report>
				<misses>946001</misses>
				<total>150</total>
				<timestamp>151.218772</timestamp>
			</report>
			<report>
				<misses>947001</misses>
				<total>150</total>
				<timestamp>151.378669</timestamp>
			</report>
			<report>
				<misses>948001</misses>
				<total>150</total>
				<timestamp>151.538438</timestamp>
			</report>
			<report>
				<misses>949001</misses>
				<total>150</total>
				<timestamp>151.698347</timestamp>
			</report>
			<report>
				<misses>950001</misses>
				<total>150</total>
				<timestamp>151.858121</timestamp>
			</report>
			<report>
				<misses>951001</misses>
				<total>150</total>
				<timestamp>152.018029</timestamp>
			</report>
			<report>
				<misses>952001</misses>
				<total>150</total>
				<timestamp>152.177803</timestamp>
			</report>
			<report>
				<misses>953001</misses>
				<total>150</total>
				<timestamp>152.337665</timestamp>
			</report>
			<report>
				<misses>954001</misses>
				<total>150</total>
				<timestamp>152.497553</timestamp>
			</report>
			<report>
				<misses>955001</misses>
				<total>150</total>
				<timestamp>152.657353</timestamp>
			</report>
			<report>
				<misses>956001</misses>
				<total>150</total>
				<timestamp>152.817234</timestamp>
			</report>
			<report>
				<misses>957001</misses>
				<total>150</total>
				<timestamp>152.976976</timestamp>
			</report>
			<report>
				<misses>958001</misses>
				<total>150</total>
				<timestamp>153.136906</timestamp>
			</report>
			<report>
				<misses>959001</misses>
				<total>150</total>
				<timestamp>153.296713</timestamp>
			</report>
			<report>
				<misses>960001</misses>
				<total>150</total>
				<timestamp>153.456595</timestamp>
			</report>
			<report>
				<misses>961001</misses>
				<total>150</total>
				<timestamp>153.616432</timestamp>
			</report>
			<report>
				<misses>962001</misses>
				<total>150</total>
				<timestamp>153.776242</timestamp>
			</report>
			<report>
				<misses>963001</misses>
				<total>150</total>
				<timestamp>153.936020</timestamp>
			</report>
			<report>
				<misses>964001</misses>
				<total>150</total>
				<timestamp>154.095914</timestamp>
			</report>
			<report>
				<misses>965001</misses>
				<total>150</total>
				<timestamp>154.255753</timestamp>
			</report>
			<report>
				<misses>966001</misses>
				<total>150</total>
				<timestamp>154.415628</timestamp>
			</report>
			<report>
				<misses>967001</misses>
				<total>150</total>
				<timestamp>154.575499</timestamp>
			</report>
			<report>
				<misses>968001</misses>
				<total>150</total>
				<timestamp>154.735225</timestamp>
			</report>
			<report>
				<misses>969001</misses>
				<total>150</total>
				<timestamp>154.895178</timestamp>
			</report>
			<report>
				<misses>970001</misses>
				<total>150</total>
				<timestamp>155.054959</timestamp>
			</report>
			<report>
				<misses>971001</misses>
				<total>150</total>
				<timestamp>155.214801</timestamp>
			</report>
			<report>
				<misses>972001</misses>
				<total>150</total>
				<timestamp>155.374582</timestamp>
			</report>
			<report>
				<misses>973001</misses>
				<total>150</total>
				<timestamp>155.534470</timestamp>
			</report>
			<report>
				<misses>974001</misses>
				<total>150</total>
				<timestamp>155.694281</timestamp>
			</report>
			<report>
				<misses>975001</misses>
				<total>150</total>
				<timestamp>155.854155</timestamp>
			</report>
			<report>
				<misses>976001</misses>
				<total>150</total>
				<timestamp>156.013938</timestamp>
			</report>
			<report>
				<misses>977001</misses>
				<total>150</total>
				<timestamp>156.173840</timestamp>
			</report>
			<report>
				<misses>978001</misses>
				<total>150</total>
				<timestamp>156.333641</timestamp>
			</report>
			<report>
				<misses>979001</misses>
				<total>150</total>
				<timestamp>156.493528</timestamp>
			</report>
			<report>
				<misses>980001</misses>
				<total>150</total>
				<timestamp>156.653320</timestamp>
			</report>
			<report>
				<misses>981001</misses>
				<total>150</total>
				<timestamp>156.813165</timestamp>
			</report>
			<report>
				<misses>982001</misses>
				<total>150</total>
				<timestamp>156.972996</timestamp>
			</report>
			<report>
				<misses>983001</misses>
				<total>150</total>
				<timestamp>157.132940</timestamp>
			</report>
			<report>
				<misses>984001</misses>
				<total>150</total>
				<timestamp>157.292716</timestamp>
			</report>
			<report>
				<misses>985001</misses>
				<total>150</total>
				<timestamp>157.452618</timestamp>
			</report>
			<report>
				<misses>986001</misses>
				<total>150</total>
				<timestamp>157.612427</timestamp>
			</report>
			<report>
				<misses>987001</misses>
				<total>150</total>
				<timestamp>157.772205</timestamp>
			</report>
			<report>
				<misses>988001</misses>
				<total>150</total>
				<timestamp>157.932142</timestamp>
			</report>
			<report>
				<misses>989001</misses>
				<total>150</total>
				<timestamp>158.091949</timestamp>
			</report>
			<report>
				<misses>990001</misses>
				<total>150</total>
				<timestamp>158.251827</timestamp>
			</report>
			<report>
				<misses>991001</misses>
				<total>150</total>
				<timestamp>158.411535</timestamp>
			</report>
			<report>
				<misses>992001</misses>
				<total>150</total>
				<timestamp>158.571473</timestamp>
			</report>
			<report>
				<misses>993001</misses>
				<total>150</total>
				<timestamp>158.731278</timestamp>
			</report>
			<report>
				<misses>994001</misses>
				<total>150</total>
				<timestamp>158.891169</timestamp>
			</report>
			<report>
				<misses>995001</misses>
				<total>149</total>
				<timestamp>159.050983</timestamp>
			</report>
			<report>
				<misses>996001</misses>
				<total>150</total>
				<timestamp>159.210775</timestamp>
			</report>
			<report>
				<misses>997001</misses>
				<total>150</total>
				<timestamp>159.370631</timestamp>
			</report>
			<report>
				<misses>998001</misses>
				<total>153</total>
				<timestamp>159.530474</timestamp>
			</report>
			<report>
				<misses>999001</misses>
				<total>153</total>
				<timestamp>159.690254</timestamp>
			</report>
			<report>
				<misses>1000001</misses>
				<total>153</total>
				<timestamp>159.850195</timestamp>
			</report>
			<report>
				<misses>1001001</misses>
				<total>153</total>
				<timestamp>160.009942</timestamp>
			</report>
			<report>
				<misses>1002001</misses>
				<total>153</total>
				<timestamp>160.169896</timestamp>
			</report>
			<report>
				<misses>1003001</misses>
				<total>153</total>
				<timestamp>160.329674</timestamp>
			</report>
			<report>
				<misses>1004001</misses>
				<total>153</total>
				<timestamp>160.489533</timestamp>
			</report>
			<report>
				<misses>1005001</misses>
				<total>153</total>
				<timestamp>160.649354</timestamp>
			</report>
			<report>
				<misses>1006001</misses>
				<total>152</total>
				<timestamp>160.809166</timestamp>
			</report>
			<report>
				<misses>1007001</misses>
				<total>153</total>
				<timestamp>160.969032</timestamp>
			</report>
			<report>
				<misses>1008001</misses>
				<total>153</total>
				<timestamp>161.128830</timestamp>
			</report>
			<report>
				<misses>1009001</misses>
				<total>153</total>
				<timestamp>161.288840</timestamp>
			</report>
			<report>
				<misses>1010001</misses>
				<total>153</total>
				<timestamp>161.448693</timestamp>
			</report>
			<report>
				<misses>1011001</misses>
				<total>153</total>
				<timestamp>161.608652</timestamp>
			</report>
			<report>
				<misses>1012001</misses>
				<total>153</total>
				<timestamp>161.768593</timestamp>
			</report>
			<report>
				<misses>1013001</misses>
				<total>153</total>
				<timestamp>161.928420</timestamp>
			</report>
			<report>
				<misses>1014001</misses>
				<total>153</total>
				<timestamp>162.088199</timestamp>
			</report>
			<report>
				<misses>1015001</misses>
				<total>153</total>
				<timestamp>162.248027</timestamp>
			</report>
			<report>
				<misses>1016001</misses>
				<total>153</total>
				<timestamp>162.407949</timestamp>
			</report>
			<report>
				<misses>1017001</misses>
				<total>153</total>
				<timestamp>162.567795</timestamp>
			</report>
			<report>
				<misses>1018001</misses>
				<total>153</total>
				<timestamp>162.727627</timestamp>
			</report>
			<report>
				<misses>1019001</misses>
				<total>153</total>
				<timestamp>162.887402</timestamp>
			</report>
			<report>
				<misses>1020001</misses>
				<total>153</total>
				<timestamp>163.047312</timestamp>
			</report>
			<report>
				<misses>1021001</misses>
				<total>155</total>
				<timestamp>163.207158</timestamp>
			</report>
			<report>
				<misses>1022001</misses>
				<total>155</total>
				<timestamp>163.367017</timestamp>
			</report>
			<report>
				<misses>1023001</misses>
				<total>155</total>
				<timestamp>163.526779</timestamp>
			</report>
			<report>
				<misses>1024001</misses>
				<total>155</total>
				<timestamp>163.686684</timestamp>
			</report>
			<report>
				<misses>1025001</misses>
				<total>155</total>
				<timestamp>163.846533</timestamp>
			</report>
			<report>
				<misses>1026001</misses>
				<total>155</total>
				<timestamp>164.006472</timestamp>
			</report>
			<report>
				<misses>1027001</misses>
				<total>155</total>
				<timestamp>164.166291</timestamp>
			</report>
			<report>
				<misses>1028001</misses>
				<total>155</total>
				<timestamp>164.326207</timestamp>
			</report>
			<report>
				<misses>1029001</misses>
				<total>155</total>
				<timestamp>164.486009</timestamp>
			</report>
			<report>
				<misses>1030001</misses>
				<total>154</total>
				<timestamp>164.645833</timestamp>
			</report>
			<report>
				<misses>1031001</misses>
				<total>155</total>
				<timestamp>164.805751</timestamp>
			</report>
			<report>
				<misses>1032001</misses>
				<total>154</total>
				<timestamp>164.965478</timestamp>
			</report>
			<report>
				<misses>1033001</misses>
				<total>155</total>
				<timestamp>165.125398</timestamp>
			</report>
			<report>
				<misses>1034001</misses>
				<total>155</total>
				<timestamp>165.285259</timestamp>
			</report>
			<report>
				<misses>1035001</misses>
				<total>155</total>
				<timestamp>165.445068</timestamp>
			</report>
			<report>
				<misses>1036001</misses>
				<total>155</total>
				<timestamp>165.604904</timestamp>
			</report>
			<report>
				<misses>1037001</misses>
				<total>155</total>
				<timestamp>165.764748</timestamp>
			</report>
			<report>
				<misses>1038001</misses>
				<total>155</total>
				<timestamp>165.924609</timestamp>
			</report>
			<report>
				<misses>1039001</misses>
				<total>155</total>
				<timestamp>166.084433</timestamp>
			</report>
			<report>
				<misses>1040001</misses>
				<total>155</total>
				<timestamp>166.244267</timestamp>
			</report>
			<report>
				<misses>1041001</misses>
				<total>155</total>
				<timestamp>166.404035</timestamp>
			</report>
			<report>
				<misses>1042001</misses>
				<total>155</total>
				<timestamp>166.563986</timestamp>
			</report>
			<report>
				<misses>1043001</misses>
				<total>155</total>
				<timestamp>166.723762</timestamp>
			</report>
			<report>
				<misses>1044001</misses>
				<total>155</total>
				<timestamp>166.883589</timestamp>
			</report>
			<report>
				<misses>1045001</misses>
				<total>155</total>
				<timestamp>167.043426</timestamp>
			</report>
			<report>
				<misses>1046001</misses>
				<total>155</total>
				<timestamp>167.203338</timestamp>
			</report>
			<report>
				<misses>1047001</misses>
				<total>155</total>
				<timestamp>167.363142</timestamp>
			</report>
			<report>
				<misses>1048001</misses>
				<total>155</total>
				<timestamp>167.522955</timestamp>
			</report>
			<report>
				<misses>1049001</misses>
				<total>155</total>
				<timestamp>167.682867</timestamp>
			</report>
			<report>
				<misses>1050001</misses>
				<total>155</total>
				<timestamp>167.842698</timestamp>
			</report>
			<report>
				<misses>1051001</misses>
				<total>155</total>
				<timestamp>168.002508</timestamp>
			</report>
			<report>
				<misses>1052001</misses>
				<total>155</total>
				<timestamp>168.162293</timestamp>
			</report>
			<report>
				<misses>1053001</misses>
				<total>155</total>
				<timestamp>168.322188</timestamp>
			</report>
			<report>
				<misses>1054001</misses>
				<total>155</total>
				<timestamp>168.481986</timestamp>
			</report>
			<report>
				<misses>1055001</misses>
				<total>155</total>
				<timestamp>168.641865</timestamp>
			</report>
			<report>
				<misses>1056001</misses>
				<total>155</total>
				<timestamp>168.801671</timestamp>
			</report>
			<report>
				<misses>1057001</misses>
				<total>155</total>
				<timestamp>168.961513</timestamp>
			</report>
			<report>
				<misses>1058001</misses>
				<total>155</total>
				<timestamp>169.121384</timestamp>
			</report>
			<report>
				<misses>1059001</misses>
				<total>155</total>
				<timestamp>169.281131</timestamp>
			</report>
			<report>
				<misses>1060001</misses>
				<total>155</total>
				<timestamp>169.441101</timestamp>
			</report>
			<report>
				<misses>1061001</misses>
				<total>155</total>
				<timestamp>169.600943</timestamp>
			</report>
			<report>
				<misses>1062001</misses>
				<total>155</total>
				<timestamp>169.760708</timestamp>
			</report>
			<report>
				<misses>1063001</misses>
				<total>155</total>
				<timestamp>169.920609</timestamp>
			</report>
			<report>
				<misses>1064001</misses>
				<total>155</total>
				<timestamp>170.080389</timestamp>
			</report>
			<report>
				<misses>1065001</misses>
				<total>155</total>
				<timestamp>170.240300</timestamp>
			</report>
			<report>
				<misses>1066001</misses>
				<total>155</total>
				<timestamp>170.400077</timestamp>
			</report>
			<report>
				<misses>1067001</misses>
				<total>155</total>
				<timestamp>170.559977</timestamp>
			</report>
			<report>
				<misses>1068001</misses>
				<total>155</total>
				<timestamp>170.719717</timestamp>
			</report>
			<report>
				<misses>1069001</misses>
				<total>155</total>
				<timestamp>170.879588</timestamp>
			</report>
			<report>
				<misses>1070001</misses>
				<total>155</total>
				<timestamp>171.039399</timestamp>
			</report>
			<report>
				<misses>1071001</misses>
				<total>155</total>
				<timestamp>171.199308</timestamp>
			</report>
			<report>
				<misses>1072001</misses>
				<total>155</total>
				<timestamp>171.359118</timestamp>
			</report>
			<report>
				<misses>1073001</misses>
				<total>155</total>
				<timestamp>171.518896</timestamp>
			</report>
			<report>
				<misses>1074001</misses>
				<total>155</total>
				<timestamp>171.678812</timestamp>
			</report>
			<report>
				<misses>1075001</misses>
				<total>155</total>
				<timestamp>171.838674</timestamp>
			</report>
			<report>
				<misses>1076001</misses>
				<total>155</total>
				<timestamp>171.998480</timestamp>
			</report>
			<report>
				<misses>1077001</misses>
				<total>155</total>
				<timestamp>172.158384</timestamp>
			</report>
			<report>
				<misses>1078001</misses>
				<total>155</total>
				<timestamp>172.318190</timestamp>
			</report>
			<report>
				<misses>1079001</misses>
				<total>155</total>
				<timestamp>172.477942</timestamp>
			</report>
			<report>
				<misses>1080001</misses>
				<total>155</total>
				<timestamp>172.637837</timestamp>
			</report>
			<report>
				<misses>1081001</misses>
				<total>155</total>
				<timestamp>172.797688</timestamp>
			</report>
			<report>
				<misses>1082001</misses>
				<total>156</total>
				<timestamp>172.957549</timestamp>
			</report>
			<report>
				<misses>1083001</misses>
				<total>156</total>
				<timestamp>173.117303</timestamp>
			</report>
			<report>
				<misses>1084001</misses>
				<total>162</total>
				<timestamp>173.277195</timestamp>
			</report>
			<report>
				<misses>1085001</misses>
				<total>161</total>
				<timestamp>173.436996</timestamp>
			</report>
			<report>
				<misses>1086001</misses>
				<total>162</total>
				<timestamp>173.596834</timestamp>
			</report>
			<report>
				<misses>1087001</misses>
				<total>162</total>
				<timestamp>173.756658</timestamp>
			</report>
			<report>
				<misses>1088001</misses>
				<total>162</total>
				<timestamp>173.916557</timestamp>
			</report>
			<report>
				<misses>1089001</misses>
				<total>162</total>
				<timestamp>174.076433</timestamp>
			</report>
			<report>
				<misses>1090001</misses>
				<total>162</total>
				<timestamp>174.236307</timestamp>
			</report>
			<report>
				<misses>1091001</misses>
				<total>162</total>
				<timestamp>174.396042</timestamp>
			</report>
			<report>
				<misses>1092001</misses>
				<total>162</total>
				<timestamp>174.555930</timestamp>
			</report>
			<report>
				<misses>1093001</misses>
				<total>161</total>
				<timestamp>174.715757</timestamp>
			</report>
			<report>
				<misses>1094001</misses>
				<total>162</total>
				<timestamp>174.875606</timestamp>
			</report>
			<report>
				<misses>1095001</misses>
				<total>162</total>
				<timestamp>175.035471</timestamp>
			</report>
			<report>
				<misses>1096001</misses>
				<total>162</total>
				<timestamp>175.195313</timestamp>
			</report>
			<report>
				<misses>1097001</misses>
				<total>164</total>
				<timestamp>175.355146</timestamp>
			</report>
			<report>
				<misses>1098001</misses>
				<total>164</total>
				<timestamp>175.514920</timestamp>
			</report>
			<report>
				<misses>1099001</misses>
				<total>164</total>
				<timestamp>175.674742</timestamp>
			</report>
			<report>
				<misses>1100001</misses>
				<total>164</total>
				<timestamp>175.834668</timestamp>
			</report>
			<report>
				<misses>1101001</misses>
				<total>164</total>
				<timestamp>175.994482</timestamp>
			</report>
			<report>
				<misses>1102001</misses>
				<total>164</total>
				<timestamp>176.154350</timestamp>
			</report>
			<report>
				<misses>1103001</misses>
				<total>164</total>
				<timestamp>176.314156</timestamp>
			</report>
			<report>
				<misses>1104001</misses>
				<total>176</total>
				<timestamp>176.473999</timestamp>
			</report>
			<report>
				<misses>1105001</misses>
				<total>176</total>
				<timestamp>176.633873</timestamp>
			</report>
			<report>
				<misses>1106001</misses>
				<total>178</total>
				<timestamp>176.793743</timestamp>
			</report>
			<report>
				<misses>1107001</misses>
				<total>178</total>
				<timestamp>176.953481</timestamp>
			</report>
			<report>
				<misses>1108001</misses>
				<total>178</total>
				<timestamp>177.113352</timestamp>
			</report>
			<report>
				<misses>1109001</misses>
				<total>178</total>
				<timestamp>177.273179</timestamp>
			</report>
			<report>
				<misses>1110001</misses>
				<total>178</total>
				<timestamp>177.432994</timestamp>
			</report>
			<report>
				<misses>1111001</misses>
				<total>178</total>
				<timestamp>177.592940</timestamp>
			</report>
			<report>
				<misses>1112001</misses>
				<total>178</total>
				<timestamp>177.752690</timestamp>
			</report>
			<report>
				<misses>1113001</misses>
				<total>178</total>
				<timestamp>177.912593</timestamp>
			</report>
			<report>
				<misses>1114001</misses>
				<total>178</total>
				<timestamp>178.072363</timestamp>
			</report>
			<report>
				<misses>1115001</misses>
				<total>178</total>
				<timestamp>178.232301</timestamp>
			</report>
			<report>
				<misses>1116001</misses>
				<total>177</total>
				<timestamp>178.392073</timestamp>
			</report>
			<report>
				<misses>1117001</misses>
				<total>178</total>
				<timestamp>178.551888</timestamp>
			</report>
			<report>
				<misses>1118001</misses>
				<total>179</total>
				<timestamp>178.711788</timestamp>
			</report>
			<report>
				<misses>1119001</misses>
				<total>179</total>
				<timestamp>178.871602</timestamp>
			</report>
			<report>
				<misses>1120001</misses>
				<total>179</total>
				<timestamp>179.031404</timestamp>
			</report>
			<report>
				<misses>1121001</misses>
				<total>179</total>
				<timestamp>179.191368</timestamp>
			</report>
			<report>
				<misses>1122001</misses>
				<total>179</total>
				<timestamp>179.351387</timestamp>
			</report>
			<report>
				<misses>1123001</misses>
				<total>179</total>
				<timestamp>179.511240</timestamp>
			</report>
			<report>
				<misses>1124001</misses>
				<total>179</total>
				<timestamp>179.671182</timestamp>
			</report>
			<report>
				<misses>1125001</misses>
				<total>179</total>
				<timestamp>179.830924</timestamp>
			</report>
			<report>
				<misses>1126001</misses>
				<total>179</total>
				<timestamp>179.990877</timestamp>
			</report>
			<report>
				<misses>1127001</misses>
				<total>179</total>
				<timestamp>180.150832</timestamp>
			</report>
			<report>
				<misses>1128001</misses>
				<total>179</total>
				<timestamp>180.310657</timestamp>
			</report>
			<report>
				<misses>1129001</misses>
				<total>179</total>
				<timestamp>180.470426</timestamp>
			</report>
			<report>
				<misses>1130001</misses>
				<total>179</total>
				<timestamp>180.630383</timestamp>
			</report>
			<report>
				<misses>1131001</misses>
				<total>179</total>
				<timestamp>180.790239</timestamp>
			</report>
			<report>
				<misses>1132001</misses>
				<total>179</total>
				<timestamp>180.950183</timestamp>
			</report>
			<report>
				<misses>1133001</misses>
				<total>179</total>
				<timestamp>181.109960</timestamp>
			</report>
			<report>
				<misses>1134001</misses>
				<total>179</total>
				<timestamp>181.269880</timestamp>
			</report>
			<report>
				<misses>1135001</misses>
				<total>179</total>
				<timestamp>181.429669</timestamp>
			</report>
			<report>
				<misses>1136001</misses>
				<total>179</total>
				<timestamp>181.589537</timestamp>
			</report>
			<report>
				<misses>1137001</misses>
				<total>179</total>
				<timestamp>181.749428</timestamp>
			</report>
			<report>
				<misses>1138001</misses>
				<total>179</total>
				<timestamp>181.909200</timestamp>
			</report>
			<report>
				<misses>1139001</misses>
				<total>179</total>
				<timestamp>182.069006</timestamp>
			</report>
			<report>
				<misses>1140001</misses>
				<total>179</total>
				<timestamp>182.228939</timestamp>
			</report>
			<report>
				<misses>1141001</misses>
				<total>178</total>
				<timestamp>182.388802</timestamp>
			</report>
			<report>
				<misses>1142001</misses>
				<total>178</total>
				<timestamp>182.548812</timestamp>
			</report>
			<report>
				<misses>1143001</misses>
				<total>179</total>
				<timestamp>182.708716</timestamp>
			</report>
			<report>
				<misses>1144001</misses>
				<total>178</total>
				<timestamp>182.868662</timestamp>
			</report>
			<report>
				<misses>1145001</misses>
				<total>179</total>
				<timestamp>183.028637</timestamp>
			</report>
			<report>
				<misses>1146001</misses>
				<total>179</total>
				<timestamp>183.188588</timestamp>
			</report>
			<report>
				<misses>1147001</misses>
				<total>179</total>
				<timestamp>183.348394</timestamp>
			</report>
			<report>
				<misses>1148001</misses>
				<total>179</total>
				<timestamp>183.508277</timestamp>
			</report>
			<report>
				<misses>1149001</misses>
				<total>179</total>
				<timestamp>183.668120</timestamp>
			</report>
			<report>
				<misses>1150001</misses>
				<total>179</total>
				<timestamp>183.827901</timestamp>
			</report>
			<report>
				<misses>1151001</misses>
				<total>179</total>
				<timestamp>183.987761</timestamp>
			</report>
			<report>
				<misses>1152001</misses>
				<total>179</total>
				<timestamp>184.147664</timestamp>
			</report>
			<report>
				<misses>1153001</misses>
				<total>179</total>
				<timestamp>184.307446</timestamp>
			</report>
			<report>
				<misses>1154001</misses>
				<total>179</total>
				<timestamp>184.467345</timestamp>
			</report>
			<report>
				<misses>1155001</misses>
				<total>178</total>
				<timestamp>184.627100</timestamp>
			</report>
			<report>
				<misses>1156001</misses>
				<total>179</total>
				<timestamp>184.787021</timestamp>
			</report>
			<report>
				<misses>1157001</misses>
				<total>179</total>
				<timestamp>184.946763</timestamp>
			</report>
			<report>
				<misses>1158001</misses>
				<total>179</total>
				<timestamp>185.106638</timestamp>
			</report>
			<report>
				<misses>1159001</misses>
				<total>179</total>
				<timestamp>185.266543</timestamp>
			</report>
			<report>
				<misses>1160001</misses>
				<total>179</total>
				<timestamp>185.426259</timestamp>
			</report>
			<report>
				<misses>1161001</misses>
				<total>179</total>
				<timestamp>185.586099</timestamp>
			</report>
			<report>
				<misses>1162001</misses>
				<total>179</total>
				<timestamp>185.746001</timestamp>
			</report>
			<report>
				<misses>1163001</misses>
				<total>179</total>
				<timestamp>185.905868</timestamp>
			</report>
			<report>
				<misses>1164001</misses>
				<total>179</total>
				<timestamp>186.065674</timestamp>
			</report>
			<report>
				<misses>1165001</misses>
				<total>179</total>
				<timestamp>186.225587</timestamp>
			</report>
			<report>
				<misses>1166001</misses>
				<total>178</total>
				<timestamp>186.385347</timestamp>
			</report>
			<report>
				<misses>1167001</misses>
				<total>179</total>
				<timestamp>186.545163</timestamp>
			</report>
			<report>
				<misses>1168001</misses>
				<total>179</total>
				<timestamp>186.705085</timestamp>
			</report>
			<report>
				<misses>1169001</misses>
				<total>179</total>
				<timestamp>186.864843</timestamp>
			</report>
			<report>
				<misses>1170001</misses>
				<total>182</total>
				<timestamp>187.024784</timestamp>
			</report>
			<report>
				<misses>1171001</misses>
				<total>182</total>
				<timestamp>187.184595</timestamp>
			</report>
			<report>
				<misses>1172001</misses>
				<total>182</total>
				<timestamp>187.344362</timestamp>
			</report>
			<report>
				<misses>1173001</misses>
				<total>182</total>
				<timestamp>187.504325</timestamp>
			</report>
			<report>
				<misses>1174001</misses>
				<total>182</total>
				<timestamp>187.664237</timestamp>
			</report>
			<report>
				<misses>1175001</misses>
				<total>182</total>
				<timestamp>187.824019</timestamp>
			</report>
			<report>
				<misses>1176001</misses>
				<total>184</total>
				<timestamp>187.983911</timestamp>
			</report>
			<report>
				<misses>1177001</misses>
				<total>184</total>
				<timestamp>188.143762</timestamp>
			</report>
			<report>
				<misses>1178001</misses>
				<total>184</total>
				<timestamp>188.303552</timestamp>
			</report>
			<report>
				<misses>1179001</misses>
				<total>184</total>
				<timestamp>188.463374</timestamp>
			</report>
			<report>
				<misses>1180001</misses>
				<total>184</total>
				<timestamp>188.623261</timestamp>
			</report>
			<report>
				<misses>1181001</misses>
				<total>184</total>
				<timestamp>188.783065</timestamp>
			</report>
			<report>
				<misses>1182001</misses>
				<total>185</total>
				<timestamp>188.942898</timestamp>
			</report>
			<report>
				<misses>1183001</misses>
				<total>185</total>
				<timestamp>189.102761</timestamp>
			</report>
			<report>
				<misses>1184001</misses>
				<total>185</total>
				<timestamp>189.262597</timestamp>
			</report>
			<report>
				<misses>1185001</misses>
				<total>187</total>
				<timestamp>189.422489</timestamp>
			</report>
			<report>
				<misses>1186001</misses>
				<total>187</total>
				<timestamp>189.582250</timestamp>
			</report>
			<report>
				<misses>1187001</misses>
				<total>187</total>
				<timestamp>189.742099</timestamp>
			</report>
			<report>
				<misses>1188001</misses>
				<total>187</total>
				<timestamp>189.901930</timestamp>
			</report>
			<report>
				<misses>1189001</misses>
				<total>187</total>
				<timestamp>190.061774</timestamp>
			</report>
			<report>
				<misses>1190001</misses>
				<total>187</total>
				<timestamp>190.221656</timestamp>
			</report>
			<report>
				<misses>1191001</misses>
				<total>187</total>
				<timestamp>190.381475</timestamp>
			</report>
			<report>
				<misses>1192001</misses>
				<total>187</total>
				<timestamp>190.541316</timestamp>
			</report>
			<report>
				<misses>1193001</misses>
				<total>187</total>
				<timestamp>190.701151</timestamp>
			</report>
			<report>
				<misses>1194001</misses>
				<total>188</total>
				<timestamp>190.860957</timestamp>
			</report>
			<report>
				<misses>1195001</misses>
				<total>188</total>
				<timestamp>191.020803</timestamp>
			</report>
			<report>
				<misses>1196001</misses>
				<total>188</total>
				<timestamp>191.180672</timestamp>
			</report>
			<report>
				<misses>1197001</misses>
				<total>188</total>
				<timestamp>191.340525</timestamp>
			</report>
			<report>
				<misses>1198001</misses>
				<total>188</total>
				<timestamp>191.500339</timestamp>
			</report>
			<report>
				<misses>1199001</misses>
				<total>188</total>
				<timestamp>191.660206</timestamp>
			</report>
			<report>
				<misses>1200001</misses>
				<total>188</total>
				<timestamp>191.820025</timestamp>
			</report>
			<report>
				<misses>1201001</misses>
				<total>188</total>
				<timestamp>191.979843</timestamp>
			</report>
			<report>
				<misses>1202001</misses>
				<total>188</total>
				<timestamp>192.139704</timestamp>
			</report>
			<report>
				<misses>1203001</misses>
				<total>188</total>
				<timestamp>192.299527</timestamp>
			</report>
			<report>
				<misses>1204001</misses>
				<total>188</total>
				<timestamp>192.459382</timestamp>
			</report>
			<report>
				<misses>1205001</misses>
				<total>188</total>
				<timestamp>192.619336</timestamp>
			</report>
			<report>
				<misses>1206001</misses>
				<total>188</total>
				<timestamp>192.779158</timestamp>
			</report>
			<report>
				<misses>1207001</misses>
				<total>187</total>
				<timestamp>192.938963</timestamp>
			</report>
			<report>
				<misses>1208001</misses>
				<total>188</total>
				<timestamp>193.098807</timestamp>
			</report>
			<report>
				<misses>1209001</misses>
				<total>188</total>
				<timestamp>193.258671</timestamp>
			</report>
			<report>
				<misses>1210001</misses>
				<total>188</total>
				<timestamp>193.418568</timestamp>
			</report>
			<report>
				<misses>1211001</misses>
				<total>188</total>
				<timestamp>193.578586</timestamp>
			</report>
			<report>
				<misses>1212001</misses>
				<total>188</total>
				<timestamp>193.738563</timestamp>
			</report>
			<report>
				<misses>1213001</misses>
				<total>188</total>
				<timestamp>193.898560</timestamp>
			</report>
			<report>
				<misses>1214001</misses>
				<total>190</total>
				<timestamp>194.058536</timestamp>
			</report>
			<report>
				<misses>1215001</misses>
				<total>190</total>
				<timestamp>194.218396</timestamp>
			</report>
			<report>
				<misses>1216001</misses>
				<total>190</total>
				<timestamp>194.378323</timestamp>
			</report>
			<report>
				<misses>1217001</misses>
				<total>190</total>
				<timestamp>194.538210</timestamp>
			</report>
			<report>
				<misses>1218001</misses>
				<total>190</total>
				<timestamp>194.697923</timestamp>
			</report>
			<report>
				<misses>1219001</misses>
				<total>190</total>
				<timestamp>194.857799</timestamp>
			</report>
			<report>
				<misses>1220001</misses>
				<total>190</total>
				<timestamp>195.017649</timestamp>
			</report>
			<report>
				<misses>1221001</misses>
				<total>190</total>
				<timestamp>195.177620</timestamp>
			</report>
			<report>
				<misses>1222001</misses>
				<total>190</total>
				<timestamp>195.337581</timestamp>
			</report>
			<report>
				<misses>1223001</misses>
				<total>190</total>
				<timestamp>195.497398</timestamp>
			</report>
			<report>
				<misses>1224001</misses>
				<total>190</total>
				<timestamp>195.657124</timestamp>
			</report>
			<report>
				<misses>1225001</misses>
				<total>190</total>
				<timestamp>195.816971</timestamp>
			</report>
			<report>
				<misses>1226001</misses>
				<total>190</total>
				<timestamp>195.976811</timestamp>
			</report>
			<report>
				<misses>1227001</misses>
				<total>190</total>
				<timestamp>196.136672</timestamp>
			</report>
			<report>
				<misses>1228001</misses>
				<total>190</total>
				<timestamp>196.296516</timestamp>
			</report>
			<report>
				<misses>1229001</misses>
				<total>190</total>
				<timestamp>196.456356</timestamp>
			</report>
			<report>
				<misses>1230001</misses>
				<total>190</total>
				<timestamp>196.616195</timestamp>
			</report>
			<report>
				<misses>1231001</misses>
				<total>190</total>
				<timestamp>196.776012</timestamp>
			</report>
			<report>
				<misses>1232001</misses>
				<total>190</total>
				<timestamp>196.935848</timestamp>
			</report>
			<report>
				<misses>1233001</misses>
				<total>190</total>
				<timestamp>197.095707</timestamp>
			</report>
			<report>
				<misses>1234001</misses>
				<total>190</total>
				<timestamp>197.255540</timestamp>
			</report>
			<report>
				<misses>1235001</misses>
				<total>190</total>
				<timestamp>197.415396</timestamp>
			</report>
			<report>
				<misses>1236001</misses>
				<total>190</total>
				<timestamp>197.575247</timestamp>
			</report>
			<report>
				<misses>1237001</misses>
				<total>190</total>
				<timestamp>197.735069</timestamp>
			</report>
			<report>
				<misses>1238001</misses>
				<total>190</total>
				<timestamp>197.894887</timestamp>
			</report>
			<report>
				<misses>1239001</misses>
				<total>190</total>
				<timestamp>198.054731</timestamp>
			</report>
			<report>
				<misses>1240001</misses>
				<total>190</total>
				<timestamp>198.214599</timestamp>
			</report>
			<report>
				<misses>1241001</misses>
				<total>190</total>
				<timestamp>198.374487</timestamp>
			</report>
			<report>
				<misses>1242001</misses>
				<total>190</total>
				<timestamp>198.534253</timestamp>
			</report>
			<report>
				<misses>1243001</misses>
				<total>190</total>
				<timestamp>198.694118</timestamp>
			</report>
			<report>
				<misses>1244001</misses>
				<total>190</total>
				<timestamp>198.853958</timestamp>
			</report>
			<report>
				<misses>1245001</misses>
				<total>190</total>
				<timestamp>199.013762</timestamp>
			</report>
			<report>
				<misses>1246001</misses>
				<total>190</total>
				<timestamp>199.173746</timestamp>
			</report>
			<report>
				<misses>1247001</misses>
				<total>192</total>
				<timestamp>199.333535</timestamp>
			</report>
			<report>
				<misses>1248001</misses>
				<total>192</total>
				<timestamp>199.493419</timestamp>
			</report>
			<report>
				<misses>1249001</misses>
				<total>192</total>
				<timestamp>199.653245</timestamp>
			</report>
			<report>
				<misses>1250001</misses>
				<total>194</total>
				<timestamp>199.813103</timestamp>
			</report>
			<report>
				<misses>1251001</misses>
				<total>194</total>
				<timestamp>199.972922</timestamp>
			</report>
			<report>
				<misses>1252001</misses>
				<total>194</total>
				<timestamp>200.132707</timestamp>
			</report>
			<report>
				<misses>1253001</misses>
				<total>194</total>
				<timestamp>200.292530</timestamp>
			</report>
			<report>
				<misses>1254001</misses>
				<total>194</total>
				<timestamp>200.452511</timestamp>
			</report>
			<report>
				<misses>1255001</misses>
				<total>194</total>
				<timestamp>200.612462</timestamp>
			</report>
			<report>
				<misses>1256001</misses>
				<total>193</total>
				<timestamp>200.772182</timestamp>
			</report>
			<report>
				<misses>1257001</misses>
				<total>194</total>
				<timestamp>200.932033</timestamp>
			</report>
			<report>
				<misses>1258001</misses>
				<total>194</total>
				<timestamp>201.091850</timestamp>
			</report>
			<report>
				<misses>1259001</misses>
				<total>194</total>
				<timestamp>201.251796</timestamp>
			</report>
			<report>
				<misses>1260001</misses>
				<total>194</total>
				<timestamp>201.411703</timestamp>
			</report>
			<report>
				<misses>1261001</misses>
				<total>194</total>
				<timestamp>201.571688</timestamp>
			</report>
			<report>
				<misses>1262001</misses>
				<total>194</total>
				<timestamp>201.731590</timestamp>
			</report>
			<report>
				<misses>1263001</misses>
				<total>194</total>
				<timestamp>201.891507</timestamp>
			</report>
			<report>
				<misses>1264001</misses>
				<total>194</total>
				<timestamp>202.051290</timestamp>
			</report>
			<report>
				<misses>1265001</misses>
				<total>194</total>
				<timestamp>202.211122</timestamp>
			</report>
			<report>
				<misses>1266001</misses>
				<total>194</total>
				<timestamp>202.370914</timestamp>
			</report>
			<report>
				<misses>1267001</misses>
				<total>194</total>
				<timestamp>202.530868</timestamp>
			</report>
			<report>
				<misses>1268001</misses>
				<total>194</total>
				<timestamp>202.690655</timestamp>
			</report>
			<report>
				<misses>1269001</misses>
				<total>194</total>
				<timestamp>202.850487</timestamp>
			</report>
			<report>
				<misses>1270001</misses>
				<total>194</total>
				<timestamp>203.010340</timestamp>
			</report>
			<report>
				<misses>1271001</misses>
				<total>194</total>
				<timestamp>203.170228</timestamp>
			</report>
			<report>
				<misses>1272001</misses>
				<total>193</total>
				<timestamp>203.329976</timestamp>
			</report>
			<report>
				<misses>1273001</misses>
				<total>194</total>
				<timestamp>203.489885</timestamp>
			</report>
			<report>
				<misses>1274001</misses>
				<total>194</total>
				<timestamp>203.649726</timestamp>
			</report>
			<report>
				<misses>1275001</misses>
				<total>194</total>
				<timestamp>203.809539</timestamp>
			</report>
			<report>
				<misses>1276001</misses>
				<total>194</total>
				<timestamp>203.969317</timestamp>
			</report>
			<report>
				<misses>1277001</misses>
				<total>194</total>
				<timestamp>204.129238</timestamp>
			</report>
			<report>
				<misses>1278001</misses>
				<total>194</total>
				<timestamp>204.289042</timestamp>
			</report>
			<report>
				<misses>1279001</misses>
				<total>194</total>
				<timestamp>204.448910</timestamp>
			</report>
			<report>
				<misses>1280001</misses>
				<total>193</total>
				<timestamp>204.608751</timestamp>
			</report>
			<report>
				<misses>1281001</misses>
				<total>194</total>
				<timestamp>204.768660</timestamp>
			</report>
			<report>
				<misses>1282001</misses>
				<total>194</total>
				<timestamp>204.928666</timestamp>
			</report>
			<report>
				<misses>1283001</misses>
				<total>194</total>
				<timestamp>205.088553</timestamp>
			</report>
			<report>
				<misses>1284001</misses>
				<total>194</total>
				<timestamp>205.248512</timestamp>
			</report>
			<report>
				<misses>1285001</misses>
				<total>194</total>
				<timestamp>205.408553</timestamp>
			</report>
			<report>
				<misses>1286001</misses>
				<total>194</total>
				<timestamp>205.568447</timestamp>
			</report>
			<report>
				<misses>1287001</misses>
				<total>194</total>
				<timestamp>205.728220</timestamp>
			</report>
			<report>
				<misses>1288001</misses>
				<total>194</total>
				<timestamp>205.888010</timestamp>
			</report>
			<report>
				<misses>1289001</misses>
				<total>194</total>
				<timestamp>206.047870</timestamp>
			</report>
			<report>
				<misses>1290001</misses>
				<total>194</total>
				<timestamp>206.207817</timestamp>
			</report>
			<report>
				<misses>1291001</misses>
				<total>194</total>
				<timestamp>206.367664</timestamp>
			</report>
			<report>
				<misses>1292001</misses>
				<total>194</total>
				<timestamp>206.527392</timestamp>
			</report>
			<report>
				<misses>1293001</misses>
				<total>194</total>
				<timestamp>206.687336</timestamp>
			</report>
			<report>
				<misses>1294001</misses>
				<total>194</total>
				<timestamp>206.847050</timestamp>
			</report>
			<report>
				<misses>1295001</misses>
				<total>194</total>
				<timestamp>207.006973</timestamp>
			</report>
			<report>
				<misses>1296001</misses>
				<total>194</total>
				<timestamp>207.166805</timestamp>
			</report>
			<report>
				<misses>1297001</misses>
				<total>196</total>
				<timestamp>207.326736</timestamp>
			</report>
			<report>
				<misses>1298001</misses>
				<total>196</total>
				<timestamp>207.486664</timestamp>
			</report>
			<report>
				<misses>1299001</misses>
				<total>196</total>
				<timestamp>207.646512</timestamp>
			</report>
			<report>
				<misses>1300001</misses>
				<total>196</total>
				<timestamp>207.806353</timestamp>
			</report>
			<report>
				<misses>1301001</misses>
				<total>196</total>
				<timestamp>207.966208</timestamp>
			</report>
			<report>
				<misses>1302001</misses>
				<total>196</total>
				<timestamp>208.125961</timestamp>
			</report>
			<report>
				<misses>1303001</misses>
				<total>196</total>
				<timestamp>208.285784</timestamp>
			</report>
			<report>
				<misses>1304001</misses>
				<total>196</total>
				<timestamp>208.445699</timestamp>
			</report>
			<report>
				<misses>1305001</misses>
				<total>196</total>
				<timestamp>208.605469</timestamp>
			</report>
			<report>
				<misses>1306001</misses>
				<total>196</total>
				<timestamp>208.765292</timestamp>
			</report>
			<report>
				<misses>1307001</misses>
				<total>196</total>
				<timestamp>208.925151</timestamp>
			</report>
			<report>
				<misses>1308001</misses>
				<total>196</total>
				<timestamp>209.085008</timestamp>
			</report>
			<report>
				<misses>1309001</misses>
				<total>196</total>
				<timestamp>209.244812</timestamp>
			</report>
			<report>
				<misses>1310001</misses>
				<total>196</total>
				<timestamp>209.404691</timestamp>
			</report>
			<report>
				<misses>1311001</misses>
				<total>196</total>
				<timestamp>209.564559</timestamp>
			</report>
			<report>
				<misses>1312001</misses>
				<total>196</total>
				<timestamp>209.724358</timestamp>
			</report>
			<report>
				<misses>1313001</misses>
				<total>196</total>
				<timestamp>209.884169</timestamp>
			</report>
			<report>
				<misses>1314001</misses>
				<total>196</total>
				<timestamp>210.044005</timestamp>
			</report>
			<report>
				<misses>1315001</misses>
				<total>196</total>
				<timestamp>210.203850</timestamp>
			</report>
			<report>
				<misses>1316001</misses>
				<total>196</total>
				<timestamp>210.363737</timestamp>
			</report>
			<report>
				<misses>1317001</misses>
				<total>196</total>
				<timestamp>210.523557</timestamp>
			</report>
			<report>
				<misses>1318001</misses>
				<total>196</total>
				<timestamp>210.683377</timestamp>
			</report>
			<report>
				<misses>1319001</misses>
				<total>196</total>
				<timestamp>210.843250</timestamp>
			</report>
			<report>
				<misses>1320001</misses>
				<total>196</total>
				<timestamp>211.003049</timestamp>
			</report>
			<report>
				<misses>1321001</misses>
				<total>196</total>
				<timestamp>211.162889</timestamp>
			</report>
			<report>
				<misses>1322001</misses>
				<total>196</total>
				<timestamp>211.322727</timestamp>
			</report>
			<report>
				<misses>1323001</misses>
				<total>196</total>
				<timestamp>211.482584</timestamp>
			</report>
			<report>
				<misses>1324001</misses>
				<total>200</total>
				<timestamp>211.642430</timestamp>
			</report>
			<report>
				<misses>1325001</misses>
				<total>200</total>
				<timestamp>211.802308</timestamp>
			</report>
			<report>
				<misses>1326001</misses>
				<total>200</total>
				<timestamp>211.962095</timestamp>
			</report>
			<report>
				<misses>1327001</misses>
				<total>200</total>
				<timestamp>212.121920</timestamp>
			</report>
			<report>
				<misses>1328001</misses>
				<total>200</total>
				<timestamp>212.281771</timestamp>
			</report>
			<report>
				<misses>1329001</misses>
				<total>200</total>
				<timestamp>212.441645</timestamp>
			</report>
			<report>
				<misses>1330001</misses>
				<total>200</total>
				<timestamp>212.601481</timestamp>
			</report>
			<report>
				<misses>1331001</misses>
				<total>200</total>
				<timestamp>212.761322</timestamp>
			</report>
			<report>
				<misses>1332001</misses>
				<total>200</total>
				<timestamp>212.921155</timestamp>
			</report>
			<report>
				<misses>1333001</misses>
				<total>200</total>
				<timestamp>213.080983</timestamp>
			</report>
			<report>
				<misses>1334001</misses>
				<total>200</total>
				<timestamp>213.240848</timestamp>
			</report>
			<report>
				<misses>1335001</misses>
				<total>200</total>
				<timestamp>213.400670</timestamp>
			</report>
			<report>
				<misses>1336001</misses>
				<total>200</total>
				<timestamp>213.560505</timestamp>
			</report>
			<report>
				<misses>1337001</misses>
				<total>200</total>
				<timestamp>213.720371</timestamp>
			</report>
			<report>
				<misses>1338001</misses>
				<total>199</total>
				<timestamp>213.880238</timestamp>
			</report>
			<report>
				<misses>1339001</misses>
				<total>200</total>
				<timestamp>214.040021</timestamp>
			</report>
			<report>
				<misses>1340001</misses>
				<total>200</total>
				<timestamp>214.199860</timestamp>
			</report>
			<report>
				<misses>1341001</misses>
				<total>200</total>
				<timestamp>214.359694</timestamp>
			</report>
			<report>
				<misses>1342001</misses>
				<total>200</total>
				<timestamp>214.519545</timestamp>
			</report>
			<report>
				<misses>1343001</misses>
				<total>200</total>
				<timestamp>214.679397</timestamp>
			</report>
			<report>
				<misses>1344001</misses>
				<total>206</total>
				<timestamp>214.839217</timestamp>
			</report>
			<report>
				<misses>1345001</misses>
				<total>206</total>
				<timestamp>214.999213</timestamp>
			</report>
			<report>
				<misses>1346001</misses>
				<total>206</total>
				<timestamp>215.159222</timestamp>
			</report>
			<report>
				<misses>1347001</misses>
				<total>206</total>
				<timestamp>215.319065</timestamp>
			</report>
			<report>
				<misses>1348001</misses>
				<total>206</total>
				<timestamp>215.478922</timestamp>
			</report>
			<report>
				<misses>1349001</misses>
				<total>206</total>
				<timestamp>215.638761</timestamp>
			</report>
			<report>
				<misses>1350001</misses>
				<total>206</total>
				<timestamp>215.798714</timestamp>
			</report>
			<report>
				<misses>1351001</misses>
				<total>206</total>
				<timestamp>215.958622</timestamp>
			</report>
			<report>
				<misses>1352001</misses>
				<total>206</total>
				<timestamp>216.118455</timestamp>
			</report>
			<report>
				<misses>1353001</misses>
				<total>206</total>
				<timestamp>216.278335</timestamp>
			</report>
			<report>
				<misses>1354001</misses>
				<total>205</total>
				<timestamp>216.438115</timestamp>
			</report>
			<report>
				<misses>1355001</misses>
				<total>206</total>
				<timestamp>216.598006</timestamp>
			</report>
			<report>
				<misses>1356001</misses>
				<total>206</total>
				<timestamp>216.757799</timestamp>
			</report>
			<report>
				<misses>1357001</misses>
				<total>206</total>
				<timestamp>216.917680</timestamp>
			</report>
			<report>
				<misses>1358001</misses>
				<total>206</total>
				<timestamp>217.077627</timestamp>
			</report>
			<report>
				<misses>1359001</misses>
				<total>206</total>
				<timestamp>217.237585</timestamp>
			</report>
			<report>
				<misses>1360001</misses>
				<total>206</total>
				<timestamp>217.397460</timestamp>
			</report>
			<report>
				<misses>1361001</misses>
				<total>206</total>
				<timestamp>217.557418</timestamp>
			</report>
			<report>
				<misses>1362001</misses>
				<total>206</total>
				<timestamp>217.717255</timestamp>
			</report>
			<report>
				<misses>1363001</misses>
				<total>206</total>
				<timestamp>217.877069</timestamp>
			</report>
			<report>
				<misses>1364001</misses>
				<total>205</total>
				<timestamp>218.036948</timestamp>
			</report>
			<report>
				<misses>1365001</misses>
				<total>206</total>
				<timestamp>218.196684</timestamp>
			</report>
			<report>
				<misses>1366001</misses>
				<total>206</total>
				<timestamp>218.356597</timestamp>
			</report>
			<report>
				<misses>1367001</misses>
				<total>206</total>
				<timestamp>218.516482</timestamp>
			</report>
			<report>
				<misses>1368001</misses>
				<total>206</total>
				<timestamp>218.676406</timestamp>
			</report>
			<report>
				<misses>1369001</misses>
				<total>206</total>
				<timestamp>218.836239</timestamp>
			</report>
			<report>
				<misses>1370001</misses>
				<total>206</total>
				<timestamp>218.996021</timestamp>
			</report>
			<report>
				<misses>1371001</misses>
				<total>206</total>
				<timestamp>219.155853</timestamp>
			</report>
			<report>
				<misses>1372001</misses>
				<total>205</total>
				<timestamp>219.315811</timestamp>
			</report>
			<report>
				<misses>1373001</misses>
				<total>206</total>
				<timestamp>219.475563</timestamp>
			</report>
			<report>
				<misses>1374001</misses>
				<total>206</total>
				<timestamp>219.635467</timestamp>
			</report>
			<report>
				<misses>1375001</misses>
				<total>205</total>
				<timestamp>219.795351</timestamp>
			</report>
			<report>
				<misses>1376001</misses>
				<total>206</total>
				<timestamp>219.955088</timestamp>
			</report>
			<report>
				<misses>1377001</misses>
				<total>206</total>
				<timestamp>220.114933</timestamp>
			</report>
			<report>
				<misses>1378001</misses>
				<total>206</total>
				<timestamp>220.274802</timestamp>
			</report>
			<report>
				<misses>1379001</misses>
				<total>206</total>
				<timestamp>220.434616</timestamp>
			</report>
			<report>
				<misses>1380001</misses>
				<total>206</total>
				<timestamp>220.594441</timestamp>
			</report>
			<report>
				<misses>1381001</misses>
				<total>206</total>
				<timestamp>220.754382</timestamp>
			</report>
			<report>
				<misses>1382001</misses>
				<total>206</total>
				<timestamp>220.914235</timestamp>
			</report>
			<report>
				<misses>1383001</misses>
				<total>206</total>
				<timestamp>221.074113</timestamp>
			</report>
			<report>
				<misses>1384001</misses>
				<total>207</total>
				<timestamp>221.233943</timestamp>
			</report>
			<report>
				<misses>1385001</misses>
				<total>207</total>
				<timestamp>221.393787</timestamp>
			</report>
			<report>
				<misses>1386001</misses>
				<total>207</total>
				<timestamp>221.553752</timestamp>
			</report>
			<report>
				<misses>1387001</misses>
				<total>207</total>
				<timestamp>221.713617</timestamp>
			</report>
			<report>
				<misses>1388001</misses>
				<total>207</total>
				<timestamp>221.873596</timestamp>
			</report>
			<report>
				<misses>1389001</misses>
				<total>206</total>
				<timestamp>222.033502</timestamp>
			</report>
			<report>
				<misses>1390001</misses>
				<total>207</total>
				<timestamp>222.193348</timestamp>
			</report>
			<report>
				<misses>1391001</misses>
				<total>207</total>
				<timestamp>222.353188</timestamp>
			</report>
			<report>
				<misses>1392001</misses>
				<total>207</total>
				<timestamp>222.513018</timestamp>
			</report>
			<report>
				<misses>1393001</misses>
				<total>207</total>
				<timestamp>222.672895</timestamp>
			</report>
			<report>
				<misses>1394001</misses>
				<total>207</total>
				<timestamp>222.832715</timestamp>
			</report>
			<report>
				<misses>1395001</misses>
				<total>207</total>
				<timestamp>222.992511</timestamp>
			</report>
			<report>
				<misses>1396001</misses>
				<total>207</total>
				<timestamp>223.152419</timestamp>
			</report>
			<report>
				<misses>1397001</misses>
				<total>207</total>
				<timestamp>223.312175</timestamp>
			</report>
			<report>
				<misses>1398001</misses>
				<total>207</total>
				<timestamp>223.472047</timestamp>
			</report>
			<report>
				<misses>1399001</misses>
				<total>206</total>
				<timestamp>223.631865</timestamp>
			</report>
			<report>
				<misses>1400001</misses>
				<total>206</total>
				<timestamp>223.791690</timestamp>
			</report>
			<report>
				<misses>1401001</misses>
				<total>207</total>
				<timestamp>223.951534</timestamp>
			</report>
			<report>
				<misses>1402001</misses>
				<total>207</total>
				<timestamp>224.111395</timestamp>
			</report>
			<report>
				<misses>1403001</misses>
				<total>207</total>
				<timestamp>224.271210</timestamp>
			</report>
			<report>
				<misses>1404001</misses>
				<total>207</total>
				<timestamp>224.431045</timestamp>
			</report>
			<report>
				<misses>1405001</misses>
				<total>207</total>
				<timestamp>224.590895</timestamp>
			</report>
			<report>
				<misses>1406001</misses>
				<total>207</total>
				<timestamp>224.750746</timestamp>
			</report>
			<report>
				<misses>1407001</misses>
				<total>207</total>
				<timestamp>224.910588</timestamp>
			</report>
			<report>
				<misses>1408001</misses>
				<total>207</total>
				<timestamp>225.070446</timestamp>
			</report>
			<report>
				<misses>1409001</misses>
				<total>207</total>
				<timestamp>225.230302</timestamp>
			</report>
			<report>
				<misses>1410001</misses>
				<total>207</total>
				<timestamp>225.390138</timestamp>
			</report>
			<report>
				<misses>1411001</misses>
				<total>207</total>
				<timestamp>225.549964</timestamp>
			</report>
			<report>
				<misses>1412001</misses>
				<total>208</total>
				<timestamp>225.709859</timestamp>
			</report>
			<report>
				<misses>1413001</misses>
				<total>207</total>
				<timestamp>225.869635</timestamp>
			</report>
			<report>
				<misses>1414001</misses>
				<total>208</total>
				<timestamp>226.029509</timestamp>
			</report>
			<report>
				<misses>1415001</misses>
				<total>208</total>
				<timestamp>226.189405</timestamp>
			</report>
			<report>
				<misses>1416001</misses>
				<total>208</total>
				<timestamp>226.349172</timestamp>
			</report>
			<report>
				<misses>1417001</misses>
				<total>208</total>
				<timestamp>226.509136</timestamp>
			</report>
			<report>
				<misses>1418001</misses>
				<total>208</total>
				<timestamp>226.669056</timestamp>
			</report>
			<report>
				<misses>1419001</misses>
				<total>208</total>
				<timestamp>226.828912</timestamp>
			</report>
			<report>
				<misses>1420001</misses>
				<total>208</total>
				<timestamp>226.988725</timestamp>
			</report>
			<report>
				<misses>1421001</misses>
				<total>208</total>
				<timestamp>227.148590</timestamp>
			</report>
			<report>
				<misses>1422001</misses>
				<total>208</total>
				<timestamp>227.308484</timestamp>
			</report>
			<report>
				<misses>1423001</misses>
				<total>208</total>
				<timestamp>227.468430</timestamp>
			</report>
			<report>
				<misses>1424001</misses>
				<total>208</total>
				<timestamp>227.628276</timestamp>
			</report>
			<report>
				<misses>1425001</misses>
				<total>208</total>
				<timestamp>227.788010</timestamp>
			</report>
			<report>
				<misses>1426001</misses>
				<total>208</total>
				<timestamp>227.947858</timestamp>
			</report>
			<report>
				<misses>1427001</misses>
				<total>208</total>
				<timestamp>228.107784</timestamp>
			</report>
			<report>
				<misses>1428001</misses>
				<total>208</total>
				<timestamp>228.267576</timestamp>
			</report>
			<report>
				<misses>1429001</misses>
				<total>208</total>
				<timestamp>228.427526</timestamp>
			</report>
			<report>
				<misses>1430001</misses>
				<total>208</total>
				<timestamp>228.587395</timestamp>
			</report>
			<report>
				<misses>1431001</misses>
				<total>208</total>
				<timestamp>228.747286</timestamp>
			</report>
			<report>
				<misses>1432001</misses>
				<total>208</total>
				<timestamp>228.907110</timestamp>
			</report>
			<report>
				<misses>1433001</misses>
				<total>208</total>
				<timestamp>229.066979</timestamp>
			</report>
			<report>
				<misses>1434001</misses>
				<total>208</total>
				<timestamp>229.226869</timestamp>
			</report>
			<report>
				<misses>1435001</misses>
				<total>208</total>
				<timestamp>229.386598</timestamp>
			</report>
			<report>
				<misses>1436001</misses>
				<total>208</total>
				<timestamp>229.546445</timestamp>
			</report>
			<report>
				<misses>1437001</misses>
				<total>208</total>
				<timestamp>229.706289</timestamp>
			</report>
			<report>
				<misses>1438001</misses>
				<total>207</total>
				<timestamp>229.866182</timestamp>
			</report>
			<report>
				<misses>1439001</misses>
				<total>208</total>
				<timestamp>230.025943</timestamp>
			</report>
			<report>
				<misses>1440001</misses>
				<total>208</total>
				<timestamp>230.185825</timestamp>
			</report>
			<report>
				<misses>1441001</misses>
				<total>208</total>
				<timestamp>230.345643</timestamp>
			</report>
			<report>
				<misses>1442001</misses>
				<total>208</total>
				<timestamp>230.505459</timestamp>
			</report>
			<report>
				<misses>1443001</misses>
				<total>208</total>
				<timestamp>230.665312</timestamp>
			</report>
			<report>
				<misses>1444001</misses>
				<total>210</total>
				<timestamp>230.825140</timestamp>
			</report>
			<report>
				<misses>1445001</misses>
				<total>210</total>
				<timestamp>230.985009</timestamp>
			</report>
			<report>
				<misses>1446001</misses>
				<total>210</total>
				<timestamp>231.144799</timestamp>
			</report>
			<report>
				<misses>1447001</misses>
				<total>210</total>
				<timestamp>231.304665</timestamp>
			</report>
			<report>
				<misses>1448001</misses>
				<total>210</total>
				<timestamp>231.464501</timestamp>
			</report>
			<report>
				<misses>1449001</misses>
				<total>210</total>
				<timestamp>231.624342</timestamp>
			</report>
			<report>
				<misses>1450001</misses>
				<total>210</total>
				<timestamp>231.784206</timestamp>
			</report>
			<report>
				<misses>1451001</misses>
				<total>210</total>
				<timestamp>231.944023</timestamp>
			</report>
			<report>
				<misses>1452001</misses>
				<total>210</total>
				<timestamp>232.103852</timestamp>
			</report>
			<report>
				<misses>1453001</misses>
				<total>209</total>
				<timestamp>232.263703</timestamp>
			</report>
			<report>
				<misses>1454001</misses>
				<total>210</total>
				<timestamp>232.423528</timestamp>
			</report>
			<report>
				<misses>1455001</misses>
				<total>210</total>
				<timestamp>232.583389</timestamp>
			</report>
			<report>
				<misses>1456001</misses>
				<total>210</total>
				<timestamp>232.743245</timestamp>
			</report>
			<report>
				<misses>1457001</misses>
				<total>210</total>
				<timestamp>232.903038</timestamp>
			</report>
			<report>
				<misses>1458001</misses>
				<total>210</total>
				<timestamp>233.062885</timestamp>
			</report>
			<report>
				<misses>1459001</misses>
				<total>210</total>
				<timestamp>233.222734</timestamp>
			</report>
			<report>
				<misses>1460001</misses>
				<total>210</total>
				<timestamp>233.382577</timestamp>
			</report>
			<report>
				<misses>1461001</misses>
				<total>210</total>
				<timestamp>233.542405</timestamp>
			</report>
			<report>
				<misses>1462001</misses>
				<total>210</total>
				<timestamp>233.702280</timestamp>
			</report>
			<report>
				<misses>1463001</misses>
				<total>210</total>
				<timestamp>233.862085</timestamp>
			</report>
			<report>
				<misses>1464001</misses>
				<total>210</total>
				<timestamp>234.021953</timestamp>
			</report>
			<report>
				<misses>1465001</misses>
				<total>210</total>
				<timestamp>234.181763</timestamp>
			</report>
			<report>
				<misses>1466001</misses>
				<total>210</total>
				<timestamp>234.341625</timestamp>
			</report>
			<report>
				<misses>1467001</misses>
				<total>210</total>
				<timestamp>234.501444</timestamp>
			</report>
			<report>
				<misses>1468001</misses>
				<total>210</total>
				<timestamp>234.661334</timestamp>
			</report>
			<report>
				<misses>1469001</misses>
				<total>210</total>
				<timestamp>234.821136</timestamp>
			</report>
			<report>
				<misses>1470001</misses>
				<total>210</total>
				<timestamp>234.980968</timestamp>
			</report>
			<report>
				<misses>1471001</misses>
				<total>210</total>
				<timestamp>235.140808</timestamp>
			</report>
			<report>
				<misses>1472001</misses>
				<total>210</total>
				<timestamp>235.300652</timestamp>
			</report>
			<report>
				<misses>1473001</misses>
				<total>213</total>
				<timestamp>235.460490</timestamp>
			</report>
			<report>
				<misses>1474001</misses>
				<total>217</total>
				<timestamp>235.620396</timestamp>
			</report>
			<report>
				<misses>1475001</misses>
				<total>217</total>
				<timestamp>235.780227</timestamp>
			</report>
			<report>
				<misses>1476001</misses>
				<total>217</total>
				<timestamp>235.940004</timestamp>
			</report>
			<report>
				<misses>1477001</misses>
				<total>217</total>
				<timestamp>236.099855</timestamp>
			</report>
			<report>
				<misses>1478001</misses>
				<total>217</total>
				<timestamp>236.259682</timestamp>
			</report>
			<report>
				<misses>1479001</misses>
				<total>217</total>
				<timestamp>236.419527</timestamp>
			</report>
			<report>
				<misses>1480001</misses>
				<total>217</total>
				<timestamp>236.579374</timestamp>
			</report>
			<report>
				<misses>1481001</misses>
				<total>217</total>
				<timestamp>236.739239</timestamp>
			</report>
			<report>
				<misses>1482001</misses>
				<total>217</total>
				<timestamp>236.899061</timestamp>
			</report>
			<report>
				<misses>1483001</misses>
				<total>217</total>
				<timestamp>237.058896</timestamp>
			</report>
			<report>
				<misses>1484001</misses>
				<total>217</total>
				<timestamp>237.218728</timestamp>
			</report>
			<report>
				<misses>1485001</misses>
				<total>217</total>
				<timestamp>237.378565</timestamp>
			</report>
			<report>
				<misses>1486001</misses>
				<total>217</total>
				<timestamp>237.538428</timestamp>
			</report>
			<report>
				<misses>1487001</misses>
				<total>218</total>
				<timestamp>237.698251</timestamp>
			</report>
			<report>
				<misses>1488001</misses>
				<total>218</total>
				<timestamp>237.858094</timestamp>
			</report>
			<report>
				<misses>1489001</misses>
				<total>218</total>
				<timestamp>238.017965</timestamp>
			</report>
			<report>
				<misses>1490001</misses>
				<total>218</total>
				<timestamp>238.177757</timestamp>
			</report>
			<report>
				<misses>1491001</misses>
				<total>217</total>
				<timestamp>238.337625</timestamp>
			</report>
			<report>
				<misses>1492001</misses>
				<total>218</total>
				<timestamp>238.497477</timestamp>
			</report>
			<report>
				<misses>1493001</misses>
				<total>218</total>
				<timestamp>238.657348</timestamp>
			</report>
			<report>
				<misses>1494001</misses>
				<total>217</total>
				<timestamp>238.817152</timestamp>
			</report>
			<report>
				<misses>1495001</misses>
				<total>218</total>
				<timestamp>238.976969</timestamp>
			</report>
			<report>
				<misses>1496001</misses>
				<total>218</total>
				<timestamp>239.136911</timestamp>
			</report>
			<report>
				<misses>1497001</misses>
				<total>218</total>
				<timestamp>239.296793</timestamp>
			</report>
			<report>
				<misses>1498001</misses>
				<total>218</total>
				<timestamp>239.456623</timestamp>
			</report>
			<report>
				<misses>1499001</misses>
				<total>218</total>
				<timestamp>239.616414</timestamp>
			</report>
			<report>
				<misses>1500001</misses>
				<total>218</total>
				<timestamp>239.776351</timestamp>
			</report>
			<report>
				<misses>1501001</misses>
				<total>218</total>
				<timestamp>239.936289</timestamp>
			</report>
			<report>
				<misses>1502001</misses>
				<total>217</total>
				<timestamp>240.096115</timestamp>
			</report>
			<report>
				<misses>1503001</misses>
				<total>220</total>
				<timestamp>240.255969</timestamp>
			</report>
			<report>
				<misses>1504001</misses>
				<total>220</total>
				<timestamp>240.415704</timestamp>
			</report>
			<report>
				<misses>1505001</misses>
				<total>220</total>
				<timestamp>240.575665</timestamp>
			</report>
			<report>
				<misses>1506001</misses>
				<total>220</total>
				<timestamp>240.735498</timestamp>
			</report>
			<report>
				<misses>1507001</misses>
				<total>220</total>
				<timestamp>240.895338</timestamp>
			</report>
			<report>
				<misses>1508001</misses>
				<total>220</total>
				<timestamp>241.055167</timestamp>
			</report>
			<report>
				<misses>1509001</misses>
				<total>220</total>
				<timestamp>241.214994</timestamp>
			</report>
			<report>
				<misses>1510001</misses>
				<total>219</total>
				<timestamp>241.374858</timestamp>
			</report>
			<report>
				<misses>1511001</misses>
				<total>220</total>
				<timestamp>241.534616</timestamp>
			</report>
			<report>
				<misses>1512001</misses>
				<total>220</total>
				<timestamp>241.694436</timestamp>
			</report>
			<report>
				<misses>1513001</misses>
				<total>220</total>
				<timestamp>241.854388</timestamp>
			</report>
			<report>
				<misses>1514001</misses>
				<total>223</total>
				<timestamp>242.014165</timestamp>
			</report>
			<report>
				<misses>1515001</misses>
				<total>223</total>
				<timestamp>242.173987</timestamp>
			</report>
			<report>
				<misses>1516001</misses>
				<total>223</total>
				<timestamp>242.333778</timestamp>
			</report>
			<report>
				<misses>1517001</misses>
				<total>223</total>
				<timestamp>242.493618</timestamp>
			</report>
			<report>
				<misses>1518001</misses>
				<total>222</total>
				<timestamp>242.653476</timestamp>
			</report>
			<report>
				<misses>1519001</misses>
				<total>223</total>
				<timestamp>242.813319</timestamp>
			</report>
			<report>
				<misses>1520001</misses>
				<total>223</total>
				<timestamp>242.973165</timestamp>
			</report>
			<report>
				<misses>1521001</misses>
				<total>223</total>
				<timestamp>243.133034</timestamp>
			</report>
			<report>
				<misses>1522001</misses>
				<total>223</total>
				<timestamp>243.292818</timestamp>
			</report>
			<report>
				<misses>1523001</misses>
				<total>223</total>
				<timestamp>243.452713</timestamp>
			</report>
			<report>
				<misses>1524001</misses>
				<total>223</total>
				<timestamp>243.612521</timestamp>
			</report>
			<report>
				<misses>1525001</misses>
				<total>223</total>
				<timestamp>243.772455</timestamp>
			</report>
			<report>
				<misses>1526001</misses>
				<total>223</total>
				<timestamp>243.932279</timestamp>
			</report>
			<report>
				<misses>1527001</misses>
				<total>223</total>
				<timestamp>244.092064</timestamp>
			</report>
			<report>
				<misses>1528001</misses>
				<total>223</total>
				<timestamp>244.251917</timestamp>
			</report>
			<report>
				<misses>1529001</misses>
				<total>223</total>
				<timestamp>244.411878</timestamp>
			</report>
			<report>
				<misses>1530001</misses>
				<total>223</total>
				<timestamp>244.571828</timestamp>
			</report>
			<report>
				<misses>1531001</misses>
				<total>223</total>
				<timestamp>244.731589</timestamp>
			</report>
			<report>
				<misses>1532001</misses>
				<total>222</total>
				<timestamp>244.891408</timestamp>
			</report>
			<report>
				<misses>1533001</misses>
				<total>223</total>
				<timestamp>245.051384</timestamp>
			</report>
			<report>
				<misses>1534001</misses>
				<total>223</total>
				<timestamp>245.211366</timestamp>
			</report>
			<report>
				<misses>1535001</misses>
				<total>222</total>
				<timestamp>245.371314</timestamp>
			</report>
			<report>
				<misses>1536001</misses>
				<total>223</total>
				<timestamp>245.531145</timestamp>
			</report>
			<report>
				<misses>1537001</misses>
				<total>223</total>
				<timestamp>245.690902</timestamp>
			</report>
			<report>
				<misses>1538001</misses>
				<total>223</total>
				<timestamp>245.850771</timestamp>
			</report>
			<report>
				<misses>1539001</misses>
				<total>223</total>
				<timestamp>246.010563</timestamp>
			</report>
			<report>
				<misses>1540001</misses>
				<total>223</total>
				<timestamp>246.170548</timestamp>
			</report>
			<report>
				<misses>1541001</misses>
				<total>223</total>
				<timestamp>246.330285</timestamp>
			</report>
			<report>
				<misses>1542001</misses>
				<total>223</total>
				<timestamp>246.490185</timestamp>
			</report>
			<report>
				<misses>1543001</misses>
				<total>223</total>
				<timestamp>246.649991</timestamp>
			</report>
			<report>
				<misses>1544001</misses>
				<total>223</total>
				<timestamp>246.809846</timestamp>
			</report>
			<report>
				<misses>1545001</misses>
				<total>223</total>
				<timestamp>246.969622</timestamp>
			</report>
			<report>
				<misses>1546001</misses>
				<total>223</total>
				<timestamp>247.129461</timestamp>
			</report>
			<report>
				<misses>1547001</misses>
				<total>223</total>
				<timestamp>247.289326</timestamp>
			</report>
			<report>
				<misses>1548001</misses>
				<total>223</total>
				<timestamp>247.449167</timestamp>
			</report>
			<report>
				<misses>1549001</misses>
				<total>223</total>
				<timestamp>247.608981</timestamp>
			</report>
			<report>
				<misses>1550001</misses>
				<total>223</total>
				<timestamp>247.768865</timestamp>
			</report>
			<report>
				<misses>1551001</misses>
				<total>223</total>
				<timestamp>247.928665</timestamp>
			</report>
			<report>
				<misses>1552001</misses>
				<total>224</total>
				<timestamp>248.088522</timestamp>
			</report>
			<report>
				<misses>1553001</misses>
				<total>224</total>
				<timestamp>248.248334</timestamp>
			</report>
			<report>
				<misses>1554001</misses>
				<total>224</total>
				<timestamp>248.408202</timestamp>
			</report>
			<report>
				<misses>1555001</misses>
				<total>224</total>
				<timestamp>248.568027</timestamp>
			</report>
			<report>
				<misses>1556001</misses>
				<total>224</total>
				<timestamp>248.727892</timestamp>
			</report>
			<report>
				<misses>1557001</misses>
				<total>224</total>
				<timestamp>248.887696</timestamp>
			</report>
			<report>
				<misses>1558001</misses>
				<total>224</total>
				<timestamp>249.047627</timestamp>
			</report>
			<report>
				<misses>1559001</misses>
				<total>223</total>
				<timestamp>249.207422</timestamp>
			</report>
			<report>
				<misses>1560001</misses>
				<total>223</total>
				<timestamp>249.367251</timestamp>
			</report>
			<report>
				<misses>1561001</misses>
				<total>226</total>
				<timestamp>249.527050</timestamp>
			</report>
			<report>
				<misses>1562001</misses>
				<total>226</total>
				<timestamp>249.686894</timestamp>
			</report>
			<report>
				<misses>1563001</misses>
				<total>226</total>
				<timestamp>249.846756</timestamp>
			</report>
			<report>
				<misses>1564001</misses>
				<total>226</total>
				<timestamp>250.006566</timestamp>
			</report>
			<report>
				<misses>1565001</misses>
				<total>226</total>
				<timestamp>250.166423</timestamp>
			</report>
			<report>
				<misses>1566001</misses>
				<total>226</total>
				<timestamp>250.326269</timestamp>
			</report>
			<report>
				<misses>1567001</misses>
				<total>226</total>
				<timestamp>250.486075</timestamp>
			</report>
			<report>
				<misses>1568001</misses>
				<total>233</total>
				<timestamp>250.645972</timestamp>
			</report>
			<report>
				<misses>1569001</misses>
				<total>233</total>
				<timestamp>250.805877</timestamp>
			</report>
			<report>
				<misses>1570001</misses>
				<total>233</total>
				<timestamp>250.965607</timestamp>
			</report>
			<report>
				<misses>1571001</misses>
				<total>233</total>
				<timestamp>251.125443</timestamp>
			</report>
			<report>
				<misses>1572001</misses>
				<total>233</total>
				<timestamp>251.285311</timestamp>
			</report>
			<report>
				<misses>1573001</misses>
				<total>233</total>
				<timestamp>251.445161</timestamp>
			</report>
			<report>
				<misses>1574001</misses>
				<total>233</total>
				<timestamp>251.604967</timestamp>
			</report>
			<report>
				<misses>1575001</misses>
				<total>233</total>
				<timestamp>251.764835</timestamp>
			</report>
			<report>
				<misses>1576001</misses>
				<total>235</total>
				<timestamp>251.924652</timestamp>
			</report>
			<report>
				<misses>1577001</misses>
				<total>235</total>
				<timestamp>252.084488</timestamp>
			</report>
			<report>
				<misses>1578001</misses>
				<total>235</total>
				<timestamp>252.244346</timestamp>
			</report>
			<report>
				<misses>1579001</misses>
				<total>235</total>
				<timestamp>252.404200</timestamp>
			</report>
			<report>
				<misses>1580001</misses>
				<total>235</total>
				<timestamp>252.564102</timestamp>
			</report>
			<report>
				<misses>1581001</misses>
				<total>235</total>
				<timestamp>252.724018</timestamp>
			</report>
			<report>
				<misses>1582001</misses>
				<total>235</total>
				<timestamp>252.883973</timestamp>
			</report>
			<report>
				<misses>1583001</misses>
				<total>235</total>
				<timestamp>253.043806</timestamp>
			</report>
			<report>
				<misses>1584001</misses>
				<total>235</total>
				<timestamp>253.203647</timestamp>
			</report>
			<report>
				<misses>1585001</misses>
				<total>235</total>
				<timestamp>253.363402</timestamp>
			</report>
			<report>
				<misses>1586001</misses>
				<total>235</total>
				<timestamp>253.523277</timestamp>
			</report>
			<report>
				<misses>1587001</misses>
				<total>235</total>
				<timestamp>253.683145</timestamp>
			</report>
			<report>
				<misses>1588001</misses>
				<total>235</total>
				<timestamp>253.842923</timestamp>
			</report>
			<report>
				<misses>1589001</misses>
				<total>235</total>
				<timestamp>254.002863</timestamp>
			</report>
			<report>
				<misses>1590001</misses>
				<total>235</total>
				<timestamp>254.162724</timestamp>
			</report>
			<report>
				<misses>1591001</misses>
				<total>235</total>
				<timestamp>254.322568</timestamp>
			</report>
			<report>
				<misses>1592001</misses>
				<total>235</total>
				<timestamp>254.482500</timestamp>
			</report>
			<report>
				<misses>1593001</misses>
				<total>238</total>
				<timestamp>254.642388</timestamp>
			</report>
			<report>
				<misses>1594001</misses>
				<total>238</total>
				<timestamp>254.802271</timestamp>
			</report>
			<report>
				<misses>1595001</misses>
				<total>238</total>
				<timestamp>254.962121</timestamp>
			</report>
			<report>
				<misses>1596001</misses>
				<total>238</total>
				<timestamp>255.121983</timestamp>
			</report>
			<report>
				<misses>1597001</misses>
				<total>238</total>
				<timestamp>255.281925</timestamp>
			</report>
			<report>
				<misses>1598001</misses>
				<total>238</total>
				<timestamp>255.441885</timestamp>
			</report>
			<report>
				<misses>1599001</misses>
				<total>238</total>
				<timestamp>255.601634</timestamp>
			</report>
			<report>
				<misses>1600001</misses>
				<total>238</total>
				<timestamp>255.761503</timestamp>
			</report>
			<report>
				<misses>1601001</misses>
				<total>238</total>
				<timestamp>255.921297</timestamp>
			</report>
			<report>
				<misses>1602001</misses>
				<total>240</total>
				<timestamp>256.081179</timestamp>
			</report>
			<report>
				<misses>1603001</misses>
				<total>240</total>
				<timestamp>256.240969</timestamp>
			</report>
			<report>
				<misses>1604001</misses>
				<total>240</total>
				<timestamp>256.400809</timestamp>
			</report>
			<report>
				<misses>1605001</misses>
				<total>240</total>
				<timestamp>256.560654</timestamp>
			</report>
			<report>
				<misses>1606001</misses>
				<total>240</total>
				<timestamp>256.720502</timestamp>
			</report>
			<report>
				<misses>1607001</misses>
				<total>240</total>
				<timestamp>256.880341</timestamp>
			</report>
			<report>
				<misses>1608001</misses>
				<total>240</total>
				<timestamp>257.040231</timestamp>
			</report>
			<report>
				<misses>1609001</misses>
				<total>240</total>
				<timestamp>257.200084</timestamp>
			</report>
			<report>
				<misses>1610001</misses>
				<total>240</total>
				<timestamp>257.359863</timestamp>
			</report>
			<report>
				<misses>1611001</misses>
				<total>240</total>
				<timestamp>257.519705</timestamp>
			</report>
			<report>
				<misses>1612001</misses>
				<total>240</total>
				<timestamp>257.679540</timestamp>
			</report>
			<report>
				<misses>1613001</misses>
				<total>240</total>
				<timestamp>257.839399</timestamp>
			</report>
			<report>
				<misses>1614001</misses>
				<total>240</total>
				<timestamp>257.999226</timestamp>
			</report>
			<report>
				<misses>1615001</misses>
				<total>240</total>
				<timestamp>258.159058</timestamp>
			</report>
			<report>
				<misses>1616001</misses>
				<total>240</total>
				<timestamp>258.318944</timestamp>
			</report>
			<report>
				<misses>1617001</misses>
				<total>240</total>
				<timestamp>258.478742</timestamp>
			</report>
			<report>
				<misses>1618001</misses>
				<total>240</total>
				<timestamp>258.638672</timestamp>
			</report>
			<report>
				<misses>1619001</misses>
				<total>240</total>
				<timestamp>258.798479</timestamp>
			</report>
			<report>
				<misses>1620001</misses>
				<total>240</total>
				<timestamp>258.958263</timestamp>
			</report>
			<report>
				<misses>1621001</misses>
				<total>240</total>
				<timestamp>259.118119</timestamp>
			</report>
			<report>
				<misses>1622001</misses>
				<total>239</total>
				<timestamp>259.278007</timestamp>
			</report>
			<report>
				<misses>1623001</misses>
				<total>240</total>
				<timestamp>259.437785</timestamp>
			</report>
			<report>
				<misses>1624001</misses>
				<total>242</total>
				<timestamp>259.597629</timestamp>
			</report>
			<report>
				<misses>1625001</misses>
				<total>242</total>
				<timestamp>259.757529</timestamp>
			</report>
			<report>
				<misses>1626001</misses>
				<total>242</total>
				<timestamp>259.917370</timestamp>
			</report>
			<report>
				<misses>1627001</misses>
				<total>242</total>
				<timestamp>260.077177</timestamp>
			</report>
			<report>
				<misses>1628001</misses>
				<total>242</total>
				<timestamp>260.236995</timestamp>
			</report>
			<report>
				<misses>1629001</misses>
				<total>242</total>
				<timestamp>260.396867</timestamp>
			</report>
			<report>
				<misses>1630001</misses>
				<total>242</total>
				<timestamp>260.556772</timestamp>
			</report>
			<report>
				<misses>1631001</misses>
				<total>242</total>
				<timestamp>260.716487</timestamp>
			</report>
			<report>
				<misses>1632001</misses>
				<total>242</total>
				<timestamp>260.876359</timestamp>
			</report>
			<report>
				<misses>1633001</misses>
				<total>241</total>
				<timestamp>261.036244</timestamp>
			</report>
			<report>
				<misses>1634001</misses>
				<total>242</total>
				<timestamp>261.196021</timestamp>
			</report>
			<report>
				<misses>1635001</misses>
				<total>242</total>
				<timestamp>261.355852</timestamp>
			</report>
			<report>
				<misses>1636001</misses>
				<total>242</total>
				<timestamp>261.515685</timestamp>
			</report>
			<report>
				<misses>1637001</misses>
				<total>242</total>
				<timestamp>261.675552</timestamp>
			</report>
			<report>
				<misses>1638001</misses>
				<total>242</total>
				<timestamp>261.835383</timestamp>
			</report>
			<report>
				<misses>1639001</misses>
				<total>242</total>
				<timestamp>261.995229</timestamp>
			</report>
			<report>
				<misses>1640001</misses>
				<total>242</total>
				<timestamp>262.155089</timestamp>
			</report>
			<report>
				<misses>1641001</misses>
				<total>242</total>
				<timestamp>262.314910</timestamp>
			</report>
			<report>
				<misses>1642001</misses>
				<total>242</total>
				<timestamp>262.474736</timestamp>
			</report>
			<report>
				<misses>1643001</misses>
				<total>241</total>
				<timestamp>262.634595</timestamp>
			</report>
			<report>
				<misses>1644001</misses>
				<total>242</total>
				<timestamp>262.794417</timestamp>
			</report>
			<report>
				<misses>1645001</misses>
				<total>242</total>
				<timestamp>262.954267</timestamp>
			</report>
			<report>
				<misses>1646001</misses>
				<total>242</total>
				<timestamp>263.114162</timestamp>
			</report>
			<report>
				<misses>1647001</misses>
				<total>242</total>
				<timestamp>263.273957</timestamp>
			</report>
			<report>
				<misses>1648001</misses>
				<total>242</total>
				<timestamp>263.433859</timestamp>
			</report>
			<report>
				<misses>1649001</misses>
				<total>242</total>
				<timestamp>263.593635</timestamp>
			</report>
			<report>
				<misses>1650001</misses>
				<total>242</total>
				<timestamp>263.753494</timestamp>
			</report>
			<report>
				<misses>1651001</misses>
				<total>242</total>
				<timestamp>263.913312</timestamp>
			</report>
			<report>
				<misses>1652001</misses>
				<total>242</total>
				<timestamp>264.073182</timestamp>
			</report>
			<report>
				<misses>1653001</misses>
				<total>242</total>
				<timestamp>264.233028</timestamp>
			</report>
			<report>
				<misses>1654001</misses>
				<total>241</total>
				<timestamp>264.392831</timestamp>
			</report>
			<report>
				<misses>1655001</misses>
				<total>242</total>
				<timestamp>264.552748</timestamp>
			</report>
			<report>
				<misses>1656001</misses>
				<total>242</total>
				<timestamp>264.712510</timestamp>
			</report>
			<report>
				<misses>1657001</misses>
				<total>242</total>
				<timestamp>264.872340</timestamp>
			</report>
			<report>
				<misses>1658001</misses>
				<total>242</total>
				<timestamp>265.032328</timestamp>
			</report>
			<report>
				<misses>1659001</misses>
				<total>242</total>
				<timestamp>265.192276</timestamp>
			</report>
			<report>
				<misses>1660001</misses>
				<total>242</total>
				<timestamp>265.352102</timestamp>
			</report>
			<report>
				<misses>1661001</misses>
				<total>242</total>
				<timestamp>265.511989</timestamp>
			</report>
			<report>
				<misses>1662001</misses>
				<total>242</total>
				<timestamp>265.671758</timestamp>
			</report>
			<report>
				<misses>1663001</misses>
				<total>242</total>
				<timestamp>265.831600</timestamp>
			</report>
			<report>
				<misses>1664001</misses>
				<total>242</total>
				<timestamp>265.991437</timestamp>
			</report>
			<report>
				<misses>1665001</misses>
				<total>242</total>
				<timestamp>266.151309</timestamp>
			</report>
			<report>
				<misses>1666001</misses>
				<total>242</total>
				<timestamp>266.311172</timestamp>
			</report>
			<report>
				<misses>1667001</misses>
				<total>242</total>
				<timestamp>266.470964</timestamp>
			</report>
			<report>
				<misses>1668001</misses>
				<total>242</total>
				<timestamp>266.630760</timestamp>
			</report>
			<report>
				<misses>1669001</misses>
				<total>242</total>
				<timestamp>266.790633</timestamp>
			</report>
			<report>
				<misses>1670001</misses>
				<total>242</total>
				<timestamp>266.950452</timestamp>
			</report>
			<report>
				<misses>1671001</misses>
				<total>242</total>
				<timestamp>267.110385</timestamp>
			</report>
			<report>
				<misses>1672001</misses>
				<total>242</total>
				<timestamp>267.270208</timestamp>
			</report>
			<report>
				<misses>1673001</misses>
				<total>242</total>
				<timestamp>267.429994</timestamp>
			</report>
			<report>
				<misses>1674001</misses>
				<total>242</total>
				<timestamp>267.589869</timestamp>
			</report>
			<report>
				<misses>1675001</misses>
				<total>242</total>
				<timestamp>267.749640</timestamp>
			</report>
			<report>
				<misses>1676001</misses>
				<total>242</total>
				<timestamp>267.909498</timestamp>
			</report>
			<report>
				<misses>1677001</misses>
				<total>242</total>
				<timestamp>268.069396</timestamp>
			</report>
			<report>
				<misses>1678001</misses>
				<total>242</total>
				<timestamp>268.229277</timestamp>
			</report>
			<report>
				<misses>1679001</misses>
				<total>242</total>
				<timestamp>268.389165</timestamp>
			</report>
			<report>
				<misses>1680001</misses>
				<total>241</total>
				<timestamp>268.549066</timestamp>
			</report>
			<report>
				<misses>1681001</misses>
				<total>242</total>
				<timestamp>268.708830</timestamp>
			</report>
			<report>
				<misses>1682001</misses>
				<total>242</total>
				<timestamp>268.868674</timestamp>
			</report>
			<report>
				<misses>1683001</misses>
				<total>242</total>
				<timestamp>269.028526</timestamp>
			</report>
			<report>
				<misses>1684001</misses>
				<total>242</total>
				<timestamp>269.188338</timestamp>
			</report>
			<report>
				<misses>1685001</misses>
				<total>242</total>
				<timestamp>269.348188</timestamp>
			</report>
			<report>
				<misses>1686001</misses>
				<total>242</total>
				<timestamp>269.508139</timestamp>
			</report>
			<report>
				<misses>1687001</misses>
				<total>242</total>
				<timestamp>269.667871</timestamp>
			</report>
			<report>
				<misses>1688001</misses>
				<total>241</total>
				<timestamp>269.827700</timestamp>
			</report>
			<report>
				<misses>1689001</misses>
				<total>241</total>
				<timestamp>269.987591</timestamp>
			</report>
			<report>
				<misses>1690001</misses>
				<total>242</total>
				<timestamp>270.147408</timestamp>
			</report>
			<report>
				<misses>1691001</misses>
				<total>242</total>
				<timestamp>270.307234</timestamp>
			</report>
			<report>
				<misses>1692001</misses>
				<total>242</total>
				<timestamp>270.467162</timestamp>
			</report>
			<report>
				<misses>1693001</misses>
				<total>242</total>
				<timestamp>270.627010</timestamp>
			</report>
			<report>
				<misses>1694001</misses>
				<total>242</total>
				<timestamp>270.786731</timestamp>
			</report>
			<report>
				<misses>1695001</misses>
				<total>242</total>
				<timestamp>270.946606</timestamp>
			</report>
			<report>
				<misses>1696001</misses>
				<total>242</total>
				<timestamp>271.106492</timestamp>
			</report>
			<report>
				<misses>1697001</misses>
				<total>242</total>
				<timestamp>271.266387</timestamp>
			</report>
			<report>
				<misses>1698001</misses>
				<total>242</total>
				<timestamp>271.426241</timestamp>
			</report>
			<report>
				<misses>1699001</misses>
				<total>242</total>
				<timestamp>271.586200</timestamp>
			</report>
			<report>
				<misses>1700001</misses>
				<total>242</total>
				<timestamp>271.746035</timestamp>
			</report>
			<report>
				<misses>1701001</misses>
				<total>242</total>
				<timestamp>271.905861</timestamp>
			</report>
			<report>
				<misses>1702001</misses>
				<total>242</total>
				<timestamp>272.065669</timestamp>
			</report>
			<report>
				<misses>1703001</misses>
				<total>242</total>
				<timestamp>272.225477</timestamp>
			</report>
			<report>
				<misses>1704001</misses>
				<total>242</total>
				<timestamp>272.385450</timestamp>
			</report>
			<report>
				<misses>1705001</misses>
				<total>242</total>
				<timestamp>272.545436</timestamp>
			</report>
			<report>
				<misses>1706001</misses>
				<total>242</total>
				<timestamp>272.705330</timestamp>
			</report>
			<report>
				<misses>1707001</misses>
				<total>242</total>
				<timestamp>272.865142</timestamp>
			</report>
			<report>
				<misses>1708001</misses>
				<total>241</total>
				<timestamp>273.025045</timestamp>
			</report>
			<report>
				<misses>1709001</misses>
				<total>242</total>
				<timestamp>273.184915</timestamp>
			</report>
			<report>
				<misses>1710001</misses>
				<total>242</total>
				<timestamp>273.344726</timestamp>
			</report>
			<report>
				<misses>1711001</misses>
				<total>242</total>
				<timestamp>273.504497</timestamp>
			</report>
			<report>
				<misses>1712001</misses>
				<total>243</total>
				<timestamp>273.664354</timestamp>
			</report>
			<report>
				<misses>1713001</misses>
				<total>243</total>
				<timestamp>273.824183</timestamp>
			</report>
			<report>
				<misses>1714001</misses>
				<total>243</total>
				<timestamp>273.984031</timestamp>
			</report>
			<report>
				<misses>1715001</misses>
				<total>243</total>
				<timestamp>274.143836</timestamp>
			</report>
			<report>
				<misses>1716001</misses>
				<total>243</total>
				<timestamp>274.303679</timestamp>
			</report>
			<report>
				<misses>1717001</misses>
				<total>243</total>
				<timestamp>274.463538</timestamp>
			</report>
			<report>
				<misses>1718001</misses>
				<total>243</total>
				<timestamp>274.623379</timestamp>
			</report>
			<report>
				<misses>1719001</misses>
				<total>243</total>
				<timestamp>274.783229</timestamp>
			</report>
			<report>
				<misses>1720001</misses>
				<total>243</total>
				<timestamp>274.943075</timestamp>
			</report>
			<report>
				<misses>1721001</misses>
				<total>243</total>
				<timestamp>275.102886</timestamp>
			</report>
			<report>
				<misses>1722001</misses>
				<total>243</total>
				<timestamp>275.262720</timestamp>
			</report>
			<report>
				<misses>1723001</misses>
				<total>258</total>
				<timestamp>275.422579</timestamp>
			</report>
			<report>
				<misses>1724001</misses>
				<total>258</total>
				<timestamp>275.582410</timestamp>
			</report>
			<report>
				<misses>1725001</misses>
				<total>258</total>
				<timestamp>275.742263</timestamp>
			</report>
			<report>
				<misses>1726001</misses>
				<total>258</total>
				<timestamp>275.902117</timestamp>
			</report>
			<report>
				<misses>1727001</misses>
				<total>258</total>
				<timestamp>276.061946</timestamp>
			</report>
			<report>
				<misses>1728001</misses>
				<total>258</total>
				<timestamp>276.221813</timestamp>
			</report>
			<report>
				<misses>1729001</misses>
				<total>258</total>
				<timestamp>276.381606</timestamp>
			</report>
			<report>
				<misses>1730001</misses>
				<total>258</total>
				<timestamp>276.541461</timestamp>
			</report>
			<report>
				<misses>1731001</misses>
				<total>258</total>
				<timestamp>276.701296</timestamp>
			</report>
			<report>
				<misses>1732001</misses>
				<total>257</total>
				<timestamp>276.861142</timestamp>
			</report>
			<report>
				<misses>1733001</misses>
				<total>258</total>
				<timestamp>277.020975</timestamp>
			</report>
			<report>
				<misses>1734001</misses>
				<total>258</total>
				<timestamp>277.180815</timestamp>
			</report>
			<report>
				<misses>1735001</misses>
				<total>258</total>
				<timestamp>277.340701</timestamp>
			</report>
			<report>
				<misses>1736001</misses>
				<total>258</total>
				<timestamp>277.500488</timestamp>
			</report>
			<report>
				<misses>1737001</misses>
				<total>258</total>
				<timestamp>277.660342</timestamp>
			</report>
			<report>
				<misses>1738001</misses>
				<total>258</total>
				<timestamp>277.820180</timestamp>
			</report>
			<report>
				<misses>1739001</misses>
				<total>258</total>
				<timestamp>277.980029</timestamp>
			</report>
			<report>
				<misses>1740001</misses>
				<total>258</total>
				<timestamp>278.139869</timestamp>
			</report>
			<report>
				<misses>1741001</misses>
				<total>258</total>
				<timestamp>278.299694</timestamp>
			</report>
			<report>
				<misses>1742001</misses>
				<total>258</total>
				<timestamp>278.459552</timestamp>
			</report>
			<report>
				<misses>1743001</misses>
				<total>258</total>
				<timestamp>278.619403</timestamp>
			</report>
			<report>
				<misses>1744001</misses>
				<total>258</total>
				<timestamp>278.779220</timestamp>
			</report>
			<report>
				<misses>1745001</misses>
				<total>258</total>
				<timestamp>278.939048</timestamp>
			</report>
			<report>
				<misses>1746001</misses>
				<total>258</total>
				<timestamp>279.098906</timestamp>
			</report>
			<report>
				<misses>1747001</misses>
				<total>258</total>
				<timestamp>279.258734</timestamp>
			</report>
			<report>
				<misses>1748001</misses>
				<total>258</total>
				<timestamp>279.418579</timestamp>
			</report>
			<report>
				<misses>1749001</misses>
				<total>258</total>
				<timestamp>279.578407</timestamp>
			</report>
			<report>
				<misses>1750001</misses>
				<total>258</total>
				<timestamp>279.738255</timestamp>
			</report>
			<report>
				<misses>1751001</misses>
				<total>258</total>
				<timestamp>279.898091</timestamp>
			</report>
			<report>
				<misses>1752001</misses>
				<total>258</total>
				<timestamp>280.057923</timestamp>
			</report>
			<report>
				<misses>1753001</misses>
				<total>258</total>
				<timestamp>280.217777</timestamp>
			</report>
			<report>
				<misses>1754001</misses>
				<total>258</total>
				<timestamp>280.377615</timestamp>
			</report>
			<report>
				<misses>1755001</misses>
				<total>258</total>
				<timestamp>280.537454</timestamp>
			</report>
			<report>
				<misses>1756001</misses>
				<total>258</total>
				<timestamp>280.697287</timestamp>
			</report>
			<report>
				<misses>1757001</misses>
				<total>258</total>
				<timestamp>280.857133</timestamp>
			</report>
			<report>
				<misses>1758001</misses>
				<total>258</total>
				<timestamp>281.017021</timestamp>
			</report>
			<report>
				<misses>1759001</misses>
				<total>258</total>
				<timestamp>281.176805</timestamp>
			</report>
			<report>
				<misses>1760001</misses>
				<total>263</total>
				<timestamp>281.336798</timestamp>
			</report>
			<report>
				<misses>1761001</misses>
				<total>264</total>
				<timestamp>281.496707</timestamp>
			</report>
			<report>
				<misses>1762001</misses>
				<total>264</total>
				<timestamp>281.656563</timestamp>
			</report>
			<report>
				<misses>1763001</misses>
				<total>264</total>
				<timestamp>281.816434</timestamp>
			</report>
			<report>
				<misses>1764001</misses>
				<total>264</total>
				<timestamp>281.976284</timestamp>
			</report>
			<report>
				<misses>1765001</misses>
				<total>264</total>
				<timestamp>282.136027</timestamp>
			</report>
			<report>
				<misses>1766001</misses>
				<total>264</total>
				<timestamp>282.295921</timestamp>
			</report>
			<report>
				<misses>1767001</misses>
				<total>264</total>
				<timestamp>282.455710</timestamp>
			</report>
			<report>
				<misses>1768001</misses>
				<total>264</total>
				<timestamp>282.615602</timestamp>
			</report>
			<report>
				<misses>1769001</misses>
				<total>264</total>
				<timestamp>282.775463</timestamp>
			</report>
			<report>
				<misses>1770001</misses>
				<total>268</total>
				<timestamp>282.935286</timestamp>
			</report>
			<report>
				<misses>1771001</misses>
				<total>268</total>
				<timestamp>283.095194</timestamp>
			</report>
			<report>
				<misses>1772001</misses>
				<total>268</total>
				<timestamp>283.255065</timestamp>
			</report>
			<report>
				<misses>1773001</misses>
				<total>268</total>
				<timestamp>283.414894</timestamp>
			</report>
			<report>
				<misses>1774001</misses>
				<total>268</total>
				<timestamp>283.574860</timestamp>
			</report>
			<report>
				<misses>1775001</misses>
				<total>268</total>
				<timestamp>283.734616</timestamp>
			</report>
			<report>
				<misses>1776001</misses>
				<total>268</total>
				<timestamp>283.894455</timestamp>
			</report>
			<report>
				<misses>1777001</misses>
				<total>268</total>
				<timestamp>284.054294</timestamp>
			</report>
			<report>
				<misses>1778001</misses>
				<total>267</total>
				<timestamp>284.214134</timestamp>
			</report>
			<report>
				<misses>1779001</misses>
				<total>268</total>
				<timestamp>284.374105</timestamp>
			</report>
			<report>
				<misses>1780001</misses>
				<total>268</total>
				<timestamp>284.533957</timestamp>
			</report>
			<report>
				<misses>1781001</misses>
				<total>268</total>
				<timestamp>284.693812</timestamp>
			</report>
			<report>
				<misses>1782001</misses>
				<total>268</total>
				<timestamp>284.853602</timestamp>
			</report>
			<report>
				<misses>1783001</misses>
				<total>268</total>
				<timestamp>285.013534</timestamp>
			</report>
			<report>
				<misses>1784001</misses>
				<total>268</total>
				<timestamp>285.173349</timestamp>
			</report>
			<report>
				<misses>1785001</misses>
				<total>268</total>
				<timestamp>285.333209</timestamp>
			</report>
			<report>
				<misses>1786001</misses>
				<total>268</total>
				<timestamp>285.493030</timestamp>
			</report>
			<report>
				<misses>1787001</misses>
				<total>272</total>
				<timestamp>285.652853</timestamp>
			</report>
			<report>
				<misses>1788001</misses>
				<total>272</total>
				<timestamp>285.812681</timestamp>
			</report>
			<report>
				<misses>1789001</misses>
				<total>272</total>
				<timestamp>285.972638</timestamp>
			</report>
			<report>
				<misses>1790001</misses>
				<total>271</total>
				<timestamp>286.132630</timestamp>
			</report>
			<report>
				<misses>1791001</misses>
				<total>272</total>
				<timestamp>286.292371</timestamp>
			</report>
			<report>
				<misses>1792001</misses>
				<total>272</total>
				<timestamp>286.452183</timestamp>
			</report>
			<report>
				<misses>1793001</misses>
				<total>272</total>
				<timestamp>286.612036</timestamp>
			</report>
			<report>
				<misses>1794001</misses>
				<total>272</total>
				<timestamp>286.771895</timestamp>
			</report>
			<report>
				<misses>1795001</misses>
				<total>272</total>
				<timestamp>286.931714</timestamp>
			</report>
			<report>
				<misses>1796001</misses>
				<total>272</total>
				<timestamp>287.091584</timestamp>
			</report>
			<report>
				<misses>1797001</misses>
				<total>272</total>
				<timestamp>287.251388</timestamp>
			</report>
			<report>
				<misses>1798001</misses>
				<total>272</total>
				<timestamp>287.411260</timestamp>
			</report>
			<report>
				<misses>1799001</misses>
				<total>272</total>
				<timestamp>287.571054</timestamp>
			</report>
			<report>
				<misses>1800001</misses>
				<total>272</total>
				<timestamp>287.730912</timestamp>
			</report>
			<report>
				<misses>1801001</misses>
				<total>272</total>
				<timestamp>287.890819</timestamp>
			</report>
			<report>
				<misses>1802001</misses>
				<total>272</total>
				<timestamp>288.050595</timestamp>
			</report>
			<report>
				<misses>1803001</misses>
				<total>272</total>
				<timestamp>288.210410</timestamp>
			</report>
			<report>
				<misses>1804001</misses>
				<total>272</total>
				<timestamp>288.370278</timestamp>
			</report>
			<report>
				<misses>1805001</misses>
				<total>272</total>
				<timestamp>288.530108</timestamp>
			</report>
			<report>
				<misses>1806001</misses>
				<total>272</total>
				<timestamp>288.690055</timestamp>
			</report>
			<report>
				<misses>1807001</misses>
				<total>272</total>
				<timestamp>288.849798</timestamp>
			</report>
			<report>
				<misses>1808001</misses>
				<total>272</total>
				<timestamp>289.009628</timestamp>
			</report>
			<report>
				<misses>1809001</misses>
				<total>272</total>
				<timestamp>289.169449</timestamp>
			</report>
			<report>
				<misses>1810001</misses>
				<total>271</total>
				<timestamp>289.329320</timestamp>
			</report>
			<report>
				<misses>1811001</misses>
				<total>272</total>
				<timestamp>289.489208</timestamp>
			</report>
			<report>
				<misses>1812001</misses>
				<total>272</total>
				<timestamp>289.649009</timestamp>
			</report>
			<report>
				<misses>1813001</misses>
				<total>272</total>
				<timestamp>289.808920</timestamp>
			</report>
			<report>
				<misses>1814001</misses>
				<total>272</total>
				<timestamp>289.968667</timestamp>
			</report>
			<report>
				<misses>1815001</misses>
				<total>272</total>
				<timestamp>290.128503</timestamp>
			</report>
			<report>
				<misses>1816001</misses>
				<total>272</total>
				<timestamp>290.288336</timestamp>
			</report>
			<report>
				<misses>1817001</misses>
				<total>272</total>
				<timestamp>290.448290</timestamp>
			</report>
			<report>
				<misses>1818001</misses>
				<total>272</total>
				<timestamp>290.608046</timestamp>
			</report>
			<report>
				<misses>1819001</misses>
				<total>272</total>
				<timestamp>290.767885</timestamp>
			</report>
			<report>
				<misses>1820001</misses>
				<total>272</total>
				<timestamp>290.927705</timestamp>
			</report>
			<report>
				<misses>1821001</misses>
				<total>272</total>
				<timestamp>291.087530</timestamp>
			</report>
			<report>
				<misses>1822001</misses>
				<total>272</total>
				<timestamp>291.247373</timestamp>
			</report>
			<report>
				<misses>1823001</misses>
				<total>271</total>
				<timestamp>291.407317</timestamp>
			</report>
			<report>
				<misses>1824001</misses>
				<total>272</total>
				<timestamp>291.567042</timestamp>
			</report>
			<report>
				<misses>1825001</misses>
				<total>272</total>
				<timestamp>291.726905</timestamp>
			</report>
			<report>
				<misses>1826001</misses>
				<total>271</total>
				<timestamp>291.886745</timestamp>
			</report>
			<report>
				<misses>1827001</misses>
				<total>272</total>
				<timestamp>292.046560</timestamp>
			</report>
			<report>
				<misses>1828001</misses>
				<total>272</total>
				<timestamp>292.206408</timestamp>
			</report>
			<report>
				<misses>1829001</misses>
				<total>272</total>
				<timestamp>292.366254</timestamp>
			</report>
			<report>
				<misses>1830001</misses>
				<total>272</total>
				<timestamp>292.526085</timestamp>
			</report>
			<report>
				<misses>1831001</misses>
				<total>272</total>
				<timestamp>292.685959</timestamp>
			</report>
			<report>
				<misses>1832001</misses>
				<total>272</total>
				<timestamp>292.845796</timestamp>
			</report>
			<report>
				<misses>1833001</misses>
				<total>272</total>
				<timestamp>293.005688</timestamp>
			</report>
			<report>
				<misses>1834001</misses>
				<total>273</total>
				<timestamp>293.165449</timestamp>
			</report>
			<report>
				<misses>1835001</misses>
				<total>273</total>
				<timestamp>293.325301</timestamp>
			</report>
			<report>
				<misses>1836001</misses>
				<total>273</total>
				<timestamp>293.485129</timestamp>
			</report>
			<report>
				<misses>1837001</misses>
				<total>273</total>
				<timestamp>293.644995</timestamp>
			</report>
			<report>
				<misses>1838001</misses>
				<total>273</total>
				<timestamp>293.804879</timestamp>
			</report>
			<report>
				<misses>1839001</misses>
				<total>273</total>
				<timestamp>293.964690</timestamp>
			</report>
			<report>
				<misses>1840001</misses>
				<total>273</total>
				<timestamp>294.124499</timestamp>
			</report>
			<report>
				<misses>1841001</misses>
				<total>273</total>
				<timestamp>294.284337</timestamp>
			</report>
			<report>
				<misses>1842001</misses>
				<total>273</total>
				<timestamp>294.444177</timestamp>
			</report>
			<report>
				<misses>1843001</misses>
				<total>272</total>
				<timestamp>294.604041</timestamp>
			</report>
			<report>
				<misses>1844001</misses>
				<total>272</total>
				<timestamp>294.763897</timestamp>
			</report>
			<report>
				<misses>1845001</misses>
				<total>273</total>
				<timestamp>294.923723</timestamp>
			</report>
			<report>
				<misses>1846001</misses>
				<total>273</total>
				<timestamp>295.083523</timestamp>
			</report>
			<report>
				<misses>1847001</misses>
				<total>273</total>
				<timestamp>295.243390</timestamp>
			</report>
			<report>
				<misses>1848001</misses>
				<total>273</total>
				<timestamp>295.403225</timestamp>
			</report>
			<report>
				<misses>1849001</misses>
				<total>273</total>
				<timestamp>295.563085</timestamp>
			</report>
			<report>
				<misses>1850001</misses>
				<total>273</total>
				<timestamp>295.722907</timestamp>
			</report>
			<report>
				<misses>1851001</misses>
				<total>273</total>
				<timestamp>295.882750</timestamp>
			</report>
			<report>
				<misses>1852001</misses>
				<total>273</total>
				<timestamp>296.042571</timestamp>
			</report>
			<report>
				<misses>1853001</misses>
				<total>273</total>
				<timestamp>296.202405</timestamp>
			</report>
			<report>
				<misses>1854001</misses>
				<total>273</total>
				<timestamp>296.362258</timestamp>
			</report>
			<report>
				<misses>1855001</misses>
				<total>274</total>
				<timestamp>296.522123</timestamp>
			</report>
			<report>
				<misses>1856001</misses>
				<total>274</total>
				<timestamp>296.681962</timestamp>
			</report>
			<report>
				<misses>1857001</misses>
				<total>274</total>
				<timestamp>296.841848</timestamp>
			</report>
			<report>
				<misses>1858001</misses>
				<total>281</total>
				<timestamp>297.001608</timestamp>
			</report>
			<report>
				<misses>1859001</misses>
				<total>281</total>
				<timestamp>297.161454</timestamp>
			</report>
			<report>
				<misses>1860001</misses>
				<total>281</total>
				<timestamp>297.321288</timestamp>
			</report>
			<report>
				<misses>1861001</misses>
				<total>289</total>
				<timestamp>297.481146</timestamp>
			</report>
			<report>
				<misses>1862001</misses>
				<total>290</total>
				<timestamp>297.640990</timestamp>
			</report>
			<report>
				<misses>1863001</misses>
				<total>290</total>
				<timestamp>297.800849</timestamp>
			</report>
			<report>
				<misses>1864001</misses>
				<total>290</total>
				<timestamp>297.960674</timestamp>
			</report>
			<report>
				<misses>1865001</misses>
				<total>290</total>
				<timestamp>298.120496</timestamp>
			</report>
			<report>
				<misses>1866001</misses>
				<total>290</total>
				<timestamp>298.280329</timestamp>
			</report>
			<report>
				<misses>1867001</misses>
				<total>295</total>
				<timestamp>298.440191</timestamp>
			</report>
			<report>
				<misses>1868001</misses>
				<total>295</total>
				<timestamp>298.600019</timestamp>
			</report>
			<report>
				<misses>1869001</misses>
				<total>295</total>
				<timestamp>298.759874</timestamp>
			</report>
			<report>
				<misses>1870001</misses>
				<total>295</total>
				<timestamp>298.919740</timestamp>
			</report>
			<report>
				<misses>1871001</misses>
				<total>294</total>
				<timestamp>299.079546</timestamp>
			</report>
			<report>
				<misses>1872001</misses>
				<total>295</total>
				<timestamp>299.239373</timestamp>
			</report>
			<report>
				<misses>1873001</misses>
				<total>295</total>
				<timestamp>299.399240</timestamp>
			</report>
			<report>
				<misses>1874001</misses>
				<total>295</total>
				<timestamp>299.559078</timestamp>
			</report>
			<report>
				<misses>1875001</misses>
				<total>295</total>
				<timestamp>299.718896</timestamp>
			</report>
			<report>
				<misses>1876001</misses>
				<total>295</total>
				<timestamp>299.878746</timestamp>
			</report>
			<report>
				<misses>1877001</misses>
				<total>295</total>
				<timestamp>300.038572</timestamp>
			</report>
			<report>
				<misses>1878001</misses>
				<total>295</total>
				<timestamp>300.198416</timestamp>
			</report>
			<report>
				<misses>1879001</misses>
				<total>295</total>
				<timestamp>300.358245</timestamp>
			</report>
			<report>
				<misses>1880001</misses>
				<total>295</total>
				<timestamp>300.518131</timestamp>
			</report>
			<report>
				<misses>1881001</misses>
				<total>295</total>
				<timestamp>300.677930</timestamp>
			</report>
			<report>
				<misses>1882001</misses>
				<total>295</total>
				<timestamp>300.837893</timestamp>
			</report>
			<report>
				<misses>1883001</misses>
				<total>295</total>
				<timestamp>300.997716</timestamp>
			</report>
			<report>
				<misses>1884001</misses>
				<total>295</total>
				<timestamp>301.157539</timestamp>
			</report>
			<report>
				<misses>1885001</misses>
				<total>295</total>
				<timestamp>301.317307</timestamp>
			</report>
			<report>
				<misses>1886001</misses>
				<total>295</total>
				<timestamp>301.477155</timestamp>
			</report>
			<report>
				<misses>1887001</misses>
				<total>295</total>
				<timestamp>301.637088</timestamp>
			</report>
			<report>
				<misses>1888001</misses>
				<total>295</total>
				<timestamp>301.796838</timestamp>
			</report>
			<report>
				<misses>1889001</misses>
				<total>294</total>
				<timestamp>301.956761</timestamp>
			</report>
			<report>
				<misses>1890001</misses>
				<total>295</total>
				<timestamp>302.116497</timestamp>
			</report>
			<report>
				<misses>1891001</misses>
				<total>295</total>
				<timestamp>302.276337</timestamp>
			</report>
			<report>
				<misses>1892001</misses>
				<total>294</total>
				<timestamp>302.436190</timestamp>
			</report>
			<report>
				<misses>1893001</misses>
				<total>295</total>
				<timestamp>302.596048</timestamp>
			</report>
			<report>
				<misses>1894001</misses>
				<total>295</total>
				<timestamp>302.755875</timestamp>
			</report>
			<report>
				<misses>1895001</misses>
				<total>295</total>
				<timestamp>302.915805</timestamp>
			</report>
			<report>
				<misses>1896001</misses>
				<total>295</total>
				<timestamp>303.075577</timestamp>
			</report>
			<report>
				<misses>1897001</misses>
				<total>295</total>
				<timestamp>303.235456</timestamp>
			</report>
			<report>
				<misses>1898001</misses>
				<total>295</total>
				<timestamp>303.395319</timestamp>
			</report>
			<report>
				<misses>1899001</misses>
				<total>295</total>
				<timestamp>303.555126</timestamp>
			</report>
			<report>
				<misses>1900001</misses>
				<total>295</total>
				<timestamp>303.714929</timestamp>
			</report>
			<report>
				<misses>1901001</misses>
				<total>295</total>
				<timestamp>303.874741</timestamp>
			</report>
			<report>
				<misses>1902001</misses>
				<total>296</total>
				<timestamp>304.034568</timestamp>
			</report>
			<report>
				<misses>1903001</misses>
				<total>295</total>
				<timestamp>304.194426</timestamp>
			</report>
			<report>
				<misses>1904001</misses>
				<total>296</total>
				<timestamp>304.354265</timestamp>
			</report>
			<report>
				<misses>1905001</misses>
				<total>296</total>
				<timestamp>304.514102</timestamp>
			</report>
			<report>
				<misses>1906001</misses>
				<total>299</total>
				<timestamp>304.673961</timestamp>
			</report>
			<report>
				<misses>1907001</misses>
				<total>299</total>
				<timestamp>304.833840</timestamp>
			</report>
			<report>
				<misses>1908001</misses>
				<total>298</total>
				<timestamp>304.993669</timestamp>
			</report>
			<report>
				<misses>1909001</misses>
				<total>299</total>
				<timestamp>305.153506</timestamp>
			</report>
			<report>
				<misses>1910001</misses>
				<total>299</total>
				<timestamp>305.313381</timestamp>
			</report>
			<report>
				<misses>1911001</misses>
				<total>299</total>
				<timestamp>305.473239</timestamp>
			</report>
			<report>
				<misses>1912001</misses>
				<total>299</total>
				<timestamp>305.632965</timestamp>
			</report>
			<report>
				<misses>1913001</misses>
				<total>299</total>
				<timestamp>305.792830</timestamp>
			</report>
			<report>
				<misses>1914001</misses>
				<total>299</total>
				<timestamp>305.952694</timestamp>
			</report>
			<report>
				<misses>1915001</misses>
				<total>299</total>
				<timestamp>306.112500</timestamp>
			</report>
			<report>
				<misses>1916001</misses>
				<total>299</total>
				<timestamp>306.272332</timestamp>
			</report>
			<report>
				<misses>1917001</misses>
				<total>299</total>
				<timestamp>306.432184</timestamp>
			</report>
			<report>
				<misses>1918001</misses>
				<total>299</total>
				<timestamp>306.592025</timestamp>
			</report>
			<report>
				<misses>1919001</misses>
				<total>299</total>
				<timestamp>306.751870</timestamp>
			</report>
			<report>
				<misses>1920001</misses>
				<total>299</total>
				<timestamp>306.911806</timestamp>
			</report>
			<report>
				<misses>1921001</misses>
				<total>299</total>
				<timestamp>307.071536</timestamp>
			</report>
			<report>
				<misses>1922001</misses>
				<total>299</total>
				<timestamp>307.231381</timestamp>
			</report>
			<report>
				<misses>1923001</misses>
				<total>299</total>
				<timestamp>307.391239</timestamp>
			</report>
			<report>
				<misses>1924001</misses>
				<total>299</total>
				<timestamp>307.551059</timestamp>
			</report>
			<report>
				<misses>1925001</misses>
				<total>299</total>
				<timestamp>307.710916</timestamp>
			</report>
			<report>
				<misses>1926001</misses>
				<total>299</total>
				<timestamp>307.870777</timestamp>
			</report>
			<report>
				<misses>1927001</misses>
				<total>302</total>
				<timestamp>308.030610</timestamp>
			</report>
			<report>
				<misses>1928001</misses>
				<total>302</total>
				<timestamp>308.190436</timestamp>
			</report>
			<report>
				<misses>1929001</misses>
				<total>302</total>
				<timestamp>308.350250</timestamp>
			</report>
			<report>
				<misses>1930001</misses>
				<total>302</total>
				<timestamp>308.510136</timestamp>
			</report>
			<report>
				<misses>1931001</misses>
				<total>302</total>
				<timestamp>308.669941</timestamp>
			</report>
			<report>
				<misses>1932001</misses>
				<total>306</total>
				<timestamp>308.829774</timestamp>
			</report>
			<report>
				<misses>1933001</misses>
				<total>306</total>
				<timestamp>308.989615</timestamp>
			</report>
			<report>
				<misses>1934001</misses>
				<total>306</total>
				<timestamp>309.149481</timestamp>
			</report>
			<report>
				<misses>1935001</misses>
				<total>306</total>
				<timestamp>309.309348</timestamp>
			</report>
			<report>
				<misses>1936001</misses>
				<total>306</total>
				<timestamp>309.469121</timestamp>
			</report>
			<report>
				<misses>1937001</misses>
				<total>306</total>
				<timestamp>309.628981</timestamp>
			</report>
			<report>
				<misses>1938001</misses>
				<total>306</total>
				<timestamp>309.788859</timestamp>
			</report>
			<report>
				<misses>1939001</misses>
				<total>305</total>
				<timestamp>309.948689</timestamp>
			</report>
			<report>
				<misses>1940001</misses>
				<total>306</total>
				<timestamp>310.108537</timestamp>
			</report>
			<report>
				<misses>1941001</misses>
				<total>305</total>
				<timestamp>310.268454</timestamp>
			</report>
			<report>
				<misses>1942001</misses>
				<total>306</total>
				<timestamp>310.428250</timestamp>
			</report>
			<report>
				<misses>1943001</misses>
				<total>306</total>
				<timestamp>310.588090</timestamp>
			</report>
			<report>
				<misses>1944001</misses>
				<total>306</total>
				<timestamp>310.747913</timestamp>
			</report>
			<report>
				<misses>1945001</misses>
				<total>306</total>
				<timestamp>310.907849</timestamp>
			</report>
			<report>
				<misses>1946001</misses>
				<total>306</total>
				<timestamp>311.067747</timestamp>
			</report>
			<report>
				<misses>1947001</misses>
				<total>306</total>
				<timestamp>311.227577</timestamp>
			</report>
			<report>
				<misses>1948001</misses>
				<total>306</total>
				<timestamp>311.387481</timestamp>
			</report>
			<report>
				<misses>1949001</misses>
				<total>306</total>
				<timestamp>311.547270</timestamp>
			</report>
			<report>
				<misses>1950001</misses>
				<total>306</total>
				<timestamp>311.707090</timestamp>
			</report>
			<report>
				<misses>1951001</misses>
				<total>306</total>
				<timestamp>311.866914</timestamp>
			</report>
			<report>
				<misses>1952001</misses>
				<total>306</total>
				<timestamp>312.026871</timestamp>
			</report>
			<report>
				<misses>1953001</misses>
				<total>306</total>
				<timestamp>312.186617</timestamp>
			</report>
			<report>
				<misses>1954001</misses>
				<total>306</total>
				<timestamp>312.346544</timestamp>
			</report>
			<report>
				<misses>1955001</misses>
				<total>305</total>
				<timestamp>312.506322</timestamp>
			</report>
			<report>
				<misses>1956001</misses>
				<total>306</total>
				<timestamp>312.666204</timestamp>
			</report>
			<report>
				<misses>1957001</misses>
				<total>306</total>
				<timestamp>312.825954</timestamp>
			</report>
			<report>
				<misses>1958001</misses>
				<total>306</total>
				<timestamp>312.985868</timestamp>
			</report>
			<report>
				<misses>1959001</misses>
				<total>306</total>
				<timestamp>313.145658</timestamp>
			</report>
			<report>
				<misses>1960001</misses>
				<total>306</total>
				<timestamp>313.305491</timestamp>
			</report>
			<report>
				<misses>1961001</misses>
				<total>306</total>
				<timestamp>313.465426</timestamp>
			</report>
			<report>
				<misses>1962001</misses>
				<total>306</total>
				<timestamp>313.625155</timestamp>
			</report>
			<report>
				<misses>1963001</misses>
				<total>306</total>
				<timestamp>313.785086</timestamp>
			</report>
			<report>
				<misses>1964001</misses>
				<total>306</total>
				<timestamp>313.944876</timestamp>
			</report>
			<report>
				<misses>1965001</misses>
				<total>306</total>
				<timestamp>314.104698</timestamp>
			</report>
			<report>
				<misses>1966001</misses>
				<total>306</total>
				<timestamp>314.264475</timestamp>
			</report>
			<report>
				<misses>1967001</misses>
				<total>306</total>
				<timestamp>314.424383</timestamp>
			</report>
			<report>
				<misses>1968001</misses>
				<total>306</total>
				<timestamp>314.584183</timestamp>
			</report>
			<report>
				<misses>1969001</misses>
				<total>306</total>
				<timestamp>314.744122</timestamp>
			</report>
			<report>
				<misses>1970001</misses>
				<total>306</total>
				<timestamp>314.903868</timestamp>
			</report>
			<report>
				<misses>1971001</misses>
				<total>306</total>
				<timestamp>315.063776</timestamp>
			</report>
			<report>
				<misses>1972001</misses>
				<total>306</total>
				<timestamp>315.223522</timestamp>
			</report>
			<report>
				<misses>1973001</misses>
				<total>306</total>
				<timestamp>315.383420</timestamp>
			</report>
			<report>
				<misses>1974001</misses>
				<total>306</total>
				<timestamp>315.543363</timestamp>
			</report>
			<report>
				<misses>1975001</misses>
				<total>306</total>
				<timestamp>315.703283</timestamp>
			</report>
			<report>
				<misses>1976001</misses>
				<total>306</total>
				<timestamp>315.863116</timestamp>
			</report>
			<report>
				<misses>1977001</misses>
				<total>306</total>
				<timestamp>316.022993</timestamp>
			</report>
			<report>
				<misses>1978001</misses>
				<total>306</total>
				<timestamp>316.182818</timestamp>
			</report>
			<report>
				<misses>1979001</misses>
				<total>306</total>
				<timestamp>316.342620</timestamp>
			</report>
			<report>
				<misses>1980001</misses>
				<total>306</total>
				<timestamp>316.502478</timestamp>
			</report>
			<report>
				<misses>1981001</misses>
				<total>306</total>
				<timestamp>316.662386</timestamp>
			</report>
			<report>
				<misses>1982001</misses>
				<total>305</total>
				<timestamp>316.822131</timestamp>
			</report>
			<report>
				<misses>1983001</misses>
				<total>306</total>
				<timestamp>316.981937</timestamp>
			</report>
			<report>
				<misses>1984001</misses>
				<total>308</total>
				<timestamp>317.141787</timestamp>
			</report>
			<report>
				<misses>1985001</misses>
				<total>308</total>
				<timestamp>317.301616</timestamp>
			</report>
			<report>
				<misses>1986001</misses>
				<total>308</total>
				<timestamp>317.461451</timestamp>
			</report>
			<report>
				<misses>1987001</misses>
				<total>308</total>
				<timestamp>317.621319</timestamp>
			</report>
			<report>
				<misses>1988001</misses>
				<total>308</total>
				<timestamp>317.781172</timestamp>
			</report>
			<report>
				<misses>1989001</misses>
				<total>308</total>
				<timestamp>317.940983</timestamp>
			</report>
			<report>
				<misses>1990001</misses>
				<total>308</total>
				<timestamp>318.100818</timestamp>
			</report>
			<report>
				<misses>1991001</misses>
				<total>308</total>
				<timestamp>318.260702</timestamp>
			</report>
			<report>
				<misses>1992001</misses>
				<total>308</total>
				<timestamp>318.420480</timestamp>
			</report>
			<report>
				<misses>1993001</misses>
				<total>308</total>
				<timestamp>318.580322</timestamp>
			</report>
			<report>
				<misses>1994001</misses>
				<total>308</total>
				<timestamp>318.740210</timestamp>
			</report>
			<report>
				<misses>1995001</misses>
				<total>308</total>
				<timestamp>318.900022</timestamp>
			</report>
			<report>
				<misses>1996001</misses>
				<total>308</total>
				<timestamp>319.059895</timestamp>
			</report>
			<report>
				<misses>1997001</misses>
				<total>308</total>
				<timestamp>319.219725</timestamp>
			</report>
			<report>
				<misses>1998001</misses>
				<total>307</total>
				<timestamp>319.379550</timestamp>
			</report>
			<report>
				<misses>1999001</misses>
				<total>308</total>
				<timestamp>319.539372</timestamp>
			</report>
			<report>
				<misses>2000001</misses>
				<total>307</total>
				<timestamp>319.699227</timestamp>
			</report>
			<report>
				<misses>2001001</misses>
				<total>308</total>
				<timestamp>319.859055</timestamp>
			</report>
			<report>
				<misses>2002001</misses>
				<total>308</total>
				<timestamp>320.018921</timestamp>
			</report>
			<report>
				<misses>2003001</misses>
				<total>308</total>
				<timestamp>320.178754</timestamp>
			</report>
			<report>
				<misses>2004001</misses>
				<total>308</total>
				<timestamp>320.338631</timestamp>
			</report>
			<report>
				<misses>2005001</misses>
				<total>308</total>
				<timestamp>320.498430</timestamp>
			</report>
			<report>
				<misses>2006001</misses>
				<total>308</total>
				<timestamp>320.658249</timestamp>
			</report>
			<report>
				<misses>2007001</misses>
				<total>308</total>
				<timestamp>320.818088</timestamp>
			</report>
			<report>
				<misses>2008001</misses>
				<total>308</total>
				<timestamp>320.977917</timestamp>
			</report>
			<report>
				<misses>2009001</misses>
				<total>308</total>
				<timestamp>321.137785</timestamp>
			</report>
			<report>
				<misses>2010001</misses>
				<total>308</total>
				<timestamp>321.297626</timestamp>
			</report>
			<report>
				<misses>2011001</misses>
				<total>308</total>
				<timestamp>321.457496</timestamp>
			</report>
			<report>
				<misses>2012001</misses>
				<total>308</total>
				<timestamp>321.617307</timestamp>
			</report>
			<report>
				<misses>2013001</misses>
				<total>308</total>
				<timestamp>321.777122</timestamp>
			</report>
			<report>
				<misses>2014001</misses>
				<total>308</total>
				<timestamp>321.936990</timestamp>
			</report>
			<report>
				<misses>2015001</misses>
				<total>308</total>
				<timestamp>322.096829</timestamp>
			</report>
			<report>
				<misses>2016001</misses>
				<total>307</total>
				<timestamp>322.256704</timestamp>
			</report>
			<report>
				<misses>2017001</misses>
				<total>310</total>
				<timestamp>322.416479</timestamp>
			</report>
			<report>
				<misses>2018001</misses>
				<total>310</total>
				<timestamp>322.576332</timestamp>
			</report>
			<report>
				<misses>2019001</misses>
				<total>310</total>
				<timestamp>322.736167</timestamp>
			</report>
			<report>
				<misses>2020001</misses>
				<total>310</total>
				<timestamp>322.896017</timestamp>
			</report>
			<report>
				<misses>2021001</misses>
				<total>310</total>
				<timestamp>323.055858</timestamp>
			</report>
			<report>
				<misses>2022001</misses>
				<total>310</total>
				<timestamp>323.215721</timestamp>
			</report>
			<report>
				<misses>2023001</misses>
				<total>311</total>
				<timestamp>323.375576</timestamp>
			</report>
			<report>
				<misses>2024001</misses>
				<total>311</total>
				<timestamp>323.535376</timestamp>
			</report>
			<report>
				<misses>2025001</misses>
				<total>311</total>
				<timestamp>323.695334</timestamp>
			</report>
			<report>
				<misses>2026001</misses>
				<total>311</total>
				<timestamp>323.855051</timestamp>
			</report>
			<report>
				<misses>2027001</misses>
				<total>311</total>
				<timestamp>324.014958</timestamp>
			</report>
			<report>
				<misses>2028001</misses>
				<total>310</total>
				<timestamp>324.174816</timestamp>
			</report>
			<report>
				<misses>2029001</misses>
				<total>311</total>
				<timestamp>324.334769</timestamp>
			</report>
			<report>
				<misses>2030001</misses>
				<total>311</total>
				<timestamp>324.494700</timestamp>
			</report>
			<report>
				<misses>2031001</misses>
				<total>310</total>
				<timestamp>324.654444</timestamp>
			</report>
			<report>
				<misses>2032001</misses>
				<total>311</total>
				<timestamp>324.814358</timestamp>
			</report>
			<report>
				<misses>2033001</misses>
				<total>311</total>
				<timestamp>324.974107</timestamp>
			</report>
			<report>
				<misses>2034001</misses>
				<total>311</total>
				<timestamp>325.134017</timestamp>
			</report>
			<report>
				<misses>2035001</misses>
				<total>311</total>
				<timestamp>325.293818</timestamp>
			</report>
			<report>
				<misses>2036001</misses>
				<total>311</total>
				<timestamp>325.453646</timestamp>
			</report>
			<report>
				<misses>2037001</misses>
				<total>311</total>
				<timestamp>325.613455</timestamp>
			</report>
			<report>
				<misses>2038001</misses>
				<total>311</total>
				<timestamp>325.773302</timestamp>
			</report>
			<report>
				<misses>2039001</misses>
				<total>311</total>
				<timestamp>325.933199</timestamp>
			</report>
			<report>
				<misses>2040001</misses>
				<total>311</total>
				<timestamp>326.092957</timestamp>
			</report>
			<report>
				<misses>2041001</misses>
				<total>311</total>
				<timestamp>326.252822</timestamp>
			</report>
			<report>
				<misses>2042001</misses>
				<total>310</total>
				<timestamp>326.412753</timestamp>
			</report>
			<report>
				<misses>2043001</misses>
				<total>311</total>
				<timestamp>326.572504</timestamp>
			</report>
			<report>
				<misses>2044001</misses>
				<total>311</total>
				<timestamp>326.732468</timestamp>
			</report>
			<report>
				<misses>2045001</misses>
				<total>311</total>
				<timestamp>326.892253</timestamp>
			</report>
			<report>
				<misses>2046001</misses>
				<total>311</total>
				<timestamp>327.052021</timestamp>
			</report>
			<report>
				<misses>2047001</misses>
				<total>311</total>
				<timestamp>327.211942</timestamp>
			</report>
			<report>
				<misses>2048001</misses>
				<total>311</total>
				<timestamp>327.371743</timestamp>
			</report>
			<report>
				<misses>2049001</misses>
				<total>311</total>
				<timestamp>327.531610</timestamp>
			</report>
			<report>
				<misses>2050001</misses>
				<total>311</total>
				<timestamp>327.691540</timestamp>
			</report>
			<report>
				<misses>2051001</misses>
				<total>311</total>
				<timestamp>327.851379</timestamp>
			</report>
			<report>
				<misses>2052001</misses>
				<total>311</total>
				<timestamp>328.011259</timestamp>
			</report>
			<report>
				<misses>2053001</misses>
				<total>311</total>
				<timestamp>328.171072</timestamp>
			</report>
			<report>
				<misses>2054001</misses>
				<total>311</total>
				<timestamp>328.331004</timestamp>
			</report>
			<report>
				<misses>2055001</misses>
				<total>311</total>
				<timestamp>328.490744</timestamp>
			</report>
			<report>
				<misses>2056001</misses>
				<total>311</total>
				<timestamp>328.650711</timestamp>
			</report>
			<report>
				<misses>2057001</misses>
				<total>311</total>
				<timestamp>328.810541</timestamp>
			</report>
			<report>
				<misses>2058001</misses>
				<total>311</total>
				<timestamp>328.970388</timestamp>
			</report>
			<report>
				<misses>2059001</misses>
				<total>311</total>
				<timestamp>329.130190</timestamp>
			</report>
			<report>
				<misses>2060001</misses>
				<total>311</total>
				<timestamp>329.289978</timestamp>
			</report>
			<report>
				<misses>2061001</misses>
				<total>311</total>
				<timestamp>329.449782</timestamp>
			</report>
			<report>
				<misses>2062001</misses>
				<total>311</total>
				<timestamp>329.609653</timestamp>
			</report>
			<report>
				<misses>2063001</misses>
				<total>314</total>
				<timestamp>329.769453</timestamp>
			</report>
			<report>
				<misses>2064001</misses>
				<total>314</total>
				<timestamp>329.929294</timestamp>
			</report>
			<report>
				<misses>2065001</misses>
				<total>314</total>
				<timestamp>330.089130</timestamp>
			</report>
			<report>
				<misses>2066001</misses>
				<total>314</total>
				<timestamp>330.248975</timestamp>
			</report>
			<report>
				<misses>2067001</misses>
				<total>314</total>
				<timestamp>330.408845</timestamp>
			</report>
			<report>
				<misses>2068001</misses>
				<total>314</total>
				<timestamp>330.568710</timestamp>
			</report>
			<report>
				<misses>2069001</misses>
				<total>314</total>
				<timestamp>330.728502</timestamp>
			</report>
			<report>
				<misses>2070001</misses>
				<total>314</total>
				<timestamp>330.888419</timestamp>
			</report>
			<report>
				<misses>2071001</misses>
				<total>314</total>
				<timestamp>331.048186</timestamp>
			</report>
			<report>
				<misses>2072001</misses>
				<total>314</total>
				<timestamp>331.208001</timestamp>
			</report>
			<report>
				<misses>2073001</misses>
				<total>314</total>
				<timestamp>331.367859</timestamp>
			</report>
			<report>
				<misses>2074001</misses>
				<total>314</total>
				<timestamp>331.527739</timestamp>
			</report>
			<report>
				<misses>2075001</misses>
				<total>314</total>
				<timestamp>331.687631</timestamp>
			</report>
			<report>
				<misses>2076001</misses>
				<total>314</total>
				<timestamp>331.847417</timestamp>
			</report>
			<report>
				<misses>2077001</misses>
				<total>314</total>
				<timestamp>332.007225</timestamp>
			</report>
			<report>
				<misses>2078001</misses>
				<total>314</total>
				<timestamp>332.167079</timestamp>
			</report>
			<report>
				<misses>2079001</misses>
				<total>314</total>
				<timestamp>332.326900</timestamp>
			</report>
			<report>
				<misses>2080001</misses>
				<total>314</total>
				<timestamp>332.486904</timestamp>
			</report>
			<report>
				<misses>2081001</misses>
				<total>313</total>
				<timestamp>332.646761</timestamp>
			</report>
			<report>
				<misses>2082001</misses>
				<total>314</total>
				<timestamp>332.806763</timestamp>
			</report>
			<report>
				<misses>2083001</misses>
				<total>314</total>
				<timestamp>332.966667</timestamp>
			</report>
			<report>
				<misses>2084001</misses>
				<total>313</total>
				<timestamp>333.126465</timestamp>
			</report>
			<report>
				<misses>2085001</misses>
				<total>314</total>
				<timestamp>333.286314</timestamp>
			</report>
			<report>
				<misses>2086001</misses>
				<total>314</total>
				<timestamp>333.446182</timestamp>
			</report>
			<report>
				<misses>2087001</misses>
				<total>314</total>
				<timestamp>333.605932</timestamp>
			</report>
			<report>
				<misses>2088001</misses>
				<total>314</total>
				<timestamp>333.765786</timestamp>
			</report>
			<report>
				<misses>2089001</misses>
				<total>314</total>
				<timestamp>333.925746</timestamp>
			</report>
			<report>
				<misses>2090001</misses>
				<total>314</total>
				<timestamp>334.085453</timestamp>
			</report>
			<report>
				<misses>2091001</misses>
				<total>314</total>
				<timestamp>334.245424</timestamp>
			</report>
			<report>
				<misses>2092001</misses>
				<total>314</total>
				<timestamp>334.405116</timestamp>
			</report>
			<report>
				<misses>2093001</misses>
				<total>314</total>
				<timestamp>334.565098</timestamp>
			</report>
			<report>
				<misses>2094001</misses>
				<total>314</total>
				<timestamp>334.724918</timestamp>
			</report>
			<report>
				<misses>2095001</misses>
				<total>314</total>
				<timestamp>334.884662</timestamp>
			</report>
			<report>
				<misses>2096001</misses>
				<total>314</total>
				<timestamp>335.044504</timestamp>
			</report>
			<report>
				<misses>2097001</misses>
				<total>314</total>
				<timestamp>335.204360</timestamp>
			</report>
			<report>
				<misses>2098001</misses>
				<total>314</total>
				<timestamp>335.364168</timestamp>
			</report>
			<report>
				<misses>2099001</misses>
				<total>313</total>
				<timestamp>335.524033</timestamp>
			</report>
			<report>
				<misses>2100001</misses>
				<total>314</total>
				<timestamp>335.683865</timestamp>
			</report>
			<report>
				<misses>2101001</misses>
				<total>314</total>
				<timestamp>335.843733</timestamp>
			</report>
			<report>
				<misses>2102001</misses>
				<total>314</total>
				<timestamp>336.003585</timestamp>
			</report>
			<report>
				<misses>2103001</misses>
				<total>313</total>
				<timestamp>336.163383</timestamp>
			</report>
			<report>
				<misses>2104001</misses>
				<total>314</total>
				<timestamp>336.323202</timestamp>
			</report>
			<report>
				<misses>2105001</misses>
				<total>314</total>
				<timestamp>336.483044</timestamp>
			</report>
			<report>
				<misses>2106001</misses>
				<total>314</total>
				<timestamp>336.642893</timestamp>
			</report>
			<report>
				<misses>2107001</misses>
				<total>314</total>
				<timestamp>336.802744</timestamp>
			</report>
			<report>
				<misses>2108001</misses>
				<total>314</total>
				<timestamp>336.962598</timestamp>
			</report>
			<report>
				<misses>2109001</misses>
				<total>316</total>
				<timestamp>337.122444</timestamp>
			</report>
			<report>
				<misses>2110001</misses>
				<total>316</total>
				<timestamp>337.282277</timestamp>
			</report>
			<report>
				<misses>2111001</misses>
				<total>316</total>
				<timestamp>337.442083</timestamp>
			</report>
			<report>
				<misses>2112001</misses>
				<total>317</total>
				<timestamp>337.602055</timestamp>
			</report>
			<report>
				<misses>2113001</misses>
				<total>317</total>
				<timestamp>337.761874</timestamp>
			</report>
			<report>
				<misses>2114001</misses>
				<total>316</total>
				<timestamp>337.921634</timestamp>
			</report>
			<report>
				<misses>2115001</misses>
				<total>317</total>
				<timestamp>338.081532</timestamp>
			</report>
			<report>
				<misses>2116001</misses>
				<total>317</total>
				<timestamp>338.241383</timestamp>
			</report>
			<report>
				<misses>2117001</misses>
				<total>317</total>
				<timestamp>338.401208</timestamp>
			</report>
			<report>
				<misses>2118001</misses>
				<total>317</total>
				<timestamp>338.561089</timestamp>
			</report>
			<report>
				<misses>2119001</misses>
				<total>317</total>
				<timestamp>338.720824</timestamp>
			</report>
			<report>
				<misses>2120001</misses>
				<total>317</total>
				<timestamp>338.880819</timestamp>
			</report>
			<report>
				<misses>2121001</misses>
				<total>317</total>
				<timestamp>339.040713</timestamp>
			</report>
			<report>
				<misses>2122001</misses>
				<total>317</total>
				<timestamp>339.200561</timestamp>
			</report>
			<report>
				<misses>2123001</misses>
				<total>317</total>
				<timestamp>339.360343</timestamp>
			</report>
			<report>
				<misses>2124001</misses>
				<total>317</total>
				<timestamp>339.520167</timestamp>
			</report>
			<report>
				<misses>2125001</misses>
				<total>317</total>
				<timestamp>339.680007</timestamp>
			</report>
			<report>
				<misses>2126001</misses>
				<total>317</total>
				<timestamp>339.839933</timestamp>
			</report>
			<report>
				<misses>2127001</misses>
				<total>317</total>
				<timestamp>339.999711</timestamp>
			</report>
			<report>
				<misses>2128001</misses>
				<total>317</total>
				<timestamp>340.159529</timestamp>
			</report>
			<report>
				<misses>2129001</misses>
				<total>316</total>
				<timestamp>340.319369</timestamp>
			</report>
			<report>
				<misses>2130001</misses>
				<total>317</total>
				<timestamp>340.479287</timestamp>
			</report>
			<report>
				<misses>2131001</misses>
				<total>317</total>
				<timestamp>340.639047</timestamp>
			</report>
			<report>
				<misses>2132001</misses>
				<total>317</total>
				<timestamp>340.798944</timestamp>
			</report>
			<report>
				<misses>2133001</misses>
				<total>317</total>
				<timestamp>340.958719</timestamp>
			</report>
			<report>
				<misses>2134001</misses>
				<total>317</total>
				<timestamp>341.118617</timestamp>
			</report>
			<report>
				<misses>2135001</misses>
				<total>317</total>
				<timestamp>341.278403</timestamp>
			</report>
			<report>
				<misses>2136001</misses>
				<total>316</total>
				<timestamp>341.438325</timestamp>
			</report>
			<report>
				<misses>2137001</misses>
				<total>317</total>
				<timestamp>341.598164</timestamp>
			</report>
			<report>
				<misses>2138001</misses>
				<total>317</total>
				<timestamp>341.757998</timestamp>
			</report>
			<report>
				<misses>2139001</misses>
				<total>317</total>
				<timestamp>341.917861</timestamp>
			</report>
			<report>
				<misses>2140001</misses>
				<total>317</total>
				<timestamp>342.077664</timestamp>
			</report>
			<report>
				<misses>2141001</misses>
				<total>317</total>
				<timestamp>342.237457</timestamp>
			</report>
			<report>
				<misses>2142001</misses>
				<total>317</total>
				<timestamp>342.397346</timestamp>
			</report>
			<report>
				<misses>2143001</misses>
				<total>317</total>
				<timestamp>342.557166</timestamp>
			</report>
			<report>
				<misses>2144001</misses>
				<total>317</total>
				<timestamp>342.716974</timestamp>
			</report>
			<report>
				<misses>2145001</misses>
				<total>317</total>
				<timestamp>342.876896</timestamp>
			</report>
			<report>
				<misses>2146001</misses>
				<total>317</total>
				<timestamp>343.036699</timestamp>
			</report>
			<report>
				<misses>2147001</misses>
				<total>317</total>
				<timestamp>343.196553</timestamp>
			</report>
			<report>
				<misses>2148001</misses>
				<total>317</total>
				<timestamp>343.356327</timestamp>
			</report>
			<report>
				<misses>2149001</misses>
				<total>317</total>
				<timestamp>343.516290</timestamp>
			</report>
			<report>
				<misses>2150001</misses>
				<total>317</total>
				<timestamp>343.676080</timestamp>
			</report>
			<report>
				<misses>2151001</misses>
				<total>317</total>
				<timestamp>343.835843</timestamp>
			</report>
			<report>
				<misses>2152001</misses>
				<total>317</total>
				<timestamp>343.995776</timestamp>
			</report>
			<report>
				<misses>2153001</misses>
				<total>316</total>
				<timestamp>344.155557</timestamp>
			</report>
			<report>
				<misses>2154001</misses>
				<total>317</total>
				<timestamp>344.315370</timestamp>
			</report>
			<report>
				<misses>2155001</misses>
				<total>317</total>
				<timestamp>344.475215</timestamp>
			</report>
			<report>
				<misses>2156001</misses>
				<total>316</total>
				<timestamp>344.635102</timestamp>
			</report>
			<report>
				<misses>2157001</misses>
				<total>317</total>
				<timestamp>344.794898</timestamp>
			</report>
			<report>
				<misses>2158001</misses>
				<total>317</total>
				<timestamp>344.954743</timestamp>
			</report>
			<report>
				<misses>2159001</misses>
				<total>317</total>
				<timestamp>345.114606</timestamp>
			</report>
			<report>
				<misses>2160001</misses>
				<total>317</total>
				<timestamp>345.274427</timestamp>
			</report>
			<report>
				<misses>2161001</misses>
				<total>317</total>
				<timestamp>345.434342</timestamp>
			</report>
			<report>
				<misses>2162001</misses>
				<total>317</total>
				<timestamp>345.594090</timestamp>
			</report>
			<report>
				<misses>2163001</misses>
				<total>317</total>
				<timestamp>345.753950</timestamp>
			</report>
			<report>
				<misses>2164001</misses>
				<total>317</total>
				<timestamp>345.913933</timestamp>
			</report>
			<report>
				<misses>2165001</misses>
				<total>317</total>
				<timestamp>346.073765</timestamp>
			</report>
			<report>
				<misses>2166001</misses>
				<total>317</total>
				<timestamp>346.233709</timestamp>
			</report>
			<report>
				<misses>2167001</misses>
				<total>317</total>
				<timestamp>346.393480</timestamp>
			</report>
			<report>
				<misses>2168001</misses>
				<total>317</total>
				<timestamp>346.553321</timestamp>
			</report>
			<report>
				<misses>2169001</misses>
				<total>317</total>
				<timestamp>346.713126</timestamp>
			</report>
			<report>
				<misses>2170001</misses>
				<total>317</total>
				<timestamp>346.872961</timestamp>
			</report>
			<report>
				<misses>2171001</misses>
				<total>317</total>
				<timestamp>347.032814</timestamp>
			</report>
			<report>
				<misses>2172001</misses>
				<total>317</total>
				<timestamp>347.192688</timestamp>
			</report>
			<report>
				<misses>2173001</misses>
				<total>317</total>
				<timestamp>347.352572</timestamp>
			</report>
			<report>
				<misses>2174001</misses>
				<total>317</total>
				<timestamp>347.512448</timestamp>
			</report>
			<report>
				<misses>2175001</misses>
				<total>317</total>
				<timestamp>347.672283</timestamp>
			</report>
			<report>
				<misses>2176001</misses>
				<total>316</total>
				<timestamp>347.832177</timestamp>
			</report>
			<report>
				<misses>2177001</misses>
				<total>317</total>
				<timestamp>347.992040</timestamp>
			</report>
			<report>
				<misses>2178001</misses>
				<total>317</total>
				<timestamp>348.151878</timestamp>
			</report>
			<report>
				<misses>2179001</misses>
				<total>317</total>
				<timestamp>348.311701</timestamp>
			</report>
			<report>
				<misses>2180001</misses>
				<total>317</total>
				<timestamp>348.471571</timestamp>
			</report>
			<report>
				<misses>2181001</misses>
				<total>317</total>
				<timestamp>348.631374</timestamp>
			</report>
			<report>
				<misses>2182001</misses>
				<total>317</total>
				<timestamp>348.791312</timestamp>
			</report>
			<report>
				<misses>2183001</misses>
				<total>317</total>
				<timestamp>348.951068</timestamp>
			</report>
			<report>
				<misses>2184001</misses>
				<total>317</total>
				<timestamp>349.110943</timestamp>
			</report>
			<report>
				<misses>2185001</misses>
				<total>317</total>
				<timestamp>349.270716</timestamp>
			</report>
			<report>
				<misses>2186001</misses>
				<total>317</total>
				<timestamp>349.430593</timestamp>
			</report>
			<report>
				<misses>2187001</misses>
				<total>317</total>
				<timestamp>349.590473</timestamp>
			</report>
			<report>
				<misses>2188001</misses>
				<total>317</total>
				<timestamp>349.750388</timestamp>
			</report>
			<report>
				<misses>2189001</misses>
				<total>317</total>
				<timestamp>349.910097</timestamp>
			</report>
			<report>
				<misses>2190001</misses>
				<total>317</total>
				<timestamp>350.069930</timestamp>
			</report>
			<report>
				<misses>2191001</misses>
				<total>317</total>
				<timestamp>350.229773</timestamp>
			</report>
			<report>
				<misses>2192001</misses>
				<total>317</total>
				<timestamp>350.389636</timestamp>
			</report>
			<report>
				<misses>2193001</misses>
				<total>317</total>
				<timestamp>350.549627</timestamp>
			</report>
			<report>
				<misses>2194001</misses>
				<total>317</total>
				<timestamp>350.709465</timestamp>
			</report>
			<report>
				<misses>2195001</misses>
				<total>317</total>
				<timestamp>350.869332</timestamp>
			</report>
			<report>
				<misses>2196001</misses>
				<total>316</total>
				<timestamp>351.029254</timestamp>
			</report>
			<report>
				<misses>2197001</misses>
				<total>317</total>
				<timestamp>351.188982</timestamp>
			</report>
			<report>
				<misses>2198001</misses>
				<total>317</total>
				<timestamp>351.348933</timestamp>
			</report>
			<report>
				<misses>2199001</misses>
				<total>317</total>
				<timestamp>351.508671</timestamp>
			</report>
			<report>
				<misses>2200001</misses>
				<total>317</total>
				<timestamp>351.668568</timestamp>
			</report>
			<report>
				<misses>2201001</misses>
				<total>317</total>
				<timestamp>351.828328</timestamp>
			</report>
			<report>
				<misses>2202001</misses>
				<total>317</total>
				<timestamp>351.988178</timestamp>
			</report>
			<report>
				<misses>2203001</misses>
				<total>316</total>
				<timestamp>352.148045</timestamp>
			</report>
			<report>
				<misses>2204001</misses>
				<total>317</total>
				<timestamp>352.307856</timestamp>
			</report>
			<report>
				<misses>2205001</misses>
				<total>317</total>
				<timestamp>352.467752</timestamp>
			</report>
			<report>
				<misses>2206001</misses>
				<total>316</total>
				<timestamp>352.627593</timestamp>
			</report>
			<report>
				<misses>2207001</misses>
				<total>317</total>
				<timestamp>352.787391</timestamp>
			</report>
			<report>
				<misses>2208001</misses>
				<total>317</total>
				<timestamp>352.947243</timestamp>
			</report>
			<report>
				<misses>2209001</misses>
				<total>317</total>
				<timestamp>353.107063</timestamp>
			</report>
			<report>
				<misses>2210001</misses>
				<total>317</total>
				<timestamp>353.266913</timestamp>
			</report>
			<report>
				<misses>2211001</misses>
				<total>317</total>
				<timestamp>353.426727</timestamp>
			</report>
			<report>
				<misses>2212001</misses>
				<total>317</total>
				<timestamp>353.586562</timestamp>
			</report>
			<report>
				<misses>2213001</misses>
				<total>317</total>
				<timestamp>353.746491</timestamp>
			</report>
			<report>
				<misses>2214001</misses>
				<total>317</total>
				<timestamp>353.906276</timestamp>
			</report>
			<report>
				<misses>2215001</misses>
				<total>317</total>
				<timestamp>354.066107</timestamp>
			</report>
			<report>
				<misses>2216001</misses>
				<total>317</total>
				<timestamp>354.225942</timestamp>
			</report>
			<report>
				<misses>2217001</misses>
				<total>317</total>
				<timestamp>354.385784</timestamp>
			</report>
			<report>
				<misses>2218001</misses>
				<total>317</total>
				<timestamp>354.545634</timestamp>
			</report>
			<report>
				<misses>2219001</misses>
				<total>317</total>
				<timestamp>354.705466</timestamp>
			</report>
			<report>
				<misses>2220001</misses>
				<total>317</total>
				<timestamp>354.865308</timestamp>
			</report>
			<report>
				<misses>2221001</misses>
				<total>317</total>
				<timestamp>355.025122</timestamp>
			</report>
			<report>
				<misses>2222001</misses>
				<total>317</total>
				<timestamp>355.184971</timestamp>
			</report>
			<report>
				<misses>2223001</misses>
				<total>317</total>
				<timestamp>355.344814</timestamp>
			</report>
			<report>
				<misses>2224001</misses>
				<total>317</total>
				<timestamp>355.504648</timestamp>
			</report>
			<report>
				<misses>2225001</misses>
				<total>317</total>
				<timestamp>355.664527</timestamp>
			</report>
			<report>
				<misses>2226001</misses>
				<total>316</total>
				<timestamp>355.824349</timestamp>
			</report>
			<report>
				<misses>2227001</misses>
				<total>317</total>
				<timestamp>355.984185</timestamp>
			</report>
			<report>
				<misses>2228001</misses>
				<total>317</total>
				<timestamp>356.144011</timestamp>
			</report>
			<report>
				<misses>2229001</misses>
				<total>317</total>
				<timestamp>356.303891</timestamp>
			</report>
			<report>
				<misses>2230001</misses>
				<total>317</total>
				<timestamp>356.463691</timestamp>
			</report>
			<report>
				<misses>2231001</misses>
				<total>317</total>
				<timestamp>356.623543</timestamp>
			</report>
			<report>
				<misses>2232001</misses>
				<total>317</total>
				<timestamp>356.783377</timestamp>
			</report>
			<report>
				<misses>2233001</misses>
				<total>319</total>
				<timestamp>356.943234</timestamp>
			</report>
			<report>
				<misses>2234001</misses>
				<total>320</total>
				<timestamp>357.103060</timestamp>
			</report>
			<report>
				<misses>2235001</misses>
				<total>320</total>
				<timestamp>357.262901</timestamp>
			</report>
			<report>
				<misses>2236001</misses>
				<total>320</total>
				<timestamp>357.422736</timestamp>
			</report>
			<report>
				<misses>2237001</misses>
				<total>320</total>
				<timestamp>357.582608</timestamp>
			</report>
			<report>
				<misses>2238001</misses>
				<total>320</total>
				<timestamp>357.742440</timestamp>
			</report>
			<report>
				<misses>2239001</misses>
				<total>320</total>
				<timestamp>357.902250</timestamp>
			</report>
			<report>
				<misses>2240001</misses>
				<total>320</total>
				<timestamp>358.062099</timestamp>
			</report>
			<report>
				<misses>2241001</misses>
				<total>320</total>
				<timestamp>358.221929</timestamp>
			</report>
			<report>
				<misses>2242001</misses>
				<total>320</total>
				<timestamp>358.381759</timestamp>
			</report>
			<report>
				<misses>2243001</misses>
				<total>320</total>
				<timestamp>358.541598</timestamp>
			</report>
			<report>
				<misses>2244001</misses>
				<total>320</total>
				<timestamp>358.701504</timestamp>
			</report>
			<report>
				<misses>2245001</misses>
				<total>320</total>
				<timestamp>358.861303</timestamp>
			</report>
			<report>
				<misses>2246001</misses>
				<total>320</total>
				<timestamp>359.021121</timestamp>
			</report>
			<report>
				<misses>2247001</misses>
				<total>320</total>
				<timestamp>359.180974</timestamp>
			</report>
			<report>
				<misses>2248001</misses>
				<total>320</total>
				<timestamp>359.340795</timestamp>
			</report>
			<report>
				<misses>2249001</misses>
				<total>320</total>
				<timestamp>359.500640</timestamp>
			</report>
			<report>
				<misses>2250001</misses>
				<total>320</total>
				<timestamp>359.660494</timestamp>
			</report>
			<report>
				<misses>2251001</misses>
				<total>320</total>
				<timestamp>359.820327</timestamp>
			</report>
			<report>
				<misses>2252001</misses>
				<total>320</total>
				<timestamp>359.980216</timestamp>
			</report>
			<report>
				<misses>2253001</misses>
				<total>320</total>
				<timestamp>360.140022</timestamp>
			</report>
			<report>
				<misses>2254001</misses>
				<total>320</total>
				<timestamp>360.299899</timestamp>
			</report>
			<report>
				<misses>2255001</misses>
				<total>320</total>
				<timestamp>360.459722</timestamp>
			</report>
			<report>
				<misses>2256001</misses>
				<total>320</total>
				<timestamp>360.619590</timestamp>
			</report>
			<report>
				<misses>2257001</misses>
				<total>320</total>
				<timestamp>360.779396</timestamp>
			</report>
			<report>
				<misses>2258001</misses>
				<total>320</total>
				<timestamp>360.939264</timestamp>
			</report>
			<report>
				<misses>2259001</misses>
				<total>320</total>
				<timestamp>361.099096</timestamp>
			</report>
			<report>
				<misses>2260001</misses>
				<total>319</total>
				<timestamp>361.258926</timestamp>
			</report>
			<report>
				<misses>2261001</misses>
				<total>320</total>
				<timestamp>361.418839</timestamp>
			</report>
			<report>
				<misses>2262001</misses>
				<total>320</total>
				<timestamp>361.578669</timestamp>
			</report>
			<report>
				<misses>2263001</misses>
				<total>320</total>
				<timestamp>361.738511</timestamp>
			</report>
			<report>
				<misses>2264001</misses>
				<total>320</total>
				<timestamp>361.898325</timestamp>
			</report>
			<report>
				<misses>2265001</misses>
				<total>320</total>
				<timestamp>362.058198</timestamp>
			</report>
			<report>
				<misses>2266001</misses>
				<total>320</total>
				<timestamp>362.217999</timestamp>
			</report>
			<report>
				<misses>2267001</misses>
				<total>320</total>
				<timestamp>362.377822</timestamp>
			</report>
			<report>
				<misses>2268001</misses>
				<total>320</total>
				<timestamp>362.537621</timestamp>
			</report>
			<report>
				<misses>2269001</misses>
				<total>320</total>
				<timestamp>362.697584</timestamp>
			</report>
			<report>
				<misses>2270001</misses>
				<total>320</total>
				<timestamp>362.857455</timestamp>
			</report>
			<report>
				<misses>2271001</misses>
				<total>320</total>
				<timestamp>363.017382</timestamp>
			</report>
			<report>
				<misses>2272001</misses>
				<total>320</total>
				<timestamp>363.177133</timestamp>
			</report>
			<report>
				<misses>2273001</misses>
				<total>320</total>
				<timestamp>363.336970</timestamp>
			</report>
			<report>
				<misses>2274001</misses>
				<total>320</total>
				<timestamp>363.496824</timestamp>
			</report>
			<report>
				<misses>2275001</misses>
				<total>320</total>
				<timestamp>363.656650</timestamp>
			</report>
			<report>
				<misses>2276001</misses>
				<total>320</total>
				<timestamp>363.816502</timestamp>
			</report>
			<report>
				<misses>2277001</misses>
				<total>320</total>
				<timestamp>363.976336</timestamp>
			</report>
			<report>
				<misses>2278001</misses>
				<total>320</total>
				<timestamp>364.136173</timestamp>
			</report>
			<report>
				<misses>2279001</misses>
				<total>320</total>
				<timestamp>364.296014</timestamp>
			</report>
			<report>
				<misses>2280001</misses>
				<total>320</total>
				<timestamp>364.455856</timestamp>
			</report>
			<report>
				<misses>2281001</misses>
				<total>320</total>
				<timestamp>364.615686</timestamp>
			</report>
			<report>
				<misses>2282001</misses>
				<total>320</total>
				<timestamp>364.775547</timestamp>
			</report>
			<report>
				<misses>2283001</misses>
				<total>320</total>
				<timestamp>364.935477</timestamp>
			</report>
			<report>
				<misses>2284001</misses>
				<total>320</total>
				<timestamp>365.095234</timestamp>
			</report>
			<report>
				<misses>2285001</misses>
				<total>320</total>
				<timestamp>365.255092</timestamp>
			</report>
			<report>
				<misses>2286001</misses>
				<total>320</total>
				<timestamp>365.414905</timestamp>
			</report>
			<report>
				<misses>2287001</misses>
				<total>320</total>
				<timestamp>365.574728</timestamp>
			</report>
			<report>
				<misses>2288001</misses>
				<total>320</total>
				<timestamp>365.734572</timestamp>
			</report>
			<report>
				<misses>2289001</misses>
				<total>320</total>
				<timestamp>365.894441</timestamp>
			</report>
			<report>
				<misses>2290001</misses>
				<total>320</total>
				<timestamp>366.054256</timestamp>
			</report>
			<report>
				<misses>2291001</misses>
				<total>320</total>
				<timestamp>366.214080</timestamp>
			</report>
			<report>
				<misses>2292001</misses>
				<total>320</total>
				<timestamp>366.373940</timestamp>
			</report>
			<report>
				<misses>2293001</misses>
				<total>320</total>
				<timestamp>366.533767</timestamp>
			</report>
			<report>
				<misses>2294001</misses>
				<total>320</total>
				<timestamp>366.693618</timestamp>
			</report>
			<report>
				<misses>2295001</misses>
				<total>321</total>
				<timestamp>366.853471</timestamp>
			</report>
			<report>
				<misses>2296001</misses>
				<total>320</total>
				<timestamp>367.013292</timestamp>
			</report>
			<report>
				<misses>2297001</misses>
				<total>320</total>
				<timestamp>367.173122</timestamp>
			</report>
			<report>
				<misses>2298001</misses>
				<total>320</total>
				<timestamp>367.332991</timestamp>
			</report>
			<report>
				<misses>2299001</misses>
				<total>320</total>
				<timestamp>367.492834</timestamp>
			</report>
			<report>
				<misses>2300001</misses>
				<total>320</total>
				<timestamp>367.652652</timestamp>
			</report>
			<report>
				<misses>2301001</misses>
				<total>320</total>
				<timestamp>367.812505</timestamp>
			</report>
			<report>
				<misses>2302001</misses>
				<total>320</total>
				<timestamp>367.972455</timestamp>
			</report>
			<report>
				<misses>2303001</misses>
				<total>320</total>
				<timestamp>368.132205</timestamp>
			</report>
			<report>
				<misses>2304001</misses>
				<total>320</total>
				<timestamp>368.292002</timestamp>
			</report>
			<report>
				<misses>2305001</misses>
				<total>320</total>
				<timestamp>368.451946</timestamp>
			</report>
			<report>
				<misses>2306001</misses>
				<total>320</total>
				<timestamp>368.611691</timestamp>
			</report>
			<report>
				<misses>2307001</misses>
				<total>320</total>
				<timestamp>368.771645</timestamp>
			</report>
			<report>
				<misses>2308001</misses>
				<total>320</total>
				<timestamp>368.931503</timestamp>
			</report>
			<report>
				<misses>2309001</misses>
				<total>320</total>
				<timestamp>369.091340</timestamp>
			</report>
			<report>
				<misses>2310001</misses>
				<total>319</total>
				<timestamp>369.251090</timestamp>
			</report>
			<report>
				<misses>2311001</misses>
				<total>320</total>
				<timestamp>369.410941</timestamp>
			</report>
			<report>
				<misses>2312001</misses>
				<total>320</total>
				<timestamp>369.570729</timestamp>
			</report>
			<report>
				<misses>2313001</misses>
				<total>320</total>
				<timestamp>369.730588</timestamp>
			</report>
			<report>
				<misses>2314001</misses>
				<total>320</total>
				<timestamp>369.890549</timestamp>
			</report>
			<report>
				<misses>2315001</misses>
				<total>320</total>
				<timestamp>370.050314</timestamp>
			</report>
			<report>
				<misses>2316001</misses>
				<total>320</total>
				<timestamp>370.210099</timestamp>
			</report>
			<report>
				<misses>2317001</misses>
				<total>320</total>
				<timestamp>370.370062</timestamp>
			</report>
			<report>
				<misses>2318001</misses>
				<total>320</total>
				<timestamp>370.529824</timestamp>
			</report>
			<report>
				<misses>2319001</misses>
				<total>320</total>
				<timestamp>370.689677</timestamp>
			</report>
			<report>
				<misses>2320001</misses>
				<total>320</total>
				<timestamp>370.849545</timestamp>
			</report>
			<report>
				<misses>2321001</misses>
				<total>320</total>
				<timestamp>371.009375</timestamp>
			</report>
			<report>
				<misses>2322001</misses>
				<total>321</total>
				<timestamp>371.169150</timestamp>
			</report>
			<report>
				<misses>2323001</misses>
				<total>321</total>
				<timestamp>371.328965</timestamp>
			</report>
			<report>
				<misses>2324001</misses>
				<total>321</total>
				<timestamp>371.488870</timestamp>
			</report>
			<report>
				<misses>2325001</misses>
				<total>321</total>
				<timestamp>371.648828</timestamp>
			</report>
			<report>
				<misses>2326001</misses>
				<total>321</total>
				<timestamp>371.808744</timestamp>
			</report>
			<report>
				<misses>2327001</misses>
				<total>321</total>
				<timestamp>371.968551</timestamp>
			</report>
			<report>
				<misses>2328001</misses>
				<total>321</total>
				<timestamp>372.128367</timestamp>
			</report>
			<report>
				<misses>2329001</misses>
				<total>321</total>
				<timestamp>372.288301</timestamp>
			</report>
			<report>
				<misses>2330001</misses>
				<total>321</total>
				<timestamp>372.448131</timestamp>
			</report>
			<report>
				<misses>2331001</misses>
				<total>321</total>
				<timestamp>372.607953</timestamp>
			</report>
			<report>
				<misses>2332001</misses>
				<total>321</total>
				<timestamp>372.767743</timestamp>
			</report>
			<report>
				<misses>2333001</misses>
				<total>320</total>
				<timestamp>372.927613</timestamp>
			</report>
			<report>
				<misses>2334001</misses>
				<total>320</total>
				<timestamp>373.087406</timestamp>
			</report>
			<report>
				<misses>2335001</misses>
				<total>321</total>
				<timestamp>373.247307</timestamp>
			</report>
			<report>
				<misses>2336001</misses>
				<total>321</total>
				<timestamp>373.407106</timestamp>
			</report>
			<report>
				<misses>2337001</misses>
				<total>321</total>
				<timestamp>373.566982</timestamp>
			</report>
			<report>
				<misses>2338001</misses>
				<total>321</total>
				<timestamp>373.726795</timestamp>
			</report>
			<report>
				<misses>2339001</misses>
				<total>321</total>
				<timestamp>373.886678</timestamp>
			</report>
			<report>
				<misses>2340001</misses>
				<total>321</total>
				<timestamp>374.046532</timestamp>
			</report>
			<report>
				<misses>2341001</misses>
				<total>321</total>
				<timestamp>374.206326</timestamp>
			</report>
			<report>
				<misses>2342001</misses>
				<total>321</total>
				<timestamp>374.366194</timestamp>
			</report>
			<report>
				<misses>2343001</misses>
				<total>321</total>
				<timestamp>374.525974</timestamp>
			</report>
			<report>
				<misses>2344001</misses>
				<total>321</total>
				<timestamp>374.685820</timestamp>
			</report>
			<report>
				<misses>2345001</misses>
				<total>321</total>
				<timestamp>374.845758</timestamp>
			</report>
			<report>
				<misses>2346001</misses>
				<total>321</total>
				<timestamp>375.005691</timestamp>
			</report>
			<report>
				<misses>2347001</misses>
				<total>321</total>
				<timestamp>375.165561</timestamp>
			</report>
			<report>
				<misses>2348001</misses>
				<total>321</total>
				<timestamp>375.325332</timestamp>
			</report>
			<report>
				<misses>2349001</misses>
				<total>321</total>
				<timestamp>375.485221</timestamp>
			</report>
			<report>
				<misses>2350001</misses>
				<total>321</total>
				<timestamp>375.645055</timestamp>
			</report>
			<report>
				<misses>2351001</misses>
				<total>321</total>
				<timestamp>375.804857</timestamp>
			</report>
			<report>
				<misses>2352001</misses>
				<total>321</total>
				<timestamp>375.964782</timestamp>
			</report>
			<report>
				<misses>2353001</misses>
				<total>321</total>
				<timestamp>376.124506</timestamp>
			</report>
			<report>
				<misses>2354001</misses>
				<total>321</total>
				<timestamp>376.284466</timestamp>
			</report>
			<report>
				<misses>2355001</misses>
				<total>321</total>
				<timestamp>376.444209</timestamp>
			</report>
			<report>
				<misses>2356001</misses>
				<total>321</total>
				<timestamp>376.604024</timestamp>
			</report>
			<report>
				<misses>2357001</misses>
				<total>321</total>
				<timestamp>376.763942</timestamp>
			</report>
			<report>
				<misses>2358001</misses>
				<total>321</total>
				<timestamp>376.923797</timestamp>
			</report>
			<report>
				<misses>2359001</misses>
				<total>321</total>
				<timestamp>377.083644</timestamp>
			</report>
			<report>
				<misses>2360001</misses>
				<total>321</total>
				<timestamp>377.243505</timestamp>
			</report>
			<report>
				<misses>2361001</misses>
				<total>321</total>
				<timestamp>377.403305</timestamp>
			</report>
			<report>
				<misses>2362001</misses>
				<total>321</total>
				<timestamp>377.563169</timestamp>
			</report>
			<report>
				<misses>2363001</misses>
				<total>321</total>
				<timestamp>377.723003</timestamp>
			</report>
			<report>
				<misses>2364001</misses>
				<total>321</total>
				<timestamp>377.882735</timestamp>
			</report>
			<report>
				<misses>2365001</misses>
				<total>321</total>
				<timestamp>378.042602</timestamp>
			</report>
			<report>
				<misses>2366001</misses>
				<total>321</total>
				<timestamp>378.202422</timestamp>
			</report>
			<report>
				<misses>2367001</misses>
				<total>321</total>
				<timestamp>378.362255</timestamp>
			</report>
			<report>
				<misses>2368001</misses>
				<total>321</total>
				<timestamp>378.522134</timestamp>
			</report>
			<report>
				<misses>2369001</misses>
				<total>321</total>
				<timestamp>378.682060</timestamp>
			</report>
			<report>
				<misses>2370001</misses>
				<total>321</total>
				<timestamp>378.841797</timestamp>
			</report>
			<report>
				<misses>2371001</misses>
				<total>321</total>
				<timestamp>379.001651</timestamp>
			</report>
			<report>
				<misses>2372001</misses>
				<total>321</total>
				<timestamp>379.161483</timestamp>
			</report>
			<report>
				<misses>2373001</misses>
				<total>321</total>
				<timestamp>379.321361</timestamp>
			</report>
			<report>
				<misses>2374001</misses>
				<total>321</total>
				<timestamp>379.481118</timestamp>
			</report>
			<report>
				<misses>2375001</misses>
				<total>321</total>
				<timestamp>379.640969</timestamp>
			</report>
			<report>
				<misses>2376001</misses>
				<total>321</total>
				<timestamp>379.800839</timestamp>
			</report>
			<report>
				<misses>2377001</misses>
				<total>321</total>
				<timestamp>379.960656</timestamp>
			</report>
			<report>
				<misses>2378001</misses>
				<total>321</total>
				<timestamp>380.120500</timestamp>
			</report>
			<report>
				<misses>2379001</misses>
				<total>321</total>
				<timestamp>380.280363</timestamp>
			</report>
			<report>
				<misses>2380001</misses>
				<total>321</total>
				<timestamp>380.440188</timestamp>
			</report>
			<report>
				<misses>2381001</misses>
				<total>320</total>
				<timestamp>380.600015</timestamp>
			</report>
			<report>
				<misses>2382001</misses>
				<total>321</total>
				<timestamp>380.759871</timestamp>
			</report>
			<report>
				<misses>2383001</misses>
				<total>322</total>
				<timestamp>380.919687</timestamp>
			</report>
			<report>
				<misses>2384001</misses>
				<total>322</total>
				<timestamp>381.079596</timestamp>
			</report>
			<report>
				<misses>2385001</misses>
				<total>322</total>
				<timestamp>381.239481</timestamp>
			</report>
			<report>
				<misses>2386001</misses>
				<total>322</total>
				<timestamp>381.399391</timestamp>
			</report>
			<report>
				<misses>2387001</misses>
				<total>322</total>
				<timestamp>381.559339</timestamp>
			</report>
			<report>
				<misses>2388001</misses>
				<total>322</total>
				<timestamp>381.719106</timestamp>
			</report>
			<report>
				<misses>2389001</misses>
				<total>322</total>
				<timestamp>381.878993</timestamp>
			</report>
			<report>
				<misses>2390001</misses>
				<total>322</total>
				<timestamp>382.038830</timestamp>
			</report>
			<report>
				<misses>2391001</misses>
				<total>322</total>
				<timestamp>382.198578</timestamp>
			</report>
			<report>
				<misses>2392001</misses>
				<total>322</total>
				<timestamp>382.358558</timestamp>
			</report>
			<report>
				<misses>2393001</misses>
				<total>322</total>
				<timestamp>382.518509</timestamp>
			</report>
			<report>
				<misses>2394001</misses>
				<total>322</total>
				<timestamp>382.678352</timestamp>
			</report>
			<report>
				<misses>2395001</misses>
				<total>322</total>
				<timestamp>382.838170</timestamp>
			</report>
			<report>
				<misses>2396001</misses>
				<total>322</total>
				<timestamp>382.997966</timestamp>
			</report>
			<report>
				<misses>2397001</misses>
				<total>322</total>
				<timestamp>383.157943</timestamp>
			</report>
			<report>
				<misses>2398001</misses>
				<total>322</total>
				<timestamp>383.317772</timestamp>
			</report>
			<report>
				<misses>2399001</misses>
				<total>322</total>
				<timestamp>383.477630</timestamp>
			</report>
			<report>
				<misses>2400001</misses>
				<total>322</total>
				<timestamp>383.637462</timestamp>
			</report>
			<report>
				<misses>2401001</misses>
				<total>322</total>
				<timestamp>383.797496</timestamp>
			</report>
			<report>
				<misses>2402001</misses>
				<total>322</total>
				<timestamp>383.957357</timestamp>
			</report>
			<report>
				<misses>2403001</misses>
				<total>322</total>
				<timestamp>384.117140</timestamp>
			</report>
			<report>
				<misses>2404001</misses>
				<total>322</total>
				<timestamp>384.277027</timestamp>
			</report>
			<report>
				<misses>2405001</misses>
				<total>322</total>
				<timestamp>384.436815</timestamp>
			</report>
			<report>
				<misses>2406001</misses>
				<total>322</total>
				<timestamp>384.596674</timestamp>
			</report>
			<report>
				<misses>2407001</misses>
				<total>322</total>
				<timestamp>384.756505</timestamp>
			</report>
			<report>
				<misses>2408001</misses>
				<total>322</total>
				<timestamp>384.916371</timestamp>
			</report>
			<report>
				<misses>2409001</misses>
				<total>322</total>
				<timestamp>385.076185</timestamp>
			</report>
			<report>
				<misses>2410001</misses>
				<total>322</total>
				<timestamp>385.236064</timestamp>
			</report>
			<report>
				<misses>2411001</misses>
				<total>322</total>
				<timestamp>385.395936</timestamp>
			</report>
			<report>
				<misses>2412001</misses>
				<total>322</total>
				<timestamp>385.555700</timestamp>
			</report>
			<report>
				<misses>2413001</misses>
				<total>322</total>
				<timestamp>385.715527</timestamp>
			</report>
			<report>
				<misses>2414001</misses>
				<total>322</total>
				<timestamp>385.875404</timestamp>
			</report>
			<report>
				<misses>2415001</misses>
				<total>322</total>
				<timestamp>386.035374</timestamp>
			</report>
			<report>
				<misses>2416001</misses>
				<total>322</total>
				<timestamp>386.195286</timestamp>
			</report>
			<report>
				<misses>2417001</misses>
				<total>322</total>
				<timestamp>386.355043</timestamp>
			</report>
			<report>
				<misses>2418001</misses>
				<total>322</total>
				<timestamp>386.514910</timestamp>
			</report>
			<report>
				<misses>2419001</misses>
				<total>322</total>
				<timestamp>386.674742</timestamp>
			</report>
			<report>
				<misses>2420001</misses>
				<total>322</total>
				<timestamp>386.834606</timestamp>
			</report>
			<report>
				<misses>2421001</misses>
				<total>322</total>
				<timestamp>386.994441</timestamp>
			</report>
			<report>
				<misses>2422001</misses>
				<total>322</total>
				<timestamp>387.154330</timestamp>
			</report>
			<report>
				<misses>2423001</misses>
				<total>322</total>
				<timestamp>387.314144</timestamp>
			</report>
			<report>
				<misses>2424001</misses>
				<total>322</total>
				<timestamp>387.473988</timestamp>
			</report>
			<report>
				<misses>2425001</misses>
				<total>322</total>
				<timestamp>387.633778</timestamp>
			</report>
			<report>
				<misses>2426001</misses>
				<total>323</total>
				<timestamp>387.793645</timestamp>
			</report>
			<report>
				<misses>2427001</misses>
				<total>323</total>
				<timestamp>387.953448</timestamp>
			</report>
			<report>
				<misses>2428001</misses>
				<total>323</total>
				<timestamp>388.113335</timestamp>
			</report>
			<report>
				<misses>2429001</misses>
				<total>323</total>
				<timestamp>388.273188</timestamp>
			</report>
			<report>
				<misses>2430001</misses>
				<total>323</total>
				<timestamp>388.432960</timestamp>
			</report>
			<report>
				<misses>2431001</misses>
				<total>323</total>
				<timestamp>388.592833</timestamp>
			</report>
			<report>
				<misses>2432001</misses>
				<total>323</total>
				<timestamp>388.752677</timestamp>
			</report>
			<report>
				<misses>2433001</misses>
				<total>322</total>
				<timestamp>388.912499</timestamp>
			</report>
			<report>
				<misses>2434001</misses>
				<total>323</total>
				<timestamp>389.072365</timestamp>
			</report>
			<report>
				<misses>2435001</misses>
				<total>323</total>
				<timestamp>389.232189</timestamp>
			</report>
			<report>
				<misses>2436001</misses>
				<total>323</total>
				<timestamp>389.392034</timestamp>
			</report>
			<report>
				<misses>2437001</misses>
				<total>323</total>
				<timestamp>389.551861</timestamp>
			</report>
			<report>
				<misses>2438001</misses>
				<total>323</total>
				<timestamp>389.711694</timestamp>
			</report>
			<report>
				<misses>2439001</misses>
				<total>323</total>
				<timestamp>389.871520</timestamp>
			</report>
			<report>
				<misses>2440001</misses>
				<total>323</total>
				<timestamp>390.031410</timestamp>
			</report>
			<report>
				<misses>2441001</misses>
				<total>323</total>
				<timestamp>390.191273</timestamp>
			</report>
			<report>
				<misses>2442001</misses>
				<total>323</total>
				<timestamp>390.351046</timestamp>
			</report>
			<report>
				<misses>2443001</misses>
				<total>323</total>
				<timestamp>390.510893</timestamp>
			</report>
			<report>
				<misses>2444001</misses>
				<total>323</total>
				<timestamp>390.670749</timestamp>
			</report>
			<report>
				<misses>2445001</misses>
				<total>323</total>
				<timestamp>390.830600</timestamp>
			</report>
			<report>
				<misses>2446001</misses>
				<total>323</total>
				<timestamp>390.990423</timestamp>
			</report>
			<report>
				<misses>2447001</misses>
				<total>323</total>
				<timestamp>391.150288</timestamp>
			</report>
			<report>
				<misses>2448001</misses>
				<total>323</total>
				<timestamp>391.310098</timestamp>
			</report>
			<report>
				<misses>2449001</misses>
				<total>322</total>
				<timestamp>391.469954</timestamp>
			</report>
			<report>
				<misses>2450001</misses>
				<total>323</total>
				<timestamp>391.629772</timestamp>
			</report>
			<report>
				<misses>2451001</misses>
				<total>327</total>
				<timestamp>391.789622</timestamp>
			</report>
			<report>
				<misses>2452001</misses>
				<total>327</total>
				<timestamp>391.949464</timestamp>
			</report>
			<report>
				<misses>2453001</misses>
				<total>329</total>
				<timestamp>392.109330</timestamp>
			</report>
			<report>
				<misses>2454001</misses>
				<total>329</total>
				<timestamp>392.269187</timestamp>
			</report>
			<report>
				<misses>2455001</misses>
				<total>329</total>
				<timestamp>392.428976</timestamp>
			</report>
			<report>
				<misses>2456001</misses>
				<total>329</total>
				<timestamp>392.588834</timestamp>
			</report>
			<report>
				<misses>2457001</misses>
				<total>329</total>
				<timestamp>392.748685</timestamp>
			</report>
			<report>
				<misses>2458001</misses>
				<total>331</total>
				<timestamp>392.908490</timestamp>
			</report>
			<report>
				<misses>2459001</misses>
				<total>331</total>
				<timestamp>393.068353</timestamp>
			</report>
			<report>
				<misses>2460001</misses>
				<total>331</total>
				<timestamp>393.228184</timestamp>
			</report>
			<report>
				<misses>2461001</misses>
				<total>331</total>
				<timestamp>393.388012</timestamp>
			</report>
			<report>
				<misses>2462001</misses>
				<total>331</total>
				<timestamp>393.547859</timestamp>
			</report>
			<report>
				<misses>2463001</misses>
				<total>331</total>
				<timestamp>393.707706</timestamp>
			</report>
			<report>
				<misses>2464001</misses>
				<total>331</total>
				<timestamp>393.867599</timestamp>
			</report>
			<report>
				<misses>2465001</misses>
				<total>331</total>
				<timestamp>394.027496</timestamp>
			</report>
			<report>
				<misses>2466001</misses>
				<total>333</total>
				<timestamp>394.187363</timestamp>
			</report>
			<report>
				<misses>2467001</misses>
				<total>333</total>
				<timestamp>394.347266</timestamp>
			</report>
			<report>
				<misses>2468001</misses>
				<total>333</total>
				<timestamp>394.507045</timestamp>
			</report>
			<report>
				<misses>2469001</misses>
				<total>333</total>
				<timestamp>394.666975</timestamp>
			</report>
			<report>
				<misses>2470001</misses>
				<total>333</total>
				<timestamp>394.826784</timestamp>
			</report>
			<report>
				<misses>2471001</misses>
				<total>333</total>
				<timestamp>394.986558</timestamp>
			</report>
			<report>
				<misses>2472001</misses>
				<total>333</total>
				<timestamp>395.146434</timestamp>
			</report>
			<report>
				<misses>2473001</misses>
				<total>333</total>
				<timestamp>395.306381</timestamp>
			</report>
			<report>
				<misses>2474001</misses>
				<total>333</total>
				<timestamp>395.466137</timestamp>
			</report>
			<report>
				<misses>2475001</misses>
				<total>333</total>
				<timestamp>395.625927</timestamp>
			</report>
			<report>
				<misses>2476001</misses>
				<total>333</total>
				<timestamp>395.785804</timestamp>
			</report>
			<report>
				<misses>2477001</misses>
				<total>333</total>
				<timestamp>395.945598</timestamp>
			</report>
			<report>
				<misses>2478001</misses>
				<total>333</total>
				<timestamp>396.105556</timestamp>
			</report>
			<report>
				<misses>2479001</misses>
				<total>333</total>
				<timestamp>396.265415</timestamp>
			</report>
			<report>
				<misses>2480001</misses>
				<total>333</total>
				<timestamp>396.425231</timestamp>
			</report>
			<report>
				<misses>2481001</misses>
				<total>333</total>
				<timestamp>396.585113</timestamp>
			</report>
			<report>
				<misses>2482001</misses>
				<total>333</total>
				<timestamp>396.745067</timestamp>
			</report>
			<report>
				<misses>2483001</misses>
				<total>333</total>
				<timestamp>396.904829</timestamp>
			</report>
			<report>
				<misses>2484001</misses>
				<total>333</total>
				<timestamp>397.064662</timestamp>
			</report>
			<report>
				<misses>2485001</misses>
				<total>333</total>
				<timestamp>397.224499</timestamp>
			</report>
			<report>
				<misses>2486001</misses>
				<total>332</total>
				<timestamp>397.384378</timestamp>
			</report>
			<report>
				<misses>2487001</misses>
				<total>333</total>
				<timestamp>397.544205</timestamp>
			</report>
			<report>
				<misses>2488001</misses>
				<total>333</total>
				<timestamp>397.704026</timestamp>
			</report>
			<report>
				<misses>2489001</misses>
				<total>333</total>
				<timestamp>397.863844</timestamp>
			</report>
			<report>
				<misses>2490001</misses>
				<total>333</total>
				<timestamp>398.023689</timestamp>
			</report>
			<report>
				<misses>2491001</misses>
				<total>333</total>
				<timestamp>398.183539</timestamp>
			</report>
			<report>
				<misses>2492001</misses>
				<total>333</total>
				<timestamp>398.343377</timestamp>
			</report>
			<report>
				<misses>2493001</misses>
				<total>333</total>
				<timestamp>398.503236</timestamp>
			</report>
			<report>
				<misses>2494001</misses>
				<total>333</total>
				<timestamp>398.663049</timestamp>
			</report>
			<report>
				<misses>2495001</misses>
				<total>333</total>
				<timestamp>398.822899</timestamp>
			</report>
			<report>
				<misses>2496001</misses>
				<total>333</total>
				<timestamp>398.982731</timestamp>
			</report>
			<report>
				<misses>2497001</misses>
				<total>333</total>
				<timestamp>399.142570</timestamp>
			</report>
			<report>
				<misses>2498001</misses>
				<total>333</total>
				<timestamp>399.302426</timestamp>
			</report>
			<report>
				<misses>2499001</misses>
				<total>333</total>
				<timestamp>399.462264</timestamp>
			</report>
			<report>
				<misses>2500001</misses>
				<total>333</total>
				<timestamp>399.622096</timestamp>
			</report>
			<report>
				<misses>2501001</misses>
				<total>333</total>
				<timestamp>399.781970</timestamp>
			</report>
			<report>
				<misses>2502001</misses>
				<total>333</total>
				<timestamp>399.941824</timestamp>
			</report>
			<report>
				<misses>2503001</misses>
				<total>333</total>
				<timestamp>400.101685</timestamp>
			</report>
			<report>
				<misses>2504001</misses>
				<total>333</total>
				<timestamp>400.261571</timestamp>
			</report>
			<report>
				<misses>2505001</misses>
				<total>333</total>
				<timestamp>400.421360</timestamp>
			</report>
			<report>
				<misses>2506001</misses>
				<total>333</total>
				<timestamp>400.581265</timestamp>
			</report>
			<report>
				<misses>2507001</misses>
				<total>333</total>
				<timestamp>400.741046</timestamp>
			</report>
			<report>
				<misses>2508001</misses>
				<total>333</total>
				<timestamp>400.900843</timestamp>
			</report>
			<report>
				<misses>2509001</misses>
				<total>333</total>
				<timestamp>401.060753</timestamp>
			</report>
			<report>
				<misses>2510001</misses>
				<total>333</total>
				<timestamp>401.220609</timestamp>
			</report>
			<report>
				<misses>2511001</misses>
				<total>332</total>
				<timestamp>401.380384</timestamp>
			</report>
			<report>
				<misses>2512001</misses>
				<total>333</total>
				<timestamp>401.540252</timestamp>
			</report>
			<report>
				<misses>2513001</misses>
				<total>333</total>
				<timestamp>401.699999</timestamp>
			</report>
			<report>
				<misses>2514001</misses>
				<total>333</total>
				<timestamp>401.859858</timestamp>
			</report>
			<report>
				<misses>2515001</misses>
				<total>333</total>
				<timestamp>402.019695</timestamp>
			</report>
			<report>
				<misses>2516001</misses>
				<total>332</total>
				<timestamp>402.179550</timestamp>
			</report>
			<report>
				<misses>2517001</misses>
				<total>333</total>
				<timestamp>402.339418</timestamp>
			</report>
			<report>
				<misses>2518001</misses>
				<total>333</total>
				<timestamp>402.499273</timestamp>
			</report>
			<report>
				<misses>2519001</misses>
				<total>333</total>
				<timestamp>402.659094</timestamp>
			</report>
			<report>
				<misses>2520001</misses>
				<total>333</total>
				<timestamp>402.818907</timestamp>
			</report>
			<report>
				<misses>2521001</misses>
				<total>333</total>
				<timestamp>402.978837</timestamp>
			</report>
			<report>
				<misses>2522001</misses>
				<total>333</total>
				<timestamp>403.138696</timestamp>
			</report>
			<report>
				<misses>2523001</misses>
				<total>333</total>
				<timestamp>403.298425</timestamp>
			</report>
			<report>
				<misses>2524001</misses>
				<total>333</total>
				<timestamp>403.458340</timestamp>
			</report>
			<report>
				<misses>2525001</misses>
				<total>333</total>
				<timestamp>403.618106</timestamp>
			</report>
			<report>
				<misses>2526001</misses>
				<total>333</total>
				<timestamp>403.778053</timestamp>
			</report>
			<report>
				<misses>2527001</misses>
				<total>333</total>
				<timestamp>403.937760</timestamp>
			</report>
			<report>
				<misses>2528001</misses>
				<total>333</total>
				<timestamp>404.097721</timestamp>
			</report>
			<report>
				<misses>2529001</misses>
				<total>333</total>
				<timestamp>404.257454</timestamp>
			</report>
			<report>
				<misses>2530001</misses>
				<total>333</total>
				<timestamp>404.417340</timestamp>
			</report>
			<report>
				<misses>2531001</misses>
				<total>333</total>
				<timestamp>404.577160</timestamp>
			</report>
			<report>
				<misses>2532001</misses>
				<total>333</total>
				<timestamp>404.737103</timestamp>
			</report>
			<report>
				<misses>2533001</misses>
				<total>333</total>
				<timestamp>404.896859</timestamp>
			</report>
			<report>
				<misses>2534001</misses>
				<total>333</total>
				<timestamp>405.056653</timestamp>
			</report>
			<report>
				<misses>2535001</misses>
				<total>333</total>
				<timestamp>405.216533</timestamp>
			</report>
			<report>
				<misses>2536001</misses>
				<total>333</total>
				<timestamp>405.376350</timestamp>
			</report>
			<report>
				<misses>2537001</misses>
				<total>333</total>
				<timestamp>405.536205</timestamp>
			</report>
			<report>
				<misses>2538001</misses>
				<total>333</total>
				<timestamp>405.696033</timestamp>
			</report>
			<report>
				<misses>2539001</misses>
				<total>332</total>
				<timestamp>405.855861</timestamp>
			</report>
			<report>
				<misses>2540001</misses>
				<total>333</total>
				<timestamp>406.015729</timestamp>
			</report>
			<report>
				<misses>2541001</misses>
				<total>333</total>
				<timestamp>406.175548</timestamp>
			</report>
			<report>
				<misses>2542001</misses>
				<total>333</total>
				<timestamp>406.335391</timestamp>
			</report>
			<report>
				<misses>2543001</misses>
				<total>333</total>
				<timestamp>406.495272</timestamp>
			</report>
			<report>
				<misses>2544001</misses>
				<total>333</total>
				<timestamp>406.655169</timestamp>
			</report>
			<report>
				<misses>2545001</misses>
				<total>333</total>
				<timestamp>406.814889</timestamp>
			</report>
			<report>
				<misses>2546001</misses>
				<total>333</total>
				<timestamp>406.974752</timestamp>
			</report>
			<report>
				<misses>2547001</misses>
				<total>333</total>
				<timestamp>407.134557</timestamp>
			</report>
			<report>
				<misses>2548001</misses>
				<total>332</total>
				<timestamp>407.294411</timestamp>
			</report>
			<report>
				<misses>2549001</misses>
				<total>333</total>
				<timestamp>407.454298</timestamp>
			</report>
			<report>
				<misses>2550001</misses>
				<total>333</total>
				<timestamp>407.614115</timestamp>
			</report>
			<report>
				<misses>2551001</misses>
				<total>332</total>
				<timestamp>407.773941</timestamp>
			</report>
			<report>
				<misses>2552001</misses>
				<total>333</total>
				<timestamp>407.933777</timestamp>
			</report>
			<report>
				<misses>2553001</misses>
				<total>333</total>
				<timestamp>408.093630</timestamp>
			</report>
			<report>
				<misses>2554001</misses>
				<total>333</total>
				<timestamp>408.253466</timestamp>
			</report>
			<report>
				<misses>2555001</misses>
				<total>333</total>
				<timestamp>408.413306</timestamp>
			</report>
			<report>
				<misses>2556001</misses>
				<total>333</total>
				<timestamp>408.573153</timestamp>
			</report>
			<report>
				<misses>2557001</misses>
				<total>333</total>
				<timestamp>408.732972</timestamp>
			</report>
			<report>
				<misses>2558001</misses>
				<total>333</total>
				<timestamp>408.892827</timestamp>
			</report>
			<report>
				<misses>2559001</misses>
				<total>333</total>
				<timestamp>409.052686</timestamp>
			</report>
			<report>
				<misses>2560001</misses>
				<total>333</total>
				<timestamp>409.212490</timestamp>
			</report>
			<report>
				<misses>2561001</misses>
				<total>333</total>
				<timestamp>409.372342</timestamp>
			</report>
			<report>
				<misses>2562001</misses>
				<total>333</total>
				<timestamp>409.532233</timestamp>
			</report>
			<report>
				<misses>2563001</misses>
				<total>332</total>
				<timestamp>409.692014</timestamp>
			</report>
			<report>
				<misses>2564001</misses>
				<total>333</total>
				<timestamp>409.851847</timestamp>
			</report>
			<report>
				<misses>2565001</misses>
				<total>333</total>
				<timestamp>410.011686</timestamp>
			</report>
			<report>
				<misses>2566001</misses>
				<total>334</total>
				<timestamp>410.171565</timestamp>
			</report>
			<report>
				<misses>2567001</misses>
				<total>334</total>
				<timestamp>410.331364</timestamp>
			</report>
			<report>
				<misses>2568001</misses>
				<total>337</total>
				<timestamp>410.491256</timestamp>
			</report>
			<report>
				<misses>2569001</misses>
				<total>337</total>
				<timestamp>410.651047</timestamp>
			</report>
			<report>
				<misses>2570001</misses>
				<total>337</total>
				<timestamp>410.810872</timestamp>
			</report>
			<report>
				<misses>2571001</misses>
				<total>337</total>
				<timestamp>410.970721</timestamp>
			</report>
			<report>
				<misses>2572001</misses>
				<total>338</total>
				<timestamp>411.130567</timestamp>
			</report>
			<report>
				<misses>2573001</misses>
				<total>338</total>
				<timestamp>411.290400</timestamp>
			</report>
			<report>
				<misses>2574001</misses>
				<total>338</total>
				<timestamp>411.450282</timestamp>
			</report>
			<report>
				<misses>2575001</misses>
				<total>338</total>
				<timestamp>411.610085</timestamp>
			</report>
			<report>
				<misses>2576001</misses>
				<total>338</total>
				<timestamp>411.769926</timestamp>
			</report>
			<report>
				<misses>2577001</misses>
				<total>339</total>
				<timestamp>411.929772</timestamp>
			</report>
			<report>
				<misses>2578001</misses>
				<total>339</total>
				<timestamp>412.089610</timestamp>
			</report>
			<report>
				<misses>2579001</misses>
				<total>339</total>
				<timestamp>412.249449</timestamp>
			</report>
			<report>
				<misses>2580001</misses>
				<total>339</total>
				<timestamp>412.409319</timestamp>
			</report>
			<report>
				<misses>2581001</misses>
				<total>339</total>
				<timestamp>412.569169</timestamp>
			</report>
			<report>
				<misses>2582001</misses>
				<total>339</total>
				<timestamp>412.728993</timestamp>
			</report>
			<report>
				<misses>2583001</misses>
				<total>339</total>
				<timestamp>412.888809</timestamp>
			</report>
			<report>
				<misses>2584001</misses>
				<total>338</total>
				<timestamp>413.048662</timestamp>
			</report>
			<report>
				<misses>2585001</misses>
				<total>339</total>
				<timestamp>413.208490</timestamp>
			</report>
			<report>
				<misses>2586001</misses>
				<total>339</total>
				<timestamp>413.368336</timestamp>
			</report>
			<report>
				<misses>2587001</misses>
				<total>339</total>
				<timestamp>413.528189</timestamp>
			</report>
			<report>
				<misses>2588001</misses>
				<total>339</total>
				<timestamp>413.688029</timestamp>
			</report>
			<report>
				<misses>2589001</misses>
				<total>339</total>
				<timestamp>413.847863</timestamp>
			</report>
			<report>
				<misses>2590001</misses>
				<total>340</total>
				<timestamp>414.007696</timestamp>
			</report>
			<report>
				<misses>2591001</misses>
				<total>340</total>
				<timestamp>414.167516</timestamp>
			</report>
			<report>
				<misses>2592001</misses>
				<total>340</total>
				<timestamp>414.327392</timestamp>
			</report>
			<report>
				<misses>2593001</misses>
				<total>349</total>
				<timestamp>414.487214</timestamp>
			</report>
			<report>
				<misses>2594001</misses>
				<total>349</total>
				<timestamp>414.647077</timestamp>
			</report>
			<report>
				<misses>2595001</misses>
				<total>349</total>
				<timestamp>414.806924</timestamp>
			</report>
			<report>
				<misses>2596001</misses>
				<total>349</total>
				<timestamp>414.966742</timestamp>
			</report>
			<report>
				<misses>2597001</misses>
				<total>349</total>
				<timestamp>415.126637</timestamp>
			</report>
			<report>
				<misses>2598001</misses>
				<total>349</total>
				<timestamp>415.286548</timestamp>
			</report>
			<report>
				<misses>2599001</misses>
				<total>349</total>
				<timestamp>415.446294</timestamp>
			</report>
			<report>
				<misses>2600001</misses>
				<total>349</total>
				<timestamp>415.606245</timestamp>
			</report>
			<report>
				<misses>2601001</misses>
				<total>349</total>
				<timestamp>415.766153</timestamp>
			</report>
			<report>
				<misses>2602001</misses>
				<total>349</total>
				<timestamp>415.925977</timestamp>
			</report>
			<report>
				<misses>2603001</misses>
				<total>349</total>
				<timestamp>416.085795</timestamp>
			</report>
			<report>
				<misses>2604001</misses>
				<total>349</total>
				<timestamp>416.245646</timestamp>
			</report>
			<report>
				<misses>2605001</misses>
				<total>349</total>
				<timestamp>416.405442</timestamp>
			</report>
			<report>
				<misses>2606001</misses>
				<total>349</total>
				<timestamp>416.565305</timestamp>
			</report>
			<report>
				<misses>2607001</misses>
				<total>349</total>
				<timestamp>416.725135</timestamp>
			</report>
			<report>
				<misses>2608001</misses>
				<total>349</total>
				<timestamp>416.885005</timestamp>
			</report>
			<report>
				<misses>2609001</misses>
				<total>349</total>
				<timestamp>417.044878</timestamp>
			</report>
			<report>
				<misses>2610001</misses>
				<total>349</total>
				<timestamp>417.204758</timestamp>
			</report>
			<report>
				<misses>2611001</misses>
				<total>349</total>
				<timestamp>417.364525</timestamp>
			</report>
			<report>
				<misses>2612001</misses>
				<total>349</total>
				<timestamp>417.524526</timestamp>
			</report>
			<report>
				<misses>2613001</misses>
				<total>349</total>
				<timestamp>417.684384</timestamp>
			</report>
			<report>
				<misses>2614001</misses>
				<total>349</total>
				<timestamp>417.844289</timestamp>
			</report>
			<report>
				<misses>2615001</misses>
				<total>349</total>
				<timestamp>418.004153</timestamp>
			</report>
			<report>
				<misses>2616001</misses>
				<total>349</total>
				<timestamp>418.164011</timestamp>
			</report>
			<report>
				<misses>2617001</misses>
				<total>349</total>
				<timestamp>418.323984</timestamp>
			</report>
			<report>
				<misses>2618001</misses>
				<total>349</total>
				<timestamp>418.483694</timestamp>
			</report>
			<report>
				<misses>2619001</misses>
				<total>349</total>
				<timestamp>418.643546</timestamp>
			</report>
			<report>
				<misses>2620001</misses>
				<total>349</total>
				<timestamp>418.803452</timestamp>
			</report>
			<report>
				<misses>2621001</misses>
				<total>349</total>
				<timestamp>418.963302</timestamp>
			</report>
			<report>
				<misses>2622001</misses>
				<total>349</total>
				<timestamp>419.123175</timestamp>
			</report>
			<report>
				<misses>2623001</misses>
				<total>349</total>
				<timestamp>419.282955</timestamp>
			</report>
			<report>
				<misses>2624001</misses>
				<total>349</total>
				<timestamp>419.442810</timestamp>
			</report>
			<report>
				<misses>2625001</misses>
				<total>349</total>
				<timestamp>419.602634</timestamp>
			</report>
			<report>
				<misses>2626001</misses>
				<total>351</total>
				<timestamp>419.762511</timestamp>
			</report>
			<report>
				<misses>2627001</misses>
				<total>351</total>
				<timestamp>419.922320</timestamp>
			</report>
			<report>
				<misses>2628001</misses>
				<total>351</total>
				<timestamp>420.082214</timestamp>
			</report>
			<report>
				<misses>2629001</misses>
				<total>351</total>
				<timestamp>420.241936</timestamp>
			</report>
			<report>
				<misses>2630001</misses>
				<total>351</total>
				<timestamp>420.401771</timestamp>
			</report>
			<report>
				<misses>2631001</misses>
				<total>351</total>
				<timestamp>420.561677</timestamp>
			</report>
			<report>
				<misses>2632001</misses>
				<total>351</total>
				<timestamp>420.721495</timestamp>
			</report>
			<report>
				<misses>2633001</misses>
				<total>351</total>
				<timestamp>420.881468</timestamp>
			</report>
			<report>
				<misses>2634001</misses>
				<total>351</total>
				<timestamp>421.041392</timestamp>
			</report>
			<report>
				<misses>2635001</misses>
				<total>351</total>
				<timestamp>421.201234</timestamp>
			</report>
			<report>
				<misses>2636001</misses>
				<total>351</total>
				<timestamp>421.361101</timestamp>
			</report>
			<report>
				<misses>2637001</misses>
				<total>351</total>
				<timestamp>421.520849</timestamp>
			</report>
			<report>
				<misses>2638001</misses>
				<total>351</total>
				<timestamp>421.680739</timestamp>
			</report>
			<report>
				<misses>2639001</misses>
				<total>351</total>
				<timestamp>421.840606</timestamp>
			</report>
			<report>
				<misses>2640001</misses>
				<total>351</total>
				<timestamp>422.000346</timestamp>
			</report>
			<report>
				<misses>2641001</misses>
				<total>351</total>
				<timestamp>422.160220</timestamp>
			</report>
			<report>
				<misses>2642001</misses>
				<total>351</total>
				<timestamp>422.320157</timestamp>
			</report>
			<report>
				<misses>2643001</misses>
				<total>351</total>
				<timestamp>422.480059</timestamp>
			</report>
			<report>
				<misses>2644001</misses>
				<total>351</total>
				<timestamp>422.639899</timestamp>
			</report>
			<report>
				<misses>2645001</misses>
				<total>351</total>
				<timestamp>422.799778</timestamp>
			</report>
			<report>
				<misses>2646001</misses>
				<total>351</total>
				<timestamp>422.959531</timestamp>
			</report>
			<report>
				<misses>2647001</misses>
				<total>351</total>
				<timestamp>423.119376</timestamp>
			</report>
			<report>
				<misses>2648001</misses>
				<total>351</total>
				<timestamp>423.279335</timestamp>
			</report>
			<report>
				<misses>2649001</misses>
				<total>350</total>
				<timestamp>423.439180</timestamp>
			</report>
			<report>
				<misses>2650001</misses>
				<total>351</total>
				<timestamp>423.598892</timestamp>
			</report>
			<report>
				<misses>2651001</misses>
				<total>351</total>
				<timestamp>423.758733</timestamp>
			</report>
			<report>
				<misses>2652001</misses>
				<total>351</total>
				<timestamp>423.918567</timestamp>
			</report>
			<report>
				<misses>2653001</misses>
				<total>351</total>
				<timestamp>424.078434</timestamp>
			</report>
			<report>
				<misses>2654001</misses>
				<total>350</total>
				<timestamp>424.238419</timestamp>
			</report>
			<report>
				<misses>2655001</misses>
				<total>351</total>
				<timestamp>424.398316</timestamp>
			</report>
			<report>
				<misses>2656001</misses>
				<total>351</total>
				<timestamp>424.558123</timestamp>
			</report>
			<report>
				<misses>2657001</misses>
				<total>351</total>
				<timestamp>424.717939</timestamp>
			</report>
			<report>
				<misses>2658001</misses>
				<total>351</total>
				<timestamp>424.877787</timestamp>
			</report>
			<report>
				<misses>2659001</misses>
				<total>351</total>
				<timestamp>425.037643</timestamp>
			</report>
			<report>
				<misses>2660001</misses>
				<total>351</total>
				<timestamp>425.197440</timestamp>
			</report>
			<report>
				<misses>2661001</misses>
				<total>351</total>
				<timestamp>425.357309</timestamp>
			</report>
			<report>
				<misses>2662001</misses>
				<total>351</total>
				<timestamp>425.517189</timestamp>
			</report>
			<report>
				<misses>2663001</misses>
				<total>351</total>
				<timestamp>425.676981</timestamp>
			</report>
			<report>
				<misses>2664001</misses>
				<total>351</total>
				<timestamp>425.836820</timestamp>
			</report>
			<report>
				<misses>2665001</misses>
				<total>351</total>
				<timestamp>425.996643</timestamp>
			</report>
			<report>
				<misses>2666001</misses>
				<total>351</total>
				<timestamp>426.156637</timestamp>
			</report>
			<report>
				<misses>2667001</misses>
				<total>351</total>
				<timestamp>426.316482</timestamp>
			</report>
			<report>
				<misses>2668001</misses>
				<total>351</total>
				<timestamp>426.476406</timestamp>
			</report>
			<report>
				<misses>2669001</misses>
				<total>351</total>
				<timestamp>426.636202</timestamp>
			</report>
			<report>
				<misses>2670001</misses>
				<total>351</total>
				<timestamp>426.796058</timestamp>
			</report>
			<report>
				<misses>2671001</misses>
				<total>351</total>
				<timestamp>426.955902</timestamp>
			</report>
			<report>
				<misses>2672001</misses>
				<total>351</total>
				<timestamp>427.115759</timestamp>
			</report>
			<report>
				<misses>2673001</misses>
				<total>354</total>
				<timestamp>427.275544</timestamp>
			</report>
			<report>
				<misses>2674001</misses>
				<total>354</total>
				<timestamp>427.435403</timestamp>
			</report>
			<report>
				<misses>2675001</misses>
				<total>354</total>
				<timestamp>427.595303</timestamp>
			</report>
			<report>
				<misses>2676001</misses>
				<total>354</total>
				<timestamp>427.755074</timestamp>
			</report>
			<report>
				<misses>2677001</misses>
				<total>354</total>
				<timestamp>427.914906</timestamp>
			</report>
			<report>
				<misses>2678001</misses>
				<total>354</total>
				<timestamp>428.074749</timestamp>
			</report>
			<report>
				<misses>2679001</misses>
				<total>354</total>
				<timestamp>428.234568</timestamp>
			</report>
			<report>
				<misses>2680001</misses>
				<total>354</total>
				<timestamp>428.394424</timestamp>
			</report>
			<report>
				<misses>2681001</misses>
				<total>354</total>
				<timestamp>428.554268</timestamp>
			</report>
			<report>
				<misses>2682001</misses>
				<total>354</total>
				<timestamp>428.714123</timestamp>
			</report>
			<report>
				<misses>2683001</misses>
				<total>354</total>
				<timestamp>428.873978</timestamp>
			</report>
			<report>
				<misses>2684001</misses>
				<total>357</total>
				<timestamp>429.033761</timestamp>
			</report>
			<report>
				<misses>2685001</misses>
				<total>357</total>
				<timestamp>429.193620</timestamp>
			</report>
			<report>
				<misses>2686001</misses>
				<total>356</total>
				<timestamp>429.353503</timestamp>
			</report>
			<report>
				<misses>2687001</misses>
				<total>357</total>
				<timestamp>429.513321</timestamp>
			</report>
			<report>
				<misses>2688001</misses>
				<total>357</total>
				<timestamp>429.673174</timestamp>
			</report>
			<report>
				<misses>2689001</misses>
				<total>357</total>
				<timestamp>429.833017</timestamp>
			</report>
			<report>
				<misses>2690001</misses>
				<total>357</total>
				<timestamp>429.992801</timestamp>
			</report>
			<report>
				<misses>2691001</misses>
				<total>357</total>
				<timestamp>430.152646</timestamp>
			</report>
			<report>
				<misses>2692001</misses>
				<total>367</total>
				<timestamp>430.312506</timestamp>
			</report>
			<report>
				<misses>2693001</misses>
				<total>367</total>
				<timestamp>430.472327</timestamp>
			</report>
			<report>
				<misses>2694001</misses>
				<total>367</total>
				<timestamp>430.632208</timestamp>
			</report>
			<report>
				<misses>2695001</misses>
				<total>367</total>
				<timestamp>430.792036</timestamp>
			</report>
			<report>
				<misses>2696001</misses>
				<total>367</total>
				<timestamp>430.951899</timestamp>
			</report>
			<report>
				<misses>2697001</misses>
				<total>367</total>
				<timestamp>431.111721</timestamp>
			</report>
			<report>
				<misses>2698001</misses>
				<total>367</total>
				<timestamp>431.271528</timestamp>
			</report>
			<report>
				<misses>2699001</misses>
				<total>367</total>
				<timestamp>431.431403</timestamp>
			</report>
			<report>
				<misses>2700001</misses>
				<total>367</total>
				<timestamp>431.591240</timestamp>
			</report>
			<report>
				<misses>2701001</misses>
				<total>367</total>
				<timestamp>431.751157</timestamp>
			</report>
			<report>
				<misses>2702001</misses>
				<total>367</total>
				<timestamp>431.910885</timestamp>
			</report>
			<report>
				<misses>2703001</misses>
				<total>367</total>
				<timestamp>432.070715</timestamp>
			</report>
			<report>
				<misses>2704001</misses>
				<total>367</total>
				<timestamp>432.230615</timestamp>
			</report>
			<report>
				<misses>2705001</misses>
				<total>367</total>
				<timestamp>432.390447</timestamp>
			</report>
			<report>
				<misses>2706001</misses>
				<total>367</total>
				<timestamp>432.550265</timestamp>
			</report>
			<report>
				<misses>2707001</misses>
				<total>366</total>
				<timestamp>432.710204</timestamp>
			</report>
			<report>
				<misses>2708001</misses>
				<total>367</total>
				<timestamp>432.869986</timestamp>
			</report>
			<report>
				<misses>2709001</misses>
				<total>367</total>
				<timestamp>433.029808</timestamp>
			</report>
			<report>
				<misses>2710001</misses>
				<total>367</total>
				<timestamp>433.189702</timestamp>
			</report>
			<report>
				<misses>2711001</misses>
				<total>367</total>
				<timestamp>433.349522</timestamp>
			</report>
			<report>
				<misses>2712001</misses>
				<total>368</total>
				<timestamp>433.509347</timestamp>
			</report>
			<report>
				<misses>2713001</misses>
				<total>368</total>
				<timestamp>433.669183</timestamp>
			</report>
			<report>
				<misses>2714001</misses>
				<total>368</total>
				<timestamp>433.829112</timestamp>
			</report>
			<report>
				<misses>2715001</misses>
				<total>368</total>
				<timestamp>433.988931</timestamp>
			</report>
			<report>
				<misses>2716001</misses>
				<total>368</total>
				<timestamp>434.148724</timestamp>
			</report>
			<report>
				<misses>2717001</misses>
				<total>368</total>
				<timestamp>434.308687</timestamp>
			</report>
			<report>
				<misses>2718001</misses>
				<total>368</total>
				<timestamp>434.468561</timestamp>
			</report>
			<report>
				<misses>2719001</misses>
				<total>368</total>
				<timestamp>434.628437</timestamp>
			</report>
			<report>
				<misses>2720001</misses>
				<total>368</total>
				<timestamp>434.788264</timestamp>
			</report>
			<report>
				<misses>2721001</misses>
				<total>368</total>
				<timestamp>434.948086</timestamp>
			</report>
			<report>
				<misses>2722001</misses>
				<total>368</total>
				<timestamp>435.107896</timestamp>
			</report>
			<report>
				<misses>2723001</misses>
				<total>368</total>
				<timestamp>435.267679</timestamp>
			</report>
			<report>
				<misses>2724001</misses>
				<total>368</total>
				<timestamp>435.427548</timestamp>
			</report>
			<report>
				<misses>2725001</misses>
				<total>368</total>
				<timestamp>435.587422</timestamp>
			</report>
			<report>
				<misses>2726001</misses>
				<total>368</total>
				<timestamp>435.747254</timestamp>
			</report>
			<report>
				<misses>2727001</misses>
				<total>368</total>
				<timestamp>435.907068</timestamp>
			</report>
			<report>
				<misses>2728001</misses>
				<total>368</total>
				<timestamp>436.066903</timestamp>
			</report>
			<report>
				<misses>2729001</misses>
				<total>368</total>
				<timestamp>436.226743</timestamp>
			</report>
			<report>
				<misses>2730001</misses>
				<total>368</total>
				<timestamp>436.386586</timestamp>
			</report>
			<report>
				<misses>2731001</misses>
				<total>367</total>
				<timestamp>436.546418</timestamp>
			</report>
			<report>
				<misses>2732001</misses>
				<total>368</total>
				<timestamp>436.706305</timestamp>
			</report>
			<report>
				<misses>2733001</misses>
				<total>368</total>
				<timestamp>436.866107</timestamp>
			</report>
			<report>
				<misses>2734001</misses>
				<total>369</total>
				<timestamp>437.026015</timestamp>
			</report>
			<report>
				<misses>2735001</misses>
				<total>369</total>
				<timestamp>437.185760</timestamp>
			</report>
			<report>
				<misses>2736001</misses>
				<total>369</total>
				<timestamp>437.345619</timestamp>
			</report>
			<report>
				<misses>2737001</misses>
				<total>369</total>
				<timestamp>437.505449</timestamp>
			</report>
			<report>
				<misses>2738001</misses>
				<total>369</total>
				<timestamp>437.665322</timestamp>
			</report>
			<report>
				<misses>2739001</misses>
				<total>369</total>
				<timestamp>437.825209</timestamp>
			</report>
			<report>
				<misses>2740001</misses>
				<total>369</total>
				<timestamp>437.984989</timestamp>
			</report>
			<report>
				<misses>2741001</misses>
				<total>369</total>
				<timestamp>438.144822</timestamp>
			</report>
			<report>
				<misses>2742001</misses>
				<total>369</total>
				<timestamp>438.304662</timestamp>
			</report>
			<report>
				<misses>2743001</misses>
				<total>369</total>
				<timestamp>438.464518</timestamp>
			</report>
			<report>
				<misses>2744001</misses>
				<total>368</total>
				<timestamp>438.624402</timestamp>
			</report>
			<report>
				<misses>2745001</misses>
				<total>369</total>
				<timestamp>438.784191</timestamp>
			</report>
			<report>
				<misses>2746001</misses>
				<total>369</total>
				<timestamp>438.944134</timestamp>
			</report>
			<report>
				<misses>2747001</misses>
				<total>369</total>
				<timestamp>439.103933</timestamp>
			</report>
			<report>
				<misses>2748001</misses>
				<total>369</total>
				<timestamp>439.263696</timestamp>
			</report>
			<report>
				<misses>2749001</misses>
				<total>369</total>
				<timestamp>439.423527</timestamp>
			</report>
			<report>
				<misses>2750001</misses>
				<total>369</total>
				<timestamp>439.583369</timestamp>
			</report>
			<report>
				<misses>2751001</misses>
				<total>369</total>
				<timestamp>439.743328</timestamp>
			</report>
			<report>
				<misses>2752001</misses>
				<total>369</total>
				<timestamp>439.903082</timestamp>
			</report>
			<report>
				<misses>2753001</misses>
				<total>369</total>
				<timestamp>440.062899</timestamp>
			</report>
			<report>
				<misses>2754001</misses>
				<total>369</total>
				<timestamp>440.222745</timestamp>
			</report>
			<report>
				<misses>2755001</misses>
				<total>369</total>
				<timestamp>440.382573</timestamp>
			</report>
			<report>
				<misses>2756001</misses>
				<total>369</total>
				<timestamp>440.542495</timestamp>
			</report>
			<report>
				<misses>2757001</misses>
				<total>369</total>
				<timestamp>440.702272</timestamp>
			</report>
			<report>
				<misses>2758001</misses>
				<total>369</total>
				<timestamp>440.862117</timestamp>
			</report>
			<report>
				<misses>2759001</misses>
				<total>369</total>
				<timestamp>441.022041</timestamp>
			</report>
			<report>
				<misses>2760001</misses>
				<total>369</total>
				<timestamp>441.181799</timestamp>
			</report>
			<report>
				<misses>2761001</misses>
				<total>369</total>
				<timestamp>441.341753</timestamp>
			</report>
			<report>
				<misses>2762001</misses>
				<total>369</total>
				<timestamp>441.501464</timestamp>
			</report>
			<report>
				<misses>2763001</misses>
				<total>368</total>
				<timestamp>441.661305</timestamp>
			</report>
			<report>
				<misses>2764001</misses>
				<total>369</total>
				<timestamp>441.821140</timestamp>
			</report>
			<report>
				<misses>2765001</misses>
				<total>369</total>
				<timestamp>441.980995</timestamp>
			</report>
			<report>
				<misses>2766001</misses>
				<total>369</total>
				<timestamp>442.140825</timestamp>
			</report>
			<report>
				<misses>2767001</misses>
				<total>369</total>
				<timestamp>442.300651</timestamp>
			</report>
			<report>
				<misses>2768001</misses>
				<total>369</total>
				<timestamp>442.460489</timestamp>
			</report>
			<report>
				<misses>2769001</misses>
				<total>369</total>
				<timestamp>442.620446</timestamp>
			</report>
			<report>
				<misses>2770001</misses>
				<total>369</total>
				<timestamp>442.780312</timestamp>
			</report>
			<report>
				<misses>2771001</misses>
				<total>369</total>
				<timestamp>442.940069</timestamp>
			</report>
			<report>
				<misses>2772001</misses>
				<total>369</total>
				<timestamp>443.099912</timestamp>
			</report>
			<report>
				<misses>2773001</misses>
				<total>369</total>
				<timestamp>443.259695</timestamp>
			</report>
			<report>
				<misses>2774001</misses>
				<total>369</total>
				<timestamp>443.419591</timestamp>
			</report>
			<report>
				<misses>2775001</misses>
				<total>369</total>
				<timestamp>443.579364</timestamp>
			</report>
			<report>
				<misses>2776001</misses>
				<total>369</total>
				<timestamp>443.739261</timestamp>
			</report>
			<report>
				<misses>2777001</misses>
				<total>369</total>
				<timestamp>443.899175</timestamp>
			</report>
			<report>
				<misses>2778001</misses>
				<total>369</total>
				<timestamp>444.058922</timestamp>
			</report>
			<report>
				<misses>2779001</misses>
				<total>369</total>
				<timestamp>444.218734</timestamp>
			</report>
			<report>
				<misses>2780001</misses>
				<total>369</total>
				<timestamp>444.378578</timestamp>
			</report>
			<report>
				<misses>2781001</misses>
				<total>369</total>
				<timestamp>444.538412</timestamp>
			</report>
			<report>
				<misses>2782001</misses>
				<total>369</total>
				<timestamp>444.698289</timestamp>
			</report>
			<report>
				<misses>2783001</misses>
				<total>369</total>
				<timestamp>444.858164</timestamp>
			</report>
			<report>
				<misses>2784001</misses>
				<total>370</total>
				<timestamp>445.017966</timestamp>
			</report>
			<report>
				<misses>2785001</misses>
				<total>370</total>
				<timestamp>445.177789</timestamp>
			</report>
			<report>
				<misses>2786001</misses>
				<total>370</total>
				<timestamp>445.337621</timestamp>
			</report>
			<report>
				<misses>2787001</misses>
				<total>370</total>
				<timestamp>445.497444</timestamp>
			</report>
			<report>
				<misses>2788001</misses>
				<total>370</total>
				<timestamp>445.657300</timestamp>
			</report>
			<report>
				<misses>2789001</misses>
				<total>370</total>
				<timestamp>445.817166</timestamp>
			</report>
			<report>
				<misses>2790001</misses>
				<total>370</total>
				<timestamp>445.977013</timestamp>
			</report>
			<report>
				<misses>2791001</misses>
				<total>370</total>
				<timestamp>446.136866</timestamp>
			</report>
			<report>
				<misses>2792001</misses>
				<total>370</total>
				<timestamp>446.296656</timestamp>
			</report>
			<report>
				<misses>2793001</misses>
				<total>370</total>
				<timestamp>446.456492</timestamp>
			</report>
			<report>
				<misses>2794001</misses>
				<total>370</total>
				<timestamp>446.616410</timestamp>
			</report>
			<report>
				<misses>2795001</misses>
				<total>370</total>
				<timestamp>446.776298</timestamp>
			</report>
			<report>
				<misses>2796001</misses>
				<total>369</total>
				<timestamp>446.936141</timestamp>
			</report>
			<report>
				<misses>2797001</misses>
				<total>369</total>
				<timestamp>447.095860</timestamp>
			</report>
			<report>
				<misses>2798001</misses>
				<total>370</total>
				<timestamp>447.255724</timestamp>
			</report>
			<report>
				<misses>2799001</misses>
				<total>370</total>
				<timestamp>447.415551</timestamp>
			</report>
			<report>
				<misses>2800001</misses>
				<total>370</total>
				<timestamp>447.575393</timestamp>
			</report>
			<report>
				<misses>2801001</misses>
				<total>370</total>
				<timestamp>447.735233</timestamp>
			</report>
			<report>
				<misses>2802001</misses>
				<total>370</total>
				<timestamp>447.895051</timestamp>
			</report>
			<report>
				<misses>2803001</misses>
				<total>370</total>
				<timestamp>448.054902</timestamp>
			</report>
			<report>
				<misses>2804001</misses>
				<total>370</total>
				<timestamp>448.214743</timestamp>
			</report>
			<report>
				<misses>2805001</misses>
				<total>370</total>
				<timestamp>448.374612</timestamp>
			</report>
			<report>
				<misses>2806001</misses>
				<total>370</total>
				<timestamp>448.534424</timestamp>
			</report>
			<report>
				<misses>2807001</misses>
				<total>371</total>
				<timestamp>448.694263</timestamp>
			</report>
			<report>
				<misses>2808001</misses>
				<total>371</total>
				<timestamp>448.854131</timestamp>
			</report>
			<report>
				<misses>2809001</misses>
				<total>371</total>
				<timestamp>449.013948</timestamp>
			</report>
			<report>
				<misses>2810001</misses>
				<total>371</total>
				<timestamp>449.173776</timestamp>
			</report>
			<report>
				<misses>2811001</misses>
				<total>371</total>
				<timestamp>449.333705</timestamp>
			</report>
			<report>
				<misses>2812001</misses>
				<total>371</total>
				<timestamp>449.493461</timestamp>
			</report>
			<report>
				<misses>2813001</misses>
				<total>370</total>
				<timestamp>449.653329</timestamp>
			</report>
			<report>
				<misses>2814001</misses>
				<total>371</total>
				<timestamp>449.813275</timestamp>
			</report>
			<report>
				<misses>2815001</misses>
				<total>371</total>
				<timestamp>449.973168</timestamp>
			</report>
			<report>
				<misses>2816001</misses>
				<total>371</total>
				<timestamp>450.133001</timestamp>
			</report>
			<report>
				<misses>2817001</misses>
				<total>371</total>
				<timestamp>450.292867</timestamp>
			</report>
			<report>
				<misses>2818001</misses>
				<total>371</total>
				<timestamp>450.452669</timestamp>
			</report>
			<report>
				<misses>2819001</misses>
				<total>371</total>
				<timestamp>450.612491</timestamp>
			</report>
			<report>
				<misses>2820001</misses>
				<total>370</total>
				<timestamp>450.772338</timestamp>
			</report>
			<report>
				<misses>2821001</misses>
				<total>371</total>
				<timestamp>450.932299</timestamp>
			</report>
			<report>
				<misses>2822001</misses>
				<total>371</total>
				<timestamp>451.092061</timestamp>
			</report>
			<report>
				<misses>2823001</misses>
				<total>371</total>
				<timestamp>451.251879</timestamp>
			</report>
			<report>
				<misses>2824001</misses>
				<total>370</total>
				<timestamp>451.411698</timestamp>
			</report>
			<report>
				<misses>2825001</misses>
				<total>371</total>
				<timestamp>451.571545</timestamp>
			</report>
			<report>
				<misses>2826001</misses>
				<total>371</total>
				<timestamp>451.731494</timestamp>
			</report>
			<report>
				<misses>2827001</misses>
				<total>371</total>
				<timestamp>451.891280</timestamp>
			</report>
			<report>
				<misses>2828001</misses>
				<total>371</total>
				<timestamp>452.051189</timestamp>
			</report>
			<report>
				<misses>2829001</misses>
				<total>371</total>
				<timestamp>452.210910</timestamp>
			</report>
			<report>
				<misses>2830001</misses>
				<total>371</total>
				<timestamp>452.370777</timestamp>
			</report>
			<report>
				<misses>2831001</misses>
				<total>371</total>
				<timestamp>452.530591</timestamp>
			</report>
			<report>
				<misses>2832001</misses>
				<total>371</total>
				<timestamp>452.690523</timestamp>
			</report>
			<report>
				<misses>2833001</misses>
				<total>371</total>
				<timestamp>452.850248</timestamp>
			</report>
			<report>
				<misses>2834001</misses>
				<total>371</total>
				<timestamp>453.010097</timestamp>
			</report>
			<report>
				<misses>2835001</misses>
				<total>371</total>
				<timestamp>453.169941</timestamp>
			</report>
			<report>
				<misses>2836001</misses>
				<total>370</total>
				<timestamp>453.329780</timestamp>
			</report>
			<report>
				<misses>2837001</misses>
				<total>370</total>
				<timestamp>453.489613</timestamp>
			</report>
			<report>
				<misses>2838001</misses>
				<total>371</total>
				<timestamp>453.649449</timestamp>
			</report>
			<report>
				<misses>2839001</misses>
				<total>371</total>
				<timestamp>453.809290</timestamp>
			</report>
			<report>
				<misses>2840001</misses>
				<total>371</total>
				<timestamp>453.969119</timestamp>
			</report>
			<report>
				<misses>2841001</misses>
				<total>370</total>
				<timestamp>454.129047</timestamp>
			</report>
			<report>
				<misses>2842001</misses>
				<total>371</total>
				<timestamp>454.288849</timestamp>
			</report>
			<report>
				<misses>2843001</misses>
				<total>371</total>
				<timestamp>454.448666</timestamp>
			</report>
			<report>
				<misses>2844001</misses>
				<total>371</total>
				<timestamp>454.608489</timestamp>
			</report>
			<report>
				<misses>2845001</misses>
				<total>371</total>
				<timestamp>454.768378</timestamp>
			</report>
			<report>
				<misses>2846001</misses>
				<total>373</total>
				<timestamp>454.928174</timestamp>
			</report>
			<report>
				<misses>2847001</misses>
				<total>378</total>
				<timestamp>455.088076</timestamp>
			</report>
			<report>
				<misses>2848001</misses>
				<total>384</total>
				<timestamp>455.247899</timestamp>
			</report>
			<report>
				<misses>2849001</misses>
				<total>384</total>
				<timestamp>455.407693</timestamp>
			</report>
			<report>
				<misses>2850001</misses>
				<total>385</total>
				<timestamp>455.567522</timestamp>
			</report>
			<report>
				<misses>2851001</misses>
				<total>385</total>
				<timestamp>455.727421</timestamp>
			</report>
			<report>
				<misses>2852001</misses>
				<total>385</total>
				<timestamp>455.887215</timestamp>
			</report>
			<report>
				<misses>2853001</misses>
				<total>385</total>
				<timestamp>456.047043</timestamp>
			</report>
			<report>
				<misses>2854001</misses>
				<total>385</total>
				<timestamp>456.206892</timestamp>
			</report>
			<report>
				<misses>2855001</misses>
				<total>385</total>
				<timestamp>456.366766</timestamp>
			</report>
			<report>
				<misses>2856001</misses>
				<total>385</total>
				<timestamp>456.526599</timestamp>
			</report>
			<report>
				<misses>2857001</misses>
				<total>385</total>
				<timestamp>456.686429</timestamp>
			</report>
			<report>
				<misses>2858001</misses>
				<total>385</total>
				<timestamp>456.846255</timestamp>
			</report>
			<report>
				<misses>2859001</misses>
				<total>385</total>
				<timestamp>457.006106</timestamp>
			</report>
			<report>
				<misses>2860001</misses>
				<total>385</total>
				<timestamp>457.165950</timestamp>
			</report>
			<report>
				<misses>2861001</misses>
				<total>385</total>
				<timestamp>457.325762</timestamp>
			</report>
			<report>
				<misses>2862001</misses>
				<total>385</total>
				<timestamp>457.485604</timestamp>
			</report>
			<report>
				<misses>2863001</misses>
				<total>385</total>
				<timestamp>457.645463</timestamp>
			</report>
			<report>
				<misses>2864001</misses>
				<total>387</total>
				<timestamp>457.805323</timestamp>
			</report>
			<report>
				<misses>2865001</misses>
				<total>387</total>
				<timestamp>457.965153</timestamp>
			</report>
			<report>
				<misses>2866001</misses>
				<total>387</total>
				<timestamp>458.124961</timestamp>
			</report>
			<report>
				<misses>2867001</misses>
				<total>387</total>
				<timestamp>458.284828</timestamp>
			</report>
			<report>
				<misses>2868001</misses>
				<total>387</total>
				<timestamp>458.444658</timestamp>
			</report>
			<report>
				<misses>2869001</misses>
				<total>387</total>
				<timestamp>458.604504</timestamp>
			</report>
			<report>
				<misses>2870001</misses>
				<total>387</total>
				<timestamp>458.764389</timestamp>
			</report>
			<report>
				<misses>2871001</misses>
				<total>387</total>
				<timestamp>458.924250</timestamp>
			</report>
			<report>
				<misses>2872001</misses>
				<total>387</total>
				<timestamp>459.084127</timestamp>
			</report>
			<report>
				<misses>2873001</misses>
				<total>386</total>
				<timestamp>459.243918</timestamp>
			</report>
			<report>
				<misses>2874001</misses>
				<total>387</total>
				<timestamp>459.403862</timestamp>
			</report>
			<report>
				<misses>2875001</misses>
				<total>387</total>
				<timestamp>459.563819</timestamp>
			</report>
			<report>
				<misses>2876001</misses>
				<total>387</total>
				<timestamp>459.723648</timestamp>
			</report>
			<report>
				<misses>2877001</misses>
				<total>387</total>
				<timestamp>459.883418</timestamp>
			</report>
			<report>
				<misses>2878001</misses>
				<total>387</total>
				<timestamp>460.043357</timestamp>
			</report>
			<report>
				<misses>2879001</misses>
				<total>387</total>
				<timestamp>460.203282</timestamp>
			</report>
			<report>
				<misses>2880001</misses>
				<total>387</total>
				<timestamp>460.363147</timestamp>
			</report>
			<report>
				<misses>2881001</misses>
				<total>387</total>
				<timestamp>460.523009</timestamp>
			</report>
			<report>
				<misses>2882001</misses>
				<total>387</total>
				<timestamp>460.682800</timestamp>
			</report>
			<report>
				<misses>2883001</misses>
				<total>387</total>
				<timestamp>460.842714</timestamp>
			</report>
			<report>
				<misses>2884001</misses>
				<total>387</total>
				<timestamp>461.002585</timestamp>
			</report>
			<report>
				<misses>2885001</misses>
				<total>387</total>
				<timestamp>461.162454</timestamp>
			</report>
			<report>
				<misses>2886001</misses>
				<total>386</total>
				<timestamp>461.322286</timestamp>
			</report>
			<report>
				<misses>2887001</misses>
				<total>387</total>
				<timestamp>461.482128</timestamp>
			</report>
			<report>
				<misses>2888001</misses>
				<total>387</total>
				<timestamp>461.641984</timestamp>
			</report>
			<report>
				<misses>2889001</misses>
				<total>387</total>
				<timestamp>461.801800</timestamp>
			</report>
			<report>
				<misses>2890001</misses>
				<total>397</total>
				<timestamp>461.961609</timestamp>
			</report>
			<report>
				<misses>2891001</misses>
				<total>396</total>
				<timestamp>462.121461</timestamp>
			</report>
			<report>
				<misses>2892001</misses>
				<total>397</total>
				<timestamp>462.281309</timestamp>
			</report>
			<report>
				<misses>2893001</misses>
				<total>397</total>
				<timestamp>462.441136</timestamp>
			</report>
			<report>
				<misses>2894001</misses>
				<total>397</total>
				<timestamp>462.601033</timestamp>
			</report>
			<report>
				<misses>2895001</misses>
				<total>397</total>
				<timestamp>462.760906</timestamp>
			</report>
			<report>
				<misses>2896001</misses>
				<total>397</total>
				<timestamp>462.920781</timestamp>
			</report>
			<report>
				<misses>2897001</misses>
				<total>397</total>
				<timestamp>463.080617</timestamp>
			</report>
			<report>
				<misses>2898001</misses>
				<total>397</total>
				<timestamp>463.240340</timestamp>
			</report>
			<report>
				<misses>2899001</misses>
				<total>397</total>
				<timestamp>463.400198</timestamp>
			</report>
			<report>
				<misses>2900001</misses>
				<total>397</total>
				<timestamp>463.560020</timestamp>
			</report>
			<report>
				<misses>2901001</misses>
				<total>397</total>
				<timestamp>463.719851</timestamp>
			</report>
			<report>
				<misses>2902001</misses>
				<total>397</total>
				<timestamp>463.879782</timestamp>
			</report>
			<report>
				<misses>2903001</misses>
				<total>397</total>
				<timestamp>464.039523</timestamp>
			</report>
			<report>
				<misses>2904001</misses>
				<total>397</total>
				<timestamp>464.199486</timestamp>
			</report>
			<report>
				<misses>2905001</misses>
				<total>397</total>
				<timestamp>464.359306</timestamp>
			</report>
			<report>
				<misses>2906001</misses>
				<total>397</total>
				<timestamp>464.519115</timestamp>
			</report>
			<report>
				<misses>2907001</misses>
				<total>397</total>
				<timestamp>464.679040</timestamp>
			</report>
			<report>
				<misses>2908001</misses>
				<total>397</total>
				<timestamp>464.838951</timestamp>
			</report>
			<report>
				<misses>2909001</misses>
				<total>397</total>
				<timestamp>464.998887</timestamp>
			</report>
			<report>
				<misses>2910001</misses>
				<total>397</total>
				<timestamp>465.158778</timestamp>
			</report>
			<report>
				<misses>2911001</misses>
				<total>397</total>
				<timestamp>465.318578</timestamp>
			</report>
			<report>
				<misses>2912001</misses>
				<total>397</total>
				<timestamp>465.478522</timestamp>
			</report>
			<report>
				<misses>2913001</misses>
				<total>397</total>
				<timestamp>465.638299</timestamp>
			</report>
			<report>
				<misses>2914001</misses>
				<total>397</total>
				<timestamp>465.798084</timestamp>
			</report>
			<report>
				<misses>2915001</misses>
				<total>401</total>
				<timestamp>465.957929</timestamp>
			</report>
			<report>
				<misses>2916001</misses>
				<total>401</total>
				<timestamp>466.117805</timestamp>
			</report>
			<report>
				<misses>2917001</misses>
				<total>401</total>
				<timestamp>466.277618</timestamp>
			</report>
			<report>
				<misses>2918001</misses>
				<total>401</total>
				<timestamp>466.437451</timestamp>
			</report>
			<report>
				<misses>2919001</misses>
				<total>401</total>
				<timestamp>466.597312</timestamp>
			</report>
			<report>
				<misses>2920001</misses>
				<total>401</total>
				<timestamp>466.757213</timestamp>
			</report>
			<report>
				<misses>2921001</misses>
				<total>401</total>
				<timestamp>466.917143</timestamp>
			</report>
			<report>
				<misses>2922001</misses>
				<total>401</total>
				<timestamp>467.076969</timestamp>
			</report>
			<report>
				<misses>2923001</misses>
				<total>401</total>
				<timestamp>467.236849</timestamp>
			</report>
			<report>
				<misses>2924001</misses>
				<total>401</total>
				<timestamp>467.396672</timestamp>
			</report>
			<report>
				<misses>2925001</misses>
				<total>401</total>
				<timestamp>467.556490</timestamp>
			</report>
			<report>
				<misses>2926001</misses>
				<total>401</total>
				<timestamp>467.716329</timestamp>
			</report>
			<report>
				<misses>2927001</misses>
				<total>401</total>
				<timestamp>467.876285</timestamp>
			</report>
			<report>
				<misses>2928001</misses>
				<total>401</total>
				<timestamp>468.036032</timestamp>
			</report>
			<report>
				<misses>2929001</misses>
				<total>401</total>
				<timestamp>468.195933</timestamp>
			</report>
			<report>
				<misses>2930001</misses>
				<total>401</total>
				<timestamp>468.355814</timestamp>
			</report>
			<report>
				<misses>2931001</misses>
				<total>401</total>
				<timestamp>468.515658</timestamp>
			</report>
			<report>
				<misses>2932001</misses>
				<total>401</total>
				<timestamp>468.675412</timestamp>
			</report>
			<report>
				<misses>2933001</misses>
				<total>401</total>
				<timestamp>468.835239</timestamp>
			</report>
			<report>
				<misses>2934001</misses>
				<total>401</total>
				<timestamp>468.995067</timestamp>
			</report>
			<report>
				<misses>2935001</misses>
				<total>401</total>
				<timestamp>469.154981</timestamp>
			</report>
			<report>
				<misses>2936001</misses>
				<total>401</total>
				<timestamp>469.314875</timestamp>
			</report>
			<report>
				<misses>2937001</misses>
				<total>401</total>
				<timestamp>469.474869</timestamp>
			</report>
			<report>
				<misses>2938001</misses>
				<total>401</total>
				<timestamp>469.634632</timestamp>
			</report>
			<report>
				<misses>2939001</misses>
				<total>401</total>
				<timestamp>469.794419</timestamp>
			</report>
			<report>
				<misses>2940001</misses>
				<total>401</total>
				<timestamp>469.954324</timestamp>
			</report>
			<report>
				<misses>2941001</misses>
				<total>401</total>
				<timestamp>470.114130</timestamp>
			</report>
			<report>
				<misses>2942001</misses>
				<total>401</total>
				<timestamp>470.274022</timestamp>
			</report>
			<report>
				<misses>2943001</misses>
				<total>401</total>
				<timestamp>470.433806</timestamp>
			</report>
			<report>
				<misses>2944001</misses>
				<total>401</total>
				<timestamp>470.593683</timestamp>
			</report>
			<report>
				<misses>2945001</misses>
				<total>401</total>
				<timestamp>470.753454</timestamp>
			</report>
			<report>
				<misses>2946001</misses>
				<total>401</total>
				<timestamp>470.913332</timestamp>
			</report>
			<report>
				<misses>2947001</misses>
				<total>401</total>
				<timestamp>471.073172</timestamp>
			</report>
			<report>
				<misses>2948001</misses>
				<total>401</total>
				<timestamp>471.232982</timestamp>
			</report>
			<report>
				<misses>2949001</misses>
				<total>401</total>
				<timestamp>471.392853</timestamp>
			</report>
			<report>
				<misses>2950001</misses>
				<total>401</total>
				<timestamp>471.552686</timestamp>
			</report>
			<report>
				<misses>2951001</misses>
				<total>401</total>
				<timestamp>471.712565</timestamp>
			</report>
			<report>
				<misses>2952001</misses>
				<total>401</total>
				<timestamp>471.872377</timestamp>
			</report>
			<report>
				<misses>2953001</misses>
				<total>401</total>
				<timestamp>472.032182</timestamp>
			</report>
			<report>
				<misses>2954001</misses>
				<total>401</total>
				<timestamp>472.192012</timestamp>
			</report>
			<report>
				<misses>2955001</misses>
				<total>401</total>
				<timestamp>472.351900</timestamp>
			</report>
			<report>
				<misses>2956001</misses>
				<total>400</total>
				<timestamp>472.511870</timestamp>
			</report>
			<report>
				<misses>2957001</misses>
				<total>400</total>
				<timestamp>472.671782</timestamp>
			</report>
			<report>
				<misses>2958001</misses>
				<total>402</total>
				<timestamp>472.831635</timestamp>
			</report>
			<report>
				<misses>2959001</misses>
				<total>402</total>
				<timestamp>472.991370</timestamp>
			</report>
			<report>
				<misses>2960001</misses>
				<total>402</total>
				<timestamp>473.151220</timestamp>
			</report>
			<report>
				<misses>2961001</misses>
				<total>402</total>
				<timestamp>473.311073</timestamp>
			</report>
			<report>
				<misses>2962001</misses>
				<total>402</total>
				<timestamp>473.470925</timestamp>
			</report>
			<report>
				<misses>2963001</misses>
				<total>402</total>
				<timestamp>473.630760</timestamp>
			</report>
			<report>
				<misses>2964001</misses>
				<total>402</total>
				<timestamp>473.790564</timestamp>
			</report>
			<report>
				<misses>2965001</misses>
				<total>402</total>
				<timestamp>473.950415</timestamp>
			</report>
			<report>
				<misses>2966001</misses>
				<total>402</total>
				<timestamp>474.110258</timestamp>
			</report>
			<report>
				<misses>2967001</misses>
				<total>402</total>
				<timestamp>474.270090</timestamp>
			</report>
			<report>
				<misses>2968001</misses>
				<total>402</total>
				<timestamp>474.429961</timestamp>
			</report>
			<report>
				<misses>2969001</misses>
				<total>402</total>
				<timestamp>474.589785</timestamp>
			</report>
			<report>
				<misses>2970001</misses>
				<total>402</total>
				<timestamp>474.749610</timestamp>
			</report>
			<report>
				<misses>2971001</misses>
				<total>402</total>
				<timestamp>474.909491</timestamp>
			</report>
			<report>
				<misses>2972001</misses>
				<total>402</total>
				<timestamp>475.069328</timestamp>
			</report>
			<report>
				<misses>2973001</misses>
				<total>402</total>
				<timestamp>475.229130</timestamp>
			</report>
			<report>
				<misses>2974001</misses>
				<total>402</total>
				<timestamp>475.388975</timestamp>
			</report>
			<report>
				<misses>2975001</misses>
				<total>402</total>
				<timestamp>475.548863</timestamp>
			</report>
			<report>
				<misses>2976001</misses>
				<total>402</total>
				<timestamp>475.708647</timestamp>
			</report>
			<report>
				<misses>2977001</misses>
				<total>402</total>
				<timestamp>475.868496</timestamp>
			</report>
			<report>
				<misses>2978001</misses>
				<total>402</total>
				<timestamp>476.028322</timestamp>
			</report>
			<report>
				<misses>2979001</misses>
				<total>402</total>
				<timestamp>476.188198</timestamp>
			</report>
			<report>
				<misses>2980001</misses>
				<total>402</total>
				<timestamp>476.348018</timestamp>
			</report>
			<report>
				<misses>2981001</misses>
				<total>402</total>
				<timestamp>476.507870</timestamp>
			</report>
			<report>
				<misses>2982001</misses>
				<total>404</total>
				<timestamp>476.667735</timestamp>
			</report>
			<report>
				<misses>2983001</misses>
				<total>404</total>
				<timestamp>476.827551</timestamp>
			</report>
			<report>
				<misses>2984001</misses>
				<total>404</total>
				<timestamp>476.987371</timestamp>
			</report>
			<report>
				<misses>2985001</misses>
				<total>404</total>
				<timestamp>477.147313</timestamp>
			</report>
			<report>
				<misses>2986001</misses>
				<total>404</total>
				<timestamp>477.307082</timestamp>
			</report>
			<report>
				<misses>2987001</misses>
				<total>404</total>
				<timestamp>477.467087</timestamp>
			</report>
			<report>
				<misses>2988001</misses>
				<total>404</total>
				<timestamp>477.626888</timestamp>
			</report>
			<report>
				<misses>2989001</misses>
				<total>404</total>
				<timestamp>477.786771</timestamp>
			</report>
			<report>
				<misses>2990001</misses>
				<total>404</total>
				<timestamp>477.946638</timestamp>
			</report>
			<report>
				<misses>2991001</misses>
				<total>404</total>
				<timestamp>478.106432</timestamp>
			</report>
			<report>
				<misses>2992001</misses>
				<total>404</total>
				<timestamp>478.266343</timestamp>
			</report>
			<report>
				<misses>2993001</misses>
				<total>404</total>
				<timestamp>478.426216</timestamp>
			</report>
			<report>
				<misses>2994001</misses>
				<total>404</total>
				<timestamp>478.585946</timestamp>
			</report>
			<report>
				<misses>2995001</misses>
				<total>404</total>
				<timestamp>478.745785</timestamp>
			</report>
			<report>
				<misses>2996001</misses>
				<total>404</total>
				<timestamp>478.905636</timestamp>
			</report>
			<report>
				<misses>2997001</misses>
				<total>404</total>
				<timestamp>479.065520</timestamp>
			</report>
			<report>
				<misses>2998001</misses>
				<total>404</total>
				<timestamp>479.225349</timestamp>
			</report>
			<report>
				<misses>2999001</misses>
				<total>404</total>
				<timestamp>479.385213</timestamp>
			</report>
			<report>
				<misses>3000001</misses>
				<total>404</total>
				<timestamp>479.545017</timestamp>
			</report>
			<report>
				<misses>3001001</misses>
				<total>404</total>
				<timestamp>479.704943</timestamp>
			</report>
			<report>
				<misses>3002001</misses>
				<total>404</total>
				<timestamp>479.864757</timestamp>
			</report>
			<report>
				<misses>3003001</misses>
				<total>404</total>
				<timestamp>480.024534</timestamp>
			</report>
			<report>
				<misses>3004001</misses>
				<total>408</total>
				<timestamp>480.184448</timestamp>
			</report>
			<report>
				<misses>3005001</misses>
				<total>408</total>
				<timestamp>480.344255</timestamp>
			</report>
			<report>
				<misses>3006001</misses>
				<total>409</total>
				<timestamp>480.504031</timestamp>
			</report>
			<report>
				<misses>3007001</misses>
				<total>409</total>
				<timestamp>480.663873</timestamp>
			</report>
			<report>
				<misses>3008001</misses>
				<total>409</total>
				<timestamp>480.823731</timestamp>
			</report>
			<report>
				<misses>3009001</misses>
				<total>409</total>
				<timestamp>480.983565</timestamp>
			</report>
			<report>
				<misses>3010001</misses>
				<total>409</total>
				<timestamp>481.143371</timestamp>
			</report>
			<report>
				<misses>3011001</misses>
				<total>409</total>
				<timestamp>481.303223</timestamp>
			</report>
			<report>
				<misses>3012001</misses>
				<total>409</total>
				<timestamp>481.463058</timestamp>
			</report>
			<report>
				<misses>3013001</misses>
				<total>409</total>
				<timestamp>481.622906</timestamp>
			</report>
			<report>
				<misses>3014001</misses>
				<total>409</total>
				<timestamp>481.782730</timestamp>
			</report>
			<report>
				<misses>3015001</misses>
				<total>409</total>
				<timestamp>481.942566</timestamp>
			</report>
			<report>
				<misses>3016001</misses>
				<total>409</total>
				<timestamp>482.102417</timestamp>
			</report>
			<report>
				<misses>3017001</misses>
				<total>409</total>
				<timestamp>482.262380</timestamp>
			</report>
			<report>
				<misses>3018001</misses>
				<total>409</total>
				<timestamp>482.422174</timestamp>
			</report>
			<report>
				<misses>3019001</misses>
				<total>409</total>
				<timestamp>482.582048</timestamp>
			</report>
			<report>
				<misses>3020001</misses>
				<total>408</total>
				<timestamp>482.741816</timestamp>
			</report>
			<report>
				<misses>3021001</misses>
				<total>409</total>
				<timestamp>482.901600</timestamp>
			</report>
			<report>
				<misses>3022001</misses>
				<total>409</total>
				<timestamp>483.061471</timestamp>
			</report>
			<report>
				<misses>3023001</misses>
				<total>409</total>
				<timestamp>483.221359</timestamp>
			</report>
			<report>
				<misses>3024001</misses>
				<total>409</total>
				<timestamp>483.381184</timestamp>
			</report>
			<report>
				<misses>3025001</misses>
				<total>409</total>
				<timestamp>483.541067</timestamp>
			</report>
			<report>
				<misses>3026001</misses>
				<total>409</total>
				<timestamp>483.700834</timestamp>
			</report>
			<report>
				<misses>3027001</misses>
				<total>409</total>
				<timestamp>483.860675</timestamp>
			</report>
			<report>
				<misses>3028001</misses>
				<total>409</total>
				<timestamp>484.020508</timestamp>
			</report>
			<report>
				<misses>3029001</misses>
				<total>409</total>
				<timestamp>484.180430</timestamp>
			</report>
			<report>
				<misses>3030001</misses>
				<total>409</total>
				<timestamp>484.340305</timestamp>
			</report>
			<report>
				<misses>3031001</misses>
				<total>408</total>
				<timestamp>484.500035</timestamp>
			</report>
			<report>
				<misses>3032001</misses>
				<total>409</total>
				<timestamp>484.659873</timestamp>
			</report>
			<report>
				<misses>3033001</misses>
				<total>409</total>
				<timestamp>484.819694</timestamp>
			</report>
			<report>
				<misses>3034001</misses>
				<total>409</total>
				<timestamp>484.979542</timestamp>
			</report>
			<report>
				<misses>3035001</misses>
				<total>409</total>
				<timestamp>485.139372</timestamp>
			</report>
			<report>
				<misses>3036001</misses>
				<total>409</total>
				<timestamp>485.299219</timestamp>
			</report>
			<report>
				<misses>3037001</misses>
				<total>411</total>
				<timestamp>485.459055</timestamp>
			</report>
			<report>
				<misses>3038001</misses>
				<total>411</total>
				<timestamp>485.618907</timestamp>
			</report>
			<report>
				<misses>3039001</misses>
				<total>411</total>
				<timestamp>485.778756</timestamp>
			</report>
			<report>
				<misses>3040001</misses>
				<total>411</total>
				<timestamp>485.938585</timestamp>
			</report>
			<report>
				<misses>3041001</misses>
				<total>411</total>
				<timestamp>486.098424</timestamp>
			</report>
			<report>
				<misses>3042001</misses>
				<total>411</total>
				<timestamp>486.258268</timestamp>
			</report>
			<report>
				<misses>3043001</misses>
				<total>410</total>
				<timestamp>486.418130</timestamp>
			</report>
			<report>
				<misses>3044001</misses>
				<total>411</total>
				<timestamp>486.577950</timestamp>
			</report>
			<report>
				<misses>3045001</misses>
				<total>411</total>
				<timestamp>486.737814</timestamp>
			</report>
			<report>
				<misses>3046001</misses>
				<total>410</total>
				<timestamp>486.897645</timestamp>
			</report>
			<report>
				<misses>3047001</misses>
				<total>411</total>
				<timestamp>487.057531</timestamp>
			</report>
			<report>
				<misses>3048001</misses>
				<total>411</total>
				<timestamp>487.217375</timestamp>
			</report>
			<report>
				<misses>3049001</misses>
				<total>411</total>
				<timestamp>487.377191</timestamp>
			</report>
			<report>
				<misses>3050001</misses>
				<total>411</total>
				<timestamp>487.537078</timestamp>
			</report>
			<report>
				<misses>3051001</misses>
				<total>411</total>
				<timestamp>487.696924</timestamp>
			</report>
			<report>
				<misses>3052001</misses>
				<total>411</total>
				<timestamp>487.856686</timestamp>
			</report>
			<report>
				<misses>3053001</misses>
				<total>411</total>
				<timestamp>488.016598</timestamp>
			</report>
			<report>
				<misses>3054001</misses>
				<total>411</total>
				<timestamp>488.176459</timestamp>
			</report>
			<report>
				<misses>3055001</misses>
				<total>411</total>
				<timestamp>488.336290</timestamp>
			</report>
			<report>
				<misses>3056001</misses>
				<total>411</total>
				<timestamp>488.496124</timestamp>
			</report>
			<report>
				<misses>3057001</misses>
				<total>411</total>
				<timestamp>488.655927</timestamp>
			</report>
			<report>
				<misses>3058001</misses>
				<total>411</total>
				<timestamp>488.815796</timestamp>
			</report>
			<report>
				<misses>3059001</misses>
				<total>411</total>
				<timestamp>488.975548</timestamp>
			</report>
			<report>
				<misses>3060001</misses>
				<total>412</total>
				<timestamp>489.135378</timestamp>
			</report>
			<report>
				<misses>3061001</misses>
				<total>414</total>
				<timestamp>489.295243</timestamp>
			</report>
			<report>
				<misses>3062001</misses>
				<total>414</total>
				<timestamp>489.455209</timestamp>
			</report>
			<report>
				<misses>3063001</misses>
				<total>414</total>
				<timestamp>489.615086</timestamp>
			</report>
			<report>
				<misses>3064001</misses>
				<total>414</total>
				<timestamp>489.774903</timestamp>
			</report>
			<report>
				<misses>3065001</misses>
				<total>414</total>
				<timestamp>489.934782</timestamp>
			</report>
			<report>
				<misses>3066001</misses>
				<total>414</total>
				<timestamp>490.094582</timestamp>
			</report>
			<report>
				<misses>3067001</misses>
				<total>415</total>
				<timestamp>490.254408</timestamp>
			</report>
			<report>
				<misses>3068001</misses>
				<total>415</total>
				<timestamp>490.414260</timestamp>
			</report>
			<report>
				<misses>3069001</misses>
				<total>415</total>
				<timestamp>490.574083</timestamp>
			</report>
			<report>
				<misses>3070001</misses>
				<total>415</total>
				<timestamp>490.733941</timestamp>
			</report>
			<report>
				<misses>3071001</misses>
				<total>414</total>
				<timestamp>490.893799</timestamp>
			</report>
			<report>
				<misses>3072001</misses>
				<total>415</total>
				<timestamp>491.053669</timestamp>
			</report>
			<report>
				<misses>3073001</misses>
				<total>415</total>
				<timestamp>491.213463</timestamp>
			</report>
			<report>
				<misses>3074001</misses>
				<total>415</total>
				<timestamp>491.373293</timestamp>
			</report>
			<report>
				<misses>3075001</misses>
				<total>415</total>
				<timestamp>491.533132</timestamp>
			</report>
			<report>
				<misses>3076001</misses>
				<total>415</total>
				<timestamp>491.692965</timestamp>
			</report>
			<report>
				<misses>3077001</misses>
				<total>415</total>
				<timestamp>491.852826</timestamp>
			</report>
			<report>
				<misses>3078001</misses>
				<total>415</total>
				<timestamp>492.012659</timestamp>
			</report>
			<report>
				<misses>3079001</misses>
				<total>415</total>
				<timestamp>492.172484</timestamp>
			</report>
			<report>
				<misses>3080001</misses>
				<total>415</total>
				<timestamp>492.332376</timestamp>
			</report>
			<report>
				<misses>3081001</misses>
				<total>416</total>
				<timestamp>492.492185</timestamp>
			</report>
			<report>
				<misses>3082001</misses>
				<total>416</total>
				<timestamp>492.652020</timestamp>
			</report>
			<report>
				<misses>3083001</misses>
				<total>416</total>
				<timestamp>492.811900</timestamp>
			</report>
			<report>
				<misses>3084001</misses>
				<total>416</total>
				<timestamp>492.971686</timestamp>
			</report>
			<report>
				<misses>3085001</misses>
				<total>416</total>
				<timestamp>493.131537</timestamp>
			</report>
			<report>
				<misses>3086001</misses>
				<total>416</total>
				<timestamp>493.291388</timestamp>
			</report>
			<report>
				<misses>3087001</misses>
				<total>416</total>
				<timestamp>493.451222</timestamp>
			</report>
			<report>
				<misses>3088001</misses>
				<total>420</total>
				<timestamp>493.611040</timestamp>
			</report>
			<report>
				<misses>3089001</misses>
				<total>420</total>
				<timestamp>493.770912</timestamp>
			</report>
			<report>
				<misses>3090001</misses>
				<total>420</total>
				<timestamp>493.930792</timestamp>
			</report>
			<report>
				<misses>3091001</misses>
				<total>420</total>
				<timestamp>494.090626</timestamp>
			</report>
			<report>
				<misses>3092001</misses>
				<total>420</total>
				<timestamp>494.250404</timestamp>
			</report>
			<report>
				<misses>3093001</misses>
				<total>420</total>
				<timestamp>494.410302</timestamp>
			</report>
			<report>
				<misses>3094001</misses>
				<total>420</total>
				<timestamp>494.570080</timestamp>
			</report>
			<report>
				<misses>3095001</misses>
				<total>420</total>
				<timestamp>494.729942</timestamp>
			</report>
			<report>
				<misses>3096001</misses>
				<total>420</total>
				<timestamp>494.889785</timestamp>
			</report>
			<report>
				<misses>3097001</misses>
				<total>420</total>
				<timestamp>495.049638</timestamp>
			</report>
			<report>
				<misses>3098001</misses>
				<total>420</total>
				<timestamp>495.209462</timestamp>
			</report>
			<report>
				<misses>3099001</misses>
				<total>420</total>
				<timestamp>495.369339</timestamp>
			</report>
			<report>
				<misses>3100001</misses>
				<total>420</total>
				<timestamp>495.529147</timestamp>
			</report>
			<report>
				<misses>3101001</misses>
				<total>420</total>
				<timestamp>495.688988</timestamp>
			</report>
			<report>
				<misses>3102001</misses>
				<total>420</total>
				<timestamp>495.848809</timestamp>
			</report>
			<report>
				<misses>3103001</misses>
				<total>420</total>
				<timestamp>496.008715</timestamp>
			</report>
			<report>
				<misses>3104001</misses>
				<total>420</total>
				<timestamp>496.168514</timestamp>
			</report>
			<report>
				<misses>3105001</misses>
				<total>420</total>
				<timestamp>496.328323</timestamp>
			</report>
			<report>
				<misses>3106001</misses>
				<total>420</total>
				<timestamp>496.488196</timestamp>
			</report>
			<report>
				<misses>3107001</misses>
				<total>420</total>
				<timestamp>496.648008</timestamp>
			</report>
			<report>
				<misses>3108001</misses>
				<total>420</total>
				<timestamp>496.807911</timestamp>
			</report>
			<report>
				<misses>3109001</misses>
				<total>420</total>
				<timestamp>496.967768</timestamp>
			</report>
			<report>
				<misses>3110001</misses>
				<total>420</total>
				<timestamp>497.127562</timestamp>
			</report>
			<report>
				<misses>3111001</misses>
				<total>420</total>
				<timestamp>497.287377</timestamp>
			</report>
			<report>
				<misses>3112001</misses>
				<total>420</total>
				<timestamp>497.447261</timestamp>
			</report>
			<report>
				<misses>3113001</misses>
				<total>420</total>
				<timestamp>497.607084</timestamp>
			</report>
			<report>
				<misses>3114001</misses>
				<total>420</total>
				<timestamp>497.766892</timestamp>
			</report>
			<report>
				<misses>3115001</misses>
				<total>420</total>
				<timestamp>497.926761</timestamp>
			</report>
			<report>
				<misses>3116001</misses>
				<total>420</total>
				<timestamp>498.086634</timestamp>
			</report>
			<report>
				<misses>3117001</misses>
				<total>420</total>
				<timestamp>498.246414</timestamp>
			</report>
			<report>
				<misses>3118001</misses>
				<total>420</total>
				<timestamp>498.406356</timestamp>
			</report>
			<report>
				<misses>3119001</misses>
				<total>420</total>
				<timestamp>498.566157</timestamp>
			</report>
			<report>
				<misses>3120001</misses>
				<total>420</total>
				<timestamp>498.726028</timestamp>
			</report>
			<report>
				<misses>3121001</misses>
				<total>420</total>
				<timestamp>498.885810</timestamp>
			</report>
			<report>
				<misses>3122001</misses>
				<total>420</total>
				<timestamp>499.045630</timestamp>
			</report>
			<report>
				<misses>3123001</misses>
				<total>420</total>
				<timestamp>499.205464</timestamp>
			</report>
			<report>
				<misses>3124001</misses>
				<total>420</total>
				<timestamp>499.365299</timestamp>
			</report>
			<report>
				<misses>3125001</misses>
				<total>420</total>
				<timestamp>499.525137</timestamp>
			</report>
			<report>
				<misses>3126001</misses>
				<total>420</total>
				<timestamp>499.684986</timestamp>
			</report>
			<report>
				<misses>3127001</misses>
				<total>420</total>
				<timestamp>499.844819</timestamp>
			</report>
			<report>
				<misses>3128001</misses>
				<total>422</total>
				<timestamp>500.004682</timestamp>
			</report>
			<report>
				<misses>3129001</misses>
				<total>422</total>
				<timestamp>500.164504</timestamp>
			</report>
			<report>
				<misses>3130001</misses>
				<total>422</total>
				<timestamp>500.324348</timestamp>
			</report>
			<report>
				<misses>3131001</misses>
				<total>422</total>
				<timestamp>500.484185</timestamp>
			</report>
			<report>
				<misses>3132001</misses>
				<total>422</total>
				<timestamp>500.644012</timestamp>
			</report>
			<report>
				<misses>3133001</misses>
				<total>422</total>
				<timestamp>500.803897</timestamp>
			</report>
			<report>
				<misses>3134001</misses>
				<total>422</total>
				<timestamp>500.963706</timestamp>
			</report>
			<report>
				<misses>3135001</misses>
				<total>422</total>
				<timestamp>501.123623</timestamp>
			</report>
			<report>
				<misses>3136001</misses>
				<total>422</total>
				<timestamp>501.283388</timestamp>
			</report>
			<report>
				<misses>3137001</misses>
				<total>422</total>
				<timestamp>501.443212</timestamp>
			</report>
			<report>
				<misses>3138001</misses>
				<total>422</total>
				<timestamp>501.603068</timestamp>
			</report>
			<report>
				<misses>3139001</misses>
				<total>422</total>
				<timestamp>501.762891</timestamp>
			</report>
			<report>
				<misses>3140001</misses>
				<total>422</total>
				<timestamp>501.922728</timestamp>
			</report>
			<report>
				<misses>3141001</misses>
				<total>422</total>
				<timestamp>502.082589</timestamp>
			</report>
			<report>
				<misses>3142001</misses>
				<total>422</total>
				<timestamp>502.242414</timestamp>
			</report>
			<report>
				<misses>3143001</misses>
				<total>422</total>
				<timestamp>502.402239</timestamp>
			</report>
			<report>
				<misses>3144001</misses>
				<total>422</total>
				<timestamp>502.562119</timestamp>
			</report>
			<report>
				<misses>3145001</misses>
				<total>421</total>
				<timestamp>502.721970</timestamp>
			</report>
			<report>
				<misses>3146001</misses>
				<total>422</total>
				<timestamp>502.881830</timestamp>
			</report>
			<report>
				<misses>3147001</misses>
				<total>421</total>
				<timestamp>503.041737</timestamp>
			</report>
			<report>
				<misses>3148001</misses>
				<total>422</total>
				<timestamp>503.201567</timestamp>
			</report>
			<report>
				<misses>3149001</misses>
				<total>422</total>
				<timestamp>503.361367</timestamp>
			</report>
			<report>
				<misses>3150001</misses>
				<total>422</total>
				<timestamp>503.521156</timestamp>
			</report>
			<report>
				<misses>3151001</misses>
				<total>422</total>
				<timestamp>503.681010</timestamp>
			</report>
			<report>
				<misses>3152001</misses>
				<total>422</total>
				<timestamp>503.840811</timestamp>
			</report>
			<report>
				<misses>3153001</misses>
				<total>422</total>
				<timestamp>504.000676</timestamp>
			</report>
			<report>
				<misses>3154001</misses>
				<total>422</total>
				<timestamp>504.160513</timestamp>
			</report>
			<report>
				<misses>3155001</misses>
				<total>422</total>
				<timestamp>504.320360</timestamp>
			</report>
			<report>
				<misses>3156001</misses>
				<total>422</total>
				<timestamp>504.480168</timestamp>
			</report>
			<report>
				<misses>3157001</misses>
				<total>422</total>
				<timestamp>504.640139</timestamp>
			</report>
			<report>
				<misses>3158001</misses>
				<total>422</total>
				<timestamp>504.799855</timestamp>
			</report>
			<report>
				<misses>3159001</misses>
				<total>422</total>
				<timestamp>504.959728</timestamp>
			</report>
			<report>
				<misses>3160001</misses>
				<total>422</total>
				<timestamp>505.119664</timestamp>
			</report>
			<report>
				<misses>3161001</misses>
				<total>422</total>
				<timestamp>505.279441</timestamp>
			</report>
			<report>
				<misses>3162001</misses>
				<total>422</total>
				<timestamp>505.439233</timestamp>
			</report>
			<report>
				<misses>3163001</misses>
				<total>422</total>
				<timestamp>505.599052</timestamp>
			</report>
			<report>
				<misses>3164001</misses>
				<total>422</total>
				<timestamp>505.758951</timestamp>
			</report>
			<report>
				<misses>3165001</misses>
				<total>422</total>
				<timestamp>505.918762</timestamp>
			</report>
			<report>
				<misses>3166001</misses>
				<total>422</total>
				<timestamp>506.078599</timestamp>
			</report>
			<report>
				<misses>3167001</misses>
				<total>422</total>
				<timestamp>506.238488</timestamp>
			</report>
			<report>
				<misses>3168001</misses>
				<total>422</total>
				<timestamp>506.398285</timestamp>
			</report>
			<report>
				<misses>3169001</misses>
				<total>421</total>
				<timestamp>506.558185</timestamp>
			</report>
			<report>
				<misses>3170001</misses>
				<total>422</total>
				<timestamp>506.718008</timestamp>
			</report>
			<report>
				<misses>3171001</misses>
				<total>423</total>
				<timestamp>506.877853</timestamp>
			</report>
			<report>
				<misses>3172001</misses>
				<total>423</total>
				<timestamp>507.037655</timestamp>
			</report>
			<report>
				<misses>3173001</misses>
				<total>423</total>
				<timestamp>507.197594</timestamp>
			</report>
			<report>
				<misses>3174001</misses>
				<total>422</total>
				<timestamp>507.357475</timestamp>
			</report>
			<report>
				<misses>3175001</misses>
				<total>422</total>
				<timestamp>507.517304</timestamp>
			</report>
			<report>
				<misses>3176001</misses>
				<total>423</total>
				<timestamp>507.677124</timestamp>
			</report>
			<report>
				<misses>3177001</misses>
				<total>423</total>
				<timestamp>507.837040</timestamp>
			</report>
			<report>
				<misses>3178001</misses>
				<total>423</total>
				<timestamp>507.996865</timestamp>
			</report>
			<report>
				<misses>3179001</misses>
				<total>423</total>
				<timestamp>508.156713</timestamp>
			</report>
			<report>
				<misses>3180001</misses>
				<total>423</total>
				<timestamp>508.316644</timestamp>
			</report>
			<report>
				<misses>3181001</misses>
				<total>423</total>
				<timestamp>508.476580</timestamp>
			</report>
			<report>
				<misses>3182001</misses>
				<total>423</total>
				<timestamp>508.636429</timestamp>
			</report>
			<report>
				<misses>3183001</misses>
				<total>423</total>
				<timestamp>508.796290</timestamp>
			</report>
			<report>
				<misses>3184001</misses>
				<total>423</total>
				<timestamp>508.956095</timestamp>
			</report>
			<report>
				<misses>3185001</misses>
				<total>423</total>
				<timestamp>509.115988</timestamp>
			</report>
			<report>
				<misses>3186001</misses>
				<total>423</total>
				<timestamp>509.275798</timestamp>
			</report>
			<report>
				<misses>3187001</misses>
				<total>424</total>
				<timestamp>509.435548</timestamp>
			</report>
			<report>
				<misses>3188001</misses>
				<total>424</total>
				<timestamp>509.595365</timestamp>
			</report>
			<report>
				<misses>3189001</misses>
				<total>424</total>
				<timestamp>509.755213</timestamp>
			</report>
			<report>
				<misses>3190001</misses>
				<total>424</total>
				<timestamp>509.915065</timestamp>
			</report>
			<report>
				<misses>3191001</misses>
				<total>424</total>
				<timestamp>510.074910</timestamp>
			</report>
			<report>
				<misses>3192001</misses>
				<total>424</total>
				<timestamp>510.234731</timestamp>
			</report>
			<report>
				<misses>3193001</misses>
				<total>424</total>
				<timestamp>510.394577</timestamp>
			</report>
			<report>
				<misses>3194001</misses>
				<total>424</total>
				<timestamp>510.554423</timestamp>
			</report>
			<report>
				<misses>3195001</misses>
				<total>424</total>
				<timestamp>510.714259</timestamp>
			</report>
			<report>
				<misses>3196001</misses>
				<total>424</total>
				<timestamp>510.874091</timestamp>
			</report>
			<report>
				<misses>3197001</misses>
				<total>424</total>
				<timestamp>511.033928</timestamp>
			</report>
			<report>
				<misses>3198001</misses>
				<total>424</total>
				<timestamp>511.193798</timestamp>
			</report>
			<report>
				<misses>3199001</misses>
				<total>424</total>
				<timestamp>511.353629</timestamp>
			</report>
			<report>
				<misses>3200001</misses>
				<total>424</total>
				<timestamp>511.513481</timestamp>
			</report>
			<report>
				<misses>3201001</misses>
				<total>425</total>
				<timestamp>511.673302</timestamp>
			</report>
			<report>
				<misses>3202001</misses>
				<total>425</total>
				<timestamp>511.833125</timestamp>
			</report>
			<report>
				<misses>3203001</misses>
				<total>425</total>
				<timestamp>511.992963</timestamp>
			</report>
			<report>
				<misses>3204001</misses>
				<total>425</total>
				<timestamp>512.152860</timestamp>
			</report>
			<report>
				<misses>3205001</misses>
				<total>426</total>
				<timestamp>512.312664</timestamp>
			</report>
			<report>
				<misses>3206001</misses>
				<total>426</total>
				<timestamp>512.472506</timestamp>
			</report>
			<report>
				<misses>3207001</misses>
				<total>426</total>
				<timestamp>512.632384</timestamp>
			</report>
			<report>
				<misses>3208001</misses>
				<total>426</total>
				<timestamp>512.792173</timestamp>
			</report>
			<report>
				<misses>3209001</misses>
				<total>426</total>
				<timestamp>512.952038</timestamp>
			</report>
			<report>
				<misses>3210001</misses>
				<total>426</total>
				<timestamp>513.111862</timestamp>
			</report>
			<report>
				<misses>3211001</misses>
				<total>426</total>
				<timestamp>513.271684</timestamp>
			</report>
			<report>
				<misses>3212001</misses>
				<total>426</total>
				<timestamp>513.431541</timestamp>
			</report>
			<report>
				<misses>3213001</misses>
				<total>426</total>
				<timestamp>513.591393</timestamp>
			</report>
			<report>
				<misses>3214001</misses>
				<total>426</total>
				<timestamp>513.751221</timestamp>
			</report>
			<report>
				<misses>3215001</misses>
				<total>429</total>
				<timestamp>513.911067</timestamp>
			</report>
			<report>
				<misses>3216001</misses>
				<total>429</total>
				<timestamp>514.070943</timestamp>
			</report>
			<report>
				<misses>3217001</misses>
				<total>429</total>
				<timestamp>514.230858</timestamp>
			</report>
			<report>
				<misses>3218001</misses>
				<total>429</total>
				<timestamp>514.390698</timestamp>
			</report>
			<report>
				<misses>3219001</misses>
				<total>429</total>
				<timestamp>514.550446</timestamp>
			</report>
			<report>
				<misses>3220001</misses>
				<total>429</total>
				<timestamp>514.710404</timestamp>
			</report>
			<report>
				<misses>3221001</misses>
				<total>429</total>
				<timestamp>514.870276</timestamp>
			</report>
			<report>
				<misses>3222001</misses>
				<total>429</total>
				<timestamp>515.030135</timestamp>
			</report>
			<report>
				<misses>3223001</misses>
				<total>429</total>
				<timestamp>515.190025</timestamp>
			</report>
			<report>
				<misses>3224001</misses>
				<total>429</total>
				<timestamp>515.349844</timestamp>
			</report>
			<report>
				<misses>3225001</misses>
				<total>429</total>
				<timestamp>515.509791</timestamp>
			</report>
			<report>
				<misses>3226001</misses>
				<total>429</total>
				<timestamp>515.669742</timestamp>
			</report>
			<report>
				<misses>3227001</misses>
				<total>430</total>
				<timestamp>515.829622</timestamp>
			</report>
			<report>
				<misses>3228001</misses>
				<total>429</total>
				<timestamp>515.989645</timestamp>
			</report>
			<report>
				<misses>3229001</misses>
				<total>430</total>
				<timestamp>516.149547</timestamp>
			</report>
			<report>
				<misses>3230001</misses>
				<total>430</total>
				<timestamp>516.309297</timestamp>
			</report>
			<report>
				<misses>3231001</misses>
				<total>430</total>
				<timestamp>516.469140</timestamp>
			</report>
			<report>
				<misses>3232001</misses>
				<total>430</total>
				<timestamp>516.628977</timestamp>
			</report>
			<report>
				<misses>3233001</misses>
				<total>430</total>
				<timestamp>516.788829</timestamp>
			</report>
			<report>
				<misses>3234001</misses>
				<total>430</total>
				<timestamp>516.948660</timestamp>
			</report>
			<report>
				<misses>3235001</misses>
				<total>430</total>
				<timestamp>517.108534</timestamp>
			</report>
			<report>
				<misses>3236001</misses>
				<total>432</total>
				<timestamp>517.268385</timestamp>
			</report>
			<report>
				<misses>3237001</misses>
				<total>432</total>
				<timestamp>517.428173</timestamp>
			</report>
			<report>
				<misses>3238001</misses>
				<total>432</total>
				<timestamp>517.588015</timestamp>
			</report>
			<report>
				<misses>3239001</misses>
				<total>432</total>
				<timestamp>517.747887</timestamp>
			</report>
			<report>
				<misses>3240001</misses>
				<total>433</total>
				<timestamp>517.907689</timestamp>
			</report>
			<report>
				<misses>3241001</misses>
				<total>433</total>
				<timestamp>518.067551</timestamp>
			</report>
			<report>
				<misses>3242001</misses>
				<total>433</total>
				<timestamp>518.227383</timestamp>
			</report>
			<report>
				<misses>3243001</misses>
				<total>433</total>
				<timestamp>518.387244</timestamp>
			</report>
			<report>
				<misses>3244001</misses>
				<total>433</total>
				<timestamp>518.547093</timestamp>
			</report>
			<report>
				<misses>3245001</misses>
				<total>433</total>
				<timestamp>518.706902</timestamp>
			</report>
			<report>
				<misses>3246001</misses>
				<total>433</total>
				<timestamp>518.866751</timestamp>
			</report>
			<report>
				<misses>3247001</misses>
				<total>433</total>
				<timestamp>519.026586</timestamp>
			</report>
			<report>
				<misses>3248001</misses>
				<total>433</total>
				<timestamp>519.186402</timestamp>
			</report>
			<report>
				<misses>3249001</misses>
				<total>433</total>
				<timestamp>519.346250</timestamp>
			</report>
			<report>
				<misses>3250001</misses>
				<total>433</total>
				<timestamp>519.506095</timestamp>
			</report>
			<report>
				<misses>3251001</misses>
				<total>433</total>
				<timestamp>519.665930</timestamp>
			</report>
			<report>
				<misses>3252001</misses>
				<total>433</total>
				<timestamp>519.825778</timestamp>
			</report>
			<report>
				<misses>3253001</misses>
				<total>433</total>
				<timestamp>519.985632</timestamp>
			</report>
			<report>
				<misses>3254001</misses>
				<total>433</total>
				<timestamp>520.145524</timestamp>
			</report>
			<report>
				<misses>3255001</misses>
				<total>433</total>
				<timestamp>520.305295</timestamp>
			</report>
			<report>
				<misses>3256001</misses>
				<total>433</total>
				<timestamp>520.465130</timestamp>
			</report>
			<report>
				<misses>3257001</misses>
				<total>433</total>
				<timestamp>520.624976</timestamp>
			</report>
			<report>
				<misses>3258001</misses>
				<total>433</total>
				<timestamp>520.784820</timestamp>
			</report>
			<report>
				<misses>3259001</misses>
				<total>433</total>
				<timestamp>520.944659</timestamp>
			</report>
			<report>
				<misses>3260001</misses>
				<total>433</total>
				<timestamp>521.104513</timestamp>
			</report>
			<report>
				<misses>3261001</misses>
				<total>433</total>
				<timestamp>521.264371</timestamp>
			</report>
			<report>
				<misses>3262001</misses>
				<total>432</total>
				<timestamp>521.424222</timestamp>
			</report>
			<report>
				<misses>3263001</misses>
				<total>433</total>
				<timestamp>521.584026</timestamp>
			</report>
			<report>
				<misses>3264001</misses>
				<total>433</total>
				<timestamp>521.743880</timestamp>
			</report>
			<report>
				<misses>3265001</misses>
				<total>433</total>
				<timestamp>521.903682</timestamp>
			</report>
			<report>
				<misses>3266001</misses>
				<total>433</total>
				<timestamp>522.063531</timestamp>
			</report>
			<report>
				<misses>3267001</misses>
				<total>433</total>
				<timestamp>522.223373</timestamp>
			</report>
			<report>
				<misses>3268001</misses>
				<total>433</total>
				<timestamp>522.383215</timestamp>
			</report>
			<report>
				<misses>3269001</misses>
				<total>433</total>
				<timestamp>522.543042</timestamp>
			</report>
			<report>
				<misses>3270001</misses>
				<total>433</total>
				<timestamp>522.702886</timestamp>
			</report>
			<report>
				<misses>3271001</misses>
				<total>433</total>
				<timestamp>522.862760</timestamp>
			</report>
			<report>
				<misses>3272001</misses>
				<total>433</total>
				<timestamp>523.022607</timestamp>
			</report>
			<report>
				<misses>3273001</misses>
				<total>433</total>
				<timestamp>523.182470</timestamp>
			</report>
			<report>
				<misses>3274001</misses>
				<total>433</total>
				<timestamp>523.342353</timestamp>
			</report>
			<report>
				<misses>3275001</misses>
				<total>433</total>
				<timestamp>523.502161</timestamp>
			</report>
			<report>
				<misses>3276001</misses>
				<total>433</total>
				<timestamp>523.662027</timestamp>
			</report>
			<report>
				<misses>3277001</misses>
				<total>433</total>
				<timestamp>523.821871</timestamp>
			</report>
			<report>
				<misses>3278001</misses>
				<total>433</total>
				<timestamp>523.981621</timestamp>
			</report>
			<report>
				<misses>3279001</misses>
				<total>433</total>
				<timestamp>524.141467</timestamp>
			</report>
			<report>
				<misses>3280001</misses>
				<total>433</total>
				<timestamp>524.301305</timestamp>
			</report>
			<report>
				<misses>3281001</misses>
				<total>433</total>
				<timestamp>524.461129</timestamp>
			</report>
			<report>
				<misses>3282001</misses>
				<total>433</total>
				<timestamp>524.620974</timestamp>
			</report>
			<report>
				<misses>3283001</misses>
				<total>433</total>
				<timestamp>524.780822</timestamp>
			</report>
			<report>
				<misses>3284001</misses>
				<total>433</total>
				<timestamp>524.940693</timestamp>
			</report>
			<report>
				<misses>3285001</misses>
				<total>433</total>
				<timestamp>525.100512</timestamp>
			</report>
			<report>
				<misses>3286001</misses>
				<total>433</total>
				<timestamp>525.260361</timestamp>
			</report>
			<report>
				<misses>3287001</misses>
				<total>433</total>
				<timestamp>525.420182</timestamp>
			</report>
			<report>
				<misses>3288001</misses>
				<total>433</total>
				<timestamp>525.580010</timestamp>
			</report>
			<report>
				<misses>3289001</misses>
				<total>433</total>
				<timestamp>525.739854</timestamp>
			</report>
			<report>
				<misses>3290001</misses>
				<total>433</total>
				<timestamp>525.899680</timestamp>
			</report>
			<report>
				<misses>3291001</misses>
				<total>433</total>
				<timestamp>526.059664</timestamp>
			</report>
			<report>
				<misses>3292001</misses>
				<total>433</total>
				<timestamp>526.219497</timestamp>
			</report>
			<report>
				<misses>3293001</misses>
				<total>433</total>
				<timestamp>526.379244</timestamp>
			</report>
			<report>
				<misses>3294001</misses>
				<total>433</total>
				<timestamp>526.539048</timestamp>
			</report>
			<report>
				<misses>3295001</misses>
				<total>433</total>
				<timestamp>526.698949</timestamp>
			</report>
			<report>
				<misses>3296001</misses>
				<total>433</total>
				<timestamp>526.858754</timestamp>
			</report>
			<report>
				<misses>3297001</misses>
				<total>433</total>
				<timestamp>527.018636</timestamp>
			</report>
			<report>
				<misses>3298001</misses>
				<total>433</total>
				<timestamp>527.178450</timestamp>
			</report>
			<report>
				<misses>3299001</misses>
				<total>433</total>
				<timestamp>527.338256</timestamp>
			</report>
			<report>
				<misses>3300001</misses>
				<total>433</total>
				<timestamp>527.498099</timestamp>
			</report>
			<report>
				<misses>3301001</misses>
				<total>433</total>
				<timestamp>527.657932</timestamp>
			</report>
			<report>
				<misses>3302001</misses>
				<total>433</total>
				<timestamp>527.817795</timestamp>
			</report>
			<report>
				<misses>3303001</misses>
				<total>433</total>
				<timestamp>527.977653</timestamp>
			</report>
			<report>
				<misses>3304001</misses>
				<total>433</total>
				<timestamp>528.137473</timestamp>
			</report>
			<report>
				<misses>3305001</misses>
				<total>433</total>
				<timestamp>528.297292</timestamp>
			</report>
			<report>
				<misses>3306001</misses>
				<total>433</total>
				<timestamp>528.457131</timestamp>
			</report>
			<report>
				<misses>3307001</misses>
				<total>433</total>
				<timestamp>528.616998</timestamp>
			</report>
			<report>
				<misses>3308001</misses>
				<total>433</total>
				<timestamp>528.776819</timestamp>
			</report>
			<report>
				<misses>3309001</misses>
				<total>433</total>
				<timestamp>528.936655</timestamp>
			</report>
			<report>
				<misses>3310001</misses>
				<total>432</total>
				<timestamp>529.096534</timestamp>
			</report>
			<report>
				<misses>3311001</misses>
				<total>433</total>
				<timestamp>529.256383</timestamp>
			</report>
			<report>
				<misses>3312001</misses>
				<total>433</total>
				<timestamp>529.416190</timestamp>
			</report>
			<report>
				<misses>3313001</misses>
				<total>433</total>
				<timestamp>529.576007</timestamp>
			</report>
			<report>
				<misses>3314001</misses>
				<total>433</total>
				<timestamp>529.735868</timestamp>
			</report>
			<report>
				<misses>3315001</misses>
				<total>433</total>
				<timestamp>529.895725</timestamp>
			</report>
			<report>
				<misses>3316001</misses>
				<total>433</total>
				<timestamp>530.055554</timestamp>
			</report>
			<report>
				<misses>3317001</misses>
				<total>434</total>
				<timestamp>530.215378</timestamp>
			</report>
			<report>
				<misses>3318001</misses>
				<total>434</total>
				<timestamp>530.375230</timestamp>
			</report>
			<report>
				<misses>3319001</misses>
				<total>434</total>
				<timestamp>530.535063</timestamp>
			</report>
			<report>
				<misses>3320001</misses>
				<total>433</total>
				<timestamp>530.694914</timestamp>
			</report>
			<report>
				<misses>3321001</misses>
				<total>434</total>
				<timestamp>530.854746</timestamp>
			</report>
			<report>
				<misses>3322001</misses>
				<total>439</total>
				<timestamp>531.014585</timestamp>
			</report>
			<report>
				<misses>3323001</misses>
				<total>438</total>
				<timestamp>531.174417</timestamp>
			</report>
			<report>
				<misses>3324001</misses>
				<total>439</total>
				<timestamp>531.334257</timestamp>
			</report>
			<report>
				<misses>3325001</misses>
				<total>439</total>
				<timestamp>531.494091</timestamp>
			</report>
			<report>
				<misses>3326001</misses>
				<total>439</total>
				<timestamp>531.653980</timestamp>
			</report>
			<report>
				<misses>3327001</misses>
				<total>439</total>
				<timestamp>531.813780</timestamp>
			</report>
			<report>
				<misses>3328001</misses>
				<total>439</total>
				<timestamp>531.973624</timestamp>
			</report>
			<report>
				<misses>3329001</misses>
				<total>439</total>
				<timestamp>532.133491</timestamp>
			</report>
			<report>
				<misses>3330001</misses>
				<total>439</total>
				<timestamp>532.293295</timestamp>
			</report>
			<report>
				<misses>3331001</misses>
				<total>439</total>
				<timestamp>532.453186</timestamp>
			</report>
			<report>
				<misses>3332001</misses>
				<total>439</total>
				<timestamp>532.612986</timestamp>
			</report>
			<report>
				<misses>3333001</misses>
				<total>439</total>
				<timestamp>532.772823</timestamp>
			</report>
			<report>
				<misses>3334001</misses>
				<total>439</total>
				<timestamp>532.932646</timestamp>
			</report>
			<report>
				<misses>3335001</misses>
				<total>439</total>
				<timestamp>533.092511</timestamp>
			</report>
			<report>
				<misses>3336001</misses>
				<total>438</total>
				<timestamp>533.252379</timestamp>
			</report>
			<report>
				<misses>3337001</misses>
				<total>439</total>
				<timestamp>533.412179</timestamp>
			</report>
			<report>
				<misses>3338001</misses>
				<total>439</total>
				<timestamp>533.572106</timestamp>
			</report>
			<report>
				<misses>3339001</misses>
				<total>439</total>
				<timestamp>533.731980</timestamp>
			</report>
			<report>
				<misses>3340001</misses>
				<total>439</total>
				<timestamp>533.891800</timestamp>
			</report>
			<report>
				<misses>3341001</misses>
				<total>439</total>
				<timestamp>534.051566</timestamp>
			</report>
			<report>
				<misses>3342001</misses>
				<total>439</total>
				<timestamp>534.211478</timestamp>
			</report>
			<report>
				<misses>3343001</misses>
				<total>439</total>
				<timestamp>534.371227</timestamp>
			</report>
			<report>
				<misses>3344001</misses>
				<total>438</total>
				<timestamp>534.531200</timestamp>
			</report>
			<report>
				<misses>3345001</misses>
				<total>439</total>
				<timestamp>534.691190</timestamp>
			</report>
			<report>
				<misses>3346001</misses>
				<total>439</total>
				<timestamp>534.850896</timestamp>
			</report>
			<report>
				<misses>3347001</misses>
				<total>439</total>
				<timestamp>535.010737</timestamp>
			</report>
			<report>
				<misses>3348001</misses>
				<total>439</total>
				<timestamp>535.170597</timestamp>
			</report>
			<report>
				<misses>3349001</misses>
				<total>439</total>
				<timestamp>535.330410</timestamp>
			</report>
			<report>
				<misses>3350001</misses>
				<total>439</total>
				<timestamp>535.490297</timestamp>
			</report>
			<report>
				<misses>3351001</misses>
				<total>439</total>
				<timestamp>535.650112</timestamp>
			</report>
			<report>
				<misses>3352001</misses>
				<total>439</total>
				<timestamp>535.809953</timestamp>
			</report>
			<report>
				<misses>3353001</misses>
				<total>439</total>
				<timestamp>535.969774</timestamp>
			</report>
			<report>
				<misses>3354001</misses>
				<total>439</total>
				<timestamp>536.129662</timestamp>
			</report>
			<report>
				<misses>3355001</misses>
				<total>439</total>
				<timestamp>536.289469</timestamp>
			</report>
			<report>
				<misses>3356001</misses>
				<total>439</total>
				<timestamp>536.449294</timestamp>
			</report>
			<report>
				<misses>3357001</misses>
				<total>439</total>
				<timestamp>536.609132</timestamp>
			</report>
			<report>
				<misses>3358001</misses>
				<total>439</total>
				<timestamp>536.768978</timestamp>
			</report>
			<report>
				<misses>3359001</misses>
				<total>438</total>
				<timestamp>536.928833</timestamp>
			</report>
			<report>
				<misses>3360001</misses>
				<total>439</total>
				<timestamp>537.088737</timestamp>
			</report>
			<report>
				<misses>3361001</misses>
				<total>439</total>
				<timestamp>537.248581</timestamp>
			</report>
			<report>
				<misses>3362001</misses>
				<total>445</total>
				<timestamp>537.408398</timestamp>
			</report>
			<report>
				<misses>3363001</misses>
				<total>445</total>
				<timestamp>537.568181</timestamp>
			</report>
			<report>
				<misses>3364001</misses>
				<total>445</total>
				<timestamp>537.728015</timestamp>
			</report>
			<report>
				<misses>3365001</misses>
				<total>445</total>
				<timestamp>537.887937</timestamp>
			</report>
			<report>
				<misses>3366001</misses>
				<total>445</total>
				<timestamp>538.047790</timestamp>
			</report>
			<report>
				<misses>3367001</misses>
				<total>445</total>
				<timestamp>538.207570</timestamp>
			</report>
			<report>
				<misses>3368001</misses>
				<total>445</total>
				<timestamp>538.367402</timestamp>
			</report>
			<report>
				<misses>3369001</misses>
				<total>445</total>
				<timestamp>538.527312</timestamp>
			</report>
			<report>
				<misses>3370001</misses>
				<total>445</total>
				<timestamp>538.687122</timestamp>
			</report>
			<report>
				<misses>3371001</misses>
				<total>445</total>
				<timestamp>538.846976</timestamp>
			</report>
			<report>
				<misses>3372001</misses>
				<total>445</total>
				<timestamp>539.006876</timestamp>
			</report>
			<report>
				<misses>3373001</misses>
				<total>445</total>
				<timestamp>539.166788</timestamp>
			</report>
			<report>
				<misses>3374001</misses>
				<total>445</total>
				<timestamp>539.326622</timestamp>
			</report>
			<report>
				<misses>3375001</misses>
				<total>445</total>
				<timestamp>539.486429</timestamp>
			</report>
			<report>
				<misses>3376001</misses>
				<total>445</total>
				<timestamp>539.646286</timestamp>
			</report>
			<report>
				<misses>3377001</misses>
				<total>445</total>
				<timestamp>539.806134</timestamp>
			</report>
			<report>
				<misses>3378001</misses>
				<total>445</total>
				<timestamp>539.966005</timestamp>
			</report>
			<report>
				<misses>3379001</misses>
				<total>445</total>
				<timestamp>540.125848</timestamp>
			</report>
			<report>
				<misses>3380001</misses>
				<total>445</total>
				<timestamp>540.285633</timestamp>
			</report>
			<report>
				<misses>3381001</misses>
				<total>445</total>
				<timestamp>540.445641</timestamp>
			</report>
			<report>
				<misses>3382001</misses>
				<total>445</total>
				<timestamp>540.605504</timestamp>
			</report>
			<report>
				<misses>3383001</misses>
				<total>445</total>
				<timestamp>540.765385</timestamp>
			</report>
			<report>
				<misses>3384001</misses>
				<total>445</total>
				<timestamp>540.925217</timestamp>
			</report>
			<report>
				<misses>3385001</misses>
				<total>445</total>
				<timestamp>541.085092</timestamp>
			</report>
			<report>
				<misses>3386001</misses>
				<total>445</total>
				<timestamp>541.244835</timestamp>
			</report>
			<report>
				<misses>3387001</misses>
				<total>445</total>
				<timestamp>541.404686</timestamp>
			</report>
			<report>
				<misses>3388001</misses>
				<total>445</total>
				<timestamp>541.564519</timestamp>
			</report>
			<report>
				<misses>3389001</misses>
				<total>445</total>
				<timestamp>541.724467</timestamp>
			</report>
			<report>
				<misses>3390001</misses>
				<total>445</total>
				<timestamp>541.884205</timestamp>
			</report>
			<report>
				<misses>3391001</misses>
				<total>445</total>
				<timestamp>542.044066</timestamp>
			</report>
			<report>
				<misses>3392001</misses>
				<total>445</total>
				<timestamp>542.203933</timestamp>
			</report>
			<report>
				<misses>3393001</misses>
				<total>445</total>
				<timestamp>542.363738</timestamp>
			</report>
			<report>
				<misses>3394001</misses>
				<total>445</total>
				<timestamp>542.523579</timestamp>
			</report>
			<report>
				<misses>3395001</misses>
				<total>445</total>
				<timestamp>542.683424</timestamp>
			</report>
			<report>
				<misses>3396001</misses>
				<total>445</total>
				<timestamp>542.843386</timestamp>
			</report>
			<report>
				<misses>3397001</misses>
				<total>445</total>
				<timestamp>543.003286</timestamp>
			</report>
			<report>
				<misses>3398001</misses>
				<total>445</total>
				<timestamp>543.163075</timestamp>
			</report>
			<report>
				<misses>3399001</misses>
				<total>445</total>
				<timestamp>543.322897</timestamp>
			</report>
			<report>
				<misses>3400001</misses>
				<total>445</total>
				<timestamp>543.482772</timestamp>
			</report>
			<report>
				<misses>3401001</misses>
				<total>445</total>
				<timestamp>543.642737</timestamp>
			</report>
			<report>
				<misses>3402001</misses>
				<total>445</total>
				<timestamp>543.802681</timestamp>
			</report>
			<report>
				<misses>3403001</misses>
				<total>445</total>
				<timestamp>543.962516</timestamp>
			</report>
			<report>
				<misses>3404001</misses>
				<total>445</total>
				<timestamp>544.122356</timestamp>
			</report>
			<report>
				<misses>3405001</misses>
				<total>445</total>
				<timestamp>544.282100</timestamp>
			</report>
			<report>
				<misses>3406001</misses>
				<total>445</total>
				<timestamp>544.441949</timestamp>
			</report>
			<report>
				<misses>3407001</misses>
				<total>447</total>
				<timestamp>544.601792</timestamp>
			</report>
			<report>
				<misses>3408001</misses>
				<total>447</total>
				<timestamp>544.761634</timestamp>
			</report>
			<report>
				<misses>3409001</misses>
				<total>447</total>
				<timestamp>544.921479</timestamp>
			</report>
			<report>
				<misses>3410001</misses>
				<total>447</total>
				<timestamp>545.081341</timestamp>
			</report>
			<report>
				<misses>3411001</misses>
				<total>447</total>
				<timestamp>545.241142</timestamp>
			</report>
			<report>
				<misses>3412001</misses>
				<total>446</total>
				<timestamp>545.400984</timestamp>
			</report>
			<report>
				<misses>3413001</misses>
				<total>449</total>
				<timestamp>545.560801</timestamp>
			</report>
			<report>
				<misses>3414001</misses>
				<total>449</total>
				<timestamp>545.720652</timestamp>
			</report>
			<report>
				<misses>3415001</misses>
				<total>449</total>
				<timestamp>545.880489</timestamp>
			</report>
			<report>
				<misses>3416001</misses>
				<total>449</total>
				<timestamp>546.040364</timestamp>
			</report>
			<report>
				<misses>3417001</misses>
				<total>449</total>
				<timestamp>546.200186</timestamp>
			</report>
			<report>
				<misses>3418001</misses>
				<total>449</total>
				<timestamp>546.360005</timestamp>
			</report>
			<report>
				<misses>3419001</misses>
				<total>449</total>
				<timestamp>546.519860</timestamp>
			</report>
			<report>
				<misses>3420001</misses>
				<total>449</total>
				<timestamp>546.679728</timestamp>
			</report>
			<report>
				<misses>3421001</misses>
				<total>449</total>
				<timestamp>546.839536</timestamp>
			</report>
			<report>
				<misses>3422001</misses>
				<total>449</total>
				<timestamp>546.999405</timestamp>
			</report>
			<report>
				<misses>3423001</misses>
				<total>449</total>
				<timestamp>547.159248</timestamp>
			</report>
			<report>
				<misses>3424001</misses>
				<total>449</total>
				<timestamp>547.319072</timestamp>
			</report>
			<report>
				<misses>3425001</misses>
				<total>449</total>
				<timestamp>547.478893</timestamp>
			</report>
			<report>
				<misses>3426001</misses>
				<total>449</total>
				<timestamp>547.638736</timestamp>
			</report>
			<report>
				<misses>3427001</misses>
				<total>449</total>
				<timestamp>547.798576</timestamp>
			</report>
			<report>
				<misses>3428001</misses>
				<total>449</total>
				<timestamp>547.958433</timestamp>
			</report>
			<report>
				<misses>3429001</misses>
				<total>448</total>
				<timestamp>548.118403</timestamp>
			</report>
			<report>
				<misses>3430001</misses>
				<total>449</total>
				<timestamp>548.278418</timestamp>
			</report>
			<report>
				<misses>3431001</misses>
				<total>449</total>
				<timestamp>548.438312</timestamp>
			</report>
			<report>
				<misses>3432001</misses>
				<total>449</total>
				<timestamp>548.598113</timestamp>
			</report>
			<report>
				<misses>3433001</misses>
				<total>449</total>
				<timestamp>548.757970</timestamp>
			</report>
			<report>
				<misses>3434001</misses>
				<total>449</total>
				<timestamp>548.917868</timestamp>
			</report>
			<report>
				<misses>3435001</misses>
				<total>449</total>
				<timestamp>549.077713</timestamp>
			</report>
			<report>
				<misses>3436001</misses>
				<total>449</total>
				<timestamp>549.237594</timestamp>
			</report>
			<report>
				<misses>3437001</misses>
				<total>449</total>
				<timestamp>549.397350</timestamp>
			</report>
			<report>
				<misses>3438001</misses>
				<total>448</total>
				<timestamp>549.557199</timestamp>
			</report>
			<report>
				<misses>3439001</misses>
				<total>449</total>
				<timestamp>549.717068</timestamp>
			</report>
			<report>
				<misses>3440001</misses>
				<total>449</total>
				<timestamp>549.876921</timestamp>
			</report>
			<report>
				<misses>3441001</misses>
				<total>449</total>
				<timestamp>550.036744</timestamp>
			</report>
			<report>
				<misses>3442001</misses>
				<total>449</total>
				<timestamp>550.196529</timestamp>
			</report>
			<report>
				<misses>3443001</misses>
				<total>449</total>
				<timestamp>550.356394</timestamp>
			</report>
			<report>
				<misses>3444001</misses>
				<total>449</total>
				<timestamp>550.516304</timestamp>
			</report>
			<report>
				<misses>3445001</misses>
				<total>448</total>
				<timestamp>550.676104</timestamp>
			</report>
			<report>
				<misses>3446001</misses>
				<total>449</total>
				<timestamp>550.835964</timestamp>
			</report>
			<report>
				<misses>3447001</misses>
				<total>449</total>
				<timestamp>550.995776</timestamp>
			</report>
			<report>
				<misses>3448001</misses>
				<total>449</total>
				<timestamp>551.155629</timestamp>
			</report>
			<report>
				<misses>3449001</misses>
				<total>449</total>
				<timestamp>551.315542</timestamp>
			</report>
			<report>
				<misses>3450001</misses>
				<total>449</total>
				<timestamp>551.475502</timestamp>
			</report>
			<report>
				<misses>3451001</misses>
				<total>449</total>
				<timestamp>551.635328</timestamp>
			</report>
			<report>
				<misses>3452001</misses>
				<total>449</total>
				<timestamp>551.795053</timestamp>
			</report>
			<report>
				<misses>3453001</misses>
				<total>449</total>
				<timestamp>551.954974</timestamp>
			</report>
			<report>
				<misses>3454001</misses>
				<total>449</total>
				<timestamp>552.114750</timestamp>
			</report>
			<report>
				<misses>3455001</misses>
				<total>449</total>
				<timestamp>552.274706</timestamp>
			</report>
			<report>
				<misses>3456001</misses>
				<total>449</total>
				<timestamp>552.434517</timestamp>
			</report>
			<report>
				<misses>3457001</misses>
				<total>449</total>
				<timestamp>552.594375</timestamp>
			</report>
			<report>
				<misses>3458001</misses>
				<total>454</total>
				<timestamp>552.754179</timestamp>
			</report>
			<report>
				<misses>3459001</misses>
				<total>454</total>
				<timestamp>552.913990</timestamp>
			</report>
			<report>
				<misses>3460001</misses>
				<total>454</total>
				<timestamp>553.073799</timestamp>
			</report>
			<report>
				<misses>3461001</misses>
				<total>454</total>
				<timestamp>553.233729</timestamp>
			</report>
			<report>
				<misses>3462001</misses>
				<total>454</total>
				<timestamp>553.393455</timestamp>
			</report>
			<report>
				<misses>3463001</misses>
				<total>454</total>
				<timestamp>553.553332</timestamp>
			</report>
			<report>
				<misses>3464001</misses>
				<total>453</total>
				<timestamp>553.713126</timestamp>
			</report>
			<report>
				<misses>3465001</misses>
				<total>454</total>
				<timestamp>553.872972</timestamp>
			</report>
			<report>
				<misses>3466001</misses>
				<total>454</total>
				<timestamp>554.032798</timestamp>
			</report>
			<report>
				<misses>3467001</misses>
				<total>454</total>
				<timestamp>554.192648</timestamp>
			</report>
			<report>
				<misses>3468001</misses>
				<total>454</total>
				<timestamp>554.352489</timestamp>
			</report>
			<report>
				<misses>3469001</misses>
				<total>454</total>
				<timestamp>554.512356</timestamp>
			</report>
			<report>
				<misses>3470001</misses>
				<total>454</total>
				<timestamp>554.672195</timestamp>
			</report>
			<report>
				<misses>3471001</misses>
				<total>454</total>
				<timestamp>554.832025</timestamp>
			</report>
			<report>
				<misses>3472001</misses>
				<total>454</total>
				<timestamp>554.991842</timestamp>
			</report>
			<report>
				<misses>3473001</misses>
				<total>454</total>
				<timestamp>555.151686</timestamp>
			</report>
			<report>
				<misses>3474001</misses>
				<total>454</total>
				<timestamp>555.311557</timestamp>
			</report>
			<report>
				<misses>3475001</misses>
				<total>454</total>
				<timestamp>555.471392</timestamp>
			</report>
			<report>
				<misses>3476001</misses>
				<total>454</total>
				<timestamp>555.631261</timestamp>
			</report>
			<report>
				<misses>3477001</misses>
				<total>454</total>
				<timestamp>555.791053</timestamp>
			</report>
			<report>
				<misses>3478001</misses>
				<total>454</total>
				<timestamp>555.950895</timestamp>
			</report>
			<report>
				<misses>3479001</misses>
				<total>454</total>
				<timestamp>556.110732</timestamp>
			</report>
			<report>
				<misses>3480001</misses>
				<total>454</total>
				<timestamp>556.270579</timestamp>
			</report>
			<report>
				<misses>3481001</misses>
				<total>455</total>
				<timestamp>556.430413</timestamp>
			</report>
			<report>
				<misses>3482001</misses>
				<total>455</total>
				<timestamp>556.590255</timestamp>
			</report>
			<report>
				<misses>3483001</misses>
				<total>455</total>
				<timestamp>556.750106</timestamp>
			</report>
			<report>
				<misses>3484001</misses>
				<total>455</total>
				<timestamp>556.909950</timestamp>
			</report>
			<report>
				<misses>3485001</misses>
				<total>455</total>
				<timestamp>557.069800</timestamp>
			</report>
			<report>
				<misses>3486001</misses>
				<total>455</total>
				<timestamp>557.229733</timestamp>
			</report>
			<report>
				<misses>3487001</misses>
				<total>455</total>
				<timestamp>557.389508</timestamp>
			</report>
			<report>
				<misses>3488001</misses>
				<total>455</total>
				<timestamp>557.549408</timestamp>
			</report>
			<report>
				<misses>3489001</misses>
				<total>455</total>
				<timestamp>557.709191</timestamp>
			</report>
			<report>
				<misses>3490001</misses>
				<total>455</total>
				<timestamp>557.868967</timestamp>
			</report>
			<report>
				<misses>3491001</misses>
				<total>455</total>
				<timestamp>558.028820</timestamp>
			</report>
			<report>
				<misses>3492001</misses>
				<total>455</total>
				<timestamp>558.188662</timestamp>
			</report>
			<report>
				<misses>3493001</misses>
				<total>455</total>
				<timestamp>558.348510</timestamp>
			</report>
			<report>
				<misses>3494001</misses>
				<total>455</total>
				<timestamp>558.508359</timestamp>
			</report>
			<report>
				<misses>3495001</misses>
				<total>455</total>
				<timestamp>558.668193</timestamp>
			</report>
			<report>
				<misses>3496001</misses>
				<total>455</total>
				<timestamp>558.828031</timestamp>
			</report>
			<report>
				<misses>3497001</misses>
				<total>455</total>
				<timestamp>558.987923</timestamp>
			</report>
			<report>
				<misses>3498001</misses>
				<total>455</total>
				<timestamp>559.147817</timestamp>
			</report>
			<report>
				<misses>3499001</misses>
				<total>455</total>
				<timestamp>559.307611</timestamp>
			</report>
			<report>
				<misses>3500001</misses>
				<total>455</total>
				<timestamp>559.467459</timestamp>
			</report>
			<report>
				<misses>3501001</misses>
				<total>455</total>
				<timestamp>559.627278</timestamp>
			</report>
			<report>
				<misses>3502001</misses>
				<total>455</total>
				<timestamp>559.787062</timestamp>
			</report>
			<report>
				<misses>3503001</misses>
				<total>455</total>
				<timestamp>559.946933</timestamp>
			</report>
			<report>
				<misses>3504001</misses>
				<total>455</total>
				<timestamp>560.106796</timestamp>
			</report>
			<report>
				<misses>3505001</misses>
				<total>455</total>
				<timestamp>560.266650</timestamp>
			</report>
			<report>
				<misses>3506001</misses>
				<total>455</total>
				<timestamp>560.426452</timestamp>
			</report>
			<report>
				<misses>3507001</misses>
				<total>455</total>
				<timestamp>560.586357</timestamp>
			</report>
			<report>
				<misses>3508001</misses>
				<total>455</total>
				<timestamp>560.746205</timestamp>
			</report>
			<report>
				<misses>3509001</misses>
				<total>455</total>
				<timestamp>560.906019</timestamp>
			</report>
			<report>
				<misses>3510001</misses>
				<total>455</total>
				<timestamp>561.065821</timestamp>
			</report>
			<report>
				<misses>3511001</misses>
				<total>455</total>
				<timestamp>561.225620</timestamp>
			</report>
			<report>
				<misses>3512001</misses>
				<total>455</total>
				<timestamp>561.385586</timestamp>
			</report>
			<report>
				<misses>3513001</misses>
				<total>455</total>
				<timestamp>561.545397</timestamp>
			</report>
			<report>
				<misses>3514001</misses>
				<total>455</total>
				<timestamp>561.705237</timestamp>
			</report>
			<report>
				<misses>3515001</misses>
				<total>455</total>
				<timestamp>561.865051</timestamp>
			</report>
			<report>
				<misses>3516001</misses>
				<total>455</total>
				<timestamp>562.024819</timestamp>
			</report>
			<report>
				<misses>3517001</misses>
				<total>455</total>
				<timestamp>562.184757</timestamp>
			</report>
			<report>
				<misses>3518001</misses>
				<total>455</total>
				<timestamp>562.344660</timestamp>
			</report>
			<report>
				<misses>3519001</misses>
				<total>455</total>
				<timestamp>562.504609</timestamp>
			</report>
			<report>
				<misses>3520001</misses>
				<total>455</total>
				<timestamp>562.664412</timestamp>
			</report>
			<report>
				<misses>3521001</misses>
				<total>455</total>
				<timestamp>562.824232</timestamp>
			</report>
			<report>
				<misses>3522001</misses>
				<total>455</total>
				<timestamp>562.984152</timestamp>
			</report>
			<report>
				<misses>3523001</misses>
				<total>455</total>
				<timestamp>563.143882</timestamp>
			</report>
			<report>
				<misses>3524001</misses>
				<total>455</total>
				<timestamp>563.303757</timestamp>
			</report>
			<report>
				<misses>3525001</misses>
				<total>455</total>
				<timestamp>563.463568</timestamp>
			</report>
			<report>
				<misses>3526001</misses>
				<total>455</total>
				<timestamp>563.623495</timestamp>
			</report>
			<report>
				<misses>3527001</misses>
				<total>455</total>
				<timestamp>563.783216</timestamp>
			</report>
			<report>
				<misses>3528001</misses>
				<total>455</total>
				<timestamp>563.943107</timestamp>
			</report>
			<report>
				<misses>3529001</misses>
				<total>455</total>
				<timestamp>564.102937</timestamp>
			</report>
			<report>
				<misses>3530001</misses>
				<total>455</total>
				<timestamp>564.262900</timestamp>
			</report>
			<report>
				<misses>3531001</misses>
				<total>455</total>
				<timestamp>564.422761</timestamp>
			</report>
			<report>
				<misses>3532001</misses>
				<total>455</total>
				<timestamp>564.582607</timestamp>
			</report>
			<report>
				<misses>3533001</misses>
				<total>455</total>
				<timestamp>564.742429</timestamp>
			</report>
			<report>
				<misses>3534001</misses>
				<total>454</total>
				<timestamp>564.902369</timestamp>
			</report>
			<report>
				<misses>3535001</misses>
				<total>455</total>
				<timestamp>565.062112</timestamp>
			</report>
			<report>
				<misses>3536001</misses>
				<total>455</total>
				<timestamp>565.221929</timestamp>
			</report>
			<report>
				<misses>3537001</misses>
				<total>455</total>
				<timestamp>565.381797</timestamp>
			</report>
			<report>
				<misses>3538001</misses>
				<total>457</total>
				<timestamp>565.541621</timestamp>
			</report>
			<report>
				<misses>3539001</misses>
				<total>457</total>
				<timestamp>565.701441</timestamp>
			</report>
			<report>
				<misses>3540001</misses>
				<total>457</total>
				<timestamp>565.861471</timestamp>
			</report>
			<report>
				<misses>3541001</misses>
				<total>457</total>
				<timestamp>566.021387</timestamp>
			</report>
			<report>
				<misses>3542001</misses>
				<total>457</total>
				<timestamp>566.181271</timestamp>
			</report>
			<report>
				<misses>3543001</misses>
				<total>457</total>
				<timestamp>566.341072</timestamp>
			</report>
			<report>
				<misses>3544001</misses>
				<total>457</total>
				<timestamp>566.500863</timestamp>
			</report>
			<report>
				<misses>3545001</misses>
				<total>457</total>
				<timestamp>566.660640</timestamp>
			</report>
			<report>
				<misses>3546001</misses>
				<total>457</total>
				<timestamp>566.820568</timestamp>
			</report>
			<report>
				<misses>3547001</misses>
				<total>457</total>
				<timestamp>566.980335</timestamp>
			</report>
			<report>
				<misses>3548001</misses>
				<total>457</total>
				<timestamp>567.140216</timestamp>
			</report>
			<report>
				<misses>3549001</misses>
				<total>456</total>
				<timestamp>567.300101</timestamp>
			</report>
			<report>
				<misses>3550001</misses>
				<total>457</total>
				<timestamp>567.459941</timestamp>
			</report>
			<report>
				<misses>3551001</misses>
				<total>457</total>
				<timestamp>567.619695</timestamp>
			</report>
			<report>
				<misses>3552001</misses>
				<total>457</total>
				<timestamp>567.779585</timestamp>
			</report>
			<report>
				<misses>3553001</misses>
				<total>457</total>
				<timestamp>567.939393</timestamp>
			</report>
			<report>
				<misses>3554001</misses>
				<total>457</total>
				<timestamp>568.099224</timestamp>
			</report>
			<report>
				<misses>3555001</misses>
				<total>457</total>
				<timestamp>568.259055</timestamp>
			</report>
			<report>
				<misses>3556001</misses>
				<total>457</total>
				<timestamp>568.418889</timestamp>
			</report>
			<report>
				<misses>3557001</misses>
				<total>457</total>
				<timestamp>568.578731</timestamp>
			</report>
			<report>
				<misses>3558001</misses>
				<total>457</total>
				<timestamp>568.738573</timestamp>
			</report>
			<report>
				<misses>3559001</misses>
				<total>457</total>
				<timestamp>568.898422</timestamp>
			</report>
			<report>
				<misses>3560001</misses>
				<total>459</total>
				<timestamp>569.058273</timestamp>
			</report>
			<report>
				<misses>3561001</misses>
				<total>459</total>
				<timestamp>569.218118</timestamp>
			</report>
			<report>
				<misses>3562001</misses>
				<total>468</total>
				<timestamp>569.377926</timestamp>
			</report>
			<report>
				<misses>3563001</misses>
				<total>470</total>
				<timestamp>569.537770</timestamp>
			</report>
			<report>
				<misses>3564001</misses>
				<total>470</total>
				<timestamp>569.697608</timestamp>
			</report>
			<report>
				<misses>3565001</misses>
				<total>470</total>
				<timestamp>569.857452</timestamp>
			</report>
			<report>
				<misses>3566001</misses>
				<total>470</total>
				<timestamp>570.017308</timestamp>
			</report>
			<report>
				<misses>3567001</misses>
				<total>470</total>
				<timestamp>570.177167</timestamp>
			</report>
			<report>
				<misses>3568001</misses>
				<total>470</total>
				<timestamp>570.336981</timestamp>
			</report>
			<report>
				<misses>3569001</misses>
				<total>470</total>
				<timestamp>570.496815</timestamp>
			</report>
			<report>
				<misses>3570001</misses>
				<total>470</total>
				<timestamp>570.656675</timestamp>
			</report>
			<report>
				<misses>3571001</misses>
				<total>470</total>
				<timestamp>570.816539</timestamp>
			</report>
			<report>
				<misses>3572001</misses>
				<total>470</total>
				<timestamp>570.976334</timestamp>
			</report>
			<report>
				<misses>3573001</misses>
				<total>470</total>
				<timestamp>571.136190</timestamp>
			</report>
			<report>
				<misses>3574001</misses>
				<total>470</total>
				<timestamp>571.296010</timestamp>
			</report>
			<report>
				<misses>3575001</misses>
				<total>470</total>
				<timestamp>571.455858</timestamp>
			</report>
			<report>
				<misses>3576001</misses>
				<total>471</total>
				<timestamp>571.615682</timestamp>
			</report>
			<report>
				<misses>3577001</misses>
				<total>470</total>
				<timestamp>571.775529</timestamp>
			</report>
			<report>
				<misses>3578001</misses>
				<total>471</total>
				<timestamp>571.935376</timestamp>
			</report>
			<report>
				<misses>3579001</misses>
				<total>471</total>
				<timestamp>572.095279</timestamp>
			</report>
			<report>
				<misses>3580001</misses>
				<total>471</total>
				<timestamp>572.255049</timestamp>
			</report>
			<report>
				<misses>3581001</misses>
				<total>471</total>
				<timestamp>572.414889</timestamp>
			</report>
			<report>
				<misses>3582001</misses>
				<total>471</total>
				<timestamp>572.574727</timestamp>
			</report>
			<report>
				<misses>3583001</misses>
				<total>471</total>
				<timestamp>572.734573</timestamp>
			</report>
			<report>
				<misses>3584001</misses>
				<total>471</total>
				<timestamp>572.894409</timestamp>
			</report>
			<report>
				<misses>3585001</misses>
				<total>470</total>
				<timestamp>573.054275</timestamp>
			</report>
			<report>
				<misses>3586001</misses>
				<total>471</total>
				<timestamp>573.214108</timestamp>
			</report>
			<report>
				<misses>3587001</misses>
				<total>471</total>
				<timestamp>573.373934</timestamp>
			</report>
			<report>
				<misses>3588001</misses>
				<total>471</total>
				<timestamp>573.533772</timestamp>
			</report>
			<report>
				<misses>3589001</misses>
				<total>471</total>
				<timestamp>573.693605</timestamp>
			</report>
			<report>
				<misses>3590001</misses>
				<total>471</total>
				<timestamp>573.853465</timestamp>
			</report>
			<report>
				<misses>3591001</misses>
				<total>471</total>
				<timestamp>574.013316</timestamp>
			</report>
			<report>
				<misses>3592001</misses>
				<total>471</total>
				<timestamp>574.173169</timestamp>
			</report>
			<report>
				<misses>3593001</misses>
				<total>471</total>
				<timestamp>574.333008</timestamp>
			</report>
			<report>
				<misses>3594001</misses>
				<total>471</total>
				<timestamp>574.492933</timestamp>
			</report>
			<report>
				<misses>3595001</misses>
				<total>471</total>
				<timestamp>574.652682</timestamp>
			</report>
			<report>
				<misses>3596001</misses>
				<total>471</total>
				<timestamp>574.812498</timestamp>
			</report>
			<report>
				<misses>3597001</misses>
				<total>471</total>
				<timestamp>574.972367</timestamp>
			</report>
			<report>
				<misses>3598001</misses>
				<total>471</total>
				<timestamp>575.132223</timestamp>
			</report>
			<report>
				<misses>3599001</misses>
				<total>471</total>
				<timestamp>575.291999</timestamp>
			</report>
			<report>
				<misses>3600001</misses>
				<total>471</total>
				<timestamp>575.451891</timestamp>
			</report>
			<report>
				<misses>3601001</misses>
				<total>471</total>
				<timestamp>575.611783</timestamp>
			</report>
			<report>
				<misses>3602001</misses>
				<total>471</total>
				<timestamp>575.771655</timestamp>
			</report>
			<report>
				<misses>3603001</misses>
				<total>471</total>
				<timestamp>575.931379</timestamp>
			</report>
			<report>
				<misses>3604001</misses>
				<total>471</total>
				<timestamp>576.091251</timestamp>
			</report>
			<report>
				<misses>3605001</misses>
				<total>470</total>
				<timestamp>576.251124</timestamp>
			</report>
			<report>
				<misses>3606001</misses>
				<total>471</total>
				<timestamp>576.410899</timestamp>
			</report>
			<report>
				<misses>3607001</misses>
				<total>471</total>
				<timestamp>576.570737</timestamp>
			</report>
			<report>
				<misses>3608001</misses>
				<total>470</total>
				<timestamp>576.730576</timestamp>
			</report>
			<report>
				<misses>3609001</misses>
				<total>471</total>
				<timestamp>576.890442</timestamp>
			</report>
			<report>
				<misses>3610001</misses>
				<total>471</total>
				<timestamp>577.050265</timestamp>
			</report>
			<report>
				<misses>3611001</misses>
				<total>471</total>
				<timestamp>577.210132</timestamp>
			</report>
			<report>
				<misses>3612001</misses>
				<total>471</total>
				<timestamp>577.369946</timestamp>
			</report>
			<report>
				<misses>3613001</misses>
				<total>471</total>
				<timestamp>577.529774</timestamp>
			</report>
			<report>
				<misses>3614001</misses>
				<total>470</total>
				<timestamp>577.689709</timestamp>
			</report>
			<report>
				<misses>3615001</misses>
				<total>471</total>
				<timestamp>577.849447</timestamp>
			</report>
			<report>
				<misses>3616001</misses>
				<total>471</total>
				<timestamp>578.009321</timestamp>
			</report>
			<report>
				<misses>3617001</misses>
				<total>471</total>
				<timestamp>578.169169</timestamp>
			</report>
			<report>
				<misses>3618001</misses>
				<total>471</total>
				<timestamp>578.328977</timestamp>
			</report>
			<report>
				<misses>3619001</misses>
				<total>471</total>
				<timestamp>578.488809</timestamp>
			</report>
			<report>
				<misses>3620001</misses>
				<total>479</total>
				<timestamp>578.648656</timestamp>
			</report>
			<report>
				<misses>3621001</misses>
				<total>479</total>
				<timestamp>578.808551</timestamp>
			</report>
			<report>
				<misses>3622001</misses>
				<total>479</total>
				<timestamp>578.968339</timestamp>
			</report>
			<report>
				<misses>3623001</misses>
				<total>479</total>
				<timestamp>579.128169</timestamp>
			</report>
			<report>
				<misses>3624001</misses>
				<total>479</total>
				<timestamp>579.288055</timestamp>
			</report>
			<report>
				<misses>3625001</misses>
				<total>479</total>
				<timestamp>579.447844</timestamp>
			</report>
			<report>
				<misses>3626001</misses>
				<total>484</total>
				<timestamp>579.607680</timestamp>
			</report>
			<report>
				<misses>3627001</misses>
				<total>484</total>
				<timestamp>579.767569</timestamp>
			</report>
			<report>
				<misses>3628001</misses>
				<total>484</total>
				<timestamp>579.927378</timestamp>
			</report>
			<report>
				<misses>3629001</misses>
				<total>484</total>
				<timestamp>580.087256</timestamp>
			</report>
			<report>
				<misses>3630001</misses>
				<total>484</total>
				<timestamp>580.247209</timestamp>
			</report>
			<report>
				<misses>3631001</misses>
				<total>484</total>
				<timestamp>580.407192</timestamp>
			</report>
			<report>
				<misses>3632001</misses>
				<total>484</total>
				<timestamp>580.566968</timestamp>
			</report>
			<report>
				<misses>3633001</misses>
				<total>483</total>
				<timestamp>580.726769</timestamp>
			</report>
			<report>
				<misses>3634001</misses>
				<total>484</total>
				<timestamp>580.886676</timestamp>
			</report>
			<report>
				<misses>3635001</misses>
				<total>484</total>
				<timestamp>581.046583</timestamp>
			</report>
			<report>
				<misses>3636001</misses>
				<total>484</total>
				<timestamp>581.206503</timestamp>
			</report>
			<report>
				<misses>3637001</misses>
				<total>484</total>
				<timestamp>581.366375</timestamp>
			</report>
			<report>
				<misses>3638001</misses>
				<total>483</total>
				<timestamp>581.526166</timestamp>
			</report>
			<report>
				<misses>3639001</misses>
				<total>484</total>
				<timestamp>581.686016</timestamp>
			</report>
			<report>
				<misses>3640001</misses>
				<total>484</total>
				<timestamp>581.845839</timestamp>
			</report>
			<report>
				<misses>3641001</misses>
				<total>484</total>
				<timestamp>582.005632</timestamp>
			</report>
			<report>
				<misses>3642001</misses>
				<total>484</total>
				<timestamp>582.165579</timestamp>
			</report>
			<report>
				<misses>3643001</misses>
				<total>484</total>
				<timestamp>582.325366</timestamp>
			</report>
			<report>
				<misses>3644001</misses>
				<total>484</total>
				<timestamp>582.485192</timestamp>
			</report>
			<report>
				<misses>3645001</misses>
				<total>484</total>
				<timestamp>582.645193</timestamp>
			</report>
			<report>
				<misses>3646001</misses>
				<total>484</total>
				<timestamp>582.805090</timestamp>
			</report>
			<report>
				<misses>3647001</misses>
				<total>483</total>
				<timestamp>582.964910</timestamp>
			</report>
			<report>
				<misses>3648001</misses>
				<total>484</total>
				<timestamp>583.124774</timestamp>
			</report>
			<report>
				<misses>3649001</misses>
				<total>484</total>
				<timestamp>583.284557</timestamp>
			</report>
			<report>
				<misses>3650001</misses>
				<total>484</total>
				<timestamp>583.444502</timestamp>
			</report>
			<report>
				<misses>3651001</misses>
				<total>484</total>
				<timestamp>583.604421</timestamp>
			</report>
			<report>
				<misses>3652001</misses>
				<total>484</total>
				<timestamp>583.764281</timestamp>
			</report>
			<report>
				<misses>3653001</misses>
				<total>484</total>
				<timestamp>583.924047</timestamp>
			</report>
			<report>
				<misses>3654001</misses>
				<total>484</total>
				<timestamp>584.083858</timestamp>
			</report>
			<report>
				<misses>3655001</misses>
				<total>484</total>
				<timestamp>584.243691</timestamp>
			</report>
			<report>
				<misses>3656001</misses>
				<total>484</total>
				<timestamp>584.403530</timestamp>
			</report>
			<report>
				<misses>3657001</misses>
				<total>484</total>
				<timestamp>584.563357</timestamp>
			</report>
			<report>
				<misses>3658001</misses>
				<total>484</total>
				<timestamp>584.723217</timestamp>
			</report>
			<report>
				<misses>3659001</misses>
				<total>483</total>
				<timestamp>584.883112</timestamp>
			</report>
			<report>
				<misses>3660001</misses>
				<total>484</total>
				<timestamp>585.042896</timestamp>
			</report>
			<report>
				<misses>3661001</misses>
				<total>484</total>
				<timestamp>585.202728</timestamp>
			</report>
			<report>
				<misses>3662001</misses>
				<total>484</total>
				<timestamp>585.362583</timestamp>
			</report>
			<report>
				<misses>3663001</misses>
				<total>484</total>
				<timestamp>585.522435</timestamp>
			</report>
			<report>
				<misses>3664001</misses>
				<total>484</total>
				<timestamp>585.682267</timestamp>
			</report>
			<report>
				<misses>3665001</misses>
				<total>484</total>
				<timestamp>585.842116</timestamp>
			</report>
			<report>
				<misses>3666001</misses>
				<total>484</total>
				<timestamp>586.001942</timestamp>
			</report>
			<report>
				<misses>3667001</misses>
				<total>483</total>
				<timestamp>586.161768</timestamp>
			</report>
			<report>
				<misses>3668001</misses>
				<total>484</total>
				<timestamp>586.321600</timestamp>
			</report>
			<report>
				<misses>3669001</misses>
				<total>484</total>
				<timestamp>586.481480</timestamp>
			</report>
			<report>
				<misses>3670001</misses>
				<total>484</total>
				<timestamp>586.641318</timestamp>
			</report>
			<report>
				<misses>3671001</misses>
				<total>483</total>
				<timestamp>586.801176</timestamp>
			</report>
			<report>
				<misses>3672001</misses>
				<total>484</total>
				<timestamp>586.960997</timestamp>
			</report>
			<report>
				<misses>3673001</misses>
				<total>484</total>
				<timestamp>587.120919</timestamp>
			</report>
			<report>
				<misses>3674001</misses>
				<total>484</total>
				<timestamp>587.280679</timestamp>
			</report>
			<report>
				<misses>3675001</misses>
				<total>484</total>
				<timestamp>587.440487</timestamp>
			</report>
			<report>
				<misses>3676001</misses>
				<total>484</total>
				<timestamp>587.600351</timestamp>
			</report>
			<report>
				<misses>3677001</misses>
				<total>484</total>
				<timestamp>587.760198</timestamp>
			</report>
			<report>
				<misses>3678001</misses>
				<total>484</total>
				<timestamp>587.920072</timestamp>
			</report>
			<report>
				<misses>3679001</misses>
				<total>484</total>
				<timestamp>588.079908</timestamp>
			</report>
			<report>
				<misses>3680001</misses>
				<total>484</total>
				<timestamp>588.239704</timestamp>
			</report>
			<report>
				<misses>3681001</misses>
				<total>484</total>
				<timestamp>588.399646</timestamp>
			</report>
			<report>
				<misses>3682001</misses>
				<total>484</total>
				<timestamp>588.559379</timestamp>
			</report>
			<report>
				<misses>3683001</misses>
				<total>484</total>
				<timestamp>588.719342</timestamp>
			</report>
			<report>
				<misses>3684001</misses>
				<total>484</total>
				<timestamp>588.879177</timestamp>
			</report>
			<report>
				<misses>3685001</misses>
				<total>484</total>
				<timestamp>589.038908</timestamp>
			</report>
			<report>
				<misses>3686001</misses>
				<total>484</total>
				<timestamp>589.198876</timestamp>
			</report>
			<report>
				<misses>3687001</misses>
				<total>485</total>
				<timestamp>589.358750</timestamp>
			</report>
			<report>
				<misses>3688001</misses>
				<total>485</total>
				<timestamp>589.518605</timestamp>
			</report>
			<report>
				<misses>3689001</misses>
				<total>485</total>
				<timestamp>589.678500</timestamp>
			</report>
			<report>
				<misses>3690001</misses>
				<total>485</total>
				<timestamp>589.838308</timestamp>
			</report>
			<report>
				<misses>3691001</misses>
				<total>485</total>
				<timestamp>589.998128</timestamp>
			</report>
			<report>
				<misses>3692001</misses>
				<total>485</total>
				<timestamp>590.158083</timestamp>
			</report>
			<report>
				<misses>3693001</misses>
				<total>485</total>
				<timestamp>590.317943</timestamp>
			</report>
			<report>
				<misses>3694001</misses>
				<total>485</total>
				<timestamp>590.477825</timestamp>
			</report>
			<report>
				<misses>3695001</misses>
				<total>485</total>
				<timestamp>590.637611</timestamp>
			</report>
			<report>
				<misses>3696001</misses>
				<total>484</total>
				<timestamp>590.797562</timestamp>
			</report>
			<report>
				<misses>3697001</misses>
				<total>485</total>
				<timestamp>590.957424</timestamp>
			</report>
			<report>
				<misses>3698001</misses>
				<total>485</total>
				<timestamp>591.117247</timestamp>
			</report>
			<report>
				<misses>3699001</misses>
				<total>485</total>
				<timestamp>591.277126</timestamp>
			</report>
			<report>
				<misses>3700001</misses>
				<total>485</total>
				<timestamp>591.437053</timestamp>
			</report>
			<report>
				<misses>3701001</misses>
				<total>485</total>
				<timestamp>591.596818</timestamp>
			</report>
			<report>
				<misses>3702001</misses>
				<total>485</total>
				<timestamp>591.756724</timestamp>
			</report>
			<report>
				<misses>3703001</misses>
				<total>485</total>
				<timestamp>591.916526</timestamp>
			</report>
			<report>
				<misses>3704001</misses>
				<total>485</total>
				<timestamp>592.076336</timestamp>
			</report>
			<report>
				<misses>3705001</misses>
				<total>485</total>
				<timestamp>592.236166</timestamp>
			</report>
			<report>
				<misses>3706001</misses>
				<total>485</total>
				<timestamp>592.396031</timestamp>
			</report>
			<report>
				<misses>3707001</misses>
				<total>485</total>
				<timestamp>592.555928</timestamp>
			</report>
			<report>
				<misses>3708001</misses>
				<total>485</total>
				<timestamp>592.715711</timestamp>
			</report>
			<report>
				<misses>3709001</misses>
				<total>485</total>
				<timestamp>592.875588</timestamp>
			</report>
			<report>
				<misses>3710001</misses>
				<total>484</total>
				<timestamp>593.035390</timestamp>
			</report>
			<report>
				<misses>3711001</misses>
				<total>485</total>
				<timestamp>593.195299</timestamp>
			</report>
			<report>
				<misses>3712001</misses>
				<total>485</total>
				<timestamp>593.355067</timestamp>
			</report>
			<report>
				<misses>3713001</misses>
				<total>485</total>
				<timestamp>593.515054</timestamp>
			</report>
			<report>
				<misses>3714001</misses>
				<total>485</total>
				<timestamp>593.674913</timestamp>
			</report>
			<report>
				<misses>3715001</misses>
				<total>485</total>
				<timestamp>593.834766</timestamp>
			</report>
			<report>
				<misses>3716001</misses>
				<total>485</total>
				<timestamp>593.994598</timestamp>
			</report>
			<report>
				<misses>3717001</misses>
				<total>485</total>
				<timestamp>594.154415</timestamp>
			</report>
			<report>
				<misses>3718001</misses>
				<total>485</total>
				<timestamp>594.314273</timestamp>
			</report>
			<report>
				<misses>3719001</misses>
				<total>485</total>
				<timestamp>594.474122</timestamp>
			</report>
			<report>
				<misses>3720001</misses>
				<total>485</total>
				<timestamp>594.634007</timestamp>
			</report>
			<report>
				<misses>3721001</misses>
				<total>485</total>
				<timestamp>594.793906</timestamp>
			</report>
			<report>
				<misses>3722001</misses>
				<total>485</total>
				<timestamp>594.953614</timestamp>
			</report>
			<report>
				<misses>3723001</misses>
				<total>485</total>
				<timestamp>595.113452</timestamp>
			</report>
			<report>
				<misses>3724001</misses>
				<total>485</total>
				<timestamp>595.273303</timestamp>
			</report>
			<report>
				<misses>3725001</misses>
				<total>485</total>
				<timestamp>595.433236</timestamp>
			</report>
			<report>
				<misses>3726001</misses>
				<total>485</total>
				<timestamp>595.593070</timestamp>
			</report>
			<report>
				<misses>3727001</misses>
				<total>485</total>
				<timestamp>595.752854</timestamp>
			</report>
			<report>
				<misses>3728001</misses>
				<total>485</total>
				<timestamp>595.912646</timestamp>
			</report>
			<report>
				<misses>3729001</misses>
				<total>485</total>
				<timestamp>596.072508</timestamp>
			</report>
			<report>
				<misses>3730001</misses>
				<total>485</total>
				<timestamp>596.232448</timestamp>
			</report>
			<report>
				<misses>3731001</misses>
				<total>485</total>
				<timestamp>596.392180</timestamp>
			</report>
			<report>
				<misses>3732001</misses>
				<total>485</total>
				<timestamp>596.552048</timestamp>
			</report>
			<report>
				<misses>3733001</misses>
				<total>485</total>
				<timestamp>596.711855</timestamp>
			</report>
			<report>
				<misses>3734001</misses>
				<total>485</total>
				<timestamp>596.871694</timestamp>
			</report>
			<report>
				<misses>3735001</misses>
				<total>484</total>
				<timestamp>597.031541</timestamp>
			</report>
			<report>
				<misses>3736001</misses>
				<total>484</total>
				<timestamp>597.191382</timestamp>
			</report>
			<report>
				<misses>3737001</misses>
				<total>485</total>
				<timestamp>597.351230</timestamp>
			</report>
			<report>
				<misses>3738001</misses>
				<total>485</total>
				<timestamp>597.511239</timestamp>
			</report>
			<report>
				<misses>3739001</misses>
				<total>485</total>
				<timestamp>597.671136</timestamp>
			</report>
			<report>
				<misses>3740001</misses>
				<total>485</total>
				<timestamp>597.830971</timestamp>
			</report>
			<report>
				<misses>3741001</misses>
				<total>485</total>
				<timestamp>597.990742</timestamp>
			</report>
			<report>
				<misses>3742001</misses>
				<total>484</total>
				<timestamp>598.150584</timestamp>
			</report>
			<report>
				<misses>3743001</misses>
				<total>485</total>
				<timestamp>598.310417</timestamp>
			</report>
			<report>
				<misses>3744001</misses>
				<total>485</total>
				<timestamp>598.470253</timestamp>
			</report>
			<report>
				<misses>3745001</misses>
				<total>485</total>
				<timestamp>598.630094</timestamp>
			</report>
			<report>
				<misses>3746001</misses>
				<total>485</total>
				<timestamp>598.790089</timestamp>
			</report>
			<report>
				<misses>3747001</misses>
				<total>485</total>
				<timestamp>598.950085</timestamp>
			</report>
			<report>
				<misses>3748001</misses>
				<total>485</total>
				<timestamp>599.110056</timestamp>
			</report>
			<report>
				<misses>3749001</misses>
				<total>485</total>
				<timestamp>599.269762</timestamp>
			</report>
			<report>
				<misses>3750001</misses>
				<total>485</total>
				<timestamp>599.429711</timestamp>
			</report>
			<report>
				<misses>3751001</misses>
				<total>485</total>
				<timestamp>599.589465</timestamp>
			</report>
			<report>
				<misses>3752001</misses>
				<total>486</total>
				<timestamp>599.749429</timestamp>
			</report>
			<report>
				<misses>3753001</misses>
				<total>487</total>
				<timestamp>599.909152</timestamp>
			</report>
			<report>
				<misses>3754001</misses>
				<total>487</total>
				<timestamp>600.069017</timestamp>
			</report>
			<report>
				<misses>3755001</misses>
				<total>487</total>
				<timestamp>600.228971</timestamp>
			</report>
			<report>
				<misses>3756001</misses>
				<total>487</total>
				<timestamp>600.388825</timestamp>
			</report>
			<report>
				<misses>3757001</misses>
				<total>487</total>
				<timestamp>600.548688</timestamp>
			</report>
			<report>
				<misses>3758001</misses>
				<total>486</total>
				<timestamp>600.708604</timestamp>
			</report>
			<report>
				<misses>3759001</misses>
				<total>487</total>
				<timestamp>600.868377</timestamp>
			</report>
			<report>
				<misses>3760001</misses>
				<total>487</total>
				<timestamp>601.028230</timestamp>
			</report>
			<report>
				<misses>3761001</misses>
				<total>487</total>
				<timestamp>601.188032</timestamp>
			</report>
			<report>
				<misses>3762001</misses>
				<total>487</total>
				<timestamp>601.347914</timestamp>
			</report>
			<report>
				<misses>3763001</misses>
				<total>487</total>
				<timestamp>601.507756</timestamp>
			</report>
			<report>
				<misses>3764001</misses>
				<total>487</total>
				<timestamp>601.667536</timestamp>
			</report>
			<report>
				<misses>3765001</misses>
				<total>487</total>
				<timestamp>601.827474</timestamp>
			</report>
			<report>
				<misses>3766001</misses>
				<total>487</total>
				<timestamp>601.987236</timestamp>
			</report>
			<report>
				<misses>3767001</misses>
				<total>487</total>
				<timestamp>602.147081</timestamp>
			</report>
			<report>
				<misses>3768001</misses>
				<total>487</total>
				<timestamp>602.306939</timestamp>
			</report>
			<report>
				<misses>3769001</misses>
				<total>487</total>
				<timestamp>602.466819</timestamp>
			</report>
			<report>
				<misses>3770001</misses>
				<total>487</total>
				<timestamp>602.626600</timestamp>
			</report>
			<report>
				<misses>3771001</misses>
				<total>491</total>
				<timestamp>602.786406</timestamp>
			</report>
			<report>
				<misses>3772001</misses>
				<total>491</total>
				<timestamp>602.946262</timestamp>
			</report>
			<report>
				<misses>3773001</misses>
				<total>491</total>
				<timestamp>603.106139</timestamp>
			</report>
			<report>
				<misses>3774001</misses>
				<total>491</total>
				<timestamp>603.266097</timestamp>
			</report>
			<report>
				<misses>3775001</misses>
				<total>490</total>
				<timestamp>603.425981</timestamp>
			</report>
			<report>
				<misses>3776001</misses>
				<total>491</total>
				<timestamp>603.585904</timestamp>
			</report>
			<report>
				<misses>3777001</misses>
				<total>491</total>
				<timestamp>603.745605</timestamp>
			</report>
			<report>
				<misses>3778001</misses>
				<total>490</total>
				<timestamp>603.905466</timestamp>
			</report>
			<report>
				<misses>3779001</misses>
				<total>491</total>
				<timestamp>604.065295</timestamp>
			</report>
			<report>
				<misses>3780001</misses>
				<total>491</total>
				<timestamp>604.225152</timestamp>
			</report>
			<report>
				<misses>3781001</misses>
				<total>491</total>
				<timestamp>604.384984</timestamp>
			</report>
			<report>
				<misses>3782001</misses>
				<total>491</total>
				<timestamp>604.544930</timestamp>
			</report>
			<report>
				<misses>3783001</misses>
				<total>491</total>
				<timestamp>604.704658</timestamp>
			</report>
			<report>
				<misses>3784001</misses>
				<total>491</total>
				<timestamp>604.864495</timestamp>
			</report>
			<report>
				<misses>3785001</misses>
				<total>491</total>
				<timestamp>605.024345</timestamp>
			</report>
			<report>
				<misses>3786001</misses>
				<total>491</total>
				<timestamp>605.184231</timestamp>
			</report>
			<report>
				<misses>3787001</misses>
				<total>491</total>
				<timestamp>605.344013</timestamp>
			</report>
			<report>
				<misses>3788001</misses>
				<total>491</total>
				<timestamp>605.503926</timestamp>
			</report>
			<report>
				<misses>3789001</misses>
				<total>491</total>
				<timestamp>605.663709</timestamp>
			</report>
			<report>
				<misses>3790001</misses>
				<total>491</total>
				<timestamp>605.823540</timestamp>
			</report>
			<report>
				<misses>3791001</misses>
				<total>490</total>
				<timestamp>605.983493</timestamp>
			</report>
			<report>
				<misses>3792001</misses>
				<total>490</total>
				<timestamp>606.143271</timestamp>
			</report>
			<report>
				<misses>3793001</misses>
				<total>490</total>
				<timestamp>606.303087</timestamp>
			</report>
			<report>
				<misses>3794001</misses>
				<total>502</total>
				<timestamp>606.462999</timestamp>
			</report>
			<report>
				<misses>3795001</misses>
				<total>503</total>
				<timestamp>606.622733</timestamp>
			</report>
			<report>
				<misses>3796001</misses>
				<total>503</total>
				<timestamp>606.782560</timestamp>
			</report>
			<report>
				<misses>3797001</misses>
				<total>503</total>
				<timestamp>606.942408</timestamp>
			</report>
			<report>
				<misses>3798001</misses>
				<total>503</total>
				<timestamp>607.102262</timestamp>
			</report>
			<report>
				<misses>3799001</misses>
				<total>503</total>
				<timestamp>607.262153</timestamp>
			</report>
			<report>
				<misses>3800001</misses>
				<total>503</total>
				<timestamp>607.421996</timestamp>
			</report>
			<report>
				<misses>3801001</misses>
				<total>503</total>
				<timestamp>607.581773</timestamp>
			</report>
			<report>
				<misses>3802001</misses>
				<total>505</total>
				<timestamp>607.741629</timestamp>
			</report>
			<report>
				<misses>3803001</misses>
				<total>505</total>
				<timestamp>607.901460</timestamp>
			</report>
			<report>
				<misses>3804001</misses>
				<total>505</total>
				<timestamp>608.061317</timestamp>
			</report>
			<report>
				<misses>3805001</misses>
				<total>505</total>
				<timestamp>608.221166</timestamp>
			</report>
			<report>
				<misses>3806001</misses>
				<total>505</total>
				<timestamp>608.381045</timestamp>
			</report>
			<report>
				<misses>3807001</misses>
				<total>505</total>
				<timestamp>608.540824</timestamp>
			</report>
			<report>
				<misses>3808001</misses>
				<total>505</total>
				<timestamp>608.700685</timestamp>
			</report>
			<report>
				<misses>3809001</misses>
				<total>505</total>
				<timestamp>608.860495</timestamp>
			</report>
			<report>
				<misses>3810001</misses>
				<total>505</total>
				<timestamp>609.020327</timestamp>
			</report>
			<report>
				<misses>3811001</misses>
				<total>505</total>
				<timestamp>609.180191</timestamp>
			</report>
			<report>
				<misses>3812001</misses>
				<total>505</total>
				<timestamp>609.340035</timestamp>
			</report>
			<report>
				<misses>3813001</misses>
				<total>504</total>
				<timestamp>609.499894</timestamp>
			</report>
			<report>
				<misses>3814001</misses>
				<total>505</total>
				<timestamp>609.659870</timestamp>
			</report>
			<report>
				<misses>3815001</misses>
				<total>505</total>
				<timestamp>609.819805</timestamp>
			</report>
			<report>
				<misses>3816001</misses>
				<total>504</total>
				<timestamp>609.979675</timestamp>
			</report>
			<report>
				<misses>3817001</misses>
				<total>504</total>
				<timestamp>610.139409</timestamp>
			</report>
			<report>
				<misses>3818001</misses>
				<total>505</total>
				<timestamp>610.299243</timestamp>
			</report>
			<report>
				<misses>3819001</misses>
				<total>505</total>
				<timestamp>610.459075</timestamp>
			</report>
			<report>
				<misses>3820001</misses>
				<total>505</total>
				<timestamp>610.618958</timestamp>
			</report>
			<report>
				<misses>3821001</misses>
				<total>505</total>
				<timestamp>610.778725</timestamp>
			</report>
			<report>
				<misses>3822001</misses>
				<total>504</total>
				<timestamp>610.938635</timestamp>
			</report>
			<report>
				<misses>3823001</misses>
				<total>505</total>
				<timestamp>611.098425</timestamp>
			</report>
			<report>
				<misses>3824001</misses>
				<total>505</total>
				<timestamp>611.258360</timestamp>
			</report>
			<report>
				<misses>3825001</misses>
				<total>505</total>
				<timestamp>611.418094</timestamp>
			</report>
			<report>
				<misses>3826001</misses>
				<total>505</total>
				<timestamp>611.577960</timestamp>
			</report>
			<report>
				<misses>3827001</misses>
				<total>505</total>
				<timestamp>611.737792</timestamp>
			</report>
			<report>
				<misses>3828001</misses>
				<total>505</total>
				<timestamp>611.897609</timestamp>
			</report>
			<report>
				<misses>3829001</misses>
				<total>505</total>
				<timestamp>612.057451</timestamp>
			</report>
			<report>
				<misses>3830001</misses>
				<total>505</total>
				<timestamp>612.217286</timestamp>
			</report>
			<report>
				<misses>3831001</misses>
				<total>505</total>
				<timestamp>612.377135</timestamp>
			</report>
			<report>
				<misses>3832001</misses>
				<total>505</total>
				<timestamp>612.537002</timestamp>
			</report>
			<report>
				<misses>3833001</misses>
				<total>506</total>
				<timestamp>612.696826</timestamp>
			</report>
			<report>
				<misses>3834001</misses>
				<total>506</total>
				<timestamp>612.856716</timestamp>
			</report>
			<report>
				<misses>3835001</misses>
				<total>505</total>
				<timestamp>613.016535</timestamp>
			</report>
			<report>
				<misses>3836001</misses>
				<total>506</total>
				<timestamp>613.176348</timestamp>
			</report>
			<report>
				<misses>3837001</misses>
				<total>506</total>
				<timestamp>613.336179</timestamp>
			</report>
			<report>
				<misses>3838001</misses>
				<total>506</total>
				<timestamp>613.496023</timestamp>
			</report>
			<report>
				<misses>3839001</misses>
				<total>506</total>
				<timestamp>613.655865</timestamp>
			</report>
			<report>
				<misses>3840001</misses>
				<total>506</total>
				<timestamp>613.815693</timestamp>
			</report>
			<report>
				<misses>3841001</misses>
				<total>506</total>
				<timestamp>613.975524</timestamp>
			</report>
			<report>
				<misses>3842001</misses>
				<total>506</total>
				<timestamp>614.135368</timestamp>
			</report>
			<report>
				<misses>3843001</misses>
				<total>506</total>
				<timestamp>614.295220</timestamp>
			</report>
			<report>
				<misses>3844001</misses>
				<total>506</total>
				<timestamp>614.455056</timestamp>
			</report>
			<report>
				<misses>3845001</misses>
				<total>506</total>
				<timestamp>614.614915</timestamp>
			</report>
			<report>
				<misses>3846001</misses>
				<total>506</total>
				<timestamp>614.774726</timestamp>
			</report>
			<report>
				<misses>3847001</misses>
				<total>506</total>
				<timestamp>614.934572</timestamp>
			</report>
			<report>
				<misses>3848001</misses>
				<total>506</total>
				<timestamp>615.094405</timestamp>
			</report>
			<report>
				<misses>3849001</misses>
				<total>506</total>
				<timestamp>615.254272</timestamp>
			</report>
			<report>
				<misses>3850001</misses>
				<total>506</total>
				<timestamp>615.414089</timestamp>
			</report>
			<report>
				<misses>3851001</misses>
				<total>507</total>
				<timestamp>615.573927</timestamp>
			</report>
			<report>
				<misses>3852001</misses>
				<total>507</total>
				<timestamp>615.733772</timestamp>
			</report>
			<report>
				<misses>3853001</misses>
				<total>507</total>
				<timestamp>615.893608</timestamp>
			</report>
			<report>
				<misses>3854001</misses>
				<total>507</total>
				<timestamp>616.053448</timestamp>
			</report>
			<report>
				<misses>3855001</misses>
				<total>507</total>
				<timestamp>616.213298</timestamp>
			</report>
			<report>
				<misses>3856001</misses>
				<total>507</total>
				<timestamp>616.373133</timestamp>
			</report>
			<report>
				<misses>3857001</misses>
				<total>507</total>
				<timestamp>616.533016</timestamp>
			</report>
			<report>
				<misses>3858001</misses>
				<total>507</total>
				<timestamp>616.692838</timestamp>
			</report>
			<report>
				<misses>3859001</misses>
				<total>507</total>
				<timestamp>616.852656</timestamp>
			</report>
			<report>
				<misses>3860001</misses>
				<total>507</total>
				<timestamp>617.012501</timestamp>
			</report>
			<report>
				<misses>3861001</misses>
				<total>507</total>
				<timestamp>617.172345</timestamp>
			</report>
			<report>
				<misses>3862001</misses>
				<total>507</total>
				<timestamp>617.332190</timestamp>
			</report>
			<report>
				<misses>3863001</misses>
				<total>507</total>
				<timestamp>617.492003</timestamp>
			</report>
			<report>
				<misses>3864001</misses>
				<total>507</total>
				<timestamp>617.651892</timestamp>
			</report>
			<report>
				<misses>3865001</misses>
				<total>506</total>
				<timestamp>617.811806</timestamp>
			</report>
			<report>
				<misses>3866001</misses>
				<total>507</total>
				<timestamp>617.971623</timestamp>
			</report>
			<report>
				<misses>3867001</misses>
				<total>507</total>
				<timestamp>618.131471</timestamp>
			</report>
			<report>
				<misses>3868001</misses>
				<total>507</total>
				<timestamp>618.291274</timestamp>
			</report>
			<report>
				<misses>3869001</misses>
				<total>507</total>
				<timestamp>618.451137</timestamp>
			</report>
			<report>
				<misses>3870001</misses>
				<total>507</total>
				<timestamp>618.611019</timestamp>
			</report>
			<report>
				<misses>3871001</misses>
				<total>507</total>
				<timestamp>618.770778</timestamp>
			</report>
			<report>
				<misses>3872001</misses>
				<total>507</total>
				<timestamp>618.930687</timestamp>
			</report>
			<report>
				<misses>3873001</misses>
				<total>507</total>
				<timestamp>619.090489</timestamp>
			</report>
			<report>
				<misses>3874001</misses>
				<total>507</total>
				<timestamp>619.250421</timestamp>
			</report>
			<report>
				<misses>3875001</misses>
				<total>507</total>
				<timestamp>619.410299</timestamp>
			</report>
			<report>
				<misses>3876001</misses>
				<total>507</total>
				<timestamp>619.570138</timestamp>
			</report>
			<report>
				<misses>3877001</misses>
				<total>507</total>
				<timestamp>619.730088</timestamp>
			</report>
			<report>
				<misses>3878001</misses>
				<total>507</total>
				<timestamp>619.890010</timestamp>
			</report>
			<report>
				<misses>3879001</misses>
				<total>507</total>
				<timestamp>620.049811</timestamp>
			</report>
			<report>
				<misses>3880001</misses>
				<total>507</total>
				<timestamp>620.209634</timestamp>
			</report>
			<report>
				<misses>3881001</misses>
				<total>507</total>
				<timestamp>620.369487</timestamp>
			</report>
			<report>
				<misses>3882001</misses>
				<total>507</total>
				<timestamp>620.529308</timestamp>
			</report>
			<report>
				<misses>3883001</misses>
				<total>507</total>
				<timestamp>620.689263</timestamp>
			</report>
			<report>
				<misses>3884001</misses>
				<total>507</total>
				<timestamp>620.849055</timestamp>
			</report>
			<report>
				<misses>3885001</misses>
				<total>507</total>
				<timestamp>621.008989</timestamp>
			</report>
			<report>
				<misses>3886001</misses>
				<total>507</total>
				<timestamp>621.168955</timestamp>
			</report>
			<report>
				<misses>3887001</misses>
				<total>506</total>
				<timestamp>621.328838</timestamp>
			</report>
			<report>
				<misses>3888001</misses>
				<total>507</total>
				<timestamp>621.488654</timestamp>
			</report>
			<report>
				<misses>3889001</misses>
				<total>507</total>
				<timestamp>621.648486</timestamp>
			</report>
			<report>
				<misses>3890001</misses>
				<total>507</total>
				<timestamp>621.808359</timestamp>
			</report>
			<report>
				<misses>3891001</misses>
				<total>507</total>
				<timestamp>621.968182</timestamp>
			</report>
			<report>
				<misses>3892001</misses>
				<total>507</total>
				<timestamp>622.128087</timestamp>
			</report>
			<report>
				<misses>3893001</misses>
				<total>507</total>
				<timestamp>622.287894</timestamp>
			</report>
			<report>
				<misses>3894001</misses>
				<total>507</total>
				<timestamp>622.447690</timestamp>
			</report>
			<report>
				<misses>3895001</misses>
				<total>507</total>
				<timestamp>622.607549</timestamp>
			</report>
			<report>
				<misses>3896001</misses>
				<total>507</total>
				<timestamp>622.767489</timestamp>
			</report>
			<report>
				<misses>3897001</misses>
				<total>507</total>
				<timestamp>622.927264</timestamp>
			</report>
			<report>
				<misses>3898001</misses>
				<total>507</total>
				<timestamp>623.087081</timestamp>
			</report>
			<report>
				<misses>3899001</misses>
				<total>507</total>
				<timestamp>623.246922</timestamp>
			</report>
			<report>
				<misses>3900001</misses>
				<total>507</total>
				<timestamp>623.406734</timestamp>
			</report>
			<report>
				<misses>3901001</misses>
				<total>507</total>
				<timestamp>623.566595</timestamp>
			</report>
			<report>
				<misses>3902001</misses>
				<total>507</total>
				<timestamp>623.726420</timestamp>
			</report>
			<report>
				<misses>3903001</misses>
				<total>507</total>
				<timestamp>623.886268</timestamp>
			</report>
			<report>
				<misses>3904001</misses>
				<total>506</total>
				<timestamp>624.046148</timestamp>
			</report>
			<report>
				<misses>3905001</misses>
				<total>507</total>
				<timestamp>624.205993</timestamp>
			</report>
			<report>
				<misses>3906001</misses>
				<total>507</total>
				<timestamp>624.365846</timestamp>
			</report>
			<report>
				<misses>3907001</misses>
				<total>507</total>
				<timestamp>624.525610</timestamp>
			</report>
			<report>
				<misses>3908001</misses>
				<total>507</total>
				<timestamp>624.685568</timestamp>
			</report>
			<report>
				<misses>3909001</misses>
				<total>506</total>
				<timestamp>624.845474</timestamp>
			</report>
			<report>
				<misses>3910001</misses>
				<total>507</total>
				<timestamp>625.005290</timestamp>
			</report>
			<report>
				<misses>3911001</misses>
				<total>507</total>
				<timestamp>625.165127</timestamp>
			</report>
			<report>
				<misses>3912001</misses>
				<total>507</total>
				<timestamp>625.324986</timestamp>
			</report>
			<report>
				<misses>3913001</misses>
				<total>507</total>
				<timestamp>625.484929</timestamp>
			</report>
			<report>
				<misses>3914001</misses>
				<total>507</total>
				<timestamp>625.644652</timestamp>
			</report>
			<report>
				<misses>3915001</misses>
				<total>507</total>
				<timestamp>625.804527</timestamp>
			</report>
			<report>
				<misses>3916001</misses>
				<total>507</total>
				<timestamp>625.964453</timestamp>
			</report>
			<report>
				<misses>3917001</misses>
				<total>506</total>
				<timestamp>626.124316</timestamp>
			</report>
			<report>
				<misses>3918001</misses>
				<total>507</total>
				<timestamp>626.284170</timestamp>
			</report>
			<report>
				<misses>3919001</misses>
				<total>507</total>
				<timestamp>626.444021</timestamp>
			</report>
			<report>
				<misses>3920001</misses>
				<total>507</total>
				<timestamp>626.603907</timestamp>
			</report>
			<report>
				<misses>3921001</misses>
				<total>506</total>
				<timestamp>626.763851</timestamp>
			</report>
			<report>
				<misses>3922001</misses>
				<total>507</total>
				<timestamp>626.923701</timestamp>
			</report>
			<report>
				<misses>3923001</misses>
				<total>507</total>
				<timestamp>627.083536</timestamp>
			</report>
			<report>
				<misses>3924001</misses>
				<total>510</total>
				<timestamp>627.243391</timestamp>
			</report>
			<report>
				<misses>3925001</misses>
				<total>510</total>
				<timestamp>627.403214</timestamp>
			</report>
			<report>
				<misses>3926001</misses>
				<total>510</total>
				<timestamp>627.563055</timestamp>
			</report>
			<report>
				<misses>3927001</misses>
				<total>510</total>
				<timestamp>627.722912</timestamp>
			</report>
			<report>
				<misses>3928001</misses>
				<total>511</total>
				<timestamp>627.882743</timestamp>
			</report>
			<report>
				<misses>3929001</misses>
				<total>509</total>
				<timestamp>628.042590</timestamp>
			</report>
			<report>
				<misses>3930001</misses>
				<total>510</total>
				<timestamp>628.202417</timestamp>
			</report>
			<report>
				<misses>3931001</misses>
				<total>510</total>
				<timestamp>628.362250</timestamp>
			</report>
			<report>
				<misses>3932001</misses>
				<total>510</total>
				<timestamp>628.522091</timestamp>
			</report>
			<report>
				<misses>3933001</misses>
				<total>510</total>
				<timestamp>628.682048</timestamp>
			</report>
			<report>
				<misses>3934001</misses>
				<total>510</total>
				<timestamp>628.841857</timestamp>
			</report>
			<report>
				<misses>3935001</misses>
				<total>510</total>
				<timestamp>629.001610</timestamp>
			</report>
			<report>
				<misses>3936001</misses>
				<total>510</total>
				<timestamp>629.161482</timestamp>
			</report>
			<report>
				<misses>3937001</misses>
				<total>510</total>
				<timestamp>629.321286</timestamp>
			</report>
			<report>
				<misses>3938001</misses>
				<total>509</total>
				<timestamp>629.481179</timestamp>
			</report>
			<report>
				<misses>3939001</misses>
				<total>510</total>
				<timestamp>629.640962</timestamp>
			</report>
			<report>
				<misses>3940001</misses>
				<total>510</total>
				<timestamp>629.800833</timestamp>
			</report>
			<report>
				<misses>3941001</misses>
				<total>510</total>
				<timestamp>629.960660</timestamp>
			</report>
			<report>
				<misses>3942001</misses>
				<total>510</total>
				<timestamp>630.120482</timestamp>
			</report>
			<report>
				<misses>3943001</misses>
				<total>509</total>
				<timestamp>630.280356</timestamp>
			</report>
			<report>
				<misses>3944001</misses>
				<total>510</total>
				<timestamp>630.440183</timestamp>
			</report>
			<report>
				<misses>3945001</misses>
				<total>510</total>
				<timestamp>630.599997</timestamp>
			</report>
			<report>
				<misses>3946001</misses>
				<total>510</total>
				<timestamp>630.759862</timestamp>
			</report>
			<report>
				<misses>3947001</misses>
				<total>510</total>
				<timestamp>630.919712</timestamp>
			</report>
			<report>
				<misses>3948001</misses>
				<total>510</total>
				<timestamp>631.079531</timestamp>
			</report>
			<report>
				<misses>3949001</misses>
				<total>510</total>
				<timestamp>631.239379</timestamp>
			</report>
			<report>
				<misses>3950001</misses>
				<total>510</total>
				<timestamp>631.399252</timestamp>
			</report>
			<report>
				<misses>3951001</misses>
				<total>510</total>
				<timestamp>631.559047</timestamp>
			</report>
			<report>
				<misses>3952001</misses>
				<total>510</total>
				<timestamp>631.718916</timestamp>
			</report>
			<report>
				<misses>3953001</misses>
				<total>510</total>
				<timestamp>631.878768</timestamp>
			</report>
			<report>
				<misses>3954001</misses>
				<total>510</total>
				<timestamp>632.038618</timestamp>
			</report>
			<report>
				<misses>3955001</misses>
				<total>511</total>
				<timestamp>632.198424</timestamp>
			</report>
			<report>
				<misses>3956001</misses>
				<total>511</total>
				<timestamp>632.358258</timestamp>
			</report>
			<report>
				<misses>3957001</misses>
				<total>511</total>
				<timestamp>632.518099</timestamp>
			</report>
			<report>
				<misses>3958001</misses>
				<total>511</total>
				<timestamp>632.677984</timestamp>
			</report>
			<report>
				<misses>3959001</misses>
				<total>511</total>
				<timestamp>632.837817</timestamp>
			</report>
			<report>
				<misses>3960001</misses>
				<total>511</total>
				<timestamp>632.997709</timestamp>
			</report>
			<report>
				<misses>3961001</misses>
				<total>511</total>
				<timestamp>633.157508</timestamp>
			</report>
			<report>
				<misses>3962001</misses>
				<total>511</total>
				<timestamp>633.317456</timestamp>
			</report>
			<report>
				<misses>3963001</misses>
				<total>511</total>
				<timestamp>633.477420</timestamp>
			</report>
			<report>
				<misses>3964001</misses>
				<total>511</total>
				<timestamp>633.637160</timestamp>
			</report>
			<report>
				<misses>3965001</misses>
				<total>510</total>
				<timestamp>633.797008</timestamp>
			</report>
			<report>
				<misses>3966001</misses>
				<total>511</total>
				<timestamp>633.956889</timestamp>
			</report>
			<report>
				<misses>3967001</misses>
				<total>511</total>
				<timestamp>634.116764</timestamp>
			</report>
			<report>
				<misses>3968001</misses>
				<total>511</total>
				<timestamp>634.276569</timestamp>
			</report>
			<report>
				<misses>3969001</misses>
				<total>511</total>
				<timestamp>634.436458</timestamp>
			</report>
			<report>
				<misses>3970001</misses>
				<total>511</total>
				<timestamp>634.596265</timestamp>
			</report>
			<report>
				<misses>3971001</misses>
				<total>511</total>
				<timestamp>634.756007</timestamp>
			</report>
			<report>
				<misses>3972001</misses>
				<total>511</total>
				<timestamp>634.915889</timestamp>
			</report>
			<report>
				<misses>3973001</misses>
				<total>511</total>
				<timestamp>635.075702</timestamp>
			</report>
			<report>
				<misses>3974001</misses>
				<total>511</total>
				<timestamp>635.235552</timestamp>
			</report>
			<report>
				<misses>3975001</misses>
				<total>511</total>
				<timestamp>635.395406</timestamp>
			</report>
			<report>
				<misses>3976001</misses>
				<total>511</total>
				<timestamp>635.555256</timestamp>
			</report>
			<report>
				<misses>3977001</misses>
				<total>511</total>
				<timestamp>635.715049</timestamp>
			</report>
			<report>
				<misses>3978001</misses>
				<total>511</total>
				<timestamp>635.874895</timestamp>
			</report>
			<report>
				<misses>3979001</misses>
				<total>511</total>
				<timestamp>636.034721</timestamp>
			</report>
			<report>
				<misses>3980001</misses>
				<total>511</total>
				<timestamp>636.194653</timestamp>
			</report>
			<report>
				<misses>3981001</misses>
				<total>511</total>
				<timestamp>636.354452</timestamp>
			</report>
			<report>
				<misses>3982001</misses>
				<total>511</total>
				<timestamp>636.514368</timestamp>
			</report>
			<report>
				<misses>3983001</misses>
				<total>511</total>
				<timestamp>636.674212</timestamp>
			</report>
			<report>
				<misses>3984001</misses>
				<total>511</total>
				<timestamp>636.833928</timestamp>
			</report>
			<report>
				<misses>3985001</misses>
				<total>511</total>
				<timestamp>636.993837</timestamp>
			</report>
			<report>
				<misses>3986001</misses>
				<total>511</total>
				<timestamp>637.153704</timestamp>
			</report>
			<report>
				<misses>3987001</misses>
				<total>511</total>
				<timestamp>637.313467</timestamp>
			</report>
			<report>
				<misses>3988001</misses>
				<total>511</total>
				<timestamp>637.473297</timestamp>
			</report>
			<report>
				<misses>3989001</misses>
				<total>511</total>
				<timestamp>637.633124</timestamp>
			</report>
			<report>
				<misses>3990001</misses>
				<total>511</total>
				<timestamp>637.792976</timestamp>
			</report>
			<report>
				<misses>3991001</misses>
				<total>511</total>
				<timestamp>637.952814</timestamp>
			</report>
			<report>
				<misses>3992001</misses>
				<total>511</total>
				<timestamp>638.112638</timestamp>
			</report>
			<report>
				<misses>3993001</misses>
				<total>511</total>
				<timestamp>638.272478</timestamp>
			</report>
			<report>
				<misses>3994001</misses>
				<total>511</total>
				<timestamp>638.432355</timestamp>
			</report>
			<report>
				<misses>3995001</misses>
				<total>511</total>
				<timestamp>638.592173</timestamp>
			</report>
			<report>
				<misses>3996001</misses>
				<total>520</total>
				<timestamp>638.752015</timestamp>
			</report>
			<report>
				<misses>3997001</misses>
				<total>520</total>
				<timestamp>638.911956</timestamp>
			</report>
			<report>
				<misses>3998001</misses>
				<total>520</total>
				<timestamp>639.071754</timestamp>
			</report>
			<report>
				<misses>3999001</misses>
				<total>520</total>
				<timestamp>639.231530</timestamp>
			</report>
			<report>
				<misses>4000001</misses>
				<total>520</total>
				<timestamp>639.391496</timestamp>
			</report>
			<report>
				<misses>4001001</misses>
				<total>520</total>
				<timestamp>639.551343</timestamp>
			</report>
			<report>
				<misses>4002001</misses>
				<total>520</total>
				<timestamp>639.711181</timestamp>
			</report>
			<report>
				<misses>4003001</misses>
				<total>520</total>
				<timestamp>639.871033</timestamp>
			</report>
			<report>
				<misses>4004001</misses>
				<total>520</total>
				<timestamp>640.030916</timestamp>
			</report>
			<report>
				<misses>4005001</misses>
				<total>519</total>
				<timestamp>640.190823</timestamp>
			</report>
			<report>
				<misses>4006001</misses>
				<total>520</total>
				<timestamp>640.350646</timestamp>
			</report>
			<report>
				<misses>4007001</misses>
				<total>520</total>
				<timestamp>640.510443</timestamp>
			</report>
			<report>
				<misses>4008001</misses>
				<total>520</total>
				<timestamp>640.670335</timestamp>
			</report>
			<report>
				<misses>4009001</misses>
				<total>520</total>
				<timestamp>640.830084</timestamp>
			</report>
			<report>
				<misses>4010001</misses>
				<total>520</total>
				<timestamp>640.989953</timestamp>
			</report>
			<report>
				<misses>4011001</misses>
				<total>520</total>
				<timestamp>641.149849</timestamp>
			</report>
			<report>
				<misses>4012001</misses>
				<total>520</total>
				<timestamp>641.309692</timestamp>
			</report>
			<report>
				<misses>4013001</misses>
				<total>520</total>
				<timestamp>641.469526</timestamp>
			</report>
			<report>
				<misses>4014001</misses>
				<total>520</total>
				<timestamp>641.629412</timestamp>
			</report>
			<report>
				<misses>4015001</misses>
				<total>520</total>
				<timestamp>641.789155</timestamp>
			</report>
			<report>
				<misses>4016001</misses>
				<total>520</total>
				<timestamp>641.949090</timestamp>
			</report>
			<report>
				<misses>4017001</misses>
				<total>520</total>
				<timestamp>642.108885</timestamp>
			</report>
			<report>
				<misses>4018001</misses>
				<total>519</total>
				<timestamp>642.268658</timestamp>
			</report>
			<report>
				<misses>4019001</misses>
				<total>520</total>
				<timestamp>642.428517</timestamp>
			</report>
			<report>
				<misses>4020001</misses>
				<total>520</total>
				<timestamp>642.588368</timestamp>
			</report>
			<report>
				<misses>4021001</misses>
				<total>520</total>
				<timestamp>642.748244</timestamp>
			</report>
			<report>
				<misses>4022001</misses>
				<total>520</total>
				<timestamp>642.908002</timestamp>
			</report>
			<report>
				<misses>4023001</misses>
				<total>520</total>
				<timestamp>643.067917</timestamp>
			</report>
			<report>
				<misses>4024001</misses>
				<total>520</total>
				<timestamp>643.227744</timestamp>
			</report>
			<report>
				<misses>4025001</misses>
				<total>520</total>
				<timestamp>643.387546</timestamp>
			</report>
			<report>
				<misses>4026001</misses>
				<total>520</total>
				<timestamp>643.547450</timestamp>
			</report>
			<report>
				<misses>4027001</misses>
				<total>520</total>
				<timestamp>643.707251</timestamp>
			</report>
			<report>
				<misses>4028001</misses>
				<total>520</total>
				<timestamp>643.867072</timestamp>
			</report>
			<report>
				<misses>4029001</misses>
				<total>520</total>
				<timestamp>644.026903</timestamp>
			</report>
			<report>
				<misses>4030001</misses>
				<total>520</total>
				<timestamp>644.186760</timestamp>
			</report>
			<report>
				<misses>4031001</misses>
				<total>520</total>
				<timestamp>644.346579</timestamp>
			</report>
			<report>
				<misses>4032001</misses>
				<total>520</total>
				<timestamp>644.506405</timestamp>
			</report>
			<report>
				<misses>4033001</misses>
				<total>520</total>
				<timestamp>644.666376</timestamp>
			</report>
			<report>
				<misses>4034001</misses>
				<total>520</total>
				<timestamp>644.826101</timestamp>
			</report>
			<report>
				<misses>4035001</misses>
				<total>520</total>
				<timestamp>644.985932</timestamp>
			</report>
			<report>
				<misses>4036001</misses>
				<total>520</total>
				<timestamp>645.145811</timestamp>
			</report>
			<report>
				<misses>4037001</misses>
				<total>520</total>
				<timestamp>645.305647</timestamp>
			</report>
			<report>
				<misses>4038001</misses>
				<total>521</total>
				<timestamp>645.465594</timestamp>
			</report>
			<report>
				<misses>4039001</misses>
				<total>520</total>
				<timestamp>645.625585</timestamp>
			</report>
			<report>
				<misses>4040001</misses>
				<total>520</total>
				<timestamp>645.785416</timestamp>
			</report>
			<report>
				<misses>4041001</misses>
				<total>521</total>
				<timestamp>645.945293</timestamp>
			</report>
			<report>
				<misses>4042001</misses>
				<total>521</total>
				<timestamp>646.105174</timestamp>
			</report>
			<report>
				<misses>4043001</misses>
				<total>523</total>
				<timestamp>646.265060</timestamp>
			</report>
			<report>
				<misses>4044001</misses>
				<total>523</total>
				<timestamp>646.424967</timestamp>
			</report>
			<report>
				<misses>4045001</misses>
				<total>523</total>
				<timestamp>646.584851</timestamp>
			</report>
			<report>
				<misses>4046001</misses>
				<total>523</total>
				<timestamp>646.744790</timestamp>
			</report>
			<report>
				<misses>4047001</misses>
				<total>523</total>
				<timestamp>646.904576</timestamp>
			</report>
			<report>
				<misses>4048001</misses>
				<total>523</total>
				<timestamp>647.064333</timestamp>
			</report>
			<report>
				<misses>4049001</misses>
				<total>523</total>
				<timestamp>647.224222</timestamp>
			</report>
			<report>
				<misses>4050001</misses>
				<total>523</total>
				<timestamp>647.384029</timestamp>
			</report>
			<report>
				<misses>4051001</misses>
				<total>523</total>
				<timestamp>647.543888</timestamp>
			</report>
			<report>
				<misses>4052001</misses>
				<total>523</total>
				<timestamp>647.703737</timestamp>
			</report>
			<report>
				<misses>4053001</misses>
				<total>523</total>
				<timestamp>647.863553</timestamp>
			</report>
			<report>
				<misses>4054001</misses>
				<total>523</total>
				<timestamp>648.023387</timestamp>
			</report>
			<report>
				<misses>4055001</misses>
				<total>523</total>
				<timestamp>648.183239</timestamp>
			</report>
			<report>
				<misses>4056001</misses>
				<total>523</total>
				<timestamp>648.343115</timestamp>
			</report>
			<report>
				<misses>4057001</misses>
				<total>523</total>
				<timestamp>648.503044</timestamp>
			</report>
			<report>
				<misses>4058001</misses>
				<total>523</total>
				<timestamp>648.662927</timestamp>
			</report>
			<report>
				<misses>4059001</misses>
				<total>523</total>
				<timestamp>648.822773</timestamp>
			</report>
			<report>
				<misses>4060001</misses>
				<total>523</total>
				<timestamp>648.982581</timestamp>
			</report>
			<report>
				<misses>4061001</misses>
				<total>523</total>
				<timestamp>649.142423</timestamp>
			</report>
			<report>
				<misses>4062001</misses>
				<total>523</total>
				<timestamp>649.302266</timestamp>
			</report>
			<report>
				<misses>4063001</misses>
				<total>523</total>
				<timestamp>649.462183</timestamp>
			</report>
			<report>
				<misses>4064001</misses>
				<total>523</total>
				<timestamp>649.621974</timestamp>
			</report>
			<report>
				<misses>4065001</misses>
				<total>523</total>
				<timestamp>649.781799</timestamp>
			</report>
			<report>
				<misses>4066001</misses>
				<total>523</total>
				<timestamp>649.941696</timestamp>
			</report>
			<report>
				<misses>4067001</misses>
				<total>523</total>
				<timestamp>650.101449</timestamp>
			</report>
			<report>
				<misses>4068001</misses>
				<total>523</total>
				<timestamp>650.261316</timestamp>
			</report>
			<report>
				<misses>4069001</misses>
				<total>523</total>
				<timestamp>650.421229</timestamp>
			</report>
			<report>
				<misses>4070001</misses>
				<total>523</total>
				<timestamp>650.581048</timestamp>
			</report>
			<report>
				<misses>4071001</misses>
				<total>523</total>
				<timestamp>650.740819</timestamp>
			</report>
			<report>
				<misses>4072001</misses>
				<total>523</total>
				<timestamp>650.900698</timestamp>
			</report>
			<report>
				<misses>4073001</misses>
				<total>523</total>
				<timestamp>651.060501</timestamp>
			</report>
			<report>
				<misses>4074001</misses>
				<total>523</total>
				<timestamp>651.220375</timestamp>
			</report>
			<report>
				<misses>4075001</misses>
				<total>523</total>
				<timestamp>651.380174</timestamp>
			</report>
			<report>
				<misses>4076001</misses>
				<total>523</total>
				<timestamp>651.540115</timestamp>
			</report>
			<report>
				<misses>4077001</misses>
				<total>525</total>
				<timestamp>651.699923</timestamp>
			</report>
			<report>
				<misses>4078001</misses>
				<total>524</total>
				<timestamp>651.859699</timestamp>
			</report>
			<report>
				<misses>4079001</misses>
				<total>525</total>
				<timestamp>652.019538</timestamp>
			</report>
			<report>
				<misses>4080001</misses>
				<total>524</total>
				<timestamp>652.179385</timestamp>
			</report>
			<report>
				<misses>4081001</misses>
				<total>525</total>
				<timestamp>652.339296</timestamp>
			</report>
			<report>
				<misses>4082001</misses>
				<total>525</total>
				<timestamp>652.499176</timestamp>
			</report>
			<report>
				<misses>4083001</misses>
				<total>535</total>
				<timestamp>652.659023</timestamp>
			</report>
			<report>
				<misses>4084001</misses>
				<total>537</total>
				<timestamp>652.818786</timestamp>
			</report>
			<report>
				<misses>4085001</misses>
				<total>537</total>
				<timestamp>652.978681</timestamp>
			</report>
			<report>
				<misses>4086001</misses>
				<total>537</total>
				<timestamp>653.138471</timestamp>
			</report>
			<report>
				<misses>4087001</misses>
				<total>537</total>
				<timestamp>653.298290</timestamp>
			</report>
			<report>
				<misses>4088001</misses>
				<total>537</total>
				<timestamp>653.458126</timestamp>
			</report>
			<report>
				<misses>4089001</misses>
				<total>537</total>
				<timestamp>653.617939</timestamp>
			</report>
			<report>
				<misses>4090001</misses>
				<total>537</total>
				<timestamp>653.777872</timestamp>
			</report>
			<report>
				<misses>4091001</misses>
				<total>537</total>
				<timestamp>653.937676</timestamp>
			</report>
			<report>
				<misses>4092001</misses>
				<total>537</total>
				<timestamp>654.097441</timestamp>
			</report>
			<report>
				<misses>4093001</misses>
				<total>537</total>
				<timestamp>654.257340</timestamp>
			</report>
			<report>
				<misses>4094001</misses>
				<total>545</total>
				<timestamp>654.417166</timestamp>
			</report>
			<report>
				<misses>4095001</misses>
				<total>545</total>
				<timestamp>654.577045</timestamp>
			</report>
			<report>
				<misses>4096001</misses>
				<total>545</total>
				<timestamp>654.736819</timestamp>
			</report>
			<report>
				<misses>4097001</misses>
				<total>545</total>
				<timestamp>654.896670</timestamp>
			</report>
			<report>
				<misses>4098001</misses>
				<total>545</total>
				<timestamp>655.056570</timestamp>
			</report>
			<report>
				<misses>4099001</misses>
				<total>545</total>
				<timestamp>655.216360</timestamp>
			</report>
			<report>
				<misses>4100001</misses>
				<total>545</total>
				<timestamp>655.376235</timestamp>
			</report>
			<report>
				<misses>4101001</misses>
				<total>545</total>
				<timestamp>655.536033</timestamp>
			</report>
			<report>
				<misses>4102001</misses>
				<total>545</total>
				<timestamp>655.695933</timestamp>
			</report>
			<report>
				<misses>4103001</misses>
				<total>545</total>
				<timestamp>655.855751</timestamp>
			</report>
			<report>
				<misses>4104001</misses>
				<total>545</total>
				<timestamp>656.015547</timestamp>
			</report>
			<report>
				<misses>4105001</misses>
				<total>545</total>
				<timestamp>656.175380</timestamp>
			</report>
			<report>
				<misses>4106001</misses>
				<total>545</total>
				<timestamp>656.335238</timestamp>
			</report>
			<report>
				<misses>4107001</misses>
				<total>545</total>
				<timestamp>656.495091</timestamp>
			</report>
			<report>
				<misses>4108001</misses>
				<total>545</total>
				<timestamp>656.655014</timestamp>
			</report>
			<report>
				<misses>4109001</misses>
				<total>545</total>
				<timestamp>656.814841</timestamp>
			</report>
			<report>
				<misses>4110001</misses>
				<total>545</total>
				<timestamp>656.974628</timestamp>
			</report>
			<report>
				<misses>4111001</misses>
				<total>545</total>
				<timestamp>657.134406</timestamp>
			</report>
			<report>
				<misses>4112001</misses>
				<total>545</total>
				<timestamp>657.294249</timestamp>
			</report>
			<report>
				<misses>4113001</misses>
				<total>545</total>
				<timestamp>657.454131</timestamp>
			</report>
			<report>
				<misses>4114001</misses>
				<total>545</total>
				<timestamp>657.613974</timestamp>
			</report>
			<report>
				<misses>4115001</misses>
				<total>545</total>
				<timestamp>657.773787</timestamp>
			</report>
			<report>
				<misses>4116001</misses>
				<total>545</total>
				<timestamp>657.933661</timestamp>
			</report>
			<report>
				<misses>4117001</misses>
				<total>545</total>
				<timestamp>658.093448</timestamp>
			</report>
			<report>
				<misses>4118001</misses>
				<total>545</total>
				<timestamp>658.253285</timestamp>
			</report>
			<report>
				<misses>4119001</misses>
				<total>545</total>
				<timestamp>658.413171</timestamp>
			</report>
			<report>
				<misses>4120001</misses>
				<total>556</total>
				<timestamp>658.572988</timestamp>
			</report>
			<report>
				<misses>4121001</misses>
				<total>557</total>
				<timestamp>658.732815</timestamp>
			</report>
			<report>
				<misses>4122001</misses>
				<total>558</total>
				<timestamp>658.892699</timestamp>
			</report>
			<report>
				<misses>4123001</misses>
				<total>559</total>
				<timestamp>659.052496</timestamp>
			</report>
			<report>
				<misses>4124001</misses>
				<total>559</total>
				<timestamp>659.212375</timestamp>
			</report>
			<report>
				<misses>4125001</misses>
				<total>559</total>
				<timestamp>659.372207</timestamp>
			</report>
			<report>
				<misses>4126001</misses>
				<total>559</total>
				<timestamp>659.532032</timestamp>
			</report>
			<report>
				<misses>4127001</misses>
				<total>559</total>
				<timestamp>659.691945</timestamp>
			</report>
			<report>
				<misses>4128001</misses>
				<total>559</total>
				<timestamp>659.851817</timestamp>
			</report>
			<report>
				<misses>4129001</misses>
				<total>559</total>
				<timestamp>660.011624</timestamp>
			</report>
			<report>
				<misses>4130001</misses>
				<total>559</total>
				<timestamp>660.171423</timestamp>
			</report>
			<report>
				<misses>4131001</misses>
				<total>559</total>
				<timestamp>660.331304</timestamp>
			</report>
			<report>
				<misses>4132001</misses>
				<total>559</total>
				<timestamp>660.491133</timestamp>
			</report>
			<report>
				<misses>4133001</misses>
				<total>559</total>
				<timestamp>660.650906</timestamp>
			</report>
			<report>
				<misses>4134001</misses>
				<total>559</total>
				<timestamp>660.810801</timestamp>
			</report>
			<report>
				<misses>4135001</misses>
				<total>559</total>
				<timestamp>660.970579</timestamp>
			</report>
			<report>
				<misses>4136001</misses>
				<total>559</total>
				<timestamp>661.130408</timestamp>
			</report>
			<report>
				<misses>4137001</misses>
				<total>559</total>
				<timestamp>661.290273</timestamp>
			</report>
			<report>
				<misses>4138001</misses>
				<total>559</total>
				<timestamp>661.450141</timestamp>
			</report>
			<report>
				<misses>4139001</misses>
				<total>559</total>
				<timestamp>661.610063</timestamp>
			</report>
			<report>
				<misses>4140001</misses>
				<total>559</total>
				<timestamp>661.769940</timestamp>
			</report>
			<report>
				<misses>4141001</misses>
				<total>559</total>
				<timestamp>661.929766</timestamp>
			</report>
			<report>
				<misses>4142001</misses>
				<total>559</total>
				<timestamp>662.089612</timestamp>
			</report>
			<report>
				<misses>4143001</misses>
				<total>559</total>
				<timestamp>662.249448</timestamp>
			</report>
			<report>
				<misses>4144001</misses>
				<total>560</total>
				<timestamp>662.409419</timestamp>
			</report>
			<report>
				<misses>4145001</misses>
				<total>560</total>
				<timestamp>662.569135</timestamp>
			</report>
			<report>
				<misses>4146001</misses>
				<total>560</total>
				<timestamp>662.728958</timestamp>
			</report>
			<report>
				<misses>4147001</misses>
				<total>560</total>
				<timestamp>662.888928</timestamp>
			</report>
			<report>
				<misses>4148001</misses>
				<total>560</total>
				<timestamp>663.048656</timestamp>
			</report>
			<report>
				<misses>4149001</misses>
				<total>560</total>
				<timestamp>663.208560</timestamp>
			</report>
			<report>
				<misses>4150001</misses>
				<total>560</total>
				<timestamp>663.368362</timestamp>
			</report>
			<report>
				<misses>4151001</misses>
				<total>562</total>
				<timestamp>663.528317</timestamp>
			</report>
			<report>
				<misses>4152001</misses>
				<total>561</total>
				<timestamp>663.688183</timestamp>
			</report>
			<report>
				<misses>4153001</misses>
				<total>562</total>
				<timestamp>663.848040</timestamp>
			</report>
			<report>
				<misses>4154001</misses>
				<total>562</total>
				<timestamp>664.007848</timestamp>
			</report>
			<report>
				<misses>4155001</misses>
				<total>562</total>
				<timestamp>664.167706</timestamp>
			</report>
			<report>
				<misses>4156001</misses>
				<total>562</total>
				<timestamp>664.327561</timestamp>
			</report>
			<report>
				<misses>4157001</misses>
				<total>562</total>
				<timestamp>664.487391</timestamp>
			</report>
			<report>
				<misses>4158001</misses>
				<total>562</total>
				<timestamp>664.647300</timestamp>
			</report>
			<report>
				<misses>4159001</misses>
				<total>562</total>
				<timestamp>664.807055</timestamp>
			</report>
			<report>
				<misses>4160001</misses>
				<total>562</total>
				<timestamp>664.966923</timestamp>
			</report>
			<report>
				<misses>4161001</misses>
				<total>562</total>
				<timestamp>665.126756</timestamp>
			</report>
			<report>
				<misses>4162001</misses>
				<total>562</total>
				<timestamp>665.286615</timestamp>
			</report>
			<report>
				<misses>4163001</misses>
				<total>562</total>
				<timestamp>665.446420</timestamp>
			</report>
			<report>
				<misses>4164001</misses>
				<total>562</total>
				<timestamp>665.606271</timestamp>
			</report>
			<report>
				<misses>4165001</misses>
				<total>562</total>
				<timestamp>665.766172</timestamp>
			</report>
			<report>
				<misses>4166001</misses>
				<total>562</total>
				<timestamp>665.925962</timestamp>
			</report>
			<report>
				<misses>4167001</misses>
				<total>562</total>
				<timestamp>666.085813</timestamp>
			</report>
			<report>
				<misses>4168001</misses>
				<total>562</total>
				<timestamp>666.245645</timestamp>
			</report>
			<report>
				<misses>4169001</misses>
				<total>562</total>
				<timestamp>666.405510</timestamp>
			</report>
			<report>
				<misses>4170001</misses>
				<total>561</total>
				<timestamp>666.565314</timestamp>
			</report>
			<report>
				<misses>4171001</misses>
				<total>562</total>
				<timestamp>666.725138</timestamp>
			</report>
			<report>
				<misses>4172001</misses>
				<total>562</total>
				<timestamp>666.884985</timestamp>
			</report>
			<report>
				<misses>4173001</misses>
				<total>562</total>
				<timestamp>667.044820</timestamp>
			</report>
			<report>
				<misses>4174001</misses>
				<total>562</total>
				<timestamp>667.204731</timestamp>
			</report>
			<report>
				<misses>4175001</misses>
				<total>562</total>
				<timestamp>667.364519</timestamp>
			</report>
			<report>
				<misses>4176001</misses>
				<total>566</total>
				<timestamp>667.524348</timestamp>
			</report>
			<report>
				<misses>4177001</misses>
				<total>566</total>
				<timestamp>667.684205</timestamp>
			</report>
			<report>
				<misses>4178001</misses>
				<total>566</total>
				<timestamp>667.844024</timestamp>
			</report>
			<report>
				<misses>4179001</misses>
				<total>566</total>
				<timestamp>668.003862</timestamp>
			</report>
			<report>
				<misses>4180001</misses>
				<total>566</total>
				<timestamp>668.163736</timestamp>
			</report>
			<report>
				<misses>4181001</misses>
				<total>566</total>
				<timestamp>668.323540</timestamp>
			</report>
			<report>
				<misses>4182001</misses>
				<total>566</total>
				<timestamp>668.483376</timestamp>
			</report>
			<report>
				<misses>4183001</misses>
				<total>565</total>
				<timestamp>668.643225</timestamp>
			</report>
			<report>
				<misses>4184001</misses>
				<total>566</total>
				<timestamp>668.803104</timestamp>
			</report>
			<report>
				<misses>4185001</misses>
				<total>566</total>
				<timestamp>668.962882</timestamp>
			</report>
			<report>
				<misses>4186001</misses>
				<total>566</total>
				<timestamp>669.122736</timestamp>
			</report>
			<report>
				<misses>4187001</misses>
				<total>566</total>
				<timestamp>669.282589</timestamp>
			</report>
			<report>
				<misses>4188001</misses>
				<total>565</total>
				<timestamp>669.442443</timestamp>
			</report>
			<report>
				<misses>4189001</misses>
				<total>566</total>
				<timestamp>669.602257</timestamp>
			</report>
			<report>
				<misses>4190001</misses>
				<total>566</total>
				<timestamp>669.762110</timestamp>
			</report>
			<report>
				<misses>4191001</misses>
				<total>566</total>
				<timestamp>669.921932</timestamp>
			</report>
			<report>
				<misses>4192001</misses>
				<total>566</total>
				<timestamp>670.081769</timestamp>
			</report>
			<report>
				<misses>4193001</misses>
				<total>566</total>
				<timestamp>670.241634</timestamp>
			</report>
			<report>
				<misses>4194001</misses>
				<total>567</total>
				<timestamp>670.401484</timestamp>
			</report>
			<report>
				<misses>4195001</misses>
				<total>567</total>
				<timestamp>670.561298</timestamp>
			</report>
			<report>
				<misses>4196001</misses>
				<total>567</total>
				<timestamp>670.721143</timestamp>
			</report>
			<report>
				<misses>4197001</misses>
				<total>567</total>
				<timestamp>670.880963</timestamp>
			</report>
			<report>
				<misses>4198001</misses>
				<total>567</total>
				<timestamp>671.040798</timestamp>
			</report>
			<report>
				<misses>4199001</misses>
				<total>567</total>
				<timestamp>671.200686</timestamp>
			</report>
			<report>
				<misses>4200001</misses>
				<total>567</total>
				<timestamp>671.360552</timestamp>
			</report>
			<report>
				<misses>4201001</misses>
				<total>567</total>
				<timestamp>671.520350</timestamp>
			</report>
			<report>
				<misses>4202001</misses>
				<total>567</total>
				<timestamp>671.680178</timestamp>
			</report>
			<report>
				<misses>4203001</misses>
				<total>568</total>
				<timestamp>671.840042</timestamp>
			</report>
			<report>
				<misses>4204001</misses>
				<total>568</total>
				<timestamp>671.999856</timestamp>
			</report>
			<report>
				<misses>4205001</misses>
				<total>568</total>
				<timestamp>672.159682</timestamp>
			</report>
			<report>
				<misses>4206001</misses>
				<total>568</total>
				<timestamp>672.319584</timestamp>
			</report>
			<report>
				<misses>4207001</misses>
				<total>568</total>
				<timestamp>672.479387</timestamp>
			</report>
			<report>
				<misses>4208001</misses>
				<total>568</total>
				<timestamp>672.639239</timestamp>
			</report>
			<report>
				<misses>4209001</misses>
				<total>568</total>
				<timestamp>672.799075</timestamp>
			</report>
			<report>
				<misses>4210001</misses>
				<total>568</total>
				<timestamp>672.958890</timestamp>
			</report>
			<report>
				<misses>4211001</misses>
				<total>568</total>
				<timestamp>673.118731</timestamp>
			</report>
			<report>
				<misses>4212001</misses>
				<total>568</total>
				<timestamp>673.278597</timestamp>
			</report>
			<report>
				<misses>4213001</misses>
				<total>568</total>
				<timestamp>673.438422</timestamp>
			</report>
			<report>
				<misses>4214001</misses>
				<total>567</total>
				<timestamp>673.598298</timestamp>
			</report>
			<report>
				<misses>4215001</misses>
				<total>568</total>
				<timestamp>673.758091</timestamp>
			</report>
			<report>
				<misses>4216001</misses>
				<total>568</total>
				<timestamp>673.917935</timestamp>
			</report>
			<report>
				<misses>4217001</misses>
				<total>568</total>
				<timestamp>674.077777</timestamp>
			</report>
			<report>
				<misses>4218001</misses>
				<total>568</total>
				<timestamp>674.237614</timestamp>
			</report>
			<report>
				<misses>4219001</misses>
				<total>568</total>
				<timestamp>674.397472</timestamp>
			</report>
			<report>
				<misses>4220001</misses>
				<total>568</total>
				<timestamp>674.557286</timestamp>
			</report>
			<report>
				<misses>4221001</misses>
				<total>571</total>
				<timestamp>674.717128</timestamp>
			</report>
			<report>
				<misses>4222001</misses>
				<total>571</total>
				<timestamp>674.876985</timestamp>
			</report>
			<report>
				<misses>4223001</misses>
				<total>571</total>
				<timestamp>675.036814</timestamp>
			</report>
			<report>
				<misses>4224001</misses>
				<total>571</total>
				<timestamp>675.196677</timestamp>
			</report>
			<report>
				<misses>4225001</misses>
				<total>571</total>
				<timestamp>675.356549</timestamp>
			</report>
			<report>
				<misses>4226001</misses>
				<total>571</total>
				<timestamp>675.516344</timestamp>
			</report>
			<report>
				<misses>4227001</misses>
				<total>571</total>
				<timestamp>675.676185</timestamp>
			</report>
			<report>
				<misses>4228001</misses>
				<total>571</total>
				<timestamp>675.836011</timestamp>
			</report>
			<report>
				<misses>4229001</misses>
				<total>573</total>
				<timestamp>675.995861</timestamp>
			</report>
			<report>
				<misses>4230001</misses>
				<total>573</total>
				<timestamp>676.155694</timestamp>
			</report>
			<report>
				<misses>4231001</misses>
				<total>576</total>
				<timestamp>676.315539</timestamp>
			</report>
			<report>
				<misses>4232001</misses>
				<total>576</total>
				<timestamp>676.475360</timestamp>
			</report>
			<report>
				<misses>4233001</misses>
				<total>576</total>
				<timestamp>676.635220</timestamp>
			</report>
			<report>
				<misses>4234001</misses>
				<total>576</total>
				<timestamp>676.795054</timestamp>
			</report>
			<report>
				<misses>4235001</misses>
				<total>576</total>
				<timestamp>676.954900</timestamp>
			</report>
			<report>
				<misses>4236001</misses>
				<total>576</total>
				<timestamp>677.114734</timestamp>
			</report>
			<report>
				<misses>4237001</misses>
				<total>576</total>
				<timestamp>677.274596</timestamp>
			</report>
			<report>
				<misses>4238001</misses>
				<total>576</total>
				<timestamp>677.434458</timestamp>
			</report>
			<report>
				<misses>4239001</misses>
				<total>576</total>
				<timestamp>677.594256</timestamp>
			</report>
			<report>
				<misses>4240001</misses>
				<total>576</total>
				<timestamp>677.754118</timestamp>
			</report>
			<report>
				<misses>4241001</misses>
				<total>576</total>
				<timestamp>677.913935</timestamp>
			</report>
			<report>
				<misses>4242001</misses>
				<total>576</total>
				<timestamp>678.073778</timestamp>
			</report>
			<report>
				<misses>4243001</misses>
				<total>576</total>
				<timestamp>678.233682</timestamp>
			</report>
			<report>
				<misses>4244001</misses>
				<total>576</total>
				<timestamp>678.393494</timestamp>
			</report>
			<report>
				<misses>4245001</misses>
				<total>576</total>
				<timestamp>678.553419</timestamp>
			</report>
			<report>
				<misses>4246001</misses>
				<total>577</total>
				<timestamp>678.713146</timestamp>
			</report>
			<report>
				<misses>4247001</misses>
				<total>577</total>
				<timestamp>678.872975</timestamp>
			</report>
			<report>
				<misses>4248001</misses>
				<total>577</total>
				<timestamp>679.032813</timestamp>
			</report>
			<report>
				<misses>4249001</misses>
				<total>577</total>
				<timestamp>679.192654</timestamp>
			</report>
			<report>
				<misses>4250001</misses>
				<total>577</total>
				<timestamp>679.352581</timestamp>
			</report>
			<report>
				<misses>4251001</misses>
				<total>577</total>
				<timestamp>679.512318</timestamp>
			</report>
			<report>
				<misses>4252001</misses>
				<total>577</total>
				<timestamp>679.672280</timestamp>
			</report>
			<report>
				<misses>4253001</misses>
				<total>577</total>
				<timestamp>679.832141</timestamp>
			</report>
			<report>
				<misses>4254001</misses>
				<total>577</total>
				<timestamp>679.991969</timestamp>
			</report>
			<report>
				<misses>4255001</misses>
				<total>577</total>
				<timestamp>680.151703</timestamp>
			</report>
			<report>
				<misses>4256001</misses>
				<total>577</total>
				<timestamp>680.311618</timestamp>
			</report>
			<report>
				<misses>4257001</misses>
				<total>577</total>
				<timestamp>680.471401</timestamp>
			</report>
			<report>
				<misses>4258001</misses>
				<total>577</total>
				<timestamp>680.631247</timestamp>
			</report>
			<report>
				<misses>4259001</misses>
				<total>577</total>
				<timestamp>680.791072</timestamp>
			</report>
			<report>
				<misses>4260001</misses>
				<total>577</total>
				<timestamp>680.950888</timestamp>
			</report>
			<report>
				<misses>4261001</misses>
				<total>577</total>
				<timestamp>681.110735</timestamp>
			</report>
			<report>
				<misses>4262001</misses>
				<total>577</total>
				<timestamp>681.270631</timestamp>
			</report>
			<report>
				<misses>4263001</misses>
				<total>577</total>
				<timestamp>681.430464</timestamp>
			</report>
			<report>
				<misses>4264001</misses>
				<total>578</total>
				<timestamp>681.590267</timestamp>
			</report>
			<report>
				<misses>4265001</misses>
				<total>578</total>
				<timestamp>681.750099</timestamp>
			</report>
			<report>
				<misses>4266001</misses>
				<total>578</total>
				<timestamp>681.909916</timestamp>
			</report>
			<report>
				<misses>4267001</misses>
				<total>578</total>
				<timestamp>682.069772</timestamp>
			</report>
			<report>
				<misses>4268001</misses>
				<total>578</total>
				<timestamp>682.229636</timestamp>
			</report>
			<report>
				<misses>4269001</misses>
				<total>578</total>
				<timestamp>682.389533</timestamp>
			</report>
			<report>
				<misses>4270001</misses>
				<total>578</total>
				<timestamp>682.549297</timestamp>
			</report>
			<report>
				<misses>4271001</misses>
				<total>578</total>
				<timestamp>682.709150</timestamp>
			</report>
			<report>
				<misses>4272001</misses>
				<total>578</total>
				<timestamp>682.868991</timestamp>
			</report>
			<report>
				<misses>4273001</misses>
				<total>578</total>
				<timestamp>683.028820</timestamp>
			</report>
			<report>
				<misses>4274001</misses>
				<total>578</total>
				<timestamp>683.188682</timestamp>
			</report>
			<report>
				<misses>4275001</misses>
				<total>578</total>
				<timestamp>683.348525</timestamp>
			</report>
			<report>
				<misses>4276001</misses>
				<total>578</total>
				<timestamp>683.508343</timestamp>
			</report>
			<report>
				<misses>4277001</misses>
				<total>578</total>
				<timestamp>683.668170</timestamp>
			</report>
			<report>
				<misses>4278001</misses>
				<total>578</total>
				<timestamp>683.828056</timestamp>
			</report>
			<report>
				<misses>4279001</misses>
				<total>578</total>
				<timestamp>683.987846</timestamp>
			</report>
			<report>
				<misses>4280001</misses>
				<total>577</total>
				<timestamp>684.147715</timestamp>
			</report>
			<report>
				<misses>4281001</misses>
				<total>578</total>
				<timestamp>684.307533</timestamp>
			</report>
			<report>
				<misses>4282001</misses>
				<total>578</total>
				<timestamp>684.467394</timestamp>
			</report>
			<report>
				<misses>4283001</misses>
				<total>578</total>
				<timestamp>684.627218</timestamp>
			</report>
			<report>
				<misses>4284001</misses>
				<total>578</total>
				<timestamp>684.787093</timestamp>
			</report>
			<report>
				<misses>4285001</misses>
				<total>578</total>
				<timestamp>684.946894</timestamp>
			</report>
			<report>
				<misses>4286001</misses>
				<total>578</total>
				<timestamp>685.106753</timestamp>
			</report>
			<report>
				<misses>4287001</misses>
				<total>578</total>
				<timestamp>685.266598</timestamp>
			</report>
			<report>
				<misses>4288001</misses>
				<total>578</total>
				<timestamp>685.426507</timestamp>
			</report>
			<report>
				<misses>4289001</misses>
				<total>578</total>
				<timestamp>685.586333</timestamp>
			</report>
			<report>
				<misses>4290001</misses>
				<total>578</total>
				<timestamp>685.746114</timestamp>
			</report>
			<report>
				<misses>4291001</misses>
				<total>578</total>
				<timestamp>685.905989</timestamp>
			</report>
			<report>
				<misses>4292001</misses>
				<total>578</total>
				<timestamp>686.065908</timestamp>
			</report>
			<report>
				<misses>4293001</misses>
				<total>578</total>
				<timestamp>686.225653</timestamp>
			</report>
			<report>
				<misses>4294001</misses>
				<total>578</total>
				<timestamp>686.385632</timestamp>
			</report>
			<report>
				<misses>4295001</misses>
				<total>578</total>
				<timestamp>686.545574</timestamp>
			</report>
			<report>
				<misses>4296001</misses>
				<total>578</total>
				<timestamp>686.705352</timestamp>
			</report>
			<report>
				<misses>4297001</misses>
				<total>578</total>
				<timestamp>686.865159</timestamp>
			</report>
			<report>
				<misses>4298001</misses>
				<total>578</total>
				<timestamp>687.025102</timestamp>
			</report>
			<report>
				<misses>4299001</misses>
				<total>578</total>
				<timestamp>687.184843</timestamp>
			</report>
			<report>
				<misses>4300001</misses>
				<total>578</total>
				<timestamp>687.344738</timestamp>
			</report>
			<report>
				<misses>4301001</misses>
				<total>578</total>
				<timestamp>687.504630</timestamp>
			</report>
			<report>
				<misses>4302001</misses>
				<total>578</total>
				<timestamp>687.664609</timestamp>
			</report>
			<report>
				<misses>4303001</misses>
				<total>578</total>
				<timestamp>687.824342</timestamp>
			</report>
			<report>
				<misses>4304001</misses>
				<total>578</total>
				<timestamp>687.984160</timestamp>
			</report>
			<report>
				<misses>4305001</misses>
				<total>578</total>
				<timestamp>688.144057</timestamp>
			</report>
			<report>
				<misses>4306001</misses>
				<total>587</total>
				<timestamp>688.303863</timestamp>
			</report>
			<report>
				<misses>4307001</misses>
				<total>587</total>
				<timestamp>688.463698</timestamp>
			</report>
			<report>
				<misses>4308001</misses>
				<total>587</total>
				<timestamp>688.623547</timestamp>
			</report>
			<report>
				<misses>4309001</misses>
				<total>587</total>
				<timestamp>688.783402</timestamp>
			</report>
			<report>
				<misses>4310001</misses>
				<total>588</total>
				<timestamp>688.943223</timestamp>
			</report>
			<report>
				<misses>4311001</misses>
				<total>588</total>
				<timestamp>689.103058</timestamp>
			</report>
			<report>
				<misses>4312001</misses>
				<total>588</total>
				<timestamp>689.262897</timestamp>
			</report>
			<report>
				<misses>4313001</misses>
				<total>588</total>
				<timestamp>689.422719</timestamp>
			</report>
			<report>
				<misses>4314001</misses>
				<total>588</total>
				<timestamp>689.582561</timestamp>
			</report>
			<report>
				<misses>4315001</misses>
				<total>588</total>
				<timestamp>689.742452</timestamp>
			</report>
			<report>
				<misses>4316001</misses>
				<total>587</total>
				<timestamp>689.902295</timestamp>
			</report>
			<report>
				<misses>4317001</misses>
				<total>588</total>
				<timestamp>690.062107</timestamp>
			</report>
			<report>
				<misses>4318001</misses>
				<total>588</total>
				<timestamp>690.221937</timestamp>
			</report>
			<report>
				<misses>4319001</misses>
				<total>588</total>
				<timestamp>690.381779</timestamp>
			</report>
			<report>
				<misses>4320001</misses>
				<total>588</total>
				<timestamp>690.541620</timestamp>
			</report>
			<report>
				<misses>4321001</misses>
				<total>588</total>
				<timestamp>690.701460</timestamp>
			</report>
			<report>
				<misses>4322001</misses>
				<total>588</total>
				<timestamp>690.861300</timestamp>
			</report>
			<report>
				<misses>4323001</misses>
				<total>588</total>
				<timestamp>691.021145</timestamp>
			</report>
			<report>
				<misses>4324001</misses>
				<total>588</total>
				<timestamp>691.180987</timestamp>
			</report>
			<report>
				<misses>4325001</misses>
				<total>588</total>
				<timestamp>691.340848</timestamp>
			</report>
			<report>
				<misses>4326001</misses>
				<total>588</total>
				<timestamp>691.500683</timestamp>
			</report>
			<report>
				<misses>4327001</misses>
				<total>588</total>
				<timestamp>691.660508</timestamp>
			</report>
			<report>
				<misses>4328001</misses>
				<total>588</total>
				<timestamp>691.820401</timestamp>
			</report>
			<report>
				<misses>4329001</misses>
				<total>587</total>
				<timestamp>691.980194</timestamp>
			</report>
			<report>
				<misses>4330001</misses>
				<total>588</total>
				<timestamp>692.140005</timestamp>
			</report>
			<report>
				<misses>4331001</misses>
				<total>588</total>
				<timestamp>692.299832</timestamp>
			</report>
			<report>
				<misses>4332001</misses>
				<total>588</total>
				<timestamp>692.459694</timestamp>
			</report>
			<report>
				<misses>4333001</misses>
				<total>588</total>
				<timestamp>692.619547</timestamp>
			</report>
			<report>
				<misses>4334001</misses>
				<total>588</total>
				<timestamp>692.779394</timestamp>
			</report>
			<report>
				<misses>4335001</misses>
				<total>588</total>
				<timestamp>692.939235</timestamp>
			</report>
			<report>
				<misses>4336001</misses>
				<total>588</total>
				<timestamp>693.099077</timestamp>
			</report>
			<report>
				<misses>4337001</misses>
				<total>588</total>
				<timestamp>693.258961</timestamp>
			</report>
			<report>
				<misses>4338001</misses>
				<total>588</total>
				<timestamp>693.418751</timestamp>
			</report>
			<report>
				<misses>4339001</misses>
				<total>588</total>
				<timestamp>693.578586</timestamp>
			</report>
			<report>
				<misses>4340001</misses>
				<total>588</total>
				<timestamp>693.738449</timestamp>
			</report>
			<report>
				<misses>4341001</misses>
				<total>588</total>
				<timestamp>693.898256</timestamp>
			</report>
			<report>
				<misses>4342001</misses>
				<total>588</total>
				<timestamp>694.058087</timestamp>
			</report>
			<report>
				<misses>4343001</misses>
				<total>588</total>
				<timestamp>694.217930</timestamp>
			</report>
			<report>
				<misses>4344001</misses>
				<total>588</total>
				<timestamp>694.377823</timestamp>
			</report>
			<report>
				<misses>4345001</misses>
				<total>588</total>
				<timestamp>694.537689</timestamp>
			</report>
			<report>
				<misses>4346001</misses>
				<total>588</total>
				<timestamp>694.697546</timestamp>
			</report>
			<report>
				<misses>4347001</misses>
				<total>588</total>
				<timestamp>694.857414</timestamp>
			</report>
			<report>
				<misses>4348001</misses>
				<total>588</total>
				<timestamp>695.017250</timestamp>
			</report>
			<report>
				<misses>4349001</misses>
				<total>588</total>
				<timestamp>695.177072</timestamp>
			</report>
			<report>
				<misses>4350001</misses>
				<total>588</total>
				<timestamp>695.336852</timestamp>
			</report>
			<report>
				<misses>4351001</misses>
				<total>588</total>
				<timestamp>695.496785</timestamp>
			</report>
			<report>
				<misses>4352001</misses>
				<total>588</total>
				<timestamp>695.656686</timestamp>
			</report>
			<report>
				<misses>4353001</misses>
				<total>588</total>
				<timestamp>695.816618</timestamp>
			</report>
			<report>
				<misses>4354001</misses>
				<total>588</total>
				<timestamp>695.976445</timestamp>
			</report>
			<report>
				<misses>4355001</misses>
				<total>588</total>
				<timestamp>696.136270</timestamp>
			</report>
			<report>
				<misses>4356001</misses>
				<total>588</total>
				<timestamp>696.296074</timestamp>
			</report>
			<report>
				<misses>4357001</misses>
				<total>588</total>
				<timestamp>696.455877</timestamp>
			</report>
			<report>
				<misses>4358001</misses>
				<total>587</total>
				<timestamp>696.615819</timestamp>
			</report>
			<report>
				<misses>4359001</misses>
				<total>588</total>
				<timestamp>696.775695</timestamp>
			</report>
			<report>
				<misses>4360001</misses>
				<total>588</total>
				<timestamp>696.935583</timestamp>
			</report>
			<report>
				<misses>4361001</misses>
				<total>588</total>
				<timestamp>697.095415</timestamp>
			</report>
			<report>
				<misses>4362001</misses>
				<total>588</total>
				<timestamp>697.255304</timestamp>
			</report>
			<report>
				<misses>4363001</misses>
				<total>588</total>
				<timestamp>697.415073</timestamp>
			</report>
			<report>
				<misses>4364001</misses>
				<total>589</total>
				<timestamp>697.575002</timestamp>
			</report>
			<report>
				<misses>4365001</misses>
				<total>588</total>
				<timestamp>697.734863</timestamp>
			</report>
			<report>
				<misses>4366001</misses>
				<total>589</total>
				<timestamp>697.894623</timestamp>
			</report>
			<report>
				<misses>4367001</misses>
				<total>589</total>
				<timestamp>698.054434</timestamp>
			</report>
			<report>
				<misses>4368001</misses>
				<total>589</total>
				<timestamp>698.214376</timestamp>
			</report>
			<report>
				<misses>4369001</misses>
				<total>589</total>
				<timestamp>698.374121</timestamp>
			</report>
			<report>
				<misses>4370001</misses>
				<total>589</total>
				<timestamp>698.534031</timestamp>
			</report>
			<report>
				<misses>4371001</misses>
				<total>589</total>
				<timestamp>698.693861</timestamp>
			</report>
			<report>
				<misses>4372001</misses>
				<total>595</total>
				<timestamp>698.853679</timestamp>
			</report>
			<report>
				<misses>4373001</misses>
				<total>595</total>
				<timestamp>699.013530</timestamp>
			</report>
			<report>
				<misses>4374001</misses>
				<total>595</total>
				<timestamp>699.173392</timestamp>
			</report>
			<report>
				<misses>4375001</misses>
				<total>595</total>
				<timestamp>699.333208</timestamp>
			</report>
			<report>
				<misses>4376001</misses>
				<total>595</total>
				<timestamp>699.493040</timestamp>
			</report>
			<report>
				<misses>4377001</misses>
				<total>595</total>
				<timestamp>699.652897</timestamp>
			</report>
			<report>
				<misses>4378001</misses>
				<total>595</total>
				<timestamp>699.812702</timestamp>
			</report>
			<report>
				<misses>4379001</misses>
				<total>595</total>
				<timestamp>699.972593</timestamp>
			</report>
			<report>
				<misses>4380001</misses>
				<total>595</total>
				<timestamp>700.132515</timestamp>
			</report>
			<report>
				<misses>4381001</misses>
				<total>595</total>
				<timestamp>700.292432</timestamp>
			</report>
			<report>
				<misses>4382001</misses>
				<total>595</total>
				<timestamp>700.452204</timestamp>
			</report>
			<report>
				<misses>4383001</misses>
				<total>595</total>
				<timestamp>700.612012</timestamp>
			</report>
			<report>
				<misses>4384001</misses>
				<total>594</total>
				<timestamp>700.771862</timestamp>
			</report>
			<report>
				<misses>4385001</misses>
				<total>595</total>
				<timestamp>700.931714</timestamp>
			</report>
			<report>
				<misses>4386001</misses>
				<total>595</total>
				<timestamp>701.091540</timestamp>
			</report>
			<report>
				<misses>4387001</misses>
				<total>595</total>
				<timestamp>701.251378</timestamp>
			</report>
			<report>
				<misses>4388001</misses>
				<total>595</total>
				<timestamp>701.411225</timestamp>
			</report>
			<report>
				<misses>4389001</misses>
				<total>595</total>
				<timestamp>701.571081</timestamp>
			</report>
			<report>
				<misses>4390001</misses>
				<total>595</total>
				<timestamp>701.730961</timestamp>
			</report>
			<report>
				<misses>4391001</misses>
				<total>595</total>
				<timestamp>701.890740</timestamp>
			</report>
			<report>
				<misses>4392001</misses>
				<total>595</total>
				<timestamp>702.050672</timestamp>
			</report>
			<report>
				<misses>4393001</misses>
				<total>595</total>
				<timestamp>702.210564</timestamp>
			</report>
			<report>
				<misses>4394001</misses>
				<total>595</total>
				<timestamp>702.370470</timestamp>
			</report>
			<report>
				<misses>4395001</misses>
				<total>595</total>
				<timestamp>702.530423</timestamp>
			</report>
			<report>
				<misses>4396001</misses>
				<total>595</total>
				<timestamp>702.690377</timestamp>
			</report>
			<report>
				<misses>4397001</misses>
				<total>595</total>
				<timestamp>702.850137</timestamp>
			</report>
			<report>
				<misses>4398001</misses>
				<total>594</total>
				<timestamp>703.009974</timestamp>
			</report>
			<report>
				<misses>4399001</misses>
				<total>595</total>
				<timestamp>703.169891</timestamp>
			</report>
			<report>
				<misses>4400001</misses>
				<total>595</total>
				<timestamp>703.329763</timestamp>
			</report>
			<report>
				<misses>4401001</misses>
				<total>594</total>
				<timestamp>703.489622</timestamp>
			</report>
			<report>
				<misses>4402001</misses>
				<total>595</total>
				<timestamp>703.649471</timestamp>
			</report>
			<report>
				<misses>4403001</misses>
				<total>595</total>
				<timestamp>703.809329</timestamp>
			</report>
			<report>
				<misses>4404001</misses>
				<total>595</total>
				<timestamp>703.969168</timestamp>
			</report>
			<report>
				<misses>4405001</misses>
				<total>595</total>
				<timestamp>704.128992</timestamp>
			</report>
			<report>
				<misses>4406001</misses>
				<total>595</total>
				<timestamp>704.288936</timestamp>
			</report>
			<report>
				<misses>4407001</misses>
				<total>595</total>
				<timestamp>704.448769</timestamp>
			</report>
			<report>
				<misses>4408001</misses>
				<total>596</total>
				<timestamp>704.608523</timestamp>
			</report>
			<report>
				<misses>4409001</misses>
				<total>596</total>
				<timestamp>704.768474</timestamp>
			</report>
			<report>
				<misses>4410001</misses>
				<total>596</total>
				<timestamp>704.928504</timestamp>
			</report>
			<report>
				<misses>4411001</misses>
				<total>596</total>
				<timestamp>705.088538</timestamp>
			</report>
			<report>
				<misses>4412001</misses>
				<total>596</total>
				<timestamp>705.248542</timestamp>
			</report>
			<report>
				<misses>4413001</misses>
				<total>596</total>
				<timestamp>705.408392</timestamp>
			</report>
			<report>
				<misses>4414001</misses>
				<total>596</total>
				<timestamp>705.568226</timestamp>
			</report>
			<report>
				<misses>4415001</misses>
				<total>596</total>
				<timestamp>705.728061</timestamp>
			</report>
			<report>
				<misses>4416001</misses>
				<total>596</total>
				<timestamp>705.887939</timestamp>
			</report>
			<report>
				<misses>4417001</misses>
				<total>596</total>
				<timestamp>706.047691</timestamp>
			</report>
			<report>
				<misses>4418001</misses>
				<total>596</total>
				<timestamp>706.207643</timestamp>
			</report>
			<report>
				<misses>4419001</misses>
				<total>596</total>
				<timestamp>706.367454</timestamp>
			</report>
			<report>
				<misses>4420001</misses>
				<total>596</total>
				<timestamp>706.527307</timestamp>
			</report>
			<report>
				<misses>4421001</misses>
				<total>596</total>
				<timestamp>706.687157</timestamp>
			</report>
			<report>
				<misses>4422001</misses>
				<total>596</total>
				<timestamp>706.846983</timestamp>
			</report>
			<report>
				<misses>4423001</misses>
				<total>596</total>
				<timestamp>707.006726</timestamp>
			</report>
			<report>
				<misses>4424001</misses>
				<total>596</total>
				<timestamp>707.166688</timestamp>
			</report>
			<report>
				<misses>4425001</misses>
				<total>596</total>
				<timestamp>707.326507</timestamp>
			</report>
			<report>
				<misses>4426001</misses>
				<total>596</total>
				<timestamp>707.486295</timestamp>
			</report>
			<report>
				<misses>4427001</misses>
				<total>595</total>
				<timestamp>707.646117</timestamp>
			</report>
			<report>
				<misses>4428001</misses>
				<total>596</total>
				<timestamp>707.806087</timestamp>
			</report>
			<report>
				<misses>4429001</misses>
				<total>596</total>
				<timestamp>707.966002</timestamp>
			</report>
			<report>
				<misses>4430001</misses>
				<total>598</total>
				<timestamp>708.125833</timestamp>
			</report>
			<report>
				<misses>4431001</misses>
				<total>598</total>
				<timestamp>708.285696</timestamp>
			</report>
			<report>
				<misses>4432001</misses>
				<total>598</total>
				<timestamp>708.445515</timestamp>
			</report>
			<report>
				<misses>4433001</misses>
				<total>598</total>
				<timestamp>708.605426</timestamp>
			</report>
			<report>
				<misses>4434001</misses>
				<total>598</total>
				<timestamp>708.765241</timestamp>
			</report>
			<report>
				<misses>4435001</misses>
				<total>598</total>
				<timestamp>708.925025</timestamp>
			</report>
			<report>
				<misses>4436001</misses>
				<total>598</total>
				<timestamp>709.084835</timestamp>
			</report>
			<report>
				<misses>4437001</misses>
				<total>598</total>
				<timestamp>709.244784</timestamp>
			</report>
			<report>
				<misses>4438001</misses>
				<total>598</total>
				<timestamp>709.404492</timestamp>
			</report>
			<report>
				<misses>4439001</misses>
				<total>598</total>
				<timestamp>709.564362</timestamp>
			</report>
			<report>
				<misses>4440001</misses>
				<total>598</total>
				<timestamp>709.724187</timestamp>
			</report>
			<report>
				<misses>4441001</misses>
				<total>598</total>
				<timestamp>709.884045</timestamp>
			</report>
			<report>
				<misses>4442001</misses>
				<total>598</total>
				<timestamp>710.043889</timestamp>
			</report>
			<report>
				<misses>4443001</misses>
				<total>597</total>
				<timestamp>710.203695</timestamp>
			</report>
			<report>
				<misses>4444001</misses>
				<total>598</total>
				<timestamp>710.363534</timestamp>
			</report>
			<report>
				<misses>4445001</misses>
				<total>598</total>
				<timestamp>710.523399</timestamp>
			</report>
			<report>
				<misses>4446001</misses>
				<total>598</total>
				<timestamp>710.683332</timestamp>
			</report>
			<report>
				<misses>4447001</misses>
				<total>598</total>
				<timestamp>710.843050</timestamp>
			</report>
			<report>
				<misses>4448001</misses>
				<total>600</total>
				<timestamp>711.002912</timestamp>
			</report>
			<report>
				<misses>4449001</misses>
				<total>600</total>
				<timestamp>711.162728</timestamp>
			</report>
			<report>
				<misses>4450001</misses>
				<total>600</total>
				<timestamp>711.322567</timestamp>
			</report>
			<report>
				<misses>4451001</misses>
				<total>600</total>
				<timestamp>711.482414</timestamp>
			</report>
			<report>
				<misses>4452001</misses>
				<total>600</total>
				<timestamp>711.642300</timestamp>
			</report>
			<report>
				<misses>4453001</misses>
				<total>603</total>
				<timestamp>711.802098</timestamp>
			</report>
			<report>
				<misses>4454001</misses>
				<total>603</total>
				<timestamp>711.961925</timestamp>
			</report>
			<report>
				<misses>4455001</misses>
				<total>602</total>
				<timestamp>712.121780</timestamp>
			</report>
			<report>
				<misses>4456001</misses>
				<total>603</total>
				<timestamp>712.281608</timestamp>
			</report>
			<report>
				<misses>4457001</misses>
				<total>603</total>
				<timestamp>712.441447</timestamp>
			</report>
			<report>
				<misses>4458001</misses>
				<total>603</total>
				<timestamp>712.601322</timestamp>
			</report>
			<report>
				<misses>4459001</misses>
				<total>603</total>
				<timestamp>712.761200</timestamp>
			</report>
			<report>
				<misses>4460001</misses>
				<total>603</total>
				<timestamp>712.921028</timestamp>
			</report>
			<report>
				<misses>4461001</misses>
				<total>602</total>
				<timestamp>713.080892</timestamp>
			</report>
			<report>
				<misses>4462001</misses>
				<total>603</total>
				<timestamp>713.240843</timestamp>
			</report>
			<report>
				<misses>4463001</misses>
				<total>603</total>
				<timestamp>713.400745</timestamp>
			</report>
			<report>
				<misses>4464001</misses>
				<total>603</total>
				<timestamp>713.560589</timestamp>
			</report>
			<report>
				<misses>4465001</misses>
				<total>603</total>
				<timestamp>713.720488</timestamp>
			</report>
			<report>
				<misses>4466001</misses>
				<total>603</total>
				<timestamp>713.880378</timestamp>
			</report>
			<report>
				<misses>4467001</misses>
				<total>603</total>
				<timestamp>714.040259</timestamp>
			</report>
			<report>
				<misses>4468001</misses>
				<total>603</total>
				<timestamp>714.200074</timestamp>
			</report>
			<report>
				<misses>4469001</misses>
				<total>603</total>
				<timestamp>714.360015</timestamp>
			</report>
			<report>
				<misses>4470001</misses>
				<total>603</total>
				<timestamp>714.519883</timestamp>
			</report>
			<report>
				<misses>4471001</misses>
				<total>603</total>
				<timestamp>714.679687</timestamp>
			</report>
			<report>
				<misses>4472001</misses>
				<total>603</total>
				<timestamp>714.839550</timestamp>
			</report>
			<report>
				<misses>4473001</misses>
				<total>603</total>
				<timestamp>714.999418</timestamp>
			</report>
			<report>
				<misses>4474001</misses>
				<total>603</total>
				<timestamp>715.159235</timestamp>
			</report>
			<report>
				<misses>4475001</misses>
				<total>603</total>
				<timestamp>715.319064</timestamp>
			</report>
			<report>
				<misses>4476001</misses>
				<total>603</total>
				<timestamp>715.478893</timestamp>
			</report>
			<report>
				<misses>4477001</misses>
				<total>603</total>
				<timestamp>715.638725</timestamp>
			</report>
			<report>
				<misses>4478001</misses>
				<total>603</total>
				<timestamp>715.798577</timestamp>
			</report>
			<report>
				<misses>4479001</misses>
				<total>603</total>
				<timestamp>715.958432</timestamp>
			</report>
			<report>
				<misses>4480001</misses>
				<total>603</total>
				<timestamp>716.118284</timestamp>
			</report>
			<report>
				<misses>4481001</misses>
				<total>603</total>
				<timestamp>716.278093</timestamp>
			</report>
			<report>
				<misses>4482001</misses>
				<total>603</total>
				<timestamp>716.437955</timestamp>
			</report>
			<report>
				<misses>4483001</misses>
				<total>603</total>
				<timestamp>716.597775</timestamp>
			</report>
			<report>
				<misses>4484001</misses>
				<total>603</total>
				<timestamp>716.757603</timestamp>
			</report>
			<report>
				<misses>4485001</misses>
				<total>611</total>
				<timestamp>716.917467</timestamp>
			</report>
			<report>
				<misses>4486001</misses>
				<total>623</total>
				<timestamp>717.077310</timestamp>
			</report>
			<report>
				<misses>4487001</misses>
				<total>624</total>
				<timestamp>717.237161</timestamp>
			</report>
			<report>
				<misses>4488001</misses>
				<total>624</total>
				<timestamp>717.396989</timestamp>
			</report>
			<report>
				<misses>4489001</misses>
				<total>624</total>
				<timestamp>717.556835</timestamp>
			</report>
			<report>
				<misses>4490001</misses>
				<total>624</total>
				<timestamp>717.716654</timestamp>
			</report>
			<report>
				<misses>4491001</misses>
				<total>624</total>
				<timestamp>717.876492</timestamp>
			</report>
			<report>
				<misses>4492001</misses>
				<total>624</total>
				<timestamp>718.036403</timestamp>
			</report>
			<report>
				<misses>4493001</misses>
				<total>624</total>
				<timestamp>718.196218</timestamp>
			</report>
			<report>
				<misses>4494001</misses>
				<total>624</total>
				<timestamp>718.356015</timestamp>
			</report>
			<report>
				<misses>4495001</misses>
				<total>624</total>
				<timestamp>718.515857</timestamp>
			</report>
			<report>
				<misses>4496001</misses>
				<total>624</total>
				<timestamp>718.675710</timestamp>
			</report>
			<report>
				<misses>4497001</misses>
				<total>624</total>
				<timestamp>718.835555</timestamp>
			</report>
			<report>
				<misses>4498001</misses>
				<total>624</total>
				<timestamp>718.995406</timestamp>
			</report>
			<report>
				<misses>4499001</misses>
				<total>623</total>
				<timestamp>719.155283</timestamp>
			</report>
			<report>
				<misses>4500001</misses>
				<total>624</total>
				<timestamp>719.315063</timestamp>
			</report>
			<report>
				<misses>4501001</misses>
				<total>624</total>
				<timestamp>719.474881</timestamp>
			</report>
			<report>
				<misses>4502001</misses>
				<total>624</total>
				<timestamp>719.634823</timestamp>
			</report>
			<report>
				<misses>4503001</misses>
				<total>624</total>
				<timestamp>719.794607</timestamp>
			</report>
			<report>
				<misses>4504001</misses>
				<total>624</total>
				<timestamp>719.954486</timestamp>
			</report>
			<report>
				<misses>4505001</misses>
				<total>624</total>
				<timestamp>720.114382</timestamp>
			</report>
			<report>
				<misses>4506001</misses>
				<total>624</total>
				<timestamp>720.274192</timestamp>
			</report>
			<report>
				<misses>4507001</misses>
				<total>624</total>
				<timestamp>720.434019</timestamp>
			</report>
			<report>
				<misses>4508001</misses>
				<total>631</total>
				<timestamp>720.593919</timestamp>
			</report>
			<report>
				<misses>4509001</misses>
				<total>631</total>
				<timestamp>720.753855</timestamp>
			</report>
			<report>
				<misses>4510001</misses>
				<total>631</total>
				<timestamp>720.913701</timestamp>
			</report>
			<report>
				<misses>4511001</misses>
				<total>631</total>
				<timestamp>721.073486</timestamp>
			</report>
			<report>
				<misses>4512001</misses>
				<total>631</total>
				<timestamp>721.233405</timestamp>
			</report>
			<report>
				<misses>4513001</misses>
				<total>631</total>
				<timestamp>721.393160</timestamp>
			</report>
			<report>
				<misses>4514001</misses>
				<total>631</total>
				<timestamp>721.553090</timestamp>
			</report>
			<report>
				<misses>4515001</misses>
				<total>631</total>
				<timestamp>721.712953</timestamp>
			</report>
			<report>
				<misses>4516001</misses>
				<total>631</total>
				<timestamp>721.872781</timestamp>
			</report>
			<report>
				<misses>4517001</misses>
				<total>631</total>
				<timestamp>722.032627</timestamp>
			</report>
			<report>
				<misses>4518001</misses>
				<total>631</total>
				<timestamp>722.192456</timestamp>
			</report>
			<report>
				<misses>4519001</misses>
				<total>631</total>
				<timestamp>722.352245</timestamp>
			</report>
			<report>
				<misses>4520001</misses>
				<total>630</total>
				<timestamp>722.512109</timestamp>
			</report>
			<report>
				<misses>4521001</misses>
				<total>631</total>
				<timestamp>722.671880</timestamp>
			</report>
			<report>
				<misses>4522001</misses>
				<total>631</total>
				<timestamp>722.831772</timestamp>
			</report>
			<report>
				<misses>4523001</misses>
				<total>631</total>
				<timestamp>722.991632</timestamp>
			</report>
			<report>
				<misses>4524001</misses>
				<total>631</total>
				<timestamp>723.151511</timestamp>
			</report>
			<report>
				<misses>4525001</misses>
				<total>631</total>
				<timestamp>723.311281</timestamp>
			</report>
			<report>
				<misses>4526001</misses>
				<total>631</total>
				<timestamp>723.471160</timestamp>
			</report>
			<report>
				<misses>4527001</misses>
				<total>631</total>
				<timestamp>723.630907</timestamp>
			</report>
			<report>
				<misses>4528001</misses>
				<total>631</total>
				<timestamp>723.790737</timestamp>
			</report>
			<report>
				<misses>4529001</misses>
				<total>631</total>
				<timestamp>723.950575</timestamp>
			</report>
			<report>
				<misses>4530001</misses>
				<total>630</total>
				<timestamp>724.110533</timestamp>
			</report>
			<report>
				<misses>4531001</misses>
				<total>631</total>
				<timestamp>724.270436</timestamp>
			</report>
			<report>
				<misses>4532001</misses>
				<total>630</total>
				<timestamp>724.430438</timestamp>
			</report>
			<report>
				<misses>4533001</misses>
				<total>631</total>
				<timestamp>724.590399</timestamp>
			</report>
			<report>
				<misses>4534001</misses>
				<total>630</total>
				<timestamp>724.750426</timestamp>
			</report>
			<report>
				<misses>4535001</misses>
				<total>631</total>
				<timestamp>724.910378</timestamp>
			</report>
			<report>
				<misses>4536001</misses>
				<total>631</total>
				<timestamp>725.070197</timestamp>
			</report>
			<report>
				<misses>4537001</misses>
				<total>631</total>
				<timestamp>725.230002</timestamp>
			</report>
			<report>
				<misses>4538001</misses>
				<total>631</total>
				<timestamp>725.389786</timestamp>
			</report>
			<report>
				<misses>4539001</misses>
				<total>631</total>
				<timestamp>725.549605</timestamp>
			</report>
			<report>
				<misses>4540001</misses>
				<total>631</total>
				<timestamp>725.709488</timestamp>
			</report>
			<report>
				<misses>4541001</misses>
				<total>631</total>
				<timestamp>725.869455</timestamp>
			</report>
			<report>
				<misses>4542001</misses>
				<total>631</total>
				<timestamp>726.029407</timestamp>
			</report>
			<report>
				<misses>4543001</misses>
				<total>631</total>
				<timestamp>726.189221</timestamp>
			</report>
			<report>
				<misses>4544001</misses>
				<total>630</total>
				<timestamp>726.349101</timestamp>
			</report>
			<report>
				<misses>4545001</misses>
				<total>631</total>
				<timestamp>726.508941</timestamp>
			</report>
			<report>
				<misses>4546001</misses>
				<total>631</total>
				<timestamp>726.668663</timestamp>
			</report>
			<report>
				<misses>4547001</misses>
				<total>630</total>
				<timestamp>726.828504</timestamp>
			</report>
			<report>
				<misses>4548001</misses>
				<total>631</total>
				<timestamp>726.988345</timestamp>
			</report>
			<report>
				<misses>4549001</misses>
				<total>631</total>
				<timestamp>727.148194</timestamp>
			</report>
			<report>
				<misses>4550001</misses>
				<total>632</total>
				<timestamp>727.308010</timestamp>
			</report>
			<report>
				<misses>4551001</misses>
				<total>632</total>
				<timestamp>727.467903</timestamp>
			</report>
			<report>
				<misses>4552001</misses>
				<total>632</total>
				<timestamp>727.627728</timestamp>
			</report>
			<report>
				<misses>4553001</misses>
				<total>632</total>
				<timestamp>727.787576</timestamp>
			</report>
			<report>
				<misses>4554001</misses>
				<total>632</total>
				<timestamp>727.947417</timestamp>
			</report>
			<report>
				<misses>4555001</misses>
				<total>632</total>
				<timestamp>728.107344</timestamp>
			</report>
			<report>
				<misses>4556001</misses>
				<total>631</total>
				<timestamp>728.267177</timestamp>
			</report>
			<report>
				<misses>4557001</misses>
				<total>632</total>
				<timestamp>728.426991</timestamp>
			</report>
			<report>
				<misses>4558001</misses>
				<total>632</total>
				<timestamp>728.586881</timestamp>
			</report>
			<report>
				<misses>4559001</misses>
				<total>632</total>
				<timestamp>728.746763</timestamp>
			</report>
			<report>
				<misses>4560001</misses>
				<total>632</total>
				<timestamp>728.906624</timestamp>
			</report>
			<report>
				<misses>4561001</misses>
				<total>632</total>
				<timestamp>729.066466</timestamp>
			</report>
			<report>
				<misses>4562001</misses>
				<total>632</total>
				<timestamp>729.226322</timestamp>
			</report>
			<report>
				<misses>4563001</misses>
				<total>632</total>
				<timestamp>729.386144</timestamp>
			</report>
			<report>
				<misses>4564001</misses>
				<total>632</total>
				<timestamp>729.545985</timestamp>
			</report>
			<report>
				<misses>4565001</misses>
				<total>632</total>
				<timestamp>729.705842</timestamp>
			</report>
			<report>
				<misses>4566001</misses>
				<total>632</total>
				<timestamp>729.865686</timestamp>
			</report>
			<report>
				<misses>4567001</misses>
				<total>632</total>
				<timestamp>730.025478</timestamp>
			</report>
			<report>
				<misses>4568001</misses>
				<total>633</total>
				<timestamp>730.185298</timestamp>
			</report>
			<report>
				<misses>4569001</misses>
				<total>633</total>
				<timestamp>730.345198</timestamp>
			</report>
			<report>
				<misses>4570001</misses>
				<total>633</total>
				<timestamp>730.505063</timestamp>
			</report>
			<report>
				<misses>4571001</misses>
				<total>633</total>
				<timestamp>730.664921</timestamp>
			</report>
			<report>
				<misses>4572001</misses>
				<total>634</total>
				<timestamp>730.824642</timestamp>
			</report>
			<report>
				<misses>4573001</misses>
				<total>637</total>
				<timestamp>730.984484</timestamp>
			</report>
			<report>
				<misses>4574001</misses>
				<total>637</total>
				<timestamp>731.144335</timestamp>
			</report>
			<report>
				<misses>4575001</misses>
				<total>637</total>
				<timestamp>731.304213</timestamp>
			</report>
			<report>
				<misses>4576001</misses>
				<total>637</total>
				<timestamp>731.464041</timestamp>
			</report>
			<report>
				<misses>4577001</misses>
				<total>637</total>
				<timestamp>731.623840</timestamp>
			</report>
			<report>
				<misses>4578001</misses>
				<total>637</total>
				<timestamp>731.783709</timestamp>
			</report>
			<report>
				<misses>4579001</misses>
				<total>637</total>
				<timestamp>731.943550</timestamp>
			</report>
			<report>
				<misses>4580001</misses>
				<total>637</total>
				<timestamp>732.103436</timestamp>
			</report>
			<report>
				<misses>4581001</misses>
				<total>637</total>
				<timestamp>732.263257</timestamp>
			</report>
			<report>
				<misses>4582001</misses>
				<total>637</total>
				<timestamp>732.423062</timestamp>
			</report>
			<report>
				<misses>4583001</misses>
				<total>637</total>
				<timestamp>732.582924</timestamp>
			</report>
			<report>
				<misses>4584001</misses>
				<total>637</total>
				<timestamp>732.742745</timestamp>
			</report>
			<report>
				<misses>4585001</misses>
				<total>637</total>
				<timestamp>732.902585</timestamp>
			</report>
			<report>
				<misses>4586001</misses>
				<total>637</total>
				<timestamp>733.062434</timestamp>
			</report>
			<report>
				<misses>4587001</misses>
				<total>637</total>
				<timestamp>733.222281</timestamp>
			</report>
			<report>
				<misses>4588001</misses>
				<total>637</total>
				<timestamp>733.382129</timestamp>
			</report>
			<report>
				<misses>4589001</misses>
				<total>637</total>
				<timestamp>733.541934</timestamp>
			</report>
			<report>
				<misses>4590001</misses>
				<total>637</total>
				<timestamp>733.701790</timestamp>
			</report>
			<report>
				<misses>4591001</misses>
				<total>637</total>
				<timestamp>733.861604</timestamp>
			</report>
			<report>
				<misses>4592001</misses>
				<total>638</total>
				<timestamp>734.021475</timestamp>
			</report>
			<report>
				<misses>4593001</misses>
				<total>638</total>
				<timestamp>734.181315</timestamp>
			</report>
			<report>
				<misses>4594001</misses>
				<total>638</total>
				<timestamp>734.341173</timestamp>
			</report>
			<report>
				<misses>4595001</misses>
				<total>638</total>
				<timestamp>734.500978</timestamp>
			</report>
			<report>
				<misses>4596001</misses>
				<total>638</total>
				<timestamp>734.660840</timestamp>
			</report>
			<report>
				<misses>4597001</misses>
				<total>637</total>
				<timestamp>734.820664</timestamp>
			</report>
			<report>
				<misses>4598001</misses>
				<total>637</total>
				<timestamp>734.980506</timestamp>
			</report>
			<report>
				<misses>4599001</misses>
				<total>638</total>
				<timestamp>735.140342</timestamp>
			</report>
			<report>
				<misses>4600001</misses>
				<total>638</total>
				<timestamp>735.300199</timestamp>
			</report>
			<report>
				<misses>4601001</misses>
				<total>638</total>
				<timestamp>735.460004</timestamp>
			</report>
			<report>
				<misses>4602001</misses>
				<total>638</total>
				<timestamp>735.619854</timestamp>
			</report>
			<report>
				<misses>4603001</misses>
				<total>638</total>
				<timestamp>735.779714</timestamp>
			</report>
			<report>
				<misses>4604001</misses>
				<total>638</total>
				<timestamp>735.939533</timestamp>
			</report>
			<report>
				<misses>4605001</misses>
				<total>637</total>
				<timestamp>736.099402</timestamp>
			</report>
			<report>
				<misses>4606001</misses>
				<total>637</total>
				<timestamp>736.259328</timestamp>
			</report>
			<report>
				<misses>4607001</misses>
				<total>638</total>
				<timestamp>736.419036</timestamp>
			</report>
			<report>
				<misses>4608001</misses>
				<total>638</total>
				<timestamp>736.578885</timestamp>
			</report>
			<report>
				<misses>4609001</misses>
				<total>638</total>
				<timestamp>736.738741</timestamp>
			</report>
			<report>
				<misses>4610001</misses>
				<total>638</total>
				<timestamp>736.898582</timestamp>
			</report>
			<report>
				<misses>4611001</misses>
				<total>638</total>
				<timestamp>737.058423</timestamp>
			</report>
			<report>
				<misses>4612001</misses>
				<total>638</total>
				<timestamp>737.218323</timestamp>
			</report>
			<report>
				<misses>4613001</misses>
				<total>638</total>
				<timestamp>737.378134</timestamp>
			</report>
			<report>
				<misses>4614001</misses>
				<total>638</total>
				<timestamp>737.537925</timestamp>
			</report>
			<report>
				<misses>4615001</misses>
				<total>638</total>
				<timestamp>737.697802</timestamp>
			</report>
			<report>
				<misses>4616001</misses>
				<total>638</total>
				<timestamp>737.857649</timestamp>
			</report>
			<report>
				<misses>4617001</misses>
				<total>640</total>
				<timestamp>738.017438</timestamp>
			</report>
			<report>
				<misses>4618001</misses>
				<total>640</total>
				<timestamp>738.177311</timestamp>
			</report>
			<report>
				<misses>4619001</misses>
				<total>640</total>
				<timestamp>738.337174</timestamp>
			</report>
			<report>
				<misses>4620001</misses>
				<total>639</total>
				<timestamp>738.496975</timestamp>
			</report>
			<report>
				<misses>4621001</misses>
				<total>640</total>
				<timestamp>738.656821</timestamp>
			</report>
			<report>
				<misses>4622001</misses>
				<total>640</total>
				<timestamp>738.816729</timestamp>
			</report>
			<report>
				<misses>4623001</misses>
				<total>640</total>
				<timestamp>738.976488</timestamp>
			</report>
			<report>
				<misses>4624001</misses>
				<total>640</total>
				<timestamp>739.136403</timestamp>
			</report>
			<report>
				<misses>4625001</misses>
				<total>639</total>
				<timestamp>739.296354</timestamp>
			</report>
			<report>
				<misses>4626001</misses>
				<total>640</total>
				<timestamp>739.456237</timestamp>
			</report>
			<report>
				<misses>4627001</misses>
				<total>639</total>
				<timestamp>739.616125</timestamp>
			</report>
			<report>
				<misses>4628001</misses>
				<total>640</total>
				<timestamp>739.775944</timestamp>
			</report>
			<report>
				<misses>4629001</misses>
				<total>640</total>
				<timestamp>739.935774</timestamp>
			</report>
			<report>
				<misses>4630001</misses>
				<total>640</total>
				<timestamp>740.095601</timestamp>
			</report>
			<report>
				<misses>4631001</misses>
				<total>640</total>
				<timestamp>740.255484</timestamp>
			</report>
			<report>
				<misses>4632001</misses>
				<total>640</total>
				<timestamp>740.415265</timestamp>
			</report>
			<report>
				<misses>4633001</misses>
				<total>640</total>
				<timestamp>740.575065</timestamp>
			</report>
			<report>
				<misses>4634001</misses>
				<total>640</total>
				<timestamp>740.735018</timestamp>
			</report>
			<report>
				<misses>4635001</misses>
				<total>640</total>
				<timestamp>740.894765</timestamp>
			</report>
			<report>
				<misses>4636001</misses>
				<total>640</total>
				<timestamp>741.054620</timestamp>
			</report>
			<report>
				<misses>4637001</misses>
				<total>640</total>
				<timestamp>741.214508</timestamp>
			</report>
			<report>
				<misses>4638001</misses>
				<total>640</total>
				<timestamp>741.374322</timestamp>
			</report>
			<report>
				<misses>4639001</misses>
				<total>640</total>
				<timestamp>741.534183</timestamp>
			</report>
			<report>
				<misses>4640001</misses>
				<total>640</total>
				<timestamp>741.693953</timestamp>
			</report>
			<report>
				<misses>4641001</misses>
				<total>640</total>
				<timestamp>741.853840</timestamp>
			</report>
			<report>
				<misses>4642001</misses>
				<total>640</total>
				<timestamp>742.013609</timestamp>
			</report>
			<report>
				<misses>4643001</misses>
				<total>640</total>
				<timestamp>742.173568</timestamp>
			</report>
			<report>
				<misses>4644001</misses>
				<total>640</total>
				<timestamp>742.333442</timestamp>
			</report>
			<report>
				<misses>4645001</misses>
				<total>640</total>
				<timestamp>742.493287</timestamp>
			</report>
			<report>
				<misses>4646001</misses>
				<total>640</total>
				<timestamp>742.653219</timestamp>
			</report>
			<report>
				<misses>4647001</misses>
				<total>640</total>
				<timestamp>742.812981</timestamp>
			</report>
			<report>
				<misses>4648001</misses>
				<total>640</total>
				<timestamp>742.972837</timestamp>
			</report>
			<report>
				<misses>4649001</misses>
				<total>640</total>
				<timestamp>743.132769</timestamp>
			</report>
			<report>
				<misses>4650001</misses>
				<total>639</total>
				<timestamp>743.292567</timestamp>
			</report>
			<report>
				<misses>4651001</misses>
				<total>640</total>
				<timestamp>743.452462</timestamp>
			</report>
			<report>
				<misses>4652001</misses>
				<total>640</total>
				<timestamp>743.612295</timestamp>
			</report>
			<report>
				<misses>4653001</misses>
				<total>640</total>
				<timestamp>743.772198</timestamp>
			</report>
			<report>
				<misses>4654001</misses>
				<total>640</total>
				<timestamp>743.932074</timestamp>
			</report>
			<report>
				<misses>4655001</misses>
				<total>639</total>
				<timestamp>744.091882</timestamp>
			</report>
			<report>
				<misses>4656001</misses>
				<total>640</total>
				<timestamp>744.251749</timestamp>
			</report>
			<report>
				<misses>4657001</misses>
				<total>640</total>
				<timestamp>744.411635</timestamp>
			</report>
			<report>
				<misses>4658001</misses>
				<total>639</total>
				<timestamp>744.571496</timestamp>
			</report>
			<report>
				<misses>4659001</misses>
				<total>640</total>
				<timestamp>744.731285</timestamp>
			</report>
			<report>
				<misses>4660001</misses>
				<total>640</total>
				<timestamp>744.891077</timestamp>
			</report>
			<report>
				<misses>4661001</misses>
				<total>640</total>
				<timestamp>745.050890</timestamp>
			</report>
			<report>
				<misses>4662001</misses>
				<total>640</total>
				<timestamp>745.210836</timestamp>
			</report>
			<report>
				<misses>4663001</misses>
				<total>640</total>
				<timestamp>745.370577</timestamp>
			</report>
			<report>
				<misses>4664001</misses>
				<total>640</total>
				<timestamp>745.530440</timestamp>
			</report>
			<report>
				<misses>4665001</misses>
				<total>640</total>
				<timestamp>745.690271</timestamp>
			</report>
			<report>
				<misses>4666001</misses>
				<total>640</total>
				<timestamp>745.850090</timestamp>
			</report>
			<report>
				<misses>4667001</misses>
				<total>640</total>
				<timestamp>746.009971</timestamp>
			</report>
			<report>
				<misses>4668001</misses>
				<total>640</total>
				<timestamp>746.169763</timestamp>
			</report>
			<report>
				<misses>4669001</misses>
				<total>640</total>
				<timestamp>746.329627</timestamp>
			</report>
			<report>
				<misses>4670001</misses>
				<total>640</total>
				<timestamp>746.489454</timestamp>
			</report>
			<report>
				<misses>4671001</misses>
				<total>640</total>
				<timestamp>746.649354</timestamp>
			</report>
			<report>
				<misses>4672001</misses>
				<total>640</total>
				<timestamp>746.809144</timestamp>
			</report>
			<report>
				<misses>4673001</misses>
				<total>640</total>
				<timestamp>746.969057</timestamp>
			</report>
			<report>
				<misses>4674001</misses>
				<total>640</total>
				<timestamp>747.128848</timestamp>
			</report>
			<report>
				<misses>4675001</misses>
				<total>640</total>
				<timestamp>747.288681</timestamp>
			</report>
			<report>
				<misses>4676001</misses>
				<total>640</total>
				<timestamp>747.448525</timestamp>
			</report>
			<report>
				<misses>4677001</misses>
				<total>640</total>
				<timestamp>747.608357</timestamp>
			</report>
			<report>
				<misses>4678001</misses>
				<total>640</total>
				<timestamp>747.768264</timestamp>
			</report>
			<report>
				<misses>4679001</misses>
				<total>640</total>
				<timestamp>747.928047</timestamp>
			</report>
			<report>
				<misses>4680001</misses>
				<total>640</total>
				<timestamp>748.087918</timestamp>
			</report>
			<report>
				<misses>4681001</misses>
				<total>640</total>
				<timestamp>748.247693</timestamp>
			</report>
			<report>
				<misses>4682001</misses>
				<total>640</total>
				<timestamp>748.407534</timestamp>
			</report>
			<report>
				<misses>4683001</misses>
				<total>640</total>
				<timestamp>748.567398</timestamp>
			</report>
			<report>
				<misses>4684001</misses>
				<total>640</total>
				<timestamp>748.727367</timestamp>
			</report>
			<report>
				<misses>4685001</misses>
				<total>640</total>
				<timestamp>748.887228</timestamp>
			</report>
			<report>
				<misses>4686001</misses>
				<total>640</total>
				<timestamp>749.047152</timestamp>
			</report>
			<report>
				<misses>4687001</misses>
				<total>640</total>
				<timestamp>749.206903</timestamp>
			</report>
			<report>
				<misses>4688001</misses>
				<total>640</total>
				<timestamp>749.366743</timestamp>
			</report>
			<report>
				<misses>4689001</misses>
				<total>640</total>
				<timestamp>749.526628</timestamp>
			</report>
			<report>
				<misses>4690001</misses>
				<total>640</total>
				<timestamp>749.686420</timestamp>
			</report>
			<report>
				<misses>4691001</misses>
				<total>640</total>
				<timestamp>749.846247</timestamp>
			</report>
			<report>
				<misses>4692001</misses>
				<total>640</total>
				<timestamp>750.006097</timestamp>
			</report>
			<report>
				<misses>4693001</misses>
				<total>640</total>
				<timestamp>750.165989</timestamp>
			</report>
			<report>
				<misses>4694001</misses>
				<total>640</total>
				<timestamp>750.325775</timestamp>
			</report>
			<report>
				<misses>4695001</misses>
				<total>640</total>
				<timestamp>750.485603</timestamp>
			</report>
			<report>
				<misses>4696001</misses>
				<total>640</total>
				<timestamp>750.645501</timestamp>
			</report>
			<report>
				<misses>4697001</misses>
				<total>640</total>
				<timestamp>750.805329</timestamp>
			</report>
			<report>
				<misses>4698001</misses>
				<total>640</total>
				<timestamp>750.965184</timestamp>
			</report>
			<report>
				<misses>4699001</misses>
				<total>640</total>
				<timestamp>751.124978</timestamp>
			</report>
			<report>
				<misses>4700001</misses>
				<total>640</total>
				<timestamp>751.284879</timestamp>
			</report>
			<report>
				<misses>4701001</misses>
				<total>640</total>
				<timestamp>751.444712</timestamp>
			</report>
			<report>
				<misses>4702001</misses>
				<total>640</total>
				<timestamp>751.604494</timestamp>
			</report>
			<report>
				<misses>4703001</misses>
				<total>640</total>
				<timestamp>751.764326</timestamp>
			</report>
			<report>
				<misses>4704001</misses>
				<total>640</total>
				<timestamp>751.924206</timestamp>
			</report>
			<report>
				<misses>4705001</misses>
				<total>640</total>
				<timestamp>752.084076</timestamp>
			</report>
			<report>
				<misses>4706001</misses>
				<total>640</total>
				<timestamp>752.243887</timestamp>
			</report>
			<report>
				<misses>4707001</misses>
				<total>640</total>
				<timestamp>752.403742</timestamp>
			</report>
			<report>
				<misses>4708001</misses>
				<total>640</total>
				<timestamp>752.563523</timestamp>
			</report>
			<report>
				<misses>4709001</misses>
				<total>640</total>
				<timestamp>752.723396</timestamp>
			</report>
			<report>
				<misses>4710001</misses>
				<total>640</total>
				<timestamp>752.883333</timestamp>
			</report>
			<report>
				<misses>4711001</misses>
				<total>639</total>
				<timestamp>753.043074</timestamp>
			</report>
			<report>
				<misses>4712001</misses>
				<total>640</total>
				<timestamp>753.202906</timestamp>
			</report>
			<report>
				<misses>4713001</misses>
				<total>640</total>
				<timestamp>753.362756</timestamp>
			</report>
			<report>
				<misses>4714001</misses>
				<total>640</total>
				<timestamp>753.522636</timestamp>
			</report>
			<report>
				<misses>4715001</misses>
				<total>640</total>
				<timestamp>753.682398</timestamp>
			</report>
			<report>
				<misses>4716001</misses>
				<total>640</total>
				<timestamp>753.842253</timestamp>
			</report>
			<report>
				<misses>4717001</misses>
				<total>640</total>
				<timestamp>754.002234</timestamp>
			</report>
			<report>
				<misses>4718001</misses>
				<total>640</total>
				<timestamp>754.162050</timestamp>
			</report>
			<report>
				<misses>4719001</misses>
				<total>640</total>
				<timestamp>754.321797</timestamp>
			</report>
			<report>
				<misses>4720001</misses>
				<total>640</total>
				<timestamp>754.481625</timestamp>
			</report>
			<report>
				<misses>4721001</misses>
				<total>641</total>
				<timestamp>754.641460</timestamp>
			</report>
			<report>
				<misses>4722001</misses>
				<total>641</total>
				<timestamp>754.801399</timestamp>
			</report>
			<report>
				<misses>4723001</misses>
				<total>641</total>
				<timestamp>754.961183</timestamp>
			</report>
			<report>
				<misses>4724001</misses>
				<total>641</total>
				<timestamp>755.121077</timestamp>
			</report>
			<report>
				<misses>4725001</misses>
				<total>641</total>
				<timestamp>755.280842</timestamp>
			</report>
			<report>
				<misses>4726001</misses>
				<total>641</total>
				<timestamp>755.440658</timestamp>
			</report>
			<report>
				<misses>4727001</misses>
				<total>641</total>
				<timestamp>755.600480</timestamp>
			</report>
			<report>
				<misses>4728001</misses>
				<total>640</total>
				<timestamp>755.760345</timestamp>
			</report>
			<report>
				<misses>4729001</misses>
				<total>641</total>
				<timestamp>755.920257</timestamp>
			</report>
			<report>
				<misses>4730001</misses>
				<total>641</total>
				<timestamp>756.080174</timestamp>
			</report>
			<report>
				<misses>4731001</misses>
				<total>641</total>
				<timestamp>756.240083</timestamp>
			</report>
			<report>
				<misses>4732001</misses>
				<total>641</total>
				<timestamp>756.399877</timestamp>
			</report>
			<report>
				<misses>4733001</misses>
				<total>641</total>
				<timestamp>756.559727</timestamp>
			</report>
			<report>
				<misses>4734001</misses>
				<total>641</total>
				<timestamp>756.719536</timestamp>
			</report>
			<report>
				<misses>4735001</misses>
				<total>641</total>
				<timestamp>756.879391</timestamp>
			</report>
			<report>
				<misses>4736001</misses>
				<total>641</total>
				<timestamp>757.039232</timestamp>
			</report>
			<report>
				<misses>4737001</misses>
				<total>641</total>
				<timestamp>757.199181</timestamp>
			</report>
			<report>
				<misses>4738001</misses>
				<total>641</total>
				<timestamp>757.358905</timestamp>
			</report>
			<report>
				<misses>4739001</misses>
				<total>641</total>
				<timestamp>757.518770</timestamp>
			</report>
			<report>
				<misses>4740001</misses>
				<total>641</total>
				<timestamp>757.678702</timestamp>
			</report>
			<report>
				<misses>4741001</misses>
				<total>641</total>
				<timestamp>757.838429</timestamp>
			</report>
			<report>
				<misses>4742001</misses>
				<total>641</total>
				<timestamp>757.998320</timestamp>
			</report>
			<report>
				<misses>4743001</misses>
				<total>641</total>
				<timestamp>758.158113</timestamp>
			</report>
			<report>
				<misses>4744001</misses>
				<total>641</total>
				<timestamp>758.318053</timestamp>
			</report>
			<report>
				<misses>4745001</misses>
				<total>641</total>
				<timestamp>758.477922</timestamp>
			</report>
			<report>
				<misses>4746001</misses>
				<total>641</total>
				<timestamp>758.637793</timestamp>
			</report>
			<report>
				<misses>4747001</misses>
				<total>641</total>
				<timestamp>758.797655</timestamp>
			</report>
			<report>
				<misses>4748001</misses>
				<total>641</total>
				<timestamp>758.957458</timestamp>
			</report>
			<report>
				<misses>4749001</misses>
				<total>641</total>
				<timestamp>759.117318</timestamp>
			</report>
			<report>
				<misses>4750001</misses>
				<total>640</total>
				<timestamp>759.277166</timestamp>
			</report>
			<report>
				<misses>4751001</misses>
				<total>641</total>
				<timestamp>759.436991</timestamp>
			</report>
			<report>
				<misses>4752001</misses>
				<total>641</total>
				<timestamp>759.596829</timestamp>
			</report>
			<report>
				<misses>4753001</misses>
				<total>641</total>
				<timestamp>759.756655</timestamp>
			</report>
			<report>
				<misses>4754001</misses>
				<total>641</total>
				<timestamp>759.916505</timestamp>
			</report>
			<report>
				<misses>4755001</misses>
				<total>641</total>
				<timestamp>760.076349</timestamp>
			</report>
			<report>
				<misses>4756001</misses>
				<total>641</total>
				<timestamp>760.236194</timestamp>
			</report>
			<report>
				<misses>4757001</misses>
				<total>641</total>
				<timestamp>760.396049</timestamp>
			</report>
			<report>
				<misses>4758001</misses>
				<total>641</total>
				<timestamp>760.555872</timestamp>
			</report>
			<report>
				<misses>4759001</misses>
				<total>641</total>
				<timestamp>760.715702</timestamp>
			</report>
			<report>
				<misses>4760001</misses>
				<total>641</total>
				<timestamp>760.875527</timestamp>
			</report>
			<report>
				<misses>4761001</misses>
				<total>643</total>
				<timestamp>761.035384</timestamp>
			</report>
			<report>
				<misses>4762001</misses>
				<total>643</total>
				<timestamp>761.195223</timestamp>
			</report>
			<report>
				<misses>4763001</misses>
				<total>642</total>
				<timestamp>761.355058</timestamp>
			</report>
			<report>
				<misses>4764001</misses>
				<total>643</total>
				<timestamp>761.514893</timestamp>
			</report>
			<report>
				<misses>4765001</misses>
				<total>643</total>
				<timestamp>761.674813</timestamp>
			</report>
			<report>
				<misses>4766001</misses>
				<total>643</total>
				<timestamp>761.834706</timestamp>
			</report>
			<report>
				<misses>4767001</misses>
				<total>643</total>
				<timestamp>761.994414</timestamp>
			</report>
			<report>
				<misses>4768001</misses>
				<total>643</total>
				<timestamp>762.154394</timestamp>
			</report>
			<report>
				<misses>4769001</misses>
				<total>643</total>
				<timestamp>762.314376</timestamp>
			</report>
			<report>
				<misses>4770001</misses>
				<total>642</total>
				<timestamp>762.474222</timestamp>
			</report>
			<report>
				<misses>4771001</misses>
				<total>645</total>
				<timestamp>762.634022</timestamp>
			</report>
			<report>
				<misses>4772001</misses>
				<total>645</total>
				<timestamp>762.793939</timestamp>
			</report>
			<report>
				<misses>4773001</misses>
				<total>645</total>
				<timestamp>762.953781</timestamp>
			</report>
			<report>
				<misses>4774001</misses>
				<total>645</total>
				<timestamp>763.113647</timestamp>
			</report>
			<report>
				<misses>4775001</misses>
				<total>645</total>
				<timestamp>763.273458</timestamp>
			</report>
			<report>
				<misses>4776001</misses>
				<total>645</total>
				<timestamp>763.433294</timestamp>
			</report>
			<report>
				<misses>4777001</misses>
				<total>645</total>
				<timestamp>763.593271</timestamp>
			</report>
			<report>
				<misses>4778001</misses>
				<total>645</total>
				<timestamp>763.753163</timestamp>
			</report>
			<report>
				<misses>4779001</misses>
				<total>645</total>
				<timestamp>763.912992</timestamp>
			</report>
			<report>
				<misses>4780001</misses>
				<total>645</total>
				<timestamp>764.072880</timestamp>
			</report>
			<report>
				<misses>4781001</misses>
				<total>645</total>
				<timestamp>764.232705</timestamp>
			</report>
			<report>
				<misses>4782001</misses>
				<total>645</total>
				<timestamp>764.392495</timestamp>
			</report>
			<report>
				<misses>4783001</misses>
				<total>645</total>
				<timestamp>764.552418</timestamp>
			</report>
			<report>
				<misses>4784001</misses>
				<total>646</total>
				<timestamp>764.712195</timestamp>
			</report>
			<report>
				<misses>4785001</misses>
				<total>646</total>
				<timestamp>764.872018</timestamp>
			</report>
			<report>
				<misses>4786001</misses>
				<total>646</total>
				<timestamp>765.031878</timestamp>
			</report>
			<report>
				<misses>4787001</misses>
				<total>646</total>
				<timestamp>765.191720</timestamp>
			</report>
			<report>
				<misses>4788001</misses>
				<total>646</total>
				<timestamp>765.351564</timestamp>
			</report>
			<report>
				<misses>4789001</misses>
				<total>646</total>
				<timestamp>765.511396</timestamp>
			</report>
			<report>
				<misses>4790001</misses>
				<total>646</total>
				<timestamp>765.671279</timestamp>
			</report>
			<report>
				<misses>4791001</misses>
				<total>646</total>
				<timestamp>765.831096</timestamp>
			</report>
			<report>
				<misses>4792001</misses>
				<total>646</total>
				<timestamp>765.990926</timestamp>
			</report>
			<report>
				<misses>4793001</misses>
				<total>646</total>
				<timestamp>766.150746</timestamp>
			</report>
			<report>
				<misses>4794001</misses>
				<total>646</total>
				<timestamp>766.310615</timestamp>
			</report>
			<report>
				<misses>4795001</misses>
				<total>646</total>
				<timestamp>766.470430</timestamp>
			</report>
			<report>
				<misses>4796001</misses>
				<total>646</total>
				<timestamp>766.630309</timestamp>
			</report>
			<report>
				<misses>4797001</misses>
				<total>646</total>
				<timestamp>766.790172</timestamp>
			</report>
			<report>
				<misses>4798001</misses>
				<total>646</total>
				<timestamp>766.950055</timestamp>
			</report>
			<report>
				<misses>4799001</misses>
				<total>646</total>
				<timestamp>767.109799</timestamp>
			</report>
			<report>
				<misses>4800001</misses>
				<total>645</total>
				<timestamp>767.269795</timestamp>
			</report>
			<report>
				<misses>4801001</misses>
				<total>646</total>
				<timestamp>767.429617</timestamp>
			</report>
			<report>
				<misses>4802001</misses>
				<total>646</total>
				<timestamp>767.589496</timestamp>
			</report>
			<report>
				<misses>4803001</misses>
				<total>646</total>
				<timestamp>767.749298</timestamp>
			</report>
			<report>
				<misses>4804001</misses>
				<total>646</total>
				<timestamp>767.909233</timestamp>
			</report>
			<report>
				<misses>4805001</misses>
				<total>646</total>
				<timestamp>768.069074</timestamp>
			</report>
			<report>
				<misses>4806001</misses>
				<total>646</total>
				<timestamp>768.228930</timestamp>
			</report>
			<report>
				<misses>4807001</misses>
				<total>646</total>
				<timestamp>768.388653</timestamp>
			</report>
			<report>
				<misses>4808001</misses>
				<total>646</total>
				<timestamp>768.548507</timestamp>
			</report>
			<report>
				<misses>4809001</misses>
				<total>645</total>
				<timestamp>768.708411</timestamp>
			</report>
			<report>
				<misses>4810001</misses>
				<total>646</total>
				<timestamp>768.868193</timestamp>
			</report>
			<report>
				<misses>4811001</misses>
				<total>646</total>
				<timestamp>769.028064</timestamp>
			</report>
			<report>
				<misses>4812001</misses>
				<total>646</total>
				<timestamp>769.188004</timestamp>
			</report>
			<report>
				<misses>4813001</misses>
				<total>646</total>
				<timestamp>769.347883</timestamp>
			</report>
			<report>
				<misses>4814001</misses>
				<total>646</total>
				<timestamp>769.507699</timestamp>
			</report>
			<report>
				<misses>4815001</misses>
				<total>646</total>
				<timestamp>769.667556</timestamp>
			</report>
			<report>
				<misses>4816001</misses>
				<total>646</total>
				<timestamp>769.827438</timestamp>
			</report>
			<report>
				<misses>4817001</misses>
				<total>646</total>
				<timestamp>769.987310</timestamp>
			</report>
			<report>
				<misses>4818001</misses>
				<total>646</total>
				<timestamp>770.147187</timestamp>
			</report>
			<report>
				<misses>4819001</misses>
				<total>646</total>
				<timestamp>770.306940</timestamp>
			</report>
			<report>
				<misses>4820001</misses>
				<total>646</total>
				<timestamp>770.466807</timestamp>
			</report>
			<report>
				<misses>4821001</misses>
				<total>646</total>
				<timestamp>770.626636</timestamp>
			</report>
			<report>
				<misses>4822001</misses>
				<total>646</total>
				<timestamp>770.786407</timestamp>
			</report>
			<report>
				<misses>4823001</misses>
				<total>646</total>
				<timestamp>770.946246</timestamp>
			</report>
			<report>
				<misses>4824001</misses>
				<total>646</total>
				<timestamp>771.106107</timestamp>
			</report>
			<report>
				<misses>4825001</misses>
				<total>646</total>
				<timestamp>771.265931</timestamp>
			</report>
			<report>
				<misses>4826001</misses>
				<total>646</total>
				<timestamp>771.425772</timestamp>
			</report>
			<report>
				<misses>4827001</misses>
				<total>646</total>
				<timestamp>771.585616</timestamp>
			</report>
			<report>
				<misses>4828001</misses>
				<total>646</total>
				<timestamp>771.745517</timestamp>
			</report>
			<report>
				<misses>4829001</misses>
				<total>646</total>
				<timestamp>771.905330</timestamp>
			</report>
			<report>
				<misses>4830001</misses>
				<total>646</total>
				<timestamp>772.065151</timestamp>
			</report>
			<report>
				<misses>4831001</misses>
				<total>646</total>
				<timestamp>772.224983</timestamp>
			</report>
			<report>
				<misses>4832001</misses>
				<total>646</total>
				<timestamp>772.384800</timestamp>
			</report>
			<report>
				<misses>4833001</misses>
				<total>646</total>
				<timestamp>772.544641</timestamp>
			</report>
			<report>
				<misses>4834001</misses>
				<total>646</total>
				<timestamp>772.704502</timestamp>
			</report>
			<report>
				<misses>4835001</misses>
				<total>646</total>
				<timestamp>772.864348</timestamp>
			</report>
			<report>
				<misses>4836001</misses>
				<total>646</total>
				<timestamp>773.024195</timestamp>
			</report>
			<report>
				<misses>4837001</misses>
				<total>646</total>
				<timestamp>773.184103</timestamp>
			</report>
			<report>
				<misses>4838001</misses>
				<total>646</total>
				<timestamp>773.343902</timestamp>
			</report>
			<report>
				<misses>4839001</misses>
				<total>646</total>
				<timestamp>773.503706</timestamp>
			</report>
			<report>
				<misses>4840001</misses>
				<total>647</total>
				<timestamp>773.663528</timestamp>
			</report>
			<report>
				<misses>4841001</misses>
				<total>647</total>
				<timestamp>773.823369</timestamp>
			</report>
			<report>
				<misses>4842001</misses>
				<total>647</total>
				<timestamp>773.983231</timestamp>
			</report>
			<report>
				<misses>4843001</misses>
				<total>647</total>
				<timestamp>774.143094</timestamp>
			</report>
			<report>
				<misses>4844001</misses>
				<total>647</total>
				<timestamp>774.302934</timestamp>
			</report>
			<report>
				<misses>4845001</misses>
				<total>647</total>
				<timestamp>774.462726</timestamp>
			</report>
			<report>
				<misses>4846001</misses>
				<total>647</total>
				<timestamp>774.622573</timestamp>
			</report>
			<report>
				<misses>4847001</misses>
				<total>647</total>
				<timestamp>774.782411</timestamp>
			</report>
			<report>
				<misses>4848001</misses>
				<total>647</total>
				<timestamp>774.942263</timestamp>
			</report>
			<report>
				<misses>4849001</misses>
				<total>647</total>
				<timestamp>775.102087</timestamp>
			</report>
			<report>
				<misses>4850001</misses>
				<total>647</total>
				<timestamp>775.261939</timestamp>
			</report>
			<report>
				<misses>4851001</misses>
				<total>647</total>
				<timestamp>775.421767</timestamp>
			</report>
			<report>
				<misses>4852001</misses>
				<total>647</total>
				<timestamp>775.581601</timestamp>
			</report>
			<report>
				<misses>4853001</misses>
				<total>657</total>
				<timestamp>775.741492</timestamp>
			</report>
			<report>
				<misses>4854001</misses>
				<total>657</total>
				<timestamp>775.901323</timestamp>
			</report>
			<report>
				<misses>4855001</misses>
				<total>657</total>
				<timestamp>776.061141</timestamp>
			</report>
			<report>
				<misses>4856001</misses>
				<total>659</total>
				<timestamp>776.221010</timestamp>
			</report>
			<report>
				<misses>4857001</misses>
				<total>659</total>
				<timestamp>776.380869</timestamp>
			</report>
			<report>
				<misses>4858001</misses>
				<total>659</total>
				<timestamp>776.540666</timestamp>
			</report>
			<report>
				<misses>4859001</misses>
				<total>659</total>
				<timestamp>776.700500</timestamp>
			</report>
			<report>
				<misses>4860001</misses>
				<total>659</total>
				<timestamp>776.860337</timestamp>
			</report>
			<report>
				<misses>4861001</misses>
				<total>659</total>
				<timestamp>777.020193</timestamp>
			</report>
			<report>
				<misses>4862001</misses>
				<total>659</total>
				<timestamp>777.180070</timestamp>
			</report>
			<report>
				<misses>4863001</misses>
				<total>659</total>
				<timestamp>777.339904</timestamp>
			</report>
			<report>
				<misses>4864001</misses>
				<total>658</total>
				<timestamp>777.499749</timestamp>
			</report>
			<report>
				<misses>4865001</misses>
				<total>659</total>
				<timestamp>777.659564</timestamp>
			</report>
			<report>
				<misses>4866001</misses>
				<total>659</total>
				<timestamp>777.819393</timestamp>
			</report>
			<report>
				<misses>4867001</misses>
				<total>659</total>
				<timestamp>777.979231</timestamp>
			</report>
			<report>
				<misses>4868001</misses>
				<total>659</total>
				<timestamp>778.139062</timestamp>
			</report>
			<report>
				<misses>4869001</misses>
				<total>659</total>
				<timestamp>778.298891</timestamp>
			</report>
			<report>
				<misses>4870001</misses>
				<total>659</total>
				<timestamp>778.458739</timestamp>
			</report>
			<report>
				<misses>4871001</misses>
				<total>659</total>
				<timestamp>778.618610</timestamp>
			</report>
			<report>
				<misses>4872001</misses>
				<total>659</total>
				<timestamp>778.778418</timestamp>
			</report>
			<report>
				<misses>4873001</misses>
				<total>659</total>
				<timestamp>778.938265</timestamp>
			</report>
			<report>
				<misses>4874001</misses>
				<total>659</total>
				<timestamp>779.098120</timestamp>
			</report>
			<report>
				<misses>4875001</misses>
				<total>659</total>
				<timestamp>779.257992</timestamp>
			</report>
			<report>
				<misses>4876001</misses>
				<total>659</total>
				<timestamp>779.417852</timestamp>
			</report>
			<report>
				<misses>4877001</misses>
				<total>659</total>
				<timestamp>779.577659</timestamp>
			</report>
			<report>
				<misses>4878001</misses>
				<total>660</total>
				<timestamp>779.737455</timestamp>
			</report>
			<report>
				<misses>4879001</misses>
				<total>660</total>
				<timestamp>779.897298</timestamp>
			</report>
			<report>
				<misses>4880001</misses>
				<total>660</total>
				<timestamp>780.057182</timestamp>
			</report>
			<report>
				<misses>4881001</misses>
				<total>659</total>
				<timestamp>780.217007</timestamp>
			</report>
			<report>
				<misses>4882001</misses>
				<total>660</total>
				<timestamp>780.376827</timestamp>
			</report>
			<report>
				<misses>4883001</misses>
				<total>660</total>
				<timestamp>780.536688</timestamp>
			</report>
			<report>
				<misses>4884001</misses>
				<total>661</total>
				<timestamp>780.696493</timestamp>
			</report>
			<report>
				<misses>4885001</misses>
				<total>660</total>
				<timestamp>780.856352</timestamp>
			</report>
			<report>
				<misses>4886001</misses>
				<total>661</total>
				<timestamp>781.016200</timestamp>
			</report>
			<report>
				<misses>4887001</misses>
				<total>661</total>
				<timestamp>781.176050</timestamp>
			</report>
			<report>
				<misses>4888001</misses>
				<total>661</total>
				<timestamp>781.335869</timestamp>
			</report>
			<report>
				<misses>4889001</misses>
				<total>660</total>
				<timestamp>781.495710</timestamp>
			</report>
			<report>
				<misses>4890001</misses>
				<total>661</total>
				<timestamp>781.655553</timestamp>
			</report>
			<report>
				<misses>4891001</misses>
				<total>661</total>
				<timestamp>781.815363</timestamp>
			</report>
			<report>
				<misses>4892001</misses>
				<total>661</total>
				<timestamp>781.975233</timestamp>
			</report>
			<report>
				<misses>4893001</misses>
				<total>661</total>
				<timestamp>782.135077</timestamp>
			</report>
			<report>
				<misses>4894001</misses>
				<total>661</total>
				<timestamp>782.294926</timestamp>
			</report>
			<report>
				<misses>4895001</misses>
				<total>661</total>
				<timestamp>782.454763</timestamp>
			</report>
			<report>
				<misses>4896001</misses>
				<total>661</total>
				<timestamp>782.614581</timestamp>
			</report>
			<report>
				<misses>4897001</misses>
				<total>661</total>
				<timestamp>782.774423</timestamp>
			</report>
			<report>
				<misses>4898001</misses>
				<total>661</total>
				<timestamp>782.934259</timestamp>
			</report>
			<report>
				<misses>4899001</misses>
				<total>661</total>
				<timestamp>783.094094</timestamp>
			</report>
			<report>
				<misses>4900001</misses>
				<total>661</total>
				<timestamp>783.254009</timestamp>
			</report>
			<report>
				<misses>4901001</misses>
				<total>664</total>
				<timestamp>783.413920</timestamp>
			</report>
			<report>
				<misses>4902001</misses>
				<total>664</total>
				<timestamp>783.573819</timestamp>
			</report>
			<report>
				<misses>4903001</misses>
				<total>664</total>
				<timestamp>783.733729</timestamp>
			</report>
			<report>
				<misses>4904001</misses>
				<total>664</total>
				<timestamp>783.893509</timestamp>
			</report>
			<report>
				<misses>4905001</misses>
				<total>664</total>
				<timestamp>784.053386</timestamp>
			</report>
			<report>
				<misses>4906001</misses>
				<total>664</total>
				<timestamp>784.213152</timestamp>
			</report>
			<report>
				<misses>4907001</misses>
				<total>664</total>
				<timestamp>784.373013</timestamp>
			</report>
			<report>
				<misses>4908001</misses>
				<total>664</total>
				<timestamp>784.532954</timestamp>
			</report>
			<report>
				<misses>4909001</misses>
				<total>664</total>
				<timestamp>784.692844</timestamp>
			</report>
			<report>
				<misses>4910001</misses>
				<total>664</total>
				<timestamp>784.852685</timestamp>
			</report>
			<report>
				<misses>4911001</misses>
				<total>664</total>
				<timestamp>785.012519</timestamp>
			</report>
			<report>
				<misses>4912001</misses>
				<total>664</total>
				<timestamp>785.172392</timestamp>
			</report>
			<report>
				<misses>4913001</misses>
				<total>664</total>
				<timestamp>785.332218</timestamp>
			</report>
			<report>
				<misses>4914001</misses>
				<total>664</total>
				<timestamp>785.492024</timestamp>
			</report>
			<report>
				<misses>4915001</misses>
				<total>664</total>
				<timestamp>785.651930</timestamp>
			</report>
			<report>
				<misses>4916001</misses>
				<total>664</total>
				<timestamp>785.811748</timestamp>
			</report>
			<report>
				<misses>4917001</misses>
				<total>664</total>
				<timestamp>785.971612</timestamp>
			</report>
			<report>
				<misses>4918001</misses>
				<total>664</total>
				<timestamp>786.131367</timestamp>
			</report>
			<report>
				<misses>4919001</misses>
				<total>664</total>
				<timestamp>786.291222</timestamp>
			</report>
			<report>
				<misses>4920001</misses>
				<total>664</total>
				<timestamp>786.451050</timestamp>
			</report>
			<report>
				<misses>4921001</misses>
				<total>664</total>
				<timestamp>786.610930</timestamp>
			</report>
			<report>
				<misses>4922001</misses>
				<total>664</total>
				<timestamp>786.770740</timestamp>
			</report>
			<report>
				<misses>4923001</misses>
				<total>664</total>
				<timestamp>786.930697</timestamp>
			</report>
			<report>
				<misses>4924001</misses>
				<total>664</total>
				<timestamp>787.090502</timestamp>
			</report>
			<report>
				<misses>4925001</misses>
				<total>664</total>
				<timestamp>787.250394</timestamp>
			</report>
			<report>
				<misses>4926001</misses>
				<total>664</total>
				<timestamp>787.410089</timestamp>
			</report>
			<report>
				<misses>4927001</misses>
				<total>664</total>
				<timestamp>787.569963</timestamp>
			</report>
			<report>
				<misses>4928001</misses>
				<total>664</total>
				<timestamp>787.729825</timestamp>
			</report>
			<report>
				<misses>4929001</misses>
				<total>664</total>
				<timestamp>787.889611</timestamp>
			</report>
			<report>
				<misses>4930001</misses>
				<total>664</total>
				<timestamp>788.049447</timestamp>
			</report>
			<report>
				<misses>4931001</misses>
				<total>664</total>
				<timestamp>788.209297</timestamp>
			</report>
			<report>
				<misses>4932001</misses>
				<total>664</total>
				<timestamp>788.369124</timestamp>
			</report>
			<report>
				<misses>4933001</misses>
				<total>664</total>
				<timestamp>788.529028</timestamp>
			</report>
			<report>
				<misses>4934001</misses>
				<total>664</total>
				<timestamp>788.688839</timestamp>
			</report>
			<report>
				<misses>4935001</misses>
				<total>664</total>
				<timestamp>788.848680</timestamp>
			</report>
			<report>
				<misses>4936001</misses>
				<total>664</total>
				<timestamp>789.008519</timestamp>
			</report>
			<report>
				<misses>4937001</misses>
				<total>664</total>
				<timestamp>789.168324</timestamp>
			</report>
			<report>
				<misses>4938001</misses>
				<total>664</total>
				<timestamp>789.328175</timestamp>
			</report>
			<report>
				<misses>4939001</misses>
				<total>664</total>
				<timestamp>789.488021</timestamp>
			</report>
			<report>
				<misses>4940001</misses>
				<total>664</total>
				<timestamp>789.647842</timestamp>
			</report>
			<report>
				<misses>4941001</misses>
				<total>664</total>
				<timestamp>789.807715</timestamp>
			</report>
			<report>
				<misses>4942001</misses>
				<total>664</total>
				<timestamp>789.967565</timestamp>
			</report>
			<report>
				<misses>4943001</misses>
				<total>664</total>
				<timestamp>790.127371</timestamp>
			</report>
			<report>
				<misses>4944001</misses>
				<total>664</total>
				<timestamp>790.287202</timestamp>
			</report>
			<report>
				<misses>4945001</misses>
				<total>664</total>
				<timestamp>790.447059</timestamp>
			</report>
			<report>
				<misses>4946001</misses>
				<total>664</total>
				<timestamp>790.606903</timestamp>
			</report>
			<report>
				<misses>4947001</misses>
				<total>664</total>
				<timestamp>790.766746</timestamp>
			</report>
			<report>
				<misses>4948001</misses>
				<total>664</total>
				<timestamp>790.926637</timestamp>
			</report>
			<report>
				<misses>4949001</misses>
				<total>664</total>
				<timestamp>791.086409</timestamp>
			</report>
			<report>
				<misses>4950001</misses>
				<total>664</total>
				<timestamp>791.246251</timestamp>
			</report>
			<report>
				<misses>4951001</misses>
				<total>664</total>
				<timestamp>791.406088</timestamp>
			</report>
			<report>
				<misses>4952001</misses>
				<total>664</total>
				<timestamp>791.565978</timestamp>
			</report>
			<report>
				<misses>4953001</misses>
				<total>664</total>
				<timestamp>791.725818</timestamp>
			</report>
			<report>
				<misses>4954001</misses>
				<total>664</total>
				<timestamp>791.885609</timestamp>
			</report>
			<report>
				<misses>4955001</misses>
				<total>665</total>
				<timestamp>792.045440</timestamp>
			</report>
			<report>
				<misses>4956001</misses>
				<total>665</total>
				<timestamp>792.205289</timestamp>
			</report>
			<report>
				<misses>4957001</misses>
				<total>674</total>
				<timestamp>792.365166</timestamp>
			</report>
			<report>
				<misses>4958001</misses>
				<total>675</total>
				<timestamp>792.524983</timestamp>
			</report>
			<report>
				<misses>4959001</misses>
				<total>675</total>
				<timestamp>792.684824</timestamp>
			</report>
			<report>
				<misses>4960001</misses>
				<total>675</total>
				<timestamp>792.844656</timestamp>
			</report>
			<report>
				<misses>4961001</misses>
				<total>675</total>
				<timestamp>793.004500</timestamp>
			</report>
			<report>
				<misses>4962001</misses>
				<total>675</total>
				<timestamp>793.164341</timestamp>
			</report>
			<report>
				<misses>4963001</misses>
				<total>675</total>
				<timestamp>793.324187</timestamp>
			</report>
			<report>
				<misses>4964001</misses>
				<total>675</total>
				<timestamp>793.484020</timestamp>
			</report>
			<report>
				<misses>4965001</misses>
				<total>675</total>
				<timestamp>793.643865</timestamp>
			</report>
			<report>
				<misses>4966001</misses>
				<total>675</total>
				<timestamp>793.803797</timestamp>
			</report>
			<report>
				<misses>4967001</misses>
				<total>675</total>
				<timestamp>793.963541</timestamp>
			</report>
			<report>
				<misses>4968001</misses>
				<total>675</total>
				<timestamp>794.123392</timestamp>
			</report>
			<report>
				<misses>4969001</misses>
				<total>675</total>
				<timestamp>794.283236</timestamp>
			</report>
			<report>
				<misses>4970001</misses>
				<total>675</total>
				<timestamp>794.443072</timestamp>
			</report>
			<report>
				<misses>4971001</misses>
				<total>675</total>
				<timestamp>794.602943</timestamp>
			</report>
			<report>
				<misses>4972001</misses>
				<total>675</total>
				<timestamp>794.762758</timestamp>
			</report>
			<report>
				<misses>4973001</misses>
				<total>675</total>
				<timestamp>794.922583</timestamp>
			</report>
			<report>
				<misses>4974001</misses>
				<total>675</total>
				<timestamp>795.082405</timestamp>
			</report>
			<report>
				<misses>4975001</misses>
				<total>675</total>
				<timestamp>795.242244</timestamp>
			</report>
			<report>
				<misses>4976001</misses>
				<total>675</total>
				<timestamp>795.402102</timestamp>
			</report>
			<report>
				<misses>4977001</misses>
				<total>675</total>
				<timestamp>795.561960</timestamp>
			</report>
			<report>
				<misses>4978001</misses>
				<total>675</total>
				<timestamp>795.721773</timestamp>
			</report>
			<report>
				<misses>4979001</misses>
				<total>675</total>
				<timestamp>795.881624</timestamp>
			</report>
			<report>
				<misses>4980001</misses>
				<total>675</total>
				<timestamp>796.041467</timestamp>
			</report>
			<report>
				<misses>4981001</misses>
				<total>675</total>
				<timestamp>796.201307</timestamp>
			</report>
			<report>
				<misses>4982001</misses>
				<total>675</total>
				<timestamp>796.361138</timestamp>
			</report>
			<report>
				<misses>4983001</misses>
				<total>675</total>
				<timestamp>796.521000</timestamp>
			</report>
			<report>
				<misses>4984001</misses>
				<total>675</total>
				<timestamp>796.680825</timestamp>
			</report>
			<report>
				<misses>4985001</misses>
				<total>675</total>
				<timestamp>796.840655</timestamp>
			</report>
			<report>
				<misses>4986001</misses>
				<total>675</total>
				<timestamp>797.000504</timestamp>
			</report>
			<report>
				<misses>4987001</misses>
				<total>675</total>
				<timestamp>797.160498</timestamp>
			</report>
			<report>
				<misses>4988001</misses>
				<total>675</total>
				<timestamp>797.320438</timestamp>
			</report>
			<report>
				<misses>4989001</misses>
				<total>674</total>
				<timestamp>797.480318</timestamp>
			</report>
			<report>
				<misses>4990001</misses>
				<total>675</total>
				<timestamp>797.640226</timestamp>
			</report>
			<report>
				<misses>4991001</misses>
				<total>675</total>
				<timestamp>797.800048</timestamp>
			</report>
			<report>
				<misses>4992001</misses>
				<total>675</total>
				<timestamp>797.959954</timestamp>
			</report>
			<report>
				<misses>4993001</misses>
				<total>675</total>
				<timestamp>798.119866</timestamp>
			</report>
			<report>
				<misses>4994001</misses>
				<total>675</total>
				<timestamp>798.279797</timestamp>
			</report>
			<report>
				<misses>4995001</misses>
				<total>675</total>
				<timestamp>798.439657</timestamp>
			</report>
			<report>
				<misses>4996001</misses>
				<total>675</total>
				<timestamp>798.599476</timestamp>
			</report>
			<report>
				<misses>4997001</misses>
				<total>675</total>
				<timestamp>798.759250</timestamp>
			</report>
			<report>
				<misses>4998001</misses>
				<total>675</total>
				<timestamp>798.919155</timestamp>
			</report>
			<report>
				<misses>4999001</misses>
				<total>675</total>
				<timestamp>799.078918</timestamp>
			</report>
			<report>
				<misses>5000001</misses>
				<total>675</total>
				<timestamp>799.238899</timestamp>
			</report>
		</query>
	</custom>
	<ethtool_statistic>
		<rx_packets>
			<start>7305968556</start>
			<end>7372267094</end>
		</rx_packets>
		<tx_packets>
			<start>12255389696</start>
			<end>12375972726</end>
		</tx_packets>
		<rx_dropped>
			<start>828</start>
			<end>828</end>
		</rx_dropped>
		<tx_dropped>
			<start>0</start>
			<end>0</end>
		</tx_dropped>
		<collisions>
			<start>0</start>
			<end>0</end>
		</collisions>
		<port_tx_errors>
			<start>0</start>
			<end>0</end>
		</port_tx_errors>
		<port_rx_dropped>
			<start>0</start>
			<end>0</end>
		</port_rx_dropped>
		<port_tx_dropped_link_down>
			<start>0</start>
			<end>0</end>
		</port_tx_dropped_link_down>
	</ethtool_statistic>
	<ip_statistic>
		<mtu>
			<start>9000</start>
			<end>9000</end>
		</mtu>
		<rx_bytes>
			<start>30051295994975</start>
			<end>30318598599376</end>
		</rx_bytes>
		<rx_packets>
			<start>7305968694</start>
			<end>7372267277</end>
		</rx_packets>
		<rx_errors>
			<start>0</start>
			<end>0</end>
		</rx_errors>
		<rx_dropped>
			<start>828</start>
			<end>828</end>
		</rx_dropped>
		<rx_missed>
			<start>0</start>
			<end>0</end>
		</rx_missed>
		<rx_mcast>
			<start>4951</start>
			<end>4956</end>
		</rx_mcast>
		<tx_bytes>
			<start>41975130674662</start>
			<end>42505587564786</end>
		</tx_bytes>
		<tx_packets>
			<start>12255389724</start>
			<end>12375972754</end>
		</tx_packets>
		<tx_errors>
			<start>0</start>
			<end>0</end>
		</tx_errors>
		<tx_dropped>
			<start>0</start>
			<end>0</end>
		</tx_dropped>
		<tx_carrier>
			<start>0</start>
			<end>0</end>
		</tx_carrier>
		<tx_collisions>
			<start>0</start>
			<end>0</end>
		</tx_collisions>
	</ip_statistic>
	<netstat_statistic>
		<udp_pkg_rec>
			<start>6239950536</start>
			<end>6294287070</end>
		</udp_pkg_rec>
		<udp_pkg_snt>
			<start>10838761695</start>
			<end>10924383962</end>
		</udp_pkg_snt>
		<udp_rec_err>
			<start>1067946807</start>
			<end>1079913146</end>
		</udp_rec_err>
		<udp_rec_buf_err>
			<start>1067946807</start>
			<end>1079913146</end>
		</udp_rec_buf_err>
		<udp_snt_buf_err>
			<start>0</start>
			<end>0</end>
		</udp_snt_buf_err>
	</netstat_statistic>
</test_results>
