<?xml version="1.0"?>
<test_results>
	<status>STATUS_SUCCESS</status>
	<custom>
		<num_loss>1</num_loss>
		<num_total>4742148</num_total>
		<num_misses>115247261</num_misses>
		<elapsed_time>299.973407</elapsed_time>
		<query>
			<report>
				<misses>100001</misses>
				<total>1</total>
				<timestamp>6.317381</timestamp>
			</report>
			<report>
				<misses>200001</misses>
				<total>0</total>
				<timestamp>12.642740</timestamp>
			</report>
			<report>
				<misses>300001</misses>
				<total>2</total>
				<timestamp>18.970363</timestamp>
			</report>
			<report>
				<misses>400001</misses>
				<total>1</total>
				<timestamp>25.291472</timestamp>
			</report>
			<report>
				<misses>500001</misses>
				<total>1</total>
				<timestamp>31.617513</timestamp>
			</report>
			<report>
				<misses>600001</misses>
				<total>1</total>
				<timestamp>37.951335</timestamp>
			</report>
			<report>
				<misses>700001</misses>
				<total>0</total>
				<timestamp>44.280723</timestamp>
			</report>
			<report>
				<misses>800001</misses>
				<total>1</total>
				<timestamp>50.598490</timestamp>
			</report>
			<report>
				<misses>900001</misses>
				<total>1</total>
				<timestamp>56.918969</timestamp>
			</report>
			<report>
				<misses>1000001</misses>
				<total>1</total>
				<timestamp>63.230260</timestamp>
			</report>
			<report>
				<misses>1100001</misses>
				<total>1</total>
				<timestamp>69.555583</timestamp>
			</report>
			<report>
				<misses>1200001</misses>
				<total>2</total>
				<timestamp>75.875464</timestamp>
			</report>
			<report>
				<misses>1300001</misses>
				<total>2</total>
				<timestamp>82.184438</timestamp>
			</report>
			<report>
				<misses>1400001</misses>
				<total>2</total>
				<timestamp>88.508320</timestamp>
			</report>
			<report>
				<misses>1500001</misses>
				<total>1</total>
				<timestamp>94.839456</timestamp>
			</report>
			<report>
				<misses>1600001</misses>
				<total>1</total>
				<timestamp>101.171578</timestamp>
			</report>
			<report>
				<misses>1700001</misses>
				<total>2</total>
				<timestamp>107.492229</timestamp>
			</report>
			<report>
				<misses>1800001</misses>
				<total>1</total>
				<timestamp>113.815948</timestamp>
			</report>
			<report>
				<misses>1900001</misses>
				<total>0</total>
				<timestamp>120.143815</timestamp>
			</report>
			<report>
				<misses>2000001</misses>
				<total>1</total>
				<timestamp>126.465333</timestamp>
			</report>
			<report>
				<misses>2100001</misses>
				<total>0</total>
				<timestamp>132.787656</timestamp>
			</report>
			<report>
				<misses>2200001</misses>
				<total>1</total>
				<timestamp>139.114117</timestamp>
			</report>
			<report>
				<misses>2300001</misses>
				<total>0</total>
				<timestamp>145.440750</timestamp>
			</report>
			<report>
				<misses>2400001</misses>
				<total>3</total>
				<timestamp>151.766442</timestamp>
			</report>
			<report>
				<misses>2500001</misses>
				<total>2</total>
				<timestamp>158.089826</timestamp>
			</report>
			<report>
				<misses>2600001</misses>
				<total>3</total>
				<timestamp>164.410962</timestamp>
			</report>
			<report>
				<misses>2700001</misses>
				<total>2</total>
				<timestamp>170.735179</timestamp>
			</report>
			<report>
				<misses>2800001</misses>
				<total>2</total>
				<timestamp>177.059694</timestamp>
			</report>
			<report>
				<misses>2900001</misses>
				<total>2</total>
				<timestamp>183.384920</timestamp>
			</report>
			<report>
				<misses>3000001</misses>
				<total>2</total>
				<timestamp>189.708296</timestamp>
			</report>
			<report>
				<misses>3100001</misses>
				<total>2</total>
				<timestamp>196.035029</timestamp>
			</report>
			<report>
				<misses>3200001</misses>
				<total>2</total>
				<timestamp>202.362695</timestamp>
			</report>
			<report>
				<misses>3300001</misses>
				<total>2</total>
				<timestamp>208.688199</timestamp>
			</report>
			<report>
				<misses>3400001</misses>
				<total>3</total>
				<timestamp>215.010407</timestamp>
			</report>
			<report>
				<misses>3500001</misses>
				<total>3</total>
				<timestamp>221.328524</timestamp>
			</report>
			<report>
				<misses>3600001</misses>
				<total>2</total>
				<timestamp>227.656546</timestamp>
			</report>
			<report>
				<misses>3700001</misses>
				<total>3</total>
				<timestamp>233.985904</timestamp>
			</report>
			<report>
				<misses>3800001</misses>
				<total>2</total>
				<timestamp>240.315041</timestamp>
			</report>
			<report>
				<misses>3900001</misses>
				<total>2</total>
				<timestamp>246.636202</timestamp>
			</report>
			<report>
				<misses>4000001</misses>
				<total>2</total>
				<timestamp>252.959834</timestamp>
			</report>
			<report>
				<misses>4100001</misses>
				<total>2</total>
				<timestamp>259.292936</timestamp>
			</report>
			<report>
				<misses>4200001</misses>
				<total>2</total>
				<timestamp>265.631430</timestamp>
			</report>
			<report>
				<misses>4300001</misses>
				<total>3</total>
				<timestamp>271.957319</timestamp>
			</report>
			<report>
				<misses>4400001</misses>
				<total>2</total>
				<timestamp>278.291916</timestamp>
			</report>
			<report>
				<misses>4500001</misses>
				<total>2</total>
				<timestamp>284.638195</timestamp>
			</report>
			<report>
				<misses>4600001</misses>
				<total>2</total>
				<timestamp>290.974454</timestamp>
			</report>
			<report>
				<misses>4700001</misses>
				<total>2</total>
				<timestamp>297.306842</timestamp>
			</report>
		</query>
	</custom>
	<ethtool_statistic>
		<rx_packets>
			<start>5872543348</start>
			<end>5916013468</end>
		</rx_packets>
		<tx_packets>
			<start>8673697840</start>
			<end>8711634764</end>
		</tx_packets>
		<rx_dropped>
			<start>0</start>
			<end>0</end>
		</rx_dropped>
		<tx_dropped>
			<start>0</start>
			<end>0</end>
		</tx_dropped>
		<collisions>
			<start>0</start>
			<end>0</end>
		</collisions>
		<port_tx_errors>
			<start>0</start>
			<end>0</end>
		</port_tx_errors>
		<port_rx_dropped>
			<start>0</start>
			<end>0</end>
		</port_rx_dropped>
		<port_tx_dropped_link_down>
			<start>0</start>
			<end>0</end>
		</port_tx_dropped_link_down>
	</ethtool_statistic>
	<ip_statistic>
		<mtu>
			<start>9000</start>
			<end>9000</end>
		</mtu>
		<rx_bytes>
			<start>28881463196693</start>
			<end>29236175661899</end>
		</rx_bytes>
		<rx_packets>
			<start>5872543688</start>
			<end>5916013468</end>
		</rx_packets>
		<rx_errors>
			<start>0</start>
			<end>0</end>
		</rx_errors>
		<rx_dropped>
			<start>0</start>
			<end>0</end>
		</rx_dropped>
		<rx_missed>
			<start>0</start>
			<end>0</end>
		</rx_missed>
		<rx_mcast>
			<start>346</start>
			<end>346</end>
		</rx_mcast>
		<tx_bytes>
			<start>37679627887966</start>
			<end>37989192247426</end>
		</tx_bytes>
		<tx_packets>
			<start>8673697840</start>
			<end>8711634764</end>
		</tx_packets>
		<tx_errors>
			<start>0</start>
			<end>0</end>
		</tx_errors>
		<tx_dropped>
			<start>0</start>
			<end>0</end>
		</tx_dropped>
		<tx_carrier>
			<start>0</start>
			<end>0</end>
		</tx_carrier>
		<tx_collisions>
			<start>0</start>
			<end>0</end>
		</tx_collisions>
	</ip_statistic>
	<netstat_statistic>
		<udp_pkg_rec>
			<start>5425357710</start>
			<end>5436230430</end>
		</udp_pkg_rec>
		<udp_pkg_snt>
			<start>11548851066</start>
			<end>11558363654</end>
		</udp_pkg_snt>
		<udp_rec_err>
			<start>0</start>
			<end>0</end>
		</udp_rec_err>
		<udp_rec_buf_err>
			<start>0</start>
			<end>0</end>
		</udp_rec_buf_err>
		<udp_snt_buf_err>
			<start>0</start>
			<end>0</end>
		</udp_snt_buf_err>
	</netstat_statistic>
</test_results>
