<?xml version="1.0"?>
<test_results>
	<status>STATUS_SUCCESS</status>
	<custom>
		<num_loss>0</num_loss>
		<num_total>30755294</num_total>
		<num_misses>89234684</num_misses>
		<elapsed_time>299.974179</elapsed_time>
		<query>
			<report>
				<misses>100001</misses>
				<total>0</total>
				<timestamp>1.019718</timestamp>
			</report>
			<report>
				<misses>200001</misses>
				<total>0</total>
				<timestamp>2.037983</timestamp>
			</report>
			<report>
				<misses>300001</misses>
				<total>0</total>
				<timestamp>3.055754</timestamp>
			</report>
			<report>
				<misses>400001</misses>
				<total>0</total>
				<timestamp>4.069937</timestamp>
			</report>
			<report>
				<misses>500001</misses>
				<total>0</total>
				<timestamp>5.059769</timestamp>
			</report>
			<report>
				<misses>600001</misses>
				<total>0</total>
				<timestamp>6.047090</timestamp>
			</report>
			<report>
				<misses>700001</misses>
				<total>0</total>
				<timestamp>7.033646</timestamp>
			</report>
			<report>
				<misses>800001</misses>
				<total>0</total>
				<timestamp>8.020512</timestamp>
			</report>
			<report>
				<misses>900001</misses>
				<total>0</total>
				<timestamp>9.007714</timestamp>
			</report>
			<report>
				<misses>1000001</misses>
				<total>0</total>
				<timestamp>9.995352</timestamp>
			</report>
			<report>
				<misses>1100001</misses>
				<total>0</total>
				<timestamp>10.982609</timestamp>
			</report>
			<report>
				<misses>1200001</misses>
				<total>0</total>
				<timestamp>11.969481</timestamp>
			</report>
			<report>
				<misses>1300001</misses>
				<total>0</total>
				<timestamp>12.957149</timestamp>
			</report>
			<report>
				<misses>1400001</misses>
				<total>0</total>
				<timestamp>13.944311</timestamp>
			</report>
			<report>
				<misses>1500001</misses>
				<total>0</total>
				<timestamp>14.931444</timestamp>
			</report>
			<report>
				<misses>1600001</misses>
				<total>0</total>
				<timestamp>15.919894</timestamp>
			</report>
			<report>
				<misses>1700001</misses>
				<total>0</total>
				<timestamp>16.910710</timestamp>
			</report>
			<report>
				<misses>1800001</misses>
				<total>0</total>
				<timestamp>17.902298</timestamp>
			</report>
			<report>
				<misses>1900001</misses>
				<total>0</total>
				<timestamp>18.892944</timestamp>
			</report>
			<report>
				<misses>2000001</misses>
				<total>0</total>
				<timestamp>19.845871</timestamp>
			</report>
			<report>
				<misses>2100001</misses>
				<total>0</total>
				<timestamp>20.831287</timestamp>
			</report>
			<report>
				<misses>2200001</misses>
				<total>0</total>
				<timestamp>21.818325</timestamp>
			</report>
			<report>
				<misses>2300001</misses>
				<total>0</total>
				<timestamp>22.804048</timestamp>
			</report>
			<report>
				<misses>2400001</misses>
				<total>0</total>
				<timestamp>23.789482</timestamp>
			</report>
			<report>
				<misses>2500001</misses>
				<total>0</total>
				<timestamp>24.691095</timestamp>
			</report>
			<report>
				<misses>2600001</misses>
				<total>0</total>
				<timestamp>25.586170</timestamp>
			</report>
			<report>
				<misses>2700001</misses>
				<total>0</total>
				<timestamp>26.481989</timestamp>
			</report>
			<report>
				<misses>2800001</misses>
				<total>0</total>
				<timestamp>27.376194</timestamp>
			</report>
			<report>
				<misses>2900001</misses>
				<total>0</total>
				<timestamp>28.273965</timestamp>
			</report>
			<report>
				<misses>3000001</misses>
				<total>0</total>
				<timestamp>29.165962</timestamp>
			</report>
			<report>
				<misses>3100001</misses>
				<total>0</total>
				<timestamp>30.058705</timestamp>
			</report>
			<report>
				<misses>3200001</misses>
				<total>0</total>
				<timestamp>30.955334</timestamp>
			</report>
			<report>
				<misses>3300001</misses>
				<total>0</total>
				<timestamp>31.848208</timestamp>
			</report>
			<report>
				<misses>3400001</misses>
				<total>0</total>
				<timestamp>32.740740</timestamp>
			</report>
			<report>
				<misses>3500001</misses>
				<total>0</total>
				<timestamp>33.635548</timestamp>
			</report>
			<report>
				<misses>3600001</misses>
				<total>0</total>
				<timestamp>34.528744</timestamp>
			</report>
			<report>
				<misses>3700001</misses>
				<total>0</total>
				<timestamp>35.422117</timestamp>
			</report>
			<report>
				<misses>3800001</misses>
				<total>0</total>
				<timestamp>36.314259</timestamp>
			</report>
			<report>
				<misses>3900001</misses>
				<total>0</total>
				<timestamp>37.209607</timestamp>
			</report>
			<report>
				<misses>4000001</misses>
				<total>0</total>
				<timestamp>38.121770</timestamp>
			</report>
			<report>
				<misses>4100001</misses>
				<total>0</total>
				<timestamp>39.016735</timestamp>
			</report>
			<report>
				<misses>4200001</misses>
				<total>0</total>
				<timestamp>39.909311</timestamp>
			</report>
			<report>
				<misses>4300001</misses>
				<total>0</total>
				<timestamp>40.801140</timestamp>
			</report>
			<report>
				<misses>4400001</misses>
				<total>0</total>
				<timestamp>41.694769</timestamp>
			</report>
			<report>
				<misses>4500001</misses>
				<total>0</total>
				<timestamp>42.614680</timestamp>
			</report>
			<report>
				<misses>4600001</misses>
				<total>0</total>
				<timestamp>43.508858</timestamp>
			</report>
			<report>
				<misses>4700001</misses>
				<total>0</total>
				<timestamp>44.402117</timestamp>
			</report>
			<report>
				<misses>4800001</misses>
				<total>0</total>
				<timestamp>45.295700</timestamp>
			</report>
			<report>
				<misses>4900001</misses>
				<total>0</total>
				<timestamp>46.271649</timestamp>
			</report>
			<report>
				<misses>5000001</misses>
				<total>0</total>
				<timestamp>47.257310</timestamp>
			</report>
			<report>
				<misses>5100001</misses>
				<total>0</total>
				<timestamp>48.242953</timestamp>
			</report>
			<report>
				<misses>5200001</misses>
				<total>0</total>
				<timestamp>49.229579</timestamp>
			</report>
			<report>
				<misses>5300001</misses>
				<total>0</total>
				<timestamp>50.216288</timestamp>
			</report>
			<report>
				<misses>5400001</misses>
				<total>0</total>
				<timestamp>51.202895</timestamp>
			</report>
			<report>
				<misses>5500001</misses>
				<total>0</total>
				<timestamp>52.188728</timestamp>
			</report>
			<report>
				<misses>5600001</misses>
				<total>0</total>
				<timestamp>53.175339</timestamp>
			</report>
			<report>
				<misses>5700001</misses>
				<total>0</total>
				<timestamp>54.161685</timestamp>
			</report>
			<report>
				<misses>5800001</misses>
				<total>0</total>
				<timestamp>55.149085</timestamp>
			</report>
			<report>
				<misses>5900001</misses>
				<total>0</total>
				<timestamp>56.137091</timestamp>
			</report>
			<report>
				<misses>6000001</misses>
				<total>0</total>
				<timestamp>57.123946</timestamp>
			</report>
			<report>
				<misses>6100001</misses>
				<total>0</total>
				<timestamp>58.115504</timestamp>
			</report>
			<report>
				<misses>6200001</misses>
				<total>0</total>
				<timestamp>59.101276</timestamp>
			</report>
			<report>
				<misses>6300001</misses>
				<total>0</total>
				<timestamp>60.088098</timestamp>
			</report>
			<report>
				<misses>6400001</misses>
				<total>0</total>
				<timestamp>61.075231</timestamp>
			</report>
			<report>
				<misses>6500001</misses>
				<total>0</total>
				<timestamp>62.062114</timestamp>
			</report>
			<report>
				<misses>6600001</misses>
				<total>0</total>
				<timestamp>63.049380</timestamp>
			</report>
			<report>
				<misses>6700001</misses>
				<total>0</total>
				<timestamp>64.036274</timestamp>
			</report>
			<report>
				<misses>6800001</misses>
				<total>0</total>
				<timestamp>65.023164</timestamp>
			</report>
			<report>
				<misses>6900001</misses>
				<total>0</total>
				<timestamp>66.010617</timestamp>
			</report>
			<report>
				<misses>7000001</misses>
				<total>0</total>
				<timestamp>66.997435</timestamp>
			</report>
			<report>
				<misses>7100001</misses>
				<total>0</total>
				<timestamp>67.983870</timestamp>
			</report>
			<report>
				<misses>7200001</misses>
				<total>0</total>
				<timestamp>68.970877</timestamp>
			</report>
			<report>
				<misses>7300001</misses>
				<total>0</total>
				<timestamp>69.957243</timestamp>
			</report>
			<report>
				<misses>7400001</misses>
				<total>0</total>
				<timestamp>70.943947</timestamp>
			</report>
			<report>
				<misses>7500001</misses>
				<total>0</total>
				<timestamp>71.930620</timestamp>
			</report>
			<report>
				<misses>7600001</misses>
				<total>0</total>
				<timestamp>72.917579</timestamp>
			</report>
			<report>
				<misses>7700001</misses>
				<total>0</total>
				<timestamp>73.904592</timestamp>
			</report>
			<report>
				<misses>7800001</misses>
				<total>0</total>
				<timestamp>74.891418</timestamp>
			</report>
			<report>
				<misses>7900001</misses>
				<total>0</total>
				<timestamp>75.878491</timestamp>
			</report>
			<report>
				<misses>8000001</misses>
				<total>0</total>
				<timestamp>76.865365</timestamp>
			</report>
			<report>
				<misses>8100001</misses>
				<total>0</total>
				<timestamp>77.852236</timestamp>
			</report>
			<report>
				<misses>8200001</misses>
				<total>0</total>
				<timestamp>78.839245</timestamp>
			</report>
			<report>
				<misses>8300001</misses>
				<total>0</total>
				<timestamp>79.825914</timestamp>
			</report>
			<report>
				<misses>8400001</misses>
				<total>0</total>
				<timestamp>80.812816</timestamp>
			</report>
			<report>
				<misses>8500001</misses>
				<total>0</total>
				<timestamp>81.799889</timestamp>
			</report>
			<report>
				<misses>8600001</misses>
				<total>0</total>
				<timestamp>82.787153</timestamp>
			</report>
			<report>
				<misses>8700001</misses>
				<total>0</total>
				<timestamp>83.773808</timestamp>
			</report>
			<report>
				<misses>8800001</misses>
				<total>0</total>
				<timestamp>84.760974</timestamp>
			</report>
			<report>
				<misses>8900001</misses>
				<total>0</total>
				<timestamp>85.747406</timestamp>
			</report>
			<report>
				<misses>9000001</misses>
				<total>0</total>
				<timestamp>86.734985</timestamp>
			</report>
			<report>
				<misses>9100001</misses>
				<total>0</total>
				<timestamp>87.721411</timestamp>
			</report>
			<report>
				<misses>9200001</misses>
				<total>0</total>
				<timestamp>88.708045</timestamp>
			</report>
			<report>
				<misses>9300001</misses>
				<total>0</total>
				<timestamp>89.701100</timestamp>
			</report>
			<report>
				<misses>9400001</misses>
				<total>0</total>
				<timestamp>90.688439</timestamp>
			</report>
			<report>
				<misses>9500001</misses>
				<total>0</total>
				<timestamp>91.676186</timestamp>
			</report>
			<report>
				<misses>9600001</misses>
				<total>0</total>
				<timestamp>92.663477</timestamp>
			</report>
			<report>
				<misses>9700001</misses>
				<total>0</total>
				<timestamp>93.650892</timestamp>
			</report>
			<report>
				<misses>9800001</misses>
				<total>0</total>
				<timestamp>94.638466</timestamp>
			</report>
			<report>
				<misses>9900001</misses>
				<total>0</total>
				<timestamp>95.625897</timestamp>
			</report>
			<report>
				<misses>10000001</misses>
				<total>0</total>
				<timestamp>96.612901</timestamp>
			</report>
			<report>
				<misses>10100001</misses>
				<total>0</total>
				<timestamp>97.599885</timestamp>
			</report>
			<report>
				<misses>10200001</misses>
				<total>0</total>
				<timestamp>98.586448</timestamp>
			</report>
			<report>
				<misses>10300001</misses>
				<total>0</total>
				<timestamp>99.573341</timestamp>
			</report>
			<report>
				<misses>10400001</misses>
				<total>0</total>
				<timestamp>100.560441</timestamp>
			</report>
			<report>
				<misses>10500001</misses>
				<total>0</total>
				<timestamp>101.547282</timestamp>
			</report>
			<report>
				<misses>10600001</misses>
				<total>0</total>
				<timestamp>102.534108</timestamp>
			</report>
			<report>
				<misses>10700001</misses>
				<total>0</total>
				<timestamp>103.520553</timestamp>
			</report>
			<report>
				<misses>10800001</misses>
				<total>0</total>
				<timestamp>104.507388</timestamp>
			</report>
			<report>
				<misses>10900001</misses>
				<total>0</total>
				<timestamp>105.494446</timestamp>
			</report>
			<report>
				<misses>11000001</misses>
				<total>0</total>
				<timestamp>106.481433</timestamp>
			</report>
			<report>
				<misses>11100001</misses>
				<total>0</total>
				<timestamp>107.468786</timestamp>
			</report>
			<report>
				<misses>11200001</misses>
				<total>0</total>
				<timestamp>108.455313</timestamp>
			</report>
			<report>
				<misses>11300001</misses>
				<total>0</total>
				<timestamp>109.442000</timestamp>
			</report>
			<report>
				<misses>11400001</misses>
				<total>0</total>
				<timestamp>110.428911</timestamp>
			</report>
			<report>
				<misses>11500001</misses>
				<total>0</total>
				<timestamp>111.415451</timestamp>
			</report>
			<report>
				<misses>11600001</misses>
				<total>0</total>
				<timestamp>112.402092</timestamp>
			</report>
			<report>
				<misses>11700001</misses>
				<total>0</total>
				<timestamp>113.388238</timestamp>
			</report>
			<report>
				<misses>11800001</misses>
				<total>0</total>
				<timestamp>114.374991</timestamp>
			</report>
			<report>
				<misses>11900001</misses>
				<total>0</total>
				<timestamp>115.362065</timestamp>
			</report>
			<report>
				<misses>12000001</misses>
				<total>0</total>
				<timestamp>116.348626</timestamp>
			</report>
			<report>
				<misses>12100001</misses>
				<total>0</total>
				<timestamp>117.334484</timestamp>
			</report>
			<report>
				<misses>12200001</misses>
				<total>0</total>
				<timestamp>118.320865</timestamp>
			</report>
			<report>
				<misses>12300001</misses>
				<total>0</total>
				<timestamp>119.308108</timestamp>
			</report>
			<report>
				<misses>12400001</misses>
				<total>0</total>
				<timestamp>120.294987</timestamp>
			</report>
			<report>
				<misses>12500001</misses>
				<total>0</total>
				<timestamp>121.280984</timestamp>
			</report>
			<report>
				<misses>12600001</misses>
				<total>0</total>
				<timestamp>122.268148</timestamp>
			</report>
			<report>
				<misses>12700001</misses>
				<total>0</total>
				<timestamp>123.255422</timestamp>
			</report>
			<report>
				<misses>12800001</misses>
				<total>0</total>
				<timestamp>124.241549</timestamp>
			</report>
			<report>
				<misses>12900001</misses>
				<total>0</total>
				<timestamp>125.228171</timestamp>
			</report>
			<report>
				<misses>13000001</misses>
				<total>0</total>
				<timestamp>126.214643</timestamp>
			</report>
			<report>
				<misses>13100001</misses>
				<total>0</total>
				<timestamp>127.201158</timestamp>
			</report>
			<report>
				<misses>13200001</misses>
				<total>0</total>
				<timestamp>128.188686</timestamp>
			</report>
			<report>
				<misses>13300001</misses>
				<total>0</total>
				<timestamp>129.176330</timestamp>
			</report>
			<report>
				<misses>13400001</misses>
				<total>0</total>
				<timestamp>130.163697</timestamp>
			</report>
			<report>
				<misses>13500001</misses>
				<total>0</total>
				<timestamp>131.151462</timestamp>
			</report>
			<report>
				<misses>13600001</misses>
				<total>0</total>
				<timestamp>132.139101</timestamp>
			</report>
			<report>
				<misses>13700001</misses>
				<total>0</total>
				<timestamp>133.126518</timestamp>
			</report>
			<report>
				<misses>13800001</misses>
				<total>0</total>
				<timestamp>134.113388</timestamp>
			</report>
			<report>
				<misses>13900001</misses>
				<total>0</total>
				<timestamp>135.100718</timestamp>
			</report>
			<report>
				<misses>14000001</misses>
				<total>0</total>
				<timestamp>136.087829</timestamp>
			</report>
			<report>
				<misses>14100001</misses>
				<total>0</total>
				<timestamp>137.075282</timestamp>
			</report>
			<report>
				<misses>14200001</misses>
				<total>0</total>
				<timestamp>138.062444</timestamp>
			</report>
			<report>
				<misses>14300001</misses>
				<total>0</total>
				<timestamp>139.049388</timestamp>
			</report>
			<report>
				<misses>14400001</misses>
				<total>0</total>
				<timestamp>140.036771</timestamp>
			</report>
			<report>
				<misses>14500001</misses>
				<total>0</total>
				<timestamp>141.024204</timestamp>
			</report>
			<report>
				<misses>14600001</misses>
				<total>0</total>
				<timestamp>142.011837</timestamp>
			</report>
			<report>
				<misses>14700001</misses>
				<total>0</total>
				<timestamp>142.998619</timestamp>
			</report>
			<report>
				<misses>14800001</misses>
				<total>0</total>
				<timestamp>143.985152</timestamp>
			</report>
			<report>
				<misses>14900001</misses>
				<total>0</total>
				<timestamp>144.972420</timestamp>
			</report>
			<report>
				<misses>15000001</misses>
				<total>0</total>
				<timestamp>145.959312</timestamp>
			</report>
			<report>
				<misses>15100001</misses>
				<total>0</total>
				<timestamp>146.946514</timestamp>
			</report>
			<report>
				<misses>15200001</misses>
				<total>0</total>
				<timestamp>147.933539</timestamp>
			</report>
			<report>
				<misses>15300001</misses>
				<total>0</total>
				<timestamp>148.920079</timestamp>
			</report>
			<report>
				<misses>15400001</misses>
				<total>0</total>
				<timestamp>149.906485</timestamp>
			</report>
			<report>
				<misses>15500001</misses>
				<total>0</total>
				<timestamp>150.899660</timestamp>
			</report>
			<report>
				<misses>15600001</misses>
				<total>0</total>
				<timestamp>151.886033</timestamp>
			</report>
			<report>
				<misses>15700001</misses>
				<total>0</total>
				<timestamp>152.872749</timestamp>
			</report>
			<report>
				<misses>15800001</misses>
				<total>0</total>
				<timestamp>153.858684</timestamp>
			</report>
			<report>
				<misses>15900001</misses>
				<total>0</total>
				<timestamp>154.845515</timestamp>
			</report>
			<report>
				<misses>16000001</misses>
				<total>0</total>
				<timestamp>155.832095</timestamp>
			</report>
			<report>
				<misses>16100001</misses>
				<total>0</total>
				<timestamp>156.818761</timestamp>
			</report>
			<report>
				<misses>16200001</misses>
				<total>0</total>
				<timestamp>157.805864</timestamp>
			</report>
			<report>
				<misses>16300001</misses>
				<total>0</total>
				<timestamp>158.792907</timestamp>
			</report>
			<report>
				<misses>16400001</misses>
				<total>0</total>
				<timestamp>159.780056</timestamp>
			</report>
			<report>
				<misses>16500001</misses>
				<total>0</total>
				<timestamp>160.766726</timestamp>
			</report>
			<report>
				<misses>16600001</misses>
				<total>0</total>
				<timestamp>161.754293</timestamp>
			</report>
			<report>
				<misses>16700001</misses>
				<total>0</total>
				<timestamp>162.741625</timestamp>
			</report>
			<report>
				<misses>16800001</misses>
				<total>0</total>
				<timestamp>163.728615</timestamp>
			</report>
			<report>
				<misses>16900001</misses>
				<total>0</total>
				<timestamp>164.715091</timestamp>
			</report>
			<report>
				<misses>17000001</misses>
				<total>0</total>
				<timestamp>165.702981</timestamp>
			</report>
			<report>
				<misses>17100001</misses>
				<total>0</total>
				<timestamp>166.689750</timestamp>
			</report>
			<report>
				<misses>17200001</misses>
				<total>0</total>
				<timestamp>167.676695</timestamp>
			</report>
			<report>
				<misses>17300001</misses>
				<total>0</total>
				<timestamp>168.625166</timestamp>
			</report>
			<report>
				<misses>17400001</misses>
				<total>0</total>
				<timestamp>169.525677</timestamp>
			</report>
			<report>
				<misses>17500001</misses>
				<total>0</total>
				<timestamp>170.411274</timestamp>
			</report>
			<report>
				<misses>17600001</misses>
				<total>0</total>
				<timestamp>171.293130</timestamp>
			</report>
			<report>
				<misses>17700001</misses>
				<total>0</total>
				<timestamp>172.182663</timestamp>
			</report>
			<report>
				<misses>17800001</misses>
				<total>0</total>
				<timestamp>173.110625</timestamp>
			</report>
			<report>
				<misses>17900001</misses>
				<total>0</total>
				<timestamp>174.106915</timestamp>
			</report>
			<report>
				<misses>18000001</misses>
				<total>0</total>
				<timestamp>175.100906</timestamp>
			</report>
			<report>
				<misses>18100001</misses>
				<total>0</total>
				<timestamp>176.087635</timestamp>
			</report>
			<report>
				<misses>18200001</misses>
				<total>0</total>
				<timestamp>177.063861</timestamp>
			</report>
			<report>
				<misses>18300001</misses>
				<total>0</total>
				<timestamp>178.043174</timestamp>
			</report>
			<report>
				<misses>18400001</misses>
				<total>0</total>
				<timestamp>179.021988</timestamp>
			</report>
			<report>
				<misses>18500001</misses>
				<total>0</total>
				<timestamp>180.001605</timestamp>
			</report>
			<report>
				<misses>18600001</misses>
				<total>0</total>
				<timestamp>180.981261</timestamp>
			</report>
			<report>
				<misses>18700001</misses>
				<total>0</total>
				<timestamp>181.960084</timestamp>
			</report>
			<report>
				<misses>18800001</misses>
				<total>0</total>
				<timestamp>182.939009</timestamp>
			</report>
			<report>
				<misses>18900001</misses>
				<total>0</total>
				<timestamp>183.918393</timestamp>
			</report>
			<report>
				<misses>19000001</misses>
				<total>0</total>
				<timestamp>184.897576</timestamp>
			</report>
			<report>
				<misses>19100001</misses>
				<total>0</total>
				<timestamp>185.876698</timestamp>
			</report>
			<report>
				<misses>19200001</misses>
				<total>0</total>
				<timestamp>186.855829</timestamp>
			</report>
			<report>
				<misses>19300001</misses>
				<total>0</total>
				<timestamp>187.834817</timestamp>
			</report>
			<report>
				<misses>19400001</misses>
				<total>0</total>
				<timestamp>188.814365</timestamp>
			</report>
			<report>
				<misses>19500001</misses>
				<total>0</total>
				<timestamp>189.793823</timestamp>
			</report>
			<report>
				<misses>19600001</misses>
				<total>0</total>
				<timestamp>190.773277</timestamp>
			</report>
			<report>
				<misses>19700001</misses>
				<total>0</total>
				<timestamp>191.752671</timestamp>
			</report>
			<report>
				<misses>19800001</misses>
				<total>0</total>
				<timestamp>192.636784</timestamp>
			</report>
			<report>
				<misses>19900001</misses>
				<total>0</total>
				<timestamp>193.523295</timestamp>
			</report>
			<report>
				<misses>20000001</misses>
				<total>0</total>
				<timestamp>194.408337</timestamp>
			</report>
			<report>
				<misses>20100001</misses>
				<total>0</total>
				<timestamp>195.302902</timestamp>
			</report>
			<report>
				<misses>20200001</misses>
				<total>0</total>
				<timestamp>196.185150</timestamp>
			</report>
			<report>
				<misses>20300001</misses>
				<total>0</total>
				<timestamp>197.111301</timestamp>
			</report>
			<report>
				<misses>20400001</misses>
				<total>0</total>
				<timestamp>198.096150</timestamp>
			</report>
			<report>
				<misses>20500001</misses>
				<total>0</total>
				<timestamp>199.080393</timestamp>
			</report>
			<report>
				<misses>20600001</misses>
				<total>0</total>
				<timestamp>200.064866</timestamp>
			</report>
			<report>
				<misses>20700001</misses>
				<total>0</total>
				<timestamp>201.049853</timestamp>
			</report>
			<report>
				<misses>20800001</misses>
				<total>0</total>
				<timestamp>202.034196</timestamp>
			</report>
			<report>
				<misses>20900001</misses>
				<total>0</total>
				<timestamp>203.018705</timestamp>
			</report>
			<report>
				<misses>21000001</misses>
				<total>0</total>
				<timestamp>204.003029</timestamp>
			</report>
			<report>
				<misses>21100001</misses>
				<total>0</total>
				<timestamp>204.986828</timestamp>
			</report>
			<report>
				<misses>21200001</misses>
				<total>0</total>
				<timestamp>205.970794</timestamp>
			</report>
			<report>
				<misses>21300001</misses>
				<total>0</total>
				<timestamp>206.955289</timestamp>
			</report>
			<report>
				<misses>21400001</misses>
				<total>0</total>
				<timestamp>207.938470</timestamp>
			</report>
			<report>
				<misses>21500001</misses>
				<total>0</total>
				<timestamp>208.922736</timestamp>
			</report>
			<report>
				<misses>21600001</misses>
				<total>0</total>
				<timestamp>209.907726</timestamp>
			</report>
			<report>
				<misses>21700001</misses>
				<total>0</total>
				<timestamp>210.892997</timestamp>
			</report>
			<report>
				<misses>21800001</misses>
				<total>0</total>
				<timestamp>211.877260</timestamp>
			</report>
			<report>
				<misses>21900001</misses>
				<total>0</total>
				<timestamp>212.861818</timestamp>
			</report>
			<report>
				<misses>22000001</misses>
				<total>0</total>
				<timestamp>213.846524</timestamp>
			</report>
			<report>
				<misses>22100001</misses>
				<total>0</total>
				<timestamp>214.830988</timestamp>
			</report>
			<report>
				<misses>22200001</misses>
				<total>0</total>
				<timestamp>215.815583</timestamp>
			</report>
			<report>
				<misses>22300001</misses>
				<total>0</total>
				<timestamp>216.799453</timestamp>
			</report>
			<report>
				<misses>22400001</misses>
				<total>0</total>
				<timestamp>217.784449</timestamp>
			</report>
			<report>
				<misses>22500001</misses>
				<total>0</total>
				<timestamp>218.768844</timestamp>
			</report>
			<report>
				<misses>22600001</misses>
				<total>0</total>
				<timestamp>219.752923</timestamp>
			</report>
			<report>
				<misses>22700001</misses>
				<total>0</total>
				<timestamp>220.737129</timestamp>
			</report>
			<report>
				<misses>22800001</misses>
				<total>0</total>
				<timestamp>221.721523</timestamp>
			</report>
			<report>
				<misses>22900001</misses>
				<total>0</total>
				<timestamp>222.705991</timestamp>
			</report>
			<report>
				<misses>23000001</misses>
				<total>0</total>
				<timestamp>223.690388</timestamp>
			</report>
			<report>
				<misses>23100001</misses>
				<total>0</total>
				<timestamp>224.674846</timestamp>
			</report>
			<report>
				<misses>23200001</misses>
				<total>0</total>
				<timestamp>225.658714</timestamp>
			</report>
			<report>
				<misses>23300001</misses>
				<total>0</total>
				<timestamp>226.643401</timestamp>
			</report>
			<report>
				<misses>23400001</misses>
				<total>0</total>
				<timestamp>227.627324</timestamp>
			</report>
			<report>
				<misses>23500001</misses>
				<total>0</total>
				<timestamp>228.610920</timestamp>
			</report>
			<report>
				<misses>23600001</misses>
				<total>0</total>
				<timestamp>229.596124</timestamp>
			</report>
			<report>
				<misses>23700001</misses>
				<total>0</total>
				<timestamp>230.581100</timestamp>
			</report>
			<report>
				<misses>23800001</misses>
				<total>0</total>
				<timestamp>231.565869</timestamp>
			</report>
			<report>
				<misses>23900001</misses>
				<total>0</total>
				<timestamp>232.550787</timestamp>
			</report>
			<report>
				<misses>24000001</misses>
				<total>0</total>
				<timestamp>233.536652</timestamp>
			</report>
			<report>
				<misses>24100001</misses>
				<total>0</total>
				<timestamp>234.522148</timestamp>
			</report>
			<report>
				<misses>24200001</misses>
				<total>0</total>
				<timestamp>235.506408</timestamp>
			</report>
			<report>
				<misses>24300001</misses>
				<total>0</total>
				<timestamp>236.490955</timestamp>
			</report>
			<report>
				<misses>24400001</misses>
				<total>0</total>
				<timestamp>237.474545</timestamp>
			</report>
			<report>
				<misses>24500001</misses>
				<total>0</total>
				<timestamp>238.458642</timestamp>
			</report>
			<report>
				<misses>24600001</misses>
				<total>0</total>
				<timestamp>239.442254</timestamp>
			</report>
			<report>
				<misses>24700001</misses>
				<total>0</total>
				<timestamp>240.426120</timestamp>
			</report>
			<report>
				<misses>24800001</misses>
				<total>0</total>
				<timestamp>241.409490</timestamp>
			</report>
			<report>
				<misses>24900001</misses>
				<total>0</total>
				<timestamp>242.393773</timestamp>
			</report>
			<report>
				<misses>25000001</misses>
				<total>0</total>
				<timestamp>243.377911</timestamp>
			</report>
			<report>
				<misses>25100001</misses>
				<total>0</total>
				<timestamp>244.361733</timestamp>
			</report>
			<report>
				<misses>25200001</misses>
				<total>0</total>
				<timestamp>245.345897</timestamp>
			</report>
			<report>
				<misses>25300001</misses>
				<total>0</total>
				<timestamp>246.329508</timestamp>
			</report>
			<report>
				<misses>25400001</misses>
				<total>0</total>
				<timestamp>247.313575</timestamp>
			</report>
			<report>
				<misses>25500001</misses>
				<total>0</total>
				<timestamp>248.297325</timestamp>
			</report>
			<report>
				<misses>25600001</misses>
				<total>0</total>
				<timestamp>249.282028</timestamp>
			</report>
			<report>
				<misses>25700001</misses>
				<total>0</total>
				<timestamp>250.265900</timestamp>
			</report>
			<report>
				<misses>25800001</misses>
				<total>0</total>
				<timestamp>251.249918</timestamp>
			</report>
			<report>
				<misses>25900001</misses>
				<total>0</total>
				<timestamp>252.233509</timestamp>
			</report>
			<report>
				<misses>26000001</misses>
				<total>0</total>
				<timestamp>253.217261</timestamp>
			</report>
			<report>
				<misses>26100001</misses>
				<total>0</total>
				<timestamp>254.201144</timestamp>
			</report>
			<report>
				<misses>26200001</misses>
				<total>0</total>
				<timestamp>255.185678</timestamp>
			</report>
			<report>
				<misses>26300001</misses>
				<total>0</total>
				<timestamp>256.169723</timestamp>
			</report>
			<report>
				<misses>26400001</misses>
				<total>0</total>
				<timestamp>257.153544</timestamp>
			</report>
			<report>
				<misses>26500001</misses>
				<total>0</total>
				<timestamp>258.138072</timestamp>
			</report>
			<report>
				<misses>26600001</misses>
				<total>0</total>
				<timestamp>259.122111</timestamp>
			</report>
			<report>
				<misses>26700001</misses>
				<total>0</total>
				<timestamp>260.105476</timestamp>
			</report>
			<report>
				<misses>26800001</misses>
				<total>0</total>
				<timestamp>261.089309</timestamp>
			</report>
			<report>
				<misses>26900001</misses>
				<total>0</total>
				<timestamp>262.073750</timestamp>
			</report>
			<report>
				<misses>27000001</misses>
				<total>0</total>
				<timestamp>263.057900</timestamp>
			</report>
			<report>
				<misses>27100001</misses>
				<total>0</total>
				<timestamp>264.042484</timestamp>
			</report>
			<report>
				<misses>27200001</misses>
				<total>0</total>
				<timestamp>265.026618</timestamp>
			</report>
			<report>
				<misses>27300001</misses>
				<total>0</total>
				<timestamp>266.010946</timestamp>
			</report>
			<report>
				<misses>27400001</misses>
				<total>0</total>
				<timestamp>266.994523</timestamp>
			</report>
			<report>
				<misses>27500001</misses>
				<total>0</total>
				<timestamp>267.978108</timestamp>
			</report>
			<report>
				<misses>27600001</misses>
				<total>0</total>
				<timestamp>268.962089</timestamp>
			</report>
			<report>
				<misses>27700001</misses>
				<total>0</total>
				<timestamp>269.945450</timestamp>
			</report>
			<report>
				<misses>27800001</misses>
				<total>0</total>
				<timestamp>270.929233</timestamp>
			</report>
			<report>
				<misses>27900001</misses>
				<total>0</total>
				<timestamp>271.913080</timestamp>
			</report>
			<report>
				<misses>28000001</misses>
				<total>0</total>
				<timestamp>272.897080</timestamp>
			</report>
			<report>
				<misses>28100001</misses>
				<total>0</total>
				<timestamp>273.880979</timestamp>
			</report>
			<report>
				<misses>28200001</misses>
				<total>0</total>
				<timestamp>274.865154</timestamp>
			</report>
			<report>
				<misses>28300001</misses>
				<total>0</total>
				<timestamp>275.849021</timestamp>
			</report>
			<report>
				<misses>28400001</misses>
				<total>0</total>
				<timestamp>276.832031</timestamp>
			</report>
			<report>
				<misses>28500001</misses>
				<total>0</total>
				<timestamp>277.815475</timestamp>
			</report>
			<report>
				<misses>28600001</misses>
				<total>0</total>
				<timestamp>278.799116</timestamp>
			</report>
			<report>
				<misses>28700001</misses>
				<total>0</total>
				<timestamp>279.783193</timestamp>
			</report>
			<report>
				<misses>28800001</misses>
				<total>0</total>
				<timestamp>280.767091</timestamp>
			</report>
			<report>
				<misses>28900001</misses>
				<total>0</total>
				<timestamp>281.750543</timestamp>
			</report>
			<report>
				<misses>29000001</misses>
				<total>0</total>
				<timestamp>282.734282</timestamp>
			</report>
			<report>
				<misses>29100001</misses>
				<total>0</total>
				<timestamp>283.718224</timestamp>
			</report>
			<report>
				<misses>29200001</misses>
				<total>0</total>
				<timestamp>284.701960</timestamp>
			</report>
			<report>
				<misses>29300001</misses>
				<total>0</total>
				<timestamp>285.685240</timestamp>
			</report>
			<report>
				<misses>29400001</misses>
				<total>0</total>
				<timestamp>286.668315</timestamp>
			</report>
			<report>
				<misses>29500001</misses>
				<total>0</total>
				<timestamp>287.652152</timestamp>
			</report>
			<report>
				<misses>29600001</misses>
				<total>0</total>
				<timestamp>288.635039</timestamp>
			</report>
			<report>
				<misses>29700001</misses>
				<total>0</total>
				<timestamp>289.619257</timestamp>
			</report>
			<report>
				<misses>29800001</misses>
				<total>0</total>
				<timestamp>290.601148</timestamp>
			</report>
			<report>
				<misses>29900001</misses>
				<total>0</total>
				<timestamp>291.583545</timestamp>
			</report>
			<report>
				<misses>30000001</misses>
				<total>0</total>
				<timestamp>292.565269</timestamp>
			</report>
			<report>
				<misses>30100001</misses>
				<total>0</total>
				<timestamp>293.547731</timestamp>
			</report>
			<report>
				<misses>30200001</misses>
				<total>0</total>
				<timestamp>294.530104</timestamp>
			</report>
			<report>
				<misses>30300001</misses>
				<total>0</total>
				<timestamp>295.513009</timestamp>
			</report>
			<report>
				<misses>30400001</misses>
				<total>0</total>
				<timestamp>296.496043</timestamp>
			</report>
			<report>
				<misses>30500001</misses>
				<total>0</total>
				<timestamp>297.479311</timestamp>
			</report>
			<report>
				<misses>30600001</misses>
				<total>0</total>
				<timestamp>298.458032</timestamp>
			</report>
			<report>
				<misses>30700001</misses>
				<total>0</total>
				<timestamp>299.434528</timestamp>
			</report>
		</query>
	</custom>
	<ethtool_statistic>
		<rx_packets>
			<start>3715122469</start>
			<end>3739194269</end>
		</rx_packets>
		<tx_packets>
			<start>6815415470</start>
			<end>6846171026</end>
		</tx_packets>
		<rx_dropped>
			<start>0</start>
			<end>0</end>
		</rx_dropped>
		<tx_dropped>
			<start>0</start>
			<end>0</end>
		</tx_dropped>
		<collisions>
			<start>0</start>
			<end>0</end>
		</collisions>
		<port_tx_errors>
			<start>0</start>
			<end>0</end>
		</port_tx_errors>
		<port_rx_dropped>
			<start>0</start>
			<end>0</end>
		</port_rx_dropped>
		<port_tx_dropped_link_down>
			<start>0</start>
			<end>0</end>
		</port_tx_dropped_link_down>
	</ethtool_statistic>
	<ip_statistic>
		<mtu>
			<start>9000</start>
			<end>9000</end>
		</mtu>
		<rx_bytes>
			<start>22332918147870</start>
			<end>22548161734660</end>
		</rx_bytes>
		<rx_packets>
			<start>3715122625</start>
			<end>3739194269</end>
		</rx_packets>
		<rx_errors>
			<start>0</start>
			<end>0</end>
		</rx_errors>
		<rx_dropped>
			<start>0</start>
			<end>0</end>
		</rx_dropped>
		<rx_missed>
			<start>0</start>
			<end>0</end>
		</rx_missed>
		<rx_mcast>
			<start>346</start>
			<end>346</end>
		</rx_mcast>
		<tx_bytes>
			<start>30972548615810</start>
			<end>31247559738566</end>
		</tx_bytes>
		<tx_packets>
			<start>6815415470</start>
			<end>6846171026</end>
		</tx_packets>
		<tx_errors>
			<start>0</start>
			<end>0</end>
		</tx_errors>
		<tx_dropped>
			<start>0</start>
			<end>0</end>
		</tx_dropped>
		<tx_carrier>
			<start>0</start>
			<end>0</end>
		</tx_carrier>
		<tx_collisions>
			<start>0</start>
			<end>0</end>
		</tx_collisions>
	</ip_statistic>
	<netstat_statistic>
		<udp_pkg_rec>
			<start>5658416388</start>
			<end>5706565312</end>
		</udp_pkg_rec>
		<udp_pkg_snt>
			<start>11817052707</start>
			<end>11878222051</end>
		</udp_pkg_snt>
		<udp_rec_err>
			<start>0</start>
			<end>0</end>
		</udp_rec_err>
		<udp_rec_buf_err>
			<start>0</start>
			<end>0</end>
		</udp_rec_buf_err>
		<udp_snt_buf_err>
			<start>0</start>
			<end>0</end>
		</udp_snt_buf_err>
	</netstat_statistic>
</test_results>
