<?xml version="1.0"?>
<test_results>
	<status>STATUS_SUCCESS</status>
	<custom>
		<num_loss>43097</num_loss>
		<num_total>1000000</num_total>
		<num_misses>2557310</num_misses>
		<elapsed_time>9.893330</elapsed_time>
	</custom>
	<ethtool_statistic>
		<rx_packets>
			<start>2398560664</start>
			<end>2399248306</end>
		</rx_packets>
		<tx_packets>
			<start>3291196415</start>
			<end>3292610048</end>
		</tx_packets>
		<rx_dropped>
			<start>63</start>
			<end>63</end>
		</rx_dropped>
		<tx_dropped>
			<start>0</start>
			<end>0</end>
		</tx_dropped>
		<collisions>
			<start>0</start>
			<end>0</end>
		</collisions>
		<port_tx_errors>
			<start>0</start>
			<end>0</end>
		</port_tx_errors>
		<port_rx_dropped>
			<start>0</start>
			<end>0</end>
		</port_rx_dropped>
		<port_tx_dropped_link_down>
			<start>0</start>
			<end>0</end>
		</port_tx_dropped_link_down>
	</ethtool_statistic>
	<ip_statistic>
		<mtu>
			<start>9000</start>
			<end>9000</end>
		</mtu>
		<rx_bytes>
			<start>21555271538416</start>
			<end>21561452868243</end>
		</rx_bytes>
		<rx_packets>
			<start>2398560706</start>
			<end>2399248407</end>
		</rx_packets>
		<rx_errors>
			<start>0</start>
			<end>0</end>
		</rx_errors>
		<rx_dropped>
			<start>63</start>
			<end>63</end>
		</rx_dropped>
		<rx_missed>
			<start>0</start>
			<end>0</end>
		</rx_missed>
		<rx_mcast>
			<start>2191</start>
			<end>2191</end>
		</rx_mcast>
		<tx_bytes>
			<start>13210236262729</start>
			<end>13222895086030</end>
		</tx_bytes>
		<tx_packets>
			<start>3291196457</start>
			<end>3292610095</end>
		</tx_packets>
		<tx_errors>
			<start>0</start>
			<end>0</end>
		</tx_errors>
		<tx_dropped>
			<start>0</start>
			<end>0</end>
		</tx_dropped>
		<tx_carrier>
			<start>0</start>
			<end>0</end>
		</tx_carrier>
		<tx_collisions>
			<start>0</start>
			<end>0</end>
		</tx_collisions>
	</ip_statistic>
</test_results>
