<?xml version="1.0"?>
<test_results>
	<status>STATUS_SUCCESS</status>
	<custom>
		<num_loss>0</num_loss>
		<num_total>13201758</num_total>
		<num_misses>26787058</num_misses>
	</custom>
	<ethtool_statistic>
		<rx_packets>
			<start>308519001</start>
			<end>401287685</end>
		</rx_packets>
		<tx_packets>
			<start>8055448741</start>
			<end>8068650535</end>
		</tx_packets>
		<rx_dropped>
			<start>0</start>
			<end>0</end>
		</rx_dropped>
		<tx_dropped>
			<start>0</start>
			<end>0</end>
		</tx_dropped>
		<collisions>
			<start>0</start>
			<end>0</end>
		</collisions>
		<port_tx_errors>
			<start>-1</start>
			<end>-1</end>
		</port_tx_errors>
		<port_rx_dropped>
			<start>-1</start>
			<end>-1</end>
		</port_rx_dropped>
		<port_tx_dropped_link_down>
			<start>-1</start>
			<end>-1</end>
		</port_tx_dropped_link_down>
	</ethtool_statistic>
	<ip_statistic>
		<mtu>
			<start>1500</start>
			<end>1500</end>
		</mtu>
		<rx_bytes>
			<start>403065039342</start>
			<end>524272635650</end>
		</rx_bytes>
		<rx_packets>
			<start>308520831</start>
			<end>401289505</end>
		</rx_packets>
		<rx_errors>
			<start>0</start>
			<end>0</end>
		</rx_errors>
		<rx_dropped>
			<start>0</start>
			<end>0</end>
		</rx_dropped>
		<rx_missed>
			<start>17828</start>
			<end>24426</end>
		</rx_missed>
		<rx_mcast>
			<start>4721</start>
			<end>4725</end>
		</rx_mcast>
		<tx_bytes>
			<start>10567369057622</start>
			<end>10568979687174</end>
		</tx_bytes>
		<tx_packets>
			<start>8055448741</start>
			<end>8068650535</end>
		</tx_packets>
		<tx_errors>
			<start>0</start>
			<end>0</end>
		</tx_errors>
		<tx_dropped>
			<start>0</start>
			<end>0</end>
		</tx_dropped>
		<tx_carrier>
			<start>0</start>
			<end>0</end>
		</tx_carrier>
		<tx_collisions>
			<start>0</start>
			<end>0</end>
		</tx_collisions>
	</ip_statistic>
</test_results>
