<?xml version="1.0"?>
<test_results>
	<status>STATUS_SUCCESS</status>
	<custom>
		<num_loss>-1</num_loss>
		<num_total>-1</num_total>
		<num_misses>-1</num_misses>
		<elapsed_time>-1.000000</elapsed_time>
		<query />
	</custom>
	<ethtool_statistic>
		<rx_packets>
			<start>8851292034</start>
			<end>9280828164</end>
		</rx_packets>
		<tx_packets>
			<start>6399450909</start>
			<end>6735229247</end>
		</tx_packets>
		<rx_dropped>
			<start>71</start>
			<end>71</end>
		</rx_dropped>
		<tx_dropped>
			<start>0</start>
			<end>0</end>
		</tx_dropped>
		<collisions>
			<start>0</start>
			<end>0</end>
		</collisions>
		<port_tx_errors>
			<start>0</start>
			<end>0</end>
		</port_tx_errors>
		<port_rx_dropped>
			<start>0</start>
			<end>0</end>
		</port_rx_dropped>
		<port_tx_dropped_link_down>
			<start>126</start>
			<end>126</end>
		</port_tx_dropped_link_down>
	</ethtool_statistic>
	<ip_statistic>
		<mtu>
			<start>9000</start>
			<end>9000</end>
		</mtu>
		<rx_bytes>
			<start>58028087448529</start>
			<end>60065535692704</end>
		</rx_bytes>
		<rx_packets>
			<start>8851292034</start>
			<end>9280828240</end>
		</rx_packets>
		<rx_errors>
			<start>0</start>
			<end>0</end>
		</rx_errors>
		<rx_dropped>
			<start>71</start>
			<end>71</end>
		</rx_dropped>
		<rx_missed>
			<start>0</start>
			<end>0</end>
		</rx_missed>
		<rx_mcast>
			<start>2400</start>
			<end>2541</end>
		</rx_mcast>
		<tx_bytes>
			<start>57530491146367</start>
			<end>60549106704817</end>
		</tx_bytes>
		<tx_packets>
			<start>6399450991</start>
			<end>6735229347</end>
		</tx_packets>
		<tx_errors>
			<start>0</start>
			<end>0</end>
		</tx_errors>
		<tx_dropped>
			<start>0</start>
			<end>0</end>
		</tx_dropped>
		<tx_carrier>
			<start>0</start>
			<end>0</end>
		</tx_carrier>
		<tx_collisions>
			<start>0</start>
			<end>0</end>
		</tx_collisions>
	</ip_statistic>
	<netstat_statistic>
		<udp_pkg_rec>
			<start>6761272268</start>
			<end>7187000836</end>
		</udp_pkg_rec>
		<udp_pkg_snt>
			<start>6399433081</start>
			<end>6735210550</end>
		</udp_pkg_snt>
		<udp_rec_err>
			<start>84022961</start>
			<end>87829214</end>
		</udp_rec_err>
		<udp_rec_buf_err>
			<start>84022961</start>
			<end>87829214</end>
		</udp_rec_buf_err>
		<udp_snt_buf_err>
			<start>0</start>
			<end>0</end>
		</udp_snt_buf_err>
	</netstat_statistic>
</test_results>
