<?xml version="1.0"?>
<test_results>
	<status>STATUS_SUCCESS</status>
	<custom>
		<num_loss>0</num_loss>
		<num_total>827144793</num_total>
		<num_misses>2052596355</num_misses>
		<elapsed_time>7199.332195</elapsed_time>
		<query>
			<report>
				<misses>100001</misses>
				<total>0</total>
				<timestamp>0.958782</timestamp>
			</report>
			<report>
				<misses>200001</misses>
				<total>0</total>
				<timestamp>1.835689</timestamp>
			</report>
			<report>
				<misses>300001</misses>
				<total>0</total>
				<timestamp>2.812588</timestamp>
			</report>
			<report>
				<misses>400001</misses>
				<total>0</total>
				<timestamp>3.773600</timestamp>
			</report>
			<report>
				<misses>500001</misses>
				<total>0</total>
				<timestamp>4.698961</timestamp>
			</report>
			<report>
				<misses>600001</misses>
				<total>0</total>
				<timestamp>5.607598</timestamp>
			</report>
			<report>
				<misses>700001</misses>
				<total>0</total>
				<timestamp>6.535451</timestamp>
			</report>
			<report>
				<misses>800001</misses>
				<total>0</total>
				<timestamp>7.469194</timestamp>
			</report>
			<report>
				<misses>900001</misses>
				<total>0</total>
				<timestamp>8.420158</timestamp>
			</report>
			<report>
				<misses>1000001</misses>
				<total>0</total>
				<timestamp>9.344799</timestamp>
			</report>
			<report>
				<misses>1100001</misses>
				<total>0</total>
				<timestamp>10.215884</timestamp>
			</report>
			<report>
				<misses>1200001</misses>
				<total>0</total>
				<timestamp>11.098631</timestamp>
			</report>
			<report>
				<misses>1300001</misses>
				<total>0</total>
				<timestamp>11.970175</timestamp>
			</report>
			<report>
				<misses>1400001</misses>
				<total>0</total>
				<timestamp>12.829796</timestamp>
			</report>
			<report>
				<misses>1500001</misses>
				<total>0</total>
				<timestamp>13.705931</timestamp>
			</report>
			<report>
				<misses>1600001</misses>
				<total>0</total>
				<timestamp>14.581507</timestamp>
			</report>
			<report>
				<misses>1700001</misses>
				<total>0</total>
				<timestamp>15.460040</timestamp>
			</report>
			<report>
				<misses>1800001</misses>
				<total>0</total>
				<timestamp>16.328337</timestamp>
			</report>
			<report>
				<misses>1900001</misses>
				<total>0</total>
				<timestamp>17.208271</timestamp>
			</report>
			<report>
				<misses>2000001</misses>
				<total>0</total>
				<timestamp>18.086703</timestamp>
			</report>
			<report>
				<misses>2100001</misses>
				<total>0</total>
				<timestamp>18.960175</timestamp>
			</report>
			<report>
				<misses>2200001</misses>
				<total>0</total>
				<timestamp>19.818960</timestamp>
			</report>
			<report>
				<misses>2300001</misses>
				<total>0</total>
				<timestamp>20.684077</timestamp>
			</report>
			<report>
				<misses>2400001</misses>
				<total>0</total>
				<timestamp>21.540494</timestamp>
			</report>
			<report>
				<misses>2500001</misses>
				<total>0</total>
				<timestamp>22.409076</timestamp>
			</report>
			<report>
				<misses>2600001</misses>
				<total>0</total>
				<timestamp>23.284178</timestamp>
			</report>
			<report>
				<misses>2700001</misses>
				<total>0</total>
				<timestamp>24.142708</timestamp>
			</report>
			<report>
				<misses>2800001</misses>
				<total>0</total>
				<timestamp>25.011735</timestamp>
			</report>
			<report>
				<misses>2900001</misses>
				<total>0</total>
				<timestamp>25.870381</timestamp>
			</report>
			<report>
				<misses>3000001</misses>
				<total>0</total>
				<timestamp>26.732685</timestamp>
			</report>
			<report>
				<misses>3100001</misses>
				<total>0</total>
				<timestamp>27.602067</timestamp>
			</report>
			<report>
				<misses>3200001</misses>
				<total>0</total>
				<timestamp>28.466879</timestamp>
			</report>
			<report>
				<misses>3300001</misses>
				<total>0</total>
				<timestamp>29.330767</timestamp>
			</report>
			<report>
				<misses>3400001</misses>
				<total>0</total>
				<timestamp>30.194945</timestamp>
			</report>
			<report>
				<misses>3500001</misses>
				<total>0</total>
				<timestamp>31.065577</timestamp>
			</report>
			<report>
				<misses>3600001</misses>
				<total>0</total>
				<timestamp>31.936181</timestamp>
			</report>
			<report>
				<misses>3700001</misses>
				<total>0</total>
				<timestamp>32.799371</timestamp>
			</report>
			<report>
				<misses>3800001</misses>
				<total>0</total>
				<timestamp>33.671016</timestamp>
			</report>
			<report>
				<misses>3900001</misses>
				<total>0</total>
				<timestamp>34.550345</timestamp>
			</report>
			<report>
				<misses>4000001</misses>
				<total>0</total>
				<timestamp>35.430698</timestamp>
			</report>
			<report>
				<misses>4100001</misses>
				<total>0</total>
				<timestamp>36.293391</timestamp>
			</report>
			<report>
				<misses>4200001</misses>
				<total>0</total>
				<timestamp>37.164689</timestamp>
			</report>
			<report>
				<misses>4300001</misses>
				<total>0</total>
				<timestamp>38.043164</timestamp>
			</report>
			<report>
				<misses>4400001</misses>
				<total>0</total>
				<timestamp>38.921273</timestamp>
			</report>
			<report>
				<misses>4500001</misses>
				<total>0</total>
				<timestamp>39.788055</timestamp>
			</report>
			<report>
				<misses>4600001</misses>
				<total>0</total>
				<timestamp>40.644831</timestamp>
			</report>
			<report>
				<misses>4700001</misses>
				<total>0</total>
				<timestamp>41.513938</timestamp>
			</report>
			<report>
				<misses>4800001</misses>
				<total>0</total>
				<timestamp>42.379714</timestamp>
			</report>
			<report>
				<misses>4900001</misses>
				<total>0</total>
				<timestamp>43.249734</timestamp>
			</report>
			<report>
				<misses>5000001</misses>
				<total>0</total>
				<timestamp>44.115628</timestamp>
			</report>
			<report>
				<misses>5100001</misses>
				<total>0</total>
				<timestamp>44.991165</timestamp>
			</report>
			<report>
				<misses>5200001</misses>
				<total>0</total>
				<timestamp>45.863777</timestamp>
			</report>
			<report>
				<misses>5300001</misses>
				<total>0</total>
				<timestamp>46.726203</timestamp>
			</report>
			<report>
				<misses>5400001</misses>
				<total>0</total>
				<timestamp>47.594757</timestamp>
			</report>
			<report>
				<misses>5500001</misses>
				<total>0</total>
				<timestamp>48.458355</timestamp>
			</report>
			<report>
				<misses>5600001</misses>
				<total>0</total>
				<timestamp>49.330177</timestamp>
			</report>
			<report>
				<misses>5700001</misses>
				<total>0</total>
				<timestamp>50.190904</timestamp>
			</report>
			<report>
				<misses>5800001</misses>
				<total>0</total>
				<timestamp>51.061310</timestamp>
			</report>
			<report>
				<misses>5900001</misses>
				<total>0</total>
				<timestamp>51.928162</timestamp>
			</report>
			<report>
				<misses>6000001</misses>
				<total>0</total>
				<timestamp>52.786423</timestamp>
			</report>
			<report>
				<misses>6100001</misses>
				<total>0</total>
				<timestamp>53.652236</timestamp>
			</report>
			<report>
				<misses>6200001</misses>
				<total>0</total>
				<timestamp>54.519682</timestamp>
			</report>
			<report>
				<misses>6300001</misses>
				<total>0</total>
				<timestamp>55.401362</timestamp>
			</report>
			<report>
				<misses>6400001</misses>
				<total>0</total>
				<timestamp>56.279140</timestamp>
			</report>
			<report>
				<misses>6500001</misses>
				<total>0</total>
				<timestamp>57.157754</timestamp>
			</report>
			<report>
				<misses>6600001</misses>
				<total>0</total>
				<timestamp>58.041771</timestamp>
			</report>
			<report>
				<misses>6700001</misses>
				<total>0</total>
				<timestamp>58.918400</timestamp>
			</report>
			<report>
				<misses>6800001</misses>
				<total>0</total>
				<timestamp>59.796736</timestamp>
			</report>
			<report>
				<misses>6900001</misses>
				<total>0</total>
				<timestamp>60.658121</timestamp>
			</report>
			<report>
				<misses>7000001</misses>
				<total>0</total>
				<timestamp>61.538875</timestamp>
			</report>
			<report>
				<misses>7100001</misses>
				<total>0</total>
				<timestamp>62.400770</timestamp>
			</report>
			<report>
				<misses>7200001</misses>
				<total>0</total>
				<timestamp>63.266325</timestamp>
			</report>
			<report>
				<misses>7300001</misses>
				<total>0</total>
				<timestamp>64.124851</timestamp>
			</report>
			<report>
				<misses>7400001</misses>
				<total>0</total>
				<timestamp>64.993675</timestamp>
			</report>
			<report>
				<misses>7500001</misses>
				<total>0</total>
				<timestamp>65.862345</timestamp>
			</report>
			<report>
				<misses>7600001</misses>
				<total>0</total>
				<timestamp>66.708413</timestamp>
			</report>
			<report>
				<misses>7700001</misses>
				<total>0</total>
				<timestamp>67.584831</timestamp>
			</report>
			<report>
				<misses>7800001</misses>
				<total>0</total>
				<timestamp>68.462262</timestamp>
			</report>
			<report>
				<misses>7900001</misses>
				<total>0</total>
				<timestamp>69.331768</timestamp>
			</report>
			<report>
				<misses>8000001</misses>
				<total>0</total>
				<timestamp>70.199275</timestamp>
			</report>
			<report>
				<misses>8100001</misses>
				<total>0</total>
				<timestamp>71.061706</timestamp>
			</report>
			<report>
				<misses>8200001</misses>
				<total>0</total>
				<timestamp>71.934653</timestamp>
			</report>
			<report>
				<misses>8300001</misses>
				<total>0</total>
				<timestamp>72.810471</timestamp>
			</report>
			<report>
				<misses>8400001</misses>
				<total>0</total>
				<timestamp>73.674359</timestamp>
			</report>
			<report>
				<misses>8500001</misses>
				<total>0</total>
				<timestamp>74.542506</timestamp>
			</report>
			<report>
				<misses>8600001</misses>
				<total>0</total>
				<timestamp>75.409569</timestamp>
			</report>
			<report>
				<misses>8700001</misses>
				<total>0</total>
				<timestamp>76.287989</timestamp>
			</report>
			<report>
				<misses>8800001</misses>
				<total>0</total>
				<timestamp>77.152858</timestamp>
			</report>
			<report>
				<misses>8900001</misses>
				<total>0</total>
				<timestamp>78.029101</timestamp>
			</report>
			<report>
				<misses>9000001</misses>
				<total>0</total>
				<timestamp>78.896098</timestamp>
			</report>
			<report>
				<misses>9100001</misses>
				<total>0</total>
				<timestamp>79.765244</timestamp>
			</report>
			<report>
				<misses>9200001</misses>
				<total>0</total>
				<timestamp>80.638255</timestamp>
			</report>
			<report>
				<misses>9300001</misses>
				<total>0</total>
				<timestamp>81.507885</timestamp>
			</report>
			<report>
				<misses>9400001</misses>
				<total>0</total>
				<timestamp>82.374580</timestamp>
			</report>
			<report>
				<misses>9500001</misses>
				<total>0</total>
				<timestamp>83.252212</timestamp>
			</report>
			<report>
				<misses>9600001</misses>
				<total>0</total>
				<timestamp>84.118562</timestamp>
			</report>
			<report>
				<misses>9700001</misses>
				<total>0</total>
				<timestamp>84.974507</timestamp>
			</report>
			<report>
				<misses>9800001</misses>
				<total>0</total>
				<timestamp>85.840932</timestamp>
			</report>
			<report>
				<misses>9900001</misses>
				<total>0</total>
				<timestamp>86.706411</timestamp>
			</report>
			<report>
				<misses>10000001</misses>
				<total>0</total>
				<timestamp>87.577801</timestamp>
			</report>
			<report>
				<misses>10100001</misses>
				<total>0</total>
				<timestamp>88.455033</timestamp>
			</report>
			<report>
				<misses>10200001</misses>
				<total>0</total>
				<timestamp>89.326886</timestamp>
			</report>
			<report>
				<misses>10300001</misses>
				<total>0</total>
				<timestamp>90.181469</timestamp>
			</report>
			<report>
				<misses>10400001</misses>
				<total>0</total>
				<timestamp>91.054738</timestamp>
			</report>
			<report>
				<misses>10500001</misses>
				<total>0</total>
				<timestamp>91.915057</timestamp>
			</report>
			<report>
				<misses>10600001</misses>
				<total>0</total>
				<timestamp>92.787809</timestamp>
			</report>
			<report>
				<misses>10700001</misses>
				<total>0</total>
				<timestamp>93.664997</timestamp>
			</report>
			<report>
				<misses>10800001</misses>
				<total>0</total>
				<timestamp>94.533862</timestamp>
			</report>
			<report>
				<misses>10900001</misses>
				<total>0</total>
				<timestamp>95.398432</timestamp>
			</report>
			<report>
				<misses>11000001</misses>
				<total>0</total>
				<timestamp>96.277313</timestamp>
			</report>
			<report>
				<misses>11100001</misses>
				<total>0</total>
				<timestamp>97.150772</timestamp>
			</report>
			<report>
				<misses>11200001</misses>
				<total>0</total>
				<timestamp>98.030058</timestamp>
			</report>
			<report>
				<misses>11300001</misses>
				<total>0</total>
				<timestamp>98.906438</timestamp>
			</report>
			<report>
				<misses>11400001</misses>
				<total>0</total>
				<timestamp>99.784367</timestamp>
			</report>
			<report>
				<misses>11500001</misses>
				<total>0</total>
				<timestamp>100.662369</timestamp>
			</report>
			<report>
				<misses>11600001</misses>
				<total>0</total>
				<timestamp>101.529983</timestamp>
			</report>
			<report>
				<misses>11700001</misses>
				<total>0</total>
				<timestamp>102.397121</timestamp>
			</report>
			<report>
				<misses>11800001</misses>
				<total>0</total>
				<timestamp>103.253589</timestamp>
			</report>
			<report>
				<misses>11900001</misses>
				<total>0</total>
				<timestamp>104.127864</timestamp>
			</report>
			<report>
				<misses>12000001</misses>
				<total>0</total>
				<timestamp>105.006243</timestamp>
			</report>
			<report>
				<misses>12100001</misses>
				<total>0</total>
				<timestamp>105.869907</timestamp>
			</report>
			<report>
				<misses>12200001</misses>
				<total>0</total>
				<timestamp>106.741747</timestamp>
			</report>
			<report>
				<misses>12300001</misses>
				<total>0</total>
				<timestamp>107.592105</timestamp>
			</report>
			<report>
				<misses>12400001</misses>
				<total>0</total>
				<timestamp>108.466538</timestamp>
			</report>
			<report>
				<misses>12500001</misses>
				<total>0</total>
				<timestamp>109.340406</timestamp>
			</report>
			<report>
				<misses>12600001</misses>
				<total>0</total>
				<timestamp>110.201264</timestamp>
			</report>
			<report>
				<misses>12700001</misses>
				<total>0</total>
				<timestamp>111.070777</timestamp>
			</report>
			<report>
				<misses>12800001</misses>
				<total>0</total>
				<timestamp>111.939638</timestamp>
			</report>
			<report>
				<misses>12900001</misses>
				<total>0</total>
				<timestamp>112.814886</timestamp>
			</report>
			<report>
				<misses>13000001</misses>
				<total>0</total>
				<timestamp>113.670080</timestamp>
			</report>
			<report>
				<misses>13100001</misses>
				<total>0</total>
				<timestamp>114.516914</timestamp>
			</report>
			<report>
				<misses>13200001</misses>
				<total>0</total>
				<timestamp>115.358982</timestamp>
			</report>
			<report>
				<misses>13300001</misses>
				<total>0</total>
				<timestamp>116.227244</timestamp>
			</report>
			<report>
				<misses>13400001</misses>
				<total>0</total>
				<timestamp>117.113598</timestamp>
			</report>
			<report>
				<misses>13500001</misses>
				<total>0</total>
				<timestamp>117.983343</timestamp>
			</report>
			<report>
				<misses>13600001</misses>
				<total>0</total>
				<timestamp>118.860296</timestamp>
			</report>
			<report>
				<misses>13700001</misses>
				<total>0</total>
				<timestamp>119.741902</timestamp>
			</report>
			<report>
				<misses>13800001</misses>
				<total>0</total>
				<timestamp>120.620022</timestamp>
			</report>
			<report>
				<misses>13900001</misses>
				<total>0</total>
				<timestamp>121.486156</timestamp>
			</report>
			<report>
				<misses>14000001</misses>
				<total>0</total>
				<timestamp>122.356864</timestamp>
			</report>
			<report>
				<misses>14100001</misses>
				<total>0</total>
				<timestamp>123.221430</timestamp>
			</report>
			<report>
				<misses>14200001</misses>
				<total>0</total>
				<timestamp>124.086675</timestamp>
			</report>
			<report>
				<misses>14300001</misses>
				<total>0</total>
				<timestamp>124.957014</timestamp>
			</report>
			<report>
				<misses>14400001</misses>
				<total>0</total>
				<timestamp>125.821163</timestamp>
			</report>
			<report>
				<misses>14500001</misses>
				<total>0</total>
				<timestamp>126.701159</timestamp>
			</report>
			<report>
				<misses>14600001</misses>
				<total>0</total>
				<timestamp>127.569938</timestamp>
			</report>
			<report>
				<misses>14700001</misses>
				<total>0</total>
				<timestamp>128.433774</timestamp>
			</report>
			<report>
				<misses>14800001</misses>
				<total>0</total>
				<timestamp>129.307560</timestamp>
			</report>
			<report>
				<misses>14900001</misses>
				<total>0</total>
				<timestamp>130.170703</timestamp>
			</report>
			<report>
				<misses>15000001</misses>
				<total>0</total>
				<timestamp>131.033253</timestamp>
			</report>
			<report>
				<misses>15100001</misses>
				<total>0</total>
				<timestamp>131.897863</timestamp>
			</report>
			<report>
				<misses>15200001</misses>
				<total>0</total>
				<timestamp>132.768885</timestamp>
			</report>
			<report>
				<misses>15300001</misses>
				<total>0</total>
				<timestamp>133.631891</timestamp>
			</report>
			<report>
				<misses>15400001</misses>
				<total>0</total>
				<timestamp>134.497002</timestamp>
			</report>
			<report>
				<misses>15500001</misses>
				<total>0</total>
				<timestamp>135.365203</timestamp>
			</report>
			<report>
				<misses>15600001</misses>
				<total>0</total>
				<timestamp>136.240347</timestamp>
			</report>
			<report>
				<misses>15700001</misses>
				<total>0</total>
				<timestamp>137.124341</timestamp>
			</report>
			<report>
				<misses>15800001</misses>
				<total>0</total>
				<timestamp>138.005583</timestamp>
			</report>
			<report>
				<misses>15900001</misses>
				<total>0</total>
				<timestamp>138.884825</timestamp>
			</report>
			<report>
				<misses>16000001</misses>
				<total>0</total>
				<timestamp>139.766675</timestamp>
			</report>
			<report>
				<misses>16100001</misses>
				<total>0</total>
				<timestamp>140.652287</timestamp>
			</report>
			<report>
				<misses>16200001</misses>
				<total>0</total>
				<timestamp>141.525652</timestamp>
			</report>
			<report>
				<misses>16300001</misses>
				<total>0</total>
				<timestamp>142.394634</timestamp>
			</report>
			<report>
				<misses>16400001</misses>
				<total>0</total>
				<timestamp>143.259210</timestamp>
			</report>
			<report>
				<misses>16500001</misses>
				<total>0</total>
				<timestamp>144.133105</timestamp>
			</report>
			<report>
				<misses>16600001</misses>
				<total>0</total>
				<timestamp>145.005638</timestamp>
			</report>
			<report>
				<misses>16700001</misses>
				<total>0</total>
				<timestamp>145.863720</timestamp>
			</report>
			<report>
				<misses>16800001</misses>
				<total>0</total>
				<timestamp>146.734003</timestamp>
			</report>
			<report>
				<misses>16900001</misses>
				<total>0</total>
				<timestamp>147.591069</timestamp>
			</report>
			<report>
				<misses>17000001</misses>
				<total>0</total>
				<timestamp>148.448212</timestamp>
			</report>
			<report>
				<misses>17100001</misses>
				<total>0</total>
				<timestamp>149.327328</timestamp>
			</report>
			<report>
				<misses>17200001</misses>
				<total>0</total>
				<timestamp>150.179060</timestamp>
			</report>
			<report>
				<misses>17300001</misses>
				<total>0</total>
				<timestamp>151.062191</timestamp>
			</report>
			<report>
				<misses>17400001</misses>
				<total>0</total>
				<timestamp>151.938836</timestamp>
			</report>
			<report>
				<misses>17500001</misses>
				<total>0</total>
				<timestamp>152.793435</timestamp>
			</report>
			<report>
				<misses>17600001</misses>
				<total>0</total>
				<timestamp>153.660922</timestamp>
			</report>
			<report>
				<misses>17700001</misses>
				<total>0</total>
				<timestamp>154.533636</timestamp>
			</report>
			<report>
				<misses>17800001</misses>
				<total>0</total>
				<timestamp>155.393766</timestamp>
			</report>
			<report>
				<misses>17900001</misses>
				<total>0</total>
				<timestamp>156.272299</timestamp>
			</report>
			<report>
				<misses>18000001</misses>
				<total>0</total>
				<timestamp>157.144571</timestamp>
			</report>
			<report>
				<misses>18100001</misses>
				<total>0</total>
				<timestamp>158.032706</timestamp>
			</report>
			<report>
				<misses>18200001</misses>
				<total>0</total>
				<timestamp>158.913068</timestamp>
			</report>
			<report>
				<misses>18300001</misses>
				<total>0</total>
				<timestamp>159.784967</timestamp>
			</report>
			<report>
				<misses>18400001</misses>
				<total>0</total>
				<timestamp>160.650828</timestamp>
			</report>
			<report>
				<misses>18500001</misses>
				<total>0</total>
				<timestamp>161.516533</timestamp>
			</report>
			<report>
				<misses>18600001</misses>
				<total>0</total>
				<timestamp>162.375071</timestamp>
			</report>
			<report>
				<misses>18700001</misses>
				<total>0</total>
				<timestamp>163.243022</timestamp>
			</report>
			<report>
				<misses>18800001</misses>
				<total>0</total>
				<timestamp>164.104921</timestamp>
			</report>
			<report>
				<misses>18900001</misses>
				<total>0</total>
				<timestamp>164.970603</timestamp>
			</report>
			<report>
				<misses>19000001</misses>
				<total>0</total>
				<timestamp>165.843885</timestamp>
			</report>
			<report>
				<misses>19100001</misses>
				<total>0</total>
				<timestamp>166.718149</timestamp>
			</report>
			<report>
				<misses>19200001</misses>
				<total>0</total>
				<timestamp>167.585264</timestamp>
			</report>
			<report>
				<misses>19300001</misses>
				<total>0</total>
				<timestamp>168.458286</timestamp>
			</report>
			<report>
				<misses>19400001</misses>
				<total>0</total>
				<timestamp>169.328105</timestamp>
			</report>
			<report>
				<misses>19500001</misses>
				<total>0</total>
				<timestamp>170.192577</timestamp>
			</report>
			<report>
				<misses>19600001</misses>
				<total>0</total>
				<timestamp>171.061731</timestamp>
			</report>
			<report>
				<misses>19700001</misses>
				<total>0</total>
				<timestamp>171.938347</timestamp>
			</report>
			<report>
				<misses>19800001</misses>
				<total>0</total>
				<timestamp>172.789063</timestamp>
			</report>
			<report>
				<misses>19900001</misses>
				<total>0</total>
				<timestamp>173.654500</timestamp>
			</report>
			<report>
				<misses>20000001</misses>
				<total>0</total>
				<timestamp>174.519108</timestamp>
			</report>
			<report>
				<misses>20100001</misses>
				<total>0</total>
				<timestamp>175.385422</timestamp>
			</report>
			<report>
				<misses>20200001</misses>
				<total>0</total>
				<timestamp>176.249762</timestamp>
			</report>
			<report>
				<misses>20300001</misses>
				<total>0</total>
				<timestamp>177.112747</timestamp>
			</report>
			<report>
				<misses>20400001</misses>
				<total>0</total>
				<timestamp>177.989884</timestamp>
			</report>
			<report>
				<misses>20500001</misses>
				<total>0</total>
				<timestamp>178.861406</timestamp>
			</report>
			<report>
				<misses>20600001</misses>
				<total>0</total>
				<timestamp>179.744689</timestamp>
			</report>
			<report>
				<misses>20700001</misses>
				<total>0</total>
				<timestamp>180.618696</timestamp>
			</report>
			<report>
				<misses>20800001</misses>
				<total>0</total>
				<timestamp>181.494744</timestamp>
			</report>
			<report>
				<misses>20900001</misses>
				<total>0</total>
				<timestamp>182.378963</timestamp>
			</report>
			<report>
				<misses>21000001</misses>
				<total>0</total>
				<timestamp>183.247678</timestamp>
			</report>
			<report>
				<misses>21100001</misses>
				<total>0</total>
				<timestamp>184.118668</timestamp>
			</report>
			<report>
				<misses>21200001</misses>
				<total>0</total>
				<timestamp>184.983409</timestamp>
			</report>
			<report>
				<misses>21300001</misses>
				<total>0</total>
				<timestamp>185.861721</timestamp>
			</report>
			<report>
				<misses>21400001</misses>
				<total>0</total>
				<timestamp>186.732500</timestamp>
			</report>
			<report>
				<misses>21500001</misses>
				<total>0</total>
				<timestamp>187.597715</timestamp>
			</report>
			<report>
				<misses>21600001</misses>
				<total>0</total>
				<timestamp>188.465862</timestamp>
			</report>
			<report>
				<misses>21700001</misses>
				<total>0</total>
				<timestamp>189.324685</timestamp>
			</report>
			<report>
				<misses>21800001</misses>
				<total>0</total>
				<timestamp>190.191371</timestamp>
			</report>
			<report>
				<misses>21900001</misses>
				<total>0</total>
				<timestamp>191.045879</timestamp>
			</report>
			<report>
				<misses>22000001</misses>
				<total>0</total>
				<timestamp>191.907055</timestamp>
			</report>
			<report>
				<misses>22100001</misses>
				<total>0</total>
				<timestamp>192.764534</timestamp>
			</report>
			<report>
				<misses>22200001</misses>
				<total>0</total>
				<timestamp>193.638529</timestamp>
			</report>
			<report>
				<misses>22300001</misses>
				<total>0</total>
				<timestamp>194.506767</timestamp>
			</report>
			<report>
				<misses>22400001</misses>
				<total>0</total>
				<timestamp>195.366005</timestamp>
			</report>
			<report>
				<misses>22500001</misses>
				<total>0</total>
				<timestamp>196.232570</timestamp>
			</report>
			<report>
				<misses>22600001</misses>
				<total>0</total>
				<timestamp>197.109538</timestamp>
			</report>
			<report>
				<misses>22700001</misses>
				<total>0</total>
				<timestamp>197.977544</timestamp>
			</report>
			<report>
				<misses>22800001</misses>
				<total>0</total>
				<timestamp>198.854403</timestamp>
			</report>
			<report>
				<misses>22900001</misses>
				<total>0</total>
				<timestamp>199.732204</timestamp>
			</report>
			<report>
				<misses>23000001</misses>
				<total>0</total>
				<timestamp>200.615077</timestamp>
			</report>
			<report>
				<misses>23100001</misses>
				<total>0</total>
				<timestamp>201.488148</timestamp>
			</report>
			<report>
				<misses>23200001</misses>
				<total>0</total>
				<timestamp>202.369056</timestamp>
			</report>
			<report>
				<misses>23300001</misses>
				<total>0</total>
				<timestamp>203.248075</timestamp>
			</report>
			<report>
				<misses>23400001</misses>
				<total>0</total>
				<timestamp>204.117567</timestamp>
			</report>
			<report>
				<misses>23500001</misses>
				<total>0</total>
				<timestamp>205.003023</timestamp>
			</report>
			<report>
				<misses>23600001</misses>
				<total>0</total>
				<timestamp>205.873993</timestamp>
			</report>
			<report>
				<misses>23700001</misses>
				<total>0</total>
				<timestamp>206.738837</timestamp>
			</report>
			<report>
				<misses>23800001</misses>
				<total>0</total>
				<timestamp>207.610869</timestamp>
			</report>
			<report>
				<misses>23900001</misses>
				<total>0</total>
				<timestamp>208.469226</timestamp>
			</report>
			<report>
				<misses>24000001</misses>
				<total>0</total>
				<timestamp>209.337493</timestamp>
			</report>
			<report>
				<misses>24100001</misses>
				<total>0</total>
				<timestamp>210.217584</timestamp>
			</report>
			<report>
				<misses>24200001</misses>
				<total>0</total>
				<timestamp>211.094751</timestamp>
			</report>
			<report>
				<misses>24300001</misses>
				<total>0</total>
				<timestamp>211.970622</timestamp>
			</report>
			<report>
				<misses>24400001</misses>
				<total>0</total>
				<timestamp>212.845672</timestamp>
			</report>
			<report>
				<misses>24500001</misses>
				<total>0</total>
				<timestamp>213.703720</timestamp>
			</report>
			<report>
				<misses>24600001</misses>
				<total>0</total>
				<timestamp>214.575651</timestamp>
			</report>
			<report>
				<misses>24700001</misses>
				<total>0</total>
				<timestamp>215.451500</timestamp>
			</report>
			<report>
				<misses>24800001</misses>
				<total>0</total>
				<timestamp>216.313011</timestamp>
			</report>
			<report>
				<misses>24900001</misses>
				<total>0</total>
				<timestamp>217.179098</timestamp>
			</report>
			<report>
				<misses>25000001</misses>
				<total>0</total>
				<timestamp>218.061393</timestamp>
			</report>
			<report>
				<misses>25100001</misses>
				<total>0</total>
				<timestamp>218.938349</timestamp>
			</report>
			<report>
				<misses>25200001</misses>
				<total>0</total>
				<timestamp>219.820774</timestamp>
			</report>
			<report>
				<misses>25300001</misses>
				<total>0</total>
				<timestamp>220.704428</timestamp>
			</report>
			<report>
				<misses>25400001</misses>
				<total>0</total>
				<timestamp>221.587884</timestamp>
			</report>
			<report>
				<misses>25500001</misses>
				<total>0</total>
				<timestamp>222.464289</timestamp>
			</report>
			<report>
				<misses>25600001</misses>
				<total>0</total>
				<timestamp>223.344258</timestamp>
			</report>
			<report>
				<misses>25700001</misses>
				<total>0</total>
				<timestamp>224.216600</timestamp>
			</report>
			<report>
				<misses>25800001</misses>
				<total>0</total>
				<timestamp>225.076333</timestamp>
			</report>
			<report>
				<misses>25900001</misses>
				<total>0</total>
				<timestamp>225.940498</timestamp>
			</report>
			<report>
				<misses>26000001</misses>
				<total>0</total>
				<timestamp>226.817484</timestamp>
			</report>
			<report>
				<misses>26100001</misses>
				<total>0</total>
				<timestamp>227.686727</timestamp>
			</report>
			<report>
				<misses>26200001</misses>
				<total>0</total>
				<timestamp>228.547487</timestamp>
			</report>
			<report>
				<misses>26300001</misses>
				<total>0</total>
				<timestamp>229.417304</timestamp>
			</report>
			<report>
				<misses>26400001</misses>
				<total>0</total>
				<timestamp>230.290895</timestamp>
			</report>
			<report>
				<misses>26500001</misses>
				<total>0</total>
				<timestamp>231.160747</timestamp>
			</report>
			<report>
				<misses>26600001</misses>
				<total>0</total>
				<timestamp>232.016475</timestamp>
			</report>
			<report>
				<misses>26700001</misses>
				<total>0</total>
				<timestamp>232.874720</timestamp>
			</report>
			<report>
				<misses>26800001</misses>
				<total>0</total>
				<timestamp>233.742786</timestamp>
			</report>
			<report>
				<misses>26900001</misses>
				<total>0</total>
				<timestamp>234.606894</timestamp>
			</report>
			<report>
				<misses>27000001</misses>
				<total>0</total>
				<timestamp>235.473685</timestamp>
			</report>
			<report>
				<misses>27100001</misses>
				<total>0</total>
				<timestamp>236.349103</timestamp>
			</report>
			<report>
				<misses>27200001</misses>
				<total>0</total>
				<timestamp>237.224746</timestamp>
			</report>
			<report>
				<misses>27300001</misses>
				<total>0</total>
				<timestamp>238.098271</timestamp>
			</report>
			<report>
				<misses>27400001</misses>
				<total>0</total>
				<timestamp>238.970712</timestamp>
			</report>
			<report>
				<misses>27500001</misses>
				<total>0</total>
				<timestamp>239.853189</timestamp>
			</report>
			<report>
				<misses>27600001</misses>
				<total>0</total>
				<timestamp>240.735398</timestamp>
			</report>
			<report>
				<misses>27700001</misses>
				<total>0</total>
				<timestamp>241.622933</timestamp>
			</report>
			<report>
				<misses>27800001</misses>
				<total>0</total>
				<timestamp>242.492324</timestamp>
			</report>
			<report>
				<misses>27900001</misses>
				<total>0</total>
				<timestamp>243.370851</timestamp>
			</report>
			<report>
				<misses>28000001</misses>
				<total>0</total>
				<timestamp>244.251411</timestamp>
			</report>
			<report>
				<misses>28100001</misses>
				<total>0</total>
				<timestamp>245.108675</timestamp>
			</report>
			<report>
				<misses>28200001</misses>
				<total>0</total>
				<timestamp>245.982569</timestamp>
			</report>
			<report>
				<misses>28300001</misses>
				<total>0</total>
				<timestamp>246.865636</timestamp>
			</report>
			<report>
				<misses>28400001</misses>
				<total>0</total>
				<timestamp>247.730254</timestamp>
			</report>
			<report>
				<misses>28500001</misses>
				<total>0</total>
				<timestamp>248.595333</timestamp>
			</report>
			<report>
				<misses>28600001</misses>
				<total>0</total>
				<timestamp>249.463568</timestamp>
			</report>
			<report>
				<misses>28700001</misses>
				<total>0</total>
				<timestamp>250.330470</timestamp>
			</report>
			<report>
				<misses>28800001</misses>
				<total>0</total>
				<timestamp>251.208273</timestamp>
			</report>
			<report>
				<misses>28900001</misses>
				<total>0</total>
				<timestamp>252.077804</timestamp>
			</report>
			<report>
				<misses>29000001</misses>
				<total>0</total>
				<timestamp>252.949119</timestamp>
			</report>
			<report>
				<misses>29100001</misses>
				<total>0</total>
				<timestamp>253.813753</timestamp>
			</report>
			<report>
				<misses>29200001</misses>
				<total>0</total>
				<timestamp>254.681820</timestamp>
			</report>
			<report>
				<misses>29300001</misses>
				<total>0</total>
				<timestamp>255.560456</timestamp>
			</report>
			<report>
				<misses>29400001</misses>
				<total>0</total>
				<timestamp>256.430177</timestamp>
			</report>
			<report>
				<misses>29500001</misses>
				<total>0</total>
				<timestamp>257.304749</timestamp>
			</report>
			<report>
				<misses>29600001</misses>
				<total>0</total>
				<timestamp>258.176316</timestamp>
			</report>
			<report>
				<misses>29700001</misses>
				<total>0</total>
				<timestamp>259.047348</timestamp>
			</report>
			<report>
				<misses>29800001</misses>
				<total>0</total>
				<timestamp>259.924618</timestamp>
			</report>
			<report>
				<misses>29900001</misses>
				<total>0</total>
				<timestamp>260.800067</timestamp>
			</report>
			<report>
				<misses>30000001</misses>
				<total>0</total>
				<timestamp>261.677420</timestamp>
			</report>
			<report>
				<misses>30100001</misses>
				<total>0</total>
				<timestamp>262.561553</timestamp>
			</report>
			<report>
				<misses>30200001</misses>
				<total>0</total>
				<timestamp>263.443720</timestamp>
			</report>
			<report>
				<misses>30300001</misses>
				<total>0</total>
				<timestamp>264.333414</timestamp>
			</report>
			<report>
				<misses>30400001</misses>
				<total>0</total>
				<timestamp>265.214486</timestamp>
			</report>
			<report>
				<misses>30500001</misses>
				<total>0</total>
				<timestamp>266.088483</timestamp>
			</report>
			<report>
				<misses>30600001</misses>
				<total>0</total>
				<timestamp>266.956412</timestamp>
			</report>
			<report>
				<misses>30700001</misses>
				<total>0</total>
				<timestamp>267.824182</timestamp>
			</report>
			<report>
				<misses>30800001</misses>
				<total>0</total>
				<timestamp>268.682005</timestamp>
			</report>
			<report>
				<misses>30900001</misses>
				<total>0</total>
				<timestamp>269.545861</timestamp>
			</report>
			<report>
				<misses>31000001</misses>
				<total>0</total>
				<timestamp>270.408351</timestamp>
			</report>
			<report>
				<misses>31100001</misses>
				<total>0</total>
				<timestamp>271.273576</timestamp>
			</report>
			<report>
				<misses>31200001</misses>
				<total>0</total>
				<timestamp>272.151775</timestamp>
			</report>
			<report>
				<misses>31300001</misses>
				<total>0</total>
				<timestamp>273.017334</timestamp>
			</report>
			<report>
				<misses>31400001</misses>
				<total>0</total>
				<timestamp>273.877586</timestamp>
			</report>
			<report>
				<misses>31500001</misses>
				<total>0</total>
				<timestamp>274.747123</timestamp>
			</report>
			<report>
				<misses>31600001</misses>
				<total>0</total>
				<timestamp>275.615093</timestamp>
			</report>
			<report>
				<misses>31700001</misses>
				<total>0</total>
				<timestamp>276.480557</timestamp>
			</report>
			<report>
				<misses>31800001</misses>
				<total>0</total>
				<timestamp>277.348290</timestamp>
			</report>
			<report>
				<misses>31900001</misses>
				<total>0</total>
				<timestamp>278.215948</timestamp>
			</report>
			<report>
				<misses>32000001</misses>
				<total>0</total>
				<timestamp>279.096637</timestamp>
			</report>
			<report>
				<misses>32100001</misses>
				<total>0</total>
				<timestamp>279.970973</timestamp>
			</report>
			<report>
				<misses>32200001</misses>
				<total>0</total>
				<timestamp>280.843710</timestamp>
			</report>
			<report>
				<misses>32300001</misses>
				<total>0</total>
				<timestamp>281.718362</timestamp>
			</report>
			<report>
				<misses>32400001</misses>
				<total>0</total>
				<timestamp>282.595937</timestamp>
			</report>
			<report>
				<misses>32500001</misses>
				<total>0</total>
				<timestamp>283.467089</timestamp>
			</report>
			<report>
				<misses>32600001</misses>
				<total>0</total>
				<timestamp>284.339139</timestamp>
			</report>
			<report>
				<misses>32700001</misses>
				<total>0</total>
				<timestamp>285.203273</timestamp>
			</report>
			<report>
				<misses>32800001</misses>
				<total>0</total>
				<timestamp>286.077331</timestamp>
			</report>
			<report>
				<misses>32900001</misses>
				<total>0</total>
				<timestamp>286.952329</timestamp>
			</report>
			<report>
				<misses>33000001</misses>
				<total>0</total>
				<timestamp>287.813069</timestamp>
			</report>
			<report>
				<misses>33100001</misses>
				<total>0</total>
				<timestamp>288.710117</timestamp>
			</report>
			<report>
				<misses>33200001</misses>
				<total>0</total>
				<timestamp>289.592688</timestamp>
			</report>
			<report>
				<misses>33300001</misses>
				<total>0</total>
				<timestamp>290.467814</timestamp>
			</report>
			<report>
				<misses>33400001</misses>
				<total>0</total>
				<timestamp>291.331075</timestamp>
			</report>
			<report>
				<misses>33500001</misses>
				<total>0</total>
				<timestamp>292.198213</timestamp>
			</report>
			<report>
				<misses>33600001</misses>
				<total>0</total>
				<timestamp>293.069095</timestamp>
			</report>
			<report>
				<misses>33700001</misses>
				<total>0</total>
				<timestamp>293.935935</timestamp>
			</report>
			<report>
				<misses>33800001</misses>
				<total>0</total>
				<timestamp>294.805268</timestamp>
			</report>
			<report>
				<misses>33900001</misses>
				<total>0</total>
				<timestamp>295.677615</timestamp>
			</report>
			<report>
				<misses>34000001</misses>
				<total>0</total>
				<timestamp>296.537367</timestamp>
			</report>
			<report>
				<misses>34100001</misses>
				<total>0</total>
				<timestamp>297.409120</timestamp>
			</report>
			<report>
				<misses>34200001</misses>
				<total>0</total>
				<timestamp>298.275777</timestamp>
			</report>
			<report>
				<misses>34300001</misses>
				<total>0</total>
				<timestamp>299.142629</timestamp>
			</report>
			<report>
				<misses>34400001</misses>
				<total>0</total>
				<timestamp>300.018910</timestamp>
			</report>
			<report>
				<misses>34500001</misses>
				<total>0</total>
				<timestamp>300.882830</timestamp>
			</report>
			<report>
				<misses>34600001</misses>
				<total>0</total>
				<timestamp>301.754956</timestamp>
			</report>
			<report>
				<misses>34700001</misses>
				<total>0</total>
				<timestamp>302.627189</timestamp>
			</report>
			<report>
				<misses>34800001</misses>
				<total>0</total>
				<timestamp>303.501308</timestamp>
			</report>
			<report>
				<misses>34900001</misses>
				<total>0</total>
				<timestamp>304.374479</timestamp>
			</report>
			<report>
				<misses>35000001</misses>
				<total>0</total>
				<timestamp>305.255658</timestamp>
			</report>
			<report>
				<misses>35100001</misses>
				<total>0</total>
				<timestamp>306.115375</timestamp>
			</report>
			<report>
				<misses>35200001</misses>
				<total>0</total>
				<timestamp>306.987344</timestamp>
			</report>
			<report>
				<misses>35300001</misses>
				<total>0</total>
				<timestamp>307.855453</timestamp>
			</report>
			<report>
				<misses>35400001</misses>
				<total>0</total>
				<timestamp>308.720007</timestamp>
			</report>
			<report>
				<misses>35500001</misses>
				<total>0</total>
				<timestamp>309.597015</timestamp>
			</report>
			<report>
				<misses>35600001</misses>
				<total>0</total>
				<timestamp>310.468459</timestamp>
			</report>
			<report>
				<misses>35700001</misses>
				<total>0</total>
				<timestamp>311.328706</timestamp>
			</report>
			<report>
				<misses>35800001</misses>
				<total>0</total>
				<timestamp>312.197644</timestamp>
			</report>
			<report>
				<misses>35900001</misses>
				<total>0</total>
				<timestamp>313.072480</timestamp>
			</report>
			<report>
				<misses>36000001</misses>
				<total>0</total>
				<timestamp>313.949418</timestamp>
			</report>
			<report>
				<misses>36100001</misses>
				<total>0</total>
				<timestamp>314.837158</timestamp>
			</report>
			<report>
				<misses>36200001</misses>
				<total>0</total>
				<timestamp>315.715278</timestamp>
			</report>
			<report>
				<misses>36300001</misses>
				<total>0</total>
				<timestamp>316.595644</timestamp>
			</report>
			<report>
				<misses>36400001</misses>
				<total>0</total>
				<timestamp>317.478021</timestamp>
			</report>
			<report>
				<misses>36500001</misses>
				<total>0</total>
				<timestamp>318.355480</timestamp>
			</report>
			<report>
				<misses>36600001</misses>
				<total>0</total>
				<timestamp>319.232531</timestamp>
			</report>
			<report>
				<misses>36700001</misses>
				<total>0</total>
				<timestamp>320.102278</timestamp>
			</report>
			<report>
				<misses>36800001</misses>
				<total>0</total>
				<timestamp>320.976036</timestamp>
			</report>
			<report>
				<misses>36900001</misses>
				<total>0</total>
				<timestamp>321.848750</timestamp>
			</report>
			<report>
				<misses>37000001</misses>
				<total>0</total>
				<timestamp>322.723715</timestamp>
			</report>
			<report>
				<misses>37100001</misses>
				<total>0</total>
				<timestamp>323.591060</timestamp>
			</report>
			<report>
				<misses>37200001</misses>
				<total>0</total>
				<timestamp>324.435275</timestamp>
			</report>
			<report>
				<misses>37300001</misses>
				<total>0</total>
				<timestamp>325.319780</timestamp>
			</report>
			<report>
				<misses>37400001</misses>
				<total>0</total>
				<timestamp>326.187653</timestamp>
			</report>
			<report>
				<misses>37500001</misses>
				<total>0</total>
				<timestamp>327.056236</timestamp>
			</report>
			<report>
				<misses>37600001</misses>
				<total>0</total>
				<timestamp>327.918473</timestamp>
			</report>
			<report>
				<misses>37700001</misses>
				<total>0</total>
				<timestamp>328.794591</timestamp>
			</report>
			<report>
				<misses>37800001</misses>
				<total>0</total>
				<timestamp>329.663421</timestamp>
			</report>
			<report>
				<misses>37900001</misses>
				<total>0</total>
				<timestamp>330.535340</timestamp>
			</report>
			<report>
				<misses>38000001</misses>
				<total>0</total>
				<timestamp>331.397896</timestamp>
			</report>
			<report>
				<misses>38100001</misses>
				<total>0</total>
				<timestamp>332.272061</timestamp>
			</report>
			<report>
				<misses>38200001</misses>
				<total>0</total>
				<timestamp>333.145785</timestamp>
			</report>
			<report>
				<misses>38300001</misses>
				<total>0</total>
				<timestamp>334.022240</timestamp>
			</report>
			<report>
				<misses>38400001</misses>
				<total>0</total>
				<timestamp>334.896854</timestamp>
			</report>
			<report>
				<misses>38500001</misses>
				<total>0</total>
				<timestamp>335.755659</timestamp>
			</report>
			<report>
				<misses>38600001</misses>
				<total>0</total>
				<timestamp>336.623810</timestamp>
			</report>
			<report>
				<misses>38700001</misses>
				<total>0</total>
				<timestamp>337.497891</timestamp>
			</report>
			<report>
				<misses>38800001</misses>
				<total>0</total>
				<timestamp>338.369594</timestamp>
			</report>
			<report>
				<misses>38900001</misses>
				<total>0</total>
				<timestamp>339.245903</timestamp>
			</report>
			<report>
				<misses>39000001</misses>
				<total>0</total>
				<timestamp>340.131018</timestamp>
			</report>
			<report>
				<misses>39100001</misses>
				<total>0</total>
				<timestamp>341.012204</timestamp>
			</report>
			<report>
				<misses>39200001</misses>
				<total>0</total>
				<timestamp>341.887534</timestamp>
			</report>
			<report>
				<misses>39300001</misses>
				<total>0</total>
				<timestamp>342.755839</timestamp>
			</report>
			<report>
				<misses>39400001</misses>
				<total>0</total>
				<timestamp>343.638972</timestamp>
			</report>
			<report>
				<misses>39500001</misses>
				<total>0</total>
				<timestamp>344.522668</timestamp>
			</report>
			<report>
				<misses>39600001</misses>
				<total>0</total>
				<timestamp>345.398296</timestamp>
			</report>
			<report>
				<misses>39700001</misses>
				<total>0</total>
				<timestamp>346.262560</timestamp>
			</report>
			<report>
				<misses>39800001</misses>
				<total>0</total>
				<timestamp>347.128186</timestamp>
			</report>
			<report>
				<misses>39900001</misses>
				<total>0</total>
				<timestamp>347.991782</timestamp>
			</report>
			<report>
				<misses>40000001</misses>
				<total>0</total>
				<timestamp>348.861457</timestamp>
			</report>
			<report>
				<misses>40100001</misses>
				<total>0</total>
				<timestamp>349.732968</timestamp>
			</report>
			<report>
				<misses>40200001</misses>
				<total>0</total>
				<timestamp>350.602126</timestamp>
			</report>
			<report>
				<misses>40300001</misses>
				<total>0</total>
				<timestamp>351.473958</timestamp>
			</report>
			<report>
				<misses>40400001</misses>
				<total>0</total>
				<timestamp>352.347320</timestamp>
			</report>
			<report>
				<misses>40500001</misses>
				<total>0</total>
				<timestamp>353.223955</timestamp>
			</report>
			<report>
				<misses>40600001</misses>
				<total>0</total>
				<timestamp>354.101397</timestamp>
			</report>
			<report>
				<misses>40700001</misses>
				<total>0</total>
				<timestamp>354.976170</timestamp>
			</report>
			<report>
				<misses>40800001</misses>
				<total>0</total>
				<timestamp>355.832385</timestamp>
			</report>
			<report>
				<misses>40900001</misses>
				<total>0</total>
				<timestamp>356.694642</timestamp>
			</report>
			<report>
				<misses>41000001</misses>
				<total>0</total>
				<timestamp>357.575534</timestamp>
			</report>
			<report>
				<misses>41100001</misses>
				<total>0</total>
				<timestamp>358.444581</timestamp>
			</report>
			<report>
				<misses>41200001</misses>
				<total>0</total>
				<timestamp>359.322274</timestamp>
			</report>
			<report>
				<misses>41300001</misses>
				<total>0</total>
				<timestamp>360.181436</timestamp>
			</report>
			<report>
				<misses>41400001</misses>
				<total>0</total>
				<timestamp>361.043043</timestamp>
			</report>
			<report>
				<misses>41500001</misses>
				<total>0</total>
				<timestamp>361.915774</timestamp>
			</report>
			<report>
				<misses>41600001</misses>
				<total>0</total>
				<timestamp>362.778820</timestamp>
			</report>
			<report>
				<misses>41700001</misses>
				<total>0</total>
				<timestamp>363.645467</timestamp>
			</report>
			<report>
				<misses>41800001</misses>
				<total>0</total>
				<timestamp>364.514546</timestamp>
			</report>
			<report>
				<misses>41900001</misses>
				<total>0</total>
				<timestamp>365.384851</timestamp>
			</report>
			<report>
				<misses>42000001</misses>
				<total>0</total>
				<timestamp>366.265629</timestamp>
			</report>
			<report>
				<misses>42100001</misses>
				<total>0</total>
				<timestamp>367.145466</timestamp>
			</report>
			<report>
				<misses>42200001</misses>
				<total>0</total>
				<timestamp>368.037126</timestamp>
			</report>
			<report>
				<misses>42300001</misses>
				<total>0</total>
				<timestamp>368.910560</timestamp>
			</report>
			<report>
				<misses>42400001</misses>
				<total>0</total>
				<timestamp>369.792386</timestamp>
			</report>
			<report>
				<misses>42500001</misses>
				<total>0</total>
				<timestamp>370.677661</timestamp>
			</report>
			<report>
				<misses>42600001</misses>
				<total>0</total>
				<timestamp>371.541901</timestamp>
			</report>
			<report>
				<misses>42700001</misses>
				<total>0</total>
				<timestamp>372.414226</timestamp>
			</report>
			<report>
				<misses>42800001</misses>
				<total>0</total>
				<timestamp>373.286298</timestamp>
			</report>
			<report>
				<misses>42900001</misses>
				<total>0</total>
				<timestamp>374.156207</timestamp>
			</report>
			<report>
				<misses>43000001</misses>
				<total>0</total>
				<timestamp>375.032471</timestamp>
			</report>
			<report>
				<misses>43100001</misses>
				<total>0</total>
				<timestamp>375.909684</timestamp>
			</report>
			<report>
				<misses>43200001</misses>
				<total>0</total>
				<timestamp>376.789845</timestamp>
			</report>
			<report>
				<misses>43300001</misses>
				<total>0</total>
				<timestamp>377.652769</timestamp>
			</report>
			<report>
				<misses>43400001</misses>
				<total>0</total>
				<timestamp>378.520122</timestamp>
			</report>
			<report>
				<misses>43500001</misses>
				<total>0</total>
				<timestamp>379.393072</timestamp>
			</report>
			<report>
				<misses>43600001</misses>
				<total>0</total>
				<timestamp>380.259179</timestamp>
			</report>
			<report>
				<misses>43700001</misses>
				<total>0</total>
				<timestamp>381.119978</timestamp>
			</report>
			<report>
				<misses>43800001</misses>
				<total>0</total>
				<timestamp>381.988654</timestamp>
			</report>
			<report>
				<misses>43900001</misses>
				<total>0</total>
				<timestamp>382.869386</timestamp>
			</report>
			<report>
				<misses>44000001</misses>
				<total>0</total>
				<timestamp>383.741313</timestamp>
			</report>
			<report>
				<misses>44100001</misses>
				<total>0</total>
				<timestamp>384.604364</timestamp>
			</report>
			<report>
				<misses>44200001</misses>
				<total>0</total>
				<timestamp>385.477785</timestamp>
			</report>
			<report>
				<misses>44300001</misses>
				<total>0</total>
				<timestamp>386.338045</timestamp>
			</report>
			<report>
				<misses>44400001</misses>
				<total>0</total>
				<timestamp>387.202398</timestamp>
			</report>
			<report>
				<misses>44500001</misses>
				<total>0</total>
				<timestamp>388.080876</timestamp>
			</report>
			<report>
				<misses>44600001</misses>
				<total>0</total>
				<timestamp>388.948090</timestamp>
			</report>
			<report>
				<misses>44700001</misses>
				<total>0</total>
				<timestamp>389.823777</timestamp>
			</report>
			<report>
				<misses>44800001</misses>
				<total>0</total>
				<timestamp>390.695528</timestamp>
			</report>
			<report>
				<misses>44900001</misses>
				<total>0</total>
				<timestamp>391.576057</timestamp>
			</report>
			<report>
				<misses>45000001</misses>
				<total>0</total>
				<timestamp>392.450470</timestamp>
			</report>
			<report>
				<misses>45100001</misses>
				<total>0</total>
				<timestamp>393.325266</timestamp>
			</report>
			<report>
				<misses>45200001</misses>
				<total>0</total>
				<timestamp>394.216743</timestamp>
			</report>
			<report>
				<misses>45300001</misses>
				<total>0</total>
				<timestamp>395.086274</timestamp>
			</report>
			<report>
				<misses>45400001</misses>
				<total>0</total>
				<timestamp>395.957618</timestamp>
			</report>
			<report>
				<misses>45500001</misses>
				<total>0</total>
				<timestamp>396.849942</timestamp>
			</report>
			<report>
				<misses>45600001</misses>
				<total>0</total>
				<timestamp>397.729488</timestamp>
			</report>
			<report>
				<misses>45700001</misses>
				<total>0</total>
				<timestamp>398.609129</timestamp>
			</report>
			<report>
				<misses>45800001</misses>
				<total>0</total>
				<timestamp>399.479194</timestamp>
			</report>
			<report>
				<misses>45900001</misses>
				<total>0</total>
				<timestamp>400.350303</timestamp>
			</report>
			<report>
				<misses>46000001</misses>
				<total>0</total>
				<timestamp>401.225130</timestamp>
			</report>
			<report>
				<misses>46100001</misses>
				<total>0</total>
				<timestamp>402.092116</timestamp>
			</report>
			<report>
				<misses>46200001</misses>
				<total>0</total>
				<timestamp>402.967901</timestamp>
			</report>
			<report>
				<misses>46300001</misses>
				<total>0</total>
				<timestamp>403.843997</timestamp>
			</report>
			<report>
				<misses>46400001</misses>
				<total>0</total>
				<timestamp>404.716824</timestamp>
			</report>
			<report>
				<misses>46500001</misses>
				<total>0</total>
				<timestamp>405.589401</timestamp>
			</report>
			<report>
				<misses>46600001</misses>
				<total>0</total>
				<timestamp>406.453141</timestamp>
			</report>
			<report>
				<misses>46700001</misses>
				<total>0</total>
				<timestamp>407.318315</timestamp>
			</report>
			<report>
				<misses>46800001</misses>
				<total>0</total>
				<timestamp>408.190700</timestamp>
			</report>
			<report>
				<misses>46900001</misses>
				<total>0</total>
				<timestamp>409.056675</timestamp>
			</report>
			<report>
				<misses>47000001</misses>
				<total>0</total>
				<timestamp>409.930128</timestamp>
			</report>
			<report>
				<misses>47100001</misses>
				<total>0</total>
				<timestamp>410.796031</timestamp>
			</report>
			<report>
				<misses>47200001</misses>
				<total>0</total>
				<timestamp>411.653251</timestamp>
			</report>
			<report>
				<misses>47300001</misses>
				<total>0</total>
				<timestamp>412.526252</timestamp>
			</report>
			<report>
				<misses>47400001</misses>
				<total>0</total>
				<timestamp>413.394574</timestamp>
			</report>
			<report>
				<misses>47500001</misses>
				<total>0</total>
				<timestamp>414.249495</timestamp>
			</report>
			<report>
				<misses>47600001</misses>
				<total>0</total>
				<timestamp>415.111724</timestamp>
			</report>
			<report>
				<misses>47700001</misses>
				<total>0</total>
				<timestamp>415.974901</timestamp>
			</report>
			<report>
				<misses>47800001</misses>
				<total>0</total>
				<timestamp>416.844198</timestamp>
			</report>
			<report>
				<misses>47900001</misses>
				<total>0</total>
				<timestamp>417.717555</timestamp>
			</report>
			<report>
				<misses>48000001</misses>
				<total>0</total>
				<timestamp>418.587710</timestamp>
			</report>
			<report>
				<misses>48100001</misses>
				<total>0</total>
				<timestamp>419.466366</timestamp>
			</report>
			<report>
				<misses>48200001</misses>
				<total>0</total>
				<timestamp>420.350758</timestamp>
			</report>
			<report>
				<misses>48300001</misses>
				<total>0</total>
				<timestamp>421.222126</timestamp>
			</report>
			<report>
				<misses>48400001</misses>
				<total>0</total>
				<timestamp>422.100365</timestamp>
			</report>
			<report>
				<misses>48500001</misses>
				<total>0</total>
				<timestamp>422.986691</timestamp>
			</report>
			<report>
				<misses>48600001</misses>
				<total>0</total>
				<timestamp>423.864234</timestamp>
			</report>
			<report>
				<misses>48700001</misses>
				<total>0</total>
				<timestamp>424.753317</timestamp>
			</report>
			<report>
				<misses>48800001</misses>
				<total>0</total>
				<timestamp>425.632720</timestamp>
			</report>
			<report>
				<misses>48900001</misses>
				<total>0</total>
				<timestamp>426.505388</timestamp>
			</report>
			<report>
				<misses>49000001</misses>
				<total>0</total>
				<timestamp>427.360608</timestamp>
			</report>
			<report>
				<misses>49100001</misses>
				<total>0</total>
				<timestamp>428.205239</timestamp>
			</report>
			<report>
				<misses>49200001</misses>
				<total>0</total>
				<timestamp>429.078568</timestamp>
			</report>
			<report>
				<misses>49300001</misses>
				<total>0</total>
				<timestamp>429.957416</timestamp>
			</report>
			<report>
				<misses>49400001</misses>
				<total>0</total>
				<timestamp>430.833594</timestamp>
			</report>
			<report>
				<misses>49500001</misses>
				<total>0</total>
				<timestamp>431.699967</timestamp>
			</report>
			<report>
				<misses>49600001</misses>
				<total>0</total>
				<timestamp>432.573465</timestamp>
			</report>
			<report>
				<misses>49700001</misses>
				<total>0</total>
				<timestamp>433.438503</timestamp>
			</report>
			<report>
				<misses>49800001</misses>
				<total>0</total>
				<timestamp>434.312002</timestamp>
			</report>
			<report>
				<misses>49900001</misses>
				<total>0</total>
				<timestamp>435.171686</timestamp>
			</report>
			<report>
				<misses>50000001</misses>
				<total>0</total>
				<timestamp>436.041254</timestamp>
			</report>
			<report>
				<misses>50100001</misses>
				<total>0</total>
				<timestamp>436.911623</timestamp>
			</report>
			<report>
				<misses>50200001</misses>
				<total>0</total>
				<timestamp>437.778656</timestamp>
			</report>
			<report>
				<misses>50300001</misses>
				<total>0</total>
				<timestamp>438.655487</timestamp>
			</report>
			<report>
				<misses>50400001</misses>
				<total>0</total>
				<timestamp>439.521620</timestamp>
			</report>
			<report>
				<misses>50500001</misses>
				<total>0</total>
				<timestamp>440.389803</timestamp>
			</report>
			<report>
				<misses>50600001</misses>
				<total>0</total>
				<timestamp>441.263335</timestamp>
			</report>
			<report>
				<misses>50700001</misses>
				<total>0</total>
				<timestamp>442.128917</timestamp>
			</report>
			<report>
				<misses>50800001</misses>
				<total>0</total>
				<timestamp>443.002046</timestamp>
			</report>
			<report>
				<misses>50900001</misses>
				<total>0</total>
				<timestamp>443.854891</timestamp>
			</report>
			<report>
				<misses>51000001</misses>
				<total>0</total>
				<timestamp>444.731089</timestamp>
			</report>
			<report>
				<misses>51100001</misses>
				<total>0</total>
				<timestamp>445.600022</timestamp>
			</report>
			<report>
				<misses>51200001</misses>
				<total>0</total>
				<timestamp>446.481925</timestamp>
			</report>
			<report>
				<misses>51300001</misses>
				<total>0</total>
				<timestamp>447.356753</timestamp>
			</report>
			<report>
				<misses>51400001</misses>
				<total>0</total>
				<timestamp>448.224056</timestamp>
			</report>
			<report>
				<misses>51500001</misses>
				<total>0</total>
				<timestamp>449.096620</timestamp>
			</report>
			<report>
				<misses>51600001</misses>
				<total>0</total>
				<timestamp>449.979105</timestamp>
			</report>
			<report>
				<misses>51700001</misses>
				<total>0</total>
				<timestamp>450.848671</timestamp>
			</report>
			<report>
				<misses>51800001</misses>
				<total>0</total>
				<timestamp>451.720710</timestamp>
			</report>
			<report>
				<misses>51900001</misses>
				<total>0</total>
				<timestamp>452.591863</timestamp>
			</report>
			<report>
				<misses>52000001</misses>
				<total>0</total>
				<timestamp>453.468452</timestamp>
			</report>
			<report>
				<misses>52100001</misses>
				<total>0</total>
				<timestamp>454.343446</timestamp>
			</report>
			<report>
				<misses>52200001</misses>
				<total>0</total>
				<timestamp>455.213609</timestamp>
			</report>
			<report>
				<misses>52300001</misses>
				<total>0</total>
				<timestamp>456.085206</timestamp>
			</report>
			<report>
				<misses>52400001</misses>
				<total>0</total>
				<timestamp>456.958241</timestamp>
			</report>
			<report>
				<misses>52500001</misses>
				<total>0</total>
				<timestamp>457.828204</timestamp>
			</report>
			<report>
				<misses>52600001</misses>
				<total>0</total>
				<timestamp>458.694776</timestamp>
			</report>
			<report>
				<misses>52700001</misses>
				<total>0</total>
				<timestamp>459.567363</timestamp>
			</report>
			<report>
				<misses>52800001</misses>
				<total>0</total>
				<timestamp>460.434113</timestamp>
			</report>
			<report>
				<misses>52900001</misses>
				<total>0</total>
				<timestamp>461.308653</timestamp>
			</report>
			<report>
				<misses>53000001</misses>
				<total>0</total>
				<timestamp>462.180188</timestamp>
			</report>
			<report>
				<misses>53100001</misses>
				<total>0</total>
				<timestamp>463.031198</timestamp>
			</report>
			<report>
				<misses>53200001</misses>
				<total>0</total>
				<timestamp>463.904625</timestamp>
			</report>
			<report>
				<misses>53300001</misses>
				<total>0</total>
				<timestamp>464.776549</timestamp>
			</report>
			<report>
				<misses>53400001</misses>
				<total>0</total>
				<timestamp>465.651662</timestamp>
			</report>
			<report>
				<misses>53500001</misses>
				<total>0</total>
				<timestamp>466.517450</timestamp>
			</report>
			<report>
				<misses>53600001</misses>
				<total>0</total>
				<timestamp>467.388141</timestamp>
			</report>
			<report>
				<misses>53700001</misses>
				<total>0</total>
				<timestamp>468.262981</timestamp>
			</report>
			<report>
				<misses>53800001</misses>
				<total>0</total>
				<timestamp>469.131102</timestamp>
			</report>
			<report>
				<misses>53900001</misses>
				<total>0</total>
				<timestamp>469.998078</timestamp>
			</report>
			<report>
				<misses>54000001</misses>
				<total>0</total>
				<timestamp>470.863448</timestamp>
			</report>
			<report>
				<misses>54100001</misses>
				<total>0</total>
				<timestamp>471.739795</timestamp>
			</report>
			<report>
				<misses>54200001</misses>
				<total>0</total>
				<timestamp>472.623913</timestamp>
			</report>
			<report>
				<misses>54300001</misses>
				<total>0</total>
				<timestamp>473.506352</timestamp>
			</report>
			<report>
				<misses>54400001</misses>
				<total>0</total>
				<timestamp>474.378080</timestamp>
			</report>
			<report>
				<misses>54500001</misses>
				<total>0</total>
				<timestamp>475.258360</timestamp>
			</report>
			<report>
				<misses>54600001</misses>
				<total>0</total>
				<timestamp>476.142445</timestamp>
			</report>
			<report>
				<misses>54700001</misses>
				<total>0</total>
				<timestamp>477.025873</timestamp>
			</report>
			<report>
				<misses>54800001</misses>
				<total>0</total>
				<timestamp>477.892354</timestamp>
			</report>
			<report>
				<misses>54900001</misses>
				<total>0</total>
				<timestamp>478.748329</timestamp>
			</report>
			<report>
				<misses>55000001</misses>
				<total>0</total>
				<timestamp>479.630971</timestamp>
			</report>
			<report>
				<misses>55100001</misses>
				<total>0</total>
				<timestamp>480.508727</timestamp>
			</report>
			<report>
				<misses>55200001</misses>
				<total>0</total>
				<timestamp>481.387392</timestamp>
			</report>
			<report>
				<misses>55300001</misses>
				<total>0</total>
				<timestamp>482.265283</timestamp>
			</report>
			<report>
				<misses>55400001</misses>
				<total>0</total>
				<timestamp>483.131369</timestamp>
			</report>
			<report>
				<misses>55500001</misses>
				<total>0</total>
				<timestamp>484.001587</timestamp>
			</report>
			<report>
				<misses>55600001</misses>
				<total>0</total>
				<timestamp>484.865512</timestamp>
			</report>
			<report>
				<misses>55700001</misses>
				<total>0</total>
				<timestamp>485.729350</timestamp>
			</report>
			<report>
				<misses>55800001</misses>
				<total>0</total>
				<timestamp>486.603052</timestamp>
			</report>
			<report>
				<misses>55900001</misses>
				<total>0</total>
				<timestamp>487.475804</timestamp>
			</report>
			<report>
				<misses>56000001</misses>
				<total>0</total>
				<timestamp>488.344119</timestamp>
			</report>
			<report>
				<misses>56100001</misses>
				<total>0</total>
				<timestamp>489.202787</timestamp>
			</report>
			<report>
				<misses>56200001</misses>
				<total>0</total>
				<timestamp>490.076862</timestamp>
			</report>
			<report>
				<misses>56300001</misses>
				<total>0</total>
				<timestamp>490.947542</timestamp>
			</report>
			<report>
				<misses>56400001</misses>
				<total>0</total>
				<timestamp>491.818825</timestamp>
			</report>
			<report>
				<misses>56500001</misses>
				<total>0</total>
				<timestamp>492.690733</timestamp>
			</report>
			<report>
				<misses>56600001</misses>
				<total>0</total>
				<timestamp>493.552080</timestamp>
			</report>
			<report>
				<misses>56700001</misses>
				<total>0</total>
				<timestamp>494.430373</timestamp>
			</report>
			<report>
				<misses>56800001</misses>
				<total>0</total>
				<timestamp>495.306692</timestamp>
			</report>
			<report>
				<misses>56900001</misses>
				<total>0</total>
				<timestamp>496.180497</timestamp>
			</report>
			<report>
				<misses>57000001</misses>
				<total>0</total>
				<timestamp>497.052416</timestamp>
			</report>
			<report>
				<misses>57100001</misses>
				<total>0</total>
				<timestamp>497.919198</timestamp>
			</report>
			<report>
				<misses>57200001</misses>
				<total>0</total>
				<timestamp>498.796966</timestamp>
			</report>
			<report>
				<misses>57300001</misses>
				<total>0</total>
				<timestamp>499.668393</timestamp>
			</report>
			<report>
				<misses>57400001</misses>
				<total>0</total>
				<timestamp>500.556341</timestamp>
			</report>
			<report>
				<misses>57500001</misses>
				<total>0</total>
				<timestamp>501.429617</timestamp>
			</report>
			<report>
				<misses>57600001</misses>
				<total>0</total>
				<timestamp>502.315552</timestamp>
			</report>
			<report>
				<misses>57700001</misses>
				<total>0</total>
				<timestamp>503.200449</timestamp>
			</report>
			<report>
				<misses>57800001</misses>
				<total>0</total>
				<timestamp>504.074685</timestamp>
			</report>
			<report>
				<misses>57900001</misses>
				<total>0</total>
				<timestamp>504.947905</timestamp>
			</report>
			<report>
				<misses>58000001</misses>
				<total>0</total>
				<timestamp>505.809113</timestamp>
			</report>
			<report>
				<misses>58100001</misses>
				<total>0</total>
				<timestamp>506.668178</timestamp>
			</report>
			<report>
				<misses>58200001</misses>
				<total>0</total>
				<timestamp>507.535368</timestamp>
			</report>
			<report>
				<misses>58300001</misses>
				<total>0</total>
				<timestamp>508.406652</timestamp>
			</report>
			<report>
				<misses>58400001</misses>
				<total>0</total>
				<timestamp>509.268960</timestamp>
			</report>
			<report>
				<misses>58500001</misses>
				<total>0</total>
				<timestamp>510.148847</timestamp>
			</report>
			<report>
				<misses>58600001</misses>
				<total>0</total>
				<timestamp>511.014108</timestamp>
			</report>
			<report>
				<misses>58700001</misses>
				<total>0</total>
				<timestamp>511.888482</timestamp>
			</report>
			<report>
				<misses>58800001</misses>
				<total>0</total>
				<timestamp>512.750574</timestamp>
			</report>
			<report>
				<misses>58900001</misses>
				<total>0</total>
				<timestamp>513.611609</timestamp>
			</report>
			<report>
				<misses>59000001</misses>
				<total>0</total>
				<timestamp>514.482167</timestamp>
			</report>
			<report>
				<misses>59100001</misses>
				<total>0</total>
				<timestamp>515.353945</timestamp>
			</report>
			<report>
				<misses>59200001</misses>
				<total>0</total>
				<timestamp>516.240509</timestamp>
			</report>
			<report>
				<misses>59300001</misses>
				<total>0</total>
				<timestamp>517.116548</timestamp>
			</report>
			<report>
				<misses>59400001</misses>
				<total>0</total>
				<timestamp>517.988705</timestamp>
			</report>
			<report>
				<misses>59500001</misses>
				<total>0</total>
				<timestamp>518.852199</timestamp>
			</report>
			<report>
				<misses>59600001</misses>
				<total>0</total>
				<timestamp>519.729591</timestamp>
			</report>
			<report>
				<misses>59700001</misses>
				<total>0</total>
				<timestamp>520.582240</timestamp>
			</report>
			<report>
				<misses>59800001</misses>
				<total>0</total>
				<timestamp>521.453497</timestamp>
			</report>
			<report>
				<misses>59900001</misses>
				<total>0</total>
				<timestamp>522.303595</timestamp>
			</report>
			<report>
				<misses>60000001</misses>
				<total>0</total>
				<timestamp>523.174747</timestamp>
			</report>
			<report>
				<misses>60100001</misses>
				<total>0</total>
				<timestamp>524.050646</timestamp>
			</report>
			<report>
				<misses>60200001</misses>
				<total>0</total>
				<timestamp>524.926107</timestamp>
			</report>
			<report>
				<misses>60300001</misses>
				<total>0</total>
				<timestamp>525.795833</timestamp>
			</report>
			<report>
				<misses>60400001</misses>
				<total>0</total>
				<timestamp>526.683936</timestamp>
			</report>
			<report>
				<misses>60500001</misses>
				<total>0</total>
				<timestamp>527.569454</timestamp>
			</report>
			<report>
				<misses>60600001</misses>
				<total>0</total>
				<timestamp>528.447998</timestamp>
			</report>
			<report>
				<misses>60700001</misses>
				<total>0</total>
				<timestamp>529.326121</timestamp>
			</report>
			<report>
				<misses>60800001</misses>
				<total>0</total>
				<timestamp>530.215189</timestamp>
			</report>
			<report>
				<misses>60900001</misses>
				<total>0</total>
				<timestamp>531.096781</timestamp>
			</report>
			<report>
				<misses>61000001</misses>
				<total>0</total>
				<timestamp>531.971501</timestamp>
			</report>
			<report>
				<misses>61100001</misses>
				<total>0</total>
				<timestamp>532.839191</timestamp>
			</report>
			<report>
				<misses>61200001</misses>
				<total>0</total>
				<timestamp>533.716722</timestamp>
			</report>
			<report>
				<misses>61300001</misses>
				<total>0</total>
				<timestamp>534.594678</timestamp>
			</report>
			<report>
				<misses>61400001</misses>
				<total>0</total>
				<timestamp>535.469578</timestamp>
			</report>
			<report>
				<misses>61500001</misses>
				<total>0</total>
				<timestamp>536.341261</timestamp>
			</report>
			<report>
				<misses>61600001</misses>
				<total>0</total>
				<timestamp>537.206749</timestamp>
			</report>
			<report>
				<misses>61700001</misses>
				<total>0</total>
				<timestamp>538.080012</timestamp>
			</report>
			<report>
				<misses>61800001</misses>
				<total>0</total>
				<timestamp>538.950712</timestamp>
			</report>
			<report>
				<misses>61900001</misses>
				<total>0</total>
				<timestamp>539.815786</timestamp>
			</report>
			<report>
				<misses>62000001</misses>
				<total>0</total>
				<timestamp>540.695664</timestamp>
			</report>
			<report>
				<misses>62100001</misses>
				<total>0</total>
				<timestamp>541.572732</timestamp>
			</report>
			<report>
				<misses>62200001</misses>
				<total>0</total>
				<timestamp>542.458073</timestamp>
			</report>
			<report>
				<misses>62300001</misses>
				<total>0</total>
				<timestamp>543.331430</timestamp>
			</report>
			<report>
				<misses>62400001</misses>
				<total>0</total>
				<timestamp>544.209414</timestamp>
			</report>
			<report>
				<misses>62500001</misses>
				<total>0</total>
				<timestamp>545.074430</timestamp>
			</report>
			<report>
				<misses>62600001</misses>
				<total>0</total>
				<timestamp>545.942865</timestamp>
			</report>
			<report>
				<misses>62700001</misses>
				<total>0</total>
				<timestamp>546.812519</timestamp>
			</report>
			<report>
				<misses>62800001</misses>
				<total>0</total>
				<timestamp>547.673070</timestamp>
			</report>
			<report>
				<misses>62900001</misses>
				<total>0</total>
				<timestamp>548.546879</timestamp>
			</report>
			<report>
				<misses>63000001</misses>
				<total>0</total>
				<timestamp>549.413140</timestamp>
			</report>
			<report>
				<misses>63100001</misses>
				<total>0</total>
				<timestamp>550.270491</timestamp>
			</report>
			<report>
				<misses>63200001</misses>
				<total>0</total>
				<timestamp>551.133503</timestamp>
			</report>
			<report>
				<misses>63300001</misses>
				<total>0</total>
				<timestamp>552.009679</timestamp>
			</report>
			<report>
				<misses>63400001</misses>
				<total>0</total>
				<timestamp>552.881190</timestamp>
			</report>
			<report>
				<misses>63500001</misses>
				<total>0</total>
				<timestamp>553.764078</timestamp>
			</report>
			<report>
				<misses>63600001</misses>
				<total>0</total>
				<timestamp>554.641895</timestamp>
			</report>
			<report>
				<misses>63700001</misses>
				<total>0</total>
				<timestamp>555.521099</timestamp>
			</report>
			<report>
				<misses>63800001</misses>
				<total>0</total>
				<timestamp>556.397246</timestamp>
			</report>
			<report>
				<misses>63900001</misses>
				<total>0</total>
				<timestamp>557.271491</timestamp>
			</report>
			<report>
				<misses>64000001</misses>
				<total>0</total>
				<timestamp>558.147898</timestamp>
			</report>
			<report>
				<misses>64100001</misses>
				<total>0</total>
				<timestamp>559.012974</timestamp>
			</report>
			<report>
				<misses>64200001</misses>
				<total>0</total>
				<timestamp>559.888665</timestamp>
			</report>
			<report>
				<misses>64300001</misses>
				<total>0</total>
				<timestamp>560.761571</timestamp>
			</report>
			<report>
				<misses>64400001</misses>
				<total>0</total>
				<timestamp>561.629620</timestamp>
			</report>
			<report>
				<misses>64500001</misses>
				<total>0</total>
				<timestamp>562.500531</timestamp>
			</report>
			<report>
				<misses>64600001</misses>
				<total>0</total>
				<timestamp>563.362370</timestamp>
			</report>
			<report>
				<misses>64700001</misses>
				<total>0</total>
				<timestamp>564.219129</timestamp>
			</report>
			<report>
				<misses>64800001</misses>
				<total>0</total>
				<timestamp>565.085788</timestamp>
			</report>
			<report>
				<misses>64900001</misses>
				<total>0</total>
				<timestamp>565.952924</timestamp>
			</report>
			<report>
				<misses>65000001</misses>
				<total>0</total>
				<timestamp>566.822997</timestamp>
			</report>
			<report>
				<misses>65100001</misses>
				<total>0</total>
				<timestamp>567.701754</timestamp>
			</report>
			<report>
				<misses>65200001</misses>
				<total>0</total>
				<timestamp>568.567690</timestamp>
			</report>
			<report>
				<misses>65300001</misses>
				<total>0</total>
				<timestamp>569.438104</timestamp>
			</report>
			<report>
				<misses>65400001</misses>
				<total>0</total>
				<timestamp>570.304645</timestamp>
			</report>
			<report>
				<misses>65500001</misses>
				<total>0</total>
				<timestamp>571.181946</timestamp>
			</report>
			<report>
				<misses>65600001</misses>
				<total>0</total>
				<timestamp>572.047158</timestamp>
			</report>
			<report>
				<misses>65700001</misses>
				<total>0</total>
				<timestamp>572.912475</timestamp>
			</report>
			<report>
				<misses>65800001</misses>
				<total>0</total>
				<timestamp>573.785485</timestamp>
			</report>
			<report>
				<misses>65900001</misses>
				<total>0</total>
				<timestamp>574.645425</timestamp>
			</report>
			<report>
				<misses>66000001</misses>
				<total>0</total>
				<timestamp>575.517143</timestamp>
			</report>
			<report>
				<misses>66100001</misses>
				<total>0</total>
				<timestamp>576.385441</timestamp>
			</report>
			<report>
				<misses>66200001</misses>
				<total>0</total>
				<timestamp>577.264747</timestamp>
			</report>
			<report>
				<misses>66300001</misses>
				<total>0</total>
				<timestamp>578.140207</timestamp>
			</report>
			<report>
				<misses>66400001</misses>
				<total>0</total>
				<timestamp>579.019555</timestamp>
			</report>
			<report>
				<misses>66500001</misses>
				<total>0</total>
				<timestamp>579.899535</timestamp>
			</report>
			<report>
				<misses>66600001</misses>
				<total>0</total>
				<timestamp>580.769549</timestamp>
			</report>
			<report>
				<misses>66700001</misses>
				<total>0</total>
				<timestamp>581.630027</timestamp>
			</report>
			<report>
				<misses>66800001</misses>
				<total>0</total>
				<timestamp>582.499313</timestamp>
			</report>
			<report>
				<misses>66900001</misses>
				<total>0</total>
				<timestamp>583.383392</timestamp>
			</report>
			<report>
				<misses>67000001</misses>
				<total>0</total>
				<timestamp>584.258549</timestamp>
			</report>
			<report>
				<misses>67100001</misses>
				<total>0</total>
				<timestamp>585.142035</timestamp>
			</report>
			<report>
				<misses>67200001</misses>
				<total>0</total>
				<timestamp>586.018878</timestamp>
			</report>
			<report>
				<misses>67300001</misses>
				<total>0</total>
				<timestamp>586.906434</timestamp>
			</report>
			<report>
				<misses>67400001</misses>
				<total>0</total>
				<timestamp>587.791322</timestamp>
			</report>
			<report>
				<misses>67500001</misses>
				<total>0</total>
				<timestamp>588.658408</timestamp>
			</report>
			<report>
				<misses>67600001</misses>
				<total>0</total>
				<timestamp>589.526186</timestamp>
			</report>
			<report>
				<misses>67700001</misses>
				<total>0</total>
				<timestamp>590.403431</timestamp>
			</report>
			<report>
				<misses>67800001</misses>
				<total>0</total>
				<timestamp>591.271027</timestamp>
			</report>
			<report>
				<misses>67900001</misses>
				<total>0</total>
				<timestamp>592.136758</timestamp>
			</report>
			<report>
				<misses>68000001</misses>
				<total>0</total>
				<timestamp>593.006845</timestamp>
			</report>
			<report>
				<misses>68100001</misses>
				<total>0</total>
				<timestamp>593.875041</timestamp>
			</report>
			<report>
				<misses>68200001</misses>
				<total>0</total>
				<timestamp>594.741401</timestamp>
			</report>
			<report>
				<misses>68300001</misses>
				<total>0</total>
				<timestamp>595.614807</timestamp>
			</report>
			<report>
				<misses>68400001</misses>
				<total>0</total>
				<timestamp>596.485115</timestamp>
			</report>
			<report>
				<misses>68500001</misses>
				<total>0</total>
				<timestamp>597.353749</timestamp>
			</report>
			<report>
				<misses>68600001</misses>
				<total>0</total>
				<timestamp>598.222376</timestamp>
			</report>
			<report>
				<misses>68700001</misses>
				<total>0</total>
				<timestamp>599.097713</timestamp>
			</report>
			<report>
				<misses>68800001</misses>
				<total>0</total>
				<timestamp>599.955547</timestamp>
			</report>
			<report>
				<misses>68900001</misses>
				<total>0</total>
				<timestamp>600.822343</timestamp>
			</report>
			<report>
				<misses>69000001</misses>
				<total>0</total>
				<timestamp>601.693409</timestamp>
			</report>
			<report>
				<misses>69100001</misses>
				<total>0</total>
				<timestamp>602.568335</timestamp>
			</report>
			<report>
				<misses>69200001</misses>
				<total>0</total>
				<timestamp>603.442893</timestamp>
			</report>
			<report>
				<misses>69300001</misses>
				<total>0</total>
				<timestamp>604.300537</timestamp>
			</report>
			<report>
				<misses>69400001</misses>
				<total>0</total>
				<timestamp>605.169559</timestamp>
			</report>
			<report>
				<misses>69500001</misses>
				<total>0</total>
				<timestamp>606.041193</timestamp>
			</report>
			<report>
				<misses>69600001</misses>
				<total>0</total>
				<timestamp>606.909642</timestamp>
			</report>
			<report>
				<misses>69700001</misses>
				<total>0</total>
				<timestamp>607.782009</timestamp>
			</report>
			<report>
				<misses>69800001</misses>
				<total>0</total>
				<timestamp>608.645495</timestamp>
			</report>
			<report>
				<misses>69900001</misses>
				<total>0</total>
				<timestamp>609.504814</timestamp>
			</report>
			<report>
				<misses>70000001</misses>
				<total>0</total>
				<timestamp>610.376257</timestamp>
			</report>
			<report>
				<misses>70100001</misses>
				<total>0</total>
				<timestamp>611.238770</timestamp>
			</report>
			<report>
				<misses>70200001</misses>
				<total>0</total>
				<timestamp>612.114408</timestamp>
			</report>
			<report>
				<misses>70300001</misses>
				<total>0</total>
				<timestamp>613.001269</timestamp>
			</report>
			<report>
				<misses>70400001</misses>
				<total>0</total>
				<timestamp>613.889483</timestamp>
			</report>
			<report>
				<misses>70500001</misses>
				<total>0</total>
				<timestamp>614.759971</timestamp>
			</report>
			<report>
				<misses>70600001</misses>
				<total>0</total>
				<timestamp>615.625257</timestamp>
			</report>
			<report>
				<misses>70700001</misses>
				<total>0</total>
				<timestamp>616.506989</timestamp>
			</report>
			<report>
				<misses>70800001</misses>
				<total>0</total>
				<timestamp>617.392268</timestamp>
			</report>
			<report>
				<misses>70900001</misses>
				<total>0</total>
				<timestamp>618.276036</timestamp>
			</report>
			<report>
				<misses>71000001</misses>
				<total>0</total>
				<timestamp>619.139181</timestamp>
			</report>
			<report>
				<misses>71100001</misses>
				<total>0</total>
				<timestamp>620.015846</timestamp>
			</report>
			<report>
				<misses>71200001</misses>
				<total>0</total>
				<timestamp>620.882157</timestamp>
			</report>
			<report>
				<misses>71300001</misses>
				<total>0</total>
				<timestamp>621.747632</timestamp>
			</report>
			<report>
				<misses>71400001</misses>
				<total>0</total>
				<timestamp>622.614306</timestamp>
			</report>
			<report>
				<misses>71500001</misses>
				<total>0</total>
				<timestamp>623.475693</timestamp>
			</report>
			<report>
				<misses>71600001</misses>
				<total>0</total>
				<timestamp>624.342508</timestamp>
			</report>
			<report>
				<misses>71700001</misses>
				<total>0</total>
				<timestamp>625.218504</timestamp>
			</report>
			<report>
				<misses>71800001</misses>
				<total>0</total>
				<timestamp>626.089101</timestamp>
			</report>
			<report>
				<misses>71900001</misses>
				<total>0</total>
				<timestamp>626.964514</timestamp>
			</report>
			<report>
				<misses>72000001</misses>
				<total>0</total>
				<timestamp>627.836180</timestamp>
			</report>
			<report>
				<misses>72100001</misses>
				<total>0</total>
				<timestamp>628.707882</timestamp>
			</report>
			<report>
				<misses>72200001</misses>
				<total>0</total>
				<timestamp>629.577882</timestamp>
			</report>
			<report>
				<misses>72300001</misses>
				<total>0</total>
				<timestamp>630.444260</timestamp>
			</report>
			<report>
				<misses>72400001</misses>
				<total>0</total>
				<timestamp>631.308751</timestamp>
			</report>
			<report>
				<misses>72500001</misses>
				<total>0</total>
				<timestamp>632.176155</timestamp>
			</report>
			<report>
				<misses>72600001</misses>
				<total>0</total>
				<timestamp>633.053905</timestamp>
			</report>
			<report>
				<misses>72700001</misses>
				<total>0</total>
				<timestamp>633.918336</timestamp>
			</report>
			<report>
				<misses>72800001</misses>
				<total>0</total>
				<timestamp>634.789499</timestamp>
			</report>
			<report>
				<misses>72900001</misses>
				<total>0</total>
				<timestamp>635.659414</timestamp>
			</report>
			<report>
				<misses>73000001</misses>
				<total>0</total>
				<timestamp>636.530756</timestamp>
			</report>
			<report>
				<misses>73100001</misses>
				<total>0</total>
				<timestamp>637.399084</timestamp>
			</report>
			<report>
				<misses>73200001</misses>
				<total>0</total>
				<timestamp>638.271792</timestamp>
			</report>
			<report>
				<misses>73300001</misses>
				<total>0</total>
				<timestamp>639.134473</timestamp>
			</report>
			<report>
				<misses>73400001</misses>
				<total>0</total>
				<timestamp>640.005070</timestamp>
			</report>
			<report>
				<misses>73500001</misses>
				<total>0</total>
				<timestamp>640.881840</timestamp>
			</report>
			<report>
				<misses>73600001</misses>
				<total>0</total>
				<timestamp>641.749433</timestamp>
			</report>
			<report>
				<misses>73700001</misses>
				<total>0</total>
				<timestamp>642.622153</timestamp>
			</report>
			<report>
				<misses>73800001</misses>
				<total>0</total>
				<timestamp>643.504475</timestamp>
			</report>
			<report>
				<misses>73900001</misses>
				<total>0</total>
				<timestamp>644.390413</timestamp>
			</report>
			<report>
				<misses>74000001</misses>
				<total>0</total>
				<timestamp>645.269715</timestamp>
			</report>
			<report>
				<misses>74100001</misses>
				<total>0</total>
				<timestamp>646.160804</timestamp>
			</report>
			<report>
				<misses>74200001</misses>
				<total>0</total>
				<timestamp>647.034845</timestamp>
			</report>
			<report>
				<misses>74300001</misses>
				<total>0</total>
				<timestamp>647.909458</timestamp>
			</report>
			<report>
				<misses>74400001</misses>
				<total>0</total>
				<timestamp>648.785560</timestamp>
			</report>
			<report>
				<misses>74500001</misses>
				<total>0</total>
				<timestamp>649.653622</timestamp>
			</report>
			<report>
				<misses>74600001</misses>
				<total>0</total>
				<timestamp>650.512481</timestamp>
			</report>
			<report>
				<misses>74700001</misses>
				<total>0</total>
				<timestamp>651.378372</timestamp>
			</report>
			<report>
				<misses>74800001</misses>
				<total>0</total>
				<timestamp>652.259908</timestamp>
			</report>
			<report>
				<misses>74900001</misses>
				<total>0</total>
				<timestamp>653.132300</timestamp>
			</report>
			<report>
				<misses>75000001</misses>
				<total>0</total>
				<timestamp>653.997902</timestamp>
			</report>
			<report>
				<misses>75100001</misses>
				<total>0</total>
				<timestamp>654.872989</timestamp>
			</report>
			<report>
				<misses>75200001</misses>
				<total>0</total>
				<timestamp>655.739849</timestamp>
			</report>
			<report>
				<misses>75300001</misses>
				<total>0</total>
				<timestamp>656.610554</timestamp>
			</report>
			<report>
				<misses>75400001</misses>
				<total>0</total>
				<timestamp>657.478565</timestamp>
			</report>
			<report>
				<misses>75500001</misses>
				<total>0</total>
				<timestamp>658.346299</timestamp>
			</report>
			<report>
				<misses>75600001</misses>
				<total>0</total>
				<timestamp>659.211798</timestamp>
			</report>
			<report>
				<misses>75700001</misses>
				<total>0</total>
				<timestamp>660.084930</timestamp>
			</report>
			<report>
				<misses>75800001</misses>
				<total>0</total>
				<timestamp>660.960110</timestamp>
			</report>
			<report>
				<misses>75900001</misses>
				<total>0</total>
				<timestamp>661.836095</timestamp>
			</report>
			<report>
				<misses>76000001</misses>
				<total>0</total>
				<timestamp>662.714534</timestamp>
			</report>
			<report>
				<misses>76100001</misses>
				<total>0</total>
				<timestamp>663.578942</timestamp>
			</report>
			<report>
				<misses>76200001</misses>
				<total>0</total>
				<timestamp>664.467485</timestamp>
			</report>
			<report>
				<misses>76300001</misses>
				<total>0</total>
				<timestamp>665.331831</timestamp>
			</report>
			<report>
				<misses>76400001</misses>
				<total>0</total>
				<timestamp>666.210750</timestamp>
			</report>
			<report>
				<misses>76500001</misses>
				<total>0</total>
				<timestamp>667.086348</timestamp>
			</report>
			<report>
				<misses>76600001</misses>
				<total>0</total>
				<timestamp>667.961557</timestamp>
			</report>
			<report>
				<misses>76700001</misses>
				<total>0</total>
				<timestamp>668.836363</timestamp>
			</report>
			<report>
				<misses>76800001</misses>
				<total>0</total>
				<timestamp>669.708053</timestamp>
			</report>
			<report>
				<misses>76900001</misses>
				<total>0</total>
				<timestamp>670.568091</timestamp>
			</report>
			<report>
				<misses>77000001</misses>
				<total>0</total>
				<timestamp>671.435947</timestamp>
			</report>
			<report>
				<misses>77100001</misses>
				<total>0</total>
				<timestamp>672.303044</timestamp>
			</report>
			<report>
				<misses>77200001</misses>
				<total>0</total>
				<timestamp>673.179651</timestamp>
			</report>
			<report>
				<misses>77300001</misses>
				<total>0</total>
				<timestamp>674.059088</timestamp>
			</report>
			<report>
				<misses>77400001</misses>
				<total>0</total>
				<timestamp>674.929940</timestamp>
			</report>
			<report>
				<misses>77500001</misses>
				<total>0</total>
				<timestamp>675.801942</timestamp>
			</report>
			<report>
				<misses>77600001</misses>
				<total>0</total>
				<timestamp>676.678301</timestamp>
			</report>
			<report>
				<misses>77700001</misses>
				<total>0</total>
				<timestamp>677.557391</timestamp>
			</report>
			<report>
				<misses>77800001</misses>
				<total>0</total>
				<timestamp>678.424815</timestamp>
			</report>
			<report>
				<misses>77900001</misses>
				<total>0</total>
				<timestamp>679.298781</timestamp>
			</report>
			<report>
				<misses>78000001</misses>
				<total>0</total>
				<timestamp>680.173335</timestamp>
			</report>
			<report>
				<misses>78100001</misses>
				<total>0</total>
				<timestamp>681.033316</timestamp>
			</report>
			<report>
				<misses>78200001</misses>
				<total>0</total>
				<timestamp>681.908411</timestamp>
			</report>
			<report>
				<misses>78300001</misses>
				<total>0</total>
				<timestamp>682.778823</timestamp>
			</report>
			<report>
				<misses>78400001</misses>
				<total>0</total>
				<timestamp>683.642194</timestamp>
			</report>
			<report>
				<misses>78500001</misses>
				<total>0</total>
				<timestamp>684.512117</timestamp>
			</report>
			<report>
				<misses>78600001</misses>
				<total>0</total>
				<timestamp>685.373432</timestamp>
			</report>
			<report>
				<misses>78700001</misses>
				<total>0</total>
				<timestamp>686.236010</timestamp>
			</report>
			<report>
				<misses>78800001</misses>
				<total>0</total>
				<timestamp>687.094332</timestamp>
			</report>
			<report>
				<misses>78900001</misses>
				<total>0</total>
				<timestamp>687.964659</timestamp>
			</report>
			<report>
				<misses>79000001</misses>
				<total>0</total>
				<timestamp>688.835898</timestamp>
			</report>
			<report>
				<misses>79100001</misses>
				<total>0</total>
				<timestamp>689.705098</timestamp>
			</report>
			<report>
				<misses>79200001</misses>
				<total>0</total>
				<timestamp>690.573211</timestamp>
			</report>
			<report>
				<misses>79300001</misses>
				<total>0</total>
				<timestamp>691.435604</timestamp>
			</report>
			<report>
				<misses>79400001</misses>
				<total>0</total>
				<timestamp>692.304171</timestamp>
			</report>
			<report>
				<misses>79500001</misses>
				<total>0</total>
				<timestamp>693.166351</timestamp>
			</report>
			<report>
				<misses>79600001</misses>
				<total>0</total>
				<timestamp>694.030074</timestamp>
			</report>
			<report>
				<misses>79700001</misses>
				<total>0</total>
				<timestamp>694.903570</timestamp>
			</report>
			<report>
				<misses>79800001</misses>
				<total>0</total>
				<timestamp>695.781312</timestamp>
			</report>
			<report>
				<misses>79900001</misses>
				<total>0</total>
				<timestamp>696.648879</timestamp>
			</report>
			<report>
				<misses>80000001</misses>
				<total>0</total>
				<timestamp>697.521477</timestamp>
			</report>
			<report>
				<misses>80100001</misses>
				<total>0</total>
				<timestamp>698.391143</timestamp>
			</report>
			<report>
				<misses>80200001</misses>
				<total>0</total>
				<timestamp>699.253105</timestamp>
			</report>
			<report>
				<misses>80300001</misses>
				<total>0</total>
				<timestamp>700.125998</timestamp>
			</report>
			<report>
				<misses>80400001</misses>
				<total>0</total>
				<timestamp>701.005040</timestamp>
			</report>
			<report>
				<misses>80500001</misses>
				<total>0</total>
				<timestamp>701.868515</timestamp>
			</report>
			<report>
				<misses>80600001</misses>
				<total>0</total>
				<timestamp>702.739622</timestamp>
			</report>
			<report>
				<misses>80700001</misses>
				<total>0</total>
				<timestamp>703.615548</timestamp>
			</report>
			<report>
				<misses>80800001</misses>
				<total>0</total>
				<timestamp>704.496892</timestamp>
			</report>
			<report>
				<misses>80900001</misses>
				<total>0</total>
				<timestamp>705.378637</timestamp>
			</report>
			<report>
				<misses>81000001</misses>
				<total>0</total>
				<timestamp>706.260428</timestamp>
			</report>
			<report>
				<misses>81100001</misses>
				<total>0</total>
				<timestamp>707.147202</timestamp>
			</report>
			<report>
				<misses>81200001</misses>
				<total>0</total>
				<timestamp>708.032187</timestamp>
			</report>
			<report>
				<misses>81300001</misses>
				<total>0</total>
				<timestamp>708.902550</timestamp>
			</report>
			<report>
				<misses>81400001</misses>
				<total>0</total>
				<timestamp>709.775198</timestamp>
			</report>
			<report>
				<misses>81500001</misses>
				<total>0</total>
				<timestamp>710.638764</timestamp>
			</report>
			<report>
				<misses>81600001</misses>
				<total>0</total>
				<timestamp>711.518717</timestamp>
			</report>
			<report>
				<misses>81700001</misses>
				<total>0</total>
				<timestamp>712.382560</timestamp>
			</report>
			<report>
				<misses>81800001</misses>
				<total>0</total>
				<timestamp>713.254068</timestamp>
			</report>
			<report>
				<misses>81900001</misses>
				<total>0</total>
				<timestamp>714.114918</timestamp>
			</report>
			<report>
				<misses>82000001</misses>
				<total>0</total>
				<timestamp>714.978521</timestamp>
			</report>
			<report>
				<misses>82100001</misses>
				<total>0</total>
				<timestamp>715.841501</timestamp>
			</report>
			<report>
				<misses>82200001</misses>
				<total>0</total>
				<timestamp>716.721152</timestamp>
			</report>
			<report>
				<misses>82300001</misses>
				<total>0</total>
				<timestamp>717.591375</timestamp>
			</report>
			<report>
				<misses>82400001</misses>
				<total>0</total>
				<timestamp>718.460918</timestamp>
			</report>
			<report>
				<misses>82500001</misses>
				<total>0</total>
				<timestamp>719.331578</timestamp>
			</report>
			<report>
				<misses>82600001</misses>
				<total>0</total>
				<timestamp>720.180043</timestamp>
			</report>
			<report>
				<misses>82700001</misses>
				<total>0</total>
				<timestamp>721.040954</timestamp>
			</report>
			<report>
				<misses>82800001</misses>
				<total>0</total>
				<timestamp>721.911688</timestamp>
			</report>
			<report>
				<misses>82900001</misses>
				<total>0</total>
				<timestamp>722.784641</timestamp>
			</report>
			<report>
				<misses>83000001</misses>
				<total>0</total>
				<timestamp>723.648742</timestamp>
			</report>
			<report>
				<misses>83100001</misses>
				<total>0</total>
				<timestamp>724.524328</timestamp>
			</report>
			<report>
				<misses>83200001</misses>
				<total>0</total>
				<timestamp>725.392571</timestamp>
			</report>
			<report>
				<misses>83300001</misses>
				<total>0</total>
				<timestamp>726.267901</timestamp>
			</report>
			<report>
				<misses>83400001</misses>
				<total>0</total>
				<timestamp>727.139882</timestamp>
			</report>
			<report>
				<misses>83500001</misses>
				<total>0</total>
				<timestamp>728.026633</timestamp>
			</report>
			<report>
				<misses>83600001</misses>
				<total>0</total>
				<timestamp>728.890311</timestamp>
			</report>
			<report>
				<misses>83700001</misses>
				<total>0</total>
				<timestamp>729.768871</timestamp>
			</report>
			<report>
				<misses>83800001</misses>
				<total>0</total>
				<timestamp>730.643369</timestamp>
			</report>
			<report>
				<misses>83900001</misses>
				<total>0</total>
				<timestamp>731.513173</timestamp>
			</report>
			<report>
				<misses>84000001</misses>
				<total>0</total>
				<timestamp>732.380773</timestamp>
			</report>
			<report>
				<misses>84100001</misses>
				<total>0</total>
				<timestamp>733.241075</timestamp>
			</report>
			<report>
				<misses>84200001</misses>
				<total>0</total>
				<timestamp>734.107194</timestamp>
			</report>
			<report>
				<misses>84300001</misses>
				<total>0</total>
				<timestamp>734.990849</timestamp>
			</report>
			<report>
				<misses>84400001</misses>
				<total>0</total>
				<timestamp>735.876573</timestamp>
			</report>
			<report>
				<misses>84500001</misses>
				<total>0</total>
				<timestamp>736.758898</timestamp>
			</report>
			<report>
				<misses>84600001</misses>
				<total>0</total>
				<timestamp>737.640761</timestamp>
			</report>
			<report>
				<misses>84700001</misses>
				<total>0</total>
				<timestamp>738.530194</timestamp>
			</report>
			<report>
				<misses>84800001</misses>
				<total>0</total>
				<timestamp>739.396661</timestamp>
			</report>
			<report>
				<misses>84900001</misses>
				<total>0</total>
				<timestamp>740.266799</timestamp>
			</report>
			<report>
				<misses>85000001</misses>
				<total>0</total>
				<timestamp>741.133126</timestamp>
			</report>
			<report>
				<misses>85100001</misses>
				<total>0</total>
				<timestamp>742.015190</timestamp>
			</report>
			<report>
				<misses>85200001</misses>
				<total>0</total>
				<timestamp>742.883898</timestamp>
			</report>
			<report>
				<misses>85300001</misses>
				<total>0</total>
				<timestamp>743.752884</timestamp>
			</report>
			<report>
				<misses>85400001</misses>
				<total>0</total>
				<timestamp>744.609144</timestamp>
			</report>
			<report>
				<misses>85500001</misses>
				<total>0</total>
				<timestamp>745.488408</timestamp>
			</report>
			<report>
				<misses>85600001</misses>
				<total>0</total>
				<timestamp>746.355714</timestamp>
			</report>
			<report>
				<misses>85700001</misses>
				<total>0</total>
				<timestamp>747.226893</timestamp>
			</report>
			<report>
				<misses>85800001</misses>
				<total>0</total>
				<timestamp>748.106831</timestamp>
			</report>
			<report>
				<misses>85900001</misses>
				<total>0</total>
				<timestamp>748.979766</timestamp>
			</report>
			<report>
				<misses>86000001</misses>
				<total>0</total>
				<timestamp>749.857532</timestamp>
			</report>
			<report>
				<misses>86100001</misses>
				<total>0</total>
				<timestamp>750.748802</timestamp>
			</report>
			<report>
				<misses>86200001</misses>
				<total>0</total>
				<timestamp>751.613116</timestamp>
			</report>
			<report>
				<misses>86300001</misses>
				<total>0</total>
				<timestamp>752.482860</timestamp>
			</report>
			<report>
				<misses>86400001</misses>
				<total>0</total>
				<timestamp>753.348359</timestamp>
			</report>
			<report>
				<misses>86500001</misses>
				<total>0</total>
				<timestamp>754.233197</timestamp>
			</report>
			<report>
				<misses>86600001</misses>
				<total>0</total>
				<timestamp>755.100828</timestamp>
			</report>
			<report>
				<misses>86700001</misses>
				<total>0</total>
				<timestamp>755.973569</timestamp>
			</report>
			<report>
				<misses>86800001</misses>
				<total>0</total>
				<timestamp>756.849476</timestamp>
			</report>
			<report>
				<misses>86900001</misses>
				<total>0</total>
				<timestamp>757.721142</timestamp>
			</report>
			<report>
				<misses>87000001</misses>
				<total>0</total>
				<timestamp>758.593039</timestamp>
			</report>
			<report>
				<misses>87100001</misses>
				<total>0</total>
				<timestamp>759.469474</timestamp>
			</report>
			<report>
				<misses>87200001</misses>
				<total>0</total>
				<timestamp>760.351247</timestamp>
			</report>
			<report>
				<misses>87300001</misses>
				<total>0</total>
				<timestamp>761.224271</timestamp>
			</report>
			<report>
				<misses>87400001</misses>
				<total>0</total>
				<timestamp>762.095132</timestamp>
			</report>
			<report>
				<misses>87500001</misses>
				<total>0</total>
				<timestamp>762.971008</timestamp>
			</report>
			<report>
				<misses>87600001</misses>
				<total>0</total>
				<timestamp>763.846705</timestamp>
			</report>
			<report>
				<misses>87700001</misses>
				<total>0</total>
				<timestamp>764.722911</timestamp>
			</report>
			<report>
				<misses>87800001</misses>
				<total>0</total>
				<timestamp>765.615136</timestamp>
			</report>
			<report>
				<misses>87900001</misses>
				<total>0</total>
				<timestamp>766.481756</timestamp>
			</report>
			<report>
				<misses>88000001</misses>
				<total>0</total>
				<timestamp>767.364716</timestamp>
			</report>
			<report>
				<misses>88100001</misses>
				<total>0</total>
				<timestamp>768.249474</timestamp>
			</report>
			<report>
				<misses>88200001</misses>
				<total>0</total>
				<timestamp>769.128900</timestamp>
			</report>
			<report>
				<misses>88300001</misses>
				<total>0</total>
				<timestamp>770.007774</timestamp>
			</report>
			<report>
				<misses>88400001</misses>
				<total>0</total>
				<timestamp>770.885965</timestamp>
			</report>
			<report>
				<misses>88500001</misses>
				<total>0</total>
				<timestamp>771.749171</timestamp>
			</report>
			<report>
				<misses>88600001</misses>
				<total>0</total>
				<timestamp>772.627010</timestamp>
			</report>
			<report>
				<misses>88700001</misses>
				<total>0</total>
				<timestamp>773.499134</timestamp>
			</report>
			<report>
				<misses>88800001</misses>
				<total>0</total>
				<timestamp>774.368694</timestamp>
			</report>
			<report>
				<misses>88900001</misses>
				<total>0</total>
				<timestamp>775.229753</timestamp>
			</report>
			<report>
				<misses>89000001</misses>
				<total>0</total>
				<timestamp>776.098659</timestamp>
			</report>
			<report>
				<misses>89100001</misses>
				<total>0</total>
				<timestamp>776.974618</timestamp>
			</report>
			<report>
				<misses>89200001</misses>
				<total>0</total>
				<timestamp>777.840692</timestamp>
			</report>
			<report>
				<misses>89300001</misses>
				<total>0</total>
				<timestamp>778.707129</timestamp>
			</report>
			<report>
				<misses>89400001</misses>
				<total>0</total>
				<timestamp>779.573639</timestamp>
			</report>
			<report>
				<misses>89500001</misses>
				<total>0</total>
				<timestamp>780.450479</timestamp>
			</report>
			<report>
				<misses>89600001</misses>
				<total>0</total>
				<timestamp>781.321681</timestamp>
			</report>
			<report>
				<misses>89700001</misses>
				<total>0</total>
				<timestamp>782.191291</timestamp>
			</report>
			<report>
				<misses>89800001</misses>
				<total>0</total>
				<timestamp>783.072305</timestamp>
			</report>
			<report>
				<misses>89900001</misses>
				<total>0</total>
				<timestamp>783.936774</timestamp>
			</report>
			<report>
				<misses>90000001</misses>
				<total>0</total>
				<timestamp>784.796983</timestamp>
			</report>
			<report>
				<misses>90100001</misses>
				<total>0</total>
				<timestamp>785.661177</timestamp>
			</report>
			<report>
				<misses>90200001</misses>
				<total>0</total>
				<timestamp>786.525850</timestamp>
			</report>
			<report>
				<misses>90300001</misses>
				<total>0</total>
				<timestamp>787.409555</timestamp>
			</report>
			<report>
				<misses>90400001</misses>
				<total>0</total>
				<timestamp>788.281591</timestamp>
			</report>
			<report>
				<misses>90500001</misses>
				<total>0</total>
				<timestamp>789.141913</timestamp>
			</report>
			<report>
				<misses>90600001</misses>
				<total>0</total>
				<timestamp>790.014701</timestamp>
			</report>
			<report>
				<misses>90700001</misses>
				<total>0</total>
				<timestamp>790.896711</timestamp>
			</report>
			<report>
				<misses>90800001</misses>
				<total>0</total>
				<timestamp>791.750265</timestamp>
			</report>
			<report>
				<misses>90900001</misses>
				<total>0</total>
				<timestamp>792.619924</timestamp>
			</report>
			<report>
				<misses>91000001</misses>
				<total>0</total>
				<timestamp>793.486677</timestamp>
			</report>
			<report>
				<misses>91100001</misses>
				<total>0</total>
				<timestamp>794.356918</timestamp>
			</report>
			<report>
				<misses>91200001</misses>
				<total>0</total>
				<timestamp>795.226606</timestamp>
			</report>
			<report>
				<misses>91300001</misses>
				<total>0</total>
				<timestamp>796.101554</timestamp>
			</report>
			<report>
				<misses>91400001</misses>
				<total>0</total>
				<timestamp>796.980193</timestamp>
			</report>
			<report>
				<misses>91500001</misses>
				<total>0</total>
				<timestamp>797.859302</timestamp>
			</report>
			<report>
				<misses>91600001</misses>
				<total>0</total>
				<timestamp>798.740727</timestamp>
			</report>
			<report>
				<misses>91700001</misses>
				<total>0</total>
				<timestamp>799.624735</timestamp>
			</report>
			<report>
				<misses>91800001</misses>
				<total>0</total>
				<timestamp>800.495558</timestamp>
			</report>
			<report>
				<misses>91900001</misses>
				<total>0</total>
				<timestamp>801.363545</timestamp>
			</report>
			<report>
				<misses>92000001</misses>
				<total>0</total>
				<timestamp>802.234257</timestamp>
			</report>
			<report>
				<misses>92100001</misses>
				<total>0</total>
				<timestamp>803.106379</timestamp>
			</report>
			<report>
				<misses>92200001</misses>
				<total>0</total>
				<timestamp>803.976306</timestamp>
			</report>
			<report>
				<misses>92300001</misses>
				<total>0</total>
				<timestamp>804.843174</timestamp>
			</report>
			<report>
				<misses>92400001</misses>
				<total>0</total>
				<timestamp>805.720213</timestamp>
			</report>
			<report>
				<misses>92500001</misses>
				<total>0</total>
				<timestamp>806.588425</timestamp>
			</report>
			<report>
				<misses>92600001</misses>
				<total>0</total>
				<timestamp>807.463543</timestamp>
			</report>
			<report>
				<misses>92700001</misses>
				<total>0</total>
				<timestamp>808.324309</timestamp>
			</report>
			<report>
				<misses>92800001</misses>
				<total>0</total>
				<timestamp>809.206954</timestamp>
			</report>
			<report>
				<misses>92900001</misses>
				<total>0</total>
				<timestamp>810.089304</timestamp>
			</report>
			<report>
				<misses>93000001</misses>
				<total>0</total>
				<timestamp>810.957646</timestamp>
			</report>
			<report>
				<misses>93100001</misses>
				<total>0</total>
				<timestamp>811.832424</timestamp>
			</report>
			<report>
				<misses>93200001</misses>
				<total>0</total>
				<timestamp>812.701851</timestamp>
			</report>
			<report>
				<misses>93300001</misses>
				<total>0</total>
				<timestamp>813.578236</timestamp>
			</report>
			<report>
				<misses>93400001</misses>
				<total>0</total>
				<timestamp>814.456384</timestamp>
			</report>
			<report>
				<misses>93500001</misses>
				<total>0</total>
				<timestamp>815.326773</timestamp>
			</report>
			<report>
				<misses>93600001</misses>
				<total>0</total>
				<timestamp>816.199759</timestamp>
			</report>
			<report>
				<misses>93700001</misses>
				<total>0</total>
				<timestamp>817.067799</timestamp>
			</report>
			<report>
				<misses>93800001</misses>
				<total>0</total>
				<timestamp>817.940613</timestamp>
			</report>
			<report>
				<misses>93900001</misses>
				<total>0</total>
				<timestamp>818.812502</timestamp>
			</report>
			<report>
				<misses>94000001</misses>
				<total>0</total>
				<timestamp>819.687327</timestamp>
			</report>
			<report>
				<misses>94100001</misses>
				<total>0</total>
				<timestamp>820.562267</timestamp>
			</report>
			<report>
				<misses>94200001</misses>
				<total>0</total>
				<timestamp>821.422812</timestamp>
			</report>
			<report>
				<misses>94300001</misses>
				<total>0</total>
				<timestamp>822.287372</timestamp>
			</report>
			<report>
				<misses>94400001</misses>
				<total>0</total>
				<timestamp>823.155310</timestamp>
			</report>
			<report>
				<misses>94500001</misses>
				<total>0</total>
				<timestamp>824.018379</timestamp>
			</report>
			<report>
				<misses>94600001</misses>
				<total>0</total>
				<timestamp>824.904316</timestamp>
			</report>
			<report>
				<misses>94700001</misses>
				<total>0</total>
				<timestamp>825.788362</timestamp>
			</report>
			<report>
				<misses>94800001</misses>
				<total>0</total>
				<timestamp>826.667098</timestamp>
			</report>
			<report>
				<misses>94900001</misses>
				<total>0</total>
				<timestamp>827.556878</timestamp>
			</report>
			<report>
				<misses>95000001</misses>
				<total>0</total>
				<timestamp>828.441974</timestamp>
			</report>
			<report>
				<misses>95100001</misses>
				<total>0</total>
				<timestamp>829.319123</timestamp>
			</report>
			<report>
				<misses>95200001</misses>
				<total>0</total>
				<timestamp>830.191376</timestamp>
			</report>
			<report>
				<misses>95300001</misses>
				<total>0</total>
				<timestamp>831.053766</timestamp>
			</report>
			<report>
				<misses>95400001</misses>
				<total>0</total>
				<timestamp>831.922510</timestamp>
			</report>
			<report>
				<misses>95500001</misses>
				<total>0</total>
				<timestamp>832.796521</timestamp>
			</report>
			<report>
				<misses>95600001</misses>
				<total>0</total>
				<timestamp>833.664362</timestamp>
			</report>
			<report>
				<misses>95700001</misses>
				<total>0</total>
				<timestamp>834.542304</timestamp>
			</report>
			<report>
				<misses>95800001</misses>
				<total>0</total>
				<timestamp>835.410236</timestamp>
			</report>
			<report>
				<misses>95900001</misses>
				<total>0</total>
				<timestamp>836.282486</timestamp>
			</report>
			<report>
				<misses>96000001</misses>
				<total>0</total>
				<timestamp>837.161325</timestamp>
			</report>
			<report>
				<misses>96100001</misses>
				<total>0</total>
				<timestamp>838.036527</timestamp>
			</report>
			<report>
				<misses>96200001</misses>
				<total>0</total>
				<timestamp>838.888837</timestamp>
			</report>
			<report>
				<misses>96300001</misses>
				<total>0</total>
				<timestamp>839.752197</timestamp>
			</report>
			<report>
				<misses>96400001</misses>
				<total>0</total>
				<timestamp>840.616457</timestamp>
			</report>
			<report>
				<misses>96500001</misses>
				<total>0</total>
				<timestamp>841.479565</timestamp>
			</report>
			<report>
				<misses>96600001</misses>
				<total>0</total>
				<timestamp>842.352464</timestamp>
			</report>
			<report>
				<misses>96700001</misses>
				<total>0</total>
				<timestamp>843.222446</timestamp>
			</report>
			<report>
				<misses>96800001</misses>
				<total>0</total>
				<timestamp>844.087877</timestamp>
			</report>
			<report>
				<misses>96900001</misses>
				<total>0</total>
				<timestamp>844.956132</timestamp>
			</report>
			<report>
				<misses>97000001</misses>
				<total>0</total>
				<timestamp>845.837152</timestamp>
			</report>
			<report>
				<misses>97100001</misses>
				<total>0</total>
				<timestamp>846.704276</timestamp>
			</report>
			<report>
				<misses>97200001</misses>
				<total>0</total>
				<timestamp>847.568287</timestamp>
			</report>
			<report>
				<misses>97300001</misses>
				<total>0</total>
				<timestamp>848.432801</timestamp>
			</report>
			<report>
				<misses>97400001</misses>
				<total>0</total>
				<timestamp>849.297915</timestamp>
			</report>
			<report>
				<misses>97500001</misses>
				<total>0</total>
				<timestamp>850.158972</timestamp>
			</report>
			<report>
				<misses>97600001</misses>
				<total>0</total>
				<timestamp>851.019624</timestamp>
			</report>
			<report>
				<misses>97700001</misses>
				<total>0</total>
				<timestamp>851.892853</timestamp>
			</report>
			<report>
				<misses>97800001</misses>
				<total>0</total>
				<timestamp>852.755154</timestamp>
			</report>
			<report>
				<misses>97900001</misses>
				<total>0</total>
				<timestamp>853.625147</timestamp>
			</report>
			<report>
				<misses>98000001</misses>
				<total>0</total>
				<timestamp>854.491305</timestamp>
			</report>
			<report>
				<misses>98100001</misses>
				<total>0</total>
				<timestamp>855.371367</timestamp>
			</report>
			<report>
				<misses>98200001</misses>
				<total>0</total>
				<timestamp>856.247101</timestamp>
			</report>
			<report>
				<misses>98300001</misses>
				<total>0</total>
				<timestamp>857.118483</timestamp>
			</report>
			<report>
				<misses>98400001</misses>
				<total>0</total>
				<timestamp>858.003184</timestamp>
			</report>
			<report>
				<misses>98500001</misses>
				<total>0</total>
				<timestamp>858.883218</timestamp>
			</report>
			<report>
				<misses>98600001</misses>
				<total>0</total>
				<timestamp>859.755272</timestamp>
			</report>
			<report>
				<misses>98700001</misses>
				<total>0</total>
				<timestamp>860.627080</timestamp>
			</report>
			<report>
				<misses>98800001</misses>
				<total>0</total>
				<timestamp>861.504473</timestamp>
			</report>
			<report>
				<misses>98900001</misses>
				<total>0</total>
				<timestamp>862.361257</timestamp>
			</report>
			<report>
				<misses>99000001</misses>
				<total>0</total>
				<timestamp>863.249491</timestamp>
			</report>
			<report>
				<misses>99100001</misses>
				<total>0</total>
				<timestamp>864.125258</timestamp>
			</report>
			<report>
				<misses>99200001</misses>
				<total>0</total>
				<timestamp>865.002121</timestamp>
			</report>
			<report>
				<misses>99300001</misses>
				<total>0</total>
				<timestamp>865.885897</timestamp>
			</report>
			<report>
				<misses>99400001</misses>
				<total>0</total>
				<timestamp>866.764795</timestamp>
			</report>
			<report>
				<misses>99500001</misses>
				<total>0</total>
				<timestamp>867.635174</timestamp>
			</report>
			<report>
				<misses>99600001</misses>
				<total>0</total>
				<timestamp>868.513466</timestamp>
			</report>
			<report>
				<misses>99700001</misses>
				<total>0</total>
				<timestamp>869.382030</timestamp>
			</report>
			<report>
				<misses>99800001</misses>
				<total>0</total>
				<timestamp>870.229867</timestamp>
			</report>
			<report>
				<misses>99900001</misses>
				<total>0</total>
				<timestamp>871.078787</timestamp>
			</report>
			<report>
				<misses>100000001</misses>
				<total>0</total>
				<timestamp>871.932272</timestamp>
			</report>
			<report>
				<misses>100100001</misses>
				<total>0</total>
				<timestamp>872.798935</timestamp>
			</report>
			<report>
				<misses>100200001</misses>
				<total>0</total>
				<timestamp>873.667721</timestamp>
			</report>
			<report>
				<misses>100300001</misses>
				<total>0</total>
				<timestamp>874.537750</timestamp>
			</report>
			<report>
				<misses>100400001</misses>
				<total>0</total>
				<timestamp>875.397229</timestamp>
			</report>
			<report>
				<misses>100500001</misses>
				<total>0</total>
				<timestamp>876.273312</timestamp>
			</report>
			<report>
				<misses>100600001</misses>
				<total>0</total>
				<timestamp>877.146261</timestamp>
			</report>
			<report>
				<misses>100700001</misses>
				<total>0</total>
				<timestamp>878.011560</timestamp>
			</report>
			<report>
				<misses>100800001</misses>
				<total>0</total>
				<timestamp>878.883470</timestamp>
			</report>
			<report>
				<misses>100900001</misses>
				<total>0</total>
				<timestamp>879.753849</timestamp>
			</report>
			<report>
				<misses>101000001</misses>
				<total>0</total>
				<timestamp>880.628148</timestamp>
			</report>
			<report>
				<misses>101100001</misses>
				<total>0</total>
				<timestamp>881.497266</timestamp>
			</report>
			<report>
				<misses>101200001</misses>
				<total>0</total>
				<timestamp>882.368274</timestamp>
			</report>
			<report>
				<misses>101300001</misses>
				<total>0</total>
				<timestamp>883.232152</timestamp>
			</report>
			<report>
				<misses>101400001</misses>
				<total>0</total>
				<timestamp>884.098261</timestamp>
			</report>
			<report>
				<misses>101500001</misses>
				<total>0</total>
				<timestamp>884.963696</timestamp>
			</report>
			<report>
				<misses>101600001</misses>
				<total>0</total>
				<timestamp>885.855443</timestamp>
			</report>
			<report>
				<misses>101700001</misses>
				<total>0</total>
				<timestamp>886.745678</timestamp>
			</report>
			<report>
				<misses>101800001</misses>
				<total>0</total>
				<timestamp>887.628018</timestamp>
			</report>
			<report>
				<misses>101900001</misses>
				<total>0</total>
				<timestamp>888.519986</timestamp>
			</report>
			<report>
				<misses>102000001</misses>
				<total>0</total>
				<timestamp>889.399347</timestamp>
			</report>
			<report>
				<misses>102100001</misses>
				<total>0</total>
				<timestamp>890.265215</timestamp>
			</report>
			<report>
				<misses>102200001</misses>
				<total>0</total>
				<timestamp>891.131405</timestamp>
			</report>
			<report>
				<misses>102300001</misses>
				<total>0</total>
				<timestamp>891.995719</timestamp>
			</report>
			<report>
				<misses>102400001</misses>
				<total>0</total>
				<timestamp>892.866420</timestamp>
			</report>
			<report>
				<misses>102500001</misses>
				<total>0</total>
				<timestamp>893.738689</timestamp>
			</report>
			<report>
				<misses>102600001</misses>
				<total>0</total>
				<timestamp>894.607996</timestamp>
			</report>
			<report>
				<misses>102700001</misses>
				<total>0</total>
				<timestamp>895.483571</timestamp>
			</report>
			<report>
				<misses>102800001</misses>
				<total>0</total>
				<timestamp>896.347493</timestamp>
			</report>
			<report>
				<misses>102900001</misses>
				<total>0</total>
				<timestamp>897.211098</timestamp>
			</report>
			<report>
				<misses>103000001</misses>
				<total>0</total>
				<timestamp>898.079987</timestamp>
			</report>
			<report>
				<misses>103100001</misses>
				<total>0</total>
				<timestamp>898.942390</timestamp>
			</report>
			<report>
				<misses>103200001</misses>
				<total>0</total>
				<timestamp>899.807025</timestamp>
			</report>
			<report>
				<misses>103300001</misses>
				<total>0</total>
				<timestamp>900.669902</timestamp>
			</report>
			<report>
				<misses>103400001</misses>
				<total>0</total>
				<timestamp>901.541563</timestamp>
			</report>
			<report>
				<misses>103500001</misses>
				<total>0</total>
				<timestamp>902.418895</timestamp>
			</report>
			<report>
				<misses>103600001</misses>
				<total>0</total>
				<timestamp>903.287912</timestamp>
			</report>
			<report>
				<misses>103700001</misses>
				<total>0</total>
				<timestamp>904.152720</timestamp>
			</report>
			<report>
				<misses>103800001</misses>
				<total>0</total>
				<timestamp>905.025786</timestamp>
			</report>
			<report>
				<misses>103900001</misses>
				<total>0</total>
				<timestamp>905.894225</timestamp>
			</report>
			<report>
				<misses>104000001</misses>
				<total>0</total>
				<timestamp>906.768405</timestamp>
			</report>
			<report>
				<misses>104100001</misses>
				<total>0</total>
				<timestamp>907.626077</timestamp>
			</report>
			<report>
				<misses>104200001</misses>
				<total>0</total>
				<timestamp>908.489812</timestamp>
			</report>
			<report>
				<misses>104300001</misses>
				<total>0</total>
				<timestamp>909.364139</timestamp>
			</report>
			<report>
				<misses>104400001</misses>
				<total>0</total>
				<timestamp>910.232497</timestamp>
			</report>
			<report>
				<misses>104500001</misses>
				<total>0</total>
				<timestamp>911.104171</timestamp>
			</report>
			<report>
				<misses>104600001</misses>
				<total>0</total>
				<timestamp>911.976972</timestamp>
			</report>
			<report>
				<misses>104700001</misses>
				<total>0</total>
				<timestamp>912.842524</timestamp>
			</report>
			<report>
				<misses>104800001</misses>
				<total>0</total>
				<timestamp>913.715442</timestamp>
			</report>
			<report>
				<misses>104900001</misses>
				<total>0</total>
				<timestamp>914.601243</timestamp>
			</report>
			<report>
				<misses>105000001</misses>
				<total>0</total>
				<timestamp>915.462124</timestamp>
			</report>
			<report>
				<misses>105100001</misses>
				<total>0</total>
				<timestamp>916.336254</timestamp>
			</report>
			<report>
				<misses>105200001</misses>
				<total>0</total>
				<timestamp>917.198354</timestamp>
			</report>
			<report>
				<misses>105300001</misses>
				<total>0</total>
				<timestamp>918.075348</timestamp>
			</report>
			<report>
				<misses>105400001</misses>
				<total>0</total>
				<timestamp>918.923792</timestamp>
			</report>
			<report>
				<misses>105500001</misses>
				<total>0</total>
				<timestamp>919.791176</timestamp>
			</report>
			<report>
				<misses>105600001</misses>
				<total>0</total>
				<timestamp>920.666001</timestamp>
			</report>
			<report>
				<misses>105700001</misses>
				<total>0</total>
				<timestamp>921.541727</timestamp>
			</report>
			<report>
				<misses>105800001</misses>
				<total>0</total>
				<timestamp>922.405586</timestamp>
			</report>
			<report>
				<misses>105900001</misses>
				<total>0</total>
				<timestamp>923.260873</timestamp>
			</report>
			<report>
				<misses>106000001</misses>
				<total>0</total>
				<timestamp>924.138388</timestamp>
			</report>
			<report>
				<misses>106100001</misses>
				<total>0</total>
				<timestamp>925.013940</timestamp>
			</report>
			<report>
				<misses>106200001</misses>
				<total>0</total>
				<timestamp>925.884568</timestamp>
			</report>
			<report>
				<misses>106300001</misses>
				<total>0</total>
				<timestamp>926.757116</timestamp>
			</report>
			<report>
				<misses>106400001</misses>
				<total>0</total>
				<timestamp>927.626230</timestamp>
			</report>
			<report>
				<misses>106500001</misses>
				<total>0</total>
				<timestamp>928.484702</timestamp>
			</report>
			<report>
				<misses>106600001</misses>
				<total>0</total>
				<timestamp>929.357056</timestamp>
			</report>
			<report>
				<misses>106700001</misses>
				<total>0</total>
				<timestamp>930.234068</timestamp>
			</report>
			<report>
				<misses>106800001</misses>
				<total>0</total>
				<timestamp>931.115819</timestamp>
			</report>
			<report>
				<misses>106900001</misses>
				<total>0</total>
				<timestamp>931.987263</timestamp>
			</report>
			<report>
				<misses>107000001</misses>
				<total>0</total>
				<timestamp>932.863228</timestamp>
			</report>
			<report>
				<misses>107100001</misses>
				<total>0</total>
				<timestamp>933.737387</timestamp>
			</report>
			<report>
				<misses>107200001</misses>
				<total>0</total>
				<timestamp>934.618052</timestamp>
			</report>
			<report>
				<misses>107300001</misses>
				<total>0</total>
				<timestamp>935.496679</timestamp>
			</report>
			<report>
				<misses>107400001</misses>
				<total>0</total>
				<timestamp>936.357099</timestamp>
			</report>
			<report>
				<misses>107500001</misses>
				<total>0</total>
				<timestamp>937.210567</timestamp>
			</report>
			<report>
				<misses>107600001</misses>
				<total>0</total>
				<timestamp>938.083437</timestamp>
			</report>
			<report>
				<misses>107700001</misses>
				<total>0</total>
				<timestamp>938.949971</timestamp>
			</report>
			<report>
				<misses>107800001</misses>
				<total>0</total>
				<timestamp>939.815402</timestamp>
			</report>
			<report>
				<misses>107900001</misses>
				<total>0</total>
				<timestamp>940.673977</timestamp>
			</report>
			<report>
				<misses>108000001</misses>
				<total>0</total>
				<timestamp>941.536307</timestamp>
			</report>
			<report>
				<misses>108100001</misses>
				<total>0</total>
				<timestamp>942.421829</timestamp>
			</report>
			<report>
				<misses>108200001</misses>
				<total>0</total>
				<timestamp>943.297964</timestamp>
			</report>
			<report>
				<misses>108300001</misses>
				<total>0</total>
				<timestamp>944.165073</timestamp>
			</report>
			<report>
				<misses>108400001</misses>
				<total>0</total>
				<timestamp>945.027773</timestamp>
			</report>
			<report>
				<misses>108500001</misses>
				<total>0</total>
				<timestamp>945.899165</timestamp>
			</report>
			<report>
				<misses>108600001</misses>
				<total>0</total>
				<timestamp>946.765522</timestamp>
			</report>
			<report>
				<misses>108700001</misses>
				<total>0</total>
				<timestamp>947.627357</timestamp>
			</report>
			<report>
				<misses>108800001</misses>
				<total>0</total>
				<timestamp>948.496590</timestamp>
			</report>
			<report>
				<misses>108900001</misses>
				<total>0</total>
				<timestamp>949.367189</timestamp>
			</report>
			<report>
				<misses>109000001</misses>
				<total>0</total>
				<timestamp>950.225640</timestamp>
			</report>
			<report>
				<misses>109100001</misses>
				<total>0</total>
				<timestamp>951.092389</timestamp>
			</report>
			<report>
				<misses>109200001</misses>
				<total>0</total>
				<timestamp>951.954171</timestamp>
			</report>
			<report>
				<misses>109300001</misses>
				<total>0</total>
				<timestamp>952.807414</timestamp>
			</report>
			<report>
				<misses>109400001</misses>
				<total>0</total>
				<timestamp>953.683199</timestamp>
			</report>
			<report>
				<misses>109500001</misses>
				<total>0</total>
				<timestamp>954.550352</timestamp>
			</report>
			<report>
				<misses>109600001</misses>
				<total>0</total>
				<timestamp>955.413720</timestamp>
			</report>
			<report>
				<misses>109700001</misses>
				<total>0</total>
				<timestamp>956.280288</timestamp>
			</report>
			<report>
				<misses>109800001</misses>
				<total>0</total>
				<timestamp>957.142317</timestamp>
			</report>
			<report>
				<misses>109900001</misses>
				<total>0</total>
				<timestamp>958.006285</timestamp>
			</report>
			<report>
				<misses>110000001</misses>
				<total>0</total>
				<timestamp>958.877606</timestamp>
			</report>
			<report>
				<misses>110100001</misses>
				<total>0</total>
				<timestamp>959.746930</timestamp>
			</report>
			<report>
				<misses>110200001</misses>
				<total>0</total>
				<timestamp>960.613397</timestamp>
			</report>
			<report>
				<misses>110300001</misses>
				<total>0</total>
				<timestamp>961.470788</timestamp>
			</report>
			<report>
				<misses>110400001</misses>
				<total>0</total>
				<timestamp>962.338189</timestamp>
			</report>
			<report>
				<misses>110500001</misses>
				<total>0</total>
				<timestamp>963.210646</timestamp>
			</report>
			<report>
				<misses>110600001</misses>
				<total>0</total>
				<timestamp>964.061845</timestamp>
			</report>
			<report>
				<misses>110700001</misses>
				<total>0</total>
				<timestamp>964.920114</timestamp>
			</report>
			<report>
				<misses>110800001</misses>
				<total>0</total>
				<timestamp>965.786235</timestamp>
			</report>
			<report>
				<misses>110900001</misses>
				<total>0</total>
				<timestamp>966.658325</timestamp>
			</report>
			<report>
				<misses>111000001</misses>
				<total>0</total>
				<timestamp>967.521852</timestamp>
			</report>
			<report>
				<misses>111100001</misses>
				<total>0</total>
				<timestamp>968.401610</timestamp>
			</report>
			<report>
				<misses>111200001</misses>
				<total>0</total>
				<timestamp>969.274892</timestamp>
			</report>
			<report>
				<misses>111300001</misses>
				<total>0</total>
				<timestamp>970.142763</timestamp>
			</report>
			<report>
				<misses>111400001</misses>
				<total>0</total>
				<timestamp>971.008890</timestamp>
			</report>
			<report>
				<misses>111500001</misses>
				<total>0</total>
				<timestamp>971.878604</timestamp>
			</report>
			<report>
				<misses>111600001</misses>
				<total>0</total>
				<timestamp>972.746064</timestamp>
			</report>
			<report>
				<misses>111700001</misses>
				<total>0</total>
				<timestamp>973.614218</timestamp>
			</report>
			<report>
				<misses>111800001</misses>
				<total>0</total>
				<timestamp>974.479682</timestamp>
			</report>
			<report>
				<misses>111900001</misses>
				<total>0</total>
				<timestamp>975.329108</timestamp>
			</report>
			<report>
				<misses>112000001</misses>
				<total>0</total>
				<timestamp>976.207758</timestamp>
			</report>
			<report>
				<misses>112100001</misses>
				<total>0</total>
				<timestamp>977.083435</timestamp>
			</report>
			<report>
				<misses>112200001</misses>
				<total>0</total>
				<timestamp>977.958789</timestamp>
			</report>
			<report>
				<misses>112300001</misses>
				<total>0</total>
				<timestamp>978.836619</timestamp>
			</report>
			<report>
				<misses>112400001</misses>
				<total>0</total>
				<timestamp>979.710294</timestamp>
			</report>
			<report>
				<misses>112500001</misses>
				<total>0</total>
				<timestamp>980.578845</timestamp>
			</report>
			<report>
				<misses>112600001</misses>
				<total>0</total>
				<timestamp>981.440892</timestamp>
			</report>
			<report>
				<misses>112700001</misses>
				<total>0</total>
				<timestamp>982.317334</timestamp>
			</report>
			<report>
				<misses>112800001</misses>
				<total>0</total>
				<timestamp>983.181573</timestamp>
			</report>
			<report>
				<misses>112900001</misses>
				<total>0</total>
				<timestamp>984.048653</timestamp>
			</report>
			<report>
				<misses>113000001</misses>
				<total>0</total>
				<timestamp>984.928189</timestamp>
			</report>
			<report>
				<misses>113100001</misses>
				<total>0</total>
				<timestamp>985.803239</timestamp>
			</report>
			<report>
				<misses>113200001</misses>
				<total>0</total>
				<timestamp>986.662884</timestamp>
			</report>
			<report>
				<misses>113300001</misses>
				<total>0</total>
				<timestamp>987.526177</timestamp>
			</report>
			<report>
				<misses>113400001</misses>
				<total>0</total>
				<timestamp>988.393494</timestamp>
			</report>
			<report>
				<misses>113500001</misses>
				<total>0</total>
				<timestamp>989.258011</timestamp>
			</report>
			<report>
				<misses>113600001</misses>
				<total>0</total>
				<timestamp>990.128559</timestamp>
			</report>
			<report>
				<misses>113700001</misses>
				<total>0</total>
				<timestamp>990.994474</timestamp>
			</report>
			<report>
				<misses>113800001</misses>
				<total>0</total>
				<timestamp>991.865010</timestamp>
			</report>
			<report>
				<misses>113900001</misses>
				<total>0</total>
				<timestamp>992.738885</timestamp>
			</report>
			<report>
				<misses>114000001</misses>
				<total>0</total>
				<timestamp>993.618108</timestamp>
			</report>
			<report>
				<misses>114100001</misses>
				<total>0</total>
				<timestamp>994.482229</timestamp>
			</report>
			<report>
				<misses>114200001</misses>
				<total>0</total>
				<timestamp>995.344028</timestamp>
			</report>
			<report>
				<misses>114300001</misses>
				<total>0</total>
				<timestamp>996.207866</timestamp>
			</report>
			<report>
				<misses>114400001</misses>
				<total>0</total>
				<timestamp>997.083807</timestamp>
			</report>
			<report>
				<misses>114500001</misses>
				<total>0</total>
				<timestamp>997.961439</timestamp>
			</report>
			<report>
				<misses>114600001</misses>
				<total>0</total>
				<timestamp>998.818523</timestamp>
			</report>
			<report>
				<misses>114700001</misses>
				<total>0</total>
				<timestamp>999.695229</timestamp>
			</report>
			<report>
				<misses>114800001</misses>
				<total>0</total>
				<timestamp>1000.565813</timestamp>
			</report>
			<report>
				<misses>114900001</misses>
				<total>0</total>
				<timestamp>1001.435340</timestamp>
			</report>
			<report>
				<misses>115000001</misses>
				<total>0</total>
				<timestamp>1002.305269</timestamp>
			</report>
			<report>
				<misses>115100001</misses>
				<total>0</total>
				<timestamp>1003.172528</timestamp>
			</report>
			<report>
				<misses>115200001</misses>
				<total>0</total>
				<timestamp>1004.035307</timestamp>
			</report>
			<report>
				<misses>115300001</misses>
				<total>0</total>
				<timestamp>1004.902027</timestamp>
			</report>
			<report>
				<misses>115400001</misses>
				<total>0</total>
				<timestamp>1005.772023</timestamp>
			</report>
			<report>
				<misses>115500001</misses>
				<total>0</total>
				<timestamp>1006.648134</timestamp>
			</report>
			<report>
				<misses>115600001</misses>
				<total>0</total>
				<timestamp>1007.512053</timestamp>
			</report>
			<report>
				<misses>115700001</misses>
				<total>0</total>
				<timestamp>1008.386043</timestamp>
			</report>
			<report>
				<misses>115800001</misses>
				<total>0</total>
				<timestamp>1009.255263</timestamp>
			</report>
			<report>
				<misses>115900001</misses>
				<total>0</total>
				<timestamp>1010.116616</timestamp>
			</report>
			<report>
				<misses>116000001</misses>
				<total>0</total>
				<timestamp>1010.978926</timestamp>
			</report>
			<report>
				<misses>116100001</misses>
				<total>0</total>
				<timestamp>1011.845062</timestamp>
			</report>
			<report>
				<misses>116200001</misses>
				<total>0</total>
				<timestamp>1012.719165</timestamp>
			</report>
			<report>
				<misses>116300001</misses>
				<total>0</total>
				<timestamp>1013.594728</timestamp>
			</report>
			<report>
				<misses>116400001</misses>
				<total>0</total>
				<timestamp>1014.469250</timestamp>
			</report>
			<report>
				<misses>116500001</misses>
				<total>0</total>
				<timestamp>1015.333931</timestamp>
			</report>
			<report>
				<misses>116600001</misses>
				<total>0</total>
				<timestamp>1016.206401</timestamp>
			</report>
			<report>
				<misses>116700001</misses>
				<total>0</total>
				<timestamp>1017.072239</timestamp>
			</report>
			<report>
				<misses>116800001</misses>
				<total>0</total>
				<timestamp>1017.950071</timestamp>
			</report>
			<report>
				<misses>116900001</misses>
				<total>0</total>
				<timestamp>1018.823268</timestamp>
			</report>
			<report>
				<misses>117000001</misses>
				<total>0</total>
				<timestamp>1019.680342</timestamp>
			</report>
			<report>
				<misses>117100001</misses>
				<total>0</total>
				<timestamp>1020.550274</timestamp>
			</report>
			<report>
				<misses>117200001</misses>
				<total>0</total>
				<timestamp>1021.428013</timestamp>
			</report>
			<report>
				<misses>117300001</misses>
				<total>0</total>
				<timestamp>1022.301951</timestamp>
			</report>
			<report>
				<misses>117400001</misses>
				<total>0</total>
				<timestamp>1023.185157</timestamp>
			</report>
			<report>
				<misses>117500001</misses>
				<total>0</total>
				<timestamp>1024.069763</timestamp>
			</report>
			<report>
				<misses>117600001</misses>
				<total>0</total>
				<timestamp>1024.944101</timestamp>
			</report>
			<report>
				<misses>117700001</misses>
				<total>0</total>
				<timestamp>1025.822966</timestamp>
			</report>
			<report>
				<misses>117800001</misses>
				<total>0</total>
				<timestamp>1026.683729</timestamp>
			</report>
			<report>
				<misses>117900001</misses>
				<total>0</total>
				<timestamp>1027.556553</timestamp>
			</report>
			<report>
				<misses>118000001</misses>
				<total>0</total>
				<timestamp>1028.416535</timestamp>
			</report>
			<report>
				<misses>118100001</misses>
				<total>0</total>
				<timestamp>1029.297582</timestamp>
			</report>
			<report>
				<misses>118200001</misses>
				<total>0</total>
				<timestamp>1030.157211</timestamp>
			</report>
			<report>
				<misses>118300001</misses>
				<total>0</total>
				<timestamp>1031.020680</timestamp>
			</report>
			<report>
				<misses>118400001</misses>
				<total>0</total>
				<timestamp>1031.892732</timestamp>
			</report>
			<report>
				<misses>118500001</misses>
				<total>0</total>
				<timestamp>1032.753648</timestamp>
			</report>
			<report>
				<misses>118600001</misses>
				<total>0</total>
				<timestamp>1033.619984</timestamp>
			</report>
			<report>
				<misses>118700001</misses>
				<total>0</total>
				<timestamp>1034.496421</timestamp>
			</report>
			<report>
				<misses>118800001</misses>
				<total>0</total>
				<timestamp>1035.353749</timestamp>
			</report>
			<report>
				<misses>118900001</misses>
				<total>0</total>
				<timestamp>1036.225326</timestamp>
			</report>
			<report>
				<misses>119000001</misses>
				<total>0</total>
				<timestamp>1037.087434</timestamp>
			</report>
			<report>
				<misses>119100001</misses>
				<total>0</total>
				<timestamp>1037.950541</timestamp>
			</report>
			<report>
				<misses>119200001</misses>
				<total>0</total>
				<timestamp>1038.817262</timestamp>
			</report>
			<report>
				<misses>119300001</misses>
				<total>0</total>
				<timestamp>1039.684221</timestamp>
			</report>
			<report>
				<misses>119400001</misses>
				<total>0</total>
				<timestamp>1040.536260</timestamp>
			</report>
			<report>
				<misses>119500001</misses>
				<total>0</total>
				<timestamp>1041.403791</timestamp>
			</report>
			<report>
				<misses>119600001</misses>
				<total>0</total>
				<timestamp>1042.283395</timestamp>
			</report>
			<report>
				<misses>119700001</misses>
				<total>0</total>
				<timestamp>1043.149889</timestamp>
			</report>
			<report>
				<misses>119800001</misses>
				<total>0</total>
				<timestamp>1044.019986</timestamp>
			</report>
			<report>
				<misses>119900001</misses>
				<total>0</total>
				<timestamp>1044.884477</timestamp>
			</report>
			<report>
				<misses>120000001</misses>
				<total>0</total>
				<timestamp>1045.759492</timestamp>
			</report>
			<report>
				<misses>120100001</misses>
				<total>0</total>
				<timestamp>1046.626234</timestamp>
			</report>
			<report>
				<misses>120200001</misses>
				<total>0</total>
				<timestamp>1047.506628</timestamp>
			</report>
			<report>
				<misses>120300001</misses>
				<total>0</total>
				<timestamp>1048.380663</timestamp>
			</report>
			<report>
				<misses>120400001</misses>
				<total>0</total>
				<timestamp>1049.247391</timestamp>
			</report>
			<report>
				<misses>120500001</misses>
				<total>0</total>
				<timestamp>1050.102549</timestamp>
			</report>
			<report>
				<misses>120600001</misses>
				<total>0</total>
				<timestamp>1050.971943</timestamp>
			</report>
			<report>
				<misses>120700001</misses>
				<total>0</total>
				<timestamp>1051.837290</timestamp>
			</report>
			<report>
				<misses>120800001</misses>
				<total>0</total>
				<timestamp>1052.700575</timestamp>
			</report>
			<report>
				<misses>120900001</misses>
				<total>0</total>
				<timestamp>1053.566223</timestamp>
			</report>
			<report>
				<misses>121000001</misses>
				<total>0</total>
				<timestamp>1054.438208</timestamp>
			</report>
			<report>
				<misses>121100001</misses>
				<total>0</total>
				<timestamp>1055.316682</timestamp>
			</report>
			<report>
				<misses>121200001</misses>
				<total>0</total>
				<timestamp>1056.188428</timestamp>
			</report>
			<report>
				<misses>121300001</misses>
				<total>0</total>
				<timestamp>1057.053121</timestamp>
			</report>
			<report>
				<misses>121400001</misses>
				<total>0</total>
				<timestamp>1057.919001</timestamp>
			</report>
			<report>
				<misses>121500001</misses>
				<total>0</total>
				<timestamp>1058.789362</timestamp>
			</report>
			<report>
				<misses>121600001</misses>
				<total>0</total>
				<timestamp>1059.641681</timestamp>
			</report>
			<report>
				<misses>121700001</misses>
				<total>0</total>
				<timestamp>1060.489050</timestamp>
			</report>
			<report>
				<misses>121800001</misses>
				<total>0</total>
				<timestamp>1061.368321</timestamp>
			</report>
			<report>
				<misses>121900001</misses>
				<total>0</total>
				<timestamp>1062.237998</timestamp>
			</report>
			<report>
				<misses>122000001</misses>
				<total>0</total>
				<timestamp>1063.108713</timestamp>
			</report>
			<report>
				<misses>122100001</misses>
				<total>0</total>
				<timestamp>1063.974144</timestamp>
			</report>
			<report>
				<misses>122200001</misses>
				<total>0</total>
				<timestamp>1064.844492</timestamp>
			</report>
			<report>
				<misses>122300001</misses>
				<total>0</total>
				<timestamp>1065.710140</timestamp>
			</report>
			<report>
				<misses>122400001</misses>
				<total>0</total>
				<timestamp>1066.591085</timestamp>
			</report>
			<report>
				<misses>122500001</misses>
				<total>0</total>
				<timestamp>1067.472326</timestamp>
			</report>
			<report>
				<misses>122600001</misses>
				<total>0</total>
				<timestamp>1068.354695</timestamp>
			</report>
			<report>
				<misses>122700001</misses>
				<total>0</total>
				<timestamp>1069.235144</timestamp>
			</report>
			<report>
				<misses>122800001</misses>
				<total>0</total>
				<timestamp>1070.118739</timestamp>
			</report>
			<report>
				<misses>122900001</misses>
				<total>0</total>
				<timestamp>1070.992724</timestamp>
			</report>
			<report>
				<misses>123000001</misses>
				<total>0</total>
				<timestamp>1071.858668</timestamp>
			</report>
			<report>
				<misses>123100001</misses>
				<total>0</total>
				<timestamp>1072.738670</timestamp>
			</report>
			<report>
				<misses>123200001</misses>
				<total>0</total>
				<timestamp>1073.621594</timestamp>
			</report>
			<report>
				<misses>123300001</misses>
				<total>0</total>
				<timestamp>1074.494741</timestamp>
			</report>
			<report>
				<misses>123400001</misses>
				<total>0</total>
				<timestamp>1075.356617</timestamp>
			</report>
			<report>
				<misses>123500001</misses>
				<total>0</total>
				<timestamp>1076.226046</timestamp>
			</report>
			<report>
				<misses>123600001</misses>
				<total>0</total>
				<timestamp>1077.095328</timestamp>
			</report>
			<report>
				<misses>123700001</misses>
				<total>0</total>
				<timestamp>1077.978838</timestamp>
			</report>
			<report>
				<misses>123800001</misses>
				<total>0</total>
				<timestamp>1078.853569</timestamp>
			</report>
			<report>
				<misses>123900001</misses>
				<total>0</total>
				<timestamp>1079.734287</timestamp>
			</report>
			<report>
				<misses>124000001</misses>
				<total>0</total>
				<timestamp>1080.608149</timestamp>
			</report>
			<report>
				<misses>124100001</misses>
				<total>0</total>
				<timestamp>1081.473293</timestamp>
			</report>
			<report>
				<misses>124200001</misses>
				<total>0</total>
				<timestamp>1082.333686</timestamp>
			</report>
			<report>
				<misses>124300001</misses>
				<total>0</total>
				<timestamp>1083.194667</timestamp>
			</report>
			<report>
				<misses>124400001</misses>
				<total>0</total>
				<timestamp>1084.041008</timestamp>
			</report>
			<report>
				<misses>124500001</misses>
				<total>0</total>
				<timestamp>1084.915387</timestamp>
			</report>
			<report>
				<misses>124600001</misses>
				<total>0</total>
				<timestamp>1085.790158</timestamp>
			</report>
			<report>
				<misses>124700001</misses>
				<total>0</total>
				<timestamp>1086.658311</timestamp>
			</report>
			<report>
				<misses>124800001</misses>
				<total>0</total>
				<timestamp>1087.529577</timestamp>
			</report>
			<report>
				<misses>124900001</misses>
				<total>0</total>
				<timestamp>1088.400455</timestamp>
			</report>
			<report>
				<misses>125000001</misses>
				<total>0</total>
				<timestamp>1089.259853</timestamp>
			</report>
			<report>
				<misses>125100001</misses>
				<total>0</total>
				<timestamp>1090.115716</timestamp>
			</report>
			<report>
				<misses>125200001</misses>
				<total>0</total>
				<timestamp>1090.989896</timestamp>
			</report>
			<report>
				<misses>125300001</misses>
				<total>0</total>
				<timestamp>1091.860608</timestamp>
			</report>
			<report>
				<misses>125400001</misses>
				<total>0</total>
				<timestamp>1092.735986</timestamp>
			</report>
			<report>
				<misses>125500001</misses>
				<total>0</total>
				<timestamp>1093.603307</timestamp>
			</report>
			<report>
				<misses>125600001</misses>
				<total>0</total>
				<timestamp>1094.474568</timestamp>
			</report>
			<report>
				<misses>125700001</misses>
				<total>0</total>
				<timestamp>1095.332931</timestamp>
			</report>
			<report>
				<misses>125800001</misses>
				<total>0</total>
				<timestamp>1096.204965</timestamp>
			</report>
			<report>
				<misses>125900001</misses>
				<total>0</total>
				<timestamp>1097.072816</timestamp>
			</report>
			<report>
				<misses>126000001</misses>
				<total>0</total>
				<timestamp>1097.953758</timestamp>
			</report>
			<report>
				<misses>126100001</misses>
				<total>0</total>
				<timestamp>1098.822742</timestamp>
			</report>
			<report>
				<misses>126200001</misses>
				<total>0</total>
				<timestamp>1099.689878</timestamp>
			</report>
			<report>
				<misses>126300001</misses>
				<total>0</total>
				<timestamp>1100.563700</timestamp>
			</report>
			<report>
				<misses>126400001</misses>
				<total>0</total>
				<timestamp>1101.432321</timestamp>
			</report>
			<report>
				<misses>126500001</misses>
				<total>0</total>
				<timestamp>1102.311543</timestamp>
			</report>
			<report>
				<misses>126600001</misses>
				<total>0</total>
				<timestamp>1103.191227</timestamp>
			</report>
			<report>
				<misses>126700001</misses>
				<total>0</total>
				<timestamp>1104.065860</timestamp>
			</report>
			<report>
				<misses>126800001</misses>
				<total>0</total>
				<timestamp>1104.942799</timestamp>
			</report>
			<report>
				<misses>126900001</misses>
				<total>0</total>
				<timestamp>1105.815111</timestamp>
			</report>
			<report>
				<misses>127000001</misses>
				<total>0</total>
				<timestamp>1106.682578</timestamp>
			</report>
			<report>
				<misses>127100001</misses>
				<total>0</total>
				<timestamp>1107.551160</timestamp>
			</report>
			<report>
				<misses>127200001</misses>
				<total>0</total>
				<timestamp>1108.418278</timestamp>
			</report>
			<report>
				<misses>127300001</misses>
				<total>0</total>
				<timestamp>1109.286076</timestamp>
			</report>
			<report>
				<misses>127400001</misses>
				<total>0</total>
				<timestamp>1110.167884</timestamp>
			</report>
			<report>
				<misses>127500001</misses>
				<total>0</total>
				<timestamp>1111.048890</timestamp>
			</report>
			<report>
				<misses>127600001</misses>
				<total>0</total>
				<timestamp>1111.937378</timestamp>
			</report>
			<report>
				<misses>127700001</misses>
				<total>0</total>
				<timestamp>1112.807704</timestamp>
			</report>
			<report>
				<misses>127800001</misses>
				<total>0</total>
				<timestamp>1113.687176</timestamp>
			</report>
			<report>
				<misses>127900001</misses>
				<total>0</total>
				<timestamp>1114.565869</timestamp>
			</report>
			<report>
				<misses>128000001</misses>
				<total>0</total>
				<timestamp>1115.448549</timestamp>
			</report>
			<report>
				<misses>128100001</misses>
				<total>0</total>
				<timestamp>1116.317444</timestamp>
			</report>
			<report>
				<misses>128200001</misses>
				<total>0</total>
				<timestamp>1117.189135</timestamp>
			</report>
			<report>
				<misses>128300001</misses>
				<total>0</total>
				<timestamp>1118.055591</timestamp>
			</report>
			<report>
				<misses>128400001</misses>
				<total>0</total>
				<timestamp>1118.932238</timestamp>
			</report>
			<report>
				<misses>128500001</misses>
				<total>0</total>
				<timestamp>1119.809474</timestamp>
			</report>
			<report>
				<misses>128600001</misses>
				<total>0</total>
				<timestamp>1120.678940</timestamp>
			</report>
			<report>
				<misses>128700001</misses>
				<total>0</total>
				<timestamp>1121.541398</timestamp>
			</report>
			<report>
				<misses>128800001</misses>
				<total>0</total>
				<timestamp>1122.411025</timestamp>
			</report>
			<report>
				<misses>128900001</misses>
				<total>0</total>
				<timestamp>1123.283670</timestamp>
			</report>
			<report>
				<misses>129000001</misses>
				<total>0</total>
				<timestamp>1124.156542</timestamp>
			</report>
			<report>
				<misses>129100001</misses>
				<total>0</total>
				<timestamp>1125.024257</timestamp>
			</report>
			<report>
				<misses>129200001</misses>
				<total>0</total>
				<timestamp>1125.902242</timestamp>
			</report>
			<report>
				<misses>129300001</misses>
				<total>0</total>
				<timestamp>1126.760848</timestamp>
			</report>
			<report>
				<misses>129400001</misses>
				<total>0</total>
				<timestamp>1127.624536</timestamp>
			</report>
			<report>
				<misses>129500001</misses>
				<total>0</total>
				<timestamp>1128.493621</timestamp>
			</report>
			<report>
				<misses>129600001</misses>
				<total>0</total>
				<timestamp>1129.373676</timestamp>
			</report>
			<report>
				<misses>129700001</misses>
				<total>0</total>
				<timestamp>1130.234258</timestamp>
			</report>
			<report>
				<misses>129800001</misses>
				<total>0</total>
				<timestamp>1131.115534</timestamp>
			</report>
			<report>
				<misses>129900001</misses>
				<total>0</total>
				<timestamp>1131.990484</timestamp>
			</report>
			<report>
				<misses>130000001</misses>
				<total>0</total>
				<timestamp>1132.842381</timestamp>
			</report>
			<report>
				<misses>130100001</misses>
				<total>0</total>
				<timestamp>1133.708419</timestamp>
			</report>
			<report>
				<misses>130200001</misses>
				<total>0</total>
				<timestamp>1134.579501</timestamp>
			</report>
			<report>
				<misses>130300001</misses>
				<total>0</total>
				<timestamp>1135.454932</timestamp>
			</report>
			<report>
				<misses>130400001</misses>
				<total>0</total>
				<timestamp>1136.322417</timestamp>
			</report>
			<report>
				<misses>130500001</misses>
				<total>0</total>
				<timestamp>1137.183940</timestamp>
			</report>
			<report>
				<misses>130600001</misses>
				<total>0</total>
				<timestamp>1138.053636</timestamp>
			</report>
			<report>
				<misses>130700001</misses>
				<total>0</total>
				<timestamp>1138.924533</timestamp>
			</report>
			<report>
				<misses>130800001</misses>
				<total>0</total>
				<timestamp>1139.792880</timestamp>
			</report>
			<report>
				<misses>130900001</misses>
				<total>0</total>
				<timestamp>1140.660075</timestamp>
			</report>
			<report>
				<misses>131000001</misses>
				<total>0</total>
				<timestamp>1141.527220</timestamp>
			</report>
			<report>
				<misses>131100001</misses>
				<total>0</total>
				<timestamp>1142.400349</timestamp>
			</report>
			<report>
				<misses>131200001</misses>
				<total>0</total>
				<timestamp>1143.272736</timestamp>
			</report>
			<report>
				<misses>131300001</misses>
				<total>0</total>
				<timestamp>1144.132084</timestamp>
			</report>
			<report>
				<misses>131400001</misses>
				<total>0</total>
				<timestamp>1144.984549</timestamp>
			</report>
			<report>
				<misses>131500001</misses>
				<total>0</total>
				<timestamp>1145.830893</timestamp>
			</report>
			<report>
				<misses>131600001</misses>
				<total>0</total>
				<timestamp>1146.674536</timestamp>
			</report>
			<report>
				<misses>131700001</misses>
				<total>0</total>
				<timestamp>1147.535761</timestamp>
			</report>
			<report>
				<misses>131800001</misses>
				<total>0</total>
				<timestamp>1148.406182</timestamp>
			</report>
			<report>
				<misses>131900001</misses>
				<total>0</total>
				<timestamp>1149.244009</timestamp>
			</report>
			<report>
				<misses>132000001</misses>
				<total>0</total>
				<timestamp>1150.098733</timestamp>
			</report>
			<report>
				<misses>132100001</misses>
				<total>0</total>
				<timestamp>1150.970394</timestamp>
			</report>
			<report>
				<misses>132200001</misses>
				<total>0</total>
				<timestamp>1151.865822</timestamp>
			</report>
			<report>
				<misses>132300001</misses>
				<total>0</total>
				<timestamp>1152.715672</timestamp>
			</report>
			<report>
				<misses>132400001</misses>
				<total>0</total>
				<timestamp>1153.573656</timestamp>
			</report>
			<report>
				<misses>132500001</misses>
				<total>0</total>
				<timestamp>1154.450612</timestamp>
			</report>
			<report>
				<misses>132600001</misses>
				<total>0</total>
				<timestamp>1155.305331</timestamp>
			</report>
			<report>
				<misses>132700001</misses>
				<total>0</total>
				<timestamp>1156.190420</timestamp>
			</report>
			<report>
				<misses>132800001</misses>
				<total>0</total>
				<timestamp>1157.066202</timestamp>
			</report>
			<report>
				<misses>132900001</misses>
				<total>0</total>
				<timestamp>1157.951452</timestamp>
			</report>
			<report>
				<misses>133000001</misses>
				<total>0</total>
				<timestamp>1158.824272</timestamp>
			</report>
			<report>
				<misses>133100001</misses>
				<total>0</total>
				<timestamp>1159.705773</timestamp>
			</report>
			<report>
				<misses>133200001</misses>
				<total>0</total>
				<timestamp>1160.572256</timestamp>
			</report>
			<report>
				<misses>133300001</misses>
				<total>0</total>
				<timestamp>1161.446200</timestamp>
			</report>
			<report>
				<misses>133400001</misses>
				<total>0</total>
				<timestamp>1162.327151</timestamp>
			</report>
			<report>
				<misses>133500001</misses>
				<total>0</total>
				<timestamp>1163.197348</timestamp>
			</report>
			<report>
				<misses>133600001</misses>
				<total>0</total>
				<timestamp>1164.057747</timestamp>
			</report>
			<report>
				<misses>133700001</misses>
				<total>0</total>
				<timestamp>1164.927069</timestamp>
			</report>
			<report>
				<misses>133800001</misses>
				<total>0</total>
				<timestamp>1165.794364</timestamp>
			</report>
			<report>
				<misses>133900001</misses>
				<total>0</total>
				<timestamp>1166.665627</timestamp>
			</report>
			<report>
				<misses>134000001</misses>
				<total>0</total>
				<timestamp>1167.530265</timestamp>
			</report>
			<report>
				<misses>134100001</misses>
				<total>0</total>
				<timestamp>1168.384361</timestamp>
			</report>
			<report>
				<misses>134200001</misses>
				<total>0</total>
				<timestamp>1169.255762</timestamp>
			</report>
			<report>
				<misses>134300001</misses>
				<total>0</total>
				<timestamp>1170.116681</timestamp>
			</report>
			<report>
				<misses>134400001</misses>
				<total>0</total>
				<timestamp>1170.998028</timestamp>
			</report>
			<report>
				<misses>134500001</misses>
				<total>0</total>
				<timestamp>1171.874786</timestamp>
			</report>
			<report>
				<misses>134600001</misses>
				<total>0</total>
				<timestamp>1172.746617</timestamp>
			</report>
			<report>
				<misses>134700001</misses>
				<total>0</total>
				<timestamp>1173.622144</timestamp>
			</report>
			<report>
				<misses>134800001</misses>
				<total>0</total>
				<timestamp>1174.485648</timestamp>
			</report>
			<report>
				<misses>134900001</misses>
				<total>0</total>
				<timestamp>1175.352480</timestamp>
			</report>
			<report>
				<misses>135000001</misses>
				<total>0</total>
				<timestamp>1176.226800</timestamp>
			</report>
			<report>
				<misses>135100001</misses>
				<total>0</total>
				<timestamp>1177.083277</timestamp>
			</report>
			<report>
				<misses>135200001</misses>
				<total>0</total>
				<timestamp>1177.963147</timestamp>
			</report>
			<report>
				<misses>135300001</misses>
				<total>0</total>
				<timestamp>1178.844097</timestamp>
			</report>
			<report>
				<misses>135400001</misses>
				<total>0</total>
				<timestamp>1179.723175</timestamp>
			</report>
			<report>
				<misses>135500001</misses>
				<total>0</total>
				<timestamp>1180.591772</timestamp>
			</report>
			<report>
				<misses>135600001</misses>
				<total>0</total>
				<timestamp>1181.453452</timestamp>
			</report>
			<report>
				<misses>135700001</misses>
				<total>0</total>
				<timestamp>1182.328190</timestamp>
			</report>
			<report>
				<misses>135800001</misses>
				<total>0</total>
				<timestamp>1183.205824</timestamp>
			</report>
			<report>
				<misses>135900001</misses>
				<total>0</total>
				<timestamp>1184.079045</timestamp>
			</report>
			<report>
				<misses>136000001</misses>
				<total>0</total>
				<timestamp>1184.945951</timestamp>
			</report>
			<report>
				<misses>136100001</misses>
				<total>0</total>
				<timestamp>1185.812742</timestamp>
			</report>
			<report>
				<misses>136200001</misses>
				<total>0</total>
				<timestamp>1186.686653</timestamp>
			</report>
			<report>
				<misses>136300001</misses>
				<total>0</total>
				<timestamp>1187.555629</timestamp>
			</report>
			<report>
				<misses>136400001</misses>
				<total>0</total>
				<timestamp>1188.428606</timestamp>
			</report>
			<report>
				<misses>136500001</misses>
				<total>0</total>
				<timestamp>1189.294605</timestamp>
			</report>
			<report>
				<misses>136600001</misses>
				<total>0</total>
				<timestamp>1190.168184</timestamp>
			</report>
			<report>
				<misses>136700001</misses>
				<total>0</total>
				<timestamp>1191.047415</timestamp>
			</report>
			<report>
				<misses>136800001</misses>
				<total>0</total>
				<timestamp>1191.905587</timestamp>
			</report>
			<report>
				<misses>136900001</misses>
				<total>0</total>
				<timestamp>1192.779260</timestamp>
			</report>
			<report>
				<misses>137000001</misses>
				<total>0</total>
				<timestamp>1193.651379</timestamp>
			</report>
			<report>
				<misses>137100001</misses>
				<total>0</total>
				<timestamp>1194.522998</timestamp>
			</report>
			<report>
				<misses>137200001</misses>
				<total>0</total>
				<timestamp>1195.388465</timestamp>
			</report>
			<report>
				<misses>137300001</misses>
				<total>0</total>
				<timestamp>1196.263145</timestamp>
			</report>
			<report>
				<misses>137400001</misses>
				<total>0</total>
				<timestamp>1197.135747</timestamp>
			</report>
			<report>
				<misses>137500001</misses>
				<total>0</total>
				<timestamp>1198.008019</timestamp>
			</report>
			<report>
				<misses>137600001</misses>
				<total>0</total>
				<timestamp>1198.879953</timestamp>
			</report>
			<report>
				<misses>137700001</misses>
				<total>0</total>
				<timestamp>1199.752321</timestamp>
			</report>
			<report>
				<misses>137800001</misses>
				<total>0</total>
				<timestamp>1200.631207</timestamp>
			</report>
			<report>
				<misses>137900001</misses>
				<total>0</total>
				<timestamp>1201.512901</timestamp>
			</report>
			<report>
				<misses>138000001</misses>
				<total>0</total>
				<timestamp>1202.402327</timestamp>
			</report>
			<report>
				<misses>138100001</misses>
				<total>0</total>
				<timestamp>1203.284810</timestamp>
			</report>
			<report>
				<misses>138200001</misses>
				<total>0</total>
				<timestamp>1204.171013</timestamp>
			</report>
			<report>
				<misses>138300001</misses>
				<total>0</total>
				<timestamp>1205.049656</timestamp>
			</report>
			<report>
				<misses>138400001</misses>
				<total>0</total>
				<timestamp>1205.923948</timestamp>
			</report>
			<report>
				<misses>138500001</misses>
				<total>0</total>
				<timestamp>1206.797733</timestamp>
			</report>
			<report>
				<misses>138600001</misses>
				<total>0</total>
				<timestamp>1207.676325</timestamp>
			</report>
			<report>
				<misses>138700001</misses>
				<total>0</total>
				<timestamp>1208.544688</timestamp>
			</report>
			<report>
				<misses>138800001</misses>
				<total>0</total>
				<timestamp>1209.435619</timestamp>
			</report>
			<report>
				<misses>138900001</misses>
				<total>0</total>
				<timestamp>1210.313436</timestamp>
			</report>
			<report>
				<misses>139000001</misses>
				<total>0</total>
				<timestamp>1211.185573</timestamp>
			</report>
			<report>
				<misses>139100001</misses>
				<total>0</total>
				<timestamp>1212.058491</timestamp>
			</report>
			<report>
				<misses>139200001</misses>
				<total>0</total>
				<timestamp>1212.925623</timestamp>
			</report>
			<report>
				<misses>139300001</misses>
				<total>0</total>
				<timestamp>1213.803796</timestamp>
			</report>
			<report>
				<misses>139400001</misses>
				<total>0</total>
				<timestamp>1214.672560</timestamp>
			</report>
			<report>
				<misses>139500001</misses>
				<total>0</total>
				<timestamp>1215.539541</timestamp>
			</report>
			<report>
				<misses>139600001</misses>
				<total>0</total>
				<timestamp>1216.408549</timestamp>
			</report>
			<report>
				<misses>139700001</misses>
				<total>0</total>
				<timestamp>1217.277667</timestamp>
			</report>
			<report>
				<misses>139800001</misses>
				<total>0</total>
				<timestamp>1218.139710</timestamp>
			</report>
			<report>
				<misses>139900001</misses>
				<total>0</total>
				<timestamp>1219.009231</timestamp>
			</report>
			<report>
				<misses>140000001</misses>
				<total>0</total>
				<timestamp>1219.879356</timestamp>
			</report>
			<report>
				<misses>140100001</misses>
				<total>0</total>
				<timestamp>1220.756779</timestamp>
			</report>
			<report>
				<misses>140200001</misses>
				<total>0</total>
				<timestamp>1221.616017</timestamp>
			</report>
			<report>
				<misses>140300001</misses>
				<total>0</total>
				<timestamp>1222.479177</timestamp>
			</report>
			<report>
				<misses>140400001</misses>
				<total>0</total>
				<timestamp>1223.346328</timestamp>
			</report>
			<report>
				<misses>140500001</misses>
				<total>0</total>
				<timestamp>1224.219228</timestamp>
			</report>
			<report>
				<misses>140600001</misses>
				<total>0</total>
				<timestamp>1225.086872</timestamp>
			</report>
			<report>
				<misses>140700001</misses>
				<total>0</total>
				<timestamp>1225.947676</timestamp>
			</report>
			<report>
				<misses>140800001</misses>
				<total>0</total>
				<timestamp>1226.828511</timestamp>
			</report>
			<report>
				<misses>140900001</misses>
				<total>0</total>
				<timestamp>1227.688108</timestamp>
			</report>
			<report>
				<misses>141000001</misses>
				<total>0</total>
				<timestamp>1228.553122</timestamp>
			</report>
			<report>
				<misses>141100001</misses>
				<total>0</total>
				<timestamp>1229.418355</timestamp>
			</report>
			<report>
				<misses>141200001</misses>
				<total>0</total>
				<timestamp>1230.292725</timestamp>
			</report>
			<report>
				<misses>141300001</misses>
				<total>0</total>
				<timestamp>1231.167503</timestamp>
			</report>
			<report>
				<misses>141400001</misses>
				<total>0</total>
				<timestamp>1232.036015</timestamp>
			</report>
			<report>
				<misses>141500001</misses>
				<total>0</total>
				<timestamp>1232.900521</timestamp>
			</report>
			<report>
				<misses>141600001</misses>
				<total>0</total>
				<timestamp>1233.771740</timestamp>
			</report>
			<report>
				<misses>141700001</misses>
				<total>0</total>
				<timestamp>1234.641189</timestamp>
			</report>
			<report>
				<misses>141800001</misses>
				<total>0</total>
				<timestamp>1235.514396</timestamp>
			</report>
			<report>
				<misses>141900001</misses>
				<total>0</total>
				<timestamp>1236.369850</timestamp>
			</report>
			<report>
				<misses>142000001</misses>
				<total>0</total>
				<timestamp>1237.252426</timestamp>
			</report>
			<report>
				<misses>142100001</misses>
				<total>0</total>
				<timestamp>1238.142902</timestamp>
			</report>
			<report>
				<misses>142200001</misses>
				<total>0</total>
				<timestamp>1239.019824</timestamp>
			</report>
			<report>
				<misses>142300001</misses>
				<total>0</total>
				<timestamp>1239.905432</timestamp>
			</report>
			<report>
				<misses>142400001</misses>
				<total>0</total>
				<timestamp>1240.779379</timestamp>
			</report>
			<report>
				<misses>142500001</misses>
				<total>0</total>
				<timestamp>1241.645885</timestamp>
			</report>
			<report>
				<misses>142600001</misses>
				<total>0</total>
				<timestamp>1242.520226</timestamp>
			</report>
			<report>
				<misses>142700001</misses>
				<total>0</total>
				<timestamp>1243.394628</timestamp>
			</report>
			<report>
				<misses>142800001</misses>
				<total>0</total>
				<timestamp>1244.261444</timestamp>
			</report>
			<report>
				<misses>142900001</misses>
				<total>0</total>
				<timestamp>1245.125581</timestamp>
			</report>
			<report>
				<misses>143000001</misses>
				<total>0</total>
				<timestamp>1245.988723</timestamp>
			</report>
			<report>
				<misses>143100001</misses>
				<total>0</total>
				<timestamp>1246.856339</timestamp>
			</report>
			<report>
				<misses>143200001</misses>
				<total>0</total>
				<timestamp>1247.716658</timestamp>
			</report>
			<report>
				<misses>143300001</misses>
				<total>0</total>
				<timestamp>1248.589629</timestamp>
			</report>
			<report>
				<misses>143400001</misses>
				<total>0</total>
				<timestamp>1249.466574</timestamp>
			</report>
			<report>
				<misses>143500001</misses>
				<total>0</total>
				<timestamp>1250.332111</timestamp>
			</report>
			<report>
				<misses>143600001</misses>
				<total>0</total>
				<timestamp>1251.204574</timestamp>
			</report>
			<report>
				<misses>143700001</misses>
				<total>0</total>
				<timestamp>1252.071568</timestamp>
			</report>
			<report>
				<misses>143800001</misses>
				<total>0</total>
				<timestamp>1252.943291</timestamp>
			</report>
			<report>
				<misses>143900001</misses>
				<total>0</total>
				<timestamp>1253.820317</timestamp>
			</report>
			<report>
				<misses>144000001</misses>
				<total>0</total>
				<timestamp>1254.690867</timestamp>
			</report>
			<report>
				<misses>144100001</misses>
				<total>0</total>
				<timestamp>1255.564235</timestamp>
			</report>
			<report>
				<misses>144200001</misses>
				<total>0</total>
				<timestamp>1256.425538</timestamp>
			</report>
			<report>
				<misses>144300001</misses>
				<total>0</total>
				<timestamp>1257.294322</timestamp>
			</report>
			<report>
				<misses>144400001</misses>
				<total>0</total>
				<timestamp>1258.170188</timestamp>
			</report>
			<report>
				<misses>144500001</misses>
				<total>0</total>
				<timestamp>1259.042932</timestamp>
			</report>
			<report>
				<misses>144600001</misses>
				<total>0</total>
				<timestamp>1259.926496</timestamp>
			</report>
			<report>
				<misses>144700001</misses>
				<total>0</total>
				<timestamp>1260.803921</timestamp>
			</report>
			<report>
				<misses>144800001</misses>
				<total>0</total>
				<timestamp>1261.681295</timestamp>
			</report>
			<report>
				<misses>144900001</misses>
				<total>0</total>
				<timestamp>1262.543832</timestamp>
			</report>
			<report>
				<misses>145000001</misses>
				<total>0</total>
				<timestamp>1263.391878</timestamp>
			</report>
			<report>
				<misses>145100001</misses>
				<total>0</total>
				<timestamp>1264.267935</timestamp>
			</report>
			<report>
				<misses>145200001</misses>
				<total>0</total>
				<timestamp>1265.122295</timestamp>
			</report>
			<report>
				<misses>145300001</misses>
				<total>0</total>
				<timestamp>1266.006515</timestamp>
			</report>
			<report>
				<misses>145400001</misses>
				<total>0</total>
				<timestamp>1266.878694</timestamp>
			</report>
			<report>
				<misses>145500001</misses>
				<total>0</total>
				<timestamp>1267.746425</timestamp>
			</report>
			<report>
				<misses>145600001</misses>
				<total>0</total>
				<timestamp>1268.623671</timestamp>
			</report>
			<report>
				<misses>145700001</misses>
				<total>0</total>
				<timestamp>1269.503168</timestamp>
			</report>
			<report>
				<misses>145800001</misses>
				<total>0</total>
				<timestamp>1270.356123</timestamp>
			</report>
			<report>
				<misses>145900001</misses>
				<total>0</total>
				<timestamp>1271.233213</timestamp>
			</report>
			<report>
				<misses>146000001</misses>
				<total>0</total>
				<timestamp>1272.121784</timestamp>
			</report>
			<report>
				<misses>146100001</misses>
				<total>0</total>
				<timestamp>1273.009656</timestamp>
			</report>
			<report>
				<misses>146200001</misses>
				<total>0</total>
				<timestamp>1273.881120</timestamp>
			</report>
			<report>
				<misses>146300001</misses>
				<total>0</total>
				<timestamp>1274.752852</timestamp>
			</report>
			<report>
				<misses>146400001</misses>
				<total>0</total>
				<timestamp>1275.614683</timestamp>
			</report>
			<report>
				<misses>146500001</misses>
				<total>0</total>
				<timestamp>1276.482035</timestamp>
			</report>
			<report>
				<misses>146600001</misses>
				<total>0</total>
				<timestamp>1277.356612</timestamp>
			</report>
			<report>
				<misses>146700001</misses>
				<total>0</total>
				<timestamp>1278.204491</timestamp>
			</report>
			<report>
				<misses>146800001</misses>
				<total>0</total>
				<timestamp>1279.068769</timestamp>
			</report>
			<report>
				<misses>146900001</misses>
				<total>0</total>
				<timestamp>1279.933589</timestamp>
			</report>
			<report>
				<misses>147000001</misses>
				<total>0</total>
				<timestamp>1280.803208</timestamp>
			</report>
			<report>
				<misses>147100001</misses>
				<total>0</total>
				<timestamp>1281.674024</timestamp>
			</report>
			<report>
				<misses>147200001</misses>
				<total>0</total>
				<timestamp>1282.545964</timestamp>
			</report>
			<report>
				<misses>147300001</misses>
				<total>0</total>
				<timestamp>1283.404411</timestamp>
			</report>
			<report>
				<misses>147400001</misses>
				<total>0</total>
				<timestamp>1284.267862</timestamp>
			</report>
			<report>
				<misses>147500001</misses>
				<total>0</total>
				<timestamp>1285.125989</timestamp>
			</report>
			<report>
				<misses>147600001</misses>
				<total>0</total>
				<timestamp>1285.996705</timestamp>
			</report>
			<report>
				<misses>147700001</misses>
				<total>0</total>
				<timestamp>1286.865800</timestamp>
			</report>
			<report>
				<misses>147800001</misses>
				<total>0</total>
				<timestamp>1287.734842</timestamp>
			</report>
			<report>
				<misses>147900001</misses>
				<total>0</total>
				<timestamp>1288.602451</timestamp>
			</report>
			<report>
				<misses>148000001</misses>
				<total>0</total>
				<timestamp>1289.477642</timestamp>
			</report>
			<report>
				<misses>148100001</misses>
				<total>0</total>
				<timestamp>1290.347313</timestamp>
			</report>
			<report>
				<misses>148200001</misses>
				<total>0</total>
				<timestamp>1291.207685</timestamp>
			</report>
			<report>
				<misses>148300001</misses>
				<total>0</total>
				<timestamp>1292.088088</timestamp>
			</report>
			<report>
				<misses>148400001</misses>
				<total>0</total>
				<timestamp>1292.959805</timestamp>
			</report>
			<report>
				<misses>148500001</misses>
				<total>0</total>
				<timestamp>1293.830012</timestamp>
			</report>
			<report>
				<misses>148600001</misses>
				<total>0</total>
				<timestamp>1294.707475</timestamp>
			</report>
			<report>
				<misses>148700001</misses>
				<total>0</total>
				<timestamp>1295.581576</timestamp>
			</report>
			<report>
				<misses>148800001</misses>
				<total>0</total>
				<timestamp>1296.458455</timestamp>
			</report>
			<report>
				<misses>148900001</misses>
				<total>0</total>
				<timestamp>1297.326739</timestamp>
			</report>
			<report>
				<misses>149000001</misses>
				<total>0</total>
				<timestamp>1298.188241</timestamp>
			</report>
			<report>
				<misses>149100001</misses>
				<total>0</total>
				<timestamp>1299.057216</timestamp>
			</report>
			<report>
				<misses>149200001</misses>
				<total>0</total>
				<timestamp>1299.925021</timestamp>
			</report>
			<report>
				<misses>149300001</misses>
				<total>0</total>
				<timestamp>1300.799268</timestamp>
			</report>
			<report>
				<misses>149400001</misses>
				<total>0</total>
				<timestamp>1301.657028</timestamp>
			</report>
			<report>
				<misses>149500001</misses>
				<total>0</total>
				<timestamp>1302.537120</timestamp>
			</report>
			<report>
				<misses>149600001</misses>
				<total>0</total>
				<timestamp>1303.419097</timestamp>
			</report>
			<report>
				<misses>149700001</misses>
				<total>0</total>
				<timestamp>1304.304879</timestamp>
			</report>
			<report>
				<misses>149800001</misses>
				<total>0</total>
				<timestamp>1305.187495</timestamp>
			</report>
			<report>
				<misses>149900001</misses>
				<total>0</total>
				<timestamp>1306.076173</timestamp>
			</report>
			<report>
				<misses>150000001</misses>
				<total>0</total>
				<timestamp>1306.959459</timestamp>
			</report>
			<report>
				<misses>150100001</misses>
				<total>0</total>
				<timestamp>1307.847849</timestamp>
			</report>
			<report>
				<misses>150200001</misses>
				<total>0</total>
				<timestamp>1308.731737</timestamp>
			</report>
			<report>
				<misses>150300001</misses>
				<total>0</total>
				<timestamp>1309.594265</timestamp>
			</report>
			<report>
				<misses>150400001</misses>
				<total>0</total>
				<timestamp>1310.465303</timestamp>
			</report>
			<report>
				<misses>150500001</misses>
				<total>0</total>
				<timestamp>1311.320436</timestamp>
			</report>
			<report>
				<misses>150600001</misses>
				<total>0</total>
				<timestamp>1312.193770</timestamp>
			</report>
			<report>
				<misses>150700001</misses>
				<total>0</total>
				<timestamp>1313.071000</timestamp>
			</report>
			<report>
				<misses>150800001</misses>
				<total>0</total>
				<timestamp>1313.940835</timestamp>
			</report>
			<report>
				<misses>150900001</misses>
				<total>0</total>
				<timestamp>1314.810145</timestamp>
			</report>
			<report>
				<misses>151000001</misses>
				<total>0</total>
				<timestamp>1315.693672</timestamp>
			</report>
			<report>
				<misses>151100001</misses>
				<total>0</total>
				<timestamp>1316.553500</timestamp>
			</report>
			<report>
				<misses>151200001</misses>
				<total>0</total>
				<timestamp>1317.423272</timestamp>
			</report>
			<report>
				<misses>151300001</misses>
				<total>0</total>
				<timestamp>1318.286129</timestamp>
			</report>
			<report>
				<misses>151400001</misses>
				<total>0</total>
				<timestamp>1319.155664</timestamp>
			</report>
			<report>
				<misses>151500001</misses>
				<total>0</total>
				<timestamp>1320.021055</timestamp>
			</report>
			<report>
				<misses>151600001</misses>
				<total>0</total>
				<timestamp>1320.889549</timestamp>
			</report>
			<report>
				<misses>151700001</misses>
				<total>0</total>
				<timestamp>1321.748508</timestamp>
			</report>
			<report>
				<misses>151800001</misses>
				<total>0</total>
				<timestamp>1322.612381</timestamp>
			</report>
			<report>
				<misses>151900001</misses>
				<total>0</total>
				<timestamp>1323.476925</timestamp>
			</report>
			<report>
				<misses>152000001</misses>
				<total>0</total>
				<timestamp>1324.360557</timestamp>
			</report>
			<report>
				<misses>152100001</misses>
				<total>0</total>
				<timestamp>1325.230568</timestamp>
			</report>
			<report>
				<misses>152200001</misses>
				<total>0</total>
				<timestamp>1326.096036</timestamp>
			</report>
			<report>
				<misses>152300001</misses>
				<total>0</total>
				<timestamp>1326.960324</timestamp>
			</report>
			<report>
				<misses>152400001</misses>
				<total>0</total>
				<timestamp>1327.825859</timestamp>
			</report>
			<report>
				<misses>152500001</misses>
				<total>0</total>
				<timestamp>1328.692893</timestamp>
			</report>
			<report>
				<misses>152600001</misses>
				<total>0</total>
				<timestamp>1329.557386</timestamp>
			</report>
			<report>
				<misses>152700001</misses>
				<total>0</total>
				<timestamp>1330.424575</timestamp>
			</report>
			<report>
				<misses>152800001</misses>
				<total>0</total>
				<timestamp>1331.293890</timestamp>
			</report>
			<report>
				<misses>152900001</misses>
				<total>0</total>
				<timestamp>1332.136973</timestamp>
			</report>
			<report>
				<misses>153000001</misses>
				<total>0</total>
				<timestamp>1332.982542</timestamp>
			</report>
			<report>
				<misses>153100001</misses>
				<total>0</total>
				<timestamp>1333.848618</timestamp>
			</report>
			<report>
				<misses>153200001</misses>
				<total>0</total>
				<timestamp>1334.726847</timestamp>
			</report>
			<report>
				<misses>153300001</misses>
				<total>0</total>
				<timestamp>1335.602631</timestamp>
			</report>
			<report>
				<misses>153400001</misses>
				<total>0</total>
				<timestamp>1336.477839</timestamp>
			</report>
			<report>
				<misses>153500001</misses>
				<total>0</total>
				<timestamp>1337.353947</timestamp>
			</report>
			<report>
				<misses>153600001</misses>
				<total>0</total>
				<timestamp>1338.221529</timestamp>
			</report>
			<report>
				<misses>153700001</misses>
				<total>0</total>
				<timestamp>1339.091507</timestamp>
			</report>
			<report>
				<misses>153800001</misses>
				<total>0</total>
				<timestamp>1339.972797</timestamp>
			</report>
			<report>
				<misses>153900001</misses>
				<total>0</total>
				<timestamp>1340.846243</timestamp>
			</report>
			<report>
				<misses>154000001</misses>
				<total>0</total>
				<timestamp>1341.721237</timestamp>
			</report>
			<report>
				<misses>154100001</misses>
				<total>0</total>
				<timestamp>1342.603101</timestamp>
			</report>
			<report>
				<misses>154200001</misses>
				<total>0</total>
				<timestamp>1343.470986</timestamp>
			</report>
			<report>
				<misses>154300001</misses>
				<total>0</total>
				<timestamp>1344.339600</timestamp>
			</report>
			<report>
				<misses>154400001</misses>
				<total>0</total>
				<timestamp>1345.216563</timestamp>
			</report>
			<report>
				<misses>154500001</misses>
				<total>0</total>
				<timestamp>1346.083774</timestamp>
			</report>
			<report>
				<misses>154600001</misses>
				<total>0</total>
				<timestamp>1346.943882</timestamp>
			</report>
			<report>
				<misses>154700001</misses>
				<total>0</total>
				<timestamp>1347.808840</timestamp>
			</report>
			<report>
				<misses>154800001</misses>
				<total>0</total>
				<timestamp>1348.685751</timestamp>
			</report>
			<report>
				<misses>154900001</misses>
				<total>0</total>
				<timestamp>1349.558718</timestamp>
			</report>
			<report>
				<misses>155000001</misses>
				<total>0</total>
				<timestamp>1350.423503</timestamp>
			</report>
			<report>
				<misses>155100001</misses>
				<total>0</total>
				<timestamp>1351.297457</timestamp>
			</report>
			<report>
				<misses>155200001</misses>
				<total>0</total>
				<timestamp>1352.164862</timestamp>
			</report>
			<report>
				<misses>155300001</misses>
				<total>0</total>
				<timestamp>1353.030116</timestamp>
			</report>
			<report>
				<misses>155400001</misses>
				<total>0</total>
				<timestamp>1353.889680</timestamp>
			</report>
			<report>
				<misses>155500001</misses>
				<total>0</total>
				<timestamp>1354.756965</timestamp>
			</report>
			<report>
				<misses>155600001</misses>
				<total>0</total>
				<timestamp>1355.630739</timestamp>
			</report>
			<report>
				<misses>155700001</misses>
				<total>0</total>
				<timestamp>1356.481833</timestamp>
			</report>
			<report>
				<misses>155800001</misses>
				<total>0</total>
				<timestamp>1357.356857</timestamp>
			</report>
			<report>
				<misses>155900001</misses>
				<total>0</total>
				<timestamp>1358.214731</timestamp>
			</report>
			<report>
				<misses>156000001</misses>
				<total>0</total>
				<timestamp>1359.084101</timestamp>
			</report>
			<report>
				<misses>156100001</misses>
				<total>0</total>
				<timestamp>1359.947519</timestamp>
			</report>
			<report>
				<misses>156200001</misses>
				<total>0</total>
				<timestamp>1360.823898</timestamp>
			</report>
			<report>
				<misses>156300001</misses>
				<total>0</total>
				<timestamp>1361.708421</timestamp>
			</report>
			<report>
				<misses>156400001</misses>
				<total>0</total>
				<timestamp>1362.574407</timestamp>
			</report>
			<report>
				<misses>156500001</misses>
				<total>0</total>
				<timestamp>1363.442294</timestamp>
			</report>
			<report>
				<misses>156600001</misses>
				<total>0</total>
				<timestamp>1364.307239</timestamp>
			</report>
			<report>
				<misses>156700001</misses>
				<total>0</total>
				<timestamp>1365.150908</timestamp>
			</report>
			<report>
				<misses>156800001</misses>
				<total>0</total>
				<timestamp>1366.020844</timestamp>
			</report>
			<report>
				<misses>156900001</misses>
				<total>0</total>
				<timestamp>1366.887505</timestamp>
			</report>
			<report>
				<misses>157000001</misses>
				<total>0</total>
				<timestamp>1367.752307</timestamp>
			</report>
			<report>
				<misses>157100001</misses>
				<total>0</total>
				<timestamp>1368.632807</timestamp>
			</report>
			<report>
				<misses>157200001</misses>
				<total>0</total>
				<timestamp>1369.500513</timestamp>
			</report>
			<report>
				<misses>157300001</misses>
				<total>0</total>
				<timestamp>1370.371714</timestamp>
			</report>
			<report>
				<misses>157400001</misses>
				<total>0</total>
				<timestamp>1371.236021</timestamp>
			</report>
			<report>
				<misses>157500001</misses>
				<total>0</total>
				<timestamp>1372.114700</timestamp>
			</report>
			<report>
				<misses>157600001</misses>
				<total>0</total>
				<timestamp>1372.985392</timestamp>
			</report>
			<report>
				<misses>157700001</misses>
				<total>0</total>
				<timestamp>1373.866848</timestamp>
			</report>
			<report>
				<misses>157800001</misses>
				<total>0</total>
				<timestamp>1374.762920</timestamp>
			</report>
			<report>
				<misses>157900001</misses>
				<total>0</total>
				<timestamp>1375.646101</timestamp>
			</report>
			<report>
				<misses>158000001</misses>
				<total>0</total>
				<timestamp>1376.518517</timestamp>
			</report>
			<report>
				<misses>158100001</misses>
				<total>0</total>
				<timestamp>1377.397636</timestamp>
			</report>
			<report>
				<misses>158200001</misses>
				<total>0</total>
				<timestamp>1378.271257</timestamp>
			</report>
			<report>
				<misses>158300001</misses>
				<total>0</total>
				<timestamp>1379.143372</timestamp>
			</report>
			<report>
				<misses>158400001</misses>
				<total>0</total>
				<timestamp>1380.013685</timestamp>
			</report>
			<report>
				<misses>158500001</misses>
				<total>0</total>
				<timestamp>1380.881020</timestamp>
			</report>
			<report>
				<misses>158600001</misses>
				<total>0</total>
				<timestamp>1381.748936</timestamp>
			</report>
			<report>
				<misses>158700001</misses>
				<total>0</total>
				<timestamp>1382.616293</timestamp>
			</report>
			<report>
				<misses>158800001</misses>
				<total>0</total>
				<timestamp>1383.485731</timestamp>
			</report>
			<report>
				<misses>158900001</misses>
				<total>0</total>
				<timestamp>1384.350333</timestamp>
			</report>
			<report>
				<misses>159000001</misses>
				<total>0</total>
				<timestamp>1385.216457</timestamp>
			</report>
			<report>
				<misses>159100001</misses>
				<total>0</total>
				<timestamp>1386.083431</timestamp>
			</report>
			<report>
				<misses>159200001</misses>
				<total>0</total>
				<timestamp>1386.955183</timestamp>
			</report>
			<report>
				<misses>159300001</misses>
				<total>0</total>
				<timestamp>1387.826628</timestamp>
			</report>
			<report>
				<misses>159400001</misses>
				<total>0</total>
				<timestamp>1388.705510</timestamp>
			</report>
			<report>
				<misses>159500001</misses>
				<total>0</total>
				<timestamp>1389.560362</timestamp>
			</report>
			<report>
				<misses>159600001</misses>
				<total>0</total>
				<timestamp>1390.408014</timestamp>
			</report>
			<report>
				<misses>159700001</misses>
				<total>0</total>
				<timestamp>1391.277249</timestamp>
			</report>
			<report>
				<misses>159800001</misses>
				<total>0</total>
				<timestamp>1392.145813</timestamp>
			</report>
			<report>
				<misses>159900001</misses>
				<total>0</total>
				<timestamp>1393.007921</timestamp>
			</report>
			<report>
				<misses>160000001</misses>
				<total>0</total>
				<timestamp>1393.884868</timestamp>
			</report>
			<report>
				<misses>160100001</misses>
				<total>0</total>
				<timestamp>1394.759960</timestamp>
			</report>
			<report>
				<misses>160200001</misses>
				<total>0</total>
				<timestamp>1395.632203</timestamp>
			</report>
			<report>
				<misses>160300001</misses>
				<total>0</total>
				<timestamp>1396.502883</timestamp>
			</report>
			<report>
				<misses>160400001</misses>
				<total>0</total>
				<timestamp>1397.362132</timestamp>
			</report>
			<report>
				<misses>160500001</misses>
				<total>0</total>
				<timestamp>1398.235965</timestamp>
			</report>
			<report>
				<misses>160600001</misses>
				<total>0</total>
				<timestamp>1399.105141</timestamp>
			</report>
			<report>
				<misses>160700001</misses>
				<total>0</total>
				<timestamp>1399.973201</timestamp>
			</report>
			<report>
				<misses>160800001</misses>
				<total>0</total>
				<timestamp>1400.840629</timestamp>
			</report>
			<report>
				<misses>160900001</misses>
				<total>0</total>
				<timestamp>1401.695747</timestamp>
			</report>
			<report>
				<misses>161000001</misses>
				<total>0</total>
				<timestamp>1402.573576</timestamp>
			</report>
			<report>
				<misses>161100001</misses>
				<total>0</total>
				<timestamp>1403.449669</timestamp>
			</report>
			<report>
				<misses>161200001</misses>
				<total>0</total>
				<timestamp>1404.326518</timestamp>
			</report>
			<report>
				<misses>161300001</misses>
				<total>0</total>
				<timestamp>1405.190128</timestamp>
			</report>
			<report>
				<misses>161400001</misses>
				<total>0</total>
				<timestamp>1406.068428</timestamp>
			</report>
			<report>
				<misses>161500001</misses>
				<total>0</total>
				<timestamp>1406.948905</timestamp>
			</report>
			<report>
				<misses>161600001</misses>
				<total>0</total>
				<timestamp>1407.816639</timestamp>
			</report>
			<report>
				<misses>161700001</misses>
				<total>0</total>
				<timestamp>1408.688911</timestamp>
			</report>
			<report>
				<misses>161800001</misses>
				<total>0</total>
				<timestamp>1409.574698</timestamp>
			</report>
			<report>
				<misses>161900001</misses>
				<total>0</total>
				<timestamp>1410.445668</timestamp>
			</report>
			<report>
				<misses>162000001</misses>
				<total>0</total>
				<timestamp>1411.316970</timestamp>
			</report>
			<report>
				<misses>162100001</misses>
				<total>0</total>
				<timestamp>1412.189200</timestamp>
			</report>
			<report>
				<misses>162200001</misses>
				<total>0</total>
				<timestamp>1413.059327</timestamp>
			</report>
			<report>
				<misses>162300001</misses>
				<total>0</total>
				<timestamp>1413.933141</timestamp>
			</report>
			<report>
				<misses>162400001</misses>
				<total>0</total>
				<timestamp>1414.809321</timestamp>
			</report>
			<report>
				<misses>162500001</misses>
				<total>0</total>
				<timestamp>1415.675275</timestamp>
			</report>
			<report>
				<misses>162600001</misses>
				<total>0</total>
				<timestamp>1416.555126</timestamp>
			</report>
			<report>
				<misses>162700001</misses>
				<total>0</total>
				<timestamp>1417.427669</timestamp>
			</report>
			<report>
				<misses>162800001</misses>
				<total>0</total>
				<timestamp>1418.292793</timestamp>
			</report>
			<report>
				<misses>162900001</misses>
				<total>0</total>
				<timestamp>1419.160435</timestamp>
			</report>
			<report>
				<misses>163000001</misses>
				<total>0</total>
				<timestamp>1420.042474</timestamp>
			</report>
			<report>
				<misses>163100001</misses>
				<total>0</total>
				<timestamp>1420.910297</timestamp>
			</report>
			<report>
				<misses>163200001</misses>
				<total>0</total>
				<timestamp>1421.783356</timestamp>
			</report>
			<report>
				<misses>163300001</misses>
				<total>0</total>
				<timestamp>1422.656872</timestamp>
			</report>
			<report>
				<misses>163400001</misses>
				<total>0</total>
				<timestamp>1423.509820</timestamp>
			</report>
			<report>
				<misses>163500001</misses>
				<total>0</total>
				<timestamp>1424.362175</timestamp>
			</report>
			<report>
				<misses>163600001</misses>
				<total>0</total>
				<timestamp>1425.220361</timestamp>
			</report>
			<report>
				<misses>163700001</misses>
				<total>0</total>
				<timestamp>1426.086836</timestamp>
			</report>
			<report>
				<misses>163800001</misses>
				<total>0</total>
				<timestamp>1426.960804</timestamp>
			</report>
			<report>
				<misses>163900001</misses>
				<total>0</total>
				<timestamp>1427.825839</timestamp>
			</report>
			<report>
				<misses>164000001</misses>
				<total>0</total>
				<timestamp>1428.682222</timestamp>
			</report>
			<report>
				<misses>164100001</misses>
				<total>0</total>
				<timestamp>1429.541702</timestamp>
			</report>
			<report>
				<misses>164200001</misses>
				<total>0</total>
				<timestamp>1430.399556</timestamp>
			</report>
			<report>
				<misses>164300001</misses>
				<total>0</total>
				<timestamp>1431.263016</timestamp>
			</report>
			<report>
				<misses>164400001</misses>
				<total>0</total>
				<timestamp>1432.131077</timestamp>
			</report>
			<report>
				<misses>164500001</misses>
				<total>0</total>
				<timestamp>1432.996860</timestamp>
			</report>
			<report>
				<misses>164600001</misses>
				<total>0</total>
				<timestamp>1433.866376</timestamp>
			</report>
			<report>
				<misses>164700001</misses>
				<total>0</total>
				<timestamp>1434.744493</timestamp>
			</report>
			<report>
				<misses>164800001</misses>
				<total>0</total>
				<timestamp>1435.613117</timestamp>
			</report>
			<report>
				<misses>164900001</misses>
				<total>0</total>
				<timestamp>1436.475263</timestamp>
			</report>
			<report>
				<misses>165000001</misses>
				<total>0</total>
				<timestamp>1437.335312</timestamp>
			</report>
			<report>
				<misses>165100001</misses>
				<total>0</total>
				<timestamp>1438.205908</timestamp>
			</report>
			<report>
				<misses>165200001</misses>
				<total>0</total>
				<timestamp>1439.065129</timestamp>
			</report>
			<report>
				<misses>165300001</misses>
				<total>0</total>
				<timestamp>1439.932842</timestamp>
			</report>
			<report>
				<misses>165400001</misses>
				<total>0</total>
				<timestamp>1440.803188</timestamp>
			</report>
			<report>
				<misses>165500001</misses>
				<total>0</total>
				<timestamp>1441.690087</timestamp>
			</report>
			<report>
				<misses>165600001</misses>
				<total>0</total>
				<timestamp>1442.569677</timestamp>
			</report>
			<report>
				<misses>165700001</misses>
				<total>0</total>
				<timestamp>1443.452110</timestamp>
			</report>
			<report>
				<misses>165800001</misses>
				<total>0</total>
				<timestamp>1444.319693</timestamp>
			</report>
			<report>
				<misses>165900001</misses>
				<total>0</total>
				<timestamp>1445.191852</timestamp>
			</report>
			<report>
				<misses>166000001</misses>
				<total>0</total>
				<timestamp>1446.066826</timestamp>
			</report>
			<report>
				<misses>166100001</misses>
				<total>0</total>
				<timestamp>1446.941381</timestamp>
			</report>
			<report>
				<misses>166200001</misses>
				<total>0</total>
				<timestamp>1447.818112</timestamp>
			</report>
			<report>
				<misses>166300001</misses>
				<total>0</total>
				<timestamp>1448.690842</timestamp>
			</report>
			<report>
				<misses>166400001</misses>
				<total>0</total>
				<timestamp>1449.554443</timestamp>
			</report>
			<report>
				<misses>166500001</misses>
				<total>0</total>
				<timestamp>1450.422928</timestamp>
			</report>
			<report>
				<misses>166600001</misses>
				<total>0</total>
				<timestamp>1451.295436</timestamp>
			</report>
			<report>
				<misses>166700001</misses>
				<total>0</total>
				<timestamp>1452.163862</timestamp>
			</report>
			<report>
				<misses>166800001</misses>
				<total>0</total>
				<timestamp>1453.026330</timestamp>
			</report>
			<report>
				<misses>166900001</misses>
				<total>0</total>
				<timestamp>1453.887419</timestamp>
			</report>
			<report>
				<misses>167000001</misses>
				<total>0</total>
				<timestamp>1454.756253</timestamp>
			</report>
			<report>
				<misses>167100001</misses>
				<total>0</total>
				<timestamp>1455.622270</timestamp>
			</report>
			<report>
				<misses>167200001</misses>
				<total>0</total>
				<timestamp>1456.490869</timestamp>
			</report>
			<report>
				<misses>167300001</misses>
				<total>0</total>
				<timestamp>1457.359535</timestamp>
			</report>
			<report>
				<misses>167400001</misses>
				<total>0</total>
				<timestamp>1458.232447</timestamp>
			</report>
			<report>
				<misses>167500001</misses>
				<total>0</total>
				<timestamp>1459.095470</timestamp>
			</report>
			<report>
				<misses>167600001</misses>
				<total>0</total>
				<timestamp>1459.965392</timestamp>
			</report>
			<report>
				<misses>167700001</misses>
				<total>0</total>
				<timestamp>1460.834680</timestamp>
			</report>
			<report>
				<misses>167800001</misses>
				<total>0</total>
				<timestamp>1461.707374</timestamp>
			</report>
			<report>
				<misses>167900001</misses>
				<total>0</total>
				<timestamp>1462.562546</timestamp>
			</report>
			<report>
				<misses>168000001</misses>
				<total>0</total>
				<timestamp>1463.431686</timestamp>
			</report>
			<report>
				<misses>168100001</misses>
				<total>0</total>
				<timestamp>1464.306822</timestamp>
			</report>
			<report>
				<misses>168200001</misses>
				<total>0</total>
				<timestamp>1465.178335</timestamp>
			</report>
			<report>
				<misses>168300001</misses>
				<total>0</total>
				<timestamp>1466.050654</timestamp>
			</report>
			<report>
				<misses>168400001</misses>
				<total>0</total>
				<timestamp>1466.922569</timestamp>
			</report>
			<report>
				<misses>168500001</misses>
				<total>0</total>
				<timestamp>1467.783620</timestamp>
			</report>
			<report>
				<misses>168600001</misses>
				<total>0</total>
				<timestamp>1468.660765</timestamp>
			</report>
			<report>
				<misses>168700001</misses>
				<total>0</total>
				<timestamp>1469.549112</timestamp>
			</report>
			<report>
				<misses>168800001</misses>
				<total>0</total>
				<timestamp>1470.419129</timestamp>
			</report>
			<report>
				<misses>168900001</misses>
				<total>0</total>
				<timestamp>1471.289764</timestamp>
			</report>
			<report>
				<misses>169000001</misses>
				<total>0</total>
				<timestamp>1472.157264</timestamp>
			</report>
			<report>
				<misses>169100001</misses>
				<total>0</total>
				<timestamp>1473.033078</timestamp>
			</report>
			<report>
				<misses>169200001</misses>
				<total>0</total>
				<timestamp>1473.895163</timestamp>
			</report>
			<report>
				<misses>169300001</misses>
				<total>0</total>
				<timestamp>1474.763827</timestamp>
			</report>
			<report>
				<misses>169400001</misses>
				<total>0</total>
				<timestamp>1475.660686</timestamp>
			</report>
			<report>
				<misses>169500001</misses>
				<total>0</total>
				<timestamp>1476.537842</timestamp>
			</report>
			<report>
				<misses>169600001</misses>
				<total>0</total>
				<timestamp>1477.409993</timestamp>
			</report>
			<report>
				<misses>169700001</misses>
				<total>0</total>
				<timestamp>1478.286878</timestamp>
			</report>
			<report>
				<misses>169800001</misses>
				<total>0</total>
				<timestamp>1479.172476</timestamp>
			</report>
			<report>
				<misses>169900001</misses>
				<total>0</total>
				<timestamp>1480.055396</timestamp>
			</report>
			<report>
				<misses>170000001</misses>
				<total>0</total>
				<timestamp>1480.926700</timestamp>
			</report>
			<report>
				<misses>170100001</misses>
				<total>0</total>
				<timestamp>1481.786549</timestamp>
			</report>
			<report>
				<misses>170200001</misses>
				<total>0</total>
				<timestamp>1482.659020</timestamp>
			</report>
			<report>
				<misses>170300001</misses>
				<total>0</total>
				<timestamp>1483.538054</timestamp>
			</report>
			<report>
				<misses>170400001</misses>
				<total>0</total>
				<timestamp>1484.409289</timestamp>
			</report>
			<report>
				<misses>170500001</misses>
				<total>0</total>
				<timestamp>1485.256221</timestamp>
			</report>
			<report>
				<misses>170600001</misses>
				<total>0</total>
				<timestamp>1486.123241</timestamp>
			</report>
			<report>
				<misses>170700001</misses>
				<total>0</total>
				<timestamp>1486.985581</timestamp>
			</report>
			<report>
				<misses>170800001</misses>
				<total>0</total>
				<timestamp>1487.854872</timestamp>
			</report>
			<report>
				<misses>170900001</misses>
				<total>0</total>
				<timestamp>1488.725044</timestamp>
			</report>
			<report>
				<misses>171000001</misses>
				<total>0</total>
				<timestamp>1489.586875</timestamp>
			</report>
			<report>
				<misses>171100001</misses>
				<total>0</total>
				<timestamp>1490.452016</timestamp>
			</report>
			<report>
				<misses>171200001</misses>
				<total>0</total>
				<timestamp>1491.318679</timestamp>
			</report>
			<report>
				<misses>171300001</misses>
				<total>0</total>
				<timestamp>1492.188662</timestamp>
			</report>
			<report>
				<misses>171400001</misses>
				<total>0</total>
				<timestamp>1493.052992</timestamp>
			</report>
			<report>
				<misses>171500001</misses>
				<total>0</total>
				<timestamp>1493.930917</timestamp>
			</report>
			<report>
				<misses>171600001</misses>
				<total>0</total>
				<timestamp>1494.803565</timestamp>
			</report>
			<report>
				<misses>171700001</misses>
				<total>0</total>
				<timestamp>1495.676562</timestamp>
			</report>
			<report>
				<misses>171800001</misses>
				<total>0</total>
				<timestamp>1496.537842</timestamp>
			</report>
			<report>
				<misses>171900001</misses>
				<total>0</total>
				<timestamp>1497.413656</timestamp>
			</report>
			<report>
				<misses>172000001</misses>
				<total>0</total>
				<timestamp>1498.279417</timestamp>
			</report>
			<report>
				<misses>172100001</misses>
				<total>0</total>
				<timestamp>1499.143847</timestamp>
			</report>
			<report>
				<misses>172200001</misses>
				<total>0</total>
				<timestamp>1500.015512</timestamp>
			</report>
			<report>
				<misses>172300001</misses>
				<total>0</total>
				<timestamp>1500.893367</timestamp>
			</report>
			<report>
				<misses>172400001</misses>
				<total>0</total>
				<timestamp>1501.769446</timestamp>
			</report>
			<report>
				<misses>172500001</misses>
				<total>0</total>
				<timestamp>1502.635274</timestamp>
			</report>
			<report>
				<misses>172600001</misses>
				<total>0</total>
				<timestamp>1503.503157</timestamp>
			</report>
			<report>
				<misses>172700001</misses>
				<total>0</total>
				<timestamp>1504.385842</timestamp>
			</report>
			<report>
				<misses>172800001</misses>
				<total>0</total>
				<timestamp>1505.256082</timestamp>
			</report>
			<report>
				<misses>172900001</misses>
				<total>0</total>
				<timestamp>1506.118601</timestamp>
			</report>
			<report>
				<misses>173000001</misses>
				<total>0</total>
				<timestamp>1506.990234</timestamp>
			</report>
			<report>
				<misses>173100001</misses>
				<total>0</total>
				<timestamp>1507.861645</timestamp>
			</report>
			<report>
				<misses>173200001</misses>
				<total>0</total>
				<timestamp>1508.736917</timestamp>
			</report>
			<report>
				<misses>173300001</misses>
				<total>0</total>
				<timestamp>1509.613491</timestamp>
			</report>
			<report>
				<misses>173400001</misses>
				<total>0</total>
				<timestamp>1510.490977</timestamp>
			</report>
			<report>
				<misses>173500001</misses>
				<total>0</total>
				<timestamp>1511.367790</timestamp>
			</report>
			<report>
				<misses>173600001</misses>
				<total>0</total>
				<timestamp>1512.242026</timestamp>
			</report>
			<report>
				<misses>173700001</misses>
				<total>0</total>
				<timestamp>1513.113428</timestamp>
			</report>
			<report>
				<misses>173800001</misses>
				<total>0</total>
				<timestamp>1513.980129</timestamp>
			</report>
			<report>
				<misses>173900001</misses>
				<total>0</total>
				<timestamp>1514.857477</timestamp>
			</report>
			<report>
				<misses>174000001</misses>
				<total>0</total>
				<timestamp>1515.720781</timestamp>
			</report>
			<report>
				<misses>174100001</misses>
				<total>0</total>
				<timestamp>1516.579676</timestamp>
			</report>
			<report>
				<misses>174200001</misses>
				<total>0</total>
				<timestamp>1517.457536</timestamp>
			</report>
			<report>
				<misses>174300001</misses>
				<total>0</total>
				<timestamp>1518.325207</timestamp>
			</report>
			<report>
				<misses>174400001</misses>
				<total>0</total>
				<timestamp>1519.194137</timestamp>
			</report>
			<report>
				<misses>174500001</misses>
				<total>0</total>
				<timestamp>1520.061012</timestamp>
			</report>
			<report>
				<misses>174600001</misses>
				<total>0</total>
				<timestamp>1520.950305</timestamp>
			</report>
			<report>
				<misses>174700001</misses>
				<total>0</total>
				<timestamp>1521.813990</timestamp>
			</report>
			<report>
				<misses>174800001</misses>
				<total>0</total>
				<timestamp>1522.693044</timestamp>
			</report>
			<report>
				<misses>174900001</misses>
				<total>0</total>
				<timestamp>1523.566169</timestamp>
			</report>
			<report>
				<misses>175000001</misses>
				<total>0</total>
				<timestamp>1524.448975</timestamp>
			</report>
			<report>
				<misses>175100001</misses>
				<total>0</total>
				<timestamp>1525.311940</timestamp>
			</report>
			<report>
				<misses>175200001</misses>
				<total>0</total>
				<timestamp>1526.183109</timestamp>
			</report>
			<report>
				<misses>175300001</misses>
				<total>0</total>
				<timestamp>1527.051199</timestamp>
			</report>
			<report>
				<misses>175400001</misses>
				<total>0</total>
				<timestamp>1527.888358</timestamp>
			</report>
			<report>
				<misses>175500001</misses>
				<total>0</total>
				<timestamp>1528.752057</timestamp>
			</report>
			<report>
				<misses>175600001</misses>
				<total>0</total>
				<timestamp>1529.628692</timestamp>
			</report>
			<report>
				<misses>175700001</misses>
				<total>0</total>
				<timestamp>1530.491611</timestamp>
			</report>
			<report>
				<misses>175800001</misses>
				<total>0</total>
				<timestamp>1531.360387</timestamp>
			</report>
			<report>
				<misses>175900001</misses>
				<total>0</total>
				<timestamp>1532.226577</timestamp>
			</report>
			<report>
				<misses>176000001</misses>
				<total>0</total>
				<timestamp>1533.092422</timestamp>
			</report>
			<report>
				<misses>176100001</misses>
				<total>0</total>
				<timestamp>1533.960447</timestamp>
			</report>
			<report>
				<misses>176200001</misses>
				<total>0</total>
				<timestamp>1534.828119</timestamp>
			</report>
			<report>
				<misses>176300001</misses>
				<total>0</total>
				<timestamp>1535.696402</timestamp>
			</report>
			<report>
				<misses>176400001</misses>
				<total>0</total>
				<timestamp>1536.560997</timestamp>
			</report>
			<report>
				<misses>176500001</misses>
				<total>0</total>
				<timestamp>1537.423229</timestamp>
			</report>
			<report>
				<misses>176600001</misses>
				<total>0</total>
				<timestamp>1538.293819</timestamp>
			</report>
			<report>
				<misses>176700001</misses>
				<total>0</total>
				<timestamp>1539.164864</timestamp>
			</report>
			<report>
				<misses>176800001</misses>
				<total>0</total>
				<timestamp>1540.036269</timestamp>
			</report>
			<report>
				<misses>176900001</misses>
				<total>0</total>
				<timestamp>1540.901824</timestamp>
			</report>
			<report>
				<misses>177000001</misses>
				<total>0</total>
				<timestamp>1541.768592</timestamp>
			</report>
			<report>
				<misses>177100001</misses>
				<total>0</total>
				<timestamp>1542.629609</timestamp>
			</report>
			<report>
				<misses>177200001</misses>
				<total>0</total>
				<timestamp>1543.502813</timestamp>
			</report>
			<report>
				<misses>177300001</misses>
				<total>0</total>
				<timestamp>1544.387826</timestamp>
			</report>
			<report>
				<misses>177400001</misses>
				<total>0</total>
				<timestamp>1545.255109</timestamp>
			</report>
			<report>
				<misses>177500001</misses>
				<total>0</total>
				<timestamp>1546.120175</timestamp>
			</report>
			<report>
				<misses>177600001</misses>
				<total>0</total>
				<timestamp>1546.994135</timestamp>
			</report>
			<report>
				<misses>177700001</misses>
				<total>0</total>
				<timestamp>1547.867069</timestamp>
			</report>
			<report>
				<misses>177800001</misses>
				<total>0</total>
				<timestamp>1548.735515</timestamp>
			</report>
			<report>
				<misses>177900001</misses>
				<total>0</total>
				<timestamp>1549.596117</timestamp>
			</report>
			<report>
				<misses>178000001</misses>
				<total>0</total>
				<timestamp>1550.456377</timestamp>
			</report>
			<report>
				<misses>178100001</misses>
				<total>0</total>
				<timestamp>1551.328063</timestamp>
			</report>
			<report>
				<misses>178200001</misses>
				<total>0</total>
				<timestamp>1552.197821</timestamp>
			</report>
			<report>
				<misses>178300001</misses>
				<total>0</total>
				<timestamp>1553.073821</timestamp>
			</report>
			<report>
				<misses>178400001</misses>
				<total>0</total>
				<timestamp>1553.944308</timestamp>
			</report>
			<report>
				<misses>178500001</misses>
				<total>0</total>
				<timestamp>1554.811148</timestamp>
			</report>
			<report>
				<misses>178600001</misses>
				<total>0</total>
				<timestamp>1555.686256</timestamp>
			</report>
			<report>
				<misses>178700001</misses>
				<total>0</total>
				<timestamp>1556.554729</timestamp>
			</report>
			<report>
				<misses>178800001</misses>
				<total>0</total>
				<timestamp>1557.426562</timestamp>
			</report>
			<report>
				<misses>178900001</misses>
				<total>0</total>
				<timestamp>1558.304002</timestamp>
			</report>
			<report>
				<misses>179000001</misses>
				<total>0</total>
				<timestamp>1559.156399</timestamp>
			</report>
			<report>
				<misses>179100001</misses>
				<total>0</total>
				<timestamp>1560.032696</timestamp>
			</report>
			<report>
				<misses>179200001</misses>
				<total>0</total>
				<timestamp>1560.895152</timestamp>
			</report>
			<report>
				<misses>179300001</misses>
				<total>0</total>
				<timestamp>1561.774115</timestamp>
			</report>
			<report>
				<misses>179400001</misses>
				<total>0</total>
				<timestamp>1562.642608</timestamp>
			</report>
			<report>
				<misses>179500001</misses>
				<total>0</total>
				<timestamp>1563.509885</timestamp>
			</report>
			<report>
				<misses>179600001</misses>
				<total>0</total>
				<timestamp>1564.365812</timestamp>
			</report>
			<report>
				<misses>179700001</misses>
				<total>0</total>
				<timestamp>1565.241030</timestamp>
			</report>
			<report>
				<misses>179800001</misses>
				<total>0</total>
				<timestamp>1566.120425</timestamp>
			</report>
			<report>
				<misses>179900001</misses>
				<total>0</total>
				<timestamp>1567.007585</timestamp>
			</report>
			<report>
				<misses>180000001</misses>
				<total>0</total>
				<timestamp>1567.889437</timestamp>
			</report>
			<report>
				<misses>180100001</misses>
				<total>0</total>
				<timestamp>1568.787072</timestamp>
			</report>
			<report>
				<misses>180200001</misses>
				<total>0</total>
				<timestamp>1569.668009</timestamp>
			</report>
			<report>
				<misses>180300001</misses>
				<total>0</total>
				<timestamp>1570.537503</timestamp>
			</report>
			<report>
				<misses>180400001</misses>
				<total>0</total>
				<timestamp>1571.409094</timestamp>
			</report>
			<report>
				<misses>180500001</misses>
				<total>0</total>
				<timestamp>1572.274177</timestamp>
			</report>
			<report>
				<misses>180600001</misses>
				<total>0</total>
				<timestamp>1573.150686</timestamp>
			</report>
			<report>
				<misses>180700001</misses>
				<total>0</total>
				<timestamp>1574.019816</timestamp>
			</report>
			<report>
				<misses>180800001</misses>
				<total>0</total>
				<timestamp>1574.878738</timestamp>
			</report>
			<report>
				<misses>180900001</misses>
				<total>0</total>
				<timestamp>1575.744007</timestamp>
			</report>
			<report>
				<misses>181000001</misses>
				<total>0</total>
				<timestamp>1576.608491</timestamp>
			</report>
			<report>
				<misses>181100001</misses>
				<total>0</total>
				<timestamp>1577.483227</timestamp>
			</report>
			<report>
				<misses>181200001</misses>
				<total>0</total>
				<timestamp>1578.345640</timestamp>
			</report>
			<report>
				<misses>181300001</misses>
				<total>0</total>
				<timestamp>1579.213246</timestamp>
			</report>
			<report>
				<misses>181400001</misses>
				<total>0</total>
				<timestamp>1580.076190</timestamp>
			</report>
			<report>
				<misses>181500001</misses>
				<total>0</total>
				<timestamp>1580.958559</timestamp>
			</report>
			<report>
				<misses>181600001</misses>
				<total>0</total>
				<timestamp>1581.818467</timestamp>
			</report>
			<report>
				<misses>181700001</misses>
				<total>0</total>
				<timestamp>1582.686298</timestamp>
			</report>
			<report>
				<misses>181800001</misses>
				<total>0</total>
				<timestamp>1583.550107</timestamp>
			</report>
			<report>
				<misses>181900001</misses>
				<total>0</total>
				<timestamp>1584.418035</timestamp>
			</report>
			<report>
				<misses>182000001</misses>
				<total>0</total>
				<timestamp>1585.299693</timestamp>
			</report>
			<report>
				<misses>182100001</misses>
				<total>0</total>
				<timestamp>1586.180186</timestamp>
			</report>
			<report>
				<misses>182200001</misses>
				<total>0</total>
				<timestamp>1587.047138</timestamp>
			</report>
			<report>
				<misses>182300001</misses>
				<total>0</total>
				<timestamp>1587.916023</timestamp>
			</report>
			<report>
				<misses>182400001</misses>
				<total>0</total>
				<timestamp>1588.781969</timestamp>
			</report>
			<report>
				<misses>182500001</misses>
				<total>0</total>
				<timestamp>1589.647095</timestamp>
			</report>
			<report>
				<misses>182600001</misses>
				<total>0</total>
				<timestamp>1590.520055</timestamp>
			</report>
			<report>
				<misses>182700001</misses>
				<total>0</total>
				<timestamp>1591.383401</timestamp>
			</report>
			<report>
				<misses>182800001</misses>
				<total>0</total>
				<timestamp>1592.256882</timestamp>
			</report>
			<report>
				<misses>182900001</misses>
				<total>0</total>
				<timestamp>1593.123491</timestamp>
			</report>
			<report>
				<misses>183000001</misses>
				<total>0</total>
				<timestamp>1593.975401</timestamp>
			</report>
			<report>
				<misses>183100001</misses>
				<total>0</total>
				<timestamp>1594.844968</timestamp>
			</report>
			<report>
				<misses>183200001</misses>
				<total>0</total>
				<timestamp>1595.728586</timestamp>
			</report>
			<report>
				<misses>183300001</misses>
				<total>0</total>
				<timestamp>1596.591325</timestamp>
			</report>
			<report>
				<misses>183400001</misses>
				<total>0</total>
				<timestamp>1597.458469</timestamp>
			</report>
			<report>
				<misses>183500001</misses>
				<total>0</total>
				<timestamp>1598.306524</timestamp>
			</report>
			<report>
				<misses>183600001</misses>
				<total>0</total>
				<timestamp>1599.147044</timestamp>
			</report>
			<report>
				<misses>183700001</misses>
				<total>0</total>
				<timestamp>1600.025997</timestamp>
			</report>
			<report>
				<misses>183800001</misses>
				<total>0</total>
				<timestamp>1600.878912</timestamp>
			</report>
			<report>
				<misses>183900001</misses>
				<total>0</total>
				<timestamp>1601.743002</timestamp>
			</report>
			<report>
				<misses>184000001</misses>
				<total>0</total>
				<timestamp>1602.598709</timestamp>
			</report>
			<report>
				<misses>184100001</misses>
				<total>0</total>
				<timestamp>1603.458773</timestamp>
			</report>
			<report>
				<misses>184200001</misses>
				<total>0</total>
				<timestamp>1604.327872</timestamp>
			</report>
			<report>
				<misses>184300001</misses>
				<total>0</total>
				<timestamp>1605.181987</timestamp>
			</report>
			<report>
				<misses>184400001</misses>
				<total>0</total>
				<timestamp>1606.051899</timestamp>
			</report>
			<report>
				<misses>184500001</misses>
				<total>0</total>
				<timestamp>1606.919762</timestamp>
			</report>
			<report>
				<misses>184600001</misses>
				<total>0</total>
				<timestamp>1607.774437</timestamp>
			</report>
			<report>
				<misses>184700001</misses>
				<total>0</total>
				<timestamp>1608.640693</timestamp>
			</report>
			<report>
				<misses>184800001</misses>
				<total>0</total>
				<timestamp>1609.513987</timestamp>
			</report>
			<report>
				<misses>184900001</misses>
				<total>0</total>
				<timestamp>1610.374284</timestamp>
			</report>
			<report>
				<misses>185000001</misses>
				<total>0</total>
				<timestamp>1611.260003</timestamp>
			</report>
			<report>
				<misses>185100001</misses>
				<total>0</total>
				<timestamp>1612.140073</timestamp>
			</report>
			<report>
				<misses>185200001</misses>
				<total>0</total>
				<timestamp>1613.021071</timestamp>
			</report>
			<report>
				<misses>185300001</misses>
				<total>0</total>
				<timestamp>1613.896438</timestamp>
			</report>
			<report>
				<misses>185400001</misses>
				<total>0</total>
				<timestamp>1614.778827</timestamp>
			</report>
			<report>
				<misses>185500001</misses>
				<total>0</total>
				<timestamp>1615.627188</timestamp>
			</report>
			<report>
				<misses>185600001</misses>
				<total>0</total>
				<timestamp>1616.481980</timestamp>
			</report>
			<report>
				<misses>185700001</misses>
				<total>0</total>
				<timestamp>1617.349889</timestamp>
			</report>
			<report>
				<misses>185800001</misses>
				<total>0</total>
				<timestamp>1618.206484</timestamp>
			</report>
			<report>
				<misses>185900001</misses>
				<total>0</total>
				<timestamp>1619.076032</timestamp>
			</report>
			<report>
				<misses>186000001</misses>
				<total>0</total>
				<timestamp>1619.944428</timestamp>
			</report>
			<report>
				<misses>186100001</misses>
				<total>0</total>
				<timestamp>1620.819809</timestamp>
			</report>
			<report>
				<misses>186200001</misses>
				<total>0</total>
				<timestamp>1621.688762</timestamp>
			</report>
			<report>
				<misses>186300001</misses>
				<total>0</total>
				<timestamp>1622.556953</timestamp>
			</report>
			<report>
				<misses>186400001</misses>
				<total>0</total>
				<timestamp>1623.425701</timestamp>
			</report>
			<report>
				<misses>186500001</misses>
				<total>0</total>
				<timestamp>1624.293196</timestamp>
			</report>
			<report>
				<misses>186600001</misses>
				<total>0</total>
				<timestamp>1625.164781</timestamp>
			</report>
			<report>
				<misses>186700001</misses>
				<total>0</total>
				<timestamp>1626.043062</timestamp>
			</report>
			<report>
				<misses>186800001</misses>
				<total>0</total>
				<timestamp>1626.912961</timestamp>
			</report>
			<report>
				<misses>186900001</misses>
				<total>0</total>
				<timestamp>1627.778048</timestamp>
			</report>
			<report>
				<misses>187000001</misses>
				<total>0</total>
				<timestamp>1628.656162</timestamp>
			</report>
			<report>
				<misses>187100001</misses>
				<total>0</total>
				<timestamp>1629.524306</timestamp>
			</report>
			<report>
				<misses>187200001</misses>
				<total>0</total>
				<timestamp>1630.393575</timestamp>
			</report>
			<report>
				<misses>187300001</misses>
				<total>0</total>
				<timestamp>1631.272977</timestamp>
			</report>
			<report>
				<misses>187400001</misses>
				<total>0</total>
				<timestamp>1632.141202</timestamp>
			</report>
			<report>
				<misses>187500001</misses>
				<total>0</total>
				<timestamp>1633.002222</timestamp>
			</report>
			<report>
				<misses>187600001</misses>
				<total>0</total>
				<timestamp>1633.858180</timestamp>
			</report>
			<report>
				<misses>187700001</misses>
				<total>0</total>
				<timestamp>1634.734379</timestamp>
			</report>
			<report>
				<misses>187800001</misses>
				<total>0</total>
				<timestamp>1635.604608</timestamp>
			</report>
			<report>
				<misses>187900001</misses>
				<total>0</total>
				<timestamp>1636.471861</timestamp>
			</report>
			<report>
				<misses>188000001</misses>
				<total>0</total>
				<timestamp>1637.347063</timestamp>
			</report>
			<report>
				<misses>188100001</misses>
				<total>0</total>
				<timestamp>1638.223475</timestamp>
			</report>
			<report>
				<misses>188200001</misses>
				<total>0</total>
				<timestamp>1639.082093</timestamp>
			</report>
			<report>
				<misses>188300001</misses>
				<total>0</total>
				<timestamp>1639.947356</timestamp>
			</report>
			<report>
				<misses>188400001</misses>
				<total>0</total>
				<timestamp>1640.809751</timestamp>
			</report>
			<report>
				<misses>188500001</misses>
				<total>0</total>
				<timestamp>1641.672905</timestamp>
			</report>
			<report>
				<misses>188600001</misses>
				<total>0</total>
				<timestamp>1642.541993</timestamp>
			</report>
			<report>
				<misses>188700001</misses>
				<total>0</total>
				<timestamp>1643.422853</timestamp>
			</report>
			<report>
				<misses>188800001</misses>
				<total>0</total>
				<timestamp>1644.289065</timestamp>
			</report>
			<report>
				<misses>188900001</misses>
				<total>0</total>
				<timestamp>1645.161192</timestamp>
			</report>
			<report>
				<misses>189000001</misses>
				<total>0</total>
				<timestamp>1646.033761</timestamp>
			</report>
			<report>
				<misses>189100001</misses>
				<total>0</total>
				<timestamp>1646.912361</timestamp>
			</report>
			<report>
				<misses>189200001</misses>
				<total>0</total>
				<timestamp>1647.777570</timestamp>
			</report>
			<report>
				<misses>189300001</misses>
				<total>0</total>
				<timestamp>1648.645601</timestamp>
			</report>
			<report>
				<misses>189400001</misses>
				<total>0</total>
				<timestamp>1649.517779</timestamp>
			</report>
			<report>
				<misses>189500001</misses>
				<total>0</total>
				<timestamp>1650.389449</timestamp>
			</report>
			<report>
				<misses>189600001</misses>
				<total>0</total>
				<timestamp>1651.260782</timestamp>
			</report>
			<report>
				<misses>189700001</misses>
				<total>0</total>
				<timestamp>1652.123524</timestamp>
			</report>
			<report>
				<misses>189800001</misses>
				<total>0</total>
				<timestamp>1652.963679</timestamp>
			</report>
			<report>
				<misses>189900001</misses>
				<total>0</total>
				<timestamp>1653.826209</timestamp>
			</report>
			<report>
				<misses>190000001</misses>
				<total>0</total>
				<timestamp>1654.690883</timestamp>
			</report>
			<report>
				<misses>190100001</misses>
				<total>0</total>
				<timestamp>1655.571474</timestamp>
			</report>
			<report>
				<misses>190200001</misses>
				<total>0</total>
				<timestamp>1656.446239</timestamp>
			</report>
			<report>
				<misses>190300001</misses>
				<total>0</total>
				<timestamp>1657.320977</timestamp>
			</report>
			<report>
				<misses>190400001</misses>
				<total>0</total>
				<timestamp>1658.203673</timestamp>
			</report>
			<report>
				<misses>190500001</misses>
				<total>0</total>
				<timestamp>1659.065513</timestamp>
			</report>
			<report>
				<misses>190600001</misses>
				<total>0</total>
				<timestamp>1659.937770</timestamp>
			</report>
			<report>
				<misses>190700001</misses>
				<total>0</total>
				<timestamp>1660.821394</timestamp>
			</report>
			<report>
				<misses>190800001</misses>
				<total>0</total>
				<timestamp>1661.678156</timestamp>
			</report>
			<report>
				<misses>190900001</misses>
				<total>0</total>
				<timestamp>1662.550938</timestamp>
			</report>
			<report>
				<misses>191000001</misses>
				<total>0</total>
				<timestamp>1663.422124</timestamp>
			</report>
			<report>
				<misses>191100001</misses>
				<total>0</total>
				<timestamp>1664.290425</timestamp>
			</report>
			<report>
				<misses>191200001</misses>
				<total>0</total>
				<timestamp>1665.159618</timestamp>
			</report>
			<report>
				<misses>191300001</misses>
				<total>0</total>
				<timestamp>1666.018983</timestamp>
			</report>
			<report>
				<misses>191400001</misses>
				<total>0</total>
				<timestamp>1666.886015</timestamp>
			</report>
			<report>
				<misses>191500001</misses>
				<total>0</total>
				<timestamp>1667.750865</timestamp>
			</report>
			<report>
				<misses>191600001</misses>
				<total>0</total>
				<timestamp>1668.620072</timestamp>
			</report>
			<report>
				<misses>191700001</misses>
				<total>0</total>
				<timestamp>1669.481203</timestamp>
			</report>
			<report>
				<misses>191800001</misses>
				<total>0</total>
				<timestamp>1670.356467</timestamp>
			</report>
			<report>
				<misses>191900001</misses>
				<total>0</total>
				<timestamp>1671.230515</timestamp>
			</report>
			<report>
				<misses>192000001</misses>
				<total>0</total>
				<timestamp>1672.103232</timestamp>
			</report>
			<report>
				<misses>192100001</misses>
				<total>0</total>
				<timestamp>1672.972692</timestamp>
			</report>
			<report>
				<misses>192200001</misses>
				<total>0</total>
				<timestamp>1673.842685</timestamp>
			</report>
			<report>
				<misses>192300001</misses>
				<total>0</total>
				<timestamp>1674.721466</timestamp>
			</report>
			<report>
				<misses>192400001</misses>
				<total>0</total>
				<timestamp>1675.592384</timestamp>
			</report>
			<report>
				<misses>192500001</misses>
				<total>0</total>
				<timestamp>1676.464324</timestamp>
			</report>
			<report>
				<misses>192600001</misses>
				<total>0</total>
				<timestamp>1677.325724</timestamp>
			</report>
			<report>
				<misses>192700001</misses>
				<total>0</total>
				<timestamp>1678.193066</timestamp>
			</report>
			<report>
				<misses>192800001</misses>
				<total>0</total>
				<timestamp>1679.054959</timestamp>
			</report>
			<report>
				<misses>192900001</misses>
				<total>0</total>
				<timestamp>1679.921917</timestamp>
			</report>
			<report>
				<misses>193000001</misses>
				<total>0</total>
				<timestamp>1680.786791</timestamp>
			</report>
			<report>
				<misses>193100001</misses>
				<total>0</total>
				<timestamp>1681.643338</timestamp>
			</report>
			<report>
				<misses>193200001</misses>
				<total>0</total>
				<timestamp>1682.505462</timestamp>
			</report>
			<report>
				<misses>193300001</misses>
				<total>0</total>
				<timestamp>1683.374169</timestamp>
			</report>
			<report>
				<misses>193400001</misses>
				<total>0</total>
				<timestamp>1684.238606</timestamp>
			</report>
			<report>
				<misses>193500001</misses>
				<total>0</total>
				<timestamp>1685.108108</timestamp>
			</report>
			<report>
				<misses>193600001</misses>
				<total>0</total>
				<timestamp>1685.977025</timestamp>
			</report>
			<report>
				<misses>193700001</misses>
				<total>0</total>
				<timestamp>1686.836506</timestamp>
			</report>
			<report>
				<misses>193800001</misses>
				<total>0</total>
				<timestamp>1687.699836</timestamp>
			</report>
			<report>
				<misses>193900001</misses>
				<total>0</total>
				<timestamp>1688.573344</timestamp>
			</report>
			<report>
				<misses>194000001</misses>
				<total>0</total>
				<timestamp>1689.440285</timestamp>
			</report>
			<report>
				<misses>194100001</misses>
				<total>0</total>
				<timestamp>1690.311434</timestamp>
			</report>
			<report>
				<misses>194200001</misses>
				<total>0</total>
				<timestamp>1691.164346</timestamp>
			</report>
			<report>
				<misses>194300001</misses>
				<total>0</total>
				<timestamp>1692.032911</timestamp>
			</report>
			<report>
				<misses>194400001</misses>
				<total>0</total>
				<timestamp>1692.883933</timestamp>
			</report>
			<report>
				<misses>194500001</misses>
				<total>0</total>
				<timestamp>1693.749160</timestamp>
			</report>
			<report>
				<misses>194600001</misses>
				<total>0</total>
				<timestamp>1694.617566</timestamp>
			</report>
			<report>
				<misses>194700001</misses>
				<total>0</total>
				<timestamp>1695.494372</timestamp>
			</report>
			<report>
				<misses>194800001</misses>
				<total>0</total>
				<timestamp>1696.355012</timestamp>
			</report>
			<report>
				<misses>194900001</misses>
				<total>0</total>
				<timestamp>1697.221089</timestamp>
			</report>
			<report>
				<misses>195000001</misses>
				<total>0</total>
				<timestamp>1698.087003</timestamp>
			</report>
			<report>
				<misses>195100001</misses>
				<total>0</total>
				<timestamp>1698.940390</timestamp>
			</report>
			<report>
				<misses>195200001</misses>
				<total>0</total>
				<timestamp>1699.805193</timestamp>
			</report>
			<report>
				<misses>195300001</misses>
				<total>0</total>
				<timestamp>1700.691200</timestamp>
			</report>
			<report>
				<misses>195400001</misses>
				<total>0</total>
				<timestamp>1701.568412</timestamp>
			</report>
			<report>
				<misses>195500001</misses>
				<total>0</total>
				<timestamp>1702.444104</timestamp>
			</report>
			<report>
				<misses>195600001</misses>
				<total>0</total>
				<timestamp>1703.322673</timestamp>
			</report>
			<report>
				<misses>195700001</misses>
				<total>0</total>
				<timestamp>1704.200591</timestamp>
			</report>
			<report>
				<misses>195800001</misses>
				<total>0</total>
				<timestamp>1705.091263</timestamp>
			</report>
			<report>
				<misses>195900001</misses>
				<total>0</total>
				<timestamp>1705.970481</timestamp>
			</report>
			<report>
				<misses>196000001</misses>
				<total>0</total>
				<timestamp>1706.843537</timestamp>
			</report>
			<report>
				<misses>196100001</misses>
				<total>0</total>
				<timestamp>1707.704785</timestamp>
			</report>
			<report>
				<misses>196200001</misses>
				<total>0</total>
				<timestamp>1708.575571</timestamp>
			</report>
			<report>
				<misses>196300001</misses>
				<total>0</total>
				<timestamp>1709.432692</timestamp>
			</report>
			<report>
				<misses>196400001</misses>
				<total>0</total>
				<timestamp>1710.294459</timestamp>
			</report>
			<report>
				<misses>196500001</misses>
				<total>0</total>
				<timestamp>1711.173099</timestamp>
			</report>
			<report>
				<misses>196600001</misses>
				<total>0</total>
				<timestamp>1712.039619</timestamp>
			</report>
			<report>
				<misses>196700001</misses>
				<total>0</total>
				<timestamp>1712.905577</timestamp>
			</report>
			<report>
				<misses>196800001</misses>
				<total>0</total>
				<timestamp>1713.780332</timestamp>
			</report>
			<report>
				<misses>196900001</misses>
				<total>0</total>
				<timestamp>1714.649940</timestamp>
			</report>
			<report>
				<misses>197000001</misses>
				<total>0</total>
				<timestamp>1715.516396</timestamp>
			</report>
			<report>
				<misses>197100001</misses>
				<total>0</total>
				<timestamp>1716.371209</timestamp>
			</report>
			<report>
				<misses>197200001</misses>
				<total>0</total>
				<timestamp>1717.238943</timestamp>
			</report>
			<report>
				<misses>197300001</misses>
				<total>0</total>
				<timestamp>1718.115367</timestamp>
			</report>
			<report>
				<misses>197400001</misses>
				<total>0</total>
				<timestamp>1718.987707</timestamp>
			</report>
			<report>
				<misses>197500001</misses>
				<total>0</total>
				<timestamp>1719.855498</timestamp>
			</report>
			<report>
				<misses>197600001</misses>
				<total>0</total>
				<timestamp>1720.726012</timestamp>
			</report>
			<report>
				<misses>197700001</misses>
				<total>0</total>
				<timestamp>1721.593400</timestamp>
			</report>
			<report>
				<misses>197800001</misses>
				<total>0</total>
				<timestamp>1722.459378</timestamp>
			</report>
			<report>
				<misses>197900001</misses>
				<total>0</total>
				<timestamp>1723.309725</timestamp>
			</report>
			<report>
				<misses>198000001</misses>
				<total>0</total>
				<timestamp>1724.164633</timestamp>
			</report>
			<report>
				<misses>198100001</misses>
				<total>0</total>
				<timestamp>1725.005118</timestamp>
			</report>
			<report>
				<misses>198200001</misses>
				<total>0</total>
				<timestamp>1725.865197</timestamp>
			</report>
			<report>
				<misses>198300001</misses>
				<total>0</total>
				<timestamp>1726.736350</timestamp>
			</report>
			<report>
				<misses>198400001</misses>
				<total>0</total>
				<timestamp>1727.599820</timestamp>
			</report>
			<report>
				<misses>198500001</misses>
				<total>0</total>
				<timestamp>1728.462753</timestamp>
			</report>
			<report>
				<misses>198600001</misses>
				<total>0</total>
				<timestamp>1729.336376</timestamp>
			</report>
			<report>
				<misses>198700001</misses>
				<total>0</total>
				<timestamp>1730.209331</timestamp>
			</report>
			<report>
				<misses>198800001</misses>
				<total>0</total>
				<timestamp>1731.085420</timestamp>
			</report>
			<report>
				<misses>198900001</misses>
				<total>0</total>
				<timestamp>1731.957198</timestamp>
			</report>
			<report>
				<misses>199000001</misses>
				<total>0</total>
				<timestamp>1732.833317</timestamp>
			</report>
			<report>
				<misses>199100001</misses>
				<total>0</total>
				<timestamp>1733.702498</timestamp>
			</report>
			<report>
				<misses>199200001</misses>
				<total>0</total>
				<timestamp>1734.575707</timestamp>
			</report>
			<report>
				<misses>199300001</misses>
				<total>0</total>
				<timestamp>1735.449380</timestamp>
			</report>
			<report>
				<misses>199400001</misses>
				<total>0</total>
				<timestamp>1736.318856</timestamp>
			</report>
			<report>
				<misses>199500001</misses>
				<total>0</total>
				<timestamp>1737.186475</timestamp>
			</report>
			<report>
				<misses>199600001</misses>
				<total>0</total>
				<timestamp>1738.069933</timestamp>
			</report>
			<report>
				<misses>199700001</misses>
				<total>0</total>
				<timestamp>1738.936700</timestamp>
			</report>
			<report>
				<misses>199800001</misses>
				<total>0</total>
				<timestamp>1739.802713</timestamp>
			</report>
			<report>
				<misses>199900001</misses>
				<total>0</total>
				<timestamp>1740.677445</timestamp>
			</report>
			<report>
				<misses>200000001</misses>
				<total>0</total>
				<timestamp>1741.548059</timestamp>
			</report>
			<report>
				<misses>200100001</misses>
				<total>0</total>
				<timestamp>1742.421063</timestamp>
			</report>
			<report>
				<misses>200200001</misses>
				<total>0</total>
				<timestamp>1743.294432</timestamp>
			</report>
			<report>
				<misses>200300001</misses>
				<total>0</total>
				<timestamp>1744.146438</timestamp>
			</report>
			<report>
				<misses>200400001</misses>
				<total>0</total>
				<timestamp>1745.013244</timestamp>
			</report>
			<report>
				<misses>200500001</misses>
				<total>0</total>
				<timestamp>1745.880404</timestamp>
			</report>
			<report>
				<misses>200600001</misses>
				<total>0</total>
				<timestamp>1746.764351</timestamp>
			</report>
			<report>
				<misses>200700001</misses>
				<total>0</total>
				<timestamp>1747.633591</timestamp>
			</report>
			<report>
				<misses>200800001</misses>
				<total>0</total>
				<timestamp>1748.512218</timestamp>
			</report>
			<report>
				<misses>200900001</misses>
				<total>0</total>
				<timestamp>1749.395335</timestamp>
			</report>
			<report>
				<misses>201000001</misses>
				<total>0</total>
				<timestamp>1750.265738</timestamp>
			</report>
			<report>
				<misses>201100001</misses>
				<total>0</total>
				<timestamp>1751.144674</timestamp>
			</report>
			<report>
				<misses>201200001</misses>
				<total>0</total>
				<timestamp>1752.010037</timestamp>
			</report>
			<report>
				<misses>201300001</misses>
				<total>0</total>
				<timestamp>1752.863371</timestamp>
			</report>
			<report>
				<misses>201400001</misses>
				<total>0</total>
				<timestamp>1753.729575</timestamp>
			</report>
			<report>
				<misses>201500001</misses>
				<total>0</total>
				<timestamp>1754.603291</timestamp>
			</report>
			<report>
				<misses>201600001</misses>
				<total>0</total>
				<timestamp>1755.485001</timestamp>
			</report>
			<report>
				<misses>201700001</misses>
				<total>0</total>
				<timestamp>1756.352321</timestamp>
			</report>
			<report>
				<misses>201800001</misses>
				<total>0</total>
				<timestamp>1757.210835</timestamp>
			</report>
			<report>
				<misses>201900001</misses>
				<total>0</total>
				<timestamp>1758.058971</timestamp>
			</report>
			<report>
				<misses>202000001</misses>
				<total>0</total>
				<timestamp>1758.918349</timestamp>
			</report>
			<report>
				<misses>202100001</misses>
				<total>0</total>
				<timestamp>1759.789461</timestamp>
			</report>
			<report>
				<misses>202200001</misses>
				<total>0</total>
				<timestamp>1760.653371</timestamp>
			</report>
			<report>
				<misses>202300001</misses>
				<total>0</total>
				<timestamp>1761.521392</timestamp>
			</report>
			<report>
				<misses>202400001</misses>
				<total>0</total>
				<timestamp>1762.404178</timestamp>
			</report>
			<report>
				<misses>202500001</misses>
				<total>0</total>
				<timestamp>1763.276809</timestamp>
			</report>
			<report>
				<misses>202600001</misses>
				<total>0</total>
				<timestamp>1764.152773</timestamp>
			</report>
			<report>
				<misses>202700001</misses>
				<total>0</total>
				<timestamp>1765.032215</timestamp>
			</report>
			<report>
				<misses>202800001</misses>
				<total>0</total>
				<timestamp>1765.902223</timestamp>
			</report>
			<report>
				<misses>202900001</misses>
				<total>0</total>
				<timestamp>1766.773343</timestamp>
			</report>
			<report>
				<misses>203000001</misses>
				<total>0</total>
				<timestamp>1767.637494</timestamp>
			</report>
			<report>
				<misses>203100001</misses>
				<total>0</total>
				<timestamp>1768.510333</timestamp>
			</report>
			<report>
				<misses>203200001</misses>
				<total>0</total>
				<timestamp>1769.377433</timestamp>
			</report>
			<report>
				<misses>203300001</misses>
				<total>0</total>
				<timestamp>1770.251728</timestamp>
			</report>
			<report>
				<misses>203400001</misses>
				<total>0</total>
				<timestamp>1771.112508</timestamp>
			</report>
			<report>
				<misses>203500001</misses>
				<total>0</total>
				<timestamp>1771.987035</timestamp>
			</report>
			<report>
				<misses>203600001</misses>
				<total>0</total>
				<timestamp>1772.848130</timestamp>
			</report>
			<report>
				<misses>203700001</misses>
				<total>0</total>
				<timestamp>1773.715579</timestamp>
			</report>
			<report>
				<misses>203800001</misses>
				<total>0</total>
				<timestamp>1774.592236</timestamp>
			</report>
			<report>
				<misses>203900001</misses>
				<total>0</total>
				<timestamp>1775.458560</timestamp>
			</report>
			<report>
				<misses>204000001</misses>
				<total>0</total>
				<timestamp>1776.334271</timestamp>
			</report>
			<report>
				<misses>204100001</misses>
				<total>0</total>
				<timestamp>1777.216566</timestamp>
			</report>
			<report>
				<misses>204200001</misses>
				<total>0</total>
				<timestamp>1778.090698</timestamp>
			</report>
			<report>
				<misses>204300001</misses>
				<total>0</total>
				<timestamp>1778.956241</timestamp>
			</report>
			<report>
				<misses>204400001</misses>
				<total>0</total>
				<timestamp>1779.820530</timestamp>
			</report>
			<report>
				<misses>204500001</misses>
				<total>0</total>
				<timestamp>1780.688352</timestamp>
			</report>
			<report>
				<misses>204600001</misses>
				<total>0</total>
				<timestamp>1781.563762</timestamp>
			</report>
			<report>
				<misses>204700001</misses>
				<total>0</total>
				<timestamp>1782.444869</timestamp>
			</report>
			<report>
				<misses>204800001</misses>
				<total>0</total>
				<timestamp>1783.321638</timestamp>
			</report>
			<report>
				<misses>204900001</misses>
				<total>0</total>
				<timestamp>1784.192109</timestamp>
			</report>
			<report>
				<misses>205000001</misses>
				<total>0</total>
				<timestamp>1785.056233</timestamp>
			</report>
			<report>
				<misses>205100001</misses>
				<total>0</total>
				<timestamp>1785.926087</timestamp>
			</report>
			<report>
				<misses>205200001</misses>
				<total>0</total>
				<timestamp>1786.811414</timestamp>
			</report>
			<report>
				<misses>205300001</misses>
				<total>0</total>
				<timestamp>1787.674631</timestamp>
			</report>
			<report>
				<misses>205400001</misses>
				<total>0</total>
				<timestamp>1788.539941</timestamp>
			</report>
			<report>
				<misses>205500001</misses>
				<total>0</total>
				<timestamp>1789.414004</timestamp>
			</report>
			<report>
				<misses>205600001</misses>
				<total>0</total>
				<timestamp>1790.288077</timestamp>
			</report>
			<report>
				<misses>205700001</misses>
				<total>0</total>
				<timestamp>1791.165980</timestamp>
			</report>
			<report>
				<misses>205800001</misses>
				<total>0</total>
				<timestamp>1792.038382</timestamp>
			</report>
			<report>
				<misses>205900001</misses>
				<total>0</total>
				<timestamp>1792.916404</timestamp>
			</report>
			<report>
				<misses>206000001</misses>
				<total>0</total>
				<timestamp>1793.793599</timestamp>
			</report>
			<report>
				<misses>206100001</misses>
				<total>0</total>
				<timestamp>1794.673572</timestamp>
			</report>
			<report>
				<misses>206200001</misses>
				<total>0</total>
				<timestamp>1795.552695</timestamp>
			</report>
			<report>
				<misses>206300001</misses>
				<total>0</total>
				<timestamp>1796.424195</timestamp>
			</report>
			<report>
				<misses>206400001</misses>
				<total>0</total>
				<timestamp>1797.295897</timestamp>
			</report>
			<report>
				<misses>206500001</misses>
				<total>0</total>
				<timestamp>1798.168832</timestamp>
			</report>
			<report>
				<misses>206600001</misses>
				<total>0</total>
				<timestamp>1799.042375</timestamp>
			</report>
			<report>
				<misses>206700001</misses>
				<total>0</total>
				<timestamp>1799.917430</timestamp>
			</report>
			<report>
				<misses>206800001</misses>
				<total>0</total>
				<timestamp>1800.783007</timestamp>
			</report>
			<report>
				<misses>206900001</misses>
				<total>0</total>
				<timestamp>1801.658214</timestamp>
			</report>
			<report>
				<misses>207000001</misses>
				<total>0</total>
				<timestamp>1802.518211</timestamp>
			</report>
			<report>
				<misses>207100001</misses>
				<total>0</total>
				<timestamp>1803.386043</timestamp>
			</report>
			<report>
				<misses>207200001</misses>
				<total>0</total>
				<timestamp>1804.250428</timestamp>
			</report>
			<report>
				<misses>207300001</misses>
				<total>0</total>
				<timestamp>1805.119200</timestamp>
			</report>
			<report>
				<misses>207400001</misses>
				<total>0</total>
				<timestamp>1805.998640</timestamp>
			</report>
			<report>
				<misses>207500001</misses>
				<total>0</total>
				<timestamp>1806.865943</timestamp>
			</report>
			<report>
				<misses>207600001</misses>
				<total>0</total>
				<timestamp>1807.748757</timestamp>
			</report>
			<report>
				<misses>207700001</misses>
				<total>0</total>
				<timestamp>1808.620223</timestamp>
			</report>
			<report>
				<misses>207800001</misses>
				<total>0</total>
				<timestamp>1809.494164</timestamp>
			</report>
			<report>
				<misses>207900001</misses>
				<total>0</total>
				<timestamp>1810.368415</timestamp>
			</report>
			<report>
				<misses>208000001</misses>
				<total>0</total>
				<timestamp>1811.230777</timestamp>
			</report>
			<report>
				<misses>208100001</misses>
				<total>0</total>
				<timestamp>1812.111086</timestamp>
			</report>
			<report>
				<misses>208200001</misses>
				<total>0</total>
				<timestamp>1812.983402</timestamp>
			</report>
			<report>
				<misses>208300001</misses>
				<total>0</total>
				<timestamp>1813.857681</timestamp>
			</report>
			<report>
				<misses>208400001</misses>
				<total>0</total>
				<timestamp>1814.728506</timestamp>
			</report>
			<report>
				<misses>208500001</misses>
				<total>0</total>
				<timestamp>1815.600970</timestamp>
			</report>
			<report>
				<misses>208600001</misses>
				<total>0</total>
				<timestamp>1816.470873</timestamp>
			</report>
			<report>
				<misses>208700001</misses>
				<total>0</total>
				<timestamp>1817.346136</timestamp>
			</report>
			<report>
				<misses>208800001</misses>
				<total>0</total>
				<timestamp>1818.216418</timestamp>
			</report>
			<report>
				<misses>208900001</misses>
				<total>0</total>
				<timestamp>1819.093375</timestamp>
			</report>
			<report>
				<misses>209000001</misses>
				<total>0</total>
				<timestamp>1819.960691</timestamp>
			</report>
			<report>
				<misses>209100001</misses>
				<total>0</total>
				<timestamp>1820.830389</timestamp>
			</report>
			<report>
				<misses>209200001</misses>
				<total>0</total>
				<timestamp>1821.700485</timestamp>
			</report>
			<report>
				<misses>209300001</misses>
				<total>0</total>
				<timestamp>1822.571857</timestamp>
			</report>
			<report>
				<misses>209400001</misses>
				<total>0</total>
				<timestamp>1823.427317</timestamp>
			</report>
			<report>
				<misses>209500001</misses>
				<total>0</total>
				<timestamp>1824.290831</timestamp>
			</report>
			<report>
				<misses>209600001</misses>
				<total>0</total>
				<timestamp>1825.155043</timestamp>
			</report>
			<report>
				<misses>209700001</misses>
				<total>0</total>
				<timestamp>1826.016845</timestamp>
			</report>
			<report>
				<misses>209800001</misses>
				<total>0</total>
				<timestamp>1826.900781</timestamp>
			</report>
			<report>
				<misses>209900001</misses>
				<total>0</total>
				<timestamp>1827.763375</timestamp>
			</report>
			<report>
				<misses>210000001</misses>
				<total>0</total>
				<timestamp>1828.630277</timestamp>
			</report>
			<report>
				<misses>210100001</misses>
				<total>0</total>
				<timestamp>1829.504140</timestamp>
			</report>
			<report>
				<misses>210200001</misses>
				<total>0</total>
				<timestamp>1830.372069</timestamp>
			</report>
			<report>
				<misses>210300001</misses>
				<total>0</total>
				<timestamp>1831.240824</timestamp>
			</report>
			<report>
				<misses>210400001</misses>
				<total>0</total>
				<timestamp>1832.115300</timestamp>
			</report>
			<report>
				<misses>210500001</misses>
				<total>0</total>
				<timestamp>1832.976885</timestamp>
			</report>
			<report>
				<misses>210600001</misses>
				<total>0</total>
				<timestamp>1833.845615</timestamp>
			</report>
			<report>
				<misses>210700001</misses>
				<total>0</total>
				<timestamp>1834.733746</timestamp>
			</report>
			<report>
				<misses>210800001</misses>
				<total>0</total>
				<timestamp>1835.599740</timestamp>
			</report>
			<report>
				<misses>210900001</misses>
				<total>0</total>
				<timestamp>1836.480648</timestamp>
			</report>
			<report>
				<misses>211000001</misses>
				<total>0</total>
				<timestamp>1837.365738</timestamp>
			</report>
			<report>
				<misses>211100001</misses>
				<total>0</total>
				<timestamp>1838.252977</timestamp>
			</report>
			<report>
				<misses>211200001</misses>
				<total>0</total>
				<timestamp>1839.131351</timestamp>
			</report>
			<report>
				<misses>211300001</misses>
				<total>0</total>
				<timestamp>1840.006847</timestamp>
			</report>
			<report>
				<misses>211400001</misses>
				<total>0</total>
				<timestamp>1840.885267</timestamp>
			</report>
			<report>
				<misses>211500001</misses>
				<total>0</total>
				<timestamp>1841.758623</timestamp>
			</report>
			<report>
				<misses>211600001</misses>
				<total>0</total>
				<timestamp>1842.627144</timestamp>
			</report>
			<report>
				<misses>211700001</misses>
				<total>0</total>
				<timestamp>1843.497966</timestamp>
			</report>
			<report>
				<misses>211800001</misses>
				<total>0</total>
				<timestamp>1844.356155</timestamp>
			</report>
			<report>
				<misses>211900001</misses>
				<total>0</total>
				<timestamp>1845.235804</timestamp>
			</report>
			<report>
				<misses>212000001</misses>
				<total>0</total>
				<timestamp>1846.103611</timestamp>
			</report>
			<report>
				<misses>212100001</misses>
				<total>0</total>
				<timestamp>1846.978036</timestamp>
			</report>
			<report>
				<misses>212200001</misses>
				<total>0</total>
				<timestamp>1847.847536</timestamp>
			</report>
			<report>
				<misses>212300001</misses>
				<total>0</total>
				<timestamp>1848.724019</timestamp>
			</report>
			<report>
				<misses>212400001</misses>
				<total>0</total>
				<timestamp>1849.592851</timestamp>
			</report>
			<report>
				<misses>212500001</misses>
				<total>0</total>
				<timestamp>1850.461273</timestamp>
			</report>
			<report>
				<misses>212600001</misses>
				<total>0</total>
				<timestamp>1851.331310</timestamp>
			</report>
			<report>
				<misses>212700001</misses>
				<total>0</total>
				<timestamp>1852.206880</timestamp>
			</report>
			<report>
				<misses>212800001</misses>
				<total>0</total>
				<timestamp>1853.070454</timestamp>
			</report>
			<report>
				<misses>212900001</misses>
				<total>0</total>
				<timestamp>1853.943261</timestamp>
			</report>
			<report>
				<misses>213000001</misses>
				<total>0</total>
				<timestamp>1854.824038</timestamp>
			</report>
			<report>
				<misses>213100001</misses>
				<total>0</total>
				<timestamp>1855.689944</timestamp>
			</report>
			<report>
				<misses>213200001</misses>
				<total>0</total>
				<timestamp>1856.556627</timestamp>
			</report>
			<report>
				<misses>213300001</misses>
				<total>0</total>
				<timestamp>1857.433879</timestamp>
			</report>
			<report>
				<misses>213400001</misses>
				<total>0</total>
				<timestamp>1858.298536</timestamp>
			</report>
			<report>
				<misses>213500001</misses>
				<total>0</total>
				<timestamp>1859.163453</timestamp>
			</report>
			<report>
				<misses>213600001</misses>
				<total>0</total>
				<timestamp>1860.032388</timestamp>
			</report>
			<report>
				<misses>213700001</misses>
				<total>0</total>
				<timestamp>1860.903585</timestamp>
			</report>
			<report>
				<misses>213800001</misses>
				<total>0</total>
				<timestamp>1861.778751</timestamp>
			</report>
			<report>
				<misses>213900001</misses>
				<total>0</total>
				<timestamp>1862.648711</timestamp>
			</report>
			<report>
				<misses>214000001</misses>
				<total>0</total>
				<timestamp>1863.518824</timestamp>
			</report>
			<report>
				<misses>214100001</misses>
				<total>0</total>
				<timestamp>1864.396884</timestamp>
			</report>
			<report>
				<misses>214200001</misses>
				<total>0</total>
				<timestamp>1865.256174</timestamp>
			</report>
			<report>
				<misses>214300001</misses>
				<total>0</total>
				<timestamp>1866.119927</timestamp>
			</report>
			<report>
				<misses>214400001</misses>
				<total>0</total>
				<timestamp>1866.994837</timestamp>
			</report>
			<report>
				<misses>214500001</misses>
				<total>0</total>
				<timestamp>1867.868344</timestamp>
			</report>
			<report>
				<misses>214600001</misses>
				<total>0</total>
				<timestamp>1868.735513</timestamp>
			</report>
			<report>
				<misses>214700001</misses>
				<total>0</total>
				<timestamp>1869.592913</timestamp>
			</report>
			<report>
				<misses>214800001</misses>
				<total>0</total>
				<timestamp>1870.466429</timestamp>
			</report>
			<report>
				<misses>214900001</misses>
				<total>0</total>
				<timestamp>1871.339158</timestamp>
			</report>
			<report>
				<misses>215000001</misses>
				<total>0</total>
				<timestamp>1872.217268</timestamp>
			</report>
			<report>
				<misses>215100001</misses>
				<total>0</total>
				<timestamp>1873.085216</timestamp>
			</report>
			<report>
				<misses>215200001</misses>
				<total>0</total>
				<timestamp>1873.950085</timestamp>
			</report>
			<report>
				<misses>215300001</misses>
				<total>0</total>
				<timestamp>1874.819245</timestamp>
			</report>
			<report>
				<misses>215400001</misses>
				<total>0</total>
				<timestamp>1875.688043</timestamp>
			</report>
			<report>
				<misses>215500001</misses>
				<total>0</total>
				<timestamp>1876.556422</timestamp>
			</report>
			<report>
				<misses>215600001</misses>
				<total>0</total>
				<timestamp>1877.427199</timestamp>
			</report>
			<report>
				<misses>215700001</misses>
				<total>0</total>
				<timestamp>1878.286981</timestamp>
			</report>
			<report>
				<misses>215800001</misses>
				<total>0</total>
				<timestamp>1879.156677</timestamp>
			</report>
			<report>
				<misses>215900001</misses>
				<total>0</total>
				<timestamp>1880.041753</timestamp>
			</report>
			<report>
				<misses>216000001</misses>
				<total>0</total>
				<timestamp>1880.910503</timestamp>
			</report>
			<report>
				<misses>216100001</misses>
				<total>0</total>
				<timestamp>1881.781943</timestamp>
			</report>
			<report>
				<misses>216200001</misses>
				<total>0</total>
				<timestamp>1882.638382</timestamp>
			</report>
			<report>
				<misses>216300001</misses>
				<total>0</total>
				<timestamp>1883.500152</timestamp>
			</report>
			<report>
				<misses>216400001</misses>
				<total>0</total>
				<timestamp>1884.369084</timestamp>
			</report>
			<report>
				<misses>216500001</misses>
				<total>0</total>
				<timestamp>1885.247480</timestamp>
			</report>
			<report>
				<misses>216600001</misses>
				<total>0</total>
				<timestamp>1886.125169</timestamp>
			</report>
			<report>
				<misses>216700001</misses>
				<total>0</total>
				<timestamp>1886.998381</timestamp>
			</report>
			<report>
				<misses>216800001</misses>
				<total>0</total>
				<timestamp>1887.877593</timestamp>
			</report>
			<report>
				<misses>216900001</misses>
				<total>0</total>
				<timestamp>1888.754802</timestamp>
			</report>
			<report>
				<misses>217000001</misses>
				<total>0</total>
				<timestamp>1889.637200</timestamp>
			</report>
			<report>
				<misses>217100001</misses>
				<total>0</total>
				<timestamp>1890.500414</timestamp>
			</report>
			<report>
				<misses>217200001</misses>
				<total>0</total>
				<timestamp>1891.369950</timestamp>
			</report>
			<report>
				<misses>217300001</misses>
				<total>0</total>
				<timestamp>1892.244801</timestamp>
			</report>
			<report>
				<misses>217400001</misses>
				<total>0</total>
				<timestamp>1893.118214</timestamp>
			</report>
			<report>
				<misses>217500001</misses>
				<total>0</total>
				<timestamp>1893.980710</timestamp>
			</report>
			<report>
				<misses>217600001</misses>
				<total>0</total>
				<timestamp>1894.852941</timestamp>
			</report>
			<report>
				<misses>217700001</misses>
				<total>0</total>
				<timestamp>1895.720767</timestamp>
			</report>
			<report>
				<misses>217800001</misses>
				<total>0</total>
				<timestamp>1896.587616</timestamp>
			</report>
			<report>
				<misses>217900001</misses>
				<total>0</total>
				<timestamp>1897.458921</timestamp>
			</report>
			<report>
				<misses>218000001</misses>
				<total>0</total>
				<timestamp>1898.338490</timestamp>
			</report>
			<report>
				<misses>218100001</misses>
				<total>0</total>
				<timestamp>1899.203163</timestamp>
			</report>
			<report>
				<misses>218200001</misses>
				<total>0</total>
				<timestamp>1900.068780</timestamp>
			</report>
			<report>
				<misses>218300001</misses>
				<total>0</total>
				<timestamp>1900.937699</timestamp>
			</report>
			<report>
				<misses>218400001</misses>
				<total>0</total>
				<timestamp>1901.799205</timestamp>
			</report>
			<report>
				<misses>218500001</misses>
				<total>0</total>
				<timestamp>1902.664319</timestamp>
			</report>
			<report>
				<misses>218600001</misses>
				<total>0</total>
				<timestamp>1903.533744</timestamp>
			</report>
			<report>
				<misses>218700001</misses>
				<total>0</total>
				<timestamp>1904.394841</timestamp>
			</report>
			<report>
				<misses>218800001</misses>
				<total>0</total>
				<timestamp>1905.265259</timestamp>
			</report>
			<report>
				<misses>218900001</misses>
				<total>0</total>
				<timestamp>1906.130223</timestamp>
			</report>
			<report>
				<misses>219000001</misses>
				<total>0</total>
				<timestamp>1907.002563</timestamp>
			</report>
			<report>
				<misses>219100001</misses>
				<total>0</total>
				<timestamp>1907.864905</timestamp>
			</report>
			<report>
				<misses>219200001</misses>
				<total>0</total>
				<timestamp>1908.741245</timestamp>
			</report>
			<report>
				<misses>219300001</misses>
				<total>0</total>
				<timestamp>1909.611827</timestamp>
			</report>
			<report>
				<misses>219400001</misses>
				<total>0</total>
				<timestamp>1910.488723</timestamp>
			</report>
			<report>
				<misses>219500001</misses>
				<total>0</total>
				<timestamp>1911.351633</timestamp>
			</report>
			<report>
				<misses>219600001</misses>
				<total>0</total>
				<timestamp>1912.218503</timestamp>
			</report>
			<report>
				<misses>219700001</misses>
				<total>0</total>
				<timestamp>1913.079875</timestamp>
			</report>
			<report>
				<misses>219800001</misses>
				<total>0</total>
				<timestamp>1913.943286</timestamp>
			</report>
			<report>
				<misses>219900001</misses>
				<total>0</total>
				<timestamp>1914.820339</timestamp>
			</report>
			<report>
				<misses>220000001</misses>
				<total>0</total>
				<timestamp>1915.698171</timestamp>
			</report>
			<report>
				<misses>220100001</misses>
				<total>0</total>
				<timestamp>1916.560492</timestamp>
			</report>
			<report>
				<misses>220200001</misses>
				<total>0</total>
				<timestamp>1917.428933</timestamp>
			</report>
			<report>
				<misses>220300001</misses>
				<total>0</total>
				<timestamp>1918.292945</timestamp>
			</report>
			<report>
				<misses>220400001</misses>
				<total>0</total>
				<timestamp>1919.152469</timestamp>
			</report>
			<report>
				<misses>220500001</misses>
				<total>0</total>
				<timestamp>1920.023197</timestamp>
			</report>
			<report>
				<misses>220600001</misses>
				<total>0</total>
				<timestamp>1920.893046</timestamp>
			</report>
			<report>
				<misses>220700001</misses>
				<total>0</total>
				<timestamp>1921.769542</timestamp>
			</report>
			<report>
				<misses>220800001</misses>
				<total>0</total>
				<timestamp>1922.635919</timestamp>
			</report>
			<report>
				<misses>220900001</misses>
				<total>0</total>
				<timestamp>1923.499629</timestamp>
			</report>
			<report>
				<misses>221000001</misses>
				<total>0</total>
				<timestamp>1924.383600</timestamp>
			</report>
			<report>
				<misses>221100001</misses>
				<total>0</total>
				<timestamp>1925.245588</timestamp>
			</report>
			<report>
				<misses>221200001</misses>
				<total>0</total>
				<timestamp>1926.111978</timestamp>
			</report>
			<report>
				<misses>221300001</misses>
				<total>0</total>
				<timestamp>1926.985185</timestamp>
			</report>
			<report>
				<misses>221400001</misses>
				<total>0</total>
				<timestamp>1927.843234</timestamp>
			</report>
			<report>
				<misses>221500001</misses>
				<total>0</total>
				<timestamp>1928.714009</timestamp>
			</report>
			<report>
				<misses>221600001</misses>
				<total>0</total>
				<timestamp>1929.586675</timestamp>
			</report>
			<report>
				<misses>221700001</misses>
				<total>0</total>
				<timestamp>1930.454598</timestamp>
			</report>
			<report>
				<misses>221800001</misses>
				<total>0</total>
				<timestamp>1931.322917</timestamp>
			</report>
			<report>
				<misses>221900001</misses>
				<total>0</total>
				<timestamp>1932.191318</timestamp>
			</report>
			<report>
				<misses>222000001</misses>
				<total>0</total>
				<timestamp>1933.060353</timestamp>
			</report>
			<report>
				<misses>222100001</misses>
				<total>0</total>
				<timestamp>1933.931513</timestamp>
			</report>
			<report>
				<misses>222200001</misses>
				<total>0</total>
				<timestamp>1934.807636</timestamp>
			</report>
			<report>
				<misses>222300001</misses>
				<total>0</total>
				<timestamp>1935.691993</timestamp>
			</report>
			<report>
				<misses>222400001</misses>
				<total>0</total>
				<timestamp>1936.572519</timestamp>
			</report>
			<report>
				<misses>222500001</misses>
				<total>0</total>
				<timestamp>1937.461306</timestamp>
			</report>
			<report>
				<misses>222600001</misses>
				<total>0</total>
				<timestamp>1938.338685</timestamp>
			</report>
			<report>
				<misses>222700001</misses>
				<total>0</total>
				<timestamp>1939.211626</timestamp>
			</report>
			<report>
				<misses>222800001</misses>
				<total>0</total>
				<timestamp>1940.078455</timestamp>
			</report>
			<report>
				<misses>222900001</misses>
				<total>0</total>
				<timestamp>1940.944756</timestamp>
			</report>
			<report>
				<misses>223000001</misses>
				<total>0</total>
				<timestamp>1941.821562</timestamp>
			</report>
			<report>
				<misses>223100001</misses>
				<total>0</total>
				<timestamp>1942.699390</timestamp>
			</report>
			<report>
				<misses>223200001</misses>
				<total>0</total>
				<timestamp>1943.565244</timestamp>
			</report>
			<report>
				<misses>223300001</misses>
				<total>0</total>
				<timestamp>1944.438492</timestamp>
			</report>
			<report>
				<misses>223400001</misses>
				<total>0</total>
				<timestamp>1945.315135</timestamp>
			</report>
			<report>
				<misses>223500001</misses>
				<total>0</total>
				<timestamp>1946.183396</timestamp>
			</report>
			<report>
				<misses>223600001</misses>
				<total>0</total>
				<timestamp>1947.044962</timestamp>
			</report>
			<report>
				<misses>223700001</misses>
				<total>0</total>
				<timestamp>1947.907711</timestamp>
			</report>
			<report>
				<misses>223800001</misses>
				<total>0</total>
				<timestamp>1948.772256</timestamp>
			</report>
			<report>
				<misses>223900001</misses>
				<total>0</total>
				<timestamp>1949.640994</timestamp>
			</report>
			<report>
				<misses>224000001</misses>
				<total>0</total>
				<timestamp>1950.522663</timestamp>
			</report>
			<report>
				<misses>224100001</misses>
				<total>0</total>
				<timestamp>1951.393362</timestamp>
			</report>
			<report>
				<misses>224200001</misses>
				<total>0</total>
				<timestamp>1952.262338</timestamp>
			</report>
			<report>
				<misses>224300001</misses>
				<total>0</total>
				<timestamp>1953.115360</timestamp>
			</report>
			<report>
				<misses>224400001</misses>
				<total>0</total>
				<timestamp>1953.962471</timestamp>
			</report>
			<report>
				<misses>224500001</misses>
				<total>0</total>
				<timestamp>1954.827835</timestamp>
			</report>
			<report>
				<misses>224600001</misses>
				<total>0</total>
				<timestamp>1955.694990</timestamp>
			</report>
			<report>
				<misses>224700001</misses>
				<total>0</total>
				<timestamp>1956.569142</timestamp>
			</report>
			<report>
				<misses>224800001</misses>
				<total>0</total>
				<timestamp>1957.442813</timestamp>
			</report>
			<report>
				<misses>224900001</misses>
				<total>0</total>
				<timestamp>1958.306693</timestamp>
			</report>
			<report>
				<misses>225000001</misses>
				<total>0</total>
				<timestamp>1959.172826</timestamp>
			</report>
			<report>
				<misses>225100001</misses>
				<total>0</total>
				<timestamp>1960.036934</timestamp>
			</report>
			<report>
				<misses>225200001</misses>
				<total>0</total>
				<timestamp>1960.907433</timestamp>
			</report>
			<report>
				<misses>225300001</misses>
				<total>0</total>
				<timestamp>1961.781886</timestamp>
			</report>
			<report>
				<misses>225400001</misses>
				<total>0</total>
				<timestamp>1962.621512</timestamp>
			</report>
			<report>
				<misses>225500001</misses>
				<total>0</total>
				<timestamp>1963.482502</timestamp>
			</report>
			<report>
				<misses>225600001</misses>
				<total>0</total>
				<timestamp>1964.343644</timestamp>
			</report>
			<report>
				<misses>225700001</misses>
				<total>0</total>
				<timestamp>1965.204185</timestamp>
			</report>
			<report>
				<misses>225800001</misses>
				<total>0</total>
				<timestamp>1966.079420</timestamp>
			</report>
			<report>
				<misses>225900001</misses>
				<total>0</total>
				<timestamp>1966.955015</timestamp>
			</report>
			<report>
				<misses>226000001</misses>
				<total>0</total>
				<timestamp>1967.808645</timestamp>
			</report>
			<report>
				<misses>226100001</misses>
				<total>0</total>
				<timestamp>1968.672491</timestamp>
			</report>
			<report>
				<misses>226200001</misses>
				<total>0</total>
				<timestamp>1969.535529</timestamp>
			</report>
			<report>
				<misses>226300001</misses>
				<total>0</total>
				<timestamp>1970.406851</timestamp>
			</report>
			<report>
				<misses>226400001</misses>
				<total>0</total>
				<timestamp>1971.284782</timestamp>
			</report>
			<report>
				<misses>226500001</misses>
				<total>0</total>
				<timestamp>1972.153838</timestamp>
			</report>
			<report>
				<misses>226600001</misses>
				<total>0</total>
				<timestamp>1973.024433</timestamp>
			</report>
			<report>
				<misses>226700001</misses>
				<total>0</total>
				<timestamp>1973.883074</timestamp>
			</report>
			<report>
				<misses>226800001</misses>
				<total>0</total>
				<timestamp>1974.750858</timestamp>
			</report>
			<report>
				<misses>226900001</misses>
				<total>0</total>
				<timestamp>1975.612891</timestamp>
			</report>
			<report>
				<misses>227000001</misses>
				<total>0</total>
				<timestamp>1976.479013</timestamp>
			</report>
			<report>
				<misses>227100001</misses>
				<total>0</total>
				<timestamp>1977.351461</timestamp>
			</report>
			<report>
				<misses>227200001</misses>
				<total>0</total>
				<timestamp>1978.211225</timestamp>
			</report>
			<report>
				<misses>227300001</misses>
				<total>0</total>
				<timestamp>1979.078218</timestamp>
			</report>
			<report>
				<misses>227400001</misses>
				<total>0</total>
				<timestamp>1979.959250</timestamp>
			</report>
			<report>
				<misses>227500001</misses>
				<total>0</total>
				<timestamp>1980.826035</timestamp>
			</report>
			<report>
				<misses>227600001</misses>
				<total>0</total>
				<timestamp>1981.688387</timestamp>
			</report>
			<report>
				<misses>227700001</misses>
				<total>0</total>
				<timestamp>1982.557696</timestamp>
			</report>
			<report>
				<misses>227800001</misses>
				<total>0</total>
				<timestamp>1983.440204</timestamp>
			</report>
			<report>
				<misses>227900001</misses>
				<total>0</total>
				<timestamp>1984.320893</timestamp>
			</report>
			<report>
				<misses>228000001</misses>
				<total>0</total>
				<timestamp>1985.210568</timestamp>
			</report>
			<report>
				<misses>228100001</misses>
				<total>0</total>
				<timestamp>1986.096115</timestamp>
			</report>
			<report>
				<misses>228200001</misses>
				<total>0</total>
				<timestamp>1986.980411</timestamp>
			</report>
			<report>
				<misses>228300001</misses>
				<total>0</total>
				<timestamp>1987.856398</timestamp>
			</report>
			<report>
				<misses>228400001</misses>
				<total>0</total>
				<timestamp>1988.735854</timestamp>
			</report>
			<report>
				<misses>228500001</misses>
				<total>0</total>
				<timestamp>1989.610348</timestamp>
			</report>
			<report>
				<misses>228600001</misses>
				<total>0</total>
				<timestamp>1990.485033</timestamp>
			</report>
			<report>
				<misses>228700001</misses>
				<total>0</total>
				<timestamp>1991.359666</timestamp>
			</report>
			<report>
				<misses>228800001</misses>
				<total>0</total>
				<timestamp>1992.228306</timestamp>
			</report>
			<report>
				<misses>228900001</misses>
				<total>0</total>
				<timestamp>1993.101494</timestamp>
			</report>
			<report>
				<misses>229000001</misses>
				<total>0</total>
				<timestamp>1993.970500</timestamp>
			</report>
			<report>
				<misses>229100001</misses>
				<total>0</total>
				<timestamp>1994.851241</timestamp>
			</report>
			<report>
				<misses>229200001</misses>
				<total>0</total>
				<timestamp>1995.727527</timestamp>
			</report>
			<report>
				<misses>229300001</misses>
				<total>0</total>
				<timestamp>1996.597149</timestamp>
			</report>
			<report>
				<misses>229400001</misses>
				<total>0</total>
				<timestamp>1997.459406</timestamp>
			</report>
			<report>
				<misses>229500001</misses>
				<total>0</total>
				<timestamp>1998.325515</timestamp>
			</report>
			<report>
				<misses>229600001</misses>
				<total>0</total>
				<timestamp>1999.195643</timestamp>
			</report>
			<report>
				<misses>229700001</misses>
				<total>0</total>
				<timestamp>2000.057621</timestamp>
			</report>
			<report>
				<misses>229800001</misses>
				<total>0</total>
				<timestamp>2000.928915</timestamp>
			</report>
			<report>
				<misses>229900001</misses>
				<total>0</total>
				<timestamp>2001.798066</timestamp>
			</report>
			<report>
				<misses>230000001</misses>
				<total>0</total>
				<timestamp>2002.679631</timestamp>
			</report>
			<report>
				<misses>230100001</misses>
				<total>0</total>
				<timestamp>2003.551606</timestamp>
			</report>
			<report>
				<misses>230200001</misses>
				<total>0</total>
				<timestamp>2004.432648</timestamp>
			</report>
			<report>
				<misses>230300001</misses>
				<total>0</total>
				<timestamp>2005.302903</timestamp>
			</report>
			<report>
				<misses>230400001</misses>
				<total>0</total>
				<timestamp>2006.165996</timestamp>
			</report>
			<report>
				<misses>230500001</misses>
				<total>0</total>
				<timestamp>2007.039409</timestamp>
			</report>
			<report>
				<misses>230600001</misses>
				<total>0</total>
				<timestamp>2007.907619</timestamp>
			</report>
			<report>
				<misses>230700001</misses>
				<total>0</total>
				<timestamp>2008.788708</timestamp>
			</report>
			<report>
				<misses>230800001</misses>
				<total>0</total>
				<timestamp>2009.665335</timestamp>
			</report>
			<report>
				<misses>230900001</misses>
				<total>0</total>
				<timestamp>2010.541817</timestamp>
			</report>
			<report>
				<misses>231000001</misses>
				<total>0</total>
				<timestamp>2011.413915</timestamp>
			</report>
			<report>
				<misses>231100001</misses>
				<total>0</total>
				<timestamp>2012.284152</timestamp>
			</report>
			<report>
				<misses>231200001</misses>
				<total>0</total>
				<timestamp>2013.152632</timestamp>
			</report>
			<report>
				<misses>231300001</misses>
				<total>0</total>
				<timestamp>2014.021433</timestamp>
			</report>
			<report>
				<misses>231400001</misses>
				<total>0</total>
				<timestamp>2014.887107</timestamp>
			</report>
			<report>
				<misses>231500001</misses>
				<total>0</total>
				<timestamp>2015.755593</timestamp>
			</report>
			<report>
				<misses>231600001</misses>
				<total>0</total>
				<timestamp>2016.622999</timestamp>
			</report>
			<report>
				<misses>231700001</misses>
				<total>0</total>
				<timestamp>2017.507000</timestamp>
			</report>
			<report>
				<misses>231800001</misses>
				<total>0</total>
				<timestamp>2018.384395</timestamp>
			</report>
			<report>
				<misses>231900001</misses>
				<total>0</total>
				<timestamp>2019.247396</timestamp>
			</report>
			<report>
				<misses>232000001</misses>
				<total>0</total>
				<timestamp>2020.114527</timestamp>
			</report>
			<report>
				<misses>232100001</misses>
				<total>0</total>
				<timestamp>2020.981343</timestamp>
			</report>
			<report>
				<misses>232200001</misses>
				<total>0</total>
				<timestamp>2021.845281</timestamp>
			</report>
			<report>
				<misses>232300001</misses>
				<total>0</total>
				<timestamp>2022.719507</timestamp>
			</report>
			<report>
				<misses>232400001</misses>
				<total>0</total>
				<timestamp>2023.587248</timestamp>
			</report>
			<report>
				<misses>232500001</misses>
				<total>0</total>
				<timestamp>2024.465768</timestamp>
			</report>
			<report>
				<misses>232600001</misses>
				<total>0</total>
				<timestamp>2025.328217</timestamp>
			</report>
			<report>
				<misses>232700001</misses>
				<total>0</total>
				<timestamp>2026.215647</timestamp>
			</report>
			<report>
				<misses>232800001</misses>
				<total>0</total>
				<timestamp>2027.095909</timestamp>
			</report>
			<report>
				<misses>232900001</misses>
				<total>0</total>
				<timestamp>2027.955254</timestamp>
			</report>
			<report>
				<misses>233000001</misses>
				<total>0</total>
				<timestamp>2028.817668</timestamp>
			</report>
			<report>
				<misses>233100001</misses>
				<total>0</total>
				<timestamp>2029.682123</timestamp>
			</report>
			<report>
				<misses>233200001</misses>
				<total>0</total>
				<timestamp>2030.550709</timestamp>
			</report>
			<report>
				<misses>233300001</misses>
				<total>0</total>
				<timestamp>2031.407808</timestamp>
			</report>
			<report>
				<misses>233400001</misses>
				<total>0</total>
				<timestamp>2032.265818</timestamp>
			</report>
			<report>
				<misses>233500001</misses>
				<total>0</total>
				<timestamp>2033.124698</timestamp>
			</report>
			<report>
				<misses>233600001</misses>
				<total>0</total>
				<timestamp>2033.990480</timestamp>
			</report>
			<report>
				<misses>233700001</misses>
				<total>0</total>
				<timestamp>2034.879448</timestamp>
			</report>
			<report>
				<misses>233800001</misses>
				<total>0</total>
				<timestamp>2035.761184</timestamp>
			</report>
			<report>
				<misses>233900001</misses>
				<total>0</total>
				<timestamp>2036.643522</timestamp>
			</report>
			<report>
				<misses>234000001</misses>
				<total>0</total>
				<timestamp>2037.527150</timestamp>
			</report>
			<report>
				<misses>234100001</misses>
				<total>0</total>
				<timestamp>2038.400075</timestamp>
			</report>
			<report>
				<misses>234200001</misses>
				<total>0</total>
				<timestamp>2039.269044</timestamp>
			</report>
			<report>
				<misses>234300001</misses>
				<total>0</total>
				<timestamp>2040.131805</timestamp>
			</report>
			<report>
				<misses>234400001</misses>
				<total>0</total>
				<timestamp>2041.002020</timestamp>
			</report>
			<report>
				<misses>234500001</misses>
				<total>0</total>
				<timestamp>2041.863050</timestamp>
			</report>
			<report>
				<misses>234600001</misses>
				<total>0</total>
				<timestamp>2042.729450</timestamp>
			</report>
			<report>
				<misses>234700001</misses>
				<total>0</total>
				<timestamp>2043.592143</timestamp>
			</report>
			<report>
				<misses>234800001</misses>
				<total>0</total>
				<timestamp>2044.453055</timestamp>
			</report>
			<report>
				<misses>234900001</misses>
				<total>0</total>
				<timestamp>2045.322887</timestamp>
			</report>
			<report>
				<misses>235000001</misses>
				<total>0</total>
				<timestamp>2046.199687</timestamp>
			</report>
			<report>
				<misses>235100001</misses>
				<total>0</total>
				<timestamp>2047.073170</timestamp>
			</report>
			<report>
				<misses>235200001</misses>
				<total>0</total>
				<timestamp>2047.933605</timestamp>
			</report>
			<report>
				<misses>235300001</misses>
				<total>0</total>
				<timestamp>2048.804060</timestamp>
			</report>
			<report>
				<misses>235400001</misses>
				<total>0</total>
				<timestamp>2049.671545</timestamp>
			</report>
			<report>
				<misses>235500001</misses>
				<total>0</total>
				<timestamp>2050.538461</timestamp>
			</report>
			<report>
				<misses>235600001</misses>
				<total>0</total>
				<timestamp>2051.402571</timestamp>
			</report>
			<report>
				<misses>235700001</misses>
				<total>0</total>
				<timestamp>2052.265271</timestamp>
			</report>
			<report>
				<misses>235800001</misses>
				<total>0</total>
				<timestamp>2053.144055</timestamp>
			</report>
			<report>
				<misses>235900001</misses>
				<total>0</total>
				<timestamp>2054.012813</timestamp>
			</report>
			<report>
				<misses>236000001</misses>
				<total>0</total>
				<timestamp>2054.870536</timestamp>
			</report>
			<report>
				<misses>236100001</misses>
				<total>0</total>
				<timestamp>2055.730601</timestamp>
			</report>
			<report>
				<misses>236200001</misses>
				<total>0</total>
				<timestamp>2056.598685</timestamp>
			</report>
			<report>
				<misses>236300001</misses>
				<total>0</total>
				<timestamp>2057.465229</timestamp>
			</report>
			<report>
				<misses>236400001</misses>
				<total>0</total>
				<timestamp>2058.330161</timestamp>
			</report>
			<report>
				<misses>236500001</misses>
				<total>0</total>
				<timestamp>2059.209992</timestamp>
			</report>
			<report>
				<misses>236600001</misses>
				<total>0</total>
				<timestamp>2060.077673</timestamp>
			</report>
			<report>
				<misses>236700001</misses>
				<total>0</total>
				<timestamp>2060.951692</timestamp>
			</report>
			<report>
				<misses>236800001</misses>
				<total>0</total>
				<timestamp>2061.830207</timestamp>
			</report>
			<report>
				<misses>236900001</misses>
				<total>0</total>
				<timestamp>2062.705477</timestamp>
			</report>
			<report>
				<misses>237000001</misses>
				<total>0</total>
				<timestamp>2063.579968</timestamp>
			</report>
			<report>
				<misses>237100001</misses>
				<total>0</total>
				<timestamp>2064.445732</timestamp>
			</report>
			<report>
				<misses>237200001</misses>
				<total>0</total>
				<timestamp>2065.307583</timestamp>
			</report>
			<report>
				<misses>237300001</misses>
				<total>0</total>
				<timestamp>2066.183654</timestamp>
			</report>
			<report>
				<misses>237400001</misses>
				<total>0</total>
				<timestamp>2067.050791</timestamp>
			</report>
			<report>
				<misses>237500001</misses>
				<total>0</total>
				<timestamp>2067.921805</timestamp>
			</report>
			<report>
				<misses>237600001</misses>
				<total>0</total>
				<timestamp>2068.789078</timestamp>
			</report>
			<report>
				<misses>237700001</misses>
				<total>0</total>
				<timestamp>2069.661700</timestamp>
			</report>
			<report>
				<misses>237800001</misses>
				<total>0</total>
				<timestamp>2070.542291</timestamp>
			</report>
			<report>
				<misses>237900001</misses>
				<total>0</total>
				<timestamp>2071.412295</timestamp>
			</report>
			<report>
				<misses>238000001</misses>
				<total>0</total>
				<timestamp>2072.277200</timestamp>
			</report>
			<report>
				<misses>238100001</misses>
				<total>0</total>
				<timestamp>2073.151106</timestamp>
			</report>
			<report>
				<misses>238200001</misses>
				<total>0</total>
				<timestamp>2074.026344</timestamp>
			</report>
			<report>
				<misses>238300001</misses>
				<total>0</total>
				<timestamp>2074.897284</timestamp>
			</report>
			<report>
				<misses>238400001</misses>
				<total>0</total>
				<timestamp>2075.772446</timestamp>
			</report>
			<report>
				<misses>238500001</misses>
				<total>0</total>
				<timestamp>2076.646336</timestamp>
			</report>
			<report>
				<misses>238600001</misses>
				<total>0</total>
				<timestamp>2077.511311</timestamp>
			</report>
			<report>
				<misses>238700001</misses>
				<total>0</total>
				<timestamp>2078.372915</timestamp>
			</report>
			<report>
				<misses>238800001</misses>
				<total>0</total>
				<timestamp>2079.248734</timestamp>
			</report>
			<report>
				<misses>238900001</misses>
				<total>0</total>
				<timestamp>2080.117159</timestamp>
			</report>
			<report>
				<misses>239000001</misses>
				<total>0</total>
				<timestamp>2080.991505</timestamp>
			</report>
			<report>
				<misses>239100001</misses>
				<total>0</total>
				<timestamp>2081.880843</timestamp>
			</report>
			<report>
				<misses>239200001</misses>
				<total>0</total>
				<timestamp>2082.763899</timestamp>
			</report>
			<report>
				<misses>239300001</misses>
				<total>0</total>
				<timestamp>2083.642725</timestamp>
			</report>
			<report>
				<misses>239400001</misses>
				<total>0</total>
				<timestamp>2084.522265</timestamp>
			</report>
			<report>
				<misses>239500001</misses>
				<total>0</total>
				<timestamp>2085.399775</timestamp>
			</report>
			<report>
				<misses>239600001</misses>
				<total>0</total>
				<timestamp>2086.276525</timestamp>
			</report>
			<report>
				<misses>239700001</misses>
				<total>0</total>
				<timestamp>2087.157995</timestamp>
			</report>
			<report>
				<misses>239800001</misses>
				<total>0</total>
				<timestamp>2088.033049</timestamp>
			</report>
			<report>
				<misses>239900001</misses>
				<total>0</total>
				<timestamp>2088.887368</timestamp>
			</report>
			<report>
				<misses>240000001</misses>
				<total>0</total>
				<timestamp>2089.742034</timestamp>
			</report>
			<report>
				<misses>240100001</misses>
				<total>0</total>
				<timestamp>2090.610167</timestamp>
			</report>
			<report>
				<misses>240200001</misses>
				<total>0</total>
				<timestamp>2091.482807</timestamp>
			</report>
			<report>
				<misses>240300001</misses>
				<total>0</total>
				<timestamp>2092.343644</timestamp>
			</report>
			<report>
				<misses>240400001</misses>
				<total>0</total>
				<timestamp>2093.208227</timestamp>
			</report>
			<report>
				<misses>240500001</misses>
				<total>0</total>
				<timestamp>2094.079998</timestamp>
			</report>
			<report>
				<misses>240600001</misses>
				<total>0</total>
				<timestamp>2094.950067</timestamp>
			</report>
			<report>
				<misses>240700001</misses>
				<total>0</total>
				<timestamp>2095.829939</timestamp>
			</report>
			<report>
				<misses>240800001</misses>
				<total>0</total>
				<timestamp>2096.696433</timestamp>
			</report>
			<report>
				<misses>240900001</misses>
				<total>0</total>
				<timestamp>2097.562143</timestamp>
			</report>
			<report>
				<misses>241000001</misses>
				<total>0</total>
				<timestamp>2098.428482</timestamp>
			</report>
			<report>
				<misses>241100001</misses>
				<total>0</total>
				<timestamp>2099.290774</timestamp>
			</report>
			<report>
				<misses>241200001</misses>
				<total>0</total>
				<timestamp>2100.140941</timestamp>
			</report>
			<report>
				<misses>241300001</misses>
				<total>0</total>
				<timestamp>2101.011025</timestamp>
			</report>
			<report>
				<misses>241400001</misses>
				<total>0</total>
				<timestamp>2101.885909</timestamp>
			</report>
			<report>
				<misses>241500001</misses>
				<total>0</total>
				<timestamp>2102.770667</timestamp>
			</report>
			<report>
				<misses>241600001</misses>
				<total>0</total>
				<timestamp>2103.646474</timestamp>
			</report>
			<report>
				<misses>241700001</misses>
				<total>0</total>
				<timestamp>2104.520425</timestamp>
			</report>
			<report>
				<misses>241800001</misses>
				<total>0</total>
				<timestamp>2105.388311</timestamp>
			</report>
			<report>
				<misses>241900001</misses>
				<total>0</total>
				<timestamp>2106.263946</timestamp>
			</report>
			<report>
				<misses>242000001</misses>
				<total>0</total>
				<timestamp>2107.116414</timestamp>
			</report>
			<report>
				<misses>242100001</misses>
				<total>0</total>
				<timestamp>2107.986084</timestamp>
			</report>
			<report>
				<misses>242200001</misses>
				<total>0</total>
				<timestamp>2108.834896</timestamp>
			</report>
			<report>
				<misses>242300001</misses>
				<total>0</total>
				<timestamp>2109.702188</timestamp>
			</report>
			<report>
				<misses>242400001</misses>
				<total>0</total>
				<timestamp>2110.583264</timestamp>
			</report>
			<report>
				<misses>242500001</misses>
				<total>0</total>
				<timestamp>2111.449553</timestamp>
			</report>
			<report>
				<misses>242600001</misses>
				<total>0</total>
				<timestamp>2112.315745</timestamp>
			</report>
			<report>
				<misses>242700001</misses>
				<total>0</total>
				<timestamp>2113.188047</timestamp>
			</report>
			<report>
				<misses>242800001</misses>
				<total>0</total>
				<timestamp>2114.052678</timestamp>
			</report>
			<report>
				<misses>242900001</misses>
				<total>0</total>
				<timestamp>2114.910818</timestamp>
			</report>
			<report>
				<misses>243000001</misses>
				<total>0</total>
				<timestamp>2115.784603</timestamp>
			</report>
			<report>
				<misses>243100001</misses>
				<total>0</total>
				<timestamp>2116.657389</timestamp>
			</report>
			<report>
				<misses>243200001</misses>
				<total>0</total>
				<timestamp>2117.537859</timestamp>
			</report>
			<report>
				<misses>243300001</misses>
				<total>0</total>
				<timestamp>2118.410718</timestamp>
			</report>
			<report>
				<misses>243400001</misses>
				<total>0</total>
				<timestamp>2119.261792</timestamp>
			</report>
			<report>
				<misses>243500001</misses>
				<total>0</total>
				<timestamp>2120.116467</timestamp>
			</report>
			<report>
				<misses>243600001</misses>
				<total>0</total>
				<timestamp>2120.984171</timestamp>
			</report>
			<report>
				<misses>243700001</misses>
				<total>0</total>
				<timestamp>2121.848020</timestamp>
			</report>
			<report>
				<misses>243800001</misses>
				<total>0</total>
				<timestamp>2122.709703</timestamp>
			</report>
			<report>
				<misses>243900001</misses>
				<total>0</total>
				<timestamp>2123.573826</timestamp>
			</report>
			<report>
				<misses>244000001</misses>
				<total>0</total>
				<timestamp>2124.441448</timestamp>
			</report>
			<report>
				<misses>244100001</misses>
				<total>0</total>
				<timestamp>2125.311493</timestamp>
			</report>
			<report>
				<misses>244200001</misses>
				<total>0</total>
				<timestamp>2126.190316</timestamp>
			</report>
			<report>
				<misses>244300001</misses>
				<total>0</total>
				<timestamp>2127.047376</timestamp>
			</report>
			<report>
				<misses>244400001</misses>
				<total>0</total>
				<timestamp>2127.910540</timestamp>
			</report>
			<report>
				<misses>244500001</misses>
				<total>0</total>
				<timestamp>2128.779094</timestamp>
			</report>
			<report>
				<misses>244600001</misses>
				<total>0</total>
				<timestamp>2129.659280</timestamp>
			</report>
			<report>
				<misses>244700001</misses>
				<total>0</total>
				<timestamp>2130.538891</timestamp>
			</report>
			<report>
				<misses>244800001</misses>
				<total>0</total>
				<timestamp>2131.408744</timestamp>
			</report>
			<report>
				<misses>244900001</misses>
				<total>0</total>
				<timestamp>2132.285172</timestamp>
			</report>
			<report>
				<misses>245000001</misses>
				<total>0</total>
				<timestamp>2133.166029</timestamp>
			</report>
			<report>
				<misses>245100001</misses>
				<total>0</total>
				<timestamp>2134.038796</timestamp>
			</report>
			<report>
				<misses>245200001</misses>
				<total>0</total>
				<timestamp>2134.908849</timestamp>
			</report>
			<report>
				<misses>245300001</misses>
				<total>0</total>
				<timestamp>2135.783452</timestamp>
			</report>
			<report>
				<misses>245400001</misses>
				<total>0</total>
				<timestamp>2136.655009</timestamp>
			</report>
			<report>
				<misses>245500001</misses>
				<total>0</total>
				<timestamp>2137.534956</timestamp>
			</report>
			<report>
				<misses>245600001</misses>
				<total>0</total>
				<timestamp>2138.413199</timestamp>
			</report>
			<report>
				<misses>245700001</misses>
				<total>0</total>
				<timestamp>2139.283980</timestamp>
			</report>
			<report>
				<misses>245800001</misses>
				<total>0</total>
				<timestamp>2140.157748</timestamp>
			</report>
			<report>
				<misses>245900001</misses>
				<total>0</total>
				<timestamp>2141.023033</timestamp>
			</report>
			<report>
				<misses>246000001</misses>
				<total>0</total>
				<timestamp>2141.892619</timestamp>
			</report>
			<report>
				<misses>246100001</misses>
				<total>0</total>
				<timestamp>2142.756936</timestamp>
			</report>
			<report>
				<misses>246200001</misses>
				<total>0</total>
				<timestamp>2143.626444</timestamp>
			</report>
			<report>
				<misses>246300001</misses>
				<total>0</total>
				<timestamp>2144.506549</timestamp>
			</report>
			<report>
				<misses>246400001</misses>
				<total>0</total>
				<timestamp>2145.373669</timestamp>
			</report>
			<report>
				<misses>246500001</misses>
				<total>0</total>
				<timestamp>2146.247698</timestamp>
			</report>
			<report>
				<misses>246600001</misses>
				<total>0</total>
				<timestamp>2147.113879</timestamp>
			</report>
			<report>
				<misses>246700001</misses>
				<total>0</total>
				<timestamp>2147.982248</timestamp>
			</report>
			<report>
				<misses>246800001</misses>
				<total>0</total>
				<timestamp>2148.842863</timestamp>
			</report>
			<report>
				<misses>246900001</misses>
				<total>0</total>
				<timestamp>2149.705998</timestamp>
			</report>
			<report>
				<misses>247000001</misses>
				<total>0</total>
				<timestamp>2150.586158</timestamp>
			</report>
			<report>
				<misses>247100001</misses>
				<total>0</total>
				<timestamp>2151.453216</timestamp>
			</report>
			<report>
				<misses>247200001</misses>
				<total>0</total>
				<timestamp>2152.324688</timestamp>
			</report>
			<report>
				<misses>247300001</misses>
				<total>0</total>
				<timestamp>2153.192162</timestamp>
			</report>
			<report>
				<misses>247400001</misses>
				<total>0</total>
				<timestamp>2154.062260</timestamp>
			</report>
			<report>
				<misses>247500001</misses>
				<total>0</total>
				<timestamp>2154.929341</timestamp>
			</report>
			<report>
				<misses>247600001</misses>
				<total>0</total>
				<timestamp>2155.806889</timestamp>
			</report>
			<report>
				<misses>247700001</misses>
				<total>0</total>
				<timestamp>2156.675881</timestamp>
			</report>
			<report>
				<misses>247800001</misses>
				<total>0</total>
				<timestamp>2157.555843</timestamp>
			</report>
			<report>
				<misses>247900001</misses>
				<total>0</total>
				<timestamp>2158.426859</timestamp>
			</report>
			<report>
				<misses>248000001</misses>
				<total>0</total>
				<timestamp>2159.297619</timestamp>
			</report>
			<report>
				<misses>248100001</misses>
				<total>0</total>
				<timestamp>2160.165889</timestamp>
			</report>
			<report>
				<misses>248200001</misses>
				<total>0</total>
				<timestamp>2161.034881</timestamp>
			</report>
			<report>
				<misses>248300001</misses>
				<total>0</total>
				<timestamp>2161.916386</timestamp>
			</report>
			<report>
				<misses>248400001</misses>
				<total>0</total>
				<timestamp>2162.799768</timestamp>
			</report>
			<report>
				<misses>248500001</misses>
				<total>0</total>
				<timestamp>2163.679783</timestamp>
			</report>
			<report>
				<misses>248600001</misses>
				<total>0</total>
				<timestamp>2164.570957</timestamp>
			</report>
			<report>
				<misses>248700001</misses>
				<total>0</total>
				<timestamp>2165.441308</timestamp>
			</report>
			<report>
				<misses>248800001</misses>
				<total>0</total>
				<timestamp>2166.314728</timestamp>
			</report>
			<report>
				<misses>248900001</misses>
				<total>0</total>
				<timestamp>2167.173156</timestamp>
			</report>
			<report>
				<misses>249000001</misses>
				<total>0</total>
				<timestamp>2168.039959</timestamp>
			</report>
			<report>
				<misses>249100001</misses>
				<total>0</total>
				<timestamp>2168.902676</timestamp>
			</report>
			<report>
				<misses>249200001</misses>
				<total>0</total>
				<timestamp>2169.773780</timestamp>
			</report>
			<report>
				<misses>249300001</misses>
				<total>0</total>
				<timestamp>2170.644180</timestamp>
			</report>
			<report>
				<misses>249400001</misses>
				<total>0</total>
				<timestamp>2171.514687</timestamp>
			</report>
			<report>
				<misses>249500001</misses>
				<total>0</total>
				<timestamp>2172.396685</timestamp>
			</report>
			<report>
				<misses>249600001</misses>
				<total>0</total>
				<timestamp>2173.270494</timestamp>
			</report>
			<report>
				<misses>249700001</misses>
				<total>0</total>
				<timestamp>2174.138324</timestamp>
			</report>
			<report>
				<misses>249800001</misses>
				<total>0</total>
				<timestamp>2175.005365</timestamp>
			</report>
			<report>
				<misses>249900001</misses>
				<total>0</total>
				<timestamp>2175.873911</timestamp>
			</report>
			<report>
				<misses>250000001</misses>
				<total>0</total>
				<timestamp>2176.746860</timestamp>
			</report>
			<report>
				<misses>250100001</misses>
				<total>0</total>
				<timestamp>2177.612694</timestamp>
			</report>
			<report>
				<misses>250200001</misses>
				<total>0</total>
				<timestamp>2178.483488</timestamp>
			</report>
			<report>
				<misses>250300001</misses>
				<total>0</total>
				<timestamp>2179.339331</timestamp>
			</report>
			<report>
				<misses>250400001</misses>
				<total>0</total>
				<timestamp>2180.213594</timestamp>
			</report>
			<report>
				<misses>250500001</misses>
				<total>0</total>
				<timestamp>2181.073816</timestamp>
			</report>
			<report>
				<misses>250600001</misses>
				<total>0</total>
				<timestamp>2181.937930</timestamp>
			</report>
			<report>
				<misses>250700001</misses>
				<total>0</total>
				<timestamp>2182.802002</timestamp>
			</report>
			<report>
				<misses>250800001</misses>
				<total>0</total>
				<timestamp>2183.672973</timestamp>
			</report>
			<report>
				<misses>250900001</misses>
				<total>0</total>
				<timestamp>2184.537384</timestamp>
			</report>
			<report>
				<misses>251000001</misses>
				<total>0</total>
				<timestamp>2185.412176</timestamp>
			</report>
			<report>
				<misses>251100001</misses>
				<total>0</total>
				<timestamp>2186.278961</timestamp>
			</report>
			<report>
				<misses>251200001</misses>
				<total>0</total>
				<timestamp>2187.143148</timestamp>
			</report>
			<report>
				<misses>251300001</misses>
				<total>0</total>
				<timestamp>2188.010932</timestamp>
			</report>
			<report>
				<misses>251400001</misses>
				<total>0</total>
				<timestamp>2188.876729</timestamp>
			</report>
			<report>
				<misses>251500001</misses>
				<total>0</total>
				<timestamp>2189.734083</timestamp>
			</report>
			<report>
				<misses>251600001</misses>
				<total>0</total>
				<timestamp>2190.593561</timestamp>
			</report>
			<report>
				<misses>251700001</misses>
				<total>0</total>
				<timestamp>2191.466712</timestamp>
			</report>
			<report>
				<misses>251800001</misses>
				<total>0</total>
				<timestamp>2192.339191</timestamp>
			</report>
			<report>
				<misses>251900001</misses>
				<total>0</total>
				<timestamp>2193.222419</timestamp>
			</report>
			<report>
				<misses>252000001</misses>
				<total>0</total>
				<timestamp>2194.106178</timestamp>
			</report>
			<report>
				<misses>252100001</misses>
				<total>0</total>
				<timestamp>2194.988743</timestamp>
			</report>
			<report>
				<misses>252200001</misses>
				<total>0</total>
				<timestamp>2195.871348</timestamp>
			</report>
			<report>
				<misses>252300001</misses>
				<total>0</total>
				<timestamp>2196.741819</timestamp>
			</report>
			<report>
				<misses>252400001</misses>
				<total>0</total>
				<timestamp>2197.607439</timestamp>
			</report>
			<report>
				<misses>252500001</misses>
				<total>0</total>
				<timestamp>2198.480251</timestamp>
			</report>
			<report>
				<misses>252600001</misses>
				<total>0</total>
				<timestamp>2199.351068</timestamp>
			</report>
			<report>
				<misses>252700001</misses>
				<total>0</total>
				<timestamp>2200.217233</timestamp>
			</report>
			<report>
				<misses>252800001</misses>
				<total>0</total>
				<timestamp>2201.096850</timestamp>
			</report>
			<report>
				<misses>252900001</misses>
				<total>0</total>
				<timestamp>2201.981134</timestamp>
			</report>
			<report>
				<misses>253000001</misses>
				<total>0</total>
				<timestamp>2202.850842</timestamp>
			</report>
			<report>
				<misses>253100001</misses>
				<total>0</total>
				<timestamp>2203.714756</timestamp>
			</report>
			<report>
				<misses>253200001</misses>
				<total>0</total>
				<timestamp>2204.590896</timestamp>
			</report>
			<report>
				<misses>253300001</misses>
				<total>0</total>
				<timestamp>2205.466992</timestamp>
			</report>
			<report>
				<misses>253400001</misses>
				<total>0</total>
				<timestamp>2206.342062</timestamp>
			</report>
			<report>
				<misses>253500001</misses>
				<total>0</total>
				<timestamp>2207.237796</timestamp>
			</report>
			<report>
				<misses>253600001</misses>
				<total>0</total>
				<timestamp>2208.108052</timestamp>
			</report>
			<report>
				<misses>253700001</misses>
				<total>0</total>
				<timestamp>2208.966136</timestamp>
			</report>
			<report>
				<misses>253800001</misses>
				<total>0</total>
				<timestamp>2209.828967</timestamp>
			</report>
			<report>
				<misses>253900001</misses>
				<total>0</total>
				<timestamp>2210.699016</timestamp>
			</report>
			<report>
				<misses>254000001</misses>
				<total>0</total>
				<timestamp>2211.566303</timestamp>
			</report>
			<report>
				<misses>254100001</misses>
				<total>0</total>
				<timestamp>2212.444727</timestamp>
			</report>
			<report>
				<misses>254200001</misses>
				<total>0</total>
				<timestamp>2213.314542</timestamp>
			</report>
			<report>
				<misses>254300001</misses>
				<total>0</total>
				<timestamp>2214.191234</timestamp>
			</report>
			<report>
				<misses>254400001</misses>
				<total>0</total>
				<timestamp>2215.068837</timestamp>
			</report>
			<report>
				<misses>254500001</misses>
				<total>0</total>
				<timestamp>2215.942377</timestamp>
			</report>
			<report>
				<misses>254600001</misses>
				<total>0</total>
				<timestamp>2216.811858</timestamp>
			</report>
			<report>
				<misses>254700001</misses>
				<total>0</total>
				<timestamp>2217.680427</timestamp>
			</report>
			<report>
				<misses>254800001</misses>
				<total>0</total>
				<timestamp>2218.550594</timestamp>
			</report>
			<report>
				<misses>254900001</misses>
				<total>0</total>
				<timestamp>2219.417070</timestamp>
			</report>
			<report>
				<misses>255000001</misses>
				<total>0</total>
				<timestamp>2220.278138</timestamp>
			</report>
			<report>
				<misses>255100001</misses>
				<total>0</total>
				<timestamp>2221.150197</timestamp>
			</report>
			<report>
				<misses>255200001</misses>
				<total>0</total>
				<timestamp>2222.033073</timestamp>
			</report>
			<report>
				<misses>255300001</misses>
				<total>0</total>
				<timestamp>2222.910280</timestamp>
			</report>
			<report>
				<misses>255400001</misses>
				<total>0</total>
				<timestamp>2223.786748</timestamp>
			</report>
			<report>
				<misses>255500001</misses>
				<total>0</total>
				<timestamp>2224.657325</timestamp>
			</report>
			<report>
				<misses>255600001</misses>
				<total>0</total>
				<timestamp>2225.534545</timestamp>
			</report>
			<report>
				<misses>255700001</misses>
				<total>0</total>
				<timestamp>2226.414325</timestamp>
			</report>
			<report>
				<misses>255800001</misses>
				<total>0</total>
				<timestamp>2227.298695</timestamp>
			</report>
			<report>
				<misses>255900001</misses>
				<total>0</total>
				<timestamp>2228.165275</timestamp>
			</report>
			<report>
				<misses>256000001</misses>
				<total>0</total>
				<timestamp>2229.046546</timestamp>
			</report>
			<report>
				<misses>256100001</misses>
				<total>0</total>
				<timestamp>2229.925097</timestamp>
			</report>
			<report>
				<misses>256200001</misses>
				<total>0</total>
				<timestamp>2230.795719</timestamp>
			</report>
			<report>
				<misses>256300001</misses>
				<total>0</total>
				<timestamp>2231.665523</timestamp>
			</report>
			<report>
				<misses>256400001</misses>
				<total>0</total>
				<timestamp>2232.535790</timestamp>
			</report>
			<report>
				<misses>256500001</misses>
				<total>0</total>
				<timestamp>2233.408399</timestamp>
			</report>
			<report>
				<misses>256600001</misses>
				<total>0</total>
				<timestamp>2234.273828</timestamp>
			</report>
			<report>
				<misses>256700001</misses>
				<total>0</total>
				<timestamp>2235.144835</timestamp>
			</report>
			<report>
				<misses>256800001</misses>
				<total>0</total>
				<timestamp>2236.015598</timestamp>
			</report>
			<report>
				<misses>256900001</misses>
				<total>0</total>
				<timestamp>2236.889266</timestamp>
			</report>
			<report>
				<misses>257000001</misses>
				<total>0</total>
				<timestamp>2237.752239</timestamp>
			</report>
			<report>
				<misses>257100001</misses>
				<total>0</total>
				<timestamp>2238.624915</timestamp>
			</report>
			<report>
				<misses>257200001</misses>
				<total>0</total>
				<timestamp>2239.498294</timestamp>
			</report>
			<report>
				<misses>257300001</misses>
				<total>0</total>
				<timestamp>2240.366485</timestamp>
			</report>
			<report>
				<misses>257400001</misses>
				<total>0</total>
				<timestamp>2241.222321</timestamp>
			</report>
			<report>
				<misses>257500001</misses>
				<total>0</total>
				<timestamp>2242.091196</timestamp>
			</report>
			<report>
				<misses>257600001</misses>
				<total>0</total>
				<timestamp>2242.974347</timestamp>
			</report>
			<report>
				<misses>257700001</misses>
				<total>0</total>
				<timestamp>2243.851478</timestamp>
			</report>
			<report>
				<misses>257800001</misses>
				<total>0</total>
				<timestamp>2244.728843</timestamp>
			</report>
			<report>
				<misses>257900001</misses>
				<total>0</total>
				<timestamp>2245.605229</timestamp>
			</report>
			<report>
				<misses>258000001</misses>
				<total>0</total>
				<timestamp>2246.475693</timestamp>
			</report>
			<report>
				<misses>258100001</misses>
				<total>0</total>
				<timestamp>2247.337880</timestamp>
			</report>
			<report>
				<misses>258200001</misses>
				<total>0</total>
				<timestamp>2248.201444</timestamp>
			</report>
			<report>
				<misses>258300001</misses>
				<total>0</total>
				<timestamp>2249.055827</timestamp>
			</report>
			<report>
				<misses>258400001</misses>
				<total>0</total>
				<timestamp>2249.933295</timestamp>
			</report>
			<report>
				<misses>258500001</misses>
				<total>0</total>
				<timestamp>2250.794374</timestamp>
			</report>
			<report>
				<misses>258600001</misses>
				<total>0</total>
				<timestamp>2251.657572</timestamp>
			</report>
			<report>
				<misses>258700001</misses>
				<total>0</total>
				<timestamp>2252.522285</timestamp>
			</report>
			<report>
				<misses>258800001</misses>
				<total>0</total>
				<timestamp>2253.398517</timestamp>
			</report>
			<report>
				<misses>258900001</misses>
				<total>0</total>
				<timestamp>2254.277930</timestamp>
			</report>
			<report>
				<misses>259000001</misses>
				<total>0</total>
				<timestamp>2255.147909</timestamp>
			</report>
			<report>
				<misses>259100001</misses>
				<total>0</total>
				<timestamp>2256.023599</timestamp>
			</report>
			<report>
				<misses>259200001</misses>
				<total>0</total>
				<timestamp>2256.900006</timestamp>
			</report>
			<report>
				<misses>259300001</misses>
				<total>0</total>
				<timestamp>2257.787597</timestamp>
			</report>
			<report>
				<misses>259400001</misses>
				<total>0</total>
				<timestamp>2258.661937</timestamp>
			</report>
			<report>
				<misses>259500001</misses>
				<total>0</total>
				<timestamp>2259.519903</timestamp>
			</report>
			<report>
				<misses>259600001</misses>
				<total>0</total>
				<timestamp>2260.390039</timestamp>
			</report>
			<report>
				<misses>259700001</misses>
				<total>0</total>
				<timestamp>2261.269346</timestamp>
			</report>
			<report>
				<misses>259800001</misses>
				<total>0</total>
				<timestamp>2262.143774</timestamp>
			</report>
			<report>
				<misses>259900001</misses>
				<total>0</total>
				<timestamp>2263.006106</timestamp>
			</report>
			<report>
				<misses>260000001</misses>
				<total>0</total>
				<timestamp>2263.862321</timestamp>
			</report>
			<report>
				<misses>260100001</misses>
				<total>0</total>
				<timestamp>2264.735273</timestamp>
			</report>
			<report>
				<misses>260200001</misses>
				<total>0</total>
				<timestamp>2265.616142</timestamp>
			</report>
			<report>
				<misses>260300001</misses>
				<total>0</total>
				<timestamp>2266.485536</timestamp>
			</report>
			<report>
				<misses>260400001</misses>
				<total>0</total>
				<timestamp>2267.358074</timestamp>
			</report>
			<report>
				<misses>260500001</misses>
				<total>0</total>
				<timestamp>2268.233707</timestamp>
			</report>
			<report>
				<misses>260600001</misses>
				<total>0</total>
				<timestamp>2269.092320</timestamp>
			</report>
			<report>
				<misses>260700001</misses>
				<total>0</total>
				<timestamp>2269.946748</timestamp>
			</report>
			<report>
				<misses>260800001</misses>
				<total>0</total>
				<timestamp>2270.819676</timestamp>
			</report>
			<report>
				<misses>260900001</misses>
				<total>0</total>
				<timestamp>2271.687090</timestamp>
			</report>
			<report>
				<misses>261000001</misses>
				<total>0</total>
				<timestamp>2272.559729</timestamp>
			</report>
			<report>
				<misses>261100001</misses>
				<total>0</total>
				<timestamp>2273.426648</timestamp>
			</report>
			<report>
				<misses>261200001</misses>
				<total>0</total>
				<timestamp>2274.303013</timestamp>
			</report>
			<report>
				<misses>261300001</misses>
				<total>0</total>
				<timestamp>2275.170014</timestamp>
			</report>
			<report>
				<misses>261400001</misses>
				<total>0</total>
				<timestamp>2276.037430</timestamp>
			</report>
			<report>
				<misses>261500001</misses>
				<total>0</total>
				<timestamp>2276.913128</timestamp>
			</report>
			<report>
				<misses>261600001</misses>
				<total>0</total>
				<timestamp>2277.772626</timestamp>
			</report>
			<report>
				<misses>261700001</misses>
				<total>0</total>
				<timestamp>2278.630823</timestamp>
			</report>
			<report>
				<misses>261800001</misses>
				<total>0</total>
				<timestamp>2279.509474</timestamp>
			</report>
			<report>
				<misses>261900001</misses>
				<total>0</total>
				<timestamp>2280.378735</timestamp>
			</report>
			<report>
				<misses>262000001</misses>
				<total>0</total>
				<timestamp>2281.247805</timestamp>
			</report>
			<report>
				<misses>262100001</misses>
				<total>0</total>
				<timestamp>2282.124225</timestamp>
			</report>
			<report>
				<misses>262200001</misses>
				<total>0</total>
				<timestamp>2282.986392</timestamp>
			</report>
			<report>
				<misses>262300001</misses>
				<total>0</total>
				<timestamp>2283.853053</timestamp>
			</report>
			<report>
				<misses>262400001</misses>
				<total>0</total>
				<timestamp>2284.716718</timestamp>
			</report>
			<report>
				<misses>262500001</misses>
				<total>0</total>
				<timestamp>2285.604899</timestamp>
			</report>
			<report>
				<misses>262600001</misses>
				<total>0</total>
				<timestamp>2286.477487</timestamp>
			</report>
			<report>
				<misses>262700001</misses>
				<total>0</total>
				<timestamp>2287.381616</timestamp>
			</report>
			<report>
				<misses>262800001</misses>
				<total>0</total>
				<timestamp>2288.257517</timestamp>
			</report>
			<report>
				<misses>262900001</misses>
				<total>0</total>
				<timestamp>2289.129611</timestamp>
			</report>
			<report>
				<misses>263000001</misses>
				<total>0</total>
				<timestamp>2290.008954</timestamp>
			</report>
			<report>
				<misses>263100001</misses>
				<total>0</total>
				<timestamp>2290.884000</timestamp>
			</report>
			<report>
				<misses>263200001</misses>
				<total>0</total>
				<timestamp>2291.747992</timestamp>
			</report>
			<report>
				<misses>263300001</misses>
				<total>0</total>
				<timestamp>2292.613624</timestamp>
			</report>
			<report>
				<misses>263400001</misses>
				<total>0</total>
				<timestamp>2293.476754</timestamp>
			</report>
			<report>
				<misses>263500001</misses>
				<total>0</total>
				<timestamp>2294.349811</timestamp>
			</report>
			<report>
				<misses>263600001</misses>
				<total>0</total>
				<timestamp>2295.211219</timestamp>
			</report>
			<report>
				<misses>263700001</misses>
				<total>0</total>
				<timestamp>2296.075852</timestamp>
			</report>
			<report>
				<misses>263800001</misses>
				<total>0</total>
				<timestamp>2296.952698</timestamp>
			</report>
			<report>
				<misses>263900001</misses>
				<total>0</total>
				<timestamp>2297.813955</timestamp>
			</report>
			<report>
				<misses>264000001</misses>
				<total>0</total>
				<timestamp>2298.681209</timestamp>
			</report>
			<report>
				<misses>264100001</misses>
				<total>0</total>
				<timestamp>2299.543545</timestamp>
			</report>
			<report>
				<misses>264200001</misses>
				<total>0</total>
				<timestamp>2300.415773</timestamp>
			</report>
			<report>
				<misses>264300001</misses>
				<total>0</total>
				<timestamp>2301.276506</timestamp>
			</report>
			<report>
				<misses>264400001</misses>
				<total>0</total>
				<timestamp>2302.147596</timestamp>
			</report>
			<report>
				<misses>264500001</misses>
				<total>0</total>
				<timestamp>2303.015314</timestamp>
			</report>
			<report>
				<misses>264600001</misses>
				<total>0</total>
				<timestamp>2303.883776</timestamp>
			</report>
			<report>
				<misses>264700001</misses>
				<total>0</total>
				<timestamp>2304.751304</timestamp>
			</report>
			<report>
				<misses>264800001</misses>
				<total>0</total>
				<timestamp>2305.620629</timestamp>
			</report>
			<report>
				<misses>264900001</misses>
				<total>0</total>
				<timestamp>2306.483222</timestamp>
			</report>
			<report>
				<misses>265000001</misses>
				<total>0</total>
				<timestamp>2307.339611</timestamp>
			</report>
			<report>
				<misses>265100001</misses>
				<total>0</total>
				<timestamp>2308.199374</timestamp>
			</report>
			<report>
				<misses>265200001</misses>
				<total>0</total>
				<timestamp>2309.069641</timestamp>
			</report>
			<report>
				<misses>265300001</misses>
				<total>0</total>
				<timestamp>2309.949919</timestamp>
			</report>
			<report>
				<misses>265400001</misses>
				<total>0</total>
				<timestamp>2310.814630</timestamp>
			</report>
			<report>
				<misses>265500001</misses>
				<total>0</total>
				<timestamp>2311.691024</timestamp>
			</report>
			<report>
				<misses>265600001</misses>
				<total>0</total>
				<timestamp>2312.552540</timestamp>
			</report>
			<report>
				<misses>265700001</misses>
				<total>0</total>
				<timestamp>2313.430589</timestamp>
			</report>
			<report>
				<misses>265800001</misses>
				<total>0</total>
				<timestamp>2314.307976</timestamp>
			</report>
			<report>
				<misses>265900001</misses>
				<total>0</total>
				<timestamp>2315.190340</timestamp>
			</report>
			<report>
				<misses>266000001</misses>
				<total>0</total>
				<timestamp>2316.072911</timestamp>
			</report>
			<report>
				<misses>266100001</misses>
				<total>0</total>
				<timestamp>2316.956433</timestamp>
			</report>
			<report>
				<misses>266200001</misses>
				<total>0</total>
				<timestamp>2317.841520</timestamp>
			</report>
			<report>
				<misses>266300001</misses>
				<total>0</total>
				<timestamp>2318.714280</timestamp>
			</report>
			<report>
				<misses>266400001</misses>
				<total>0</total>
				<timestamp>2319.593167</timestamp>
			</report>
			<report>
				<misses>266500001</misses>
				<total>0</total>
				<timestamp>2320.470021</timestamp>
			</report>
			<report>
				<misses>266600001</misses>
				<total>0</total>
				<timestamp>2321.330744</timestamp>
			</report>
			<report>
				<misses>266700001</misses>
				<total>0</total>
				<timestamp>2322.212313</timestamp>
			</report>
			<report>
				<misses>266800001</misses>
				<total>0</total>
				<timestamp>2323.082523</timestamp>
			</report>
			<report>
				<misses>266900001</misses>
				<total>0</total>
				<timestamp>2323.942365</timestamp>
			</report>
			<report>
				<misses>267000001</misses>
				<total>0</total>
				<timestamp>2324.808800</timestamp>
			</report>
			<report>
				<misses>267100001</misses>
				<total>0</total>
				<timestamp>2325.679024</timestamp>
			</report>
			<report>
				<misses>267200001</misses>
				<total>0</total>
				<timestamp>2326.548411</timestamp>
			</report>
			<report>
				<misses>267300001</misses>
				<total>0</total>
				<timestamp>2327.426542</timestamp>
			</report>
			<report>
				<misses>267400001</misses>
				<total>0</total>
				<timestamp>2328.293926</timestamp>
			</report>
			<report>
				<misses>267500001</misses>
				<total>0</total>
				<timestamp>2329.161576</timestamp>
			</report>
			<report>
				<misses>267600001</misses>
				<total>0</total>
				<timestamp>2330.030923</timestamp>
			</report>
			<report>
				<misses>267700001</misses>
				<total>0</total>
				<timestamp>2330.905124</timestamp>
			</report>
			<report>
				<misses>267800001</misses>
				<total>0</total>
				<timestamp>2331.771587</timestamp>
			</report>
			<report>
				<misses>267900001</misses>
				<total>0</total>
				<timestamp>2332.639875</timestamp>
			</report>
			<report>
				<misses>268000001</misses>
				<total>0</total>
				<timestamp>2333.507331</timestamp>
			</report>
			<report>
				<misses>268100001</misses>
				<total>0</total>
				<timestamp>2334.383113</timestamp>
			</report>
			<report>
				<misses>268200001</misses>
				<total>0</total>
				<timestamp>2335.252363</timestamp>
			</report>
			<report>
				<misses>268300001</misses>
				<total>0</total>
				<timestamp>2336.119486</timestamp>
			</report>
			<report>
				<misses>268400001</misses>
				<total>0</total>
				<timestamp>2337.003742</timestamp>
			</report>
			<report>
				<misses>268500001</misses>
				<total>0</total>
				<timestamp>2337.873286</timestamp>
			</report>
			<report>
				<misses>268600001</misses>
				<total>0</total>
				<timestamp>2338.748214</timestamp>
			</report>
			<report>
				<misses>268700001</misses>
				<total>0</total>
				<timestamp>2339.619455</timestamp>
			</report>
			<report>
				<misses>268800001</misses>
				<total>0</total>
				<timestamp>2340.490930</timestamp>
			</report>
			<report>
				<misses>268900001</misses>
				<total>0</total>
				<timestamp>2341.355592</timestamp>
			</report>
			<report>
				<misses>269000001</misses>
				<total>0</total>
				<timestamp>2342.224706</timestamp>
			</report>
			<report>
				<misses>269100001</misses>
				<total>0</total>
				<timestamp>2343.103191</timestamp>
			</report>
			<report>
				<misses>269200001</misses>
				<total>0</total>
				<timestamp>2343.959100</timestamp>
			</report>
			<report>
				<misses>269300001</misses>
				<total>0</total>
				<timestamp>2344.827978</timestamp>
			</report>
			<report>
				<misses>269400001</misses>
				<total>0</total>
				<timestamp>2345.703636</timestamp>
			</report>
			<report>
				<misses>269500001</misses>
				<total>0</total>
				<timestamp>2346.578433</timestamp>
			</report>
			<report>
				<misses>269600001</misses>
				<total>0</total>
				<timestamp>2347.448677</timestamp>
			</report>
			<report>
				<misses>269700001</misses>
				<total>0</total>
				<timestamp>2348.332143</timestamp>
			</report>
			<report>
				<misses>269800001</misses>
				<total>0</total>
				<timestamp>2349.216172</timestamp>
			</report>
			<report>
				<misses>269900001</misses>
				<total>0</total>
				<timestamp>2350.101682</timestamp>
			</report>
			<report>
				<misses>270000001</misses>
				<total>0</total>
				<timestamp>2350.975615</timestamp>
			</report>
			<report>
				<misses>270100001</misses>
				<total>0</total>
				<timestamp>2351.840465</timestamp>
			</report>
			<report>
				<misses>270200001</misses>
				<total>0</total>
				<timestamp>2352.716912</timestamp>
			</report>
			<report>
				<misses>270300001</misses>
				<total>0</total>
				<timestamp>2353.581049</timestamp>
			</report>
			<report>
				<misses>270400001</misses>
				<total>0</total>
				<timestamp>2354.455891</timestamp>
			</report>
			<report>
				<misses>270500001</misses>
				<total>0</total>
				<timestamp>2355.325808</timestamp>
			</report>
			<report>
				<misses>270600001</misses>
				<total>0</total>
				<timestamp>2356.194438</timestamp>
			</report>
			<report>
				<misses>270700001</misses>
				<total>0</total>
				<timestamp>2357.063034</timestamp>
			</report>
			<report>
				<misses>270800001</misses>
				<total>0</total>
				<timestamp>2357.931421</timestamp>
			</report>
			<report>
				<misses>270900001</misses>
				<total>0</total>
				<timestamp>2358.793295</timestamp>
			</report>
			<report>
				<misses>271000001</misses>
				<total>0</total>
				<timestamp>2359.666848</timestamp>
			</report>
			<report>
				<misses>271100001</misses>
				<total>0</total>
				<timestamp>2360.545843</timestamp>
			</report>
			<report>
				<misses>271200001</misses>
				<total>0</total>
				<timestamp>2361.411287</timestamp>
			</report>
			<report>
				<misses>271300001</misses>
				<total>0</total>
				<timestamp>2362.292109</timestamp>
			</report>
			<report>
				<misses>271400001</misses>
				<total>0</total>
				<timestamp>2363.165827</timestamp>
			</report>
			<report>
				<misses>271500001</misses>
				<total>0</total>
				<timestamp>2364.011788</timestamp>
			</report>
			<report>
				<misses>271600001</misses>
				<total>0</total>
				<timestamp>2364.882790</timestamp>
			</report>
			<report>
				<misses>271700001</misses>
				<total>0</total>
				<timestamp>2365.750893</timestamp>
			</report>
			<report>
				<misses>271800001</misses>
				<total>0</total>
				<timestamp>2366.613160</timestamp>
			</report>
			<report>
				<misses>271900001</misses>
				<total>0</total>
				<timestamp>2367.483363</timestamp>
			</report>
			<report>
				<misses>272000001</misses>
				<total>0</total>
				<timestamp>2368.359433</timestamp>
			</report>
			<report>
				<misses>272100001</misses>
				<total>0</total>
				<timestamp>2369.225827</timestamp>
			</report>
			<report>
				<misses>272200001</misses>
				<total>0</total>
				<timestamp>2370.090953</timestamp>
			</report>
			<report>
				<misses>272300001</misses>
				<total>0</total>
				<timestamp>2370.962413</timestamp>
			</report>
			<report>
				<misses>272400001</misses>
				<total>0</total>
				<timestamp>2371.834110</timestamp>
			</report>
			<report>
				<misses>272500001</misses>
				<total>0</total>
				<timestamp>2372.705891</timestamp>
			</report>
			<report>
				<misses>272600001</misses>
				<total>0</total>
				<timestamp>2373.592399</timestamp>
			</report>
			<report>
				<misses>272700001</misses>
				<total>0</total>
				<timestamp>2374.470866</timestamp>
			</report>
			<report>
				<misses>272800001</misses>
				<total>0</total>
				<timestamp>2375.344527</timestamp>
			</report>
			<report>
				<misses>272900001</misses>
				<total>0</total>
				<timestamp>2376.222176</timestamp>
			</report>
			<report>
				<misses>273000001</misses>
				<total>0</total>
				<timestamp>2377.104651</timestamp>
			</report>
			<report>
				<misses>273100001</misses>
				<total>0</total>
				<timestamp>2377.986609</timestamp>
			</report>
			<report>
				<misses>273200001</misses>
				<total>0</total>
				<timestamp>2378.866165</timestamp>
			</report>
			<report>
				<misses>273300001</misses>
				<total>0</total>
				<timestamp>2379.750368</timestamp>
			</report>
			<report>
				<misses>273400001</misses>
				<total>0</total>
				<timestamp>2380.636581</timestamp>
			</report>
			<report>
				<misses>273500001</misses>
				<total>0</total>
				<timestamp>2381.504287</timestamp>
			</report>
			<report>
				<misses>273600001</misses>
				<total>0</total>
				<timestamp>2382.361913</timestamp>
			</report>
			<report>
				<misses>273700001</misses>
				<total>0</total>
				<timestamp>2383.235651</timestamp>
			</report>
			<report>
				<misses>273800001</misses>
				<total>0</total>
				<timestamp>2384.114105</timestamp>
			</report>
			<report>
				<misses>273900001</misses>
				<total>0</total>
				<timestamp>2384.990233</timestamp>
			</report>
			<report>
				<misses>274000001</misses>
				<total>0</total>
				<timestamp>2385.868843</timestamp>
			</report>
			<report>
				<misses>274100001</misses>
				<total>0</total>
				<timestamp>2386.755214</timestamp>
			</report>
			<report>
				<misses>274200001</misses>
				<total>0</total>
				<timestamp>2387.626658</timestamp>
			</report>
			<report>
				<misses>274300001</misses>
				<total>0</total>
				<timestamp>2388.502435</timestamp>
			</report>
			<report>
				<misses>274400001</misses>
				<total>0</total>
				<timestamp>2389.370407</timestamp>
			</report>
			<report>
				<misses>274500001</misses>
				<total>0</total>
				<timestamp>2390.250498</timestamp>
			</report>
			<report>
				<misses>274600001</misses>
				<total>0</total>
				<timestamp>2391.127497</timestamp>
			</report>
			<report>
				<misses>274700001</misses>
				<total>0</total>
				<timestamp>2391.979340</timestamp>
			</report>
			<report>
				<misses>274800001</misses>
				<total>0</total>
				<timestamp>2392.809756</timestamp>
			</report>
			<report>
				<misses>274900001</misses>
				<total>0</total>
				<timestamp>2393.668292</timestamp>
			</report>
			<report>
				<misses>275000001</misses>
				<total>0</total>
				<timestamp>2394.527077</timestamp>
			</report>
			<report>
				<misses>275100001</misses>
				<total>0</total>
				<timestamp>2395.395086</timestamp>
			</report>
			<report>
				<misses>275200001</misses>
				<total>0</total>
				<timestamp>2396.244555</timestamp>
			</report>
			<report>
				<misses>275300001</misses>
				<total>0</total>
				<timestamp>2397.107500</timestamp>
			</report>
			<report>
				<misses>275400001</misses>
				<total>0</total>
				<timestamp>2397.977222</timestamp>
			</report>
			<report>
				<misses>275500001</misses>
				<total>0</total>
				<timestamp>2398.842635</timestamp>
			</report>
			<report>
				<misses>275600001</misses>
				<total>0</total>
				<timestamp>2399.720429</timestamp>
			</report>
			<report>
				<misses>275700001</misses>
				<total>0</total>
				<timestamp>2400.593341</timestamp>
			</report>
			<report>
				<misses>275800001</misses>
				<total>0</total>
				<timestamp>2401.455239</timestamp>
			</report>
			<report>
				<misses>275900001</misses>
				<total>0</total>
				<timestamp>2402.331395</timestamp>
			</report>
			<report>
				<misses>276000001</misses>
				<total>0</total>
				<timestamp>2403.206149</timestamp>
			</report>
			<report>
				<misses>276100001</misses>
				<total>0</total>
				<timestamp>2404.073991</timestamp>
			</report>
			<report>
				<misses>276200001</misses>
				<total>0</total>
				<timestamp>2404.943930</timestamp>
			</report>
			<report>
				<misses>276300001</misses>
				<total>0</total>
				<timestamp>2405.819562</timestamp>
			</report>
			<report>
				<misses>276400001</misses>
				<total>0</total>
				<timestamp>2406.667151</timestamp>
			</report>
			<report>
				<misses>276500001</misses>
				<total>0</total>
				<timestamp>2407.562186</timestamp>
			</report>
			<report>
				<misses>276600001</misses>
				<total>0</total>
				<timestamp>2408.439817</timestamp>
			</report>
			<report>
				<misses>276700001</misses>
				<total>0</total>
				<timestamp>2409.311553</timestamp>
			</report>
			<report>
				<misses>276800001</misses>
				<total>0</total>
				<timestamp>2410.196656</timestamp>
			</report>
			<report>
				<misses>276900001</misses>
				<total>0</total>
				<timestamp>2411.074221</timestamp>
			</report>
			<report>
				<misses>277000001</misses>
				<total>0</total>
				<timestamp>2411.956492</timestamp>
			</report>
			<report>
				<misses>277100001</misses>
				<total>0</total>
				<timestamp>2412.827510</timestamp>
			</report>
			<report>
				<misses>277200001</misses>
				<total>0</total>
				<timestamp>2413.703065</timestamp>
			</report>
			<report>
				<misses>277300001</misses>
				<total>0</total>
				<timestamp>2414.573573</timestamp>
			</report>
			<report>
				<misses>277400001</misses>
				<total>0</total>
				<timestamp>2415.421615</timestamp>
			</report>
			<report>
				<misses>277500001</misses>
				<total>0</total>
				<timestamp>2416.292799</timestamp>
			</report>
			<report>
				<misses>277600001</misses>
				<total>0</total>
				<timestamp>2417.167988</timestamp>
			</report>
			<report>
				<misses>277700001</misses>
				<total>0</total>
				<timestamp>2418.040451</timestamp>
			</report>
			<report>
				<misses>277800001</misses>
				<total>0</total>
				<timestamp>2418.899263</timestamp>
			</report>
			<report>
				<misses>277900001</misses>
				<total>0</total>
				<timestamp>2419.770863</timestamp>
			</report>
			<report>
				<misses>278000001</misses>
				<total>0</total>
				<timestamp>2420.629797</timestamp>
			</report>
			<report>
				<misses>278100001</misses>
				<total>0</total>
				<timestamp>2421.491056</timestamp>
			</report>
			<report>
				<misses>278200001</misses>
				<total>0</total>
				<timestamp>2422.362812</timestamp>
			</report>
			<report>
				<misses>278300001</misses>
				<total>0</total>
				<timestamp>2423.244978</timestamp>
			</report>
			<report>
				<misses>278400001</misses>
				<total>0</total>
				<timestamp>2424.120909</timestamp>
			</report>
			<report>
				<misses>278500001</misses>
				<total>0</total>
				<timestamp>2424.987719</timestamp>
			</report>
			<report>
				<misses>278600001</misses>
				<total>0</total>
				<timestamp>2425.857403</timestamp>
			</report>
			<report>
				<misses>278700001</misses>
				<total>0</total>
				<timestamp>2426.727484</timestamp>
			</report>
			<report>
				<misses>278800001</misses>
				<total>0</total>
				<timestamp>2427.604853</timestamp>
			</report>
			<report>
				<misses>278900001</misses>
				<total>0</total>
				<timestamp>2428.482393</timestamp>
			</report>
			<report>
				<misses>279000001</misses>
				<total>0</total>
				<timestamp>2429.346725</timestamp>
			</report>
			<report>
				<misses>279100001</misses>
				<total>0</total>
				<timestamp>2430.205883</timestamp>
			</report>
			<report>
				<misses>279200001</misses>
				<total>0</total>
				<timestamp>2431.073627</timestamp>
			</report>
			<report>
				<misses>279300001</misses>
				<total>0</total>
				<timestamp>2431.940163</timestamp>
			</report>
			<report>
				<misses>279400001</misses>
				<total>0</total>
				<timestamp>2432.799106</timestamp>
			</report>
			<report>
				<misses>279500001</misses>
				<total>0</total>
				<timestamp>2433.677187</timestamp>
			</report>
			<report>
				<misses>279600001</misses>
				<total>0</total>
				<timestamp>2434.553886</timestamp>
			</report>
			<report>
				<misses>279700001</misses>
				<total>0</total>
				<timestamp>2435.417675</timestamp>
			</report>
			<report>
				<misses>279800001</misses>
				<total>0</total>
				<timestamp>2436.278931</timestamp>
			</report>
			<report>
				<misses>279900001</misses>
				<total>0</total>
				<timestamp>2437.153755</timestamp>
			</report>
			<report>
				<misses>280000001</misses>
				<total>0</total>
				<timestamp>2438.032711</timestamp>
			</report>
			<report>
				<misses>280100001</misses>
				<total>0</total>
				<timestamp>2438.902210</timestamp>
			</report>
			<report>
				<misses>280200001</misses>
				<total>0</total>
				<timestamp>2439.785137</timestamp>
			</report>
			<report>
				<misses>280300001</misses>
				<total>0</total>
				<timestamp>2440.648268</timestamp>
			</report>
			<report>
				<misses>280400001</misses>
				<total>0</total>
				<timestamp>2441.512609</timestamp>
			</report>
			<report>
				<misses>280500001</misses>
				<total>0</total>
				<timestamp>2442.374405</timestamp>
			</report>
			<report>
				<misses>280600001</misses>
				<total>0</total>
				<timestamp>2443.254126</timestamp>
			</report>
			<report>
				<misses>280700001</misses>
				<total>0</total>
				<timestamp>2444.112837</timestamp>
			</report>
			<report>
				<misses>280800001</misses>
				<total>0</total>
				<timestamp>2444.987321</timestamp>
			</report>
			<report>
				<misses>280900001</misses>
				<total>0</total>
				<timestamp>2445.857084</timestamp>
			</report>
			<report>
				<misses>281000001</misses>
				<total>0</total>
				<timestamp>2446.723696</timestamp>
			</report>
			<report>
				<misses>281100001</misses>
				<total>0</total>
				<timestamp>2447.556065</timestamp>
			</report>
			<report>
				<misses>281200001</misses>
				<total>0</total>
				<timestamp>2448.415259</timestamp>
			</report>
			<report>
				<misses>281300001</misses>
				<total>0</total>
				<timestamp>2449.296484</timestamp>
			</report>
			<report>
				<misses>281400001</misses>
				<total>0</total>
				<timestamp>2450.156677</timestamp>
			</report>
			<report>
				<misses>281500001</misses>
				<total>0</total>
				<timestamp>2451.030907</timestamp>
			</report>
			<report>
				<misses>281600001</misses>
				<total>0</total>
				<timestamp>2451.908084</timestamp>
			</report>
			<report>
				<misses>281700001</misses>
				<total>0</total>
				<timestamp>2452.781109</timestamp>
			</report>
			<report>
				<misses>281800001</misses>
				<total>0</total>
				<timestamp>2453.652157</timestamp>
			</report>
			<report>
				<misses>281900001</misses>
				<total>0</total>
				<timestamp>2454.532202</timestamp>
			</report>
			<report>
				<misses>282000001</misses>
				<total>0</total>
				<timestamp>2455.408234</timestamp>
			</report>
			<report>
				<misses>282100001</misses>
				<total>0</total>
				<timestamp>2456.283009</timestamp>
			</report>
			<report>
				<misses>282200001</misses>
				<total>0</total>
				<timestamp>2457.151369</timestamp>
			</report>
			<report>
				<misses>282300001</misses>
				<total>0</total>
				<timestamp>2458.028499</timestamp>
			</report>
			<report>
				<misses>282400001</misses>
				<total>0</total>
				<timestamp>2458.894333</timestamp>
			</report>
			<report>
				<misses>282500001</misses>
				<total>0</total>
				<timestamp>2459.757404</timestamp>
			</report>
			<report>
				<misses>282600001</misses>
				<total>0</total>
				<timestamp>2460.641640</timestamp>
			</report>
			<report>
				<misses>282700001</misses>
				<total>0</total>
				<timestamp>2461.502236</timestamp>
			</report>
			<report>
				<misses>282800001</misses>
				<total>0</total>
				<timestamp>2462.371083</timestamp>
			</report>
			<report>
				<misses>282900001</misses>
				<total>0</total>
				<timestamp>2463.234865</timestamp>
			</report>
			<report>
				<misses>283000001</misses>
				<total>0</total>
				<timestamp>2464.096190</timestamp>
			</report>
			<report>
				<misses>283100001</misses>
				<total>0</total>
				<timestamp>2464.965879</timestamp>
			</report>
			<report>
				<misses>283200001</misses>
				<total>0</total>
				<timestamp>2465.832836</timestamp>
			</report>
			<report>
				<misses>283300001</misses>
				<total>0</total>
				<timestamp>2466.706840</timestamp>
			</report>
			<report>
				<misses>283400001</misses>
				<total>0</total>
				<timestamp>2467.573326</timestamp>
			</report>
			<report>
				<misses>283500001</misses>
				<total>0</total>
				<timestamp>2468.446203</timestamp>
			</report>
			<report>
				<misses>283600001</misses>
				<total>0</total>
				<timestamp>2469.311921</timestamp>
			</report>
			<report>
				<misses>283700001</misses>
				<total>0</total>
				<timestamp>2470.180663</timestamp>
			</report>
			<report>
				<misses>283800001</misses>
				<total>0</total>
				<timestamp>2471.052764</timestamp>
			</report>
			<report>
				<misses>283900001</misses>
				<total>0</total>
				<timestamp>2471.918211</timestamp>
			</report>
			<report>
				<misses>284000001</misses>
				<total>0</total>
				<timestamp>2472.803455</timestamp>
			</report>
			<report>
				<misses>284100001</misses>
				<total>0</total>
				<timestamp>2473.670054</timestamp>
			</report>
			<report>
				<misses>284200001</misses>
				<total>0</total>
				<timestamp>2474.537523</timestamp>
			</report>
			<report>
				<misses>284300001</misses>
				<total>0</total>
				<timestamp>2475.400107</timestamp>
			</report>
			<report>
				<misses>284400001</misses>
				<total>0</total>
				<timestamp>2476.251298</timestamp>
			</report>
			<report>
				<misses>284500001</misses>
				<total>0</total>
				<timestamp>2477.101254</timestamp>
			</report>
			<report>
				<misses>284600001</misses>
				<total>0</total>
				<timestamp>2477.973366</timestamp>
			</report>
			<report>
				<misses>284700001</misses>
				<total>0</total>
				<timestamp>2478.831400</timestamp>
			</report>
			<report>
				<misses>284800001</misses>
				<total>0</total>
				<timestamp>2479.694496</timestamp>
			</report>
			<report>
				<misses>284900001</misses>
				<total>0</total>
				<timestamp>2480.569341</timestamp>
			</report>
			<report>
				<misses>285000001</misses>
				<total>0</total>
				<timestamp>2481.431740</timestamp>
			</report>
			<report>
				<misses>285100001</misses>
				<total>0</total>
				<timestamp>2482.298889</timestamp>
			</report>
			<report>
				<misses>285200001</misses>
				<total>0</total>
				<timestamp>2483.162926</timestamp>
			</report>
			<report>
				<misses>285300001</misses>
				<total>0</total>
				<timestamp>2484.020311</timestamp>
			</report>
			<report>
				<misses>285400001</misses>
				<total>0</total>
				<timestamp>2484.897897</timestamp>
			</report>
			<report>
				<misses>285500001</misses>
				<total>0</total>
				<timestamp>2485.766382</timestamp>
			</report>
			<report>
				<misses>285600001</misses>
				<total>0</total>
				<timestamp>2486.631703</timestamp>
			</report>
			<report>
				<misses>285700001</misses>
				<total>0</total>
				<timestamp>2487.493691</timestamp>
			</report>
			<report>
				<misses>285800001</misses>
				<total>0</total>
				<timestamp>2488.355478</timestamp>
			</report>
			<report>
				<misses>285900001</misses>
				<total>0</total>
				<timestamp>2489.232384</timestamp>
			</report>
			<report>
				<misses>286000001</misses>
				<total>0</total>
				<timestamp>2490.099247</timestamp>
			</report>
			<report>
				<misses>286100001</misses>
				<total>0</total>
				<timestamp>2490.967701</timestamp>
			</report>
			<report>
				<misses>286200001</misses>
				<total>0</total>
				<timestamp>2491.834150</timestamp>
			</report>
			<report>
				<misses>286300001</misses>
				<total>0</total>
				<timestamp>2492.719857</timestamp>
			</report>
			<report>
				<misses>286400001</misses>
				<total>0</total>
				<timestamp>2493.593399</timestamp>
			</report>
			<report>
				<misses>286500001</misses>
				<total>0</total>
				<timestamp>2494.471115</timestamp>
			</report>
			<report>
				<misses>286600001</misses>
				<total>0</total>
				<timestamp>2495.345511</timestamp>
			</report>
			<report>
				<misses>286700001</misses>
				<total>0</total>
				<timestamp>2496.226367</timestamp>
			</report>
			<report>
				<misses>286800001</misses>
				<total>0</total>
				<timestamp>2497.109155</timestamp>
			</report>
			<report>
				<misses>286900001</misses>
				<total>0</total>
				<timestamp>2497.976818</timestamp>
			</report>
			<report>
				<misses>287000001</misses>
				<total>0</total>
				<timestamp>2498.858155</timestamp>
			</report>
			<report>
				<misses>287100001</misses>
				<total>0</total>
				<timestamp>2499.732261</timestamp>
			</report>
			<report>
				<misses>287200001</misses>
				<total>0</total>
				<timestamp>2500.612520</timestamp>
			</report>
			<report>
				<misses>287300001</misses>
				<total>0</total>
				<timestamp>2501.488927</timestamp>
			</report>
			<report>
				<misses>287400001</misses>
				<total>0</total>
				<timestamp>2502.362151</timestamp>
			</report>
			<report>
				<misses>287500001</misses>
				<total>0</total>
				<timestamp>2503.228030</timestamp>
			</report>
			<report>
				<misses>287600001</misses>
				<total>0</total>
				<timestamp>2504.093630</timestamp>
			</report>
			<report>
				<misses>287700001</misses>
				<total>0</total>
				<timestamp>2504.961918</timestamp>
			</report>
			<report>
				<misses>287800001</misses>
				<total>0</total>
				<timestamp>2505.823946</timestamp>
			</report>
			<report>
				<misses>287900001</misses>
				<total>0</total>
				<timestamp>2506.687908</timestamp>
			</report>
			<report>
				<misses>288000001</misses>
				<total>0</total>
				<timestamp>2507.531188</timestamp>
			</report>
			<report>
				<misses>288100001</misses>
				<total>0</total>
				<timestamp>2508.390322</timestamp>
			</report>
			<report>
				<misses>288200001</misses>
				<total>0</total>
				<timestamp>2509.264237</timestamp>
			</report>
			<report>
				<misses>288300001</misses>
				<total>0</total>
				<timestamp>2510.121267</timestamp>
			</report>
			<report>
				<misses>288400001</misses>
				<total>0</total>
				<timestamp>2510.986792</timestamp>
			</report>
			<report>
				<misses>288500001</misses>
				<total>0</total>
				<timestamp>2511.862900</timestamp>
			</report>
			<report>
				<misses>288600001</misses>
				<total>0</total>
				<timestamp>2512.734273</timestamp>
			</report>
			<report>
				<misses>288700001</misses>
				<total>0</total>
				<timestamp>2513.594932</timestamp>
			</report>
			<report>
				<misses>288800001</misses>
				<total>0</total>
				<timestamp>2514.457612</timestamp>
			</report>
			<report>
				<misses>288900001</misses>
				<total>0</total>
				<timestamp>2515.324572</timestamp>
			</report>
			<report>
				<misses>289000001</misses>
				<total>0</total>
				<timestamp>2516.195590</timestamp>
			</report>
			<report>
				<misses>289100001</misses>
				<total>0</total>
				<timestamp>2517.062420</timestamp>
			</report>
			<report>
				<misses>289200001</misses>
				<total>0</total>
				<timestamp>2517.931347</timestamp>
			</report>
			<report>
				<misses>289300001</misses>
				<total>0</total>
				<timestamp>2518.793258</timestamp>
			</report>
			<report>
				<misses>289400001</misses>
				<total>0</total>
				<timestamp>2519.666918</timestamp>
			</report>
			<report>
				<misses>289500001</misses>
				<total>0</total>
				<timestamp>2520.534424</timestamp>
			</report>
			<report>
				<misses>289600001</misses>
				<total>0</total>
				<timestamp>2521.410312</timestamp>
			</report>
			<report>
				<misses>289700001</misses>
				<total>0</total>
				<timestamp>2522.289299</timestamp>
			</report>
			<report>
				<misses>289800001</misses>
				<total>0</total>
				<timestamp>2523.162180</timestamp>
			</report>
			<report>
				<misses>289900001</misses>
				<total>0</total>
				<timestamp>2524.036797</timestamp>
			</report>
			<report>
				<misses>290000001</misses>
				<total>0</total>
				<timestamp>2524.918423</timestamp>
			</report>
			<report>
				<misses>290100001</misses>
				<total>0</total>
				<timestamp>2525.784855</timestamp>
			</report>
			<report>
				<misses>290200001</misses>
				<total>0</total>
				<timestamp>2526.654462</timestamp>
			</report>
			<report>
				<misses>290300001</misses>
				<total>0</total>
				<timestamp>2527.529469</timestamp>
			</report>
			<report>
				<misses>290400001</misses>
				<total>0</total>
				<timestamp>2528.398895</timestamp>
			</report>
			<report>
				<misses>290500001</misses>
				<total>0</total>
				<timestamp>2529.268964</timestamp>
			</report>
			<report>
				<misses>290600001</misses>
				<total>0</total>
				<timestamp>2530.133194</timestamp>
			</report>
			<report>
				<misses>290700001</misses>
				<total>0</total>
				<timestamp>2531.008870</timestamp>
			</report>
			<report>
				<misses>290800001</misses>
				<total>0</total>
				<timestamp>2531.880111</timestamp>
			</report>
			<report>
				<misses>290900001</misses>
				<total>0</total>
				<timestamp>2532.744606</timestamp>
			</report>
			<report>
				<misses>291000001</misses>
				<total>0</total>
				<timestamp>2533.637365</timestamp>
			</report>
			<report>
				<misses>291100001</misses>
				<total>0</total>
				<timestamp>2534.509866</timestamp>
			</report>
			<report>
				<misses>291200001</misses>
				<total>0</total>
				<timestamp>2535.376505</timestamp>
			</report>
			<report>
				<misses>291300001</misses>
				<total>0</total>
				<timestamp>2536.238771</timestamp>
			</report>
			<report>
				<misses>291400001</misses>
				<total>0</total>
				<timestamp>2537.091989</timestamp>
			</report>
			<report>
				<misses>291500001</misses>
				<total>0</total>
				<timestamp>2537.961951</timestamp>
			</report>
			<report>
				<misses>291600001</misses>
				<total>0</total>
				<timestamp>2538.834539</timestamp>
			</report>
			<report>
				<misses>291700001</misses>
				<total>0</total>
				<timestamp>2539.705922</timestamp>
			</report>
			<report>
				<misses>291800001</misses>
				<total>0</total>
				<timestamp>2540.583025</timestamp>
			</report>
			<report>
				<misses>291900001</misses>
				<total>0</total>
				<timestamp>2541.463499</timestamp>
			</report>
			<report>
				<misses>292000001</misses>
				<total>0</total>
				<timestamp>2542.357654</timestamp>
			</report>
			<report>
				<misses>292100001</misses>
				<total>0</total>
				<timestamp>2543.248519</timestamp>
			</report>
			<report>
				<misses>292200001</misses>
				<total>0</total>
				<timestamp>2544.112780</timestamp>
			</report>
			<report>
				<misses>292300001</misses>
				<total>0</total>
				<timestamp>2544.986710</timestamp>
			</report>
			<report>
				<misses>292400001</misses>
				<total>0</total>
				<timestamp>2545.860212</timestamp>
			</report>
			<report>
				<misses>292500001</misses>
				<total>0</total>
				<timestamp>2546.747402</timestamp>
			</report>
			<report>
				<misses>292600001</misses>
				<total>0</total>
				<timestamp>2547.614007</timestamp>
			</report>
			<report>
				<misses>292700001</misses>
				<total>0</total>
				<timestamp>2548.501247</timestamp>
			</report>
			<report>
				<misses>292800001</misses>
				<total>0</total>
				<timestamp>2549.373407</timestamp>
			</report>
			<report>
				<misses>292900001</misses>
				<total>0</total>
				<timestamp>2550.228185</timestamp>
			</report>
			<report>
				<misses>293000001</misses>
				<total>0</total>
				<timestamp>2551.095282</timestamp>
			</report>
			<report>
				<misses>293100001</misses>
				<total>0</total>
				<timestamp>2551.961575</timestamp>
			</report>
			<report>
				<misses>293200001</misses>
				<total>0</total>
				<timestamp>2552.842651</timestamp>
			</report>
			<report>
				<misses>293300001</misses>
				<total>0</total>
				<timestamp>2553.723091</timestamp>
			</report>
			<report>
				<misses>293400001</misses>
				<total>0</total>
				<timestamp>2554.594843</timestamp>
			</report>
			<report>
				<misses>293500001</misses>
				<total>0</total>
				<timestamp>2555.448158</timestamp>
			</report>
			<report>
				<misses>293600001</misses>
				<total>0</total>
				<timestamp>2556.321175</timestamp>
			</report>
			<report>
				<misses>293700001</misses>
				<total>0</total>
				<timestamp>2557.191656</timestamp>
			</report>
			<report>
				<misses>293800001</misses>
				<total>0</total>
				<timestamp>2558.084217</timestamp>
			</report>
			<report>
				<misses>293900001</misses>
				<total>0</total>
				<timestamp>2558.943185</timestamp>
			</report>
			<report>
				<misses>294000001</misses>
				<total>0</total>
				<timestamp>2559.810277</timestamp>
			</report>
			<report>
				<misses>294100001</misses>
				<total>0</total>
				<timestamp>2560.684220</timestamp>
			</report>
			<report>
				<misses>294200001</misses>
				<total>0</total>
				<timestamp>2561.548062</timestamp>
			</report>
			<report>
				<misses>294300001</misses>
				<total>0</total>
				<timestamp>2562.418833</timestamp>
			</report>
			<report>
				<misses>294400001</misses>
				<total>0</total>
				<timestamp>2563.300022</timestamp>
			</report>
			<report>
				<misses>294500001</misses>
				<total>0</total>
				<timestamp>2564.159943</timestamp>
			</report>
			<report>
				<misses>294600001</misses>
				<total>0</total>
				<timestamp>2565.024162</timestamp>
			</report>
			<report>
				<misses>294700001</misses>
				<total>0</total>
				<timestamp>2565.891995</timestamp>
			</report>
			<report>
				<misses>294800001</misses>
				<total>0</total>
				<timestamp>2566.757345</timestamp>
			</report>
			<report>
				<misses>294900001</misses>
				<total>0</total>
				<timestamp>2567.632378</timestamp>
			</report>
			<report>
				<misses>295000001</misses>
				<total>0</total>
				<timestamp>2568.506740</timestamp>
			</report>
			<report>
				<misses>295100001</misses>
				<total>0</total>
				<timestamp>2569.384562</timestamp>
			</report>
			<report>
				<misses>295200001</misses>
				<total>0</total>
				<timestamp>2570.231747</timestamp>
			</report>
			<report>
				<misses>295300001</misses>
				<total>0</total>
				<timestamp>2571.106258</timestamp>
			</report>
			<report>
				<misses>295400001</misses>
				<total>0</total>
				<timestamp>2571.954435</timestamp>
			</report>
			<report>
				<misses>295500001</misses>
				<total>0</total>
				<timestamp>2572.832426</timestamp>
			</report>
			<report>
				<misses>295600001</misses>
				<total>0</total>
				<timestamp>2573.696999</timestamp>
			</report>
			<report>
				<misses>295700001</misses>
				<total>0</total>
				<timestamp>2574.572478</timestamp>
			</report>
			<report>
				<misses>295800001</misses>
				<total>0</total>
				<timestamp>2575.431770</timestamp>
			</report>
			<report>
				<misses>295900001</misses>
				<total>0</total>
				<timestamp>2576.303710</timestamp>
			</report>
			<report>
				<misses>296000001</misses>
				<total>0</total>
				<timestamp>2577.175560</timestamp>
			</report>
			<report>
				<misses>296100001</misses>
				<total>0</total>
				<timestamp>2578.047893</timestamp>
			</report>
			<report>
				<misses>296200001</misses>
				<total>0</total>
				<timestamp>2578.910560</timestamp>
			</report>
			<report>
				<misses>296300001</misses>
				<total>0</total>
				<timestamp>2579.790568</timestamp>
			</report>
			<report>
				<misses>296400001</misses>
				<total>0</total>
				<timestamp>2580.673460</timestamp>
			</report>
			<report>
				<misses>296500001</misses>
				<total>0</total>
				<timestamp>2581.545360</timestamp>
			</report>
			<report>
				<misses>296600001</misses>
				<total>0</total>
				<timestamp>2582.413929</timestamp>
			</report>
			<report>
				<misses>296700001</misses>
				<total>0</total>
				<timestamp>2583.277878</timestamp>
			</report>
			<report>
				<misses>296800001</misses>
				<total>0</total>
				<timestamp>2584.139041</timestamp>
			</report>
			<report>
				<misses>296900001</misses>
				<total>0</total>
				<timestamp>2585.024583</timestamp>
			</report>
			<report>
				<misses>297000001</misses>
				<total>0</total>
				<timestamp>2585.894999</timestamp>
			</report>
			<report>
				<misses>297100001</misses>
				<total>0</total>
				<timestamp>2586.764812</timestamp>
			</report>
			<report>
				<misses>297200001</misses>
				<total>0</total>
				<timestamp>2587.646155</timestamp>
			</report>
			<report>
				<misses>297300001</misses>
				<total>0</total>
				<timestamp>2588.507310</timestamp>
			</report>
			<report>
				<misses>297400001</misses>
				<total>0</total>
				<timestamp>2589.381268</timestamp>
			</report>
			<report>
				<misses>297500001</misses>
				<total>0</total>
				<timestamp>2590.250513</timestamp>
			</report>
			<report>
				<misses>297600001</misses>
				<total>0</total>
				<timestamp>2591.114359</timestamp>
			</report>
			<report>
				<misses>297700001</misses>
				<total>0</total>
				<timestamp>2591.991838</timestamp>
			</report>
			<report>
				<misses>297800001</misses>
				<total>0</total>
				<timestamp>2592.855363</timestamp>
			</report>
			<report>
				<misses>297900001</misses>
				<total>0</total>
				<timestamp>2593.720377</timestamp>
			</report>
			<report>
				<misses>298000001</misses>
				<total>0</total>
				<timestamp>2594.586098</timestamp>
			</report>
			<report>
				<misses>298100001</misses>
				<total>0</total>
				<timestamp>2595.456801</timestamp>
			</report>
			<report>
				<misses>298200001</misses>
				<total>0</total>
				<timestamp>2596.319118</timestamp>
			</report>
			<report>
				<misses>298300001</misses>
				<total>0</total>
				<timestamp>2597.197310</timestamp>
			</report>
			<report>
				<misses>298400001</misses>
				<total>0</total>
				<timestamp>2598.073516</timestamp>
			</report>
			<report>
				<misses>298500001</misses>
				<total>0</total>
				<timestamp>2598.933215</timestamp>
			</report>
			<report>
				<misses>298600001</misses>
				<total>0</total>
				<timestamp>2599.800893</timestamp>
			</report>
			<report>
				<misses>298700001</misses>
				<total>0</total>
				<timestamp>2600.674846</timestamp>
			</report>
			<report>
				<misses>298800001</misses>
				<total>0</total>
				<timestamp>2601.548775</timestamp>
			</report>
			<report>
				<misses>298900001</misses>
				<total>0</total>
				<timestamp>2602.422455</timestamp>
			</report>
			<report>
				<misses>299000001</misses>
				<total>0</total>
				<timestamp>2603.292054</timestamp>
			</report>
			<report>
				<misses>299100001</misses>
				<total>0</total>
				<timestamp>2604.156658</timestamp>
			</report>
			<report>
				<misses>299200001</misses>
				<total>0</total>
				<timestamp>2605.037000</timestamp>
			</report>
			<report>
				<misses>299300001</misses>
				<total>0</total>
				<timestamp>2605.904222</timestamp>
			</report>
			<report>
				<misses>299400001</misses>
				<total>0</total>
				<timestamp>2606.776968</timestamp>
			</report>
			<report>
				<misses>299500001</misses>
				<total>0</total>
				<timestamp>2607.635007</timestamp>
			</report>
			<report>
				<misses>299600001</misses>
				<total>0</total>
				<timestamp>2608.509293</timestamp>
			</report>
			<report>
				<misses>299700001</misses>
				<total>0</total>
				<timestamp>2609.381452</timestamp>
			</report>
			<report>
				<misses>299800001</misses>
				<total>0</total>
				<timestamp>2610.255216</timestamp>
			</report>
			<report>
				<misses>299900001</misses>
				<total>0</total>
				<timestamp>2611.116172</timestamp>
			</report>
			<report>
				<misses>300000001</misses>
				<total>0</total>
				<timestamp>2611.996912</timestamp>
			</report>
			<report>
				<misses>300100001</misses>
				<total>0</total>
				<timestamp>2612.870901</timestamp>
			</report>
			<report>
				<misses>300200001</misses>
				<total>0</total>
				<timestamp>2613.727348</timestamp>
			</report>
			<report>
				<misses>300300001</misses>
				<total>0</total>
				<timestamp>2614.598588</timestamp>
			</report>
			<report>
				<misses>300400001</misses>
				<total>0</total>
				<timestamp>2615.472295</timestamp>
			</report>
			<report>
				<misses>300500001</misses>
				<total>0</total>
				<timestamp>2616.340333</timestamp>
			</report>
			<report>
				<misses>300600001</misses>
				<total>0</total>
				<timestamp>2617.211089</timestamp>
			</report>
			<report>
				<misses>300700001</misses>
				<total>0</total>
				<timestamp>2618.078601</timestamp>
			</report>
			<report>
				<misses>300800001</misses>
				<total>0</total>
				<timestamp>2618.954971</timestamp>
			</report>
			<report>
				<misses>300900001</misses>
				<total>0</total>
				<timestamp>2619.821501</timestamp>
			</report>
			<report>
				<misses>301000001</misses>
				<total>0</total>
				<timestamp>2620.689496</timestamp>
			</report>
			<report>
				<misses>301100001</misses>
				<total>0</total>
				<timestamp>2621.565101</timestamp>
			</report>
			<report>
				<misses>301200001</misses>
				<total>0</total>
				<timestamp>2622.424963</timestamp>
			</report>
			<report>
				<misses>301300001</misses>
				<total>0</total>
				<timestamp>2623.303221</timestamp>
			</report>
			<report>
				<misses>301400001</misses>
				<total>0</total>
				<timestamp>2624.169019</timestamp>
			</report>
			<report>
				<misses>301500001</misses>
				<total>0</total>
				<timestamp>2625.039686</timestamp>
			</report>
			<report>
				<misses>301600001</misses>
				<total>0</total>
				<timestamp>2625.907325</timestamp>
			</report>
			<report>
				<misses>301700001</misses>
				<total>0</total>
				<timestamp>2626.774634</timestamp>
			</report>
			<report>
				<misses>301800001</misses>
				<total>0</total>
				<timestamp>2627.651160</timestamp>
			</report>
			<report>
				<misses>301900001</misses>
				<total>0</total>
				<timestamp>2628.511184</timestamp>
			</report>
			<report>
				<misses>302000001</misses>
				<total>0</total>
				<timestamp>2629.372155</timestamp>
			</report>
			<report>
				<misses>302100001</misses>
				<total>0</total>
				<timestamp>2630.241635</timestamp>
			</report>
			<report>
				<misses>302200001</misses>
				<total>0</total>
				<timestamp>2631.117533</timestamp>
			</report>
			<report>
				<misses>302300001</misses>
				<total>0</total>
				<timestamp>2631.990929</timestamp>
			</report>
			<report>
				<misses>302400001</misses>
				<total>0</total>
				<timestamp>2632.873232</timestamp>
			</report>
			<report>
				<misses>302500001</misses>
				<total>0</total>
				<timestamp>2633.744637</timestamp>
			</report>
			<report>
				<misses>302600001</misses>
				<total>0</total>
				<timestamp>2634.617071</timestamp>
			</report>
			<report>
				<misses>302700001</misses>
				<total>0</total>
				<timestamp>2635.488107</timestamp>
			</report>
			<report>
				<misses>302800001</misses>
				<total>0</total>
				<timestamp>2636.350813</timestamp>
			</report>
			<report>
				<misses>302900001</misses>
				<total>0</total>
				<timestamp>2637.227266</timestamp>
			</report>
			<report>
				<misses>303000001</misses>
				<total>0</total>
				<timestamp>2638.101003</timestamp>
			</report>
			<report>
				<misses>303100001</misses>
				<total>0</total>
				<timestamp>2638.965720</timestamp>
			</report>
			<report>
				<misses>303200001</misses>
				<total>0</total>
				<timestamp>2639.838602</timestamp>
			</report>
			<report>
				<misses>303300001</misses>
				<total>0</total>
				<timestamp>2640.710214</timestamp>
			</report>
			<report>
				<misses>303400001</misses>
				<total>0</total>
				<timestamp>2641.581432</timestamp>
			</report>
			<report>
				<misses>303500001</misses>
				<total>0</total>
				<timestamp>2642.452669</timestamp>
			</report>
			<report>
				<misses>303600001</misses>
				<total>0</total>
				<timestamp>2643.321045</timestamp>
			</report>
			<report>
				<misses>303700001</misses>
				<total>0</total>
				<timestamp>2644.187259</timestamp>
			</report>
			<report>
				<misses>303800001</misses>
				<total>0</total>
				<timestamp>2645.045773</timestamp>
			</report>
			<report>
				<misses>303900001</misses>
				<total>0</total>
				<timestamp>2645.921529</timestamp>
			</report>
			<report>
				<misses>304000001</misses>
				<total>0</total>
				<timestamp>2646.785162</timestamp>
			</report>
			<report>
				<misses>304100001</misses>
				<total>0</total>
				<timestamp>2647.650952</timestamp>
			</report>
			<report>
				<misses>304200001</misses>
				<total>0</total>
				<timestamp>2648.521515</timestamp>
			</report>
			<report>
				<misses>304300001</misses>
				<total>0</total>
				<timestamp>2649.391276</timestamp>
			</report>
			<report>
				<misses>304400001</misses>
				<total>0</total>
				<timestamp>2650.265880</timestamp>
			</report>
			<report>
				<misses>304500001</misses>
				<total>0</total>
				<timestamp>2651.135650</timestamp>
			</report>
			<report>
				<misses>304600001</misses>
				<total>0</total>
				<timestamp>2652.006601</timestamp>
			</report>
			<report>
				<misses>304700001</misses>
				<total>0</total>
				<timestamp>2652.880266</timestamp>
			</report>
			<report>
				<misses>304800001</misses>
				<total>0</total>
				<timestamp>2653.754993</timestamp>
			</report>
			<report>
				<misses>304900001</misses>
				<total>0</total>
				<timestamp>2654.631968</timestamp>
			</report>
			<report>
				<misses>305000001</misses>
				<total>0</total>
				<timestamp>2655.504170</timestamp>
			</report>
			<report>
				<misses>305100001</misses>
				<total>0</total>
				<timestamp>2656.371841</timestamp>
			</report>
			<report>
				<misses>305200001</misses>
				<total>0</total>
				<timestamp>2657.246386</timestamp>
			</report>
			<report>
				<misses>305300001</misses>
				<total>0</total>
				<timestamp>2658.111846</timestamp>
			</report>
			<report>
				<misses>305400001</misses>
				<total>0</total>
				<timestamp>2658.986917</timestamp>
			</report>
			<report>
				<misses>305500001</misses>
				<total>0</total>
				<timestamp>2659.866523</timestamp>
			</report>
			<report>
				<misses>305600001</misses>
				<total>0</total>
				<timestamp>2660.737071</timestamp>
			</report>
			<report>
				<misses>305700001</misses>
				<total>0</total>
				<timestamp>2661.601367</timestamp>
			</report>
			<report>
				<misses>305800001</misses>
				<total>0</total>
				<timestamp>2662.465787</timestamp>
			</report>
			<report>
				<misses>305900001</misses>
				<total>0</total>
				<timestamp>2663.331252</timestamp>
			</report>
			<report>
				<misses>306000001</misses>
				<total>0</total>
				<timestamp>2664.204396</timestamp>
			</report>
			<report>
				<misses>306100001</misses>
				<total>0</total>
				<timestamp>2665.076313</timestamp>
			</report>
			<report>
				<misses>306200001</misses>
				<total>0</total>
				<timestamp>2665.955234</timestamp>
			</report>
			<report>
				<misses>306300001</misses>
				<total>0</total>
				<timestamp>2666.837680</timestamp>
			</report>
			<report>
				<misses>306400001</misses>
				<total>0</total>
				<timestamp>2667.709750</timestamp>
			</report>
			<report>
				<misses>306500001</misses>
				<total>0</total>
				<timestamp>2668.575536</timestamp>
			</report>
			<report>
				<misses>306600001</misses>
				<total>0</total>
				<timestamp>2669.452862</timestamp>
			</report>
			<report>
				<misses>306700001</misses>
				<total>0</total>
				<timestamp>2670.321378</timestamp>
			</report>
			<report>
				<misses>306800001</misses>
				<total>0</total>
				<timestamp>2671.182357</timestamp>
			</report>
			<report>
				<misses>306900001</misses>
				<total>0</total>
				<timestamp>2672.060379</timestamp>
			</report>
			<report>
				<misses>307000001</misses>
				<total>0</total>
				<timestamp>2672.936150</timestamp>
			</report>
			<report>
				<misses>307100001</misses>
				<total>0</total>
				<timestamp>2673.819005</timestamp>
			</report>
			<report>
				<misses>307200001</misses>
				<total>0</total>
				<timestamp>2674.698614</timestamp>
			</report>
			<report>
				<misses>307300001</misses>
				<total>0</total>
				<timestamp>2675.580848</timestamp>
			</report>
			<report>
				<misses>307400001</misses>
				<total>0</total>
				<timestamp>2676.458155</timestamp>
			</report>
			<report>
				<misses>307500001</misses>
				<total>0</total>
				<timestamp>2677.334436</timestamp>
			</report>
			<report>
				<misses>307600001</misses>
				<total>0</total>
				<timestamp>2678.213238</timestamp>
			</report>
			<report>
				<misses>307700001</misses>
				<total>0</total>
				<timestamp>2679.098729</timestamp>
			</report>
			<report>
				<misses>307800001</misses>
				<total>0</total>
				<timestamp>2679.974101</timestamp>
			</report>
			<report>
				<misses>307900001</misses>
				<total>0</total>
				<timestamp>2680.841117</timestamp>
			</report>
			<report>
				<misses>308000001</misses>
				<total>0</total>
				<timestamp>2681.711311</timestamp>
			</report>
			<report>
				<misses>308100001</misses>
				<total>0</total>
				<timestamp>2682.586068</timestamp>
			</report>
			<report>
				<misses>308200001</misses>
				<total>0</total>
				<timestamp>2683.445028</timestamp>
			</report>
			<report>
				<misses>308300001</misses>
				<total>0</total>
				<timestamp>2684.309899</timestamp>
			</report>
			<report>
				<misses>308400001</misses>
				<total>0</total>
				<timestamp>2685.176837</timestamp>
			</report>
			<report>
				<misses>308500001</misses>
				<total>0</total>
				<timestamp>2686.047757</timestamp>
			</report>
			<report>
				<misses>308600001</misses>
				<total>0</total>
				<timestamp>2686.923195</timestamp>
			</report>
			<report>
				<misses>308700001</misses>
				<total>0</total>
				<timestamp>2687.784782</timestamp>
			</report>
			<report>
				<misses>308800001</misses>
				<total>0</total>
				<timestamp>2688.640261</timestamp>
			</report>
			<report>
				<misses>308900001</misses>
				<total>0</total>
				<timestamp>2689.502447</timestamp>
			</report>
			<report>
				<misses>309000001</misses>
				<total>0</total>
				<timestamp>2690.379703</timestamp>
			</report>
			<report>
				<misses>309100001</misses>
				<total>0</total>
				<timestamp>2691.242266</timestamp>
			</report>
			<report>
				<misses>309200001</misses>
				<total>0</total>
				<timestamp>2692.124545</timestamp>
			</report>
			<report>
				<misses>309300001</misses>
				<total>0</total>
				<timestamp>2692.993621</timestamp>
			</report>
			<report>
				<misses>309400001</misses>
				<total>0</total>
				<timestamp>2693.859164</timestamp>
			</report>
			<report>
				<misses>309500001</misses>
				<total>0</total>
				<timestamp>2694.724426</timestamp>
			</report>
			<report>
				<misses>309600001</misses>
				<total>0</total>
				<timestamp>2695.606260</timestamp>
			</report>
			<report>
				<misses>309700001</misses>
				<total>0</total>
				<timestamp>2696.474207</timestamp>
			</report>
			<report>
				<misses>309800001</misses>
				<total>0</total>
				<timestamp>2697.347200</timestamp>
			</report>
			<report>
				<misses>309900001</misses>
				<total>0</total>
				<timestamp>2698.220493</timestamp>
			</report>
			<report>
				<misses>310000001</misses>
				<total>0</total>
				<timestamp>2699.090154</timestamp>
			</report>
			<report>
				<misses>310100001</misses>
				<total>0</total>
				<timestamp>2699.960187</timestamp>
			</report>
			<report>
				<misses>310200001</misses>
				<total>0</total>
				<timestamp>2700.835227</timestamp>
			</report>
			<report>
				<misses>310300001</misses>
				<total>0</total>
				<timestamp>2701.710873</timestamp>
			</report>
			<report>
				<misses>310400001</misses>
				<total>0</total>
				<timestamp>2702.580692</timestamp>
			</report>
			<report>
				<misses>310500001</misses>
				<total>0</total>
				<timestamp>2703.456901</timestamp>
			</report>
			<report>
				<misses>310600001</misses>
				<total>0</total>
				<timestamp>2704.334651</timestamp>
			</report>
			<report>
				<misses>310700001</misses>
				<total>0</total>
				<timestamp>2705.206289</timestamp>
			</report>
			<report>
				<misses>310800001</misses>
				<total>0</total>
				<timestamp>2706.070226</timestamp>
			</report>
			<report>
				<misses>310900001</misses>
				<total>0</total>
				<timestamp>2706.944442</timestamp>
			</report>
			<report>
				<misses>311000001</misses>
				<total>0</total>
				<timestamp>2707.813625</timestamp>
			</report>
			<report>
				<misses>311100001</misses>
				<total>0</total>
				<timestamp>2708.692218</timestamp>
			</report>
			<report>
				<misses>311200001</misses>
				<total>0</total>
				<timestamp>2709.560988</timestamp>
			</report>
			<report>
				<misses>311300001</misses>
				<total>0</total>
				<timestamp>2710.423050</timestamp>
			</report>
			<report>
				<misses>311400001</misses>
				<total>0</total>
				<timestamp>2711.293923</timestamp>
			</report>
			<report>
				<misses>311500001</misses>
				<total>0</total>
				<timestamp>2712.155496</timestamp>
			</report>
			<report>
				<misses>311600001</misses>
				<total>0</total>
				<timestamp>2713.031034</timestamp>
			</report>
			<report>
				<misses>311700001</misses>
				<total>0</total>
				<timestamp>2713.895885</timestamp>
			</report>
			<report>
				<misses>311800001</misses>
				<total>0</total>
				<timestamp>2714.767643</timestamp>
			</report>
			<report>
				<misses>311900001</misses>
				<total>0</total>
				<timestamp>2715.629044</timestamp>
			</report>
			<report>
				<misses>312000001</misses>
				<total>0</total>
				<timestamp>2716.490847</timestamp>
			</report>
			<report>
				<misses>312100001</misses>
				<total>0</total>
				<timestamp>2717.358970</timestamp>
			</report>
			<report>
				<misses>312200001</misses>
				<total>0</total>
				<timestamp>2718.234774</timestamp>
			</report>
			<report>
				<misses>312300001</misses>
				<total>0</total>
				<timestamp>2719.105815</timestamp>
			</report>
			<report>
				<misses>312400001</misses>
				<total>0</total>
				<timestamp>2719.965891</timestamp>
			</report>
			<report>
				<misses>312500001</misses>
				<total>0</total>
				<timestamp>2720.847338</timestamp>
			</report>
			<report>
				<misses>312600001</misses>
				<total>0</total>
				<timestamp>2721.728190</timestamp>
			</report>
			<report>
				<misses>312700001</misses>
				<total>0</total>
				<timestamp>2722.606900</timestamp>
			</report>
			<report>
				<misses>312800001</misses>
				<total>0</total>
				<timestamp>2723.480762</timestamp>
			</report>
			<report>
				<misses>312900001</misses>
				<total>0</total>
				<timestamp>2724.357131</timestamp>
			</report>
			<report>
				<misses>313000001</misses>
				<total>0</total>
				<timestamp>2725.231111</timestamp>
			</report>
			<report>
				<misses>313100001</misses>
				<total>0</total>
				<timestamp>2726.094397</timestamp>
			</report>
			<report>
				<misses>313200001</misses>
				<total>0</total>
				<timestamp>2726.962648</timestamp>
			</report>
			<report>
				<misses>313300001</misses>
				<total>0</total>
				<timestamp>2727.834299</timestamp>
			</report>
			<report>
				<misses>313400001</misses>
				<total>0</total>
				<timestamp>2728.725560</timestamp>
			</report>
			<report>
				<misses>313500001</misses>
				<total>0</total>
				<timestamp>2729.590582</timestamp>
			</report>
			<report>
				<misses>313600001</misses>
				<total>0</total>
				<timestamp>2730.458281</timestamp>
			</report>
			<report>
				<misses>313700001</misses>
				<total>0</total>
				<timestamp>2731.319627</timestamp>
			</report>
			<report>
				<misses>313800001</misses>
				<total>0</total>
				<timestamp>2732.195726</timestamp>
			</report>
			<report>
				<misses>313900001</misses>
				<total>0</total>
				<timestamp>2733.071719</timestamp>
			</report>
			<report>
				<misses>314000001</misses>
				<total>0</total>
				<timestamp>2733.926509</timestamp>
			</report>
			<report>
				<misses>314100001</misses>
				<total>0</total>
				<timestamp>2734.805717</timestamp>
			</report>
			<report>
				<misses>314200001</misses>
				<total>0</total>
				<timestamp>2735.683280</timestamp>
			</report>
			<report>
				<misses>314300001</misses>
				<total>0</total>
				<timestamp>2736.545879</timestamp>
			</report>
			<report>
				<misses>314400001</misses>
				<total>0</total>
				<timestamp>2737.422071</timestamp>
			</report>
			<report>
				<misses>314500001</misses>
				<total>0</total>
				<timestamp>2738.292633</timestamp>
			</report>
			<report>
				<misses>314600001</misses>
				<total>0</total>
				<timestamp>2739.163479</timestamp>
			</report>
			<report>
				<misses>314700001</misses>
				<total>0</total>
				<timestamp>2740.022777</timestamp>
			</report>
			<report>
				<misses>314800001</misses>
				<total>0</total>
				<timestamp>2740.899538</timestamp>
			</report>
			<report>
				<misses>314900001</misses>
				<total>0</total>
				<timestamp>2741.763366</timestamp>
			</report>
			<report>
				<misses>315000001</misses>
				<total>0</total>
				<timestamp>2742.622873</timestamp>
			</report>
			<report>
				<misses>315100001</misses>
				<total>0</total>
				<timestamp>2743.494118</timestamp>
			</report>
			<report>
				<misses>315200001</misses>
				<total>0</total>
				<timestamp>2744.357338</timestamp>
			</report>
			<report>
				<misses>315300001</misses>
				<total>0</total>
				<timestamp>2745.219594</timestamp>
			</report>
			<report>
				<misses>315400001</misses>
				<total>0</total>
				<timestamp>2746.098537</timestamp>
			</report>
			<report>
				<misses>315500001</misses>
				<total>0</total>
				<timestamp>2746.963737</timestamp>
			</report>
			<report>
				<misses>315600001</misses>
				<total>0</total>
				<timestamp>2747.833571</timestamp>
			</report>
			<report>
				<misses>315700001</misses>
				<total>0</total>
				<timestamp>2748.699121</timestamp>
			</report>
			<report>
				<misses>315800001</misses>
				<total>0</total>
				<timestamp>2749.574089</timestamp>
			</report>
			<report>
				<misses>315900001</misses>
				<total>0</total>
				<timestamp>2750.445947</timestamp>
			</report>
			<report>
				<misses>316000001</misses>
				<total>0</total>
				<timestamp>2751.309773</timestamp>
			</report>
			<report>
				<misses>316100001</misses>
				<total>0</total>
				<timestamp>2752.178396</timestamp>
			</report>
			<report>
				<misses>316200001</misses>
				<total>0</total>
				<timestamp>2753.044757</timestamp>
			</report>
			<report>
				<misses>316300001</misses>
				<total>0</total>
				<timestamp>2753.900574</timestamp>
			</report>
			<report>
				<misses>316400001</misses>
				<total>0</total>
				<timestamp>2754.770194</timestamp>
			</report>
			<report>
				<misses>316500001</misses>
				<total>0</total>
				<timestamp>2755.638482</timestamp>
			</report>
			<report>
				<misses>316600001</misses>
				<total>0</total>
				<timestamp>2756.499765</timestamp>
			</report>
			<report>
				<misses>316700001</misses>
				<total>0</total>
				<timestamp>2757.372438</timestamp>
			</report>
			<report>
				<misses>316800001</misses>
				<total>0</total>
				<timestamp>2758.249221</timestamp>
			</report>
			<report>
				<misses>316900001</misses>
				<total>0</total>
				<timestamp>2759.122655</timestamp>
			</report>
			<report>
				<misses>317000001</misses>
				<total>0</total>
				<timestamp>2759.985261</timestamp>
			</report>
			<report>
				<misses>317100001</misses>
				<total>0</total>
				<timestamp>2760.859575</timestamp>
			</report>
			<report>
				<misses>317200001</misses>
				<total>0</total>
				<timestamp>2761.730139</timestamp>
			</report>
			<report>
				<misses>317300001</misses>
				<total>0</total>
				<timestamp>2762.594524</timestamp>
			</report>
			<report>
				<misses>317400001</misses>
				<total>0</total>
				<timestamp>2763.463795</timestamp>
			</report>
			<report>
				<misses>317500001</misses>
				<total>0</total>
				<timestamp>2764.337428</timestamp>
			</report>
			<report>
				<misses>317600001</misses>
				<total>0</total>
				<timestamp>2765.201444</timestamp>
			</report>
			<report>
				<misses>317700001</misses>
				<total>0</total>
				<timestamp>2766.066693</timestamp>
			</report>
			<report>
				<misses>317800001</misses>
				<total>0</total>
				<timestamp>2766.928038</timestamp>
			</report>
			<report>
				<misses>317900001</misses>
				<total>0</total>
				<timestamp>2767.797312</timestamp>
			</report>
			<report>
				<misses>318000001</misses>
				<total>0</total>
				<timestamp>2768.684822</timestamp>
			</report>
			<report>
				<misses>318100001</misses>
				<total>0</total>
				<timestamp>2769.573784</timestamp>
			</report>
			<report>
				<misses>318200001</misses>
				<total>0</total>
				<timestamp>2770.465339</timestamp>
			</report>
			<report>
				<misses>318300001</misses>
				<total>0</total>
				<timestamp>2771.331824</timestamp>
			</report>
			<report>
				<misses>318400001</misses>
				<total>0</total>
				<timestamp>2772.206499</timestamp>
			</report>
			<report>
				<misses>318500001</misses>
				<total>0</total>
				<timestamp>2773.093681</timestamp>
			</report>
			<report>
				<misses>318600001</misses>
				<total>0</total>
				<timestamp>2773.955021</timestamp>
			</report>
			<report>
				<misses>318700001</misses>
				<total>0</total>
				<timestamp>2774.817983</timestamp>
			</report>
			<report>
				<misses>318800001</misses>
				<total>0</total>
				<timestamp>2775.676212</timestamp>
			</report>
			<report>
				<misses>318900001</misses>
				<total>0</total>
				<timestamp>2776.548003</timestamp>
			</report>
			<report>
				<misses>319000001</misses>
				<total>0</total>
				<timestamp>2777.409892</timestamp>
			</report>
			<report>
				<misses>319100001</misses>
				<total>0</total>
				<timestamp>2778.280819</timestamp>
			</report>
			<report>
				<misses>319200001</misses>
				<total>0</total>
				<timestamp>2779.155640</timestamp>
			</report>
			<report>
				<misses>319300001</misses>
				<total>0</total>
				<timestamp>2780.031648</timestamp>
			</report>
			<report>
				<misses>319400001</misses>
				<total>0</total>
				<timestamp>2780.893672</timestamp>
			</report>
			<report>
				<misses>319500001</misses>
				<total>0</total>
				<timestamp>2781.754440</timestamp>
			</report>
			<report>
				<misses>319600001</misses>
				<total>0</total>
				<timestamp>2782.615335</timestamp>
			</report>
			<report>
				<misses>319700001</misses>
				<total>0</total>
				<timestamp>2783.478857</timestamp>
			</report>
			<report>
				<misses>319800001</misses>
				<total>0</total>
				<timestamp>2784.352480</timestamp>
			</report>
			<report>
				<misses>319900001</misses>
				<total>0</total>
				<timestamp>2785.209988</timestamp>
			</report>
			<report>
				<misses>320000001</misses>
				<total>0</total>
				<timestamp>2786.072868</timestamp>
			</report>
			<report>
				<misses>320100001</misses>
				<total>0</total>
				<timestamp>2786.927854</timestamp>
			</report>
			<report>
				<misses>320200001</misses>
				<total>0</total>
				<timestamp>2787.799755</timestamp>
			</report>
			<report>
				<misses>320300001</misses>
				<total>0</total>
				<timestamp>2788.656936</timestamp>
			</report>
			<report>
				<misses>320400001</misses>
				<total>0</total>
				<timestamp>2789.512800</timestamp>
			</report>
			<report>
				<misses>320500001</misses>
				<total>0</total>
				<timestamp>2790.374552</timestamp>
			</report>
			<report>
				<misses>320600001</misses>
				<total>0</total>
				<timestamp>2791.243075</timestamp>
			</report>
			<report>
				<misses>320700001</misses>
				<total>0</total>
				<timestamp>2792.109672</timestamp>
			</report>
			<report>
				<misses>320800001</misses>
				<total>0</total>
				<timestamp>2792.970310</timestamp>
			</report>
			<report>
				<misses>320900001</misses>
				<total>0</total>
				<timestamp>2793.831877</timestamp>
			</report>
			<report>
				<misses>321000001</misses>
				<total>0</total>
				<timestamp>2794.698229</timestamp>
			</report>
			<report>
				<misses>321100001</misses>
				<total>0</total>
				<timestamp>2795.568078</timestamp>
			</report>
			<report>
				<misses>321200001</misses>
				<total>0</total>
				<timestamp>2796.435676</timestamp>
			</report>
			<report>
				<misses>321300001</misses>
				<total>0</total>
				<timestamp>2797.310198</timestamp>
			</report>
			<report>
				<misses>321400001</misses>
				<total>0</total>
				<timestamp>2798.170628</timestamp>
			</report>
			<report>
				<misses>321500001</misses>
				<total>0</total>
				<timestamp>2799.031410</timestamp>
			</report>
			<report>
				<misses>321600001</misses>
				<total>0</total>
				<timestamp>2799.900939</timestamp>
			</report>
			<report>
				<misses>321700001</misses>
				<total>0</total>
				<timestamp>2800.774022</timestamp>
			</report>
			<report>
				<misses>321800001</misses>
				<total>0</total>
				<timestamp>2801.616937</timestamp>
			</report>
			<report>
				<misses>321900001</misses>
				<total>0</total>
				<timestamp>2802.478299</timestamp>
			</report>
			<report>
				<misses>322000001</misses>
				<total>0</total>
				<timestamp>2803.339815</timestamp>
			</report>
			<report>
				<misses>322100001</misses>
				<total>0</total>
				<timestamp>2804.200093</timestamp>
			</report>
			<report>
				<misses>322200001</misses>
				<total>0</total>
				<timestamp>2805.058908</timestamp>
			</report>
			<report>
				<misses>322300001</misses>
				<total>0</total>
				<timestamp>2805.944076</timestamp>
			</report>
			<report>
				<misses>322400001</misses>
				<total>0</total>
				<timestamp>2806.822238</timestamp>
			</report>
			<report>
				<misses>322500001</misses>
				<total>0</total>
				<timestamp>2807.687616</timestamp>
			</report>
			<report>
				<misses>322600001</misses>
				<total>0</total>
				<timestamp>2808.558197</timestamp>
			</report>
			<report>
				<misses>322700001</misses>
				<total>0</total>
				<timestamp>2809.420011</timestamp>
			</report>
			<report>
				<misses>322800001</misses>
				<total>0</total>
				<timestamp>2810.288261</timestamp>
			</report>
			<report>
				<misses>322900001</misses>
				<total>0</total>
				<timestamp>2811.163043</timestamp>
			</report>
			<report>
				<misses>323000001</misses>
				<total>0</total>
				<timestamp>2812.041438</timestamp>
			</report>
			<report>
				<misses>323100001</misses>
				<total>0</total>
				<timestamp>2812.906017</timestamp>
			</report>
			<report>
				<misses>323200001</misses>
				<total>0</total>
				<timestamp>2813.772750</timestamp>
			</report>
			<report>
				<misses>323300001</misses>
				<total>0</total>
				<timestamp>2814.616901</timestamp>
			</report>
			<report>
				<misses>323400001</misses>
				<total>0</total>
				<timestamp>2815.485849</timestamp>
			</report>
			<report>
				<misses>323500001</misses>
				<total>0</total>
				<timestamp>2816.359567</timestamp>
			</report>
			<report>
				<misses>323600001</misses>
				<total>0</total>
				<timestamp>2817.223158</timestamp>
			</report>
			<report>
				<misses>323700001</misses>
				<total>0</total>
				<timestamp>2818.092741</timestamp>
			</report>
			<report>
				<misses>323800001</misses>
				<total>0</total>
				<timestamp>2818.963510</timestamp>
			</report>
			<report>
				<misses>323900001</misses>
				<total>0</total>
				<timestamp>2819.833558</timestamp>
			</report>
			<report>
				<misses>324000001</misses>
				<total>0</total>
				<timestamp>2820.704478</timestamp>
			</report>
			<report>
				<misses>324100001</misses>
				<total>0</total>
				<timestamp>2821.582953</timestamp>
			</report>
			<report>
				<misses>324200001</misses>
				<total>0</total>
				<timestamp>2822.457181</timestamp>
			</report>
			<report>
				<misses>324300001</misses>
				<total>0</total>
				<timestamp>2823.341836</timestamp>
			</report>
			<report>
				<misses>324400001</misses>
				<total>0</total>
				<timestamp>2824.203348</timestamp>
			</report>
			<report>
				<misses>324500001</misses>
				<total>0</total>
				<timestamp>2825.038706</timestamp>
			</report>
			<report>
				<misses>324600001</misses>
				<total>0</total>
				<timestamp>2825.899587</timestamp>
			</report>
			<report>
				<misses>324700001</misses>
				<total>0</total>
				<timestamp>2826.779452</timestamp>
			</report>
			<report>
				<misses>324800001</misses>
				<total>0</total>
				<timestamp>2827.656690</timestamp>
			</report>
			<report>
				<misses>324900001</misses>
				<total>0</total>
				<timestamp>2828.521472</timestamp>
			</report>
			<report>
				<misses>325000001</misses>
				<total>0</total>
				<timestamp>2829.381963</timestamp>
			</report>
			<report>
				<misses>325100001</misses>
				<total>0</total>
				<timestamp>2830.254014</timestamp>
			</report>
			<report>
				<misses>325200001</misses>
				<total>0</total>
				<timestamp>2831.126256</timestamp>
			</report>
			<report>
				<misses>325300001</misses>
				<total>0</total>
				<timestamp>2832.000368</timestamp>
			</report>
			<report>
				<misses>325400001</misses>
				<total>0</total>
				<timestamp>2832.862316</timestamp>
			</report>
			<report>
				<misses>325500001</misses>
				<total>0</total>
				<timestamp>2833.742121</timestamp>
			</report>
			<report>
				<misses>325600001</misses>
				<total>0</total>
				<timestamp>2834.612476</timestamp>
			</report>
			<report>
				<misses>325700001</misses>
				<total>0</total>
				<timestamp>2835.482818</timestamp>
			</report>
			<report>
				<misses>325800001</misses>
				<total>0</total>
				<timestamp>2836.365535</timestamp>
			</report>
			<report>
				<misses>325900001</misses>
				<total>0</total>
				<timestamp>2837.231332</timestamp>
			</report>
			<report>
				<misses>326000001</misses>
				<total>0</total>
				<timestamp>2838.082464</timestamp>
			</report>
			<report>
				<misses>326100001</misses>
				<total>0</total>
				<timestamp>2838.948566</timestamp>
			</report>
			<report>
				<misses>326200001</misses>
				<total>0</total>
				<timestamp>2839.813527</timestamp>
			</report>
			<report>
				<misses>326300001</misses>
				<total>0</total>
				<timestamp>2840.684676</timestamp>
			</report>
			<report>
				<misses>326400001</misses>
				<total>0</total>
				<timestamp>2841.558882</timestamp>
			</report>
			<report>
				<misses>326500001</misses>
				<total>0</total>
				<timestamp>2842.431225</timestamp>
			</report>
			<report>
				<misses>326600001</misses>
				<total>0</total>
				<timestamp>2843.300487</timestamp>
			</report>
			<report>
				<misses>326700001</misses>
				<total>0</total>
				<timestamp>2844.172973</timestamp>
			</report>
			<report>
				<misses>326800001</misses>
				<total>0</total>
				<timestamp>2845.012255</timestamp>
			</report>
			<report>
				<misses>326900001</misses>
				<total>0</total>
				<timestamp>2845.864811</timestamp>
			</report>
			<report>
				<misses>327000001</misses>
				<total>0</total>
				<timestamp>2846.742577</timestamp>
			</report>
			<report>
				<misses>327100001</misses>
				<total>0</total>
				<timestamp>2847.604387</timestamp>
			</report>
			<report>
				<misses>327200001</misses>
				<total>0</total>
				<timestamp>2848.465072</timestamp>
			</report>
			<report>
				<misses>327300001</misses>
				<total>0</total>
				<timestamp>2849.336368</timestamp>
			</report>
			<report>
				<misses>327400001</misses>
				<total>0</total>
				<timestamp>2850.207772</timestamp>
			</report>
			<report>
				<misses>327500001</misses>
				<total>0</total>
				<timestamp>2851.070738</timestamp>
			</report>
			<report>
				<misses>327600001</misses>
				<total>0</total>
				<timestamp>2851.936216</timestamp>
			</report>
			<report>
				<misses>327700001</misses>
				<total>0</total>
				<timestamp>2852.806081</timestamp>
			</report>
			<report>
				<misses>327800001</misses>
				<total>0</total>
				<timestamp>2853.673790</timestamp>
			</report>
			<report>
				<misses>327900001</misses>
				<total>0</total>
				<timestamp>2854.544332</timestamp>
			</report>
			<report>
				<misses>328000001</misses>
				<total>0</total>
				<timestamp>2855.414348</timestamp>
			</report>
			<report>
				<misses>328100001</misses>
				<total>0</total>
				<timestamp>2856.269803</timestamp>
			</report>
			<report>
				<misses>328200001</misses>
				<total>0</total>
				<timestamp>2857.141109</timestamp>
			</report>
			<report>
				<misses>328300001</misses>
				<total>0</total>
				<timestamp>2858.011679</timestamp>
			</report>
			<report>
				<misses>328400001</misses>
				<total>0</total>
				<timestamp>2858.883190</timestamp>
			</report>
			<report>
				<misses>328500001</misses>
				<total>0</total>
				<timestamp>2859.748333</timestamp>
			</report>
			<report>
				<misses>328600001</misses>
				<total>0</total>
				<timestamp>2860.609691</timestamp>
			</report>
			<report>
				<misses>328700001</misses>
				<total>0</total>
				<timestamp>2861.461889</timestamp>
			</report>
			<report>
				<misses>328800001</misses>
				<total>0</total>
				<timestamp>2862.327704</timestamp>
			</report>
			<report>
				<misses>328900001</misses>
				<total>0</total>
				<timestamp>2863.193401</timestamp>
			</report>
			<report>
				<misses>329000001</misses>
				<total>0</total>
				<timestamp>2864.060416</timestamp>
			</report>
			<report>
				<misses>329100001</misses>
				<total>0</total>
				<timestamp>2864.928271</timestamp>
			</report>
			<report>
				<misses>329200001</misses>
				<total>0</total>
				<timestamp>2865.805738</timestamp>
			</report>
			<report>
				<misses>329300001</misses>
				<total>0</total>
				<timestamp>2866.675023</timestamp>
			</report>
			<report>
				<misses>329400001</misses>
				<total>0</total>
				<timestamp>2867.545633</timestamp>
			</report>
			<report>
				<misses>329500001</misses>
				<total>0</total>
				<timestamp>2868.432441</timestamp>
			</report>
			<report>
				<misses>329600001</misses>
				<total>0</total>
				<timestamp>2869.319131</timestamp>
			</report>
			<report>
				<misses>329700001</misses>
				<total>0</total>
				<timestamp>2870.191308</timestamp>
			</report>
			<report>
				<misses>329800001</misses>
				<total>0</total>
				<timestamp>2871.072625</timestamp>
			</report>
			<report>
				<misses>329900001</misses>
				<total>0</total>
				<timestamp>2871.954407</timestamp>
			</report>
			<report>
				<misses>330000001</misses>
				<total>0</total>
				<timestamp>2872.821096</timestamp>
			</report>
			<report>
				<misses>330100001</misses>
				<total>0</total>
				<timestamp>2873.699375</timestamp>
			</report>
			<report>
				<misses>330200001</misses>
				<total>0</total>
				<timestamp>2874.566452</timestamp>
			</report>
			<report>
				<misses>330300001</misses>
				<total>0</total>
				<timestamp>2875.429972</timestamp>
			</report>
			<report>
				<misses>330400001</misses>
				<total>0</total>
				<timestamp>2876.277145</timestamp>
			</report>
			<report>
				<misses>330500001</misses>
				<total>0</total>
				<timestamp>2877.141532</timestamp>
			</report>
			<report>
				<misses>330600001</misses>
				<total>0</total>
				<timestamp>2878.008015</timestamp>
			</report>
			<report>
				<misses>330700001</misses>
				<total>0</total>
				<timestamp>2878.874407</timestamp>
			</report>
			<report>
				<misses>330800001</misses>
				<total>0</total>
				<timestamp>2879.746337</timestamp>
			</report>
			<report>
				<misses>330900001</misses>
				<total>0</total>
				<timestamp>2880.612126</timestamp>
			</report>
			<report>
				<misses>331000001</misses>
				<total>0</total>
				<timestamp>2881.472606</timestamp>
			</report>
			<report>
				<misses>331100001</misses>
				<total>0</total>
				<timestamp>2882.344993</timestamp>
			</report>
			<report>
				<misses>331200001</misses>
				<total>0</total>
				<timestamp>2883.218096</timestamp>
			</report>
			<report>
				<misses>331300001</misses>
				<total>0</total>
				<timestamp>2884.087251</timestamp>
			</report>
			<report>
				<misses>331400001</misses>
				<total>0</total>
				<timestamp>2884.966023</timestamp>
			</report>
			<report>
				<misses>331500001</misses>
				<total>0</total>
				<timestamp>2885.838963</timestamp>
			</report>
			<report>
				<misses>331600001</misses>
				<total>0</total>
				<timestamp>2886.710038</timestamp>
			</report>
			<report>
				<misses>331700001</misses>
				<total>0</total>
				<timestamp>2887.569727</timestamp>
			</report>
			<report>
				<misses>331800001</misses>
				<total>0</total>
				<timestamp>2888.444975</timestamp>
			</report>
			<report>
				<misses>331900001</misses>
				<total>0</total>
				<timestamp>2889.308157</timestamp>
			</report>
			<report>
				<misses>332000001</misses>
				<total>0</total>
				<timestamp>2890.182254</timestamp>
			</report>
			<report>
				<misses>332100001</misses>
				<total>0</total>
				<timestamp>2891.051087</timestamp>
			</report>
			<report>
				<misses>332200001</misses>
				<total>0</total>
				<timestamp>2891.919566</timestamp>
			</report>
			<report>
				<misses>332300001</misses>
				<total>0</total>
				<timestamp>2892.794216</timestamp>
			</report>
			<report>
				<misses>332400001</misses>
				<total>0</total>
				<timestamp>2893.666272</timestamp>
			</report>
			<report>
				<misses>332500001</misses>
				<total>0</total>
				<timestamp>2894.533699</timestamp>
			</report>
			<report>
				<misses>332600001</misses>
				<total>0</total>
				<timestamp>2895.406304</timestamp>
			</report>
			<report>
				<misses>332700001</misses>
				<total>0</total>
				<timestamp>2896.278119</timestamp>
			</report>
			<report>
				<misses>332800001</misses>
				<total>0</total>
				<timestamp>2897.155317</timestamp>
			</report>
			<report>
				<misses>332900001</misses>
				<total>0</total>
				<timestamp>2898.026085</timestamp>
			</report>
			<report>
				<misses>333000001</misses>
				<total>0</total>
				<timestamp>2898.872007</timestamp>
			</report>
			<report>
				<misses>333100001</misses>
				<total>0</total>
				<timestamp>2899.734477</timestamp>
			</report>
			<report>
				<misses>333200001</misses>
				<total>0</total>
				<timestamp>2900.608752</timestamp>
			</report>
			<report>
				<misses>333300001</misses>
				<total>0</total>
				<timestamp>2901.463708</timestamp>
			</report>
			<report>
				<misses>333400001</misses>
				<total>0</total>
				<timestamp>2902.328201</timestamp>
			</report>
			<report>
				<misses>333500001</misses>
				<total>0</total>
				<timestamp>2903.214734</timestamp>
			</report>
			<report>
				<misses>333600001</misses>
				<total>0</total>
				<timestamp>2904.086207</timestamp>
			</report>
			<report>
				<misses>333700001</misses>
				<total>0</total>
				<timestamp>2904.946635</timestamp>
			</report>
			<report>
				<misses>333800001</misses>
				<total>0</total>
				<timestamp>2905.815734</timestamp>
			</report>
			<report>
				<misses>333900001</misses>
				<total>0</total>
				<timestamp>2906.680164</timestamp>
			</report>
			<report>
				<misses>334000001</misses>
				<total>0</total>
				<timestamp>2907.554905</timestamp>
			</report>
			<report>
				<misses>334100001</misses>
				<total>0</total>
				<timestamp>2908.427154</timestamp>
			</report>
			<report>
				<misses>334200001</misses>
				<total>0</total>
				<timestamp>2909.299209</timestamp>
			</report>
			<report>
				<misses>334300001</misses>
				<total>0</total>
				<timestamp>2910.159056</timestamp>
			</report>
			<report>
				<misses>334400001</misses>
				<total>0</total>
				<timestamp>2911.029795</timestamp>
			</report>
			<report>
				<misses>334500001</misses>
				<total>0</total>
				<timestamp>2911.896033</timestamp>
			</report>
			<report>
				<misses>334600001</misses>
				<total>0</total>
				<timestamp>2912.768118</timestamp>
			</report>
			<report>
				<misses>334700001</misses>
				<total>0</total>
				<timestamp>2913.644735</timestamp>
			</report>
			<report>
				<misses>334800001</misses>
				<total>0</total>
				<timestamp>2914.520473</timestamp>
			</report>
			<report>
				<misses>334900001</misses>
				<total>0</total>
				<timestamp>2915.391170</timestamp>
			</report>
			<report>
				<misses>335000001</misses>
				<total>0</total>
				<timestamp>2916.258973</timestamp>
			</report>
			<report>
				<misses>335100001</misses>
				<total>0</total>
				<timestamp>2917.140082</timestamp>
			</report>
			<report>
				<misses>335200001</misses>
				<total>0</total>
				<timestamp>2918.012762</timestamp>
			</report>
			<report>
				<misses>335300001</misses>
				<total>0</total>
				<timestamp>2918.893920</timestamp>
			</report>
			<report>
				<misses>335400001</misses>
				<total>0</total>
				<timestamp>2919.783948</timestamp>
			</report>
			<report>
				<misses>335500001</misses>
				<total>0</total>
				<timestamp>2920.664730</timestamp>
			</report>
			<report>
				<misses>335600001</misses>
				<total>0</total>
				<timestamp>2921.540558</timestamp>
			</report>
			<report>
				<misses>335700001</misses>
				<total>0</total>
				<timestamp>2922.393896</timestamp>
			</report>
			<report>
				<misses>335800001</misses>
				<total>0</total>
				<timestamp>2923.249074</timestamp>
			</report>
			<report>
				<misses>335900001</misses>
				<total>0</total>
				<timestamp>2924.119657</timestamp>
			</report>
			<report>
				<misses>336000001</misses>
				<total>0</total>
				<timestamp>2924.986808</timestamp>
			</report>
			<report>
				<misses>336100001</misses>
				<total>0</total>
				<timestamp>2925.864659</timestamp>
			</report>
			<report>
				<misses>336200001</misses>
				<total>0</total>
				<timestamp>2926.734942</timestamp>
			</report>
			<report>
				<misses>336300001</misses>
				<total>0</total>
				<timestamp>2927.607524</timestamp>
			</report>
			<report>
				<misses>336400001</misses>
				<total>0</total>
				<timestamp>2928.466581</timestamp>
			</report>
			<report>
				<misses>336500001</misses>
				<total>0</total>
				<timestamp>2929.340237</timestamp>
			</report>
			<report>
				<misses>336600001</misses>
				<total>0</total>
				<timestamp>2930.184631</timestamp>
			</report>
			<report>
				<misses>336700001</misses>
				<total>0</total>
				<timestamp>2931.059376</timestamp>
			</report>
			<report>
				<misses>336800001</misses>
				<total>0</total>
				<timestamp>2931.930289</timestamp>
			</report>
			<report>
				<misses>336900001</misses>
				<total>0</total>
				<timestamp>2932.793528</timestamp>
			</report>
			<report>
				<misses>337000001</misses>
				<total>0</total>
				<timestamp>2933.675070</timestamp>
			</report>
			<report>
				<misses>337100001</misses>
				<total>0</total>
				<timestamp>2934.545476</timestamp>
			</report>
			<report>
				<misses>337200001</misses>
				<total>0</total>
				<timestamp>2935.408855</timestamp>
			</report>
			<report>
				<misses>337300001</misses>
				<total>0</total>
				<timestamp>2936.268167</timestamp>
			</report>
			<report>
				<misses>337400001</misses>
				<total>0</total>
				<timestamp>2937.135068</timestamp>
			</report>
			<report>
				<misses>337500001</misses>
				<total>0</total>
				<timestamp>2938.000357</timestamp>
			</report>
			<report>
				<misses>337600001</misses>
				<total>0</total>
				<timestamp>2938.870048</timestamp>
			</report>
			<report>
				<misses>337700001</misses>
				<total>0</total>
				<timestamp>2939.734985</timestamp>
			</report>
			<report>
				<misses>337800001</misses>
				<total>0</total>
				<timestamp>2940.601740</timestamp>
			</report>
			<report>
				<misses>337900001</misses>
				<total>0</total>
				<timestamp>2941.463893</timestamp>
			</report>
			<report>
				<misses>338000001</misses>
				<total>0</total>
				<timestamp>2942.326881</timestamp>
			</report>
			<report>
				<misses>338100001</misses>
				<total>0</total>
				<timestamp>2943.197693</timestamp>
			</report>
			<report>
				<misses>338200001</misses>
				<total>0</total>
				<timestamp>2944.068512</timestamp>
			</report>
			<report>
				<misses>338300001</misses>
				<total>0</total>
				<timestamp>2944.941563</timestamp>
			</report>
			<report>
				<misses>338400001</misses>
				<total>0</total>
				<timestamp>2945.813738</timestamp>
			</report>
			<report>
				<misses>338500001</misses>
				<total>0</total>
				<timestamp>2946.683923</timestamp>
			</report>
			<report>
				<misses>338600001</misses>
				<total>0</total>
				<timestamp>2947.547732</timestamp>
			</report>
			<report>
				<misses>338700001</misses>
				<total>0</total>
				<timestamp>2948.411885</timestamp>
			</report>
			<report>
				<misses>338800001</misses>
				<total>0</total>
				<timestamp>2949.282338</timestamp>
			</report>
			<report>
				<misses>338900001</misses>
				<total>0</total>
				<timestamp>2950.150622</timestamp>
			</report>
			<report>
				<misses>339000001</misses>
				<total>0</total>
				<timestamp>2951.010418</timestamp>
			</report>
			<report>
				<misses>339100001</misses>
				<total>0</total>
				<timestamp>2951.885470</timestamp>
			</report>
			<report>
				<misses>339200001</misses>
				<total>0</total>
				<timestamp>2952.751283</timestamp>
			</report>
			<report>
				<misses>339300001</misses>
				<total>0</total>
				<timestamp>2953.608793</timestamp>
			</report>
			<report>
				<misses>339400001</misses>
				<total>0</total>
				<timestamp>2954.473780</timestamp>
			</report>
			<report>
				<misses>339500001</misses>
				<total>0</total>
				<timestamp>2955.348196</timestamp>
			</report>
			<report>
				<misses>339600001</misses>
				<total>0</total>
				<timestamp>2956.218981</timestamp>
			</report>
			<report>
				<misses>339700001</misses>
				<total>0</total>
				<timestamp>2957.070543</timestamp>
			</report>
			<report>
				<misses>339800001</misses>
				<total>0</total>
				<timestamp>2957.939165</timestamp>
			</report>
			<report>
				<misses>339900001</misses>
				<total>0</total>
				<timestamp>2958.811226</timestamp>
			</report>
			<report>
				<misses>340000001</misses>
				<total>0</total>
				<timestamp>2959.676835</timestamp>
			</report>
			<report>
				<misses>340100001</misses>
				<total>0</total>
				<timestamp>2960.546168</timestamp>
			</report>
			<report>
				<misses>340200001</misses>
				<total>0</total>
				<timestamp>2961.406208</timestamp>
			</report>
			<report>
				<misses>340300001</misses>
				<total>0</total>
				<timestamp>2962.281889</timestamp>
			</report>
			<report>
				<misses>340400001</misses>
				<total>0</total>
				<timestamp>2963.150960</timestamp>
			</report>
			<report>
				<misses>340500001</misses>
				<total>0</total>
				<timestamp>2963.998569</timestamp>
			</report>
			<report>
				<misses>340600001</misses>
				<total>0</total>
				<timestamp>2964.864653</timestamp>
			</report>
			<report>
				<misses>340700001</misses>
				<total>0</total>
				<timestamp>2965.739040</timestamp>
			</report>
			<report>
				<misses>340800001</misses>
				<total>0</total>
				<timestamp>2966.614375</timestamp>
			</report>
			<report>
				<misses>340900001</misses>
				<total>0</total>
				<timestamp>2967.476747</timestamp>
			</report>
			<report>
				<misses>341000001</misses>
				<total>0</total>
				<timestamp>2968.354855</timestamp>
			</report>
			<report>
				<misses>341100001</misses>
				<total>0</total>
				<timestamp>2969.234405</timestamp>
			</report>
			<report>
				<misses>341200001</misses>
				<total>0</total>
				<timestamp>2970.116993</timestamp>
			</report>
			<report>
				<misses>341300001</misses>
				<total>0</total>
				<timestamp>2971.000990</timestamp>
			</report>
			<report>
				<misses>341400001</misses>
				<total>0</total>
				<timestamp>2971.869479</timestamp>
			</report>
			<report>
				<misses>341500001</misses>
				<total>0</total>
				<timestamp>2972.732335</timestamp>
			</report>
			<report>
				<misses>341600001</misses>
				<total>0</total>
				<timestamp>2973.601080</timestamp>
			</report>
			<report>
				<misses>341700001</misses>
				<total>0</total>
				<timestamp>2974.480495</timestamp>
			</report>
			<report>
				<misses>341800001</misses>
				<total>0</total>
				<timestamp>2975.353033</timestamp>
			</report>
			<report>
				<misses>341900001</misses>
				<total>0</total>
				<timestamp>2976.230790</timestamp>
			</report>
			<report>
				<misses>342000001</misses>
				<total>0</total>
				<timestamp>2977.093117</timestamp>
			</report>
			<report>
				<misses>342100001</misses>
				<total>0</total>
				<timestamp>2977.965719</timestamp>
			</report>
			<report>
				<misses>342200001</misses>
				<total>0</total>
				<timestamp>2978.843051</timestamp>
			</report>
			<report>
				<misses>342300001</misses>
				<total>0</total>
				<timestamp>2979.710386</timestamp>
			</report>
			<report>
				<misses>342400001</misses>
				<total>0</total>
				<timestamp>2980.575968</timestamp>
			</report>
			<report>
				<misses>342500001</misses>
				<total>0</total>
				<timestamp>2981.459432</timestamp>
			</report>
			<report>
				<misses>342600001</misses>
				<total>0</total>
				<timestamp>2982.319957</timestamp>
			</report>
			<report>
				<misses>342700001</misses>
				<total>0</total>
				<timestamp>2983.195779</timestamp>
			</report>
			<report>
				<misses>342800001</misses>
				<total>0</total>
				<timestamp>2984.068046</timestamp>
			</report>
			<report>
				<misses>342900001</misses>
				<total>0</total>
				<timestamp>2984.942819</timestamp>
			</report>
			<report>
				<misses>343000001</misses>
				<total>0</total>
				<timestamp>2985.806377</timestamp>
			</report>
			<report>
				<misses>343100001</misses>
				<total>0</total>
				<timestamp>2986.669842</timestamp>
			</report>
			<report>
				<misses>343200001</misses>
				<total>0</total>
				<timestamp>2987.531051</timestamp>
			</report>
			<report>
				<misses>343300001</misses>
				<total>0</total>
				<timestamp>2988.403707</timestamp>
			</report>
			<report>
				<misses>343400001</misses>
				<total>0</total>
				<timestamp>2989.274334</timestamp>
			</report>
			<report>
				<misses>343500001</misses>
				<total>0</total>
				<timestamp>2990.144395</timestamp>
			</report>
			<report>
				<misses>343600001</misses>
				<total>0</total>
				<timestamp>2991.013844</timestamp>
			</report>
			<report>
				<misses>343700001</misses>
				<total>0</total>
				<timestamp>2991.894529</timestamp>
			</report>
			<report>
				<misses>343800001</misses>
				<total>0</total>
				<timestamp>2992.760639</timestamp>
			</report>
			<report>
				<misses>343900001</misses>
				<total>0</total>
				<timestamp>2993.615693</timestamp>
			</report>
			<report>
				<misses>344000001</misses>
				<total>0</total>
				<timestamp>2994.488658</timestamp>
			</report>
			<report>
				<misses>344100001</misses>
				<total>0</total>
				<timestamp>2995.357365</timestamp>
			</report>
			<report>
				<misses>344200001</misses>
				<total>0</total>
				<timestamp>2996.227201</timestamp>
			</report>
			<report>
				<misses>344300001</misses>
				<total>0</total>
				<timestamp>2997.101423</timestamp>
			</report>
			<report>
				<misses>344400001</misses>
				<total>0</total>
				<timestamp>2997.983427</timestamp>
			</report>
			<report>
				<misses>344500001</misses>
				<total>0</total>
				<timestamp>2998.846651</timestamp>
			</report>
			<report>
				<misses>344600001</misses>
				<total>0</total>
				<timestamp>2999.713201</timestamp>
			</report>
			<report>
				<misses>344700001</misses>
				<total>0</total>
				<timestamp>3000.571223</timestamp>
			</report>
			<report>
				<misses>344800001</misses>
				<total>0</total>
				<timestamp>3001.435349</timestamp>
			</report>
			<report>
				<misses>344900001</misses>
				<total>0</total>
				<timestamp>3002.297359</timestamp>
			</report>
			<report>
				<misses>345000001</misses>
				<total>0</total>
				<timestamp>3003.169611</timestamp>
			</report>
			<report>
				<misses>345100001</misses>
				<total>0</total>
				<timestamp>3004.044182</timestamp>
			</report>
			<report>
				<misses>345200001</misses>
				<total>0</total>
				<timestamp>3004.906397</timestamp>
			</report>
			<report>
				<misses>345300001</misses>
				<total>0</total>
				<timestamp>3005.777347</timestamp>
			</report>
			<report>
				<misses>345400001</misses>
				<total>0</total>
				<timestamp>3006.645498</timestamp>
			</report>
			<report>
				<misses>345500001</misses>
				<total>0</total>
				<timestamp>3007.512366</timestamp>
			</report>
			<report>
				<misses>345600001</misses>
				<total>0</total>
				<timestamp>3008.380766</timestamp>
			</report>
			<report>
				<misses>345700001</misses>
				<total>0</total>
				<timestamp>3009.254151</timestamp>
			</report>
			<report>
				<misses>345800001</misses>
				<total>0</total>
				<timestamp>3010.120030</timestamp>
			</report>
			<report>
				<misses>345900001</misses>
				<total>0</total>
				<timestamp>3010.988583</timestamp>
			</report>
			<report>
				<misses>346000001</misses>
				<total>0</total>
				<timestamp>3011.855500</timestamp>
			</report>
			<report>
				<misses>346100001</misses>
				<total>0</total>
				<timestamp>3012.728571</timestamp>
			</report>
			<report>
				<misses>346200001</misses>
				<total>0</total>
				<timestamp>3013.586517</timestamp>
			</report>
			<report>
				<misses>346300001</misses>
				<total>0</total>
				<timestamp>3014.460618</timestamp>
			</report>
			<report>
				<misses>346400001</misses>
				<total>0</total>
				<timestamp>3015.333565</timestamp>
			</report>
			<report>
				<misses>346500001</misses>
				<total>0</total>
				<timestamp>3016.209788</timestamp>
			</report>
			<report>
				<misses>346600001</misses>
				<total>0</total>
				<timestamp>3017.096667</timestamp>
			</report>
			<report>
				<misses>346700001</misses>
				<total>0</total>
				<timestamp>3017.976327</timestamp>
			</report>
			<report>
				<misses>346800001</misses>
				<total>0</total>
				<timestamp>3018.863806</timestamp>
			</report>
			<report>
				<misses>346900001</misses>
				<total>0</total>
				<timestamp>3019.746319</timestamp>
			</report>
			<report>
				<misses>347000001</misses>
				<total>0</total>
				<timestamp>3020.613085</timestamp>
			</report>
			<report>
				<misses>347100001</misses>
				<total>0</total>
				<timestamp>3021.477650</timestamp>
			</report>
			<report>
				<misses>347200001</misses>
				<total>0</total>
				<timestamp>3022.346337</timestamp>
			</report>
			<report>
				<misses>347300001</misses>
				<total>0</total>
				<timestamp>3023.216311</timestamp>
			</report>
			<report>
				<misses>347400001</misses>
				<total>0</total>
				<timestamp>3024.067601</timestamp>
			</report>
			<report>
				<misses>347500001</misses>
				<total>0</total>
				<timestamp>3024.932742</timestamp>
			</report>
			<report>
				<misses>347600001</misses>
				<total>0</total>
				<timestamp>3025.807003</timestamp>
			</report>
			<report>
				<misses>347700001</misses>
				<total>0</total>
				<timestamp>3026.677804</timestamp>
			</report>
			<report>
				<misses>347800001</misses>
				<total>0</total>
				<timestamp>3027.538341</timestamp>
			</report>
			<report>
				<misses>347900001</misses>
				<total>0</total>
				<timestamp>3028.408969</timestamp>
			</report>
			<report>
				<misses>348000001</misses>
				<total>0</total>
				<timestamp>3029.276073</timestamp>
			</report>
			<report>
				<misses>348100001</misses>
				<total>0</total>
				<timestamp>3030.147051</timestamp>
			</report>
			<report>
				<misses>348200001</misses>
				<total>0</total>
				<timestamp>3031.009202</timestamp>
			</report>
			<report>
				<misses>348300001</misses>
				<total>0</total>
				<timestamp>3031.872204</timestamp>
			</report>
			<report>
				<misses>348400001</misses>
				<total>0</total>
				<timestamp>3032.734324</timestamp>
			</report>
			<report>
				<misses>348500001</misses>
				<total>0</total>
				<timestamp>3033.607749</timestamp>
			</report>
			<report>
				<misses>348600001</misses>
				<total>0</total>
				<timestamp>3034.472282</timestamp>
			</report>
			<report>
				<misses>348700001</misses>
				<total>0</total>
				<timestamp>3035.343305</timestamp>
			</report>
			<report>
				<misses>348800001</misses>
				<total>0</total>
				<timestamp>3036.212330</timestamp>
			</report>
			<report>
				<misses>348900001</misses>
				<total>0</total>
				<timestamp>3037.088404</timestamp>
			</report>
			<report>
				<misses>349000001</misses>
				<total>0</total>
				<timestamp>3037.961180</timestamp>
			</report>
			<report>
				<misses>349100001</misses>
				<total>0</total>
				<timestamp>3038.837281</timestamp>
			</report>
			<report>
				<misses>349200001</misses>
				<total>0</total>
				<timestamp>3039.692425</timestamp>
			</report>
			<report>
				<misses>349300001</misses>
				<total>0</total>
				<timestamp>3040.565415</timestamp>
			</report>
			<report>
				<misses>349400001</misses>
				<total>0</total>
				<timestamp>3041.439290</timestamp>
			</report>
			<report>
				<misses>349500001</misses>
				<total>0</total>
				<timestamp>3042.305651</timestamp>
			</report>
			<report>
				<misses>349600001</misses>
				<total>0</total>
				<timestamp>3043.174752</timestamp>
			</report>
			<report>
				<misses>349700001</misses>
				<total>0</total>
				<timestamp>3044.042746</timestamp>
			</report>
			<report>
				<misses>349800001</misses>
				<total>0</total>
				<timestamp>3044.911948</timestamp>
			</report>
			<report>
				<misses>349900001</misses>
				<total>0</total>
				<timestamp>3045.776241</timestamp>
			</report>
			<report>
				<misses>350000001</misses>
				<total>0</total>
				<timestamp>3046.653704</timestamp>
			</report>
			<report>
				<misses>350100001</misses>
				<total>0</total>
				<timestamp>3047.522831</timestamp>
			</report>
			<report>
				<misses>350200001</misses>
				<total>0</total>
				<timestamp>3048.385901</timestamp>
			</report>
			<report>
				<misses>350300001</misses>
				<total>0</total>
				<timestamp>3049.262175</timestamp>
			</report>
			<report>
				<misses>350400001</misses>
				<total>0</total>
				<timestamp>3050.130049</timestamp>
			</report>
			<report>
				<misses>350500001</misses>
				<total>0</total>
				<timestamp>3050.995296</timestamp>
			</report>
			<report>
				<misses>350600001</misses>
				<total>0</total>
				<timestamp>3051.849932</timestamp>
			</report>
			<report>
				<misses>350700001</misses>
				<total>0</total>
				<timestamp>3052.722978</timestamp>
			</report>
			<report>
				<misses>350800001</misses>
				<total>0</total>
				<timestamp>3053.589374</timestamp>
			</report>
			<report>
				<misses>350900001</misses>
				<total>0</total>
				<timestamp>3054.466312</timestamp>
			</report>
			<report>
				<misses>351000001</misses>
				<total>0</total>
				<timestamp>3055.329538</timestamp>
			</report>
			<report>
				<misses>351100001</misses>
				<total>0</total>
				<timestamp>3056.198152</timestamp>
			</report>
			<report>
				<misses>351200001</misses>
				<total>0</total>
				<timestamp>3057.068517</timestamp>
			</report>
			<report>
				<misses>351300001</misses>
				<total>0</total>
				<timestamp>3057.940258</timestamp>
			</report>
			<report>
				<misses>351400001</misses>
				<total>0</total>
				<timestamp>3058.789752</timestamp>
			</report>
			<report>
				<misses>351500001</misses>
				<total>0</total>
				<timestamp>3059.665889</timestamp>
			</report>
			<report>
				<misses>351600001</misses>
				<total>0</total>
				<timestamp>3060.537149</timestamp>
			</report>
			<report>
				<misses>351700001</misses>
				<total>0</total>
				<timestamp>3061.401270</timestamp>
			</report>
			<report>
				<misses>351800001</misses>
				<total>0</total>
				<timestamp>3062.273444</timestamp>
			</report>
			<report>
				<misses>351900001</misses>
				<total>0</total>
				<timestamp>3063.142018</timestamp>
			</report>
			<report>
				<misses>352000001</misses>
				<total>0</total>
				<timestamp>3064.002623</timestamp>
			</report>
			<report>
				<misses>352100001</misses>
				<total>0</total>
				<timestamp>3064.885882</timestamp>
			</report>
			<report>
				<misses>352200001</misses>
				<total>0</total>
				<timestamp>3065.761802</timestamp>
			</report>
			<report>
				<misses>352300001</misses>
				<total>0</total>
				<timestamp>3066.642658</timestamp>
			</report>
			<report>
				<misses>352400001</misses>
				<total>0</total>
				<timestamp>3067.523187</timestamp>
			</report>
			<report>
				<misses>352500001</misses>
				<total>0</total>
				<timestamp>3068.389293</timestamp>
			</report>
			<report>
				<misses>352600001</misses>
				<total>0</total>
				<timestamp>3069.268357</timestamp>
			</report>
			<report>
				<misses>352700001</misses>
				<total>0</total>
				<timestamp>3070.131928</timestamp>
			</report>
			<report>
				<misses>352800001</misses>
				<total>0</total>
				<timestamp>3071.000666</timestamp>
			</report>
			<report>
				<misses>352900001</misses>
				<total>0</total>
				<timestamp>3071.873616</timestamp>
			</report>
			<report>
				<misses>353000001</misses>
				<total>0</total>
				<timestamp>3072.724594</timestamp>
			</report>
			<report>
				<misses>353100001</misses>
				<total>0</total>
				<timestamp>3073.590646</timestamp>
			</report>
			<report>
				<misses>353200001</misses>
				<total>0</total>
				<timestamp>3074.462398</timestamp>
			</report>
			<report>
				<misses>353300001</misses>
				<total>0</total>
				<timestamp>3075.334743</timestamp>
			</report>
			<report>
				<misses>353400001</misses>
				<total>0</total>
				<timestamp>3076.212361</timestamp>
			</report>
			<report>
				<misses>353500001</misses>
				<total>0</total>
				<timestamp>3077.083413</timestamp>
			</report>
			<report>
				<misses>353600001</misses>
				<total>0</total>
				<timestamp>3077.944452</timestamp>
			</report>
			<report>
				<misses>353700001</misses>
				<total>0</total>
				<timestamp>3078.804103</timestamp>
			</report>
			<report>
				<misses>353800001</misses>
				<total>0</total>
				<timestamp>3079.682926</timestamp>
			</report>
			<report>
				<misses>353900001</misses>
				<total>0</total>
				<timestamp>3080.558791</timestamp>
			</report>
			<report>
				<misses>354000001</misses>
				<total>0</total>
				<timestamp>3081.415352</timestamp>
			</report>
			<report>
				<misses>354100001</misses>
				<total>0</total>
				<timestamp>3082.290192</timestamp>
			</report>
			<report>
				<misses>354200001</misses>
				<total>0</total>
				<timestamp>3083.165668</timestamp>
			</report>
			<report>
				<misses>354300001</misses>
				<total>0</total>
				<timestamp>3084.040760</timestamp>
			</report>
			<report>
				<misses>354400001</misses>
				<total>0</total>
				<timestamp>3084.907631</timestamp>
			</report>
			<report>
				<misses>354500001</misses>
				<total>0</total>
				<timestamp>3085.779992</timestamp>
			</report>
			<report>
				<misses>354600001</misses>
				<total>0</total>
				<timestamp>3086.644678</timestamp>
			</report>
			<report>
				<misses>354700001</misses>
				<total>0</total>
				<timestamp>3087.504231</timestamp>
			</report>
			<report>
				<misses>354800001</misses>
				<total>0</total>
				<timestamp>3088.358061</timestamp>
			</report>
			<report>
				<misses>354900001</misses>
				<total>0</total>
				<timestamp>3089.224809</timestamp>
			</report>
			<report>
				<misses>355000001</misses>
				<total>0</total>
				<timestamp>3090.079283</timestamp>
			</report>
			<report>
				<misses>355100001</misses>
				<total>0</total>
				<timestamp>3090.938185</timestamp>
			</report>
			<report>
				<misses>355200001</misses>
				<total>0</total>
				<timestamp>3091.803454</timestamp>
			</report>
			<report>
				<misses>355300001</misses>
				<total>0</total>
				<timestamp>3092.679934</timestamp>
			</report>
			<report>
				<misses>355400001</misses>
				<total>0</total>
				<timestamp>3093.542367</timestamp>
			</report>
			<report>
				<misses>355500001</misses>
				<total>0</total>
				<timestamp>3094.420247</timestamp>
			</report>
			<report>
				<misses>355600001</misses>
				<total>0</total>
				<timestamp>3095.300743</timestamp>
			</report>
			<report>
				<misses>355700001</misses>
				<total>0</total>
				<timestamp>3096.182650</timestamp>
			</report>
			<report>
				<misses>355800001</misses>
				<total>0</total>
				<timestamp>3097.063827</timestamp>
			</report>
			<report>
				<misses>355900001</misses>
				<total>0</total>
				<timestamp>3097.953814</timestamp>
			</report>
			<report>
				<misses>356000001</misses>
				<total>0</total>
				<timestamp>3098.836733</timestamp>
			</report>
			<report>
				<misses>356100001</misses>
				<total>0</total>
				<timestamp>3099.724442</timestamp>
			</report>
			<report>
				<misses>356200001</misses>
				<total>0</total>
				<timestamp>3100.600447</timestamp>
			</report>
			<report>
				<misses>356300001</misses>
				<total>0</total>
				<timestamp>3101.466064</timestamp>
			</report>
			<report>
				<misses>356400001</misses>
				<total>0</total>
				<timestamp>3102.330937</timestamp>
			</report>
			<report>
				<misses>356500001</misses>
				<total>0</total>
				<timestamp>3103.207742</timestamp>
			</report>
			<report>
				<misses>356600001</misses>
				<total>0</total>
				<timestamp>3104.079519</timestamp>
			</report>
			<report>
				<misses>356700001</misses>
				<total>0</total>
				<timestamp>3104.953461</timestamp>
			</report>
			<report>
				<misses>356800001</misses>
				<total>0</total>
				<timestamp>3105.815685</timestamp>
			</report>
			<report>
				<misses>356900001</misses>
				<total>0</total>
				<timestamp>3106.685603</timestamp>
			</report>
			<report>
				<misses>357000001</misses>
				<total>0</total>
				<timestamp>3107.552497</timestamp>
			</report>
			<report>
				<misses>357100001</misses>
				<total>0</total>
				<timestamp>3108.419712</timestamp>
			</report>
			<report>
				<misses>357200001</misses>
				<total>0</total>
				<timestamp>3109.279105</timestamp>
			</report>
			<report>
				<misses>357300001</misses>
				<total>0</total>
				<timestamp>3110.139658</timestamp>
			</report>
			<report>
				<misses>357400001</misses>
				<total>0</total>
				<timestamp>3111.000743</timestamp>
			</report>
			<report>
				<misses>357500001</misses>
				<total>0</total>
				<timestamp>3111.875258</timestamp>
			</report>
			<report>
				<misses>357600001</misses>
				<total>0</total>
				<timestamp>3112.741599</timestamp>
			</report>
			<report>
				<misses>357700001</misses>
				<total>0</total>
				<timestamp>3113.611278</timestamp>
			</report>
			<report>
				<misses>357800001</misses>
				<total>0</total>
				<timestamp>3114.477387</timestamp>
			</report>
			<report>
				<misses>357900001</misses>
				<total>0</total>
				<timestamp>3115.345999</timestamp>
			</report>
			<report>
				<misses>358000001</misses>
				<total>0</total>
				<timestamp>3116.221187</timestamp>
			</report>
			<report>
				<misses>358100001</misses>
				<total>0</total>
				<timestamp>3117.085264</timestamp>
			</report>
			<report>
				<misses>358200001</misses>
				<total>0</total>
				<timestamp>3117.958288</timestamp>
			</report>
			<report>
				<misses>358300001</misses>
				<total>0</total>
				<timestamp>3118.822552</timestamp>
			</report>
			<report>
				<misses>358400001</misses>
				<total>0</total>
				<timestamp>3119.697311</timestamp>
			</report>
			<report>
				<misses>358500001</misses>
				<total>0</total>
				<timestamp>3120.578893</timestamp>
			</report>
			<report>
				<misses>358600001</misses>
				<total>0</total>
				<timestamp>3121.463841</timestamp>
			</report>
			<report>
				<misses>358700001</misses>
				<total>0</total>
				<timestamp>3122.355405</timestamp>
			</report>
			<report>
				<misses>358800001</misses>
				<total>0</total>
				<timestamp>3123.232874</timestamp>
			</report>
			<report>
				<misses>358900001</misses>
				<total>0</total>
				<timestamp>3124.099404</timestamp>
			</report>
			<report>
				<misses>359000001</misses>
				<total>0</total>
				<timestamp>3124.976686</timestamp>
			</report>
			<report>
				<misses>359100001</misses>
				<total>0</total>
				<timestamp>3125.857252</timestamp>
			</report>
			<report>
				<misses>359200001</misses>
				<total>0</total>
				<timestamp>3126.752456</timestamp>
			</report>
			<report>
				<misses>359300001</misses>
				<total>0</total>
				<timestamp>3127.633830</timestamp>
			</report>
			<report>
				<misses>359400001</misses>
				<total>0</total>
				<timestamp>3128.527762</timestamp>
			</report>
			<report>
				<misses>359500001</misses>
				<total>0</total>
				<timestamp>3129.411149</timestamp>
			</report>
			<report>
				<misses>359600001</misses>
				<total>0</total>
				<timestamp>3130.250234</timestamp>
			</report>
			<report>
				<misses>359700001</misses>
				<total>0</total>
				<timestamp>3131.105834</timestamp>
			</report>
			<report>
				<misses>359800001</misses>
				<total>0</total>
				<timestamp>3131.982402</timestamp>
			</report>
			<report>
				<misses>359900001</misses>
				<total>0</total>
				<timestamp>3132.856206</timestamp>
			</report>
			<report>
				<misses>360000001</misses>
				<total>0</total>
				<timestamp>3133.735592</timestamp>
			</report>
			<report>
				<misses>360100001</misses>
				<total>0</total>
				<timestamp>3134.607150</timestamp>
			</report>
			<report>
				<misses>360200001</misses>
				<total>0</total>
				<timestamp>3135.486301</timestamp>
			</report>
			<report>
				<misses>360300001</misses>
				<total>0</total>
				<timestamp>3136.354921</timestamp>
			</report>
			<report>
				<misses>360400001</misses>
				<total>0</total>
				<timestamp>3137.231737</timestamp>
			</report>
			<report>
				<misses>360500001</misses>
				<total>0</total>
				<timestamp>3138.098505</timestamp>
			</report>
			<report>
				<misses>360600001</misses>
				<total>0</total>
				<timestamp>3138.962608</timestamp>
			</report>
			<report>
				<misses>360700001</misses>
				<total>0</total>
				<timestamp>3139.836862</timestamp>
			</report>
			<report>
				<misses>360800001</misses>
				<total>0</total>
				<timestamp>3140.708475</timestamp>
			</report>
			<report>
				<misses>360900001</misses>
				<total>0</total>
				<timestamp>3141.583832</timestamp>
			</report>
			<report>
				<misses>361000001</misses>
				<total>0</total>
				<timestamp>3142.453723</timestamp>
			</report>
			<report>
				<misses>361100001</misses>
				<total>0</total>
				<timestamp>3143.324288</timestamp>
			</report>
			<report>
				<misses>361200001</misses>
				<total>0</total>
				<timestamp>3144.201457</timestamp>
			</report>
			<report>
				<misses>361300001</misses>
				<total>0</total>
				<timestamp>3145.064557</timestamp>
			</report>
			<report>
				<misses>361400001</misses>
				<total>0</total>
				<timestamp>3145.935039</timestamp>
			</report>
			<report>
				<misses>361500001</misses>
				<total>0</total>
				<timestamp>3146.801388</timestamp>
			</report>
			<report>
				<misses>361600001</misses>
				<total>0</total>
				<timestamp>3147.674817</timestamp>
			</report>
			<report>
				<misses>361700001</misses>
				<total>0</total>
				<timestamp>3148.542839</timestamp>
			</report>
			<report>
				<misses>361800001</misses>
				<total>0</total>
				<timestamp>3149.412673</timestamp>
			</report>
			<report>
				<misses>361900001</misses>
				<total>0</total>
				<timestamp>3150.279355</timestamp>
			</report>
			<report>
				<misses>362000001</misses>
				<total>0</total>
				<timestamp>3151.170094</timestamp>
			</report>
			<report>
				<misses>362100001</misses>
				<total>0</total>
				<timestamp>3152.047802</timestamp>
			</report>
			<report>
				<misses>362200001</misses>
				<total>0</total>
				<timestamp>3152.926434</timestamp>
			</report>
			<report>
				<misses>362300001</misses>
				<total>0</total>
				<timestamp>3153.802337</timestamp>
			</report>
			<report>
				<misses>362400001</misses>
				<total>0</total>
				<timestamp>3154.676887</timestamp>
			</report>
			<report>
				<misses>362500001</misses>
				<total>0</total>
				<timestamp>3155.569072</timestamp>
			</report>
			<report>
				<misses>362600001</misses>
				<total>0</total>
				<timestamp>3156.442361</timestamp>
			</report>
			<report>
				<misses>362700001</misses>
				<total>0</total>
				<timestamp>3157.333742</timestamp>
			</report>
			<report>
				<misses>362800001</misses>
				<total>0</total>
				<timestamp>3158.212956</timestamp>
			</report>
			<report>
				<misses>362900001</misses>
				<total>0</total>
				<timestamp>3159.092108</timestamp>
			</report>
			<report>
				<misses>363000001</misses>
				<total>0</total>
				<timestamp>3159.967414</timestamp>
			</report>
			<report>
				<misses>363100001</misses>
				<total>0</total>
				<timestamp>3160.847241</timestamp>
			</report>
			<report>
				<misses>363200001</misses>
				<total>0</total>
				<timestamp>3161.721931</timestamp>
			</report>
			<report>
				<misses>363300001</misses>
				<total>0</total>
				<timestamp>3162.595485</timestamp>
			</report>
			<report>
				<misses>363400001</misses>
				<total>0</total>
				<timestamp>3163.467862</timestamp>
			</report>
			<report>
				<misses>363500001</misses>
				<total>0</total>
				<timestamp>3164.329651</timestamp>
			</report>
			<report>
				<misses>363600001</misses>
				<total>0</total>
				<timestamp>3165.202000</timestamp>
			</report>
			<report>
				<misses>363700001</misses>
				<total>0</total>
				<timestamp>3166.078561</timestamp>
			</report>
			<report>
				<misses>363800001</misses>
				<total>0</total>
				<timestamp>3166.959406</timestamp>
			</report>
			<report>
				<misses>363900001</misses>
				<total>0</total>
				<timestamp>3167.831018</timestamp>
			</report>
			<report>
				<misses>364000001</misses>
				<total>0</total>
				<timestamp>3168.689020</timestamp>
			</report>
			<report>
				<misses>364100001</misses>
				<total>0</total>
				<timestamp>3169.552848</timestamp>
			</report>
			<report>
				<misses>364200001</misses>
				<total>0</total>
				<timestamp>3170.422172</timestamp>
			</report>
			<report>
				<misses>364300001</misses>
				<total>0</total>
				<timestamp>3171.301281</timestamp>
			</report>
			<report>
				<misses>364400001</misses>
				<total>0</total>
				<timestamp>3172.181581</timestamp>
			</report>
			<report>
				<misses>364500001</misses>
				<total>0</total>
				<timestamp>3173.050369</timestamp>
			</report>
			<report>
				<misses>364600001</misses>
				<total>0</total>
				<timestamp>3173.913357</timestamp>
			</report>
			<report>
				<misses>364700001</misses>
				<total>0</total>
				<timestamp>3174.788264</timestamp>
			</report>
			<report>
				<misses>364800001</misses>
				<total>0</total>
				<timestamp>3175.667922</timestamp>
			</report>
			<report>
				<misses>364900001</misses>
				<total>0</total>
				<timestamp>3176.541855</timestamp>
			</report>
			<report>
				<misses>365000001</misses>
				<total>0</total>
				<timestamp>3177.405049</timestamp>
			</report>
			<report>
				<misses>365100001</misses>
				<total>0</total>
				<timestamp>3178.295465</timestamp>
			</report>
			<report>
				<misses>365200001</misses>
				<total>0</total>
				<timestamp>3179.169515</timestamp>
			</report>
			<report>
				<misses>365300001</misses>
				<total>0</total>
				<timestamp>3180.044255</timestamp>
			</report>
			<report>
				<misses>365400001</misses>
				<total>0</total>
				<timestamp>3180.936755</timestamp>
			</report>
			<report>
				<misses>365500001</misses>
				<total>0</total>
				<timestamp>3181.803676</timestamp>
			</report>
			<report>
				<misses>365600001</misses>
				<total>0</total>
				<timestamp>3182.662967</timestamp>
			</report>
			<report>
				<misses>365700001</misses>
				<total>0</total>
				<timestamp>3183.535538</timestamp>
			</report>
			<report>
				<misses>365800001</misses>
				<total>0</total>
				<timestamp>3184.401424</timestamp>
			</report>
			<report>
				<misses>365900001</misses>
				<total>0</total>
				<timestamp>3185.266921</timestamp>
			</report>
			<report>
				<misses>366000001</misses>
				<total>0</total>
				<timestamp>3186.151594</timestamp>
			</report>
			<report>
				<misses>366100001</misses>
				<total>0</total>
				<timestamp>3187.028500</timestamp>
			</report>
			<report>
				<misses>366200001</misses>
				<total>0</total>
				<timestamp>3187.907557</timestamp>
			</report>
			<report>
				<misses>366300001</misses>
				<total>0</total>
				<timestamp>3188.784521</timestamp>
			</report>
			<report>
				<misses>366400001</misses>
				<total>0</total>
				<timestamp>3189.657473</timestamp>
			</report>
			<report>
				<misses>366500001</misses>
				<total>0</total>
				<timestamp>3190.530858</timestamp>
			</report>
			<report>
				<misses>366600001</misses>
				<total>0</total>
				<timestamp>3191.401440</timestamp>
			</report>
			<report>
				<misses>366700001</misses>
				<total>0</total>
				<timestamp>3192.260833</timestamp>
			</report>
			<report>
				<misses>366800001</misses>
				<total>0</total>
				<timestamp>3193.130869</timestamp>
			</report>
			<report>
				<misses>366900001</misses>
				<total>0</total>
				<timestamp>3194.004938</timestamp>
			</report>
			<report>
				<misses>367000001</misses>
				<total>0</total>
				<timestamp>3194.876486</timestamp>
			</report>
			<report>
				<misses>367100001</misses>
				<total>0</total>
				<timestamp>3195.751690</timestamp>
			</report>
			<report>
				<misses>367200001</misses>
				<total>0</total>
				<timestamp>3196.622723</timestamp>
			</report>
			<report>
				<misses>367300001</misses>
				<total>0</total>
				<timestamp>3197.503704</timestamp>
			</report>
			<report>
				<misses>367400001</misses>
				<total>0</total>
				<timestamp>3198.379009</timestamp>
			</report>
			<report>
				<misses>367500001</misses>
				<total>0</total>
				<timestamp>3199.235994</timestamp>
			</report>
			<report>
				<misses>367600001</misses>
				<total>0</total>
				<timestamp>3200.101373</timestamp>
			</report>
			<report>
				<misses>367700001</misses>
				<total>0</total>
				<timestamp>3200.971898</timestamp>
			</report>
			<report>
				<misses>367800001</misses>
				<total>0</total>
				<timestamp>3201.838628</timestamp>
			</report>
			<report>
				<misses>367900001</misses>
				<total>0</total>
				<timestamp>3202.704308</timestamp>
			</report>
			<report>
				<misses>368000001</misses>
				<total>0</total>
				<timestamp>3203.563988</timestamp>
			</report>
			<report>
				<misses>368100001</misses>
				<total>0</total>
				<timestamp>3204.443727</timestamp>
			</report>
			<report>
				<misses>368200001</misses>
				<total>0</total>
				<timestamp>3205.318120</timestamp>
			</report>
			<report>
				<misses>368300001</misses>
				<total>0</total>
				<timestamp>3206.193525</timestamp>
			</report>
			<report>
				<misses>368400001</misses>
				<total>0</total>
				<timestamp>3207.067295</timestamp>
			</report>
			<report>
				<misses>368500001</misses>
				<total>0</total>
				<timestamp>3207.928556</timestamp>
			</report>
			<report>
				<misses>368600001</misses>
				<total>0</total>
				<timestamp>3208.792989</timestamp>
			</report>
			<report>
				<misses>368700001</misses>
				<total>0</total>
				<timestamp>3209.665197</timestamp>
			</report>
			<report>
				<misses>368800001</misses>
				<total>0</total>
				<timestamp>3210.530445</timestamp>
			</report>
			<report>
				<misses>368900001</misses>
				<total>0</total>
				<timestamp>3211.403424</timestamp>
			</report>
			<report>
				<misses>369000001</misses>
				<total>0</total>
				<timestamp>3212.272888</timestamp>
			</report>
			<report>
				<misses>369100001</misses>
				<total>0</total>
				<timestamp>3213.144264</timestamp>
			</report>
			<report>
				<misses>369200001</misses>
				<total>0</total>
				<timestamp>3214.012645</timestamp>
			</report>
			<report>
				<misses>369300001</misses>
				<total>0</total>
				<timestamp>3214.880420</timestamp>
			</report>
			<report>
				<misses>369400001</misses>
				<total>0</total>
				<timestamp>3215.754185</timestamp>
			</report>
			<report>
				<misses>369500001</misses>
				<total>0</total>
				<timestamp>3216.637091</timestamp>
			</report>
			<report>
				<misses>369600001</misses>
				<total>0</total>
				<timestamp>3217.516029</timestamp>
			</report>
			<report>
				<misses>369700001</misses>
				<total>0</total>
				<timestamp>3218.403281</timestamp>
			</report>
			<report>
				<misses>369800001</misses>
				<total>0</total>
				<timestamp>3219.288633</timestamp>
			</report>
			<report>
				<misses>369900001</misses>
				<total>0</total>
				<timestamp>3220.170141</timestamp>
			</report>
			<report>
				<misses>370000001</misses>
				<total>0</total>
				<timestamp>3221.040289</timestamp>
			</report>
			<report>
				<misses>370100001</misses>
				<total>0</total>
				<timestamp>3221.901995</timestamp>
			</report>
			<report>
				<misses>370200001</misses>
				<total>0</total>
				<timestamp>3222.773408</timestamp>
			</report>
			<report>
				<misses>370300001</misses>
				<total>0</total>
				<timestamp>3223.636412</timestamp>
			</report>
			<report>
				<misses>370400001</misses>
				<total>0</total>
				<timestamp>3224.512066</timestamp>
			</report>
			<report>
				<misses>370500001</misses>
				<total>0</total>
				<timestamp>3225.379645</timestamp>
			</report>
			<report>
				<misses>370600001</misses>
				<total>0</total>
				<timestamp>3226.251130</timestamp>
			</report>
			<report>
				<misses>370700001</misses>
				<total>0</total>
				<timestamp>3227.129869</timestamp>
			</report>
			<report>
				<misses>370800001</misses>
				<total>0</total>
				<timestamp>3227.992752</timestamp>
			</report>
			<report>
				<misses>370900001</misses>
				<total>0</total>
				<timestamp>3228.856138</timestamp>
			</report>
			<report>
				<misses>371000001</misses>
				<total>0</total>
				<timestamp>3229.716514</timestamp>
			</report>
			<report>
				<misses>371100001</misses>
				<total>0</total>
				<timestamp>3230.593718</timestamp>
			</report>
			<report>
				<misses>371200001</misses>
				<total>0</total>
				<timestamp>3231.458026</timestamp>
			</report>
			<report>
				<misses>371300001</misses>
				<total>0</total>
				<timestamp>3232.321487</timestamp>
			</report>
			<report>
				<misses>371400001</misses>
				<total>0</total>
				<timestamp>3233.179914</timestamp>
			</report>
			<report>
				<misses>371500001</misses>
				<total>0</total>
				<timestamp>3234.048181</timestamp>
			</report>
			<report>
				<misses>371600001</misses>
				<total>0</total>
				<timestamp>3234.919131</timestamp>
			</report>
			<report>
				<misses>371700001</misses>
				<total>0</total>
				<timestamp>3235.785734</timestamp>
			</report>
			<report>
				<misses>371800001</misses>
				<total>0</total>
				<timestamp>3236.651337</timestamp>
			</report>
			<report>
				<misses>371900001</misses>
				<total>0</total>
				<timestamp>3237.518451</timestamp>
			</report>
			<report>
				<misses>372000001</misses>
				<total>0</total>
				<timestamp>3238.400913</timestamp>
			</report>
			<report>
				<misses>372100001</misses>
				<total>0</total>
				<timestamp>3239.273529</timestamp>
			</report>
			<report>
				<misses>372200001</misses>
				<total>0</total>
				<timestamp>3240.142203</timestamp>
			</report>
			<report>
				<misses>372300001</misses>
				<total>0</total>
				<timestamp>3241.015303</timestamp>
			</report>
			<report>
				<misses>372400001</misses>
				<total>0</total>
				<timestamp>3241.879150</timestamp>
			</report>
			<report>
				<misses>372500001</misses>
				<total>0</total>
				<timestamp>3242.743318</timestamp>
			</report>
			<report>
				<misses>372600001</misses>
				<total>0</total>
				<timestamp>3243.595475</timestamp>
			</report>
			<report>
				<misses>372700001</misses>
				<total>0</total>
				<timestamp>3244.473588</timestamp>
			</report>
			<report>
				<misses>372800001</misses>
				<total>0</total>
				<timestamp>3245.341214</timestamp>
			</report>
			<report>
				<misses>372900001</misses>
				<total>0</total>
				<timestamp>3246.225808</timestamp>
			</report>
			<report>
				<misses>373000001</misses>
				<total>0</total>
				<timestamp>3247.110820</timestamp>
			</report>
			<report>
				<misses>373100001</misses>
				<total>0</total>
				<timestamp>3247.988487</timestamp>
			</report>
			<report>
				<misses>373200001</misses>
				<total>0</total>
				<timestamp>3248.863049</timestamp>
			</report>
			<report>
				<misses>373300001</misses>
				<total>0</total>
				<timestamp>3249.743242</timestamp>
			</report>
			<report>
				<misses>373400001</misses>
				<total>0</total>
				<timestamp>3250.623007</timestamp>
			</report>
			<report>
				<misses>373500001</misses>
				<total>0</total>
				<timestamp>3251.481142</timestamp>
			</report>
			<report>
				<misses>373600001</misses>
				<total>0</total>
				<timestamp>3252.348813</timestamp>
			</report>
			<report>
				<misses>373700001</misses>
				<total>0</total>
				<timestamp>3253.223932</timestamp>
			</report>
			<report>
				<misses>373800001</misses>
				<total>0</total>
				<timestamp>3254.092774</timestamp>
			</report>
			<report>
				<misses>373900001</misses>
				<total>0</total>
				<timestamp>3254.957970</timestamp>
			</report>
			<report>
				<misses>374000001</misses>
				<total>0</total>
				<timestamp>3255.836536</timestamp>
			</report>
			<report>
				<misses>374100001</misses>
				<total>0</total>
				<timestamp>3256.702962</timestamp>
			</report>
			<report>
				<misses>374200001</misses>
				<total>0</total>
				<timestamp>3257.567611</timestamp>
			</report>
			<report>
				<misses>374300001</misses>
				<total>0</total>
				<timestamp>3258.447659</timestamp>
			</report>
			<report>
				<misses>374400001</misses>
				<total>0</total>
				<timestamp>3259.321609</timestamp>
			</report>
			<report>
				<misses>374500001</misses>
				<total>0</total>
				<timestamp>3260.197355</timestamp>
			</report>
			<report>
				<misses>374600001</misses>
				<total>0</total>
				<timestamp>3261.067880</timestamp>
			</report>
			<report>
				<misses>374700001</misses>
				<total>0</total>
				<timestamp>3261.926367</timestamp>
			</report>
			<report>
				<misses>374800001</misses>
				<total>0</total>
				<timestamp>3262.802303</timestamp>
			</report>
			<report>
				<misses>374900001</misses>
				<total>0</total>
				<timestamp>3263.675673</timestamp>
			</report>
			<report>
				<misses>375000001</misses>
				<total>0</total>
				<timestamp>3264.543137</timestamp>
			</report>
			<report>
				<misses>375100001</misses>
				<total>0</total>
				<timestamp>3265.420149</timestamp>
			</report>
			<report>
				<misses>375200001</misses>
				<total>0</total>
				<timestamp>3266.299020</timestamp>
			</report>
			<report>
				<misses>375300001</misses>
				<total>0</total>
				<timestamp>3267.171700</timestamp>
			</report>
			<report>
				<misses>375400001</misses>
				<total>0</total>
				<timestamp>3268.032829</timestamp>
			</report>
			<report>
				<misses>375500001</misses>
				<total>0</total>
				<timestamp>3268.898554</timestamp>
			</report>
			<report>
				<misses>375600001</misses>
				<total>0</total>
				<timestamp>3269.768752</timestamp>
			</report>
			<report>
				<misses>375700001</misses>
				<total>0</total>
				<timestamp>3270.638119</timestamp>
			</report>
			<report>
				<misses>375800001</misses>
				<total>0</total>
				<timestamp>3271.516990</timestamp>
			</report>
			<report>
				<misses>375900001</misses>
				<total>0</total>
				<timestamp>3272.392271</timestamp>
			</report>
			<report>
				<misses>376000001</misses>
				<total>0</total>
				<timestamp>3273.249586</timestamp>
			</report>
			<report>
				<misses>376100001</misses>
				<total>0</total>
				<timestamp>3274.111704</timestamp>
			</report>
			<report>
				<misses>376200001</misses>
				<total>0</total>
				<timestamp>3274.993935</timestamp>
			</report>
			<report>
				<misses>376300001</misses>
				<total>0</total>
				<timestamp>3275.873953</timestamp>
			</report>
			<report>
				<misses>376400001</misses>
				<total>0</total>
				<timestamp>3276.752176</timestamp>
			</report>
			<report>
				<misses>376500001</misses>
				<total>0</total>
				<timestamp>3277.629828</timestamp>
			</report>
			<report>
				<misses>376600001</misses>
				<total>0</total>
				<timestamp>3278.507350</timestamp>
			</report>
			<report>
				<misses>376700001</misses>
				<total>0</total>
				<timestamp>3279.390113</timestamp>
			</report>
			<report>
				<misses>376800001</misses>
				<total>0</total>
				<timestamp>3280.270179</timestamp>
			</report>
			<report>
				<misses>376900001</misses>
				<total>0</total>
				<timestamp>3281.152334</timestamp>
			</report>
			<report>
				<misses>377000001</misses>
				<total>0</total>
				<timestamp>3282.015839</timestamp>
			</report>
			<report>
				<misses>377100001</misses>
				<total>0</total>
				<timestamp>3282.885888</timestamp>
			</report>
			<report>
				<misses>377200001</misses>
				<total>0</total>
				<timestamp>3283.756432</timestamp>
			</report>
			<report>
				<misses>377300001</misses>
				<total>0</total>
				<timestamp>3284.623620</timestamp>
			</report>
			<report>
				<misses>377400001</misses>
				<total>0</total>
				<timestamp>3285.495173</timestamp>
			</report>
			<report>
				<misses>377500001</misses>
				<total>0</total>
				<timestamp>3286.367938</timestamp>
			</report>
			<report>
				<misses>377600001</misses>
				<total>0</total>
				<timestamp>3287.245809</timestamp>
			</report>
			<report>
				<misses>377700001</misses>
				<total>0</total>
				<timestamp>3288.114466</timestamp>
			</report>
			<report>
				<misses>377800001</misses>
				<total>0</total>
				<timestamp>3288.986833</timestamp>
			</report>
			<report>
				<misses>377900001</misses>
				<total>0</total>
				<timestamp>3289.851608</timestamp>
			</report>
			<report>
				<misses>378000001</misses>
				<total>0</total>
				<timestamp>3290.720902</timestamp>
			</report>
			<report>
				<misses>378100001</misses>
				<total>0</total>
				<timestamp>3291.590054</timestamp>
			</report>
			<report>
				<misses>378200001</misses>
				<total>0</total>
				<timestamp>3292.453977</timestamp>
			</report>
			<report>
				<misses>378300001</misses>
				<total>0</total>
				<timestamp>3293.315944</timestamp>
			</report>
			<report>
				<misses>378400001</misses>
				<total>0</total>
				<timestamp>3294.185103</timestamp>
			</report>
			<report>
				<misses>378500001</misses>
				<total>0</total>
				<timestamp>3295.053693</timestamp>
			</report>
			<report>
				<misses>378600001</misses>
				<total>0</total>
				<timestamp>3295.925747</timestamp>
			</report>
			<report>
				<misses>378700001</misses>
				<total>0</total>
				<timestamp>3296.790980</timestamp>
			</report>
			<report>
				<misses>378800001</misses>
				<total>0</total>
				<timestamp>3297.645432</timestamp>
			</report>
			<report>
				<misses>378900001</misses>
				<total>0</total>
				<timestamp>3298.519301</timestamp>
			</report>
			<report>
				<misses>379000001</misses>
				<total>0</total>
				<timestamp>3299.381042</timestamp>
			</report>
			<report>
				<misses>379100001</misses>
				<total>0</total>
				<timestamp>3300.256815</timestamp>
			</report>
			<report>
				<misses>379200001</misses>
				<total>0</total>
				<timestamp>3301.129990</timestamp>
			</report>
			<report>
				<misses>379300001</misses>
				<total>0</total>
				<timestamp>3302.002737</timestamp>
			</report>
			<report>
				<misses>379400001</misses>
				<total>0</total>
				<timestamp>3302.868203</timestamp>
			</report>
			<report>
				<misses>379500001</misses>
				<total>0</total>
				<timestamp>3303.719222</timestamp>
			</report>
			<report>
				<misses>379600001</misses>
				<total>0</total>
				<timestamp>3304.590343</timestamp>
			</report>
			<report>
				<misses>379700001</misses>
				<total>0</total>
				<timestamp>3305.460447</timestamp>
			</report>
			<report>
				<misses>379800001</misses>
				<total>0</total>
				<timestamp>3306.344910</timestamp>
			</report>
			<report>
				<misses>379900001</misses>
				<total>0</total>
				<timestamp>3307.223810</timestamp>
			</report>
			<report>
				<misses>380000001</misses>
				<total>0</total>
				<timestamp>3308.109222</timestamp>
			</report>
			<report>
				<misses>380100001</misses>
				<total>0</total>
				<timestamp>3308.981336</timestamp>
			</report>
			<report>
				<misses>380200001</misses>
				<total>0</total>
				<timestamp>3309.866204</timestamp>
			</report>
			<report>
				<misses>380300001</misses>
				<total>0</total>
				<timestamp>3310.744345</timestamp>
			</report>
			<report>
				<misses>380400001</misses>
				<total>0</total>
				<timestamp>3311.612622</timestamp>
			</report>
			<report>
				<misses>380500001</misses>
				<total>0</total>
				<timestamp>3312.476112</timestamp>
			</report>
			<report>
				<misses>380600001</misses>
				<total>0</total>
				<timestamp>3313.356785</timestamp>
			</report>
			<report>
				<misses>380700001</misses>
				<total>0</total>
				<timestamp>3314.233732</timestamp>
			</report>
			<report>
				<misses>380800001</misses>
				<total>0</total>
				<timestamp>3315.110778</timestamp>
			</report>
			<report>
				<misses>380900001</misses>
				<total>0</total>
				<timestamp>3315.981409</timestamp>
			</report>
			<report>
				<misses>381000001</misses>
				<total>0</total>
				<timestamp>3316.849426</timestamp>
			</report>
			<report>
				<misses>381100001</misses>
				<total>0</total>
				<timestamp>3317.714341</timestamp>
			</report>
			<report>
				<misses>381200001</misses>
				<total>0</total>
				<timestamp>3318.585832</timestamp>
			</report>
			<report>
				<misses>381300001</misses>
				<total>0</total>
				<timestamp>3319.467330</timestamp>
			</report>
			<report>
				<misses>381400001</misses>
				<total>0</total>
				<timestamp>3320.341109</timestamp>
			</report>
			<report>
				<misses>381500001</misses>
				<total>0</total>
				<timestamp>3321.211910</timestamp>
			</report>
			<report>
				<misses>381600001</misses>
				<total>0</total>
				<timestamp>3322.075668</timestamp>
			</report>
			<report>
				<misses>381700001</misses>
				<total>0</total>
				<timestamp>3322.948033</timestamp>
			</report>
			<report>
				<misses>381800001</misses>
				<total>0</total>
				<timestamp>3323.805776</timestamp>
			</report>
			<report>
				<misses>381900001</misses>
				<total>0</total>
				<timestamp>3324.672753</timestamp>
			</report>
			<report>
				<misses>382000001</misses>
				<total>0</total>
				<timestamp>3325.537752</timestamp>
			</report>
			<report>
				<misses>382100001</misses>
				<total>0</total>
				<timestamp>3326.411979</timestamp>
			</report>
			<report>
				<misses>382200001</misses>
				<total>0</total>
				<timestamp>3327.293536</timestamp>
			</report>
			<report>
				<misses>382300001</misses>
				<total>0</total>
				<timestamp>3328.153476</timestamp>
			</report>
			<report>
				<misses>382400001</misses>
				<total>0</total>
				<timestamp>3329.022938</timestamp>
			</report>
			<report>
				<misses>382500001</misses>
				<total>0</total>
				<timestamp>3329.896822</timestamp>
			</report>
			<report>
				<misses>382600001</misses>
				<total>0</total>
				<timestamp>3330.772509</timestamp>
			</report>
			<report>
				<misses>382700001</misses>
				<total>0</total>
				<timestamp>3331.641206</timestamp>
			</report>
			<report>
				<misses>382800001</misses>
				<total>0</total>
				<timestamp>3332.518346</timestamp>
			</report>
			<report>
				<misses>382900001</misses>
				<total>0</total>
				<timestamp>3333.393152</timestamp>
			</report>
			<report>
				<misses>383000001</misses>
				<total>0</total>
				<timestamp>3334.275921</timestamp>
			</report>
			<report>
				<misses>383100001</misses>
				<total>0</total>
				<timestamp>3335.144775</timestamp>
			</report>
			<report>
				<misses>383200001</misses>
				<total>0</total>
				<timestamp>3336.017185</timestamp>
			</report>
			<report>
				<misses>383300001</misses>
				<total>0</total>
				<timestamp>3336.885297</timestamp>
			</report>
			<report>
				<misses>383400001</misses>
				<total>0</total>
				<timestamp>3337.755590</timestamp>
			</report>
			<report>
				<misses>383500001</misses>
				<total>0</total>
				<timestamp>3338.634848</timestamp>
			</report>
			<report>
				<misses>383600001</misses>
				<total>0</total>
				<timestamp>3339.515029</timestamp>
			</report>
			<report>
				<misses>383700001</misses>
				<total>0</total>
				<timestamp>3340.389629</timestamp>
			</report>
			<report>
				<misses>383800001</misses>
				<total>0</total>
				<timestamp>3341.268788</timestamp>
			</report>
			<report>
				<misses>383900001</misses>
				<total>0</total>
				<timestamp>3342.134015</timestamp>
			</report>
			<report>
				<misses>384000001</misses>
				<total>0</total>
				<timestamp>3342.999769</timestamp>
			</report>
			<report>
				<misses>384100001</misses>
				<total>0</total>
				<timestamp>3343.864409</timestamp>
			</report>
			<report>
				<misses>384200001</misses>
				<total>0</total>
				<timestamp>3344.747829</timestamp>
			</report>
			<report>
				<misses>384300001</misses>
				<total>0</total>
				<timestamp>3345.604127</timestamp>
			</report>
			<report>
				<misses>384400001</misses>
				<total>0</total>
				<timestamp>3346.468098</timestamp>
			</report>
			<report>
				<misses>384500001</misses>
				<total>0</total>
				<timestamp>3347.344345</timestamp>
			</report>
			<report>
				<misses>384600001</misses>
				<total>0</total>
				<timestamp>3348.217527</timestamp>
			</report>
			<report>
				<misses>384700001</misses>
				<total>0</total>
				<timestamp>3349.100228</timestamp>
			</report>
			<report>
				<misses>384800001</misses>
				<total>0</total>
				<timestamp>3349.981982</timestamp>
			</report>
			<report>
				<misses>384900001</misses>
				<total>0</total>
				<timestamp>3350.850650</timestamp>
			</report>
			<report>
				<misses>385000001</misses>
				<total>0</total>
				<timestamp>3351.723999</timestamp>
			</report>
			<report>
				<misses>385100001</misses>
				<total>0</total>
				<timestamp>3352.603770</timestamp>
			</report>
			<report>
				<misses>385200001</misses>
				<total>0</total>
				<timestamp>3353.474405</timestamp>
			</report>
			<report>
				<misses>385300001</misses>
				<total>0</total>
				<timestamp>3354.344598</timestamp>
			</report>
			<report>
				<misses>385400001</misses>
				<total>0</total>
				<timestamp>3355.203569</timestamp>
			</report>
			<report>
				<misses>385500001</misses>
				<total>0</total>
				<timestamp>3356.073982</timestamp>
			</report>
			<report>
				<misses>385600001</misses>
				<total>0</total>
				<timestamp>3356.941763</timestamp>
			</report>
			<report>
				<misses>385700001</misses>
				<total>0</total>
				<timestamp>3357.803675</timestamp>
			</report>
			<report>
				<misses>385800001</misses>
				<total>0</total>
				<timestamp>3358.688405</timestamp>
			</report>
			<report>
				<misses>385900001</misses>
				<total>0</total>
				<timestamp>3359.550934</timestamp>
			</report>
			<report>
				<misses>386000001</misses>
				<total>0</total>
				<timestamp>3360.417935</timestamp>
			</report>
			<report>
				<misses>386100001</misses>
				<total>0</total>
				<timestamp>3361.287200</timestamp>
			</report>
			<report>
				<misses>386200001</misses>
				<total>0</total>
				<timestamp>3362.148417</timestamp>
			</report>
			<report>
				<misses>386300001</misses>
				<total>0</total>
				<timestamp>3363.018027</timestamp>
			</report>
			<report>
				<misses>386400001</misses>
				<total>0</total>
				<timestamp>3363.877737</timestamp>
			</report>
			<report>
				<misses>386500001</misses>
				<total>0</total>
				<timestamp>3364.751642</timestamp>
			</report>
			<report>
				<misses>386600001</misses>
				<total>0</total>
				<timestamp>3365.611635</timestamp>
			</report>
			<report>
				<misses>386700001</misses>
				<total>0</total>
				<timestamp>3366.500851</timestamp>
			</report>
			<report>
				<misses>386800001</misses>
				<total>0</total>
				<timestamp>3367.379882</timestamp>
			</report>
			<report>
				<misses>386900001</misses>
				<total>0</total>
				<timestamp>3368.245777</timestamp>
			</report>
			<report>
				<misses>387000001</misses>
				<total>0</total>
				<timestamp>3369.128804</timestamp>
			</report>
			<report>
				<misses>387100001</misses>
				<total>0</total>
				<timestamp>3370.008577</timestamp>
			</report>
			<report>
				<misses>387200001</misses>
				<total>0</total>
				<timestamp>3370.879506</timestamp>
			</report>
			<report>
				<misses>387300001</misses>
				<total>0</total>
				<timestamp>3371.760068</timestamp>
			</report>
			<report>
				<misses>387400001</misses>
				<total>0</total>
				<timestamp>3372.630628</timestamp>
			</report>
			<report>
				<misses>387500001</misses>
				<total>0</total>
				<timestamp>3373.501036</timestamp>
			</report>
			<report>
				<misses>387600001</misses>
				<total>0</total>
				<timestamp>3374.378953</timestamp>
			</report>
			<report>
				<misses>387700001</misses>
				<total>0</total>
				<timestamp>3375.254526</timestamp>
			</report>
			<report>
				<misses>387800001</misses>
				<total>0</total>
				<timestamp>3376.114099</timestamp>
			</report>
			<report>
				<misses>387900001</misses>
				<total>0</total>
				<timestamp>3376.992784</timestamp>
			</report>
			<report>
				<misses>388000001</misses>
				<total>0</total>
				<timestamp>3377.869339</timestamp>
			</report>
			<report>
				<misses>388100001</misses>
				<total>0</total>
				<timestamp>3378.733473</timestamp>
			</report>
			<report>
				<misses>388200001</misses>
				<total>0</total>
				<timestamp>3379.599379</timestamp>
			</report>
			<report>
				<misses>388300001</misses>
				<total>0</total>
				<timestamp>3380.473611</timestamp>
			</report>
			<report>
				<misses>388400001</misses>
				<total>0</total>
				<timestamp>3381.332128</timestamp>
			</report>
			<report>
				<misses>388500001</misses>
				<total>0</total>
				<timestamp>3382.189676</timestamp>
			</report>
			<report>
				<misses>388600001</misses>
				<total>0</total>
				<timestamp>3383.057131</timestamp>
			</report>
			<report>
				<misses>388700001</misses>
				<total>0</total>
				<timestamp>3383.918890</timestamp>
			</report>
			<report>
				<misses>388800001</misses>
				<total>0</total>
				<timestamp>3384.783533</timestamp>
			</report>
			<report>
				<misses>388900001</misses>
				<total>0</total>
				<timestamp>3385.658879</timestamp>
			</report>
			<report>
				<misses>389000001</misses>
				<total>0</total>
				<timestamp>3386.524977</timestamp>
			</report>
			<report>
				<misses>389100001</misses>
				<total>0</total>
				<timestamp>3387.397623</timestamp>
			</report>
			<report>
				<misses>389200001</misses>
				<total>0</total>
				<timestamp>3388.259078</timestamp>
			</report>
			<report>
				<misses>389300001</misses>
				<total>0</total>
				<timestamp>3389.124039</timestamp>
			</report>
			<report>
				<misses>389400001</misses>
				<total>0</total>
				<timestamp>3389.993049</timestamp>
			</report>
			<report>
				<misses>389500001</misses>
				<total>0</total>
				<timestamp>3390.868751</timestamp>
			</report>
			<report>
				<misses>389600001</misses>
				<total>0</total>
				<timestamp>3391.725980</timestamp>
			</report>
			<report>
				<misses>389700001</misses>
				<total>0</total>
				<timestamp>3392.602233</timestamp>
			</report>
			<report>
				<misses>389800001</misses>
				<total>0</total>
				<timestamp>3393.485722</timestamp>
			</report>
			<report>
				<misses>389900001</misses>
				<total>0</total>
				<timestamp>3394.358439</timestamp>
			</report>
			<report>
				<misses>390000001</misses>
				<total>0</total>
				<timestamp>3395.250378</timestamp>
			</report>
			<report>
				<misses>390100001</misses>
				<total>0</total>
				<timestamp>3396.137866</timestamp>
			</report>
			<report>
				<misses>390200001</misses>
				<total>0</total>
				<timestamp>3397.016124</timestamp>
			</report>
			<report>
				<misses>390300001</misses>
				<total>0</total>
				<timestamp>3397.893047</timestamp>
			</report>
			<report>
				<misses>390400001</misses>
				<total>0</total>
				<timestamp>3398.763260</timestamp>
			</report>
			<report>
				<misses>390500001</misses>
				<total>0</total>
				<timestamp>3399.637425</timestamp>
			</report>
			<report>
				<misses>390600001</misses>
				<total>0</total>
				<timestamp>3400.513991</timestamp>
			</report>
			<report>
				<misses>390700001</misses>
				<total>0</total>
				<timestamp>3401.387105</timestamp>
			</report>
			<report>
				<misses>390800001</misses>
				<total>0</total>
				<timestamp>3402.260976</timestamp>
			</report>
			<report>
				<misses>390900001</misses>
				<total>0</total>
				<timestamp>3403.140523</timestamp>
			</report>
			<report>
				<misses>391000001</misses>
				<total>0</total>
				<timestamp>3404.012110</timestamp>
			</report>
			<report>
				<misses>391100001</misses>
				<total>0</total>
				<timestamp>3404.893195</timestamp>
			</report>
			<report>
				<misses>391200001</misses>
				<total>0</total>
				<timestamp>3405.762893</timestamp>
			</report>
			<report>
				<misses>391300001</misses>
				<total>0</total>
				<timestamp>3406.618054</timestamp>
			</report>
			<report>
				<misses>391400001</misses>
				<total>0</total>
				<timestamp>3407.487869</timestamp>
			</report>
			<report>
				<misses>391500001</misses>
				<total>0</total>
				<timestamp>3408.358257</timestamp>
			</report>
			<report>
				<misses>391600001</misses>
				<total>0</total>
				<timestamp>3409.221986</timestamp>
			</report>
			<report>
				<misses>391700001</misses>
				<total>0</total>
				<timestamp>3410.096062</timestamp>
			</report>
			<report>
				<misses>391800001</misses>
				<total>0</total>
				<timestamp>3410.960957</timestamp>
			</report>
			<report>
				<misses>391900001</misses>
				<total>0</total>
				<timestamp>3411.830195</timestamp>
			</report>
			<report>
				<misses>392000001</misses>
				<total>0</total>
				<timestamp>3412.704357</timestamp>
			</report>
			<report>
				<misses>392100001</misses>
				<total>0</total>
				<timestamp>3413.569592</timestamp>
			</report>
			<report>
				<misses>392200001</misses>
				<total>0</total>
				<timestamp>3414.444824</timestamp>
			</report>
			<report>
				<misses>392300001</misses>
				<total>0</total>
				<timestamp>3415.313565</timestamp>
			</report>
			<report>
				<misses>392400001</misses>
				<total>0</total>
				<timestamp>3416.182664</timestamp>
			</report>
			<report>
				<misses>392500001</misses>
				<total>0</total>
				<timestamp>3417.037118</timestamp>
			</report>
			<report>
				<misses>392600001</misses>
				<total>0</total>
				<timestamp>3417.888546</timestamp>
			</report>
			<report>
				<misses>392700001</misses>
				<total>0</total>
				<timestamp>3418.754036</timestamp>
			</report>
			<report>
				<misses>392800001</misses>
				<total>0</total>
				<timestamp>3419.633013</timestamp>
			</report>
			<report>
				<misses>392900001</misses>
				<total>0</total>
				<timestamp>3420.517833</timestamp>
			</report>
			<report>
				<misses>393000001</misses>
				<total>0</total>
				<timestamp>3421.399385</timestamp>
			</report>
			<report>
				<misses>393100001</misses>
				<total>0</total>
				<timestamp>3422.271948</timestamp>
			</report>
			<report>
				<misses>393200001</misses>
				<total>0</total>
				<timestamp>3423.149620</timestamp>
			</report>
			<report>
				<misses>393300001</misses>
				<total>0</total>
				<timestamp>3424.026730</timestamp>
			</report>
			<report>
				<misses>393400001</misses>
				<total>0</total>
				<timestamp>3424.894274</timestamp>
			</report>
			<report>
				<misses>393500001</misses>
				<total>0</total>
				<timestamp>3425.763410</timestamp>
			</report>
			<report>
				<misses>393600001</misses>
				<total>0</total>
				<timestamp>3426.636319</timestamp>
			</report>
			<report>
				<misses>393700001</misses>
				<total>0</total>
				<timestamp>3427.512427</timestamp>
			</report>
			<report>
				<misses>393800001</misses>
				<total>0</total>
				<timestamp>3428.375604</timestamp>
			</report>
			<report>
				<misses>393900001</misses>
				<total>0</total>
				<timestamp>3429.235996</timestamp>
			</report>
			<report>
				<misses>394000001</misses>
				<total>0</total>
				<timestamp>3430.107862</timestamp>
			</report>
			<report>
				<misses>394100001</misses>
				<total>0</total>
				<timestamp>3430.964859</timestamp>
			</report>
			<report>
				<misses>394200001</misses>
				<total>0</total>
				<timestamp>3431.835107</timestamp>
			</report>
			<report>
				<misses>394300001</misses>
				<total>0</total>
				<timestamp>3432.704183</timestamp>
			</report>
			<report>
				<misses>394400001</misses>
				<total>0</total>
				<timestamp>3433.578877</timestamp>
			</report>
			<report>
				<misses>394500001</misses>
				<total>0</total>
				<timestamp>3434.444132</timestamp>
			</report>
			<report>
				<misses>394600001</misses>
				<total>0</total>
				<timestamp>3435.312956</timestamp>
			</report>
			<report>
				<misses>394700001</misses>
				<total>0</total>
				<timestamp>3436.165791</timestamp>
			</report>
			<report>
				<misses>394800001</misses>
				<total>0</total>
				<timestamp>3437.014879</timestamp>
			</report>
			<report>
				<misses>394900001</misses>
				<total>0</total>
				<timestamp>3437.850831</timestamp>
			</report>
			<report>
				<misses>395000001</misses>
				<total>0</total>
				<timestamp>3438.686443</timestamp>
			</report>
			<report>
				<misses>395100001</misses>
				<total>0</total>
				<timestamp>3439.515608</timestamp>
			</report>
			<report>
				<misses>395200001</misses>
				<total>0</total>
				<timestamp>3440.362836</timestamp>
			</report>
			<report>
				<misses>395300001</misses>
				<total>0</total>
				<timestamp>3441.200944</timestamp>
			</report>
			<report>
				<misses>395400001</misses>
				<total>0</total>
				<timestamp>3442.038568</timestamp>
			</report>
			<report>
				<misses>395500001</misses>
				<total>0</total>
				<timestamp>3442.877277</timestamp>
			</report>
			<report>
				<misses>395600001</misses>
				<total>0</total>
				<timestamp>3443.757377</timestamp>
			</report>
			<report>
				<misses>395700001</misses>
				<total>0</total>
				<timestamp>3444.623366</timestamp>
			</report>
			<report>
				<misses>395800001</misses>
				<total>0</total>
				<timestamp>3445.497799</timestamp>
			</report>
			<report>
				<misses>395900001</misses>
				<total>0</total>
				<timestamp>3446.379785</timestamp>
			</report>
			<report>
				<misses>396000001</misses>
				<total>0</total>
				<timestamp>3447.272527</timestamp>
			</report>
			<report>
				<misses>396100001</misses>
				<total>0</total>
				<timestamp>3448.150833</timestamp>
			</report>
			<report>
				<misses>396200001</misses>
				<total>0</total>
				<timestamp>3449.033172</timestamp>
			</report>
			<report>
				<misses>396300001</misses>
				<total>0</total>
				<timestamp>3449.909214</timestamp>
			</report>
			<report>
				<misses>396400001</misses>
				<total>0</total>
				<timestamp>3450.786511</timestamp>
			</report>
			<report>
				<misses>396500001</misses>
				<total>0</total>
				<timestamp>3451.655270</timestamp>
			</report>
			<report>
				<misses>396600001</misses>
				<total>0</total>
				<timestamp>3452.513691</timestamp>
			</report>
			<report>
				<misses>396700001</misses>
				<total>0</total>
				<timestamp>3453.382499</timestamp>
			</report>
			<report>
				<misses>396800001</misses>
				<total>0</total>
				<timestamp>3454.260363</timestamp>
			</report>
			<report>
				<misses>396900001</misses>
				<total>0</total>
				<timestamp>3455.123602</timestamp>
			</report>
			<report>
				<misses>397000001</misses>
				<total>0</total>
				<timestamp>3455.991320</timestamp>
			</report>
			<report>
				<misses>397100001</misses>
				<total>0</total>
				<timestamp>3456.844252</timestamp>
			</report>
			<report>
				<misses>397200001</misses>
				<total>0</total>
				<timestamp>3457.719800</timestamp>
			</report>
			<report>
				<misses>397300001</misses>
				<total>0</total>
				<timestamp>3458.577163</timestamp>
			</report>
			<report>
				<misses>397400001</misses>
				<total>0</total>
				<timestamp>3459.452814</timestamp>
			</report>
			<report>
				<misses>397500001</misses>
				<total>0</total>
				<timestamp>3460.327215</timestamp>
			</report>
			<report>
				<misses>397600001</misses>
				<total>0</total>
				<timestamp>3461.187411</timestamp>
			</report>
			<report>
				<misses>397700001</misses>
				<total>0</total>
				<timestamp>3462.063858</timestamp>
			</report>
			<report>
				<misses>397800001</misses>
				<total>0</total>
				<timestamp>3462.943210</timestamp>
			</report>
			<report>
				<misses>397900001</misses>
				<total>0</total>
				<timestamp>3463.822422</timestamp>
			</report>
			<report>
				<misses>398000001</misses>
				<total>0</total>
				<timestamp>3464.694250</timestamp>
			</report>
			<report>
				<misses>398100001</misses>
				<total>0</total>
				<timestamp>3465.563976</timestamp>
			</report>
			<report>
				<misses>398200001</misses>
				<total>0</total>
				<timestamp>3466.435418</timestamp>
			</report>
			<report>
				<misses>398300001</misses>
				<total>0</total>
				<timestamp>3467.288598</timestamp>
			</report>
			<report>
				<misses>398400001</misses>
				<total>0</total>
				<timestamp>3468.139003</timestamp>
			</report>
			<report>
				<misses>398500001</misses>
				<total>0</total>
				<timestamp>3469.001241</timestamp>
			</report>
			<report>
				<misses>398600001</misses>
				<total>0</total>
				<timestamp>3469.868375</timestamp>
			</report>
			<report>
				<misses>398700001</misses>
				<total>0</total>
				<timestamp>3470.737561</timestamp>
			</report>
			<report>
				<misses>398800001</misses>
				<total>0</total>
				<timestamp>3471.622809</timestamp>
			</report>
			<report>
				<misses>398900001</misses>
				<total>0</total>
				<timestamp>3472.490876</timestamp>
			</report>
			<report>
				<misses>399000001</misses>
				<total>0</total>
				<timestamp>3473.376449</timestamp>
			</report>
			<report>
				<misses>399100001</misses>
				<total>0</total>
				<timestamp>3474.241649</timestamp>
			</report>
			<report>
				<misses>399200001</misses>
				<total>0</total>
				<timestamp>3475.118244</timestamp>
			</report>
			<report>
				<misses>399300001</misses>
				<total>0</total>
				<timestamp>3475.996522</timestamp>
			</report>
			<report>
				<misses>399400001</misses>
				<total>0</total>
				<timestamp>3476.872954</timestamp>
			</report>
			<report>
				<misses>399500001</misses>
				<total>0</total>
				<timestamp>3477.749625</timestamp>
			</report>
			<report>
				<misses>399600001</misses>
				<total>0</total>
				<timestamp>3478.619883</timestamp>
			</report>
			<report>
				<misses>399700001</misses>
				<total>0</total>
				<timestamp>3479.499846</timestamp>
			</report>
			<report>
				<misses>399800001</misses>
				<total>0</total>
				<timestamp>3480.369704</timestamp>
			</report>
			<report>
				<misses>399900001</misses>
				<total>0</total>
				<timestamp>3481.244067</timestamp>
			</report>
			<report>
				<misses>400000001</misses>
				<total>0</total>
				<timestamp>3482.124979</timestamp>
			</report>
			<report>
				<misses>400100001</misses>
				<total>0</total>
				<timestamp>3482.997437</timestamp>
			</report>
			<report>
				<misses>400200001</misses>
				<total>0</total>
				<timestamp>3483.857645</timestamp>
			</report>
			<report>
				<misses>400300001</misses>
				<total>0</total>
				<timestamp>3484.715495</timestamp>
			</report>
			<report>
				<misses>400400001</misses>
				<total>0</total>
				<timestamp>3485.560173</timestamp>
			</report>
			<report>
				<misses>400500001</misses>
				<total>0</total>
				<timestamp>3486.431612</timestamp>
			</report>
			<report>
				<misses>400600001</misses>
				<total>0</total>
				<timestamp>3487.311190</timestamp>
			</report>
			<report>
				<misses>400700001</misses>
				<total>0</total>
				<timestamp>3488.178821</timestamp>
			</report>
			<report>
				<misses>400800001</misses>
				<total>0</total>
				<timestamp>3489.042881</timestamp>
			</report>
			<report>
				<misses>400900001</misses>
				<total>0</total>
				<timestamp>3489.919733</timestamp>
			</report>
			<report>
				<misses>401000001</misses>
				<total>0</total>
				<timestamp>3490.792776</timestamp>
			</report>
			<report>
				<misses>401100001</misses>
				<total>0</total>
				<timestamp>3491.663039</timestamp>
			</report>
			<report>
				<misses>401200001</misses>
				<total>0</total>
				<timestamp>3492.531693</timestamp>
			</report>
			<report>
				<misses>401300001</misses>
				<total>0</total>
				<timestamp>3493.395645</timestamp>
			</report>
			<report>
				<misses>401400001</misses>
				<total>0</total>
				<timestamp>3494.272390</timestamp>
			</report>
			<report>
				<misses>401500001</misses>
				<total>0</total>
				<timestamp>3495.140073</timestamp>
			</report>
			<report>
				<misses>401600001</misses>
				<total>0</total>
				<timestamp>3496.010104</timestamp>
			</report>
			<report>
				<misses>401700001</misses>
				<total>0</total>
				<timestamp>3496.882655</timestamp>
			</report>
			<report>
				<misses>401800001</misses>
				<total>0</total>
				<timestamp>3497.761904</timestamp>
			</report>
			<report>
				<misses>401900001</misses>
				<total>0</total>
				<timestamp>3498.641772</timestamp>
			</report>
			<report>
				<misses>402000001</misses>
				<total>0</total>
				<timestamp>3499.512960</timestamp>
			</report>
			<report>
				<misses>402100001</misses>
				<total>0</total>
				<timestamp>3500.389451</timestamp>
			</report>
			<report>
				<misses>402200001</misses>
				<total>0</total>
				<timestamp>3501.270064</timestamp>
			</report>
			<report>
				<misses>402300001</misses>
				<total>0</total>
				<timestamp>3502.144684</timestamp>
			</report>
			<report>
				<misses>402400001</misses>
				<total>0</total>
				<timestamp>3503.012578</timestamp>
			</report>
			<report>
				<misses>402500001</misses>
				<total>0</total>
				<timestamp>3503.882956</timestamp>
			</report>
			<report>
				<misses>402600001</misses>
				<total>0</total>
				<timestamp>3504.759935</timestamp>
			</report>
			<report>
				<misses>402700001</misses>
				<total>0</total>
				<timestamp>3505.634456</timestamp>
			</report>
			<report>
				<misses>402800001</misses>
				<total>0</total>
				<timestamp>3506.505985</timestamp>
			</report>
			<report>
				<misses>402900001</misses>
				<total>0</total>
				<timestamp>3507.374046</timestamp>
			</report>
			<report>
				<misses>403000001</misses>
				<total>0</total>
				<timestamp>3508.235386</timestamp>
			</report>
			<report>
				<misses>403100001</misses>
				<total>0</total>
				<timestamp>3509.098139</timestamp>
			</report>
			<report>
				<misses>403200001</misses>
				<total>0</total>
				<timestamp>3509.974982</timestamp>
			</report>
			<report>
				<misses>403300001</misses>
				<total>0</total>
				<timestamp>3510.843391</timestamp>
			</report>
			<report>
				<misses>403400001</misses>
				<total>0</total>
				<timestamp>3511.724694</timestamp>
			</report>
			<report>
				<misses>403500001</misses>
				<total>0</total>
				<timestamp>3512.580396</timestamp>
			</report>
			<report>
				<misses>403600001</misses>
				<total>0</total>
				<timestamp>3513.439417</timestamp>
			</report>
			<report>
				<misses>403700001</misses>
				<total>0</total>
				<timestamp>3514.302873</timestamp>
			</report>
			<report>
				<misses>403800001</misses>
				<total>0</total>
				<timestamp>3515.177093</timestamp>
			</report>
			<report>
				<misses>403900001</misses>
				<total>0</total>
				<timestamp>3516.041021</timestamp>
			</report>
			<report>
				<misses>404000001</misses>
				<total>0</total>
				<timestamp>3516.905904</timestamp>
			</report>
			<report>
				<misses>404100001</misses>
				<total>0</total>
				<timestamp>3517.753707</timestamp>
			</report>
			<report>
				<misses>404200001</misses>
				<total>0</total>
				<timestamp>3518.612060</timestamp>
			</report>
			<report>
				<misses>404300001</misses>
				<total>0</total>
				<timestamp>3519.476174</timestamp>
			</report>
			<report>
				<misses>404400001</misses>
				<total>0</total>
				<timestamp>3520.346471</timestamp>
			</report>
			<report>
				<misses>404500001</misses>
				<total>0</total>
				<timestamp>3521.209873</timestamp>
			</report>
			<report>
				<misses>404600001</misses>
				<total>0</total>
				<timestamp>3522.073401</timestamp>
			</report>
			<report>
				<misses>404700001</misses>
				<total>0</total>
				<timestamp>3522.941547</timestamp>
			</report>
			<report>
				<misses>404800001</misses>
				<total>0</total>
				<timestamp>3523.816438</timestamp>
			</report>
			<report>
				<misses>404900001</misses>
				<total>0</total>
				<timestamp>3524.698518</timestamp>
			</report>
			<report>
				<misses>405000001</misses>
				<total>0</total>
				<timestamp>3525.584433</timestamp>
			</report>
			<report>
				<misses>405100001</misses>
				<total>0</total>
				<timestamp>3526.466743</timestamp>
			</report>
			<report>
				<misses>405200001</misses>
				<total>0</total>
				<timestamp>3527.331013</timestamp>
			</report>
			<report>
				<misses>405300001</misses>
				<total>0</total>
				<timestamp>3528.197173</timestamp>
			</report>
			<report>
				<misses>405400001</misses>
				<total>0</total>
				<timestamp>3529.060459</timestamp>
			</report>
			<report>
				<misses>405500001</misses>
				<total>0</total>
				<timestamp>3529.934485</timestamp>
			</report>
			<report>
				<misses>405600001</misses>
				<total>0</total>
				<timestamp>3530.789959</timestamp>
			</report>
			<report>
				<misses>405700001</misses>
				<total>0</total>
				<timestamp>3531.652898</timestamp>
			</report>
			<report>
				<misses>405800001</misses>
				<total>0</total>
				<timestamp>3532.518948</timestamp>
			</report>
			<report>
				<misses>405900001</misses>
				<total>0</total>
				<timestamp>3533.402738</timestamp>
			</report>
			<report>
				<misses>406000001</misses>
				<total>0</total>
				<timestamp>3534.267898</timestamp>
			</report>
			<report>
				<misses>406100001</misses>
				<total>0</total>
				<timestamp>3535.141818</timestamp>
			</report>
			<report>
				<misses>406200001</misses>
				<total>0</total>
				<timestamp>3536.017341</timestamp>
			</report>
			<report>
				<misses>406300001</misses>
				<total>0</total>
				<timestamp>3536.896389</timestamp>
			</report>
			<report>
				<misses>406400001</misses>
				<total>0</total>
				<timestamp>3537.760857</timestamp>
			</report>
			<report>
				<misses>406500001</misses>
				<total>0</total>
				<timestamp>3538.630030</timestamp>
			</report>
			<report>
				<misses>406600001</misses>
				<total>0</total>
				<timestamp>3539.502809</timestamp>
			</report>
			<report>
				<misses>406700001</misses>
				<total>0</total>
				<timestamp>3540.375971</timestamp>
			</report>
			<report>
				<misses>406800001</misses>
				<total>0</total>
				<timestamp>3541.248881</timestamp>
			</report>
			<report>
				<misses>406900001</misses>
				<total>0</total>
				<timestamp>3542.111225</timestamp>
			</report>
			<report>
				<misses>407000001</misses>
				<total>0</total>
				<timestamp>3542.979707</timestamp>
			</report>
			<report>
				<misses>407100001</misses>
				<total>0</total>
				<timestamp>3543.843398</timestamp>
			</report>
			<report>
				<misses>407200001</misses>
				<total>0</total>
				<timestamp>3544.710498</timestamp>
			</report>
			<report>
				<misses>407300001</misses>
				<total>0</total>
				<timestamp>3545.572122</timestamp>
			</report>
			<report>
				<misses>407400001</misses>
				<total>0</total>
				<timestamp>3546.435877</timestamp>
			</report>
			<report>
				<misses>407500001</misses>
				<total>0</total>
				<timestamp>3547.304998</timestamp>
			</report>
			<report>
				<misses>407600001</misses>
				<total>0</total>
				<timestamp>3548.178317</timestamp>
			</report>
			<report>
				<misses>407700001</misses>
				<total>0</total>
				<timestamp>3549.057850</timestamp>
			</report>
			<report>
				<misses>407800001</misses>
				<total>0</total>
				<timestamp>3549.931187</timestamp>
			</report>
			<report>
				<misses>407900001</misses>
				<total>0</total>
				<timestamp>3550.820676</timestamp>
			</report>
			<report>
				<misses>408000001</misses>
				<total>0</total>
				<timestamp>3551.702353</timestamp>
			</report>
			<report>
				<misses>408100001</misses>
				<total>0</total>
				<timestamp>3552.578822</timestamp>
			</report>
			<report>
				<misses>408200001</misses>
				<total>0</total>
				<timestamp>3553.456280</timestamp>
			</report>
			<report>
				<misses>408300001</misses>
				<total>0</total>
				<timestamp>3554.330035</timestamp>
			</report>
			<report>
				<misses>408400001</misses>
				<total>0</total>
				<timestamp>3555.197815</timestamp>
			</report>
			<report>
				<misses>408500001</misses>
				<total>0</total>
				<timestamp>3556.061702</timestamp>
			</report>
			<report>
				<misses>408600001</misses>
				<total>0</total>
				<timestamp>3556.932612</timestamp>
			</report>
			<report>
				<misses>408700001</misses>
				<total>0</total>
				<timestamp>3557.798601</timestamp>
			</report>
			<report>
				<misses>408800001</misses>
				<total>0</total>
				<timestamp>3558.670578</timestamp>
			</report>
			<report>
				<misses>408900001</misses>
				<total>0</total>
				<timestamp>3559.529192</timestamp>
			</report>
			<report>
				<misses>409000001</misses>
				<total>0</total>
				<timestamp>3560.384772</timestamp>
			</report>
			<report>
				<misses>409100001</misses>
				<total>0</total>
				<timestamp>3561.265727</timestamp>
			</report>
			<report>
				<misses>409200001</misses>
				<total>0</total>
				<timestamp>3562.139853</timestamp>
			</report>
			<report>
				<misses>409300001</misses>
				<total>0</total>
				<timestamp>3563.006464</timestamp>
			</report>
			<report>
				<misses>409400001</misses>
				<total>0</total>
				<timestamp>3563.869891</timestamp>
			</report>
			<report>
				<misses>409500001</misses>
				<total>0</total>
				<timestamp>3564.741364</timestamp>
			</report>
			<report>
				<misses>409600001</misses>
				<total>0</total>
				<timestamp>3565.615949</timestamp>
			</report>
			<report>
				<misses>409700001</misses>
				<total>0</total>
				<timestamp>3566.493950</timestamp>
			</report>
			<report>
				<misses>409800001</misses>
				<total>0</total>
				<timestamp>3567.354057</timestamp>
			</report>
			<report>
				<misses>409900001</misses>
				<total>0</total>
				<timestamp>3568.235265</timestamp>
			</report>
			<report>
				<misses>410000001</misses>
				<total>0</total>
				<timestamp>3569.110239</timestamp>
			</report>
			<report>
				<misses>410100001</misses>
				<total>0</total>
				<timestamp>3569.992170</timestamp>
			</report>
			<report>
				<misses>410200001</misses>
				<total>0</total>
				<timestamp>3570.869640</timestamp>
			</report>
			<report>
				<misses>410300001</misses>
				<total>0</total>
				<timestamp>3571.748397</timestamp>
			</report>
			<report>
				<misses>410400001</misses>
				<total>0</total>
				<timestamp>3572.612331</timestamp>
			</report>
			<report>
				<misses>410500001</misses>
				<total>0</total>
				<timestamp>3573.484296</timestamp>
			</report>
			<report>
				<misses>410600001</misses>
				<total>0</total>
				<timestamp>3574.362339</timestamp>
			</report>
			<report>
				<misses>410700001</misses>
				<total>0</total>
				<timestamp>3575.216089</timestamp>
			</report>
			<report>
				<misses>410800001</misses>
				<total>0</total>
				<timestamp>3576.082550</timestamp>
			</report>
			<report>
				<misses>410900001</misses>
				<total>0</total>
				<timestamp>3576.967730</timestamp>
			</report>
			<report>
				<misses>411000001</misses>
				<total>0</total>
				<timestamp>3577.837466</timestamp>
			</report>
			<report>
				<misses>411100001</misses>
				<total>0</total>
				<timestamp>3578.720987</timestamp>
			</report>
			<report>
				<misses>411200001</misses>
				<total>0</total>
				<timestamp>3579.594956</timestamp>
			</report>
			<report>
				<misses>411300001</misses>
				<total>0</total>
				<timestamp>3580.480250</timestamp>
			</report>
			<report>
				<misses>411400001</misses>
				<total>0</total>
				<timestamp>3581.360874</timestamp>
			</report>
			<report>
				<misses>411500001</misses>
				<total>0</total>
				<timestamp>3582.235079</timestamp>
			</report>
			<report>
				<misses>411600001</misses>
				<total>0</total>
				<timestamp>3583.106417</timestamp>
			</report>
			<report>
				<misses>411700001</misses>
				<total>0</total>
				<timestamp>3583.981915</timestamp>
			</report>
			<report>
				<misses>411800001</misses>
				<total>0</total>
				<timestamp>3584.852568</timestamp>
			</report>
			<report>
				<misses>411900001</misses>
				<total>0</total>
				<timestamp>3585.728905</timestamp>
			</report>
			<report>
				<misses>412000001</misses>
				<total>0</total>
				<timestamp>3586.592319</timestamp>
			</report>
			<report>
				<misses>412100001</misses>
				<total>0</total>
				<timestamp>3587.464940</timestamp>
			</report>
			<report>
				<misses>412200001</misses>
				<total>0</total>
				<timestamp>3588.342724</timestamp>
			</report>
			<report>
				<misses>412300001</misses>
				<total>0</total>
				<timestamp>3589.207319</timestamp>
			</report>
			<report>
				<misses>412400001</misses>
				<total>0</total>
				<timestamp>3590.076624</timestamp>
			</report>
			<report>
				<misses>412500001</misses>
				<total>0</total>
				<timestamp>3590.947825</timestamp>
			</report>
			<report>
				<misses>412600001</misses>
				<total>0</total>
				<timestamp>3591.817370</timestamp>
			</report>
			<report>
				<misses>412700001</misses>
				<total>0</total>
				<timestamp>3592.680759</timestamp>
			</report>
			<report>
				<misses>412800001</misses>
				<total>0</total>
				<timestamp>3593.561620</timestamp>
			</report>
			<report>
				<misses>412900001</misses>
				<total>0</total>
				<timestamp>3594.441206</timestamp>
			</report>
			<report>
				<misses>413000001</misses>
				<total>0</total>
				<timestamp>3595.304144</timestamp>
			</report>
			<report>
				<misses>413100001</misses>
				<total>0</total>
				<timestamp>3596.177605</timestamp>
			</report>
			<report>
				<misses>413200001</misses>
				<total>0</total>
				<timestamp>3597.038582</timestamp>
			</report>
			<report>
				<misses>413300001</misses>
				<total>0</total>
				<timestamp>3597.908098</timestamp>
			</report>
			<report>
				<misses>413400001</misses>
				<total>0</total>
				<timestamp>3598.777862</timestamp>
			</report>
			<report>
				<misses>413500001</misses>
				<total>0</total>
				<timestamp>3599.651689</timestamp>
			</report>
			<report>
				<misses>413600001</misses>
				<total>0</total>
				<timestamp>3600.523903</timestamp>
			</report>
			<report>
				<misses>413700001</misses>
				<total>0</total>
				<timestamp>3601.385917</timestamp>
			</report>
			<report>
				<misses>413800001</misses>
				<total>0</total>
				<timestamp>3602.252082</timestamp>
			</report>
			<report>
				<misses>413900001</misses>
				<total>0</total>
				<timestamp>3603.125180</timestamp>
			</report>
			<report>
				<misses>414000001</misses>
				<total>0</total>
				<timestamp>3603.998709</timestamp>
			</report>
			<report>
				<misses>414100001</misses>
				<total>0</total>
				<timestamp>3604.874039</timestamp>
			</report>
			<report>
				<misses>414200001</misses>
				<total>0</total>
				<timestamp>3605.755965</timestamp>
			</report>
			<report>
				<misses>414300001</misses>
				<total>0</total>
				<timestamp>3606.629271</timestamp>
			</report>
			<report>
				<misses>414400001</misses>
				<total>0</total>
				<timestamp>3607.503994</timestamp>
			</report>
			<report>
				<misses>414500001</misses>
				<total>0</total>
				<timestamp>3608.382647</timestamp>
			</report>
			<report>
				<misses>414600001</misses>
				<total>0</total>
				<timestamp>3609.250903</timestamp>
			</report>
			<report>
				<misses>414700001</misses>
				<total>0</total>
				<timestamp>3610.116761</timestamp>
			</report>
			<report>
				<misses>414800001</misses>
				<total>0</total>
				<timestamp>3610.984837</timestamp>
			</report>
			<report>
				<misses>414900001</misses>
				<total>0</total>
				<timestamp>3611.862343</timestamp>
			</report>
			<report>
				<misses>415000001</misses>
				<total>0</total>
				<timestamp>3612.738420</timestamp>
			</report>
			<report>
				<misses>415100001</misses>
				<total>0</total>
				<timestamp>3613.597244</timestamp>
			</report>
			<report>
				<misses>415200001</misses>
				<total>0</total>
				<timestamp>3614.468320</timestamp>
			</report>
			<report>
				<misses>415300001</misses>
				<total>0</total>
				<timestamp>3615.348969</timestamp>
			</report>
			<report>
				<misses>415400001</misses>
				<total>0</total>
				<timestamp>3616.216783</timestamp>
			</report>
			<report>
				<misses>415500001</misses>
				<total>0</total>
				<timestamp>3617.094554</timestamp>
			</report>
			<report>
				<misses>415600001</misses>
				<total>0</total>
				<timestamp>3617.956202</timestamp>
			</report>
			<report>
				<misses>415700001</misses>
				<total>0</total>
				<timestamp>3618.832109</timestamp>
			</report>
			<report>
				<misses>415800001</misses>
				<total>0</total>
				<timestamp>3619.703655</timestamp>
			</report>
			<report>
				<misses>415900001</misses>
				<total>0</total>
				<timestamp>3620.579044</timestamp>
			</report>
			<report>
				<misses>416000001</misses>
				<total>0</total>
				<timestamp>3621.438283</timestamp>
			</report>
			<report>
				<misses>416100001</misses>
				<total>0</total>
				<timestamp>3622.312269</timestamp>
			</report>
			<report>
				<misses>416200001</misses>
				<total>0</total>
				<timestamp>3623.170324</timestamp>
			</report>
			<report>
				<misses>416300001</misses>
				<total>0</total>
				<timestamp>3624.048211</timestamp>
			</report>
			<report>
				<misses>416400001</misses>
				<total>0</total>
				<timestamp>3624.910077</timestamp>
			</report>
			<report>
				<misses>416500001</misses>
				<total>0</total>
				<timestamp>3625.780469</timestamp>
			</report>
			<report>
				<misses>416600001</misses>
				<total>0</total>
				<timestamp>3626.660048</timestamp>
			</report>
			<report>
				<misses>416700001</misses>
				<total>0</total>
				<timestamp>3627.526710</timestamp>
			</report>
			<report>
				<misses>416800001</misses>
				<total>0</total>
				<timestamp>3628.384406</timestamp>
			</report>
			<report>
				<misses>416900001</misses>
				<total>0</total>
				<timestamp>3629.244399</timestamp>
			</report>
			<report>
				<misses>417000001</misses>
				<total>0</total>
				<timestamp>3630.121248</timestamp>
			</report>
			<report>
				<misses>417100001</misses>
				<total>0</total>
				<timestamp>3630.979211</timestamp>
			</report>
			<report>
				<misses>417200001</misses>
				<total>0</total>
				<timestamp>3631.846106</timestamp>
			</report>
			<report>
				<misses>417300001</misses>
				<total>0</total>
				<timestamp>3632.728352</timestamp>
			</report>
			<report>
				<misses>417400001</misses>
				<total>0</total>
				<timestamp>3633.599186</timestamp>
			</report>
			<report>
				<misses>417500001</misses>
				<total>0</total>
				<timestamp>3634.465997</timestamp>
			</report>
			<report>
				<misses>417600001</misses>
				<total>0</total>
				<timestamp>3635.331472</timestamp>
			</report>
			<report>
				<misses>417700001</misses>
				<total>0</total>
				<timestamp>3636.196792</timestamp>
			</report>
			<report>
				<misses>417800001</misses>
				<total>0</total>
				<timestamp>3637.067424</timestamp>
			</report>
			<report>
				<misses>417900001</misses>
				<total>0</total>
				<timestamp>3637.926958</timestamp>
			</report>
			<report>
				<misses>418000001</misses>
				<total>0</total>
				<timestamp>3638.799340</timestamp>
			</report>
			<report>
				<misses>418100001</misses>
				<total>0</total>
				<timestamp>3639.661112</timestamp>
			</report>
			<report>
				<misses>418200001</misses>
				<total>0</total>
				<timestamp>3640.537014</timestamp>
			</report>
			<report>
				<misses>418300001</misses>
				<total>0</total>
				<timestamp>3641.412477</timestamp>
			</report>
			<report>
				<misses>418400001</misses>
				<total>0</total>
				<timestamp>3642.290037</timestamp>
			</report>
			<report>
				<misses>418500001</misses>
				<total>0</total>
				<timestamp>3643.163705</timestamp>
			</report>
			<report>
				<misses>418600001</misses>
				<total>0</total>
				<timestamp>3644.028250</timestamp>
			</report>
			<report>
				<misses>418700001</misses>
				<total>0</total>
				<timestamp>3644.905357</timestamp>
			</report>
			<report>
				<misses>418800001</misses>
				<total>0</total>
				<timestamp>3645.769216</timestamp>
			</report>
			<report>
				<misses>418900001</misses>
				<total>0</total>
				<timestamp>3646.633760</timestamp>
			</report>
			<report>
				<misses>419000001</misses>
				<total>0</total>
				<timestamp>3647.504345</timestamp>
			</report>
			<report>
				<misses>419100001</misses>
				<total>0</total>
				<timestamp>3648.376660</timestamp>
			</report>
			<report>
				<misses>419200001</misses>
				<total>0</total>
				<timestamp>3649.246367</timestamp>
			</report>
			<report>
				<misses>419300001</misses>
				<total>0</total>
				<timestamp>3650.109743</timestamp>
			</report>
			<report>
				<misses>419400001</misses>
				<total>0</total>
				<timestamp>3650.978309</timestamp>
			</report>
			<report>
				<misses>419500001</misses>
				<total>0</total>
				<timestamp>3651.844115</timestamp>
			</report>
			<report>
				<misses>419600001</misses>
				<total>0</total>
				<timestamp>3652.709239</timestamp>
			</report>
			<report>
				<misses>419700001</misses>
				<total>0</total>
				<timestamp>3653.581960</timestamp>
			</report>
			<report>
				<misses>419800001</misses>
				<total>0</total>
				<timestamp>3654.445302</timestamp>
			</report>
			<report>
				<misses>419900001</misses>
				<total>0</total>
				<timestamp>3655.314577</timestamp>
			</report>
			<report>
				<misses>420000001</misses>
				<total>0</total>
				<timestamp>3656.179675</timestamp>
			</report>
			<report>
				<misses>420100001</misses>
				<total>0</total>
				<timestamp>3657.051409</timestamp>
			</report>
			<report>
				<misses>420200001</misses>
				<total>0</total>
				<timestamp>3657.916377</timestamp>
			</report>
			<report>
				<misses>420300001</misses>
				<total>0</total>
				<timestamp>3658.782269</timestamp>
			</report>
			<report>
				<misses>420400001</misses>
				<total>0</total>
				<timestamp>3659.655158</timestamp>
			</report>
			<report>
				<misses>420500001</misses>
				<total>0</total>
				<timestamp>3660.527978</timestamp>
			</report>
			<report>
				<misses>420600001</misses>
				<total>0</total>
				<timestamp>3661.396192</timestamp>
			</report>
			<report>
				<misses>420700001</misses>
				<total>0</total>
				<timestamp>3662.266499</timestamp>
			</report>
			<report>
				<misses>420800001</misses>
				<total>0</total>
				<timestamp>3663.137795</timestamp>
			</report>
			<report>
				<misses>420900001</misses>
				<total>0</total>
				<timestamp>3664.018785</timestamp>
			</report>
			<report>
				<misses>421000001</misses>
				<total>0</total>
				<timestamp>3664.906345</timestamp>
			</report>
			<report>
				<misses>421100001</misses>
				<total>0</total>
				<timestamp>3665.792492</timestamp>
			</report>
			<report>
				<misses>421200001</misses>
				<total>0</total>
				<timestamp>3666.671690</timestamp>
			</report>
			<report>
				<misses>421300001</misses>
				<total>0</total>
				<timestamp>3667.550431</timestamp>
			</report>
			<report>
				<misses>421400001</misses>
				<total>0</total>
				<timestamp>3668.412597</timestamp>
			</report>
			<report>
				<misses>421500001</misses>
				<total>0</total>
				<timestamp>3669.290106</timestamp>
			</report>
			<report>
				<misses>421600001</misses>
				<total>0</total>
				<timestamp>3670.153788</timestamp>
			</report>
			<report>
				<misses>421700001</misses>
				<total>0</total>
				<timestamp>3671.030831</timestamp>
			</report>
			<report>
				<misses>421800001</misses>
				<total>0</total>
				<timestamp>3671.907468</timestamp>
			</report>
			<report>
				<misses>421900001</misses>
				<total>0</total>
				<timestamp>3672.769107</timestamp>
			</report>
			<report>
				<misses>422000001</misses>
				<total>0</total>
				<timestamp>3673.635838</timestamp>
			</report>
			<report>
				<misses>422100001</misses>
				<total>0</total>
				<timestamp>3674.509452</timestamp>
			</report>
			<report>
				<misses>422200001</misses>
				<total>0</total>
				<timestamp>3675.377311</timestamp>
			</report>
			<report>
				<misses>422300001</misses>
				<total>0</total>
				<timestamp>3676.251533</timestamp>
			</report>
			<report>
				<misses>422400001</misses>
				<total>0</total>
				<timestamp>3677.122642</timestamp>
			</report>
			<report>
				<misses>422500001</misses>
				<total>0</total>
				<timestamp>3677.991864</timestamp>
			</report>
			<report>
				<misses>422600001</misses>
				<total>0</total>
				<timestamp>3678.859118</timestamp>
			</report>
			<report>
				<misses>422700001</misses>
				<total>0</total>
				<timestamp>3679.716647</timestamp>
			</report>
			<report>
				<misses>422800001</misses>
				<total>0</total>
				<timestamp>3680.592166</timestamp>
			</report>
			<report>
				<misses>422900001</misses>
				<total>0</total>
				<timestamp>3681.457493</timestamp>
			</report>
			<report>
				<misses>423000001</misses>
				<total>0</total>
				<timestamp>3682.322540</timestamp>
			</report>
			<report>
				<misses>423100001</misses>
				<total>0</total>
				<timestamp>3683.204703</timestamp>
			</report>
			<report>
				<misses>423200001</misses>
				<total>0</total>
				<timestamp>3684.072598</timestamp>
			</report>
			<report>
				<misses>423300001</misses>
				<total>0</total>
				<timestamp>3684.937645</timestamp>
			</report>
			<report>
				<misses>423400001</misses>
				<total>0</total>
				<timestamp>3685.807720</timestamp>
			</report>
			<report>
				<misses>423500001</misses>
				<total>0</total>
				<timestamp>3686.670330</timestamp>
			</report>
			<report>
				<misses>423600001</misses>
				<total>0</total>
				<timestamp>3687.535108</timestamp>
			</report>
			<report>
				<misses>423700001</misses>
				<total>0</total>
				<timestamp>3688.407247</timestamp>
			</report>
			<report>
				<misses>423800001</misses>
				<total>0</total>
				<timestamp>3689.276566</timestamp>
			</report>
			<report>
				<misses>423900001</misses>
				<total>0</total>
				<timestamp>3690.147188</timestamp>
			</report>
			<report>
				<misses>424000001</misses>
				<total>0</total>
				<timestamp>3691.019768</timestamp>
			</report>
			<report>
				<misses>424100001</misses>
				<total>0</total>
				<timestamp>3691.892550</timestamp>
			</report>
			<report>
				<misses>424200001</misses>
				<total>0</total>
				<timestamp>3692.767157</timestamp>
			</report>
			<report>
				<misses>424300001</misses>
				<total>0</total>
				<timestamp>3693.634203</timestamp>
			</report>
			<report>
				<misses>424400001</misses>
				<total>0</total>
				<timestamp>3694.512010</timestamp>
			</report>
			<report>
				<misses>424500001</misses>
				<total>0</total>
				<timestamp>3695.377857</timestamp>
			</report>
			<report>
				<misses>424600001</misses>
				<total>0</total>
				<timestamp>3696.247956</timestamp>
			</report>
			<report>
				<misses>424700001</misses>
				<total>0</total>
				<timestamp>3697.119542</timestamp>
			</report>
			<report>
				<misses>424800001</misses>
				<total>0</total>
				<timestamp>3698.001738</timestamp>
			</report>
			<report>
				<misses>424900001</misses>
				<total>0</total>
				<timestamp>3698.862409</timestamp>
			</report>
			<report>
				<misses>425000001</misses>
				<total>0</total>
				<timestamp>3699.745723</timestamp>
			</report>
			<report>
				<misses>425100001</misses>
				<total>0</total>
				<timestamp>3700.617973</timestamp>
			</report>
			<report>
				<misses>425200001</misses>
				<total>0</total>
				<timestamp>3701.498280</timestamp>
			</report>
			<report>
				<misses>425300001</misses>
				<total>0</total>
				<timestamp>3702.377743</timestamp>
			</report>
			<report>
				<misses>425400001</misses>
				<total>0</total>
				<timestamp>3703.261835</timestamp>
			</report>
			<report>
				<misses>425500001</misses>
				<total>0</total>
				<timestamp>3704.136129</timestamp>
			</report>
			<report>
				<misses>425600001</misses>
				<total>0</total>
				<timestamp>3705.006180</timestamp>
			</report>
			<report>
				<misses>425700001</misses>
				<total>0</total>
				<timestamp>3705.868785</timestamp>
			</report>
			<report>
				<misses>425800001</misses>
				<total>0</total>
				<timestamp>3706.731991</timestamp>
			</report>
			<report>
				<misses>425900001</misses>
				<total>0</total>
				<timestamp>3707.589744</timestamp>
			</report>
			<report>
				<misses>426000001</misses>
				<total>0</total>
				<timestamp>3708.439649</timestamp>
			</report>
			<report>
				<misses>426100001</misses>
				<total>0</total>
				<timestamp>3709.311720</timestamp>
			</report>
			<report>
				<misses>426200001</misses>
				<total>0</total>
				<timestamp>3710.187495</timestamp>
			</report>
			<report>
				<misses>426300001</misses>
				<total>0</total>
				<timestamp>3711.050424</timestamp>
			</report>
			<report>
				<misses>426400001</misses>
				<total>0</total>
				<timestamp>3711.916137</timestamp>
			</report>
			<report>
				<misses>426500001</misses>
				<total>0</total>
				<timestamp>3712.779319</timestamp>
			</report>
			<report>
				<misses>426600001</misses>
				<total>0</total>
				<timestamp>3713.637678</timestamp>
			</report>
			<report>
				<misses>426700001</misses>
				<total>0</total>
				<timestamp>3714.513593</timestamp>
			</report>
			<report>
				<misses>426800001</misses>
				<total>0</total>
				<timestamp>3715.373504</timestamp>
			</report>
			<report>
				<misses>426900001</misses>
				<total>0</total>
				<timestamp>3716.253989</timestamp>
			</report>
			<report>
				<misses>427000001</misses>
				<total>0</total>
				<timestamp>3717.123908</timestamp>
			</report>
			<report>
				<misses>427100001</misses>
				<total>0</total>
				<timestamp>3718.003336</timestamp>
			</report>
			<report>
				<misses>427200001</misses>
				<total>0</total>
				<timestamp>3718.863209</timestamp>
			</report>
			<report>
				<misses>427300001</misses>
				<total>0</total>
				<timestamp>3719.730583</timestamp>
			</report>
			<report>
				<misses>427400001</misses>
				<total>0</total>
				<timestamp>3720.601629</timestamp>
			</report>
			<report>
				<misses>427500001</misses>
				<total>0</total>
				<timestamp>3721.473215</timestamp>
			</report>
			<report>
				<misses>427600001</misses>
				<total>0</total>
				<timestamp>3722.339729</timestamp>
			</report>
			<report>
				<misses>427700001</misses>
				<total>0</total>
				<timestamp>3723.213704</timestamp>
			</report>
			<report>
				<misses>427800001</misses>
				<total>0</total>
				<timestamp>3724.083328</timestamp>
			</report>
			<report>
				<misses>427900001</misses>
				<total>0</total>
				<timestamp>3724.956384</timestamp>
			</report>
			<report>
				<misses>428000001</misses>
				<total>0</total>
				<timestamp>3725.816273</timestamp>
			</report>
			<report>
				<misses>428100001</misses>
				<total>0</total>
				<timestamp>3726.686712</timestamp>
			</report>
			<report>
				<misses>428200001</misses>
				<total>0</total>
				<timestamp>3727.559443</timestamp>
			</report>
			<report>
				<misses>428300001</misses>
				<total>0</total>
				<timestamp>3728.430464</timestamp>
			</report>
			<report>
				<misses>428400001</misses>
				<total>0</total>
				<timestamp>3729.297135</timestamp>
			</report>
			<report>
				<misses>428500001</misses>
				<total>0</total>
				<timestamp>3730.175427</timestamp>
			</report>
			<report>
				<misses>428600001</misses>
				<total>0</total>
				<timestamp>3731.037858</timestamp>
			</report>
			<report>
				<misses>428700001</misses>
				<total>0</total>
				<timestamp>3731.919799</timestamp>
			</report>
			<report>
				<misses>428800001</misses>
				<total>0</total>
				<timestamp>3732.787153</timestamp>
			</report>
			<report>
				<misses>428900001</misses>
				<total>0</total>
				<timestamp>3733.657306</timestamp>
			</report>
			<report>
				<misses>429000001</misses>
				<total>0</total>
				<timestamp>3734.536584</timestamp>
			</report>
			<report>
				<misses>429100001</misses>
				<total>0</total>
				<timestamp>3735.413455</timestamp>
			</report>
			<report>
				<misses>429200001</misses>
				<total>0</total>
				<timestamp>3736.292212</timestamp>
			</report>
			<report>
				<misses>429300001</misses>
				<total>0</total>
				<timestamp>3737.176551</timestamp>
			</report>
			<report>
				<misses>429400001</misses>
				<total>0</total>
				<timestamp>3738.061137</timestamp>
			</report>
			<report>
				<misses>429500001</misses>
				<total>0</total>
				<timestamp>3738.941117</timestamp>
			</report>
			<report>
				<misses>429600001</misses>
				<total>0</total>
				<timestamp>3739.825417</timestamp>
			</report>
			<report>
				<misses>429700001</misses>
				<total>0</total>
				<timestamp>3740.692626</timestamp>
			</report>
			<report>
				<misses>429800001</misses>
				<total>0</total>
				<timestamp>3741.553484</timestamp>
			</report>
			<report>
				<misses>429900001</misses>
				<total>0</total>
				<timestamp>3742.424719</timestamp>
			</report>
			<report>
				<misses>430000001</misses>
				<total>0</total>
				<timestamp>3743.297926</timestamp>
			</report>
			<report>
				<misses>430100001</misses>
				<total>0</total>
				<timestamp>3744.165403</timestamp>
			</report>
			<report>
				<misses>430200001</misses>
				<total>0</total>
				<timestamp>3745.038317</timestamp>
			</report>
			<report>
				<misses>430300001</misses>
				<total>0</total>
				<timestamp>3745.907428</timestamp>
			</report>
			<report>
				<misses>430400001</misses>
				<total>0</total>
				<timestamp>3746.768530</timestamp>
			</report>
			<report>
				<misses>430500001</misses>
				<total>0</total>
				<timestamp>3747.639831</timestamp>
			</report>
			<report>
				<misses>430600001</misses>
				<total>0</total>
				<timestamp>3748.511201</timestamp>
			</report>
			<report>
				<misses>430700001</misses>
				<total>0</total>
				<timestamp>3749.379514</timestamp>
			</report>
			<report>
				<misses>430800001</misses>
				<total>0</total>
				<timestamp>3750.243324</timestamp>
			</report>
			<report>
				<misses>430900001</misses>
				<total>0</total>
				<timestamp>3751.126388</timestamp>
			</report>
			<report>
				<misses>431000001</misses>
				<total>0</total>
				<timestamp>3751.991380</timestamp>
			</report>
			<report>
				<misses>431100001</misses>
				<total>0</total>
				<timestamp>3752.858554</timestamp>
			</report>
			<report>
				<misses>431200001</misses>
				<total>0</total>
				<timestamp>3753.733138</timestamp>
			</report>
			<report>
				<misses>431300001</misses>
				<total>0</total>
				<timestamp>3754.601587</timestamp>
			</report>
			<report>
				<misses>431400001</misses>
				<total>0</total>
				<timestamp>3755.480989</timestamp>
			</report>
			<report>
				<misses>431500001</misses>
				<total>0</total>
				<timestamp>3756.345066</timestamp>
			</report>
			<report>
				<misses>431600001</misses>
				<total>0</total>
				<timestamp>3757.217052</timestamp>
			</report>
			<report>
				<misses>431700001</misses>
				<total>0</total>
				<timestamp>3758.088549</timestamp>
			</report>
			<report>
				<misses>431800001</misses>
				<total>0</total>
				<timestamp>3758.949295</timestamp>
			</report>
			<report>
				<misses>431900001</misses>
				<total>0</total>
				<timestamp>3759.832941</timestamp>
			</report>
			<report>
				<misses>432000001</misses>
				<total>0</total>
				<timestamp>3760.706686</timestamp>
			</report>
			<report>
				<misses>432100001</misses>
				<total>0</total>
				<timestamp>3761.572143</timestamp>
			</report>
			<report>
				<misses>432200001</misses>
				<total>0</total>
				<timestamp>3762.448281</timestamp>
			</report>
			<report>
				<misses>432300001</misses>
				<total>0</total>
				<timestamp>3763.314902</timestamp>
			</report>
			<report>
				<misses>432400001</misses>
				<total>0</total>
				<timestamp>3764.188829</timestamp>
			</report>
			<report>
				<misses>432500001</misses>
				<total>0</total>
				<timestamp>3765.062795</timestamp>
			</report>
			<report>
				<misses>432600001</misses>
				<total>0</total>
				<timestamp>3765.930466</timestamp>
			</report>
			<report>
				<misses>432700001</misses>
				<total>0</total>
				<timestamp>3766.805213</timestamp>
			</report>
			<report>
				<misses>432800001</misses>
				<total>0</total>
				<timestamp>3767.686694</timestamp>
			</report>
			<report>
				<misses>432900001</misses>
				<total>0</total>
				<timestamp>3768.561162</timestamp>
			</report>
			<report>
				<misses>433000001</misses>
				<total>0</total>
				<timestamp>3769.438476</timestamp>
			</report>
			<report>
				<misses>433100001</misses>
				<total>0</total>
				<timestamp>3770.300962</timestamp>
			</report>
			<report>
				<misses>433200001</misses>
				<total>0</total>
				<timestamp>3771.181757</timestamp>
			</report>
			<report>
				<misses>433300001</misses>
				<total>0</total>
				<timestamp>3772.073175</timestamp>
			</report>
			<report>
				<misses>433400001</misses>
				<total>0</total>
				<timestamp>3772.943574</timestamp>
			</report>
			<report>
				<misses>433500001</misses>
				<total>0</total>
				<timestamp>3773.820478</timestamp>
			</report>
			<report>
				<misses>433600001</misses>
				<total>0</total>
				<timestamp>3774.699090</timestamp>
			</report>
			<report>
				<misses>433700001</misses>
				<total>0</total>
				<timestamp>3775.580617</timestamp>
			</report>
			<report>
				<misses>433800001</misses>
				<total>0</total>
				<timestamp>3776.437151</timestamp>
			</report>
			<report>
				<misses>433900001</misses>
				<total>0</total>
				<timestamp>3777.307499</timestamp>
			</report>
			<report>
				<misses>434000001</misses>
				<total>0</total>
				<timestamp>3778.189555</timestamp>
			</report>
			<report>
				<misses>434100001</misses>
				<total>0</total>
				<timestamp>3779.061209</timestamp>
			</report>
			<report>
				<misses>434200001</misses>
				<total>0</total>
				<timestamp>3779.939774</timestamp>
			</report>
			<report>
				<misses>434300001</misses>
				<total>0</total>
				<timestamp>3780.808597</timestamp>
			</report>
			<report>
				<misses>434400001</misses>
				<total>0</total>
				<timestamp>3781.685435</timestamp>
			</report>
			<report>
				<misses>434500001</misses>
				<total>0</total>
				<timestamp>3782.551106</timestamp>
			</report>
			<report>
				<misses>434600001</misses>
				<total>0</total>
				<timestamp>3783.421573</timestamp>
			</report>
			<report>
				<misses>434700001</misses>
				<total>0</total>
				<timestamp>3784.290974</timestamp>
			</report>
			<report>
				<misses>434800001</misses>
				<total>0</total>
				<timestamp>3785.158986</timestamp>
			</report>
			<report>
				<misses>434900001</misses>
				<total>0</total>
				<timestamp>3786.024923</timestamp>
			</report>
			<report>
				<misses>435000001</misses>
				<total>0</total>
				<timestamp>3786.890670</timestamp>
			</report>
			<report>
				<misses>435100001</misses>
				<total>0</total>
				<timestamp>3787.756806</timestamp>
			</report>
			<report>
				<misses>435200001</misses>
				<total>0</total>
				<timestamp>3788.625625</timestamp>
			</report>
			<report>
				<misses>435300001</misses>
				<total>0</total>
				<timestamp>3789.488766</timestamp>
			</report>
			<report>
				<misses>435400001</misses>
				<total>0</total>
				<timestamp>3790.345461</timestamp>
			</report>
			<report>
				<misses>435500001</misses>
				<total>0</total>
				<timestamp>3791.231820</timestamp>
			</report>
			<report>
				<misses>435600001</misses>
				<total>0</total>
				<timestamp>3792.100221</timestamp>
			</report>
			<report>
				<misses>435700001</misses>
				<total>0</total>
				<timestamp>3792.964742</timestamp>
			</report>
			<report>
				<misses>435800001</misses>
				<total>0</total>
				<timestamp>3793.823883</timestamp>
			</report>
			<report>
				<misses>435900001</misses>
				<total>0</total>
				<timestamp>3794.694185</timestamp>
			</report>
			<report>
				<misses>436000001</misses>
				<total>0</total>
				<timestamp>3795.562581</timestamp>
			</report>
			<report>
				<misses>436100001</misses>
				<total>0</total>
				<timestamp>3796.429429</timestamp>
			</report>
			<report>
				<misses>436200001</misses>
				<total>0</total>
				<timestamp>3797.300056</timestamp>
			</report>
			<report>
				<misses>436300001</misses>
				<total>0</total>
				<timestamp>3798.173104</timestamp>
			</report>
			<report>
				<misses>436400001</misses>
				<total>0</total>
				<timestamp>3799.037927</timestamp>
			</report>
			<report>
				<misses>436500001</misses>
				<total>0</total>
				<timestamp>3799.916221</timestamp>
			</report>
			<report>
				<misses>436600001</misses>
				<total>0</total>
				<timestamp>3800.781402</timestamp>
			</report>
			<report>
				<misses>436700001</misses>
				<total>0</total>
				<timestamp>3801.640834</timestamp>
			</report>
			<report>
				<misses>436800001</misses>
				<total>0</total>
				<timestamp>3802.505330</timestamp>
			</report>
			<report>
				<misses>436900001</misses>
				<total>0</total>
				<timestamp>3803.382268</timestamp>
			</report>
			<report>
				<misses>437000001</misses>
				<total>0</total>
				<timestamp>3804.249686</timestamp>
			</report>
			<report>
				<misses>437100001</misses>
				<total>0</total>
				<timestamp>3805.118156</timestamp>
			</report>
			<report>
				<misses>437200001</misses>
				<total>0</total>
				<timestamp>3805.986563</timestamp>
			</report>
			<report>
				<misses>437300001</misses>
				<total>0</total>
				<timestamp>3806.859189</timestamp>
			</report>
			<report>
				<misses>437400001</misses>
				<total>0</total>
				<timestamp>3807.749502</timestamp>
			</report>
			<report>
				<misses>437500001</misses>
				<total>0</total>
				<timestamp>3808.632457</timestamp>
			</report>
			<report>
				<misses>437600001</misses>
				<total>0</total>
				<timestamp>3809.507724</timestamp>
			</report>
			<report>
				<misses>437700001</misses>
				<total>0</total>
				<timestamp>3810.384629</timestamp>
			</report>
			<report>
				<misses>437800001</misses>
				<total>0</total>
				<timestamp>3811.267230</timestamp>
			</report>
			<report>
				<misses>437900001</misses>
				<total>0</total>
				<timestamp>3812.128057</timestamp>
			</report>
			<report>
				<misses>438000001</misses>
				<total>0</total>
				<timestamp>3812.996861</timestamp>
			</report>
			<report>
				<misses>438100001</misses>
				<total>0</total>
				<timestamp>3813.860810</timestamp>
			</report>
			<report>
				<misses>438200001</misses>
				<total>0</total>
				<timestamp>3814.729328</timestamp>
			</report>
			<report>
				<misses>438300001</misses>
				<total>0</total>
				<timestamp>3815.610286</timestamp>
			</report>
			<report>
				<misses>438400001</misses>
				<total>0</total>
				<timestamp>3816.472436</timestamp>
			</report>
			<report>
				<misses>438500001</misses>
				<total>0</total>
				<timestamp>3817.343004</timestamp>
			</report>
			<report>
				<misses>438600001</misses>
				<total>0</total>
				<timestamp>3818.211887</timestamp>
			</report>
			<report>
				<misses>438700001</misses>
				<total>0</total>
				<timestamp>3819.081995</timestamp>
			</report>
			<report>
				<misses>438800001</misses>
				<total>0</total>
				<timestamp>3819.953289</timestamp>
			</report>
			<report>
				<misses>438900001</misses>
				<total>0</total>
				<timestamp>3820.822963</timestamp>
			</report>
			<report>
				<misses>439000001</misses>
				<total>0</total>
				<timestamp>3821.691128</timestamp>
			</report>
			<report>
				<misses>439100001</misses>
				<total>0</total>
				<timestamp>3822.539709</timestamp>
			</report>
			<report>
				<misses>439200001</misses>
				<total>0</total>
				<timestamp>3823.398838</timestamp>
			</report>
			<report>
				<misses>439300001</misses>
				<total>0</total>
				<timestamp>3824.265123</timestamp>
			</report>
			<report>
				<misses>439400001</misses>
				<total>0</total>
				<timestamp>3825.118721</timestamp>
			</report>
			<report>
				<misses>439500001</misses>
				<total>0</total>
				<timestamp>3825.978646</timestamp>
			</report>
			<report>
				<misses>439600001</misses>
				<total>0</total>
				<timestamp>3826.846667</timestamp>
			</report>
			<report>
				<misses>439700001</misses>
				<total>0</total>
				<timestamp>3827.709601</timestamp>
			</report>
			<report>
				<misses>439800001</misses>
				<total>0</total>
				<timestamp>3828.579064</timestamp>
			</report>
			<report>
				<misses>439900001</misses>
				<total>0</total>
				<timestamp>3829.452878</timestamp>
			</report>
			<report>
				<misses>440000001</misses>
				<total>0</total>
				<timestamp>3830.314691</timestamp>
			</report>
			<report>
				<misses>440100001</misses>
				<total>0</total>
				<timestamp>3831.192056</timestamp>
			</report>
			<report>
				<misses>440200001</misses>
				<total>0</total>
				<timestamp>3832.059184</timestamp>
			</report>
			<report>
				<misses>440300001</misses>
				<total>0</total>
				<timestamp>3832.924214</timestamp>
			</report>
			<report>
				<misses>440400001</misses>
				<total>0</total>
				<timestamp>3833.802710</timestamp>
			</report>
			<report>
				<misses>440500001</misses>
				<total>0</total>
				<timestamp>3834.682607</timestamp>
			</report>
			<report>
				<misses>440600001</misses>
				<total>0</total>
				<timestamp>3835.554347</timestamp>
			</report>
			<report>
				<misses>440700001</misses>
				<total>0</total>
				<timestamp>3836.411074</timestamp>
			</report>
			<report>
				<misses>440800001</misses>
				<total>0</total>
				<timestamp>3837.278775</timestamp>
			</report>
			<report>
				<misses>440900001</misses>
				<total>0</total>
				<timestamp>3838.145129</timestamp>
			</report>
			<report>
				<misses>441000001</misses>
				<total>0</total>
				<timestamp>3839.010790</timestamp>
			</report>
			<report>
				<misses>441100001</misses>
				<total>0</total>
				<timestamp>3839.876258</timestamp>
			</report>
			<report>
				<misses>441200001</misses>
				<total>0</total>
				<timestamp>3840.724762</timestamp>
			</report>
			<report>
				<misses>441300001</misses>
				<total>0</total>
				<timestamp>3841.587973</timestamp>
			</report>
			<report>
				<misses>441400001</misses>
				<total>0</total>
				<timestamp>3842.455916</timestamp>
			</report>
			<report>
				<misses>441500001</misses>
				<total>0</total>
				<timestamp>3843.336627</timestamp>
			</report>
			<report>
				<misses>441600001</misses>
				<total>0</total>
				<timestamp>3844.214704</timestamp>
			</report>
			<report>
				<misses>441700001</misses>
				<total>0</total>
				<timestamp>3845.088616</timestamp>
			</report>
			<report>
				<misses>441800001</misses>
				<total>0</total>
				<timestamp>3845.976300</timestamp>
			</report>
			<report>
				<misses>441900001</misses>
				<total>0</total>
				<timestamp>3846.859957</timestamp>
			</report>
			<report>
				<misses>442000001</misses>
				<total>0</total>
				<timestamp>3847.724713</timestamp>
			</report>
			<report>
				<misses>442100001</misses>
				<total>0</total>
				<timestamp>3848.600143</timestamp>
			</report>
			<report>
				<misses>442200001</misses>
				<total>0</total>
				<timestamp>3849.461677</timestamp>
			</report>
			<report>
				<misses>442300001</misses>
				<total>0</total>
				<timestamp>3850.334691</timestamp>
			</report>
			<report>
				<misses>442400001</misses>
				<total>0</total>
				<timestamp>3851.205922</timestamp>
			</report>
			<report>
				<misses>442500001</misses>
				<total>0</total>
				<timestamp>3852.078322</timestamp>
			</report>
			<report>
				<misses>442600001</misses>
				<total>0</total>
				<timestamp>3852.945569</timestamp>
			</report>
			<report>
				<misses>442700001</misses>
				<total>0</total>
				<timestamp>3853.812195</timestamp>
			</report>
			<report>
				<misses>442800001</misses>
				<total>0</total>
				<timestamp>3854.672623</timestamp>
			</report>
			<report>
				<misses>442900001</misses>
				<total>0</total>
				<timestamp>3855.546456</timestamp>
			</report>
			<report>
				<misses>443000001</misses>
				<total>0</total>
				<timestamp>3856.413351</timestamp>
			</report>
			<report>
				<misses>443100001</misses>
				<total>0</total>
				<timestamp>3857.293541</timestamp>
			</report>
			<report>
				<misses>443200001</misses>
				<total>0</total>
				<timestamp>3858.164781</timestamp>
			</report>
			<report>
				<misses>443300001</misses>
				<total>0</total>
				<timestamp>3859.042655</timestamp>
			</report>
			<report>
				<misses>443400001</misses>
				<total>0</total>
				<timestamp>3859.917564</timestamp>
			</report>
			<report>
				<misses>443500001</misses>
				<total>0</total>
				<timestamp>3860.789480</timestamp>
			</report>
			<report>
				<misses>443600001</misses>
				<total>0</total>
				<timestamp>3861.663655</timestamp>
			</report>
			<report>
				<misses>443700001</misses>
				<total>0</total>
				<timestamp>3862.529774</timestamp>
			</report>
			<report>
				<misses>443800001</misses>
				<total>0</total>
				<timestamp>3863.393423</timestamp>
			</report>
			<report>
				<misses>443900001</misses>
				<total>0</total>
				<timestamp>3864.264375</timestamp>
			</report>
			<report>
				<misses>444000001</misses>
				<total>0</total>
				<timestamp>3865.137825</timestamp>
			</report>
			<report>
				<misses>444100001</misses>
				<total>0</total>
				<timestamp>3866.015884</timestamp>
			</report>
			<report>
				<misses>444200001</misses>
				<total>0</total>
				<timestamp>3866.888120</timestamp>
			</report>
			<report>
				<misses>444300001</misses>
				<total>0</total>
				<timestamp>3867.748076</timestamp>
			</report>
			<report>
				<misses>444400001</misses>
				<total>0</total>
				<timestamp>3868.623501</timestamp>
			</report>
			<report>
				<misses>444500001</misses>
				<total>0</total>
				<timestamp>3869.485690</timestamp>
			</report>
			<report>
				<misses>444600001</misses>
				<total>0</total>
				<timestamp>3870.350335</timestamp>
			</report>
			<report>
				<misses>444700001</misses>
				<total>0</total>
				<timestamp>3871.223658</timestamp>
			</report>
			<report>
				<misses>444800001</misses>
				<total>0</total>
				<timestamp>3872.096189</timestamp>
			</report>
			<report>
				<misses>444900001</misses>
				<total>0</total>
				<timestamp>3872.971858</timestamp>
			</report>
			<report>
				<misses>445000001</misses>
				<total>0</total>
				<timestamp>3873.815661</timestamp>
			</report>
			<report>
				<misses>445100001</misses>
				<total>0</total>
				<timestamp>3874.686244</timestamp>
			</report>
			<report>
				<misses>445200001</misses>
				<total>0</total>
				<timestamp>3875.567669</timestamp>
			</report>
			<report>
				<misses>445300001</misses>
				<total>0</total>
				<timestamp>3876.444041</timestamp>
			</report>
			<report>
				<misses>445400001</misses>
				<total>0</total>
				<timestamp>3877.303881</timestamp>
			</report>
			<report>
				<misses>445500001</misses>
				<total>0</total>
				<timestamp>3878.161672</timestamp>
			</report>
			<report>
				<misses>445600001</misses>
				<total>0</total>
				<timestamp>3879.041029</timestamp>
			</report>
			<report>
				<misses>445700001</misses>
				<total>0</total>
				<timestamp>3879.917932</timestamp>
			</report>
			<report>
				<misses>445800001</misses>
				<total>0</total>
				<timestamp>3880.802290</timestamp>
			</report>
			<report>
				<misses>445900001</misses>
				<total>0</total>
				<timestamp>3881.677710</timestamp>
			</report>
			<report>
				<misses>446000001</misses>
				<total>0</total>
				<timestamp>3882.552622</timestamp>
			</report>
			<report>
				<misses>446100001</misses>
				<total>0</total>
				<timestamp>3883.425353</timestamp>
			</report>
			<report>
				<misses>446200001</misses>
				<total>0</total>
				<timestamp>3884.302552</timestamp>
			</report>
			<report>
				<misses>446300001</misses>
				<total>0</total>
				<timestamp>3885.167735</timestamp>
			</report>
			<report>
				<misses>446400001</misses>
				<total>0</total>
				<timestamp>3886.050027</timestamp>
			</report>
			<report>
				<misses>446500001</misses>
				<total>0</total>
				<timestamp>3886.913594</timestamp>
			</report>
			<report>
				<misses>446600001</misses>
				<total>0</total>
				<timestamp>3887.774524</timestamp>
			</report>
			<report>
				<misses>446700001</misses>
				<total>0</total>
				<timestamp>3888.644921</timestamp>
			</report>
			<report>
				<misses>446800001</misses>
				<total>0</total>
				<timestamp>3889.513884</timestamp>
			</report>
			<report>
				<misses>446900001</misses>
				<total>0</total>
				<timestamp>3890.372081</timestamp>
			</report>
			<report>
				<misses>447000001</misses>
				<total>0</total>
				<timestamp>3891.246213</timestamp>
			</report>
			<report>
				<misses>447100001</misses>
				<total>0</total>
				<timestamp>3892.125418</timestamp>
			</report>
			<report>
				<misses>447200001</misses>
				<total>0</total>
				<timestamp>3892.991679</timestamp>
			</report>
			<report>
				<misses>447300001</misses>
				<total>0</total>
				<timestamp>3893.843356</timestamp>
			</report>
			<report>
				<misses>447400001</misses>
				<total>0</total>
				<timestamp>3894.719244</timestamp>
			</report>
			<report>
				<misses>447500001</misses>
				<total>0</total>
				<timestamp>3895.587001</timestamp>
			</report>
			<report>
				<misses>447600001</misses>
				<total>0</total>
				<timestamp>3896.455286</timestamp>
			</report>
			<report>
				<misses>447700001</misses>
				<total>0</total>
				<timestamp>3897.332776</timestamp>
			</report>
			<report>
				<misses>447800001</misses>
				<total>0</total>
				<timestamp>3898.207040</timestamp>
			</report>
			<report>
				<misses>447900001</misses>
				<total>0</total>
				<timestamp>3899.085756</timestamp>
			</report>
			<report>
				<misses>448000001</misses>
				<total>0</total>
				<timestamp>3899.966613</timestamp>
			</report>
			<report>
				<misses>448100001</misses>
				<total>0</total>
				<timestamp>3900.826346</timestamp>
			</report>
			<report>
				<misses>448200001</misses>
				<total>0</total>
				<timestamp>3901.696947</timestamp>
			</report>
			<report>
				<misses>448300001</misses>
				<total>0</total>
				<timestamp>3902.571775</timestamp>
			</report>
			<report>
				<misses>448400001</misses>
				<total>0</total>
				<timestamp>3903.433091</timestamp>
			</report>
			<report>
				<misses>448500001</misses>
				<total>0</total>
				<timestamp>3904.296562</timestamp>
			</report>
			<report>
				<misses>448600001</misses>
				<total>0</total>
				<timestamp>3905.165093</timestamp>
			</report>
			<report>
				<misses>448700001</misses>
				<total>0</total>
				<timestamp>3906.036852</timestamp>
			</report>
			<report>
				<misses>448800001</misses>
				<total>0</total>
				<timestamp>3906.901323</timestamp>
			</report>
			<report>
				<misses>448900001</misses>
				<total>0</total>
				<timestamp>3907.771874</timestamp>
			</report>
			<report>
				<misses>449000001</misses>
				<total>0</total>
				<timestamp>3908.647367</timestamp>
			</report>
			<report>
				<misses>449100001</misses>
				<total>0</total>
				<timestamp>3909.517451</timestamp>
			</report>
			<report>
				<misses>449200001</misses>
				<total>0</total>
				<timestamp>3910.391899</timestamp>
			</report>
			<report>
				<misses>449300001</misses>
				<total>0</total>
				<timestamp>3911.262369</timestamp>
			</report>
			<report>
				<misses>449400001</misses>
				<total>0</total>
				<timestamp>3912.127920</timestamp>
			</report>
			<report>
				<misses>449500001</misses>
				<total>0</total>
				<timestamp>3913.003146</timestamp>
			</report>
			<report>
				<misses>449600001</misses>
				<total>0</total>
				<timestamp>3913.869988</timestamp>
			</report>
			<report>
				<misses>449700001</misses>
				<total>0</total>
				<timestamp>3914.743234</timestamp>
			</report>
			<report>
				<misses>449800001</misses>
				<total>0</total>
				<timestamp>3915.633891</timestamp>
			</report>
			<report>
				<misses>449900001</misses>
				<total>0</total>
				<timestamp>3916.519766</timestamp>
			</report>
			<report>
				<misses>450000001</misses>
				<total>0</total>
				<timestamp>3917.414129</timestamp>
			</report>
			<report>
				<misses>450100001</misses>
				<total>0</total>
				<timestamp>3918.290516</timestamp>
			</report>
			<report>
				<misses>450200001</misses>
				<total>0</total>
				<timestamp>3919.154391</timestamp>
			</report>
			<report>
				<misses>450300001</misses>
				<total>0</total>
				<timestamp>3920.018211</timestamp>
			</report>
			<report>
				<misses>450400001</misses>
				<total>0</total>
				<timestamp>3920.895659</timestamp>
			</report>
			<report>
				<misses>450500001</misses>
				<total>0</total>
				<timestamp>3921.760493</timestamp>
			</report>
			<report>
				<misses>450600001</misses>
				<total>0</total>
				<timestamp>3922.625759</timestamp>
			</report>
			<report>
				<misses>450700001</misses>
				<total>0</total>
				<timestamp>3923.500028</timestamp>
			</report>
			<report>
				<misses>450800001</misses>
				<total>0</total>
				<timestamp>3924.367225</timestamp>
			</report>
			<report>
				<misses>450900001</misses>
				<total>0</total>
				<timestamp>3925.238194</timestamp>
			</report>
			<report>
				<misses>451000001</misses>
				<total>0</total>
				<timestamp>3926.110467</timestamp>
			</report>
			<report>
				<misses>451100001</misses>
				<total>0</total>
				<timestamp>3926.994005</timestamp>
			</report>
			<report>
				<misses>451200001</misses>
				<total>0</total>
				<timestamp>3927.864095</timestamp>
			</report>
			<report>
				<misses>451300001</misses>
				<total>0</total>
				<timestamp>3928.732015</timestamp>
			</report>
			<report>
				<misses>451400001</misses>
				<total>0</total>
				<timestamp>3929.596867</timestamp>
			</report>
			<report>
				<misses>451500001</misses>
				<total>0</total>
				<timestamp>3930.456629</timestamp>
			</report>
			<report>
				<misses>451600001</misses>
				<total>0</total>
				<timestamp>3931.335376</timestamp>
			</report>
			<report>
				<misses>451700001</misses>
				<total>0</total>
				<timestamp>3932.197520</timestamp>
			</report>
			<report>
				<misses>451800001</misses>
				<total>0</total>
				<timestamp>3933.073788</timestamp>
			</report>
			<report>
				<misses>451900001</misses>
				<total>0</total>
				<timestamp>3933.935517</timestamp>
			</report>
			<report>
				<misses>452000001</misses>
				<total>0</total>
				<timestamp>3934.805527</timestamp>
			</report>
			<report>
				<misses>452100001</misses>
				<total>0</total>
				<timestamp>3935.678359</timestamp>
			</report>
			<report>
				<misses>452200001</misses>
				<total>0</total>
				<timestamp>3936.546434</timestamp>
			</report>
			<report>
				<misses>452300001</misses>
				<total>0</total>
				<timestamp>3937.420060</timestamp>
			</report>
			<report>
				<misses>452400001</misses>
				<total>0</total>
				<timestamp>3938.288053</timestamp>
			</report>
			<report>
				<misses>452500001</misses>
				<total>0</total>
				<timestamp>3939.164365</timestamp>
			</report>
			<report>
				<misses>452600001</misses>
				<total>0</total>
				<timestamp>3940.026610</timestamp>
			</report>
			<report>
				<misses>452700001</misses>
				<total>0</total>
				<timestamp>3940.901937</timestamp>
			</report>
			<report>
				<misses>452800001</misses>
				<total>0</total>
				<timestamp>3941.773406</timestamp>
			</report>
			<report>
				<misses>452900001</misses>
				<total>0</total>
				<timestamp>3942.641762</timestamp>
			</report>
			<report>
				<misses>453000001</misses>
				<total>0</total>
				<timestamp>3943.508504</timestamp>
			</report>
			<report>
				<misses>453100001</misses>
				<total>0</total>
				<timestamp>3944.388444</timestamp>
			</report>
			<report>
				<misses>453200001</misses>
				<total>0</total>
				<timestamp>3945.255116</timestamp>
			</report>
			<report>
				<misses>453300001</misses>
				<total>0</total>
				<timestamp>3946.124317</timestamp>
			</report>
			<report>
				<misses>453400001</misses>
				<total>0</total>
				<timestamp>3946.980066</timestamp>
			</report>
			<report>
				<misses>453500001</misses>
				<total>0</total>
				<timestamp>3947.839994</timestamp>
			</report>
			<report>
				<misses>453600001</misses>
				<total>0</total>
				<timestamp>3948.704015</timestamp>
			</report>
			<report>
				<misses>453700001</misses>
				<total>0</total>
				<timestamp>3949.568026</timestamp>
			</report>
			<report>
				<misses>453800001</misses>
				<total>0</total>
				<timestamp>3950.442632</timestamp>
			</report>
			<report>
				<misses>453900001</misses>
				<total>0</total>
				<timestamp>3951.321916</timestamp>
			</report>
			<report>
				<misses>454000001</misses>
				<total>0</total>
				<timestamp>3952.204714</timestamp>
			</report>
			<report>
				<misses>454100001</misses>
				<total>0</total>
				<timestamp>3953.092967</timestamp>
			</report>
			<report>
				<misses>454200001</misses>
				<total>0</total>
				<timestamp>3953.969725</timestamp>
			</report>
			<report>
				<misses>454300001</misses>
				<total>0</total>
				<timestamp>3954.850661</timestamp>
			</report>
			<report>
				<misses>454400001</misses>
				<total>0</total>
				<timestamp>3955.727154</timestamp>
			</report>
			<report>
				<misses>454500001</misses>
				<total>0</total>
				<timestamp>3956.610621</timestamp>
			</report>
			<report>
				<misses>454600001</misses>
				<total>0</total>
				<timestamp>3957.482872</timestamp>
			</report>
			<report>
				<misses>454700001</misses>
				<total>0</total>
				<timestamp>3958.338844</timestamp>
			</report>
			<report>
				<misses>454800001</misses>
				<total>0</total>
				<timestamp>3959.205767</timestamp>
			</report>
			<report>
				<misses>454900001</misses>
				<total>0</total>
				<timestamp>3960.060106</timestamp>
			</report>
			<report>
				<misses>455000001</misses>
				<total>0</total>
				<timestamp>3960.918492</timestamp>
			</report>
			<report>
				<misses>455100001</misses>
				<total>0</total>
				<timestamp>3961.781736</timestamp>
			</report>
			<report>
				<misses>455200001</misses>
				<total>0</total>
				<timestamp>3962.654943</timestamp>
			</report>
			<report>
				<misses>455300001</misses>
				<total>0</total>
				<timestamp>3963.528628</timestamp>
			</report>
			<report>
				<misses>455400001</misses>
				<total>0</total>
				<timestamp>3964.394195</timestamp>
			</report>
			<report>
				<misses>455500001</misses>
				<total>0</total>
				<timestamp>3965.248847</timestamp>
			</report>
			<report>
				<misses>455600001</misses>
				<total>0</total>
				<timestamp>3966.118288</timestamp>
			</report>
			<report>
				<misses>455700001</misses>
				<total>0</total>
				<timestamp>3966.991529</timestamp>
			</report>
			<report>
				<misses>455800001</misses>
				<total>0</total>
				<timestamp>3967.862994</timestamp>
			</report>
			<report>
				<misses>455900001</misses>
				<total>0</total>
				<timestamp>3968.738383</timestamp>
			</report>
			<report>
				<misses>456000001</misses>
				<total>0</total>
				<timestamp>3969.610327</timestamp>
			</report>
			<report>
				<misses>456100001</misses>
				<total>0</total>
				<timestamp>3970.487752</timestamp>
			</report>
			<report>
				<misses>456200001</misses>
				<total>0</total>
				<timestamp>3971.365838</timestamp>
			</report>
			<report>
				<misses>456300001</misses>
				<total>0</total>
				<timestamp>3972.246835</timestamp>
			</report>
			<report>
				<misses>456400001</misses>
				<total>0</total>
				<timestamp>3973.110484</timestamp>
			</report>
			<report>
				<misses>456500001</misses>
				<total>0</total>
				<timestamp>3973.974475</timestamp>
			</report>
			<report>
				<misses>456600001</misses>
				<total>0</total>
				<timestamp>3974.842300</timestamp>
			</report>
			<report>
				<misses>456700001</misses>
				<total>0</total>
				<timestamp>3975.715029</timestamp>
			</report>
			<report>
				<misses>456800001</misses>
				<total>0</total>
				<timestamp>3976.579047</timestamp>
			</report>
			<report>
				<misses>456900001</misses>
				<total>0</total>
				<timestamp>3977.442104</timestamp>
			</report>
			<report>
				<misses>457000001</misses>
				<total>0</total>
				<timestamp>3978.312639</timestamp>
			</report>
			<report>
				<misses>457100001</misses>
				<total>0</total>
				<timestamp>3979.170735</timestamp>
			</report>
			<report>
				<misses>457200001</misses>
				<total>0</total>
				<timestamp>3980.040378</timestamp>
			</report>
			<report>
				<misses>457300001</misses>
				<total>0</total>
				<timestamp>3980.918964</timestamp>
			</report>
			<report>
				<misses>457400001</misses>
				<total>0</total>
				<timestamp>3981.785630</timestamp>
			</report>
			<report>
				<misses>457500001</misses>
				<total>0</total>
				<timestamp>3982.650790</timestamp>
			</report>
			<report>
				<misses>457600001</misses>
				<total>0</total>
				<timestamp>3983.529134</timestamp>
			</report>
			<report>
				<misses>457700001</misses>
				<total>0</total>
				<timestamp>3984.404891</timestamp>
			</report>
			<report>
				<misses>457800001</misses>
				<total>0</total>
				<timestamp>3985.274284</timestamp>
			</report>
			<report>
				<misses>457900001</misses>
				<total>0</total>
				<timestamp>3986.147821</timestamp>
			</report>
			<report>
				<misses>458000001</misses>
				<total>0</total>
				<timestamp>3987.026021</timestamp>
			</report>
			<report>
				<misses>458100001</misses>
				<total>0</total>
				<timestamp>3987.900371</timestamp>
			</report>
			<report>
				<misses>458200001</misses>
				<total>0</total>
				<timestamp>3988.787085</timestamp>
			</report>
			<report>
				<misses>458300001</misses>
				<total>0</total>
				<timestamp>3989.666205</timestamp>
			</report>
			<report>
				<misses>458400001</misses>
				<total>0</total>
				<timestamp>3990.551667</timestamp>
			</report>
			<report>
				<misses>458500001</misses>
				<total>0</total>
				<timestamp>3991.435976</timestamp>
			</report>
			<report>
				<misses>458600001</misses>
				<total>0</total>
				<timestamp>3992.290661</timestamp>
			</report>
			<report>
				<misses>458700001</misses>
				<total>0</total>
				<timestamp>3993.162985</timestamp>
			</report>
			<report>
				<misses>458800001</misses>
				<total>0</total>
				<timestamp>3994.022537</timestamp>
			</report>
			<report>
				<misses>458900001</misses>
				<total>0</total>
				<timestamp>3994.884875</timestamp>
			</report>
			<report>
				<misses>459000001</misses>
				<total>0</total>
				<timestamp>3995.773467</timestamp>
			</report>
			<report>
				<misses>459100001</misses>
				<total>0</total>
				<timestamp>3996.628751</timestamp>
			</report>
			<report>
				<misses>459200001</misses>
				<total>0</total>
				<timestamp>3997.490275</timestamp>
			</report>
			<report>
				<misses>459300001</misses>
				<total>0</total>
				<timestamp>3998.356478</timestamp>
			</report>
			<report>
				<misses>459400001</misses>
				<total>0</total>
				<timestamp>3999.220011</timestamp>
			</report>
			<report>
				<misses>459500001</misses>
				<total>0</total>
				<timestamp>4000.089790</timestamp>
			</report>
			<report>
				<misses>459600001</misses>
				<total>0</total>
				<timestamp>4000.975846</timestamp>
			</report>
			<report>
				<misses>459700001</misses>
				<total>0</total>
				<timestamp>4001.845414</timestamp>
			</report>
			<report>
				<misses>459800001</misses>
				<total>0</total>
				<timestamp>4002.706138</timestamp>
			</report>
			<report>
				<misses>459900001</misses>
				<total>0</total>
				<timestamp>4003.566642</timestamp>
			</report>
			<report>
				<misses>460000001</misses>
				<total>0</total>
				<timestamp>4004.434440</timestamp>
			</report>
			<report>
				<misses>460100001</misses>
				<total>0</total>
				<timestamp>4005.287037</timestamp>
			</report>
			<report>
				<misses>460200001</misses>
				<total>0</total>
				<timestamp>4006.155004</timestamp>
			</report>
			<report>
				<misses>460300001</misses>
				<total>0</total>
				<timestamp>4007.032779</timestamp>
			</report>
			<report>
				<misses>460400001</misses>
				<total>0</total>
				<timestamp>4007.904584</timestamp>
			</report>
			<report>
				<misses>460500001</misses>
				<total>0</total>
				<timestamp>4008.778553</timestamp>
			</report>
			<report>
				<misses>460600001</misses>
				<total>0</total>
				<timestamp>4009.663231</timestamp>
			</report>
			<report>
				<misses>460700001</misses>
				<total>0</total>
				<timestamp>4010.531558</timestamp>
			</report>
			<report>
				<misses>460800001</misses>
				<total>0</total>
				<timestamp>4011.397635</timestamp>
			</report>
			<report>
				<misses>460900001</misses>
				<total>0</total>
				<timestamp>4012.254515</timestamp>
			</report>
			<report>
				<misses>461000001</misses>
				<total>0</total>
				<timestamp>4013.122281</timestamp>
			</report>
			<report>
				<misses>461100001</misses>
				<total>0</total>
				<timestamp>4014.007542</timestamp>
			</report>
			<report>
				<misses>461200001</misses>
				<total>0</total>
				<timestamp>4014.876998</timestamp>
			</report>
			<report>
				<misses>461300001</misses>
				<total>0</total>
				<timestamp>4015.754354</timestamp>
			</report>
			<report>
				<misses>461400001</misses>
				<total>0</total>
				<timestamp>4016.632678</timestamp>
			</report>
			<report>
				<misses>461500001</misses>
				<total>0</total>
				<timestamp>4017.510071</timestamp>
			</report>
			<report>
				<misses>461600001</misses>
				<total>0</total>
				<timestamp>4018.384661</timestamp>
			</report>
			<report>
				<misses>461700001</misses>
				<total>0</total>
				<timestamp>4019.249779</timestamp>
			</report>
			<report>
				<misses>461800001</misses>
				<total>0</total>
				<timestamp>4020.119811</timestamp>
			</report>
			<report>
				<misses>461900001</misses>
				<total>0</total>
				<timestamp>4020.983887</timestamp>
			</report>
			<report>
				<misses>462000001</misses>
				<total>0</total>
				<timestamp>4021.858228</timestamp>
			</report>
			<report>
				<misses>462100001</misses>
				<total>0</total>
				<timestamp>4022.713571</timestamp>
			</report>
			<report>
				<misses>462200001</misses>
				<total>0</total>
				<timestamp>4023.599171</timestamp>
			</report>
			<report>
				<misses>462300001</misses>
				<total>0</total>
				<timestamp>4024.458047</timestamp>
			</report>
			<report>
				<misses>462400001</misses>
				<total>0</total>
				<timestamp>4025.283944</timestamp>
			</report>
			<report>
				<misses>462500001</misses>
				<total>0</total>
				<timestamp>4026.154821</timestamp>
			</report>
			<report>
				<misses>462600001</misses>
				<total>0</total>
				<timestamp>4027.021280</timestamp>
			</report>
			<report>
				<misses>462700001</misses>
				<total>0</total>
				<timestamp>4027.890772</timestamp>
			</report>
			<report>
				<misses>462800001</misses>
				<total>0</total>
				<timestamp>4028.751598</timestamp>
			</report>
			<report>
				<misses>462900001</misses>
				<total>0</total>
				<timestamp>4029.608981</timestamp>
			</report>
			<report>
				<misses>463000001</misses>
				<total>0</total>
				<timestamp>4030.471562</timestamp>
			</report>
			<report>
				<misses>463100001</misses>
				<total>0</total>
				<timestamp>4031.346775</timestamp>
			</report>
			<report>
				<misses>463200001</misses>
				<total>0</total>
				<timestamp>4032.212249</timestamp>
			</report>
			<report>
				<misses>463300001</misses>
				<total>0</total>
				<timestamp>4033.075896</timestamp>
			</report>
			<report>
				<misses>463400001</misses>
				<total>0</total>
				<timestamp>4033.945504</timestamp>
			</report>
			<report>
				<misses>463500001</misses>
				<total>0</total>
				<timestamp>4034.803768</timestamp>
			</report>
			<report>
				<misses>463600001</misses>
				<total>0</total>
				<timestamp>4035.665220</timestamp>
			</report>
			<report>
				<misses>463700001</misses>
				<total>0</total>
				<timestamp>4036.534949</timestamp>
			</report>
			<report>
				<misses>463800001</misses>
				<total>0</total>
				<timestamp>4037.405725</timestamp>
			</report>
			<report>
				<misses>463900001</misses>
				<total>0</total>
				<timestamp>4038.275752</timestamp>
			</report>
			<report>
				<misses>464000001</misses>
				<total>0</total>
				<timestamp>4039.145253</timestamp>
			</report>
			<report>
				<misses>464100001</misses>
				<total>0</total>
				<timestamp>4040.012243</timestamp>
			</report>
			<report>
				<misses>464200001</misses>
				<total>0</total>
				<timestamp>4040.895067</timestamp>
			</report>
			<report>
				<misses>464300001</misses>
				<total>0</total>
				<timestamp>4041.778398</timestamp>
			</report>
			<report>
				<misses>464400001</misses>
				<total>0</total>
				<timestamp>4042.661527</timestamp>
			</report>
			<report>
				<misses>464500001</misses>
				<total>0</total>
				<timestamp>4043.535953</timestamp>
			</report>
			<report>
				<misses>464600001</misses>
				<total>0</total>
				<timestamp>4044.413483</timestamp>
			</report>
			<report>
				<misses>464700001</misses>
				<total>0</total>
				<timestamp>4045.294629</timestamp>
			</report>
			<report>
				<misses>464800001</misses>
				<total>0</total>
				<timestamp>4046.162368</timestamp>
			</report>
			<report>
				<misses>464900001</misses>
				<total>0</total>
				<timestamp>4047.027478</timestamp>
			</report>
			<report>
				<misses>465000001</misses>
				<total>0</total>
				<timestamp>4047.902067</timestamp>
			</report>
			<report>
				<misses>465100001</misses>
				<total>0</total>
				<timestamp>4048.773404</timestamp>
			</report>
			<report>
				<misses>465200001</misses>
				<total>0</total>
				<timestamp>4049.643343</timestamp>
			</report>
			<report>
				<misses>465300001</misses>
				<total>0</total>
				<timestamp>4050.513571</timestamp>
			</report>
			<report>
				<misses>465400001</misses>
				<total>0</total>
				<timestamp>4051.388279</timestamp>
			</report>
			<report>
				<misses>465500001</misses>
				<total>0</total>
				<timestamp>4052.254172</timestamp>
			</report>
			<report>
				<misses>465600001</misses>
				<total>0</total>
				<timestamp>4053.118114</timestamp>
			</report>
			<report>
				<misses>465700001</misses>
				<total>0</total>
				<timestamp>4053.993607</timestamp>
			</report>
			<report>
				<misses>465800001</misses>
				<total>0</total>
				<timestamp>4054.861227</timestamp>
			</report>
			<report>
				<misses>465900001</misses>
				<total>0</total>
				<timestamp>4055.738099</timestamp>
			</report>
			<report>
				<misses>466000001</misses>
				<total>0</total>
				<timestamp>4056.618574</timestamp>
			</report>
			<report>
				<misses>466100001</misses>
				<total>0</total>
				<timestamp>4057.492420</timestamp>
			</report>
			<report>
				<misses>466200001</misses>
				<total>0</total>
				<timestamp>4058.355581</timestamp>
			</report>
			<report>
				<misses>466300001</misses>
				<total>0</total>
				<timestamp>4059.235549</timestamp>
			</report>
			<report>
				<misses>466400001</misses>
				<total>0</total>
				<timestamp>4060.105616</timestamp>
			</report>
			<report>
				<misses>466500001</misses>
				<total>0</total>
				<timestamp>4060.979636</timestamp>
			</report>
			<report>
				<misses>466600001</misses>
				<total>0</total>
				<timestamp>4061.847417</timestamp>
			</report>
			<report>
				<misses>466700001</misses>
				<total>0</total>
				<timestamp>4062.719457</timestamp>
			</report>
			<report>
				<misses>466800001</misses>
				<total>0</total>
				<timestamp>4063.599744</timestamp>
			</report>
			<report>
				<misses>466900001</misses>
				<total>0</total>
				<timestamp>4064.477760</timestamp>
			</report>
			<report>
				<misses>467000001</misses>
				<total>0</total>
				<timestamp>4065.339934</timestamp>
			</report>
			<report>
				<misses>467100001</misses>
				<total>0</total>
				<timestamp>4066.215011</timestamp>
			</report>
			<report>
				<misses>467200001</misses>
				<total>0</total>
				<timestamp>4067.077596</timestamp>
			</report>
			<report>
				<misses>467300001</misses>
				<total>0</total>
				<timestamp>4067.945060</timestamp>
			</report>
			<report>
				<misses>467400001</misses>
				<total>0</total>
				<timestamp>4068.827888</timestamp>
			</report>
			<report>
				<misses>467500001</misses>
				<total>0</total>
				<timestamp>4069.707675</timestamp>
			</report>
			<report>
				<misses>467600001</misses>
				<total>0</total>
				<timestamp>4070.579716</timestamp>
			</report>
			<report>
				<misses>467700001</misses>
				<total>0</total>
				<timestamp>4071.459042</timestamp>
			</report>
			<report>
				<misses>467800001</misses>
				<total>0</total>
				<timestamp>4072.336402</timestamp>
			</report>
			<report>
				<misses>467900001</misses>
				<total>0</total>
				<timestamp>4073.218392</timestamp>
			</report>
			<report>
				<misses>468000001</misses>
				<total>0</total>
				<timestamp>4074.090523</timestamp>
			</report>
			<report>
				<misses>468100001</misses>
				<total>0</total>
				<timestamp>4074.967576</timestamp>
			</report>
			<report>
				<misses>468200001</misses>
				<total>0</total>
				<timestamp>4075.839835</timestamp>
			</report>
			<report>
				<misses>468300001</misses>
				<total>0</total>
				<timestamp>4076.715530</timestamp>
			</report>
			<report>
				<misses>468400001</misses>
				<total>0</total>
				<timestamp>4077.587017</timestamp>
			</report>
			<report>
				<misses>468500001</misses>
				<total>0</total>
				<timestamp>4078.443110</timestamp>
			</report>
			<report>
				<misses>468600001</misses>
				<total>0</total>
				<timestamp>4079.314659</timestamp>
			</report>
			<report>
				<misses>468700001</misses>
				<total>0</total>
				<timestamp>4080.182196</timestamp>
			</report>
			<report>
				<misses>468800001</misses>
				<total>0</total>
				<timestamp>4081.040514</timestamp>
			</report>
			<report>
				<misses>468900001</misses>
				<total>0</total>
				<timestamp>4081.908902</timestamp>
			</report>
			<report>
				<misses>469000001</misses>
				<total>0</total>
				<timestamp>4082.776585</timestamp>
			</report>
			<report>
				<misses>469100001</misses>
				<total>0</total>
				<timestamp>4083.652399</timestamp>
			</report>
			<report>
				<misses>469200001</misses>
				<total>0</total>
				<timestamp>4084.525871</timestamp>
			</report>
			<report>
				<misses>469300001</misses>
				<total>0</total>
				<timestamp>4085.400931</timestamp>
			</report>
			<report>
				<misses>469400001</misses>
				<total>0</total>
				<timestamp>4086.284051</timestamp>
			</report>
			<report>
				<misses>469500001</misses>
				<total>0</total>
				<timestamp>4087.144826</timestamp>
			</report>
			<report>
				<misses>469600001</misses>
				<total>0</total>
				<timestamp>4088.014194</timestamp>
			</report>
			<report>
				<misses>469700001</misses>
				<total>0</total>
				<timestamp>4088.873398</timestamp>
			</report>
			<report>
				<misses>469800001</misses>
				<total>0</total>
				<timestamp>4089.739894</timestamp>
			</report>
			<report>
				<misses>469900001</misses>
				<total>0</total>
				<timestamp>4090.595992</timestamp>
			</report>
			<report>
				<misses>470000001</misses>
				<total>0</total>
				<timestamp>4091.465969</timestamp>
			</report>
			<report>
				<misses>470100001</misses>
				<total>0</total>
				<timestamp>4092.329754</timestamp>
			</report>
			<report>
				<misses>470200001</misses>
				<total>0</total>
				<timestamp>4093.198623</timestamp>
			</report>
			<report>
				<misses>470300001</misses>
				<total>0</total>
				<timestamp>4094.069648</timestamp>
			</report>
			<report>
				<misses>470400001</misses>
				<total>0</total>
				<timestamp>4094.950388</timestamp>
			</report>
			<report>
				<misses>470500001</misses>
				<total>0</total>
				<timestamp>4095.818400</timestamp>
			</report>
			<report>
				<misses>470600001</misses>
				<total>0</total>
				<timestamp>4096.693316</timestamp>
			</report>
			<report>
				<misses>470700001</misses>
				<total>0</total>
				<timestamp>4097.571856</timestamp>
			</report>
			<report>
				<misses>470800001</misses>
				<total>0</total>
				<timestamp>4098.434300</timestamp>
			</report>
			<report>
				<misses>470900001</misses>
				<total>0</total>
				<timestamp>4099.309038</timestamp>
			</report>
			<report>
				<misses>471000001</misses>
				<total>0</total>
				<timestamp>4100.181846</timestamp>
			</report>
			<report>
				<misses>471100001</misses>
				<total>0</total>
				<timestamp>4101.048873</timestamp>
			</report>
			<report>
				<misses>471200001</misses>
				<total>0</total>
				<timestamp>4101.916327</timestamp>
			</report>
			<report>
				<misses>471300001</misses>
				<total>0</total>
				<timestamp>4102.796257</timestamp>
			</report>
			<report>
				<misses>471400001</misses>
				<total>0</total>
				<timestamp>4103.662474</timestamp>
			</report>
			<report>
				<misses>471500001</misses>
				<total>0</total>
				<timestamp>4104.529385</timestamp>
			</report>
			<report>
				<misses>471600001</misses>
				<total>0</total>
				<timestamp>4105.397373</timestamp>
			</report>
			<report>
				<misses>471700001</misses>
				<total>0</total>
				<timestamp>4106.265945</timestamp>
			</report>
			<report>
				<misses>471800001</misses>
				<total>0</total>
				<timestamp>4107.139771</timestamp>
			</report>
			<report>
				<misses>471900001</misses>
				<total>0</total>
				<timestamp>4108.014847</timestamp>
			</report>
			<report>
				<misses>472000001</misses>
				<total>0</total>
				<timestamp>4108.887087</timestamp>
			</report>
			<report>
				<misses>472100001</misses>
				<total>0</total>
				<timestamp>4109.747098</timestamp>
			</report>
			<report>
				<misses>472200001</misses>
				<total>0</total>
				<timestamp>4110.609385</timestamp>
			</report>
			<report>
				<misses>472300001</misses>
				<total>0</total>
				<timestamp>4111.474750</timestamp>
			</report>
			<report>
				<misses>472400001</misses>
				<total>0</total>
				<timestamp>4112.344713</timestamp>
			</report>
			<report>
				<misses>472500001</misses>
				<total>0</total>
				<timestamp>4113.201654</timestamp>
			</report>
			<report>
				<misses>472600001</misses>
				<total>0</total>
				<timestamp>4114.068023</timestamp>
			</report>
			<report>
				<misses>472700001</misses>
				<total>0</total>
				<timestamp>4114.933192</timestamp>
			</report>
			<report>
				<misses>472800001</misses>
				<total>0</total>
				<timestamp>4115.804770</timestamp>
			</report>
			<report>
				<misses>472900001</misses>
				<total>0</total>
				<timestamp>4116.677666</timestamp>
			</report>
			<report>
				<misses>473000001</misses>
				<total>0</total>
				<timestamp>4117.551349</timestamp>
			</report>
			<report>
				<misses>473100001</misses>
				<total>0</total>
				<timestamp>4118.414347</timestamp>
			</report>
			<report>
				<misses>473200001</misses>
				<total>0</total>
				<timestamp>4119.289824</timestamp>
			</report>
			<report>
				<misses>473300001</misses>
				<total>0</total>
				<timestamp>4120.152491</timestamp>
			</report>
			<report>
				<misses>473400001</misses>
				<total>0</total>
				<timestamp>4121.012127</timestamp>
			</report>
			<report>
				<misses>473500001</misses>
				<total>0</total>
				<timestamp>4121.883283</timestamp>
			</report>
			<report>
				<misses>473600001</misses>
				<total>0</total>
				<timestamp>4122.745953</timestamp>
			</report>
			<report>
				<misses>473700001</misses>
				<total>0</total>
				<timestamp>4123.624737</timestamp>
			</report>
			<report>
				<misses>473800001</misses>
				<total>0</total>
				<timestamp>4124.505041</timestamp>
			</report>
			<report>
				<misses>473900001</misses>
				<total>0</total>
				<timestamp>4125.380117</timestamp>
			</report>
			<report>
				<misses>474000001</misses>
				<total>0</total>
				<timestamp>4126.255642</timestamp>
			</report>
			<report>
				<misses>474100001</misses>
				<total>0</total>
				<timestamp>4127.131041</timestamp>
			</report>
			<report>
				<misses>474200001</misses>
				<total>0</total>
				<timestamp>4128.000638</timestamp>
			</report>
			<report>
				<misses>474300001</misses>
				<total>0</total>
				<timestamp>4128.870739</timestamp>
			</report>
			<report>
				<misses>474400001</misses>
				<total>0</total>
				<timestamp>4129.740973</timestamp>
			</report>
			<report>
				<misses>474500001</misses>
				<total>0</total>
				<timestamp>4130.616035</timestamp>
			</report>
			<report>
				<misses>474600001</misses>
				<total>0</total>
				<timestamp>4131.476857</timestamp>
			</report>
			<report>
				<misses>474700001</misses>
				<total>0</total>
				<timestamp>4132.345997</timestamp>
			</report>
			<report>
				<misses>474800001</misses>
				<total>0</total>
				<timestamp>4133.213825</timestamp>
			</report>
			<report>
				<misses>474900001</misses>
				<total>0</total>
				<timestamp>4134.075676</timestamp>
			</report>
			<report>
				<misses>475000001</misses>
				<total>0</total>
				<timestamp>4134.945997</timestamp>
			</report>
			<report>
				<misses>475100001</misses>
				<total>0</total>
				<timestamp>4135.807176</timestamp>
			</report>
			<report>
				<misses>475200001</misses>
				<total>0</total>
				<timestamp>4136.676557</timestamp>
			</report>
			<report>
				<misses>475300001</misses>
				<total>0</total>
				<timestamp>4137.535616</timestamp>
			</report>
			<report>
				<misses>475400001</misses>
				<total>0</total>
				<timestamp>4138.403343</timestamp>
			</report>
			<report>
				<misses>475500001</misses>
				<total>0</total>
				<timestamp>4139.269100</timestamp>
			</report>
			<report>
				<misses>475600001</misses>
				<total>0</total>
				<timestamp>4140.128766</timestamp>
			</report>
			<report>
				<misses>475700001</misses>
				<total>0</total>
				<timestamp>4140.995060</timestamp>
			</report>
			<report>
				<misses>475800001</misses>
				<total>0</total>
				<timestamp>4141.860580</timestamp>
			</report>
			<report>
				<misses>475900001</misses>
				<total>0</total>
				<timestamp>4142.737809</timestamp>
			</report>
			<report>
				<misses>476000001</misses>
				<total>0</total>
				<timestamp>4143.599669</timestamp>
			</report>
			<report>
				<misses>476100001</misses>
				<total>0</total>
				<timestamp>4144.455604</timestamp>
			</report>
			<report>
				<misses>476200001</misses>
				<total>0</total>
				<timestamp>4145.321802</timestamp>
			</report>
			<report>
				<misses>476300001</misses>
				<total>0</total>
				<timestamp>4146.192422</timestamp>
			</report>
			<report>
				<misses>476400001</misses>
				<total>0</total>
				<timestamp>4147.067637</timestamp>
			</report>
			<report>
				<misses>476500001</misses>
				<total>0</total>
				<timestamp>4147.941040</timestamp>
			</report>
			<report>
				<misses>476600001</misses>
				<total>0</total>
				<timestamp>4148.814978</timestamp>
			</report>
			<report>
				<misses>476700001</misses>
				<total>0</total>
				<timestamp>4149.697108</timestamp>
			</report>
			<report>
				<misses>476800001</misses>
				<total>0</total>
				<timestamp>4150.577673</timestamp>
			</report>
			<report>
				<misses>476900001</misses>
				<total>0</total>
				<timestamp>4151.456571</timestamp>
			</report>
			<report>
				<misses>477000001</misses>
				<total>0</total>
				<timestamp>4152.337093</timestamp>
			</report>
			<report>
				<misses>477100001</misses>
				<total>0</total>
				<timestamp>4153.213690</timestamp>
			</report>
			<report>
				<misses>477200001</misses>
				<total>0</total>
				<timestamp>4154.092473</timestamp>
			</report>
			<report>
				<misses>477300001</misses>
				<total>0</total>
				<timestamp>4154.960554</timestamp>
			</report>
			<report>
				<misses>477400001</misses>
				<total>0</total>
				<timestamp>4155.816796</timestamp>
			</report>
			<report>
				<misses>477500001</misses>
				<total>0</total>
				<timestamp>4156.678228</timestamp>
			</report>
			<report>
				<misses>477600001</misses>
				<total>0</total>
				<timestamp>4157.551928</timestamp>
			</report>
			<report>
				<misses>477700001</misses>
				<total>0</total>
				<timestamp>4158.419426</timestamp>
			</report>
			<report>
				<misses>477800001</misses>
				<total>0</total>
				<timestamp>4159.281510</timestamp>
			</report>
			<report>
				<misses>477900001</misses>
				<total>0</total>
				<timestamp>4160.151640</timestamp>
			</report>
			<report>
				<misses>478000001</misses>
				<total>0</total>
				<timestamp>4161.010673</timestamp>
			</report>
			<report>
				<misses>478100001</misses>
				<total>0</total>
				<timestamp>4161.872632</timestamp>
			</report>
			<report>
				<misses>478200001</misses>
				<total>0</total>
				<timestamp>4162.736281</timestamp>
			</report>
			<report>
				<misses>478300001</misses>
				<total>0</total>
				<timestamp>4163.600727</timestamp>
			</report>
			<report>
				<misses>478400001</misses>
				<total>0</total>
				<timestamp>4164.473496</timestamp>
			</report>
			<report>
				<misses>478500001</misses>
				<total>0</total>
				<timestamp>4165.348923</timestamp>
			</report>
			<report>
				<misses>478600001</misses>
				<total>0</total>
				<timestamp>4166.225389</timestamp>
			</report>
			<report>
				<misses>478700001</misses>
				<total>0</total>
				<timestamp>4167.096817</timestamp>
			</report>
			<report>
				<misses>478800001</misses>
				<total>0</total>
				<timestamp>4167.955838</timestamp>
			</report>
			<report>
				<misses>478900001</misses>
				<total>0</total>
				<timestamp>4168.822728</timestamp>
			</report>
			<report>
				<misses>479000001</misses>
				<total>0</total>
				<timestamp>4169.695144</timestamp>
			</report>
			<report>
				<misses>479100001</misses>
				<total>0</total>
				<timestamp>4170.575503</timestamp>
			</report>
			<report>
				<misses>479200001</misses>
				<total>0</total>
				<timestamp>4171.446286</timestamp>
			</report>
			<report>
				<misses>479300001</misses>
				<total>0</total>
				<timestamp>4172.323161</timestamp>
			</report>
			<report>
				<misses>479400001</misses>
				<total>0</total>
				<timestamp>4173.201524</timestamp>
			</report>
			<report>
				<misses>479500001</misses>
				<total>0</total>
				<timestamp>4174.070145</timestamp>
			</report>
			<report>
				<misses>479600001</misses>
				<total>0</total>
				<timestamp>4174.936379</timestamp>
			</report>
			<report>
				<misses>479700001</misses>
				<total>0</total>
				<timestamp>4175.809661</timestamp>
			</report>
			<report>
				<misses>479800001</misses>
				<total>0</total>
				<timestamp>4176.697154</timestamp>
			</report>
			<report>
				<misses>479900001</misses>
				<total>0</total>
				<timestamp>4177.566743</timestamp>
			</report>
			<report>
				<misses>480000001</misses>
				<total>0</total>
				<timestamp>4178.457424</timestamp>
			</report>
			<report>
				<misses>480100001</misses>
				<total>0</total>
				<timestamp>4179.340822</timestamp>
			</report>
			<report>
				<misses>480200001</misses>
				<total>0</total>
				<timestamp>4180.211864</timestamp>
			</report>
			<report>
				<misses>480300001</misses>
				<total>0</total>
				<timestamp>4181.088998</timestamp>
			</report>
			<report>
				<misses>480400001</misses>
				<total>0</total>
				<timestamp>4181.950493</timestamp>
			</report>
			<report>
				<misses>480500001</misses>
				<total>0</total>
				<timestamp>4182.815860</timestamp>
			</report>
			<report>
				<misses>480600001</misses>
				<total>0</total>
				<timestamp>4183.687200</timestamp>
			</report>
			<report>
				<misses>480700001</misses>
				<total>0</total>
				<timestamp>4184.553429</timestamp>
			</report>
			<report>
				<misses>480800001</misses>
				<total>0</total>
				<timestamp>4185.390992</timestamp>
			</report>
			<report>
				<misses>480900001</misses>
				<total>0</total>
				<timestamp>4186.230999</timestamp>
			</report>
			<report>
				<misses>481000001</misses>
				<total>0</total>
				<timestamp>4187.095391</timestamp>
			</report>
			<report>
				<misses>481100001</misses>
				<total>0</total>
				<timestamp>4187.963995</timestamp>
			</report>
			<report>
				<misses>481200001</misses>
				<total>0</total>
				<timestamp>4188.831425</timestamp>
			</report>
			<report>
				<misses>481300001</misses>
				<total>0</total>
				<timestamp>4189.693947</timestamp>
			</report>
			<report>
				<misses>481400001</misses>
				<total>0</total>
				<timestamp>4190.566478</timestamp>
			</report>
			<report>
				<misses>481500001</misses>
				<total>0</total>
				<timestamp>4191.428578</timestamp>
			</report>
			<report>
				<misses>481600001</misses>
				<total>0</total>
				<timestamp>4192.305113</timestamp>
			</report>
			<report>
				<misses>481700001</misses>
				<total>0</total>
				<timestamp>4193.175160</timestamp>
			</report>
			<report>
				<misses>481800001</misses>
				<total>0</total>
				<timestamp>4194.038984</timestamp>
			</report>
			<report>
				<misses>481900001</misses>
				<total>0</total>
				<timestamp>4194.908218</timestamp>
			</report>
			<report>
				<misses>482000001</misses>
				<total>0</total>
				<timestamp>4195.769131</timestamp>
			</report>
			<report>
				<misses>482100001</misses>
				<total>0</total>
				<timestamp>4196.639961</timestamp>
			</report>
			<report>
				<misses>482200001</misses>
				<total>0</total>
				<timestamp>4197.502740</timestamp>
			</report>
			<report>
				<misses>482300001</misses>
				<total>0</total>
				<timestamp>4198.373633</timestamp>
			</report>
			<report>
				<misses>482400001</misses>
				<total>0</total>
				<timestamp>4199.241792</timestamp>
			</report>
			<report>
				<misses>482500001</misses>
				<total>0</total>
				<timestamp>4200.106586</timestamp>
			</report>
			<report>
				<misses>482600001</misses>
				<total>0</total>
				<timestamp>4200.985212</timestamp>
			</report>
			<report>
				<misses>482700001</misses>
				<total>0</total>
				<timestamp>4201.843562</timestamp>
			</report>
			<report>
				<misses>482800001</misses>
				<total>0</total>
				<timestamp>4202.715979</timestamp>
			</report>
			<report>
				<misses>482900001</misses>
				<total>0</total>
				<timestamp>4203.589314</timestamp>
			</report>
			<report>
				<misses>483000001</misses>
				<total>0</total>
				<timestamp>4204.453907</timestamp>
			</report>
			<report>
				<misses>483100001</misses>
				<total>0</total>
				<timestamp>4205.322597</timestamp>
			</report>
			<report>
				<misses>483200001</misses>
				<total>0</total>
				<timestamp>4206.200278</timestamp>
			</report>
			<report>
				<misses>483300001</misses>
				<total>0</total>
				<timestamp>4207.078156</timestamp>
			</report>
			<report>
				<misses>483400001</misses>
				<total>0</total>
				<timestamp>4207.946482</timestamp>
			</report>
			<report>
				<misses>483500001</misses>
				<total>0</total>
				<timestamp>4208.808468</timestamp>
			</report>
			<report>
				<misses>483600001</misses>
				<total>0</total>
				<timestamp>4209.686772</timestamp>
			</report>
			<report>
				<misses>483700001</misses>
				<total>0</total>
				<timestamp>4210.555990</timestamp>
			</report>
			<report>
				<misses>483800001</misses>
				<total>0</total>
				<timestamp>4211.408244</timestamp>
			</report>
			<report>
				<misses>483900001</misses>
				<total>0</total>
				<timestamp>4212.281157</timestamp>
			</report>
			<report>
				<misses>484000001</misses>
				<total>0</total>
				<timestamp>4213.154531</timestamp>
			</report>
			<report>
				<misses>484100001</misses>
				<total>0</total>
				<timestamp>4214.020786</timestamp>
			</report>
			<report>
				<misses>484200001</misses>
				<total>0</total>
				<timestamp>4214.889504</timestamp>
			</report>
			<report>
				<misses>484300001</misses>
				<total>0</total>
				<timestamp>4215.757957</timestamp>
			</report>
			<report>
				<misses>484400001</misses>
				<total>0</total>
				<timestamp>4216.633985</timestamp>
			</report>
			<report>
				<misses>484500001</misses>
				<total>0</total>
				<timestamp>4217.507178</timestamp>
			</report>
			<report>
				<misses>484600001</misses>
				<total>0</total>
				<timestamp>4218.379274</timestamp>
			</report>
			<report>
				<misses>484700001</misses>
				<total>0</total>
				<timestamp>4219.239642</timestamp>
			</report>
			<report>
				<misses>484800001</misses>
				<total>0</total>
				<timestamp>4220.107854</timestamp>
			</report>
			<report>
				<misses>484900001</misses>
				<total>0</total>
				<timestamp>4220.977425</timestamp>
			</report>
			<report>
				<misses>485000001</misses>
				<total>0</total>
				<timestamp>4221.818612</timestamp>
			</report>
			<report>
				<misses>485100001</misses>
				<total>0</total>
				<timestamp>4222.684856</timestamp>
			</report>
			<report>
				<misses>485200001</misses>
				<total>0</total>
				<timestamp>4223.553295</timestamp>
			</report>
			<report>
				<misses>485300001</misses>
				<total>0</total>
				<timestamp>4224.413330</timestamp>
			</report>
			<report>
				<misses>485400001</misses>
				<total>0</total>
				<timestamp>4225.280876</timestamp>
			</report>
			<report>
				<misses>485500001</misses>
				<total>0</total>
				<timestamp>4226.149115</timestamp>
			</report>
			<report>
				<misses>485600001</misses>
				<total>0</total>
				<timestamp>4227.022558</timestamp>
			</report>
			<report>
				<misses>485700001</misses>
				<total>0</total>
				<timestamp>4227.881014</timestamp>
			</report>
			<report>
				<misses>485800001</misses>
				<total>0</total>
				<timestamp>4228.748710</timestamp>
			</report>
			<report>
				<misses>485900001</misses>
				<total>0</total>
				<timestamp>4229.617068</timestamp>
			</report>
			<report>
				<misses>486000001</misses>
				<total>0</total>
				<timestamp>4230.495207</timestamp>
			</report>
			<report>
				<misses>486100001</misses>
				<total>0</total>
				<timestamp>4231.367298</timestamp>
			</report>
			<report>
				<misses>486200001</misses>
				<total>0</total>
				<timestamp>4232.250955</timestamp>
			</report>
			<report>
				<misses>486300001</misses>
				<total>0</total>
				<timestamp>4233.132821</timestamp>
			</report>
			<report>
				<misses>486400001</misses>
				<total>0</total>
				<timestamp>4234.011117</timestamp>
			</report>
			<report>
				<misses>486500001</misses>
				<total>0</total>
				<timestamp>4234.889951</timestamp>
			</report>
			<report>
				<misses>486600001</misses>
				<total>0</total>
				<timestamp>4235.763170</timestamp>
			</report>
			<report>
				<misses>486700001</misses>
				<total>0</total>
				<timestamp>4236.635153</timestamp>
			</report>
			<report>
				<misses>486800001</misses>
				<total>0</total>
				<timestamp>4237.503635</timestamp>
			</report>
			<report>
				<misses>486900001</misses>
				<total>0</total>
				<timestamp>4238.370487</timestamp>
			</report>
			<report>
				<misses>487000001</misses>
				<total>0</total>
				<timestamp>4239.224349</timestamp>
			</report>
			<report>
				<misses>487100001</misses>
				<total>0</total>
				<timestamp>4240.088499</timestamp>
			</report>
			<report>
				<misses>487200001</misses>
				<total>0</total>
				<timestamp>4240.951185</timestamp>
			</report>
			<report>
				<misses>487300001</misses>
				<total>0</total>
				<timestamp>4241.800476</timestamp>
			</report>
			<report>
				<misses>487400001</misses>
				<total>0</total>
				<timestamp>4242.670261</timestamp>
			</report>
			<report>
				<misses>487500001</misses>
				<total>0</total>
				<timestamp>4243.540121</timestamp>
			</report>
			<report>
				<misses>487600001</misses>
				<total>0</total>
				<timestamp>4244.421029</timestamp>
			</report>
			<report>
				<misses>487700001</misses>
				<total>0</total>
				<timestamp>4245.287118</timestamp>
			</report>
			<report>
				<misses>487800001</misses>
				<total>0</total>
				<timestamp>4246.160386</timestamp>
			</report>
			<report>
				<misses>487900001</misses>
				<total>0</total>
				<timestamp>4247.010924</timestamp>
			</report>
			<report>
				<misses>488000001</misses>
				<total>0</total>
				<timestamp>4247.885930</timestamp>
			</report>
			<report>
				<misses>488100001</misses>
				<total>0</total>
				<timestamp>4248.759120</timestamp>
			</report>
			<report>
				<misses>488200001</misses>
				<total>0</total>
				<timestamp>4249.624175</timestamp>
			</report>
			<report>
				<misses>488300001</misses>
				<total>0</total>
				<timestamp>4250.493671</timestamp>
			</report>
			<report>
				<misses>488400001</misses>
				<total>0</total>
				<timestamp>4251.366717</timestamp>
			</report>
			<report>
				<misses>488500001</misses>
				<total>0</total>
				<timestamp>4252.235421</timestamp>
			</report>
			<report>
				<misses>488600001</misses>
				<total>0</total>
				<timestamp>4253.103474</timestamp>
			</report>
			<report>
				<misses>488700001</misses>
				<total>0</total>
				<timestamp>4253.967634</timestamp>
			</report>
			<report>
				<misses>488800001</misses>
				<total>0</total>
				<timestamp>4254.851034</timestamp>
			</report>
			<report>
				<misses>488900001</misses>
				<total>0</total>
				<timestamp>4255.716005</timestamp>
			</report>
			<report>
				<misses>489000001</misses>
				<total>0</total>
				<timestamp>4256.587483</timestamp>
			</report>
			<report>
				<misses>489100001</misses>
				<total>0</total>
				<timestamp>4257.463495</timestamp>
			</report>
			<report>
				<misses>489200001</misses>
				<total>0</total>
				<timestamp>4258.346892</timestamp>
			</report>
			<report>
				<misses>489300001</misses>
				<total>0</total>
				<timestamp>4259.230842</timestamp>
			</report>
			<report>
				<misses>489400001</misses>
				<total>0</total>
				<timestamp>4260.105985</timestamp>
			</report>
			<report>
				<misses>489500001</misses>
				<total>0</total>
				<timestamp>4260.983980</timestamp>
			</report>
			<report>
				<misses>489600001</misses>
				<total>0</total>
				<timestamp>4261.861348</timestamp>
			</report>
			<report>
				<misses>489700001</misses>
				<total>0</total>
				<timestamp>4262.730685</timestamp>
			</report>
			<report>
				<misses>489800001</misses>
				<total>0</total>
				<timestamp>4263.609257</timestamp>
			</report>
			<report>
				<misses>489900001</misses>
				<total>0</total>
				<timestamp>4264.471079</timestamp>
			</report>
			<report>
				<misses>490000001</misses>
				<total>0</total>
				<timestamp>4265.328255</timestamp>
			</report>
			<report>
				<misses>490100001</misses>
				<total>0</total>
				<timestamp>4266.193782</timestamp>
			</report>
			<report>
				<misses>490200001</misses>
				<total>0</total>
				<timestamp>4267.053299</timestamp>
			</report>
			<report>
				<misses>490300001</misses>
				<total>0</total>
				<timestamp>4267.917795</timestamp>
			</report>
			<report>
				<misses>490400001</misses>
				<total>0</total>
				<timestamp>4268.778593</timestamp>
			</report>
			<report>
				<misses>490500001</misses>
				<total>0</total>
				<timestamp>4269.652609</timestamp>
			</report>
			<report>
				<misses>490600001</misses>
				<total>0</total>
				<timestamp>4270.519602</timestamp>
			</report>
			<report>
				<misses>490700001</misses>
				<total>0</total>
				<timestamp>4271.384608</timestamp>
			</report>
			<report>
				<misses>490800001</misses>
				<total>0</total>
				<timestamp>4272.255532</timestamp>
			</report>
			<report>
				<misses>490900001</misses>
				<total>0</total>
				<timestamp>4273.128669</timestamp>
			</report>
			<report>
				<misses>491000001</misses>
				<total>0</total>
				<timestamp>4273.999086</timestamp>
			</report>
			<report>
				<misses>491100001</misses>
				<total>0</total>
				<timestamp>4274.861517</timestamp>
			</report>
			<report>
				<misses>491200001</misses>
				<total>0</total>
				<timestamp>4275.741560</timestamp>
			</report>
			<report>
				<misses>491300001</misses>
				<total>0</total>
				<timestamp>4276.604923</timestamp>
			</report>
			<report>
				<misses>491400001</misses>
				<total>0</total>
				<timestamp>4277.488560</timestamp>
			</report>
			<report>
				<misses>491500001</misses>
				<total>0</total>
				<timestamp>4278.358759</timestamp>
			</report>
			<report>
				<misses>491600001</misses>
				<total>0</total>
				<timestamp>4279.242246</timestamp>
			</report>
			<report>
				<misses>491700001</misses>
				<total>0</total>
				<timestamp>4280.112062</timestamp>
			</report>
			<report>
				<misses>491800001</misses>
				<total>0</total>
				<timestamp>4280.983910</timestamp>
			</report>
			<report>
				<misses>491900001</misses>
				<total>0</total>
				<timestamp>4281.855444</timestamp>
			</report>
			<report>
				<misses>492000001</misses>
				<total>0</total>
				<timestamp>4282.717103</timestamp>
			</report>
			<report>
				<misses>492100001</misses>
				<total>0</total>
				<timestamp>4283.567892</timestamp>
			</report>
			<report>
				<misses>492200001</misses>
				<total>0</total>
				<timestamp>4284.421946</timestamp>
			</report>
			<report>
				<misses>492300001</misses>
				<total>0</total>
				<timestamp>4285.280714</timestamp>
			</report>
			<report>
				<misses>492400001</misses>
				<total>0</total>
				<timestamp>4286.159544</timestamp>
			</report>
			<report>
				<misses>492500001</misses>
				<total>0</total>
				<timestamp>4287.030642</timestamp>
			</report>
			<report>
				<misses>492600001</misses>
				<total>0</total>
				<timestamp>4287.917402</timestamp>
			</report>
			<report>
				<misses>492700001</misses>
				<total>0</total>
				<timestamp>4288.789487</timestamp>
			</report>
			<report>
				<misses>492800001</misses>
				<total>0</total>
				<timestamp>4289.678050</timestamp>
			</report>
			<report>
				<misses>492900001</misses>
				<total>0</total>
				<timestamp>4290.549704</timestamp>
			</report>
			<report>
				<misses>493000001</misses>
				<total>0</total>
				<timestamp>4291.411478</timestamp>
			</report>
			<report>
				<misses>493100001</misses>
				<total>0</total>
				<timestamp>4292.279818</timestamp>
			</report>
			<report>
				<misses>493200001</misses>
				<total>0</total>
				<timestamp>4293.146549</timestamp>
			</report>
			<report>
				<misses>493300001</misses>
				<total>0</total>
				<timestamp>4294.022348</timestamp>
			</report>
			<report>
				<misses>493400001</misses>
				<total>0</total>
				<timestamp>4294.889891</timestamp>
			</report>
			<report>
				<misses>493500001</misses>
				<total>0</total>
				<timestamp>4295.763943</timestamp>
			</report>
			<report>
				<misses>493600001</misses>
				<total>0</total>
				<timestamp>4296.659332</timestamp>
			</report>
			<report>
				<misses>493700001</misses>
				<total>0</total>
				<timestamp>4297.548200</timestamp>
			</report>
			<report>
				<misses>493800001</misses>
				<total>0</total>
				<timestamp>4298.440081</timestamp>
			</report>
			<report>
				<misses>493900001</misses>
				<total>0</total>
				<timestamp>4299.328018</timestamp>
			</report>
			<report>
				<misses>494000001</misses>
				<total>0</total>
				<timestamp>4300.210822</timestamp>
			</report>
			<report>
				<misses>494100001</misses>
				<total>0</total>
				<timestamp>4301.087256</timestamp>
			</report>
			<report>
				<misses>494200001</misses>
				<total>0</total>
				<timestamp>4301.962887</timestamp>
			</report>
			<report>
				<misses>494300001</misses>
				<total>0</total>
				<timestamp>4302.831168</timestamp>
			</report>
			<report>
				<misses>494400001</misses>
				<total>0</total>
				<timestamp>4303.698120</timestamp>
			</report>
			<report>
				<misses>494500001</misses>
				<total>0</total>
				<timestamp>4304.564300</timestamp>
			</report>
			<report>
				<misses>494600001</misses>
				<total>0</total>
				<timestamp>4305.437609</timestamp>
			</report>
			<report>
				<misses>494700001</misses>
				<total>0</total>
				<timestamp>4306.273444</timestamp>
			</report>
			<report>
				<misses>494800001</misses>
				<total>0</total>
				<timestamp>4307.128743</timestamp>
			</report>
			<report>
				<misses>494900001</misses>
				<total>0</total>
				<timestamp>4307.998459</timestamp>
			</report>
			<report>
				<misses>495000001</misses>
				<total>0</total>
				<timestamp>4308.863582</timestamp>
			</report>
			<report>
				<misses>495100001</misses>
				<total>0</total>
				<timestamp>4309.735380</timestamp>
			</report>
			<report>
				<misses>495200001</misses>
				<total>0</total>
				<timestamp>4310.599258</timestamp>
			</report>
			<report>
				<misses>495300001</misses>
				<total>0</total>
				<timestamp>4311.467229</timestamp>
			</report>
			<report>
				<misses>495400001</misses>
				<total>0</total>
				<timestamp>4312.332597</timestamp>
			</report>
			<report>
				<misses>495500001</misses>
				<total>0</total>
				<timestamp>4313.200898</timestamp>
			</report>
			<report>
				<misses>495600001</misses>
				<total>0</total>
				<timestamp>4314.074018</timestamp>
			</report>
			<report>
				<misses>495700001</misses>
				<total>0</total>
				<timestamp>4314.953424</timestamp>
			</report>
			<report>
				<misses>495800001</misses>
				<total>0</total>
				<timestamp>4315.829781</timestamp>
			</report>
			<report>
				<misses>495900001</misses>
				<total>0</total>
				<timestamp>4316.703286</timestamp>
			</report>
			<report>
				<misses>496000001</misses>
				<total>0</total>
				<timestamp>4317.570744</timestamp>
			</report>
			<report>
				<misses>496100001</misses>
				<total>0</total>
				<timestamp>4318.436853</timestamp>
			</report>
			<report>
				<misses>496200001</misses>
				<total>0</total>
				<timestamp>4319.319019</timestamp>
			</report>
			<report>
				<misses>496300001</misses>
				<total>0</total>
				<timestamp>4320.194606</timestamp>
			</report>
			<report>
				<misses>496400001</misses>
				<total>0</total>
				<timestamp>4321.052649</timestamp>
			</report>
			<report>
				<misses>496500001</misses>
				<total>0</total>
				<timestamp>4321.921241</timestamp>
			</report>
			<report>
				<misses>496600001</misses>
				<total>0</total>
				<timestamp>4322.790551</timestamp>
			</report>
			<report>
				<misses>496700001</misses>
				<total>0</total>
				<timestamp>4323.658425</timestamp>
			</report>
			<report>
				<misses>496800001</misses>
				<total>0</total>
				<timestamp>4324.523767</timestamp>
			</report>
			<report>
				<misses>496900001</misses>
				<total>0</total>
				<timestamp>4325.391147</timestamp>
			</report>
			<report>
				<misses>497000001</misses>
				<total>0</total>
				<timestamp>4326.266372</timestamp>
			</report>
			<report>
				<misses>497100001</misses>
				<total>0</total>
				<timestamp>4327.132800</timestamp>
			</report>
			<report>
				<misses>497200001</misses>
				<total>0</total>
				<timestamp>4328.012412</timestamp>
			</report>
			<report>
				<misses>497300001</misses>
				<total>0</total>
				<timestamp>4328.873949</timestamp>
			</report>
			<report>
				<misses>497400001</misses>
				<total>0</total>
				<timestamp>4329.734398</timestamp>
			</report>
			<report>
				<misses>497500001</misses>
				<total>0</total>
				<timestamp>4330.600090</timestamp>
			</report>
			<report>
				<misses>497600001</misses>
				<total>0</total>
				<timestamp>4331.462619</timestamp>
			</report>
			<report>
				<misses>497700001</misses>
				<total>0</total>
				<timestamp>4332.324525</timestamp>
			</report>
			<report>
				<misses>497800001</misses>
				<total>0</total>
				<timestamp>4333.180773</timestamp>
			</report>
			<report>
				<misses>497900001</misses>
				<total>0</total>
				<timestamp>4334.054660</timestamp>
			</report>
			<report>
				<misses>498000001</misses>
				<total>0</total>
				<timestamp>4334.923702</timestamp>
			</report>
			<report>
				<misses>498100001</misses>
				<total>0</total>
				<timestamp>4335.787596</timestamp>
			</report>
			<report>
				<misses>498200001</misses>
				<total>0</total>
				<timestamp>4336.648902</timestamp>
			</report>
			<report>
				<misses>498300001</misses>
				<total>0</total>
				<timestamp>4337.503189</timestamp>
			</report>
			<report>
				<misses>498400001</misses>
				<total>0</total>
				<timestamp>4338.385771</timestamp>
			</report>
			<report>
				<misses>498500001</misses>
				<total>0</total>
				<timestamp>4339.270303</timestamp>
			</report>
			<report>
				<misses>498600001</misses>
				<total>0</total>
				<timestamp>4340.139127</timestamp>
			</report>
			<report>
				<misses>498700001</misses>
				<total>0</total>
				<timestamp>4341.012077</timestamp>
			</report>
			<report>
				<misses>498800001</misses>
				<total>0</total>
				<timestamp>4341.900703</timestamp>
			</report>
			<report>
				<misses>498900001</misses>
				<total>0</total>
				<timestamp>4342.777777</timestamp>
			</report>
			<report>
				<misses>499000001</misses>
				<total>0</total>
				<timestamp>4343.643516</timestamp>
			</report>
			<report>
				<misses>499100001</misses>
				<total>0</total>
				<timestamp>4344.511357</timestamp>
			</report>
			<report>
				<misses>499200001</misses>
				<total>0</total>
				<timestamp>4345.383204</timestamp>
			</report>
			<report>
				<misses>499300001</misses>
				<total>0</total>
				<timestamp>4346.258968</timestamp>
			</report>
			<report>
				<misses>499400001</misses>
				<total>0</total>
				<timestamp>4347.129791</timestamp>
			</report>
			<report>
				<misses>499500001</misses>
				<total>0</total>
				<timestamp>4347.995728</timestamp>
			</report>
			<report>
				<misses>499600001</misses>
				<total>0</total>
				<timestamp>4348.857508</timestamp>
			</report>
			<report>
				<misses>499700001</misses>
				<total>0</total>
				<timestamp>4349.726713</timestamp>
			</report>
			<report>
				<misses>499800001</misses>
				<total>0</total>
				<timestamp>4350.608296</timestamp>
			</report>
			<report>
				<misses>499900001</misses>
				<total>0</total>
				<timestamp>4351.475215</timestamp>
			</report>
			<report>
				<misses>500000001</misses>
				<total>0</total>
				<timestamp>4352.345792</timestamp>
			</report>
			<report>
				<misses>500100001</misses>
				<total>0</total>
				<timestamp>4353.201913</timestamp>
			</report>
			<report>
				<misses>500200001</misses>
				<total>0</total>
				<timestamp>4354.073733</timestamp>
			</report>
			<report>
				<misses>500300001</misses>
				<total>0</total>
				<timestamp>4354.948756</timestamp>
			</report>
			<report>
				<misses>500400001</misses>
				<total>0</total>
				<timestamp>4355.818683</timestamp>
			</report>
			<report>
				<misses>500500001</misses>
				<total>0</total>
				<timestamp>4356.688489</timestamp>
			</report>
			<report>
				<misses>500600001</misses>
				<total>0</total>
				<timestamp>4357.553850</timestamp>
			</report>
			<report>
				<misses>500700001</misses>
				<total>0</total>
				<timestamp>4358.419707</timestamp>
			</report>
			<report>
				<misses>500800001</misses>
				<total>0</total>
				<timestamp>4359.295588</timestamp>
			</report>
			<report>
				<misses>500900001</misses>
				<total>0</total>
				<timestamp>4360.166889</timestamp>
			</report>
			<report>
				<misses>501000001</misses>
				<total>0</total>
				<timestamp>4361.028100</timestamp>
			</report>
			<report>
				<misses>501100001</misses>
				<total>0</total>
				<timestamp>4361.902566</timestamp>
			</report>
			<report>
				<misses>501200001</misses>
				<total>0</total>
				<timestamp>4362.767493</timestamp>
			</report>
			<report>
				<misses>501300001</misses>
				<total>0</total>
				<timestamp>4363.642483</timestamp>
			</report>
			<report>
				<misses>501400001</misses>
				<total>0</total>
				<timestamp>4364.507591</timestamp>
			</report>
			<report>
				<misses>501500001</misses>
				<total>0</total>
				<timestamp>4365.375340</timestamp>
			</report>
			<report>
				<misses>501600001</misses>
				<total>0</total>
				<timestamp>4366.232062</timestamp>
			</report>
			<report>
				<misses>501700001</misses>
				<total>0</total>
				<timestamp>4367.102121</timestamp>
			</report>
			<report>
				<misses>501800001</misses>
				<total>0</total>
				<timestamp>4367.973225</timestamp>
			</report>
			<report>
				<misses>501900001</misses>
				<total>0</total>
				<timestamp>4368.849064</timestamp>
			</report>
			<report>
				<misses>502000001</misses>
				<total>0</total>
				<timestamp>4369.726886</timestamp>
			</report>
			<report>
				<misses>502100001</misses>
				<total>0</total>
				<timestamp>4370.604818</timestamp>
			</report>
			<report>
				<misses>502200001</misses>
				<total>0</total>
				<timestamp>4371.459310</timestamp>
			</report>
			<report>
				<misses>502300001</misses>
				<total>0</total>
				<timestamp>4372.326205</timestamp>
			</report>
			<report>
				<misses>502400001</misses>
				<total>0</total>
				<timestamp>4373.187352</timestamp>
			</report>
			<report>
				<misses>502500001</misses>
				<total>0</total>
				<timestamp>4374.055988</timestamp>
			</report>
			<report>
				<misses>502600001</misses>
				<total>0</total>
				<timestamp>4374.928338</timestamp>
			</report>
			<report>
				<misses>502700001</misses>
				<total>0</total>
				<timestamp>4375.799281</timestamp>
			</report>
			<report>
				<misses>502800001</misses>
				<total>0</total>
				<timestamp>4376.672640</timestamp>
			</report>
			<report>
				<misses>502900001</misses>
				<total>0</total>
				<timestamp>4377.547396</timestamp>
			</report>
			<report>
				<misses>503000001</misses>
				<total>0</total>
				<timestamp>4378.422072</timestamp>
			</report>
			<report>
				<misses>503100001</misses>
				<total>0</total>
				<timestamp>4379.291453</timestamp>
			</report>
			<report>
				<misses>503200001</misses>
				<total>0</total>
				<timestamp>4380.170329</timestamp>
			</report>
			<report>
				<misses>503300001</misses>
				<total>0</total>
				<timestamp>4381.051992</timestamp>
			</report>
			<report>
				<misses>503400001</misses>
				<total>0</total>
				<timestamp>4381.943788</timestamp>
			</report>
			<report>
				<misses>503500001</misses>
				<total>0</total>
				<timestamp>4382.822508</timestamp>
			</report>
			<report>
				<misses>503600001</misses>
				<total>0</total>
				<timestamp>4383.707578</timestamp>
			</report>
			<report>
				<misses>503700001</misses>
				<total>0</total>
				<timestamp>4384.581200</timestamp>
			</report>
			<report>
				<misses>503800001</misses>
				<total>0</total>
				<timestamp>4385.449462</timestamp>
			</report>
			<report>
				<misses>503900001</misses>
				<total>0</total>
				<timestamp>4386.320037</timestamp>
			</report>
			<report>
				<misses>504000001</misses>
				<total>0</total>
				<timestamp>4387.187568</timestamp>
			</report>
			<report>
				<misses>504100001</misses>
				<total>0</total>
				<timestamp>4388.062946</timestamp>
			</report>
			<report>
				<misses>504200001</misses>
				<total>0</total>
				<timestamp>4388.929596</timestamp>
			</report>
			<report>
				<misses>504300001</misses>
				<total>0</total>
				<timestamp>4389.798733</timestamp>
			</report>
			<report>
				<misses>504400001</misses>
				<total>0</total>
				<timestamp>4390.668786</timestamp>
			</report>
			<report>
				<misses>504500001</misses>
				<total>0</total>
				<timestamp>4391.535453</timestamp>
			</report>
			<report>
				<misses>504600001</misses>
				<total>0</total>
				<timestamp>4392.395498</timestamp>
			</report>
			<report>
				<misses>504700001</misses>
				<total>0</total>
				<timestamp>4393.263827</timestamp>
			</report>
			<report>
				<misses>504800001</misses>
				<total>0</total>
				<timestamp>4394.127874</timestamp>
			</report>
			<report>
				<misses>504900001</misses>
				<total>0</total>
				<timestamp>4395.001062</timestamp>
			</report>
			<report>
				<misses>505000001</misses>
				<total>0</total>
				<timestamp>4395.871432</timestamp>
			</report>
			<report>
				<misses>505100001</misses>
				<total>0</total>
				<timestamp>4396.735169</timestamp>
			</report>
			<report>
				<misses>505200001</misses>
				<total>0</total>
				<timestamp>4397.603713</timestamp>
			</report>
			<report>
				<misses>505300001</misses>
				<total>0</total>
				<timestamp>4398.477855</timestamp>
			</report>
			<report>
				<misses>505400001</misses>
				<total>0</total>
				<timestamp>4399.347546</timestamp>
			</report>
			<report>
				<misses>505500001</misses>
				<total>0</total>
				<timestamp>4400.212769</timestamp>
			</report>
			<report>
				<misses>505600001</misses>
				<total>0</total>
				<timestamp>4401.084457</timestamp>
			</report>
			<report>
				<misses>505700001</misses>
				<total>0</total>
				<timestamp>4401.953292</timestamp>
			</report>
			<report>
				<misses>505800001</misses>
				<total>0</total>
				<timestamp>4402.821884</timestamp>
			</report>
			<report>
				<misses>505900001</misses>
				<total>0</total>
				<timestamp>4403.690012</timestamp>
			</report>
			<report>
				<misses>506000001</misses>
				<total>0</total>
				<timestamp>4404.554146</timestamp>
			</report>
			<report>
				<misses>506100001</misses>
				<total>0</total>
				<timestamp>4405.420796</timestamp>
			</report>
			<report>
				<misses>506200001</misses>
				<total>0</total>
				<timestamp>4406.290124</timestamp>
			</report>
			<report>
				<misses>506300001</misses>
				<total>0</total>
				<timestamp>4407.159874</timestamp>
			</report>
			<report>
				<misses>506400001</misses>
				<total>0</total>
				<timestamp>4407.997128</timestamp>
			</report>
			<report>
				<misses>506500001</misses>
				<total>0</total>
				<timestamp>4408.861949</timestamp>
			</report>
			<report>
				<misses>506600001</misses>
				<total>0</total>
				<timestamp>4409.735260</timestamp>
			</report>
			<report>
				<misses>506700001</misses>
				<total>0</total>
				<timestamp>4410.612583</timestamp>
			</report>
			<report>
				<misses>506800001</misses>
				<total>0</total>
				<timestamp>4411.480155</timestamp>
			</report>
			<report>
				<misses>506900001</misses>
				<total>0</total>
				<timestamp>4412.347992</timestamp>
			</report>
			<report>
				<misses>507000001</misses>
				<total>0</total>
				<timestamp>4413.216102</timestamp>
			</report>
			<report>
				<misses>507100001</misses>
				<total>0</total>
				<timestamp>4414.080109</timestamp>
			</report>
			<report>
				<misses>507200001</misses>
				<total>0</total>
				<timestamp>4414.947082</timestamp>
			</report>
			<report>
				<misses>507300001</misses>
				<total>0</total>
				<timestamp>4415.822738</timestamp>
			</report>
			<report>
				<misses>507400001</misses>
				<total>0</total>
				<timestamp>4416.694176</timestamp>
			</report>
			<report>
				<misses>507500001</misses>
				<total>0</total>
				<timestamp>4417.560674</timestamp>
			</report>
			<report>
				<misses>507600001</misses>
				<total>0</total>
				<timestamp>4418.425237</timestamp>
			</report>
			<report>
				<misses>507700001</misses>
				<total>0</total>
				<timestamp>4419.283218</timestamp>
			</report>
			<report>
				<misses>507800001</misses>
				<total>0</total>
				<timestamp>4420.147185</timestamp>
			</report>
			<report>
				<misses>507900001</misses>
				<total>0</total>
				<timestamp>4421.013067</timestamp>
			</report>
			<report>
				<misses>508000001</misses>
				<total>0</total>
				<timestamp>4421.897330</timestamp>
			</report>
			<report>
				<misses>508100001</misses>
				<total>0</total>
				<timestamp>4422.786556</timestamp>
			</report>
			<report>
				<misses>508200001</misses>
				<total>0</total>
				<timestamp>4423.660132</timestamp>
			</report>
			<report>
				<misses>508300001</misses>
				<total>0</total>
				<timestamp>4424.547116</timestamp>
			</report>
			<report>
				<misses>508400001</misses>
				<total>0</total>
				<timestamp>4425.418743</timestamp>
			</report>
			<report>
				<misses>508500001</misses>
				<total>0</total>
				<timestamp>4426.286777</timestamp>
			</report>
			<report>
				<misses>508600001</misses>
				<total>0</total>
				<timestamp>4427.165616</timestamp>
			</report>
			<report>
				<misses>508700001</misses>
				<total>0</total>
				<timestamp>4428.044920</timestamp>
			</report>
			<report>
				<misses>508800001</misses>
				<total>0</total>
				<timestamp>4428.916502</timestamp>
			</report>
			<report>
				<misses>508900001</misses>
				<total>0</total>
				<timestamp>4429.775592</timestamp>
			</report>
			<report>
				<misses>509000001</misses>
				<total>0</total>
				<timestamp>4430.660652</timestamp>
			</report>
			<report>
				<misses>509100001</misses>
				<total>0</total>
				<timestamp>4431.529321</timestamp>
			</report>
			<report>
				<misses>509200001</misses>
				<total>0</total>
				<timestamp>4432.399875</timestamp>
			</report>
			<report>
				<misses>509300001</misses>
				<total>0</total>
				<timestamp>4433.278899</timestamp>
			</report>
			<report>
				<misses>509400001</misses>
				<total>0</total>
				<timestamp>4434.133110</timestamp>
			</report>
			<report>
				<misses>509500001</misses>
				<total>0</total>
				<timestamp>4435.011031</timestamp>
			</report>
			<report>
				<misses>509600001</misses>
				<total>0</total>
				<timestamp>4435.884966</timestamp>
			</report>
			<report>
				<misses>509700001</misses>
				<total>0</total>
				<timestamp>4436.760169</timestamp>
			</report>
			<report>
				<misses>509800001</misses>
				<total>0</total>
				<timestamp>4437.633076</timestamp>
			</report>
			<report>
				<misses>509900001</misses>
				<total>0</total>
				<timestamp>4438.493941</timestamp>
			</report>
			<report>
				<misses>510000001</misses>
				<total>0</total>
				<timestamp>4439.371069</timestamp>
			</report>
			<report>
				<misses>510100001</misses>
				<total>0</total>
				<timestamp>4440.243580</timestamp>
			</report>
			<report>
				<misses>510200001</misses>
				<total>0</total>
				<timestamp>4441.111137</timestamp>
			</report>
			<report>
				<misses>510300001</misses>
				<total>0</total>
				<timestamp>4441.985162</timestamp>
			</report>
			<report>
				<misses>510400001</misses>
				<total>0</total>
				<timestamp>4442.859488</timestamp>
			</report>
			<report>
				<misses>510500001</misses>
				<total>0</total>
				<timestamp>4443.728906</timestamp>
			</report>
			<report>
				<misses>510600001</misses>
				<total>0</total>
				<timestamp>4444.589813</timestamp>
			</report>
			<report>
				<misses>510700001</misses>
				<total>0</total>
				<timestamp>4445.467231</timestamp>
			</report>
			<report>
				<misses>510800001</misses>
				<total>0</total>
				<timestamp>4446.336503</timestamp>
			</report>
			<report>
				<misses>510900001</misses>
				<total>0</total>
				<timestamp>4447.213918</timestamp>
			</report>
			<report>
				<misses>511000001</misses>
				<total>0</total>
				<timestamp>4448.089124</timestamp>
			</report>
			<report>
				<misses>511100001</misses>
				<total>0</total>
				<timestamp>4448.956989</timestamp>
			</report>
			<report>
				<misses>511200001</misses>
				<total>0</total>
				<timestamp>4449.818469</timestamp>
			</report>
			<report>
				<misses>511300001</misses>
				<total>0</total>
				<timestamp>4450.694660</timestamp>
			</report>
			<report>
				<misses>511400001</misses>
				<total>0</total>
				<timestamp>4451.573785</timestamp>
			</report>
			<report>
				<misses>511500001</misses>
				<total>0</total>
				<timestamp>4452.442654</timestamp>
			</report>
			<report>
				<misses>511600001</misses>
				<total>0</total>
				<timestamp>4453.303973</timestamp>
			</report>
			<report>
				<misses>511700001</misses>
				<total>0</total>
				<timestamp>4454.179512</timestamp>
			</report>
			<report>
				<misses>511800001</misses>
				<total>0</total>
				<timestamp>4455.048526</timestamp>
			</report>
			<report>
				<misses>511900001</misses>
				<total>0</total>
				<timestamp>4455.926946</timestamp>
			</report>
			<report>
				<misses>512000001</misses>
				<total>0</total>
				<timestamp>4456.797160</timestamp>
			</report>
			<report>
				<misses>512100001</misses>
				<total>0</total>
				<timestamp>4457.673087</timestamp>
			</report>
			<report>
				<misses>512200001</misses>
				<total>0</total>
				<timestamp>4458.542515</timestamp>
			</report>
			<report>
				<misses>512300001</misses>
				<total>0</total>
				<timestamp>4459.402253</timestamp>
			</report>
			<report>
				<misses>512400001</misses>
				<total>0</total>
				<timestamp>4460.280408</timestamp>
			</report>
			<report>
				<misses>512500001</misses>
				<total>0</total>
				<timestamp>4461.159763</timestamp>
			</report>
			<report>
				<misses>512600001</misses>
				<total>0</total>
				<timestamp>4462.050406</timestamp>
			</report>
			<report>
				<misses>512700001</misses>
				<total>0</total>
				<timestamp>4462.920570</timestamp>
			</report>
			<report>
				<misses>512800001</misses>
				<total>0</total>
				<timestamp>4463.805859</timestamp>
			</report>
			<report>
				<misses>512900001</misses>
				<total>0</total>
				<timestamp>4464.684417</timestamp>
			</report>
			<report>
				<misses>513000001</misses>
				<total>0</total>
				<timestamp>4465.553617</timestamp>
			</report>
			<report>
				<misses>513100001</misses>
				<total>0</total>
				<timestamp>4466.422548</timestamp>
			</report>
			<report>
				<misses>513200001</misses>
				<total>0</total>
				<timestamp>4467.292426</timestamp>
			</report>
			<report>
				<misses>513300001</misses>
				<total>0</total>
				<timestamp>4468.169210</timestamp>
			</report>
			<report>
				<misses>513400001</misses>
				<total>0</total>
				<timestamp>4469.034117</timestamp>
			</report>
			<report>
				<misses>513500001</misses>
				<total>0</total>
				<timestamp>4469.897356</timestamp>
			</report>
			<report>
				<misses>513600001</misses>
				<total>0</total>
				<timestamp>4470.763802</timestamp>
			</report>
			<report>
				<misses>513700001</misses>
				<total>0</total>
				<timestamp>4471.640304</timestamp>
			</report>
			<report>
				<misses>513800001</misses>
				<total>0</total>
				<timestamp>4472.522567</timestamp>
			</report>
			<report>
				<misses>513900001</misses>
				<total>0</total>
				<timestamp>4473.391613</timestamp>
			</report>
			<report>
				<misses>514000001</misses>
				<total>0</total>
				<timestamp>4474.271268</timestamp>
			</report>
			<report>
				<misses>514100001</misses>
				<total>0</total>
				<timestamp>4475.142600</timestamp>
			</report>
			<report>
				<misses>514200001</misses>
				<total>0</total>
				<timestamp>4476.008032</timestamp>
			</report>
			<report>
				<misses>514300001</misses>
				<total>0</total>
				<timestamp>4476.881345</timestamp>
			</report>
			<report>
				<misses>514400001</misses>
				<total>0</total>
				<timestamp>4477.734507</timestamp>
			</report>
			<report>
				<misses>514500001</misses>
				<total>0</total>
				<timestamp>4478.610156</timestamp>
			</report>
			<report>
				<misses>514600001</misses>
				<total>0</total>
				<timestamp>4479.485219</timestamp>
			</report>
			<report>
				<misses>514700001</misses>
				<total>0</total>
				<timestamp>4480.358666</timestamp>
			</report>
			<report>
				<misses>514800001</misses>
				<total>0</total>
				<timestamp>4481.236405</timestamp>
			</report>
			<report>
				<misses>514900001</misses>
				<total>0</total>
				<timestamp>4482.113874</timestamp>
			</report>
			<report>
				<misses>515000001</misses>
				<total>0</total>
				<timestamp>4482.978445</timestamp>
			</report>
			<report>
				<misses>515100001</misses>
				<total>0</total>
				<timestamp>4483.844193</timestamp>
			</report>
			<report>
				<misses>515200001</misses>
				<total>0</total>
				<timestamp>4484.706622</timestamp>
			</report>
			<report>
				<misses>515300001</misses>
				<total>0</total>
				<timestamp>4485.563080</timestamp>
			</report>
			<report>
				<misses>515400001</misses>
				<total>0</total>
				<timestamp>4486.447504</timestamp>
			</report>
			<report>
				<misses>515500001</misses>
				<total>0</total>
				<timestamp>4487.309133</timestamp>
			</report>
			<report>
				<misses>515600001</misses>
				<total>0</total>
				<timestamp>4488.181591</timestamp>
			</report>
			<report>
				<misses>515700001</misses>
				<total>0</total>
				<timestamp>4489.053614</timestamp>
			</report>
			<report>
				<misses>515800001</misses>
				<total>0</total>
				<timestamp>4489.916460</timestamp>
			</report>
			<report>
				<misses>515900001</misses>
				<total>0</total>
				<timestamp>4490.788561</timestamp>
			</report>
			<report>
				<misses>516000001</misses>
				<total>0</total>
				<timestamp>4491.659623</timestamp>
			</report>
			<report>
				<misses>516100001</misses>
				<total>0</total>
				<timestamp>4492.533314</timestamp>
			</report>
			<report>
				<misses>516200001</misses>
				<total>0</total>
				<timestamp>4493.389681</timestamp>
			</report>
			<report>
				<misses>516300001</misses>
				<total>0</total>
				<timestamp>4494.251790</timestamp>
			</report>
			<report>
				<misses>516400001</misses>
				<total>0</total>
				<timestamp>4495.114074</timestamp>
			</report>
			<report>
				<misses>516500001</misses>
				<total>0</total>
				<timestamp>4495.987969</timestamp>
			</report>
			<report>
				<misses>516600001</misses>
				<total>0</total>
				<timestamp>4496.870265</timestamp>
			</report>
			<report>
				<misses>516700001</misses>
				<total>0</total>
				<timestamp>4497.743041</timestamp>
			</report>
			<report>
				<misses>516800001</misses>
				<total>0</total>
				<timestamp>4498.605733</timestamp>
			</report>
			<report>
				<misses>516900001</misses>
				<total>0</total>
				<timestamp>4499.488806</timestamp>
			</report>
			<report>
				<misses>517000001</misses>
				<total>0</total>
				<timestamp>4500.364712</timestamp>
			</report>
			<report>
				<misses>517100001</misses>
				<total>0</total>
				<timestamp>4501.237227</timestamp>
			</report>
			<report>
				<misses>517200001</misses>
				<total>0</total>
				<timestamp>4502.119502</timestamp>
			</report>
			<report>
				<misses>517300001</misses>
				<total>0</total>
				<timestamp>4502.998382</timestamp>
			</report>
			<report>
				<misses>517400001</misses>
				<total>0</total>
				<timestamp>4503.877237</timestamp>
			</report>
			<report>
				<misses>517500001</misses>
				<total>0</total>
				<timestamp>4504.752873</timestamp>
			</report>
			<report>
				<misses>517600001</misses>
				<total>0</total>
				<timestamp>4505.626955</timestamp>
			</report>
			<report>
				<misses>517700001</misses>
				<total>0</total>
				<timestamp>4506.512351</timestamp>
			</report>
			<report>
				<misses>517800001</misses>
				<total>0</total>
				<timestamp>4507.386121</timestamp>
			</report>
			<report>
				<misses>517900001</misses>
				<total>0</total>
				<timestamp>4508.274775</timestamp>
			</report>
			<report>
				<misses>518000001</misses>
				<total>0</total>
				<timestamp>4509.127640</timestamp>
			</report>
			<report>
				<misses>518100001</misses>
				<total>0</total>
				<timestamp>4510.001908</timestamp>
			</report>
			<report>
				<misses>518200001</misses>
				<total>0</total>
				<timestamp>4510.873307</timestamp>
			</report>
			<report>
				<misses>518300001</misses>
				<total>0</total>
				<timestamp>4511.750800</timestamp>
			</report>
			<report>
				<misses>518400001</misses>
				<total>0</total>
				<timestamp>4512.622104</timestamp>
			</report>
			<report>
				<misses>518500001</misses>
				<total>0</total>
				<timestamp>4513.491673</timestamp>
			</report>
			<report>
				<misses>518600001</misses>
				<total>0</total>
				<timestamp>4514.360834</timestamp>
			</report>
			<report>
				<misses>518700001</misses>
				<total>0</total>
				<timestamp>4515.222977</timestamp>
			</report>
			<report>
				<misses>518800001</misses>
				<total>0</total>
				<timestamp>4516.086419</timestamp>
			</report>
			<report>
				<misses>518900001</misses>
				<total>0</total>
				<timestamp>4516.966528</timestamp>
			</report>
			<report>
				<misses>519000001</misses>
				<total>0</total>
				<timestamp>4517.839987</timestamp>
			</report>
			<report>
				<misses>519100001</misses>
				<total>0</total>
				<timestamp>4518.708335</timestamp>
			</report>
			<report>
				<misses>519200001</misses>
				<total>0</total>
				<timestamp>4519.571712</timestamp>
			</report>
			<report>
				<misses>519300001</misses>
				<total>0</total>
				<timestamp>4520.439591</timestamp>
			</report>
			<report>
				<misses>519400001</misses>
				<total>0</total>
				<timestamp>4521.302808</timestamp>
			</report>
			<report>
				<misses>519500001</misses>
				<total>0</total>
				<timestamp>4522.171829</timestamp>
			</report>
			<report>
				<misses>519600001</misses>
				<total>0</total>
				<timestamp>4523.044977</timestamp>
			</report>
			<report>
				<misses>519700001</misses>
				<total>0</total>
				<timestamp>4523.922951</timestamp>
			</report>
			<report>
				<misses>519800001</misses>
				<total>0</total>
				<timestamp>4524.798617</timestamp>
			</report>
			<report>
				<misses>519900001</misses>
				<total>0</total>
				<timestamp>4525.678788</timestamp>
			</report>
			<report>
				<misses>520000001</misses>
				<total>0</total>
				<timestamp>4526.541499</timestamp>
			</report>
			<report>
				<misses>520100001</misses>
				<total>0</total>
				<timestamp>4527.403991</timestamp>
			</report>
			<report>
				<misses>520200001</misses>
				<total>0</total>
				<timestamp>4528.263577</timestamp>
			</report>
			<report>
				<misses>520300001</misses>
				<total>0</total>
				<timestamp>4529.139905</timestamp>
			</report>
			<report>
				<misses>520400001</misses>
				<total>0</total>
				<timestamp>4530.011993</timestamp>
			</report>
			<report>
				<misses>520500001</misses>
				<total>0</total>
				<timestamp>4530.888900</timestamp>
			</report>
			<report>
				<misses>520600001</misses>
				<total>0</total>
				<timestamp>4531.757801</timestamp>
			</report>
			<report>
				<misses>520700001</misses>
				<total>0</total>
				<timestamp>4532.628598</timestamp>
			</report>
			<report>
				<misses>520800001</misses>
				<total>0</total>
				<timestamp>4533.490535</timestamp>
			</report>
			<report>
				<misses>520900001</misses>
				<total>0</total>
				<timestamp>4534.357529</timestamp>
			</report>
			<report>
				<misses>521000001</misses>
				<total>0</total>
				<timestamp>4535.227658</timestamp>
			</report>
			<report>
				<misses>521100001</misses>
				<total>0</total>
				<timestamp>4536.100556</timestamp>
			</report>
			<report>
				<misses>521200001</misses>
				<total>0</total>
				<timestamp>4536.991359</timestamp>
			</report>
			<report>
				<misses>521300001</misses>
				<total>0</total>
				<timestamp>4537.862265</timestamp>
			</report>
			<report>
				<misses>521400001</misses>
				<total>0</total>
				<timestamp>4538.734758</timestamp>
			</report>
			<report>
				<misses>521500001</misses>
				<total>0</total>
				<timestamp>4539.609300</timestamp>
			</report>
			<report>
				<misses>521600001</misses>
				<total>0</total>
				<timestamp>4540.483980</timestamp>
			</report>
			<report>
				<misses>521700001</misses>
				<total>0</total>
				<timestamp>4541.358232</timestamp>
			</report>
			<report>
				<misses>521800001</misses>
				<total>0</total>
				<timestamp>4542.213345</timestamp>
			</report>
			<report>
				<misses>521900001</misses>
				<total>0</total>
				<timestamp>4543.080577</timestamp>
			</report>
			<report>
				<misses>522000001</misses>
				<total>0</total>
				<timestamp>4543.958576</timestamp>
			</report>
			<report>
				<misses>522100001</misses>
				<total>0</total>
				<timestamp>4544.834355</timestamp>
			</report>
			<report>
				<misses>522200001</misses>
				<total>0</total>
				<timestamp>4545.716386</timestamp>
			</report>
			<report>
				<misses>522300001</misses>
				<total>0</total>
				<timestamp>4546.593065</timestamp>
			</report>
			<report>
				<misses>522400001</misses>
				<total>0</total>
				<timestamp>4547.472520</timestamp>
			</report>
			<report>
				<misses>522500001</misses>
				<total>0</total>
				<timestamp>4548.352217</timestamp>
			</report>
			<report>
				<misses>522600001</misses>
				<total>0</total>
				<timestamp>4549.237845</timestamp>
			</report>
			<report>
				<misses>522700001</misses>
				<total>0</total>
				<timestamp>4550.097651</timestamp>
			</report>
			<report>
				<misses>522800001</misses>
				<total>0</total>
				<timestamp>4550.972424</timestamp>
			</report>
			<report>
				<misses>522900001</misses>
				<total>0</total>
				<timestamp>4551.848650</timestamp>
			</report>
			<report>
				<misses>523000001</misses>
				<total>0</total>
				<timestamp>4552.723003</timestamp>
			</report>
			<report>
				<misses>523100001</misses>
				<total>0</total>
				<timestamp>4553.596272</timestamp>
			</report>
			<report>
				<misses>523200001</misses>
				<total>0</total>
				<timestamp>4554.462702</timestamp>
			</report>
			<report>
				<misses>523300001</misses>
				<total>0</total>
				<timestamp>4555.339923</timestamp>
			</report>
			<report>
				<misses>523400001</misses>
				<total>0</total>
				<timestamp>4556.202332</timestamp>
			</report>
			<report>
				<misses>523500001</misses>
				<total>0</total>
				<timestamp>4557.082746</timestamp>
			</report>
			<report>
				<misses>523600001</misses>
				<total>0</total>
				<timestamp>4557.958819</timestamp>
			</report>
			<report>
				<misses>523700001</misses>
				<total>0</total>
				<timestamp>4558.824892</timestamp>
			</report>
			<report>
				<misses>523800001</misses>
				<total>0</total>
				<timestamp>4559.686154</timestamp>
			</report>
			<report>
				<misses>523900001</misses>
				<total>0</total>
				<timestamp>4560.545809</timestamp>
			</report>
			<report>
				<misses>524000001</misses>
				<total>0</total>
				<timestamp>4561.407508</timestamp>
			</report>
			<report>
				<misses>524100001</misses>
				<total>0</total>
				<timestamp>4562.269900</timestamp>
			</report>
			<report>
				<misses>524200001</misses>
				<total>0</total>
				<timestamp>4563.132113</timestamp>
			</report>
			<report>
				<misses>524300001</misses>
				<total>0</total>
				<timestamp>4563.992478</timestamp>
			</report>
			<report>
				<misses>524400001</misses>
				<total>0</total>
				<timestamp>4564.859288</timestamp>
			</report>
			<report>
				<misses>524500001</misses>
				<total>0</total>
				<timestamp>4565.722928</timestamp>
			</report>
			<report>
				<misses>524600001</misses>
				<total>0</total>
				<timestamp>4566.594328</timestamp>
			</report>
			<report>
				<misses>524700001</misses>
				<total>0</total>
				<timestamp>4567.455675</timestamp>
			</report>
			<report>
				<misses>524800001</misses>
				<total>0</total>
				<timestamp>4568.318856</timestamp>
			</report>
			<report>
				<misses>524900001</misses>
				<total>0</total>
				<timestamp>4569.187923</timestamp>
			</report>
			<report>
				<misses>525000001</misses>
				<total>0</total>
				<timestamp>4570.065694</timestamp>
			</report>
			<report>
				<misses>525100001</misses>
				<total>0</total>
				<timestamp>4570.938438</timestamp>
			</report>
			<report>
				<misses>525200001</misses>
				<total>0</total>
				<timestamp>4571.810962</timestamp>
			</report>
			<report>
				<misses>525300001</misses>
				<total>0</total>
				<timestamp>4572.678666</timestamp>
			</report>
			<report>
				<misses>525400001</misses>
				<total>0</total>
				<timestamp>4573.556308</timestamp>
			</report>
			<report>
				<misses>525500001</misses>
				<total>0</total>
				<timestamp>4574.436706</timestamp>
			</report>
			<report>
				<misses>525600001</misses>
				<total>0</total>
				<timestamp>4575.299209</timestamp>
			</report>
			<report>
				<misses>525700001</misses>
				<total>0</total>
				<timestamp>4576.172833</timestamp>
			</report>
			<report>
				<misses>525800001</misses>
				<total>0</total>
				<timestamp>4577.037686</timestamp>
			</report>
			<report>
				<misses>525900001</misses>
				<total>0</total>
				<timestamp>4577.910629</timestamp>
			</report>
			<report>
				<misses>526000001</misses>
				<total>0</total>
				<timestamp>4578.787681</timestamp>
			</report>
			<report>
				<misses>526100001</misses>
				<total>0</total>
				<timestamp>4579.653742</timestamp>
			</report>
			<report>
				<misses>526200001</misses>
				<total>0</total>
				<timestamp>4580.520648</timestamp>
			</report>
			<report>
				<misses>526300001</misses>
				<total>0</total>
				<timestamp>4581.396636</timestamp>
			</report>
			<report>
				<misses>526400001</misses>
				<total>0</total>
				<timestamp>4582.262472</timestamp>
			</report>
			<report>
				<misses>526500001</misses>
				<total>0</total>
				<timestamp>4583.124753</timestamp>
			</report>
			<report>
				<misses>526600001</misses>
				<total>0</total>
				<timestamp>4583.988967</timestamp>
			</report>
			<report>
				<misses>526700001</misses>
				<total>0</total>
				<timestamp>4584.878988</timestamp>
			</report>
			<report>
				<misses>526800001</misses>
				<total>0</total>
				<timestamp>4585.759535</timestamp>
			</report>
			<report>
				<misses>526900001</misses>
				<total>0</total>
				<timestamp>4586.642516</timestamp>
			</report>
			<report>
				<misses>527000001</misses>
				<total>0</total>
				<timestamp>4587.523101</timestamp>
			</report>
			<report>
				<misses>527100001</misses>
				<total>0</total>
				<timestamp>4588.411858</timestamp>
			</report>
			<report>
				<misses>527200001</misses>
				<total>0</total>
				<timestamp>4589.273747</timestamp>
			</report>
			<report>
				<misses>527300001</misses>
				<total>0</total>
				<timestamp>4590.149635</timestamp>
			</report>
			<report>
				<misses>527400001</misses>
				<total>0</total>
				<timestamp>4591.024405</timestamp>
			</report>
			<report>
				<misses>527500001</misses>
				<total>0</total>
				<timestamp>4591.895392</timestamp>
			</report>
			<report>
				<misses>527600001</misses>
				<total>0</total>
				<timestamp>4592.769145</timestamp>
			</report>
			<report>
				<misses>527700001</misses>
				<total>0</total>
				<timestamp>4593.644838</timestamp>
			</report>
			<report>
				<misses>527800001</misses>
				<total>0</total>
				<timestamp>4594.518318</timestamp>
			</report>
			<report>
				<misses>527900001</misses>
				<total>0</total>
				<timestamp>4595.387115</timestamp>
			</report>
			<report>
				<misses>528000001</misses>
				<total>0</total>
				<timestamp>4596.254107</timestamp>
			</report>
			<report>
				<misses>528100001</misses>
				<total>0</total>
				<timestamp>4597.134713</timestamp>
			</report>
			<report>
				<misses>528200001</misses>
				<total>0</total>
				<timestamp>4598.005864</timestamp>
			</report>
			<report>
				<misses>528300001</misses>
				<total>0</total>
				<timestamp>4598.863929</timestamp>
			</report>
			<report>
				<misses>528400001</misses>
				<total>0</total>
				<timestamp>4599.738181</timestamp>
			</report>
			<report>
				<misses>528500001</misses>
				<total>0</total>
				<timestamp>4600.597277</timestamp>
			</report>
			<report>
				<misses>528600001</misses>
				<total>0</total>
				<timestamp>4601.461898</timestamp>
			</report>
			<report>
				<misses>528700001</misses>
				<total>0</total>
				<timestamp>4602.325713</timestamp>
			</report>
			<report>
				<misses>528800001</misses>
				<total>0</total>
				<timestamp>4603.204492</timestamp>
			</report>
			<report>
				<misses>528900001</misses>
				<total>0</total>
				<timestamp>4604.067275</timestamp>
			</report>
			<report>
				<misses>529000001</misses>
				<total>0</total>
				<timestamp>4604.938194</timestamp>
			</report>
			<report>
				<misses>529100001</misses>
				<total>0</total>
				<timestamp>4605.796999</timestamp>
			</report>
			<report>
				<misses>529200001</misses>
				<total>0</total>
				<timestamp>4606.670396</timestamp>
			</report>
			<report>
				<misses>529300001</misses>
				<total>0</total>
				<timestamp>4607.545087</timestamp>
			</report>
			<report>
				<misses>529400001</misses>
				<total>0</total>
				<timestamp>4608.404479</timestamp>
			</report>
			<report>
				<misses>529500001</misses>
				<total>0</total>
				<timestamp>4609.279152</timestamp>
			</report>
			<report>
				<misses>529600001</misses>
				<total>0</total>
				<timestamp>4610.148847</timestamp>
			</report>
			<report>
				<misses>529700001</misses>
				<total>0</total>
				<timestamp>4611.008798</timestamp>
			</report>
			<report>
				<misses>529800001</misses>
				<total>0</total>
				<timestamp>4611.889036</timestamp>
			</report>
			<report>
				<misses>529900001</misses>
				<total>0</total>
				<timestamp>4612.751545</timestamp>
			</report>
			<report>
				<misses>530000001</misses>
				<total>0</total>
				<timestamp>4613.625746</timestamp>
			</report>
			<report>
				<misses>530100001</misses>
				<total>0</total>
				<timestamp>4614.489950</timestamp>
			</report>
			<report>
				<misses>530200001</misses>
				<total>0</total>
				<timestamp>4615.346143</timestamp>
			</report>
			<report>
				<misses>530300001</misses>
				<total>0</total>
				<timestamp>4616.223224</timestamp>
			</report>
			<report>
				<misses>530400001</misses>
				<total>0</total>
				<timestamp>4617.079794</timestamp>
			</report>
			<report>
				<misses>530500001</misses>
				<total>0</total>
				<timestamp>4617.955712</timestamp>
			</report>
			<report>
				<misses>530600001</misses>
				<total>0</total>
				<timestamp>4618.828492</timestamp>
			</report>
			<report>
				<misses>530700001</misses>
				<total>0</total>
				<timestamp>4619.695605</timestamp>
			</report>
			<report>
				<misses>530800001</misses>
				<total>0</total>
				<timestamp>4620.564681</timestamp>
			</report>
			<report>
				<misses>530900001</misses>
				<total>0</total>
				<timestamp>4621.437255</timestamp>
			</report>
			<report>
				<misses>531000001</misses>
				<total>0</total>
				<timestamp>4622.301925</timestamp>
			</report>
			<report>
				<misses>531100001</misses>
				<total>0</total>
				<timestamp>4623.163649</timestamp>
			</report>
			<report>
				<misses>531200001</misses>
				<total>0</total>
				<timestamp>4624.027500</timestamp>
			</report>
			<report>
				<misses>531300001</misses>
				<total>0</total>
				<timestamp>4624.904889</timestamp>
			</report>
			<report>
				<misses>531400001</misses>
				<total>0</total>
				<timestamp>4625.784162</timestamp>
			</report>
			<report>
				<misses>531500001</misses>
				<total>0</total>
				<timestamp>4626.638461</timestamp>
			</report>
			<report>
				<misses>531600001</misses>
				<total>0</total>
				<timestamp>4627.530716</timestamp>
			</report>
			<report>
				<misses>531700001</misses>
				<total>0</total>
				<timestamp>4628.415347</timestamp>
			</report>
			<report>
				<misses>531800001</misses>
				<total>0</total>
				<timestamp>4629.320216</timestamp>
			</report>
			<report>
				<misses>531900001</misses>
				<total>0</total>
				<timestamp>4630.200594</timestamp>
			</report>
			<report>
				<misses>532000001</misses>
				<total>0</total>
				<timestamp>4631.070509</timestamp>
			</report>
			<report>
				<misses>532100001</misses>
				<total>0</total>
				<timestamp>4631.944617</timestamp>
			</report>
			<report>
				<misses>532200001</misses>
				<total>0</total>
				<timestamp>4632.804173</timestamp>
			</report>
			<report>
				<misses>532300001</misses>
				<total>0</total>
				<timestamp>4633.660152</timestamp>
			</report>
			<report>
				<misses>532400001</misses>
				<total>0</total>
				<timestamp>4634.518522</timestamp>
			</report>
			<report>
				<misses>532500001</misses>
				<total>0</total>
				<timestamp>4635.393180</timestamp>
			</report>
			<report>
				<misses>532600001</misses>
				<total>0</total>
				<timestamp>4636.266534</timestamp>
			</report>
			<report>
				<misses>532700001</misses>
				<total>0</total>
				<timestamp>4637.132460</timestamp>
			</report>
			<report>
				<misses>532800001</misses>
				<total>0</total>
				<timestamp>4638.008275</timestamp>
			</report>
			<report>
				<misses>532900001</misses>
				<total>0</total>
				<timestamp>4638.872356</timestamp>
			</report>
			<report>
				<misses>533000001</misses>
				<total>0</total>
				<timestamp>4639.749550</timestamp>
			</report>
			<report>
				<misses>533100001</misses>
				<total>0</total>
				<timestamp>4640.616489</timestamp>
			</report>
			<report>
				<misses>533200001</misses>
				<total>0</total>
				<timestamp>4641.502453</timestamp>
			</report>
			<report>
				<misses>533300001</misses>
				<total>0</total>
				<timestamp>4642.382636</timestamp>
			</report>
			<report>
				<misses>533400001</misses>
				<total>0</total>
				<timestamp>4643.251734</timestamp>
			</report>
			<report>
				<misses>533500001</misses>
				<total>0</total>
				<timestamp>4644.128046</timestamp>
			</report>
			<report>
				<misses>533600001</misses>
				<total>0</total>
				<timestamp>4645.000689</timestamp>
			</report>
			<report>
				<misses>533700001</misses>
				<total>0</total>
				<timestamp>4645.864253</timestamp>
			</report>
			<report>
				<misses>533800001</misses>
				<total>0</total>
				<timestamp>4646.716974</timestamp>
			</report>
			<report>
				<misses>533900001</misses>
				<total>0</total>
				<timestamp>4647.589148</timestamp>
			</report>
			<report>
				<misses>534000001</misses>
				<total>0</total>
				<timestamp>4648.462462</timestamp>
			</report>
			<report>
				<misses>534100001</misses>
				<total>0</total>
				<timestamp>4649.328869</timestamp>
			</report>
			<report>
				<misses>534200001</misses>
				<total>0</total>
				<timestamp>4650.197242</timestamp>
			</report>
			<report>
				<misses>534300001</misses>
				<total>0</total>
				<timestamp>4651.072584</timestamp>
			</report>
			<report>
				<misses>534400001</misses>
				<total>0</total>
				<timestamp>4651.943275</timestamp>
			</report>
			<report>
				<misses>534500001</misses>
				<total>0</total>
				<timestamp>4652.812508</timestamp>
			</report>
			<report>
				<misses>534600001</misses>
				<total>0</total>
				<timestamp>4653.681717</timestamp>
			</report>
			<report>
				<misses>534700001</misses>
				<total>0</total>
				<timestamp>4654.560392</timestamp>
			</report>
			<report>
				<misses>534800001</misses>
				<total>0</total>
				<timestamp>4655.416602</timestamp>
			</report>
			<report>
				<misses>534900001</misses>
				<total>0</total>
				<timestamp>4656.287750</timestamp>
			</report>
			<report>
				<misses>535000001</misses>
				<total>0</total>
				<timestamp>4657.150273</timestamp>
			</report>
			<report>
				<misses>535100001</misses>
				<total>0</total>
				<timestamp>4658.025973</timestamp>
			</report>
			<report>
				<misses>535200001</misses>
				<total>0</total>
				<timestamp>4658.894269</timestamp>
			</report>
			<report>
				<misses>535300001</misses>
				<total>0</total>
				<timestamp>4659.764807</timestamp>
			</report>
			<report>
				<misses>535400001</misses>
				<total>0</total>
				<timestamp>4660.640738</timestamp>
			</report>
			<report>
				<misses>535500001</misses>
				<total>0</total>
				<timestamp>4661.506018</timestamp>
			</report>
			<report>
				<misses>535600001</misses>
				<total>0</total>
				<timestamp>4662.382105</timestamp>
			</report>
			<report>
				<misses>535700001</misses>
				<total>0</total>
				<timestamp>4663.250779</timestamp>
			</report>
			<report>
				<misses>535800001</misses>
				<total>0</total>
				<timestamp>4664.126707</timestamp>
			</report>
			<report>
				<misses>535900001</misses>
				<total>0</total>
				<timestamp>4665.000120</timestamp>
			</report>
			<report>
				<misses>536000001</misses>
				<total>0</total>
				<timestamp>4665.878208</timestamp>
			</report>
			<report>
				<misses>536100001</misses>
				<total>0</total>
				<timestamp>4666.754883</timestamp>
			</report>
			<report>
				<misses>536200001</misses>
				<total>0</total>
				<timestamp>4667.640542</timestamp>
			</report>
			<report>
				<misses>536300001</misses>
				<total>0</total>
				<timestamp>4668.533661</timestamp>
			</report>
			<report>
				<misses>536400001</misses>
				<total>0</total>
				<timestamp>4669.418834</timestamp>
			</report>
			<report>
				<misses>536500001</misses>
				<total>0</total>
				<timestamp>4670.282953</timestamp>
			</report>
			<report>
				<misses>536600001</misses>
				<total>0</total>
				<timestamp>4671.149764</timestamp>
			</report>
			<report>
				<misses>536700001</misses>
				<total>0</total>
				<timestamp>4672.020779</timestamp>
			</report>
			<report>
				<misses>536800001</misses>
				<total>0</total>
				<timestamp>4672.877865</timestamp>
			</report>
			<report>
				<misses>536900001</misses>
				<total>0</total>
				<timestamp>4673.737779</timestamp>
			</report>
			<report>
				<misses>537000001</misses>
				<total>0</total>
				<timestamp>4674.602151</timestamp>
			</report>
			<report>
				<misses>537100001</misses>
				<total>0</total>
				<timestamp>4675.467865</timestamp>
			</report>
			<report>
				<misses>537200001</misses>
				<total>0</total>
				<timestamp>4676.323446</timestamp>
			</report>
			<report>
				<misses>537300001</misses>
				<total>0</total>
				<timestamp>4677.185879</timestamp>
			</report>
			<report>
				<misses>537400001</misses>
				<total>0</total>
				<timestamp>4678.061585</timestamp>
			</report>
			<report>
				<misses>537500001</misses>
				<total>0</total>
				<timestamp>4678.916054</timestamp>
			</report>
			<report>
				<misses>537600001</misses>
				<total>0</total>
				<timestamp>4679.772178</timestamp>
			</report>
			<report>
				<misses>537700001</misses>
				<total>0</total>
				<timestamp>4680.640926</timestamp>
			</report>
			<report>
				<misses>537800001</misses>
				<total>0</total>
				<timestamp>4681.508769</timestamp>
			</report>
			<report>
				<misses>537900001</misses>
				<total>0</total>
				<timestamp>4682.368217</timestamp>
			</report>
			<report>
				<misses>538000001</misses>
				<total>0</total>
				<timestamp>4683.243499</timestamp>
			</report>
			<report>
				<misses>538100001</misses>
				<total>0</total>
				<timestamp>4684.114409</timestamp>
			</report>
			<report>
				<misses>538200001</misses>
				<total>0</total>
				<timestamp>4684.991564</timestamp>
			</report>
			<report>
				<misses>538300001</misses>
				<total>0</total>
				<timestamp>4685.861718</timestamp>
			</report>
			<report>
				<misses>538400001</misses>
				<total>0</total>
				<timestamp>4686.726388</timestamp>
			</report>
			<report>
				<misses>538500001</misses>
				<total>0</total>
				<timestamp>4687.595982</timestamp>
			</report>
			<report>
				<misses>538600001</misses>
				<total>0</total>
				<timestamp>4688.468711</timestamp>
			</report>
			<report>
				<misses>538700001</misses>
				<total>0</total>
				<timestamp>4689.322939</timestamp>
			</report>
			<report>
				<misses>538800001</misses>
				<total>0</total>
				<timestamp>4690.208748</timestamp>
			</report>
			<report>
				<misses>538900001</misses>
				<total>0</total>
				<timestamp>4691.076482</timestamp>
			</report>
			<report>
				<misses>539000001</misses>
				<total>0</total>
				<timestamp>4691.945045</timestamp>
			</report>
			<report>
				<misses>539100001</misses>
				<total>0</total>
				<timestamp>4692.821603</timestamp>
			</report>
			<report>
				<misses>539200001</misses>
				<total>0</total>
				<timestamp>4693.690506</timestamp>
			</report>
			<report>
				<misses>539300001</misses>
				<total>0</total>
				<timestamp>4694.559551</timestamp>
			</report>
			<report>
				<misses>539400001</misses>
				<total>0</total>
				<timestamp>4695.422702</timestamp>
			</report>
			<report>
				<misses>539500001</misses>
				<total>0</total>
				<timestamp>4696.287006</timestamp>
			</report>
			<report>
				<misses>539600001</misses>
				<total>0</total>
				<timestamp>4697.152624</timestamp>
			</report>
			<report>
				<misses>539700001</misses>
				<total>0</total>
				<timestamp>4698.016940</timestamp>
			</report>
			<report>
				<misses>539800001</misses>
				<total>0</total>
				<timestamp>4698.875730</timestamp>
			</report>
			<report>
				<misses>539900001</misses>
				<total>0</total>
				<timestamp>4699.733580</timestamp>
			</report>
			<report>
				<misses>540000001</misses>
				<total>0</total>
				<timestamp>4700.587658</timestamp>
			</report>
			<report>
				<misses>540100001</misses>
				<total>0</total>
				<timestamp>4701.451362</timestamp>
			</report>
			<report>
				<misses>540200001</misses>
				<total>0</total>
				<timestamp>4702.326675</timestamp>
			</report>
			<report>
				<misses>540300001</misses>
				<total>0</total>
				<timestamp>4703.189346</timestamp>
			</report>
			<report>
				<misses>540400001</misses>
				<total>0</total>
				<timestamp>4704.046123</timestamp>
			</report>
			<report>
				<misses>540500001</misses>
				<total>0</total>
				<timestamp>4704.909668</timestamp>
			</report>
			<report>
				<misses>540600001</misses>
				<total>0</total>
				<timestamp>4705.775698</timestamp>
			</report>
			<report>
				<misses>540700001</misses>
				<total>0</total>
				<timestamp>4706.645295</timestamp>
			</report>
			<report>
				<misses>540800001</misses>
				<total>0</total>
				<timestamp>4707.526129</timestamp>
			</report>
			<report>
				<misses>540900001</misses>
				<total>0</total>
				<timestamp>4708.401785</timestamp>
			</report>
			<report>
				<misses>541000001</misses>
				<total>0</total>
				<timestamp>4709.278160</timestamp>
			</report>
			<report>
				<misses>541100001</misses>
				<total>0</total>
				<timestamp>4710.165644</timestamp>
			</report>
			<report>
				<misses>541200001</misses>
				<total>0</total>
				<timestamp>4711.054760</timestamp>
			</report>
			<report>
				<misses>541300001</misses>
				<total>0</total>
				<timestamp>4711.940612</timestamp>
			</report>
			<report>
				<misses>541400001</misses>
				<total>0</total>
				<timestamp>4712.801825</timestamp>
			</report>
			<report>
				<misses>541500001</misses>
				<total>0</total>
				<timestamp>4713.668402</timestamp>
			</report>
			<report>
				<misses>541600001</misses>
				<total>0</total>
				<timestamp>4714.529477</timestamp>
			</report>
			<report>
				<misses>541700001</misses>
				<total>0</total>
				<timestamp>4715.400893</timestamp>
			</report>
			<report>
				<misses>541800001</misses>
				<total>0</total>
				<timestamp>4716.268594</timestamp>
			</report>
			<report>
				<misses>541900001</misses>
				<total>0</total>
				<timestamp>4717.132798</timestamp>
			</report>
			<report>
				<misses>542000001</misses>
				<total>0</total>
				<timestamp>4717.998546</timestamp>
			</report>
			<report>
				<misses>542100001</misses>
				<total>0</total>
				<timestamp>4718.864868</timestamp>
			</report>
			<report>
				<misses>542200001</misses>
				<total>0</total>
				<timestamp>4719.729508</timestamp>
			</report>
			<report>
				<misses>542300001</misses>
				<total>0</total>
				<timestamp>4720.589823</timestamp>
			</report>
			<report>
				<misses>542400001</misses>
				<total>0</total>
				<timestamp>4721.450581</timestamp>
			</report>
			<report>
				<misses>542500001</misses>
				<total>0</total>
				<timestamp>4722.316120</timestamp>
			</report>
			<report>
				<misses>542600001</misses>
				<total>0</total>
				<timestamp>4723.175713</timestamp>
			</report>
			<report>
				<misses>542700001</misses>
				<total>0</total>
				<timestamp>4724.052587</timestamp>
			</report>
			<report>
				<misses>542800001</misses>
				<total>0</total>
				<timestamp>4724.927325</timestamp>
			</report>
			<report>
				<misses>542900001</misses>
				<total>0</total>
				<timestamp>4725.800818</timestamp>
			</report>
			<report>
				<misses>543000001</misses>
				<total>0</total>
				<timestamp>4726.660899</timestamp>
			</report>
			<report>
				<misses>543100001</misses>
				<total>0</total>
				<timestamp>4727.530615</timestamp>
			</report>
			<report>
				<misses>543200001</misses>
				<total>0</total>
				<timestamp>4728.383962</timestamp>
			</report>
			<report>
				<misses>543300001</misses>
				<total>0</total>
				<timestamp>4729.240760</timestamp>
			</report>
			<report>
				<misses>543400001</misses>
				<total>0</total>
				<timestamp>4730.110713</timestamp>
			</report>
			<report>
				<misses>543500001</misses>
				<total>0</total>
				<timestamp>4730.988121</timestamp>
			</report>
			<report>
				<misses>543600001</misses>
				<total>0</total>
				<timestamp>4731.854160</timestamp>
			</report>
			<report>
				<misses>543700001</misses>
				<total>0</total>
				<timestamp>4732.714761</timestamp>
			</report>
			<report>
				<misses>543800001</misses>
				<total>0</total>
				<timestamp>4733.581618</timestamp>
			</report>
			<report>
				<misses>543900001</misses>
				<total>0</total>
				<timestamp>4734.447201</timestamp>
			</report>
			<report>
				<misses>544000001</misses>
				<total>0</total>
				<timestamp>4735.319149</timestamp>
			</report>
			<report>
				<misses>544100001</misses>
				<total>0</total>
				<timestamp>4736.183111</timestamp>
			</report>
			<report>
				<misses>544200001</misses>
				<total>0</total>
				<timestamp>4737.056601</timestamp>
			</report>
			<report>
				<misses>544300001</misses>
				<total>0</total>
				<timestamp>4737.929057</timestamp>
			</report>
			<report>
				<misses>544400001</misses>
				<total>0</total>
				<timestamp>4738.784228</timestamp>
			</report>
			<report>
				<misses>544500001</misses>
				<total>0</total>
				<timestamp>4739.663227</timestamp>
			</report>
			<report>
				<misses>544600001</misses>
				<total>0</total>
				<timestamp>4740.537674</timestamp>
			</report>
			<report>
				<misses>544700001</misses>
				<total>0</total>
				<timestamp>4741.400646</timestamp>
			</report>
			<report>
				<misses>544800001</misses>
				<total>0</total>
				<timestamp>4742.273810</timestamp>
			</report>
			<report>
				<misses>544900001</misses>
				<total>0</total>
				<timestamp>4743.153221</timestamp>
			</report>
			<report>
				<misses>545000001</misses>
				<total>0</total>
				<timestamp>4744.018939</timestamp>
			</report>
			<report>
				<misses>545100001</misses>
				<total>0</total>
				<timestamp>4744.884364</timestamp>
			</report>
			<report>
				<misses>545200001</misses>
				<total>0</total>
				<timestamp>4745.743316</timestamp>
			</report>
			<report>
				<misses>545300001</misses>
				<total>0</total>
				<timestamp>4746.618253</timestamp>
			</report>
			<report>
				<misses>545400001</misses>
				<total>0</total>
				<timestamp>4747.491207</timestamp>
			</report>
			<report>
				<misses>545500001</misses>
				<total>0</total>
				<timestamp>4748.365645</timestamp>
			</report>
			<report>
				<misses>545600001</misses>
				<total>0</total>
				<timestamp>4749.235679</timestamp>
			</report>
			<report>
				<misses>545700001</misses>
				<total>0</total>
				<timestamp>4750.105479</timestamp>
			</report>
			<report>
				<misses>545800001</misses>
				<total>0</total>
				<timestamp>4750.985796</timestamp>
			</report>
			<report>
				<misses>545900001</misses>
				<total>0</total>
				<timestamp>4751.871437</timestamp>
			</report>
			<report>
				<misses>546000001</misses>
				<total>0</total>
				<timestamp>4752.740384</timestamp>
			</report>
			<report>
				<misses>546100001</misses>
				<total>0</total>
				<timestamp>4753.614242</timestamp>
			</report>
			<report>
				<misses>546200001</misses>
				<total>0</total>
				<timestamp>4754.483688</timestamp>
			</report>
			<report>
				<misses>546300001</misses>
				<total>0</total>
				<timestamp>4755.350664</timestamp>
			</report>
			<report>
				<misses>546400001</misses>
				<total>0</total>
				<timestamp>4756.228725</timestamp>
			</report>
			<report>
				<misses>546500001</misses>
				<total>0</total>
				<timestamp>4757.095513</timestamp>
			</report>
			<report>
				<misses>546600001</misses>
				<total>0</total>
				<timestamp>4757.969544</timestamp>
			</report>
			<report>
				<misses>546700001</misses>
				<total>0</total>
				<timestamp>4758.832553</timestamp>
			</report>
			<report>
				<misses>546800001</misses>
				<total>0</total>
				<timestamp>4759.708109</timestamp>
			</report>
			<report>
				<misses>546900001</misses>
				<total>0</total>
				<timestamp>4760.581072</timestamp>
			</report>
			<report>
				<misses>547000001</misses>
				<total>0</total>
				<timestamp>4761.449482</timestamp>
			</report>
			<report>
				<misses>547100001</misses>
				<total>0</total>
				<timestamp>4762.315244</timestamp>
			</report>
			<report>
				<misses>547200001</misses>
				<total>0</total>
				<timestamp>4763.191037</timestamp>
			</report>
			<report>
				<misses>547300001</misses>
				<total>0</total>
				<timestamp>4764.043039</timestamp>
			</report>
			<report>
				<misses>547400001</misses>
				<total>0</total>
				<timestamp>4764.905741</timestamp>
			</report>
			<report>
				<misses>547500001</misses>
				<total>0</total>
				<timestamp>4765.777372</timestamp>
			</report>
			<report>
				<misses>547600001</misses>
				<total>0</total>
				<timestamp>4766.649687</timestamp>
			</report>
			<report>
				<misses>547700001</misses>
				<total>0</total>
				<timestamp>4767.516115</timestamp>
			</report>
			<report>
				<misses>547800001</misses>
				<total>0</total>
				<timestamp>4768.374395</timestamp>
			</report>
			<report>
				<misses>547900001</misses>
				<total>0</total>
				<timestamp>4769.251757</timestamp>
			</report>
			<report>
				<misses>548000001</misses>
				<total>0</total>
				<timestamp>4770.119379</timestamp>
			</report>
			<report>
				<misses>548100001</misses>
				<total>0</total>
				<timestamp>4770.994848</timestamp>
			</report>
			<report>
				<misses>548200001</misses>
				<total>0</total>
				<timestamp>4771.864532</timestamp>
			</report>
			<report>
				<misses>548300001</misses>
				<total>0</total>
				<timestamp>4772.719675</timestamp>
			</report>
			<report>
				<misses>548400001</misses>
				<total>0</total>
				<timestamp>4773.592367</timestamp>
			</report>
			<report>
				<misses>548500001</misses>
				<total>0</total>
				<timestamp>4774.461273</timestamp>
			</report>
			<report>
				<misses>548600001</misses>
				<total>0</total>
				<timestamp>4775.320104</timestamp>
			</report>
			<report>
				<misses>548700001</misses>
				<total>0</total>
				<timestamp>4776.197723</timestamp>
			</report>
			<report>
				<misses>548800001</misses>
				<total>0</total>
				<timestamp>4777.059201</timestamp>
			</report>
			<report>
				<misses>548900001</misses>
				<total>0</total>
				<timestamp>4777.926850</timestamp>
			</report>
			<report>
				<misses>549000001</misses>
				<total>0</total>
				<timestamp>4778.794016</timestamp>
			</report>
			<report>
				<misses>549100001</misses>
				<total>0</total>
				<timestamp>4779.650510</timestamp>
			</report>
			<report>
				<misses>549200001</misses>
				<total>0</total>
				<timestamp>4780.517651</timestamp>
			</report>
			<report>
				<misses>549300001</misses>
				<total>0</total>
				<timestamp>4781.372107</timestamp>
			</report>
			<report>
				<misses>549400001</misses>
				<total>0</total>
				<timestamp>4782.234310</timestamp>
			</report>
			<report>
				<misses>549500001</misses>
				<total>0</total>
				<timestamp>4783.091725</timestamp>
			</report>
			<report>
				<misses>549600001</misses>
				<total>0</total>
				<timestamp>4783.956807</timestamp>
			</report>
			<report>
				<misses>549700001</misses>
				<total>0</total>
				<timestamp>4784.824143</timestamp>
			</report>
			<report>
				<misses>549800001</misses>
				<total>0</total>
				<timestamp>4785.696641</timestamp>
			</report>
			<report>
				<misses>549900001</misses>
				<total>0</total>
				<timestamp>4786.556377</timestamp>
			</report>
			<report>
				<misses>550000001</misses>
				<total>0</total>
				<timestamp>4787.424759</timestamp>
			</report>
			<report>
				<misses>550100001</misses>
				<total>0</total>
				<timestamp>4788.293438</timestamp>
			</report>
			<report>
				<misses>550200001</misses>
				<total>0</total>
				<timestamp>4789.172505</timestamp>
			</report>
			<report>
				<misses>550300001</misses>
				<total>0</total>
				<timestamp>4790.047591</timestamp>
			</report>
			<report>
				<misses>550400001</misses>
				<total>0</total>
				<timestamp>4790.926746</timestamp>
			</report>
			<report>
				<misses>550500001</misses>
				<total>0</total>
				<timestamp>4791.798260</timestamp>
			</report>
			<report>
				<misses>550600001</misses>
				<total>0</total>
				<timestamp>4792.666348</timestamp>
			</report>
			<report>
				<misses>550700001</misses>
				<total>0</total>
				<timestamp>4793.536092</timestamp>
			</report>
			<report>
				<misses>550800001</misses>
				<total>0</total>
				<timestamp>4794.413012</timestamp>
			</report>
			<report>
				<misses>550900001</misses>
				<total>0</total>
				<timestamp>4795.278431</timestamp>
			</report>
			<report>
				<misses>551000001</misses>
				<total>0</total>
				<timestamp>4796.144689</timestamp>
			</report>
			<report>
				<misses>551100001</misses>
				<total>0</total>
				<timestamp>4797.006947</timestamp>
			</report>
			<report>
				<misses>551200001</misses>
				<total>0</total>
				<timestamp>4797.875615</timestamp>
			</report>
			<report>
				<misses>551300001</misses>
				<total>0</total>
				<timestamp>4798.742270</timestamp>
			</report>
			<report>
				<misses>551400001</misses>
				<total>0</total>
				<timestamp>4799.616773</timestamp>
			</report>
			<report>
				<misses>551500001</misses>
				<total>0</total>
				<timestamp>4800.477704</timestamp>
			</report>
			<report>
				<misses>551600001</misses>
				<total>0</total>
				<timestamp>4801.337339</timestamp>
			</report>
			<report>
				<misses>551700001</misses>
				<total>0</total>
				<timestamp>4802.200140</timestamp>
			</report>
			<report>
				<misses>551800001</misses>
				<total>0</total>
				<timestamp>4803.066250</timestamp>
			</report>
			<report>
				<misses>551900001</misses>
				<total>0</total>
				<timestamp>4803.929857</timestamp>
			</report>
			<report>
				<misses>552000001</misses>
				<total>0</total>
				<timestamp>4804.806889</timestamp>
			</report>
			<report>
				<misses>552100001</misses>
				<total>0</total>
				<timestamp>4805.672119</timestamp>
			</report>
			<report>
				<misses>552200001</misses>
				<total>0</total>
				<timestamp>4806.535149</timestamp>
			</report>
			<report>
				<misses>552300001</misses>
				<total>0</total>
				<timestamp>4807.398420</timestamp>
			</report>
			<report>
				<misses>552400001</misses>
				<total>0</total>
				<timestamp>4808.272544</timestamp>
			</report>
			<report>
				<misses>552500001</misses>
				<total>0</total>
				<timestamp>4809.131326</timestamp>
			</report>
			<report>
				<misses>552600001</misses>
				<total>0</total>
				<timestamp>4809.992862</timestamp>
			</report>
			<report>
				<misses>552700001</misses>
				<total>0</total>
				<timestamp>4810.854989</timestamp>
			</report>
			<report>
				<misses>552800001</misses>
				<total>0</total>
				<timestamp>4811.736597</timestamp>
			</report>
			<report>
				<misses>552900001</misses>
				<total>0</total>
				<timestamp>4812.592281</timestamp>
			</report>
			<report>
				<misses>553000001</misses>
				<total>0</total>
				<timestamp>4813.464905</timestamp>
			</report>
			<report>
				<misses>553100001</misses>
				<total>0</total>
				<timestamp>4814.333191</timestamp>
			</report>
			<report>
				<misses>553200001</misses>
				<total>0</total>
				<timestamp>4815.190163</timestamp>
			</report>
			<report>
				<misses>553300001</misses>
				<total>0</total>
				<timestamp>4816.048082</timestamp>
			</report>
			<report>
				<misses>553400001</misses>
				<total>0</total>
				<timestamp>4816.914423</timestamp>
			</report>
			<report>
				<misses>553500001</misses>
				<total>0</total>
				<timestamp>4817.777697</timestamp>
			</report>
			<report>
				<misses>553600001</misses>
				<total>0</total>
				<timestamp>4818.651697</timestamp>
			</report>
			<report>
				<misses>553700001</misses>
				<total>0</total>
				<timestamp>4819.519462</timestamp>
			</report>
			<report>
				<misses>553800001</misses>
				<total>0</total>
				<timestamp>4820.380677</timestamp>
			</report>
			<report>
				<misses>553900001</misses>
				<total>0</total>
				<timestamp>4821.249164</timestamp>
			</report>
			<report>
				<misses>554000001</misses>
				<total>0</total>
				<timestamp>4822.115937</timestamp>
			</report>
			<report>
				<misses>554100001</misses>
				<total>0</total>
				<timestamp>4822.989274</timestamp>
			</report>
			<report>
				<misses>554200001</misses>
				<total>0</total>
				<timestamp>4823.859343</timestamp>
			</report>
			<report>
				<misses>554300001</misses>
				<total>0</total>
				<timestamp>4824.724126</timestamp>
			</report>
			<report>
				<misses>554400001</misses>
				<total>0</total>
				<timestamp>4825.607189</timestamp>
			</report>
			<report>
				<misses>554500001</misses>
				<total>0</total>
				<timestamp>4826.479541</timestamp>
			</report>
			<report>
				<misses>554600001</misses>
				<total>0</total>
				<timestamp>4827.356557</timestamp>
			</report>
			<report>
				<misses>554700001</misses>
				<total>0</total>
				<timestamp>4828.233379</timestamp>
			</report>
			<report>
				<misses>554800001</misses>
				<total>0</total>
				<timestamp>4829.094808</timestamp>
			</report>
			<report>
				<misses>554900001</misses>
				<total>0</total>
				<timestamp>4829.975230</timestamp>
			</report>
			<report>
				<misses>555000001</misses>
				<total>0</total>
				<timestamp>4830.835496</timestamp>
			</report>
			<report>
				<misses>555100001</misses>
				<total>0</total>
				<timestamp>4831.719382</timestamp>
			</report>
			<report>
				<misses>555200001</misses>
				<total>0</total>
				<timestamp>4832.593009</timestamp>
			</report>
			<report>
				<misses>555300001</misses>
				<total>0</total>
				<timestamp>4833.473606</timestamp>
			</report>
			<report>
				<misses>555400001</misses>
				<total>0</total>
				<timestamp>4834.348225</timestamp>
			</report>
			<report>
				<misses>555500001</misses>
				<total>0</total>
				<timestamp>4835.212221</timestamp>
			</report>
			<report>
				<misses>555600001</misses>
				<total>0</total>
				<timestamp>4836.089762</timestamp>
			</report>
			<report>
				<misses>555700001</misses>
				<total>0</total>
				<timestamp>4836.967306</timestamp>
			</report>
			<report>
				<misses>555800001</misses>
				<total>0</total>
				<timestamp>4837.841279</timestamp>
			</report>
			<report>
				<misses>555900001</misses>
				<total>0</total>
				<timestamp>4838.704765</timestamp>
			</report>
			<report>
				<misses>556000001</misses>
				<total>0</total>
				<timestamp>4839.568589</timestamp>
			</report>
			<report>
				<misses>556100001</misses>
				<total>0</total>
				<timestamp>4840.422412</timestamp>
			</report>
			<report>
				<misses>556200001</misses>
				<total>0</total>
				<timestamp>4841.295888</timestamp>
			</report>
			<report>
				<misses>556300001</misses>
				<total>0</total>
				<timestamp>4842.167267</timestamp>
			</report>
			<report>
				<misses>556400001</misses>
				<total>0</total>
				<timestamp>4843.032984</timestamp>
			</report>
			<report>
				<misses>556500001</misses>
				<total>0</total>
				<timestamp>4843.901471</timestamp>
			</report>
			<report>
				<misses>556600001</misses>
				<total>0</total>
				<timestamp>4844.760868</timestamp>
			</report>
			<report>
				<misses>556700001</misses>
				<total>0</total>
				<timestamp>4845.630509</timestamp>
			</report>
			<report>
				<misses>556800001</misses>
				<total>0</total>
				<timestamp>4846.500128</timestamp>
			</report>
			<report>
				<misses>556900001</misses>
				<total>0</total>
				<timestamp>4847.365846</timestamp>
			</report>
			<report>
				<misses>557000001</misses>
				<total>0</total>
				<timestamp>4848.231120</timestamp>
			</report>
			<report>
				<misses>557100001</misses>
				<total>0</total>
				<timestamp>4849.099697</timestamp>
			</report>
			<report>
				<misses>557200001</misses>
				<total>0</total>
				<timestamp>4849.961403</timestamp>
			</report>
			<report>
				<misses>557300001</misses>
				<total>0</total>
				<timestamp>4850.833724</timestamp>
			</report>
			<report>
				<misses>557400001</misses>
				<total>0</total>
				<timestamp>4851.709465</timestamp>
			</report>
			<report>
				<misses>557500001</misses>
				<total>0</total>
				<timestamp>4852.573843</timestamp>
			</report>
			<report>
				<misses>557600001</misses>
				<total>0</total>
				<timestamp>4853.449664</timestamp>
			</report>
			<report>
				<misses>557700001</misses>
				<total>0</total>
				<timestamp>4854.324396</timestamp>
			</report>
			<report>
				<misses>557800001</misses>
				<total>0</total>
				<timestamp>4855.188596</timestamp>
			</report>
			<report>
				<misses>557900001</misses>
				<total>0</total>
				<timestamp>4856.050678</timestamp>
			</report>
			<report>
				<misses>558000001</misses>
				<total>0</total>
				<timestamp>4856.937520</timestamp>
			</report>
			<report>
				<misses>558100001</misses>
				<total>0</total>
				<timestamp>4857.804375</timestamp>
			</report>
			<report>
				<misses>558200001</misses>
				<total>0</total>
				<timestamp>4858.669968</timestamp>
			</report>
			<report>
				<misses>558300001</misses>
				<total>0</total>
				<timestamp>4859.534830</timestamp>
			</report>
			<report>
				<misses>558400001</misses>
				<total>0</total>
				<timestamp>4860.389784</timestamp>
			</report>
			<report>
				<misses>558500001</misses>
				<total>0</total>
				<timestamp>4861.256488</timestamp>
			</report>
			<report>
				<misses>558600001</misses>
				<total>0</total>
				<timestamp>4862.132429</timestamp>
			</report>
			<report>
				<misses>558700001</misses>
				<total>0</total>
				<timestamp>4863.005933</timestamp>
			</report>
			<report>
				<misses>558800001</misses>
				<total>0</total>
				<timestamp>4863.872401</timestamp>
			</report>
			<report>
				<misses>558900001</misses>
				<total>0</total>
				<timestamp>4864.746811</timestamp>
			</report>
			<report>
				<misses>559000001</misses>
				<total>0</total>
				<timestamp>4865.618862</timestamp>
			</report>
			<report>
				<misses>559100001</misses>
				<total>0</total>
				<timestamp>4866.474914</timestamp>
			</report>
			<report>
				<misses>559200001</misses>
				<total>0</total>
				<timestamp>4867.353921</timestamp>
			</report>
			<report>
				<misses>559300001</misses>
				<total>0</total>
				<timestamp>4868.230579</timestamp>
			</report>
			<report>
				<misses>559400001</misses>
				<total>0</total>
				<timestamp>4869.110592</timestamp>
			</report>
			<report>
				<misses>559500001</misses>
				<total>0</total>
				<timestamp>4869.981464</timestamp>
			</report>
			<report>
				<misses>559600001</misses>
				<total>0</total>
				<timestamp>4870.850458</timestamp>
			</report>
			<report>
				<misses>559700001</misses>
				<total>0</total>
				<timestamp>4871.719434</timestamp>
			</report>
			<report>
				<misses>559800001</misses>
				<total>0</total>
				<timestamp>4872.594880</timestamp>
			</report>
			<report>
				<misses>559900001</misses>
				<total>0</total>
				<timestamp>4873.473507</timestamp>
			</report>
			<report>
				<misses>560000001</misses>
				<total>0</total>
				<timestamp>4874.352557</timestamp>
			</report>
			<report>
				<misses>560100001</misses>
				<total>0</total>
				<timestamp>4875.222395</timestamp>
			</report>
			<report>
				<misses>560200001</misses>
				<total>0</total>
				<timestamp>4876.096743</timestamp>
			</report>
			<report>
				<misses>560300001</misses>
				<total>0</total>
				<timestamp>4876.963719</timestamp>
			</report>
			<report>
				<misses>560400001</misses>
				<total>0</total>
				<timestamp>4877.825736</timestamp>
			</report>
			<report>
				<misses>560500001</misses>
				<total>0</total>
				<timestamp>4878.698880</timestamp>
			</report>
			<report>
				<misses>560600001</misses>
				<total>0</total>
				<timestamp>4879.564345</timestamp>
			</report>
			<report>
				<misses>560700001</misses>
				<total>0</total>
				<timestamp>4880.440675</timestamp>
			</report>
			<report>
				<misses>560800001</misses>
				<total>0</total>
				<timestamp>4881.307028</timestamp>
			</report>
			<report>
				<misses>560900001</misses>
				<total>0</total>
				<timestamp>4882.170365</timestamp>
			</report>
			<report>
				<misses>561000001</misses>
				<total>0</total>
				<timestamp>4883.044232</timestamp>
			</report>
			<report>
				<misses>561100001</misses>
				<total>0</total>
				<timestamp>4883.917819</timestamp>
			</report>
			<report>
				<misses>561200001</misses>
				<total>0</total>
				<timestamp>4884.779194</timestamp>
			</report>
			<report>
				<misses>561300001</misses>
				<total>0</total>
				<timestamp>4885.655962</timestamp>
			</report>
			<report>
				<misses>561400001</misses>
				<total>0</total>
				<timestamp>4886.516752</timestamp>
			</report>
			<report>
				<misses>561500001</misses>
				<total>0</total>
				<timestamp>4887.384107</timestamp>
			</report>
			<report>
				<misses>561600001</misses>
				<total>0</total>
				<timestamp>4888.257529</timestamp>
			</report>
			<report>
				<misses>561700001</misses>
				<total>0</total>
				<timestamp>4889.124632</timestamp>
			</report>
			<report>
				<misses>561800001</misses>
				<total>0</total>
				<timestamp>4889.995546</timestamp>
			</report>
			<report>
				<misses>561900001</misses>
				<total>0</total>
				<timestamp>4890.868353</timestamp>
			</report>
			<report>
				<misses>562000001</misses>
				<total>0</total>
				<timestamp>4891.743583</timestamp>
			</report>
			<report>
				<misses>562100001</misses>
				<total>0</total>
				<timestamp>4892.611981</timestamp>
			</report>
			<report>
				<misses>562200001</misses>
				<total>0</total>
				<timestamp>4893.485267</timestamp>
			</report>
			<report>
				<misses>562300001</misses>
				<total>0</total>
				<timestamp>4894.359875</timestamp>
			</report>
			<report>
				<misses>562400001</misses>
				<total>0</total>
				<timestamp>4895.230787</timestamp>
			</report>
			<report>
				<misses>562500001</misses>
				<total>0</total>
				<timestamp>4896.110274</timestamp>
			</report>
			<report>
				<misses>562600001</misses>
				<total>0</total>
				<timestamp>4896.979844</timestamp>
			</report>
			<report>
				<misses>562700001</misses>
				<total>0</total>
				<timestamp>4897.834708</timestamp>
			</report>
			<report>
				<misses>562800001</misses>
				<total>0</total>
				<timestamp>4898.707713</timestamp>
			</report>
			<report>
				<misses>562900001</misses>
				<total>0</total>
				<timestamp>4899.578898</timestamp>
			</report>
			<report>
				<misses>563000001</misses>
				<total>0</total>
				<timestamp>4900.446968</timestamp>
			</report>
			<report>
				<misses>563100001</misses>
				<total>0</total>
				<timestamp>4901.313939</timestamp>
			</report>
			<report>
				<misses>563200001</misses>
				<total>0</total>
				<timestamp>4902.186225</timestamp>
			</report>
			<report>
				<misses>563300001</misses>
				<total>0</total>
				<timestamp>4903.063283</timestamp>
			</report>
			<report>
				<misses>563400001</misses>
				<total>0</total>
				<timestamp>4903.929226</timestamp>
			</report>
			<report>
				<misses>563500001</misses>
				<total>0</total>
				<timestamp>4904.810064</timestamp>
			</report>
			<report>
				<misses>563600001</misses>
				<total>0</total>
				<timestamp>4905.684474</timestamp>
			</report>
			<report>
				<misses>563700001</misses>
				<total>0</total>
				<timestamp>4906.560438</timestamp>
			</report>
			<report>
				<misses>563800001</misses>
				<total>0</total>
				<timestamp>4907.425660</timestamp>
			</report>
			<report>
				<misses>563900001</misses>
				<total>0</total>
				<timestamp>4908.299384</timestamp>
			</report>
			<report>
				<misses>564000001</misses>
				<total>0</total>
				<timestamp>4909.163758</timestamp>
			</report>
			<report>
				<misses>564100001</misses>
				<total>0</total>
				<timestamp>4910.040038</timestamp>
			</report>
			<report>
				<misses>564200001</misses>
				<total>0</total>
				<timestamp>4910.911316</timestamp>
			</report>
			<report>
				<misses>564300001</misses>
				<total>0</total>
				<timestamp>4911.782635</timestamp>
			</report>
			<report>
				<misses>564400001</misses>
				<total>0</total>
				<timestamp>4912.660407</timestamp>
			</report>
			<report>
				<misses>564500001</misses>
				<total>0</total>
				<timestamp>4913.547084</timestamp>
			</report>
			<report>
				<misses>564600001</misses>
				<total>0</total>
				<timestamp>4914.432178</timestamp>
			</report>
			<report>
				<misses>564700001</misses>
				<total>0</total>
				<timestamp>4915.296792</timestamp>
			</report>
			<report>
				<misses>564800001</misses>
				<total>0</total>
				<timestamp>4916.171717</timestamp>
			</report>
			<report>
				<misses>564900001</misses>
				<total>0</total>
				<timestamp>4917.045307</timestamp>
			</report>
			<report>
				<misses>565000001</misses>
				<total>0</total>
				<timestamp>4917.908642</timestamp>
			</report>
			<report>
				<misses>565100001</misses>
				<total>0</total>
				<timestamp>4918.775936</timestamp>
			</report>
			<report>
				<misses>565200001</misses>
				<total>0</total>
				<timestamp>4919.642913</timestamp>
			</report>
			<report>
				<misses>565300001</misses>
				<total>0</total>
				<timestamp>4920.518195</timestamp>
			</report>
			<report>
				<misses>565400001</misses>
				<total>0</total>
				<timestamp>4921.392486</timestamp>
			</report>
			<report>
				<misses>565500001</misses>
				<total>0</total>
				<timestamp>4922.263994</timestamp>
			</report>
			<report>
				<misses>565600001</misses>
				<total>0</total>
				<timestamp>4923.133831</timestamp>
			</report>
			<report>
				<misses>565700001</misses>
				<total>0</total>
				<timestamp>4923.997954</timestamp>
			</report>
			<report>
				<misses>565800001</misses>
				<total>0</total>
				<timestamp>4924.862329</timestamp>
			</report>
			<report>
				<misses>565900001</misses>
				<total>0</total>
				<timestamp>4925.733004</timestamp>
			</report>
			<report>
				<misses>566000001</misses>
				<total>0</total>
				<timestamp>4926.607785</timestamp>
			</report>
			<report>
				<misses>566100001</misses>
				<total>0</total>
				<timestamp>4927.481070</timestamp>
			</report>
			<report>
				<misses>566200001</misses>
				<total>0</total>
				<timestamp>4928.369414</timestamp>
			</report>
			<report>
				<misses>566300001</misses>
				<total>0</total>
				<timestamp>4929.229178</timestamp>
			</report>
			<report>
				<misses>566400001</misses>
				<total>0</total>
				<timestamp>4930.106149</timestamp>
			</report>
			<report>
				<misses>566500001</misses>
				<total>0</total>
				<timestamp>4930.971523</timestamp>
			</report>
			<report>
				<misses>566600001</misses>
				<total>0</total>
				<timestamp>4931.845134</timestamp>
			</report>
			<report>
				<misses>566700001</misses>
				<total>0</total>
				<timestamp>4932.710862</timestamp>
			</report>
			<report>
				<misses>566800001</misses>
				<total>0</total>
				<timestamp>4933.581688</timestamp>
			</report>
			<report>
				<misses>566900001</misses>
				<total>0</total>
				<timestamp>4934.452167</timestamp>
			</report>
			<report>
				<misses>567000001</misses>
				<total>0</total>
				<timestamp>4935.314511</timestamp>
			</report>
			<report>
				<misses>567100001</misses>
				<total>0</total>
				<timestamp>4936.194598</timestamp>
			</report>
			<report>
				<misses>567200001</misses>
				<total>0</total>
				<timestamp>4937.079884</timestamp>
			</report>
			<report>
				<misses>567300001</misses>
				<total>0</total>
				<timestamp>4937.955678</timestamp>
			</report>
			<report>
				<misses>567400001</misses>
				<total>0</total>
				<timestamp>4938.827491</timestamp>
			</report>
			<report>
				<misses>567500001</misses>
				<total>0</total>
				<timestamp>4939.711506</timestamp>
			</report>
			<report>
				<misses>567600001</misses>
				<total>0</total>
				<timestamp>4940.583136</timestamp>
			</report>
			<report>
				<misses>567700001</misses>
				<total>0</total>
				<timestamp>4941.445168</timestamp>
			</report>
			<report>
				<misses>567800001</misses>
				<total>0</total>
				<timestamp>4942.318307</timestamp>
			</report>
			<report>
				<misses>567900001</misses>
				<total>0</total>
				<timestamp>4943.191418</timestamp>
			</report>
			<report>
				<misses>568000001</misses>
				<total>0</total>
				<timestamp>4944.061645</timestamp>
			</report>
			<report>
				<misses>568100001</misses>
				<total>0</total>
				<timestamp>4944.933126</timestamp>
			</report>
			<report>
				<misses>568200001</misses>
				<total>0</total>
				<timestamp>4945.816537</timestamp>
			</report>
			<report>
				<misses>568300001</misses>
				<total>0</total>
				<timestamp>4946.682004</timestamp>
			</report>
			<report>
				<misses>568400001</misses>
				<total>0</total>
				<timestamp>4947.556535</timestamp>
			</report>
			<report>
				<misses>568500001</misses>
				<total>0</total>
				<timestamp>4948.432401</timestamp>
			</report>
			<report>
				<misses>568600001</misses>
				<total>0</total>
				<timestamp>4949.300013</timestamp>
			</report>
			<report>
				<misses>568700001</misses>
				<total>0</total>
				<timestamp>4950.165571</timestamp>
			</report>
			<report>
				<misses>568800001</misses>
				<total>0</total>
				<timestamp>4951.040928</timestamp>
			</report>
			<report>
				<misses>568900001</misses>
				<total>0</total>
				<timestamp>4951.910360</timestamp>
			</report>
			<report>
				<misses>569000001</misses>
				<total>0</total>
				<timestamp>4952.786048</timestamp>
			</report>
			<report>
				<misses>569100001</misses>
				<total>0</total>
				<timestamp>4953.653750</timestamp>
			</report>
			<report>
				<misses>569200001</misses>
				<total>0</total>
				<timestamp>4954.525070</timestamp>
			</report>
			<report>
				<misses>569300001</misses>
				<total>0</total>
				<timestamp>4955.410801</timestamp>
			</report>
			<report>
				<misses>569400001</misses>
				<total>0</total>
				<timestamp>4956.286143</timestamp>
			</report>
			<report>
				<misses>569500001</misses>
				<total>0</total>
				<timestamp>4957.132040</timestamp>
			</report>
			<report>
				<misses>569600001</misses>
				<total>0</total>
				<timestamp>4958.005947</timestamp>
			</report>
			<report>
				<misses>569700001</misses>
				<total>0</total>
				<timestamp>4958.889159</timestamp>
			</report>
			<report>
				<misses>569800001</misses>
				<total>0</total>
				<timestamp>4959.772816</timestamp>
			</report>
			<report>
				<misses>569900001</misses>
				<total>0</total>
				<timestamp>4960.652067</timestamp>
			</report>
			<report>
				<misses>570000001</misses>
				<total>0</total>
				<timestamp>4961.525917</timestamp>
			</report>
			<report>
				<misses>570100001</misses>
				<total>0</total>
				<timestamp>4962.406163</timestamp>
			</report>
			<report>
				<misses>570200001</misses>
				<total>0</total>
				<timestamp>4963.285923</timestamp>
			</report>
			<report>
				<misses>570300001</misses>
				<total>0</total>
				<timestamp>4964.154679</timestamp>
			</report>
			<report>
				<misses>570400001</misses>
				<total>0</total>
				<timestamp>4965.029168</timestamp>
			</report>
			<report>
				<misses>570500001</misses>
				<total>0</total>
				<timestamp>4965.887091</timestamp>
			</report>
			<report>
				<misses>570600001</misses>
				<total>0</total>
				<timestamp>4966.755673</timestamp>
			</report>
			<report>
				<misses>570700001</misses>
				<total>0</total>
				<timestamp>4967.623388</timestamp>
			</report>
			<report>
				<misses>570800001</misses>
				<total>0</total>
				<timestamp>4968.501129</timestamp>
			</report>
			<report>
				<misses>570900001</misses>
				<total>0</total>
				<timestamp>4969.379552</timestamp>
			</report>
			<report>
				<misses>571000001</misses>
				<total>0</total>
				<timestamp>4970.245624</timestamp>
			</report>
			<report>
				<misses>571100001</misses>
				<total>0</total>
				<timestamp>4971.109981</timestamp>
			</report>
			<report>
				<misses>571200001</misses>
				<total>0</total>
				<timestamp>4971.987402</timestamp>
			</report>
			<report>
				<misses>571300001</misses>
				<total>0</total>
				<timestamp>4972.840428</timestamp>
			</report>
			<report>
				<misses>571400001</misses>
				<total>0</total>
				<timestamp>4973.699689</timestamp>
			</report>
			<report>
				<misses>571500001</misses>
				<total>0</total>
				<timestamp>4974.573160</timestamp>
			</report>
			<report>
				<misses>571600001</misses>
				<total>0</total>
				<timestamp>4975.429893</timestamp>
			</report>
			<report>
				<misses>571700001</misses>
				<total>0</total>
				<timestamp>4976.305292</timestamp>
			</report>
			<report>
				<misses>571800001</misses>
				<total>0</total>
				<timestamp>4977.179926</timestamp>
			</report>
			<report>
				<misses>571900001</misses>
				<total>0</total>
				<timestamp>4978.044536</timestamp>
			</report>
			<report>
				<misses>572000001</misses>
				<total>0</total>
				<timestamp>4978.884311</timestamp>
			</report>
			<report>
				<misses>572100001</misses>
				<total>0</total>
				<timestamp>4979.734358</timestamp>
			</report>
			<report>
				<misses>572200001</misses>
				<total>0</total>
				<timestamp>4980.609362</timestamp>
			</report>
			<report>
				<misses>572300001</misses>
				<total>0</total>
				<timestamp>4981.473181</timestamp>
			</report>
			<report>
				<misses>572400001</misses>
				<total>0</total>
				<timestamp>4982.350678</timestamp>
			</report>
			<report>
				<misses>572500001</misses>
				<total>0</total>
				<timestamp>4983.246743</timestamp>
			</report>
			<report>
				<misses>572600001</misses>
				<total>0</total>
				<timestamp>4984.137965</timestamp>
			</report>
			<report>
				<misses>572700001</misses>
				<total>0</total>
				<timestamp>4985.023029</timestamp>
			</report>
			<report>
				<misses>572800001</misses>
				<total>0</total>
				<timestamp>4985.899968</timestamp>
			</report>
			<report>
				<misses>572900001</misses>
				<total>0</total>
				<timestamp>4986.784856</timestamp>
			</report>
			<report>
				<misses>573000001</misses>
				<total>0</total>
				<timestamp>4987.658163</timestamp>
			</report>
			<report>
				<misses>573100001</misses>
				<total>0</total>
				<timestamp>4988.532291</timestamp>
			</report>
			<report>
				<misses>573200001</misses>
				<total>0</total>
				<timestamp>4989.401642</timestamp>
			</report>
			<report>
				<misses>573300001</misses>
				<total>0</total>
				<timestamp>4990.266440</timestamp>
			</report>
			<report>
				<misses>573400001</misses>
				<total>0</total>
				<timestamp>4991.138431</timestamp>
			</report>
			<report>
				<misses>573500001</misses>
				<total>0</total>
				<timestamp>4992.011564</timestamp>
			</report>
			<report>
				<misses>573600001</misses>
				<total>0</total>
				<timestamp>4992.862560</timestamp>
			</report>
			<report>
				<misses>573700001</misses>
				<total>0</total>
				<timestamp>4993.729473</timestamp>
			</report>
			<report>
				<misses>573800001</misses>
				<total>0</total>
				<timestamp>4994.587205</timestamp>
			</report>
			<report>
				<misses>573900001</misses>
				<total>0</total>
				<timestamp>4995.462109</timestamp>
			</report>
			<report>
				<misses>574000001</misses>
				<total>0</total>
				<timestamp>4996.325658</timestamp>
			</report>
			<report>
				<misses>574100001</misses>
				<total>0</total>
				<timestamp>4997.195894</timestamp>
			</report>
			<report>
				<misses>574200001</misses>
				<total>0</total>
				<timestamp>4998.071569</timestamp>
			</report>
			<report>
				<misses>574300001</misses>
				<total>0</total>
				<timestamp>4998.945309</timestamp>
			</report>
			<report>
				<misses>574400001</misses>
				<total>0</total>
				<timestamp>4999.817102</timestamp>
			</report>
			<report>
				<misses>574500001</misses>
				<total>0</total>
				<timestamp>5000.687600</timestamp>
			</report>
			<report>
				<misses>574600001</misses>
				<total>0</total>
				<timestamp>5001.552849</timestamp>
			</report>
			<report>
				<misses>574700001</misses>
				<total>0</total>
				<timestamp>5002.429415</timestamp>
			</report>
			<report>
				<misses>574800001</misses>
				<total>0</total>
				<timestamp>5003.309388</timestamp>
			</report>
			<report>
				<misses>574900001</misses>
				<total>0</total>
				<timestamp>5004.179718</timestamp>
			</report>
			<report>
				<misses>575000001</misses>
				<total>0</total>
				<timestamp>5005.049418</timestamp>
			</report>
			<report>
				<misses>575100001</misses>
				<total>0</total>
				<timestamp>5005.928479</timestamp>
			</report>
			<report>
				<misses>575200001</misses>
				<total>0</total>
				<timestamp>5006.812414</timestamp>
			</report>
			<report>
				<misses>575300001</misses>
				<total>0</total>
				<timestamp>5007.694262</timestamp>
			</report>
			<report>
				<misses>575400001</misses>
				<total>0</total>
				<timestamp>5008.572740</timestamp>
			</report>
			<report>
				<misses>575500001</misses>
				<total>0</total>
				<timestamp>5009.450851</timestamp>
			</report>
			<report>
				<misses>575600001</misses>
				<total>0</total>
				<timestamp>5010.332008</timestamp>
			</report>
			<report>
				<misses>575700001</misses>
				<total>0</total>
				<timestamp>5011.206105</timestamp>
			</report>
			<report>
				<misses>575800001</misses>
				<total>0</total>
				<timestamp>5012.075932</timestamp>
			</report>
			<report>
				<misses>575900001</misses>
				<total>0</total>
				<timestamp>5012.946381</timestamp>
			</report>
			<report>
				<misses>576000001</misses>
				<total>0</total>
				<timestamp>5013.809657</timestamp>
			</report>
			<report>
				<misses>576100001</misses>
				<total>0</total>
				<timestamp>5014.683824</timestamp>
			</report>
			<report>
				<misses>576200001</misses>
				<total>0</total>
				<timestamp>5015.554849</timestamp>
			</report>
			<report>
				<misses>576300001</misses>
				<total>0</total>
				<timestamp>5016.422408</timestamp>
			</report>
			<report>
				<misses>576400001</misses>
				<total>0</total>
				<timestamp>5017.292030</timestamp>
			</report>
			<report>
				<misses>576500001</misses>
				<total>0</total>
				<timestamp>5018.160409</timestamp>
			</report>
			<report>
				<misses>576600001</misses>
				<total>0</total>
				<timestamp>5019.027057</timestamp>
			</report>
			<report>
				<misses>576700001</misses>
				<total>0</total>
				<timestamp>5019.896349</timestamp>
			</report>
			<report>
				<misses>576800001</misses>
				<total>0</total>
				<timestamp>5020.773354</timestamp>
			</report>
			<report>
				<misses>576900001</misses>
				<total>0</total>
				<timestamp>5021.645641</timestamp>
			</report>
			<report>
				<misses>577000001</misses>
				<total>0</total>
				<timestamp>5022.505152</timestamp>
			</report>
			<report>
				<misses>577100001</misses>
				<total>0</total>
				<timestamp>5023.369515</timestamp>
			</report>
			<report>
				<misses>577200001</misses>
				<total>0</total>
				<timestamp>5024.237842</timestamp>
			</report>
			<report>
				<misses>577300001</misses>
				<total>0</total>
				<timestamp>5025.105422</timestamp>
			</report>
			<report>
				<misses>577400001</misses>
				<total>0</total>
				<timestamp>5025.972657</timestamp>
			</report>
			<report>
				<misses>577500001</misses>
				<total>0</total>
				<timestamp>5026.851898</timestamp>
			</report>
			<report>
				<misses>577600001</misses>
				<total>0</total>
				<timestamp>5027.718874</timestamp>
			</report>
			<report>
				<misses>577700001</misses>
				<total>0</total>
				<timestamp>5028.586546</timestamp>
			</report>
			<report>
				<misses>577800001</misses>
				<total>0</total>
				<timestamp>5029.459166</timestamp>
			</report>
			<report>
				<misses>577900001</misses>
				<total>0</total>
				<timestamp>5030.334170</timestamp>
			</report>
			<report>
				<misses>578000001</misses>
				<total>0</total>
				<timestamp>5031.215807</timestamp>
			</report>
			<report>
				<misses>578100001</misses>
				<total>0</total>
				<timestamp>5032.085507</timestamp>
			</report>
			<report>
				<misses>578200001</misses>
				<total>0</total>
				<timestamp>5032.972562</timestamp>
			</report>
			<report>
				<misses>578300001</misses>
				<total>0</total>
				<timestamp>5033.859840</timestamp>
			</report>
			<report>
				<misses>578400001</misses>
				<total>0</total>
				<timestamp>5034.735103</timestamp>
			</report>
			<report>
				<misses>578500001</misses>
				<total>0</total>
				<timestamp>5035.601427</timestamp>
			</report>
			<report>
				<misses>578600001</misses>
				<total>0</total>
				<timestamp>5036.462597</timestamp>
			</report>
			<report>
				<misses>578700001</misses>
				<total>0</total>
				<timestamp>5037.329695</timestamp>
			</report>
			<report>
				<misses>578800001</misses>
				<total>0</total>
				<timestamp>5038.201150</timestamp>
			</report>
			<report>
				<misses>578900001</misses>
				<total>0</total>
				<timestamp>5039.071050</timestamp>
			</report>
			<report>
				<misses>579000001</misses>
				<total>0</total>
				<timestamp>5039.948922</timestamp>
			</report>
			<report>
				<misses>579100001</misses>
				<total>0</total>
				<timestamp>5040.798047</timestamp>
			</report>
			<report>
				<misses>579200001</misses>
				<total>0</total>
				<timestamp>5041.661993</timestamp>
			</report>
			<report>
				<misses>579300001</misses>
				<total>0</total>
				<timestamp>5042.539413</timestamp>
			</report>
			<report>
				<misses>579400001</misses>
				<total>0</total>
				<timestamp>5043.415567</timestamp>
			</report>
			<report>
				<misses>579500001</misses>
				<total>0</total>
				<timestamp>5044.283678</timestamp>
			</report>
			<report>
				<misses>579600001</misses>
				<total>0</total>
				<timestamp>5045.151629</timestamp>
			</report>
			<report>
				<misses>579700001</misses>
				<total>0</total>
				<timestamp>5046.029506</timestamp>
			</report>
			<report>
				<misses>579800001</misses>
				<total>0</total>
				<timestamp>5046.901209</timestamp>
			</report>
			<report>
				<misses>579900001</misses>
				<total>0</total>
				<timestamp>5047.751363</timestamp>
			</report>
			<report>
				<misses>580000001</misses>
				<total>0</total>
				<timestamp>5048.632557</timestamp>
			</report>
			<report>
				<misses>580100001</misses>
				<total>0</total>
				<timestamp>5049.495333</timestamp>
			</report>
			<report>
				<misses>580200001</misses>
				<total>0</total>
				<timestamp>5050.376355</timestamp>
			</report>
			<report>
				<misses>580300001</misses>
				<total>0</total>
				<timestamp>5051.241757</timestamp>
			</report>
			<report>
				<misses>580400001</misses>
				<total>0</total>
				<timestamp>5052.104983</timestamp>
			</report>
			<report>
				<misses>580500001</misses>
				<total>0</total>
				<timestamp>5052.976099</timestamp>
			</report>
			<report>
				<misses>580600001</misses>
				<total>0</total>
				<timestamp>5053.836331</timestamp>
			</report>
			<report>
				<misses>580700001</misses>
				<total>0</total>
				<timestamp>5054.701958</timestamp>
			</report>
			<report>
				<misses>580800001</misses>
				<total>0</total>
				<timestamp>5055.583990</timestamp>
			</report>
			<report>
				<misses>580900001</misses>
				<total>0</total>
				<timestamp>5056.461024</timestamp>
			</report>
			<report>
				<misses>581000001</misses>
				<total>0</total>
				<timestamp>5057.347196</timestamp>
			</report>
			<report>
				<misses>581100001</misses>
				<total>0</total>
				<timestamp>5058.227022</timestamp>
			</report>
			<report>
				<misses>581200001</misses>
				<total>0</total>
				<timestamp>5059.100108</timestamp>
			</report>
			<report>
				<misses>581300001</misses>
				<total>0</total>
				<timestamp>5059.968481</timestamp>
			</report>
			<report>
				<misses>581400001</misses>
				<total>0</total>
				<timestamp>5060.835133</timestamp>
			</report>
			<report>
				<misses>581500001</misses>
				<total>0</total>
				<timestamp>5061.700304</timestamp>
			</report>
			<report>
				<misses>581600001</misses>
				<total>0</total>
				<timestamp>5062.566495</timestamp>
			</report>
			<report>
				<misses>581700001</misses>
				<total>0</total>
				<timestamp>5063.430555</timestamp>
			</report>
			<report>
				<misses>581800001</misses>
				<total>0</total>
				<timestamp>5064.297257</timestamp>
			</report>
			<report>
				<misses>581900001</misses>
				<total>0</total>
				<timestamp>5065.164384</timestamp>
			</report>
			<report>
				<misses>582000001</misses>
				<total>0</total>
				<timestamp>5066.029551</timestamp>
			</report>
			<report>
				<misses>582100001</misses>
				<total>0</total>
				<timestamp>5066.902381</timestamp>
			</report>
			<report>
				<misses>582200001</misses>
				<total>0</total>
				<timestamp>5067.768007</timestamp>
			</report>
			<report>
				<misses>582300001</misses>
				<total>0</total>
				<timestamp>5068.650261</timestamp>
			</report>
			<report>
				<misses>582400001</misses>
				<total>0</total>
				<timestamp>5069.521619</timestamp>
			</report>
			<report>
				<misses>582500001</misses>
				<total>0</total>
				<timestamp>5070.394970</timestamp>
			</report>
			<report>
				<misses>582600001</misses>
				<total>0</total>
				<timestamp>5071.264280</timestamp>
			</report>
			<report>
				<misses>582700001</misses>
				<total>0</total>
				<timestamp>5072.134981</timestamp>
			</report>
			<report>
				<misses>582800001</misses>
				<total>0</total>
				<timestamp>5073.013124</timestamp>
			</report>
			<report>
				<misses>582900001</misses>
				<total>0</total>
				<timestamp>5073.886616</timestamp>
			</report>
			<report>
				<misses>583000001</misses>
				<total>0</total>
				<timestamp>5074.757292</timestamp>
			</report>
			<report>
				<misses>583100001</misses>
				<total>0</total>
				<timestamp>5075.629207</timestamp>
			</report>
			<report>
				<misses>583200001</misses>
				<total>0</total>
				<timestamp>5076.501916</timestamp>
			</report>
			<report>
				<misses>583300001</misses>
				<total>0</total>
				<timestamp>5077.386024</timestamp>
			</report>
			<report>
				<misses>583400001</misses>
				<total>0</total>
				<timestamp>5078.262676</timestamp>
			</report>
			<report>
				<misses>583500001</misses>
				<total>0</total>
				<timestamp>5079.137095</timestamp>
			</report>
			<report>
				<misses>583600001</misses>
				<total>0</total>
				<timestamp>5080.014521</timestamp>
			</report>
			<report>
				<misses>583700001</misses>
				<total>0</total>
				<timestamp>5080.900302</timestamp>
			</report>
			<report>
				<misses>583800001</misses>
				<total>0</total>
				<timestamp>5081.755123</timestamp>
			</report>
			<report>
				<misses>583900001</misses>
				<total>0</total>
				<timestamp>5082.627094</timestamp>
			</report>
			<report>
				<misses>584000001</misses>
				<total>0</total>
				<timestamp>5083.499834</timestamp>
			</report>
			<report>
				<misses>584100001</misses>
				<total>0</total>
				<timestamp>5084.374205</timestamp>
			</report>
			<report>
				<misses>584200001</misses>
				<total>0</total>
				<timestamp>5085.239024</timestamp>
			</report>
			<report>
				<misses>584300001</misses>
				<total>0</total>
				<timestamp>5086.107870</timestamp>
			</report>
			<report>
				<misses>584400001</misses>
				<total>0</total>
				<timestamp>5086.984504</timestamp>
			</report>
			<report>
				<misses>584500001</misses>
				<total>0</total>
				<timestamp>5087.849603</timestamp>
			</report>
			<report>
				<misses>584600001</misses>
				<total>0</total>
				<timestamp>5088.713956</timestamp>
			</report>
			<report>
				<misses>584700001</misses>
				<total>0</total>
				<timestamp>5089.567352</timestamp>
			</report>
			<report>
				<misses>584800001</misses>
				<total>0</total>
				<timestamp>5090.432955</timestamp>
			</report>
			<report>
				<misses>584900001</misses>
				<total>0</total>
				<timestamp>5091.309029</timestamp>
			</report>
			<report>
				<misses>585000001</misses>
				<total>0</total>
				<timestamp>5092.172239</timestamp>
			</report>
			<report>
				<misses>585100001</misses>
				<total>0</total>
				<timestamp>5093.051585</timestamp>
			</report>
			<report>
				<misses>585200001</misses>
				<total>0</total>
				<timestamp>5093.920907</timestamp>
			</report>
			<report>
				<misses>585300001</misses>
				<total>0</total>
				<timestamp>5094.782777</timestamp>
			</report>
			<report>
				<misses>585400001</misses>
				<total>0</total>
				<timestamp>5095.652386</timestamp>
			</report>
			<report>
				<misses>585500001</misses>
				<total>0</total>
				<timestamp>5096.524722</timestamp>
			</report>
			<report>
				<misses>585600001</misses>
				<total>0</total>
				<timestamp>5097.386410</timestamp>
			</report>
			<report>
				<misses>585700001</misses>
				<total>0</total>
				<timestamp>5098.256593</timestamp>
			</report>
			<report>
				<misses>585800001</misses>
				<total>0</total>
				<timestamp>5099.132037</timestamp>
			</report>
			<report>
				<misses>585900001</misses>
				<total>0</total>
				<timestamp>5099.998909</timestamp>
			</report>
			<report>
				<misses>586000001</misses>
				<total>0</total>
				<timestamp>5100.881002</timestamp>
			</report>
			<report>
				<misses>586100001</misses>
				<total>0</total>
				<timestamp>5101.752195</timestamp>
			</report>
			<report>
				<misses>586200001</misses>
				<total>0</total>
				<timestamp>5102.630884</timestamp>
			</report>
			<report>
				<misses>586300001</misses>
				<total>0</total>
				<timestamp>5103.516536</timestamp>
			</report>
			<report>
				<misses>586400001</misses>
				<total>0</total>
				<timestamp>5104.386918</timestamp>
			</report>
			<report>
				<misses>586500001</misses>
				<total>0</total>
				<timestamp>5105.250450</timestamp>
			</report>
			<report>
				<misses>586600001</misses>
				<total>0</total>
				<timestamp>5106.117071</timestamp>
			</report>
			<report>
				<misses>586700001</misses>
				<total>0</total>
				<timestamp>5106.991918</timestamp>
			</report>
			<report>
				<misses>586800001</misses>
				<total>0</total>
				<timestamp>5107.869224</timestamp>
			</report>
			<report>
				<misses>586900001</misses>
				<total>0</total>
				<timestamp>5108.750098</timestamp>
			</report>
			<report>
				<misses>587000001</misses>
				<total>0</total>
				<timestamp>5109.633750</timestamp>
			</report>
			<report>
				<misses>587100001</misses>
				<total>0</total>
				<timestamp>5110.503207</timestamp>
			</report>
			<report>
				<misses>587200001</misses>
				<total>0</total>
				<timestamp>5111.371110</timestamp>
			</report>
			<report>
				<misses>587300001</misses>
				<total>0</total>
				<timestamp>5112.232020</timestamp>
			</report>
			<report>
				<misses>587400001</misses>
				<total>0</total>
				<timestamp>5113.108463</timestamp>
			</report>
			<report>
				<misses>587500001</misses>
				<total>0</total>
				<timestamp>5113.963890</timestamp>
			</report>
			<report>
				<misses>587600001</misses>
				<total>0</total>
				<timestamp>5114.834317</timestamp>
			</report>
			<report>
				<misses>587700001</misses>
				<total>0</total>
				<timestamp>5115.707295</timestamp>
			</report>
			<report>
				<misses>587800001</misses>
				<total>0</total>
				<timestamp>5116.579113</timestamp>
			</report>
			<report>
				<misses>587900001</misses>
				<total>0</total>
				<timestamp>5117.450700</timestamp>
			</report>
			<report>
				<misses>588000001</misses>
				<total>0</total>
				<timestamp>5118.324051</timestamp>
			</report>
			<report>
				<misses>588100001</misses>
				<total>0</total>
				<timestamp>5119.194056</timestamp>
			</report>
			<report>
				<misses>588200001</misses>
				<total>0</total>
				<timestamp>5120.058304</timestamp>
			</report>
			<report>
				<misses>588300001</misses>
				<total>0</total>
				<timestamp>5120.922260</timestamp>
			</report>
			<report>
				<misses>588400001</misses>
				<total>0</total>
				<timestamp>5121.807313</timestamp>
			</report>
			<report>
				<misses>588500001</misses>
				<total>0</total>
				<timestamp>5122.675452</timestamp>
			</report>
			<report>
				<misses>588600001</misses>
				<total>0</total>
				<timestamp>5123.546199</timestamp>
			</report>
			<report>
				<misses>588700001</misses>
				<total>0</total>
				<timestamp>5124.424011</timestamp>
			</report>
			<report>
				<misses>588800001</misses>
				<total>0</total>
				<timestamp>5125.302200</timestamp>
			</report>
			<report>
				<misses>588900001</misses>
				<total>0</total>
				<timestamp>5126.178132</timestamp>
			</report>
			<report>
				<misses>589000001</misses>
				<total>0</total>
				<timestamp>5127.058515</timestamp>
			</report>
			<report>
				<misses>589100001</misses>
				<total>0</total>
				<timestamp>5127.947443</timestamp>
			</report>
			<report>
				<misses>589200001</misses>
				<total>0</total>
				<timestamp>5128.826684</timestamp>
			</report>
			<report>
				<misses>589300001</misses>
				<total>0</total>
				<timestamp>5129.695239</timestamp>
			</report>
			<report>
				<misses>589400001</misses>
				<total>0</total>
				<timestamp>5130.558244</timestamp>
			</report>
			<report>
				<misses>589500001</misses>
				<total>0</total>
				<timestamp>5131.431700</timestamp>
			</report>
			<report>
				<misses>589600001</misses>
				<total>0</total>
				<timestamp>5132.312870</timestamp>
			</report>
			<report>
				<misses>589700001</misses>
				<total>0</total>
				<timestamp>5133.187496</timestamp>
			</report>
			<report>
				<misses>589800001</misses>
				<total>0</total>
				<timestamp>5134.050260</timestamp>
			</report>
			<report>
				<misses>589900001</misses>
				<total>0</total>
				<timestamp>5134.911532</timestamp>
			</report>
			<report>
				<misses>590000001</misses>
				<total>0</total>
				<timestamp>5135.770728</timestamp>
			</report>
			<report>
				<misses>590100001</misses>
				<total>0</total>
				<timestamp>5136.643367</timestamp>
			</report>
			<report>
				<misses>590200001</misses>
				<total>0</total>
				<timestamp>5137.513268</timestamp>
			</report>
			<report>
				<misses>590300001</misses>
				<total>0</total>
				<timestamp>5138.377493</timestamp>
			</report>
			<report>
				<misses>590400001</misses>
				<total>0</total>
				<timestamp>5139.248109</timestamp>
			</report>
			<report>
				<misses>590500001</misses>
				<total>0</total>
				<timestamp>5140.123192</timestamp>
			</report>
			<report>
				<misses>590600001</misses>
				<total>0</total>
				<timestamp>5140.989593</timestamp>
			</report>
			<report>
				<misses>590700001</misses>
				<total>0</total>
				<timestamp>5141.856413</timestamp>
			</report>
			<report>
				<misses>590800001</misses>
				<total>0</total>
				<timestamp>5142.726899</timestamp>
			</report>
			<report>
				<misses>590900001</misses>
				<total>0</total>
				<timestamp>5143.606255</timestamp>
			</report>
			<report>
				<misses>591000001</misses>
				<total>0</total>
				<timestamp>5144.477224</timestamp>
			</report>
			<report>
				<misses>591100001</misses>
				<total>0</total>
				<timestamp>5145.343310</timestamp>
			</report>
			<report>
				<misses>591200001</misses>
				<total>0</total>
				<timestamp>5146.209847</timestamp>
			</report>
			<report>
				<misses>591300001</misses>
				<total>0</total>
				<timestamp>5147.090880</timestamp>
			</report>
			<report>
				<misses>591400001</misses>
				<total>0</total>
				<timestamp>5147.979142</timestamp>
			</report>
			<report>
				<misses>591500001</misses>
				<total>0</total>
				<timestamp>5148.857507</timestamp>
			</report>
			<report>
				<misses>591600001</misses>
				<total>0</total>
				<timestamp>5149.726382</timestamp>
			</report>
			<report>
				<misses>591700001</misses>
				<total>0</total>
				<timestamp>5150.599116</timestamp>
			</report>
			<report>
				<misses>591800001</misses>
				<total>0</total>
				<timestamp>5151.481468</timestamp>
			</report>
			<report>
				<misses>591900001</misses>
				<total>0</total>
				<timestamp>5152.349030</timestamp>
			</report>
			<report>
				<misses>592000001</misses>
				<total>0</total>
				<timestamp>5153.218710</timestamp>
			</report>
			<report>
				<misses>592100001</misses>
				<total>0</total>
				<timestamp>5154.080092</timestamp>
			</report>
			<report>
				<misses>592200001</misses>
				<total>0</total>
				<timestamp>5154.946934</timestamp>
			</report>
			<report>
				<misses>592300001</misses>
				<total>0</total>
				<timestamp>5155.822912</timestamp>
			</report>
			<report>
				<misses>592400001</misses>
				<total>0</total>
				<timestamp>5156.689056</timestamp>
			</report>
			<report>
				<misses>592500001</misses>
				<total>0</total>
				<timestamp>5157.567133</timestamp>
			</report>
			<report>
				<misses>592600001</misses>
				<total>0</total>
				<timestamp>5158.442780</timestamp>
			</report>
			<report>
				<misses>592700001</misses>
				<total>0</total>
				<timestamp>5159.312145</timestamp>
			</report>
			<report>
				<misses>592800001</misses>
				<total>0</total>
				<timestamp>5160.170204</timestamp>
			</report>
			<report>
				<misses>592900001</misses>
				<total>0</total>
				<timestamp>5161.040729</timestamp>
			</report>
			<report>
				<misses>593000001</misses>
				<total>0</total>
				<timestamp>5161.916101</timestamp>
			</report>
			<report>
				<misses>593100001</misses>
				<total>0</total>
				<timestamp>5162.787669</timestamp>
			</report>
			<report>
				<misses>593200001</misses>
				<total>0</total>
				<timestamp>5163.653753</timestamp>
			</report>
			<report>
				<misses>593300001</misses>
				<total>0</total>
				<timestamp>5164.522511</timestamp>
			</report>
			<report>
				<misses>593400001</misses>
				<total>0</total>
				<timestamp>5165.390557</timestamp>
			</report>
			<report>
				<misses>593500001</misses>
				<total>0</total>
				<timestamp>5166.273648</timestamp>
			</report>
			<report>
				<misses>593600001</misses>
				<total>0</total>
				<timestamp>5167.139279</timestamp>
			</report>
			<report>
				<misses>593700001</misses>
				<total>0</total>
				<timestamp>5168.007051</timestamp>
			</report>
			<report>
				<misses>593800001</misses>
				<total>0</total>
				<timestamp>5168.848450</timestamp>
			</report>
			<report>
				<misses>593900001</misses>
				<total>0</total>
				<timestamp>5169.687139</timestamp>
			</report>
			<report>
				<misses>594000001</misses>
				<total>0</total>
				<timestamp>5170.526071</timestamp>
			</report>
			<report>
				<misses>594100001</misses>
				<total>0</total>
				<timestamp>5171.350469</timestamp>
			</report>
			<report>
				<misses>594200001</misses>
				<total>0</total>
				<timestamp>5172.225501</timestamp>
			</report>
			<report>
				<misses>594300001</misses>
				<total>0</total>
				<timestamp>5173.105171</timestamp>
			</report>
			<report>
				<misses>594400001</misses>
				<total>0</total>
				<timestamp>5173.977690</timestamp>
			</report>
			<report>
				<misses>594500001</misses>
				<total>0</total>
				<timestamp>5174.858039</timestamp>
			</report>
			<report>
				<misses>594600001</misses>
				<total>0</total>
				<timestamp>5175.742105</timestamp>
			</report>
			<report>
				<misses>594700001</misses>
				<total>0</total>
				<timestamp>5176.615497</timestamp>
			</report>
			<report>
				<misses>594800001</misses>
				<total>0</total>
				<timestamp>5177.480515</timestamp>
			</report>
			<report>
				<misses>594900001</misses>
				<total>0</total>
				<timestamp>5178.347261</timestamp>
			</report>
			<report>
				<misses>595000001</misses>
				<total>0</total>
				<timestamp>5179.219699</timestamp>
			</report>
			<report>
				<misses>595100001</misses>
				<total>0</total>
				<timestamp>5180.081048</timestamp>
			</report>
			<report>
				<misses>595200001</misses>
				<total>0</total>
				<timestamp>5180.953220</timestamp>
			</report>
			<report>
				<misses>595300001</misses>
				<total>0</total>
				<timestamp>5181.824457</timestamp>
			</report>
			<report>
				<misses>595400001</misses>
				<total>0</total>
				<timestamp>5182.701222</timestamp>
			</report>
			<report>
				<misses>595500001</misses>
				<total>0</total>
				<timestamp>5183.575648</timestamp>
			</report>
			<report>
				<misses>595600001</misses>
				<total>0</total>
				<timestamp>5184.444872</timestamp>
			</report>
			<report>
				<misses>595700001</misses>
				<total>0</total>
				<timestamp>5185.318126</timestamp>
			</report>
			<report>
				<misses>595800001</misses>
				<total>0</total>
				<timestamp>5186.200417</timestamp>
			</report>
			<report>
				<misses>595900001</misses>
				<total>0</total>
				<timestamp>5187.063746</timestamp>
			</report>
			<report>
				<misses>596000001</misses>
				<total>0</total>
				<timestamp>5187.933252</timestamp>
			</report>
			<report>
				<misses>596100001</misses>
				<total>0</total>
				<timestamp>5188.793253</timestamp>
			</report>
			<report>
				<misses>596200001</misses>
				<total>0</total>
				<timestamp>5189.660136</timestamp>
			</report>
			<report>
				<misses>596300001</misses>
				<total>0</total>
				<timestamp>5190.531212</timestamp>
			</report>
			<report>
				<misses>596400001</misses>
				<total>0</total>
				<timestamp>5191.385119</timestamp>
			</report>
			<report>
				<misses>596500001</misses>
				<total>0</total>
				<timestamp>5192.243156</timestamp>
			</report>
			<report>
				<misses>596600001</misses>
				<total>0</total>
				<timestamp>5193.115019</timestamp>
			</report>
			<report>
				<misses>596700001</misses>
				<total>0</total>
				<timestamp>5193.992515</timestamp>
			</report>
			<report>
				<misses>596800001</misses>
				<total>0</total>
				<timestamp>5194.859758</timestamp>
			</report>
			<report>
				<misses>596900001</misses>
				<total>0</total>
				<timestamp>5195.732006</timestamp>
			</report>
			<report>
				<misses>597000001</misses>
				<total>0</total>
				<timestamp>5196.613241</timestamp>
			</report>
			<report>
				<misses>597100001</misses>
				<total>0</total>
				<timestamp>5197.492798</timestamp>
			</report>
			<report>
				<misses>597200001</misses>
				<total>0</total>
				<timestamp>5198.358535</timestamp>
			</report>
			<report>
				<misses>597300001</misses>
				<total>0</total>
				<timestamp>5199.239122</timestamp>
			</report>
			<report>
				<misses>597400001</misses>
				<total>0</total>
				<timestamp>5200.091636</timestamp>
			</report>
			<report>
				<misses>597500001</misses>
				<total>0</total>
				<timestamp>5200.958207</timestamp>
			</report>
			<report>
				<misses>597600001</misses>
				<total>0</total>
				<timestamp>5201.833720</timestamp>
			</report>
			<report>
				<misses>597700001</misses>
				<total>0</total>
				<timestamp>5202.714746</timestamp>
			</report>
			<report>
				<misses>597800001</misses>
				<total>0</total>
				<timestamp>5203.606592</timestamp>
			</report>
			<report>
				<misses>597900001</misses>
				<total>0</total>
				<timestamp>5204.487321</timestamp>
			</report>
			<report>
				<misses>598000001</misses>
				<total>0</total>
				<timestamp>5205.355146</timestamp>
			</report>
			<report>
				<misses>598100001</misses>
				<total>0</total>
				<timestamp>5206.213711</timestamp>
			</report>
			<report>
				<misses>598200001</misses>
				<total>0</total>
				<timestamp>5207.092393</timestamp>
			</report>
			<report>
				<misses>598300001</misses>
				<total>0</total>
				<timestamp>5207.967874</timestamp>
			</report>
			<report>
				<misses>598400001</misses>
				<total>0</total>
				<timestamp>5208.829242</timestamp>
			</report>
			<report>
				<misses>598500001</misses>
				<total>0</total>
				<timestamp>5209.700740</timestamp>
			</report>
			<report>
				<misses>598600001</misses>
				<total>0</total>
				<timestamp>5210.576448</timestamp>
			</report>
			<report>
				<misses>598700001</misses>
				<total>0</total>
				<timestamp>5211.444531</timestamp>
			</report>
			<report>
				<misses>598800001</misses>
				<total>0</total>
				<timestamp>5212.314259</timestamp>
			</report>
			<report>
				<misses>598900001</misses>
				<total>0</total>
				<timestamp>5213.186838</timestamp>
			</report>
			<report>
				<misses>599000001</misses>
				<total>0</total>
				<timestamp>5214.051160</timestamp>
			</report>
			<report>
				<misses>599100001</misses>
				<total>0</total>
				<timestamp>5214.921681</timestamp>
			</report>
			<report>
				<misses>599200001</misses>
				<total>0</total>
				<timestamp>5215.787924</timestamp>
			</report>
			<report>
				<misses>599300001</misses>
				<total>0</total>
				<timestamp>5216.654411</timestamp>
			</report>
			<report>
				<misses>599400001</misses>
				<total>0</total>
				<timestamp>5217.532290</timestamp>
			</report>
			<report>
				<misses>599500001</misses>
				<total>0</total>
				<timestamp>5218.403746</timestamp>
			</report>
			<report>
				<misses>599600001</misses>
				<total>0</total>
				<timestamp>5219.273091</timestamp>
			</report>
			<report>
				<misses>599700001</misses>
				<total>0</total>
				<timestamp>5220.152370</timestamp>
			</report>
			<report>
				<misses>599800001</misses>
				<total>0</total>
				<timestamp>5221.032238</timestamp>
			</report>
			<report>
				<misses>599900001</misses>
				<total>0</total>
				<timestamp>5221.915016</timestamp>
			</report>
			<report>
				<misses>600000001</misses>
				<total>0</total>
				<timestamp>5222.792183</timestamp>
			</report>
			<report>
				<misses>600100001</misses>
				<total>0</total>
				<timestamp>5223.669571</timestamp>
			</report>
			<report>
				<misses>600200001</misses>
				<total>0</total>
				<timestamp>5224.533789</timestamp>
			</report>
			<report>
				<misses>600300001</misses>
				<total>0</total>
				<timestamp>5225.399638</timestamp>
			</report>
			<report>
				<misses>600400001</misses>
				<total>0</total>
				<timestamp>5226.267522</timestamp>
			</report>
			<report>
				<misses>600500001</misses>
				<total>0</total>
				<timestamp>5227.138354</timestamp>
			</report>
			<report>
				<misses>600600001</misses>
				<total>0</total>
				<timestamp>5228.008331</timestamp>
			</report>
			<report>
				<misses>600700001</misses>
				<total>0</total>
				<timestamp>5228.882018</timestamp>
			</report>
			<report>
				<misses>600800001</misses>
				<total>0</total>
				<timestamp>5229.757604</timestamp>
			</report>
			<report>
				<misses>600900001</misses>
				<total>0</total>
				<timestamp>5230.618569</timestamp>
			</report>
			<report>
				<misses>601000001</misses>
				<total>0</total>
				<timestamp>5231.482305</timestamp>
			</report>
			<report>
				<misses>601100001</misses>
				<total>0</total>
				<timestamp>5232.351206</timestamp>
			</report>
			<report>
				<misses>601200001</misses>
				<total>0</total>
				<timestamp>5233.214857</timestamp>
			</report>
			<report>
				<misses>601300001</misses>
				<total>0</total>
				<timestamp>5234.101408</timestamp>
			</report>
			<report>
				<misses>601400001</misses>
				<total>0</total>
				<timestamp>5234.983267</timestamp>
			</report>
			<report>
				<misses>601500001</misses>
				<total>0</total>
				<timestamp>5235.859596</timestamp>
			</report>
			<report>
				<misses>601600001</misses>
				<total>0</total>
				<timestamp>5236.734633</timestamp>
			</report>
			<report>
				<misses>601700001</misses>
				<total>0</total>
				<timestamp>5237.603243</timestamp>
			</report>
			<report>
				<misses>601800001</misses>
				<total>0</total>
				<timestamp>5238.468282</timestamp>
			</report>
			<report>
				<misses>601900001</misses>
				<total>0</total>
				<timestamp>5239.343263</timestamp>
			</report>
			<report>
				<misses>602000001</misses>
				<total>0</total>
				<timestamp>5240.206580</timestamp>
			</report>
			<report>
				<misses>602100001</misses>
				<total>0</total>
				<timestamp>5241.069197</timestamp>
			</report>
			<report>
				<misses>602200001</misses>
				<total>0</total>
				<timestamp>5241.925895</timestamp>
			</report>
			<report>
				<misses>602300001</misses>
				<total>0</total>
				<timestamp>5242.788094</timestamp>
			</report>
			<report>
				<misses>602400001</misses>
				<total>0</total>
				<timestamp>5243.643625</timestamp>
			</report>
			<report>
				<misses>602500001</misses>
				<total>0</total>
				<timestamp>5244.515468</timestamp>
			</report>
			<report>
				<misses>602600001</misses>
				<total>0</total>
				<timestamp>5245.388813</timestamp>
			</report>
			<report>
				<misses>602700001</misses>
				<total>0</total>
				<timestamp>5246.240013</timestamp>
			</report>
			<report>
				<misses>602800001</misses>
				<total>0</total>
				<timestamp>5247.094076</timestamp>
			</report>
			<report>
				<misses>602900001</misses>
				<total>0</total>
				<timestamp>5247.969730</timestamp>
			</report>
			<report>
				<misses>603000001</misses>
				<total>0</total>
				<timestamp>5248.838895</timestamp>
			</report>
			<report>
				<misses>603100001</misses>
				<total>0</total>
				<timestamp>5249.711860</timestamp>
			</report>
			<report>
				<misses>603200001</misses>
				<total>0</total>
				<timestamp>5250.594724</timestamp>
			</report>
			<report>
				<misses>603300001</misses>
				<total>0</total>
				<timestamp>5251.470863</timestamp>
			</report>
			<report>
				<misses>603400001</misses>
				<total>0</total>
				<timestamp>5252.328616</timestamp>
			</report>
			<report>
				<misses>603500001</misses>
				<total>0</total>
				<timestamp>5253.200291</timestamp>
			</report>
			<report>
				<misses>603600001</misses>
				<total>0</total>
				<timestamp>5254.063187</timestamp>
			</report>
			<report>
				<misses>603700001</misses>
				<total>0</total>
				<timestamp>5254.930857</timestamp>
			</report>
			<report>
				<misses>603800001</misses>
				<total>0</total>
				<timestamp>5255.802264</timestamp>
			</report>
			<report>
				<misses>603900001</misses>
				<total>0</total>
				<timestamp>5256.679361</timestamp>
			</report>
			<report>
				<misses>604000001</misses>
				<total>0</total>
				<timestamp>5257.558754</timestamp>
			</report>
			<report>
				<misses>604100001</misses>
				<total>0</total>
				<timestamp>5258.432887</timestamp>
			</report>
			<report>
				<misses>604200001</misses>
				<total>0</total>
				<timestamp>5259.295054</timestamp>
			</report>
			<report>
				<misses>604300001</misses>
				<total>0</total>
				<timestamp>5260.161941</timestamp>
			</report>
			<report>
				<misses>604400001</misses>
				<total>0</total>
				<timestamp>5261.013702</timestamp>
			</report>
			<report>
				<misses>604500001</misses>
				<total>0</total>
				<timestamp>5261.887831</timestamp>
			</report>
			<report>
				<misses>604600001</misses>
				<total>0</total>
				<timestamp>5262.766022</timestamp>
			</report>
			<report>
				<misses>604700001</misses>
				<total>0</total>
				<timestamp>5263.649837</timestamp>
			</report>
			<report>
				<misses>604800001</misses>
				<total>0</total>
				<timestamp>5264.532324</timestamp>
			</report>
			<report>
				<misses>604900001</misses>
				<total>0</total>
				<timestamp>5265.409278</timestamp>
			</report>
			<report>
				<misses>605000001</misses>
				<total>0</total>
				<timestamp>5266.276718</timestamp>
			</report>
			<report>
				<misses>605100001</misses>
				<total>0</total>
				<timestamp>5267.152778</timestamp>
			</report>
			<report>
				<misses>605200001</misses>
				<total>0</total>
				<timestamp>5267.997492</timestamp>
			</report>
			<report>
				<misses>605300001</misses>
				<total>0</total>
				<timestamp>5268.872359</timestamp>
			</report>
			<report>
				<misses>605400001</misses>
				<total>0</total>
				<timestamp>5269.732253</timestamp>
			</report>
			<report>
				<misses>605500001</misses>
				<total>0</total>
				<timestamp>5270.604004</timestamp>
			</report>
			<report>
				<misses>605600001</misses>
				<total>0</total>
				<timestamp>5271.474788</timestamp>
			</report>
			<report>
				<misses>605700001</misses>
				<total>0</total>
				<timestamp>5272.343996</timestamp>
			</report>
			<report>
				<misses>605800001</misses>
				<total>0</total>
				<timestamp>5273.206015</timestamp>
			</report>
			<report>
				<misses>605900001</misses>
				<total>0</total>
				<timestamp>5274.073131</timestamp>
			</report>
			<report>
				<misses>606000001</misses>
				<total>0</total>
				<timestamp>5274.942315</timestamp>
			</report>
			<report>
				<misses>606100001</misses>
				<total>0</total>
				<timestamp>5275.805249</timestamp>
			</report>
			<report>
				<misses>606200001</misses>
				<total>0</total>
				<timestamp>5276.671651</timestamp>
			</report>
			<report>
				<misses>606300001</misses>
				<total>0</total>
				<timestamp>5277.538349</timestamp>
			</report>
			<report>
				<misses>606400001</misses>
				<total>0</total>
				<timestamp>5278.409821</timestamp>
			</report>
			<report>
				<misses>606500001</misses>
				<total>0</total>
				<timestamp>5279.293111</timestamp>
			</report>
			<report>
				<misses>606600001</misses>
				<total>0</total>
				<timestamp>5280.161076</timestamp>
			</report>
			<report>
				<misses>606700001</misses>
				<total>0</total>
				<timestamp>5281.029262</timestamp>
			</report>
			<report>
				<misses>606800001</misses>
				<total>0</total>
				<timestamp>5281.900383</timestamp>
			</report>
			<report>
				<misses>606900001</misses>
				<total>0</total>
				<timestamp>5282.753273</timestamp>
			</report>
			<report>
				<misses>607000001</misses>
				<total>0</total>
				<timestamp>5283.630838</timestamp>
			</report>
			<report>
				<misses>607100001</misses>
				<total>0</total>
				<timestamp>5284.508983</timestamp>
			</report>
			<report>
				<misses>607200001</misses>
				<total>0</total>
				<timestamp>5285.375493</timestamp>
			</report>
			<report>
				<misses>607300001</misses>
				<total>0</total>
				<timestamp>5286.239684</timestamp>
			</report>
			<report>
				<misses>607400001</misses>
				<total>0</total>
				<timestamp>5287.116758</timestamp>
			</report>
			<report>
				<misses>607500001</misses>
				<total>0</total>
				<timestamp>5287.992627</timestamp>
			</report>
			<report>
				<misses>607600001</misses>
				<total>0</total>
				<timestamp>5288.858670</timestamp>
			</report>
			<report>
				<misses>607700001</misses>
				<total>0</total>
				<timestamp>5289.732343</timestamp>
			</report>
			<report>
				<misses>607800001</misses>
				<total>0</total>
				<timestamp>5290.586973</timestamp>
			</report>
			<report>
				<misses>607900001</misses>
				<total>0</total>
				<timestamp>5291.459799</timestamp>
			</report>
			<report>
				<misses>608000001</misses>
				<total>0</total>
				<timestamp>5292.343896</timestamp>
			</report>
			<report>
				<misses>608100001</misses>
				<total>0</total>
				<timestamp>5293.222387</timestamp>
			</report>
			<report>
				<misses>608200001</misses>
				<total>0</total>
				<timestamp>5294.091200</timestamp>
			</report>
			<report>
				<misses>608300001</misses>
				<total>0</total>
				<timestamp>5294.973975</timestamp>
			</report>
			<report>
				<misses>608400001</misses>
				<total>0</total>
				<timestamp>5295.863986</timestamp>
			</report>
			<report>
				<misses>608500001</misses>
				<total>0</total>
				<timestamp>5296.734499</timestamp>
			</report>
			<report>
				<misses>608600001</misses>
				<total>0</total>
				<timestamp>5297.605219</timestamp>
			</report>
			<report>
				<misses>608700001</misses>
				<total>0</total>
				<timestamp>5298.482300</timestamp>
			</report>
			<report>
				<misses>608800001</misses>
				<total>0</total>
				<timestamp>5299.359578</timestamp>
			</report>
			<report>
				<misses>608900001</misses>
				<total>0</total>
				<timestamp>5300.241190</timestamp>
			</report>
			<report>
				<misses>609000001</misses>
				<total>0</total>
				<timestamp>5301.109828</timestamp>
			</report>
			<report>
				<misses>609100001</misses>
				<total>0</total>
				<timestamp>5301.975498</timestamp>
			</report>
			<report>
				<misses>609200001</misses>
				<total>0</total>
				<timestamp>5302.830556</timestamp>
			</report>
			<report>
				<misses>609300001</misses>
				<total>0</total>
				<timestamp>5303.701363</timestamp>
			</report>
			<report>
				<misses>609400001</misses>
				<total>0</total>
				<timestamp>5304.571618</timestamp>
			</report>
			<report>
				<misses>609500001</misses>
				<total>0</total>
				<timestamp>5305.425465</timestamp>
			</report>
			<report>
				<misses>609600001</misses>
				<total>0</total>
				<timestamp>5306.286148</timestamp>
			</report>
			<report>
				<misses>609700001</misses>
				<total>0</total>
				<timestamp>5307.162541</timestamp>
			</report>
			<report>
				<misses>609800001</misses>
				<total>0</total>
				<timestamp>5308.030735</timestamp>
			</report>
			<report>
				<misses>609900001</misses>
				<total>0</total>
				<timestamp>5308.909596</timestamp>
			</report>
			<report>
				<misses>610000001</misses>
				<total>0</total>
				<timestamp>5309.777109</timestamp>
			</report>
			<report>
				<misses>610100001</misses>
				<total>0</total>
				<timestamp>5310.635831</timestamp>
			</report>
			<report>
				<misses>610200001</misses>
				<total>0</total>
				<timestamp>5311.487878</timestamp>
			</report>
			<report>
				<misses>610300001</misses>
				<total>0</total>
				<timestamp>5312.361713</timestamp>
			</report>
			<report>
				<misses>610400001</misses>
				<total>0</total>
				<timestamp>5313.231579</timestamp>
			</report>
			<report>
				<misses>610500001</misses>
				<total>0</total>
				<timestamp>5314.094158</timestamp>
			</report>
			<report>
				<misses>610600001</misses>
				<total>0</total>
				<timestamp>5314.978140</timestamp>
			</report>
			<report>
				<misses>610700001</misses>
				<total>0</total>
				<timestamp>5315.856922</timestamp>
			</report>
			<report>
				<misses>610800001</misses>
				<total>0</total>
				<timestamp>5316.723905</timestamp>
			</report>
			<report>
				<misses>610900001</misses>
				<total>0</total>
				<timestamp>5317.588723</timestamp>
			</report>
			<report>
				<misses>611000001</misses>
				<total>0</total>
				<timestamp>5318.456437</timestamp>
			</report>
			<report>
				<misses>611100001</misses>
				<total>0</total>
				<timestamp>5319.330352</timestamp>
			</report>
			<report>
				<misses>611200001</misses>
				<total>0</total>
				<timestamp>5320.203045</timestamp>
			</report>
			<report>
				<misses>611300001</misses>
				<total>0</total>
				<timestamp>5321.083513</timestamp>
			</report>
			<report>
				<misses>611400001</misses>
				<total>0</total>
				<timestamp>5321.961714</timestamp>
			</report>
			<report>
				<misses>611500001</misses>
				<total>0</total>
				<timestamp>5322.842922</timestamp>
			</report>
			<report>
				<misses>611600001</misses>
				<total>0</total>
				<timestamp>5323.724425</timestamp>
			</report>
			<report>
				<misses>611700001</misses>
				<total>0</total>
				<timestamp>5324.597311</timestamp>
			</report>
			<report>
				<misses>611800001</misses>
				<total>0</total>
				<timestamp>5325.453302</timestamp>
			</report>
			<report>
				<misses>611900001</misses>
				<total>0</total>
				<timestamp>5326.333386</timestamp>
			</report>
			<report>
				<misses>612000001</misses>
				<total>0</total>
				<timestamp>5327.204201</timestamp>
			</report>
			<report>
				<misses>612100001</misses>
				<total>0</total>
				<timestamp>5328.071309</timestamp>
			</report>
			<report>
				<misses>612200001</misses>
				<total>0</total>
				<timestamp>5328.934681</timestamp>
			</report>
			<report>
				<misses>612300001</misses>
				<total>0</total>
				<timestamp>5329.800555</timestamp>
			</report>
			<report>
				<misses>612400001</misses>
				<total>0</total>
				<timestamp>5330.662579</timestamp>
			</report>
			<report>
				<misses>612500001</misses>
				<total>0</total>
				<timestamp>5331.526586</timestamp>
			</report>
			<report>
				<misses>612600001</misses>
				<total>0</total>
				<timestamp>5332.397093</timestamp>
			</report>
			<report>
				<misses>612700001</misses>
				<total>0</total>
				<timestamp>5333.268338</timestamp>
			</report>
			<report>
				<misses>612800001</misses>
				<total>0</total>
				<timestamp>5334.126129</timestamp>
			</report>
			<report>
				<misses>612900001</misses>
				<total>0</total>
				<timestamp>5334.992135</timestamp>
			</report>
			<report>
				<misses>613000001</misses>
				<total>0</total>
				<timestamp>5335.853806</timestamp>
			</report>
			<report>
				<misses>613100001</misses>
				<total>0</total>
				<timestamp>5336.714242</timestamp>
			</report>
			<report>
				<misses>613200001</misses>
				<total>0</total>
				<timestamp>5337.584448</timestamp>
			</report>
			<report>
				<misses>613300001</misses>
				<total>0</total>
				<timestamp>5338.446716</timestamp>
			</report>
			<report>
				<misses>613400001</misses>
				<total>0</total>
				<timestamp>5339.313084</timestamp>
			</report>
			<report>
				<misses>613500001</misses>
				<total>0</total>
				<timestamp>5340.195828</timestamp>
			</report>
			<report>
				<misses>613600001</misses>
				<total>0</total>
				<timestamp>5341.069225</timestamp>
			</report>
			<report>
				<misses>613700001</misses>
				<total>0</total>
				<timestamp>5341.938136</timestamp>
			</report>
			<report>
				<misses>613800001</misses>
				<total>0</total>
				<timestamp>5342.797587</timestamp>
			</report>
			<report>
				<misses>613900001</misses>
				<total>0</total>
				<timestamp>5343.664585</timestamp>
			</report>
			<report>
				<misses>614000001</misses>
				<total>0</total>
				<timestamp>5344.541008</timestamp>
			</report>
			<report>
				<misses>614100001</misses>
				<total>0</total>
				<timestamp>5345.407431</timestamp>
			</report>
			<report>
				<misses>614200001</misses>
				<total>0</total>
				<timestamp>5346.266552</timestamp>
			</report>
			<report>
				<misses>614300001</misses>
				<total>0</total>
				<timestamp>5347.132740</timestamp>
			</report>
			<report>
				<misses>614400001</misses>
				<total>0</total>
				<timestamp>5348.003625</timestamp>
			</report>
			<report>
				<misses>614500001</misses>
				<total>0</total>
				<timestamp>5348.862669</timestamp>
			</report>
			<report>
				<misses>614600001</misses>
				<total>0</total>
				<timestamp>5349.731094</timestamp>
			</report>
			<report>
				<misses>614700001</misses>
				<total>0</total>
				<timestamp>5350.598983</timestamp>
			</report>
			<report>
				<misses>614800001</misses>
				<total>0</total>
				<timestamp>5351.461901</timestamp>
			</report>
			<report>
				<misses>614900001</misses>
				<total>0</total>
				<timestamp>5352.343386</timestamp>
			</report>
			<report>
				<misses>615000001</misses>
				<total>0</total>
				<timestamp>5353.223528</timestamp>
			</report>
			<report>
				<misses>615100001</misses>
				<total>0</total>
				<timestamp>5354.098841</timestamp>
			</report>
			<report>
				<misses>615200001</misses>
				<total>0</total>
				<timestamp>5354.976451</timestamp>
			</report>
			<report>
				<misses>615300001</misses>
				<total>0</total>
				<timestamp>5355.866559</timestamp>
			</report>
			<report>
				<misses>615400001</misses>
				<total>0</total>
				<timestamp>5356.750482</timestamp>
			</report>
			<report>
				<misses>615500001</misses>
				<total>0</total>
				<timestamp>5357.625661</timestamp>
			</report>
			<report>
				<misses>615600001</misses>
				<total>0</total>
				<timestamp>5358.498874</timestamp>
			</report>
			<report>
				<misses>615700001</misses>
				<total>0</total>
				<timestamp>5359.378684</timestamp>
			</report>
			<report>
				<misses>615800001</misses>
				<total>0</total>
				<timestamp>5360.237946</timestamp>
			</report>
			<report>
				<misses>615900001</misses>
				<total>0</total>
				<timestamp>5361.115238</timestamp>
			</report>
			<report>
				<misses>616000001</misses>
				<total>0</total>
				<timestamp>5361.990366</timestamp>
			</report>
			<report>
				<misses>616100001</misses>
				<total>0</total>
				<timestamp>5362.856057</timestamp>
			</report>
			<report>
				<misses>616200001</misses>
				<total>0</total>
				<timestamp>5363.718654</timestamp>
			</report>
			<report>
				<misses>616300001</misses>
				<total>0</total>
				<timestamp>5364.596122</timestamp>
			</report>
			<report>
				<misses>616400001</misses>
				<total>0</total>
				<timestamp>5365.465653</timestamp>
			</report>
			<report>
				<misses>616500001</misses>
				<total>0</total>
				<timestamp>5366.329529</timestamp>
			</report>
			<report>
				<misses>616600001</misses>
				<total>0</total>
				<timestamp>5367.195873</timestamp>
			</report>
			<report>
				<misses>616700001</misses>
				<total>0</total>
				<timestamp>5368.066487</timestamp>
			</report>
			<report>
				<misses>616800001</misses>
				<total>0</total>
				<timestamp>5368.935613</timestamp>
			</report>
			<report>
				<misses>616900001</misses>
				<total>0</total>
				<timestamp>5369.792436</timestamp>
			</report>
			<report>
				<misses>617000001</misses>
				<total>0</total>
				<timestamp>5370.652343</timestamp>
			</report>
			<report>
				<misses>617100001</misses>
				<total>0</total>
				<timestamp>5371.522563</timestamp>
			</report>
			<report>
				<misses>617200001</misses>
				<total>0</total>
				<timestamp>5372.391310</timestamp>
			</report>
			<report>
				<misses>617300001</misses>
				<total>0</total>
				<timestamp>5373.270068</timestamp>
			</report>
			<report>
				<misses>617400001</misses>
				<total>0</total>
				<timestamp>5374.130326</timestamp>
			</report>
			<report>
				<misses>617500001</misses>
				<total>0</total>
				<timestamp>5375.004337</timestamp>
			</report>
			<report>
				<misses>617600001</misses>
				<total>0</total>
				<timestamp>5375.884095</timestamp>
			</report>
			<report>
				<misses>617700001</misses>
				<total>0</total>
				<timestamp>5376.749029</timestamp>
			</report>
			<report>
				<misses>617800001</misses>
				<total>0</total>
				<timestamp>5377.613006</timestamp>
			</report>
			<report>
				<misses>617900001</misses>
				<total>0</total>
				<timestamp>5378.492658</timestamp>
			</report>
			<report>
				<misses>618000001</misses>
				<total>0</total>
				<timestamp>5379.353407</timestamp>
			</report>
			<report>
				<misses>618100001</misses>
				<total>0</total>
				<timestamp>5380.215377</timestamp>
			</report>
			<report>
				<misses>618200001</misses>
				<total>0</total>
				<timestamp>5381.078788</timestamp>
			</report>
			<report>
				<misses>618300001</misses>
				<total>0</total>
				<timestamp>5381.941408</timestamp>
			</report>
			<report>
				<misses>618400001</misses>
				<total>0</total>
				<timestamp>5382.821714</timestamp>
			</report>
			<report>
				<misses>618500001</misses>
				<total>0</total>
				<timestamp>5383.711495</timestamp>
			</report>
			<report>
				<misses>618600001</misses>
				<total>0</total>
				<timestamp>5384.587164</timestamp>
			</report>
			<report>
				<misses>618700001</misses>
				<total>0</total>
				<timestamp>5385.468638</timestamp>
			</report>
			<report>
				<misses>618800001</misses>
				<total>0</total>
				<timestamp>5386.351045</timestamp>
			</report>
			<report>
				<misses>618900001</misses>
				<total>0</total>
				<timestamp>5387.228652</timestamp>
			</report>
			<report>
				<misses>619000001</misses>
				<total>0</total>
				<timestamp>5388.104905</timestamp>
			</report>
			<report>
				<misses>619100001</misses>
				<total>0</total>
				<timestamp>5388.972515</timestamp>
			</report>
			<report>
				<misses>619200001</misses>
				<total>0</total>
				<timestamp>5389.843558</timestamp>
			</report>
			<report>
				<misses>619300001</misses>
				<total>0</total>
				<timestamp>5390.715101</timestamp>
			</report>
			<report>
				<misses>619400001</misses>
				<total>0</total>
				<timestamp>5391.572009</timestamp>
			</report>
			<report>
				<misses>619500001</misses>
				<total>0</total>
				<timestamp>5392.440638</timestamp>
			</report>
			<report>
				<misses>619600001</misses>
				<total>0</total>
				<timestamp>5393.317207</timestamp>
			</report>
			<report>
				<misses>619700001</misses>
				<total>0</total>
				<timestamp>5394.178053</timestamp>
			</report>
			<report>
				<misses>619800001</misses>
				<total>0</total>
				<timestamp>5395.034978</timestamp>
			</report>
			<report>
				<misses>619900001</misses>
				<total>0</total>
				<timestamp>5395.909520</timestamp>
			</report>
			<report>
				<misses>620000001</misses>
				<total>0</total>
				<timestamp>5396.777893</timestamp>
			</report>
			<report>
				<misses>620100001</misses>
				<total>0</total>
				<timestamp>5397.653397</timestamp>
			</report>
			<report>
				<misses>620200001</misses>
				<total>0</total>
				<timestamp>5398.543692</timestamp>
			</report>
			<report>
				<misses>620300001</misses>
				<total>0</total>
				<timestamp>5399.407892</timestamp>
			</report>
			<report>
				<misses>620400001</misses>
				<total>0</total>
				<timestamp>5400.275238</timestamp>
			</report>
			<report>
				<misses>620500001</misses>
				<total>0</total>
				<timestamp>5401.143802</timestamp>
			</report>
			<report>
				<misses>620600001</misses>
				<total>0</total>
				<timestamp>5402.022204</timestamp>
			</report>
			<report>
				<misses>620700001</misses>
				<total>0</total>
				<timestamp>5402.888727</timestamp>
			</report>
			<report>
				<misses>620800001</misses>
				<total>0</total>
				<timestamp>5403.766769</timestamp>
			</report>
			<report>
				<misses>620900001</misses>
				<total>0</total>
				<timestamp>5404.633705</timestamp>
			</report>
			<report>
				<misses>621000001</misses>
				<total>0</total>
				<timestamp>5405.495861</timestamp>
			</report>
			<report>
				<misses>621100001</misses>
				<total>0</total>
				<timestamp>5406.359425</timestamp>
			</report>
			<report>
				<misses>621200001</misses>
				<total>0</total>
				<timestamp>5407.232071</timestamp>
			</report>
			<report>
				<misses>621300001</misses>
				<total>0</total>
				<timestamp>5408.100590</timestamp>
			</report>
			<report>
				<misses>621400001</misses>
				<total>0</total>
				<timestamp>5408.967227</timestamp>
			</report>
			<report>
				<misses>621500001</misses>
				<total>0</total>
				<timestamp>5409.830719</timestamp>
			</report>
			<report>
				<misses>621600001</misses>
				<total>0</total>
				<timestamp>5410.707109</timestamp>
			</report>
			<report>
				<misses>621700001</misses>
				<total>0</total>
				<timestamp>5411.585334</timestamp>
			</report>
			<report>
				<misses>621800001</misses>
				<total>0</total>
				<timestamp>5412.467567</timestamp>
			</report>
			<report>
				<misses>621900001</misses>
				<total>0</total>
				<timestamp>5413.350701</timestamp>
			</report>
			<report>
				<misses>622000001</misses>
				<total>0</total>
				<timestamp>5414.203442</timestamp>
			</report>
			<report>
				<misses>622100001</misses>
				<total>0</total>
				<timestamp>5415.078847</timestamp>
			</report>
			<report>
				<misses>622200001</misses>
				<total>0</total>
				<timestamp>5415.964676</timestamp>
			</report>
			<report>
				<misses>622300001</misses>
				<total>0</total>
				<timestamp>5416.840543</timestamp>
			</report>
			<report>
				<misses>622400001</misses>
				<total>0</total>
				<timestamp>5417.710278</timestamp>
			</report>
			<report>
				<misses>622500001</misses>
				<total>0</total>
				<timestamp>5418.581071</timestamp>
			</report>
			<report>
				<misses>622600001</misses>
				<total>0</total>
				<timestamp>5419.454003</timestamp>
			</report>
			<report>
				<misses>622700001</misses>
				<total>0</total>
				<timestamp>5420.325015</timestamp>
			</report>
			<report>
				<misses>622800001</misses>
				<total>0</total>
				<timestamp>5421.190196</timestamp>
			</report>
			<report>
				<misses>622900001</misses>
				<total>0</total>
				<timestamp>5422.061756</timestamp>
			</report>
			<report>
				<misses>623000001</misses>
				<total>0</total>
				<timestamp>5422.922982</timestamp>
			</report>
			<report>
				<misses>623100001</misses>
				<total>0</total>
				<timestamp>5423.787461</timestamp>
			</report>
			<report>
				<misses>623200001</misses>
				<total>0</total>
				<timestamp>5424.652848</timestamp>
			</report>
			<report>
				<misses>623300001</misses>
				<total>0</total>
				<timestamp>5425.525178</timestamp>
			</report>
			<report>
				<misses>623400001</misses>
				<total>0</total>
				<timestamp>5426.389931</timestamp>
			</report>
			<report>
				<misses>623500001</misses>
				<total>0</total>
				<timestamp>5427.255032</timestamp>
			</report>
			<report>
				<misses>623600001</misses>
				<total>0</total>
				<timestamp>5428.123572</timestamp>
			</report>
			<report>
				<misses>623700001</misses>
				<total>0</total>
				<timestamp>5428.993596</timestamp>
			</report>
			<report>
				<misses>623800001</misses>
				<total>0</total>
				<timestamp>5429.856843</timestamp>
			</report>
			<report>
				<misses>623900001</misses>
				<total>0</total>
				<timestamp>5430.722963</timestamp>
			</report>
			<report>
				<misses>624000001</misses>
				<total>0</total>
				<timestamp>5431.595893</timestamp>
			</report>
			<report>
				<misses>624100001</misses>
				<total>0</total>
				<timestamp>5432.468019</timestamp>
			</report>
			<report>
				<misses>624200001</misses>
				<total>0</total>
				<timestamp>5433.331641</timestamp>
			</report>
			<report>
				<misses>624300001</misses>
				<total>0</total>
				<timestamp>5434.204323</timestamp>
			</report>
			<report>
				<misses>624400001</misses>
				<total>0</total>
				<timestamp>5435.056019</timestamp>
			</report>
			<report>
				<misses>624500001</misses>
				<total>0</total>
				<timestamp>5435.926650</timestamp>
			</report>
			<report>
				<misses>624600001</misses>
				<total>0</total>
				<timestamp>5436.788507</timestamp>
			</report>
			<report>
				<misses>624700001</misses>
				<total>0</total>
				<timestamp>5437.657074</timestamp>
			</report>
			<report>
				<misses>624800001</misses>
				<total>0</total>
				<timestamp>5438.527372</timestamp>
			</report>
			<report>
				<misses>624900001</misses>
				<total>0</total>
				<timestamp>5439.398414</timestamp>
			</report>
			<report>
				<misses>625000001</misses>
				<total>0</total>
				<timestamp>5440.266807</timestamp>
			</report>
			<report>
				<misses>625100001</misses>
				<total>0</total>
				<timestamp>5441.127067</timestamp>
			</report>
			<report>
				<misses>625200001</misses>
				<total>0</total>
				<timestamp>5441.997393</timestamp>
			</report>
			<report>
				<misses>625300001</misses>
				<total>0</total>
				<timestamp>5442.870128</timestamp>
			</report>
			<report>
				<misses>625400001</misses>
				<total>0</total>
				<timestamp>5443.750191</timestamp>
			</report>
			<report>
				<misses>625500001</misses>
				<total>0</total>
				<timestamp>5444.634849</timestamp>
			</report>
			<report>
				<misses>625600001</misses>
				<total>0</total>
				<timestamp>5445.509024</timestamp>
			</report>
			<report>
				<misses>625700001</misses>
				<total>0</total>
				<timestamp>5446.391111</timestamp>
			</report>
			<report>
				<misses>625800001</misses>
				<total>0</total>
				<timestamp>5447.273280</timestamp>
			</report>
			<report>
				<misses>625900001</misses>
				<total>0</total>
				<timestamp>5448.151020</timestamp>
			</report>
			<report>
				<misses>626000001</misses>
				<total>0</total>
				<timestamp>5449.020310</timestamp>
			</report>
			<report>
				<misses>626100001</misses>
				<total>0</total>
				<timestamp>5449.900699</timestamp>
			</report>
			<report>
				<misses>626200001</misses>
				<total>0</total>
				<timestamp>5450.767490</timestamp>
			</report>
			<report>
				<misses>626300001</misses>
				<total>0</total>
				<timestamp>5451.635814</timestamp>
			</report>
			<report>
				<misses>626400001</misses>
				<total>0</total>
				<timestamp>5452.507251</timestamp>
			</report>
			<report>
				<misses>626500001</misses>
				<total>0</total>
				<timestamp>5453.388403</timestamp>
			</report>
			<report>
				<misses>626600001</misses>
				<total>0</total>
				<timestamp>5454.266031</timestamp>
			</report>
			<report>
				<misses>626700001</misses>
				<total>0</total>
				<timestamp>5455.143444</timestamp>
			</report>
			<report>
				<misses>626800001</misses>
				<total>0</total>
				<timestamp>5456.001454</timestamp>
			</report>
			<report>
				<misses>626900001</misses>
				<total>0</total>
				<timestamp>5456.873095</timestamp>
			</report>
			<report>
				<misses>627000001</misses>
				<total>0</total>
				<timestamp>5457.728187</timestamp>
			</report>
			<report>
				<misses>627100001</misses>
				<total>0</total>
				<timestamp>5458.603742</timestamp>
			</report>
			<report>
				<misses>627200001</misses>
				<total>0</total>
				<timestamp>5459.473607</timestamp>
			</report>
			<report>
				<misses>627300001</misses>
				<total>0</total>
				<timestamp>5460.343360</timestamp>
			</report>
			<report>
				<misses>627400001</misses>
				<total>0</total>
				<timestamp>5461.214105</timestamp>
			</report>
			<report>
				<misses>627500001</misses>
				<total>0</total>
				<timestamp>5462.088913</timestamp>
			</report>
			<report>
				<misses>627600001</misses>
				<total>0</total>
				<timestamp>5462.960103</timestamp>
			</report>
			<report>
				<misses>627700001</misses>
				<total>0</total>
				<timestamp>5463.822716</timestamp>
			</report>
			<report>
				<misses>627800001</misses>
				<total>0</total>
				<timestamp>5464.685188</timestamp>
			</report>
			<report>
				<misses>627900001</misses>
				<total>0</total>
				<timestamp>5465.570519</timestamp>
			</report>
			<report>
				<misses>628000001</misses>
				<total>0</total>
				<timestamp>5466.443108</timestamp>
			</report>
			<report>
				<misses>628100001</misses>
				<total>0</total>
				<timestamp>5467.311956</timestamp>
			</report>
			<report>
				<misses>628200001</misses>
				<total>0</total>
				<timestamp>5468.182949</timestamp>
			</report>
			<report>
				<misses>628300001</misses>
				<total>0</total>
				<timestamp>5469.048547</timestamp>
			</report>
			<report>
				<misses>628400001</misses>
				<total>0</total>
				<timestamp>5469.902153</timestamp>
			</report>
			<report>
				<misses>628500001</misses>
				<total>0</total>
				<timestamp>5470.748870</timestamp>
			</report>
			<report>
				<misses>628600001</misses>
				<total>0</total>
				<timestamp>5471.615123</timestamp>
			</report>
			<report>
				<misses>628700001</misses>
				<total>0</total>
				<timestamp>5472.486077</timestamp>
			</report>
			<report>
				<misses>628800001</misses>
				<total>0</total>
				<timestamp>5473.377700</timestamp>
			</report>
			<report>
				<misses>628900001</misses>
				<total>0</total>
				<timestamp>5474.258307</timestamp>
			</report>
			<report>
				<misses>629000001</misses>
				<total>0</total>
				<timestamp>5475.126592</timestamp>
			</report>
			<report>
				<misses>629100001</misses>
				<total>0</total>
				<timestamp>5476.002446</timestamp>
			</report>
			<report>
				<misses>629200001</misses>
				<total>0</total>
				<timestamp>5476.875945</timestamp>
			</report>
			<report>
				<misses>629300001</misses>
				<total>0</total>
				<timestamp>5477.744398</timestamp>
			</report>
			<report>
				<misses>629400001</misses>
				<total>0</total>
				<timestamp>5478.613080</timestamp>
			</report>
			<report>
				<misses>629500001</misses>
				<total>0</total>
				<timestamp>5479.495127</timestamp>
			</report>
			<report>
				<misses>629600001</misses>
				<total>0</total>
				<timestamp>5480.361923</timestamp>
			</report>
			<report>
				<misses>629700001</misses>
				<total>0</total>
				<timestamp>5481.236521</timestamp>
			</report>
			<report>
				<misses>629800001</misses>
				<total>0</total>
				<timestamp>5482.108919</timestamp>
			</report>
			<report>
				<misses>629900001</misses>
				<total>0</total>
				<timestamp>5482.985574</timestamp>
			</report>
			<report>
				<misses>630000001</misses>
				<total>0</total>
				<timestamp>5483.848068</timestamp>
			</report>
			<report>
				<misses>630100001</misses>
				<total>0</total>
				<timestamp>5484.717093</timestamp>
			</report>
			<report>
				<misses>630200001</misses>
				<total>0</total>
				<timestamp>5485.583790</timestamp>
			</report>
			<report>
				<misses>630300001</misses>
				<total>0</total>
				<timestamp>5486.468754</timestamp>
			</report>
			<report>
				<misses>630400001</misses>
				<total>0</total>
				<timestamp>5487.333836</timestamp>
			</report>
			<report>
				<misses>630500001</misses>
				<total>0</total>
				<timestamp>5488.201703</timestamp>
			</report>
			<report>
				<misses>630600001</misses>
				<total>0</total>
				<timestamp>5489.068540</timestamp>
			</report>
			<report>
				<misses>630700001</misses>
				<total>0</total>
				<timestamp>5489.934879</timestamp>
			</report>
			<report>
				<misses>630800001</misses>
				<total>0</total>
				<timestamp>5490.796732</timestamp>
			</report>
			<report>
				<misses>630900001</misses>
				<total>0</total>
				<timestamp>5491.672317</timestamp>
			</report>
			<report>
				<misses>631000001</misses>
				<total>0</total>
				<timestamp>5492.552326</timestamp>
			</report>
			<report>
				<misses>631100001</misses>
				<total>0</total>
				<timestamp>5493.419591</timestamp>
			</report>
			<report>
				<misses>631200001</misses>
				<total>0</total>
				<timestamp>5494.292481</timestamp>
			</report>
			<report>
				<misses>631300001</misses>
				<total>0</total>
				<timestamp>5495.158908</timestamp>
			</report>
			<report>
				<misses>631400001</misses>
				<total>0</total>
				<timestamp>5496.002614</timestamp>
			</report>
			<report>
				<misses>631500001</misses>
				<total>0</total>
				<timestamp>5496.859814</timestamp>
			</report>
			<report>
				<misses>631600001</misses>
				<total>0</total>
				<timestamp>5497.730167</timestamp>
			</report>
			<report>
				<misses>631700001</misses>
				<total>0</total>
				<timestamp>5498.598050</timestamp>
			</report>
			<report>
				<misses>631800001</misses>
				<total>0</total>
				<timestamp>5499.469451</timestamp>
			</report>
			<report>
				<misses>631900001</misses>
				<total>0</total>
				<timestamp>5500.331844</timestamp>
			</report>
			<report>
				<misses>632000001</misses>
				<total>0</total>
				<timestamp>5501.203656</timestamp>
			</report>
			<report>
				<misses>632100001</misses>
				<total>0</total>
				<timestamp>5502.070943</timestamp>
			</report>
			<report>
				<misses>632200001</misses>
				<total>0</total>
				<timestamp>5502.939191</timestamp>
			</report>
			<report>
				<misses>632300001</misses>
				<total>0</total>
				<timestamp>5503.815795</timestamp>
			</report>
			<report>
				<misses>632400001</misses>
				<total>0</total>
				<timestamp>5504.687885</timestamp>
			</report>
			<report>
				<misses>632500001</misses>
				<total>0</total>
				<timestamp>5505.589151</timestamp>
			</report>
			<report>
				<misses>632600001</misses>
				<total>0</total>
				<timestamp>5506.474187</timestamp>
			</report>
			<report>
				<misses>632700001</misses>
				<total>0</total>
				<timestamp>5507.364493</timestamp>
			</report>
			<report>
				<misses>632800001</misses>
				<total>0</total>
				<timestamp>5508.253923</timestamp>
			</report>
			<report>
				<misses>632900001</misses>
				<total>0</total>
				<timestamp>5509.124895</timestamp>
			</report>
			<report>
				<misses>633000001</misses>
				<total>0</total>
				<timestamp>5510.010100</timestamp>
			</report>
			<report>
				<misses>633100001</misses>
				<total>0</total>
				<timestamp>5510.888887</timestamp>
			</report>
			<report>
				<misses>633200001</misses>
				<total>0</total>
				<timestamp>5511.769332</timestamp>
			</report>
			<report>
				<misses>633300001</misses>
				<total>0</total>
				<timestamp>5512.634051</timestamp>
			</report>
			<report>
				<misses>633400001</misses>
				<total>0</total>
				<timestamp>5513.497199</timestamp>
			</report>
			<report>
				<misses>633500001</misses>
				<total>0</total>
				<timestamp>5514.368701</timestamp>
			</report>
			<report>
				<misses>633600001</misses>
				<total>0</total>
				<timestamp>5515.235013</timestamp>
			</report>
			<report>
				<misses>633700001</misses>
				<total>0</total>
				<timestamp>5516.097668</timestamp>
			</report>
			<report>
				<misses>633800001</misses>
				<total>0</total>
				<timestamp>5516.968676</timestamp>
			</report>
			<report>
				<misses>633900001</misses>
				<total>0</total>
				<timestamp>5517.832810</timestamp>
			</report>
			<report>
				<misses>634000001</misses>
				<total>0</total>
				<timestamp>5518.702420</timestamp>
			</report>
			<report>
				<misses>634100001</misses>
				<total>0</total>
				<timestamp>5519.576749</timestamp>
			</report>
			<report>
				<misses>634200001</misses>
				<total>0</total>
				<timestamp>5520.430047</timestamp>
			</report>
			<report>
				<misses>634300001</misses>
				<total>0</total>
				<timestamp>5521.304542</timestamp>
			</report>
			<report>
				<misses>634400001</misses>
				<total>0</total>
				<timestamp>5522.167832</timestamp>
			</report>
			<report>
				<misses>634500001</misses>
				<total>0</total>
				<timestamp>5523.027358</timestamp>
			</report>
			<report>
				<misses>634600001</misses>
				<total>0</total>
				<timestamp>5523.902536</timestamp>
			</report>
			<report>
				<misses>634700001</misses>
				<total>0</total>
				<timestamp>5524.777749</timestamp>
			</report>
			<report>
				<misses>634800001</misses>
				<total>0</total>
				<timestamp>5525.652238</timestamp>
			</report>
			<report>
				<misses>634900001</misses>
				<total>0</total>
				<timestamp>5526.516486</timestamp>
			</report>
			<report>
				<misses>635000001</misses>
				<total>0</total>
				<timestamp>5527.390884</timestamp>
			</report>
			<report>
				<misses>635100001</misses>
				<total>0</total>
				<timestamp>5528.256651</timestamp>
			</report>
			<report>
				<misses>635200001</misses>
				<total>0</total>
				<timestamp>5529.130156</timestamp>
			</report>
			<report>
				<misses>635300001</misses>
				<total>0</total>
				<timestamp>5529.992950</timestamp>
			</report>
			<report>
				<misses>635400001</misses>
				<total>0</total>
				<timestamp>5530.876465</timestamp>
			</report>
			<report>
				<misses>635500001</misses>
				<total>0</total>
				<timestamp>5531.743681</timestamp>
			</report>
			<report>
				<misses>635600001</misses>
				<total>0</total>
				<timestamp>5532.601816</timestamp>
			</report>
			<report>
				<misses>635700001</misses>
				<total>0</total>
				<timestamp>5533.477738</timestamp>
			</report>
			<report>
				<misses>635800001</misses>
				<total>0</total>
				<timestamp>5534.345320</timestamp>
			</report>
			<report>
				<misses>635900001</misses>
				<total>0</total>
				<timestamp>5535.217365</timestamp>
			</report>
			<report>
				<misses>636000001</misses>
				<total>0</total>
				<timestamp>5536.094662</timestamp>
			</report>
			<report>
				<misses>636100001</misses>
				<total>0</total>
				<timestamp>5536.964818</timestamp>
			</report>
			<report>
				<misses>636200001</misses>
				<total>0</total>
				<timestamp>5537.847232</timestamp>
			</report>
			<report>
				<misses>636300001</misses>
				<total>0</total>
				<timestamp>5538.735389</timestamp>
			</report>
			<report>
				<misses>636400001</misses>
				<total>0</total>
				<timestamp>5539.620283</timestamp>
			</report>
			<report>
				<misses>636500001</misses>
				<total>0</total>
				<timestamp>5540.509370</timestamp>
			</report>
			<report>
				<misses>636600001</misses>
				<total>0</total>
				<timestamp>5541.408457</timestamp>
			</report>
			<report>
				<misses>636700001</misses>
				<total>0</total>
				<timestamp>5542.295436</timestamp>
			</report>
			<report>
				<misses>636800001</misses>
				<total>0</total>
				<timestamp>5543.165439</timestamp>
			</report>
			<report>
				<misses>636900001</misses>
				<total>0</total>
				<timestamp>5544.034165</timestamp>
			</report>
			<report>
				<misses>637000001</misses>
				<total>0</total>
				<timestamp>5544.904182</timestamp>
			</report>
			<report>
				<misses>637100001</misses>
				<total>0</total>
				<timestamp>5545.777942</timestamp>
			</report>
			<report>
				<misses>637200001</misses>
				<total>0</total>
				<timestamp>5546.652466</timestamp>
			</report>
			<report>
				<misses>637300001</misses>
				<total>0</total>
				<timestamp>5547.530671</timestamp>
			</report>
			<report>
				<misses>637400001</misses>
				<total>0</total>
				<timestamp>5548.386068</timestamp>
			</report>
			<report>
				<misses>637500001</misses>
				<total>0</total>
				<timestamp>5549.259513</timestamp>
			</report>
			<report>
				<misses>637600001</misses>
				<total>0</total>
				<timestamp>5550.129988</timestamp>
			</report>
			<report>
				<misses>637700001</misses>
				<total>0</total>
				<timestamp>5551.006268</timestamp>
			</report>
			<report>
				<misses>637800001</misses>
				<total>0</total>
				<timestamp>5551.874554</timestamp>
			</report>
			<report>
				<misses>637900001</misses>
				<total>0</total>
				<timestamp>5552.755318</timestamp>
			</report>
			<report>
				<misses>638000001</misses>
				<total>0</total>
				<timestamp>5553.620321</timestamp>
			</report>
			<report>
				<misses>638100001</misses>
				<total>0</total>
				<timestamp>5554.479905</timestamp>
			</report>
			<report>
				<misses>638200001</misses>
				<total>0</total>
				<timestamp>5555.352123</timestamp>
			</report>
			<report>
				<misses>638300001</misses>
				<total>0</total>
				<timestamp>5556.215297</timestamp>
			</report>
			<report>
				<misses>638400001</misses>
				<total>0</total>
				<timestamp>5557.084073</timestamp>
			</report>
			<report>
				<misses>638500001</misses>
				<total>0</total>
				<timestamp>5557.961057</timestamp>
			</report>
			<report>
				<misses>638600001</misses>
				<total>0</total>
				<timestamp>5558.822418</timestamp>
			</report>
			<report>
				<misses>638700001</misses>
				<total>0</total>
				<timestamp>5559.695713</timestamp>
			</report>
			<report>
				<misses>638800001</misses>
				<total>0</total>
				<timestamp>5560.566455</timestamp>
			</report>
			<report>
				<misses>638900001</misses>
				<total>0</total>
				<timestamp>5561.432400</timestamp>
			</report>
			<report>
				<misses>639000001</misses>
				<total>0</total>
				<timestamp>5562.302821</timestamp>
			</report>
			<report>
				<misses>639100001</misses>
				<total>0</total>
				<timestamp>5563.170753</timestamp>
			</report>
			<report>
				<misses>639200001</misses>
				<total>0</total>
				<timestamp>5564.045251</timestamp>
			</report>
			<report>
				<misses>639300001</misses>
				<total>0</total>
				<timestamp>5564.918572</timestamp>
			</report>
			<report>
				<misses>639400001</misses>
				<total>0</total>
				<timestamp>5565.786313</timestamp>
			</report>
			<report>
				<misses>639500001</misses>
				<total>0</total>
				<timestamp>5566.656288</timestamp>
			</report>
			<report>
				<misses>639600001</misses>
				<total>0</total>
				<timestamp>5567.513764</timestamp>
			</report>
			<report>
				<misses>639700001</misses>
				<total>0</total>
				<timestamp>5568.386547</timestamp>
			</report>
			<report>
				<misses>639800001</misses>
				<total>0</total>
				<timestamp>5569.271057</timestamp>
			</report>
			<report>
				<misses>639900001</misses>
				<total>0</total>
				<timestamp>5570.154670</timestamp>
			</report>
			<report>
				<misses>640000001</misses>
				<total>0</total>
				<timestamp>5571.029083</timestamp>
			</report>
			<report>
				<misses>640100001</misses>
				<total>0</total>
				<timestamp>5571.911742</timestamp>
			</report>
			<report>
				<misses>640200001</misses>
				<total>0</total>
				<timestamp>5572.793617</timestamp>
			</report>
			<report>
				<misses>640300001</misses>
				<total>0</total>
				<timestamp>5573.674974</timestamp>
			</report>
			<report>
				<misses>640400001</misses>
				<total>0</total>
				<timestamp>5574.545887</timestamp>
			</report>
			<report>
				<misses>640500001</misses>
				<total>0</total>
				<timestamp>5575.415933</timestamp>
			</report>
			<report>
				<misses>640600001</misses>
				<total>0</total>
				<timestamp>5576.294150</timestamp>
			</report>
			<report>
				<misses>640700001</misses>
				<total>0</total>
				<timestamp>5577.157516</timestamp>
			</report>
			<report>
				<misses>640800001</misses>
				<total>0</total>
				<timestamp>5578.020605</timestamp>
			</report>
			<report>
				<misses>640900001</misses>
				<total>0</total>
				<timestamp>5578.885423</timestamp>
			</report>
			<report>
				<misses>641000001</misses>
				<total>0</total>
				<timestamp>5579.757425</timestamp>
			</report>
			<report>
				<misses>641100001</misses>
				<total>0</total>
				<timestamp>5580.632056</timestamp>
			</report>
			<report>
				<misses>641200001</misses>
				<total>0</total>
				<timestamp>5581.505578</timestamp>
			</report>
			<report>
				<misses>641300001</misses>
				<total>0</total>
				<timestamp>5582.377287</timestamp>
			</report>
			<report>
				<misses>641400001</misses>
				<total>0</total>
				<timestamp>5583.246554</timestamp>
			</report>
			<report>
				<misses>641500001</misses>
				<total>0</total>
				<timestamp>5584.121625</timestamp>
			</report>
			<report>
				<misses>641600001</misses>
				<total>0</total>
				<timestamp>5584.994148</timestamp>
			</report>
			<report>
				<misses>641700001</misses>
				<total>0</total>
				<timestamp>5585.858733</timestamp>
			</report>
			<report>
				<misses>641800001</misses>
				<total>0</total>
				<timestamp>5586.729931</timestamp>
			</report>
			<report>
				<misses>641900001</misses>
				<total>0</total>
				<timestamp>5587.589578</timestamp>
			</report>
			<report>
				<misses>642000001</misses>
				<total>0</total>
				<timestamp>5588.449465</timestamp>
			</report>
			<report>
				<misses>642100001</misses>
				<total>0</total>
				<timestamp>5589.305096</timestamp>
			</report>
			<report>
				<misses>642200001</misses>
				<total>0</total>
				<timestamp>5590.183518</timestamp>
			</report>
			<report>
				<misses>642300001</misses>
				<total>0</total>
				<timestamp>5591.052789</timestamp>
			</report>
			<report>
				<misses>642400001</misses>
				<total>0</total>
				<timestamp>5591.917311</timestamp>
			</report>
			<report>
				<misses>642500001</misses>
				<total>0</total>
				<timestamp>5592.791287</timestamp>
			</report>
			<report>
				<misses>642600001</misses>
				<total>0</total>
				<timestamp>5593.665626</timestamp>
			</report>
			<report>
				<misses>642700001</misses>
				<total>0</total>
				<timestamp>5594.530427</timestamp>
			</report>
			<report>
				<misses>642800001</misses>
				<total>0</total>
				<timestamp>5595.393828</timestamp>
			</report>
			<report>
				<misses>642900001</misses>
				<total>0</total>
				<timestamp>5596.265548</timestamp>
			</report>
			<report>
				<misses>643000001</misses>
				<total>0</total>
				<timestamp>5597.133131</timestamp>
			</report>
			<report>
				<misses>643100001</misses>
				<total>0</total>
				<timestamp>5598.003000</timestamp>
			</report>
			<report>
				<misses>643200001</misses>
				<total>0</total>
				<timestamp>5598.857761</timestamp>
			</report>
			<report>
				<misses>643300001</misses>
				<total>0</total>
				<timestamp>5599.733555</timestamp>
			</report>
			<report>
				<misses>643400001</misses>
				<total>0</total>
				<timestamp>5600.616372</timestamp>
			</report>
			<report>
				<misses>643500001</misses>
				<total>0</total>
				<timestamp>5601.477858</timestamp>
			</report>
			<report>
				<misses>643600001</misses>
				<total>0</total>
				<timestamp>5602.355226</timestamp>
			</report>
			<report>
				<misses>643700001</misses>
				<total>0</total>
				<timestamp>5603.246749</timestamp>
			</report>
			<report>
				<misses>643800001</misses>
				<total>0</total>
				<timestamp>5604.130626</timestamp>
			</report>
			<report>
				<misses>643900001</misses>
				<total>0</total>
				<timestamp>5605.014366</timestamp>
			</report>
			<report>
				<misses>644000001</misses>
				<total>0</total>
				<timestamp>5605.885095</timestamp>
			</report>
			<report>
				<misses>644100001</misses>
				<total>0</total>
				<timestamp>5606.744872</timestamp>
			</report>
			<report>
				<misses>644200001</misses>
				<total>0</total>
				<timestamp>5607.615286</timestamp>
			</report>
			<report>
				<misses>644300001</misses>
				<total>0</total>
				<timestamp>5608.487484</timestamp>
			</report>
			<report>
				<misses>644400001</misses>
				<total>0</total>
				<timestamp>5609.354554</timestamp>
			</report>
			<report>
				<misses>644500001</misses>
				<total>0</total>
				<timestamp>5610.212885</timestamp>
			</report>
			<report>
				<misses>644600001</misses>
				<total>0</total>
				<timestamp>5611.078169</timestamp>
			</report>
			<report>
				<misses>644700001</misses>
				<total>0</total>
				<timestamp>5611.947789</timestamp>
			</report>
			<report>
				<misses>644800001</misses>
				<total>0</total>
				<timestamp>5612.813743</timestamp>
			</report>
			<report>
				<misses>644900001</misses>
				<total>0</total>
				<timestamp>5613.680673</timestamp>
			</report>
			<report>
				<misses>645000001</misses>
				<total>0</total>
				<timestamp>5614.550450</timestamp>
			</report>
			<report>
				<misses>645100001</misses>
				<total>0</total>
				<timestamp>5615.406607</timestamp>
			</report>
			<report>
				<misses>645200001</misses>
				<total>0</total>
				<timestamp>5616.272884</timestamp>
			</report>
			<report>
				<misses>645300001</misses>
				<total>0</total>
				<timestamp>5617.147456</timestamp>
			</report>
			<report>
				<misses>645400001</misses>
				<total>0</total>
				<timestamp>5618.021578</timestamp>
			</report>
			<report>
				<misses>645500001</misses>
				<total>0</total>
				<timestamp>5618.891755</timestamp>
			</report>
			<report>
				<misses>645600001</misses>
				<total>0</total>
				<timestamp>5619.751950</timestamp>
			</report>
			<report>
				<misses>645700001</misses>
				<total>0</total>
				<timestamp>5620.632695</timestamp>
			</report>
			<report>
				<misses>645800001</misses>
				<total>0</total>
				<timestamp>5621.507920</timestamp>
			</report>
			<report>
				<misses>645900001</misses>
				<total>0</total>
				<timestamp>5622.376974</timestamp>
			</report>
			<report>
				<misses>646000001</misses>
				<total>0</total>
				<timestamp>5623.252787</timestamp>
			</report>
			<report>
				<misses>646100001</misses>
				<total>0</total>
				<timestamp>5624.114766</timestamp>
			</report>
			<report>
				<misses>646200001</misses>
				<total>0</total>
				<timestamp>5624.995001</timestamp>
			</report>
			<report>
				<misses>646300001</misses>
				<total>0</total>
				<timestamp>5625.868049</timestamp>
			</report>
			<report>
				<misses>646400001</misses>
				<total>0</total>
				<timestamp>5626.729006</timestamp>
			</report>
			<report>
				<misses>646500001</misses>
				<total>0</total>
				<timestamp>5627.595494</timestamp>
			</report>
			<report>
				<misses>646600001</misses>
				<total>0</total>
				<timestamp>5628.462082</timestamp>
			</report>
			<report>
				<misses>646700001</misses>
				<total>0</total>
				<timestamp>5629.327090</timestamp>
			</report>
			<report>
				<misses>646800001</misses>
				<total>0</total>
				<timestamp>5630.182594</timestamp>
			</report>
			<report>
				<misses>646900001</misses>
				<total>0</total>
				<timestamp>5631.040255</timestamp>
			</report>
			<report>
				<misses>647000001</misses>
				<total>0</total>
				<timestamp>5631.907648</timestamp>
			</report>
			<report>
				<misses>647100001</misses>
				<total>0</total>
				<timestamp>5632.762558</timestamp>
			</report>
			<report>
				<misses>647200001</misses>
				<total>0</total>
				<timestamp>5633.631269</timestamp>
			</report>
			<report>
				<misses>647300001</misses>
				<total>0</total>
				<timestamp>5634.515466</timestamp>
			</report>
			<report>
				<misses>647400001</misses>
				<total>0</total>
				<timestamp>5635.396486</timestamp>
			</report>
			<report>
				<misses>647500001</misses>
				<total>0</total>
				<timestamp>5636.280021</timestamp>
			</report>
			<report>
				<misses>647600001</misses>
				<total>0</total>
				<timestamp>5637.175595</timestamp>
			</report>
			<report>
				<misses>647700001</misses>
				<total>0</total>
				<timestamp>5638.055589</timestamp>
			</report>
			<report>
				<misses>647800001</misses>
				<total>0</total>
				<timestamp>5638.932687</timestamp>
			</report>
			<report>
				<misses>647900001</misses>
				<total>0</total>
				<timestamp>5639.800079</timestamp>
			</report>
			<report>
				<misses>648000001</misses>
				<total>0</total>
				<timestamp>5640.673560</timestamp>
			</report>
			<report>
				<misses>648100001</misses>
				<total>0</total>
				<timestamp>5641.544752</timestamp>
			</report>
			<report>
				<misses>648200001</misses>
				<total>0</total>
				<timestamp>5642.404305</timestamp>
			</report>
			<report>
				<misses>648300001</misses>
				<total>0</total>
				<timestamp>5643.265424</timestamp>
			</report>
			<report>
				<misses>648400001</misses>
				<total>0</total>
				<timestamp>5644.129402</timestamp>
			</report>
			<report>
				<misses>648500001</misses>
				<total>0</total>
				<timestamp>5645.009654</timestamp>
			</report>
			<report>
				<misses>648600001</misses>
				<total>0</total>
				<timestamp>5645.873078</timestamp>
			</report>
			<report>
				<misses>648700001</misses>
				<total>0</total>
				<timestamp>5646.751720</timestamp>
			</report>
			<report>
				<misses>648800001</misses>
				<total>0</total>
				<timestamp>5647.628536</timestamp>
			</report>
			<report>
				<misses>648900001</misses>
				<total>0</total>
				<timestamp>5648.490107</timestamp>
			</report>
			<report>
				<misses>649000001</misses>
				<total>0</total>
				<timestamp>5649.363057</timestamp>
			</report>
			<report>
				<misses>649100001</misses>
				<total>0</total>
				<timestamp>5650.241542</timestamp>
			</report>
			<report>
				<misses>649200001</misses>
				<total>0</total>
				<timestamp>5651.119558</timestamp>
			</report>
			<report>
				<misses>649300001</misses>
				<total>0</total>
				<timestamp>5651.990783</timestamp>
			</report>
			<report>
				<misses>649400001</misses>
				<total>0</total>
				<timestamp>5652.856979</timestamp>
			</report>
			<report>
				<misses>649500001</misses>
				<total>0</total>
				<timestamp>5653.721981</timestamp>
			</report>
			<report>
				<misses>649600001</misses>
				<total>0</total>
				<timestamp>5654.591166</timestamp>
			</report>
			<report>
				<misses>649700001</misses>
				<total>0</total>
				<timestamp>5655.449786</timestamp>
			</report>
			<report>
				<misses>649800001</misses>
				<total>0</total>
				<timestamp>5656.311760</timestamp>
			</report>
			<report>
				<misses>649900001</misses>
				<total>0</total>
				<timestamp>5657.173880</timestamp>
			</report>
			<report>
				<misses>650000001</misses>
				<total>0</total>
				<timestamp>5658.049289</timestamp>
			</report>
			<report>
				<misses>650100001</misses>
				<total>0</total>
				<timestamp>5658.917951</timestamp>
			</report>
			<report>
				<misses>650200001</misses>
				<total>0</total>
				<timestamp>5659.776964</timestamp>
			</report>
			<report>
				<misses>650300001</misses>
				<total>0</total>
				<timestamp>5660.644987</timestamp>
			</report>
			<report>
				<misses>650400001</misses>
				<total>0</total>
				<timestamp>5661.509736</timestamp>
			</report>
			<report>
				<misses>650500001</misses>
				<total>0</total>
				<timestamp>5662.384785</timestamp>
			</report>
			<report>
				<misses>650600001</misses>
				<total>0</total>
				<timestamp>5663.257267</timestamp>
			</report>
			<report>
				<misses>650700001</misses>
				<total>0</total>
				<timestamp>5664.118568</timestamp>
			</report>
			<report>
				<misses>650800001</misses>
				<total>0</total>
				<timestamp>5664.990295</timestamp>
			</report>
			<report>
				<misses>650900001</misses>
				<total>0</total>
				<timestamp>5665.862983</timestamp>
			</report>
			<report>
				<misses>651000001</misses>
				<total>0</total>
				<timestamp>5666.743097</timestamp>
			</report>
			<report>
				<misses>651100001</misses>
				<total>0</total>
				<timestamp>5667.613838</timestamp>
			</report>
			<report>
				<misses>651200001</misses>
				<total>0</total>
				<timestamp>5668.489555</timestamp>
			</report>
			<report>
				<misses>651300001</misses>
				<total>0</total>
				<timestamp>5669.358757</timestamp>
			</report>
			<report>
				<misses>651400001</misses>
				<total>0</total>
				<timestamp>5670.230917</timestamp>
			</report>
			<report>
				<misses>651500001</misses>
				<total>0</total>
				<timestamp>5671.122368</timestamp>
			</report>
			<report>
				<misses>651600001</misses>
				<total>0</total>
				<timestamp>5671.998814</timestamp>
			</report>
			<report>
				<misses>651700001</misses>
				<total>0</total>
				<timestamp>5672.877282</timestamp>
			</report>
			<report>
				<misses>651800001</misses>
				<total>0</total>
				<timestamp>5673.733162</timestamp>
			</report>
			<report>
				<misses>651900001</misses>
				<total>0</total>
				<timestamp>5674.605268</timestamp>
			</report>
			<report>
				<misses>652000001</misses>
				<total>0</total>
				<timestamp>5675.471406</timestamp>
			</report>
			<report>
				<misses>652100001</misses>
				<total>0</total>
				<timestamp>5676.335915</timestamp>
			</report>
			<report>
				<misses>652200001</misses>
				<total>0</total>
				<timestamp>5677.199895</timestamp>
			</report>
			<report>
				<misses>652300001</misses>
				<total>0</total>
				<timestamp>5678.072894</timestamp>
			</report>
			<report>
				<misses>652400001</misses>
				<total>0</total>
				<timestamp>5678.939370</timestamp>
			</report>
			<report>
				<misses>652500001</misses>
				<total>0</total>
				<timestamp>5679.804289</timestamp>
			</report>
			<report>
				<misses>652600001</misses>
				<total>0</total>
				<timestamp>5680.665667</timestamp>
			</report>
			<report>
				<misses>652700001</misses>
				<total>0</total>
				<timestamp>5681.537143</timestamp>
			</report>
			<report>
				<misses>652800001</misses>
				<total>0</total>
				<timestamp>5682.406252</timestamp>
			</report>
			<report>
				<misses>652900001</misses>
				<total>0</total>
				<timestamp>5683.283768</timestamp>
			</report>
			<report>
				<misses>653000001</misses>
				<total>0</total>
				<timestamp>5684.151084</timestamp>
			</report>
			<report>
				<misses>653100001</misses>
				<total>0</total>
				<timestamp>5685.021406</timestamp>
			</report>
			<report>
				<misses>653200001</misses>
				<total>0</total>
				<timestamp>5685.898473</timestamp>
			</report>
			<report>
				<misses>653300001</misses>
				<total>0</total>
				<timestamp>5686.770729</timestamp>
			</report>
			<report>
				<misses>653400001</misses>
				<total>0</total>
				<timestamp>5687.635552</timestamp>
			</report>
			<report>
				<misses>653500001</misses>
				<total>0</total>
				<timestamp>5688.501057</timestamp>
			</report>
			<report>
				<misses>653600001</misses>
				<total>0</total>
				<timestamp>5689.371272</timestamp>
			</report>
			<report>
				<misses>653700001</misses>
				<total>0</total>
				<timestamp>5690.234156</timestamp>
			</report>
			<report>
				<misses>653800001</misses>
				<total>0</total>
				<timestamp>5691.105159</timestamp>
			</report>
			<report>
				<misses>653900001</misses>
				<total>0</total>
				<timestamp>5691.975498</timestamp>
			</report>
			<report>
				<misses>654000001</misses>
				<total>0</total>
				<timestamp>5692.845402</timestamp>
			</report>
			<report>
				<misses>654100001</misses>
				<total>0</total>
				<timestamp>5693.715838</timestamp>
			</report>
			<report>
				<misses>654200001</misses>
				<total>0</total>
				<timestamp>5694.604022</timestamp>
			</report>
			<report>
				<misses>654300001</misses>
				<total>0</total>
				<timestamp>5695.478798</timestamp>
			</report>
			<report>
				<misses>654400001</misses>
				<total>0</total>
				<timestamp>5696.350078</timestamp>
			</report>
			<report>
				<misses>654500001</misses>
				<total>0</total>
				<timestamp>5697.226755</timestamp>
			</report>
			<report>
				<misses>654600001</misses>
				<total>0</total>
				<timestamp>5698.100747</timestamp>
			</report>
			<report>
				<misses>654700001</misses>
				<total>0</total>
				<timestamp>5698.982042</timestamp>
			</report>
			<report>
				<misses>654800001</misses>
				<total>0</total>
				<timestamp>5699.870450</timestamp>
			</report>
			<report>
				<misses>654900001</misses>
				<total>0</total>
				<timestamp>5700.741095</timestamp>
			</report>
			<report>
				<misses>655000001</misses>
				<total>0</total>
				<timestamp>5701.627910</timestamp>
			</report>
			<report>
				<misses>655100001</misses>
				<total>0</total>
				<timestamp>5702.507491</timestamp>
			</report>
			<report>
				<misses>655200001</misses>
				<total>0</total>
				<timestamp>5703.401124</timestamp>
			</report>
			<report>
				<misses>655300001</misses>
				<total>0</total>
				<timestamp>5704.273875</timestamp>
			</report>
			<report>
				<misses>655400001</misses>
				<total>0</total>
				<timestamp>5705.135193</timestamp>
			</report>
			<report>
				<misses>655500001</misses>
				<total>0</total>
				<timestamp>5706.008651</timestamp>
			</report>
			<report>
				<misses>655600001</misses>
				<total>0</total>
				<timestamp>5706.875677</timestamp>
			</report>
			<report>
				<misses>655700001</misses>
				<total>0</total>
				<timestamp>5707.759808</timestamp>
			</report>
			<report>
				<misses>655800001</misses>
				<total>0</total>
				<timestamp>5708.620814</timestamp>
			</report>
			<report>
				<misses>655900001</misses>
				<total>0</total>
				<timestamp>5709.484028</timestamp>
			</report>
			<report>
				<misses>656000001</misses>
				<total>0</total>
				<timestamp>5710.350912</timestamp>
			</report>
			<report>
				<misses>656100001</misses>
				<total>0</total>
				<timestamp>5711.224945</timestamp>
			</report>
			<report>
				<misses>656200001</misses>
				<total>0</total>
				<timestamp>5712.097999</timestamp>
			</report>
			<report>
				<misses>656300001</misses>
				<total>0</total>
				<timestamp>5712.966742</timestamp>
			</report>
			<report>
				<misses>656400001</misses>
				<total>0</total>
				<timestamp>5713.808190</timestamp>
			</report>
			<report>
				<misses>656500001</misses>
				<total>0</total>
				<timestamp>5714.652178</timestamp>
			</report>
			<report>
				<misses>656600001</misses>
				<total>0</total>
				<timestamp>5715.513667</timestamp>
			</report>
			<report>
				<misses>656700001</misses>
				<total>0</total>
				<timestamp>5716.379315</timestamp>
			</report>
			<report>
				<misses>656800001</misses>
				<total>0</total>
				<timestamp>5717.254042</timestamp>
			</report>
			<report>
				<misses>656900001</misses>
				<total>0</total>
				<timestamp>5718.125721</timestamp>
			</report>
			<report>
				<misses>657000001</misses>
				<total>0</total>
				<timestamp>5718.992967</timestamp>
			</report>
			<report>
				<misses>657100001</misses>
				<total>0</total>
				<timestamp>5719.867462</timestamp>
			</report>
			<report>
				<misses>657200001</misses>
				<total>0</total>
				<timestamp>5720.722448</timestamp>
			</report>
			<report>
				<misses>657300001</misses>
				<total>0</total>
				<timestamp>5721.584887</timestamp>
			</report>
			<report>
				<misses>657400001</misses>
				<total>0</total>
				<timestamp>5722.452153</timestamp>
			</report>
			<report>
				<misses>657500001</misses>
				<total>0</total>
				<timestamp>5723.327275</timestamp>
			</report>
			<report>
				<misses>657600001</misses>
				<total>0</total>
				<timestamp>5724.204608</timestamp>
			</report>
			<report>
				<misses>657700001</misses>
				<total>0</total>
				<timestamp>5725.075179</timestamp>
			</report>
			<report>
				<misses>657800001</misses>
				<total>0</total>
				<timestamp>5725.945284</timestamp>
			</report>
			<report>
				<misses>657900001</misses>
				<total>0</total>
				<timestamp>5726.802645</timestamp>
			</report>
			<report>
				<misses>658000001</misses>
				<total>0</total>
				<timestamp>5727.671861</timestamp>
			</report>
			<report>
				<misses>658100001</misses>
				<total>0</total>
				<timestamp>5728.545947</timestamp>
			</report>
			<report>
				<misses>658200001</misses>
				<total>0</total>
				<timestamp>5729.410123</timestamp>
			</report>
			<report>
				<misses>658300001</misses>
				<total>0</total>
				<timestamp>5730.278099</timestamp>
			</report>
			<report>
				<misses>658400001</misses>
				<total>0</total>
				<timestamp>5731.161020</timestamp>
			</report>
			<report>
				<misses>658500001</misses>
				<total>0</total>
				<timestamp>5732.042243</timestamp>
			</report>
			<report>
				<misses>658600001</misses>
				<total>0</total>
				<timestamp>5732.915944</timestamp>
			</report>
			<report>
				<misses>658700001</misses>
				<total>0</total>
				<timestamp>5733.796082</timestamp>
			</report>
			<report>
				<misses>658800001</misses>
				<total>0</total>
				<timestamp>5734.680316</timestamp>
			</report>
			<report>
				<misses>658900001</misses>
				<total>0</total>
				<timestamp>5735.548189</timestamp>
			</report>
			<report>
				<misses>659000001</misses>
				<total>0</total>
				<timestamp>5736.419007</timestamp>
			</report>
			<report>
				<misses>659100001</misses>
				<total>0</total>
				<timestamp>5737.287721</timestamp>
			</report>
			<report>
				<misses>659200001</misses>
				<total>0</total>
				<timestamp>5738.145576</timestamp>
			</report>
			<report>
				<misses>659300001</misses>
				<total>0</total>
				<timestamp>5739.010409</timestamp>
			</report>
			<report>
				<misses>659400001</misses>
				<total>0</total>
				<timestamp>5739.865571</timestamp>
			</report>
			<report>
				<misses>659500001</misses>
				<total>0</total>
				<timestamp>5740.741990</timestamp>
			</report>
			<report>
				<misses>659600001</misses>
				<total>0</total>
				<timestamp>5741.614691</timestamp>
			</report>
			<report>
				<misses>659700001</misses>
				<total>0</total>
				<timestamp>5742.491871</timestamp>
			</report>
			<report>
				<misses>659800001</misses>
				<total>0</total>
				<timestamp>5743.364825</timestamp>
			</report>
			<report>
				<misses>659900001</misses>
				<total>0</total>
				<timestamp>5744.239713</timestamp>
			</report>
			<report>
				<misses>660000001</misses>
				<total>0</total>
				<timestamp>5745.099823</timestamp>
			</report>
			<report>
				<misses>660100001</misses>
				<total>0</total>
				<timestamp>5745.962034</timestamp>
			</report>
			<report>
				<misses>660200001</misses>
				<total>0</total>
				<timestamp>5746.822732</timestamp>
			</report>
			<report>
				<misses>660300001</misses>
				<total>0</total>
				<timestamp>5747.695101</timestamp>
			</report>
			<report>
				<misses>660400001</misses>
				<total>0</total>
				<timestamp>5748.566754</timestamp>
			</report>
			<report>
				<misses>660500001</misses>
				<total>0</total>
				<timestamp>5749.435327</timestamp>
			</report>
			<report>
				<misses>660600001</misses>
				<total>0</total>
				<timestamp>5750.301265</timestamp>
			</report>
			<report>
				<misses>660700001</misses>
				<total>0</total>
				<timestamp>5751.159904</timestamp>
			</report>
			<report>
				<misses>660800001</misses>
				<total>0</total>
				<timestamp>5752.008735</timestamp>
			</report>
			<report>
				<misses>660900001</misses>
				<total>0</total>
				<timestamp>5752.871888</timestamp>
			</report>
			<report>
				<misses>661000001</misses>
				<total>0</total>
				<timestamp>5753.739371</timestamp>
			</report>
			<report>
				<misses>661100001</misses>
				<total>0</total>
				<timestamp>5754.623118</timestamp>
			</report>
			<report>
				<misses>661200001</misses>
				<total>0</total>
				<timestamp>5755.501875</timestamp>
			</report>
			<report>
				<misses>661300001</misses>
				<total>0</total>
				<timestamp>5756.375104</timestamp>
			</report>
			<report>
				<misses>661400001</misses>
				<total>0</total>
				<timestamp>5757.241130</timestamp>
			</report>
			<report>
				<misses>661500001</misses>
				<total>0</total>
				<timestamp>5758.108359</timestamp>
			</report>
			<report>
				<misses>661600001</misses>
				<total>0</total>
				<timestamp>5758.977634</timestamp>
			</report>
			<report>
				<misses>661700001</misses>
				<total>0</total>
				<timestamp>5759.847460</timestamp>
			</report>
			<report>
				<misses>661800001</misses>
				<total>0</total>
				<timestamp>5760.715131</timestamp>
			</report>
			<report>
				<misses>661900001</misses>
				<total>0</total>
				<timestamp>5761.583242</timestamp>
			</report>
			<report>
				<misses>662000001</misses>
				<total>0</total>
				<timestamp>5762.452654</timestamp>
			</report>
			<report>
				<misses>662100001</misses>
				<total>0</total>
				<timestamp>5763.329402</timestamp>
			</report>
			<report>
				<misses>662200001</misses>
				<total>0</total>
				<timestamp>5764.198961</timestamp>
			</report>
			<report>
				<misses>662300001</misses>
				<total>0</total>
				<timestamp>5765.086964</timestamp>
			</report>
			<report>
				<misses>662400001</misses>
				<total>0</total>
				<timestamp>5765.974137</timestamp>
			</report>
			<report>
				<misses>662500001</misses>
				<total>0</total>
				<timestamp>5766.861386</timestamp>
			</report>
			<report>
				<misses>662600001</misses>
				<total>0</total>
				<timestamp>5767.739303</timestamp>
			</report>
			<report>
				<misses>662700001</misses>
				<total>0</total>
				<timestamp>5768.623193</timestamp>
			</report>
			<report>
				<misses>662800001</misses>
				<total>0</total>
				<timestamp>5769.488017</timestamp>
			</report>
			<report>
				<misses>662900001</misses>
				<total>0</total>
				<timestamp>5770.362840</timestamp>
			</report>
			<report>
				<misses>663000001</misses>
				<total>0</total>
				<timestamp>5771.240884</timestamp>
			</report>
			<report>
				<misses>663100001</misses>
				<total>0</total>
				<timestamp>5772.115871</timestamp>
			</report>
			<report>
				<misses>663200001</misses>
				<total>0</total>
				<timestamp>5772.989046</timestamp>
			</report>
			<report>
				<misses>663300001</misses>
				<total>0</total>
				<timestamp>5773.858623</timestamp>
			</report>
			<report>
				<misses>663400001</misses>
				<total>0</total>
				<timestamp>5774.735260</timestamp>
			</report>
			<report>
				<misses>663500001</misses>
				<total>0</total>
				<timestamp>5775.615752</timestamp>
			</report>
			<report>
				<misses>663600001</misses>
				<total>0</total>
				<timestamp>5776.487498</timestamp>
			</report>
			<report>
				<misses>663700001</misses>
				<total>0</total>
				<timestamp>5777.351754</timestamp>
			</report>
			<report>
				<misses>663800001</misses>
				<total>0</total>
				<timestamp>5778.213213</timestamp>
			</report>
			<report>
				<misses>663900001</misses>
				<total>0</total>
				<timestamp>5779.077277</timestamp>
			</report>
			<report>
				<misses>664000001</misses>
				<total>0</total>
				<timestamp>5779.946159</timestamp>
			</report>
			<report>
				<misses>664100001</misses>
				<total>0</total>
				<timestamp>5780.829660</timestamp>
			</report>
			<report>
				<misses>664200001</misses>
				<total>0</total>
				<timestamp>5781.696752</timestamp>
			</report>
			<report>
				<misses>664300001</misses>
				<total>0</total>
				<timestamp>5782.572884</timestamp>
			</report>
			<report>
				<misses>664400001</misses>
				<total>0</total>
				<timestamp>5783.451642</timestamp>
			</report>
			<report>
				<misses>664500001</misses>
				<total>0</total>
				<timestamp>5784.331423</timestamp>
			</report>
			<report>
				<misses>664600001</misses>
				<total>0</total>
				<timestamp>5785.207437</timestamp>
			</report>
			<report>
				<misses>664700001</misses>
				<total>0</total>
				<timestamp>5786.073715</timestamp>
			</report>
			<report>
				<misses>664800001</misses>
				<total>0</total>
				<timestamp>5786.934894</timestamp>
			</report>
			<report>
				<misses>664900001</misses>
				<total>0</total>
				<timestamp>5787.793109</timestamp>
			</report>
			<report>
				<misses>665000001</misses>
				<total>0</total>
				<timestamp>5788.661374</timestamp>
			</report>
			<report>
				<misses>665100001</misses>
				<total>0</total>
				<timestamp>5789.528348</timestamp>
			</report>
			<report>
				<misses>665200001</misses>
				<total>0</total>
				<timestamp>5790.387155</timestamp>
			</report>
			<report>
				<misses>665300001</misses>
				<total>0</total>
				<timestamp>5791.254414</timestamp>
			</report>
			<report>
				<misses>665400001</misses>
				<total>0</total>
				<timestamp>5792.116625</timestamp>
			</report>
			<report>
				<misses>665500001</misses>
				<total>0</total>
				<timestamp>5792.994371</timestamp>
			</report>
			<report>
				<misses>665600001</misses>
				<total>0</total>
				<timestamp>5793.866136</timestamp>
			</report>
			<report>
				<misses>665700001</misses>
				<total>0</total>
				<timestamp>5794.743712</timestamp>
			</report>
			<report>
				<misses>665800001</misses>
				<total>0</total>
				<timestamp>5795.616658</timestamp>
			</report>
			<report>
				<misses>665900001</misses>
				<total>0</total>
				<timestamp>5796.498299</timestamp>
			</report>
			<report>
				<misses>666000001</misses>
				<total>0</total>
				<timestamp>5797.381998</timestamp>
			</report>
			<report>
				<misses>666100001</misses>
				<total>0</total>
				<timestamp>5798.261379</timestamp>
			</report>
			<report>
				<misses>666200001</misses>
				<total>0</total>
				<timestamp>5799.133986</timestamp>
			</report>
			<report>
				<misses>666300001</misses>
				<total>0</total>
				<timestamp>5800.016154</timestamp>
			</report>
			<report>
				<misses>666400001</misses>
				<total>0</total>
				<timestamp>5800.882085</timestamp>
			</report>
			<report>
				<misses>666500001</misses>
				<total>0</total>
				<timestamp>5801.770882</timestamp>
			</report>
			<report>
				<misses>666600001</misses>
				<total>0</total>
				<timestamp>5802.643077</timestamp>
			</report>
			<report>
				<misses>666700001</misses>
				<total>0</total>
				<timestamp>5803.513653</timestamp>
			</report>
			<report>
				<misses>666800001</misses>
				<total>0</total>
				<timestamp>5804.385527</timestamp>
			</report>
			<report>
				<misses>666900001</misses>
				<total>0</total>
				<timestamp>5805.242654</timestamp>
			</report>
			<report>
				<misses>667000001</misses>
				<total>0</total>
				<timestamp>5806.096307</timestamp>
			</report>
			<report>
				<misses>667100001</misses>
				<total>0</total>
				<timestamp>5806.962900</timestamp>
			</report>
			<report>
				<misses>667200001</misses>
				<total>0</total>
				<timestamp>5807.836929</timestamp>
			</report>
			<report>
				<misses>667300001</misses>
				<total>0</total>
				<timestamp>5808.717525</timestamp>
			</report>
			<report>
				<misses>667400001</misses>
				<total>0</total>
				<timestamp>5809.594415</timestamp>
			</report>
			<report>
				<misses>667500001</misses>
				<total>0</total>
				<timestamp>5810.472364</timestamp>
			</report>
			<report>
				<misses>667600001</misses>
				<total>0</total>
				<timestamp>5811.349589</timestamp>
			</report>
			<report>
				<misses>667700001</misses>
				<total>0</total>
				<timestamp>5812.217796</timestamp>
			</report>
			<report>
				<misses>667800001</misses>
				<total>0</total>
				<timestamp>5813.078787</timestamp>
			</report>
			<report>
				<misses>667900001</misses>
				<total>0</total>
				<timestamp>5813.943589</timestamp>
			</report>
			<report>
				<misses>668000001</misses>
				<total>0</total>
				<timestamp>5814.812006</timestamp>
			</report>
			<report>
				<misses>668100001</misses>
				<total>0</total>
				<timestamp>5815.679620</timestamp>
			</report>
			<report>
				<misses>668200001</misses>
				<total>0</total>
				<timestamp>5816.541761</timestamp>
			</report>
			<report>
				<misses>668300001</misses>
				<total>0</total>
				<timestamp>5817.410306</timestamp>
			</report>
			<report>
				<misses>668400001</misses>
				<total>0</total>
				<timestamp>5818.286050</timestamp>
			</report>
			<report>
				<misses>668500001</misses>
				<total>0</total>
				<timestamp>5819.153296</timestamp>
			</report>
			<report>
				<misses>668600001</misses>
				<total>0</total>
				<timestamp>5820.017825</timestamp>
			</report>
			<report>
				<misses>668700001</misses>
				<total>0</total>
				<timestamp>5820.896139</timestamp>
			</report>
			<report>
				<misses>668800001</misses>
				<total>0</total>
				<timestamp>5821.771069</timestamp>
			</report>
			<report>
				<misses>668900001</misses>
				<total>0</total>
				<timestamp>5822.631936</timestamp>
			</report>
			<report>
				<misses>669000001</misses>
				<total>0</total>
				<timestamp>5823.507015</timestamp>
			</report>
			<report>
				<misses>669100001</misses>
				<total>0</total>
				<timestamp>5824.382976</timestamp>
			</report>
			<report>
				<misses>669200001</misses>
				<total>0</total>
				<timestamp>5825.247234</timestamp>
			</report>
			<report>
				<misses>669300001</misses>
				<total>0</total>
				<timestamp>5826.107807</timestamp>
			</report>
			<report>
				<misses>669400001</misses>
				<total>0</total>
				<timestamp>5826.985520</timestamp>
			</report>
			<report>
				<misses>669500001</misses>
				<total>0</total>
				<timestamp>5827.862966</timestamp>
			</report>
			<report>
				<misses>669600001</misses>
				<total>0</total>
				<timestamp>5828.746766</timestamp>
			</report>
			<report>
				<misses>669700001</misses>
				<total>0</total>
				<timestamp>5829.620748</timestamp>
			</report>
			<report>
				<misses>669800001</misses>
				<total>0</total>
				<timestamp>5830.508292</timestamp>
			</report>
			<report>
				<misses>669900001</misses>
				<total>0</total>
				<timestamp>5831.378581</timestamp>
			</report>
			<report>
				<misses>670000001</misses>
				<total>0</total>
				<timestamp>5832.263774</timestamp>
			</report>
			<report>
				<misses>670100001</misses>
				<total>0</total>
				<timestamp>5833.134547</timestamp>
			</report>
			<report>
				<misses>670200001</misses>
				<total>0</total>
				<timestamp>5833.993208</timestamp>
			</report>
			<report>
				<misses>670300001</misses>
				<total>0</total>
				<timestamp>5834.864051</timestamp>
			</report>
			<report>
				<misses>670400001</misses>
				<total>0</total>
				<timestamp>5835.734627</timestamp>
			</report>
			<report>
				<misses>670500001</misses>
				<total>0</total>
				<timestamp>5836.599252</timestamp>
			</report>
			<report>
				<misses>670600001</misses>
				<total>0</total>
				<timestamp>5837.471745</timestamp>
			</report>
			<report>
				<misses>670700001</misses>
				<total>0</total>
				<timestamp>5838.350081</timestamp>
			</report>
			<report>
				<misses>670800001</misses>
				<total>0</total>
				<timestamp>5839.219079</timestamp>
			</report>
			<report>
				<misses>670900001</misses>
				<total>0</total>
				<timestamp>5840.088871</timestamp>
			</report>
			<report>
				<misses>671000001</misses>
				<total>0</total>
				<timestamp>5840.967259</timestamp>
			</report>
			<report>
				<misses>671100001</misses>
				<total>0</total>
				<timestamp>5841.839631</timestamp>
			</report>
			<report>
				<misses>671200001</misses>
				<total>0</total>
				<timestamp>5842.706293</timestamp>
			</report>
			<report>
				<misses>671300001</misses>
				<total>0</total>
				<timestamp>5843.573563</timestamp>
			</report>
			<report>
				<misses>671400001</misses>
				<total>0</total>
				<timestamp>5844.443554</timestamp>
			</report>
			<report>
				<misses>671500001</misses>
				<total>0</total>
				<timestamp>5845.320675</timestamp>
			</report>
			<report>
				<misses>671600001</misses>
				<total>0</total>
				<timestamp>5846.185914</timestamp>
			</report>
			<report>
				<misses>671700001</misses>
				<total>0</total>
				<timestamp>5847.052255</timestamp>
			</report>
			<report>
				<misses>671800001</misses>
				<total>0</total>
				<timestamp>5847.923424</timestamp>
			</report>
			<report>
				<misses>671900001</misses>
				<total>0</total>
				<timestamp>5848.795646</timestamp>
			</report>
			<report>
				<misses>672000001</misses>
				<total>0</total>
				<timestamp>5849.662518</timestamp>
			</report>
			<report>
				<misses>672100001</misses>
				<total>0</total>
				<timestamp>5850.529300</timestamp>
			</report>
			<report>
				<misses>672200001</misses>
				<total>0</total>
				<timestamp>5851.402252</timestamp>
			</report>
			<report>
				<misses>672300001</misses>
				<total>0</total>
				<timestamp>5852.272522</timestamp>
			</report>
			<report>
				<misses>672400001</misses>
				<total>0</total>
				<timestamp>5853.138238</timestamp>
			</report>
			<report>
				<misses>672500001</misses>
				<total>0</total>
				<timestamp>5854.012698</timestamp>
			</report>
			<report>
				<misses>672600001</misses>
				<total>0</total>
				<timestamp>5854.883803</timestamp>
			</report>
			<report>
				<misses>672700001</misses>
				<total>0</total>
				<timestamp>5855.759869</timestamp>
			</report>
			<report>
				<misses>672800001</misses>
				<total>0</total>
				<timestamp>5856.638331</timestamp>
			</report>
			<report>
				<misses>672900001</misses>
				<total>0</total>
				<timestamp>5857.504294</timestamp>
			</report>
			<report>
				<misses>673000001</misses>
				<total>0</total>
				<timestamp>5858.381754</timestamp>
			</report>
			<report>
				<misses>673100001</misses>
				<total>0</total>
				<timestamp>5859.261901</timestamp>
			</report>
			<report>
				<misses>673200001</misses>
				<total>0</total>
				<timestamp>5860.139921</timestamp>
			</report>
			<report>
				<misses>673300001</misses>
				<total>0</total>
				<timestamp>5861.021155</timestamp>
			</report>
			<report>
				<misses>673400001</misses>
				<total>0</total>
				<timestamp>5861.895764</timestamp>
			</report>
			<report>
				<misses>673500001</misses>
				<total>0</total>
				<timestamp>5862.762362</timestamp>
			</report>
			<report>
				<misses>673600001</misses>
				<total>0</total>
				<timestamp>5863.635644</timestamp>
			</report>
			<report>
				<misses>673700001</misses>
				<total>0</total>
				<timestamp>5864.510238</timestamp>
			</report>
			<report>
				<misses>673800001</misses>
				<total>0</total>
				<timestamp>5865.376094</timestamp>
			</report>
			<report>
				<misses>673900001</misses>
				<total>0</total>
				<timestamp>5866.247282</timestamp>
			</report>
			<report>
				<misses>674000001</misses>
				<total>0</total>
				<timestamp>5867.121722</timestamp>
			</report>
			<report>
				<misses>674100001</misses>
				<total>0</total>
				<timestamp>5867.994742</timestamp>
			</report>
			<report>
				<misses>674200001</misses>
				<total>0</total>
				<timestamp>5868.849931</timestamp>
			</report>
			<report>
				<misses>674300001</misses>
				<total>0</total>
				<timestamp>5869.727551</timestamp>
			</report>
			<report>
				<misses>674400001</misses>
				<total>0</total>
				<timestamp>5870.600567</timestamp>
			</report>
			<report>
				<misses>674500001</misses>
				<total>0</total>
				<timestamp>5871.470715</timestamp>
			</report>
			<report>
				<misses>674600001</misses>
				<total>0</total>
				<timestamp>5872.345062</timestamp>
			</report>
			<report>
				<misses>674700001</misses>
				<total>0</total>
				<timestamp>5873.209580</timestamp>
			</report>
			<report>
				<misses>674800001</misses>
				<total>0</total>
				<timestamp>5874.082426</timestamp>
			</report>
			<report>
				<misses>674900001</misses>
				<total>0</total>
				<timestamp>5874.944050</timestamp>
			</report>
			<report>
				<misses>675000001</misses>
				<total>0</total>
				<timestamp>5875.806356</timestamp>
			</report>
			<report>
				<misses>675100001</misses>
				<total>0</total>
				<timestamp>5876.669326</timestamp>
			</report>
			<report>
				<misses>675200001</misses>
				<total>0</total>
				<timestamp>5877.548684</timestamp>
			</report>
			<report>
				<misses>675300001</misses>
				<total>0</total>
				<timestamp>5878.419427</timestamp>
			</report>
			<report>
				<misses>675400001</misses>
				<total>0</total>
				<timestamp>5879.300515</timestamp>
			</report>
			<report>
				<misses>675500001</misses>
				<total>0</total>
				<timestamp>5880.172207</timestamp>
			</report>
			<report>
				<misses>675600001</misses>
				<total>0</total>
				<timestamp>5881.053930</timestamp>
			</report>
			<report>
				<misses>675700001</misses>
				<total>0</total>
				<timestamp>5881.935733</timestamp>
			</report>
			<report>
				<misses>675800001</misses>
				<total>0</total>
				<timestamp>5882.801715</timestamp>
			</report>
			<report>
				<misses>675900001</misses>
				<total>0</total>
				<timestamp>5883.670602</timestamp>
			</report>
			<report>
				<misses>676000001</misses>
				<total>0</total>
				<timestamp>5884.549084</timestamp>
			</report>
			<report>
				<misses>676100001</misses>
				<total>0</total>
				<timestamp>5885.431468</timestamp>
			</report>
			<report>
				<misses>676200001</misses>
				<total>0</total>
				<timestamp>5886.313844</timestamp>
			</report>
			<report>
				<misses>676300001</misses>
				<total>0</total>
				<timestamp>5887.197001</timestamp>
			</report>
			<report>
				<misses>676400001</misses>
				<total>0</total>
				<timestamp>5888.078570</timestamp>
			</report>
			<report>
				<misses>676500001</misses>
				<total>0</total>
				<timestamp>5888.945529</timestamp>
			</report>
			<report>
				<misses>676600001</misses>
				<total>0</total>
				<timestamp>5889.822870</timestamp>
			</report>
			<report>
				<misses>676700001</misses>
				<total>0</total>
				<timestamp>5890.695129</timestamp>
			</report>
			<report>
				<misses>676800001</misses>
				<total>0</total>
				<timestamp>5891.571743</timestamp>
			</report>
			<report>
				<misses>676900001</misses>
				<total>0</total>
				<timestamp>5892.444963</timestamp>
			</report>
			<report>
				<misses>677000001</misses>
				<total>0</total>
				<timestamp>5893.317151</timestamp>
			</report>
			<report>
				<misses>677100001</misses>
				<total>0</total>
				<timestamp>5894.174051</timestamp>
			</report>
			<report>
				<misses>677200001</misses>
				<total>0</total>
				<timestamp>5895.057596</timestamp>
			</report>
			<report>
				<misses>677300001</misses>
				<total>0</total>
				<timestamp>5895.938103</timestamp>
			</report>
			<report>
				<misses>677400001</misses>
				<total>0</total>
				<timestamp>5896.801415</timestamp>
			</report>
			<report>
				<misses>677500001</misses>
				<total>0</total>
				<timestamp>5897.665490</timestamp>
			</report>
			<report>
				<misses>677600001</misses>
				<total>0</total>
				<timestamp>5898.524912</timestamp>
			</report>
			<report>
				<misses>677700001</misses>
				<total>0</total>
				<timestamp>5899.383706</timestamp>
			</report>
			<report>
				<misses>677800001</misses>
				<total>0</total>
				<timestamp>5900.241492</timestamp>
			</report>
			<report>
				<misses>677900001</misses>
				<total>0</total>
				<timestamp>5901.118391</timestamp>
			</report>
			<report>
				<misses>678000001</misses>
				<total>0</total>
				<timestamp>5901.981201</timestamp>
			</report>
			<report>
				<misses>678100001</misses>
				<total>0</total>
				<timestamp>5902.847330</timestamp>
			</report>
			<report>
				<misses>678200001</misses>
				<total>0</total>
				<timestamp>5903.716603</timestamp>
			</report>
			<report>
				<misses>678300001</misses>
				<total>0</total>
				<timestamp>5904.581637</timestamp>
			</report>
			<report>
				<misses>678400001</misses>
				<total>0</total>
				<timestamp>5905.454886</timestamp>
			</report>
			<report>
				<misses>678500001</misses>
				<total>0</total>
				<timestamp>5906.314088</timestamp>
			</report>
			<report>
				<misses>678600001</misses>
				<total>0</total>
				<timestamp>5907.165790</timestamp>
			</report>
			<report>
				<misses>678700001</misses>
				<total>0</total>
				<timestamp>5908.037416</timestamp>
			</report>
			<report>
				<misses>678800001</misses>
				<total>0</total>
				<timestamp>5908.906973</timestamp>
			</report>
			<report>
				<misses>678900001</misses>
				<total>0</total>
				<timestamp>5909.776758</timestamp>
			</report>
			<report>
				<misses>679000001</misses>
				<total>0</total>
				<timestamp>5910.653138</timestamp>
			</report>
			<report>
				<misses>679100001</misses>
				<total>0</total>
				<timestamp>5911.518180</timestamp>
			</report>
			<report>
				<misses>679200001</misses>
				<total>0</total>
				<timestamp>5912.387572</timestamp>
			</report>
			<report>
				<misses>679300001</misses>
				<total>0</total>
				<timestamp>5913.258622</timestamp>
			</report>
			<report>
				<misses>679400001</misses>
				<total>0</total>
				<timestamp>5914.133340</timestamp>
			</report>
			<report>
				<misses>679500001</misses>
				<total>0</total>
				<timestamp>5915.004241</timestamp>
			</report>
			<report>
				<misses>679600001</misses>
				<total>0</total>
				<timestamp>5915.899977</timestamp>
			</report>
			<report>
				<misses>679700001</misses>
				<total>0</total>
				<timestamp>5916.785675</timestamp>
			</report>
			<report>
				<misses>679800001</misses>
				<total>0</total>
				<timestamp>5917.662526</timestamp>
			</report>
			<report>
				<misses>679900001</misses>
				<total>0</total>
				<timestamp>5918.532943</timestamp>
			</report>
			<report>
				<misses>680000001</misses>
				<total>0</total>
				<timestamp>5919.403882</timestamp>
			</report>
			<report>
				<misses>680100001</misses>
				<total>0</total>
				<timestamp>5920.263525</timestamp>
			</report>
			<report>
				<misses>680200001</misses>
				<total>0</total>
				<timestamp>5921.131610</timestamp>
			</report>
			<report>
				<misses>680300001</misses>
				<total>0</total>
				<timestamp>5921.988469</timestamp>
			</report>
			<report>
				<misses>680400001</misses>
				<total>0</total>
				<timestamp>5922.847699</timestamp>
			</report>
			<report>
				<misses>680500001</misses>
				<total>0</total>
				<timestamp>5923.713306</timestamp>
			</report>
			<report>
				<misses>680600001</misses>
				<total>0</total>
				<timestamp>5924.588958</timestamp>
			</report>
			<report>
				<misses>680700001</misses>
				<total>0</total>
				<timestamp>5925.448590</timestamp>
			</report>
			<report>
				<misses>680800001</misses>
				<total>0</total>
				<timestamp>5926.320402</timestamp>
			</report>
			<report>
				<misses>680900001</misses>
				<total>0</total>
				<timestamp>5927.191626</timestamp>
			</report>
			<report>
				<misses>681000001</misses>
				<total>0</total>
				<timestamp>5928.055198</timestamp>
			</report>
			<report>
				<misses>681100001</misses>
				<total>0</total>
				<timestamp>5928.924304</timestamp>
			</report>
			<report>
				<misses>681200001</misses>
				<total>0</total>
				<timestamp>5929.797710</timestamp>
			</report>
			<report>
				<misses>681300001</misses>
				<total>0</total>
				<timestamp>5930.657359</timestamp>
			</report>
			<report>
				<misses>681400001</misses>
				<total>0</total>
				<timestamp>5931.525720</timestamp>
			</report>
			<report>
				<misses>681500001</misses>
				<total>0</total>
				<timestamp>5932.393849</timestamp>
			</report>
			<report>
				<misses>681600001</misses>
				<total>0</total>
				<timestamp>5933.262725</timestamp>
			</report>
			<report>
				<misses>681700001</misses>
				<total>0</total>
				<timestamp>5934.132630</timestamp>
			</report>
			<report>
				<misses>681800001</misses>
				<total>0</total>
				<timestamp>5934.993832</timestamp>
			</report>
			<report>
				<misses>681900001</misses>
				<total>0</total>
				<timestamp>5935.852577</timestamp>
			</report>
			<report>
				<misses>682000001</misses>
				<total>0</total>
				<timestamp>5936.729657</timestamp>
			</report>
			<report>
				<misses>682100001</misses>
				<total>0</total>
				<timestamp>5937.589354</timestamp>
			</report>
			<report>
				<misses>682200001</misses>
				<total>0</total>
				<timestamp>5938.443885</timestamp>
			</report>
			<report>
				<misses>682300001</misses>
				<total>0</total>
				<timestamp>5939.313614</timestamp>
			</report>
			<report>
				<misses>682400001</misses>
				<total>0</total>
				<timestamp>5940.175161</timestamp>
			</report>
			<report>
				<misses>682500001</misses>
				<total>0</total>
				<timestamp>5941.051586</timestamp>
			</report>
			<report>
				<misses>682600001</misses>
				<total>0</total>
				<timestamp>5941.930445</timestamp>
			</report>
			<report>
				<misses>682700001</misses>
				<total>0</total>
				<timestamp>5942.805698</timestamp>
			</report>
			<report>
				<misses>682800001</misses>
				<total>0</total>
				<timestamp>5943.692517</timestamp>
			</report>
			<report>
				<misses>682900001</misses>
				<total>0</total>
				<timestamp>5944.564027</timestamp>
			</report>
			<report>
				<misses>683000001</misses>
				<total>0</total>
				<timestamp>5945.433148</timestamp>
			</report>
			<report>
				<misses>683100001</misses>
				<total>0</total>
				<timestamp>5946.309331</timestamp>
			</report>
			<report>
				<misses>683200001</misses>
				<total>0</total>
				<timestamp>5947.177881</timestamp>
			</report>
			<report>
				<misses>683300001</misses>
				<total>0</total>
				<timestamp>5948.022372</timestamp>
			</report>
			<report>
				<misses>683400001</misses>
				<total>0</total>
				<timestamp>5948.877554</timestamp>
			</report>
			<report>
				<misses>683500001</misses>
				<total>0</total>
				<timestamp>5949.743057</timestamp>
			</report>
			<report>
				<misses>683600001</misses>
				<total>0</total>
				<timestamp>5950.609350</timestamp>
			</report>
			<report>
				<misses>683700001</misses>
				<total>0</total>
				<timestamp>5951.488048</timestamp>
			</report>
			<report>
				<misses>683800001</misses>
				<total>0</total>
				<timestamp>5952.341199</timestamp>
			</report>
			<report>
				<misses>683900001</misses>
				<total>0</total>
				<timestamp>5953.207108</timestamp>
			</report>
			<report>
				<misses>684000001</misses>
				<total>0</total>
				<timestamp>5954.089915</timestamp>
			</report>
			<report>
				<misses>684100001</misses>
				<total>0</total>
				<timestamp>5954.952728</timestamp>
			</report>
			<report>
				<misses>684200001</misses>
				<total>0</total>
				<timestamp>5955.810209</timestamp>
			</report>
			<report>
				<misses>684300001</misses>
				<total>0</total>
				<timestamp>5956.682158</timestamp>
			</report>
			<report>
				<misses>684400001</misses>
				<total>0</total>
				<timestamp>5957.542564</timestamp>
			</report>
			<report>
				<misses>684500001</misses>
				<total>0</total>
				<timestamp>5958.408342</timestamp>
			</report>
			<report>
				<misses>684600001</misses>
				<total>0</total>
				<timestamp>5959.276619</timestamp>
			</report>
			<report>
				<misses>684700001</misses>
				<total>0</total>
				<timestamp>5960.147956</timestamp>
			</report>
			<report>
				<misses>684800001</misses>
				<total>0</total>
				<timestamp>5961.003432</timestamp>
			</report>
			<report>
				<misses>684900001</misses>
				<total>0</total>
				<timestamp>5961.875368</timestamp>
			</report>
			<report>
				<misses>685000001</misses>
				<total>0</total>
				<timestamp>5962.738475</timestamp>
			</report>
			<report>
				<misses>685100001</misses>
				<total>0</total>
				<timestamp>5963.603912</timestamp>
			</report>
			<report>
				<misses>685200001</misses>
				<total>0</total>
				<timestamp>5964.484052</timestamp>
			</report>
			<report>
				<misses>685300001</misses>
				<total>0</total>
				<timestamp>5965.351081</timestamp>
			</report>
			<report>
				<misses>685400001</misses>
				<total>0</total>
				<timestamp>5966.223450</timestamp>
			</report>
			<report>
				<misses>685500001</misses>
				<total>0</total>
				<timestamp>5967.088783</timestamp>
			</report>
			<report>
				<misses>685600001</misses>
				<total>0</total>
				<timestamp>5967.948818</timestamp>
			</report>
			<report>
				<misses>685700001</misses>
				<total>0</total>
				<timestamp>5968.810702</timestamp>
			</report>
			<report>
				<misses>685800001</misses>
				<total>0</total>
				<timestamp>5969.675848</timestamp>
			</report>
			<report>
				<misses>685900001</misses>
				<total>0</total>
				<timestamp>5970.529991</timestamp>
			</report>
			<report>
				<misses>686000001</misses>
				<total>0</total>
				<timestamp>5971.404557</timestamp>
			</report>
			<report>
				<misses>686100001</misses>
				<total>0</total>
				<timestamp>5972.287118</timestamp>
			</report>
			<report>
				<misses>686200001</misses>
				<total>0</total>
				<timestamp>5973.164980</timestamp>
			</report>
			<report>
				<misses>686300001</misses>
				<total>0</total>
				<timestamp>5974.036904</timestamp>
			</report>
			<report>
				<misses>686400001</misses>
				<total>0</total>
				<timestamp>5974.918369</timestamp>
			</report>
			<report>
				<misses>686500001</misses>
				<total>0</total>
				<timestamp>5975.807416</timestamp>
			</report>
			<report>
				<misses>686600001</misses>
				<total>0</total>
				<timestamp>5976.682228</timestamp>
			</report>
			<report>
				<misses>686700001</misses>
				<total>0</total>
				<timestamp>5977.552471</timestamp>
			</report>
			<report>
				<misses>686800001</misses>
				<total>0</total>
				<timestamp>5978.425805</timestamp>
			</report>
			<report>
				<misses>686900001</misses>
				<total>0</total>
				<timestamp>5979.296773</timestamp>
			</report>
			<report>
				<misses>687000001</misses>
				<total>0</total>
				<timestamp>5980.163982</timestamp>
			</report>
			<report>
				<misses>687100001</misses>
				<total>0</total>
				<timestamp>5981.040654</timestamp>
			</report>
			<report>
				<misses>687200001</misses>
				<total>0</total>
				<timestamp>5981.905511</timestamp>
			</report>
			<report>
				<misses>687300001</misses>
				<total>0</total>
				<timestamp>5982.766192</timestamp>
			</report>
			<report>
				<misses>687400001</misses>
				<total>0</total>
				<timestamp>5983.641970</timestamp>
			</report>
			<report>
				<misses>687500001</misses>
				<total>0</total>
				<timestamp>5984.518120</timestamp>
			</report>
			<report>
				<misses>687600001</misses>
				<total>0</total>
				<timestamp>5985.374718</timestamp>
			</report>
			<report>
				<misses>687700001</misses>
				<total>0</total>
				<timestamp>5986.248851</timestamp>
			</report>
			<report>
				<misses>687800001</misses>
				<total>0</total>
				<timestamp>5987.092678</timestamp>
			</report>
			<report>
				<misses>687900001</misses>
				<total>0</total>
				<timestamp>5987.958607</timestamp>
			</report>
			<report>
				<misses>688000001</misses>
				<total>0</total>
				<timestamp>5988.821004</timestamp>
			</report>
			<report>
				<misses>688100001</misses>
				<total>0</total>
				<timestamp>5989.682656</timestamp>
			</report>
			<report>
				<misses>688200001</misses>
				<total>0</total>
				<timestamp>5990.535253</timestamp>
			</report>
			<report>
				<misses>688300001</misses>
				<total>0</total>
				<timestamp>5991.410595</timestamp>
			</report>
			<report>
				<misses>688400001</misses>
				<total>0</total>
				<timestamp>5992.282876</timestamp>
			</report>
			<report>
				<misses>688500001</misses>
				<total>0</total>
				<timestamp>5993.153697</timestamp>
			</report>
			<report>
				<misses>688600001</misses>
				<total>0</total>
				<timestamp>5994.015222</timestamp>
			</report>
			<report>
				<misses>688700001</misses>
				<total>0</total>
				<timestamp>5994.880303</timestamp>
			</report>
			<report>
				<misses>688800001</misses>
				<total>0</total>
				<timestamp>5995.749108</timestamp>
			</report>
			<report>
				<misses>688900001</misses>
				<total>0</total>
				<timestamp>5996.618393</timestamp>
			</report>
			<report>
				<misses>689000001</misses>
				<total>0</total>
				<timestamp>5997.477960</timestamp>
			</report>
			<report>
				<misses>689100001</misses>
				<total>0</total>
				<timestamp>5998.343159</timestamp>
			</report>
			<report>
				<misses>689200001</misses>
				<total>0</total>
				<timestamp>5999.209394</timestamp>
			</report>
			<report>
				<misses>689300001</misses>
				<total>0</total>
				<timestamp>6000.075921</timestamp>
			</report>
			<report>
				<misses>689400001</misses>
				<total>0</total>
				<timestamp>6000.952922</timestamp>
			</report>
			<report>
				<misses>689500001</misses>
				<total>0</total>
				<timestamp>6001.845390</timestamp>
			</report>
			<report>
				<misses>689600001</misses>
				<total>0</total>
				<timestamp>6002.719762</timestamp>
			</report>
			<report>
				<misses>689700001</misses>
				<total>0</total>
				<timestamp>6003.599992</timestamp>
			</report>
			<report>
				<misses>689800001</misses>
				<total>0</total>
				<timestamp>6004.471784</timestamp>
			</report>
			<report>
				<misses>689900001</misses>
				<total>0</total>
				<timestamp>6005.337080</timestamp>
			</report>
			<report>
				<misses>690000001</misses>
				<total>0</total>
				<timestamp>6006.196120</timestamp>
			</report>
			<report>
				<misses>690100001</misses>
				<total>0</total>
				<timestamp>6007.043185</timestamp>
			</report>
			<report>
				<misses>690200001</misses>
				<total>0</total>
				<timestamp>6007.905899</timestamp>
			</report>
			<report>
				<misses>690300001</misses>
				<total>0</total>
				<timestamp>6008.773161</timestamp>
			</report>
			<report>
				<misses>690400001</misses>
				<total>0</total>
				<timestamp>6009.640570</timestamp>
			</report>
			<report>
				<misses>690500001</misses>
				<total>0</total>
				<timestamp>6010.511345</timestamp>
			</report>
			<report>
				<misses>690600001</misses>
				<total>0</total>
				<timestamp>6011.386446</timestamp>
			</report>
			<report>
				<misses>690700001</misses>
				<total>0</total>
				<timestamp>6012.251080</timestamp>
			</report>
			<report>
				<misses>690800001</misses>
				<total>0</total>
				<timestamp>6013.126382</timestamp>
			</report>
			<report>
				<misses>690900001</misses>
				<total>0</total>
				<timestamp>6013.983176</timestamp>
			</report>
			<report>
				<misses>691000001</misses>
				<total>0</total>
				<timestamp>6014.854471</timestamp>
			</report>
			<report>
				<misses>691100001</misses>
				<total>0</total>
				<timestamp>6015.738170</timestamp>
			</report>
			<report>
				<misses>691200001</misses>
				<total>0</total>
				<timestamp>6016.602924</timestamp>
			</report>
			<report>
				<misses>691300001</misses>
				<total>0</total>
				<timestamp>6017.468087</timestamp>
			</report>
			<report>
				<misses>691400001</misses>
				<total>0</total>
				<timestamp>6018.342063</timestamp>
			</report>
			<report>
				<misses>691500001</misses>
				<total>0</total>
				<timestamp>6019.204104</timestamp>
			</report>
			<report>
				<misses>691600001</misses>
				<total>0</total>
				<timestamp>6020.083307</timestamp>
			</report>
			<report>
				<misses>691700001</misses>
				<total>0</total>
				<timestamp>6020.959449</timestamp>
			</report>
			<report>
				<misses>691800001</misses>
				<total>0</total>
				<timestamp>6021.824425</timestamp>
			</report>
			<report>
				<misses>691900001</misses>
				<total>0</total>
				<timestamp>6022.683822</timestamp>
			</report>
			<report>
				<misses>692000001</misses>
				<total>0</total>
				<timestamp>6023.553024</timestamp>
			</report>
			<report>
				<misses>692100001</misses>
				<total>0</total>
				<timestamp>6024.410812</timestamp>
			</report>
			<report>
				<misses>692200001</misses>
				<total>0</total>
				<timestamp>6025.269362</timestamp>
			</report>
			<report>
				<misses>692300001</misses>
				<total>0</total>
				<timestamp>6026.145997</timestamp>
			</report>
			<report>
				<misses>692400001</misses>
				<total>0</total>
				<timestamp>6027.022333</timestamp>
			</report>
			<report>
				<misses>692500001</misses>
				<total>0</total>
				<timestamp>6027.900005</timestamp>
			</report>
			<report>
				<misses>692600001</misses>
				<total>0</total>
				<timestamp>6028.788250</timestamp>
			</report>
			<report>
				<misses>692700001</misses>
				<total>0</total>
				<timestamp>6029.665705</timestamp>
			</report>
			<report>
				<misses>692800001</misses>
				<total>0</total>
				<timestamp>6030.549735</timestamp>
			</report>
			<report>
				<misses>692900001</misses>
				<total>0</total>
				<timestamp>6031.425910</timestamp>
			</report>
			<report>
				<misses>693000001</misses>
				<total>0</total>
				<timestamp>6032.307566</timestamp>
			</report>
			<report>
				<misses>693100001</misses>
				<total>0</total>
				<timestamp>6033.196299</timestamp>
			</report>
			<report>
				<misses>693200001</misses>
				<total>0</total>
				<timestamp>6034.065575</timestamp>
			</report>
			<report>
				<misses>693300001</misses>
				<total>0</total>
				<timestamp>6034.939298</timestamp>
			</report>
			<report>
				<misses>693400001</misses>
				<total>0</total>
				<timestamp>6035.811999</timestamp>
			</report>
			<report>
				<misses>693500001</misses>
				<total>0</total>
				<timestamp>6036.690219</timestamp>
			</report>
			<report>
				<misses>693600001</misses>
				<total>0</total>
				<timestamp>6037.561967</timestamp>
			</report>
			<report>
				<misses>693700001</misses>
				<total>0</total>
				<timestamp>6038.427865</timestamp>
			</report>
			<report>
				<misses>693800001</misses>
				<total>0</total>
				<timestamp>6039.298830</timestamp>
			</report>
			<report>
				<misses>693900001</misses>
				<total>0</total>
				<timestamp>6040.176261</timestamp>
			</report>
			<report>
				<misses>694000001</misses>
				<total>0</total>
				<timestamp>6041.042143</timestamp>
			</report>
			<report>
				<misses>694100001</misses>
				<total>0</total>
				<timestamp>6041.903368</timestamp>
			</report>
			<report>
				<misses>694200001</misses>
				<total>0</total>
				<timestamp>6042.765754</timestamp>
			</report>
			<report>
				<misses>694300001</misses>
				<total>0</total>
				<timestamp>6043.635805</timestamp>
			</report>
			<report>
				<misses>694400001</misses>
				<total>0</total>
				<timestamp>6044.507002</timestamp>
			</report>
			<report>
				<misses>694500001</misses>
				<total>0</total>
				<timestamp>6045.375553</timestamp>
			</report>
			<report>
				<misses>694600001</misses>
				<total>0</total>
				<timestamp>6046.251698</timestamp>
			</report>
			<report>
				<misses>694700001</misses>
				<total>0</total>
				<timestamp>6047.109109</timestamp>
			</report>
			<report>
				<misses>694800001</misses>
				<total>0</total>
				<timestamp>6047.971754</timestamp>
			</report>
			<report>
				<misses>694900001</misses>
				<total>0</total>
				<timestamp>6048.831595</timestamp>
			</report>
			<report>
				<misses>695000001</misses>
				<total>0</total>
				<timestamp>6049.693308</timestamp>
			</report>
			<report>
				<misses>695100001</misses>
				<total>0</total>
				<timestamp>6050.560832</timestamp>
			</report>
			<report>
				<misses>695200001</misses>
				<total>0</total>
				<timestamp>6051.427848</timestamp>
			</report>
			<report>
				<misses>695300001</misses>
				<total>0</total>
				<timestamp>6052.295239</timestamp>
			</report>
			<report>
				<misses>695400001</misses>
				<total>0</total>
				<timestamp>6053.161229</timestamp>
			</report>
			<report>
				<misses>695500001</misses>
				<total>0</total>
				<timestamp>6054.038583</timestamp>
			</report>
			<report>
				<misses>695600001</misses>
				<total>0</total>
				<timestamp>6054.906787</timestamp>
			</report>
			<report>
				<misses>695700001</misses>
				<total>0</total>
				<timestamp>6055.780428</timestamp>
			</report>
			<report>
				<misses>695800001</misses>
				<total>0</total>
				<timestamp>6056.636564</timestamp>
			</report>
			<report>
				<misses>695900001</misses>
				<total>0</total>
				<timestamp>6057.521997</timestamp>
			</report>
			<report>
				<misses>696000001</misses>
				<total>0</total>
				<timestamp>6058.394659</timestamp>
			</report>
			<report>
				<misses>696100001</misses>
				<total>0</total>
				<timestamp>6059.264375</timestamp>
			</report>
			<report>
				<misses>696200001</misses>
				<total>0</total>
				<timestamp>6060.143105</timestamp>
			</report>
			<report>
				<misses>696300001</misses>
				<total>0</total>
				<timestamp>6061.032364</timestamp>
			</report>
			<report>
				<misses>696400001</misses>
				<total>0</total>
				<timestamp>6061.904526</timestamp>
			</report>
			<report>
				<misses>696500001</misses>
				<total>0</total>
				<timestamp>6062.763144</timestamp>
			</report>
			<report>
				<misses>696600001</misses>
				<total>0</total>
				<timestamp>6063.646198</timestamp>
			</report>
			<report>
				<misses>696700001</misses>
				<total>0</total>
				<timestamp>6064.511777</timestamp>
			</report>
			<report>
				<misses>696800001</misses>
				<total>0</total>
				<timestamp>6065.387566</timestamp>
			</report>
			<report>
				<misses>696900001</misses>
				<total>0</total>
				<timestamp>6066.253941</timestamp>
			</report>
			<report>
				<misses>697000001</misses>
				<total>0</total>
				<timestamp>6067.119514</timestamp>
			</report>
			<report>
				<misses>697100001</misses>
				<total>0</total>
				<timestamp>6067.989523</timestamp>
			</report>
			<report>
				<misses>697200001</misses>
				<total>0</total>
				<timestamp>6068.859008</timestamp>
			</report>
			<report>
				<misses>697300001</misses>
				<total>0</total>
				<timestamp>6069.731774</timestamp>
			</report>
			<report>
				<misses>697400001</misses>
				<total>0</total>
				<timestamp>6070.597529</timestamp>
			</report>
			<report>
				<misses>697500001</misses>
				<total>0</total>
				<timestamp>6071.463747</timestamp>
			</report>
			<report>
				<misses>697600001</misses>
				<total>0</total>
				<timestamp>6072.325073</timestamp>
			</report>
			<report>
				<misses>697700001</misses>
				<total>0</total>
				<timestamp>6073.194674</timestamp>
			</report>
			<report>
				<misses>697800001</misses>
				<total>0</total>
				<timestamp>6074.023194</timestamp>
			</report>
			<report>
				<misses>697900001</misses>
				<total>0</total>
				<timestamp>6074.882325</timestamp>
			</report>
			<report>
				<misses>698000001</misses>
				<total>0</total>
				<timestamp>6075.748328</timestamp>
			</report>
			<report>
				<misses>698100001</misses>
				<total>0</total>
				<timestamp>6076.629592</timestamp>
			</report>
			<report>
				<misses>698200001</misses>
				<total>0</total>
				<timestamp>6077.507230</timestamp>
			</report>
			<report>
				<misses>698300001</misses>
				<total>0</total>
				<timestamp>6078.390445</timestamp>
			</report>
			<report>
				<misses>698400001</misses>
				<total>0</total>
				<timestamp>6079.251241</timestamp>
			</report>
			<report>
				<misses>698500001</misses>
				<total>0</total>
				<timestamp>6080.123817</timestamp>
			</report>
			<report>
				<misses>698600001</misses>
				<total>0</total>
				<timestamp>6080.995855</timestamp>
			</report>
			<report>
				<misses>698700001</misses>
				<total>0</total>
				<timestamp>6081.864441</timestamp>
			</report>
			<report>
				<misses>698800001</misses>
				<total>0</total>
				<timestamp>6082.730185</timestamp>
			</report>
			<report>
				<misses>698900001</misses>
				<total>0</total>
				<timestamp>6083.595351</timestamp>
			</report>
			<report>
				<misses>699000001</misses>
				<total>0</total>
				<timestamp>6084.480484</timestamp>
			</report>
			<report>
				<misses>699100001</misses>
				<total>0</total>
				<timestamp>6085.348524</timestamp>
			</report>
			<report>
				<misses>699200001</misses>
				<total>0</total>
				<timestamp>6086.228009</timestamp>
			</report>
			<report>
				<misses>699300001</misses>
				<total>0</total>
				<timestamp>6087.096127</timestamp>
			</report>
			<report>
				<misses>699400001</misses>
				<total>0</total>
				<timestamp>6087.966473</timestamp>
			</report>
			<report>
				<misses>699500001</misses>
				<total>0</total>
				<timestamp>6088.849782</timestamp>
			</report>
			<report>
				<misses>699600001</misses>
				<total>0</total>
				<timestamp>6089.735697</timestamp>
			</report>
			<report>
				<misses>699700001</misses>
				<total>0</total>
				<timestamp>6090.611844</timestamp>
			</report>
			<report>
				<misses>699800001</misses>
				<total>0</total>
				<timestamp>6091.494905</timestamp>
			</report>
			<report>
				<misses>699900001</misses>
				<total>0</total>
				<timestamp>6092.365106</timestamp>
			</report>
			<report>
				<misses>700000001</misses>
				<total>0</total>
				<timestamp>6093.234746</timestamp>
			</report>
			<report>
				<misses>700100001</misses>
				<total>0</total>
				<timestamp>6094.091464</timestamp>
			</report>
			<report>
				<misses>700200001</misses>
				<total>0</total>
				<timestamp>6094.964034</timestamp>
			</report>
			<report>
				<misses>700300001</misses>
				<total>0</total>
				<timestamp>6095.839366</timestamp>
			</report>
			<report>
				<misses>700400001</misses>
				<total>0</total>
				<timestamp>6096.705538</timestamp>
			</report>
			<report>
				<misses>700500001</misses>
				<total>0</total>
				<timestamp>6097.574349</timestamp>
			</report>
			<report>
				<misses>700600001</misses>
				<total>0</total>
				<timestamp>6098.435580</timestamp>
			</report>
			<report>
				<misses>700700001</misses>
				<total>0</total>
				<timestamp>6099.299104</timestamp>
			</report>
			<report>
				<misses>700800001</misses>
				<total>0</total>
				<timestamp>6100.167648</timestamp>
			</report>
			<report>
				<misses>700900001</misses>
				<total>0</total>
				<timestamp>6101.026705</timestamp>
			</report>
			<report>
				<misses>701000001</misses>
				<total>0</total>
				<timestamp>6101.901204</timestamp>
			</report>
			<report>
				<misses>701100001</misses>
				<total>0</total>
				<timestamp>6102.773553</timestamp>
			</report>
			<report>
				<misses>701200001</misses>
				<total>0</total>
				<timestamp>6103.631344</timestamp>
			</report>
			<report>
				<misses>701300001</misses>
				<total>0</total>
				<timestamp>6104.487962</timestamp>
			</report>
			<report>
				<misses>701400001</misses>
				<total>0</total>
				<timestamp>6105.343551</timestamp>
			</report>
			<report>
				<misses>701500001</misses>
				<total>0</total>
				<timestamp>6106.206717</timestamp>
			</report>
			<report>
				<misses>701600001</misses>
				<total>0</total>
				<timestamp>6107.072753</timestamp>
			</report>
			<report>
				<misses>701700001</misses>
				<total>0</total>
				<timestamp>6107.953357</timestamp>
			</report>
			<report>
				<misses>701800001</misses>
				<total>0</total>
				<timestamp>6108.816197</timestamp>
			</report>
			<report>
				<misses>701900001</misses>
				<total>0</total>
				<timestamp>6109.685703</timestamp>
			</report>
			<report>
				<misses>702000001</misses>
				<total>0</total>
				<timestamp>6110.558137</timestamp>
			</report>
			<report>
				<misses>702100001</misses>
				<total>0</total>
				<timestamp>6111.442579</timestamp>
			</report>
			<report>
				<misses>702200001</misses>
				<total>0</total>
				<timestamp>6112.300634</timestamp>
			</report>
			<report>
				<misses>702300001</misses>
				<total>0</total>
				<timestamp>6113.168889</timestamp>
			</report>
			<report>
				<misses>702400001</misses>
				<total>0</total>
				<timestamp>6114.038523</timestamp>
			</report>
			<report>
				<misses>702500001</misses>
				<total>0</total>
				<timestamp>6114.915370</timestamp>
			</report>
			<report>
				<misses>702600001</misses>
				<total>0</total>
				<timestamp>6115.780845</timestamp>
			</report>
			<report>
				<misses>702700001</misses>
				<total>0</total>
				<timestamp>6116.646429</timestamp>
			</report>
			<report>
				<misses>702800001</misses>
				<total>0</total>
				<timestamp>6117.528714</timestamp>
			</report>
			<report>
				<misses>702900001</misses>
				<total>0</total>
				<timestamp>6118.391314</timestamp>
			</report>
			<report>
				<misses>703000001</misses>
				<total>0</total>
				<timestamp>6119.236860</timestamp>
			</report>
			<report>
				<misses>703100001</misses>
				<total>0</total>
				<timestamp>6120.109019</timestamp>
			</report>
			<report>
				<misses>703200001</misses>
				<total>0</total>
				<timestamp>6120.978223</timestamp>
			</report>
			<report>
				<misses>703300001</misses>
				<total>0</total>
				<timestamp>6121.852141</timestamp>
			</report>
			<report>
				<misses>703400001</misses>
				<total>0</total>
				<timestamp>6122.725137</timestamp>
			</report>
			<report>
				<misses>703500001</misses>
				<total>0</total>
				<timestamp>6123.601079</timestamp>
			</report>
			<report>
				<misses>703600001</misses>
				<total>0</total>
				<timestamp>6124.472389</timestamp>
			</report>
			<report>
				<misses>703700001</misses>
				<total>0</total>
				<timestamp>6125.336143</timestamp>
			</report>
			<report>
				<misses>703800001</misses>
				<total>0</total>
				<timestamp>6126.205177</timestamp>
			</report>
			<report>
				<misses>703900001</misses>
				<total>0</total>
				<timestamp>6127.075229</timestamp>
			</report>
			<report>
				<misses>704000001</misses>
				<total>0</total>
				<timestamp>6127.949637</timestamp>
			</report>
			<report>
				<misses>704100001</misses>
				<total>0</total>
				<timestamp>6128.823971</timestamp>
			</report>
			<report>
				<misses>704200001</misses>
				<total>0</total>
				<timestamp>6129.695516</timestamp>
			</report>
			<report>
				<misses>704300001</misses>
				<total>0</total>
				<timestamp>6130.580277</timestamp>
			</report>
			<report>
				<misses>704400001</misses>
				<total>0</total>
				<timestamp>6131.456649</timestamp>
			</report>
			<report>
				<misses>704500001</misses>
				<total>0</total>
				<timestamp>6132.332293</timestamp>
			</report>
			<report>
				<misses>704600001</misses>
				<total>0</total>
				<timestamp>6133.224372</timestamp>
			</report>
			<report>
				<misses>704700001</misses>
				<total>0</total>
				<timestamp>6134.097205</timestamp>
			</report>
			<report>
				<misses>704800001</misses>
				<total>0</total>
				<timestamp>6134.977076</timestamp>
			</report>
			<report>
				<misses>704900001</misses>
				<total>0</total>
				<timestamp>6135.850359</timestamp>
			</report>
			<report>
				<misses>705000001</misses>
				<total>0</total>
				<timestamp>6136.715429</timestamp>
			</report>
			<report>
				<misses>705100001</misses>
				<total>0</total>
				<timestamp>6137.576942</timestamp>
			</report>
			<report>
				<misses>705200001</misses>
				<total>0</total>
				<timestamp>6138.445985</timestamp>
			</report>
			<report>
				<misses>705300001</misses>
				<total>0</total>
				<timestamp>6139.313542</timestamp>
			</report>
			<report>
				<misses>705400001</misses>
				<total>0</total>
				<timestamp>6140.189551</timestamp>
			</report>
			<report>
				<misses>705500001</misses>
				<total>0</total>
				<timestamp>6141.069388</timestamp>
			</report>
			<report>
				<misses>705600001</misses>
				<total>0</total>
				<timestamp>6141.937682</timestamp>
			</report>
			<report>
				<misses>705700001</misses>
				<total>0</total>
				<timestamp>6142.809429</timestamp>
			</report>
			<report>
				<misses>705800001</misses>
				<total>0</total>
				<timestamp>6143.676089</timestamp>
			</report>
			<report>
				<misses>705900001</misses>
				<total>0</total>
				<timestamp>6144.539131</timestamp>
			</report>
			<report>
				<misses>706000001</misses>
				<total>0</total>
				<timestamp>6145.410858</timestamp>
			</report>
			<report>
				<misses>706100001</misses>
				<total>0</total>
				<timestamp>6146.286690</timestamp>
			</report>
			<report>
				<misses>706200001</misses>
				<total>0</total>
				<timestamp>6147.161508</timestamp>
			</report>
			<report>
				<misses>706300001</misses>
				<total>0</total>
				<timestamp>6148.023060</timestamp>
			</report>
			<report>
				<misses>706400001</misses>
				<total>0</total>
				<timestamp>6148.881022</timestamp>
			</report>
			<report>
				<misses>706500001</misses>
				<total>0</total>
				<timestamp>6149.751741</timestamp>
			</report>
			<report>
				<misses>706600001</misses>
				<total>0</total>
				<timestamp>6150.629451</timestamp>
			</report>
			<report>
				<misses>706700001</misses>
				<total>0</total>
				<timestamp>6151.505228</timestamp>
			</report>
			<report>
				<misses>706800001</misses>
				<total>0</total>
				<timestamp>6152.386281</timestamp>
			</report>
			<report>
				<misses>706900001</misses>
				<total>0</total>
				<timestamp>6153.253947</timestamp>
			</report>
			<report>
				<misses>707000001</misses>
				<total>0</total>
				<timestamp>6154.126680</timestamp>
			</report>
			<report>
				<misses>707100001</misses>
				<total>0</total>
				<timestamp>6155.002034</timestamp>
			</report>
			<report>
				<misses>707200001</misses>
				<total>0</total>
				<timestamp>6155.868513</timestamp>
			</report>
			<report>
				<misses>707300001</misses>
				<total>0</total>
				<timestamp>6156.736890</timestamp>
			</report>
			<report>
				<misses>707400001</misses>
				<total>0</total>
				<timestamp>6157.611325</timestamp>
			</report>
			<report>
				<misses>707500001</misses>
				<total>0</total>
				<timestamp>6158.474298</timestamp>
			</report>
			<report>
				<misses>707600001</misses>
				<total>0</total>
				<timestamp>6159.349572</timestamp>
			</report>
			<report>
				<misses>707700001</misses>
				<total>0</total>
				<timestamp>6160.216131</timestamp>
			</report>
			<report>
				<misses>707800001</misses>
				<total>0</total>
				<timestamp>6161.093519</timestamp>
			</report>
			<report>
				<misses>707900001</misses>
				<total>0</total>
				<timestamp>6161.963478</timestamp>
			</report>
			<report>
				<misses>708000001</misses>
				<total>0</total>
				<timestamp>6162.829511</timestamp>
			</report>
			<report>
				<misses>708100001</misses>
				<total>0</total>
				<timestamp>6163.699993</timestamp>
			</report>
			<report>
				<misses>708200001</misses>
				<total>0</total>
				<timestamp>6164.565857</timestamp>
			</report>
			<report>
				<misses>708300001</misses>
				<total>0</total>
				<timestamp>6165.434230</timestamp>
			</report>
			<report>
				<misses>708400001</misses>
				<total>0</total>
				<timestamp>6166.300661</timestamp>
			</report>
			<report>
				<misses>708500001</misses>
				<total>0</total>
				<timestamp>6167.162125</timestamp>
			</report>
			<report>
				<misses>708600001</misses>
				<total>0</total>
				<timestamp>6168.029603</timestamp>
			</report>
			<report>
				<misses>708700001</misses>
				<total>0</total>
				<timestamp>6168.905630</timestamp>
			</report>
			<report>
				<misses>708800001</misses>
				<total>0</total>
				<timestamp>6169.773662</timestamp>
			</report>
			<report>
				<misses>708900001</misses>
				<total>0</total>
				<timestamp>6170.652416</timestamp>
			</report>
			<report>
				<misses>709000001</misses>
				<total>0</total>
				<timestamp>6171.526889</timestamp>
			</report>
			<report>
				<misses>709100001</misses>
				<total>0</total>
				<timestamp>6172.404147</timestamp>
			</report>
			<report>
				<misses>709200001</misses>
				<total>0</total>
				<timestamp>6173.278522</timestamp>
			</report>
			<report>
				<misses>709300001</misses>
				<total>0</total>
				<timestamp>6174.148295</timestamp>
			</report>
			<report>
				<misses>709400001</misses>
				<total>0</total>
				<timestamp>6175.013542</timestamp>
			</report>
			<report>
				<misses>709500001</misses>
				<total>0</total>
				<timestamp>6175.884171</timestamp>
			</report>
			<report>
				<misses>709600001</misses>
				<total>0</total>
				<timestamp>6176.749967</timestamp>
			</report>
			<report>
				<misses>709700001</misses>
				<total>0</total>
				<timestamp>6177.629273</timestamp>
			</report>
			<report>
				<misses>709800001</misses>
				<total>0</total>
				<timestamp>6178.512992</timestamp>
			</report>
			<report>
				<misses>709900001</misses>
				<total>0</total>
				<timestamp>6179.386422</timestamp>
			</report>
			<report>
				<misses>710000001</misses>
				<total>0</total>
				<timestamp>6180.281322</timestamp>
			</report>
			<report>
				<misses>710100001</misses>
				<total>0</total>
				<timestamp>6181.165692</timestamp>
			</report>
			<report>
				<misses>710200001</misses>
				<total>0</total>
				<timestamp>6182.062412</timestamp>
			</report>
			<report>
				<misses>710300001</misses>
				<total>0</total>
				<timestamp>6182.931473</timestamp>
			</report>
			<report>
				<misses>710400001</misses>
				<total>0</total>
				<timestamp>6183.809363</timestamp>
			</report>
			<report>
				<misses>710500001</misses>
				<total>0</total>
				<timestamp>6184.679013</timestamp>
			</report>
			<report>
				<misses>710600001</misses>
				<total>0</total>
				<timestamp>6185.551280</timestamp>
			</report>
			<report>
				<misses>710700001</misses>
				<total>0</total>
				<timestamp>6186.423260</timestamp>
			</report>
			<report>
				<misses>710800001</misses>
				<total>0</total>
				<timestamp>6187.299906</timestamp>
			</report>
			<report>
				<misses>710900001</misses>
				<total>0</total>
				<timestamp>6188.170917</timestamp>
			</report>
			<report>
				<misses>711000001</misses>
				<total>0</total>
				<timestamp>6189.021609</timestamp>
			</report>
			<report>
				<misses>711100001</misses>
				<total>0</total>
				<timestamp>6189.888918</timestamp>
			</report>
			<report>
				<misses>711200001</misses>
				<total>0</total>
				<timestamp>6190.762443</timestamp>
			</report>
			<report>
				<misses>711300001</misses>
				<total>0</total>
				<timestamp>6191.630111</timestamp>
			</report>
			<report>
				<misses>711400001</misses>
				<total>0</total>
				<timestamp>6192.495757</timestamp>
			</report>
			<report>
				<misses>711500001</misses>
				<total>0</total>
				<timestamp>6193.351904</timestamp>
			</report>
			<report>
				<misses>711600001</misses>
				<total>0</total>
				<timestamp>6194.208766</timestamp>
			</report>
			<report>
				<misses>711700001</misses>
				<total>0</total>
				<timestamp>6195.069319</timestamp>
			</report>
			<report>
				<misses>711800001</misses>
				<total>0</total>
				<timestamp>6195.924246</timestamp>
			</report>
			<report>
				<misses>711900001</misses>
				<total>0</total>
				<timestamp>6196.794813</timestamp>
			</report>
			<report>
				<misses>712000001</misses>
				<total>0</total>
				<timestamp>6197.665520</timestamp>
			</report>
			<report>
				<misses>712100001</misses>
				<total>0</total>
				<timestamp>6198.528342</timestamp>
			</report>
			<report>
				<misses>712200001</misses>
				<total>0</total>
				<timestamp>6199.394575</timestamp>
			</report>
			<report>
				<misses>712300001</misses>
				<total>0</total>
				<timestamp>6200.260291</timestamp>
			</report>
			<report>
				<misses>712400001</misses>
				<total>0</total>
				<timestamp>6201.139695</timestamp>
			</report>
			<report>
				<misses>712500001</misses>
				<total>0</total>
				<timestamp>6202.014879</timestamp>
			</report>
			<report>
				<misses>712600001</misses>
				<total>0</total>
				<timestamp>6202.889563</timestamp>
			</report>
			<report>
				<misses>712700001</misses>
				<total>0</total>
				<timestamp>6203.759742</timestamp>
			</report>
			<report>
				<misses>712800001</misses>
				<total>0</total>
				<timestamp>6204.635823</timestamp>
			</report>
			<report>
				<misses>712900001</misses>
				<total>0</total>
				<timestamp>6205.501117</timestamp>
			</report>
			<report>
				<misses>713000001</misses>
				<total>0</total>
				<timestamp>6206.368238</timestamp>
			</report>
			<report>
				<misses>713100001</misses>
				<total>0</total>
				<timestamp>6207.235106</timestamp>
			</report>
			<report>
				<misses>713200001</misses>
				<total>0</total>
				<timestamp>6208.110337</timestamp>
			</report>
			<report>
				<misses>713300001</misses>
				<total>0</total>
				<timestamp>6208.970420</timestamp>
			</report>
			<report>
				<misses>713400001</misses>
				<total>0</total>
				<timestamp>6209.847667</timestamp>
			</report>
			<report>
				<misses>713500001</misses>
				<total>0</total>
				<timestamp>6210.714211</timestamp>
			</report>
			<report>
				<misses>713600001</misses>
				<total>0</total>
				<timestamp>6211.591499</timestamp>
			</report>
			<report>
				<misses>713700001</misses>
				<total>0</total>
				<timestamp>6212.458679</timestamp>
			</report>
			<report>
				<misses>713800001</misses>
				<total>0</total>
				<timestamp>6213.303534</timestamp>
			</report>
			<report>
				<misses>713900001</misses>
				<total>0</total>
				<timestamp>6214.156327</timestamp>
			</report>
			<report>
				<misses>714000001</misses>
				<total>0</total>
				<timestamp>6215.038237</timestamp>
			</report>
			<report>
				<misses>714100001</misses>
				<total>0</total>
				<timestamp>6215.899111</timestamp>
			</report>
			<report>
				<misses>714200001</misses>
				<total>0</total>
				<timestamp>6216.771445</timestamp>
			</report>
			<report>
				<misses>714300001</misses>
				<total>0</total>
				<timestamp>6217.642989</timestamp>
			</report>
			<report>
				<misses>714400001</misses>
				<total>0</total>
				<timestamp>6218.502226</timestamp>
			</report>
			<report>
				<misses>714500001</misses>
				<total>0</total>
				<timestamp>6219.365434</timestamp>
			</report>
			<report>
				<misses>714600001</misses>
				<total>0</total>
				<timestamp>6220.236768</timestamp>
			</report>
			<report>
				<misses>714700001</misses>
				<total>0</total>
				<timestamp>6221.101863</timestamp>
			</report>
			<report>
				<misses>714800001</misses>
				<total>0</total>
				<timestamp>6221.961601</timestamp>
			</report>
			<report>
				<misses>714900001</misses>
				<total>0</total>
				<timestamp>6222.849983</timestamp>
			</report>
			<report>
				<misses>715000001</misses>
				<total>0</total>
				<timestamp>6223.729619</timestamp>
			</report>
			<report>
				<misses>715100001</misses>
				<total>0</total>
				<timestamp>6224.621283</timestamp>
			</report>
			<report>
				<misses>715200001</misses>
				<total>0</total>
				<timestamp>6225.503736</timestamp>
			</report>
			<report>
				<misses>715300001</misses>
				<total>0</total>
				<timestamp>6226.376065</timestamp>
			</report>
			<report>
				<misses>715400001</misses>
				<total>0</total>
				<timestamp>6227.258465</timestamp>
			</report>
			<report>
				<misses>715500001</misses>
				<total>0</total>
				<timestamp>6228.135720</timestamp>
			</report>
			<report>
				<misses>715600001</misses>
				<total>0</total>
				<timestamp>6229.005923</timestamp>
			</report>
			<report>
				<misses>715700001</misses>
				<total>0</total>
				<timestamp>6229.871496</timestamp>
			</report>
			<report>
				<misses>715800001</misses>
				<total>0</total>
				<timestamp>6230.729280</timestamp>
			</report>
			<report>
				<misses>715900001</misses>
				<total>0</total>
				<timestamp>6231.597434</timestamp>
			</report>
			<report>
				<misses>716000001</misses>
				<total>0</total>
				<timestamp>6232.463086</timestamp>
			</report>
			<report>
				<misses>716100001</misses>
				<total>0</total>
				<timestamp>6233.316442</timestamp>
			</report>
			<report>
				<misses>716200001</misses>
				<total>0</total>
				<timestamp>6234.169961</timestamp>
			</report>
			<report>
				<misses>716300001</misses>
				<total>0</total>
				<timestamp>6235.039400</timestamp>
			</report>
			<report>
				<misses>716400001</misses>
				<total>0</total>
				<timestamp>6235.914591</timestamp>
			</report>
			<report>
				<misses>716500001</misses>
				<total>0</total>
				<timestamp>6236.794133</timestamp>
			</report>
			<report>
				<misses>716600001</misses>
				<total>0</total>
				<timestamp>6237.665097</timestamp>
			</report>
			<report>
				<misses>716700001</misses>
				<total>0</total>
				<timestamp>6238.529040</timestamp>
			</report>
			<report>
				<misses>716800001</misses>
				<total>0</total>
				<timestamp>6239.390605</timestamp>
			</report>
			<report>
				<misses>716900001</misses>
				<total>0</total>
				<timestamp>6240.261787</timestamp>
			</report>
			<report>
				<misses>717000001</misses>
				<total>0</total>
				<timestamp>6241.129481</timestamp>
			</report>
			<report>
				<misses>717100001</misses>
				<total>0</total>
				<timestamp>6241.993653</timestamp>
			</report>
			<report>
				<misses>717200001</misses>
				<total>0</total>
				<timestamp>6242.862504</timestamp>
			</report>
			<report>
				<misses>717300001</misses>
				<total>0</total>
				<timestamp>6243.743689</timestamp>
			</report>
			<report>
				<misses>717400001</misses>
				<total>0</total>
				<timestamp>6244.612300</timestamp>
			</report>
			<report>
				<misses>717500001</misses>
				<total>0</total>
				<timestamp>6245.480301</timestamp>
			</report>
			<report>
				<misses>717600001</misses>
				<total>0</total>
				<timestamp>6246.365557</timestamp>
			</report>
			<report>
				<misses>717700001</misses>
				<total>0</total>
				<timestamp>6247.229000</timestamp>
			</report>
			<report>
				<misses>717800001</misses>
				<total>0</total>
				<timestamp>6248.110723</timestamp>
			</report>
			<report>
				<misses>717900001</misses>
				<total>0</total>
				<timestamp>6248.983842</timestamp>
			</report>
			<report>
				<misses>718000001</misses>
				<total>0</total>
				<timestamp>6249.850197</timestamp>
			</report>
			<report>
				<misses>718100001</misses>
				<total>0</total>
				<timestamp>6250.728835</timestamp>
			</report>
			<report>
				<misses>718200001</misses>
				<total>0</total>
				<timestamp>6251.594938</timestamp>
			</report>
			<report>
				<misses>718300001</misses>
				<total>0</total>
				<timestamp>6252.469082</timestamp>
			</report>
			<report>
				<misses>718400001</misses>
				<total>0</total>
				<timestamp>6253.346851</timestamp>
			</report>
			<report>
				<misses>718500001</misses>
				<total>0</total>
				<timestamp>6254.216818</timestamp>
			</report>
			<report>
				<misses>718600001</misses>
				<total>0</total>
				<timestamp>6255.081858</timestamp>
			</report>
			<report>
				<misses>718700001</misses>
				<total>0</total>
				<timestamp>6255.938246</timestamp>
			</report>
			<report>
				<misses>718800001</misses>
				<total>0</total>
				<timestamp>6256.811969</timestamp>
			</report>
			<report>
				<misses>718900001</misses>
				<total>0</total>
				<timestamp>6257.675775</timestamp>
			</report>
			<report>
				<misses>719000001</misses>
				<total>0</total>
				<timestamp>6258.550713</timestamp>
			</report>
			<report>
				<misses>719100001</misses>
				<total>0</total>
				<timestamp>6259.419729</timestamp>
			</report>
			<report>
				<misses>719200001</misses>
				<total>0</total>
				<timestamp>6260.290623</timestamp>
			</report>
			<report>
				<misses>719300001</misses>
				<total>0</total>
				<timestamp>6261.165046</timestamp>
			</report>
			<report>
				<misses>719400001</misses>
				<total>0</total>
				<timestamp>6262.021939</timestamp>
			</report>
			<report>
				<misses>719500001</misses>
				<total>0</total>
				<timestamp>6262.886923</timestamp>
			</report>
			<report>
				<misses>719600001</misses>
				<total>0</total>
				<timestamp>6263.760712</timestamp>
			</report>
			<report>
				<misses>719700001</misses>
				<total>0</total>
				<timestamp>6264.643759</timestamp>
			</report>
			<report>
				<misses>719800001</misses>
				<total>0</total>
				<timestamp>6265.514474</timestamp>
			</report>
			<report>
				<misses>719900001</misses>
				<total>0</total>
				<timestamp>6266.376969</timestamp>
			</report>
			<report>
				<misses>720000001</misses>
				<total>0</total>
				<timestamp>6267.255919</timestamp>
			</report>
			<report>
				<misses>720100001</misses>
				<total>0</total>
				<timestamp>6268.131812</timestamp>
			</report>
			<report>
				<misses>720200001</misses>
				<total>0</total>
				<timestamp>6269.019669</timestamp>
			</report>
			<report>
				<misses>720300001</misses>
				<total>0</total>
				<timestamp>6269.896973</timestamp>
			</report>
			<report>
				<misses>720400001</misses>
				<total>0</total>
				<timestamp>6270.772727</timestamp>
			</report>
			<report>
				<misses>720500001</misses>
				<total>0</total>
				<timestamp>6271.641884</timestamp>
			</report>
			<report>
				<misses>720600001</misses>
				<total>0</total>
				<timestamp>6272.524262</timestamp>
			</report>
			<report>
				<misses>720700001</misses>
				<total>0</total>
				<timestamp>6273.392062</timestamp>
			</report>
			<report>
				<misses>720800001</misses>
				<total>0</total>
				<timestamp>6274.264749</timestamp>
			</report>
			<report>
				<misses>720900001</misses>
				<total>0</total>
				<timestamp>6275.125185</timestamp>
			</report>
			<report>
				<misses>721000001</misses>
				<total>0</total>
				<timestamp>6276.002805</timestamp>
			</report>
			<report>
				<misses>721100001</misses>
				<total>0</total>
				<timestamp>6276.868435</timestamp>
			</report>
			<report>
				<misses>721200001</misses>
				<total>0</total>
				<timestamp>6277.723754</timestamp>
			</report>
			<report>
				<misses>721300001</misses>
				<total>0</total>
				<timestamp>6278.592480</timestamp>
			</report>
			<report>
				<misses>721400001</misses>
				<total>0</total>
				<timestamp>6279.453951</timestamp>
			</report>
			<report>
				<misses>721500001</misses>
				<total>0</total>
				<timestamp>6280.313802</timestamp>
			</report>
			<report>
				<misses>721600001</misses>
				<total>0</total>
				<timestamp>6281.180491</timestamp>
			</report>
			<report>
				<misses>721700001</misses>
				<total>0</total>
				<timestamp>6282.050747</timestamp>
			</report>
			<report>
				<misses>721800001</misses>
				<total>0</total>
				<timestamp>6282.922659</timestamp>
			</report>
			<report>
				<misses>721900001</misses>
				<total>0</total>
				<timestamp>6283.790801</timestamp>
			</report>
			<report>
				<misses>722000001</misses>
				<total>0</total>
				<timestamp>6284.661759</timestamp>
			</report>
			<report>
				<misses>722100001</misses>
				<total>0</total>
				<timestamp>6285.531760</timestamp>
			</report>
			<report>
				<misses>722200001</misses>
				<total>0</total>
				<timestamp>6286.402349</timestamp>
			</report>
			<report>
				<misses>722300001</misses>
				<total>0</total>
				<timestamp>6287.271779</timestamp>
			</report>
			<report>
				<misses>722400001</misses>
				<total>0</total>
				<timestamp>6288.125683</timestamp>
			</report>
			<report>
				<misses>722500001</misses>
				<total>0</total>
				<timestamp>6288.974033</timestamp>
			</report>
			<report>
				<misses>722600001</misses>
				<total>0</total>
				<timestamp>6289.824983</timestamp>
			</report>
			<report>
				<misses>722700001</misses>
				<total>0</total>
				<timestamp>6290.690883</timestamp>
			</report>
			<report>
				<misses>722800001</misses>
				<total>0</total>
				<timestamp>6291.547825</timestamp>
			</report>
			<report>
				<misses>722900001</misses>
				<total>0</total>
				<timestamp>6292.412381</timestamp>
			</report>
			<report>
				<misses>723000001</misses>
				<total>0</total>
				<timestamp>6293.282598</timestamp>
			</report>
			<report>
				<misses>723100001</misses>
				<total>0</total>
				<timestamp>6294.153746</timestamp>
			</report>
			<report>
				<misses>723200001</misses>
				<total>0</total>
				<timestamp>6295.030968</timestamp>
			</report>
			<report>
				<misses>723300001</misses>
				<total>0</total>
				<timestamp>6295.898395</timestamp>
			</report>
			<report>
				<misses>723400001</misses>
				<total>0</total>
				<timestamp>6296.767195</timestamp>
			</report>
			<report>
				<misses>723500001</misses>
				<total>0</total>
				<timestamp>6297.644862</timestamp>
			</report>
			<report>
				<misses>723600001</misses>
				<total>0</total>
				<timestamp>6298.522124</timestamp>
			</report>
			<report>
				<misses>723700001</misses>
				<total>0</total>
				<timestamp>6299.372742</timestamp>
			</report>
			<report>
				<misses>723800001</misses>
				<total>0</total>
				<timestamp>6300.249041</timestamp>
			</report>
			<report>
				<misses>723900001</misses>
				<total>0</total>
				<timestamp>6301.116709</timestamp>
			</report>
			<report>
				<misses>724000001</misses>
				<total>0</total>
				<timestamp>6301.994968</timestamp>
			</report>
			<report>
				<misses>724100001</misses>
				<total>0</total>
				<timestamp>6302.866876</timestamp>
			</report>
			<report>
				<misses>724200001</misses>
				<total>0</total>
				<timestamp>6303.725840</timestamp>
			</report>
			<report>
				<misses>724300001</misses>
				<total>0</total>
				<timestamp>6304.591601</timestamp>
			</report>
			<report>
				<misses>724400001</misses>
				<total>0</total>
				<timestamp>6305.468645</timestamp>
			</report>
			<report>
				<misses>724500001</misses>
				<total>0</total>
				<timestamp>6306.333913</timestamp>
			</report>
			<report>
				<misses>724600001</misses>
				<total>0</total>
				<timestamp>6307.201117</timestamp>
			</report>
			<report>
				<misses>724700001</misses>
				<total>0</total>
				<timestamp>6308.067658</timestamp>
			</report>
			<report>
				<misses>724800001</misses>
				<total>0</total>
				<timestamp>6308.924142</timestamp>
			</report>
			<report>
				<misses>724900001</misses>
				<total>0</total>
				<timestamp>6309.786477</timestamp>
			</report>
			<report>
				<misses>725000001</misses>
				<total>0</total>
				<timestamp>6310.656667</timestamp>
			</report>
			<report>
				<misses>725100001</misses>
				<total>0</total>
				<timestamp>6311.521749</timestamp>
			</report>
			<report>
				<misses>725200001</misses>
				<total>0</total>
				<timestamp>6312.398511</timestamp>
			</report>
			<report>
				<misses>725300001</misses>
				<total>0</total>
				<timestamp>6313.277465</timestamp>
			</report>
			<report>
				<misses>725400001</misses>
				<total>0</total>
				<timestamp>6314.151099</timestamp>
			</report>
			<report>
				<misses>725500001</misses>
				<total>0</total>
				<timestamp>6315.036543</timestamp>
			</report>
			<report>
				<misses>725600001</misses>
				<total>0</total>
				<timestamp>6315.908263</timestamp>
			</report>
			<report>
				<misses>725700001</misses>
				<total>0</total>
				<timestamp>6316.780543</timestamp>
			</report>
			<report>
				<misses>725800001</misses>
				<total>0</total>
				<timestamp>6317.639104</timestamp>
			</report>
			<report>
				<misses>725900001</misses>
				<total>0</total>
				<timestamp>6318.506996</timestamp>
			</report>
			<report>
				<misses>726000001</misses>
				<total>0</total>
				<timestamp>6319.376896</timestamp>
			</report>
			<report>
				<misses>726100001</misses>
				<total>0</total>
				<timestamp>6320.251679</timestamp>
			</report>
			<report>
				<misses>726200001</misses>
				<total>0</total>
				<timestamp>6321.131640</timestamp>
			</report>
			<report>
				<misses>726300001</misses>
				<total>0</total>
				<timestamp>6321.996607</timestamp>
			</report>
			<report>
				<misses>726400001</misses>
				<total>0</total>
				<timestamp>6322.866192</timestamp>
			</report>
			<report>
				<misses>726500001</misses>
				<total>0</total>
				<timestamp>6323.737604</timestamp>
			</report>
			<report>
				<misses>726600001</misses>
				<total>0</total>
				<timestamp>6324.602252</timestamp>
			</report>
			<report>
				<misses>726700001</misses>
				<total>0</total>
				<timestamp>6325.471191</timestamp>
			</report>
			<report>
				<misses>726800001</misses>
				<total>0</total>
				<timestamp>6326.324043</timestamp>
			</report>
			<report>
				<misses>726900001</misses>
				<total>0</total>
				<timestamp>6327.196017</timestamp>
			</report>
			<report>
				<misses>727000001</misses>
				<total>0</total>
				<timestamp>6328.071409</timestamp>
			</report>
			<report>
				<misses>727100001</misses>
				<total>0</total>
				<timestamp>6328.935544</timestamp>
			</report>
			<report>
				<misses>727200001</misses>
				<total>0</total>
				<timestamp>6329.808935</timestamp>
			</report>
			<report>
				<misses>727300001</misses>
				<total>0</total>
				<timestamp>6330.672643</timestamp>
			</report>
			<report>
				<misses>727400001</misses>
				<total>0</total>
				<timestamp>6331.537646</timestamp>
			</report>
			<report>
				<misses>727500001</misses>
				<total>0</total>
				<timestamp>6332.404631</timestamp>
			</report>
			<report>
				<misses>727600001</misses>
				<total>0</total>
				<timestamp>6333.271784</timestamp>
			</report>
			<report>
				<misses>727700001</misses>
				<total>0</total>
				<timestamp>6334.142768</timestamp>
			</report>
			<report>
				<misses>727800001</misses>
				<total>0</total>
				<timestamp>6335.005558</timestamp>
			</report>
			<report>
				<misses>727900001</misses>
				<total>0</total>
				<timestamp>6335.875263</timestamp>
			</report>
			<report>
				<misses>728000001</misses>
				<total>0</total>
				<timestamp>6336.735429</timestamp>
			</report>
			<report>
				<misses>728100001</misses>
				<total>0</total>
				<timestamp>6337.594754</timestamp>
			</report>
			<report>
				<misses>728200001</misses>
				<total>0</total>
				<timestamp>6338.457768</timestamp>
			</report>
			<report>
				<misses>728300001</misses>
				<total>0</total>
				<timestamp>6339.322940</timestamp>
			</report>
			<report>
				<misses>728400001</misses>
				<total>0</total>
				<timestamp>6340.185694</timestamp>
			</report>
			<report>
				<misses>728500001</misses>
				<total>0</total>
				<timestamp>6341.058564</timestamp>
			</report>
			<report>
				<misses>728600001</misses>
				<total>0</total>
				<timestamp>6341.935468</timestamp>
			</report>
			<report>
				<misses>728700001</misses>
				<total>0</total>
				<timestamp>6342.810548</timestamp>
			</report>
			<report>
				<misses>728800001</misses>
				<total>0</total>
				<timestamp>6343.666265</timestamp>
			</report>
			<report>
				<misses>728900001</misses>
				<total>0</total>
				<timestamp>6344.531881</timestamp>
			</report>
			<report>
				<misses>729000001</misses>
				<total>0</total>
				<timestamp>6345.404357</timestamp>
			</report>
			<report>
				<misses>729100001</misses>
				<total>0</total>
				<timestamp>6346.260855</timestamp>
			</report>
			<report>
				<misses>729200001</misses>
				<total>0</total>
				<timestamp>6347.120594</timestamp>
			</report>
			<report>
				<misses>729300001</misses>
				<total>0</total>
				<timestamp>6347.988976</timestamp>
			</report>
			<report>
				<misses>729400001</misses>
				<total>0</total>
				<timestamp>6348.861759</timestamp>
			</report>
			<report>
				<misses>729500001</misses>
				<total>0</total>
				<timestamp>6349.728743</timestamp>
			</report>
			<report>
				<misses>729600001</misses>
				<total>0</total>
				<timestamp>6350.597033</timestamp>
			</report>
			<report>
				<misses>729700001</misses>
				<total>0</total>
				<timestamp>6351.465497</timestamp>
			</report>
			<report>
				<misses>729800001</misses>
				<total>0</total>
				<timestamp>6352.333718</timestamp>
			</report>
			<report>
				<misses>729900001</misses>
				<total>0</total>
				<timestamp>6353.197447</timestamp>
			</report>
			<report>
				<misses>730000001</misses>
				<total>0</total>
				<timestamp>6354.065994</timestamp>
			</report>
			<report>
				<misses>730100001</misses>
				<total>0</total>
				<timestamp>6354.929267</timestamp>
			</report>
			<report>
				<misses>730200001</misses>
				<total>0</total>
				<timestamp>6355.797300</timestamp>
			</report>
			<report>
				<misses>730300001</misses>
				<total>0</total>
				<timestamp>6356.656914</timestamp>
			</report>
			<report>
				<misses>730400001</misses>
				<total>0</total>
				<timestamp>6357.522972</timestamp>
			</report>
			<report>
				<misses>730500001</misses>
				<total>0</total>
				<timestamp>6358.411972</timestamp>
			</report>
			<report>
				<misses>730600001</misses>
				<total>0</total>
				<timestamp>6359.282216</timestamp>
			</report>
			<report>
				<misses>730700001</misses>
				<total>0</total>
				<timestamp>6360.156896</timestamp>
			</report>
			<report>
				<misses>730800001</misses>
				<total>0</total>
				<timestamp>6361.035736</timestamp>
			</report>
			<report>
				<misses>730900001</misses>
				<total>0</total>
				<timestamp>6361.914746</timestamp>
			</report>
			<report>
				<misses>731000001</misses>
				<total>0</total>
				<timestamp>6362.792226</timestamp>
			</report>
			<report>
				<misses>731100001</misses>
				<total>0</total>
				<timestamp>6363.658044</timestamp>
			</report>
			<report>
				<misses>731200001</misses>
				<total>0</total>
				<timestamp>6364.519016</timestamp>
			</report>
			<report>
				<misses>731300001</misses>
				<total>0</total>
				<timestamp>6365.372177</timestamp>
			</report>
			<report>
				<misses>731400001</misses>
				<total>0</total>
				<timestamp>6366.241449</timestamp>
			</report>
			<report>
				<misses>731500001</misses>
				<total>0</total>
				<timestamp>6367.109468</timestamp>
			</report>
			<report>
				<misses>731600001</misses>
				<total>0</total>
				<timestamp>6367.955239</timestamp>
			</report>
			<report>
				<misses>731700001</misses>
				<total>0</total>
				<timestamp>6368.824929</timestamp>
			</report>
			<report>
				<misses>731800001</misses>
				<total>0</total>
				<timestamp>6369.688368</timestamp>
			</report>
			<report>
				<misses>731900001</misses>
				<total>0</total>
				<timestamp>6370.558592</timestamp>
			</report>
			<report>
				<misses>732000001</misses>
				<total>0</total>
				<timestamp>6371.420504</timestamp>
			</report>
			<report>
				<misses>732100001</misses>
				<total>0</total>
				<timestamp>6372.279790</timestamp>
			</report>
			<report>
				<misses>732200001</misses>
				<total>0</total>
				<timestamp>6373.148321</timestamp>
			</report>
			<report>
				<misses>732300001</misses>
				<total>0</total>
				<timestamp>6374.022358</timestamp>
			</report>
			<report>
				<misses>732400001</misses>
				<total>0</total>
				<timestamp>6374.887913</timestamp>
			</report>
			<report>
				<misses>732500001</misses>
				<total>0</total>
				<timestamp>6375.758581</timestamp>
			</report>
			<report>
				<misses>732600001</misses>
				<total>0</total>
				<timestamp>6376.616651</timestamp>
			</report>
			<report>
				<misses>732700001</misses>
				<total>0</total>
				<timestamp>6377.488499</timestamp>
			</report>
			<report>
				<misses>732800001</misses>
				<total>0</total>
				<timestamp>6378.371770</timestamp>
			</report>
			<report>
				<misses>732900001</misses>
				<total>0</total>
				<timestamp>6379.245407</timestamp>
			</report>
			<report>
				<misses>733000001</misses>
				<total>0</total>
				<timestamp>6380.116603</timestamp>
			</report>
			<report>
				<misses>733100001</misses>
				<total>0</total>
				<timestamp>6380.978283</timestamp>
			</report>
			<report>
				<misses>733200001</misses>
				<total>0</total>
				<timestamp>6381.847160</timestamp>
			</report>
			<report>
				<misses>733300001</misses>
				<total>0</total>
				<timestamp>6382.714055</timestamp>
			</report>
			<report>
				<misses>733400001</misses>
				<total>0</total>
				<timestamp>6383.583760</timestamp>
			</report>
			<report>
				<misses>733500001</misses>
				<total>0</total>
				<timestamp>6384.455963</timestamp>
			</report>
			<report>
				<misses>733600001</misses>
				<total>0</total>
				<timestamp>6385.331214</timestamp>
			</report>
			<report>
				<misses>733700001</misses>
				<total>0</total>
				<timestamp>6386.204339</timestamp>
			</report>
			<report>
				<misses>733800001</misses>
				<total>0</total>
				<timestamp>6387.059929</timestamp>
			</report>
			<report>
				<misses>733900001</misses>
				<total>0</total>
				<timestamp>6387.922450</timestamp>
			</report>
			<report>
				<misses>734000001</misses>
				<total>0</total>
				<timestamp>6388.814263</timestamp>
			</report>
			<report>
				<misses>734100001</misses>
				<total>0</total>
				<timestamp>6389.694388</timestamp>
			</report>
			<report>
				<misses>734200001</misses>
				<total>0</total>
				<timestamp>6390.577313</timestamp>
			</report>
			<report>
				<misses>734300001</misses>
				<total>0</total>
				<timestamp>6391.434985</timestamp>
			</report>
			<report>
				<misses>734400001</misses>
				<total>0</total>
				<timestamp>6392.312332</timestamp>
			</report>
			<report>
				<misses>734500001</misses>
				<total>0</total>
				<timestamp>6393.181769</timestamp>
			</report>
			<report>
				<misses>734600001</misses>
				<total>0</total>
				<timestamp>6394.038026</timestamp>
			</report>
			<report>
				<misses>734700001</misses>
				<total>0</total>
				<timestamp>6394.898120</timestamp>
			</report>
			<report>
				<misses>734800001</misses>
				<total>0</total>
				<timestamp>6395.769475</timestamp>
			</report>
			<report>
				<misses>734900001</misses>
				<total>0</total>
				<timestamp>6396.637853</timestamp>
			</report>
			<report>
				<misses>735000001</misses>
				<total>0</total>
				<timestamp>6397.502815</timestamp>
			</report>
			<report>
				<misses>735100001</misses>
				<total>0</total>
				<timestamp>6398.375022</timestamp>
			</report>
			<report>
				<misses>735200001</misses>
				<total>0</total>
				<timestamp>6399.251059</timestamp>
			</report>
			<report>
				<misses>735300001</misses>
				<total>0</total>
				<timestamp>6400.118615</timestamp>
			</report>
			<report>
				<misses>735400001</misses>
				<total>0</total>
				<timestamp>6400.988671</timestamp>
			</report>
			<report>
				<misses>735500001</misses>
				<total>0</total>
				<timestamp>6401.868662</timestamp>
			</report>
			<report>
				<misses>735600001</misses>
				<total>0</total>
				<timestamp>6402.744074</timestamp>
			</report>
			<report>
				<misses>735700001</misses>
				<total>0</total>
				<timestamp>6403.624941</timestamp>
			</report>
			<report>
				<misses>735800001</misses>
				<total>0</total>
				<timestamp>6404.500433</timestamp>
			</report>
			<report>
				<misses>735900001</misses>
				<total>0</total>
				<timestamp>6405.370566</timestamp>
			</report>
			<report>
				<misses>736000001</misses>
				<total>0</total>
				<timestamp>6406.253328</timestamp>
			</report>
			<report>
				<misses>736100001</misses>
				<total>0</total>
				<timestamp>6407.127290</timestamp>
			</report>
			<report>
				<misses>736200001</misses>
				<total>0</total>
				<timestamp>6408.000672</timestamp>
			</report>
			<report>
				<misses>736300001</misses>
				<total>0</total>
				<timestamp>6408.868370</timestamp>
			</report>
			<report>
				<misses>736400001</misses>
				<total>0</total>
				<timestamp>6409.727477</timestamp>
			</report>
			<report>
				<misses>736500001</misses>
				<total>0</total>
				<timestamp>6410.597864</timestamp>
			</report>
			<report>
				<misses>736600001</misses>
				<total>0</total>
				<timestamp>6411.460620</timestamp>
			</report>
			<report>
				<misses>736700001</misses>
				<total>0</total>
				<timestamp>6412.331339</timestamp>
			</report>
			<report>
				<misses>736800001</misses>
				<total>0</total>
				<timestamp>6413.207809</timestamp>
			</report>
			<report>
				<misses>736900001</misses>
				<total>0</total>
				<timestamp>6414.070366</timestamp>
			</report>
			<report>
				<misses>737000001</misses>
				<total>0</total>
				<timestamp>6414.940386</timestamp>
			</report>
			<report>
				<misses>737100001</misses>
				<total>0</total>
				<timestamp>6415.805309</timestamp>
			</report>
			<report>
				<misses>737200001</misses>
				<total>0</total>
				<timestamp>6416.673738</timestamp>
			</report>
			<report>
				<misses>737300001</misses>
				<total>0</total>
				<timestamp>6417.550798</timestamp>
			</report>
			<report>
				<misses>737400001</misses>
				<total>0</total>
				<timestamp>6418.414801</timestamp>
			</report>
			<report>
				<misses>737500001</misses>
				<total>0</total>
				<timestamp>6419.275873</timestamp>
			</report>
			<report>
				<misses>737600001</misses>
				<total>0</total>
				<timestamp>6420.135541</timestamp>
			</report>
			<report>
				<misses>737700001</misses>
				<total>0</total>
				<timestamp>6420.997403</timestamp>
			</report>
			<report>
				<misses>737800001</misses>
				<total>0</total>
				<timestamp>6421.870230</timestamp>
			</report>
			<report>
				<misses>737900001</misses>
				<total>0</total>
				<timestamp>6422.733944</timestamp>
			</report>
			<report>
				<misses>738000001</misses>
				<total>0</total>
				<timestamp>6423.606446</timestamp>
			</report>
			<report>
				<misses>738100001</misses>
				<total>0</total>
				<timestamp>6424.476206</timestamp>
			</report>
			<report>
				<misses>738200001</misses>
				<total>0</total>
				<timestamp>6425.342641</timestamp>
			</report>
			<report>
				<misses>738300001</misses>
				<total>0</total>
				<timestamp>6426.213324</timestamp>
			</report>
			<report>
				<misses>738400001</misses>
				<total>0</total>
				<timestamp>6427.081751</timestamp>
			</report>
			<report>
				<misses>738500001</misses>
				<total>0</total>
				<timestamp>6427.958679</timestamp>
			</report>
			<report>
				<misses>738600001</misses>
				<total>0</total>
				<timestamp>6428.821495</timestamp>
			</report>
			<report>
				<misses>738700001</misses>
				<total>0</total>
				<timestamp>6429.689017</timestamp>
			</report>
			<report>
				<misses>738800001</misses>
				<total>0</total>
				<timestamp>6430.565181</timestamp>
			</report>
			<report>
				<misses>738900001</misses>
				<total>0</total>
				<timestamp>6431.430303</timestamp>
			</report>
			<report>
				<misses>739000001</misses>
				<total>0</total>
				<timestamp>6432.315980</timestamp>
			</report>
			<report>
				<misses>739100001</misses>
				<total>0</total>
				<timestamp>6433.193011</timestamp>
			</report>
			<report>
				<misses>739200001</misses>
				<total>0</total>
				<timestamp>6434.051072</timestamp>
			</report>
			<report>
				<misses>739300001</misses>
				<total>0</total>
				<timestamp>6434.906142</timestamp>
			</report>
			<report>
				<misses>739400001</misses>
				<total>0</total>
				<timestamp>6435.787516</timestamp>
			</report>
			<report>
				<misses>739500001</misses>
				<total>0</total>
				<timestamp>6436.644070</timestamp>
			</report>
			<report>
				<misses>739600001</misses>
				<total>0</total>
				<timestamp>6437.516695</timestamp>
			</report>
			<report>
				<misses>739700001</misses>
				<total>0</total>
				<timestamp>6438.377178</timestamp>
			</report>
			<report>
				<misses>739800001</misses>
				<total>0</total>
				<timestamp>6439.241379</timestamp>
			</report>
			<report>
				<misses>739900001</misses>
				<total>0</total>
				<timestamp>6440.114954</timestamp>
			</report>
			<report>
				<misses>740000001</misses>
				<total>0</total>
				<timestamp>6440.976174</timestamp>
			</report>
			<report>
				<misses>740100001</misses>
				<total>0</total>
				<timestamp>6441.849242</timestamp>
			</report>
			<report>
				<misses>740200001</misses>
				<total>0</total>
				<timestamp>6442.714606</timestamp>
			</report>
			<report>
				<misses>740300001</misses>
				<total>0</total>
				<timestamp>6443.583471</timestamp>
			</report>
			<report>
				<misses>740400001</misses>
				<total>0</total>
				<timestamp>6444.455491</timestamp>
			</report>
			<report>
				<misses>740500001</misses>
				<total>0</total>
				<timestamp>6445.310162</timestamp>
			</report>
			<report>
				<misses>740600001</misses>
				<total>0</total>
				<timestamp>6446.176019</timestamp>
			</report>
			<report>
				<misses>740700001</misses>
				<total>0</total>
				<timestamp>6447.054885</timestamp>
			</report>
			<report>
				<misses>740800001</misses>
				<total>0</total>
				<timestamp>6447.916300</timestamp>
			</report>
			<report>
				<misses>740900001</misses>
				<total>0</total>
				<timestamp>6448.806295</timestamp>
			</report>
			<report>
				<misses>741000001</misses>
				<total>0</total>
				<timestamp>6449.681888</timestamp>
			</report>
			<report>
				<misses>741100001</misses>
				<total>0</total>
				<timestamp>6450.543672</timestamp>
			</report>
			<report>
				<misses>741200001</misses>
				<total>0</total>
				<timestamp>6451.429505</timestamp>
			</report>
			<report>
				<misses>741300001</misses>
				<total>0</total>
				<timestamp>6452.307417</timestamp>
			</report>
			<report>
				<misses>741400001</misses>
				<total>0</total>
				<timestamp>6453.176737</timestamp>
			</report>
			<report>
				<misses>741500001</misses>
				<total>0</total>
				<timestamp>6454.015869</timestamp>
			</report>
			<report>
				<misses>741600001</misses>
				<total>0</total>
				<timestamp>6454.868501</timestamp>
			</report>
			<report>
				<misses>741700001</misses>
				<total>0</total>
				<timestamp>6455.740242</timestamp>
			</report>
			<report>
				<misses>741800001</misses>
				<total>0</total>
				<timestamp>6456.618114</timestamp>
			</report>
			<report>
				<misses>741900001</misses>
				<total>0</total>
				<timestamp>6457.472004</timestamp>
			</report>
			<report>
				<misses>742000001</misses>
				<total>0</total>
				<timestamp>6458.321367</timestamp>
			</report>
			<report>
				<misses>742100001</misses>
				<total>0</total>
				<timestamp>6459.186760</timestamp>
			</report>
			<report>
				<misses>742200001</misses>
				<total>0</total>
				<timestamp>6460.056487</timestamp>
			</report>
			<report>
				<misses>742300001</misses>
				<total>0</total>
				<timestamp>6460.932056</timestamp>
			</report>
			<report>
				<misses>742400001</misses>
				<total>0</total>
				<timestamp>6461.790036</timestamp>
			</report>
			<report>
				<misses>742500001</misses>
				<total>0</total>
				<timestamp>6462.658045</timestamp>
			</report>
			<report>
				<misses>742600001</misses>
				<total>0</total>
				<timestamp>6463.523996</timestamp>
			</report>
			<report>
				<misses>742700001</misses>
				<total>0</total>
				<timestamp>6464.390166</timestamp>
			</report>
			<report>
				<misses>742800001</misses>
				<total>0</total>
				<timestamp>6465.249252</timestamp>
			</report>
			<report>
				<misses>742900001</misses>
				<total>0</total>
				<timestamp>6466.111887</timestamp>
			</report>
			<report>
				<misses>743000001</misses>
				<total>0</total>
				<timestamp>6466.975465</timestamp>
			</report>
			<report>
				<misses>743100001</misses>
				<total>0</total>
				<timestamp>6467.841372</timestamp>
			</report>
			<report>
				<misses>743200001</misses>
				<total>0</total>
				<timestamp>6468.716091</timestamp>
			</report>
			<report>
				<misses>743300001</misses>
				<total>0</total>
				<timestamp>6469.586810</timestamp>
			</report>
			<report>
				<misses>743400001</misses>
				<total>0</total>
				<timestamp>6470.451568</timestamp>
			</report>
			<report>
				<misses>743500001</misses>
				<total>0</total>
				<timestamp>6471.315675</timestamp>
			</report>
			<report>
				<misses>743600001</misses>
				<total>0</total>
				<timestamp>6472.184513</timestamp>
			</report>
			<report>
				<misses>743700001</misses>
				<total>0</total>
				<timestamp>6473.054509</timestamp>
			</report>
			<report>
				<misses>743800001</misses>
				<total>0</total>
				<timestamp>6473.920414</timestamp>
			</report>
			<report>
				<misses>743900001</misses>
				<total>0</total>
				<timestamp>6474.791332</timestamp>
			</report>
			<report>
				<misses>744000001</misses>
				<total>0</total>
				<timestamp>6475.657071</timestamp>
			</report>
			<report>
				<misses>744100001</misses>
				<total>0</total>
				<timestamp>6476.519067</timestamp>
			</report>
			<report>
				<misses>744200001</misses>
				<total>0</total>
				<timestamp>6477.382372</timestamp>
			</report>
			<report>
				<misses>744300001</misses>
				<total>0</total>
				<timestamp>6478.251823</timestamp>
			</report>
			<report>
				<misses>744400001</misses>
				<total>0</total>
				<timestamp>6479.121217</timestamp>
			</report>
			<report>
				<misses>744500001</misses>
				<total>0</total>
				<timestamp>6480.000454</timestamp>
			</report>
			<report>
				<misses>744600001</misses>
				<total>0</total>
				<timestamp>6480.880662</timestamp>
			</report>
			<report>
				<misses>744700001</misses>
				<total>0</total>
				<timestamp>6481.754969</timestamp>
			</report>
			<report>
				<misses>744800001</misses>
				<total>0</total>
				<timestamp>6482.624440</timestamp>
			</report>
			<report>
				<misses>744900001</misses>
				<total>0</total>
				<timestamp>6483.472382</timestamp>
			</report>
			<report>
				<misses>745000001</misses>
				<total>0</total>
				<timestamp>6484.331565</timestamp>
			</report>
			<report>
				<misses>745100001</misses>
				<total>0</total>
				<timestamp>6485.203320</timestamp>
			</report>
			<report>
				<misses>745200001</misses>
				<total>0</total>
				<timestamp>6486.068598</timestamp>
			</report>
			<report>
				<misses>745300001</misses>
				<total>0</total>
				<timestamp>6486.937390</timestamp>
			</report>
			<report>
				<misses>745400001</misses>
				<total>0</total>
				<timestamp>6487.800261</timestamp>
			</report>
			<report>
				<misses>745500001</misses>
				<total>0</total>
				<timestamp>6488.670973</timestamp>
			</report>
			<report>
				<misses>745600001</misses>
				<total>0</total>
				<timestamp>6489.549103</timestamp>
			</report>
			<report>
				<misses>745700001</misses>
				<total>0</total>
				<timestamp>6490.418656</timestamp>
			</report>
			<report>
				<misses>745800001</misses>
				<total>0</total>
				<timestamp>6491.284953</timestamp>
			</report>
			<report>
				<misses>745900001</misses>
				<total>0</total>
				<timestamp>6492.154305</timestamp>
			</report>
			<report>
				<misses>746000001</misses>
				<total>0</total>
				<timestamp>6493.018238</timestamp>
			</report>
			<report>
				<misses>746100001</misses>
				<total>0</total>
				<timestamp>6493.880349</timestamp>
			</report>
			<report>
				<misses>746200001</misses>
				<total>0</total>
				<timestamp>6494.753302</timestamp>
			</report>
			<report>
				<misses>746300001</misses>
				<total>0</total>
				<timestamp>6495.623981</timestamp>
			</report>
			<report>
				<misses>746400001</misses>
				<total>0</total>
				<timestamp>6496.488758</timestamp>
			</report>
			<report>
				<misses>746500001</misses>
				<total>0</total>
				<timestamp>6497.372767</timestamp>
			</report>
			<report>
				<misses>746600001</misses>
				<total>0</total>
				<timestamp>6498.246649</timestamp>
			</report>
			<report>
				<misses>746700001</misses>
				<total>0</total>
				<timestamp>6499.111492</timestamp>
			</report>
			<report>
				<misses>746800001</misses>
				<total>0</total>
				<timestamp>6499.977711</timestamp>
			</report>
			<report>
				<misses>746900001</misses>
				<total>0</total>
				<timestamp>6500.847473</timestamp>
			</report>
			<report>
				<misses>747000001</misses>
				<total>0</total>
				<timestamp>6501.709613</timestamp>
			</report>
			<report>
				<misses>747100001</misses>
				<total>0</total>
				<timestamp>6502.568873</timestamp>
			</report>
			<report>
				<misses>747200001</misses>
				<total>0</total>
				<timestamp>6503.432928</timestamp>
			</report>
			<report>
				<misses>747300001</misses>
				<total>0</total>
				<timestamp>6504.310327</timestamp>
			</report>
			<report>
				<misses>747400001</misses>
				<total>0</total>
				<timestamp>6505.186517</timestamp>
			</report>
			<report>
				<misses>747500001</misses>
				<total>0</total>
				<timestamp>6506.038438</timestamp>
			</report>
			<report>
				<misses>747600001</misses>
				<total>0</total>
				<timestamp>6506.900677</timestamp>
			</report>
			<report>
				<misses>747700001</misses>
				<total>0</total>
				<timestamp>6507.778212</timestamp>
			</report>
			<report>
				<misses>747800001</misses>
				<total>0</total>
				<timestamp>6508.640149</timestamp>
			</report>
			<report>
				<misses>747900001</misses>
				<total>0</total>
				<timestamp>6509.502519</timestamp>
			</report>
			<report>
				<misses>748000001</misses>
				<total>0</total>
				<timestamp>6510.364036</timestamp>
			</report>
			<report>
				<misses>748100001</misses>
				<total>0</total>
				<timestamp>6511.241156</timestamp>
			</report>
			<report>
				<misses>748200001</misses>
				<total>0</total>
				<timestamp>6512.113708</timestamp>
			</report>
			<report>
				<misses>748300001</misses>
				<total>0</total>
				<timestamp>6512.988514</timestamp>
			</report>
			<report>
				<misses>748400001</misses>
				<total>0</total>
				<timestamp>6513.861798</timestamp>
			</report>
			<report>
				<misses>748500001</misses>
				<total>0</total>
				<timestamp>6514.742363</timestamp>
			</report>
			<report>
				<misses>748600001</misses>
				<total>0</total>
				<timestamp>6515.624808</timestamp>
			</report>
			<report>
				<misses>748700001</misses>
				<total>0</total>
				<timestamp>6516.508982</timestamp>
			</report>
			<report>
				<misses>748800001</misses>
				<total>0</total>
				<timestamp>6517.384576</timestamp>
			</report>
			<report>
				<misses>748900001</misses>
				<total>0</total>
				<timestamp>6518.259643</timestamp>
			</report>
			<report>
				<misses>749000001</misses>
				<total>0</total>
				<timestamp>6519.128812</timestamp>
			</report>
			<report>
				<misses>749100001</misses>
				<total>0</total>
				<timestamp>6519.990170</timestamp>
			</report>
			<report>
				<misses>749200001</misses>
				<total>0</total>
				<timestamp>6520.864997</timestamp>
			</report>
			<report>
				<misses>749300001</misses>
				<total>0</total>
				<timestamp>6521.736123</timestamp>
			</report>
			<report>
				<misses>749400001</misses>
				<total>0</total>
				<timestamp>6522.603268</timestamp>
			</report>
			<report>
				<misses>749500001</misses>
				<total>0</total>
				<timestamp>6523.477347</timestamp>
			</report>
			<report>
				<misses>749600001</misses>
				<total>0</total>
				<timestamp>6524.349618</timestamp>
			</report>
			<report>
				<misses>749700001</misses>
				<total>0</total>
				<timestamp>6525.228484</timestamp>
			</report>
			<report>
				<misses>749800001</misses>
				<total>0</total>
				<timestamp>6526.101186</timestamp>
			</report>
			<report>
				<misses>749900001</misses>
				<total>0</total>
				<timestamp>6526.958859</timestamp>
			</report>
			<report>
				<misses>750000001</misses>
				<total>0</total>
				<timestamp>6527.810396</timestamp>
			</report>
			<report>
				<misses>750100001</misses>
				<total>0</total>
				<timestamp>6528.667404</timestamp>
			</report>
			<report>
				<misses>750200001</misses>
				<total>0</total>
				<timestamp>6529.533664</timestamp>
			</report>
			<report>
				<misses>750300001</misses>
				<total>0</total>
				<timestamp>6530.410847</timestamp>
			</report>
			<report>
				<misses>750400001</misses>
				<total>0</total>
				<timestamp>6531.293486</timestamp>
			</report>
			<report>
				<misses>750500001</misses>
				<total>0</total>
				<timestamp>6532.168992</timestamp>
			</report>
			<report>
				<misses>750600001</misses>
				<total>0</total>
				<timestamp>6533.043348</timestamp>
			</report>
			<report>
				<misses>750700001</misses>
				<total>0</total>
				<timestamp>6533.907629</timestamp>
			</report>
			<report>
				<misses>750800001</misses>
				<total>0</total>
				<timestamp>6534.770271</timestamp>
			</report>
			<report>
				<misses>750900001</misses>
				<total>0</total>
				<timestamp>6535.639769</timestamp>
			</report>
			<report>
				<misses>751000001</misses>
				<total>0</total>
				<timestamp>6536.514269</timestamp>
			</report>
			<report>
				<misses>751100001</misses>
				<total>0</total>
				<timestamp>6537.382573</timestamp>
			</report>
			<report>
				<misses>751200001</misses>
				<total>0</total>
				<timestamp>6538.248733</timestamp>
			</report>
			<report>
				<misses>751300001</misses>
				<total>0</total>
				<timestamp>6539.112741</timestamp>
			</report>
			<report>
				<misses>751400001</misses>
				<total>0</total>
				<timestamp>6539.974322</timestamp>
			</report>
			<report>
				<misses>751500001</misses>
				<total>0</total>
				<timestamp>6540.854156</timestamp>
			</report>
			<report>
				<misses>751600001</misses>
				<total>0</total>
				<timestamp>6541.718273</timestamp>
			</report>
			<report>
				<misses>751700001</misses>
				<total>0</total>
				<timestamp>6542.582582</timestamp>
			</report>
			<report>
				<misses>751800001</misses>
				<total>0</total>
				<timestamp>6543.465277</timestamp>
			</report>
			<report>
				<misses>751900001</misses>
				<total>0</total>
				<timestamp>6544.327069</timestamp>
			</report>
			<report>
				<misses>752000001</misses>
				<total>0</total>
				<timestamp>6545.217535</timestamp>
			</report>
			<report>
				<misses>752100001</misses>
				<total>0</total>
				<timestamp>6546.092422</timestamp>
			</report>
			<report>
				<misses>752200001</misses>
				<total>0</total>
				<timestamp>6546.964318</timestamp>
			</report>
			<report>
				<misses>752300001</misses>
				<total>0</total>
				<timestamp>6547.840273</timestamp>
			</report>
			<report>
				<misses>752400001</misses>
				<total>0</total>
				<timestamp>6548.720211</timestamp>
			</report>
			<report>
				<misses>752500001</misses>
				<total>0</total>
				<timestamp>6549.591101</timestamp>
			</report>
			<report>
				<misses>752600001</misses>
				<total>0</total>
				<timestamp>6550.464923</timestamp>
			</report>
			<report>
				<misses>752700001</misses>
				<total>0</total>
				<timestamp>6551.317317</timestamp>
			</report>
			<report>
				<misses>752800001</misses>
				<total>0</total>
				<timestamp>6552.171522</timestamp>
			</report>
			<report>
				<misses>752900001</misses>
				<total>0</total>
				<timestamp>6553.037876</timestamp>
			</report>
			<report>
				<misses>753000001</misses>
				<total>0</total>
				<timestamp>6553.892419</timestamp>
			</report>
			<report>
				<misses>753100001</misses>
				<total>0</total>
				<timestamp>6554.767058</timestamp>
			</report>
			<report>
				<misses>753200001</misses>
				<total>0</total>
				<timestamp>6555.646630</timestamp>
			</report>
			<report>
				<misses>753300001</misses>
				<total>0</total>
				<timestamp>6556.518128</timestamp>
			</report>
			<report>
				<misses>753400001</misses>
				<total>0</total>
				<timestamp>6557.387302</timestamp>
			</report>
			<report>
				<misses>753500001</misses>
				<total>0</total>
				<timestamp>6558.267761</timestamp>
			</report>
			<report>
				<misses>753600001</misses>
				<total>0</total>
				<timestamp>6559.142284</timestamp>
			</report>
			<report>
				<misses>753700001</misses>
				<total>0</total>
				<timestamp>6560.022417</timestamp>
			</report>
			<report>
				<misses>753800001</misses>
				<total>0</total>
				<timestamp>6560.890447</timestamp>
			</report>
			<report>
				<misses>753900001</misses>
				<total>0</total>
				<timestamp>6561.765131</timestamp>
			</report>
			<report>
				<misses>754000001</misses>
				<total>0</total>
				<timestamp>6562.648556</timestamp>
			</report>
			<report>
				<misses>754100001</misses>
				<total>0</total>
				<timestamp>6563.524821</timestamp>
			</report>
			<report>
				<misses>754200001</misses>
				<total>0</total>
				<timestamp>6564.391108</timestamp>
			</report>
			<report>
				<misses>754300001</misses>
				<total>0</total>
				<timestamp>6565.255291</timestamp>
			</report>
			<report>
				<misses>754400001</misses>
				<total>0</total>
				<timestamp>6566.117271</timestamp>
			</report>
			<report>
				<misses>754500001</misses>
				<total>0</total>
				<timestamp>6566.990182</timestamp>
			</report>
			<report>
				<misses>754600001</misses>
				<total>0</total>
				<timestamp>6567.866174</timestamp>
			</report>
			<report>
				<misses>754700001</misses>
				<total>0</total>
				<timestamp>6568.730668</timestamp>
			</report>
			<report>
				<misses>754800001</misses>
				<total>0</total>
				<timestamp>6569.605679</timestamp>
			</report>
			<report>
				<misses>754900001</misses>
				<total>0</total>
				<timestamp>6570.467581</timestamp>
			</report>
			<report>
				<misses>755000001</misses>
				<total>0</total>
				<timestamp>6571.319405</timestamp>
			</report>
			<report>
				<misses>755100001</misses>
				<total>0</total>
				<timestamp>6572.190062</timestamp>
			</report>
			<report>
				<misses>755200001</misses>
				<total>0</total>
				<timestamp>6573.071145</timestamp>
			</report>
			<report>
				<misses>755300001</misses>
				<total>0</total>
				<timestamp>6573.927162</timestamp>
			</report>
			<report>
				<misses>755400001</misses>
				<total>0</total>
				<timestamp>6574.797582</timestamp>
			</report>
			<report>
				<misses>755500001</misses>
				<total>0</total>
				<timestamp>6575.674291</timestamp>
			</report>
			<report>
				<misses>755600001</misses>
				<total>0</total>
				<timestamp>6576.546096</timestamp>
			</report>
			<report>
				<misses>755700001</misses>
				<total>0</total>
				<timestamp>6577.424008</timestamp>
			</report>
			<report>
				<misses>755800001</misses>
				<total>0</total>
				<timestamp>6578.311335</timestamp>
			</report>
			<report>
				<misses>755900001</misses>
				<total>0</total>
				<timestamp>6579.192838</timestamp>
			</report>
			<report>
				<misses>756000001</misses>
				<total>0</total>
				<timestamp>6580.065210</timestamp>
			</report>
			<report>
				<misses>756100001</misses>
				<total>0</total>
				<timestamp>6580.937748</timestamp>
			</report>
			<report>
				<misses>756200001</misses>
				<total>0</total>
				<timestamp>6581.807623</timestamp>
			</report>
			<report>
				<misses>756300001</misses>
				<total>0</total>
				<timestamp>6582.673013</timestamp>
			</report>
			<report>
				<misses>756400001</misses>
				<total>0</total>
				<timestamp>6583.536212</timestamp>
			</report>
			<report>
				<misses>756500001</misses>
				<total>0</total>
				<timestamp>6584.407180</timestamp>
			</report>
			<report>
				<misses>756600001</misses>
				<total>0</total>
				<timestamp>6585.270864</timestamp>
			</report>
			<report>
				<misses>756700001</misses>
				<total>0</total>
				<timestamp>6586.137778</timestamp>
			</report>
			<report>
				<misses>756800001</misses>
				<total>0</total>
				<timestamp>6587.016495</timestamp>
			</report>
			<report>
				<misses>756900001</misses>
				<total>0</total>
				<timestamp>6587.884234</timestamp>
			</report>
			<report>
				<misses>757000001</misses>
				<total>0</total>
				<timestamp>6588.756228</timestamp>
			</report>
			<report>
				<misses>757100001</misses>
				<total>0</total>
				<timestamp>6589.632379</timestamp>
			</report>
			<report>
				<misses>757200001</misses>
				<total>0</total>
				<timestamp>6590.505143</timestamp>
			</report>
			<report>
				<misses>757300001</misses>
				<total>0</total>
				<timestamp>6591.369517</timestamp>
			</report>
			<report>
				<misses>757400001</misses>
				<total>0</total>
				<timestamp>6592.242459</timestamp>
			</report>
			<report>
				<misses>757500001</misses>
				<total>0</total>
				<timestamp>6593.122624</timestamp>
			</report>
			<report>
				<misses>757600001</misses>
				<total>0</total>
				<timestamp>6594.002992</timestamp>
			</report>
			<report>
				<misses>757700001</misses>
				<total>0</total>
				<timestamp>6594.859558</timestamp>
			</report>
			<report>
				<misses>757800001</misses>
				<total>0</total>
				<timestamp>6595.737012</timestamp>
			</report>
			<report>
				<misses>757900001</misses>
				<total>0</total>
				<timestamp>6596.612903</timestamp>
			</report>
			<report>
				<misses>758000001</misses>
				<total>0</total>
				<timestamp>6597.479652</timestamp>
			</report>
			<report>
				<misses>758100001</misses>
				<total>0</total>
				<timestamp>6598.352216</timestamp>
			</report>
			<report>
				<misses>758200001</misses>
				<total>0</total>
				<timestamp>6599.224259</timestamp>
			</report>
			<report>
				<misses>758300001</misses>
				<total>0</total>
				<timestamp>6600.080634</timestamp>
			</report>
			<report>
				<misses>758400001</misses>
				<total>0</total>
				<timestamp>6600.949030</timestamp>
			</report>
			<report>
				<misses>758500001</misses>
				<total>0</total>
				<timestamp>6601.817612</timestamp>
			</report>
			<report>
				<misses>758600001</misses>
				<total>0</total>
				<timestamp>6602.684262</timestamp>
			</report>
			<report>
				<misses>758700001</misses>
				<total>0</total>
				<timestamp>6603.550641</timestamp>
			</report>
			<report>
				<misses>758800001</misses>
				<total>0</total>
				<timestamp>6604.412627</timestamp>
			</report>
			<report>
				<misses>758900001</misses>
				<total>0</total>
				<timestamp>6605.284089</timestamp>
			</report>
			<report>
				<misses>759000001</misses>
				<total>0</total>
				<timestamp>6606.147781</timestamp>
			</report>
			<report>
				<misses>759100001</misses>
				<total>0</total>
				<timestamp>6607.010341</timestamp>
			</report>
			<report>
				<misses>759200001</misses>
				<total>0</total>
				<timestamp>6607.889182</timestamp>
			</report>
			<report>
				<misses>759300001</misses>
				<total>0</total>
				<timestamp>6608.763511</timestamp>
			</report>
			<report>
				<misses>759400001</misses>
				<total>0</total>
				<timestamp>6609.644577</timestamp>
			</report>
			<report>
				<misses>759500001</misses>
				<total>0</total>
				<timestamp>6610.516113</timestamp>
			</report>
			<report>
				<misses>759600001</misses>
				<total>0</total>
				<timestamp>6611.379568</timestamp>
			</report>
			<report>
				<misses>759700001</misses>
				<total>0</total>
				<timestamp>6612.262846</timestamp>
			</report>
			<report>
				<misses>759800001</misses>
				<total>0</total>
				<timestamp>6613.146295</timestamp>
			</report>
			<report>
				<misses>759900001</misses>
				<total>0</total>
				<timestamp>6614.015247</timestamp>
			</report>
			<report>
				<misses>760000001</misses>
				<total>0</total>
				<timestamp>6614.890188</timestamp>
			</report>
			<report>
				<misses>760100001</misses>
				<total>0</total>
				<timestamp>6615.768030</timestamp>
			</report>
			<report>
				<misses>760200001</misses>
				<total>0</total>
				<timestamp>6616.642716</timestamp>
			</report>
			<report>
				<misses>760300001</misses>
				<total>0</total>
				<timestamp>6617.505478</timestamp>
			</report>
			<report>
				<misses>760400001</misses>
				<total>0</total>
				<timestamp>6618.377555</timestamp>
			</report>
			<report>
				<misses>760500001</misses>
				<total>0</total>
				<timestamp>6619.238697</timestamp>
			</report>
			<report>
				<misses>760600001</misses>
				<total>0</total>
				<timestamp>6620.111193</timestamp>
			</report>
			<report>
				<misses>760700001</misses>
				<total>0</total>
				<timestamp>6620.970872</timestamp>
			</report>
			<report>
				<misses>760800001</misses>
				<total>0</total>
				<timestamp>6621.832991</timestamp>
			</report>
			<report>
				<misses>760900001</misses>
				<total>0</total>
				<timestamp>6622.702326</timestamp>
			</report>
			<report>
				<misses>761000001</misses>
				<total>0</total>
				<timestamp>6623.576765</timestamp>
			</report>
			<report>
				<misses>761100001</misses>
				<total>0</total>
				<timestamp>6624.444856</timestamp>
			</report>
			<report>
				<misses>761200001</misses>
				<total>0</total>
				<timestamp>6625.315307</timestamp>
			</report>
			<report>
				<misses>761300001</misses>
				<total>0</total>
				<timestamp>6626.182797</timestamp>
			</report>
			<report>
				<misses>761400001</misses>
				<total>0</total>
				<timestamp>6627.041708</timestamp>
			</report>
			<report>
				<misses>761500001</misses>
				<total>0</total>
				<timestamp>6627.906093</timestamp>
			</report>
			<report>
				<misses>761600001</misses>
				<total>0</total>
				<timestamp>6628.772029</timestamp>
			</report>
			<report>
				<misses>761700001</misses>
				<total>0</total>
				<timestamp>6629.650349</timestamp>
			</report>
			<report>
				<misses>761800001</misses>
				<total>0</total>
				<timestamp>6630.527280</timestamp>
			</report>
			<report>
				<misses>761900001</misses>
				<total>0</total>
				<timestamp>6631.403251</timestamp>
			</report>
			<report>
				<misses>762000001</misses>
				<total>0</total>
				<timestamp>6632.267736</timestamp>
			</report>
			<report>
				<misses>762100001</misses>
				<total>0</total>
				<timestamp>6633.137568</timestamp>
			</report>
			<report>
				<misses>762200001</misses>
				<total>0</total>
				<timestamp>6633.995844</timestamp>
			</report>
			<report>
				<misses>762300001</misses>
				<total>0</total>
				<timestamp>6634.867113</timestamp>
			</report>
			<report>
				<misses>762400001</misses>
				<total>0</total>
				<timestamp>6635.760889</timestamp>
			</report>
			<report>
				<misses>762500001</misses>
				<total>0</total>
				<timestamp>6636.626794</timestamp>
			</report>
			<report>
				<misses>762600001</misses>
				<total>0</total>
				<timestamp>6637.503625</timestamp>
			</report>
			<report>
				<misses>762700001</misses>
				<total>0</total>
				<timestamp>6638.381693</timestamp>
			</report>
			<report>
				<misses>762800001</misses>
				<total>0</total>
				<timestamp>6639.235450</timestamp>
			</report>
			<report>
				<misses>762900001</misses>
				<total>0</total>
				<timestamp>6640.086034</timestamp>
			</report>
			<report>
				<misses>763000001</misses>
				<total>0</total>
				<timestamp>6640.957545</timestamp>
			</report>
			<report>
				<misses>763100001</misses>
				<total>0</total>
				<timestamp>6641.837903</timestamp>
			</report>
			<report>
				<misses>763200001</misses>
				<total>0</total>
				<timestamp>6642.710428</timestamp>
			</report>
			<report>
				<misses>763300001</misses>
				<total>0</total>
				<timestamp>6643.599976</timestamp>
			</report>
			<report>
				<misses>763400001</misses>
				<total>0</total>
				<timestamp>6644.495166</timestamp>
			</report>
			<report>
				<misses>763500001</misses>
				<total>0</total>
				<timestamp>6645.377564</timestamp>
			</report>
			<report>
				<misses>763600001</misses>
				<total>0</total>
				<timestamp>6646.259580</timestamp>
			</report>
			<report>
				<misses>763700001</misses>
				<total>0</total>
				<timestamp>6647.121801</timestamp>
			</report>
			<report>
				<misses>763800001</misses>
				<total>0</total>
				<timestamp>6648.003935</timestamp>
			</report>
			<report>
				<misses>763900001</misses>
				<total>0</total>
				<timestamp>6648.868032</timestamp>
			</report>
			<report>
				<misses>764000001</misses>
				<total>0</total>
				<timestamp>6649.746231</timestamp>
			</report>
			<report>
				<misses>764100001</misses>
				<total>0</total>
				<timestamp>6650.620984</timestamp>
			</report>
			<report>
				<misses>764200001</misses>
				<total>0</total>
				<timestamp>6651.488499</timestamp>
			</report>
			<report>
				<misses>764300001</misses>
				<total>0</total>
				<timestamp>6652.351775</timestamp>
			</report>
			<report>
				<misses>764400001</misses>
				<total>0</total>
				<timestamp>6653.225088</timestamp>
			</report>
			<report>
				<misses>764500001</misses>
				<total>0</total>
				<timestamp>6654.081693</timestamp>
			</report>
			<report>
				<misses>764600001</misses>
				<total>0</total>
				<timestamp>6654.940046</timestamp>
			</report>
			<report>
				<misses>764700001</misses>
				<total>0</total>
				<timestamp>6655.817389</timestamp>
			</report>
			<report>
				<misses>764800001</misses>
				<total>0</total>
				<timestamp>6656.695412</timestamp>
			</report>
			<report>
				<misses>764900001</misses>
				<total>0</total>
				<timestamp>6657.563174</timestamp>
			</report>
			<report>
				<misses>765000001</misses>
				<total>0</total>
				<timestamp>6658.428981</timestamp>
			</report>
			<report>
				<misses>765100001</misses>
				<total>0</total>
				<timestamp>6659.290871</timestamp>
			</report>
			<report>
				<misses>765200001</misses>
				<total>0</total>
				<timestamp>6660.158415</timestamp>
			</report>
			<report>
				<misses>765300001</misses>
				<total>0</total>
				<timestamp>6661.014221</timestamp>
			</report>
			<report>
				<misses>765400001</misses>
				<total>0</total>
				<timestamp>6661.879106</timestamp>
			</report>
			<report>
				<misses>765500001</misses>
				<total>0</total>
				<timestamp>6662.753167</timestamp>
			</report>
			<report>
				<misses>765600001</misses>
				<total>0</total>
				<timestamp>6663.622035</timestamp>
			</report>
			<report>
				<misses>765700001</misses>
				<total>0</total>
				<timestamp>6664.492420</timestamp>
			</report>
			<report>
				<misses>765800001</misses>
				<total>0</total>
				<timestamp>6665.363926</timestamp>
			</report>
			<report>
				<misses>765900001</misses>
				<total>0</total>
				<timestamp>6666.231737</timestamp>
			</report>
			<report>
				<misses>766000001</misses>
				<total>0</total>
				<timestamp>6667.105058</timestamp>
			</report>
			<report>
				<misses>766100001</misses>
				<total>0</total>
				<timestamp>6667.969040</timestamp>
			</report>
			<report>
				<misses>766200001</misses>
				<total>0</total>
				<timestamp>6668.823265</timestamp>
			</report>
			<report>
				<misses>766300001</misses>
				<total>0</total>
				<timestamp>6669.702758</timestamp>
			</report>
			<report>
				<misses>766400001</misses>
				<total>0</total>
				<timestamp>6670.576373</timestamp>
			</report>
			<report>
				<misses>766500001</misses>
				<total>0</total>
				<timestamp>6671.458675</timestamp>
			</report>
			<report>
				<misses>766600001</misses>
				<total>0</total>
				<timestamp>6672.320432</timestamp>
			</report>
			<report>
				<misses>766700001</misses>
				<total>0</total>
				<timestamp>6673.192700</timestamp>
			</report>
			<report>
				<misses>766800001</misses>
				<total>0</total>
				<timestamp>6674.072259</timestamp>
			</report>
			<report>
				<misses>766900001</misses>
				<total>0</total>
				<timestamp>6674.949947</timestamp>
			</report>
			<report>
				<misses>767000001</misses>
				<total>0</total>
				<timestamp>6675.826214</timestamp>
			</report>
			<report>
				<misses>767100001</misses>
				<total>0</total>
				<timestamp>6676.712763</timestamp>
			</report>
			<report>
				<misses>767200001</misses>
				<total>0</total>
				<timestamp>6677.597375</timestamp>
			</report>
			<report>
				<misses>767300001</misses>
				<total>0</total>
				<timestamp>6678.471284</timestamp>
			</report>
			<report>
				<misses>767400001</misses>
				<total>0</total>
				<timestamp>6679.336564</timestamp>
			</report>
			<report>
				<misses>767500001</misses>
				<total>0</total>
				<timestamp>6680.208538</timestamp>
			</report>
			<report>
				<misses>767600001</misses>
				<total>0</total>
				<timestamp>6681.077870</timestamp>
			</report>
			<report>
				<misses>767700001</misses>
				<total>0</total>
				<timestamp>6681.950760</timestamp>
			</report>
			<report>
				<misses>767800001</misses>
				<total>0</total>
				<timestamp>6682.819694</timestamp>
			</report>
			<report>
				<misses>767900001</misses>
				<total>0</total>
				<timestamp>6683.693220</timestamp>
			</report>
			<report>
				<misses>768000001</misses>
				<total>0</total>
				<timestamp>6684.567423</timestamp>
			</report>
			<report>
				<misses>768100001</misses>
				<total>0</total>
				<timestamp>6685.434205</timestamp>
			</report>
			<report>
				<misses>768200001</misses>
				<total>0</total>
				<timestamp>6686.295935</timestamp>
			</report>
			<report>
				<misses>768300001</misses>
				<total>0</total>
				<timestamp>6687.166116</timestamp>
			</report>
			<report>
				<misses>768400001</misses>
				<total>0</total>
				<timestamp>6688.038949</timestamp>
			</report>
			<report>
				<misses>768500001</misses>
				<total>0</total>
				<timestamp>6688.916511</timestamp>
			</report>
			<report>
				<misses>768600001</misses>
				<total>0</total>
				<timestamp>6689.781040</timestamp>
			</report>
			<report>
				<misses>768700001</misses>
				<total>0</total>
				<timestamp>6690.655420</timestamp>
			</report>
			<report>
				<misses>768800001</misses>
				<total>0</total>
				<timestamp>6691.526302</timestamp>
			</report>
			<report>
				<misses>768900001</misses>
				<total>0</total>
				<timestamp>6692.403338</timestamp>
			</report>
			<report>
				<misses>769000001</misses>
				<total>0</total>
				<timestamp>6693.283860</timestamp>
			</report>
			<report>
				<misses>769100001</misses>
				<total>0</total>
				<timestamp>6694.151400</timestamp>
			</report>
			<report>
				<misses>769200001</misses>
				<total>0</total>
				<timestamp>6695.023268</timestamp>
			</report>
			<report>
				<misses>769300001</misses>
				<total>0</total>
				<timestamp>6695.899399</timestamp>
			</report>
			<report>
				<misses>769400001</misses>
				<total>0</total>
				<timestamp>6696.761263</timestamp>
			</report>
			<report>
				<misses>769500001</misses>
				<total>0</total>
				<timestamp>6697.621493</timestamp>
			</report>
			<report>
				<misses>769600001</misses>
				<total>0</total>
				<timestamp>6698.484288</timestamp>
			</report>
			<report>
				<misses>769700001</misses>
				<total>0</total>
				<timestamp>6699.357174</timestamp>
			</report>
			<report>
				<misses>769800001</misses>
				<total>0</total>
				<timestamp>6700.224168</timestamp>
			</report>
			<report>
				<misses>769900001</misses>
				<total>0</total>
				<timestamp>6701.094223</timestamp>
			</report>
			<report>
				<misses>770000001</misses>
				<total>0</total>
				<timestamp>6701.954896</timestamp>
			</report>
			<report>
				<misses>770100001</misses>
				<total>0</total>
				<timestamp>6702.830688</timestamp>
			</report>
			<report>
				<misses>770200001</misses>
				<total>0</total>
				<timestamp>6703.681139</timestamp>
			</report>
			<report>
				<misses>770300001</misses>
				<total>0</total>
				<timestamp>6704.543442</timestamp>
			</report>
			<report>
				<misses>770400001</misses>
				<total>0</total>
				<timestamp>6705.411949</timestamp>
			</report>
			<report>
				<misses>770500001</misses>
				<total>0</total>
				<timestamp>6706.293422</timestamp>
			</report>
			<report>
				<misses>770600001</misses>
				<total>0</total>
				<timestamp>6707.179448</timestamp>
			</report>
			<report>
				<misses>770700001</misses>
				<total>0</total>
				<timestamp>6708.064283</timestamp>
			</report>
			<report>
				<misses>770800001</misses>
				<total>0</total>
				<timestamp>6708.945465</timestamp>
			</report>
			<report>
				<misses>770900001</misses>
				<total>0</total>
				<timestamp>6709.824401</timestamp>
			</report>
			<report>
				<misses>771000001</misses>
				<total>0</total>
				<timestamp>6710.696163</timestamp>
			</report>
			<report>
				<misses>771100001</misses>
				<total>0</total>
				<timestamp>6711.561064</timestamp>
			</report>
			<report>
				<misses>771200001</misses>
				<total>0</total>
				<timestamp>6712.430073</timestamp>
			</report>
			<report>
				<misses>771300001</misses>
				<total>0</total>
				<timestamp>6713.308802</timestamp>
			</report>
			<report>
				<misses>771400001</misses>
				<total>0</total>
				<timestamp>6714.189757</timestamp>
			</report>
			<report>
				<misses>771500001</misses>
				<total>0</total>
				<timestamp>6715.056978</timestamp>
			</report>
			<report>
				<misses>771600001</misses>
				<total>0</total>
				<timestamp>6715.937931</timestamp>
			</report>
			<report>
				<misses>771700001</misses>
				<total>0</total>
				<timestamp>6716.805007</timestamp>
			</report>
			<report>
				<misses>771800001</misses>
				<total>0</total>
				<timestamp>6717.696127</timestamp>
			</report>
			<report>
				<misses>771900001</misses>
				<total>0</total>
				<timestamp>6718.564676</timestamp>
			</report>
			<report>
				<misses>772000001</misses>
				<total>0</total>
				<timestamp>6719.443134</timestamp>
			</report>
			<report>
				<misses>772100001</misses>
				<total>0</total>
				<timestamp>6720.312049</timestamp>
			</report>
			<report>
				<misses>772200001</misses>
				<total>0</total>
				<timestamp>6721.179373</timestamp>
			</report>
			<report>
				<misses>772300001</misses>
				<total>0</total>
				<timestamp>6722.053146</timestamp>
			</report>
			<report>
				<misses>772400001</misses>
				<total>0</total>
				<timestamp>6722.917049</timestamp>
			</report>
			<report>
				<misses>772500001</misses>
				<total>0</total>
				<timestamp>6723.793135</timestamp>
			</report>
			<report>
				<misses>772600001</misses>
				<total>0</total>
				<timestamp>6724.653564</timestamp>
			</report>
			<report>
				<misses>772700001</misses>
				<total>0</total>
				<timestamp>6725.502598</timestamp>
			</report>
			<report>
				<misses>772800001</misses>
				<total>0</total>
				<timestamp>6726.369043</timestamp>
			</report>
			<report>
				<misses>772900001</misses>
				<total>0</total>
				<timestamp>6727.248042</timestamp>
			</report>
			<report>
				<misses>773000001</misses>
				<total>0</total>
				<timestamp>6728.124753</timestamp>
			</report>
			<report>
				<misses>773100001</misses>
				<total>0</total>
				<timestamp>6728.999127</timestamp>
			</report>
			<report>
				<misses>773200001</misses>
				<total>0</total>
				<timestamp>6729.857878</timestamp>
			</report>
			<report>
				<misses>773300001</misses>
				<total>0</total>
				<timestamp>6730.741560</timestamp>
			</report>
			<report>
				<misses>773400001</misses>
				<total>0</total>
				<timestamp>6731.609341</timestamp>
			</report>
			<report>
				<misses>773500001</misses>
				<total>0</total>
				<timestamp>6732.476525</timestamp>
			</report>
			<report>
				<misses>773600001</misses>
				<total>0</total>
				<timestamp>6733.342952</timestamp>
			</report>
			<report>
				<misses>773700001</misses>
				<total>0</total>
				<timestamp>6734.219941</timestamp>
			</report>
			<report>
				<misses>773800001</misses>
				<total>0</total>
				<timestamp>6735.087870</timestamp>
			</report>
			<report>
				<misses>773900001</misses>
				<total>0</total>
				<timestamp>6735.956855</timestamp>
			</report>
			<report>
				<misses>774000001</misses>
				<total>0</total>
				<timestamp>6736.819060</timestamp>
			</report>
			<report>
				<misses>774100001</misses>
				<total>0</total>
				<timestamp>6737.699405</timestamp>
			</report>
			<report>
				<misses>774200001</misses>
				<total>0</total>
				<timestamp>6738.561292</timestamp>
			</report>
			<report>
				<misses>774300001</misses>
				<total>0</total>
				<timestamp>6739.421556</timestamp>
			</report>
			<report>
				<misses>774400001</misses>
				<total>0</total>
				<timestamp>6740.299961</timestamp>
			</report>
			<report>
				<misses>774500001</misses>
				<total>0</total>
				<timestamp>6741.159229</timestamp>
			</report>
			<report>
				<misses>774600001</misses>
				<total>0</total>
				<timestamp>6742.032907</timestamp>
			</report>
			<report>
				<misses>774700001</misses>
				<total>0</total>
				<timestamp>6742.898271</timestamp>
			</report>
			<report>
				<misses>774800001</misses>
				<total>0</total>
				<timestamp>6743.769878</timestamp>
			</report>
			<report>
				<misses>774900001</misses>
				<total>0</total>
				<timestamp>6744.640206</timestamp>
			</report>
			<report>
				<misses>775000001</misses>
				<total>0</total>
				<timestamp>6745.508511</timestamp>
			</report>
			<report>
				<misses>775100001</misses>
				<total>0</total>
				<timestamp>6746.375204</timestamp>
			</report>
			<report>
				<misses>775200001</misses>
				<total>0</total>
				<timestamp>6747.252502</timestamp>
			</report>
			<report>
				<misses>775300001</misses>
				<total>0</total>
				<timestamp>6748.121486</timestamp>
			</report>
			<report>
				<misses>775400001</misses>
				<total>0</total>
				<timestamp>6748.984331</timestamp>
			</report>
			<report>
				<misses>775500001</misses>
				<total>0</total>
				<timestamp>6749.850268</timestamp>
			</report>
			<report>
				<misses>775600001</misses>
				<total>0</total>
				<timestamp>6750.721568</timestamp>
			</report>
			<report>
				<misses>775700001</misses>
				<total>0</total>
				<timestamp>6751.588403</timestamp>
			</report>
			<report>
				<misses>775800001</misses>
				<total>0</total>
				<timestamp>6752.456116</timestamp>
			</report>
			<report>
				<misses>775900001</misses>
				<total>0</total>
				<timestamp>6753.328269</timestamp>
			</report>
			<report>
				<misses>776000001</misses>
				<total>0</total>
				<timestamp>6754.200673</timestamp>
			</report>
			<report>
				<misses>776100001</misses>
				<total>0</total>
				<timestamp>6755.077268</timestamp>
			</report>
			<report>
				<misses>776200001</misses>
				<total>0</total>
				<timestamp>6755.953973</timestamp>
			</report>
			<report>
				<misses>776300001</misses>
				<total>0</total>
				<timestamp>6756.846793</timestamp>
			</report>
			<report>
				<misses>776400001</misses>
				<total>0</total>
				<timestamp>6757.726467</timestamp>
			</report>
			<report>
				<misses>776500001</misses>
				<total>0</total>
				<timestamp>6758.610434</timestamp>
			</report>
			<report>
				<misses>776600001</misses>
				<total>0</total>
				<timestamp>6759.488371</timestamp>
			</report>
			<report>
				<misses>776700001</misses>
				<total>0</total>
				<timestamp>6760.362455</timestamp>
			</report>
			<report>
				<misses>776800001</misses>
				<total>0</total>
				<timestamp>6761.219274</timestamp>
			</report>
			<report>
				<misses>776900001</misses>
				<total>0</total>
				<timestamp>6762.091552</timestamp>
			</report>
			<report>
				<misses>777000001</misses>
				<total>0</total>
				<timestamp>6762.969305</timestamp>
			</report>
			<report>
				<misses>777100001</misses>
				<total>0</total>
				<timestamp>6763.848204</timestamp>
			</report>
			<report>
				<misses>777200001</misses>
				<total>0</total>
				<timestamp>6764.727872</timestamp>
			</report>
			<report>
				<misses>777300001</misses>
				<total>0</total>
				<timestamp>6765.596359</timestamp>
			</report>
			<report>
				<misses>777400001</misses>
				<total>0</total>
				<timestamp>6766.466426</timestamp>
			</report>
			<report>
				<misses>777500001</misses>
				<total>0</total>
				<timestamp>6767.326886</timestamp>
			</report>
			<report>
				<misses>777600001</misses>
				<total>0</total>
				<timestamp>6768.205225</timestamp>
			</report>
			<report>
				<misses>777700001</misses>
				<total>0</total>
				<timestamp>6769.069737</timestamp>
			</report>
			<report>
				<misses>777800001</misses>
				<total>0</total>
				<timestamp>6769.944265</timestamp>
			</report>
			<report>
				<misses>777900001</misses>
				<total>0</total>
				<timestamp>6770.810516</timestamp>
			</report>
			<report>
				<misses>778000001</misses>
				<total>0</total>
				<timestamp>6771.675385</timestamp>
			</report>
			<report>
				<misses>778100001</misses>
				<total>0</total>
				<timestamp>6772.536514</timestamp>
			</report>
			<report>
				<misses>778200001</misses>
				<total>0</total>
				<timestamp>6773.412350</timestamp>
			</report>
			<report>
				<misses>778300001</misses>
				<total>0</total>
				<timestamp>6774.287714</timestamp>
			</report>
			<report>
				<misses>778400001</misses>
				<total>0</total>
				<timestamp>6775.152045</timestamp>
			</report>
			<report>
				<misses>778500001</misses>
				<total>0</total>
				<timestamp>6776.030580</timestamp>
			</report>
			<report>
				<misses>778600001</misses>
				<total>0</total>
				<timestamp>6776.899310</timestamp>
			</report>
			<report>
				<misses>778700001</misses>
				<total>0</total>
				<timestamp>6777.779031</timestamp>
			</report>
			<report>
				<misses>778800001</misses>
				<total>0</total>
				<timestamp>6778.649458</timestamp>
			</report>
			<report>
				<misses>778900001</misses>
				<total>0</total>
				<timestamp>6779.527732</timestamp>
			</report>
			<report>
				<misses>779000001</misses>
				<total>0</total>
				<timestamp>6780.390288</timestamp>
			</report>
			<report>
				<misses>779100001</misses>
				<total>0</total>
				<timestamp>6781.266742</timestamp>
			</report>
			<report>
				<misses>779200001</misses>
				<total>0</total>
				<timestamp>6782.137872</timestamp>
			</report>
			<report>
				<misses>779300001</misses>
				<total>0</total>
				<timestamp>6783.010605</timestamp>
			</report>
			<report>
				<misses>779400001</misses>
				<total>0</total>
				<timestamp>6783.865497</timestamp>
			</report>
			<report>
				<misses>779500001</misses>
				<total>0</total>
				<timestamp>6784.731134</timestamp>
			</report>
			<report>
				<misses>779600001</misses>
				<total>0</total>
				<timestamp>6785.595507</timestamp>
			</report>
			<report>
				<misses>779700001</misses>
				<total>0</total>
				<timestamp>6786.452435</timestamp>
			</report>
			<report>
				<misses>779800001</misses>
				<total>0</total>
				<timestamp>6787.329216</timestamp>
			</report>
			<report>
				<misses>779900001</misses>
				<total>0</total>
				<timestamp>6788.199227</timestamp>
			</report>
			<report>
				<misses>780000001</misses>
				<total>0</total>
				<timestamp>6789.058070</timestamp>
			</report>
			<report>
				<misses>780100001</misses>
				<total>0</total>
				<timestamp>6789.928827</timestamp>
			</report>
			<report>
				<misses>780200001</misses>
				<total>0</total>
				<timestamp>6790.799662</timestamp>
			</report>
			<report>
				<misses>780300001</misses>
				<total>0</total>
				<timestamp>6791.672129</timestamp>
			</report>
			<report>
				<misses>780400001</misses>
				<total>0</total>
				<timestamp>6792.547706</timestamp>
			</report>
			<report>
				<misses>780500001</misses>
				<total>0</total>
				<timestamp>6793.412599</timestamp>
			</report>
			<report>
				<misses>780600001</misses>
				<total>0</total>
				<timestamp>6794.281152</timestamp>
			</report>
			<report>
				<misses>780700001</misses>
				<total>0</total>
				<timestamp>6795.149742</timestamp>
			</report>
			<report>
				<misses>780800001</misses>
				<total>0</total>
				<timestamp>6796.026546</timestamp>
			</report>
			<report>
				<misses>780900001</misses>
				<total>0</total>
				<timestamp>6796.897007</timestamp>
			</report>
			<report>
				<misses>781000001</misses>
				<total>0</total>
				<timestamp>6797.777860</timestamp>
			</report>
			<report>
				<misses>781100001</misses>
				<total>0</total>
				<timestamp>6798.646143</timestamp>
			</report>
			<report>
				<misses>781200001</misses>
				<total>0</total>
				<timestamp>6799.517470</timestamp>
			</report>
			<report>
				<misses>781300001</misses>
				<total>0</total>
				<timestamp>6800.397965</timestamp>
			</report>
			<report>
				<misses>781400001</misses>
				<total>0</total>
				<timestamp>6801.266264</timestamp>
			</report>
			<report>
				<misses>781500001</misses>
				<total>0</total>
				<timestamp>6802.147096</timestamp>
			</report>
			<report>
				<misses>781600001</misses>
				<total>0</total>
				<timestamp>6803.016164</timestamp>
			</report>
			<report>
				<misses>781700001</misses>
				<total>0</total>
				<timestamp>6803.891447</timestamp>
			</report>
			<report>
				<misses>781800001</misses>
				<total>0</total>
				<timestamp>6804.758289</timestamp>
			</report>
			<report>
				<misses>781900001</misses>
				<total>0</total>
				<timestamp>6805.631546</timestamp>
			</report>
			<report>
				<misses>782000001</misses>
				<total>0</total>
				<timestamp>6806.496388</timestamp>
			</report>
			<report>
				<misses>782100001</misses>
				<total>0</total>
				<timestamp>6807.366803</timestamp>
			</report>
			<report>
				<misses>782200001</misses>
				<total>0</total>
				<timestamp>6808.251991</timestamp>
			</report>
			<report>
				<misses>782300001</misses>
				<total>0</total>
				<timestamp>6809.134381</timestamp>
			</report>
			<report>
				<misses>782400001</misses>
				<total>0</total>
				<timestamp>6810.013099</timestamp>
			</report>
			<report>
				<misses>782500001</misses>
				<total>0</total>
				<timestamp>6810.903957</timestamp>
			</report>
			<report>
				<misses>782600001</misses>
				<total>0</total>
				<timestamp>6811.788050</timestamp>
			</report>
			<report>
				<misses>782700001</misses>
				<total>0</total>
				<timestamp>6812.653371</timestamp>
			</report>
			<report>
				<misses>782800001</misses>
				<total>0</total>
				<timestamp>6813.529030</timestamp>
			</report>
			<report>
				<misses>782900001</misses>
				<total>0</total>
				<timestamp>6814.409212</timestamp>
			</report>
			<report>
				<misses>783000001</misses>
				<total>0</total>
				<timestamp>6815.278682</timestamp>
			</report>
			<report>
				<misses>783100001</misses>
				<total>0</total>
				<timestamp>6816.140735</timestamp>
			</report>
			<report>
				<misses>783200001</misses>
				<total>0</total>
				<timestamp>6817.008383</timestamp>
			</report>
			<report>
				<misses>783300001</misses>
				<total>0</total>
				<timestamp>6817.867309</timestamp>
			</report>
			<report>
				<misses>783400001</misses>
				<total>0</total>
				<timestamp>6818.735353</timestamp>
			</report>
			<report>
				<misses>783500001</misses>
				<total>0</total>
				<timestamp>6819.614501</timestamp>
			</report>
			<report>
				<misses>783600001</misses>
				<total>0</total>
				<timestamp>6820.476898</timestamp>
			</report>
			<report>
				<misses>783700001</misses>
				<total>0</total>
				<timestamp>6821.349060</timestamp>
			</report>
			<report>
				<misses>783800001</misses>
				<total>0</total>
				<timestamp>6822.218885</timestamp>
			</report>
			<report>
				<misses>783900001</misses>
				<total>0</total>
				<timestamp>6823.094848</timestamp>
			</report>
			<report>
				<misses>784000001</misses>
				<total>0</total>
				<timestamp>6823.969275</timestamp>
			</report>
			<report>
				<misses>784100001</misses>
				<total>0</total>
				<timestamp>6824.837189</timestamp>
			</report>
			<report>
				<misses>784200001</misses>
				<total>0</total>
				<timestamp>6825.701327</timestamp>
			</report>
			<report>
				<misses>784300001</misses>
				<total>0</total>
				<timestamp>6826.573412</timestamp>
			</report>
			<report>
				<misses>784400001</misses>
				<total>0</total>
				<timestamp>6827.445425</timestamp>
			</report>
			<report>
				<misses>784500001</misses>
				<total>0</total>
				<timestamp>6828.318767</timestamp>
			</report>
			<report>
				<misses>784600001</misses>
				<total>0</total>
				<timestamp>6829.179870</timestamp>
			</report>
			<report>
				<misses>784700001</misses>
				<total>0</total>
				<timestamp>6830.035809</timestamp>
			</report>
			<report>
				<misses>784800001</misses>
				<total>0</total>
				<timestamp>6830.907572</timestamp>
			</report>
			<report>
				<misses>784900001</misses>
				<total>0</total>
				<timestamp>6831.782284</timestamp>
			</report>
			<report>
				<misses>785000001</misses>
				<total>0</total>
				<timestamp>6832.653222</timestamp>
			</report>
			<report>
				<misses>785100001</misses>
				<total>0</total>
				<timestamp>6833.581784</timestamp>
			</report>
			<report>
				<misses>785200001</misses>
				<total>0</total>
				<timestamp>6834.513847</timestamp>
			</report>
			<report>
				<misses>785300001</misses>
				<total>0</total>
				<timestamp>6835.461446</timestamp>
			</report>
			<report>
				<misses>785400001</misses>
				<total>0</total>
				<timestamp>6836.331374</timestamp>
			</report>
			<report>
				<misses>785500001</misses>
				<total>0</total>
				<timestamp>6837.200204</timestamp>
			</report>
			<report>
				<misses>785600001</misses>
				<total>0</total>
				<timestamp>6838.058003</timestamp>
			</report>
			<report>
				<misses>785700001</misses>
				<total>0</total>
				<timestamp>6838.927962</timestamp>
			</report>
			<report>
				<misses>785800001</misses>
				<total>0</total>
				<timestamp>6839.807825</timestamp>
			</report>
			<report>
				<misses>785900001</misses>
				<total>0</total>
				<timestamp>6840.680331</timestamp>
			</report>
			<report>
				<misses>786000001</misses>
				<total>0</total>
				<timestamp>6841.553193</timestamp>
			</report>
			<report>
				<misses>786100001</misses>
				<total>0</total>
				<timestamp>6842.437043</timestamp>
			</report>
			<report>
				<misses>786200001</misses>
				<total>0</total>
				<timestamp>6843.304030</timestamp>
			</report>
			<report>
				<misses>786300001</misses>
				<total>0</total>
				<timestamp>6844.182050</timestamp>
			</report>
			<report>
				<misses>786400001</misses>
				<total>0</total>
				<timestamp>6845.047602</timestamp>
			</report>
			<report>
				<misses>786500001</misses>
				<total>0</total>
				<timestamp>6845.903069</timestamp>
			</report>
			<report>
				<misses>786600001</misses>
				<total>0</total>
				<timestamp>6846.764094</timestamp>
			</report>
			<report>
				<misses>786700001</misses>
				<total>0</total>
				<timestamp>6847.639825</timestamp>
			</report>
			<report>
				<misses>786800001</misses>
				<total>0</total>
				<timestamp>6848.498848</timestamp>
			</report>
			<report>
				<misses>786900001</misses>
				<total>0</total>
				<timestamp>6849.375630</timestamp>
			</report>
			<report>
				<misses>787000001</misses>
				<total>0</total>
				<timestamp>6850.252153</timestamp>
			</report>
			<report>
				<misses>787100001</misses>
				<total>0</total>
				<timestamp>6851.116120</timestamp>
			</report>
			<report>
				<misses>787200001</misses>
				<total>0</total>
				<timestamp>6851.975014</timestamp>
			</report>
			<report>
				<misses>787300001</misses>
				<total>0</total>
				<timestamp>6852.853071</timestamp>
			</report>
			<report>
				<misses>787400001</misses>
				<total>0</total>
				<timestamp>6853.718479</timestamp>
			</report>
			<report>
				<misses>787500001</misses>
				<total>0</total>
				<timestamp>6854.583917</timestamp>
			</report>
			<report>
				<misses>787600001</misses>
				<total>0</total>
				<timestamp>6855.454386</timestamp>
			</report>
			<report>
				<misses>787700001</misses>
				<total>0</total>
				<timestamp>6856.319068</timestamp>
			</report>
			<report>
				<misses>787800001</misses>
				<total>0</total>
				<timestamp>6857.158338</timestamp>
			</report>
			<report>
				<misses>787900001</misses>
				<total>0</total>
				<timestamp>6858.002665</timestamp>
			</report>
			<report>
				<misses>788000001</misses>
				<total>0</total>
				<timestamp>6858.877154</timestamp>
			</report>
			<report>
				<misses>788100001</misses>
				<total>0</total>
				<timestamp>6859.745642</timestamp>
			</report>
			<report>
				<misses>788200001</misses>
				<total>0</total>
				<timestamp>6860.615006</timestamp>
			</report>
			<report>
				<misses>788300001</misses>
				<total>0</total>
				<timestamp>6861.490683</timestamp>
			</report>
			<report>
				<misses>788400001</misses>
				<total>0</total>
				<timestamp>6862.376425</timestamp>
			</report>
			<report>
				<misses>788500001</misses>
				<total>0</total>
				<timestamp>6863.253726</timestamp>
			</report>
			<report>
				<misses>788600001</misses>
				<total>0</total>
				<timestamp>6864.136682</timestamp>
			</report>
			<report>
				<misses>788700001</misses>
				<total>0</total>
				<timestamp>6865.027597</timestamp>
			</report>
			<report>
				<misses>788800001</misses>
				<total>0</total>
				<timestamp>6865.912764</timestamp>
			</report>
			<report>
				<misses>788900001</misses>
				<total>0</total>
				<timestamp>6866.786653</timestamp>
			</report>
			<report>
				<misses>789000001</misses>
				<total>0</total>
				<timestamp>6867.656456</timestamp>
			</report>
			<report>
				<misses>789100001</misses>
				<total>0</total>
				<timestamp>6868.519608</timestamp>
			</report>
			<report>
				<misses>789200001</misses>
				<total>0</total>
				<timestamp>6869.390292</timestamp>
			</report>
			<report>
				<misses>789300001</misses>
				<total>0</total>
				<timestamp>6870.257256</timestamp>
			</report>
			<report>
				<misses>789400001</misses>
				<total>0</total>
				<timestamp>6871.116416</timestamp>
			</report>
			<report>
				<misses>789500001</misses>
				<total>0</total>
				<timestamp>6871.981299</timestamp>
			</report>
			<report>
				<misses>789600001</misses>
				<total>0</total>
				<timestamp>6872.852023</timestamp>
			</report>
			<report>
				<misses>789700001</misses>
				<total>0</total>
				<timestamp>6873.715716</timestamp>
			</report>
			<report>
				<misses>789800001</misses>
				<total>0</total>
				<timestamp>6874.589943</timestamp>
			</report>
			<report>
				<misses>789900001</misses>
				<total>0</total>
				<timestamp>6875.462428</timestamp>
			</report>
			<report>
				<misses>790000001</misses>
				<total>0</total>
				<timestamp>6876.334370</timestamp>
			</report>
			<report>
				<misses>790100001</misses>
				<total>0</total>
				<timestamp>6877.195053</timestamp>
			</report>
			<report>
				<misses>790200001</misses>
				<total>0</total>
				<timestamp>6878.076716</timestamp>
			</report>
			<report>
				<misses>790300001</misses>
				<total>0</total>
				<timestamp>6878.948974</timestamp>
			</report>
			<report>
				<misses>790400001</misses>
				<total>0</total>
				<timestamp>6879.805755</timestamp>
			</report>
			<report>
				<misses>790500001</misses>
				<total>0</total>
				<timestamp>6880.677528</timestamp>
			</report>
			<report>
				<misses>790600001</misses>
				<total>0</total>
				<timestamp>6881.560070</timestamp>
			</report>
			<report>
				<misses>790700001</misses>
				<total>0</total>
				<timestamp>6882.427140</timestamp>
			</report>
			<report>
				<misses>790800001</misses>
				<total>0</total>
				<timestamp>6883.303089</timestamp>
			</report>
			<report>
				<misses>790900001</misses>
				<total>0</total>
				<timestamp>6884.169313</timestamp>
			</report>
			<report>
				<misses>791000001</misses>
				<total>0</total>
				<timestamp>6885.058744</timestamp>
			</report>
			<report>
				<misses>791100001</misses>
				<total>0</total>
				<timestamp>6885.929709</timestamp>
			</report>
			<report>
				<misses>791200001</misses>
				<total>0</total>
				<timestamp>6886.796376</timestamp>
			</report>
			<report>
				<misses>791300001</misses>
				<total>0</total>
				<timestamp>6887.668107</timestamp>
			</report>
			<report>
				<misses>791400001</misses>
				<total>0</total>
				<timestamp>6888.531554</timestamp>
			</report>
			<report>
				<misses>791500001</misses>
				<total>0</total>
				<timestamp>6889.400640</timestamp>
			</report>
			<report>
				<misses>791600001</misses>
				<total>0</total>
				<timestamp>6890.277555</timestamp>
			</report>
			<report>
				<misses>791700001</misses>
				<total>0</total>
				<timestamp>6891.151359</timestamp>
			</report>
			<report>
				<misses>791800001</misses>
				<total>0</total>
				<timestamp>6892.021207</timestamp>
			</report>
			<report>
				<misses>791900001</misses>
				<total>0</total>
				<timestamp>6892.889793</timestamp>
			</report>
			<report>
				<misses>792000001</misses>
				<total>0</total>
				<timestamp>6893.760581</timestamp>
			</report>
			<report>
				<misses>792100001</misses>
				<total>0</total>
				<timestamp>6894.639665</timestamp>
			</report>
			<report>
				<misses>792200001</misses>
				<total>0</total>
				<timestamp>6895.502972</timestamp>
			</report>
			<report>
				<misses>792300001</misses>
				<total>0</total>
				<timestamp>6896.377182</timestamp>
			</report>
			<report>
				<misses>792400001</misses>
				<total>0</total>
				<timestamp>6897.217206</timestamp>
			</report>
			<report>
				<misses>792500001</misses>
				<total>0</total>
				<timestamp>6898.095625</timestamp>
			</report>
			<report>
				<misses>792600001</misses>
				<total>0</total>
				<timestamp>6898.962499</timestamp>
			</report>
			<report>
				<misses>792700001</misses>
				<total>0</total>
				<timestamp>6899.828319</timestamp>
			</report>
			<report>
				<misses>792800001</misses>
				<total>0</total>
				<timestamp>6900.709855</timestamp>
			</report>
			<report>
				<misses>792900001</misses>
				<total>0</total>
				<timestamp>6901.577943</timestamp>
			</report>
			<report>
				<misses>793000001</misses>
				<total>0</total>
				<timestamp>6902.450479</timestamp>
			</report>
			<report>
				<misses>793100001</misses>
				<total>0</total>
				<timestamp>6903.318445</timestamp>
			</report>
			<report>
				<misses>793200001</misses>
				<total>0</total>
				<timestamp>6904.196938</timestamp>
			</report>
			<report>
				<misses>793300001</misses>
				<total>0</total>
				<timestamp>6905.057671</timestamp>
			</report>
			<report>
				<misses>793400001</misses>
				<total>0</total>
				<timestamp>6905.931026</timestamp>
			</report>
			<report>
				<misses>793500001</misses>
				<total>0</total>
				<timestamp>6906.794089</timestamp>
			</report>
			<report>
				<misses>793600001</misses>
				<total>0</total>
				<timestamp>6907.660520</timestamp>
			</report>
			<report>
				<misses>793700001</misses>
				<total>0</total>
				<timestamp>6908.528200</timestamp>
			</report>
			<report>
				<misses>793800001</misses>
				<total>0</total>
				<timestamp>6909.389836</timestamp>
			</report>
			<report>
				<misses>793900001</misses>
				<total>0</total>
				<timestamp>6910.233566</timestamp>
			</report>
			<report>
				<misses>794000001</misses>
				<total>0</total>
				<timestamp>6911.110940</timestamp>
			</report>
			<report>
				<misses>794100001</misses>
				<total>0</total>
				<timestamp>6911.982773</timestamp>
			</report>
			<report>
				<misses>794200001</misses>
				<total>0</total>
				<timestamp>6912.854607</timestamp>
			</report>
			<report>
				<misses>794300001</misses>
				<total>0</total>
				<timestamp>6913.727157</timestamp>
			</report>
			<report>
				<misses>794400001</misses>
				<total>0</total>
				<timestamp>6914.594311</timestamp>
			</report>
			<report>
				<misses>794500001</misses>
				<total>0</total>
				<timestamp>6915.470126</timestamp>
			</report>
			<report>
				<misses>794600001</misses>
				<total>0</total>
				<timestamp>6916.336033</timestamp>
			</report>
			<report>
				<misses>794700001</misses>
				<total>0</total>
				<timestamp>6917.217973</timestamp>
			</report>
			<report>
				<misses>794800001</misses>
				<total>0</total>
				<timestamp>6918.105757</timestamp>
			</report>
			<report>
				<misses>794900001</misses>
				<total>0</total>
				<timestamp>6918.984240</timestamp>
			</report>
			<report>
				<misses>795000001</misses>
				<total>0</total>
				<timestamp>6919.853837</timestamp>
			</report>
			<report>
				<misses>795100001</misses>
				<total>0</total>
				<timestamp>6920.727419</timestamp>
			</report>
			<report>
				<misses>795200001</misses>
				<total>0</total>
				<timestamp>6921.593963</timestamp>
			</report>
			<report>
				<misses>795300001</misses>
				<total>0</total>
				<timestamp>6922.466991</timestamp>
			</report>
			<report>
				<misses>795400001</misses>
				<total>0</total>
				<timestamp>6923.324590</timestamp>
			</report>
			<report>
				<misses>795500001</misses>
				<total>0</total>
				<timestamp>6924.190152</timestamp>
			</report>
			<report>
				<misses>795600001</misses>
				<total>0</total>
				<timestamp>6925.066286</timestamp>
			</report>
			<report>
				<misses>795700001</misses>
				<total>0</total>
				<timestamp>6925.935262</timestamp>
			</report>
			<report>
				<misses>795800001</misses>
				<total>0</total>
				<timestamp>6926.801014</timestamp>
			</report>
			<report>
				<misses>795900001</misses>
				<total>0</total>
				<timestamp>6927.678541</timestamp>
			</report>
			<report>
				<misses>796000001</misses>
				<total>0</total>
				<timestamp>6928.536583</timestamp>
			</report>
			<report>
				<misses>796100001</misses>
				<total>0</total>
				<timestamp>6929.415105</timestamp>
			</report>
			<report>
				<misses>796200001</misses>
				<total>0</total>
				<timestamp>6930.280846</timestamp>
			</report>
			<report>
				<misses>796300001</misses>
				<total>0</total>
				<timestamp>6931.150786</timestamp>
			</report>
			<report>
				<misses>796400001</misses>
				<total>0</total>
				<timestamp>6932.018861</timestamp>
			</report>
			<report>
				<misses>796500001</misses>
				<total>0</total>
				<timestamp>6932.880136</timestamp>
			</report>
			<report>
				<misses>796600001</misses>
				<total>0</total>
				<timestamp>6933.749585</timestamp>
			</report>
			<report>
				<misses>796700001</misses>
				<total>0</total>
				<timestamp>6934.618568</timestamp>
			</report>
			<report>
				<misses>796800001</misses>
				<total>0</total>
				<timestamp>6935.496182</timestamp>
			</report>
			<report>
				<misses>796900001</misses>
				<total>0</total>
				<timestamp>6936.357172</timestamp>
			</report>
			<report>
				<misses>797000001</misses>
				<total>0</total>
				<timestamp>6937.206842</timestamp>
			</report>
			<report>
				<misses>797100001</misses>
				<total>0</total>
				<timestamp>6938.073767</timestamp>
			</report>
			<report>
				<misses>797200001</misses>
				<total>0</total>
				<timestamp>6938.949647</timestamp>
			</report>
			<report>
				<misses>797300001</misses>
				<total>0</total>
				<timestamp>6939.814729</timestamp>
			</report>
			<report>
				<misses>797400001</misses>
				<total>0</total>
				<timestamp>6940.679304</timestamp>
			</report>
			<report>
				<misses>797500001</misses>
				<total>0</total>
				<timestamp>6941.562553</timestamp>
			</report>
			<report>
				<misses>797600001</misses>
				<total>0</total>
				<timestamp>6942.438806</timestamp>
			</report>
			<report>
				<misses>797700001</misses>
				<total>0</total>
				<timestamp>6943.315541</timestamp>
			</report>
			<report>
				<misses>797800001</misses>
				<total>0</total>
				<timestamp>6944.190750</timestamp>
			</report>
			<report>
				<misses>797900001</misses>
				<total>0</total>
				<timestamp>6945.066747</timestamp>
			</report>
			<report>
				<misses>798000001</misses>
				<total>0</total>
				<timestamp>6945.926062</timestamp>
			</report>
			<report>
				<misses>798100001</misses>
				<total>0</total>
				<timestamp>6946.796401</timestamp>
			</report>
			<report>
				<misses>798200001</misses>
				<total>0</total>
				<timestamp>6947.652165</timestamp>
			</report>
			<report>
				<misses>798300001</misses>
				<total>0</total>
				<timestamp>6948.519010</timestamp>
			</report>
			<report>
				<misses>798400001</misses>
				<total>0</total>
				<timestamp>6949.377701</timestamp>
			</report>
			<report>
				<misses>798500001</misses>
				<total>0</total>
				<timestamp>6950.258071</timestamp>
			</report>
			<report>
				<misses>798600001</misses>
				<total>0</total>
				<timestamp>6951.132011</timestamp>
			</report>
			<report>
				<misses>798700001</misses>
				<total>0</total>
				<timestamp>6951.999665</timestamp>
			</report>
			<report>
				<misses>798800001</misses>
				<total>0</total>
				<timestamp>6952.865393</timestamp>
			</report>
			<report>
				<misses>798900001</misses>
				<total>0</total>
				<timestamp>6953.739063</timestamp>
			</report>
			<report>
				<misses>799000001</misses>
				<total>0</total>
				<timestamp>6954.602702</timestamp>
			</report>
			<report>
				<misses>799100001</misses>
				<total>0</total>
				<timestamp>6955.466377</timestamp>
			</report>
			<report>
				<misses>799200001</misses>
				<total>0</total>
				<timestamp>6956.338880</timestamp>
			</report>
			<report>
				<misses>799300001</misses>
				<total>0</total>
				<timestamp>6957.213351</timestamp>
			</report>
			<report>
				<misses>799400001</misses>
				<total>0</total>
				<timestamp>6958.083187</timestamp>
			</report>
			<report>
				<misses>799500001</misses>
				<total>0</total>
				<timestamp>6958.957069</timestamp>
			</report>
			<report>
				<misses>799600001</misses>
				<total>0</total>
				<timestamp>6959.818303</timestamp>
			</report>
			<report>
				<misses>799700001</misses>
				<total>0</total>
				<timestamp>6960.692480</timestamp>
			</report>
			<report>
				<misses>799800001</misses>
				<total>0</total>
				<timestamp>6961.564239</timestamp>
			</report>
			<report>
				<misses>799900001</misses>
				<total>0</total>
				<timestamp>6962.438494</timestamp>
			</report>
			<report>
				<misses>800000001</misses>
				<total>0</total>
				<timestamp>6963.307671</timestamp>
			</report>
			<report>
				<misses>800100001</misses>
				<total>0</total>
				<timestamp>6964.181667</timestamp>
			</report>
			<report>
				<misses>800200001</misses>
				<total>0</total>
				<timestamp>6965.056212</timestamp>
			</report>
			<report>
				<misses>800300001</misses>
				<total>0</total>
				<timestamp>6965.930360</timestamp>
			</report>
			<report>
				<misses>800400001</misses>
				<total>0</total>
				<timestamp>6966.806669</timestamp>
			</report>
			<report>
				<misses>800500001</misses>
				<total>0</total>
				<timestamp>6967.691222</timestamp>
			</report>
			<report>
				<misses>800600001</misses>
				<total>0</total>
				<timestamp>6968.570380</timestamp>
			</report>
			<report>
				<misses>800700001</misses>
				<total>0</total>
				<timestamp>6969.451797</timestamp>
			</report>
			<report>
				<misses>800800001</misses>
				<total>0</total>
				<timestamp>6970.330536</timestamp>
			</report>
			<report>
				<misses>800900001</misses>
				<total>0</total>
				<timestamp>6971.210758</timestamp>
			</report>
			<report>
				<misses>801000001</misses>
				<total>0</total>
				<timestamp>6972.076167</timestamp>
			</report>
			<report>
				<misses>801100001</misses>
				<total>0</total>
				<timestamp>6972.958195</timestamp>
			</report>
			<report>
				<misses>801200001</misses>
				<total>0</total>
				<timestamp>6973.823014</timestamp>
			</report>
			<report>
				<misses>801300001</misses>
				<total>0</total>
				<timestamp>6974.694518</timestamp>
			</report>
			<report>
				<misses>801400001</misses>
				<total>0</total>
				<timestamp>6975.571256</timestamp>
			</report>
			<report>
				<misses>801500001</misses>
				<total>0</total>
				<timestamp>6976.448702</timestamp>
			</report>
			<report>
				<misses>801600001</misses>
				<total>0</total>
				<timestamp>6977.324293</timestamp>
			</report>
			<report>
				<misses>801700001</misses>
				<total>0</total>
				<timestamp>6978.198345</timestamp>
			</report>
			<report>
				<misses>801800001</misses>
				<total>0</total>
				<timestamp>6979.069450</timestamp>
			</report>
			<report>
				<misses>801900001</misses>
				<total>0</total>
				<timestamp>6979.935879</timestamp>
			</report>
			<report>
				<misses>802000001</misses>
				<total>0</total>
				<timestamp>6980.811050</timestamp>
			</report>
			<report>
				<misses>802100001</misses>
				<total>0</total>
				<timestamp>6981.683810</timestamp>
			</report>
			<report>
				<misses>802200001</misses>
				<total>0</total>
				<timestamp>6982.554633</timestamp>
			</report>
			<report>
				<misses>802300001</misses>
				<total>0</total>
				<timestamp>6983.425510</timestamp>
			</report>
			<report>
				<misses>802400001</misses>
				<total>0</total>
				<timestamp>6984.282043</timestamp>
			</report>
			<report>
				<misses>802500001</misses>
				<total>0</total>
				<timestamp>6985.159742</timestamp>
			</report>
			<report>
				<misses>802600001</misses>
				<total>0</total>
				<timestamp>6986.021589</timestamp>
			</report>
			<report>
				<misses>802700001</misses>
				<total>0</total>
				<timestamp>6986.880658</timestamp>
			</report>
			<report>
				<misses>802800001</misses>
				<total>0</total>
				<timestamp>6987.750364</timestamp>
			</report>
			<report>
				<misses>802900001</misses>
				<total>0</total>
				<timestamp>6988.620584</timestamp>
			</report>
			<report>
				<misses>803000001</misses>
				<total>0</total>
				<timestamp>6989.490668</timestamp>
			</report>
			<report>
				<misses>803100001</misses>
				<total>0</total>
				<timestamp>6990.354591</timestamp>
			</report>
			<report>
				<misses>803200001</misses>
				<total>0</total>
				<timestamp>6991.225628</timestamp>
			</report>
			<report>
				<misses>803300001</misses>
				<total>0</total>
				<timestamp>6992.093309</timestamp>
			</report>
			<report>
				<misses>803400001</misses>
				<total>0</total>
				<timestamp>6992.962269</timestamp>
			</report>
			<report>
				<misses>803500001</misses>
				<total>0</total>
				<timestamp>6993.832426</timestamp>
			</report>
			<report>
				<misses>803600001</misses>
				<total>0</total>
				<timestamp>6994.701744</timestamp>
			</report>
			<report>
				<misses>803700001</misses>
				<total>0</total>
				<timestamp>6995.572288</timestamp>
			</report>
			<report>
				<misses>803800001</misses>
				<total>0</total>
				<timestamp>6996.440791</timestamp>
			</report>
			<report>
				<misses>803900001</misses>
				<total>0</total>
				<timestamp>6997.313280</timestamp>
			</report>
			<report>
				<misses>804000001</misses>
				<total>0</total>
				<timestamp>6998.177735</timestamp>
			</report>
			<report>
				<misses>804100001</misses>
				<total>0</total>
				<timestamp>6999.052992</timestamp>
			</report>
			<report>
				<misses>804200001</misses>
				<total>0</total>
				<timestamp>6999.923568</timestamp>
			</report>
			<report>
				<misses>804300001</misses>
				<total>0</total>
				<timestamp>7000.786403</timestamp>
			</report>
			<report>
				<misses>804400001</misses>
				<total>0</total>
				<timestamp>7001.652349</timestamp>
			</report>
			<report>
				<misses>804500001</misses>
				<total>0</total>
				<timestamp>7002.514863</timestamp>
			</report>
			<report>
				<misses>804600001</misses>
				<total>0</total>
				<timestamp>7003.386864</timestamp>
			</report>
			<report>
				<misses>804700001</misses>
				<total>0</total>
				<timestamp>7004.251562</timestamp>
			</report>
			<report>
				<misses>804800001</misses>
				<total>0</total>
				<timestamp>7005.124551</timestamp>
			</report>
			<report>
				<misses>804900001</misses>
				<total>0</total>
				<timestamp>7005.983286</timestamp>
			</report>
			<report>
				<misses>805000001</misses>
				<total>0</total>
				<timestamp>7006.843372</timestamp>
			</report>
			<report>
				<misses>805100001</misses>
				<total>0</total>
				<timestamp>7007.708583</timestamp>
			</report>
			<report>
				<misses>805200001</misses>
				<total>0</total>
				<timestamp>7008.583707</timestamp>
			</report>
			<report>
				<misses>805300001</misses>
				<total>0</total>
				<timestamp>7009.463855</timestamp>
			</report>
			<report>
				<misses>805400001</misses>
				<total>0</total>
				<timestamp>7010.329464</timestamp>
			</report>
			<report>
				<misses>805500001</misses>
				<total>0</total>
				<timestamp>7011.200500</timestamp>
			</report>
			<report>
				<misses>805600001</misses>
				<total>0</total>
				<timestamp>7012.070646</timestamp>
			</report>
			<report>
				<misses>805700001</misses>
				<total>0</total>
				<timestamp>7012.949031</timestamp>
			</report>
			<report>
				<misses>805800001</misses>
				<total>0</total>
				<timestamp>7013.815549</timestamp>
			</report>
			<report>
				<misses>805900001</misses>
				<total>0</total>
				<timestamp>7014.680097</timestamp>
			</report>
			<report>
				<misses>806000001</misses>
				<total>0</total>
				<timestamp>7015.556529</timestamp>
			</report>
			<report>
				<misses>806100001</misses>
				<total>0</total>
				<timestamp>7016.424978</timestamp>
			</report>
			<report>
				<misses>806200001</misses>
				<total>0</total>
				<timestamp>7017.286443</timestamp>
			</report>
			<report>
				<misses>806300001</misses>
				<total>0</total>
				<timestamp>7018.150679</timestamp>
			</report>
			<report>
				<misses>806400001</misses>
				<total>0</total>
				<timestamp>7019.017280</timestamp>
			</report>
			<report>
				<misses>806500001</misses>
				<total>0</total>
				<timestamp>7019.883831</timestamp>
			</report>
			<report>
				<misses>806600001</misses>
				<total>0</total>
				<timestamp>7020.748299</timestamp>
			</report>
			<report>
				<misses>806700001</misses>
				<total>0</total>
				<timestamp>7021.619609</timestamp>
			</report>
			<report>
				<misses>806800001</misses>
				<total>0</total>
				<timestamp>7022.492417</timestamp>
			</report>
			<report>
				<misses>806900001</misses>
				<total>0</total>
				<timestamp>7023.370916</timestamp>
			</report>
			<report>
				<misses>807000001</misses>
				<total>0</total>
				<timestamp>7024.250575</timestamp>
			</report>
			<report>
				<misses>807100001</misses>
				<total>0</total>
				<timestamp>7025.129213</timestamp>
			</report>
			<report>
				<misses>807200001</misses>
				<total>0</total>
				<timestamp>7026.006533</timestamp>
			</report>
			<report>
				<misses>807300001</misses>
				<total>0</total>
				<timestamp>7026.877254</timestamp>
			</report>
			<report>
				<misses>807400001</misses>
				<total>0</total>
				<timestamp>7027.753314</timestamp>
			</report>
			<report>
				<misses>807500001</misses>
				<total>0</total>
				<timestamp>7028.631020</timestamp>
			</report>
			<report>
				<misses>807600001</misses>
				<total>0</total>
				<timestamp>7029.498276</timestamp>
			</report>
			<report>
				<misses>807700001</misses>
				<total>0</total>
				<timestamp>7030.363494</timestamp>
			</report>
			<report>
				<misses>807800001</misses>
				<total>0</total>
				<timestamp>7031.213227</timestamp>
			</report>
			<report>
				<misses>807900001</misses>
				<total>0</total>
				<timestamp>7032.082404</timestamp>
			</report>
			<report>
				<misses>808000001</misses>
				<total>0</total>
				<timestamp>7032.953193</timestamp>
			</report>
			<report>
				<misses>808100001</misses>
				<total>0</total>
				<timestamp>7033.831090</timestamp>
			</report>
			<report>
				<misses>808200001</misses>
				<total>0</total>
				<timestamp>7034.694742</timestamp>
			</report>
			<report>
				<misses>808300001</misses>
				<total>0</total>
				<timestamp>7035.555359</timestamp>
			</report>
			<report>
				<misses>808400001</misses>
				<total>0</total>
				<timestamp>7036.429024</timestamp>
			</report>
			<report>
				<misses>808500001</misses>
				<total>0</total>
				<timestamp>7037.298118</timestamp>
			</report>
			<report>
				<misses>808600001</misses>
				<total>0</total>
				<timestamp>7038.176513</timestamp>
			</report>
			<report>
				<misses>808700001</misses>
				<total>0</total>
				<timestamp>7039.035873</timestamp>
			</report>
			<report>
				<misses>808800001</misses>
				<total>0</total>
				<timestamp>7039.895808</timestamp>
			</report>
			<report>
				<misses>808900001</misses>
				<total>0</total>
				<timestamp>7040.777774</timestamp>
			</report>
			<report>
				<misses>809000001</misses>
				<total>0</total>
				<timestamp>7041.642512</timestamp>
			</report>
			<report>
				<misses>809100001</misses>
				<total>0</total>
				<timestamp>7042.526734</timestamp>
			</report>
			<report>
				<misses>809200001</misses>
				<total>0</total>
				<timestamp>7043.391465</timestamp>
			</report>
			<report>
				<misses>809300001</misses>
				<total>0</total>
				<timestamp>7044.260117</timestamp>
			</report>
			<report>
				<misses>809400001</misses>
				<total>0</total>
				<timestamp>7045.130876</timestamp>
			</report>
			<report>
				<misses>809500001</misses>
				<total>0</total>
				<timestamp>7045.996379</timestamp>
			</report>
			<report>
				<misses>809600001</misses>
				<total>0</total>
				<timestamp>7046.868437</timestamp>
			</report>
			<report>
				<misses>809700001</misses>
				<total>0</total>
				<timestamp>7047.737601</timestamp>
			</report>
			<report>
				<misses>809800001</misses>
				<total>0</total>
				<timestamp>7048.614344</timestamp>
			</report>
			<report>
				<misses>809900001</misses>
				<total>0</total>
				<timestamp>7049.488103</timestamp>
			</report>
			<report>
				<misses>810000001</misses>
				<total>0</total>
				<timestamp>7050.359581</timestamp>
			</report>
			<report>
				<misses>810100001</misses>
				<total>0</total>
				<timestamp>7051.232906</timestamp>
			</report>
			<report>
				<misses>810200001</misses>
				<total>0</total>
				<timestamp>7052.095227</timestamp>
			</report>
			<report>
				<misses>810300001</misses>
				<total>0</total>
				<timestamp>7052.970043</timestamp>
			</report>
			<report>
				<misses>810400001</misses>
				<total>0</total>
				<timestamp>7053.845788</timestamp>
			</report>
			<report>
				<misses>810500001</misses>
				<total>0</total>
				<timestamp>7054.700539</timestamp>
			</report>
			<report>
				<misses>810600001</misses>
				<total>0</total>
				<timestamp>7055.571119</timestamp>
			</report>
			<report>
				<misses>810700001</misses>
				<total>0</total>
				<timestamp>7056.435921</timestamp>
			</report>
			<report>
				<misses>810800001</misses>
				<total>0</total>
				<timestamp>7057.304419</timestamp>
			</report>
			<report>
				<misses>810900001</misses>
				<total>0</total>
				<timestamp>7058.178187</timestamp>
			</report>
			<report>
				<misses>811000001</misses>
				<total>0</total>
				<timestamp>7059.053010</timestamp>
			</report>
			<report>
				<misses>811100001</misses>
				<total>0</total>
				<timestamp>7059.924054</timestamp>
			</report>
			<report>
				<misses>811200001</misses>
				<total>0</total>
				<timestamp>7060.800452</timestamp>
			</report>
			<report>
				<misses>811300001</misses>
				<total>0</total>
				<timestamp>7061.671015</timestamp>
			</report>
			<report>
				<misses>811400001</misses>
				<total>0</total>
				<timestamp>7062.536034</timestamp>
			</report>
			<report>
				<misses>811500001</misses>
				<total>0</total>
				<timestamp>7063.397757</timestamp>
			</report>
			<report>
				<misses>811600001</misses>
				<total>0</total>
				<timestamp>7064.260164</timestamp>
			</report>
			<report>
				<misses>811700001</misses>
				<total>0</total>
				<timestamp>7065.124104</timestamp>
			</report>
			<report>
				<misses>811800001</misses>
				<total>0</total>
				<timestamp>7065.989574</timestamp>
			</report>
			<report>
				<misses>811900001</misses>
				<total>0</total>
				<timestamp>7066.861417</timestamp>
			</report>
			<report>
				<misses>812000001</misses>
				<total>0</total>
				<timestamp>7067.734259</timestamp>
			</report>
			<report>
				<misses>812100001</misses>
				<total>0</total>
				<timestamp>7068.605140</timestamp>
			</report>
			<report>
				<misses>812200001</misses>
				<total>0</total>
				<timestamp>7069.476571</timestamp>
			</report>
			<report>
				<misses>812300001</misses>
				<total>0</total>
				<timestamp>7070.342617</timestamp>
			</report>
			<report>
				<misses>812400001</misses>
				<total>0</total>
				<timestamp>7071.205739</timestamp>
			</report>
			<report>
				<misses>812500001</misses>
				<total>0</total>
				<timestamp>7072.084654</timestamp>
			</report>
			<report>
				<misses>812600001</misses>
				<total>0</total>
				<timestamp>7072.958534</timestamp>
			</report>
			<report>
				<misses>812700001</misses>
				<total>0</total>
				<timestamp>7073.821649</timestamp>
			</report>
			<report>
				<misses>812800001</misses>
				<total>0</total>
				<timestamp>7074.698614</timestamp>
			</report>
			<report>
				<misses>812900001</misses>
				<total>0</total>
				<timestamp>7075.588190</timestamp>
			</report>
			<report>
				<misses>813000001</misses>
				<total>0</total>
				<timestamp>7076.476364</timestamp>
			</report>
			<report>
				<misses>813100001</misses>
				<total>0</total>
				<timestamp>7077.354090</timestamp>
			</report>
			<report>
				<misses>813200001</misses>
				<total>0</total>
				<timestamp>7078.238126</timestamp>
			</report>
			<report>
				<misses>813300001</misses>
				<total>0</total>
				<timestamp>7079.116298</timestamp>
			</report>
			<report>
				<misses>813400001</misses>
				<total>0</total>
				<timestamp>7079.988831</timestamp>
			</report>
			<report>
				<misses>813500001</misses>
				<total>0</total>
				<timestamp>7080.845249</timestamp>
			</report>
			<report>
				<misses>813600001</misses>
				<total>0</total>
				<timestamp>7081.727921</timestamp>
			</report>
			<report>
				<misses>813700001</misses>
				<total>0</total>
				<timestamp>7082.597875</timestamp>
			</report>
			<report>
				<misses>813800001</misses>
				<total>0</total>
				<timestamp>7083.463244</timestamp>
			</report>
			<report>
				<misses>813900001</misses>
				<total>0</total>
				<timestamp>7084.335309</timestamp>
			</report>
			<report>
				<misses>814000001</misses>
				<total>0</total>
				<timestamp>7085.211594</timestamp>
			</report>
			<report>
				<misses>814100001</misses>
				<total>0</total>
				<timestamp>7086.071586</timestamp>
			</report>
			<report>
				<misses>814200001</misses>
				<total>0</total>
				<timestamp>7086.937176</timestamp>
			</report>
			<report>
				<misses>814300001</misses>
				<total>0</total>
				<timestamp>7087.804119</timestamp>
			</report>
			<report>
				<misses>814400001</misses>
				<total>0</total>
				<timestamp>7088.678793</timestamp>
			</report>
			<report>
				<misses>814500001</misses>
				<total>0</total>
				<timestamp>7089.561375</timestamp>
			</report>
			<report>
				<misses>814600001</misses>
				<total>0</total>
				<timestamp>7090.428778</timestamp>
			</report>
			<report>
				<misses>814700001</misses>
				<total>0</total>
				<timestamp>7091.299434</timestamp>
			</report>
			<report>
				<misses>814800001</misses>
				<total>0</total>
				<timestamp>7092.175402</timestamp>
			</report>
			<report>
				<misses>814900001</misses>
				<total>0</total>
				<timestamp>7093.039851</timestamp>
			</report>
			<report>
				<misses>815000001</misses>
				<total>0</total>
				<timestamp>7093.909936</timestamp>
			</report>
			<report>
				<misses>815100001</misses>
				<total>0</total>
				<timestamp>7094.769533</timestamp>
			</report>
			<report>
				<misses>815200001</misses>
				<total>0</total>
				<timestamp>7095.632519</timestamp>
			</report>
			<report>
				<misses>815300001</misses>
				<total>0</total>
				<timestamp>7096.511646</timestamp>
			</report>
			<report>
				<misses>815400001</misses>
				<total>0</total>
				<timestamp>7097.382003</timestamp>
			</report>
			<report>
				<misses>815500001</misses>
				<total>0</total>
				<timestamp>7098.243409</timestamp>
			</report>
			<report>
				<misses>815600001</misses>
				<total>0</total>
				<timestamp>7099.115184</timestamp>
			</report>
			<report>
				<misses>815700001</misses>
				<total>0</total>
				<timestamp>7099.962244</timestamp>
			</report>
			<report>
				<misses>815800001</misses>
				<total>0</total>
				<timestamp>7100.825487</timestamp>
			</report>
			<report>
				<misses>815900001</misses>
				<total>0</total>
				<timestamp>7101.698768</timestamp>
			</report>
			<report>
				<misses>816000001</misses>
				<total>0</total>
				<timestamp>7102.570884</timestamp>
			</report>
			<report>
				<misses>816100001</misses>
				<total>0</total>
				<timestamp>7103.433623</timestamp>
			</report>
			<report>
				<misses>816200001</misses>
				<total>0</total>
				<timestamp>7104.305537</timestamp>
			</report>
			<report>
				<misses>816300001</misses>
				<total>0</total>
				<timestamp>7105.170386</timestamp>
			</report>
			<report>
				<misses>816400001</misses>
				<total>0</total>
				<timestamp>7106.043864</timestamp>
			</report>
			<report>
				<misses>816500001</misses>
				<total>0</total>
				<timestamp>7106.929044</timestamp>
			</report>
			<report>
				<misses>816600001</misses>
				<total>0</total>
				<timestamp>7107.795801</timestamp>
			</report>
			<report>
				<misses>816700001</misses>
				<total>0</total>
				<timestamp>7108.666675</timestamp>
			</report>
			<report>
				<misses>816800001</misses>
				<total>0</total>
				<timestamp>7109.546436</timestamp>
			</report>
			<report>
				<misses>816900001</misses>
				<total>0</total>
				<timestamp>7110.410072</timestamp>
			</report>
			<report>
				<misses>817000001</misses>
				<total>0</total>
				<timestamp>7111.266353</timestamp>
			</report>
			<report>
				<misses>817100001</misses>
				<total>0</total>
				<timestamp>7112.130293</timestamp>
			</report>
			<report>
				<misses>817200001</misses>
				<total>0</total>
				<timestamp>7112.998674</timestamp>
			</report>
			<report>
				<misses>817300001</misses>
				<total>0</total>
				<timestamp>7113.877148</timestamp>
			</report>
			<report>
				<misses>817400001</misses>
				<total>0</total>
				<timestamp>7114.750409</timestamp>
			</report>
			<report>
				<misses>817500001</misses>
				<total>0</total>
				<timestamp>7115.615002</timestamp>
			</report>
			<report>
				<misses>817600001</misses>
				<total>0</total>
				<timestamp>7116.470265</timestamp>
			</report>
			<report>
				<misses>817700001</misses>
				<total>0</total>
				<timestamp>7117.300914</timestamp>
			</report>
			<report>
				<misses>817800001</misses>
				<total>0</total>
				<timestamp>7118.167900</timestamp>
			</report>
			<report>
				<misses>817900001</misses>
				<total>0</total>
				<timestamp>7119.053128</timestamp>
			</report>
			<report>
				<misses>818000001</misses>
				<total>0</total>
				<timestamp>7119.916947</timestamp>
			</report>
			<report>
				<misses>818100001</misses>
				<total>0</total>
				<timestamp>7120.786415</timestamp>
			</report>
			<report>
				<misses>818200001</misses>
				<total>0</total>
				<timestamp>7121.650537</timestamp>
			</report>
			<report>
				<misses>818300001</misses>
				<total>0</total>
				<timestamp>7122.526979</timestamp>
			</report>
			<report>
				<misses>818400001</misses>
				<total>0</total>
				<timestamp>7123.396538</timestamp>
			</report>
			<report>
				<misses>818500001</misses>
				<total>0</total>
				<timestamp>7124.280918</timestamp>
			</report>
			<report>
				<misses>818600001</misses>
				<total>0</total>
				<timestamp>7125.158015</timestamp>
			</report>
			<report>
				<misses>818700001</misses>
				<total>0</total>
				<timestamp>7126.037353</timestamp>
			</report>
			<report>
				<misses>818800001</misses>
				<total>0</total>
				<timestamp>7126.930351</timestamp>
			</report>
			<report>
				<misses>818900001</misses>
				<total>0</total>
				<timestamp>7127.814418</timestamp>
			</report>
			<report>
				<misses>819000001</misses>
				<total>0</total>
				<timestamp>7128.689907</timestamp>
			</report>
			<report>
				<misses>819100001</misses>
				<total>0</total>
				<timestamp>7129.559433</timestamp>
			</report>
			<report>
				<misses>819200001</misses>
				<total>0</total>
				<timestamp>7130.426319</timestamp>
			</report>
			<report>
				<misses>819300001</misses>
				<total>0</total>
				<timestamp>7131.292443</timestamp>
			</report>
			<report>
				<misses>819400001</misses>
				<total>0</total>
				<timestamp>7132.156754</timestamp>
			</report>
			<report>
				<misses>819500001</misses>
				<total>0</total>
				<timestamp>7133.030174</timestamp>
			</report>
			<report>
				<misses>819600001</misses>
				<total>0</total>
				<timestamp>7133.888436</timestamp>
			</report>
			<report>
				<misses>819700001</misses>
				<total>0</total>
				<timestamp>7134.765581</timestamp>
			</report>
			<report>
				<misses>819800001</misses>
				<total>0</total>
				<timestamp>7135.629578</timestamp>
			</report>
			<report>
				<misses>819900001</misses>
				<total>0</total>
				<timestamp>7136.502616</timestamp>
			</report>
			<report>
				<misses>820000001</misses>
				<total>0</total>
				<timestamp>7137.373563</timestamp>
			</report>
			<report>
				<misses>820100001</misses>
				<total>0</total>
				<timestamp>7138.231952</timestamp>
			</report>
			<report>
				<misses>820200001</misses>
				<total>0</total>
				<timestamp>7139.097300</timestamp>
			</report>
			<report>
				<misses>820300001</misses>
				<total>0</total>
				<timestamp>7139.981633</timestamp>
			</report>
			<report>
				<misses>820400001</misses>
				<total>0</total>
				<timestamp>7140.839699</timestamp>
			</report>
			<report>
				<misses>820500001</misses>
				<total>0</total>
				<timestamp>7141.710230</timestamp>
			</report>
			<report>
				<misses>820600001</misses>
				<total>0</total>
				<timestamp>7142.576623</timestamp>
			</report>
			<report>
				<misses>820700001</misses>
				<total>0</total>
				<timestamp>7143.433497</timestamp>
			</report>
			<report>
				<misses>820800001</misses>
				<total>0</total>
				<timestamp>7144.303898</timestamp>
			</report>
			<report>
				<misses>820900001</misses>
				<total>0</total>
				<timestamp>7145.167756</timestamp>
			</report>
			<report>
				<misses>821000001</misses>
				<total>0</total>
				<timestamp>7146.045409</timestamp>
			</report>
			<report>
				<misses>821100001</misses>
				<total>0</total>
				<timestamp>7146.925105</timestamp>
			</report>
			<report>
				<misses>821200001</misses>
				<total>0</total>
				<timestamp>7147.796283</timestamp>
			</report>
			<report>
				<misses>821300001</misses>
				<total>0</total>
				<timestamp>7148.667587</timestamp>
			</report>
			<report>
				<misses>821400001</misses>
				<total>0</total>
				<timestamp>7149.537313</timestamp>
			</report>
			<report>
				<misses>821500001</misses>
				<total>0</total>
				<timestamp>7150.408926</timestamp>
			</report>
			<report>
				<misses>821600001</misses>
				<total>0</total>
				<timestamp>7151.281158</timestamp>
			</report>
			<report>
				<misses>821700001</misses>
				<total>0</total>
				<timestamp>7152.149175</timestamp>
			</report>
			<report>
				<misses>821800001</misses>
				<total>0</total>
				<timestamp>7153.024472</timestamp>
			</report>
			<report>
				<misses>821900001</misses>
				<total>0</total>
				<timestamp>7153.889912</timestamp>
			</report>
			<report>
				<misses>822000001</misses>
				<total>0</total>
				<timestamp>7154.758646</timestamp>
			</report>
			<report>
				<misses>822100001</misses>
				<total>0</total>
				<timestamp>7155.627306</timestamp>
			</report>
			<report>
				<misses>822200001</misses>
				<total>0</total>
				<timestamp>7156.507460</timestamp>
			</report>
			<report>
				<misses>822300001</misses>
				<total>0</total>
				<timestamp>7157.371261</timestamp>
			</report>
			<report>
				<misses>822400001</misses>
				<total>0</total>
				<timestamp>7158.248684</timestamp>
			</report>
			<report>
				<misses>822500001</misses>
				<total>0</total>
				<timestamp>7159.112245</timestamp>
			</report>
			<report>
				<misses>822600001</misses>
				<total>0</total>
				<timestamp>7159.983537</timestamp>
			</report>
			<report>
				<misses>822700001</misses>
				<total>0</total>
				<timestamp>7160.854130</timestamp>
			</report>
			<report>
				<misses>822800001</misses>
				<total>0</total>
				<timestamp>7161.730551</timestamp>
			</report>
			<report>
				<misses>822900001</misses>
				<total>0</total>
				<timestamp>7162.609788</timestamp>
			</report>
			<report>
				<misses>823000001</misses>
				<total>0</total>
				<timestamp>7163.482284</timestamp>
			</report>
			<report>
				<misses>823100001</misses>
				<total>0</total>
				<timestamp>7164.349289</timestamp>
			</report>
			<report>
				<misses>823200001</misses>
				<total>0</total>
				<timestamp>7165.207179</timestamp>
			</report>
			<report>
				<misses>823300001</misses>
				<total>0</total>
				<timestamp>7166.079352</timestamp>
			</report>
			<report>
				<misses>823400001</misses>
				<total>0</total>
				<timestamp>7166.939840</timestamp>
			</report>
			<report>
				<misses>823500001</misses>
				<total>0</total>
				<timestamp>7167.807657</timestamp>
			</report>
			<report>
				<misses>823600001</misses>
				<total>0</total>
				<timestamp>7168.687131</timestamp>
			</report>
			<report>
				<misses>823700001</misses>
				<total>0</total>
				<timestamp>7169.555285</timestamp>
			</report>
			<report>
				<misses>823800001</misses>
				<total>0</total>
				<timestamp>7170.425952</timestamp>
			</report>
			<report>
				<misses>823900001</misses>
				<total>0</total>
				<timestamp>7171.298933</timestamp>
			</report>
			<report>
				<misses>824000001</misses>
				<total>0</total>
				<timestamp>7172.162587</timestamp>
			</report>
			<report>
				<misses>824100001</misses>
				<total>0</total>
				<timestamp>7173.026856</timestamp>
			</report>
			<report>
				<misses>824200001</misses>
				<total>0</total>
				<timestamp>7173.903539</timestamp>
			</report>
			<report>
				<misses>824300001</misses>
				<total>0</total>
				<timestamp>7174.783535</timestamp>
			</report>
			<report>
				<misses>824400001</misses>
				<total>0</total>
				<timestamp>7175.668363</timestamp>
			</report>
			<report>
				<misses>824500001</misses>
				<total>0</total>
				<timestamp>7176.543790</timestamp>
			</report>
			<report>
				<misses>824600001</misses>
				<total>0</total>
				<timestamp>7177.415824</timestamp>
			</report>
			<report>
				<misses>824700001</misses>
				<total>0</total>
				<timestamp>7178.297041</timestamp>
			</report>
			<report>
				<misses>824800001</misses>
				<total>0</total>
				<timestamp>7179.173414</timestamp>
			</report>
			<report>
				<misses>824900001</misses>
				<total>0</total>
				<timestamp>7180.050204</timestamp>
			</report>
			<report>
				<misses>825000001</misses>
				<total>0</total>
				<timestamp>7180.907777</timestamp>
			</report>
			<report>
				<misses>825100001</misses>
				<total>0</total>
				<timestamp>7181.781375</timestamp>
			</report>
			<report>
				<misses>825200001</misses>
				<total>0</total>
				<timestamp>7182.652258</timestamp>
			</report>
			<report>
				<misses>825300001</misses>
				<total>0</total>
				<timestamp>7183.509493</timestamp>
			</report>
			<report>
				<misses>825400001</misses>
				<total>0</total>
				<timestamp>7184.384307</timestamp>
			</report>
			<report>
				<misses>825500001</misses>
				<total>0</total>
				<timestamp>7185.256681</timestamp>
			</report>
			<report>
				<misses>825600001</misses>
				<total>0</total>
				<timestamp>7186.115406</timestamp>
			</report>
			<report>
				<misses>825700001</misses>
				<total>0</total>
				<timestamp>7186.983905</timestamp>
			</report>
			<report>
				<misses>825800001</misses>
				<total>0</total>
				<timestamp>7187.843991</timestamp>
			</report>
			<report>
				<misses>825900001</misses>
				<total>0</total>
				<timestamp>7188.714576</timestamp>
			</report>
			<report>
				<misses>826000001</misses>
				<total>0</total>
				<timestamp>7189.584621</timestamp>
			</report>
			<report>
				<misses>826100001</misses>
				<total>0</total>
				<timestamp>7190.452464</timestamp>
			</report>
			<report>
				<misses>826200001</misses>
				<total>0</total>
				<timestamp>7191.323086</timestamp>
			</report>
			<report>
				<misses>826300001</misses>
				<total>0</total>
				<timestamp>7192.195807</timestamp>
			</report>
			<report>
				<misses>826400001</misses>
				<total>0</total>
				<timestamp>7193.052814</timestamp>
			</report>
			<report>
				<misses>826500001</misses>
				<total>0</total>
				<timestamp>7193.920365</timestamp>
			</report>
			<report>
				<misses>826600001</misses>
				<total>0</total>
				<timestamp>7194.783468</timestamp>
			</report>
			<report>
				<misses>826700001</misses>
				<total>0</total>
				<timestamp>7195.652930</timestamp>
			</report>
			<report>
				<misses>826800001</misses>
				<total>0</total>
				<timestamp>7196.514725</timestamp>
			</report>
			<report>
				<misses>826900001</misses>
				<total>0</total>
				<timestamp>7197.372532</timestamp>
			</report>
			<report>
				<misses>827000001</misses>
				<total>0</total>
				<timestamp>7198.208870</timestamp>
			</report>
			<report>
				<misses>827100001</misses>
				<total>0</total>
				<timestamp>7198.985035</timestamp>
			</report>
		</query>
	</custom>
	<ethtool_statistic>
		<rx_packets>
			<start>188587</start>
			<end>290441644</end>
		</rx_packets>
		<tx_packets>
			<start>592</start>
			<end>827148734</end>
		</tx_packets>
		<rx_dropped>
			<start>0</start>
			<end>0</end>
		</rx_dropped>
		<tx_dropped>
			<start>0</start>
			<end>0</end>
		</tx_dropped>
		<collisions>
			<start>0</start>
			<end>0</end>
		</collisions>
		<port_tx_errors>
			<start>-1</start>
			<end>-1</end>
		</port_tx_errors>
		<port_rx_dropped>
			<start>-1</start>
			<end>-1</end>
		</port_rx_dropped>
		<port_tx_dropped_link_down>
			<start>-1</start>
			<end>-1</end>
		</port_tx_dropped_link_down>
	</ethtool_statistic>
	<ip_statistic>
		<mtu>
			<start>9000</start>
			<end>9000</end>
		</mtu>
		<rx_bytes>
			<start>23701064</start>
			<end>35433826514</end>
		</rx_bytes>
		<rx_packets>
			<start>188829</start>
			<end>290441644</end>
		</rx_packets>
		<rx_errors>
			<start>0</start>
			<end>0</end>
		</rx_errors>
		<rx_dropped>
			<start>0</start>
			<end>0</end>
		</rx_dropped>
		<rx_missed>
			<start>0</start>
			<end>0</end>
		</rx_missed>
		<rx_mcast>
			<start>6</start>
			<end>13</end>
		</rx_mcast>
		<tx_bytes>
			<start>79252</start>
			<end>100911308493</end>
		</tx_bytes>
		<tx_packets>
			<start>592</start>
			<end>827148734</end>
		</tx_packets>
		<tx_errors>
			<start>0</start>
			<end>0</end>
		</tx_errors>
		<tx_dropped>
			<start>0</start>
			<end>0</end>
		</tx_dropped>
		<tx_carrier>
			<start>0</start>
			<end>0</end>
		</tx_carrier>
		<tx_collisions>
			<start>0</start>
			<end>0</end>
		</tx_collisions>
	</ip_statistic>
	<netstat_statistic>
		<udp_pkg_rec>
			<start>384731</start>
			<end>581574497</end>
		</udp_pkg_rec>
		<udp_pkg_snt>
			<start>9278</start>
			<end>1500139595</end>
		</udp_pkg_snt>
		<udp_rec_err>
			<start>0</start>
			<end>0</end>
		</udp_rec_err>
		<udp_rec_buf_err>
			<start>0</start>
			<end>0</end>
		</udp_rec_buf_err>
		<udp_snt_buf_err>
			<start>0</start>
			<end>0</end>
		</udp_snt_buf_err>
	</netstat_statistic>
</test_results>
