<?xml version="1.0"?>
<test_results>
	<status>STATUS_SUCCESS</status>
	<custom>
		<num_loss>3348</num_loss>
		<num_total>10001</num_total>
		<num_misses>15</num_misses>
		<elapsed_time>0.701199</elapsed_time>
		<query>
			<report>
				<misses>10000</misses>
				<total>3349</total>
			</report>
		</query>
	</custom>
	<ethtool_statistic>
		<rx_packets>
			<start>16917888375</start>
			<end>16918148745</end>
		</rx_packets>
		<tx_packets>
			<start>19685730302</start>
			<end>19685966815</end>
		</tx_packets>
		<rx_dropped>
			<start>63</start>
			<end>63</end>
		</rx_dropped>
		<tx_dropped>
			<start>0</start>
			<end>0</end>
		</tx_dropped>
		<collisions>
			<start>0</start>
			<end>0</end>
		</collisions>
		<port_tx_errors>
			<start>0</start>
			<end>0</end>
		</port_tx_errors>
		<port_rx_dropped>
			<start>0</start>
			<end>0</end>
		</port_rx_dropped>
		<port_tx_dropped_link_down>
			<start>0</start>
			<end>0</end>
		</port_tx_dropped_link_down>
	</ethtool_statistic>
	<ip_statistic>
		<mtu>
			<start>9000</start>
			<end>9000</end>
		</mtu>
		<rx_bytes>
			<start>152078742565537</start>
			<end>152081082792399</end>
		</rx_bytes>
		<rx_packets>
			<start>16917888450</start>
			<end>16918148773</end>
		</rx_packets>
		<rx_errors>
			<start>0</start>
			<end>0</end>
		</rx_errors>
		<rx_dropped>
			<start>69</start>
			<end>69</end>
		</rx_dropped>
		<rx_missed>
			<start>0</start>
			<end>0</end>
		</rx_missed>
		<rx_mcast>
			<start>12319</start>
			<end>12319</end>
		</rx_mcast>
		<tx_bytes>
			<start>133357273298848</start>
			<end>133359332997980</end>
		</tx_bytes>
		<tx_packets>
			<start>19685730356</start>
			<end>19685966854</end>
		</tx_packets>
		<tx_errors>
			<start>0</start>
			<end>0</end>
		</tx_errors>
		<tx_dropped>
			<start>0</start>
			<end>0</end>
		</tx_dropped>
		<tx_carrier>
			<start>0</start>
			<end>0</end>
		</tx_carrier>
		<tx_collisions>
			<start>0</start>
			<end>0</end>
		</tx_collisions>
	</ip_statistic>
	<netstat_statistic>
		<udp_pkg_rec>
			<start>16646564938</start>
			<end>16646823704</end>
		</udp_pkg_rec>
		<udp_pkg_snt>
			<start>16650682886</start>
			<end>16650849386</end>
		</udp_pkg_snt>
		<udp_rec_err>
			<start>273321023</start>
			<end>273322457</end>
		</udp_rec_err>
		<udp_rec_buf_err>
			<start>273321023</start>
			<end>273322457</end>
		</udp_rec_buf_err>
		<udp_snt_buf_err>
			<start>28</start>
			<end>28</end>
		</udp_snt_buf_err>
	</netstat_statistic>
</test_results>
