<?xml version="1.0"?>
<test_results>
	<status>STATUS_SUCCESS</status>
	<custom>
		<num_loss>3037475</num_loss>
		<num_total>5000001</num_total>
		<num_misses>2</num_misses>
		<elapsed_time>999.990642</elapsed_time>
		<query>
			<report>
				<misses>100000</misses>
				<total>29831</total>
				<timestamp>20.000394</timestamp>
			</report>
			<report>
				<misses>200000</misses>
				<total>106939</total>
				<timestamp>40.000234</timestamp>
			</report>
			<report>
				<misses>300000</misses>
				<total>136326</total>
				<timestamp>60.000003</timestamp>
			</report>
			<report>
				<misses>400000</misses>
				<total>213860</total>
				<timestamp>79.999751</timestamp>
			</report>
			<report>
				<misses>500000</misses>
				<total>281020</total>
				<timestamp>99.999612</timestamp>
			</report>
			<report>
				<misses>600000</misses>
				<total>351326</total>
				<timestamp>119.999408</timestamp>
			</report>
			<report>
				<misses>700000</misses>
				<total>431213</total>
				<timestamp>139.999208</timestamp>
			</report>
			<report>
				<misses>800000</misses>
				<total>511514</total>
				<timestamp>159.999064</timestamp>
			</report>
			<report>
				<misses>900000</misses>
				<total>577615</total>
				<timestamp>179.998847</timestamp>
			</report>
			<report>
				<misses>1000000</misses>
				<total>642285</total>
				<timestamp>199.998549</timestamp>
			</report>
			<report>
				<misses>1100000</misses>
				<total>718495</total>
				<timestamp>219.998359</timestamp>
			</report>
			<report>
				<misses>1200000</misses>
				<total>759583</total>
				<timestamp>239.998191</timestamp>
			</report>
			<report>
				<misses>1300000</misses>
				<total>808767</total>
				<timestamp>259.997995</timestamp>
			</report>
			<report>
				<misses>1400000</misses>
				<total>843025</total>
				<timestamp>279.997775</timestamp>
			</report>
			<report>
				<misses>1500000</misses>
				<total>911231</total>
				<timestamp>299.997574</timestamp>
			</report>
			<report>
				<misses>1600000</misses>
				<total>977619</total>
				<timestamp>319.997461</timestamp>
			</report>
			<report>
				<misses>1700000</misses>
				<total>1014994</total>
				<timestamp>339.997159</timestamp>
			</report>
			<report>
				<misses>1800000</misses>
				<total>1094675</total>
				<timestamp>359.996964</timestamp>
			</report>
			<report>
				<misses>1900000</misses>
				<total>1142620</total>
				<timestamp>379.996765</timestamp>
			</report>
			<report>
				<misses>2000000</misses>
				<total>1199293</total>
				<timestamp>399.996570</timestamp>
			</report>
			<report>
				<misses>2100000</misses>
				<total>1279087</total>
				<timestamp>419.996416</timestamp>
			</report>
			<report>
				<misses>2200000</misses>
				<total>1335528</total>
				<timestamp>439.996304</timestamp>
			</report>
			<report>
				<misses>2300000</misses>
				<total>1388370</total>
				<timestamp>459.995950</timestamp>
			</report>
			<report>
				<misses>2400000</misses>
				<total>1473416</total>
				<timestamp>479.995760</timestamp>
			</report>
			<report>
				<misses>2500000</misses>
				<total>1512848</total>
				<timestamp>499.995591</timestamp>
			</report>
			<report>
				<misses>2600000</misses>
				<total>1574480</total>
				<timestamp>519.995375</timestamp>
			</report>
			<report>
				<misses>2700000</misses>
				<total>1628024</total>
				<timestamp>539.995257</timestamp>
			</report>
			<report>
				<misses>2800000</misses>
				<total>1696912</total>
				<timestamp>559.994954</timestamp>
			</report>
			<report>
				<misses>2900000</misses>
				<total>1767603</total>
				<timestamp>579.994760</timestamp>
			</report>
			<report>
				<misses>3000000</misses>
				<total>1806756</total>
				<timestamp>599.994602</timestamp>
			</report>
			<report>
				<misses>3100000</misses>
				<total>1867745</total>
				<timestamp>619.994430</timestamp>
			</report>
			<report>
				<misses>3200000</misses>
				<total>1938363</total>
				<timestamp>639.994206</timestamp>
			</report>
			<report>
				<misses>3300000</misses>
				<total>1951556</total>
				<timestamp>659.994106</timestamp>
			</report>
			<report>
				<misses>3400000</misses>
				<total>2020076</total>
				<timestamp>679.993772</timestamp>
			</report>
			<report>
				<misses>3500000</misses>
				<total>2087853</total>
				<timestamp>699.993649</timestamp>
			</report>
			<report>
				<misses>3600000</misses>
				<total>2131374</total>
				<timestamp>719.993386</timestamp>
			</report>
			<report>
				<misses>3700000</misses>
				<total>2216421</total>
				<timestamp>739.993240</timestamp>
			</report>
			<report>
				<misses>3800000</misses>
				<total>2286370</total>
				<timestamp>759.993069</timestamp>
			</report>
			<report>
				<misses>3900000</misses>
				<total>2317265</total>
				<timestamp>779.992786</timestamp>
			</report>
			<report>
				<misses>4000000</misses>
				<total>2356717</total>
				<timestamp>799.992591</timestamp>
			</report>
			<report>
				<misses>4100000</misses>
				<total>2424765</total>
				<timestamp>819.992377</timestamp>
			</report>
			<report>
				<misses>4200000</misses>
				<total>2500935</total>
				<timestamp>839.992169</timestamp>
			</report>
			<report>
				<misses>4300000</misses>
				<total>2570768</total>
				<timestamp>859.992011</timestamp>
			</report>
			<report>
				<misses>4400000</misses>
				<total>2638587</total>
				<timestamp>879.991831</timestamp>
			</report>
			<report>
				<misses>4500000</misses>
				<total>2711200</total>
				<timestamp>899.991569</timestamp>
			</report>
			<report>
				<misses>4600000</misses>
				<total>2777788</total>
				<timestamp>919.991470</timestamp>
			</report>
			<report>
				<misses>4700000</misses>
				<total>2844214</total>
				<timestamp>939.991239</timestamp>
			</report>
			<report>
				<misses>4800000</misses>
				<total>2934143</total>
				<timestamp>959.990970</timestamp>
			</report>
			<report>
				<misses>4900000</misses>
				<total>2957789</total>
				<timestamp>979.990775</timestamp>
			</report>
			<report>
				<misses>5000000</misses>
				<total>3037475</total>
				<timestamp>999.990615</timestamp>
			</report>
		</query>
	</custom>
	<ethtool_statistic>
		<rx_packets>
			<start>4052403836</start>
			<end>4099195688</end>
		</rx_packets>
		<tx_packets>
			<start>5326935797</start>
			<end>5395011690</end>
		</tx_packets>
		<rx_dropped>
			<start>0</start>
			<end>0</end>
		</rx_dropped>
		<tx_dropped>
			<start>0</start>
			<end>0</end>
		</tx_dropped>
		<collisions>
			<start>0</start>
			<end>0</end>
		</collisions>
		<port_tx_errors>
			<start>0</start>
			<end>0</end>
		</port_tx_errors>
		<port_rx_dropped>
			<start>0</start>
			<end>0</end>
		</port_rx_dropped>
		<port_tx_dropped_link_down>
			<start>0</start>
			<end>0</end>
		</port_tx_dropped_link_down>
	</ethtool_statistic>
	<ip_statistic>
		<mtu>
			<start>9000</start>
			<end>9000</end>
		</mtu>
		<rx_bytes>
			<start>36429730429000</start>
			<end>36850380140483</end>
		</rx_bytes>
		<rx_packets>
			<start>4052403903</start>
			<end>4099195744</end>
		</rx_packets>
		<rx_errors>
			<start>0</start>
			<end>0</end>
		</rx_errors>
		<rx_dropped>
			<start>0</start>
			<end>0</end>
		</rx_dropped>
		<rx_missed>
			<start>0</start>
			<end>0</end>
		</rx_missed>
		<rx_mcast>
			<start>1151</start>
			<end>1166</end>
		</rx_mcast>
		<tx_bytes>
			<start>34888637800676</start>
			<end>35467436527480</end>
		</tx_bytes>
		<tx_packets>
			<start>5326935873</start>
			<end>5395011793</end>
		</tx_packets>
		<tx_errors>
			<start>0</start>
			<end>0</end>
		</tx_errors>
		<tx_dropped>
			<start>0</start>
			<end>0</end>
		</tx_dropped>
		<tx_carrier>
			<start>0</start>
			<end>0</end>
		</tx_carrier>
		<tx_collisions>
			<start>0</start>
			<end>0</end>
		</tx_collisions>
	</ip_statistic>
	<netstat_statistic>
		<udp_pkg_rec>
			<start>3829602048</start>
			<end>3874266572</end>
		</udp_pkg_rec>
		<udp_pkg_snt>
			<start>4152969827</start>
			<end>4186053621</end>
		</udp_pkg_snt>
		<udp_rec_err>
			<start>223232067</start>
			<end>225363772</end>
		</udp_rec_err>
		<udp_rec_buf_err>
			<start>223232067</start>
			<end>225363772</end>
		</udp_rec_buf_err>
		<udp_snt_buf_err>
			<start>0</start>
			<end>0</end>
		</udp_snt_buf_err>
	</netstat_statistic>
</test_results>
