<?xml version="1.0"?>
<test_results>
	<status>STATUS_SUCCESS</status>
	<custom>
		<num_loss>0</num_loss>
		<num_total>577867663</num_total>
		<num_misses>-1992836478</num_misses>
		<elapsed_time>7199.994762</elapsed_time>
	</custom>
	<ethtool_statistic>
		<rx_packets>
			<start>13116472815</start>
			<end>13408337386</end>
		</rx_packets>
		<tx_packets>
			<start>16752301665</start>
			<end>17524858110</end>
		</tx_packets>
		<rx_dropped>
			<start>0</start>
			<end>0</end>
		</rx_dropped>
		<tx_dropped>
			<start>0</start>
			<end>0</end>
		</tx_dropped>
		<collisions>
			<start>0</start>
			<end>0</end>
		</collisions>
		<port_tx_errors>
			<start>-1</start>
			<end>-1</end>
		</port_tx_errors>
		<port_rx_dropped>
			<start>-1</start>
			<end>-1</end>
		</port_rx_dropped>
		<port_tx_dropped_link_down>
			<start>-1</start>
			<end>-1</end>
		</port_tx_dropped_link_down>
	</ethtool_statistic>
	<ip_statistic>
		<mtu>
			<start>9000</start>
			<end>9000</end>
		</mtu>
		<rx_bytes>
			<start>117871753796586</start>
			<end>120495587052203</end>
		</rx_bytes>
		<rx_packets>
			<start>13116472958</start>
			<end>13408337524</end>
		</rx_packets>
		<rx_errors>
			<start>0</start>
			<end>0</end>
		</rx_errors>
		<rx_dropped>
			<start>0</start>
			<end>0</end>
		</rx_dropped>
		<rx_missed>
			<start>1619</start>
			<end>1619</end>
		</rx_missed>
		<rx_mcast>
			<start>8955</start>
			<end>9101</end>
		</rx_mcast>
		<tx_bytes>
			<start>139449837177040</start>
			<end>141270571819745</end>
		</tx_bytes>
		<tx_packets>
			<start>16752301734</start>
			<end>17524858275</end>
		</tx_packets>
		<tx_errors>
			<start>0</start>
			<end>0</end>
		</tx_errors>
		<tx_dropped>
			<start>0</start>
			<end>0</end>
		</tx_dropped>
		<tx_carrier>
			<start>0</start>
			<end>0</end>
		</tx_carrier>
		<tx_collisions>
			<start>0</start>
			<end>0</end>
		</tx_collisions>
	</ip_statistic>
</test_results>
