<?xml version="1.0"?>
<test_results>
	<status>STATUS_SUCCESS</status>
	<custom>
		<num_loss>1041498</num_loss>
		<num_total>2000001</num_total>
		<num_misses>55</num_misses>
		<elapsed_time>279.979964</elapsed_time>
		<query>
			<report>
				<misses>10000</misses>
				<total>18</total>
			</report>
			<report>
				<misses>20000</misses>
				<total>22</total>
			</report>
			<report>
				<misses>30000</misses>
				<total>27</total>
			</report>
			<report>
				<misses>40000</misses>
				<total>42</total>
			</report>
			<report>
				<misses>50000</misses>
				<total>44</total>
			</report>
			<report>
				<misses>60000</misses>
				<total>742</total>
			</report>
			<report>
				<misses>70000</misses>
				<total>10741</total>
			</report>
			<report>
				<misses>80000</misses>
				<total>20740</total>
			</report>
			<report>
				<misses>90000</misses>
				<total>30739</total>
			</report>
			<report>
				<misses>100000</misses>
				<total>40738</total>
			</report>
			<report>
				<misses>110000</misses>
				<total>50737</total>
			</report>
			<report>
				<misses>120000</misses>
				<total>60736</total>
			</report>
			<report>
				<misses>130000</misses>
				<total>70735</total>
			</report>
			<report>
				<misses>140000</misses>
				<total>80734</total>
			</report>
			<report>
				<misses>150000</misses>
				<total>90733</total>
			</report>
			<report>
				<misses>160000</misses>
				<total>100732</total>
			</report>
			<report>
				<misses>170000</misses>
				<total>110731</total>
			</report>
			<report>
				<misses>180000</misses>
				<total>120730</total>
			</report>
			<report>
				<misses>190000</misses>
				<total>130729</total>
			</report>
			<report>
				<misses>200000</misses>
				<total>137306</total>
			</report>
			<report>
				<misses>210000</misses>
				<total>137309</total>
			</report>
			<report>
				<misses>220000</misses>
				<total>137312</total>
			</report>
			<report>
				<misses>230000</misses>
				<total>137315</total>
			</report>
			<report>
				<misses>240000</misses>
				<total>137316</total>
			</report>
			<report>
				<misses>250000</misses>
				<total>137335</total>
			</report>
			<report>
				<misses>260000</misses>
				<total>137349</total>
			</report>
			<report>
				<misses>270000</misses>
				<total>138599</total>
			</report>
			<report>
				<misses>280000</misses>
				<total>148598</total>
			</report>
			<report>
				<misses>290000</misses>
				<total>158597</total>
			</report>
			<report>
				<misses>300000</misses>
				<total>168596</total>
			</report>
			<report>
				<misses>310000</misses>
				<total>178595</total>
			</report>
			<report>
				<misses>320000</misses>
				<total>188594</total>
			</report>
			<report>
				<misses>330000</misses>
				<total>198593</total>
			</report>
			<report>
				<misses>340000</misses>
				<total>208592</total>
			</report>
			<report>
				<misses>350000</misses>
				<total>218591</total>
			</report>
			<report>
				<misses>360000</misses>
				<total>228590</total>
			</report>
			<report>
				<misses>370000</misses>
				<total>238589</total>
			</report>
			<report>
				<misses>380000</misses>
				<total>248588</total>
			</report>
			<report>
				<misses>390000</misses>
				<total>258587</total>
			</report>
			<report>
				<misses>400000</misses>
				<total>268586</total>
			</report>
			<report>
				<misses>410000</misses>
				<total>269241</total>
			</report>
			<report>
				<misses>420000</misses>
				<total>270251</total>
			</report>
			<report>
				<misses>430000</misses>
				<total>273948</total>
			</report>
			<report>
				<misses>440000</misses>
				<total>273948</total>
			</report>
			<report>
				<misses>450000</misses>
				<total>273963</total>
			</report>
			<report>
				<misses>460000</misses>
				<total>273964</total>
			</report>
			<report>
				<misses>470000</misses>
				<total>273966</total>
			</report>
			<report>
				<misses>480000</misses>
				<total>273969</total>
			</report>
			<report>
				<misses>490000</misses>
				<total>273971</total>
			</report>
			<report>
				<misses>500000</misses>
				<total>273974</total>
			</report>
			<report>
				<misses>510000</misses>
				<total>273976</total>
			</report>
			<report>
				<misses>520000</misses>
				<total>273982</total>
			</report>
			<report>
				<misses>530000</misses>
				<total>274001</total>
			</report>
			<report>
				<misses>540000</misses>
				<total>274002</total>
			</report>
			<report>
				<misses>550000</misses>
				<total>274002</total>
			</report>
			<report>
				<misses>560000</misses>
				<total>274024</total>
			</report>
			<report>
				<misses>570000</misses>
				<total>274026</total>
			</report>
			<report>
				<misses>580000</misses>
				<total>274027</total>
			</report>
			<report>
				<misses>590000</misses>
				<total>274029</total>
			</report>
			<report>
				<misses>600000</misses>
				<total>274030</total>
			</report>
			<report>
				<misses>610000</misses>
				<total>274031</total>
			</report>
			<report>
				<misses>620000</misses>
				<total>274033</total>
			</report>
			<report>
				<misses>630000</misses>
				<total>274039</total>
			</report>
			<report>
				<misses>640000</misses>
				<total>274039</total>
			</report>
			<report>
				<misses>650000</misses>
				<total>274041</total>
			</report>
			<report>
				<misses>660000</misses>
				<total>274049</total>
			</report>
			<report>
				<misses>670000</misses>
				<total>274053</total>
			</report>
			<report>
				<misses>680000</misses>
				<total>274053</total>
			</report>
			<report>
				<misses>690000</misses>
				<total>274061</total>
			</report>
			<report>
				<misses>700000</misses>
				<total>274073</total>
			</report>
			<report>
				<misses>710000</misses>
				<total>274074</total>
			</report>
			<report>
				<misses>720000</misses>
				<total>274078</total>
			</report>
			<report>
				<misses>730000</misses>
				<total>274108</total>
			</report>
			<report>
				<misses>740000</misses>
				<total>284107</total>
			</report>
			<report>
				<misses>750000</misses>
				<total>294106</total>
			</report>
			<report>
				<misses>760000</misses>
				<total>304105</total>
			</report>
			<report>
				<misses>770000</misses>
				<total>314104</total>
			</report>
			<report>
				<misses>780000</misses>
				<total>324103</total>
			</report>
			<report>
				<misses>790000</misses>
				<total>334102</total>
			</report>
			<report>
				<misses>800000</misses>
				<total>344101</total>
			</report>
			<report>
				<misses>810000</misses>
				<total>354100</total>
			</report>
			<report>
				<misses>820000</misses>
				<total>364099</total>
			</report>
			<report>
				<misses>830000</misses>
				<total>374098</total>
			</report>
			<report>
				<misses>840000</misses>
				<total>384097</total>
			</report>
			<report>
				<misses>850000</misses>
				<total>394096</total>
			</report>
			<report>
				<misses>860000</misses>
				<total>404095</total>
			</report>
			<report>
				<misses>870000</misses>
				<total>405582</total>
			</report>
			<report>
				<misses>880000</misses>
				<total>408582</total>
			</report>
			<report>
				<misses>890000</misses>
				<total>416409</total>
			</report>
			<report>
				<misses>900000</misses>
				<total>416409</total>
			</report>
			<report>
				<misses>910000</misses>
				<total>416421</total>
			</report>
			<report>
				<misses>920000</misses>
				<total>416425</total>
			</report>
			<report>
				<misses>930000</misses>
				<total>416425</total>
			</report>
			<report>
				<misses>940000</misses>
				<total>416447</total>
			</report>
			<report>
				<misses>950000</misses>
				<total>416447</total>
			</report>
			<report>
				<misses>960000</misses>
				<total>416462</total>
			</report>
			<report>
				<misses>970000</misses>
				<total>416464</total>
			</report>
			<report>
				<misses>980000</misses>
				<total>416471</total>
			</report>
			<report>
				<misses>990000</misses>
				<total>425287</total>
			</report>
			<report>
				<misses>1000000</misses>
				<total>435286</total>
			</report>
			<report>
				<misses>1010000</misses>
				<total>445285</total>
			</report>
			<report>
				<misses>1020000</misses>
				<total>455284</total>
			</report>
			<report>
				<misses>1030000</misses>
				<total>465283</total>
			</report>
			<report>
				<misses>1040000</misses>
				<total>475282</total>
			</report>
			<report>
				<misses>1050000</misses>
				<total>485281</total>
			</report>
			<report>
				<misses>1060000</misses>
				<total>495280</total>
			</report>
			<report>
				<misses>1070000</misses>
				<total>505279</total>
			</report>
			<report>
				<misses>1080000</misses>
				<total>515278</total>
			</report>
			<report>
				<misses>1090000</misses>
				<total>525277</total>
			</report>
			<report>
				<misses>1100000</misses>
				<total>535276</total>
			</report>
			<report>
				<misses>1110000</misses>
				<total>545275</total>
			</report>
			<report>
				<misses>1120000</misses>
				<total>546937</total>
			</report>
			<report>
				<misses>1130000</misses>
				<total>546950</total>
			</report>
			<report>
				<misses>1140000</misses>
				<total>546953</total>
			</report>
			<report>
				<misses>1150000</misses>
				<total>546959</total>
			</report>
			<report>
				<misses>1160000</misses>
				<total>546961</total>
			</report>
			<report>
				<misses>1170000</misses>
				<total>546969</total>
			</report>
			<report>
				<misses>1180000</misses>
				<total>546969</total>
			</report>
			<report>
				<misses>1190000</misses>
				<total>546972</total>
			</report>
			<report>
				<misses>1200000</misses>
				<total>546976</total>
			</report>
			<report>
				<misses>1210000</misses>
				<total>546991</total>
			</report>
			<report>
				<misses>1220000</misses>
				<total>547009</total>
			</report>
			<report>
				<misses>1230000</misses>
				<total>556375</total>
			</report>
			<report>
				<misses>1240000</misses>
				<total>566374</total>
			</report>
			<report>
				<misses>1250000</misses>
				<total>576373</total>
			</report>
			<report>
				<misses>1260000</misses>
				<total>586372</total>
			</report>
			<report>
				<misses>1270000</misses>
				<total>596371</total>
			</report>
			<report>
				<misses>1280000</misses>
				<total>606370</total>
			</report>
			<report>
				<misses>1290000</misses>
				<total>616369</total>
			</report>
			<report>
				<misses>1300000</misses>
				<total>626368</total>
			</report>
			<report>
				<misses>1310000</misses>
				<total>636367</total>
			</report>
			<report>
				<misses>1320000</misses>
				<total>646366</total>
			</report>
			<report>
				<misses>1330000</misses>
				<total>656365</total>
			</report>
			<report>
				<misses>1340000</misses>
				<total>666364</total>
			</report>
			<report>
				<misses>1350000</misses>
				<total>676363</total>
			</report>
			<report>
				<misses>1360000</misses>
				<total>684572</total>
			</report>
			<report>
				<misses>1370000</misses>
				<total>689690</total>
			</report>
			<report>
				<misses>1380000</misses>
				<total>696164</total>
			</report>
			<report>
				<misses>1390000</misses>
				<total>704320</total>
			</report>
			<report>
				<misses>1400000</misses>
				<total>706505</total>
			</report>
			<report>
				<misses>1410000</misses>
				<total>709051</total>
			</report>
			<report>
				<misses>1420000</misses>
				<total>709052</total>
			</report>
			<report>
				<misses>1430000</misses>
				<total>709061</total>
			</report>
			<report>
				<misses>1440000</misses>
				<total>709061</total>
			</report>
			<report>
				<misses>1450000</misses>
				<total>709061</total>
			</report>
			<report>
				<misses>1460000</misses>
				<total>709061</total>
			</report>
			<report>
				<misses>1470000</misses>
				<total>709067</total>
			</report>
			<report>
				<misses>1480000</misses>
				<total>709067</total>
			</report>
			<report>
				<misses>1490000</misses>
				<total>709069</total>
			</report>
			<report>
				<misses>1500000</misses>
				<total>709089</total>
			</report>
			<report>
				<misses>1510000</misses>
				<total>709089</total>
			</report>
			<report>
				<misses>1520000</misses>
				<total>718313</total>
			</report>
			<report>
				<misses>1530000</misses>
				<total>728312</total>
			</report>
			<report>
				<misses>1540000</misses>
				<total>738311</total>
			</report>
			<report>
				<misses>1550000</misses>
				<total>748310</total>
			</report>
			<report>
				<misses>1560000</misses>
				<total>758309</total>
			</report>
			<report>
				<misses>1570000</misses>
				<total>768308</total>
			</report>
			<report>
				<misses>1580000</misses>
				<total>778307</total>
			</report>
			<report>
				<misses>1590000</misses>
				<total>788306</total>
			</report>
			<report>
				<misses>1600000</misses>
				<total>798305</total>
			</report>
			<report>
				<misses>1610000</misses>
				<total>808304</total>
			</report>
			<report>
				<misses>1620000</misses>
				<total>818303</total>
			</report>
			<report>
				<misses>1630000</misses>
				<total>828302</total>
			</report>
			<report>
				<misses>1640000</misses>
				<total>838301</total>
			</report>
			<report>
				<misses>1650000</misses>
				<total>848300</total>
			</report>
			<report>
				<misses>1660000</misses>
				<total>858299</total>
			</report>
			<report>
				<misses>1670000</misses>
				<total>868174</total>
			</report>
			<report>
				<misses>1680000</misses>
				<total>875995</total>
			</report>
			<report>
				<misses>1690000</misses>
				<total>879489</total>
			</report>
			<report>
				<misses>1700000</misses>
				<total>879490</total>
			</report>
			<report>
				<misses>1710000</misses>
				<total>879508</total>
			</report>
			<report>
				<misses>1720000</misses>
				<total>879540</total>
			</report>
			<report>
				<misses>1730000</misses>
				<total>879540</total>
			</report>
			<report>
				<misses>1740000</misses>
				<total>884976</total>
			</report>
			<report>
				<misses>1750000</misses>
				<total>894975</total>
			</report>
			<report>
				<misses>1760000</misses>
				<total>904974</total>
			</report>
			<report>
				<misses>1770000</misses>
				<total>914973</total>
			</report>
			<report>
				<misses>1780000</misses>
				<total>924972</total>
			</report>
			<report>
				<misses>1790000</misses>
				<total>934971</total>
			</report>
			<report>
				<misses>1800000</misses>
				<total>944970</total>
			</report>
			<report>
				<misses>1810000</misses>
				<total>954969</total>
			</report>
			<report>
				<misses>1820000</misses>
				<total>964968</total>
			</report>
			<report>
				<misses>1830000</misses>
				<total>974967</total>
			</report>
			<report>
				<misses>1840000</misses>
				<total>984966</total>
			</report>
			<report>
				<misses>1850000</misses>
				<total>994965</total>
			</report>
			<report>
				<misses>1860000</misses>
				<total>1004964</total>
			</report>
			<report>
				<misses>1870000</misses>
				<total>1014963</total>
			</report>
			<report>
				<misses>1880000</misses>
				<total>1022854</total>
			</report>
			<report>
				<misses>1890000</misses>
				<total>1029752</total>
			</report>
			<report>
				<misses>1900000</misses>
				<total>1039751</total>
			</report>
			<report>
				<misses>1910000</misses>
				<total>1041417</total>
			</report>
			<report>
				<misses>1920000</misses>
				<total>1041421</total>
			</report>
			<report>
				<misses>1930000</misses>
				<total>1041429</total>
			</report>
			<report>
				<misses>1940000</misses>
				<total>1041447</total>
			</report>
			<report>
				<misses>1950000</misses>
				<total>1041448</total>
			</report>
			<report>
				<misses>1960000</misses>
				<total>1041450</total>
			</report>
			<report>
				<misses>1970000</misses>
				<total>1041451</total>
			</report>
			<report>
				<misses>1980000</misses>
				<total>1041464</total>
			</report>
			<report>
				<misses>1990000</misses>
				<total>1041471</total>
			</report>
			<report>
				<misses>2000000</misses>
				<total>1041498</total>
			</report>
		</query>
	</custom>
	<ethtool_statistic>
		<rx_packets>
			<start>17226737123</start>
			<end>17240003588</end>
		</rx_packets>
		<tx_packets>
			<start>20271367206</start>
			<end>20295325440</end>
		</tx_packets>
		<rx_dropped>
			<start>267</start>
			<end>267</end>
		</rx_dropped>
		<tx_dropped>
			<start>0</start>
			<end>0</end>
		</tx_dropped>
		<collisions>
			<start>0</start>
			<end>0</end>
		</collisions>
		<port_tx_errors>
			<start>0</start>
			<end>0</end>
		</port_tx_errors>
		<port_rx_dropped>
			<start>0</start>
			<end>0</end>
		</port_rx_dropped>
		<port_tx_dropped_link_down>
			<start>0</start>
			<end>0</end>
		</port_tx_dropped_link_down>
	</ethtool_statistic>
	<ip_statistic>
		<mtu>
			<start>9000</start>
			<end>9000</end>
		</mtu>
		<rx_bytes>
			<start>154855207684936</start>
			<end>154974470136148</end>
		</rx_bytes>
		<rx_packets>
			<start>17226737180</start>
			<end>17240003744</end>
		</rx_packets>
		<rx_errors>
			<start>0</start>
			<end>0</end>
		</rx_errors>
		<rx_dropped>
			<start>273</start>
			<end>273</end>
		</rx_dropped>
		<rx_missed>
			<start>0</start>
			<end>0</end>
		</rx_missed>
		<rx_mcast>
			<start>12412</start>
			<end>12422</end>
		</rx_mcast>
		<tx_bytes>
			<start>138289385114015</start>
			<end>138491488223311</end>
		</tx_bytes>
		<tx_packets>
			<start>20271367262</start>
			<end>20295325500</end>
		</tx_packets>
		<tx_errors>
			<start>0</start>
			<end>0</end>
		</tx_errors>
		<tx_dropped>
			<start>0</start>
			<end>0</end>
		</tx_dropped>
		<tx_carrier>
			<start>0</start>
			<end>0</end>
		</tx_carrier>
		<tx_collisions>
			<start>0</start>
			<end>0</end>
		</tx_collisions>
	</ip_statistic>
	<netstat_statistic>
		<udp_pkg_rec>
			<start>16942614044</start>
			<end>16955265134</end>
		</udp_pkg_rec>
		<udp_pkg_snt>
			<start>16885603197</start>
			<end>16895563462</end>
		</udp_pkg_snt>
		<udp_rec_err>
			<start>286118417</start>
			<end>286733745</end>
		</udp_rec_err>
		<udp_rec_buf_err>
			<start>286118417</start>
			<end>286733745</end>
		</udp_rec_buf_err>
		<udp_snt_buf_err>
			<start>28</start>
			<end>28</end>
		</udp_snt_buf_err>
	</netstat_statistic>
</test_results>
