<?xml version="1.0"?>
<test_results>
	<status>STATUS_SUCCESS</status>
	<custom>
		<num_loss>4974413</num_loss>
		<num_total>5000001</num_total>
		<num_misses>29069</num_misses>
		<elapsed_time>352.031553</elapsed_time>
		<query>
			<report>
				<misses>100000</misses>
				<total>100000</total>
				<timestamp>7.036877</timestamp>
			</report>
			<report>
				<misses>200000</misses>
				<total>196215</total>
				<timestamp>14.082882</timestamp>
			</report>
			<report>
				<misses>300000</misses>
				<total>296214</total>
				<timestamp>21.104735</timestamp>
			</report>
			<report>
				<misses>400000</misses>
				<total>396213</total>
				<timestamp>28.135815</timestamp>
			</report>
			<report>
				<misses>500000</misses>
				<total>496134</total>
				<timestamp>35.169157</timestamp>
			</report>
			<report>
				<misses>600000</misses>
				<total>594806</total>
				<timestamp>42.202730</timestamp>
			</report>
			<report>
				<misses>700000</misses>
				<total>694805</total>
				<timestamp>49.252371</timestamp>
			</report>
			<report>
				<misses>800000</misses>
				<total>794804</total>
				<timestamp>56.318333</timestamp>
			</report>
			<report>
				<misses>900000</misses>
				<total>892260</total>
				<timestamp>63.329097</timestamp>
			</report>
			<report>
				<misses>1000000</misses>
				<total>992259</total>
				<timestamp>70.358866</timestamp>
			</report>
			<report>
				<misses>1100000</misses>
				<total>1092258</total>
				<timestamp>77.450675</timestamp>
			</report>
			<report>
				<misses>1200000</misses>
				<total>1192257</total>
				<timestamp>84.480574</timestamp>
			</report>
			<report>
				<misses>1300000</misses>
				<total>1290813</total>
				<timestamp>91.509195</timestamp>
			</report>
			<report>
				<misses>1400000</misses>
				<total>1390812</total>
				<timestamp>98.569928</timestamp>
			</report>
			<report>
				<misses>1500000</misses>
				<total>1490811</total>
				<timestamp>105.626505</timestamp>
			</report>
			<report>
				<misses>1600000</misses>
				<total>1590810</total>
				<timestamp>112.634680</timestamp>
			</report>
			<report>
				<misses>1700000</misses>
				<total>1687332</total>
				<timestamp>119.691166</timestamp>
			</report>
			<report>
				<misses>1800000</misses>
				<total>1787331</total>
				<timestamp>126.731180</timestamp>
			</report>
			<report>
				<misses>1900000</misses>
				<total>1887330</total>
				<timestamp>133.747469</timestamp>
			</report>
			<report>
				<misses>2000000</misses>
				<total>1987329</total>
				<timestamp>140.783433</timestamp>
			</report>
			<report>
				<misses>2100000</misses>
				<total>2086880</total>
				<timestamp>147.812034</timestamp>
			</report>
			<report>
				<misses>2200000</misses>
				<total>2186879</total>
				<timestamp>154.856762</timestamp>
			</report>
			<report>
				<misses>2300000</misses>
				<total>2286878</total>
				<timestamp>161.927917</timestamp>
			</report>
			<report>
				<misses>2400000</misses>
				<total>2386877</total>
				<timestamp>168.963401</timestamp>
			</report>
			<report>
				<misses>2500000</misses>
				<total>2485279</total>
				<timestamp>175.985415</timestamp>
			</report>
			<report>
				<misses>2600000</misses>
				<total>2585278</total>
				<timestamp>183.018270</timestamp>
			</report>
			<report>
				<misses>2700000</misses>
				<total>2685277</total>
				<timestamp>190.089250</timestamp>
			</report>
			<report>
				<misses>2800000</misses>
				<total>2785276</total>
				<timestamp>197.138987</timestamp>
			</report>
			<report>
				<misses>2900000</misses>
				<total>2883198</total>
				<timestamp>204.173656</timestamp>
			</report>
			<report>
				<misses>3000000</misses>
				<total>2983197</total>
				<timestamp>211.208492</timestamp>
			</report>
			<report>
				<misses>3100000</misses>
				<total>3083196</total>
				<timestamp>218.256490</timestamp>
			</report>
			<report>
				<misses>3200000</misses>
				<total>3182975</total>
				<timestamp>225.293126</timestamp>
			</report>
			<report>
				<misses>3300000</misses>
				<total>3281435</total>
				<timestamp>232.342843</timestamp>
			</report>
			<report>
				<misses>3400000</misses>
				<total>3381434</total>
				<timestamp>239.395155</timestamp>
			</report>
			<report>
				<misses>3500000</misses>
				<total>3481433</total>
				<timestamp>246.447498</timestamp>
			</report>
			<report>
				<misses>3600000</misses>
				<total>3579472</total>
				<timestamp>253.501266</timestamp>
			</report>
			<report>
				<misses>3700000</misses>
				<total>3679471</total>
				<timestamp>260.526766</timestamp>
			</report>
			<report>
				<misses>3800000</misses>
				<total>3779470</total>
				<timestamp>267.560336</timestamp>
			</report>
			<report>
				<misses>3900000</misses>
				<total>3879469</total>
				<timestamp>274.595031</timestamp>
			</report>
			<report>
				<misses>4000000</misses>
				<total>3978896</total>
				<timestamp>281.630114</timestamp>
			</report>
			<report>
				<misses>4100000</misses>
				<total>4078895</total>
				<timestamp>288.649383</timestamp>
			</report>
			<report>
				<misses>4200000</misses>
				<total>4178894</total>
				<timestamp>295.693920</timestamp>
			</report>
			<report>
				<misses>4300000</misses>
				<total>4278893</total>
				<timestamp>302.728662</timestamp>
			</report>
			<report>
				<misses>4400000</misses>
				<total>4376139</total>
				<timestamp>309.767450</timestamp>
			</report>
			<report>
				<misses>4500000</misses>
				<total>4476138</total>
				<timestamp>316.789149</timestamp>
			</report>
			<report>
				<misses>4600000</misses>
				<total>4576137</total>
				<timestamp>323.807970</timestamp>
			</report>
			<report>
				<misses>4700000</misses>
				<total>4676136</total>
				<timestamp>330.877291</timestamp>
			</report>
			<report>
				<misses>4800000</misses>
				<total>4774415</total>
				<timestamp>337.900002</timestamp>
			</report>
			<report>
				<misses>4900000</misses>
				<total>4874414</total>
				<timestamp>344.962946</timestamp>
			</report>
			<report>
				<misses>5000000</misses>
				<total>4974413</total>
				<timestamp>352.031531</timestamp>
			</report>
		</query>
	</custom>
	<ethtool_statistic>
		<rx_packets>
			<start>3650874844</start>
			<end>3667495330</end>
		</rx_packets>
		<tx_packets>
			<start>4566005297</start>
			<end>4615977638</end>
		</tx_packets>
		<rx_dropped>
			<start>0</start>
			<end>0</end>
		</rx_dropped>
		<tx_dropped>
			<start>0</start>
			<end>0</end>
		</tx_dropped>
		<collisions>
			<start>0</start>
			<end>0</end>
		</collisions>
		<port_tx_errors>
			<start>0</start>
			<end>0</end>
		</port_tx_errors>
		<port_rx_dropped>
			<start>0</start>
			<end>0</end>
		</port_rx_dropped>
		<port_tx_dropped_link_down>
			<start>0</start>
			<end>0</end>
		</port_tx_dropped_link_down>
	</ethtool_statistic>
	<ip_statistic>
		<mtu>
			<start>9000</start>
			<end>9000</end>
		</mtu>
		<rx_bytes>
			<start>32820058915406</start>
			<end>32969474777776</end>
		</rx_bytes>
		<rx_packets>
			<start>3650874971</start>
			<end>3667495492</end>
		</rx_packets>
		<rx_errors>
			<start>0</start>
			<end>0</end>
		</rx_errors>
		<rx_dropped>
			<start>0</start>
			<end>0</end>
		</rx_dropped>
		<rx_missed>
			<start>0</start>
			<end>0</end>
		</rx_missed>
		<rx_mcast>
			<start>1017</start>
			<end>1023</end>
		</rx_mcast>
		<tx_bytes>
			<start>28479503143256</start>
			<end>28895553321920</end>
		</tx_bytes>
		<tx_packets>
			<start>4566005350</start>
			<end>4615977693</end>
		</tx_packets>
		<tx_errors>
			<start>0</start>
			<end>0</end>
		</tx_errors>
		<tx_dropped>
			<start>0</start>
			<end>0</end>
		</tx_dropped>
		<tx_carrier>
			<start>0</start>
			<end>0</end>
		</tx_carrier>
		<tx_collisions>
			<start>0</start>
			<end>0</end>
		</tx_collisions>
	</ip_statistic>
	<netstat_statistic>
		<udp_pkg_rec>
			<start>3448342112</start>
			<end>3464235234</end>
		</udp_pkg_rec>
		<udp_pkg_snt>
			<start>3846969486</start>
			<end>3861944986</end>
		</udp_pkg_snt>
		<udp_rec_err>
			<start>202923747</start>
			<end>203653006</end>
		</udp_rec_err>
		<udp_rec_buf_err>
			<start>202923747</start>
			<end>203653006</end>
		</udp_rec_buf_err>
		<udp_snt_buf_err>
			<start>0</start>
			<end>0</end>
		</udp_snt_buf_err>
	</netstat_statistic>
</test_results>
