<?xml version="1.0"?>
<test_results>
	<status>STATUS_SUCCESS</status>
	<custom>
		<num_loss>67</num_loss>
		<num_total>2000001</num_total>
		<num_misses>11</num_misses>
		<elapsed_time>500.002507</elapsed_time>
		<query />
	</custom>
	<ethtool_statistic>
		<rx_packets>
			<start>4028057592</start>
			<end>4068660891</end>
		</rx_packets>
		<tx_packets>
			<start>6661062022</start>
			<end>6727323093</end>
		</tx_packets>
		<rx_dropped>
			<start>0</start>
			<end>0</end>
		</rx_dropped>
		<tx_dropped>
			<start>0</start>
			<end>0</end>
		</tx_dropped>
		<collisions>
			<start>0</start>
			<end>0</end>
		</collisions>
		<port_tx_errors>
			<start>0</start>
			<end>0</end>
		</port_tx_errors>
		<port_rx_dropped>
			<start>0</start>
			<end>0</end>
		</port_rx_dropped>
		<port_tx_dropped_link_down>
			<start>0</start>
			<end>0</end>
		</port_tx_dropped_link_down>
	</ethtool_statistic>
	<ip_statistic>
		<mtu>
			<start>9000</start>
			<end>9000</end>
		</mtu>
		<rx_bytes>
			<start>16473291363510</start>
			<end>16639646651091</end>
		</rx_bytes>
		<rx_packets>
			<start>4028057643</start>
			<end>4068661048</end>
		</rx_packets>
		<rx_errors>
			<start>0</start>
			<end>0</end>
		</rx_errors>
		<rx_dropped>
			<start>0</start>
			<end>0</end>
		</rx_dropped>
		<rx_missed>
			<start>0</start>
			<end>0</end>
		</rx_missed>
		<rx_mcast>
			<start>2282</start>
			<end>2286</end>
		</rx_mcast>
		<tx_bytes>
			<start>19755145627203</start>
			<end>20013505323869</end>
		</tx_bytes>
		<tx_packets>
			<start>6661062049</start>
			<end>6727323128</end>
		</tx_packets>
		<tx_errors>
			<start>0</start>
			<end>0</end>
		</tx_errors>
		<tx_dropped>
			<start>0</start>
			<end>0</end>
		</tx_dropped>
		<tx_carrier>
			<start>0</start>
			<end>0</end>
		</tx_carrier>
		<tx_collisions>
			<start>0</start>
			<end>0</end>
		</tx_collisions>
	</ip_statistic>
	<netstat_statistic>
		<udp_pkg_rec>
			<start>3387561795</start>
			<end>3422625553</end>
		</udp_pkg_rec>
		<udp_pkg_snt>
			<start>6493583160</start>
			<end>6545846731</end>
		</udp_pkg_snt>
		<udp_rec_err>
			<start>641198744</start>
			<end>646740857</end>
		</udp_rec_err>
		<udp_rec_buf_err>
			<start>641198744</start>
			<end>646740857</end>
		</udp_rec_buf_err>
		<udp_snt_buf_err>
			<start>0</start>
			<end>0</end>
		</udp_snt_buf_err>
	</netstat_statistic>
</test_results>
