<?xml version="1.0"?>
<test_results>
	<status>STATUS_SUCCESS</status>
	<custom>
		<num_loss>944476</num_loss>
		<num_total>1000001</num_total>
		<num_misses>2538</num_misses>
		<elapsed_time>90.228676</elapsed_time>
		<query />
	</custom>
	<ethtool_statistic>
		<rx_packets>
			<start>3726760598</start>
			<end>3734574482</end>
		</rx_packets>
		<tx_packets>
			<start>6124408157</start>
			<end>6142137543</end>
		</tx_packets>
		<rx_dropped>
			<start>0</start>
			<end>0</end>
		</rx_dropped>
		<tx_dropped>
			<start>0</start>
			<end>0</end>
		</tx_dropped>
		<collisions>
			<start>0</start>
			<end>0</end>
		</collisions>
		<port_tx_errors>
			<start>0</start>
			<end>0</end>
		</port_tx_errors>
		<port_rx_dropped>
			<start>0</start>
			<end>0</end>
		</port_rx_dropped>
		<port_tx_dropped_link_down>
			<start>0</start>
			<end>0</end>
		</port_tx_dropped_link_down>
	</ethtool_statistic>
	<ip_statistic>
		<mtu>
			<start>9000</start>
			<end>9000</end>
		</mtu>
		<rx_bytes>
			<start>15237652753695</start>
			<end>15269278112777</end>
		</rx_bytes>
		<rx_packets>
			<start>3726760721</start>
			<end>3734574606</end>
		</rx_packets>
		<rx_errors>
			<start>0</start>
			<end>0</end>
		</rx_errors>
		<rx_dropped>
			<start>0</start>
			<end>0</end>
		</rx_dropped>
		<rx_missed>
			<start>0</start>
			<end>0</end>
		</rx_missed>
		<rx_mcast>
			<start>2238</start>
			<end>2238</end>
		</rx_mcast>
		<tx_bytes>
			<start>17494971317097</start>
			<end>17584725944779</end>
		</tx_bytes>
		<tx_packets>
			<start>6124408762</start>
			<end>6142137585</end>
		</tx_packets>
		<tx_errors>
			<start>0</start>
			<end>0</end>
		</tx_errors>
		<tx_dropped>
			<start>0</start>
			<end>0</end>
		</tx_dropped>
		<tx_carrier>
			<start>0</start>
			<end>0</end>
		</tx_carrier>
		<tx_collisions>
			<start>0</start>
			<end>0</end>
		</tx_collisions>
	</ip_statistic>
	<netstat_statistic>
		<udp_pkg_rec>
			<start>3128515647</start>
			<end>3135083104</end>
		</udp_pkg_rec>
		<udp_pkg_snt>
			<start>6096910314</start>
			<end>6107639831</end>
		</udp_pkg_snt>
		<udp_rec_err>
			<start>598928875</start>
			<end>600175942</end>
		</udp_rec_err>
		<udp_rec_buf_err>
			<start>598928875</start>
			<end>600175942</end>
		</udp_rec_buf_err>
		<udp_snt_buf_err>
			<start>0</start>
			<end>0</end>
		</udp_snt_buf_err>
	</netstat_statistic>
</test_results>
