<?xml version="1.0"?>
<test_results>
	<status>STATUS_SUCCESS</status>
	<custom>
		<num_loss>4557656</num_loss>
		<num_total>5000001</num_total>
		<num_misses>37</num_misses>
		<elapsed_time>649.998551</elapsed_time>
		<query>
			<report>
				<misses>100000</misses>
				<total>88368</total>
				<timestamp>13.000030</timestamp>
			</report>
			<report>
				<misses>200000</misses>
				<total>188367</total>
				<timestamp>25.999956</timestamp>
			</report>
			<report>
				<misses>300000</misses>
				<total>270603</total>
				<timestamp>39.000808</timestamp>
			</report>
			<report>
				<misses>400000</misses>
				<total>370602</total>
				<timestamp>52.000721</timestamp>
			</report>
			<report>
				<misses>500000</misses>
				<total>451904</total>
				<timestamp>65.000557</timestamp>
			</report>
			<report>
				<misses>600000</misses>
				<total>551903</total>
				<timestamp>78.000552</timestamp>
			</report>
			<report>
				<misses>700000</misses>
				<total>642429</total>
				<timestamp>91.000449</timestamp>
			</report>
			<report>
				<misses>800000</misses>
				<total>742428</total>
				<timestamp>104.000296</timestamp>
			</report>
			<report>
				<misses>900000</misses>
				<total>831617</total>
				<timestamp>117.000222</timestamp>
			</report>
			<report>
				<misses>1000000</misses>
				<total>931616</total>
				<timestamp>130.000040</timestamp>
			</report>
			<report>
				<misses>1100000</misses>
				<total>1020369</total>
				<timestamp>143.000006</timestamp>
			</report>
			<report>
				<misses>1200000</misses>
				<total>1120368</total>
				<timestamp>155.999911</timestamp>
			</report>
			<report>
				<misses>1300000</misses>
				<total>1206303</total>
				<timestamp>168.999953</timestamp>
			</report>
			<report>
				<misses>1400000</misses>
				<total>1306302</total>
				<timestamp>181.999831</timestamp>
			</report>
			<report>
				<misses>1500000</misses>
				<total>1386936</total>
				<timestamp>194.999633</timestamp>
			</report>
			<report>
				<misses>1600000</misses>
				<total>1486935</total>
				<timestamp>207.999599</timestamp>
			</report>
			<report>
				<misses>1700000</misses>
				<total>1579107</total>
				<timestamp>220.999425</timestamp>
			</report>
			<report>
				<misses>1800000</misses>
				<total>1671455</total>
				<timestamp>233.999420</timestamp>
			</report>
			<report>
				<misses>1900000</misses>
				<total>1771454</total>
				<timestamp>246.999545</timestamp>
			</report>
			<report>
				<misses>2000000</misses>
				<total>1860259</total>
				<timestamp>259.999680</timestamp>
			</report>
			<report>
				<misses>2100000</misses>
				<total>1960258</total>
				<timestamp>272.999589</timestamp>
			</report>
			<report>
				<misses>2200000</misses>
				<total>2034303</total>
				<timestamp>285.999407</timestamp>
			</report>
			<report>
				<misses>2300000</misses>
				<total>2134302</total>
				<timestamp>298.999338</timestamp>
			</report>
			<report>
				<misses>2400000</misses>
				<total>2221860</total>
				<timestamp>311.999199</timestamp>
			</report>
			<report>
				<misses>2500000</misses>
				<total>2321859</total>
				<timestamp>324.999068</timestamp>
			</report>
			<report>
				<misses>2600000</misses>
				<total>2393476</total>
				<timestamp>337.999017</timestamp>
			</report>
			<report>
				<misses>2700000</misses>
				<total>2493475</total>
				<timestamp>350.998873</timestamp>
			</report>
			<report>
				<misses>2800000</misses>
				<total>2572808</total>
				<timestamp>363.998818</timestamp>
			</report>
			<report>
				<misses>2900000</misses>
				<total>2672807</total>
				<timestamp>376.998741</timestamp>
			</report>
			<report>
				<misses>3000000</misses>
				<total>2768389</total>
				<timestamp>389.998651</timestamp>
			</report>
			<report>
				<misses>3100000</misses>
				<total>2868388</total>
				<timestamp>402.998623</timestamp>
			</report>
			<report>
				<misses>3200000</misses>
				<total>2959372</total>
				<timestamp>415.998483</timestamp>
			</report>
			<report>
				<misses>3300000</misses>
				<total>3051751</total>
				<timestamp>428.998743</timestamp>
			</report>
			<report>
				<misses>3400000</misses>
				<total>3144533</total>
				<timestamp>441.998663</timestamp>
			</report>
			<report>
				<misses>3500000</misses>
				<total>3226211</total>
				<timestamp>454.998751</timestamp>
			</report>
			<report>
				<misses>3600000</misses>
				<total>3319533</total>
				<timestamp>467.998692</timestamp>
			</report>
			<report>
				<misses>3700000</misses>
				<total>3387012</total>
				<timestamp>480.998640</timestamp>
			</report>
			<report>
				<misses>3800000</misses>
				<total>3481319</total>
				<timestamp>493.998609</timestamp>
			</report>
			<report>
				<misses>3900000</misses>
				<total>3562893</total>
				<timestamp>506.998782</timestamp>
			</report>
			<report>
				<misses>4000000</misses>
				<total>3662892</total>
				<timestamp>519.998875</timestamp>
			</report>
			<report>
				<misses>4100000</misses>
				<total>3739456</total>
				<timestamp>532.998815</timestamp>
			</report>
			<report>
				<misses>4200000</misses>
				<total>3839455</total>
				<timestamp>545.998824</timestamp>
			</report>
			<report>
				<misses>4300000</misses>
				<total>3925239</total>
				<timestamp>558.998730</timestamp>
			</report>
			<report>
				<misses>4400000</misses>
				<total>4025238</total>
				<timestamp>571.998588</timestamp>
			</report>
			<report>
				<misses>4500000</misses>
				<total>4104583</total>
				<timestamp>584.998514</timestamp>
			</report>
			<report>
				<misses>4600000</misses>
				<total>4204582</total>
				<timestamp>597.998337</timestamp>
			</report>
			<report>
				<misses>4700000</misses>
				<total>4295777</total>
				<timestamp>610.998236</timestamp>
			</report>
			<report>
				<misses>4800000</misses>
				<total>4380682</total>
				<timestamp>623.998434</timestamp>
			</report>
			<report>
				<misses>4900000</misses>
				<total>4466042</total>
				<timestamp>636.998434</timestamp>
			</report>
			<report>
				<misses>5000000</misses>
				<total>4557656</total>
				<timestamp>649.998528</timestamp>
			</report>
		</query>
	</custom>
	<ethtool_statistic>
		<rx_packets>
			<start>3787398528</start>
			<end>3817892617</end>
		</rx_packets>
		<tx_packets>
			<start>4887923251</start>
			<end>4946220712</end>
		</tx_packets>
		<rx_dropped>
			<start>0</start>
			<end>0</end>
		</rx_dropped>
		<tx_dropped>
			<start>0</start>
			<end>0</end>
		</tx_dropped>
		<collisions>
			<start>0</start>
			<end>0</end>
		</collisions>
		<port_tx_errors>
			<start>0</start>
			<end>0</end>
		</port_tx_errors>
		<port_rx_dropped>
			<start>0</start>
			<end>0</end>
		</port_rx_dropped>
		<port_tx_dropped_link_down>
			<start>0</start>
			<end>0</end>
		</port_tx_dropped_link_down>
	</ethtool_statistic>
	<ip_statistic>
		<mtu>
			<start>9000</start>
			<end>9000</end>
		</mtu>
		<rx_bytes>
			<start>34047382933751</start>
			<end>34321518717080</end>
		</rx_bytes>
		<rx_packets>
			<start>3787398642</start>
			<end>3817892670</end>
		</rx_packets>
		<rx_errors>
			<start>0</start>
			<end>0</end>
		</rx_errors>
		<rx_dropped>
			<start>0</start>
			<end>0</end>
		</rx_dropped>
		<rx_missed>
			<start>0</start>
			<end>0</end>
		</rx_missed>
		<rx_mcast>
			<start>1069</start>
			<end>1074</end>
		</rx_mcast>
		<tx_bytes>
			<start>31174334713372</start>
			<end>31665226738798</end>
		</tx_bytes>
		<tx_packets>
			<start>4887923287</start>
			<end>4946220766</end>
		</tx_packets>
		<tx_errors>
			<start>0</start>
			<end>0</end>
		</tx_errors>
		<tx_dropped>
			<start>0</start>
			<end>0</end>
		</tx_dropped>
		<tx_carrier>
			<start>0</start>
			<end>0</end>
		</tx_carrier>
		<tx_collisions>
			<start>0</start>
			<end>0</end>
		</tx_collisions>
	</ip_statistic>
	<netstat_statistic>
		<udp_pkg_rec>
			<start>3577727813</start>
			<end>3606623783</end>
		</udp_pkg_rec>
		<udp_pkg_snt>
			<start>3958911729</start>
			<end>3982214398</end>
		</udp_pkg_snt>
		<udp_rec_err>
			<start>210075298</start>
			<end>211676274</end>
		</udp_rec_err>
		<udp_rec_buf_err>
			<start>210075298</start>
			<end>211676274</end>
		</udp_rec_buf_err>
		<udp_snt_buf_err>
			<start>0</start>
			<end>0</end>
		</udp_snt_buf_err>
	</netstat_statistic>
</test_results>
