<?xml version="1.0"?>
<test_results>
	<status>STATUS_SUCCESS</status>
	<custom>
		<num_loss>63</num_loss>
		<num_total>4000001</num_total>
		<num_misses>7</num_misses>
		<elapsed_time>1040.001087</elapsed_time>
		<query />
	</custom>
	<ethtool_statistic>
		<rx_packets>
			<start>4069369507</start>
			<end>4151308177</end>
		</rx_packets>
		<tx_packets>
			<start>6727488748</start>
			<end>6865391922</end>
		</tx_packets>
		<rx_dropped>
			<start>0</start>
			<end>0</end>
		</rx_dropped>
		<tx_dropped>
			<start>0</start>
			<end>0</end>
		</tx_dropped>
		<collisions>
			<start>0</start>
			<end>0</end>
		</collisions>
		<port_tx_errors>
			<start>0</start>
			<end>0</end>
		</port_tx_errors>
		<port_rx_dropped>
			<start>0</start>
			<end>0</end>
		</port_rx_dropped>
		<port_tx_dropped_link_down>
			<start>0</start>
			<end>0</end>
		</port_tx_dropped_link_down>
	</ethtool_statistic>
	<ip_statistic>
		<mtu>
			<start>9000</start>
			<end>9000</end>
		</mtu>
		<rx_bytes>
			<start>16642461714308</start>
			<end>16983531601077</end>
		</rx_bytes>
		<rx_packets>
			<start>4069369776</start>
			<end>4151308334</end>
		</rx_packets>
		<rx_errors>
			<start>0</start>
			<end>0</end>
		</rx_errors>
		<rx_dropped>
			<start>0</start>
			<end>0</end>
		</rx_dropped>
		<rx_missed>
			<start>0</start>
			<end>0</end>
		</rx_missed>
		<rx_mcast>
			<start>2289</start>
			<end>2304</end>
		</rx_mcast>
		<tx_bytes>
			<start>20014631587965</start>
			<end>20543034504737</end>
		</tx_bytes>
		<tx_packets>
			<start>6727488776</start>
			<end>6865391965</end>
		</tx_packets>
		<tx_errors>
			<start>0</start>
			<end>0</end>
		</tx_errors>
		<tx_dropped>
			<start>0</start>
			<end>0</end>
		</tx_dropped>
		<tx_carrier>
			<start>0</start>
			<end>0</end>
		</tx_carrier>
		<tx_collisions>
			<start>0</start>
			<end>0</end>
		</tx_collisions>
	</ip_statistic>
	<netstat_statistic>
		<udp_pkg_rec>
			<start>3423251649</start>
			<end>3495368853</end>
		</udp_pkg_rec>
		<udp_pkg_snt>
			<start>6546012396</start>
			<end>6655921142</end>
		</udp_pkg_snt>
		<udp_rec_err>
			<start>646823639</start>
			<end>656650548</end>
		</udp_rec_err>
		<udp_rec_buf_err>
			<start>646823639</start>
			<end>656650548</end>
		</udp_rec_buf_err>
		<udp_snt_buf_err>
			<start>0</start>
			<end>0</end>
		</udp_snt_buf_err>
	</netstat_statistic>
</test_results>
