<?xml version="1.0"?>
<test_results>
	<status>STATUS_SUCCESS</status>
	<custom>
		<num_loss>65</num_loss>
		<num_total>48400001</num_total>
		<num_misses>285752</num_misses>
		<elapsed_time>973.705476</elapsed_time>
		<query>
			<report>
				<misses>100000</misses>
				<total>4</total>
				<timestamp>2.013832</timestamp>
			</report>
			<report>
				<misses>200000</misses>
				<total>3</total>
				<timestamp>4.026584</timestamp>
			</report>
			<report>
				<misses>300000</misses>
				<total>4</total>
				<timestamp>6.038792</timestamp>
			</report>
			<report>
				<misses>400000</misses>
				<total>1</total>
				<timestamp>8.050504</timestamp>
			</report>
			<report>
				<misses>500000</misses>
				<total>2</total>
				<timestamp>10.059958</timestamp>
			</report>
			<report>
				<misses>600000</misses>
				<total>3</total>
				<timestamp>12.072354</timestamp>
			</report>
			<report>
				<misses>700000</misses>
				<total>4</total>
				<timestamp>14.085762</timestamp>
			</report>
			<report>
				<misses>800000</misses>
				<total>2</total>
				<timestamp>16.099245</timestamp>
			</report>
			<report>
				<misses>900000</misses>
				<total>3</total>
				<timestamp>18.110462</timestamp>
			</report>
			<report>
				<misses>1000000</misses>
				<total>1</total>
				<timestamp>20.123433</timestamp>
			</report>
			<report>
				<misses>1100000</misses>
				<total>5</total>
				<timestamp>22.135246</timestamp>
			</report>
			<report>
				<misses>1200000</misses>
				<total>3</total>
				<timestamp>24.146424</timestamp>
			</report>
			<report>
				<misses>1300000</misses>
				<total>4</total>
				<timestamp>26.156452</timestamp>
			</report>
			<report>
				<misses>1400000</misses>
				<total>2</total>
				<timestamp>28.166706</timestamp>
			</report>
			<report>
				<misses>1500000</misses>
				<total>3</total>
				<timestamp>30.178043</timestamp>
			</report>
			<report>
				<misses>1600000</misses>
				<total>4</total>
				<timestamp>32.188620</timestamp>
			</report>
			<report>
				<misses>1700000</misses>
				<total>3</total>
				<timestamp>34.201510</timestamp>
			</report>
			<report>
				<misses>1800000</misses>
				<total>3</total>
				<timestamp>36.212388</timestamp>
			</report>
			<report>
				<misses>1900000</misses>
				<total>2</total>
				<timestamp>38.222005</timestamp>
			</report>
			<report>
				<misses>2000000</misses>
				<total>1</total>
				<timestamp>40.234932</timestamp>
			</report>
			<report>
				<misses>2100000</misses>
				<total>4</total>
				<timestamp>42.247620</timestamp>
			</report>
			<report>
				<misses>2200000</misses>
				<total>2</total>
				<timestamp>44.258634</timestamp>
			</report>
			<report>
				<misses>2300000</misses>
				<total>3</total>
				<timestamp>46.267617</timestamp>
			</report>
			<report>
				<misses>2400000</misses>
				<total>2</total>
				<timestamp>48.277520</timestamp>
			</report>
			<report>
				<misses>2500000</misses>
				<total>3</total>
				<timestamp>50.289822</timestamp>
			</report>
			<report>
				<misses>2600000</misses>
				<total>1</total>
				<timestamp>52.302282</timestamp>
			</report>
			<report>
				<misses>2700000</misses>
				<total>4</total>
				<timestamp>54.314273</timestamp>
			</report>
			<report>
				<misses>2800000</misses>
				<total>2</total>
				<timestamp>56.325232</timestamp>
			</report>
			<report>
				<misses>2900000</misses>
				<total>3</total>
				<timestamp>58.335092</timestamp>
			</report>
			<report>
				<misses>3000000</misses>
				<total>3</total>
				<timestamp>60.347542</timestamp>
			</report>
			<report>
				<misses>3100000</misses>
				<total>4</total>
				<timestamp>62.359003</timestamp>
			</report>
			<report>
				<misses>3200000</misses>
				<total>2</total>
				<timestamp>64.370107</timestamp>
			</report>
			<report>
				<misses>3300000</misses>
				<total>2</total>
				<timestamp>66.385499</timestamp>
			</report>
			<report>
				<misses>3400000</misses>
				<total>1</total>
				<timestamp>68.399886</timestamp>
			</report>
			<report>
				<misses>3500000</misses>
				<total>4</total>
				<timestamp>70.412925</timestamp>
			</report>
			<report>
				<misses>3600000</misses>
				<total>3</total>
				<timestamp>72.424747</timestamp>
			</report>
			<report>
				<misses>3700000</misses>
				<total>2</total>
				<timestamp>74.434156</timestamp>
			</report>
			<report>
				<misses>3800000</misses>
				<total>2</total>
				<timestamp>76.445878</timestamp>
			</report>
			<report>
				<misses>3900000</misses>
				<total>3</total>
				<timestamp>78.456980</timestamp>
			</report>
			<report>
				<misses>4000000</misses>
				<total>1</total>
				<timestamp>80.469153</timestamp>
			</report>
			<report>
				<misses>4100000</misses>
				<total>2</total>
				<timestamp>82.479408</timestamp>
			</report>
			<report>
				<misses>4200000</misses>
				<total>3</total>
				<timestamp>84.491699</timestamp>
			</report>
			<report>
				<misses>4300000</misses>
				<total>2</total>
				<timestamp>86.504219</timestamp>
			</report>
			<report>
				<misses>4400000</misses>
				<total>4</total>
				<timestamp>88.514749</timestamp>
			</report>
			<report>
				<misses>4500000</misses>
				<total>2</total>
				<timestamp>90.526631</timestamp>
			</report>
			<report>
				<misses>4600000</misses>
				<total>3</total>
				<timestamp>92.538610</timestamp>
			</report>
			<report>
				<misses>4700000</misses>
				<total>3</total>
				<timestamp>94.548547</timestamp>
			</report>
			<report>
				<misses>4800000</misses>
				<total>3</total>
				<timestamp>96.560701</timestamp>
			</report>
			<report>
				<misses>4900000</misses>
				<total>2</total>
				<timestamp>98.571921</timestamp>
			</report>
			<report>
				<misses>5000000</misses>
				<total>2</total>
				<timestamp>100.582096</timestamp>
			</report>
			<report>
				<misses>5100000</misses>
				<total>1</total>
				<timestamp>102.594007</timestamp>
			</report>
			<report>
				<misses>5200000</misses>
				<total>1</total>
				<timestamp>104.608581</timestamp>
			</report>
			<report>
				<misses>5300000</misses>
				<total>2</total>
				<timestamp>106.620366</timestamp>
			</report>
			<report>
				<misses>5400000</misses>
				<total>2</total>
				<timestamp>108.631473</timestamp>
			</report>
			<report>
				<misses>5500000</misses>
				<total>3</total>
				<timestamp>110.645703</timestamp>
			</report>
			<report>
				<misses>5600000</misses>
				<total>3</total>
				<timestamp>112.656375</timestamp>
			</report>
			<report>
				<misses>5700000</misses>
				<total>3</total>
				<timestamp>114.667832</timestamp>
			</report>
			<report>
				<misses>5800000</misses>
				<total>1</total>
				<timestamp>116.678027</timestamp>
			</report>
			<report>
				<misses>5900000</misses>
				<total>1</total>
				<timestamp>118.690427</timestamp>
			</report>
			<report>
				<misses>6000000</misses>
				<total>3</total>
				<timestamp>120.702445</timestamp>
			</report>
			<report>
				<misses>6100000</misses>
				<total>3</total>
				<timestamp>122.715011</timestamp>
			</report>
			<report>
				<misses>6200000</misses>
				<total>2</total>
				<timestamp>124.728954</timestamp>
			</report>
			<report>
				<misses>6300000</misses>
				<total>4</total>
				<timestamp>126.741386</timestamp>
			</report>
			<report>
				<misses>6400000</misses>
				<total>4</total>
				<timestamp>128.750892</timestamp>
			</report>
			<report>
				<misses>6500000</misses>
				<total>3</total>
				<timestamp>130.761821</timestamp>
			</report>
			<report>
				<misses>6600000</misses>
				<total>2</total>
				<timestamp>132.776253</timestamp>
			</report>
			<report>
				<misses>6700000</misses>
				<total>4</total>
				<timestamp>134.786826</timestamp>
			</report>
			<report>
				<misses>6800000</misses>
				<total>4</total>
				<timestamp>136.798095</timestamp>
			</report>
			<report>
				<misses>6900000</misses>
				<total>3</total>
				<timestamp>138.806152</timestamp>
			</report>
			<report>
				<misses>7000000</misses>
				<total>3</total>
				<timestamp>140.819326</timestamp>
			</report>
			<report>
				<misses>7100000</misses>
				<total>4</total>
				<timestamp>142.833446</timestamp>
			</report>
			<report>
				<misses>7200000</misses>
				<total>2</total>
				<timestamp>144.845755</timestamp>
			</report>
			<report>
				<misses>7300000</misses>
				<total>4</total>
				<timestamp>146.856093</timestamp>
			</report>
			<report>
				<misses>7400000</misses>
				<total>1</total>
				<timestamp>148.867526</timestamp>
			</report>
			<report>
				<misses>7500000</misses>
				<total>2</total>
				<timestamp>150.878388</timestamp>
			</report>
			<report>
				<misses>7600000</misses>
				<total>1</total>
				<timestamp>152.890470</timestamp>
			</report>
			<report>
				<misses>7700000</misses>
				<total>0</total>
				<timestamp>154.901331</timestamp>
			</report>
			<report>
				<misses>7800000</misses>
				<total>1</total>
				<timestamp>156.916617</timestamp>
			</report>
			<report>
				<misses>7900000</misses>
				<total>2</total>
				<timestamp>158.927232</timestamp>
			</report>
			<report>
				<misses>8000000</misses>
				<total>3</total>
				<timestamp>160.938440</timestamp>
			</report>
			<report>
				<misses>8100000</misses>
				<total>4</total>
				<timestamp>162.949717</timestamp>
			</report>
			<report>
				<misses>8200000</misses>
				<total>2</total>
				<timestamp>164.961496</timestamp>
			</report>
			<report>
				<misses>8300000</misses>
				<total>2</total>
				<timestamp>166.972344</timestamp>
			</report>
			<report>
				<misses>8400000</misses>
				<total>1</total>
				<timestamp>168.985848</timestamp>
			</report>
			<report>
				<misses>8500000</misses>
				<total>3</total>
				<timestamp>170.998033</timestamp>
			</report>
			<report>
				<misses>8600000</misses>
				<total>4</total>
				<timestamp>173.007774</timestamp>
			</report>
			<report>
				<misses>8700000</misses>
				<total>2</total>
				<timestamp>175.019663</timestamp>
			</report>
			<report>
				<misses>8800000</misses>
				<total>2</total>
				<timestamp>177.032750</timestamp>
			</report>
			<report>
				<misses>8900000</misses>
				<total>1</total>
				<timestamp>179.045269</timestamp>
			</report>
			<report>
				<misses>9000000</misses>
				<total>2</total>
				<timestamp>181.058760</timestamp>
			</report>
			<report>
				<misses>9100000</misses>
				<total>2</total>
				<timestamp>183.070941</timestamp>
			</report>
			<report>
				<misses>9200000</misses>
				<total>3</total>
				<timestamp>185.082148</timestamp>
			</report>
			<report>
				<misses>9300000</misses>
				<total>5</total>
				<timestamp>187.096974</timestamp>
			</report>
			<report>
				<misses>9400000</misses>
				<total>15</total>
				<timestamp>189.109110</timestamp>
			</report>
			<report>
				<misses>9500000</misses>
				<total>17</total>
				<timestamp>191.121311</timestamp>
			</report>
			<report>
				<misses>9600000</misses>
				<total>15</total>
				<timestamp>193.132953</timestamp>
			</report>
			<report>
				<misses>9700000</misses>
				<total>18</total>
				<timestamp>195.143646</timestamp>
			</report>
			<report>
				<misses>9800000</misses>
				<total>15</total>
				<timestamp>197.154494</timestamp>
			</report>
			<report>
				<misses>9900000</misses>
				<total>17</total>
				<timestamp>199.164140</timestamp>
			</report>
			<report>
				<misses>10000000</misses>
				<total>18</total>
				<timestamp>201.175742</timestamp>
			</report>
			<report>
				<misses>10100000</misses>
				<total>19</total>
				<timestamp>203.188541</timestamp>
			</report>
			<report>
				<misses>10200000</misses>
				<total>16</total>
				<timestamp>205.198139</timestamp>
			</report>
			<report>
				<misses>10300000</misses>
				<total>18</total>
				<timestamp>207.212168</timestamp>
			</report>
			<report>
				<misses>10400000</misses>
				<total>16</total>
				<timestamp>209.223293</timestamp>
			</report>
			<report>
				<misses>10500000</misses>
				<total>18</total>
				<timestamp>211.233422</timestamp>
			</report>
			<report>
				<misses>10600000</misses>
				<total>17</total>
				<timestamp>213.243493</timestamp>
			</report>
			<report>
				<misses>10700000</misses>
				<total>31</total>
				<timestamp>215.255028</timestamp>
			</report>
			<report>
				<misses>10800000</misses>
				<total>31</total>
				<timestamp>217.263483</timestamp>
			</report>
			<report>
				<misses>10900000</misses>
				<total>31</total>
				<timestamp>219.276520</timestamp>
			</report>
			<report>
				<misses>11000000</misses>
				<total>30</total>
				<timestamp>221.286769</timestamp>
			</report>
			<report>
				<misses>11100000</misses>
				<total>30</total>
				<timestamp>223.298357</timestamp>
			</report>
			<report>
				<misses>11200000</misses>
				<total>29</total>
				<timestamp>225.311160</timestamp>
			</report>
			<report>
				<misses>11300000</misses>
				<total>29</total>
				<timestamp>227.326556</timestamp>
			</report>
			<report>
				<misses>11400000</misses>
				<total>28</total>
				<timestamp>229.338489</timestamp>
			</report>
			<report>
				<misses>11500000</misses>
				<total>32</total>
				<timestamp>231.353220</timestamp>
			</report>
			<report>
				<misses>11600000</misses>
				<total>30</total>
				<timestamp>233.366773</timestamp>
			</report>
			<report>
				<misses>11700000</misses>
				<total>28</total>
				<timestamp>235.378208</timestamp>
			</report>
			<report>
				<misses>11800000</misses>
				<total>31</total>
				<timestamp>237.389451</timestamp>
			</report>
			<report>
				<misses>11900000</misses>
				<total>30</total>
				<timestamp>239.400928</timestamp>
			</report>
			<report>
				<misses>12000000</misses>
				<total>29</total>
				<timestamp>241.412475</timestamp>
			</report>
			<report>
				<misses>12100000</misses>
				<total>31</total>
				<timestamp>243.426202</timestamp>
			</report>
			<report>
				<misses>12200000</misses>
				<total>28</total>
				<timestamp>245.437955</timestamp>
			</report>
			<report>
				<misses>12300000</misses>
				<total>27</total>
				<timestamp>247.451878</timestamp>
			</report>
			<report>
				<misses>12400000</misses>
				<total>28</total>
				<timestamp>249.465365</timestamp>
			</report>
			<report>
				<misses>12500000</misses>
				<total>30</total>
				<timestamp>251.476254</timestamp>
			</report>
			<report>
				<misses>12600000</misses>
				<total>31</total>
				<timestamp>253.485787</timestamp>
			</report>
			<report>
				<misses>12700000</misses>
				<total>31</total>
				<timestamp>255.499092</timestamp>
			</report>
			<report>
				<misses>12800000</misses>
				<total>29</total>
				<timestamp>257.511386</timestamp>
			</report>
			<report>
				<misses>12900000</misses>
				<total>30</total>
				<timestamp>259.523288</timestamp>
			</report>
			<report>
				<misses>13000000</misses>
				<total>28</total>
				<timestamp>261.536484</timestamp>
			</report>
			<report>
				<misses>13100000</misses>
				<total>29</total>
				<timestamp>263.545850</timestamp>
			</report>
			<report>
				<misses>13200000</misses>
				<total>30</total>
				<timestamp>265.561011</timestamp>
			</report>
			<report>
				<misses>13300000</misses>
				<total>28</total>
				<timestamp>267.571193</timestamp>
			</report>
			<report>
				<misses>13400000</misses>
				<total>31</total>
				<timestamp>269.585055</timestamp>
			</report>
			<report>
				<misses>13500000</misses>
				<total>28</total>
				<timestamp>271.598123</timestamp>
			</report>
			<report>
				<misses>13600000</misses>
				<total>29</total>
				<timestamp>273.608425</timestamp>
			</report>
			<report>
				<misses>13700000</misses>
				<total>29</total>
				<timestamp>275.621951</timestamp>
			</report>
			<report>
				<misses>13800000</misses>
				<total>28</total>
				<timestamp>277.633759</timestamp>
			</report>
			<report>
				<misses>13900000</misses>
				<total>29</total>
				<timestamp>279.647849</timestamp>
			</report>
			<report>
				<misses>14000000</misses>
				<total>28</total>
				<timestamp>281.660502</timestamp>
			</report>
			<report>
				<misses>14100000</misses>
				<total>31</total>
				<timestamp>283.671001</timestamp>
			</report>
			<report>
				<misses>14200000</misses>
				<total>29</total>
				<timestamp>285.683691</timestamp>
			</report>
			<report>
				<misses>14300000</misses>
				<total>28</total>
				<timestamp>287.692841</timestamp>
			</report>
			<report>
				<misses>14400000</misses>
				<total>32</total>
				<timestamp>289.705620</timestamp>
			</report>
			<report>
				<misses>14500000</misses>
				<total>29</total>
				<timestamp>291.717280</timestamp>
			</report>
			<report>
				<misses>14600000</misses>
				<total>28</total>
				<timestamp>293.730017</timestamp>
			</report>
			<report>
				<misses>14700000</misses>
				<total>27</total>
				<timestamp>295.742531</timestamp>
			</report>
			<report>
				<misses>14800000</misses>
				<total>30</total>
				<timestamp>297.755465</timestamp>
			</report>
			<report>
				<misses>14900000</misses>
				<total>30</total>
				<timestamp>299.765843</timestamp>
			</report>
			<report>
				<misses>15000000</misses>
				<total>28</total>
				<timestamp>301.777158</timestamp>
			</report>
			<report>
				<misses>15100000</misses>
				<total>29</total>
				<timestamp>303.788369</timestamp>
			</report>
			<report>
				<misses>15200000</misses>
				<total>30</total>
				<timestamp>305.801697</timestamp>
			</report>
			<report>
				<misses>15300000</misses>
				<total>28</total>
				<timestamp>307.813052</timestamp>
			</report>
			<report>
				<misses>15400000</misses>
				<total>30</total>
				<timestamp>309.824110</timestamp>
			</report>
			<report>
				<misses>15500000</misses>
				<total>29</total>
				<timestamp>311.837144</timestamp>
			</report>
			<report>
				<misses>15600000</misses>
				<total>30</total>
				<timestamp>313.847355</timestamp>
			</report>
			<report>
				<misses>15700000</misses>
				<total>28</total>
				<timestamp>315.859446</timestamp>
			</report>
			<report>
				<misses>15800000</misses>
				<total>29</total>
				<timestamp>317.872583</timestamp>
			</report>
			<report>
				<misses>15900000</misses>
				<total>30</total>
				<timestamp>319.881996</timestamp>
			</report>
			<report>
				<misses>16000000</misses>
				<total>29</total>
				<timestamp>321.896366</timestamp>
			</report>
			<report>
				<misses>16100000</misses>
				<total>31</total>
				<timestamp>323.906655</timestamp>
			</report>
			<report>
				<misses>16200000</misses>
				<total>28</total>
				<timestamp>325.916786</timestamp>
			</report>
			<report>
				<misses>16300000</misses>
				<total>29</total>
				<timestamp>327.930768</timestamp>
			</report>
			<report>
				<misses>16400000</misses>
				<total>29</total>
				<timestamp>329.943164</timestamp>
			</report>
			<report>
				<misses>16500000</misses>
				<total>30</total>
				<timestamp>331.954937</timestamp>
			</report>
			<report>
				<misses>16600000</misses>
				<total>31</total>
				<timestamp>333.965300</timestamp>
			</report>
			<report>
				<misses>16700000</misses>
				<total>30</total>
				<timestamp>335.975418</timestamp>
			</report>
			<report>
				<misses>16800000</misses>
				<total>29</total>
				<timestamp>337.987842</timestamp>
			</report>
			<report>
				<misses>16900000</misses>
				<total>28</total>
				<timestamp>339.999703</timestamp>
			</report>
			<report>
				<misses>17000000</misses>
				<total>28</total>
				<timestamp>342.013590</timestamp>
			</report>
			<report>
				<misses>17100000</misses>
				<total>27</total>
				<timestamp>344.023902</timestamp>
			</report>
			<report>
				<misses>17200000</misses>
				<total>30</total>
				<timestamp>346.035357</timestamp>
			</report>
			<report>
				<misses>17300000</misses>
				<total>31</total>
				<timestamp>348.047482</timestamp>
			</report>
			<report>
				<misses>17400000</misses>
				<total>30</total>
				<timestamp>350.058393</timestamp>
			</report>
			<report>
				<misses>17500000</misses>
				<total>29</total>
				<timestamp>352.068216</timestamp>
			</report>
			<report>
				<misses>17600000</misses>
				<total>28</total>
				<timestamp>354.079750</timestamp>
			</report>
			<report>
				<misses>17700000</misses>
				<total>28</total>
				<timestamp>356.091273</timestamp>
			</report>
			<report>
				<misses>17800000</misses>
				<total>30</total>
				<timestamp>358.104266</timestamp>
			</report>
			<report>
				<misses>17900000</misses>
				<total>27</total>
				<timestamp>360.114828</timestamp>
			</report>
			<report>
				<misses>18000000</misses>
				<total>29</total>
				<timestamp>362.128672</timestamp>
			</report>
			<report>
				<misses>18100000</misses>
				<total>30</total>
				<timestamp>364.140602</timestamp>
			</report>
			<report>
				<misses>18200000</misses>
				<total>29</total>
				<timestamp>366.152388</timestamp>
			</report>
			<report>
				<misses>18300000</misses>
				<total>28</total>
				<timestamp>368.163688</timestamp>
			</report>
			<report>
				<misses>18400000</misses>
				<total>32</total>
				<timestamp>370.177484</timestamp>
			</report>
			<report>
				<misses>18500000</misses>
				<total>28</total>
				<timestamp>372.188576</timestamp>
			</report>
			<report>
				<misses>18600000</misses>
				<total>28</total>
				<timestamp>374.200812</timestamp>
			</report>
			<report>
				<misses>18700000</misses>
				<total>32</total>
				<timestamp>376.211279</timestamp>
			</report>
			<report>
				<misses>18800000</misses>
				<total>29</total>
				<timestamp>378.223111</timestamp>
			</report>
			<report>
				<misses>18900000</misses>
				<total>30</total>
				<timestamp>380.235493</timestamp>
			</report>
			<report>
				<misses>19000000</misses>
				<total>30</total>
				<timestamp>382.247641</timestamp>
			</report>
			<report>
				<misses>19100000</misses>
				<total>31</total>
				<timestamp>384.256812</timestamp>
			</report>
			<report>
				<misses>19200000</misses>
				<total>30</total>
				<timestamp>386.272745</timestamp>
			</report>
			<report>
				<misses>19300000</misses>
				<total>28</total>
				<timestamp>388.286632</timestamp>
			</report>
			<report>
				<misses>19400000</misses>
				<total>30</total>
				<timestamp>390.298109</timestamp>
			</report>
			<report>
				<misses>19500000</misses>
				<total>30</total>
				<timestamp>392.308663</timestamp>
			</report>
			<report>
				<misses>19600000</misses>
				<total>29</total>
				<timestamp>394.320881</timestamp>
			</report>
			<report>
				<misses>19700000</misses>
				<total>31</total>
				<timestamp>396.330705</timestamp>
			</report>
			<report>
				<misses>19800000</misses>
				<total>42</total>
				<timestamp>398.342622</timestamp>
			</report>
			<report>
				<misses>19900000</misses>
				<total>43</total>
				<timestamp>400.357086</timestamp>
			</report>
			<report>
				<misses>20000000</misses>
				<total>43</total>
				<timestamp>402.370586</timestamp>
			</report>
			<report>
				<misses>20100000</misses>
				<total>41</total>
				<timestamp>404.382729</timestamp>
			</report>
			<report>
				<misses>20200000</misses>
				<total>43</total>
				<timestamp>406.396261</timestamp>
			</report>
			<report>
				<misses>20300000</misses>
				<total>42</total>
				<timestamp>408.409151</timestamp>
			</report>
			<report>
				<misses>20400000</misses>
				<total>42</total>
				<timestamp>410.420600</timestamp>
			</report>
			<report>
				<misses>20500000</misses>
				<total>43</total>
				<timestamp>412.432732</timestamp>
			</report>
			<report>
				<misses>20600000</misses>
				<total>42</total>
				<timestamp>414.447770</timestamp>
			</report>
			<report>
				<misses>20700000</misses>
				<total>43</total>
				<timestamp>416.458445</timestamp>
			</report>
			<report>
				<misses>20800000</misses>
				<total>41</total>
				<timestamp>418.470534</timestamp>
			</report>
			<report>
				<misses>20900000</misses>
				<total>41</total>
				<timestamp>420.483436</timestamp>
			</report>
			<report>
				<misses>21000000</misses>
				<total>43</total>
				<timestamp>422.494557</timestamp>
			</report>
			<report>
				<misses>21100000</misses>
				<total>42</total>
				<timestamp>424.508089</timestamp>
			</report>
			<report>
				<misses>21200000</misses>
				<total>41</total>
				<timestamp>426.524344</timestamp>
			</report>
			<report>
				<misses>21300000</misses>
				<total>41</total>
				<timestamp>428.538259</timestamp>
			</report>
			<report>
				<misses>21400000</misses>
				<total>42</total>
				<timestamp>430.553264</timestamp>
			</report>
			<report>
				<misses>21500000</misses>
				<total>43</total>
				<timestamp>432.565541</timestamp>
			</report>
			<report>
				<misses>21600000</misses>
				<total>41</total>
				<timestamp>434.577506</timestamp>
			</report>
			<report>
				<misses>21700000</misses>
				<total>44</total>
				<timestamp>436.588980</timestamp>
			</report>
			<report>
				<misses>21800000</misses>
				<total>43</total>
				<timestamp>438.599992</timestamp>
			</report>
			<report>
				<misses>21900000</misses>
				<total>42</total>
				<timestamp>440.613015</timestamp>
			</report>
			<report>
				<misses>22000000</misses>
				<total>44</total>
				<timestamp>442.623360</timestamp>
			</report>
			<report>
				<misses>22100000</misses>
				<total>41</total>
				<timestamp>444.636517</timestamp>
			</report>
			<report>
				<misses>22200000</misses>
				<total>42</total>
				<timestamp>446.647421</timestamp>
			</report>
			<report>
				<misses>22300000</misses>
				<total>45</total>
				<timestamp>448.659088</timestamp>
			</report>
			<report>
				<misses>22400000</misses>
				<total>42</total>
				<timestamp>450.671243</timestamp>
			</report>
			<report>
				<misses>22500000</misses>
				<total>43</total>
				<timestamp>452.680982</timestamp>
			</report>
			<report>
				<misses>22600000</misses>
				<total>42</total>
				<timestamp>454.692366</timestamp>
			</report>
			<report>
				<misses>22700000</misses>
				<total>41</total>
				<timestamp>456.703668</timestamp>
			</report>
			<report>
				<misses>22800000</misses>
				<total>41</total>
				<timestamp>458.714695</timestamp>
			</report>
			<report>
				<misses>22900000</misses>
				<total>41</total>
				<timestamp>460.727411</timestamp>
			</report>
			<report>
				<misses>23000000</misses>
				<total>42</total>
				<timestamp>462.739876</timestamp>
			</report>
			<report>
				<misses>23100000</misses>
				<total>44</total>
				<timestamp>464.752348</timestamp>
			</report>
			<report>
				<misses>23200000</misses>
				<total>43</total>
				<timestamp>466.762081</timestamp>
			</report>
			<report>
				<misses>23300000</misses>
				<total>43</total>
				<timestamp>468.774145</timestamp>
			</report>
			<report>
				<misses>23400000</misses>
				<total>45</total>
				<timestamp>470.784035</timestamp>
			</report>
			<report>
				<misses>23500000</misses>
				<total>41</total>
				<timestamp>472.793302</timestamp>
			</report>
			<report>
				<misses>23600000</misses>
				<total>44</total>
				<timestamp>474.803811</timestamp>
			</report>
			<report>
				<misses>23700000</misses>
				<total>43</total>
				<timestamp>476.814948</timestamp>
			</report>
			<report>
				<misses>23800000</misses>
				<total>42</total>
				<timestamp>478.827880</timestamp>
			</report>
			<report>
				<misses>23900000</misses>
				<total>41</total>
				<timestamp>480.838185</timestamp>
			</report>
			<report>
				<misses>24000000</misses>
				<total>43</total>
				<timestamp>482.849411</timestamp>
			</report>
			<report>
				<misses>24100000</misses>
				<total>42</total>
				<timestamp>484.860086</timestamp>
			</report>
			<report>
				<misses>24200000</misses>
				<total>43</total>
				<timestamp>486.870574</timestamp>
			</report>
			<report>
				<misses>24300000</misses>
				<total>42</total>
				<timestamp>488.881666</timestamp>
			</report>
			<report>
				<misses>24400000</misses>
				<total>42</total>
				<timestamp>490.892311</timestamp>
			</report>
			<report>
				<misses>24500000</misses>
				<total>43</total>
				<timestamp>492.904625</timestamp>
			</report>
			<report>
				<misses>24600000</misses>
				<total>41</total>
				<timestamp>494.915711</timestamp>
			</report>
			<report>
				<misses>24700000</misses>
				<total>41</total>
				<timestamp>496.925842</timestamp>
			</report>
			<report>
				<misses>24800000</misses>
				<total>44</total>
				<timestamp>498.938263</timestamp>
			</report>
			<report>
				<misses>24900000</misses>
				<total>44</total>
				<timestamp>500.949646</timestamp>
			</report>
			<report>
				<misses>25000000</misses>
				<total>45</total>
				<timestamp>502.962369</timestamp>
			</report>
			<report>
				<misses>25100000</misses>
				<total>43</total>
				<timestamp>504.972627</timestamp>
			</report>
			<report>
				<misses>25200000</misses>
				<total>41</total>
				<timestamp>506.983353</timestamp>
			</report>
			<report>
				<misses>25300000</misses>
				<total>42</total>
				<timestamp>508.995685</timestamp>
			</report>
			<report>
				<misses>25400000</misses>
				<total>42</total>
				<timestamp>511.007059</timestamp>
			</report>
			<report>
				<misses>25500000</misses>
				<total>44</total>
				<timestamp>513.018458</timestamp>
			</report>
			<report>
				<misses>25600000</misses>
				<total>40</total>
				<timestamp>515.030888</timestamp>
			</report>
			<report>
				<misses>25700000</misses>
				<total>42</total>
				<timestamp>517.041607</timestamp>
			</report>
			<report>
				<misses>25800000</misses>
				<total>43</total>
				<timestamp>519.052617</timestamp>
			</report>
			<report>
				<misses>25900000</misses>
				<total>44</total>
				<timestamp>521.064021</timestamp>
			</report>
			<report>
				<misses>26000000</misses>
				<total>42</total>
				<timestamp>523.075725</timestamp>
			</report>
			<report>
				<misses>26100000</misses>
				<total>43</total>
				<timestamp>525.086754</timestamp>
			</report>
			<report>
				<misses>26200000</misses>
				<total>44</total>
				<timestamp>527.099763</timestamp>
			</report>
			<report>
				<misses>26300000</misses>
				<total>43</total>
				<timestamp>529.112166</timestamp>
			</report>
			<report>
				<misses>26400000</misses>
				<total>42</total>
				<timestamp>531.121914</timestamp>
			</report>
			<report>
				<misses>26500000</misses>
				<total>43</total>
				<timestamp>533.132463</timestamp>
			</report>
			<report>
				<misses>26600000</misses>
				<total>43</total>
				<timestamp>535.144602</timestamp>
			</report>
			<report>
				<misses>26700000</misses>
				<total>41</total>
				<timestamp>537.156818</timestamp>
			</report>
			<report>
				<misses>26800000</misses>
				<total>41</total>
				<timestamp>539.169374</timestamp>
			</report>
			<report>
				<misses>26900000</misses>
				<total>41</total>
				<timestamp>541.181989</timestamp>
			</report>
			<report>
				<misses>27000000</misses>
				<total>42</total>
				<timestamp>543.193846</timestamp>
			</report>
			<report>
				<misses>27100000</misses>
				<total>41</total>
				<timestamp>545.206994</timestamp>
			</report>
			<report>
				<misses>27200000</misses>
				<total>44</total>
				<timestamp>547.216950</timestamp>
			</report>
			<report>
				<misses>27300000</misses>
				<total>44</total>
				<timestamp>549.228255</timestamp>
			</report>
			<report>
				<misses>27400000</misses>
				<total>41</total>
				<timestamp>551.240304</timestamp>
			</report>
			<report>
				<misses>27500000</misses>
				<total>42</total>
				<timestamp>553.250214</timestamp>
			</report>
			<report>
				<misses>27600000</misses>
				<total>41</total>
				<timestamp>555.262119</timestamp>
			</report>
			<report>
				<misses>27700000</misses>
				<total>41</total>
				<timestamp>557.271831</timestamp>
			</report>
			<report>
				<misses>27800000</misses>
				<total>42</total>
				<timestamp>559.283103</timestamp>
			</report>
			<report>
				<misses>27900000</misses>
				<total>43</total>
				<timestamp>561.295774</timestamp>
			</report>
			<report>
				<misses>28000000</misses>
				<total>42</total>
				<timestamp>563.308295</timestamp>
			</report>
			<report>
				<misses>28100000</misses>
				<total>42</total>
				<timestamp>565.321045</timestamp>
			</report>
			<report>
				<misses>28200000</misses>
				<total>41</total>
				<timestamp>567.331347</timestamp>
			</report>
			<report>
				<misses>28300000</misses>
				<total>44</total>
				<timestamp>569.346300</timestamp>
			</report>
			<report>
				<misses>28400000</misses>
				<total>42</total>
				<timestamp>571.355361</timestamp>
			</report>
			<report>
				<misses>28500000</misses>
				<total>42</total>
				<timestamp>573.369840</timestamp>
			</report>
			<report>
				<misses>28600000</misses>
				<total>41</total>
				<timestamp>575.380949</timestamp>
			</report>
			<report>
				<misses>28700000</misses>
				<total>43</total>
				<timestamp>577.394379</timestamp>
			</report>
			<report>
				<misses>28800000</misses>
				<total>44</total>
				<timestamp>579.406232</timestamp>
			</report>
			<report>
				<misses>28900000</misses>
				<total>41</total>
				<timestamp>581.418694</timestamp>
			</report>
			<report>
				<misses>29000000</misses>
				<total>41</total>
				<timestamp>583.431027</timestamp>
			</report>
			<report>
				<misses>29100000</misses>
				<total>41</total>
				<timestamp>585.442538</timestamp>
			</report>
			<report>
				<misses>29200000</misses>
				<total>43</total>
				<timestamp>587.453328</timestamp>
			</report>
			<report>
				<misses>29300000</misses>
				<total>42</total>
				<timestamp>589.463834</timestamp>
			</report>
			<report>
				<misses>29400000</misses>
				<total>42</total>
				<timestamp>591.477527</timestamp>
			</report>
			<report>
				<misses>29500000</misses>
				<total>41</total>
				<timestamp>593.488009</timestamp>
			</report>
			<report>
				<misses>29600000</misses>
				<total>41</total>
				<timestamp>595.498168</timestamp>
			</report>
			<report>
				<misses>29700000</misses>
				<total>41</total>
				<timestamp>597.509429</timestamp>
			</report>
			<report>
				<misses>29800000</misses>
				<total>42</total>
				<timestamp>599.520799</timestamp>
			</report>
			<report>
				<misses>29900000</misses>
				<total>42</total>
				<timestamp>601.532654</timestamp>
			</report>
			<report>
				<misses>30000000</misses>
				<total>42</total>
				<timestamp>603.545017</timestamp>
			</report>
			<report>
				<misses>30100000</misses>
				<total>41</total>
				<timestamp>605.556646</timestamp>
			</report>
			<report>
				<misses>30200000</misses>
				<total>45</total>
				<timestamp>607.567508</timestamp>
			</report>
			<report>
				<misses>30300000</misses>
				<total>44</total>
				<timestamp>609.579628</timestamp>
			</report>
			<report>
				<misses>30400000</misses>
				<total>42</total>
				<timestamp>611.590225</timestamp>
			</report>
			<report>
				<misses>30500000</misses>
				<total>42</total>
				<timestamp>613.603318</timestamp>
			</report>
			<report>
				<misses>30600000</misses>
				<total>43</total>
				<timestamp>615.614179</timestamp>
			</report>
			<report>
				<misses>30700000</misses>
				<total>41</total>
				<timestamp>617.627338</timestamp>
			</report>
			<report>
				<misses>30800000</misses>
				<total>43</total>
				<timestamp>619.640616</timestamp>
			</report>
			<report>
				<misses>30900000</misses>
				<total>43</total>
				<timestamp>621.649805</timestamp>
			</report>
			<report>
				<misses>31000000</misses>
				<total>42</total>
				<timestamp>623.659864</timestamp>
			</report>
			<report>
				<misses>31100000</misses>
				<total>44</total>
				<timestamp>625.672213</timestamp>
			</report>
			<report>
				<misses>31200000</misses>
				<total>44</total>
				<timestamp>627.682972</timestamp>
			</report>
			<report>
				<misses>31300000</misses>
				<total>41</total>
				<timestamp>629.695167</timestamp>
			</report>
			<report>
				<misses>31400000</misses>
				<total>44</total>
				<timestamp>631.707008</timestamp>
			</report>
			<report>
				<misses>31500000</misses>
				<total>41</total>
				<timestamp>633.719811</timestamp>
			</report>
			<report>
				<misses>31600000</misses>
				<total>44</total>
				<timestamp>635.732224</timestamp>
			</report>
			<report>
				<misses>31700000</misses>
				<total>42</total>
				<timestamp>637.744562</timestamp>
			</report>
			<report>
				<misses>31800000</misses>
				<total>41</total>
				<timestamp>639.755138</timestamp>
			</report>
			<report>
				<misses>31900000</misses>
				<total>41</total>
				<timestamp>641.765943</timestamp>
			</report>
			<report>
				<misses>32000000</misses>
				<total>44</total>
				<timestamp>643.776199</timestamp>
			</report>
			<report>
				<misses>32100000</misses>
				<total>43</total>
				<timestamp>645.788753</timestamp>
			</report>
			<report>
				<misses>32200000</misses>
				<total>42</total>
				<timestamp>647.801588</timestamp>
			</report>
			<report>
				<misses>32300000</misses>
				<total>42</total>
				<timestamp>649.812466</timestamp>
			</report>
			<report>
				<misses>32400000</misses>
				<total>41</total>
				<timestamp>651.823324</timestamp>
			</report>
			<report>
				<misses>32500000</misses>
				<total>43</total>
				<timestamp>653.833841</timestamp>
			</report>
			<report>
				<misses>32600000</misses>
				<total>41</total>
				<timestamp>655.845198</timestamp>
			</report>
			<report>
				<misses>32700000</misses>
				<total>41</total>
				<timestamp>657.856631</timestamp>
			</report>
			<report>
				<misses>32800000</misses>
				<total>40</total>
				<timestamp>659.868367</timestamp>
			</report>
			<report>
				<misses>32900000</misses>
				<total>43</total>
				<timestamp>661.880252</timestamp>
			</report>
			<report>
				<misses>33000000</misses>
				<total>41</total>
				<timestamp>663.891222</timestamp>
			</report>
			<report>
				<misses>33100000</misses>
				<total>42</total>
				<timestamp>665.902846</timestamp>
			</report>
			<report>
				<misses>33200000</misses>
				<total>42</total>
				<timestamp>667.912672</timestamp>
			</report>
			<report>
				<misses>33300000</misses>
				<total>41</total>
				<timestamp>669.922733</timestamp>
			</report>
			<report>
				<misses>33400000</misses>
				<total>44</total>
				<timestamp>671.934552</timestamp>
			</report>
			<report>
				<misses>33500000</misses>
				<total>43</total>
				<timestamp>673.946385</timestamp>
			</report>
			<report>
				<misses>33600000</misses>
				<total>44</total>
				<timestamp>675.957948</timestamp>
			</report>
			<report>
				<misses>33700000</misses>
				<total>43</total>
				<timestamp>677.972880</timestamp>
			</report>
			<report>
				<misses>33800000</misses>
				<total>43</total>
				<timestamp>679.984528</timestamp>
			</report>
			<report>
				<misses>33900000</misses>
				<total>42</total>
				<timestamp>681.995094</timestamp>
			</report>
			<report>
				<misses>34000000</misses>
				<total>41</total>
				<timestamp>684.007806</timestamp>
			</report>
			<report>
				<misses>34100000</misses>
				<total>43</total>
				<timestamp>686.018488</timestamp>
			</report>
			<report>
				<misses>34200000</misses>
				<total>44</total>
				<timestamp>688.030272</timestamp>
			</report>
			<report>
				<misses>34300000</misses>
				<total>41</total>
				<timestamp>690.041537</timestamp>
			</report>
			<report>
				<misses>34400000</misses>
				<total>42</total>
				<timestamp>692.055238</timestamp>
			</report>
			<report>
				<misses>34500000</misses>
				<total>43</total>
				<timestamp>694.066414</timestamp>
			</report>
			<report>
				<misses>34600000</misses>
				<total>44</total>
				<timestamp>696.077260</timestamp>
			</report>
			<report>
				<misses>34700000</misses>
				<total>42</total>
				<timestamp>698.088549</timestamp>
			</report>
			<report>
				<misses>34800000</misses>
				<total>41</total>
				<timestamp>700.101475</timestamp>
			</report>
			<report>
				<misses>34900000</misses>
				<total>41</total>
				<timestamp>702.114320</timestamp>
			</report>
			<report>
				<misses>35000000</misses>
				<total>42</total>
				<timestamp>704.126757</timestamp>
			</report>
			<report>
				<misses>35100000</misses>
				<total>41</total>
				<timestamp>706.138406</timestamp>
			</report>
			<report>
				<misses>35200000</misses>
				<total>43</total>
				<timestamp>708.147495</timestamp>
			</report>
			<report>
				<misses>35300000</misses>
				<total>41</total>
				<timestamp>710.157838</timestamp>
			</report>
			<report>
				<misses>35400000</misses>
				<total>43</total>
				<timestamp>712.169816</timestamp>
			</report>
			<report>
				<misses>35500000</misses>
				<total>43</total>
				<timestamp>714.182351</timestamp>
			</report>
			<report>
				<misses>35600000</misses>
				<total>42</total>
				<timestamp>716.193868</timestamp>
			</report>
			<report>
				<misses>35700000</misses>
				<total>43</total>
				<timestamp>718.203263</timestamp>
			</report>
			<report>
				<misses>35800000</misses>
				<total>42</total>
				<timestamp>720.214329</timestamp>
			</report>
			<report>
				<misses>35900000</misses>
				<total>41</total>
				<timestamp>722.227669</timestamp>
			</report>
			<report>
				<misses>36000000</misses>
				<total>44</total>
				<timestamp>724.240577</timestamp>
			</report>
			<report>
				<misses>36100000</misses>
				<total>45</total>
				<timestamp>726.253833</timestamp>
			</report>
			<report>
				<misses>36200000</misses>
				<total>41</total>
				<timestamp>728.265075</timestamp>
			</report>
			<report>
				<misses>36300000</misses>
				<total>44</total>
				<timestamp>730.274904</timestamp>
			</report>
			<report>
				<misses>36400000</misses>
				<total>41</total>
				<timestamp>732.285489</timestamp>
			</report>
			<report>
				<misses>36500000</misses>
				<total>41</total>
				<timestamp>734.295475</timestamp>
			</report>
			<report>
				<misses>36600000</misses>
				<total>42</total>
				<timestamp>736.305643</timestamp>
			</report>
			<report>
				<misses>36700000</misses>
				<total>42</total>
				<timestamp>738.316853</timestamp>
			</report>
			<report>
				<misses>36800000</misses>
				<total>42</total>
				<timestamp>740.329047</timestamp>
			</report>
			<report>
				<misses>36900000</misses>
				<total>44</total>
				<timestamp>742.342623</timestamp>
			</report>
			<report>
				<misses>37000000</misses>
				<total>41</total>
				<timestamp>744.352202</timestamp>
			</report>
			<report>
				<misses>37100000</misses>
				<total>43</total>
				<timestamp>746.362086</timestamp>
			</report>
			<report>
				<misses>37200000</misses>
				<total>42</total>
				<timestamp>748.373364</timestamp>
			</report>
			<report>
				<misses>37300000</misses>
				<total>43</total>
				<timestamp>750.384309</timestamp>
			</report>
			<report>
				<misses>37400000</misses>
				<total>41</total>
				<timestamp>752.396425</timestamp>
			</report>
			<report>
				<misses>37500000</misses>
				<total>44</total>
				<timestamp>754.408437</timestamp>
			</report>
			<report>
				<misses>37600000</misses>
				<total>42</total>
				<timestamp>756.419695</timestamp>
			</report>
			<report>
				<misses>37700000</misses>
				<total>41</total>
				<timestamp>758.431011</timestamp>
			</report>
			<report>
				<misses>37800000</misses>
				<total>45</total>
				<timestamp>760.442347</timestamp>
			</report>
			<report>
				<misses>37900000</misses>
				<total>44</total>
				<timestamp>762.454508</timestamp>
			</report>
			<report>
				<misses>38000000</misses>
				<total>43</total>
				<timestamp>764.466994</timestamp>
			</report>
			<report>
				<misses>38100000</misses>
				<total>42</total>
				<timestamp>766.480046</timestamp>
			</report>
			<report>
				<misses>38200000</misses>
				<total>41</total>
				<timestamp>768.489869</timestamp>
			</report>
			<report>
				<misses>38300000</misses>
				<total>41</total>
				<timestamp>770.504471</timestamp>
			</report>
			<report>
				<misses>38400000</misses>
				<total>45</total>
				<timestamp>772.516652</timestamp>
			</report>
			<report>
				<misses>38500000</misses>
				<total>43</total>
				<timestamp>774.527667</timestamp>
			</report>
			<report>
				<misses>38600000</misses>
				<total>44</total>
				<timestamp>776.539224</timestamp>
			</report>
			<report>
				<misses>38700000</misses>
				<total>41</total>
				<timestamp>778.550022</timestamp>
			</report>
			<report>
				<misses>38800000</misses>
				<total>44</total>
				<timestamp>780.559978</timestamp>
			</report>
			<report>
				<misses>38900000</misses>
				<total>41</total>
				<timestamp>782.574044</timestamp>
			</report>
			<report>
				<misses>39000000</misses>
				<total>40</total>
				<timestamp>784.585291</timestamp>
			</report>
			<report>
				<misses>39100000</misses>
				<total>41</total>
				<timestamp>786.596713</timestamp>
			</report>
			<report>
				<misses>39200000</misses>
				<total>43</total>
				<timestamp>788.608338</timestamp>
			</report>
			<report>
				<misses>39300000</misses>
				<total>41</total>
				<timestamp>790.619647</timestamp>
			</report>
			<report>
				<misses>39400000</misses>
				<total>43</total>
				<timestamp>792.633122</timestamp>
			</report>
			<report>
				<misses>39500000</misses>
				<total>44</total>
				<timestamp>794.646477</timestamp>
			</report>
			<report>
				<misses>39600000</misses>
				<total>42</total>
				<timestamp>796.658069</timestamp>
			</report>
			<report>
				<misses>39700000</misses>
				<total>42</total>
				<timestamp>798.669158</timestamp>
			</report>
			<report>
				<misses>39800000</misses>
				<total>41</total>
				<timestamp>800.683484</timestamp>
			</report>
			<report>
				<misses>39900000</misses>
				<total>41</total>
				<timestamp>802.697561</timestamp>
			</report>
			<report>
				<misses>40000000</misses>
				<total>40</total>
				<timestamp>804.710054</timestamp>
			</report>
			<report>
				<misses>40100000</misses>
				<total>44</total>
				<timestamp>806.722085</timestamp>
			</report>
			<report>
				<misses>40200000</misses>
				<total>42</total>
				<timestamp>808.732752</timestamp>
			</report>
			<report>
				<misses>40300000</misses>
				<total>41</total>
				<timestamp>810.745914</timestamp>
			</report>
			<report>
				<misses>40400000</misses>
				<total>44</total>
				<timestamp>812.755423</timestamp>
			</report>
			<report>
				<misses>40500000</misses>
				<total>43</total>
				<timestamp>814.767210</timestamp>
			</report>
			<report>
				<misses>40600000</misses>
				<total>44</total>
				<timestamp>816.778260</timestamp>
			</report>
			<report>
				<misses>40700000</misses>
				<total>42</total>
				<timestamp>818.790737</timestamp>
			</report>
			<report>
				<misses>40800000</misses>
				<total>40</total>
				<timestamp>820.802130</timestamp>
			</report>
			<report>
				<misses>40900000</misses>
				<total>41</total>
				<timestamp>822.813559</timestamp>
			</report>
			<report>
				<misses>41000000</misses>
				<total>43</total>
				<timestamp>824.823473</timestamp>
			</report>
			<report>
				<misses>41100000</misses>
				<total>41</total>
				<timestamp>826.838143</timestamp>
			</report>
			<report>
				<misses>41200000</misses>
				<total>43</total>
				<timestamp>828.852541</timestamp>
			</report>
			<report>
				<misses>41300000</misses>
				<total>42</total>
				<timestamp>830.867578</timestamp>
			</report>
			<report>
				<misses>41400000</misses>
				<total>42</total>
				<timestamp>832.878404</timestamp>
			</report>
			<report>
				<misses>41500000</misses>
				<total>41</total>
				<timestamp>834.888334</timestamp>
			</report>
			<report>
				<misses>41600000</misses>
				<total>45</total>
				<timestamp>836.900467</timestamp>
			</report>
			<report>
				<misses>41700000</misses>
				<total>43</total>
				<timestamp>838.913430</timestamp>
			</report>
			<report>
				<misses>41800000</misses>
				<total>43</total>
				<timestamp>840.926229</timestamp>
			</report>
			<report>
				<misses>41900000</misses>
				<total>43</total>
				<timestamp>842.940156</timestamp>
			</report>
			<report>
				<misses>42000000</misses>
				<total>42</total>
				<timestamp>844.955185</timestamp>
			</report>
			<report>
				<misses>42100000</misses>
				<total>43</total>
				<timestamp>846.965928</timestamp>
			</report>
			<report>
				<misses>42200000</misses>
				<total>45</total>
				<timestamp>848.976517</timestamp>
			</report>
			<report>
				<misses>42300000</misses>
				<total>41</total>
				<timestamp>850.988131</timestamp>
			</report>
			<report>
				<misses>42400000</misses>
				<total>41</total>
				<timestamp>852.999300</timestamp>
			</report>
			<report>
				<misses>42500000</misses>
				<total>44</total>
				<timestamp>855.011031</timestamp>
			</report>
			<report>
				<misses>42600000</misses>
				<total>43</total>
				<timestamp>857.025203</timestamp>
			</report>
			<report>
				<misses>42700000</misses>
				<total>42</total>
				<timestamp>859.037120</timestamp>
			</report>
			<report>
				<misses>42800000</misses>
				<total>42</total>
				<timestamp>861.048802</timestamp>
			</report>
			<report>
				<misses>42900000</misses>
				<total>42</total>
				<timestamp>863.060706</timestamp>
			</report>
			<report>
				<misses>43000000</misses>
				<total>43</total>
				<timestamp>865.072983</timestamp>
			</report>
			<report>
				<misses>43100000</misses>
				<total>44</total>
				<timestamp>867.083625</timestamp>
			</report>
			<report>
				<misses>43200000</misses>
				<total>44</total>
				<timestamp>869.094699</timestamp>
			</report>
			<report>
				<misses>43300000</misses>
				<total>42</total>
				<timestamp>871.104879</timestamp>
			</report>
			<report>
				<misses>43400000</misses>
				<total>42</total>
				<timestamp>873.118753</timestamp>
			</report>
			<report>
				<misses>43500000</misses>
				<total>41</total>
				<timestamp>875.130940</timestamp>
			</report>
			<report>
				<misses>43600000</misses>
				<total>42</total>
				<timestamp>877.142288</timestamp>
			</report>
			<report>
				<misses>43700000</misses>
				<total>42</total>
				<timestamp>879.154748</timestamp>
			</report>
			<report>
				<misses>43800000</misses>
				<total>41</total>
				<timestamp>881.168445</timestamp>
			</report>
			<report>
				<misses>43900000</misses>
				<total>41</total>
				<timestamp>883.179882</timestamp>
			</report>
			<report>
				<misses>44000000</misses>
				<total>43</total>
				<timestamp>885.190833</timestamp>
			</report>
			<report>
				<misses>44100000</misses>
				<total>42</total>
				<timestamp>887.204142</timestamp>
			</report>
			<report>
				<misses>44200000</misses>
				<total>41</total>
				<timestamp>889.213033</timestamp>
			</report>
			<report>
				<misses>44300000</misses>
				<total>43</total>
				<timestamp>891.224767</timestamp>
			</report>
			<report>
				<misses>44400000</misses>
				<total>43</total>
				<timestamp>893.239985</timestamp>
			</report>
			<report>
				<misses>44500000</misses>
				<total>41</total>
				<timestamp>895.252053</timestamp>
			</report>
			<report>
				<misses>44600000</misses>
				<total>41</total>
				<timestamp>897.265064</timestamp>
			</report>
			<report>
				<misses>44700000</misses>
				<total>41</total>
				<timestamp>899.276663</timestamp>
			</report>
			<report>
				<misses>44800000</misses>
				<total>43</total>
				<timestamp>901.288387</timestamp>
			</report>
			<report>
				<misses>44900000</misses>
				<total>42</total>
				<timestamp>903.299158</timestamp>
			</report>
			<report>
				<misses>45000000</misses>
				<total>44</total>
				<timestamp>905.310117</timestamp>
			</report>
			<report>
				<misses>45100000</misses>
				<total>41</total>
				<timestamp>907.322340</timestamp>
			</report>
			<report>
				<misses>45200000</misses>
				<total>43</total>
				<timestamp>909.332850</timestamp>
			</report>
			<report>
				<misses>45300000</misses>
				<total>43</total>
				<timestamp>911.344981</timestamp>
			</report>
			<report>
				<misses>45400000</misses>
				<total>42</total>
				<timestamp>913.354447</timestamp>
			</report>
			<report>
				<misses>45500000</misses>
				<total>41</total>
				<timestamp>915.365453</timestamp>
			</report>
			<report>
				<misses>45600000</misses>
				<total>42</total>
				<timestamp>917.377349</timestamp>
			</report>
			<report>
				<misses>45700000</misses>
				<total>43</total>
				<timestamp>919.388619</timestamp>
			</report>
			<report>
				<misses>45800000</misses>
				<total>43</total>
				<timestamp>921.401481</timestamp>
			</report>
			<report>
				<misses>45900000</misses>
				<total>43</total>
				<timestamp>923.413086</timestamp>
			</report>
			<report>
				<misses>46000000</misses>
				<total>45</total>
				<timestamp>925.426576</timestamp>
			</report>
			<report>
				<misses>46100000</misses>
				<total>43</total>
				<timestamp>927.438486</timestamp>
			</report>
			<report>
				<misses>46200000</misses>
				<total>44</total>
				<timestamp>929.449055</timestamp>
			</report>
			<report>
				<misses>46300000</misses>
				<total>41</total>
				<timestamp>931.461142</timestamp>
			</report>
			<report>
				<misses>46400000</misses>
				<total>40</total>
				<timestamp>933.473964</timestamp>
			</report>
			<report>
				<misses>46500000</misses>
				<total>42</total>
				<timestamp>935.483529</timestamp>
			</report>
			<report>
				<misses>46600000</misses>
				<total>44</total>
				<timestamp>937.494825</timestamp>
			</report>
			<report>
				<misses>46700000</misses>
				<total>42</total>
				<timestamp>939.504688</timestamp>
			</report>
			<report>
				<misses>46800000</misses>
				<total>43</total>
				<timestamp>941.517011</timestamp>
			</report>
			<report>
				<misses>46900000</misses>
				<total>43</total>
				<timestamp>943.527713</timestamp>
			</report>
			<report>
				<misses>47000000</misses>
				<total>41</total>
				<timestamp>945.538483</timestamp>
			</report>
			<report>
				<misses>47100000</misses>
				<total>44</total>
				<timestamp>947.549480</timestamp>
			</report>
			<report>
				<misses>47200000</misses>
				<total>44</total>
				<timestamp>949.559880</timestamp>
			</report>
			<report>
				<misses>47300000</misses>
				<total>44</total>
				<timestamp>951.572155</timestamp>
			</report>
			<report>
				<misses>47400000</misses>
				<total>44</total>
				<timestamp>953.586204</timestamp>
			</report>
			<report>
				<misses>47500000</misses>
				<total>42</total>
				<timestamp>955.600144</timestamp>
			</report>
			<report>
				<misses>47600000</misses>
				<total>44</total>
				<timestamp>957.611988</timestamp>
			</report>
			<report>
				<misses>47700000</misses>
				<total>43</total>
				<timestamp>959.621087</timestamp>
			</report>
			<report>
				<misses>47800000</misses>
				<total>42</total>
				<timestamp>961.633285</timestamp>
			</report>
			<report>
				<misses>47900000</misses>
				<total>40</total>
				<timestamp>963.647969</timestamp>
			</report>
			<report>
				<misses>48000000</misses>
				<total>43</total>
				<timestamp>965.658424</timestamp>
			</report>
			<report>
				<misses>48100000</misses>
				<total>41</total>
				<timestamp>967.671463</timestamp>
			</report>
			<report>
				<misses>48200000</misses>
				<total>41</total>
				<timestamp>969.682078</timestamp>
			</report>
			<report>
				<misses>48300000</misses>
				<total>43</total>
				<timestamp>971.694594</timestamp>
			</report>
			<report>
				<misses>48400000</misses>
				<total>66</total>
				<timestamp>973.705450</timestamp>
			</report>
		</query>
	</custom>
	<ethtool_statistic>
		<rx_packets>
			<start>13118</start>
			<end>13660</end>
		</rx_packets>
		<tx_packets>
			<start>1322016456</start>
			<end>1660813617</end>
		</tx_packets>
		<rx_dropped>
			<start>0</start>
			<end>0</end>
		</rx_dropped>
		<tx_dropped>
			<start>0</start>
			<end>0</end>
		</tx_dropped>
		<collisions>
			<start>0</start>
			<end>0</end>
		</collisions>
		<port_tx_errors>
			<start>0</start>
			<end>0</end>
		</port_tx_errors>
		<port_rx_dropped>
			<start>0</start>
			<end>0</end>
		</port_rx_dropped>
		<port_tx_dropped_link_down>
			<start>0</start>
			<end>0</end>
		</port_tx_dropped_link_down>
	</ethtool_statistic>
	<ip_statistic>
		<mtu>
			<start>1500</start>
			<end>1500</end>
		</mtu>
		<rx_bytes>
			<start>853210</start>
			<end>885730</end>
		</rx_bytes>
		<rx_packets>
			<start>13118</start>
			<end>13660</end>
		</rx_packets>
		<rx_errors>
			<start>0</start>
			<end>0</end>
		</rx_errors>
		<rx_dropped>
			<start>0</start>
			<end>0</end>
		</rx_dropped>
		<rx_missed>
			<start>0</start>
			<end>0</end>
		</rx_missed>
		<rx_mcast>
			<start>1835</start>
			<end>1835</end>
		</rx_mcast>
		<tx_bytes>
			<start>517837536468</start>
			<end>960499543654</end>
		</tx_bytes>
		<tx_packets>
			<start>1322016456</start>
			<end>1660813617</end>
		</tx_packets>
		<tx_errors>
			<start>0</start>
			<end>0</end>
		</tx_errors>
		<tx_dropped>
			<start>0</start>
			<end>0</end>
		</tx_dropped>
		<tx_carrier>
			<start>0</start>
			<end>0</end>
		</tx_carrier>
		<tx_collisions>
			<start>0</start>
			<end>0</end>
		</tx_collisions>
	</ip_statistic>
	<netstat_statistic>
		<udp_pkg_rec>
			<start>465145358</start>
			<end>523822983</end>
		</udp_pkg_rec>
		<udp_pkg_snt>
			<start>1559512805</start>
			<end>1674966026</end>
		</udp_pkg_snt>
		<udp_rec_err>
			<start>97633755</start>
			<end>105242035</end>
		</udp_rec_err>
		<udp_rec_buf_err>
			<start>97633755</start>
			<end>105242035</end>
		</udp_rec_buf_err>
		<udp_snt_buf_err>
			<start>0</start>
			<end>0</end>
		</udp_snt_buf_err>
	</netstat_statistic>
</test_results>
