<?xml version="1.0"?>
<test_results>
	<status>STATUS_SUCCESS</status>
	<custom>
		<num_loss>1</num_loss>
		<num_total>119984571</num_total>
		<num_misses>106</num_misses>
		<elapsed_time>7199.073483</elapsed_time>
	</custom>
	<ethtool_statistic>
		<rx_packets>
			<start>1586359272</start>
			<end>1921762550</end>
		</rx_packets>
		<tx_packets>
			<start>2551052504</start>
			<end>2872313301</end>
		</tx_packets>
		<rx_dropped>
			<start>63</start>
			<end>63</end>
		</rx_dropped>
		<tx_dropped>
			<start>0</start>
			<end>0</end>
		</tx_dropped>
		<collisions>
			<start>0</start>
			<end>0</end>
		</collisions>
		<port_tx_errors>
			<start>0</start>
			<end>0</end>
		</port_tx_errors>
		<port_rx_dropped>
			<start>0</start>
			<end>0</end>
		</port_rx_dropped>
		<port_tx_dropped_link_down>
			<start>0</start>
			<end>0</end>
		</port_tx_dropped_link_down>
	</ethtool_statistic>
	<ip_statistic>
		<mtu>
			<start>9000</start>
			<end>9000</end>
		</mtu>
		<rx_bytes>
			<start>14253803493978</start>
			<end>17269052279669</end>
		</rx_bytes>
		<rx_packets>
			<start>1586359325</start>
			<end>1921762633</end>
		</rx_packets>
		<rx_errors>
			<start>0</start>
			<end>0</end>
		</rx_errors>
		<rx_dropped>
			<start>63</start>
			<end>63</end>
		</rx_dropped>
		<rx_missed>
			<start>0</start>
			<end>0</end>
		</rx_missed>
		<rx_mcast>
			<start>2052</start>
			<end>2104</end>
		</rx_mcast>
		<tx_bytes>
			<start>8797757529346</start>
			<end>10621843788102</end>
		</tx_bytes>
		<tx_packets>
			<start>2551052548</start>
			<end>2872313355</end>
		</tx_packets>
		<tx_errors>
			<start>0</start>
			<end>0</end>
		</tx_errors>
		<tx_dropped>
			<start>0</start>
			<end>0</end>
		</tx_dropped>
		<tx_carrier>
			<start>0</start>
			<end>0</end>
		</tx_carrier>
		<tx_collisions>
			<start>0</start>
			<end>0</end>
		</tx_collisions>
	</ip_statistic>
</test_results>
