<?xml version="1.0"?>
<test_results>
	<status>STATUS_SUCCESS</status>
	<custom>
		<num_loss>144</num_loss>
		<num_total>2000001</num_total>
		<num_misses>10</num_misses>
		<elapsed_time>460.002159</elapsed_time>
		<query />
	</custom>
	<ethtool_statistic>
		<rx_packets>
			<start>3951187128</start>
			<end>3988277161</end>
		</rx_packets>
		<tx_packets>
			<start>6532044486</start>
			<end>6594981932</end>
		</tx_packets>
		<rx_dropped>
			<start>0</start>
			<end>0</end>
		</rx_dropped>
		<tx_dropped>
			<start>0</start>
			<end>0</end>
		</tx_dropped>
		<collisions>
			<start>0</start>
			<end>0</end>
		</collisions>
		<port_tx_errors>
			<start>0</start>
			<end>0</end>
		</port_tx_errors>
		<port_rx_dropped>
			<start>0</start>
			<end>0</end>
		</port_rx_dropped>
		<port_tx_dropped_link_down>
			<start>0</start>
			<end>0</end>
		</port_tx_dropped_link_down>
	</ethtool_statistic>
	<ip_statistic>
		<mtu>
			<start>9000</start>
			<end>9000</end>
		</mtu>
		<rx_bytes>
			<start>16156272398195</start>
			<end>16309009971339</end>
		</rx_bytes>
		<rx_packets>
			<start>3951187339</start>
			<end>3988277502</end>
		</rx_packets>
		<rx_errors>
			<start>0</start>
			<end>0</end>
		</rx_errors>
		<rx_dropped>
			<start>0</start>
			<end>0</end>
		</rx_dropped>
		<rx_missed>
			<start>0</start>
			<end>0</end>
		</rx_missed>
		<rx_mcast>
			<start>2276</start>
			<end>2277</end>
		</rx_mcast>
		<tx_bytes>
			<start>19248224957863</start>
			<end>19497441495785</end>
		</tx_bytes>
		<tx_packets>
			<start>6532044515</start>
			<end>6594981960</end>
		</tx_packets>
		<tx_errors>
			<start>0</start>
			<end>0</end>
		</tx_errors>
		<tx_dropped>
			<start>0</start>
			<end>0</end>
		</tx_dropped>
		<tx_carrier>
			<start>0</start>
			<end>0</end>
		</tx_carrier>
		<tx_collisions>
			<start>0</start>
			<end>0</end>
		</tx_collisions>
	</ip_statistic>
	<netstat_statistic>
		<udp_pkg_rec>
			<start>3320904070</start>
			<end>3352457838</end>
		</udp_pkg_rec>
		<udp_pkg_snt>
			<start>6392560577</start>
			<end>6441500441</end>
		</udp_pkg_snt>
		<udp_rec_err>
			<start>630981317</start>
			<end>636519997</end>
		</udp_rec_err>
		<udp_rec_buf_err>
			<start>630981317</start>
			<end>636519997</end>
		</udp_rec_buf_err>
		<udp_snt_buf_err>
			<start>0</start>
			<end>0</end>
		</udp_snt_buf_err>
	</netstat_statistic>
</test_results>
