<?xml version="1.0"?>
<test_results>
	<status>STATUS_SUCCESS</status>
	<custom>
		<num_loss>4734090</num_loss>
		<num_total>5000001</num_total>
		<num_misses>60</num_misses>
		<elapsed_time>500.001204</elapsed_time>
		<query>
			<report>
				<misses>100000</misses>
				<total>89910</total>
				<timestamp>10.000519</timestamp>
			</report>
			<report>
				<misses>200000</misses>
				<total>189909</total>
				<timestamp>20.000472</timestamp>
			</report>
			<report>
				<misses>300000</misses>
				<total>274736</total>
				<timestamp>30.000482</timestamp>
			</report>
			<report>
				<misses>400000</misses>
				<total>374281</total>
				<timestamp>40.000890</timestamp>
			</report>
			<report>
				<misses>500000</misses>
				<total>474280</total>
				<timestamp>50.000861</timestamp>
			</report>
			<report>
				<misses>600000</misses>
				<total>557193</total>
				<timestamp>60.000765</timestamp>
			</report>
			<report>
				<misses>700000</misses>
				<total>657192</total>
				<timestamp>70.000684</timestamp>
			</report>
			<report>
				<misses>800000</misses>
				<total>757191</total>
				<timestamp>80.000625</timestamp>
			</report>
			<report>
				<misses>900000</misses>
				<total>837738</total>
				<timestamp>90.000628</timestamp>
			</report>
			<report>
				<misses>1000000</misses>
				<total>937737</total>
				<timestamp>100.000607</timestamp>
			</report>
			<report>
				<misses>1100000</misses>
				<total>1032513</total>
				<timestamp>110.000659</timestamp>
			</report>
			<report>
				<misses>1200000</misses>
				<total>1119403</total>
				<timestamp>120.000699</timestamp>
			</report>
			<report>
				<misses>1300000</misses>
				<total>1219402</total>
				<timestamp>130.000710</timestamp>
			</report>
			<report>
				<misses>1400000</misses>
				<total>1306214</total>
				<timestamp>140.000688</timestamp>
			</report>
			<report>
				<misses>1500000</misses>
				<total>1406213</total>
				<timestamp>150.000665</timestamp>
			</report>
			<report>
				<misses>1600000</misses>
				<total>1506212</total>
				<timestamp>160.000592</timestamp>
			</report>
			<report>
				<misses>1700000</misses>
				<total>1594165</total>
				<timestamp>170.000478</timestamp>
			</report>
			<report>
				<misses>1800000</misses>
				<total>1694164</total>
				<timestamp>180.000399</timestamp>
			</report>
			<report>
				<misses>1900000</misses>
				<total>1794163</total>
				<timestamp>190.000388</timestamp>
			</report>
			<report>
				<misses>2000000</misses>
				<total>1882807</total>
				<timestamp>200.000280</timestamp>
			</report>
			<report>
				<misses>2100000</misses>
				<total>1982806</total>
				<timestamp>210.000197</timestamp>
			</report>
			<report>
				<misses>2200000</misses>
				<total>2078708</total>
				<timestamp>220.000183</timestamp>
			</report>
			<report>
				<misses>2300000</misses>
				<total>2176051</total>
				<timestamp>230.000080</timestamp>
			</report>
			<report>
				<misses>2400000</misses>
				<total>2276050</total>
				<timestamp>239.999973</timestamp>
			</report>
			<report>
				<misses>2500000</misses>
				<total>2362687</total>
				<timestamp>249.999971</timestamp>
			</report>
			<report>
				<misses>2600000</misses>
				<total>2462686</total>
				<timestamp>260.000326</timestamp>
			</report>
			<report>
				<misses>2700000</misses>
				<total>2562685</total>
				<timestamp>270.000274</timestamp>
			</report>
			<report>
				<misses>2800000</misses>
				<total>2654721</total>
				<timestamp>280.000820</timestamp>
			</report>
			<report>
				<misses>2900000</misses>
				<total>2754720</total>
				<timestamp>290.000967</timestamp>
			</report>
			<report>
				<misses>3000000</misses>
				<total>2854719</total>
				<timestamp>300.000987</timestamp>
			</report>
			<report>
				<misses>3100000</misses>
				<total>2939633</total>
				<timestamp>310.000973</timestamp>
			</report>
			<report>
				<misses>3200000</misses>
				<total>3039632</total>
				<timestamp>320.000864</timestamp>
			</report>
			<report>
				<misses>3300000</misses>
				<total>3132073</total>
				<timestamp>330.000762</timestamp>
			</report>
			<report>
				<misses>3400000</misses>
				<total>3228082</total>
				<timestamp>340.000727</timestamp>
			</report>
			<report>
				<misses>3500000</misses>
				<total>3328081</total>
				<timestamp>350.000712</timestamp>
			</report>
			<report>
				<misses>3600000</misses>
				<total>3417373</total>
				<timestamp>360.000674</timestamp>
			</report>
			<report>
				<misses>3700000</misses>
				<total>3517372</total>
				<timestamp>370.000621</timestamp>
			</report>
			<report>
				<misses>3800000</misses>
				<total>3617371</total>
				<timestamp>380.000620</timestamp>
			</report>
			<report>
				<misses>3900000</misses>
				<total>3703320</total>
				<timestamp>390.000581</timestamp>
			</report>
			<report>
				<misses>4000000</misses>
				<total>3803319</total>
				<timestamp>400.000547</timestamp>
			</report>
			<report>
				<misses>4100000</misses>
				<total>3901920</total>
				<timestamp>410.000488</timestamp>
			</report>
			<report>
				<misses>4200000</misses>
				<total>3985713</total>
				<timestamp>420.000407</timestamp>
			</report>
			<report>
				<misses>4300000</misses>
				<total>4085712</total>
				<timestamp>430.000583</timestamp>
			</report>
			<report>
				<misses>4400000</misses>
				<total>4174424</total>
				<timestamp>440.000585</timestamp>
			</report>
			<report>
				<misses>4500000</misses>
				<total>4270210</total>
				<timestamp>450.000472</timestamp>
			</report>
			<report>
				<misses>4600000</misses>
				<total>4370209</total>
				<timestamp>460.000399</timestamp>
			</report>
			<report>
				<misses>4700000</misses>
				<total>4449024</total>
				<timestamp>470.000452</timestamp>
			</report>
			<report>
				<misses>4800000</misses>
				<total>4549023</total>
				<timestamp>480.000611</timestamp>
			</report>
			<report>
				<misses>4900000</misses>
				<total>4649022</total>
				<timestamp>490.001093</timestamp>
			</report>
			<report>
				<misses>5000000</misses>
				<total>4734090</total>
				<timestamp>500.001181</timestamp>
			</report>
		</query>
	</custom>
	<ethtool_statistic>
		<rx_packets>
			<start>3558753105</start>
			<end>3582261319</end>
		</rx_packets>
		<tx_packets>
			<start>3867294917</start>
			<end>3921401497</end>
		</tx_packets>
		<rx_dropped>
			<start>0</start>
			<end>0</end>
		</rx_dropped>
		<tx_dropped>
			<start>0</start>
			<end>0</end>
		</tx_dropped>
		<collisions>
			<start>0</start>
			<end>0</end>
		</collisions>
		<port_tx_errors>
			<start>0</start>
			<end>0</end>
		</port_tx_errors>
		<port_rx_dropped>
			<start>0</start>
			<end>0</end>
		</port_rx_dropped>
		<port_tx_dropped_link_down>
			<start>0</start>
			<end>0</end>
		</port_tx_dropped_link_down>
	</ethtool_statistic>
	<ip_statistic>
		<mtu>
			<start>9000</start>
			<end>9000</end>
		</mtu>
		<rx_bytes>
			<start>31991990387673</start>
			<end>32203325871270</end>
		</rx_bytes>
		<rx_packets>
			<start>3558753160</start>
			<end>3582261472</end>
		</rx_packets>
		<rx_errors>
			<start>0</start>
			<end>0</end>
		</rx_errors>
		<rx_dropped>
			<start>0</start>
			<end>0</end>
		</rx_dropped>
		<rx_missed>
			<start>0</start>
			<end>0</end>
		</rx_missed>
		<rx_mcast>
			<start>777</start>
			<end>782</end>
		</rx_mcast>
		<tx_bytes>
			<start>22732105626352</start>
			<end>23185321673580</end>
		</tx_bytes>
		<tx_packets>
			<start>3867294979</start>
			<end>3921401531</end>
		</tx_packets>
		<tx_errors>
			<start>0</start>
			<end>0</end>
		</tx_errors>
		<tx_dropped>
			<start>0</start>
			<end>0</end>
		</tx_dropped>
		<tx_carrier>
			<start>0</start>
			<end>0</end>
		</tx_carrier>
		<tx_collisions>
			<start>0</start>
			<end>0</end>
		</tx_collisions>
	</ip_statistic>
	<netstat_statistic>
		<udp_pkg_rec>
			<start>3360658311</start>
			<end>3383187887</end>
		</udp_pkg_rec>
		<udp_pkg_snt>
			<start>3710808279</start>
			<end>3729919117</end>
		</udp_pkg_snt>
		<udp_rec_err>
			<start>198403568</start>
			<end>199384798</end>
		</udp_rec_err>
		<udp_rec_buf_err>
			<start>198403568</start>
			<end>199384798</end>
		</udp_rec_buf_err>
		<udp_snt_buf_err>
			<start>0</start>
			<end>0</end>
		</udp_snt_buf_err>
	</netstat_statistic>
</test_results>
