<?xml version="1.0"?>
<test_results>
	<status>STATUS_SUCCESS</status>
	<custom>
		<num_loss>73</num_loss>
		<num_total>2172340</num_total>
		<num_misses>45816590</num_misses>
		<elapsed_time>119.972274</elapsed_time>
		<query>
			<report>
				<misses>100001</misses>
				<total>0</total>
				<timestamp>5.275203</timestamp>
			</report>
			<report>
				<misses>200001</misses>
				<total>0</total>
				<timestamp>10.602916</timestamp>
			</report>
			<report>
				<misses>300001</misses>
				<total>0</total>
				<timestamp>15.943225</timestamp>
			</report>
			<report>
				<misses>400001</misses>
				<total>0</total>
				<timestamp>21.285161</timestamp>
			</report>
			<report>
				<misses>500001</misses>
				<total>0</total>
				<timestamp>26.625391</timestamp>
			</report>
			<report>
				<misses>600001</misses>
				<total>40</total>
				<timestamp>31.933001</timestamp>
			</report>
			<report>
				<misses>700001</misses>
				<total>40</total>
				<timestamp>37.238826</timestamp>
			</report>
			<report>
				<misses>800001</misses>
				<total>40</total>
				<timestamp>42.551824</timestamp>
			</report>
			<report>
				<misses>900001</misses>
				<total>40</total>
				<timestamp>47.875308</timestamp>
			</report>
			<report>
				<misses>1000001</misses>
				<total>40</total>
				<timestamp>53.259383</timestamp>
			</report>
			<report>
				<misses>1100001</misses>
				<total>40</total>
				<timestamp>58.823835</timestamp>
			</report>
			<report>
				<misses>1200001</misses>
				<total>40</total>
				<timestamp>64.451813</timestamp>
			</report>
			<report>
				<misses>1300001</misses>
				<total>40</total>
				<timestamp>70.176863</timestamp>
			</report>
			<report>
				<misses>1400001</misses>
				<total>40</total>
				<timestamp>75.919839</timestamp>
			</report>
			<report>
				<misses>1500001</misses>
				<total>40</total>
				<timestamp>81.687193</timestamp>
			</report>
			<report>
				<misses>1600001</misses>
				<total>73</total>
				<timestamp>87.423328</timestamp>
			</report>
			<report>
				<misses>1700001</misses>
				<total>73</total>
				<timestamp>93.151543</timestamp>
			</report>
			<report>
				<misses>1800001</misses>
				<total>73</total>
				<timestamp>98.934934</timestamp>
			</report>
			<report>
				<misses>1900001</misses>
				<total>73</total>
				<timestamp>104.694344</timestamp>
			</report>
			<report>
				<misses>2000001</misses>
				<total>73</total>
				<timestamp>110.336212</timestamp>
			</report>
			<report>
				<misses>2100001</misses>
				<total>73</total>
				<timestamp>115.922151</timestamp>
			</report>
		</query>
	</custom>
	<ethtool_statistic>
		<rx_packets>
			<start>455448127</start>
			<end>473771139</end>
		</rx_packets>
		<tx_packets>
			<start>495859745</start>
			<end>513238348</end>
		</tx_packets>
		<rx_dropped>
			<start>0</start>
			<end>0</end>
		</rx_dropped>
		<tx_dropped>
			<start>0</start>
			<end>0</end>
		</tx_dropped>
		<collisions>
			<start>0</start>
			<end>0</end>
		</collisions>
		<port_tx_errors>
			<start>0</start>
			<end>0</end>
		</port_tx_errors>
		<port_rx_dropped>
			<start>0</start>
			<end>0</end>
		</port_rx_dropped>
		<port_tx_dropped_link_down>
			<start>0</start>
			<end>0</end>
		</port_tx_dropped_link_down>
	</ethtool_statistic>
	<ip_statistic>
		<mtu>
			<start>9000</start>
			<end>9000</end>
		</mtu>
		<rx_bytes>
			<start>2689149077396</start>
			<end>2838664434294</end>
		</rx_bytes>
		<rx_packets>
			<start>455448127</start>
			<end>473771139</end>
		</rx_packets>
		<rx_errors>
			<start>0</start>
			<end>0</end>
		</rx_errors>
		<rx_dropped>
			<start>0</start>
			<end>0</end>
		</rx_dropped>
		<rx_missed>
			<start>0</start>
			<end>0</end>
		</rx_missed>
		<rx_mcast>
			<start>8</start>
			<end>8</end>
		</rx_mcast>
		<tx_bytes>
			<start>2747830380829</start>
			<end>2889639367731</end>
		</tx_bytes>
		<tx_packets>
			<start>495859745</start>
			<end>513238348</end>
		</tx_packets>
		<tx_errors>
			<start>0</start>
			<end>0</end>
		</tx_errors>
		<tx_dropped>
			<start>0</start>
			<end>0</end>
		</tx_dropped>
		<tx_carrier>
			<start>0</start>
			<end>0</end>
		</tx_carrier>
		<tx_collisions>
			<start>0</start>
			<end>0</end>
		</tx_collisions>
	</ip_statistic>
	<netstat_statistic>
		<udp_pkg_rec>
			<start>2714495552</start>
			<end>2730634328</end>
		</udp_pkg_rec>
		<udp_pkg_snt>
			<start>2651526269</start>
			<end>2668889191</end>
		</udp_pkg_snt>
		<udp_rec_err>
			<start>0</start>
			<end>0</end>
		</udp_rec_err>
		<udp_rec_buf_err>
			<start>0</start>
			<end>0</end>
		</udp_rec_buf_err>
		<udp_snt_buf_err>
			<start>0</start>
			<end>0</end>
		</udp_snt_buf_err>
	</netstat_statistic>
</test_results>
