<?xml version="1.0"?>
<test_results>
	<status>STATUS_SUCCESS</status>
	<custom>
		<num_loss>0</num_loss>
		<num_total>1094343043</num_total>
		<num_misses>1785664355</num_misses>
		<elapsed_time>7199.991140</elapsed_time>
		<query>
			<report>
				<misses>100001</misses>
				<total>0</total>
				<timestamp>0.660694</timestamp>
			</report>
			<report>
				<misses>200001</misses>
				<total>0</total>
				<timestamp>1.324313</timestamp>
			</report>
			<report>
				<misses>300001</misses>
				<total>0</total>
				<timestamp>1.998086</timestamp>
			</report>
			<report>
				<misses>400001</misses>
				<total>0</total>
				<timestamp>2.657823</timestamp>
			</report>
			<report>
				<misses>500001</misses>
				<total>0</total>
				<timestamp>3.316457</timestamp>
			</report>
			<report>
				<misses>600001</misses>
				<total>0</total>
				<timestamp>3.974668</timestamp>
			</report>
			<report>
				<misses>700001</misses>
				<total>0</total>
				<timestamp>4.632303</timestamp>
			</report>
			<report>
				<misses>800001</misses>
				<total>0</total>
				<timestamp>5.290507</timestamp>
			</report>
			<report>
				<misses>900001</misses>
				<total>0</total>
				<timestamp>5.947629</timestamp>
			</report>
			<report>
				<misses>1000001</misses>
				<total>0</total>
				<timestamp>6.605548</timestamp>
			</report>
			<report>
				<misses>1100001</misses>
				<total>0</total>
				<timestamp>7.265468</timestamp>
			</report>
			<report>
				<misses>1200001</misses>
				<total>0</total>
				<timestamp>7.921651</timestamp>
			</report>
			<report>
				<misses>1300001</misses>
				<total>0</total>
				<timestamp>8.579115</timestamp>
			</report>
			<report>
				<misses>1400001</misses>
				<total>0</total>
				<timestamp>9.237161</timestamp>
			</report>
			<report>
				<misses>1500001</misses>
				<total>0</total>
				<timestamp>9.894970</timestamp>
			</report>
			<report>
				<misses>1600001</misses>
				<total>0</total>
				<timestamp>10.553199</timestamp>
			</report>
			<report>
				<misses>1700001</misses>
				<total>0</total>
				<timestamp>11.211551</timestamp>
			</report>
			<report>
				<misses>1800001</misses>
				<total>0</total>
				<timestamp>11.869316</timestamp>
			</report>
			<report>
				<misses>1900001</misses>
				<total>0</total>
				<timestamp>12.524667</timestamp>
			</report>
			<report>
				<misses>2000001</misses>
				<total>0</total>
				<timestamp>13.182410</timestamp>
			</report>
			<report>
				<misses>2100001</misses>
				<total>0</total>
				<timestamp>13.840813</timestamp>
			</report>
			<report>
				<misses>2200001</misses>
				<total>0</total>
				<timestamp>14.497561</timestamp>
			</report>
			<report>
				<misses>2300001</misses>
				<total>0</total>
				<timestamp>15.155461</timestamp>
			</report>
			<report>
				<misses>2400001</misses>
				<total>0</total>
				<timestamp>15.811993</timestamp>
			</report>
			<report>
				<misses>2500001</misses>
				<total>0</total>
				<timestamp>16.469853</timestamp>
			</report>
			<report>
				<misses>2600001</misses>
				<total>0</total>
				<timestamp>17.127613</timestamp>
			</report>
			<report>
				<misses>2700001</misses>
				<total>0</total>
				<timestamp>17.783723</timestamp>
			</report>
			<report>
				<misses>2800001</misses>
				<total>0</total>
				<timestamp>18.440946</timestamp>
			</report>
			<report>
				<misses>2900001</misses>
				<total>0</total>
				<timestamp>19.098222</timestamp>
			</report>
			<report>
				<misses>3000001</misses>
				<total>0</total>
				<timestamp>19.757158</timestamp>
			</report>
			<report>
				<misses>3100001</misses>
				<total>0</total>
				<timestamp>20.414990</timestamp>
			</report>
			<report>
				<misses>3200001</misses>
				<total>0</total>
				<timestamp>21.073400</timestamp>
			</report>
			<report>
				<misses>3300001</misses>
				<total>0</total>
				<timestamp>21.729132</timestamp>
			</report>
			<report>
				<misses>3400001</misses>
				<total>0</total>
				<timestamp>22.386604</timestamp>
			</report>
			<report>
				<misses>3500001</misses>
				<total>0</total>
				<timestamp>23.043601</timestamp>
			</report>
			<report>
				<misses>3600001</misses>
				<total>0</total>
				<timestamp>23.701529</timestamp>
			</report>
			<report>
				<misses>3700001</misses>
				<total>0</total>
				<timestamp>24.360419</timestamp>
			</report>
			<report>
				<misses>3800001</misses>
				<total>0</total>
				<timestamp>25.018276</timestamp>
			</report>
			<report>
				<misses>3900001</misses>
				<total>0</total>
				<timestamp>25.677459</timestamp>
			</report>
			<report>
				<misses>4000001</misses>
				<total>0</total>
				<timestamp>26.335240</timestamp>
			</report>
			<report>
				<misses>4100001</misses>
				<total>0</total>
				<timestamp>26.994258</timestamp>
			</report>
			<report>
				<misses>4200001</misses>
				<total>0</total>
				<timestamp>27.650624</timestamp>
			</report>
			<report>
				<misses>4300001</misses>
				<total>0</total>
				<timestamp>28.308640</timestamp>
			</report>
			<report>
				<misses>4400001</misses>
				<total>0</total>
				<timestamp>28.965362</timestamp>
			</report>
			<report>
				<misses>4500001</misses>
				<total>0</total>
				<timestamp>29.622345</timestamp>
			</report>
			<report>
				<misses>4600001</misses>
				<total>0</total>
				<timestamp>30.279323</timestamp>
			</report>
			<report>
				<misses>4700001</misses>
				<total>0</total>
				<timestamp>30.938260</timestamp>
			</report>
			<report>
				<misses>4800001</misses>
				<total>0</total>
				<timestamp>31.596009</timestamp>
			</report>
			<report>
				<misses>4900001</misses>
				<total>0</total>
				<timestamp>32.253552</timestamp>
			</report>
			<report>
				<misses>5000001</misses>
				<total>0</total>
				<timestamp>32.911171</timestamp>
			</report>
			<report>
				<misses>5100001</misses>
				<total>0</total>
				<timestamp>33.568516</timestamp>
			</report>
			<report>
				<misses>5200001</misses>
				<total>0</total>
				<timestamp>34.227028</timestamp>
			</report>
			<report>
				<misses>5300001</misses>
				<total>0</total>
				<timestamp>34.884411</timestamp>
			</report>
			<report>
				<misses>5400001</misses>
				<total>0</total>
				<timestamp>35.542506</timestamp>
			</report>
			<report>
				<misses>5500001</misses>
				<total>0</total>
				<timestamp>36.200952</timestamp>
			</report>
			<report>
				<misses>5600001</misses>
				<total>0</total>
				<timestamp>36.858848</timestamp>
			</report>
			<report>
				<misses>5700001</misses>
				<total>0</total>
				<timestamp>37.516660</timestamp>
			</report>
			<report>
				<misses>5800001</misses>
				<total>0</total>
				<timestamp>38.174723</timestamp>
			</report>
			<report>
				<misses>5900001</misses>
				<total>0</total>
				<timestamp>38.831055</timestamp>
			</report>
			<report>
				<misses>6000001</misses>
				<total>0</total>
				<timestamp>39.489829</timestamp>
			</report>
			<report>
				<misses>6100001</misses>
				<total>0</total>
				<timestamp>40.147015</timestamp>
			</report>
			<report>
				<misses>6200001</misses>
				<total>0</total>
				<timestamp>40.804041</timestamp>
			</report>
			<report>
				<misses>6300001</misses>
				<total>0</total>
				<timestamp>41.461983</timestamp>
			</report>
			<report>
				<misses>6400001</misses>
				<total>0</total>
				<timestamp>42.122176</timestamp>
			</report>
			<report>
				<misses>6500001</misses>
				<total>0</total>
				<timestamp>42.781818</timestamp>
			</report>
			<report>
				<misses>6600001</misses>
				<total>0</total>
				<timestamp>43.443410</timestamp>
			</report>
			<report>
				<misses>6700001</misses>
				<total>0</total>
				<timestamp>44.104000</timestamp>
			</report>
			<report>
				<misses>6800001</misses>
				<total>0</total>
				<timestamp>44.764972</timestamp>
			</report>
			<report>
				<misses>6900001</misses>
				<total>0</total>
				<timestamp>45.424379</timestamp>
			</report>
			<report>
				<misses>7000001</misses>
				<total>0</total>
				<timestamp>46.084144</timestamp>
			</report>
			<report>
				<misses>7100001</misses>
				<total>0</total>
				<timestamp>46.743064</timestamp>
			</report>
			<report>
				<misses>7200001</misses>
				<total>0</total>
				<timestamp>47.400222</timestamp>
			</report>
			<report>
				<misses>7300001</misses>
				<total>0</total>
				<timestamp>48.059098</timestamp>
			</report>
			<report>
				<misses>7400001</misses>
				<total>0</total>
				<timestamp>48.717851</timestamp>
			</report>
			<report>
				<misses>7500001</misses>
				<total>0</total>
				<timestamp>49.377331</timestamp>
			</report>
			<report>
				<misses>7600001</misses>
				<total>0</total>
				<timestamp>50.035708</timestamp>
			</report>
			<report>
				<misses>7700001</misses>
				<total>0</total>
				<timestamp>50.692965</timestamp>
			</report>
			<report>
				<misses>7800001</misses>
				<total>0</total>
				<timestamp>51.351279</timestamp>
			</report>
			<report>
				<misses>7900001</misses>
				<total>0</total>
				<timestamp>52.008839</timestamp>
			</report>
			<report>
				<misses>8000001</misses>
				<total>0</total>
				<timestamp>52.667015</timestamp>
			</report>
			<report>
				<misses>8100001</misses>
				<total>0</total>
				<timestamp>53.325573</timestamp>
			</report>
			<report>
				<misses>8200001</misses>
				<total>0</total>
				<timestamp>53.982423</timestamp>
			</report>
			<report>
				<misses>8300001</misses>
				<total>0</total>
				<timestamp>54.639629</timestamp>
			</report>
			<report>
				<misses>8400001</misses>
				<total>0</total>
				<timestamp>55.298837</timestamp>
			</report>
			<report>
				<misses>8500001</misses>
				<total>0</total>
				<timestamp>55.955942</timestamp>
			</report>
			<report>
				<misses>8600001</misses>
				<total>0</total>
				<timestamp>56.615083</timestamp>
			</report>
			<report>
				<misses>8700001</misses>
				<total>0</total>
				<timestamp>57.273342</timestamp>
			</report>
			<report>
				<misses>8800001</misses>
				<total>0</total>
				<timestamp>57.930538</timestamp>
			</report>
			<report>
				<misses>8900001</misses>
				<total>0</total>
				<timestamp>58.588568</timestamp>
			</report>
			<report>
				<misses>9000001</misses>
				<total>0</total>
				<timestamp>59.245838</timestamp>
			</report>
			<report>
				<misses>9100001</misses>
				<total>0</total>
				<timestamp>59.903977</timestamp>
			</report>
			<report>
				<misses>9200001</misses>
				<total>0</total>
				<timestamp>60.561203</timestamp>
			</report>
			<report>
				<misses>9300001</misses>
				<total>0</total>
				<timestamp>61.218418</timestamp>
			</report>
			<report>
				<misses>9400001</misses>
				<total>0</total>
				<timestamp>61.875162</timestamp>
			</report>
			<report>
				<misses>9500001</misses>
				<total>0</total>
				<timestamp>62.532806</timestamp>
			</report>
			<report>
				<misses>9600001</misses>
				<total>0</total>
				<timestamp>63.190758</timestamp>
			</report>
			<report>
				<misses>9700001</misses>
				<total>0</total>
				<timestamp>63.847824</timestamp>
			</report>
			<report>
				<misses>9800001</misses>
				<total>0</total>
				<timestamp>64.506832</timestamp>
			</report>
			<report>
				<misses>9900001</misses>
				<total>0</total>
				<timestamp>65.164808</timestamp>
			</report>
			<report>
				<misses>10000001</misses>
				<total>0</total>
				<timestamp>65.822572</timestamp>
			</report>
			<report>
				<misses>10100001</misses>
				<total>0</total>
				<timestamp>66.480757</timestamp>
			</report>
			<report>
				<misses>10200001</misses>
				<total>0</total>
				<timestamp>67.139343</timestamp>
			</report>
			<report>
				<misses>10300001</misses>
				<total>0</total>
				<timestamp>67.797045</timestamp>
			</report>
			<report>
				<misses>10400001</misses>
				<total>0</total>
				<timestamp>68.454502</timestamp>
			</report>
			<report>
				<misses>10500001</misses>
				<total>0</total>
				<timestamp>69.111080</timestamp>
			</report>
			<report>
				<misses>10600001</misses>
				<total>0</total>
				<timestamp>69.767676</timestamp>
			</report>
			<report>
				<misses>10700001</misses>
				<total>0</total>
				<timestamp>70.424964</timestamp>
			</report>
			<report>
				<misses>10800001</misses>
				<total>0</total>
				<timestamp>71.082118</timestamp>
			</report>
			<report>
				<misses>10900001</misses>
				<total>0</total>
				<timestamp>71.739391</timestamp>
			</report>
			<report>
				<misses>11000001</misses>
				<total>0</total>
				<timestamp>72.397299</timestamp>
			</report>
			<report>
				<misses>11100001</misses>
				<total>0</total>
				<timestamp>73.054722</timestamp>
			</report>
			<report>
				<misses>11200001</misses>
				<total>0</total>
				<timestamp>73.711376</timestamp>
			</report>
			<report>
				<misses>11300001</misses>
				<total>0</total>
				<timestamp>74.369249</timestamp>
			</report>
			<report>
				<misses>11400001</misses>
				<total>0</total>
				<timestamp>75.027501</timestamp>
			</report>
			<report>
				<misses>11500001</misses>
				<total>0</total>
				<timestamp>75.685501</timestamp>
			</report>
			<report>
				<misses>11600001</misses>
				<total>0</total>
				<timestamp>76.344137</timestamp>
			</report>
			<report>
				<misses>11700001</misses>
				<total>0</total>
				<timestamp>77.001346</timestamp>
			</report>
			<report>
				<misses>11800001</misses>
				<total>0</total>
				<timestamp>77.659642</timestamp>
			</report>
			<report>
				<misses>11900001</misses>
				<total>0</total>
				<timestamp>78.317094</timestamp>
			</report>
			<report>
				<misses>12000001</misses>
				<total>0</total>
				<timestamp>78.976087</timestamp>
			</report>
			<report>
				<misses>12100001</misses>
				<total>0</total>
				<timestamp>79.632977</timestamp>
			</report>
			<report>
				<misses>12200001</misses>
				<total>0</total>
				<timestamp>80.290485</timestamp>
			</report>
			<report>
				<misses>12300001</misses>
				<total>0</total>
				<timestamp>80.948191</timestamp>
			</report>
			<report>
				<misses>12400001</misses>
				<total>0</total>
				<timestamp>81.605729</timestamp>
			</report>
			<report>
				<misses>12500001</misses>
				<total>0</total>
				<timestamp>82.263536</timestamp>
			</report>
			<report>
				<misses>12600001</misses>
				<total>0</total>
				<timestamp>82.921457</timestamp>
			</report>
			<report>
				<misses>12700001</misses>
				<total>0</total>
				<timestamp>83.580231</timestamp>
			</report>
			<report>
				<misses>12800001</misses>
				<total>0</total>
				<timestamp>84.237295</timestamp>
			</report>
			<report>
				<misses>12900001</misses>
				<total>0</total>
				<timestamp>84.895175</timestamp>
			</report>
			<report>
				<misses>13000001</misses>
				<total>0</total>
				<timestamp>85.552687</timestamp>
			</report>
			<report>
				<misses>13100001</misses>
				<total>0</total>
				<timestamp>86.210301</timestamp>
			</report>
			<report>
				<misses>13200001</misses>
				<total>0</total>
				<timestamp>86.869413</timestamp>
			</report>
			<report>
				<misses>13300001</misses>
				<total>0</total>
				<timestamp>87.529643</timestamp>
			</report>
			<report>
				<misses>13400001</misses>
				<total>0</total>
				<timestamp>88.189241</timestamp>
			</report>
			<report>
				<misses>13500001</misses>
				<total>0</total>
				<timestamp>88.848313</timestamp>
			</report>
			<report>
				<misses>13600001</misses>
				<total>0</total>
				<timestamp>89.507919</timestamp>
			</report>
			<report>
				<misses>13700001</misses>
				<total>0</total>
				<timestamp>90.166628</timestamp>
			</report>
			<report>
				<misses>13800001</misses>
				<total>0</total>
				<timestamp>90.826907</timestamp>
			</report>
			<report>
				<misses>13900001</misses>
				<total>0</total>
				<timestamp>91.484947</timestamp>
			</report>
			<report>
				<misses>14000001</misses>
				<total>0</total>
				<timestamp>92.142845</timestamp>
			</report>
			<report>
				<misses>14100001</misses>
				<total>0</total>
				<timestamp>92.799479</timestamp>
			</report>
			<report>
				<misses>14200001</misses>
				<total>0</total>
				<timestamp>93.457351</timestamp>
			</report>
			<report>
				<misses>14300001</misses>
				<total>0</total>
				<timestamp>94.115996</timestamp>
			</report>
			<report>
				<misses>14400001</misses>
				<total>0</total>
				<timestamp>94.774043</timestamp>
			</report>
			<report>
				<misses>14500001</misses>
				<total>0</total>
				<timestamp>95.433075</timestamp>
			</report>
			<report>
				<misses>14600001</misses>
				<total>0</total>
				<timestamp>96.090847</timestamp>
			</report>
			<report>
				<misses>14700001</misses>
				<total>0</total>
				<timestamp>96.747778</timestamp>
			</report>
			<report>
				<misses>14800001</misses>
				<total>0</total>
				<timestamp>97.405621</timestamp>
			</report>
			<report>
				<misses>14900001</misses>
				<total>0</total>
				<timestamp>98.062689</timestamp>
			</report>
			<report>
				<misses>15000001</misses>
				<total>0</total>
				<timestamp>98.718979</timestamp>
			</report>
			<report>
				<misses>15100001</misses>
				<total>0</total>
				<timestamp>99.377039</timestamp>
			</report>
			<report>
				<misses>15200001</misses>
				<total>0</total>
				<timestamp>100.035032</timestamp>
			</report>
			<report>
				<misses>15300001</misses>
				<total>0</total>
				<timestamp>100.692461</timestamp>
			</report>
			<report>
				<misses>15400001</misses>
				<total>0</total>
				<timestamp>101.350257</timestamp>
			</report>
			<report>
				<misses>15500001</misses>
				<total>0</total>
				<timestamp>102.007680</timestamp>
			</report>
			<report>
				<misses>15600001</misses>
				<total>0</total>
				<timestamp>102.666364</timestamp>
			</report>
			<report>
				<misses>15700001</misses>
				<total>0</total>
				<timestamp>103.323663</timestamp>
			</report>
			<report>
				<misses>15800001</misses>
				<total>0</total>
				<timestamp>103.980226</timestamp>
			</report>
			<report>
				<misses>15900001</misses>
				<total>0</total>
				<timestamp>104.638138</timestamp>
			</report>
			<report>
				<misses>16000001</misses>
				<total>0</total>
				<timestamp>105.295523</timestamp>
			</report>
			<report>
				<misses>16100001</misses>
				<total>0</total>
				<timestamp>105.954062</timestamp>
			</report>
			<report>
				<misses>16200001</misses>
				<total>0</total>
				<timestamp>106.611064</timestamp>
			</report>
			<report>
				<misses>16300001</misses>
				<total>0</total>
				<timestamp>107.267464</timestamp>
			</report>
			<report>
				<misses>16400001</misses>
				<total>0</total>
				<timestamp>107.923788</timestamp>
			</report>
			<report>
				<misses>16500001</misses>
				<total>0</total>
				<timestamp>108.583468</timestamp>
			</report>
			<report>
				<misses>16600001</misses>
				<total>0</total>
				<timestamp>109.240900</timestamp>
			</report>
			<report>
				<misses>16700001</misses>
				<total>0</total>
				<timestamp>109.896445</timestamp>
			</report>
			<report>
				<misses>16800001</misses>
				<total>0</total>
				<timestamp>110.553310</timestamp>
			</report>
			<report>
				<misses>16900001</misses>
				<total>0</total>
				<timestamp>111.211229</timestamp>
			</report>
			<report>
				<misses>17000001</misses>
				<total>0</total>
				<timestamp>111.868692</timestamp>
			</report>
			<report>
				<misses>17100001</misses>
				<total>0</total>
				<timestamp>112.526256</timestamp>
			</report>
			<report>
				<misses>17200001</misses>
				<total>0</total>
				<timestamp>113.184684</timestamp>
			</report>
			<report>
				<misses>17300001</misses>
				<total>0</total>
				<timestamp>113.842253</timestamp>
			</report>
			<report>
				<misses>17400001</misses>
				<total>0</total>
				<timestamp>114.499957</timestamp>
			</report>
			<report>
				<misses>17500001</misses>
				<total>0</total>
				<timestamp>115.157633</timestamp>
			</report>
			<report>
				<misses>17600001</misses>
				<total>0</total>
				<timestamp>115.814334</timestamp>
			</report>
			<report>
				<misses>17700001</misses>
				<total>0</total>
				<timestamp>116.471967</timestamp>
			</report>
			<report>
				<misses>17800001</misses>
				<total>0</total>
				<timestamp>117.129035</timestamp>
			</report>
			<report>
				<misses>17900001</misses>
				<total>0</total>
				<timestamp>117.786315</timestamp>
			</report>
			<report>
				<misses>18000001</misses>
				<total>0</total>
				<timestamp>118.443692</timestamp>
			</report>
			<report>
				<misses>18100001</misses>
				<total>0</total>
				<timestamp>119.101206</timestamp>
			</report>
			<report>
				<misses>18200001</misses>
				<total>0</total>
				<timestamp>119.758019</timestamp>
			</report>
			<report>
				<misses>18300001</misses>
				<total>0</total>
				<timestamp>120.415336</timestamp>
			</report>
			<report>
				<misses>18400001</misses>
				<total>0</total>
				<timestamp>121.073703</timestamp>
			</report>
			<report>
				<misses>18500001</misses>
				<total>0</total>
				<timestamp>121.732326</timestamp>
			</report>
			<report>
				<misses>18600001</misses>
				<total>0</total>
				<timestamp>122.389615</timestamp>
			</report>
			<report>
				<misses>18700001</misses>
				<total>0</total>
				<timestamp>123.047317</timestamp>
			</report>
			<report>
				<misses>18800001</misses>
				<total>0</total>
				<timestamp>123.703581</timestamp>
			</report>
			<report>
				<misses>18900001</misses>
				<total>0</total>
				<timestamp>124.359641</timestamp>
			</report>
			<report>
				<misses>19000001</misses>
				<total>0</total>
				<timestamp>125.016464</timestamp>
			</report>
			<report>
				<misses>19100001</misses>
				<total>0</total>
				<timestamp>125.674641</timestamp>
			</report>
			<report>
				<misses>19200001</misses>
				<total>0</total>
				<timestamp>126.332099</timestamp>
			</report>
			<report>
				<misses>19300001</misses>
				<total>0</total>
				<timestamp>126.988920</timestamp>
			</report>
			<report>
				<misses>19400001</misses>
				<total>0</total>
				<timestamp>127.647084</timestamp>
			</report>
			<report>
				<misses>19500001</misses>
				<total>0</total>
				<timestamp>128.304791</timestamp>
			</report>
			<report>
				<misses>19600001</misses>
				<total>0</total>
				<timestamp>128.961541</timestamp>
			</report>
			<report>
				<misses>19700001</misses>
				<total>0</total>
				<timestamp>129.618861</timestamp>
			</report>
			<report>
				<misses>19800001</misses>
				<total>0</total>
				<timestamp>130.276781</timestamp>
			</report>
			<report>
				<misses>19900001</misses>
				<total>0</total>
				<timestamp>130.933803</timestamp>
			</report>
			<report>
				<misses>20000001</misses>
				<total>0</total>
				<timestamp>131.592769</timestamp>
			</report>
			<report>
				<misses>20100001</misses>
				<total>0</total>
				<timestamp>132.251412</timestamp>
			</report>
			<report>
				<misses>20200001</misses>
				<total>0</total>
				<timestamp>132.908298</timestamp>
			</report>
			<report>
				<misses>20300001</misses>
				<total>0</total>
				<timestamp>133.567466</timestamp>
			</report>
			<report>
				<misses>20400001</misses>
				<total>0</total>
				<timestamp>134.226095</timestamp>
			</report>
			<report>
				<misses>20500001</misses>
				<total>0</total>
				<timestamp>134.884354</timestamp>
			</report>
			<report>
				<misses>20600001</misses>
				<total>0</total>
				<timestamp>135.543290</timestamp>
			</report>
			<report>
				<misses>20700001</misses>
				<total>0</total>
				<timestamp>136.201099</timestamp>
			</report>
			<report>
				<misses>20800001</misses>
				<total>0</total>
				<timestamp>136.859513</timestamp>
			</report>
			<report>
				<misses>20900001</misses>
				<total>0</total>
				<timestamp>137.516624</timestamp>
			</report>
			<report>
				<misses>21000001</misses>
				<total>0</total>
				<timestamp>138.173797</timestamp>
			</report>
			<report>
				<misses>21100001</misses>
				<total>0</total>
				<timestamp>138.830958</timestamp>
			</report>
			<report>
				<misses>21200001</misses>
				<total>0</total>
				<timestamp>139.488265</timestamp>
			</report>
			<report>
				<misses>21300001</misses>
				<total>0</total>
				<timestamp>140.145675</timestamp>
			</report>
			<report>
				<misses>21400001</misses>
				<total>0</total>
				<timestamp>140.802321</timestamp>
			</report>
			<report>
				<misses>21500001</misses>
				<total>0</total>
				<timestamp>141.460389</timestamp>
			</report>
			<report>
				<misses>21600001</misses>
				<total>0</total>
				<timestamp>142.117527</timestamp>
			</report>
			<report>
				<misses>21700001</misses>
				<total>0</total>
				<timestamp>142.776123</timestamp>
			</report>
			<report>
				<misses>21800001</misses>
				<total>0</total>
				<timestamp>143.433715</timestamp>
			</report>
			<report>
				<misses>21900001</misses>
				<total>0</total>
				<timestamp>144.091310</timestamp>
			</report>
			<report>
				<misses>22000001</misses>
				<total>0</total>
				<timestamp>144.747625</timestamp>
			</report>
			<report>
				<misses>22100001</misses>
				<total>0</total>
				<timestamp>145.405907</timestamp>
			</report>
			<report>
				<misses>22200001</misses>
				<total>0</total>
				<timestamp>146.063777</timestamp>
			</report>
			<report>
				<misses>22300001</misses>
				<total>0</total>
				<timestamp>146.721083</timestamp>
			</report>
			<report>
				<misses>22400001</misses>
				<total>0</total>
				<timestamp>147.378692</timestamp>
			</report>
			<report>
				<misses>22500001</misses>
				<total>0</total>
				<timestamp>148.036859</timestamp>
			</report>
			<report>
				<misses>22600001</misses>
				<total>0</total>
				<timestamp>148.695036</timestamp>
			</report>
			<report>
				<misses>22700001</misses>
				<total>0</total>
				<timestamp>149.352578</timestamp>
			</report>
			<report>
				<misses>22800001</misses>
				<total>0</total>
				<timestamp>150.009384</timestamp>
			</report>
			<report>
				<misses>22900001</misses>
				<total>0</total>
				<timestamp>150.666389</timestamp>
			</report>
			<report>
				<misses>23000001</misses>
				<total>0</total>
				<timestamp>151.324177</timestamp>
			</report>
			<report>
				<misses>23100001</misses>
				<total>0</total>
				<timestamp>151.981091</timestamp>
			</report>
			<report>
				<misses>23200001</misses>
				<total>0</total>
				<timestamp>152.638115</timestamp>
			</report>
			<report>
				<misses>23300001</misses>
				<total>0</total>
				<timestamp>153.294543</timestamp>
			</report>
			<report>
				<misses>23400001</misses>
				<total>0</total>
				<timestamp>153.952541</timestamp>
			</report>
			<report>
				<misses>23500001</misses>
				<total>0</total>
				<timestamp>154.610212</timestamp>
			</report>
			<report>
				<misses>23600001</misses>
				<total>0</total>
				<timestamp>155.267983</timestamp>
			</report>
			<report>
				<misses>23700001</misses>
				<total>0</total>
				<timestamp>155.925702</timestamp>
			</report>
			<report>
				<misses>23800001</misses>
				<total>0</total>
				<timestamp>156.582119</timestamp>
			</report>
			<report>
				<misses>23900001</misses>
				<total>0</total>
				<timestamp>157.239377</timestamp>
			</report>
			<report>
				<misses>24000001</misses>
				<total>0</total>
				<timestamp>157.896388</timestamp>
			</report>
			<report>
				<misses>24100001</misses>
				<total>0</total>
				<timestamp>158.553808</timestamp>
			</report>
			<report>
				<misses>24200001</misses>
				<total>0</total>
				<timestamp>159.209795</timestamp>
			</report>
			<report>
				<misses>24300001</misses>
				<total>0</total>
				<timestamp>159.867741</timestamp>
			</report>
			<report>
				<misses>24400001</misses>
				<total>0</total>
				<timestamp>160.526492</timestamp>
			</report>
			<report>
				<misses>24500001</misses>
				<total>0</total>
				<timestamp>161.183824</timestamp>
			</report>
			<report>
				<misses>24600001</misses>
				<total>0</total>
				<timestamp>161.841493</timestamp>
			</report>
			<report>
				<misses>24700001</misses>
				<total>0</total>
				<timestamp>162.499941</timestamp>
			</report>
			<report>
				<misses>24800001</misses>
				<total>0</total>
				<timestamp>163.159914</timestamp>
			</report>
			<report>
				<misses>24900001</misses>
				<total>0</total>
				<timestamp>163.818890</timestamp>
			</report>
			<report>
				<misses>25000001</misses>
				<total>0</total>
				<timestamp>164.477649</timestamp>
			</report>
			<report>
				<misses>25100001</misses>
				<total>0</total>
				<timestamp>165.136288</timestamp>
			</report>
			<report>
				<misses>25200001</misses>
				<total>0</total>
				<timestamp>165.794970</timestamp>
			</report>
			<report>
				<misses>25300001</misses>
				<total>0</total>
				<timestamp>166.452755</timestamp>
			</report>
			<report>
				<misses>25400001</misses>
				<total>0</total>
				<timestamp>167.110105</timestamp>
			</report>
			<report>
				<misses>25500001</misses>
				<total>0</total>
				<timestamp>167.766784</timestamp>
			</report>
			<report>
				<misses>25600001</misses>
				<total>0</total>
				<timestamp>168.424424</timestamp>
			</report>
			<report>
				<misses>25700001</misses>
				<total>0</total>
				<timestamp>169.080774</timestamp>
			</report>
			<report>
				<misses>25800001</misses>
				<total>0</total>
				<timestamp>169.739480</timestamp>
			</report>
			<report>
				<misses>25900001</misses>
				<total>0</total>
				<timestamp>170.397902</timestamp>
			</report>
			<report>
				<misses>26000001</misses>
				<total>0</total>
				<timestamp>171.054809</timestamp>
			</report>
			<report>
				<misses>26100001</misses>
				<total>0</total>
				<timestamp>171.713006</timestamp>
			</report>
			<report>
				<misses>26200001</misses>
				<total>0</total>
				<timestamp>172.369912</timestamp>
			</report>
			<report>
				<misses>26300001</misses>
				<total>0</total>
				<timestamp>173.026344</timestamp>
			</report>
			<report>
				<misses>26400001</misses>
				<total>0</total>
				<timestamp>173.682774</timestamp>
			</report>
			<report>
				<misses>26500001</misses>
				<total>0</total>
				<timestamp>174.340380</timestamp>
			</report>
			<report>
				<misses>26600001</misses>
				<total>0</total>
				<timestamp>174.998381</timestamp>
			</report>
			<report>
				<misses>26700001</misses>
				<total>0</total>
				<timestamp>175.656085</timestamp>
			</report>
			<report>
				<misses>26800001</misses>
				<total>0</total>
				<timestamp>176.314348</timestamp>
			</report>
			<report>
				<misses>26900001</misses>
				<total>0</total>
				<timestamp>176.973457</timestamp>
			</report>
			<report>
				<misses>27000001</misses>
				<total>0</total>
				<timestamp>177.633531</timestamp>
			</report>
			<report>
				<misses>27100001</misses>
				<total>0</total>
				<timestamp>178.293009</timestamp>
			</report>
			<report>
				<misses>27200001</misses>
				<total>0</total>
				<timestamp>178.952481</timestamp>
			</report>
			<report>
				<misses>27300001</misses>
				<total>0</total>
				<timestamp>179.611048</timestamp>
			</report>
			<report>
				<misses>27400001</misses>
				<total>0</total>
				<timestamp>180.269107</timestamp>
			</report>
			<report>
				<misses>27500001</misses>
				<total>0</total>
				<timestamp>180.928763</timestamp>
			</report>
			<report>
				<misses>27600001</misses>
				<total>0</total>
				<timestamp>181.587278</timestamp>
			</report>
			<report>
				<misses>27700001</misses>
				<total>0</total>
				<timestamp>182.244032</timestamp>
			</report>
			<report>
				<misses>27800001</misses>
				<total>0</total>
				<timestamp>182.901608</timestamp>
			</report>
			<report>
				<misses>27900001</misses>
				<total>0</total>
				<timestamp>183.558218</timestamp>
			</report>
			<report>
				<misses>28000001</misses>
				<total>0</total>
				<timestamp>184.216233</timestamp>
			</report>
			<report>
				<misses>28100001</misses>
				<total>0</total>
				<timestamp>184.873565</timestamp>
			</report>
			<report>
				<misses>28200001</misses>
				<total>0</total>
				<timestamp>185.530495</timestamp>
			</report>
			<report>
				<misses>28300001</misses>
				<total>0</total>
				<timestamp>186.186493</timestamp>
			</report>
			<report>
				<misses>28400001</misses>
				<total>0</total>
				<timestamp>186.843725</timestamp>
			</report>
			<report>
				<misses>28500001</misses>
				<total>0</total>
				<timestamp>187.501277</timestamp>
			</report>
			<report>
				<misses>28600001</misses>
				<total>0</total>
				<timestamp>188.159205</timestamp>
			</report>
			<report>
				<misses>28700001</misses>
				<total>0</total>
				<timestamp>188.817604</timestamp>
			</report>
			<report>
				<misses>28800001</misses>
				<total>0</total>
				<timestamp>189.474560</timestamp>
			</report>
			<report>
				<misses>28900001</misses>
				<total>0</total>
				<timestamp>190.133183</timestamp>
			</report>
			<report>
				<misses>29000001</misses>
				<total>0</total>
				<timestamp>190.789893</timestamp>
			</report>
			<report>
				<misses>29100001</misses>
				<total>0</total>
				<timestamp>191.447194</timestamp>
			</report>
			<report>
				<misses>29200001</misses>
				<total>0</total>
				<timestamp>192.105764</timestamp>
			</report>
			<report>
				<misses>29300001</misses>
				<total>0</total>
				<timestamp>192.763194</timestamp>
			</report>
			<report>
				<misses>29400001</misses>
				<total>0</total>
				<timestamp>193.420638</timestamp>
			</report>
			<report>
				<misses>29500001</misses>
				<total>0</total>
				<timestamp>194.077665</timestamp>
			</report>
			<report>
				<misses>29600001</misses>
				<total>0</total>
				<timestamp>194.735994</timestamp>
			</report>
			<report>
				<misses>29700001</misses>
				<total>0</total>
				<timestamp>195.394276</timestamp>
			</report>
			<report>
				<misses>29800001</misses>
				<total>0</total>
				<timestamp>196.050475</timestamp>
			</report>
			<report>
				<misses>29900001</misses>
				<total>0</total>
				<timestamp>196.708073</timestamp>
			</report>
			<report>
				<misses>30000001</misses>
				<total>0</total>
				<timestamp>197.366802</timestamp>
			</report>
			<report>
				<misses>30100001</misses>
				<total>0</total>
				<timestamp>198.023803</timestamp>
			</report>
			<report>
				<misses>30200001</misses>
				<total>0</total>
				<timestamp>198.681182</timestamp>
			</report>
			<report>
				<misses>30300001</misses>
				<total>0</total>
				<timestamp>199.339288</timestamp>
			</report>
			<report>
				<misses>30400001</misses>
				<total>0</total>
				<timestamp>199.996604</timestamp>
			</report>
			<report>
				<misses>30500001</misses>
				<total>0</total>
				<timestamp>200.654548</timestamp>
			</report>
			<report>
				<misses>30600001</misses>
				<total>0</total>
				<timestamp>201.312038</timestamp>
			</report>
			<report>
				<misses>30700001</misses>
				<total>0</total>
				<timestamp>201.969020</timestamp>
			</report>
			<report>
				<misses>30800001</misses>
				<total>0</total>
				<timestamp>202.626604</timestamp>
			</report>
			<report>
				<misses>30900001</misses>
				<total>0</total>
				<timestamp>203.284615</timestamp>
			</report>
			<report>
				<misses>31000001</misses>
				<total>0</total>
				<timestamp>203.942603</timestamp>
			</report>
			<report>
				<misses>31100001</misses>
				<total>0</total>
				<timestamp>204.601602</timestamp>
			</report>
			<report>
				<misses>31200001</misses>
				<total>0</total>
				<timestamp>205.260336</timestamp>
			</report>
			<report>
				<misses>31300001</misses>
				<total>0</total>
				<timestamp>205.918368</timestamp>
			</report>
			<report>
				<misses>31400001</misses>
				<total>0</total>
				<timestamp>206.575890</timestamp>
			</report>
			<report>
				<misses>31500001</misses>
				<total>0</total>
				<timestamp>207.232612</timestamp>
			</report>
			<report>
				<misses>31600001</misses>
				<total>0</total>
				<timestamp>207.890073</timestamp>
			</report>
			<report>
				<misses>31700001</misses>
				<total>0</total>
				<timestamp>208.547766</timestamp>
			</report>
			<report>
				<misses>31800001</misses>
				<total>0</total>
				<timestamp>209.205419</timestamp>
			</report>
			<report>
				<misses>31900001</misses>
				<total>0</total>
				<timestamp>209.861039</timestamp>
			</report>
			<report>
				<misses>32000001</misses>
				<total>0</total>
				<timestamp>210.519372</timestamp>
			</report>
			<report>
				<misses>32100001</misses>
				<total>0</total>
				<timestamp>211.177841</timestamp>
			</report>
			<report>
				<misses>32200001</misses>
				<total>0</total>
				<timestamp>211.835673</timestamp>
			</report>
			<report>
				<misses>32300001</misses>
				<total>0</total>
				<timestamp>212.492301</timestamp>
			</report>
			<report>
				<misses>32400001</misses>
				<total>0</total>
				<timestamp>213.149813</timestamp>
			</report>
			<report>
				<misses>32500001</misses>
				<total>0</total>
				<timestamp>213.807086</timestamp>
			</report>
			<report>
				<misses>32600001</misses>
				<total>0</total>
				<timestamp>214.465048</timestamp>
			</report>
			<report>
				<misses>32700001</misses>
				<total>0</total>
				<timestamp>215.121552</timestamp>
			</report>
			<report>
				<misses>32800001</misses>
				<total>0</total>
				<timestamp>215.778970</timestamp>
			</report>
			<report>
				<misses>32900001</misses>
				<total>0</total>
				<timestamp>216.436008</timestamp>
			</report>
			<report>
				<misses>33000001</misses>
				<total>0</total>
				<timestamp>217.094175</timestamp>
			</report>
			<report>
				<misses>33100001</misses>
				<total>0</total>
				<timestamp>217.751263</timestamp>
			</report>
			<report>
				<misses>33200001</misses>
				<total>0</total>
				<timestamp>218.409115</timestamp>
			</report>
			<report>
				<misses>33300001</misses>
				<total>0</total>
				<timestamp>219.066501</timestamp>
			</report>
			<report>
				<misses>33400001</misses>
				<total>0</total>
				<timestamp>219.722345</timestamp>
			</report>
			<report>
				<misses>33500001</misses>
				<total>0</total>
				<timestamp>220.380264</timestamp>
			</report>
			<report>
				<misses>33600001</misses>
				<total>0</total>
				<timestamp>221.037827</timestamp>
			</report>
			<report>
				<misses>33700001</misses>
				<total>0</total>
				<timestamp>221.698411</timestamp>
			</report>
			<report>
				<misses>33800001</misses>
				<total>0</total>
				<timestamp>222.357136</timestamp>
			</report>
			<report>
				<misses>33900001</misses>
				<total>0</total>
				<timestamp>223.016042</timestamp>
			</report>
			<report>
				<misses>34000001</misses>
				<total>0</total>
				<timestamp>223.674237</timestamp>
			</report>
			<report>
				<misses>34100001</misses>
				<total>0</total>
				<timestamp>224.330319</timestamp>
			</report>
			<report>
				<misses>34200001</misses>
				<total>0</total>
				<timestamp>224.988020</timestamp>
			</report>
			<report>
				<misses>34300001</misses>
				<total>0</total>
				<timestamp>225.646444</timestamp>
			</report>
			<report>
				<misses>34400001</misses>
				<total>0</total>
				<timestamp>226.305246</timestamp>
			</report>
			<report>
				<misses>34500001</misses>
				<total>0</total>
				<timestamp>226.963557</timestamp>
			</report>
			<report>
				<misses>34600001</misses>
				<total>0</total>
				<timestamp>227.621323</timestamp>
			</report>
			<report>
				<misses>34700001</misses>
				<total>0</total>
				<timestamp>228.279030</timestamp>
			</report>
			<report>
				<misses>34800001</misses>
				<total>0</total>
				<timestamp>228.936491</timestamp>
			</report>
			<report>
				<misses>34900001</misses>
				<total>0</total>
				<timestamp>229.593860</timestamp>
			</report>
			<report>
				<misses>35000001</misses>
				<total>0</total>
				<timestamp>230.250847</timestamp>
			</report>
			<report>
				<misses>35100001</misses>
				<total>0</total>
				<timestamp>230.909014</timestamp>
			</report>
			<report>
				<misses>35200001</misses>
				<total>0</total>
				<timestamp>231.566295</timestamp>
			</report>
			<report>
				<misses>35300001</misses>
				<total>0</total>
				<timestamp>232.222792</timestamp>
			</report>
			<report>
				<misses>35400001</misses>
				<total>0</total>
				<timestamp>232.880669</timestamp>
			</report>
			<report>
				<misses>35500001</misses>
				<total>0</total>
				<timestamp>233.538611</timestamp>
			</report>
			<report>
				<misses>35600001</misses>
				<total>0</total>
				<timestamp>234.196704</timestamp>
			</report>
			<report>
				<misses>35700001</misses>
				<total>0</total>
				<timestamp>234.854187</timestamp>
			</report>
			<report>
				<misses>35800001</misses>
				<total>0</total>
				<timestamp>235.510987</timestamp>
			</report>
			<report>
				<misses>35900001</misses>
				<total>0</total>
				<timestamp>236.167951</timestamp>
			</report>
			<report>
				<misses>36000001</misses>
				<total>0</total>
				<timestamp>236.825348</timestamp>
			</report>
			<report>
				<misses>36100001</misses>
				<total>0</total>
				<timestamp>237.482806</timestamp>
			</report>
			<report>
				<misses>36200001</misses>
				<total>0</total>
				<timestamp>238.139181</timestamp>
			</report>
			<report>
				<misses>36300001</misses>
				<total>0</total>
				<timestamp>238.797014</timestamp>
			</report>
			<report>
				<misses>36400001</misses>
				<total>0</total>
				<timestamp>239.454266</timestamp>
			</report>
			<report>
				<misses>36500001</misses>
				<total>0</total>
				<timestamp>240.111387</timestamp>
			</report>
			<report>
				<misses>36600001</misses>
				<total>0</total>
				<timestamp>240.770021</timestamp>
			</report>
			<report>
				<misses>36700001</misses>
				<total>0</total>
				<timestamp>241.427877</timestamp>
			</report>
			<report>
				<misses>36800001</misses>
				<total>0</total>
				<timestamp>242.085217</timestamp>
			</report>
			<report>
				<misses>36900001</misses>
				<total>0</total>
				<timestamp>242.743414</timestamp>
			</report>
			<report>
				<misses>37000001</misses>
				<total>0</total>
				<timestamp>243.401738</timestamp>
			</report>
			<report>
				<misses>37100001</misses>
				<total>0</total>
				<timestamp>244.060090</timestamp>
			</report>
			<report>
				<misses>37200001</misses>
				<total>0</total>
				<timestamp>244.718406</timestamp>
			</report>
			<report>
				<misses>37300001</misses>
				<total>0</total>
				<timestamp>245.376132</timestamp>
			</report>
			<report>
				<misses>37400001</misses>
				<total>0</total>
				<timestamp>246.034237</timestamp>
			</report>
			<report>
				<misses>37500001</misses>
				<total>0</total>
				<timestamp>246.692869</timestamp>
			</report>
			<report>
				<misses>37600001</misses>
				<total>0</total>
				<timestamp>247.349349</timestamp>
			</report>
			<report>
				<misses>37700001</misses>
				<total>0</total>
				<timestamp>248.007875</timestamp>
			</report>
			<report>
				<misses>37800001</misses>
				<total>0</total>
				<timestamp>248.665644</timestamp>
			</report>
			<report>
				<misses>37900001</misses>
				<total>0</total>
				<timestamp>249.322926</timestamp>
			</report>
			<report>
				<misses>38000001</misses>
				<total>0</total>
				<timestamp>249.980097</timestamp>
			</report>
			<report>
				<misses>38100001</misses>
				<total>0</total>
				<timestamp>250.638499</timestamp>
			</report>
			<report>
				<misses>38200001</misses>
				<total>0</total>
				<timestamp>251.295840</timestamp>
			</report>
			<report>
				<misses>38300001</misses>
				<total>0</total>
				<timestamp>251.954735</timestamp>
			</report>
			<report>
				<misses>38400001</misses>
				<total>0</total>
				<timestamp>252.612025</timestamp>
			</report>
			<report>
				<misses>38500001</misses>
				<total>0</total>
				<timestamp>253.268862</timestamp>
			</report>
			<report>
				<misses>38600001</misses>
				<total>0</total>
				<timestamp>253.926069</timestamp>
			</report>
			<report>
				<misses>38700001</misses>
				<total>0</total>
				<timestamp>254.583866</timestamp>
			</report>
			<report>
				<misses>38800001</misses>
				<total>0</total>
				<timestamp>255.240838</timestamp>
			</report>
			<report>
				<misses>38900001</misses>
				<total>0</total>
				<timestamp>255.899201</timestamp>
			</report>
			<report>
				<misses>39000001</misses>
				<total>0</total>
				<timestamp>256.557554</timestamp>
			</report>
			<report>
				<misses>39100001</misses>
				<total>0</total>
				<timestamp>257.214832</timestamp>
			</report>
			<report>
				<misses>39200001</misses>
				<total>0</total>
				<timestamp>257.871731</timestamp>
			</report>
			<report>
				<misses>39300001</misses>
				<total>0</total>
				<timestamp>258.529751</timestamp>
			</report>
			<report>
				<misses>39400001</misses>
				<total>0</total>
				<timestamp>259.186740</timestamp>
			</report>
			<report>
				<misses>39500001</misses>
				<total>0</total>
				<timestamp>259.845576</timestamp>
			</report>
			<report>
				<misses>39600001</misses>
				<total>0</total>
				<timestamp>260.502730</timestamp>
			</report>
			<report>
				<misses>39700001</misses>
				<total>0</total>
				<timestamp>261.161221</timestamp>
			</report>
			<report>
				<misses>39800001</misses>
				<total>0</total>
				<timestamp>261.819301</timestamp>
			</report>
			<report>
				<misses>39900001</misses>
				<total>0</total>
				<timestamp>262.478190</timestamp>
			</report>
			<report>
				<misses>40000001</misses>
				<total>0</total>
				<timestamp>263.135190</timestamp>
			</report>
			<report>
				<misses>40100001</misses>
				<total>0</total>
				<timestamp>263.793654</timestamp>
			</report>
			<report>
				<misses>40200001</misses>
				<total>0</total>
				<timestamp>264.448649</timestamp>
			</report>
			<report>
				<misses>40300001</misses>
				<total>0</total>
				<timestamp>265.106545</timestamp>
			</report>
			<report>
				<misses>40400001</misses>
				<total>0</total>
				<timestamp>265.762935</timestamp>
			</report>
			<report>
				<misses>40500001</misses>
				<total>0</total>
				<timestamp>266.421207</timestamp>
			</report>
			<report>
				<misses>40600001</misses>
				<total>0</total>
				<timestamp>267.079741</timestamp>
			</report>
			<report>
				<misses>40700001</misses>
				<total>0</total>
				<timestamp>267.738687</timestamp>
			</report>
			<report>
				<misses>40800001</misses>
				<total>0</total>
				<timestamp>268.397532</timestamp>
			</report>
			<report>
				<misses>40900001</misses>
				<total>0</total>
				<timestamp>269.056817</timestamp>
			</report>
			<report>
				<misses>41000001</misses>
				<total>0</total>
				<timestamp>269.715171</timestamp>
			</report>
			<report>
				<misses>41100001</misses>
				<total>0</total>
				<timestamp>270.374065</timestamp>
			</report>
			<report>
				<misses>41200001</misses>
				<total>0</total>
				<timestamp>271.031892</timestamp>
			</report>
			<report>
				<misses>41300001</misses>
				<total>0</total>
				<timestamp>271.689634</timestamp>
			</report>
			<report>
				<misses>41400001</misses>
				<total>0</total>
				<timestamp>272.346992</timestamp>
			</report>
			<report>
				<misses>41500001</misses>
				<total>0</total>
				<timestamp>273.004265</timestamp>
			</report>
			<report>
				<misses>41600001</misses>
				<total>0</total>
				<timestamp>273.662261</timestamp>
			</report>
			<report>
				<misses>41700001</misses>
				<total>0</total>
				<timestamp>274.320922</timestamp>
			</report>
			<report>
				<misses>41800001</misses>
				<total>0</total>
				<timestamp>274.978671</timestamp>
			</report>
			<report>
				<misses>41900001</misses>
				<total>0</total>
				<timestamp>275.637708</timestamp>
			</report>
			<report>
				<misses>42000001</misses>
				<total>0</total>
				<timestamp>276.295366</timestamp>
			</report>
			<report>
				<misses>42100001</misses>
				<total>0</total>
				<timestamp>276.952658</timestamp>
			</report>
			<report>
				<misses>42200001</misses>
				<total>0</total>
				<timestamp>277.611012</timestamp>
			</report>
			<report>
				<misses>42300001</misses>
				<total>0</total>
				<timestamp>278.268512</timestamp>
			</report>
			<report>
				<misses>42400001</misses>
				<total>0</total>
				<timestamp>278.927047</timestamp>
			</report>
			<report>
				<misses>42500001</misses>
				<total>0</total>
				<timestamp>279.585261</timestamp>
			</report>
			<report>
				<misses>42600001</misses>
				<total>0</total>
				<timestamp>280.242653</timestamp>
			</report>
			<report>
				<misses>42700001</misses>
				<total>0</total>
				<timestamp>280.900816</timestamp>
			</report>
			<report>
				<misses>42800001</misses>
				<total>0</total>
				<timestamp>281.558402</timestamp>
			</report>
			<report>
				<misses>42900001</misses>
				<total>0</total>
				<timestamp>282.216092</timestamp>
			</report>
			<report>
				<misses>43000001</misses>
				<total>0</total>
				<timestamp>282.873769</timestamp>
			</report>
			<report>
				<misses>43100001</misses>
				<total>0</total>
				<timestamp>283.532191</timestamp>
			</report>
			<report>
				<misses>43200001</misses>
				<total>0</total>
				<timestamp>284.188772</timestamp>
			</report>
			<report>
				<misses>43300001</misses>
				<total>0</total>
				<timestamp>284.847359</timestamp>
			</report>
			<report>
				<misses>43400001</misses>
				<total>0</total>
				<timestamp>285.505690</timestamp>
			</report>
			<report>
				<misses>43500001</misses>
				<total>0</total>
				<timestamp>286.163444</timestamp>
			</report>
			<report>
				<misses>43600001</misses>
				<total>0</total>
				<timestamp>286.821361</timestamp>
			</report>
			<report>
				<misses>43700001</misses>
				<total>0</total>
				<timestamp>287.478604</timestamp>
			</report>
			<report>
				<misses>43800001</misses>
				<total>0</total>
				<timestamp>288.136546</timestamp>
			</report>
			<report>
				<misses>43900001</misses>
				<total>0</total>
				<timestamp>288.793597</timestamp>
			</report>
			<report>
				<misses>44000001</misses>
				<total>0</total>
				<timestamp>289.451051</timestamp>
			</report>
			<report>
				<misses>44100001</misses>
				<total>0</total>
				<timestamp>290.109499</timestamp>
			</report>
			<report>
				<misses>44200001</misses>
				<total>0</total>
				<timestamp>290.767242</timestamp>
			</report>
			<report>
				<misses>44300001</misses>
				<total>0</total>
				<timestamp>291.424541</timestamp>
			</report>
			<report>
				<misses>44400001</misses>
				<total>0</total>
				<timestamp>292.080870</timestamp>
			</report>
			<report>
				<misses>44500001</misses>
				<total>0</total>
				<timestamp>292.738996</timestamp>
			</report>
			<report>
				<misses>44600001</misses>
				<total>0</total>
				<timestamp>293.396412</timestamp>
			</report>
			<report>
				<misses>44700001</misses>
				<total>0</total>
				<timestamp>294.054767</timestamp>
			</report>
			<report>
				<misses>44800001</misses>
				<total>0</total>
				<timestamp>294.712453</timestamp>
			</report>
			<report>
				<misses>44900001</misses>
				<total>0</total>
				<timestamp>295.370497</timestamp>
			</report>
			<report>
				<misses>45000001</misses>
				<total>0</total>
				<timestamp>296.028340</timestamp>
			</report>
			<report>
				<misses>45100001</misses>
				<total>0</total>
				<timestamp>296.687059</timestamp>
			</report>
			<report>
				<misses>45200001</misses>
				<total>0</total>
				<timestamp>297.344372</timestamp>
			</report>
			<report>
				<misses>45300001</misses>
				<total>0</total>
				<timestamp>298.001922</timestamp>
			</report>
			<report>
				<misses>45400001</misses>
				<total>0</total>
				<timestamp>298.659732</timestamp>
			</report>
			<report>
				<misses>45500001</misses>
				<total>0</total>
				<timestamp>299.317021</timestamp>
			</report>
			<report>
				<misses>45600001</misses>
				<total>0</total>
				<timestamp>299.975155</timestamp>
			</report>
			<report>
				<misses>45700001</misses>
				<total>0</total>
				<timestamp>300.632743</timestamp>
			</report>
			<report>
				<misses>45800001</misses>
				<total>0</total>
				<timestamp>301.290361</timestamp>
			</report>
			<report>
				<misses>45900001</misses>
				<total>0</total>
				<timestamp>301.948633</timestamp>
			</report>
			<report>
				<misses>46000001</misses>
				<total>0</total>
				<timestamp>302.605752</timestamp>
			</report>
			<report>
				<misses>46100001</misses>
				<total>0</total>
				<timestamp>303.263717</timestamp>
			</report>
			<report>
				<misses>46200001</misses>
				<total>0</total>
				<timestamp>303.921598</timestamp>
			</report>
			<report>
				<misses>46300001</misses>
				<total>0</total>
				<timestamp>304.579877</timestamp>
			</report>
			<report>
				<misses>46400001</misses>
				<total>0</total>
				<timestamp>305.236857</timestamp>
			</report>
			<report>
				<misses>46500001</misses>
				<total>0</total>
				<timestamp>305.894384</timestamp>
			</report>
			<report>
				<misses>46600001</misses>
				<total>0</total>
				<timestamp>306.551957</timestamp>
			</report>
			<report>
				<misses>46700001</misses>
				<total>0</total>
				<timestamp>307.210429</timestamp>
			</report>
			<report>
				<misses>46800001</misses>
				<total>0</total>
				<timestamp>307.868043</timestamp>
			</report>
			<report>
				<misses>46900001</misses>
				<total>0</total>
				<timestamp>308.524968</timestamp>
			</report>
			<report>
				<misses>47000001</misses>
				<total>0</total>
				<timestamp>309.182330</timestamp>
			</report>
			<report>
				<misses>47100001</misses>
				<total>0</total>
				<timestamp>309.840199</timestamp>
			</report>
			<report>
				<misses>47200001</misses>
				<total>0</total>
				<timestamp>310.498384</timestamp>
			</report>
			<report>
				<misses>47300001</misses>
				<total>0</total>
				<timestamp>311.156768</timestamp>
			</report>
			<report>
				<misses>47400001</misses>
				<total>0</total>
				<timestamp>311.815809</timestamp>
			</report>
			<report>
				<misses>47500001</misses>
				<total>0</total>
				<timestamp>312.475374</timestamp>
			</report>
			<report>
				<misses>47600001</misses>
				<total>0</total>
				<timestamp>313.134832</timestamp>
			</report>
			<report>
				<misses>47700001</misses>
				<total>0</total>
				<timestamp>313.794488</timestamp>
			</report>
			<report>
				<misses>47800001</misses>
				<total>0</total>
				<timestamp>314.453209</timestamp>
			</report>
			<report>
				<misses>47900001</misses>
				<total>0</total>
				<timestamp>315.112261</timestamp>
			</report>
			<report>
				<misses>48000001</misses>
				<total>0</total>
				<timestamp>315.770021</timestamp>
			</report>
			<report>
				<misses>48100001</misses>
				<total>0</total>
				<timestamp>316.429132</timestamp>
			</report>
			<report>
				<misses>48200001</misses>
				<total>0</total>
				<timestamp>317.086827</timestamp>
			</report>
			<report>
				<misses>48300001</misses>
				<total>0</total>
				<timestamp>317.745017</timestamp>
			</report>
			<report>
				<misses>48400001</misses>
				<total>0</total>
				<timestamp>318.403499</timestamp>
			</report>
			<report>
				<misses>48500001</misses>
				<total>0</total>
				<timestamp>319.060522</timestamp>
			</report>
			<report>
				<misses>48600001</misses>
				<total>0</total>
				<timestamp>319.718444</timestamp>
			</report>
			<report>
				<misses>48700001</misses>
				<total>0</total>
				<timestamp>320.375686</timestamp>
			</report>
			<report>
				<misses>48800001</misses>
				<total>0</total>
				<timestamp>321.033466</timestamp>
			</report>
			<report>
				<misses>48900001</misses>
				<total>0</total>
				<timestamp>321.692171</timestamp>
			</report>
			<report>
				<misses>49000001</misses>
				<total>0</total>
				<timestamp>322.350512</timestamp>
			</report>
			<report>
				<misses>49100001</misses>
				<total>0</total>
				<timestamp>323.008508</timestamp>
			</report>
			<report>
				<misses>49200001</misses>
				<total>0</total>
				<timestamp>323.666670</timestamp>
			</report>
			<report>
				<misses>49300001</misses>
				<total>0</total>
				<timestamp>324.323794</timestamp>
			</report>
			<report>
				<misses>49400001</misses>
				<total>0</total>
				<timestamp>324.981975</timestamp>
			</report>
			<report>
				<misses>49500001</misses>
				<total>0</total>
				<timestamp>325.640691</timestamp>
			</report>
			<report>
				<misses>49600001</misses>
				<total>0</total>
				<timestamp>326.298035</timestamp>
			</report>
			<report>
				<misses>49700001</misses>
				<total>0</total>
				<timestamp>326.955375</timestamp>
			</report>
			<report>
				<misses>49800001</misses>
				<total>0</total>
				<timestamp>327.613197</timestamp>
			</report>
			<report>
				<misses>49900001</misses>
				<total>0</total>
				<timestamp>328.271443</timestamp>
			</report>
			<report>
				<misses>50000001</misses>
				<total>0</total>
				<timestamp>328.928401</timestamp>
			</report>
			<report>
				<misses>50100001</misses>
				<total>0</total>
				<timestamp>329.587194</timestamp>
			</report>
			<report>
				<misses>50200001</misses>
				<total>0</total>
				<timestamp>330.244318</timestamp>
			</report>
			<report>
				<misses>50300001</misses>
				<total>0</total>
				<timestamp>330.902403</timestamp>
			</report>
			<report>
				<misses>50400001</misses>
				<total>0</total>
				<timestamp>331.560027</timestamp>
			</report>
			<report>
				<misses>50500001</misses>
				<total>0</total>
				<timestamp>332.218461</timestamp>
			</report>
			<report>
				<misses>50600001</misses>
				<total>0</total>
				<timestamp>332.876325</timestamp>
			</report>
			<report>
				<misses>50700001</misses>
				<total>0</total>
				<timestamp>333.534876</timestamp>
			</report>
			<report>
				<misses>50800001</misses>
				<total>0</total>
				<timestamp>334.192610</timestamp>
			</report>
			<report>
				<misses>50900001</misses>
				<total>0</total>
				<timestamp>334.851121</timestamp>
			</report>
			<report>
				<misses>51000001</misses>
				<total>0</total>
				<timestamp>335.509612</timestamp>
			</report>
			<report>
				<misses>51100001</misses>
				<total>0</total>
				<timestamp>336.167637</timestamp>
			</report>
			<report>
				<misses>51200001</misses>
				<total>0</total>
				<timestamp>336.825022</timestamp>
			</report>
			<report>
				<misses>51300001</misses>
				<total>0</total>
				<timestamp>337.482368</timestamp>
			</report>
			<report>
				<misses>51400001</misses>
				<total>0</total>
				<timestamp>338.139696</timestamp>
			</report>
			<report>
				<misses>51500001</misses>
				<total>0</total>
				<timestamp>338.797986</timestamp>
			</report>
			<report>
				<misses>51600001</misses>
				<total>0</total>
				<timestamp>339.455533</timestamp>
			</report>
			<report>
				<misses>51700001</misses>
				<total>0</total>
				<timestamp>340.113080</timestamp>
			</report>
			<report>
				<misses>51800001</misses>
				<total>0</total>
				<timestamp>340.771316</timestamp>
			</report>
			<report>
				<misses>51900001</misses>
				<total>0</total>
				<timestamp>341.429584</timestamp>
			</report>
			<report>
				<misses>52000001</misses>
				<total>0</total>
				<timestamp>342.086636</timestamp>
			</report>
			<report>
				<misses>52100001</misses>
				<total>0</total>
				<timestamp>342.743840</timestamp>
			</report>
			<report>
				<misses>52200001</misses>
				<total>0</total>
				<timestamp>343.402284</timestamp>
			</report>
			<report>
				<misses>52300001</misses>
				<total>0</total>
				<timestamp>344.058202</timestamp>
			</report>
			<report>
				<misses>52400001</misses>
				<total>0</total>
				<timestamp>344.716351</timestamp>
			</report>
			<report>
				<misses>52500001</misses>
				<total>0</total>
				<timestamp>345.372829</timestamp>
			</report>
			<report>
				<misses>52600001</misses>
				<total>0</total>
				<timestamp>346.031329</timestamp>
			</report>
			<report>
				<misses>52700001</misses>
				<total>0</total>
				<timestamp>346.689189</timestamp>
			</report>
			<report>
				<misses>52800001</misses>
				<total>0</total>
				<timestamp>347.347482</timestamp>
			</report>
			<report>
				<misses>52900001</misses>
				<total>0</total>
				<timestamp>348.004547</timestamp>
			</report>
			<report>
				<misses>53000001</misses>
				<total>0</total>
				<timestamp>348.663273</timestamp>
			</report>
			<report>
				<misses>53100001</misses>
				<total>0</total>
				<timestamp>349.320634</timestamp>
			</report>
			<report>
				<misses>53200001</misses>
				<total>0</total>
				<timestamp>349.978205</timestamp>
			</report>
			<report>
				<misses>53300001</misses>
				<total>0</total>
				<timestamp>350.635730</timestamp>
			</report>
			<report>
				<misses>53400001</misses>
				<total>0</total>
				<timestamp>351.294558</timestamp>
			</report>
			<report>
				<misses>53500001</misses>
				<total>0</total>
				<timestamp>351.951534</timestamp>
			</report>
			<report>
				<misses>53600001</misses>
				<total>0</total>
				<timestamp>352.609381</timestamp>
			</report>
			<report>
				<misses>53700001</misses>
				<total>0</total>
				<timestamp>353.267668</timestamp>
			</report>
			<report>
				<misses>53800001</misses>
				<total>0</total>
				<timestamp>353.925875</timestamp>
			</report>
			<report>
				<misses>53900001</misses>
				<total>0</total>
				<timestamp>354.582827</timestamp>
			</report>
			<report>
				<misses>54000001</misses>
				<total>0</total>
				<timestamp>355.241211</timestamp>
			</report>
			<report>
				<misses>54100001</misses>
				<total>0</total>
				<timestamp>355.899307</timestamp>
			</report>
			<report>
				<misses>54200001</misses>
				<total>0</total>
				<timestamp>356.554936</timestamp>
			</report>
			<report>
				<misses>54300001</misses>
				<total>0</total>
				<timestamp>357.213598</timestamp>
			</report>
			<report>
				<misses>54400001</misses>
				<total>0</total>
				<timestamp>357.870819</timestamp>
			</report>
			<report>
				<misses>54500001</misses>
				<total>0</total>
				<timestamp>358.529667</timestamp>
			</report>
			<report>
				<misses>54600001</misses>
				<total>0</total>
				<timestamp>359.189242</timestamp>
			</report>
			<report>
				<misses>54700001</misses>
				<total>0</total>
				<timestamp>359.847396</timestamp>
			</report>
			<report>
				<misses>54800001</misses>
				<total>0</total>
				<timestamp>360.506791</timestamp>
			</report>
			<report>
				<misses>54900001</misses>
				<total>0</total>
				<timestamp>361.165400</timestamp>
			</report>
			<report>
				<misses>55000001</misses>
				<total>0</total>
				<timestamp>361.823481</timestamp>
			</report>
			<report>
				<misses>55100001</misses>
				<total>0</total>
				<timestamp>362.480622</timestamp>
			</report>
			<report>
				<misses>55200001</misses>
				<total>0</total>
				<timestamp>363.137506</timestamp>
			</report>
			<report>
				<misses>55300001</misses>
				<total>0</total>
				<timestamp>363.794081</timestamp>
			</report>
			<report>
				<misses>55400001</misses>
				<total>0</total>
				<timestamp>364.452679</timestamp>
			</report>
			<report>
				<misses>55500001</misses>
				<total>0</total>
				<timestamp>365.108854</timestamp>
			</report>
			<report>
				<misses>55600001</misses>
				<total>0</total>
				<timestamp>365.767145</timestamp>
			</report>
			<report>
				<misses>55700001</misses>
				<total>0</total>
				<timestamp>366.424722</timestamp>
			</report>
			<report>
				<misses>55800001</misses>
				<total>0</total>
				<timestamp>367.083424</timestamp>
			</report>
			<report>
				<misses>55900001</misses>
				<total>0</total>
				<timestamp>367.740696</timestamp>
			</report>
			<report>
				<misses>56000001</misses>
				<total>0</total>
				<timestamp>368.397912</timestamp>
			</report>
			<report>
				<misses>56100001</misses>
				<total>0</total>
				<timestamp>369.056043</timestamp>
			</report>
			<report>
				<misses>56200001</misses>
				<total>0</total>
				<timestamp>369.714327</timestamp>
			</report>
			<report>
				<misses>56300001</misses>
				<total>0</total>
				<timestamp>370.371892</timestamp>
			</report>
			<report>
				<misses>56400001</misses>
				<total>0</total>
				<timestamp>371.028869</timestamp>
			</report>
			<report>
				<misses>56500001</misses>
				<total>0</total>
				<timestamp>371.686862</timestamp>
			</report>
			<report>
				<misses>56600001</misses>
				<total>0</total>
				<timestamp>372.344557</timestamp>
			</report>
			<report>
				<misses>56700001</misses>
				<total>0</total>
				<timestamp>372.999924</timestamp>
			</report>
			<report>
				<misses>56800001</misses>
				<total>0</total>
				<timestamp>373.658349</timestamp>
			</report>
			<report>
				<misses>56900001</misses>
				<total>0</total>
				<timestamp>374.317091</timestamp>
			</report>
			<report>
				<misses>57000001</misses>
				<total>0</total>
				<timestamp>374.975918</timestamp>
			</report>
			<report>
				<misses>57100001</misses>
				<total>0</total>
				<timestamp>375.633778</timestamp>
			</report>
			<report>
				<misses>57200001</misses>
				<total>0</total>
				<timestamp>376.291537</timestamp>
			</report>
			<report>
				<misses>57300001</misses>
				<total>0</total>
				<timestamp>376.949286</timestamp>
			</report>
			<report>
				<misses>57400001</misses>
				<total>0</total>
				<timestamp>377.606855</timestamp>
			</report>
			<report>
				<misses>57500001</misses>
				<total>0</total>
				<timestamp>378.264980</timestamp>
			</report>
			<report>
				<misses>57600001</misses>
				<total>0</total>
				<timestamp>378.923961</timestamp>
			</report>
			<report>
				<misses>57700001</misses>
				<total>0</total>
				<timestamp>379.581822</timestamp>
			</report>
			<report>
				<misses>57800001</misses>
				<total>0</total>
				<timestamp>380.239178</timestamp>
			</report>
			<report>
				<misses>57900001</misses>
				<total>0</total>
				<timestamp>380.894745</timestamp>
			</report>
			<report>
				<misses>58000001</misses>
				<total>0</total>
				<timestamp>381.552769</timestamp>
			</report>
			<report>
				<misses>58100001</misses>
				<total>0</total>
				<timestamp>382.210672</timestamp>
			</report>
			<report>
				<misses>58200001</misses>
				<total>0</total>
				<timestamp>382.868327</timestamp>
			</report>
			<report>
				<misses>58300001</misses>
				<total>0</total>
				<timestamp>383.527051</timestamp>
			</report>
			<report>
				<misses>58400001</misses>
				<total>0</total>
				<timestamp>384.185179</timestamp>
			</report>
			<report>
				<misses>58500001</misses>
				<total>0</total>
				<timestamp>384.843725</timestamp>
			</report>
			<report>
				<misses>58600001</misses>
				<total>0</total>
				<timestamp>385.500901</timestamp>
			</report>
			<report>
				<misses>58700001</misses>
				<total>0</total>
				<timestamp>386.157775</timestamp>
			</report>
			<report>
				<misses>58800001</misses>
				<total>0</total>
				<timestamp>386.815775</timestamp>
			</report>
			<report>
				<misses>58900001</misses>
				<total>0</total>
				<timestamp>387.473870</timestamp>
			</report>
			<report>
				<misses>59000001</misses>
				<total>0</total>
				<timestamp>388.131088</timestamp>
			</report>
			<report>
				<misses>59100001</misses>
				<total>0</total>
				<timestamp>388.788614</timestamp>
			</report>
			<report>
				<misses>59200001</misses>
				<total>0</total>
				<timestamp>389.446453</timestamp>
			</report>
			<report>
				<misses>59300001</misses>
				<total>0</total>
				<timestamp>390.104501</timestamp>
			</report>
			<report>
				<misses>59400001</misses>
				<total>0</total>
				<timestamp>390.762509</timestamp>
			</report>
			<report>
				<misses>59500001</misses>
				<total>0</total>
				<timestamp>391.421932</timestamp>
			</report>
			<report>
				<misses>59600001</misses>
				<total>0</total>
				<timestamp>392.080145</timestamp>
			</report>
			<report>
				<misses>59700001</misses>
				<total>0</total>
				<timestamp>392.738549</timestamp>
			</report>
			<report>
				<misses>59800001</misses>
				<total>0</total>
				<timestamp>393.396155</timestamp>
			</report>
			<report>
				<misses>59900001</misses>
				<total>0</total>
				<timestamp>394.053137</timestamp>
			</report>
			<report>
				<misses>60000001</misses>
				<total>0</total>
				<timestamp>394.709848</timestamp>
			</report>
			<report>
				<misses>60100001</misses>
				<total>0</total>
				<timestamp>395.366603</timestamp>
			</report>
			<report>
				<misses>60200001</misses>
				<total>0</total>
				<timestamp>396.023384</timestamp>
			</report>
			<report>
				<misses>60300001</misses>
				<total>0</total>
				<timestamp>396.680894</timestamp>
			</report>
			<report>
				<misses>60400001</misses>
				<total>0</total>
				<timestamp>397.338267</timestamp>
			</report>
			<report>
				<misses>60500001</misses>
				<total>0</total>
				<timestamp>397.994334</timestamp>
			</report>
			<report>
				<misses>60600001</misses>
				<total>0</total>
				<timestamp>398.652495</timestamp>
			</report>
			<report>
				<misses>60700001</misses>
				<total>0</total>
				<timestamp>399.309128</timestamp>
			</report>
			<report>
				<misses>60800001</misses>
				<total>0</total>
				<timestamp>399.965672</timestamp>
			</report>
			<report>
				<misses>60900001</misses>
				<total>0</total>
				<timestamp>400.623245</timestamp>
			</report>
			<report>
				<misses>61000001</misses>
				<total>0</total>
				<timestamp>401.280995</timestamp>
			</report>
			<report>
				<misses>61100001</misses>
				<total>0</total>
				<timestamp>401.939297</timestamp>
			</report>
			<report>
				<misses>61200001</misses>
				<total>0</total>
				<timestamp>402.597779</timestamp>
			</report>
			<report>
				<misses>61300001</misses>
				<total>0</total>
				<timestamp>403.256598</timestamp>
			</report>
			<report>
				<misses>61400001</misses>
				<total>0</total>
				<timestamp>403.916093</timestamp>
			</report>
			<report>
				<misses>61500001</misses>
				<total>0</total>
				<timestamp>404.574742</timestamp>
			</report>
			<report>
				<misses>61600001</misses>
				<total>0</total>
				<timestamp>405.234302</timestamp>
			</report>
			<report>
				<misses>61700001</misses>
				<total>0</total>
				<timestamp>405.893538</timestamp>
			</report>
			<report>
				<misses>61800001</misses>
				<total>0</total>
				<timestamp>406.553028</timestamp>
			</report>
			<report>
				<misses>61900001</misses>
				<total>0</total>
				<timestamp>407.210502</timestamp>
			</report>
			<report>
				<misses>62000001</misses>
				<total>0</total>
				<timestamp>407.868698</timestamp>
			</report>
			<report>
				<misses>62100001</misses>
				<total>0</total>
				<timestamp>408.525274</timestamp>
			</report>
			<report>
				<misses>62200001</misses>
				<total>0</total>
				<timestamp>409.183258</timestamp>
			</report>
			<report>
				<misses>62300001</misses>
				<total>0</total>
				<timestamp>409.841491</timestamp>
			</report>
			<report>
				<misses>62400001</misses>
				<total>0</total>
				<timestamp>410.498299</timestamp>
			</report>
			<report>
				<misses>62500001</misses>
				<total>0</total>
				<timestamp>411.157040</timestamp>
			</report>
			<report>
				<misses>62600001</misses>
				<total>0</total>
				<timestamp>411.814832</timestamp>
			</report>
			<report>
				<misses>62700001</misses>
				<total>0</total>
				<timestamp>412.473158</timestamp>
			</report>
			<report>
				<misses>62800001</misses>
				<total>0</total>
				<timestamp>413.131536</timestamp>
			</report>
			<report>
				<misses>62900001</misses>
				<total>0</total>
				<timestamp>413.788965</timestamp>
			</report>
			<report>
				<misses>63000001</misses>
				<total>0</total>
				<timestamp>414.446297</timestamp>
			</report>
			<report>
				<misses>63100001</misses>
				<total>0</total>
				<timestamp>415.104231</timestamp>
			</report>
			<report>
				<misses>63200001</misses>
				<total>0</total>
				<timestamp>415.761846</timestamp>
			</report>
			<report>
				<misses>63300001</misses>
				<total>0</total>
				<timestamp>416.419213</timestamp>
			</report>
			<report>
				<misses>63400001</misses>
				<total>0</total>
				<timestamp>417.077203</timestamp>
			</report>
			<report>
				<misses>63500001</misses>
				<total>0</total>
				<timestamp>417.734820</timestamp>
			</report>
			<report>
				<misses>63600001</misses>
				<total>0</total>
				<timestamp>418.393124</timestamp>
			</report>
			<report>
				<misses>63700001</misses>
				<total>0</total>
				<timestamp>419.051339</timestamp>
			</report>
			<report>
				<misses>63800001</misses>
				<total>0</total>
				<timestamp>419.708102</timestamp>
			</report>
			<report>
				<misses>63900001</misses>
				<total>0</total>
				<timestamp>420.366637</timestamp>
			</report>
			<report>
				<misses>64000001</misses>
				<total>0</total>
				<timestamp>421.024287</timestamp>
			</report>
			<report>
				<misses>64100001</misses>
				<total>0</total>
				<timestamp>421.681023</timestamp>
			</report>
			<report>
				<misses>64200001</misses>
				<total>0</total>
				<timestamp>422.338663</timestamp>
			</report>
			<report>
				<misses>64300001</misses>
				<total>0</total>
				<timestamp>422.997735</timestamp>
			</report>
			<report>
				<misses>64400001</misses>
				<total>0</total>
				<timestamp>423.655099</timestamp>
			</report>
			<report>
				<misses>64500001</misses>
				<total>0</total>
				<timestamp>424.312464</timestamp>
			</report>
			<report>
				<misses>64600001</misses>
				<total>0</total>
				<timestamp>424.970887</timestamp>
			</report>
			<report>
				<misses>64700001</misses>
				<total>0</total>
				<timestamp>425.628746</timestamp>
			</report>
			<report>
				<misses>64800001</misses>
				<total>0</total>
				<timestamp>426.285863</timestamp>
			</report>
			<report>
				<misses>64900001</misses>
				<total>0</total>
				<timestamp>426.942058</timestamp>
			</report>
			<report>
				<misses>65000001</misses>
				<total>0</total>
				<timestamp>427.599037</timestamp>
			</report>
			<report>
				<misses>65100001</misses>
				<total>0</total>
				<timestamp>428.256011</timestamp>
			</report>
			<report>
				<misses>65200001</misses>
				<total>0</total>
				<timestamp>428.912484</timestamp>
			</report>
			<report>
				<misses>65300001</misses>
				<total>0</total>
				<timestamp>429.570811</timestamp>
			</report>
			<report>
				<misses>65400001</misses>
				<total>0</total>
				<timestamp>430.228374</timestamp>
			</report>
			<report>
				<misses>65500001</misses>
				<total>0</total>
				<timestamp>430.885780</timestamp>
			</report>
			<report>
				<misses>65600001</misses>
				<total>0</total>
				<timestamp>431.542483</timestamp>
			</report>
			<report>
				<misses>65700001</misses>
				<total>0</total>
				<timestamp>432.201060</timestamp>
			</report>
			<report>
				<misses>65800001</misses>
				<total>0</total>
				<timestamp>432.859761</timestamp>
			</report>
			<report>
				<misses>65900001</misses>
				<total>0</total>
				<timestamp>433.517858</timestamp>
			</report>
			<report>
				<misses>66000001</misses>
				<total>0</total>
				<timestamp>434.177228</timestamp>
			</report>
			<report>
				<misses>66100001</misses>
				<total>0</total>
				<timestamp>434.834725</timestamp>
			</report>
			<report>
				<misses>66200001</misses>
				<total>0</total>
				<timestamp>435.491964</timestamp>
			</report>
			<report>
				<misses>66300001</misses>
				<total>0</total>
				<timestamp>436.149759</timestamp>
			</report>
			<report>
				<misses>66400001</misses>
				<total>0</total>
				<timestamp>436.806606</timestamp>
			</report>
			<report>
				<misses>66500001</misses>
				<total>0</total>
				<timestamp>437.464729</timestamp>
			</report>
			<report>
				<misses>66600001</misses>
				<total>0</total>
				<timestamp>438.122448</timestamp>
			</report>
			<report>
				<misses>66700001</misses>
				<total>0</total>
				<timestamp>438.780091</timestamp>
			</report>
			<report>
				<misses>66800001</misses>
				<total>0</total>
				<timestamp>439.436682</timestamp>
			</report>
			<report>
				<misses>66900001</misses>
				<total>0</total>
				<timestamp>440.093678</timestamp>
			</report>
			<report>
				<misses>67000001</misses>
				<total>0</total>
				<timestamp>440.751847</timestamp>
			</report>
			<report>
				<misses>67100001</misses>
				<total>0</total>
				<timestamp>441.408622</timestamp>
			</report>
			<report>
				<misses>67200001</misses>
				<total>0</total>
				<timestamp>442.065306</timestamp>
			</report>
			<report>
				<misses>67300001</misses>
				<total>0</total>
				<timestamp>442.722265</timestamp>
			</report>
			<report>
				<misses>67400001</misses>
				<total>0</total>
				<timestamp>443.379686</timestamp>
			</report>
			<report>
				<misses>67500001</misses>
				<total>0</total>
				<timestamp>444.036469</timestamp>
			</report>
			<report>
				<misses>67600001</misses>
				<total>0</total>
				<timestamp>444.693672</timestamp>
			</report>
			<report>
				<misses>67700001</misses>
				<total>0</total>
				<timestamp>445.350892</timestamp>
			</report>
			<report>
				<misses>67800001</misses>
				<total>0</total>
				<timestamp>446.008386</timestamp>
			</report>
			<report>
				<misses>67900001</misses>
				<total>0</total>
				<timestamp>446.665833</timestamp>
			</report>
			<report>
				<misses>68000001</misses>
				<total>0</total>
				<timestamp>447.324503</timestamp>
			</report>
			<report>
				<misses>68100001</misses>
				<total>0</total>
				<timestamp>447.983959</timestamp>
			</report>
			<report>
				<misses>68200001</misses>
				<total>0</total>
				<timestamp>448.643978</timestamp>
			</report>
			<report>
				<misses>68300001</misses>
				<total>0</total>
				<timestamp>449.303173</timestamp>
			</report>
			<report>
				<misses>68400001</misses>
				<total>0</total>
				<timestamp>449.962314</timestamp>
			</report>
			<report>
				<misses>68500001</misses>
				<total>0</total>
				<timestamp>450.622026</timestamp>
			</report>
			<report>
				<misses>68600001</misses>
				<total>0</total>
				<timestamp>451.280811</timestamp>
			</report>
			<report>
				<misses>68700001</misses>
				<total>0</total>
				<timestamp>451.938424</timestamp>
			</report>
			<report>
				<misses>68800001</misses>
				<total>0</total>
				<timestamp>452.595868</timestamp>
			</report>
			<report>
				<misses>68900001</misses>
				<total>0</total>
				<timestamp>453.253858</timestamp>
			</report>
			<report>
				<misses>69000001</misses>
				<total>0</total>
				<timestamp>453.912638</timestamp>
			</report>
			<report>
				<misses>69100001</misses>
				<total>0</total>
				<timestamp>454.569826</timestamp>
			</report>
			<report>
				<misses>69200001</misses>
				<total>0</total>
				<timestamp>455.227846</timestamp>
			</report>
			<report>
				<misses>69300001</misses>
				<total>0</total>
				<timestamp>455.886115</timestamp>
			</report>
			<report>
				<misses>69400001</misses>
				<total>0</total>
				<timestamp>456.543698</timestamp>
			</report>
			<report>
				<misses>69500001</misses>
				<total>0</total>
				<timestamp>457.201235</timestamp>
			</report>
			<report>
				<misses>69600001</misses>
				<total>0</total>
				<timestamp>457.858831</timestamp>
			</report>
			<report>
				<misses>69700001</misses>
				<total>0</total>
				<timestamp>458.516557</timestamp>
			</report>
			<report>
				<misses>69800001</misses>
				<total>0</total>
				<timestamp>459.174317</timestamp>
			</report>
			<report>
				<misses>69900001</misses>
				<total>0</total>
				<timestamp>459.832583</timestamp>
			</report>
			<report>
				<misses>70000001</misses>
				<total>0</total>
				<timestamp>460.489735</timestamp>
			</report>
			<report>
				<misses>70100001</misses>
				<total>0</total>
				<timestamp>461.147006</timestamp>
			</report>
			<report>
				<misses>70200001</misses>
				<total>0</total>
				<timestamp>461.804640</timestamp>
			</report>
			<report>
				<misses>70300001</misses>
				<total>0</total>
				<timestamp>462.461397</timestamp>
			</report>
			<report>
				<misses>70400001</misses>
				<total>0</total>
				<timestamp>463.118781</timestamp>
			</report>
			<report>
				<misses>70500001</misses>
				<total>0</total>
				<timestamp>463.776010</timestamp>
			</report>
			<report>
				<misses>70600001</misses>
				<total>0</total>
				<timestamp>464.433412</timestamp>
			</report>
			<report>
				<misses>70700001</misses>
				<total>0</total>
				<timestamp>465.090460</timestamp>
			</report>
			<report>
				<misses>70800001</misses>
				<total>0</total>
				<timestamp>465.747869</timestamp>
			</report>
			<report>
				<misses>70900001</misses>
				<total>0</total>
				<timestamp>466.404648</timestamp>
			</report>
			<report>
				<misses>71000001</misses>
				<total>0</total>
				<timestamp>467.062557</timestamp>
			</report>
			<report>
				<misses>71100001</misses>
				<total>0</total>
				<timestamp>467.720707</timestamp>
			</report>
			<report>
				<misses>71200001</misses>
				<total>0</total>
				<timestamp>468.377943</timestamp>
			</report>
			<report>
				<misses>71300001</misses>
				<total>0</total>
				<timestamp>469.035795</timestamp>
			</report>
			<report>
				<misses>71400001</misses>
				<total>0</total>
				<timestamp>469.692898</timestamp>
			</report>
			<report>
				<misses>71500001</misses>
				<total>0</total>
				<timestamp>470.350984</timestamp>
			</report>
			<report>
				<misses>71600001</misses>
				<total>0</total>
				<timestamp>471.007422</timestamp>
			</report>
			<report>
				<misses>71700001</misses>
				<total>0</total>
				<timestamp>471.664196</timestamp>
			</report>
			<report>
				<misses>71800001</misses>
				<total>0</total>
				<timestamp>472.322058</timestamp>
			</report>
			<report>
				<misses>71900001</misses>
				<total>0</total>
				<timestamp>472.979637</timestamp>
			</report>
			<report>
				<misses>72000001</misses>
				<total>0</total>
				<timestamp>473.637061</timestamp>
			</report>
			<report>
				<misses>72100001</misses>
				<total>0</total>
				<timestamp>474.293822</timestamp>
			</report>
			<report>
				<misses>72200001</misses>
				<total>0</total>
				<timestamp>474.948990</timestamp>
			</report>
			<report>
				<misses>72300001</misses>
				<total>0</total>
				<timestamp>475.607319</timestamp>
			</report>
			<report>
				<misses>72400001</misses>
				<total>0</total>
				<timestamp>476.266069</timestamp>
			</report>
			<report>
				<misses>72500001</misses>
				<total>0</total>
				<timestamp>476.921235</timestamp>
			</report>
			<report>
				<misses>72600001</misses>
				<total>0</total>
				<timestamp>477.579581</timestamp>
			</report>
			<report>
				<misses>72700001</misses>
				<total>0</total>
				<timestamp>478.236254</timestamp>
			</report>
			<report>
				<misses>72800001</misses>
				<total>0</total>
				<timestamp>478.893521</timestamp>
			</report>
			<report>
				<misses>72900001</misses>
				<total>0</total>
				<timestamp>479.551189</timestamp>
			</report>
			<report>
				<misses>73000001</misses>
				<total>0</total>
				<timestamp>480.209644</timestamp>
			</report>
			<report>
				<misses>73100001</misses>
				<total>0</total>
				<timestamp>480.867214</timestamp>
			</report>
			<report>
				<misses>73200001</misses>
				<total>0</total>
				<timestamp>481.524405</timestamp>
			</report>
			<report>
				<misses>73300001</misses>
				<total>0</total>
				<timestamp>482.181572</timestamp>
			</report>
			<report>
				<misses>73400001</misses>
				<total>0</total>
				<timestamp>482.838439</timestamp>
			</report>
			<report>
				<misses>73500001</misses>
				<total>0</total>
				<timestamp>483.495174</timestamp>
			</report>
			<report>
				<misses>73600001</misses>
				<total>0</total>
				<timestamp>484.151755</timestamp>
			</report>
			<report>
				<misses>73700001</misses>
				<total>0</total>
				<timestamp>484.809695</timestamp>
			</report>
			<report>
				<misses>73800001</misses>
				<total>0</total>
				<timestamp>485.466476</timestamp>
			</report>
			<report>
				<misses>73900001</misses>
				<total>0</total>
				<timestamp>486.124678</timestamp>
			</report>
			<report>
				<misses>74000001</misses>
				<total>0</total>
				<timestamp>486.782197</timestamp>
			</report>
			<report>
				<misses>74100001</misses>
				<total>0</total>
				<timestamp>487.439157</timestamp>
			</report>
			<report>
				<misses>74200001</misses>
				<total>0</total>
				<timestamp>488.097732</timestamp>
			</report>
			<report>
				<misses>74300001</misses>
				<total>0</total>
				<timestamp>488.755981</timestamp>
			</report>
			<report>
				<misses>74400001</misses>
				<total>0</total>
				<timestamp>489.413223</timestamp>
			</report>
			<report>
				<misses>74500001</misses>
				<total>0</total>
				<timestamp>490.072218</timestamp>
			</report>
			<report>
				<misses>74600001</misses>
				<total>0</total>
				<timestamp>490.729913</timestamp>
			</report>
			<report>
				<misses>74700001</misses>
				<total>0</total>
				<timestamp>491.388238</timestamp>
			</report>
			<report>
				<misses>74800001</misses>
				<total>0</total>
				<timestamp>492.046497</timestamp>
			</report>
			<report>
				<misses>74900001</misses>
				<total>0</total>
				<timestamp>492.706049</timestamp>
			</report>
			<report>
				<misses>75000001</misses>
				<total>0</total>
				<timestamp>493.364923</timestamp>
			</report>
			<report>
				<misses>75100001</misses>
				<total>0</total>
				<timestamp>494.024402</timestamp>
			</report>
			<report>
				<misses>75200001</misses>
				<total>0</total>
				<timestamp>494.682010</timestamp>
			</report>
			<report>
				<misses>75300001</misses>
				<total>0</total>
				<timestamp>495.341630</timestamp>
			</report>
			<report>
				<misses>75400001</misses>
				<total>0</total>
				<timestamp>496.001772</timestamp>
			</report>
			<report>
				<misses>75500001</misses>
				<total>0</total>
				<timestamp>496.661358</timestamp>
			</report>
			<report>
				<misses>75600001</misses>
				<total>0</total>
				<timestamp>497.318676</timestamp>
			</report>
			<report>
				<misses>75700001</misses>
				<total>0</total>
				<timestamp>497.976713</timestamp>
			</report>
			<report>
				<misses>75800001</misses>
				<total>0</total>
				<timestamp>498.634856</timestamp>
			</report>
			<report>
				<misses>75900001</misses>
				<total>0</total>
				<timestamp>499.293521</timestamp>
			</report>
			<report>
				<misses>76000001</misses>
				<total>0</total>
				<timestamp>499.950123</timestamp>
			</report>
			<report>
				<misses>76100001</misses>
				<total>0</total>
				<timestamp>500.607034</timestamp>
			</report>
			<report>
				<misses>76200001</misses>
				<total>0</total>
				<timestamp>501.264885</timestamp>
			</report>
			<report>
				<misses>76300001</misses>
				<total>0</total>
				<timestamp>501.922972</timestamp>
			</report>
			<report>
				<misses>76400001</misses>
				<total>0</total>
				<timestamp>502.581269</timestamp>
			</report>
			<report>
				<misses>76500001</misses>
				<total>0</total>
				<timestamp>503.238433</timestamp>
			</report>
			<report>
				<misses>76600001</misses>
				<total>0</total>
				<timestamp>503.896376</timestamp>
			</report>
			<report>
				<misses>76700001</misses>
				<total>0</total>
				<timestamp>504.552560</timestamp>
			</report>
			<report>
				<misses>76800001</misses>
				<total>0</total>
				<timestamp>505.210179</timestamp>
			</report>
			<report>
				<misses>76900001</misses>
				<total>0</total>
				<timestamp>505.868565</timestamp>
			</report>
			<report>
				<misses>77000001</misses>
				<total>0</total>
				<timestamp>506.526959</timestamp>
			</report>
			<report>
				<misses>77100001</misses>
				<total>0</total>
				<timestamp>507.184017</timestamp>
			</report>
			<report>
				<misses>77200001</misses>
				<total>0</total>
				<timestamp>507.841995</timestamp>
			</report>
			<report>
				<misses>77300001</misses>
				<total>0</total>
				<timestamp>508.499107</timestamp>
			</report>
			<report>
				<misses>77400001</misses>
				<total>0</total>
				<timestamp>509.157467</timestamp>
			</report>
			<report>
				<misses>77500001</misses>
				<total>0</total>
				<timestamp>509.813242</timestamp>
			</report>
			<report>
				<misses>77600001</misses>
				<total>0</total>
				<timestamp>510.469317</timestamp>
			</report>
			<report>
				<misses>77700001</misses>
				<total>0</total>
				<timestamp>511.125635</timestamp>
			</report>
			<report>
				<misses>77800001</misses>
				<total>0</total>
				<timestamp>511.783056</timestamp>
			</report>
			<report>
				<misses>77900001</misses>
				<total>0</total>
				<timestamp>512.440173</timestamp>
			</report>
			<report>
				<misses>78000001</misses>
				<total>0</total>
				<timestamp>513.096739</timestamp>
			</report>
			<report>
				<misses>78100001</misses>
				<total>0</total>
				<timestamp>513.752393</timestamp>
			</report>
			<report>
				<misses>78200001</misses>
				<total>0</total>
				<timestamp>514.410291</timestamp>
			</report>
			<report>
				<misses>78300001</misses>
				<total>0</total>
				<timestamp>515.066804</timestamp>
			</report>
			<report>
				<misses>78400001</misses>
				<total>0</total>
				<timestamp>515.724281</timestamp>
			</report>
			<report>
				<misses>78500001</misses>
				<total>0</total>
				<timestamp>516.381560</timestamp>
			</report>
			<report>
				<misses>78600001</misses>
				<total>0</total>
				<timestamp>517.038735</timestamp>
			</report>
			<report>
				<misses>78700001</misses>
				<total>0</total>
				<timestamp>517.695863</timestamp>
			</report>
			<report>
				<misses>78800001</misses>
				<total>0</total>
				<timestamp>518.353074</timestamp>
			</report>
			<report>
				<misses>78900001</misses>
				<total>0</total>
				<timestamp>519.010031</timestamp>
			</report>
			<report>
				<misses>79000001</misses>
				<total>0</total>
				<timestamp>519.667671</timestamp>
			</report>
			<report>
				<misses>79100001</misses>
				<total>0</total>
				<timestamp>520.324771</timestamp>
			</report>
			<report>
				<misses>79200001</misses>
				<total>0</total>
				<timestamp>520.982605</timestamp>
			</report>
			<report>
				<misses>79300001</misses>
				<total>0</total>
				<timestamp>521.640447</timestamp>
			</report>
			<report>
				<misses>79400001</misses>
				<total>0</total>
				<timestamp>522.302572</timestamp>
			</report>
			<report>
				<misses>79500001</misses>
				<total>0</total>
				<timestamp>522.960668</timestamp>
			</report>
			<report>
				<misses>79600001</misses>
				<total>0</total>
				<timestamp>523.617777</timestamp>
			</report>
			<report>
				<misses>79700001</misses>
				<total>0</total>
				<timestamp>524.275474</timestamp>
			</report>
			<report>
				<misses>79800001</misses>
				<total>0</total>
				<timestamp>524.932683</timestamp>
			</report>
			<report>
				<misses>79900001</misses>
				<total>0</total>
				<timestamp>525.590513</timestamp>
			</report>
			<report>
				<misses>80000001</misses>
				<total>0</total>
				<timestamp>526.247602</timestamp>
			</report>
			<report>
				<misses>80100001</misses>
				<total>0</total>
				<timestamp>526.904917</timestamp>
			</report>
			<report>
				<misses>80200001</misses>
				<total>0</total>
				<timestamp>527.563043</timestamp>
			</report>
			<report>
				<misses>80300001</misses>
				<total>0</total>
				<timestamp>528.219941</timestamp>
			</report>
			<report>
				<misses>80400001</misses>
				<total>0</total>
				<timestamp>528.877171</timestamp>
			</report>
			<report>
				<misses>80500001</misses>
				<total>0</total>
				<timestamp>529.534797</timestamp>
			</report>
			<report>
				<misses>80600001</misses>
				<total>0</total>
				<timestamp>530.192832</timestamp>
			</report>
			<report>
				<misses>80700001</misses>
				<total>0</total>
				<timestamp>530.850373</timestamp>
			</report>
			<report>
				<misses>80800001</misses>
				<total>0</total>
				<timestamp>531.507372</timestamp>
			</report>
			<report>
				<misses>80900001</misses>
				<total>0</total>
				<timestamp>532.164120</timestamp>
			</report>
			<report>
				<misses>81000001</misses>
				<total>0</total>
				<timestamp>532.821430</timestamp>
			</report>
			<report>
				<misses>81100001</misses>
				<total>0</total>
				<timestamp>533.478263</timestamp>
			</report>
			<report>
				<misses>81200001</misses>
				<total>0</total>
				<timestamp>534.136576</timestamp>
			</report>
			<report>
				<misses>81300001</misses>
				<total>0</total>
				<timestamp>534.793826</timestamp>
			</report>
			<report>
				<misses>81400001</misses>
				<total>0</total>
				<timestamp>535.452603</timestamp>
			</report>
			<report>
				<misses>81500001</misses>
				<total>0</total>
				<timestamp>536.110280</timestamp>
			</report>
			<report>
				<misses>81600001</misses>
				<total>0</total>
				<timestamp>536.769828</timestamp>
			</report>
			<report>
				<misses>81700001</misses>
				<total>0</total>
				<timestamp>537.429847</timestamp>
			</report>
			<report>
				<misses>81800001</misses>
				<total>0</total>
				<timestamp>538.088739</timestamp>
			</report>
			<report>
				<misses>81900001</misses>
				<total>0</total>
				<timestamp>538.747729</timestamp>
			</report>
			<report>
				<misses>82000001</misses>
				<total>0</total>
				<timestamp>539.406310</timestamp>
			</report>
			<report>
				<misses>82100001</misses>
				<total>0</total>
				<timestamp>540.064775</timestamp>
			</report>
			<report>
				<misses>82200001</misses>
				<total>0</total>
				<timestamp>540.724517</timestamp>
			</report>
			<report>
				<misses>82300001</misses>
				<total>0</total>
				<timestamp>541.384085</timestamp>
			</report>
			<report>
				<misses>82400001</misses>
				<total>0</total>
				<timestamp>542.041594</timestamp>
			</report>
			<report>
				<misses>82500001</misses>
				<total>0</total>
				<timestamp>542.699409</timestamp>
			</report>
			<report>
				<misses>82600001</misses>
				<total>0</total>
				<timestamp>543.356220</timestamp>
			</report>
			<report>
				<misses>82700001</misses>
				<total>0</total>
				<timestamp>544.012974</timestamp>
			</report>
			<report>
				<misses>82800001</misses>
				<total>0</total>
				<timestamp>544.671451</timestamp>
			</report>
			<report>
				<misses>82900001</misses>
				<total>0</total>
				<timestamp>545.329603</timestamp>
			</report>
			<report>
				<misses>83000001</misses>
				<total>0</total>
				<timestamp>545.986332</timestamp>
			</report>
			<report>
				<misses>83100001</misses>
				<total>0</total>
				<timestamp>546.644447</timestamp>
			</report>
			<report>
				<misses>83200001</misses>
				<total>0</total>
				<timestamp>547.301911</timestamp>
			</report>
			<report>
				<misses>83300001</misses>
				<total>0</total>
				<timestamp>547.959457</timestamp>
			</report>
			<report>
				<misses>83400001</misses>
				<total>0</total>
				<timestamp>548.616821</timestamp>
			</report>
			<report>
				<misses>83500001</misses>
				<total>0</total>
				<timestamp>549.274748</timestamp>
			</report>
			<report>
				<misses>83600001</misses>
				<total>0</total>
				<timestamp>549.930743</timestamp>
			</report>
			<report>
				<misses>83700001</misses>
				<total>0</total>
				<timestamp>550.586768</timestamp>
			</report>
			<report>
				<misses>83800001</misses>
				<total>0</total>
				<timestamp>551.244272</timestamp>
			</report>
			<report>
				<misses>83900001</misses>
				<total>0</total>
				<timestamp>551.902500</timestamp>
			</report>
			<report>
				<misses>84000001</misses>
				<total>0</total>
				<timestamp>552.560870</timestamp>
			</report>
			<report>
				<misses>84100001</misses>
				<total>0</total>
				<timestamp>553.219579</timestamp>
			</report>
			<report>
				<misses>84200001</misses>
				<total>0</total>
				<timestamp>553.878095</timestamp>
			</report>
			<report>
				<misses>84300001</misses>
				<total>0</total>
				<timestamp>554.536498</timestamp>
			</report>
			<report>
				<misses>84400001</misses>
				<total>0</total>
				<timestamp>555.193753</timestamp>
			</report>
			<report>
				<misses>84500001</misses>
				<total>0</total>
				<timestamp>555.851421</timestamp>
			</report>
			<report>
				<misses>84600001</misses>
				<total>0</total>
				<timestamp>556.509451</timestamp>
			</report>
			<report>
				<misses>84700001</misses>
				<total>0</total>
				<timestamp>557.166116</timestamp>
			</report>
			<report>
				<misses>84800001</misses>
				<total>0</total>
				<timestamp>557.823720</timestamp>
			</report>
			<report>
				<misses>84900001</misses>
				<total>0</total>
				<timestamp>558.482738</timestamp>
			</report>
			<report>
				<misses>85000001</misses>
				<total>0</total>
				<timestamp>559.141544</timestamp>
			</report>
			<report>
				<misses>85100001</misses>
				<total>0</total>
				<timestamp>559.799837</timestamp>
			</report>
			<report>
				<misses>85200001</misses>
				<total>0</total>
				<timestamp>560.458165</timestamp>
			</report>
			<report>
				<misses>85300001</misses>
				<total>0</total>
				<timestamp>561.115719</timestamp>
			</report>
			<report>
				<misses>85400001</misses>
				<total>0</total>
				<timestamp>561.773160</timestamp>
			</report>
			<report>
				<misses>85500001</misses>
				<total>0</total>
				<timestamp>562.430283</timestamp>
			</report>
			<report>
				<misses>85600001</misses>
				<total>0</total>
				<timestamp>563.088103</timestamp>
			</report>
			<report>
				<misses>85700001</misses>
				<total>0</total>
				<timestamp>563.746839</timestamp>
			</report>
			<report>
				<misses>85800001</misses>
				<total>0</total>
				<timestamp>564.404376</timestamp>
			</report>
			<report>
				<misses>85900001</misses>
				<total>0</total>
				<timestamp>565.061697</timestamp>
			</report>
			<report>
				<misses>86000001</misses>
				<total>0</total>
				<timestamp>565.718989</timestamp>
			</report>
			<report>
				<misses>86100001</misses>
				<total>0</total>
				<timestamp>566.377086</timestamp>
			</report>
			<report>
				<misses>86200001</misses>
				<total>0</total>
				<timestamp>567.034543</timestamp>
			</report>
			<report>
				<misses>86300001</misses>
				<total>0</total>
				<timestamp>567.692442</timestamp>
			</report>
			<report>
				<misses>86400001</misses>
				<total>0</total>
				<timestamp>568.350621</timestamp>
			</report>
			<report>
				<misses>86500001</misses>
				<total>0</total>
				<timestamp>569.009344</timestamp>
			</report>
			<report>
				<misses>86600001</misses>
				<total>0</total>
				<timestamp>569.667419</timestamp>
			</report>
			<report>
				<misses>86700001</misses>
				<total>0</total>
				<timestamp>570.324470</timestamp>
			</report>
			<report>
				<misses>86800001</misses>
				<total>0</total>
				<timestamp>570.983983</timestamp>
			</report>
			<report>
				<misses>86900001</misses>
				<total>0</total>
				<timestamp>571.642610</timestamp>
			</report>
			<report>
				<misses>87000001</misses>
				<total>0</total>
				<timestamp>572.300778</timestamp>
			</report>
			<report>
				<misses>87100001</misses>
				<total>0</total>
				<timestamp>572.959087</timestamp>
			</report>
			<report>
				<misses>87200001</misses>
				<total>0</total>
				<timestamp>573.617524</timestamp>
			</report>
			<report>
				<misses>87300001</misses>
				<total>0</total>
				<timestamp>574.274782</timestamp>
			</report>
			<report>
				<misses>87400001</misses>
				<total>0</total>
				<timestamp>574.932727</timestamp>
			</report>
			<report>
				<misses>87500001</misses>
				<total>0</total>
				<timestamp>575.590743</timestamp>
			</report>
			<report>
				<misses>87600001</misses>
				<total>0</total>
				<timestamp>576.248575</timestamp>
			</report>
			<report>
				<misses>87700001</misses>
				<total>0</total>
				<timestamp>576.905856</timestamp>
			</report>
			<report>
				<misses>87800001</misses>
				<total>0</total>
				<timestamp>577.564215</timestamp>
			</report>
			<report>
				<misses>87900001</misses>
				<total>0</total>
				<timestamp>578.222396</timestamp>
			</report>
			<report>
				<misses>88000001</misses>
				<total>0</total>
				<timestamp>578.880742</timestamp>
			</report>
			<report>
				<misses>88100001</misses>
				<total>0</total>
				<timestamp>579.537893</timestamp>
			</report>
			<report>
				<misses>88200001</misses>
				<total>0</total>
				<timestamp>580.194328</timestamp>
			</report>
			<report>
				<misses>88300001</misses>
				<total>0</total>
				<timestamp>580.851560</timestamp>
			</report>
			<report>
				<misses>88400001</misses>
				<total>0</total>
				<timestamp>581.509751</timestamp>
			</report>
			<report>
				<misses>88500001</misses>
				<total>0</total>
				<timestamp>582.169044</timestamp>
			</report>
			<report>
				<misses>88600001</misses>
				<total>0</total>
				<timestamp>582.827384</timestamp>
			</report>
			<report>
				<misses>88700001</misses>
				<total>0</total>
				<timestamp>583.486266</timestamp>
			</report>
			<report>
				<misses>88800001</misses>
				<total>0</total>
				<timestamp>584.144841</timestamp>
			</report>
			<report>
				<misses>88900001</misses>
				<total>0</total>
				<timestamp>584.803847</timestamp>
			</report>
			<report>
				<misses>89000001</misses>
				<total>0</total>
				<timestamp>585.462763</timestamp>
			</report>
			<report>
				<misses>89100001</misses>
				<total>0</total>
				<timestamp>586.121007</timestamp>
			</report>
			<report>
				<misses>89200001</misses>
				<total>0</total>
				<timestamp>586.779908</timestamp>
			</report>
			<report>
				<misses>89300001</misses>
				<total>0</total>
				<timestamp>587.437189</timestamp>
			</report>
			<report>
				<misses>89400001</misses>
				<total>0</total>
				<timestamp>588.095019</timestamp>
			</report>
			<report>
				<misses>89500001</misses>
				<total>0</total>
				<timestamp>588.752526</timestamp>
			</report>
			<report>
				<misses>89600001</misses>
				<total>0</total>
				<timestamp>589.410982</timestamp>
			</report>
			<report>
				<misses>89700001</misses>
				<total>0</total>
				<timestamp>590.069068</timestamp>
			</report>
			<report>
				<misses>89800001</misses>
				<total>0</total>
				<timestamp>590.728070</timestamp>
			</report>
			<report>
				<misses>89900001</misses>
				<total>0</total>
				<timestamp>591.386688</timestamp>
			</report>
			<report>
				<misses>90000001</misses>
				<total>0</total>
				<timestamp>592.043936</timestamp>
			</report>
			<report>
				<misses>90100001</misses>
				<total>0</total>
				<timestamp>592.701438</timestamp>
			</report>
			<report>
				<misses>90200001</misses>
				<total>0</total>
				<timestamp>593.359506</timestamp>
			</report>
			<report>
				<misses>90300001</misses>
				<total>0</total>
				<timestamp>594.017741</timestamp>
			</report>
			<report>
				<misses>90400001</misses>
				<total>0</total>
				<timestamp>594.675136</timestamp>
			</report>
			<report>
				<misses>90500001</misses>
				<total>0</total>
				<timestamp>595.333951</timestamp>
			</report>
			<report>
				<misses>90600001</misses>
				<total>0</total>
				<timestamp>595.991759</timestamp>
			</report>
			<report>
				<misses>90700001</misses>
				<total>0</total>
				<timestamp>596.649339</timestamp>
			</report>
			<report>
				<misses>90800001</misses>
				<total>0</total>
				<timestamp>597.307595</timestamp>
			</report>
			<report>
				<misses>90900001</misses>
				<total>0</total>
				<timestamp>597.965227</timestamp>
			</report>
			<report>
				<misses>91000001</misses>
				<total>0</total>
				<timestamp>598.623705</timestamp>
			</report>
			<report>
				<misses>91100001</misses>
				<total>0</total>
				<timestamp>599.280934</timestamp>
			</report>
			<report>
				<misses>91200001</misses>
				<total>0</total>
				<timestamp>599.939059</timestamp>
			</report>
			<report>
				<misses>91300001</misses>
				<total>0</total>
				<timestamp>600.596942</timestamp>
			</report>
			<report>
				<misses>91400001</misses>
				<total>0</total>
				<timestamp>601.254644</timestamp>
			</report>
			<report>
				<misses>91500001</misses>
				<total>0</total>
				<timestamp>601.911578</timestamp>
			</report>
			<report>
				<misses>91600001</misses>
				<total>0</total>
				<timestamp>602.569050</timestamp>
			</report>
			<report>
				<misses>91700001</misses>
				<total>0</total>
				<timestamp>603.226282</timestamp>
			</report>
			<report>
				<misses>91800001</misses>
				<total>0</total>
				<timestamp>603.884795</timestamp>
			</report>
			<report>
				<misses>91900001</misses>
				<total>0</total>
				<timestamp>604.542715</timestamp>
			</report>
			<report>
				<misses>92000001</misses>
				<total>0</total>
				<timestamp>605.200680</timestamp>
			</report>
			<report>
				<misses>92100001</misses>
				<total>0</total>
				<timestamp>605.859139</timestamp>
			</report>
			<report>
				<misses>92200001</misses>
				<total>0</total>
				<timestamp>606.517568</timestamp>
			</report>
			<report>
				<misses>92300001</misses>
				<total>0</total>
				<timestamp>607.175397</timestamp>
			</report>
			<report>
				<misses>92400001</misses>
				<total>0</total>
				<timestamp>607.832976</timestamp>
			</report>
			<report>
				<misses>92500001</misses>
				<total>0</total>
				<timestamp>608.490740</timestamp>
			</report>
			<report>
				<misses>92600001</misses>
				<total>0</total>
				<timestamp>609.148207</timestamp>
			</report>
			<report>
				<misses>92700001</misses>
				<total>0</total>
				<timestamp>609.806779</timestamp>
			</report>
			<report>
				<misses>92800001</misses>
				<total>0</total>
				<timestamp>610.465139</timestamp>
			</report>
			<report>
				<misses>92900001</misses>
				<total>0</total>
				<timestamp>611.123504</timestamp>
			</report>
			<report>
				<misses>93000001</misses>
				<total>0</total>
				<timestamp>611.781262</timestamp>
			</report>
			<report>
				<misses>93100001</misses>
				<total>0</total>
				<timestamp>612.438929</timestamp>
			</report>
			<report>
				<misses>93200001</misses>
				<total>0</total>
				<timestamp>613.097018</timestamp>
			</report>
			<report>
				<misses>93300001</misses>
				<total>0</total>
				<timestamp>613.753637</timestamp>
			</report>
			<report>
				<misses>93400001</misses>
				<total>0</total>
				<timestamp>614.411897</timestamp>
			</report>
			<report>
				<misses>93500001</misses>
				<total>0</total>
				<timestamp>615.066732</timestamp>
			</report>
			<report>
				<misses>93600001</misses>
				<total>0</total>
				<timestamp>615.724126</timestamp>
			</report>
			<report>
				<misses>93700001</misses>
				<total>0</total>
				<timestamp>616.381203</timestamp>
			</report>
			<report>
				<misses>93800001</misses>
				<total>0</total>
				<timestamp>617.040203</timestamp>
			</report>
			<report>
				<misses>93900001</misses>
				<total>0</total>
				<timestamp>617.696361</timestamp>
			</report>
			<report>
				<misses>94000001</misses>
				<total>0</total>
				<timestamp>618.353621</timestamp>
			</report>
			<report>
				<misses>94100001</misses>
				<total>0</total>
				<timestamp>619.011396</timestamp>
			</report>
			<report>
				<misses>94200001</misses>
				<total>0</total>
				<timestamp>619.669675</timestamp>
			</report>
			<report>
				<misses>94300001</misses>
				<total>0</total>
				<timestamp>620.326449</timestamp>
			</report>
			<report>
				<misses>94400001</misses>
				<total>0</total>
				<timestamp>620.983112</timestamp>
			</report>
			<report>
				<misses>94500001</misses>
				<total>0</total>
				<timestamp>621.641270</timestamp>
			</report>
			<report>
				<misses>94600001</misses>
				<total>0</total>
				<timestamp>622.298862</timestamp>
			</report>
			<report>
				<misses>94700001</misses>
				<total>0</total>
				<timestamp>622.956967</timestamp>
			</report>
			<report>
				<misses>94800001</misses>
				<total>0</total>
				<timestamp>623.615040</timestamp>
			</report>
			<report>
				<misses>94900001</misses>
				<total>0</total>
				<timestamp>624.273061</timestamp>
			</report>
			<report>
				<misses>95000001</misses>
				<total>0</total>
				<timestamp>624.931025</timestamp>
			</report>
			<report>
				<misses>95100001</misses>
				<total>0</total>
				<timestamp>625.589170</timestamp>
			</report>
			<report>
				<misses>95200001</misses>
				<total>0</total>
				<timestamp>626.247831</timestamp>
			</report>
			<report>
				<misses>95300001</misses>
				<total>0</total>
				<timestamp>626.906731</timestamp>
			</report>
			<report>
				<misses>95400001</misses>
				<total>0</total>
				<timestamp>627.564797</timestamp>
			</report>
			<report>
				<misses>95500001</misses>
				<total>0</total>
				<timestamp>628.223567</timestamp>
			</report>
			<report>
				<misses>95600001</misses>
				<total>0</total>
				<timestamp>628.882514</timestamp>
			</report>
			<report>
				<misses>95700001</misses>
				<total>0</total>
				<timestamp>629.542377</timestamp>
			</report>
			<report>
				<misses>95800001</misses>
				<total>0</total>
				<timestamp>630.201915</timestamp>
			</report>
			<report>
				<misses>95900001</misses>
				<total>0</total>
				<timestamp>630.860855</timestamp>
			</report>
			<report>
				<misses>96000001</misses>
				<total>0</total>
				<timestamp>631.519769</timestamp>
			</report>
			<report>
				<misses>96100001</misses>
				<total>0</total>
				<timestamp>632.177274</timestamp>
			</report>
			<report>
				<misses>96200001</misses>
				<total>0</total>
				<timestamp>632.834758</timestamp>
			</report>
			<report>
				<misses>96300001</misses>
				<total>0</total>
				<timestamp>633.493512</timestamp>
			</report>
			<report>
				<misses>96400001</misses>
				<total>0</total>
				<timestamp>634.150673</timestamp>
			</report>
			<report>
				<misses>96500001</misses>
				<total>0</total>
				<timestamp>634.807899</timestamp>
			</report>
			<report>
				<misses>96600001</misses>
				<total>0</total>
				<timestamp>635.465804</timestamp>
			</report>
			<report>
				<misses>96700001</misses>
				<total>0</total>
				<timestamp>636.123459</timestamp>
			</report>
			<report>
				<misses>96800001</misses>
				<total>0</total>
				<timestamp>636.781351</timestamp>
			</report>
			<report>
				<misses>96900001</misses>
				<total>0</total>
				<timestamp>637.437645</timestamp>
			</report>
			<report>
				<misses>97000001</misses>
				<total>0</total>
				<timestamp>638.094573</timestamp>
			</report>
			<report>
				<misses>97100001</misses>
				<total>0</total>
				<timestamp>638.751605</timestamp>
			</report>
			<report>
				<misses>97200001</misses>
				<total>0</total>
				<timestamp>639.408398</timestamp>
			</report>
			<report>
				<misses>97300001</misses>
				<total>0</total>
				<timestamp>640.066894</timestamp>
			</report>
			<report>
				<misses>97400001</misses>
				<total>0</total>
				<timestamp>640.725105</timestamp>
			</report>
			<report>
				<misses>97500001</misses>
				<total>0</total>
				<timestamp>641.382600</timestamp>
			</report>
			<report>
				<misses>97600001</misses>
				<total>0</total>
				<timestamp>642.040886</timestamp>
			</report>
			<report>
				<misses>97700001</misses>
				<total>0</total>
				<timestamp>642.697614</timestamp>
			</report>
			<report>
				<misses>97800001</misses>
				<total>0</total>
				<timestamp>643.355533</timestamp>
			</report>
			<report>
				<misses>97900001</misses>
				<total>0</total>
				<timestamp>644.014006</timestamp>
			</report>
			<report>
				<misses>98000001</misses>
				<total>0</total>
				<timestamp>644.671433</timestamp>
			</report>
			<report>
				<misses>98100001</misses>
				<total>0</total>
				<timestamp>645.328010</timestamp>
			</report>
			<report>
				<misses>98200001</misses>
				<total>0</total>
				<timestamp>645.986371</timestamp>
			</report>
			<report>
				<misses>98300001</misses>
				<total>0</total>
				<timestamp>646.644437</timestamp>
			</report>
			<report>
				<misses>98400001</misses>
				<total>0</total>
				<timestamp>647.301972</timestamp>
			</report>
			<report>
				<misses>98500001</misses>
				<total>0</total>
				<timestamp>647.959103</timestamp>
			</report>
			<report>
				<misses>98600001</misses>
				<total>0</total>
				<timestamp>648.616492</timestamp>
			</report>
			<report>
				<misses>98700001</misses>
				<total>0</total>
				<timestamp>649.274205</timestamp>
			</report>
			<report>
				<misses>98800001</misses>
				<total>0</total>
				<timestamp>649.933074</timestamp>
			</report>
			<report>
				<misses>98900001</misses>
				<total>0</total>
				<timestamp>650.591353</timestamp>
			</report>
			<report>
				<misses>99000001</misses>
				<total>0</total>
				<timestamp>651.249250</timestamp>
			</report>
			<report>
				<misses>99100001</misses>
				<total>0</total>
				<timestamp>651.907258</timestamp>
			</report>
			<report>
				<misses>99200001</misses>
				<total>0</total>
				<timestamp>652.564799</timestamp>
			</report>
			<report>
				<misses>99300001</misses>
				<total>0</total>
				<timestamp>653.221820</timestamp>
			</report>
			<report>
				<misses>99400001</misses>
				<total>0</total>
				<timestamp>653.879907</timestamp>
			</report>
			<report>
				<misses>99500001</misses>
				<total>0</total>
				<timestamp>654.537827</timestamp>
			</report>
			<report>
				<misses>99600001</misses>
				<total>0</total>
				<timestamp>655.193746</timestamp>
			</report>
			<report>
				<misses>99700001</misses>
				<total>0</total>
				<timestamp>655.851679</timestamp>
			</report>
			<report>
				<misses>99800001</misses>
				<total>0</total>
				<timestamp>656.509414</timestamp>
			</report>
			<report>
				<misses>99900001</misses>
				<total>0</total>
				<timestamp>657.166841</timestamp>
			</report>
			<report>
				<misses>100000001</misses>
				<total>0</total>
				<timestamp>657.824608</timestamp>
			</report>
			<report>
				<misses>100100001</misses>
				<total>0</total>
				<timestamp>658.481447</timestamp>
			</report>
			<report>
				<misses>100200001</misses>
				<total>0</total>
				<timestamp>659.139801</timestamp>
			</report>
			<report>
				<misses>100300001</misses>
				<total>0</total>
				<timestamp>659.797210</timestamp>
			</report>
			<report>
				<misses>100400001</misses>
				<total>0</total>
				<timestamp>660.454584</timestamp>
			</report>
			<report>
				<misses>100500001</misses>
				<total>0</total>
				<timestamp>661.111632</timestamp>
			</report>
			<report>
				<misses>100600001</misses>
				<total>0</total>
				<timestamp>661.770167</timestamp>
			</report>
			<report>
				<misses>100700001</misses>
				<total>0</total>
				<timestamp>662.426908</timestamp>
			</report>
			<report>
				<misses>100800001</misses>
				<total>0</total>
				<timestamp>663.084766</timestamp>
			</report>
			<report>
				<misses>100900001</misses>
				<total>0</total>
				<timestamp>663.742759</timestamp>
			</report>
			<report>
				<misses>101000001</misses>
				<total>0</total>
				<timestamp>664.401448</timestamp>
			</report>
			<report>
				<misses>101100001</misses>
				<total>0</total>
				<timestamp>665.059975</timestamp>
			</report>
			<report>
				<misses>101200001</misses>
				<total>0</total>
				<timestamp>665.716797</timestamp>
			</report>
			<report>
				<misses>101300001</misses>
				<total>0</total>
				<timestamp>666.373247</timestamp>
			</report>
			<report>
				<misses>101400001</misses>
				<total>0</total>
				<timestamp>667.029219</timestamp>
			</report>
			<report>
				<misses>101500001</misses>
				<total>0</total>
				<timestamp>667.686424</timestamp>
			</report>
			<report>
				<misses>101600001</misses>
				<total>0</total>
				<timestamp>668.343054</timestamp>
			</report>
			<report>
				<misses>101700001</misses>
				<total>0</total>
				<timestamp>669.001234</timestamp>
			</report>
			<report>
				<misses>101800001</misses>
				<total>0</total>
				<timestamp>669.658000</timestamp>
			</report>
			<report>
				<misses>101900001</misses>
				<total>0</total>
				<timestamp>670.314112</timestamp>
			</report>
			<report>
				<misses>102000001</misses>
				<total>0</total>
				<timestamp>670.972245</timestamp>
			</report>
			<report>
				<misses>102100001</misses>
				<total>0</total>
				<timestamp>671.629625</timestamp>
			</report>
			<report>
				<misses>102200001</misses>
				<total>0</total>
				<timestamp>672.288409</timestamp>
			</report>
			<report>
				<misses>102300001</misses>
				<total>0</total>
				<timestamp>672.948849</timestamp>
			</report>
			<report>
				<misses>102400001</misses>
				<total>0</total>
				<timestamp>673.608296</timestamp>
			</report>
			<report>
				<misses>102500001</misses>
				<total>0</total>
				<timestamp>674.266498</timestamp>
			</report>
			<report>
				<misses>102600001</misses>
				<total>0</total>
				<timestamp>674.926510</timestamp>
			</report>
			<report>
				<misses>102700001</misses>
				<total>0</total>
				<timestamp>675.586195</timestamp>
			</report>
			<report>
				<misses>102800001</misses>
				<total>0</total>
				<timestamp>676.245136</timestamp>
			</report>
			<report>
				<misses>102900001</misses>
				<total>0</total>
				<timestamp>676.904889</timestamp>
			</report>
			<report>
				<misses>103000001</misses>
				<total>0</total>
				<timestamp>677.563544</timestamp>
			</report>
			<report>
				<misses>103100001</misses>
				<total>0</total>
				<timestamp>678.221605</timestamp>
			</report>
			<report>
				<misses>103200001</misses>
				<total>0</total>
				<timestamp>678.879905</timestamp>
			</report>
			<report>
				<misses>103300001</misses>
				<total>0</total>
				<timestamp>679.537923</timestamp>
			</report>
			<report>
				<misses>103400001</misses>
				<total>0</total>
				<timestamp>680.194540</timestamp>
			</report>
			<report>
				<misses>103500001</misses>
				<total>0</total>
				<timestamp>680.852519</timestamp>
			</report>
			<report>
				<misses>103600001</misses>
				<total>0</total>
				<timestamp>681.509185</timestamp>
			</report>
			<report>
				<misses>103700001</misses>
				<total>0</total>
				<timestamp>682.166697</timestamp>
			</report>
			<report>
				<misses>103800001</misses>
				<total>0</total>
				<timestamp>682.824093</timestamp>
			</report>
			<report>
				<misses>103900001</misses>
				<total>0</total>
				<timestamp>683.482116</timestamp>
			</report>
			<report>
				<misses>104000001</misses>
				<total>0</total>
				<timestamp>684.139988</timestamp>
			</report>
			<report>
				<misses>104100001</misses>
				<total>0</total>
				<timestamp>684.798060</timestamp>
			</report>
			<report>
				<misses>104200001</misses>
				<total>0</total>
				<timestamp>685.455698</timestamp>
			</report>
			<report>
				<misses>104300001</misses>
				<total>0</total>
				<timestamp>686.113655</timestamp>
			</report>
			<report>
				<misses>104400001</misses>
				<total>0</total>
				<timestamp>686.771644</timestamp>
			</report>
			<report>
				<misses>104500001</misses>
				<total>0</total>
				<timestamp>687.430268</timestamp>
			</report>
			<report>
				<misses>104600001</misses>
				<total>0</total>
				<timestamp>688.088428</timestamp>
			</report>
			<report>
				<misses>104700001</misses>
				<total>0</total>
				<timestamp>688.747287</timestamp>
			</report>
			<report>
				<misses>104800001</misses>
				<total>0</total>
				<timestamp>689.404907</timestamp>
			</report>
			<report>
				<misses>104900001</misses>
				<total>0</total>
				<timestamp>690.062953</timestamp>
			</report>
			<report>
				<misses>105000001</misses>
				<total>0</total>
				<timestamp>690.719787</timestamp>
			</report>
			<report>
				<misses>105100001</misses>
				<total>0</total>
				<timestamp>691.376744</timestamp>
			</report>
			<report>
				<misses>105200001</misses>
				<total>0</total>
				<timestamp>692.034151</timestamp>
			</report>
			<report>
				<misses>105300001</misses>
				<total>0</total>
				<timestamp>692.692026</timestamp>
			</report>
			<report>
				<misses>105400001</misses>
				<total>0</total>
				<timestamp>693.350529</timestamp>
			</report>
			<report>
				<misses>105500001</misses>
				<total>0</total>
				<timestamp>694.007104</timestamp>
			</report>
			<report>
				<misses>105600001</misses>
				<total>0</total>
				<timestamp>694.665348</timestamp>
			</report>
			<report>
				<misses>105700001</misses>
				<total>0</total>
				<timestamp>695.323307</timestamp>
			</report>
			<report>
				<misses>105800001</misses>
				<total>0</total>
				<timestamp>695.980149</timestamp>
			</report>
			<report>
				<misses>105900001</misses>
				<total>0</total>
				<timestamp>696.637703</timestamp>
			</report>
			<report>
				<misses>106000001</misses>
				<total>0</total>
				<timestamp>697.294808</timestamp>
			</report>
			<report>
				<misses>106100001</misses>
				<total>0</total>
				<timestamp>697.952949</timestamp>
			</report>
			<report>
				<misses>106200001</misses>
				<total>0</total>
				<timestamp>698.609855</timestamp>
			</report>
			<report>
				<misses>106300001</misses>
				<total>0</total>
				<timestamp>699.267888</timestamp>
			</report>
			<report>
				<misses>106400001</misses>
				<total>0</total>
				<timestamp>699.925498</timestamp>
			</report>
			<report>
				<misses>106500001</misses>
				<total>0</total>
				<timestamp>700.582916</timestamp>
			</report>
			<report>
				<misses>106600001</misses>
				<total>0</total>
				<timestamp>701.240631</timestamp>
			</report>
			<report>
				<misses>106700001</misses>
				<total>0</total>
				<timestamp>701.898015</timestamp>
			</report>
			<report>
				<misses>106800001</misses>
				<total>0</total>
				<timestamp>702.556167</timestamp>
			</report>
			<report>
				<misses>106900001</misses>
				<total>0</total>
				<timestamp>703.214773</timestamp>
			</report>
			<report>
				<misses>107000001</misses>
				<total>0</total>
				<timestamp>703.872422</timestamp>
			</report>
			<report>
				<misses>107100001</misses>
				<total>0</total>
				<timestamp>704.530655</timestamp>
			</report>
			<report>
				<misses>107200001</misses>
				<total>0</total>
				<timestamp>705.189118</timestamp>
			</report>
			<report>
				<misses>107300001</misses>
				<total>0</total>
				<timestamp>705.847254</timestamp>
			</report>
			<report>
				<misses>107400001</misses>
				<total>0</total>
				<timestamp>706.505620</timestamp>
			</report>
			<report>
				<misses>107500001</misses>
				<total>0</total>
				<timestamp>707.163438</timestamp>
			</report>
			<report>
				<misses>107600001</misses>
				<total>0</total>
				<timestamp>707.821410</timestamp>
			</report>
			<report>
				<misses>107700001</misses>
				<total>0</total>
				<timestamp>708.478835</timestamp>
			</report>
			<report>
				<misses>107800001</misses>
				<total>0</total>
				<timestamp>709.136328</timestamp>
			</report>
			<report>
				<misses>107900001</misses>
				<total>0</total>
				<timestamp>709.794525</timestamp>
			</report>
			<report>
				<misses>108000001</misses>
				<total>0</total>
				<timestamp>710.452157</timestamp>
			</report>
			<report>
				<misses>108100001</misses>
				<total>0</total>
				<timestamp>711.108787</timestamp>
			</report>
			<report>
				<misses>108200001</misses>
				<total>0</total>
				<timestamp>711.765361</timestamp>
			</report>
			<report>
				<misses>108300001</misses>
				<total>0</total>
				<timestamp>712.424108</timestamp>
			</report>
			<report>
				<misses>108400001</misses>
				<total>0</total>
				<timestamp>713.081141</timestamp>
			</report>
			<report>
				<misses>108500001</misses>
				<total>0</total>
				<timestamp>713.738340</timestamp>
			</report>
			<report>
				<misses>108600001</misses>
				<total>0</total>
				<timestamp>714.396322</timestamp>
			</report>
			<report>
				<misses>108700001</misses>
				<total>0</total>
				<timestamp>715.053670</timestamp>
			</report>
			<report>
				<misses>108800001</misses>
				<total>0</total>
				<timestamp>715.711282</timestamp>
			</report>
			<report>
				<misses>108900001</misses>
				<total>0</total>
				<timestamp>716.368195</timestamp>
			</report>
			<report>
				<misses>109000001</misses>
				<total>0</total>
				<timestamp>717.026465</timestamp>
			</report>
			<report>
				<misses>109100001</misses>
				<total>0</total>
				<timestamp>717.685898</timestamp>
			</report>
			<report>
				<misses>109200001</misses>
				<total>0</total>
				<timestamp>718.345914</timestamp>
			</report>
			<report>
				<misses>109300001</misses>
				<total>0</total>
				<timestamp>719.004551</timestamp>
			</report>
			<report>
				<misses>109400001</misses>
				<total>0</total>
				<timestamp>719.663750</timestamp>
			</report>
			<report>
				<misses>109500001</misses>
				<total>0</total>
				<timestamp>720.323132</timestamp>
			</report>
			<report>
				<misses>109600001</misses>
				<total>0</total>
				<timestamp>720.980681</timestamp>
			</report>
			<report>
				<misses>109700001</misses>
				<total>0</total>
				<timestamp>721.639744</timestamp>
			</report>
			<report>
				<misses>109800001</misses>
				<total>0</total>
				<timestamp>722.296079</timestamp>
			</report>
			<report>
				<misses>109900001</misses>
				<total>0</total>
				<timestamp>722.952862</timestamp>
			</report>
			<report>
				<misses>110000001</misses>
				<total>0</total>
				<timestamp>723.608853</timestamp>
			</report>
			<report>
				<misses>110100001</misses>
				<total>0</total>
				<timestamp>724.264483</timestamp>
			</report>
			<report>
				<misses>110200001</misses>
				<total>0</total>
				<timestamp>724.921948</timestamp>
			</report>
			<report>
				<misses>110300001</misses>
				<total>0</total>
				<timestamp>725.579287</timestamp>
			</report>
			<report>
				<misses>110400001</misses>
				<total>0</total>
				<timestamp>726.236872</timestamp>
			</report>
			<report>
				<misses>110500001</misses>
				<total>0</total>
				<timestamp>726.895360</timestamp>
			</report>
			<report>
				<misses>110600001</misses>
				<total>0</total>
				<timestamp>727.552471</timestamp>
			</report>
			<report>
				<misses>110700001</misses>
				<total>0</total>
				<timestamp>728.210215</timestamp>
			</report>
			<report>
				<misses>110800001</misses>
				<total>0</total>
				<timestamp>728.866987</timestamp>
			</report>
			<report>
				<misses>110900001</misses>
				<total>0</total>
				<timestamp>729.524796</timestamp>
			</report>
			<report>
				<misses>111000001</misses>
				<total>0</total>
				<timestamp>730.183300</timestamp>
			</report>
			<report>
				<misses>111100001</misses>
				<total>0</total>
				<timestamp>730.840969</timestamp>
			</report>
			<report>
				<misses>111200001</misses>
				<total>0</total>
				<timestamp>731.497983</timestamp>
			</report>
			<report>
				<misses>111300001</misses>
				<total>0</total>
				<timestamp>732.155458</timestamp>
			</report>
			<report>
				<misses>111400001</misses>
				<total>0</total>
				<timestamp>732.813384</timestamp>
			</report>
			<report>
				<misses>111500001</misses>
				<total>0</total>
				<timestamp>733.470997</timestamp>
			</report>
			<report>
				<misses>111600001</misses>
				<total>0</total>
				<timestamp>734.129110</timestamp>
			</report>
			<report>
				<misses>111700001</misses>
				<total>0</total>
				<timestamp>734.786244</timestamp>
			</report>
			<report>
				<misses>111800001</misses>
				<total>0</total>
				<timestamp>735.442520</timestamp>
			</report>
			<report>
				<misses>111900001</misses>
				<total>0</total>
				<timestamp>736.100559</timestamp>
			</report>
			<report>
				<misses>112000001</misses>
				<total>0</total>
				<timestamp>736.757641</timestamp>
			</report>
			<report>
				<misses>112100001</misses>
				<total>0</total>
				<timestamp>737.413066</timestamp>
			</report>
			<report>
				<misses>112200001</misses>
				<total>0</total>
				<timestamp>738.070644</timestamp>
			</report>
			<report>
				<misses>112300001</misses>
				<total>0</total>
				<timestamp>738.728517</timestamp>
			</report>
			<report>
				<misses>112400001</misses>
				<total>0</total>
				<timestamp>739.386081</timestamp>
			</report>
			<report>
				<misses>112500001</misses>
				<total>0</total>
				<timestamp>740.043537</timestamp>
			</report>
			<report>
				<misses>112600001</misses>
				<total>0</total>
				<timestamp>740.700314</timestamp>
			</report>
			<report>
				<misses>112700001</misses>
				<total>0</total>
				<timestamp>741.358192</timestamp>
			</report>
			<report>
				<misses>112800001</misses>
				<total>0</total>
				<timestamp>742.016248</timestamp>
			</report>
			<report>
				<misses>112900001</misses>
				<total>0</total>
				<timestamp>742.673583</timestamp>
			</report>
			<report>
				<misses>113000001</misses>
				<total>0</total>
				<timestamp>743.331712</timestamp>
			</report>
			<report>
				<misses>113100001</misses>
				<total>0</total>
				<timestamp>743.988834</timestamp>
			</report>
			<report>
				<misses>113200001</misses>
				<total>0</total>
				<timestamp>744.646421</timestamp>
			</report>
			<report>
				<misses>113300001</misses>
				<total>0</total>
				<timestamp>745.303652</timestamp>
			</report>
			<report>
				<misses>113400001</misses>
				<total>0</total>
				<timestamp>745.962068</timestamp>
			</report>
			<report>
				<misses>113500001</misses>
				<total>0</total>
				<timestamp>746.620789</timestamp>
			</report>
			<report>
				<misses>113600001</misses>
				<total>0</total>
				<timestamp>747.278105</timestamp>
			</report>
			<report>
				<misses>113700001</misses>
				<total>0</total>
				<timestamp>747.935686</timestamp>
			</report>
			<report>
				<misses>113800001</misses>
				<total>0</total>
				<timestamp>748.592116</timestamp>
			</report>
			<report>
				<misses>113900001</misses>
				<total>0</total>
				<timestamp>749.249406</timestamp>
			</report>
			<report>
				<misses>114000001</misses>
				<total>0</total>
				<timestamp>749.906306</timestamp>
			</report>
			<report>
				<misses>114100001</misses>
				<total>0</total>
				<timestamp>750.563764</timestamp>
			</report>
			<report>
				<misses>114200001</misses>
				<total>0</total>
				<timestamp>751.221336</timestamp>
			</report>
			<report>
				<misses>114300001</misses>
				<total>0</total>
				<timestamp>751.879099</timestamp>
			</report>
			<report>
				<misses>114400001</misses>
				<total>0</total>
				<timestamp>752.536355</timestamp>
			</report>
			<report>
				<misses>114500001</misses>
				<total>0</total>
				<timestamp>753.193639</timestamp>
			</report>
			<report>
				<misses>114600001</misses>
				<total>0</total>
				<timestamp>753.851730</timestamp>
			</report>
			<report>
				<misses>114700001</misses>
				<total>0</total>
				<timestamp>754.509343</timestamp>
			</report>
			<report>
				<misses>114800001</misses>
				<total>0</total>
				<timestamp>755.167376</timestamp>
			</report>
			<report>
				<misses>114900001</misses>
				<total>0</total>
				<timestamp>755.825247</timestamp>
			</report>
			<report>
				<misses>115000001</misses>
				<total>0</total>
				<timestamp>756.482950</timestamp>
			</report>
			<report>
				<misses>115100001</misses>
				<total>0</total>
				<timestamp>757.140678</timestamp>
			</report>
			<report>
				<misses>115200001</misses>
				<total>0</total>
				<timestamp>757.797388</timestamp>
			</report>
			<report>
				<misses>115300001</misses>
				<total>0</total>
				<timestamp>758.454503</timestamp>
			</report>
			<report>
				<misses>115400001</misses>
				<total>0</total>
				<timestamp>759.112852</timestamp>
			</report>
			<report>
				<misses>115500001</misses>
				<total>0</total>
				<timestamp>759.770266</timestamp>
			</report>
			<report>
				<misses>115600001</misses>
				<total>0</total>
				<timestamp>760.427106</timestamp>
			</report>
			<report>
				<misses>115700001</misses>
				<total>0</total>
				<timestamp>761.084813</timestamp>
			</report>
			<report>
				<misses>115800001</misses>
				<total>0</total>
				<timestamp>761.741678</timestamp>
			</report>
			<report>
				<misses>115900001</misses>
				<total>0</total>
				<timestamp>762.400297</timestamp>
			</report>
			<report>
				<misses>116000001</misses>
				<total>0</total>
				<timestamp>763.059504</timestamp>
			</report>
			<report>
				<misses>116100001</misses>
				<total>0</total>
				<timestamp>763.718321</timestamp>
			</report>
			<report>
				<misses>116200001</misses>
				<total>0</total>
				<timestamp>764.377395</timestamp>
			</report>
			<report>
				<misses>116300001</misses>
				<total>0</total>
				<timestamp>765.034991</timestamp>
			</report>
			<report>
				<misses>116400001</misses>
				<total>0</total>
				<timestamp>765.694059</timestamp>
			</report>
			<report>
				<misses>116500001</misses>
				<total>0</total>
				<timestamp>766.354079</timestamp>
			</report>
			<report>
				<misses>116600001</misses>
				<total>0</total>
				<timestamp>767.012963</timestamp>
			</report>
			<report>
				<misses>116700001</misses>
				<total>0</total>
				<timestamp>767.669906</timestamp>
			</report>
			<report>
				<misses>116800001</misses>
				<total>0</total>
				<timestamp>768.325120</timestamp>
			</report>
			<report>
				<misses>116900001</misses>
				<total>0</total>
				<timestamp>768.983274</timestamp>
			</report>
			<report>
				<misses>117000001</misses>
				<total>0</total>
				<timestamp>769.637855</timestamp>
			</report>
			<report>
				<misses>117100001</misses>
				<total>0</total>
				<timestamp>770.295281</timestamp>
			</report>
			<report>
				<misses>117200001</misses>
				<total>0</total>
				<timestamp>770.953548</timestamp>
			</report>
			<report>
				<misses>117300001</misses>
				<total>0</total>
				<timestamp>771.610615</timestamp>
			</report>
			<report>
				<misses>117400001</misses>
				<total>0</total>
				<timestamp>772.267247</timestamp>
			</report>
			<report>
				<misses>117500001</misses>
				<total>0</total>
				<timestamp>772.924573</timestamp>
			</report>
			<report>
				<misses>117600001</misses>
				<total>0</total>
				<timestamp>773.581534</timestamp>
			</report>
			<report>
				<misses>117700001</misses>
				<total>0</total>
				<timestamp>774.239093</timestamp>
			</report>
			<report>
				<misses>117800001</misses>
				<total>0</total>
				<timestamp>774.896662</timestamp>
			</report>
			<report>
				<misses>117900001</misses>
				<total>0</total>
				<timestamp>775.554295</timestamp>
			</report>
			<report>
				<misses>118000001</misses>
				<total>0</total>
				<timestamp>776.212487</timestamp>
			</report>
			<report>
				<misses>118100001</misses>
				<total>0</total>
				<timestamp>776.870375</timestamp>
			</report>
			<report>
				<misses>118200001</misses>
				<total>0</total>
				<timestamp>777.528279</timestamp>
			</report>
			<report>
				<misses>118300001</misses>
				<total>0</total>
				<timestamp>778.186480</timestamp>
			</report>
			<report>
				<misses>118400001</misses>
				<total>0</total>
				<timestamp>778.844528</timestamp>
			</report>
			<report>
				<misses>118500001</misses>
				<total>0</total>
				<timestamp>779.501800</timestamp>
			</report>
			<report>
				<misses>118600001</misses>
				<total>0</total>
				<timestamp>780.157663</timestamp>
			</report>
			<report>
				<misses>118700001</misses>
				<total>0</total>
				<timestamp>780.815706</timestamp>
			</report>
			<report>
				<misses>118800001</misses>
				<total>0</total>
				<timestamp>781.471171</timestamp>
			</report>
			<report>
				<misses>118900001</misses>
				<total>0</total>
				<timestamp>782.128434</timestamp>
			</report>
			<report>
				<misses>119000001</misses>
				<total>0</total>
				<timestamp>782.785303</timestamp>
			</report>
			<report>
				<misses>119100001</misses>
				<total>0</total>
				<timestamp>783.442939</timestamp>
			</report>
			<report>
				<misses>119200001</misses>
				<total>0</total>
				<timestamp>784.100293</timestamp>
			</report>
			<report>
				<misses>119300001</misses>
				<total>0</total>
				<timestamp>784.757453</timestamp>
			</report>
			<report>
				<misses>119400001</misses>
				<total>0</total>
				<timestamp>785.415760</timestamp>
			</report>
			<report>
				<misses>119500001</misses>
				<total>0</total>
				<timestamp>786.072418</timestamp>
			</report>
			<report>
				<misses>119600001</misses>
				<total>0</total>
				<timestamp>786.728130</timestamp>
			</report>
			<report>
				<misses>119700001</misses>
				<total>0</total>
				<timestamp>787.383100</timestamp>
			</report>
			<report>
				<misses>119800001</misses>
				<total>0</total>
				<timestamp>788.040855</timestamp>
			</report>
			<report>
				<misses>119900001</misses>
				<total>0</total>
				<timestamp>788.698248</timestamp>
			</report>
			<report>
				<misses>120000001</misses>
				<total>0</total>
				<timestamp>789.355672</timestamp>
			</report>
			<report>
				<misses>120100001</misses>
				<total>0</total>
				<timestamp>790.013241</timestamp>
			</report>
			<report>
				<misses>120200001</misses>
				<total>0</total>
				<timestamp>790.671813</timestamp>
			</report>
			<report>
				<misses>120300001</misses>
				<total>0</total>
				<timestamp>791.328385</timestamp>
			</report>
			<report>
				<misses>120400001</misses>
				<total>0</total>
				<timestamp>791.986171</timestamp>
			</report>
			<report>
				<misses>120500001</misses>
				<total>0</total>
				<timestamp>792.644145</timestamp>
			</report>
			<report>
				<misses>120600001</misses>
				<total>0</total>
				<timestamp>793.300983</timestamp>
			</report>
			<report>
				<misses>120700001</misses>
				<total>0</total>
				<timestamp>793.958355</timestamp>
			</report>
			<report>
				<misses>120800001</misses>
				<total>0</total>
				<timestamp>794.614815</timestamp>
			</report>
			<report>
				<misses>120900001</misses>
				<total>0</total>
				<timestamp>795.273415</timestamp>
			</report>
			<report>
				<misses>121000001</misses>
				<total>0</total>
				<timestamp>795.931207</timestamp>
			</report>
			<report>
				<misses>121100001</misses>
				<total>0</total>
				<timestamp>796.588935</timestamp>
			</report>
			<report>
				<misses>121200001</misses>
				<total>0</total>
				<timestamp>797.246178</timestamp>
			</report>
			<report>
				<misses>121300001</misses>
				<total>0</total>
				<timestamp>797.902505</timestamp>
			</report>
			<report>
				<misses>121400001</misses>
				<total>0</total>
				<timestamp>798.559898</timestamp>
			</report>
			<report>
				<misses>121500001</misses>
				<total>0</total>
				<timestamp>799.217413</timestamp>
			</report>
			<report>
				<misses>121600001</misses>
				<total>0</total>
				<timestamp>799.875545</timestamp>
			</report>
			<report>
				<misses>121700001</misses>
				<total>0</total>
				<timestamp>800.532662</timestamp>
			</report>
			<report>
				<misses>121800001</misses>
				<total>0</total>
				<timestamp>801.191168</timestamp>
			</report>
			<report>
				<misses>121900001</misses>
				<total>0</total>
				<timestamp>801.848798</timestamp>
			</report>
			<report>
				<misses>122000001</misses>
				<total>0</total>
				<timestamp>802.504446</timestamp>
			</report>
			<report>
				<misses>122100001</misses>
				<total>0</total>
				<timestamp>803.162017</timestamp>
			</report>
			<report>
				<misses>122200001</misses>
				<total>0</total>
				<timestamp>803.819609</timestamp>
			</report>
			<report>
				<misses>122300001</misses>
				<total>0</total>
				<timestamp>804.477718</timestamp>
			</report>
			<report>
				<misses>122400001</misses>
				<total>0</total>
				<timestamp>805.135041</timestamp>
			</report>
			<report>
				<misses>122500001</misses>
				<total>0</total>
				<timestamp>805.791452</timestamp>
			</report>
			<report>
				<misses>122600001</misses>
				<total>0</total>
				<timestamp>806.448509</timestamp>
			</report>
			<report>
				<misses>122700001</misses>
				<total>0</total>
				<timestamp>807.105513</timestamp>
			</report>
			<report>
				<misses>122800001</misses>
				<total>0</total>
				<timestamp>807.762807</timestamp>
			</report>
			<report>
				<misses>122900001</misses>
				<total>0</total>
				<timestamp>808.420738</timestamp>
			</report>
			<report>
				<misses>123000001</misses>
				<total>0</total>
				<timestamp>809.080369</timestamp>
			</report>
			<report>
				<misses>123100001</misses>
				<total>0</total>
				<timestamp>809.739991</timestamp>
			</report>
			<report>
				<misses>123200001</misses>
				<total>0</total>
				<timestamp>810.399076</timestamp>
			</report>
			<report>
				<misses>123300001</misses>
				<total>0</total>
				<timestamp>811.058023</timestamp>
			</report>
			<report>
				<misses>123400001</misses>
				<total>0</total>
				<timestamp>811.716921</timestamp>
			</report>
			<report>
				<misses>123500001</misses>
				<total>0</total>
				<timestamp>812.374722</timestamp>
			</report>
			<report>
				<misses>123600001</misses>
				<total>0</total>
				<timestamp>813.032781</timestamp>
			</report>
			<report>
				<misses>123700001</misses>
				<total>0</total>
				<timestamp>813.690242</timestamp>
			</report>
			<report>
				<misses>123800001</misses>
				<total>0</total>
				<timestamp>814.347676</timestamp>
			</report>
			<report>
				<misses>123900001</misses>
				<total>0</total>
				<timestamp>815.004857</timestamp>
			</report>
			<report>
				<misses>124000001</misses>
				<total>0</total>
				<timestamp>815.663027</timestamp>
			</report>
			<report>
				<misses>124100001</misses>
				<total>0</total>
				<timestamp>816.321075</timestamp>
			</report>
			<report>
				<misses>124200001</misses>
				<total>0</total>
				<timestamp>816.977360</timestamp>
			</report>
			<report>
				<misses>124300001</misses>
				<total>0</total>
				<timestamp>817.633843</timestamp>
			</report>
			<report>
				<misses>124400001</misses>
				<total>0</total>
				<timestamp>818.291906</timestamp>
			</report>
			<report>
				<misses>124500001</misses>
				<total>0</total>
				<timestamp>818.949335</timestamp>
			</report>
			<report>
				<misses>124600001</misses>
				<total>0</total>
				<timestamp>819.605920</timestamp>
			</report>
			<report>
				<misses>124700001</misses>
				<total>0</total>
				<timestamp>820.263136</timestamp>
			</report>
			<report>
				<misses>124800001</misses>
				<total>0</total>
				<timestamp>820.920727</timestamp>
			</report>
			<report>
				<misses>124900001</misses>
				<total>0</total>
				<timestamp>821.577248</timestamp>
			</report>
			<report>
				<misses>125000001</misses>
				<total>0</total>
				<timestamp>822.235263</timestamp>
			</report>
			<report>
				<misses>125100001</misses>
				<total>0</total>
				<timestamp>822.893420</timestamp>
			</report>
			<report>
				<misses>125200001</misses>
				<total>0</total>
				<timestamp>823.552059</timestamp>
			</report>
			<report>
				<misses>125300001</misses>
				<total>0</total>
				<timestamp>824.208478</timestamp>
			</report>
			<report>
				<misses>125400001</misses>
				<total>0</total>
				<timestamp>824.867520</timestamp>
			</report>
			<report>
				<misses>125500001</misses>
				<total>0</total>
				<timestamp>825.525668</timestamp>
			</report>
			<report>
				<misses>125600001</misses>
				<total>0</total>
				<timestamp>826.181397</timestamp>
			</report>
			<report>
				<misses>125700001</misses>
				<total>0</total>
				<timestamp>826.839092</timestamp>
			</report>
			<report>
				<misses>125800001</misses>
				<total>0</total>
				<timestamp>827.497062</timestamp>
			</report>
			<report>
				<misses>125900001</misses>
				<total>0</total>
				<timestamp>828.154419</timestamp>
			</report>
			<report>
				<misses>126000001</misses>
				<total>0</total>
				<timestamp>828.812603</timestamp>
			</report>
			<report>
				<misses>126100001</misses>
				<total>0</total>
				<timestamp>829.470526</timestamp>
			</report>
			<report>
				<misses>126200001</misses>
				<total>0</total>
				<timestamp>830.127312</timestamp>
			</report>
			<report>
				<misses>126300001</misses>
				<total>0</total>
				<timestamp>830.784248</timestamp>
			</report>
			<report>
				<misses>126400001</misses>
				<total>0</total>
				<timestamp>831.442578</timestamp>
			</report>
			<report>
				<misses>126500001</misses>
				<total>0</total>
				<timestamp>832.100182</timestamp>
			</report>
			<report>
				<misses>126600001</misses>
				<total>0</total>
				<timestamp>832.758304</timestamp>
			</report>
			<report>
				<misses>126700001</misses>
				<total>0</total>
				<timestamp>833.416318</timestamp>
			</report>
			<report>
				<misses>126800001</misses>
				<total>0</total>
				<timestamp>834.073609</timestamp>
			</report>
			<report>
				<misses>126900001</misses>
				<total>0</total>
				<timestamp>834.732028</timestamp>
			</report>
			<report>
				<misses>127000001</misses>
				<total>0</total>
				<timestamp>835.389901</timestamp>
			</report>
			<report>
				<misses>127100001</misses>
				<total>0</total>
				<timestamp>836.047809</timestamp>
			</report>
			<report>
				<misses>127200001</misses>
				<total>0</total>
				<timestamp>836.705040</timestamp>
			</report>
			<report>
				<misses>127300001</misses>
				<total>0</total>
				<timestamp>837.363099</timestamp>
			</report>
			<report>
				<misses>127400001</misses>
				<total>0</total>
				<timestamp>838.021081</timestamp>
			</report>
			<report>
				<misses>127500001</misses>
				<total>0</total>
				<timestamp>838.678579</timestamp>
			</report>
			<report>
				<misses>127600001</misses>
				<total>0</total>
				<timestamp>839.336393</timestamp>
			</report>
			<report>
				<misses>127700001</misses>
				<total>0</total>
				<timestamp>839.993010</timestamp>
			</report>
			<report>
				<misses>127800001</misses>
				<total>0</total>
				<timestamp>840.652018</timestamp>
			</report>
			<report>
				<misses>127900001</misses>
				<total>0</total>
				<timestamp>841.311044</timestamp>
			</report>
			<report>
				<misses>128000001</misses>
				<total>0</total>
				<timestamp>841.968378</timestamp>
			</report>
			<report>
				<misses>128100001</misses>
				<total>0</total>
				<timestamp>842.626239</timestamp>
			</report>
			<report>
				<misses>128200001</misses>
				<total>0</total>
				<timestamp>843.284680</timestamp>
			</report>
			<report>
				<misses>128300001</misses>
				<total>0</total>
				<timestamp>843.943097</timestamp>
			</report>
			<report>
				<misses>128400001</misses>
				<total>0</total>
				<timestamp>844.599054</timestamp>
			</report>
			<report>
				<misses>128500001</misses>
				<total>0</total>
				<timestamp>845.256766</timestamp>
			</report>
			<report>
				<misses>128600001</misses>
				<total>0</total>
				<timestamp>845.915414</timestamp>
			</report>
			<report>
				<misses>128700001</misses>
				<total>0</total>
				<timestamp>846.573236</timestamp>
			</report>
			<report>
				<misses>128800001</misses>
				<total>0</total>
				<timestamp>847.230484</timestamp>
			</report>
			<report>
				<misses>128900001</misses>
				<total>0</total>
				<timestamp>847.887464</timestamp>
			</report>
			<report>
				<misses>129000001</misses>
				<total>0</total>
				<timestamp>848.545173</timestamp>
			</report>
			<report>
				<misses>129100001</misses>
				<total>0</total>
				<timestamp>849.202358</timestamp>
			</report>
			<report>
				<misses>129200001</misses>
				<total>0</total>
				<timestamp>849.860607</timestamp>
			</report>
			<report>
				<misses>129300001</misses>
				<total>0</total>
				<timestamp>850.518208</timestamp>
			</report>
			<report>
				<misses>129400001</misses>
				<total>0</total>
				<timestamp>851.175919</timestamp>
			</report>
			<report>
				<misses>129500001</misses>
				<total>0</total>
				<timestamp>851.834118</timestamp>
			</report>
			<report>
				<misses>129600001</misses>
				<total>0</total>
				<timestamp>852.492545</timestamp>
			</report>
			<report>
				<misses>129700001</misses>
				<total>0</total>
				<timestamp>853.150308</timestamp>
			</report>
			<report>
				<misses>129800001</misses>
				<total>0</total>
				<timestamp>853.809889</timestamp>
			</report>
			<report>
				<misses>129900001</misses>
				<total>0</total>
				<timestamp>854.468909</timestamp>
			</report>
			<report>
				<misses>130000001</misses>
				<total>0</total>
				<timestamp>855.127820</timestamp>
			</report>
			<report>
				<misses>130100001</misses>
				<total>0</total>
				<timestamp>855.786969</timestamp>
			</report>
			<report>
				<misses>130200001</misses>
				<total>0</total>
				<timestamp>856.446171</timestamp>
			</report>
			<report>
				<misses>130300001</misses>
				<total>0</total>
				<timestamp>857.105387</timestamp>
			</report>
			<report>
				<misses>130400001</misses>
				<total>0</total>
				<timestamp>857.762943</timestamp>
			</report>
			<report>
				<misses>130500001</misses>
				<total>0</total>
				<timestamp>858.419104</timestamp>
			</report>
			<report>
				<misses>130600001</misses>
				<total>0</total>
				<timestamp>859.075056</timestamp>
			</report>
			<report>
				<misses>130700001</misses>
				<total>0</total>
				<timestamp>859.733242</timestamp>
			</report>
			<report>
				<misses>130800001</misses>
				<total>0</total>
				<timestamp>860.391388</timestamp>
			</report>
			<report>
				<misses>130900001</misses>
				<total>0</total>
				<timestamp>861.048562</timestamp>
			</report>
			<report>
				<misses>131000001</misses>
				<total>0</total>
				<timestamp>861.705890</timestamp>
			</report>
			<report>
				<misses>131100001</misses>
				<total>0</total>
				<timestamp>862.362957</timestamp>
			</report>
			<report>
				<misses>131200001</misses>
				<total>0</total>
				<timestamp>863.020681</timestamp>
			</report>
			<report>
				<misses>131300001</misses>
				<total>0</total>
				<timestamp>863.679573</timestamp>
			</report>
			<report>
				<misses>131400001</misses>
				<total>0</total>
				<timestamp>864.338547</timestamp>
			</report>
			<report>
				<misses>131500001</misses>
				<total>0</total>
				<timestamp>864.996522</timestamp>
			</report>
			<report>
				<misses>131600001</misses>
				<total>0</total>
				<timestamp>865.655491</timestamp>
			</report>
			<report>
				<misses>131700001</misses>
				<total>0</total>
				<timestamp>866.313455</timestamp>
			</report>
			<report>
				<misses>131800001</misses>
				<total>0</total>
				<timestamp>866.970924</timestamp>
			</report>
			<report>
				<misses>131900001</misses>
				<total>0</total>
				<timestamp>867.629508</timestamp>
			</report>
			<report>
				<misses>132000001</misses>
				<total>0</total>
				<timestamp>868.287889</timestamp>
			</report>
			<report>
				<misses>132100001</misses>
				<total>0</total>
				<timestamp>868.945979</timestamp>
			</report>
			<report>
				<misses>132200001</misses>
				<total>0</total>
				<timestamp>869.603572</timestamp>
			</report>
			<report>
				<misses>132300001</misses>
				<total>0</total>
				<timestamp>870.262160</timestamp>
			</report>
			<report>
				<misses>132400001</misses>
				<total>0</total>
				<timestamp>870.920745</timestamp>
			</report>
			<report>
				<misses>132500001</misses>
				<total>0</total>
				<timestamp>871.577806</timestamp>
			</report>
			<report>
				<misses>132600001</misses>
				<total>0</total>
				<timestamp>872.236020</timestamp>
			</report>
			<report>
				<misses>132700001</misses>
				<total>0</total>
				<timestamp>872.893744</timestamp>
			</report>
			<report>
				<misses>132800001</misses>
				<total>0</total>
				<timestamp>873.551257</timestamp>
			</report>
			<report>
				<misses>132900001</misses>
				<total>0</total>
				<timestamp>874.209066</timestamp>
			</report>
			<report>
				<misses>133000001</misses>
				<total>0</total>
				<timestamp>874.866105</timestamp>
			</report>
			<report>
				<misses>133100001</misses>
				<total>0</total>
				<timestamp>875.525179</timestamp>
			</report>
			<report>
				<misses>133200001</misses>
				<total>0</total>
				<timestamp>876.183310</timestamp>
			</report>
			<report>
				<misses>133300001</misses>
				<total>0</total>
				<timestamp>876.839870</timestamp>
			</report>
			<report>
				<misses>133400001</misses>
				<total>0</total>
				<timestamp>877.497602</timestamp>
			</report>
			<report>
				<misses>133500001</misses>
				<total>0</total>
				<timestamp>878.155520</timestamp>
			</report>
			<report>
				<misses>133600001</misses>
				<total>0</total>
				<timestamp>878.814171</timestamp>
			</report>
			<report>
				<misses>133700001</misses>
				<total>0</total>
				<timestamp>879.470816</timestamp>
			</report>
			<report>
				<misses>133800001</misses>
				<total>0</total>
				<timestamp>880.129295</timestamp>
			</report>
			<report>
				<misses>133900001</misses>
				<total>0</total>
				<timestamp>880.787796</timestamp>
			</report>
			<report>
				<misses>134000001</misses>
				<total>0</total>
				<timestamp>881.445980</timestamp>
			</report>
			<report>
				<misses>134100001</misses>
				<total>0</total>
				<timestamp>882.103898</timestamp>
			</report>
			<report>
				<misses>134200001</misses>
				<total>0</total>
				<timestamp>882.761561</timestamp>
			</report>
			<report>
				<misses>134300001</misses>
				<total>0</total>
				<timestamp>883.419387</timestamp>
			</report>
			<report>
				<misses>134400001</misses>
				<total>0</total>
				<timestamp>884.078063</timestamp>
			</report>
			<report>
				<misses>134500001</misses>
				<total>0</total>
				<timestamp>884.735459</timestamp>
			</report>
			<report>
				<misses>134600001</misses>
				<total>0</total>
				<timestamp>885.392990</timestamp>
			</report>
			<report>
				<misses>134700001</misses>
				<total>0</total>
				<timestamp>886.049488</timestamp>
			</report>
			<report>
				<misses>134800001</misses>
				<total>0</total>
				<timestamp>886.707175</timestamp>
			</report>
			<report>
				<misses>134900001</misses>
				<total>0</total>
				<timestamp>887.365196</timestamp>
			</report>
			<report>
				<misses>135000001</misses>
				<total>0</total>
				<timestamp>888.023282</timestamp>
			</report>
			<report>
				<misses>135100001</misses>
				<total>0</total>
				<timestamp>888.681354</timestamp>
			</report>
			<report>
				<misses>135200001</misses>
				<total>0</total>
				<timestamp>889.338664</timestamp>
			</report>
			<report>
				<misses>135300001</misses>
				<total>0</total>
				<timestamp>889.996649</timestamp>
			</report>
			<report>
				<misses>135400001</misses>
				<total>0</total>
				<timestamp>890.653400</timestamp>
			</report>
			<report>
				<misses>135500001</misses>
				<total>0</total>
				<timestamp>891.311959</timestamp>
			</report>
			<report>
				<misses>135600001</misses>
				<total>0</total>
				<timestamp>891.969752</timestamp>
			</report>
			<report>
				<misses>135700001</misses>
				<total>0</total>
				<timestamp>892.627664</timestamp>
			</report>
			<report>
				<misses>135800001</misses>
				<total>0</total>
				<timestamp>893.284744</timestamp>
			</report>
			<report>
				<misses>135900001</misses>
				<total>0</total>
				<timestamp>893.943820</timestamp>
			</report>
			<report>
				<misses>136000001</misses>
				<total>0</total>
				<timestamp>894.601990</timestamp>
			</report>
			<report>
				<misses>136100001</misses>
				<total>0</total>
				<timestamp>895.259713</timestamp>
			</report>
			<report>
				<misses>136200001</misses>
				<total>0</total>
				<timestamp>895.917246</timestamp>
			</report>
			<report>
				<misses>136300001</misses>
				<total>0</total>
				<timestamp>896.573351</timestamp>
			</report>
			<report>
				<misses>136400001</misses>
				<total>0</total>
				<timestamp>897.231611</timestamp>
			</report>
			<report>
				<misses>136500001</misses>
				<total>0</total>
				<timestamp>897.890712</timestamp>
			</report>
			<report>
				<misses>136600001</misses>
				<total>0</total>
				<timestamp>898.549959</timestamp>
			</report>
			<report>
				<misses>136700001</misses>
				<total>0</total>
				<timestamp>899.209258</timestamp>
			</report>
			<report>
				<misses>136800001</misses>
				<total>0</total>
				<timestamp>899.868446</timestamp>
			</report>
			<report>
				<misses>136900001</misses>
				<total>0</total>
				<timestamp>900.527328</timestamp>
			</report>
			<report>
				<misses>137000001</misses>
				<total>0</total>
				<timestamp>901.186488</timestamp>
			</report>
			<report>
				<misses>137100001</misses>
				<total>0</total>
				<timestamp>901.844898</timestamp>
			</report>
			<report>
				<misses>137200001</misses>
				<total>0</total>
				<timestamp>902.502913</timestamp>
			</report>
			<report>
				<misses>137300001</misses>
				<total>0</total>
				<timestamp>903.159601</timestamp>
			</report>
			<report>
				<misses>137400001</misses>
				<total>0</total>
				<timestamp>903.816720</timestamp>
			</report>
			<report>
				<misses>137500001</misses>
				<total>0</total>
				<timestamp>904.473812</timestamp>
			</report>
			<report>
				<misses>137600001</misses>
				<total>0</total>
				<timestamp>905.131714</timestamp>
			</report>
			<report>
				<misses>137700001</misses>
				<total>0</total>
				<timestamp>905.789200</timestamp>
			</report>
			<report>
				<misses>137800001</misses>
				<total>0</total>
				<timestamp>906.446738</timestamp>
			</report>
			<report>
				<misses>137900001</misses>
				<total>0</total>
				<timestamp>907.103930</timestamp>
			</report>
			<report>
				<misses>138000001</misses>
				<total>0</total>
				<timestamp>907.761968</timestamp>
			</report>
			<report>
				<misses>138100001</misses>
				<total>0</total>
				<timestamp>908.420844</timestamp>
			</report>
			<report>
				<misses>138200001</misses>
				<total>0</total>
				<timestamp>909.076866</timestamp>
			</report>
			<report>
				<misses>138300001</misses>
				<total>0</total>
				<timestamp>909.734769</timestamp>
			</report>
			<report>
				<misses>138400001</misses>
				<total>0</total>
				<timestamp>910.392166</timestamp>
			</report>
			<report>
				<misses>138500001</misses>
				<total>0</total>
				<timestamp>911.049923</timestamp>
			</report>
			<report>
				<misses>138600001</misses>
				<total>0</total>
				<timestamp>911.707233</timestamp>
			</report>
			<report>
				<misses>138700001</misses>
				<total>0</total>
				<timestamp>912.364346</timestamp>
			</report>
			<report>
				<misses>138800001</misses>
				<total>0</total>
				<timestamp>913.021205</timestamp>
			</report>
			<report>
				<misses>138900001</misses>
				<total>0</total>
				<timestamp>913.678485</timestamp>
			</report>
			<report>
				<misses>139000001</misses>
				<total>0</total>
				<timestamp>914.336952</timestamp>
			</report>
			<report>
				<misses>139100001</misses>
				<total>0</total>
				<timestamp>914.992945</timestamp>
			</report>
			<report>
				<misses>139200001</misses>
				<total>0</total>
				<timestamp>915.650712</timestamp>
			</report>
			<report>
				<misses>139300001</misses>
				<total>0</total>
				<timestamp>916.309498</timestamp>
			</report>
			<report>
				<misses>139400001</misses>
				<total>0</total>
				<timestamp>916.966048</timestamp>
			</report>
			<report>
				<misses>139500001</misses>
				<total>0</total>
				<timestamp>917.623711</timestamp>
			</report>
			<report>
				<misses>139600001</misses>
				<total>0</total>
				<timestamp>918.282062</timestamp>
			</report>
			<report>
				<misses>139700001</misses>
				<total>0</total>
				<timestamp>918.939666</timestamp>
			</report>
			<report>
				<misses>139800001</misses>
				<total>0</total>
				<timestamp>919.598319</timestamp>
			</report>
			<report>
				<misses>139900001</misses>
				<total>0</total>
				<timestamp>920.255895</timestamp>
			</report>
			<report>
				<misses>140000001</misses>
				<total>0</total>
				<timestamp>920.912899</timestamp>
			</report>
			<report>
				<misses>140100001</misses>
				<total>0</total>
				<timestamp>921.568825</timestamp>
			</report>
			<report>
				<misses>140200001</misses>
				<total>0</total>
				<timestamp>922.226074</timestamp>
			</report>
			<report>
				<misses>140300001</misses>
				<total>0</total>
				<timestamp>922.883859</timestamp>
			</report>
			<report>
				<misses>140400001</misses>
				<total>0</total>
				<timestamp>923.541587</timestamp>
			</report>
			<report>
				<misses>140500001</misses>
				<total>0</total>
				<timestamp>924.198375</timestamp>
			</report>
			<report>
				<misses>140600001</misses>
				<total>0</total>
				<timestamp>924.856490</timestamp>
			</report>
			<report>
				<misses>140700001</misses>
				<total>0</total>
				<timestamp>925.514874</timestamp>
			</report>
			<report>
				<misses>140800001</misses>
				<total>0</total>
				<timestamp>926.173063</timestamp>
			</report>
			<report>
				<misses>140900001</misses>
				<total>0</total>
				<timestamp>926.830235</timestamp>
			</report>
			<report>
				<misses>141000001</misses>
				<total>0</total>
				<timestamp>927.487052</timestamp>
			</report>
			<report>
				<misses>141100001</misses>
				<total>0</total>
				<timestamp>928.145011</timestamp>
			</report>
			<report>
				<misses>141200001</misses>
				<total>0</total>
				<timestamp>928.801495</timestamp>
			</report>
			<report>
				<misses>141300001</misses>
				<total>0</total>
				<timestamp>929.457103</timestamp>
			</report>
			<report>
				<misses>141400001</misses>
				<total>0</total>
				<timestamp>930.113873</timestamp>
			</report>
			<report>
				<misses>141500001</misses>
				<total>0</total>
				<timestamp>930.771162</timestamp>
			</report>
			<report>
				<misses>141600001</misses>
				<total>0</total>
				<timestamp>931.428604</timestamp>
			</report>
			<report>
				<misses>141700001</misses>
				<total>0</total>
				<timestamp>932.086014</timestamp>
			</report>
			<report>
				<misses>141800001</misses>
				<total>0</total>
				<timestamp>932.744259</timestamp>
			</report>
			<report>
				<misses>141900001</misses>
				<total>0</total>
				<timestamp>933.401079</timestamp>
			</report>
			<report>
				<misses>142000001</misses>
				<total>0</total>
				<timestamp>934.059377</timestamp>
			</report>
			<report>
				<misses>142100001</misses>
				<total>0</total>
				<timestamp>934.718007</timestamp>
			</report>
			<report>
				<misses>142200001</misses>
				<total>0</total>
				<timestamp>935.376247</timestamp>
			</report>
			<report>
				<misses>142300001</misses>
				<total>0</total>
				<timestamp>936.034772</timestamp>
			</report>
			<report>
				<misses>142400001</misses>
				<total>0</total>
				<timestamp>936.692948</timestamp>
			</report>
			<report>
				<misses>142500001</misses>
				<total>0</total>
				<timestamp>937.350676</timestamp>
			</report>
			<report>
				<misses>142600001</misses>
				<total>0</total>
				<timestamp>938.006845</timestamp>
			</report>
			<report>
				<misses>142700001</misses>
				<total>0</total>
				<timestamp>938.664227</timestamp>
			</report>
			<report>
				<misses>142800001</misses>
				<total>0</total>
				<timestamp>939.322119</timestamp>
			</report>
			<report>
				<misses>142900001</misses>
				<total>0</total>
				<timestamp>939.979558</timestamp>
			</report>
			<report>
				<misses>143000001</misses>
				<total>0</total>
				<timestamp>940.635748</timestamp>
			</report>
			<report>
				<misses>143100001</misses>
				<total>0</total>
				<timestamp>941.292303</timestamp>
			</report>
			<report>
				<misses>143200001</misses>
				<total>0</total>
				<timestamp>941.950354</timestamp>
			</report>
			<report>
				<misses>143300001</misses>
				<total>0</total>
				<timestamp>942.608644</timestamp>
			</report>
			<report>
				<misses>143400001</misses>
				<total>0</total>
				<timestamp>943.268285</timestamp>
			</report>
			<report>
				<misses>143500001</misses>
				<total>0</total>
				<timestamp>943.926953</timestamp>
			</report>
			<report>
				<misses>143600001</misses>
				<total>0</total>
				<timestamp>944.586285</timestamp>
			</report>
			<report>
				<misses>143700001</misses>
				<total>0</total>
				<timestamp>945.244111</timestamp>
			</report>
			<report>
				<misses>143800001</misses>
				<total>0</total>
				<timestamp>945.903759</timestamp>
			</report>
			<report>
				<misses>143900001</misses>
				<total>0</total>
				<timestamp>946.561372</timestamp>
			</report>
			<report>
				<misses>144000001</misses>
				<total>0</total>
				<timestamp>947.220606</timestamp>
			</report>
			<report>
				<misses>144100001</misses>
				<total>0</total>
				<timestamp>947.878701</timestamp>
			</report>
			<report>
				<misses>144200001</misses>
				<total>0</total>
				<timestamp>948.535881</timestamp>
			</report>
			<report>
				<misses>144300001</misses>
				<total>0</total>
				<timestamp>949.194107</timestamp>
			</report>
			<report>
				<misses>144400001</misses>
				<total>0</total>
				<timestamp>949.852524</timestamp>
			</report>
			<report>
				<misses>144500001</misses>
				<total>0</total>
				<timestamp>950.511069</timestamp>
			</report>
			<report>
				<misses>144600001</misses>
				<total>0</total>
				<timestamp>951.167662</timestamp>
			</report>
			<report>
				<misses>144700001</misses>
				<total>0</total>
				<timestamp>951.825036</timestamp>
			</report>
			<report>
				<misses>144800001</misses>
				<total>0</total>
				<timestamp>952.482240</timestamp>
			</report>
			<report>
				<misses>144900001</misses>
				<total>0</total>
				<timestamp>953.137568</timestamp>
			</report>
			<report>
				<misses>145000001</misses>
				<total>0</total>
				<timestamp>953.794677</timestamp>
			</report>
			<report>
				<misses>145100001</misses>
				<total>0</total>
				<timestamp>954.451448</timestamp>
			</report>
			<report>
				<misses>145200001</misses>
				<total>0</total>
				<timestamp>955.108772</timestamp>
			</report>
			<report>
				<misses>145300001</misses>
				<total>0</total>
				<timestamp>955.766211</timestamp>
			</report>
			<report>
				<misses>145400001</misses>
				<total>0</total>
				<timestamp>956.423819</timestamp>
			</report>
			<report>
				<misses>145500001</misses>
				<total>0</total>
				<timestamp>957.080014</timestamp>
			</report>
			<report>
				<misses>145600001</misses>
				<total>0</total>
				<timestamp>957.737021</timestamp>
			</report>
			<report>
				<misses>145700001</misses>
				<total>0</total>
				<timestamp>958.393961</timestamp>
			</report>
			<report>
				<misses>145800001</misses>
				<total>0</total>
				<timestamp>959.051748</timestamp>
			</report>
			<report>
				<misses>145900001</misses>
				<total>0</total>
				<timestamp>959.708440</timestamp>
			</report>
			<report>
				<misses>146000001</misses>
				<total>0</total>
				<timestamp>960.365336</timestamp>
			</report>
			<report>
				<misses>146100001</misses>
				<total>0</total>
				<timestamp>961.022690</timestamp>
			</report>
			<report>
				<misses>146200001</misses>
				<total>0</total>
				<timestamp>961.680232</timestamp>
			</report>
			<report>
				<misses>146300001</misses>
				<total>0</total>
				<timestamp>962.336084</timestamp>
			</report>
			<report>
				<misses>146400001</misses>
				<total>0</total>
				<timestamp>962.994248</timestamp>
			</report>
			<report>
				<misses>146500001</misses>
				<total>0</total>
				<timestamp>963.650845</timestamp>
			</report>
			<report>
				<misses>146600001</misses>
				<total>0</total>
				<timestamp>964.308022</timestamp>
			</report>
			<report>
				<misses>146700001</misses>
				<total>0</total>
				<timestamp>964.966057</timestamp>
			</report>
			<report>
				<misses>146800001</misses>
				<total>0</total>
				<timestamp>965.622582</timestamp>
			</report>
			<report>
				<misses>146900001</misses>
				<total>0</total>
				<timestamp>966.279537</timestamp>
			</report>
			<report>
				<misses>147000001</misses>
				<total>0</total>
				<timestamp>966.936361</timestamp>
			</report>
			<report>
				<misses>147100001</misses>
				<total>0</total>
				<timestamp>967.593903</timestamp>
			</report>
			<report>
				<misses>147200001</misses>
				<total>0</total>
				<timestamp>968.250249</timestamp>
			</report>
			<report>
				<misses>147300001</misses>
				<total>0</total>
				<timestamp>968.906848</timestamp>
			</report>
			<report>
				<misses>147400001</misses>
				<total>0</total>
				<timestamp>969.564814</timestamp>
			</report>
			<report>
				<misses>147500001</misses>
				<total>0</total>
				<timestamp>970.221824</timestamp>
			</report>
			<report>
				<misses>147600001</misses>
				<total>0</total>
				<timestamp>970.881068</timestamp>
			</report>
			<report>
				<misses>147700001</misses>
				<total>0</total>
				<timestamp>971.537650</timestamp>
			</report>
			<report>
				<misses>147800001</misses>
				<total>0</total>
				<timestamp>972.195054</timestamp>
			</report>
			<report>
				<misses>147900001</misses>
				<total>0</total>
				<timestamp>972.853220</timestamp>
			</report>
			<report>
				<misses>148000001</misses>
				<total>0</total>
				<timestamp>973.511824</timestamp>
			</report>
			<report>
				<misses>148100001</misses>
				<total>0</total>
				<timestamp>974.169164</timestamp>
			</report>
			<report>
				<misses>148200001</misses>
				<total>0</total>
				<timestamp>974.826471</timestamp>
			</report>
			<report>
				<misses>148300001</misses>
				<total>0</total>
				<timestamp>975.484032</timestamp>
			</report>
			<report>
				<misses>148400001</misses>
				<total>0</total>
				<timestamp>976.141355</timestamp>
			</report>
			<report>
				<misses>148500001</misses>
				<total>0</total>
				<timestamp>976.798389</timestamp>
			</report>
			<report>
				<misses>148600001</misses>
				<total>0</total>
				<timestamp>977.456281</timestamp>
			</report>
			<report>
				<misses>148700001</misses>
				<total>0</total>
				<timestamp>978.113680</timestamp>
			</report>
			<report>
				<misses>148800001</misses>
				<total>0</total>
				<timestamp>978.769513</timestamp>
			</report>
			<report>
				<misses>148900001</misses>
				<total>0</total>
				<timestamp>979.425578</timestamp>
			</report>
			<report>
				<misses>149000001</misses>
				<total>0</total>
				<timestamp>980.082583</timestamp>
			</report>
			<report>
				<misses>149100001</misses>
				<total>0</total>
				<timestamp>980.740057</timestamp>
			</report>
			<report>
				<misses>149200001</misses>
				<total>0</total>
				<timestamp>981.397785</timestamp>
			</report>
			<report>
				<misses>149300001</misses>
				<total>0</total>
				<timestamp>982.054426</timestamp>
			</report>
			<report>
				<misses>149400001</misses>
				<total>0</total>
				<timestamp>982.711899</timestamp>
			</report>
			<report>
				<misses>149500001</misses>
				<total>0</total>
				<timestamp>983.369868</timestamp>
			</report>
			<report>
				<misses>149600001</misses>
				<total>0</total>
				<timestamp>984.027760</timestamp>
			</report>
			<report>
				<misses>149700001</misses>
				<total>0</total>
				<timestamp>984.684231</timestamp>
			</report>
			<report>
				<misses>149800001</misses>
				<total>0</total>
				<timestamp>985.341600</timestamp>
			</report>
			<report>
				<misses>149900001</misses>
				<total>0</total>
				<timestamp>985.999162</timestamp>
			</report>
			<report>
				<misses>150000001</misses>
				<total>0</total>
				<timestamp>986.655544</timestamp>
			</report>
			<report>
				<misses>150100001</misses>
				<total>0</total>
				<timestamp>987.310983</timestamp>
			</report>
			<report>
				<misses>150200001</misses>
				<total>0</total>
				<timestamp>987.968251</timestamp>
			</report>
			<report>
				<misses>150300001</misses>
				<total>0</total>
				<timestamp>988.626751</timestamp>
			</report>
			<report>
				<misses>150400001</misses>
				<total>0</total>
				<timestamp>989.286138</timestamp>
			</report>
			<report>
				<misses>150500001</misses>
				<total>0</total>
				<timestamp>989.944149</timestamp>
			</report>
			<report>
				<misses>150600001</misses>
				<total>0</total>
				<timestamp>990.603069</timestamp>
			</report>
			<report>
				<misses>150700001</misses>
				<total>0</total>
				<timestamp>991.261583</timestamp>
			</report>
			<report>
				<misses>150800001</misses>
				<total>0</total>
				<timestamp>991.919747</timestamp>
			</report>
			<report>
				<misses>150900001</misses>
				<total>0</total>
				<timestamp>992.577588</timestamp>
			</report>
			<report>
				<misses>151000001</misses>
				<total>0</total>
				<timestamp>993.235511</timestamp>
			</report>
			<report>
				<misses>151100001</misses>
				<total>0</total>
				<timestamp>993.891767</timestamp>
			</report>
			<report>
				<misses>151200001</misses>
				<total>0</total>
				<timestamp>994.549132</timestamp>
			</report>
			<report>
				<misses>151300001</misses>
				<total>0</total>
				<timestamp>995.205058</timestamp>
			</report>
			<report>
				<misses>151400001</misses>
				<total>0</total>
				<timestamp>995.862231</timestamp>
			</report>
			<report>
				<misses>151500001</misses>
				<total>0</total>
				<timestamp>996.519488</timestamp>
			</report>
			<report>
				<misses>151600001</misses>
				<total>0</total>
				<timestamp>997.176560</timestamp>
			</report>
			<report>
				<misses>151700001</misses>
				<total>0</total>
				<timestamp>997.833264</timestamp>
			</report>
			<report>
				<misses>151800001</misses>
				<total>0</total>
				<timestamp>998.491044</timestamp>
			</report>
			<report>
				<misses>151900001</misses>
				<total>0</total>
				<timestamp>999.146468</timestamp>
			</report>
			<report>
				<misses>152000001</misses>
				<total>0</total>
				<timestamp>999.804594</timestamp>
			</report>
			<report>
				<misses>152100001</misses>
				<total>0</total>
				<timestamp>1000.462158</timestamp>
			</report>
			<report>
				<misses>152200001</misses>
				<total>0</total>
				<timestamp>1001.118983</timestamp>
			</report>
			<report>
				<misses>152300001</misses>
				<total>0</total>
				<timestamp>1001.776059</timestamp>
			</report>
			<report>
				<misses>152400001</misses>
				<total>0</total>
				<timestamp>1002.433855</timestamp>
			</report>
			<report>
				<misses>152500001</misses>
				<total>0</total>
				<timestamp>1003.091498</timestamp>
			</report>
			<report>
				<misses>152600001</misses>
				<total>0</total>
				<timestamp>1003.748211</timestamp>
			</report>
			<report>
				<misses>152700001</misses>
				<total>0</total>
				<timestamp>1004.405333</timestamp>
			</report>
			<report>
				<misses>152800001</misses>
				<total>0</total>
				<timestamp>1005.062879</timestamp>
			</report>
			<report>
				<misses>152900001</misses>
				<total>0</total>
				<timestamp>1005.719699</timestamp>
			</report>
			<report>
				<misses>153000001</misses>
				<total>0</total>
				<timestamp>1006.377001</timestamp>
			</report>
			<report>
				<misses>153100001</misses>
				<total>0</total>
				<timestamp>1007.034587</timestamp>
			</report>
			<report>
				<misses>153200001</misses>
				<total>0</total>
				<timestamp>1007.690386</timestamp>
			</report>
			<report>
				<misses>153300001</misses>
				<total>0</total>
				<timestamp>1008.347368</timestamp>
			</report>
			<report>
				<misses>153400001</misses>
				<total>0</total>
				<timestamp>1009.006038</timestamp>
			</report>
			<report>
				<misses>153500001</misses>
				<total>0</total>
				<timestamp>1009.663499</timestamp>
			</report>
			<report>
				<misses>153600001</misses>
				<total>0</total>
				<timestamp>1010.321967</timestamp>
			</report>
			<report>
				<misses>153700001</misses>
				<total>0</total>
				<timestamp>1010.979206</timestamp>
			</report>
			<report>
				<misses>153800001</misses>
				<total>0</total>
				<timestamp>1011.636989</timestamp>
			</report>
			<report>
				<misses>153900001</misses>
				<total>0</total>
				<timestamp>1012.293033</timestamp>
			</report>
			<report>
				<misses>154000001</misses>
				<total>0</total>
				<timestamp>1012.950176</timestamp>
			</report>
			<report>
				<misses>154100001</misses>
				<total>0</total>
				<timestamp>1013.607217</timestamp>
			</report>
			<report>
				<misses>154200001</misses>
				<total>0</total>
				<timestamp>1014.265206</timestamp>
			</report>
			<report>
				<misses>154300001</misses>
				<total>0</total>
				<timestamp>1014.921954</timestamp>
			</report>
			<report>
				<misses>154400001</misses>
				<total>0</total>
				<timestamp>1015.578749</timestamp>
			</report>
			<report>
				<misses>154500001</misses>
				<total>0</total>
				<timestamp>1016.235317</timestamp>
			</report>
			<report>
				<misses>154600001</misses>
				<total>0</total>
				<timestamp>1016.892867</timestamp>
			</report>
			<report>
				<misses>154700001</misses>
				<total>0</total>
				<timestamp>1017.548379</timestamp>
			</report>
			<report>
				<misses>154800001</misses>
				<total>0</total>
				<timestamp>1018.205735</timestamp>
			</report>
			<report>
				<misses>154900001</misses>
				<total>0</total>
				<timestamp>1018.863233</timestamp>
			</report>
			<report>
				<misses>155000001</misses>
				<total>0</total>
				<timestamp>1019.520311</timestamp>
			</report>
			<report>
				<misses>155100001</misses>
				<total>0</total>
				<timestamp>1020.178139</timestamp>
			</report>
			<report>
				<misses>155200001</misses>
				<total>0</total>
				<timestamp>1020.834208</timestamp>
			</report>
			<report>
				<misses>155300001</misses>
				<total>0</total>
				<timestamp>1021.492659</timestamp>
			</report>
			<report>
				<misses>155400001</misses>
				<total>0</total>
				<timestamp>1022.149189</timestamp>
			</report>
			<report>
				<misses>155500001</misses>
				<total>0</total>
				<timestamp>1022.806149</timestamp>
			</report>
			<report>
				<misses>155600001</misses>
				<total>0</total>
				<timestamp>1023.464161</timestamp>
			</report>
			<report>
				<misses>155700001</misses>
				<total>0</total>
				<timestamp>1024.121166</timestamp>
			</report>
			<report>
				<misses>155800001</misses>
				<total>0</total>
				<timestamp>1024.778119</timestamp>
			</report>
			<report>
				<misses>155900001</misses>
				<total>0</total>
				<timestamp>1025.435096</timestamp>
			</report>
			<report>
				<misses>156000001</misses>
				<total>0</total>
				<timestamp>1026.092266</timestamp>
			</report>
			<report>
				<misses>156100001</misses>
				<total>0</total>
				<timestamp>1026.749185</timestamp>
			</report>
			<report>
				<misses>156200001</misses>
				<total>0</total>
				<timestamp>1027.407777</timestamp>
			</report>
			<report>
				<misses>156300001</misses>
				<total>0</total>
				<timestamp>1028.066175</timestamp>
			</report>
			<report>
				<misses>156400001</misses>
				<total>0</total>
				<timestamp>1028.724157</timestamp>
			</report>
			<report>
				<misses>156500001</misses>
				<total>0</total>
				<timestamp>1029.380201</timestamp>
			</report>
			<report>
				<misses>156600001</misses>
				<total>0</total>
				<timestamp>1030.037342</timestamp>
			</report>
			<report>
				<misses>156700001</misses>
				<total>0</total>
				<timestamp>1030.694100</timestamp>
			</report>
			<report>
				<misses>156800001</misses>
				<total>0</total>
				<timestamp>1031.351632</timestamp>
			</report>
			<report>
				<misses>156900001</misses>
				<total>0</total>
				<timestamp>1032.008709</timestamp>
			</report>
			<report>
				<misses>157000001</misses>
				<total>0</total>
				<timestamp>1032.666375</timestamp>
			</report>
			<report>
				<misses>157100001</misses>
				<total>0</total>
				<timestamp>1033.323669</timestamp>
			</report>
			<report>
				<misses>157200001</misses>
				<total>0</total>
				<timestamp>1033.980853</timestamp>
			</report>
			<report>
				<misses>157300001</misses>
				<total>0</total>
				<timestamp>1034.639881</timestamp>
			</report>
			<report>
				<misses>157400001</misses>
				<total>0</total>
				<timestamp>1035.298465</timestamp>
			</report>
			<report>
				<misses>157500001</misses>
				<total>0</total>
				<timestamp>1035.957069</timestamp>
			</report>
			<report>
				<misses>157600001</misses>
				<total>0</total>
				<timestamp>1036.615809</timestamp>
			</report>
			<report>
				<misses>157700001</misses>
				<total>0</total>
				<timestamp>1037.274448</timestamp>
			</report>
			<report>
				<misses>157800001</misses>
				<total>0</total>
				<timestamp>1037.932764</timestamp>
			</report>
			<report>
				<misses>157900001</misses>
				<total>0</total>
				<timestamp>1038.588649</timestamp>
			</report>
			<report>
				<misses>158000001</misses>
				<total>0</total>
				<timestamp>1039.248219</timestamp>
			</report>
			<report>
				<misses>158100001</misses>
				<total>0</total>
				<timestamp>1039.905851</timestamp>
			</report>
			<report>
				<misses>158200001</misses>
				<total>0</total>
				<timestamp>1040.562924</timestamp>
			</report>
			<report>
				<misses>158300001</misses>
				<total>0</total>
				<timestamp>1041.220708</timestamp>
			</report>
			<report>
				<misses>158400001</misses>
				<total>0</total>
				<timestamp>1041.877773</timestamp>
			</report>
			<report>
				<misses>158500001</misses>
				<total>0</total>
				<timestamp>1042.534684</timestamp>
			</report>
			<report>
				<misses>158600001</misses>
				<total>0</total>
				<timestamp>1043.192521</timestamp>
			</report>
			<report>
				<misses>158700001</misses>
				<total>0</total>
				<timestamp>1043.848601</timestamp>
			</report>
			<report>
				<misses>158800001</misses>
				<total>0</total>
				<timestamp>1044.505780</timestamp>
			</report>
			<report>
				<misses>158900001</misses>
				<total>0</total>
				<timestamp>1045.163978</timestamp>
			</report>
			<report>
				<misses>159000001</misses>
				<total>0</total>
				<timestamp>1045.821823</timestamp>
			</report>
			<report>
				<misses>159100001</misses>
				<total>0</total>
				<timestamp>1046.479499</timestamp>
			</report>
			<report>
				<misses>159200001</misses>
				<total>0</total>
				<timestamp>1047.136439</timestamp>
			</report>
			<report>
				<misses>159300001</misses>
				<total>0</total>
				<timestamp>1047.794529</timestamp>
			</report>
			<report>
				<misses>159400001</misses>
				<total>0</total>
				<timestamp>1048.452116</timestamp>
			</report>
			<report>
				<misses>159500001</misses>
				<total>0</total>
				<timestamp>1049.108095</timestamp>
			</report>
			<report>
				<misses>159600001</misses>
				<total>0</total>
				<timestamp>1049.765374</timestamp>
			</report>
			<report>
				<misses>159700001</misses>
				<total>0</total>
				<timestamp>1050.422825</timestamp>
			</report>
			<report>
				<misses>159800001</misses>
				<total>0</total>
				<timestamp>1051.080665</timestamp>
			</report>
			<report>
				<misses>159900001</misses>
				<total>0</total>
				<timestamp>1051.738860</timestamp>
			</report>
			<report>
				<misses>160000001</misses>
				<total>0</total>
				<timestamp>1052.395453</timestamp>
			</report>
			<report>
				<misses>160100001</misses>
				<total>0</total>
				<timestamp>1053.052521</timestamp>
			</report>
			<report>
				<misses>160200001</misses>
				<total>0</total>
				<timestamp>1053.710349</timestamp>
			</report>
			<report>
				<misses>160300001</misses>
				<total>0</total>
				<timestamp>1054.368051</timestamp>
			</report>
			<report>
				<misses>160400001</misses>
				<total>0</total>
				<timestamp>1055.025419</timestamp>
			</report>
			<report>
				<misses>160500001</misses>
				<total>0</total>
				<timestamp>1055.683527</timestamp>
			</report>
			<report>
				<misses>160600001</misses>
				<total>0</total>
				<timestamp>1056.341339</timestamp>
			</report>
			<report>
				<misses>160700001</misses>
				<total>0</total>
				<timestamp>1056.998090</timestamp>
			</report>
			<report>
				<misses>160800001</misses>
				<total>0</total>
				<timestamp>1057.656815</timestamp>
			</report>
			<report>
				<misses>160900001</misses>
				<total>0</total>
				<timestamp>1058.314492</timestamp>
			</report>
			<report>
				<misses>161000001</misses>
				<total>0</total>
				<timestamp>1058.971479</timestamp>
			</report>
			<report>
				<misses>161100001</misses>
				<total>0</total>
				<timestamp>1059.628843</timestamp>
			</report>
			<report>
				<misses>161200001</misses>
				<total>0</total>
				<timestamp>1060.286593</timestamp>
			</report>
			<report>
				<misses>161300001</misses>
				<total>0</total>
				<timestamp>1060.943396</timestamp>
			</report>
			<report>
				<misses>161400001</misses>
				<total>0</total>
				<timestamp>1061.600015</timestamp>
			</report>
			<report>
				<misses>161500001</misses>
				<total>0</total>
				<timestamp>1062.257187</timestamp>
			</report>
			<report>
				<misses>161600001</misses>
				<total>0</total>
				<timestamp>1062.914720</timestamp>
			</report>
			<report>
				<misses>161700001</misses>
				<total>0</total>
				<timestamp>1063.572866</timestamp>
			</report>
			<report>
				<misses>161800001</misses>
				<total>0</total>
				<timestamp>1064.231194</timestamp>
			</report>
			<report>
				<misses>161900001</misses>
				<total>0</total>
				<timestamp>1064.889392</timestamp>
			</report>
			<report>
				<misses>162000001</misses>
				<total>0</total>
				<timestamp>1065.546382</timestamp>
			</report>
			<report>
				<misses>162100001</misses>
				<total>0</total>
				<timestamp>1066.204395</timestamp>
			</report>
			<report>
				<misses>162200001</misses>
				<total>0</total>
				<timestamp>1066.862385</timestamp>
			</report>
			<report>
				<misses>162300001</misses>
				<total>0</total>
				<timestamp>1067.519244</timestamp>
			</report>
			<report>
				<misses>162400001</misses>
				<total>0</total>
				<timestamp>1068.176231</timestamp>
			</report>
			<report>
				<misses>162500001</misses>
				<total>0</total>
				<timestamp>1068.834001</timestamp>
			</report>
			<report>
				<misses>162600001</misses>
				<total>0</total>
				<timestamp>1069.491259</timestamp>
			</report>
			<report>
				<misses>162700001</misses>
				<total>0</total>
				<timestamp>1070.149866</timestamp>
			</report>
			<report>
				<misses>162800001</misses>
				<total>0</total>
				<timestamp>1070.808350</timestamp>
			</report>
			<report>
				<misses>162900001</misses>
				<total>0</total>
				<timestamp>1071.466255</timestamp>
			</report>
			<report>
				<misses>163000001</misses>
				<total>0</total>
				<timestamp>1072.124202</timestamp>
			</report>
			<report>
				<misses>163100001</misses>
				<total>0</total>
				<timestamp>1072.779085</timestamp>
			</report>
			<report>
				<misses>163200001</misses>
				<total>0</total>
				<timestamp>1073.437951</timestamp>
			</report>
			<report>
				<misses>163300001</misses>
				<total>0</total>
				<timestamp>1074.094419</timestamp>
			</report>
			<report>
				<misses>163400001</misses>
				<total>0</total>
				<timestamp>1074.752124</timestamp>
			</report>
			<report>
				<misses>163500001</misses>
				<total>0</total>
				<timestamp>1075.409549</timestamp>
			</report>
			<report>
				<misses>163600001</misses>
				<total>0</total>
				<timestamp>1076.067348</timestamp>
			</report>
			<report>
				<misses>163700001</misses>
				<total>0</total>
				<timestamp>1076.724875</timestamp>
			</report>
			<report>
				<misses>163800001</misses>
				<total>0</total>
				<timestamp>1077.381417</timestamp>
			</report>
			<report>
				<misses>163900001</misses>
				<total>0</total>
				<timestamp>1078.039447</timestamp>
			</report>
			<report>
				<misses>164000001</misses>
				<total>0</total>
				<timestamp>1078.695606</timestamp>
			</report>
			<report>
				<misses>164100001</misses>
				<total>0</total>
				<timestamp>1079.352688</timestamp>
			</report>
			<report>
				<misses>164200001</misses>
				<total>0</total>
				<timestamp>1080.009619</timestamp>
			</report>
			<report>
				<misses>164300001</misses>
				<total>0</total>
				<timestamp>1080.667598</timestamp>
			</report>
			<report>
				<misses>164400001</misses>
				<total>0</total>
				<timestamp>1081.326099</timestamp>
			</report>
			<report>
				<misses>164500001</misses>
				<total>0</total>
				<timestamp>1081.983977</timestamp>
			</report>
			<report>
				<misses>164600001</misses>
				<total>0</total>
				<timestamp>1082.643215</timestamp>
			</report>
			<report>
				<misses>164700001</misses>
				<total>0</total>
				<timestamp>1083.302094</timestamp>
			</report>
			<report>
				<misses>164800001</misses>
				<total>0</total>
				<timestamp>1083.961052</timestamp>
			</report>
			<report>
				<misses>164900001</misses>
				<total>0</total>
				<timestamp>1084.619370</timestamp>
			</report>
			<report>
				<misses>165000001</misses>
				<total>0</total>
				<timestamp>1085.277360</timestamp>
			</report>
			<report>
				<misses>165100001</misses>
				<total>0</total>
				<timestamp>1085.936030</timestamp>
			</report>
			<report>
				<misses>165200001</misses>
				<total>0</total>
				<timestamp>1086.593835</timestamp>
			</report>
			<report>
				<misses>165300001</misses>
				<total>0</total>
				<timestamp>1087.251277</timestamp>
			</report>
			<report>
				<misses>165400001</misses>
				<total>0</total>
				<timestamp>1087.908997</timestamp>
			</report>
			<report>
				<misses>165500001</misses>
				<total>0</total>
				<timestamp>1088.566727</timestamp>
			</report>
			<report>
				<misses>165600001</misses>
				<total>0</total>
				<timestamp>1089.225108</timestamp>
			</report>
			<report>
				<misses>165700001</misses>
				<total>0</total>
				<timestamp>1089.882174</timestamp>
			</report>
			<report>
				<misses>165800001</misses>
				<total>0</total>
				<timestamp>1090.540423</timestamp>
			</report>
			<report>
				<misses>165900001</misses>
				<total>0</total>
				<timestamp>1091.198335</timestamp>
			</report>
			<report>
				<misses>166000001</misses>
				<total>0</total>
				<timestamp>1091.856205</timestamp>
			</report>
			<report>
				<misses>166100001</misses>
				<total>0</total>
				<timestamp>1092.512880</timestamp>
			</report>
			<report>
				<misses>166200001</misses>
				<total>0</total>
				<timestamp>1093.169822</timestamp>
			</report>
			<report>
				<misses>166300001</misses>
				<total>0</total>
				<timestamp>1093.826597</timestamp>
			</report>
			<report>
				<misses>166400001</misses>
				<total>0</total>
				<timestamp>1094.483662</timestamp>
			</report>
			<report>
				<misses>166500001</misses>
				<total>0</total>
				<timestamp>1095.140950</timestamp>
			</report>
			<report>
				<misses>166600001</misses>
				<total>0</total>
				<timestamp>1095.798693</timestamp>
			</report>
			<report>
				<misses>166700001</misses>
				<total>0</total>
				<timestamp>1096.456313</timestamp>
			</report>
			<report>
				<misses>166800001</misses>
				<total>0</total>
				<timestamp>1097.112825</timestamp>
			</report>
			<report>
				<misses>166900001</misses>
				<total>0</total>
				<timestamp>1097.768141</timestamp>
			</report>
			<report>
				<misses>167000001</misses>
				<total>0</total>
				<timestamp>1098.424971</timestamp>
			</report>
			<report>
				<misses>167100001</misses>
				<total>0</total>
				<timestamp>1099.081531</timestamp>
			</report>
			<report>
				<misses>167200001</misses>
				<total>0</total>
				<timestamp>1099.739522</timestamp>
			</report>
			<report>
				<misses>167300001</misses>
				<total>0</total>
				<timestamp>1100.396750</timestamp>
			</report>
			<report>
				<misses>167400001</misses>
				<total>0</total>
				<timestamp>1101.054196</timestamp>
			</report>
			<report>
				<misses>167500001</misses>
				<total>0</total>
				<timestamp>1101.711459</timestamp>
			</report>
			<report>
				<misses>167600001</misses>
				<total>0</total>
				<timestamp>1102.368060</timestamp>
			</report>
			<report>
				<misses>167700001</misses>
				<total>0</total>
				<timestamp>1103.025538</timestamp>
			</report>
			<report>
				<misses>167800001</misses>
				<total>0</total>
				<timestamp>1103.681964</timestamp>
			</report>
			<report>
				<misses>167900001</misses>
				<total>0</total>
				<timestamp>1104.338794</timestamp>
			</report>
			<report>
				<misses>168000001</misses>
				<total>0</total>
				<timestamp>1104.995885</timestamp>
			</report>
			<report>
				<misses>168100001</misses>
				<total>0</total>
				<timestamp>1105.653395</timestamp>
			</report>
			<report>
				<misses>168200001</misses>
				<total>0</total>
				<timestamp>1106.310975</timestamp>
			</report>
			<report>
				<misses>168300001</misses>
				<total>0</total>
				<timestamp>1106.968640</timestamp>
			</report>
			<report>
				<misses>168400001</misses>
				<total>0</total>
				<timestamp>1107.626475</timestamp>
			</report>
			<report>
				<misses>168500001</misses>
				<total>0</total>
				<timestamp>1108.283954</timestamp>
			</report>
			<report>
				<misses>168600001</misses>
				<total>0</total>
				<timestamp>1108.941321</timestamp>
			</report>
			<report>
				<misses>168700001</misses>
				<total>0</total>
				<timestamp>1109.599346</timestamp>
			</report>
			<report>
				<misses>168800001</misses>
				<total>0</total>
				<timestamp>1110.256878</timestamp>
			</report>
			<report>
				<misses>168900001</misses>
				<total>0</total>
				<timestamp>1110.915876</timestamp>
			</report>
			<report>
				<misses>169000001</misses>
				<total>0</total>
				<timestamp>1111.573348</timestamp>
			</report>
			<report>
				<misses>169100001</misses>
				<total>0</total>
				<timestamp>1112.228079</timestamp>
			</report>
			<report>
				<misses>169200001</misses>
				<total>0</total>
				<timestamp>1112.885617</timestamp>
			</report>
			<report>
				<misses>169300001</misses>
				<total>0</total>
				<timestamp>1113.542379</timestamp>
			</report>
			<report>
				<misses>169400001</misses>
				<total>0</total>
				<timestamp>1114.201400</timestamp>
			</report>
			<report>
				<misses>169500001</misses>
				<total>0</total>
				<timestamp>1114.859083</timestamp>
			</report>
			<report>
				<misses>169600001</misses>
				<total>0</total>
				<timestamp>1115.516229</timestamp>
			</report>
			<report>
				<misses>169700001</misses>
				<total>0</total>
				<timestamp>1116.171461</timestamp>
			</report>
			<report>
				<misses>169800001</misses>
				<total>0</total>
				<timestamp>1116.829049</timestamp>
			</report>
			<report>
				<misses>169900001</misses>
				<total>0</total>
				<timestamp>1117.487223</timestamp>
			</report>
			<report>
				<misses>170000001</misses>
				<total>0</total>
				<timestamp>1118.145369</timestamp>
			</report>
			<report>
				<misses>170100001</misses>
				<total>0</total>
				<timestamp>1118.802321</timestamp>
			</report>
			<report>
				<misses>170200001</misses>
				<total>0</total>
				<timestamp>1119.459532</timestamp>
			</report>
			<report>
				<misses>170300001</misses>
				<total>0</total>
				<timestamp>1120.116584</timestamp>
			</report>
			<report>
				<misses>170400001</misses>
				<total>0</total>
				<timestamp>1120.774005</timestamp>
			</report>
			<report>
				<misses>170500001</misses>
				<total>0</total>
				<timestamp>1121.430584</timestamp>
			</report>
			<report>
				<misses>170600001</misses>
				<total>0</total>
				<timestamp>1122.087587</timestamp>
			</report>
			<report>
				<misses>170700001</misses>
				<total>0</total>
				<timestamp>1122.745801</timestamp>
			</report>
			<report>
				<misses>170800001</misses>
				<total>0</total>
				<timestamp>1123.404382</timestamp>
			</report>
			<report>
				<misses>170900001</misses>
				<total>0</total>
				<timestamp>1124.059097</timestamp>
			</report>
			<report>
				<misses>171000001</misses>
				<total>0</total>
				<timestamp>1124.717233</timestamp>
			</report>
			<report>
				<misses>171100001</misses>
				<total>0</total>
				<timestamp>1125.373720</timestamp>
			</report>
			<report>
				<misses>171200001</misses>
				<total>0</total>
				<timestamp>1126.029550</timestamp>
			</report>
			<report>
				<misses>171300001</misses>
				<total>0</total>
				<timestamp>1126.687042</timestamp>
			</report>
			<report>
				<misses>171400001</misses>
				<total>0</total>
				<timestamp>1127.345145</timestamp>
			</report>
			<report>
				<misses>171500001</misses>
				<total>0</total>
				<timestamp>1128.002533</timestamp>
			</report>
			<report>
				<misses>171600001</misses>
				<total>0</total>
				<timestamp>1128.659564</timestamp>
			</report>
			<report>
				<misses>171700001</misses>
				<total>0</total>
				<timestamp>1129.316490</timestamp>
			</report>
			<report>
				<misses>171800001</misses>
				<total>0</total>
				<timestamp>1129.973565</timestamp>
			</report>
			<report>
				<misses>171900001</misses>
				<total>0</total>
				<timestamp>1130.631404</timestamp>
			</report>
			<report>
				<misses>172000001</misses>
				<total>0</total>
				<timestamp>1131.288014</timestamp>
			</report>
			<report>
				<misses>172100001</misses>
				<total>0</total>
				<timestamp>1131.946241</timestamp>
			</report>
			<report>
				<misses>172200001</misses>
				<total>0</total>
				<timestamp>1132.603545</timestamp>
			</report>
			<report>
				<misses>172300001</misses>
				<total>0</total>
				<timestamp>1133.263274</timestamp>
			</report>
			<report>
				<misses>172400001</misses>
				<total>0</total>
				<timestamp>1133.922619</timestamp>
			</report>
			<report>
				<misses>172500001</misses>
				<total>0</total>
				<timestamp>1134.580784</timestamp>
			</report>
			<report>
				<misses>172600001</misses>
				<total>0</total>
				<timestamp>1135.239955</timestamp>
			</report>
			<report>
				<misses>172700001</misses>
				<total>0</total>
				<timestamp>1135.898375</timestamp>
			</report>
			<report>
				<misses>172800001</misses>
				<total>0</total>
				<timestamp>1136.555754</timestamp>
			</report>
			<report>
				<misses>172900001</misses>
				<total>0</total>
				<timestamp>1137.213165</timestamp>
			</report>
			<report>
				<misses>173000001</misses>
				<total>0</total>
				<timestamp>1137.869691</timestamp>
			</report>
			<report>
				<misses>173100001</misses>
				<total>0</total>
				<timestamp>1138.527260</timestamp>
			</report>
			<report>
				<misses>173200001</misses>
				<total>0</total>
				<timestamp>1139.184184</timestamp>
			</report>
			<report>
				<misses>173300001</misses>
				<total>0</total>
				<timestamp>1139.841523</timestamp>
			</report>
			<report>
				<misses>173400001</misses>
				<total>0</total>
				<timestamp>1140.498679</timestamp>
			</report>
			<report>
				<misses>173500001</misses>
				<total>0</total>
				<timestamp>1141.156812</timestamp>
			</report>
			<report>
				<misses>173600001</misses>
				<total>0</total>
				<timestamp>1141.814156</timestamp>
			</report>
			<report>
				<misses>173700001</misses>
				<total>0</total>
				<timestamp>1142.471993</timestamp>
			</report>
			<report>
				<misses>173800001</misses>
				<total>0</total>
				<timestamp>1143.130144</timestamp>
			</report>
			<report>
				<misses>173900001</misses>
				<total>0</total>
				<timestamp>1143.786502</timestamp>
			</report>
			<report>
				<misses>174000001</misses>
				<total>0</total>
				<timestamp>1144.443189</timestamp>
			</report>
			<report>
				<misses>174100001</misses>
				<total>0</total>
				<timestamp>1145.100983</timestamp>
			</report>
			<report>
				<misses>174200001</misses>
				<total>0</total>
				<timestamp>1145.758034</timestamp>
			</report>
			<report>
				<misses>174300001</misses>
				<total>0</total>
				<timestamp>1146.416204</timestamp>
			</report>
			<report>
				<misses>174400001</misses>
				<total>0</total>
				<timestamp>1147.073006</timestamp>
			</report>
			<report>
				<misses>174500001</misses>
				<total>0</total>
				<timestamp>1147.729437</timestamp>
			</report>
			<report>
				<misses>174600001</misses>
				<total>0</total>
				<timestamp>1148.387428</timestamp>
			</report>
			<report>
				<misses>174700001</misses>
				<total>0</total>
				<timestamp>1149.043781</timestamp>
			</report>
			<report>
				<misses>174800001</misses>
				<total>0</total>
				<timestamp>1149.701375</timestamp>
			</report>
			<report>
				<misses>174900001</misses>
				<total>0</total>
				<timestamp>1150.358772</timestamp>
			</report>
			<report>
				<misses>175000001</misses>
				<total>0</total>
				<timestamp>1151.016022</timestamp>
			</report>
			<report>
				<misses>175100001</misses>
				<total>0</total>
				<timestamp>1151.673878</timestamp>
			</report>
			<report>
				<misses>175200001</misses>
				<total>0</total>
				<timestamp>1152.331619</timestamp>
			</report>
			<report>
				<misses>175300001</misses>
				<total>0</total>
				<timestamp>1152.989137</timestamp>
			</report>
			<report>
				<misses>175400001</misses>
				<total>0</total>
				<timestamp>1153.646416</timestamp>
			</report>
			<report>
				<misses>175500001</misses>
				<total>0</total>
				<timestamp>1154.303522</timestamp>
			</report>
			<report>
				<misses>175600001</misses>
				<total>0</total>
				<timestamp>1154.961215</timestamp>
			</report>
			<report>
				<misses>175700001</misses>
				<total>0</total>
				<timestamp>1155.619533</timestamp>
			</report>
			<report>
				<misses>175800001</misses>
				<total>0</total>
				<timestamp>1156.277746</timestamp>
			</report>
			<report>
				<misses>175900001</misses>
				<total>0</total>
				<timestamp>1156.935013</timestamp>
			</report>
			<report>
				<misses>176000001</misses>
				<total>0</total>
				<timestamp>1157.593708</timestamp>
			</report>
			<report>
				<misses>176100001</misses>
				<total>0</total>
				<timestamp>1158.252166</timestamp>
			</report>
			<report>
				<misses>176200001</misses>
				<total>0</total>
				<timestamp>1158.908712</timestamp>
			</report>
			<report>
				<misses>176300001</misses>
				<total>0</total>
				<timestamp>1159.566906</timestamp>
			</report>
			<report>
				<misses>176400001</misses>
				<total>0</total>
				<timestamp>1160.225163</timestamp>
			</report>
			<report>
				<misses>176500001</misses>
				<total>0</total>
				<timestamp>1160.882535</timestamp>
			</report>
			<report>
				<misses>176600001</misses>
				<total>0</total>
				<timestamp>1161.540569</timestamp>
			</report>
			<report>
				<misses>176700001</misses>
				<total>0</total>
				<timestamp>1162.205212</timestamp>
			</report>
			<report>
				<misses>176800001</misses>
				<total>0</total>
				<timestamp>1162.868770</timestamp>
			</report>
			<report>
				<misses>176900001</misses>
				<total>0</total>
				<timestamp>1163.526083</timestamp>
			</report>
			<report>
				<misses>177000001</misses>
				<total>0</total>
				<timestamp>1164.184227</timestamp>
			</report>
			<report>
				<misses>177100001</misses>
				<total>0</total>
				<timestamp>1164.843059</timestamp>
			</report>
			<report>
				<misses>177200001</misses>
				<total>0</total>
				<timestamp>1165.499678</timestamp>
			</report>
			<report>
				<misses>177300001</misses>
				<total>0</total>
				<timestamp>1166.157523</timestamp>
			</report>
			<report>
				<misses>177400001</misses>
				<total>0</total>
				<timestamp>1166.814912</timestamp>
			</report>
			<report>
				<misses>177500001</misses>
				<total>0</total>
				<timestamp>1167.473111</timestamp>
			</report>
			<report>
				<misses>177600001</misses>
				<total>0</total>
				<timestamp>1168.129323</timestamp>
			</report>
			<report>
				<misses>177700001</misses>
				<total>0</total>
				<timestamp>1168.787188</timestamp>
			</report>
			<report>
				<misses>177800001</misses>
				<total>0</total>
				<timestamp>1169.443233</timestamp>
			</report>
			<report>
				<misses>177900001</misses>
				<total>0</total>
				<timestamp>1170.099997</timestamp>
			</report>
			<report>
				<misses>178000001</misses>
				<total>0</total>
				<timestamp>1170.756710</timestamp>
			</report>
			<report>
				<misses>178100001</misses>
				<total>0</total>
				<timestamp>1171.414044</timestamp>
			</report>
			<report>
				<misses>178200001</misses>
				<total>0</total>
				<timestamp>1172.071952</timestamp>
			</report>
			<report>
				<misses>178300001</misses>
				<total>0</total>
				<timestamp>1172.729217</timestamp>
			</report>
			<report>
				<misses>178400001</misses>
				<total>0</total>
				<timestamp>1173.386369</timestamp>
			</report>
			<report>
				<misses>178500001</misses>
				<total>0</total>
				<timestamp>1174.042469</timestamp>
			</report>
			<report>
				<misses>178600001</misses>
				<total>0</total>
				<timestamp>1174.700776</timestamp>
			</report>
			<report>
				<misses>178700001</misses>
				<total>0</total>
				<timestamp>1175.357364</timestamp>
			</report>
			<report>
				<misses>178800001</misses>
				<total>0</total>
				<timestamp>1176.015181</timestamp>
			</report>
			<report>
				<misses>178900001</misses>
				<total>0</total>
				<timestamp>1176.672730</timestamp>
			</report>
			<report>
				<misses>179000001</misses>
				<total>0</total>
				<timestamp>1177.328304</timestamp>
			</report>
			<report>
				<misses>179100001</misses>
				<total>0</total>
				<timestamp>1177.986562</timestamp>
			</report>
			<report>
				<misses>179200001</misses>
				<total>0</total>
				<timestamp>1178.644008</timestamp>
			</report>
			<report>
				<misses>179300001</misses>
				<total>0</total>
				<timestamp>1179.302230</timestamp>
			</report>
			<report>
				<misses>179400001</misses>
				<total>0</total>
				<timestamp>1179.960792</timestamp>
			</report>
			<report>
				<misses>179500001</misses>
				<total>0</total>
				<timestamp>1180.619452</timestamp>
			</report>
			<report>
				<misses>179600001</misses>
				<total>0</total>
				<timestamp>1181.279111</timestamp>
			</report>
			<report>
				<misses>179700001</misses>
				<total>0</total>
				<timestamp>1181.938059</timestamp>
			</report>
			<report>
				<misses>179800001</misses>
				<total>0</total>
				<timestamp>1182.597048</timestamp>
			</report>
			<report>
				<misses>179900001</misses>
				<total>0</total>
				<timestamp>1183.257608</timestamp>
			</report>
			<report>
				<misses>180000001</misses>
				<total>0</total>
				<timestamp>1183.915466</timestamp>
			</report>
			<report>
				<misses>180100001</misses>
				<total>0</total>
				<timestamp>1184.575573</timestamp>
			</report>
			<report>
				<misses>180200001</misses>
				<total>0</total>
				<timestamp>1185.234890</timestamp>
			</report>
			<report>
				<misses>180300001</misses>
				<total>0</total>
				<timestamp>1185.892849</timestamp>
			</report>
			<report>
				<misses>180400001</misses>
				<total>0</total>
				<timestamp>1186.550670</timestamp>
			</report>
			<report>
				<misses>180500001</misses>
				<total>0</total>
				<timestamp>1187.208114</timestamp>
			</report>
			<report>
				<misses>180600001</misses>
				<total>0</total>
				<timestamp>1187.865196</timestamp>
			</report>
			<report>
				<misses>180700001</misses>
				<total>0</total>
				<timestamp>1188.523523</timestamp>
			</report>
			<report>
				<misses>180800001</misses>
				<total>0</total>
				<timestamp>1189.181063</timestamp>
			</report>
			<report>
				<misses>180900001</misses>
				<total>0</total>
				<timestamp>1189.838397</timestamp>
			</report>
			<report>
				<misses>181000001</misses>
				<total>0</total>
				<timestamp>1190.497024</timestamp>
			</report>
			<report>
				<misses>181100001</misses>
				<total>0</total>
				<timestamp>1191.155035</timestamp>
			</report>
			<report>
				<misses>181200001</misses>
				<total>0</total>
				<timestamp>1191.812075</timestamp>
			</report>
			<report>
				<misses>181300001</misses>
				<total>0</total>
				<timestamp>1192.469470</timestamp>
			</report>
			<report>
				<misses>181400001</misses>
				<total>0</total>
				<timestamp>1193.127300</timestamp>
			</report>
			<report>
				<misses>181500001</misses>
				<total>0</total>
				<timestamp>1193.786670</timestamp>
			</report>
			<report>
				<misses>181600001</misses>
				<total>0</total>
				<timestamp>1194.443426</timestamp>
			</report>
			<report>
				<misses>181700001</misses>
				<total>0</total>
				<timestamp>1195.100103</timestamp>
			</report>
			<report>
				<misses>181800001</misses>
				<total>0</total>
				<timestamp>1195.757553</timestamp>
			</report>
			<report>
				<misses>181900001</misses>
				<total>0</total>
				<timestamp>1196.415073</timestamp>
			</report>
			<report>
				<misses>182000001</misses>
				<total>0</total>
				<timestamp>1197.072711</timestamp>
			</report>
			<report>
				<misses>182100001</misses>
				<total>0</total>
				<timestamp>1197.730726</timestamp>
			</report>
			<report>
				<misses>182200001</misses>
				<total>0</total>
				<timestamp>1198.389853</timestamp>
			</report>
			<report>
				<misses>182300001</misses>
				<total>0</total>
				<timestamp>1199.046863</timestamp>
			</report>
			<report>
				<misses>182400001</misses>
				<total>0</total>
				<timestamp>1199.703108</timestamp>
			</report>
			<report>
				<misses>182500001</misses>
				<total>0</total>
				<timestamp>1200.360527</timestamp>
			</report>
			<report>
				<misses>182600001</misses>
				<total>0</total>
				<timestamp>1201.018599</timestamp>
			</report>
			<report>
				<misses>182700001</misses>
				<total>0</total>
				<timestamp>1201.676721</timestamp>
			</report>
			<report>
				<misses>182800001</misses>
				<total>0</total>
				<timestamp>1202.334500</timestamp>
			</report>
			<report>
				<misses>182900001</misses>
				<total>0</total>
				<timestamp>1202.991749</timestamp>
			</report>
			<report>
				<misses>183000001</misses>
				<total>0</total>
				<timestamp>1203.649526</timestamp>
			</report>
			<report>
				<misses>183100001</misses>
				<total>0</total>
				<timestamp>1204.306965</timestamp>
			</report>
			<report>
				<misses>183200001</misses>
				<total>0</total>
				<timestamp>1204.964410</timestamp>
			</report>
			<report>
				<misses>183300001</misses>
				<total>0</total>
				<timestamp>1205.621232</timestamp>
			</report>
			<report>
				<misses>183400001</misses>
				<total>0</total>
				<timestamp>1206.279062</timestamp>
			</report>
			<report>
				<misses>183500001</misses>
				<total>0</total>
				<timestamp>1206.935790</timestamp>
			</report>
			<report>
				<misses>183600001</misses>
				<total>0</total>
				<timestamp>1207.593936</timestamp>
			</report>
			<report>
				<misses>183700001</misses>
				<total>0</total>
				<timestamp>1208.252695</timestamp>
			</report>
			<report>
				<misses>183800001</misses>
				<total>0</total>
				<timestamp>1208.910751</timestamp>
			</report>
			<report>
				<misses>183900001</misses>
				<total>0</total>
				<timestamp>1209.567131</timestamp>
			</report>
			<report>
				<misses>184000001</misses>
				<total>0</total>
				<timestamp>1210.225389</timestamp>
			</report>
			<report>
				<misses>184100001</misses>
				<total>0</total>
				<timestamp>1210.881863</timestamp>
			</report>
			<report>
				<misses>184200001</misses>
				<total>0</total>
				<timestamp>1211.538931</timestamp>
			</report>
			<report>
				<misses>184300001</misses>
				<total>0</total>
				<timestamp>1212.196746</timestamp>
			</report>
			<report>
				<misses>184400001</misses>
				<total>0</total>
				<timestamp>1212.854612</timestamp>
			</report>
			<report>
				<misses>184500001</misses>
				<total>0</total>
				<timestamp>1213.510579</timestamp>
			</report>
			<report>
				<misses>184600001</misses>
				<total>0</total>
				<timestamp>1214.167860</timestamp>
			</report>
			<report>
				<misses>184700001</misses>
				<total>0</total>
				<timestamp>1214.825335</timestamp>
			</report>
			<report>
				<misses>184800001</misses>
				<total>0</total>
				<timestamp>1215.482911</timestamp>
			</report>
			<report>
				<misses>184900001</misses>
				<total>0</total>
				<timestamp>1216.140771</timestamp>
			</report>
			<report>
				<misses>185000001</misses>
				<total>0</total>
				<timestamp>1216.798381</timestamp>
			</report>
			<report>
				<misses>185100001</misses>
				<total>0</total>
				<timestamp>1217.455695</timestamp>
			</report>
			<report>
				<misses>185200001</misses>
				<total>0</total>
				<timestamp>1218.114007</timestamp>
			</report>
			<report>
				<misses>185300001</misses>
				<total>0</total>
				<timestamp>1218.771910</timestamp>
			</report>
			<report>
				<misses>185400001</misses>
				<total>0</total>
				<timestamp>1219.430421</timestamp>
			</report>
			<report>
				<misses>185500001</misses>
				<total>0</total>
				<timestamp>1220.088509</timestamp>
			</report>
			<report>
				<misses>185600001</misses>
				<total>0</total>
				<timestamp>1220.746652</timestamp>
			</report>
			<report>
				<misses>185700001</misses>
				<total>0</total>
				<timestamp>1221.403777</timestamp>
			</report>
			<report>
				<misses>185800001</misses>
				<total>0</total>
				<timestamp>1222.061290</timestamp>
			</report>
			<report>
				<misses>185900001</misses>
				<total>0</total>
				<timestamp>1222.718753</timestamp>
			</report>
			<report>
				<misses>186000001</misses>
				<total>0</total>
				<timestamp>1223.376194</timestamp>
			</report>
			<report>
				<misses>186100001</misses>
				<total>0</total>
				<timestamp>1224.034257</timestamp>
			</report>
			<report>
				<misses>186200001</misses>
				<total>0</total>
				<timestamp>1224.691715</timestamp>
			</report>
			<report>
				<misses>186300001</misses>
				<total>0</total>
				<timestamp>1225.349471</timestamp>
			</report>
			<report>
				<misses>186400001</misses>
				<total>0</total>
				<timestamp>1226.007441</timestamp>
			</report>
			<report>
				<misses>186500001</misses>
				<total>0</total>
				<timestamp>1226.664246</timestamp>
			</report>
			<report>
				<misses>186600001</misses>
				<total>0</total>
				<timestamp>1227.322524</timestamp>
			</report>
			<report>
				<misses>186700001</misses>
				<total>0</total>
				<timestamp>1227.979015</timestamp>
			</report>
			<report>
				<misses>186800001</misses>
				<total>0</total>
				<timestamp>1228.637521</timestamp>
			</report>
			<report>
				<misses>186900001</misses>
				<total>0</total>
				<timestamp>1229.296652</timestamp>
			</report>
			<report>
				<misses>187000001</misses>
				<total>0</total>
				<timestamp>1229.955684</timestamp>
			</report>
			<report>
				<misses>187100001</misses>
				<total>0</total>
				<timestamp>1230.613868</timestamp>
			</report>
			<report>
				<misses>187200001</misses>
				<total>0</total>
				<timestamp>1231.271996</timestamp>
			</report>
			<report>
				<misses>187300001</misses>
				<total>0</total>
				<timestamp>1231.929659</timestamp>
			</report>
			<report>
				<misses>187400001</misses>
				<total>0</total>
				<timestamp>1232.589191</timestamp>
			</report>
			<report>
				<misses>187500001</misses>
				<total>0</total>
				<timestamp>1233.248458</timestamp>
			</report>
			<report>
				<misses>187600001</misses>
				<total>0</total>
				<timestamp>1233.907187</timestamp>
			</report>
			<report>
				<misses>187700001</misses>
				<total>0</total>
				<timestamp>1234.563890</timestamp>
			</report>
			<report>
				<misses>187800001</misses>
				<total>0</total>
				<timestamp>1235.221422</timestamp>
			</report>
			<report>
				<misses>187900001</misses>
				<total>0</total>
				<timestamp>1235.878162</timestamp>
			</report>
			<report>
				<misses>188000001</misses>
				<total>0</total>
				<timestamp>1236.535039</timestamp>
			</report>
			<report>
				<misses>188100001</misses>
				<total>0</total>
				<timestamp>1237.191663</timestamp>
			</report>
			<report>
				<misses>188200001</misses>
				<total>0</total>
				<timestamp>1237.849383</timestamp>
			</report>
			<report>
				<misses>188300001</misses>
				<total>0</total>
				<timestamp>1238.507128</timestamp>
			</report>
			<report>
				<misses>188400001</misses>
				<total>0</total>
				<timestamp>1239.164715</timestamp>
			</report>
			<report>
				<misses>188500001</misses>
				<total>0</total>
				<timestamp>1239.822242</timestamp>
			</report>
			<report>
				<misses>188600001</misses>
				<total>0</total>
				<timestamp>1240.478905</timestamp>
			</report>
			<report>
				<misses>188700001</misses>
				<total>0</total>
				<timestamp>1241.136360</timestamp>
			</report>
			<report>
				<misses>188800001</misses>
				<total>0</total>
				<timestamp>1241.793706</timestamp>
			</report>
			<report>
				<misses>188900001</misses>
				<total>0</total>
				<timestamp>1242.451567</timestamp>
			</report>
			<report>
				<misses>189000001</misses>
				<total>0</total>
				<timestamp>1243.110792</timestamp>
			</report>
			<report>
				<misses>189100001</misses>
				<total>0</total>
				<timestamp>1243.768061</timestamp>
			</report>
			<report>
				<misses>189200001</misses>
				<total>0</total>
				<timestamp>1244.426280</timestamp>
			</report>
			<report>
				<misses>189300001</misses>
				<total>0</total>
				<timestamp>1245.084608</timestamp>
			</report>
			<report>
				<misses>189400001</misses>
				<total>0</total>
				<timestamp>1245.742227</timestamp>
			</report>
			<report>
				<misses>189500001</misses>
				<total>0</total>
				<timestamp>1246.400210</timestamp>
			</report>
			<report>
				<misses>189600001</misses>
				<total>0</total>
				<timestamp>1247.057435</timestamp>
			</report>
			<report>
				<misses>189700001</misses>
				<total>0</total>
				<timestamp>1247.713993</timestamp>
			</report>
			<report>
				<misses>189800001</misses>
				<total>0</total>
				<timestamp>1248.372293</timestamp>
			</report>
			<report>
				<misses>189900001</misses>
				<total>0</total>
				<timestamp>1249.030013</timestamp>
			</report>
			<report>
				<misses>190000001</misses>
				<total>0</total>
				<timestamp>1249.686635</timestamp>
			</report>
			<report>
				<misses>190100001</misses>
				<total>0</total>
				<timestamp>1250.342343</timestamp>
			</report>
			<report>
				<misses>190200001</misses>
				<total>0</total>
				<timestamp>1250.997957</timestamp>
			</report>
			<report>
				<misses>190300001</misses>
				<total>0</total>
				<timestamp>1251.655249</timestamp>
			</report>
			<report>
				<misses>190400001</misses>
				<total>0</total>
				<timestamp>1252.313040</timestamp>
			</report>
			<report>
				<misses>190500001</misses>
				<total>0</total>
				<timestamp>1252.974172</timestamp>
			</report>
			<report>
				<misses>190600001</misses>
				<total>0</total>
				<timestamp>1253.630441</timestamp>
			</report>
			<report>
				<misses>190700001</misses>
				<total>0</total>
				<timestamp>1254.287641</timestamp>
			</report>
			<report>
				<misses>190800001</misses>
				<total>0</total>
				<timestamp>1254.944644</timestamp>
			</report>
			<report>
				<misses>190900001</misses>
				<total>0</total>
				<timestamp>1255.601745</timestamp>
			</report>
			<report>
				<misses>191000001</misses>
				<total>0</total>
				<timestamp>1256.258687</timestamp>
			</report>
			<report>
				<misses>191100001</misses>
				<total>0</total>
				<timestamp>1256.915947</timestamp>
			</report>
			<report>
				<misses>191200001</misses>
				<total>0</total>
				<timestamp>1257.574066</timestamp>
			</report>
			<report>
				<misses>191300001</misses>
				<total>0</total>
				<timestamp>1258.231254</timestamp>
			</report>
			<report>
				<misses>191400001</misses>
				<total>0</total>
				<timestamp>1258.888391</timestamp>
			</report>
			<report>
				<misses>191500001</misses>
				<total>0</total>
				<timestamp>1259.544324</timestamp>
			</report>
			<report>
				<misses>191600001</misses>
				<total>0</total>
				<timestamp>1260.201639</timestamp>
			</report>
			<report>
				<misses>191700001</misses>
				<total>0</total>
				<timestamp>1260.859725</timestamp>
			</report>
			<report>
				<misses>191800001</misses>
				<total>0</total>
				<timestamp>1261.517885</timestamp>
			</report>
			<report>
				<misses>191900001</misses>
				<total>0</total>
				<timestamp>1262.175944</timestamp>
			</report>
			<report>
				<misses>192000001</misses>
				<total>0</total>
				<timestamp>1262.832024</timestamp>
			</report>
			<report>
				<misses>192100001</misses>
				<total>0</total>
				<timestamp>1263.489008</timestamp>
			</report>
			<report>
				<misses>192200001</misses>
				<total>0</total>
				<timestamp>1264.146282</timestamp>
			</report>
			<report>
				<misses>192300001</misses>
				<total>0</total>
				<timestamp>1264.802812</timestamp>
			</report>
			<report>
				<misses>192400001</misses>
				<total>0</total>
				<timestamp>1265.460985</timestamp>
			</report>
			<report>
				<misses>192500001</misses>
				<total>0</total>
				<timestamp>1266.117999</timestamp>
			</report>
			<report>
				<misses>192600001</misses>
				<total>0</total>
				<timestamp>1266.775996</timestamp>
			</report>
			<report>
				<misses>192700001</misses>
				<total>0</total>
				<timestamp>1267.433918</timestamp>
			</report>
			<report>
				<misses>192800001</misses>
				<total>0</total>
				<timestamp>1268.092298</timestamp>
			</report>
			<report>
				<misses>192900001</misses>
				<total>0</total>
				<timestamp>1268.749421</timestamp>
			</report>
			<report>
				<misses>193000001</misses>
				<total>0</total>
				<timestamp>1269.406475</timestamp>
			</report>
			<report>
				<misses>193100001</misses>
				<total>0</total>
				<timestamp>1270.062320</timestamp>
			</report>
			<report>
				<misses>193200001</misses>
				<total>0</total>
				<timestamp>1270.718753</timestamp>
			</report>
			<report>
				<misses>193300001</misses>
				<total>0</total>
				<timestamp>1271.374876</timestamp>
			</report>
			<report>
				<misses>193400001</misses>
				<total>0</total>
				<timestamp>1272.031695</timestamp>
			</report>
			<report>
				<misses>193500001</misses>
				<total>0</total>
				<timestamp>1272.688426</timestamp>
			</report>
			<report>
				<misses>193600001</misses>
				<total>0</total>
				<timestamp>1273.345610</timestamp>
			</report>
			<report>
				<misses>193700001</misses>
				<total>0</total>
				<timestamp>1274.004112</timestamp>
			</report>
			<report>
				<misses>193800001</misses>
				<total>0</total>
				<timestamp>1274.660250</timestamp>
			</report>
			<report>
				<misses>193900001</misses>
				<total>0</total>
				<timestamp>1275.317766</timestamp>
			</report>
			<report>
				<misses>194000001</misses>
				<total>0</total>
				<timestamp>1275.976069</timestamp>
			</report>
			<report>
				<misses>194100001</misses>
				<total>0</total>
				<timestamp>1276.634287</timestamp>
			</report>
			<report>
				<misses>194200001</misses>
				<total>0</total>
				<timestamp>1277.291612</timestamp>
			</report>
			<report>
				<misses>194300001</misses>
				<total>0</total>
				<timestamp>1277.949129</timestamp>
			</report>
			<report>
				<misses>194400001</misses>
				<total>0</total>
				<timestamp>1278.609097</timestamp>
			</report>
			<report>
				<misses>194500001</misses>
				<total>0</total>
				<timestamp>1279.268473</timestamp>
			</report>
			<report>
				<misses>194600001</misses>
				<total>0</total>
				<timestamp>1279.927022</timestamp>
			</report>
			<report>
				<misses>194700001</misses>
				<total>0</total>
				<timestamp>1280.584841</timestamp>
			</report>
			<report>
				<misses>194800001</misses>
				<total>0</total>
				<timestamp>1281.244658</timestamp>
			</report>
			<report>
				<misses>194900001</misses>
				<total>0</total>
				<timestamp>1281.903282</timestamp>
			</report>
			<report>
				<misses>195000001</misses>
				<total>0</total>
				<timestamp>1282.561870</timestamp>
			</report>
			<report>
				<misses>195100001</misses>
				<total>0</total>
				<timestamp>1283.220546</timestamp>
			</report>
			<report>
				<misses>195200001</misses>
				<total>0</total>
				<timestamp>1283.878293</timestamp>
			</report>
			<report>
				<misses>195300001</misses>
				<total>0</total>
				<timestamp>1284.536272</timestamp>
			</report>
			<report>
				<misses>195400001</misses>
				<total>0</total>
				<timestamp>1285.193126</timestamp>
			</report>
			<report>
				<misses>195500001</misses>
				<total>0</total>
				<timestamp>1285.850071</timestamp>
			</report>
			<report>
				<misses>195600001</misses>
				<total>0</total>
				<timestamp>1286.506889</timestamp>
			</report>
			<report>
				<misses>195700001</misses>
				<total>0</total>
				<timestamp>1287.163562</timestamp>
			</report>
			<report>
				<misses>195800001</misses>
				<total>0</total>
				<timestamp>1287.821070</timestamp>
			</report>
			<report>
				<misses>195900001</misses>
				<total>0</total>
				<timestamp>1288.478595</timestamp>
			</report>
			<report>
				<misses>196000001</misses>
				<total>0</total>
				<timestamp>1289.135859</timestamp>
			</report>
			<report>
				<misses>196100001</misses>
				<total>0</total>
				<timestamp>1289.793787</timestamp>
			</report>
			<report>
				<misses>196200001</misses>
				<total>0</total>
				<timestamp>1290.450636</timestamp>
			</report>
			<report>
				<misses>196300001</misses>
				<total>0</total>
				<timestamp>1291.108571</timestamp>
			</report>
			<report>
				<misses>196400001</misses>
				<total>0</total>
				<timestamp>1291.766281</timestamp>
			</report>
			<report>
				<misses>196500001</misses>
				<total>0</total>
				<timestamp>1292.424053</timestamp>
			</report>
			<report>
				<misses>196600001</misses>
				<total>0</total>
				<timestamp>1293.081029</timestamp>
			</report>
			<report>
				<misses>196700001</misses>
				<total>0</total>
				<timestamp>1293.738204</timestamp>
			</report>
			<report>
				<misses>196800001</misses>
				<total>0</total>
				<timestamp>1294.394734</timestamp>
			</report>
			<report>
				<misses>196900001</misses>
				<total>0</total>
				<timestamp>1295.053568</timestamp>
			</report>
			<report>
				<misses>197000001</misses>
				<total>0</total>
				<timestamp>1295.711458</timestamp>
			</report>
			<report>
				<misses>197100001</misses>
				<total>0</total>
				<timestamp>1296.370011</timestamp>
			</report>
			<report>
				<misses>197200001</misses>
				<total>0</total>
				<timestamp>1297.027691</timestamp>
			</report>
			<report>
				<misses>197300001</misses>
				<total>0</total>
				<timestamp>1297.686009</timestamp>
			</report>
			<report>
				<misses>197400001</misses>
				<total>0</total>
				<timestamp>1298.343309</timestamp>
			</report>
			<report>
				<misses>197500001</misses>
				<total>0</total>
				<timestamp>1298.999089</timestamp>
			</report>
			<report>
				<misses>197600001</misses>
				<total>0</total>
				<timestamp>1299.656037</timestamp>
			</report>
			<report>
				<misses>197700001</misses>
				<total>0</total>
				<timestamp>1300.313849</timestamp>
			</report>
			<report>
				<misses>197800001</misses>
				<total>0</total>
				<timestamp>1300.971225</timestamp>
			</report>
			<report>
				<misses>197900001</misses>
				<total>0</total>
				<timestamp>1301.629390</timestamp>
			</report>
			<report>
				<misses>198000001</misses>
				<total>0</total>
				<timestamp>1302.286174</timestamp>
			</report>
			<report>
				<misses>198100001</misses>
				<total>0</total>
				<timestamp>1302.943453</timestamp>
			</report>
			<report>
				<misses>198200001</misses>
				<total>0</total>
				<timestamp>1303.601026</timestamp>
			</report>
			<report>
				<misses>198300001</misses>
				<total>0</total>
				<timestamp>1304.259456</timestamp>
			</report>
			<report>
				<misses>198400001</misses>
				<total>0</total>
				<timestamp>1304.917055</timestamp>
			</report>
			<report>
				<misses>198500001</misses>
				<total>0</total>
				<timestamp>1305.575007</timestamp>
			</report>
			<report>
				<misses>198600001</misses>
				<total>0</total>
				<timestamp>1306.232960</timestamp>
			</report>
			<report>
				<misses>198700001</misses>
				<total>0</total>
				<timestamp>1306.890225</timestamp>
			</report>
			<report>
				<misses>198800001</misses>
				<total>0</total>
				<timestamp>1307.548300</timestamp>
			</report>
			<report>
				<misses>198900001</misses>
				<total>0</total>
				<timestamp>1308.206823</timestamp>
			</report>
			<report>
				<misses>199000001</misses>
				<total>0</total>
				<timestamp>1308.865356</timestamp>
			</report>
			<report>
				<misses>199100001</misses>
				<total>0</total>
				<timestamp>1309.521574</timestamp>
			</report>
			<report>
				<misses>199200001</misses>
				<total>0</total>
				<timestamp>1310.179138</timestamp>
			</report>
			<report>
				<misses>199300001</misses>
				<total>0</total>
				<timestamp>1310.836054</timestamp>
			</report>
			<report>
				<misses>199400001</misses>
				<total>0</total>
				<timestamp>1311.493585</timestamp>
			</report>
			<report>
				<misses>199500001</misses>
				<total>0</total>
				<timestamp>1312.151563</timestamp>
			</report>
			<report>
				<misses>199600001</misses>
				<total>0</total>
				<timestamp>1312.808288</timestamp>
			</report>
			<report>
				<misses>199700001</misses>
				<total>0</total>
				<timestamp>1313.466450</timestamp>
			</report>
			<report>
				<misses>199800001</misses>
				<total>0</total>
				<timestamp>1314.124402</timestamp>
			</report>
			<report>
				<misses>199900001</misses>
				<total>0</total>
				<timestamp>1314.781966</timestamp>
			</report>
			<report>
				<misses>200000001</misses>
				<total>0</total>
				<timestamp>1315.439326</timestamp>
			</report>
			<report>
				<misses>200100001</misses>
				<total>0</total>
				<timestamp>1316.096110</timestamp>
			</report>
			<report>
				<misses>200200001</misses>
				<total>0</total>
				<timestamp>1316.754043</timestamp>
			</report>
			<report>
				<misses>200300001</misses>
				<total>0</total>
				<timestamp>1317.411547</timestamp>
			</report>
			<report>
				<misses>200400001</misses>
				<total>0</total>
				<timestamp>1318.068579</timestamp>
			</report>
			<report>
				<misses>200500001</misses>
				<total>0</total>
				<timestamp>1318.726629</timestamp>
			</report>
			<report>
				<misses>200600001</misses>
				<total>0</total>
				<timestamp>1319.384873</timestamp>
			</report>
			<report>
				<misses>200700001</misses>
				<total>0</total>
				<timestamp>1320.042540</timestamp>
			</report>
			<report>
				<misses>200800001</misses>
				<total>0</total>
				<timestamp>1320.700319</timestamp>
			</report>
			<report>
				<misses>200900001</misses>
				<total>0</total>
				<timestamp>1321.358474</timestamp>
			</report>
			<report>
				<misses>201000001</misses>
				<total>0</total>
				<timestamp>1322.015967</timestamp>
			</report>
			<report>
				<misses>201100001</misses>
				<total>0</total>
				<timestamp>1322.672938</timestamp>
			</report>
			<report>
				<misses>201200001</misses>
				<total>0</total>
				<timestamp>1323.331438</timestamp>
			</report>
			<report>
				<misses>201300001</misses>
				<total>0</total>
				<timestamp>1323.989534</timestamp>
			</report>
			<report>
				<misses>201400001</misses>
				<total>0</total>
				<timestamp>1324.647413</timestamp>
			</report>
			<report>
				<misses>201500001</misses>
				<total>0</total>
				<timestamp>1325.305391</timestamp>
			</report>
			<report>
				<misses>201600001</misses>
				<total>0</total>
				<timestamp>1325.962567</timestamp>
			</report>
			<report>
				<misses>201700001</misses>
				<total>0</total>
				<timestamp>1326.619986</timestamp>
			</report>
			<report>
				<misses>201800001</misses>
				<total>0</total>
				<timestamp>1327.278558</timestamp>
			</report>
			<report>
				<misses>201900001</misses>
				<total>0</total>
				<timestamp>1327.937509</timestamp>
			</report>
			<report>
				<misses>202000001</misses>
				<total>0</total>
				<timestamp>1328.595919</timestamp>
			</report>
			<report>
				<misses>202100001</misses>
				<total>0</total>
				<timestamp>1329.254484</timestamp>
			</report>
			<report>
				<misses>202200001</misses>
				<total>0</total>
				<timestamp>1329.913767</timestamp>
			</report>
			<report>
				<misses>202300001</misses>
				<total>0</total>
				<timestamp>1330.572202</timestamp>
			</report>
			<report>
				<misses>202400001</misses>
				<total>0</total>
				<timestamp>1331.230932</timestamp>
			</report>
			<report>
				<misses>202500001</misses>
				<total>0</total>
				<timestamp>1331.887864</timestamp>
			</report>
			<report>
				<misses>202600001</misses>
				<total>0</total>
				<timestamp>1332.547721</timestamp>
			</report>
			<report>
				<misses>202700001</misses>
				<total>0</total>
				<timestamp>1333.205332</timestamp>
			</report>
			<report>
				<misses>202800001</misses>
				<total>0</total>
				<timestamp>1333.863213</timestamp>
			</report>
			<report>
				<misses>202900001</misses>
				<total>0</total>
				<timestamp>1334.520309</timestamp>
			</report>
			<report>
				<misses>203000001</misses>
				<total>0</total>
				<timestamp>1335.178215</timestamp>
			</report>
			<report>
				<misses>203100001</misses>
				<total>0</total>
				<timestamp>1335.835831</timestamp>
			</report>
			<report>
				<misses>203200001</misses>
				<total>0</total>
				<timestamp>1336.492663</timestamp>
			</report>
			<report>
				<misses>203300001</misses>
				<total>0</total>
				<timestamp>1337.151049</timestamp>
			</report>
			<report>
				<misses>203400001</misses>
				<total>0</total>
				<timestamp>1337.808163</timestamp>
			</report>
			<report>
				<misses>203500001</misses>
				<total>0</total>
				<timestamp>1338.465852</timestamp>
			</report>
			<report>
				<misses>203600001</misses>
				<total>0</total>
				<timestamp>1339.123515</timestamp>
			</report>
			<report>
				<misses>203700001</misses>
				<total>0</total>
				<timestamp>1339.781016</timestamp>
			</report>
			<report>
				<misses>203800001</misses>
				<total>0</total>
				<timestamp>1340.438881</timestamp>
			</report>
			<report>
				<misses>203900001</misses>
				<total>0</total>
				<timestamp>1341.096792</timestamp>
			</report>
			<report>
				<misses>204000001</misses>
				<total>0</total>
				<timestamp>1341.755787</timestamp>
			</report>
			<report>
				<misses>204100001</misses>
				<total>0</total>
				<timestamp>1342.414224</timestamp>
			</report>
			<report>
				<misses>204200001</misses>
				<total>0</total>
				<timestamp>1343.071097</timestamp>
			</report>
			<report>
				<misses>204300001</misses>
				<total>0</total>
				<timestamp>1343.729290</timestamp>
			</report>
			<report>
				<misses>204400001</misses>
				<total>0</total>
				<timestamp>1344.387351</timestamp>
			</report>
			<report>
				<misses>204500001</misses>
				<total>0</total>
				<timestamp>1345.045193</timestamp>
			</report>
			<report>
				<misses>204600001</misses>
				<total>0</total>
				<timestamp>1345.703604</timestamp>
			</report>
			<report>
				<misses>204700001</misses>
				<total>0</total>
				<timestamp>1346.362271</timestamp>
			</report>
			<report>
				<misses>204800001</misses>
				<total>0</total>
				<timestamp>1347.020008</timestamp>
			</report>
			<report>
				<misses>204900001</misses>
				<total>0</total>
				<timestamp>1347.678326</timestamp>
			</report>
			<report>
				<misses>205000001</misses>
				<total>0</total>
				<timestamp>1348.336692</timestamp>
			</report>
			<report>
				<misses>205100001</misses>
				<total>0</total>
				<timestamp>1348.994812</timestamp>
			</report>
			<report>
				<misses>205200001</misses>
				<total>0</total>
				<timestamp>1349.651558</timestamp>
			</report>
			<report>
				<misses>205300001</misses>
				<total>0</total>
				<timestamp>1350.310977</timestamp>
			</report>
			<report>
				<misses>205400001</misses>
				<total>0</total>
				<timestamp>1350.968611</timestamp>
			</report>
			<report>
				<misses>205500001</misses>
				<total>0</total>
				<timestamp>1351.626135</timestamp>
			</report>
			<report>
				<misses>205600001</misses>
				<total>0</total>
				<timestamp>1352.283408</timestamp>
			</report>
			<report>
				<misses>205700001</misses>
				<total>0</total>
				<timestamp>1352.941362</timestamp>
			</report>
			<report>
				<misses>205800001</misses>
				<total>0</total>
				<timestamp>1353.598596</timestamp>
			</report>
			<report>
				<misses>205900001</misses>
				<total>0</total>
				<timestamp>1354.256330</timestamp>
			</report>
			<report>
				<misses>206000001</misses>
				<total>0</total>
				<timestamp>1354.914722</timestamp>
			</report>
			<report>
				<misses>206100001</misses>
				<total>0</total>
				<timestamp>1355.572058</timestamp>
			</report>
			<report>
				<misses>206200001</misses>
				<total>0</total>
				<timestamp>1356.228546</timestamp>
			</report>
			<report>
				<misses>206300001</misses>
				<total>0</total>
				<timestamp>1356.886069</timestamp>
			</report>
			<report>
				<misses>206400001</misses>
				<total>0</total>
				<timestamp>1357.544412</timestamp>
			</report>
			<report>
				<misses>206500001</misses>
				<total>0</total>
				<timestamp>1358.202114</timestamp>
			</report>
			<report>
				<misses>206600001</misses>
				<total>0</total>
				<timestamp>1358.859286</timestamp>
			</report>
			<report>
				<misses>206700001</misses>
				<total>0</total>
				<timestamp>1359.517664</timestamp>
			</report>
			<report>
				<misses>206800001</misses>
				<total>0</total>
				<timestamp>1360.175600</timestamp>
			</report>
			<report>
				<misses>206900001</misses>
				<total>0</total>
				<timestamp>1360.834190</timestamp>
			</report>
			<report>
				<misses>207000001</misses>
				<total>0</total>
				<timestamp>1361.493288</timestamp>
			</report>
			<report>
				<misses>207100001</misses>
				<total>0</total>
				<timestamp>1362.152483</timestamp>
			</report>
			<report>
				<misses>207200001</misses>
				<total>0</total>
				<timestamp>1362.812704</timestamp>
			</report>
			<report>
				<misses>207300001</misses>
				<total>0</total>
				<timestamp>1363.471844</timestamp>
			</report>
			<report>
				<misses>207400001</misses>
				<total>0</total>
				<timestamp>1364.130943</timestamp>
			</report>
			<report>
				<misses>207500001</misses>
				<total>0</total>
				<timestamp>1364.790823</timestamp>
			</report>
			<report>
				<misses>207600001</misses>
				<total>0</total>
				<timestamp>1365.450404</timestamp>
			</report>
			<report>
				<misses>207700001</misses>
				<total>0</total>
				<timestamp>1366.109023</timestamp>
			</report>
			<report>
				<misses>207800001</misses>
				<total>0</total>
				<timestamp>1366.766835</timestamp>
			</report>
			<report>
				<misses>207900001</misses>
				<total>0</total>
				<timestamp>1367.424996</timestamp>
			</report>
			<report>
				<misses>208000001</misses>
				<total>0</total>
				<timestamp>1368.082005</timestamp>
			</report>
			<report>
				<misses>208100001</misses>
				<total>0</total>
				<timestamp>1368.739284</timestamp>
			</report>
			<report>
				<misses>208200001</misses>
				<total>0</total>
				<timestamp>1369.397411</timestamp>
			</report>
			<report>
				<misses>208300001</misses>
				<total>0</total>
				<timestamp>1370.054592</timestamp>
			</report>
			<report>
				<misses>208400001</misses>
				<total>0</total>
				<timestamp>1370.712402</timestamp>
			</report>
			<report>
				<misses>208500001</misses>
				<total>0</total>
				<timestamp>1371.370880</timestamp>
			</report>
			<report>
				<misses>208600001</misses>
				<total>0</total>
				<timestamp>1372.028525</timestamp>
			</report>
			<report>
				<misses>208700001</misses>
				<total>0</total>
				<timestamp>1372.685610</timestamp>
			</report>
			<report>
				<misses>208800001</misses>
				<total>0</total>
				<timestamp>1373.343020</timestamp>
			</report>
			<report>
				<misses>208900001</misses>
				<total>0</total>
				<timestamp>1374.000256</timestamp>
			</report>
			<report>
				<misses>209000001</misses>
				<total>0</total>
				<timestamp>1374.657585</timestamp>
			</report>
			<report>
				<misses>209100001</misses>
				<total>0</total>
				<timestamp>1375.315613</timestamp>
			</report>
			<report>
				<misses>209200001</misses>
				<total>0</total>
				<timestamp>1375.973283</timestamp>
			</report>
			<report>
				<misses>209300001</misses>
				<total>0</total>
				<timestamp>1376.631318</timestamp>
			</report>
			<report>
				<misses>209400001</misses>
				<total>0</total>
				<timestamp>1377.289115</timestamp>
			</report>
			<report>
				<misses>209500001</misses>
				<total>0</total>
				<timestamp>1377.946529</timestamp>
			</report>
			<report>
				<misses>209600001</misses>
				<total>0</total>
				<timestamp>1378.604269</timestamp>
			</report>
			<report>
				<misses>209700001</misses>
				<total>0</total>
				<timestamp>1379.262959</timestamp>
			</report>
			<report>
				<misses>209800001</misses>
				<total>0</total>
				<timestamp>1379.919865</timestamp>
			</report>
			<report>
				<misses>209900001</misses>
				<total>0</total>
				<timestamp>1380.578241</timestamp>
			</report>
			<report>
				<misses>210000001</misses>
				<total>0</total>
				<timestamp>1381.237038</timestamp>
			</report>
			<report>
				<misses>210100001</misses>
				<total>0</total>
				<timestamp>1381.895206</timestamp>
			</report>
			<report>
				<misses>210200001</misses>
				<total>0</total>
				<timestamp>1382.552543</timestamp>
			</report>
			<report>
				<misses>210300001</misses>
				<total>0</total>
				<timestamp>1383.208952</timestamp>
			</report>
			<report>
				<misses>210400001</misses>
				<total>0</total>
				<timestamp>1383.867341</timestamp>
			</report>
			<report>
				<misses>210500001</misses>
				<total>0</total>
				<timestamp>1384.524433</timestamp>
			</report>
			<report>
				<misses>210600001</misses>
				<total>0</total>
				<timestamp>1385.181682</timestamp>
			</report>
			<report>
				<misses>210700001</misses>
				<total>0</total>
				<timestamp>1385.838702</timestamp>
			</report>
			<report>
				<misses>210800001</misses>
				<total>0</total>
				<timestamp>1386.495924</timestamp>
			</report>
			<report>
				<misses>210900001</misses>
				<total>0</total>
				<timestamp>1387.154012</timestamp>
			</report>
			<report>
				<misses>211000001</misses>
				<total>0</total>
				<timestamp>1387.811773</timestamp>
			</report>
			<report>
				<misses>211100001</misses>
				<total>0</total>
				<timestamp>1388.469614</timestamp>
			</report>
			<report>
				<misses>211200001</misses>
				<total>0</total>
				<timestamp>1389.127277</timestamp>
			</report>
			<report>
				<misses>211300001</misses>
				<total>0</total>
				<timestamp>1389.784169</timestamp>
			</report>
			<report>
				<misses>211400001</misses>
				<total>0</total>
				<timestamp>1390.441141</timestamp>
			</report>
			<report>
				<misses>211500001</misses>
				<total>0</total>
				<timestamp>1391.097939</timestamp>
			</report>
			<report>
				<misses>211600001</misses>
				<total>0</total>
				<timestamp>1391.755696</timestamp>
			</report>
			<report>
				<misses>211700001</misses>
				<total>0</total>
				<timestamp>1392.412757</timestamp>
			</report>
			<report>
				<misses>211800001</misses>
				<total>0</total>
				<timestamp>1393.070735</timestamp>
			</report>
			<report>
				<misses>211900001</misses>
				<total>0</total>
				<timestamp>1393.729195</timestamp>
			</report>
			<report>
				<misses>212000001</misses>
				<total>0</total>
				<timestamp>1394.387857</timestamp>
			</report>
			<report>
				<misses>212100001</misses>
				<total>0</total>
				<timestamp>1395.045945</timestamp>
			</report>
			<report>
				<misses>212200001</misses>
				<total>0</total>
				<timestamp>1395.705174</timestamp>
			</report>
			<report>
				<misses>212300001</misses>
				<total>0</total>
				<timestamp>1396.365088</timestamp>
			</report>
			<report>
				<misses>212400001</misses>
				<total>0</total>
				<timestamp>1397.022782</timestamp>
			</report>
			<report>
				<misses>212500001</misses>
				<total>0</total>
				<timestamp>1397.681988</timestamp>
			</report>
			<report>
				<misses>212600001</misses>
				<total>0</total>
				<timestamp>1398.340714</timestamp>
			</report>
			<report>
				<misses>212700001</misses>
				<total>0</total>
				<timestamp>1398.999719</timestamp>
			</report>
			<report>
				<misses>212800001</misses>
				<total>0</total>
				<timestamp>1399.658225</timestamp>
			</report>
			<report>
				<misses>212900001</misses>
				<total>0</total>
				<timestamp>1400.316352</timestamp>
			</report>
			<report>
				<misses>213000001</misses>
				<total>0</total>
				<timestamp>1400.974369</timestamp>
			</report>
			<report>
				<misses>213100001</misses>
				<total>0</total>
				<timestamp>1401.632297</timestamp>
			</report>
			<report>
				<misses>213200001</misses>
				<total>0</total>
				<timestamp>1402.290018</timestamp>
			</report>
			<report>
				<misses>213300001</misses>
				<total>0</total>
				<timestamp>1402.948059</timestamp>
			</report>
			<report>
				<misses>213400001</misses>
				<total>0</total>
				<timestamp>1403.606520</timestamp>
			</report>
			<report>
				<misses>213500001</misses>
				<total>0</total>
				<timestamp>1404.264132</timestamp>
			</report>
			<report>
				<misses>213600001</misses>
				<total>0</total>
				<timestamp>1404.922570</timestamp>
			</report>
			<report>
				<misses>213700001</misses>
				<total>0</total>
				<timestamp>1405.580430</timestamp>
			</report>
			<report>
				<misses>213800001</misses>
				<total>0</total>
				<timestamp>1406.239032</timestamp>
			</report>
			<report>
				<misses>213900001</misses>
				<total>0</total>
				<timestamp>1406.897347</timestamp>
			</report>
			<report>
				<misses>214000001</misses>
				<total>0</total>
				<timestamp>1407.555461</timestamp>
			</report>
			<report>
				<misses>214100001</misses>
				<total>0</total>
				<timestamp>1408.213216</timestamp>
			</report>
			<report>
				<misses>214200001</misses>
				<total>0</total>
				<timestamp>1408.870661</timestamp>
			</report>
			<report>
				<misses>214300001</misses>
				<total>0</total>
				<timestamp>1409.528297</timestamp>
			</report>
			<report>
				<misses>214400001</misses>
				<total>0</total>
				<timestamp>1410.185790</timestamp>
			</report>
			<report>
				<misses>214500001</misses>
				<total>0</total>
				<timestamp>1410.844604</timestamp>
			</report>
			<report>
				<misses>214600001</misses>
				<total>0</total>
				<timestamp>1411.502553</timestamp>
			</report>
			<report>
				<misses>214700001</misses>
				<total>0</total>
				<timestamp>1412.160273</timestamp>
			</report>
			<report>
				<misses>214800001</misses>
				<total>0</total>
				<timestamp>1412.818992</timestamp>
			</report>
			<report>
				<misses>214900001</misses>
				<total>0</total>
				<timestamp>1413.475312</timestamp>
			</report>
			<report>
				<misses>215000001</misses>
				<total>0</total>
				<timestamp>1414.132644</timestamp>
			</report>
			<report>
				<misses>215100001</misses>
				<total>0</total>
				<timestamp>1414.789608</timestamp>
			</report>
			<report>
				<misses>215200001</misses>
				<total>0</total>
				<timestamp>1415.447044</timestamp>
			</report>
			<report>
				<misses>215300001</misses>
				<total>0</total>
				<timestamp>1416.104622</timestamp>
			</report>
			<report>
				<misses>215400001</misses>
				<total>0</total>
				<timestamp>1416.762433</timestamp>
			</report>
			<report>
				<misses>215500001</misses>
				<total>0</total>
				<timestamp>1417.420462</timestamp>
			</report>
			<report>
				<misses>215600001</misses>
				<total>0</total>
				<timestamp>1418.078414</timestamp>
			</report>
			<report>
				<misses>215700001</misses>
				<total>0</total>
				<timestamp>1418.736947</timestamp>
			</report>
			<report>
				<misses>215800001</misses>
				<total>0</total>
				<timestamp>1419.394962</timestamp>
			</report>
			<report>
				<misses>215900001</misses>
				<total>0</total>
				<timestamp>1420.052672</timestamp>
			</report>
			<report>
				<misses>216000001</misses>
				<total>0</total>
				<timestamp>1420.710233</timestamp>
			</report>
			<report>
				<misses>216100001</misses>
				<total>0</total>
				<timestamp>1421.367925</timestamp>
			</report>
			<report>
				<misses>216200001</misses>
				<total>0</total>
				<timestamp>1422.024934</timestamp>
			</report>
			<report>
				<misses>216300001</misses>
				<total>0</total>
				<timestamp>1422.682055</timestamp>
			</report>
			<report>
				<misses>216400001</misses>
				<total>0</total>
				<timestamp>1423.340242</timestamp>
			</report>
			<report>
				<misses>216500001</misses>
				<total>0</total>
				<timestamp>1423.998081</timestamp>
			</report>
			<report>
				<misses>216600001</misses>
				<total>0</total>
				<timestamp>1424.655343</timestamp>
			</report>
			<report>
				<misses>216700001</misses>
				<total>0</total>
				<timestamp>1425.312848</timestamp>
			</report>
			<report>
				<misses>216800001</misses>
				<total>0</total>
				<timestamp>1425.970600</timestamp>
			</report>
			<report>
				<misses>216900001</misses>
				<total>0</total>
				<timestamp>1426.628310</timestamp>
			</report>
			<report>
				<misses>217000001</misses>
				<total>0</total>
				<timestamp>1427.285924</timestamp>
			</report>
			<report>
				<misses>217100001</misses>
				<total>0</total>
				<timestamp>1427.943435</timestamp>
			</report>
			<report>
				<misses>217200001</misses>
				<total>0</total>
				<timestamp>1428.600492</timestamp>
			</report>
			<report>
				<misses>217300001</misses>
				<total>0</total>
				<timestamp>1429.258851</timestamp>
			</report>
			<report>
				<misses>217400001</misses>
				<total>0</total>
				<timestamp>1429.917856</timestamp>
			</report>
			<report>
				<misses>217500001</misses>
				<total>0</total>
				<timestamp>1430.576906</timestamp>
			</report>
			<report>
				<misses>217600001</misses>
				<total>0</total>
				<timestamp>1431.236805</timestamp>
			</report>
			<report>
				<misses>217700001</misses>
				<total>0</total>
				<timestamp>1431.895848</timestamp>
			</report>
			<report>
				<misses>217800001</misses>
				<total>0</total>
				<timestamp>1432.555103</timestamp>
			</report>
			<report>
				<misses>217900001</misses>
				<total>0</total>
				<timestamp>1433.214757</timestamp>
			</report>
			<report>
				<misses>218000001</misses>
				<total>0</total>
				<timestamp>1433.873548</timestamp>
			</report>
			<report>
				<misses>218100001</misses>
				<total>0</total>
				<timestamp>1434.531674</timestamp>
			</report>
			<report>
				<misses>218200001</misses>
				<total>0</total>
				<timestamp>1435.189419</timestamp>
			</report>
			<report>
				<misses>218300001</misses>
				<total>0</total>
				<timestamp>1435.847416</timestamp>
			</report>
			<report>
				<misses>218400001</misses>
				<total>0</total>
				<timestamp>1436.505315</timestamp>
			</report>
			<report>
				<misses>218500001</misses>
				<total>0</total>
				<timestamp>1437.162646</timestamp>
			</report>
			<report>
				<misses>218600001</misses>
				<total>0</total>
				<timestamp>1437.819770</timestamp>
			</report>
			<report>
				<misses>218700001</misses>
				<total>0</total>
				<timestamp>1438.476570</timestamp>
			</report>
			<report>
				<misses>218800001</misses>
				<total>0</total>
				<timestamp>1439.133504</timestamp>
			</report>
			<report>
				<misses>218900001</misses>
				<total>0</total>
				<timestamp>1439.791698</timestamp>
			</report>
			<report>
				<misses>219000001</misses>
				<total>0</total>
				<timestamp>1440.449765</timestamp>
			</report>
			<report>
				<misses>219100001</misses>
				<total>0</total>
				<timestamp>1441.106118</timestamp>
			</report>
			<report>
				<misses>219200001</misses>
				<total>0</total>
				<timestamp>1441.763634</timestamp>
			</report>
			<report>
				<misses>219300001</misses>
				<total>0</total>
				<timestamp>1442.420965</timestamp>
			</report>
			<report>
				<misses>219400001</misses>
				<total>0</total>
				<timestamp>1443.079645</timestamp>
			</report>
			<report>
				<misses>219500001</misses>
				<total>0</total>
				<timestamp>1443.738350</timestamp>
			</report>
			<report>
				<misses>219600001</misses>
				<total>0</total>
				<timestamp>1444.395678</timestamp>
			</report>
			<report>
				<misses>219700001</misses>
				<total>0</total>
				<timestamp>1445.053962</timestamp>
			</report>
			<report>
				<misses>219800001</misses>
				<total>0</total>
				<timestamp>1445.711686</timestamp>
			</report>
			<report>
				<misses>219900001</misses>
				<total>0</total>
				<timestamp>1446.369136</timestamp>
			</report>
			<report>
				<misses>220000001</misses>
				<total>0</total>
				<timestamp>1447.027115</timestamp>
			</report>
			<report>
				<misses>220100001</misses>
				<total>0</total>
				<timestamp>1447.683325</timestamp>
			</report>
			<report>
				<misses>220200001</misses>
				<total>0</total>
				<timestamp>1448.341864</timestamp>
			</report>
			<report>
				<misses>220300001</misses>
				<total>0</total>
				<timestamp>1448.999691</timestamp>
			</report>
			<report>
				<misses>220400001</misses>
				<total>0</total>
				<timestamp>1449.657480</timestamp>
			</report>
			<report>
				<misses>220500001</misses>
				<total>0</total>
				<timestamp>1450.315678</timestamp>
			</report>
			<report>
				<misses>220600001</misses>
				<total>0</total>
				<timestamp>1450.973264</timestamp>
			</report>
			<report>
				<misses>220700001</misses>
				<total>0</total>
				<timestamp>1451.630690</timestamp>
			</report>
			<report>
				<misses>220800001</misses>
				<total>0</total>
				<timestamp>1452.287802</timestamp>
			</report>
			<report>
				<misses>220900001</misses>
				<total>0</total>
				<timestamp>1452.944915</timestamp>
			</report>
			<report>
				<misses>221000001</misses>
				<total>0</total>
				<timestamp>1453.602657</timestamp>
			</report>
			<report>
				<misses>221100001</misses>
				<total>0</total>
				<timestamp>1454.260213</timestamp>
			</report>
			<report>
				<misses>221200001</misses>
				<total>0</total>
				<timestamp>1454.918099</timestamp>
			</report>
			<report>
				<misses>221300001</misses>
				<total>0</total>
				<timestamp>1455.575852</timestamp>
			</report>
			<report>
				<misses>221400001</misses>
				<total>0</total>
				<timestamp>1456.233796</timestamp>
			</report>
			<report>
				<misses>221500001</misses>
				<total>0</total>
				<timestamp>1456.890673</timestamp>
			</report>
			<report>
				<misses>221600001</misses>
				<total>0</total>
				<timestamp>1457.549428</timestamp>
			</report>
			<report>
				<misses>221700001</misses>
				<total>0</total>
				<timestamp>1458.207587</timestamp>
			</report>
			<report>
				<misses>221800001</misses>
				<total>0</total>
				<timestamp>1458.865264</timestamp>
			</report>
			<report>
				<misses>221900001</misses>
				<total>0</total>
				<timestamp>1459.522872</timestamp>
			</report>
			<report>
				<misses>222000001</misses>
				<total>0</total>
				<timestamp>1460.180967</timestamp>
			</report>
			<report>
				<misses>222100001</misses>
				<total>0</total>
				<timestamp>1460.838993</timestamp>
			</report>
			<report>
				<misses>222200001</misses>
				<total>0</total>
				<timestamp>1461.496357</timestamp>
			</report>
			<report>
				<misses>222300001</misses>
				<total>0</total>
				<timestamp>1462.152860</timestamp>
			</report>
			<report>
				<misses>222400001</misses>
				<total>0</total>
				<timestamp>1462.811657</timestamp>
			</report>
			<report>
				<misses>222500001</misses>
				<total>0</total>
				<timestamp>1463.470916</timestamp>
			</report>
			<report>
				<misses>222600001</misses>
				<total>0</total>
				<timestamp>1464.129874</timestamp>
			</report>
			<report>
				<misses>222700001</misses>
				<total>0</total>
				<timestamp>1464.788970</timestamp>
			</report>
			<report>
				<misses>222800001</misses>
				<total>0</total>
				<timestamp>1465.448631</timestamp>
			</report>
			<report>
				<misses>222900001</misses>
				<total>0</total>
				<timestamp>1466.107417</timestamp>
			</report>
			<report>
				<misses>223000001</misses>
				<total>0</total>
				<timestamp>1466.766260</timestamp>
			</report>
			<report>
				<misses>223100001</misses>
				<total>0</total>
				<timestamp>1467.424785</timestamp>
			</report>
			<report>
				<misses>223200001</misses>
				<total>0</total>
				<timestamp>1468.082060</timestamp>
			</report>
			<report>
				<misses>223300001</misses>
				<total>0</total>
				<timestamp>1468.739277</timestamp>
			</report>
			<report>
				<misses>223400001</misses>
				<total>0</total>
				<timestamp>1469.396011</timestamp>
			</report>
			<report>
				<misses>223500001</misses>
				<total>0</total>
				<timestamp>1470.054120</timestamp>
			</report>
			<report>
				<misses>223600001</misses>
				<total>0</total>
				<timestamp>1470.711598</timestamp>
			</report>
			<report>
				<misses>223700001</misses>
				<total>0</total>
				<timestamp>1471.368871</timestamp>
			</report>
			<report>
				<misses>223800001</misses>
				<total>0</total>
				<timestamp>1472.027173</timestamp>
			</report>
			<report>
				<misses>223900001</misses>
				<total>0</total>
				<timestamp>1472.684329</timestamp>
			</report>
			<report>
				<misses>224000001</misses>
				<total>0</total>
				<timestamp>1473.341170</timestamp>
			</report>
			<report>
				<misses>224100001</misses>
				<total>0</total>
				<timestamp>1473.999333</timestamp>
			</report>
			<report>
				<misses>224200001</misses>
				<total>0</total>
				<timestamp>1474.657677</timestamp>
			</report>
			<report>
				<misses>224300001</misses>
				<total>0</total>
				<timestamp>1475.315337</timestamp>
			</report>
			<report>
				<misses>224400001</misses>
				<total>0</total>
				<timestamp>1475.972741</timestamp>
			</report>
			<report>
				<misses>224500001</misses>
				<total>0</total>
				<timestamp>1476.630953</timestamp>
			</report>
			<report>
				<misses>224600001</misses>
				<total>0</total>
				<timestamp>1477.288714</timestamp>
			</report>
			<report>
				<misses>224700001</misses>
				<total>0</total>
				<timestamp>1477.946232</timestamp>
			</report>
			<report>
				<misses>224800001</misses>
				<total>0</total>
				<timestamp>1478.603421</timestamp>
			</report>
			<report>
				<misses>224900001</misses>
				<total>0</total>
				<timestamp>1479.260552</timestamp>
			</report>
			<report>
				<misses>225000001</misses>
				<total>0</total>
				<timestamp>1479.918199</timestamp>
			</report>
			<report>
				<misses>225100001</misses>
				<total>0</total>
				<timestamp>1480.574602</timestamp>
			</report>
			<report>
				<misses>225200001</misses>
				<total>0</total>
				<timestamp>1481.230669</timestamp>
			</report>
			<report>
				<misses>225300001</misses>
				<total>0</total>
				<timestamp>1481.888180</timestamp>
			</report>
			<report>
				<misses>225400001</misses>
				<total>0</total>
				<timestamp>1482.547781</timestamp>
			</report>
			<report>
				<misses>225500001</misses>
				<total>0</total>
				<timestamp>1483.207159</timestamp>
			</report>
			<report>
				<misses>225600001</misses>
				<total>0</total>
				<timestamp>1483.866200</timestamp>
			</report>
			<report>
				<misses>225700001</misses>
				<total>0</total>
				<timestamp>1484.524007</timestamp>
			</report>
			<report>
				<misses>225800001</misses>
				<total>0</total>
				<timestamp>1485.182221</timestamp>
			</report>
			<report>
				<misses>225900001</misses>
				<total>0</total>
				<timestamp>1485.838845</timestamp>
			</report>
			<report>
				<misses>226000001</misses>
				<total>0</total>
				<timestamp>1486.497920</timestamp>
			</report>
			<report>
				<misses>226100001</misses>
				<total>0</total>
				<timestamp>1487.156740</timestamp>
			</report>
			<report>
				<misses>226200001</misses>
				<total>0</total>
				<timestamp>1487.815321</timestamp>
			</report>
			<report>
				<misses>226300001</misses>
				<total>0</total>
				<timestamp>1488.472481</timestamp>
			</report>
			<report>
				<misses>226400001</misses>
				<total>0</total>
				<timestamp>1489.131099</timestamp>
			</report>
			<report>
				<misses>226500001</misses>
				<total>0</total>
				<timestamp>1489.789502</timestamp>
			</report>
			<report>
				<misses>226600001</misses>
				<total>0</total>
				<timestamp>1490.446727</timestamp>
			</report>
			<report>
				<misses>226700001</misses>
				<total>0</total>
				<timestamp>1491.105304</timestamp>
			</report>
			<report>
				<misses>226800001</misses>
				<total>0</total>
				<timestamp>1491.762771</timestamp>
			</report>
			<report>
				<misses>226900001</misses>
				<total>0</total>
				<timestamp>1492.419954</timestamp>
			</report>
			<report>
				<misses>227000001</misses>
				<total>0</total>
				<timestamp>1493.077267</timestamp>
			</report>
			<report>
				<misses>227100001</misses>
				<total>0</total>
				<timestamp>1493.734777</timestamp>
			</report>
			<report>
				<misses>227200001</misses>
				<total>0</total>
				<timestamp>1494.393175</timestamp>
			</report>
			<report>
				<misses>227300001</misses>
				<total>0</total>
				<timestamp>1495.051060</timestamp>
			</report>
			<report>
				<misses>227400001</misses>
				<total>0</total>
				<timestamp>1495.707990</timestamp>
			</report>
			<report>
				<misses>227500001</misses>
				<total>0</total>
				<timestamp>1496.366177</timestamp>
			</report>
			<report>
				<misses>227600001</misses>
				<total>0</total>
				<timestamp>1497.024398</timestamp>
			</report>
			<report>
				<misses>227700001</misses>
				<total>0</total>
				<timestamp>1497.684368</timestamp>
			</report>
			<report>
				<misses>227800001</misses>
				<total>0</total>
				<timestamp>1498.343934</timestamp>
			</report>
			<report>
				<misses>227900001</misses>
				<total>0</total>
				<timestamp>1499.001857</timestamp>
			</report>
			<report>
				<misses>228000001</misses>
				<total>0</total>
				<timestamp>1499.661296</timestamp>
			</report>
			<report>
				<misses>228100001</misses>
				<total>0</total>
				<timestamp>1500.321118</timestamp>
			</report>
			<report>
				<misses>228200001</misses>
				<total>0</total>
				<timestamp>1500.981141</timestamp>
			</report>
			<report>
				<misses>228300001</misses>
				<total>0</total>
				<timestamp>1501.641267</timestamp>
			</report>
			<report>
				<misses>228400001</misses>
				<total>0</total>
				<timestamp>1502.298963</timestamp>
			</report>
			<report>
				<misses>228500001</misses>
				<total>0</total>
				<timestamp>1502.955749</timestamp>
			</report>
			<report>
				<misses>228600001</misses>
				<total>0</total>
				<timestamp>1503.612090</timestamp>
			</report>
			<report>
				<misses>228700001</misses>
				<total>0</total>
				<timestamp>1504.268104</timestamp>
			</report>
			<report>
				<misses>228800001</misses>
				<total>0</total>
				<timestamp>1504.925108</timestamp>
			</report>
			<report>
				<misses>228900001</misses>
				<total>0</total>
				<timestamp>1505.582956</timestamp>
			</report>
			<report>
				<misses>229000001</misses>
				<total>0</total>
				<timestamp>1506.240317</timestamp>
			</report>
			<report>
				<misses>229100001</misses>
				<total>0</total>
				<timestamp>1506.898331</timestamp>
			</report>
			<report>
				<misses>229200001</misses>
				<total>0</total>
				<timestamp>1507.556090</timestamp>
			</report>
			<report>
				<misses>229300001</misses>
				<total>0</total>
				<timestamp>1508.213647</timestamp>
			</report>
			<report>
				<misses>229400001</misses>
				<total>0</total>
				<timestamp>1508.871313</timestamp>
			</report>
			<report>
				<misses>229500001</misses>
				<total>0</total>
				<timestamp>1509.527925</timestamp>
			</report>
			<report>
				<misses>229600001</misses>
				<total>0</total>
				<timestamp>1510.185802</timestamp>
			</report>
			<report>
				<misses>229700001</misses>
				<total>0</total>
				<timestamp>1510.842900</timestamp>
			</report>
			<report>
				<misses>229800001</misses>
				<total>0</total>
				<timestamp>1511.500718</timestamp>
			</report>
			<report>
				<misses>229900001</misses>
				<total>0</total>
				<timestamp>1512.157945</timestamp>
			</report>
			<report>
				<misses>230000001</misses>
				<total>0</total>
				<timestamp>1512.816673</timestamp>
			</report>
			<report>
				<misses>230100001</misses>
				<total>0</total>
				<timestamp>1513.475182</timestamp>
			</report>
			<report>
				<misses>230200001</misses>
				<total>0</total>
				<timestamp>1514.132402</timestamp>
			</report>
			<report>
				<misses>230300001</misses>
				<total>0</total>
				<timestamp>1514.790277</timestamp>
			</report>
			<report>
				<misses>230400001</misses>
				<total>0</total>
				<timestamp>1515.447657</timestamp>
			</report>
			<report>
				<misses>230500001</misses>
				<total>0</total>
				<timestamp>1516.105153</timestamp>
			</report>
			<report>
				<misses>230600001</misses>
				<total>0</total>
				<timestamp>1516.762233</timestamp>
			</report>
			<report>
				<misses>230700001</misses>
				<total>0</total>
				<timestamp>1517.419984</timestamp>
			</report>
			<report>
				<misses>230800001</misses>
				<total>0</total>
				<timestamp>1518.077773</timestamp>
			</report>
			<report>
				<misses>230900001</misses>
				<total>0</total>
				<timestamp>1518.735563</timestamp>
			</report>
			<report>
				<misses>231000001</misses>
				<total>0</total>
				<timestamp>1519.393715</timestamp>
			</report>
			<report>
				<misses>231100001</misses>
				<total>0</total>
				<timestamp>1520.050059</timestamp>
			</report>
			<report>
				<misses>231200001</misses>
				<total>0</total>
				<timestamp>1520.707011</timestamp>
			</report>
			<report>
				<misses>231300001</misses>
				<total>0</total>
				<timestamp>1521.363915</timestamp>
			</report>
			<report>
				<misses>231400001</misses>
				<total>0</total>
				<timestamp>1522.021453</timestamp>
			</report>
			<report>
				<misses>231500001</misses>
				<total>0</total>
				<timestamp>1522.678009</timestamp>
			</report>
			<report>
				<misses>231600001</misses>
				<total>0</total>
				<timestamp>1523.336323</timestamp>
			</report>
			<report>
				<misses>231700001</misses>
				<total>0</total>
				<timestamp>1523.995540</timestamp>
			</report>
			<report>
				<misses>231800001</misses>
				<total>0</total>
				<timestamp>1524.653559</timestamp>
			</report>
			<report>
				<misses>231900001</misses>
				<total>0</total>
				<timestamp>1525.311562</timestamp>
			</report>
			<report>
				<misses>232000001</misses>
				<total>0</total>
				<timestamp>1525.969523</timestamp>
			</report>
			<report>
				<misses>232100001</misses>
				<total>0</total>
				<timestamp>1526.627833</timestamp>
			</report>
			<report>
				<misses>232200001</misses>
				<total>0</total>
				<timestamp>1527.284630</timestamp>
			</report>
			<report>
				<misses>232300001</misses>
				<total>0</total>
				<timestamp>1527.943152</timestamp>
			</report>
			<report>
				<misses>232400001</misses>
				<total>0</total>
				<timestamp>1528.601572</timestamp>
			</report>
			<report>
				<misses>232500001</misses>
				<total>0</total>
				<timestamp>1529.259835</timestamp>
			</report>
			<report>
				<misses>232600001</misses>
				<total>0</total>
				<timestamp>1529.917729</timestamp>
			</report>
			<report>
				<misses>232700001</misses>
				<total>0</total>
				<timestamp>1530.576073</timestamp>
			</report>
			<report>
				<misses>232800001</misses>
				<total>0</total>
				<timestamp>1531.234132</timestamp>
			</report>
			<report>
				<misses>232900001</misses>
				<total>0</total>
				<timestamp>1531.892075</timestamp>
			</report>
			<report>
				<misses>233000001</misses>
				<total>0</total>
				<timestamp>1532.551634</timestamp>
			</report>
			<report>
				<misses>233100001</misses>
				<total>0</total>
				<timestamp>1533.209375</timestamp>
			</report>
			<report>
				<misses>233200001</misses>
				<total>0</total>
				<timestamp>1533.869136</timestamp>
			</report>
			<report>
				<misses>233300001</misses>
				<total>0</total>
				<timestamp>1534.528415</timestamp>
			</report>
			<report>
				<misses>233400001</misses>
				<total>0</total>
				<timestamp>1535.187444</timestamp>
			</report>
			<report>
				<misses>233500001</misses>
				<total>0</total>
				<timestamp>1535.844523</timestamp>
			</report>
			<report>
				<misses>233600001</misses>
				<total>0</total>
				<timestamp>1536.502162</timestamp>
			</report>
			<report>
				<misses>233700001</misses>
				<total>0</total>
				<timestamp>1537.159490</timestamp>
			</report>
			<report>
				<misses>233800001</misses>
				<total>0</total>
				<timestamp>1537.817231</timestamp>
			</report>
			<report>
				<misses>233900001</misses>
				<total>0</total>
				<timestamp>1538.475607</timestamp>
			</report>
			<report>
				<misses>234000001</misses>
				<total>0</total>
				<timestamp>1539.133379</timestamp>
			</report>
			<report>
				<misses>234100001</misses>
				<total>0</total>
				<timestamp>1539.790632</timestamp>
			</report>
			<report>
				<misses>234200001</misses>
				<total>0</total>
				<timestamp>1540.448046</timestamp>
			</report>
			<report>
				<misses>234300001</misses>
				<total>0</total>
				<timestamp>1541.107248</timestamp>
			</report>
			<report>
				<misses>234400001</misses>
				<total>0</total>
				<timestamp>1541.764627</timestamp>
			</report>
			<report>
				<misses>234500001</misses>
				<total>0</total>
				<timestamp>1542.421906</timestamp>
			</report>
			<report>
				<misses>234600001</misses>
				<total>0</total>
				<timestamp>1543.080056</timestamp>
			</report>
			<report>
				<misses>234700001</misses>
				<total>0</total>
				<timestamp>1543.737864</timestamp>
			</report>
			<report>
				<misses>234800001</misses>
				<total>0</total>
				<timestamp>1544.396465</timestamp>
			</report>
			<report>
				<misses>234900001</misses>
				<total>0</total>
				<timestamp>1545.054146</timestamp>
			</report>
			<report>
				<misses>235000001</misses>
				<total>0</total>
				<timestamp>1545.710609</timestamp>
			</report>
			<report>
				<misses>235100001</misses>
				<total>0</total>
				<timestamp>1546.367835</timestamp>
			</report>
			<report>
				<misses>235200001</misses>
				<total>0</total>
				<timestamp>1547.024403</timestamp>
			</report>
			<report>
				<misses>235300001</misses>
				<total>0</total>
				<timestamp>1547.681985</timestamp>
			</report>
			<report>
				<misses>235400001</misses>
				<total>0</total>
				<timestamp>1548.338701</timestamp>
			</report>
			<report>
				<misses>235500001</misses>
				<total>0</total>
				<timestamp>1548.997153</timestamp>
			</report>
			<report>
				<misses>235600001</misses>
				<total>0</total>
				<timestamp>1549.655874</timestamp>
			</report>
			<report>
				<misses>235700001</misses>
				<total>0</total>
				<timestamp>1550.313131</timestamp>
			</report>
			<report>
				<misses>235800001</misses>
				<total>0</total>
				<timestamp>1550.970650</timestamp>
			</report>
			<report>
				<misses>235900001</misses>
				<total>0</total>
				<timestamp>1551.628063</timestamp>
			</report>
			<report>
				<misses>236000001</misses>
				<total>0</total>
				<timestamp>1552.285596</timestamp>
			</report>
			<report>
				<misses>236100001</misses>
				<total>0</total>
				<timestamp>1552.943114</timestamp>
			</report>
			<report>
				<misses>236200001</misses>
				<total>0</total>
				<timestamp>1553.601125</timestamp>
			</report>
			<report>
				<misses>236300001</misses>
				<total>0</total>
				<timestamp>1554.258041</timestamp>
			</report>
			<report>
				<misses>236400001</misses>
				<total>0</total>
				<timestamp>1554.916448</timestamp>
			</report>
			<report>
				<misses>236500001</misses>
				<total>0</total>
				<timestamp>1555.574338</timestamp>
			</report>
			<report>
				<misses>236600001</misses>
				<total>0</total>
				<timestamp>1556.233480</timestamp>
			</report>
			<report>
				<misses>236700001</misses>
				<total>0</total>
				<timestamp>1556.890492</timestamp>
			</report>
			<report>
				<misses>236800001</misses>
				<total>0</total>
				<timestamp>1557.548027</timestamp>
			</report>
			<report>
				<misses>236900001</misses>
				<total>0</total>
				<timestamp>1558.206213</timestamp>
			</report>
			<report>
				<misses>237000001</misses>
				<total>0</total>
				<timestamp>1558.864097</timestamp>
			</report>
			<report>
				<misses>237100001</misses>
				<total>0</total>
				<timestamp>1559.522741</timestamp>
			</report>
			<report>
				<misses>237200001</misses>
				<total>0</total>
				<timestamp>1560.180642</timestamp>
			</report>
			<report>
				<misses>237300001</misses>
				<total>0</total>
				<timestamp>1560.837722</timestamp>
			</report>
			<report>
				<misses>237400001</misses>
				<total>0</total>
				<timestamp>1561.495956</timestamp>
			</report>
			<report>
				<misses>237500001</misses>
				<total>0</total>
				<timestamp>1562.152699</timestamp>
			</report>
			<report>
				<misses>237600001</misses>
				<total>0</total>
				<timestamp>1562.811639</timestamp>
			</report>
			<report>
				<misses>237700001</misses>
				<total>0</total>
				<timestamp>1563.468747</timestamp>
			</report>
			<report>
				<misses>237800001</misses>
				<total>0</total>
				<timestamp>1564.128222</timestamp>
			</report>
			<report>
				<misses>237900001</misses>
				<total>0</total>
				<timestamp>1564.788255</timestamp>
			</report>
			<report>
				<misses>238000001</misses>
				<total>0</total>
				<timestamp>1565.448029</timestamp>
			</report>
			<report>
				<misses>238100001</misses>
				<total>0</total>
				<timestamp>1566.107236</timestamp>
			</report>
			<report>
				<misses>238200001</misses>
				<total>0</total>
				<timestamp>1566.766233</timestamp>
			</report>
			<report>
				<misses>238300001</misses>
				<total>0</total>
				<timestamp>1567.425628</timestamp>
			</report>
			<report>
				<misses>238400001</misses>
				<total>0</total>
				<timestamp>1568.084041</timestamp>
			</report>
			<report>
				<misses>238500001</misses>
				<total>0</total>
				<timestamp>1568.743999</timestamp>
			</report>
			<report>
				<misses>238600001</misses>
				<total>0</total>
				<timestamp>1569.401212</timestamp>
			</report>
			<report>
				<misses>238700001</misses>
				<total>0</total>
				<timestamp>1570.058588</timestamp>
			</report>
			<report>
				<misses>238800001</misses>
				<total>0</total>
				<timestamp>1570.717274</timestamp>
			</report>
			<report>
				<misses>238900001</misses>
				<total>0</total>
				<timestamp>1571.376289</timestamp>
			</report>
			<report>
				<misses>239000001</misses>
				<total>0</total>
				<timestamp>1572.034428</timestamp>
			</report>
			<report>
				<misses>239100001</misses>
				<total>0</total>
				<timestamp>1572.692113</timestamp>
			</report>
			<report>
				<misses>239200001</misses>
				<total>0</total>
				<timestamp>1573.350273</timestamp>
			</report>
			<report>
				<misses>239300001</misses>
				<total>0</total>
				<timestamp>1574.007867</timestamp>
			</report>
			<report>
				<misses>239400001</misses>
				<total>0</total>
				<timestamp>1574.664568</timestamp>
			</report>
			<report>
				<misses>239500001</misses>
				<total>0</total>
				<timestamp>1575.321761</timestamp>
			</report>
			<report>
				<misses>239600001</misses>
				<total>0</total>
				<timestamp>1575.980460</timestamp>
			</report>
			<report>
				<misses>239700001</misses>
				<total>0</total>
				<timestamp>1576.637191</timestamp>
			</report>
			<report>
				<misses>239800001</misses>
				<total>0</total>
				<timestamp>1577.295877</timestamp>
			</report>
			<report>
				<misses>239900001</misses>
				<total>0</total>
				<timestamp>1577.954141</timestamp>
			</report>
			<report>
				<misses>240000001</misses>
				<total>0</total>
				<timestamp>1578.611977</timestamp>
			</report>
			<report>
				<misses>240100001</misses>
				<total>0</total>
				<timestamp>1579.269950</timestamp>
			</report>
			<report>
				<misses>240200001</misses>
				<total>0</total>
				<timestamp>1579.927476</timestamp>
			</report>
			<report>
				<misses>240300001</misses>
				<total>0</total>
				<timestamp>1580.585234</timestamp>
			</report>
			<report>
				<misses>240400001</misses>
				<total>0</total>
				<timestamp>1581.243333</timestamp>
			</report>
			<report>
				<misses>240500001</misses>
				<total>0</total>
				<timestamp>1581.900648</timestamp>
			</report>
			<report>
				<misses>240600001</misses>
				<total>0</total>
				<timestamp>1582.558455</timestamp>
			</report>
			<report>
				<misses>240700001</misses>
				<total>0</total>
				<timestamp>1583.216529</timestamp>
			</report>
			<report>
				<misses>240800001</misses>
				<total>0</total>
				<timestamp>1583.874442</timestamp>
			</report>
			<report>
				<misses>240900001</misses>
				<total>0</total>
				<timestamp>1584.530275</timestamp>
			</report>
			<report>
				<misses>241000001</misses>
				<total>0</total>
				<timestamp>1585.188788</timestamp>
			</report>
			<report>
				<misses>241100001</misses>
				<total>0</total>
				<timestamp>1585.846038</timestamp>
			</report>
			<report>
				<misses>241200001</misses>
				<total>0</total>
				<timestamp>1586.504667</timestamp>
			</report>
			<report>
				<misses>241300001</misses>
				<total>0</total>
				<timestamp>1587.162056</timestamp>
			</report>
			<report>
				<misses>241400001</misses>
				<total>0</total>
				<timestamp>1587.819024</timestamp>
			</report>
			<report>
				<misses>241500001</misses>
				<total>0</total>
				<timestamp>1588.477409</timestamp>
			</report>
			<report>
				<misses>241600001</misses>
				<total>0</total>
				<timestamp>1589.135886</timestamp>
			</report>
			<report>
				<misses>241700001</misses>
				<total>0</total>
				<timestamp>1589.792920</timestamp>
			</report>
			<report>
				<misses>241800001</misses>
				<total>0</total>
				<timestamp>1590.451482</timestamp>
			</report>
			<report>
				<misses>241900001</misses>
				<total>0</total>
				<timestamp>1591.109254</timestamp>
			</report>
			<report>
				<misses>242000001</misses>
				<total>0</total>
				<timestamp>1591.767539</timestamp>
			</report>
			<report>
				<misses>242100001</misses>
				<total>0</total>
				<timestamp>1592.426027</timestamp>
			</report>
			<report>
				<misses>242200001</misses>
				<total>0</total>
				<timestamp>1593.083889</timestamp>
			</report>
			<report>
				<misses>242300001</misses>
				<total>0</total>
				<timestamp>1593.741398</timestamp>
			</report>
			<report>
				<misses>242400001</misses>
				<total>0</total>
				<timestamp>1594.400058</timestamp>
			</report>
			<report>
				<misses>242500001</misses>
				<total>0</total>
				<timestamp>1595.057943</timestamp>
			</report>
			<report>
				<misses>242600001</misses>
				<total>0</total>
				<timestamp>1595.716003</timestamp>
			</report>
			<report>
				<misses>242700001</misses>
				<total>0</total>
				<timestamp>1596.373547</timestamp>
			</report>
			<report>
				<misses>242800001</misses>
				<total>0</total>
				<timestamp>1597.030894</timestamp>
			</report>
			<report>
				<misses>242900001</misses>
				<total>0</total>
				<timestamp>1597.689127</timestamp>
			</report>
			<report>
				<misses>243000001</misses>
				<total>0</total>
				<timestamp>1598.347222</timestamp>
			</report>
			<report>
				<misses>243100001</misses>
				<total>0</total>
				<timestamp>1599.006374</timestamp>
			</report>
			<report>
				<misses>243200001</misses>
				<total>0</total>
				<timestamp>1599.665560</timestamp>
			</report>
			<report>
				<misses>243300001</misses>
				<total>0</total>
				<timestamp>1600.324019</timestamp>
			</report>
			<report>
				<misses>243400001</misses>
				<total>0</total>
				<timestamp>1600.982570</timestamp>
			</report>
			<report>
				<misses>243500001</misses>
				<total>0</total>
				<timestamp>1601.640629</timestamp>
			</report>
			<report>
				<misses>243600001</misses>
				<total>0</total>
				<timestamp>1602.299571</timestamp>
			</report>
			<report>
				<misses>243700001</misses>
				<total>0</total>
				<timestamp>1602.957157</timestamp>
			</report>
			<report>
				<misses>243800001</misses>
				<total>0</total>
				<timestamp>1603.613072</timestamp>
			</report>
			<report>
				<misses>243900001</misses>
				<total>0</total>
				<timestamp>1604.271429</timestamp>
			</report>
			<report>
				<misses>244000001</misses>
				<total>0</total>
				<timestamp>1604.929440</timestamp>
			</report>
			<report>
				<misses>244100001</misses>
				<total>0</total>
				<timestamp>1605.586515</timestamp>
			</report>
			<report>
				<misses>244200001</misses>
				<total>0</total>
				<timestamp>1606.244827</timestamp>
			</report>
			<report>
				<misses>244300001</misses>
				<total>0</total>
				<timestamp>1606.902198</timestamp>
			</report>
			<report>
				<misses>244400001</misses>
				<total>0</total>
				<timestamp>1607.561230</timestamp>
			</report>
			<report>
				<misses>244500001</misses>
				<total>0</total>
				<timestamp>1608.218146</timestamp>
			</report>
			<report>
				<misses>244600001</misses>
				<total>0</total>
				<timestamp>1608.875910</timestamp>
			</report>
			<report>
				<misses>244700001</misses>
				<total>0</total>
				<timestamp>1609.534159</timestamp>
			</report>
			<report>
				<misses>244800001</misses>
				<total>0</total>
				<timestamp>1610.192165</timestamp>
			</report>
			<report>
				<misses>244900001</misses>
				<total>0</total>
				<timestamp>1610.849603</timestamp>
			</report>
			<report>
				<misses>245000001</misses>
				<total>0</total>
				<timestamp>1611.507758</timestamp>
			</report>
			<report>
				<misses>245100001</misses>
				<total>0</total>
				<timestamp>1612.165716</timestamp>
			</report>
			<report>
				<misses>245200001</misses>
				<total>0</total>
				<timestamp>1612.823643</timestamp>
			</report>
			<report>
				<misses>245300001</misses>
				<total>0</total>
				<timestamp>1613.482407</timestamp>
			</report>
			<report>
				<misses>245400001</misses>
				<total>0</total>
				<timestamp>1614.140322</timestamp>
			</report>
			<report>
				<misses>245500001</misses>
				<total>0</total>
				<timestamp>1614.798290</timestamp>
			</report>
			<report>
				<misses>245600001</misses>
				<total>0</total>
				<timestamp>1615.455315</timestamp>
			</report>
			<report>
				<misses>245700001</misses>
				<total>0</total>
				<timestamp>1616.111949</timestamp>
			</report>
			<report>
				<misses>245800001</misses>
				<total>0</total>
				<timestamp>1616.770548</timestamp>
			</report>
			<report>
				<misses>245900001</misses>
				<total>0</total>
				<timestamp>1617.428211</timestamp>
			</report>
			<report>
				<misses>246000001</misses>
				<total>0</total>
				<timestamp>1618.086852</timestamp>
			</report>
			<report>
				<misses>246100001</misses>
				<total>0</total>
				<timestamp>1618.745281</timestamp>
			</report>
			<report>
				<misses>246200001</misses>
				<total>0</total>
				<timestamp>1619.403605</timestamp>
			</report>
			<report>
				<misses>246300001</misses>
				<total>0</total>
				<timestamp>1620.061552</timestamp>
			</report>
			<report>
				<misses>246400001</misses>
				<total>0</total>
				<timestamp>1620.718871</timestamp>
			</report>
			<report>
				<misses>246500001</misses>
				<total>0</total>
				<timestamp>1621.376770</timestamp>
			</report>
			<report>
				<misses>246600001</misses>
				<total>0</total>
				<timestamp>1622.034655</timestamp>
			</report>
			<report>
				<misses>246700001</misses>
				<total>0</total>
				<timestamp>1622.692206</timestamp>
			</report>
			<report>
				<misses>246800001</misses>
				<total>0</total>
				<timestamp>1623.350075</timestamp>
			</report>
			<report>
				<misses>246900001</misses>
				<total>0</total>
				<timestamp>1624.008375</timestamp>
			</report>
			<report>
				<misses>247000001</misses>
				<total>0</total>
				<timestamp>1624.666471</timestamp>
			</report>
			<report>
				<misses>247100001</misses>
				<total>0</total>
				<timestamp>1625.324241</timestamp>
			</report>
			<report>
				<misses>247200001</misses>
				<total>0</total>
				<timestamp>1625.981473</timestamp>
			</report>
			<report>
				<misses>247300001</misses>
				<total>0</total>
				<timestamp>1626.639411</timestamp>
			</report>
			<report>
				<misses>247400001</misses>
				<total>0</total>
				<timestamp>1627.296964</timestamp>
			</report>
			<report>
				<misses>247500001</misses>
				<total>0</total>
				<timestamp>1627.954582</timestamp>
			</report>
			<report>
				<misses>247600001</misses>
				<total>0</total>
				<timestamp>1628.611551</timestamp>
			</report>
			<report>
				<misses>247700001</misses>
				<total>0</total>
				<timestamp>1629.268641</timestamp>
			</report>
			<report>
				<misses>247800001</misses>
				<total>0</total>
				<timestamp>1629.926944</timestamp>
			</report>
			<report>
				<misses>247900001</misses>
				<total>0</total>
				<timestamp>1630.585375</timestamp>
			</report>
			<report>
				<misses>248000001</misses>
				<total>0</total>
				<timestamp>1631.242220</timestamp>
			</report>
			<report>
				<misses>248100001</misses>
				<total>0</total>
				<timestamp>1631.900067</timestamp>
			</report>
			<report>
				<misses>248200001</misses>
				<total>0</total>
				<timestamp>1632.559100</timestamp>
			</report>
			<report>
				<misses>248300001</misses>
				<total>0</total>
				<timestamp>1633.218211</timestamp>
			</report>
			<report>
				<misses>248400001</misses>
				<total>0</total>
				<timestamp>1633.875032</timestamp>
			</report>
			<report>
				<misses>248500001</misses>
				<total>0</total>
				<timestamp>1634.532726</timestamp>
			</report>
			<report>
				<misses>248600001</misses>
				<total>0</total>
				<timestamp>1635.190043</timestamp>
			</report>
			<report>
				<misses>248700001</misses>
				<total>0</total>
				<timestamp>1635.847952</timestamp>
			</report>
			<report>
				<misses>248800001</misses>
				<total>0</total>
				<timestamp>1636.505785</timestamp>
			</report>
			<report>
				<misses>248900001</misses>
				<total>0</total>
				<timestamp>1637.164602</timestamp>
			</report>
			<report>
				<misses>249000001</misses>
				<total>0</total>
				<timestamp>1637.819217</timestamp>
			</report>
			<report>
				<misses>249100001</misses>
				<total>0</total>
				<timestamp>1638.477374</timestamp>
			</report>
			<report>
				<misses>249200001</misses>
				<total>0</total>
				<timestamp>1639.135312</timestamp>
			</report>
			<report>
				<misses>249300001</misses>
				<total>0</total>
				<timestamp>1639.793951</timestamp>
			</report>
			<report>
				<misses>249400001</misses>
				<total>0</total>
				<timestamp>1640.453584</timestamp>
			</report>
			<report>
				<misses>249500001</misses>
				<total>0</total>
				<timestamp>1641.113254</timestamp>
			</report>
			<report>
				<misses>249600001</misses>
				<total>0</total>
				<timestamp>1641.771337</timestamp>
			</report>
			<report>
				<misses>249700001</misses>
				<total>0</total>
				<timestamp>1642.430575</timestamp>
			</report>
			<report>
				<misses>249800001</misses>
				<total>0</total>
				<timestamp>1643.088888</timestamp>
			</report>
			<report>
				<misses>249900001</misses>
				<total>0</total>
				<timestamp>1643.746596</timestamp>
			</report>
			<report>
				<misses>250000001</misses>
				<total>0</total>
				<timestamp>1644.406071</timestamp>
			</report>
			<report>
				<misses>250100001</misses>
				<total>0</total>
				<timestamp>1645.064508</timestamp>
			</report>
			<report>
				<misses>250200001</misses>
				<total>0</total>
				<timestamp>1645.721813</timestamp>
			</report>
			<report>
				<misses>250300001</misses>
				<total>0</total>
				<timestamp>1646.378583</timestamp>
			</report>
			<report>
				<misses>250400001</misses>
				<total>0</total>
				<timestamp>1647.037013</timestamp>
			</report>
			<report>
				<misses>250500001</misses>
				<total>0</total>
				<timestamp>1647.693479</timestamp>
			</report>
			<report>
				<misses>250600001</misses>
				<total>0</total>
				<timestamp>1648.351085</timestamp>
			</report>
			<report>
				<misses>250700001</misses>
				<total>0</total>
				<timestamp>1649.008320</timestamp>
			</report>
			<report>
				<misses>250800001</misses>
				<total>0</total>
				<timestamp>1649.666177</timestamp>
			</report>
			<report>
				<misses>250900001</misses>
				<total>0</total>
				<timestamp>1650.324709</timestamp>
			</report>
			<report>
				<misses>251000001</misses>
				<total>0</total>
				<timestamp>1650.982435</timestamp>
			</report>
			<report>
				<misses>251100001</misses>
				<total>0</total>
				<timestamp>1651.640097</timestamp>
			</report>
			<report>
				<misses>251200001</misses>
				<total>0</total>
				<timestamp>1652.297664</timestamp>
			</report>
			<report>
				<misses>251300001</misses>
				<total>0</total>
				<timestamp>1652.955753</timestamp>
			</report>
			<report>
				<misses>251400001</misses>
				<total>0</total>
				<timestamp>1653.613380</timestamp>
			</report>
			<report>
				<misses>251500001</misses>
				<total>0</total>
				<timestamp>1654.269292</timestamp>
			</report>
			<report>
				<misses>251600001</misses>
				<total>0</total>
				<timestamp>1654.926746</timestamp>
			</report>
			<report>
				<misses>251700001</misses>
				<total>0</total>
				<timestamp>1655.583305</timestamp>
			</report>
			<report>
				<misses>251800001</misses>
				<total>0</total>
				<timestamp>1656.242173</timestamp>
			</report>
			<report>
				<misses>251900001</misses>
				<total>0</total>
				<timestamp>1656.899619</timestamp>
			</report>
			<report>
				<misses>252000001</misses>
				<total>0</total>
				<timestamp>1657.558983</timestamp>
			</report>
			<report>
				<misses>252100001</misses>
				<total>0</total>
				<timestamp>1658.216514</timestamp>
			</report>
			<report>
				<misses>252200001</misses>
				<total>0</total>
				<timestamp>1658.873948</timestamp>
			</report>
			<report>
				<misses>252300001</misses>
				<total>0</total>
				<timestamp>1659.531502</timestamp>
			</report>
			<report>
				<misses>252400001</misses>
				<total>0</total>
				<timestamp>1660.189957</timestamp>
			</report>
			<report>
				<misses>252500001</misses>
				<total>0</total>
				<timestamp>1660.847491</timestamp>
			</report>
			<report>
				<misses>252600001</misses>
				<total>0</total>
				<timestamp>1661.505265</timestamp>
			</report>
			<report>
				<misses>252700001</misses>
				<total>0</total>
				<timestamp>1662.163171</timestamp>
			</report>
			<report>
				<misses>252800001</misses>
				<total>0</total>
				<timestamp>1662.821245</timestamp>
			</report>
			<report>
				<misses>252900001</misses>
				<total>0</total>
				<timestamp>1663.479404</timestamp>
			</report>
			<report>
				<misses>253000001</misses>
				<total>0</total>
				<timestamp>1664.136562</timestamp>
			</report>
			<report>
				<misses>253100001</misses>
				<total>0</total>
				<timestamp>1664.793260</timestamp>
			</report>
			<report>
				<misses>253200001</misses>
				<total>0</total>
				<timestamp>1665.451350</timestamp>
			</report>
			<report>
				<misses>253300001</misses>
				<total>0</total>
				<timestamp>1666.109166</timestamp>
			</report>
			<report>
				<misses>253400001</misses>
				<total>0</total>
				<timestamp>1666.765847</timestamp>
			</report>
			<report>
				<misses>253500001</misses>
				<total>0</total>
				<timestamp>1667.424341</timestamp>
			</report>
			<report>
				<misses>253600001</misses>
				<total>0</total>
				<timestamp>1668.081608</timestamp>
			</report>
			<report>
				<misses>253700001</misses>
				<total>0</total>
				<timestamp>1668.738843</timestamp>
			</report>
			<report>
				<misses>253800001</misses>
				<total>0</total>
				<timestamp>1669.397358</timestamp>
			</report>
			<report>
				<misses>253900001</misses>
				<total>0</total>
				<timestamp>1670.055331</timestamp>
			</report>
			<report>
				<misses>254000001</misses>
				<total>0</total>
				<timestamp>1670.711858</timestamp>
			</report>
			<report>
				<misses>254100001</misses>
				<total>0</total>
				<timestamp>1671.371464</timestamp>
			</report>
			<report>
				<misses>254200001</misses>
				<total>0</total>
				<timestamp>1672.029095</timestamp>
			</report>
			<report>
				<misses>254300001</misses>
				<total>0</total>
				<timestamp>1672.686180</timestamp>
			</report>
			<report>
				<misses>254400001</misses>
				<total>0</total>
				<timestamp>1673.343745</timestamp>
			</report>
			<report>
				<misses>254500001</misses>
				<total>0</total>
				<timestamp>1674.001815</timestamp>
			</report>
			<report>
				<misses>254600001</misses>
				<total>0</total>
				<timestamp>1674.660224</timestamp>
			</report>
			<report>
				<misses>254700001</misses>
				<total>0</total>
				<timestamp>1675.317787</timestamp>
			</report>
			<report>
				<misses>254800001</misses>
				<total>0</total>
				<timestamp>1675.975757</timestamp>
			</report>
			<report>
				<misses>254900001</misses>
				<total>0</total>
				<timestamp>1676.633342</timestamp>
			</report>
			<report>
				<misses>255000001</misses>
				<total>0</total>
				<timestamp>1677.291513</timestamp>
			</report>
			<report>
				<misses>255100001</misses>
				<total>0</total>
				<timestamp>1677.949115</timestamp>
			</report>
			<report>
				<misses>255200001</misses>
				<total>0</total>
				<timestamp>1678.607242</timestamp>
			</report>
			<report>
				<misses>255300001</misses>
				<total>0</total>
				<timestamp>1679.266117</timestamp>
			</report>
			<report>
				<misses>255400001</misses>
				<total>0</total>
				<timestamp>1679.924077</timestamp>
			</report>
			<report>
				<misses>255500001</misses>
				<total>0</total>
				<timestamp>1680.582597</timestamp>
			</report>
			<report>
				<misses>255600001</misses>
				<total>0</total>
				<timestamp>1681.239632</timestamp>
			</report>
			<report>
				<misses>255700001</misses>
				<total>0</total>
				<timestamp>1681.897072</timestamp>
			</report>
			<report>
				<misses>255800001</misses>
				<total>0</total>
				<timestamp>1682.554954</timestamp>
			</report>
			<report>
				<misses>255900001</misses>
				<total>0</total>
				<timestamp>1683.212686</timestamp>
			</report>
			<report>
				<misses>256000001</misses>
				<total>0</total>
				<timestamp>1683.872072</timestamp>
			</report>
			<report>
				<misses>256100001</misses>
				<total>0</total>
				<timestamp>1684.531426</timestamp>
			</report>
			<report>
				<misses>256200001</misses>
				<total>0</total>
				<timestamp>1685.190079</timestamp>
			</report>
			<report>
				<misses>256300001</misses>
				<total>0</total>
				<timestamp>1685.849194</timestamp>
			</report>
			<report>
				<misses>256400001</misses>
				<total>0</total>
				<timestamp>1686.507858</timestamp>
			</report>
			<report>
				<misses>256500001</misses>
				<total>0</total>
				<timestamp>1687.167101</timestamp>
			</report>
			<report>
				<misses>256600001</misses>
				<total>0</total>
				<timestamp>1687.826550</timestamp>
			</report>
			<report>
				<misses>256700001</misses>
				<total>0</total>
				<timestamp>1688.484144</timestamp>
			</report>
			<report>
				<misses>256800001</misses>
				<total>0</total>
				<timestamp>1689.143386</timestamp>
			</report>
			<report>
				<misses>256900001</misses>
				<total>0</total>
				<timestamp>1689.800834</timestamp>
			</report>
			<report>
				<misses>257000001</misses>
				<total>0</total>
				<timestamp>1690.457630</timestamp>
			</report>
			<report>
				<misses>257100001</misses>
				<total>0</total>
				<timestamp>1691.115613</timestamp>
			</report>
			<report>
				<misses>257200001</misses>
				<total>0</total>
				<timestamp>1691.773661</timestamp>
			</report>
			<report>
				<misses>257300001</misses>
				<total>0</total>
				<timestamp>1692.432402</timestamp>
			</report>
			<report>
				<misses>257400001</misses>
				<total>0</total>
				<timestamp>1693.090314</timestamp>
			</report>
			<report>
				<misses>257500001</misses>
				<total>0</total>
				<timestamp>1693.746583</timestamp>
			</report>
			<report>
				<misses>257600001</misses>
				<total>0</total>
				<timestamp>1694.405123</timestamp>
			</report>
			<report>
				<misses>257700001</misses>
				<total>0</total>
				<timestamp>1695.062944</timestamp>
			</report>
			<report>
				<misses>257800001</misses>
				<total>0</total>
				<timestamp>1695.720437</timestamp>
			</report>
			<report>
				<misses>257900001</misses>
				<total>0</total>
				<timestamp>1696.378532</timestamp>
			</report>
			<report>
				<misses>258000001</misses>
				<total>0</total>
				<timestamp>1697.037795</timestamp>
			</report>
			<report>
				<misses>258100001</misses>
				<total>0</total>
				<timestamp>1697.695189</timestamp>
			</report>
			<report>
				<misses>258200001</misses>
				<total>0</total>
				<timestamp>1698.353230</timestamp>
			</report>
			<report>
				<misses>258300001</misses>
				<total>0</total>
				<timestamp>1699.011640</timestamp>
			</report>
			<report>
				<misses>258400001</misses>
				<total>0</total>
				<timestamp>1699.669691</timestamp>
			</report>
			<report>
				<misses>258500001</misses>
				<total>0</total>
				<timestamp>1700.326614</timestamp>
			</report>
			<report>
				<misses>258600001</misses>
				<total>0</total>
				<timestamp>1700.983676</timestamp>
			</report>
			<report>
				<misses>258700001</misses>
				<total>0</total>
				<timestamp>1701.641383</timestamp>
			</report>
			<report>
				<misses>258800001</misses>
				<total>0</total>
				<timestamp>1702.299851</timestamp>
			</report>
			<report>
				<misses>258900001</misses>
				<total>0</total>
				<timestamp>1702.956370</timestamp>
			</report>
			<report>
				<misses>259000001</misses>
				<total>0</total>
				<timestamp>1703.614701</timestamp>
			</report>
			<report>
				<misses>259100001</misses>
				<total>0</total>
				<timestamp>1704.271810</timestamp>
			</report>
			<report>
				<misses>259200001</misses>
				<total>0</total>
				<timestamp>1704.929903</timestamp>
			</report>
			<report>
				<misses>259300001</misses>
				<total>0</total>
				<timestamp>1705.587376</timestamp>
			</report>
			<report>
				<misses>259400001</misses>
				<total>0</total>
				<timestamp>1706.246217</timestamp>
			</report>
			<report>
				<misses>259500001</misses>
				<total>0</total>
				<timestamp>1706.904856</timestamp>
			</report>
			<report>
				<misses>259600001</misses>
				<total>0</total>
				<timestamp>1707.560575</timestamp>
			</report>
			<report>
				<misses>259700001</misses>
				<total>0</total>
				<timestamp>1708.218985</timestamp>
			</report>
			<report>
				<misses>259800001</misses>
				<total>0</total>
				<timestamp>1708.875315</timestamp>
			</report>
			<report>
				<misses>259900001</misses>
				<total>0</total>
				<timestamp>1709.530996</timestamp>
			</report>
			<report>
				<misses>260000001</misses>
				<total>0</total>
				<timestamp>1710.190068</timestamp>
			</report>
			<report>
				<misses>260100001</misses>
				<total>0</total>
				<timestamp>1710.847653</timestamp>
			</report>
			<report>
				<misses>260200001</misses>
				<total>0</total>
				<timestamp>1711.504318</timestamp>
			</report>
			<report>
				<misses>260300001</misses>
				<total>0</total>
				<timestamp>1712.160239</timestamp>
			</report>
			<report>
				<misses>260400001</misses>
				<total>0</total>
				<timestamp>1712.816052</timestamp>
			</report>
			<report>
				<misses>260500001</misses>
				<total>0</total>
				<timestamp>1713.474227</timestamp>
			</report>
			<report>
				<misses>260600001</misses>
				<total>0</total>
				<timestamp>1714.131317</timestamp>
			</report>
			<report>
				<misses>260700001</misses>
				<total>0</total>
				<timestamp>1714.787561</timestamp>
			</report>
			<report>
				<misses>260800001</misses>
				<total>0</total>
				<timestamp>1715.445041</timestamp>
			</report>
			<report>
				<misses>260900001</misses>
				<total>0</total>
				<timestamp>1716.102637</timestamp>
			</report>
			<report>
				<misses>261000001</misses>
				<total>0</total>
				<timestamp>1716.761237</timestamp>
			</report>
			<report>
				<misses>261100001</misses>
				<total>0</total>
				<timestamp>1717.419521</timestamp>
			</report>
			<report>
				<misses>261200001</misses>
				<total>0</total>
				<timestamp>1718.077882</timestamp>
			</report>
			<report>
				<misses>261300001</misses>
				<total>0</total>
				<timestamp>1718.735652</timestamp>
			</report>
			<report>
				<misses>261400001</misses>
				<total>0</total>
				<timestamp>1719.394316</timestamp>
			</report>
			<report>
				<misses>261500001</misses>
				<total>0</total>
				<timestamp>1720.052382</timestamp>
			</report>
			<report>
				<misses>261600001</misses>
				<total>0</total>
				<timestamp>1720.709225</timestamp>
			</report>
			<report>
				<misses>261700001</misses>
				<total>0</total>
				<timestamp>1721.366583</timestamp>
			</report>
			<report>
				<misses>261800001</misses>
				<total>0</total>
				<timestamp>1722.024264</timestamp>
			</report>
			<report>
				<misses>261900001</misses>
				<total>0</total>
				<timestamp>1722.684706</timestamp>
			</report>
			<report>
				<misses>262000001</misses>
				<total>0</total>
				<timestamp>1723.342932</timestamp>
			</report>
			<report>
				<misses>262100001</misses>
				<total>0</total>
				<timestamp>1723.999894</timestamp>
			</report>
			<report>
				<misses>262200001</misses>
				<total>0</total>
				<timestamp>1724.657844</timestamp>
			</report>
			<report>
				<misses>262300001</misses>
				<total>0</total>
				<timestamp>1725.316142</timestamp>
			</report>
			<report>
				<misses>262400001</misses>
				<total>0</total>
				<timestamp>1725.972910</timestamp>
			</report>
			<report>
				<misses>262500001</misses>
				<total>0</total>
				<timestamp>1726.630171</timestamp>
			</report>
			<report>
				<misses>262600001</misses>
				<total>0</total>
				<timestamp>1727.287735</timestamp>
			</report>
			<report>
				<misses>262700001</misses>
				<total>0</total>
				<timestamp>1727.946754</timestamp>
			</report>
			<report>
				<misses>262800001</misses>
				<total>0</total>
				<timestamp>1728.605226</timestamp>
			</report>
			<report>
				<misses>262900001</misses>
				<total>0</total>
				<timestamp>1729.264857</timestamp>
			</report>
			<report>
				<misses>263000001</misses>
				<total>0</total>
				<timestamp>1729.924170</timestamp>
			</report>
			<report>
				<misses>263100001</misses>
				<total>0</total>
				<timestamp>1730.583087</timestamp>
			</report>
			<report>
				<misses>263200001</misses>
				<total>0</total>
				<timestamp>1731.243010</timestamp>
			</report>
			<report>
				<misses>263300001</misses>
				<total>0</total>
				<timestamp>1731.903239</timestamp>
			</report>
			<report>
				<misses>263400001</misses>
				<total>0</total>
				<timestamp>1732.563869</timestamp>
			</report>
			<report>
				<misses>263500001</misses>
				<total>0</total>
				<timestamp>1733.222176</timestamp>
			</report>
			<report>
				<misses>263600001</misses>
				<total>0</total>
				<timestamp>1733.881012</timestamp>
			</report>
			<report>
				<misses>263700001</misses>
				<total>0</total>
				<timestamp>1734.539591</timestamp>
			</report>
			<report>
				<misses>263800001</misses>
				<total>0</total>
				<timestamp>1735.197081</timestamp>
			</report>
			<report>
				<misses>263900001</misses>
				<total>0</total>
				<timestamp>1735.854923</timestamp>
			</report>
			<report>
				<misses>264000001</misses>
				<total>0</total>
				<timestamp>1736.512709</timestamp>
			</report>
			<report>
				<misses>264100001</misses>
				<total>0</total>
				<timestamp>1737.170691</timestamp>
			</report>
			<report>
				<misses>264200001</misses>
				<total>0</total>
				<timestamp>1737.828534</timestamp>
			</report>
			<report>
				<misses>264300001</misses>
				<total>0</total>
				<timestamp>1738.487427</timestamp>
			</report>
			<report>
				<misses>264400001</misses>
				<total>0</total>
				<timestamp>1739.145539</timestamp>
			</report>
			<report>
				<misses>264500001</misses>
				<total>0</total>
				<timestamp>1739.803199</timestamp>
			</report>
			<report>
				<misses>264600001</misses>
				<total>0</total>
				<timestamp>1740.461426</timestamp>
			</report>
			<report>
				<misses>264700001</misses>
				<total>0</total>
				<timestamp>1741.117811</timestamp>
			</report>
			<report>
				<misses>264800001</misses>
				<total>0</total>
				<timestamp>1741.776464</timestamp>
			</report>
			<report>
				<misses>264900001</misses>
				<total>0</total>
				<timestamp>1742.435246</timestamp>
			</report>
			<report>
				<misses>265000001</misses>
				<total>0</total>
				<timestamp>1743.092436</timestamp>
			</report>
			<report>
				<misses>265100001</misses>
				<total>0</total>
				<timestamp>1743.751001</timestamp>
			</report>
			<report>
				<misses>265200001</misses>
				<total>0</total>
				<timestamp>1744.409526</timestamp>
			</report>
			<report>
				<misses>265300001</misses>
				<total>0</total>
				<timestamp>1745.068058</timestamp>
			</report>
			<report>
				<misses>265400001</misses>
				<total>0</total>
				<timestamp>1745.725135</timestamp>
			</report>
			<report>
				<misses>265500001</misses>
				<total>0</total>
				<timestamp>1746.383645</timestamp>
			</report>
			<report>
				<misses>265600001</misses>
				<total>0</total>
				<timestamp>1747.041266</timestamp>
			</report>
			<report>
				<misses>265700001</misses>
				<total>0</total>
				<timestamp>1747.698346</timestamp>
			</report>
			<report>
				<misses>265800001</misses>
				<total>0</total>
				<timestamp>1748.356115</timestamp>
			</report>
			<report>
				<misses>265900001</misses>
				<total>0</total>
				<timestamp>1749.014545</timestamp>
			</report>
			<report>
				<misses>266000001</misses>
				<total>0</total>
				<timestamp>1749.672396</timestamp>
			</report>
			<report>
				<misses>266100001</misses>
				<total>0</total>
				<timestamp>1750.330311</timestamp>
			</report>
			<report>
				<misses>266200001</misses>
				<total>0</total>
				<timestamp>1750.988360</timestamp>
			</report>
			<report>
				<misses>266300001</misses>
				<total>0</total>
				<timestamp>1751.645571</timestamp>
			</report>
			<report>
				<misses>266400001</misses>
				<total>0</total>
				<timestamp>1752.303079</timestamp>
			</report>
			<report>
				<misses>266500001</misses>
				<total>0</total>
				<timestamp>1752.960632</timestamp>
			</report>
			<report>
				<misses>266600001</misses>
				<total>0</total>
				<timestamp>1753.618362</timestamp>
			</report>
			<report>
				<misses>266700001</misses>
				<total>0</total>
				<timestamp>1754.276055</timestamp>
			</report>
			<report>
				<misses>266800001</misses>
				<total>0</total>
				<timestamp>1754.934041</timestamp>
			</report>
			<report>
				<misses>266900001</misses>
				<total>0</total>
				<timestamp>1755.592595</timestamp>
			</report>
			<report>
				<misses>267000001</misses>
				<total>0</total>
				<timestamp>1756.250779</timestamp>
			</report>
			<report>
				<misses>267100001</misses>
				<total>0</total>
				<timestamp>1756.908269</timestamp>
			</report>
			<report>
				<misses>267200001</misses>
				<total>0</total>
				<timestamp>1757.565831</timestamp>
			</report>
			<report>
				<misses>267300001</misses>
				<total>0</total>
				<timestamp>1758.223469</timestamp>
			</report>
			<report>
				<misses>267400001</misses>
				<total>0</total>
				<timestamp>1758.881186</timestamp>
			</report>
			<report>
				<misses>267500001</misses>
				<total>0</total>
				<timestamp>1759.537843</timestamp>
			</report>
			<report>
				<misses>267600001</misses>
				<total>0</total>
				<timestamp>1760.195852</timestamp>
			</report>
			<report>
				<misses>267700001</misses>
				<total>0</total>
				<timestamp>1760.853223</timestamp>
			</report>
			<report>
				<misses>267800001</misses>
				<total>0</total>
				<timestamp>1761.511323</timestamp>
			</report>
			<report>
				<misses>267900001</misses>
				<total>0</total>
				<timestamp>1762.168190</timestamp>
			</report>
			<report>
				<misses>268000001</misses>
				<total>0</total>
				<timestamp>1762.826216</timestamp>
			</report>
			<report>
				<misses>268100001</misses>
				<total>0</total>
				<timestamp>1763.485626</timestamp>
			</report>
			<report>
				<misses>268200001</misses>
				<total>0</total>
				<timestamp>1764.143462</timestamp>
			</report>
			<report>
				<misses>268300001</misses>
				<total>0</total>
				<timestamp>1764.800063</timestamp>
			</report>
			<report>
				<misses>268400001</misses>
				<total>0</total>
				<timestamp>1765.457216</timestamp>
			</report>
			<report>
				<misses>268500001</misses>
				<total>0</total>
				<timestamp>1766.113988</timestamp>
			</report>
			<report>
				<misses>268600001</misses>
				<total>0</total>
				<timestamp>1766.771796</timestamp>
			</report>
			<report>
				<misses>268700001</misses>
				<total>0</total>
				<timestamp>1767.430384</timestamp>
			</report>
			<report>
				<misses>268800001</misses>
				<total>0</total>
				<timestamp>1768.088832</timestamp>
			</report>
			<report>
				<misses>268900001</misses>
				<total>0</total>
				<timestamp>1768.747063</timestamp>
			</report>
			<report>
				<misses>269000001</misses>
				<total>0</total>
				<timestamp>1769.404424</timestamp>
			</report>
			<report>
				<misses>269100001</misses>
				<total>0</total>
				<timestamp>1770.062360</timestamp>
			</report>
			<report>
				<misses>269200001</misses>
				<total>0</total>
				<timestamp>1770.720909</timestamp>
			</report>
			<report>
				<misses>269300001</misses>
				<total>0</total>
				<timestamp>1771.378655</timestamp>
			</report>
			<report>
				<misses>269400001</misses>
				<total>0</total>
				<timestamp>1772.036953</timestamp>
			</report>
			<report>
				<misses>269500001</misses>
				<total>0</total>
				<timestamp>1772.695899</timestamp>
			</report>
			<report>
				<misses>269600001</misses>
				<total>0</total>
				<timestamp>1773.353654</timestamp>
			</report>
			<report>
				<misses>269700001</misses>
				<total>0</total>
				<timestamp>1774.010493</timestamp>
			</report>
			<report>
				<misses>269800001</misses>
				<total>0</total>
				<timestamp>1774.669600</timestamp>
			</report>
			<report>
				<misses>269900001</misses>
				<total>0</total>
				<timestamp>1775.329181</timestamp>
			</report>
			<report>
				<misses>270000001</misses>
				<total>0</total>
				<timestamp>1775.987422</timestamp>
			</report>
			<report>
				<misses>270100001</misses>
				<total>0</total>
				<timestamp>1776.647206</timestamp>
			</report>
			<report>
				<misses>270200001</misses>
				<total>0</total>
				<timestamp>1777.305311</timestamp>
			</report>
			<report>
				<misses>270300001</misses>
				<total>0</total>
				<timestamp>1777.965155</timestamp>
			</report>
			<report>
				<misses>270400001</misses>
				<total>0</total>
				<timestamp>1778.623638</timestamp>
			</report>
			<report>
				<misses>270500001</misses>
				<total>0</total>
				<timestamp>1779.281339</timestamp>
			</report>
			<report>
				<misses>270600001</misses>
				<total>0</total>
				<timestamp>1779.938290</timestamp>
			</report>
			<report>
				<misses>270700001</misses>
				<total>0</total>
				<timestamp>1780.595888</timestamp>
			</report>
			<report>
				<misses>270800001</misses>
				<total>0</total>
				<timestamp>1781.254575</timestamp>
			</report>
			<report>
				<misses>270900001</misses>
				<total>0</total>
				<timestamp>1781.912565</timestamp>
			</report>
			<report>
				<misses>271000001</misses>
				<total>0</total>
				<timestamp>1782.571909</timestamp>
			</report>
			<report>
				<misses>271100001</misses>
				<total>0</total>
				<timestamp>1783.228849</timestamp>
			</report>
			<report>
				<misses>271200001</misses>
				<total>0</total>
				<timestamp>1783.885651</timestamp>
			</report>
			<report>
				<misses>271300001</misses>
				<total>0</total>
				<timestamp>1784.542943</timestamp>
			</report>
			<report>
				<misses>271400001</misses>
				<total>0</total>
				<timestamp>1785.200618</timestamp>
			</report>
			<report>
				<misses>271500001</misses>
				<total>0</total>
				<timestamp>1785.856773</timestamp>
			</report>
			<report>
				<misses>271600001</misses>
				<total>0</total>
				<timestamp>1786.514881</timestamp>
			</report>
			<report>
				<misses>271700001</misses>
				<total>0</total>
				<timestamp>1787.173081</timestamp>
			</report>
			<report>
				<misses>271800001</misses>
				<total>0</total>
				<timestamp>1787.831811</timestamp>
			</report>
			<report>
				<misses>271900001</misses>
				<total>0</total>
				<timestamp>1788.489571</timestamp>
			</report>
			<report>
				<misses>272000001</misses>
				<total>0</total>
				<timestamp>1789.146417</timestamp>
			</report>
			<report>
				<misses>272100001</misses>
				<total>0</total>
				<timestamp>1789.804463</timestamp>
			</report>
			<report>
				<misses>272200001</misses>
				<total>0</total>
				<timestamp>1790.462522</timestamp>
			</report>
			<report>
				<misses>272300001</misses>
				<total>0</total>
				<timestamp>1791.119708</timestamp>
			</report>
			<report>
				<misses>272400001</misses>
				<total>0</total>
				<timestamp>1791.777682</timestamp>
			</report>
			<report>
				<misses>272500001</misses>
				<total>0</total>
				<timestamp>1792.435138</timestamp>
			</report>
			<report>
				<misses>272600001</misses>
				<total>0</total>
				<timestamp>1793.092873</timestamp>
			</report>
			<report>
				<misses>272700001</misses>
				<total>0</total>
				<timestamp>1793.750110</timestamp>
			</report>
			<report>
				<misses>272800001</misses>
				<total>0</total>
				<timestamp>1794.407715</timestamp>
			</report>
			<report>
				<misses>272900001</misses>
				<total>0</total>
				<timestamp>1795.065331</timestamp>
			</report>
			<report>
				<misses>273000001</misses>
				<total>0</total>
				<timestamp>1795.724148</timestamp>
			</report>
			<report>
				<misses>273100001</misses>
				<total>0</total>
				<timestamp>1796.381854</timestamp>
			</report>
			<report>
				<misses>273200001</misses>
				<total>0</total>
				<timestamp>1797.038470</timestamp>
			</report>
			<report>
				<misses>273300001</misses>
				<total>0</total>
				<timestamp>1797.695566</timestamp>
			</report>
			<report>
				<misses>273400001</misses>
				<total>0</total>
				<timestamp>1798.352355</timestamp>
			</report>
			<report>
				<misses>273500001</misses>
				<total>0</total>
				<timestamp>1799.010451</timestamp>
			</report>
			<report>
				<misses>273600001</misses>
				<total>0</total>
				<timestamp>1799.668778</timestamp>
			</report>
			<report>
				<misses>273700001</misses>
				<total>0</total>
				<timestamp>1800.326189</timestamp>
			</report>
			<report>
				<misses>273800001</misses>
				<total>0</total>
				<timestamp>1800.984703</timestamp>
			</report>
			<report>
				<misses>273900001</misses>
				<total>0</total>
				<timestamp>1801.642411</timestamp>
			</report>
			<report>
				<misses>274000001</misses>
				<total>0</total>
				<timestamp>1802.299924</timestamp>
			</report>
			<report>
				<misses>274100001</misses>
				<total>0</total>
				<timestamp>1802.957857</timestamp>
			</report>
			<report>
				<misses>274200001</misses>
				<total>0</total>
				<timestamp>1803.616147</timestamp>
			</report>
			<report>
				<misses>274300001</misses>
				<total>0</total>
				<timestamp>1804.274703</timestamp>
			</report>
			<report>
				<misses>274400001</misses>
				<total>0</total>
				<timestamp>1804.931408</timestamp>
			</report>
			<report>
				<misses>274500001</misses>
				<total>0</total>
				<timestamp>1805.588854</timestamp>
			</report>
			<report>
				<misses>274600001</misses>
				<total>0</total>
				<timestamp>1806.246376</timestamp>
			</report>
			<report>
				<misses>274700001</misses>
				<total>0</total>
				<timestamp>1806.904161</timestamp>
			</report>
			<report>
				<misses>274800001</misses>
				<total>0</total>
				<timestamp>1807.560899</timestamp>
			</report>
			<report>
				<misses>274900001</misses>
				<total>0</total>
				<timestamp>1808.218924</timestamp>
			</report>
			<report>
				<misses>275000001</misses>
				<total>0</total>
				<timestamp>1808.876651</timestamp>
			</report>
			<report>
				<misses>275100001</misses>
				<total>0</total>
				<timestamp>1809.534652</timestamp>
			</report>
			<report>
				<misses>275200001</misses>
				<total>0</total>
				<timestamp>1810.193629</timestamp>
			</report>
			<report>
				<misses>275300001</misses>
				<total>0</total>
				<timestamp>1810.850094</timestamp>
			</report>
			<report>
				<misses>275400001</misses>
				<total>0</total>
				<timestamp>1811.507425</timestamp>
			</report>
			<report>
				<misses>275500001</misses>
				<total>0</total>
				<timestamp>1812.164104</timestamp>
			</report>
			<report>
				<misses>275600001</misses>
				<total>0</total>
				<timestamp>1812.822651</timestamp>
			</report>
			<report>
				<misses>275700001</misses>
				<total>0</total>
				<timestamp>1813.479506</timestamp>
			</report>
			<report>
				<misses>275800001</misses>
				<total>0</total>
				<timestamp>1814.136769</timestamp>
			</report>
			<report>
				<misses>275900001</misses>
				<total>0</total>
				<timestamp>1814.794222</timestamp>
			</report>
			<report>
				<misses>276000001</misses>
				<total>0</total>
				<timestamp>1815.452511</timestamp>
			</report>
			<report>
				<misses>276100001</misses>
				<total>0</total>
				<timestamp>1816.110434</timestamp>
			</report>
			<report>
				<misses>276200001</misses>
				<total>0</total>
				<timestamp>1816.768033</timestamp>
			</report>
			<report>
				<misses>276300001</misses>
				<total>0</total>
				<timestamp>1817.425752</timestamp>
			</report>
			<report>
				<misses>276400001</misses>
				<total>0</total>
				<timestamp>1818.083396</timestamp>
			</report>
			<report>
				<misses>276500001</misses>
				<total>0</total>
				<timestamp>1818.741536</timestamp>
			</report>
			<report>
				<misses>276600001</misses>
				<total>0</total>
				<timestamp>1819.400455</timestamp>
			</report>
			<report>
				<misses>276700001</misses>
				<total>0</total>
				<timestamp>1820.060328</timestamp>
			</report>
			<report>
				<misses>276800001</misses>
				<total>0</total>
				<timestamp>1820.719648</timestamp>
			</report>
			<report>
				<misses>276900001</misses>
				<total>0</total>
				<timestamp>1821.378509</timestamp>
			</report>
			<report>
				<misses>277000001</misses>
				<total>0</total>
				<timestamp>1822.037468</timestamp>
			</report>
			<report>
				<misses>277100001</misses>
				<total>0</total>
				<timestamp>1822.696217</timestamp>
			</report>
			<report>
				<misses>277200001</misses>
				<total>0</total>
				<timestamp>1823.354184</timestamp>
			</report>
			<report>
				<misses>277300001</misses>
				<total>0</total>
				<timestamp>1824.013425</timestamp>
			</report>
			<report>
				<misses>277400001</misses>
				<total>0</total>
				<timestamp>1824.671990</timestamp>
			</report>
			<report>
				<misses>277500001</misses>
				<total>0</total>
				<timestamp>1825.329150</timestamp>
			</report>
			<report>
				<misses>277600001</misses>
				<total>0</total>
				<timestamp>1825.985471</timestamp>
			</report>
			<report>
				<misses>277700001</misses>
				<total>0</total>
				<timestamp>1826.643265</timestamp>
			</report>
			<report>
				<misses>277800001</misses>
				<total>0</total>
				<timestamp>1827.300879</timestamp>
			</report>
			<report>
				<misses>277900001</misses>
				<total>0</total>
				<timestamp>1827.959491</timestamp>
			</report>
			<report>
				<misses>278000001</misses>
				<total>0</total>
				<timestamp>1828.617522</timestamp>
			</report>
			<report>
				<misses>278100001</misses>
				<total>0</total>
				<timestamp>1829.273235</timestamp>
			</report>
			<report>
				<misses>278200001</misses>
				<total>0</total>
				<timestamp>1829.930836</timestamp>
			</report>
			<report>
				<misses>278300001</misses>
				<total>0</total>
				<timestamp>1830.588897</timestamp>
			</report>
			<report>
				<misses>278400001</misses>
				<total>0</total>
				<timestamp>1831.248186</timestamp>
			</report>
			<report>
				<misses>278500001</misses>
				<total>0</total>
				<timestamp>1831.904754</timestamp>
			</report>
			<report>
				<misses>278600001</misses>
				<total>0</total>
				<timestamp>1832.563379</timestamp>
			</report>
			<report>
				<misses>278700001</misses>
				<total>0</total>
				<timestamp>1833.221383</timestamp>
			</report>
			<report>
				<misses>278800001</misses>
				<total>0</total>
				<timestamp>1833.879580</timestamp>
			</report>
			<report>
				<misses>278900001</misses>
				<total>0</total>
				<timestamp>1834.536121</timestamp>
			</report>
			<report>
				<misses>279000001</misses>
				<total>0</total>
				<timestamp>1835.194381</timestamp>
			</report>
			<report>
				<misses>279100001</misses>
				<total>0</total>
				<timestamp>1835.852016</timestamp>
			</report>
			<report>
				<misses>279200001</misses>
				<total>0</total>
				<timestamp>1836.509841</timestamp>
			</report>
			<report>
				<misses>279300001</misses>
				<total>0</total>
				<timestamp>1837.168073</timestamp>
			</report>
			<report>
				<misses>279400001</misses>
				<total>0</total>
				<timestamp>1837.824879</timestamp>
			</report>
			<report>
				<misses>279500001</misses>
				<total>0</total>
				<timestamp>1838.481078</timestamp>
			</report>
			<report>
				<misses>279600001</misses>
				<total>0</total>
				<timestamp>1839.138027</timestamp>
			</report>
			<report>
				<misses>279700001</misses>
				<total>0</total>
				<timestamp>1839.794673</timestamp>
			</report>
			<report>
				<misses>279800001</misses>
				<total>0</total>
				<timestamp>1840.452934</timestamp>
			</report>
			<report>
				<misses>279900001</misses>
				<total>0</total>
				<timestamp>1841.111127</timestamp>
			</report>
			<report>
				<misses>280000001</misses>
				<total>0</total>
				<timestamp>1841.769014</timestamp>
			</report>
			<report>
				<misses>280100001</misses>
				<total>0</total>
				<timestamp>1842.426356</timestamp>
			</report>
			<report>
				<misses>280200001</misses>
				<total>0</total>
				<timestamp>1843.083300</timestamp>
			</report>
			<report>
				<misses>280300001</misses>
				<total>0</total>
				<timestamp>1843.740804</timestamp>
			</report>
			<report>
				<misses>280400001</misses>
				<total>0</total>
				<timestamp>1844.399125</timestamp>
			</report>
			<report>
				<misses>280500001</misses>
				<total>0</total>
				<timestamp>1845.054803</timestamp>
			</report>
			<report>
				<misses>280600001</misses>
				<total>0</total>
				<timestamp>1845.712557</timestamp>
			</report>
			<report>
				<misses>280700001</misses>
				<total>0</total>
				<timestamp>1846.370915</timestamp>
			</report>
			<report>
				<misses>280800001</misses>
				<total>0</total>
				<timestamp>1847.028675</timestamp>
			</report>
			<report>
				<misses>280900001</misses>
				<total>0</total>
				<timestamp>1847.686279</timestamp>
			</report>
			<report>
				<misses>281000001</misses>
				<total>0</total>
				<timestamp>1848.344536</timestamp>
			</report>
			<report>
				<misses>281100001</misses>
				<total>0</total>
				<timestamp>1849.002332</timestamp>
			</report>
			<report>
				<misses>281200001</misses>
				<total>0</total>
				<timestamp>1849.660057</timestamp>
			</report>
			<report>
				<misses>281300001</misses>
				<total>0</total>
				<timestamp>1850.316192</timestamp>
			</report>
			<report>
				<misses>281400001</misses>
				<total>0</total>
				<timestamp>1850.973049</timestamp>
			</report>
			<report>
				<misses>281500001</misses>
				<total>0</total>
				<timestamp>1851.631295</timestamp>
			</report>
			<report>
				<misses>281600001</misses>
				<total>0</total>
				<timestamp>1852.289189</timestamp>
			</report>
			<report>
				<misses>281700001</misses>
				<total>0</total>
				<timestamp>1852.947969</timestamp>
			</report>
			<report>
				<misses>281800001</misses>
				<total>0</total>
				<timestamp>1853.605971</timestamp>
			</report>
			<report>
				<misses>281900001</misses>
				<total>0</total>
				<timestamp>1854.263745</timestamp>
			</report>
			<report>
				<misses>282000001</misses>
				<total>0</total>
				<timestamp>1854.921644</timestamp>
			</report>
			<report>
				<misses>282100001</misses>
				<total>0</total>
				<timestamp>1855.580007</timestamp>
			</report>
			<report>
				<misses>282200001</misses>
				<total>0</total>
				<timestamp>1856.237260</timestamp>
			</report>
			<report>
				<misses>282300001</misses>
				<total>0</total>
				<timestamp>1856.894509</timestamp>
			</report>
			<report>
				<misses>282400001</misses>
				<total>0</total>
				<timestamp>1857.552588</timestamp>
			</report>
			<report>
				<misses>282500001</misses>
				<total>0</total>
				<timestamp>1858.209370</timestamp>
			</report>
			<report>
				<misses>282600001</misses>
				<total>0</total>
				<timestamp>1858.866931</timestamp>
			</report>
			<report>
				<misses>282700001</misses>
				<total>0</total>
				<timestamp>1859.524727</timestamp>
			</report>
			<report>
				<misses>282800001</misses>
				<total>0</total>
				<timestamp>1860.183417</timestamp>
			</report>
			<report>
				<misses>282900001</misses>
				<total>0</total>
				<timestamp>1860.840535</timestamp>
			</report>
			<report>
				<misses>283000001</misses>
				<total>0</total>
				<timestamp>1861.498342</timestamp>
			</report>
			<report>
				<misses>283100001</misses>
				<total>0</total>
				<timestamp>1862.155380</timestamp>
			</report>
			<report>
				<misses>283200001</misses>
				<total>0</total>
				<timestamp>1862.813635</timestamp>
			</report>
			<report>
				<misses>283300001</misses>
				<total>0</total>
				<timestamp>1863.472360</timestamp>
			</report>
			<report>
				<misses>283400001</misses>
				<total>0</total>
				<timestamp>1864.132252</timestamp>
			</report>
			<report>
				<misses>283500001</misses>
				<total>0</total>
				<timestamp>1864.790291</timestamp>
			</report>
			<report>
				<misses>283600001</misses>
				<total>0</total>
				<timestamp>1865.449379</timestamp>
			</report>
			<report>
				<misses>283700001</misses>
				<total>0</total>
				<timestamp>1866.107638</timestamp>
			</report>
			<report>
				<misses>283800001</misses>
				<total>0</total>
				<timestamp>1866.767328</timestamp>
			</report>
			<report>
				<misses>283900001</misses>
				<total>0</total>
				<timestamp>1867.426635</timestamp>
			</report>
			<report>
				<misses>284000001</misses>
				<total>0</total>
				<timestamp>1868.086104</timestamp>
			</report>
			<report>
				<misses>284100001</misses>
				<total>0</total>
				<timestamp>1868.745547</timestamp>
			</report>
			<report>
				<misses>284200001</misses>
				<total>0</total>
				<timestamp>1869.402468</timestamp>
			</report>
			<report>
				<misses>284300001</misses>
				<total>0</total>
				<timestamp>1870.059626</timestamp>
			</report>
			<report>
				<misses>284400001</misses>
				<total>0</total>
				<timestamp>1870.717501</timestamp>
			</report>
			<report>
				<misses>284500001</misses>
				<total>0</total>
				<timestamp>1871.375052</timestamp>
			</report>
			<report>
				<misses>284600001</misses>
				<total>0</total>
				<timestamp>1872.032290</timestamp>
			</report>
			<report>
				<misses>284700001</misses>
				<total>0</total>
				<timestamp>1872.691223</timestamp>
			</report>
			<report>
				<misses>284800001</misses>
				<total>0</total>
				<timestamp>1873.348899</timestamp>
			</report>
			<report>
				<misses>284900001</misses>
				<total>0</total>
				<timestamp>1874.006085</timestamp>
			</report>
			<report>
				<misses>285000001</misses>
				<total>0</total>
				<timestamp>1874.662288</timestamp>
			</report>
			<report>
				<misses>285100001</misses>
				<total>0</total>
				<timestamp>1875.320218</timestamp>
			</report>
			<report>
				<misses>285200001</misses>
				<total>0</total>
				<timestamp>1875.977466</timestamp>
			</report>
			<report>
				<misses>285300001</misses>
				<total>0</total>
				<timestamp>1876.635309</timestamp>
			</report>
			<report>
				<misses>285400001</misses>
				<total>0</total>
				<timestamp>1877.293129</timestamp>
			</report>
			<report>
				<misses>285500001</misses>
				<total>0</total>
				<timestamp>1877.952381</timestamp>
			</report>
			<report>
				<misses>285600001</misses>
				<total>0</total>
				<timestamp>1878.609214</timestamp>
			</report>
			<report>
				<misses>285700001</misses>
				<total>0</total>
				<timestamp>1879.266654</timestamp>
			</report>
			<report>
				<misses>285800001</misses>
				<total>0</total>
				<timestamp>1879.922633</timestamp>
			</report>
			<report>
				<misses>285900001</misses>
				<total>0</total>
				<timestamp>1880.580394</timestamp>
			</report>
			<report>
				<misses>286000001</misses>
				<total>0</total>
				<timestamp>1881.239603</timestamp>
			</report>
			<report>
				<misses>286100001</misses>
				<total>0</total>
				<timestamp>1881.895506</timestamp>
			</report>
			<report>
				<misses>286200001</misses>
				<total>0</total>
				<timestamp>1882.553189</timestamp>
			</report>
			<report>
				<misses>286300001</misses>
				<total>0</total>
				<timestamp>1883.210064</timestamp>
			</report>
			<report>
				<misses>286400001</misses>
				<total>0</total>
				<timestamp>1883.868443</timestamp>
			</report>
			<report>
				<misses>286500001</misses>
				<total>0</total>
				<timestamp>1884.526529</timestamp>
			</report>
			<report>
				<misses>286600001</misses>
				<total>0</total>
				<timestamp>1885.184733</timestamp>
			</report>
			<report>
				<misses>286700001</misses>
				<total>0</total>
				<timestamp>1885.841959</timestamp>
			</report>
			<report>
				<misses>286800001</misses>
				<total>0</total>
				<timestamp>1886.500527</timestamp>
			</report>
			<report>
				<misses>286900001</misses>
				<total>0</total>
				<timestamp>1887.158355</timestamp>
			</report>
			<report>
				<misses>287000001</misses>
				<total>0</total>
				<timestamp>1887.813173</timestamp>
			</report>
			<report>
				<misses>287100001</misses>
				<total>0</total>
				<timestamp>1888.470732</timestamp>
			</report>
			<report>
				<misses>287200001</misses>
				<total>0</total>
				<timestamp>1889.127141</timestamp>
			</report>
			<report>
				<misses>287300001</misses>
				<total>0</total>
				<timestamp>1889.783426</timestamp>
			</report>
			<report>
				<misses>287400001</misses>
				<total>0</total>
				<timestamp>1890.440356</timestamp>
			</report>
			<report>
				<misses>287500001</misses>
				<total>0</total>
				<timestamp>1891.098316</timestamp>
			</report>
			<report>
				<misses>287600001</misses>
				<total>0</total>
				<timestamp>1891.756337</timestamp>
			</report>
			<report>
				<misses>287700001</misses>
				<total>0</total>
				<timestamp>1892.411679</timestamp>
			</report>
			<report>
				<misses>287800001</misses>
				<total>0</total>
				<timestamp>1893.070401</timestamp>
			</report>
			<report>
				<misses>287900001</misses>
				<total>0</total>
				<timestamp>1893.728237</timestamp>
			</report>
			<report>
				<misses>288000001</misses>
				<total>0</total>
				<timestamp>1894.386824</timestamp>
			</report>
			<report>
				<misses>288100001</misses>
				<total>0</total>
				<timestamp>1895.044506</timestamp>
			</report>
			<report>
				<misses>288200001</misses>
				<total>0</total>
				<timestamp>1895.702758</timestamp>
			</report>
			<report>
				<misses>288300001</misses>
				<total>0</total>
				<timestamp>1896.360485</timestamp>
			</report>
			<report>
				<misses>288400001</misses>
				<total>0</total>
				<timestamp>1897.017786</timestamp>
			</report>
			<report>
				<misses>288500001</misses>
				<total>0</total>
				<timestamp>1897.676119</timestamp>
			</report>
			<report>
				<misses>288600001</misses>
				<total>0</total>
				<timestamp>1898.335862</timestamp>
			</report>
			<report>
				<misses>288700001</misses>
				<total>0</total>
				<timestamp>1898.994877</timestamp>
			</report>
			<report>
				<misses>288800001</misses>
				<total>0</total>
				<timestamp>1899.652046</timestamp>
			</report>
			<report>
				<misses>288900001</misses>
				<total>0</total>
				<timestamp>1900.310629</timestamp>
			</report>
			<report>
				<misses>289000001</misses>
				<total>0</total>
				<timestamp>1900.968375</timestamp>
			</report>
			<report>
				<misses>289100001</misses>
				<total>0</total>
				<timestamp>1901.626250</timestamp>
			</report>
			<report>
				<misses>289200001</misses>
				<total>0</total>
				<timestamp>1902.282895</timestamp>
			</report>
			<report>
				<misses>289300001</misses>
				<total>0</total>
				<timestamp>1902.939717</timestamp>
			</report>
			<report>
				<misses>289400001</misses>
				<total>0</total>
				<timestamp>1903.597758</timestamp>
			</report>
			<report>
				<misses>289500001</misses>
				<total>0</total>
				<timestamp>1904.253704</timestamp>
			</report>
			<report>
				<misses>289600001</misses>
				<total>0</total>
				<timestamp>1904.911969</timestamp>
			</report>
			<report>
				<misses>289700001</misses>
				<total>0</total>
				<timestamp>1905.569707</timestamp>
			</report>
			<report>
				<misses>289800001</misses>
				<total>0</total>
				<timestamp>1906.227176</timestamp>
			</report>
			<report>
				<misses>289900001</misses>
				<total>0</total>
				<timestamp>1906.884229</timestamp>
			</report>
			<report>
				<misses>290000001</misses>
				<total>0</total>
				<timestamp>1907.542271</timestamp>
			</report>
			<report>
				<misses>290100001</misses>
				<total>0</total>
				<timestamp>1908.199100</timestamp>
			</report>
			<report>
				<misses>290200001</misses>
				<total>0</total>
				<timestamp>1908.856708</timestamp>
			</report>
			<report>
				<misses>290300001</misses>
				<total>0</total>
				<timestamp>1909.515190</timestamp>
			</report>
			<report>
				<misses>290400001</misses>
				<total>0</total>
				<timestamp>1910.173838</timestamp>
			</report>
			<report>
				<misses>290500001</misses>
				<total>0</total>
				<timestamp>1910.832614</timestamp>
			</report>
			<report>
				<misses>290600001</misses>
				<total>0</total>
				<timestamp>1911.491876</timestamp>
			</report>
			<report>
				<misses>290700001</misses>
				<total>0</total>
				<timestamp>1912.149131</timestamp>
			</report>
			<report>
				<misses>290800001</misses>
				<total>0</total>
				<timestamp>1912.807013</timestamp>
			</report>
			<report>
				<misses>290900001</misses>
				<total>0</total>
				<timestamp>1913.466835</timestamp>
			</report>
			<report>
				<misses>291000001</misses>
				<total>0</total>
				<timestamp>1914.124656</timestamp>
			</report>
			<report>
				<misses>291100001</misses>
				<total>0</total>
				<timestamp>1914.781986</timestamp>
			</report>
			<report>
				<misses>291200001</misses>
				<total>0</total>
				<timestamp>1915.438853</timestamp>
			</report>
			<report>
				<misses>291300001</misses>
				<total>0</total>
				<timestamp>1916.097143</timestamp>
			</report>
			<report>
				<misses>291400001</misses>
				<total>0</total>
				<timestamp>1916.755130</timestamp>
			</report>
			<report>
				<misses>291500001</misses>
				<total>0</total>
				<timestamp>1917.412510</timestamp>
			</report>
			<report>
				<misses>291600001</misses>
				<total>0</total>
				<timestamp>1918.070251</timestamp>
			</report>
			<report>
				<misses>291700001</misses>
				<total>0</total>
				<timestamp>1918.728121</timestamp>
			</report>
			<report>
				<misses>291800001</misses>
				<total>0</total>
				<timestamp>1919.386830</timestamp>
			</report>
			<report>
				<misses>291900001</misses>
				<total>0</total>
				<timestamp>1920.044852</timestamp>
			</report>
			<report>
				<misses>292000001</misses>
				<total>0</total>
				<timestamp>1920.702562</timestamp>
			</report>
			<report>
				<misses>292100001</misses>
				<total>0</total>
				<timestamp>1921.359522</timestamp>
			</report>
			<report>
				<misses>292200001</misses>
				<total>0</total>
				<timestamp>1922.016829</timestamp>
			</report>
			<report>
				<misses>292300001</misses>
				<total>0</total>
				<timestamp>1922.675310</timestamp>
			</report>
			<report>
				<misses>292400001</misses>
				<total>0</total>
				<timestamp>1923.333121</timestamp>
			</report>
			<report>
				<misses>292500001</misses>
				<total>0</total>
				<timestamp>1923.991210</timestamp>
			</report>
			<report>
				<misses>292600001</misses>
				<total>0</total>
				<timestamp>1924.648945</timestamp>
			</report>
			<report>
				<misses>292700001</misses>
				<total>0</total>
				<timestamp>1925.305946</timestamp>
			</report>
			<report>
				<misses>292800001</misses>
				<total>0</total>
				<timestamp>1925.963441</timestamp>
			</report>
			<report>
				<misses>292900001</misses>
				<total>0</total>
				<timestamp>1926.620028</timestamp>
			</report>
			<report>
				<misses>293000001</misses>
				<total>0</total>
				<timestamp>1927.277431</timestamp>
			</report>
			<report>
				<misses>293100001</misses>
				<total>0</total>
				<timestamp>1927.934546</timestamp>
			</report>
			<report>
				<misses>293200001</misses>
				<total>0</total>
				<timestamp>1928.590712</timestamp>
			</report>
			<report>
				<misses>293300001</misses>
				<total>0</total>
				<timestamp>1929.247604</timestamp>
			</report>
			<report>
				<misses>293400001</misses>
				<total>0</total>
				<timestamp>1929.905787</timestamp>
			</report>
			<report>
				<misses>293500001</misses>
				<total>0</total>
				<timestamp>1930.562158</timestamp>
			</report>
			<report>
				<misses>293600001</misses>
				<total>0</total>
				<timestamp>1931.219902</timestamp>
			</report>
			<report>
				<misses>293700001</misses>
				<total>0</total>
				<timestamp>1931.878394</timestamp>
			</report>
			<report>
				<misses>293800001</misses>
				<total>0</total>
				<timestamp>1932.537375</timestamp>
			</report>
			<report>
				<misses>293900001</misses>
				<total>0</total>
				<timestamp>1933.196459</timestamp>
			</report>
			<report>
				<misses>294000001</misses>
				<total>0</total>
				<timestamp>1933.854106</timestamp>
			</report>
			<report>
				<misses>294100001</misses>
				<total>0</total>
				<timestamp>1934.512607</timestamp>
			</report>
			<report>
				<misses>294200001</misses>
				<total>0</total>
				<timestamp>1935.168794</timestamp>
			</report>
			<report>
				<misses>294300001</misses>
				<total>0</total>
				<timestamp>1935.826543</timestamp>
			</report>
			<report>
				<misses>294400001</misses>
				<total>0</total>
				<timestamp>1936.483553</timestamp>
			</report>
			<report>
				<misses>294500001</misses>
				<total>0</total>
				<timestamp>1937.140805</timestamp>
			</report>
			<report>
				<misses>294600001</misses>
				<total>0</total>
				<timestamp>1937.798305</timestamp>
			</report>
			<report>
				<misses>294700001</misses>
				<total>0</total>
				<timestamp>1938.456450</timestamp>
			</report>
			<report>
				<misses>294800001</misses>
				<total>0</total>
				<timestamp>1939.114951</timestamp>
			</report>
			<report>
				<misses>294900001</misses>
				<total>0</total>
				<timestamp>1939.773149</timestamp>
			</report>
			<report>
				<misses>295000001</misses>
				<total>0</total>
				<timestamp>1940.430810</timestamp>
			</report>
			<report>
				<misses>295100001</misses>
				<total>0</total>
				<timestamp>1941.088763</timestamp>
			</report>
			<report>
				<misses>295200001</misses>
				<total>0</total>
				<timestamp>1941.746347</timestamp>
			</report>
			<report>
				<misses>295300001</misses>
				<total>0</total>
				<timestamp>1942.404725</timestamp>
			</report>
			<report>
				<misses>295400001</misses>
				<total>0</total>
				<timestamp>1943.062438</timestamp>
			</report>
			<report>
				<misses>295500001</misses>
				<total>0</total>
				<timestamp>1943.720953</timestamp>
			</report>
			<report>
				<misses>295600001</misses>
				<total>0</total>
				<timestamp>1944.378851</timestamp>
			</report>
			<report>
				<misses>295700001</misses>
				<total>0</total>
				<timestamp>1945.037074</timestamp>
			</report>
			<report>
				<misses>295800001</misses>
				<total>0</total>
				<timestamp>1945.694975</timestamp>
			</report>
			<report>
				<misses>295900001</misses>
				<total>0</total>
				<timestamp>1946.352215</timestamp>
			</report>
			<report>
				<misses>296000001</misses>
				<total>0</total>
				<timestamp>1947.008395</timestamp>
			</report>
			<report>
				<misses>296100001</misses>
				<total>0</total>
				<timestamp>1947.665882</timestamp>
			</report>
			<report>
				<misses>296200001</misses>
				<total>0</total>
				<timestamp>1948.323814</timestamp>
			</report>
			<report>
				<misses>296300001</misses>
				<total>0</total>
				<timestamp>1948.981958</timestamp>
			</report>
			<report>
				<misses>296400001</misses>
				<total>0</total>
				<timestamp>1949.638629</timestamp>
			</report>
			<report>
				<misses>296500001</misses>
				<total>0</total>
				<timestamp>1950.296211</timestamp>
			</report>
			<report>
				<misses>296600001</misses>
				<total>0</total>
				<timestamp>1950.955056</timestamp>
			</report>
			<report>
				<misses>296700001</misses>
				<total>0</total>
				<timestamp>1951.612565</timestamp>
			</report>
			<report>
				<misses>296800001</misses>
				<total>0</total>
				<timestamp>1952.270209</timestamp>
			</report>
			<report>
				<misses>296900001</misses>
				<total>0</total>
				<timestamp>1952.927974</timestamp>
			</report>
			<report>
				<misses>297000001</misses>
				<total>0</total>
				<timestamp>1953.586059</timestamp>
			</report>
			<report>
				<misses>297100001</misses>
				<total>0</total>
				<timestamp>1954.244804</timestamp>
			</report>
			<report>
				<misses>297200001</misses>
				<total>0</total>
				<timestamp>1954.904312</timestamp>
			</report>
			<report>
				<misses>297300001</misses>
				<total>0</total>
				<timestamp>1955.563383</timestamp>
			</report>
			<report>
				<misses>297400001</misses>
				<total>0</total>
				<timestamp>1956.222241</timestamp>
			</report>
			<report>
				<misses>297500001</misses>
				<total>0</total>
				<timestamp>1956.882216</timestamp>
			</report>
			<report>
				<misses>297600001</misses>
				<total>0</total>
				<timestamp>1957.541134</timestamp>
			</report>
			<report>
				<misses>297700001</misses>
				<total>0</total>
				<timestamp>1958.199402</timestamp>
			</report>
			<report>
				<misses>297800001</misses>
				<total>0</total>
				<timestamp>1958.857898</timestamp>
			</report>
			<report>
				<misses>297900001</misses>
				<total>0</total>
				<timestamp>1959.514964</timestamp>
			</report>
			<report>
				<misses>298000001</misses>
				<total>0</total>
				<timestamp>1960.172101</timestamp>
			</report>
			<report>
				<misses>298100001</misses>
				<total>0</total>
				<timestamp>1960.829994</timestamp>
			</report>
			<report>
				<misses>298200001</misses>
				<total>0</total>
				<timestamp>1961.486934</timestamp>
			</report>
			<report>
				<misses>298300001</misses>
				<total>0</total>
				<timestamp>1962.144847</timestamp>
			</report>
			<report>
				<misses>298400001</misses>
				<total>0</total>
				<timestamp>1962.802830</timestamp>
			</report>
			<report>
				<misses>298500001</misses>
				<total>0</total>
				<timestamp>1963.459710</timestamp>
			</report>
			<report>
				<misses>298600001</misses>
				<total>0</total>
				<timestamp>1964.115816</timestamp>
			</report>
			<report>
				<misses>298700001</misses>
				<total>0</total>
				<timestamp>1964.773999</timestamp>
			</report>
			<report>
				<misses>298800001</misses>
				<total>0</total>
				<timestamp>1965.431444</timestamp>
			</report>
			<report>
				<misses>298900001</misses>
				<total>0</total>
				<timestamp>1966.089361</timestamp>
			</report>
			<report>
				<misses>299000001</misses>
				<total>0</total>
				<timestamp>1966.746386</timestamp>
			</report>
			<report>
				<misses>299100001</misses>
				<total>0</total>
				<timestamp>1967.403512</timestamp>
			</report>
			<report>
				<misses>299200001</misses>
				<total>0</total>
				<timestamp>1968.059468</timestamp>
			</report>
			<report>
				<misses>299300001</misses>
				<total>0</total>
				<timestamp>1968.718065</timestamp>
			</report>
			<report>
				<misses>299400001</misses>
				<total>0</total>
				<timestamp>1969.375246</timestamp>
			</report>
			<report>
				<misses>299500001</misses>
				<total>0</total>
				<timestamp>1970.033055</timestamp>
			</report>
			<report>
				<misses>299600001</misses>
				<total>0</total>
				<timestamp>1970.691596</timestamp>
			</report>
			<report>
				<misses>299700001</misses>
				<total>0</total>
				<timestamp>1971.348780</timestamp>
			</report>
			<report>
				<misses>299800001</misses>
				<total>0</total>
				<timestamp>1972.006693</timestamp>
			</report>
			<report>
				<misses>299900001</misses>
				<total>0</total>
				<timestamp>1972.663355</timestamp>
			</report>
			<report>
				<misses>300000001</misses>
				<total>0</total>
				<timestamp>1973.321071</timestamp>
			</report>
			<report>
				<misses>300100001</misses>
				<total>0</total>
				<timestamp>1973.977362</timestamp>
			</report>
			<report>
				<misses>300200001</misses>
				<total>0</total>
				<timestamp>1974.634332</timestamp>
			</report>
			<report>
				<misses>300300001</misses>
				<total>0</total>
				<timestamp>1975.293412</timestamp>
			</report>
			<report>
				<misses>300400001</misses>
				<total>0</total>
				<timestamp>1975.952210</timestamp>
			</report>
			<report>
				<misses>300500001</misses>
				<total>0</total>
				<timestamp>1976.610537</timestamp>
			</report>
			<report>
				<misses>300600001</misses>
				<total>0</total>
				<timestamp>1977.268274</timestamp>
			</report>
			<report>
				<misses>300700001</misses>
				<total>0</total>
				<timestamp>1977.927494</timestamp>
			</report>
			<report>
				<misses>300800001</misses>
				<total>0</total>
				<timestamp>1978.586630</timestamp>
			</report>
			<report>
				<misses>300900001</misses>
				<total>0</total>
				<timestamp>1979.245222</timestamp>
			</report>
			<report>
				<misses>301000001</misses>
				<total>0</total>
				<timestamp>1979.904996</timestamp>
			</report>
			<report>
				<misses>301100001</misses>
				<total>0</total>
				<timestamp>1980.563654</timestamp>
			</report>
			<report>
				<misses>301200001</misses>
				<total>0</total>
				<timestamp>1981.220970</timestamp>
			</report>
			<report>
				<misses>301300001</misses>
				<total>0</total>
				<timestamp>1981.877841</timestamp>
			</report>
			<report>
				<misses>301400001</misses>
				<total>0</total>
				<timestamp>1982.535778</timestamp>
			</report>
			<report>
				<misses>301500001</misses>
				<total>0</total>
				<timestamp>1983.195376</timestamp>
			</report>
			<report>
				<misses>301600001</misses>
				<total>0</total>
				<timestamp>1983.853773</timestamp>
			</report>
			<report>
				<misses>301700001</misses>
				<total>0</total>
				<timestamp>1984.511068</timestamp>
			</report>
			<report>
				<misses>301800001</misses>
				<total>0</total>
				<timestamp>1985.170056</timestamp>
			</report>
			<report>
				<misses>301900001</misses>
				<total>0</total>
				<timestamp>1985.828694</timestamp>
			</report>
			<report>
				<misses>302000001</misses>
				<total>0</total>
				<timestamp>1986.487634</timestamp>
			</report>
			<report>
				<misses>302100001</misses>
				<total>0</total>
				<timestamp>1987.145326</timestamp>
			</report>
			<report>
				<misses>302200001</misses>
				<total>0</total>
				<timestamp>1987.803201</timestamp>
			</report>
			<report>
				<misses>302300001</misses>
				<total>0</total>
				<timestamp>1988.460729</timestamp>
			</report>
			<report>
				<misses>302400001</misses>
				<total>0</total>
				<timestamp>1989.118204</timestamp>
			</report>
			<report>
				<misses>302500001</misses>
				<total>0</total>
				<timestamp>1989.776428</timestamp>
			</report>
			<report>
				<misses>302600001</misses>
				<total>0</total>
				<timestamp>1990.433651</timestamp>
			</report>
			<report>
				<misses>302700001</misses>
				<total>0</total>
				<timestamp>1991.089978</timestamp>
			</report>
			<report>
				<misses>302800001</misses>
				<total>0</total>
				<timestamp>1991.748428</timestamp>
			</report>
			<report>
				<misses>302900001</misses>
				<total>0</total>
				<timestamp>1992.406403</timestamp>
			</report>
			<report>
				<misses>303000001</misses>
				<total>0</total>
				<timestamp>1993.063941</timestamp>
			</report>
			<report>
				<misses>303100001</misses>
				<total>0</total>
				<timestamp>1993.722309</timestamp>
			</report>
			<report>
				<misses>303200001</misses>
				<total>0</total>
				<timestamp>1994.380381</timestamp>
			</report>
			<report>
				<misses>303300001</misses>
				<total>0</total>
				<timestamp>1995.037362</timestamp>
			</report>
			<report>
				<misses>303400001</misses>
				<total>0</total>
				<timestamp>1995.695250</timestamp>
			</report>
			<report>
				<misses>303500001</misses>
				<total>0</total>
				<timestamp>1996.352249</timestamp>
			</report>
			<report>
				<misses>303600001</misses>
				<total>0</total>
				<timestamp>1997.011002</timestamp>
			</report>
			<report>
				<misses>303700001</misses>
				<total>0</total>
				<timestamp>1997.670649</timestamp>
			</report>
			<report>
				<misses>303800001</misses>
				<total>0</total>
				<timestamp>1998.329418</timestamp>
			</report>
			<report>
				<misses>303900001</misses>
				<total>0</total>
				<timestamp>1998.988785</timestamp>
			</report>
			<report>
				<misses>304000001</misses>
				<total>0</total>
				<timestamp>1999.649188</timestamp>
			</report>
			<report>
				<misses>304100001</misses>
				<total>0</total>
				<timestamp>2000.305851</timestamp>
			</report>
			<report>
				<misses>304200001</misses>
				<total>0</total>
				<timestamp>2000.964667</timestamp>
			</report>
			<report>
				<misses>304300001</misses>
				<total>0</total>
				<timestamp>2001.623371</timestamp>
			</report>
			<report>
				<misses>304400001</misses>
				<total>0</total>
				<timestamp>2002.281825</timestamp>
			</report>
			<report>
				<misses>304500001</misses>
				<total>0</total>
				<timestamp>2002.938820</timestamp>
			</report>
			<report>
				<misses>304600001</misses>
				<total>0</total>
				<timestamp>2003.597340</timestamp>
			</report>
			<report>
				<misses>304700001</misses>
				<total>0</total>
				<timestamp>2004.254814</timestamp>
			</report>
			<report>
				<misses>304800001</misses>
				<total>0</total>
				<timestamp>2004.913699</timestamp>
			</report>
			<report>
				<misses>304900001</misses>
				<total>0</total>
				<timestamp>2005.571119</timestamp>
			</report>
			<report>
				<misses>305000001</misses>
				<total>0</total>
				<timestamp>2006.229517</timestamp>
			</report>
			<report>
				<misses>305100001</misses>
				<total>0</total>
				<timestamp>2006.887193</timestamp>
			</report>
			<report>
				<misses>305200001</misses>
				<total>0</total>
				<timestamp>2007.543812</timestamp>
			</report>
			<report>
				<misses>305300001</misses>
				<total>0</total>
				<timestamp>2008.202155</timestamp>
			</report>
			<report>
				<misses>305400001</misses>
				<total>0</total>
				<timestamp>2008.859913</timestamp>
			</report>
			<report>
				<misses>305500001</misses>
				<total>0</total>
				<timestamp>2009.518176</timestamp>
			</report>
			<report>
				<misses>305600001</misses>
				<total>0</total>
				<timestamp>2010.174846</timestamp>
			</report>
			<report>
				<misses>305700001</misses>
				<total>0</total>
				<timestamp>2010.831683</timestamp>
			</report>
			<report>
				<misses>305800001</misses>
				<total>0</total>
				<timestamp>2011.488914</timestamp>
			</report>
			<report>
				<misses>305900001</misses>
				<total>0</total>
				<timestamp>2012.146844</timestamp>
			</report>
			<report>
				<misses>306000001</misses>
				<total>0</total>
				<timestamp>2012.804042</timestamp>
			</report>
			<report>
				<misses>306100001</misses>
				<total>0</total>
				<timestamp>2013.461979</timestamp>
			</report>
			<report>
				<misses>306200001</misses>
				<total>0</total>
				<timestamp>2014.119983</timestamp>
			</report>
			<report>
				<misses>306300001</misses>
				<total>0</total>
				<timestamp>2014.776269</timestamp>
			</report>
			<report>
				<misses>306400001</misses>
				<total>0</total>
				<timestamp>2015.434393</timestamp>
			</report>
			<report>
				<misses>306500001</misses>
				<total>0</total>
				<timestamp>2016.092467</timestamp>
			</report>
			<report>
				<misses>306600001</misses>
				<total>0</total>
				<timestamp>2016.750845</timestamp>
			</report>
			<report>
				<misses>306700001</misses>
				<total>0</total>
				<timestamp>2017.408097</timestamp>
			</report>
			<report>
				<misses>306800001</misses>
				<total>0</total>
				<timestamp>2018.065423</timestamp>
			</report>
			<report>
				<misses>306900001</misses>
				<total>0</total>
				<timestamp>2018.722712</timestamp>
			</report>
			<report>
				<misses>307000001</misses>
				<total>0</total>
				<timestamp>2019.381753</timestamp>
			</report>
			<report>
				<misses>307100001</misses>
				<total>0</total>
				<timestamp>2020.041076</timestamp>
			</report>
			<report>
				<misses>307200001</misses>
				<total>0</total>
				<timestamp>2020.700468</timestamp>
			</report>
			<report>
				<misses>307300001</misses>
				<total>0</total>
				<timestamp>2021.358111</timestamp>
			</report>
			<report>
				<misses>307400001</misses>
				<total>0</total>
				<timestamp>2022.017131</timestamp>
			</report>
			<report>
				<misses>307500001</misses>
				<total>0</total>
				<timestamp>2022.676818</timestamp>
			</report>
			<report>
				<misses>307600001</misses>
				<total>0</total>
				<timestamp>2023.336492</timestamp>
			</report>
			<report>
				<misses>307700001</misses>
				<total>0</total>
				<timestamp>2023.994683</timestamp>
			</report>
			<report>
				<misses>307800001</misses>
				<total>0</total>
				<timestamp>2024.651698</timestamp>
			</report>
			<report>
				<misses>307900001</misses>
				<total>0</total>
				<timestamp>2025.309042</timestamp>
			</report>
			<report>
				<misses>308000001</misses>
				<total>0</total>
				<timestamp>2025.967574</timestamp>
			</report>
			<report>
				<misses>308100001</misses>
				<total>0</total>
				<timestamp>2026.626105</timestamp>
			</report>
			<report>
				<misses>308200001</misses>
				<total>0</total>
				<timestamp>2027.283921</timestamp>
			</report>
			<report>
				<misses>308300001</misses>
				<total>0</total>
				<timestamp>2027.942313</timestamp>
			</report>
			<report>
				<misses>308400001</misses>
				<total>0</total>
				<timestamp>2028.599130</timestamp>
			</report>
			<report>
				<misses>308500001</misses>
				<total>0</total>
				<timestamp>2029.256480</timestamp>
			</report>
			<report>
				<misses>308600001</misses>
				<total>0</total>
				<timestamp>2029.914899</timestamp>
			</report>
			<report>
				<misses>308700001</misses>
				<total>0</total>
				<timestamp>2030.570926</timestamp>
			</report>
			<report>
				<misses>308800001</misses>
				<total>0</total>
				<timestamp>2031.228869</timestamp>
			</report>
			<report>
				<misses>308900001</misses>
				<total>0</total>
				<timestamp>2031.887183</timestamp>
			</report>
			<report>
				<misses>309000001</misses>
				<total>0</total>
				<timestamp>2032.544411</timestamp>
			</report>
			<report>
				<misses>309100001</misses>
				<total>0</total>
				<timestamp>2033.202325</timestamp>
			</report>
			<report>
				<misses>309200001</misses>
				<total>0</total>
				<timestamp>2033.860773</timestamp>
			</report>
			<report>
				<misses>309300001</misses>
				<total>0</total>
				<timestamp>2034.518940</timestamp>
			</report>
			<report>
				<misses>309400001</misses>
				<total>0</total>
				<timestamp>2035.175448</timestamp>
			</report>
			<report>
				<misses>309500001</misses>
				<total>0</total>
				<timestamp>2035.833660</timestamp>
			</report>
			<report>
				<misses>309600001</misses>
				<total>0</total>
				<timestamp>2036.491446</timestamp>
			</report>
			<report>
				<misses>309700001</misses>
				<total>0</total>
				<timestamp>2037.149360</timestamp>
			</report>
			<report>
				<misses>309800001</misses>
				<total>0</total>
				<timestamp>2037.808491</timestamp>
			</report>
			<report>
				<misses>309900001</misses>
				<total>0</total>
				<timestamp>2038.466075</timestamp>
			</report>
			<report>
				<misses>310000001</misses>
				<total>0</total>
				<timestamp>2039.123272</timestamp>
			</report>
			<report>
				<misses>310100001</misses>
				<total>0</total>
				<timestamp>2039.780008</timestamp>
			</report>
			<report>
				<misses>310200001</misses>
				<total>0</total>
				<timestamp>2040.439393</timestamp>
			</report>
			<report>
				<misses>310300001</misses>
				<total>0</total>
				<timestamp>2041.096369</timestamp>
			</report>
			<report>
				<misses>310400001</misses>
				<total>0</total>
				<timestamp>2041.755676</timestamp>
			</report>
			<report>
				<misses>310500001</misses>
				<total>0</total>
				<timestamp>2042.415373</timestamp>
			</report>
			<report>
				<misses>310600001</misses>
				<total>0</total>
				<timestamp>2043.074803</timestamp>
			</report>
			<report>
				<misses>310700001</misses>
				<total>0</total>
				<timestamp>2043.734088</timestamp>
			</report>
			<report>
				<misses>310800001</misses>
				<total>0</total>
				<timestamp>2044.393480</timestamp>
			</report>
			<report>
				<misses>310900001</misses>
				<total>0</total>
				<timestamp>2045.053110</timestamp>
			</report>
			<report>
				<misses>311000001</misses>
				<total>0</total>
				<timestamp>2045.711486</timestamp>
			</report>
			<report>
				<misses>311100001</misses>
				<total>0</total>
				<timestamp>2046.370092</timestamp>
			</report>
			<report>
				<misses>311200001</misses>
				<total>0</total>
				<timestamp>2047.027569</timestamp>
			</report>
			<report>
				<misses>311300001</misses>
				<total>0</total>
				<timestamp>2047.686745</timestamp>
			</report>
			<report>
				<misses>311400001</misses>
				<total>0</total>
				<timestamp>2048.344374</timestamp>
			</report>
			<report>
				<misses>311500001</misses>
				<total>0</total>
				<timestamp>2049.002294</timestamp>
			</report>
			<report>
				<misses>311600001</misses>
				<total>0</total>
				<timestamp>2049.659661</timestamp>
			</report>
			<report>
				<misses>311700001</misses>
				<total>0</total>
				<timestamp>2050.318371</timestamp>
			</report>
			<report>
				<misses>311800001</misses>
				<total>0</total>
				<timestamp>2050.975723</timestamp>
			</report>
			<report>
				<misses>311900001</misses>
				<total>0</total>
				<timestamp>2051.634409</timestamp>
			</report>
			<report>
				<misses>312000001</misses>
				<total>0</total>
				<timestamp>2052.292267</timestamp>
			</report>
			<report>
				<misses>312100001</misses>
				<total>0</total>
				<timestamp>2052.949891</timestamp>
			</report>
			<report>
				<misses>312200001</misses>
				<total>0</total>
				<timestamp>2053.606963</timestamp>
			</report>
			<report>
				<misses>312300001</misses>
				<total>0</total>
				<timestamp>2054.265457</timestamp>
			</report>
			<report>
				<misses>312400001</misses>
				<total>0</total>
				<timestamp>2054.923046</timestamp>
			</report>
			<report>
				<misses>312500001</misses>
				<total>0</total>
				<timestamp>2055.582174</timestamp>
			</report>
			<report>
				<misses>312600001</misses>
				<total>0</total>
				<timestamp>2056.240702</timestamp>
			</report>
			<report>
				<misses>312700001</misses>
				<total>0</total>
				<timestamp>2056.899220</timestamp>
			</report>
			<report>
				<misses>312800001</misses>
				<total>0</total>
				<timestamp>2057.557543</timestamp>
			</report>
			<report>
				<misses>312900001</misses>
				<total>0</total>
				<timestamp>2058.216475</timestamp>
			</report>
			<report>
				<misses>313000001</misses>
				<total>0</total>
				<timestamp>2058.876424</timestamp>
			</report>
			<report>
				<misses>313100001</misses>
				<total>0</total>
				<timestamp>2059.535381</timestamp>
			</report>
			<report>
				<misses>313200001</misses>
				<total>0</total>
				<timestamp>2060.193609</timestamp>
			</report>
			<report>
				<misses>313300001</misses>
				<total>0</total>
				<timestamp>2060.851960</timestamp>
			</report>
			<report>
				<misses>313400001</misses>
				<total>0</total>
				<timestamp>2061.510089</timestamp>
			</report>
			<report>
				<misses>313500001</misses>
				<total>0</total>
				<timestamp>2062.169568</timestamp>
			</report>
			<report>
				<misses>313600001</misses>
				<total>0</total>
				<timestamp>2062.826957</timestamp>
			</report>
			<report>
				<misses>313700001</misses>
				<total>0</total>
				<timestamp>2063.486813</timestamp>
			</report>
			<report>
				<misses>313800001</misses>
				<total>0</total>
				<timestamp>2064.146559</timestamp>
			</report>
			<report>
				<misses>313900001</misses>
				<total>0</total>
				<timestamp>2064.805596</timestamp>
			</report>
			<report>
				<misses>314000001</misses>
				<total>0</total>
				<timestamp>2065.465387</timestamp>
			</report>
			<report>
				<misses>314100001</misses>
				<total>0</total>
				<timestamp>2066.124517</timestamp>
			</report>
			<report>
				<misses>314200001</misses>
				<total>0</total>
				<timestamp>2066.782139</timestamp>
			</report>
			<report>
				<misses>314300001</misses>
				<total>0</total>
				<timestamp>2067.440779</timestamp>
			</report>
			<report>
				<misses>314400001</misses>
				<total>0</total>
				<timestamp>2068.099035</timestamp>
			</report>
			<report>
				<misses>314500001</misses>
				<total>0</total>
				<timestamp>2068.756803</timestamp>
			</report>
			<report>
				<misses>314600001</misses>
				<total>0</total>
				<timestamp>2069.414887</timestamp>
			</report>
			<report>
				<misses>314700001</misses>
				<total>0</total>
				<timestamp>2070.072980</timestamp>
			</report>
			<report>
				<misses>314800001</misses>
				<total>0</total>
				<timestamp>2070.729898</timestamp>
			</report>
			<report>
				<misses>314900001</misses>
				<total>0</total>
				<timestamp>2071.388013</timestamp>
			</report>
			<report>
				<misses>315000001</misses>
				<total>0</total>
				<timestamp>2072.046264</timestamp>
			</report>
			<report>
				<misses>315100001</misses>
				<total>0</total>
				<timestamp>2072.703947</timestamp>
			</report>
			<report>
				<misses>315200001</misses>
				<total>0</total>
				<timestamp>2073.361963</timestamp>
			</report>
			<report>
				<misses>315300001</misses>
				<total>0</total>
				<timestamp>2074.020013</timestamp>
			</report>
			<report>
				<misses>315400001</misses>
				<total>0</total>
				<timestamp>2074.678133</timestamp>
			</report>
			<report>
				<misses>315500001</misses>
				<total>0</total>
				<timestamp>2075.337494</timestamp>
			</report>
			<report>
				<misses>315600001</misses>
				<total>0</total>
				<timestamp>2075.994971</timestamp>
			</report>
			<report>
				<misses>315700001</misses>
				<total>0</total>
				<timestamp>2076.653035</timestamp>
			</report>
			<report>
				<misses>315800001</misses>
				<total>0</total>
				<timestamp>2077.310838</timestamp>
			</report>
			<report>
				<misses>315900001</misses>
				<total>0</total>
				<timestamp>2077.968037</timestamp>
			</report>
			<report>
				<misses>316000001</misses>
				<total>0</total>
				<timestamp>2078.626036</timestamp>
			</report>
			<report>
				<misses>316100001</misses>
				<total>0</total>
				<timestamp>2079.282408</timestamp>
			</report>
			<report>
				<misses>316200001</misses>
				<total>0</total>
				<timestamp>2079.940429</timestamp>
			</report>
			<report>
				<misses>316300001</misses>
				<total>0</total>
				<timestamp>2080.597922</timestamp>
			</report>
			<report>
				<misses>316400001</misses>
				<total>0</total>
				<timestamp>2081.254811</timestamp>
			</report>
			<report>
				<misses>316500001</misses>
				<total>0</total>
				<timestamp>2081.911757</timestamp>
			</report>
			<report>
				<misses>316600001</misses>
				<total>0</total>
				<timestamp>2082.570233</timestamp>
			</report>
			<report>
				<misses>316700001</misses>
				<total>0</total>
				<timestamp>2083.229143</timestamp>
			</report>
			<report>
				<misses>316800001</misses>
				<total>0</total>
				<timestamp>2083.888176</timestamp>
			</report>
			<report>
				<misses>316900001</misses>
				<total>0</total>
				<timestamp>2084.545573</timestamp>
			</report>
			<report>
				<misses>317000001</misses>
				<total>0</total>
				<timestamp>2085.205170</timestamp>
			</report>
			<report>
				<misses>317100001</misses>
				<total>0</total>
				<timestamp>2085.864930</timestamp>
			</report>
			<report>
				<misses>317200001</misses>
				<total>0</total>
				<timestamp>2086.523022</timestamp>
			</report>
			<report>
				<misses>317300001</misses>
				<total>0</total>
				<timestamp>2087.181715</timestamp>
			</report>
			<report>
				<misses>317400001</misses>
				<total>0</total>
				<timestamp>2087.839625</timestamp>
			</report>
			<report>
				<misses>317500001</misses>
				<total>0</total>
				<timestamp>2088.497512</timestamp>
			</report>
			<report>
				<misses>317600001</misses>
				<total>0</total>
				<timestamp>2089.155845</timestamp>
			</report>
			<report>
				<misses>317700001</misses>
				<total>0</total>
				<timestamp>2089.814548</timestamp>
			</report>
			<report>
				<misses>317800001</misses>
				<total>0</total>
				<timestamp>2090.472647</timestamp>
			</report>
			<report>
				<misses>317900001</misses>
				<total>0</total>
				<timestamp>2091.131161</timestamp>
			</report>
			<report>
				<misses>318000001</misses>
				<total>0</total>
				<timestamp>2091.789585</timestamp>
			</report>
			<report>
				<misses>318100001</misses>
				<total>0</total>
				<timestamp>2092.447779</timestamp>
			</report>
			<report>
				<misses>318200001</misses>
				<total>0</total>
				<timestamp>2093.104052</timestamp>
			</report>
			<report>
				<misses>318300001</misses>
				<total>0</total>
				<timestamp>2093.762080</timestamp>
			</report>
			<report>
				<misses>318400001</misses>
				<total>0</total>
				<timestamp>2094.420978</timestamp>
			</report>
			<report>
				<misses>318500001</misses>
				<total>0</total>
				<timestamp>2095.079616</timestamp>
			</report>
			<report>
				<misses>318600001</misses>
				<total>0</total>
				<timestamp>2095.737475</timestamp>
			</report>
			<report>
				<misses>318700001</misses>
				<total>0</total>
				<timestamp>2096.394399</timestamp>
			</report>
			<report>
				<misses>318800001</misses>
				<total>0</total>
				<timestamp>2097.053714</timestamp>
			</report>
			<report>
				<misses>318900001</misses>
				<total>0</total>
				<timestamp>2097.711974</timestamp>
			</report>
			<report>
				<misses>319000001</misses>
				<total>0</total>
				<timestamp>2098.369656</timestamp>
			</report>
			<report>
				<misses>319100001</misses>
				<total>0</total>
				<timestamp>2099.027751</timestamp>
			</report>
			<report>
				<misses>319200001</misses>
				<total>0</total>
				<timestamp>2099.686267</timestamp>
			</report>
			<report>
				<misses>319300001</misses>
				<total>0</total>
				<timestamp>2100.343435</timestamp>
			</report>
			<report>
				<misses>319400001</misses>
				<total>0</total>
				<timestamp>2101.001586</timestamp>
			</report>
			<report>
				<misses>319500001</misses>
				<total>0</total>
				<timestamp>2101.659272</timestamp>
			</report>
			<report>
				<misses>319600001</misses>
				<total>0</total>
				<timestamp>2102.315342</timestamp>
			</report>
			<report>
				<misses>319700001</misses>
				<total>0</total>
				<timestamp>2102.974308</timestamp>
			</report>
			<report>
				<misses>319800001</misses>
				<total>0</total>
				<timestamp>2103.630830</timestamp>
			</report>
			<report>
				<misses>319900001</misses>
				<total>0</total>
				<timestamp>2104.289233</timestamp>
			</report>
			<report>
				<misses>320000001</misses>
				<total>0</total>
				<timestamp>2104.948822</timestamp>
			</report>
			<report>
				<misses>320100001</misses>
				<total>0</total>
				<timestamp>2105.607217</timestamp>
			</report>
			<report>
				<misses>320200001</misses>
				<total>0</total>
				<timestamp>2106.265057</timestamp>
			</report>
			<report>
				<misses>320300001</misses>
				<total>0</total>
				<timestamp>2106.924259</timestamp>
			</report>
			<report>
				<misses>320400001</misses>
				<total>0</total>
				<timestamp>2107.583650</timestamp>
			</report>
			<report>
				<misses>320500001</misses>
				<total>0</total>
				<timestamp>2108.243566</timestamp>
			</report>
			<report>
				<misses>320600001</misses>
				<total>0</total>
				<timestamp>2108.903753</timestamp>
			</report>
			<report>
				<misses>320700001</misses>
				<total>0</total>
				<timestamp>2109.562999</timestamp>
			</report>
			<report>
				<misses>320800001</misses>
				<total>0</total>
				<timestamp>2110.220575</timestamp>
			</report>
			<report>
				<misses>320900001</misses>
				<total>0</total>
				<timestamp>2110.878969</timestamp>
			</report>
			<report>
				<misses>321000001</misses>
				<total>0</total>
				<timestamp>2111.536829</timestamp>
			</report>
			<report>
				<misses>321100001</misses>
				<total>0</total>
				<timestamp>2112.193983</timestamp>
			</report>
			<report>
				<misses>321200001</misses>
				<total>0</total>
				<timestamp>2112.851628</timestamp>
			</report>
			<report>
				<misses>321300001</misses>
				<total>0</total>
				<timestamp>2113.509698</timestamp>
			</report>
			<report>
				<misses>321400001</misses>
				<total>0</total>
				<timestamp>2114.166702</timestamp>
			</report>
			<report>
				<misses>321500001</misses>
				<total>0</total>
				<timestamp>2114.824620</timestamp>
			</report>
			<report>
				<misses>321600001</misses>
				<total>0</total>
				<timestamp>2115.483688</timestamp>
			</report>
			<report>
				<misses>321700001</misses>
				<total>0</total>
				<timestamp>2116.141892</timestamp>
			</report>
			<report>
				<misses>321800001</misses>
				<total>0</total>
				<timestamp>2116.799353</timestamp>
			</report>
			<report>
				<misses>321900001</misses>
				<total>0</total>
				<timestamp>2117.457695</timestamp>
			</report>
			<report>
				<misses>322000001</misses>
				<total>0</total>
				<timestamp>2118.116684</timestamp>
			</report>
			<report>
				<misses>322100001</misses>
				<total>0</total>
				<timestamp>2118.775170</timestamp>
			</report>
			<report>
				<misses>322200001</misses>
				<total>0</total>
				<timestamp>2119.432036</timestamp>
			</report>
			<report>
				<misses>322300001</misses>
				<total>0</total>
				<timestamp>2120.090323</timestamp>
			</report>
			<report>
				<misses>322400001</misses>
				<total>0</total>
				<timestamp>2120.748796</timestamp>
			</report>
			<report>
				<misses>322500001</misses>
				<total>0</total>
				<timestamp>2121.405151</timestamp>
			</report>
			<report>
				<misses>322600001</misses>
				<total>0</total>
				<timestamp>2122.063341</timestamp>
			</report>
			<report>
				<misses>322700001</misses>
				<total>0</total>
				<timestamp>2122.720695</timestamp>
			</report>
			<report>
				<misses>322800001</misses>
				<total>0</total>
				<timestamp>2123.378158</timestamp>
			</report>
			<report>
				<misses>322900001</misses>
				<total>0</total>
				<timestamp>2124.036124</timestamp>
			</report>
			<report>
				<misses>323000001</misses>
				<total>0</total>
				<timestamp>2124.694031</timestamp>
			</report>
			<report>
				<misses>323100001</misses>
				<total>0</total>
				<timestamp>2125.351524</timestamp>
			</report>
			<report>
				<misses>323200001</misses>
				<total>0</total>
				<timestamp>2126.009606</timestamp>
			</report>
			<report>
				<misses>323300001</misses>
				<total>0</total>
				<timestamp>2126.669324</timestamp>
			</report>
			<report>
				<misses>323400001</misses>
				<total>0</total>
				<timestamp>2127.329958</timestamp>
			</report>
			<report>
				<misses>323500001</misses>
				<total>0</total>
				<timestamp>2127.988154</timestamp>
			</report>
			<report>
				<misses>323600001</misses>
				<total>0</total>
				<timestamp>2128.647733</timestamp>
			</report>
			<report>
				<misses>323700001</misses>
				<total>0</total>
				<timestamp>2129.306508</timestamp>
			</report>
			<report>
				<misses>323800001</misses>
				<total>0</total>
				<timestamp>2129.965723</timestamp>
			</report>
			<report>
				<misses>323900001</misses>
				<total>0</total>
				<timestamp>2130.625829</timestamp>
			</report>
			<report>
				<misses>324000001</misses>
				<total>0</total>
				<timestamp>2131.283485</timestamp>
			</report>
			<report>
				<misses>324100001</misses>
				<total>0</total>
				<timestamp>2131.940991</timestamp>
			</report>
			<report>
				<misses>324200001</misses>
				<total>0</total>
				<timestamp>2132.598602</timestamp>
			</report>
			<report>
				<misses>324300001</misses>
				<total>0</total>
				<timestamp>2133.256283</timestamp>
			</report>
			<report>
				<misses>324400001</misses>
				<total>0</total>
				<timestamp>2133.914903</timestamp>
			</report>
			<report>
				<misses>324500001</misses>
				<total>0</total>
				<timestamp>2134.573314</timestamp>
			</report>
			<report>
				<misses>324600001</misses>
				<total>0</total>
				<timestamp>2135.230366</timestamp>
			</report>
			<report>
				<misses>324700001</misses>
				<total>0</total>
				<timestamp>2135.888320</timestamp>
			</report>
			<report>
				<misses>324800001</misses>
				<total>0</total>
				<timestamp>2136.546668</timestamp>
			</report>
			<report>
				<misses>324900001</misses>
				<total>0</total>
				<timestamp>2137.205874</timestamp>
			</report>
			<report>
				<misses>325000001</misses>
				<total>0</total>
				<timestamp>2137.864835</timestamp>
			</report>
			<report>
				<misses>325100001</misses>
				<total>0</total>
				<timestamp>2138.522594</timestamp>
			</report>
			<report>
				<misses>325200001</misses>
				<total>0</total>
				<timestamp>2139.180335</timestamp>
			</report>
			<report>
				<misses>325300001</misses>
				<total>0</total>
				<timestamp>2139.838584</timestamp>
			</report>
			<report>
				<misses>325400001</misses>
				<total>0</total>
				<timestamp>2140.498388</timestamp>
			</report>
			<report>
				<misses>325500001</misses>
				<total>0</total>
				<timestamp>2141.156946</timestamp>
			</report>
			<report>
				<misses>325600001</misses>
				<total>0</total>
				<timestamp>2141.816064</timestamp>
			</report>
			<report>
				<misses>325700001</misses>
				<total>0</total>
				<timestamp>2142.473092</timestamp>
			</report>
			<report>
				<misses>325800001</misses>
				<total>0</total>
				<timestamp>2143.131164</timestamp>
			</report>
			<report>
				<misses>325900001</misses>
				<total>0</total>
				<timestamp>2143.788363</timestamp>
			</report>
			<report>
				<misses>326000001</misses>
				<total>0</total>
				<timestamp>2144.447038</timestamp>
			</report>
			<report>
				<misses>326100001</misses>
				<total>0</total>
				<timestamp>2145.104761</timestamp>
			</report>
			<report>
				<misses>326200001</misses>
				<total>0</total>
				<timestamp>2145.763928</timestamp>
			</report>
			<report>
				<misses>326300001</misses>
				<total>0</total>
				<timestamp>2146.422790</timestamp>
			</report>
			<report>
				<misses>326400001</misses>
				<total>0</total>
				<timestamp>2147.080891</timestamp>
			</report>
			<report>
				<misses>326500001</misses>
				<total>0</total>
				<timestamp>2147.738292</timestamp>
			</report>
			<report>
				<misses>326600001</misses>
				<total>0</total>
				<timestamp>2148.396331</timestamp>
			</report>
			<report>
				<misses>326700001</misses>
				<total>0</total>
				<timestamp>2149.056601</timestamp>
			</report>
			<report>
				<misses>326800001</misses>
				<total>0</total>
				<timestamp>2149.715984</timestamp>
			</report>
			<report>
				<misses>326900001</misses>
				<total>0</total>
				<timestamp>2150.375130</timestamp>
			</report>
			<report>
				<misses>327000001</misses>
				<total>0</total>
				<timestamp>2151.034526</timestamp>
			</report>
			<report>
				<misses>327100001</misses>
				<total>0</total>
				<timestamp>2151.693752</timestamp>
			</report>
			<report>
				<misses>327200001</misses>
				<total>0</total>
				<timestamp>2152.351627</timestamp>
			</report>
			<report>
				<misses>327300001</misses>
				<total>0</total>
				<timestamp>2153.009565</timestamp>
			</report>
			<report>
				<misses>327400001</misses>
				<total>0</total>
				<timestamp>2153.665265</timestamp>
			</report>
			<report>
				<misses>327500001</misses>
				<total>0</total>
				<timestamp>2154.323271</timestamp>
			</report>
			<report>
				<misses>327600001</misses>
				<total>0</total>
				<timestamp>2154.980721</timestamp>
			</report>
			<report>
				<misses>327700001</misses>
				<total>0</total>
				<timestamp>2155.637966</timestamp>
			</report>
			<report>
				<misses>327800001</misses>
				<total>0</total>
				<timestamp>2156.296388</timestamp>
			</report>
			<report>
				<misses>327900001</misses>
				<total>0</total>
				<timestamp>2156.954180</timestamp>
			</report>
			<report>
				<misses>328000001</misses>
				<total>0</total>
				<timestamp>2157.611390</timestamp>
			</report>
			<report>
				<misses>328100001</misses>
				<total>0</total>
				<timestamp>2158.269113</timestamp>
			</report>
			<report>
				<misses>328200001</misses>
				<total>0</total>
				<timestamp>2158.927678</timestamp>
			</report>
			<report>
				<misses>328300001</misses>
				<total>0</total>
				<timestamp>2159.587262</timestamp>
			</report>
			<report>
				<misses>328400001</misses>
				<total>0</total>
				<timestamp>2160.245386</timestamp>
			</report>
			<report>
				<misses>328500001</misses>
				<total>0</total>
				<timestamp>2160.904063</timestamp>
			</report>
			<report>
				<misses>328600001</misses>
				<total>0</total>
				<timestamp>2161.561778</timestamp>
			</report>
			<report>
				<misses>328700001</misses>
				<total>0</total>
				<timestamp>2162.220551</timestamp>
			</report>
			<report>
				<misses>328800001</misses>
				<total>0</total>
				<timestamp>2162.876868</timestamp>
			</report>
			<report>
				<misses>328900001</misses>
				<total>0</total>
				<timestamp>2163.534258</timestamp>
			</report>
			<report>
				<misses>329000001</misses>
				<total>0</total>
				<timestamp>2164.191432</timestamp>
			</report>
			<report>
				<misses>329100001</misses>
				<total>0</total>
				<timestamp>2164.848872</timestamp>
			</report>
			<report>
				<misses>329200001</misses>
				<total>0</total>
				<timestamp>2165.507458</timestamp>
			</report>
			<report>
				<misses>329300001</misses>
				<total>0</total>
				<timestamp>2166.165513</timestamp>
			</report>
			<report>
				<misses>329400001</misses>
				<total>0</total>
				<timestamp>2166.823111</timestamp>
			</report>
			<report>
				<misses>329500001</misses>
				<total>0</total>
				<timestamp>2167.480690</timestamp>
			</report>
			<report>
				<misses>329600001</misses>
				<total>0</total>
				<timestamp>2168.138723</timestamp>
			</report>
			<report>
				<misses>329700001</misses>
				<total>0</total>
				<timestamp>2168.796008</timestamp>
			</report>
			<report>
				<misses>329800001</misses>
				<total>0</total>
				<timestamp>2169.454652</timestamp>
			</report>
			<report>
				<misses>329900001</misses>
				<total>0</total>
				<timestamp>2170.114530</timestamp>
			</report>
			<report>
				<misses>330000001</misses>
				<total>0</total>
				<timestamp>2170.773024</timestamp>
			</report>
			<report>
				<misses>330100001</misses>
				<total>0</total>
				<timestamp>2171.430503</timestamp>
			</report>
			<report>
				<misses>330200001</misses>
				<total>0</total>
				<timestamp>2172.090568</timestamp>
			</report>
			<report>
				<misses>330300001</misses>
				<total>0</total>
				<timestamp>2172.747725</timestamp>
			</report>
			<report>
				<misses>330400001</misses>
				<total>0</total>
				<timestamp>2173.406015</timestamp>
			</report>
			<report>
				<misses>330500001</misses>
				<total>0</total>
				<timestamp>2174.062065</timestamp>
			</report>
			<report>
				<misses>330600001</misses>
				<total>0</total>
				<timestamp>2174.720517</timestamp>
			</report>
			<report>
				<misses>330700001</misses>
				<total>0</total>
				<timestamp>2175.378267</timestamp>
			</report>
			<report>
				<misses>330800001</misses>
				<total>0</total>
				<timestamp>2176.036250</timestamp>
			</report>
			<report>
				<misses>330900001</misses>
				<total>0</total>
				<timestamp>2176.693675</timestamp>
			</report>
			<report>
				<misses>331000001</misses>
				<total>0</total>
				<timestamp>2177.352328</timestamp>
			</report>
			<report>
				<misses>331100001</misses>
				<total>0</total>
				<timestamp>2178.010105</timestamp>
			</report>
			<report>
				<misses>331200001</misses>
				<total>0</total>
				<timestamp>2178.667520</timestamp>
			</report>
			<report>
				<misses>331300001</misses>
				<total>0</total>
				<timestamp>2179.325927</timestamp>
			</report>
			<report>
				<misses>331400001</misses>
				<total>0</total>
				<timestamp>2179.984548</timestamp>
			</report>
			<report>
				<misses>331500001</misses>
				<total>0</total>
				<timestamp>2180.641868</timestamp>
			</report>
			<report>
				<misses>331600001</misses>
				<total>0</total>
				<timestamp>2181.299469</timestamp>
			</report>
			<report>
				<misses>331700001</misses>
				<total>0</total>
				<timestamp>2181.957698</timestamp>
			</report>
			<report>
				<misses>331800001</misses>
				<total>0</total>
				<timestamp>2182.615503</timestamp>
			</report>
			<report>
				<misses>331900001</misses>
				<total>0</total>
				<timestamp>2183.273294</timestamp>
			</report>
			<report>
				<misses>332000001</misses>
				<total>0</total>
				<timestamp>2183.930327</timestamp>
			</report>
			<report>
				<misses>332100001</misses>
				<total>0</total>
				<timestamp>2184.587306</timestamp>
			</report>
			<report>
				<misses>332200001</misses>
				<total>0</total>
				<timestamp>2185.245093</timestamp>
			</report>
			<report>
				<misses>332300001</misses>
				<total>0</total>
				<timestamp>2185.901728</timestamp>
			</report>
			<report>
				<misses>332400001</misses>
				<total>0</total>
				<timestamp>2186.557707</timestamp>
			</report>
			<report>
				<misses>332500001</misses>
				<total>0</total>
				<timestamp>2187.215544</timestamp>
			</report>
			<report>
				<misses>332600001</misses>
				<total>0</total>
				<timestamp>2187.873171</timestamp>
			</report>
			<report>
				<misses>332700001</misses>
				<total>0</total>
				<timestamp>2188.531523</timestamp>
			</report>
			<report>
				<misses>332800001</misses>
				<total>0</total>
				<timestamp>2189.189642</timestamp>
			</report>
			<report>
				<misses>332900001</misses>
				<total>0</total>
				<timestamp>2189.845396</timestamp>
			</report>
			<report>
				<misses>333000001</misses>
				<total>0</total>
				<timestamp>2190.503810</timestamp>
			</report>
			<report>
				<misses>333100001</misses>
				<total>0</total>
				<timestamp>2191.162483</timestamp>
			</report>
			<report>
				<misses>333200001</misses>
				<total>0</total>
				<timestamp>2191.821681</timestamp>
			</report>
			<report>
				<misses>333300001</misses>
				<total>0</total>
				<timestamp>2192.480659</timestamp>
			</report>
			<report>
				<misses>333400001</misses>
				<total>0</total>
				<timestamp>2193.138485</timestamp>
			</report>
			<report>
				<misses>333500001</misses>
				<total>0</total>
				<timestamp>2193.797561</timestamp>
			</report>
			<report>
				<misses>333600001</misses>
				<total>0</total>
				<timestamp>2194.457585</timestamp>
			</report>
			<report>
				<misses>333700001</misses>
				<total>0</total>
				<timestamp>2195.116639</timestamp>
			</report>
			<report>
				<misses>333800001</misses>
				<total>0</total>
				<timestamp>2195.775768</timestamp>
			</report>
			<report>
				<misses>333900001</misses>
				<total>0</total>
				<timestamp>2196.433906</timestamp>
			</report>
			<report>
				<misses>334000001</misses>
				<total>0</total>
				<timestamp>2197.091775</timestamp>
			</report>
			<report>
				<misses>334100001</misses>
				<total>0</total>
				<timestamp>2197.750275</timestamp>
			</report>
			<report>
				<misses>334200001</misses>
				<total>0</total>
				<timestamp>2198.408456</timestamp>
			</report>
			<report>
				<misses>334300001</misses>
				<total>0</total>
				<timestamp>2199.066432</timestamp>
			</report>
			<report>
				<misses>334400001</misses>
				<total>0</total>
				<timestamp>2199.722311</timestamp>
			</report>
			<report>
				<misses>334500001</misses>
				<total>0</total>
				<timestamp>2200.380557</timestamp>
			</report>
			<report>
				<misses>334600001</misses>
				<total>0</total>
				<timestamp>2201.038919</timestamp>
			</report>
			<report>
				<misses>334700001</misses>
				<total>0</total>
				<timestamp>2201.695988</timestamp>
			</report>
			<report>
				<misses>334800001</misses>
				<total>0</total>
				<timestamp>2202.354779</timestamp>
			</report>
			<report>
				<misses>334900001</misses>
				<total>0</total>
				<timestamp>2203.012453</timestamp>
			</report>
			<report>
				<misses>335000001</misses>
				<total>0</total>
				<timestamp>2203.669227</timestamp>
			</report>
			<report>
				<misses>335100001</misses>
				<total>0</total>
				<timestamp>2204.326942</timestamp>
			</report>
			<report>
				<misses>335200001</misses>
				<total>0</total>
				<timestamp>2204.985060</timestamp>
			</report>
			<report>
				<misses>335300001</misses>
				<total>0</total>
				<timestamp>2205.642301</timestamp>
			</report>
			<report>
				<misses>335400001</misses>
				<total>0</total>
				<timestamp>2206.300348</timestamp>
			</report>
			<report>
				<misses>335500001</misses>
				<total>0</total>
				<timestamp>2206.958342</timestamp>
			</report>
			<report>
				<misses>335600001</misses>
				<total>0</total>
				<timestamp>2207.615328</timestamp>
			</report>
			<report>
				<misses>335700001</misses>
				<total>0</total>
				<timestamp>2208.271348</timestamp>
			</report>
			<report>
				<misses>335800001</misses>
				<total>0</total>
				<timestamp>2208.929359</timestamp>
			</report>
			<report>
				<misses>335900001</misses>
				<total>0</total>
				<timestamp>2209.587404</timestamp>
			</report>
			<report>
				<misses>336000001</misses>
				<total>0</total>
				<timestamp>2210.244839</timestamp>
			</report>
			<report>
				<misses>336100001</misses>
				<total>0</total>
				<timestamp>2210.900839</timestamp>
			</report>
			<report>
				<misses>336200001</misses>
				<total>0</total>
				<timestamp>2211.558430</timestamp>
			</report>
			<report>
				<misses>336300001</misses>
				<total>0</total>
				<timestamp>2212.216418</timestamp>
			</report>
			<report>
				<misses>336400001</misses>
				<total>0</total>
				<timestamp>2212.876116</timestamp>
			</report>
			<report>
				<misses>336500001</misses>
				<total>0</total>
				<timestamp>2213.535400</timestamp>
			</report>
			<report>
				<misses>336600001</misses>
				<total>0</total>
				<timestamp>2214.193410</timestamp>
			</report>
			<report>
				<misses>336700001</misses>
				<total>0</total>
				<timestamp>2214.852126</timestamp>
			</report>
			<report>
				<misses>336800001</misses>
				<total>0</total>
				<timestamp>2215.510611</timestamp>
			</report>
			<report>
				<misses>336900001</misses>
				<total>0</total>
				<timestamp>2216.169176</timestamp>
			</report>
			<report>
				<misses>337000001</misses>
				<total>0</total>
				<timestamp>2216.828215</timestamp>
			</report>
			<report>
				<misses>337100001</misses>
				<total>0</total>
				<timestamp>2217.486404</timestamp>
			</report>
			<report>
				<misses>337200001</misses>
				<total>0</total>
				<timestamp>2218.143699</timestamp>
			</report>
			<report>
				<misses>337300001</misses>
				<total>0</total>
				<timestamp>2218.801455</timestamp>
			</report>
			<report>
				<misses>337400001</misses>
				<total>0</total>
				<timestamp>2219.458710</timestamp>
			</report>
			<report>
				<misses>337500001</misses>
				<total>0</total>
				<timestamp>2220.115749</timestamp>
			</report>
			<report>
				<misses>337600001</misses>
				<total>0</total>
				<timestamp>2220.775492</timestamp>
			</report>
			<report>
				<misses>337700001</misses>
				<total>0</total>
				<timestamp>2221.433235</timestamp>
			</report>
			<report>
				<misses>337800001</misses>
				<total>0</total>
				<timestamp>2222.090772</timestamp>
			</report>
			<report>
				<misses>337900001</misses>
				<total>0</total>
				<timestamp>2222.750299</timestamp>
			</report>
			<report>
				<misses>338000001</misses>
				<total>0</total>
				<timestamp>2223.408684</timestamp>
			</report>
			<report>
				<misses>338100001</misses>
				<total>0</total>
				<timestamp>2224.065849</timestamp>
			</report>
			<report>
				<misses>338200001</misses>
				<total>0</total>
				<timestamp>2224.722286</timestamp>
			</report>
			<report>
				<misses>338300001</misses>
				<total>0</total>
				<timestamp>2225.378737</timestamp>
			</report>
			<report>
				<misses>338400001</misses>
				<total>0</total>
				<timestamp>2226.037721</timestamp>
			</report>
			<report>
				<misses>338500001</misses>
				<total>0</total>
				<timestamp>2226.696893</timestamp>
			</report>
			<report>
				<misses>338600001</misses>
				<total>0</total>
				<timestamp>2227.355698</timestamp>
			</report>
			<report>
				<misses>338700001</misses>
				<total>0</total>
				<timestamp>2228.014066</timestamp>
			</report>
			<report>
				<misses>338800001</misses>
				<total>0</total>
				<timestamp>2228.672179</timestamp>
			</report>
			<report>
				<misses>338900001</misses>
				<total>0</total>
				<timestamp>2229.330699</timestamp>
			</report>
			<report>
				<misses>339000001</misses>
				<total>0</total>
				<timestamp>2229.989794</timestamp>
			</report>
			<report>
				<misses>339100001</misses>
				<total>0</total>
				<timestamp>2230.647190</timestamp>
			</report>
			<report>
				<misses>339200001</misses>
				<total>0</total>
				<timestamp>2231.305310</timestamp>
			</report>
			<report>
				<misses>339300001</misses>
				<total>0</total>
				<timestamp>2231.962428</timestamp>
			</report>
			<report>
				<misses>339400001</misses>
				<total>0</total>
				<timestamp>2232.621747</timestamp>
			</report>
			<report>
				<misses>339500001</misses>
				<total>0</total>
				<timestamp>2233.279437</timestamp>
			</report>
			<report>
				<misses>339600001</misses>
				<total>0</total>
				<timestamp>2233.936730</timestamp>
			</report>
			<report>
				<misses>339700001</misses>
				<total>0</total>
				<timestamp>2234.594461</timestamp>
			</report>
			<report>
				<misses>339800001</misses>
				<total>0</total>
				<timestamp>2235.251383</timestamp>
			</report>
			<report>
				<misses>339900001</misses>
				<total>0</total>
				<timestamp>2235.908072</timestamp>
			</report>
			<report>
				<misses>340000001</misses>
				<total>0</total>
				<timestamp>2236.566453</timestamp>
			</report>
			<report>
				<misses>340100001</misses>
				<total>0</total>
				<timestamp>2237.223951</timestamp>
			</report>
			<report>
				<misses>340200001</misses>
				<total>0</total>
				<timestamp>2237.881706</timestamp>
			</report>
			<report>
				<misses>340300001</misses>
				<total>0</total>
				<timestamp>2238.539619</timestamp>
			</report>
			<report>
				<misses>340400001</misses>
				<total>0</total>
				<timestamp>2239.199283</timestamp>
			</report>
			<report>
				<misses>340500001</misses>
				<total>0</total>
				<timestamp>2239.855471</timestamp>
			</report>
			<report>
				<misses>340600001</misses>
				<total>0</total>
				<timestamp>2240.513951</timestamp>
			</report>
			<report>
				<misses>340700001</misses>
				<total>0</total>
				<timestamp>2241.171457</timestamp>
			</report>
			<report>
				<misses>340800001</misses>
				<total>0</total>
				<timestamp>2241.828386</timestamp>
			</report>
			<report>
				<misses>340900001</misses>
				<total>0</total>
				<timestamp>2242.486891</timestamp>
			</report>
			<report>
				<misses>341000001</misses>
				<total>0</total>
				<timestamp>2243.143851</timestamp>
			</report>
			<report>
				<misses>341100001</misses>
				<total>0</total>
				<timestamp>2243.800799</timestamp>
			</report>
			<report>
				<misses>341200001</misses>
				<total>0</total>
				<timestamp>2244.458523</timestamp>
			</report>
			<report>
				<misses>341300001</misses>
				<total>0</total>
				<timestamp>2245.117518</timestamp>
			</report>
			<report>
				<misses>341400001</misses>
				<total>0</total>
				<timestamp>2245.775306</timestamp>
			</report>
			<report>
				<misses>341500001</misses>
				<total>0</total>
				<timestamp>2246.433386</timestamp>
			</report>
			<report>
				<misses>341600001</misses>
				<total>0</total>
				<timestamp>2247.090239</timestamp>
			</report>
			<report>
				<misses>341700001</misses>
				<total>0</total>
				<timestamp>2247.747031</timestamp>
			</report>
			<report>
				<misses>341800001</misses>
				<total>0</total>
				<timestamp>2248.403916</timestamp>
			</report>
			<report>
				<misses>341900001</misses>
				<total>0</total>
				<timestamp>2249.061977</timestamp>
			</report>
			<report>
				<misses>342000001</misses>
				<total>0</total>
				<timestamp>2249.719215</timestamp>
			</report>
			<report>
				<misses>342100001</misses>
				<total>0</total>
				<timestamp>2250.376087</timestamp>
			</report>
			<report>
				<misses>342200001</misses>
				<total>0</total>
				<timestamp>2251.034381</timestamp>
			</report>
			<report>
				<misses>342300001</misses>
				<total>0</total>
				<timestamp>2251.692016</timestamp>
			</report>
			<report>
				<misses>342400001</misses>
				<total>0</total>
				<timestamp>2252.349246</timestamp>
			</report>
			<report>
				<misses>342500001</misses>
				<total>0</total>
				<timestamp>2253.006665</timestamp>
			</report>
			<report>
				<misses>342600001</misses>
				<total>0</total>
				<timestamp>2253.663191</timestamp>
			</report>
			<report>
				<misses>342700001</misses>
				<total>0</total>
				<timestamp>2254.322020</timestamp>
			</report>
			<report>
				<misses>342800001</misses>
				<total>0</total>
				<timestamp>2254.979926</timestamp>
			</report>
			<report>
				<misses>342900001</misses>
				<total>0</total>
				<timestamp>2255.637285</timestamp>
			</report>
			<report>
				<misses>343000001</misses>
				<total>0</total>
				<timestamp>2256.295161</timestamp>
			</report>
			<report>
				<misses>343100001</misses>
				<total>0</total>
				<timestamp>2256.953017</timestamp>
			</report>
			<report>
				<misses>343200001</misses>
				<total>0</total>
				<timestamp>2257.610999</timestamp>
			</report>
			<report>
				<misses>343300001</misses>
				<total>0</total>
				<timestamp>2258.269296</timestamp>
			</report>
			<report>
				<misses>343400001</misses>
				<total>0</total>
				<timestamp>2258.926747</timestamp>
			</report>
			<report>
				<misses>343500001</misses>
				<total>0</total>
				<timestamp>2259.585439</timestamp>
			</report>
			<report>
				<misses>343600001</misses>
				<total>0</total>
				<timestamp>2260.243006</timestamp>
			</report>
			<report>
				<misses>343700001</misses>
				<total>0</total>
				<timestamp>2260.901920</timestamp>
			</report>
			<report>
				<misses>343800001</misses>
				<total>0</total>
				<timestamp>2261.560347</timestamp>
			</report>
			<report>
				<misses>343900001</misses>
				<total>0</total>
				<timestamp>2262.219732</timestamp>
			</report>
			<report>
				<misses>344000001</misses>
				<total>0</total>
				<timestamp>2262.879629</timestamp>
			</report>
			<report>
				<misses>344100001</misses>
				<total>0</total>
				<timestamp>2263.538312</timestamp>
			</report>
			<report>
				<misses>344200001</misses>
				<total>0</total>
				<timestamp>2264.198025</timestamp>
			</report>
			<report>
				<misses>344300001</misses>
				<total>0</total>
				<timestamp>2264.858278</timestamp>
			</report>
			<report>
				<misses>344400001</misses>
				<total>0</total>
				<timestamp>2265.517391</timestamp>
			</report>
			<report>
				<misses>344500001</misses>
				<total>0</total>
				<timestamp>2266.174896</timestamp>
			</report>
			<report>
				<misses>344600001</misses>
				<total>0</total>
				<timestamp>2266.833368</timestamp>
			</report>
			<report>
				<misses>344700001</misses>
				<total>0</total>
				<timestamp>2267.490535</timestamp>
			</report>
			<report>
				<misses>344800001</misses>
				<total>0</total>
				<timestamp>2268.149411</timestamp>
			</report>
			<report>
				<misses>344900001</misses>
				<total>0</total>
				<timestamp>2268.807208</timestamp>
			</report>
			<report>
				<misses>345000001</misses>
				<total>0</total>
				<timestamp>2269.465508</timestamp>
			</report>
			<report>
				<misses>345100001</misses>
				<total>0</total>
				<timestamp>2270.123497</timestamp>
			</report>
			<report>
				<misses>345200001</misses>
				<total>0</total>
				<timestamp>2270.781067</timestamp>
			</report>
			<report>
				<misses>345300001</misses>
				<total>0</total>
				<timestamp>2271.438696</timestamp>
			</report>
			<report>
				<misses>345400001</misses>
				<total>0</total>
				<timestamp>2272.097473</timestamp>
			</report>
			<report>
				<misses>345500001</misses>
				<total>0</total>
				<timestamp>2272.754282</timestamp>
			</report>
			<report>
				<misses>345600001</misses>
				<total>0</total>
				<timestamp>2273.415607</timestamp>
			</report>
			<report>
				<misses>345700001</misses>
				<total>0</total>
				<timestamp>2274.071925</timestamp>
			</report>
			<report>
				<misses>345800001</misses>
				<total>0</total>
				<timestamp>2274.728703</timestamp>
			</report>
			<report>
				<misses>345900001</misses>
				<total>0</total>
				<timestamp>2275.386290</timestamp>
			</report>
			<report>
				<misses>346000001</misses>
				<total>0</total>
				<timestamp>2276.043721</timestamp>
			</report>
			<report>
				<misses>346100001</misses>
				<total>0</total>
				<timestamp>2276.700805</timestamp>
			</report>
			<report>
				<misses>346200001</misses>
				<total>0</total>
				<timestamp>2277.358266</timestamp>
			</report>
			<report>
				<misses>346300001</misses>
				<total>0</total>
				<timestamp>2278.016004</timestamp>
			</report>
			<report>
				<misses>346400001</misses>
				<total>0</total>
				<timestamp>2278.673209</timestamp>
			</report>
			<report>
				<misses>346500001</misses>
				<total>0</total>
				<timestamp>2279.330643</timestamp>
			</report>
			<report>
				<misses>346600001</misses>
				<total>0</total>
				<timestamp>2279.988499</timestamp>
			</report>
			<report>
				<misses>346700001</misses>
				<total>0</total>
				<timestamp>2280.645929</timestamp>
			</report>
			<report>
				<misses>346800001</misses>
				<total>0</total>
				<timestamp>2281.305360</timestamp>
			</report>
			<report>
				<misses>346900001</misses>
				<total>0</total>
				<timestamp>2281.963292</timestamp>
			</report>
			<report>
				<misses>347000001</misses>
				<total>0</total>
				<timestamp>2282.621380</timestamp>
			</report>
			<report>
				<misses>347100001</misses>
				<total>0</total>
				<timestamp>2283.279709</timestamp>
			</report>
			<report>
				<misses>347200001</misses>
				<total>0</total>
				<timestamp>2283.937780</timestamp>
			</report>
			<report>
				<misses>347300001</misses>
				<total>0</total>
				<timestamp>2284.596023</timestamp>
			</report>
			<report>
				<misses>347400001</misses>
				<total>0</total>
				<timestamp>2285.254190</timestamp>
			</report>
			<report>
				<misses>347500001</misses>
				<total>0</total>
				<timestamp>2285.912285</timestamp>
			</report>
			<report>
				<misses>347600001</misses>
				<total>0</total>
				<timestamp>2286.568941</timestamp>
			</report>
			<report>
				<misses>347700001</misses>
				<total>0</total>
				<timestamp>2287.226869</timestamp>
			</report>
			<report>
				<misses>347800001</misses>
				<total>0</total>
				<timestamp>2287.883874</timestamp>
			</report>
			<report>
				<misses>347900001</misses>
				<total>0</total>
				<timestamp>2288.541382</timestamp>
			</report>
			<report>
				<misses>348000001</misses>
				<total>0</total>
				<timestamp>2289.198868</timestamp>
			</report>
			<report>
				<misses>348100001</misses>
				<total>0</total>
				<timestamp>2289.855872</timestamp>
			</report>
			<report>
				<misses>348200001</misses>
				<total>0</total>
				<timestamp>2290.513219</timestamp>
			</report>
			<report>
				<misses>348300001</misses>
				<total>0</total>
				<timestamp>2291.171004</timestamp>
			</report>
			<report>
				<misses>348400001</misses>
				<total>0</total>
				<timestamp>2291.829142</timestamp>
			</report>
			<report>
				<misses>348500001</misses>
				<total>0</total>
				<timestamp>2292.486799</timestamp>
			</report>
			<report>
				<misses>348600001</misses>
				<total>0</total>
				<timestamp>2293.143831</timestamp>
			</report>
			<report>
				<misses>348700001</misses>
				<total>0</total>
				<timestamp>2293.798557</timestamp>
			</report>
			<report>
				<misses>348800001</misses>
				<total>0</total>
				<timestamp>2294.457146</timestamp>
			</report>
			<report>
				<misses>348900001</misses>
				<total>0</total>
				<timestamp>2295.114775</timestamp>
			</report>
			<report>
				<misses>349000001</misses>
				<total>0</total>
				<timestamp>2295.772037</timestamp>
			</report>
			<report>
				<misses>349100001</misses>
				<total>0</total>
				<timestamp>2296.428953</timestamp>
			</report>
			<report>
				<misses>349200001</misses>
				<total>0</total>
				<timestamp>2297.086363</timestamp>
			</report>
			<report>
				<misses>349300001</misses>
				<total>0</total>
				<timestamp>2297.742907</timestamp>
			</report>
			<report>
				<misses>349400001</misses>
				<total>0</total>
				<timestamp>2298.401434</timestamp>
			</report>
			<report>
				<misses>349500001</misses>
				<total>0</total>
				<timestamp>2299.059320</timestamp>
			</report>
			<report>
				<misses>349600001</misses>
				<total>0</total>
				<timestamp>2299.716829</timestamp>
			</report>
			<report>
				<misses>349700001</misses>
				<total>0</total>
				<timestamp>2300.374286</timestamp>
			</report>
			<report>
				<misses>349800001</misses>
				<total>0</total>
				<timestamp>2301.032378</timestamp>
			</report>
			<report>
				<misses>349900001</misses>
				<total>0</total>
				<timestamp>2301.688542</timestamp>
			</report>
			<report>
				<misses>350000001</misses>
				<total>0</total>
				<timestamp>2302.346311</timestamp>
			</report>
			<report>
				<misses>350100001</misses>
				<total>0</total>
				<timestamp>2303.003712</timestamp>
			</report>
			<report>
				<misses>350200001</misses>
				<total>0</total>
				<timestamp>2303.660915</timestamp>
			</report>
			<report>
				<misses>350300001</misses>
				<total>0</total>
				<timestamp>2304.319211</timestamp>
			</report>
			<report>
				<misses>350400001</misses>
				<total>0</total>
				<timestamp>2304.976087</timestamp>
			</report>
			<report>
				<misses>350500001</misses>
				<total>0</total>
				<timestamp>2305.633872</timestamp>
			</report>
			<report>
				<misses>350600001</misses>
				<total>0</total>
				<timestamp>2306.291533</timestamp>
			</report>
			<report>
				<misses>350700001</misses>
				<total>0</total>
				<timestamp>2306.947496</timestamp>
			</report>
			<report>
				<misses>350800001</misses>
				<total>0</total>
				<timestamp>2307.604299</timestamp>
			</report>
			<report>
				<misses>350900001</misses>
				<total>0</total>
				<timestamp>2308.262266</timestamp>
			</report>
			<report>
				<misses>351000001</misses>
				<total>0</total>
				<timestamp>2308.920536</timestamp>
			</report>
			<report>
				<misses>351100001</misses>
				<total>0</total>
				<timestamp>2309.578678</timestamp>
			</report>
			<report>
				<misses>351200001</misses>
				<total>0</total>
				<timestamp>2310.236119</timestamp>
			</report>
			<report>
				<misses>351300001</misses>
				<total>0</total>
				<timestamp>2310.891983</timestamp>
			</report>
			<report>
				<misses>351400001</misses>
				<total>0</total>
				<timestamp>2311.548761</timestamp>
			</report>
			<report>
				<misses>351500001</misses>
				<total>0</total>
				<timestamp>2312.205954</timestamp>
			</report>
			<report>
				<misses>351600001</misses>
				<total>0</total>
				<timestamp>2312.864845</timestamp>
			</report>
			<report>
				<misses>351700001</misses>
				<total>0</total>
				<timestamp>2313.521205</timestamp>
			</report>
			<report>
				<misses>351800001</misses>
				<total>0</total>
				<timestamp>2314.179108</timestamp>
			</report>
			<report>
				<misses>351900001</misses>
				<total>0</total>
				<timestamp>2314.837278</timestamp>
			</report>
			<report>
				<misses>352000001</misses>
				<total>0</total>
				<timestamp>2315.496847</timestamp>
			</report>
			<report>
				<misses>352100001</misses>
				<total>0</total>
				<timestamp>2316.155344</timestamp>
			</report>
			<report>
				<misses>352200001</misses>
				<total>0</total>
				<timestamp>2316.815567</timestamp>
			</report>
			<report>
				<misses>352300001</misses>
				<total>0</total>
				<timestamp>2317.474246</timestamp>
			</report>
			<report>
				<misses>352400001</misses>
				<total>0</total>
				<timestamp>2318.133748</timestamp>
			</report>
			<report>
				<misses>352500001</misses>
				<total>0</total>
				<timestamp>2318.793219</timestamp>
			</report>
			<report>
				<misses>352600001</misses>
				<total>0</total>
				<timestamp>2319.451893</timestamp>
			</report>
			<report>
				<misses>352700001</misses>
				<total>0</total>
				<timestamp>2320.109846</timestamp>
			</report>
			<report>
				<misses>352800001</misses>
				<total>0</total>
				<timestamp>2320.768886</timestamp>
			</report>
			<report>
				<misses>352900001</misses>
				<total>0</total>
				<timestamp>2321.425125</timestamp>
			</report>
			<report>
				<misses>353000001</misses>
				<total>0</total>
				<timestamp>2322.082795</timestamp>
			</report>
			<report>
				<misses>353100001</misses>
				<total>0</total>
				<timestamp>2322.740652</timestamp>
			</report>
			<report>
				<misses>353200001</misses>
				<total>0</total>
				<timestamp>2323.399434</timestamp>
			</report>
			<report>
				<misses>353300001</misses>
				<total>0</total>
				<timestamp>2324.057132</timestamp>
			</report>
			<report>
				<misses>353400001</misses>
				<total>0</total>
				<timestamp>2324.715422</timestamp>
			</report>
			<report>
				<misses>353500001</misses>
				<total>0</total>
				<timestamp>2325.374048</timestamp>
			</report>
			<report>
				<misses>353600001</misses>
				<total>0</total>
				<timestamp>2326.032652</timestamp>
			</report>
			<report>
				<misses>353700001</misses>
				<total>0</total>
				<timestamp>2326.690518</timestamp>
			</report>
			<report>
				<misses>353800001</misses>
				<total>0</total>
				<timestamp>2327.349706</timestamp>
			</report>
			<report>
				<misses>353900001</misses>
				<total>0</total>
				<timestamp>2328.007729</timestamp>
			</report>
			<report>
				<misses>354000001</misses>
				<total>0</total>
				<timestamp>2328.666081</timestamp>
			</report>
			<report>
				<misses>354100001</misses>
				<total>0</total>
				<timestamp>2329.323073</timestamp>
			</report>
			<report>
				<misses>354200001</misses>
				<total>0</total>
				<timestamp>2329.980054</timestamp>
			</report>
			<report>
				<misses>354300001</misses>
				<total>0</total>
				<timestamp>2330.637864</timestamp>
			</report>
			<report>
				<misses>354400001</misses>
				<total>0</total>
				<timestamp>2331.296169</timestamp>
			</report>
			<report>
				<misses>354500001</misses>
				<total>0</total>
				<timestamp>2331.953534</timestamp>
			</report>
			<report>
				<misses>354600001</misses>
				<total>0</total>
				<timestamp>2332.611826</timestamp>
			</report>
			<report>
				<misses>354700001</misses>
				<total>0</total>
				<timestamp>2333.270461</timestamp>
			</report>
			<report>
				<misses>354800001</misses>
				<total>0</total>
				<timestamp>2333.928727</timestamp>
			</report>
			<report>
				<misses>354900001</misses>
				<total>0</total>
				<timestamp>2334.587128</timestamp>
			</report>
			<report>
				<misses>355000001</misses>
				<total>0</total>
				<timestamp>2335.245151</timestamp>
			</report>
			<report>
				<misses>355100001</misses>
				<total>0</total>
				<timestamp>2335.902336</timestamp>
			</report>
			<report>
				<misses>355200001</misses>
				<total>0</total>
				<timestamp>2336.561398</timestamp>
			</report>
			<report>
				<misses>355300001</misses>
				<total>0</total>
				<timestamp>2337.218690</timestamp>
			</report>
			<report>
				<misses>355400001</misses>
				<total>0</total>
				<timestamp>2337.875043</timestamp>
			</report>
			<report>
				<misses>355500001</misses>
				<total>0</total>
				<timestamp>2338.532543</timestamp>
			</report>
			<report>
				<misses>355600001</misses>
				<total>0</total>
				<timestamp>2339.189234</timestamp>
			</report>
			<report>
				<misses>355700001</misses>
				<total>0</total>
				<timestamp>2339.846280</timestamp>
			</report>
			<report>
				<misses>355800001</misses>
				<total>0</total>
				<timestamp>2340.504754</timestamp>
			</report>
			<report>
				<misses>355900001</misses>
				<total>0</total>
				<timestamp>2341.162670</timestamp>
			</report>
			<report>
				<misses>356000001</misses>
				<total>0</total>
				<timestamp>2341.822020</timestamp>
			</report>
			<report>
				<misses>356100001</misses>
				<total>0</total>
				<timestamp>2342.478904</timestamp>
			</report>
			<report>
				<misses>356200001</misses>
				<total>0</total>
				<timestamp>2343.137392</timestamp>
			</report>
			<report>
				<misses>356300001</misses>
				<total>0</total>
				<timestamp>2343.794354</timestamp>
			</report>
			<report>
				<misses>356400001</misses>
				<total>0</total>
				<timestamp>2344.451747</timestamp>
			</report>
			<report>
				<misses>356500001</misses>
				<total>0</total>
				<timestamp>2345.109372</timestamp>
			</report>
			<report>
				<misses>356600001</misses>
				<total>0</total>
				<timestamp>2345.768186</timestamp>
			</report>
			<report>
				<misses>356700001</misses>
				<total>0</total>
				<timestamp>2346.427334</timestamp>
			</report>
			<report>
				<misses>356800001</misses>
				<total>0</total>
				<timestamp>2347.084859</timestamp>
			</report>
			<report>
				<misses>356900001</misses>
				<total>0</total>
				<timestamp>2347.742847</timestamp>
			</report>
			<report>
				<misses>357000001</misses>
				<total>0</total>
				<timestamp>2348.400601</timestamp>
			</report>
			<report>
				<misses>357100001</misses>
				<total>0</total>
				<timestamp>2349.058720</timestamp>
			</report>
			<report>
				<misses>357200001</misses>
				<total>0</total>
				<timestamp>2349.716101</timestamp>
			</report>
			<report>
				<misses>357300001</misses>
				<total>0</total>
				<timestamp>2350.374369</timestamp>
			</report>
			<report>
				<misses>357400001</misses>
				<total>0</total>
				<timestamp>2351.033409</timestamp>
			</report>
			<report>
				<misses>357500001</misses>
				<total>0</total>
				<timestamp>2351.691046</timestamp>
			</report>
			<report>
				<misses>357600001</misses>
				<total>0</total>
				<timestamp>2352.349247</timestamp>
			</report>
			<report>
				<misses>357700001</misses>
				<total>0</total>
				<timestamp>2353.006421</timestamp>
			</report>
			<report>
				<misses>357800001</misses>
				<total>0</total>
				<timestamp>2353.662414</timestamp>
			</report>
			<report>
				<misses>357900001</misses>
				<total>0</total>
				<timestamp>2354.320877</timestamp>
			</report>
			<report>
				<misses>358000001</misses>
				<total>0</total>
				<timestamp>2354.978298</timestamp>
			</report>
			<report>
				<misses>358100001</misses>
				<total>0</total>
				<timestamp>2355.637171</timestamp>
			</report>
			<report>
				<misses>358200001</misses>
				<total>0</total>
				<timestamp>2356.294971</timestamp>
			</report>
			<report>
				<misses>358300001</misses>
				<total>0</total>
				<timestamp>2356.952702</timestamp>
			</report>
			<report>
				<misses>358400001</misses>
				<total>0</total>
				<timestamp>2357.609957</timestamp>
			</report>
			<report>
				<misses>358500001</misses>
				<total>0</total>
				<timestamp>2358.269144</timestamp>
			</report>
			<report>
				<misses>358600001</misses>
				<total>0</total>
				<timestamp>2358.927634</timestamp>
			</report>
			<report>
				<misses>358700001</misses>
				<total>0</total>
				<timestamp>2359.584192</timestamp>
			</report>
			<report>
				<misses>358800001</misses>
				<total>0</total>
				<timestamp>2360.242179</timestamp>
			</report>
			<report>
				<misses>358900001</misses>
				<total>0</total>
				<timestamp>2360.900787</timestamp>
			</report>
			<report>
				<misses>359000001</misses>
				<total>0</total>
				<timestamp>2361.558974</timestamp>
			</report>
			<report>
				<misses>359100001</misses>
				<total>0</total>
				<timestamp>2362.216386</timestamp>
			</report>
			<report>
				<misses>359200001</misses>
				<total>0</total>
				<timestamp>2362.873871</timestamp>
			</report>
			<report>
				<misses>359300001</misses>
				<total>0</total>
				<timestamp>2363.531482</timestamp>
			</report>
			<report>
				<misses>359400001</misses>
				<total>0</total>
				<timestamp>2364.189559</timestamp>
			</report>
			<report>
				<misses>359500001</misses>
				<total>0</total>
				<timestamp>2364.847294</timestamp>
			</report>
			<report>
				<misses>359600001</misses>
				<total>0</total>
				<timestamp>2365.503332</timestamp>
			</report>
			<report>
				<misses>359700001</misses>
				<total>0</total>
				<timestamp>2366.161189</timestamp>
			</report>
			<report>
				<misses>359800001</misses>
				<total>0</total>
				<timestamp>2366.819134</timestamp>
			</report>
			<report>
				<misses>359900001</misses>
				<total>0</total>
				<timestamp>2367.475257</timestamp>
			</report>
			<report>
				<misses>360000001</misses>
				<total>0</total>
				<timestamp>2368.134104</timestamp>
			</report>
			<report>
				<misses>360100001</misses>
				<total>0</total>
				<timestamp>2368.792902</timestamp>
			</report>
			<report>
				<misses>360200001</misses>
				<total>0</total>
				<timestamp>2369.451470</timestamp>
			</report>
			<report>
				<misses>360300001</misses>
				<total>0</total>
				<timestamp>2370.110759</timestamp>
			</report>
			<report>
				<misses>360400001</misses>
				<total>0</total>
				<timestamp>2370.770383</timestamp>
			</report>
			<report>
				<misses>360500001</misses>
				<total>0</total>
				<timestamp>2371.430128</timestamp>
			</report>
			<report>
				<misses>360600001</misses>
				<total>0</total>
				<timestamp>2372.090414</timestamp>
			</report>
			<report>
				<misses>360700001</misses>
				<total>0</total>
				<timestamp>2372.747705</timestamp>
			</report>
			<report>
				<misses>360800001</misses>
				<total>0</total>
				<timestamp>2373.406232</timestamp>
			</report>
			<report>
				<misses>360900001</misses>
				<total>0</total>
				<timestamp>2374.062446</timestamp>
			</report>
			<report>
				<misses>361000001</misses>
				<total>0</total>
				<timestamp>2374.720418</timestamp>
			</report>
			<report>
				<misses>361100001</misses>
				<total>0</total>
				<timestamp>2375.377680</timestamp>
			</report>
			<report>
				<misses>361200001</misses>
				<total>0</total>
				<timestamp>2376.035166</timestamp>
			</report>
			<report>
				<misses>361300001</misses>
				<total>0</total>
				<timestamp>2376.691813</timestamp>
			</report>
			<report>
				<misses>361400001</misses>
				<total>0</total>
				<timestamp>2377.349365</timestamp>
			</report>
			<report>
				<misses>361500001</misses>
				<total>0</total>
				<timestamp>2378.007596</timestamp>
			</report>
			<report>
				<misses>361600001</misses>
				<total>0</total>
				<timestamp>2378.665223</timestamp>
			</report>
			<report>
				<misses>361700001</misses>
				<total>0</total>
				<timestamp>2379.323247</timestamp>
			</report>
			<report>
				<misses>361800001</misses>
				<total>0</total>
				<timestamp>2379.981245</timestamp>
			</report>
			<report>
				<misses>361900001</misses>
				<total>0</total>
				<timestamp>2380.638300</timestamp>
			</report>
			<report>
				<misses>362000001</misses>
				<total>0</total>
				<timestamp>2381.295372</timestamp>
			</report>
			<report>
				<misses>362100001</misses>
				<total>0</total>
				<timestamp>2381.953038</timestamp>
			</report>
			<report>
				<misses>362200001</misses>
				<total>0</total>
				<timestamp>2382.610318</timestamp>
			</report>
			<report>
				<misses>362300001</misses>
				<total>0</total>
				<timestamp>2383.265604</timestamp>
			</report>
			<report>
				<misses>362400001</misses>
				<total>0</total>
				<timestamp>2383.923087</timestamp>
			</report>
			<report>
				<misses>362500001</misses>
				<total>0</total>
				<timestamp>2384.581044</timestamp>
			</report>
			<report>
				<misses>362600001</misses>
				<total>0</total>
				<timestamp>2385.238525</timestamp>
			</report>
			<report>
				<misses>362700001</misses>
				<total>0</total>
				<timestamp>2385.895946</timestamp>
			</report>
			<report>
				<misses>362800001</misses>
				<total>0</total>
				<timestamp>2386.553611</timestamp>
			</report>
			<report>
				<misses>362900001</misses>
				<total>0</total>
				<timestamp>2387.211765</timestamp>
			</report>
			<report>
				<misses>363000001</misses>
				<total>0</total>
				<timestamp>2387.870339</timestamp>
			</report>
			<report>
				<misses>363100001</misses>
				<total>0</total>
				<timestamp>2388.528941</timestamp>
			</report>
			<report>
				<misses>363200001</misses>
				<total>0</total>
				<timestamp>2389.186465</timestamp>
			</report>
			<report>
				<misses>363300001</misses>
				<total>0</total>
				<timestamp>2389.845102</timestamp>
			</report>
			<report>
				<misses>363400001</misses>
				<total>0</total>
				<timestamp>2390.504005</timestamp>
			</report>
			<report>
				<misses>363500001</misses>
				<total>0</total>
				<timestamp>2391.162608</timestamp>
			</report>
			<report>
				<misses>363600001</misses>
				<total>0</total>
				<timestamp>2391.820396</timestamp>
			</report>
			<report>
				<misses>363700001</misses>
				<total>0</total>
				<timestamp>2392.478285</timestamp>
			</report>
			<report>
				<misses>363800001</misses>
				<total>0</total>
				<timestamp>2393.136323</timestamp>
			</report>
			<report>
				<misses>363900001</misses>
				<total>0</total>
				<timestamp>2393.794581</timestamp>
			</report>
			<report>
				<misses>364000001</misses>
				<total>0</total>
				<timestamp>2394.451262</timestamp>
			</report>
			<report>
				<misses>364100001</misses>
				<total>0</total>
				<timestamp>2395.109987</timestamp>
			</report>
			<report>
				<misses>364200001</misses>
				<total>0</total>
				<timestamp>2395.767169</timestamp>
			</report>
			<report>
				<misses>364300001</misses>
				<total>0</total>
				<timestamp>2396.425709</timestamp>
			</report>
			<report>
				<misses>364400001</misses>
				<total>0</total>
				<timestamp>2397.083067</timestamp>
			</report>
			<report>
				<misses>364500001</misses>
				<total>0</total>
				<timestamp>2397.740007</timestamp>
			</report>
			<report>
				<misses>364600001</misses>
				<total>0</total>
				<timestamp>2398.397777</timestamp>
			</report>
			<report>
				<misses>364700001</misses>
				<total>0</total>
				<timestamp>2399.055843</timestamp>
			</report>
			<report>
				<misses>364800001</misses>
				<total>0</total>
				<timestamp>2399.712855</timestamp>
			</report>
			<report>
				<misses>364900001</misses>
				<total>0</total>
				<timestamp>2400.370344</timestamp>
			</report>
			<report>
				<misses>365000001</misses>
				<total>0</total>
				<timestamp>2401.027104</timestamp>
			</report>
			<report>
				<misses>365100001</misses>
				<total>0</total>
				<timestamp>2401.684204</timestamp>
			</report>
			<report>
				<misses>365200001</misses>
				<total>0</total>
				<timestamp>2402.341120</timestamp>
			</report>
			<report>
				<misses>365300001</misses>
				<total>0</total>
				<timestamp>2402.998601</timestamp>
			</report>
			<report>
				<misses>365400001</misses>
				<total>0</total>
				<timestamp>2403.656431</timestamp>
			</report>
			<report>
				<misses>365500001</misses>
				<total>0</total>
				<timestamp>2404.313751</timestamp>
			</report>
			<report>
				<misses>365600001</misses>
				<total>0</total>
				<timestamp>2404.970007</timestamp>
			</report>
			<report>
				<misses>365700001</misses>
				<total>0</total>
				<timestamp>2405.627153</timestamp>
			</report>
			<report>
				<misses>365800001</misses>
				<total>0</total>
				<timestamp>2406.285118</timestamp>
			</report>
			<report>
				<misses>365900001</misses>
				<total>0</total>
				<timestamp>2406.943179</timestamp>
			</report>
			<report>
				<misses>366000001</misses>
				<total>0</total>
				<timestamp>2407.601382</timestamp>
			</report>
			<report>
				<misses>366100001</misses>
				<total>0</total>
				<timestamp>2408.258899</timestamp>
			</report>
			<report>
				<misses>366200001</misses>
				<total>0</total>
				<timestamp>2408.917377</timestamp>
			</report>
			<report>
				<misses>366300001</misses>
				<total>0</total>
				<timestamp>2409.575331</timestamp>
			</report>
			<report>
				<misses>366400001</misses>
				<total>0</total>
				<timestamp>2410.232196</timestamp>
			</report>
			<report>
				<misses>366500001</misses>
				<total>0</total>
				<timestamp>2410.889707</timestamp>
			</report>
			<report>
				<misses>366600001</misses>
				<total>0</total>
				<timestamp>2411.547517</timestamp>
			</report>
			<report>
				<misses>366700001</misses>
				<total>0</total>
				<timestamp>2412.204944</timestamp>
			</report>
			<report>
				<misses>366800001</misses>
				<total>0</total>
				<timestamp>2412.862785</timestamp>
			</report>
			<report>
				<misses>366900001</misses>
				<total>0</total>
				<timestamp>2413.520520</timestamp>
			</report>
			<report>
				<misses>367000001</misses>
				<total>0</total>
				<timestamp>2414.177961</timestamp>
			</report>
			<report>
				<misses>367100001</misses>
				<total>0</total>
				<timestamp>2414.834934</timestamp>
			</report>
			<report>
				<misses>367200001</misses>
				<total>0</total>
				<timestamp>2415.491801</timestamp>
			</report>
			<report>
				<misses>367300001</misses>
				<total>0</total>
				<timestamp>2416.149508</timestamp>
			</report>
			<report>
				<misses>367400001</misses>
				<total>0</total>
				<timestamp>2416.806265</timestamp>
			</report>
			<report>
				<misses>367500001</misses>
				<total>0</total>
				<timestamp>2417.463498</timestamp>
			</report>
			<report>
				<misses>367600001</misses>
				<total>0</total>
				<timestamp>2418.120869</timestamp>
			</report>
			<report>
				<misses>367700001</misses>
				<total>0</total>
				<timestamp>2418.777643</timestamp>
			</report>
			<report>
				<misses>367800001</misses>
				<total>0</total>
				<timestamp>2419.436104</timestamp>
			</report>
			<report>
				<misses>367900001</misses>
				<total>0</total>
				<timestamp>2420.093745</timestamp>
			</report>
			<report>
				<misses>368000001</misses>
				<total>0</total>
				<timestamp>2420.752852</timestamp>
			</report>
			<report>
				<misses>368100001</misses>
				<total>0</total>
				<timestamp>2421.411231</timestamp>
			</report>
			<report>
				<misses>368200001</misses>
				<total>0</total>
				<timestamp>2422.071524</timestamp>
			</report>
			<report>
				<misses>368300001</misses>
				<total>0</total>
				<timestamp>2422.730933</timestamp>
			</report>
			<report>
				<misses>368400001</misses>
				<total>0</total>
				<timestamp>2423.390277</timestamp>
			</report>
			<report>
				<misses>368500001</misses>
				<total>0</total>
				<timestamp>2424.049066</timestamp>
			</report>
			<report>
				<misses>368600001</misses>
				<total>0</total>
				<timestamp>2424.707079</timestamp>
			</report>
			<report>
				<misses>368700001</misses>
				<total>0</total>
				<timestamp>2425.366116</timestamp>
			</report>
			<report>
				<misses>368800001</misses>
				<total>0</total>
				<timestamp>2426.025082</timestamp>
			</report>
			<report>
				<misses>368900001</misses>
				<total>0</total>
				<timestamp>2426.684570</timestamp>
			</report>
			<report>
				<misses>369000001</misses>
				<total>0</total>
				<timestamp>2427.341212</timestamp>
			</report>
			<report>
				<misses>369100001</misses>
				<total>0</total>
				<timestamp>2427.998870</timestamp>
			</report>
			<report>
				<misses>369200001</misses>
				<total>0</total>
				<timestamp>2428.656153</timestamp>
			</report>
			<report>
				<misses>369300001</misses>
				<total>0</total>
				<timestamp>2429.314687</timestamp>
			</report>
			<report>
				<misses>369400001</misses>
				<total>0</total>
				<timestamp>2429.972071</timestamp>
			</report>
			<report>
				<misses>369500001</misses>
				<total>0</total>
				<timestamp>2430.629417</timestamp>
			</report>
			<report>
				<misses>369600001</misses>
				<total>0</total>
				<timestamp>2431.287195</timestamp>
			</report>
			<report>
				<misses>369700001</misses>
				<total>0</total>
				<timestamp>2431.944934</timestamp>
			</report>
			<report>
				<misses>369800001</misses>
				<total>0</total>
				<timestamp>2432.603702</timestamp>
			</report>
			<report>
				<misses>369900001</misses>
				<total>0</total>
				<timestamp>2433.260248</timestamp>
			</report>
			<report>
				<misses>370000001</misses>
				<total>0</total>
				<timestamp>2433.918281</timestamp>
			</report>
			<report>
				<misses>370100001</misses>
				<total>0</total>
				<timestamp>2434.576781</timestamp>
			</report>
			<report>
				<misses>370200001</misses>
				<total>0</total>
				<timestamp>2435.234859</timestamp>
			</report>
			<report>
				<misses>370300001</misses>
				<total>0</total>
				<timestamp>2435.892510</timestamp>
			</report>
			<report>
				<misses>370400001</misses>
				<total>0</total>
				<timestamp>2436.549629</timestamp>
			</report>
			<report>
				<misses>370500001</misses>
				<total>0</total>
				<timestamp>2437.207660</timestamp>
			</report>
			<report>
				<misses>370600001</misses>
				<total>0</total>
				<timestamp>2437.866295</timestamp>
			</report>
			<report>
				<misses>370700001</misses>
				<total>0</total>
				<timestamp>2438.523345</timestamp>
			</report>
			<report>
				<misses>370800001</misses>
				<total>0</total>
				<timestamp>2439.181563</timestamp>
			</report>
			<report>
				<misses>370900001</misses>
				<total>0</total>
				<timestamp>2439.840157</timestamp>
			</report>
			<report>
				<misses>371000001</misses>
				<total>0</total>
				<timestamp>2440.497507</timestamp>
			</report>
			<report>
				<misses>371100001</misses>
				<total>0</total>
				<timestamp>2441.155529</timestamp>
			</report>
			<report>
				<misses>371200001</misses>
				<total>0</total>
				<timestamp>2441.812552</timestamp>
			</report>
			<report>
				<misses>371300001</misses>
				<total>0</total>
				<timestamp>2442.469966</timestamp>
			</report>
			<report>
				<misses>371400001</misses>
				<total>0</total>
				<timestamp>2443.127921</timestamp>
			</report>
			<report>
				<misses>371500001</misses>
				<total>0</total>
				<timestamp>2443.785487</timestamp>
			</report>
			<report>
				<misses>371600001</misses>
				<total>0</total>
				<timestamp>2444.443402</timestamp>
			</report>
			<report>
				<misses>371700001</misses>
				<total>0</total>
				<timestamp>2445.100828</timestamp>
			</report>
			<report>
				<misses>371800001</misses>
				<total>0</total>
				<timestamp>2445.758464</timestamp>
			</report>
			<report>
				<misses>371900001</misses>
				<total>0</total>
				<timestamp>2446.416450</timestamp>
			</report>
			<report>
				<misses>372000001</misses>
				<total>0</total>
				<timestamp>2447.073371</timestamp>
			</report>
			<report>
				<misses>372100001</misses>
				<total>0</total>
				<timestamp>2447.731097</timestamp>
			</report>
			<report>
				<misses>372200001</misses>
				<total>0</total>
				<timestamp>2448.388476</timestamp>
			</report>
			<report>
				<misses>372300001</misses>
				<total>0</total>
				<timestamp>2449.046411</timestamp>
			</report>
			<report>
				<misses>372400001</misses>
				<total>0</total>
				<timestamp>2449.704160</timestamp>
			</report>
			<report>
				<misses>372500001</misses>
				<total>0</total>
				<timestamp>2450.360283</timestamp>
			</report>
			<report>
				<misses>372600001</misses>
				<total>0</total>
				<timestamp>2451.017974</timestamp>
			</report>
			<report>
				<misses>372700001</misses>
				<total>0</total>
				<timestamp>2451.675458</timestamp>
			</report>
			<report>
				<misses>372800001</misses>
				<total>0</total>
				<timestamp>2452.333369</timestamp>
			</report>
			<report>
				<misses>372900001</misses>
				<total>0</total>
				<timestamp>2452.991408</timestamp>
			</report>
			<report>
				<misses>373000001</misses>
				<total>0</total>
				<timestamp>2453.649376</timestamp>
			</report>
			<report>
				<misses>373100001</misses>
				<total>0</total>
				<timestamp>2454.306806</timestamp>
			</report>
			<report>
				<misses>373200001</misses>
				<total>0</total>
				<timestamp>2454.965194</timestamp>
			</report>
			<report>
				<misses>373300001</misses>
				<total>0</total>
				<timestamp>2455.622075</timestamp>
			</report>
			<report>
				<misses>373400001</misses>
				<total>0</total>
				<timestamp>2456.280367</timestamp>
			</report>
			<report>
				<misses>373500001</misses>
				<total>0</total>
				<timestamp>2456.938399</timestamp>
			</report>
			<report>
				<misses>373600001</misses>
				<total>0</total>
				<timestamp>2457.596079</timestamp>
			</report>
			<report>
				<misses>373700001</misses>
				<total>0</total>
				<timestamp>2458.253026</timestamp>
			</report>
			<report>
				<misses>373800001</misses>
				<total>0</total>
				<timestamp>2458.910408</timestamp>
			</report>
			<report>
				<misses>373900001</misses>
				<total>0</total>
				<timestamp>2459.568930</timestamp>
			</report>
			<report>
				<misses>374000001</misses>
				<total>0</total>
				<timestamp>2460.226299</timestamp>
			</report>
			<report>
				<misses>374100001</misses>
				<total>0</total>
				<timestamp>2460.883974</timestamp>
			</report>
			<report>
				<misses>374200001</misses>
				<total>0</total>
				<timestamp>2461.541438</timestamp>
			</report>
			<report>
				<misses>374300001</misses>
				<total>0</total>
				<timestamp>2462.200701</timestamp>
			</report>
			<report>
				<misses>374400001</misses>
				<total>0</total>
				<timestamp>2462.857436</timestamp>
			</report>
			<report>
				<misses>374500001</misses>
				<total>0</total>
				<timestamp>2463.515585</timestamp>
			</report>
			<report>
				<misses>374600001</misses>
				<total>0</total>
				<timestamp>2464.174250</timestamp>
			</report>
			<report>
				<misses>374700001</misses>
				<total>0</total>
				<timestamp>2464.831690</timestamp>
			</report>
			<report>
				<misses>374800001</misses>
				<total>0</total>
				<timestamp>2465.489182</timestamp>
			</report>
			<report>
				<misses>374900001</misses>
				<total>0</total>
				<timestamp>2466.147415</timestamp>
			</report>
			<report>
				<misses>375000001</misses>
				<total>0</total>
				<timestamp>2466.805484</timestamp>
			</report>
			<report>
				<misses>375100001</misses>
				<total>0</total>
				<timestamp>2467.463694</timestamp>
			</report>
			<report>
				<misses>375200001</misses>
				<total>0</total>
				<timestamp>2468.122021</timestamp>
			</report>
			<report>
				<misses>375300001</misses>
				<total>0</total>
				<timestamp>2468.778720</timestamp>
			</report>
			<report>
				<misses>375400001</misses>
				<total>0</total>
				<timestamp>2469.436563</timestamp>
			</report>
			<report>
				<misses>375500001</misses>
				<total>0</total>
				<timestamp>2470.094330</timestamp>
			</report>
			<report>
				<misses>375600001</misses>
				<total>0</total>
				<timestamp>2470.751819</timestamp>
			</report>
			<report>
				<misses>375700001</misses>
				<total>0</total>
				<timestamp>2471.410106</timestamp>
			</report>
			<report>
				<misses>375800001</misses>
				<total>0</total>
				<timestamp>2472.068272</timestamp>
			</report>
			<report>
				<misses>375900001</misses>
				<total>0</total>
				<timestamp>2472.725814</timestamp>
			</report>
			<report>
				<misses>376000001</misses>
				<total>0</total>
				<timestamp>2473.383337</timestamp>
			</report>
			<report>
				<misses>376100001</misses>
				<total>0</total>
				<timestamp>2474.040984</timestamp>
			</report>
			<report>
				<misses>376200001</misses>
				<total>0</total>
				<timestamp>2474.700166</timestamp>
			</report>
			<report>
				<misses>376300001</misses>
				<total>0</total>
				<timestamp>2475.360286</timestamp>
			</report>
			<report>
				<misses>376400001</misses>
				<total>0</total>
				<timestamp>2476.020597</timestamp>
			</report>
			<report>
				<misses>376500001</misses>
				<total>0</total>
				<timestamp>2476.679416</timestamp>
			</report>
			<report>
				<misses>376600001</misses>
				<total>0</total>
				<timestamp>2477.339119</timestamp>
			</report>
			<report>
				<misses>376700001</misses>
				<total>0</total>
				<timestamp>2477.998589</timestamp>
			</report>
			<report>
				<misses>376800001</misses>
				<total>0</total>
				<timestamp>2478.657322</timestamp>
			</report>
			<report>
				<misses>376900001</misses>
				<total>0</total>
				<timestamp>2479.314940</timestamp>
			</report>
			<report>
				<misses>377000001</misses>
				<total>0</total>
				<timestamp>2479.972586</timestamp>
			</report>
			<report>
				<misses>377100001</misses>
				<total>0</total>
				<timestamp>2480.630701</timestamp>
			</report>
			<report>
				<misses>377200001</misses>
				<total>0</total>
				<timestamp>2481.288653</timestamp>
			</report>
			<report>
				<misses>377300001</misses>
				<total>0</total>
				<timestamp>2481.946725</timestamp>
			</report>
			<report>
				<misses>377400001</misses>
				<total>0</total>
				<timestamp>2482.605468</timestamp>
			</report>
			<report>
				<misses>377500001</misses>
				<total>0</total>
				<timestamp>2483.263193</timestamp>
			</report>
			<report>
				<misses>377600001</misses>
				<total>0</total>
				<timestamp>2483.921142</timestamp>
			</report>
			<report>
				<misses>377700001</misses>
				<total>0</total>
				<timestamp>2484.579738</timestamp>
			</report>
			<report>
				<misses>377800001</misses>
				<total>0</total>
				<timestamp>2485.238547</timestamp>
			</report>
			<report>
				<misses>377900001</misses>
				<total>0</total>
				<timestamp>2485.896450</timestamp>
			</report>
			<report>
				<misses>378000001</misses>
				<total>0</total>
				<timestamp>2486.554919</timestamp>
			</report>
			<report>
				<misses>378100001</misses>
				<total>0</total>
				<timestamp>2487.212831</timestamp>
			</report>
			<report>
				<misses>378200001</misses>
				<total>0</total>
				<timestamp>2487.870884</timestamp>
			</report>
			<report>
				<misses>378300001</misses>
				<total>0</total>
				<timestamp>2488.528383</timestamp>
			</report>
			<report>
				<misses>378400001</misses>
				<total>0</total>
				<timestamp>2489.186368</timestamp>
			</report>
			<report>
				<misses>378500001</misses>
				<total>0</total>
				<timestamp>2489.845317</timestamp>
			</report>
			<report>
				<misses>378600001</misses>
				<total>0</total>
				<timestamp>2490.500195</timestamp>
			</report>
			<report>
				<misses>378700001</misses>
				<total>0</total>
				<timestamp>2491.158401</timestamp>
			</report>
			<report>
				<misses>378800001</misses>
				<total>0</total>
				<timestamp>2491.816408</timestamp>
			</report>
			<report>
				<misses>378900001</misses>
				<total>0</total>
				<timestamp>2492.474772</timestamp>
			</report>
			<report>
				<misses>379000001</misses>
				<total>0</total>
				<timestamp>2493.132862</timestamp>
			</report>
			<report>
				<misses>379100001</misses>
				<total>0</total>
				<timestamp>2493.790260</timestamp>
			</report>
			<report>
				<misses>379200001</misses>
				<total>0</total>
				<timestamp>2494.447256</timestamp>
			</report>
			<report>
				<misses>379300001</misses>
				<total>0</total>
				<timestamp>2495.105093</timestamp>
			</report>
			<report>
				<misses>379400001</misses>
				<total>0</total>
				<timestamp>2495.763061</timestamp>
			</report>
			<report>
				<misses>379500001</misses>
				<total>0</total>
				<timestamp>2496.420612</timestamp>
			</report>
			<report>
				<misses>379600001</misses>
				<total>0</total>
				<timestamp>2497.078878</timestamp>
			</report>
			<report>
				<misses>379700001</misses>
				<total>0</total>
				<timestamp>2497.736158</timestamp>
			</report>
			<report>
				<misses>379800001</misses>
				<total>0</total>
				<timestamp>2498.394613</timestamp>
			</report>
			<report>
				<misses>379900001</misses>
				<total>0</total>
				<timestamp>2499.052506</timestamp>
			</report>
			<report>
				<misses>380000001</misses>
				<total>0</total>
				<timestamp>2499.710440</timestamp>
			</report>
			<report>
				<misses>380100001</misses>
				<total>0</total>
				<timestamp>2500.367805</timestamp>
			</report>
			<report>
				<misses>380200001</misses>
				<total>0</total>
				<timestamp>2501.026825</timestamp>
			</report>
			<report>
				<misses>380300001</misses>
				<total>0</total>
				<timestamp>2501.685239</timestamp>
			</report>
			<report>
				<misses>380400001</misses>
				<total>0</total>
				<timestamp>2502.342612</timestamp>
			</report>
			<report>
				<misses>380500001</misses>
				<total>0</total>
				<timestamp>2503.000300</timestamp>
			</report>
			<report>
				<misses>380600001</misses>
				<total>0</total>
				<timestamp>2503.658252</timestamp>
			</report>
			<report>
				<misses>380700001</misses>
				<total>0</total>
				<timestamp>2504.316143</timestamp>
			</report>
			<report>
				<misses>380800001</misses>
				<total>0</total>
				<timestamp>2504.974282</timestamp>
			</report>
			<report>
				<misses>380900001</misses>
				<total>0</total>
				<timestamp>2505.630719</timestamp>
			</report>
			<report>
				<misses>381000001</misses>
				<total>0</total>
				<timestamp>2506.288529</timestamp>
			</report>
			<report>
				<misses>381100001</misses>
				<total>0</total>
				<timestamp>2506.945885</timestamp>
			</report>
			<report>
				<misses>381200001</misses>
				<total>0</total>
				<timestamp>2507.605249</timestamp>
			</report>
			<report>
				<misses>381300001</misses>
				<total>0</total>
				<timestamp>2508.263465</timestamp>
			</report>
			<report>
				<misses>381400001</misses>
				<total>0</total>
				<timestamp>2508.921584</timestamp>
			</report>
			<report>
				<misses>381500001</misses>
				<total>0</total>
				<timestamp>2509.580180</timestamp>
			</report>
			<report>
				<misses>381600001</misses>
				<total>0</total>
				<timestamp>2510.237442</timestamp>
			</report>
			<report>
				<misses>381700001</misses>
				<total>0</total>
				<timestamp>2510.894956</timestamp>
			</report>
			<report>
				<misses>381800001</misses>
				<total>0</total>
				<timestamp>2511.551322</timestamp>
			</report>
			<report>
				<misses>381900001</misses>
				<total>0</total>
				<timestamp>2512.209356</timestamp>
			</report>
			<report>
				<misses>382000001</misses>
				<total>0</total>
				<timestamp>2512.866573</timestamp>
			</report>
			<report>
				<misses>382100001</misses>
				<total>0</total>
				<timestamp>2513.526129</timestamp>
			</report>
			<report>
				<misses>382200001</misses>
				<total>0</total>
				<timestamp>2514.184228</timestamp>
			</report>
			<report>
				<misses>382300001</misses>
				<total>0</total>
				<timestamp>2514.841630</timestamp>
			</report>
			<report>
				<misses>382400001</misses>
				<total>0</total>
				<timestamp>2515.499954</timestamp>
			</report>
			<report>
				<misses>382500001</misses>
				<total>0</total>
				<timestamp>2516.157658</timestamp>
			</report>
			<report>
				<misses>382600001</misses>
				<total>0</total>
				<timestamp>2516.816088</timestamp>
			</report>
			<report>
				<misses>382700001</misses>
				<total>0</total>
				<timestamp>2517.474106</timestamp>
			</report>
			<report>
				<misses>382800001</misses>
				<total>0</total>
				<timestamp>2518.132956</timestamp>
			</report>
			<report>
				<misses>382900001</misses>
				<total>0</total>
				<timestamp>2518.789661</timestamp>
			</report>
			<report>
				<misses>383000001</misses>
				<total>0</total>
				<timestamp>2519.447276</timestamp>
			</report>
			<report>
				<misses>383100001</misses>
				<total>0</total>
				<timestamp>2520.103338</timestamp>
			</report>
			<report>
				<misses>383200001</misses>
				<total>0</total>
				<timestamp>2520.759131</timestamp>
			</report>
			<report>
				<misses>383300001</misses>
				<total>0</total>
				<timestamp>2521.417392</timestamp>
			</report>
			<report>
				<misses>383400001</misses>
				<total>0</total>
				<timestamp>2522.075636</timestamp>
			</report>
			<report>
				<misses>383500001</misses>
				<total>0</total>
				<timestamp>2522.733452</timestamp>
			</report>
			<report>
				<misses>383600001</misses>
				<total>0</total>
				<timestamp>2523.390607</timestamp>
			</report>
			<report>
				<misses>383700001</misses>
				<total>0</total>
				<timestamp>2524.047896</timestamp>
			</report>
			<report>
				<misses>383800001</misses>
				<total>0</total>
				<timestamp>2524.705538</timestamp>
			</report>
			<report>
				<misses>383900001</misses>
				<total>0</total>
				<timestamp>2525.363429</timestamp>
			</report>
			<report>
				<misses>384000001</misses>
				<total>0</total>
				<timestamp>2526.022667</timestamp>
			</report>
			<report>
				<misses>384100001</misses>
				<total>0</total>
				<timestamp>2526.680047</timestamp>
			</report>
			<report>
				<misses>384200001</misses>
				<total>0</total>
				<timestamp>2527.338356</timestamp>
			</report>
			<report>
				<misses>384300001</misses>
				<total>0</total>
				<timestamp>2527.997438</timestamp>
			</report>
			<report>
				<misses>384400001</misses>
				<total>0</total>
				<timestamp>2528.657322</timestamp>
			</report>
			<report>
				<misses>384500001</misses>
				<total>0</total>
				<timestamp>2529.316250</timestamp>
			</report>
			<report>
				<misses>384600001</misses>
				<total>0</total>
				<timestamp>2529.976313</timestamp>
			</report>
			<report>
				<misses>384700001</misses>
				<total>0</total>
				<timestamp>2530.635421</timestamp>
			</report>
			<report>
				<misses>384800001</misses>
				<total>0</total>
				<timestamp>2531.293672</timestamp>
			</report>
			<report>
				<misses>384900001</misses>
				<total>0</total>
				<timestamp>2531.953701</timestamp>
			</report>
			<report>
				<misses>385000001</misses>
				<total>0</total>
				<timestamp>2532.612548</timestamp>
			</report>
			<report>
				<misses>385100001</misses>
				<total>0</total>
				<timestamp>2533.270365</timestamp>
			</report>
			<report>
				<misses>385200001</misses>
				<total>0</total>
				<timestamp>2533.928187</timestamp>
			</report>
			<report>
				<misses>385300001</misses>
				<total>0</total>
				<timestamp>2534.585074</timestamp>
			</report>
			<report>
				<misses>385400001</misses>
				<total>0</total>
				<timestamp>2535.241926</timestamp>
			</report>
			<report>
				<misses>385500001</misses>
				<total>0</total>
				<timestamp>2535.899320</timestamp>
			</report>
			<report>
				<misses>385600001</misses>
				<total>0</total>
				<timestamp>2536.556466</timestamp>
			</report>
			<report>
				<misses>385700001</misses>
				<total>0</total>
				<timestamp>2537.215146</timestamp>
			</report>
			<report>
				<misses>385800001</misses>
				<total>0</total>
				<timestamp>2537.872751</timestamp>
			</report>
			<report>
				<misses>385900001</misses>
				<total>0</total>
				<timestamp>2538.530143</timestamp>
			</report>
			<report>
				<misses>386000001</misses>
				<total>0</total>
				<timestamp>2539.187217</timestamp>
			</report>
			<report>
				<misses>386100001</misses>
				<total>0</total>
				<timestamp>2539.844834</timestamp>
			</report>
			<report>
				<misses>386200001</misses>
				<total>0</total>
				<timestamp>2540.503130</timestamp>
			</report>
			<report>
				<misses>386300001</misses>
				<total>0</total>
				<timestamp>2541.159887</timestamp>
			</report>
			<report>
				<misses>386400001</misses>
				<total>0</total>
				<timestamp>2541.817450</timestamp>
			</report>
			<report>
				<misses>386500001</misses>
				<total>0</total>
				<timestamp>2542.475420</timestamp>
			</report>
			<report>
				<misses>386600001</misses>
				<total>0</total>
				<timestamp>2543.133587</timestamp>
			</report>
			<report>
				<misses>386700001</misses>
				<total>0</total>
				<timestamp>2543.791363</timestamp>
			</report>
			<report>
				<misses>386800001</misses>
				<total>0</total>
				<timestamp>2544.447846</timestamp>
			</report>
			<report>
				<misses>386900001</misses>
				<total>0</total>
				<timestamp>2545.105217</timestamp>
			</report>
			<report>
				<misses>387000001</misses>
				<total>0</total>
				<timestamp>2545.763296</timestamp>
			</report>
			<report>
				<misses>387100001</misses>
				<total>0</total>
				<timestamp>2546.421269</timestamp>
			</report>
			<report>
				<misses>387200001</misses>
				<total>0</total>
				<timestamp>2547.078653</timestamp>
			</report>
			<report>
				<misses>387300001</misses>
				<total>0</total>
				<timestamp>2547.736491</timestamp>
			</report>
			<report>
				<misses>387400001</misses>
				<total>0</total>
				<timestamp>2548.394064</timestamp>
			</report>
			<report>
				<misses>387500001</misses>
				<total>0</total>
				<timestamp>2549.051654</timestamp>
			</report>
			<report>
				<misses>387600001</misses>
				<total>0</total>
				<timestamp>2549.710083</timestamp>
			</report>
			<report>
				<misses>387700001</misses>
				<total>0</total>
				<timestamp>2550.368211</timestamp>
			</report>
			<report>
				<misses>387800001</misses>
				<total>0</total>
				<timestamp>2551.026052</timestamp>
			</report>
			<report>
				<misses>387900001</misses>
				<total>0</total>
				<timestamp>2551.684196</timestamp>
			</report>
			<report>
				<misses>388000001</misses>
				<total>0</total>
				<timestamp>2552.342674</timestamp>
			</report>
			<report>
				<misses>388100001</misses>
				<total>0</total>
				<timestamp>2553.000157</timestamp>
			</report>
			<report>
				<misses>388200001</misses>
				<total>0</total>
				<timestamp>2553.658807</timestamp>
			</report>
			<report>
				<misses>388300001</misses>
				<total>0</total>
				<timestamp>2554.317256</timestamp>
			</report>
			<report>
				<misses>388400001</misses>
				<total>0</total>
				<timestamp>2554.975338</timestamp>
			</report>
			<report>
				<misses>388500001</misses>
				<total>0</total>
				<timestamp>2555.633067</timestamp>
			</report>
			<report>
				<misses>388600001</misses>
				<total>0</total>
				<timestamp>2556.290507</timestamp>
			</report>
			<report>
				<misses>388700001</misses>
				<total>0</total>
				<timestamp>2556.948325</timestamp>
			</report>
			<report>
				<misses>388800001</misses>
				<total>0</total>
				<timestamp>2557.606835</timestamp>
			</report>
			<report>
				<misses>388900001</misses>
				<total>0</total>
				<timestamp>2558.265095</timestamp>
			</report>
			<report>
				<misses>389000001</misses>
				<total>0</total>
				<timestamp>2558.923454</timestamp>
			</report>
			<report>
				<misses>389100001</misses>
				<total>0</total>
				<timestamp>2559.581899</timestamp>
			</report>
			<report>
				<misses>389200001</misses>
				<total>0</total>
				<timestamp>2560.239433</timestamp>
			</report>
			<report>
				<misses>389300001</misses>
				<total>0</total>
				<timestamp>2560.896826</timestamp>
			</report>
			<report>
				<misses>389400001</misses>
				<total>0</total>
				<timestamp>2561.554561</timestamp>
			</report>
			<report>
				<misses>389500001</misses>
				<total>0</total>
				<timestamp>2562.213027</timestamp>
			</report>
			<report>
				<misses>389600001</misses>
				<total>0</total>
				<timestamp>2562.871471</timestamp>
			</report>
			<report>
				<misses>389700001</misses>
				<total>0</total>
				<timestamp>2563.530096</timestamp>
			</report>
			<report>
				<misses>389800001</misses>
				<total>0</total>
				<timestamp>2564.187695</timestamp>
			</report>
			<report>
				<misses>389900001</misses>
				<total>0</total>
				<timestamp>2564.845597</timestamp>
			</report>
			<report>
				<misses>390000001</misses>
				<total>0</total>
				<timestamp>2565.503307</timestamp>
			</report>
			<report>
				<misses>390100001</misses>
				<total>0</total>
				<timestamp>2566.160719</timestamp>
			</report>
			<report>
				<misses>390200001</misses>
				<total>0</total>
				<timestamp>2566.818508</timestamp>
			</report>
			<report>
				<misses>390300001</misses>
				<total>0</total>
				<timestamp>2567.475880</timestamp>
			</report>
			<report>
				<misses>390400001</misses>
				<total>0</total>
				<timestamp>2568.133676</timestamp>
			</report>
			<report>
				<misses>390500001</misses>
				<total>0</total>
				<timestamp>2568.791061</timestamp>
			</report>
			<report>
				<misses>390600001</misses>
				<total>0</total>
				<timestamp>2569.449080</timestamp>
			</report>
			<report>
				<misses>390700001</misses>
				<total>0</total>
				<timestamp>2570.106861</timestamp>
			</report>
			<report>
				<misses>390800001</misses>
				<total>0</total>
				<timestamp>2570.765363</timestamp>
			</report>
			<report>
				<misses>390900001</misses>
				<total>0</total>
				<timestamp>2571.423414</timestamp>
			</report>
			<report>
				<misses>391000001</misses>
				<total>0</total>
				<timestamp>2572.080835</timestamp>
			</report>
			<report>
				<misses>391100001</misses>
				<total>0</total>
				<timestamp>2572.738704</timestamp>
			</report>
			<report>
				<misses>391200001</misses>
				<total>0</total>
				<timestamp>2573.396003</timestamp>
			</report>
			<report>
				<misses>391300001</misses>
				<total>0</total>
				<timestamp>2574.054048</timestamp>
			</report>
			<report>
				<misses>391400001</misses>
				<total>0</total>
				<timestamp>2574.711096</timestamp>
			</report>
			<report>
				<misses>391500001</misses>
				<total>0</total>
				<timestamp>2575.370391</timestamp>
			</report>
			<report>
				<misses>391600001</misses>
				<total>0</total>
				<timestamp>2576.028295</timestamp>
			</report>
			<report>
				<misses>391700001</misses>
				<total>0</total>
				<timestamp>2576.686490</timestamp>
			</report>
			<report>
				<misses>391800001</misses>
				<total>0</total>
				<timestamp>2577.344485</timestamp>
			</report>
			<report>
				<misses>391900001</misses>
				<total>0</total>
				<timestamp>2578.002357</timestamp>
			</report>
			<report>
				<misses>392000001</misses>
				<total>0</total>
				<timestamp>2578.659694</timestamp>
			</report>
			<report>
				<misses>392100001</misses>
				<total>0</total>
				<timestamp>2579.317671</timestamp>
			</report>
			<report>
				<misses>392200001</misses>
				<total>0</total>
				<timestamp>2579.975815</timestamp>
			</report>
			<report>
				<misses>392300001</misses>
				<total>0</total>
				<timestamp>2580.633611</timestamp>
			</report>
			<report>
				<misses>392400001</misses>
				<total>0</total>
				<timestamp>2581.292510</timestamp>
			</report>
			<report>
				<misses>392500001</misses>
				<total>0</total>
				<timestamp>2581.951213</timestamp>
			</report>
			<report>
				<misses>392600001</misses>
				<total>0</total>
				<timestamp>2582.610129</timestamp>
			</report>
			<report>
				<misses>392700001</misses>
				<total>0</total>
				<timestamp>2583.269012</timestamp>
			</report>
			<report>
				<misses>392800001</misses>
				<total>0</total>
				<timestamp>2583.927771</timestamp>
			</report>
			<report>
				<misses>392900001</misses>
				<total>0</total>
				<timestamp>2584.586578</timestamp>
			</report>
			<report>
				<misses>393000001</misses>
				<total>0</total>
				<timestamp>2585.245189</timestamp>
			</report>
			<report>
				<misses>393100001</misses>
				<total>0</total>
				<timestamp>2585.904015</timestamp>
			</report>
			<report>
				<misses>393200001</misses>
				<total>0</total>
				<timestamp>2586.562399</timestamp>
			</report>
			<report>
				<misses>393300001</misses>
				<total>0</total>
				<timestamp>2587.220599</timestamp>
			</report>
			<report>
				<misses>393400001</misses>
				<total>0</total>
				<timestamp>2587.879023</timestamp>
			</report>
			<report>
				<misses>393500001</misses>
				<total>0</total>
				<timestamp>2588.536694</timestamp>
			</report>
			<report>
				<misses>393600001</misses>
				<total>0</total>
				<timestamp>2589.193906</timestamp>
			</report>
			<report>
				<misses>393700001</misses>
				<total>0</total>
				<timestamp>2589.852005</timestamp>
			</report>
			<report>
				<misses>393800001</misses>
				<total>0</total>
				<timestamp>2590.510498</timestamp>
			</report>
			<report>
				<misses>393900001</misses>
				<total>0</total>
				<timestamp>2591.168735</timestamp>
			</report>
			<report>
				<misses>394000001</misses>
				<total>0</total>
				<timestamp>2591.827373</timestamp>
			</report>
			<report>
				<misses>394100001</misses>
				<total>0</total>
				<timestamp>2592.485378</timestamp>
			</report>
			<report>
				<misses>394200001</misses>
				<total>0</total>
				<timestamp>2593.142382</timestamp>
			</report>
			<report>
				<misses>394300001</misses>
				<total>0</total>
				<timestamp>2593.800533</timestamp>
			</report>
			<report>
				<misses>394400001</misses>
				<total>0</total>
				<timestamp>2594.458183</timestamp>
			</report>
			<report>
				<misses>394500001</misses>
				<total>0</total>
				<timestamp>2595.117370</timestamp>
			</report>
			<report>
				<misses>394600001</misses>
				<total>0</total>
				<timestamp>2595.775860</timestamp>
			</report>
			<report>
				<misses>394700001</misses>
				<total>0</total>
				<timestamp>2596.433403</timestamp>
			</report>
			<report>
				<misses>394800001</misses>
				<total>0</total>
				<timestamp>2597.090750</timestamp>
			</report>
			<report>
				<misses>394900001</misses>
				<total>0</total>
				<timestamp>2597.749849</timestamp>
			</report>
			<report>
				<misses>395000001</misses>
				<total>0</total>
				<timestamp>2598.408921</timestamp>
			</report>
			<report>
				<misses>395100001</misses>
				<total>0</total>
				<timestamp>2599.066311</timestamp>
			</report>
			<report>
				<misses>395200001</misses>
				<total>0</total>
				<timestamp>2599.724922</timestamp>
			</report>
			<report>
				<misses>395300001</misses>
				<total>0</total>
				<timestamp>2600.383996</timestamp>
			</report>
			<report>
				<misses>395400001</misses>
				<total>0</total>
				<timestamp>2601.042478</timestamp>
			</report>
			<report>
				<misses>395500001</misses>
				<total>0</total>
				<timestamp>2601.700831</timestamp>
			</report>
			<report>
				<misses>395600001</misses>
				<total>0</total>
				<timestamp>2602.359010</timestamp>
			</report>
			<report>
				<misses>395700001</misses>
				<total>0</total>
				<timestamp>2603.016517</timestamp>
			</report>
			<report>
				<misses>395800001</misses>
				<total>0</total>
				<timestamp>2603.673632</timestamp>
			</report>
			<report>
				<misses>395900001</misses>
				<total>0</total>
				<timestamp>2604.331434</timestamp>
			</report>
			<report>
				<misses>396000001</misses>
				<total>0</total>
				<timestamp>2604.989772</timestamp>
			</report>
			<report>
				<misses>396100001</misses>
				<total>0</total>
				<timestamp>2605.648234</timestamp>
			</report>
			<report>
				<misses>396200001</misses>
				<total>0</total>
				<timestamp>2606.305425</timestamp>
			</report>
			<report>
				<misses>396300001</misses>
				<total>0</total>
				<timestamp>2606.962775</timestamp>
			</report>
			<report>
				<misses>396400001</misses>
				<total>0</total>
				<timestamp>2607.619749</timestamp>
			</report>
			<report>
				<misses>396500001</misses>
				<total>0</total>
				<timestamp>2608.277573</timestamp>
			</report>
			<report>
				<misses>396600001</misses>
				<total>0</total>
				<timestamp>2608.935622</timestamp>
			</report>
			<report>
				<misses>396700001</misses>
				<total>0</total>
				<timestamp>2609.593103</timestamp>
			</report>
			<report>
				<misses>396800001</misses>
				<total>0</total>
				<timestamp>2610.250940</timestamp>
			</report>
			<report>
				<misses>396900001</misses>
				<total>0</total>
				<timestamp>2610.908504</timestamp>
			</report>
			<report>
				<misses>397000001</misses>
				<total>0</total>
				<timestamp>2611.567242</timestamp>
			</report>
			<report>
				<misses>397100001</misses>
				<total>0</total>
				<timestamp>2612.225481</timestamp>
			</report>
			<report>
				<misses>397200001</misses>
				<total>0</total>
				<timestamp>2612.882780</timestamp>
			</report>
			<report>
				<misses>397300001</misses>
				<total>0</total>
				<timestamp>2613.541424</timestamp>
			</report>
			<report>
				<misses>397400001</misses>
				<total>0</total>
				<timestamp>2614.200386</timestamp>
			</report>
			<report>
				<misses>397500001</misses>
				<total>0</total>
				<timestamp>2614.858875</timestamp>
			</report>
			<report>
				<misses>397600001</misses>
				<total>0</total>
				<timestamp>2615.516966</timestamp>
			</report>
			<report>
				<misses>397700001</misses>
				<total>0</total>
				<timestamp>2616.173938</timestamp>
			</report>
			<report>
				<misses>397800001</misses>
				<total>0</total>
				<timestamp>2616.831651</timestamp>
			</report>
			<report>
				<misses>397900001</misses>
				<total>0</total>
				<timestamp>2617.488456</timestamp>
			</report>
			<report>
				<misses>398000001</misses>
				<total>0</total>
				<timestamp>2618.146670</timestamp>
			</report>
			<report>
				<misses>398100001</misses>
				<total>0</total>
				<timestamp>2618.804379</timestamp>
			</report>
			<report>
				<misses>398200001</misses>
				<total>0</total>
				<timestamp>2619.463090</timestamp>
			</report>
			<report>
				<misses>398300001</misses>
				<total>0</total>
				<timestamp>2620.121041</timestamp>
			</report>
			<report>
				<misses>398400001</misses>
				<total>0</total>
				<timestamp>2620.779306</timestamp>
			</report>
			<report>
				<misses>398500001</misses>
				<total>0</total>
				<timestamp>2621.435390</timestamp>
			</report>
			<report>
				<misses>398600001</misses>
				<total>0</total>
				<timestamp>2622.094221</timestamp>
			</report>
			<report>
				<misses>398700001</misses>
				<total>0</total>
				<timestamp>2622.754230</timestamp>
			</report>
			<report>
				<misses>398800001</misses>
				<total>0</total>
				<timestamp>2623.413822</timestamp>
			</report>
			<report>
				<misses>398900001</misses>
				<total>0</total>
				<timestamp>2624.073010</timestamp>
			</report>
			<report>
				<misses>399000001</misses>
				<total>0</total>
				<timestamp>2624.733227</timestamp>
			</report>
			<report>
				<misses>399100001</misses>
				<total>0</total>
				<timestamp>2625.393999</timestamp>
			</report>
			<report>
				<misses>399200001</misses>
				<total>0</total>
				<timestamp>2626.053607</timestamp>
			</report>
			<report>
				<misses>399300001</misses>
				<total>0</total>
				<timestamp>2626.712723</timestamp>
			</report>
			<report>
				<misses>399400001</misses>
				<total>0</total>
				<timestamp>2627.370302</timestamp>
			</report>
			<report>
				<misses>399500001</misses>
				<total>0</total>
				<timestamp>2628.028053</timestamp>
			</report>
			<report>
				<misses>399600001</misses>
				<total>0</total>
				<timestamp>2628.685650</timestamp>
			</report>
			<report>
				<misses>399700001</misses>
				<total>0</total>
				<timestamp>2629.344313</timestamp>
			</report>
			<report>
				<misses>399800001</misses>
				<total>0</total>
				<timestamp>2630.001917</timestamp>
			</report>
			<report>
				<misses>399900001</misses>
				<total>0</total>
				<timestamp>2630.659878</timestamp>
			</report>
			<report>
				<misses>400000001</misses>
				<total>0</total>
				<timestamp>2631.317544</timestamp>
			</report>
			<report>
				<misses>400100001</misses>
				<total>0</total>
				<timestamp>2631.975534</timestamp>
			</report>
			<report>
				<misses>400200001</misses>
				<total>0</total>
				<timestamp>2632.632323</timestamp>
			</report>
			<report>
				<misses>400300001</misses>
				<total>0</total>
				<timestamp>2633.291089</timestamp>
			</report>
			<report>
				<misses>400400001</misses>
				<total>0</total>
				<timestamp>2633.947483</timestamp>
			</report>
			<report>
				<misses>400500001</misses>
				<total>0</total>
				<timestamp>2634.605329</timestamp>
			</report>
			<report>
				<misses>400600001</misses>
				<total>0</total>
				<timestamp>2635.263556</timestamp>
			</report>
			<report>
				<misses>400700001</misses>
				<total>0</total>
				<timestamp>2635.921351</timestamp>
			</report>
			<report>
				<misses>400800001</misses>
				<total>0</total>
				<timestamp>2636.579045</timestamp>
			</report>
			<report>
				<misses>400900001</misses>
				<total>0</total>
				<timestamp>2637.236464</timestamp>
			</report>
			<report>
				<misses>401000001</misses>
				<total>0</total>
				<timestamp>2637.895474</timestamp>
			</report>
			<report>
				<misses>401100001</misses>
				<total>0</total>
				<timestamp>2638.552493</timestamp>
			</report>
			<report>
				<misses>401200001</misses>
				<total>0</total>
				<timestamp>2639.210323</timestamp>
			</report>
			<report>
				<misses>401300001</misses>
				<total>0</total>
				<timestamp>2639.868390</timestamp>
			</report>
			<report>
				<misses>401400001</misses>
				<total>0</total>
				<timestamp>2640.526576</timestamp>
			</report>
			<report>
				<misses>401500001</misses>
				<total>0</total>
				<timestamp>2641.184549</timestamp>
			</report>
			<report>
				<misses>401600001</misses>
				<total>0</total>
				<timestamp>2641.842032</timestamp>
			</report>
			<report>
				<misses>401700001</misses>
				<total>0</total>
				<timestamp>2642.499863</timestamp>
			</report>
			<report>
				<misses>401800001</misses>
				<total>0</total>
				<timestamp>2643.157551</timestamp>
			</report>
			<report>
				<misses>401900001</misses>
				<total>0</total>
				<timestamp>2643.816125</timestamp>
			</report>
			<report>
				<misses>402000001</misses>
				<total>0</total>
				<timestamp>2644.474466</timestamp>
			</report>
			<report>
				<misses>402100001</misses>
				<total>0</total>
				<timestamp>2645.132478</timestamp>
			</report>
			<report>
				<misses>402200001</misses>
				<total>0</total>
				<timestamp>2645.790361</timestamp>
			</report>
			<report>
				<misses>402300001</misses>
				<total>0</total>
				<timestamp>2646.447692</timestamp>
			</report>
			<report>
				<misses>402400001</misses>
				<total>0</total>
				<timestamp>2647.104547</timestamp>
			</report>
			<report>
				<misses>402500001</misses>
				<total>0</total>
				<timestamp>2647.762526</timestamp>
			</report>
			<report>
				<misses>402600001</misses>
				<total>0</total>
				<timestamp>2648.420044</timestamp>
			</report>
			<report>
				<misses>402700001</misses>
				<total>0</total>
				<timestamp>2649.078609</timestamp>
			</report>
			<report>
				<misses>402800001</misses>
				<total>0</total>
				<timestamp>2649.737704</timestamp>
			</report>
			<report>
				<misses>402900001</misses>
				<total>0</total>
				<timestamp>2650.394867</timestamp>
			</report>
			<report>
				<misses>403000001</misses>
				<total>0</total>
				<timestamp>2651.053148</timestamp>
			</report>
			<report>
				<misses>403100001</misses>
				<total>0</total>
				<timestamp>2651.709731</timestamp>
			</report>
			<report>
				<misses>403200001</misses>
				<total>0</total>
				<timestamp>2652.366996</timestamp>
			</report>
			<report>
				<misses>403300001</misses>
				<total>0</total>
				<timestamp>2653.025572</timestamp>
			</report>
			<report>
				<misses>403400001</misses>
				<total>0</total>
				<timestamp>2653.683703</timestamp>
			</report>
			<report>
				<misses>403500001</misses>
				<total>0</total>
				<timestamp>2654.342427</timestamp>
			</report>
			<report>
				<misses>403600001</misses>
				<total>0</total>
				<timestamp>2655.000567</timestamp>
			</report>
			<report>
				<misses>403700001</misses>
				<total>0</total>
				<timestamp>2655.658234</timestamp>
			</report>
			<report>
				<misses>403800001</misses>
				<total>0</total>
				<timestamp>2656.316290</timestamp>
			</report>
			<report>
				<misses>403900001</misses>
				<total>0</total>
				<timestamp>2656.974818</timestamp>
			</report>
			<report>
				<misses>404000001</misses>
				<total>0</total>
				<timestamp>2657.631257</timestamp>
			</report>
			<report>
				<misses>404100001</misses>
				<total>0</total>
				<timestamp>2658.290048</timestamp>
			</report>
			<report>
				<misses>404200001</misses>
				<total>0</total>
				<timestamp>2658.946947</timestamp>
			</report>
			<report>
				<misses>404300001</misses>
				<total>0</total>
				<timestamp>2659.604145</timestamp>
			</report>
			<report>
				<misses>404400001</misses>
				<total>0</total>
				<timestamp>2660.261417</timestamp>
			</report>
			<report>
				<misses>404500001</misses>
				<total>0</total>
				<timestamp>2660.919325</timestamp>
			</report>
			<report>
				<misses>404600001</misses>
				<total>0</total>
				<timestamp>2661.575923</timestamp>
			</report>
			<report>
				<misses>404700001</misses>
				<total>0</total>
				<timestamp>2662.232817</timestamp>
			</report>
			<report>
				<misses>404800001</misses>
				<total>0</total>
				<timestamp>2662.891944</timestamp>
			</report>
			<report>
				<misses>404900001</misses>
				<total>0</total>
				<timestamp>2663.551944</timestamp>
			</report>
			<report>
				<misses>405000001</misses>
				<total>0</total>
				<timestamp>2664.211613</timestamp>
			</report>
			<report>
				<misses>405100001</misses>
				<total>0</total>
				<timestamp>2664.870411</timestamp>
			</report>
			<report>
				<misses>405200001</misses>
				<total>0</total>
				<timestamp>2665.529418</timestamp>
			</report>
			<report>
				<misses>405300001</misses>
				<total>0</total>
				<timestamp>2666.186672</timestamp>
			</report>
			<report>
				<misses>405400001</misses>
				<total>0</total>
				<timestamp>2666.846334</timestamp>
			</report>
			<report>
				<misses>405500001</misses>
				<total>0</total>
				<timestamp>2667.506227</timestamp>
			</report>
			<report>
				<misses>405600001</misses>
				<total>0</total>
				<timestamp>2668.163191</timestamp>
			</report>
			<report>
				<misses>405700001</misses>
				<total>0</total>
				<timestamp>2668.821050</timestamp>
			</report>
			<report>
				<misses>405800001</misses>
				<total>0</total>
				<timestamp>2669.478541</timestamp>
			</report>
			<report>
				<misses>405900001</misses>
				<total>0</total>
				<timestamp>2670.136552</timestamp>
			</report>
			<report>
				<misses>406000001</misses>
				<total>0</total>
				<timestamp>2670.792836</timestamp>
			</report>
			<report>
				<misses>406100001</misses>
				<total>0</total>
				<timestamp>2671.451541</timestamp>
			</report>
			<report>
				<misses>406200001</misses>
				<total>0</total>
				<timestamp>2672.110182</timestamp>
			</report>
			<report>
				<misses>406300001</misses>
				<total>0</total>
				<timestamp>2672.768467</timestamp>
			</report>
			<report>
				<misses>406400001</misses>
				<total>0</total>
				<timestamp>2673.427595</timestamp>
			</report>
			<report>
				<misses>406500001</misses>
				<total>0</total>
				<timestamp>2674.086252</timestamp>
			</report>
			<report>
				<misses>406600001</misses>
				<total>0</total>
				<timestamp>2674.743727</timestamp>
			</report>
			<report>
				<misses>406700001</misses>
				<total>0</total>
				<timestamp>2675.401265</timestamp>
			</report>
			<report>
				<misses>406800001</misses>
				<total>0</total>
				<timestamp>2676.058503</timestamp>
			</report>
			<report>
				<misses>406900001</misses>
				<total>0</total>
				<timestamp>2676.717779</timestamp>
			</report>
			<report>
				<misses>407000001</misses>
				<total>0</total>
				<timestamp>2677.375729</timestamp>
			</report>
			<report>
				<misses>407100001</misses>
				<total>0</total>
				<timestamp>2678.034227</timestamp>
			</report>
			<report>
				<misses>407200001</misses>
				<total>0</total>
				<timestamp>2678.691095</timestamp>
			</report>
			<report>
				<misses>407300001</misses>
				<total>0</total>
				<timestamp>2679.349015</timestamp>
			</report>
			<report>
				<misses>407400001</misses>
				<total>0</total>
				<timestamp>2680.006902</timestamp>
			</report>
			<report>
				<misses>407500001</misses>
				<total>0</total>
				<timestamp>2680.665300</timestamp>
			</report>
			<report>
				<misses>407600001</misses>
				<total>0</total>
				<timestamp>2681.322550</timestamp>
			</report>
			<report>
				<misses>407700001</misses>
				<total>0</total>
				<timestamp>2681.980042</timestamp>
			</report>
			<report>
				<misses>407800001</misses>
				<total>0</total>
				<timestamp>2682.637166</timestamp>
			</report>
			<report>
				<misses>407900001</misses>
				<total>0</total>
				<timestamp>2683.294254</timestamp>
			</report>
			<report>
				<misses>408000001</misses>
				<total>0</total>
				<timestamp>2683.951570</timestamp>
			</report>
			<report>
				<misses>408100001</misses>
				<total>0</total>
				<timestamp>2684.609181</timestamp>
			</report>
			<report>
				<misses>408200001</misses>
				<total>0</total>
				<timestamp>2685.266222</timestamp>
			</report>
			<report>
				<misses>408300001</misses>
				<total>0</total>
				<timestamp>2685.924812</timestamp>
			</report>
			<report>
				<misses>408400001</misses>
				<total>0</total>
				<timestamp>2686.583496</timestamp>
			</report>
			<report>
				<misses>408500001</misses>
				<total>0</total>
				<timestamp>2687.241462</timestamp>
			</report>
			<report>
				<misses>408600001</misses>
				<total>0</total>
				<timestamp>2687.898778</timestamp>
			</report>
			<report>
				<misses>408700001</misses>
				<total>0</total>
				<timestamp>2688.556568</timestamp>
			</report>
			<report>
				<misses>408800001</misses>
				<total>0</total>
				<timestamp>2689.214761</timestamp>
			</report>
			<report>
				<misses>408900001</misses>
				<total>0</total>
				<timestamp>2689.870433</timestamp>
			</report>
			<report>
				<misses>409000001</misses>
				<total>0</total>
				<timestamp>2690.528147</timestamp>
			</report>
			<report>
				<misses>409100001</misses>
				<total>0</total>
				<timestamp>2691.185761</timestamp>
			</report>
			<report>
				<misses>409200001</misses>
				<total>0</total>
				<timestamp>2691.843751</timestamp>
			</report>
			<report>
				<misses>409300001</misses>
				<total>0</total>
				<timestamp>2692.501931</timestamp>
			</report>
			<report>
				<misses>409400001</misses>
				<total>0</total>
				<timestamp>2693.160094</timestamp>
			</report>
			<report>
				<misses>409500001</misses>
				<total>0</total>
				<timestamp>2693.817168</timestamp>
			</report>
			<report>
				<misses>409600001</misses>
				<total>0</total>
				<timestamp>2694.473888</timestamp>
			</report>
			<report>
				<misses>409700001</misses>
				<total>0</total>
				<timestamp>2695.131553</timestamp>
			</report>
			<report>
				<misses>409800001</misses>
				<total>0</total>
				<timestamp>2695.790402</timestamp>
			</report>
			<report>
				<misses>409900001</misses>
				<total>0</total>
				<timestamp>2696.448867</timestamp>
			</report>
			<report>
				<misses>410000001</misses>
				<total>0</total>
				<timestamp>2697.106488</timestamp>
			</report>
			<report>
				<misses>410100001</misses>
				<total>0</total>
				<timestamp>2697.764039</timestamp>
			</report>
			<report>
				<misses>410200001</misses>
				<total>0</total>
				<timestamp>2698.421941</timestamp>
			</report>
			<report>
				<misses>410300001</misses>
				<total>0</total>
				<timestamp>2699.079624</timestamp>
			</report>
			<report>
				<misses>410400001</misses>
				<total>0</total>
				<timestamp>2699.738058</timestamp>
			</report>
			<report>
				<misses>410500001</misses>
				<total>0</total>
				<timestamp>2700.396150</timestamp>
			</report>
			<report>
				<misses>410600001</misses>
				<total>0</total>
				<timestamp>2701.053345</timestamp>
			</report>
			<report>
				<misses>410700001</misses>
				<total>0</total>
				<timestamp>2701.710863</timestamp>
			</report>
			<report>
				<misses>410800001</misses>
				<total>0</total>
				<timestamp>2702.368448</timestamp>
			</report>
			<report>
				<misses>410900001</misses>
				<total>0</total>
				<timestamp>2703.027128</timestamp>
			</report>
			<report>
				<misses>411000001</misses>
				<total>0</total>
				<timestamp>2703.684632</timestamp>
			</report>
			<report>
				<misses>411100001</misses>
				<total>0</total>
				<timestamp>2704.344889</timestamp>
			</report>
			<report>
				<misses>411200001</misses>
				<total>0</total>
				<timestamp>2705.003719</timestamp>
			</report>
			<report>
				<misses>411300001</misses>
				<total>0</total>
				<timestamp>2705.662760</timestamp>
			</report>
			<report>
				<misses>411400001</misses>
				<total>0</total>
				<timestamp>2706.322330</timestamp>
			</report>
			<report>
				<misses>411500001</misses>
				<total>0</total>
				<timestamp>2706.980816</timestamp>
			</report>
			<report>
				<misses>411600001</misses>
				<total>0</total>
				<timestamp>2707.639664</timestamp>
			</report>
			<report>
				<misses>411700001</misses>
				<total>0</total>
				<timestamp>2708.300116</timestamp>
			</report>
			<report>
				<misses>411800001</misses>
				<total>0</total>
				<timestamp>2708.957586</timestamp>
			</report>
			<report>
				<misses>411900001</misses>
				<total>0</total>
				<timestamp>2709.615812</timestamp>
			</report>
			<report>
				<misses>412000001</misses>
				<total>0</total>
				<timestamp>2710.273772</timestamp>
			</report>
			<report>
				<misses>412100001</misses>
				<total>0</total>
				<timestamp>2710.931898</timestamp>
			</report>
			<report>
				<misses>412200001</misses>
				<total>0</total>
				<timestamp>2711.590472</timestamp>
			</report>
			<report>
				<misses>412300001</misses>
				<total>0</total>
				<timestamp>2712.248736</timestamp>
			</report>
			<report>
				<misses>412400001</misses>
				<total>0</total>
				<timestamp>2712.906787</timestamp>
			</report>
			<report>
				<misses>412500001</misses>
				<total>0</total>
				<timestamp>2713.563559</timestamp>
			</report>
			<report>
				<misses>412600001</misses>
				<total>0</total>
				<timestamp>2714.221264</timestamp>
			</report>
			<report>
				<misses>412700001</misses>
				<total>0</total>
				<timestamp>2714.879255</timestamp>
			</report>
			<report>
				<misses>412800001</misses>
				<total>0</total>
				<timestamp>2715.535942</timestamp>
			</report>
			<report>
				<misses>412900001</misses>
				<total>0</total>
				<timestamp>2716.193623</timestamp>
			</report>
			<report>
				<misses>413000001</misses>
				<total>0</total>
				<timestamp>2716.851400</timestamp>
			</report>
			<report>
				<misses>413100001</misses>
				<total>0</total>
				<timestamp>2717.510326</timestamp>
			</report>
			<report>
				<misses>413200001</misses>
				<total>0</total>
				<timestamp>2718.167684</timestamp>
			</report>
			<report>
				<misses>413300001</misses>
				<total>0</total>
				<timestamp>2718.824577</timestamp>
			</report>
			<report>
				<misses>413400001</misses>
				<total>0</total>
				<timestamp>2719.482095</timestamp>
			</report>
			<report>
				<misses>413500001</misses>
				<total>0</total>
				<timestamp>2720.139542</timestamp>
			</report>
			<report>
				<misses>413600001</misses>
				<total>0</total>
				<timestamp>2720.797674</timestamp>
			</report>
			<report>
				<misses>413700001</misses>
				<total>0</total>
				<timestamp>2721.456016</timestamp>
			</report>
			<report>
				<misses>413800001</misses>
				<total>0</total>
				<timestamp>2722.112439</timestamp>
			</report>
			<report>
				<misses>413900001</misses>
				<total>0</total>
				<timestamp>2722.769069</timestamp>
			</report>
			<report>
				<misses>414000001</misses>
				<total>0</total>
				<timestamp>2723.427058</timestamp>
			</report>
			<report>
				<misses>414100001</misses>
				<total>0</total>
				<timestamp>2724.083884</timestamp>
			</report>
			<report>
				<misses>414200001</misses>
				<total>0</total>
				<timestamp>2724.741362</timestamp>
			</report>
			<report>
				<misses>414300001</misses>
				<total>0</total>
				<timestamp>2725.397421</timestamp>
			</report>
			<report>
				<misses>414400001</misses>
				<total>0</total>
				<timestamp>2726.054684</timestamp>
			</report>
			<report>
				<misses>414500001</misses>
				<total>0</total>
				<timestamp>2726.712993</timestamp>
			</report>
			<report>
				<misses>414600001</misses>
				<total>0</total>
				<timestamp>2727.368748</timestamp>
			</report>
			<report>
				<misses>414700001</misses>
				<total>0</total>
				<timestamp>2728.026901</timestamp>
			</report>
			<report>
				<misses>414800001</misses>
				<total>0</total>
				<timestamp>2728.684380</timestamp>
			</report>
			<report>
				<misses>414900001</misses>
				<total>0</total>
				<timestamp>2729.342122</timestamp>
			</report>
			<report>
				<misses>415000001</misses>
				<total>0</total>
				<timestamp>2729.998205</timestamp>
			</report>
			<report>
				<misses>415100001</misses>
				<total>0</total>
				<timestamp>2730.654988</timestamp>
			</report>
			<report>
				<misses>415200001</misses>
				<total>0</total>
				<timestamp>2731.312766</timestamp>
			</report>
			<report>
				<misses>415300001</misses>
				<total>0</total>
				<timestamp>2731.970707</timestamp>
			</report>
			<report>
				<misses>415400001</misses>
				<total>0</total>
				<timestamp>2732.628198</timestamp>
			</report>
			<report>
				<misses>415500001</misses>
				<total>0</total>
				<timestamp>2733.284298</timestamp>
			</report>
			<report>
				<misses>415600001</misses>
				<total>0</total>
				<timestamp>2733.942303</timestamp>
			</report>
			<report>
				<misses>415700001</misses>
				<total>0</total>
				<timestamp>2734.599544</timestamp>
			</report>
			<report>
				<misses>415800001</misses>
				<total>0</total>
				<timestamp>2735.257993</timestamp>
			</report>
			<report>
				<misses>415900001</misses>
				<total>0</total>
				<timestamp>2735.915777</timestamp>
			</report>
			<report>
				<misses>416000001</misses>
				<total>0</total>
				<timestamp>2736.572335</timestamp>
			</report>
			<report>
				<misses>416100001</misses>
				<total>0</total>
				<timestamp>2737.229280</timestamp>
			</report>
			<report>
				<misses>416200001</misses>
				<total>0</total>
				<timestamp>2737.886317</timestamp>
			</report>
			<report>
				<misses>416300001</misses>
				<total>0</total>
				<timestamp>2738.543327</timestamp>
			</report>
			<report>
				<misses>416400001</misses>
				<total>0</total>
				<timestamp>2739.202541</timestamp>
			</report>
			<report>
				<misses>416500001</misses>
				<total>0</total>
				<timestamp>2739.860618</timestamp>
			</report>
			<report>
				<misses>416600001</misses>
				<total>0</total>
				<timestamp>2740.517885</timestamp>
			</report>
			<report>
				<misses>416700001</misses>
				<total>0</total>
				<timestamp>2741.174808</timestamp>
			</report>
			<report>
				<misses>416800001</misses>
				<total>0</total>
				<timestamp>2741.833374</timestamp>
			</report>
			<report>
				<misses>416900001</misses>
				<total>0</total>
				<timestamp>2742.491991</timestamp>
			</report>
			<report>
				<misses>417000001</misses>
				<total>0</total>
				<timestamp>2743.150857</timestamp>
			</report>
			<report>
				<misses>417100001</misses>
				<total>0</total>
				<timestamp>2743.808681</timestamp>
			</report>
			<report>
				<misses>417200001</misses>
				<total>0</total>
				<timestamp>2744.466104</timestamp>
			</report>
			<report>
				<misses>417300001</misses>
				<total>0</total>
				<timestamp>2745.126363</timestamp>
			</report>
			<report>
				<misses>417400001</misses>
				<total>0</total>
				<timestamp>2745.785969</timestamp>
			</report>
			<report>
				<misses>417500001</misses>
				<total>0</total>
				<timestamp>2746.445716</timestamp>
			</report>
			<report>
				<misses>417600001</misses>
				<total>0</total>
				<timestamp>2747.102873</timestamp>
			</report>
			<report>
				<misses>417700001</misses>
				<total>0</total>
				<timestamp>2747.761799</timestamp>
			</report>
			<report>
				<misses>417800001</misses>
				<total>0</total>
				<timestamp>2748.421250</timestamp>
			</report>
			<report>
				<misses>417900001</misses>
				<total>0</total>
				<timestamp>2749.080112</timestamp>
			</report>
			<report>
				<misses>418000001</misses>
				<total>0</total>
				<timestamp>2749.738710</timestamp>
			</report>
			<report>
				<misses>418100001</misses>
				<total>0</total>
				<timestamp>2750.396528</timestamp>
			</report>
			<report>
				<misses>418200001</misses>
				<total>0</total>
				<timestamp>2751.053668</timestamp>
			</report>
			<report>
				<misses>418300001</misses>
				<total>0</total>
				<timestamp>2751.710100</timestamp>
			</report>
			<report>
				<misses>418400001</misses>
				<total>0</total>
				<timestamp>2752.369109</timestamp>
			</report>
			<report>
				<misses>418500001</misses>
				<total>0</total>
				<timestamp>2753.025707</timestamp>
			</report>
			<report>
				<misses>418600001</misses>
				<total>0</total>
				<timestamp>2753.682844</timestamp>
			</report>
			<report>
				<misses>418700001</misses>
				<total>0</total>
				<timestamp>2754.339971</timestamp>
			</report>
			<report>
				<misses>418800001</misses>
				<total>0</total>
				<timestamp>2754.995854</timestamp>
			</report>
			<report>
				<misses>418900001</misses>
				<total>0</total>
				<timestamp>2755.653015</timestamp>
			</report>
			<report>
				<misses>419000001</misses>
				<total>0</total>
				<timestamp>2756.310110</timestamp>
			</report>
			<report>
				<misses>419100001</misses>
				<total>0</total>
				<timestamp>2756.967605</timestamp>
			</report>
			<report>
				<misses>419200001</misses>
				<total>0</total>
				<timestamp>2757.625178</timestamp>
			</report>
			<report>
				<misses>419300001</misses>
				<total>0</total>
				<timestamp>2758.283411</timestamp>
			</report>
			<report>
				<misses>419400001</misses>
				<total>0</total>
				<timestamp>2758.941010</timestamp>
			</report>
			<report>
				<misses>419500001</misses>
				<total>0</total>
				<timestamp>2759.599243</timestamp>
			</report>
			<report>
				<misses>419600001</misses>
				<total>0</total>
				<timestamp>2760.257005</timestamp>
			</report>
			<report>
				<misses>419700001</misses>
				<total>0</total>
				<timestamp>2760.914785</timestamp>
			</report>
			<report>
				<misses>419800001</misses>
				<total>0</total>
				<timestamp>2761.572745</timestamp>
			</report>
			<report>
				<misses>419900001</misses>
				<total>0</total>
				<timestamp>2762.229743</timestamp>
			</report>
			<report>
				<misses>420000001</misses>
				<total>0</total>
				<timestamp>2762.887228</timestamp>
			</report>
			<report>
				<misses>420100001</misses>
				<total>0</total>
				<timestamp>2763.544004</timestamp>
			</report>
			<report>
				<misses>420200001</misses>
				<total>0</total>
				<timestamp>2764.202259</timestamp>
			</report>
			<report>
				<misses>420300001</misses>
				<total>0</total>
				<timestamp>2764.859794</timestamp>
			</report>
			<report>
				<misses>420400001</misses>
				<total>0</total>
				<timestamp>2765.516870</timestamp>
			</report>
			<report>
				<misses>420500001</misses>
				<total>0</total>
				<timestamp>2766.173836</timestamp>
			</report>
			<report>
				<misses>420600001</misses>
				<total>0</total>
				<timestamp>2766.831243</timestamp>
			</report>
			<report>
				<misses>420700001</misses>
				<total>0</total>
				<timestamp>2767.489227</timestamp>
			</report>
			<report>
				<misses>420800001</misses>
				<total>0</total>
				<timestamp>2768.146324</timestamp>
			</report>
			<report>
				<misses>420900001</misses>
				<total>0</total>
				<timestamp>2768.805239</timestamp>
			</report>
			<report>
				<misses>421000001</misses>
				<total>0</total>
				<timestamp>2769.461363</timestamp>
			</report>
			<report>
				<misses>421100001</misses>
				<total>0</total>
				<timestamp>2770.119684</timestamp>
			</report>
			<report>
				<misses>421200001</misses>
				<total>0</total>
				<timestamp>2770.776521</timestamp>
			</report>
			<report>
				<misses>421300001</misses>
				<total>0</total>
				<timestamp>2771.434589</timestamp>
			</report>
			<report>
				<misses>421400001</misses>
				<total>0</total>
				<timestamp>2772.091351</timestamp>
			</report>
			<report>
				<misses>421500001</misses>
				<total>0</total>
				<timestamp>2772.748904</timestamp>
			</report>
			<report>
				<misses>421600001</misses>
				<total>0</total>
				<timestamp>2773.405564</timestamp>
			</report>
			<report>
				<misses>421700001</misses>
				<total>0</total>
				<timestamp>2774.062608</timestamp>
			</report>
			<report>
				<misses>421800001</misses>
				<total>0</total>
				<timestamp>2774.720555</timestamp>
			</report>
			<report>
				<misses>421900001</misses>
				<total>0</total>
				<timestamp>2775.377978</timestamp>
			</report>
			<report>
				<misses>422000001</misses>
				<total>0</total>
				<timestamp>2776.035080</timestamp>
			</report>
			<report>
				<misses>422100001</misses>
				<total>0</total>
				<timestamp>2776.693433</timestamp>
			</report>
			<report>
				<misses>422200001</misses>
				<total>0</total>
				<timestamp>2777.351045</timestamp>
			</report>
			<report>
				<misses>422300001</misses>
				<total>0</total>
				<timestamp>2778.009061</timestamp>
			</report>
			<report>
				<misses>422400001</misses>
				<total>0</total>
				<timestamp>2778.667124</timestamp>
			</report>
			<report>
				<misses>422500001</misses>
				<total>0</total>
				<timestamp>2779.326073</timestamp>
			</report>
			<report>
				<misses>422600001</misses>
				<total>0</total>
				<timestamp>2779.983603</timestamp>
			</report>
			<report>
				<misses>422700001</misses>
				<total>0</total>
				<timestamp>2780.641479</timestamp>
			</report>
			<report>
				<misses>422800001</misses>
				<total>0</total>
				<timestamp>2781.299128</timestamp>
			</report>
			<report>
				<misses>422900001</misses>
				<total>0</total>
				<timestamp>2781.956213</timestamp>
			</report>
			<report>
				<misses>423000001</misses>
				<total>0</total>
				<timestamp>2782.613645</timestamp>
			</report>
			<report>
				<misses>423100001</misses>
				<total>0</total>
				<timestamp>2783.272203</timestamp>
			</report>
			<report>
				<misses>423200001</misses>
				<total>0</total>
				<timestamp>2783.928571</timestamp>
			</report>
			<report>
				<misses>423300001</misses>
				<total>0</total>
				<timestamp>2784.586370</timestamp>
			</report>
			<report>
				<misses>423400001</misses>
				<total>0</total>
				<timestamp>2785.245196</timestamp>
			</report>
			<report>
				<misses>423500001</misses>
				<total>0</total>
				<timestamp>2785.904580</timestamp>
			</report>
			<report>
				<misses>423600001</misses>
				<total>0</total>
				<timestamp>2786.564209</timestamp>
			</report>
			<report>
				<misses>423700001</misses>
				<total>0</total>
				<timestamp>2787.222741</timestamp>
			</report>
			<report>
				<misses>423800001</misses>
				<total>0</total>
				<timestamp>2787.882839</timestamp>
			</report>
			<report>
				<misses>423900001</misses>
				<total>0</total>
				<timestamp>2788.541849</timestamp>
			</report>
			<report>
				<misses>424000001</misses>
				<total>0</total>
				<timestamp>2789.201353</timestamp>
			</report>
			<report>
				<misses>424100001</misses>
				<total>0</total>
				<timestamp>2789.859839</timestamp>
			</report>
			<report>
				<misses>424200001</misses>
				<total>0</total>
				<timestamp>2790.519839</timestamp>
			</report>
			<report>
				<misses>424300001</misses>
				<total>0</total>
				<timestamp>2791.178124</timestamp>
			</report>
			<report>
				<misses>424400001</misses>
				<total>0</total>
				<timestamp>2791.834956</timestamp>
			</report>
			<report>
				<misses>424500001</misses>
				<total>0</total>
				<timestamp>2792.492741</timestamp>
			</report>
			<report>
				<misses>424600001</misses>
				<total>0</total>
				<timestamp>2793.150940</timestamp>
			</report>
			<report>
				<misses>424700001</misses>
				<total>0</total>
				<timestamp>2793.809505</timestamp>
			</report>
			<report>
				<misses>424800001</misses>
				<total>0</total>
				<timestamp>2794.467137</timestamp>
			</report>
			<report>
				<misses>424900001</misses>
				<total>0</total>
				<timestamp>2795.124120</timestamp>
			</report>
			<report>
				<misses>425000001</misses>
				<total>0</total>
				<timestamp>2795.781728</timestamp>
			</report>
			<report>
				<misses>425100001</misses>
				<total>0</total>
				<timestamp>2796.439793</timestamp>
			</report>
			<report>
				<misses>425200001</misses>
				<total>0</total>
				<timestamp>2797.097955</timestamp>
			</report>
			<report>
				<misses>425300001</misses>
				<total>0</total>
				<timestamp>2797.756658</timestamp>
			</report>
			<report>
				<misses>425400001</misses>
				<total>0</total>
				<timestamp>2798.414555</timestamp>
			</report>
			<report>
				<misses>425500001</misses>
				<total>0</total>
				<timestamp>2799.072241</timestamp>
			</report>
			<report>
				<misses>425600001</misses>
				<total>0</total>
				<timestamp>2799.730001</timestamp>
			</report>
			<report>
				<misses>425700001</misses>
				<total>0</total>
				<timestamp>2800.388225</timestamp>
			</report>
			<report>
				<misses>425800001</misses>
				<total>0</total>
				<timestamp>2801.045569</timestamp>
			</report>
			<report>
				<misses>425900001</misses>
				<total>0</total>
				<timestamp>2801.703111</timestamp>
			</report>
			<report>
				<misses>426000001</misses>
				<total>0</total>
				<timestamp>2802.362259</timestamp>
			</report>
			<report>
				<misses>426100001</misses>
				<total>0</total>
				<timestamp>2803.020509</timestamp>
			</report>
			<report>
				<misses>426200001</misses>
				<total>0</total>
				<timestamp>2803.677962</timestamp>
			</report>
			<report>
				<misses>426300001</misses>
				<total>0</total>
				<timestamp>2804.335415</timestamp>
			</report>
			<report>
				<misses>426400001</misses>
				<total>0</total>
				<timestamp>2804.992939</timestamp>
			</report>
			<report>
				<misses>426500001</misses>
				<total>0</total>
				<timestamp>2805.650595</timestamp>
			</report>
			<report>
				<misses>426600001</misses>
				<total>0</total>
				<timestamp>2806.306763</timestamp>
			</report>
			<report>
				<misses>426700001</misses>
				<total>0</total>
				<timestamp>2806.964608</timestamp>
			</report>
			<report>
				<misses>426800001</misses>
				<total>0</total>
				<timestamp>2807.621218</timestamp>
			</report>
			<report>
				<misses>426900001</misses>
				<total>0</total>
				<timestamp>2808.278963</timestamp>
			</report>
			<report>
				<misses>427000001</misses>
				<total>0</total>
				<timestamp>2808.937317</timestamp>
			</report>
			<report>
				<misses>427100001</misses>
				<total>0</total>
				<timestamp>2809.594470</timestamp>
			</report>
			<report>
				<misses>427200001</misses>
				<total>0</total>
				<timestamp>2810.251618</timestamp>
			</report>
			<report>
				<misses>427300001</misses>
				<total>0</total>
				<timestamp>2810.908076</timestamp>
			</report>
			<report>
				<misses>427400001</misses>
				<total>0</total>
				<timestamp>2811.565927</timestamp>
			</report>
			<report>
				<misses>427500001</misses>
				<total>0</total>
				<timestamp>2812.223984</timestamp>
			</report>
			<report>
				<misses>427600001</misses>
				<total>0</total>
				<timestamp>2812.881823</timestamp>
			</report>
			<report>
				<misses>427700001</misses>
				<total>0</total>
				<timestamp>2813.539867</timestamp>
			</report>
			<report>
				<misses>427800001</misses>
				<total>0</total>
				<timestamp>2814.197601</timestamp>
			</report>
			<report>
				<misses>427900001</misses>
				<total>0</total>
				<timestamp>2814.855461</timestamp>
			</report>
			<report>
				<misses>428000001</misses>
				<total>0</total>
				<timestamp>2815.513156</timestamp>
			</report>
			<report>
				<misses>428100001</misses>
				<total>0</total>
				<timestamp>2816.171451</timestamp>
			</report>
			<report>
				<misses>428200001</misses>
				<total>0</total>
				<timestamp>2816.829088</timestamp>
			</report>
			<report>
				<misses>428300001</misses>
				<total>0</total>
				<timestamp>2817.485839</timestamp>
			</report>
			<report>
				<misses>428400001</misses>
				<total>0</total>
				<timestamp>2818.143954</timestamp>
			</report>
			<report>
				<misses>428500001</misses>
				<total>0</total>
				<timestamp>2818.801388</timestamp>
			</report>
			<report>
				<misses>428600001</misses>
				<total>0</total>
				<timestamp>2819.459219</timestamp>
			</report>
			<report>
				<misses>428700001</misses>
				<total>0</total>
				<timestamp>2820.117088</timestamp>
			</report>
			<report>
				<misses>428800001</misses>
				<total>0</total>
				<timestamp>2820.774982</timestamp>
			</report>
			<report>
				<misses>428900001</misses>
				<total>0</total>
				<timestamp>2821.433439</timestamp>
			</report>
			<report>
				<misses>429000001</misses>
				<total>0</total>
				<timestamp>2822.090336</timestamp>
			</report>
			<report>
				<misses>429100001</misses>
				<total>0</total>
				<timestamp>2822.747131</timestamp>
			</report>
			<report>
				<misses>429200001</misses>
				<total>0</total>
				<timestamp>2823.404926</timestamp>
			</report>
			<report>
				<misses>429300001</misses>
				<total>0</total>
				<timestamp>2824.063543</timestamp>
			</report>
			<report>
				<misses>429400001</misses>
				<total>0</total>
				<timestamp>2824.721798</timestamp>
			</report>
			<report>
				<misses>429500001</misses>
				<total>0</total>
				<timestamp>2825.379578</timestamp>
			</report>
			<report>
				<misses>429600001</misses>
				<total>0</total>
				<timestamp>2826.035789</timestamp>
			</report>
			<report>
				<misses>429700001</misses>
				<total>0</total>
				<timestamp>2826.694894</timestamp>
			</report>
			<report>
				<misses>429800001</misses>
				<total>0</total>
				<timestamp>2827.354148</timestamp>
			</report>
			<report>
				<misses>429900001</misses>
				<total>0</total>
				<timestamp>2828.013091</timestamp>
			</report>
			<report>
				<misses>430000001</misses>
				<total>0</total>
				<timestamp>2828.673233</timestamp>
			</report>
			<report>
				<misses>430100001</misses>
				<total>0</total>
				<timestamp>2829.332605</timestamp>
			</report>
			<report>
				<misses>430200001</misses>
				<total>0</total>
				<timestamp>2829.991485</timestamp>
			</report>
			<report>
				<misses>430300001</misses>
				<total>0</total>
				<timestamp>2830.651210</timestamp>
			</report>
			<report>
				<misses>430400001</misses>
				<total>0</total>
				<timestamp>2831.310059</timestamp>
			</report>
			<report>
				<misses>430500001</misses>
				<total>0</total>
				<timestamp>2831.967734</timestamp>
			</report>
			<report>
				<misses>430600001</misses>
				<total>0</total>
				<timestamp>2832.626427</timestamp>
			</report>
			<report>
				<misses>430700001</misses>
				<total>0</total>
				<timestamp>2833.282849</timestamp>
			</report>
			<report>
				<misses>430800001</misses>
				<total>0</total>
				<timestamp>2833.940588</timestamp>
			</report>
			<report>
				<misses>430900001</misses>
				<total>0</total>
				<timestamp>2834.597505</timestamp>
			</report>
			<report>
				<misses>431000001</misses>
				<total>0</total>
				<timestamp>2835.256324</timestamp>
			</report>
			<report>
				<misses>431100001</misses>
				<total>0</total>
				<timestamp>2835.913690</timestamp>
			</report>
			<report>
				<misses>431200001</misses>
				<total>0</total>
				<timestamp>2836.572755</timestamp>
			</report>
			<report>
				<misses>431300001</misses>
				<total>0</total>
				<timestamp>2837.230102</timestamp>
			</report>
			<report>
				<misses>431400001</misses>
				<total>0</total>
				<timestamp>2837.886784</timestamp>
			</report>
			<report>
				<misses>431500001</misses>
				<total>0</total>
				<timestamp>2838.545350</timestamp>
			</report>
			<report>
				<misses>431600001</misses>
				<total>0</total>
				<timestamp>2839.202786</timestamp>
			</report>
			<report>
				<misses>431700001</misses>
				<total>0</total>
				<timestamp>2839.861287</timestamp>
			</report>
			<report>
				<misses>431800001</misses>
				<total>0</total>
				<timestamp>2840.518911</timestamp>
			</report>
			<report>
				<misses>431900001</misses>
				<total>0</total>
				<timestamp>2841.176460</timestamp>
			</report>
			<report>
				<misses>432000001</misses>
				<total>0</total>
				<timestamp>2841.834657</timestamp>
			</report>
			<report>
				<misses>432100001</misses>
				<total>0</total>
				<timestamp>2842.492639</timestamp>
			</report>
			<report>
				<misses>432200001</misses>
				<total>0</total>
				<timestamp>2843.150960</timestamp>
			</report>
			<report>
				<misses>432300001</misses>
				<total>0</total>
				<timestamp>2843.807563</timestamp>
			</report>
			<report>
				<misses>432400001</misses>
				<total>0</total>
				<timestamp>2844.465314</timestamp>
			</report>
			<report>
				<misses>432500001</misses>
				<total>0</total>
				<timestamp>2845.124020</timestamp>
			</report>
			<report>
				<misses>432600001</misses>
				<total>0</total>
				<timestamp>2845.781377</timestamp>
			</report>
			<report>
				<misses>432700001</misses>
				<total>0</total>
				<timestamp>2846.439761</timestamp>
			</report>
			<report>
				<misses>432800001</misses>
				<total>0</total>
				<timestamp>2847.097826</timestamp>
			</report>
			<report>
				<misses>432900001</misses>
				<total>0</total>
				<timestamp>2847.755713</timestamp>
			</report>
			<report>
				<misses>433000001</misses>
				<total>0</total>
				<timestamp>2848.412831</timestamp>
			</report>
			<report>
				<misses>433100001</misses>
				<total>0</total>
				<timestamp>2849.069771</timestamp>
			</report>
			<report>
				<misses>433200001</misses>
				<total>0</total>
				<timestamp>2849.728224</timestamp>
			</report>
			<report>
				<misses>433300001</misses>
				<total>0</total>
				<timestamp>2850.385905</timestamp>
			</report>
			<report>
				<misses>433400001</misses>
				<total>0</total>
				<timestamp>2851.043112</timestamp>
			</report>
			<report>
				<misses>433500001</misses>
				<total>0</total>
				<timestamp>2851.699588</timestamp>
			</report>
			<report>
				<misses>433600001</misses>
				<total>0</total>
				<timestamp>2852.356725</timestamp>
			</report>
			<report>
				<misses>433700001</misses>
				<total>0</total>
				<timestamp>2853.013562</timestamp>
			</report>
			<report>
				<misses>433800001</misses>
				<total>0</total>
				<timestamp>2853.669410</timestamp>
			</report>
			<report>
				<misses>433900001</misses>
				<total>0</total>
				<timestamp>2854.327699</timestamp>
			</report>
			<report>
				<misses>434000001</misses>
				<total>0</total>
				<timestamp>2854.984491</timestamp>
			</report>
			<report>
				<misses>434100001</misses>
				<total>0</total>
				<timestamp>2855.642103</timestamp>
			</report>
			<report>
				<misses>434200001</misses>
				<total>0</total>
				<timestamp>2856.300088</timestamp>
			</report>
			<report>
				<misses>434300001</misses>
				<total>0</total>
				<timestamp>2856.957361</timestamp>
			</report>
			<report>
				<misses>434400001</misses>
				<total>0</total>
				<timestamp>2857.614484</timestamp>
			</report>
			<report>
				<misses>434500001</misses>
				<total>0</total>
				<timestamp>2858.271238</timestamp>
			</report>
			<report>
				<misses>434600001</misses>
				<total>0</total>
				<timestamp>2858.928922</timestamp>
			</report>
			<report>
				<misses>434700001</misses>
				<total>0</total>
				<timestamp>2859.586191</timestamp>
			</report>
			<report>
				<misses>434800001</misses>
				<total>0</total>
				<timestamp>2860.244145</timestamp>
			</report>
			<report>
				<misses>434900001</misses>
				<total>0</total>
				<timestamp>2860.902228</timestamp>
			</report>
			<report>
				<misses>435000001</misses>
				<total>0</total>
				<timestamp>2861.560561</timestamp>
			</report>
			<report>
				<misses>435100001</misses>
				<total>0</total>
				<timestamp>2862.218980</timestamp>
			</report>
			<report>
				<misses>435200001</misses>
				<total>0</total>
				<timestamp>2862.875694</timestamp>
			</report>
			<report>
				<misses>435300001</misses>
				<total>0</total>
				<timestamp>2863.531896</timestamp>
			</report>
			<report>
				<misses>435400001</misses>
				<total>0</total>
				<timestamp>2864.188953</timestamp>
			</report>
			<report>
				<misses>435500001</misses>
				<total>0</total>
				<timestamp>2864.848234</timestamp>
			</report>
			<report>
				<misses>435600001</misses>
				<total>0</total>
				<timestamp>2865.506151</timestamp>
			</report>
			<report>
				<misses>435700001</misses>
				<total>0</total>
				<timestamp>2866.163388</timestamp>
			</report>
			<report>
				<misses>435800001</misses>
				<total>0</total>
				<timestamp>2866.821967</timestamp>
			</report>
			<report>
				<misses>435900001</misses>
				<total>0</total>
				<timestamp>2867.479930</timestamp>
			</report>
			<report>
				<misses>436000001</misses>
				<total>0</total>
				<timestamp>2868.137179</timestamp>
			</report>
			<report>
				<misses>436100001</misses>
				<total>0</total>
				<timestamp>2868.795432</timestamp>
			</report>
			<report>
				<misses>436200001</misses>
				<total>0</total>
				<timestamp>2869.453425</timestamp>
			</report>
			<report>
				<misses>436300001</misses>
				<total>0</total>
				<timestamp>2870.110567</timestamp>
			</report>
			<report>
				<misses>436400001</misses>
				<total>0</total>
				<timestamp>2870.768702</timestamp>
			</report>
			<report>
				<misses>436500001</misses>
				<total>0</total>
				<timestamp>2871.425946</timestamp>
			</report>
			<report>
				<misses>436600001</misses>
				<total>0</total>
				<timestamp>2872.084840</timestamp>
			</report>
			<report>
				<misses>436700001</misses>
				<total>0</total>
				<timestamp>2872.743707</timestamp>
			</report>
			<report>
				<misses>436800001</misses>
				<total>0</total>
				<timestamp>2873.402717</timestamp>
			</report>
			<report>
				<misses>436900001</misses>
				<total>0</total>
				<timestamp>2874.061789</timestamp>
			</report>
			<report>
				<misses>437000001</misses>
				<total>0</total>
				<timestamp>2874.719109</timestamp>
			</report>
			<report>
				<misses>437100001</misses>
				<total>0</total>
				<timestamp>2875.377161</timestamp>
			</report>
			<report>
				<misses>437200001</misses>
				<total>0</total>
				<timestamp>2876.035320</timestamp>
			</report>
			<report>
				<misses>437300001</misses>
				<total>0</total>
				<timestamp>2876.694119</timestamp>
			</report>
			<report>
				<misses>437400001</misses>
				<total>0</total>
				<timestamp>2877.351247</timestamp>
			</report>
			<report>
				<misses>437500001</misses>
				<total>0</total>
				<timestamp>2878.008786</timestamp>
			</report>
			<report>
				<misses>437600001</misses>
				<total>0</total>
				<timestamp>2878.667298</timestamp>
			</report>
			<report>
				<misses>437700001</misses>
				<total>0</total>
				<timestamp>2879.324752</timestamp>
			</report>
			<report>
				<misses>437800001</misses>
				<total>0</total>
				<timestamp>2879.983068</timestamp>
			</report>
			<report>
				<misses>437900001</misses>
				<total>0</total>
				<timestamp>2880.640375</timestamp>
			</report>
			<report>
				<misses>438000001</misses>
				<total>0</total>
				<timestamp>2881.298856</timestamp>
			</report>
			<report>
				<misses>438100001</misses>
				<total>0</total>
				<timestamp>2881.956645</timestamp>
			</report>
			<report>
				<misses>438200001</misses>
				<total>0</total>
				<timestamp>2882.615063</timestamp>
			</report>
			<report>
				<misses>438300001</misses>
				<total>0</total>
				<timestamp>2883.271663</timestamp>
			</report>
			<report>
				<misses>438400001</misses>
				<total>0</total>
				<timestamp>2883.929337</timestamp>
			</report>
			<report>
				<misses>438500001</misses>
				<total>0</total>
				<timestamp>2884.587605</timestamp>
			</report>
			<report>
				<misses>438600001</misses>
				<total>0</total>
				<timestamp>2885.244337</timestamp>
			</report>
			<report>
				<misses>438700001</misses>
				<total>0</total>
				<timestamp>2885.901738</timestamp>
			</report>
			<report>
				<misses>438800001</misses>
				<total>0</total>
				<timestamp>2886.558749</timestamp>
			</report>
			<report>
				<misses>438900001</misses>
				<total>0</total>
				<timestamp>2887.215576</timestamp>
			</report>
			<report>
				<misses>439000001</misses>
				<total>0</total>
				<timestamp>2887.873221</timestamp>
			</report>
			<report>
				<misses>439100001</misses>
				<total>0</total>
				<timestamp>2888.531644</timestamp>
			</report>
			<report>
				<misses>439200001</misses>
				<total>0</total>
				<timestamp>2889.189257</timestamp>
			</report>
			<report>
				<misses>439300001</misses>
				<total>0</total>
				<timestamp>2889.846390</timestamp>
			</report>
			<report>
				<misses>439400001</misses>
				<total>0</total>
				<timestamp>2890.503344</timestamp>
			</report>
			<report>
				<misses>439500001</misses>
				<total>0</total>
				<timestamp>2891.160398</timestamp>
			</report>
			<report>
				<misses>439600001</misses>
				<total>0</total>
				<timestamp>2891.818382</timestamp>
			</report>
			<report>
				<misses>439700001</misses>
				<total>0</total>
				<timestamp>2892.475339</timestamp>
			</report>
			<report>
				<misses>439800001</misses>
				<total>0</total>
				<timestamp>2893.132997</timestamp>
			</report>
			<report>
				<misses>439900001</misses>
				<total>0</total>
				<timestamp>2893.790680</timestamp>
			</report>
			<report>
				<misses>440000001</misses>
				<total>0</total>
				<timestamp>2894.448414</timestamp>
			</report>
			<report>
				<misses>440100001</misses>
				<total>0</total>
				<timestamp>2895.106372</timestamp>
			</report>
			<report>
				<misses>440200001</misses>
				<total>0</total>
				<timestamp>2895.763714</timestamp>
			</report>
			<report>
				<misses>440300001</misses>
				<total>0</total>
				<timestamp>2896.421086</timestamp>
			</report>
			<report>
				<misses>440400001</misses>
				<total>0</total>
				<timestamp>2897.079673</timestamp>
			</report>
			<report>
				<misses>440500001</misses>
				<total>0</total>
				<timestamp>2897.736543</timestamp>
			</report>
			<report>
				<misses>440600001</misses>
				<total>0</total>
				<timestamp>2898.394850</timestamp>
			</report>
			<report>
				<misses>440700001</misses>
				<total>0</total>
				<timestamp>2899.052908</timestamp>
			</report>
			<report>
				<misses>440800001</misses>
				<total>0</total>
				<timestamp>2899.710735</timestamp>
			</report>
			<report>
				<misses>440900001</misses>
				<total>0</total>
				<timestamp>2900.369074</timestamp>
			</report>
			<report>
				<misses>441000001</misses>
				<total>0</total>
				<timestamp>2901.027403</timestamp>
			</report>
			<report>
				<misses>441100001</misses>
				<total>0</total>
				<timestamp>2901.684901</timestamp>
			</report>
			<report>
				<misses>441200001</misses>
				<total>0</total>
				<timestamp>2902.343793</timestamp>
			</report>
			<report>
				<misses>441300001</misses>
				<total>0</total>
				<timestamp>2903.001229</timestamp>
			</report>
			<report>
				<misses>441400001</misses>
				<total>0</total>
				<timestamp>2903.659128</timestamp>
			</report>
			<report>
				<misses>441500001</misses>
				<total>0</total>
				<timestamp>2904.316227</timestamp>
			</report>
			<report>
				<misses>441600001</misses>
				<total>0</total>
				<timestamp>2904.973537</timestamp>
			</report>
			<report>
				<misses>441700001</misses>
				<total>0</total>
				<timestamp>2905.631728</timestamp>
			</report>
			<report>
				<misses>441800001</misses>
				<total>0</total>
				<timestamp>2906.289481</timestamp>
			</report>
			<report>
				<misses>441900001</misses>
				<total>0</total>
				<timestamp>2906.946607</timestamp>
			</report>
			<report>
				<misses>442000001</misses>
				<total>0</total>
				<timestamp>2907.604672</timestamp>
			</report>
			<report>
				<misses>442100001</misses>
				<total>0</total>
				<timestamp>2908.261858</timestamp>
			</report>
			<report>
				<misses>442200001</misses>
				<total>0</total>
				<timestamp>2908.918927</timestamp>
			</report>
			<report>
				<misses>442300001</misses>
				<total>0</total>
				<timestamp>2909.577813</timestamp>
			</report>
			<report>
				<misses>442400001</misses>
				<total>0</total>
				<timestamp>2910.235899</timestamp>
			</report>
			<report>
				<misses>442500001</misses>
				<total>0</total>
				<timestamp>2910.892222</timestamp>
			</report>
			<report>
				<misses>442600001</misses>
				<total>0</total>
				<timestamp>2911.549848</timestamp>
			</report>
			<report>
				<misses>442700001</misses>
				<total>0</total>
				<timestamp>2912.206927</timestamp>
			</report>
			<report>
				<misses>442800001</misses>
				<total>0</total>
				<timestamp>2912.864328</timestamp>
			</report>
			<report>
				<misses>442900001</misses>
				<total>0</total>
				<timestamp>2913.522067</timestamp>
			</report>
			<report>
				<misses>443000001</misses>
				<total>0</total>
				<timestamp>2914.178182</timestamp>
			</report>
			<report>
				<misses>443100001</misses>
				<total>0</total>
				<timestamp>2914.835307</timestamp>
			</report>
			<report>
				<misses>443200001</misses>
				<total>0</total>
				<timestamp>2915.492530</timestamp>
			</report>
			<report>
				<misses>443300001</misses>
				<total>0</total>
				<timestamp>2916.150096</timestamp>
			</report>
			<report>
				<misses>443400001</misses>
				<total>0</total>
				<timestamp>2916.808550</timestamp>
			</report>
			<report>
				<misses>443500001</misses>
				<total>0</total>
				<timestamp>2917.466822</timestamp>
			</report>
			<report>
				<misses>443600001</misses>
				<total>0</total>
				<timestamp>2918.124242</timestamp>
			</report>
			<report>
				<misses>443700001</misses>
				<total>0</total>
				<timestamp>2918.782847</timestamp>
			</report>
			<report>
				<misses>443800001</misses>
				<total>0</total>
				<timestamp>2919.440858</timestamp>
			</report>
			<report>
				<misses>443900001</misses>
				<total>0</total>
				<timestamp>2920.099274</timestamp>
			</report>
			<report>
				<misses>444000001</misses>
				<total>0</total>
				<timestamp>2920.758642</timestamp>
			</report>
			<report>
				<misses>444100001</misses>
				<total>0</total>
				<timestamp>2921.419261</timestamp>
			</report>
			<report>
				<misses>444200001</misses>
				<total>0</total>
				<timestamp>2922.078449</timestamp>
			</report>
			<report>
				<misses>444300001</misses>
				<total>0</total>
				<timestamp>2922.738266</timestamp>
			</report>
			<report>
				<misses>444400001</misses>
				<total>0</total>
				<timestamp>2923.397175</timestamp>
			</report>
			<report>
				<misses>444500001</misses>
				<total>0</total>
				<timestamp>2924.057180</timestamp>
			</report>
			<report>
				<misses>444600001</misses>
				<total>0</total>
				<timestamp>2924.717005</timestamp>
			</report>
			<report>
				<misses>444700001</misses>
				<total>0</total>
				<timestamp>2925.375986</timestamp>
			</report>
			<report>
				<misses>444800001</misses>
				<total>0</total>
				<timestamp>2926.035624</timestamp>
			</report>
			<report>
				<misses>444900001</misses>
				<total>0</total>
				<timestamp>2926.692894</timestamp>
			</report>
			<report>
				<misses>445000001</misses>
				<total>0</total>
				<timestamp>2927.350658</timestamp>
			</report>
			<report>
				<misses>445100001</misses>
				<total>0</total>
				<timestamp>2928.007251</timestamp>
			</report>
			<report>
				<misses>445200001</misses>
				<total>0</total>
				<timestamp>2928.665277</timestamp>
			</report>
			<report>
				<misses>445300001</misses>
				<total>0</total>
				<timestamp>2929.322171</timestamp>
			</report>
			<report>
				<misses>445400001</misses>
				<total>0</total>
				<timestamp>2929.980495</timestamp>
			</report>
			<report>
				<misses>445500001</misses>
				<total>0</total>
				<timestamp>2930.637556</timestamp>
			</report>
			<report>
				<misses>445600001</misses>
				<total>0</total>
				<timestamp>2931.294854</timestamp>
			</report>
			<report>
				<misses>445700001</misses>
				<total>0</total>
				<timestamp>2931.953492</timestamp>
			</report>
			<report>
				<misses>445800001</misses>
				<total>0</total>
				<timestamp>2932.611970</timestamp>
			</report>
			<report>
				<misses>445900001</misses>
				<total>0</total>
				<timestamp>2933.269859</timestamp>
			</report>
			<report>
				<misses>446000001</misses>
				<total>0</total>
				<timestamp>2933.927998</timestamp>
			</report>
			<report>
				<misses>446100001</misses>
				<total>0</total>
				<timestamp>2934.585953</timestamp>
			</report>
			<report>
				<misses>446200001</misses>
				<total>0</total>
				<timestamp>2935.242571</timestamp>
			</report>
			<report>
				<misses>446300001</misses>
				<total>0</total>
				<timestamp>2935.899810</timestamp>
			</report>
			<report>
				<misses>446400001</misses>
				<total>0</total>
				<timestamp>2936.557927</timestamp>
			</report>
			<report>
				<misses>446500001</misses>
				<total>0</total>
				<timestamp>2937.216145</timestamp>
			</report>
			<report>
				<misses>446600001</misses>
				<total>0</total>
				<timestamp>2937.872639</timestamp>
			</report>
			<report>
				<misses>446700001</misses>
				<total>0</total>
				<timestamp>2938.529976</timestamp>
			</report>
			<report>
				<misses>446800001</misses>
				<total>0</total>
				<timestamp>2939.187783</timestamp>
			</report>
			<report>
				<misses>446900001</misses>
				<total>0</total>
				<timestamp>2939.846079</timestamp>
			</report>
			<report>
				<misses>447000001</misses>
				<total>0</total>
				<timestamp>2940.503136</timestamp>
			</report>
			<report>
				<misses>447100001</misses>
				<total>0</total>
				<timestamp>2941.161203</timestamp>
			</report>
			<report>
				<misses>447200001</misses>
				<total>0</total>
				<timestamp>2941.818760</timestamp>
			</report>
			<report>
				<misses>447300001</misses>
				<total>0</total>
				<timestamp>2942.477846</timestamp>
			</report>
			<report>
				<misses>447400001</misses>
				<total>0</total>
				<timestamp>2943.135978</timestamp>
			</report>
			<report>
				<misses>447500001</misses>
				<total>0</total>
				<timestamp>2943.794300</timestamp>
			</report>
			<report>
				<misses>447600001</misses>
				<total>0</total>
				<timestamp>2944.452352</timestamp>
			</report>
			<report>
				<misses>447700001</misses>
				<total>0</total>
				<timestamp>2945.110417</timestamp>
			</report>
			<report>
				<misses>447800001</misses>
				<total>0</total>
				<timestamp>2945.767414</timestamp>
			</report>
			<report>
				<misses>447900001</misses>
				<total>0</total>
				<timestamp>2946.424783</timestamp>
			</report>
			<report>
				<misses>448000001</misses>
				<total>0</total>
				<timestamp>2947.081701</timestamp>
			</report>
			<report>
				<misses>448100001</misses>
				<total>0</total>
				<timestamp>2947.739236</timestamp>
			</report>
			<report>
				<misses>448200001</misses>
				<total>0</total>
				<timestamp>2948.397781</timestamp>
			</report>
			<report>
				<misses>448300001</misses>
				<total>0</total>
				<timestamp>2949.054883</timestamp>
			</report>
			<report>
				<misses>448400001</misses>
				<total>0</total>
				<timestamp>2949.712927</timestamp>
			</report>
			<report>
				<misses>448500001</misses>
				<total>0</total>
				<timestamp>2950.370890</timestamp>
			</report>
			<report>
				<misses>448600001</misses>
				<total>0</total>
				<timestamp>2951.028223</timestamp>
			</report>
			<report>
				<misses>448700001</misses>
				<total>0</total>
				<timestamp>2951.685417</timestamp>
			</report>
			<report>
				<misses>448800001</misses>
				<total>0</total>
				<timestamp>2952.344273</timestamp>
			</report>
			<report>
				<misses>448900001</misses>
				<total>0</total>
				<timestamp>2953.002471</timestamp>
			</report>
			<report>
				<misses>449000001</misses>
				<total>0</total>
				<timestamp>2953.659861</timestamp>
			</report>
			<report>
				<misses>449100001</misses>
				<total>0</total>
				<timestamp>2954.317851</timestamp>
			</report>
			<report>
				<misses>449200001</misses>
				<total>0</total>
				<timestamp>2954.975913</timestamp>
			</report>
			<report>
				<misses>449300001</misses>
				<total>0</total>
				<timestamp>2955.633427</timestamp>
			</report>
			<report>
				<misses>449400001</misses>
				<total>0</total>
				<timestamp>2956.291529</timestamp>
			</report>
			<report>
				<misses>449500001</misses>
				<total>0</total>
				<timestamp>2956.949559</timestamp>
			</report>
			<report>
				<misses>449600001</misses>
				<total>0</total>
				<timestamp>2957.607957</timestamp>
			</report>
			<report>
				<misses>449700001</misses>
				<total>0</total>
				<timestamp>2958.266550</timestamp>
			</report>
			<report>
				<misses>449800001</misses>
				<total>0</total>
				<timestamp>2958.924356</timestamp>
			</report>
			<report>
				<misses>449900001</misses>
				<total>0</total>
				<timestamp>2959.581451</timestamp>
			</report>
			<report>
				<misses>450000001</misses>
				<total>0</total>
				<timestamp>2960.240488</timestamp>
			</report>
			<report>
				<misses>450100001</misses>
				<total>0</total>
				<timestamp>2960.897257</timestamp>
			</report>
			<report>
				<misses>450200001</misses>
				<total>0</total>
				<timestamp>2961.555489</timestamp>
			</report>
			<report>
				<misses>450300001</misses>
				<total>0</total>
				<timestamp>2962.213694</timestamp>
			</report>
			<report>
				<misses>450400001</misses>
				<total>0</total>
				<timestamp>2962.872625</timestamp>
			</report>
			<report>
				<misses>450500001</misses>
				<total>0</total>
				<timestamp>2963.530467</timestamp>
			</report>
			<report>
				<misses>450600001</misses>
				<total>0</total>
				<timestamp>2964.189327</timestamp>
			</report>
			<report>
				<misses>450700001</misses>
				<total>0</total>
				<timestamp>2964.846258</timestamp>
			</report>
			<report>
				<misses>450800001</misses>
				<total>0</total>
				<timestamp>2965.504984</timestamp>
			</report>
			<report>
				<misses>450900001</misses>
				<total>0</total>
				<timestamp>2966.162183</timestamp>
			</report>
			<report>
				<misses>451000001</misses>
				<total>0</total>
				<timestamp>2966.820372</timestamp>
			</report>
			<report>
				<misses>451100001</misses>
				<total>0</total>
				<timestamp>2967.478941</timestamp>
			</report>
			<report>
				<misses>451200001</misses>
				<total>0</total>
				<timestamp>2968.136621</timestamp>
			</report>
			<report>
				<misses>451300001</misses>
				<total>0</total>
				<timestamp>2968.795319</timestamp>
			</report>
			<report>
				<misses>451400001</misses>
				<total>0</total>
				<timestamp>2969.452308</timestamp>
			</report>
			<report>
				<misses>451500001</misses>
				<total>0</total>
				<timestamp>2970.111965</timestamp>
			</report>
			<report>
				<misses>451600001</misses>
				<total>0</total>
				<timestamp>2970.771352</timestamp>
			</report>
			<report>
				<misses>451700001</misses>
				<total>0</total>
				<timestamp>2971.430879</timestamp>
			</report>
			<report>
				<misses>451800001</misses>
				<total>0</total>
				<timestamp>2972.090351</timestamp>
			</report>
			<report>
				<misses>451900001</misses>
				<total>0</total>
				<timestamp>2972.748288</timestamp>
			</report>
			<report>
				<misses>452000001</misses>
				<total>0</total>
				<timestamp>2973.407081</timestamp>
			</report>
			<report>
				<misses>452100001</misses>
				<total>0</total>
				<timestamp>2974.065701</timestamp>
			</report>
			<report>
				<misses>452200001</misses>
				<total>0</total>
				<timestamp>2974.725199</timestamp>
			</report>
			<report>
				<misses>452300001</misses>
				<total>0</total>
				<timestamp>2975.382076</timestamp>
			</report>
			<report>
				<misses>452400001</misses>
				<total>0</total>
				<timestamp>2976.038972</timestamp>
			</report>
			<report>
				<misses>452500001</misses>
				<total>0</total>
				<timestamp>2976.697245</timestamp>
			</report>
			<report>
				<misses>452600001</misses>
				<total>0</total>
				<timestamp>2977.355879</timestamp>
			</report>
			<report>
				<misses>452700001</misses>
				<total>0</total>
				<timestamp>2978.012224</timestamp>
			</report>
			<report>
				<misses>452800001</misses>
				<total>0</total>
				<timestamp>2978.670064</timestamp>
			</report>
			<report>
				<misses>452900001</misses>
				<total>0</total>
				<timestamp>2979.327997</timestamp>
			</report>
			<report>
				<misses>453000001</misses>
				<total>0</total>
				<timestamp>2979.985365</timestamp>
			</report>
			<report>
				<misses>453100001</misses>
				<total>0</total>
				<timestamp>2980.643534</timestamp>
			</report>
			<report>
				<misses>453200001</misses>
				<total>0</total>
				<timestamp>2981.301497</timestamp>
			</report>
			<report>
				<misses>453300001</misses>
				<total>0</total>
				<timestamp>2981.958424</timestamp>
			</report>
			<report>
				<misses>453400001</misses>
				<total>0</total>
				<timestamp>2982.615798</timestamp>
			</report>
			<report>
				<misses>453500001</misses>
				<total>0</total>
				<timestamp>2983.273882</timestamp>
			</report>
			<report>
				<misses>453600001</misses>
				<total>0</total>
				<timestamp>2983.931978</timestamp>
			</report>
			<report>
				<misses>453700001</misses>
				<total>0</total>
				<timestamp>2984.590069</timestamp>
			</report>
			<report>
				<misses>453800001</misses>
				<total>0</total>
				<timestamp>2985.248431</timestamp>
			</report>
			<report>
				<misses>453900001</misses>
				<total>0</total>
				<timestamp>2985.906508</timestamp>
			</report>
			<report>
				<misses>454000001</misses>
				<total>0</total>
				<timestamp>2986.565294</timestamp>
			</report>
			<report>
				<misses>454100001</misses>
				<total>0</total>
				<timestamp>2987.223385</timestamp>
			</report>
			<report>
				<misses>454200001</misses>
				<total>0</total>
				<timestamp>2987.881056</timestamp>
			</report>
			<report>
				<misses>454300001</misses>
				<total>0</total>
				<timestamp>2988.539118</timestamp>
			</report>
			<report>
				<misses>454400001</misses>
				<total>0</total>
				<timestamp>2989.196747</timestamp>
			</report>
			<report>
				<misses>454500001</misses>
				<total>0</total>
				<timestamp>2989.855179</timestamp>
			</report>
			<report>
				<misses>454600001</misses>
				<total>0</total>
				<timestamp>2990.513637</timestamp>
			</report>
			<report>
				<misses>454700001</misses>
				<total>0</total>
				<timestamp>2991.171028</timestamp>
			</report>
			<report>
				<misses>454800001</misses>
				<total>0</total>
				<timestamp>2991.829484</timestamp>
			</report>
			<report>
				<misses>454900001</misses>
				<total>0</total>
				<timestamp>2992.487265</timestamp>
			</report>
			<report>
				<misses>455000001</misses>
				<total>0</total>
				<timestamp>2993.145306</timestamp>
			</report>
			<report>
				<misses>455100001</misses>
				<total>0</total>
				<timestamp>2993.803134</timestamp>
			</report>
			<report>
				<misses>455200001</misses>
				<total>0</total>
				<timestamp>2994.461024</timestamp>
			</report>
			<report>
				<misses>455300001</misses>
				<total>0</total>
				<timestamp>2995.118386</timestamp>
			</report>
			<report>
				<misses>455400001</misses>
				<total>0</total>
				<timestamp>2995.776607</timestamp>
			</report>
			<report>
				<misses>455500001</misses>
				<total>0</total>
				<timestamp>2996.434576</timestamp>
			</report>
			<report>
				<misses>455600001</misses>
				<total>0</total>
				<timestamp>2997.092195</timestamp>
			</report>
			<report>
				<misses>455700001</misses>
				<total>0</total>
				<timestamp>2997.750784</timestamp>
			</report>
			<report>
				<misses>455800001</misses>
				<total>0</total>
				<timestamp>2998.409486</timestamp>
			</report>
			<report>
				<misses>455900001</misses>
				<total>0</total>
				<timestamp>2999.066293</timestamp>
			</report>
			<report>
				<misses>456000001</misses>
				<total>0</total>
				<timestamp>2999.723267</timestamp>
			</report>
			<report>
				<misses>456100001</misses>
				<total>0</total>
				<timestamp>3000.382464</timestamp>
			</report>
			<report>
				<misses>456200001</misses>
				<total>0</total>
				<timestamp>3001.040980</timestamp>
			</report>
			<report>
				<misses>456300001</misses>
				<total>0</total>
				<timestamp>3001.698467</timestamp>
			</report>
			<report>
				<misses>456400001</misses>
				<total>0</total>
				<timestamp>3002.356149</timestamp>
			</report>
			<report>
				<misses>456500001</misses>
				<total>0</total>
				<timestamp>3003.013317</timestamp>
			</report>
			<report>
				<misses>456600001</misses>
				<total>0</total>
				<timestamp>3003.670880</timestamp>
			</report>
			<report>
				<misses>456700001</misses>
				<total>0</total>
				<timestamp>3004.328595</timestamp>
			</report>
			<report>
				<misses>456800001</misses>
				<total>0</total>
				<timestamp>3004.986756</timestamp>
			</report>
			<report>
				<misses>456900001</misses>
				<total>0</total>
				<timestamp>3005.644282</timestamp>
			</report>
			<report>
				<misses>457000001</misses>
				<total>0</total>
				<timestamp>3006.301860</timestamp>
			</report>
			<report>
				<misses>457100001</misses>
				<total>0</total>
				<timestamp>3006.958295</timestamp>
			</report>
			<report>
				<misses>457200001</misses>
				<total>0</total>
				<timestamp>3007.617336</timestamp>
			</report>
			<report>
				<misses>457300001</misses>
				<total>0</total>
				<timestamp>3008.275586</timestamp>
			</report>
			<report>
				<misses>457400001</misses>
				<total>0</total>
				<timestamp>3008.933542</timestamp>
			</report>
			<report>
				<misses>457500001</misses>
				<total>0</total>
				<timestamp>3009.590741</timestamp>
			</report>
			<report>
				<misses>457600001</misses>
				<total>0</total>
				<timestamp>3010.248437</timestamp>
			</report>
			<report>
				<misses>457700001</misses>
				<total>0</total>
				<timestamp>3010.906493</timestamp>
			</report>
			<report>
				<misses>457800001</misses>
				<total>0</total>
				<timestamp>3011.563642</timestamp>
			</report>
			<report>
				<misses>457900001</misses>
				<total>0</total>
				<timestamp>3012.221361</timestamp>
			</report>
			<report>
				<misses>458000001</misses>
				<total>0</total>
				<timestamp>3012.879665</timestamp>
			</report>
			<report>
				<misses>458100001</misses>
				<total>0</total>
				<timestamp>3013.536915</timestamp>
			</report>
			<report>
				<misses>458200001</misses>
				<total>0</total>
				<timestamp>3014.194636</timestamp>
			</report>
			<report>
				<misses>458300001</misses>
				<total>0</total>
				<timestamp>3014.852560</timestamp>
			</report>
			<report>
				<misses>458400001</misses>
				<total>0</total>
				<timestamp>3015.510724</timestamp>
			</report>
			<report>
				<misses>458500001</misses>
				<total>0</total>
				<timestamp>3016.168012</timestamp>
			</report>
			<report>
				<misses>458600001</misses>
				<total>0</total>
				<timestamp>3016.824490</timestamp>
			</report>
			<report>
				<misses>458700001</misses>
				<total>0</total>
				<timestamp>3017.481608</timestamp>
			</report>
			<report>
				<misses>458800001</misses>
				<total>0</total>
				<timestamp>3018.137982</timestamp>
			</report>
			<report>
				<misses>458900001</misses>
				<total>0</total>
				<timestamp>3018.796099</timestamp>
			</report>
			<report>
				<misses>459000001</misses>
				<total>0</total>
				<timestamp>3019.454758</timestamp>
			</report>
			<report>
				<misses>459100001</misses>
				<total>0</total>
				<timestamp>3020.114994</timestamp>
			</report>
			<report>
				<misses>459200001</misses>
				<total>0</total>
				<timestamp>3020.773947</timestamp>
			</report>
			<report>
				<misses>459300001</misses>
				<total>0</total>
				<timestamp>3021.432663</timestamp>
			</report>
			<report>
				<misses>459400001</misses>
				<total>0</total>
				<timestamp>3022.092147</timestamp>
			</report>
			<report>
				<misses>459500001</misses>
				<total>0</total>
				<timestamp>3022.752033</timestamp>
			</report>
			<report>
				<misses>459600001</misses>
				<total>0</total>
				<timestamp>3023.411757</timestamp>
			</report>
			<report>
				<misses>459700001</misses>
				<total>0</total>
				<timestamp>3024.071109</timestamp>
			</report>
			<report>
				<misses>459800001</misses>
				<total>0</total>
				<timestamp>3024.728801</timestamp>
			</report>
			<report>
				<misses>459900001</misses>
				<total>0</total>
				<timestamp>3025.386090</timestamp>
			</report>
			<report>
				<misses>460000001</misses>
				<total>0</total>
				<timestamp>3026.043898</timestamp>
			</report>
			<report>
				<misses>460100001</misses>
				<total>0</total>
				<timestamp>3026.700958</timestamp>
			</report>
			<report>
				<misses>460200001</misses>
				<total>0</total>
				<timestamp>3027.358798</timestamp>
			</report>
			<report>
				<misses>460300001</misses>
				<total>0</total>
				<timestamp>3028.016187</timestamp>
			</report>
			<report>
				<misses>460400001</misses>
				<total>0</total>
				<timestamp>3028.673224</timestamp>
			</report>
			<report>
				<misses>460500001</misses>
				<total>0</total>
				<timestamp>3029.331973</timestamp>
			</report>
			<report>
				<misses>460600001</misses>
				<total>0</total>
				<timestamp>3029.990451</timestamp>
			</report>
			<report>
				<misses>460700001</misses>
				<total>0</total>
				<timestamp>3030.648462</timestamp>
			</report>
			<report>
				<misses>460800001</misses>
				<total>0</total>
				<timestamp>3031.306017</timestamp>
			</report>
			<report>
				<misses>460900001</misses>
				<total>0</total>
				<timestamp>3031.964010</timestamp>
			</report>
			<report>
				<misses>461000001</misses>
				<total>0</total>
				<timestamp>3032.621828</timestamp>
			</report>
			<report>
				<misses>461100001</misses>
				<total>0</total>
				<timestamp>3033.279231</timestamp>
			</report>
			<report>
				<misses>461200001</misses>
				<total>0</total>
				<timestamp>3033.936488</timestamp>
			</report>
			<report>
				<misses>461300001</misses>
				<total>0</total>
				<timestamp>3034.594080</timestamp>
			</report>
			<report>
				<misses>461400001</misses>
				<total>0</total>
				<timestamp>3035.250659</timestamp>
			</report>
			<report>
				<misses>461500001</misses>
				<total>0</total>
				<timestamp>3035.908432</timestamp>
			</report>
			<report>
				<misses>461600001</misses>
				<total>0</total>
				<timestamp>3036.566286</timestamp>
			</report>
			<report>
				<misses>461700001</misses>
				<total>0</total>
				<timestamp>3037.224561</timestamp>
			</report>
			<report>
				<misses>461800001</misses>
				<total>0</total>
				<timestamp>3037.883397</timestamp>
			</report>
			<report>
				<misses>461900001</misses>
				<total>0</total>
				<timestamp>3038.541296</timestamp>
			</report>
			<report>
				<misses>462000001</misses>
				<total>0</total>
				<timestamp>3039.198878</timestamp>
			</report>
			<report>
				<misses>462100001</misses>
				<total>0</total>
				<timestamp>3039.857447</timestamp>
			</report>
			<report>
				<misses>462200001</misses>
				<total>0</total>
				<timestamp>3040.515642</timestamp>
			</report>
			<report>
				<misses>462300001</misses>
				<total>0</total>
				<timestamp>3041.173194</timestamp>
			</report>
			<report>
				<misses>462400001</misses>
				<total>0</total>
				<timestamp>3041.830789</timestamp>
			</report>
			<report>
				<misses>462500001</misses>
				<total>0</total>
				<timestamp>3042.489511</timestamp>
			</report>
			<report>
				<misses>462600001</misses>
				<total>0</total>
				<timestamp>3043.146898</timestamp>
			</report>
			<report>
				<misses>462700001</misses>
				<total>0</total>
				<timestamp>3043.804681</timestamp>
			</report>
			<report>
				<misses>462800001</misses>
				<total>0</total>
				<timestamp>3044.462635</timestamp>
			</report>
			<report>
				<misses>462900001</misses>
				<total>0</total>
				<timestamp>3045.119943</timestamp>
			</report>
			<report>
				<misses>463000001</misses>
				<total>0</total>
				<timestamp>3045.778112</timestamp>
			</report>
			<report>
				<misses>463100001</misses>
				<total>0</total>
				<timestamp>3046.436297</timestamp>
			</report>
			<report>
				<misses>463200001</misses>
				<total>0</total>
				<timestamp>3047.094458</timestamp>
			</report>
			<report>
				<misses>463300001</misses>
				<total>0</total>
				<timestamp>3047.752245</timestamp>
			</report>
			<report>
				<misses>463400001</misses>
				<total>0</total>
				<timestamp>3048.410869</timestamp>
			</report>
			<report>
				<misses>463500001</misses>
				<total>0</total>
				<timestamp>3049.068150</timestamp>
			</report>
			<report>
				<misses>463600001</misses>
				<total>0</total>
				<timestamp>3049.727082</timestamp>
			</report>
			<report>
				<misses>463700001</misses>
				<total>0</total>
				<timestamp>3050.384603</timestamp>
			</report>
			<report>
				<misses>463800001</misses>
				<total>0</total>
				<timestamp>3051.041562</timestamp>
			</report>
			<report>
				<misses>463900001</misses>
				<total>0</total>
				<timestamp>3051.700103</timestamp>
			</report>
			<report>
				<misses>464000001</misses>
				<total>0</total>
				<timestamp>3052.358002</timestamp>
			</report>
			<report>
				<misses>464100001</misses>
				<total>0</total>
				<timestamp>3053.014618</timestamp>
			</report>
			<report>
				<misses>464200001</misses>
				<total>0</total>
				<timestamp>3053.672391</timestamp>
			</report>
			<report>
				<misses>464300001</misses>
				<total>0</total>
				<timestamp>3054.330360</timestamp>
			</report>
			<report>
				<misses>464400001</misses>
				<total>0</total>
				<timestamp>3054.986417</timestamp>
			</report>
			<report>
				<misses>464500001</misses>
				<total>0</total>
				<timestamp>3055.644789</timestamp>
			</report>
			<report>
				<misses>464600001</misses>
				<total>0</total>
				<timestamp>3056.303045</timestamp>
			</report>
			<report>
				<misses>464700001</misses>
				<total>0</total>
				<timestamp>3056.961002</timestamp>
			</report>
			<report>
				<misses>464800001</misses>
				<total>0</total>
				<timestamp>3057.618656</timestamp>
			</report>
			<report>
				<misses>464900001</misses>
				<total>0</total>
				<timestamp>3058.277285</timestamp>
			</report>
			<report>
				<misses>465000001</misses>
				<total>0</total>
				<timestamp>3058.934841</timestamp>
			</report>
			<report>
				<misses>465100001</misses>
				<total>0</total>
				<timestamp>3059.593539</timestamp>
			</report>
			<report>
				<misses>465200001</misses>
				<total>0</total>
				<timestamp>3060.250631</timestamp>
			</report>
			<report>
				<misses>465300001</misses>
				<total>0</total>
				<timestamp>3060.908665</timestamp>
			</report>
			<report>
				<misses>465400001</misses>
				<total>0</total>
				<timestamp>3061.566648</timestamp>
			</report>
			<report>
				<misses>465500001</misses>
				<total>0</total>
				<timestamp>3062.223800</timestamp>
			</report>
			<report>
				<misses>465600001</misses>
				<total>0</total>
				<timestamp>3062.881428</timestamp>
			</report>
			<report>
				<misses>465700001</misses>
				<total>0</total>
				<timestamp>3063.539317</timestamp>
			</report>
			<report>
				<misses>465800001</misses>
				<total>0</total>
				<timestamp>3064.197059</timestamp>
			</report>
			<report>
				<misses>465900001</misses>
				<total>0</total>
				<timestamp>3064.855111</timestamp>
			</report>
			<report>
				<misses>466000001</misses>
				<total>0</total>
				<timestamp>3065.513214</timestamp>
			</report>
			<report>
				<misses>466100001</misses>
				<total>0</total>
				<timestamp>3066.170362</timestamp>
			</report>
			<report>
				<misses>466200001</misses>
				<total>0</total>
				<timestamp>3066.827706</timestamp>
			</report>
			<report>
				<misses>466300001</misses>
				<total>0</total>
				<timestamp>3067.484548</timestamp>
			</report>
			<report>
				<misses>466400001</misses>
				<total>0</total>
				<timestamp>3068.142685</timestamp>
			</report>
			<report>
				<misses>466500001</misses>
				<total>0</total>
				<timestamp>3068.802242</timestamp>
			</report>
			<report>
				<misses>466600001</misses>
				<total>0</total>
				<timestamp>3069.461296</timestamp>
			</report>
			<report>
				<misses>466700001</misses>
				<total>0</total>
				<timestamp>3070.121564</timestamp>
			</report>
			<report>
				<misses>466800001</misses>
				<total>0</total>
				<timestamp>3070.780465</timestamp>
			</report>
			<report>
				<misses>466900001</misses>
				<total>0</total>
				<timestamp>3071.440565</timestamp>
			</report>
			<report>
				<misses>467000001</misses>
				<total>0</total>
				<timestamp>3072.098877</timestamp>
			</report>
			<report>
				<misses>467100001</misses>
				<total>0</total>
				<timestamp>3072.757232</timestamp>
			</report>
			<report>
				<misses>467200001</misses>
				<total>0</total>
				<timestamp>3073.413920</timestamp>
			</report>
			<report>
				<misses>467300001</misses>
				<total>0</total>
				<timestamp>3074.069889</timestamp>
			</report>
			<report>
				<misses>467400001</misses>
				<total>0</total>
				<timestamp>3074.726899</timestamp>
			</report>
			<report>
				<misses>467500001</misses>
				<total>0</total>
				<timestamp>3075.384181</timestamp>
			</report>
			<report>
				<misses>467600001</misses>
				<total>0</total>
				<timestamp>3076.042317</timestamp>
			</report>
			<report>
				<misses>467700001</misses>
				<total>0</total>
				<timestamp>3076.699921</timestamp>
			</report>
			<report>
				<misses>467800001</misses>
				<total>0</total>
				<timestamp>3077.358610</timestamp>
			</report>
			<report>
				<misses>467900001</misses>
				<total>0</total>
				<timestamp>3078.016417</timestamp>
			</report>
			<report>
				<misses>468000001</misses>
				<total>0</total>
				<timestamp>3078.673813</timestamp>
			</report>
			<report>
				<misses>468100001</misses>
				<total>0</total>
				<timestamp>3079.331801</timestamp>
			</report>
			<report>
				<misses>468200001</misses>
				<total>0</total>
				<timestamp>3079.988771</timestamp>
			</report>
			<report>
				<misses>468300001</misses>
				<total>0</total>
				<timestamp>3080.647364</timestamp>
			</report>
			<report>
				<misses>468400001</misses>
				<total>0</total>
				<timestamp>3081.306030</timestamp>
			</report>
			<report>
				<misses>468500001</misses>
				<total>0</total>
				<timestamp>3081.964072</timestamp>
			</report>
			<report>
				<misses>468600001</misses>
				<total>0</total>
				<timestamp>3082.621286</timestamp>
			</report>
			<report>
				<misses>468700001</misses>
				<total>0</total>
				<timestamp>3083.278460</timestamp>
			</report>
			<report>
				<misses>468800001</misses>
				<total>0</total>
				<timestamp>3083.935607</timestamp>
			</report>
			<report>
				<misses>468900001</misses>
				<total>0</total>
				<timestamp>3084.592144</timestamp>
			</report>
			<report>
				<misses>469000001</misses>
				<total>0</total>
				<timestamp>3085.249552</timestamp>
			</report>
			<report>
				<misses>469100001</misses>
				<total>0</total>
				<timestamp>3085.908025</timestamp>
			</report>
			<report>
				<misses>469200001</misses>
				<total>0</total>
				<timestamp>3086.565229</timestamp>
			</report>
			<report>
				<misses>469300001</misses>
				<total>0</total>
				<timestamp>3087.222582</timestamp>
			</report>
			<report>
				<misses>469400001</misses>
				<total>0</total>
				<timestamp>3087.880777</timestamp>
			</report>
			<report>
				<misses>469500001</misses>
				<total>0</total>
				<timestamp>3088.538386</timestamp>
			</report>
			<report>
				<misses>469600001</misses>
				<total>0</total>
				<timestamp>3089.195708</timestamp>
			</report>
			<report>
				<misses>469700001</misses>
				<total>0</total>
				<timestamp>3089.853330</timestamp>
			</report>
			<report>
				<misses>469800001</misses>
				<total>0</total>
				<timestamp>3090.510047</timestamp>
			</report>
			<report>
				<misses>469900001</misses>
				<total>0</total>
				<timestamp>3091.168535</timestamp>
			</report>
			<report>
				<misses>470000001</misses>
				<total>0</total>
				<timestamp>3091.825638</timestamp>
			</report>
			<report>
				<misses>470100001</misses>
				<total>0</total>
				<timestamp>3092.482791</timestamp>
			</report>
			<report>
				<misses>470200001</misses>
				<total>0</total>
				<timestamp>3093.141516</timestamp>
			</report>
			<report>
				<misses>470300001</misses>
				<total>0</total>
				<timestamp>3093.799791</timestamp>
			</report>
			<report>
				<misses>470400001</misses>
				<total>0</total>
				<timestamp>3094.457174</timestamp>
			</report>
			<report>
				<misses>470500001</misses>
				<total>0</total>
				<timestamp>3095.115677</timestamp>
			</report>
			<report>
				<misses>470600001</misses>
				<total>0</total>
				<timestamp>3095.774071</timestamp>
			</report>
			<report>
				<misses>470700001</misses>
				<total>0</total>
				<timestamp>3096.431361</timestamp>
			</report>
			<report>
				<misses>470800001</misses>
				<total>0</total>
				<timestamp>3097.088896</timestamp>
			</report>
			<report>
				<misses>470900001</misses>
				<total>0</total>
				<timestamp>3097.746459</timestamp>
			</report>
			<report>
				<misses>471000001</misses>
				<total>0</total>
				<timestamp>3098.404044</timestamp>
			</report>
			<report>
				<misses>471100001</misses>
				<total>0</total>
				<timestamp>3099.061404</timestamp>
			</report>
			<report>
				<misses>471200001</misses>
				<total>0</total>
				<timestamp>3099.719507</timestamp>
			</report>
			<report>
				<misses>471300001</misses>
				<total>0</total>
				<timestamp>3100.376939</timestamp>
			</report>
			<report>
				<misses>471400001</misses>
				<total>0</total>
				<timestamp>3101.035132</timestamp>
			</report>
			<report>
				<misses>471500001</misses>
				<total>0</total>
				<timestamp>3101.692623</timestamp>
			</report>
			<report>
				<misses>471600001</misses>
				<total>0</total>
				<timestamp>3102.351369</timestamp>
			</report>
			<report>
				<misses>471700001</misses>
				<total>0</total>
				<timestamp>3103.009580</timestamp>
			</report>
			<report>
				<misses>471800001</misses>
				<total>0</total>
				<timestamp>3103.667439</timestamp>
			</report>
			<report>
				<misses>471900001</misses>
				<total>0</total>
				<timestamp>3104.325148</timestamp>
			</report>
			<report>
				<misses>472000001</misses>
				<total>0</total>
				<timestamp>3104.982931</timestamp>
			</report>
			<report>
				<misses>472100001</misses>
				<total>0</total>
				<timestamp>3105.640953</timestamp>
			</report>
			<report>
				<misses>472200001</misses>
				<total>0</total>
				<timestamp>3106.298477</timestamp>
			</report>
			<report>
				<misses>472300001</misses>
				<total>0</total>
				<timestamp>3106.957464</timestamp>
			</report>
			<report>
				<misses>472400001</misses>
				<total>0</total>
				<timestamp>3107.615272</timestamp>
			</report>
			<report>
				<misses>472500001</misses>
				<total>0</total>
				<timestamp>3108.271917</timestamp>
			</report>
			<report>
				<misses>472600001</misses>
				<total>0</total>
				<timestamp>3108.930919</timestamp>
			</report>
			<report>
				<misses>472700001</misses>
				<total>0</total>
				<timestamp>3109.588209</timestamp>
			</report>
			<report>
				<misses>472800001</misses>
				<total>0</total>
				<timestamp>3110.245967</timestamp>
			</report>
			<report>
				<misses>472900001</misses>
				<total>0</total>
				<timestamp>3110.903442</timestamp>
			</report>
			<report>
				<misses>473000001</misses>
				<total>0</total>
				<timestamp>3111.561308</timestamp>
			</report>
			<report>
				<misses>473100001</misses>
				<total>0</total>
				<timestamp>3112.219757</timestamp>
			</report>
			<report>
				<misses>473200001</misses>
				<total>0</total>
				<timestamp>3112.877388</timestamp>
			</report>
			<report>
				<misses>473300001</misses>
				<total>0</total>
				<timestamp>3113.535232</timestamp>
			</report>
			<report>
				<misses>473400001</misses>
				<total>0</total>
				<timestamp>3114.194072</timestamp>
			</report>
			<report>
				<misses>473500001</misses>
				<total>0</total>
				<timestamp>3114.851782</timestamp>
			</report>
			<report>
				<misses>473600001</misses>
				<total>0</total>
				<timestamp>3115.509133</timestamp>
			</report>
			<report>
				<misses>473700001</misses>
				<total>0</total>
				<timestamp>3116.167070</timestamp>
			</report>
			<report>
				<misses>473800001</misses>
				<total>0</total>
				<timestamp>3116.825214</timestamp>
			</report>
			<report>
				<misses>473900001</misses>
				<total>0</total>
				<timestamp>3117.483579</timestamp>
			</report>
			<report>
				<misses>474000001</misses>
				<total>0</total>
				<timestamp>3118.142363</timestamp>
			</report>
			<report>
				<misses>474100001</misses>
				<total>0</total>
				<timestamp>3118.801459</timestamp>
			</report>
			<report>
				<misses>474200001</misses>
				<total>0</total>
				<timestamp>3119.460632</timestamp>
			</report>
			<report>
				<misses>474300001</misses>
				<total>0</total>
				<timestamp>3120.118998</timestamp>
			</report>
			<report>
				<misses>474400001</misses>
				<total>0</total>
				<timestamp>3120.777653</timestamp>
			</report>
			<report>
				<misses>474500001</misses>
				<total>0</total>
				<timestamp>3121.437676</timestamp>
			</report>
			<report>
				<misses>474600001</misses>
				<total>0</total>
				<timestamp>3122.095334</timestamp>
			</report>
			<report>
				<misses>474700001</misses>
				<total>0</total>
				<timestamp>3122.752954</timestamp>
			</report>
			<report>
				<misses>474800001</misses>
				<total>0</total>
				<timestamp>3123.410401</timestamp>
			</report>
			<report>
				<misses>474900001</misses>
				<total>0</total>
				<timestamp>3124.067542</timestamp>
			</report>
			<report>
				<misses>475000001</misses>
				<total>0</total>
				<timestamp>3124.726227</timestamp>
			</report>
			<report>
				<misses>475100001</misses>
				<total>0</total>
				<timestamp>3125.384476</timestamp>
			</report>
			<report>
				<misses>475200001</misses>
				<total>0</total>
				<timestamp>3126.042461</timestamp>
			</report>
			<report>
				<misses>475300001</misses>
				<total>0</total>
				<timestamp>3126.699754</timestamp>
			</report>
			<report>
				<misses>475400001</misses>
				<total>0</total>
				<timestamp>3127.358037</timestamp>
			</report>
			<report>
				<misses>475500001</misses>
				<total>0</total>
				<timestamp>3128.014468</timestamp>
			</report>
			<report>
				<misses>475600001</misses>
				<total>0</total>
				<timestamp>3128.671612</timestamp>
			</report>
			<report>
				<misses>475700001</misses>
				<total>0</total>
				<timestamp>3129.330175</timestamp>
			</report>
			<report>
				<misses>475800001</misses>
				<total>0</total>
				<timestamp>3129.988317</timestamp>
			</report>
			<report>
				<misses>475900001</misses>
				<total>0</total>
				<timestamp>3130.646600</timestamp>
			</report>
			<report>
				<misses>476000001</misses>
				<total>0</total>
				<timestamp>3131.305327</timestamp>
			</report>
			<report>
				<misses>476100001</misses>
				<total>0</total>
				<timestamp>3131.962800</timestamp>
			</report>
			<report>
				<misses>476200001</misses>
				<total>0</total>
				<timestamp>3132.620799</timestamp>
			</report>
			<report>
				<misses>476300001</misses>
				<total>0</total>
				<timestamp>3133.278603</timestamp>
			</report>
			<report>
				<misses>476400001</misses>
				<total>0</total>
				<timestamp>3133.936328</timestamp>
			</report>
			<report>
				<misses>476500001</misses>
				<total>0</total>
				<timestamp>3134.594357</timestamp>
			</report>
			<report>
				<misses>476600001</misses>
				<total>0</total>
				<timestamp>3135.252491</timestamp>
			</report>
			<report>
				<misses>476700001</misses>
				<total>0</total>
				<timestamp>3135.909661</timestamp>
			</report>
			<report>
				<misses>476800001</misses>
				<total>0</total>
				<timestamp>3136.567106</timestamp>
			</report>
			<report>
				<misses>476900001</misses>
				<total>0</total>
				<timestamp>3137.224735</timestamp>
			</report>
			<report>
				<misses>477000001</misses>
				<total>0</total>
				<timestamp>3137.881425</timestamp>
			</report>
			<report>
				<misses>477100001</misses>
				<total>0</total>
				<timestamp>3138.539437</timestamp>
			</report>
			<report>
				<misses>477200001</misses>
				<total>0</total>
				<timestamp>3139.196409</timestamp>
			</report>
			<report>
				<misses>477300001</misses>
				<total>0</total>
				<timestamp>3139.854690</timestamp>
			</report>
			<report>
				<misses>477400001</misses>
				<total>0</total>
				<timestamp>3140.511424</timestamp>
			</report>
			<report>
				<misses>477500001</misses>
				<total>0</total>
				<timestamp>3141.169555</timestamp>
			</report>
			<report>
				<misses>477600001</misses>
				<total>0</total>
				<timestamp>3141.828041</timestamp>
			</report>
			<report>
				<misses>477700001</misses>
				<total>0</total>
				<timestamp>3142.485483</timestamp>
			</report>
			<report>
				<misses>477800001</misses>
				<total>0</total>
				<timestamp>3143.143847</timestamp>
			</report>
			<report>
				<misses>477900001</misses>
				<total>0</total>
				<timestamp>3143.801103</timestamp>
			</report>
			<report>
				<misses>478000001</misses>
				<total>0</total>
				<timestamp>3144.459809</timestamp>
			</report>
			<report>
				<misses>478100001</misses>
				<total>0</total>
				<timestamp>3145.117518</timestamp>
			</report>
			<report>
				<misses>478200001</misses>
				<total>0</total>
				<timestamp>3145.774940</timestamp>
			</report>
			<report>
				<misses>478300001</misses>
				<total>0</total>
				<timestamp>3146.433453</timestamp>
			</report>
			<report>
				<misses>478400001</misses>
				<total>0</total>
				<timestamp>3147.089514</timestamp>
			</report>
			<report>
				<misses>478500001</misses>
				<total>0</total>
				<timestamp>3147.747864</timestamp>
			</report>
			<report>
				<misses>478600001</misses>
				<total>0</total>
				<timestamp>3148.403883</timestamp>
			</report>
			<report>
				<misses>478700001</misses>
				<total>0</total>
				<timestamp>3149.061845</timestamp>
			</report>
			<report>
				<misses>478800001</misses>
				<total>0</total>
				<timestamp>3149.719813</timestamp>
			</report>
			<report>
				<misses>478900001</misses>
				<total>0</total>
				<timestamp>3150.377609</timestamp>
			</report>
			<report>
				<misses>479000001</misses>
				<total>0</total>
				<timestamp>3151.034664</timestamp>
			</report>
			<report>
				<misses>479100001</misses>
				<total>0</total>
				<timestamp>3151.692271</timestamp>
			</report>
			<report>
				<misses>479200001</misses>
				<total>0</total>
				<timestamp>3152.349267</timestamp>
			</report>
			<report>
				<misses>479300001</misses>
				<total>0</total>
				<timestamp>3153.007146</timestamp>
			</report>
			<report>
				<misses>479400001</misses>
				<total>0</total>
				<timestamp>3153.664472</timestamp>
			</report>
			<report>
				<misses>479500001</misses>
				<total>0</total>
				<timestamp>3154.320404</timestamp>
			</report>
			<report>
				<misses>479600001</misses>
				<total>0</total>
				<timestamp>3154.977073</timestamp>
			</report>
			<report>
				<misses>479700001</misses>
				<total>0</total>
				<timestamp>3155.634192</timestamp>
			</report>
			<report>
				<misses>479800001</misses>
				<total>0</total>
				<timestamp>3156.291151</timestamp>
			</report>
			<report>
				<misses>479900001</misses>
				<total>0</total>
				<timestamp>3156.948577</timestamp>
			</report>
			<report>
				<misses>480000001</misses>
				<total>0</total>
				<timestamp>3157.606565</timestamp>
			</report>
			<report>
				<misses>480100001</misses>
				<total>0</total>
				<timestamp>3158.263594</timestamp>
			</report>
			<report>
				<misses>480200001</misses>
				<total>0</total>
				<timestamp>3158.921798</timestamp>
			</report>
			<report>
				<misses>480300001</misses>
				<total>0</total>
				<timestamp>3159.579678</timestamp>
			</report>
			<report>
				<misses>480400001</misses>
				<total>0</total>
				<timestamp>3160.237998</timestamp>
			</report>
			<report>
				<misses>480500001</misses>
				<total>0</total>
				<timestamp>3160.895941</timestamp>
			</report>
			<report>
				<misses>480600001</misses>
				<total>0</total>
				<timestamp>3161.553949</timestamp>
			</report>
			<report>
				<misses>480700001</misses>
				<total>0</total>
				<timestamp>3162.211089</timestamp>
			</report>
			<report>
				<misses>480800001</misses>
				<total>0</total>
				<timestamp>3162.868960</timestamp>
			</report>
			<report>
				<misses>480900001</misses>
				<total>0</total>
				<timestamp>3163.527404</timestamp>
			</report>
			<report>
				<misses>481000001</misses>
				<total>0</total>
				<timestamp>3164.184353</timestamp>
			</report>
			<report>
				<misses>481100001</misses>
				<total>0</total>
				<timestamp>3164.841378</timestamp>
			</report>
			<report>
				<misses>481200001</misses>
				<total>0</total>
				<timestamp>3165.498953</timestamp>
			</report>
			<report>
				<misses>481300001</misses>
				<total>0</total>
				<timestamp>3166.156988</timestamp>
			</report>
			<report>
				<misses>481400001</misses>
				<total>0</total>
				<timestamp>3166.815721</timestamp>
			</report>
			<report>
				<misses>481500001</misses>
				<total>0</total>
				<timestamp>3167.474240</timestamp>
			</report>
			<report>
				<misses>481600001</misses>
				<total>0</total>
				<timestamp>3168.133292</timestamp>
			</report>
			<report>
				<misses>481700001</misses>
				<total>0</total>
				<timestamp>3168.792689</timestamp>
			</report>
			<report>
				<misses>481800001</misses>
				<total>0</total>
				<timestamp>3169.451662</timestamp>
			</report>
			<report>
				<misses>481900001</misses>
				<total>0</total>
				<timestamp>3170.109115</timestamp>
			</report>
			<report>
				<misses>482000001</misses>
				<total>0</total>
				<timestamp>3170.769314</timestamp>
			</report>
			<report>
				<misses>482100001</misses>
				<total>0</total>
				<timestamp>3171.428138</timestamp>
			</report>
			<report>
				<misses>482200001</misses>
				<total>0</total>
				<timestamp>3172.086055</timestamp>
			</report>
			<report>
				<misses>482300001</misses>
				<total>0</total>
				<timestamp>3172.742546</timestamp>
			</report>
			<report>
				<misses>482400001</misses>
				<total>0</total>
				<timestamp>3173.400607</timestamp>
			</report>
			<report>
				<misses>482500001</misses>
				<total>0</total>
				<timestamp>3174.058525</timestamp>
			</report>
			<report>
				<misses>482600001</misses>
				<total>0</total>
				<timestamp>3174.715928</timestamp>
			</report>
			<report>
				<misses>482700001</misses>
				<total>0</total>
				<timestamp>3175.373874</timestamp>
			</report>
			<report>
				<misses>482800001</misses>
				<total>0</total>
				<timestamp>3176.031538</timestamp>
			</report>
			<report>
				<misses>482900001</misses>
				<total>0</total>
				<timestamp>3176.688934</timestamp>
			</report>
			<report>
				<misses>483000001</misses>
				<total>0</total>
				<timestamp>3177.347969</timestamp>
			</report>
			<report>
				<misses>483100001</misses>
				<total>0</total>
				<timestamp>3178.005606</timestamp>
			</report>
			<report>
				<misses>483200001</misses>
				<total>0</total>
				<timestamp>3178.663304</timestamp>
			</report>
			<report>
				<misses>483300001</misses>
				<total>0</total>
				<timestamp>3179.321865</timestamp>
			</report>
			<report>
				<misses>483400001</misses>
				<total>0</total>
				<timestamp>3179.980089</timestamp>
			</report>
			<report>
				<misses>483500001</misses>
				<total>0</total>
				<timestamp>3180.637455</timestamp>
			</report>
			<report>
				<misses>483600001</misses>
				<total>0</total>
				<timestamp>3181.295705</timestamp>
			</report>
			<report>
				<misses>483700001</misses>
				<total>0</total>
				<timestamp>3181.953853</timestamp>
			</report>
			<report>
				<misses>483800001</misses>
				<total>0</total>
				<timestamp>3182.612628</timestamp>
			</report>
			<report>
				<misses>483900001</misses>
				<total>0</total>
				<timestamp>3183.271241</timestamp>
			</report>
			<report>
				<misses>484000001</misses>
				<total>0</total>
				<timestamp>3183.928853</timestamp>
			</report>
			<report>
				<misses>484100001</misses>
				<total>0</total>
				<timestamp>3184.586357</timestamp>
			</report>
			<report>
				<misses>484200001</misses>
				<total>0</total>
				<timestamp>3185.244963</timestamp>
			</report>
			<report>
				<misses>484300001</misses>
				<total>0</total>
				<timestamp>3185.903187</timestamp>
			</report>
			<report>
				<misses>484400001</misses>
				<total>0</total>
				<timestamp>3186.560046</timestamp>
			</report>
			<report>
				<misses>484500001</misses>
				<total>0</total>
				<timestamp>3187.217962</timestamp>
			</report>
			<report>
				<misses>484600001</misses>
				<total>0</total>
				<timestamp>3187.876692</timestamp>
			</report>
			<report>
				<misses>484700001</misses>
				<total>0</total>
				<timestamp>3188.534671</timestamp>
			</report>
			<report>
				<misses>484800001</misses>
				<total>0</total>
				<timestamp>3189.191874</timestamp>
			</report>
			<report>
				<misses>484900001</misses>
				<total>0</total>
				<timestamp>3189.850033</timestamp>
			</report>
			<report>
				<misses>485000001</misses>
				<total>0</total>
				<timestamp>3190.505708</timestamp>
			</report>
			<report>
				<misses>485100001</misses>
				<total>0</total>
				<timestamp>3191.163775</timestamp>
			</report>
			<report>
				<misses>485200001</misses>
				<total>0</total>
				<timestamp>3191.821587</timestamp>
			</report>
			<report>
				<misses>485300001</misses>
				<total>0</total>
				<timestamp>3192.479867</timestamp>
			</report>
			<report>
				<misses>485400001</misses>
				<total>0</total>
				<timestamp>3193.138632</timestamp>
			</report>
			<report>
				<misses>485500001</misses>
				<total>0</total>
				<timestamp>3193.797379</timestamp>
			</report>
			<report>
				<misses>485600001</misses>
				<total>0</total>
				<timestamp>3194.456335</timestamp>
			</report>
			<report>
				<misses>485700001</misses>
				<total>0</total>
				<timestamp>3195.116079</timestamp>
			</report>
			<report>
				<misses>485800001</misses>
				<total>0</total>
				<timestamp>3195.775109</timestamp>
			</report>
			<report>
				<misses>485900001</misses>
				<total>0</total>
				<timestamp>3196.434620</timestamp>
			</report>
			<report>
				<misses>486000001</misses>
				<total>0</total>
				<timestamp>3197.093525</timestamp>
			</report>
			<report>
				<misses>486100001</misses>
				<total>0</total>
				<timestamp>3197.752354</timestamp>
			</report>
			<report>
				<misses>486200001</misses>
				<total>0</total>
				<timestamp>3198.410806</timestamp>
			</report>
			<report>
				<misses>486300001</misses>
				<total>0</total>
				<timestamp>3199.068670</timestamp>
			</report>
			<report>
				<misses>486400001</misses>
				<total>0</total>
				<timestamp>3199.727043</timestamp>
			</report>
			<report>
				<misses>486500001</misses>
				<total>0</total>
				<timestamp>3200.384595</timestamp>
			</report>
			<report>
				<misses>486600001</misses>
				<total>0</total>
				<timestamp>3201.042900</timestamp>
			</report>
			<report>
				<misses>486700001</misses>
				<total>0</total>
				<timestamp>3201.700232</timestamp>
			</report>
			<report>
				<misses>486800001</misses>
				<total>0</total>
				<timestamp>3202.357453</timestamp>
			</report>
			<report>
				<misses>486900001</misses>
				<total>0</total>
				<timestamp>3203.014512</timestamp>
			</report>
			<report>
				<misses>487000001</misses>
				<total>0</total>
				<timestamp>3203.672029</timestamp>
			</report>
			<report>
				<misses>487100001</misses>
				<total>0</total>
				<timestamp>3204.330670</timestamp>
			</report>
			<report>
				<misses>487200001</misses>
				<total>0</total>
				<timestamp>3204.988420</timestamp>
			</report>
			<report>
				<misses>487300001</misses>
				<total>0</total>
				<timestamp>3205.645656</timestamp>
			</report>
			<report>
				<misses>487400001</misses>
				<total>0</total>
				<timestamp>3206.304083</timestamp>
			</report>
			<report>
				<misses>487500001</misses>
				<total>0</total>
				<timestamp>3206.961535</timestamp>
			</report>
			<report>
				<misses>487600001</misses>
				<total>0</total>
				<timestamp>3207.618882</timestamp>
			</report>
			<report>
				<misses>487700001</misses>
				<total>0</total>
				<timestamp>3208.275279</timestamp>
			</report>
			<report>
				<misses>487800001</misses>
				<total>0</total>
				<timestamp>3208.933365</timestamp>
			</report>
			<report>
				<misses>487900001</misses>
				<total>0</total>
				<timestamp>3209.590819</timestamp>
			</report>
			<report>
				<misses>488000001</misses>
				<total>0</total>
				<timestamp>3210.247447</timestamp>
			</report>
			<report>
				<misses>488100001</misses>
				<total>0</total>
				<timestamp>3210.905664</timestamp>
			</report>
			<report>
				<misses>488200001</misses>
				<total>0</total>
				<timestamp>3211.562839</timestamp>
			</report>
			<report>
				<misses>488300001</misses>
				<total>0</total>
				<timestamp>3212.220279</timestamp>
			</report>
			<report>
				<misses>488400001</misses>
				<total>0</total>
				<timestamp>3212.878206</timestamp>
			</report>
			<report>
				<misses>488500001</misses>
				<total>0</total>
				<timestamp>3213.535806</timestamp>
			</report>
			<report>
				<misses>488600001</misses>
				<total>0</total>
				<timestamp>3214.194151</timestamp>
			</report>
			<report>
				<misses>488700001</misses>
				<total>0</total>
				<timestamp>3214.851658</timestamp>
			</report>
			<report>
				<misses>488800001</misses>
				<total>0</total>
				<timestamp>3215.508809</timestamp>
			</report>
			<report>
				<misses>488900001</misses>
				<total>0</total>
				<timestamp>3216.165883</timestamp>
			</report>
			<report>
				<misses>489000001</misses>
				<total>0</total>
				<timestamp>3216.823112</timestamp>
			</report>
			<report>
				<misses>489100001</misses>
				<total>0</total>
				<timestamp>3217.480969</timestamp>
			</report>
			<report>
				<misses>489200001</misses>
				<total>0</total>
				<timestamp>3218.139133</timestamp>
			</report>
			<report>
				<misses>489300001</misses>
				<total>0</total>
				<timestamp>3218.797241</timestamp>
			</report>
			<report>
				<misses>489400001</misses>
				<total>0</total>
				<timestamp>3219.456600</timestamp>
			</report>
			<report>
				<misses>489500001</misses>
				<total>0</total>
				<timestamp>3220.116638</timestamp>
			</report>
			<report>
				<misses>489600001</misses>
				<total>0</total>
				<timestamp>3220.776247</timestamp>
			</report>
			<report>
				<misses>489700001</misses>
				<total>0</total>
				<timestamp>3221.434923</timestamp>
			</report>
			<report>
				<misses>489800001</misses>
				<total>0</total>
				<timestamp>3222.092819</timestamp>
			</report>
			<report>
				<misses>489900001</misses>
				<total>0</total>
				<timestamp>3222.751814</timestamp>
			</report>
			<report>
				<misses>490000001</misses>
				<total>0</total>
				<timestamp>3223.411361</timestamp>
			</report>
			<report>
				<misses>490100001</misses>
				<total>0</total>
				<timestamp>3224.069608</timestamp>
			</report>
			<report>
				<misses>490200001</misses>
				<total>0</total>
				<timestamp>3224.727791</timestamp>
			</report>
			<report>
				<misses>490300001</misses>
				<total>0</total>
				<timestamp>3225.386364</timestamp>
			</report>
			<report>
				<misses>490400001</misses>
				<total>0</total>
				<timestamp>3226.044039</timestamp>
			</report>
			<report>
				<misses>490500001</misses>
				<total>0</total>
				<timestamp>3226.701439</timestamp>
			</report>
			<report>
				<misses>490600001</misses>
				<total>0</total>
				<timestamp>3227.359359</timestamp>
			</report>
			<report>
				<misses>490700001</misses>
				<total>0</total>
				<timestamp>3228.017240</timestamp>
			</report>
			<report>
				<misses>490800001</misses>
				<total>0</total>
				<timestamp>3228.672911</timestamp>
			</report>
			<report>
				<misses>490900001</misses>
				<total>0</total>
				<timestamp>3229.328639</timestamp>
			</report>
			<report>
				<misses>491000001</misses>
				<total>0</total>
				<timestamp>3229.985957</timestamp>
			</report>
			<report>
				<misses>491100001</misses>
				<total>0</total>
				<timestamp>3230.642905</timestamp>
			</report>
			<report>
				<misses>491200001</misses>
				<total>0</total>
				<timestamp>3231.300388</timestamp>
			</report>
			<report>
				<misses>491300001</misses>
				<total>0</total>
				<timestamp>3231.956970</timestamp>
			</report>
			<report>
				<misses>491400001</misses>
				<total>0</total>
				<timestamp>3232.613872</timestamp>
			</report>
			<report>
				<misses>491500001</misses>
				<total>0</total>
				<timestamp>3233.271512</timestamp>
			</report>
			<report>
				<misses>491600001</misses>
				<total>0</total>
				<timestamp>3233.928658</timestamp>
			</report>
			<report>
				<misses>491700001</misses>
				<total>0</total>
				<timestamp>3234.586680</timestamp>
			</report>
			<report>
				<misses>491800001</misses>
				<total>0</total>
				<timestamp>3235.244117</timestamp>
			</report>
			<report>
				<misses>491900001</misses>
				<total>0</total>
				<timestamp>3235.901491</timestamp>
			</report>
			<report>
				<misses>492000001</misses>
				<total>0</total>
				<timestamp>3236.558778</timestamp>
			</report>
			<report>
				<misses>492100001</misses>
				<total>0</total>
				<timestamp>3237.217230</timestamp>
			</report>
			<report>
				<misses>492200001</misses>
				<total>0</total>
				<timestamp>3237.875679</timestamp>
			</report>
			<report>
				<misses>492300001</misses>
				<total>0</total>
				<timestamp>3238.534689</timestamp>
			</report>
			<report>
				<misses>492400001</misses>
				<total>0</total>
				<timestamp>3239.193530</timestamp>
			</report>
			<report>
				<misses>492500001</misses>
				<total>0</total>
				<timestamp>3239.850185</timestamp>
			</report>
			<report>
				<misses>492600001</misses>
				<total>0</total>
				<timestamp>3240.507714</timestamp>
			</report>
			<report>
				<misses>492700001</misses>
				<total>0</total>
				<timestamp>3241.165156</timestamp>
			</report>
			<report>
				<misses>492800001</misses>
				<total>0</total>
				<timestamp>3241.822881</timestamp>
			</report>
			<report>
				<misses>492900001</misses>
				<total>0</total>
				<timestamp>3242.480104</timestamp>
			</report>
			<report>
				<misses>493000001</misses>
				<total>0</total>
				<timestamp>3243.136605</timestamp>
			</report>
			<report>
				<misses>493100001</misses>
				<total>0</total>
				<timestamp>3243.794767</timestamp>
			</report>
			<report>
				<misses>493200001</misses>
				<total>0</total>
				<timestamp>3244.453008</timestamp>
			</report>
			<report>
				<misses>493300001</misses>
				<total>0</total>
				<timestamp>3245.112313</timestamp>
			</report>
			<report>
				<misses>493400001</misses>
				<total>0</total>
				<timestamp>3245.771836</timestamp>
			</report>
			<report>
				<misses>493500001</misses>
				<total>0</total>
				<timestamp>3246.430537</timestamp>
			</report>
			<report>
				<misses>493600001</misses>
				<total>0</total>
				<timestamp>3247.088752</timestamp>
			</report>
			<report>
				<misses>493700001</misses>
				<total>0</total>
				<timestamp>3247.747206</timestamp>
			</report>
			<report>
				<misses>493800001</misses>
				<total>0</total>
				<timestamp>3248.407916</timestamp>
			</report>
			<report>
				<misses>493900001</misses>
				<total>0</total>
				<timestamp>3249.067274</timestamp>
			</report>
			<report>
				<misses>494000001</misses>
				<total>0</total>
				<timestamp>3249.725774</timestamp>
			</report>
			<report>
				<misses>494100001</misses>
				<total>0</total>
				<timestamp>3250.382998</timestamp>
			</report>
			<report>
				<misses>494200001</misses>
				<total>0</total>
				<timestamp>3251.040298</timestamp>
			</report>
			<report>
				<misses>494300001</misses>
				<total>0</total>
				<timestamp>3251.698352</timestamp>
			</report>
			<report>
				<misses>494400001</misses>
				<total>0</total>
				<timestamp>3252.356232</timestamp>
			</report>
			<report>
				<misses>494500001</misses>
				<total>0</total>
				<timestamp>3253.014317</timestamp>
			</report>
			<report>
				<misses>494600001</misses>
				<total>0</total>
				<timestamp>3253.672792</timestamp>
			</report>
			<report>
				<misses>494700001</misses>
				<total>0</total>
				<timestamp>3254.330549</timestamp>
			</report>
			<report>
				<misses>494800001</misses>
				<total>0</total>
				<timestamp>3254.988206</timestamp>
			</report>
			<report>
				<misses>494900001</misses>
				<total>0</total>
				<timestamp>3255.646128</timestamp>
			</report>
			<report>
				<misses>495000001</misses>
				<total>0</total>
				<timestamp>3256.303239</timestamp>
			</report>
			<report>
				<misses>495100001</misses>
				<total>0</total>
				<timestamp>3256.960211</timestamp>
			</report>
			<report>
				<misses>495200001</misses>
				<total>0</total>
				<timestamp>3257.617726</timestamp>
			</report>
			<report>
				<misses>495300001</misses>
				<total>0</total>
				<timestamp>3258.274101</timestamp>
			</report>
			<report>
				<misses>495400001</misses>
				<total>0</total>
				<timestamp>3258.931252</timestamp>
			</report>
			<report>
				<misses>495500001</misses>
				<total>0</total>
				<timestamp>3259.586766</timestamp>
			</report>
			<report>
				<misses>495600001</misses>
				<total>0</total>
				<timestamp>3260.244854</timestamp>
			</report>
			<report>
				<misses>495700001</misses>
				<total>0</total>
				<timestamp>3260.901882</timestamp>
			</report>
			<report>
				<misses>495800001</misses>
				<total>0</total>
				<timestamp>3261.559927</timestamp>
			</report>
			<report>
				<misses>495900001</misses>
				<total>0</total>
				<timestamp>3262.217685</timestamp>
			</report>
			<report>
				<misses>496000001</misses>
				<total>0</total>
				<timestamp>3262.873748</timestamp>
			</report>
			<report>
				<misses>496100001</misses>
				<total>0</total>
				<timestamp>3263.528799</timestamp>
			</report>
			<report>
				<misses>496200001</misses>
				<total>0</total>
				<timestamp>3264.187128</timestamp>
			</report>
			<report>
				<misses>496300001</misses>
				<total>0</total>
				<timestamp>3264.844778</timestamp>
			</report>
			<report>
				<misses>496400001</misses>
				<total>0</total>
				<timestamp>3265.502888</timestamp>
			</report>
			<report>
				<misses>496500001</misses>
				<total>0</total>
				<timestamp>3266.159786</timestamp>
			</report>
			<report>
				<misses>496600001</misses>
				<total>0</total>
				<timestamp>3266.817739</timestamp>
			</report>
			<report>
				<misses>496700001</misses>
				<total>0</total>
				<timestamp>3267.474014</timestamp>
			</report>
			<report>
				<misses>496800001</misses>
				<total>0</total>
				<timestamp>3268.131009</timestamp>
			</report>
			<report>
				<misses>496900001</misses>
				<total>0</total>
				<timestamp>3268.787690</timestamp>
			</report>
			<report>
				<misses>497000001</misses>
				<total>0</total>
				<timestamp>3269.445768</timestamp>
			</report>
			<report>
				<misses>497100001</misses>
				<total>0</total>
				<timestamp>3270.103771</timestamp>
			</report>
			<report>
				<misses>497200001</misses>
				<total>0</total>
				<timestamp>3270.761033</timestamp>
			</report>
			<report>
				<misses>497300001</misses>
				<total>0</total>
				<timestamp>3271.419907</timestamp>
			</report>
			<report>
				<misses>497400001</misses>
				<total>0</total>
				<timestamp>3272.078969</timestamp>
			</report>
			<report>
				<misses>497500001</misses>
				<total>0</total>
				<timestamp>3272.738639</timestamp>
			</report>
			<report>
				<misses>497600001</misses>
				<total>0</total>
				<timestamp>3273.397494</timestamp>
			</report>
			<report>
				<misses>497700001</misses>
				<total>0</total>
				<timestamp>3274.056498</timestamp>
			</report>
			<report>
				<misses>497800001</misses>
				<total>0</total>
				<timestamp>3274.715103</timestamp>
			</report>
			<report>
				<misses>497900001</misses>
				<total>0</total>
				<timestamp>3275.374300</timestamp>
			</report>
			<report>
				<misses>498000001</misses>
				<total>0</total>
				<timestamp>3276.033513</timestamp>
			</report>
			<report>
				<misses>498100001</misses>
				<total>0</total>
				<timestamp>3276.690699</timestamp>
			</report>
			<report>
				<misses>498200001</misses>
				<total>0</total>
				<timestamp>3277.348810</timestamp>
			</report>
			<report>
				<misses>498300001</misses>
				<total>0</total>
				<timestamp>3278.007396</timestamp>
			</report>
			<report>
				<misses>498400001</misses>
				<total>0</total>
				<timestamp>3278.664758</timestamp>
			</report>
			<report>
				<misses>498500001</misses>
				<total>0</total>
				<timestamp>3279.323571</timestamp>
			</report>
			<report>
				<misses>498600001</misses>
				<total>0</total>
				<timestamp>3279.981349</timestamp>
			</report>
			<report>
				<misses>498700001</misses>
				<total>0</total>
				<timestamp>3280.639389</timestamp>
			</report>
			<report>
				<misses>498800001</misses>
				<total>0</total>
				<timestamp>3281.297330</timestamp>
			</report>
			<report>
				<misses>498900001</misses>
				<total>0</total>
				<timestamp>3281.954534</timestamp>
			</report>
			<report>
				<misses>499000001</misses>
				<total>0</total>
				<timestamp>3282.611961</timestamp>
			</report>
			<report>
				<misses>499100001</misses>
				<total>0</total>
				<timestamp>3283.270289</timestamp>
			</report>
			<report>
				<misses>499200001</misses>
				<total>0</total>
				<timestamp>3283.928134</timestamp>
			</report>
			<report>
				<misses>499300001</misses>
				<total>0</total>
				<timestamp>3284.585812</timestamp>
			</report>
			<report>
				<misses>499400001</misses>
				<total>0</total>
				<timestamp>3285.244482</timestamp>
			</report>
			<report>
				<misses>499500001</misses>
				<total>0</total>
				<timestamp>3285.902855</timestamp>
			</report>
			<report>
				<misses>499600001</misses>
				<total>0</total>
				<timestamp>3286.560981</timestamp>
			</report>
			<report>
				<misses>499700001</misses>
				<total>0</total>
				<timestamp>3287.218304</timestamp>
			</report>
			<report>
				<misses>499800001</misses>
				<total>0</total>
				<timestamp>3287.876336</timestamp>
			</report>
			<report>
				<misses>499900001</misses>
				<total>0</total>
				<timestamp>3288.533384</timestamp>
			</report>
			<report>
				<misses>500000001</misses>
				<total>0</total>
				<timestamp>3289.191771</timestamp>
			</report>
			<report>
				<misses>500100001</misses>
				<total>0</total>
				<timestamp>3289.849413</timestamp>
			</report>
			<report>
				<misses>500200001</misses>
				<total>0</total>
				<timestamp>3290.507509</timestamp>
			</report>
			<report>
				<misses>500300001</misses>
				<total>0</total>
				<timestamp>3291.165627</timestamp>
			</report>
			<report>
				<misses>500400001</misses>
				<total>0</total>
				<timestamp>3291.824027</timestamp>
			</report>
			<report>
				<misses>500500001</misses>
				<total>0</total>
				<timestamp>3292.482352</timestamp>
			</report>
			<report>
				<misses>500600001</misses>
				<total>0</total>
				<timestamp>3293.140444</timestamp>
			</report>
			<report>
				<misses>500700001</misses>
				<total>0</total>
				<timestamp>3293.798035</timestamp>
			</report>
			<report>
				<misses>500800001</misses>
				<total>0</total>
				<timestamp>3294.455271</timestamp>
			</report>
			<report>
				<misses>500900001</misses>
				<total>0</total>
				<timestamp>3295.113310</timestamp>
			</report>
			<report>
				<misses>501000001</misses>
				<total>0</total>
				<timestamp>3295.770761</timestamp>
			</report>
			<report>
				<misses>501100001</misses>
				<total>0</total>
				<timestamp>3296.427908</timestamp>
			</report>
			<report>
				<misses>501200001</misses>
				<total>0</total>
				<timestamp>3297.087373</timestamp>
			</report>
			<report>
				<misses>501300001</misses>
				<total>0</total>
				<timestamp>3297.746209</timestamp>
			</report>
			<report>
				<misses>501400001</misses>
				<total>0</total>
				<timestamp>3298.405358</timestamp>
			</report>
			<report>
				<misses>501500001</misses>
				<total>0</total>
				<timestamp>3299.064198</timestamp>
			</report>
			<report>
				<misses>501600001</misses>
				<total>0</total>
				<timestamp>3299.723727</timestamp>
			</report>
			<report>
				<misses>501700001</misses>
				<total>0</total>
				<timestamp>3300.382338</timestamp>
			</report>
			<report>
				<misses>501800001</misses>
				<total>0</total>
				<timestamp>3301.041385</timestamp>
			</report>
			<report>
				<misses>501900001</misses>
				<total>0</total>
				<timestamp>3301.700458</timestamp>
			</report>
			<report>
				<misses>502000001</misses>
				<total>0</total>
				<timestamp>3302.358982</timestamp>
			</report>
			<report>
				<misses>502100001</misses>
				<total>0</total>
				<timestamp>3303.016397</timestamp>
			</report>
			<report>
				<misses>502200001</misses>
				<total>0</total>
				<timestamp>3303.674076</timestamp>
			</report>
			<report>
				<misses>502300001</misses>
				<total>0</total>
				<timestamp>3304.330062</timestamp>
			</report>
			<report>
				<misses>502400001</misses>
				<total>0</total>
				<timestamp>3304.987809</timestamp>
			</report>
			<report>
				<misses>502500001</misses>
				<total>0</total>
				<timestamp>3305.646648</timestamp>
			</report>
			<report>
				<misses>502600001</misses>
				<total>0</total>
				<timestamp>3306.304122</timestamp>
			</report>
			<report>
				<misses>502700001</misses>
				<total>0</total>
				<timestamp>3306.961780</timestamp>
			</report>
			<report>
				<misses>502800001</misses>
				<total>0</total>
				<timestamp>3307.619849</timestamp>
			</report>
			<report>
				<misses>502900001</misses>
				<total>0</total>
				<timestamp>3308.277637</timestamp>
			</report>
			<report>
				<misses>503000001</misses>
				<total>0</total>
				<timestamp>3308.935853</timestamp>
			</report>
			<report>
				<misses>503100001</misses>
				<total>0</total>
				<timestamp>3309.593688</timestamp>
			</report>
			<report>
				<misses>503200001</misses>
				<total>0</total>
				<timestamp>3310.252114</timestamp>
			</report>
			<report>
				<misses>503300001</misses>
				<total>0</total>
				<timestamp>3310.910466</timestamp>
			</report>
			<report>
				<misses>503400001</misses>
				<total>0</total>
				<timestamp>3311.566458</timestamp>
			</report>
			<report>
				<misses>503500001</misses>
				<total>0</total>
				<timestamp>3312.224632</timestamp>
			</report>
			<report>
				<misses>503600001</misses>
				<total>0</total>
				<timestamp>3312.883379</timestamp>
			</report>
			<report>
				<misses>503700001</misses>
				<total>0</total>
				<timestamp>3313.540608</timestamp>
			</report>
			<report>
				<misses>503800001</misses>
				<total>0</total>
				<timestamp>3314.198917</timestamp>
			</report>
			<report>
				<misses>503900001</misses>
				<total>0</total>
				<timestamp>3314.857788</timestamp>
			</report>
			<report>
				<misses>504000001</misses>
				<total>0</total>
				<timestamp>3315.516268</timestamp>
			</report>
			<report>
				<misses>504100001</misses>
				<total>0</total>
				<timestamp>3316.174291</timestamp>
			</report>
			<report>
				<misses>504200001</misses>
				<total>0</total>
				<timestamp>3316.831456</timestamp>
			</report>
			<report>
				<misses>504300001</misses>
				<total>0</total>
				<timestamp>3317.489446</timestamp>
			</report>
			<report>
				<misses>504400001</misses>
				<total>0</total>
				<timestamp>3318.145718</timestamp>
			</report>
			<report>
				<misses>504500001</misses>
				<total>0</total>
				<timestamp>3318.804107</timestamp>
			</report>
			<report>
				<misses>504600001</misses>
				<total>0</total>
				<timestamp>3319.462968</timestamp>
			</report>
			<report>
				<misses>504700001</misses>
				<total>0</total>
				<timestamp>3320.121618</timestamp>
			</report>
			<report>
				<misses>504800001</misses>
				<total>0</total>
				<timestamp>3320.779141</timestamp>
			</report>
			<report>
				<misses>504900001</misses>
				<total>0</total>
				<timestamp>3321.436856</timestamp>
			</report>
			<report>
				<misses>505000001</misses>
				<total>0</total>
				<timestamp>3322.094157</timestamp>
			</report>
			<report>
				<misses>505100001</misses>
				<total>0</total>
				<timestamp>3322.753118</timestamp>
			</report>
			<report>
				<misses>505200001</misses>
				<total>0</total>
				<timestamp>3323.413179</timestamp>
			</report>
			<report>
				<misses>505300001</misses>
				<total>0</total>
				<timestamp>3324.073037</timestamp>
			</report>
			<report>
				<misses>505400001</misses>
				<total>0</total>
				<timestamp>3324.732982</timestamp>
			</report>
			<report>
				<misses>505500001</misses>
				<total>0</total>
				<timestamp>3325.392175</timestamp>
			</report>
			<report>
				<misses>505600001</misses>
				<total>0</total>
				<timestamp>3326.052363</timestamp>
			</report>
			<report>
				<misses>505700001</misses>
				<total>0</total>
				<timestamp>3326.711634</timestamp>
			</report>
			<report>
				<misses>505800001</misses>
				<total>0</total>
				<timestamp>3327.370303</timestamp>
			</report>
			<report>
				<misses>505900001</misses>
				<total>0</total>
				<timestamp>3328.028614</timestamp>
			</report>
			<report>
				<misses>506000001</misses>
				<total>0</total>
				<timestamp>3328.687470</timestamp>
			</report>
			<report>
				<misses>506100001</misses>
				<total>0</total>
				<timestamp>3329.345025</timestamp>
			</report>
			<report>
				<misses>506200001</misses>
				<total>0</total>
				<timestamp>3330.004575</timestamp>
			</report>
			<report>
				<misses>506300001</misses>
				<total>0</total>
				<timestamp>3330.663046</timestamp>
			</report>
			<report>
				<misses>506400001</misses>
				<total>0</total>
				<timestamp>3331.321828</timestamp>
			</report>
			<report>
				<misses>506500001</misses>
				<total>0</total>
				<timestamp>3331.980864</timestamp>
			</report>
			<report>
				<misses>506600001</misses>
				<total>0</total>
				<timestamp>3332.638844</timestamp>
			</report>
			<report>
				<misses>506700001</misses>
				<total>0</total>
				<timestamp>3333.297451</timestamp>
			</report>
			<report>
				<misses>506800001</misses>
				<total>0</total>
				<timestamp>3333.954843</timestamp>
			</report>
			<report>
				<misses>506900001</misses>
				<total>0</total>
				<timestamp>3334.612715</timestamp>
			</report>
			<report>
				<misses>507000001</misses>
				<total>0</total>
				<timestamp>3335.270387</timestamp>
			</report>
			<report>
				<misses>507100001</misses>
				<total>0</total>
				<timestamp>3335.928444</timestamp>
			</report>
			<report>
				<misses>507200001</misses>
				<total>0</total>
				<timestamp>3336.586479</timestamp>
			</report>
			<report>
				<misses>507300001</misses>
				<total>0</total>
				<timestamp>3337.244282</timestamp>
			</report>
			<report>
				<misses>507400001</misses>
				<total>0</total>
				<timestamp>3337.902520</timestamp>
			</report>
			<report>
				<misses>507500001</misses>
				<total>0</total>
				<timestamp>3338.558883</timestamp>
			</report>
			<report>
				<misses>507600001</misses>
				<total>0</total>
				<timestamp>3339.217317</timestamp>
			</report>
			<report>
				<misses>507700001</misses>
				<total>0</total>
				<timestamp>3339.876376</timestamp>
			</report>
			<report>
				<misses>507800001</misses>
				<total>0</total>
				<timestamp>3340.534506</timestamp>
			</report>
			<report>
				<misses>507900001</misses>
				<total>0</total>
				<timestamp>3341.192490</timestamp>
			</report>
			<report>
				<misses>508000001</misses>
				<total>0</total>
				<timestamp>3341.849965</timestamp>
			</report>
			<report>
				<misses>508100001</misses>
				<total>0</total>
				<timestamp>3342.507862</timestamp>
			</report>
			<report>
				<misses>508200001</misses>
				<total>0</total>
				<timestamp>3343.165246</timestamp>
			</report>
			<report>
				<misses>508300001</misses>
				<total>0</total>
				<timestamp>3343.822955</timestamp>
			</report>
			<report>
				<misses>508400001</misses>
				<total>0</total>
				<timestamp>3344.480857</timestamp>
			</report>
			<report>
				<misses>508500001</misses>
				<total>0</total>
				<timestamp>3345.137953</timestamp>
			</report>
			<report>
				<misses>508600001</misses>
				<total>0</total>
				<timestamp>3345.795198</timestamp>
			</report>
			<report>
				<misses>508700001</misses>
				<total>0</total>
				<timestamp>3346.453697</timestamp>
			</report>
			<report>
				<misses>508800001</misses>
				<total>0</total>
				<timestamp>3347.111135</timestamp>
			</report>
			<report>
				<misses>508900001</misses>
				<total>0</total>
				<timestamp>3347.768440</timestamp>
			</report>
			<report>
				<misses>509000001</misses>
				<total>0</total>
				<timestamp>3348.425867</timestamp>
			</report>
			<report>
				<misses>509100001</misses>
				<total>0</total>
				<timestamp>3349.084169</timestamp>
			</report>
			<report>
				<misses>509200001</misses>
				<total>0</total>
				<timestamp>3349.743337</timestamp>
			</report>
			<report>
				<misses>509300001</misses>
				<total>0</total>
				<timestamp>3350.402504</timestamp>
			</report>
			<report>
				<misses>509400001</misses>
				<total>0</total>
				<timestamp>3351.060213</timestamp>
			</report>
			<report>
				<misses>509500001</misses>
				<total>0</total>
				<timestamp>3351.719247</timestamp>
			</report>
			<report>
				<misses>509600001</misses>
				<total>0</total>
				<timestamp>3352.378202</timestamp>
			</report>
			<report>
				<misses>509700001</misses>
				<total>0</total>
				<timestamp>3353.038021</timestamp>
			</report>
			<report>
				<misses>509800001</misses>
				<total>0</total>
				<timestamp>3353.698209</timestamp>
			</report>
			<report>
				<misses>509900001</misses>
				<total>0</total>
				<timestamp>3354.358431</timestamp>
			</report>
			<report>
				<misses>510000001</misses>
				<total>0</total>
				<timestamp>3355.015959</timestamp>
			</report>
			<report>
				<misses>510100001</misses>
				<total>0</total>
				<timestamp>3355.674028</timestamp>
			</report>
			<report>
				<misses>510200001</misses>
				<total>0</total>
				<timestamp>3356.330207</timestamp>
			</report>
			<report>
				<misses>510300001</misses>
				<total>0</total>
				<timestamp>3356.987664</timestamp>
			</report>
			<report>
				<misses>510400001</misses>
				<total>0</total>
				<timestamp>3357.645368</timestamp>
			</report>
			<report>
				<misses>510500001</misses>
				<total>0</total>
				<timestamp>3358.303056</timestamp>
			</report>
			<report>
				<misses>510600001</misses>
				<total>0</total>
				<timestamp>3358.960748</timestamp>
			</report>
			<report>
				<misses>510700001</misses>
				<total>0</total>
				<timestamp>3359.618471</timestamp>
			</report>
			<report>
				<misses>510800001</misses>
				<total>0</total>
				<timestamp>3360.276642</timestamp>
			</report>
			<report>
				<misses>510900001</misses>
				<total>0</total>
				<timestamp>3360.935242</timestamp>
			</report>
			<report>
				<misses>511000001</misses>
				<total>0</total>
				<timestamp>3361.592776</timestamp>
			</report>
			<report>
				<misses>511100001</misses>
				<total>0</total>
				<timestamp>3362.250293</timestamp>
			</report>
			<report>
				<misses>511200001</misses>
				<total>0</total>
				<timestamp>3362.909313</timestamp>
			</report>
			<report>
				<misses>511300001</misses>
				<total>0</total>
				<timestamp>3363.566027</timestamp>
			</report>
			<report>
				<misses>511400001</misses>
				<total>0</total>
				<timestamp>3364.224134</timestamp>
			</report>
			<report>
				<misses>511500001</misses>
				<total>0</total>
				<timestamp>3364.882340</timestamp>
			</report>
			<report>
				<misses>511600001</misses>
				<total>0</total>
				<timestamp>3365.540986</timestamp>
			</report>
			<report>
				<misses>511700001</misses>
				<total>0</total>
				<timestamp>3366.198580</timestamp>
			</report>
			<report>
				<misses>511800001</misses>
				<total>0</total>
				<timestamp>3366.856848</timestamp>
			</report>
			<report>
				<misses>511900001</misses>
				<total>0</total>
				<timestamp>3367.514733</timestamp>
			</report>
			<report>
				<misses>512000001</misses>
				<total>0</total>
				<timestamp>3368.171133</timestamp>
			</report>
			<report>
				<misses>512100001</misses>
				<total>0</total>
				<timestamp>3368.829779</timestamp>
			</report>
			<report>
				<misses>512200001</misses>
				<total>0</total>
				<timestamp>3369.487979</timestamp>
			</report>
			<report>
				<misses>512300001</misses>
				<total>0</total>
				<timestamp>3370.144267</timestamp>
			</report>
			<report>
				<misses>512400001</misses>
				<total>0</total>
				<timestamp>3370.801097</timestamp>
			</report>
			<report>
				<misses>512500001</misses>
				<total>0</total>
				<timestamp>3371.459108</timestamp>
			</report>
			<report>
				<misses>512600001</misses>
				<total>0</total>
				<timestamp>3372.115824</timestamp>
			</report>
			<report>
				<misses>512700001</misses>
				<total>0</total>
				<timestamp>3372.775047</timestamp>
			</report>
			<report>
				<misses>512800001</misses>
				<total>0</total>
				<timestamp>3373.431480</timestamp>
			</report>
			<report>
				<misses>512900001</misses>
				<total>0</total>
				<timestamp>3374.090595</timestamp>
			</report>
			<report>
				<misses>513000001</misses>
				<total>0</total>
				<timestamp>3374.748336</timestamp>
			</report>
			<report>
				<misses>513100001</misses>
				<total>0</total>
				<timestamp>3375.406865</timestamp>
			</report>
			<report>
				<misses>513200001</misses>
				<total>0</total>
				<timestamp>3376.066363</timestamp>
			</report>
			<report>
				<misses>513300001</misses>
				<total>0</total>
				<timestamp>3376.725389</timestamp>
			</report>
			<report>
				<misses>513400001</misses>
				<total>0</total>
				<timestamp>3377.385077</timestamp>
			</report>
			<report>
				<misses>513500001</misses>
				<total>0</total>
				<timestamp>3378.043970</timestamp>
			</report>
			<report>
				<misses>513600001</misses>
				<total>0</total>
				<timestamp>3378.703186</timestamp>
			</report>
			<report>
				<misses>513700001</misses>
				<total>0</total>
				<timestamp>3379.361818</timestamp>
			</report>
			<report>
				<misses>513800001</misses>
				<total>0</total>
				<timestamp>3380.021101</timestamp>
			</report>
			<report>
				<misses>513900001</misses>
				<total>0</total>
				<timestamp>3380.679290</timestamp>
			</report>
			<report>
				<misses>514000001</misses>
				<total>0</total>
				<timestamp>3381.338841</timestamp>
			</report>
			<report>
				<misses>514100001</misses>
				<total>0</total>
				<timestamp>3381.994838</timestamp>
			</report>
			<report>
				<misses>514200001</misses>
				<total>0</total>
				<timestamp>3382.653012</timestamp>
			</report>
			<report>
				<misses>514300001</misses>
				<total>0</total>
				<timestamp>3383.311377</timestamp>
			</report>
			<report>
				<misses>514400001</misses>
				<total>0</total>
				<timestamp>3383.968932</timestamp>
			</report>
			<report>
				<misses>514500001</misses>
				<total>0</total>
				<timestamp>3384.626597</timestamp>
			</report>
			<report>
				<misses>514600001</misses>
				<total>0</total>
				<timestamp>3385.281777</timestamp>
			</report>
			<report>
				<misses>514700001</misses>
				<total>0</total>
				<timestamp>3385.940256</timestamp>
			</report>
			<report>
				<misses>514800001</misses>
				<total>0</total>
				<timestamp>3386.597421</timestamp>
			</report>
			<report>
				<misses>514900001</misses>
				<total>0</total>
				<timestamp>3387.255358</timestamp>
			</report>
			<report>
				<misses>515000001</misses>
				<total>0</total>
				<timestamp>3387.913280</timestamp>
			</report>
			<report>
				<misses>515100001</misses>
				<total>0</total>
				<timestamp>3388.571613</timestamp>
			</report>
			<report>
				<misses>515200001</misses>
				<total>0</total>
				<timestamp>3389.230205</timestamp>
			</report>
			<report>
				<misses>515300001</misses>
				<total>0</total>
				<timestamp>3389.887608</timestamp>
			</report>
			<report>
				<misses>515400001</misses>
				<total>0</total>
				<timestamp>3390.546122</timestamp>
			</report>
			<report>
				<misses>515500001</misses>
				<total>0</total>
				<timestamp>3391.204328</timestamp>
			</report>
			<report>
				<misses>515600001</misses>
				<total>0</total>
				<timestamp>3391.862103</timestamp>
			</report>
			<report>
				<misses>515700001</misses>
				<total>0</total>
				<timestamp>3392.519844</timestamp>
			</report>
			<report>
				<misses>515800001</misses>
				<total>0</total>
				<timestamp>3393.178269</timestamp>
			</report>
			<report>
				<misses>515900001</misses>
				<total>0</total>
				<timestamp>3393.837541</timestamp>
			</report>
			<report>
				<misses>516000001</misses>
				<total>0</total>
				<timestamp>3394.496419</timestamp>
			</report>
			<report>
				<misses>516100001</misses>
				<total>0</total>
				<timestamp>3395.154265</timestamp>
			</report>
			<report>
				<misses>516200001</misses>
				<total>0</total>
				<timestamp>3395.812218</timestamp>
			</report>
			<report>
				<misses>516300001</misses>
				<total>0</total>
				<timestamp>3396.470446</timestamp>
			</report>
			<report>
				<misses>516400001</misses>
				<total>0</total>
				<timestamp>3397.128751</timestamp>
			</report>
			<report>
				<misses>516500001</misses>
				<total>0</total>
				<timestamp>3397.787563</timestamp>
			</report>
			<report>
				<misses>516600001</misses>
				<total>0</total>
				<timestamp>3398.444716</timestamp>
			</report>
			<report>
				<misses>516700001</misses>
				<total>0</total>
				<timestamp>3399.103587</timestamp>
			</report>
			<report>
				<misses>516800001</misses>
				<total>0</total>
				<timestamp>3399.760855</timestamp>
			</report>
			<report>
				<misses>516900001</misses>
				<total>0</total>
				<timestamp>3400.419492</timestamp>
			</report>
			<report>
				<misses>517000001</misses>
				<total>0</total>
				<timestamp>3401.077106</timestamp>
			</report>
			<report>
				<misses>517100001</misses>
				<total>0</total>
				<timestamp>3401.735441</timestamp>
			</report>
			<report>
				<misses>517200001</misses>
				<total>0</total>
				<timestamp>3402.394791</timestamp>
			</report>
			<report>
				<misses>517300001</misses>
				<total>0</total>
				<timestamp>3403.053137</timestamp>
			</report>
			<report>
				<misses>517400001</misses>
				<total>0</total>
				<timestamp>3403.711251</timestamp>
			</report>
			<report>
				<misses>517500001</misses>
				<total>0</total>
				<timestamp>3404.370165</timestamp>
			</report>
			<report>
				<misses>517600001</misses>
				<total>0</total>
				<timestamp>3405.028344</timestamp>
			</report>
			<report>
				<misses>517700001</misses>
				<total>0</total>
				<timestamp>3405.687087</timestamp>
			</report>
			<report>
				<misses>517800001</misses>
				<total>0</total>
				<timestamp>3406.346492</timestamp>
			</report>
			<report>
				<misses>517900001</misses>
				<total>0</total>
				<timestamp>3407.002942</timestamp>
			</report>
			<report>
				<misses>518000001</misses>
				<total>0</total>
				<timestamp>3407.659925</timestamp>
			</report>
			<report>
				<misses>518100001</misses>
				<total>0</total>
				<timestamp>3408.318054</timestamp>
			</report>
			<report>
				<misses>518200001</misses>
				<total>0</total>
				<timestamp>3408.976429</timestamp>
			</report>
			<report>
				<misses>518300001</misses>
				<total>0</total>
				<timestamp>3409.635564</timestamp>
			</report>
			<report>
				<misses>518400001</misses>
				<total>0</total>
				<timestamp>3410.294438</timestamp>
			</report>
			<report>
				<misses>518500001</misses>
				<total>0</total>
				<timestamp>3410.953279</timestamp>
			</report>
			<report>
				<misses>518600001</misses>
				<total>0</total>
				<timestamp>3411.611118</timestamp>
			</report>
			<report>
				<misses>518700001</misses>
				<total>0</total>
				<timestamp>3412.267874</timestamp>
			</report>
			<report>
				<misses>518800001</misses>
				<total>0</total>
				<timestamp>3412.926316</timestamp>
			</report>
			<report>
				<misses>518900001</misses>
				<total>0</total>
				<timestamp>3413.584756</timestamp>
			</report>
			<report>
				<misses>519000001</misses>
				<total>0</total>
				<timestamp>3414.242979</timestamp>
			</report>
			<report>
				<misses>519100001</misses>
				<total>0</total>
				<timestamp>3414.900039</timestamp>
			</report>
			<report>
				<misses>519200001</misses>
				<total>0</total>
				<timestamp>3415.558453</timestamp>
			</report>
			<report>
				<misses>519300001</misses>
				<total>0</total>
				<timestamp>3416.215104</timestamp>
			</report>
			<report>
				<misses>519400001</misses>
				<total>0</total>
				<timestamp>3416.871819</timestamp>
			</report>
			<report>
				<misses>519500001</misses>
				<total>0</total>
				<timestamp>3417.529135</timestamp>
			</report>
			<report>
				<misses>519600001</misses>
				<total>0</total>
				<timestamp>3418.188048</timestamp>
			</report>
			<report>
				<misses>519700001</misses>
				<total>0</total>
				<timestamp>3418.845895</timestamp>
			</report>
			<report>
				<misses>519800001</misses>
				<total>0</total>
				<timestamp>3419.503241</timestamp>
			</report>
			<report>
				<misses>519900001</misses>
				<total>0</total>
				<timestamp>3420.159874</timestamp>
			</report>
			<report>
				<misses>520000001</misses>
				<total>0</total>
				<timestamp>3420.817333</timestamp>
			</report>
			<report>
				<misses>520100001</misses>
				<total>0</total>
				<timestamp>3421.475637</timestamp>
			</report>
			<report>
				<misses>520200001</misses>
				<total>0</total>
				<timestamp>3422.133170</timestamp>
			</report>
			<report>
				<misses>520300001</misses>
				<total>0</total>
				<timestamp>3422.791448</timestamp>
			</report>
			<report>
				<misses>520400001</misses>
				<total>0</total>
				<timestamp>3423.448730</timestamp>
			</report>
			<report>
				<misses>520500001</misses>
				<total>0</total>
				<timestamp>3424.106459</timestamp>
			</report>
			<report>
				<misses>520600001</misses>
				<total>0</total>
				<timestamp>3424.764799</timestamp>
			</report>
			<report>
				<misses>520700001</misses>
				<total>0</total>
				<timestamp>3425.422970</timestamp>
			</report>
			<report>
				<misses>520800001</misses>
				<total>0</total>
				<timestamp>3426.080127</timestamp>
			</report>
			<report>
				<misses>520900001</misses>
				<total>0</total>
				<timestamp>3426.738978</timestamp>
			</report>
			<report>
				<misses>521000001</misses>
				<total>0</total>
				<timestamp>3427.396300</timestamp>
			</report>
			<report>
				<misses>521100001</misses>
				<total>0</total>
				<timestamp>3428.056031</timestamp>
			</report>
			<report>
				<misses>521200001</misses>
				<total>0</total>
				<timestamp>3428.714601</timestamp>
			</report>
			<report>
				<misses>521300001</misses>
				<total>0</total>
				<timestamp>3429.374102</timestamp>
			</report>
			<report>
				<misses>521400001</misses>
				<total>0</total>
				<timestamp>3430.032753</timestamp>
			</report>
			<report>
				<misses>521500001</misses>
				<total>0</total>
				<timestamp>3430.691543</timestamp>
			</report>
			<report>
				<misses>521600001</misses>
				<total>0</total>
				<timestamp>3431.350915</timestamp>
			</report>
			<report>
				<misses>521700001</misses>
				<total>0</total>
				<timestamp>3432.010635</timestamp>
			</report>
			<report>
				<misses>521800001</misses>
				<total>0</total>
				<timestamp>3432.670477</timestamp>
			</report>
			<report>
				<misses>521900001</misses>
				<total>0</total>
				<timestamp>3433.329140</timestamp>
			</report>
			<report>
				<misses>522000001</misses>
				<total>0</total>
				<timestamp>3433.986825</timestamp>
			</report>
			<report>
				<misses>522100001</misses>
				<total>0</total>
				<timestamp>3434.643929</timestamp>
			</report>
			<report>
				<misses>522200001</misses>
				<total>0</total>
				<timestamp>3435.300662</timestamp>
			</report>
			<report>
				<misses>522300001</misses>
				<total>0</total>
				<timestamp>3435.957679</timestamp>
			</report>
			<report>
				<misses>522400001</misses>
				<total>0</total>
				<timestamp>3436.614693</timestamp>
			</report>
			<report>
				<misses>522500001</misses>
				<total>0</total>
				<timestamp>3437.272892</timestamp>
			</report>
			<report>
				<misses>522600001</misses>
				<total>0</total>
				<timestamp>3437.931627</timestamp>
			</report>
			<report>
				<misses>522700001</misses>
				<total>0</total>
				<timestamp>3438.588382</timestamp>
			</report>
			<report>
				<misses>522800001</misses>
				<total>0</total>
				<timestamp>3439.246065</timestamp>
			</report>
			<report>
				<misses>522900001</misses>
				<total>0</total>
				<timestamp>3439.903270</timestamp>
			</report>
			<report>
				<misses>523000001</misses>
				<total>0</total>
				<timestamp>3440.561735</timestamp>
			</report>
			<report>
				<misses>523100001</misses>
				<total>0</total>
				<timestamp>3441.218902</timestamp>
			</report>
			<report>
				<misses>523200001</misses>
				<total>0</total>
				<timestamp>3441.877401</timestamp>
			</report>
			<report>
				<misses>523300001</misses>
				<total>0</total>
				<timestamp>3442.535401</timestamp>
			</report>
			<report>
				<misses>523400001</misses>
				<total>0</total>
				<timestamp>3443.192833</timestamp>
			</report>
			<report>
				<misses>523500001</misses>
				<total>0</total>
				<timestamp>3443.850541</timestamp>
			</report>
			<report>
				<misses>523600001</misses>
				<total>0</total>
				<timestamp>3444.508941</timestamp>
			</report>
			<report>
				<misses>523700001</misses>
				<total>0</total>
				<timestamp>3445.166469</timestamp>
			</report>
			<report>
				<misses>523800001</misses>
				<total>0</total>
				<timestamp>3445.824997</timestamp>
			</report>
			<report>
				<misses>523900001</misses>
				<total>0</total>
				<timestamp>3446.484403</timestamp>
			</report>
			<report>
				<misses>524000001</misses>
				<total>0</total>
				<timestamp>3447.140899</timestamp>
			</report>
			<report>
				<misses>524100001</misses>
				<total>0</total>
				<timestamp>3447.798969</timestamp>
			</report>
			<report>
				<misses>524200001</misses>
				<total>0</total>
				<timestamp>3448.456628</timestamp>
			</report>
			<report>
				<misses>524300001</misses>
				<total>0</total>
				<timestamp>3449.114873</timestamp>
			</report>
			<report>
				<misses>524400001</misses>
				<total>0</total>
				<timestamp>3449.772296</timestamp>
			</report>
			<report>
				<misses>524500001</misses>
				<total>0</total>
				<timestamp>3450.430612</timestamp>
			</report>
			<report>
				<misses>524600001</misses>
				<total>0</total>
				<timestamp>3451.089387</timestamp>
			</report>
			<report>
				<misses>524700001</misses>
				<total>0</total>
				<timestamp>3451.746284</timestamp>
			</report>
			<report>
				<misses>524800001</misses>
				<total>0</total>
				<timestamp>3452.404058</timestamp>
			</report>
			<report>
				<misses>524900001</misses>
				<total>0</total>
				<timestamp>3453.062589</timestamp>
			</report>
			<report>
				<misses>525000001</misses>
				<total>0</total>
				<timestamp>3453.720175</timestamp>
			</report>
			<report>
				<misses>525100001</misses>
				<total>0</total>
				<timestamp>3454.380902</timestamp>
			</report>
			<report>
				<misses>525200001</misses>
				<total>0</total>
				<timestamp>3455.041275</timestamp>
			</report>
			<report>
				<misses>525300001</misses>
				<total>0</total>
				<timestamp>3455.700129</timestamp>
			</report>
			<report>
				<misses>525400001</misses>
				<total>0</total>
				<timestamp>3456.360162</timestamp>
			</report>
			<report>
				<misses>525500001</misses>
				<total>0</total>
				<timestamp>3457.019321</timestamp>
			</report>
			<report>
				<misses>525600001</misses>
				<total>0</total>
				<timestamp>3457.678769</timestamp>
			</report>
			<report>
				<misses>525700001</misses>
				<total>0</total>
				<timestamp>3458.338602</timestamp>
			</report>
			<report>
				<misses>525800001</misses>
				<total>0</total>
				<timestamp>3458.997202</timestamp>
			</report>
			<report>
				<misses>525900001</misses>
				<total>0</total>
				<timestamp>3459.656016</timestamp>
			</report>
			<report>
				<misses>526000001</misses>
				<total>0</total>
				<timestamp>3460.314862</timestamp>
			</report>
			<report>
				<misses>526100001</misses>
				<total>0</total>
				<timestamp>3460.972721</timestamp>
			</report>
			<report>
				<misses>526200001</misses>
				<total>0</total>
				<timestamp>3461.629642</timestamp>
			</report>
			<report>
				<misses>526300001</misses>
				<total>0</total>
				<timestamp>3462.286850</timestamp>
			</report>
			<report>
				<misses>526400001</misses>
				<total>0</total>
				<timestamp>3462.944277</timestamp>
			</report>
			<report>
				<misses>526500001</misses>
				<total>0</total>
				<timestamp>3463.603346</timestamp>
			</report>
			<report>
				<misses>526600001</misses>
				<total>0</total>
				<timestamp>3464.261657</timestamp>
			</report>
			<report>
				<misses>526700001</misses>
				<total>0</total>
				<timestamp>3464.920199</timestamp>
			</report>
			<report>
				<misses>526800001</misses>
				<total>0</total>
				<timestamp>3465.578088</timestamp>
			</report>
			<report>
				<misses>526900001</misses>
				<total>0</total>
				<timestamp>3466.237038</timestamp>
			</report>
			<report>
				<misses>527000001</misses>
				<total>0</total>
				<timestamp>3466.894836</timestamp>
			</report>
			<report>
				<misses>527100001</misses>
				<total>0</total>
				<timestamp>3467.552894</timestamp>
			</report>
			<report>
				<misses>527200001</misses>
				<total>0</total>
				<timestamp>3468.212502</timestamp>
			</report>
			<report>
				<misses>527300001</misses>
				<total>0</total>
				<timestamp>3468.871388</timestamp>
			</report>
			<report>
				<misses>527400001</misses>
				<total>0</total>
				<timestamp>3469.529228</timestamp>
			</report>
			<report>
				<misses>527500001</misses>
				<total>0</total>
				<timestamp>3470.187760</timestamp>
			</report>
			<report>
				<misses>527600001</misses>
				<total>0</total>
				<timestamp>3470.846215</timestamp>
			</report>
			<report>
				<misses>527700001</misses>
				<total>0</total>
				<timestamp>3471.504563</timestamp>
			</report>
			<report>
				<misses>527800001</misses>
				<total>0</total>
				<timestamp>3472.162688</timestamp>
			</report>
			<report>
				<misses>527900001</misses>
				<total>0</total>
				<timestamp>3472.821322</timestamp>
			</report>
			<report>
				<misses>528000001</misses>
				<total>0</total>
				<timestamp>3473.479299</timestamp>
			</report>
			<report>
				<misses>528100001</misses>
				<total>0</total>
				<timestamp>3474.138459</timestamp>
			</report>
			<report>
				<misses>528200001</misses>
				<total>0</total>
				<timestamp>3474.795921</timestamp>
			</report>
			<report>
				<misses>528300001</misses>
				<total>0</total>
				<timestamp>3475.454189</timestamp>
			</report>
			<report>
				<misses>528400001</misses>
				<total>0</total>
				<timestamp>3476.112414</timestamp>
			</report>
			<report>
				<misses>528500001</misses>
				<total>0</total>
				<timestamp>3476.771091</timestamp>
			</report>
			<report>
				<misses>528600001</misses>
				<total>0</total>
				<timestamp>3477.429864</timestamp>
			</report>
			<report>
				<misses>528700001</misses>
				<total>0</total>
				<timestamp>3478.087396</timestamp>
			</report>
			<report>
				<misses>528800001</misses>
				<total>0</total>
				<timestamp>3478.745695</timestamp>
			</report>
			<report>
				<misses>528900001</misses>
				<total>0</total>
				<timestamp>3479.404479</timestamp>
			</report>
			<report>
				<misses>529000001</misses>
				<total>0</total>
				<timestamp>3480.063284</timestamp>
			</report>
			<report>
				<misses>529100001</misses>
				<total>0</total>
				<timestamp>3480.719841</timestamp>
			</report>
			<report>
				<misses>529200001</misses>
				<total>0</total>
				<timestamp>3481.378612</timestamp>
			</report>
			<report>
				<misses>529300001</misses>
				<total>0</total>
				<timestamp>3482.036930</timestamp>
			</report>
			<report>
				<misses>529400001</misses>
				<total>0</total>
				<timestamp>3482.694419</timestamp>
			</report>
			<report>
				<misses>529500001</misses>
				<total>0</total>
				<timestamp>3483.354542</timestamp>
			</report>
			<report>
				<misses>529600001</misses>
				<total>0</total>
				<timestamp>3484.012865</timestamp>
			</report>
			<report>
				<misses>529700001</misses>
				<total>0</total>
				<timestamp>3484.670364</timestamp>
			</report>
			<report>
				<misses>529800001</misses>
				<total>0</total>
				<timestamp>3485.328607</timestamp>
			</report>
			<report>
				<misses>529900001</misses>
				<total>0</total>
				<timestamp>3485.987774</timestamp>
			</report>
			<report>
				<misses>530000001</misses>
				<total>0</total>
				<timestamp>3486.646267</timestamp>
			</report>
			<report>
				<misses>530100001</misses>
				<total>0</total>
				<timestamp>3487.303988</timestamp>
			</report>
			<report>
				<misses>530200001</misses>
				<total>0</total>
				<timestamp>3487.962269</timestamp>
			</report>
			<report>
				<misses>530300001</misses>
				<total>0</total>
				<timestamp>3488.620515</timestamp>
			</report>
			<report>
				<misses>530400001</misses>
				<total>0</total>
				<timestamp>3489.277875</timestamp>
			</report>
			<report>
				<misses>530500001</misses>
				<total>0</total>
				<timestamp>3489.935706</timestamp>
			</report>
			<report>
				<misses>530600001</misses>
				<total>0</total>
				<timestamp>3490.594501</timestamp>
			</report>
			<report>
				<misses>530700001</misses>
				<total>0</total>
				<timestamp>3491.252622</timestamp>
			</report>
			<report>
				<misses>530800001</misses>
				<total>0</total>
				<timestamp>3491.910493</timestamp>
			</report>
			<report>
				<misses>530900001</misses>
				<total>0</total>
				<timestamp>3492.568406</timestamp>
			</report>
			<report>
				<misses>531000001</misses>
				<total>0</total>
				<timestamp>3493.226047</timestamp>
			</report>
			<report>
				<misses>531100001</misses>
				<total>0</total>
				<timestamp>3493.883624</timestamp>
			</report>
			<report>
				<misses>531200001</misses>
				<total>0</total>
				<timestamp>3494.541169</timestamp>
			</report>
			<report>
				<misses>531300001</misses>
				<total>0</total>
				<timestamp>3495.199364</timestamp>
			</report>
			<report>
				<misses>531400001</misses>
				<total>0</total>
				<timestamp>3495.858185</timestamp>
			</report>
			<report>
				<misses>531500001</misses>
				<total>0</total>
				<timestamp>3496.515680</timestamp>
			</report>
			<report>
				<misses>531600001</misses>
				<total>0</total>
				<timestamp>3497.173497</timestamp>
			</report>
			<report>
				<misses>531700001</misses>
				<total>0</total>
				<timestamp>3497.832409</timestamp>
			</report>
			<report>
				<misses>531800001</misses>
				<total>0</total>
				<timestamp>3498.491990</timestamp>
			</report>
			<report>
				<misses>531900001</misses>
				<total>0</total>
				<timestamp>3499.150735</timestamp>
			</report>
			<report>
				<misses>532000001</misses>
				<total>0</total>
				<timestamp>3499.810266</timestamp>
			</report>
			<report>
				<misses>532100001</misses>
				<total>0</total>
				<timestamp>3500.467764</timestamp>
			</report>
			<report>
				<misses>532200001</misses>
				<total>0</total>
				<timestamp>3501.125531</timestamp>
			</report>
			<report>
				<misses>532300001</misses>
				<total>0</total>
				<timestamp>3501.785128</timestamp>
			</report>
			<report>
				<misses>532400001</misses>
				<total>0</total>
				<timestamp>3502.445352</timestamp>
			</report>
			<report>
				<misses>532500001</misses>
				<total>0</total>
				<timestamp>3503.103840</timestamp>
			</report>
			<report>
				<misses>532600001</misses>
				<total>0</total>
				<timestamp>3503.760408</timestamp>
			</report>
			<report>
				<misses>532700001</misses>
				<total>0</total>
				<timestamp>3504.418938</timestamp>
			</report>
			<report>
				<misses>532800001</misses>
				<total>0</total>
				<timestamp>3505.075936</timestamp>
			</report>
			<report>
				<misses>532900001</misses>
				<total>0</total>
				<timestamp>3505.732176</timestamp>
			</report>
			<report>
				<misses>533000001</misses>
				<total>0</total>
				<timestamp>3506.390273</timestamp>
			</report>
			<report>
				<misses>533100001</misses>
				<total>0</total>
				<timestamp>3507.049002</timestamp>
			</report>
			<report>
				<misses>533200001</misses>
				<total>0</total>
				<timestamp>3507.705949</timestamp>
			</report>
			<report>
				<misses>533300001</misses>
				<total>0</total>
				<timestamp>3508.362758</timestamp>
			</report>
			<report>
				<misses>533400001</misses>
				<total>0</total>
				<timestamp>3509.019552</timestamp>
			</report>
			<report>
				<misses>533500001</misses>
				<total>0</total>
				<timestamp>3509.677019</timestamp>
			</report>
			<report>
				<misses>533600001</misses>
				<total>0</total>
				<timestamp>3510.335094</timestamp>
			</report>
			<report>
				<misses>533700001</misses>
				<total>0</total>
				<timestamp>3510.992669</timestamp>
			</report>
			<report>
				<misses>533800001</misses>
				<total>0</total>
				<timestamp>3511.650967</timestamp>
			</report>
			<report>
				<misses>533900001</misses>
				<total>0</total>
				<timestamp>3512.309366</timestamp>
			</report>
			<report>
				<misses>534000001</misses>
				<total>0</total>
				<timestamp>3512.965643</timestamp>
			</report>
			<report>
				<misses>534100001</misses>
				<total>0</total>
				<timestamp>3513.623364</timestamp>
			</report>
			<report>
				<misses>534200001</misses>
				<total>0</total>
				<timestamp>3514.281629</timestamp>
			</report>
			<report>
				<misses>534300001</misses>
				<total>0</total>
				<timestamp>3514.940008</timestamp>
			</report>
			<report>
				<misses>534400001</misses>
				<total>0</total>
				<timestamp>3515.599271</timestamp>
			</report>
			<report>
				<misses>534500001</misses>
				<total>0</total>
				<timestamp>3516.256233</timestamp>
			</report>
			<report>
				<misses>534600001</misses>
				<total>0</total>
				<timestamp>3516.913610</timestamp>
			</report>
			<report>
				<misses>534700001</misses>
				<total>0</total>
				<timestamp>3517.572293</timestamp>
			</report>
			<report>
				<misses>534800001</misses>
				<total>0</total>
				<timestamp>3518.229572</timestamp>
			</report>
			<report>
				<misses>534900001</misses>
				<total>0</total>
				<timestamp>3518.887461</timestamp>
			</report>
			<report>
				<misses>535000001</misses>
				<total>0</total>
				<timestamp>3519.545574</timestamp>
			</report>
			<report>
				<misses>535100001</misses>
				<total>0</total>
				<timestamp>3520.203250</timestamp>
			</report>
			<report>
				<misses>535200001</misses>
				<total>0</total>
				<timestamp>3520.861521</timestamp>
			</report>
			<report>
				<misses>535300001</misses>
				<total>0</total>
				<timestamp>3521.519220</timestamp>
			</report>
			<report>
				<misses>535400001</misses>
				<total>0</total>
				<timestamp>3522.177687</timestamp>
			</report>
			<report>
				<misses>535500001</misses>
				<total>0</total>
				<timestamp>3522.837175</timestamp>
			</report>
			<report>
				<misses>535600001</misses>
				<total>0</total>
				<timestamp>3523.495527</timestamp>
			</report>
			<report>
				<misses>535700001</misses>
				<total>0</total>
				<timestamp>3524.153807</timestamp>
			</report>
			<report>
				<misses>535800001</misses>
				<total>0</total>
				<timestamp>3524.810963</timestamp>
			</report>
			<report>
				<misses>535900001</misses>
				<total>0</total>
				<timestamp>3525.468279</timestamp>
			</report>
			<report>
				<misses>536000001</misses>
				<total>0</total>
				<timestamp>3526.125987</timestamp>
			</report>
			<report>
				<misses>536100001</misses>
				<total>0</total>
				<timestamp>3526.783445</timestamp>
			</report>
			<report>
				<misses>536200001</misses>
				<total>0</total>
				<timestamp>3527.442465</timestamp>
			</report>
			<report>
				<misses>536300001</misses>
				<total>0</total>
				<timestamp>3528.099601</timestamp>
			</report>
			<report>
				<misses>536400001</misses>
				<total>0</total>
				<timestamp>3528.757863</timestamp>
			</report>
			<report>
				<misses>536500001</misses>
				<total>0</total>
				<timestamp>3529.415716</timestamp>
			</report>
			<report>
				<misses>536600001</misses>
				<total>0</total>
				<timestamp>3530.071429</timestamp>
			</report>
			<report>
				<misses>536700001</misses>
				<total>0</total>
				<timestamp>3530.729438</timestamp>
			</report>
			<report>
				<misses>536800001</misses>
				<total>0</total>
				<timestamp>3531.388251</timestamp>
			</report>
			<report>
				<misses>536900001</misses>
				<total>0</total>
				<timestamp>3532.045658</timestamp>
			</report>
			<report>
				<misses>537000001</misses>
				<total>0</total>
				<timestamp>3532.702616</timestamp>
			</report>
			<report>
				<misses>537100001</misses>
				<total>0</total>
				<timestamp>3533.360574</timestamp>
			</report>
			<report>
				<misses>537200001</misses>
				<total>0</total>
				<timestamp>3534.018962</timestamp>
			</report>
			<report>
				<misses>537300001</misses>
				<total>0</total>
				<timestamp>3534.675315</timestamp>
			</report>
			<report>
				<misses>537400001</misses>
				<total>0</total>
				<timestamp>3535.333439</timestamp>
			</report>
			<report>
				<misses>537500001</misses>
				<total>0</total>
				<timestamp>3535.990002</timestamp>
			</report>
			<report>
				<misses>537600001</misses>
				<total>0</total>
				<timestamp>3536.648839</timestamp>
			</report>
			<report>
				<misses>537700001</misses>
				<total>0</total>
				<timestamp>3537.306636</timestamp>
			</report>
			<report>
				<misses>537800001</misses>
				<total>0</total>
				<timestamp>3537.965497</timestamp>
			</report>
			<report>
				<misses>537900001</misses>
				<total>0</total>
				<timestamp>3538.623112</timestamp>
			</report>
			<report>
				<misses>538000001</misses>
				<total>0</total>
				<timestamp>3539.280976</timestamp>
			</report>
			<report>
				<misses>538100001</misses>
				<total>0</total>
				<timestamp>3539.939280</timestamp>
			</report>
			<report>
				<misses>538200001</misses>
				<total>0</total>
				<timestamp>3540.597455</timestamp>
			</report>
			<report>
				<misses>538300001</misses>
				<total>0</total>
				<timestamp>3541.255647</timestamp>
			</report>
			<report>
				<misses>538400001</misses>
				<total>0</total>
				<timestamp>3541.913605</timestamp>
			</report>
			<report>
				<misses>538500001</misses>
				<total>0</total>
				<timestamp>3542.570832</timestamp>
			</report>
			<report>
				<misses>538600001</misses>
				<total>0</total>
				<timestamp>3543.228635</timestamp>
			</report>
			<report>
				<misses>538700001</misses>
				<total>0</total>
				<timestamp>3543.888514</timestamp>
			</report>
			<report>
				<misses>538800001</misses>
				<total>0</total>
				<timestamp>3544.546796</timestamp>
			</report>
			<report>
				<misses>538900001</misses>
				<total>0</total>
				<timestamp>3545.205270</timestamp>
			</report>
			<report>
				<misses>539000001</misses>
				<total>0</total>
				<timestamp>3545.863927</timestamp>
			</report>
			<report>
				<misses>539100001</misses>
				<total>0</total>
				<timestamp>3546.523789</timestamp>
			</report>
			<report>
				<misses>539200001</misses>
				<total>0</total>
				<timestamp>3547.182951</timestamp>
			</report>
			<report>
				<misses>539300001</misses>
				<total>0</total>
				<timestamp>3547.841907</timestamp>
			</report>
			<report>
				<misses>539400001</misses>
				<total>0</total>
				<timestamp>3548.501143</timestamp>
			</report>
			<report>
				<misses>539500001</misses>
				<total>0</total>
				<timestamp>3549.159684</timestamp>
			</report>
			<report>
				<misses>539600001</misses>
				<total>0</total>
				<timestamp>3549.817459</timestamp>
			</report>
			<report>
				<misses>539700001</misses>
				<total>0</total>
				<timestamp>3550.476045</timestamp>
			</report>
			<report>
				<misses>539800001</misses>
				<total>0</total>
				<timestamp>3551.133637</timestamp>
			</report>
			<report>
				<misses>539900001</misses>
				<total>0</total>
				<timestamp>3551.791195</timestamp>
			</report>
			<report>
				<misses>540000001</misses>
				<total>0</total>
				<timestamp>3552.448822</timestamp>
			</report>
			<report>
				<misses>540100001</misses>
				<total>0</total>
				<timestamp>3553.107049</timestamp>
			</report>
			<report>
				<misses>540200001</misses>
				<total>0</total>
				<timestamp>3553.763822</timestamp>
			</report>
			<report>
				<misses>540300001</misses>
				<total>0</total>
				<timestamp>3554.422713</timestamp>
			</report>
			<report>
				<misses>540400001</misses>
				<total>0</total>
				<timestamp>3555.080436</timestamp>
			</report>
			<report>
				<misses>540500001</misses>
				<total>0</total>
				<timestamp>3555.738209</timestamp>
			</report>
			<report>
				<misses>540600001</misses>
				<total>0</total>
				<timestamp>3556.395656</timestamp>
			</report>
			<report>
				<misses>540700001</misses>
				<total>0</total>
				<timestamp>3557.053044</timestamp>
			</report>
			<report>
				<misses>540800001</misses>
				<total>0</total>
				<timestamp>3557.710326</timestamp>
			</report>
			<report>
				<misses>540900001</misses>
				<total>0</total>
				<timestamp>3558.368319</timestamp>
			</report>
			<report>
				<misses>541000001</misses>
				<total>0</total>
				<timestamp>3559.024141</timestamp>
			</report>
			<report>
				<misses>541100001</misses>
				<total>0</total>
				<timestamp>3559.681506</timestamp>
			</report>
			<report>
				<misses>541200001</misses>
				<total>0</total>
				<timestamp>3560.339347</timestamp>
			</report>
			<report>
				<misses>541300001</misses>
				<total>0</total>
				<timestamp>3560.997627</timestamp>
			</report>
			<report>
				<misses>541400001</misses>
				<total>0</total>
				<timestamp>3561.655307</timestamp>
			</report>
			<report>
				<misses>541500001</misses>
				<total>0</total>
				<timestamp>3562.313132</timestamp>
			</report>
			<report>
				<misses>541600001</misses>
				<total>0</total>
				<timestamp>3562.970612</timestamp>
			</report>
			<report>
				<misses>541700001</misses>
				<total>0</total>
				<timestamp>3563.628380</timestamp>
			</report>
			<report>
				<misses>541800001</misses>
				<total>0</total>
				<timestamp>3564.285696</timestamp>
			</report>
			<report>
				<misses>541900001</misses>
				<total>0</total>
				<timestamp>3564.943662</timestamp>
			</report>
			<report>
				<misses>542000001</misses>
				<total>0</total>
				<timestamp>3565.601858</timestamp>
			</report>
			<report>
				<misses>542100001</misses>
				<total>0</total>
				<timestamp>3566.259652</timestamp>
			</report>
			<report>
				<misses>542200001</misses>
				<total>0</total>
				<timestamp>3566.917738</timestamp>
			</report>
			<report>
				<misses>542300001</misses>
				<total>0</total>
				<timestamp>3567.575922</timestamp>
			</report>
			<report>
				<misses>542400001</misses>
				<total>0</total>
				<timestamp>3568.233533</timestamp>
			</report>
			<report>
				<misses>542500001</misses>
				<total>0</total>
				<timestamp>3568.891979</timestamp>
			</report>
			<report>
				<misses>542600001</misses>
				<total>0</total>
				<timestamp>3569.551016</timestamp>
			</report>
			<report>
				<misses>542700001</misses>
				<total>0</total>
				<timestamp>3570.206606</timestamp>
			</report>
			<report>
				<misses>542800001</misses>
				<total>0</total>
				<timestamp>3570.864441</timestamp>
			</report>
			<report>
				<misses>542900001</misses>
				<total>0</total>
				<timestamp>3571.522257</timestamp>
			</report>
			<report>
				<misses>543000001</misses>
				<total>0</total>
				<timestamp>3572.180212</timestamp>
			</report>
			<report>
				<misses>543100001</misses>
				<total>0</total>
				<timestamp>3572.837916</timestamp>
			</report>
			<report>
				<misses>543200001</misses>
				<total>0</total>
				<timestamp>3573.495373</timestamp>
			</report>
			<report>
				<misses>543300001</misses>
				<total>0</total>
				<timestamp>3574.154093</timestamp>
			</report>
			<report>
				<misses>543400001</misses>
				<total>0</total>
				<timestamp>3574.810901</timestamp>
			</report>
			<report>
				<misses>543500001</misses>
				<total>0</total>
				<timestamp>3575.468553</timestamp>
			</report>
			<report>
				<misses>543600001</misses>
				<total>0</total>
				<timestamp>3576.126660</timestamp>
			</report>
			<report>
				<misses>543700001</misses>
				<total>0</total>
				<timestamp>3576.783470</timestamp>
			</report>
			<report>
				<misses>543800001</misses>
				<total>0</total>
				<timestamp>3577.442474</timestamp>
			</report>
			<report>
				<misses>543900001</misses>
				<total>0</total>
				<timestamp>3578.100338</timestamp>
			</report>
			<report>
				<misses>544000001</misses>
				<total>0</total>
				<timestamp>3578.759692</timestamp>
			</report>
			<report>
				<misses>544100001</misses>
				<total>0</total>
				<timestamp>3579.417674</timestamp>
			</report>
			<report>
				<misses>544200001</misses>
				<total>0</total>
				<timestamp>3580.075771</timestamp>
			</report>
			<report>
				<misses>544300001</misses>
				<total>0</total>
				<timestamp>3580.734851</timestamp>
			</report>
			<report>
				<misses>544400001</misses>
				<total>0</total>
				<timestamp>3581.393545</timestamp>
			</report>
			<report>
				<misses>544500001</misses>
				<total>0</total>
				<timestamp>3582.051726</timestamp>
			</report>
			<report>
				<misses>544600001</misses>
				<total>0</total>
				<timestamp>3582.711499</timestamp>
			</report>
			<report>
				<misses>544700001</misses>
				<total>0</total>
				<timestamp>3583.370153</timestamp>
			</report>
			<report>
				<misses>544800001</misses>
				<total>0</total>
				<timestamp>3584.029041</timestamp>
			</report>
			<report>
				<misses>544900001</misses>
				<total>0</total>
				<timestamp>3584.687464</timestamp>
			</report>
			<report>
				<misses>545000001</misses>
				<total>0</total>
				<timestamp>3585.344525</timestamp>
			</report>
			<report>
				<misses>545100001</misses>
				<total>0</total>
				<timestamp>3586.003222</timestamp>
			</report>
			<report>
				<misses>545200001</misses>
				<total>0</total>
				<timestamp>3586.661598</timestamp>
			</report>
			<report>
				<misses>545300001</misses>
				<total>0</total>
				<timestamp>3587.319153</timestamp>
			</report>
			<report>
				<misses>545400001</misses>
				<total>0</total>
				<timestamp>3587.976611</timestamp>
			</report>
			<report>
				<misses>545500001</misses>
				<total>0</total>
				<timestamp>3588.635884</timestamp>
			</report>
			<report>
				<misses>545600001</misses>
				<total>0</total>
				<timestamp>3589.295330</timestamp>
			</report>
			<report>
				<misses>545700001</misses>
				<total>0</total>
				<timestamp>3589.955226</timestamp>
			</report>
			<report>
				<misses>545800001</misses>
				<total>0</total>
				<timestamp>3590.613797</timestamp>
			</report>
			<report>
				<misses>545900001</misses>
				<total>0</total>
				<timestamp>3591.273879</timestamp>
			</report>
			<report>
				<misses>546000001</misses>
				<total>0</total>
				<timestamp>3591.933775</timestamp>
			</report>
			<report>
				<misses>546100001</misses>
				<total>0</total>
				<timestamp>3592.593191</timestamp>
			</report>
			<report>
				<misses>546200001</misses>
				<total>0</total>
				<timestamp>3593.251487</timestamp>
			</report>
			<report>
				<misses>546300001</misses>
				<total>0</total>
				<timestamp>3593.909651</timestamp>
			</report>
			<report>
				<misses>546400001</misses>
				<total>0</total>
				<timestamp>3594.566982</timestamp>
			</report>
			<report>
				<misses>546500001</misses>
				<total>0</total>
				<timestamp>3595.224845</timestamp>
			</report>
			<report>
				<misses>546600001</misses>
				<total>0</total>
				<timestamp>3595.883222</timestamp>
			</report>
			<report>
				<misses>546700001</misses>
				<total>0</total>
				<timestamp>3596.540982</timestamp>
			</report>
			<report>
				<misses>546800001</misses>
				<total>0</total>
				<timestamp>3597.197903</timestamp>
			</report>
			<report>
				<misses>546900001</misses>
				<total>0</total>
				<timestamp>3597.856012</timestamp>
			</report>
			<report>
				<misses>547000001</misses>
				<total>0</total>
				<timestamp>3598.514101</timestamp>
			</report>
			<report>
				<misses>547100001</misses>
				<total>0</total>
				<timestamp>3599.171800</timestamp>
			</report>
			<report>
				<misses>547200001</misses>
				<total>0</total>
				<timestamp>3599.829470</timestamp>
			</report>
			<report>
				<misses>547300001</misses>
				<total>0</total>
				<timestamp>3600.488049</timestamp>
			</report>
			<report>
				<misses>547400001</misses>
				<total>0</total>
				<timestamp>3601.145309</timestamp>
			</report>
			<report>
				<misses>547500001</misses>
				<total>0</total>
				<timestamp>3601.801504</timestamp>
			</report>
			<report>
				<misses>547600001</misses>
				<total>0</total>
				<timestamp>3602.459861</timestamp>
			</report>
			<report>
				<misses>547700001</misses>
				<total>0</total>
				<timestamp>3603.117326</timestamp>
			</report>
			<report>
				<misses>547800001</misses>
				<total>0</total>
				<timestamp>3603.776141</timestamp>
			</report>
			<report>
				<misses>547900001</misses>
				<total>0</total>
				<timestamp>3604.432179</timestamp>
			</report>
			<report>
				<misses>548000001</misses>
				<total>0</total>
				<timestamp>3605.089608</timestamp>
			</report>
			<report>
				<misses>548100001</misses>
				<total>0</total>
				<timestamp>3605.748668</timestamp>
			</report>
			<report>
				<misses>548200001</misses>
				<total>0</total>
				<timestamp>3606.405885</timestamp>
			</report>
			<report>
				<misses>548300001</misses>
				<total>0</total>
				<timestamp>3607.063897</timestamp>
			</report>
			<report>
				<misses>548400001</misses>
				<total>0</total>
				<timestamp>3607.723038</timestamp>
			</report>
			<report>
				<misses>548500001</misses>
				<total>0</total>
				<timestamp>3608.380143</timestamp>
			</report>
			<report>
				<misses>548600001</misses>
				<total>0</total>
				<timestamp>3609.037015</timestamp>
			</report>
			<report>
				<misses>548700001</misses>
				<total>0</total>
				<timestamp>3609.695522</timestamp>
			</report>
			<report>
				<misses>548800001</misses>
				<total>0</total>
				<timestamp>3610.353572</timestamp>
			</report>
			<report>
				<misses>548900001</misses>
				<total>0</total>
				<timestamp>3611.011558</timestamp>
			</report>
			<report>
				<misses>549000001</misses>
				<total>0</total>
				<timestamp>3611.670584</timestamp>
			</report>
			<report>
				<misses>549100001</misses>
				<total>0</total>
				<timestamp>3612.327484</timestamp>
			</report>
			<report>
				<misses>549200001</misses>
				<total>0</total>
				<timestamp>3612.985308</timestamp>
			</report>
			<report>
				<misses>549300001</misses>
				<total>0</total>
				<timestamp>3613.642955</timestamp>
			</report>
			<report>
				<misses>549400001</misses>
				<total>0</total>
				<timestamp>3614.301319</timestamp>
			</report>
			<report>
				<misses>549500001</misses>
				<total>0</total>
				<timestamp>3614.960370</timestamp>
			</report>
			<report>
				<misses>549600001</misses>
				<total>0</total>
				<timestamp>3615.618277</timestamp>
			</report>
			<report>
				<misses>549700001</misses>
				<total>0</total>
				<timestamp>3616.276619</timestamp>
			</report>
			<report>
				<misses>549800001</misses>
				<total>0</total>
				<timestamp>3616.934048</timestamp>
			</report>
			<report>
				<misses>549900001</misses>
				<total>0</total>
				<timestamp>3617.593330</timestamp>
			</report>
			<report>
				<misses>550000001</misses>
				<total>0</total>
				<timestamp>3618.251041</timestamp>
			</report>
			<report>
				<misses>550100001</misses>
				<total>0</total>
				<timestamp>3618.909557</timestamp>
			</report>
			<report>
				<misses>550200001</misses>
				<total>0</total>
				<timestamp>3619.567691</timestamp>
			</report>
			<report>
				<misses>550300001</misses>
				<total>0</total>
				<timestamp>3620.226020</timestamp>
			</report>
			<report>
				<misses>550400001</misses>
				<total>0</total>
				<timestamp>3620.884472</timestamp>
			</report>
			<report>
				<misses>550500001</misses>
				<total>0</total>
				<timestamp>3621.541769</timestamp>
			</report>
			<report>
				<misses>550600001</misses>
				<total>0</total>
				<timestamp>3622.199636</timestamp>
			</report>
			<report>
				<misses>550700001</misses>
				<total>0</total>
				<timestamp>3622.857683</timestamp>
			</report>
			<report>
				<misses>550800001</misses>
				<total>0</total>
				<timestamp>3623.513850</timestamp>
			</report>
			<report>
				<misses>550900001</misses>
				<total>0</total>
				<timestamp>3624.172497</timestamp>
			</report>
			<report>
				<misses>551000001</misses>
				<total>0</total>
				<timestamp>3624.826600</timestamp>
			</report>
			<report>
				<misses>551100001</misses>
				<total>0</total>
				<timestamp>3625.485201</timestamp>
			</report>
			<report>
				<misses>551200001</misses>
				<total>0</total>
				<timestamp>3626.142266</timestamp>
			</report>
			<report>
				<misses>551300001</misses>
				<total>0</total>
				<timestamp>3626.797887</timestamp>
			</report>
			<report>
				<misses>551400001</misses>
				<total>0</total>
				<timestamp>3627.455414</timestamp>
			</report>
			<report>
				<misses>551500001</misses>
				<total>0</total>
				<timestamp>3628.112673</timestamp>
			</report>
			<report>
				<misses>551600001</misses>
				<total>0</total>
				<timestamp>3628.770569</timestamp>
			</report>
			<report>
				<misses>551700001</misses>
				<total>0</total>
				<timestamp>3629.429054</timestamp>
			</report>
			<report>
				<misses>551800001</misses>
				<total>0</total>
				<timestamp>3630.087583</timestamp>
			</report>
			<report>
				<misses>551900001</misses>
				<total>0</total>
				<timestamp>3630.744682</timestamp>
			</report>
			<report>
				<misses>552000001</misses>
				<total>0</total>
				<timestamp>3631.402809</timestamp>
			</report>
			<report>
				<misses>552100001</misses>
				<total>0</total>
				<timestamp>3632.060667</timestamp>
			</report>
			<report>
				<misses>552200001</misses>
				<total>0</total>
				<timestamp>3632.717387</timestamp>
			</report>
			<report>
				<misses>552300001</misses>
				<total>0</total>
				<timestamp>3633.375267</timestamp>
			</report>
			<report>
				<misses>552400001</misses>
				<total>0</total>
				<timestamp>3634.034627</timestamp>
			</report>
			<report>
				<misses>552500001</misses>
				<total>0</total>
				<timestamp>3634.694937</timestamp>
			</report>
			<report>
				<misses>552600001</misses>
				<total>0</total>
				<timestamp>3635.354320</timestamp>
			</report>
			<report>
				<misses>552700001</misses>
				<total>0</total>
				<timestamp>3636.013238</timestamp>
			</report>
			<report>
				<misses>552800001</misses>
				<total>0</total>
				<timestamp>3636.672372</timestamp>
			</report>
			<report>
				<misses>552900001</misses>
				<total>0</total>
				<timestamp>3637.331785</timestamp>
			</report>
			<report>
				<misses>553000001</misses>
				<total>0</total>
				<timestamp>3637.989906</timestamp>
			</report>
			<report>
				<misses>553100001</misses>
				<total>0</total>
				<timestamp>3638.648237</timestamp>
			</report>
			<report>
				<misses>553200001</misses>
				<total>0</total>
				<timestamp>3639.306212</timestamp>
			</report>
			<report>
				<misses>553300001</misses>
				<total>0</total>
				<timestamp>3639.963346</timestamp>
			</report>
			<report>
				<misses>553400001</misses>
				<total>0</total>
				<timestamp>3640.621107</timestamp>
			</report>
			<report>
				<misses>553500001</misses>
				<total>0</total>
				<timestamp>3641.278438</timestamp>
			</report>
			<report>
				<misses>553600001</misses>
				<total>0</total>
				<timestamp>3641.936276</timestamp>
			</report>
			<report>
				<misses>553700001</misses>
				<total>0</total>
				<timestamp>3642.593693</timestamp>
			</report>
			<report>
				<misses>553800001</misses>
				<total>0</total>
				<timestamp>3643.251161</timestamp>
			</report>
			<report>
				<misses>553900001</misses>
				<total>0</total>
				<timestamp>3643.909539</timestamp>
			</report>
			<report>
				<misses>554000001</misses>
				<total>0</total>
				<timestamp>3644.568655</timestamp>
			</report>
			<report>
				<misses>554100001</misses>
				<total>0</total>
				<timestamp>3645.225345</timestamp>
			</report>
			<report>
				<misses>554200001</misses>
				<total>0</total>
				<timestamp>3645.884345</timestamp>
			</report>
			<report>
				<misses>554300001</misses>
				<total>0</total>
				<timestamp>3646.542055</timestamp>
			</report>
			<report>
				<misses>554400001</misses>
				<total>0</total>
				<timestamp>3647.201151</timestamp>
			</report>
			<report>
				<misses>554500001</misses>
				<total>0</total>
				<timestamp>3647.858572</timestamp>
			</report>
			<report>
				<misses>554600001</misses>
				<total>0</total>
				<timestamp>3648.516772</timestamp>
			</report>
			<report>
				<misses>554700001</misses>
				<total>0</total>
				<timestamp>3649.175015</timestamp>
			</report>
			<report>
				<misses>554800001</misses>
				<total>0</total>
				<timestamp>3649.833317</timestamp>
			</report>
			<report>
				<misses>554900001</misses>
				<total>0</total>
				<timestamp>3650.490149</timestamp>
			</report>
			<report>
				<misses>555000001</misses>
				<total>0</total>
				<timestamp>3651.147963</timestamp>
			</report>
			<report>
				<misses>555100001</misses>
				<total>0</total>
				<timestamp>3651.805731</timestamp>
			</report>
			<report>
				<misses>555200001</misses>
				<total>0</total>
				<timestamp>3652.464095</timestamp>
			</report>
			<report>
				<misses>555300001</misses>
				<total>0</total>
				<timestamp>3653.123078</timestamp>
			</report>
			<report>
				<misses>555400001</misses>
				<total>0</total>
				<timestamp>3653.780700</timestamp>
			</report>
			<report>
				<misses>555500001</misses>
				<total>0</total>
				<timestamp>3654.438394</timestamp>
			</report>
			<report>
				<misses>555600001</misses>
				<total>0</total>
				<timestamp>3655.096400</timestamp>
			</report>
			<report>
				<misses>555700001</misses>
				<total>0</total>
				<timestamp>3655.753854</timestamp>
			</report>
			<report>
				<misses>555800001</misses>
				<total>0</total>
				<timestamp>3656.411341</timestamp>
			</report>
			<report>
				<misses>555900001</misses>
				<total>0</total>
				<timestamp>3657.069010</timestamp>
			</report>
			<report>
				<misses>556000001</misses>
				<total>0</total>
				<timestamp>3657.726579</timestamp>
			</report>
			<report>
				<misses>556100001</misses>
				<total>0</total>
				<timestamp>3658.384513</timestamp>
			</report>
			<report>
				<misses>556200001</misses>
				<total>0</total>
				<timestamp>3659.043174</timestamp>
			</report>
			<report>
				<misses>556300001</misses>
				<total>0</total>
				<timestamp>3659.701504</timestamp>
			</report>
			<report>
				<misses>556400001</misses>
				<total>0</total>
				<timestamp>3660.359441</timestamp>
			</report>
			<report>
				<misses>556500001</misses>
				<total>0</total>
				<timestamp>3661.016185</timestamp>
			</report>
			<report>
				<misses>556600001</misses>
				<total>0</total>
				<timestamp>3661.673822</timestamp>
			</report>
			<report>
				<misses>556700001</misses>
				<total>0</total>
				<timestamp>3662.330723</timestamp>
			</report>
			<report>
				<misses>556800001</misses>
				<total>0</total>
				<timestamp>3662.988941</timestamp>
			</report>
			<report>
				<misses>556900001</misses>
				<total>0</total>
				<timestamp>3663.647343</timestamp>
			</report>
			<report>
				<misses>557000001</misses>
				<total>0</total>
				<timestamp>3664.305486</timestamp>
			</report>
			<report>
				<misses>557100001</misses>
				<total>0</total>
				<timestamp>3664.963728</timestamp>
			</report>
			<report>
				<misses>557200001</misses>
				<total>0</total>
				<timestamp>3665.622647</timestamp>
			</report>
			<report>
				<misses>557300001</misses>
				<total>0</total>
				<timestamp>3666.281020</timestamp>
			</report>
			<report>
				<misses>557400001</misses>
				<total>0</total>
				<timestamp>3666.938606</timestamp>
			</report>
			<report>
				<misses>557500001</misses>
				<total>0</total>
				<timestamp>3667.597126</timestamp>
			</report>
			<report>
				<misses>557600001</misses>
				<total>0</total>
				<timestamp>3668.255266</timestamp>
			</report>
			<report>
				<misses>557700001</misses>
				<total>0</total>
				<timestamp>3668.913243</timestamp>
			</report>
			<report>
				<misses>557800001</misses>
				<total>0</total>
				<timestamp>3669.571837</timestamp>
			</report>
			<report>
				<misses>557900001</misses>
				<total>0</total>
				<timestamp>3670.229438</timestamp>
			</report>
			<report>
				<misses>558000001</misses>
				<total>0</total>
				<timestamp>3670.886334</timestamp>
			</report>
			<report>
				<misses>558100001</misses>
				<total>0</total>
				<timestamp>3671.545154</timestamp>
			</report>
			<report>
				<misses>558200001</misses>
				<total>0</total>
				<timestamp>3672.203229</timestamp>
			</report>
			<report>
				<misses>558300001</misses>
				<total>0</total>
				<timestamp>3672.862067</timestamp>
			</report>
			<report>
				<misses>558400001</misses>
				<total>0</total>
				<timestamp>3673.519426</timestamp>
			</report>
			<report>
				<misses>558500001</misses>
				<total>0</total>
				<timestamp>3674.177303</timestamp>
			</report>
			<report>
				<misses>558600001</misses>
				<total>0</total>
				<timestamp>3674.834594</timestamp>
			</report>
			<report>
				<misses>558700001</misses>
				<total>0</total>
				<timestamp>3675.493103</timestamp>
			</report>
			<report>
				<misses>558800001</misses>
				<total>0</total>
				<timestamp>3676.152370</timestamp>
			</report>
			<report>
				<misses>558900001</misses>
				<total>0</total>
				<timestamp>3676.810732</timestamp>
			</report>
			<report>
				<misses>559000001</misses>
				<total>0</total>
				<timestamp>3677.469285</timestamp>
			</report>
			<report>
				<misses>559100001</misses>
				<total>0</total>
				<timestamp>3678.127398</timestamp>
			</report>
			<report>
				<misses>559200001</misses>
				<total>0</total>
				<timestamp>3678.787001</timestamp>
			</report>
			<report>
				<misses>559300001</misses>
				<total>0</total>
				<timestamp>3679.445669</timestamp>
			</report>
			<report>
				<misses>559400001</misses>
				<total>0</total>
				<timestamp>3680.104977</timestamp>
			</report>
			<report>
				<misses>559500001</misses>
				<total>0</total>
				<timestamp>3680.764179</timestamp>
			</report>
			<report>
				<misses>559600001</misses>
				<total>0</total>
				<timestamp>3681.424313</timestamp>
			</report>
			<report>
				<misses>559700001</misses>
				<total>0</total>
				<timestamp>3682.083315</timestamp>
			</report>
			<report>
				<misses>559800001</misses>
				<total>0</total>
				<timestamp>3682.741827</timestamp>
			</report>
			<report>
				<misses>559900001</misses>
				<total>0</total>
				<timestamp>3683.400882</timestamp>
			</report>
			<report>
				<misses>560000001</misses>
				<total>0</total>
				<timestamp>3684.057738</timestamp>
			</report>
			<report>
				<misses>560100001</misses>
				<total>0</total>
				<timestamp>3684.714323</timestamp>
			</report>
			<report>
				<misses>560200001</misses>
				<total>0</total>
				<timestamp>3685.372011</timestamp>
			</report>
			<report>
				<misses>560300001</misses>
				<total>0</total>
				<timestamp>3686.030320</timestamp>
			</report>
			<report>
				<misses>560400001</misses>
				<total>0</total>
				<timestamp>3686.688871</timestamp>
			</report>
			<report>
				<misses>560500001</misses>
				<total>0</total>
				<timestamp>3687.347457</timestamp>
			</report>
			<report>
				<misses>560600001</misses>
				<total>0</total>
				<timestamp>3688.006751</timestamp>
			</report>
			<report>
				<misses>560700001</misses>
				<total>0</total>
				<timestamp>3688.664552</timestamp>
			</report>
			<report>
				<misses>560800001</misses>
				<total>0</total>
				<timestamp>3689.322856</timestamp>
			</report>
			<report>
				<misses>560900001</misses>
				<total>0</total>
				<timestamp>3689.980983</timestamp>
			</report>
			<report>
				<misses>561000001</misses>
				<total>0</total>
				<timestamp>3690.638220</timestamp>
			</report>
			<report>
				<misses>561100001</misses>
				<total>0</total>
				<timestamp>3691.296380</timestamp>
			</report>
			<report>
				<misses>561200001</misses>
				<total>0</total>
				<timestamp>3691.954617</timestamp>
			</report>
			<report>
				<misses>561300001</misses>
				<total>0</total>
				<timestamp>3692.612507</timestamp>
			</report>
			<report>
				<misses>561400001</misses>
				<total>0</total>
				<timestamp>3693.270695</timestamp>
			</report>
			<report>
				<misses>561500001</misses>
				<total>0</total>
				<timestamp>3693.928656</timestamp>
			</report>
			<report>
				<misses>561600001</misses>
				<total>0</total>
				<timestamp>3694.586282</timestamp>
			</report>
			<report>
				<misses>561700001</misses>
				<total>0</total>
				<timestamp>3695.244007</timestamp>
			</report>
			<report>
				<misses>561800001</misses>
				<total>0</total>
				<timestamp>3695.901921</timestamp>
			</report>
			<report>
				<misses>561900001</misses>
				<total>0</total>
				<timestamp>3696.559580</timestamp>
			</report>
			<report>
				<misses>562000001</misses>
				<total>0</total>
				<timestamp>3697.217242</timestamp>
			</report>
			<report>
				<misses>562100001</misses>
				<total>0</total>
				<timestamp>3697.875159</timestamp>
			</report>
			<report>
				<misses>562200001</misses>
				<total>0</total>
				<timestamp>3698.532547</timestamp>
			</report>
			<report>
				<misses>562300001</misses>
				<total>0</total>
				<timestamp>3699.189981</timestamp>
			</report>
			<report>
				<misses>562400001</misses>
				<total>0</total>
				<timestamp>3699.847993</timestamp>
			</report>
			<report>
				<misses>562500001</misses>
				<total>0</total>
				<timestamp>3700.503988</timestamp>
			</report>
			<report>
				<misses>562600001</misses>
				<total>0</total>
				<timestamp>3701.161887</timestamp>
			</report>
			<report>
				<misses>562700001</misses>
				<total>0</total>
				<timestamp>3701.819176</timestamp>
			</report>
			<report>
				<misses>562800001</misses>
				<total>0</total>
				<timestamp>3702.476964</timestamp>
			</report>
			<report>
				<misses>562900001</misses>
				<total>0</total>
				<timestamp>3703.135354</timestamp>
			</report>
			<report>
				<misses>563000001</misses>
				<total>0</total>
				<timestamp>3703.793358</timestamp>
			</report>
			<report>
				<misses>563100001</misses>
				<total>0</total>
				<timestamp>3704.450558</timestamp>
			</report>
			<report>
				<misses>563200001</misses>
				<total>0</total>
				<timestamp>3705.106250</timestamp>
			</report>
			<report>
				<misses>563300001</misses>
				<total>0</total>
				<timestamp>3705.762363</timestamp>
			</report>
			<report>
				<misses>563400001</misses>
				<total>0</total>
				<timestamp>3706.418448</timestamp>
			</report>
			<report>
				<misses>563500001</misses>
				<total>0</total>
				<timestamp>3707.075345</timestamp>
			</report>
			<report>
				<misses>563600001</misses>
				<total>0</total>
				<timestamp>3707.732419</timestamp>
			</report>
			<report>
				<misses>563700001</misses>
				<total>0</total>
				<timestamp>3708.390741</timestamp>
			</report>
			<report>
				<misses>563800001</misses>
				<total>0</total>
				<timestamp>3709.048052</timestamp>
			</report>
			<report>
				<misses>563900001</misses>
				<total>0</total>
				<timestamp>3709.705404</timestamp>
			</report>
			<report>
				<misses>564000001</misses>
				<total>0</total>
				<timestamp>3710.362367</timestamp>
			</report>
			<report>
				<misses>564100001</misses>
				<total>0</total>
				<timestamp>3711.018963</timestamp>
			</report>
			<report>
				<misses>564200001</misses>
				<total>0</total>
				<timestamp>3711.676789</timestamp>
			</report>
			<report>
				<misses>564300001</misses>
				<total>0</total>
				<timestamp>3712.334684</timestamp>
			</report>
			<report>
				<misses>564400001</misses>
				<total>0</total>
				<timestamp>3712.992498</timestamp>
			</report>
			<report>
				<misses>564500001</misses>
				<total>0</total>
				<timestamp>3713.651095</timestamp>
			</report>
			<report>
				<misses>564600001</misses>
				<total>0</total>
				<timestamp>3714.308000</timestamp>
			</report>
			<report>
				<misses>564700001</misses>
				<total>0</total>
				<timestamp>3714.965318</timestamp>
			</report>
			<report>
				<misses>564800001</misses>
				<total>0</total>
				<timestamp>3715.622052</timestamp>
			</report>
			<report>
				<misses>564900001</misses>
				<total>0</total>
				<timestamp>3716.280004</timestamp>
			</report>
			<report>
				<misses>565000001</misses>
				<total>0</total>
				<timestamp>3716.937453</timestamp>
			</report>
			<report>
				<misses>565100001</misses>
				<total>0</total>
				<timestamp>3717.594141</timestamp>
			</report>
			<report>
				<misses>565200001</misses>
				<total>0</total>
				<timestamp>3718.251460</timestamp>
			</report>
			<report>
				<misses>565300001</misses>
				<total>0</total>
				<timestamp>3718.910039</timestamp>
			</report>
			<report>
				<misses>565400001</misses>
				<total>0</total>
				<timestamp>3719.567739</timestamp>
			</report>
			<report>
				<misses>565500001</misses>
				<total>0</total>
				<timestamp>3720.226050</timestamp>
			</report>
			<report>
				<misses>565600001</misses>
				<total>0</total>
				<timestamp>3720.883635</timestamp>
			</report>
			<report>
				<misses>565700001</misses>
				<total>0</total>
				<timestamp>3721.541102</timestamp>
			</report>
			<report>
				<misses>565800001</misses>
				<total>0</total>
				<timestamp>3722.197923</timestamp>
			</report>
			<report>
				<misses>565900001</misses>
				<total>0</total>
				<timestamp>3722.856736</timestamp>
			</report>
			<report>
				<misses>566000001</misses>
				<total>0</total>
				<timestamp>3723.514391</timestamp>
			</report>
			<report>
				<misses>566100001</misses>
				<total>0</total>
				<timestamp>3724.173217</timestamp>
			</report>
			<report>
				<misses>566200001</misses>
				<total>0</total>
				<timestamp>3724.832560</timestamp>
			</report>
			<report>
				<misses>566300001</misses>
				<total>0</total>
				<timestamp>3725.493419</timestamp>
			</report>
			<report>
				<misses>566400001</misses>
				<total>0</total>
				<timestamp>3726.153080</timestamp>
			</report>
			<report>
				<misses>566500001</misses>
				<total>0</total>
				<timestamp>3726.812391</timestamp>
			</report>
			<report>
				<misses>566600001</misses>
				<total>0</total>
				<timestamp>3727.471263</timestamp>
			</report>
			<report>
				<misses>566700001</misses>
				<total>0</total>
				<timestamp>3728.130570</timestamp>
			</report>
			<report>
				<misses>566800001</misses>
				<total>0</total>
				<timestamp>3728.788547</timestamp>
			</report>
			<report>
				<misses>566900001</misses>
				<total>0</total>
				<timestamp>3729.445747</timestamp>
			</report>
			<report>
				<misses>567000001</misses>
				<total>0</total>
				<timestamp>3730.103491</timestamp>
			</report>
			<report>
				<misses>567100001</misses>
				<total>0</total>
				<timestamp>3730.761609</timestamp>
			</report>
			<report>
				<misses>567200001</misses>
				<total>0</total>
				<timestamp>3731.417494</timestamp>
			</report>
			<report>
				<misses>567300001</misses>
				<total>0</total>
				<timestamp>3732.074927</timestamp>
			</report>
			<report>
				<misses>567400001</misses>
				<total>0</total>
				<timestamp>3732.733155</timestamp>
			</report>
			<report>
				<misses>567500001</misses>
				<total>0</total>
				<timestamp>3733.391384</timestamp>
			</report>
			<report>
				<misses>567600001</misses>
				<total>0</total>
				<timestamp>3734.048957</timestamp>
			</report>
			<report>
				<misses>567700001</misses>
				<total>0</total>
				<timestamp>3734.707052</timestamp>
			</report>
			<report>
				<misses>567800001</misses>
				<total>0</total>
				<timestamp>3735.365546</timestamp>
			</report>
			<report>
				<misses>567900001</misses>
				<total>0</total>
				<timestamp>3736.024116</timestamp>
			</report>
			<report>
				<misses>568000001</misses>
				<total>0</total>
				<timestamp>3736.682544</timestamp>
			</report>
			<report>
				<misses>568100001</misses>
				<total>0</total>
				<timestamp>3737.339886</timestamp>
			</report>
			<report>
				<misses>568200001</misses>
				<total>0</total>
				<timestamp>3737.999049</timestamp>
			</report>
			<report>
				<misses>568300001</misses>
				<total>0</total>
				<timestamp>3738.657139</timestamp>
			</report>
			<report>
				<misses>568400001</misses>
				<total>0</total>
				<timestamp>3739.314262</timestamp>
			</report>
			<report>
				<misses>568500001</misses>
				<total>0</total>
				<timestamp>3739.970861</timestamp>
			</report>
			<report>
				<misses>568600001</misses>
				<total>0</total>
				<timestamp>3740.628006</timestamp>
			</report>
			<report>
				<misses>568700001</misses>
				<total>0</total>
				<timestamp>3741.285148</timestamp>
			</report>
			<report>
				<misses>568800001</misses>
				<total>0</total>
				<timestamp>3741.942892</timestamp>
			</report>
			<report>
				<misses>568900001</misses>
				<total>0</total>
				<timestamp>3742.598830</timestamp>
			</report>
			<report>
				<misses>569000001</misses>
				<total>0</total>
				<timestamp>3743.256706</timestamp>
			</report>
			<report>
				<misses>569100001</misses>
				<total>0</total>
				<timestamp>3743.913681</timestamp>
			</report>
			<report>
				<misses>569200001</misses>
				<total>0</total>
				<timestamp>3744.571012</timestamp>
			</report>
			<report>
				<misses>569300001</misses>
				<total>0</total>
				<timestamp>3745.228771</timestamp>
			</report>
			<report>
				<misses>569400001</misses>
				<total>0</total>
				<timestamp>3745.885896</timestamp>
			</report>
			<report>
				<misses>569500001</misses>
				<total>0</total>
				<timestamp>3746.542945</timestamp>
			</report>
			<report>
				<misses>569600001</misses>
				<total>0</total>
				<timestamp>3747.201035</timestamp>
			</report>
			<report>
				<misses>569700001</misses>
				<total>0</total>
				<timestamp>3747.858293</timestamp>
			</report>
			<report>
				<misses>569800001</misses>
				<total>0</total>
				<timestamp>3748.514691</timestamp>
			</report>
			<report>
				<misses>569900001</misses>
				<total>0</total>
				<timestamp>3749.173113</timestamp>
			</report>
			<report>
				<misses>570000001</misses>
				<total>0</total>
				<timestamp>3749.831156</timestamp>
			</report>
			<report>
				<misses>570100001</misses>
				<total>0</total>
				<timestamp>3750.489174</timestamp>
			</report>
			<report>
				<misses>570200001</misses>
				<total>0</total>
				<timestamp>3751.147085</timestamp>
			</report>
			<report>
				<misses>570300001</misses>
				<total>0</total>
				<timestamp>3751.804894</timestamp>
			</report>
			<report>
				<misses>570400001</misses>
				<total>0</total>
				<timestamp>3752.461554</timestamp>
			</report>
			<report>
				<misses>570500001</misses>
				<total>0</total>
				<timestamp>3753.118204</timestamp>
			</report>
			<report>
				<misses>570600001</misses>
				<total>0</total>
				<timestamp>3753.776747</timestamp>
			</report>
			<report>
				<misses>570700001</misses>
				<total>0</total>
				<timestamp>3754.434426</timestamp>
			</report>
			<report>
				<misses>570800001</misses>
				<total>0</total>
				<timestamp>3755.089734</timestamp>
			</report>
			<report>
				<misses>570900001</misses>
				<total>0</total>
				<timestamp>3755.747344</timestamp>
			</report>
			<report>
				<misses>571000001</misses>
				<total>0</total>
				<timestamp>3756.405889</timestamp>
			</report>
			<report>
				<misses>571100001</misses>
				<total>0</total>
				<timestamp>3757.062915</timestamp>
			</report>
			<report>
				<misses>571200001</misses>
				<total>0</total>
				<timestamp>3757.720688</timestamp>
			</report>
			<report>
				<misses>571300001</misses>
				<total>0</total>
				<timestamp>3758.377385</timestamp>
			</report>
			<report>
				<misses>571400001</misses>
				<total>0</total>
				<timestamp>3759.034330</timestamp>
			</report>
			<report>
				<misses>571500001</misses>
				<total>0</total>
				<timestamp>3759.691704</timestamp>
			</report>
			<report>
				<misses>571600001</misses>
				<total>0</total>
				<timestamp>3760.351089</timestamp>
			</report>
			<report>
				<misses>571700001</misses>
				<total>0</total>
				<timestamp>3761.008682</timestamp>
			</report>
			<report>
				<misses>571800001</misses>
				<total>0</total>
				<timestamp>3761.667758</timestamp>
			</report>
			<report>
				<misses>571900001</misses>
				<total>0</total>
				<timestamp>3762.326642</timestamp>
			</report>
			<report>
				<misses>572000001</misses>
				<total>0</total>
				<timestamp>3762.984349</timestamp>
			</report>
			<report>
				<misses>572100001</misses>
				<total>0</total>
				<timestamp>3763.642882</timestamp>
			</report>
			<report>
				<misses>572200001</misses>
				<total>0</total>
				<timestamp>3764.300657</timestamp>
			</report>
			<report>
				<misses>572300001</misses>
				<total>0</total>
				<timestamp>3764.958377</timestamp>
			</report>
			<report>
				<misses>572400001</misses>
				<total>0</total>
				<timestamp>3765.616261</timestamp>
			</report>
			<report>
				<misses>572500001</misses>
				<total>0</total>
				<timestamp>3766.274671</timestamp>
			</report>
			<report>
				<misses>572600001</misses>
				<total>0</total>
				<timestamp>3766.932926</timestamp>
			</report>
			<report>
				<misses>572700001</misses>
				<total>0</total>
				<timestamp>3767.590930</timestamp>
			</report>
			<report>
				<misses>572800001</misses>
				<total>0</total>
				<timestamp>3768.249650</timestamp>
			</report>
			<report>
				<misses>572900001</misses>
				<total>0</total>
				<timestamp>3768.910065</timestamp>
			</report>
			<report>
				<misses>573000001</misses>
				<total>0</total>
				<timestamp>3769.569653</timestamp>
			</report>
			<report>
				<misses>573100001</misses>
				<total>0</total>
				<timestamp>3770.229436</timestamp>
			</report>
			<report>
				<misses>573200001</misses>
				<total>0</total>
				<timestamp>3770.888112</timestamp>
			</report>
			<report>
				<misses>573300001</misses>
				<total>0</total>
				<timestamp>3771.548043</timestamp>
			</report>
			<report>
				<misses>573400001</misses>
				<total>0</total>
				<timestamp>3772.208026</timestamp>
			</report>
			<report>
				<misses>573500001</misses>
				<total>0</total>
				<timestamp>3772.866513</timestamp>
			</report>
			<report>
				<misses>573600001</misses>
				<total>0</total>
				<timestamp>3773.526264</timestamp>
			</report>
			<report>
				<misses>573700001</misses>
				<total>0</total>
				<timestamp>3774.184341</timestamp>
			</report>
			<report>
				<misses>573800001</misses>
				<total>0</total>
				<timestamp>3774.843014</timestamp>
			</report>
			<report>
				<misses>573900001</misses>
				<total>0</total>
				<timestamp>3775.501288</timestamp>
			</report>
			<report>
				<misses>574000001</misses>
				<total>0</total>
				<timestamp>3776.158826</timestamp>
			</report>
			<report>
				<misses>574100001</misses>
				<total>0</total>
				<timestamp>3776.817635</timestamp>
			</report>
			<report>
				<misses>574200001</misses>
				<total>0</total>
				<timestamp>3777.476429</timestamp>
			</report>
			<report>
				<misses>574300001</misses>
				<total>0</total>
				<timestamp>3778.135234</timestamp>
			</report>
			<report>
				<misses>574400001</misses>
				<total>0</total>
				<timestamp>3778.794358</timestamp>
			</report>
			<report>
				<misses>574500001</misses>
				<total>0</total>
				<timestamp>3779.453300</timestamp>
			</report>
			<report>
				<misses>574600001</misses>
				<total>0</total>
				<timestamp>3780.111615</timestamp>
			</report>
			<report>
				<misses>574700001</misses>
				<total>0</total>
				<timestamp>3780.767804</timestamp>
			</report>
			<report>
				<misses>574800001</misses>
				<total>0</total>
				<timestamp>3781.424963</timestamp>
			</report>
			<report>
				<misses>574900001</misses>
				<total>0</total>
				<timestamp>3782.082937</timestamp>
			</report>
			<report>
				<misses>575000001</misses>
				<total>0</total>
				<timestamp>3782.741957</timestamp>
			</report>
			<report>
				<misses>575100001</misses>
				<total>0</total>
				<timestamp>3783.401399</timestamp>
			</report>
			<report>
				<misses>575200001</misses>
				<total>0</total>
				<timestamp>3784.060086</timestamp>
			</report>
			<report>
				<misses>575300001</misses>
				<total>0</total>
				<timestamp>3784.718079</timestamp>
			</report>
			<report>
				<misses>575400001</misses>
				<total>0</total>
				<timestamp>3785.376747</timestamp>
			</report>
			<report>
				<misses>575500001</misses>
				<total>0</total>
				<timestamp>3786.035229</timestamp>
			</report>
			<report>
				<misses>575600001</misses>
				<total>0</total>
				<timestamp>3786.692641</timestamp>
			</report>
			<report>
				<misses>575700001</misses>
				<total>0</total>
				<timestamp>3787.351013</timestamp>
			</report>
			<report>
				<misses>575800001</misses>
				<total>0</total>
				<timestamp>3788.008742</timestamp>
			</report>
			<report>
				<misses>575900001</misses>
				<total>0</total>
				<timestamp>3788.667078</timestamp>
			</report>
			<report>
				<misses>576000001</misses>
				<total>0</total>
				<timestamp>3789.327053</timestamp>
			</report>
			<report>
				<misses>576100001</misses>
				<total>0</total>
				<timestamp>3789.985118</timestamp>
			</report>
			<report>
				<misses>576200001</misses>
				<total>0</total>
				<timestamp>3790.644064</timestamp>
			</report>
			<report>
				<misses>576300001</misses>
				<total>0</total>
				<timestamp>3791.301810</timestamp>
			</report>
			<report>
				<misses>576400001</misses>
				<total>0</total>
				<timestamp>3791.960521</timestamp>
			</report>
			<report>
				<misses>576500001</misses>
				<total>0</total>
				<timestamp>3792.618444</timestamp>
			</report>
			<report>
				<misses>576600001</misses>
				<total>0</total>
				<timestamp>3793.275747</timestamp>
			</report>
			<report>
				<misses>576700001</misses>
				<total>0</total>
				<timestamp>3793.933393</timestamp>
			</report>
			<report>
				<misses>576800001</misses>
				<total>0</total>
				<timestamp>3794.592124</timestamp>
			</report>
			<report>
				<misses>576900001</misses>
				<total>0</total>
				<timestamp>3795.249744</timestamp>
			</report>
			<report>
				<misses>577000001</misses>
				<total>0</total>
				<timestamp>3795.908379</timestamp>
			</report>
			<report>
				<misses>577100001</misses>
				<total>0</total>
				<timestamp>3796.565352</timestamp>
			</report>
			<report>
				<misses>577200001</misses>
				<total>0</total>
				<timestamp>3797.223351</timestamp>
			</report>
			<report>
				<misses>577300001</misses>
				<total>0</total>
				<timestamp>3797.880341</timestamp>
			</report>
			<report>
				<misses>577400001</misses>
				<total>0</total>
				<timestamp>3798.537587</timestamp>
			</report>
			<report>
				<misses>577500001</misses>
				<total>0</total>
				<timestamp>3799.195718</timestamp>
			</report>
			<report>
				<misses>577600001</misses>
				<total>0</total>
				<timestamp>3799.852774</timestamp>
			</report>
			<report>
				<misses>577700001</misses>
				<total>0</total>
				<timestamp>3800.510013</timestamp>
			</report>
			<report>
				<misses>577800001</misses>
				<total>0</total>
				<timestamp>3801.168298</timestamp>
			</report>
			<report>
				<misses>577900001</misses>
				<total>0</total>
				<timestamp>3801.825864</timestamp>
			</report>
			<report>
				<misses>578000001</misses>
				<total>0</total>
				<timestamp>3802.483999</timestamp>
			</report>
			<report>
				<misses>578100001</misses>
				<total>0</total>
				<timestamp>3803.142334</timestamp>
			</report>
			<report>
				<misses>578200001</misses>
				<total>0</total>
				<timestamp>3803.801086</timestamp>
			</report>
			<report>
				<misses>578300001</misses>
				<total>0</total>
				<timestamp>3804.458925</timestamp>
			</report>
			<report>
				<misses>578400001</misses>
				<total>0</total>
				<timestamp>3805.116437</timestamp>
			</report>
			<report>
				<misses>578500001</misses>
				<total>0</total>
				<timestamp>3805.773704</timestamp>
			</report>
			<report>
				<misses>578600001</misses>
				<total>0</total>
				<timestamp>3806.431621</timestamp>
			</report>
			<report>
				<misses>578700001</misses>
				<total>0</total>
				<timestamp>3807.089643</timestamp>
			</report>
			<report>
				<misses>578800001</misses>
				<total>0</total>
				<timestamp>3807.746660</timestamp>
			</report>
			<report>
				<misses>578900001</misses>
				<total>0</total>
				<timestamp>3808.405672</timestamp>
			</report>
			<report>
				<misses>579000001</misses>
				<total>0</total>
				<timestamp>3809.063567</timestamp>
			</report>
			<report>
				<misses>579100001</misses>
				<total>0</total>
				<timestamp>3809.722922</timestamp>
			</report>
			<report>
				<misses>579200001</misses>
				<total>0</total>
				<timestamp>3810.383707</timestamp>
			</report>
			<report>
				<misses>579300001</misses>
				<total>0</total>
				<timestamp>3811.043855</timestamp>
			</report>
			<report>
				<misses>579400001</misses>
				<total>0</total>
				<timestamp>3811.703888</timestamp>
			</report>
			<report>
				<misses>579500001</misses>
				<total>0</total>
				<timestamp>3812.363614</timestamp>
			</report>
			<report>
				<misses>579600001</misses>
				<total>0</total>
				<timestamp>3813.022801</timestamp>
			</report>
			<report>
				<misses>579700001</misses>
				<total>0</total>
				<timestamp>3813.681471</timestamp>
			</report>
			<report>
				<misses>579800001</misses>
				<total>0</total>
				<timestamp>3814.340972</timestamp>
			</report>
			<report>
				<misses>579900001</misses>
				<total>0</total>
				<timestamp>3814.999934</timestamp>
			</report>
			<report>
				<misses>580000001</misses>
				<total>0</total>
				<timestamp>3815.656192</timestamp>
			</report>
			<report>
				<misses>580100001</misses>
				<total>0</total>
				<timestamp>3816.315295</timestamp>
			</report>
			<report>
				<misses>580200001</misses>
				<total>0</total>
				<timestamp>3816.973575</timestamp>
			</report>
			<report>
				<misses>580300001</misses>
				<total>0</total>
				<timestamp>3817.631639</timestamp>
			</report>
			<report>
				<misses>580400001</misses>
				<total>0</total>
				<timestamp>3818.290496</timestamp>
			</report>
			<report>
				<misses>580500001</misses>
				<total>0</total>
				<timestamp>3818.950153</timestamp>
			</report>
			<report>
				<misses>580600001</misses>
				<total>0</total>
				<timestamp>3819.608702</timestamp>
			</report>
			<report>
				<misses>580700001</misses>
				<total>0</total>
				<timestamp>3820.267422</timestamp>
			</report>
			<report>
				<misses>580800001</misses>
				<total>0</total>
				<timestamp>3820.925696</timestamp>
			</report>
			<report>
				<misses>580900001</misses>
				<total>0</total>
				<timestamp>3821.582954</timestamp>
			</report>
			<report>
				<misses>581000001</misses>
				<total>0</total>
				<timestamp>3822.241103</timestamp>
			</report>
			<report>
				<misses>581100001</misses>
				<total>0</total>
				<timestamp>3822.899048</timestamp>
			</report>
			<report>
				<misses>581200001</misses>
				<total>0</total>
				<timestamp>3823.558476</timestamp>
			</report>
			<report>
				<misses>581300001</misses>
				<total>0</total>
				<timestamp>3824.216652</timestamp>
			</report>
			<report>
				<misses>581400001</misses>
				<total>0</total>
				<timestamp>3824.875018</timestamp>
			</report>
			<report>
				<misses>581500001</misses>
				<total>0</total>
				<timestamp>3825.533840</timestamp>
			</report>
			<report>
				<misses>581600001</misses>
				<total>0</total>
				<timestamp>3826.191808</timestamp>
			</report>
			<report>
				<misses>581700001</misses>
				<total>0</total>
				<timestamp>3826.850176</timestamp>
			</report>
			<report>
				<misses>581800001</misses>
				<total>0</total>
				<timestamp>3827.508296</timestamp>
			</report>
			<report>
				<misses>581900001</misses>
				<total>0</total>
				<timestamp>3828.166943</timestamp>
			</report>
			<report>
				<misses>582000001</misses>
				<total>0</total>
				<timestamp>3828.823508</timestamp>
			</report>
			<report>
				<misses>582100001</misses>
				<total>0</total>
				<timestamp>3829.481211</timestamp>
			</report>
			<report>
				<misses>582200001</misses>
				<total>0</total>
				<timestamp>3830.138171</timestamp>
			</report>
			<report>
				<misses>582300001</misses>
				<total>0</total>
				<timestamp>3830.795149</timestamp>
			</report>
			<report>
				<misses>582400001</misses>
				<total>0</total>
				<timestamp>3831.453099</timestamp>
			</report>
			<report>
				<misses>582500001</misses>
				<total>0</total>
				<timestamp>3832.110375</timestamp>
			</report>
			<report>
				<misses>582600001</misses>
				<total>0</total>
				<timestamp>3832.768145</timestamp>
			</report>
			<report>
				<misses>582700001</misses>
				<total>0</total>
				<timestamp>3833.426618</timestamp>
			</report>
			<report>
				<misses>582800001</misses>
				<total>0</total>
				<timestamp>3834.084294</timestamp>
			</report>
			<report>
				<misses>582900001</misses>
				<total>0</total>
				<timestamp>3834.743816</timestamp>
			</report>
			<report>
				<misses>583000001</misses>
				<total>0</total>
				<timestamp>3835.402622</timestamp>
			</report>
			<report>
				<misses>583100001</misses>
				<total>0</total>
				<timestamp>3836.062186</timestamp>
			</report>
			<report>
				<misses>583200001</misses>
				<total>0</total>
				<timestamp>3836.719993</timestamp>
			</report>
			<report>
				<misses>583300001</misses>
				<total>0</total>
				<timestamp>3837.378683</timestamp>
			</report>
			<report>
				<misses>583400001</misses>
				<total>0</total>
				<timestamp>3838.037527</timestamp>
			</report>
			<report>
				<misses>583500001</misses>
				<total>0</total>
				<timestamp>3838.695610</timestamp>
			</report>
			<report>
				<misses>583600001</misses>
				<total>0</total>
				<timestamp>3839.354088</timestamp>
			</report>
			<report>
				<misses>583700001</misses>
				<total>0</total>
				<timestamp>3840.011944</timestamp>
			</report>
			<report>
				<misses>583800001</misses>
				<total>0</total>
				<timestamp>3840.670863</timestamp>
			</report>
			<report>
				<misses>583900001</misses>
				<total>0</total>
				<timestamp>3841.329909</timestamp>
			</report>
			<report>
				<misses>584000001</misses>
				<total>0</total>
				<timestamp>3841.986817</timestamp>
			</report>
			<report>
				<misses>584100001</misses>
				<total>0</total>
				<timestamp>3842.646455</timestamp>
			</report>
			<report>
				<misses>584200001</misses>
				<total>0</total>
				<timestamp>3843.304189</timestamp>
			</report>
			<report>
				<misses>584300001</misses>
				<total>0</total>
				<timestamp>3843.962570</timestamp>
			</report>
			<report>
				<misses>584400001</misses>
				<total>0</total>
				<timestamp>3844.619630</timestamp>
			</report>
			<report>
				<misses>584500001</misses>
				<total>0</total>
				<timestamp>3845.277168</timestamp>
			</report>
			<report>
				<misses>584600001</misses>
				<total>0</total>
				<timestamp>3845.936275</timestamp>
			</report>
			<report>
				<misses>584700001</misses>
				<total>0</total>
				<timestamp>3846.594691</timestamp>
			</report>
			<report>
				<misses>584800001</misses>
				<total>0</total>
				<timestamp>3847.252003</timestamp>
			</report>
			<report>
				<misses>584900001</misses>
				<total>0</total>
				<timestamp>3847.910020</timestamp>
			</report>
			<report>
				<misses>585000001</misses>
				<total>0</total>
				<timestamp>3848.568261</timestamp>
			</report>
			<report>
				<misses>585100001</misses>
				<total>0</total>
				<timestamp>3849.227456</timestamp>
			</report>
			<report>
				<misses>585200001</misses>
				<total>0</total>
				<timestamp>3849.886225</timestamp>
			</report>
			<report>
				<misses>585300001</misses>
				<total>0</total>
				<timestamp>3850.545114</timestamp>
			</report>
			<report>
				<misses>585400001</misses>
				<total>0</total>
				<timestamp>3851.203872</timestamp>
			</report>
			<report>
				<misses>585500001</misses>
				<total>0</total>
				<timestamp>3851.862718</timestamp>
			</report>
			<report>
				<misses>585600001</misses>
				<total>0</total>
				<timestamp>3852.522099</timestamp>
			</report>
			<report>
				<misses>585700001</misses>
				<total>0</total>
				<timestamp>3853.181957</timestamp>
			</report>
			<report>
				<misses>585800001</misses>
				<total>0</total>
				<timestamp>3853.841529</timestamp>
			</report>
			<report>
				<misses>585900001</misses>
				<total>0</total>
				<timestamp>3854.500174</timestamp>
			</report>
			<report>
				<misses>586000001</misses>
				<total>0</total>
				<timestamp>3855.158862</timestamp>
			</report>
			<report>
				<misses>586100001</misses>
				<total>0</total>
				<timestamp>3855.816491</timestamp>
			</report>
			<report>
				<misses>586200001</misses>
				<total>0</total>
				<timestamp>3856.475219</timestamp>
			</report>
			<report>
				<misses>586300001</misses>
				<total>0</total>
				<timestamp>3857.134098</timestamp>
			</report>
			<report>
				<misses>586400001</misses>
				<total>0</total>
				<timestamp>3857.792008</timestamp>
			</report>
			<report>
				<misses>586500001</misses>
				<total>0</total>
				<timestamp>3858.450672</timestamp>
			</report>
			<report>
				<misses>586600001</misses>
				<total>0</total>
				<timestamp>3859.106642</timestamp>
			</report>
			<report>
				<misses>586700001</misses>
				<total>0</total>
				<timestamp>3859.763093</timestamp>
			</report>
			<report>
				<misses>586800001</misses>
				<total>0</total>
				<timestamp>3860.421386</timestamp>
			</report>
			<report>
				<misses>586900001</misses>
				<total>0</total>
				<timestamp>3861.079489</timestamp>
			</report>
			<report>
				<misses>587000001</misses>
				<total>0</total>
				<timestamp>3861.737437</timestamp>
			</report>
			<report>
				<misses>587100001</misses>
				<total>0</total>
				<timestamp>3862.396364</timestamp>
			</report>
			<report>
				<misses>587200001</misses>
				<total>0</total>
				<timestamp>3863.055302</timestamp>
			</report>
			<report>
				<misses>587300001</misses>
				<total>0</total>
				<timestamp>3863.713082</timestamp>
			</report>
			<report>
				<misses>587400001</misses>
				<total>0</total>
				<timestamp>3864.371304</timestamp>
			</report>
			<report>
				<misses>587500001</misses>
				<total>0</total>
				<timestamp>3865.028649</timestamp>
			</report>
			<report>
				<misses>587600001</misses>
				<total>0</total>
				<timestamp>3865.686459</timestamp>
			</report>
			<report>
				<misses>587700001</misses>
				<total>0</total>
				<timestamp>3866.344425</timestamp>
			</report>
			<report>
				<misses>587800001</misses>
				<total>0</total>
				<timestamp>3867.001461</timestamp>
			</report>
			<report>
				<misses>587900001</misses>
				<total>0</total>
				<timestamp>3867.659800</timestamp>
			</report>
			<report>
				<misses>588000001</misses>
				<total>0</total>
				<timestamp>3868.318621</timestamp>
			</report>
			<report>
				<misses>588100001</misses>
				<total>0</total>
				<timestamp>3868.976249</timestamp>
			</report>
			<report>
				<misses>588200001</misses>
				<total>0</total>
				<timestamp>3869.634558</timestamp>
			</report>
			<report>
				<misses>588300001</misses>
				<total>0</total>
				<timestamp>3870.292871</timestamp>
			</report>
			<report>
				<misses>588400001</misses>
				<total>0</total>
				<timestamp>3870.951775</timestamp>
			</report>
			<report>
				<misses>588500001</misses>
				<total>0</total>
				<timestamp>3871.610406</timestamp>
			</report>
			<report>
				<misses>588600001</misses>
				<total>0</total>
				<timestamp>3872.269091</timestamp>
			</report>
			<report>
				<misses>588700001</misses>
				<total>0</total>
				<timestamp>3872.927318</timestamp>
			</report>
			<report>
				<misses>588800001</misses>
				<total>0</total>
				<timestamp>3873.585570</timestamp>
			</report>
			<report>
				<misses>588900001</misses>
				<total>0</total>
				<timestamp>3874.244118</timestamp>
			</report>
			<report>
				<misses>589000001</misses>
				<total>0</total>
				<timestamp>3874.902257</timestamp>
			</report>
			<report>
				<misses>589100001</misses>
				<total>0</total>
				<timestamp>3875.561761</timestamp>
			</report>
			<report>
				<misses>589200001</misses>
				<total>0</total>
				<timestamp>3876.219115</timestamp>
			</report>
			<report>
				<misses>589300001</misses>
				<total>0</total>
				<timestamp>3876.877540</timestamp>
			</report>
			<report>
				<misses>589400001</misses>
				<total>0</total>
				<timestamp>3877.533737</timestamp>
			</report>
			<report>
				<misses>589500001</misses>
				<total>0</total>
				<timestamp>3878.191607</timestamp>
			</report>
			<report>
				<misses>589600001</misses>
				<total>0</total>
				<timestamp>3878.850060</timestamp>
			</report>
			<report>
				<misses>589700001</misses>
				<total>0</total>
				<timestamp>3879.507989</timestamp>
			</report>
			<report>
				<misses>589800001</misses>
				<total>0</total>
				<timestamp>3880.166007</timestamp>
			</report>
			<report>
				<misses>589900001</misses>
				<total>0</total>
				<timestamp>3880.824879</timestamp>
			</report>
			<report>
				<misses>590000001</misses>
				<total>0</total>
				<timestamp>3881.482911</timestamp>
			</report>
			<report>
				<misses>590100001</misses>
				<total>0</total>
				<timestamp>3882.140499</timestamp>
			</report>
			<report>
				<misses>590200001</misses>
				<total>0</total>
				<timestamp>3882.799371</timestamp>
			</report>
			<report>
				<misses>590300001</misses>
				<total>0</total>
				<timestamp>3883.458809</timestamp>
			</report>
			<report>
				<misses>590400001</misses>
				<total>0</total>
				<timestamp>3884.116277</timestamp>
			</report>
			<report>
				<misses>590500001</misses>
				<total>0</total>
				<timestamp>3884.773610</timestamp>
			</report>
			<report>
				<misses>590600001</misses>
				<total>0</total>
				<timestamp>3885.432510</timestamp>
			</report>
			<report>
				<misses>590700001</misses>
				<total>0</total>
				<timestamp>3886.090668</timestamp>
			</report>
			<report>
				<misses>590800001</misses>
				<total>0</total>
				<timestamp>3886.749955</timestamp>
			</report>
			<report>
				<misses>590900001</misses>
				<total>0</total>
				<timestamp>3887.409422</timestamp>
			</report>
			<report>
				<misses>591000001</misses>
				<total>0</total>
				<timestamp>3888.068181</timestamp>
			</report>
			<report>
				<misses>591100001</misses>
				<total>0</total>
				<timestamp>3888.726133</timestamp>
			</report>
			<report>
				<misses>591200001</misses>
				<total>0</total>
				<timestamp>3889.382744</timestamp>
			</report>
			<report>
				<misses>591300001</misses>
				<total>0</total>
				<timestamp>3890.040078</timestamp>
			</report>
			<report>
				<misses>591400001</misses>
				<total>0</total>
				<timestamp>3890.697948</timestamp>
			</report>
			<report>
				<misses>591500001</misses>
				<total>0</total>
				<timestamp>3891.356097</timestamp>
			</report>
			<report>
				<misses>591600001</misses>
				<total>0</total>
				<timestamp>3892.015420</timestamp>
			</report>
			<report>
				<misses>591700001</misses>
				<total>0</total>
				<timestamp>3892.675372</timestamp>
			</report>
			<report>
				<misses>591800001</misses>
				<total>0</total>
				<timestamp>3893.334567</timestamp>
			</report>
			<report>
				<misses>591900001</misses>
				<total>0</total>
				<timestamp>3893.994969</timestamp>
			</report>
			<report>
				<misses>592000001</misses>
				<total>0</total>
				<timestamp>3894.655086</timestamp>
			</report>
			<report>
				<misses>592100001</misses>
				<total>0</total>
				<timestamp>3895.315204</timestamp>
			</report>
			<report>
				<misses>592200001</misses>
				<total>0</total>
				<timestamp>3895.973300</timestamp>
			</report>
			<report>
				<misses>592300001</misses>
				<total>0</total>
				<timestamp>3896.631659</timestamp>
			</report>
			<report>
				<misses>592400001</misses>
				<total>0</total>
				<timestamp>3897.290089</timestamp>
			</report>
			<report>
				<misses>592500001</misses>
				<total>0</total>
				<timestamp>3897.948273</timestamp>
			</report>
			<report>
				<misses>592600001</misses>
				<total>0</total>
				<timestamp>3898.606796</timestamp>
			</report>
			<report>
				<misses>592700001</misses>
				<total>0</total>
				<timestamp>3899.265453</timestamp>
			</report>
			<report>
				<misses>592800001</misses>
				<total>0</total>
				<timestamp>3899.922610</timestamp>
			</report>
			<report>
				<misses>592900001</misses>
				<total>0</total>
				<timestamp>3900.580502</timestamp>
			</report>
			<report>
				<misses>593000001</misses>
				<total>0</total>
				<timestamp>3901.238687</timestamp>
			</report>
			<report>
				<misses>593100001</misses>
				<total>0</total>
				<timestamp>3901.897092</timestamp>
			</report>
			<report>
				<misses>593200001</misses>
				<total>0</total>
				<timestamp>3902.555540</timestamp>
			</report>
			<report>
				<misses>593300001</misses>
				<total>0</total>
				<timestamp>3903.214489</timestamp>
			</report>
			<report>
				<misses>593400001</misses>
				<total>0</total>
				<timestamp>3903.871259</timestamp>
			</report>
			<report>
				<misses>593500001</misses>
				<total>0</total>
				<timestamp>3904.527854</timestamp>
			</report>
			<report>
				<misses>593600001</misses>
				<total>0</total>
				<timestamp>3905.186197</timestamp>
			</report>
			<report>
				<misses>593700001</misses>
				<total>0</total>
				<timestamp>3905.842646</timestamp>
			</report>
			<report>
				<misses>593800001</misses>
				<total>0</total>
				<timestamp>3906.501088</timestamp>
			</report>
			<report>
				<misses>593900001</misses>
				<total>0</total>
				<timestamp>3907.159336</timestamp>
			</report>
			<report>
				<misses>594000001</misses>
				<total>0</total>
				<timestamp>3907.816270</timestamp>
			</report>
			<report>
				<misses>594100001</misses>
				<total>0</total>
				<timestamp>3908.474772</timestamp>
			</report>
			<report>
				<misses>594200001</misses>
				<total>0</total>
				<timestamp>3909.132970</timestamp>
			</report>
			<report>
				<misses>594300001</misses>
				<total>0</total>
				<timestamp>3909.790374</timestamp>
			</report>
			<report>
				<misses>594400001</misses>
				<total>0</total>
				<timestamp>3910.448270</timestamp>
			</report>
			<report>
				<misses>594500001</misses>
				<total>0</total>
				<timestamp>3911.106424</timestamp>
			</report>
			<report>
				<misses>594600001</misses>
				<total>0</total>
				<timestamp>3911.764375</timestamp>
			</report>
			<report>
				<misses>594700001</misses>
				<total>0</total>
				<timestamp>3912.421985</timestamp>
			</report>
			<report>
				<misses>594800001</misses>
				<total>0</total>
				<timestamp>3913.080739</timestamp>
			</report>
			<report>
				<misses>594900001</misses>
				<total>0</total>
				<timestamp>3913.739911</timestamp>
			</report>
			<report>
				<misses>595000001</misses>
				<total>0</total>
				<timestamp>3914.397521</timestamp>
			</report>
			<report>
				<misses>595100001</misses>
				<total>0</total>
				<timestamp>3915.055801</timestamp>
			</report>
			<report>
				<misses>595200001</misses>
				<total>0</total>
				<timestamp>3915.714369</timestamp>
			</report>
			<report>
				<misses>595300001</misses>
				<total>0</total>
				<timestamp>3916.373107</timestamp>
			</report>
			<report>
				<misses>595400001</misses>
				<total>0</total>
				<timestamp>3917.030525</timestamp>
			</report>
			<report>
				<misses>595500001</misses>
				<total>0</total>
				<timestamp>3917.688181</timestamp>
			</report>
			<report>
				<misses>595600001</misses>
				<total>0</total>
				<timestamp>3918.345530</timestamp>
			</report>
			<report>
				<misses>595700001</misses>
				<total>0</total>
				<timestamp>3919.002285</timestamp>
			</report>
			<report>
				<misses>595800001</misses>
				<total>0</total>
				<timestamp>3919.660629</timestamp>
			</report>
			<report>
				<misses>595900001</misses>
				<total>0</total>
				<timestamp>3920.318238</timestamp>
			</report>
			<report>
				<misses>596000001</misses>
				<total>0</total>
				<timestamp>3920.975628</timestamp>
			</report>
			<report>
				<misses>596100001</misses>
				<total>0</total>
				<timestamp>3921.632579</timestamp>
			</report>
			<report>
				<misses>596200001</misses>
				<total>0</total>
				<timestamp>3922.290740</timestamp>
			</report>
			<report>
				<misses>596300001</misses>
				<total>0</total>
				<timestamp>3922.949126</timestamp>
			</report>
			<report>
				<misses>596400001</misses>
				<total>0</total>
				<timestamp>3923.607313</timestamp>
			</report>
			<report>
				<misses>596500001</misses>
				<total>0</total>
				<timestamp>3924.264866</timestamp>
			</report>
			<report>
				<misses>596600001</misses>
				<total>0</total>
				<timestamp>3924.922079</timestamp>
			</report>
			<report>
				<misses>596700001</misses>
				<total>0</total>
				<timestamp>3925.579234</timestamp>
			</report>
			<report>
				<misses>596800001</misses>
				<total>0</total>
				<timestamp>3926.237060</timestamp>
			</report>
			<report>
				<misses>596900001</misses>
				<total>0</total>
				<timestamp>3926.895344</timestamp>
			</report>
			<report>
				<misses>597000001</misses>
				<total>0</total>
				<timestamp>3927.553056</timestamp>
			</report>
			<report>
				<misses>597100001</misses>
				<total>0</total>
				<timestamp>3928.210980</timestamp>
			</report>
			<report>
				<misses>597200001</misses>
				<total>0</total>
				<timestamp>3928.868986</timestamp>
			</report>
			<report>
				<misses>597300001</misses>
				<total>0</total>
				<timestamp>3929.526382</timestamp>
			</report>
			<report>
				<misses>597400001</misses>
				<total>0</total>
				<timestamp>3930.185108</timestamp>
			</report>
			<report>
				<misses>597500001</misses>
				<total>0</total>
				<timestamp>3930.843814</timestamp>
			</report>
			<report>
				<misses>597600001</misses>
				<total>0</total>
				<timestamp>3931.501902</timestamp>
			</report>
			<report>
				<misses>597700001</misses>
				<total>0</total>
				<timestamp>3932.159822</timestamp>
			</report>
			<report>
				<misses>597800001</misses>
				<total>0</total>
				<timestamp>3932.818850</timestamp>
			</report>
			<report>
				<misses>597900001</misses>
				<total>0</total>
				<timestamp>3933.478858</timestamp>
			</report>
			<report>
				<misses>598000001</misses>
				<total>0</total>
				<timestamp>3934.139737</timestamp>
			</report>
			<report>
				<misses>598100001</misses>
				<total>0</total>
				<timestamp>3934.799934</timestamp>
			</report>
			<report>
				<misses>598200001</misses>
				<total>0</total>
				<timestamp>3935.459081</timestamp>
			</report>
			<report>
				<misses>598300001</misses>
				<total>0</total>
				<timestamp>3936.116275</timestamp>
			</report>
			<report>
				<misses>598400001</misses>
				<total>0</total>
				<timestamp>3936.775681</timestamp>
			</report>
			<report>
				<misses>598500001</misses>
				<total>0</total>
				<timestamp>3937.435303</timestamp>
			</report>
			<report>
				<misses>598600001</misses>
				<total>0</total>
				<timestamp>3938.093706</timestamp>
			</report>
			<report>
				<misses>598700001</misses>
				<total>0</total>
				<timestamp>3938.751995</timestamp>
			</report>
			<report>
				<misses>598800001</misses>
				<total>0</total>
				<timestamp>3939.409168</timestamp>
			</report>
			<report>
				<misses>598900001</misses>
				<total>0</total>
				<timestamp>3940.066149</timestamp>
			</report>
			<report>
				<misses>599000001</misses>
				<total>0</total>
				<timestamp>3940.725076</timestamp>
			</report>
			<report>
				<misses>599100001</misses>
				<total>0</total>
				<timestamp>3941.384062</timestamp>
			</report>
			<report>
				<misses>599200001</misses>
				<total>0</total>
				<timestamp>3942.041340</timestamp>
			</report>
			<report>
				<misses>599300001</misses>
				<total>0</total>
				<timestamp>3942.697885</timestamp>
			</report>
			<report>
				<misses>599400001</misses>
				<total>0</total>
				<timestamp>3943.356430</timestamp>
			</report>
			<report>
				<misses>599500001</misses>
				<total>0</total>
				<timestamp>3944.013011</timestamp>
			</report>
			<report>
				<misses>599600001</misses>
				<total>0</total>
				<timestamp>3944.670145</timestamp>
			</report>
			<report>
				<misses>599700001</misses>
				<total>0</total>
				<timestamp>3945.327172</timestamp>
			</report>
			<report>
				<misses>599800001</misses>
				<total>0</total>
				<timestamp>3945.984488</timestamp>
			</report>
			<report>
				<misses>599900001</misses>
				<total>0</total>
				<timestamp>3946.642190</timestamp>
			</report>
			<report>
				<misses>600000001</misses>
				<total>0</total>
				<timestamp>3947.300691</timestamp>
			</report>
			<report>
				<misses>600100001</misses>
				<total>0</total>
				<timestamp>3947.958348</timestamp>
			</report>
			<report>
				<misses>600200001</misses>
				<total>0</total>
				<timestamp>3948.616564</timestamp>
			</report>
			<report>
				<misses>600300001</misses>
				<total>0</total>
				<timestamp>3949.274903</timestamp>
			</report>
			<report>
				<misses>600400001</misses>
				<total>0</total>
				<timestamp>3949.933351</timestamp>
			</report>
			<report>
				<misses>600500001</misses>
				<total>0</total>
				<timestamp>3950.591863</timestamp>
			</report>
			<report>
				<misses>600600001</misses>
				<total>0</total>
				<timestamp>3951.251055</timestamp>
			</report>
			<report>
				<misses>600700001</misses>
				<total>0</total>
				<timestamp>3951.908217</timestamp>
			</report>
			<report>
				<misses>600800001</misses>
				<total>0</total>
				<timestamp>3952.566196</timestamp>
			</report>
			<report>
				<misses>600900001</misses>
				<total>0</total>
				<timestamp>3953.223482</timestamp>
			</report>
			<report>
				<misses>601000001</misses>
				<total>0</total>
				<timestamp>3953.881289</timestamp>
			</report>
			<report>
				<misses>601100001</misses>
				<total>0</total>
				<timestamp>3954.538728</timestamp>
			</report>
			<report>
				<misses>601200001</misses>
				<total>0</total>
				<timestamp>3955.197070</timestamp>
			</report>
			<report>
				<misses>601300001</misses>
				<total>0</total>
				<timestamp>3955.852956</timestamp>
			</report>
			<report>
				<misses>601400001</misses>
				<total>0</total>
				<timestamp>3956.509377</timestamp>
			</report>
			<report>
				<misses>601500001</misses>
				<total>0</total>
				<timestamp>3957.167538</timestamp>
			</report>
			<report>
				<misses>601600001</misses>
				<total>0</total>
				<timestamp>3957.824777</timestamp>
			</report>
			<report>
				<misses>601700001</misses>
				<total>0</total>
				<timestamp>3958.482925</timestamp>
			</report>
			<report>
				<misses>601800001</misses>
				<total>0</total>
				<timestamp>3959.139137</timestamp>
			</report>
			<report>
				<misses>601900001</misses>
				<total>0</total>
				<timestamp>3959.797640</timestamp>
			</report>
			<report>
				<misses>602000001</misses>
				<total>0</total>
				<timestamp>3960.455108</timestamp>
			</report>
			<report>
				<misses>602100001</misses>
				<total>0</total>
				<timestamp>3961.111958</timestamp>
			</report>
			<report>
				<misses>602200001</misses>
				<total>0</total>
				<timestamp>3961.770115</timestamp>
			</report>
			<report>
				<misses>602300001</misses>
				<total>0</total>
				<timestamp>3962.428378</timestamp>
			</report>
			<report>
				<misses>602400001</misses>
				<total>0</total>
				<timestamp>3963.085161</timestamp>
			</report>
			<report>
				<misses>602500001</misses>
				<total>0</total>
				<timestamp>3963.743492</timestamp>
			</report>
			<report>
				<misses>602600001</misses>
				<total>0</total>
				<timestamp>3964.401268</timestamp>
			</report>
			<report>
				<misses>602700001</misses>
				<total>0</total>
				<timestamp>3965.059373</timestamp>
			</report>
			<report>
				<misses>602800001</misses>
				<total>0</total>
				<timestamp>3965.717015</timestamp>
			</report>
			<report>
				<misses>602900001</misses>
				<total>0</total>
				<timestamp>3966.373559</timestamp>
			</report>
			<report>
				<misses>603000001</misses>
				<total>0</total>
				<timestamp>3967.032003</timestamp>
			</report>
			<report>
				<misses>603100001</misses>
				<total>0</total>
				<timestamp>3967.689782</timestamp>
			</report>
			<report>
				<misses>603200001</misses>
				<total>0</total>
				<timestamp>3968.348021</timestamp>
			</report>
			<report>
				<misses>603300001</misses>
				<total>0</total>
				<timestamp>3969.005677</timestamp>
			</report>
			<report>
				<misses>603400001</misses>
				<total>0</total>
				<timestamp>3969.662987</timestamp>
			</report>
			<report>
				<misses>603500001</misses>
				<total>0</total>
				<timestamp>3970.319976</timestamp>
			</report>
			<report>
				<misses>603600001</misses>
				<total>0</total>
				<timestamp>3970.977648</timestamp>
			</report>
			<report>
				<misses>603700001</misses>
				<total>0</total>
				<timestamp>3971.632994</timestamp>
			</report>
			<report>
				<misses>603800001</misses>
				<total>0</total>
				<timestamp>3972.291334</timestamp>
			</report>
			<report>
				<misses>603900001</misses>
				<total>0</total>
				<timestamp>3972.947993</timestamp>
			</report>
			<report>
				<misses>604000001</misses>
				<total>0</total>
				<timestamp>3973.606899</timestamp>
			</report>
			<report>
				<misses>604100001</misses>
				<total>0</total>
				<timestamp>3974.265987</timestamp>
			</report>
			<report>
				<misses>604200001</misses>
				<total>0</total>
				<timestamp>3974.924815</timestamp>
			</report>
			<report>
				<misses>604300001</misses>
				<total>0</total>
				<timestamp>3975.583671</timestamp>
			</report>
			<report>
				<misses>604400001</misses>
				<total>0</total>
				<timestamp>3976.243500</timestamp>
			</report>
			<report>
				<misses>604500001</misses>
				<total>0</total>
				<timestamp>3976.903487</timestamp>
			</report>
			<report>
				<misses>604600001</misses>
				<total>0</total>
				<timestamp>3977.562995</timestamp>
			</report>
			<report>
				<misses>604700001</misses>
				<total>0</total>
				<timestamp>3978.221935</timestamp>
			</report>
			<report>
				<misses>604800001</misses>
				<total>0</total>
				<timestamp>3978.879944</timestamp>
			</report>
			<report>
				<misses>604900001</misses>
				<total>0</total>
				<timestamp>3979.539887</timestamp>
			</report>
			<report>
				<misses>605000001</misses>
				<total>0</total>
				<timestamp>3980.197369</timestamp>
			</report>
			<report>
				<misses>605100001</misses>
				<total>0</total>
				<timestamp>3980.854856</timestamp>
			</report>
			<report>
				<misses>605200001</misses>
				<total>0</total>
				<timestamp>3981.512805</timestamp>
			</report>
			<report>
				<misses>605300001</misses>
				<total>0</total>
				<timestamp>3982.169933</timestamp>
			</report>
			<report>
				<misses>605400001</misses>
				<total>0</total>
				<timestamp>3982.827752</timestamp>
			</report>
			<report>
				<misses>605500001</misses>
				<total>0</total>
				<timestamp>3983.485444</timestamp>
			</report>
			<report>
				<misses>605600001</misses>
				<total>0</total>
				<timestamp>3984.143799</timestamp>
			</report>
			<report>
				<misses>605700001</misses>
				<total>0</total>
				<timestamp>3984.802243</timestamp>
			</report>
			<report>
				<misses>605800001</misses>
				<total>0</total>
				<timestamp>3985.460231</timestamp>
			</report>
			<report>
				<misses>605900001</misses>
				<total>0</total>
				<timestamp>3986.117782</timestamp>
			</report>
			<report>
				<misses>606000001</misses>
				<total>0</total>
				<timestamp>3986.775251</timestamp>
			</report>
			<report>
				<misses>606100001</misses>
				<total>0</total>
				<timestamp>3987.432363</timestamp>
			</report>
			<report>
				<misses>606200001</misses>
				<total>0</total>
				<timestamp>3988.090477</timestamp>
			</report>
			<report>
				<misses>606300001</misses>
				<total>0</total>
				<timestamp>3988.748453</timestamp>
			</report>
			<report>
				<misses>606400001</misses>
				<total>0</total>
				<timestamp>3989.407367</timestamp>
			</report>
			<report>
				<misses>606500001</misses>
				<total>0</total>
				<timestamp>3990.064614</timestamp>
			</report>
			<report>
				<misses>606600001</misses>
				<total>0</total>
				<timestamp>3990.722631</timestamp>
			</report>
			<report>
				<misses>606700001</misses>
				<total>0</total>
				<timestamp>3991.381431</timestamp>
			</report>
			<report>
				<misses>606800001</misses>
				<total>0</total>
				<timestamp>3992.038882</timestamp>
			</report>
			<report>
				<misses>606900001</misses>
				<total>0</total>
				<timestamp>3992.695544</timestamp>
			</report>
			<report>
				<misses>607000001</misses>
				<total>0</total>
				<timestamp>3993.353635</timestamp>
			</report>
			<report>
				<misses>607100001</misses>
				<total>0</total>
				<timestamp>3994.011192</timestamp>
			</report>
			<report>
				<misses>607200001</misses>
				<total>0</total>
				<timestamp>3994.669201</timestamp>
			</report>
			<report>
				<misses>607300001</misses>
				<total>0</total>
				<timestamp>3995.325743</timestamp>
			</report>
			<report>
				<misses>607400001</misses>
				<total>0</total>
				<timestamp>3995.982523</timestamp>
			</report>
			<report>
				<misses>607500001</misses>
				<total>0</total>
				<timestamp>3996.640345</timestamp>
			</report>
			<report>
				<misses>607600001</misses>
				<total>0</total>
				<timestamp>3997.298149</timestamp>
			</report>
			<report>
				<misses>607700001</misses>
				<total>0</total>
				<timestamp>3997.955780</timestamp>
			</report>
			<report>
				<misses>607800001</misses>
				<total>0</total>
				<timestamp>3998.614370</timestamp>
			</report>
			<report>
				<misses>607900001</misses>
				<total>0</total>
				<timestamp>3999.271807</timestamp>
			</report>
			<report>
				<misses>608000001</misses>
				<total>0</total>
				<timestamp>3999.928562</timestamp>
			</report>
			<report>
				<misses>608100001</misses>
				<total>0</total>
				<timestamp>4000.587418</timestamp>
			</report>
			<report>
				<misses>608200001</misses>
				<total>0</total>
				<timestamp>4001.245047</timestamp>
			</report>
			<report>
				<misses>608300001</misses>
				<total>0</total>
				<timestamp>4001.900659</timestamp>
			</report>
			<report>
				<misses>608400001</misses>
				<total>0</total>
				<timestamp>4002.558567</timestamp>
			</report>
			<report>
				<misses>608500001</misses>
				<total>0</total>
				<timestamp>4003.217457</timestamp>
			</report>
			<report>
				<misses>608600001</misses>
				<total>0</total>
				<timestamp>4003.874487</timestamp>
			</report>
			<report>
				<misses>608700001</misses>
				<total>0</total>
				<timestamp>4004.531653</timestamp>
			</report>
			<report>
				<misses>608800001</misses>
				<total>0</total>
				<timestamp>4005.189495</timestamp>
			</report>
			<report>
				<misses>608900001</misses>
				<total>0</total>
				<timestamp>4005.848337</timestamp>
			</report>
			<report>
				<misses>609000001</misses>
				<total>0</total>
				<timestamp>4006.506421</timestamp>
			</report>
			<report>
				<misses>609100001</misses>
				<total>0</total>
				<timestamp>4007.164372</timestamp>
			</report>
			<report>
				<misses>609200001</misses>
				<total>0</total>
				<timestamp>4007.822548</timestamp>
			</report>
			<report>
				<misses>609300001</misses>
				<total>0</total>
				<timestamp>4008.481123</timestamp>
			</report>
			<report>
				<misses>609400001</misses>
				<total>0</total>
				<timestamp>4009.137978</timestamp>
			</report>
			<report>
				<misses>609500001</misses>
				<total>0</total>
				<timestamp>4009.796021</timestamp>
			</report>
			<report>
				<misses>609600001</misses>
				<total>0</total>
				<timestamp>4010.452792</timestamp>
			</report>
			<report>
				<misses>609700001</misses>
				<total>0</total>
				<timestamp>4011.111168</timestamp>
			</report>
			<report>
				<misses>609800001</misses>
				<total>0</total>
				<timestamp>4011.768697</timestamp>
			</report>
			<report>
				<misses>609900001</misses>
				<total>0</total>
				<timestamp>4012.426550</timestamp>
			</report>
			<report>
				<misses>610000001</misses>
				<total>0</total>
				<timestamp>4013.084197</timestamp>
			</report>
			<report>
				<misses>610100001</misses>
				<total>0</total>
				<timestamp>4013.743095</timestamp>
			</report>
			<report>
				<misses>610200001</misses>
				<total>0</total>
				<timestamp>4014.401815</timestamp>
			</report>
			<report>
				<misses>610300001</misses>
				<total>0</total>
				<timestamp>4015.061183</timestamp>
			</report>
			<report>
				<misses>610400001</misses>
				<total>0</total>
				<timestamp>4015.720813</timestamp>
			</report>
			<report>
				<misses>610500001</misses>
				<total>0</total>
				<timestamp>4016.380043</timestamp>
			</report>
			<report>
				<misses>610600001</misses>
				<total>0</total>
				<timestamp>4017.039790</timestamp>
			</report>
			<report>
				<misses>610700001</misses>
				<total>0</total>
				<timestamp>4017.699024</timestamp>
			</report>
			<report>
				<misses>610800001</misses>
				<total>0</total>
				<timestamp>4018.360187</timestamp>
			</report>
			<report>
				<misses>610900001</misses>
				<total>0</total>
				<timestamp>4019.019584</timestamp>
			</report>
			<report>
				<misses>611000001</misses>
				<total>0</total>
				<timestamp>4019.677720</timestamp>
			</report>
			<report>
				<misses>611100001</misses>
				<total>0</total>
				<timestamp>4020.337363</timestamp>
			</report>
			<report>
				<misses>611200001</misses>
				<total>0</total>
				<timestamp>4020.994949</timestamp>
			</report>
			<report>
				<misses>611300001</misses>
				<total>0</total>
				<timestamp>4021.651788</timestamp>
			</report>
			<report>
				<misses>611400001</misses>
				<total>0</total>
				<timestamp>4022.309170</timestamp>
			</report>
			<report>
				<misses>611500001</misses>
				<total>0</total>
				<timestamp>4022.966557</timestamp>
			</report>
			<report>
				<misses>611600001</misses>
				<total>0</total>
				<timestamp>4023.624332</timestamp>
			</report>
			<report>
				<misses>611700001</misses>
				<total>0</total>
				<timestamp>4024.281564</timestamp>
			</report>
			<report>
				<misses>611800001</misses>
				<total>0</total>
				<timestamp>4024.938496</timestamp>
			</report>
			<report>
				<misses>611900001</misses>
				<total>0</total>
				<timestamp>4025.595077</timestamp>
			</report>
			<report>
				<misses>612000001</misses>
				<total>0</total>
				<timestamp>4026.253233</timestamp>
			</report>
			<report>
				<misses>612100001</misses>
				<total>0</total>
				<timestamp>4026.910756</timestamp>
			</report>
			<report>
				<misses>612200001</misses>
				<total>0</total>
				<timestamp>4027.569229</timestamp>
			</report>
			<report>
				<misses>612300001</misses>
				<total>0</total>
				<timestamp>4028.227580</timestamp>
			</report>
			<report>
				<misses>612400001</misses>
				<total>0</total>
				<timestamp>4028.884294</timestamp>
			</report>
			<report>
				<misses>612500001</misses>
				<total>0</total>
				<timestamp>4029.542112</timestamp>
			</report>
			<report>
				<misses>612600001</misses>
				<total>0</total>
				<timestamp>4030.199645</timestamp>
			</report>
			<report>
				<misses>612700001</misses>
				<total>0</total>
				<timestamp>4030.857464</timestamp>
			</report>
			<report>
				<misses>612800001</misses>
				<total>0</total>
				<timestamp>4031.516229</timestamp>
			</report>
			<report>
				<misses>612900001</misses>
				<total>0</total>
				<timestamp>4032.173405</timestamp>
			</report>
			<report>
				<misses>613000001</misses>
				<total>0</total>
				<timestamp>4032.832582</timestamp>
			</report>
			<report>
				<misses>613100001</misses>
				<total>0</total>
				<timestamp>4033.490504</timestamp>
			</report>
			<report>
				<misses>613200001</misses>
				<total>0</total>
				<timestamp>4034.147731</timestamp>
			</report>
			<report>
				<misses>613300001</misses>
				<total>0</total>
				<timestamp>4034.806218</timestamp>
			</report>
			<report>
				<misses>613400001</misses>
				<total>0</total>
				<timestamp>4035.464662</timestamp>
			</report>
			<report>
				<misses>613500001</misses>
				<total>0</total>
				<timestamp>4036.122145</timestamp>
			</report>
			<report>
				<misses>613600001</misses>
				<total>0</total>
				<timestamp>4036.779744</timestamp>
			</report>
			<report>
				<misses>613700001</misses>
				<total>0</total>
				<timestamp>4037.438281</timestamp>
			</report>
			<report>
				<misses>613800001</misses>
				<total>0</total>
				<timestamp>4038.095839</timestamp>
			</report>
			<report>
				<misses>613900001</misses>
				<total>0</total>
				<timestamp>4038.753093</timestamp>
			</report>
			<report>
				<misses>614000001</misses>
				<total>0</total>
				<timestamp>4039.412544</timestamp>
			</report>
			<report>
				<misses>614100001</misses>
				<total>0</total>
				<timestamp>4040.070794</timestamp>
			</report>
			<report>
				<misses>614200001</misses>
				<total>0</total>
				<timestamp>4040.728607</timestamp>
			</report>
			<report>
				<misses>614300001</misses>
				<total>0</total>
				<timestamp>4041.387044</timestamp>
			</report>
			<report>
				<misses>614400001</misses>
				<total>0</total>
				<timestamp>4042.045365</timestamp>
			</report>
			<report>
				<misses>614500001</misses>
				<total>0</total>
				<timestamp>4042.703662</timestamp>
			</report>
			<report>
				<misses>614600001</misses>
				<total>0</total>
				<timestamp>4043.360795</timestamp>
			</report>
			<report>
				<misses>614700001</misses>
				<total>0</total>
				<timestamp>4044.018382</timestamp>
			</report>
			<report>
				<misses>614800001</misses>
				<total>0</total>
				<timestamp>4044.675605</timestamp>
			</report>
			<report>
				<misses>614900001</misses>
				<total>0</total>
				<timestamp>4045.332776</timestamp>
			</report>
			<report>
				<misses>615000001</misses>
				<total>0</total>
				<timestamp>4045.989995</timestamp>
			</report>
			<report>
				<misses>615100001</misses>
				<total>0</total>
				<timestamp>4046.647785</timestamp>
			</report>
			<report>
				<misses>615200001</misses>
				<total>0</total>
				<timestamp>4047.304856</timestamp>
			</report>
			<report>
				<misses>615300001</misses>
				<total>0</total>
				<timestamp>4047.962570</timestamp>
			</report>
			<report>
				<misses>615400001</misses>
				<total>0</total>
				<timestamp>4048.621054</timestamp>
			</report>
			<report>
				<misses>615500001</misses>
				<total>0</total>
				<timestamp>4049.278292</timestamp>
			</report>
			<report>
				<misses>615600001</misses>
				<total>0</total>
				<timestamp>4049.936206</timestamp>
			</report>
			<report>
				<misses>615700001</misses>
				<total>0</total>
				<timestamp>4050.594570</timestamp>
			</report>
			<report>
				<misses>615800001</misses>
				<total>0</total>
				<timestamp>4051.251888</timestamp>
			</report>
			<report>
				<misses>615900001</misses>
				<total>0</total>
				<timestamp>4051.909920</timestamp>
			</report>
			<report>
				<misses>616000001</misses>
				<total>0</total>
				<timestamp>4052.567863</timestamp>
			</report>
			<report>
				<misses>616100001</misses>
				<total>0</total>
				<timestamp>4053.225079</timestamp>
			</report>
			<report>
				<misses>616200001</misses>
				<total>0</total>
				<timestamp>4053.882648</timestamp>
			</report>
			<report>
				<misses>616300001</misses>
				<total>0</total>
				<timestamp>4054.540606</timestamp>
			</report>
			<report>
				<misses>616400001</misses>
				<total>0</total>
				<timestamp>4055.198172</timestamp>
			</report>
			<report>
				<misses>616500001</misses>
				<total>0</total>
				<timestamp>4055.857849</timestamp>
			</report>
			<report>
				<misses>616600001</misses>
				<total>0</total>
				<timestamp>4056.515935</timestamp>
			</report>
			<report>
				<misses>616700001</misses>
				<total>0</total>
				<timestamp>4057.175993</timestamp>
			</report>
			<report>
				<misses>616800001</misses>
				<total>0</total>
				<timestamp>4057.835290</timestamp>
			</report>
			<report>
				<misses>616900001</misses>
				<total>0</total>
				<timestamp>4058.495464</timestamp>
			</report>
			<report>
				<misses>617000001</misses>
				<total>0</total>
				<timestamp>4059.155085</timestamp>
			</report>
			<report>
				<misses>617100001</misses>
				<total>0</total>
				<timestamp>4059.814372</timestamp>
			</report>
			<report>
				<misses>617200001</misses>
				<total>0</total>
				<timestamp>4060.472821</timestamp>
			</report>
			<report>
				<misses>617300001</misses>
				<total>0</total>
				<timestamp>4061.130602</timestamp>
			</report>
			<report>
				<misses>617400001</misses>
				<total>0</total>
				<timestamp>4061.788121</timestamp>
			</report>
			<report>
				<misses>617500001</misses>
				<total>0</total>
				<timestamp>4062.447524</timestamp>
			</report>
			<report>
				<misses>617600001</misses>
				<total>0</total>
				<timestamp>4063.105870</timestamp>
			</report>
			<report>
				<misses>617700001</misses>
				<total>0</total>
				<timestamp>4063.762953</timestamp>
			</report>
			<report>
				<misses>617800001</misses>
				<total>0</total>
				<timestamp>4064.419042</timestamp>
			</report>
			<report>
				<misses>617900001</misses>
				<total>0</total>
				<timestamp>4065.075910</timestamp>
			</report>
			<report>
				<misses>618000001</misses>
				<total>0</total>
				<timestamp>4065.733173</timestamp>
			</report>
			<report>
				<misses>618100001</misses>
				<total>0</total>
				<timestamp>4066.390957</timestamp>
			</report>
			<report>
				<misses>618200001</misses>
				<total>0</total>
				<timestamp>4067.049374</timestamp>
			</report>
			<report>
				<misses>618300001</misses>
				<total>0</total>
				<timestamp>4067.707288</timestamp>
			</report>
			<report>
				<misses>618400001</misses>
				<total>0</total>
				<timestamp>4068.364826</timestamp>
			</report>
			<report>
				<misses>618500001</misses>
				<total>0</total>
				<timestamp>4069.022308</timestamp>
			</report>
			<report>
				<misses>618600001</misses>
				<total>0</total>
				<timestamp>4069.679850</timestamp>
			</report>
			<report>
				<misses>618700001</misses>
				<total>0</total>
				<timestamp>4070.338517</timestamp>
			</report>
			<report>
				<misses>618800001</misses>
				<total>0</total>
				<timestamp>4070.998344</timestamp>
			</report>
			<report>
				<misses>618900001</misses>
				<total>0</total>
				<timestamp>4071.656697</timestamp>
			</report>
			<report>
				<misses>619000001</misses>
				<total>0</total>
				<timestamp>4072.314130</timestamp>
			</report>
			<report>
				<misses>619100001</misses>
				<total>0</total>
				<timestamp>4072.972661</timestamp>
			</report>
			<report>
				<misses>619200001</misses>
				<total>0</total>
				<timestamp>4073.629726</timestamp>
			</report>
			<report>
				<misses>619300001</misses>
				<total>0</total>
				<timestamp>4074.285316</timestamp>
			</report>
			<report>
				<misses>619400001</misses>
				<total>0</total>
				<timestamp>4074.943107</timestamp>
			</report>
			<report>
				<misses>619500001</misses>
				<total>0</total>
				<timestamp>4075.600109</timestamp>
			</report>
			<report>
				<misses>619600001</misses>
				<total>0</total>
				<timestamp>4076.259033</timestamp>
			</report>
			<report>
				<misses>619700001</misses>
				<total>0</total>
				<timestamp>4076.915459</timestamp>
			</report>
			<report>
				<misses>619800001</misses>
				<total>0</total>
				<timestamp>4077.573499</timestamp>
			</report>
			<report>
				<misses>619900001</misses>
				<total>0</total>
				<timestamp>4078.231452</timestamp>
			</report>
			<report>
				<misses>620000001</misses>
				<total>0</total>
				<timestamp>4078.889451</timestamp>
			</report>
			<report>
				<misses>620100001</misses>
				<total>0</total>
				<timestamp>4079.547579</timestamp>
			</report>
			<report>
				<misses>620200001</misses>
				<total>0</total>
				<timestamp>4080.206290</timestamp>
			</report>
			<report>
				<misses>620300001</misses>
				<total>0</total>
				<timestamp>4080.863670</timestamp>
			</report>
			<report>
				<misses>620400001</misses>
				<total>0</total>
				<timestamp>4081.521223</timestamp>
			</report>
			<report>
				<misses>620500001</misses>
				<total>0</total>
				<timestamp>4082.179425</timestamp>
			</report>
			<report>
				<misses>620600001</misses>
				<total>0</total>
				<timestamp>4082.838457</timestamp>
			</report>
			<report>
				<misses>620700001</misses>
				<total>0</total>
				<timestamp>4083.496210</timestamp>
			</report>
			<report>
				<misses>620800001</misses>
				<total>0</total>
				<timestamp>4084.154346</timestamp>
			</report>
			<report>
				<misses>620900001</misses>
				<total>0</total>
				<timestamp>4084.812362</timestamp>
			</report>
			<report>
				<misses>621000001</misses>
				<total>0</total>
				<timestamp>4085.470165</timestamp>
			</report>
			<report>
				<misses>621100001</misses>
				<total>0</total>
				<timestamp>4086.128520</timestamp>
			</report>
			<report>
				<misses>621200001</misses>
				<total>0</total>
				<timestamp>4086.787641</timestamp>
			</report>
			<report>
				<misses>621300001</misses>
				<total>0</total>
				<timestamp>4087.445570</timestamp>
			</report>
			<report>
				<misses>621400001</misses>
				<total>0</total>
				<timestamp>4088.102992</timestamp>
			</report>
			<report>
				<misses>621500001</misses>
				<total>0</total>
				<timestamp>4088.761462</timestamp>
			</report>
			<report>
				<misses>621600001</misses>
				<total>0</total>
				<timestamp>4089.416915</timestamp>
			</report>
			<report>
				<misses>621700001</misses>
				<total>0</total>
				<timestamp>4090.074638</timestamp>
			</report>
			<report>
				<misses>621800001</misses>
				<total>0</total>
				<timestamp>4090.732136</timestamp>
			</report>
			<report>
				<misses>621900001</misses>
				<total>0</total>
				<timestamp>4091.389664</timestamp>
			</report>
			<report>
				<misses>622000001</misses>
				<total>0</total>
				<timestamp>4092.047998</timestamp>
			</report>
			<report>
				<misses>622100001</misses>
				<total>0</total>
				<timestamp>4092.706097</timestamp>
			</report>
			<report>
				<misses>622200001</misses>
				<total>0</total>
				<timestamp>4093.362823</timestamp>
			</report>
			<report>
				<misses>622300001</misses>
				<total>0</total>
				<timestamp>4094.021043</timestamp>
			</report>
			<report>
				<misses>622400001</misses>
				<total>0</total>
				<timestamp>4094.680024</timestamp>
			</report>
			<report>
				<misses>622500001</misses>
				<total>0</total>
				<timestamp>4095.336984</timestamp>
			</report>
			<report>
				<misses>622600001</misses>
				<total>0</total>
				<timestamp>4095.995793</timestamp>
			</report>
			<report>
				<misses>622700001</misses>
				<total>0</total>
				<timestamp>4096.653149</timestamp>
			</report>
			<report>
				<misses>622800001</misses>
				<total>0</total>
				<timestamp>4097.309861</timestamp>
			</report>
			<report>
				<misses>622900001</misses>
				<total>0</total>
				<timestamp>4097.967347</timestamp>
			</report>
			<report>
				<misses>623000001</misses>
				<total>0</total>
				<timestamp>4098.626275</timestamp>
			</report>
			<report>
				<misses>623100001</misses>
				<total>0</total>
				<timestamp>4099.284733</timestamp>
			</report>
			<report>
				<misses>623200001</misses>
				<total>0</total>
				<timestamp>4099.941705</timestamp>
			</report>
			<report>
				<misses>623300001</misses>
				<total>0</total>
				<timestamp>4100.598923</timestamp>
			</report>
			<report>
				<misses>623400001</misses>
				<total>0</total>
				<timestamp>4101.256328</timestamp>
			</report>
			<report>
				<misses>623500001</misses>
				<total>0</total>
				<timestamp>4101.913809</timestamp>
			</report>
			<report>
				<misses>623600001</misses>
				<total>0</total>
				<timestamp>4102.571462</timestamp>
			</report>
			<report>
				<misses>623700001</misses>
				<total>0</total>
				<timestamp>4103.229672</timestamp>
			</report>
			<report>
				<misses>623800001</misses>
				<total>0</total>
				<timestamp>4103.887546</timestamp>
			</report>
			<report>
				<misses>623900001</misses>
				<total>0</total>
				<timestamp>4104.547015</timestamp>
			</report>
			<report>
				<misses>624000001</misses>
				<total>0</total>
				<timestamp>4105.206780</timestamp>
			</report>
			<report>
				<misses>624100001</misses>
				<total>0</total>
				<timestamp>4105.864671</timestamp>
			</report>
			<report>
				<misses>624200001</misses>
				<total>0</total>
				<timestamp>4106.524839</timestamp>
			</report>
			<report>
				<misses>624300001</misses>
				<total>0</total>
				<timestamp>4107.184725</timestamp>
			</report>
			<report>
				<misses>624400001</misses>
				<total>0</total>
				<timestamp>4107.844150</timestamp>
			</report>
			<report>
				<misses>624500001</misses>
				<total>0</total>
				<timestamp>4108.504546</timestamp>
			</report>
			<report>
				<misses>624600001</misses>
				<total>0</total>
				<timestamp>4109.164173</timestamp>
			</report>
			<report>
				<misses>624700001</misses>
				<total>0</total>
				<timestamp>4109.822333</timestamp>
			</report>
			<report>
				<misses>624800001</misses>
				<total>0</total>
				<timestamp>4110.479896</timestamp>
			</report>
			<report>
				<misses>624900001</misses>
				<total>0</total>
				<timestamp>4111.137940</timestamp>
			</report>
			<report>
				<misses>625000001</misses>
				<total>0</total>
				<timestamp>4111.795586</timestamp>
			</report>
			<report>
				<misses>625100001</misses>
				<total>0</total>
				<timestamp>4112.453424</timestamp>
			</report>
			<report>
				<misses>625200001</misses>
				<total>0</total>
				<timestamp>4113.111845</timestamp>
			</report>
			<report>
				<misses>625300001</misses>
				<total>0</total>
				<timestamp>4113.768059</timestamp>
			</report>
			<report>
				<misses>625400001</misses>
				<total>0</total>
				<timestamp>4114.426238</timestamp>
			</report>
			<report>
				<misses>625500001</misses>
				<total>0</total>
				<timestamp>4115.083872</timestamp>
			</report>
			<report>
				<misses>625600001</misses>
				<total>0</total>
				<timestamp>4115.741033</timestamp>
			</report>
			<report>
				<misses>625700001</misses>
				<total>0</total>
				<timestamp>4116.398563</timestamp>
			</report>
			<report>
				<misses>625800001</misses>
				<total>0</total>
				<timestamp>4117.055846</timestamp>
			</report>
			<report>
				<misses>625900001</misses>
				<total>0</total>
				<timestamp>4117.714931</timestamp>
			</report>
			<report>
				<misses>626000001</misses>
				<total>0</total>
				<timestamp>4118.373084</timestamp>
			</report>
			<report>
				<misses>626100001</misses>
				<total>0</total>
				<timestamp>4119.029924</timestamp>
			</report>
			<report>
				<misses>626200001</misses>
				<total>0</total>
				<timestamp>4119.687291</timestamp>
			</report>
			<report>
				<misses>626300001</misses>
				<total>0</total>
				<timestamp>4120.344853</timestamp>
			</report>
			<report>
				<misses>626400001</misses>
				<total>0</total>
				<timestamp>4121.002084</timestamp>
			</report>
			<report>
				<misses>626500001</misses>
				<total>0</total>
				<timestamp>4121.659667</timestamp>
			</report>
			<report>
				<misses>626600001</misses>
				<total>0</total>
				<timestamp>4122.315826</timestamp>
			</report>
			<report>
				<misses>626700001</misses>
				<total>0</total>
				<timestamp>4122.973870</timestamp>
			</report>
			<report>
				<misses>626800001</misses>
				<total>0</total>
				<timestamp>4123.630574</timestamp>
			</report>
			<report>
				<misses>626900001</misses>
				<total>0</total>
				<timestamp>4124.288011</timestamp>
			</report>
			<report>
				<misses>627000001</misses>
				<total>0</total>
				<timestamp>4124.945356</timestamp>
			</report>
			<report>
				<misses>627100001</misses>
				<total>0</total>
				<timestamp>4125.603898</timestamp>
			</report>
			<report>
				<misses>627200001</misses>
				<total>0</total>
				<timestamp>4126.261444</timestamp>
			</report>
			<report>
				<misses>627300001</misses>
				<total>0</total>
				<timestamp>4126.919022</timestamp>
			</report>
			<report>
				<misses>627400001</misses>
				<total>0</total>
				<timestamp>4127.577806</timestamp>
			</report>
			<report>
				<misses>627500001</misses>
				<total>0</total>
				<timestamp>4128.235907</timestamp>
			</report>
			<report>
				<misses>627600001</misses>
				<total>0</total>
				<timestamp>4128.893655</timestamp>
			</report>
			<report>
				<misses>627700001</misses>
				<total>0</total>
				<timestamp>4129.551375</timestamp>
			</report>
			<report>
				<misses>627800001</misses>
				<total>0</total>
				<timestamp>4130.210915</timestamp>
			</report>
			<report>
				<misses>627900001</misses>
				<total>0</total>
				<timestamp>4130.869745</timestamp>
			</report>
			<report>
				<misses>628000001</misses>
				<total>0</total>
				<timestamp>4131.526971</timestamp>
			</report>
			<report>
				<misses>628100001</misses>
				<total>0</total>
				<timestamp>4132.185199</timestamp>
			</report>
			<report>
				<misses>628200001</misses>
				<total>0</total>
				<timestamp>4132.843379</timestamp>
			</report>
			<report>
				<misses>628300001</misses>
				<total>0</total>
				<timestamp>4133.501550</timestamp>
			</report>
			<report>
				<misses>628400001</misses>
				<total>0</total>
				<timestamp>4134.159905</timestamp>
			</report>
			<report>
				<misses>628500001</misses>
				<total>0</total>
				<timestamp>4134.818274</timestamp>
			</report>
			<report>
				<misses>628600001</misses>
				<total>0</total>
				<timestamp>4135.476620</timestamp>
			</report>
			<report>
				<misses>628700001</misses>
				<total>0</total>
				<timestamp>4136.134971</timestamp>
			</report>
			<report>
				<misses>628800001</misses>
				<total>0</total>
				<timestamp>4136.792305</timestamp>
			</report>
			<report>
				<misses>628900001</misses>
				<total>0</total>
				<timestamp>4137.450453</timestamp>
			</report>
			<report>
				<misses>629000001</misses>
				<total>0</total>
				<timestamp>4138.108113</timestamp>
			</report>
			<report>
				<misses>629100001</misses>
				<total>0</total>
				<timestamp>4138.765977</timestamp>
			</report>
			<report>
				<misses>629200001</misses>
				<total>0</total>
				<timestamp>4139.424105</timestamp>
			</report>
			<report>
				<misses>629300001</misses>
				<total>0</total>
				<timestamp>4140.081724</timestamp>
			</report>
			<report>
				<misses>629400001</misses>
				<total>0</total>
				<timestamp>4140.739068</timestamp>
			</report>
			<report>
				<misses>629500001</misses>
				<total>0</total>
				<timestamp>4141.396616</timestamp>
			</report>
			<report>
				<misses>629600001</misses>
				<total>0</total>
				<timestamp>4142.054321</timestamp>
			</report>
			<report>
				<misses>629700001</misses>
				<total>0</total>
				<timestamp>4142.712327</timestamp>
			</report>
			<report>
				<misses>629800001</misses>
				<total>0</total>
				<timestamp>4143.369343</timestamp>
			</report>
			<report>
				<misses>629900001</misses>
				<total>0</total>
				<timestamp>4144.026663</timestamp>
			</report>
			<report>
				<misses>630000001</misses>
				<total>0</total>
				<timestamp>4144.684349</timestamp>
			</report>
			<report>
				<misses>630100001</misses>
				<total>0</total>
				<timestamp>4145.342311</timestamp>
			</report>
			<report>
				<misses>630200001</misses>
				<total>0</total>
				<timestamp>4145.999770</timestamp>
			</report>
			<report>
				<misses>630300001</misses>
				<total>0</total>
				<timestamp>4146.656942</timestamp>
			</report>
			<report>
				<misses>630400001</misses>
				<total>0</total>
				<timestamp>4147.315220</timestamp>
			</report>
			<report>
				<misses>630500001</misses>
				<total>0</total>
				<timestamp>4147.972778</timestamp>
			</report>
			<report>
				<misses>630600001</misses>
				<total>0</total>
				<timestamp>4148.631191</timestamp>
			</report>
			<report>
				<misses>630700001</misses>
				<total>0</total>
				<timestamp>4149.288830</timestamp>
			</report>
			<report>
				<misses>630800001</misses>
				<total>0</total>
				<timestamp>4149.948673</timestamp>
			</report>
			<report>
				<misses>630900001</misses>
				<total>0</total>
				<timestamp>4150.606927</timestamp>
			</report>
			<report>
				<misses>631000001</misses>
				<total>0</total>
				<timestamp>4151.265422</timestamp>
			</report>
			<report>
				<misses>631100001</misses>
				<total>0</total>
				<timestamp>4151.923196</timestamp>
			</report>
			<report>
				<misses>631200001</misses>
				<total>0</total>
				<timestamp>4152.579419</timestamp>
			</report>
			<report>
				<misses>631300001</misses>
				<total>0</total>
				<timestamp>4153.237909</timestamp>
			</report>
			<report>
				<misses>631400001</misses>
				<total>0</total>
				<timestamp>4153.897869</timestamp>
			</report>
			<report>
				<misses>631500001</misses>
				<total>0</total>
				<timestamp>4154.556215</timestamp>
			</report>
			<report>
				<misses>631600001</misses>
				<total>0</total>
				<timestamp>4155.215230</timestamp>
			</report>
			<report>
				<misses>631700001</misses>
				<total>0</total>
				<timestamp>4155.874194</timestamp>
			</report>
			<report>
				<misses>631800001</misses>
				<total>0</total>
				<timestamp>4156.532648</timestamp>
			</report>
			<report>
				<misses>631900001</misses>
				<total>0</total>
				<timestamp>4157.191463</timestamp>
			</report>
			<report>
				<misses>632000001</misses>
				<total>0</total>
				<timestamp>4157.850794</timestamp>
			</report>
			<report>
				<misses>632100001</misses>
				<total>0</total>
				<timestamp>4158.510511</timestamp>
			</report>
			<report>
				<misses>632200001</misses>
				<total>0</total>
				<timestamp>4159.167952</timestamp>
			</report>
			<report>
				<misses>632300001</misses>
				<total>0</total>
				<timestamp>4159.825972</timestamp>
			</report>
			<report>
				<misses>632400001</misses>
				<total>0</total>
				<timestamp>4160.484318</timestamp>
			</report>
			<report>
				<misses>632500001</misses>
				<total>0</total>
				<timestamp>4161.141644</timestamp>
			</report>
			<report>
				<misses>632600001</misses>
				<total>0</total>
				<timestamp>4161.799271</timestamp>
			</report>
			<report>
				<misses>632700001</misses>
				<total>0</total>
				<timestamp>4162.457281</timestamp>
			</report>
			<report>
				<misses>632800001</misses>
				<total>0</total>
				<timestamp>4163.116442</timestamp>
			</report>
			<report>
				<misses>632900001</misses>
				<total>0</total>
				<timestamp>4163.774534</timestamp>
			</report>
			<report>
				<misses>633000001</misses>
				<total>0</total>
				<timestamp>4164.432141</timestamp>
			</report>
			<report>
				<misses>633100001</misses>
				<total>0</total>
				<timestamp>4165.089725</timestamp>
			</report>
			<report>
				<misses>633200001</misses>
				<total>0</total>
				<timestamp>4165.746376</timestamp>
			</report>
			<report>
				<misses>633300001</misses>
				<total>0</total>
				<timestamp>4166.404750</timestamp>
			</report>
			<report>
				<misses>633400001</misses>
				<total>0</total>
				<timestamp>4167.062922</timestamp>
			</report>
			<report>
				<misses>633500001</misses>
				<total>0</total>
				<timestamp>4167.720056</timestamp>
			</report>
			<report>
				<misses>633600001</misses>
				<total>0</total>
				<timestamp>4168.378487</timestamp>
			</report>
			<report>
				<misses>633700001</misses>
				<total>0</total>
				<timestamp>4169.035674</timestamp>
			</report>
			<report>
				<misses>633800001</misses>
				<total>0</total>
				<timestamp>4169.692535</timestamp>
			</report>
			<report>
				<misses>633900001</misses>
				<total>0</total>
				<timestamp>4170.349844</timestamp>
			</report>
			<report>
				<misses>634000001</misses>
				<total>0</total>
				<timestamp>4171.006916</timestamp>
			</report>
			<report>
				<misses>634100001</misses>
				<total>0</total>
				<timestamp>4171.663607</timestamp>
			</report>
			<report>
				<misses>634200001</misses>
				<total>0</total>
				<timestamp>4172.322421</timestamp>
			</report>
			<report>
				<misses>634300001</misses>
				<total>0</total>
				<timestamp>4172.980525</timestamp>
			</report>
			<report>
				<misses>634400001</misses>
				<total>0</total>
				<timestamp>4173.637458</timestamp>
			</report>
			<report>
				<misses>634500001</misses>
				<total>0</total>
				<timestamp>4174.295263</timestamp>
			</report>
			<report>
				<misses>634600001</misses>
				<total>0</total>
				<timestamp>4174.952168</timestamp>
			</report>
			<report>
				<misses>634700001</misses>
				<total>0</total>
				<timestamp>4175.609828</timestamp>
			</report>
			<report>
				<misses>634800001</misses>
				<total>0</total>
				<timestamp>4176.267802</timestamp>
			</report>
			<report>
				<misses>634900001</misses>
				<total>0</total>
				<timestamp>4176.925949</timestamp>
			</report>
			<report>
				<misses>635000001</misses>
				<total>0</total>
				<timestamp>4177.583753</timestamp>
			</report>
			<report>
				<misses>635100001</misses>
				<total>0</total>
				<timestamp>4178.241838</timestamp>
			</report>
			<report>
				<misses>635200001</misses>
				<total>0</total>
				<timestamp>4178.900607</timestamp>
			</report>
			<report>
				<misses>635300001</misses>
				<total>0</total>
				<timestamp>4179.558809</timestamp>
			</report>
			<report>
				<misses>635400001</misses>
				<total>0</total>
				<timestamp>4180.217493</timestamp>
			</report>
			<report>
				<misses>635500001</misses>
				<total>0</total>
				<timestamp>4180.874657</timestamp>
			</report>
			<report>
				<misses>635600001</misses>
				<total>0</total>
				<timestamp>4181.532504</timestamp>
			</report>
			<report>
				<misses>635700001</misses>
				<total>0</total>
				<timestamp>4182.189333</timestamp>
			</report>
			<report>
				<misses>635800001</misses>
				<total>0</total>
				<timestamp>4182.846604</timestamp>
			</report>
			<report>
				<misses>635900001</misses>
				<total>0</total>
				<timestamp>4183.505949</timestamp>
			</report>
			<report>
				<misses>636000001</misses>
				<total>0</total>
				<timestamp>4184.164599</timestamp>
			</report>
			<report>
				<misses>636100001</misses>
				<total>0</total>
				<timestamp>4184.822432</timestamp>
			</report>
			<report>
				<misses>636200001</misses>
				<total>0</total>
				<timestamp>4185.481404</timestamp>
			</report>
			<report>
				<misses>636300001</misses>
				<total>0</total>
				<timestamp>4186.140612</timestamp>
			</report>
			<report>
				<misses>636400001</misses>
				<total>0</total>
				<timestamp>4186.797717</timestamp>
			</report>
			<report>
				<misses>636500001</misses>
				<total>0</total>
				<timestamp>4187.454058</timestamp>
			</report>
			<report>
				<misses>636600001</misses>
				<total>0</total>
				<timestamp>4188.111255</timestamp>
			</report>
			<report>
				<misses>636700001</misses>
				<total>0</total>
				<timestamp>4188.769440</timestamp>
			</report>
			<report>
				<misses>636800001</misses>
				<total>0</total>
				<timestamp>4189.427629</timestamp>
			</report>
			<report>
				<misses>636900001</misses>
				<total>0</total>
				<timestamp>4190.084585</timestamp>
			</report>
			<report>
				<misses>637000001</misses>
				<total>0</total>
				<timestamp>4190.741764</timestamp>
			</report>
			<report>
				<misses>637100001</misses>
				<total>0</total>
				<timestamp>4191.400279</timestamp>
			</report>
			<report>
				<misses>637200001</misses>
				<total>0</total>
				<timestamp>4192.056526</timestamp>
			</report>
			<report>
				<misses>637300001</misses>
				<total>0</total>
				<timestamp>4192.714738</timestamp>
			</report>
			<report>
				<misses>637400001</misses>
				<total>0</total>
				<timestamp>4193.373374</timestamp>
			</report>
			<report>
				<misses>637500001</misses>
				<total>0</total>
				<timestamp>4194.031099</timestamp>
			</report>
			<report>
				<misses>637600001</misses>
				<total>0</total>
				<timestamp>4194.689302</timestamp>
			</report>
			<report>
				<misses>637700001</misses>
				<total>0</total>
				<timestamp>4195.347947</timestamp>
			</report>
			<report>
				<misses>637800001</misses>
				<total>0</total>
				<timestamp>4196.006479</timestamp>
			</report>
			<report>
				<misses>637900001</misses>
				<total>0</total>
				<timestamp>4196.664933</timestamp>
			</report>
			<report>
				<misses>638000001</misses>
				<total>0</total>
				<timestamp>4197.323113</timestamp>
			</report>
			<report>
				<misses>638100001</misses>
				<total>0</total>
				<timestamp>4197.980917</timestamp>
			</report>
			<report>
				<misses>638200001</misses>
				<total>0</total>
				<timestamp>4198.638751</timestamp>
			</report>
			<report>
				<misses>638300001</misses>
				<total>0</total>
				<timestamp>4199.295431</timestamp>
			</report>
			<report>
				<misses>638400001</misses>
				<total>0</total>
				<timestamp>4199.954777</timestamp>
			</report>
			<report>
				<misses>638500001</misses>
				<total>0</total>
				<timestamp>4200.612016</timestamp>
			</report>
			<report>
				<misses>638600001</misses>
				<total>0</total>
				<timestamp>4201.268152</timestamp>
			</report>
			<report>
				<misses>638700001</misses>
				<total>0</total>
				<timestamp>4201.925171</timestamp>
			</report>
			<report>
				<misses>638800001</misses>
				<total>0</total>
				<timestamp>4202.582032</timestamp>
			</report>
			<report>
				<misses>638900001</misses>
				<total>0</total>
				<timestamp>4203.241739</timestamp>
			</report>
			<report>
				<misses>639000001</misses>
				<total>0</total>
				<timestamp>4203.899307</timestamp>
			</report>
			<report>
				<misses>639100001</misses>
				<total>0</total>
				<timestamp>4204.558167</timestamp>
			</report>
			<report>
				<misses>639200001</misses>
				<total>0</total>
				<timestamp>4205.217485</timestamp>
			</report>
			<report>
				<misses>639300001</misses>
				<total>0</total>
				<timestamp>4205.877269</timestamp>
			</report>
			<report>
				<misses>639400001</misses>
				<total>0</total>
				<timestamp>4206.536524</timestamp>
			</report>
			<report>
				<misses>639500001</misses>
				<total>0</total>
				<timestamp>4207.196118</timestamp>
			</report>
			<report>
				<misses>639600001</misses>
				<total>0</total>
				<timestamp>4207.853974</timestamp>
			</report>
			<report>
				<misses>639700001</misses>
				<total>0</total>
				<timestamp>4208.512790</timestamp>
			</report>
			<report>
				<misses>639800001</misses>
				<total>0</total>
				<timestamp>4209.169874</timestamp>
			</report>
			<report>
				<misses>639900001</misses>
				<total>0</total>
				<timestamp>4209.827803</timestamp>
			</report>
			<report>
				<misses>640000001</misses>
				<total>0</total>
				<timestamp>4210.484897</timestamp>
			</report>
			<report>
				<misses>640100001</misses>
				<total>0</total>
				<timestamp>4211.142745</timestamp>
			</report>
			<report>
				<misses>640200001</misses>
				<total>0</total>
				<timestamp>4211.800940</timestamp>
			</report>
			<report>
				<misses>640300001</misses>
				<total>0</total>
				<timestamp>4212.457924</timestamp>
			</report>
			<report>
				<misses>640400001</misses>
				<total>0</total>
				<timestamp>4213.116142</timestamp>
			</report>
			<report>
				<misses>640500001</misses>
				<total>0</total>
				<timestamp>4213.772144</timestamp>
			</report>
			<report>
				<misses>640600001</misses>
				<total>0</total>
				<timestamp>4214.430699</timestamp>
			</report>
			<report>
				<misses>640700001</misses>
				<total>0</total>
				<timestamp>4215.088422</timestamp>
			</report>
			<report>
				<misses>640800001</misses>
				<total>0</total>
				<timestamp>4215.746612</timestamp>
			</report>
			<report>
				<misses>640900001</misses>
				<total>0</total>
				<timestamp>4216.404796</timestamp>
			</report>
			<report>
				<misses>641000001</misses>
				<total>0</total>
				<timestamp>4217.062375</timestamp>
			</report>
			<report>
				<misses>641100001</misses>
				<total>0</total>
				<timestamp>4217.718740</timestamp>
			</report>
			<report>
				<misses>641200001</misses>
				<total>0</total>
				<timestamp>4218.376547</timestamp>
			</report>
			<report>
				<misses>641300001</misses>
				<total>0</total>
				<timestamp>4219.034164</timestamp>
			</report>
			<report>
				<misses>641400001</misses>
				<total>0</total>
				<timestamp>4219.692113</timestamp>
			</report>
			<report>
				<misses>641500001</misses>
				<total>0</total>
				<timestamp>4220.349396</timestamp>
			</report>
			<report>
				<misses>641600001</misses>
				<total>0</total>
				<timestamp>4221.007893</timestamp>
			</report>
			<report>
				<misses>641700001</misses>
				<total>0</total>
				<timestamp>4221.665759</timestamp>
			</report>
			<report>
				<misses>641800001</misses>
				<total>0</total>
				<timestamp>4222.322059</timestamp>
			</report>
			<report>
				<misses>641900001</misses>
				<total>0</total>
				<timestamp>4222.979792</timestamp>
			</report>
			<report>
				<misses>642000001</misses>
				<total>0</total>
				<timestamp>4223.637051</timestamp>
			</report>
			<report>
				<misses>642100001</misses>
				<total>0</total>
				<timestamp>4224.294091</timestamp>
			</report>
			<report>
				<misses>642200001</misses>
				<total>0</total>
				<timestamp>4224.951601</timestamp>
			</report>
			<report>
				<misses>642300001</misses>
				<total>0</total>
				<timestamp>4225.608585</timestamp>
			</report>
			<report>
				<misses>642400001</misses>
				<total>0</total>
				<timestamp>4226.265677</timestamp>
			</report>
			<report>
				<misses>642500001</misses>
				<total>0</total>
				<timestamp>4226.923833</timestamp>
			</report>
			<report>
				<misses>642600001</misses>
				<total>0</total>
				<timestamp>4227.580709</timestamp>
			</report>
			<report>
				<misses>642700001</misses>
				<total>0</total>
				<timestamp>4228.240133</timestamp>
			</report>
			<report>
				<misses>642800001</misses>
				<total>0</total>
				<timestamp>4228.896389</timestamp>
			</report>
			<report>
				<misses>642900001</misses>
				<total>0</total>
				<timestamp>4229.553677</timestamp>
			</report>
			<report>
				<misses>643000001</misses>
				<total>0</total>
				<timestamp>4230.211011</timestamp>
			</report>
			<report>
				<misses>643100001</misses>
				<total>0</total>
				<timestamp>4230.869411</timestamp>
			</report>
			<report>
				<misses>643200001</misses>
				<total>0</total>
				<timestamp>4231.527674</timestamp>
			</report>
			<report>
				<misses>643300001</misses>
				<total>0</total>
				<timestamp>4232.185756</timestamp>
			</report>
			<report>
				<misses>643400001</misses>
				<total>0</total>
				<timestamp>4232.843953</timestamp>
			</report>
			<report>
				<misses>643500001</misses>
				<total>0</total>
				<timestamp>4233.502027</timestamp>
			</report>
			<report>
				<misses>643600001</misses>
				<total>0</total>
				<timestamp>4234.160886</timestamp>
			</report>
			<report>
				<misses>643700001</misses>
				<total>0</total>
				<timestamp>4234.817647</timestamp>
			</report>
			<report>
				<misses>643800001</misses>
				<total>0</total>
				<timestamp>4235.475533</timestamp>
			</report>
			<report>
				<misses>643900001</misses>
				<total>0</total>
				<timestamp>4236.133607</timestamp>
			</report>
			<report>
				<misses>644000001</misses>
				<total>0</total>
				<timestamp>4236.792250</timestamp>
			</report>
			<report>
				<misses>644100001</misses>
				<total>0</total>
				<timestamp>4237.450504</timestamp>
			</report>
			<report>
				<misses>644200001</misses>
				<total>0</total>
				<timestamp>4238.108666</timestamp>
			</report>
			<report>
				<misses>644300001</misses>
				<total>0</total>
				<timestamp>4238.766407</timestamp>
			</report>
			<report>
				<misses>644400001</misses>
				<total>0</total>
				<timestamp>4239.424489</timestamp>
			</report>
			<report>
				<misses>644500001</misses>
				<total>0</total>
				<timestamp>4240.082278</timestamp>
			</report>
			<report>
				<misses>644600001</misses>
				<total>0</total>
				<timestamp>4240.739731</timestamp>
			</report>
			<report>
				<misses>644700001</misses>
				<total>0</total>
				<timestamp>4241.397463</timestamp>
			</report>
			<report>
				<misses>644800001</misses>
				<total>0</total>
				<timestamp>4242.055545</timestamp>
			</report>
			<report>
				<misses>644900001</misses>
				<total>0</total>
				<timestamp>4242.711814</timestamp>
			</report>
			<report>
				<misses>645000001</misses>
				<total>0</total>
				<timestamp>4243.368398</timestamp>
			</report>
			<report>
				<misses>645100001</misses>
				<total>0</total>
				<timestamp>4244.026230</timestamp>
			</report>
			<report>
				<misses>645200001</misses>
				<total>0</total>
				<timestamp>4244.684781</timestamp>
			</report>
			<report>
				<misses>645300001</misses>
				<total>0</total>
				<timestamp>4245.343299</timestamp>
			</report>
			<report>
				<misses>645400001</misses>
				<total>0</total>
				<timestamp>4246.001263</timestamp>
			</report>
			<report>
				<misses>645500001</misses>
				<total>0</total>
				<timestamp>4246.658479</timestamp>
			</report>
			<report>
				<misses>645600001</misses>
				<total>0</total>
				<timestamp>4247.316913</timestamp>
			</report>
			<report>
				<misses>645700001</misses>
				<total>0</total>
				<timestamp>4247.974121</timestamp>
			</report>
			<report>
				<misses>645800001</misses>
				<total>0</total>
				<timestamp>4248.630611</timestamp>
			</report>
			<report>
				<misses>645900001</misses>
				<total>0</total>
				<timestamp>4249.287054</timestamp>
			</report>
			<report>
				<misses>646000001</misses>
				<total>0</total>
				<timestamp>4249.943731</timestamp>
			</report>
			<report>
				<misses>646100001</misses>
				<total>0</total>
				<timestamp>4250.601927</timestamp>
			</report>
			<report>
				<misses>646200001</misses>
				<total>0</total>
				<timestamp>4251.258968</timestamp>
			</report>
			<report>
				<misses>646300001</misses>
				<total>0</total>
				<timestamp>4251.917196</timestamp>
			</report>
			<report>
				<misses>646400001</misses>
				<total>0</total>
				<timestamp>4252.577042</timestamp>
			</report>
			<report>
				<misses>646500001</misses>
				<total>0</total>
				<timestamp>4253.236687</timestamp>
			</report>
			<report>
				<misses>646600001</misses>
				<total>0</total>
				<timestamp>4253.894554</timestamp>
			</report>
			<report>
				<misses>646700001</misses>
				<total>0</total>
				<timestamp>4254.553871</timestamp>
			</report>
			<report>
				<misses>646800001</misses>
				<total>0</total>
				<timestamp>4255.211398</timestamp>
			</report>
			<report>
				<misses>646900001</misses>
				<total>0</total>
				<timestamp>4255.871260</timestamp>
			</report>
			<report>
				<misses>647000001</misses>
				<total>0</total>
				<timestamp>4256.530512</timestamp>
			</report>
			<report>
				<misses>647100001</misses>
				<total>0</total>
				<timestamp>4257.188910</timestamp>
			</report>
			<report>
				<misses>647200001</misses>
				<total>0</total>
				<timestamp>4257.846159</timestamp>
			</report>
			<report>
				<misses>647300001</misses>
				<total>0</total>
				<timestamp>4258.504324</timestamp>
			</report>
			<report>
				<misses>647400001</misses>
				<total>0</total>
				<timestamp>4259.161799</timestamp>
			</report>
			<report>
				<misses>647500001</misses>
				<total>0</total>
				<timestamp>4259.818716</timestamp>
			</report>
			<report>
				<misses>647600001</misses>
				<total>0</total>
				<timestamp>4260.475996</timestamp>
			</report>
			<report>
				<misses>647700001</misses>
				<total>0</total>
				<timestamp>4261.133516</timestamp>
			</report>
			<report>
				<misses>647800001</misses>
				<total>0</total>
				<timestamp>4261.790712</timestamp>
			</report>
			<report>
				<misses>647900001</misses>
				<total>0</total>
				<timestamp>4262.447730</timestamp>
			</report>
			<report>
				<misses>648000001</misses>
				<total>0</total>
				<timestamp>4263.104682</timestamp>
			</report>
			<report>
				<misses>648100001</misses>
				<total>0</total>
				<timestamp>4263.762199</timestamp>
			</report>
			<report>
				<misses>648200001</misses>
				<total>0</total>
				<timestamp>4264.419849</timestamp>
			</report>
			<report>
				<misses>648300001</misses>
				<total>0</total>
				<timestamp>4265.076994</timestamp>
			</report>
			<report>
				<misses>648400001</misses>
				<total>0</total>
				<timestamp>4265.734335</timestamp>
			</report>
			<report>
				<misses>648500001</misses>
				<total>0</total>
				<timestamp>4266.391993</timestamp>
			</report>
			<report>
				<misses>648600001</misses>
				<total>0</total>
				<timestamp>4267.049335</timestamp>
			</report>
			<report>
				<misses>648700001</misses>
				<total>0</total>
				<timestamp>4267.705822</timestamp>
			</report>
			<report>
				<misses>648800001</misses>
				<total>0</total>
				<timestamp>4268.363986</timestamp>
			</report>
			<report>
				<misses>648900001</misses>
				<total>0</total>
				<timestamp>4269.021322</timestamp>
			</report>
			<report>
				<misses>649000001</misses>
				<total>0</total>
				<timestamp>4269.678418</timestamp>
			</report>
			<report>
				<misses>649100001</misses>
				<total>0</total>
				<timestamp>4270.335359</timestamp>
			</report>
			<report>
				<misses>649200001</misses>
				<total>0</total>
				<timestamp>4270.992700</timestamp>
			</report>
			<report>
				<misses>649300001</misses>
				<total>0</total>
				<timestamp>4271.649214</timestamp>
			</report>
			<report>
				<misses>649400001</misses>
				<total>0</total>
				<timestamp>4272.307165</timestamp>
			</report>
			<report>
				<misses>649500001</misses>
				<total>0</total>
				<timestamp>4272.964564</timestamp>
			</report>
			<report>
				<misses>649600001</misses>
				<total>0</total>
				<timestamp>4273.622111</timestamp>
			</report>
			<report>
				<misses>649700001</misses>
				<total>0</total>
				<timestamp>4274.281033</timestamp>
			</report>
			<report>
				<misses>649800001</misses>
				<total>0</total>
				<timestamp>4274.937450</timestamp>
			</report>
			<report>
				<misses>649900001</misses>
				<total>0</total>
				<timestamp>4275.595465</timestamp>
			</report>
			<report>
				<misses>650000001</misses>
				<total>0</total>
				<timestamp>4276.254275</timestamp>
			</report>
			<report>
				<misses>650100001</misses>
				<total>0</total>
				<timestamp>4276.912475</timestamp>
			</report>
			<report>
				<misses>650200001</misses>
				<total>0</total>
				<timestamp>4277.568700</timestamp>
			</report>
			<report>
				<misses>650300001</misses>
				<total>0</total>
				<timestamp>4278.225821</timestamp>
			</report>
			<report>
				<misses>650400001</misses>
				<total>0</total>
				<timestamp>4278.881485</timestamp>
			</report>
			<report>
				<misses>650500001</misses>
				<total>0</total>
				<timestamp>4279.539940</timestamp>
			</report>
			<report>
				<misses>650600001</misses>
				<total>0</total>
				<timestamp>4280.198500</timestamp>
			</report>
			<report>
				<misses>650700001</misses>
				<total>0</total>
				<timestamp>4280.856854</timestamp>
			</report>
			<report>
				<misses>650800001</misses>
				<total>0</total>
				<timestamp>4281.515243</timestamp>
			</report>
			<report>
				<misses>650900001</misses>
				<total>0</total>
				<timestamp>4282.173328</timestamp>
			</report>
			<report>
				<misses>651000001</misses>
				<total>0</total>
				<timestamp>4282.832156</timestamp>
			</report>
			<report>
				<misses>651100001</misses>
				<total>0</total>
				<timestamp>4283.489736</timestamp>
			</report>
			<report>
				<misses>651200001</misses>
				<total>0</total>
				<timestamp>4284.147349</timestamp>
			</report>
			<report>
				<misses>651300001</misses>
				<total>0</total>
				<timestamp>4284.805523</timestamp>
			</report>
			<report>
				<misses>651400001</misses>
				<total>0</total>
				<timestamp>4285.464263</timestamp>
			</report>
			<report>
				<misses>651500001</misses>
				<total>0</total>
				<timestamp>4286.121987</timestamp>
			</report>
			<report>
				<misses>651600001</misses>
				<total>0</total>
				<timestamp>4286.779462</timestamp>
			</report>
			<report>
				<misses>651700001</misses>
				<total>0</total>
				<timestamp>4287.438026</timestamp>
			</report>
			<report>
				<misses>651800001</misses>
				<total>0</total>
				<timestamp>4288.095325</timestamp>
			</report>
			<report>
				<misses>651900001</misses>
				<total>0</total>
				<timestamp>4288.752293</timestamp>
			</report>
			<report>
				<misses>652000001</misses>
				<total>0</total>
				<timestamp>4289.410755</timestamp>
			</report>
			<report>
				<misses>652100001</misses>
				<total>0</total>
				<timestamp>4290.068700</timestamp>
			</report>
			<report>
				<misses>652200001</misses>
				<total>0</total>
				<timestamp>4290.726943</timestamp>
			</report>
			<report>
				<misses>652300001</misses>
				<total>0</total>
				<timestamp>4291.384367</timestamp>
			</report>
			<report>
				<misses>652400001</misses>
				<total>0</total>
				<timestamp>4292.042593</timestamp>
			</report>
			<report>
				<misses>652500001</misses>
				<total>0</total>
				<timestamp>4292.701223</timestamp>
			</report>
			<report>
				<misses>652600001</misses>
				<total>0</total>
				<timestamp>4293.359415</timestamp>
			</report>
			<report>
				<misses>652700001</misses>
				<total>0</total>
				<timestamp>4294.017021</timestamp>
			</report>
			<report>
				<misses>652800001</misses>
				<total>0</total>
				<timestamp>4294.674741</timestamp>
			</report>
			<report>
				<misses>652900001</misses>
				<total>0</total>
				<timestamp>4295.332211</timestamp>
			</report>
			<report>
				<misses>653000001</misses>
				<total>0</total>
				<timestamp>4295.990340</timestamp>
			</report>
			<report>
				<misses>653100001</misses>
				<total>0</total>
				<timestamp>4296.648648</timestamp>
			</report>
			<report>
				<misses>653200001</misses>
				<total>0</total>
				<timestamp>4297.306327</timestamp>
			</report>
			<report>
				<misses>653300001</misses>
				<total>0</total>
				<timestamp>4297.964919</timestamp>
			</report>
			<report>
				<misses>653400001</misses>
				<total>0</total>
				<timestamp>4298.621958</timestamp>
			</report>
			<report>
				<misses>653500001</misses>
				<total>0</total>
				<timestamp>4299.280394</timestamp>
			</report>
			<report>
				<misses>653600001</misses>
				<total>0</total>
				<timestamp>4299.939044</timestamp>
			</report>
			<report>
				<misses>653700001</misses>
				<total>0</total>
				<timestamp>4300.596834</timestamp>
			</report>
			<report>
				<misses>653800001</misses>
				<total>0</total>
				<timestamp>4301.257086</timestamp>
			</report>
			<report>
				<misses>653900001</misses>
				<total>0</total>
				<timestamp>4301.917009</timestamp>
			</report>
			<report>
				<misses>654000001</misses>
				<total>0</total>
				<timestamp>4302.576910</timestamp>
			</report>
			<report>
				<misses>654100001</misses>
				<total>0</total>
				<timestamp>4303.236503</timestamp>
			</report>
			<report>
				<misses>654200001</misses>
				<total>0</total>
				<timestamp>4303.895997</timestamp>
			</report>
			<report>
				<misses>654300001</misses>
				<total>0</total>
				<timestamp>4304.554894</timestamp>
			</report>
			<report>
				<misses>654400001</misses>
				<total>0</total>
				<timestamp>4305.212861</timestamp>
			</report>
			<report>
				<misses>654500001</misses>
				<total>0</total>
				<timestamp>4305.872288</timestamp>
			</report>
			<report>
				<misses>654600001</misses>
				<total>0</total>
				<timestamp>4306.529999</timestamp>
			</report>
			<report>
				<misses>654700001</misses>
				<total>0</total>
				<timestamp>4307.187357</timestamp>
			</report>
			<report>
				<misses>654800001</misses>
				<total>0</total>
				<timestamp>4307.844660</timestamp>
			</report>
			<report>
				<misses>654900001</misses>
				<total>0</total>
				<timestamp>4308.500856</timestamp>
			</report>
			<report>
				<misses>655000001</misses>
				<total>0</total>
				<timestamp>4309.159129</timestamp>
			</report>
			<report>
				<misses>655100001</misses>
				<total>0</total>
				<timestamp>4309.816271</timestamp>
			</report>
			<report>
				<misses>655200001</misses>
				<total>0</total>
				<timestamp>4310.473796</timestamp>
			</report>
			<report>
				<misses>655300001</misses>
				<total>0</total>
				<timestamp>4311.131033</timestamp>
			</report>
			<report>
				<misses>655400001</misses>
				<total>0</total>
				<timestamp>4311.788999</timestamp>
			</report>
			<report>
				<misses>655500001</misses>
				<total>0</total>
				<timestamp>4312.446962</timestamp>
			</report>
			<report>
				<misses>655600001</misses>
				<total>0</total>
				<timestamp>4313.102403</timestamp>
			</report>
			<report>
				<misses>655700001</misses>
				<total>0</total>
				<timestamp>4313.761288</timestamp>
			</report>
			<report>
				<misses>655800001</misses>
				<total>0</total>
				<timestamp>4314.418655</timestamp>
			</report>
			<report>
				<misses>655900001</misses>
				<total>0</total>
				<timestamp>4315.076345</timestamp>
			</report>
			<report>
				<misses>656000001</misses>
				<total>0</total>
				<timestamp>4315.732727</timestamp>
			</report>
			<report>
				<misses>656100001</misses>
				<total>0</total>
				<timestamp>4316.391776</timestamp>
			</report>
			<report>
				<misses>656200001</misses>
				<total>0</total>
				<timestamp>4317.050927</timestamp>
			</report>
			<report>
				<misses>656300001</misses>
				<total>0</total>
				<timestamp>4317.708250</timestamp>
			</report>
			<report>
				<misses>656400001</misses>
				<total>0</total>
				<timestamp>4318.366321</timestamp>
			</report>
			<report>
				<misses>656500001</misses>
				<total>0</total>
				<timestamp>4319.024008</timestamp>
			</report>
			<report>
				<misses>656600001</misses>
				<total>0</total>
				<timestamp>4319.680954</timestamp>
			</report>
			<report>
				<misses>656700001</misses>
				<total>0</total>
				<timestamp>4320.339339</timestamp>
			</report>
			<report>
				<misses>656800001</misses>
				<total>0</total>
				<timestamp>4320.995501</timestamp>
			</report>
			<report>
				<misses>656900001</misses>
				<total>0</total>
				<timestamp>4321.653537</timestamp>
			</report>
			<report>
				<misses>657000001</misses>
				<total>0</total>
				<timestamp>4322.310917</timestamp>
			</report>
			<report>
				<misses>657100001</misses>
				<total>0</total>
				<timestamp>4322.967699</timestamp>
			</report>
			<report>
				<misses>657200001</misses>
				<total>0</total>
				<timestamp>4323.625793</timestamp>
			</report>
			<report>
				<misses>657300001</misses>
				<total>0</total>
				<timestamp>4324.283978</timestamp>
			</report>
			<report>
				<misses>657400001</misses>
				<total>0</total>
				<timestamp>4324.943023</timestamp>
			</report>
			<report>
				<misses>657500001</misses>
				<total>0</total>
				<timestamp>4325.601153</timestamp>
			</report>
			<report>
				<misses>657600001</misses>
				<total>0</total>
				<timestamp>4326.259145</timestamp>
			</report>
			<report>
				<misses>657700001</misses>
				<total>0</total>
				<timestamp>4326.917355</timestamp>
			</report>
			<report>
				<misses>657800001</misses>
				<total>0</total>
				<timestamp>4327.574446</timestamp>
			</report>
			<report>
				<misses>657900001</misses>
				<total>0</total>
				<timestamp>4328.232202</timestamp>
			</report>
			<report>
				<misses>658000001</misses>
				<total>0</total>
				<timestamp>4328.890079</timestamp>
			</report>
			<report>
				<misses>658100001</misses>
				<total>0</total>
				<timestamp>4329.547675</timestamp>
			</report>
			<report>
				<misses>658200001</misses>
				<total>0</total>
				<timestamp>4330.206370</timestamp>
			</report>
			<report>
				<misses>658300001</misses>
				<total>0</total>
				<timestamp>4330.862540</timestamp>
			</report>
			<report>
				<misses>658400001</misses>
				<total>0</total>
				<timestamp>4331.519849</timestamp>
			</report>
			<report>
				<misses>658500001</misses>
				<total>0</total>
				<timestamp>4332.178524</timestamp>
			</report>
			<report>
				<misses>658600001</misses>
				<total>0</total>
				<timestamp>4332.837610</timestamp>
			</report>
			<report>
				<misses>658700001</misses>
				<total>0</total>
				<timestamp>4333.496154</timestamp>
			</report>
			<report>
				<misses>658800001</misses>
				<total>0</total>
				<timestamp>4334.153450</timestamp>
			</report>
			<report>
				<misses>658900001</misses>
				<total>0</total>
				<timestamp>4334.812717</timestamp>
			</report>
			<report>
				<misses>659000001</misses>
				<total>0</total>
				<timestamp>4335.471235</timestamp>
			</report>
			<report>
				<misses>659100001</misses>
				<total>0</total>
				<timestamp>4336.126838</timestamp>
			</report>
			<report>
				<misses>659200001</misses>
				<total>0</total>
				<timestamp>4336.785446</timestamp>
			</report>
			<report>
				<misses>659300001</misses>
				<total>0</total>
				<timestamp>4337.443348</timestamp>
			</report>
			<report>
				<misses>659400001</misses>
				<total>0</total>
				<timestamp>4338.100885</timestamp>
			</report>
			<report>
				<misses>659500001</misses>
				<total>0</total>
				<timestamp>4338.758401</timestamp>
			</report>
			<report>
				<misses>659600001</misses>
				<total>0</total>
				<timestamp>4339.415695</timestamp>
			</report>
			<report>
				<misses>659700001</misses>
				<total>0</total>
				<timestamp>4340.075492</timestamp>
			</report>
			<report>
				<misses>659800001</misses>
				<total>0</total>
				<timestamp>4340.733727</timestamp>
			</report>
			<report>
				<misses>659900001</misses>
				<total>0</total>
				<timestamp>4341.391306</timestamp>
			</report>
			<report>
				<misses>660000001</misses>
				<total>0</total>
				<timestamp>4342.048407</timestamp>
			</report>
			<report>
				<misses>660100001</misses>
				<total>0</total>
				<timestamp>4342.704351</timestamp>
			</report>
			<report>
				<misses>660200001</misses>
				<total>0</total>
				<timestamp>4343.362553</timestamp>
			</report>
			<report>
				<misses>660300001</misses>
				<total>0</total>
				<timestamp>4344.020044</timestamp>
			</report>
			<report>
				<misses>660400001</misses>
				<total>0</total>
				<timestamp>4344.676176</timestamp>
			</report>
			<report>
				<misses>660500001</misses>
				<total>0</total>
				<timestamp>4345.336531</timestamp>
			</report>
			<report>
				<misses>660600001</misses>
				<total>0</total>
				<timestamp>4345.995092</timestamp>
			</report>
			<report>
				<misses>660700001</misses>
				<total>0</total>
				<timestamp>4346.654950</timestamp>
			</report>
			<report>
				<misses>660800001</misses>
				<total>0</total>
				<timestamp>4347.313237</timestamp>
			</report>
			<report>
				<misses>660900001</misses>
				<total>0</total>
				<timestamp>4347.970207</timestamp>
			</report>
			<report>
				<misses>661000001</misses>
				<total>0</total>
				<timestamp>4348.628915</timestamp>
			</report>
			<report>
				<misses>661100001</misses>
				<total>0</total>
				<timestamp>4349.286886</timestamp>
			</report>
			<report>
				<misses>661200001</misses>
				<total>0</total>
				<timestamp>4349.945197</timestamp>
			</report>
			<report>
				<misses>661300001</misses>
				<total>0</total>
				<timestamp>4350.605331</timestamp>
			</report>
			<report>
				<misses>661400001</misses>
				<total>0</total>
				<timestamp>4351.265320</timestamp>
			</report>
			<report>
				<misses>661500001</misses>
				<total>0</total>
				<timestamp>4351.922950</timestamp>
			</report>
			<report>
				<misses>661600001</misses>
				<total>0</total>
				<timestamp>4352.581438</timestamp>
			</report>
			<report>
				<misses>661700001</misses>
				<total>0</total>
				<timestamp>4353.241241</timestamp>
			</report>
			<report>
				<misses>661800001</misses>
				<total>0</total>
				<timestamp>4353.900147</timestamp>
			</report>
			<report>
				<misses>661900001</misses>
				<total>0</total>
				<timestamp>4354.560419</timestamp>
			</report>
			<report>
				<misses>662000001</misses>
				<total>0</total>
				<timestamp>4355.219071</timestamp>
			</report>
			<report>
				<misses>662100001</misses>
				<total>0</total>
				<timestamp>4355.876623</timestamp>
			</report>
			<report>
				<misses>662200001</misses>
				<total>0</total>
				<timestamp>4356.534427</timestamp>
			</report>
			<report>
				<misses>662300001</misses>
				<total>0</total>
				<timestamp>4357.192806</timestamp>
			</report>
			<report>
				<misses>662400001</misses>
				<total>0</total>
				<timestamp>4357.850829</timestamp>
			</report>
			<report>
				<misses>662500001</misses>
				<total>0</total>
				<timestamp>4358.508285</timestamp>
			</report>
			<report>
				<misses>662600001</misses>
				<total>0</total>
				<timestamp>4359.166241</timestamp>
			</report>
			<report>
				<misses>662700001</misses>
				<total>0</total>
				<timestamp>4359.824915</timestamp>
			</report>
			<report>
				<misses>662800001</misses>
				<total>0</total>
				<timestamp>4360.483554</timestamp>
			</report>
			<report>
				<misses>662900001</misses>
				<total>0</total>
				<timestamp>4361.142583</timestamp>
			</report>
			<report>
				<misses>663000001</misses>
				<total>0</total>
				<timestamp>4361.800316</timestamp>
			</report>
			<report>
				<misses>663100001</misses>
				<total>0</total>
				<timestamp>4362.458856</timestamp>
			</report>
			<report>
				<misses>663200001</misses>
				<total>0</total>
				<timestamp>4363.116222</timestamp>
			</report>
			<report>
				<misses>663300001</misses>
				<total>0</total>
				<timestamp>4363.775093</timestamp>
			</report>
			<report>
				<misses>663400001</misses>
				<total>0</total>
				<timestamp>4364.432469</timestamp>
			</report>
			<report>
				<misses>663500001</misses>
				<total>0</total>
				<timestamp>4365.090727</timestamp>
			</report>
			<report>
				<misses>663600001</misses>
				<total>0</total>
				<timestamp>4365.749533</timestamp>
			</report>
			<report>
				<misses>663700001</misses>
				<total>0</total>
				<timestamp>4366.407338</timestamp>
			</report>
			<report>
				<misses>663800001</misses>
				<total>0</total>
				<timestamp>4367.065440</timestamp>
			</report>
			<report>
				<misses>663900001</misses>
				<total>0</total>
				<timestamp>4367.723164</timestamp>
			</report>
			<report>
				<misses>664000001</misses>
				<total>0</total>
				<timestamp>4368.381073</timestamp>
			</report>
			<report>
				<misses>664100001</misses>
				<total>0</total>
				<timestamp>4369.039236</timestamp>
			</report>
			<report>
				<misses>664200001</misses>
				<total>0</total>
				<timestamp>4369.698027</timestamp>
			</report>
			<report>
				<misses>664300001</misses>
				<total>0</total>
				<timestamp>4370.355060</timestamp>
			</report>
			<report>
				<misses>664400001</misses>
				<total>0</total>
				<timestamp>4371.013615</timestamp>
			</report>
			<report>
				<misses>664500001</misses>
				<total>0</total>
				<timestamp>4371.672077</timestamp>
			</report>
			<report>
				<misses>664600001</misses>
				<total>0</total>
				<timestamp>4372.331144</timestamp>
			</report>
			<report>
				<misses>664700001</misses>
				<total>0</total>
				<timestamp>4372.987687</timestamp>
			</report>
			<report>
				<misses>664800001</misses>
				<total>0</total>
				<timestamp>4373.645927</timestamp>
			</report>
			<report>
				<misses>664900001</misses>
				<total>0</total>
				<timestamp>4374.304624</timestamp>
			</report>
			<report>
				<misses>665000001</misses>
				<total>0</total>
				<timestamp>4374.962742</timestamp>
			</report>
			<report>
				<misses>665100001</misses>
				<total>0</total>
				<timestamp>4375.620560</timestamp>
			</report>
			<report>
				<misses>665200001</misses>
				<total>0</total>
				<timestamp>4376.278046</timestamp>
			</report>
			<report>
				<misses>665300001</misses>
				<total>0</total>
				<timestamp>4376.936774</timestamp>
			</report>
			<report>
				<misses>665400001</misses>
				<total>0</total>
				<timestamp>4377.595753</timestamp>
			</report>
			<report>
				<misses>665500001</misses>
				<total>0</total>
				<timestamp>4378.253469</timestamp>
			</report>
			<report>
				<misses>665600001</misses>
				<total>0</total>
				<timestamp>4378.912188</timestamp>
			</report>
			<report>
				<misses>665700001</misses>
				<total>0</total>
				<timestamp>4379.570446</timestamp>
			</report>
			<report>
				<misses>665800001</misses>
				<total>0</total>
				<timestamp>4380.227512</timestamp>
			</report>
			<report>
				<misses>665900001</misses>
				<total>0</total>
				<timestamp>4380.885768</timestamp>
			</report>
			<report>
				<misses>666000001</misses>
				<total>0</total>
				<timestamp>4381.544957</timestamp>
			</report>
			<report>
				<misses>666100001</misses>
				<total>0</total>
				<timestamp>4382.202075</timestamp>
			</report>
			<report>
				<misses>666200001</misses>
				<total>0</total>
				<timestamp>4382.860243</timestamp>
			</report>
			<report>
				<misses>666300001</misses>
				<total>0</total>
				<timestamp>4383.518597</timestamp>
			</report>
			<report>
				<misses>666400001</misses>
				<total>0</total>
				<timestamp>4384.176010</timestamp>
			</report>
			<report>
				<misses>666500001</misses>
				<total>0</total>
				<timestamp>4384.833183</timestamp>
			</report>
			<report>
				<misses>666600001</misses>
				<total>0</total>
				<timestamp>4385.491244</timestamp>
			</report>
			<report>
				<misses>666700001</misses>
				<total>0</total>
				<timestamp>4386.148635</timestamp>
			</report>
			<report>
				<misses>666800001</misses>
				<total>0</total>
				<timestamp>4386.806528</timestamp>
			</report>
			<report>
				<misses>666900001</misses>
				<total>0</total>
				<timestamp>4387.463711</timestamp>
			</report>
			<report>
				<misses>667000001</misses>
				<total>0</total>
				<timestamp>4388.121420</timestamp>
			</report>
			<report>
				<misses>667100001</misses>
				<total>0</total>
				<timestamp>4388.780156</timestamp>
			</report>
			<report>
				<misses>667200001</misses>
				<total>0</total>
				<timestamp>4389.437392</timestamp>
			</report>
			<report>
				<misses>667300001</misses>
				<total>0</total>
				<timestamp>4390.094040</timestamp>
			</report>
			<report>
				<misses>667400001</misses>
				<total>0</total>
				<timestamp>4390.752953</timestamp>
			</report>
			<report>
				<misses>667500001</misses>
				<total>0</total>
				<timestamp>4391.411760</timestamp>
			</report>
			<report>
				<misses>667600001</misses>
				<total>0</total>
				<timestamp>4392.069729</timestamp>
			</report>
			<report>
				<misses>667700001</misses>
				<total>0</total>
				<timestamp>4392.725732</timestamp>
			</report>
			<report>
				<misses>667800001</misses>
				<total>0</total>
				<timestamp>4393.384211</timestamp>
			</report>
			<report>
				<misses>667900001</misses>
				<total>0</total>
				<timestamp>4394.041569</timestamp>
			</report>
			<report>
				<misses>668000001</misses>
				<total>0</total>
				<timestamp>4394.699493</timestamp>
			</report>
			<report>
				<misses>668100001</misses>
				<total>0</total>
				<timestamp>4395.357934</timestamp>
			</report>
			<report>
				<misses>668200001</misses>
				<total>0</total>
				<timestamp>4396.015619</timestamp>
			</report>
			<report>
				<misses>668300001</misses>
				<total>0</total>
				<timestamp>4396.671939</timestamp>
			</report>
			<report>
				<misses>668400001</misses>
				<total>0</total>
				<timestamp>4397.329751</timestamp>
			</report>
			<report>
				<misses>668500001</misses>
				<total>0</total>
				<timestamp>4397.986893</timestamp>
			</report>
			<report>
				<misses>668600001</misses>
				<total>0</total>
				<timestamp>4398.644196</timestamp>
			</report>
			<report>
				<misses>668700001</misses>
				<total>0</total>
				<timestamp>4399.302276</timestamp>
			</report>
			<report>
				<misses>668800001</misses>
				<total>0</total>
				<timestamp>4399.960300</timestamp>
			</report>
			<report>
				<misses>668900001</misses>
				<total>0</total>
				<timestamp>4400.618969</timestamp>
			</report>
			<report>
				<misses>669000001</misses>
				<total>0</total>
				<timestamp>4401.277586</timestamp>
			</report>
			<report>
				<misses>669100001</misses>
				<total>0</total>
				<timestamp>4401.937166</timestamp>
			</report>
			<report>
				<misses>669200001</misses>
				<total>0</total>
				<timestamp>4402.595605</timestamp>
			</report>
			<report>
				<misses>669300001</misses>
				<total>0</total>
				<timestamp>4403.254696</timestamp>
			</report>
			<report>
				<misses>669400001</misses>
				<total>0</total>
				<timestamp>4403.914418</timestamp>
			</report>
			<report>
				<misses>669500001</misses>
				<total>0</total>
				<timestamp>4404.571756</timestamp>
			</report>
			<report>
				<misses>669600001</misses>
				<total>0</total>
				<timestamp>4405.230107</timestamp>
			</report>
			<report>
				<misses>669700001</misses>
				<total>0</total>
				<timestamp>4405.888538</timestamp>
			</report>
			<report>
				<misses>669800001</misses>
				<total>0</total>
				<timestamp>4406.546729</timestamp>
			</report>
			<report>
				<misses>669900001</misses>
				<total>0</total>
				<timestamp>4407.205185</timestamp>
			</report>
			<report>
				<misses>670000001</misses>
				<total>0</total>
				<timestamp>4407.862824</timestamp>
			</report>
			<report>
				<misses>670100001</misses>
				<total>0</total>
				<timestamp>4408.520394</timestamp>
			</report>
			<report>
				<misses>670200001</misses>
				<total>0</total>
				<timestamp>4409.179239</timestamp>
			</report>
			<report>
				<misses>670300001</misses>
				<total>0</total>
				<timestamp>4409.839306</timestamp>
			</report>
			<report>
				<misses>670400001</misses>
				<total>0</total>
				<timestamp>4410.498585</timestamp>
			</report>
			<report>
				<misses>670500001</misses>
				<total>0</total>
				<timestamp>4411.156479</timestamp>
			</report>
			<report>
				<misses>670600001</misses>
				<total>0</total>
				<timestamp>4411.815009</timestamp>
			</report>
			<report>
				<misses>670700001</misses>
				<total>0</total>
				<timestamp>4412.473002</timestamp>
			</report>
			<report>
				<misses>670800001</misses>
				<total>0</total>
				<timestamp>4413.130843</timestamp>
			</report>
			<report>
				<misses>670900001</misses>
				<total>0</total>
				<timestamp>4413.789188</timestamp>
			</report>
			<report>
				<misses>671000001</misses>
				<total>0</total>
				<timestamp>4414.445703</timestamp>
			</report>
			<report>
				<misses>671100001</misses>
				<total>0</total>
				<timestamp>4415.104938</timestamp>
			</report>
			<report>
				<misses>671200001</misses>
				<total>0</total>
				<timestamp>4415.763884</timestamp>
			</report>
			<report>
				<misses>671300001</misses>
				<total>0</total>
				<timestamp>4416.422567</timestamp>
			</report>
			<report>
				<misses>671400001</misses>
				<total>0</total>
				<timestamp>4417.080811</timestamp>
			</report>
			<report>
				<misses>671500001</misses>
				<total>0</total>
				<timestamp>4417.738588</timestamp>
			</report>
			<report>
				<misses>671600001</misses>
				<total>0</total>
				<timestamp>4418.395744</timestamp>
			</report>
			<report>
				<misses>671700001</misses>
				<total>0</total>
				<timestamp>4419.053998</timestamp>
			</report>
			<report>
				<misses>671800001</misses>
				<total>0</total>
				<timestamp>4419.711650</timestamp>
			</report>
			<report>
				<misses>671900001</misses>
				<total>0</total>
				<timestamp>4420.369576</timestamp>
			</report>
			<report>
				<misses>672000001</misses>
				<total>0</total>
				<timestamp>4421.027310</timestamp>
			</report>
			<report>
				<misses>672100001</misses>
				<total>0</total>
				<timestamp>4421.685822</timestamp>
			</report>
			<report>
				<misses>672200001</misses>
				<total>0</total>
				<timestamp>4422.344453</timestamp>
			</report>
			<report>
				<misses>672300001</misses>
				<total>0</total>
				<timestamp>4423.002686</timestamp>
			</report>
			<report>
				<misses>672400001</misses>
				<total>0</total>
				<timestamp>4423.659776</timestamp>
			</report>
			<report>
				<misses>672500001</misses>
				<total>0</total>
				<timestamp>4424.317499</timestamp>
			</report>
			<report>
				<misses>672600001</misses>
				<total>0</total>
				<timestamp>4424.974975</timestamp>
			</report>
			<report>
				<misses>672700001</misses>
				<total>0</total>
				<timestamp>4425.632703</timestamp>
			</report>
			<report>
				<misses>672800001</misses>
				<total>0</total>
				<timestamp>4426.291924</timestamp>
			</report>
			<report>
				<misses>672900001</misses>
				<total>0</total>
				<timestamp>4426.950323</timestamp>
			</report>
			<report>
				<misses>673000001</misses>
				<total>0</total>
				<timestamp>4427.610407</timestamp>
			</report>
			<report>
				<misses>673100001</misses>
				<total>0</total>
				<timestamp>4428.269245</timestamp>
			</report>
			<report>
				<misses>673200001</misses>
				<total>0</total>
				<timestamp>4428.929368</timestamp>
			</report>
			<report>
				<misses>673300001</misses>
				<total>0</total>
				<timestamp>4429.588161</timestamp>
			</report>
			<report>
				<misses>673400001</misses>
				<total>0</total>
				<timestamp>4430.247478</timestamp>
			</report>
			<report>
				<misses>673500001</misses>
				<total>0</total>
				<timestamp>4430.906649</timestamp>
			</report>
			<report>
				<misses>673600001</misses>
				<total>0</total>
				<timestamp>4431.565335</timestamp>
			</report>
			<report>
				<misses>673700001</misses>
				<total>0</total>
				<timestamp>4432.223901</timestamp>
			</report>
			<report>
				<misses>673800001</misses>
				<total>0</total>
				<timestamp>4432.881986</timestamp>
			</report>
			<report>
				<misses>673900001</misses>
				<total>0</total>
				<timestamp>4433.540215</timestamp>
			</report>
			<report>
				<misses>674000001</misses>
				<total>0</total>
				<timestamp>4434.197551</timestamp>
			</report>
			<report>
				<misses>674100001</misses>
				<total>0</total>
				<timestamp>4434.855673</timestamp>
			</report>
			<report>
				<misses>674200001</misses>
				<total>0</total>
				<timestamp>4435.514002</timestamp>
			</report>
			<report>
				<misses>674300001</misses>
				<total>0</total>
				<timestamp>4436.172455</timestamp>
			</report>
			<report>
				<misses>674400001</misses>
				<total>0</total>
				<timestamp>4436.830468</timestamp>
			</report>
			<report>
				<misses>674500001</misses>
				<total>0</total>
				<timestamp>4437.487665</timestamp>
			</report>
			<report>
				<misses>674600001</misses>
				<total>0</total>
				<timestamp>4438.144438</timestamp>
			</report>
			<report>
				<misses>674700001</misses>
				<total>0</total>
				<timestamp>4438.801071</timestamp>
			</report>
			<report>
				<misses>674800001</misses>
				<total>0</total>
				<timestamp>4439.459892</timestamp>
			</report>
			<report>
				<misses>674900001</misses>
				<total>0</total>
				<timestamp>4440.119063</timestamp>
			</report>
			<report>
				<misses>675000001</misses>
				<total>0</total>
				<timestamp>4440.776582</timestamp>
			</report>
			<report>
				<misses>675100001</misses>
				<total>0</total>
				<timestamp>4441.435083</timestamp>
			</report>
			<report>
				<misses>675200001</misses>
				<total>0</total>
				<timestamp>4442.092761</timestamp>
			</report>
			<report>
				<misses>675300001</misses>
				<total>0</total>
				<timestamp>4442.750654</timestamp>
			</report>
			<report>
				<misses>675400001</misses>
				<total>0</total>
				<timestamp>4443.409576</timestamp>
			</report>
			<report>
				<misses>675500001</misses>
				<total>0</total>
				<timestamp>4444.066843</timestamp>
			</report>
			<report>
				<misses>675600001</misses>
				<total>0</total>
				<timestamp>4444.724974</timestamp>
			</report>
			<report>
				<misses>675700001</misses>
				<total>0</total>
				<timestamp>4445.382004</timestamp>
			</report>
			<report>
				<misses>675800001</misses>
				<total>0</total>
				<timestamp>4446.039947</timestamp>
			</report>
			<report>
				<misses>675900001</misses>
				<total>0</total>
				<timestamp>4446.697793</timestamp>
			</report>
			<report>
				<misses>676000001</misses>
				<total>0</total>
				<timestamp>4447.356420</timestamp>
			</report>
			<report>
				<misses>676100001</misses>
				<total>0</total>
				<timestamp>4448.014017</timestamp>
			</report>
			<report>
				<misses>676200001</misses>
				<total>0</total>
				<timestamp>4448.671754</timestamp>
			</report>
			<report>
				<misses>676300001</misses>
				<total>0</total>
				<timestamp>4449.330402</timestamp>
			</report>
			<report>
				<misses>676400001</misses>
				<total>0</total>
				<timestamp>4449.988762</timestamp>
			</report>
			<report>
				<misses>676500001</misses>
				<total>0</total>
				<timestamp>4450.646319</timestamp>
			</report>
			<report>
				<misses>676600001</misses>
				<total>0</total>
				<timestamp>4451.304510</timestamp>
			</report>
			<report>
				<misses>676700001</misses>
				<total>0</total>
				<timestamp>4451.961615</timestamp>
			</report>
			<report>
				<misses>676800001</misses>
				<total>0</total>
				<timestamp>4452.620453</timestamp>
			</report>
			<report>
				<misses>676900001</misses>
				<total>0</total>
				<timestamp>4453.279833</timestamp>
			</report>
			<report>
				<misses>677000001</misses>
				<total>0</total>
				<timestamp>4453.940071</timestamp>
			</report>
			<report>
				<misses>677100001</misses>
				<total>0</total>
				<timestamp>4454.600403</timestamp>
			</report>
			<report>
				<misses>677200001</misses>
				<total>0</total>
				<timestamp>4455.260400</timestamp>
			</report>
			<report>
				<misses>677300001</misses>
				<total>0</total>
				<timestamp>4455.920619</timestamp>
			</report>
			<report>
				<misses>677400001</misses>
				<total>0</total>
				<timestamp>4456.580997</timestamp>
			</report>
			<report>
				<misses>677500001</misses>
				<total>0</total>
				<timestamp>4457.239884</timestamp>
			</report>
			<report>
				<misses>677600001</misses>
				<total>0</total>
				<timestamp>4457.898616</timestamp>
			</report>
			<report>
				<misses>677700001</misses>
				<total>0</total>
				<timestamp>4458.556419</timestamp>
			</report>
			<report>
				<misses>677800001</misses>
				<total>0</total>
				<timestamp>4459.214069</timestamp>
			</report>
			<report>
				<misses>677900001</misses>
				<total>0</total>
				<timestamp>4459.873105</timestamp>
			</report>
			<report>
				<misses>678000001</misses>
				<total>0</total>
				<timestamp>4460.530537</timestamp>
			</report>
			<report>
				<misses>678100001</misses>
				<total>0</total>
				<timestamp>4461.187794</timestamp>
			</report>
			<report>
				<misses>678200001</misses>
				<total>0</total>
				<timestamp>4461.845198</timestamp>
			</report>
			<report>
				<misses>678300001</misses>
				<total>0</total>
				<timestamp>4462.504067</timestamp>
			</report>
			<report>
				<misses>678400001</misses>
				<total>0</total>
				<timestamp>4463.162692</timestamp>
			</report>
			<report>
				<misses>678500001</misses>
				<total>0</total>
				<timestamp>4463.820338</timestamp>
			</report>
			<report>
				<misses>678600001</misses>
				<total>0</total>
				<timestamp>4464.478753</timestamp>
			</report>
			<report>
				<misses>678700001</misses>
				<total>0</total>
				<timestamp>4465.137289</timestamp>
			</report>
			<report>
				<misses>678800001</misses>
				<total>0</total>
				<timestamp>4465.795135</timestamp>
			</report>
			<report>
				<misses>678900001</misses>
				<total>0</total>
				<timestamp>4466.453159</timestamp>
			</report>
			<report>
				<misses>679000001</misses>
				<total>0</total>
				<timestamp>4467.111713</timestamp>
			</report>
			<report>
				<misses>679100001</misses>
				<total>0</total>
				<timestamp>4467.769890</timestamp>
			</report>
			<report>
				<misses>679200001</misses>
				<total>0</total>
				<timestamp>4468.428780</timestamp>
			</report>
			<report>
				<misses>679300001</misses>
				<total>0</total>
				<timestamp>4469.086454</timestamp>
			</report>
			<report>
				<misses>679400001</misses>
				<total>0</total>
				<timestamp>4469.742604</timestamp>
			</report>
			<report>
				<misses>679500001</misses>
				<total>0</total>
				<timestamp>4470.400540</timestamp>
			</report>
			<report>
				<misses>679600001</misses>
				<total>0</total>
				<timestamp>4471.059572</timestamp>
			</report>
			<report>
				<misses>679700001</misses>
				<total>0</total>
				<timestamp>4471.717678</timestamp>
			</report>
			<report>
				<misses>679800001</misses>
				<total>0</total>
				<timestamp>4472.375247</timestamp>
			</report>
			<report>
				<misses>679900001</misses>
				<total>0</total>
				<timestamp>4473.033691</timestamp>
			</report>
			<report>
				<misses>680000001</misses>
				<total>0</total>
				<timestamp>4473.690290</timestamp>
			</report>
			<report>
				<misses>680100001</misses>
				<total>0</total>
				<timestamp>4474.349322</timestamp>
			</report>
			<report>
				<misses>680200001</misses>
				<total>0</total>
				<timestamp>4475.007863</timestamp>
			</report>
			<report>
				<misses>680300001</misses>
				<total>0</total>
				<timestamp>4475.666909</timestamp>
			</report>
			<report>
				<misses>680400001</misses>
				<total>0</total>
				<timestamp>4476.324908</timestamp>
			</report>
			<report>
				<misses>680500001</misses>
				<total>0</total>
				<timestamp>4476.982254</timestamp>
			</report>
			<report>
				<misses>680600001</misses>
				<total>0</total>
				<timestamp>4477.640390</timestamp>
			</report>
			<report>
				<misses>680700001</misses>
				<total>0</total>
				<timestamp>4478.298210</timestamp>
			</report>
			<report>
				<misses>680800001</misses>
				<total>0</total>
				<timestamp>4478.956582</timestamp>
			</report>
			<report>
				<misses>680900001</misses>
				<total>0</total>
				<timestamp>4479.616330</timestamp>
			</report>
			<report>
				<misses>681000001</misses>
				<total>0</total>
				<timestamp>4480.275791</timestamp>
			</report>
			<report>
				<misses>681100001</misses>
				<total>0</total>
				<timestamp>4480.935252</timestamp>
			</report>
			<report>
				<misses>681200001</misses>
				<total>0</total>
				<timestamp>4481.593754</timestamp>
			</report>
			<report>
				<misses>681300001</misses>
				<total>0</total>
				<timestamp>4482.252777</timestamp>
			</report>
			<report>
				<misses>681400001</misses>
				<total>0</total>
				<timestamp>4482.912902</timestamp>
			</report>
			<report>
				<misses>681500001</misses>
				<total>0</total>
				<timestamp>4483.572609</timestamp>
			</report>
			<report>
				<misses>681600001</misses>
				<total>0</total>
				<timestamp>4484.230873</timestamp>
			</report>
			<report>
				<misses>681700001</misses>
				<total>0</total>
				<timestamp>4484.887713</timestamp>
			</report>
			<report>
				<misses>681800001</misses>
				<total>0</total>
				<timestamp>4485.546051</timestamp>
			</report>
			<report>
				<misses>681900001</misses>
				<total>0</total>
				<timestamp>4486.204144</timestamp>
			</report>
			<report>
				<misses>682000001</misses>
				<total>0</total>
				<timestamp>4486.861919</timestamp>
			</report>
			<report>
				<misses>682100001</misses>
				<total>0</total>
				<timestamp>4487.519781</timestamp>
			</report>
			<report>
				<misses>682200001</misses>
				<total>0</total>
				<timestamp>4488.176980</timestamp>
			</report>
			<report>
				<misses>682300001</misses>
				<total>0</total>
				<timestamp>4488.835580</timestamp>
			</report>
			<report>
				<misses>682400001</misses>
				<total>0</total>
				<timestamp>4489.494359</timestamp>
			</report>
			<report>
				<misses>682500001</misses>
				<total>0</total>
				<timestamp>4490.151815</timestamp>
			</report>
			<report>
				<misses>682600001</misses>
				<total>0</total>
				<timestamp>4490.810044</timestamp>
			</report>
			<report>
				<misses>682700001</misses>
				<total>0</total>
				<timestamp>4491.469082</timestamp>
			</report>
			<report>
				<misses>682800001</misses>
				<total>0</total>
				<timestamp>4492.127032</timestamp>
			</report>
			<report>
				<misses>682900001</misses>
				<total>0</total>
				<timestamp>4492.784309</timestamp>
			</report>
			<report>
				<misses>683000001</misses>
				<total>0</total>
				<timestamp>4493.441738</timestamp>
			</report>
			<report>
				<misses>683100001</misses>
				<total>0</total>
				<timestamp>4494.099645</timestamp>
			</report>
			<report>
				<misses>683200001</misses>
				<total>0</total>
				<timestamp>4494.756912</timestamp>
			</report>
			<report>
				<misses>683300001</misses>
				<total>0</total>
				<timestamp>4495.414184</timestamp>
			</report>
			<report>
				<misses>683400001</misses>
				<total>0</total>
				<timestamp>4496.072622</timestamp>
			</report>
			<report>
				<misses>683500001</misses>
				<total>0</total>
				<timestamp>4496.730163</timestamp>
			</report>
			<report>
				<misses>683600001</misses>
				<total>0</total>
				<timestamp>4497.387632</timestamp>
			</report>
			<report>
				<misses>683700001</misses>
				<total>0</total>
				<timestamp>4498.045864</timestamp>
			</report>
			<report>
				<misses>683800001</misses>
				<total>0</total>
				<timestamp>4498.703957</timestamp>
			</report>
			<report>
				<misses>683900001</misses>
				<total>0</total>
				<timestamp>4499.363189</timestamp>
			</report>
			<report>
				<misses>684000001</misses>
				<total>0</total>
				<timestamp>4500.020768</timestamp>
			</report>
			<report>
				<misses>684100001</misses>
				<total>0</total>
				<timestamp>4500.678677</timestamp>
			</report>
			<report>
				<misses>684200001</misses>
				<total>0</total>
				<timestamp>4501.335696</timestamp>
			</report>
			<report>
				<misses>684300001</misses>
				<total>0</total>
				<timestamp>4501.993411</timestamp>
			</report>
			<report>
				<misses>684400001</misses>
				<total>0</total>
				<timestamp>4502.651554</timestamp>
			</report>
			<report>
				<misses>684500001</misses>
				<total>0</total>
				<timestamp>4503.308471</timestamp>
			</report>
			<report>
				<misses>684600001</misses>
				<total>0</total>
				<timestamp>4503.966479</timestamp>
			</report>
			<report>
				<misses>684700001</misses>
				<total>0</total>
				<timestamp>4504.624695</timestamp>
			</report>
			<report>
				<misses>684800001</misses>
				<total>0</total>
				<timestamp>4505.281427</timestamp>
			</report>
			<report>
				<misses>684900001</misses>
				<total>0</total>
				<timestamp>4505.938801</timestamp>
			</report>
			<report>
				<misses>685000001</misses>
				<total>0</total>
				<timestamp>4506.597957</timestamp>
			</report>
			<report>
				<misses>685100001</misses>
				<total>0</total>
				<timestamp>4507.257688</timestamp>
			</report>
			<report>
				<misses>685200001</misses>
				<total>0</total>
				<timestamp>4507.916852</timestamp>
			</report>
			<report>
				<misses>685300001</misses>
				<total>0</total>
				<timestamp>4508.575767</timestamp>
			</report>
			<report>
				<misses>685400001</misses>
				<total>0</total>
				<timestamp>4509.234301</timestamp>
			</report>
			<report>
				<misses>685500001</misses>
				<total>0</total>
				<timestamp>4509.893383</timestamp>
			</report>
			<report>
				<misses>685600001</misses>
				<total>0</total>
				<timestamp>4510.553776</timestamp>
			</report>
			<report>
				<misses>685700001</misses>
				<total>0</total>
				<timestamp>4511.212197</timestamp>
			</report>
			<report>
				<misses>685800001</misses>
				<total>0</total>
				<timestamp>4511.871160</timestamp>
			</report>
			<report>
				<misses>685900001</misses>
				<total>0</total>
				<timestamp>4512.529102</timestamp>
			</report>
			<report>
				<misses>686000001</misses>
				<total>0</total>
				<timestamp>4513.186637</timestamp>
			</report>
			<report>
				<misses>686100001</misses>
				<total>0</total>
				<timestamp>4513.844506</timestamp>
			</report>
			<report>
				<misses>686200001</misses>
				<total>0</total>
				<timestamp>4514.502039</timestamp>
			</report>
			<report>
				<misses>686300001</misses>
				<total>0</total>
				<timestamp>4515.160626</timestamp>
			</report>
			<report>
				<misses>686400001</misses>
				<total>0</total>
				<timestamp>4515.818906</timestamp>
			</report>
			<report>
				<misses>686500001</misses>
				<total>0</total>
				<timestamp>4516.477652</timestamp>
			</report>
			<report>
				<misses>686600001</misses>
				<total>0</total>
				<timestamp>4517.135567</timestamp>
			</report>
			<report>
				<misses>686700001</misses>
				<total>0</total>
				<timestamp>4517.792665</timestamp>
			</report>
			<report>
				<misses>686800001</misses>
				<total>0</total>
				<timestamp>4518.449731</timestamp>
			</report>
			<report>
				<misses>686900001</misses>
				<total>0</total>
				<timestamp>4519.107877</timestamp>
			</report>
			<report>
				<misses>687000001</misses>
				<total>0</total>
				<timestamp>4519.765598</timestamp>
			</report>
			<report>
				<misses>687100001</misses>
				<total>0</total>
				<timestamp>4520.423566</timestamp>
			</report>
			<report>
				<misses>687200001</misses>
				<total>0</total>
				<timestamp>4521.080297</timestamp>
			</report>
			<report>
				<misses>687300001</misses>
				<total>0</total>
				<timestamp>4521.738612</timestamp>
			</report>
			<report>
				<misses>687400001</misses>
				<total>0</total>
				<timestamp>4522.396548</timestamp>
			</report>
			<report>
				<misses>687500001</misses>
				<total>0</total>
				<timestamp>4523.054346</timestamp>
			</report>
			<report>
				<misses>687600001</misses>
				<total>0</total>
				<timestamp>4523.711559</timestamp>
			</report>
			<report>
				<misses>687700001</misses>
				<total>0</total>
				<timestamp>4524.368757</timestamp>
			</report>
			<report>
				<misses>687800001</misses>
				<total>0</total>
				<timestamp>4525.027772</timestamp>
			</report>
			<report>
				<misses>687900001</misses>
				<total>0</total>
				<timestamp>4525.685271</timestamp>
			</report>
			<report>
				<misses>688000001</misses>
				<total>0</total>
				<timestamp>4526.343555</timestamp>
			</report>
			<report>
				<misses>688100001</misses>
				<total>0</total>
				<timestamp>4527.001451</timestamp>
			</report>
			<report>
				<misses>688200001</misses>
				<total>0</total>
				<timestamp>4527.658488</timestamp>
			</report>
			<report>
				<misses>688300001</misses>
				<total>0</total>
				<timestamp>4528.315768</timestamp>
			</report>
			<report>
				<misses>688400001</misses>
				<total>0</total>
				<timestamp>4528.973649</timestamp>
			</report>
			<report>
				<misses>688500001</misses>
				<total>0</total>
				<timestamp>4529.632093</timestamp>
			</report>
			<report>
				<misses>688600001</misses>
				<total>0</total>
				<timestamp>4530.290750</timestamp>
			</report>
			<report>
				<misses>688700001</misses>
				<total>0</total>
				<timestamp>4530.947949</timestamp>
			</report>
			<report>
				<misses>688800001</misses>
				<total>0</total>
				<timestamp>4531.606005</timestamp>
			</report>
			<report>
				<misses>688900001</misses>
				<total>0</total>
				<timestamp>4532.264111</timestamp>
			</report>
			<report>
				<misses>689000001</misses>
				<total>0</total>
				<timestamp>4532.922430</timestamp>
			</report>
			<report>
				<misses>689100001</misses>
				<total>0</total>
				<timestamp>4533.580661</timestamp>
			</report>
			<report>
				<misses>689200001</misses>
				<total>0</total>
				<timestamp>4534.239454</timestamp>
			</report>
			<report>
				<misses>689300001</misses>
				<total>0</total>
				<timestamp>4534.898263</timestamp>
			</report>
			<report>
				<misses>689400001</misses>
				<total>0</total>
				<timestamp>4535.557056</timestamp>
			</report>
			<report>
				<misses>689500001</misses>
				<total>0</total>
				<timestamp>4536.215680</timestamp>
			</report>
			<report>
				<misses>689600001</misses>
				<total>0</total>
				<timestamp>4536.874469</timestamp>
			</report>
			<report>
				<misses>689700001</misses>
				<total>0</total>
				<timestamp>4537.532968</timestamp>
			</report>
			<report>
				<misses>689800001</misses>
				<total>0</total>
				<timestamp>4538.190654</timestamp>
			</report>
			<report>
				<misses>689900001</misses>
				<total>0</total>
				<timestamp>4538.848911</timestamp>
			</report>
			<report>
				<misses>690000001</misses>
				<total>0</total>
				<timestamp>4539.506854</timestamp>
			</report>
			<report>
				<misses>690100001</misses>
				<total>0</total>
				<timestamp>4540.164252</timestamp>
			</report>
			<report>
				<misses>690200001</misses>
				<total>0</total>
				<timestamp>4540.821481</timestamp>
			</report>
			<report>
				<misses>690300001</misses>
				<total>0</total>
				<timestamp>4541.478801</timestamp>
			</report>
			<report>
				<misses>690400001</misses>
				<total>0</total>
				<timestamp>4542.136748</timestamp>
			</report>
			<report>
				<misses>690500001</misses>
				<total>0</total>
				<timestamp>4542.794555</timestamp>
			</report>
			<report>
				<misses>690600001</misses>
				<total>0</total>
				<timestamp>4543.451438</timestamp>
			</report>
			<report>
				<misses>690700001</misses>
				<total>0</total>
				<timestamp>4544.109454</timestamp>
			</report>
			<report>
				<misses>690800001</misses>
				<total>0</total>
				<timestamp>4544.767950</timestamp>
			</report>
			<report>
				<misses>690900001</misses>
				<total>0</total>
				<timestamp>4545.426839</timestamp>
			</report>
			<report>
				<misses>691000001</misses>
				<total>0</total>
				<timestamp>4546.084684</timestamp>
			</report>
			<report>
				<misses>691100001</misses>
				<total>0</total>
				<timestamp>4546.740183</timestamp>
			</report>
			<report>
				<misses>691200001</misses>
				<total>0</total>
				<timestamp>4547.398774</timestamp>
			</report>
			<report>
				<misses>691300001</misses>
				<total>0</total>
				<timestamp>4548.056828</timestamp>
			</report>
			<report>
				<misses>691400001</misses>
				<total>0</total>
				<timestamp>4548.713634</timestamp>
			</report>
			<report>
				<misses>691500001</misses>
				<total>0</total>
				<timestamp>4549.371740</timestamp>
			</report>
			<report>
				<misses>691600001</misses>
				<total>0</total>
				<timestamp>4550.028278</timestamp>
			</report>
			<report>
				<misses>691700001</misses>
				<total>0</total>
				<timestamp>4550.684438</timestamp>
			</report>
			<report>
				<misses>691800001</misses>
				<total>0</total>
				<timestamp>4551.341908</timestamp>
			</report>
			<report>
				<misses>691900001</misses>
				<total>0</total>
				<timestamp>4551.998783</timestamp>
			</report>
			<report>
				<misses>692000001</misses>
				<total>0</total>
				<timestamp>4552.655779</timestamp>
			</report>
			<report>
				<misses>692100001</misses>
				<total>0</total>
				<timestamp>4553.313138</timestamp>
			</report>
			<report>
				<misses>692200001</misses>
				<total>0</total>
				<timestamp>4553.972643</timestamp>
			</report>
			<report>
				<misses>692300001</misses>
				<total>0</total>
				<timestamp>4554.629826</timestamp>
			</report>
			<report>
				<misses>692400001</misses>
				<total>0</total>
				<timestamp>4555.287158</timestamp>
			</report>
			<report>
				<misses>692500001</misses>
				<total>0</total>
				<timestamp>4555.945641</timestamp>
			</report>
			<report>
				<misses>692600001</misses>
				<total>0</total>
				<timestamp>4556.603548</timestamp>
			</report>
			<report>
				<misses>692700001</misses>
				<total>0</total>
				<timestamp>4557.260962</timestamp>
			</report>
			<report>
				<misses>692800001</misses>
				<total>0</total>
				<timestamp>4557.919079</timestamp>
			</report>
			<report>
				<misses>692900001</misses>
				<total>0</total>
				<timestamp>4558.576905</timestamp>
			</report>
			<report>
				<misses>693000001</misses>
				<total>0</total>
				<timestamp>4559.235023</timestamp>
			</report>
			<report>
				<misses>693100001</misses>
				<total>0</total>
				<timestamp>4559.893673</timestamp>
			</report>
			<report>
				<misses>693200001</misses>
				<total>0</total>
				<timestamp>4560.552817</timestamp>
			</report>
			<report>
				<misses>693300001</misses>
				<total>0</total>
				<timestamp>4561.211396</timestamp>
			</report>
			<report>
				<misses>693400001</misses>
				<total>0</total>
				<timestamp>4561.871387</timestamp>
			</report>
			<report>
				<misses>693500001</misses>
				<total>0</total>
				<timestamp>4562.530045</timestamp>
			</report>
			<report>
				<misses>693600001</misses>
				<total>0</total>
				<timestamp>4563.189068</timestamp>
			</report>
			<report>
				<misses>693700001</misses>
				<total>0</total>
				<timestamp>4563.848188</timestamp>
			</report>
			<report>
				<misses>693800001</misses>
				<total>0</total>
				<timestamp>4564.506626</timestamp>
			</report>
			<report>
				<misses>693900001</misses>
				<total>0</total>
				<timestamp>4565.164471</timestamp>
			</report>
			<report>
				<misses>694000001</misses>
				<total>0</total>
				<timestamp>4565.822424</timestamp>
			</report>
			<report>
				<misses>694100001</misses>
				<total>0</total>
				<timestamp>4566.479760</timestamp>
			</report>
			<report>
				<misses>694200001</misses>
				<total>0</total>
				<timestamp>4567.138681</timestamp>
			</report>
			<report>
				<misses>694300001</misses>
				<total>0</total>
				<timestamp>4567.795729</timestamp>
			</report>
			<report>
				<misses>694400001</misses>
				<total>0</total>
				<timestamp>4568.452608</timestamp>
			</report>
			<report>
				<misses>694500001</misses>
				<total>0</total>
				<timestamp>4569.108889</timestamp>
			</report>
			<report>
				<misses>694600001</misses>
				<total>0</total>
				<timestamp>4569.767067</timestamp>
			</report>
			<report>
				<misses>694700001</misses>
				<total>0</total>
				<timestamp>4570.425805</timestamp>
			</report>
			<report>
				<misses>694800001</misses>
				<total>0</total>
				<timestamp>4571.083462</timestamp>
			</report>
			<report>
				<misses>694900001</misses>
				<total>0</total>
				<timestamp>4571.741235</timestamp>
			</report>
			<report>
				<misses>695000001</misses>
				<total>0</total>
				<timestamp>4572.398262</timestamp>
			</report>
			<report>
				<misses>695100001</misses>
				<total>0</total>
				<timestamp>4573.056482</timestamp>
			</report>
			<report>
				<misses>695200001</misses>
				<total>0</total>
				<timestamp>4573.714052</timestamp>
			</report>
			<report>
				<misses>695300001</misses>
				<total>0</total>
				<timestamp>4574.371710</timestamp>
			</report>
			<report>
				<misses>695400001</misses>
				<total>0</total>
				<timestamp>4575.029372</timestamp>
			</report>
			<report>
				<misses>695500001</misses>
				<total>0</total>
				<timestamp>4575.688208</timestamp>
			</report>
			<report>
				<misses>695600001</misses>
				<total>0</total>
				<timestamp>4576.345721</timestamp>
			</report>
			<report>
				<misses>695700001</misses>
				<total>0</total>
				<timestamp>4577.003386</timestamp>
			</report>
			<report>
				<misses>695800001</misses>
				<total>0</total>
				<timestamp>4577.660976</timestamp>
			</report>
			<report>
				<misses>695900001</misses>
				<total>0</total>
				<timestamp>4578.317690</timestamp>
			</report>
			<report>
				<misses>696000001</misses>
				<total>0</total>
				<timestamp>4578.975075</timestamp>
			</report>
			<report>
				<misses>696100001</misses>
				<total>0</total>
				<timestamp>4579.632963</timestamp>
			</report>
			<report>
				<misses>696200001</misses>
				<total>0</total>
				<timestamp>4580.291750</timestamp>
			</report>
			<report>
				<misses>696300001</misses>
				<total>0</total>
				<timestamp>4580.949971</timestamp>
			</report>
			<report>
				<misses>696400001</misses>
				<total>0</total>
				<timestamp>4581.607742</timestamp>
			</report>
			<report>
				<misses>696500001</misses>
				<total>0</total>
				<timestamp>4582.265452</timestamp>
			</report>
			<report>
				<misses>696600001</misses>
				<total>0</total>
				<timestamp>4582.922900</timestamp>
			</report>
			<report>
				<misses>696700001</misses>
				<total>0</total>
				<timestamp>4583.579898</timestamp>
			</report>
			<report>
				<misses>696800001</misses>
				<total>0</total>
				<timestamp>4584.238609</timestamp>
			</report>
			<report>
				<misses>696900001</misses>
				<total>0</total>
				<timestamp>4584.896092</timestamp>
			</report>
			<report>
				<misses>697000001</misses>
				<total>0</total>
				<timestamp>4585.553732</timestamp>
			</report>
			<report>
				<misses>697100001</misses>
				<total>0</total>
				<timestamp>4586.213814</timestamp>
			</report>
			<report>
				<misses>697200001</misses>
				<total>0</total>
				<timestamp>4586.873424</timestamp>
			</report>
			<report>
				<misses>697300001</misses>
				<total>0</total>
				<timestamp>4587.531728</timestamp>
			</report>
			<report>
				<misses>697400001</misses>
				<total>0</total>
				<timestamp>4588.189560</timestamp>
			</report>
			<report>
				<misses>697500001</misses>
				<total>0</total>
				<timestamp>4588.848935</timestamp>
			</report>
			<report>
				<misses>697600001</misses>
				<total>0</total>
				<timestamp>4589.508546</timestamp>
			</report>
			<report>
				<misses>697700001</misses>
				<total>0</total>
				<timestamp>4590.167465</timestamp>
			</report>
			<report>
				<misses>697800001</misses>
				<total>0</total>
				<timestamp>4590.826709</timestamp>
			</report>
			<report>
				<misses>697900001</misses>
				<total>0</total>
				<timestamp>4591.484077</timestamp>
			</report>
			<report>
				<misses>698000001</misses>
				<total>0</total>
				<timestamp>4592.140869</timestamp>
			</report>
			<report>
				<misses>698100001</misses>
				<total>0</total>
				<timestamp>4592.797067</timestamp>
			</report>
			<report>
				<misses>698200001</misses>
				<total>0</total>
				<timestamp>4593.455272</timestamp>
			</report>
			<report>
				<misses>698300001</misses>
				<total>0</total>
				<timestamp>4594.113533</timestamp>
			</report>
			<report>
				<misses>698400001</misses>
				<total>0</total>
				<timestamp>4594.771867</timestamp>
			</report>
			<report>
				<misses>698500001</misses>
				<total>0</total>
				<timestamp>4595.430402</timestamp>
			</report>
			<report>
				<misses>698600001</misses>
				<total>0</total>
				<timestamp>4596.086026</timestamp>
			</report>
			<report>
				<misses>698700001</misses>
				<total>0</total>
				<timestamp>4596.743716</timestamp>
			</report>
			<report>
				<misses>698800001</misses>
				<total>0</total>
				<timestamp>4597.402087</timestamp>
			</report>
			<report>
				<misses>698900001</misses>
				<total>0</total>
				<timestamp>4598.059622</timestamp>
			</report>
			<report>
				<misses>699000001</misses>
				<total>0</total>
				<timestamp>4598.716441</timestamp>
			</report>
			<report>
				<misses>699100001</misses>
				<total>0</total>
				<timestamp>4599.374273</timestamp>
			</report>
			<report>
				<misses>699200001</misses>
				<total>0</total>
				<timestamp>4600.032491</timestamp>
			</report>
			<report>
				<misses>699300001</misses>
				<total>0</total>
				<timestamp>4600.691629</timestamp>
			</report>
			<report>
				<misses>699400001</misses>
				<total>0</total>
				<timestamp>4601.349808</timestamp>
			</report>
			<report>
				<misses>699500001</misses>
				<total>0</total>
				<timestamp>4602.007372</timestamp>
			</report>
			<report>
				<misses>699600001</misses>
				<total>0</total>
				<timestamp>4602.664994</timestamp>
			</report>
			<report>
				<misses>699700001</misses>
				<total>0</total>
				<timestamp>4603.322636</timestamp>
			</report>
			<report>
				<misses>699800001</misses>
				<total>0</total>
				<timestamp>4603.980618</timestamp>
			</report>
			<report>
				<misses>699900001</misses>
				<total>0</total>
				<timestamp>4604.638585</timestamp>
			</report>
			<report>
				<misses>700000001</misses>
				<total>0</total>
				<timestamp>4605.295351</timestamp>
			</report>
			<report>
				<misses>700100001</misses>
				<total>0</total>
				<timestamp>4605.952201</timestamp>
			</report>
			<report>
				<misses>700200001</misses>
				<total>0</total>
				<timestamp>4606.610471</timestamp>
			</report>
			<report>
				<misses>700300001</misses>
				<total>0</total>
				<timestamp>4607.268195</timestamp>
			</report>
			<report>
				<misses>700400001</misses>
				<total>0</total>
				<timestamp>4607.924901</timestamp>
			</report>
			<report>
				<misses>700500001</misses>
				<total>0</total>
				<timestamp>4608.583202</timestamp>
			</report>
			<report>
				<misses>700600001</misses>
				<total>0</total>
				<timestamp>4609.240980</timestamp>
			</report>
			<report>
				<misses>700700001</misses>
				<total>0</total>
				<timestamp>4609.897487</timestamp>
			</report>
			<report>
				<misses>700800001</misses>
				<total>0</total>
				<timestamp>4610.557091</timestamp>
			</report>
			<report>
				<misses>700900001</misses>
				<total>0</total>
				<timestamp>4611.215224</timestamp>
			</report>
			<report>
				<misses>701000001</misses>
				<total>0</total>
				<timestamp>4611.871897</timestamp>
			</report>
			<report>
				<misses>701100001</misses>
				<total>0</total>
				<timestamp>4612.530890</timestamp>
			</report>
			<report>
				<misses>701200001</misses>
				<total>0</total>
				<timestamp>4613.189896</timestamp>
			</report>
			<report>
				<misses>701300001</misses>
				<total>0</total>
				<timestamp>4613.849080</timestamp>
			</report>
			<report>
				<misses>701400001</misses>
				<total>0</total>
				<timestamp>4614.505498</timestamp>
			</report>
			<report>
				<misses>701500001</misses>
				<total>0</total>
				<timestamp>4615.164338</timestamp>
			</report>
			<report>
				<misses>701600001</misses>
				<total>0</total>
				<timestamp>4615.822507</timestamp>
			</report>
			<report>
				<misses>701700001</misses>
				<total>0</total>
				<timestamp>4616.481874</timestamp>
			</report>
			<report>
				<misses>701800001</misses>
				<total>0</total>
				<timestamp>4617.139789</timestamp>
			</report>
			<report>
				<misses>701900001</misses>
				<total>0</total>
				<timestamp>4617.795887</timestamp>
			</report>
			<report>
				<misses>702000001</misses>
				<total>0</total>
				<timestamp>4618.453361</timestamp>
			</report>
			<report>
				<misses>702100001</misses>
				<total>0</total>
				<timestamp>4619.110687</timestamp>
			</report>
			<report>
				<misses>702200001</misses>
				<total>0</total>
				<timestamp>4619.768050</timestamp>
			</report>
			<report>
				<misses>702300001</misses>
				<total>0</total>
				<timestamp>4620.426315</timestamp>
			</report>
			<report>
				<misses>702400001</misses>
				<total>0</total>
				<timestamp>4621.084731</timestamp>
			</report>
			<report>
				<misses>702500001</misses>
				<total>0</total>
				<timestamp>4621.743765</timestamp>
			</report>
			<report>
				<misses>702600001</misses>
				<total>0</total>
				<timestamp>4622.401643</timestamp>
			</report>
			<report>
				<misses>702700001</misses>
				<total>0</total>
				<timestamp>4623.058772</timestamp>
			</report>
			<report>
				<misses>702800001</misses>
				<total>0</total>
				<timestamp>4623.714937</timestamp>
			</report>
			<report>
				<misses>702900001</misses>
				<total>0</total>
				<timestamp>4624.372286</timestamp>
			</report>
			<report>
				<misses>703000001</misses>
				<total>0</total>
				<timestamp>4625.030208</timestamp>
			</report>
			<report>
				<misses>703100001</misses>
				<total>0</total>
				<timestamp>4625.687550</timestamp>
			</report>
			<report>
				<misses>703200001</misses>
				<total>0</total>
				<timestamp>4626.344860</timestamp>
			</report>
			<report>
				<misses>703300001</misses>
				<total>0</total>
				<timestamp>4627.003854</timestamp>
			</report>
			<report>
				<misses>703400001</misses>
				<total>0</total>
				<timestamp>4627.661476</timestamp>
			</report>
			<report>
				<misses>703500001</misses>
				<total>0</total>
				<timestamp>4628.319776</timestamp>
			</report>
			<report>
				<misses>703600001</misses>
				<total>0</total>
				<timestamp>4628.977505</timestamp>
			</report>
			<report>
				<misses>703700001</misses>
				<total>0</total>
				<timestamp>4629.634108</timestamp>
			</report>
			<report>
				<misses>703800001</misses>
				<total>0</total>
				<timestamp>4630.291941</timestamp>
			</report>
			<report>
				<misses>703900001</misses>
				<total>0</total>
				<timestamp>4630.950726</timestamp>
			</report>
			<report>
				<misses>704000001</misses>
				<total>0</total>
				<timestamp>4631.607668</timestamp>
			</report>
			<report>
				<misses>704100001</misses>
				<total>0</total>
				<timestamp>4632.265273</timestamp>
			</report>
			<report>
				<misses>704200001</misses>
				<total>0</total>
				<timestamp>4632.922903</timestamp>
			</report>
			<report>
				<misses>704300001</misses>
				<total>0</total>
				<timestamp>4633.580217</timestamp>
			</report>
			<report>
				<misses>704400001</misses>
				<total>0</total>
				<timestamp>4634.238122</timestamp>
			</report>
			<report>
				<misses>704500001</misses>
				<total>0</total>
				<timestamp>4634.894928</timestamp>
			</report>
			<report>
				<misses>704600001</misses>
				<total>0</total>
				<timestamp>4635.551977</timestamp>
			</report>
			<report>
				<misses>704700001</misses>
				<total>0</total>
				<timestamp>4636.210396</timestamp>
			</report>
			<report>
				<misses>704800001</misses>
				<total>0</total>
				<timestamp>4636.868459</timestamp>
			</report>
			<report>
				<misses>704900001</misses>
				<total>0</total>
				<timestamp>4637.526927</timestamp>
			</report>
			<report>
				<misses>705000001</misses>
				<total>0</total>
				<timestamp>4638.184858</timestamp>
			</report>
			<report>
				<misses>705100001</misses>
				<total>0</total>
				<timestamp>4638.843471</timestamp>
			</report>
			<report>
				<misses>705200001</misses>
				<total>0</total>
				<timestamp>4639.503253</timestamp>
			</report>
			<report>
				<misses>705300001</misses>
				<total>0</total>
				<timestamp>4640.162640</timestamp>
			</report>
			<report>
				<misses>705400001</misses>
				<total>0</total>
				<timestamp>4640.821101</timestamp>
			</report>
			<report>
				<misses>705500001</misses>
				<total>0</total>
				<timestamp>4641.480903</timestamp>
			</report>
			<report>
				<misses>705600001</misses>
				<total>0</total>
				<timestamp>4642.139977</timestamp>
			</report>
			<report>
				<misses>705700001</misses>
				<total>0</total>
				<timestamp>4642.797963</timestamp>
			</report>
			<report>
				<misses>705800001</misses>
				<total>0</total>
				<timestamp>4643.457033</timestamp>
			</report>
			<report>
				<misses>705900001</misses>
				<total>0</total>
				<timestamp>4644.116196</timestamp>
			</report>
			<report>
				<misses>706000001</misses>
				<total>0</total>
				<timestamp>4644.773926</timestamp>
			</report>
			<report>
				<misses>706100001</misses>
				<total>0</total>
				<timestamp>4645.431037</timestamp>
			</report>
			<report>
				<misses>706200001</misses>
				<total>0</total>
				<timestamp>4646.088943</timestamp>
			</report>
			<report>
				<misses>706300001</misses>
				<total>0</total>
				<timestamp>4646.747271</timestamp>
			</report>
			<report>
				<misses>706400001</misses>
				<total>0</total>
				<timestamp>4647.404315</timestamp>
			</report>
			<report>
				<misses>706500001</misses>
				<total>0</total>
				<timestamp>4648.062400</timestamp>
			</report>
			<report>
				<misses>706600001</misses>
				<total>0</total>
				<timestamp>4648.720084</timestamp>
			</report>
			<report>
				<misses>706700001</misses>
				<total>0</total>
				<timestamp>4649.377273</timestamp>
			</report>
			<report>
				<misses>706800001</misses>
				<total>0</total>
				<timestamp>4650.035268</timestamp>
			</report>
			<report>
				<misses>706900001</misses>
				<total>0</total>
				<timestamp>4650.692320</timestamp>
			</report>
			<report>
				<misses>707000001</misses>
				<total>0</total>
				<timestamp>4651.349369</timestamp>
			</report>
			<report>
				<misses>707100001</misses>
				<total>0</total>
				<timestamp>4652.006538</timestamp>
			</report>
			<report>
				<misses>707200001</misses>
				<total>0</total>
				<timestamp>4652.663504</timestamp>
			</report>
			<report>
				<misses>707300001</misses>
				<total>0</total>
				<timestamp>4653.320310</timestamp>
			</report>
			<report>
				<misses>707400001</misses>
				<total>0</total>
				<timestamp>4653.977934</timestamp>
			</report>
			<report>
				<misses>707500001</misses>
				<total>0</total>
				<timestamp>4654.635387</timestamp>
			</report>
			<report>
				<misses>707600001</misses>
				<total>0</total>
				<timestamp>4655.293955</timestamp>
			</report>
			<report>
				<misses>707700001</misses>
				<total>0</total>
				<timestamp>4655.950418</timestamp>
			</report>
			<report>
				<misses>707800001</misses>
				<total>0</total>
				<timestamp>4656.607832</timestamp>
			</report>
			<report>
				<misses>707900001</misses>
				<total>0</total>
				<timestamp>4657.265637</timestamp>
			</report>
			<report>
				<misses>708000001</misses>
				<total>0</total>
				<timestamp>4657.923552</timestamp>
			</report>
			<report>
				<misses>708100001</misses>
				<total>0</total>
				<timestamp>4658.581625</timestamp>
			</report>
			<report>
				<misses>708200001</misses>
				<total>0</total>
				<timestamp>4659.240538</timestamp>
			</report>
			<report>
				<misses>708300001</misses>
				<total>0</total>
				<timestamp>4659.897583</timestamp>
			</report>
			<report>
				<misses>708400001</misses>
				<total>0</total>
				<timestamp>4660.555219</timestamp>
			</report>
			<report>
				<misses>708500001</misses>
				<total>0</total>
				<timestamp>4661.213055</timestamp>
			</report>
			<report>
				<misses>708600001</misses>
				<total>0</total>
				<timestamp>4661.870225</timestamp>
			</report>
			<report>
				<misses>708700001</misses>
				<total>0</total>
				<timestamp>4662.527913</timestamp>
			</report>
			<report>
				<misses>708800001</misses>
				<total>0</total>
				<timestamp>4663.184676</timestamp>
			</report>
			<report>
				<misses>708900001</misses>
				<total>0</total>
				<timestamp>4663.842514</timestamp>
			</report>
			<report>
				<misses>709000001</misses>
				<total>0</total>
				<timestamp>4664.500424</timestamp>
			</report>
			<report>
				<misses>709100001</misses>
				<total>0</total>
				<timestamp>4665.157885</timestamp>
			</report>
			<report>
				<misses>709200001</misses>
				<total>0</total>
				<timestamp>4665.816299</timestamp>
			</report>
			<report>
				<misses>709300001</misses>
				<total>0</total>
				<timestamp>4666.474946</timestamp>
			</report>
			<report>
				<misses>709400001</misses>
				<total>0</total>
				<timestamp>4667.135914</timestamp>
			</report>
			<report>
				<misses>709500001</misses>
				<total>0</total>
				<timestamp>4667.794475</timestamp>
			</report>
			<report>
				<misses>709600001</misses>
				<total>0</total>
				<timestamp>4668.455509</timestamp>
			</report>
			<report>
				<misses>709700001</misses>
				<total>0</total>
				<timestamp>4669.114980</timestamp>
			</report>
			<report>
				<misses>709800001</misses>
				<total>0</total>
				<timestamp>4669.773569</timestamp>
			</report>
			<report>
				<misses>709900001</misses>
				<total>0</total>
				<timestamp>4670.433133</timestamp>
			</report>
			<report>
				<misses>710000001</misses>
				<total>0</total>
				<timestamp>4671.091369</timestamp>
			</report>
			<report>
				<misses>710100001</misses>
				<total>0</total>
				<timestamp>4671.749090</timestamp>
			</report>
			<report>
				<misses>710200001</misses>
				<total>0</total>
				<timestamp>4672.404762</timestamp>
			</report>
			<report>
				<misses>710300001</misses>
				<total>0</total>
				<timestamp>4673.062454</timestamp>
			</report>
			<report>
				<misses>710400001</misses>
				<total>0</total>
				<timestamp>4673.719968</timestamp>
			</report>
			<report>
				<misses>710500001</misses>
				<total>0</total>
				<timestamp>4674.376391</timestamp>
			</report>
			<report>
				<misses>710600001</misses>
				<total>0</total>
				<timestamp>4675.034875</timestamp>
			</report>
			<report>
				<misses>710700001</misses>
				<total>0</total>
				<timestamp>4675.692213</timestamp>
			</report>
			<report>
				<misses>710800001</misses>
				<total>0</total>
				<timestamp>4676.350781</timestamp>
			</report>
			<report>
				<misses>710900001</misses>
				<total>0</total>
				<timestamp>4677.009222</timestamp>
			</report>
			<report>
				<misses>711000001</misses>
				<total>0</total>
				<timestamp>4677.667422</timestamp>
			</report>
			<report>
				<misses>711100001</misses>
				<total>0</total>
				<timestamp>4678.325022</timestamp>
			</report>
			<report>
				<misses>711200001</misses>
				<total>0</total>
				<timestamp>4678.983133</timestamp>
			</report>
			<report>
				<misses>711300001</misses>
				<total>0</total>
				<timestamp>4679.641787</timestamp>
			</report>
			<report>
				<misses>711400001</misses>
				<total>0</total>
				<timestamp>4680.299648</timestamp>
			</report>
			<report>
				<misses>711500001</misses>
				<total>0</total>
				<timestamp>4680.957584</timestamp>
			</report>
			<report>
				<misses>711600001</misses>
				<total>0</total>
				<timestamp>4681.615926</timestamp>
			</report>
			<report>
				<misses>711700001</misses>
				<total>0</total>
				<timestamp>4682.274505</timestamp>
			</report>
			<report>
				<misses>711800001</misses>
				<total>0</total>
				<timestamp>4682.932576</timestamp>
			</report>
			<report>
				<misses>711900001</misses>
				<total>0</total>
				<timestamp>4683.590183</timestamp>
			</report>
			<report>
				<misses>712000001</misses>
				<total>0</total>
				<timestamp>4684.248453</timestamp>
			</report>
			<report>
				<misses>712100001</misses>
				<total>0</total>
				<timestamp>4684.907278</timestamp>
			</report>
			<report>
				<misses>712200001</misses>
				<total>0</total>
				<timestamp>4685.564503</timestamp>
			</report>
			<report>
				<misses>712300001</misses>
				<total>0</total>
				<timestamp>4686.221690</timestamp>
			</report>
			<report>
				<misses>712400001</misses>
				<total>0</total>
				<timestamp>4686.879659</timestamp>
			</report>
			<report>
				<misses>712500001</misses>
				<total>0</total>
				<timestamp>4687.537900</timestamp>
			</report>
			<report>
				<misses>712600001</misses>
				<total>0</total>
				<timestamp>4688.195400</timestamp>
			</report>
			<report>
				<misses>712700001</misses>
				<total>0</total>
				<timestamp>4688.853463</timestamp>
			</report>
			<report>
				<misses>712800001</misses>
				<total>0</total>
				<timestamp>4689.510287</timestamp>
			</report>
			<report>
				<misses>712900001</misses>
				<total>0</total>
				<timestamp>4690.168433</timestamp>
			</report>
			<report>
				<misses>713000001</misses>
				<total>0</total>
				<timestamp>4690.826816</timestamp>
			</report>
			<report>
				<misses>713100001</misses>
				<total>0</total>
				<timestamp>4691.484971</timestamp>
			</report>
			<report>
				<misses>713200001</misses>
				<total>0</total>
				<timestamp>4692.142588</timestamp>
			</report>
			<report>
				<misses>713300001</misses>
				<total>0</total>
				<timestamp>4692.800803</timestamp>
			</report>
			<report>
				<misses>713400001</misses>
				<total>0</total>
				<timestamp>4693.460214</timestamp>
			</report>
			<report>
				<misses>713500001</misses>
				<total>0</total>
				<timestamp>4694.119472</timestamp>
			</report>
			<report>
				<misses>713600001</misses>
				<total>0</total>
				<timestamp>4694.778540</timestamp>
			</report>
			<report>
				<misses>713700001</misses>
				<total>0</total>
				<timestamp>4695.437601</timestamp>
			</report>
			<report>
				<misses>713800001</misses>
				<total>0</total>
				<timestamp>4696.096032</timestamp>
			</report>
			<report>
				<misses>713900001</misses>
				<total>0</total>
				<timestamp>4696.755956</timestamp>
			</report>
			<report>
				<misses>714000001</misses>
				<total>0</total>
				<timestamp>4697.413095</timestamp>
			</report>
			<report>
				<misses>714100001</misses>
				<total>0</total>
				<timestamp>4698.072206</timestamp>
			</report>
			<report>
				<misses>714200001</misses>
				<total>0</total>
				<timestamp>4698.729686</timestamp>
			</report>
			<report>
				<misses>714300001</misses>
				<total>0</total>
				<timestamp>4699.388015</timestamp>
			</report>
			<report>
				<misses>714400001</misses>
				<total>0</total>
				<timestamp>4700.047086</timestamp>
			</report>
			<report>
				<misses>714500001</misses>
				<total>0</total>
				<timestamp>4700.705063</timestamp>
			</report>
			<report>
				<misses>714600001</misses>
				<total>0</total>
				<timestamp>4701.363764</timestamp>
			</report>
			<report>
				<misses>714700001</misses>
				<total>0</total>
				<timestamp>4702.020636</timestamp>
			</report>
			<report>
				<misses>714800001</misses>
				<total>0</total>
				<timestamp>4702.679445</timestamp>
			</report>
			<report>
				<misses>714900001</misses>
				<total>0</total>
				<timestamp>4703.337351</timestamp>
			</report>
			<report>
				<misses>715000001</misses>
				<total>0</total>
				<timestamp>4703.996342</timestamp>
			</report>
			<report>
				<misses>715100001</misses>
				<total>0</total>
				<timestamp>4704.656348</timestamp>
			</report>
			<report>
				<misses>715200001</misses>
				<total>0</total>
				<timestamp>4705.314012</timestamp>
			</report>
			<report>
				<misses>715300001</misses>
				<total>0</total>
				<timestamp>4705.972157</timestamp>
			</report>
			<report>
				<misses>715400001</misses>
				<total>0</total>
				<timestamp>4706.628872</timestamp>
			</report>
			<report>
				<misses>715500001</misses>
				<total>0</total>
				<timestamp>4707.286306</timestamp>
			</report>
			<report>
				<misses>715600001</misses>
				<total>0</total>
				<timestamp>4707.943621</timestamp>
			</report>
			<report>
				<misses>715700001</misses>
				<total>0</total>
				<timestamp>4708.602551</timestamp>
			</report>
			<report>
				<misses>715800001</misses>
				<total>0</total>
				<timestamp>4709.261139</timestamp>
			</report>
			<report>
				<misses>715900001</misses>
				<total>0</total>
				<timestamp>4709.919612</timestamp>
			</report>
			<report>
				<misses>716000001</misses>
				<total>0</total>
				<timestamp>4710.577911</timestamp>
			</report>
			<report>
				<misses>716100001</misses>
				<total>0</total>
				<timestamp>4711.235633</timestamp>
			</report>
			<report>
				<misses>716200001</misses>
				<total>0</total>
				<timestamp>4711.892615</timestamp>
			</report>
			<report>
				<misses>716300001</misses>
				<total>0</total>
				<timestamp>4712.550783</timestamp>
			</report>
			<report>
				<misses>716400001</misses>
				<total>0</total>
				<timestamp>4713.207096</timestamp>
			</report>
			<report>
				<misses>716500001</misses>
				<total>0</total>
				<timestamp>4713.865576</timestamp>
			</report>
			<report>
				<misses>716600001</misses>
				<total>0</total>
				<timestamp>4714.522890</timestamp>
			</report>
			<report>
				<misses>716700001</misses>
				<total>0</total>
				<timestamp>4715.179363</timestamp>
			</report>
			<report>
				<misses>716800001</misses>
				<total>0</total>
				<timestamp>4715.836613</timestamp>
			</report>
			<report>
				<misses>716900001</misses>
				<total>0</total>
				<timestamp>4716.495682</timestamp>
			</report>
			<report>
				<misses>717000001</misses>
				<total>0</total>
				<timestamp>4717.156300</timestamp>
			</report>
			<report>
				<misses>717100001</misses>
				<total>0</total>
				<timestamp>4717.816009</timestamp>
			</report>
			<report>
				<misses>717200001</misses>
				<total>0</total>
				<timestamp>4718.475518</timestamp>
			</report>
			<report>
				<misses>717300001</misses>
				<total>0</total>
				<timestamp>4719.135078</timestamp>
			</report>
			<report>
				<misses>717400001</misses>
				<total>0</total>
				<timestamp>4719.794199</timestamp>
			</report>
			<report>
				<misses>717500001</misses>
				<total>0</total>
				<timestamp>4720.454456</timestamp>
			</report>
			<report>
				<misses>717600001</misses>
				<total>0</total>
				<timestamp>4721.111985</timestamp>
			</report>
			<report>
				<misses>717700001</misses>
				<total>0</total>
				<timestamp>4721.769575</timestamp>
			</report>
			<report>
				<misses>717800001</misses>
				<total>0</total>
				<timestamp>4722.428835</timestamp>
			</report>
			<report>
				<misses>717900001</misses>
				<total>0</total>
				<timestamp>4723.086176</timestamp>
			</report>
			<report>
				<misses>718000001</misses>
				<total>0</total>
				<timestamp>4723.743266</timestamp>
			</report>
			<report>
				<misses>718100001</misses>
				<total>0</total>
				<timestamp>4724.401956</timestamp>
			</report>
			<report>
				<misses>718200001</misses>
				<total>0</total>
				<timestamp>4725.061250</timestamp>
			</report>
			<report>
				<misses>718300001</misses>
				<total>0</total>
				<timestamp>4725.719163</timestamp>
			</report>
			<report>
				<misses>718400001</misses>
				<total>0</total>
				<timestamp>4726.375923</timestamp>
			</report>
			<report>
				<misses>718500001</misses>
				<total>0</total>
				<timestamp>4727.034354</timestamp>
			</report>
			<report>
				<misses>718600001</misses>
				<total>0</total>
				<timestamp>4727.692127</timestamp>
			</report>
			<report>
				<misses>718700001</misses>
				<total>0</total>
				<timestamp>4728.348845</timestamp>
			</report>
			<report>
				<misses>718800001</misses>
				<total>0</total>
				<timestamp>4729.006893</timestamp>
			</report>
			<report>
				<misses>718900001</misses>
				<total>0</total>
				<timestamp>4729.664691</timestamp>
			</report>
			<report>
				<misses>719000001</misses>
				<total>0</total>
				<timestamp>4730.322796</timestamp>
			</report>
			<report>
				<misses>719100001</misses>
				<total>0</total>
				<timestamp>4730.980611</timestamp>
			</report>
			<report>
				<misses>719200001</misses>
				<total>0</total>
				<timestamp>4731.637880</timestamp>
			</report>
			<report>
				<misses>719300001</misses>
				<total>0</total>
				<timestamp>4732.295294</timestamp>
			</report>
			<report>
				<misses>719400001</misses>
				<total>0</total>
				<timestamp>4732.953943</timestamp>
			</report>
			<report>
				<misses>719500001</misses>
				<total>0</total>
				<timestamp>4733.612929</timestamp>
			</report>
			<report>
				<misses>719600001</misses>
				<total>0</total>
				<timestamp>4734.270456</timestamp>
			</report>
			<report>
				<misses>719700001</misses>
				<total>0</total>
				<timestamp>4734.928430</timestamp>
			</report>
			<report>
				<misses>719800001</misses>
				<total>0</total>
				<timestamp>4735.586909</timestamp>
			</report>
			<report>
				<misses>719900001</misses>
				<total>0</total>
				<timestamp>4736.245083</timestamp>
			</report>
			<report>
				<misses>720000001</misses>
				<total>0</total>
				<timestamp>4736.903123</timestamp>
			</report>
			<report>
				<misses>720100001</misses>
				<total>0</total>
				<timestamp>4737.561623</timestamp>
			</report>
			<report>
				<misses>720200001</misses>
				<total>0</total>
				<timestamp>4738.219014</timestamp>
			</report>
			<report>
				<misses>720300001</misses>
				<total>0</total>
				<timestamp>4738.875752</timestamp>
			</report>
			<report>
				<misses>720400001</misses>
				<total>0</total>
				<timestamp>4739.533727</timestamp>
			</report>
			<report>
				<misses>720500001</misses>
				<total>0</total>
				<timestamp>4740.193011</timestamp>
			</report>
			<report>
				<misses>720600001</misses>
				<total>0</total>
				<timestamp>4740.852485</timestamp>
			</report>
			<report>
				<misses>720700001</misses>
				<total>0</total>
				<timestamp>4741.511744</timestamp>
			</report>
			<report>
				<misses>720800001</misses>
				<total>0</total>
				<timestamp>4742.170677</timestamp>
			</report>
			<report>
				<misses>720900001</misses>
				<total>0</total>
				<timestamp>4742.829232</timestamp>
			</report>
			<report>
				<misses>721000001</misses>
				<total>0</total>
				<timestamp>4743.489035</timestamp>
			</report>
			<report>
				<misses>721100001</misses>
				<total>0</total>
				<timestamp>4744.147073</timestamp>
			</report>
			<report>
				<misses>721200001</misses>
				<total>0</total>
				<timestamp>4744.805232</timestamp>
			</report>
			<report>
				<misses>721300001</misses>
				<total>0</total>
				<timestamp>4745.461525</timestamp>
			</report>
			<report>
				<misses>721400001</misses>
				<total>0</total>
				<timestamp>4746.119938</timestamp>
			</report>
			<report>
				<misses>721500001</misses>
				<total>0</total>
				<timestamp>4746.778946</timestamp>
			</report>
			<report>
				<misses>721600001</misses>
				<total>0</total>
				<timestamp>4747.436859</timestamp>
			</report>
			<report>
				<misses>721700001</misses>
				<total>0</total>
				<timestamp>4748.095353</timestamp>
			</report>
			<report>
				<misses>721800001</misses>
				<total>0</total>
				<timestamp>4748.754276</timestamp>
			</report>
			<report>
				<misses>721900001</misses>
				<total>0</total>
				<timestamp>4749.411667</timestamp>
			</report>
			<report>
				<misses>722000001</misses>
				<total>0</total>
				<timestamp>4750.069645</timestamp>
			</report>
			<report>
				<misses>722100001</misses>
				<total>0</total>
				<timestamp>4750.727034</timestamp>
			</report>
			<report>
				<misses>722200001</misses>
				<total>0</total>
				<timestamp>4751.385039</timestamp>
			</report>
			<report>
				<misses>722300001</misses>
				<total>0</total>
				<timestamp>4752.043069</timestamp>
			</report>
			<report>
				<misses>722400001</misses>
				<total>0</total>
				<timestamp>4752.701083</timestamp>
			</report>
			<report>
				<misses>722500001</misses>
				<total>0</total>
				<timestamp>4753.358922</timestamp>
			</report>
			<report>
				<misses>722600001</misses>
				<total>0</total>
				<timestamp>4754.016697</timestamp>
			</report>
			<report>
				<misses>722700001</misses>
				<total>0</total>
				<timestamp>4754.674702</timestamp>
			</report>
			<report>
				<misses>722800001</misses>
				<total>0</total>
				<timestamp>4755.332036</timestamp>
			</report>
			<report>
				<misses>722900001</misses>
				<total>0</total>
				<timestamp>4755.989927</timestamp>
			</report>
			<report>
				<misses>723000001</misses>
				<total>0</total>
				<timestamp>4756.647894</timestamp>
			</report>
			<report>
				<misses>723100001</misses>
				<total>0</total>
				<timestamp>4757.306038</timestamp>
			</report>
			<report>
				<misses>723200001</misses>
				<total>0</total>
				<timestamp>4757.963821</timestamp>
			</report>
			<report>
				<misses>723300001</misses>
				<total>0</total>
				<timestamp>4758.622523</timestamp>
			</report>
			<report>
				<misses>723400001</misses>
				<total>0</total>
				<timestamp>4759.280777</timestamp>
			</report>
			<report>
				<misses>723500001</misses>
				<total>0</total>
				<timestamp>4759.938035</timestamp>
			</report>
			<report>
				<misses>723600001</misses>
				<total>0</total>
				<timestamp>4760.595426</timestamp>
			</report>
			<report>
				<misses>723700001</misses>
				<total>0</total>
				<timestamp>4761.253105</timestamp>
			</report>
			<report>
				<misses>723800001</misses>
				<total>0</total>
				<timestamp>4761.910616</timestamp>
			</report>
			<report>
				<misses>723900001</misses>
				<total>0</total>
				<timestamp>4762.568441</timestamp>
			</report>
			<report>
				<misses>724000001</misses>
				<total>0</total>
				<timestamp>4763.227862</timestamp>
			</report>
			<report>
				<misses>724100001</misses>
				<total>0</total>
				<timestamp>4763.886004</timestamp>
			</report>
			<report>
				<misses>724200001</misses>
				<total>0</total>
				<timestamp>4764.542835</timestamp>
			</report>
			<report>
				<misses>724300001</misses>
				<total>0</total>
				<timestamp>4765.202242</timestamp>
			</report>
			<report>
				<misses>724400001</misses>
				<total>0</total>
				<timestamp>4765.861369</timestamp>
			</report>
			<report>
				<misses>724500001</misses>
				<total>0</total>
				<timestamp>4766.521062</timestamp>
			</report>
			<report>
				<misses>724600001</misses>
				<total>0</total>
				<timestamp>4767.179983</timestamp>
			</report>
			<report>
				<misses>724700001</misses>
				<total>0</total>
				<timestamp>4767.839898</timestamp>
			</report>
			<report>
				<misses>724800001</misses>
				<total>0</total>
				<timestamp>4768.497797</timestamp>
			</report>
			<report>
				<misses>724900001</misses>
				<total>0</total>
				<timestamp>4769.155998</timestamp>
			</report>
			<report>
				<misses>725000001</misses>
				<total>0</total>
				<timestamp>4769.814021</timestamp>
			</report>
			<report>
				<misses>725100001</misses>
				<total>0</total>
				<timestamp>4770.472748</timestamp>
			</report>
			<report>
				<misses>725200001</misses>
				<total>0</total>
				<timestamp>4771.131132</timestamp>
			</report>
			<report>
				<misses>725300001</misses>
				<total>0</total>
				<timestamp>4771.787975</timestamp>
			</report>
			<report>
				<misses>725400001</misses>
				<total>0</total>
				<timestamp>4772.445977</timestamp>
			</report>
			<report>
				<misses>725500001</misses>
				<total>0</total>
				<timestamp>4773.103335</timestamp>
			</report>
			<report>
				<misses>725600001</misses>
				<total>0</total>
				<timestamp>4773.760578</timestamp>
			</report>
			<report>
				<misses>725700001</misses>
				<total>0</total>
				<timestamp>4774.418662</timestamp>
			</report>
			<report>
				<misses>725800001</misses>
				<total>0</total>
				<timestamp>4775.075508</timestamp>
			</report>
			<report>
				<misses>725900001</misses>
				<total>0</total>
				<timestamp>4775.733909</timestamp>
			</report>
			<report>
				<misses>726000001</misses>
				<total>0</total>
				<timestamp>4776.391092</timestamp>
			</report>
			<report>
				<misses>726100001</misses>
				<total>0</total>
				<timestamp>4777.049219</timestamp>
			</report>
			<report>
				<misses>726200001</misses>
				<total>0</total>
				<timestamp>4777.707768</timestamp>
			</report>
			<report>
				<misses>726300001</misses>
				<total>0</total>
				<timestamp>4778.365474</timestamp>
			</report>
			<report>
				<misses>726400001</misses>
				<total>0</total>
				<timestamp>4779.023680</timestamp>
			</report>
			<report>
				<misses>726500001</misses>
				<total>0</total>
				<timestamp>4779.681939</timestamp>
			</report>
			<report>
				<misses>726600001</misses>
				<total>0</total>
				<timestamp>4780.339354</timestamp>
			</report>
			<report>
				<misses>726700001</misses>
				<total>0</total>
				<timestamp>4780.997792</timestamp>
			</report>
			<report>
				<misses>726800001</misses>
				<total>0</total>
				<timestamp>4781.656005</timestamp>
			</report>
			<report>
				<misses>726900001</misses>
				<total>0</total>
				<timestamp>4782.313975</timestamp>
			</report>
			<report>
				<misses>727000001</misses>
				<total>0</total>
				<timestamp>4782.973605</timestamp>
			</report>
			<report>
				<misses>727100001</misses>
				<total>0</total>
				<timestamp>4783.631002</timestamp>
			</report>
			<report>
				<misses>727200001</misses>
				<total>0</total>
				<timestamp>4784.288877</timestamp>
			</report>
			<report>
				<misses>727300001</misses>
				<total>0</total>
				<timestamp>4784.945990</timestamp>
			</report>
			<report>
				<misses>727400001</misses>
				<total>0</total>
				<timestamp>4785.603861</timestamp>
			</report>
			<report>
				<misses>727500001</misses>
				<total>0</total>
				<timestamp>4786.262147</timestamp>
			</report>
			<report>
				<misses>727600001</misses>
				<total>0</total>
				<timestamp>4786.920536</timestamp>
			</report>
			<report>
				<misses>727700001</misses>
				<total>0</total>
				<timestamp>4787.579096</timestamp>
			</report>
			<report>
				<misses>727800001</misses>
				<total>0</total>
				<timestamp>4788.239043</timestamp>
			</report>
			<report>
				<misses>727900001</misses>
				<total>0</total>
				<timestamp>4788.898150</timestamp>
			</report>
			<report>
				<misses>728000001</misses>
				<total>0</total>
				<timestamp>4789.558440</timestamp>
			</report>
			<report>
				<misses>728100001</misses>
				<total>0</total>
				<timestamp>4790.218192</timestamp>
			</report>
			<report>
				<misses>728200001</misses>
				<total>0</total>
				<timestamp>4790.878068</timestamp>
			</report>
			<report>
				<misses>728300001</misses>
				<total>0</total>
				<timestamp>4791.535918</timestamp>
			</report>
			<report>
				<misses>728400001</misses>
				<total>0</total>
				<timestamp>4792.194877</timestamp>
			</report>
			<report>
				<misses>728500001</misses>
				<total>0</total>
				<timestamp>4792.852399</timestamp>
			</report>
			<report>
				<misses>728600001</misses>
				<total>0</total>
				<timestamp>4793.509051</timestamp>
			</report>
			<report>
				<misses>728700001</misses>
				<total>0</total>
				<timestamp>4794.167081</timestamp>
			</report>
			<report>
				<misses>728800001</misses>
				<total>0</total>
				<timestamp>4794.825892</timestamp>
			</report>
			<report>
				<misses>728900001</misses>
				<total>0</total>
				<timestamp>4795.484119</timestamp>
			</report>
			<report>
				<misses>729000001</misses>
				<total>0</total>
				<timestamp>4796.142118</timestamp>
			</report>
			<report>
				<misses>729100001</misses>
				<total>0</total>
				<timestamp>4796.799979</timestamp>
			</report>
			<report>
				<misses>729200001</misses>
				<total>0</total>
				<timestamp>4797.457158</timestamp>
			</report>
			<report>
				<misses>729300001</misses>
				<total>0</total>
				<timestamp>4798.115967</timestamp>
			</report>
			<report>
				<misses>729400001</misses>
				<total>0</total>
				<timestamp>4798.772541</timestamp>
			</report>
			<report>
				<misses>729500001</misses>
				<total>0</total>
				<timestamp>4799.430682</timestamp>
			</report>
			<report>
				<misses>729600001</misses>
				<total>0</total>
				<timestamp>4800.088834</timestamp>
			</report>
			<report>
				<misses>729700001</misses>
				<total>0</total>
				<timestamp>4800.746115</timestamp>
			</report>
			<report>
				<misses>729800001</misses>
				<total>0</total>
				<timestamp>4801.403172</timestamp>
			</report>
			<report>
				<misses>729900001</misses>
				<total>0</total>
				<timestamp>4802.061026</timestamp>
			</report>
			<report>
				<misses>730000001</misses>
				<total>0</total>
				<timestamp>4802.719218</timestamp>
			</report>
			<report>
				<misses>730100001</misses>
				<total>0</total>
				<timestamp>4803.377411</timestamp>
			</report>
			<report>
				<misses>730200001</misses>
				<total>0</total>
				<timestamp>4804.036480</timestamp>
			</report>
			<report>
				<misses>730300001</misses>
				<total>0</total>
				<timestamp>4804.694939</timestamp>
			</report>
			<report>
				<misses>730400001</misses>
				<total>0</total>
				<timestamp>4805.354449</timestamp>
			</report>
			<report>
				<misses>730500001</misses>
				<total>0</total>
				<timestamp>4806.013433</timestamp>
			</report>
			<report>
				<misses>730600001</misses>
				<total>0</total>
				<timestamp>4806.671551</timestamp>
			</report>
			<report>
				<misses>730700001</misses>
				<total>0</total>
				<timestamp>4807.329757</timestamp>
			</report>
			<report>
				<misses>730800001</misses>
				<total>0</total>
				<timestamp>4807.986618</timestamp>
			</report>
			<report>
				<misses>730900001</misses>
				<total>0</total>
				<timestamp>4808.643789</timestamp>
			</report>
			<report>
				<misses>731000001</misses>
				<total>0</total>
				<timestamp>4809.300920</timestamp>
			</report>
			<report>
				<misses>731100001</misses>
				<total>0</total>
				<timestamp>4809.959689</timestamp>
			</report>
			<report>
				<misses>731200001</misses>
				<total>0</total>
				<timestamp>4810.618866</timestamp>
			</report>
			<report>
				<misses>731300001</misses>
				<total>0</total>
				<timestamp>4811.278489</timestamp>
			</report>
			<report>
				<misses>731400001</misses>
				<total>0</total>
				<timestamp>4811.938209</timestamp>
			</report>
			<report>
				<misses>731500001</misses>
				<total>0</total>
				<timestamp>4812.598042</timestamp>
			</report>
			<report>
				<misses>731600001</misses>
				<total>0</total>
				<timestamp>4813.256709</timestamp>
			</report>
			<report>
				<misses>731700001</misses>
				<total>0</total>
				<timestamp>4813.915971</timestamp>
			</report>
			<report>
				<misses>731800001</misses>
				<total>0</total>
				<timestamp>4814.574292</timestamp>
			</report>
			<report>
				<misses>731900001</misses>
				<total>0</total>
				<timestamp>4815.232943</timestamp>
			</report>
			<report>
				<misses>732000001</misses>
				<total>0</total>
				<timestamp>4815.891711</timestamp>
			</report>
			<report>
				<misses>732100001</misses>
				<total>0</total>
				<timestamp>4816.548628</timestamp>
			</report>
			<report>
				<misses>732200001</misses>
				<total>0</total>
				<timestamp>4817.206595</timestamp>
			</report>
			<report>
				<misses>732300001</misses>
				<total>0</total>
				<timestamp>4817.864963</timestamp>
			</report>
			<report>
				<misses>732400001</misses>
				<total>0</total>
				<timestamp>4818.523028</timestamp>
			</report>
			<report>
				<misses>732500001</misses>
				<total>0</total>
				<timestamp>4819.180759</timestamp>
			</report>
			<report>
				<misses>732600001</misses>
				<total>0</total>
				<timestamp>4819.838574</timestamp>
			</report>
			<report>
				<misses>732700001</misses>
				<total>0</total>
				<timestamp>4820.495491</timestamp>
			</report>
			<report>
				<misses>732800001</misses>
				<total>0</total>
				<timestamp>4821.153785</timestamp>
			</report>
			<report>
				<misses>732900001</misses>
				<total>0</total>
				<timestamp>4821.811621</timestamp>
			</report>
			<report>
				<misses>733000001</misses>
				<total>0</total>
				<timestamp>4822.470202</timestamp>
			</report>
			<report>
				<misses>733100001</misses>
				<total>0</total>
				<timestamp>4823.126677</timestamp>
			</report>
			<report>
				<misses>733200001</misses>
				<total>0</total>
				<timestamp>4823.784657</timestamp>
			</report>
			<report>
				<misses>733300001</misses>
				<total>0</total>
				<timestamp>4824.442993</timestamp>
			</report>
			<report>
				<misses>733400001</misses>
				<total>0</total>
				<timestamp>4825.100343</timestamp>
			</report>
			<report>
				<misses>733500001</misses>
				<total>0</total>
				<timestamp>4825.759172</timestamp>
			</report>
			<report>
				<misses>733600001</misses>
				<total>0</total>
				<timestamp>4826.417426</timestamp>
			</report>
			<report>
				<misses>733700001</misses>
				<total>0</total>
				<timestamp>4827.075098</timestamp>
			</report>
			<report>
				<misses>733800001</misses>
				<total>0</total>
				<timestamp>4827.733278</timestamp>
			</report>
			<report>
				<misses>733900001</misses>
				<total>0</total>
				<timestamp>4828.391154</timestamp>
			</report>
			<report>
				<misses>734000001</misses>
				<total>0</total>
				<timestamp>4829.049409</timestamp>
			</report>
			<report>
				<misses>734100001</misses>
				<total>0</total>
				<timestamp>4829.705193</timestamp>
			</report>
			<report>
				<misses>734200001</misses>
				<total>0</total>
				<timestamp>4830.363798</timestamp>
			</report>
			<report>
				<misses>734300001</misses>
				<total>0</total>
				<timestamp>4831.022446</timestamp>
			</report>
			<report>
				<misses>734400001</misses>
				<total>0</total>
				<timestamp>4831.679124</timestamp>
			</report>
			<report>
				<misses>734500001</misses>
				<total>0</total>
				<timestamp>4832.337222</timestamp>
			</report>
			<report>
				<misses>734600001</misses>
				<total>0</total>
				<timestamp>4832.995053</timestamp>
			</report>
			<report>
				<misses>734700001</misses>
				<total>0</total>
				<timestamp>4833.653284</timestamp>
			</report>
			<report>
				<misses>734800001</misses>
				<total>0</total>
				<timestamp>4834.312121</timestamp>
			</report>
			<report>
				<misses>734900001</misses>
				<total>0</total>
				<timestamp>4834.970753</timestamp>
			</report>
			<report>
				<misses>735000001</misses>
				<total>0</total>
				<timestamp>4835.630259</timestamp>
			</report>
			<report>
				<misses>735100001</misses>
				<total>0</total>
				<timestamp>4836.290505</timestamp>
			</report>
			<report>
				<misses>735200001</misses>
				<total>0</total>
				<timestamp>4836.949854</timestamp>
			</report>
			<report>
				<misses>735300001</misses>
				<total>0</total>
				<timestamp>4837.609005</timestamp>
			</report>
			<report>
				<misses>735400001</misses>
				<total>0</total>
				<timestamp>4838.268522</timestamp>
			</report>
			<report>
				<misses>735500001</misses>
				<total>0</total>
				<timestamp>4838.927085</timestamp>
			</report>
			<report>
				<misses>735600001</misses>
				<total>0</total>
				<timestamp>4839.584687</timestamp>
			</report>
			<report>
				<misses>735700001</misses>
				<total>0</total>
				<timestamp>4840.242223</timestamp>
			</report>
			<report>
				<misses>735800001</misses>
				<total>0</total>
				<timestamp>4840.899535</timestamp>
			</report>
			<report>
				<misses>735900001</misses>
				<total>0</total>
				<timestamp>4841.557661</timestamp>
			</report>
			<report>
				<misses>736000001</misses>
				<total>0</total>
				<timestamp>4842.215792</timestamp>
			</report>
			<report>
				<misses>736100001</misses>
				<total>0</total>
				<timestamp>4842.873076</timestamp>
			</report>
			<report>
				<misses>736200001</misses>
				<total>0</total>
				<timestamp>4843.530935</timestamp>
			</report>
			<report>
				<misses>736300001</misses>
				<total>0</total>
				<timestamp>4844.188486</timestamp>
			</report>
			<report>
				<misses>736400001</misses>
				<total>0</total>
				<timestamp>4844.845338</timestamp>
			</report>
			<report>
				<misses>736500001</misses>
				<total>0</total>
				<timestamp>4845.503180</timestamp>
			</report>
			<report>
				<misses>736600001</misses>
				<total>0</total>
				<timestamp>4846.160696</timestamp>
			</report>
			<report>
				<misses>736700001</misses>
				<total>0</total>
				<timestamp>4846.819108</timestamp>
			</report>
			<report>
				<misses>736800001</misses>
				<total>0</total>
				<timestamp>4847.476347</timestamp>
			</report>
			<report>
				<misses>736900001</misses>
				<total>0</total>
				<timestamp>4848.133764</timestamp>
			</report>
			<report>
				<misses>737000001</misses>
				<total>0</total>
				<timestamp>4848.791225</timestamp>
			</report>
			<report>
				<misses>737100001</misses>
				<total>0</total>
				<timestamp>4849.448840</timestamp>
			</report>
			<report>
				<misses>737200001</misses>
				<total>0</total>
				<timestamp>4850.106589</timestamp>
			</report>
			<report>
				<misses>737300001</misses>
				<total>0</total>
				<timestamp>4850.763496</timestamp>
			</report>
			<report>
				<misses>737400001</misses>
				<total>0</total>
				<timestamp>4851.420205</timestamp>
			</report>
			<report>
				<misses>737500001</misses>
				<total>0</total>
				<timestamp>4852.076834</timestamp>
			</report>
			<report>
				<misses>737600001</misses>
				<total>0</total>
				<timestamp>4852.733457</timestamp>
			</report>
			<report>
				<misses>737700001</misses>
				<total>0</total>
				<timestamp>4853.391402</timestamp>
			</report>
			<report>
				<misses>737800001</misses>
				<total>0</total>
				<timestamp>4854.049314</timestamp>
			</report>
			<report>
				<misses>737900001</misses>
				<total>0</total>
				<timestamp>4854.707875</timestamp>
			</report>
			<report>
				<misses>738000001</misses>
				<total>0</total>
				<timestamp>4855.364583</timestamp>
			</report>
			<report>
				<misses>738100001</misses>
				<total>0</total>
				<timestamp>4856.022997</timestamp>
			</report>
			<report>
				<misses>738200001</misses>
				<total>0</total>
				<timestamp>4856.680660</timestamp>
			</report>
			<report>
				<misses>738300001</misses>
				<total>0</total>
				<timestamp>4857.339901</timestamp>
			</report>
			<report>
				<misses>738400001</misses>
				<total>0</total>
				<timestamp>4857.998720</timestamp>
			</report>
			<report>
				<misses>738500001</misses>
				<total>0</total>
				<timestamp>4858.656719</timestamp>
			</report>
			<report>
				<misses>738600001</misses>
				<total>0</total>
				<timestamp>4859.315919</timestamp>
			</report>
			<report>
				<misses>738700001</misses>
				<total>0</total>
				<timestamp>4859.974822</timestamp>
			</report>
			<report>
				<misses>738800001</misses>
				<total>0</total>
				<timestamp>4860.633897</timestamp>
			</report>
			<report>
				<misses>738900001</misses>
				<total>0</total>
				<timestamp>4861.292454</timestamp>
			</report>
			<report>
				<misses>739000001</misses>
				<total>0</total>
				<timestamp>4861.951677</timestamp>
			</report>
			<report>
				<misses>739100001</misses>
				<total>0</total>
				<timestamp>4862.610043</timestamp>
			</report>
			<report>
				<misses>739200001</misses>
				<total>0</total>
				<timestamp>4863.267964</timestamp>
			</report>
			<report>
				<misses>739300001</misses>
				<total>0</total>
				<timestamp>4863.925743</timestamp>
			</report>
			<report>
				<misses>739400001</misses>
				<total>0</total>
				<timestamp>4864.582958</timestamp>
			</report>
			<report>
				<misses>739500001</misses>
				<total>0</total>
				<timestamp>4865.241019</timestamp>
			</report>
			<report>
				<misses>739600001</misses>
				<total>0</total>
				<timestamp>4865.897540</timestamp>
			</report>
			<report>
				<misses>739700001</misses>
				<total>0</total>
				<timestamp>4866.555137</timestamp>
			</report>
			<report>
				<misses>739800001</misses>
				<total>0</total>
				<timestamp>4867.212457</timestamp>
			</report>
			<report>
				<misses>739900001</misses>
				<total>0</total>
				<timestamp>4867.870833</timestamp>
			</report>
			<report>
				<misses>740000001</misses>
				<total>0</total>
				<timestamp>4868.528486</timestamp>
			</report>
			<report>
				<misses>740100001</misses>
				<total>0</total>
				<timestamp>4869.187059</timestamp>
			</report>
			<report>
				<misses>740200001</misses>
				<total>0</total>
				<timestamp>4869.845626</timestamp>
			</report>
			<report>
				<misses>740300001</misses>
				<total>0</total>
				<timestamp>4870.502741</timestamp>
			</report>
			<report>
				<misses>740400001</misses>
				<total>0</total>
				<timestamp>4871.160460</timestamp>
			</report>
			<report>
				<misses>740500001</misses>
				<total>0</total>
				<timestamp>4871.817089</timestamp>
			</report>
			<report>
				<misses>740600001</misses>
				<total>0</total>
				<timestamp>4872.474750</timestamp>
			</report>
			<report>
				<misses>740700001</misses>
				<total>0</total>
				<timestamp>4873.132498</timestamp>
			</report>
			<report>
				<misses>740800001</misses>
				<total>0</total>
				<timestamp>4873.790137</timestamp>
			</report>
			<report>
				<misses>740900001</misses>
				<total>0</total>
				<timestamp>4874.448295</timestamp>
			</report>
			<report>
				<misses>741000001</misses>
				<total>0</total>
				<timestamp>4875.105298</timestamp>
			</report>
			<report>
				<misses>741100001</misses>
				<total>0</total>
				<timestamp>4875.761758</timestamp>
			</report>
			<report>
				<misses>741200001</misses>
				<total>0</total>
				<timestamp>4876.418881</timestamp>
			</report>
			<report>
				<misses>741300001</misses>
				<total>0</total>
				<timestamp>4877.076347</timestamp>
			</report>
			<report>
				<misses>741400001</misses>
				<total>0</total>
				<timestamp>4877.733303</timestamp>
			</report>
			<report>
				<misses>741500001</misses>
				<total>0</total>
				<timestamp>4878.391066</timestamp>
			</report>
			<report>
				<misses>741600001</misses>
				<total>0</total>
				<timestamp>4879.048134</timestamp>
			</report>
			<report>
				<misses>741700001</misses>
				<total>0</total>
				<timestamp>4879.706132</timestamp>
			</report>
			<report>
				<misses>741800001</misses>
				<total>0</total>
				<timestamp>4880.363840</timestamp>
			</report>
			<report>
				<misses>741900001</misses>
				<total>0</total>
				<timestamp>4881.022996</timestamp>
			</report>
			<report>
				<misses>742000001</misses>
				<total>0</total>
				<timestamp>4881.681315</timestamp>
			</report>
			<report>
				<misses>742100001</misses>
				<total>0</total>
				<timestamp>4882.341228</timestamp>
			</report>
			<report>
				<misses>742200001</misses>
				<total>0</total>
				<timestamp>4883.000548</timestamp>
			</report>
			<report>
				<misses>742300001</misses>
				<total>0</total>
				<timestamp>4883.658630</timestamp>
			</report>
			<report>
				<misses>742400001</misses>
				<total>0</total>
				<timestamp>4884.318295</timestamp>
			</report>
			<report>
				<misses>742500001</misses>
				<total>0</total>
				<timestamp>4884.977289</timestamp>
			</report>
			<report>
				<misses>742600001</misses>
				<total>0</total>
				<timestamp>4885.636250</timestamp>
			</report>
			<report>
				<misses>742700001</misses>
				<total>0</total>
				<timestamp>4886.292400</timestamp>
			</report>
			<report>
				<misses>742800001</misses>
				<total>0</total>
				<timestamp>4886.950415</timestamp>
			</report>
			<report>
				<misses>742900001</misses>
				<total>0</total>
				<timestamp>4887.607496</timestamp>
			</report>
			<report>
				<misses>743000001</misses>
				<total>0</total>
				<timestamp>4888.265011</timestamp>
			</report>
			<report>
				<misses>743100001</misses>
				<total>0</total>
				<timestamp>4888.921714</timestamp>
			</report>
			<report>
				<misses>743200001</misses>
				<total>0</total>
				<timestamp>4889.580779</timestamp>
			</report>
			<report>
				<misses>743300001</misses>
				<total>0</total>
				<timestamp>4890.239597</timestamp>
			</report>
			<report>
				<misses>743400001</misses>
				<total>0</total>
				<timestamp>4890.898575</timestamp>
			</report>
			<report>
				<misses>743500001</misses>
				<total>0</total>
				<timestamp>4891.555653</timestamp>
			</report>
			<report>
				<misses>743600001</misses>
				<total>0</total>
				<timestamp>4892.214172</timestamp>
			</report>
			<report>
				<misses>743700001</misses>
				<total>0</total>
				<timestamp>4892.872467</timestamp>
			</report>
			<report>
				<misses>743800001</misses>
				<total>0</total>
				<timestamp>4893.529785</timestamp>
			</report>
			<report>
				<misses>743900001</misses>
				<total>0</total>
				<timestamp>4894.187701</timestamp>
			</report>
			<report>
				<misses>744000001</misses>
				<total>0</total>
				<timestamp>4894.844156</timestamp>
			</report>
			<report>
				<misses>744100001</misses>
				<total>0</total>
				<timestamp>4895.503164</timestamp>
			</report>
			<report>
				<misses>744200001</misses>
				<total>0</total>
				<timestamp>4896.161266</timestamp>
			</report>
			<report>
				<misses>744300001</misses>
				<total>0</total>
				<timestamp>4896.819088</timestamp>
			</report>
			<report>
				<misses>744400001</misses>
				<total>0</total>
				<timestamp>4897.476654</timestamp>
			</report>
			<report>
				<misses>744500001</misses>
				<total>0</total>
				<timestamp>4898.134681</timestamp>
			</report>
			<report>
				<misses>744600001</misses>
				<total>0</total>
				<timestamp>4898.792587</timestamp>
			</report>
			<report>
				<misses>744700001</misses>
				<total>0</total>
				<timestamp>4899.450305</timestamp>
			</report>
			<report>
				<misses>744800001</misses>
				<total>0</total>
				<timestamp>4900.107716</timestamp>
			</report>
			<report>
				<misses>744900001</misses>
				<total>0</total>
				<timestamp>4900.765044</timestamp>
			</report>
			<report>
				<misses>745000001</misses>
				<total>0</total>
				<timestamp>4901.422906</timestamp>
			</report>
			<report>
				<misses>745100001</misses>
				<total>0</total>
				<timestamp>4902.079587</timestamp>
			</report>
			<report>
				<misses>745200001</misses>
				<total>0</total>
				<timestamp>4902.737779</timestamp>
			</report>
			<report>
				<misses>745300001</misses>
				<total>0</total>
				<timestamp>4903.395334</timestamp>
			</report>
			<report>
				<misses>745400001</misses>
				<total>0</total>
				<timestamp>4904.053720</timestamp>
			</report>
			<report>
				<misses>745500001</misses>
				<total>0</total>
				<timestamp>4904.713381</timestamp>
			</report>
			<report>
				<misses>745600001</misses>
				<total>0</total>
				<timestamp>4905.371642</timestamp>
			</report>
			<report>
				<misses>745700001</misses>
				<total>0</total>
				<timestamp>4906.031692</timestamp>
			</report>
			<report>
				<misses>745800001</misses>
				<total>0</total>
				<timestamp>4906.690575</timestamp>
			</report>
			<report>
				<misses>745900001</misses>
				<total>0</total>
				<timestamp>4907.349874</timestamp>
			</report>
			<report>
				<misses>746000001</misses>
				<total>0</total>
				<timestamp>4908.008673</timestamp>
			</report>
			<report>
				<misses>746100001</misses>
				<total>0</total>
				<timestamp>4908.668032</timestamp>
			</report>
			<report>
				<misses>746200001</misses>
				<total>0</total>
				<timestamp>4909.326760</timestamp>
			</report>
			<report>
				<misses>746300001</misses>
				<total>0</total>
				<timestamp>4909.984151</timestamp>
			</report>
			<report>
				<misses>746400001</misses>
				<total>0</total>
				<timestamp>4910.642977</timestamp>
			</report>
			<report>
				<misses>746500001</misses>
				<total>0</total>
				<timestamp>4911.300422</timestamp>
			</report>
			<report>
				<misses>746600001</misses>
				<total>0</total>
				<timestamp>4911.959500</timestamp>
			</report>
			<report>
				<misses>746700001</misses>
				<total>0</total>
				<timestamp>4912.618604</timestamp>
			</report>
			<report>
				<misses>746800001</misses>
				<total>0</total>
				<timestamp>4913.276582</timestamp>
			</report>
			<report>
				<misses>746900001</misses>
				<total>0</total>
				<timestamp>4913.933610</timestamp>
			</report>
			<report>
				<misses>747000001</misses>
				<total>0</total>
				<timestamp>4914.590610</timestamp>
			</report>
			<report>
				<misses>747100001</misses>
				<total>0</total>
				<timestamp>4915.249577</timestamp>
			</report>
			<report>
				<misses>747200001</misses>
				<total>0</total>
				<timestamp>4915.906691</timestamp>
			</report>
			<report>
				<misses>747300001</misses>
				<total>0</total>
				<timestamp>4916.564722</timestamp>
			</report>
			<report>
				<misses>747400001</misses>
				<total>0</total>
				<timestamp>4917.222442</timestamp>
			</report>
			<report>
				<misses>747500001</misses>
				<total>0</total>
				<timestamp>4917.879401</timestamp>
			</report>
			<report>
				<misses>747600001</misses>
				<total>0</total>
				<timestamp>4918.537994</timestamp>
			</report>
			<report>
				<misses>747700001</misses>
				<total>0</total>
				<timestamp>4919.196267</timestamp>
			</report>
			<report>
				<misses>747800001</misses>
				<total>0</total>
				<timestamp>4919.853666</timestamp>
			</report>
			<report>
				<misses>747900001</misses>
				<total>0</total>
				<timestamp>4920.510909</timestamp>
			</report>
			<report>
				<misses>748000001</misses>
				<total>0</total>
				<timestamp>4921.169083</timestamp>
			</report>
			<report>
				<misses>748100001</misses>
				<total>0</total>
				<timestamp>4921.827160</timestamp>
			</report>
			<report>
				<misses>748200001</misses>
				<total>0</total>
				<timestamp>4922.483992</timestamp>
			</report>
			<report>
				<misses>748300001</misses>
				<total>0</total>
				<timestamp>4923.142338</timestamp>
			</report>
			<report>
				<misses>748400001</misses>
				<total>0</total>
				<timestamp>4923.798449</timestamp>
			</report>
			<report>
				<misses>748500001</misses>
				<total>0</total>
				<timestamp>4924.454666</timestamp>
			</report>
			<report>
				<misses>748600001</misses>
				<total>0</total>
				<timestamp>4925.111064</timestamp>
			</report>
			<report>
				<misses>748700001</misses>
				<total>0</total>
				<timestamp>4925.769019</timestamp>
			</report>
			<report>
				<misses>748800001</misses>
				<total>0</total>
				<timestamp>4926.425857</timestamp>
			</report>
			<report>
				<misses>748900001</misses>
				<total>0</total>
				<timestamp>4927.082922</timestamp>
			</report>
			<report>
				<misses>749000001</misses>
				<total>0</total>
				<timestamp>4927.740524</timestamp>
			</report>
			<report>
				<misses>749100001</misses>
				<total>0</total>
				<timestamp>4928.399567</timestamp>
			</report>
			<report>
				<misses>749200001</misses>
				<total>0</total>
				<timestamp>4929.057926</timestamp>
			</report>
			<report>
				<misses>749300001</misses>
				<total>0</total>
				<timestamp>4929.717203</timestamp>
			</report>
			<report>
				<misses>749400001</misses>
				<total>0</total>
				<timestamp>4930.376323</timestamp>
			</report>
			<report>
				<misses>749500001</misses>
				<total>0</total>
				<timestamp>4931.035706</timestamp>
			</report>
			<report>
				<misses>749600001</misses>
				<total>0</total>
				<timestamp>4931.694748</timestamp>
			</report>
			<report>
				<misses>749700001</misses>
				<total>0</total>
				<timestamp>4932.354158</timestamp>
			</report>
			<report>
				<misses>749800001</misses>
				<total>0</total>
				<timestamp>4933.012014</timestamp>
			</report>
			<report>
				<misses>749900001</misses>
				<total>0</total>
				<timestamp>4933.669409</timestamp>
			</report>
			<report>
				<misses>750000001</misses>
				<total>0</total>
				<timestamp>4934.325961</timestamp>
			</report>
			<report>
				<misses>750100001</misses>
				<total>0</total>
				<timestamp>4934.984148</timestamp>
			</report>
			<report>
				<misses>750200001</misses>
				<total>0</total>
				<timestamp>4935.642001</timestamp>
			</report>
			<report>
				<misses>750300001</misses>
				<total>0</total>
				<timestamp>4936.300628</timestamp>
			</report>
			<report>
				<misses>750400001</misses>
				<total>0</total>
				<timestamp>4936.959056</timestamp>
			</report>
			<report>
				<misses>750500001</misses>
				<total>0</total>
				<timestamp>4937.616758</timestamp>
			</report>
			<report>
				<misses>750600001</misses>
				<total>0</total>
				<timestamp>4938.274880</timestamp>
			</report>
			<report>
				<misses>750700001</misses>
				<total>0</total>
				<timestamp>4938.932724</timestamp>
			</report>
			<report>
				<misses>750800001</misses>
				<total>0</total>
				<timestamp>4939.590386</timestamp>
			</report>
			<report>
				<misses>750900001</misses>
				<total>0</total>
				<timestamp>4940.249127</timestamp>
			</report>
			<report>
				<misses>751000001</misses>
				<total>0</total>
				<timestamp>4940.906985</timestamp>
			</report>
			<report>
				<misses>751100001</misses>
				<total>0</total>
				<timestamp>4941.564295</timestamp>
			</report>
			<report>
				<misses>751200001</misses>
				<total>0</total>
				<timestamp>4942.222771</timestamp>
			</report>
			<report>
				<misses>751300001</misses>
				<total>0</total>
				<timestamp>4942.880897</timestamp>
			</report>
			<report>
				<misses>751400001</misses>
				<total>0</total>
				<timestamp>4943.539810</timestamp>
			</report>
			<report>
				<misses>751500001</misses>
				<total>0</total>
				<timestamp>4944.197947</timestamp>
			</report>
			<report>
				<misses>751600001</misses>
				<total>0</total>
				<timestamp>4944.854664</timestamp>
			</report>
			<report>
				<misses>751700001</misses>
				<total>0</total>
				<timestamp>4945.513899</timestamp>
			</report>
			<report>
				<misses>751800001</misses>
				<total>0</total>
				<timestamp>4946.171483</timestamp>
			</report>
			<report>
				<misses>751900001</misses>
				<total>0</total>
				<timestamp>4946.829485</timestamp>
			</report>
			<report>
				<misses>752000001</misses>
				<total>0</total>
				<timestamp>4947.487743</timestamp>
			</report>
			<report>
				<misses>752100001</misses>
				<total>0</total>
				<timestamp>4948.146397</timestamp>
			</report>
			<report>
				<misses>752200001</misses>
				<total>0</total>
				<timestamp>4948.804025</timestamp>
			</report>
			<report>
				<misses>752300001</misses>
				<total>0</total>
				<timestamp>4949.462137</timestamp>
			</report>
			<report>
				<misses>752400001</misses>
				<total>0</total>
				<timestamp>4950.121653</timestamp>
			</report>
			<report>
				<misses>752500001</misses>
				<total>0</total>
				<timestamp>4950.779085</timestamp>
			</report>
			<report>
				<misses>752600001</misses>
				<total>0</total>
				<timestamp>4951.438064</timestamp>
			</report>
			<report>
				<misses>752700001</misses>
				<total>0</total>
				<timestamp>4952.097452</timestamp>
			</report>
			<report>
				<misses>752800001</misses>
				<total>0</total>
				<timestamp>4952.754672</timestamp>
			</report>
			<report>
				<misses>752900001</misses>
				<total>0</total>
				<timestamp>4953.413863</timestamp>
			</report>
			<report>
				<misses>753000001</misses>
				<total>0</total>
				<timestamp>4954.071412</timestamp>
			</report>
			<report>
				<misses>753100001</misses>
				<total>0</total>
				<timestamp>4954.729607</timestamp>
			</report>
			<report>
				<misses>753200001</misses>
				<total>0</total>
				<timestamp>4955.388477</timestamp>
			</report>
			<report>
				<misses>753300001</misses>
				<total>0</total>
				<timestamp>4956.047216</timestamp>
			</report>
			<report>
				<misses>753400001</misses>
				<total>0</total>
				<timestamp>4956.706284</timestamp>
			</report>
			<report>
				<misses>753500001</misses>
				<total>0</total>
				<timestamp>4957.364149</timestamp>
			</report>
			<report>
				<misses>753600001</misses>
				<total>0</total>
				<timestamp>4958.022075</timestamp>
			</report>
			<report>
				<misses>753700001</misses>
				<total>0</total>
				<timestamp>4958.679267</timestamp>
			</report>
			<report>
				<misses>753800001</misses>
				<total>0</total>
				<timestamp>4959.336244</timestamp>
			</report>
			<report>
				<misses>753900001</misses>
				<total>0</total>
				<timestamp>4959.994899</timestamp>
			</report>
			<report>
				<misses>754000001</misses>
				<total>0</total>
				<timestamp>4960.653078</timestamp>
			</report>
			<report>
				<misses>754100001</misses>
				<total>0</total>
				<timestamp>4961.311737</timestamp>
			</report>
			<report>
				<misses>754200001</misses>
				<total>0</total>
				<timestamp>4961.969052</timestamp>
			</report>
			<report>
				<misses>754300001</misses>
				<total>0</total>
				<timestamp>4962.626330</timestamp>
			</report>
			<report>
				<misses>754400001</misses>
				<total>0</total>
				<timestamp>4963.284672</timestamp>
			</report>
			<report>
				<misses>754500001</misses>
				<total>0</total>
				<timestamp>4963.942356</timestamp>
			</report>
			<report>
				<misses>754600001</misses>
				<total>0</total>
				<timestamp>4964.600093</timestamp>
			</report>
			<report>
				<misses>754700001</misses>
				<total>0</total>
				<timestamp>4965.258365</timestamp>
			</report>
			<report>
				<misses>754800001</misses>
				<total>0</total>
				<timestamp>4965.915364</timestamp>
			</report>
			<report>
				<misses>754900001</misses>
				<total>0</total>
				<timestamp>4966.573718</timestamp>
			</report>
			<report>
				<misses>755000001</misses>
				<total>0</total>
				<timestamp>4967.230510</timestamp>
			</report>
			<report>
				<misses>755100001</misses>
				<total>0</total>
				<timestamp>4967.888464</timestamp>
			</report>
			<report>
				<misses>755200001</misses>
				<total>0</total>
				<timestamp>4968.546258</timestamp>
			</report>
			<report>
				<misses>755300001</misses>
				<total>0</total>
				<timestamp>4969.204602</timestamp>
			</report>
			<report>
				<misses>755400001</misses>
				<total>0</total>
				<timestamp>4969.862348</timestamp>
			</report>
			<report>
				<misses>755500001</misses>
				<total>0</total>
				<timestamp>4970.519562</timestamp>
			</report>
			<report>
				<misses>755600001</misses>
				<total>0</total>
				<timestamp>4971.177645</timestamp>
			</report>
			<report>
				<misses>755700001</misses>
				<total>0</total>
				<timestamp>4971.835264</timestamp>
			</report>
			<report>
				<misses>755800001</misses>
				<total>0</total>
				<timestamp>4972.492711</timestamp>
			</report>
			<report>
				<misses>755900001</misses>
				<total>0</total>
				<timestamp>4973.150346</timestamp>
			</report>
			<report>
				<misses>756000001</misses>
				<total>0</total>
				<timestamp>4973.808154</timestamp>
			</report>
			<report>
				<misses>756100001</misses>
				<total>0</total>
				<timestamp>4974.466882</timestamp>
			</report>
			<report>
				<misses>756200001</misses>
				<total>0</total>
				<timestamp>4975.125531</timestamp>
			</report>
			<report>
				<misses>756300001</misses>
				<total>0</total>
				<timestamp>4975.784427</timestamp>
			</report>
			<report>
				<misses>756400001</misses>
				<total>0</total>
				<timestamp>4976.442990</timestamp>
			</report>
			<report>
				<misses>756500001</misses>
				<total>0</total>
				<timestamp>4977.101733</timestamp>
			</report>
			<report>
				<misses>756600001</misses>
				<total>0</total>
				<timestamp>4977.760393</timestamp>
			</report>
			<report>
				<misses>756700001</misses>
				<total>0</total>
				<timestamp>4978.420169</timestamp>
			</report>
			<report>
				<misses>756800001</misses>
				<total>0</total>
				<timestamp>4979.079237</timestamp>
			</report>
			<report>
				<misses>756900001</misses>
				<total>0</total>
				<timestamp>4979.739058</timestamp>
			</report>
			<report>
				<misses>757000001</misses>
				<total>0</total>
				<timestamp>4980.397410</timestamp>
			</report>
			<report>
				<misses>757100001</misses>
				<total>0</total>
				<timestamp>4981.054766</timestamp>
			</report>
			<report>
				<misses>757200001</misses>
				<total>0</total>
				<timestamp>4981.711626</timestamp>
			</report>
			<report>
				<misses>757300001</misses>
				<total>0</total>
				<timestamp>4982.368987</timestamp>
			</report>
			<report>
				<misses>757400001</misses>
				<total>0</total>
				<timestamp>4983.026428</timestamp>
			</report>
			<report>
				<misses>757500001</misses>
				<total>0</total>
				<timestamp>4983.683461</timestamp>
			</report>
			<report>
				<misses>757600001</misses>
				<total>0</total>
				<timestamp>4984.341903</timestamp>
			</report>
			<report>
				<misses>757700001</misses>
				<total>0</total>
				<timestamp>4985.000357</timestamp>
			</report>
			<report>
				<misses>757800001</misses>
				<total>0</total>
				<timestamp>4985.656968</timestamp>
			</report>
			<report>
				<misses>757900001</misses>
				<total>0</total>
				<timestamp>4986.314819</timestamp>
			</report>
			<report>
				<misses>758000001</misses>
				<total>0</total>
				<timestamp>4986.972460</timestamp>
			</report>
			<report>
				<misses>758100001</misses>
				<total>0</total>
				<timestamp>4987.629547</timestamp>
			</report>
			<report>
				<misses>758200001</misses>
				<total>0</total>
				<timestamp>4988.287722</timestamp>
			</report>
			<report>
				<misses>758300001</misses>
				<total>0</total>
				<timestamp>4988.945974</timestamp>
			</report>
			<report>
				<misses>758400001</misses>
				<total>0</total>
				<timestamp>4989.604874</timestamp>
			</report>
			<report>
				<misses>758500001</misses>
				<total>0</total>
				<timestamp>4990.263148</timestamp>
			</report>
			<report>
				<misses>758600001</misses>
				<total>0</total>
				<timestamp>4990.920495</timestamp>
			</report>
			<report>
				<misses>758700001</misses>
				<total>0</total>
				<timestamp>4991.578402</timestamp>
			</report>
			<report>
				<misses>758800001</misses>
				<total>0</total>
				<timestamp>4992.236700</timestamp>
			</report>
			<report>
				<misses>758900001</misses>
				<total>0</total>
				<timestamp>4992.894328</timestamp>
			</report>
			<report>
				<misses>759000001</misses>
				<total>0</total>
				<timestamp>4993.552667</timestamp>
			</report>
			<report>
				<misses>759100001</misses>
				<total>0</total>
				<timestamp>4994.210402</timestamp>
			</report>
			<report>
				<misses>759200001</misses>
				<total>0</total>
				<timestamp>4994.867675</timestamp>
			</report>
			<report>
				<misses>759300001</misses>
				<total>0</total>
				<timestamp>4995.525749</timestamp>
			</report>
			<report>
				<misses>759400001</misses>
				<total>0</total>
				<timestamp>4996.184369</timestamp>
			</report>
			<report>
				<misses>759500001</misses>
				<total>0</total>
				<timestamp>4996.840953</timestamp>
			</report>
			<report>
				<misses>759600001</misses>
				<total>0</total>
				<timestamp>4997.498873</timestamp>
			</report>
			<report>
				<misses>759700001</misses>
				<total>0</total>
				<timestamp>4998.157254</timestamp>
			</report>
			<report>
				<misses>759800001</misses>
				<total>0</total>
				<timestamp>4998.814606</timestamp>
			</report>
			<report>
				<misses>759900001</misses>
				<total>0</total>
				<timestamp>4999.474688</timestamp>
			</report>
			<report>
				<misses>760000001</misses>
				<total>0</total>
				<timestamp>5000.134940</timestamp>
			</report>
			<report>
				<misses>760100001</misses>
				<total>0</total>
				<timestamp>5000.793932</timestamp>
			</report>
			<report>
				<misses>760200001</misses>
				<total>0</total>
				<timestamp>5001.452773</timestamp>
			</report>
			<report>
				<misses>760300001</misses>
				<total>0</total>
				<timestamp>5002.111863</timestamp>
			</report>
			<report>
				<misses>760400001</misses>
				<total>0</total>
				<timestamp>5002.770865</timestamp>
			</report>
			<report>
				<misses>760500001</misses>
				<total>0</total>
				<timestamp>5003.430968</timestamp>
			</report>
			<report>
				<misses>760600001</misses>
				<total>0</total>
				<timestamp>5004.089231</timestamp>
			</report>
			<report>
				<misses>760700001</misses>
				<total>0</total>
				<timestamp>5004.747883</timestamp>
			</report>
			<report>
				<misses>760800001</misses>
				<total>0</total>
				<timestamp>5005.406521</timestamp>
			</report>
			<report>
				<misses>760900001</misses>
				<total>0</total>
				<timestamp>5006.063904</timestamp>
			</report>
			<report>
				<misses>761000001</misses>
				<total>0</total>
				<timestamp>5006.721976</timestamp>
			</report>
			<report>
				<misses>761100001</misses>
				<total>0</total>
				<timestamp>5007.379994</timestamp>
			</report>
			<report>
				<misses>761200001</misses>
				<total>0</total>
				<timestamp>5008.038217</timestamp>
			</report>
			<report>
				<misses>761300001</misses>
				<total>0</total>
				<timestamp>5008.696098</timestamp>
			</report>
			<report>
				<misses>761400001</misses>
				<total>0</total>
				<timestamp>5009.352743</timestamp>
			</report>
			<report>
				<misses>761500001</misses>
				<total>0</total>
				<timestamp>5010.010198</timestamp>
			</report>
			<report>
				<misses>761600001</misses>
				<total>0</total>
				<timestamp>5010.666911</timestamp>
			</report>
			<report>
				<misses>761700001</misses>
				<total>0</total>
				<timestamp>5011.325021</timestamp>
			</report>
			<report>
				<misses>761800001</misses>
				<total>0</total>
				<timestamp>5011.981334</timestamp>
			</report>
			<report>
				<misses>761900001</misses>
				<total>0</total>
				<timestamp>5012.638450</timestamp>
			</report>
			<report>
				<misses>762000001</misses>
				<total>0</total>
				<timestamp>5013.295990</timestamp>
			</report>
			<report>
				<misses>762100001</misses>
				<total>0</total>
				<timestamp>5013.953154</timestamp>
			</report>
			<report>
				<misses>762200001</misses>
				<total>0</total>
				<timestamp>5014.611008</timestamp>
			</report>
			<report>
				<misses>762300001</misses>
				<total>0</total>
				<timestamp>5015.269096</timestamp>
			</report>
			<report>
				<misses>762400001</misses>
				<total>0</total>
				<timestamp>5015.927036</timestamp>
			</report>
			<report>
				<misses>762500001</misses>
				<total>0</total>
				<timestamp>5016.584249</timestamp>
			</report>
			<report>
				<misses>762600001</misses>
				<total>0</total>
				<timestamp>5017.242544</timestamp>
			</report>
			<report>
				<misses>762700001</misses>
				<total>0</total>
				<timestamp>5017.899239</timestamp>
			</report>
			<report>
				<misses>762800001</misses>
				<total>0</total>
				<timestamp>5018.557356</timestamp>
			</report>
			<report>
				<misses>762900001</misses>
				<total>0</total>
				<timestamp>5019.215784</timestamp>
			</report>
			<report>
				<misses>763000001</misses>
				<total>0</total>
				<timestamp>5019.874014</timestamp>
			</report>
			<report>
				<misses>763100001</misses>
				<total>0</total>
				<timestamp>5020.529997</timestamp>
			</report>
			<report>
				<misses>763200001</misses>
				<total>0</total>
				<timestamp>5021.186630</timestamp>
			</report>
			<report>
				<misses>763300001</misses>
				<total>0</total>
				<timestamp>5021.843806</timestamp>
			</report>
			<report>
				<misses>763400001</misses>
				<total>0</total>
				<timestamp>5022.501503</timestamp>
			</report>
			<report>
				<misses>763500001</misses>
				<total>0</total>
				<timestamp>5023.160415</timestamp>
			</report>
			<report>
				<misses>763600001</misses>
				<total>0</total>
				<timestamp>5023.820403</timestamp>
			</report>
			<report>
				<misses>763700001</misses>
				<total>0</total>
				<timestamp>5024.478348</timestamp>
			</report>
			<report>
				<misses>763800001</misses>
				<total>0</total>
				<timestamp>5025.137166</timestamp>
			</report>
			<report>
				<misses>763900001</misses>
				<total>0</total>
				<timestamp>5025.796865</timestamp>
			</report>
			<report>
				<misses>764000001</misses>
				<total>0</total>
				<timestamp>5026.456887</timestamp>
			</report>
			<report>
				<misses>764100001</misses>
				<total>0</total>
				<timestamp>5027.116050</timestamp>
			</report>
			<report>
				<misses>764200001</misses>
				<total>0</total>
				<timestamp>5027.775002</timestamp>
			</report>
			<report>
				<misses>764300001</misses>
				<total>0</total>
				<timestamp>5028.433543</timestamp>
			</report>
			<report>
				<misses>764400001</misses>
				<total>0</total>
				<timestamp>5029.091814</timestamp>
			</report>
			<report>
				<misses>764500001</misses>
				<total>0</total>
				<timestamp>5029.748902</timestamp>
			</report>
			<report>
				<misses>764600001</misses>
				<total>0</total>
				<timestamp>5030.407218</timestamp>
			</report>
			<report>
				<misses>764700001</misses>
				<total>0</total>
				<timestamp>5031.065205</timestamp>
			</report>
			<report>
				<misses>764800001</misses>
				<total>0</total>
				<timestamp>5031.722922</timestamp>
			</report>
			<report>
				<misses>764900001</misses>
				<total>0</total>
				<timestamp>5032.380999</timestamp>
			</report>
			<report>
				<misses>765000001</misses>
				<total>0</total>
				<timestamp>5033.037353</timestamp>
			</report>
			<report>
				<misses>765100001</misses>
				<total>0</total>
				<timestamp>5033.694921</timestamp>
			</report>
			<report>
				<misses>765200001</misses>
				<total>0</total>
				<timestamp>5034.350901</timestamp>
			</report>
			<report>
				<misses>765300001</misses>
				<total>0</total>
				<timestamp>5035.008348</timestamp>
			</report>
			<report>
				<misses>765400001</misses>
				<total>0</total>
				<timestamp>5035.666520</timestamp>
			</report>
			<report>
				<misses>765500001</misses>
				<total>0</total>
				<timestamp>5036.323271</timestamp>
			</report>
			<report>
				<misses>765600001</misses>
				<total>0</total>
				<timestamp>5036.981210</timestamp>
			</report>
			<report>
				<misses>765700001</misses>
				<total>0</total>
				<timestamp>5037.637915</timestamp>
			</report>
			<report>
				<misses>765800001</misses>
				<total>0</total>
				<timestamp>5038.296239</timestamp>
			</report>
			<report>
				<misses>765900001</misses>
				<total>0</total>
				<timestamp>5038.953737</timestamp>
			</report>
			<report>
				<misses>766000001</misses>
				<total>0</total>
				<timestamp>5039.612361</timestamp>
			</report>
			<report>
				<misses>766100001</misses>
				<total>0</total>
				<timestamp>5040.270144</timestamp>
			</report>
			<report>
				<misses>766200001</misses>
				<total>0</total>
				<timestamp>5040.928201</timestamp>
			</report>
			<report>
				<misses>766300001</misses>
				<total>0</total>
				<timestamp>5041.586355</timestamp>
			</report>
			<report>
				<misses>766400001</misses>
				<total>0</total>
				<timestamp>5042.244571</timestamp>
			</report>
			<report>
				<misses>766500001</misses>
				<total>0</total>
				<timestamp>5042.901365</timestamp>
			</report>
			<report>
				<misses>766600001</misses>
				<total>0</total>
				<timestamp>5043.559160</timestamp>
			</report>
			<report>
				<misses>766700001</misses>
				<total>0</total>
				<timestamp>5044.217050</timestamp>
			</report>
			<report>
				<misses>766800001</misses>
				<total>0</total>
				<timestamp>5044.875003</timestamp>
			</report>
			<report>
				<misses>766900001</misses>
				<total>0</total>
				<timestamp>5045.533972</timestamp>
			</report>
			<report>
				<misses>767000001</misses>
				<total>0</total>
				<timestamp>5046.192860</timestamp>
			</report>
			<report>
				<misses>767100001</misses>
				<total>0</total>
				<timestamp>5046.850409</timestamp>
			</report>
			<report>
				<misses>767200001</misses>
				<total>0</total>
				<timestamp>5047.509819</timestamp>
			</report>
			<report>
				<misses>767300001</misses>
				<total>0</total>
				<timestamp>5048.168168</timestamp>
			</report>
			<report>
				<misses>767400001</misses>
				<total>0</total>
				<timestamp>5048.827840</timestamp>
			</report>
			<report>
				<misses>767500001</misses>
				<total>0</total>
				<timestamp>5049.486716</timestamp>
			</report>
			<report>
				<misses>767600001</misses>
				<total>0</total>
				<timestamp>5050.147305</timestamp>
			</report>
			<report>
				<misses>767700001</misses>
				<total>0</total>
				<timestamp>5050.806841</timestamp>
			</report>
			<report>
				<misses>767800001</misses>
				<total>0</total>
				<timestamp>5051.465169</timestamp>
			</report>
			<report>
				<misses>767900001</misses>
				<total>0</total>
				<timestamp>5052.124297</timestamp>
			</report>
			<report>
				<misses>768000001</misses>
				<total>0</total>
				<timestamp>5052.782745</timestamp>
			</report>
			<report>
				<misses>768100001</misses>
				<total>0</total>
				<timestamp>5053.440980</timestamp>
			</report>
			<report>
				<misses>768200001</misses>
				<total>0</total>
				<timestamp>5054.097373</timestamp>
			</report>
			<report>
				<misses>768300001</misses>
				<total>0</total>
				<timestamp>5054.755095</timestamp>
			</report>
			<report>
				<misses>768400001</misses>
				<total>0</total>
				<timestamp>5055.412859</timestamp>
			</report>
			<report>
				<misses>768500001</misses>
				<total>0</total>
				<timestamp>5056.070347</timestamp>
			</report>
			<report>
				<misses>768600001</misses>
				<total>0</total>
				<timestamp>5056.727270</timestamp>
			</report>
			<report>
				<misses>768700001</misses>
				<total>0</total>
				<timestamp>5057.385112</timestamp>
			</report>
			<report>
				<misses>768800001</misses>
				<total>0</total>
				<timestamp>5058.041921</timestamp>
			</report>
			<report>
				<misses>768900001</misses>
				<total>0</total>
				<timestamp>5058.700624</timestamp>
			</report>
			<report>
				<misses>769000001</misses>
				<total>0</total>
				<timestamp>5059.358779</timestamp>
			</report>
			<report>
				<misses>769100001</misses>
				<total>0</total>
				<timestamp>5060.017050</timestamp>
			</report>
			<report>
				<misses>769200001</misses>
				<total>0</total>
				<timestamp>5060.674113</timestamp>
			</report>
			<report>
				<misses>769300001</misses>
				<total>0</total>
				<timestamp>5061.331801</timestamp>
			</report>
			<report>
				<misses>769400001</misses>
				<total>0</total>
				<timestamp>5061.990054</timestamp>
			</report>
			<report>
				<misses>769500001</misses>
				<total>0</total>
				<timestamp>5062.647773</timestamp>
			</report>
			<report>
				<misses>769600001</misses>
				<total>0</total>
				<timestamp>5063.305452</timestamp>
			</report>
			<report>
				<misses>769700001</misses>
				<total>0</total>
				<timestamp>5063.963405</timestamp>
			</report>
			<report>
				<misses>769800001</misses>
				<total>0</total>
				<timestamp>5064.623029</timestamp>
			</report>
			<report>
				<misses>769900001</misses>
				<total>0</total>
				<timestamp>5065.282023</timestamp>
			</report>
			<report>
				<misses>770000001</misses>
				<total>0</total>
				<timestamp>5065.940615</timestamp>
			</report>
			<report>
				<misses>770100001</misses>
				<total>0</total>
				<timestamp>5066.599175</timestamp>
			</report>
			<report>
				<misses>770200001</misses>
				<total>0</total>
				<timestamp>5067.257345</timestamp>
			</report>
			<report>
				<misses>770300001</misses>
				<total>0</total>
				<timestamp>5067.914894</timestamp>
			</report>
			<report>
				<misses>770400001</misses>
				<total>0</total>
				<timestamp>5068.572009</timestamp>
			</report>
			<report>
				<misses>770500001</misses>
				<total>0</total>
				<timestamp>5069.228138</timestamp>
			</report>
			<report>
				<misses>770600001</misses>
				<total>0</total>
				<timestamp>5069.885961</timestamp>
			</report>
			<report>
				<misses>770700001</misses>
				<total>0</total>
				<timestamp>5070.543865</timestamp>
			</report>
			<report>
				<misses>770800001</misses>
				<total>0</total>
				<timestamp>5071.200170</timestamp>
			</report>
			<report>
				<misses>770900001</misses>
				<total>0</total>
				<timestamp>5071.860015</timestamp>
			</report>
			<report>
				<misses>771000001</misses>
				<total>0</total>
				<timestamp>5072.519354</timestamp>
			</report>
			<report>
				<misses>771100001</misses>
				<total>0</total>
				<timestamp>5073.179144</timestamp>
			</report>
			<report>
				<misses>771200001</misses>
				<total>0</total>
				<timestamp>5073.839212</timestamp>
			</report>
			<report>
				<misses>771300001</misses>
				<total>0</total>
				<timestamp>5074.497982</timestamp>
			</report>
			<report>
				<misses>771400001</misses>
				<total>0</total>
				<timestamp>5075.156584</timestamp>
			</report>
			<report>
				<misses>771500001</misses>
				<total>0</total>
				<timestamp>5075.816015</timestamp>
			</report>
			<report>
				<misses>771600001</misses>
				<total>0</total>
				<timestamp>5076.473784</timestamp>
			</report>
			<report>
				<misses>771700001</misses>
				<total>0</total>
				<timestamp>5077.132117</timestamp>
			</report>
			<report>
				<misses>771800001</misses>
				<total>0</total>
				<timestamp>5077.790549</timestamp>
			</report>
			<report>
				<misses>771900001</misses>
				<total>0</total>
				<timestamp>5078.447901</timestamp>
			</report>
			<report>
				<misses>772000001</misses>
				<total>0</total>
				<timestamp>5079.106268</timestamp>
			</report>
			<report>
				<misses>772100001</misses>
				<total>0</total>
				<timestamp>5079.762641</timestamp>
			</report>
			<report>
				<misses>772200001</misses>
				<total>0</total>
				<timestamp>5080.420060</timestamp>
			</report>
			<report>
				<misses>772300001</misses>
				<total>0</total>
				<timestamp>5081.078399</timestamp>
			</report>
			<report>
				<misses>772400001</misses>
				<total>0</total>
				<timestamp>5081.737150</timestamp>
			</report>
			<report>
				<misses>772500001</misses>
				<total>0</total>
				<timestamp>5082.394556</timestamp>
			</report>
			<report>
				<misses>772600001</misses>
				<total>0</total>
				<timestamp>5083.050973</timestamp>
			</report>
			<report>
				<misses>772700001</misses>
				<total>0</total>
				<timestamp>5083.710922</timestamp>
			</report>
			<report>
				<misses>772800001</misses>
				<total>0</total>
				<timestamp>5084.368072</timestamp>
			</report>
			<report>
				<misses>772900001</misses>
				<total>0</total>
				<timestamp>5085.026522</timestamp>
			</report>
			<report>
				<misses>773000001</misses>
				<total>0</total>
				<timestamp>5085.684666</timestamp>
			</report>
			<report>
				<misses>773100001</misses>
				<total>0</total>
				<timestamp>5086.342732</timestamp>
			</report>
			<report>
				<misses>773200001</misses>
				<total>0</total>
				<timestamp>5087.000014</timestamp>
			</report>
			<report>
				<misses>773300001</misses>
				<total>0</total>
				<timestamp>5087.657007</timestamp>
			</report>
			<report>
				<misses>773400001</misses>
				<total>0</total>
				<timestamp>5088.314959</timestamp>
			</report>
			<report>
				<misses>773500001</misses>
				<total>0</total>
				<timestamp>5088.972348</timestamp>
			</report>
			<report>
				<misses>773600001</misses>
				<total>0</total>
				<timestamp>5089.630247</timestamp>
			</report>
			<report>
				<misses>773700001</misses>
				<total>0</total>
				<timestamp>5090.286903</timestamp>
			</report>
			<report>
				<misses>773800001</misses>
				<total>0</total>
				<timestamp>5090.945077</timestamp>
			</report>
			<report>
				<misses>773900001</misses>
				<total>0</total>
				<timestamp>5091.603334</timestamp>
			</report>
			<report>
				<misses>774000001</misses>
				<total>0</total>
				<timestamp>5092.260650</timestamp>
			</report>
			<report>
				<misses>774100001</misses>
				<total>0</total>
				<timestamp>5092.917902</timestamp>
			</report>
			<report>
				<misses>774200001</misses>
				<total>0</total>
				<timestamp>5093.575902</timestamp>
			</report>
			<report>
				<misses>774300001</misses>
				<total>0</total>
				<timestamp>5094.233419</timestamp>
			</report>
			<report>
				<misses>774400001</misses>
				<total>0</total>
				<timestamp>5094.891137</timestamp>
			</report>
			<report>
				<misses>774500001</misses>
				<total>0</total>
				<timestamp>5095.549627</timestamp>
			</report>
			<report>
				<misses>774600001</misses>
				<total>0</total>
				<timestamp>5096.209282</timestamp>
			</report>
			<report>
				<misses>774700001</misses>
				<total>0</total>
				<timestamp>5096.870304</timestamp>
			</report>
			<report>
				<misses>774800001</misses>
				<total>0</total>
				<timestamp>5097.530373</timestamp>
			</report>
			<report>
				<misses>774900001</misses>
				<total>0</total>
				<timestamp>5098.190348</timestamp>
			</report>
			<report>
				<misses>775000001</misses>
				<total>0</total>
				<timestamp>5098.849089</timestamp>
			</report>
			<report>
				<misses>775100001</misses>
				<total>0</total>
				<timestamp>5099.506928</timestamp>
			</report>
			<report>
				<misses>775200001</misses>
				<total>0</total>
				<timestamp>5100.166578</timestamp>
			</report>
			<report>
				<misses>775300001</misses>
				<total>0</total>
				<timestamp>5100.825292</timestamp>
			</report>
			<report>
				<misses>775400001</misses>
				<total>0</total>
				<timestamp>5101.483913</timestamp>
			</report>
			<report>
				<misses>775500001</misses>
				<total>0</total>
				<timestamp>5102.141996</timestamp>
			</report>
			<report>
				<misses>775600001</misses>
				<total>0</total>
				<timestamp>5102.801270</timestamp>
			</report>
			<report>
				<misses>775700001</misses>
				<total>0</total>
				<timestamp>5103.460011</timestamp>
			</report>
			<report>
				<misses>775800001</misses>
				<total>0</total>
				<timestamp>5104.118080</timestamp>
			</report>
			<report>
				<misses>775900001</misses>
				<total>0</total>
				<timestamp>5104.776563</timestamp>
			</report>
			<report>
				<misses>776000001</misses>
				<total>0</total>
				<timestamp>5105.433794</timestamp>
			</report>
			<report>
				<misses>776100001</misses>
				<total>0</total>
				<timestamp>5106.093098</timestamp>
			</report>
			<report>
				<misses>776200001</misses>
				<total>0</total>
				<timestamp>5106.751630</timestamp>
			</report>
			<report>
				<misses>776300001</misses>
				<total>0</total>
				<timestamp>5107.410086</timestamp>
			</report>
			<report>
				<misses>776400001</misses>
				<total>0</total>
				<timestamp>5108.067972</timestamp>
			</report>
			<report>
				<misses>776500001</misses>
				<total>0</total>
				<timestamp>5108.726101</timestamp>
			</report>
			<report>
				<misses>776600001</misses>
				<total>0</total>
				<timestamp>5109.384110</timestamp>
			</report>
			<report>
				<misses>776700001</misses>
				<total>0</total>
				<timestamp>5110.041688</timestamp>
			</report>
			<report>
				<misses>776800001</misses>
				<total>0</total>
				<timestamp>5110.699046</timestamp>
			</report>
			<report>
				<misses>776900001</misses>
				<total>0</total>
				<timestamp>5111.357135</timestamp>
			</report>
			<report>
				<misses>777000001</misses>
				<total>0</total>
				<timestamp>5112.016049</timestamp>
			</report>
			<report>
				<misses>777100001</misses>
				<total>0</total>
				<timestamp>5112.673914</timestamp>
			</report>
			<report>
				<misses>777200001</misses>
				<total>0</total>
				<timestamp>5113.333626</timestamp>
			</report>
			<report>
				<misses>777300001</misses>
				<total>0</total>
				<timestamp>5113.991484</timestamp>
			</report>
			<report>
				<misses>777400001</misses>
				<total>0</total>
				<timestamp>5114.648932</timestamp>
			</report>
			<report>
				<misses>777500001</misses>
				<total>0</total>
				<timestamp>5115.307204</timestamp>
			</report>
			<report>
				<misses>777600001</misses>
				<total>0</total>
				<timestamp>5115.966228</timestamp>
			</report>
			<report>
				<misses>777700001</misses>
				<total>0</total>
				<timestamp>5116.621673</timestamp>
			</report>
			<report>
				<misses>777800001</misses>
				<total>0</total>
				<timestamp>5117.279937</timestamp>
			</report>
			<report>
				<misses>777900001</misses>
				<total>0</total>
				<timestamp>5117.937519</timestamp>
			</report>
			<report>
				<misses>778000001</misses>
				<total>0</total>
				<timestamp>5118.595580</timestamp>
			</report>
			<report>
				<misses>778100001</misses>
				<total>0</total>
				<timestamp>5119.253663</timestamp>
			</report>
			<report>
				<misses>778200001</misses>
				<total>0</total>
				<timestamp>5119.914065</timestamp>
			</report>
			<report>
				<misses>778300001</misses>
				<total>0</total>
				<timestamp>5120.573873</timestamp>
			</report>
			<report>
				<misses>778400001</misses>
				<total>0</total>
				<timestamp>5121.234604</timestamp>
			</report>
			<report>
				<misses>778500001</misses>
				<total>0</total>
				<timestamp>5121.892881</timestamp>
			</report>
			<report>
				<misses>778600001</misses>
				<total>0</total>
				<timestamp>5122.552409</timestamp>
			</report>
			<report>
				<misses>778700001</misses>
				<total>0</total>
				<timestamp>5123.210768</timestamp>
			</report>
			<report>
				<misses>778800001</misses>
				<total>0</total>
				<timestamp>5123.871616</timestamp>
			</report>
			<report>
				<misses>778900001</misses>
				<total>0</total>
				<timestamp>5124.528467</timestamp>
			</report>
			<report>
				<misses>779000001</misses>
				<total>0</total>
				<timestamp>5125.184229</timestamp>
			</report>
			<report>
				<misses>779100001</misses>
				<total>0</total>
				<timestamp>5125.842692</timestamp>
			</report>
			<report>
				<misses>779200001</misses>
				<total>0</total>
				<timestamp>5126.500980</timestamp>
			</report>
			<report>
				<misses>779300001</misses>
				<total>0</total>
				<timestamp>5127.158726</timestamp>
			</report>
			<report>
				<misses>779400001</misses>
				<total>0</total>
				<timestamp>5127.816834</timestamp>
			</report>
			<report>
				<misses>779500001</misses>
				<total>0</total>
				<timestamp>5128.475687</timestamp>
			</report>
			<report>
				<misses>779600001</misses>
				<total>0</total>
				<timestamp>5129.132881</timestamp>
			</report>
			<report>
				<misses>779700001</misses>
				<total>0</total>
				<timestamp>5129.790304</timestamp>
			</report>
			<report>
				<misses>779800001</misses>
				<total>0</total>
				<timestamp>5130.448097</timestamp>
			</report>
			<report>
				<misses>779900001</misses>
				<total>0</total>
				<timestamp>5131.106126</timestamp>
			</report>
			<report>
				<misses>780000001</misses>
				<total>0</total>
				<timestamp>5131.764439</timestamp>
			</report>
			<report>
				<misses>780100001</misses>
				<total>0</total>
				<timestamp>5132.422466</timestamp>
			</report>
			<report>
				<misses>780200001</misses>
				<total>0</total>
				<timestamp>5133.080121</timestamp>
			</report>
			<report>
				<misses>780300001</misses>
				<total>0</total>
				<timestamp>5133.738287</timestamp>
			</report>
			<report>
				<misses>780400001</misses>
				<total>0</total>
				<timestamp>5134.396278</timestamp>
			</report>
			<report>
				<misses>780500001</misses>
				<total>0</total>
				<timestamp>5135.053612</timestamp>
			</report>
			<report>
				<misses>780600001</misses>
				<total>0</total>
				<timestamp>5135.712609</timestamp>
			</report>
			<report>
				<misses>780700001</misses>
				<total>0</total>
				<timestamp>5136.370961</timestamp>
			</report>
			<report>
				<misses>780800001</misses>
				<total>0</total>
				<timestamp>5137.028845</timestamp>
			</report>
			<report>
				<misses>780900001</misses>
				<total>0</total>
				<timestamp>5137.686158</timestamp>
			</report>
			<report>
				<misses>781000001</misses>
				<total>0</total>
				<timestamp>5138.344305</timestamp>
			</report>
			<report>
				<misses>781100001</misses>
				<total>0</total>
				<timestamp>5139.002454</timestamp>
			</report>
			<report>
				<misses>781200001</misses>
				<total>0</total>
				<timestamp>5139.661280</timestamp>
			</report>
			<report>
				<misses>781300001</misses>
				<total>0</total>
				<timestamp>5140.320420</timestamp>
			</report>
			<report>
				<misses>781400001</misses>
				<total>0</total>
				<timestamp>5140.977400</timestamp>
			</report>
			<report>
				<misses>781500001</misses>
				<total>0</total>
				<timestamp>5141.634338</timestamp>
			</report>
			<report>
				<misses>781600001</misses>
				<total>0</total>
				<timestamp>5142.292349</timestamp>
			</report>
			<report>
				<misses>781700001</misses>
				<total>0</total>
				<timestamp>5142.949651</timestamp>
			</report>
			<report>
				<misses>781800001</misses>
				<total>0</total>
				<timestamp>5143.607548</timestamp>
			</report>
			<report>
				<misses>781900001</misses>
				<total>0</total>
				<timestamp>5144.266574</timestamp>
			</report>
			<report>
				<misses>782000001</misses>
				<total>0</total>
				<timestamp>5144.925415</timestamp>
			</report>
			<report>
				<misses>782100001</misses>
				<total>0</total>
				<timestamp>5145.584683</timestamp>
			</report>
			<report>
				<misses>782200001</misses>
				<total>0</total>
				<timestamp>5146.244153</timestamp>
			</report>
			<report>
				<misses>782300001</misses>
				<total>0</total>
				<timestamp>5146.902422</timestamp>
			</report>
			<report>
				<misses>782400001</misses>
				<total>0</total>
				<timestamp>5147.561787</timestamp>
			</report>
			<report>
				<misses>782500001</misses>
				<total>0</total>
				<timestamp>5148.221348</timestamp>
			</report>
			<report>
				<misses>782600001</misses>
				<total>0</total>
				<timestamp>5148.878189</timestamp>
			</report>
			<report>
				<misses>782700001</misses>
				<total>0</total>
				<timestamp>5149.535611</timestamp>
			</report>
			<report>
				<misses>782800001</misses>
				<total>0</total>
				<timestamp>5150.192423</timestamp>
			</report>
			<report>
				<misses>782900001</misses>
				<total>0</total>
				<timestamp>5150.850448</timestamp>
			</report>
			<report>
				<misses>783000001</misses>
				<total>0</total>
				<timestamp>5151.507680</timestamp>
			</report>
			<report>
				<misses>783100001</misses>
				<total>0</total>
				<timestamp>5152.164688</timestamp>
			</report>
			<report>
				<misses>783200001</misses>
				<total>0</total>
				<timestamp>5152.822734</timestamp>
			</report>
			<report>
				<misses>783300001</misses>
				<total>0</total>
				<timestamp>5153.479605</timestamp>
			</report>
			<report>
				<misses>783400001</misses>
				<total>0</total>
				<timestamp>5154.137820</timestamp>
			</report>
			<report>
				<misses>783500001</misses>
				<total>0</total>
				<timestamp>5154.795878</timestamp>
			</report>
			<report>
				<misses>783600001</misses>
				<total>0</total>
				<timestamp>5155.451934</timestamp>
			</report>
			<report>
				<misses>783700001</misses>
				<total>0</total>
				<timestamp>5156.109507</timestamp>
			</report>
			<report>
				<misses>783800001</misses>
				<total>0</total>
				<timestamp>5156.766150</timestamp>
			</report>
			<report>
				<misses>783900001</misses>
				<total>0</total>
				<timestamp>5157.424023</timestamp>
			</report>
			<report>
				<misses>784000001</misses>
				<total>0</total>
				<timestamp>5158.081601</timestamp>
			</report>
			<report>
				<misses>784100001</misses>
				<total>0</total>
				<timestamp>5158.739290</timestamp>
			</report>
			<report>
				<misses>784200001</misses>
				<total>0</total>
				<timestamp>5159.397101</timestamp>
			</report>
			<report>
				<misses>784300001</misses>
				<total>0</total>
				<timestamp>5160.055423</timestamp>
			</report>
			<report>
				<misses>784400001</misses>
				<total>0</total>
				<timestamp>5160.712866</timestamp>
			</report>
			<report>
				<misses>784500001</misses>
				<total>0</total>
				<timestamp>5161.369984</timestamp>
			</report>
			<report>
				<misses>784600001</misses>
				<total>0</total>
				<timestamp>5162.027370</timestamp>
			</report>
			<report>
				<misses>784700001</misses>
				<total>0</total>
				<timestamp>5162.684965</timestamp>
			</report>
			<report>
				<misses>784800001</misses>
				<total>0</total>
				<timestamp>5163.342999</timestamp>
			</report>
			<report>
				<misses>784900001</misses>
				<total>0</total>
				<timestamp>5164.001313</timestamp>
			</report>
			<report>
				<misses>785000001</misses>
				<total>0</total>
				<timestamp>5164.657344</timestamp>
			</report>
			<report>
				<misses>785100001</misses>
				<total>0</total>
				<timestamp>5165.314457</timestamp>
			</report>
			<report>
				<misses>785200001</misses>
				<total>0</total>
				<timestamp>5165.971389</timestamp>
			</report>
			<report>
				<misses>785300001</misses>
				<total>0</total>
				<timestamp>5166.628515</timestamp>
			</report>
			<report>
				<misses>785400001</misses>
				<total>0</total>
				<timestamp>5167.286520</timestamp>
			</report>
			<report>
				<misses>785500001</misses>
				<total>0</total>
				<timestamp>5167.946785</timestamp>
			</report>
			<report>
				<misses>785600001</misses>
				<total>0</total>
				<timestamp>5168.606690</timestamp>
			</report>
			<report>
				<misses>785700001</misses>
				<total>0</total>
				<timestamp>5169.264970</timestamp>
			</report>
			<report>
				<misses>785800001</misses>
				<total>0</total>
				<timestamp>5169.924085</timestamp>
			</report>
			<report>
				<misses>785900001</misses>
				<total>0</total>
				<timestamp>5170.582446</timestamp>
			</report>
			<report>
				<misses>786000001</misses>
				<total>0</total>
				<timestamp>5171.241450</timestamp>
			</report>
			<report>
				<misses>786100001</misses>
				<total>0</total>
				<timestamp>5171.900867</timestamp>
			</report>
			<report>
				<misses>786200001</misses>
				<total>0</total>
				<timestamp>5172.559143</timestamp>
			</report>
			<report>
				<misses>786300001</misses>
				<total>0</total>
				<timestamp>5173.216694</timestamp>
			</report>
			<report>
				<misses>786400001</misses>
				<total>0</total>
				<timestamp>5173.873993</timestamp>
			</report>
			<report>
				<misses>786500001</misses>
				<total>0</total>
				<timestamp>5174.532624</timestamp>
			</report>
			<report>
				<misses>786600001</misses>
				<total>0</total>
				<timestamp>5175.190004</timestamp>
			</report>
			<report>
				<misses>786700001</misses>
				<total>0</total>
				<timestamp>5175.847678</timestamp>
			</report>
			<report>
				<misses>786800001</misses>
				<total>0</total>
				<timestamp>5176.505114</timestamp>
			</report>
			<report>
				<misses>786900001</misses>
				<total>0</total>
				<timestamp>5177.162664</timestamp>
			</report>
			<report>
				<misses>787000001</misses>
				<total>0</total>
				<timestamp>5177.819442</timestamp>
			</report>
			<report>
				<misses>787100001</misses>
				<total>0</total>
				<timestamp>5178.478289</timestamp>
			</report>
			<report>
				<misses>787200001</misses>
				<total>0</total>
				<timestamp>5179.136455</timestamp>
			</report>
			<report>
				<misses>787300001</misses>
				<total>0</total>
				<timestamp>5179.794361</timestamp>
			</report>
			<report>
				<misses>787400001</misses>
				<total>0</total>
				<timestamp>5180.451809</timestamp>
			</report>
			<report>
				<misses>787500001</misses>
				<total>0</total>
				<timestamp>5181.109058</timestamp>
			</report>
			<report>
				<misses>787600001</misses>
				<total>0</total>
				<timestamp>5181.767053</timestamp>
			</report>
			<report>
				<misses>787700001</misses>
				<total>0</total>
				<timestamp>5182.425210</timestamp>
			</report>
			<report>
				<misses>787800001</misses>
				<total>0</total>
				<timestamp>5183.083710</timestamp>
			</report>
			<report>
				<misses>787900001</misses>
				<total>0</total>
				<timestamp>5183.741819</timestamp>
			</report>
			<report>
				<misses>788000001</misses>
				<total>0</total>
				<timestamp>5184.398479</timestamp>
			</report>
			<report>
				<misses>788100001</misses>
				<total>0</total>
				<timestamp>5185.056401</timestamp>
			</report>
			<report>
				<misses>788200001</misses>
				<total>0</total>
				<timestamp>5185.713797</timestamp>
			</report>
			<report>
				<misses>788300001</misses>
				<total>0</total>
				<timestamp>5186.371282</timestamp>
			</report>
			<report>
				<misses>788400001</misses>
				<total>0</total>
				<timestamp>5187.028702</timestamp>
			</report>
			<report>
				<misses>788500001</misses>
				<total>0</total>
				<timestamp>5187.686951</timestamp>
			</report>
			<report>
				<misses>788600001</misses>
				<total>0</total>
				<timestamp>5188.344521</timestamp>
			</report>
			<report>
				<misses>788700001</misses>
				<total>0</total>
				<timestamp>5189.003084</timestamp>
			</report>
			<report>
				<misses>788800001</misses>
				<total>0</total>
				<timestamp>5189.662136</timestamp>
			</report>
			<report>
				<misses>788900001</misses>
				<total>0</total>
				<timestamp>5190.320041</timestamp>
			</report>
			<report>
				<misses>789000001</misses>
				<total>0</total>
				<timestamp>5190.978254</timestamp>
			</report>
			<report>
				<misses>789100001</misses>
				<total>0</total>
				<timestamp>5191.636740</timestamp>
			</report>
			<report>
				<misses>789200001</misses>
				<total>0</total>
				<timestamp>5192.296733</timestamp>
			</report>
			<report>
				<misses>789300001</misses>
				<total>0</total>
				<timestamp>5192.955658</timestamp>
			</report>
			<report>
				<misses>789400001</misses>
				<total>0</total>
				<timestamp>5193.614348</timestamp>
			</report>
			<report>
				<misses>789500001</misses>
				<total>0</total>
				<timestamp>5194.273571</timestamp>
			</report>
			<report>
				<misses>789600001</misses>
				<total>0</total>
				<timestamp>5194.932275</timestamp>
			</report>
			<report>
				<misses>789700001</misses>
				<total>0</total>
				<timestamp>5195.590940</timestamp>
			</report>
			<report>
				<misses>789800001</misses>
				<total>0</total>
				<timestamp>5196.249209</timestamp>
			</report>
			<report>
				<misses>789900001</misses>
				<total>0</total>
				<timestamp>5196.906571</timestamp>
			</report>
			<report>
				<misses>790000001</misses>
				<total>0</total>
				<timestamp>5197.565021</timestamp>
			</report>
			<report>
				<misses>790100001</misses>
				<total>0</total>
				<timestamp>5198.222765</timestamp>
			</report>
			<report>
				<misses>790200001</misses>
				<total>0</total>
				<timestamp>5198.880609</timestamp>
			</report>
			<report>
				<misses>790300001</misses>
				<total>0</total>
				<timestamp>5199.537958</timestamp>
			</report>
			<report>
				<misses>790400001</misses>
				<total>0</total>
				<timestamp>5200.195713</timestamp>
			</report>
			<report>
				<misses>790500001</misses>
				<total>0</total>
				<timestamp>5200.853035</timestamp>
			</report>
			<report>
				<misses>790600001</misses>
				<total>0</total>
				<timestamp>5201.511372</timestamp>
			</report>
			<report>
				<misses>790700001</misses>
				<total>0</total>
				<timestamp>5202.167324</timestamp>
			</report>
			<report>
				<misses>790800001</misses>
				<total>0</total>
				<timestamp>5202.825788</timestamp>
			</report>
			<report>
				<misses>790900001</misses>
				<total>0</total>
				<timestamp>5203.483893</timestamp>
			</report>
			<report>
				<misses>791000001</misses>
				<total>0</total>
				<timestamp>5204.142010</timestamp>
			</report>
			<report>
				<misses>791100001</misses>
				<total>0</total>
				<timestamp>5204.799841</timestamp>
			</report>
			<report>
				<misses>791200001</misses>
				<total>0</total>
				<timestamp>5205.457524</timestamp>
			</report>
			<report>
				<misses>791300001</misses>
				<total>0</total>
				<timestamp>5206.113905</timestamp>
			</report>
			<report>
				<misses>791400001</misses>
				<total>0</total>
				<timestamp>5206.771272</timestamp>
			</report>
			<report>
				<misses>791500001</misses>
				<total>0</total>
				<timestamp>5207.429365</timestamp>
			</report>
			<report>
				<misses>791600001</misses>
				<total>0</total>
				<timestamp>5208.086634</timestamp>
			</report>
			<report>
				<misses>791700001</misses>
				<total>0</total>
				<timestamp>5208.744413</timestamp>
			</report>
			<report>
				<misses>791800001</misses>
				<total>0</total>
				<timestamp>5209.402427</timestamp>
			</report>
			<report>
				<misses>791900001</misses>
				<total>0</total>
				<timestamp>5210.060346</timestamp>
			</report>
			<report>
				<misses>792000001</misses>
				<total>0</total>
				<timestamp>5210.719278</timestamp>
			</report>
			<report>
				<misses>792100001</misses>
				<total>0</total>
				<timestamp>5211.377439</timestamp>
			</report>
			<report>
				<misses>792200001</misses>
				<total>0</total>
				<timestamp>5212.034432</timestamp>
			</report>
			<report>
				<misses>792300001</misses>
				<total>0</total>
				<timestamp>5212.690950</timestamp>
			</report>
			<report>
				<misses>792400001</misses>
				<total>0</total>
				<timestamp>5213.349283</timestamp>
			</report>
			<report>
				<misses>792500001</misses>
				<total>0</total>
				<timestamp>5214.007043</timestamp>
			</report>
			<report>
				<misses>792600001</misses>
				<total>0</total>
				<timestamp>5214.665614</timestamp>
			</report>
			<report>
				<misses>792700001</misses>
				<total>0</total>
				<timestamp>5215.323027</timestamp>
			</report>
			<report>
				<misses>792800001</misses>
				<total>0</total>
				<timestamp>5215.981801</timestamp>
			</report>
			<report>
				<misses>792900001</misses>
				<total>0</total>
				<timestamp>5216.640562</timestamp>
			</report>
			<report>
				<misses>793000001</misses>
				<total>0</total>
				<timestamp>5217.299584</timestamp>
			</report>
			<report>
				<misses>793100001</misses>
				<total>0</total>
				<timestamp>5217.959069</timestamp>
			</report>
			<report>
				<misses>793200001</misses>
				<total>0</total>
				<timestamp>5218.618673</timestamp>
			</report>
			<report>
				<misses>793300001</misses>
				<total>0</total>
				<timestamp>5219.277358</timestamp>
			</report>
			<report>
				<misses>793400001</misses>
				<total>0</total>
				<timestamp>5219.935054</timestamp>
			</report>
			<report>
				<misses>793500001</misses>
				<total>0</total>
				<timestamp>5220.593054</timestamp>
			</report>
			<report>
				<misses>793600001</misses>
				<total>0</total>
				<timestamp>5221.250405</timestamp>
			</report>
			<report>
				<misses>793700001</misses>
				<total>0</total>
				<timestamp>5221.907987</timestamp>
			</report>
			<report>
				<misses>793800001</misses>
				<total>0</total>
				<timestamp>5222.564825</timestamp>
			</report>
			<report>
				<misses>793900001</misses>
				<total>0</total>
				<timestamp>5223.223297</timestamp>
			</report>
			<report>
				<misses>794000001</misses>
				<total>0</total>
				<timestamp>5223.880415</timestamp>
			</report>
			<report>
				<misses>794100001</misses>
				<total>0</total>
				<timestamp>5224.537791</timestamp>
			</report>
			<report>
				<misses>794200001</misses>
				<total>0</total>
				<timestamp>5225.195914</timestamp>
			</report>
			<report>
				<misses>794300001</misses>
				<total>0</total>
				<timestamp>5225.852531</timestamp>
			</report>
			<report>
				<misses>794400001</misses>
				<total>0</total>
				<timestamp>5226.509625</timestamp>
			</report>
			<report>
				<misses>794500001</misses>
				<total>0</total>
				<timestamp>5227.168793</timestamp>
			</report>
			<report>
				<misses>794600001</misses>
				<total>0</total>
				<timestamp>5227.826187</timestamp>
			</report>
			<report>
				<misses>794700001</misses>
				<total>0</total>
				<timestamp>5228.484181</timestamp>
			</report>
			<report>
				<misses>794800001</misses>
				<total>0</total>
				<timestamp>5229.142080</timestamp>
			</report>
			<report>
				<misses>794900001</misses>
				<total>0</total>
				<timestamp>5229.800801</timestamp>
			</report>
			<report>
				<misses>795000001</misses>
				<total>0</total>
				<timestamp>5230.459210</timestamp>
			</report>
			<report>
				<misses>795100001</misses>
				<total>0</total>
				<timestamp>5231.117818</timestamp>
			</report>
			<report>
				<misses>795200001</misses>
				<total>0</total>
				<timestamp>5231.775064</timestamp>
			</report>
			<report>
				<misses>795300001</misses>
				<total>0</total>
				<timestamp>5232.433839</timestamp>
			</report>
			<report>
				<misses>795400001</misses>
				<total>0</total>
				<timestamp>5233.092148</timestamp>
			</report>
			<report>
				<misses>795500001</misses>
				<total>0</total>
				<timestamp>5233.751441</timestamp>
			</report>
			<report>
				<misses>795600001</misses>
				<total>0</total>
				<timestamp>5234.410095</timestamp>
			</report>
			<report>
				<misses>795700001</misses>
				<total>0</total>
				<timestamp>5235.069481</timestamp>
			</report>
			<report>
				<misses>795800001</misses>
				<total>0</total>
				<timestamp>5235.728583</timestamp>
			</report>
			<report>
				<misses>795900001</misses>
				<total>0</total>
				<timestamp>5236.386484</timestamp>
			</report>
			<report>
				<misses>796000001</misses>
				<total>0</total>
				<timestamp>5237.044324</timestamp>
			</report>
			<report>
				<misses>796100001</misses>
				<total>0</total>
				<timestamp>5237.702823</timestamp>
			</report>
			<report>
				<misses>796200001</misses>
				<total>0</total>
				<timestamp>5238.361553</timestamp>
			</report>
			<report>
				<misses>796300001</misses>
				<total>0</total>
				<timestamp>5239.019099</timestamp>
			</report>
			<report>
				<misses>796400001</misses>
				<total>0</total>
				<timestamp>5239.677057</timestamp>
			</report>
			<report>
				<misses>796500001</misses>
				<total>0</total>
				<timestamp>5240.335936</timestamp>
			</report>
			<report>
				<misses>796600001</misses>
				<total>0</total>
				<timestamp>5240.995386</timestamp>
			</report>
			<report>
				<misses>796700001</misses>
				<total>0</total>
				<timestamp>5241.654086</timestamp>
			</report>
			<report>
				<misses>796800001</misses>
				<total>0</total>
				<timestamp>5242.313582</timestamp>
			</report>
			<report>
				<misses>796900001</misses>
				<total>0</total>
				<timestamp>5242.974199</timestamp>
			</report>
			<report>
				<misses>797000001</misses>
				<total>0</total>
				<timestamp>5243.632921</timestamp>
			</report>
			<report>
				<misses>797100001</misses>
				<total>0</total>
				<timestamp>5244.291651</timestamp>
			</report>
			<report>
				<misses>797200001</misses>
				<total>0</total>
				<timestamp>5244.949423</timestamp>
			</report>
			<report>
				<misses>797300001</misses>
				<total>0</total>
				<timestamp>5245.606161</timestamp>
			</report>
			<report>
				<misses>797400001</misses>
				<total>0</total>
				<timestamp>5246.263723</timestamp>
			</report>
			<report>
				<misses>797500001</misses>
				<total>0</total>
				<timestamp>5246.923007</timestamp>
			</report>
			<report>
				<misses>797600001</misses>
				<total>0</total>
				<timestamp>5247.581716</timestamp>
			</report>
			<report>
				<misses>797700001</misses>
				<total>0</total>
				<timestamp>5248.239199</timestamp>
			</report>
			<report>
				<misses>797800001</misses>
				<total>0</total>
				<timestamp>5248.896876</timestamp>
			</report>
			<report>
				<misses>797900001</misses>
				<total>0</total>
				<timestamp>5249.555557</timestamp>
			</report>
			<report>
				<misses>798000001</misses>
				<total>0</total>
				<timestamp>5250.212805</timestamp>
			</report>
			<report>
				<misses>798100001</misses>
				<total>0</total>
				<timestamp>5250.870492</timestamp>
			</report>
			<report>
				<misses>798200001</misses>
				<total>0</total>
				<timestamp>5251.526745</timestamp>
			</report>
			<report>
				<misses>798300001</misses>
				<total>0</total>
				<timestamp>5252.185220</timestamp>
			</report>
			<report>
				<misses>798400001</misses>
				<total>0</total>
				<timestamp>5252.842276</timestamp>
			</report>
			<report>
				<misses>798500001</misses>
				<total>0</total>
				<timestamp>5253.498461</timestamp>
			</report>
			<report>
				<misses>798600001</misses>
				<total>0</total>
				<timestamp>5254.155828</timestamp>
			</report>
			<report>
				<misses>798700001</misses>
				<total>0</total>
				<timestamp>5254.813641</timestamp>
			</report>
			<report>
				<misses>798800001</misses>
				<total>0</total>
				<timestamp>5255.472924</timestamp>
			</report>
			<report>
				<misses>798900001</misses>
				<total>0</total>
				<timestamp>5256.130859</timestamp>
			</report>
			<report>
				<misses>799000001</misses>
				<total>0</total>
				<timestamp>5256.788510</timestamp>
			</report>
			<report>
				<misses>799100001</misses>
				<total>0</total>
				<timestamp>5257.447277</timestamp>
			</report>
			<report>
				<misses>799200001</misses>
				<total>0</total>
				<timestamp>5258.105499</timestamp>
			</report>
			<report>
				<misses>799300001</misses>
				<total>0</total>
				<timestamp>5258.762325</timestamp>
			</report>
			<report>
				<misses>799400001</misses>
				<total>0</total>
				<timestamp>5259.419988</timestamp>
			</report>
			<report>
				<misses>799500001</misses>
				<total>0</total>
				<timestamp>5260.077525</timestamp>
			</report>
			<report>
				<misses>799600001</misses>
				<total>0</total>
				<timestamp>5260.734530</timestamp>
			</report>
			<report>
				<misses>799700001</misses>
				<total>0</total>
				<timestamp>5261.392989</timestamp>
			</report>
			<report>
				<misses>799800001</misses>
				<total>0</total>
				<timestamp>5262.049962</timestamp>
			</report>
			<report>
				<misses>799900001</misses>
				<total>0</total>
				<timestamp>5262.707162</timestamp>
			</report>
			<report>
				<misses>800000001</misses>
				<total>0</total>
				<timestamp>5263.364982</timestamp>
			</report>
			<report>
				<misses>800100001</misses>
				<total>0</total>
				<timestamp>5264.023757</timestamp>
			</report>
			<report>
				<misses>800200001</misses>
				<total>0</total>
				<timestamp>5264.681729</timestamp>
			</report>
			<report>
				<misses>800300001</misses>
				<total>0</total>
				<timestamp>5265.341177</timestamp>
			</report>
			<report>
				<misses>800400001</misses>
				<total>0</total>
				<timestamp>5266.000031</timestamp>
			</report>
			<report>
				<misses>800500001</misses>
				<total>0</total>
				<timestamp>5266.658468</timestamp>
			</report>
			<report>
				<misses>800600001</misses>
				<total>0</total>
				<timestamp>5267.317850</timestamp>
			</report>
			<report>
				<misses>800700001</misses>
				<total>0</total>
				<timestamp>5267.977700</timestamp>
			</report>
			<report>
				<misses>800800001</misses>
				<total>0</total>
				<timestamp>5268.637139</timestamp>
			</report>
			<report>
				<misses>800900001</misses>
				<total>0</total>
				<timestamp>5269.296004</timestamp>
			</report>
			<report>
				<misses>801000001</misses>
				<total>0</total>
				<timestamp>5269.953512</timestamp>
			</report>
			<report>
				<misses>801100001</misses>
				<total>0</total>
				<timestamp>5270.609849</timestamp>
			</report>
			<report>
				<misses>801200001</misses>
				<total>0</total>
				<timestamp>5271.266759</timestamp>
			</report>
			<report>
				<misses>801300001</misses>
				<total>0</total>
				<timestamp>5271.923869</timestamp>
			</report>
			<report>
				<misses>801400001</misses>
				<total>0</total>
				<timestamp>5272.581825</timestamp>
			</report>
			<report>
				<misses>801500001</misses>
				<total>0</total>
				<timestamp>5273.238368</timestamp>
			</report>
			<report>
				<misses>801600001</misses>
				<total>0</total>
				<timestamp>5273.896699</timestamp>
			</report>
			<report>
				<misses>801700001</misses>
				<total>0</total>
				<timestamp>5274.554037</timestamp>
			</report>
			<report>
				<misses>801800001</misses>
				<total>0</total>
				<timestamp>5275.211623</timestamp>
			</report>
			<report>
				<misses>801900001</misses>
				<total>0</total>
				<timestamp>5275.869341</timestamp>
			</report>
			<report>
				<misses>802000001</misses>
				<total>0</total>
				<timestamp>5276.526829</timestamp>
			</report>
			<report>
				<misses>802100001</misses>
				<total>0</total>
				<timestamp>5277.183771</timestamp>
			</report>
			<report>
				<misses>802200001</misses>
				<total>0</total>
				<timestamp>5277.840660</timestamp>
			</report>
			<report>
				<misses>802300001</misses>
				<total>0</total>
				<timestamp>5278.499184</timestamp>
			</report>
			<report>
				<misses>802400001</misses>
				<total>0</total>
				<timestamp>5279.156450</timestamp>
			</report>
			<report>
				<misses>802500001</misses>
				<total>0</total>
				<timestamp>5279.814038</timestamp>
			</report>
			<report>
				<misses>802600001</misses>
				<total>0</total>
				<timestamp>5280.471670</timestamp>
			</report>
			<report>
				<misses>802700001</misses>
				<total>0</total>
				<timestamp>5281.128565</timestamp>
			</report>
			<report>
				<misses>802800001</misses>
				<total>0</total>
				<timestamp>5281.785220</timestamp>
			</report>
			<report>
				<misses>802900001</misses>
				<total>0</total>
				<timestamp>5282.443356</timestamp>
			</report>
			<report>
				<misses>803000001</misses>
				<total>0</total>
				<timestamp>5283.101379</timestamp>
			</report>
			<report>
				<misses>803100001</misses>
				<total>0</total>
				<timestamp>5283.759204</timestamp>
			</report>
			<report>
				<misses>803200001</misses>
				<total>0</total>
				<timestamp>5284.416665</timestamp>
			</report>
			<report>
				<misses>803300001</misses>
				<total>0</total>
				<timestamp>5285.073372</timestamp>
			</report>
			<report>
				<misses>803400001</misses>
				<total>0</total>
				<timestamp>5285.731719</timestamp>
			</report>
			<report>
				<misses>803500001</misses>
				<total>0</total>
				<timestamp>5286.388647</timestamp>
			</report>
			<report>
				<misses>803600001</misses>
				<total>0</total>
				<timestamp>5287.046366</timestamp>
			</report>
			<report>
				<misses>803700001</misses>
				<total>0</total>
				<timestamp>5287.705576</timestamp>
			</report>
			<report>
				<misses>803800001</misses>
				<total>0</total>
				<timestamp>5288.364228</timestamp>
			</report>
			<report>
				<misses>803900001</misses>
				<total>0</total>
				<timestamp>5289.023507</timestamp>
			</report>
			<report>
				<misses>804000001</misses>
				<total>0</total>
				<timestamp>5289.680533</timestamp>
			</report>
			<report>
				<misses>804100001</misses>
				<total>0</total>
				<timestamp>5290.339098</timestamp>
			</report>
			<report>
				<misses>804200001</misses>
				<total>0</total>
				<timestamp>5290.998274</timestamp>
			</report>
			<report>
				<misses>804300001</misses>
				<total>0</total>
				<timestamp>5291.656097</timestamp>
			</report>
			<report>
				<misses>804400001</misses>
				<total>0</total>
				<timestamp>5292.314572</timestamp>
			</report>
			<report>
				<misses>804500001</misses>
				<total>0</total>
				<timestamp>5292.972915</timestamp>
			</report>
			<report>
				<misses>804600001</misses>
				<total>0</total>
				<timestamp>5293.628876</timestamp>
			</report>
			<report>
				<misses>804700001</misses>
				<total>0</total>
				<timestamp>5294.285814</timestamp>
			</report>
			<report>
				<misses>804800001</misses>
				<total>0</total>
				<timestamp>5294.943296</timestamp>
			</report>
			<report>
				<misses>804900001</misses>
				<total>0</total>
				<timestamp>5295.602017</timestamp>
			</report>
			<report>
				<misses>805000001</misses>
				<total>0</total>
				<timestamp>5296.258792</timestamp>
			</report>
			<report>
				<misses>805100001</misses>
				<total>0</total>
				<timestamp>5296.917002</timestamp>
			</report>
			<report>
				<misses>805200001</misses>
				<total>0</total>
				<timestamp>5297.573361</timestamp>
			</report>
			<report>
				<misses>805300001</misses>
				<total>0</total>
				<timestamp>5298.231074</timestamp>
			</report>
			<report>
				<misses>805400001</misses>
				<total>0</total>
				<timestamp>5298.889667</timestamp>
			</report>
			<report>
				<misses>805500001</misses>
				<total>0</total>
				<timestamp>5299.546698</timestamp>
			</report>
			<report>
				<misses>805600001</misses>
				<total>0</total>
				<timestamp>5300.204751</timestamp>
			</report>
			<report>
				<misses>805700001</misses>
				<total>0</total>
				<timestamp>5300.863419</timestamp>
			</report>
			<report>
				<misses>805800001</misses>
				<total>0</total>
				<timestamp>5301.521932</timestamp>
			</report>
			<report>
				<misses>805900001</misses>
				<total>0</total>
				<timestamp>5302.179836</timestamp>
			</report>
			<report>
				<misses>806000001</misses>
				<total>0</total>
				<timestamp>5302.837474</timestamp>
			</report>
			<report>
				<misses>806100001</misses>
				<total>0</total>
				<timestamp>5303.494208</timestamp>
			</report>
			<report>
				<misses>806200001</misses>
				<total>0</total>
				<timestamp>5304.152213</timestamp>
			</report>
			<report>
				<misses>806300001</misses>
				<total>0</total>
				<timestamp>5304.807472</timestamp>
			</report>
			<report>
				<misses>806400001</misses>
				<total>0</total>
				<timestamp>5305.464232</timestamp>
			</report>
			<report>
				<misses>806500001</misses>
				<total>0</total>
				<timestamp>5306.121275</timestamp>
			</report>
			<report>
				<misses>806600001</misses>
				<total>0</total>
				<timestamp>5306.778357</timestamp>
			</report>
			<report>
				<misses>806700001</misses>
				<total>0</total>
				<timestamp>5307.436793</timestamp>
			</report>
			<report>
				<misses>806800001</misses>
				<total>0</total>
				<timestamp>5308.092978</timestamp>
			</report>
			<report>
				<misses>806900001</misses>
				<total>0</total>
				<timestamp>5308.749842</timestamp>
			</report>
			<report>
				<misses>807000001</misses>
				<total>0</total>
				<timestamp>5309.405682</timestamp>
			</report>
			<report>
				<misses>807100001</misses>
				<total>0</total>
				<timestamp>5310.063297</timestamp>
			</report>
			<report>
				<misses>807200001</misses>
				<total>0</total>
				<timestamp>5310.720039</timestamp>
			</report>
			<report>
				<misses>807300001</misses>
				<total>0</total>
				<timestamp>5311.378097</timestamp>
			</report>
			<report>
				<misses>807400001</misses>
				<total>0</total>
				<timestamp>5312.036037</timestamp>
			</report>
			<report>
				<misses>807500001</misses>
				<total>0</total>
				<timestamp>5312.695070</timestamp>
			</report>
			<report>
				<misses>807600001</misses>
				<total>0</total>
				<timestamp>5313.352979</timestamp>
			</report>
			<report>
				<misses>807700001</misses>
				<total>0</total>
				<timestamp>5314.010963</timestamp>
			</report>
			<report>
				<misses>807800001</misses>
				<total>0</total>
				<timestamp>5314.671058</timestamp>
			</report>
			<report>
				<misses>807900001</misses>
				<total>0</total>
				<timestamp>5315.330348</timestamp>
			</report>
			<report>
				<misses>808000001</misses>
				<total>0</total>
				<timestamp>5315.989613</timestamp>
			</report>
			<report>
				<misses>808100001</misses>
				<total>0</total>
				<timestamp>5316.647829</timestamp>
			</report>
			<report>
				<misses>808200001</misses>
				<total>0</total>
				<timestamp>5317.305255</timestamp>
			</report>
			<report>
				<misses>808300001</misses>
				<total>0</total>
				<timestamp>5317.962708</timestamp>
			</report>
			<report>
				<misses>808400001</misses>
				<total>0</total>
				<timestamp>5318.620167</timestamp>
			</report>
			<report>
				<misses>808500001</misses>
				<total>0</total>
				<timestamp>5319.277182</timestamp>
			</report>
			<report>
				<misses>808600001</misses>
				<total>0</total>
				<timestamp>5319.934693</timestamp>
			</report>
			<report>
				<misses>808700001</misses>
				<total>0</total>
				<timestamp>5320.592604</timestamp>
			</report>
			<report>
				<misses>808800001</misses>
				<total>0</total>
				<timestamp>5321.249548</timestamp>
			</report>
			<report>
				<misses>808900001</misses>
				<total>0</total>
				<timestamp>5321.907228</timestamp>
			</report>
			<report>
				<misses>809000001</misses>
				<total>0</total>
				<timestamp>5322.565884</timestamp>
			</report>
			<report>
				<misses>809100001</misses>
				<total>0</total>
				<timestamp>5323.223731</timestamp>
			</report>
			<report>
				<misses>809200001</misses>
				<total>0</total>
				<timestamp>5323.880068</timestamp>
			</report>
			<report>
				<misses>809300001</misses>
				<total>0</total>
				<timestamp>5324.536894</timestamp>
			</report>
			<report>
				<misses>809400001</misses>
				<total>0</total>
				<timestamp>5325.195345</timestamp>
			</report>
			<report>
				<misses>809500001</misses>
				<total>0</total>
				<timestamp>5325.852628</timestamp>
			</report>
			<report>
				<misses>809600001</misses>
				<total>0</total>
				<timestamp>5326.509672</timestamp>
			</report>
			<report>
				<misses>809700001</misses>
				<total>0</total>
				<timestamp>5327.167796</timestamp>
			</report>
			<report>
				<misses>809800001</misses>
				<total>0</total>
				<timestamp>5327.826475</timestamp>
			</report>
			<report>
				<misses>809900001</misses>
				<total>0</total>
				<timestamp>5328.482941</timestamp>
			</report>
			<report>
				<misses>810000001</misses>
				<total>0</total>
				<timestamp>5329.140558</timestamp>
			</report>
			<report>
				<misses>810100001</misses>
				<total>0</total>
				<timestamp>5329.798223</timestamp>
			</report>
			<report>
				<misses>810200001</misses>
				<total>0</total>
				<timestamp>5330.455600</timestamp>
			</report>
			<report>
				<misses>810300001</misses>
				<total>0</total>
				<timestamp>5331.113454</timestamp>
			</report>
			<report>
				<misses>810400001</misses>
				<total>0</total>
				<timestamp>5331.771176</timestamp>
			</report>
			<report>
				<misses>810500001</misses>
				<total>0</total>
				<timestamp>5332.430393</timestamp>
			</report>
			<report>
				<misses>810600001</misses>
				<total>0</total>
				<timestamp>5333.087442</timestamp>
			</report>
			<report>
				<misses>810700001</misses>
				<total>0</total>
				<timestamp>5333.745280</timestamp>
			</report>
			<report>
				<misses>810800001</misses>
				<total>0</total>
				<timestamp>5334.403068</timestamp>
			</report>
			<report>
				<misses>810900001</misses>
				<total>0</total>
				<timestamp>5335.059604</timestamp>
			</report>
			<report>
				<misses>811000001</misses>
				<total>0</total>
				<timestamp>5335.718310</timestamp>
			</report>
			<report>
				<misses>811100001</misses>
				<total>0</total>
				<timestamp>5336.376403</timestamp>
			</report>
			<report>
				<misses>811200001</misses>
				<total>0</total>
				<timestamp>5337.034997</timestamp>
			</report>
			<report>
				<misses>811300001</misses>
				<total>0</total>
				<timestamp>5337.693641</timestamp>
			</report>
			<report>
				<misses>811400001</misses>
				<total>0</total>
				<timestamp>5338.353243</timestamp>
			</report>
			<report>
				<misses>811500001</misses>
				<total>0</total>
				<timestamp>5339.013043</timestamp>
			</report>
			<report>
				<misses>811600001</misses>
				<total>0</total>
				<timestamp>5339.671250</timestamp>
			</report>
			<report>
				<misses>811700001</misses>
				<total>0</total>
				<timestamp>5340.328438</timestamp>
			</report>
			<report>
				<misses>811800001</misses>
				<total>0</total>
				<timestamp>5340.985899</timestamp>
			</report>
			<report>
				<misses>811900001</misses>
				<total>0</total>
				<timestamp>5341.645109</timestamp>
			</report>
			<report>
				<misses>812000001</misses>
				<total>0</total>
				<timestamp>5342.304125</timestamp>
			</report>
			<report>
				<misses>812100001</misses>
				<total>0</total>
				<timestamp>5342.962549</timestamp>
			</report>
			<report>
				<misses>812200001</misses>
				<total>0</total>
				<timestamp>5343.619299</timestamp>
			</report>
			<report>
				<misses>812300001</misses>
				<total>0</total>
				<timestamp>5344.277698</timestamp>
			</report>
			<report>
				<misses>812400001</misses>
				<total>0</total>
				<timestamp>5344.934183</timestamp>
			</report>
			<report>
				<misses>812500001</misses>
				<total>0</total>
				<timestamp>5345.592654</timestamp>
			</report>
			<report>
				<misses>812600001</misses>
				<total>0</total>
				<timestamp>5346.251044</timestamp>
			</report>
			<report>
				<misses>812700001</misses>
				<total>0</total>
				<timestamp>5346.909663</timestamp>
			</report>
			<report>
				<misses>812800001</misses>
				<total>0</total>
				<timestamp>5347.567503</timestamp>
			</report>
			<report>
				<misses>812900001</misses>
				<total>0</total>
				<timestamp>5348.224345</timestamp>
			</report>
			<report>
				<misses>813000001</misses>
				<total>0</total>
				<timestamp>5348.882298</timestamp>
			</report>
			<report>
				<misses>813100001</misses>
				<total>0</total>
				<timestamp>5349.539433</timestamp>
			</report>
			<report>
				<misses>813200001</misses>
				<total>0</total>
				<timestamp>5350.198025</timestamp>
			</report>
			<report>
				<misses>813300001</misses>
				<total>0</total>
				<timestamp>5350.856409</timestamp>
			</report>
			<report>
				<misses>813400001</misses>
				<total>0</total>
				<timestamp>5351.513184</timestamp>
			</report>
			<report>
				<misses>813500001</misses>
				<total>0</total>
				<timestamp>5352.170084</timestamp>
			</report>
			<report>
				<misses>813600001</misses>
				<total>0</total>
				<timestamp>5352.827843</timestamp>
			</report>
			<report>
				<misses>813700001</misses>
				<total>0</total>
				<timestamp>5353.485803</timestamp>
			</report>
			<report>
				<misses>813800001</misses>
				<total>0</total>
				<timestamp>5354.143923</timestamp>
			</report>
			<report>
				<misses>813900001</misses>
				<total>0</total>
				<timestamp>5354.802029</timestamp>
			</report>
			<report>
				<misses>814000001</misses>
				<total>0</total>
				<timestamp>5355.460186</timestamp>
			</report>
			<report>
				<misses>814100001</misses>
				<total>0</total>
				<timestamp>5356.117841</timestamp>
			</report>
			<report>
				<misses>814200001</misses>
				<total>0</total>
				<timestamp>5356.776513</timestamp>
			</report>
			<report>
				<misses>814300001</misses>
				<total>0</total>
				<timestamp>5357.435117</timestamp>
			</report>
			<report>
				<misses>814400001</misses>
				<total>0</total>
				<timestamp>5358.090598</timestamp>
			</report>
			<report>
				<misses>814500001</misses>
				<total>0</total>
				<timestamp>5358.747135</timestamp>
			</report>
			<report>
				<misses>814600001</misses>
				<total>0</total>
				<timestamp>5359.403214</timestamp>
			</report>
			<report>
				<misses>814700001</misses>
				<total>0</total>
				<timestamp>5360.059826</timestamp>
			</report>
			<report>
				<misses>814800001</misses>
				<total>0</total>
				<timestamp>5360.718945</timestamp>
			</report>
			<report>
				<misses>814900001</misses>
				<total>0</total>
				<timestamp>5361.377241</timestamp>
			</report>
			<report>
				<misses>815000001</misses>
				<total>0</total>
				<timestamp>5362.035545</timestamp>
			</report>
			<report>
				<misses>815100001</misses>
				<total>0</total>
				<timestamp>5362.694988</timestamp>
			</report>
			<report>
				<misses>815200001</misses>
				<total>0</total>
				<timestamp>5363.353240</timestamp>
			</report>
			<report>
				<misses>815300001</misses>
				<total>0</total>
				<timestamp>5364.011535</timestamp>
			</report>
			<report>
				<misses>815400001</misses>
				<total>0</total>
				<timestamp>5364.671362</timestamp>
			</report>
			<report>
				<misses>815500001</misses>
				<total>0</total>
				<timestamp>5365.329622</timestamp>
			</report>
			<report>
				<misses>815600001</misses>
				<total>0</total>
				<timestamp>5365.989009</timestamp>
			</report>
			<report>
				<misses>815700001</misses>
				<total>0</total>
				<timestamp>5366.648319</timestamp>
			</report>
			<report>
				<misses>815800001</misses>
				<total>0</total>
				<timestamp>5367.305821</timestamp>
			</report>
			<report>
				<misses>815900001</misses>
				<total>0</total>
				<timestamp>5367.963588</timestamp>
			</report>
			<report>
				<misses>816000001</misses>
				<total>0</total>
				<timestamp>5368.621150</timestamp>
			</report>
			<report>
				<misses>816100001</misses>
				<total>0</total>
				<timestamp>5369.279051</timestamp>
			</report>
			<report>
				<misses>816200001</misses>
				<total>0</total>
				<timestamp>5369.936709</timestamp>
			</report>
			<report>
				<misses>816300001</misses>
				<total>0</total>
				<timestamp>5370.594390</timestamp>
			</report>
			<report>
				<misses>816400001</misses>
				<total>0</total>
				<timestamp>5371.252709</timestamp>
			</report>
			<report>
				<misses>816500001</misses>
				<total>0</total>
				<timestamp>5371.910936</timestamp>
			</report>
			<report>
				<misses>816600001</misses>
				<total>0</total>
				<timestamp>5372.568630</timestamp>
			</report>
			<report>
				<misses>816700001</misses>
				<total>0</total>
				<timestamp>5373.226321</timestamp>
			</report>
			<report>
				<misses>816800001</misses>
				<total>0</total>
				<timestamp>5373.884932</timestamp>
			</report>
			<report>
				<misses>816900001</misses>
				<total>0</total>
				<timestamp>5374.542913</timestamp>
			</report>
			<report>
				<misses>817000001</misses>
				<total>0</total>
				<timestamp>5375.202527</timestamp>
			</report>
			<report>
				<misses>817100001</misses>
				<total>0</total>
				<timestamp>5375.859653</timestamp>
			</report>
			<report>
				<misses>817200001</misses>
				<total>0</total>
				<timestamp>5376.518888</timestamp>
			</report>
			<report>
				<misses>817300001</misses>
				<total>0</total>
				<timestamp>5377.176776</timestamp>
			</report>
			<report>
				<misses>817400001</misses>
				<total>0</total>
				<timestamp>5377.834897</timestamp>
			</report>
			<report>
				<misses>817500001</misses>
				<total>0</total>
				<timestamp>5378.492247</timestamp>
			</report>
			<report>
				<misses>817600001</misses>
				<total>0</total>
				<timestamp>5379.149684</timestamp>
			</report>
			<report>
				<misses>817700001</misses>
				<total>0</total>
				<timestamp>5379.807685</timestamp>
			</report>
			<report>
				<misses>817800001</misses>
				<total>0</total>
				<timestamp>5380.465705</timestamp>
			</report>
			<report>
				<misses>817900001</misses>
				<total>0</total>
				<timestamp>5381.123744</timestamp>
			</report>
			<report>
				<misses>818000001</misses>
				<total>0</total>
				<timestamp>5381.782682</timestamp>
			</report>
			<report>
				<misses>818100001</misses>
				<total>0</total>
				<timestamp>5382.440907</timestamp>
			</report>
			<report>
				<misses>818200001</misses>
				<total>0</total>
				<timestamp>5383.098736</timestamp>
			</report>
			<report>
				<misses>818300001</misses>
				<total>0</total>
				<timestamp>5383.757045</timestamp>
			</report>
			<report>
				<misses>818400001</misses>
				<total>0</total>
				<timestamp>5384.416359</timestamp>
			</report>
			<report>
				<misses>818500001</misses>
				<total>0</total>
				<timestamp>5385.076869</timestamp>
			</report>
			<report>
				<misses>818600001</misses>
				<total>0</total>
				<timestamp>5385.735477</timestamp>
			</report>
			<report>
				<misses>818700001</misses>
				<total>0</total>
				<timestamp>5386.395082</timestamp>
			</report>
			<report>
				<misses>818800001</misses>
				<total>0</total>
				<timestamp>5387.054644</timestamp>
			</report>
			<report>
				<misses>818900001</misses>
				<total>0</total>
				<timestamp>5387.714720</timestamp>
			</report>
			<report>
				<misses>819000001</misses>
				<total>0</total>
				<timestamp>5388.373674</timestamp>
			</report>
			<report>
				<misses>819100001</misses>
				<total>0</total>
				<timestamp>5389.031514</timestamp>
			</report>
			<report>
				<misses>819200001</misses>
				<total>0</total>
				<timestamp>5389.689420</timestamp>
			</report>
			<report>
				<misses>819300001</misses>
				<total>0</total>
				<timestamp>5390.346491</timestamp>
			</report>
			<report>
				<misses>819400001</misses>
				<total>0</total>
				<timestamp>5391.003237</timestamp>
			</report>
			<report>
				<misses>819500001</misses>
				<total>0</total>
				<timestamp>5391.660562</timestamp>
			</report>
			<report>
				<misses>819600001</misses>
				<total>0</total>
				<timestamp>5392.318007</timestamp>
			</report>
			<report>
				<misses>819700001</misses>
				<total>0</total>
				<timestamp>5392.974621</timestamp>
			</report>
			<report>
				<misses>819800001</misses>
				<total>0</total>
				<timestamp>5393.632467</timestamp>
			</report>
			<report>
				<misses>819900001</misses>
				<total>0</total>
				<timestamp>5394.290465</timestamp>
			</report>
			<report>
				<misses>820000001</misses>
				<total>0</total>
				<timestamp>5394.948351</timestamp>
			</report>
			<report>
				<misses>820100001</misses>
				<total>0</total>
				<timestamp>5395.606260</timestamp>
			</report>
			<report>
				<misses>820200001</misses>
				<total>0</total>
				<timestamp>5396.264769</timestamp>
			</report>
			<report>
				<misses>820300001</misses>
				<total>0</total>
				<timestamp>5396.920853</timestamp>
			</report>
			<report>
				<misses>820400001</misses>
				<total>0</total>
				<timestamp>5397.579202</timestamp>
			</report>
			<report>
				<misses>820500001</misses>
				<total>0</total>
				<timestamp>5398.236764</timestamp>
			</report>
			<report>
				<misses>820600001</misses>
				<total>0</total>
				<timestamp>5398.893736</timestamp>
			</report>
			<report>
				<misses>820700001</misses>
				<total>0</total>
				<timestamp>5399.552145</timestamp>
			</report>
			<report>
				<misses>820800001</misses>
				<total>0</total>
				<timestamp>5400.209465</timestamp>
			</report>
			<report>
				<misses>820900001</misses>
				<total>0</total>
				<timestamp>5400.868515</timestamp>
			</report>
			<report>
				<misses>821000001</misses>
				<total>0</total>
				<timestamp>5401.526260</timestamp>
			</report>
			<report>
				<misses>821100001</misses>
				<total>0</total>
				<timestamp>5402.184088</timestamp>
			</report>
			<report>
				<misses>821200001</misses>
				<total>0</total>
				<timestamp>5402.841940</timestamp>
			</report>
			<report>
				<misses>821300001</misses>
				<total>0</total>
				<timestamp>5403.499731</timestamp>
			</report>
			<report>
				<misses>821400001</misses>
				<total>0</total>
				<timestamp>5404.157511</timestamp>
			</report>
			<report>
				<misses>821500001</misses>
				<total>0</total>
				<timestamp>5404.814397</timestamp>
			</report>
			<report>
				<misses>821600001</misses>
				<total>0</total>
				<timestamp>5405.473065</timestamp>
			</report>
			<report>
				<misses>821700001</misses>
				<total>0</total>
				<timestamp>5406.131117</timestamp>
			</report>
			<report>
				<misses>821800001</misses>
				<total>0</total>
				<timestamp>5406.788513</timestamp>
			</report>
			<report>
				<misses>821900001</misses>
				<total>0</total>
				<timestamp>5407.446566</timestamp>
			</report>
			<report>
				<misses>822000001</misses>
				<total>0</total>
				<timestamp>5408.104689</timestamp>
			</report>
			<report>
				<misses>822100001</misses>
				<total>0</total>
				<timestamp>5408.763793</timestamp>
			</report>
			<report>
				<misses>822200001</misses>
				<total>0</total>
				<timestamp>5409.424012</timestamp>
			</report>
			<report>
				<misses>822300001</misses>
				<total>0</total>
				<timestamp>5410.083269</timestamp>
			</report>
			<report>
				<misses>822400001</misses>
				<total>0</total>
				<timestamp>5410.741296</timestamp>
			</report>
			<report>
				<misses>822500001</misses>
				<total>0</total>
				<timestamp>5411.400777</timestamp>
			</report>
			<report>
				<misses>822600001</misses>
				<total>0</total>
				<timestamp>5412.059742</timestamp>
			</report>
			<report>
				<misses>822700001</misses>
				<total>0</total>
				<timestamp>5412.719763</timestamp>
			</report>
			<report>
				<misses>822800001</misses>
				<total>0</total>
				<timestamp>5413.378410</timestamp>
			</report>
			<report>
				<misses>822900001</misses>
				<total>0</total>
				<timestamp>5414.036452</timestamp>
			</report>
			<report>
				<misses>823000001</misses>
				<total>0</total>
				<timestamp>5414.692900</timestamp>
			</report>
			<report>
				<misses>823100001</misses>
				<total>0</total>
				<timestamp>5415.348655</timestamp>
			</report>
			<report>
				<misses>823200001</misses>
				<total>0</total>
				<timestamp>5416.006757</timestamp>
			</report>
			<report>
				<misses>823300001</misses>
				<total>0</total>
				<timestamp>5416.665020</timestamp>
			</report>
			<report>
				<misses>823400001</misses>
				<total>0</total>
				<timestamp>5417.323012</timestamp>
			</report>
			<report>
				<misses>823500001</misses>
				<total>0</total>
				<timestamp>5417.981088</timestamp>
			</report>
			<report>
				<misses>823600001</misses>
				<total>0</total>
				<timestamp>5418.638483</timestamp>
			</report>
			<report>
				<misses>823700001</misses>
				<total>0</total>
				<timestamp>5419.296619</timestamp>
			</report>
			<report>
				<misses>823800001</misses>
				<total>0</total>
				<timestamp>5419.953894</timestamp>
			</report>
			<report>
				<misses>823900001</misses>
				<total>0</total>
				<timestamp>5420.610768</timestamp>
			</report>
			<report>
				<misses>824000001</misses>
				<total>0</total>
				<timestamp>5421.269451</timestamp>
			</report>
			<report>
				<misses>824100001</misses>
				<total>0</total>
				<timestamp>5421.926457</timestamp>
			</report>
			<report>
				<misses>824200001</misses>
				<total>0</total>
				<timestamp>5422.583552</timestamp>
			</report>
			<report>
				<misses>824300001</misses>
				<total>0</total>
				<timestamp>5423.241200</timestamp>
			</report>
			<report>
				<misses>824400001</misses>
				<total>0</total>
				<timestamp>5423.898964</timestamp>
			</report>
			<report>
				<misses>824500001</misses>
				<total>0</total>
				<timestamp>5424.556484</timestamp>
			</report>
			<report>
				<misses>824600001</misses>
				<total>0</total>
				<timestamp>5425.213895</timestamp>
			</report>
			<report>
				<misses>824700001</misses>
				<total>0</total>
				<timestamp>5425.871519</timestamp>
			</report>
			<report>
				<misses>824800001</misses>
				<total>0</total>
				<timestamp>5426.529977</timestamp>
			</report>
			<report>
				<misses>824900001</misses>
				<total>0</total>
				<timestamp>5427.186623</timestamp>
			</report>
			<report>
				<misses>825000001</misses>
				<total>0</total>
				<timestamp>5427.843790</timestamp>
			</report>
			<report>
				<misses>825100001</misses>
				<total>0</total>
				<timestamp>5428.501519</timestamp>
			</report>
			<report>
				<misses>825200001</misses>
				<total>0</total>
				<timestamp>5429.155645</timestamp>
			</report>
			<report>
				<misses>825300001</misses>
				<total>0</total>
				<timestamp>5429.813956</timestamp>
			</report>
			<report>
				<misses>825400001</misses>
				<total>0</total>
				<timestamp>5430.472497</timestamp>
			</report>
			<report>
				<misses>825500001</misses>
				<total>0</total>
				<timestamp>5431.128434</timestamp>
			</report>
			<report>
				<misses>825600001</misses>
				<total>0</total>
				<timestamp>5431.785871</timestamp>
			</report>
			<report>
				<misses>825700001</misses>
				<total>0</total>
				<timestamp>5432.444015</timestamp>
			</report>
			<report>
				<misses>825800001</misses>
				<total>0</total>
				<timestamp>5433.102964</timestamp>
			</report>
			<report>
				<misses>825900001</misses>
				<total>0</total>
				<timestamp>5433.761453</timestamp>
			</report>
			<report>
				<misses>826000001</misses>
				<total>0</total>
				<timestamp>5434.420538</timestamp>
			</report>
			<report>
				<misses>826100001</misses>
				<total>0</total>
				<timestamp>5435.078572</timestamp>
			</report>
			<report>
				<misses>826200001</misses>
				<total>0</total>
				<timestamp>5435.736406</timestamp>
			</report>
			<report>
				<misses>826300001</misses>
				<total>0</total>
				<timestamp>5436.396321</timestamp>
			</report>
			<report>
				<misses>826400001</misses>
				<total>0</total>
				<timestamp>5437.054706</timestamp>
			</report>
			<report>
				<misses>826500001</misses>
				<total>0</total>
				<timestamp>5437.709424</timestamp>
			</report>
			<report>
				<misses>826600001</misses>
				<total>0</total>
				<timestamp>5438.364911</timestamp>
			</report>
			<report>
				<misses>826700001</misses>
				<total>0</total>
				<timestamp>5439.023272</timestamp>
			</report>
			<report>
				<misses>826800001</misses>
				<total>0</total>
				<timestamp>5439.680882</timestamp>
			</report>
			<report>
				<misses>826900001</misses>
				<total>0</total>
				<timestamp>5440.338407</timestamp>
			</report>
			<report>
				<misses>827000001</misses>
				<total>0</total>
				<timestamp>5440.996053</timestamp>
			</report>
			<report>
				<misses>827100001</misses>
				<total>0</total>
				<timestamp>5441.653477</timestamp>
			</report>
			<report>
				<misses>827200001</misses>
				<total>0</total>
				<timestamp>5442.310379</timestamp>
			</report>
			<report>
				<misses>827300001</misses>
				<total>0</total>
				<timestamp>5442.968051</timestamp>
			</report>
			<report>
				<misses>827400001</misses>
				<total>0</total>
				<timestamp>5443.624459</timestamp>
			</report>
			<report>
				<misses>827500001</misses>
				<total>0</total>
				<timestamp>5444.282423</timestamp>
			</report>
			<report>
				<misses>827600001</misses>
				<total>0</total>
				<timestamp>5444.940541</timestamp>
			</report>
			<report>
				<misses>827700001</misses>
				<total>0</total>
				<timestamp>5445.597528</timestamp>
			</report>
			<report>
				<misses>827800001</misses>
				<total>0</total>
				<timestamp>5446.255248</timestamp>
			</report>
			<report>
				<misses>827900001</misses>
				<total>0</total>
				<timestamp>5446.911913</timestamp>
			</report>
			<report>
				<misses>828000001</misses>
				<total>0</total>
				<timestamp>5447.567994</timestamp>
			</report>
			<report>
				<misses>828100001</misses>
				<total>0</total>
				<timestamp>5448.225838</timestamp>
			</report>
			<report>
				<misses>828200001</misses>
				<total>0</total>
				<timestamp>5448.882466</timestamp>
			</report>
			<report>
				<misses>828300001</misses>
				<total>0</total>
				<timestamp>5449.539106</timestamp>
			</report>
			<report>
				<misses>828400001</misses>
				<total>0</total>
				<timestamp>5450.196513</timestamp>
			</report>
			<report>
				<misses>828500001</misses>
				<total>0</total>
				<timestamp>5450.854470</timestamp>
			</report>
			<report>
				<misses>828600001</misses>
				<total>0</total>
				<timestamp>5451.512395</timestamp>
			</report>
			<report>
				<misses>828700001</misses>
				<total>0</total>
				<timestamp>5452.170794</timestamp>
			</report>
			<report>
				<misses>828800001</misses>
				<total>0</total>
				<timestamp>5452.827120</timestamp>
			</report>
			<report>
				<misses>828900001</misses>
				<total>0</total>
				<timestamp>5453.484034</timestamp>
			</report>
			<report>
				<misses>829000001</misses>
				<total>0</total>
				<timestamp>5454.140586</timestamp>
			</report>
			<report>
				<misses>829100001</misses>
				<total>0</total>
				<timestamp>5454.797794</timestamp>
			</report>
			<report>
				<misses>829200001</misses>
				<total>0</total>
				<timestamp>5455.455237</timestamp>
			</report>
			<report>
				<misses>829300001</misses>
				<total>0</total>
				<timestamp>5456.113544</timestamp>
			</report>
			<report>
				<misses>829400001</misses>
				<total>0</total>
				<timestamp>5456.771368</timestamp>
			</report>
			<report>
				<misses>829500001</misses>
				<total>0</total>
				<timestamp>5457.431030</timestamp>
			</report>
			<report>
				<misses>829600001</misses>
				<total>0</total>
				<timestamp>5458.088753</timestamp>
			</report>
			<report>
				<misses>829700001</misses>
				<total>0</total>
				<timestamp>5458.747288</timestamp>
			</report>
			<report>
				<misses>829800001</misses>
				<total>0</total>
				<timestamp>5459.406199</timestamp>
			</report>
			<report>
				<misses>829900001</misses>
				<total>0</total>
				<timestamp>5460.064330</timestamp>
			</report>
			<report>
				<misses>830000001</misses>
				<total>0</total>
				<timestamp>5460.722175</timestamp>
			</report>
			<report>
				<misses>830100001</misses>
				<total>0</total>
				<timestamp>5461.381408</timestamp>
			</report>
			<report>
				<misses>830200001</misses>
				<total>0</total>
				<timestamp>5462.036464</timestamp>
			</report>
			<report>
				<misses>830300001</misses>
				<total>0</total>
				<timestamp>5462.693785</timestamp>
			</report>
			<report>
				<misses>830400001</misses>
				<total>0</total>
				<timestamp>5463.351233</timestamp>
			</report>
			<report>
				<misses>830500001</misses>
				<total>0</total>
				<timestamp>5464.009416</timestamp>
			</report>
			<report>
				<misses>830600001</misses>
				<total>0</total>
				<timestamp>5464.668041</timestamp>
			</report>
			<report>
				<misses>830700001</misses>
				<total>0</total>
				<timestamp>5465.326216</timestamp>
			</report>
			<report>
				<misses>830800001</misses>
				<total>0</total>
				<timestamp>5465.983756</timestamp>
			</report>
			<report>
				<misses>830900001</misses>
				<total>0</total>
				<timestamp>5466.642028</timestamp>
			</report>
			<report>
				<misses>831000001</misses>
				<total>0</total>
				<timestamp>5467.300755</timestamp>
			</report>
			<report>
				<misses>831100001</misses>
				<total>0</total>
				<timestamp>5467.958801</timestamp>
			</report>
			<report>
				<misses>831200001</misses>
				<total>0</total>
				<timestamp>5468.615283</timestamp>
			</report>
			<report>
				<misses>831300001</misses>
				<total>0</total>
				<timestamp>5469.274262</timestamp>
			</report>
			<report>
				<misses>831400001</misses>
				<total>0</total>
				<timestamp>5469.932806</timestamp>
			</report>
			<report>
				<misses>831500001</misses>
				<total>0</total>
				<timestamp>5470.589967</timestamp>
			</report>
			<report>
				<misses>831600001</misses>
				<total>0</total>
				<timestamp>5471.247547</timestamp>
			</report>
			<report>
				<misses>831700001</misses>
				<total>0</total>
				<timestamp>5471.904618</timestamp>
			</report>
			<report>
				<misses>831800001</misses>
				<total>0</total>
				<timestamp>5472.562183</timestamp>
			</report>
			<report>
				<misses>831900001</misses>
				<total>0</total>
				<timestamp>5473.221061</timestamp>
			</report>
			<report>
				<misses>832000001</misses>
				<total>0</total>
				<timestamp>5473.879404</timestamp>
			</report>
			<report>
				<misses>832100001</misses>
				<total>0</total>
				<timestamp>5474.538037</timestamp>
			</report>
			<report>
				<misses>832200001</misses>
				<total>0</total>
				<timestamp>5475.195269</timestamp>
			</report>
			<report>
				<misses>832300001</misses>
				<total>0</total>
				<timestamp>5475.852424</timestamp>
			</report>
			<report>
				<misses>832400001</misses>
				<total>0</total>
				<timestamp>5476.510962</timestamp>
			</report>
			<report>
				<misses>832500001</misses>
				<total>0</total>
				<timestamp>5477.169121</timestamp>
			</report>
			<report>
				<misses>832600001</misses>
				<total>0</total>
				<timestamp>5477.826666</timestamp>
			</report>
			<report>
				<misses>832700001</misses>
				<total>0</total>
				<timestamp>5478.483492</timestamp>
			</report>
			<report>
				<misses>832800001</misses>
				<total>0</total>
				<timestamp>5479.140952</timestamp>
			</report>
			<report>
				<misses>832900001</misses>
				<total>0</total>
				<timestamp>5479.798502</timestamp>
			</report>
			<report>
				<misses>833000001</misses>
				<total>0</total>
				<timestamp>5480.455246</timestamp>
			</report>
			<report>
				<misses>833100001</misses>
				<total>0</total>
				<timestamp>5481.114137</timestamp>
			</report>
			<report>
				<misses>833200001</misses>
				<total>0</total>
				<timestamp>5481.773743</timestamp>
			</report>
			<report>
				<misses>833300001</misses>
				<total>0</total>
				<timestamp>5482.433732</timestamp>
			</report>
			<report>
				<misses>833400001</misses>
				<total>0</total>
				<timestamp>5483.092456</timestamp>
			</report>
			<report>
				<misses>833500001</misses>
				<total>0</total>
				<timestamp>5483.751898</timestamp>
			</report>
			<report>
				<misses>833600001</misses>
				<total>0</total>
				<timestamp>5484.409946</timestamp>
			</report>
			<report>
				<misses>833700001</misses>
				<total>0</total>
				<timestamp>5485.069104</timestamp>
			</report>
			<report>
				<misses>833800001</misses>
				<total>0</total>
				<timestamp>5485.725987</timestamp>
			</report>
			<report>
				<misses>833900001</misses>
				<total>0</total>
				<timestamp>5486.383224</timestamp>
			</report>
			<report>
				<misses>834000001</misses>
				<total>0</total>
				<timestamp>5487.041465</timestamp>
			</report>
			<report>
				<misses>834100001</misses>
				<total>0</total>
				<timestamp>5487.699998</timestamp>
			</report>
			<report>
				<misses>834200001</misses>
				<total>0</total>
				<timestamp>5488.357868</timestamp>
			</report>
			<report>
				<misses>834300001</misses>
				<total>0</total>
				<timestamp>5489.015537</timestamp>
			</report>
			<report>
				<misses>834400001</misses>
				<total>0</total>
				<timestamp>5489.673710</timestamp>
			</report>
			<report>
				<misses>834500001</misses>
				<total>0</total>
				<timestamp>5490.332119</timestamp>
			</report>
			<report>
				<misses>834600001</misses>
				<total>0</total>
				<timestamp>5490.988572</timestamp>
			</report>
			<report>
				<misses>834700001</misses>
				<total>0</total>
				<timestamp>5491.645827</timestamp>
			</report>
			<report>
				<misses>834800001</misses>
				<total>0</total>
				<timestamp>5492.303329</timestamp>
			</report>
			<report>
				<misses>834900001</misses>
				<total>0</total>
				<timestamp>5492.960893</timestamp>
			</report>
			<report>
				<misses>835000001</misses>
				<total>0</total>
				<timestamp>5493.618355</timestamp>
			</report>
			<report>
				<misses>835100001</misses>
				<total>0</total>
				<timestamp>5494.274064</timestamp>
			</report>
			<report>
				<misses>835200001</misses>
				<total>0</total>
				<timestamp>5494.931687</timestamp>
			</report>
			<report>
				<misses>835300001</misses>
				<total>0</total>
				<timestamp>5495.589277</timestamp>
			</report>
			<report>
				<misses>835400001</misses>
				<total>0</total>
				<timestamp>5496.246824</timestamp>
			</report>
			<report>
				<misses>835500001</misses>
				<total>0</total>
				<timestamp>5496.902728</timestamp>
			</report>
			<report>
				<misses>835600001</misses>
				<total>0</total>
				<timestamp>5497.558692</timestamp>
			</report>
			<report>
				<misses>835700001</misses>
				<total>0</total>
				<timestamp>5498.213552</timestamp>
			</report>
			<report>
				<misses>835800001</misses>
				<total>0</total>
				<timestamp>5498.870709</timestamp>
			</report>
			<report>
				<misses>835900001</misses>
				<total>0</total>
				<timestamp>5499.528905</timestamp>
			</report>
			<report>
				<misses>836000001</misses>
				<total>0</total>
				<timestamp>5500.186804</timestamp>
			</report>
			<report>
				<misses>836100001</misses>
				<total>0</total>
				<timestamp>5500.843369</timestamp>
			</report>
			<report>
				<misses>836200001</misses>
				<total>0</total>
				<timestamp>5501.501088</timestamp>
			</report>
			<report>
				<misses>836300001</misses>
				<total>0</total>
				<timestamp>5502.159240</timestamp>
			</report>
			<report>
				<misses>836400001</misses>
				<total>0</total>
				<timestamp>5502.816848</timestamp>
			</report>
			<report>
				<misses>836500001</misses>
				<total>0</total>
				<timestamp>5503.473716</timestamp>
			</report>
			<report>
				<misses>836600001</misses>
				<total>0</total>
				<timestamp>5504.131814</timestamp>
			</report>
			<report>
				<misses>836700001</misses>
				<total>0</total>
				<timestamp>5504.790744</timestamp>
			</report>
			<report>
				<misses>836800001</misses>
				<total>0</total>
				<timestamp>5505.449583</timestamp>
			</report>
			<report>
				<misses>836900001</misses>
				<total>0</total>
				<timestamp>5506.109605</timestamp>
			</report>
			<report>
				<misses>837000001</misses>
				<total>0</total>
				<timestamp>5506.769073</timestamp>
			</report>
			<report>
				<misses>837100001</misses>
				<total>0</total>
				<timestamp>5507.428545</timestamp>
			</report>
			<report>
				<misses>837200001</misses>
				<total>0</total>
				<timestamp>5508.088835</timestamp>
			</report>
			<report>
				<misses>837300001</misses>
				<total>0</total>
				<timestamp>5508.749222</timestamp>
			</report>
			<report>
				<misses>837400001</misses>
				<total>0</total>
				<timestamp>5509.407815</timestamp>
			</report>
			<report>
				<misses>837500001</misses>
				<total>0</total>
				<timestamp>5510.064656</timestamp>
			</report>
			<report>
				<misses>837600001</misses>
				<total>0</total>
				<timestamp>5510.722370</timestamp>
			</report>
			<report>
				<misses>837700001</misses>
				<total>0</total>
				<timestamp>5511.379132</timestamp>
			</report>
			<report>
				<misses>837800001</misses>
				<total>0</total>
				<timestamp>5512.036640</timestamp>
			</report>
			<report>
				<misses>837900001</misses>
				<total>0</total>
				<timestamp>5512.694812</timestamp>
			</report>
			<report>
				<misses>838000001</misses>
				<total>0</total>
				<timestamp>5513.350543</timestamp>
			</report>
			<report>
				<misses>838100001</misses>
				<total>0</total>
				<timestamp>5514.008041</timestamp>
			</report>
			<report>
				<misses>838200001</misses>
				<total>0</total>
				<timestamp>5514.665336</timestamp>
			</report>
			<report>
				<misses>838300001</misses>
				<total>0</total>
				<timestamp>5515.322429</timestamp>
			</report>
			<report>
				<misses>838400001</misses>
				<total>0</total>
				<timestamp>5515.980359</timestamp>
			</report>
			<report>
				<misses>838500001</misses>
				<total>0</total>
				<timestamp>5516.637785</timestamp>
			</report>
			<report>
				<misses>838600001</misses>
				<total>0</total>
				<timestamp>5517.295636</timestamp>
			</report>
			<report>
				<misses>838700001</misses>
				<total>0</total>
				<timestamp>5517.953096</timestamp>
			</report>
			<report>
				<misses>838800001</misses>
				<total>0</total>
				<timestamp>5518.609970</timestamp>
			</report>
			<report>
				<misses>838900001</misses>
				<total>0</total>
				<timestamp>5519.267838</timestamp>
			</report>
			<report>
				<misses>839000001</misses>
				<total>0</total>
				<timestamp>5519.925866</timestamp>
			</report>
			<report>
				<misses>839100001</misses>
				<total>0</total>
				<timestamp>5520.584039</timestamp>
			</report>
			<report>
				<misses>839200001</misses>
				<total>0</total>
				<timestamp>5521.242104</timestamp>
			</report>
			<report>
				<misses>839300001</misses>
				<total>0</total>
				<timestamp>5521.899556</timestamp>
			</report>
			<report>
				<misses>839400001</misses>
				<total>0</total>
				<timestamp>5522.558373</timestamp>
			</report>
			<report>
				<misses>839500001</misses>
				<total>0</total>
				<timestamp>5523.216886</timestamp>
			</report>
			<report>
				<misses>839600001</misses>
				<total>0</total>
				<timestamp>5523.873772</timestamp>
			</report>
			<report>
				<misses>839700001</misses>
				<total>0</total>
				<timestamp>5524.531724</timestamp>
			</report>
			<report>
				<misses>839800001</misses>
				<total>0</total>
				<timestamp>5525.190177</timestamp>
			</report>
			<report>
				<misses>839900001</misses>
				<total>0</total>
				<timestamp>5525.848713</timestamp>
			</report>
			<report>
				<misses>840000001</misses>
				<total>0</total>
				<timestamp>5526.506070</timestamp>
			</report>
			<report>
				<misses>840100001</misses>
				<total>0</total>
				<timestamp>5527.163652</timestamp>
			</report>
			<report>
				<misses>840200001</misses>
				<total>0</total>
				<timestamp>5527.820158</timestamp>
			</report>
			<report>
				<misses>840300001</misses>
				<total>0</total>
				<timestamp>5528.477987</timestamp>
			</report>
			<report>
				<misses>840400001</misses>
				<total>0</total>
				<timestamp>5529.137540</timestamp>
			</report>
			<report>
				<misses>840500001</misses>
				<total>0</total>
				<timestamp>5529.796721</timestamp>
			</report>
			<report>
				<misses>840600001</misses>
				<total>0</total>
				<timestamp>5530.456100</timestamp>
			</report>
			<report>
				<misses>840700001</misses>
				<total>0</total>
				<timestamp>5531.115192</timestamp>
			</report>
			<report>
				<misses>840800001</misses>
				<total>0</total>
				<timestamp>5531.774793</timestamp>
			</report>
			<report>
				<misses>840900001</misses>
				<total>0</total>
				<timestamp>5532.435647</timestamp>
			</report>
			<report>
				<misses>841000001</misses>
				<total>0</total>
				<timestamp>5533.095389</timestamp>
			</report>
			<report>
				<misses>841100001</misses>
				<total>0</total>
				<timestamp>5533.753277</timestamp>
			</report>
			<report>
				<misses>841200001</misses>
				<total>0</total>
				<timestamp>5534.410594</timestamp>
			</report>
			<report>
				<misses>841300001</misses>
				<total>0</total>
				<timestamp>5535.068067</timestamp>
			</report>
			<report>
				<misses>841400001</misses>
				<total>0</total>
				<timestamp>5535.726078</timestamp>
			</report>
			<report>
				<misses>841500001</misses>
				<total>0</total>
				<timestamp>5536.383854</timestamp>
			</report>
			<report>
				<misses>841600001</misses>
				<total>0</total>
				<timestamp>5537.041845</timestamp>
			</report>
			<report>
				<misses>841700001</misses>
				<total>0</total>
				<timestamp>5537.699455</timestamp>
			</report>
			<report>
				<misses>841800001</misses>
				<total>0</total>
				<timestamp>5538.356659</timestamp>
			</report>
			<report>
				<misses>841900001</misses>
				<total>0</total>
				<timestamp>5539.013937</timestamp>
			</report>
			<report>
				<misses>842000001</misses>
				<total>0</total>
				<timestamp>5539.672326</timestamp>
			</report>
			<report>
				<misses>842100001</misses>
				<total>0</total>
				<timestamp>5540.330550</timestamp>
			</report>
			<report>
				<misses>842200001</misses>
				<total>0</total>
				<timestamp>5540.988547</timestamp>
			</report>
			<report>
				<misses>842300001</misses>
				<total>0</total>
				<timestamp>5541.644961</timestamp>
			</report>
			<report>
				<misses>842400001</misses>
				<total>0</total>
				<timestamp>5542.302888</timestamp>
			</report>
			<report>
				<misses>842500001</misses>
				<total>0</total>
				<timestamp>5542.959239</timestamp>
			</report>
			<report>
				<misses>842600001</misses>
				<total>0</total>
				<timestamp>5543.616105</timestamp>
			</report>
			<report>
				<misses>842700001</misses>
				<total>0</total>
				<timestamp>5544.272489</timestamp>
			</report>
			<report>
				<misses>842800001</misses>
				<total>0</total>
				<timestamp>5544.929935</timestamp>
			</report>
			<report>
				<misses>842900001</misses>
				<total>0</total>
				<timestamp>5545.586137</timestamp>
			</report>
			<report>
				<misses>843000001</misses>
				<total>0</total>
				<timestamp>5546.243831</timestamp>
			</report>
			<report>
				<misses>843100001</misses>
				<total>0</total>
				<timestamp>5546.901510</timestamp>
			</report>
			<report>
				<misses>843200001</misses>
				<total>0</total>
				<timestamp>5547.558481</timestamp>
			</report>
			<report>
				<misses>843300001</misses>
				<total>0</total>
				<timestamp>5548.214508</timestamp>
			</report>
			<report>
				<misses>843400001</misses>
				<total>0</total>
				<timestamp>5548.872969</timestamp>
			</report>
			<report>
				<misses>843500001</misses>
				<total>0</total>
				<timestamp>5549.531119</timestamp>
			</report>
			<report>
				<misses>843600001</misses>
				<total>0</total>
				<timestamp>5550.188916</timestamp>
			</report>
			<report>
				<misses>843700001</misses>
				<total>0</total>
				<timestamp>5550.846148</timestamp>
			</report>
			<report>
				<misses>843800001</misses>
				<total>0</total>
				<timestamp>5551.504428</timestamp>
			</report>
			<report>
				<misses>843900001</misses>
				<total>0</total>
				<timestamp>5552.161947</timestamp>
			</report>
			<report>
				<misses>844000001</misses>
				<total>0</total>
				<timestamp>5552.821060</timestamp>
			</report>
			<report>
				<misses>844100001</misses>
				<total>0</total>
				<timestamp>5553.480059</timestamp>
			</report>
			<report>
				<misses>844200001</misses>
				<total>0</total>
				<timestamp>5554.139056</timestamp>
			</report>
			<report>
				<misses>844300001</misses>
				<total>0</total>
				<timestamp>5554.797111</timestamp>
			</report>
			<report>
				<misses>844400001</misses>
				<total>0</total>
				<timestamp>5555.456555</timestamp>
			</report>
			<report>
				<misses>844500001</misses>
				<total>0</total>
				<timestamp>5556.116138</timestamp>
			</report>
			<report>
				<misses>844600001</misses>
				<total>0</total>
				<timestamp>5556.776264</timestamp>
			</report>
			<report>
				<misses>844700001</misses>
				<total>0</total>
				<timestamp>5557.434933</timestamp>
			</report>
			<report>
				<misses>844800001</misses>
				<total>0</total>
				<timestamp>5558.091734</timestamp>
			</report>
			<report>
				<misses>844900001</misses>
				<total>0</total>
				<timestamp>5558.749606</timestamp>
			</report>
			<report>
				<misses>845000001</misses>
				<total>0</total>
				<timestamp>5559.407666</timestamp>
			</report>
			<report>
				<misses>845100001</misses>
				<total>0</total>
				<timestamp>5560.065448</timestamp>
			</report>
			<report>
				<misses>845200001</misses>
				<total>0</total>
				<timestamp>5560.722212</timestamp>
			</report>
			<report>
				<misses>845300001</misses>
				<total>0</total>
				<timestamp>5561.378879</timestamp>
			</report>
			<report>
				<misses>845400001</misses>
				<total>0</total>
				<timestamp>5562.036911</timestamp>
			</report>
			<report>
				<misses>845500001</misses>
				<total>0</total>
				<timestamp>5562.695083</timestamp>
			</report>
			<report>
				<misses>845600001</misses>
				<total>0</total>
				<timestamp>5563.351870</timestamp>
			</report>
			<report>
				<misses>845700001</misses>
				<total>0</total>
				<timestamp>5564.009208</timestamp>
			</report>
			<report>
				<misses>845800001</misses>
				<total>0</total>
				<timestamp>5564.667444</timestamp>
			</report>
			<report>
				<misses>845900001</misses>
				<total>0</total>
				<timestamp>5565.324235</timestamp>
			</report>
			<report>
				<misses>846000001</misses>
				<total>0</total>
				<timestamp>5565.982470</timestamp>
			</report>
			<report>
				<misses>846100001</misses>
				<total>0</total>
				<timestamp>5566.640073</timestamp>
			</report>
			<report>
				<misses>846200001</misses>
				<total>0</total>
				<timestamp>5567.297789</timestamp>
			</report>
			<report>
				<misses>846300001</misses>
				<total>0</total>
				<timestamp>5567.956555</timestamp>
			</report>
			<report>
				<misses>846400001</misses>
				<total>0</total>
				<timestamp>5568.614489</timestamp>
			</report>
			<report>
				<misses>846500001</misses>
				<total>0</total>
				<timestamp>5569.272600</timestamp>
			</report>
			<report>
				<misses>846600001</misses>
				<total>0</total>
				<timestamp>5569.928963</timestamp>
			</report>
			<report>
				<misses>846700001</misses>
				<total>0</total>
				<timestamp>5570.585978</timestamp>
			</report>
			<report>
				<misses>846800001</misses>
				<total>0</total>
				<timestamp>5571.242940</timestamp>
			</report>
			<report>
				<misses>846900001</misses>
				<total>0</total>
				<timestamp>5571.899754</timestamp>
			</report>
			<report>
				<misses>847000001</misses>
				<total>0</total>
				<timestamp>5572.557643</timestamp>
			</report>
			<report>
				<misses>847100001</misses>
				<total>0</total>
				<timestamp>5573.215726</timestamp>
			</report>
			<report>
				<misses>847200001</misses>
				<total>0</total>
				<timestamp>5573.872789</timestamp>
			</report>
			<report>
				<misses>847300001</misses>
				<total>0</total>
				<timestamp>5574.530964</timestamp>
			</report>
			<report>
				<misses>847400001</misses>
				<total>0</total>
				<timestamp>5575.188397</timestamp>
			</report>
			<report>
				<misses>847500001</misses>
				<total>0</total>
				<timestamp>5575.845727</timestamp>
			</report>
			<report>
				<misses>847600001</misses>
				<total>0</total>
				<timestamp>5576.504600</timestamp>
			</report>
			<report>
				<misses>847700001</misses>
				<total>0</total>
				<timestamp>5577.163718</timestamp>
			</report>
			<report>
				<misses>847800001</misses>
				<total>0</total>
				<timestamp>5577.821912</timestamp>
			</report>
			<report>
				<misses>847900001</misses>
				<total>0</total>
				<timestamp>5578.480784</timestamp>
			</report>
			<report>
				<misses>848000001</misses>
				<total>0</total>
				<timestamp>5579.140047</timestamp>
			</report>
			<report>
				<misses>848100001</misses>
				<total>0</total>
				<timestamp>5579.798971</timestamp>
			</report>
			<report>
				<misses>848200001</misses>
				<total>0</total>
				<timestamp>5580.457891</timestamp>
			</report>
			<report>
				<misses>848300001</misses>
				<total>0</total>
				<timestamp>5581.115253</timestamp>
			</report>
			<report>
				<misses>848400001</misses>
				<total>0</total>
				<timestamp>5581.773083</timestamp>
			</report>
			<report>
				<misses>848500001</misses>
				<total>0</total>
				<timestamp>5582.430858</timestamp>
			</report>
			<report>
				<misses>848600001</misses>
				<total>0</total>
				<timestamp>5583.088741</timestamp>
			</report>
			<report>
				<misses>848700001</misses>
				<total>0</total>
				<timestamp>5583.745698</timestamp>
			</report>
			<report>
				<misses>848800001</misses>
				<total>0</total>
				<timestamp>5584.402085</timestamp>
			</report>
			<report>
				<misses>848900001</misses>
				<total>0</total>
				<timestamp>5585.060413</timestamp>
			</report>
			<report>
				<misses>849000001</misses>
				<total>0</total>
				<timestamp>5585.718245</timestamp>
			</report>
			<report>
				<misses>849100001</misses>
				<total>0</total>
				<timestamp>5586.377415</timestamp>
			</report>
			<report>
				<misses>849200001</misses>
				<total>0</total>
				<timestamp>5587.035795</timestamp>
			</report>
			<report>
				<misses>849300001</misses>
				<total>0</total>
				<timestamp>5587.693601</timestamp>
			</report>
			<report>
				<misses>849400001</misses>
				<total>0</total>
				<timestamp>5588.353025</timestamp>
			</report>
			<report>
				<misses>849500001</misses>
				<total>0</total>
				<timestamp>5589.010510</timestamp>
			</report>
			<report>
				<misses>849600001</misses>
				<total>0</total>
				<timestamp>5589.668038</timestamp>
			</report>
			<report>
				<misses>849700001</misses>
				<total>0</total>
				<timestamp>5590.325171</timestamp>
			</report>
			<report>
				<misses>849800001</misses>
				<total>0</total>
				<timestamp>5590.983110</timestamp>
			</report>
			<report>
				<misses>849900001</misses>
				<total>0</total>
				<timestamp>5591.639782</timestamp>
			</report>
			<report>
				<misses>850000001</misses>
				<total>0</total>
				<timestamp>5592.296822</timestamp>
			</report>
			<report>
				<misses>850100001</misses>
				<total>0</total>
				<timestamp>5592.954716</timestamp>
			</report>
			<report>
				<misses>850200001</misses>
				<total>0</total>
				<timestamp>5593.611769</timestamp>
			</report>
			<report>
				<misses>850300001</misses>
				<total>0</total>
				<timestamp>5594.269518</timestamp>
			</report>
			<report>
				<misses>850400001</misses>
				<total>0</total>
				<timestamp>5594.927477</timestamp>
			</report>
			<report>
				<misses>850500001</misses>
				<total>0</total>
				<timestamp>5595.584566</timestamp>
			</report>
			<report>
				<misses>850600001</misses>
				<total>0</total>
				<timestamp>5596.242005</timestamp>
			</report>
			<report>
				<misses>850700001</misses>
				<total>0</total>
				<timestamp>5596.900362</timestamp>
			</report>
			<report>
				<misses>850800001</misses>
				<total>0</total>
				<timestamp>5597.558158</timestamp>
			</report>
			<report>
				<misses>850900001</misses>
				<total>0</total>
				<timestamp>5598.216320</timestamp>
			</report>
			<report>
				<misses>851000001</misses>
				<total>0</total>
				<timestamp>5598.873150</timestamp>
			</report>
			<report>
				<misses>851100001</misses>
				<total>0</total>
				<timestamp>5599.531013</timestamp>
			</report>
			<report>
				<misses>851200001</misses>
				<total>0</total>
				<timestamp>5600.189082</timestamp>
			</report>
			<report>
				<misses>851300001</misses>
				<total>0</total>
				<timestamp>5600.847963</timestamp>
			</report>
			<report>
				<misses>851400001</misses>
				<total>0</total>
				<timestamp>5601.508349</timestamp>
			</report>
			<report>
				<misses>851500001</misses>
				<total>0</total>
				<timestamp>5602.168043</timestamp>
			</report>
			<report>
				<misses>851600001</misses>
				<total>0</total>
				<timestamp>5602.827658</timestamp>
			</report>
			<report>
				<misses>851700001</misses>
				<total>0</total>
				<timestamp>5603.486649</timestamp>
			</report>
			<report>
				<misses>851800001</misses>
				<total>0</total>
				<timestamp>5604.143619</timestamp>
			</report>
			<report>
				<misses>851900001</misses>
				<total>0</total>
				<timestamp>5604.802486</timestamp>
			</report>
			<report>
				<misses>852000001</misses>
				<total>0</total>
				<timestamp>5605.459649</timestamp>
			</report>
			<report>
				<misses>852100001</misses>
				<total>0</total>
				<timestamp>5606.117043</timestamp>
			</report>
			<report>
				<misses>852200001</misses>
				<total>0</total>
				<timestamp>5606.774194</timestamp>
			</report>
			<report>
				<misses>852300001</misses>
				<total>0</total>
				<timestamp>5607.431359</timestamp>
			</report>
			<report>
				<misses>852400001</misses>
				<total>0</total>
				<timestamp>5608.089857</timestamp>
			</report>
			<report>
				<misses>852500001</misses>
				<total>0</total>
				<timestamp>5608.748070</timestamp>
			</report>
			<report>
				<misses>852600001</misses>
				<total>0</total>
				<timestamp>5609.405550</timestamp>
			</report>
			<report>
				<misses>852700001</misses>
				<total>0</total>
				<timestamp>5610.063023</timestamp>
			</report>
			<report>
				<misses>852800001</misses>
				<total>0</total>
				<timestamp>5610.721566</timestamp>
			</report>
			<report>
				<misses>852900001</misses>
				<total>0</total>
				<timestamp>5611.378100</timestamp>
			</report>
			<report>
				<misses>853000001</misses>
				<total>0</total>
				<timestamp>5612.035558</timestamp>
			</report>
			<report>
				<misses>853100001</misses>
				<total>0</total>
				<timestamp>5612.693466</timestamp>
			</report>
			<report>
				<misses>853200001</misses>
				<total>0</total>
				<timestamp>5613.349943</timestamp>
			</report>
			<report>
				<misses>853300001</misses>
				<total>0</total>
				<timestamp>5614.007088</timestamp>
			</report>
			<report>
				<misses>853400001</misses>
				<total>0</total>
				<timestamp>5614.665140</timestamp>
			</report>
			<report>
				<misses>853500001</misses>
				<total>0</total>
				<timestamp>5615.323233</timestamp>
			</report>
			<report>
				<misses>853600001</misses>
				<total>0</total>
				<timestamp>5615.981916</timestamp>
			</report>
			<report>
				<misses>853700001</misses>
				<total>0</total>
				<timestamp>5616.640621</timestamp>
			</report>
			<report>
				<misses>853800001</misses>
				<total>0</total>
				<timestamp>5617.298354</timestamp>
			</report>
			<report>
				<misses>853900001</misses>
				<total>0</total>
				<timestamp>5617.955474</timestamp>
			</report>
			<report>
				<misses>854000001</misses>
				<total>0</total>
				<timestamp>5618.612358</timestamp>
			</report>
			<report>
				<misses>854100001</misses>
				<total>0</total>
				<timestamp>5619.271211</timestamp>
			</report>
			<report>
				<misses>854200001</misses>
				<total>0</total>
				<timestamp>5619.929640</timestamp>
			</report>
			<report>
				<misses>854300001</misses>
				<total>0</total>
				<timestamp>5620.587882</timestamp>
			</report>
			<report>
				<misses>854400001</misses>
				<total>0</total>
				<timestamp>5621.245487</timestamp>
			</report>
			<report>
				<misses>854500001</misses>
				<total>0</total>
				<timestamp>5621.903172</timestamp>
			</report>
			<report>
				<misses>854600001</misses>
				<total>0</total>
				<timestamp>5622.560784</timestamp>
			</report>
			<report>
				<misses>854700001</misses>
				<total>0</total>
				<timestamp>5623.219427</timestamp>
			</report>
			<report>
				<misses>854800001</misses>
				<total>0</total>
				<timestamp>5623.874598</timestamp>
			</report>
			<report>
				<misses>854900001</misses>
				<total>0</total>
				<timestamp>5624.531943</timestamp>
			</report>
			<report>
				<misses>855000001</misses>
				<total>0</total>
				<timestamp>5625.189115</timestamp>
			</report>
			<report>
				<misses>855100001</misses>
				<total>0</total>
				<timestamp>5625.847650</timestamp>
			</report>
			<report>
				<misses>855200001</misses>
				<total>0</total>
				<timestamp>5626.506395</timestamp>
			</report>
			<report>
				<misses>855300001</misses>
				<total>0</total>
				<timestamp>5627.164838</timestamp>
			</report>
			<report>
				<misses>855400001</misses>
				<total>0</total>
				<timestamp>5627.824599</timestamp>
			</report>
			<report>
				<misses>855500001</misses>
				<total>0</total>
				<timestamp>5628.484320</timestamp>
			</report>
			<report>
				<misses>855600001</misses>
				<total>0</total>
				<timestamp>5629.142548</timestamp>
			</report>
			<report>
				<misses>855700001</misses>
				<total>0</total>
				<timestamp>5629.802531</timestamp>
			</report>
			<report>
				<misses>855800001</misses>
				<total>0</total>
				<timestamp>5630.461972</timestamp>
			</report>
			<report>
				<misses>855900001</misses>
				<total>0</total>
				<timestamp>5631.118020</timestamp>
			</report>
			<report>
				<misses>856000001</misses>
				<total>0</total>
				<timestamp>5631.778156</timestamp>
			</report>
			<report>
				<misses>856100001</misses>
				<total>0</total>
				<timestamp>5632.436141</timestamp>
			</report>
			<report>
				<misses>856200001</misses>
				<total>0</total>
				<timestamp>5633.093844</timestamp>
			</report>
			<report>
				<misses>856300001</misses>
				<total>0</total>
				<timestamp>5633.751642</timestamp>
			</report>
			<report>
				<misses>856400001</misses>
				<total>0</total>
				<timestamp>5634.408514</timestamp>
			</report>
			<report>
				<misses>856500001</misses>
				<total>0</total>
				<timestamp>5635.066447</timestamp>
			</report>
			<report>
				<misses>856600001</misses>
				<total>0</total>
				<timestamp>5635.721481</timestamp>
			</report>
			<report>
				<misses>856700001</misses>
				<total>0</total>
				<timestamp>5636.378209</timestamp>
			</report>
			<report>
				<misses>856800001</misses>
				<total>0</total>
				<timestamp>5637.035863</timestamp>
			</report>
			<report>
				<misses>856900001</misses>
				<total>0</total>
				<timestamp>5637.694307</timestamp>
			</report>
			<report>
				<misses>857000001</misses>
				<total>0</total>
				<timestamp>5638.352105</timestamp>
			</report>
			<report>
				<misses>857100001</misses>
				<total>0</total>
				<timestamp>5639.011209</timestamp>
			</report>
			<report>
				<misses>857200001</misses>
				<total>0</total>
				<timestamp>5639.668992</timestamp>
			</report>
			<report>
				<misses>857300001</misses>
				<total>0</total>
				<timestamp>5640.325690</timestamp>
			</report>
			<report>
				<misses>857400001</misses>
				<total>0</total>
				<timestamp>5640.984248</timestamp>
			</report>
			<report>
				<misses>857500001</misses>
				<total>0</total>
				<timestamp>5641.640776</timestamp>
			</report>
			<report>
				<misses>857600001</misses>
				<total>0</total>
				<timestamp>5642.298608</timestamp>
			</report>
			<report>
				<misses>857700001</misses>
				<total>0</total>
				<timestamp>5642.957309</timestamp>
			</report>
			<report>
				<misses>857800001</misses>
				<total>0</total>
				<timestamp>5643.614688</timestamp>
			</report>
			<report>
				<misses>857900001</misses>
				<total>0</total>
				<timestamp>5644.272821</timestamp>
			</report>
			<report>
				<misses>858000001</misses>
				<total>0</total>
				<timestamp>5644.930983</timestamp>
			</report>
			<report>
				<misses>858100001</misses>
				<total>0</total>
				<timestamp>5645.587814</timestamp>
			</report>
			<report>
				<misses>858200001</misses>
				<total>0</total>
				<timestamp>5646.245757</timestamp>
			</report>
			<report>
				<misses>858300001</misses>
				<total>0</total>
				<timestamp>5646.903203</timestamp>
			</report>
			<report>
				<misses>858400001</misses>
				<total>0</total>
				<timestamp>5647.560850</timestamp>
			</report>
			<report>
				<misses>858500001</misses>
				<total>0</total>
				<timestamp>5648.218720</timestamp>
			</report>
			<report>
				<misses>858600001</misses>
				<total>0</total>
				<timestamp>5648.876462</timestamp>
			</report>
			<report>
				<misses>858700001</misses>
				<total>0</total>
				<timestamp>5649.533976</timestamp>
			</report>
			<report>
				<misses>858800001</misses>
				<total>0</total>
				<timestamp>5650.191953</timestamp>
			</report>
			<report>
				<misses>858900001</misses>
				<total>0</total>
				<timestamp>5650.849915</timestamp>
			</report>
			<report>
				<misses>859000001</misses>
				<total>0</total>
				<timestamp>5651.508060</timestamp>
			</report>
			<report>
				<misses>859100001</misses>
				<total>0</total>
				<timestamp>5652.165042</timestamp>
			</report>
			<report>
				<misses>859200001</misses>
				<total>0</total>
				<timestamp>5652.821515</timestamp>
			</report>
			<report>
				<misses>859300001</misses>
				<total>0</total>
				<timestamp>5653.478504</timestamp>
			</report>
			<report>
				<misses>859400001</misses>
				<total>0</total>
				<timestamp>5654.137174</timestamp>
			</report>
			<report>
				<misses>859500001</misses>
				<total>0</total>
				<timestamp>5654.795444</timestamp>
			</report>
			<report>
				<misses>859600001</misses>
				<total>0</total>
				<timestamp>5655.455613</timestamp>
			</report>
			<report>
				<misses>859700001</misses>
				<total>0</total>
				<timestamp>5656.113012</timestamp>
			</report>
			<report>
				<misses>859800001</misses>
				<total>0</total>
				<timestamp>5656.773065</timestamp>
			</report>
			<report>
				<misses>859900001</misses>
				<total>0</total>
				<timestamp>5657.431975</timestamp>
			</report>
			<report>
				<misses>860000001</misses>
				<total>0</total>
				<timestamp>5658.091250</timestamp>
			</report>
			<report>
				<misses>860100001</misses>
				<total>0</total>
				<timestamp>5658.750888</timestamp>
			</report>
			<report>
				<misses>860200001</misses>
				<total>0</total>
				<timestamp>5659.407673</timestamp>
			</report>
			<report>
				<misses>860300001</misses>
				<total>0</total>
				<timestamp>5660.065546</timestamp>
			</report>
			<report>
				<misses>860400001</misses>
				<total>0</total>
				<timestamp>5660.722373</timestamp>
			</report>
			<report>
				<misses>860500001</misses>
				<total>0</total>
				<timestamp>5661.380624</timestamp>
			</report>
			<report>
				<misses>860600001</misses>
				<total>0</total>
				<timestamp>5662.037885</timestamp>
			</report>
			<report>
				<misses>860700001</misses>
				<total>0</total>
				<timestamp>5662.694492</timestamp>
			</report>
			<report>
				<misses>860800001</misses>
				<total>0</total>
				<timestamp>5663.352499</timestamp>
			</report>
			<report>
				<misses>860900001</misses>
				<total>0</total>
				<timestamp>5664.010367</timestamp>
			</report>
			<report>
				<misses>861000001</misses>
				<total>0</total>
				<timestamp>5664.667947</timestamp>
			</report>
			<report>
				<misses>861100001</misses>
				<total>0</total>
				<timestamp>5665.325176</timestamp>
			</report>
			<report>
				<misses>861200001</misses>
				<total>0</total>
				<timestamp>5665.983758</timestamp>
			</report>
			<report>
				<misses>861300001</misses>
				<total>0</total>
				<timestamp>5666.641318</timestamp>
			</report>
			<report>
				<misses>861400001</misses>
				<total>0</total>
				<timestamp>5667.297910</timestamp>
			</report>
			<report>
				<misses>861500001</misses>
				<total>0</total>
				<timestamp>5667.955985</timestamp>
			</report>
			<report>
				<misses>861600001</misses>
				<total>0</total>
				<timestamp>5668.614729</timestamp>
			</report>
			<report>
				<misses>861700001</misses>
				<total>0</total>
				<timestamp>5669.272905</timestamp>
			</report>
			<report>
				<misses>861800001</misses>
				<total>0</total>
				<timestamp>5669.930223</timestamp>
			</report>
			<report>
				<misses>861900001</misses>
				<total>0</total>
				<timestamp>5670.586852</timestamp>
			</report>
			<report>
				<misses>862000001</misses>
				<total>0</total>
				<timestamp>5671.244278</timestamp>
			</report>
			<report>
				<misses>862100001</misses>
				<total>0</total>
				<timestamp>5671.902798</timestamp>
			</report>
			<report>
				<misses>862200001</misses>
				<total>0</total>
				<timestamp>5672.560868</timestamp>
			</report>
			<report>
				<misses>862300001</misses>
				<total>0</total>
				<timestamp>5673.219991</timestamp>
			</report>
			<report>
				<misses>862400001</misses>
				<total>0</total>
				<timestamp>5673.877676</timestamp>
			</report>
			<report>
				<misses>862500001</misses>
				<total>0</total>
				<timestamp>5674.535695</timestamp>
			</report>
			<report>
				<misses>862600001</misses>
				<total>0</total>
				<timestamp>5675.191533</timestamp>
			</report>
			<report>
				<misses>862700001</misses>
				<total>0</total>
				<timestamp>5675.850295</timestamp>
			</report>
			<report>
				<misses>862800001</misses>
				<total>0</total>
				<timestamp>5676.508160</timestamp>
			</report>
			<report>
				<misses>862900001</misses>
				<total>0</total>
				<timestamp>5677.165262</timestamp>
			</report>
			<report>
				<misses>863000001</misses>
				<total>0</total>
				<timestamp>5677.822073</timestamp>
			</report>
			<report>
				<misses>863100001</misses>
				<total>0</total>
				<timestamp>5678.481301</timestamp>
			</report>
			<report>
				<misses>863200001</misses>
				<total>0</total>
				<timestamp>5679.139411</timestamp>
			</report>
			<report>
				<misses>863300001</misses>
				<total>0</total>
				<timestamp>5679.797249</timestamp>
			</report>
			<report>
				<misses>863400001</misses>
				<total>0</total>
				<timestamp>5680.455921</timestamp>
			</report>
			<report>
				<misses>863500001</misses>
				<total>0</total>
				<timestamp>5681.115870</timestamp>
			</report>
			<report>
				<misses>863600001</misses>
				<total>0</total>
				<timestamp>5681.775302</timestamp>
			</report>
			<report>
				<misses>863700001</misses>
				<total>0</total>
				<timestamp>5682.432842</timestamp>
			</report>
			<report>
				<misses>863800001</misses>
				<total>0</total>
				<timestamp>5683.091083</timestamp>
			</report>
			<report>
				<misses>863900001</misses>
				<total>0</total>
				<timestamp>5683.749142</timestamp>
			</report>
			<report>
				<misses>864000001</misses>
				<total>0</total>
				<timestamp>5684.406322</timestamp>
			</report>
			<report>
				<misses>864100001</misses>
				<total>0</total>
				<timestamp>5685.064665</timestamp>
			</report>
			<report>
				<misses>864200001</misses>
				<total>0</total>
				<timestamp>5685.721227</timestamp>
			</report>
			<report>
				<misses>864300001</misses>
				<total>0</total>
				<timestamp>5686.378850</timestamp>
			</report>
			<report>
				<misses>864400001</misses>
				<total>0</total>
				<timestamp>5687.036498</timestamp>
			</report>
			<report>
				<misses>864500001</misses>
				<total>0</total>
				<timestamp>5687.693939</timestamp>
			</report>
			<report>
				<misses>864600001</misses>
				<total>0</total>
				<timestamp>5688.352426</timestamp>
			</report>
			<report>
				<misses>864700001</misses>
				<total>0</total>
				<timestamp>5689.010741</timestamp>
			</report>
			<report>
				<misses>864800001</misses>
				<total>0</total>
				<timestamp>5689.668450</timestamp>
			</report>
			<report>
				<misses>864900001</misses>
				<total>0</total>
				<timestamp>5690.326148</timestamp>
			</report>
			<report>
				<misses>865000001</misses>
				<total>0</total>
				<timestamp>5690.983749</timestamp>
			</report>
			<report>
				<misses>865100001</misses>
				<total>0</total>
				<timestamp>5691.642495</timestamp>
			</report>
			<report>
				<misses>865200001</misses>
				<total>0</total>
				<timestamp>5692.300439</timestamp>
			</report>
			<report>
				<misses>865300001</misses>
				<total>0</total>
				<timestamp>5692.957417</timestamp>
			</report>
			<report>
				<misses>865400001</misses>
				<total>0</total>
				<timestamp>5693.615528</timestamp>
			</report>
			<report>
				<misses>865500001</misses>
				<total>0</total>
				<timestamp>5694.273335</timestamp>
			</report>
			<report>
				<misses>865600001</misses>
				<total>0</total>
				<timestamp>5694.930594</timestamp>
			</report>
			<report>
				<misses>865700001</misses>
				<total>0</total>
				<timestamp>5695.588947</timestamp>
			</report>
			<report>
				<misses>865800001</misses>
				<total>0</total>
				<timestamp>5696.245094</timestamp>
			</report>
			<report>
				<misses>865900001</misses>
				<total>0</total>
				<timestamp>5696.902445</timestamp>
			</report>
			<report>
				<misses>866000001</misses>
				<total>0</total>
				<timestamp>5697.560730</timestamp>
			</report>
			<report>
				<misses>866100001</misses>
				<total>0</total>
				<timestamp>5698.217223</timestamp>
			</report>
			<report>
				<misses>866200001</misses>
				<total>0</total>
				<timestamp>5698.876430</timestamp>
			</report>
			<report>
				<misses>866300001</misses>
				<total>0</total>
				<timestamp>5699.535017</timestamp>
			</report>
			<report>
				<misses>866400001</misses>
				<total>0</total>
				<timestamp>5700.192688</timestamp>
			</report>
			<report>
				<misses>866500001</misses>
				<total>0</total>
				<timestamp>5700.851215</timestamp>
			</report>
			<report>
				<misses>866600001</misses>
				<total>0</total>
				<timestamp>5701.509751</timestamp>
			</report>
			<report>
				<misses>866700001</misses>
				<total>0</total>
				<timestamp>5702.169366</timestamp>
			</report>
			<report>
				<misses>866800001</misses>
				<total>0</total>
				<timestamp>5702.826903</timestamp>
			</report>
			<report>
				<misses>866900001</misses>
				<total>0</total>
				<timestamp>5703.484771</timestamp>
			</report>
			<report>
				<misses>867000001</misses>
				<total>0</total>
				<timestamp>5704.143173</timestamp>
			</report>
			<report>
				<misses>867100001</misses>
				<total>0</total>
				<timestamp>5704.800560</timestamp>
			</report>
			<report>
				<misses>867200001</misses>
				<total>0</total>
				<timestamp>5705.458631</timestamp>
			</report>
			<report>
				<misses>867300001</misses>
				<total>0</total>
				<timestamp>5706.113402</timestamp>
			</report>
			<report>
				<misses>867400001</misses>
				<total>0</total>
				<timestamp>5706.771098</timestamp>
			</report>
			<report>
				<misses>867500001</misses>
				<total>0</total>
				<timestamp>5707.430363</timestamp>
			</report>
			<report>
				<misses>867600001</misses>
				<total>0</total>
				<timestamp>5708.088728</timestamp>
			</report>
			<report>
				<misses>867700001</misses>
				<total>0</total>
				<timestamp>5708.748349</timestamp>
			</report>
			<report>
				<misses>867800001</misses>
				<total>0</total>
				<timestamp>5709.405703</timestamp>
			</report>
			<report>
				<misses>867900001</misses>
				<total>0</total>
				<timestamp>5710.065411</timestamp>
			</report>
			<report>
				<misses>868000001</misses>
				<total>0</total>
				<timestamp>5710.725448</timestamp>
			</report>
			<report>
				<misses>868100001</misses>
				<total>0</total>
				<timestamp>5711.384253</timestamp>
			</report>
			<report>
				<misses>868200001</misses>
				<total>0</total>
				<timestamp>5712.042870</timestamp>
			</report>
			<report>
				<misses>868300001</misses>
				<total>0</total>
				<timestamp>5712.700526</timestamp>
			</report>
			<report>
				<misses>868400001</misses>
				<total>0</total>
				<timestamp>5713.358053</timestamp>
			</report>
			<report>
				<misses>868500001</misses>
				<total>0</total>
				<timestamp>5714.015021</timestamp>
			</report>
			<report>
				<misses>868600001</misses>
				<total>0</total>
				<timestamp>5714.672685</timestamp>
			</report>
			<report>
				<misses>868700001</misses>
				<total>0</total>
				<timestamp>5715.330755</timestamp>
			</report>
			<report>
				<misses>868800001</misses>
				<total>0</total>
				<timestamp>5715.988515</timestamp>
			</report>
			<report>
				<misses>868900001</misses>
				<total>0</total>
				<timestamp>5716.646663</timestamp>
			</report>
			<report>
				<misses>869000001</misses>
				<total>0</total>
				<timestamp>5717.304508</timestamp>
			</report>
			<report>
				<misses>869100001</misses>
				<total>0</total>
				<timestamp>5717.960485</timestamp>
			</report>
			<report>
				<misses>869200001</misses>
				<total>0</total>
				<timestamp>5718.617364</timestamp>
			</report>
			<report>
				<misses>869300001</misses>
				<total>0</total>
				<timestamp>5719.275853</timestamp>
			</report>
			<report>
				<misses>869400001</misses>
				<total>0</total>
				<timestamp>5719.934262</timestamp>
			</report>
			<report>
				<misses>869500001</misses>
				<total>0</total>
				<timestamp>5720.592075</timestamp>
			</report>
			<report>
				<misses>869600001</misses>
				<total>0</total>
				<timestamp>5721.249840</timestamp>
			</report>
			<report>
				<misses>869700001</misses>
				<total>0</total>
				<timestamp>5721.907226</timestamp>
			</report>
			<report>
				<misses>869800001</misses>
				<total>0</total>
				<timestamp>5722.564160</timestamp>
			</report>
			<report>
				<misses>869900001</misses>
				<total>0</total>
				<timestamp>5723.219983</timestamp>
			</report>
			<report>
				<misses>870000001</misses>
				<total>0</total>
				<timestamp>5723.877252</timestamp>
			</report>
			<report>
				<misses>870100001</misses>
				<total>0</total>
				<timestamp>5724.536204</timestamp>
			</report>
			<report>
				<misses>870200001</misses>
				<total>0</total>
				<timestamp>5725.194809</timestamp>
			</report>
			<report>
				<misses>870300001</misses>
				<total>0</total>
				<timestamp>5725.850545</timestamp>
			</report>
			<report>
				<misses>870400001</misses>
				<total>0</total>
				<timestamp>5726.508475</timestamp>
			</report>
			<report>
				<misses>870500001</misses>
				<total>0</total>
				<timestamp>5727.165805</timestamp>
			</report>
			<report>
				<misses>870600001</misses>
				<total>0</total>
				<timestamp>5727.822467</timestamp>
			</report>
			<report>
				<misses>870700001</misses>
				<total>0</total>
				<timestamp>5728.480482</timestamp>
			</report>
			<report>
				<misses>870800001</misses>
				<total>0</total>
				<timestamp>5729.137967</timestamp>
			</report>
			<report>
				<misses>870900001</misses>
				<total>0</total>
				<timestamp>5729.794768</timestamp>
			</report>
			<report>
				<misses>871000001</misses>
				<total>0</total>
				<timestamp>5730.452683</timestamp>
			</report>
			<report>
				<misses>871100001</misses>
				<total>0</total>
				<timestamp>5731.110214</timestamp>
			</report>
			<report>
				<misses>871200001</misses>
				<total>0</total>
				<timestamp>5731.767577</timestamp>
			</report>
			<report>
				<misses>871300001</misses>
				<total>0</total>
				<timestamp>5732.425699</timestamp>
			</report>
			<report>
				<misses>871400001</misses>
				<total>0</total>
				<timestamp>5733.083202</timestamp>
			</report>
			<report>
				<misses>871500001</misses>
				<total>0</total>
				<timestamp>5733.741644</timestamp>
			</report>
			<report>
				<misses>871600001</misses>
				<total>0</total>
				<timestamp>5734.400585</timestamp>
			</report>
			<report>
				<misses>871700001</misses>
				<total>0</total>
				<timestamp>5735.059736</timestamp>
			</report>
			<report>
				<misses>871800001</misses>
				<total>0</total>
				<timestamp>5735.718369</timestamp>
			</report>
			<report>
				<misses>871900001</misses>
				<total>0</total>
				<timestamp>5736.377859</timestamp>
			</report>
			<report>
				<misses>872000001</misses>
				<total>0</total>
				<timestamp>5737.036631</timestamp>
			</report>
			<report>
				<misses>872100001</misses>
				<total>0</total>
				<timestamp>5737.695512</timestamp>
			</report>
			<report>
				<misses>872200001</misses>
				<total>0</total>
				<timestamp>5738.354425</timestamp>
			</report>
			<report>
				<misses>872300001</misses>
				<total>0</total>
				<timestamp>5739.009443</timestamp>
			</report>
			<report>
				<misses>872400001</misses>
				<total>0</total>
				<timestamp>5739.668119</timestamp>
			</report>
			<report>
				<misses>872500001</misses>
				<total>0</total>
				<timestamp>5740.326133</timestamp>
			</report>
			<report>
				<misses>872600001</misses>
				<total>0</total>
				<timestamp>5740.985117</timestamp>
			</report>
			<report>
				<misses>872700001</misses>
				<total>0</total>
				<timestamp>5741.642832</timestamp>
			</report>
			<report>
				<misses>872800001</misses>
				<total>0</total>
				<timestamp>5742.300286</timestamp>
			</report>
			<report>
				<misses>872900001</misses>
				<total>0</total>
				<timestamp>5742.958315</timestamp>
			</report>
			<report>
				<misses>873000001</misses>
				<total>0</total>
				<timestamp>5743.615847</timestamp>
			</report>
			<report>
				<misses>873100001</misses>
				<total>0</total>
				<timestamp>5744.273142</timestamp>
			</report>
			<report>
				<misses>873200001</misses>
				<total>0</total>
				<timestamp>5744.930279</timestamp>
			</report>
			<report>
				<misses>873300001</misses>
				<total>0</total>
				<timestamp>5745.586646</timestamp>
			</report>
			<report>
				<misses>873400001</misses>
				<total>0</total>
				<timestamp>5746.245617</timestamp>
			</report>
			<report>
				<misses>873500001</misses>
				<total>0</total>
				<timestamp>5746.902645</timestamp>
			</report>
			<report>
				<misses>873600001</misses>
				<total>0</total>
				<timestamp>5747.560406</timestamp>
			</report>
			<report>
				<misses>873700001</misses>
				<total>0</total>
				<timestamp>5748.217652</timestamp>
			</report>
			<report>
				<misses>873800001</misses>
				<total>0</total>
				<timestamp>5748.876245</timestamp>
			</report>
			<report>
				<misses>873900001</misses>
				<total>0</total>
				<timestamp>5749.533369</timestamp>
			</report>
			<report>
				<misses>874000001</misses>
				<total>0</total>
				<timestamp>5750.190840</timestamp>
			</report>
			<report>
				<misses>874100001</misses>
				<total>0</total>
				<timestamp>5750.848104</timestamp>
			</report>
			<report>
				<misses>874200001</misses>
				<total>0</total>
				<timestamp>5751.505934</timestamp>
			</report>
			<report>
				<misses>874300001</misses>
				<total>0</total>
				<timestamp>5752.163906</timestamp>
			</report>
			<report>
				<misses>874400001</misses>
				<total>0</total>
				<timestamp>5752.822603</timestamp>
			</report>
			<report>
				<misses>874500001</misses>
				<total>0</total>
				<timestamp>5753.481829</timestamp>
			</report>
			<report>
				<misses>874600001</misses>
				<total>0</total>
				<timestamp>5754.140786</timestamp>
			</report>
			<report>
				<misses>874700001</misses>
				<total>0</total>
				<timestamp>5754.799899</timestamp>
			</report>
			<report>
				<misses>874800001</misses>
				<total>0</total>
				<timestamp>5755.458033</timestamp>
			</report>
			<report>
				<misses>874900001</misses>
				<total>0</total>
				<timestamp>5756.115503</timestamp>
			</report>
			<report>
				<misses>875000001</misses>
				<total>0</total>
				<timestamp>5756.773063</timestamp>
			</report>
			<report>
				<misses>875100001</misses>
				<total>0</total>
				<timestamp>5757.431344</timestamp>
			</report>
			<report>
				<misses>875200001</misses>
				<total>0</total>
				<timestamp>5758.087752</timestamp>
			</report>
			<report>
				<misses>875300001</misses>
				<total>0</total>
				<timestamp>5758.744410</timestamp>
			</report>
			<report>
				<misses>875400001</misses>
				<total>0</total>
				<timestamp>5759.402566</timestamp>
			</report>
			<report>
				<misses>875500001</misses>
				<total>0</total>
				<timestamp>5760.058959</timestamp>
			</report>
			<report>
				<misses>875600001</misses>
				<total>0</total>
				<timestamp>5760.719477</timestamp>
			</report>
			<report>
				<misses>875700001</misses>
				<total>0</total>
				<timestamp>5761.379315</timestamp>
			</report>
			<report>
				<misses>875800001</misses>
				<total>0</total>
				<timestamp>5762.039534</timestamp>
			</report>
			<report>
				<misses>875900001</misses>
				<total>0</total>
				<timestamp>5762.698253</timestamp>
			</report>
			<report>
				<misses>876000001</misses>
				<total>0</total>
				<timestamp>5763.357595</timestamp>
			</report>
			<report>
				<misses>876100001</misses>
				<total>0</total>
				<timestamp>5764.015623</timestamp>
			</report>
			<report>
				<misses>876200001</misses>
				<total>0</total>
				<timestamp>5764.674225</timestamp>
			</report>
			<report>
				<misses>876300001</misses>
				<total>0</total>
				<timestamp>5765.333558</timestamp>
			</report>
			<report>
				<misses>876400001</misses>
				<total>0</total>
				<timestamp>5765.991804</timestamp>
			</report>
			<report>
				<misses>876500001</misses>
				<total>0</total>
				<timestamp>5766.649942</timestamp>
			</report>
			<report>
				<misses>876600001</misses>
				<total>0</total>
				<timestamp>5767.306575</timestamp>
			</report>
			<report>
				<misses>876700001</misses>
				<total>0</total>
				<timestamp>5767.963146</timestamp>
			</report>
			<report>
				<misses>876800001</misses>
				<total>0</total>
				<timestamp>5768.619632</timestamp>
			</report>
			<report>
				<misses>876900001</misses>
				<total>0</total>
				<timestamp>5769.279207</timestamp>
			</report>
			<report>
				<misses>877000001</misses>
				<total>0</total>
				<timestamp>5769.933995</timestamp>
			</report>
			<report>
				<misses>877100001</misses>
				<total>0</total>
				<timestamp>5770.592515</timestamp>
			</report>
			<report>
				<misses>877200001</misses>
				<total>0</total>
				<timestamp>5771.248957</timestamp>
			</report>
			<report>
				<misses>877300001</misses>
				<total>0</total>
				<timestamp>5771.906553</timestamp>
			</report>
			<report>
				<misses>877400001</misses>
				<total>0</total>
				<timestamp>5772.564186</timestamp>
			</report>
			<report>
				<misses>877500001</misses>
				<total>0</total>
				<timestamp>5773.223024</timestamp>
			</report>
			<report>
				<misses>877600001</misses>
				<total>0</total>
				<timestamp>5773.880976</timestamp>
			</report>
			<report>
				<misses>877700001</misses>
				<total>0</total>
				<timestamp>5774.537898</timestamp>
			</report>
			<report>
				<misses>877800001</misses>
				<total>0</total>
				<timestamp>5775.194307</timestamp>
			</report>
			<report>
				<misses>877900001</misses>
				<total>0</total>
				<timestamp>5775.851035</timestamp>
			</report>
			<report>
				<misses>878000001</misses>
				<total>0</total>
				<timestamp>5776.508494</timestamp>
			</report>
			<report>
				<misses>878100001</misses>
				<total>0</total>
				<timestamp>5777.166344</timestamp>
			</report>
			<report>
				<misses>878200001</misses>
				<total>0</total>
				<timestamp>5777.823250</timestamp>
			</report>
			<report>
				<misses>878300001</misses>
				<total>0</total>
				<timestamp>5778.479603</timestamp>
			</report>
			<report>
				<misses>878400001</misses>
				<total>0</total>
				<timestamp>5779.136954</timestamp>
			</report>
			<report>
				<misses>878500001</misses>
				<total>0</total>
				<timestamp>5779.794726</timestamp>
			</report>
			<report>
				<misses>878600001</misses>
				<total>0</total>
				<timestamp>5780.453256</timestamp>
			</report>
			<report>
				<misses>878700001</misses>
				<total>0</total>
				<timestamp>5781.110367</timestamp>
			</report>
			<report>
				<misses>878800001</misses>
				<total>0</total>
				<timestamp>5781.766889</timestamp>
			</report>
			<report>
				<misses>878900001</misses>
				<total>0</total>
				<timestamp>5782.424283</timestamp>
			</report>
			<report>
				<misses>879000001</misses>
				<total>0</total>
				<timestamp>5783.081426</timestamp>
			</report>
			<report>
				<misses>879100001</misses>
				<total>0</total>
				<timestamp>5783.740816</timestamp>
			</report>
			<report>
				<misses>879200001</misses>
				<total>0</total>
				<timestamp>5784.398648</timestamp>
			</report>
			<report>
				<misses>879300001</misses>
				<total>0</total>
				<timestamp>5785.056214</timestamp>
			</report>
			<report>
				<misses>879400001</misses>
				<total>0</total>
				<timestamp>5785.714254</timestamp>
			</report>
			<report>
				<misses>879500001</misses>
				<total>0</total>
				<timestamp>5786.372238</timestamp>
			</report>
			<report>
				<misses>879600001</misses>
				<total>0</total>
				<timestamp>5787.030719</timestamp>
			</report>
			<report>
				<misses>879700001</misses>
				<total>0</total>
				<timestamp>5787.690990</timestamp>
			</report>
			<report>
				<misses>879800001</misses>
				<total>0</total>
				<timestamp>5788.351466</timestamp>
			</report>
			<report>
				<misses>879900001</misses>
				<total>0</total>
				<timestamp>5789.011677</timestamp>
			</report>
			<report>
				<misses>880000001</misses>
				<total>0</total>
				<timestamp>5789.671371</timestamp>
			</report>
			<report>
				<misses>880100001</misses>
				<total>0</total>
				<timestamp>5790.330548</timestamp>
			</report>
			<report>
				<misses>880200001</misses>
				<total>0</total>
				<timestamp>5790.989899</timestamp>
			</report>
			<report>
				<misses>880300001</misses>
				<total>0</total>
				<timestamp>5791.649922</timestamp>
			</report>
			<report>
				<misses>880400001</misses>
				<total>0</total>
				<timestamp>5792.306937</timestamp>
			</report>
			<report>
				<misses>880500001</misses>
				<total>0</total>
				<timestamp>5792.964575</timestamp>
			</report>
			<report>
				<misses>880600001</misses>
				<total>0</total>
				<timestamp>5793.621795</timestamp>
			</report>
			<report>
				<misses>880700001</misses>
				<total>0</total>
				<timestamp>5794.280009</timestamp>
			</report>
			<report>
				<misses>880800001</misses>
				<total>0</total>
				<timestamp>5794.938079</timestamp>
			</report>
			<report>
				<misses>880900001</misses>
				<total>0</total>
				<timestamp>5795.595356</timestamp>
			</report>
			<report>
				<misses>881000001</misses>
				<total>0</total>
				<timestamp>5796.251930</timestamp>
			</report>
			<report>
				<misses>881100001</misses>
				<total>0</total>
				<timestamp>5796.907914</timestamp>
			</report>
			<report>
				<misses>881200001</misses>
				<total>0</total>
				<timestamp>5797.566254</timestamp>
			</report>
			<report>
				<misses>881300001</misses>
				<total>0</total>
				<timestamp>5798.224483</timestamp>
			</report>
			<report>
				<misses>881400001</misses>
				<total>0</total>
				<timestamp>5798.881661</timestamp>
			</report>
			<report>
				<misses>881500001</misses>
				<total>0</total>
				<timestamp>5799.537549</timestamp>
			</report>
			<report>
				<misses>881600001</misses>
				<total>0</total>
				<timestamp>5800.194961</timestamp>
			</report>
			<report>
				<misses>881700001</misses>
				<total>0</total>
				<timestamp>5800.853400</timestamp>
			</report>
			<report>
				<misses>881800001</misses>
				<total>0</total>
				<timestamp>5801.510825</timestamp>
			</report>
			<report>
				<misses>881900001</misses>
				<total>0</total>
				<timestamp>5802.168474</timestamp>
			</report>
			<report>
				<misses>882000001</misses>
				<total>0</total>
				<timestamp>5802.825776</timestamp>
			</report>
			<report>
				<misses>882100001</misses>
				<total>0</total>
				<timestamp>5803.484210</timestamp>
			</report>
			<report>
				<misses>882200001</misses>
				<total>0</total>
				<timestamp>5804.141264</timestamp>
			</report>
			<report>
				<misses>882300001</misses>
				<total>0</total>
				<timestamp>5804.797721</timestamp>
			</report>
			<report>
				<misses>882400001</misses>
				<total>0</total>
				<timestamp>5805.456999</timestamp>
			</report>
			<report>
				<misses>882500001</misses>
				<total>0</total>
				<timestamp>5806.115836</timestamp>
			</report>
			<report>
				<misses>882600001</misses>
				<total>0</total>
				<timestamp>5806.773079</timestamp>
			</report>
			<report>
				<misses>882700001</misses>
				<total>0</total>
				<timestamp>5807.430493</timestamp>
			</report>
			<report>
				<misses>882800001</misses>
				<total>0</total>
				<timestamp>5808.088765</timestamp>
			</report>
			<report>
				<misses>882900001</misses>
				<total>0</total>
				<timestamp>5808.746313</timestamp>
			</report>
			<report>
				<misses>883000001</misses>
				<total>0</total>
				<timestamp>5809.404506</timestamp>
			</report>
			<report>
				<misses>883100001</misses>
				<total>0</total>
				<timestamp>5810.062555</timestamp>
			</report>
			<report>
				<misses>883200001</misses>
				<total>0</total>
				<timestamp>5810.721080</timestamp>
			</report>
			<report>
				<misses>883300001</misses>
				<total>0</total>
				<timestamp>5811.379279</timestamp>
			</report>
			<report>
				<misses>883400001</misses>
				<total>0</total>
				<timestamp>5812.036356</timestamp>
			</report>
			<report>
				<misses>883500001</misses>
				<total>0</total>
				<timestamp>5812.694892</timestamp>
			</report>
			<report>
				<misses>883600001</misses>
				<total>0</total>
				<timestamp>5813.352993</timestamp>
			</report>
			<report>
				<misses>883700001</misses>
				<total>0</total>
				<timestamp>5814.011262</timestamp>
			</report>
			<report>
				<misses>883800001</misses>
				<total>0</total>
				<timestamp>5814.670762</timestamp>
			</report>
			<report>
				<misses>883900001</misses>
				<total>0</total>
				<timestamp>5815.329482</timestamp>
			</report>
			<report>
				<misses>884000001</misses>
				<total>0</total>
				<timestamp>5815.987951</timestamp>
			</report>
			<report>
				<misses>884100001</misses>
				<total>0</total>
				<timestamp>5816.646674</timestamp>
			</report>
			<report>
				<misses>884200001</misses>
				<total>0</total>
				<timestamp>5817.306006</timestamp>
			</report>
			<report>
				<misses>884300001</misses>
				<total>0</total>
				<timestamp>5817.965128</timestamp>
			</report>
			<report>
				<misses>884400001</misses>
				<total>0</total>
				<timestamp>5818.623533</timestamp>
			</report>
			<report>
				<misses>884500001</misses>
				<total>0</total>
				<timestamp>5819.280607</timestamp>
			</report>
			<report>
				<misses>884600001</misses>
				<total>0</total>
				<timestamp>5819.937835</timestamp>
			</report>
			<report>
				<misses>884700001</misses>
				<total>0</total>
				<timestamp>5820.595945</timestamp>
			</report>
			<report>
				<misses>884800001</misses>
				<total>0</total>
				<timestamp>5821.254159</timestamp>
			</report>
			<report>
				<misses>884900001</misses>
				<total>0</total>
				<timestamp>5821.914636</timestamp>
			</report>
			<report>
				<misses>885000001</misses>
				<total>0</total>
				<timestamp>5822.572631</timestamp>
			</report>
			<report>
				<misses>885100001</misses>
				<total>0</total>
				<timestamp>5823.230059</timestamp>
			</report>
			<report>
				<misses>885200001</misses>
				<total>0</total>
				<timestamp>5823.888214</timestamp>
			</report>
			<report>
				<misses>885300001</misses>
				<total>0</total>
				<timestamp>5824.544963</timestamp>
			</report>
			<report>
				<misses>885400001</misses>
				<total>0</total>
				<timestamp>5825.202177</timestamp>
			</report>
			<report>
				<misses>885500001</misses>
				<total>0</total>
				<timestamp>5825.857127</timestamp>
			</report>
			<report>
				<misses>885600001</misses>
				<total>0</total>
				<timestamp>5826.514912</timestamp>
			</report>
			<report>
				<misses>885700001</misses>
				<total>0</total>
				<timestamp>5827.172638</timestamp>
			</report>
			<report>
				<misses>885800001</misses>
				<total>0</total>
				<timestamp>5827.830796</timestamp>
			</report>
			<report>
				<misses>885900001</misses>
				<total>0</total>
				<timestamp>5828.488627</timestamp>
			</report>
			<report>
				<misses>886000001</misses>
				<total>0</total>
				<timestamp>5829.146230</timestamp>
			</report>
			<report>
				<misses>886100001</misses>
				<total>0</total>
				<timestamp>5829.802851</timestamp>
			</report>
			<report>
				<misses>886200001</misses>
				<total>0</total>
				<timestamp>5830.458768</timestamp>
			</report>
			<report>
				<misses>886300001</misses>
				<total>0</total>
				<timestamp>5831.115664</timestamp>
			</report>
			<report>
				<misses>886400001</misses>
				<total>0</total>
				<timestamp>5831.772934</timestamp>
			</report>
			<report>
				<misses>886500001</misses>
				<total>0</total>
				<timestamp>5832.429674</timestamp>
			</report>
			<report>
				<misses>886600001</misses>
				<total>0</total>
				<timestamp>5833.086954</timestamp>
			</report>
			<report>
				<misses>886700001</misses>
				<total>0</total>
				<timestamp>5833.744579</timestamp>
			</report>
			<report>
				<misses>886800001</misses>
				<total>0</total>
				<timestamp>5834.402095</timestamp>
			</report>
			<report>
				<misses>886900001</misses>
				<total>0</total>
				<timestamp>5835.058972</timestamp>
			</report>
			<report>
				<misses>887000001</misses>
				<total>0</total>
				<timestamp>5835.717653</timestamp>
			</report>
			<report>
				<misses>887100001</misses>
				<total>0</total>
				<timestamp>5836.374144</timestamp>
			</report>
			<report>
				<misses>887200001</misses>
				<total>0</total>
				<timestamp>5837.031212</timestamp>
			</report>
			<report>
				<misses>887300001</misses>
				<total>0</total>
				<timestamp>5837.689638</timestamp>
			</report>
			<report>
				<misses>887400001</misses>
				<total>0</total>
				<timestamp>5838.347559</timestamp>
			</report>
			<report>
				<misses>887500001</misses>
				<total>0</total>
				<timestamp>5839.003377</timestamp>
			</report>
			<report>
				<misses>887600001</misses>
				<total>0</total>
				<timestamp>5839.660847</timestamp>
			</report>
			<report>
				<misses>887700001</misses>
				<total>0</total>
				<timestamp>5840.320660</timestamp>
			</report>
			<report>
				<misses>887800001</misses>
				<total>0</total>
				<timestamp>5840.980554</timestamp>
			</report>
			<report>
				<misses>887900001</misses>
				<total>0</total>
				<timestamp>5841.640091</timestamp>
			</report>
			<report>
				<misses>888000001</misses>
				<total>0</total>
				<timestamp>5842.298656</timestamp>
			</report>
			<report>
				<misses>888100001</misses>
				<total>0</total>
				<timestamp>5842.958205</timestamp>
			</report>
			<report>
				<misses>888200001</misses>
				<total>0</total>
				<timestamp>5843.617385</timestamp>
			</report>
			<report>
				<misses>888300001</misses>
				<total>0</total>
				<timestamp>5844.277196</timestamp>
			</report>
			<report>
				<misses>888400001</misses>
				<total>0</total>
				<timestamp>5844.936992</timestamp>
			</report>
			<report>
				<misses>888500001</misses>
				<total>0</total>
				<timestamp>5845.594630</timestamp>
			</report>
			<report>
				<misses>888600001</misses>
				<total>0</total>
				<timestamp>5846.252214</timestamp>
			</report>
			<report>
				<misses>888700001</misses>
				<total>0</total>
				<timestamp>5846.908749</timestamp>
			</report>
			<report>
				<misses>888800001</misses>
				<total>0</total>
				<timestamp>5847.566927</timestamp>
			</report>
			<report>
				<misses>888900001</misses>
				<total>0</total>
				<timestamp>5848.224118</timestamp>
			</report>
			<report>
				<misses>889000001</misses>
				<total>0</total>
				<timestamp>5848.882494</timestamp>
			</report>
			<report>
				<misses>889100001</misses>
				<total>0</total>
				<timestamp>5849.540309</timestamp>
			</report>
			<report>
				<misses>889200001</misses>
				<total>0</total>
				<timestamp>5850.198735</timestamp>
			</report>
			<report>
				<misses>889300001</misses>
				<total>0</total>
				<timestamp>5850.857232</timestamp>
			</report>
			<report>
				<misses>889400001</misses>
				<total>0</total>
				<timestamp>5851.515073</timestamp>
			</report>
			<report>
				<misses>889500001</misses>
				<total>0</total>
				<timestamp>5852.173799</timestamp>
			</report>
			<report>
				<misses>889600001</misses>
				<total>0</total>
				<timestamp>5852.831698</timestamp>
			</report>
			<report>
				<misses>889700001</misses>
				<total>0</total>
				<timestamp>5853.488721</timestamp>
			</report>
			<report>
				<misses>889800001</misses>
				<total>0</total>
				<timestamp>5854.145906</timestamp>
			</report>
			<report>
				<misses>889900001</misses>
				<total>0</total>
				<timestamp>5854.803009</timestamp>
			</report>
			<report>
				<misses>890000001</misses>
				<total>0</total>
				<timestamp>5855.461405</timestamp>
			</report>
			<report>
				<misses>890100001</misses>
				<total>0</total>
				<timestamp>5856.118689</timestamp>
			</report>
			<report>
				<misses>890200001</misses>
				<total>0</total>
				<timestamp>5856.776305</timestamp>
			</report>
			<report>
				<misses>890300001</misses>
				<total>0</total>
				<timestamp>5857.433966</timestamp>
			</report>
			<report>
				<misses>890400001</misses>
				<total>0</total>
				<timestamp>5858.091431</timestamp>
			</report>
			<report>
				<misses>890500001</misses>
				<total>0</total>
				<timestamp>5858.748861</timestamp>
			</report>
			<report>
				<misses>890600001</misses>
				<total>0</total>
				<timestamp>5859.408202</timestamp>
			</report>
			<report>
				<misses>890700001</misses>
				<total>0</total>
				<timestamp>5860.066633</timestamp>
			</report>
			<report>
				<misses>890800001</misses>
				<total>0</total>
				<timestamp>5860.724727</timestamp>
			</report>
			<report>
				<misses>890900001</misses>
				<total>0</total>
				<timestamp>5861.382078</timestamp>
			</report>
			<report>
				<misses>891000001</misses>
				<total>0</total>
				<timestamp>5862.040589</timestamp>
			</report>
			<report>
				<misses>891100001</misses>
				<total>0</total>
				<timestamp>5862.699276</timestamp>
			</report>
			<report>
				<misses>891200001</misses>
				<total>0</total>
				<timestamp>5863.358957</timestamp>
			</report>
			<report>
				<misses>891300001</misses>
				<total>0</total>
				<timestamp>5864.016615</timestamp>
			</report>
			<report>
				<misses>891400001</misses>
				<total>0</total>
				<timestamp>5864.674298</timestamp>
			</report>
			<report>
				<misses>891500001</misses>
				<total>0</total>
				<timestamp>5865.331803</timestamp>
			</report>
			<report>
				<misses>891600001</misses>
				<total>0</total>
				<timestamp>5865.990884</timestamp>
			</report>
			<report>
				<misses>891700001</misses>
				<total>0</total>
				<timestamp>5866.649122</timestamp>
			</report>
			<report>
				<misses>891800001</misses>
				<total>0</total>
				<timestamp>5867.307470</timestamp>
			</report>
			<report>
				<misses>891900001</misses>
				<total>0</total>
				<timestamp>5867.967041</timestamp>
			</report>
			<report>
				<misses>892000001</misses>
				<total>0</total>
				<timestamp>5868.624714</timestamp>
			</report>
			<report>
				<misses>892100001</misses>
				<total>0</total>
				<timestamp>5869.283275</timestamp>
			</report>
			<report>
				<misses>892200001</misses>
				<total>0</total>
				<timestamp>5869.942936</timestamp>
			</report>
			<report>
				<misses>892300001</misses>
				<total>0</total>
				<timestamp>5870.602951</timestamp>
			</report>
			<report>
				<misses>892400001</misses>
				<total>0</total>
				<timestamp>5871.262259</timestamp>
			</report>
			<report>
				<misses>892500001</misses>
				<total>0</total>
				<timestamp>5871.919830</timestamp>
			</report>
			<report>
				<misses>892600001</misses>
				<total>0</total>
				<timestamp>5872.577323</timestamp>
			</report>
			<report>
				<misses>892700001</misses>
				<total>0</total>
				<timestamp>5873.234882</timestamp>
			</report>
			<report>
				<misses>892800001</misses>
				<total>0</total>
				<timestamp>5873.891702</timestamp>
			</report>
			<report>
				<misses>892900001</misses>
				<total>0</total>
				<timestamp>5874.550212</timestamp>
			</report>
			<report>
				<misses>893000001</misses>
				<total>0</total>
				<timestamp>5875.209950</timestamp>
			</report>
			<report>
				<misses>893100001</misses>
				<total>0</total>
				<timestamp>5875.868064</timestamp>
			</report>
			<report>
				<misses>893200001</misses>
				<total>0</total>
				<timestamp>5876.525258</timestamp>
			</report>
			<report>
				<misses>893300001</misses>
				<total>0</total>
				<timestamp>5877.183171</timestamp>
			</report>
			<report>
				<misses>893400001</misses>
				<total>0</total>
				<timestamp>5877.840623</timestamp>
			</report>
			<report>
				<misses>893500001</misses>
				<total>0</total>
				<timestamp>5878.497109</timestamp>
			</report>
			<report>
				<misses>893600001</misses>
				<total>0</total>
				<timestamp>5879.154316</timestamp>
			</report>
			<report>
				<misses>893700001</misses>
				<total>0</total>
				<timestamp>5879.812422</timestamp>
			</report>
			<report>
				<misses>893800001</misses>
				<total>0</total>
				<timestamp>5880.470821</timestamp>
			</report>
			<report>
				<misses>893900001</misses>
				<total>0</total>
				<timestamp>5881.128096</timestamp>
			</report>
			<report>
				<misses>894000001</misses>
				<total>0</total>
				<timestamp>5881.784980</timestamp>
			</report>
			<report>
				<misses>894100001</misses>
				<total>0</total>
				<timestamp>5882.441521</timestamp>
			</report>
			<report>
				<misses>894200001</misses>
				<total>0</total>
				<timestamp>5883.099111</timestamp>
			</report>
			<report>
				<misses>894300001</misses>
				<total>0</total>
				<timestamp>5883.755762</timestamp>
			</report>
			<report>
				<misses>894400001</misses>
				<total>0</total>
				<timestamp>5884.413511</timestamp>
			</report>
			<report>
				<misses>894500001</misses>
				<total>0</total>
				<timestamp>5885.070777</timestamp>
			</report>
			<report>
				<misses>894600001</misses>
				<total>0</total>
				<timestamp>5885.728654</timestamp>
			</report>
			<report>
				<misses>894700001</misses>
				<total>0</total>
				<timestamp>5886.387998</timestamp>
			</report>
			<report>
				<misses>894800001</misses>
				<total>0</total>
				<timestamp>5887.046660</timestamp>
			</report>
			<report>
				<misses>894900001</misses>
				<total>0</total>
				<timestamp>5887.703057</timestamp>
			</report>
			<report>
				<misses>895000001</misses>
				<total>0</total>
				<timestamp>5888.361103</timestamp>
			</report>
			<report>
				<misses>895100001</misses>
				<total>0</total>
				<timestamp>5889.018159</timestamp>
			</report>
			<report>
				<misses>895200001</misses>
				<total>0</total>
				<timestamp>5889.677028</timestamp>
			</report>
			<report>
				<misses>895300001</misses>
				<total>0</total>
				<timestamp>5890.335190</timestamp>
			</report>
			<report>
				<misses>895400001</misses>
				<total>0</total>
				<timestamp>5890.991605</timestamp>
			</report>
			<report>
				<misses>895500001</misses>
				<total>0</total>
				<timestamp>5891.649266</timestamp>
			</report>
			<report>
				<misses>895600001</misses>
				<total>0</total>
				<timestamp>5892.307776</timestamp>
			</report>
			<report>
				<misses>895700001</misses>
				<total>0</total>
				<timestamp>5892.965801</timestamp>
			</report>
			<report>
				<misses>895800001</misses>
				<total>0</total>
				<timestamp>5893.624362</timestamp>
			</report>
			<report>
				<misses>895900001</misses>
				<total>0</total>
				<timestamp>5894.283087</timestamp>
			</report>
			<report>
				<misses>896000001</misses>
				<total>0</total>
				<timestamp>5894.942507</timestamp>
			</report>
			<report>
				<misses>896100001</misses>
				<total>0</total>
				<timestamp>5895.602487</timestamp>
			</report>
			<report>
				<misses>896200001</misses>
				<total>0</total>
				<timestamp>5896.261833</timestamp>
			</report>
			<report>
				<misses>896300001</misses>
				<total>0</total>
				<timestamp>5896.919426</timestamp>
			</report>
			<report>
				<misses>896400001</misses>
				<total>0</total>
				<timestamp>5897.578496</timestamp>
			</report>
			<report>
				<misses>896500001</misses>
				<total>0</total>
				<timestamp>5898.238022</timestamp>
			</report>
			<report>
				<misses>896600001</misses>
				<total>0</total>
				<timestamp>5898.896146</timestamp>
			</report>
			<report>
				<misses>896700001</misses>
				<total>0</total>
				<timestamp>5899.553658</timestamp>
			</report>
			<report>
				<misses>896800001</misses>
				<total>0</total>
				<timestamp>5900.212121</timestamp>
			</report>
			<report>
				<misses>896900001</misses>
				<total>0</total>
				<timestamp>5900.869620</timestamp>
			</report>
			<report>
				<misses>897000001</misses>
				<total>0</total>
				<timestamp>5901.526736</timestamp>
			</report>
			<report>
				<misses>897100001</misses>
				<total>0</total>
				<timestamp>5902.184686</timestamp>
			</report>
			<report>
				<misses>897200001</misses>
				<total>0</total>
				<timestamp>5902.842534</timestamp>
			</report>
			<report>
				<misses>897300001</misses>
				<total>0</total>
				<timestamp>5903.501512</timestamp>
			</report>
			<report>
				<misses>897400001</misses>
				<total>0</total>
				<timestamp>5904.157760</timestamp>
			</report>
			<report>
				<misses>897500001</misses>
				<total>0</total>
				<timestamp>5904.814845</timestamp>
			</report>
			<report>
				<misses>897600001</misses>
				<total>0</total>
				<timestamp>5905.473517</timestamp>
			</report>
			<report>
				<misses>897700001</misses>
				<total>0</total>
				<timestamp>5906.129665</timestamp>
			</report>
			<report>
				<misses>897800001</misses>
				<total>0</total>
				<timestamp>5906.787363</timestamp>
			</report>
			<report>
				<misses>897900001</misses>
				<total>0</total>
				<timestamp>5907.445550</timestamp>
			</report>
			<report>
				<misses>898000001</misses>
				<total>0</total>
				<timestamp>5908.102913</timestamp>
			</report>
			<report>
				<misses>898100001</misses>
				<total>0</total>
				<timestamp>5908.760253</timestamp>
			</report>
			<report>
				<misses>898200001</misses>
				<total>0</total>
				<timestamp>5909.418754</timestamp>
			</report>
			<report>
				<misses>898300001</misses>
				<total>0</total>
				<timestamp>5910.076891</timestamp>
			</report>
			<report>
				<misses>898400001</misses>
				<total>0</total>
				<timestamp>5910.735566</timestamp>
			</report>
			<report>
				<misses>898500001</misses>
				<total>0</total>
				<timestamp>5911.391750</timestamp>
			</report>
			<report>
				<misses>898600001</misses>
				<total>0</total>
				<timestamp>5912.049740</timestamp>
			</report>
			<report>
				<misses>898700001</misses>
				<total>0</total>
				<timestamp>5912.708006</timestamp>
			</report>
			<report>
				<misses>898800001</misses>
				<total>0</total>
				<timestamp>5913.365773</timestamp>
			</report>
			<report>
				<misses>898900001</misses>
				<total>0</total>
				<timestamp>5914.025043</timestamp>
			</report>
			<report>
				<misses>899000001</misses>
				<total>0</total>
				<timestamp>5914.681396</timestamp>
			</report>
			<report>
				<misses>899100001</misses>
				<total>0</total>
				<timestamp>5915.338625</timestamp>
			</report>
			<report>
				<misses>899200001</misses>
				<total>0</total>
				<timestamp>5915.997719</timestamp>
			</report>
			<report>
				<misses>899300001</misses>
				<total>0</total>
				<timestamp>5916.656224</timestamp>
			</report>
			<report>
				<misses>899400001</misses>
				<total>0</total>
				<timestamp>5917.313045</timestamp>
			</report>
			<report>
				<misses>899500001</misses>
				<total>0</total>
				<timestamp>5917.971555</timestamp>
			</report>
			<report>
				<misses>899600001</misses>
				<total>0</total>
				<timestamp>5918.630130</timestamp>
			</report>
			<report>
				<misses>899700001</misses>
				<total>0</total>
				<timestamp>5919.287376</timestamp>
			</report>
			<report>
				<misses>899800001</misses>
				<total>0</total>
				<timestamp>5919.945433</timestamp>
			</report>
			<report>
				<misses>899900001</misses>
				<total>0</total>
				<timestamp>5920.603325</timestamp>
			</report>
			<report>
				<misses>900000001</misses>
				<total>0</total>
				<timestamp>5921.261279</timestamp>
			</report>
			<report>
				<misses>900100001</misses>
				<total>0</total>
				<timestamp>5921.918977</timestamp>
			</report>
			<report>
				<misses>900200001</misses>
				<total>0</total>
				<timestamp>5922.577758</timestamp>
			</report>
			<report>
				<misses>900300001</misses>
				<total>0</total>
				<timestamp>5923.233819</timestamp>
			</report>
			<report>
				<misses>900400001</misses>
				<total>0</total>
				<timestamp>5923.891279</timestamp>
			</report>
			<report>
				<misses>900500001</misses>
				<total>0</total>
				<timestamp>5924.549222</timestamp>
			</report>
			<report>
				<misses>900600001</misses>
				<total>0</total>
				<timestamp>5925.206210</timestamp>
			</report>
			<report>
				<misses>900700001</misses>
				<total>0</total>
				<timestamp>5925.862333</timestamp>
			</report>
			<report>
				<misses>900800001</misses>
				<total>0</total>
				<timestamp>5926.519542</timestamp>
			</report>
			<report>
				<misses>900900001</misses>
				<total>0</total>
				<timestamp>5927.177587</timestamp>
			</report>
			<report>
				<misses>901000001</misses>
				<total>0</total>
				<timestamp>5927.835020</timestamp>
			</report>
			<report>
				<misses>901100001</misses>
				<total>0</total>
				<timestamp>5928.493696</timestamp>
			</report>
			<report>
				<misses>901200001</misses>
				<total>0</total>
				<timestamp>5929.150741</timestamp>
			</report>
			<report>
				<misses>901300001</misses>
				<total>0</total>
				<timestamp>5929.808777</timestamp>
			</report>
			<report>
				<misses>901400001</misses>
				<total>0</total>
				<timestamp>5930.466523</timestamp>
			</report>
			<report>
				<misses>901500001</misses>
				<total>0</total>
				<timestamp>5931.123624</timestamp>
			</report>
			<report>
				<misses>901600001</misses>
				<total>0</total>
				<timestamp>5931.782329</timestamp>
			</report>
			<report>
				<misses>901700001</misses>
				<total>0</total>
				<timestamp>5932.440505</timestamp>
			</report>
			<report>
				<misses>901800001</misses>
				<total>0</total>
				<timestamp>5933.097832</timestamp>
			</report>
			<report>
				<misses>901900001</misses>
				<total>0</total>
				<timestamp>5933.755408</timestamp>
			</report>
			<report>
				<misses>902000001</misses>
				<total>0</total>
				<timestamp>5934.413822</timestamp>
			</report>
			<report>
				<misses>902100001</misses>
				<total>0</total>
				<timestamp>5935.072212</timestamp>
			</report>
			<report>
				<misses>902200001</misses>
				<total>0</total>
				<timestamp>5935.731884</timestamp>
			</report>
			<report>
				<misses>902300001</misses>
				<total>0</total>
				<timestamp>5936.389409</timestamp>
			</report>
			<report>
				<misses>902400001</misses>
				<total>0</total>
				<timestamp>5937.048739</timestamp>
			</report>
			<report>
				<misses>902500001</misses>
				<total>0</total>
				<timestamp>5937.707461</timestamp>
			</report>
			<report>
				<misses>902600001</misses>
				<total>0</total>
				<timestamp>5938.366998</timestamp>
			</report>
			<report>
				<misses>902700001</misses>
				<total>0</total>
				<timestamp>5939.025704</timestamp>
			</report>
			<report>
				<misses>902800001</misses>
				<total>0</total>
				<timestamp>5939.684064</timestamp>
			</report>
			<report>
				<misses>902900001</misses>
				<total>0</total>
				<timestamp>5940.342990</timestamp>
			</report>
			<report>
				<misses>903000001</misses>
				<total>0</total>
				<timestamp>5941.001423</timestamp>
			</report>
			<report>
				<misses>903100001</misses>
				<total>0</total>
				<timestamp>5941.660185</timestamp>
			</report>
			<report>
				<misses>903200001</misses>
				<total>0</total>
				<timestamp>5942.318347</timestamp>
			</report>
			<report>
				<misses>903300001</misses>
				<total>0</total>
				<timestamp>5942.976797</timestamp>
			</report>
			<report>
				<misses>903400001</misses>
				<total>0</total>
				<timestamp>5943.635035</timestamp>
			</report>
			<report>
				<misses>903500001</misses>
				<total>0</total>
				<timestamp>5944.292949</timestamp>
			</report>
			<report>
				<misses>903600001</misses>
				<total>0</total>
				<timestamp>5944.951574</timestamp>
			</report>
			<report>
				<misses>903700001</misses>
				<total>0</total>
				<timestamp>5945.611049</timestamp>
			</report>
			<report>
				<misses>903800001</misses>
				<total>0</total>
				<timestamp>5946.268431</timestamp>
			</report>
			<report>
				<misses>903900001</misses>
				<total>0</total>
				<timestamp>5946.924466</timestamp>
			</report>
			<report>
				<misses>904000001</misses>
				<total>0</total>
				<timestamp>5947.581992</timestamp>
			</report>
			<report>
				<misses>904100001</misses>
				<total>0</total>
				<timestamp>5948.239649</timestamp>
			</report>
			<report>
				<misses>904200001</misses>
				<total>0</total>
				<timestamp>5948.897461</timestamp>
			</report>
			<report>
				<misses>904300001</misses>
				<total>0</total>
				<timestamp>5949.555749</timestamp>
			</report>
			<report>
				<misses>904400001</misses>
				<total>0</total>
				<timestamp>5950.214014</timestamp>
			</report>
			<report>
				<misses>904500001</misses>
				<total>0</total>
				<timestamp>5950.873308</timestamp>
			</report>
			<report>
				<misses>904600001</misses>
				<total>0</total>
				<timestamp>5951.529344</timestamp>
			</report>
			<report>
				<misses>904700001</misses>
				<total>0</total>
				<timestamp>5952.186784</timestamp>
			</report>
			<report>
				<misses>904800001</misses>
				<total>0</total>
				<timestamp>5952.842055</timestamp>
			</report>
			<report>
				<misses>904900001</misses>
				<total>0</total>
				<timestamp>5953.499246</timestamp>
			</report>
			<report>
				<misses>905000001</misses>
				<total>0</total>
				<timestamp>5954.157267</timestamp>
			</report>
			<report>
				<misses>905100001</misses>
				<total>0</total>
				<timestamp>5954.815577</timestamp>
			</report>
			<report>
				<misses>905200001</misses>
				<total>0</total>
				<timestamp>5955.472812</timestamp>
			</report>
			<report>
				<misses>905300001</misses>
				<total>0</total>
				<timestamp>5956.131109</timestamp>
			</report>
			<report>
				<misses>905400001</misses>
				<total>0</total>
				<timestamp>5956.789466</timestamp>
			</report>
			<report>
				<misses>905500001</misses>
				<total>0</total>
				<timestamp>5957.447638</timestamp>
			</report>
			<report>
				<misses>905600001</misses>
				<total>0</total>
				<timestamp>5958.105487</timestamp>
			</report>
			<report>
				<misses>905700001</misses>
				<total>0</total>
				<timestamp>5958.763482</timestamp>
			</report>
			<report>
				<misses>905800001</misses>
				<total>0</total>
				<timestamp>5959.421707</timestamp>
			</report>
			<report>
				<misses>905900001</misses>
				<total>0</total>
				<timestamp>5960.079792</timestamp>
			</report>
			<report>
				<misses>906000001</misses>
				<total>0</total>
				<timestamp>5960.737917</timestamp>
			</report>
			<report>
				<misses>906100001</misses>
				<total>0</total>
				<timestamp>5961.395459</timestamp>
			</report>
			<report>
				<misses>906200001</misses>
				<total>0</total>
				<timestamp>5962.053231</timestamp>
			</report>
			<report>
				<misses>906300001</misses>
				<total>0</total>
				<timestamp>5962.708842</timestamp>
			</report>
			<report>
				<misses>906400001</misses>
				<total>0</total>
				<timestamp>5963.365492</timestamp>
			</report>
			<report>
				<misses>906500001</misses>
				<total>0</total>
				<timestamp>5964.023377</timestamp>
			</report>
			<report>
				<misses>906600001</misses>
				<total>0</total>
				<timestamp>5964.681210</timestamp>
			</report>
			<report>
				<misses>906700001</misses>
				<total>0</total>
				<timestamp>5965.339062</timestamp>
			</report>
			<report>
				<misses>906800001</misses>
				<total>0</total>
				<timestamp>5965.997265</timestamp>
			</report>
			<report>
				<misses>906900001</misses>
				<total>0</total>
				<timestamp>5966.655277</timestamp>
			</report>
			<report>
				<misses>907000001</misses>
				<total>0</total>
				<timestamp>5967.312274</timestamp>
			</report>
			<report>
				<misses>907100001</misses>
				<total>0</total>
				<timestamp>5967.970859</timestamp>
			</report>
			<report>
				<misses>907200001</misses>
				<total>0</total>
				<timestamp>5968.630491</timestamp>
			</report>
			<report>
				<misses>907300001</misses>
				<total>0</total>
				<timestamp>5969.287292</timestamp>
			</report>
			<report>
				<misses>907400001</misses>
				<total>0</total>
				<timestamp>5969.945313</timestamp>
			</report>
			<report>
				<misses>907500001</misses>
				<total>0</total>
				<timestamp>5970.602979</timestamp>
			</report>
			<report>
				<misses>907600001</misses>
				<total>0</total>
				<timestamp>5971.260875</timestamp>
			</report>
			<report>
				<misses>907700001</misses>
				<total>0</total>
				<timestamp>5971.916801</timestamp>
			</report>
			<report>
				<misses>907800001</misses>
				<total>0</total>
				<timestamp>5972.573808</timestamp>
			</report>
			<report>
				<misses>907900001</misses>
				<total>0</total>
				<timestamp>5973.232594</timestamp>
			</report>
			<report>
				<misses>908000001</misses>
				<total>0</total>
				<timestamp>5973.889482</timestamp>
			</report>
			<report>
				<misses>908100001</misses>
				<total>0</total>
				<timestamp>5974.547224</timestamp>
			</report>
			<report>
				<misses>908200001</misses>
				<total>0</total>
				<timestamp>5975.205985</timestamp>
			</report>
			<report>
				<misses>908300001</misses>
				<total>0</total>
				<timestamp>5975.863584</timestamp>
			</report>
			<report>
				<misses>908400001</misses>
				<total>0</total>
				<timestamp>5976.520794</timestamp>
			</report>
			<report>
				<misses>908500001</misses>
				<total>0</total>
				<timestamp>5977.177295</timestamp>
			</report>
			<report>
				<misses>908600001</misses>
				<total>0</total>
				<timestamp>5977.833835</timestamp>
			</report>
			<report>
				<misses>908700001</misses>
				<total>0</total>
				<timestamp>5978.490774</timestamp>
			</report>
			<report>
				<misses>908800001</misses>
				<total>0</total>
				<timestamp>5979.148358</timestamp>
			</report>
			<report>
				<misses>908900001</misses>
				<total>0</total>
				<timestamp>5979.806335</timestamp>
			</report>
			<report>
				<misses>909000001</misses>
				<total>0</total>
				<timestamp>5980.465177</timestamp>
			</report>
			<report>
				<misses>909100001</misses>
				<total>0</total>
				<timestamp>5981.124603</timestamp>
			</report>
			<report>
				<misses>909200001</misses>
				<total>0</total>
				<timestamp>5981.784124</timestamp>
			</report>
			<report>
				<misses>909300001</misses>
				<total>0</total>
				<timestamp>5982.445505</timestamp>
			</report>
			<report>
				<misses>909400001</misses>
				<total>0</total>
				<timestamp>5983.106990</timestamp>
			</report>
			<report>
				<misses>909500001</misses>
				<total>0</total>
				<timestamp>5983.767097</timestamp>
			</report>
			<report>
				<misses>909600001</misses>
				<total>0</total>
				<timestamp>5984.425913</timestamp>
			</report>
			<report>
				<misses>909700001</misses>
				<total>0</total>
				<timestamp>5985.083722</timestamp>
			</report>
			<report>
				<misses>909800001</misses>
				<total>0</total>
				<timestamp>5985.741055</timestamp>
			</report>
			<report>
				<misses>909900001</misses>
				<total>0</total>
				<timestamp>5986.399039</timestamp>
			</report>
			<report>
				<misses>910000001</misses>
				<total>0</total>
				<timestamp>5987.055854</timestamp>
			</report>
			<report>
				<misses>910100001</misses>
				<total>0</total>
				<timestamp>5987.713012</timestamp>
			</report>
			<report>
				<misses>910200001</misses>
				<total>0</total>
				<timestamp>5988.370831</timestamp>
			</report>
			<report>
				<misses>910300001</misses>
				<total>0</total>
				<timestamp>5989.028341</timestamp>
			</report>
			<report>
				<misses>910400001</misses>
				<total>0</total>
				<timestamp>5989.686093</timestamp>
			</report>
			<report>
				<misses>910500001</misses>
				<total>0</total>
				<timestamp>5990.343146</timestamp>
			</report>
			<report>
				<misses>910600001</misses>
				<total>0</total>
				<timestamp>5991.001365</timestamp>
			</report>
			<report>
				<misses>910700001</misses>
				<total>0</total>
				<timestamp>5991.660046</timestamp>
			</report>
			<report>
				<misses>910800001</misses>
				<total>0</total>
				<timestamp>5992.317511</timestamp>
			</report>
			<report>
				<misses>910900001</misses>
				<total>0</total>
				<timestamp>5992.973720</timestamp>
			</report>
			<report>
				<misses>911000001</misses>
				<total>0</total>
				<timestamp>5993.632089</timestamp>
			</report>
			<report>
				<misses>911100001</misses>
				<total>0</total>
				<timestamp>5994.290288</timestamp>
			</report>
			<report>
				<misses>911200001</misses>
				<total>0</total>
				<timestamp>5994.948186</timestamp>
			</report>
			<report>
				<misses>911300001</misses>
				<total>0</total>
				<timestamp>5995.606268</timestamp>
			</report>
			<report>
				<misses>911400001</misses>
				<total>0</total>
				<timestamp>5996.263761</timestamp>
			</report>
			<report>
				<misses>911500001</misses>
				<total>0</total>
				<timestamp>5996.922100</timestamp>
			</report>
			<report>
				<misses>911600001</misses>
				<total>0</total>
				<timestamp>5997.579688</timestamp>
			</report>
			<report>
				<misses>911700001</misses>
				<total>0</total>
				<timestamp>5998.236792</timestamp>
			</report>
			<report>
				<misses>911800001</misses>
				<total>0</total>
				<timestamp>5998.894031</timestamp>
			</report>
			<report>
				<misses>911900001</misses>
				<total>0</total>
				<timestamp>5999.551570</timestamp>
			</report>
			<report>
				<misses>912000001</misses>
				<total>0</total>
				<timestamp>6000.210062</timestamp>
			</report>
			<report>
				<misses>912100001</misses>
				<total>0</total>
				<timestamp>6000.867131</timestamp>
			</report>
			<report>
				<misses>912200001</misses>
				<total>0</total>
				<timestamp>6001.526019</timestamp>
			</report>
			<report>
				<misses>912300001</misses>
				<total>0</total>
				<timestamp>6002.183707</timestamp>
			</report>
			<report>
				<misses>912400001</misses>
				<total>0</total>
				<timestamp>6002.841575</timestamp>
			</report>
			<report>
				<misses>912500001</misses>
				<total>0</total>
				<timestamp>6003.500707</timestamp>
			</report>
			<report>
				<misses>912600001</misses>
				<total>0</total>
				<timestamp>6004.160052</timestamp>
			</report>
			<report>
				<misses>912700001</misses>
				<total>0</total>
				<timestamp>6004.817668</timestamp>
			</report>
			<report>
				<misses>912800001</misses>
				<total>0</total>
				<timestamp>6005.474625</timestamp>
			</report>
			<report>
				<misses>912900001</misses>
				<total>0</total>
				<timestamp>6006.132223</timestamp>
			</report>
			<report>
				<misses>913000001</misses>
				<total>0</total>
				<timestamp>6006.788586</timestamp>
			</report>
			<report>
				<misses>913100001</misses>
				<total>0</total>
				<timestamp>6007.446176</timestamp>
			</report>
			<report>
				<misses>913200001</misses>
				<total>0</total>
				<timestamp>6008.103689</timestamp>
			</report>
			<report>
				<misses>913300001</misses>
				<total>0</total>
				<timestamp>6008.760238</timestamp>
			</report>
			<report>
				<misses>913400001</misses>
				<total>0</total>
				<timestamp>6009.418744</timestamp>
			</report>
			<report>
				<misses>913500001</misses>
				<total>0</total>
				<timestamp>6010.074717</timestamp>
			</report>
			<report>
				<misses>913600001</misses>
				<total>0</total>
				<timestamp>6010.733188</timestamp>
			</report>
			<report>
				<misses>913700001</misses>
				<total>0</total>
				<timestamp>6011.389992</timestamp>
			</report>
			<report>
				<misses>913800001</misses>
				<total>0</total>
				<timestamp>6012.047450</timestamp>
			</report>
			<report>
				<misses>913900001</misses>
				<total>0</total>
				<timestamp>6012.705764</timestamp>
			</report>
			<report>
				<misses>914000001</misses>
				<total>0</total>
				<timestamp>6013.363616</timestamp>
			</report>
			<report>
				<misses>914100001</misses>
				<total>0</total>
				<timestamp>6014.021364</timestamp>
			</report>
			<report>
				<misses>914200001</misses>
				<total>0</total>
				<timestamp>6014.679472</timestamp>
			</report>
			<report>
				<misses>914300001</misses>
				<total>0</total>
				<timestamp>6015.336409</timestamp>
			</report>
			<report>
				<misses>914400001</misses>
				<total>0</total>
				<timestamp>6015.993951</timestamp>
			</report>
			<report>
				<misses>914500001</misses>
				<total>0</total>
				<timestamp>6016.651330</timestamp>
			</report>
			<report>
				<misses>914600001</misses>
				<total>0</total>
				<timestamp>6017.310500</timestamp>
			</report>
			<report>
				<misses>914700001</misses>
				<total>0</total>
				<timestamp>6017.967916</timestamp>
			</report>
			<report>
				<misses>914800001</misses>
				<total>0</total>
				<timestamp>6018.626152</timestamp>
			</report>
			<report>
				<misses>914900001</misses>
				<total>0</total>
				<timestamp>6019.283570</timestamp>
			</report>
			<report>
				<misses>915000001</misses>
				<total>0</total>
				<timestamp>6019.941897</timestamp>
			</report>
			<report>
				<misses>915100001</misses>
				<total>0</total>
				<timestamp>6020.599972</timestamp>
			</report>
			<report>
				<misses>915200001</misses>
				<total>0</total>
				<timestamp>6021.257064</timestamp>
			</report>
			<report>
				<misses>915300001</misses>
				<total>0</total>
				<timestamp>6021.913721</timestamp>
			</report>
			<report>
				<misses>915400001</misses>
				<total>0</total>
				<timestamp>6022.572688</timestamp>
			</report>
			<report>
				<misses>915500001</misses>
				<total>0</total>
				<timestamp>6023.230217</timestamp>
			</report>
			<report>
				<misses>915600001</misses>
				<total>0</total>
				<timestamp>6023.888693</timestamp>
			</report>
			<report>
				<misses>915700001</misses>
				<total>0</total>
				<timestamp>6024.546850</timestamp>
			</report>
			<report>
				<misses>915800001</misses>
				<total>0</total>
				<timestamp>6025.204470</timestamp>
			</report>
			<report>
				<misses>915900001</misses>
				<total>0</total>
				<timestamp>6025.865086</timestamp>
			</report>
			<report>
				<misses>916000001</misses>
				<total>0</total>
				<timestamp>6026.524088</timestamp>
			</report>
			<report>
				<misses>916100001</misses>
				<total>0</total>
				<timestamp>6027.183002</timestamp>
			</report>
			<report>
				<misses>916200001</misses>
				<total>0</total>
				<timestamp>6027.841946</timestamp>
			</report>
			<report>
				<misses>916300001</misses>
				<total>0</total>
				<timestamp>6028.501076</timestamp>
			</report>
			<report>
				<misses>916400001</misses>
				<total>0</total>
				<timestamp>6029.160208</timestamp>
			</report>
			<report>
				<misses>916500001</misses>
				<total>0</total>
				<timestamp>6029.818360</timestamp>
			</report>
			<report>
				<misses>916600001</misses>
				<total>0</total>
				<timestamp>6030.477444</timestamp>
			</report>
			<report>
				<misses>916700001</misses>
				<total>0</total>
				<timestamp>6031.136323</timestamp>
			</report>
			<report>
				<misses>916800001</misses>
				<total>0</total>
				<timestamp>6031.794831</timestamp>
			</report>
			<report>
				<misses>916900001</misses>
				<total>0</total>
				<timestamp>6032.453101</timestamp>
			</report>
			<report>
				<misses>917000001</misses>
				<total>0</total>
				<timestamp>6033.111432</timestamp>
			</report>
			<report>
				<misses>917100001</misses>
				<total>0</total>
				<timestamp>6033.769217</timestamp>
			</report>
			<report>
				<misses>917200001</misses>
				<total>0</total>
				<timestamp>6034.426823</timestamp>
			</report>
			<report>
				<misses>917300001</misses>
				<total>0</total>
				<timestamp>6035.083632</timestamp>
			</report>
			<report>
				<misses>917400001</misses>
				<total>0</total>
				<timestamp>6035.741045</timestamp>
			</report>
			<report>
				<misses>917500001</misses>
				<total>0</total>
				<timestamp>6036.399983</timestamp>
			</report>
			<report>
				<misses>917600001</misses>
				<total>0</total>
				<timestamp>6037.058842</timestamp>
			</report>
			<report>
				<misses>917700001</misses>
				<total>0</total>
				<timestamp>6037.716596</timestamp>
			</report>
			<report>
				<misses>917800001</misses>
				<total>0</total>
				<timestamp>6038.374456</timestamp>
			</report>
			<report>
				<misses>917900001</misses>
				<total>0</total>
				<timestamp>6039.031985</timestamp>
			</report>
			<report>
				<misses>918000001</misses>
				<total>0</total>
				<timestamp>6039.689606</timestamp>
			</report>
			<report>
				<misses>918100001</misses>
				<total>0</total>
				<timestamp>6040.347300</timestamp>
			</report>
			<report>
				<misses>918200001</misses>
				<total>0</total>
				<timestamp>6041.005366</timestamp>
			</report>
			<report>
				<misses>918300001</misses>
				<total>0</total>
				<timestamp>6041.663713</timestamp>
			</report>
			<report>
				<misses>918400001</misses>
				<total>0</total>
				<timestamp>6042.320650</timestamp>
			</report>
			<report>
				<misses>918500001</misses>
				<total>0</total>
				<timestamp>6042.977594</timestamp>
			</report>
			<report>
				<misses>918600001</misses>
				<total>0</total>
				<timestamp>6043.635648</timestamp>
			</report>
			<report>
				<misses>918700001</misses>
				<total>0</total>
				<timestamp>6044.293774</timestamp>
			</report>
			<report>
				<misses>918800001</misses>
				<total>0</total>
				<timestamp>6044.950406</timestamp>
			</report>
			<report>
				<misses>918900001</misses>
				<total>0</total>
				<timestamp>6045.608639</timestamp>
			</report>
			<report>
				<misses>919000001</misses>
				<total>0</total>
				<timestamp>6046.265425</timestamp>
			</report>
			<report>
				<misses>919100001</misses>
				<total>0</total>
				<timestamp>6046.923725</timestamp>
			</report>
			<report>
				<misses>919200001</misses>
				<total>0</total>
				<timestamp>6047.581090</timestamp>
			</report>
			<report>
				<misses>919300001</misses>
				<total>0</total>
				<timestamp>6048.238425</timestamp>
			</report>
			<report>
				<misses>919400001</misses>
				<total>0</total>
				<timestamp>6048.895539</timestamp>
			</report>
			<report>
				<misses>919500001</misses>
				<total>0</total>
				<timestamp>6049.550939</timestamp>
			</report>
			<report>
				<misses>919600001</misses>
				<total>0</total>
				<timestamp>6050.208142</timestamp>
			</report>
			<report>
				<misses>919700001</misses>
				<total>0</total>
				<timestamp>6050.866737</timestamp>
			</report>
			<report>
				<misses>919800001</misses>
				<total>0</total>
				<timestamp>6051.523899</timestamp>
			</report>
			<report>
				<misses>919900001</misses>
				<total>0</total>
				<timestamp>6052.182231</timestamp>
			</report>
			<report>
				<misses>920000001</misses>
				<total>0</total>
				<timestamp>6052.839422</timestamp>
			</report>
			<report>
				<misses>920100001</misses>
				<total>0</total>
				<timestamp>6053.498015</timestamp>
			</report>
			<report>
				<misses>920200001</misses>
				<total>0</total>
				<timestamp>6054.156033</timestamp>
			</report>
			<report>
				<misses>920300001</misses>
				<total>0</total>
				<timestamp>6054.814017</timestamp>
			</report>
			<report>
				<misses>920400001</misses>
				<total>0</total>
				<timestamp>6055.471392</timestamp>
			</report>
			<report>
				<misses>920500001</misses>
				<total>0</total>
				<timestamp>6056.128348</timestamp>
			</report>
			<report>
				<misses>920600001</misses>
				<total>0</total>
				<timestamp>6056.786779</timestamp>
			</report>
			<report>
				<misses>920700001</misses>
				<total>0</total>
				<timestamp>6057.444987</timestamp>
			</report>
			<report>
				<misses>920800001</misses>
				<total>0</total>
				<timestamp>6058.103084</timestamp>
			</report>
			<report>
				<misses>920900001</misses>
				<total>0</total>
				<timestamp>6058.760625</timestamp>
			</report>
			<report>
				<misses>921000001</misses>
				<total>0</total>
				<timestamp>6059.419432</timestamp>
			</report>
			<report>
				<misses>921100001</misses>
				<total>0</total>
				<timestamp>6060.076283</timestamp>
			</report>
			<report>
				<misses>921200001</misses>
				<total>0</total>
				<timestamp>6060.733880</timestamp>
			</report>
			<report>
				<misses>921300001</misses>
				<total>0</total>
				<timestamp>6061.391842</timestamp>
			</report>
			<report>
				<misses>921400001</misses>
				<total>0</total>
				<timestamp>6062.050201</timestamp>
			</report>
			<report>
				<misses>921500001</misses>
				<total>0</total>
				<timestamp>6062.705730</timestamp>
			</report>
			<report>
				<misses>921600001</misses>
				<total>0</total>
				<timestamp>6063.362737</timestamp>
			</report>
			<report>
				<misses>921700001</misses>
				<total>0</total>
				<timestamp>6064.021728</timestamp>
			</report>
			<report>
				<misses>921800001</misses>
				<total>0</total>
				<timestamp>6064.681374</timestamp>
			</report>
			<report>
				<misses>921900001</misses>
				<total>0</total>
				<timestamp>6065.340771</timestamp>
			</report>
			<report>
				<misses>922000001</misses>
				<total>0</total>
				<timestamp>6065.999304</timestamp>
			</report>
			<report>
				<misses>922100001</misses>
				<total>0</total>
				<timestamp>6066.656572</timestamp>
			</report>
			<report>
				<misses>922200001</misses>
				<total>0</total>
				<timestamp>6067.314742</timestamp>
			</report>
			<report>
				<misses>922300001</misses>
				<total>0</total>
				<timestamp>6067.973538</timestamp>
			</report>
			<report>
				<misses>922400001</misses>
				<total>0</total>
				<timestamp>6068.631715</timestamp>
			</report>
			<report>
				<misses>922500001</misses>
				<total>0</total>
				<timestamp>6069.289516</timestamp>
			</report>
			<report>
				<misses>922600001</misses>
				<total>0</total>
				<timestamp>6069.947937</timestamp>
			</report>
			<report>
				<misses>922700001</misses>
				<total>0</total>
				<timestamp>6070.606725</timestamp>
			</report>
			<report>
				<misses>922800001</misses>
				<total>0</total>
				<timestamp>6071.265279</timestamp>
			</report>
			<report>
				<misses>922900001</misses>
				<total>0</total>
				<timestamp>6071.925344</timestamp>
			</report>
			<report>
				<misses>923000001</misses>
				<total>0</total>
				<timestamp>6072.584418</timestamp>
			</report>
			<report>
				<misses>923100001</misses>
				<total>0</total>
				<timestamp>6073.243523</timestamp>
			</report>
			<report>
				<misses>923200001</misses>
				<total>0</total>
				<timestamp>6073.902302</timestamp>
			</report>
			<report>
				<misses>923300001</misses>
				<total>0</total>
				<timestamp>6074.560691</timestamp>
			</report>
			<report>
				<misses>923400001</misses>
				<total>0</total>
				<timestamp>6075.219460</timestamp>
			</report>
			<report>
				<misses>923500001</misses>
				<total>0</total>
				<timestamp>6075.877629</timestamp>
			</report>
			<report>
				<misses>923600001</misses>
				<total>0</total>
				<timestamp>6076.535974</timestamp>
			</report>
			<report>
				<misses>923700001</misses>
				<total>0</total>
				<timestamp>6077.194053</timestamp>
			</report>
			<report>
				<misses>923800001</misses>
				<total>0</total>
				<timestamp>6077.852244</timestamp>
			</report>
			<report>
				<misses>923900001</misses>
				<total>0</total>
				<timestamp>6078.509884</timestamp>
			</report>
			<report>
				<misses>924000001</misses>
				<total>0</total>
				<timestamp>6079.167974</timestamp>
			</report>
			<report>
				<misses>924100001</misses>
				<total>0</total>
				<timestamp>6079.825830</timestamp>
			</report>
			<report>
				<misses>924200001</misses>
				<total>0</total>
				<timestamp>6080.483975</timestamp>
			</report>
			<report>
				<misses>924300001</misses>
				<total>0</total>
				<timestamp>6081.141286</timestamp>
			</report>
			<report>
				<misses>924400001</misses>
				<total>0</total>
				<timestamp>6081.798370</timestamp>
			</report>
			<report>
				<misses>924500001</misses>
				<total>0</total>
				<timestamp>6082.456377</timestamp>
			</report>
			<report>
				<misses>924600001</misses>
				<total>0</total>
				<timestamp>6083.115134</timestamp>
			</report>
			<report>
				<misses>924700001</misses>
				<total>0</total>
				<timestamp>6083.774037</timestamp>
			</report>
			<report>
				<misses>924800001</misses>
				<total>0</total>
				<timestamp>6084.430140</timestamp>
			</report>
			<report>
				<misses>924900001</misses>
				<total>0</total>
				<timestamp>6085.088991</timestamp>
			</report>
			<report>
				<misses>925000001</misses>
				<total>0</total>
				<timestamp>6085.745616</timestamp>
			</report>
			<report>
				<misses>925100001</misses>
				<total>0</total>
				<timestamp>6086.403915</timestamp>
			</report>
			<report>
				<misses>925200001</misses>
				<total>0</total>
				<timestamp>6087.061936</timestamp>
			</report>
			<report>
				<misses>925300001</misses>
				<total>0</total>
				<timestamp>6087.717670</timestamp>
			</report>
			<report>
				<misses>925400001</misses>
				<total>0</total>
				<timestamp>6088.376929</timestamp>
			</report>
			<report>
				<misses>925500001</misses>
				<total>0</total>
				<timestamp>6089.035276</timestamp>
			</report>
			<report>
				<misses>925600001</misses>
				<total>0</total>
				<timestamp>6089.691932</timestamp>
			</report>
			<report>
				<misses>925700001</misses>
				<total>0</total>
				<timestamp>6090.349418</timestamp>
			</report>
			<report>
				<misses>925800001</misses>
				<total>0</total>
				<timestamp>6091.006965</timestamp>
			</report>
			<report>
				<misses>925900001</misses>
				<total>0</total>
				<timestamp>6091.665045</timestamp>
			</report>
			<report>
				<misses>926000001</misses>
				<total>0</total>
				<timestamp>6092.322780</timestamp>
			</report>
			<report>
				<misses>926100001</misses>
				<total>0</total>
				<timestamp>6092.980516</timestamp>
			</report>
			<report>
				<misses>926200001</misses>
				<total>0</total>
				<timestamp>6093.639127</timestamp>
			</report>
			<report>
				<misses>926300001</misses>
				<total>0</total>
				<timestamp>6094.296708</timestamp>
			</report>
			<report>
				<misses>926400001</misses>
				<total>0</total>
				<timestamp>6094.954420</timestamp>
			</report>
			<report>
				<misses>926500001</misses>
				<total>0</total>
				<timestamp>6095.612345</timestamp>
			</report>
			<report>
				<misses>926600001</misses>
				<total>0</total>
				<timestamp>6096.269667</timestamp>
			</report>
			<report>
				<misses>926700001</misses>
				<total>0</total>
				<timestamp>6096.928695</timestamp>
			</report>
			<report>
				<misses>926800001</misses>
				<total>0</total>
				<timestamp>6097.587070</timestamp>
			</report>
			<report>
				<misses>926900001</misses>
				<total>0</total>
				<timestamp>6098.244450</timestamp>
			</report>
			<report>
				<misses>927000001</misses>
				<total>0</total>
				<timestamp>6098.902811</timestamp>
			</report>
			<report>
				<misses>927100001</misses>
				<total>0</total>
				<timestamp>6099.559831</timestamp>
			</report>
			<report>
				<misses>927200001</misses>
				<total>0</total>
				<timestamp>6100.218253</timestamp>
			</report>
			<report>
				<misses>927300001</misses>
				<total>0</total>
				<timestamp>6100.877162</timestamp>
			</report>
			<report>
				<misses>927400001</misses>
				<total>0</total>
				<timestamp>6101.536025</timestamp>
			</report>
			<report>
				<misses>927500001</misses>
				<total>0</total>
				<timestamp>6102.195246</timestamp>
			</report>
			<report>
				<misses>927600001</misses>
				<total>0</total>
				<timestamp>6102.853387</timestamp>
			</report>
			<report>
				<misses>927700001</misses>
				<total>0</total>
				<timestamp>6103.510751</timestamp>
			</report>
			<report>
				<misses>927800001</misses>
				<total>0</total>
				<timestamp>6104.167452</timestamp>
			</report>
			<report>
				<misses>927900001</misses>
				<total>0</total>
				<timestamp>6104.824936</timestamp>
			</report>
			<report>
				<misses>928000001</misses>
				<total>0</total>
				<timestamp>6105.483158</timestamp>
			</report>
			<report>
				<misses>928100001</misses>
				<total>0</total>
				<timestamp>6106.140222</timestamp>
			</report>
			<report>
				<misses>928200001</misses>
				<total>0</total>
				<timestamp>6106.798196</timestamp>
			</report>
			<report>
				<misses>928300001</misses>
				<total>0</total>
				<timestamp>6107.456813</timestamp>
			</report>
			<report>
				<misses>928400001</misses>
				<total>0</total>
				<timestamp>6108.115027</timestamp>
			</report>
			<report>
				<misses>928500001</misses>
				<total>0</total>
				<timestamp>6108.771980</timestamp>
			</report>
			<report>
				<misses>928600001</misses>
				<total>0</total>
				<timestamp>6109.429336</timestamp>
			</report>
			<report>
				<misses>928700001</misses>
				<total>0</total>
				<timestamp>6110.087275</timestamp>
			</report>
			<report>
				<misses>928800001</misses>
				<total>0</total>
				<timestamp>6110.744526</timestamp>
			</report>
			<report>
				<misses>928900001</misses>
				<total>0</total>
				<timestamp>6111.401568</timestamp>
			</report>
			<report>
				<misses>929000001</misses>
				<total>0</total>
				<timestamp>6112.058752</timestamp>
			</report>
			<report>
				<misses>929100001</misses>
				<total>0</total>
				<timestamp>6112.717086</timestamp>
			</report>
			<report>
				<misses>929200001</misses>
				<total>0</total>
				<timestamp>6113.374330</timestamp>
			</report>
			<report>
				<misses>929300001</misses>
				<total>0</total>
				<timestamp>6114.031952</timestamp>
			</report>
			<report>
				<misses>929400001</misses>
				<total>0</total>
				<timestamp>6114.689375</timestamp>
			</report>
			<report>
				<misses>929500001</misses>
				<total>0</total>
				<timestamp>6115.347609</timestamp>
			</report>
			<report>
				<misses>929600001</misses>
				<total>0</total>
				<timestamp>6116.005642</timestamp>
			</report>
			<report>
				<misses>929700001</misses>
				<total>0</total>
				<timestamp>6116.665904</timestamp>
			</report>
			<report>
				<misses>929800001</misses>
				<total>0</total>
				<timestamp>6117.325762</timestamp>
			</report>
			<report>
				<misses>929900001</misses>
				<total>0</total>
				<timestamp>6117.984795</timestamp>
			</report>
			<report>
				<misses>930000001</misses>
				<total>0</total>
				<timestamp>6118.644594</timestamp>
			</report>
			<report>
				<misses>930100001</misses>
				<total>0</total>
				<timestamp>6119.304712</timestamp>
			</report>
			<report>
				<misses>930200001</misses>
				<total>0</total>
				<timestamp>6119.963896</timestamp>
			</report>
			<report>
				<misses>930300001</misses>
				<total>0</total>
				<timestamp>6120.623959</timestamp>
			</report>
			<report>
				<misses>930400001</misses>
				<total>0</total>
				<timestamp>6121.281769</timestamp>
			</report>
			<report>
				<misses>930500001</misses>
				<total>0</total>
				<timestamp>6121.939044</timestamp>
			</report>
			<report>
				<misses>930600001</misses>
				<total>0</total>
				<timestamp>6122.597869</timestamp>
			</report>
			<report>
				<misses>930700001</misses>
				<total>0</total>
				<timestamp>6123.255145</timestamp>
			</report>
			<report>
				<misses>930800001</misses>
				<total>0</total>
				<timestamp>6123.912870</timestamp>
			</report>
			<report>
				<misses>930900001</misses>
				<total>0</total>
				<timestamp>6124.571290</timestamp>
			</report>
			<report>
				<misses>931000001</misses>
				<total>0</total>
				<timestamp>6125.227997</timestamp>
			</report>
			<report>
				<misses>931100001</misses>
				<total>0</total>
				<timestamp>6125.887082</timestamp>
			</report>
			<report>
				<misses>931200001</misses>
				<total>0</total>
				<timestamp>6126.544858</timestamp>
			</report>
			<report>
				<misses>931300001</misses>
				<total>0</total>
				<timestamp>6127.202332</timestamp>
			</report>
			<report>
				<misses>931400001</misses>
				<total>0</total>
				<timestamp>6127.859870</timestamp>
			</report>
			<report>
				<misses>931500001</misses>
				<total>0</total>
				<timestamp>6128.518357</timestamp>
			</report>
			<report>
				<misses>931600001</misses>
				<total>0</total>
				<timestamp>6129.175784</timestamp>
			</report>
			<report>
				<misses>931700001</misses>
				<total>0</total>
				<timestamp>6129.833594</timestamp>
			</report>
			<report>
				<misses>931800001</misses>
				<total>0</total>
				<timestamp>6130.490639</timestamp>
			</report>
			<report>
				<misses>931900001</misses>
				<total>0</total>
				<timestamp>6131.148247</timestamp>
			</report>
			<report>
				<misses>932000001</misses>
				<total>0</total>
				<timestamp>6131.805928</timestamp>
			</report>
			<report>
				<misses>932100001</misses>
				<total>0</total>
				<timestamp>6132.463479</timestamp>
			</report>
			<report>
				<misses>932200001</misses>
				<total>0</total>
				<timestamp>6133.120724</timestamp>
			</report>
			<report>
				<misses>932300001</misses>
				<total>0</total>
				<timestamp>6133.778603</timestamp>
			</report>
			<report>
				<misses>932400001</misses>
				<total>0</total>
				<timestamp>6134.436953</timestamp>
			</report>
			<report>
				<misses>932500001</misses>
				<total>0</total>
				<timestamp>6135.092858</timestamp>
			</report>
			<report>
				<misses>932600001</misses>
				<total>0</total>
				<timestamp>6135.751599</timestamp>
			</report>
			<report>
				<misses>932700001</misses>
				<total>0</total>
				<timestamp>6136.408243</timestamp>
			</report>
			<report>
				<misses>932800001</misses>
				<total>0</total>
				<timestamp>6137.065744</timestamp>
			</report>
			<report>
				<misses>932900001</misses>
				<total>0</total>
				<timestamp>6137.723457</timestamp>
			</report>
			<report>
				<misses>933000001</misses>
				<total>0</total>
				<timestamp>6138.380583</timestamp>
			</report>
			<report>
				<misses>933100001</misses>
				<total>0</total>
				<timestamp>6139.038672</timestamp>
			</report>
			<report>
				<misses>933200001</misses>
				<total>0</total>
				<timestamp>6139.696062</timestamp>
			</report>
			<report>
				<misses>933300001</misses>
				<total>0</total>
				<timestamp>6140.353853</timestamp>
			</report>
			<report>
				<misses>933400001</misses>
				<total>0</total>
				<timestamp>6141.011102</timestamp>
			</report>
			<report>
				<misses>933500001</misses>
				<total>0</total>
				<timestamp>6141.668436</timestamp>
			</report>
			<report>
				<misses>933600001</misses>
				<total>0</total>
				<timestamp>6142.325877</timestamp>
			</report>
			<report>
				<misses>933700001</misses>
				<total>0</total>
				<timestamp>6142.984955</timestamp>
			</report>
			<report>
				<misses>933800001</misses>
				<total>0</total>
				<timestamp>6143.643181</timestamp>
			</report>
			<report>
				<misses>933900001</misses>
				<total>0</total>
				<timestamp>6144.302021</timestamp>
			</report>
			<report>
				<misses>934000001</misses>
				<total>0</total>
				<timestamp>6144.959847</timestamp>
			</report>
			<report>
				<misses>934100001</misses>
				<total>0</total>
				<timestamp>6145.618338</timestamp>
			</report>
			<report>
				<misses>934200001</misses>
				<total>0</total>
				<timestamp>6146.276239</timestamp>
			</report>
			<report>
				<misses>934300001</misses>
				<total>0</total>
				<timestamp>6146.933446</timestamp>
			</report>
			<report>
				<misses>934400001</misses>
				<total>0</total>
				<timestamp>6147.590594</timestamp>
			</report>
			<report>
				<misses>934500001</misses>
				<total>0</total>
				<timestamp>6148.248322</timestamp>
			</report>
			<report>
				<misses>934600001</misses>
				<total>0</total>
				<timestamp>6148.905190</timestamp>
			</report>
			<report>
				<misses>934700001</misses>
				<total>0</total>
				<timestamp>6149.562359</timestamp>
			</report>
			<report>
				<misses>934800001</misses>
				<total>0</total>
				<timestamp>6150.219174</timestamp>
			</report>
			<report>
				<misses>934900001</misses>
				<total>0</total>
				<timestamp>6150.875811</timestamp>
			</report>
			<report>
				<misses>935000001</misses>
				<total>0</total>
				<timestamp>6151.533859</timestamp>
			</report>
			<report>
				<misses>935100001</misses>
				<total>0</total>
				<timestamp>6152.191180</timestamp>
			</report>
			<report>
				<misses>935200001</misses>
				<total>0</total>
				<timestamp>6152.848362</timestamp>
			</report>
			<report>
				<misses>935300001</misses>
				<total>0</total>
				<timestamp>6153.506187</timestamp>
			</report>
			<report>
				<misses>935400001</misses>
				<total>0</total>
				<timestamp>6154.164537</timestamp>
			</report>
			<report>
				<misses>935500001</misses>
				<total>0</total>
				<timestamp>6154.823249</timestamp>
			</report>
			<report>
				<misses>935600001</misses>
				<total>0</total>
				<timestamp>6155.481968</timestamp>
			</report>
			<report>
				<misses>935700001</misses>
				<total>0</total>
				<timestamp>6156.140183</timestamp>
			</report>
			<report>
				<misses>935800001</misses>
				<total>0</total>
				<timestamp>6156.797801</timestamp>
			</report>
			<report>
				<misses>935900001</misses>
				<total>0</total>
				<timestamp>6157.455873</timestamp>
			</report>
			<report>
				<misses>936000001</misses>
				<total>0</total>
				<timestamp>6158.113700</timestamp>
			</report>
			<report>
				<misses>936100001</misses>
				<total>0</total>
				<timestamp>6158.770814</timestamp>
			</report>
			<report>
				<misses>936200001</misses>
				<total>0</total>
				<timestamp>6159.428260</timestamp>
			</report>
			<report>
				<misses>936300001</misses>
				<total>0</total>
				<timestamp>6160.085270</timestamp>
			</report>
			<report>
				<misses>936400001</misses>
				<total>0</total>
				<timestamp>6160.743950</timestamp>
			</report>
			<report>
				<misses>936500001</misses>
				<total>0</total>
				<timestamp>6161.401948</timestamp>
			</report>
			<report>
				<misses>936600001</misses>
				<total>0</total>
				<timestamp>6162.061012</timestamp>
			</report>
			<report>
				<misses>936700001</misses>
				<total>0</total>
				<timestamp>6162.719119</timestamp>
			</report>
			<report>
				<misses>936800001</misses>
				<total>0</total>
				<timestamp>6163.377148</timestamp>
			</report>
			<report>
				<misses>936900001</misses>
				<total>0</total>
				<timestamp>6164.036609</timestamp>
			</report>
			<report>
				<misses>937000001</misses>
				<total>0</total>
				<timestamp>6164.694841</timestamp>
			</report>
			<report>
				<misses>937100001</misses>
				<total>0</total>
				<timestamp>6165.353185</timestamp>
			</report>
			<report>
				<misses>937200001</misses>
				<total>0</total>
				<timestamp>6166.010662</timestamp>
			</report>
			<report>
				<misses>937300001</misses>
				<total>0</total>
				<timestamp>6166.667734</timestamp>
			</report>
			<report>
				<misses>937400001</misses>
				<total>0</total>
				<timestamp>6167.325064</timestamp>
			</report>
			<report>
				<misses>937500001</misses>
				<total>0</total>
				<timestamp>6167.982677</timestamp>
			</report>
			<report>
				<misses>937600001</misses>
				<total>0</total>
				<timestamp>6168.641353</timestamp>
			</report>
			<report>
				<misses>937700001</misses>
				<total>0</total>
				<timestamp>6169.299323</timestamp>
			</report>
			<report>
				<misses>937800001</misses>
				<total>0</total>
				<timestamp>6169.957065</timestamp>
			</report>
			<report>
				<misses>937900001</misses>
				<total>0</total>
				<timestamp>6170.616406</timestamp>
			</report>
			<report>
				<misses>938000001</misses>
				<total>0</total>
				<timestamp>6171.274173</timestamp>
			</report>
			<report>
				<misses>938100001</misses>
				<total>0</total>
				<timestamp>6171.931718</timestamp>
			</report>
			<report>
				<misses>938200001</misses>
				<total>0</total>
				<timestamp>6172.590199</timestamp>
			</report>
			<report>
				<misses>938300001</misses>
				<total>0</total>
				<timestamp>6173.249438</timestamp>
			</report>
			<report>
				<misses>938400001</misses>
				<total>0</total>
				<timestamp>6173.907158</timestamp>
			</report>
			<report>
				<misses>938500001</misses>
				<total>0</total>
				<timestamp>6174.565837</timestamp>
			</report>
			<report>
				<misses>938600001</misses>
				<total>0</total>
				<timestamp>6175.224093</timestamp>
			</report>
			<report>
				<misses>938700001</misses>
				<total>0</total>
				<timestamp>6175.880220</timestamp>
			</report>
			<report>
				<misses>938800001</misses>
				<total>0</total>
				<timestamp>6176.538185</timestamp>
			</report>
			<report>
				<misses>938900001</misses>
				<total>0</total>
				<timestamp>6177.195997</timestamp>
			</report>
			<report>
				<misses>939000001</misses>
				<total>0</total>
				<timestamp>6177.853854</timestamp>
			</report>
			<report>
				<misses>939100001</misses>
				<total>0</total>
				<timestamp>6178.510288</timestamp>
			</report>
			<report>
				<misses>939200001</misses>
				<total>0</total>
				<timestamp>6179.168737</timestamp>
			</report>
			<report>
				<misses>939300001</misses>
				<total>0</total>
				<timestamp>6179.826835</timestamp>
			</report>
			<report>
				<misses>939400001</misses>
				<total>0</total>
				<timestamp>6180.484575</timestamp>
			</report>
			<report>
				<misses>939500001</misses>
				<total>0</total>
				<timestamp>6181.143100</timestamp>
			</report>
			<report>
				<misses>939600001</misses>
				<total>0</total>
				<timestamp>6181.800942</timestamp>
			</report>
			<report>
				<misses>939700001</misses>
				<total>0</total>
				<timestamp>6182.459394</timestamp>
			</report>
			<report>
				<misses>939800001</misses>
				<total>0</total>
				<timestamp>6183.117249</timestamp>
			</report>
			<report>
				<misses>939900001</misses>
				<total>0</total>
				<timestamp>6183.775727</timestamp>
			</report>
			<report>
				<misses>940000001</misses>
				<total>0</total>
				<timestamp>6184.432887</timestamp>
			</report>
			<report>
				<misses>940100001</misses>
				<total>0</total>
				<timestamp>6185.090234</timestamp>
			</report>
			<report>
				<misses>940200001</misses>
				<total>0</total>
				<timestamp>6185.746214</timestamp>
			</report>
			<report>
				<misses>940300001</misses>
				<total>0</total>
				<timestamp>6186.403349</timestamp>
			</report>
			<report>
				<misses>940400001</misses>
				<total>0</total>
				<timestamp>6187.062169</timestamp>
			</report>
			<report>
				<misses>940500001</misses>
				<total>0</total>
				<timestamp>6187.720772</timestamp>
			</report>
			<report>
				<misses>940600001</misses>
				<total>0</total>
				<timestamp>6188.378824</timestamp>
			</report>
			<report>
				<misses>940700001</misses>
				<total>0</total>
				<timestamp>6189.036407</timestamp>
			</report>
			<report>
				<misses>940800001</misses>
				<total>0</total>
				<timestamp>6189.694432</timestamp>
			</report>
			<report>
				<misses>940900001</misses>
				<total>0</total>
				<timestamp>6190.353027</timestamp>
			</report>
			<report>
				<misses>941000001</misses>
				<total>0</total>
				<timestamp>6191.010564</timestamp>
			</report>
			<report>
				<misses>941100001</misses>
				<total>0</total>
				<timestamp>6191.669159</timestamp>
			</report>
			<report>
				<misses>941200001</misses>
				<total>0</total>
				<timestamp>6192.327226</timestamp>
			</report>
			<report>
				<misses>941300001</misses>
				<total>0</total>
				<timestamp>6192.984782</timestamp>
			</report>
			<report>
				<misses>941400001</misses>
				<total>0</total>
				<timestamp>6193.643742</timestamp>
			</report>
			<report>
				<misses>941500001</misses>
				<total>0</total>
				<timestamp>6194.301218</timestamp>
			</report>
			<report>
				<misses>941600001</misses>
				<total>0</total>
				<timestamp>6194.959842</timestamp>
			</report>
			<report>
				<misses>941700001</misses>
				<total>0</total>
				<timestamp>6195.618093</timestamp>
			</report>
			<report>
				<misses>941800001</misses>
				<total>0</total>
				<timestamp>6196.276392</timestamp>
			</report>
			<report>
				<misses>941900001</misses>
				<total>0</total>
				<timestamp>6196.934244</timestamp>
			</report>
			<report>
				<misses>942000001</misses>
				<total>0</total>
				<timestamp>6197.592390</timestamp>
			</report>
			<report>
				<misses>942100001</misses>
				<total>0</total>
				<timestamp>6198.251003</timestamp>
			</report>
			<report>
				<misses>942200001</misses>
				<total>0</total>
				<timestamp>6198.908671</timestamp>
			</report>
			<report>
				<misses>942300001</misses>
				<total>0</total>
				<timestamp>6199.566214</timestamp>
			</report>
			<report>
				<misses>942400001</misses>
				<total>0</total>
				<timestamp>6200.224843</timestamp>
			</report>
			<report>
				<misses>942500001</misses>
				<total>0</total>
				<timestamp>6200.882711</timestamp>
			</report>
			<report>
				<misses>942600001</misses>
				<total>0</total>
				<timestamp>6201.540632</timestamp>
			</report>
			<report>
				<misses>942700001</misses>
				<total>0</total>
				<timestamp>6202.198055</timestamp>
			</report>
			<report>
				<misses>942800001</misses>
				<total>0</total>
				<timestamp>6202.857121</timestamp>
			</report>
			<report>
				<misses>942900001</misses>
				<total>0</total>
				<timestamp>6203.514788</timestamp>
			</report>
			<report>
				<misses>943000001</misses>
				<total>0</total>
				<timestamp>6204.173320</timestamp>
			</report>
			<report>
				<misses>943100001</misses>
				<total>0</total>
				<timestamp>6204.830696</timestamp>
			</report>
			<report>
				<misses>943200001</misses>
				<total>0</total>
				<timestamp>6205.488540</timestamp>
			</report>
			<report>
				<misses>943300001</misses>
				<total>0</total>
				<timestamp>6206.147352</timestamp>
			</report>
			<report>
				<misses>943400001</misses>
				<total>0</total>
				<timestamp>6206.806897</timestamp>
			</report>
			<report>
				<misses>943500001</misses>
				<total>0</total>
				<timestamp>6207.466295</timestamp>
			</report>
			<report>
				<misses>943600001</misses>
				<total>0</total>
				<timestamp>6208.125082</timestamp>
			</report>
			<report>
				<misses>943700001</misses>
				<total>0</total>
				<timestamp>6208.784603</timestamp>
			</report>
			<report>
				<misses>943800001</misses>
				<total>0</total>
				<timestamp>6209.443569</timestamp>
			</report>
			<report>
				<misses>943900001</misses>
				<total>0</total>
				<timestamp>6210.103698</timestamp>
			</report>
			<report>
				<misses>944000001</misses>
				<total>0</total>
				<timestamp>6210.763247</timestamp>
			</report>
			<report>
				<misses>944100001</misses>
				<total>0</total>
				<timestamp>6211.422143</timestamp>
			</report>
			<report>
				<misses>944200001</misses>
				<total>0</total>
				<timestamp>6212.080341</timestamp>
			</report>
			<report>
				<misses>944300001</misses>
				<total>0</total>
				<timestamp>6212.737496</timestamp>
			</report>
			<report>
				<misses>944400001</misses>
				<total>0</total>
				<timestamp>6213.396126</timestamp>
			</report>
			<report>
				<misses>944500001</misses>
				<total>0</total>
				<timestamp>6214.053853</timestamp>
			</report>
			<report>
				<misses>944600001</misses>
				<total>0</total>
				<timestamp>6214.712035</timestamp>
			</report>
			<report>
				<misses>944700001</misses>
				<total>0</total>
				<timestamp>6215.370220</timestamp>
			</report>
			<report>
				<misses>944800001</misses>
				<total>0</total>
				<timestamp>6216.028547</timestamp>
			</report>
			<report>
				<misses>944900001</misses>
				<total>0</total>
				<timestamp>6216.686135</timestamp>
			</report>
			<report>
				<misses>945000001</misses>
				<total>0</total>
				<timestamp>6217.344185</timestamp>
			</report>
			<report>
				<misses>945100001</misses>
				<total>0</total>
				<timestamp>6218.001137</timestamp>
			</report>
			<report>
				<misses>945200001</misses>
				<total>0</total>
				<timestamp>6218.659874</timestamp>
			</report>
			<report>
				<misses>945300001</misses>
				<total>0</total>
				<timestamp>6219.317194</timestamp>
			</report>
			<report>
				<misses>945400001</misses>
				<total>0</total>
				<timestamp>6219.975249</timestamp>
			</report>
			<report>
				<misses>945500001</misses>
				<total>0</total>
				<timestamp>6220.635148</timestamp>
			</report>
			<report>
				<misses>945600001</misses>
				<total>0</total>
				<timestamp>6221.293203</timestamp>
			</report>
			<report>
				<misses>945700001</misses>
				<total>0</total>
				<timestamp>6221.951167</timestamp>
			</report>
			<report>
				<misses>945800001</misses>
				<total>0</total>
				<timestamp>6222.610848</timestamp>
			</report>
			<report>
				<misses>945900001</misses>
				<total>0</total>
				<timestamp>6223.268015</timestamp>
			</report>
			<report>
				<misses>946000001</misses>
				<total>0</total>
				<timestamp>6223.924822</timestamp>
			</report>
			<report>
				<misses>946100001</misses>
				<total>0</total>
				<timestamp>6224.582685</timestamp>
			</report>
			<report>
				<misses>946200001</misses>
				<total>0</total>
				<timestamp>6225.241127</timestamp>
			</report>
			<report>
				<misses>946300001</misses>
				<total>0</total>
				<timestamp>6225.899366</timestamp>
			</report>
			<report>
				<misses>946400001</misses>
				<total>0</total>
				<timestamp>6226.558579</timestamp>
			</report>
			<report>
				<misses>946500001</misses>
				<total>0</total>
				<timestamp>6227.216806</timestamp>
			</report>
			<report>
				<misses>946600001</misses>
				<total>0</total>
				<timestamp>6227.875065</timestamp>
			</report>
			<report>
				<misses>946700001</misses>
				<total>0</total>
				<timestamp>6228.532922</timestamp>
			</report>
			<report>
				<misses>946800001</misses>
				<total>0</total>
				<timestamp>6229.190784</timestamp>
			</report>
			<report>
				<misses>946900001</misses>
				<total>0</total>
				<timestamp>6229.848513</timestamp>
			</report>
			<report>
				<misses>947000001</misses>
				<total>0</total>
				<timestamp>6230.507052</timestamp>
			</report>
			<report>
				<misses>947100001</misses>
				<total>0</total>
				<timestamp>6231.165331</timestamp>
			</report>
			<report>
				<misses>947200001</misses>
				<total>0</total>
				<timestamp>6231.823806</timestamp>
			</report>
			<report>
				<misses>947300001</misses>
				<total>0</total>
				<timestamp>6232.482430</timestamp>
			</report>
			<report>
				<misses>947400001</misses>
				<total>0</total>
				<timestamp>6233.139573</timestamp>
			</report>
			<report>
				<misses>947500001</misses>
				<total>0</total>
				<timestamp>6233.796854</timestamp>
			</report>
			<report>
				<misses>947600001</misses>
				<total>0</total>
				<timestamp>6234.454398</timestamp>
			</report>
			<report>
				<misses>947700001</misses>
				<total>0</total>
				<timestamp>6235.113048</timestamp>
			</report>
			<report>
				<misses>947800001</misses>
				<total>0</total>
				<timestamp>6235.770818</timestamp>
			</report>
			<report>
				<misses>947900001</misses>
				<total>0</total>
				<timestamp>6236.429107</timestamp>
			</report>
			<report>
				<misses>948000001</misses>
				<total>0</total>
				<timestamp>6237.087690</timestamp>
			</report>
			<report>
				<misses>948100001</misses>
				<total>0</total>
				<timestamp>6237.744954</timestamp>
			</report>
			<report>
				<misses>948200001</misses>
				<total>0</total>
				<timestamp>6238.403353</timestamp>
			</report>
			<report>
				<misses>948300001</misses>
				<total>0</total>
				<timestamp>6239.061151</timestamp>
			</report>
			<report>
				<misses>948400001</misses>
				<total>0</total>
				<timestamp>6239.721220</timestamp>
			</report>
			<report>
				<misses>948500001</misses>
				<total>0</total>
				<timestamp>6240.380325</timestamp>
			</report>
			<report>
				<misses>948600001</misses>
				<total>0</total>
				<timestamp>6241.038391</timestamp>
			</report>
			<report>
				<misses>948700001</misses>
				<total>0</total>
				<timestamp>6241.696699</timestamp>
			</report>
			<report>
				<misses>948800001</misses>
				<total>0</total>
				<timestamp>6242.355238</timestamp>
			</report>
			<report>
				<misses>948900001</misses>
				<total>0</total>
				<timestamp>6243.013608</timestamp>
			</report>
			<report>
				<misses>949000001</misses>
				<total>0</total>
				<timestamp>6243.671019</timestamp>
			</report>
			<report>
				<misses>949100001</misses>
				<total>0</total>
				<timestamp>6244.329528</timestamp>
			</report>
			<report>
				<misses>949200001</misses>
				<total>0</total>
				<timestamp>6244.987310</timestamp>
			</report>
			<report>
				<misses>949300001</misses>
				<total>0</total>
				<timestamp>6245.644798</timestamp>
			</report>
			<report>
				<misses>949400001</misses>
				<total>0</total>
				<timestamp>6246.303645</timestamp>
			</report>
			<report>
				<misses>949500001</misses>
				<total>0</total>
				<timestamp>6246.960692</timestamp>
			</report>
			<report>
				<misses>949600001</misses>
				<total>0</total>
				<timestamp>6247.618497</timestamp>
			</report>
			<report>
				<misses>949700001</misses>
				<total>0</total>
				<timestamp>6248.274106</timestamp>
			</report>
			<report>
				<misses>949800001</misses>
				<total>0</total>
				<timestamp>6248.931946</timestamp>
			</report>
			<report>
				<misses>949900001</misses>
				<total>0</total>
				<timestamp>6249.591193</timestamp>
			</report>
			<report>
				<misses>950000001</misses>
				<total>0</total>
				<timestamp>6250.249789</timestamp>
			</report>
			<report>
				<misses>950100001</misses>
				<total>0</total>
				<timestamp>6250.909644</timestamp>
			</report>
			<report>
				<misses>950200001</misses>
				<total>0</total>
				<timestamp>6251.568556</timestamp>
			</report>
			<report>
				<misses>950300001</misses>
				<total>0</total>
				<timestamp>6252.227984</timestamp>
			</report>
			<report>
				<misses>950400001</misses>
				<total>0</total>
				<timestamp>6252.887736</timestamp>
			</report>
			<report>
				<misses>950500001</misses>
				<total>0</total>
				<timestamp>6253.546765</timestamp>
			</report>
			<report>
				<misses>950600001</misses>
				<total>0</total>
				<timestamp>6254.206817</timestamp>
			</report>
			<report>
				<misses>950700001</misses>
				<total>0</total>
				<timestamp>6254.866058</timestamp>
			</report>
			<report>
				<misses>950800001</misses>
				<total>0</total>
				<timestamp>6255.525207</timestamp>
			</report>
			<report>
				<misses>950900001</misses>
				<total>0</total>
				<timestamp>6256.182674</timestamp>
			</report>
			<report>
				<misses>951000001</misses>
				<total>0</total>
				<timestamp>6256.842107</timestamp>
			</report>
			<report>
				<misses>951100001</misses>
				<total>0</total>
				<timestamp>6257.498738</timestamp>
			</report>
			<report>
				<misses>951200001</misses>
				<total>0</total>
				<timestamp>6258.157657</timestamp>
			</report>
			<report>
				<misses>951300001</misses>
				<total>0</total>
				<timestamp>6258.815632</timestamp>
			</report>
			<report>
				<misses>951400001</misses>
				<total>0</total>
				<timestamp>6259.471964</timestamp>
			</report>
			<report>
				<misses>951500001</misses>
				<total>0</total>
				<timestamp>6260.130833</timestamp>
			</report>
			<report>
				<misses>951600001</misses>
				<total>0</total>
				<timestamp>6260.787928</timestamp>
			</report>
			<report>
				<misses>951700001</misses>
				<total>0</total>
				<timestamp>6261.446264</timestamp>
			</report>
			<report>
				<misses>951800001</misses>
				<total>0</total>
				<timestamp>6262.105058</timestamp>
			</report>
			<report>
				<misses>951900001</misses>
				<total>0</total>
				<timestamp>6262.762337</timestamp>
			</report>
			<report>
				<misses>952000001</misses>
				<total>0</total>
				<timestamp>6263.420775</timestamp>
			</report>
			<report>
				<misses>952100001</misses>
				<total>0</total>
				<timestamp>6264.079602</timestamp>
			</report>
			<report>
				<misses>952200001</misses>
				<total>0</total>
				<timestamp>6264.737002</timestamp>
			</report>
			<report>
				<misses>952300001</misses>
				<total>0</total>
				<timestamp>6265.396053</timestamp>
			</report>
			<report>
				<misses>952400001</misses>
				<total>0</total>
				<timestamp>6266.054122</timestamp>
			</report>
			<report>
				<misses>952500001</misses>
				<total>0</total>
				<timestamp>6266.712655</timestamp>
			</report>
			<report>
				<misses>952600001</misses>
				<total>0</total>
				<timestamp>6267.370845</timestamp>
			</report>
			<report>
				<misses>952700001</misses>
				<total>0</total>
				<timestamp>6268.029362</timestamp>
			</report>
			<report>
				<misses>952800001</misses>
				<total>0</total>
				<timestamp>6268.688224</timestamp>
			</report>
			<report>
				<misses>952900001</misses>
				<total>0</total>
				<timestamp>6269.346417</timestamp>
			</report>
			<report>
				<misses>953000001</misses>
				<total>0</total>
				<timestamp>6270.004456</timestamp>
			</report>
			<report>
				<misses>953100001</misses>
				<total>0</total>
				<timestamp>6270.661860</timestamp>
			</report>
			<report>
				<misses>953200001</misses>
				<total>0</total>
				<timestamp>6271.321045</timestamp>
			</report>
			<report>
				<misses>953300001</misses>
				<total>0</total>
				<timestamp>6271.979484</timestamp>
			</report>
			<report>
				<misses>953400001</misses>
				<total>0</total>
				<timestamp>6272.638107</timestamp>
			</report>
			<report>
				<misses>953500001</misses>
				<total>0</total>
				<timestamp>6273.296501</timestamp>
			</report>
			<report>
				<misses>953600001</misses>
				<total>0</total>
				<timestamp>6273.954188</timestamp>
			</report>
			<report>
				<misses>953700001</misses>
				<total>0</total>
				<timestamp>6274.612227</timestamp>
			</report>
			<report>
				<misses>953800001</misses>
				<total>0</total>
				<timestamp>6275.268708</timestamp>
			</report>
			<report>
				<misses>953900001</misses>
				<total>0</total>
				<timestamp>6275.926142</timestamp>
			</report>
			<report>
				<misses>954000001</misses>
				<total>0</total>
				<timestamp>6276.583476</timestamp>
			</report>
			<report>
				<misses>954100001</misses>
				<total>0</total>
				<timestamp>6277.242147</timestamp>
			</report>
			<report>
				<misses>954200001</misses>
				<total>0</total>
				<timestamp>6277.899935</timestamp>
			</report>
			<report>
				<misses>954300001</misses>
				<total>0</total>
				<timestamp>6278.559077</timestamp>
			</report>
			<report>
				<misses>954400001</misses>
				<total>0</total>
				<timestamp>6279.217319</timestamp>
			</report>
			<report>
				<misses>954500001</misses>
				<total>0</total>
				<timestamp>6279.873856</timestamp>
			</report>
			<report>
				<misses>954600001</misses>
				<total>0</total>
				<timestamp>6280.532222</timestamp>
			</report>
			<report>
				<misses>954700001</misses>
				<total>0</total>
				<timestamp>6281.189772</timestamp>
			</report>
			<report>
				<misses>954800001</misses>
				<total>0</total>
				<timestamp>6281.847427</timestamp>
			</report>
			<report>
				<misses>954900001</misses>
				<total>0</total>
				<timestamp>6282.506553</timestamp>
			</report>
			<report>
				<misses>955000001</misses>
				<total>0</total>
				<timestamp>6283.166547</timestamp>
			</report>
			<report>
				<misses>955100001</misses>
				<total>0</total>
				<timestamp>6283.826013</timestamp>
			</report>
			<report>
				<misses>955200001</misses>
				<total>0</total>
				<timestamp>6284.485978</timestamp>
			</report>
			<report>
				<misses>955300001</misses>
				<total>0</total>
				<timestamp>6285.145775</timestamp>
			</report>
			<report>
				<misses>955400001</misses>
				<total>0</total>
				<timestamp>6285.805161</timestamp>
			</report>
			<report>
				<misses>955500001</misses>
				<total>0</total>
				<timestamp>6286.464837</timestamp>
			</report>
			<report>
				<misses>955600001</misses>
				<total>0</total>
				<timestamp>6287.124677</timestamp>
			</report>
			<report>
				<misses>955700001</misses>
				<total>0</total>
				<timestamp>6287.783174</timestamp>
			</report>
			<report>
				<misses>955800001</misses>
				<total>0</total>
				<timestamp>6288.440473</timestamp>
			</report>
			<report>
				<misses>955900001</misses>
				<total>0</total>
				<timestamp>6289.099059</timestamp>
			</report>
			<report>
				<misses>956000001</misses>
				<total>0</total>
				<timestamp>6289.756974</timestamp>
			</report>
			<report>
				<misses>956100001</misses>
				<total>0</total>
				<timestamp>6290.415447</timestamp>
			</report>
			<report>
				<misses>956200001</misses>
				<total>0</total>
				<timestamp>6291.073000</timestamp>
			</report>
			<report>
				<misses>956300001</misses>
				<total>0</total>
				<timestamp>6291.730708</timestamp>
			</report>
			<report>
				<misses>956400001</misses>
				<total>0</total>
				<timestamp>6292.388158</timestamp>
			</report>
			<report>
				<misses>956500001</misses>
				<total>0</total>
				<timestamp>6293.045745</timestamp>
			</report>
			<report>
				<misses>956600001</misses>
				<total>0</total>
				<timestamp>6293.704667</timestamp>
			</report>
			<report>
				<misses>956700001</misses>
				<total>0</total>
				<timestamp>6294.364024</timestamp>
			</report>
			<report>
				<misses>956800001</misses>
				<total>0</total>
				<timestamp>6295.021936</timestamp>
			</report>
			<report>
				<misses>956900001</misses>
				<total>0</total>
				<timestamp>6295.680506</timestamp>
			</report>
			<report>
				<misses>957000001</misses>
				<total>0</total>
				<timestamp>6296.338643</timestamp>
			</report>
			<report>
				<misses>957100001</misses>
				<total>0</total>
				<timestamp>6296.996993</timestamp>
			</report>
			<report>
				<misses>957200001</misses>
				<total>0</total>
				<timestamp>6297.654796</timestamp>
			</report>
			<report>
				<misses>957300001</misses>
				<total>0</total>
				<timestamp>6298.312945</timestamp>
			</report>
			<report>
				<misses>957400001</misses>
				<total>0</total>
				<timestamp>6298.970442</timestamp>
			</report>
			<report>
				<misses>957500001</misses>
				<total>0</total>
				<timestamp>6299.628322</timestamp>
			</report>
			<report>
				<misses>957600001</misses>
				<total>0</total>
				<timestamp>6300.286456</timestamp>
			</report>
			<report>
				<misses>957700001</misses>
				<total>0</total>
				<timestamp>6300.944735</timestamp>
			</report>
			<report>
				<misses>957800001</misses>
				<total>0</total>
				<timestamp>6301.602694</timestamp>
			</report>
			<report>
				<misses>957900001</misses>
				<total>0</total>
				<timestamp>6302.260178</timestamp>
			</report>
			<report>
				<misses>958000001</misses>
				<total>0</total>
				<timestamp>6302.917746</timestamp>
			</report>
			<report>
				<misses>958100001</misses>
				<total>0</total>
				<timestamp>6303.576208</timestamp>
			</report>
			<report>
				<misses>958200001</misses>
				<total>0</total>
				<timestamp>6304.232257</timestamp>
			</report>
			<report>
				<misses>958300001</misses>
				<total>0</total>
				<timestamp>6304.890584</timestamp>
			</report>
			<report>
				<misses>958400001</misses>
				<total>0</total>
				<timestamp>6305.548350</timestamp>
			</report>
			<report>
				<misses>958500001</misses>
				<total>0</total>
				<timestamp>6306.207086</timestamp>
			</report>
			<report>
				<misses>958600001</misses>
				<total>0</total>
				<timestamp>6306.865845</timestamp>
			</report>
			<report>
				<misses>958700001</misses>
				<total>0</total>
				<timestamp>6307.523550</timestamp>
			</report>
			<report>
				<misses>958800001</misses>
				<total>0</total>
				<timestamp>6308.180236</timestamp>
			</report>
			<report>
				<misses>958900001</misses>
				<total>0</total>
				<timestamp>6308.838086</timestamp>
			</report>
			<report>
				<misses>959000001</misses>
				<total>0</total>
				<timestamp>6309.496232</timestamp>
			</report>
			<report>
				<misses>959100001</misses>
				<total>0</total>
				<timestamp>6310.154115</timestamp>
			</report>
			<report>
				<misses>959200001</misses>
				<total>0</total>
				<timestamp>6310.811669</timestamp>
			</report>
			<report>
				<misses>959300001</misses>
				<total>0</total>
				<timestamp>6311.470005</timestamp>
			</report>
			<report>
				<misses>959400001</misses>
				<total>0</total>
				<timestamp>6312.126406</timestamp>
			</report>
			<report>
				<misses>959500001</misses>
				<total>0</total>
				<timestamp>6312.784423</timestamp>
			</report>
			<report>
				<misses>959600001</misses>
				<total>0</total>
				<timestamp>6313.443517</timestamp>
			</report>
			<report>
				<misses>959700001</misses>
				<total>0</total>
				<timestamp>6314.101854</timestamp>
			</report>
			<report>
				<misses>959800001</misses>
				<total>0</total>
				<timestamp>6314.761083</timestamp>
			</report>
			<report>
				<misses>959900001</misses>
				<total>0</total>
				<timestamp>6315.418956</timestamp>
			</report>
			<report>
				<misses>960000001</misses>
				<total>0</total>
				<timestamp>6316.078782</timestamp>
			</report>
			<report>
				<misses>960100001</misses>
				<total>0</total>
				<timestamp>6316.738241</timestamp>
			</report>
			<report>
				<misses>960200001</misses>
				<total>0</total>
				<timestamp>6317.397261</timestamp>
			</report>
			<report>
				<misses>960300001</misses>
				<total>0</total>
				<timestamp>6318.056382</timestamp>
			</report>
			<report>
				<misses>960400001</misses>
				<total>0</total>
				<timestamp>6318.716745</timestamp>
			</report>
			<report>
				<misses>960500001</misses>
				<total>0</total>
				<timestamp>6319.373025</timestamp>
			</report>
			<report>
				<misses>960600001</misses>
				<total>0</total>
				<timestamp>6320.029947</timestamp>
			</report>
			<report>
				<misses>960700001</misses>
				<total>0</total>
				<timestamp>6320.688953</timestamp>
			</report>
			<report>
				<misses>960800001</misses>
				<total>0</total>
				<timestamp>6321.347226</timestamp>
			</report>
			<report>
				<misses>960900001</misses>
				<total>0</total>
				<timestamp>6322.006311</timestamp>
			</report>
			<report>
				<misses>961000001</misses>
				<total>0</total>
				<timestamp>6322.663969</timestamp>
			</report>
			<report>
				<misses>961100001</misses>
				<total>0</total>
				<timestamp>6323.322009</timestamp>
			</report>
			<report>
				<misses>961200001</misses>
				<total>0</total>
				<timestamp>6323.980332</timestamp>
			</report>
			<report>
				<misses>961300001</misses>
				<total>0</total>
				<timestamp>6324.639022</timestamp>
			</report>
			<report>
				<misses>961400001</misses>
				<total>0</total>
				<timestamp>6325.295872</timestamp>
			</report>
			<report>
				<misses>961500001</misses>
				<total>0</total>
				<timestamp>6325.954302</timestamp>
			</report>
			<report>
				<misses>961600001</misses>
				<total>0</total>
				<timestamp>6326.612458</timestamp>
			</report>
			<report>
				<misses>961700001</misses>
				<total>0</total>
				<timestamp>6327.270268</timestamp>
			</report>
			<report>
				<misses>961800001</misses>
				<total>0</total>
				<timestamp>6327.929191</timestamp>
			</report>
			<report>
				<misses>961900001</misses>
				<total>0</total>
				<timestamp>6328.587162</timestamp>
			</report>
			<report>
				<misses>962000001</misses>
				<total>0</total>
				<timestamp>6329.245884</timestamp>
			</report>
			<report>
				<misses>962100001</misses>
				<total>0</total>
				<timestamp>6329.904335</timestamp>
			</report>
			<report>
				<misses>962200001</misses>
				<total>0</total>
				<timestamp>6330.562666</timestamp>
			</report>
			<report>
				<misses>962300001</misses>
				<total>0</total>
				<timestamp>6331.221192</timestamp>
			</report>
			<report>
				<misses>962400001</misses>
				<total>0</total>
				<timestamp>6331.879276</timestamp>
			</report>
			<report>
				<misses>962500001</misses>
				<total>0</total>
				<timestamp>6332.537991</timestamp>
			</report>
			<report>
				<misses>962600001</misses>
				<total>0</total>
				<timestamp>6333.196286</timestamp>
			</report>
			<report>
				<misses>962700001</misses>
				<total>0</total>
				<timestamp>6333.854743</timestamp>
			</report>
			<report>
				<misses>962800001</misses>
				<total>0</total>
				<timestamp>6334.512880</timestamp>
			</report>
			<report>
				<misses>962900001</misses>
				<total>0</total>
				<timestamp>6335.171344</timestamp>
			</report>
			<report>
				<misses>963000001</misses>
				<total>0</total>
				<timestamp>6335.829147</timestamp>
			</report>
			<report>
				<misses>963100001</misses>
				<total>0</total>
				<timestamp>6336.485549</timestamp>
			</report>
			<report>
				<misses>963200001</misses>
				<total>0</total>
				<timestamp>6337.143309</timestamp>
			</report>
			<report>
				<misses>963300001</misses>
				<total>0</total>
				<timestamp>6337.802104</timestamp>
			</report>
			<report>
				<misses>963400001</misses>
				<total>0</total>
				<timestamp>6338.460155</timestamp>
			</report>
			<report>
				<misses>963500001</misses>
				<total>0</total>
				<timestamp>6339.116046</timestamp>
			</report>
			<report>
				<misses>963600001</misses>
				<total>0</total>
				<timestamp>6339.773835</timestamp>
			</report>
			<report>
				<misses>963700001</misses>
				<total>0</total>
				<timestamp>6340.432511</timestamp>
			</report>
			<report>
				<misses>963800001</misses>
				<total>0</total>
				<timestamp>6341.090315</timestamp>
			</report>
			<report>
				<misses>963900001</misses>
				<total>0</total>
				<timestamp>6341.747431</timestamp>
			</report>
			<report>
				<misses>964000001</misses>
				<total>0</total>
				<timestamp>6342.404895</timestamp>
			</report>
			<report>
				<misses>964100001</misses>
				<total>0</total>
				<timestamp>6343.062078</timestamp>
			</report>
			<report>
				<misses>964200001</misses>
				<total>0</total>
				<timestamp>6343.720830</timestamp>
			</report>
			<report>
				<misses>964300001</misses>
				<total>0</total>
				<timestamp>6344.378544</timestamp>
			</report>
			<report>
				<misses>964400001</misses>
				<total>0</total>
				<timestamp>6345.036378</timestamp>
			</report>
			<report>
				<misses>964500001</misses>
				<total>0</total>
				<timestamp>6345.694194</timestamp>
			</report>
			<report>
				<misses>964600001</misses>
				<total>0</total>
				<timestamp>6346.350720</timestamp>
			</report>
			<report>
				<misses>964700001</misses>
				<total>0</total>
				<timestamp>6347.010067</timestamp>
			</report>
			<report>
				<misses>964800001</misses>
				<total>0</total>
				<timestamp>6347.670351</timestamp>
			</report>
			<report>
				<misses>964900001</misses>
				<total>0</total>
				<timestamp>6348.329351</timestamp>
			</report>
			<report>
				<misses>965000001</misses>
				<total>0</total>
				<timestamp>6348.988522</timestamp>
			</report>
			<report>
				<misses>965100001</misses>
				<total>0</total>
				<timestamp>6349.646596</timestamp>
			</report>
			<report>
				<misses>965200001</misses>
				<total>0</total>
				<timestamp>6350.306556</timestamp>
			</report>
			<report>
				<misses>965300001</misses>
				<total>0</total>
				<timestamp>6350.964635</timestamp>
			</report>
			<report>
				<misses>965400001</misses>
				<total>0</total>
				<timestamp>6351.622973</timestamp>
			</report>
			<report>
				<misses>965500001</misses>
				<total>0</total>
				<timestamp>6352.281903</timestamp>
			</report>
			<report>
				<misses>965600001</misses>
				<total>0</total>
				<timestamp>6352.939431</timestamp>
			</report>
			<report>
				<misses>965700001</misses>
				<total>0</total>
				<timestamp>6353.597816</timestamp>
			</report>
			<report>
				<misses>965800001</misses>
				<total>0</total>
				<timestamp>6354.254826</timestamp>
			</report>
			<report>
				<misses>965900001</misses>
				<total>0</total>
				<timestamp>6354.913329</timestamp>
			</report>
			<report>
				<misses>966000001</misses>
				<total>0</total>
				<timestamp>6355.571471</timestamp>
			</report>
			<report>
				<misses>966100001</misses>
				<total>0</total>
				<timestamp>6356.228168</timestamp>
			</report>
			<report>
				<misses>966200001</misses>
				<total>0</total>
				<timestamp>6356.885685</timestamp>
			</report>
			<report>
				<misses>966300001</misses>
				<total>0</total>
				<timestamp>6357.544289</timestamp>
			</report>
			<report>
				<misses>966400001</misses>
				<total>0</total>
				<timestamp>6358.202280</timestamp>
			</report>
			<report>
				<misses>966500001</misses>
				<total>0</total>
				<timestamp>6358.861208</timestamp>
			</report>
			<report>
				<misses>966600001</misses>
				<total>0</total>
				<timestamp>6359.519804</timestamp>
			</report>
			<report>
				<misses>966700001</misses>
				<total>0</total>
				<timestamp>6360.177357</timestamp>
			</report>
			<report>
				<misses>966800001</misses>
				<total>0</total>
				<timestamp>6360.835225</timestamp>
			</report>
			<report>
				<misses>966900001</misses>
				<total>0</total>
				<timestamp>6361.492835</timestamp>
			</report>
			<report>
				<misses>967000001</misses>
				<total>0</total>
				<timestamp>6362.151738</timestamp>
			</report>
			<report>
				<misses>967100001</misses>
				<total>0</total>
				<timestamp>6362.809875</timestamp>
			</report>
			<report>
				<misses>967200001</misses>
				<total>0</total>
				<timestamp>6363.468258</timestamp>
			</report>
			<report>
				<misses>967300001</misses>
				<total>0</total>
				<timestamp>6364.126290</timestamp>
			</report>
			<report>
				<misses>967400001</misses>
				<total>0</total>
				<timestamp>6364.785165</timestamp>
			</report>
			<report>
				<misses>967500001</misses>
				<total>0</total>
				<timestamp>6365.443916</timestamp>
			</report>
			<report>
				<misses>967600001</misses>
				<total>0</total>
				<timestamp>6366.102187</timestamp>
			</report>
			<report>
				<misses>967700001</misses>
				<total>0</total>
				<timestamp>6366.760199</timestamp>
			</report>
			<report>
				<misses>967800001</misses>
				<total>0</total>
				<timestamp>6367.418198</timestamp>
			</report>
			<report>
				<misses>967900001</misses>
				<total>0</total>
				<timestamp>6368.076128</timestamp>
			</report>
			<report>
				<misses>968000001</misses>
				<total>0</total>
				<timestamp>6368.733815</timestamp>
			</report>
			<report>
				<misses>968100001</misses>
				<total>0</total>
				<timestamp>6369.391214</timestamp>
			</report>
			<report>
				<misses>968200001</misses>
				<total>0</total>
				<timestamp>6370.049098</timestamp>
			</report>
			<report>
				<misses>968300001</misses>
				<total>0</total>
				<timestamp>6370.706840</timestamp>
			</report>
			<report>
				<misses>968400001</misses>
				<total>0</total>
				<timestamp>6371.364868</timestamp>
			</report>
			<report>
				<misses>968500001</misses>
				<total>0</total>
				<timestamp>6372.023486</timestamp>
			</report>
			<report>
				<misses>968600001</misses>
				<total>0</total>
				<timestamp>6372.680550</timestamp>
			</report>
			<report>
				<misses>968700001</misses>
				<total>0</total>
				<timestamp>6373.339138</timestamp>
			</report>
			<report>
				<misses>968800001</misses>
				<total>0</total>
				<timestamp>6373.995893</timestamp>
			</report>
			<report>
				<misses>968900001</misses>
				<total>0</total>
				<timestamp>6374.653627</timestamp>
			</report>
			<report>
				<misses>969000001</misses>
				<total>0</total>
				<timestamp>6375.312198</timestamp>
			</report>
			<report>
				<misses>969100001</misses>
				<total>0</total>
				<timestamp>6375.970145</timestamp>
			</report>
			<report>
				<misses>969200001</misses>
				<total>0</total>
				<timestamp>6376.628364</timestamp>
			</report>
			<report>
				<misses>969300001</misses>
				<total>0</total>
				<timestamp>6377.285895</timestamp>
			</report>
			<report>
				<misses>969400001</misses>
				<total>0</total>
				<timestamp>6377.944162</timestamp>
			</report>
			<report>
				<misses>969500001</misses>
				<total>0</total>
				<timestamp>6378.603707</timestamp>
			</report>
			<report>
				<misses>969600001</misses>
				<total>0</total>
				<timestamp>6379.262907</timestamp>
			</report>
			<report>
				<misses>969700001</misses>
				<total>0</total>
				<timestamp>6379.921972</timestamp>
			</report>
			<report>
				<misses>969800001</misses>
				<total>0</total>
				<timestamp>6380.581005</timestamp>
			</report>
			<report>
				<misses>969900001</misses>
				<total>0</total>
				<timestamp>6381.240032</timestamp>
			</report>
			<report>
				<misses>970000001</misses>
				<total>0</total>
				<timestamp>6381.898319</timestamp>
			</report>
			<report>
				<misses>970100001</misses>
				<total>0</total>
				<timestamp>6382.558183</timestamp>
			</report>
			<report>
				<misses>970200001</misses>
				<total>0</total>
				<timestamp>6383.215573</timestamp>
			</report>
			<report>
				<misses>970300001</misses>
				<total>0</total>
				<timestamp>6383.874461</timestamp>
			</report>
			<report>
				<misses>970400001</misses>
				<total>0</total>
				<timestamp>6384.532792</timestamp>
			</report>
			<report>
				<misses>970500001</misses>
				<total>0</total>
				<timestamp>6385.191172</timestamp>
			</report>
			<report>
				<misses>970600001</misses>
				<total>0</total>
				<timestamp>6385.847980</timestamp>
			</report>
			<report>
				<misses>970700001</misses>
				<total>0</total>
				<timestamp>6386.505930</timestamp>
			</report>
			<report>
				<misses>970800001</misses>
				<total>0</total>
				<timestamp>6387.163557</timestamp>
			</report>
			<report>
				<misses>970900001</misses>
				<total>0</total>
				<timestamp>6387.821439</timestamp>
			</report>
			<report>
				<misses>971000001</misses>
				<total>0</total>
				<timestamp>6388.479581</timestamp>
			</report>
			<report>
				<misses>971100001</misses>
				<total>0</total>
				<timestamp>6389.138606</timestamp>
			</report>
			<report>
				<misses>971200001</misses>
				<total>0</total>
				<timestamp>6389.797424</timestamp>
			</report>
			<report>
				<misses>971300001</misses>
				<total>0</total>
				<timestamp>6390.454765</timestamp>
			</report>
			<report>
				<misses>971400001</misses>
				<total>0</total>
				<timestamp>6391.112944</timestamp>
			</report>
			<report>
				<misses>971500001</misses>
				<total>0</total>
				<timestamp>6391.771089</timestamp>
			</report>
			<report>
				<misses>971600001</misses>
				<total>0</total>
				<timestamp>6392.429022</timestamp>
			</report>
			<report>
				<misses>971700001</misses>
				<total>0</total>
				<timestamp>6393.086847</timestamp>
			</report>
			<report>
				<misses>971800001</misses>
				<total>0</total>
				<timestamp>6393.745786</timestamp>
			</report>
			<report>
				<misses>971900001</misses>
				<total>0</total>
				<timestamp>6394.404500</timestamp>
			</report>
			<report>
				<misses>972000001</misses>
				<total>0</total>
				<timestamp>6395.063003</timestamp>
			</report>
			<report>
				<misses>972100001</misses>
				<total>0</total>
				<timestamp>6395.719542</timestamp>
			</report>
			<report>
				<misses>972200001</misses>
				<total>0</total>
				<timestamp>6396.377074</timestamp>
			</report>
			<report>
				<misses>972300001</misses>
				<total>0</total>
				<timestamp>6397.034953</timestamp>
			</report>
			<report>
				<misses>972400001</misses>
				<total>0</total>
				<timestamp>6397.692687</timestamp>
			</report>
			<report>
				<misses>972500001</misses>
				<total>0</total>
				<timestamp>6398.349242</timestamp>
			</report>
			<report>
				<misses>972600001</misses>
				<total>0</total>
				<timestamp>6399.007045</timestamp>
			</report>
			<report>
				<misses>972700001</misses>
				<total>0</total>
				<timestamp>6399.663854</timestamp>
			</report>
			<report>
				<misses>972800001</misses>
				<total>0</total>
				<timestamp>6400.321124</timestamp>
			</report>
			<report>
				<misses>972900001</misses>
				<total>0</total>
				<timestamp>6400.979218</timestamp>
			</report>
			<report>
				<misses>973000001</misses>
				<total>0</total>
				<timestamp>6401.636803</timestamp>
			</report>
			<report>
				<misses>973100001</misses>
				<total>0</total>
				<timestamp>6402.295060</timestamp>
			</report>
			<report>
				<misses>973200001</misses>
				<total>0</total>
				<timestamp>6402.953334</timestamp>
			</report>
			<report>
				<misses>973300001</misses>
				<total>0</total>
				<timestamp>6403.611674</timestamp>
			</report>
			<report>
				<misses>973400001</misses>
				<total>0</total>
				<timestamp>6404.268321</timestamp>
			</report>
			<report>
				<misses>973500001</misses>
				<total>0</total>
				<timestamp>6404.924612</timestamp>
			</report>
			<report>
				<misses>973600001</misses>
				<total>0</total>
				<timestamp>6405.582978</timestamp>
			</report>
			<report>
				<misses>973700001</misses>
				<total>0</total>
				<timestamp>6406.242376</timestamp>
			</report>
			<report>
				<misses>973800001</misses>
				<total>0</total>
				<timestamp>6406.900455</timestamp>
			</report>
			<report>
				<misses>973900001</misses>
				<total>0</total>
				<timestamp>6407.555632</timestamp>
			</report>
			<report>
				<misses>974000001</misses>
				<total>0</total>
				<timestamp>6408.213556</timestamp>
			</report>
			<report>
				<misses>974100001</misses>
				<total>0</total>
				<timestamp>6408.871683</timestamp>
			</report>
			<report>
				<misses>974200001</misses>
				<total>0</total>
				<timestamp>6409.528119</timestamp>
			</report>
			<report>
				<misses>974300001</misses>
				<total>0</total>
				<timestamp>6410.188399</timestamp>
			</report>
			<report>
				<misses>974400001</misses>
				<total>0</total>
				<timestamp>6410.847862</timestamp>
			</report>
			<report>
				<misses>974500001</misses>
				<total>0</total>
				<timestamp>6411.506462</timestamp>
			</report>
			<report>
				<misses>974600001</misses>
				<total>0</total>
				<timestamp>6412.165055</timestamp>
			</report>
			<report>
				<misses>974700001</misses>
				<total>0</total>
				<timestamp>6412.822927</timestamp>
			</report>
			<report>
				<misses>974800001</misses>
				<total>0</total>
				<timestamp>6413.481327</timestamp>
			</report>
			<report>
				<misses>974900001</misses>
				<total>0</total>
				<timestamp>6414.141628</timestamp>
			</report>
			<report>
				<misses>975000001</misses>
				<total>0</total>
				<timestamp>6414.800142</timestamp>
			</report>
			<report>
				<misses>975100001</misses>
				<total>0</total>
				<timestamp>6415.457652</timestamp>
			</report>
			<report>
				<misses>975200001</misses>
				<total>0</total>
				<timestamp>6416.115388</timestamp>
			</report>
			<report>
				<misses>975300001</misses>
				<total>0</total>
				<timestamp>6416.773674</timestamp>
			</report>
			<report>
				<misses>975400001</misses>
				<total>0</total>
				<timestamp>6417.430588</timestamp>
			</report>
			<report>
				<misses>975500001</misses>
				<total>0</total>
				<timestamp>6418.088735</timestamp>
			</report>
			<report>
				<misses>975600001</misses>
				<total>0</total>
				<timestamp>6418.746489</timestamp>
			</report>
			<report>
				<misses>975700001</misses>
				<total>0</total>
				<timestamp>6419.404417</timestamp>
			</report>
			<report>
				<misses>975800001</misses>
				<total>0</total>
				<timestamp>6420.063100</timestamp>
			</report>
			<report>
				<misses>975900001</misses>
				<total>0</total>
				<timestamp>6420.720894</timestamp>
			</report>
			<report>
				<misses>976000001</misses>
				<total>0</total>
				<timestamp>6421.376593</timestamp>
			</report>
			<report>
				<misses>976100001</misses>
				<total>0</total>
				<timestamp>6422.033076</timestamp>
			</report>
			<report>
				<misses>976200001</misses>
				<total>0</total>
				<timestamp>6422.690595</timestamp>
			</report>
			<report>
				<misses>976300001</misses>
				<total>0</total>
				<timestamp>6423.348140</timestamp>
			</report>
			<report>
				<misses>976400001</misses>
				<total>0</total>
				<timestamp>6424.006874</timestamp>
			</report>
			<report>
				<misses>976500001</misses>
				<total>0</total>
				<timestamp>6424.664923</timestamp>
			</report>
			<report>
				<misses>976600001</misses>
				<total>0</total>
				<timestamp>6425.322546</timestamp>
			</report>
			<report>
				<misses>976700001</misses>
				<total>0</total>
				<timestamp>6425.980412</timestamp>
			</report>
			<report>
				<misses>976800001</misses>
				<total>0</total>
				<timestamp>6426.637508</timestamp>
			</report>
			<report>
				<misses>976900001</misses>
				<total>0</total>
				<timestamp>6427.294767</timestamp>
			</report>
			<report>
				<misses>977000001</misses>
				<total>0</total>
				<timestamp>6427.951762</timestamp>
			</report>
			<report>
				<misses>977100001</misses>
				<total>0</total>
				<timestamp>6428.609663</timestamp>
			</report>
			<report>
				<misses>977200001</misses>
				<total>0</total>
				<timestamp>6429.266778</timestamp>
			</report>
			<report>
				<misses>977300001</misses>
				<total>0</total>
				<timestamp>6429.924222</timestamp>
			</report>
			<report>
				<misses>977400001</misses>
				<total>0</total>
				<timestamp>6430.581955</timestamp>
			</report>
			<report>
				<misses>977500001</misses>
				<total>0</total>
				<timestamp>6431.240259</timestamp>
			</report>
			<report>
				<misses>977600001</misses>
				<total>0</total>
				<timestamp>6431.898206</timestamp>
			</report>
			<report>
				<misses>977700001</misses>
				<total>0</total>
				<timestamp>6432.558172</timestamp>
			</report>
			<report>
				<misses>977800001</misses>
				<total>0</total>
				<timestamp>6433.216420</timestamp>
			</report>
			<report>
				<misses>977900001</misses>
				<total>0</total>
				<timestamp>6433.875614</timestamp>
			</report>
			<report>
				<misses>978000001</misses>
				<total>0</total>
				<timestamp>6434.534216</timestamp>
			</report>
			<report>
				<misses>978100001</misses>
				<total>0</total>
				<timestamp>6435.191849</timestamp>
			</report>
			<report>
				<misses>978200001</misses>
				<total>0</total>
				<timestamp>6435.849142</timestamp>
			</report>
			<report>
				<misses>978300001</misses>
				<total>0</total>
				<timestamp>6436.507626</timestamp>
			</report>
			<report>
				<misses>978400001</misses>
				<total>0</total>
				<timestamp>6437.163914</timestamp>
			</report>
			<report>
				<misses>978500001</misses>
				<total>0</total>
				<timestamp>6437.822047</timestamp>
			</report>
			<report>
				<misses>978600001</misses>
				<total>0</total>
				<timestamp>6438.480559</timestamp>
			</report>
			<report>
				<misses>978700001</misses>
				<total>0</total>
				<timestamp>6439.138138</timestamp>
			</report>
			<report>
				<misses>978800001</misses>
				<total>0</total>
				<timestamp>6439.795772</timestamp>
			</report>
			<report>
				<misses>978900001</misses>
				<total>0</total>
				<timestamp>6440.453462</timestamp>
			</report>
			<report>
				<misses>979000001</misses>
				<total>0</total>
				<timestamp>6441.112344</timestamp>
			</report>
			<report>
				<misses>979100001</misses>
				<total>0</total>
				<timestamp>6441.771778</timestamp>
			</report>
			<report>
				<misses>979200001</misses>
				<total>0</total>
				<timestamp>6442.430398</timestamp>
			</report>
			<report>
				<misses>979300001</misses>
				<total>0</total>
				<timestamp>6443.091051</timestamp>
			</report>
			<report>
				<misses>979400001</misses>
				<total>0</total>
				<timestamp>6443.749450</timestamp>
			</report>
			<report>
				<misses>979500001</misses>
				<total>0</total>
				<timestamp>6444.409161</timestamp>
			</report>
			<report>
				<misses>979600001</misses>
				<total>0</total>
				<timestamp>6445.068399</timestamp>
			</report>
			<report>
				<misses>979700001</misses>
				<total>0</total>
				<timestamp>6445.727449</timestamp>
			</report>
			<report>
				<misses>979800001</misses>
				<total>0</total>
				<timestamp>6446.385495</timestamp>
			</report>
			<report>
				<misses>979900001</misses>
				<total>0</total>
				<timestamp>6447.044472</timestamp>
			</report>
			<report>
				<misses>980000001</misses>
				<total>0</total>
				<timestamp>6447.702939</timestamp>
			</report>
			<report>
				<misses>980100001</misses>
				<total>0</total>
				<timestamp>6448.360228</timestamp>
			</report>
			<report>
				<misses>980200001</misses>
				<total>0</total>
				<timestamp>6449.017981</timestamp>
			</report>
			<report>
				<misses>980300001</misses>
				<total>0</total>
				<timestamp>6449.676146</timestamp>
			</report>
			<report>
				<misses>980400001</misses>
				<total>0</total>
				<timestamp>6450.334364</timestamp>
			</report>
			<report>
				<misses>980500001</misses>
				<total>0</total>
				<timestamp>6450.993597</timestamp>
			</report>
			<report>
				<misses>980600001</misses>
				<total>0</total>
				<timestamp>6451.650000</timestamp>
			</report>
			<report>
				<misses>980700001</misses>
				<total>0</total>
				<timestamp>6452.308802</timestamp>
			</report>
			<report>
				<misses>980800001</misses>
				<total>0</total>
				<timestamp>6452.965872</timestamp>
			</report>
			<report>
				<misses>980900001</misses>
				<total>0</total>
				<timestamp>6453.623681</timestamp>
			</report>
			<report>
				<misses>981000001</misses>
				<total>0</total>
				<timestamp>6454.281572</timestamp>
			</report>
			<report>
				<misses>981100001</misses>
				<total>0</total>
				<timestamp>6454.938480</timestamp>
			</report>
			<report>
				<misses>981200001</misses>
				<total>0</total>
				<timestamp>6455.597358</timestamp>
			</report>
			<report>
				<misses>981300001</misses>
				<total>0</total>
				<timestamp>6456.255003</timestamp>
			</report>
			<report>
				<misses>981400001</misses>
				<total>0</total>
				<timestamp>6456.913814</timestamp>
			</report>
			<report>
				<misses>981500001</misses>
				<total>0</total>
				<timestamp>6457.571723</timestamp>
			</report>
			<report>
				<misses>981600001</misses>
				<total>0</total>
				<timestamp>6458.229455</timestamp>
			</report>
			<report>
				<misses>981700001</misses>
				<total>0</total>
				<timestamp>6458.887340</timestamp>
			</report>
			<report>
				<misses>981800001</misses>
				<total>0</total>
				<timestamp>6459.545649</timestamp>
			</report>
			<report>
				<misses>981900001</misses>
				<total>0</total>
				<timestamp>6460.204281</timestamp>
			</report>
			<report>
				<misses>982000001</misses>
				<total>0</total>
				<timestamp>6460.862911</timestamp>
			</report>
			<report>
				<misses>982100001</misses>
				<total>0</total>
				<timestamp>6461.521325</timestamp>
			</report>
			<report>
				<misses>982200001</misses>
				<total>0</total>
				<timestamp>6462.179367</timestamp>
			</report>
			<report>
				<misses>982300001</misses>
				<total>0</total>
				<timestamp>6462.838626</timestamp>
			</report>
			<report>
				<misses>982400001</misses>
				<total>0</total>
				<timestamp>6463.495092</timestamp>
			</report>
			<report>
				<misses>982500001</misses>
				<total>0</total>
				<timestamp>6464.154440</timestamp>
			</report>
			<report>
				<misses>982600001</misses>
				<total>0</total>
				<timestamp>6464.811929</timestamp>
			</report>
			<report>
				<misses>982700001</misses>
				<total>0</total>
				<timestamp>6465.470342</timestamp>
			</report>
			<report>
				<misses>982800001</misses>
				<total>0</total>
				<timestamp>6466.128301</timestamp>
			</report>
			<report>
				<misses>982900001</misses>
				<total>0</total>
				<timestamp>6466.786407</timestamp>
			</report>
			<report>
				<misses>983000001</misses>
				<total>0</total>
				<timestamp>6467.445402</timestamp>
			</report>
			<report>
				<misses>983100001</misses>
				<total>0</total>
				<timestamp>6468.104362</timestamp>
			</report>
			<report>
				<misses>983200001</misses>
				<total>0</total>
				<timestamp>6468.761994</timestamp>
			</report>
			<report>
				<misses>983300001</misses>
				<total>0</total>
				<timestamp>6469.419419</timestamp>
			</report>
			<report>
				<misses>983400001</misses>
				<total>0</total>
				<timestamp>6470.077040</timestamp>
			</report>
			<report>
				<misses>983500001</misses>
				<total>0</total>
				<timestamp>6470.734725</timestamp>
			</report>
			<report>
				<misses>983600001</misses>
				<total>0</total>
				<timestamp>6471.392629</timestamp>
			</report>
			<report>
				<misses>983700001</misses>
				<total>0</total>
				<timestamp>6472.051797</timestamp>
			</report>
			<report>
				<misses>983800001</misses>
				<total>0</total>
				<timestamp>6472.710231</timestamp>
			</report>
			<report>
				<misses>983900001</misses>
				<total>0</total>
				<timestamp>6473.369376</timestamp>
			</report>
			<report>
				<misses>984000001</misses>
				<total>0</total>
				<timestamp>6474.027691</timestamp>
			</report>
			<report>
				<misses>984100001</misses>
				<total>0</total>
				<timestamp>6474.687294</timestamp>
			</report>
			<report>
				<misses>984200001</misses>
				<total>0</total>
				<timestamp>6475.347326</timestamp>
			</report>
			<report>
				<misses>984300001</misses>
				<total>0</total>
				<timestamp>6476.006679</timestamp>
			</report>
			<report>
				<misses>984400001</misses>
				<total>0</total>
				<timestamp>6476.665571</timestamp>
			</report>
			<report>
				<misses>984500001</misses>
				<total>0</total>
				<timestamp>6477.324544</timestamp>
			</report>
			<report>
				<misses>984600001</misses>
				<total>0</total>
				<timestamp>6477.983407</timestamp>
			</report>
			<report>
				<misses>984700001</misses>
				<total>0</total>
				<timestamp>6478.640284</timestamp>
			</report>
			<report>
				<misses>984800001</misses>
				<total>0</total>
				<timestamp>6479.298097</timestamp>
			</report>
			<report>
				<misses>984900001</misses>
				<total>0</total>
				<timestamp>6479.955268</timestamp>
			</report>
			<report>
				<misses>985000001</misses>
				<total>0</total>
				<timestamp>6480.613141</timestamp>
			</report>
			<report>
				<misses>985100001</misses>
				<total>0</total>
				<timestamp>6481.271214</timestamp>
			</report>
			<report>
				<misses>985200001</misses>
				<total>0</total>
				<timestamp>6481.929058</timestamp>
			</report>
			<report>
				<misses>985300001</misses>
				<total>0</total>
				<timestamp>6482.587408</timestamp>
			</report>
			<report>
				<misses>985400001</misses>
				<total>0</total>
				<timestamp>6483.245994</timestamp>
			</report>
			<report>
				<misses>985500001</misses>
				<total>0</total>
				<timestamp>6483.903926</timestamp>
			</report>
			<report>
				<misses>985600001</misses>
				<total>0</total>
				<timestamp>6484.562638</timestamp>
			</report>
			<report>
				<misses>985700001</misses>
				<total>0</total>
				<timestamp>6485.220885</timestamp>
			</report>
			<report>
				<misses>985800001</misses>
				<total>0</total>
				<timestamp>6485.878273</timestamp>
			</report>
			<report>
				<misses>985900001</misses>
				<total>0</total>
				<timestamp>6486.535615</timestamp>
			</report>
			<report>
				<misses>986000001</misses>
				<total>0</total>
				<timestamp>6487.192667</timestamp>
			</report>
			<report>
				<misses>986100001</misses>
				<total>0</total>
				<timestamp>6487.850803</timestamp>
			</report>
			<report>
				<misses>986200001</misses>
				<total>0</total>
				<timestamp>6488.508511</timestamp>
			</report>
			<report>
				<misses>986300001</misses>
				<total>0</total>
				<timestamp>6489.165956</timestamp>
			</report>
			<report>
				<misses>986400001</misses>
				<total>0</total>
				<timestamp>6489.823939</timestamp>
			</report>
			<report>
				<misses>986500001</misses>
				<total>0</total>
				<timestamp>6490.481266</timestamp>
			</report>
			<report>
				<misses>986600001</misses>
				<total>0</total>
				<timestamp>6491.139725</timestamp>
			</report>
			<report>
				<misses>986700001</misses>
				<total>0</total>
				<timestamp>6491.798160</timestamp>
			</report>
			<report>
				<misses>986800001</misses>
				<total>0</total>
				<timestamp>6492.456334</timestamp>
			</report>
			<report>
				<misses>986900001</misses>
				<total>0</total>
				<timestamp>6493.113146</timestamp>
			</report>
			<report>
				<misses>987000001</misses>
				<total>0</total>
				<timestamp>6493.770011</timestamp>
			</report>
			<report>
				<misses>987100001</misses>
				<total>0</total>
				<timestamp>6494.427456</timestamp>
			</report>
			<report>
				<misses>987200001</misses>
				<total>0</total>
				<timestamp>6495.085223</timestamp>
			</report>
			<report>
				<misses>987300001</misses>
				<total>0</total>
				<timestamp>6495.743042</timestamp>
			</report>
			<report>
				<misses>987400001</misses>
				<total>0</total>
				<timestamp>6496.399700</timestamp>
			</report>
			<report>
				<misses>987500001</misses>
				<total>0</total>
				<timestamp>6497.057609</timestamp>
			</report>
			<report>
				<misses>987600001</misses>
				<total>0</total>
				<timestamp>6497.716141</timestamp>
			</report>
			<report>
				<misses>987700001</misses>
				<total>0</total>
				<timestamp>6498.373241</timestamp>
			</report>
			<report>
				<misses>987800001</misses>
				<total>0</total>
				<timestamp>6499.031364</timestamp>
			</report>
			<report>
				<misses>987900001</misses>
				<total>0</total>
				<timestamp>6499.689526</timestamp>
			</report>
			<report>
				<misses>988000001</misses>
				<total>0</total>
				<timestamp>6500.347401</timestamp>
			</report>
			<report>
				<misses>988100001</misses>
				<total>0</total>
				<timestamp>6501.004963</timestamp>
			</report>
			<report>
				<misses>988200001</misses>
				<total>0</total>
				<timestamp>6501.662900</timestamp>
			</report>
			<report>
				<misses>988300001</misses>
				<total>0</total>
				<timestamp>6502.321298</timestamp>
			</report>
			<report>
				<misses>988400001</misses>
				<total>0</total>
				<timestamp>6502.979947</timestamp>
			</report>
			<report>
				<misses>988500001</misses>
				<total>0</total>
				<timestamp>6503.638778</timestamp>
			</report>
			<report>
				<misses>988600001</misses>
				<total>0</total>
				<timestamp>6504.297381</timestamp>
			</report>
			<report>
				<misses>988700001</misses>
				<total>0</total>
				<timestamp>6504.956957</timestamp>
			</report>
			<report>
				<misses>988800001</misses>
				<total>0</total>
				<timestamp>6505.615864</timestamp>
			</report>
			<report>
				<misses>988900001</misses>
				<total>0</total>
				<timestamp>6506.274894</timestamp>
			</report>
			<report>
				<misses>989000001</misses>
				<total>0</total>
				<timestamp>6506.934284</timestamp>
			</report>
			<report>
				<misses>989100001</misses>
				<total>0</total>
				<timestamp>6507.594434</timestamp>
			</report>
			<report>
				<misses>989200001</misses>
				<total>0</total>
				<timestamp>6508.254062</timestamp>
			</report>
			<report>
				<misses>989300001</misses>
				<total>0</total>
				<timestamp>6508.913288</timestamp>
			</report>
			<report>
				<misses>989400001</misses>
				<total>0</total>
				<timestamp>6509.573337</timestamp>
			</report>
			<report>
				<misses>989500001</misses>
				<total>0</total>
				<timestamp>6510.230339</timestamp>
			</report>
			<report>
				<misses>989600001</misses>
				<total>0</total>
				<timestamp>6510.888525</timestamp>
			</report>
			<report>
				<misses>989700001</misses>
				<total>0</total>
				<timestamp>6511.546350</timestamp>
			</report>
			<report>
				<misses>989800001</misses>
				<total>0</total>
				<timestamp>6512.204028</timestamp>
			</report>
			<report>
				<misses>989900001</misses>
				<total>0</total>
				<timestamp>6512.861797</timestamp>
			</report>
			<report>
				<misses>990000001</misses>
				<total>0</total>
				<timestamp>6513.519452</timestamp>
			</report>
			<report>
				<misses>990100001</misses>
				<total>0</total>
				<timestamp>6514.177933</timestamp>
			</report>
			<report>
				<misses>990200001</misses>
				<total>0</total>
				<timestamp>6514.834533</timestamp>
			</report>
			<report>
				<misses>990300001</misses>
				<total>0</total>
				<timestamp>6515.492914</timestamp>
			</report>
			<report>
				<misses>990400001</misses>
				<total>0</total>
				<timestamp>6516.150603</timestamp>
			</report>
			<report>
				<misses>990500001</misses>
				<total>0</total>
				<timestamp>6516.808119</timestamp>
			</report>
			<report>
				<misses>990600001</misses>
				<total>0</total>
				<timestamp>6517.466988</timestamp>
			</report>
			<report>
				<misses>990700001</misses>
				<total>0</total>
				<timestamp>6518.126059</timestamp>
			</report>
			<report>
				<misses>990800001</misses>
				<total>0</total>
				<timestamp>6518.783961</timestamp>
			</report>
			<report>
				<misses>990900001</misses>
				<total>0</total>
				<timestamp>6519.440975</timestamp>
			</report>
			<report>
				<misses>991000001</misses>
				<total>0</total>
				<timestamp>6520.099887</timestamp>
			</report>
			<report>
				<misses>991100001</misses>
				<total>0</total>
				<timestamp>6520.757979</timestamp>
			</report>
			<report>
				<misses>991200001</misses>
				<total>0</total>
				<timestamp>6521.416082</timestamp>
			</report>
			<report>
				<misses>991300001</misses>
				<total>0</total>
				<timestamp>6522.073695</timestamp>
			</report>
			<report>
				<misses>991400001</misses>
				<total>0</total>
				<timestamp>6522.730957</timestamp>
			</report>
			<report>
				<misses>991500001</misses>
				<total>0</total>
				<timestamp>6523.387914</timestamp>
			</report>
			<report>
				<misses>991600001</misses>
				<total>0</total>
				<timestamp>6524.045032</timestamp>
			</report>
			<report>
				<misses>991700001</misses>
				<total>0</total>
				<timestamp>6524.703768</timestamp>
			</report>
			<report>
				<misses>991800001</misses>
				<total>0</total>
				<timestamp>6525.363160</timestamp>
			</report>
			<report>
				<misses>991900001</misses>
				<total>0</total>
				<timestamp>6526.020024</timestamp>
			</report>
			<report>
				<misses>992000001</misses>
				<total>0</total>
				<timestamp>6526.678528</timestamp>
			</report>
			<report>
				<misses>992100001</misses>
				<total>0</total>
				<timestamp>6527.337085</timestamp>
			</report>
			<report>
				<misses>992200001</misses>
				<total>0</total>
				<timestamp>6527.994687</timestamp>
			</report>
			<report>
				<misses>992300001</misses>
				<total>0</total>
				<timestamp>6528.652971</timestamp>
			</report>
			<report>
				<misses>992400001</misses>
				<total>0</total>
				<timestamp>6529.311279</timestamp>
			</report>
			<report>
				<misses>992500001</misses>
				<total>0</total>
				<timestamp>6529.968771</timestamp>
			</report>
			<report>
				<misses>992600001</misses>
				<total>0</total>
				<timestamp>6530.626254</timestamp>
			</report>
			<report>
				<misses>992700001</misses>
				<total>0</total>
				<timestamp>6531.284085</timestamp>
			</report>
			<report>
				<misses>992800001</misses>
				<total>0</total>
				<timestamp>6531.940248</timestamp>
			</report>
			<report>
				<misses>992900001</misses>
				<total>0</total>
				<timestamp>6532.597263</timestamp>
			</report>
			<report>
				<misses>993000001</misses>
				<total>0</total>
				<timestamp>6533.254769</timestamp>
			</report>
			<report>
				<misses>993100001</misses>
				<total>0</total>
				<timestamp>6533.911390</timestamp>
			</report>
			<report>
				<misses>993200001</misses>
				<total>0</total>
				<timestamp>6534.569021</timestamp>
			</report>
			<report>
				<misses>993300001</misses>
				<total>0</total>
				<timestamp>6535.226547</timestamp>
			</report>
			<report>
				<misses>993400001</misses>
				<total>0</total>
				<timestamp>6535.885219</timestamp>
			</report>
			<report>
				<misses>993500001</misses>
				<total>0</total>
				<timestamp>6536.543687</timestamp>
			</report>
			<report>
				<misses>993600001</misses>
				<total>0</total>
				<timestamp>6537.201820</timestamp>
			</report>
			<report>
				<misses>993700001</misses>
				<total>0</total>
				<timestamp>6537.861697</timestamp>
			</report>
			<report>
				<misses>993800001</misses>
				<total>0</total>
				<timestamp>6538.520104</timestamp>
			</report>
			<report>
				<misses>993900001</misses>
				<total>0</total>
				<timestamp>6539.178453</timestamp>
			</report>
			<report>
				<misses>994000001</misses>
				<total>0</total>
				<timestamp>6539.837367</timestamp>
			</report>
			<report>
				<misses>994100001</misses>
				<total>0</total>
				<timestamp>6540.496803</timestamp>
			</report>
			<report>
				<misses>994200001</misses>
				<total>0</total>
				<timestamp>6541.156369</timestamp>
			</report>
			<report>
				<misses>994300001</misses>
				<total>0</total>
				<timestamp>6541.815106</timestamp>
			</report>
			<report>
				<misses>994400001</misses>
				<total>0</total>
				<timestamp>6542.473992</timestamp>
			</report>
			<report>
				<misses>994500001</misses>
				<total>0</total>
				<timestamp>6543.131858</timestamp>
			</report>
			<report>
				<misses>994600001</misses>
				<total>0</total>
				<timestamp>6543.788543</timestamp>
			</report>
			<report>
				<misses>994700001</misses>
				<total>0</total>
				<timestamp>6544.446381</timestamp>
			</report>
			<report>
				<misses>994800001</misses>
				<total>0</total>
				<timestamp>6545.103739</timestamp>
			</report>
			<report>
				<misses>994900001</misses>
				<total>0</total>
				<timestamp>6545.762853</timestamp>
			</report>
			<report>
				<misses>995000001</misses>
				<total>0</total>
				<timestamp>6546.420556</timestamp>
			</report>
			<report>
				<misses>995100001</misses>
				<total>0</total>
				<timestamp>6547.077372</timestamp>
			</report>
			<report>
				<misses>995200001</misses>
				<total>0</total>
				<timestamp>6547.735017</timestamp>
			</report>
			<report>
				<misses>995300001</misses>
				<total>0</total>
				<timestamp>6548.393352</timestamp>
			</report>
			<report>
				<misses>995400001</misses>
				<total>0</total>
				<timestamp>6549.050763</timestamp>
			</report>
			<report>
				<misses>995500001</misses>
				<total>0</total>
				<timestamp>6549.708702</timestamp>
			</report>
			<report>
				<misses>995600001</misses>
				<total>0</total>
				<timestamp>6550.366881</timestamp>
			</report>
			<report>
				<misses>995700001</misses>
				<total>0</total>
				<timestamp>6551.025108</timestamp>
			</report>
			<report>
				<misses>995800001</misses>
				<total>0</total>
				<timestamp>6551.681327</timestamp>
			</report>
			<report>
				<misses>995900001</misses>
				<total>0</total>
				<timestamp>6552.339088</timestamp>
			</report>
			<report>
				<misses>996000001</misses>
				<total>0</total>
				<timestamp>6552.997263</timestamp>
			</report>
			<report>
				<misses>996100001</misses>
				<total>0</total>
				<timestamp>6553.655376</timestamp>
			</report>
			<report>
				<misses>996200001</misses>
				<total>0</total>
				<timestamp>6554.313723</timestamp>
			</report>
			<report>
				<misses>996300001</misses>
				<total>0</total>
				<timestamp>6554.972356</timestamp>
			</report>
			<report>
				<misses>996400001</misses>
				<total>0</total>
				<timestamp>6555.631540</timestamp>
			</report>
			<report>
				<misses>996500001</misses>
				<total>0</total>
				<timestamp>6556.288615</timestamp>
			</report>
			<report>
				<misses>996600001</misses>
				<total>0</total>
				<timestamp>6556.946509</timestamp>
			</report>
			<report>
				<misses>996700001</misses>
				<total>0</total>
				<timestamp>6557.605957</timestamp>
			</report>
			<report>
				<misses>996800001</misses>
				<total>0</total>
				<timestamp>6558.263631</timestamp>
			</report>
			<report>
				<misses>996900001</misses>
				<total>0</total>
				<timestamp>6558.921572</timestamp>
			</report>
			<report>
				<misses>997000001</misses>
				<total>0</total>
				<timestamp>6559.580145</timestamp>
			</report>
			<report>
				<misses>997100001</misses>
				<total>0</total>
				<timestamp>6560.237662</timestamp>
			</report>
			<report>
				<misses>997200001</misses>
				<total>0</total>
				<timestamp>6560.895514</timestamp>
			</report>
			<report>
				<misses>997300001</misses>
				<total>0</total>
				<timestamp>6561.553461</timestamp>
			</report>
			<report>
				<misses>997400001</misses>
				<total>0</total>
				<timestamp>6562.210701</timestamp>
			</report>
			<report>
				<misses>997500001</misses>
				<total>0</total>
				<timestamp>6562.868461</timestamp>
			</report>
			<report>
				<misses>997600001</misses>
				<total>0</total>
				<timestamp>6563.526796</timestamp>
			</report>
			<report>
				<misses>997700001</misses>
				<total>0</total>
				<timestamp>6564.183926</timestamp>
			</report>
			<report>
				<misses>997800001</misses>
				<total>0</total>
				<timestamp>6564.840400</timestamp>
			</report>
			<report>
				<misses>997900001</misses>
				<total>0</total>
				<timestamp>6565.496742</timestamp>
			</report>
			<report>
				<misses>998000001</misses>
				<total>0</total>
				<timestamp>6566.154420</timestamp>
			</report>
			<report>
				<misses>998100001</misses>
				<total>0</total>
				<timestamp>6566.811088</timestamp>
			</report>
			<report>
				<misses>998200001</misses>
				<total>0</total>
				<timestamp>6567.469463</timestamp>
			</report>
			<report>
				<misses>998300001</misses>
				<total>0</total>
				<timestamp>6568.128001</timestamp>
			</report>
			<report>
				<misses>998400001</misses>
				<total>0</total>
				<timestamp>6568.785974</timestamp>
			</report>
			<report>
				<misses>998500001</misses>
				<total>0</total>
				<timestamp>6569.443873</timestamp>
			</report>
			<report>
				<misses>998600001</misses>
				<total>0</total>
				<timestamp>6570.102397</timestamp>
			</report>
			<report>
				<misses>998700001</misses>
				<total>0</total>
				<timestamp>6570.762582</timestamp>
			</report>
			<report>
				<misses>998800001</misses>
				<total>0</total>
				<timestamp>6571.422071</timestamp>
			</report>
			<report>
				<misses>998900001</misses>
				<total>0</total>
				<timestamp>6572.081336</timestamp>
			</report>
			<report>
				<misses>999000001</misses>
				<total>0</total>
				<timestamp>6572.740728</timestamp>
			</report>
			<report>
				<misses>999100001</misses>
				<total>0</total>
				<timestamp>6573.400089</timestamp>
			</report>
			<report>
				<misses>999200001</misses>
				<total>0</total>
				<timestamp>6574.059440</timestamp>
			</report>
			<report>
				<misses>999300001</misses>
				<total>0</total>
				<timestamp>6574.718112</timestamp>
			</report>
			<report>
				<misses>999400001</misses>
				<total>0</total>
				<timestamp>6575.376837</timestamp>
			</report>
			<report>
				<misses>999500001</misses>
				<total>0</total>
				<timestamp>6576.034910</timestamp>
			</report>
			<report>
				<misses>999600001</misses>
				<total>0</total>
				<timestamp>6576.693295</timestamp>
			</report>
			<report>
				<misses>999700001</misses>
				<total>0</total>
				<timestamp>6577.351803</timestamp>
			</report>
			<report>
				<misses>999800001</misses>
				<total>0</total>
				<timestamp>6578.010067</timestamp>
			</report>
			<report>
				<misses>999900001</misses>
				<total>0</total>
				<timestamp>6578.667194</timestamp>
			</report>
			<report>
				<misses>1000000001</misses>
				<total>0</total>
				<timestamp>6579.325425</timestamp>
			</report>
			<report>
				<misses>1000100001</misses>
				<total>0</total>
				<timestamp>6579.984186</timestamp>
			</report>
			<report>
				<misses>1000200001</misses>
				<total>0</total>
				<timestamp>6580.642846</timestamp>
			</report>
			<report>
				<misses>1000300001</misses>
				<total>0</total>
				<timestamp>6581.300248</timestamp>
			</report>
			<report>
				<misses>1000400001</misses>
				<total>0</total>
				<timestamp>6581.958112</timestamp>
			</report>
			<report>
				<misses>1000500001</misses>
				<total>0</total>
				<timestamp>6582.617804</timestamp>
			</report>
			<report>
				<misses>1000600001</misses>
				<total>0</total>
				<timestamp>6583.274769</timestamp>
			</report>
			<report>
				<misses>1000700001</misses>
				<total>0</total>
				<timestamp>6583.933177</timestamp>
			</report>
			<report>
				<misses>1000800001</misses>
				<total>0</total>
				<timestamp>6584.590836</timestamp>
			</report>
			<report>
				<misses>1000900001</misses>
				<total>0</total>
				<timestamp>6585.250020</timestamp>
			</report>
			<report>
				<misses>1001000001</misses>
				<total>0</total>
				<timestamp>6585.908606</timestamp>
			</report>
			<report>
				<misses>1001100001</misses>
				<total>0</total>
				<timestamp>6586.567991</timestamp>
			</report>
			<report>
				<misses>1001200001</misses>
				<total>0</total>
				<timestamp>6587.226659</timestamp>
			</report>
			<report>
				<misses>1001300001</misses>
				<total>0</total>
				<timestamp>6587.886132</timestamp>
			</report>
			<report>
				<misses>1001400001</misses>
				<total>0</total>
				<timestamp>6588.544484</timestamp>
			</report>
			<report>
				<misses>1001500001</misses>
				<total>0</total>
				<timestamp>6589.203681</timestamp>
			</report>
			<report>
				<misses>1001600001</misses>
				<total>0</total>
				<timestamp>6589.860650</timestamp>
			</report>
			<report>
				<misses>1001700001</misses>
				<total>0</total>
				<timestamp>6590.518625</timestamp>
			</report>
			<report>
				<misses>1001800001</misses>
				<total>0</total>
				<timestamp>6591.177395</timestamp>
			</report>
			<report>
				<misses>1001900001</misses>
				<total>0</total>
				<timestamp>6591.835318</timestamp>
			</report>
			<report>
				<misses>1002000001</misses>
				<total>0</total>
				<timestamp>6592.491793</timestamp>
			</report>
			<report>
				<misses>1002100001</misses>
				<total>0</total>
				<timestamp>6593.150239</timestamp>
			</report>
			<report>
				<misses>1002200001</misses>
				<total>0</total>
				<timestamp>6593.808684</timestamp>
			</report>
			<report>
				<misses>1002300001</misses>
				<total>0</total>
				<timestamp>6594.466625</timestamp>
			</report>
			<report>
				<misses>1002400001</misses>
				<total>0</total>
				<timestamp>6595.125331</timestamp>
			</report>
			<report>
				<misses>1002500001</misses>
				<total>0</total>
				<timestamp>6595.783593</timestamp>
			</report>
			<report>
				<misses>1002600001</misses>
				<total>0</total>
				<timestamp>6596.441241</timestamp>
			</report>
			<report>
				<misses>1002700001</misses>
				<total>0</total>
				<timestamp>6597.099176</timestamp>
			</report>
			<report>
				<misses>1002800001</misses>
				<total>0</total>
				<timestamp>6597.758028</timestamp>
			</report>
			<report>
				<misses>1002900001</misses>
				<total>0</total>
				<timestamp>6598.416189</timestamp>
			</report>
			<report>
				<misses>1003000001</misses>
				<total>0</total>
				<timestamp>6599.074688</timestamp>
			</report>
			<report>
				<misses>1003100001</misses>
				<total>0</total>
				<timestamp>6599.732375</timestamp>
			</report>
			<report>
				<misses>1003200001</misses>
				<total>0</total>
				<timestamp>6600.390473</timestamp>
			</report>
			<report>
				<misses>1003300001</misses>
				<total>0</total>
				<timestamp>6601.047084</timestamp>
			</report>
			<report>
				<misses>1003400001</misses>
				<total>0</total>
				<timestamp>6601.705718</timestamp>
			</report>
			<report>
				<misses>1003500001</misses>
				<total>0</total>
				<timestamp>6602.362405</timestamp>
			</report>
			<report>
				<misses>1003600001</misses>
				<total>0</total>
				<timestamp>6603.020285</timestamp>
			</report>
			<report>
				<misses>1003700001</misses>
				<total>0</total>
				<timestamp>6603.680315</timestamp>
			</report>
			<report>
				<misses>1003800001</misses>
				<total>0</total>
				<timestamp>6604.337252</timestamp>
			</report>
			<report>
				<misses>1003900001</misses>
				<total>0</total>
				<timestamp>6604.996203</timestamp>
			</report>
			<report>
				<misses>1004000001</misses>
				<total>0</total>
				<timestamp>6605.655198</timestamp>
			</report>
			<report>
				<misses>1004100001</misses>
				<total>0</total>
				<timestamp>6606.314665</timestamp>
			</report>
			<report>
				<misses>1004200001</misses>
				<total>0</total>
				<timestamp>6606.973316</timestamp>
			</report>
			<report>
				<misses>1004300001</misses>
				<total>0</total>
				<timestamp>6607.632651</timestamp>
			</report>
			<report>
				<misses>1004400001</misses>
				<total>0</total>
				<timestamp>6608.291605</timestamp>
			</report>
			<report>
				<misses>1004500001</misses>
				<total>0</total>
				<timestamp>6608.949853</timestamp>
			</report>
			<report>
				<misses>1004600001</misses>
				<total>0</total>
				<timestamp>6609.606617</timestamp>
			</report>
			<report>
				<misses>1004700001</misses>
				<total>0</total>
				<timestamp>6610.265596</timestamp>
			</report>
			<report>
				<misses>1004800001</misses>
				<total>0</total>
				<timestamp>6610.924487</timestamp>
			</report>
			<report>
				<misses>1004900001</misses>
				<total>0</total>
				<timestamp>6611.582277</timestamp>
			</report>
			<report>
				<misses>1005000001</misses>
				<total>0</total>
				<timestamp>6612.240858</timestamp>
			</report>
			<report>
				<misses>1005100001</misses>
				<total>0</total>
				<timestamp>6612.899818</timestamp>
			</report>
			<report>
				<misses>1005200001</misses>
				<total>0</total>
				<timestamp>6613.556969</timestamp>
			</report>
			<report>
				<misses>1005300001</misses>
				<total>0</total>
				<timestamp>6614.215220</timestamp>
			</report>
			<report>
				<misses>1005400001</misses>
				<total>0</total>
				<timestamp>6614.873806</timestamp>
			</report>
			<report>
				<misses>1005500001</misses>
				<total>0</total>
				<timestamp>6615.531343</timestamp>
			</report>
			<report>
				<misses>1005600001</misses>
				<total>0</total>
				<timestamp>6616.189242</timestamp>
			</report>
			<report>
				<misses>1005700001</misses>
				<total>0</total>
				<timestamp>6616.845100</timestamp>
			</report>
			<report>
				<misses>1005800001</misses>
				<total>0</total>
				<timestamp>6617.503520</timestamp>
			</report>
			<report>
				<misses>1005900001</misses>
				<total>0</total>
				<timestamp>6618.161773</timestamp>
			</report>
			<report>
				<misses>1006000001</misses>
				<total>0</total>
				<timestamp>6618.818180</timestamp>
			</report>
			<report>
				<misses>1006100001</misses>
				<total>0</total>
				<timestamp>6619.476535</timestamp>
			</report>
			<report>
				<misses>1006200001</misses>
				<total>0</total>
				<timestamp>6620.134654</timestamp>
			</report>
			<report>
				<misses>1006300001</misses>
				<total>0</total>
				<timestamp>6620.792096</timestamp>
			</report>
			<report>
				<misses>1006400001</misses>
				<total>0</total>
				<timestamp>6621.451019</timestamp>
			</report>
			<report>
				<misses>1006500001</misses>
				<total>0</total>
				<timestamp>6622.109283</timestamp>
			</report>
			<report>
				<misses>1006600001</misses>
				<total>0</total>
				<timestamp>6622.767915</timestamp>
			</report>
			<report>
				<misses>1006700001</misses>
				<total>0</total>
				<timestamp>6623.426374</timestamp>
			</report>
			<report>
				<misses>1006800001</misses>
				<total>0</total>
				<timestamp>6624.084694</timestamp>
			</report>
			<report>
				<misses>1006900001</misses>
				<total>0</total>
				<timestamp>6624.742889</timestamp>
			</report>
			<report>
				<misses>1007000001</misses>
				<total>0</total>
				<timestamp>6625.398528</timestamp>
			</report>
			<report>
				<misses>1007100001</misses>
				<total>0</total>
				<timestamp>6626.056249</timestamp>
			</report>
			<report>
				<misses>1007200001</misses>
				<total>0</total>
				<timestamp>6626.714239</timestamp>
			</report>
			<report>
				<misses>1007300001</misses>
				<total>0</total>
				<timestamp>6627.371663</timestamp>
			</report>
			<report>
				<misses>1007400001</misses>
				<total>0</total>
				<timestamp>6628.029029</timestamp>
			</report>
			<report>
				<misses>1007500001</misses>
				<total>0</total>
				<timestamp>6628.686544</timestamp>
			</report>
			<report>
				<misses>1007600001</misses>
				<total>0</total>
				<timestamp>6629.343441</timestamp>
			</report>
			<report>
				<misses>1007700001</misses>
				<total>0</total>
				<timestamp>6630.001815</timestamp>
			</report>
			<report>
				<misses>1007800001</misses>
				<total>0</total>
				<timestamp>6630.658447</timestamp>
			</report>
			<report>
				<misses>1007900001</misses>
				<total>0</total>
				<timestamp>6631.315982</timestamp>
			</report>
			<report>
				<misses>1008000001</misses>
				<total>0</total>
				<timestamp>6631.972814</timestamp>
			</report>
			<report>
				<misses>1008100001</misses>
				<total>0</total>
				<timestamp>6632.630483</timestamp>
			</report>
			<report>
				<misses>1008200001</misses>
				<total>0</total>
				<timestamp>6633.289026</timestamp>
			</report>
			<report>
				<misses>1008300001</misses>
				<total>0</total>
				<timestamp>6633.945811</timestamp>
			</report>
			<report>
				<misses>1008400001</misses>
				<total>0</total>
				<timestamp>6634.603586</timestamp>
			</report>
			<report>
				<misses>1008500001</misses>
				<total>0</total>
				<timestamp>6635.260550</timestamp>
			</report>
			<report>
				<misses>1008600001</misses>
				<total>0</total>
				<timestamp>6635.919949</timestamp>
			</report>
			<report>
				<misses>1008700001</misses>
				<total>0</total>
				<timestamp>6636.579454</timestamp>
			</report>
			<report>
				<misses>1008800001</misses>
				<total>0</total>
				<timestamp>6637.238489</timestamp>
			</report>
			<report>
				<misses>1008900001</misses>
				<total>0</total>
				<timestamp>6637.897386</timestamp>
			</report>
			<report>
				<misses>1009000001</misses>
				<total>0</total>
				<timestamp>6638.554858</timestamp>
			</report>
			<report>
				<misses>1009100001</misses>
				<total>0</total>
				<timestamp>6639.213461</timestamp>
			</report>
			<report>
				<misses>1009200001</misses>
				<total>0</total>
				<timestamp>6639.872163</timestamp>
			</report>
			<report>
				<misses>1009300001</misses>
				<total>0</total>
				<timestamp>6640.531418</timestamp>
			</report>
			<report>
				<misses>1009400001</misses>
				<total>0</total>
				<timestamp>6641.188254</timestamp>
			</report>
			<report>
				<misses>1009500001</misses>
				<total>0</total>
				<timestamp>6641.846532</timestamp>
			</report>
			<report>
				<misses>1009600001</misses>
				<total>0</total>
				<timestamp>6642.504062</timestamp>
			</report>
			<report>
				<misses>1009700001</misses>
				<total>0</total>
				<timestamp>6643.162563</timestamp>
			</report>
			<report>
				<misses>1009800001</misses>
				<total>0</total>
				<timestamp>6643.821135</timestamp>
			</report>
			<report>
				<misses>1009900001</misses>
				<total>0</total>
				<timestamp>6644.479063</timestamp>
			</report>
			<report>
				<misses>1010000001</misses>
				<total>0</total>
				<timestamp>6645.137173</timestamp>
			</report>
			<report>
				<misses>1010100001</misses>
				<total>0</total>
				<timestamp>6645.794837</timestamp>
			</report>
			<report>
				<misses>1010200001</misses>
				<total>0</total>
				<timestamp>6646.452543</timestamp>
			</report>
			<report>
				<misses>1010300001</misses>
				<total>0</total>
				<timestamp>6647.109736</timestamp>
			</report>
			<report>
				<misses>1010400001</misses>
				<total>0</total>
				<timestamp>6647.768127</timestamp>
			</report>
			<report>
				<misses>1010500001</misses>
				<total>0</total>
				<timestamp>6648.425930</timestamp>
			</report>
			<report>
				<misses>1010600001</misses>
				<total>0</total>
				<timestamp>6649.085256</timestamp>
			</report>
			<report>
				<misses>1010700001</misses>
				<total>0</total>
				<timestamp>6649.742607</timestamp>
			</report>
			<report>
				<misses>1010800001</misses>
				<total>0</total>
				<timestamp>6650.401002</timestamp>
			</report>
			<report>
				<misses>1010900001</misses>
				<total>0</total>
				<timestamp>6651.059868</timestamp>
			</report>
			<report>
				<misses>1011000001</misses>
				<total>0</total>
				<timestamp>6651.718370</timestamp>
			</report>
			<report>
				<misses>1011100001</misses>
				<total>0</total>
				<timestamp>6652.375824</timestamp>
			</report>
			<report>
				<misses>1011200001</misses>
				<total>0</total>
				<timestamp>6653.033777</timestamp>
			</report>
			<report>
				<misses>1011300001</misses>
				<total>0</total>
				<timestamp>6653.692586</timestamp>
			</report>
			<report>
				<misses>1011400001</misses>
				<total>0</total>
				<timestamp>6654.350338</timestamp>
			</report>
			<report>
				<misses>1011500001</misses>
				<total>0</total>
				<timestamp>6655.009196</timestamp>
			</report>
			<report>
				<misses>1011600001</misses>
				<total>0</total>
				<timestamp>6655.666951</timestamp>
			</report>
			<report>
				<misses>1011700001</misses>
				<total>0</total>
				<timestamp>6656.324762</timestamp>
			</report>
			<report>
				<misses>1011800001</misses>
				<total>0</total>
				<timestamp>6656.981542</timestamp>
			</report>
			<report>
				<misses>1011900001</misses>
				<total>0</total>
				<timestamp>6657.640914</timestamp>
			</report>
			<report>
				<misses>1012000001</misses>
				<total>0</total>
				<timestamp>6658.299903</timestamp>
			</report>
			<report>
				<misses>1012100001</misses>
				<total>0</total>
				<timestamp>6658.957638</timestamp>
			</report>
			<report>
				<misses>1012200001</misses>
				<total>0</total>
				<timestamp>6659.614929</timestamp>
			</report>
			<report>
				<misses>1012300001</misses>
				<total>0</total>
				<timestamp>6660.273131</timestamp>
			</report>
			<report>
				<misses>1012400001</misses>
				<total>0</total>
				<timestamp>6660.931946</timestamp>
			</report>
			<report>
				<misses>1012500001</misses>
				<total>0</total>
				<timestamp>6661.590392</timestamp>
			</report>
			<report>
				<misses>1012600001</misses>
				<total>0</total>
				<timestamp>6662.247654</timestamp>
			</report>
			<report>
				<misses>1012700001</misses>
				<total>0</total>
				<timestamp>6662.902031</timestamp>
			</report>
			<report>
				<misses>1012800001</misses>
				<total>0</total>
				<timestamp>6663.560276</timestamp>
			</report>
			<report>
				<misses>1012900001</misses>
				<total>0</total>
				<timestamp>6664.216344</timestamp>
			</report>
			<report>
				<misses>1013000001</misses>
				<total>0</total>
				<timestamp>6664.874279</timestamp>
			</report>
			<report>
				<misses>1013100001</misses>
				<total>0</total>
				<timestamp>6665.532285</timestamp>
			</report>
			<report>
				<misses>1013200001</misses>
				<total>0</total>
				<timestamp>6666.191600</timestamp>
			</report>
			<report>
				<misses>1013300001</misses>
				<total>0</total>
				<timestamp>6666.848442</timestamp>
			</report>
			<report>
				<misses>1013400001</misses>
				<total>0</total>
				<timestamp>6667.506224</timestamp>
			</report>
			<report>
				<misses>1013500001</misses>
				<total>0</total>
				<timestamp>6668.164965</timestamp>
			</report>
			<report>
				<misses>1013600001</misses>
				<total>0</total>
				<timestamp>6668.823912</timestamp>
			</report>
			<report>
				<misses>1013700001</misses>
				<total>0</total>
				<timestamp>6669.483647</timestamp>
			</report>
			<report>
				<misses>1013800001</misses>
				<total>0</total>
				<timestamp>6670.142391</timestamp>
			</report>
			<report>
				<misses>1013900001</misses>
				<total>0</total>
				<timestamp>6670.801885</timestamp>
			</report>
			<report>
				<misses>1014000001</misses>
				<total>0</total>
				<timestamp>6671.462557</timestamp>
			</report>
			<report>
				<misses>1014100001</misses>
				<total>0</total>
				<timestamp>6672.121511</timestamp>
			</report>
			<report>
				<misses>1014200001</misses>
				<total>0</total>
				<timestamp>6672.780214</timestamp>
			</report>
			<report>
				<misses>1014300001</misses>
				<total>0</total>
				<timestamp>6673.439413</timestamp>
			</report>
			<report>
				<misses>1014400001</misses>
				<total>0</total>
				<timestamp>6674.097278</timestamp>
			</report>
			<report>
				<misses>1014500001</misses>
				<total>0</total>
				<timestamp>6674.755012</timestamp>
			</report>
			<report>
				<misses>1014600001</misses>
				<total>0</total>
				<timestamp>6675.412968</timestamp>
			</report>
			<report>
				<misses>1014700001</misses>
				<total>0</total>
				<timestamp>6676.069928</timestamp>
			</report>
			<report>
				<misses>1014800001</misses>
				<total>0</total>
				<timestamp>6676.725473</timestamp>
			</report>
			<report>
				<misses>1014900001</misses>
				<total>0</total>
				<timestamp>6677.382856</timestamp>
			</report>
			<report>
				<misses>1015000001</misses>
				<total>0</total>
				<timestamp>6678.039357</timestamp>
			</report>
			<report>
				<misses>1015100001</misses>
				<total>0</total>
				<timestamp>6678.697831</timestamp>
			</report>
			<report>
				<misses>1015200001</misses>
				<total>0</total>
				<timestamp>6679.356734</timestamp>
			</report>
			<report>
				<misses>1015300001</misses>
				<total>0</total>
				<timestamp>6680.011549</timestamp>
			</report>
			<report>
				<misses>1015400001</misses>
				<total>0</total>
				<timestamp>6680.668551</timestamp>
			</report>
			<report>
				<misses>1015500001</misses>
				<total>0</total>
				<timestamp>6681.326252</timestamp>
			</report>
			<report>
				<misses>1015600001</misses>
				<total>0</total>
				<timestamp>6681.985271</timestamp>
			</report>
			<report>
				<misses>1015700001</misses>
				<total>0</total>
				<timestamp>6682.642741</timestamp>
			</report>
			<report>
				<misses>1015800001</misses>
				<total>0</total>
				<timestamp>6683.301511</timestamp>
			</report>
			<report>
				<misses>1015900001</misses>
				<total>0</total>
				<timestamp>6683.958796</timestamp>
			</report>
			<report>
				<misses>1016000001</misses>
				<total>0</total>
				<timestamp>6684.617227</timestamp>
			</report>
			<report>
				<misses>1016100001</misses>
				<total>0</total>
				<timestamp>6685.272807</timestamp>
			</report>
			<report>
				<misses>1016200001</misses>
				<total>0</total>
				<timestamp>6685.930167</timestamp>
			</report>
			<report>
				<misses>1016300001</misses>
				<total>0</total>
				<timestamp>6686.589488</timestamp>
			</report>
			<report>
				<misses>1016400001</misses>
				<total>0</total>
				<timestamp>6687.248019</timestamp>
			</report>
			<report>
				<misses>1016500001</misses>
				<total>0</total>
				<timestamp>6687.906372</timestamp>
			</report>
			<report>
				<misses>1016600001</misses>
				<total>0</total>
				<timestamp>6688.562949</timestamp>
			</report>
			<report>
				<misses>1016700001</misses>
				<total>0</total>
				<timestamp>6689.221382</timestamp>
			</report>
			<report>
				<misses>1016800001</misses>
				<total>0</total>
				<timestamp>6689.877701</timestamp>
			</report>
			<report>
				<misses>1016900001</misses>
				<total>0</total>
				<timestamp>6690.535122</timestamp>
			</report>
			<report>
				<misses>1017000001</misses>
				<total>0</total>
				<timestamp>6691.193177</timestamp>
			</report>
			<report>
				<misses>1017100001</misses>
				<total>0</total>
				<timestamp>6691.850859</timestamp>
			</report>
			<report>
				<misses>1017200001</misses>
				<total>0</total>
				<timestamp>6692.509199</timestamp>
			</report>
			<report>
				<misses>1017300001</misses>
				<total>0</total>
				<timestamp>6693.167259</timestamp>
			</report>
			<report>
				<misses>1017400001</misses>
				<total>0</total>
				<timestamp>6693.823449</timestamp>
			</report>
			<report>
				<misses>1017500001</misses>
				<total>0</total>
				<timestamp>6694.482065</timestamp>
			</report>
			<report>
				<misses>1017600001</misses>
				<total>0</total>
				<timestamp>6695.139886</timestamp>
			</report>
			<report>
				<misses>1017700001</misses>
				<total>0</total>
				<timestamp>6695.797640</timestamp>
			</report>
			<report>
				<misses>1017800001</misses>
				<total>0</total>
				<timestamp>6696.455710</timestamp>
			</report>
			<report>
				<misses>1017900001</misses>
				<total>0</total>
				<timestamp>6697.115195</timestamp>
			</report>
			<report>
				<misses>1018000001</misses>
				<total>0</total>
				<timestamp>6697.771888</timestamp>
			</report>
			<report>
				<misses>1018100001</misses>
				<total>0</total>
				<timestamp>6698.430130</timestamp>
			</report>
			<report>
				<misses>1018200001</misses>
				<total>0</total>
				<timestamp>6699.087585</timestamp>
			</report>
			<report>
				<misses>1018300001</misses>
				<total>0</total>
				<timestamp>6699.745489</timestamp>
			</report>
			<report>
				<misses>1018400001</misses>
				<total>0</total>
				<timestamp>6700.404173</timestamp>
			</report>
			<report>
				<misses>1018500001</misses>
				<total>0</total>
				<timestamp>6701.060807</timestamp>
			</report>
			<report>
				<misses>1018600001</misses>
				<total>0</total>
				<timestamp>6701.718679</timestamp>
			</report>
			<report>
				<misses>1018700001</misses>
				<total>0</total>
				<timestamp>6702.377513</timestamp>
			</report>
			<report>
				<misses>1018800001</misses>
				<total>0</total>
				<timestamp>6703.036371</timestamp>
			</report>
			<report>
				<misses>1018900001</misses>
				<total>0</total>
				<timestamp>6703.695895</timestamp>
			</report>
			<report>
				<misses>1019000001</misses>
				<total>0</total>
				<timestamp>6704.355877</timestamp>
			</report>
			<report>
				<misses>1019100001</misses>
				<total>0</total>
				<timestamp>6705.014487</timestamp>
			</report>
			<report>
				<misses>1019200001</misses>
				<total>0</total>
				<timestamp>6705.672774</timestamp>
			</report>
			<report>
				<misses>1019300001</misses>
				<total>0</total>
				<timestamp>6706.332455</timestamp>
			</report>
			<report>
				<misses>1019400001</misses>
				<total>0</total>
				<timestamp>6706.989142</timestamp>
			</report>
			<report>
				<misses>1019500001</misses>
				<total>0</total>
				<timestamp>6707.647717</timestamp>
			</report>
			<report>
				<misses>1019600001</misses>
				<total>0</total>
				<timestamp>6708.305742</timestamp>
			</report>
			<report>
				<misses>1019700001</misses>
				<total>0</total>
				<timestamp>6708.964337</timestamp>
			</report>
			<report>
				<misses>1019800001</misses>
				<total>0</total>
				<timestamp>6709.622720</timestamp>
			</report>
			<report>
				<misses>1019900001</misses>
				<total>0</total>
				<timestamp>6710.280064</timestamp>
			</report>
			<report>
				<misses>1020000001</misses>
				<total>0</total>
				<timestamp>6710.938194</timestamp>
			</report>
			<report>
				<misses>1020100001</misses>
				<total>0</total>
				<timestamp>6711.594876</timestamp>
			</report>
			<report>
				<misses>1020200001</misses>
				<total>0</total>
				<timestamp>6712.252705</timestamp>
			</report>
			<report>
				<misses>1020300001</misses>
				<total>0</total>
				<timestamp>6712.909526</timestamp>
			</report>
			<report>
				<misses>1020400001</misses>
				<total>0</total>
				<timestamp>6713.567485</timestamp>
			</report>
			<report>
				<misses>1020500001</misses>
				<total>0</total>
				<timestamp>6714.225516</timestamp>
			</report>
			<report>
				<misses>1020600001</misses>
				<total>0</total>
				<timestamp>6714.883283</timestamp>
			</report>
			<report>
				<misses>1020700001</misses>
				<total>0</total>
				<timestamp>6715.541328</timestamp>
			</report>
			<report>
				<misses>1020800001</misses>
				<total>0</total>
				<timestamp>6716.200008</timestamp>
			</report>
			<report>
				<misses>1020900001</misses>
				<total>0</total>
				<timestamp>6716.857328</timestamp>
			</report>
			<report>
				<misses>1021000001</misses>
				<total>0</total>
				<timestamp>6717.514013</timestamp>
			</report>
			<report>
				<misses>1021100001</misses>
				<total>0</total>
				<timestamp>6718.172164</timestamp>
			</report>
			<report>
				<misses>1021200001</misses>
				<total>0</total>
				<timestamp>6718.828976</timestamp>
			</report>
			<report>
				<misses>1021300001</misses>
				<total>0</total>
				<timestamp>6719.487094</timestamp>
			</report>
			<report>
				<misses>1021400001</misses>
				<total>0</total>
				<timestamp>6720.144838</timestamp>
			</report>
			<report>
				<misses>1021500001</misses>
				<total>0</total>
				<timestamp>6720.801875</timestamp>
			</report>
			<report>
				<misses>1021600001</misses>
				<total>0</total>
				<timestamp>6721.459269</timestamp>
			</report>
			<report>
				<misses>1021700001</misses>
				<total>0</total>
				<timestamp>6722.116818</timestamp>
			</report>
			<report>
				<misses>1021800001</misses>
				<total>0</total>
				<timestamp>6722.774834</timestamp>
			</report>
			<report>
				<misses>1021900001</misses>
				<total>0</total>
				<timestamp>6723.432106</timestamp>
			</report>
			<report>
				<misses>1022000001</misses>
				<total>0</total>
				<timestamp>6724.089038</timestamp>
			</report>
			<report>
				<misses>1022100001</misses>
				<total>0</total>
				<timestamp>6724.747164</timestamp>
			</report>
			<report>
				<misses>1022200001</misses>
				<total>0</total>
				<timestamp>6725.404854</timestamp>
			</report>
			<report>
				<misses>1022300001</misses>
				<total>0</total>
				<timestamp>6726.063305</timestamp>
			</report>
			<report>
				<misses>1022400001</misses>
				<total>0</total>
				<timestamp>6726.721600</timestamp>
			</report>
			<report>
				<misses>1022500001</misses>
				<total>0</total>
				<timestamp>6727.379895</timestamp>
			</report>
			<report>
				<misses>1022600001</misses>
				<total>0</total>
				<timestamp>6728.037915</timestamp>
			</report>
			<report>
				<misses>1022700001</misses>
				<total>0</total>
				<timestamp>6728.694864</timestamp>
			</report>
			<report>
				<misses>1022800001</misses>
				<total>0</total>
				<timestamp>6729.351575</timestamp>
			</report>
			<report>
				<misses>1022900001</misses>
				<total>0</total>
				<timestamp>6730.009018</timestamp>
			</report>
			<report>
				<misses>1023000001</misses>
				<total>0</total>
				<timestamp>6730.666490</timestamp>
			</report>
			<report>
				<misses>1023100001</misses>
				<total>0</total>
				<timestamp>6731.323882</timestamp>
			</report>
			<report>
				<misses>1023200001</misses>
				<total>0</total>
				<timestamp>6731.980488</timestamp>
			</report>
			<report>
				<misses>1023300001</misses>
				<total>0</total>
				<timestamp>6732.639870</timestamp>
			</report>
			<report>
				<misses>1023400001</misses>
				<total>0</total>
				<timestamp>6733.297869</timestamp>
			</report>
			<report>
				<misses>1023500001</misses>
				<total>0</total>
				<timestamp>6733.955897</timestamp>
			</report>
			<report>
				<misses>1023600001</misses>
				<total>0</total>
				<timestamp>6734.614434</timestamp>
			</report>
			<report>
				<misses>1023700001</misses>
				<total>0</total>
				<timestamp>6735.273268</timestamp>
			</report>
			<report>
				<misses>1023800001</misses>
				<total>0</total>
				<timestamp>6735.931813</timestamp>
			</report>
			<report>
				<misses>1023900001</misses>
				<total>0</total>
				<timestamp>6736.589735</timestamp>
			</report>
			<report>
				<misses>1024000001</misses>
				<total>0</total>
				<timestamp>6737.249957</timestamp>
			</report>
			<report>
				<misses>1024100001</misses>
				<total>0</total>
				<timestamp>6737.908699</timestamp>
			</report>
			<report>
				<misses>1024200001</misses>
				<total>0</total>
				<timestamp>6738.568573</timestamp>
			</report>
			<report>
				<misses>1024300001</misses>
				<total>0</total>
				<timestamp>6739.227511</timestamp>
			</report>
			<report>
				<misses>1024400001</misses>
				<total>0</total>
				<timestamp>6739.884784</timestamp>
			</report>
			<report>
				<misses>1024500001</misses>
				<total>0</total>
				<timestamp>6740.542109</timestamp>
			</report>
			<report>
				<misses>1024600001</misses>
				<total>0</total>
				<timestamp>6741.199496</timestamp>
			</report>
			<report>
				<misses>1024700001</misses>
				<total>0</total>
				<timestamp>6741.857263</timestamp>
			</report>
			<report>
				<misses>1024800001</misses>
				<total>0</total>
				<timestamp>6742.515394</timestamp>
			</report>
			<report>
				<misses>1024900001</misses>
				<total>0</total>
				<timestamp>6743.172799</timestamp>
			</report>
			<report>
				<misses>1025000001</misses>
				<total>0</total>
				<timestamp>6743.832007</timestamp>
			</report>
			<report>
				<misses>1025100001</misses>
				<total>0</total>
				<timestamp>6744.489726</timestamp>
			</report>
			<report>
				<misses>1025200001</misses>
				<total>0</total>
				<timestamp>6745.148010</timestamp>
			</report>
			<report>
				<misses>1025300001</misses>
				<total>0</total>
				<timestamp>6745.806205</timestamp>
			</report>
			<report>
				<misses>1025400001</misses>
				<total>0</total>
				<timestamp>6746.464558</timestamp>
			</report>
			<report>
				<misses>1025500001</misses>
				<total>0</total>
				<timestamp>6747.121864</timestamp>
			</report>
			<report>
				<misses>1025600001</misses>
				<total>0</total>
				<timestamp>6747.776994</timestamp>
			</report>
			<report>
				<misses>1025700001</misses>
				<total>0</total>
				<timestamp>6748.433743</timestamp>
			</report>
			<report>
				<misses>1025800001</misses>
				<total>0</total>
				<timestamp>6749.090001</timestamp>
			</report>
			<report>
				<misses>1025900001</misses>
				<total>0</total>
				<timestamp>6749.748695</timestamp>
			</report>
			<report>
				<misses>1026000001</misses>
				<total>0</total>
				<timestamp>6750.406105</timestamp>
			</report>
			<report>
				<misses>1026100001</misses>
				<total>0</total>
				<timestamp>6751.063244</timestamp>
			</report>
			<report>
				<misses>1026200001</misses>
				<total>0</total>
				<timestamp>6751.720046</timestamp>
			</report>
			<report>
				<misses>1026300001</misses>
				<total>0</total>
				<timestamp>6752.378154</timestamp>
			</report>
			<report>
				<misses>1026400001</misses>
				<total>0</total>
				<timestamp>6753.035263</timestamp>
			</report>
			<report>
				<misses>1026500001</misses>
				<total>0</total>
				<timestamp>6753.693398</timestamp>
			</report>
			<report>
				<misses>1026600001</misses>
				<total>0</total>
				<timestamp>6754.351095</timestamp>
			</report>
			<report>
				<misses>1026700001</misses>
				<total>0</total>
				<timestamp>6755.009242</timestamp>
			</report>
			<report>
				<misses>1026800001</misses>
				<total>0</total>
				<timestamp>6755.665692</timestamp>
			</report>
			<report>
				<misses>1026900001</misses>
				<total>0</total>
				<timestamp>6756.324377</timestamp>
			</report>
			<report>
				<misses>1027000001</misses>
				<total>0</total>
				<timestamp>6756.982419</timestamp>
			</report>
			<report>
				<misses>1027100001</misses>
				<total>0</total>
				<timestamp>6757.639459</timestamp>
			</report>
			<report>
				<misses>1027200001</misses>
				<total>0</total>
				<timestamp>6758.298067</timestamp>
			</report>
			<report>
				<misses>1027300001</misses>
				<total>0</total>
				<timestamp>6758.955756</timestamp>
			</report>
			<report>
				<misses>1027400001</misses>
				<total>0</total>
				<timestamp>6759.613560</timestamp>
			</report>
			<report>
				<misses>1027500001</misses>
				<total>0</total>
				<timestamp>6760.270322</timestamp>
			</report>
			<report>
				<misses>1027600001</misses>
				<total>0</total>
				<timestamp>6760.926746</timestamp>
			</report>
			<report>
				<misses>1027700001</misses>
				<total>0</total>
				<timestamp>6761.584553</timestamp>
			</report>
			<report>
				<misses>1027800001</misses>
				<total>0</total>
				<timestamp>6762.241720</timestamp>
			</report>
			<report>
				<misses>1027900001</misses>
				<total>0</total>
				<timestamp>6762.900728</timestamp>
			</report>
			<report>
				<misses>1028000001</misses>
				<total>0</total>
				<timestamp>6763.557428</timestamp>
			</report>
			<report>
				<misses>1028100001</misses>
				<total>0</total>
				<timestamp>6764.213293</timestamp>
			</report>
			<report>
				<misses>1028200001</misses>
				<total>0</total>
				<timestamp>6764.870218</timestamp>
			</report>
			<report>
				<misses>1028300001</misses>
				<total>0</total>
				<timestamp>6765.528038</timestamp>
			</report>
			<report>
				<misses>1028400001</misses>
				<total>0</total>
				<timestamp>6766.186480</timestamp>
			</report>
			<report>
				<misses>1028500001</misses>
				<total>0</total>
				<timestamp>6766.844648</timestamp>
			</report>
			<report>
				<misses>1028600001</misses>
				<total>0</total>
				<timestamp>6767.504556</timestamp>
			</report>
			<report>
				<misses>1028700001</misses>
				<total>0</total>
				<timestamp>6768.162807</timestamp>
			</report>
			<report>
				<misses>1028800001</misses>
				<total>0</total>
				<timestamp>6768.820818</timestamp>
			</report>
			<report>
				<misses>1028900001</misses>
				<total>0</total>
				<timestamp>6769.479746</timestamp>
			</report>
			<report>
				<misses>1029000001</misses>
				<total>0</total>
				<timestamp>6770.138102</timestamp>
			</report>
			<report>
				<misses>1029100001</misses>
				<total>0</total>
				<timestamp>6770.797156</timestamp>
			</report>
			<report>
				<misses>1029200001</misses>
				<total>0</total>
				<timestamp>6771.454974</timestamp>
			</report>
			<report>
				<misses>1029300001</misses>
				<total>0</total>
				<timestamp>6772.112652</timestamp>
			</report>
			<report>
				<misses>1029400001</misses>
				<total>0</total>
				<timestamp>6772.769594</timestamp>
			</report>
			<report>
				<misses>1029500001</misses>
				<total>0</total>
				<timestamp>6773.427038</timestamp>
			</report>
			<report>
				<misses>1029600001</misses>
				<total>0</total>
				<timestamp>6774.084285</timestamp>
			</report>
			<report>
				<misses>1029700001</misses>
				<total>0</total>
				<timestamp>6774.741336</timestamp>
			</report>
			<report>
				<misses>1029800001</misses>
				<total>0</total>
				<timestamp>6775.399392</timestamp>
			</report>
			<report>
				<misses>1029900001</misses>
				<total>0</total>
				<timestamp>6776.056678</timestamp>
			</report>
			<report>
				<misses>1030000001</misses>
				<total>0</total>
				<timestamp>6776.713086</timestamp>
			</report>
			<report>
				<misses>1030100001</misses>
				<total>0</total>
				<timestamp>6777.371254</timestamp>
			</report>
			<report>
				<misses>1030200001</misses>
				<total>0</total>
				<timestamp>6778.029310</timestamp>
			</report>
			<report>
				<misses>1030300001</misses>
				<total>0</total>
				<timestamp>6778.687059</timestamp>
			</report>
			<report>
				<misses>1030400001</misses>
				<total>0</total>
				<timestamp>6779.344126</timestamp>
			</report>
			<report>
				<misses>1030500001</misses>
				<total>0</total>
				<timestamp>6780.002338</timestamp>
			</report>
			<report>
				<misses>1030600001</misses>
				<total>0</total>
				<timestamp>6780.660622</timestamp>
			</report>
			<report>
				<misses>1030700001</misses>
				<total>0</total>
				<timestamp>6781.315676</timestamp>
			</report>
			<report>
				<misses>1030800001</misses>
				<total>0</total>
				<timestamp>6781.972448</timestamp>
			</report>
			<report>
				<misses>1030900001</misses>
				<total>0</total>
				<timestamp>6782.630391</timestamp>
			</report>
			<report>
				<misses>1031000001</misses>
				<total>0</total>
				<timestamp>6783.288095</timestamp>
			</report>
			<report>
				<misses>1031100001</misses>
				<total>0</total>
				<timestamp>6783.946428</timestamp>
			</report>
			<report>
				<misses>1031200001</misses>
				<total>0</total>
				<timestamp>6784.602562</timestamp>
			</report>
			<report>
				<misses>1031300001</misses>
				<total>0</total>
				<timestamp>6785.261133</timestamp>
			</report>
			<report>
				<misses>1031400001</misses>
				<total>0</total>
				<timestamp>6785.918226</timestamp>
			</report>
			<report>
				<misses>1031500001</misses>
				<total>0</total>
				<timestamp>6786.575992</timestamp>
			</report>
			<report>
				<misses>1031600001</misses>
				<total>0</total>
				<timestamp>6787.234934</timestamp>
			</report>
			<report>
				<misses>1031700001</misses>
				<total>0</total>
				<timestamp>6787.892111</timestamp>
			</report>
			<report>
				<misses>1031800001</misses>
				<total>0</total>
				<timestamp>6788.550230</timestamp>
			</report>
			<report>
				<misses>1031900001</misses>
				<total>0</total>
				<timestamp>6789.208247</timestamp>
			</report>
			<report>
				<misses>1032000001</misses>
				<total>0</total>
				<timestamp>6789.866192</timestamp>
			</report>
			<report>
				<misses>1032100001</misses>
				<total>0</total>
				<timestamp>6790.523648</timestamp>
			</report>
			<report>
				<misses>1032200001</misses>
				<total>0</total>
				<timestamp>6791.182172</timestamp>
			</report>
			<report>
				<misses>1032300001</misses>
				<total>0</total>
				<timestamp>6791.840407</timestamp>
			</report>
			<report>
				<misses>1032400001</misses>
				<total>0</total>
				<timestamp>6792.496761</timestamp>
			</report>
			<report>
				<misses>1032500001</misses>
				<total>0</total>
				<timestamp>6793.155355</timestamp>
			</report>
			<report>
				<misses>1032600001</misses>
				<total>0</total>
				<timestamp>6793.812731</timestamp>
			</report>
			<report>
				<misses>1032700001</misses>
				<total>0</total>
				<timestamp>6794.471400</timestamp>
			</report>
			<report>
				<misses>1032800001</misses>
				<total>0</total>
				<timestamp>6795.130250</timestamp>
			</report>
			<report>
				<misses>1032900001</misses>
				<total>0</total>
				<timestamp>6795.786653</timestamp>
			</report>
			<report>
				<misses>1033000001</misses>
				<total>0</total>
				<timestamp>6796.444160</timestamp>
			</report>
			<report>
				<misses>1033100001</misses>
				<total>0</total>
				<timestamp>6797.101831</timestamp>
			</report>
			<report>
				<misses>1033200001</misses>
				<total>0</total>
				<timestamp>6797.760813</timestamp>
			</report>
			<report>
				<misses>1033300001</misses>
				<total>0</total>
				<timestamp>6798.415613</timestamp>
			</report>
			<report>
				<misses>1033400001</misses>
				<total>0</total>
				<timestamp>6799.073054</timestamp>
			</report>
			<report>
				<misses>1033500001</misses>
				<total>0</total>
				<timestamp>6799.731933</timestamp>
			</report>
			<report>
				<misses>1033600001</misses>
				<total>0</total>
				<timestamp>6800.391875</timestamp>
			</report>
			<report>
				<misses>1033700001</misses>
				<total>0</total>
				<timestamp>6801.050240</timestamp>
			</report>
			<report>
				<misses>1033800001</misses>
				<total>0</total>
				<timestamp>6801.709018</timestamp>
			</report>
			<report>
				<misses>1033900001</misses>
				<total>0</total>
				<timestamp>6802.365964</timestamp>
			</report>
			<report>
				<misses>1034000001</misses>
				<total>0</total>
				<timestamp>6803.024939</timestamp>
			</report>
			<report>
				<misses>1034100001</misses>
				<total>0</total>
				<timestamp>6803.684204</timestamp>
			</report>
			<report>
				<misses>1034200001</misses>
				<total>0</total>
				<timestamp>6804.343945</timestamp>
			</report>
			<report>
				<misses>1034300001</misses>
				<total>0</total>
				<timestamp>6805.003368</timestamp>
			</report>
			<report>
				<misses>1034400001</misses>
				<total>0</total>
				<timestamp>6805.661408</timestamp>
			</report>
			<report>
				<misses>1034500001</misses>
				<total>0</total>
				<timestamp>6806.319045</timestamp>
			</report>
			<report>
				<misses>1034600001</misses>
				<total>0</total>
				<timestamp>6806.976547</timestamp>
			</report>
			<report>
				<misses>1034700001</misses>
				<total>0</total>
				<timestamp>6807.633123</timestamp>
			</report>
			<report>
				<misses>1034800001</misses>
				<total>0</total>
				<timestamp>6808.290586</timestamp>
			</report>
			<report>
				<misses>1034900001</misses>
				<total>0</total>
				<timestamp>6808.949348</timestamp>
			</report>
			<report>
				<misses>1035000001</misses>
				<total>0</total>
				<timestamp>6809.607544</timestamp>
			</report>
			<report>
				<misses>1035100001</misses>
				<total>0</total>
				<timestamp>6810.266339</timestamp>
			</report>
			<report>
				<misses>1035200001</misses>
				<total>0</total>
				<timestamp>6810.923694</timestamp>
			</report>
			<report>
				<misses>1035300001</misses>
				<total>0</total>
				<timestamp>6811.582348</timestamp>
			</report>
			<report>
				<misses>1035400001</misses>
				<total>0</total>
				<timestamp>6812.240122</timestamp>
			</report>
			<report>
				<misses>1035500001</misses>
				<total>0</total>
				<timestamp>6812.898641</timestamp>
			</report>
			<report>
				<misses>1035600001</misses>
				<total>0</total>
				<timestamp>6813.556657</timestamp>
			</report>
			<report>
				<misses>1035700001</misses>
				<total>0</total>
				<timestamp>6814.214985</timestamp>
			</report>
			<report>
				<misses>1035800001</misses>
				<total>0</total>
				<timestamp>6814.873840</timestamp>
			</report>
			<report>
				<misses>1035900001</misses>
				<total>0</total>
				<timestamp>6815.530976</timestamp>
			</report>
			<report>
				<misses>1036000001</misses>
				<total>0</total>
				<timestamp>6816.188042</timestamp>
			</report>
			<report>
				<misses>1036100001</misses>
				<total>0</total>
				<timestamp>6816.845245</timestamp>
			</report>
			<report>
				<misses>1036200001</misses>
				<total>0</total>
				<timestamp>6817.503140</timestamp>
			</report>
			<report>
				<misses>1036300001</misses>
				<total>0</total>
				<timestamp>6818.161726</timestamp>
			</report>
			<report>
				<misses>1036400001</misses>
				<total>0</total>
				<timestamp>6818.818638</timestamp>
			</report>
			<report>
				<misses>1036500001</misses>
				<total>0</total>
				<timestamp>6819.474386</timestamp>
			</report>
			<report>
				<misses>1036600001</misses>
				<total>0</total>
				<timestamp>6820.131764</timestamp>
			</report>
			<report>
				<misses>1036700001</misses>
				<total>0</total>
				<timestamp>6820.787998</timestamp>
			</report>
			<report>
				<misses>1036800001</misses>
				<total>0</total>
				<timestamp>6821.445767</timestamp>
			</report>
			<report>
				<misses>1036900001</misses>
				<total>0</total>
				<timestamp>6822.103920</timestamp>
			</report>
			<report>
				<misses>1037000001</misses>
				<total>0</total>
				<timestamp>6822.761121</timestamp>
			</report>
			<report>
				<misses>1037100001</misses>
				<total>0</total>
				<timestamp>6823.419641</timestamp>
			</report>
			<report>
				<misses>1037200001</misses>
				<total>0</total>
				<timestamp>6824.077559</timestamp>
			</report>
			<report>
				<misses>1037300001</misses>
				<total>0</total>
				<timestamp>6824.735884</timestamp>
			</report>
			<report>
				<misses>1037400001</misses>
				<total>0</total>
				<timestamp>6825.393084</timestamp>
			</report>
			<report>
				<misses>1037500001</misses>
				<total>0</total>
				<timestamp>6826.051062</timestamp>
			</report>
			<report>
				<misses>1037600001</misses>
				<total>0</total>
				<timestamp>6826.708474</timestamp>
			</report>
			<report>
				<misses>1037700001</misses>
				<total>0</total>
				<timestamp>6827.365939</timestamp>
			</report>
			<report>
				<misses>1037800001</misses>
				<total>0</total>
				<timestamp>6828.024474</timestamp>
			</report>
			<report>
				<misses>1037900001</misses>
				<total>0</total>
				<timestamp>6828.683562</timestamp>
			</report>
			<report>
				<misses>1038000001</misses>
				<total>0</total>
				<timestamp>6829.340655</timestamp>
			</report>
			<report>
				<misses>1038100001</misses>
				<total>0</total>
				<timestamp>6829.998675</timestamp>
			</report>
			<report>
				<misses>1038200001</misses>
				<total>0</total>
				<timestamp>6830.657322</timestamp>
			</report>
			<report>
				<misses>1038300001</misses>
				<total>0</total>
				<timestamp>6831.314833</timestamp>
			</report>
			<report>
				<misses>1038400001</misses>
				<total>0</total>
				<timestamp>6831.972426</timestamp>
			</report>
			<report>
				<misses>1038500001</misses>
				<total>0</total>
				<timestamp>6832.629456</timestamp>
			</report>
			<report>
				<misses>1038600001</misses>
				<total>0</total>
				<timestamp>6833.288206</timestamp>
			</report>
			<report>
				<misses>1038700001</misses>
				<total>0</total>
				<timestamp>6833.947698</timestamp>
			</report>
			<report>
				<misses>1038800001</misses>
				<total>0</total>
				<timestamp>6834.607457</timestamp>
			</report>
			<report>
				<misses>1038900001</misses>
				<total>0</total>
				<timestamp>6835.265209</timestamp>
			</report>
			<report>
				<misses>1039000001</misses>
				<total>0</total>
				<timestamp>6835.924355</timestamp>
			</report>
			<report>
				<misses>1039100001</misses>
				<total>0</total>
				<timestamp>6836.582713</timestamp>
			</report>
			<report>
				<misses>1039200001</misses>
				<total>0</total>
				<timestamp>6837.242480</timestamp>
			</report>
			<report>
				<misses>1039300001</misses>
				<total>0</total>
				<timestamp>6837.899202</timestamp>
			</report>
			<report>
				<misses>1039400001</misses>
				<total>0</total>
				<timestamp>6838.557272</timestamp>
			</report>
			<report>
				<misses>1039500001</misses>
				<total>0</total>
				<timestamp>6839.216055</timestamp>
			</report>
			<report>
				<misses>1039600001</misses>
				<total>0</total>
				<timestamp>6839.873074</timestamp>
			</report>
			<report>
				<misses>1039700001</misses>
				<total>0</total>
				<timestamp>6840.530743</timestamp>
			</report>
			<report>
				<misses>1039800001</misses>
				<total>0</total>
				<timestamp>6841.187512</timestamp>
			</report>
			<report>
				<misses>1039900001</misses>
				<total>0</total>
				<timestamp>6841.845206</timestamp>
			</report>
			<report>
				<misses>1040000001</misses>
				<total>0</total>
				<timestamp>6842.503873</timestamp>
			</report>
			<report>
				<misses>1040100001</misses>
				<total>0</total>
				<timestamp>6843.162047</timestamp>
			</report>
			<report>
				<misses>1040200001</misses>
				<total>0</total>
				<timestamp>6843.820449</timestamp>
			</report>
			<report>
				<misses>1040300001</misses>
				<total>0</total>
				<timestamp>6844.477392</timestamp>
			</report>
			<report>
				<misses>1040400001</misses>
				<total>0</total>
				<timestamp>6845.135078</timestamp>
			</report>
			<report>
				<misses>1040500001</misses>
				<total>0</total>
				<timestamp>6845.793162</timestamp>
			</report>
			<report>
				<misses>1040600001</misses>
				<total>0</total>
				<timestamp>6846.449147</timestamp>
			</report>
			<report>
				<misses>1040700001</misses>
				<total>0</total>
				<timestamp>6847.105057</timestamp>
			</report>
			<report>
				<misses>1040800001</misses>
				<total>0</total>
				<timestamp>6847.763659</timestamp>
			</report>
			<report>
				<misses>1040900001</misses>
				<total>0</total>
				<timestamp>6848.422526</timestamp>
			</report>
			<report>
				<misses>1041000001</misses>
				<total>0</total>
				<timestamp>6849.079193</timestamp>
			</report>
			<report>
				<misses>1041100001</misses>
				<total>0</total>
				<timestamp>6849.737462</timestamp>
			</report>
			<report>
				<misses>1041200001</misses>
				<total>0</total>
				<timestamp>6850.394065</timestamp>
			</report>
			<report>
				<misses>1041300001</misses>
				<total>0</total>
				<timestamp>6851.051346</timestamp>
			</report>
			<report>
				<misses>1041400001</misses>
				<total>0</total>
				<timestamp>6851.709097</timestamp>
			</report>
			<report>
				<misses>1041500001</misses>
				<total>0</total>
				<timestamp>6852.367660</timestamp>
			</report>
			<report>
				<misses>1041600001</misses>
				<total>0</total>
				<timestamp>6853.025978</timestamp>
			</report>
			<report>
				<misses>1041700001</misses>
				<total>0</total>
				<timestamp>6853.683865</timestamp>
			</report>
			<report>
				<misses>1041800001</misses>
				<total>0</total>
				<timestamp>6854.341166</timestamp>
			</report>
			<report>
				<misses>1041900001</misses>
				<total>0</total>
				<timestamp>6854.998805</timestamp>
			</report>
			<report>
				<misses>1042000001</misses>
				<total>0</total>
				<timestamp>6855.656528</timestamp>
			</report>
			<report>
				<misses>1042100001</misses>
				<total>0</total>
				<timestamp>6856.314111</timestamp>
			</report>
			<report>
				<misses>1042200001</misses>
				<total>0</total>
				<timestamp>6856.973657</timestamp>
			</report>
			<report>
				<misses>1042300001</misses>
				<total>0</total>
				<timestamp>6857.630736</timestamp>
			</report>
			<report>
				<misses>1042400001</misses>
				<total>0</total>
				<timestamp>6858.288011</timestamp>
			</report>
			<report>
				<misses>1042500001</misses>
				<total>0</total>
				<timestamp>6858.945995</timestamp>
			</report>
			<report>
				<misses>1042600001</misses>
				<total>0</total>
				<timestamp>6859.603970</timestamp>
			</report>
			<report>
				<misses>1042700001</misses>
				<total>0</total>
				<timestamp>6860.262960</timestamp>
			</report>
			<report>
				<misses>1042800001</misses>
				<total>0</total>
				<timestamp>6860.920752</timestamp>
			</report>
			<report>
				<misses>1042900001</misses>
				<total>0</total>
				<timestamp>6861.578515</timestamp>
			</report>
			<report>
				<misses>1043000001</misses>
				<total>0</total>
				<timestamp>6862.235306</timestamp>
			</report>
			<report>
				<misses>1043100001</misses>
				<total>0</total>
				<timestamp>6862.893796</timestamp>
			</report>
			<report>
				<misses>1043200001</misses>
				<total>0</total>
				<timestamp>6863.551224</timestamp>
			</report>
			<report>
				<misses>1043300001</misses>
				<total>0</total>
				<timestamp>6864.208393</timestamp>
			</report>
			<report>
				<misses>1043400001</misses>
				<total>0</total>
				<timestamp>6864.865021</timestamp>
			</report>
			<report>
				<misses>1043500001</misses>
				<total>0</total>
				<timestamp>6865.523020</timestamp>
			</report>
			<report>
				<misses>1043600001</misses>
				<total>0</total>
				<timestamp>6866.181551</timestamp>
			</report>
			<report>
				<misses>1043700001</misses>
				<total>0</total>
				<timestamp>6866.839760</timestamp>
			</report>
			<report>
				<misses>1043800001</misses>
				<total>0</total>
				<timestamp>6867.498234</timestamp>
			</report>
			<report>
				<misses>1043900001</misses>
				<total>0</total>
				<timestamp>6868.157125</timestamp>
			</report>
			<report>
				<misses>1044000001</misses>
				<total>0</total>
				<timestamp>6868.813957</timestamp>
			</report>
			<report>
				<misses>1044100001</misses>
				<total>0</total>
				<timestamp>6869.472771</timestamp>
			</report>
			<report>
				<misses>1044200001</misses>
				<total>0</total>
				<timestamp>6870.131023</timestamp>
			</report>
			<report>
				<misses>1044300001</misses>
				<total>0</total>
				<timestamp>6870.789015</timestamp>
			</report>
			<report>
				<misses>1044400001</misses>
				<total>0</total>
				<timestamp>6871.446615</timestamp>
			</report>
			<report>
				<misses>1044500001</misses>
				<total>0</total>
				<timestamp>6872.105031</timestamp>
			</report>
			<report>
				<misses>1044600001</misses>
				<total>0</total>
				<timestamp>6872.762518</timestamp>
			</report>
			<report>
				<misses>1044700001</misses>
				<total>0</total>
				<timestamp>6873.420097</timestamp>
			</report>
			<report>
				<misses>1044800001</misses>
				<total>0</total>
				<timestamp>6874.077961</timestamp>
			</report>
			<report>
				<misses>1044900001</misses>
				<total>0</total>
				<timestamp>6874.735302</timestamp>
			</report>
			<report>
				<misses>1045000001</misses>
				<total>0</total>
				<timestamp>6875.392683</timestamp>
			</report>
			<report>
				<misses>1045100001</misses>
				<total>0</total>
				<timestamp>6876.050168</timestamp>
			</report>
			<report>
				<misses>1045200001</misses>
				<total>0</total>
				<timestamp>6876.709605</timestamp>
			</report>
			<report>
				<misses>1045300001</misses>
				<total>0</total>
				<timestamp>6877.367214</timestamp>
			</report>
			<report>
				<misses>1045400001</misses>
				<total>0</total>
				<timestamp>6878.024262</timestamp>
			</report>
			<report>
				<misses>1045500001</misses>
				<total>0</total>
				<timestamp>6878.681086</timestamp>
			</report>
			<report>
				<misses>1045600001</misses>
				<total>0</total>
				<timestamp>6879.339733</timestamp>
			</report>
			<report>
				<misses>1045700001</misses>
				<total>0</total>
				<timestamp>6879.997712</timestamp>
			</report>
			<report>
				<misses>1045800001</misses>
				<total>0</total>
				<timestamp>6880.654580</timestamp>
			</report>
			<report>
				<misses>1045900001</misses>
				<total>0</total>
				<timestamp>6881.312072</timestamp>
			</report>
			<report>
				<misses>1046000001</misses>
				<total>0</total>
				<timestamp>6881.969882</timestamp>
			</report>
			<report>
				<misses>1046100001</misses>
				<total>0</total>
				<timestamp>6882.629815</timestamp>
			</report>
			<report>
				<misses>1046200001</misses>
				<total>0</total>
				<timestamp>6883.288005</timestamp>
			</report>
			<report>
				<misses>1046300001</misses>
				<total>0</total>
				<timestamp>6883.946267</timestamp>
			</report>
			<report>
				<misses>1046400001</misses>
				<total>0</total>
				<timestamp>6884.604305</timestamp>
			</report>
			<report>
				<misses>1046500001</misses>
				<total>0</total>
				<timestamp>6885.261715</timestamp>
			</report>
			<report>
				<misses>1046600001</misses>
				<total>0</total>
				<timestamp>6885.920741</timestamp>
			</report>
			<report>
				<misses>1046700001</misses>
				<total>0</total>
				<timestamp>6886.577961</timestamp>
			</report>
			<report>
				<misses>1046800001</misses>
				<total>0</total>
				<timestamp>6887.236488</timestamp>
			</report>
			<report>
				<misses>1046900001</misses>
				<total>0</total>
				<timestamp>6887.895508</timestamp>
			</report>
			<report>
				<misses>1047000001</misses>
				<total>0</total>
				<timestamp>6888.554431</timestamp>
			</report>
			<report>
				<misses>1047100001</misses>
				<total>0</total>
				<timestamp>6889.211514</timestamp>
			</report>
			<report>
				<misses>1047200001</misses>
				<total>0</total>
				<timestamp>6889.869982</timestamp>
			</report>
			<report>
				<misses>1047300001</misses>
				<total>0</total>
				<timestamp>6890.527356</timestamp>
			</report>
			<report>
				<misses>1047400001</misses>
				<total>0</total>
				<timestamp>6891.184879</timestamp>
			</report>
			<report>
				<misses>1047500001</misses>
				<total>0</total>
				<timestamp>6891.841827</timestamp>
			</report>
			<report>
				<misses>1047600001</misses>
				<total>0</total>
				<timestamp>6892.498023</timestamp>
			</report>
			<report>
				<misses>1047700001</misses>
				<total>0</total>
				<timestamp>6893.154734</timestamp>
			</report>
			<report>
				<misses>1047800001</misses>
				<total>0</total>
				<timestamp>6893.811896</timestamp>
			</report>
			<report>
				<misses>1047900001</misses>
				<total>0</total>
				<timestamp>6894.468489</timestamp>
			</report>
			<report>
				<misses>1048000001</misses>
				<total>0</total>
				<timestamp>6895.125818</timestamp>
			</report>
			<report>
				<misses>1048100001</misses>
				<total>0</total>
				<timestamp>6895.782609</timestamp>
			</report>
			<report>
				<misses>1048200001</misses>
				<total>0</total>
				<timestamp>6896.440937</timestamp>
			</report>
			<report>
				<misses>1048300001</misses>
				<total>0</total>
				<timestamp>6897.098600</timestamp>
			</report>
			<report>
				<misses>1048400001</misses>
				<total>0</total>
				<timestamp>6897.755580</timestamp>
			</report>
			<report>
				<misses>1048500001</misses>
				<total>0</total>
				<timestamp>6898.413357</timestamp>
			</report>
			<report>
				<misses>1048600001</misses>
				<total>0</total>
				<timestamp>6899.070828</timestamp>
			</report>
			<report>
				<misses>1048700001</misses>
				<total>0</total>
				<timestamp>6899.730342</timestamp>
			</report>
			<report>
				<misses>1048800001</misses>
				<total>0</total>
				<timestamp>6900.390587</timestamp>
			</report>
			<report>
				<misses>1048900001</misses>
				<total>0</total>
				<timestamp>6901.049345</timestamp>
			</report>
			<report>
				<misses>1049000001</misses>
				<total>0</total>
				<timestamp>6901.708277</timestamp>
			</report>
			<report>
				<misses>1049100001</misses>
				<total>0</total>
				<timestamp>6902.367178</timestamp>
			</report>
			<report>
				<misses>1049200001</misses>
				<total>0</total>
				<timestamp>6903.026559</timestamp>
			</report>
			<report>
				<misses>1049300001</misses>
				<total>0</total>
				<timestamp>6903.686812</timestamp>
			</report>
			<report>
				<misses>1049400001</misses>
				<total>0</total>
				<timestamp>6904.345142</timestamp>
			</report>
			<report>
				<misses>1049500001</misses>
				<total>0</total>
				<timestamp>6905.001403</timestamp>
			</report>
			<report>
				<misses>1049600001</misses>
				<total>0</total>
				<timestamp>6905.659716</timestamp>
			</report>
			<report>
				<misses>1049700001</misses>
				<total>0</total>
				<timestamp>6906.317748</timestamp>
			</report>
			<report>
				<misses>1049800001</misses>
				<total>0</total>
				<timestamp>6906.975876</timestamp>
			</report>
			<report>
				<misses>1049900001</misses>
				<total>0</total>
				<timestamp>6907.634444</timestamp>
			</report>
			<report>
				<misses>1050000001</misses>
				<total>0</total>
				<timestamp>6908.291878</timestamp>
			</report>
			<report>
				<misses>1050100001</misses>
				<total>0</total>
				<timestamp>6908.949871</timestamp>
			</report>
			<report>
				<misses>1050200001</misses>
				<total>0</total>
				<timestamp>6909.606684</timestamp>
			</report>
			<report>
				<misses>1050300001</misses>
				<total>0</total>
				<timestamp>6910.264460</timestamp>
			</report>
			<report>
				<misses>1050400001</misses>
				<total>0</total>
				<timestamp>6910.922442</timestamp>
			</report>
			<report>
				<misses>1050500001</misses>
				<total>0</total>
				<timestamp>6911.580683</timestamp>
			</report>
			<report>
				<misses>1050600001</misses>
				<total>0</total>
				<timestamp>6912.238192</timestamp>
			</report>
			<report>
				<misses>1050700001</misses>
				<total>0</total>
				<timestamp>6912.895089</timestamp>
			</report>
			<report>
				<misses>1050800001</misses>
				<total>0</total>
				<timestamp>6913.553603</timestamp>
			</report>
			<report>
				<misses>1050900001</misses>
				<total>0</total>
				<timestamp>6914.211166</timestamp>
			</report>
			<report>
				<misses>1051000001</misses>
				<total>0</total>
				<timestamp>6914.869035</timestamp>
			</report>
			<report>
				<misses>1051100001</misses>
				<total>0</total>
				<timestamp>6915.527333</timestamp>
			</report>
			<report>
				<misses>1051200001</misses>
				<total>0</total>
				<timestamp>6916.185155</timestamp>
			</report>
			<report>
				<misses>1051300001</misses>
				<total>0</total>
				<timestamp>6916.843653</timestamp>
			</report>
			<report>
				<misses>1051400001</misses>
				<total>0</total>
				<timestamp>6917.499612</timestamp>
			</report>
			<report>
				<misses>1051500001</misses>
				<total>0</total>
				<timestamp>6918.156949</timestamp>
			</report>
			<report>
				<misses>1051600001</misses>
				<total>0</total>
				<timestamp>6918.815166</timestamp>
			</report>
			<report>
				<misses>1051700001</misses>
				<total>0</total>
				<timestamp>6919.473087</timestamp>
			</report>
			<report>
				<misses>1051800001</misses>
				<total>0</total>
				<timestamp>6920.131131</timestamp>
			</report>
			<report>
				<misses>1051900001</misses>
				<total>0</total>
				<timestamp>6920.788679</timestamp>
			</report>
			<report>
				<misses>1052000001</misses>
				<total>0</total>
				<timestamp>6921.446024</timestamp>
			</report>
			<report>
				<misses>1052100001</misses>
				<total>0</total>
				<timestamp>6922.103579</timestamp>
			</report>
			<report>
				<misses>1052200001</misses>
				<total>0</total>
				<timestamp>6922.760883</timestamp>
			</report>
			<report>
				<misses>1052300001</misses>
				<total>0</total>
				<timestamp>6923.417467</timestamp>
			</report>
			<report>
				<misses>1052400001</misses>
				<total>0</total>
				<timestamp>6924.074993</timestamp>
			</report>
			<report>
				<misses>1052500001</misses>
				<total>0</total>
				<timestamp>6924.733325</timestamp>
			</report>
			<report>
				<misses>1052600001</misses>
				<total>0</total>
				<timestamp>6925.390633</timestamp>
			</report>
			<report>
				<misses>1052700001</misses>
				<total>0</total>
				<timestamp>6926.048118</timestamp>
			</report>
			<report>
				<misses>1052800001</misses>
				<total>0</total>
				<timestamp>6926.702065</timestamp>
			</report>
			<report>
				<misses>1052900001</misses>
				<total>0</total>
				<timestamp>6927.360137</timestamp>
			</report>
			<report>
				<misses>1053000001</misses>
				<total>0</total>
				<timestamp>6928.017198</timestamp>
			</report>
			<report>
				<misses>1053100001</misses>
				<total>0</total>
				<timestamp>6928.674766</timestamp>
			</report>
			<report>
				<misses>1053200001</misses>
				<total>0</total>
				<timestamp>6929.332127</timestamp>
			</report>
			<report>
				<misses>1053300001</misses>
				<total>0</total>
				<timestamp>6929.989183</timestamp>
			</report>
			<report>
				<misses>1053400001</misses>
				<total>0</total>
				<timestamp>6930.646961</timestamp>
			</report>
			<report>
				<misses>1053500001</misses>
				<total>0</total>
				<timestamp>6931.303081</timestamp>
			</report>
			<report>
				<misses>1053600001</misses>
				<total>0</total>
				<timestamp>6931.960451</timestamp>
			</report>
			<report>
				<misses>1053700001</misses>
				<total>0</total>
				<timestamp>6932.619297</timestamp>
			</report>
			<report>
				<misses>1053800001</misses>
				<total>0</total>
				<timestamp>6933.278582</timestamp>
			</report>
			<report>
				<misses>1053900001</misses>
				<total>0</total>
				<timestamp>6933.937731</timestamp>
			</report>
			<report>
				<misses>1054000001</misses>
				<total>0</total>
				<timestamp>6934.597205</timestamp>
			</report>
			<report>
				<misses>1054100001</misses>
				<total>0</total>
				<timestamp>6935.255447</timestamp>
			</report>
			<report>
				<misses>1054200001</misses>
				<total>0</total>
				<timestamp>6935.914728</timestamp>
			</report>
			<report>
				<misses>1054300001</misses>
				<total>0</total>
				<timestamp>6936.573940</timestamp>
			</report>
			<report>
				<misses>1054400001</misses>
				<total>0</total>
				<timestamp>6937.232656</timestamp>
			</report>
			<report>
				<misses>1054500001</misses>
				<total>0</total>
				<timestamp>6937.889283</timestamp>
			</report>
			<report>
				<misses>1054600001</misses>
				<total>0</total>
				<timestamp>6938.547099</timestamp>
			</report>
			<report>
				<misses>1054700001</misses>
				<total>0</total>
				<timestamp>6939.203084</timestamp>
			</report>
			<report>
				<misses>1054800001</misses>
				<total>0</total>
				<timestamp>6939.860609</timestamp>
			</report>
			<report>
				<misses>1054900001</misses>
				<total>0</total>
				<timestamp>6940.518023</timestamp>
			</report>
			<report>
				<misses>1055000001</misses>
				<total>0</total>
				<timestamp>6941.175169</timestamp>
			</report>
			<report>
				<misses>1055100001</misses>
				<total>0</total>
				<timestamp>6941.831748</timestamp>
			</report>
			<report>
				<misses>1055200001</misses>
				<total>0</total>
				<timestamp>6942.489421</timestamp>
			</report>
			<report>
				<misses>1055300001</misses>
				<total>0</total>
				<timestamp>6943.146466</timestamp>
			</report>
			<report>
				<misses>1055400001</misses>
				<total>0</total>
				<timestamp>6943.804561</timestamp>
			</report>
			<report>
				<misses>1055500001</misses>
				<total>0</total>
				<timestamp>6944.462415</timestamp>
			</report>
			<report>
				<misses>1055600001</misses>
				<total>0</total>
				<timestamp>6945.120200</timestamp>
			</report>
			<report>
				<misses>1055700001</misses>
				<total>0</total>
				<timestamp>6945.777872</timestamp>
			</report>
			<report>
				<misses>1055800001</misses>
				<total>0</total>
				<timestamp>6946.435003</timestamp>
			</report>
			<report>
				<misses>1055900001</misses>
				<total>0</total>
				<timestamp>6947.092511</timestamp>
			</report>
			<report>
				<misses>1056000001</misses>
				<total>0</total>
				<timestamp>6947.750857</timestamp>
			</report>
			<report>
				<misses>1056100001</misses>
				<total>0</total>
				<timestamp>6948.408532</timestamp>
			</report>
			<report>
				<misses>1056200001</misses>
				<total>0</total>
				<timestamp>6949.066563</timestamp>
			</report>
			<report>
				<misses>1056300001</misses>
				<total>0</total>
				<timestamp>6949.724385</timestamp>
			</report>
			<report>
				<misses>1056400001</misses>
				<total>0</total>
				<timestamp>6950.382308</timestamp>
			</report>
			<report>
				<misses>1056500001</misses>
				<total>0</total>
				<timestamp>6951.039960</timestamp>
			</report>
			<report>
				<misses>1056600001</misses>
				<total>0</total>
				<timestamp>6951.696145</timestamp>
			</report>
			<report>
				<misses>1056700001</misses>
				<total>0</total>
				<timestamp>6952.353240</timestamp>
			</report>
			<report>
				<misses>1056800001</misses>
				<total>0</total>
				<timestamp>6953.010251</timestamp>
			</report>
			<report>
				<misses>1056900001</misses>
				<total>0</total>
				<timestamp>6953.667288</timestamp>
			</report>
			<report>
				<misses>1057000001</misses>
				<total>0</total>
				<timestamp>6954.324044</timestamp>
			</report>
			<report>
				<misses>1057100001</misses>
				<total>0</total>
				<timestamp>6954.982861</timestamp>
			</report>
			<report>
				<misses>1057200001</misses>
				<total>0</total>
				<timestamp>6955.640055</timestamp>
			</report>
			<report>
				<misses>1057300001</misses>
				<total>0</total>
				<timestamp>6956.297911</timestamp>
			</report>
			<report>
				<misses>1057400001</misses>
				<total>0</total>
				<timestamp>6956.955109</timestamp>
			</report>
			<report>
				<misses>1057500001</misses>
				<total>0</total>
				<timestamp>6957.613462</timestamp>
			</report>
			<report>
				<misses>1057600001</misses>
				<total>0</total>
				<timestamp>6958.271569</timestamp>
			</report>
			<report>
				<misses>1057700001</misses>
				<total>0</total>
				<timestamp>6958.929215</timestamp>
			</report>
			<report>
				<misses>1057800001</misses>
				<total>0</total>
				<timestamp>6959.587550</timestamp>
			</report>
			<report>
				<misses>1057900001</misses>
				<total>0</total>
				<timestamp>6960.244843</timestamp>
			</report>
			<report>
				<misses>1058000001</misses>
				<total>0</total>
				<timestamp>6960.902414</timestamp>
			</report>
			<report>
				<misses>1058100001</misses>
				<total>0</total>
				<timestamp>6961.559099</timestamp>
			</report>
			<report>
				<misses>1058200001</misses>
				<total>0</total>
				<timestamp>6962.217011</timestamp>
			</report>
			<report>
				<misses>1058300001</misses>
				<total>0</total>
				<timestamp>6962.874037</timestamp>
			</report>
			<report>
				<misses>1058400001</misses>
				<total>0</total>
				<timestamp>6963.532437</timestamp>
			</report>
			<report>
				<misses>1058500001</misses>
				<total>0</total>
				<timestamp>6964.188739</timestamp>
			</report>
			<report>
				<misses>1058600001</misses>
				<total>0</total>
				<timestamp>6964.846091</timestamp>
			</report>
			<report>
				<misses>1058700001</misses>
				<total>0</total>
				<timestamp>6965.503562</timestamp>
			</report>
			<report>
				<misses>1058800001</misses>
				<total>0</total>
				<timestamp>6966.162857</timestamp>
			</report>
			<report>
				<misses>1058900001</misses>
				<total>0</total>
				<timestamp>6966.820755</timestamp>
			</report>
			<report>
				<misses>1059000001</misses>
				<total>0</total>
				<timestamp>6967.480758</timestamp>
			</report>
			<report>
				<misses>1059100001</misses>
				<total>0</total>
				<timestamp>6968.137434</timestamp>
			</report>
			<report>
				<misses>1059200001</misses>
				<total>0</total>
				<timestamp>6968.795094</timestamp>
			</report>
			<report>
				<misses>1059300001</misses>
				<total>0</total>
				<timestamp>6969.454347</timestamp>
			</report>
			<report>
				<misses>1059400001</misses>
				<total>0</total>
				<timestamp>6970.113719</timestamp>
			</report>
			<report>
				<misses>1059500001</misses>
				<total>0</total>
				<timestamp>6970.772314</timestamp>
			</report>
			<report>
				<misses>1059600001</misses>
				<total>0</total>
				<timestamp>6971.429844</timestamp>
			</report>
			<report>
				<misses>1059700001</misses>
				<total>0</total>
				<timestamp>6972.088370</timestamp>
			</report>
			<report>
				<misses>1059800001</misses>
				<total>0</total>
				<timestamp>6972.746729</timestamp>
			</report>
			<report>
				<misses>1059900001</misses>
				<total>0</total>
				<timestamp>6973.403803</timestamp>
			</report>
			<report>
				<misses>1060000001</misses>
				<total>0</total>
				<timestamp>6974.062179</timestamp>
			</report>
			<report>
				<misses>1060100001</misses>
				<total>0</total>
				<timestamp>6974.718436</timestamp>
			</report>
			<report>
				<misses>1060200001</misses>
				<total>0</total>
				<timestamp>6975.375025</timestamp>
			</report>
			<report>
				<misses>1060300001</misses>
				<total>0</total>
				<timestamp>6976.033351</timestamp>
			</report>
			<report>
				<misses>1060400001</misses>
				<total>0</total>
				<timestamp>6976.690689</timestamp>
			</report>
			<report>
				<misses>1060500001</misses>
				<total>0</total>
				<timestamp>6977.346659</timestamp>
			</report>
			<report>
				<misses>1060600001</misses>
				<total>0</total>
				<timestamp>6978.004597</timestamp>
			</report>
			<report>
				<misses>1060700001</misses>
				<total>0</total>
				<timestamp>6978.662151</timestamp>
			</report>
			<report>
				<misses>1060800001</misses>
				<total>0</total>
				<timestamp>6979.319977</timestamp>
			</report>
			<report>
				<misses>1060900001</misses>
				<total>0</total>
				<timestamp>6979.977881</timestamp>
			</report>
			<report>
				<misses>1061000001</misses>
				<total>0</total>
				<timestamp>6980.636178</timestamp>
			</report>
			<report>
				<misses>1061100001</misses>
				<total>0</total>
				<timestamp>6981.293018</timestamp>
			</report>
			<report>
				<misses>1061200001</misses>
				<total>0</total>
				<timestamp>6981.949457</timestamp>
			</report>
			<report>
				<misses>1061300001</misses>
				<total>0</total>
				<timestamp>6982.606378</timestamp>
			</report>
			<report>
				<misses>1061400001</misses>
				<total>0</total>
				<timestamp>6983.263437</timestamp>
			</report>
			<report>
				<misses>1061500001</misses>
				<total>0</total>
				<timestamp>6983.919905</timestamp>
			</report>
			<report>
				<misses>1061600001</misses>
				<total>0</total>
				<timestamp>6984.577980</timestamp>
			</report>
			<report>
				<misses>1061700001</misses>
				<total>0</total>
				<timestamp>6985.236207</timestamp>
			</report>
			<report>
				<misses>1061800001</misses>
				<total>0</total>
				<timestamp>6985.893394</timestamp>
			</report>
			<report>
				<misses>1061900001</misses>
				<total>0</total>
				<timestamp>6986.551308</timestamp>
			</report>
			<report>
				<misses>1062000001</misses>
				<total>0</total>
				<timestamp>6987.208888</timestamp>
			</report>
			<report>
				<misses>1062100001</misses>
				<total>0</total>
				<timestamp>6987.866150</timestamp>
			</report>
			<report>
				<misses>1062200001</misses>
				<total>0</total>
				<timestamp>6988.523421</timestamp>
			</report>
			<report>
				<misses>1062300001</misses>
				<total>0</total>
				<timestamp>6989.179849</timestamp>
			</report>
			<report>
				<misses>1062400001</misses>
				<total>0</total>
				<timestamp>6989.835507</timestamp>
			</report>
			<report>
				<misses>1062500001</misses>
				<total>0</total>
				<timestamp>6990.493188</timestamp>
			</report>
			<report>
				<misses>1062600001</misses>
				<total>0</total>
				<timestamp>6991.152199</timestamp>
			</report>
			<report>
				<misses>1062700001</misses>
				<total>0</total>
				<timestamp>6991.810301</timestamp>
			</report>
			<report>
				<misses>1062800001</misses>
				<total>0</total>
				<timestamp>6992.468766</timestamp>
			</report>
			<report>
				<misses>1062900001</misses>
				<total>0</total>
				<timestamp>6993.127054</timestamp>
			</report>
			<report>
				<misses>1063000001</misses>
				<total>0</total>
				<timestamp>6993.785169</timestamp>
			</report>
			<report>
				<misses>1063100001</misses>
				<total>0</total>
				<timestamp>6994.441541</timestamp>
			</report>
			<report>
				<misses>1063200001</misses>
				<total>0</total>
				<timestamp>6995.097580</timestamp>
			</report>
			<report>
				<misses>1063300001</misses>
				<total>0</total>
				<timestamp>6995.756034</timestamp>
			</report>
			<report>
				<misses>1063400001</misses>
				<total>0</total>
				<timestamp>6996.414515</timestamp>
			</report>
			<report>
				<misses>1063500001</misses>
				<total>0</total>
				<timestamp>6997.071921</timestamp>
			</report>
			<report>
				<misses>1063600001</misses>
				<total>0</total>
				<timestamp>6997.730535</timestamp>
			</report>
			<report>
				<misses>1063700001</misses>
				<total>0</total>
				<timestamp>6998.389325</timestamp>
			</report>
			<report>
				<misses>1063800001</misses>
				<total>0</total>
				<timestamp>6999.048864</timestamp>
			</report>
			<report>
				<misses>1063900001</misses>
				<total>0</total>
				<timestamp>6999.707615</timestamp>
			</report>
			<report>
				<misses>1064000001</misses>
				<total>0</total>
				<timestamp>7000.367998</timestamp>
			</report>
			<report>
				<misses>1064100001</misses>
				<total>0</total>
				<timestamp>7001.027044</timestamp>
			</report>
			<report>
				<misses>1064200001</misses>
				<total>0</total>
				<timestamp>7001.686648</timestamp>
			</report>
			<report>
				<misses>1064300001</misses>
				<total>0</total>
				<timestamp>7002.345290</timestamp>
			</report>
			<report>
				<misses>1064400001</misses>
				<total>0</total>
				<timestamp>7003.003881</timestamp>
			</report>
			<report>
				<misses>1064500001</misses>
				<total>0</total>
				<timestamp>7003.661832</timestamp>
			</report>
			<report>
				<misses>1064600001</misses>
				<total>0</total>
				<timestamp>7004.320122</timestamp>
			</report>
			<report>
				<misses>1064700001</misses>
				<total>0</total>
				<timestamp>7004.976182</timestamp>
			</report>
			<report>
				<misses>1064800001</misses>
				<total>0</total>
				<timestamp>7005.633088</timestamp>
			</report>
			<report>
				<misses>1064900001</misses>
				<total>0</total>
				<timestamp>7006.289394</timestamp>
			</report>
			<report>
				<misses>1065000001</misses>
				<total>0</total>
				<timestamp>7006.947101</timestamp>
			</report>
			<report>
				<misses>1065100001</misses>
				<total>0</total>
				<timestamp>7007.602914</timestamp>
			</report>
			<report>
				<misses>1065200001</misses>
				<total>0</total>
				<timestamp>7008.259788</timestamp>
			</report>
			<report>
				<misses>1065300001</misses>
				<total>0</total>
				<timestamp>7008.916752</timestamp>
			</report>
			<report>
				<misses>1065400001</misses>
				<total>0</total>
				<timestamp>7009.574395</timestamp>
			</report>
			<report>
				<misses>1065500001</misses>
				<total>0</total>
				<timestamp>7010.231931</timestamp>
			</report>
			<report>
				<misses>1065600001</misses>
				<total>0</total>
				<timestamp>7010.889267</timestamp>
			</report>
			<report>
				<misses>1065700001</misses>
				<total>0</total>
				<timestamp>7011.547410</timestamp>
			</report>
			<report>
				<misses>1065800001</misses>
				<total>0</total>
				<timestamp>7012.205413</timestamp>
			</report>
			<report>
				<misses>1065900001</misses>
				<total>0</total>
				<timestamp>7012.863155</timestamp>
			</report>
			<report>
				<misses>1066000001</misses>
				<total>0</total>
				<timestamp>7013.521836</timestamp>
			</report>
			<report>
				<misses>1066100001</misses>
				<total>0</total>
				<timestamp>7014.180666</timestamp>
			</report>
			<report>
				<misses>1066200001</misses>
				<total>0</total>
				<timestamp>7014.838924</timestamp>
			</report>
			<report>
				<misses>1066300001</misses>
				<total>0</total>
				<timestamp>7015.496283</timestamp>
			</report>
			<report>
				<misses>1066400001</misses>
				<total>0</total>
				<timestamp>7016.153369</timestamp>
			</report>
			<report>
				<misses>1066500001</misses>
				<total>0</total>
				<timestamp>7016.812237</timestamp>
			</report>
			<report>
				<misses>1066600001</misses>
				<total>0</total>
				<timestamp>7017.470848</timestamp>
			</report>
			<report>
				<misses>1066700001</misses>
				<total>0</total>
				<timestamp>7018.128971</timestamp>
			</report>
			<report>
				<misses>1066800001</misses>
				<total>0</total>
				<timestamp>7018.785826</timestamp>
			</report>
			<report>
				<misses>1066900001</misses>
				<total>0</total>
				<timestamp>7019.444053</timestamp>
			</report>
			<report>
				<misses>1067000001</misses>
				<total>0</total>
				<timestamp>7020.100994</timestamp>
			</report>
			<report>
				<misses>1067100001</misses>
				<total>0</total>
				<timestamp>7020.758695</timestamp>
			</report>
			<report>
				<misses>1067200001</misses>
				<total>0</total>
				<timestamp>7021.415903</timestamp>
			</report>
			<report>
				<misses>1067300001</misses>
				<total>0</total>
				<timestamp>7022.073649</timestamp>
			</report>
			<report>
				<misses>1067400001</misses>
				<total>0</total>
				<timestamp>7022.730666</timestamp>
			</report>
			<report>
				<misses>1067500001</misses>
				<total>0</total>
				<timestamp>7023.388626</timestamp>
			</report>
			<report>
				<misses>1067600001</misses>
				<total>0</total>
				<timestamp>7024.047611</timestamp>
			</report>
			<report>
				<misses>1067700001</misses>
				<total>0</total>
				<timestamp>7024.704604</timestamp>
			</report>
			<report>
				<misses>1067800001</misses>
				<total>0</total>
				<timestamp>7025.362813</timestamp>
			</report>
			<report>
				<misses>1067900001</misses>
				<total>0</total>
				<timestamp>7026.021058</timestamp>
			</report>
			<report>
				<misses>1068000001</misses>
				<total>0</total>
				<timestamp>7026.677063</timestamp>
			</report>
			<report>
				<misses>1068100001</misses>
				<total>0</total>
				<timestamp>7027.334554</timestamp>
			</report>
			<report>
				<misses>1068200001</misses>
				<total>0</total>
				<timestamp>7027.992033</timestamp>
			</report>
			<report>
				<misses>1068300001</misses>
				<total>0</total>
				<timestamp>7028.649418</timestamp>
			</report>
			<report>
				<misses>1068400001</misses>
				<total>0</total>
				<timestamp>7029.305775</timestamp>
			</report>
			<report>
				<misses>1068500001</misses>
				<total>0</total>
				<timestamp>7029.964209</timestamp>
			</report>
			<report>
				<misses>1068600001</misses>
				<total>0</total>
				<timestamp>7030.621997</timestamp>
			</report>
			<report>
				<misses>1068700001</misses>
				<total>0</total>
				<timestamp>7031.280565</timestamp>
			</report>
			<report>
				<misses>1068800001</misses>
				<total>0</total>
				<timestamp>7031.938222</timestamp>
			</report>
			<report>
				<misses>1068900001</misses>
				<total>0</total>
				<timestamp>7032.598807</timestamp>
			</report>
			<report>
				<misses>1069000001</misses>
				<total>0</total>
				<timestamp>7033.258889</timestamp>
			</report>
			<report>
				<misses>1069100001</misses>
				<total>0</total>
				<timestamp>7033.917291</timestamp>
			</report>
			<report>
				<misses>1069200001</misses>
				<total>0</total>
				<timestamp>7034.578190</timestamp>
			</report>
			<report>
				<misses>1069300001</misses>
				<total>0</total>
				<timestamp>7035.238401</timestamp>
			</report>
			<report>
				<misses>1069400001</misses>
				<total>0</total>
				<timestamp>7035.898972</timestamp>
			</report>
			<report>
				<misses>1069500001</misses>
				<total>0</total>
				<timestamp>7036.558703</timestamp>
			</report>
			<report>
				<misses>1069600001</misses>
				<total>0</total>
				<timestamp>7037.217944</timestamp>
			</report>
			<report>
				<misses>1069700001</misses>
				<total>0</total>
				<timestamp>7037.876440</timestamp>
			</report>
			<report>
				<misses>1069800001</misses>
				<total>0</total>
				<timestamp>7038.533249</timestamp>
			</report>
			<report>
				<misses>1069900001</misses>
				<total>0</total>
				<timestamp>7039.191998</timestamp>
			</report>
			<report>
				<misses>1070000001</misses>
				<total>0</total>
				<timestamp>7039.849545</timestamp>
			</report>
			<report>
				<misses>1070100001</misses>
				<total>0</total>
				<timestamp>7040.508724</timestamp>
			</report>
			<report>
				<misses>1070200001</misses>
				<total>0</total>
				<timestamp>7041.167161</timestamp>
			</report>
			<report>
				<misses>1070300001</misses>
				<total>0</total>
				<timestamp>7041.824323</timestamp>
			</report>
			<report>
				<misses>1070400001</misses>
				<total>0</total>
				<timestamp>7042.482161</timestamp>
			</report>
			<report>
				<misses>1070500001</misses>
				<total>0</total>
				<timestamp>7043.139649</timestamp>
			</report>
			<report>
				<misses>1070600001</misses>
				<total>0</total>
				<timestamp>7043.797665</timestamp>
			</report>
			<report>
				<misses>1070700001</misses>
				<total>0</total>
				<timestamp>7044.456296</timestamp>
			</report>
			<report>
				<misses>1070800001</misses>
				<total>0</total>
				<timestamp>7045.113995</timestamp>
			</report>
			<report>
				<misses>1070900001</misses>
				<total>0</total>
				<timestamp>7045.771790</timestamp>
			</report>
			<report>
				<misses>1071000001</misses>
				<total>0</total>
				<timestamp>7046.428900</timestamp>
			</report>
			<report>
				<misses>1071100001</misses>
				<total>0</total>
				<timestamp>7047.087360</timestamp>
			</report>
			<report>
				<misses>1071200001</misses>
				<total>0</total>
				<timestamp>7047.745796</timestamp>
			</report>
			<report>
				<misses>1071300001</misses>
				<total>0</total>
				<timestamp>7048.403237</timestamp>
			</report>
			<report>
				<misses>1071400001</misses>
				<total>0</total>
				<timestamp>7049.061648</timestamp>
			</report>
			<report>
				<misses>1071500001</misses>
				<total>0</total>
				<timestamp>7049.717902</timestamp>
			</report>
			<report>
				<misses>1071600001</misses>
				<total>0</total>
				<timestamp>7050.375824</timestamp>
			</report>
			<report>
				<misses>1071700001</misses>
				<total>0</total>
				<timestamp>7051.033106</timestamp>
			</report>
			<report>
				<misses>1071800001</misses>
				<total>0</total>
				<timestamp>7051.691054</timestamp>
			</report>
			<report>
				<misses>1071900001</misses>
				<total>0</total>
				<timestamp>7052.350128</timestamp>
			</report>
			<report>
				<misses>1072000001</misses>
				<total>0</total>
				<timestamp>7053.006023</timestamp>
			</report>
			<report>
				<misses>1072100001</misses>
				<total>0</total>
				<timestamp>7053.664689</timestamp>
			</report>
			<report>
				<misses>1072200001</misses>
				<total>0</total>
				<timestamp>7054.323283</timestamp>
			</report>
			<report>
				<misses>1072300001</misses>
				<total>0</total>
				<timestamp>7054.980380</timestamp>
			</report>
			<report>
				<misses>1072400001</misses>
				<total>0</total>
				<timestamp>7055.640006</timestamp>
			</report>
			<report>
				<misses>1072500001</misses>
				<total>0</total>
				<timestamp>7056.297773</timestamp>
			</report>
			<report>
				<misses>1072600001</misses>
				<total>0</total>
				<timestamp>7056.955504</timestamp>
			</report>
			<report>
				<misses>1072700001</misses>
				<total>0</total>
				<timestamp>7057.613155</timestamp>
			</report>
			<report>
				<misses>1072800001</misses>
				<total>0</total>
				<timestamp>7058.271862</timestamp>
			</report>
			<report>
				<misses>1072900001</misses>
				<total>0</total>
				<timestamp>7058.929756</timestamp>
			</report>
			<report>
				<misses>1073000001</misses>
				<total>0</total>
				<timestamp>7059.586248</timestamp>
			</report>
			<report>
				<misses>1073100001</misses>
				<total>0</total>
				<timestamp>7060.244017</timestamp>
			</report>
			<report>
				<misses>1073200001</misses>
				<total>0</total>
				<timestamp>7060.900864</timestamp>
			</report>
			<report>
				<misses>1073300001</misses>
				<total>0</total>
				<timestamp>7061.558615</timestamp>
			</report>
			<report>
				<misses>1073400001</misses>
				<total>0</total>
				<timestamp>7062.216429</timestamp>
			</report>
			<report>
				<misses>1073500001</misses>
				<total>0</total>
				<timestamp>7062.874215</timestamp>
			</report>
			<report>
				<misses>1073600001</misses>
				<total>0</total>
				<timestamp>7063.532980</timestamp>
			</report>
			<report>
				<misses>1073700001</misses>
				<total>0</total>
				<timestamp>7064.191515</timestamp>
			</report>
			<report>
				<misses>1073800001</misses>
				<total>0</total>
				<timestamp>7064.848059</timestamp>
			</report>
			<report>
				<misses>1073900001</misses>
				<total>0</total>
				<timestamp>7065.506193</timestamp>
			</report>
			<report>
				<misses>1074000001</misses>
				<total>0</total>
				<timestamp>7066.163851</timestamp>
			</report>
			<report>
				<misses>1074100001</misses>
				<total>0</total>
				<timestamp>7066.822936</timestamp>
			</report>
			<report>
				<misses>1074200001</misses>
				<total>0</total>
				<timestamp>7067.481805</timestamp>
			</report>
			<report>
				<misses>1074300001</misses>
				<total>0</total>
				<timestamp>7068.141545</timestamp>
			</report>
			<report>
				<misses>1074400001</misses>
				<total>0</total>
				<timestamp>7068.800439</timestamp>
			</report>
			<report>
				<misses>1074500001</misses>
				<total>0</total>
				<timestamp>7069.459088</timestamp>
			</report>
			<report>
				<misses>1074600001</misses>
				<total>0</total>
				<timestamp>7070.117415</timestamp>
			</report>
			<report>
				<misses>1074700001</misses>
				<total>0</total>
				<timestamp>7070.775462</timestamp>
			</report>
			<report>
				<misses>1074800001</misses>
				<total>0</total>
				<timestamp>7071.432768</timestamp>
			</report>
			<report>
				<misses>1074900001</misses>
				<total>0</total>
				<timestamp>7072.090976</timestamp>
			</report>
			<report>
				<misses>1075000001</misses>
				<total>0</total>
				<timestamp>7072.747679</timestamp>
			</report>
			<report>
				<misses>1075100001</misses>
				<total>0</total>
				<timestamp>7073.406656</timestamp>
			</report>
			<report>
				<misses>1075200001</misses>
				<total>0</total>
				<timestamp>7074.063266</timestamp>
			</report>
			<report>
				<misses>1075300001</misses>
				<total>0</total>
				<timestamp>7074.721001</timestamp>
			</report>
			<report>
				<misses>1075400001</misses>
				<total>0</total>
				<timestamp>7075.378860</timestamp>
			</report>
			<report>
				<misses>1075500001</misses>
				<total>0</total>
				<timestamp>7076.035872</timestamp>
			</report>
			<report>
				<misses>1075600001</misses>
				<total>0</total>
				<timestamp>7076.694114</timestamp>
			</report>
			<report>
				<misses>1075700001</misses>
				<total>0</total>
				<timestamp>7077.352489</timestamp>
			</report>
			<report>
				<misses>1075800001</misses>
				<total>0</total>
				<timestamp>7078.008027</timestamp>
			</report>
			<report>
				<misses>1075900001</misses>
				<total>0</total>
				<timestamp>7078.665485</timestamp>
			</report>
			<report>
				<misses>1076000001</misses>
				<total>0</total>
				<timestamp>7079.323015</timestamp>
			</report>
			<report>
				<misses>1076100001</misses>
				<total>0</total>
				<timestamp>7079.980965</timestamp>
			</report>
			<report>
				<misses>1076200001</misses>
				<total>0</total>
				<timestamp>7080.639303</timestamp>
			</report>
			<report>
				<misses>1076300001</misses>
				<total>0</total>
				<timestamp>7081.296211</timestamp>
			</report>
			<report>
				<misses>1076400001</misses>
				<total>0</total>
				<timestamp>7081.954253</timestamp>
			</report>
			<report>
				<misses>1076500001</misses>
				<total>0</total>
				<timestamp>7082.612177</timestamp>
			</report>
			<report>
				<misses>1076600001</misses>
				<total>0</total>
				<timestamp>7083.269496</timestamp>
			</report>
			<report>
				<misses>1076700001</misses>
				<total>0</total>
				<timestamp>7083.927757</timestamp>
			</report>
			<report>
				<misses>1076800001</misses>
				<total>0</total>
				<timestamp>7084.585827</timestamp>
			</report>
			<report>
				<misses>1076900001</misses>
				<total>0</total>
				<timestamp>7085.244921</timestamp>
			</report>
			<report>
				<misses>1077000001</misses>
				<total>0</total>
				<timestamp>7085.902646</timestamp>
			</report>
			<report>
				<misses>1077100001</misses>
				<total>0</total>
				<timestamp>7086.560355</timestamp>
			</report>
			<report>
				<misses>1077200001</misses>
				<total>0</total>
				<timestamp>7087.218003</timestamp>
			</report>
			<report>
				<misses>1077300001</misses>
				<total>0</total>
				<timestamp>7087.876421</timestamp>
			</report>
			<report>
				<misses>1077400001</misses>
				<total>0</total>
				<timestamp>7088.534294</timestamp>
			</report>
			<report>
				<misses>1077500001</misses>
				<total>0</total>
				<timestamp>7089.192352</timestamp>
			</report>
			<report>
				<misses>1077600001</misses>
				<total>0</total>
				<timestamp>7089.850724</timestamp>
			</report>
			<report>
				<misses>1077700001</misses>
				<total>0</total>
				<timestamp>7090.508175</timestamp>
			</report>
			<report>
				<misses>1077800001</misses>
				<total>0</total>
				<timestamp>7091.166097</timestamp>
			</report>
			<report>
				<misses>1077900001</misses>
				<total>0</total>
				<timestamp>7091.824076</timestamp>
			</report>
			<report>
				<misses>1078000001</misses>
				<total>0</total>
				<timestamp>7092.481646</timestamp>
			</report>
			<report>
				<misses>1078100001</misses>
				<total>0</total>
				<timestamp>7093.139046</timestamp>
			</report>
			<report>
				<misses>1078200001</misses>
				<total>0</total>
				<timestamp>7093.795778</timestamp>
			</report>
			<report>
				<misses>1078300001</misses>
				<total>0</total>
				<timestamp>7094.454331</timestamp>
			</report>
			<report>
				<misses>1078400001</misses>
				<total>0</total>
				<timestamp>7095.112214</timestamp>
			</report>
			<report>
				<misses>1078500001</misses>
				<total>0</total>
				<timestamp>7095.770053</timestamp>
			</report>
			<report>
				<misses>1078600001</misses>
				<total>0</total>
				<timestamp>7096.427238</timestamp>
			</report>
			<report>
				<misses>1078700001</misses>
				<total>0</total>
				<timestamp>7097.086444</timestamp>
			</report>
			<report>
				<misses>1078800001</misses>
				<total>0</total>
				<timestamp>7097.743683</timestamp>
			</report>
			<report>
				<misses>1078900001</misses>
				<total>0</total>
				<timestamp>7098.401207</timestamp>
			</report>
			<report>
				<misses>1079000001</misses>
				<total>0</total>
				<timestamp>7099.060809</timestamp>
			</report>
			<report>
				<misses>1079100001</misses>
				<total>0</total>
				<timestamp>7099.719771</timestamp>
			</report>
			<report>
				<misses>1079200001</misses>
				<total>0</total>
				<timestamp>7100.379012</timestamp>
			</report>
			<report>
				<misses>1079300001</misses>
				<total>0</total>
				<timestamp>7101.037799</timestamp>
			</report>
			<report>
				<misses>1079400001</misses>
				<total>0</total>
				<timestamp>7101.696674</timestamp>
			</report>
			<report>
				<misses>1079500001</misses>
				<total>0</total>
				<timestamp>7102.356091</timestamp>
			</report>
			<report>
				<misses>1079600001</misses>
				<total>0</total>
				<timestamp>7103.015121</timestamp>
			</report>
			<report>
				<misses>1079700001</misses>
				<total>0</total>
				<timestamp>7103.674904</timestamp>
			</report>
			<report>
				<misses>1079800001</misses>
				<total>0</total>
				<timestamp>7104.332829</timestamp>
			</report>
			<report>
				<misses>1079900001</misses>
				<total>0</total>
				<timestamp>7104.990382</timestamp>
			</report>
			<report>
				<misses>1080000001</misses>
				<total>0</total>
				<timestamp>7105.649038</timestamp>
			</report>
			<report>
				<misses>1080100001</misses>
				<total>0</total>
				<timestamp>7106.306776</timestamp>
			</report>
			<report>
				<misses>1080200001</misses>
				<total>0</total>
				<timestamp>7106.964752</timestamp>
			</report>
			<report>
				<misses>1080300001</misses>
				<total>0</total>
				<timestamp>7107.622852</timestamp>
			</report>
			<report>
				<misses>1080400001</misses>
				<total>0</total>
				<timestamp>7108.280977</timestamp>
			</report>
			<report>
				<misses>1080500001</misses>
				<total>0</total>
				<timestamp>7108.938433</timestamp>
			</report>
			<report>
				<misses>1080600001</misses>
				<total>0</total>
				<timestamp>7109.596075</timestamp>
			</report>
			<report>
				<misses>1080700001</misses>
				<total>0</total>
				<timestamp>7110.252603</timestamp>
			</report>
			<report>
				<misses>1080800001</misses>
				<total>0</total>
				<timestamp>7110.910260</timestamp>
			</report>
			<report>
				<misses>1080900001</misses>
				<total>0</total>
				<timestamp>7111.567671</timestamp>
			</report>
			<report>
				<misses>1081000001</misses>
				<total>0</total>
				<timestamp>7112.225815</timestamp>
			</report>
			<report>
				<misses>1081100001</misses>
				<total>0</total>
				<timestamp>7112.883645</timestamp>
			</report>
			<report>
				<misses>1081200001</misses>
				<total>0</total>
				<timestamp>7113.541603</timestamp>
			</report>
			<report>
				<misses>1081300001</misses>
				<total>0</total>
				<timestamp>7114.199562</timestamp>
			</report>
			<report>
				<misses>1081400001</misses>
				<total>0</total>
				<timestamp>7114.857879</timestamp>
			</report>
			<report>
				<misses>1081500001</misses>
				<total>0</total>
				<timestamp>7115.515615</timestamp>
			</report>
			<report>
				<misses>1081600001</misses>
				<total>0</total>
				<timestamp>7116.171715</timestamp>
			</report>
			<report>
				<misses>1081700001</misses>
				<total>0</total>
				<timestamp>7116.829659</timestamp>
			</report>
			<report>
				<misses>1081800001</misses>
				<total>0</total>
				<timestamp>7117.486512</timestamp>
			</report>
			<report>
				<misses>1081900001</misses>
				<total>0</total>
				<timestamp>7118.144785</timestamp>
			</report>
			<report>
				<misses>1082000001</misses>
				<total>0</total>
				<timestamp>7118.803322</timestamp>
			</report>
			<report>
				<misses>1082100001</misses>
				<total>0</total>
				<timestamp>7119.460429</timestamp>
			</report>
			<report>
				<misses>1082200001</misses>
				<total>0</total>
				<timestamp>7120.117025</timestamp>
			</report>
			<report>
				<misses>1082300001</misses>
				<total>0</total>
				<timestamp>7120.774187</timestamp>
			</report>
			<report>
				<misses>1082400001</misses>
				<total>0</total>
				<timestamp>7121.432502</timestamp>
			</report>
			<report>
				<misses>1082500001</misses>
				<total>0</total>
				<timestamp>7122.090710</timestamp>
			</report>
			<report>
				<misses>1082600001</misses>
				<total>0</total>
				<timestamp>7122.749445</timestamp>
			</report>
			<report>
				<misses>1082700001</misses>
				<total>0</total>
				<timestamp>7123.407635</timestamp>
			</report>
			<report>
				<misses>1082800001</misses>
				<total>0</total>
				<timestamp>7124.065364</timestamp>
			</report>
			<report>
				<misses>1082900001</misses>
				<total>0</total>
				<timestamp>7124.723257</timestamp>
			</report>
			<report>
				<misses>1083000001</misses>
				<total>0</total>
				<timestamp>7125.380816</timestamp>
			</report>
			<report>
				<misses>1083100001</misses>
				<total>0</total>
				<timestamp>7126.037965</timestamp>
			</report>
			<report>
				<misses>1083200001</misses>
				<total>0</total>
				<timestamp>7126.696649</timestamp>
			</report>
			<report>
				<misses>1083300001</misses>
				<total>0</total>
				<timestamp>7127.354690</timestamp>
			</report>
			<report>
				<misses>1083400001</misses>
				<total>0</total>
				<timestamp>7128.012163</timestamp>
			</report>
			<report>
				<misses>1083500001</misses>
				<total>0</total>
				<timestamp>7128.669665</timestamp>
			</report>
			<report>
				<misses>1083600001</misses>
				<total>0</total>
				<timestamp>7129.326556</timestamp>
			</report>
			<report>
				<misses>1083700001</misses>
				<total>0</total>
				<timestamp>7129.982870</timestamp>
			</report>
			<report>
				<misses>1083800001</misses>
				<total>0</total>
				<timestamp>7130.639875</timestamp>
			</report>
			<report>
				<misses>1083900001</misses>
				<total>0</total>
				<timestamp>7131.296736</timestamp>
			</report>
			<report>
				<misses>1084000001</misses>
				<total>0</total>
				<timestamp>7131.955193</timestamp>
			</report>
			<report>
				<misses>1084100001</misses>
				<total>0</total>
				<timestamp>7132.615527</timestamp>
			</report>
			<report>
				<misses>1084200001</misses>
				<total>0</total>
				<timestamp>7133.274218</timestamp>
			</report>
			<report>
				<misses>1084300001</misses>
				<total>0</total>
				<timestamp>7133.933307</timestamp>
			</report>
			<report>
				<misses>1084400001</misses>
				<total>0</total>
				<timestamp>7134.592072</timestamp>
			</report>
			<report>
				<misses>1084500001</misses>
				<total>0</total>
				<timestamp>7135.251443</timestamp>
			</report>
			<report>
				<misses>1084600001</misses>
				<total>0</total>
				<timestamp>7135.910061</timestamp>
			</report>
			<report>
				<misses>1084700001</misses>
				<total>0</total>
				<timestamp>7136.570175</timestamp>
			</report>
			<report>
				<misses>1084800001</misses>
				<total>0</total>
				<timestamp>7137.227235</timestamp>
			</report>
			<report>
				<misses>1084900001</misses>
				<total>0</total>
				<timestamp>7137.883723</timestamp>
			</report>
			<report>
				<misses>1085000001</misses>
				<total>0</total>
				<timestamp>7138.541431</timestamp>
			</report>
			<report>
				<misses>1085100001</misses>
				<total>0</total>
				<timestamp>7139.198882</timestamp>
			</report>
			<report>
				<misses>1085200001</misses>
				<total>0</total>
				<timestamp>7139.856675</timestamp>
			</report>
			<report>
				<misses>1085300001</misses>
				<total>0</total>
				<timestamp>7140.514792</timestamp>
			</report>
			<report>
				<misses>1085400001</misses>
				<total>0</total>
				<timestamp>7141.173496</timestamp>
			</report>
			<report>
				<misses>1085500001</misses>
				<total>0</total>
				<timestamp>7141.831449</timestamp>
			</report>
			<report>
				<misses>1085600001</misses>
				<total>0</total>
				<timestamp>7142.487601</timestamp>
			</report>
			<report>
				<misses>1085700001</misses>
				<total>0</total>
				<timestamp>7143.144748</timestamp>
			</report>
			<report>
				<misses>1085800001</misses>
				<total>0</total>
				<timestamp>7143.802432</timestamp>
			</report>
			<report>
				<misses>1085900001</misses>
				<total>0</total>
				<timestamp>7144.460400</timestamp>
			</report>
			<report>
				<misses>1086000001</misses>
				<total>0</total>
				<timestamp>7145.117477</timestamp>
			</report>
			<report>
				<misses>1086100001</misses>
				<total>0</total>
				<timestamp>7145.774856</timestamp>
			</report>
			<report>
				<misses>1086200001</misses>
				<total>0</total>
				<timestamp>7146.432569</timestamp>
			</report>
			<report>
				<misses>1086300001</misses>
				<total>0</total>
				<timestamp>7147.091029</timestamp>
			</report>
			<report>
				<misses>1086400001</misses>
				<total>0</total>
				<timestamp>7147.748472</timestamp>
			</report>
			<report>
				<misses>1086500001</misses>
				<total>0</total>
				<timestamp>7148.406750</timestamp>
			</report>
			<report>
				<misses>1086600001</misses>
				<total>0</total>
				<timestamp>7149.063714</timestamp>
			</report>
			<report>
				<misses>1086700001</misses>
				<total>0</total>
				<timestamp>7149.721715</timestamp>
			</report>
			<report>
				<misses>1086800001</misses>
				<total>0</total>
				<timestamp>7150.378797</timestamp>
			</report>
			<report>
				<misses>1086900001</misses>
				<total>0</total>
				<timestamp>7151.036062</timestamp>
			</report>
			<report>
				<misses>1087000001</misses>
				<total>0</total>
				<timestamp>7151.693142</timestamp>
			</report>
			<report>
				<misses>1087100001</misses>
				<total>0</total>
				<timestamp>7152.350613</timestamp>
			</report>
			<report>
				<misses>1087200001</misses>
				<total>0</total>
				<timestamp>7153.008449</timestamp>
			</report>
			<report>
				<misses>1087300001</misses>
				<total>0</total>
				<timestamp>7153.665682</timestamp>
			</report>
			<report>
				<misses>1087400001</misses>
				<total>0</total>
				<timestamp>7154.323505</timestamp>
			</report>
			<report>
				<misses>1087500001</misses>
				<total>0</total>
				<timestamp>7154.981220</timestamp>
			</report>
			<report>
				<misses>1087600001</misses>
				<total>0</total>
				<timestamp>7155.637968</timestamp>
			</report>
			<report>
				<misses>1087700001</misses>
				<total>0</total>
				<timestamp>7156.296851</timestamp>
			</report>
			<report>
				<misses>1087800001</misses>
				<total>0</total>
				<timestamp>7156.953782</timestamp>
			</report>
			<report>
				<misses>1087900001</misses>
				<total>0</total>
				<timestamp>7157.612841</timestamp>
			</report>
			<report>
				<misses>1088000001</misses>
				<total>0</total>
				<timestamp>7158.269695</timestamp>
			</report>
			<report>
				<misses>1088100001</misses>
				<total>0</total>
				<timestamp>7158.928875</timestamp>
			</report>
			<report>
				<misses>1088200001</misses>
				<total>0</total>
				<timestamp>7159.587975</timestamp>
			</report>
			<report>
				<misses>1088300001</misses>
				<total>0</total>
				<timestamp>7160.245032</timestamp>
			</report>
			<report>
				<misses>1088400001</misses>
				<total>0</total>
				<timestamp>7160.902678</timestamp>
			</report>
			<report>
				<misses>1088500001</misses>
				<total>0</total>
				<timestamp>7161.561258</timestamp>
			</report>
			<report>
				<misses>1088600001</misses>
				<total>0</total>
				<timestamp>7162.219400</timestamp>
			</report>
			<report>
				<misses>1088700001</misses>
				<total>0</total>
				<timestamp>7162.877522</timestamp>
			</report>
			<report>
				<misses>1088800001</misses>
				<total>0</total>
				<timestamp>7163.535636</timestamp>
			</report>
			<report>
				<misses>1088900001</misses>
				<total>0</total>
				<timestamp>7164.194037</timestamp>
			</report>
			<report>
				<misses>1089000001</misses>
				<total>0</total>
				<timestamp>7164.851150</timestamp>
			</report>
			<report>
				<misses>1089100001</misses>
				<total>0</total>
				<timestamp>7165.509367</timestamp>
			</report>
			<report>
				<misses>1089200001</misses>
				<total>0</total>
				<timestamp>7166.167198</timestamp>
			</report>
			<report>
				<misses>1089300001</misses>
				<total>0</total>
				<timestamp>7166.824665</timestamp>
			</report>
			<report>
				<misses>1089400001</misses>
				<total>0</total>
				<timestamp>7167.483014</timestamp>
			</report>
			<report>
				<misses>1089500001</misses>
				<total>0</total>
				<timestamp>7168.138601</timestamp>
			</report>
			<report>
				<misses>1089600001</misses>
				<total>0</total>
				<timestamp>7168.798437</timestamp>
			</report>
			<report>
				<misses>1089700001</misses>
				<total>0</total>
				<timestamp>7169.457717</timestamp>
			</report>
			<report>
				<misses>1089800001</misses>
				<total>0</total>
				<timestamp>7170.117171</timestamp>
			</report>
			<report>
				<misses>1089900001</misses>
				<total>0</total>
				<timestamp>7170.775599</timestamp>
			</report>
			<report>
				<misses>1090000001</misses>
				<total>0</total>
				<timestamp>7171.434210</timestamp>
			</report>
			<report>
				<misses>1090100001</misses>
				<total>0</total>
				<timestamp>7172.093184</timestamp>
			</report>
			<report>
				<misses>1090200001</misses>
				<total>0</total>
				<timestamp>7172.751799</timestamp>
			</report>
			<report>
				<misses>1090300001</misses>
				<total>0</total>
				<timestamp>7173.409125</timestamp>
			</report>
			<report>
				<misses>1090400001</misses>
				<total>0</total>
				<timestamp>7174.066768</timestamp>
			</report>
			<report>
				<misses>1090500001</misses>
				<total>0</total>
				<timestamp>7174.722261</timestamp>
			</report>
			<report>
				<misses>1090600001</misses>
				<total>0</total>
				<timestamp>7175.379627</timestamp>
			</report>
			<report>
				<misses>1090700001</misses>
				<total>0</total>
				<timestamp>7176.037141</timestamp>
			</report>
			<report>
				<misses>1090800001</misses>
				<total>0</total>
				<timestamp>7176.693874</timestamp>
			</report>
			<report>
				<misses>1090900001</misses>
				<total>0</total>
				<timestamp>7177.352323</timestamp>
			</report>
			<report>
				<misses>1091000001</misses>
				<total>0</total>
				<timestamp>7178.009680</timestamp>
			</report>
			<report>
				<misses>1091100001</misses>
				<total>0</total>
				<timestamp>7178.667229</timestamp>
			</report>
			<report>
				<misses>1091200001</misses>
				<total>0</total>
				<timestamp>7179.323180</timestamp>
			</report>
			<report>
				<misses>1091300001</misses>
				<total>0</total>
				<timestamp>7179.979990</timestamp>
			</report>
			<report>
				<misses>1091400001</misses>
				<total>0</total>
				<timestamp>7180.637539</timestamp>
			</report>
			<report>
				<misses>1091500001</misses>
				<total>0</total>
				<timestamp>7181.295432</timestamp>
			</report>
			<report>
				<misses>1091600001</misses>
				<total>0</total>
				<timestamp>7181.952645</timestamp>
			</report>
			<report>
				<misses>1091700001</misses>
				<total>0</total>
				<timestamp>7182.610129</timestamp>
			</report>
			<report>
				<misses>1091800001</misses>
				<total>0</total>
				<timestamp>7183.267752</timestamp>
			</report>
			<report>
				<misses>1091900001</misses>
				<total>0</total>
				<timestamp>7183.923894</timestamp>
			</report>
			<report>
				<misses>1092000001</misses>
				<total>0</total>
				<timestamp>7184.579714</timestamp>
			</report>
			<report>
				<misses>1092100001</misses>
				<total>0</total>
				<timestamp>7185.236524</timestamp>
			</report>
			<report>
				<misses>1092200001</misses>
				<total>0</total>
				<timestamp>7185.893614</timestamp>
			</report>
			<report>
				<misses>1092300001</misses>
				<total>0</total>
				<timestamp>7186.551742</timestamp>
			</report>
			<report>
				<misses>1092400001</misses>
				<total>0</total>
				<timestamp>7187.208581</timestamp>
			</report>
			<report>
				<misses>1092500001</misses>
				<total>0</total>
				<timestamp>7187.865480</timestamp>
			</report>
			<report>
				<misses>1092600001</misses>
				<total>0</total>
				<timestamp>7188.522711</timestamp>
			</report>
			<report>
				<misses>1092700001</misses>
				<total>0</total>
				<timestamp>7189.180164</timestamp>
			</report>
			<report>
				<misses>1092800001</misses>
				<total>0</total>
				<timestamp>7189.837854</timestamp>
			</report>
			<report>
				<misses>1092900001</misses>
				<total>0</total>
				<timestamp>7190.494986</timestamp>
			</report>
			<report>
				<misses>1093000001</misses>
				<total>0</total>
				<timestamp>7191.153047</timestamp>
			</report>
			<report>
				<misses>1093100001</misses>
				<total>0</total>
				<timestamp>7191.811228</timestamp>
			</report>
			<report>
				<misses>1093200001</misses>
				<total>0</total>
				<timestamp>7192.469136</timestamp>
			</report>
			<report>
				<misses>1093300001</misses>
				<total>0</total>
				<timestamp>7193.129730</timestamp>
			</report>
			<report>
				<misses>1093400001</misses>
				<total>0</total>
				<timestamp>7193.787170</timestamp>
			</report>
			<report>
				<misses>1093500001</misses>
				<total>0</total>
				<timestamp>7194.445546</timestamp>
			</report>
			<report>
				<misses>1093600001</misses>
				<total>0</total>
				<timestamp>7195.104555</timestamp>
			</report>
			<report>
				<misses>1093700001</misses>
				<total>0</total>
				<timestamp>7195.763052</timestamp>
			</report>
			<report>
				<misses>1093800001</misses>
				<total>0</total>
				<timestamp>7196.421183</timestamp>
			</report>
			<report>
				<misses>1093900001</misses>
				<total>0</total>
				<timestamp>7197.079432</timestamp>
			</report>
			<report>
				<misses>1094000001</misses>
				<total>0</total>
				<timestamp>7197.735965</timestamp>
			</report>
			<report>
				<misses>1094100001</misses>
				<total>0</total>
				<timestamp>7198.392887</timestamp>
			</report>
			<report>
				<misses>1094200001</misses>
				<total>0</total>
				<timestamp>7199.049184</timestamp>
			</report>
			<report>
				<misses>1094300001</misses>
				<total>0</total>
				<timestamp>7199.707220</timestamp>
			</report>
		</query>
	</custom>
	<ethtool_statistic>
		<rx_packets>
			<start>4</start>
			<end>11398</end>
		</rx_packets>
		<tx_packets>
			<start>53</start>
			<end>1094343526</end>
		</tx_packets>
		<rx_dropped>
			<start>0</start>
			<end>0</end>
		</rx_dropped>
		<tx_dropped>
			<start>0</start>
			<end>0</end>
		</tx_dropped>
		<collisions>
			<start>0</start>
			<end>0</end>
		</collisions>
		<port_tx_errors>
			<start>0</start>
			<end>0</end>
		</port_tx_errors>
		<port_rx_dropped>
			<start>0</start>
			<end>0</end>
		</port_rx_dropped>
		<port_tx_dropped_link_down>
			<start>0</start>
			<end>0</end>
		</port_tx_dropped_link_down>
	</ethtool_statistic>
	<ip_statistic>
		<mtu>
			<start>9000</start>
			<end>9000</end>
		</mtu>
		<rx_bytes>
			<start>388</start>
			<end>690030</end>
		</rx_bytes>
		<rx_packets>
			<start>4</start>
			<end>11398</end>
		</rx_packets>
		<rx_errors>
			<start>0</start>
			<end>0</end>
		</rx_errors>
		<rx_dropped>
			<start>0</start>
			<end>0</end>
		</rx_dropped>
		<rx_missed>
			<start>0</start>
			<end>0</end>
		</rx_missed>
		<rx_mcast>
			<start>4</start>
			<end>16</end>
		</rx_mcast>
		<tx_bytes>
			<start>6100</start>
			<end>133509044542</end>
		</tx_bytes>
		<tx_packets>
			<start>53</start>
			<end>1094343526</end>
		</tx_packets>
		<tx_errors>
			<start>0</start>
			<end>0</end>
		</tx_errors>
		<tx_dropped>
			<start>0</start>
			<end>0</end>
		</tx_dropped>
		<tx_carrier>
			<start>0</start>
			<end>0</end>
		</tx_carrier>
		<tx_collisions>
			<start>0</start>
			<end>0</end>
		</tx_collisions>
	</ip_statistic>
	<netstat_statistic>
		<udp_pkg_rec>
			<start>668</start>
			<end>50952</end>
		</udp_pkg_rec>
		<udp_pkg_snt>
			<start>707</start>
			<end>1094383035</end>
		</udp_pkg_snt>
		<udp_rec_err>
			<start>0</start>
			<end>0</end>
		</udp_rec_err>
		<udp_rec_buf_err>
			<start>0</start>
			<end>0</end>
		</udp_rec_buf_err>
		<udp_snt_buf_err>
			<start>0</start>
			<end>0</end>
		</udp_snt_buf_err>
	</netstat_statistic>
</test_results>
