<?xml version="1.0"?>
<test_results>
	<status>STATUS_SUCCESS</status>
	<custom>
		<num_loss>27</num_loss>
		<num_total>32722893</num_total>
		<num_misses>1</num_misses>
		<elapsed_time>7199.029647</elapsed_time>
	</custom>
	<ethtool_statistic>
		<rx_packets>
			<start>14523057570</start>
			<end>14814881790</end>
		</rx_packets>
		<tx_packets>
			<start>19484350894</start>
			<end>19947408948</end>
		</tx_packets>
		<rx_dropped>
			<start>0</start>
			<end>0</end>
		</rx_dropped>
		<tx_dropped>
			<start>0</start>
			<end>0</end>
		</tx_dropped>
		<collisions>
			<start>0</start>
			<end>0</end>
		</collisions>
		<port_tx_errors>
			<start>-1</start>
			<end>-1</end>
		</port_tx_errors>
		<port_rx_dropped>
			<start>-1</start>
			<end>-1</end>
		</port_rx_dropped>
		<port_tx_dropped_link_down>
			<start>-1</start>
			<end>-1</end>
		</port_tx_dropped_link_down>
	</ethtool_statistic>
	<ip_statistic>
		<mtu>
			<start>9000</start>
			<end>9000</end>
		</mtu>
		<rx_bytes>
			<start>130516825350915</start>
			<end>133140300967768</end>
		</rx_bytes>
		<rx_packets>
			<start>14523057656</start>
			<end>14814881878</end>
		</rx_packets>
		<rx_errors>
			<start>0</start>
			<end>0</end>
		</rx_errors>
		<rx_dropped>
			<start>0</start>
			<end>0</end>
		</rx_dropped>
		<rx_missed>
			<start>1757</start>
			<end>1757</end>
		</rx_missed>
		<rx_mcast>
			<start>9598</start>
			<end>9744</end>
		</rx_mcast>
		<tx_bytes>
			<start>158097558944614</start>
			<end>162043153044844</end>
		</tx_bytes>
		<tx_packets>
			<start>19484350909</start>
			<end>19947408991</end>
		</tx_packets>
		<tx_errors>
			<start>0</start>
			<end>0</end>
		</tx_errors>
		<tx_dropped>
			<start>0</start>
			<end>0</end>
		</tx_dropped>
		<tx_carrier>
			<start>0</start>
			<end>0</end>
		</tx_carrier>
		<tx_collisions>
			<start>0</start>
			<end>0</end>
		</tx_collisions>
	</ip_statistic>
</test_results>
