<?xml version="1.0"?>
<test_results>
	<status>STATUS_SUCCESS</status>
	<custom>
		<num_loss>2389985</num_loss>
		<num_total>2400000</num_total>
		<num_misses>58525668</num_misses>
		<elapsed_time>153.314248</elapsed_time>
		<query>
			<report>
				<misses>100000</misses>
				<total>99389</total>
				<timestamp>6.342709</timestamp>
			</report>
			<report>
				<misses>200000</misses>
				<total>199388</total>
				<timestamp>12.704761</timestamp>
			</report>
			<report>
				<misses>300000</misses>
				<total>299387</total>
				<timestamp>19.045075</timestamp>
			</report>
			<report>
				<misses>400000</misses>
				<total>399386</total>
				<timestamp>25.392740</timestamp>
			</report>
			<report>
				<misses>500000</misses>
				<total>496285</total>
				<timestamp>31.745716</timestamp>
			</report>
			<report>
				<misses>600000</misses>
				<total>596284</total>
				<timestamp>38.094375</timestamp>
			</report>
			<report>
				<misses>700000</misses>
				<total>696283</total>
				<timestamp>44.456732</timestamp>
			</report>
			<report>
				<misses>800000</misses>
				<total>796282</total>
				<timestamp>50.806754</timestamp>
			</report>
			<report>
				<misses>900000</misses>
				<total>894985</total>
				<timestamp>57.154830</timestamp>
			</report>
			<report>
				<misses>1000000</misses>
				<total>994984</total>
				<timestamp>63.488789</timestamp>
			</report>
			<report>
				<misses>1100000</misses>
				<total>1094983</total>
				<timestamp>69.847744</timestamp>
			</report>
			<report>
				<misses>1200000</misses>
				<total>1194982</total>
				<timestamp>76.196965</timestamp>
			</report>
			<report>
				<misses>1300000</misses>
				<total>1292792</total>
				<timestamp>82.554455</timestamp>
			</report>
			<report>
				<misses>1400000</misses>
				<total>1392791</total>
				<timestamp>88.915512</timestamp>
			</report>
			<report>
				<misses>1500000</misses>
				<total>1492790</total>
				<timestamp>95.249083</timestamp>
			</report>
			<report>
				<misses>1600000</misses>
				<total>1592789</total>
				<timestamp>101.583908</timestamp>
			</report>
			<report>
				<misses>1700000</misses>
				<total>1692788</total>
				<timestamp>107.932535</timestamp>
			</report>
			<report>
				<misses>1800000</misses>
				<total>1791131</total>
				<timestamp>114.271609</timestamp>
			</report>
			<report>
				<misses>1900000</misses>
				<total>1891130</total>
				<timestamp>120.609968</timestamp>
			</report>
			<report>
				<misses>2000000</misses>
				<total>1991129</total>
				<timestamp>126.946716</timestamp>
			</report>
			<report>
				<misses>2100000</misses>
				<total>2091128</total>
				<timestamp>133.280017</timestamp>
			</report>
			<report>
				<misses>2200000</misses>
				<total>2189987</total>
				<timestamp>139.613548</timestamp>
			</report>
			<report>
				<misses>2300000</misses>
				<total>2289986</total>
				<timestamp>145.960578</timestamp>
			</report>
		</query>
	</custom>
	<ethtool_statistic>
		<rx_packets>
			<start>3477836385</start>
			<end>3485209123</end>
		</rx_packets>
		<tx_packets>
			<start>3639516039</start>
			<end>3663157464</end>
		</tx_packets>
		<rx_dropped>
			<start>0</start>
			<end>0</end>
		</rx_dropped>
		<tx_dropped>
			<start>0</start>
			<end>0</end>
		</tx_dropped>
		<collisions>
			<start>0</start>
			<end>0</end>
		</collisions>
		<port_tx_errors>
			<start>0</start>
			<end>0</end>
		</port_tx_errors>
		<port_rx_dropped>
			<start>0</start>
			<end>0</end>
		</port_rx_dropped>
		<port_tx_dropped_link_down>
			<start>0</start>
			<end>0</end>
		</port_tx_dropped_link_down>
	</ethtool_statistic>
	<ip_statistic>
		<mtu>
			<start>9000</start>
			<end>9000</end>
		</mtu>
		<rx_bytes>
			<start>31264655981281</start>
			<end>31330871134283</end>
		</rx_bytes>
		<rx_packets>
			<start>3477836413</start>
			<end>3485209241</end>
		</rx_packets>
		<rx_errors>
			<start>0</start>
			<end>0</end>
		</rx_errors>
		<rx_dropped>
			<start>0</start>
			<end>0</end>
		</rx_dropped>
		<rx_missed>
			<start>0</start>
			<end>0</end>
		</rx_missed>
		<rx_mcast>
			<start>747</start>
			<end>753</end>
		</rx_mcast>
		<tx_bytes>
			<start>20833357472045</start>
			<end>21029788723727</end>
		</tx_bytes>
		<tx_packets>
			<start>3639516087</start>
			<end>3663157520</end>
		</tx_packets>
		<tx_errors>
			<start>0</start>
			<end>0</end>
		</tx_errors>
		<tx_dropped>
			<start>0</start>
			<end>0</end>
		</tx_dropped>
		<tx_carrier>
			<start>0</start>
			<end>0</end>
		</tx_carrier>
		<tx_collisions>
			<start>0</start>
			<end>0</end>
		</tx_collisions>
	</ip_statistic>
	<netstat_statistic>
		<udp_pkg_rec>
			<start>3283365087</start>
			<end>3290445157</end>
		</udp_pkg_rec>
		<udp_pkg_snt>
			<start>3639841899</start>
			<end>3646666307</end>
		</udp_pkg_snt>
		<udp_rec_err>
			<start>194779677</start>
			<end>195068432</end>
		</udp_rec_err>
		<udp_rec_buf_err>
			<start>194779677</start>
			<end>195068432</end>
		</udp_rec_buf_err>
		<udp_snt_buf_err>
			<start>0</start>
			<end>0</end>
		</udp_snt_buf_err>
	</netstat_statistic>
</test_results>
