<?xml version="1.0"?>
<test_results>
	<status>STATUS_SUCCESS</status>
	<custom>
		<num_loss>0</num_loss>
		<num_total>7189351</num_total>
		<num_misses>6140157</num_misses>
	</custom>
	<ethtool_statistic>
		<rx_packets>
			<start>506484077</start>
			<end>599860319</end>
		</rx_packets>
		<tx_packets>
			<start>8119568272</start>
			<end>8169893763</end>
		</tx_packets>
		<rx_dropped>
			<start>0</start>
			<end>0</end>
		</rx_dropped>
		<tx_dropped>
			<start>0</start>
			<end>0</end>
		</tx_dropped>
		<collisions>
			<start>0</start>
			<end>0</end>
		</collisions>
		<port_tx_errors>
			<start>-1</start>
			<end>-1</end>
		</port_tx_errors>
		<port_rx_dropped>
			<start>-1</start>
			<end>-1</end>
		</port_rx_dropped>
		<port_tx_dropped_link_down>
			<start>-1</start>
			<end>-1</end>
		</port_tx_dropped_link_down>
	</ethtool_statistic>
	<ip_statistic>
		<mtu>
			<start>1500</start>
			<end>1500</end>
		</mtu>
		<rx_bytes>
			<start>661717414666</start>
			<end>783718795256</end>
		</rx_bytes>
		<rx_packets>
			<start>506485704</start>
			<end>599862095</end>
		</rx_packets>
		<rx_errors>
			<start>0</start>
			<end>0</end>
		</rx_errors>
		<rx_dropped>
			<start>0</start>
			<end>0</end>
		</rx_dropped>
		<rx_missed>
			<start>32960</start>
			<end>41363</end>
		</rx_missed>
		<rx_mcast>
			<start>4726</start>
			<end>4728</end>
		</rx_mcast>
		<tx_bytes>
			<start>10635507310488</start>
			<end>10701261129516</end>
		</tx_bytes>
		<tx_packets>
			<start>8119568272</start>
			<end>8169893763</end>
		</tx_packets>
		<tx_errors>
			<start>0</start>
			<end>0</end>
		</tx_errors>
		<tx_dropped>
			<start>0</start>
			<end>0</end>
		</tx_dropped>
		<tx_carrier>
			<start>0</start>
			<end>0</end>
		</tx_carrier>
		<tx_collisions>
			<start>0</start>
			<end>0</end>
		</tx_collisions>
	</ip_statistic>
</test_results>
