<?xml version="1.0"?>
<test_results>
	<status>STATUS_SUCCESS</status>
	<custom>
		<num_loss>4017078</num_loss>
		<num_total>5000001</num_total>
		<num_misses>15</num_misses>
		<elapsed_time>799.994600</elapsed_time>
		<query>
			<report>
				<misses>100000</misses>
				<total>68402</total>
				<timestamp>16.000951</timestamp>
			</report>
			<report>
				<misses>200000</misses>
				<total>147241</total>
				<timestamp>32.001491</timestamp>
			</report>
			<report>
				<misses>300000</misses>
				<total>243883</total>
				<timestamp>48.001485</timestamp>
			</report>
			<report>
				<misses>400000</misses>
				<total>314234</total>
				<timestamp>64.001296</timestamp>
			</report>
			<report>
				<misses>500000</misses>
				<total>414233</total>
				<timestamp>80.001122</timestamp>
			</report>
			<report>
				<misses>600000</misses>
				<total>482875</total>
				<timestamp>96.000982</timestamp>
			</report>
			<report>
				<misses>700000</misses>
				<total>576082</total>
				<timestamp>112.000883</timestamp>
			</report>
			<report>
				<misses>800000</misses>
				<total>658922</total>
				<timestamp>128.000651</timestamp>
			</report>
			<report>
				<misses>900000</misses>
				<total>736215</total>
				<timestamp>144.000476</timestamp>
			</report>
			<report>
				<misses>1000000</misses>
				<total>827989</total>
				<timestamp>160.000375</timestamp>
			</report>
			<report>
				<misses>1100000</misses>
				<total>889991</total>
				<timestamp>176.000190</timestamp>
			</report>
			<report>
				<misses>1200000</misses>
				<total>989166</total>
				<timestamp>192.000040</timestamp>
			</report>
			<report>
				<misses>1300000</misses>
				<total>1048855</total>
				<timestamp>207.999835</timestamp>
			</report>
			<report>
				<misses>1400000</misses>
				<total>1138853</total>
				<timestamp>223.999781</timestamp>
			</report>
			<report>
				<misses>1500000</misses>
				<total>1185174</total>
				<timestamp>239.999527</timestamp>
			</report>
			<report>
				<misses>1600000</misses>
				<total>1256880</total>
				<timestamp>255.999491</timestamp>
			</report>
			<report>
				<misses>1700000</misses>
				<total>1356601</total>
				<timestamp>271.999210</timestamp>
			</report>
			<report>
				<misses>1800000</misses>
				<total>1423464</total>
				<timestamp>287.999112</timestamp>
			</report>
			<report>
				<misses>1900000</misses>
				<total>1523463</total>
				<timestamp>303.998935</timestamp>
			</report>
			<report>
				<misses>2000000</misses>
				<total>1589957</total>
				<timestamp>319.998717</timestamp>
			</report>
			<report>
				<misses>2100000</misses>
				<total>1680308</total>
				<timestamp>335.998609</timestamp>
			</report>
			<report>
				<misses>2200000</misses>
				<total>1763606</total>
				<timestamp>351.998631</timestamp>
			</report>
			<report>
				<misses>2300000</misses>
				<total>1847221</total>
				<timestamp>367.998435</timestamp>
			</report>
			<report>
				<misses>2400000</misses>
				<total>1922011</total>
				<timestamp>383.998288</timestamp>
			</report>
			<report>
				<misses>2500000</misses>
				<total>1991827</total>
				<timestamp>399.998099</timestamp>
			</report>
			<report>
				<misses>2600000</misses>
				<total>2089130</total>
				<timestamp>415.997934</timestamp>
			</report>
			<report>
				<misses>2700000</misses>
				<total>2151519</total>
				<timestamp>431.997766</timestamp>
			</report>
			<report>
				<misses>2800000</misses>
				<total>2250347</total>
				<timestamp>447.997589</timestamp>
			</report>
			<report>
				<misses>2900000</misses>
				<total>2301791</total>
				<timestamp>463.997487</timestamp>
			</report>
			<report>
				<misses>3000000</misses>
				<total>2378568</total>
				<timestamp>479.997284</timestamp>
			</report>
			<report>
				<misses>3100000</misses>
				<total>2467612</total>
				<timestamp>495.997112</timestamp>
			</report>
			<report>
				<misses>3200000</misses>
				<total>2535669</total>
				<timestamp>511.997138</timestamp>
			</report>
			<report>
				<misses>3300000</misses>
				<total>2635668</total>
				<timestamp>527.996982</timestamp>
			</report>
			<report>
				<misses>3400000</misses>
				<total>2704879</total>
				<timestamp>543.997035</timestamp>
			</report>
			<report>
				<misses>3500000</misses>
				<total>2801602</total>
				<timestamp>559.996802</timestamp>
			</report>
			<report>
				<misses>3600000</misses>
				<total>2875534</total>
				<timestamp>575.996820</timestamp>
			</report>
			<report>
				<misses>3700000</misses>
				<total>2948486</total>
				<timestamp>591.996647</timestamp>
			</report>
			<report>
				<misses>3800000</misses>
				<total>3041935</total>
				<timestamp>607.996514</timestamp>
			</report>
			<report>
				<misses>3900000</misses>
				<total>3109520</total>
				<timestamp>623.996401</timestamp>
			</report>
			<report>
				<misses>4000000</misses>
				<total>3209519</total>
				<timestamp>639.996164</timestamp>
			</report>
			<report>
				<misses>4100000</misses>
				<total>3280879</total>
				<timestamp>655.996018</timestamp>
			</report>
			<report>
				<misses>4200000</misses>
				<total>3370752</total>
				<timestamp>671.995850</timestamp>
			</report>
			<report>
				<misses>4300000</misses>
				<total>3442694</total>
				<timestamp>687.995674</timestamp>
			</report>
			<report>
				<misses>4400000</misses>
				<total>3516071</total>
				<timestamp>703.995576</timestamp>
			</report>
			<report>
				<misses>4500000</misses>
				<total>3601351</total>
				<timestamp>719.995395</timestamp>
			</report>
			<report>
				<misses>4600000</misses>
				<total>3674877</total>
				<timestamp>735.995326</timestamp>
			</report>
			<report>
				<misses>4700000</misses>
				<total>3774876</total>
				<timestamp>751.995028</timestamp>
			</report>
			<report>
				<misses>4800000</misses>
				<total>3847410</total>
				<timestamp>767.994885</timestamp>
			</report>
			<report>
				<misses>4900000</misses>
				<total>3940644</total>
				<timestamp>783.994773</timestamp>
			</report>
			<report>
				<misses>5000000</misses>
				<total>4017078</total>
				<timestamp>799.994579</timestamp>
			</report>
		</query>
	</custom>
	<ethtool_statistic>
		<rx_packets>
			<start>3887008719</start>
			<end>3924487581</end>
		</rx_packets>
		<tx_packets>
			<start>5067692380</start>
			<end>5130180648</end>
		</tx_packets>
		<rx_dropped>
			<start>0</start>
			<end>0</end>
		</rx_dropped>
		<tx_dropped>
			<start>0</start>
			<end>0</end>
		</tx_dropped>
		<collisions>
			<start>0</start>
			<end>0</end>
		</collisions>
		<port_tx_errors>
			<start>0</start>
			<end>0</end>
		</port_tx_errors>
		<port_rx_dropped>
			<start>0</start>
			<end>0</end>
		</port_rx_dropped>
		<port_tx_dropped_link_down>
			<start>0</start>
			<end>0</end>
		</port_tx_dropped_link_down>
	</ethtool_statistic>
	<ip_statistic>
		<mtu>
			<start>9000</start>
			<end>9000</end>
		</mtu>
		<rx_bytes>
			<start>34942858779492</start>
			<end>35279787314025</end>
		</rx_bytes>
		<rx_packets>
			<start>3887008805</start>
			<end>3924487741</end>
		</rx_packets>
		<rx_errors>
			<start>0</start>
			<end>0</end>
		</rx_errors>
		<rx_dropped>
			<start>0</start>
			<end>0</end>
		</rx_dropped>
		<rx_missed>
			<start>0</start>
			<end>0</end>
		</rx_missed>
		<rx_mcast>
			<start>1104</start>
			<end>1116</end>
		</rx_mcast>
		<tx_bytes>
			<start>32690851527504</start>
			<end>33219418470604</end>
		</tx_bytes>
		<tx_packets>
			<start>5067692408</start>
			<end>5130180702</end>
		</tx_packets>
		<tx_errors>
			<start>0</start>
			<end>0</end>
		</tx_errors>
		<tx_dropped>
			<start>0</start>
			<end>0</end>
		</tx_dropped>
		<tx_carrier>
			<start>0</start>
			<end>0</end>
		</tx_carrier>
		<tx_collisions>
			<start>0</start>
			<end>0</end>
		</tx_collisions>
	</ip_statistic>
	<netstat_statistic>
		<udp_pkg_rec>
			<start>3671916585</start>
			<end>3707661778</end>
		</udp_pkg_rec>
		<udp_pkg_snt>
			<start>4033698159</start>
			<end>4061192755</end>
		</udp_pkg_snt>
		<udp_rec_err>
			<start>215506379</start>
			<end>217243628</end>
		</udp_rec_err>
		<udp_rec_buf_err>
			<start>215506379</start>
			<end>217243628</end>
		</udp_rec_buf_err>
		<udp_snt_buf_err>
			<start>0</start>
			<end>0</end>
		</udp_snt_buf_err>
	</netstat_statistic>
</test_results>
