<?xml version="1.0"?>
<test_results>
	<status>STATUS_SUCCESS</status>
	<custom>
		<num_loss>12</num_loss>
		<num_total>55354511</num_total>
		<num_misses>1384633551</num_misses>
		<elapsed_time>3599.968773</elapsed_time>
		<query>
			<report>
				<misses>100001</misses>
				<total>2</total>
				<timestamp>6.389901</timestamp>
			</report>
			<report>
				<misses>200001</misses>
				<total>2</total>
				<timestamp>12.841371</timestamp>
			</report>
			<report>
				<misses>300001</misses>
				<total>1</total>
				<timestamp>19.241611</timestamp>
			</report>
			<report>
				<misses>400001</misses>
				<total>2</total>
				<timestamp>25.688416</timestamp>
			</report>
			<report>
				<misses>500001</misses>
				<total>2</total>
				<timestamp>32.059685</timestamp>
			</report>
			<report>
				<misses>600001</misses>
				<total>2</total>
				<timestamp>38.491039</timestamp>
			</report>
			<report>
				<misses>700001</misses>
				<total>1</total>
				<timestamp>44.955699</timestamp>
			</report>
			<report>
				<misses>800001</misses>
				<total>2</total>
				<timestamp>51.387946</timestamp>
			</report>
			<report>
				<misses>900001</misses>
				<total>2</total>
				<timestamp>57.813943</timestamp>
			</report>
			<report>
				<misses>1000001</misses>
				<total>1</total>
				<timestamp>64.284413</timestamp>
			</report>
			<report>
				<misses>1100001</misses>
				<total>2</total>
				<timestamp>70.742872</timestamp>
			</report>
			<report>
				<misses>1200001</misses>
				<total>0</total>
				<timestamp>77.404862</timestamp>
			</report>
			<report>
				<misses>1300001</misses>
				<total>1</total>
				<timestamp>83.886885</timestamp>
			</report>
			<report>
				<misses>1400001</misses>
				<total>0</total>
				<timestamp>90.268634</timestamp>
			</report>
			<report>
				<misses>1500001</misses>
				<total>1</total>
				<timestamp>96.681673</timestamp>
			</report>
			<report>
				<misses>1600001</misses>
				<total>2</total>
				<timestamp>103.087914</timestamp>
			</report>
			<report>
				<misses>1700001</misses>
				<total>2</total>
				<timestamp>109.525568</timestamp>
			</report>
			<report>
				<misses>1800001</misses>
				<total>1</total>
				<timestamp>115.944126</timestamp>
			</report>
			<report>
				<misses>1900001</misses>
				<total>2</total>
				<timestamp>122.343426</timestamp>
			</report>
			<report>
				<misses>2000001</misses>
				<total>2</total>
				<timestamp>128.759014</timestamp>
			</report>
			<report>
				<misses>2100001</misses>
				<total>1</total>
				<timestamp>135.157080</timestamp>
			</report>
			<report>
				<misses>2200001</misses>
				<total>2</total>
				<timestamp>141.652667</timestamp>
			</report>
			<report>
				<misses>2300001</misses>
				<total>1</total>
				<timestamp>148.227794</timestamp>
			</report>
			<report>
				<misses>2400001</misses>
				<total>1</total>
				<timestamp>154.789185</timestamp>
			</report>
			<report>
				<misses>2500001</misses>
				<total>2</total>
				<timestamp>161.372745</timestamp>
			</report>
			<report>
				<misses>2600001</misses>
				<total>2</total>
				<timestamp>167.832042</timestamp>
			</report>
			<report>
				<misses>2700001</misses>
				<total>2</total>
				<timestamp>174.241026</timestamp>
			</report>
			<report>
				<misses>2800001</misses>
				<total>1</total>
				<timestamp>180.663455</timestamp>
			</report>
			<report>
				<misses>2900001</misses>
				<total>1</total>
				<timestamp>187.253010</timestamp>
			</report>
			<report>
				<misses>3000001</misses>
				<total>1</total>
				<timestamp>193.950543</timestamp>
			</report>
			<report>
				<misses>3100001</misses>
				<total>1</total>
				<timestamp>200.587316</timestamp>
			</report>
			<report>
				<misses>3200001</misses>
				<total>2</total>
				<timestamp>207.150116</timestamp>
			</report>
			<report>
				<misses>3300001</misses>
				<total>2</total>
				<timestamp>213.686610</timestamp>
			</report>
			<report>
				<misses>3400001</misses>
				<total>0</total>
				<timestamp>220.274992</timestamp>
			</report>
			<report>
				<misses>3500001</misses>
				<total>1</total>
				<timestamp>226.758577</timestamp>
			</report>
			<report>
				<misses>3600001</misses>
				<total>2</total>
				<timestamp>233.181442</timestamp>
			</report>
			<report>
				<misses>3700001</misses>
				<total>2</total>
				<timestamp>239.713756</timestamp>
			</report>
			<report>
				<misses>3800001</misses>
				<total>1</total>
				<timestamp>246.273372</timestamp>
			</report>
			<report>
				<misses>3900001</misses>
				<total>2</total>
				<timestamp>252.877082</timestamp>
			</report>
			<report>
				<misses>4000001</misses>
				<total>2</total>
				<timestamp>259.428251</timestamp>
			</report>
			<report>
				<misses>4100001</misses>
				<total>1</total>
				<timestamp>266.067686</timestamp>
			</report>
			<report>
				<misses>4200001</misses>
				<total>2</total>
				<timestamp>272.654953</timestamp>
			</report>
			<report>
				<misses>4300001</misses>
				<total>1</total>
				<timestamp>279.178429</timestamp>
			</report>
			<report>
				<misses>4400001</misses>
				<total>1</total>
				<timestamp>285.651414</timestamp>
			</report>
			<report>
				<misses>4500001</misses>
				<total>1</total>
				<timestamp>292.150389</timestamp>
			</report>
			<report>
				<misses>4600001</misses>
				<total>1</total>
				<timestamp>298.560405</timestamp>
			</report>
			<report>
				<misses>4700001</misses>
				<total>1</total>
				<timestamp>304.975178</timestamp>
			</report>
			<report>
				<misses>4800001</misses>
				<total>1</total>
				<timestamp>311.427088</timestamp>
			</report>
			<report>
				<misses>4900001</misses>
				<total>1</total>
				<timestamp>318.022724</timestamp>
			</report>
			<report>
				<misses>5000001</misses>
				<total>1</total>
				<timestamp>324.539930</timestamp>
			</report>
			<report>
				<misses>5100001</misses>
				<total>1</total>
				<timestamp>331.000557</timestamp>
			</report>
			<report>
				<misses>5200001</misses>
				<total>2</total>
				<timestamp>337.412884</timestamp>
			</report>
			<report>
				<misses>5300001</misses>
				<total>2</total>
				<timestamp>343.921635</timestamp>
			</report>
			<report>
				<misses>5400001</misses>
				<total>2</total>
				<timestamp>350.508867</timestamp>
			</report>
			<report>
				<misses>5500001</misses>
				<total>2</total>
				<timestamp>357.136083</timestamp>
			</report>
			<report>
				<misses>5600001</misses>
				<total>3</total>
				<timestamp>363.685930</timestamp>
			</report>
			<report>
				<misses>5700001</misses>
				<total>2</total>
				<timestamp>370.101881</timestamp>
			</report>
			<report>
				<misses>5800001</misses>
				<total>1</total>
				<timestamp>376.767244</timestamp>
			</report>
			<report>
				<misses>5900001</misses>
				<total>2</total>
				<timestamp>383.180411</timestamp>
			</report>
			<report>
				<misses>6000001</misses>
				<total>2</total>
				<timestamp>389.687149</timestamp>
			</report>
			<report>
				<misses>6100001</misses>
				<total>3</total>
				<timestamp>396.342560</timestamp>
			</report>
			<report>
				<misses>6200001</misses>
				<total>2</total>
				<timestamp>402.897891</timestamp>
			</report>
			<report>
				<misses>6300001</misses>
				<total>3</total>
				<timestamp>409.429449</timestamp>
			</report>
			<report>
				<misses>6400001</misses>
				<total>1</total>
				<timestamp>416.093389</timestamp>
			</report>
			<report>
				<misses>6500001</misses>
				<total>2</total>
				<timestamp>422.560735</timestamp>
			</report>
			<report>
				<misses>6600001</misses>
				<total>1</total>
				<timestamp>429.284177</timestamp>
			</report>
			<report>
				<misses>6700001</misses>
				<total>1</total>
				<timestamp>435.747327</timestamp>
			</report>
			<report>
				<misses>6800001</misses>
				<total>2</total>
				<timestamp>442.176794</timestamp>
			</report>
			<report>
				<misses>6900001</misses>
				<total>2</total>
				<timestamp>448.630446</timestamp>
			</report>
			<report>
				<misses>7000001</misses>
				<total>1</total>
				<timestamp>455.048525</timestamp>
			</report>
			<report>
				<misses>7100001</misses>
				<total>2</total>
				<timestamp>461.443910</timestamp>
			</report>
			<report>
				<misses>7200001</misses>
				<total>2</total>
				<timestamp>467.907793</timestamp>
			</report>
			<report>
				<misses>7300001</misses>
				<total>1</total>
				<timestamp>474.303267</timestamp>
			</report>
			<report>
				<misses>7400001</misses>
				<total>1</total>
				<timestamp>480.773403</timestamp>
			</report>
			<report>
				<misses>7500001</misses>
				<total>2</total>
				<timestamp>487.366709</timestamp>
			</report>
			<report>
				<misses>7600001</misses>
				<total>2</total>
				<timestamp>493.944204</timestamp>
			</report>
			<report>
				<misses>7700001</misses>
				<total>2</total>
				<timestamp>500.473576</timestamp>
			</report>
			<report>
				<misses>7800001</misses>
				<total>2</total>
				<timestamp>507.123114</timestamp>
			</report>
			<report>
				<misses>7900001</misses>
				<total>2</total>
				<timestamp>513.751437</timestamp>
			</report>
			<report>
				<misses>8000001</misses>
				<total>1</total>
				<timestamp>520.402308</timestamp>
			</report>
			<report>
				<misses>8100001</misses>
				<total>1</total>
				<timestamp>526.904542</timestamp>
			</report>
			<report>
				<misses>8200001</misses>
				<total>2</total>
				<timestamp>533.409849</timestamp>
			</report>
			<report>
				<misses>8300001</misses>
				<total>1</total>
				<timestamp>539.921005</timestamp>
			</report>
			<report>
				<misses>8400001</misses>
				<total>2</total>
				<timestamp>546.517907</timestamp>
			</report>
			<report>
				<misses>8500001</misses>
				<total>0</total>
				<timestamp>553.037953</timestamp>
			</report>
			<report>
				<misses>8600001</misses>
				<total>2</total>
				<timestamp>559.564078</timestamp>
			</report>
			<report>
				<misses>8700001</misses>
				<total>2</total>
				<timestamp>566.071872</timestamp>
			</report>
			<report>
				<misses>8800001</misses>
				<total>1</total>
				<timestamp>572.764298</timestamp>
			</report>
			<report>
				<misses>8900001</misses>
				<total>1</total>
				<timestamp>579.181555</timestamp>
			</report>
			<report>
				<misses>9000001</misses>
				<total>3</total>
				<timestamp>585.604902</timestamp>
			</report>
			<report>
				<misses>9100001</misses>
				<total>1</total>
				<timestamp>592.210824</timestamp>
			</report>
			<report>
				<misses>9200001</misses>
				<total>2</total>
				<timestamp>598.643735</timestamp>
			</report>
			<report>
				<misses>9300001</misses>
				<total>1</total>
				<timestamp>605.132158</timestamp>
			</report>
			<report>
				<misses>9400001</misses>
				<total>1</total>
				<timestamp>611.546576</timestamp>
			</report>
			<report>
				<misses>9500001</misses>
				<total>2</total>
				<timestamp>617.999382</timestamp>
			</report>
			<report>
				<misses>9600001</misses>
				<total>1</total>
				<timestamp>624.515884</timestamp>
			</report>
			<report>
				<misses>9700001</misses>
				<total>1</total>
				<timestamp>631.161378</timestamp>
			</report>
			<report>
				<misses>9800001</misses>
				<total>2</total>
				<timestamp>637.696313</timestamp>
			</report>
			<report>
				<misses>9900001</misses>
				<total>1</total>
				<timestamp>644.203960</timestamp>
			</report>
			<report>
				<misses>10000001</misses>
				<total>2</total>
				<timestamp>650.651232</timestamp>
			</report>
			<report>
				<misses>10100001</misses>
				<total>1</total>
				<timestamp>657.111023</timestamp>
			</report>
			<report>
				<misses>10200001</misses>
				<total>2</total>
				<timestamp>663.571562</timestamp>
			</report>
			<report>
				<misses>10300001</misses>
				<total>1</total>
				<timestamp>670.088072</timestamp>
			</report>
			<report>
				<misses>10400001</misses>
				<total>1</total>
				<timestamp>676.540457</timestamp>
			</report>
			<report>
				<misses>10500001</misses>
				<total>1</total>
				<timestamp>682.937098</timestamp>
			</report>
			<report>
				<misses>10600001</misses>
				<total>1</total>
				<timestamp>689.372665</timestamp>
			</report>
			<report>
				<misses>10700001</misses>
				<total>0</total>
				<timestamp>695.827213</timestamp>
			</report>
			<report>
				<misses>10800001</misses>
				<total>2</total>
				<timestamp>702.249485</timestamp>
			</report>
			<report>
				<misses>10900001</misses>
				<total>1</total>
				<timestamp>708.782481</timestamp>
			</report>
			<report>
				<misses>11000001</misses>
				<total>2</total>
				<timestamp>715.269190</timestamp>
			</report>
			<report>
				<misses>11100001</misses>
				<total>1</total>
				<timestamp>721.910264</timestamp>
			</report>
			<report>
				<misses>11200001</misses>
				<total>2</total>
				<timestamp>728.482586</timestamp>
			</report>
			<report>
				<misses>11300001</misses>
				<total>2</total>
				<timestamp>734.848363</timestamp>
			</report>
			<report>
				<misses>11400001</misses>
				<total>0</total>
				<timestamp>741.381309</timestamp>
			</report>
			<report>
				<misses>11500001</misses>
				<total>1</total>
				<timestamp>747.917077</timestamp>
			</report>
			<report>
				<misses>11600001</misses>
				<total>1</total>
				<timestamp>754.316442</timestamp>
			</report>
			<report>
				<misses>11700001</misses>
				<total>1</total>
				<timestamp>760.695520</timestamp>
			</report>
			<report>
				<misses>11800001</misses>
				<total>1</total>
				<timestamp>767.104569</timestamp>
			</report>
			<report>
				<misses>11900001</misses>
				<total>2</total>
				<timestamp>773.525220</timestamp>
			</report>
			<report>
				<misses>12000001</misses>
				<total>1</total>
				<timestamp>779.967566</timestamp>
			</report>
			<report>
				<misses>12100001</misses>
				<total>1</total>
				<timestamp>786.383348</timestamp>
			</report>
			<report>
				<misses>12200001</misses>
				<total>1</total>
				<timestamp>792.775594</timestamp>
			</report>
			<report>
				<misses>12300001</misses>
				<total>2</total>
				<timestamp>799.228412</timestamp>
			</report>
			<report>
				<misses>12400001</misses>
				<total>2</total>
				<timestamp>805.638735</timestamp>
			</report>
			<report>
				<misses>12500001</misses>
				<total>1</total>
				<timestamp>812.071398</timestamp>
			</report>
			<report>
				<misses>12600001</misses>
				<total>0</total>
				<timestamp>818.516193</timestamp>
			</report>
			<report>
				<misses>12700001</misses>
				<total>2</total>
				<timestamp>824.918672</timestamp>
			</report>
			<report>
				<misses>12800001</misses>
				<total>1</total>
				<timestamp>831.357676</timestamp>
			</report>
			<report>
				<misses>12900001</misses>
				<total>1</total>
				<timestamp>837.824889</timestamp>
			</report>
			<report>
				<misses>13000001</misses>
				<total>3</total>
				<timestamp>844.268854</timestamp>
			</report>
			<report>
				<misses>13100001</misses>
				<total>1</total>
				<timestamp>850.871404</timestamp>
			</report>
			<report>
				<misses>13200001</misses>
				<total>1</total>
				<timestamp>857.407747</timestamp>
			</report>
			<report>
				<misses>13300001</misses>
				<total>1</total>
				<timestamp>863.997120</timestamp>
			</report>
			<report>
				<misses>13400001</misses>
				<total>1</total>
				<timestamp>870.610449</timestamp>
			</report>
			<report>
				<misses>13500001</misses>
				<total>1</total>
				<timestamp>877.217547</timestamp>
			</report>
			<report>
				<misses>13600001</misses>
				<total>1</total>
				<timestamp>883.628356</timestamp>
			</report>
			<report>
				<misses>13700001</misses>
				<total>2</total>
				<timestamp>890.019307</timestamp>
			</report>
			<report>
				<misses>13800001</misses>
				<total>1</total>
				<timestamp>896.446748</timestamp>
			</report>
			<report>
				<misses>13900001</misses>
				<total>2</total>
				<timestamp>902.854184</timestamp>
			</report>
			<report>
				<misses>14000001</misses>
				<total>2</total>
				<timestamp>909.274270</timestamp>
			</report>
			<report>
				<misses>14100001</misses>
				<total>2</total>
				<timestamp>915.723890</timestamp>
			</report>
			<report>
				<misses>14200001</misses>
				<total>1</total>
				<timestamp>922.183993</timestamp>
			</report>
			<report>
				<misses>14300001</misses>
				<total>2</total>
				<timestamp>928.639898</timestamp>
			</report>
			<report>
				<misses>14400001</misses>
				<total>1</total>
				<timestamp>935.072866</timestamp>
			</report>
			<report>
				<misses>14500001</misses>
				<total>2</total>
				<timestamp>941.485873</timestamp>
			</report>
			<report>
				<misses>14600001</misses>
				<total>0</total>
				<timestamp>947.858644</timestamp>
			</report>
			<report>
				<misses>14700001</misses>
				<total>1</total>
				<timestamp>954.319791</timestamp>
			</report>
			<report>
				<misses>14800001</misses>
				<total>1</total>
				<timestamp>961.022460</timestamp>
			</report>
			<report>
				<misses>14900001</misses>
				<total>1</total>
				<timestamp>967.584055</timestamp>
			</report>
			<report>
				<misses>15000001</misses>
				<total>1</total>
				<timestamp>974.177260</timestamp>
			</report>
			<report>
				<misses>15100001</misses>
				<total>1</total>
				<timestamp>980.608785</timestamp>
			</report>
			<report>
				<misses>15200001</misses>
				<total>0</total>
				<timestamp>987.085600</timestamp>
			</report>
			<report>
				<misses>15300001</misses>
				<total>2</total>
				<timestamp>993.666843</timestamp>
			</report>
			<report>
				<misses>15400001</misses>
				<total>1</total>
				<timestamp>1000.068314</timestamp>
			</report>
			<report>
				<misses>15500001</misses>
				<total>1</total>
				<timestamp>1006.483248</timestamp>
			</report>
			<report>
				<misses>15600001</misses>
				<total>1</total>
				<timestamp>1012.926846</timestamp>
			</report>
			<report>
				<misses>15700001</misses>
				<total>2</total>
				<timestamp>1019.338007</timestamp>
			</report>
			<report>
				<misses>15800001</misses>
				<total>0</total>
				<timestamp>1025.917602</timestamp>
			</report>
			<report>
				<misses>15900001</misses>
				<total>2</total>
				<timestamp>1032.435188</timestamp>
			</report>
			<report>
				<misses>16000001</misses>
				<total>1</total>
				<timestamp>1038.879669</timestamp>
			</report>
			<report>
				<misses>16100001</misses>
				<total>2</total>
				<timestamp>1045.581911</timestamp>
			</report>
			<report>
				<misses>16200001</misses>
				<total>1</total>
				<timestamp>1052.093013</timestamp>
			</report>
			<report>
				<misses>16300001</misses>
				<total>1</total>
				<timestamp>1058.594595</timestamp>
			</report>
			<report>
				<misses>16400001</misses>
				<total>1</total>
				<timestamp>1065.074693</timestamp>
			</report>
			<report>
				<misses>16500001</misses>
				<total>1</total>
				<timestamp>1071.796817</timestamp>
			</report>
			<report>
				<misses>16600001</misses>
				<total>1</total>
				<timestamp>1078.359943</timestamp>
			</report>
			<report>
				<misses>16700001</misses>
				<total>1</total>
				<timestamp>1084.853930</timestamp>
			</report>
			<report>
				<misses>16800001</misses>
				<total>1</total>
				<timestamp>1091.338799</timestamp>
			</report>
			<report>
				<misses>16900001</misses>
				<total>1</total>
				<timestamp>1097.867154</timestamp>
			</report>
			<report>
				<misses>17000001</misses>
				<total>1</total>
				<timestamp>1104.379833</timestamp>
			</report>
			<report>
				<misses>17100001</misses>
				<total>1</total>
				<timestamp>1110.927903</timestamp>
			</report>
			<report>
				<misses>17200001</misses>
				<total>2</total>
				<timestamp>1117.424598</timestamp>
			</report>
			<report>
				<misses>17300001</misses>
				<total>1</total>
				<timestamp>1123.856603</timestamp>
			</report>
			<report>
				<misses>17400001</misses>
				<total>2</total>
				<timestamp>1130.274537</timestamp>
			</report>
			<report>
				<misses>17500001</misses>
				<total>1</total>
				<timestamp>1136.665197</timestamp>
			</report>
			<report>
				<misses>17600001</misses>
				<total>1</total>
				<timestamp>1143.086825</timestamp>
			</report>
			<report>
				<misses>17700001</misses>
				<total>1</total>
				<timestamp>1149.565349</timestamp>
			</report>
			<report>
				<misses>17800001</misses>
				<total>1</total>
				<timestamp>1156.107307</timestamp>
			</report>
			<report>
				<misses>17900001</misses>
				<total>2</total>
				<timestamp>1162.630233</timestamp>
			</report>
			<report>
				<misses>18000001</misses>
				<total>2</total>
				<timestamp>1169.197133</timestamp>
			</report>
			<report>
				<misses>18100001</misses>
				<total>2</total>
				<timestamp>1175.812977</timestamp>
			</report>
			<report>
				<misses>18200001</misses>
				<total>1</total>
				<timestamp>1182.357982</timestamp>
			</report>
			<report>
				<misses>18300001</misses>
				<total>2</total>
				<timestamp>1188.985019</timestamp>
			</report>
			<report>
				<misses>18400001</misses>
				<total>1</total>
				<timestamp>1195.482163</timestamp>
			</report>
			<report>
				<misses>18500001</misses>
				<total>2</total>
				<timestamp>1201.979289</timestamp>
			</report>
			<report>
				<misses>18600001</misses>
				<total>2</total>
				<timestamp>1208.461833</timestamp>
			</report>
			<report>
				<misses>18700001</misses>
				<total>2</total>
				<timestamp>1215.085394</timestamp>
			</report>
			<report>
				<misses>18800001</misses>
				<total>2</total>
				<timestamp>1221.476155</timestamp>
			</report>
			<report>
				<misses>18900001</misses>
				<total>1</total>
				<timestamp>1227.931266</timestamp>
			</report>
			<report>
				<misses>19000001</misses>
				<total>2</total>
				<timestamp>1234.458777</timestamp>
			</report>
			<report>
				<misses>19100001</misses>
				<total>2</total>
				<timestamp>1241.074880</timestamp>
			</report>
			<report>
				<misses>19200001</misses>
				<total>1</total>
				<timestamp>1247.479471</timestamp>
			</report>
			<report>
				<misses>19300001</misses>
				<total>2</total>
				<timestamp>1254.048394</timestamp>
			</report>
			<report>
				<misses>19400001</misses>
				<total>0</total>
				<timestamp>1260.580864</timestamp>
			</report>
			<report>
				<misses>19500001</misses>
				<total>2</total>
				<timestamp>1267.096251</timestamp>
			</report>
			<report>
				<misses>19600001</misses>
				<total>1</total>
				<timestamp>1273.716203</timestamp>
			</report>
			<report>
				<misses>19700001</misses>
				<total>7</total>
				<timestamp>1280.314397</timestamp>
			</report>
			<report>
				<misses>19800001</misses>
				<total>6</total>
				<timestamp>1286.866795</timestamp>
			</report>
			<report>
				<misses>19900001</misses>
				<total>6</total>
				<timestamp>1293.531033</timestamp>
			</report>
			<report>
				<misses>20000001</misses>
				<total>6</total>
				<timestamp>1300.005797</timestamp>
			</report>
			<report>
				<misses>20100001</misses>
				<total>7</total>
				<timestamp>1306.481408</timestamp>
			</report>
			<report>
				<misses>20200001</misses>
				<total>9</total>
				<timestamp>1313.119191</timestamp>
			</report>
			<report>
				<misses>20300001</misses>
				<total>11</total>
				<timestamp>1319.694464</timestamp>
			</report>
			<report>
				<misses>20400001</misses>
				<total>10</total>
				<timestamp>1326.091220</timestamp>
			</report>
			<report>
				<misses>20500001</misses>
				<total>13</total>
				<timestamp>1332.522676</timestamp>
			</report>
			<report>
				<misses>20600001</misses>
				<total>14</total>
				<timestamp>1338.961039</timestamp>
			</report>
			<report>
				<misses>20700001</misses>
				<total>14</total>
				<timestamp>1345.408321</timestamp>
			</report>
			<report>
				<misses>20800001</misses>
				<total>13</total>
				<timestamp>1351.847619</timestamp>
			</report>
			<report>
				<misses>20900001</misses>
				<total>13</total>
				<timestamp>1358.268765</timestamp>
			</report>
			<report>
				<misses>21000001</misses>
				<total>14</total>
				<timestamp>1364.671466</timestamp>
			</report>
			<report>
				<misses>21100001</misses>
				<total>13</total>
				<timestamp>1371.068680</timestamp>
			</report>
			<report>
				<misses>21200001</misses>
				<total>14</total>
				<timestamp>1377.477863</timestamp>
			</report>
			<report>
				<misses>21300001</misses>
				<total>13</total>
				<timestamp>1384.093508</timestamp>
			</report>
			<report>
				<misses>21400001</misses>
				<total>14</total>
				<timestamp>1390.705810</timestamp>
			</report>
			<report>
				<misses>21500001</misses>
				<total>13</total>
				<timestamp>1397.309757</timestamp>
			</report>
			<report>
				<misses>21600001</misses>
				<total>13</total>
				<timestamp>1403.831104</timestamp>
			</report>
			<report>
				<misses>21700001</misses>
				<total>13</total>
				<timestamp>1410.490411</timestamp>
			</report>
			<report>
				<misses>21800001</misses>
				<total>14</total>
				<timestamp>1417.195807</timestamp>
			</report>
			<report>
				<misses>21900001</misses>
				<total>13</total>
				<timestamp>1423.840341</timestamp>
			</report>
			<report>
				<misses>22000001</misses>
				<total>13</total>
				<timestamp>1430.340785</timestamp>
			</report>
			<report>
				<misses>22100001</misses>
				<total>14</total>
				<timestamp>1436.745799</timestamp>
			</report>
			<report>
				<misses>22200001</misses>
				<total>12</total>
				<timestamp>1443.203202</timestamp>
			</report>
			<report>
				<misses>22300001</misses>
				<total>13</total>
				<timestamp>1449.644988</timestamp>
			</report>
			<report>
				<misses>22400001</misses>
				<total>13</total>
				<timestamp>1456.278637</timestamp>
			</report>
			<report>
				<misses>22500001</misses>
				<total>13</total>
				<timestamp>1462.789472</timestamp>
			</report>
			<report>
				<misses>22600001</misses>
				<total>14</total>
				<timestamp>1469.215544</timestamp>
			</report>
			<report>
				<misses>22700001</misses>
				<total>13</total>
				<timestamp>1475.704308</timestamp>
			</report>
			<report>
				<misses>22800001</misses>
				<total>14</total>
				<timestamp>1482.258700</timestamp>
			</report>
			<report>
				<misses>22900001</misses>
				<total>13</total>
				<timestamp>1488.672129</timestamp>
			</report>
			<report>
				<misses>23000001</misses>
				<total>13</total>
				<timestamp>1495.073492</timestamp>
			</report>
			<report>
				<misses>23100001</misses>
				<total>14</total>
				<timestamp>1501.538472</timestamp>
			</report>
			<report>
				<misses>23200001</misses>
				<total>13</total>
				<timestamp>1507.953557</timestamp>
			</report>
			<report>
				<misses>23300001</misses>
				<total>13</total>
				<timestamp>1514.344984</timestamp>
			</report>
			<report>
				<misses>23400001</misses>
				<total>13</total>
				<timestamp>1520.771282</timestamp>
			</report>
			<report>
				<misses>23500001</misses>
				<total>13</total>
				<timestamp>1527.303144</timestamp>
			</report>
			<report>
				<misses>23600001</misses>
				<total>13</total>
				<timestamp>1533.993921</timestamp>
			</report>
			<report>
				<misses>23700001</misses>
				<total>13</total>
				<timestamp>1540.734267</timestamp>
			</report>
			<report>
				<misses>23800001</misses>
				<total>14</total>
				<timestamp>1547.376536</timestamp>
			</report>
			<report>
				<misses>23900001</misses>
				<total>13</total>
				<timestamp>1553.942578</timestamp>
			</report>
			<report>
				<misses>24000001</misses>
				<total>13</total>
				<timestamp>1560.624511</timestamp>
			</report>
			<report>
				<misses>24100001</misses>
				<total>13</total>
				<timestamp>1567.196883</timestamp>
			</report>
			<report>
				<misses>24200001</misses>
				<total>14</total>
				<timestamp>1573.611145</timestamp>
			</report>
			<report>
				<misses>24300001</misses>
				<total>14</total>
				<timestamp>1580.165930</timestamp>
			</report>
			<report>
				<misses>24400001</misses>
				<total>14</total>
				<timestamp>1586.691496</timestamp>
			</report>
			<report>
				<misses>24500001</misses>
				<total>13</total>
				<timestamp>1593.130066</timestamp>
			</report>
			<report>
				<misses>24600001</misses>
				<total>14</total>
				<timestamp>1599.533616</timestamp>
			</report>
			<report>
				<misses>24700001</misses>
				<total>13</total>
				<timestamp>1606.022428</timestamp>
			</report>
			<report>
				<misses>24800001</misses>
				<total>13</total>
				<timestamp>1612.608066</timestamp>
			</report>
			<report>
				<misses>24900001</misses>
				<total>13</total>
				<timestamp>1619.117619</timestamp>
			</report>
			<report>
				<misses>25000001</misses>
				<total>15</total>
				<timestamp>1625.624997</timestamp>
			</report>
			<report>
				<misses>25100001</misses>
				<total>13</total>
				<timestamp>1632.018491</timestamp>
			</report>
			<report>
				<misses>25200001</misses>
				<total>14</total>
				<timestamp>1638.444485</timestamp>
			</report>
			<report>
				<misses>25300001</misses>
				<total>13</total>
				<timestamp>1644.947471</timestamp>
			</report>
			<report>
				<misses>25400001</misses>
				<total>14</total>
				<timestamp>1651.441233</timestamp>
			</report>
			<report>
				<misses>25500001</misses>
				<total>13</total>
				<timestamp>1657.932250</timestamp>
			</report>
			<report>
				<misses>25600001</misses>
				<total>13</total>
				<timestamp>1664.451232</timestamp>
			</report>
			<report>
				<misses>25700001</misses>
				<total>14</total>
				<timestamp>1671.019478</timestamp>
			</report>
			<report>
				<misses>25800001</misses>
				<total>14</total>
				<timestamp>1677.544766</timestamp>
			</report>
			<report>
				<misses>25900001</misses>
				<total>14</total>
				<timestamp>1683.994505</timestamp>
			</report>
			<report>
				<misses>26000001</misses>
				<total>13</total>
				<timestamp>1690.634701</timestamp>
			</report>
			<report>
				<misses>26100001</misses>
				<total>12</total>
				<timestamp>1697.198267</timestamp>
			</report>
			<report>
				<misses>26200001</misses>
				<total>14</total>
				<timestamp>1703.700265</timestamp>
			</report>
			<report>
				<misses>26300001</misses>
				<total>12</total>
				<timestamp>1710.308185</timestamp>
			</report>
			<report>
				<misses>26400001</misses>
				<total>14</total>
				<timestamp>1716.892395</timestamp>
			</report>
			<report>
				<misses>26500001</misses>
				<total>15</total>
				<timestamp>1723.484087</timestamp>
			</report>
			<report>
				<misses>26600001</misses>
				<total>13</total>
				<timestamp>1729.867310</timestamp>
			</report>
			<report>
				<misses>26700001</misses>
				<total>13</total>
				<timestamp>1736.275245</timestamp>
			</report>
			<report>
				<misses>26800001</misses>
				<total>14</total>
				<timestamp>1742.694055</timestamp>
			</report>
			<report>
				<misses>26900001</misses>
				<total>13</total>
				<timestamp>1749.097910</timestamp>
			</report>
			<report>
				<misses>27000001</misses>
				<total>13</total>
				<timestamp>1755.478987</timestamp>
			</report>
			<report>
				<misses>27100001</misses>
				<total>14</total>
				<timestamp>1761.899551</timestamp>
			</report>
			<report>
				<misses>27200001</misses>
				<total>14</total>
				<timestamp>1768.282555</timestamp>
			</report>
			<report>
				<misses>27300001</misses>
				<total>13</total>
				<timestamp>1774.679969</timestamp>
			</report>
			<report>
				<misses>27400001</misses>
				<total>13</total>
				<timestamp>1781.084060</timestamp>
			</report>
			<report>
				<misses>27500001</misses>
				<total>14</total>
				<timestamp>1787.562676</timestamp>
			</report>
			<report>
				<misses>27600001</misses>
				<total>14</total>
				<timestamp>1794.112937</timestamp>
			</report>
			<report>
				<misses>27700001</misses>
				<total>14</total>
				<timestamp>1800.620705</timestamp>
			</report>
			<report>
				<misses>27800001</misses>
				<total>14</total>
				<timestamp>1807.025223</timestamp>
			</report>
			<report>
				<misses>27900001</misses>
				<total>13</total>
				<timestamp>1813.407637</timestamp>
			</report>
			<report>
				<misses>28000001</misses>
				<total>13</total>
				<timestamp>1819.959970</timestamp>
			</report>
			<report>
				<misses>28100001</misses>
				<total>14</total>
				<timestamp>1826.595320</timestamp>
			</report>
			<report>
				<misses>28200001</misses>
				<total>13</total>
				<timestamp>1833.085445</timestamp>
			</report>
			<report>
				<misses>28300001</misses>
				<total>13</total>
				<timestamp>1839.500147</timestamp>
			</report>
			<report>
				<misses>28400001</misses>
				<total>14</total>
				<timestamp>1845.889287</timestamp>
			</report>
			<report>
				<misses>28500001</misses>
				<total>14</total>
				<timestamp>1852.300120</timestamp>
			</report>
			<report>
				<misses>28600001</misses>
				<total>13</total>
				<timestamp>1858.710804</timestamp>
			</report>
			<report>
				<misses>28700001</misses>
				<total>13</total>
				<timestamp>1865.148333</timestamp>
			</report>
			<report>
				<misses>28800001</misses>
				<total>13</total>
				<timestamp>1871.679669</timestamp>
			</report>
			<report>
				<misses>28900001</misses>
				<total>14</total>
				<timestamp>1878.362670</timestamp>
			</report>
			<report>
				<misses>29000001</misses>
				<total>13</total>
				<timestamp>1884.864675</timestamp>
			</report>
			<report>
				<misses>29100001</misses>
				<total>13</total>
				<timestamp>1891.261649</timestamp>
			</report>
			<report>
				<misses>29200001</misses>
				<total>12</total>
				<timestamp>1897.695207</timestamp>
			</report>
			<report>
				<misses>29300001</misses>
				<total>13</total>
				<timestamp>1904.077333</timestamp>
			</report>
			<report>
				<misses>29400001</misses>
				<total>14</total>
				<timestamp>1910.460728</timestamp>
			</report>
			<report>
				<misses>29500001</misses>
				<total>14</total>
				<timestamp>1916.944729</timestamp>
			</report>
			<report>
				<misses>29600001</misses>
				<total>13</total>
				<timestamp>1923.439994</timestamp>
			</report>
			<report>
				<misses>29700001</misses>
				<total>13</total>
				<timestamp>1930.130206</timestamp>
			</report>
			<report>
				<misses>29800001</misses>
				<total>14</total>
				<timestamp>1936.771172</timestamp>
			</report>
			<report>
				<misses>29900001</misses>
				<total>14</total>
				<timestamp>1943.318677</timestamp>
			</report>
			<report>
				<misses>30000001</misses>
				<total>13</total>
				<timestamp>1949.897870</timestamp>
			</report>
			<report>
				<misses>30100001</misses>
				<total>14</total>
				<timestamp>1956.559598</timestamp>
			</report>
			<report>
				<misses>30200001</misses>
				<total>14</total>
				<timestamp>1963.042404</timestamp>
			</report>
			<report>
				<misses>30300001</misses>
				<total>13</total>
				<timestamp>1969.658977</timestamp>
			</report>
			<report>
				<misses>30400001</misses>
				<total>13</total>
				<timestamp>1976.199014</timestamp>
			</report>
			<report>
				<misses>30500001</misses>
				<total>13</total>
				<timestamp>1982.753106</timestamp>
			</report>
			<report>
				<misses>30600001</misses>
				<total>14</total>
				<timestamp>1989.224747</timestamp>
			</report>
			<report>
				<misses>30700001</misses>
				<total>14</total>
				<timestamp>1995.759266</timestamp>
			</report>
			<report>
				<misses>30800001</misses>
				<total>14</total>
				<timestamp>2002.278522</timestamp>
			</report>
			<report>
				<misses>30900001</misses>
				<total>13</total>
				<timestamp>2008.745948</timestamp>
			</report>
			<report>
				<misses>31000001</misses>
				<total>14</total>
				<timestamp>2015.335108</timestamp>
			</report>
			<report>
				<misses>31100001</misses>
				<total>13</total>
				<timestamp>2021.864957</timestamp>
			</report>
			<report>
				<misses>31200001</misses>
				<total>13</total>
				<timestamp>2028.404958</timestamp>
			</report>
			<report>
				<misses>31300001</misses>
				<total>14</total>
				<timestamp>2034.902711</timestamp>
			</report>
			<report>
				<misses>31400001</misses>
				<total>13</total>
				<timestamp>2041.293180</timestamp>
			</report>
			<report>
				<misses>31500001</misses>
				<total>13</total>
				<timestamp>2047.734379</timestamp>
			</report>
			<report>
				<misses>31600001</misses>
				<total>13</total>
				<timestamp>2054.298404</timestamp>
			</report>
			<report>
				<misses>31700001</misses>
				<total>13</total>
				<timestamp>2060.864786</timestamp>
			</report>
			<report>
				<misses>31800001</misses>
				<total>12</total>
				<timestamp>2067.534255</timestamp>
			</report>
			<report>
				<misses>31900001</misses>
				<total>12</total>
				<timestamp>2074.104321</timestamp>
			</report>
			<report>
				<misses>32000001</misses>
				<total>14</total>
				<timestamp>2080.679117</timestamp>
			</report>
			<report>
				<misses>32100001</misses>
				<total>14</total>
				<timestamp>2087.211148</timestamp>
			</report>
			<report>
				<misses>32200001</misses>
				<total>13</total>
				<timestamp>2093.849031</timestamp>
			</report>
			<report>
				<misses>32300001</misses>
				<total>14</total>
				<timestamp>2100.269880</timestamp>
			</report>
			<report>
				<misses>32400001</misses>
				<total>13</total>
				<timestamp>2106.668986</timestamp>
			</report>
			<report>
				<misses>32500001</misses>
				<total>13</total>
				<timestamp>2113.099097</timestamp>
			</report>
			<report>
				<misses>32600001</misses>
				<total>14</total>
				<timestamp>2119.585881</timestamp>
			</report>
			<report>
				<misses>32700001</misses>
				<total>14</total>
				<timestamp>2126.295781</timestamp>
			</report>
			<report>
				<misses>32800001</misses>
				<total>13</total>
				<timestamp>2132.917252</timestamp>
			</report>
			<report>
				<misses>32900001</misses>
				<total>14</total>
				<timestamp>2139.691650</timestamp>
			</report>
			<report>
				<misses>33000001</misses>
				<total>14</total>
				<timestamp>2146.298085</timestamp>
			</report>
			<report>
				<misses>33100001</misses>
				<total>14</total>
				<timestamp>2152.898476</timestamp>
			</report>
			<report>
				<misses>33200001</misses>
				<total>12</total>
				<timestamp>2159.610196</timestamp>
			</report>
			<report>
				<misses>33300001</misses>
				<total>13</total>
				<timestamp>2166.195509</timestamp>
			</report>
			<report>
				<misses>33400001</misses>
				<total>13</total>
				<timestamp>2172.879585</timestamp>
			</report>
			<report>
				<misses>33500001</misses>
				<total>15</total>
				<timestamp>2179.388425</timestamp>
			</report>
			<report>
				<misses>33600001</misses>
				<total>13</total>
				<timestamp>2185.922866</timestamp>
			</report>
			<report>
				<misses>33700001</misses>
				<total>13</total>
				<timestamp>2192.416251</timestamp>
			</report>
			<report>
				<misses>33800001</misses>
				<total>13</total>
				<timestamp>2198.812858</timestamp>
			</report>
			<report>
				<misses>33900001</misses>
				<total>13</total>
				<timestamp>2205.238285</timestamp>
			</report>
			<report>
				<misses>34000001</misses>
				<total>14</total>
				<timestamp>2211.658682</timestamp>
			</report>
			<report>
				<misses>34100001</misses>
				<total>13</total>
				<timestamp>2218.069127</timestamp>
			</report>
			<report>
				<misses>34200001</misses>
				<total>13</total>
				<timestamp>2224.517452</timestamp>
			</report>
			<report>
				<misses>34300001</misses>
				<total>13</total>
				<timestamp>2230.942194</timestamp>
			</report>
			<report>
				<misses>34400001</misses>
				<total>14</total>
				<timestamp>2237.371308</timestamp>
			</report>
			<report>
				<misses>34500001</misses>
				<total>14</total>
				<timestamp>2243.760628</timestamp>
			</report>
			<report>
				<misses>34600001</misses>
				<total>14</total>
				<timestamp>2250.198094</timestamp>
			</report>
			<report>
				<misses>34700001</misses>
				<total>13</total>
				<timestamp>2256.669475</timestamp>
			</report>
			<report>
				<misses>34800001</misses>
				<total>14</total>
				<timestamp>2263.110340</timestamp>
			</report>
			<report>
				<misses>34900001</misses>
				<total>13</total>
				<timestamp>2269.736469</timestamp>
			</report>
			<report>
				<misses>35000001</misses>
				<total>13</total>
				<timestamp>2276.432511</timestamp>
			</report>
			<report>
				<misses>35100001</misses>
				<total>13</total>
				<timestamp>2283.181557</timestamp>
			</report>
			<report>
				<misses>35200001</misses>
				<total>14</total>
				<timestamp>2289.811983</timestamp>
			</report>
			<report>
				<misses>35300001</misses>
				<total>14</total>
				<timestamp>2296.416024</timestamp>
			</report>
			<report>
				<misses>35400001</misses>
				<total>14</total>
				<timestamp>2303.099100</timestamp>
			</report>
			<report>
				<misses>35500001</misses>
				<total>13</total>
				<timestamp>2309.682147</timestamp>
			</report>
			<report>
				<misses>35600001</misses>
				<total>13</total>
				<timestamp>2316.366822</timestamp>
			</report>
			<report>
				<misses>35700001</misses>
				<total>14</total>
				<timestamp>2322.877137</timestamp>
			</report>
			<report>
				<misses>35800001</misses>
				<total>12</total>
				<timestamp>2329.487271</timestamp>
			</report>
			<report>
				<misses>35900001</misses>
				<total>13</total>
				<timestamp>2336.029920</timestamp>
			</report>
			<report>
				<misses>36000001</misses>
				<total>13</total>
				<timestamp>2342.448575</timestamp>
			</report>
			<report>
				<misses>36100001</misses>
				<total>13</total>
				<timestamp>2349.154706</timestamp>
			</report>
			<report>
				<misses>36200001</misses>
				<total>13</total>
				<timestamp>2355.743746</timestamp>
			</report>
			<report>
				<misses>36300001</misses>
				<total>13</total>
				<timestamp>2362.297684</timestamp>
			</report>
			<report>
				<misses>36400001</misses>
				<total>14</total>
				<timestamp>2368.798020</timestamp>
			</report>
			<report>
				<misses>36500001</misses>
				<total>13</total>
				<timestamp>2375.285702</timestamp>
			</report>
			<report>
				<misses>36600001</misses>
				<total>14</total>
				<timestamp>2381.751636</timestamp>
			</report>
			<report>
				<misses>36700001</misses>
				<total>14</total>
				<timestamp>2388.432859</timestamp>
			</report>
			<report>
				<misses>36800001</misses>
				<total>14</total>
				<timestamp>2395.072613</timestamp>
			</report>
			<report>
				<misses>36900001</misses>
				<total>13</total>
				<timestamp>2401.543860</timestamp>
			</report>
			<report>
				<misses>37000001</misses>
				<total>14</total>
				<timestamp>2407.914930</timestamp>
			</report>
			<report>
				<misses>37100001</misses>
				<total>15</total>
				<timestamp>2414.334833</timestamp>
			</report>
			<report>
				<misses>37200001</misses>
				<total>14</total>
				<timestamp>2420.728507</timestamp>
			</report>
			<report>
				<misses>37300001</misses>
				<total>13</total>
				<timestamp>2427.165383</timestamp>
			</report>
			<report>
				<misses>37400001</misses>
				<total>14</total>
				<timestamp>2433.791323</timestamp>
			</report>
			<report>
				<misses>37500001</misses>
				<total>13</total>
				<timestamp>2440.420274</timestamp>
			</report>
			<report>
				<misses>37600001</misses>
				<total>14</total>
				<timestamp>2446.866707</timestamp>
			</report>
			<report>
				<misses>37700001</misses>
				<total>14</total>
				<timestamp>2453.259723</timestamp>
			</report>
			<report>
				<misses>37800001</misses>
				<total>14</total>
				<timestamp>2459.700361</timestamp>
			</report>
			<report>
				<misses>37900001</misses>
				<total>13</total>
				<timestamp>2466.292549</timestamp>
			</report>
			<report>
				<misses>38000001</misses>
				<total>13</total>
				<timestamp>2472.909636</timestamp>
			</report>
			<report>
				<misses>38100001</misses>
				<total>13</total>
				<timestamp>2479.310330</timestamp>
			</report>
			<report>
				<misses>38200001</misses>
				<total>14</total>
				<timestamp>2485.754014</timestamp>
			</report>
			<report>
				<misses>38300001</misses>
				<total>13</total>
				<timestamp>2492.388965</timestamp>
			</report>
			<report>
				<misses>38400001</misses>
				<total>14</total>
				<timestamp>2498.866474</timestamp>
			</report>
			<report>
				<misses>38500001</misses>
				<total>13</total>
				<timestamp>2505.474963</timestamp>
			</report>
			<report>
				<misses>38600001</misses>
				<total>14</total>
				<timestamp>2512.016451</timestamp>
			</report>
			<report>
				<misses>38700001</misses>
				<total>14</total>
				<timestamp>2518.514704</timestamp>
			</report>
			<report>
				<misses>38800001</misses>
				<total>13</total>
				<timestamp>2525.064126</timestamp>
			</report>
			<report>
				<misses>38900001</misses>
				<total>14</total>
				<timestamp>2531.543475</timestamp>
			</report>
			<report>
				<misses>39000001</misses>
				<total>14</total>
				<timestamp>2538.073753</timestamp>
			</report>
			<report>
				<misses>39100001</misses>
				<total>13</total>
				<timestamp>2544.578952</timestamp>
			</report>
			<report>
				<misses>39200001</misses>
				<total>14</total>
				<timestamp>2550.982876</timestamp>
			</report>
			<report>
				<misses>39300001</misses>
				<total>13</total>
				<timestamp>2557.385121</timestamp>
			</report>
			<report>
				<misses>39400001</misses>
				<total>14</total>
				<timestamp>2563.816939</timestamp>
			</report>
			<report>
				<misses>39500001</misses>
				<total>15</total>
				<timestamp>2570.266954</timestamp>
			</report>
			<report>
				<misses>39600001</misses>
				<total>13</total>
				<timestamp>2576.790620</timestamp>
			</report>
			<report>
				<misses>39700001</misses>
				<total>13</total>
				<timestamp>2583.405253</timestamp>
			</report>
			<report>
				<misses>39800001</misses>
				<total>14</total>
				<timestamp>2589.951307</timestamp>
			</report>
			<report>
				<misses>39900001</misses>
				<total>14</total>
				<timestamp>2596.367528</timestamp>
			</report>
			<report>
				<misses>40000001</misses>
				<total>13</total>
				<timestamp>2602.809826</timestamp>
			</report>
			<report>
				<misses>40100001</misses>
				<total>14</total>
				<timestamp>2609.292060</timestamp>
			</report>
			<report>
				<misses>40200001</misses>
				<total>12</total>
				<timestamp>2615.723017</timestamp>
			</report>
			<report>
				<misses>40300001</misses>
				<total>14</total>
				<timestamp>2622.137831</timestamp>
			</report>
			<report>
				<misses>40400001</misses>
				<total>14</total>
				<timestamp>2628.556218</timestamp>
			</report>
			<report>
				<misses>40500001</misses>
				<total>13</total>
				<timestamp>2635.063925</timestamp>
			</report>
			<report>
				<misses>40600001</misses>
				<total>14</total>
				<timestamp>2641.698421</timestamp>
			</report>
			<report>
				<misses>40700001</misses>
				<total>14</total>
				<timestamp>2648.237221</timestamp>
			</report>
			<report>
				<misses>40800001</misses>
				<total>14</total>
				<timestamp>2654.921149</timestamp>
			</report>
			<report>
				<misses>40900001</misses>
				<total>13</total>
				<timestamp>2661.578682</timestamp>
			</report>
			<report>
				<misses>41000001</misses>
				<total>14</total>
				<timestamp>2668.138982</timestamp>
			</report>
			<report>
				<misses>41100001</misses>
				<total>14</total>
				<timestamp>2674.929833</timestamp>
			</report>
			<report>
				<misses>41200001</misses>
				<total>14</total>
				<timestamp>2681.583429</timestamp>
			</report>
			<report>
				<misses>41300001</misses>
				<total>13</total>
				<timestamp>2688.208525</timestamp>
			</report>
			<report>
				<misses>41400001</misses>
				<total>14</total>
				<timestamp>2694.857302</timestamp>
			</report>
			<report>
				<misses>41500001</misses>
				<total>14</total>
				<timestamp>2701.265928</timestamp>
			</report>
			<report>
				<misses>41600001</misses>
				<total>14</total>
				<timestamp>2707.745101</timestamp>
			</report>
			<report>
				<misses>41700001</misses>
				<total>13</total>
				<timestamp>2714.229076</timestamp>
			</report>
			<report>
				<misses>41800001</misses>
				<total>14</total>
				<timestamp>2720.699046</timestamp>
			</report>
			<report>
				<misses>41900001</misses>
				<total>14</total>
				<timestamp>2727.235272</timestamp>
			</report>
			<report>
				<misses>42000001</misses>
				<total>13</total>
				<timestamp>2733.709763</timestamp>
			</report>
			<report>
				<misses>42100001</misses>
				<total>14</total>
				<timestamp>2740.354931</timestamp>
			</report>
			<report>
				<misses>42200001</misses>
				<total>14</total>
				<timestamp>2746.747474</timestamp>
			</report>
			<report>
				<misses>42300001</misses>
				<total>14</total>
				<timestamp>2753.196675</timestamp>
			</report>
			<report>
				<misses>42400001</misses>
				<total>13</total>
				<timestamp>2759.720134</timestamp>
			</report>
			<report>
				<misses>42500001</misses>
				<total>13</total>
				<timestamp>2766.144860</timestamp>
			</report>
			<report>
				<misses>42600001</misses>
				<total>13</total>
				<timestamp>2772.575737</timestamp>
			</report>
			<report>
				<misses>42700001</misses>
				<total>13</total>
				<timestamp>2779.047105</timestamp>
			</report>
			<report>
				<misses>42800001</misses>
				<total>13</total>
				<timestamp>2785.723561</timestamp>
			</report>
			<report>
				<misses>42900001</misses>
				<total>14</total>
				<timestamp>2792.412384</timestamp>
			</report>
			<report>
				<misses>43000001</misses>
				<total>14</total>
				<timestamp>2798.945399</timestamp>
			</report>
			<report>
				<misses>43100001</misses>
				<total>13</total>
				<timestamp>2805.469655</timestamp>
			</report>
			<report>
				<misses>43200001</misses>
				<total>13</total>
				<timestamp>2812.052034</timestamp>
			</report>
			<report>
				<misses>43300001</misses>
				<total>13</total>
				<timestamp>2818.565622</timestamp>
			</report>
			<report>
				<misses>43400001</misses>
				<total>12</total>
				<timestamp>2824.996402</timestamp>
			</report>
			<report>
				<misses>43500001</misses>
				<total>14</total>
				<timestamp>2831.396992</timestamp>
			</report>
			<report>
				<misses>43600001</misses>
				<total>13</total>
				<timestamp>2837.797891</timestamp>
			</report>
			<report>
				<misses>43700001</misses>
				<total>13</total>
				<timestamp>2844.272413</timestamp>
			</report>
			<report>
				<misses>43800001</misses>
				<total>13</total>
				<timestamp>2850.743274</timestamp>
			</report>
			<report>
				<misses>43900001</misses>
				<total>14</total>
				<timestamp>2857.254396</timestamp>
			</report>
			<report>
				<misses>44000001</misses>
				<total>14</total>
				<timestamp>2863.688402</timestamp>
			</report>
			<report>
				<misses>44100001</misses>
				<total>13</total>
				<timestamp>2870.092370</timestamp>
			</report>
			<report>
				<misses>44200001</misses>
				<total>14</total>
				<timestamp>2876.506021</timestamp>
			</report>
			<report>
				<misses>44300001</misses>
				<total>13</total>
				<timestamp>2883.051015</timestamp>
			</report>
			<report>
				<misses>44400001</misses>
				<total>13</total>
				<timestamp>2889.727641</timestamp>
			</report>
			<report>
				<misses>44500001</misses>
				<total>13</total>
				<timestamp>2896.188901</timestamp>
			</report>
			<report>
				<misses>44600001</misses>
				<total>14</total>
				<timestamp>2902.659147</timestamp>
			</report>
			<report>
				<misses>44700001</misses>
				<total>14</total>
				<timestamp>2909.063398</timestamp>
			</report>
			<report>
				<misses>44800001</misses>
				<total>13</total>
				<timestamp>2915.471525</timestamp>
			</report>
			<report>
				<misses>44900001</misses>
				<total>13</total>
				<timestamp>2921.862615</timestamp>
			</report>
			<report>
				<misses>45000001</misses>
				<total>13</total>
				<timestamp>2928.290387</timestamp>
			</report>
			<report>
				<misses>45100001</misses>
				<total>13</total>
				<timestamp>2934.969201</timestamp>
			</report>
			<report>
				<misses>45200001</misses>
				<total>14</total>
				<timestamp>2941.510479</timestamp>
			</report>
			<report>
				<misses>45300001</misses>
				<total>14</total>
				<timestamp>2948.030991</timestamp>
			</report>
			<report>
				<misses>45400001</misses>
				<total>13</total>
				<timestamp>2954.541528</timestamp>
			</report>
			<report>
				<misses>45500001</misses>
				<total>13</total>
				<timestamp>2961.119152</timestamp>
			</report>
			<report>
				<misses>45600001</misses>
				<total>14</total>
				<timestamp>2967.598560</timestamp>
			</report>
			<report>
				<misses>45700001</misses>
				<total>14</total>
				<timestamp>2974.162683</timestamp>
			</report>
			<report>
				<misses>45800001</misses>
				<total>14</total>
				<timestamp>2980.813657</timestamp>
			</report>
			<report>
				<misses>45900001</misses>
				<total>13</total>
				<timestamp>2987.304435</timestamp>
			</report>
			<report>
				<misses>46000001</misses>
				<total>13</total>
				<timestamp>2993.897797</timestamp>
			</report>
			<report>
				<misses>46100001</misses>
				<total>14</total>
				<timestamp>3000.472849</timestamp>
			</report>
			<report>
				<misses>46200001</misses>
				<total>14</total>
				<timestamp>3007.064467</timestamp>
			</report>
			<report>
				<misses>46300001</misses>
				<total>12</total>
				<timestamp>3013.787036</timestamp>
			</report>
			<report>
				<misses>46400001</misses>
				<total>13</total>
				<timestamp>3020.416451</timestamp>
			</report>
			<report>
				<misses>46500001</misses>
				<total>14</total>
				<timestamp>3026.887435</timestamp>
			</report>
			<report>
				<misses>46600001</misses>
				<total>13</total>
				<timestamp>3033.351799</timestamp>
			</report>
			<report>
				<misses>46700001</misses>
				<total>13</total>
				<timestamp>3039.753642</timestamp>
			</report>
			<report>
				<misses>46800001</misses>
				<total>13</total>
				<timestamp>3046.163170</timestamp>
			</report>
			<report>
				<misses>46900001</misses>
				<total>13</total>
				<timestamp>3052.583289</timestamp>
			</report>
			<report>
				<misses>47000001</misses>
				<total>13</total>
				<timestamp>3059.150860</timestamp>
			</report>
			<report>
				<misses>47100001</misses>
				<total>14</total>
				<timestamp>3065.715505</timestamp>
			</report>
			<report>
				<misses>47200001</misses>
				<total>13</total>
				<timestamp>3072.283941</timestamp>
			</report>
			<report>
				<misses>47300001</misses>
				<total>12</total>
				<timestamp>3078.863621</timestamp>
			</report>
			<report>
				<misses>47400001</misses>
				<total>13</total>
				<timestamp>3085.405325</timestamp>
			</report>
			<report>
				<misses>47500001</misses>
				<total>13</total>
				<timestamp>3091.799121</timestamp>
			</report>
			<report>
				<misses>47600001</misses>
				<total>13</total>
				<timestamp>3098.216323</timestamp>
			</report>
			<report>
				<misses>47700001</misses>
				<total>13</total>
				<timestamp>3104.606077</timestamp>
			</report>
			<report>
				<misses>47800001</misses>
				<total>14</total>
				<timestamp>3111.029308</timestamp>
			</report>
			<report>
				<misses>47900001</misses>
				<total>13</total>
				<timestamp>3117.413063</timestamp>
			</report>
			<report>
				<misses>48000001</misses>
				<total>14</total>
				<timestamp>3123.855023</timestamp>
			</report>
			<report>
				<misses>48100001</misses>
				<total>14</total>
				<timestamp>3130.277437</timestamp>
			</report>
			<report>
				<misses>48200001</misses>
				<total>14</total>
				<timestamp>3136.875412</timestamp>
			</report>
			<report>
				<misses>48300001</misses>
				<total>13</total>
				<timestamp>3143.434362</timestamp>
			</report>
			<report>
				<misses>48400001</misses>
				<total>14</total>
				<timestamp>3149.837668</timestamp>
			</report>
			<report>
				<misses>48500001</misses>
				<total>13</total>
				<timestamp>3156.266241</timestamp>
			</report>
			<report>
				<misses>48600001</misses>
				<total>14</total>
				<timestamp>3162.691638</timestamp>
			</report>
			<report>
				<misses>48700001</misses>
				<total>14</total>
				<timestamp>3169.408347</timestamp>
			</report>
			<report>
				<misses>48800001</misses>
				<total>13</total>
				<timestamp>3176.031293</timestamp>
			</report>
			<report>
				<misses>48900001</misses>
				<total>13</total>
				<timestamp>3182.442189</timestamp>
			</report>
			<report>
				<misses>49000001</misses>
				<total>14</total>
				<timestamp>3188.851696</timestamp>
			</report>
			<report>
				<misses>49100001</misses>
				<total>12</total>
				<timestamp>3195.251091</timestamp>
			</report>
			<report>
				<misses>49200001</misses>
				<total>13</total>
				<timestamp>3201.654063</timestamp>
			</report>
			<report>
				<misses>49300001</misses>
				<total>13</total>
				<timestamp>3208.093602</timestamp>
			</report>
			<report>
				<misses>49400001</misses>
				<total>14</total>
				<timestamp>3214.491990</timestamp>
			</report>
			<report>
				<misses>49500001</misses>
				<total>13</total>
				<timestamp>3220.889206</timestamp>
			</report>
			<report>
				<misses>49600001</misses>
				<total>13</total>
				<timestamp>3227.300372</timestamp>
			</report>
			<report>
				<misses>49700001</misses>
				<total>13</total>
				<timestamp>3233.679242</timestamp>
			</report>
			<report>
				<misses>49800001</misses>
				<total>13</total>
				<timestamp>3240.073590</timestamp>
			</report>
			<report>
				<misses>49900001</misses>
				<total>13</total>
				<timestamp>3246.468930</timestamp>
			</report>
			<report>
				<misses>50000001</misses>
				<total>14</total>
				<timestamp>3252.914843</timestamp>
			</report>
			<report>
				<misses>50100001</misses>
				<total>13</total>
				<timestamp>3259.393559</timestamp>
			</report>
			<report>
				<misses>50200001</misses>
				<total>14</total>
				<timestamp>3265.908703</timestamp>
			</report>
			<report>
				<misses>50300001</misses>
				<total>13</total>
				<timestamp>3272.432563</timestamp>
			</report>
			<report>
				<misses>50400001</misses>
				<total>13</total>
				<timestamp>3278.837783</timestamp>
			</report>
			<report>
				<misses>50500001</misses>
				<total>13</total>
				<timestamp>3285.235406</timestamp>
			</report>
			<report>
				<misses>50600001</misses>
				<total>13</total>
				<timestamp>3291.637159</timestamp>
			</report>
			<report>
				<misses>50700001</misses>
				<total>13</total>
				<timestamp>3298.034516</timestamp>
			</report>
			<report>
				<misses>50800001</misses>
				<total>14</total>
				<timestamp>3304.484570</timestamp>
			</report>
			<report>
				<misses>50900001</misses>
				<total>13</total>
				<timestamp>3311.055880</timestamp>
			</report>
			<report>
				<misses>51000001</misses>
				<total>14</total>
				<timestamp>3317.580468</timestamp>
			</report>
			<report>
				<misses>51100001</misses>
				<total>13</total>
				<timestamp>3324.145302</timestamp>
			</report>
			<report>
				<misses>51200001</misses>
				<total>14</total>
				<timestamp>3330.691205</timestamp>
			</report>
			<report>
				<misses>51300001</misses>
				<total>14</total>
				<timestamp>3337.103636</timestamp>
			</report>
			<report>
				<misses>51400001</misses>
				<total>13</total>
				<timestamp>3343.578984</timestamp>
			</report>
			<report>
				<misses>51500001</misses>
				<total>13</total>
				<timestamp>3350.109571</timestamp>
			</report>
			<report>
				<misses>51600001</misses>
				<total>14</total>
				<timestamp>3356.670963</timestamp>
			</report>
			<report>
				<misses>51700001</misses>
				<total>13</total>
				<timestamp>3363.253155</timestamp>
			</report>
			<report>
				<misses>51800001</misses>
				<total>13</total>
				<timestamp>3369.795189</timestamp>
			</report>
			<report>
				<misses>51900001</misses>
				<total>13</total>
				<timestamp>3376.337996</timestamp>
			</report>
			<report>
				<misses>52000001</misses>
				<total>14</total>
				<timestamp>3382.818680</timestamp>
			</report>
			<report>
				<misses>52100001</misses>
				<total>13</total>
				<timestamp>3389.298173</timestamp>
			</report>
			<report>
				<misses>52200001</misses>
				<total>14</total>
				<timestamp>3395.736315</timestamp>
			</report>
			<report>
				<misses>52300001</misses>
				<total>13</total>
				<timestamp>3402.167535</timestamp>
			</report>
			<report>
				<misses>52400001</misses>
				<total>14</total>
				<timestamp>3408.737016</timestamp>
			</report>
			<report>
				<misses>52500001</misses>
				<total>13</total>
				<timestamp>3415.331037</timestamp>
			</report>
			<report>
				<misses>52600001</misses>
				<total>13</total>
				<timestamp>3421.842715</timestamp>
			</report>
			<report>
				<misses>52700001</misses>
				<total>12</total>
				<timestamp>3428.262521</timestamp>
			</report>
			<report>
				<misses>52800001</misses>
				<total>13</total>
				<timestamp>3434.655048</timestamp>
			</report>
			<report>
				<misses>52900001</misses>
				<total>13</total>
				<timestamp>3441.048137</timestamp>
			</report>
			<report>
				<misses>53000001</misses>
				<total>14</total>
				<timestamp>3447.463224</timestamp>
			</report>
			<report>
				<misses>53100001</misses>
				<total>13</total>
				<timestamp>3453.872220</timestamp>
			</report>
			<report>
				<misses>53200001</misses>
				<total>13</total>
				<timestamp>3460.284656</timestamp>
			</report>
			<report>
				<misses>53300001</misses>
				<total>13</total>
				<timestamp>3466.682439</timestamp>
			</report>
			<report>
				<misses>53400001</misses>
				<total>13</total>
				<timestamp>3473.240227</timestamp>
			</report>
			<report>
				<misses>53500001</misses>
				<total>13</total>
				<timestamp>3479.785578</timestamp>
			</report>
			<report>
				<misses>53600001</misses>
				<total>13</total>
				<timestamp>3486.443807</timestamp>
			</report>
			<report>
				<misses>53700001</misses>
				<total>13</total>
				<timestamp>3492.851758</timestamp>
			</report>
			<report>
				<misses>53800001</misses>
				<total>14</total>
				<timestamp>3499.425178</timestamp>
			</report>
			<report>
				<misses>53900001</misses>
				<total>13</total>
				<timestamp>3505.942279</timestamp>
			</report>
			<report>
				<misses>54000001</misses>
				<total>13</total>
				<timestamp>3512.602477</timestamp>
			</report>
			<report>
				<misses>54100001</misses>
				<total>13</total>
				<timestamp>3519.103972</timestamp>
			</report>
			<report>
				<misses>54200001</misses>
				<total>13</total>
				<timestamp>3525.509341</timestamp>
			</report>
			<report>
				<misses>54300001</misses>
				<total>14</total>
				<timestamp>3531.914432</timestamp>
			</report>
			<report>
				<misses>54400001</misses>
				<total>13</total>
				<timestamp>3538.310005</timestamp>
			</report>
			<report>
				<misses>54500001</misses>
				<total>13</total>
				<timestamp>3544.743960</timestamp>
			</report>
			<report>
				<misses>54600001</misses>
				<total>13</total>
				<timestamp>3551.301222</timestamp>
			</report>
			<report>
				<misses>54700001</misses>
				<total>13</total>
				<timestamp>3557.877829</timestamp>
			</report>
			<report>
				<misses>54800001</misses>
				<total>13</total>
				<timestamp>3564.280474</timestamp>
			</report>
			<report>
				<misses>54900001</misses>
				<total>13</total>
				<timestamp>3570.706163</timestamp>
			</report>
			<report>
				<misses>55000001</misses>
				<total>13</total>
				<timestamp>3577.109489</timestamp>
			</report>
			<report>
				<misses>55100001</misses>
				<total>13</total>
				<timestamp>3583.512220</timestamp>
			</report>
			<report>
				<misses>55200001</misses>
				<total>13</total>
				<timestamp>3590.037670</timestamp>
			</report>
			<report>
				<misses>55300001</misses>
				<total>14</total>
				<timestamp>3596.484152</timestamp>
			</report>
		</query>
	</custom>
	<ethtool_statistic>
		<rx_packets>
			<start>1818807910</start>
			<end>2281159455</end>
		</rx_packets>
		<tx_packets>
			<start>1353446365</start>
			<end>1796279375</end>
		</tx_packets>
		<rx_dropped>
			<start>0</start>
			<end>0</end>
		</rx_dropped>
		<tx_dropped>
			<start>0</start>
			<end>0</end>
		</tx_dropped>
		<collisions>
			<start>0</start>
			<end>0</end>
		</collisions>
		<port_tx_errors>
			<start>-1</start>
			<end>-1</end>
		</port_tx_errors>
		<port_rx_dropped>
			<start>-1</start>
			<end>-1</end>
		</port_rx_dropped>
		<port_tx_dropped_link_down>
			<start>-1</start>
			<end>-1</end>
		</port_tx_dropped_link_down>
	</ethtool_statistic>
	<ip_statistic>
		<mtu>
			<start>9000</start>
			<end>9000</end>
		</mtu>
		<rx_bytes>
			<start>3830821381900</start>
			<end>7603596874976</end>
		</rx_bytes>
		<rx_packets>
			<start>1818808190</start>
			<end>2281159455</end>
		</rx_packets>
		<rx_errors>
			<start>0</start>
			<end>0</end>
		</rx_errors>
		<rx_dropped>
			<start>0</start>
			<end>0</end>
		</rx_dropped>
		<rx_missed>
			<start>0</start>
			<end>0</end>
		</rx_missed>
		<rx_mcast>
			<start>74</start>
			<end>80</end>
		</rx_mcast>
		<tx_bytes>
			<start>3790718923475</start>
			<end>7404225372478</end>
		</tx_bytes>
		<tx_packets>
			<start>1353446365</start>
			<end>1796279375</end>
		</tx_packets>
		<tx_errors>
			<start>0</start>
			<end>0</end>
		</tx_errors>
		<tx_dropped>
			<start>0</start>
			<end>0</end>
		</tx_dropped>
		<tx_carrier>
			<start>0</start>
			<end>0</end>
		</tx_carrier>
		<tx_collisions>
			<start>0</start>
			<end>0</end>
		</tx_collisions>
	</ip_statistic>
	<netstat_statistic>
		<udp_pkg_rec>
			<start>1564024195</start>
			<end>1621838535</end>
		</udp_pkg_rec>
		<udp_pkg_snt>
			<start>1353531862</start>
			<end>1408906418</end>
		</udp_pkg_snt>
		<udp_rec_err>
			<start>0</start>
			<end>1</end>
		</udp_rec_err>
		<udp_rec_buf_err>
			<start>0</start>
			<end>1</end>
		</udp_rec_buf_err>
		<udp_snt_buf_err>
			<start>0</start>
			<end>0</end>
		</udp_snt_buf_err>
	</netstat_statistic>
</test_results>
