<?xml version="1.0"?>
<test_results>
	<status>STATUS_SUCCESS</status>
	<custom>
		<num_loss>-1</num_loss>
		<num_total>-1</num_total>
		<num_misses>-1</num_misses>
		<elapsed_time>-1.000000</elapsed_time>
		<query />
	</custom>
	<ethtool_statistic>
		<rx_packets>
			<start>4883773530</start>
			<end>4935791785</end>
		</rx_packets>
		<tx_packets>
			<start>5707293824</start>
			<end>5765685963</end>
		</tx_packets>
		<rx_dropped>
			<start>484</start>
			<end>484</end>
		</rx_dropped>
		<tx_dropped>
			<start>0</start>
			<end>0</end>
		</tx_dropped>
		<collisions>
			<start>0</start>
			<end>0</end>
		</collisions>
		<port_tx_errors>
			<start>0</start>
			<end>0</end>
		</port_tx_errors>
		<port_rx_dropped>
			<start>0</start>
			<end>0</end>
		</port_rx_dropped>
		<port_tx_dropped_link_down>
			<start>0</start>
			<end>0</end>
		</port_tx_dropped_link_down>
	</ethtool_statistic>
	<ip_statistic>
		<mtu>
			<start>9000</start>
			<end>9000</end>
		</mtu>
		<rx_bytes>
			<start>17094688015039</start>
			<end>17332453972034</end>
		</rx_bytes>
		<rx_packets>
			<start>4883773616</start>
			<end>4935791890</end>
		</rx_packets>
		<rx_errors>
			<start>0</start>
			<end>0</end>
		</rx_errors>
		<rx_dropped>
			<start>484</start>
			<end>484</end>
		</rx_dropped>
		<rx_missed>
			<start>0</start>
			<end>0</end>
		</rx_missed>
		<rx_mcast>
			<start>2175</start>
			<end>2179</end>
		</rx_mcast>
		<tx_bytes>
			<start>18970110652088</start>
			<end>19164196641700</end>
		</tx_bytes>
		<tx_packets>
			<start>5707294054</start>
			<end>5765686250</end>
		</tx_packets>
		<tx_errors>
			<start>0</start>
			<end>0</end>
		</tx_errors>
		<tx_dropped>
			<start>0</start>
			<end>0</end>
		</tx_dropped>
		<tx_carrier>
			<start>0</start>
			<end>0</end>
		</tx_carrier>
		<tx_collisions>
			<start>0</start>
			<end>0</end>
		</tx_collisions>
	</ip_statistic>
	<netstat_statistic>
		<udp_pkg_rec>
			<start>4329784417</start>
			<end>4362193211</end>
		</udp_pkg_rec>
		<udp_pkg_snt>
			<start>5707295086</start>
			<end>5765687263</end>
		</udp_pkg_snt>
		<udp_rec_err>
			<start>377702520</start>
			<end>383311946</end>
		</udp_rec_err>
		<udp_rec_buf_err>
			<start>377702520</start>
			<end>383311946</end>
		</udp_rec_buf_err>
		<udp_snt_buf_err>
			<start>0</start>
			<end>0</end>
		</udp_snt_buf_err>
	</netstat_statistic>
</test_results>
