<?xml version="1.0"?>
<test_results>
	<status>STATUS_SUCCESS</status>
	<custom>
		<num_loss>65818</num_loss>
		<num_total>5000001</num_total>
		<num_misses>1</num_misses>
		<elapsed_time>1349.986970</elapsed_time>
		<query>
			<report>
				<misses>100000</misses>
				<total>39</total>
				<timestamp>26.999902</timestamp>
			</report>
			<report>
				<misses>200000</misses>
				<total>75</total>
				<timestamp>53.999673</timestamp>
			</report>
			<report>
				<misses>300000</misses>
				<total>102</total>
				<timestamp>80.999370</timestamp>
			</report>
			<report>
				<misses>400000</misses>
				<total>138</total>
				<timestamp>107.999097</timestamp>
			</report>
			<report>
				<misses>500000</misses>
				<total>167</total>
				<timestamp>134.998820</timestamp>
			</report>
			<report>
				<misses>600000</misses>
				<total>197</total>
				<timestamp>161.998906</timestamp>
			</report>
			<report>
				<misses>700000</misses>
				<total>234</total>
				<timestamp>188.998530</timestamp>
			</report>
			<report>
				<misses>800000</misses>
				<total>267</total>
				<timestamp>215.998255</timestamp>
			</report>
			<report>
				<misses>900000</misses>
				<total>323</total>
				<timestamp>242.998010</timestamp>
			</report>
			<report>
				<misses>1000000</misses>
				<total>374</total>
				<timestamp>269.997706</timestamp>
			</report>
			<report>
				<misses>1100000</misses>
				<total>415</total>
				<timestamp>296.997445</timestamp>
			</report>
			<report>
				<misses>1200000</misses>
				<total>450</total>
				<timestamp>323.997196</timestamp>
			</report>
			<report>
				<misses>1300000</misses>
				<total>480</total>
				<timestamp>350.996925</timestamp>
			</report>
			<report>
				<misses>1400000</misses>
				<total>503</total>
				<timestamp>377.996630</timestamp>
			</report>
			<report>
				<misses>1500000</misses>
				<total>537</total>
				<timestamp>404.996372</timestamp>
			</report>
			<report>
				<misses>1600000</misses>
				<total>586</total>
				<timestamp>431.996110</timestamp>
			</report>
			<report>
				<misses>1700000</misses>
				<total>603</total>
				<timestamp>458.995848</timestamp>
			</report>
			<report>
				<misses>1800000</misses>
				<total>642</total>
				<timestamp>485.995613</timestamp>
			</report>
			<report>
				<misses>1900000</misses>
				<total>678</total>
				<timestamp>512.995291</timestamp>
			</report>
			<report>
				<misses>2000000</misses>
				<total>716</total>
				<timestamp>539.995014</timestamp>
			</report>
			<report>
				<misses>2100000</misses>
				<total>741</total>
				<timestamp>566.994737</timestamp>
			</report>
			<report>
				<misses>2200000</misses>
				<total>768</total>
				<timestamp>593.994476</timestamp>
			</report>
			<report>
				<misses>2300000</misses>
				<total>795</total>
				<timestamp>620.994202</timestamp>
			</report>
			<report>
				<misses>2400000</misses>
				<total>826</total>
				<timestamp>647.993949</timestamp>
			</report>
			<report>
				<misses>2500000</misses>
				<total>852</total>
				<timestamp>674.993693</timestamp>
			</report>
			<report>
				<misses>2600000</misses>
				<total>878</total>
				<timestamp>701.993404</timestamp>
			</report>
			<report>
				<misses>2700000</misses>
				<total>888</total>
				<timestamp>728.993254</timestamp>
			</report>
			<report>
				<misses>2800000</misses>
				<total>36522</total>
				<timestamp>755.992897</timestamp>
			</report>
			<report>
				<misses>2900000</misses>
				<total>37887</total>
				<timestamp>782.992618</timestamp>
			</report>
			<report>
				<misses>3000000</misses>
				<total>37924</total>
				<timestamp>809.992404</timestamp>
			</report>
			<report>
				<misses>3100000</misses>
				<total>37943</total>
				<timestamp>836.992114</timestamp>
			</report>
			<report>
				<misses>3200000</misses>
				<total>37971</total>
				<timestamp>863.991783</timestamp>
			</report>
			<report>
				<misses>3300000</misses>
				<total>38008</total>
				<timestamp>890.991534</timestamp>
			</report>
			<report>
				<misses>3400000</misses>
				<total>38047</total>
				<timestamp>917.991259</timestamp>
			</report>
			<report>
				<misses>3500000</misses>
				<total>38069</total>
				<timestamp>944.990974</timestamp>
			</report>
			<report>
				<misses>3600000</misses>
				<total>38102</total>
				<timestamp>971.990735</timestamp>
			</report>
			<report>
				<misses>3700000</misses>
				<total>38128</total>
				<timestamp>998.990454</timestamp>
			</report>
			<report>
				<misses>3800000</misses>
				<total>38159</total>
				<timestamp>1025.990153</timestamp>
			</report>
			<report>
				<misses>3900000</misses>
				<total>38189</total>
				<timestamp>1052.989919</timestamp>
			</report>
			<report>
				<misses>4000000</misses>
				<total>38218</total>
				<timestamp>1079.989632</timestamp>
			</report>
			<report>
				<misses>4100000</misses>
				<total>38269</total>
				<timestamp>1106.989367</timestamp>
			</report>
			<report>
				<misses>4200000</misses>
				<total>38306</total>
				<timestamp>1133.989086</timestamp>
			</report>
			<report>
				<misses>4300000</misses>
				<total>38349</total>
				<timestamp>1160.988834</timestamp>
			</report>
			<report>
				<misses>4400000</misses>
				<total>38372</total>
				<timestamp>1187.988553</timestamp>
			</report>
			<report>
				<misses>4500000</misses>
				<total>38414</total>
				<timestamp>1214.988262</timestamp>
			</report>
			<report>
				<misses>4600000</misses>
				<total>38445</total>
				<timestamp>1241.987993</timestamp>
			</report>
			<report>
				<misses>4700000</misses>
				<total>38456</total>
				<timestamp>1268.987735</timestamp>
			</report>
			<report>
				<misses>4800000</misses>
				<total>38482</total>
				<timestamp>1295.987447</timestamp>
			</report>
			<report>
				<misses>4900000</misses>
				<total>38504</total>
				<timestamp>1322.987191</timestamp>
			</report>
			<report>
				<misses>5000000</misses>
				<total>65818</total>
				<timestamp>1349.986946</timestamp>
			</report>
		</query>
	</custom>
	<ethtool_statistic>
		<rx_packets>
			<start>4431402843</start>
			<end>4494492395</end>
		</rx_packets>
		<tx_packets>
			<start>5834435202</start>
			<end>5912289981</end>
		</tx_packets>
		<rx_dropped>
			<start>0</start>
			<end>0</end>
		</rx_dropped>
		<tx_dropped>
			<start>0</start>
			<end>0</end>
		</tx_dropped>
		<collisions>
			<start>0</start>
			<end>0</end>
		</collisions>
		<port_tx_errors>
			<start>0</start>
			<end>0</end>
		</port_tx_errors>
		<port_rx_dropped>
			<start>0</start>
			<end>0</end>
		</port_rx_dropped>
		<port_tx_dropped_link_down>
			<start>0</start>
			<end>0</end>
		</port_tx_dropped_link_down>
	</ethtool_statistic>
	<ip_statistic>
		<mtu>
			<start>9000</start>
			<end>9000</end>
		</mtu>
		<rx_bytes>
			<start>39836861975778</start>
			<end>40404031090896</end>
		</rx_bytes>
		<rx_packets>
			<start>4431402871</start>
			<end>4494492488</end>
		</rx_packets>
		<rx_errors>
			<start>0</start>
			<end>0</end>
		</rx_errors>
		<rx_dropped>
			<start>0</start>
			<end>0</end>
		</rx_dropped>
		<rx_missed>
			<start>0</start>
			<end>0</end>
		</rx_missed>
		<rx_mcast>
			<start>1268</start>
			<end>1289</end>
		</rx_mcast>
		<tx_bytes>
			<start>39218627864490</start>
			<end>39885337900050</end>
		</tx_bytes>
		<tx_packets>
			<start>5834435252</start>
			<end>5912290036</end>
		</tx_packets>
		<tx_errors>
			<start>0</start>
			<end>0</end>
		</tx_errors>
		<tx_dropped>
			<start>0</start>
			<end>0</end>
		</tx_dropped>
		<tx_carrier>
			<start>0</start>
			<end>0</end>
		</tx_carrier>
		<tx_collisions>
			<start>0</start>
			<end>0</end>
		</tx_collisions>
	</ip_statistic>
	<netstat_statistic>
		<udp_pkg_rec>
			<start>4187374665</start>
			<end>4246953843</end>
		</udp_pkg_rec>
		<udp_pkg_snt>
			<start>4415532979</start>
			<end>4458398439</end>
		</udp_pkg_snt>
		<udp_rec_err>
			<start>244495085</start>
			<end>248012378</end>
		</udp_rec_err>
		<udp_rec_buf_err>
			<start>244495085</start>
			<end>248012378</end>
		</udp_rec_buf_err>
		<udp_snt_buf_err>
			<start>0</start>
			<end>0</end>
		</udp_snt_buf_err>
	</netstat_statistic>
</test_results>
