<?xml version="1.0"?>
<test_results>
	<status>STATUS_SUCCESS</status>
	<custom>
		<num_loss>420</num_loss>
		<num_total>5000001</num_total>
		<num_misses>365</num_misses>
		<elapsed_time>849.212354</elapsed_time>
		<query>
			<report>
				<misses>1001</misses>
				<total>1</total>
				<timestamp>0.170024</timestamp>
			</report>
			<report>
				<misses>2001</misses>
				<total>1</total>
				<timestamp>0.339891</timestamp>
			</report>
			<report>
				<misses>3001</misses>
				<total>1</total>
				<timestamp>0.509730</timestamp>
			</report>
			<report>
				<misses>4001</misses>
				<total>1</total>
				<timestamp>0.679667</timestamp>
			</report>
			<report>
				<misses>5001</misses>
				<total>0</total>
				<timestamp>0.849619</timestamp>
			</report>
			<report>
				<misses>6001</misses>
				<total>0</total>
				<timestamp>1.019477</timestamp>
			</report>
			<report>
				<misses>7001</misses>
				<total>1</total>
				<timestamp>1.189151</timestamp>
			</report>
			<report>
				<misses>8001</misses>
				<total>1</total>
				<timestamp>1.359170</timestamp>
			</report>
			<report>
				<misses>9001</misses>
				<total>1</total>
				<timestamp>1.528974</timestamp>
			</report>
			<report>
				<misses>10001</misses>
				<total>1</total>
				<timestamp>1.698844</timestamp>
			</report>
			<report>
				<misses>11001</misses>
				<total>0</total>
				<timestamp>1.868712</timestamp>
			</report>
			<report>
				<misses>12001</misses>
				<total>0</total>
				<timestamp>2.038614</timestamp>
			</report>
			<report>
				<misses>13001</misses>
				<total>1</total>
				<timestamp>2.208421</timestamp>
			</report>
			<report>
				<misses>14001</misses>
				<total>1</total>
				<timestamp>2.378243</timestamp>
			</report>
			<report>
				<misses>15001</misses>
				<total>1</total>
				<timestamp>2.548054</timestamp>
			</report>
			<report>
				<misses>16001</misses>
				<total>1</total>
				<timestamp>2.717878</timestamp>
			</report>
			<report>
				<misses>17001</misses>
				<total>0</total>
				<timestamp>2.887742</timestamp>
			</report>
			<report>
				<misses>18001</misses>
				<total>0</total>
				<timestamp>3.057675</timestamp>
			</report>
			<report>
				<misses>19001</misses>
				<total>1</total>
				<timestamp>3.227543</timestamp>
			</report>
			<report>
				<misses>20001</misses>
				<total>1</total>
				<timestamp>3.397366</timestamp>
			</report>
			<report>
				<misses>21001</misses>
				<total>1</total>
				<timestamp>3.567241</timestamp>
			</report>
			<report>
				<misses>22001</misses>
				<total>1</total>
				<timestamp>3.736966</timestamp>
			</report>
			<report>
				<misses>23001</misses>
				<total>2</total>
				<timestamp>3.906853</timestamp>
			</report>
			<report>
				<misses>24001</misses>
				<total>3</total>
				<timestamp>4.076803</timestamp>
			</report>
			<report>
				<misses>25001</misses>
				<total>3</total>
				<timestamp>4.246650</timestamp>
			</report>
			<report>
				<misses>26001</misses>
				<total>3</total>
				<timestamp>4.416543</timestamp>
			</report>
			<report>
				<misses>27001</misses>
				<total>3</total>
				<timestamp>4.586344</timestamp>
			</report>
			<report>
				<misses>28001</misses>
				<total>3</total>
				<timestamp>4.756174</timestamp>
			</report>
			<report>
				<misses>29001</misses>
				<total>3</total>
				<timestamp>4.926053</timestamp>
			</report>
			<report>
				<misses>30001</misses>
				<total>3</total>
				<timestamp>5.095735</timestamp>
			</report>
			<report>
				<misses>31001</misses>
				<total>3</total>
				<timestamp>5.265701</timestamp>
			</report>
			<report>
				<misses>32001</misses>
				<total>3</total>
				<timestamp>5.435595</timestamp>
			</report>
			<report>
				<misses>33001</misses>
				<total>3</total>
				<timestamp>5.605475</timestamp>
			</report>
			<report>
				<misses>34001</misses>
				<total>3</total>
				<timestamp>5.775403</timestamp>
			</report>
			<report>
				<misses>35001</misses>
				<total>3</total>
				<timestamp>5.945155</timestamp>
			</report>
			<report>
				<misses>36001</misses>
				<total>3</total>
				<timestamp>6.114982</timestamp>
			</report>
			<report>
				<misses>37001</misses>
				<total>3</total>
				<timestamp>6.284815</timestamp>
			</report>
			<report>
				<misses>38001</misses>
				<total>3</total>
				<timestamp>6.454740</timestamp>
			</report>
			<report>
				<misses>39001</misses>
				<total>3</total>
				<timestamp>6.624676</timestamp>
			</report>
			<report>
				<misses>40001</misses>
				<total>3</total>
				<timestamp>6.794550</timestamp>
			</report>
			<report>
				<misses>41001</misses>
				<total>3</total>
				<timestamp>6.964337</timestamp>
			</report>
			<report>
				<misses>42001</misses>
				<total>3</total>
				<timestamp>7.134167</timestamp>
			</report>
			<report>
				<misses>43001</misses>
				<total>3</total>
				<timestamp>7.303919</timestamp>
			</report>
			<report>
				<misses>44001</misses>
				<total>3</total>
				<timestamp>7.473768</timestamp>
			</report>
			<report>
				<misses>45001</misses>
				<total>3</total>
				<timestamp>7.643615</timestamp>
			</report>
			<report>
				<misses>46001</misses>
				<total>3</total>
				<timestamp>7.813449</timestamp>
			</report>
			<report>
				<misses>47001</misses>
				<total>5</total>
				<timestamp>7.983325</timestamp>
			</report>
			<report>
				<misses>48001</misses>
				<total>5</total>
				<timestamp>8.153030</timestamp>
			</report>
			<report>
				<misses>49001</misses>
				<total>5</total>
				<timestamp>8.322887</timestamp>
			</report>
			<report>
				<misses>50001</misses>
				<total>5</total>
				<timestamp>8.492765</timestamp>
			</report>
			<report>
				<misses>51001</misses>
				<total>4</total>
				<timestamp>8.662691</timestamp>
			</report>
			<report>
				<misses>52001</misses>
				<total>5</total>
				<timestamp>8.832692</timestamp>
			</report>
			<report>
				<misses>53001</misses>
				<total>5</total>
				<timestamp>9.002561</timestamp>
			</report>
			<report>
				<misses>54001</misses>
				<total>5</total>
				<timestamp>9.172494</timestamp>
			</report>
			<report>
				<misses>55001</misses>
				<total>8</total>
				<timestamp>9.342289</timestamp>
			</report>
			<report>
				<misses>56001</misses>
				<total>8</total>
				<timestamp>9.512015</timestamp>
			</report>
			<report>
				<misses>57001</misses>
				<total>8</total>
				<timestamp>9.681938</timestamp>
			</report>
			<report>
				<misses>58001</misses>
				<total>8</total>
				<timestamp>9.851666</timestamp>
			</report>
			<report>
				<misses>59001</misses>
				<total>8</total>
				<timestamp>10.021557</timestamp>
			</report>
			<report>
				<misses>60001</misses>
				<total>7</total>
				<timestamp>10.191495</timestamp>
			</report>
			<report>
				<misses>61001</misses>
				<total>8</total>
				<timestamp>10.361406</timestamp>
			</report>
			<report>
				<misses>62001</misses>
				<total>8</total>
				<timestamp>10.531200</timestamp>
			</report>
			<report>
				<misses>63001</misses>
				<total>8</total>
				<timestamp>10.701131</timestamp>
			</report>
			<report>
				<misses>64001</misses>
				<total>8</total>
				<timestamp>10.870877</timestamp>
			</report>
			<report>
				<misses>65001</misses>
				<total>8</total>
				<timestamp>11.040755</timestamp>
			</report>
			<report>
				<misses>66001</misses>
				<total>8</total>
				<timestamp>11.210519</timestamp>
			</report>
			<report>
				<misses>67001</misses>
				<total>8</total>
				<timestamp>11.380302</timestamp>
			</report>
			<report>
				<misses>68001</misses>
				<total>8</total>
				<timestamp>11.550136</timestamp>
			</report>
			<report>
				<misses>69001</misses>
				<total>8</total>
				<timestamp>11.719967</timestamp>
			</report>
			<report>
				<misses>70001</misses>
				<total>8</total>
				<timestamp>11.889880</timestamp>
			</report>
			<report>
				<misses>71001</misses>
				<total>8</total>
				<timestamp>12.059675</timestamp>
			</report>
			<report>
				<misses>72001</misses>
				<total>8</total>
				<timestamp>12.229616</timestamp>
			</report>
			<report>
				<misses>73001</misses>
				<total>7</total>
				<timestamp>12.399497</timestamp>
			</report>
			<report>
				<misses>74001</misses>
				<total>8</total>
				<timestamp>12.569447</timestamp>
			</report>
			<report>
				<misses>75001</misses>
				<total>8</total>
				<timestamp>12.739122</timestamp>
			</report>
			<report>
				<misses>76001</misses>
				<total>8</total>
				<timestamp>12.908948</timestamp>
			</report>
			<report>
				<misses>77001</misses>
				<total>8</total>
				<timestamp>13.078786</timestamp>
			</report>
			<report>
				<misses>78001</misses>
				<total>8</total>
				<timestamp>13.248634</timestamp>
			</report>
			<report>
				<misses>79001</misses>
				<total>8</total>
				<timestamp>13.418447</timestamp>
			</report>
			<report>
				<misses>80001</misses>
				<total>8</total>
				<timestamp>13.588396</timestamp>
			</report>
			<report>
				<misses>81001</misses>
				<total>8</total>
				<timestamp>13.758144</timestamp>
			</report>
			<report>
				<misses>82001</misses>
				<total>8</total>
				<timestamp>13.928057</timestamp>
			</report>
			<report>
				<misses>83001</misses>
				<total>8</total>
				<timestamp>14.097892</timestamp>
			</report>
			<report>
				<misses>84001</misses>
				<total>8</total>
				<timestamp>14.267617</timestamp>
			</report>
			<report>
				<misses>85001</misses>
				<total>8</total>
				<timestamp>14.437545</timestamp>
			</report>
			<report>
				<misses>86001</misses>
				<total>8</total>
				<timestamp>14.607264</timestamp>
			</report>
			<report>
				<misses>87001</misses>
				<total>7</total>
				<timestamp>14.777405</timestamp>
			</report>
			<report>
				<misses>88001</misses>
				<total>8</total>
				<timestamp>14.947082</timestamp>
			</report>
			<report>
				<misses>89001</misses>
				<total>8</total>
				<timestamp>15.116957</timestamp>
			</report>
			<report>
				<misses>90001</misses>
				<total>8</total>
				<timestamp>15.286736</timestamp>
			</report>
			<report>
				<misses>91001</misses>
				<total>8</total>
				<timestamp>15.456615</timestamp>
			</report>
			<report>
				<misses>92001</misses>
				<total>7</total>
				<timestamp>15.626477</timestamp>
			</report>
			<report>
				<misses>93001</misses>
				<total>8</total>
				<timestamp>15.796265</timestamp>
			</report>
			<report>
				<misses>94001</misses>
				<total>8</total>
				<timestamp>15.966084</timestamp>
			</report>
			<report>
				<misses>95001</misses>
				<total>8</total>
				<timestamp>16.135914</timestamp>
			</report>
			<report>
				<misses>96001</misses>
				<total>8</total>
				<timestamp>16.305709</timestamp>
			</report>
			<report>
				<misses>97001</misses>
				<total>8</total>
				<timestamp>16.475662</timestamp>
			</report>
			<report>
				<misses>98001</misses>
				<total>7</total>
				<timestamp>16.645517</timestamp>
			</report>
			<report>
				<misses>99001</misses>
				<total>9</total>
				<timestamp>16.815249</timestamp>
			</report>
			<report>
				<misses>100001</misses>
				<total>9</total>
				<timestamp>16.985047</timestamp>
			</report>
			<report>
				<misses>101001</misses>
				<total>9</total>
				<timestamp>17.154867</timestamp>
			</report>
			<report>
				<misses>102001</misses>
				<total>10</total>
				<timestamp>17.324701</timestamp>
			</report>
			<report>
				<misses>103001</misses>
				<total>10</total>
				<timestamp>17.494611</timestamp>
			</report>
			<report>
				<misses>104001</misses>
				<total>10</total>
				<timestamp>17.664466</timestamp>
			</report>
			<report>
				<misses>105001</misses>
				<total>10</total>
				<timestamp>17.834215</timestamp>
			</report>
			<report>
				<misses>106001</misses>
				<total>10</total>
				<timestamp>18.004032</timestamp>
			</report>
			<report>
				<misses>107001</misses>
				<total>9</total>
				<timestamp>18.173921</timestamp>
			</report>
			<report>
				<misses>108001</misses>
				<total>10</total>
				<timestamp>18.343831</timestamp>
			</report>
			<report>
				<misses>109001</misses>
				<total>10</total>
				<timestamp>18.513674</timestamp>
			</report>
			<report>
				<misses>110001</misses>
				<total>10</total>
				<timestamp>18.683573</timestamp>
			</report>
			<report>
				<misses>111001</misses>
				<total>9</total>
				<timestamp>18.853452</timestamp>
			</report>
			<report>
				<misses>112001</misses>
				<total>11</total>
				<timestamp>19.023442</timestamp>
			</report>
			<report>
				<misses>113001</misses>
				<total>11</total>
				<timestamp>19.193231</timestamp>
			</report>
			<report>
				<misses>114001</misses>
				<total>11</total>
				<timestamp>19.362986</timestamp>
			</report>
			<report>
				<misses>115001</misses>
				<total>11</total>
				<timestamp>19.532808</timestamp>
			</report>
			<report>
				<misses>116001</misses>
				<total>11</total>
				<timestamp>19.702652</timestamp>
			</report>
			<report>
				<misses>117001</misses>
				<total>10</total>
				<timestamp>19.872555</timestamp>
			</report>
			<report>
				<misses>118001</misses>
				<total>11</total>
				<timestamp>20.042325</timestamp>
			</report>
			<report>
				<misses>119001</misses>
				<total>11</total>
				<timestamp>20.212179</timestamp>
			</report>
			<report>
				<misses>120001</misses>
				<total>11</total>
				<timestamp>20.381988</timestamp>
			</report>
			<report>
				<misses>121001</misses>
				<total>11</total>
				<timestamp>20.551804</timestamp>
			</report>
			<report>
				<misses>122001</misses>
				<total>11</total>
				<timestamp>20.721630</timestamp>
			</report>
			<report>
				<misses>123001</misses>
				<total>10</total>
				<timestamp>20.891566</timestamp>
			</report>
			<report>
				<misses>124001</misses>
				<total>11</total>
				<timestamp>21.061322</timestamp>
			</report>
			<report>
				<misses>125001</misses>
				<total>11</total>
				<timestamp>21.231133</timestamp>
			</report>
			<report>
				<misses>126001</misses>
				<total>11</total>
				<timestamp>21.401196</timestamp>
			</report>
			<report>
				<misses>127001</misses>
				<total>11</total>
				<timestamp>21.570970</timestamp>
			</report>
			<report>
				<misses>128001</misses>
				<total>11</total>
				<timestamp>21.740789</timestamp>
			</report>
			<report>
				<misses>129001</misses>
				<total>11</total>
				<timestamp>21.910646</timestamp>
			</report>
			<report>
				<misses>130001</misses>
				<total>10</total>
				<timestamp>22.080567</timestamp>
			</report>
			<report>
				<misses>131001</misses>
				<total>11</total>
				<timestamp>22.250336</timestamp>
			</report>
			<report>
				<misses>132001</misses>
				<total>11</total>
				<timestamp>22.420105</timestamp>
			</report>
			<report>
				<misses>133001</misses>
				<total>11</total>
				<timestamp>22.589938</timestamp>
			</report>
			<report>
				<misses>134001</misses>
				<total>11</total>
				<timestamp>22.759774</timestamp>
			</report>
			<report>
				<misses>135001</misses>
				<total>11</total>
				<timestamp>22.929604</timestamp>
			</report>
			<report>
				<misses>136001</misses>
				<total>11</total>
				<timestamp>23.099552</timestamp>
			</report>
			<report>
				<misses>137001</misses>
				<total>10</total>
				<timestamp>23.269333</timestamp>
			</report>
			<report>
				<misses>138001</misses>
				<total>11</total>
				<timestamp>23.439146</timestamp>
			</report>
			<report>
				<misses>139001</misses>
				<total>11</total>
				<timestamp>23.609023</timestamp>
			</report>
			<report>
				<misses>140001</misses>
				<total>11</total>
				<timestamp>23.778795</timestamp>
			</report>
			<report>
				<misses>141001</misses>
				<total>11</total>
				<timestamp>23.948577</timestamp>
			</report>
			<report>
				<misses>142001</misses>
				<total>11</total>
				<timestamp>24.118430</timestamp>
			</report>
			<report>
				<misses>143001</misses>
				<total>11</total>
				<timestamp>24.288380</timestamp>
			</report>
			<report>
				<misses>144001</misses>
				<total>11</total>
				<timestamp>24.458183</timestamp>
			</report>
			<report>
				<misses>145001</misses>
				<total>11</total>
				<timestamp>24.627989</timestamp>
			</report>
			<report>
				<misses>146001</misses>
				<total>11</total>
				<timestamp>24.797791</timestamp>
			</report>
			<report>
				<misses>147001</misses>
				<total>11</total>
				<timestamp>24.967655</timestamp>
			</report>
			<report>
				<misses>148001</misses>
				<total>11</total>
				<timestamp>25.137449</timestamp>
			</report>
			<report>
				<misses>149001</misses>
				<total>11</total>
				<timestamp>25.307310</timestamp>
			</report>
			<report>
				<misses>150001</misses>
				<total>11</total>
				<timestamp>25.477132</timestamp>
			</report>
			<report>
				<misses>151001</misses>
				<total>11</total>
				<timestamp>25.646958</timestamp>
			</report>
			<report>
				<misses>152001</misses>
				<total>11</total>
				<timestamp>25.816694</timestamp>
			</report>
			<report>
				<misses>153001</misses>
				<total>11</total>
				<timestamp>25.986547</timestamp>
			</report>
			<report>
				<misses>154001</misses>
				<total>11</total>
				<timestamp>26.156405</timestamp>
			</report>
			<report>
				<misses>155001</misses>
				<total>10</total>
				<timestamp>26.326316</timestamp>
			</report>
			<report>
				<misses>156001</misses>
				<total>11</total>
				<timestamp>26.496040</timestamp>
			</report>
			<report>
				<misses>157001</misses>
				<total>11</total>
				<timestamp>26.665869</timestamp>
			</report>
			<report>
				<misses>158001</misses>
				<total>11</total>
				<timestamp>26.835731</timestamp>
			</report>
			<report>
				<misses>159001</misses>
				<total>11</total>
				<timestamp>27.005514</timestamp>
			</report>
			<report>
				<misses>160001</misses>
				<total>11</total>
				<timestamp>27.175468</timestamp>
			</report>
			<report>
				<misses>161001</misses>
				<total>11</total>
				<timestamp>27.345227</timestamp>
			</report>
			<report>
				<misses>162001</misses>
				<total>11</total>
				<timestamp>27.515066</timestamp>
			</report>
			<report>
				<misses>163001</misses>
				<total>11</total>
				<timestamp>27.684852</timestamp>
			</report>
			<report>
				<misses>164001</misses>
				<total>12</total>
				<timestamp>27.854768</timestamp>
			</report>
			<report>
				<misses>165001</misses>
				<total>12</total>
				<timestamp>28.024552</timestamp>
			</report>
			<report>
				<misses>166001</misses>
				<total>12</total>
				<timestamp>28.194449</timestamp>
			</report>
			<report>
				<misses>167001</misses>
				<total>11</total>
				<timestamp>28.364428</timestamp>
			</report>
			<report>
				<misses>168001</misses>
				<total>12</total>
				<timestamp>28.534341</timestamp>
			</report>
			<report>
				<misses>169001</misses>
				<total>11</total>
				<timestamp>28.704434</timestamp>
			</report>
			<report>
				<misses>170001</misses>
				<total>11</total>
				<timestamp>28.874301</timestamp>
			</report>
			<report>
				<misses>171001</misses>
				<total>12</total>
				<timestamp>29.044094</timestamp>
			</report>
			<report>
				<misses>172001</misses>
				<total>12</total>
				<timestamp>29.213921</timestamp>
			</report>
			<report>
				<misses>173001</misses>
				<total>12</total>
				<timestamp>29.383672</timestamp>
			</report>
			<report>
				<misses>174001</misses>
				<total>12</total>
				<timestamp>29.553588</timestamp>
			</report>
			<report>
				<misses>175001</misses>
				<total>11</total>
				<timestamp>29.723492</timestamp>
			</report>
			<report>
				<misses>176001</misses>
				<total>12</total>
				<timestamp>29.893484</timestamp>
			</report>
			<report>
				<misses>177001</misses>
				<total>12</total>
				<timestamp>30.063387</timestamp>
			</report>
			<report>
				<misses>178001</misses>
				<total>11</total>
				<timestamp>30.233358</timestamp>
			</report>
			<report>
				<misses>179001</misses>
				<total>11</total>
				<timestamp>30.403338</timestamp>
			</report>
			<report>
				<misses>180001</misses>
				<total>11</total>
				<timestamp>30.573322</timestamp>
			</report>
			<report>
				<misses>181001</misses>
				<total>11</total>
				<timestamp>30.743412</timestamp>
			</report>
			<report>
				<misses>182001</misses>
				<total>12</total>
				<timestamp>30.913239</timestamp>
			</report>
			<report>
				<misses>183001</misses>
				<total>12</total>
				<timestamp>31.083081</timestamp>
			</report>
			<report>
				<misses>184001</misses>
				<total>12</total>
				<timestamp>31.252928</timestamp>
			</report>
			<report>
				<misses>185001</misses>
				<total>12</total>
				<timestamp>31.422766</timestamp>
			</report>
			<report>
				<misses>186001</misses>
				<total>12</total>
				<timestamp>31.592480</timestamp>
			</report>
			<report>
				<misses>187001</misses>
				<total>11</total>
				<timestamp>31.762379</timestamp>
			</report>
			<report>
				<misses>188001</misses>
				<total>11</total>
				<timestamp>31.932268</timestamp>
			</report>
			<report>
				<misses>189001</misses>
				<total>13</total>
				<timestamp>32.101946</timestamp>
			</report>
			<report>
				<misses>190001</misses>
				<total>13</total>
				<timestamp>32.271767</timestamp>
			</report>
			<report>
				<misses>191001</misses>
				<total>13</total>
				<timestamp>32.441660</timestamp>
			</report>
			<report>
				<misses>192001</misses>
				<total>13</total>
				<timestamp>32.611496</timestamp>
			</report>
			<report>
				<misses>193001</misses>
				<total>12</total>
				<timestamp>32.781371</timestamp>
			</report>
			<report>
				<misses>194001</misses>
				<total>13</total>
				<timestamp>32.951129</timestamp>
			</report>
			<report>
				<misses>195001</misses>
				<total>13</total>
				<timestamp>33.120936</timestamp>
			</report>
			<report>
				<misses>196001</misses>
				<total>13</total>
				<timestamp>33.290764</timestamp>
			</report>
			<report>
				<misses>197001</misses>
				<total>13</total>
				<timestamp>33.460583</timestamp>
			</report>
			<report>
				<misses>198001</misses>
				<total>12</total>
				<timestamp>33.630486</timestamp>
			</report>
			<report>
				<misses>199001</misses>
				<total>13</total>
				<timestamp>33.800380</timestamp>
			</report>
			<report>
				<misses>200001</misses>
				<total>13</total>
				<timestamp>33.970103</timestamp>
			</report>
			<report>
				<misses>201001</misses>
				<total>13</total>
				<timestamp>34.139920</timestamp>
			</report>
			<report>
				<misses>202001</misses>
				<total>13</total>
				<timestamp>34.309738</timestamp>
			</report>
			<report>
				<misses>203001</misses>
				<total>13</total>
				<timestamp>34.479558</timestamp>
			</report>
			<report>
				<misses>204001</misses>
				<total>13</total>
				<timestamp>34.649414</timestamp>
			</report>
			<report>
				<misses>205001</misses>
				<total>12</total>
				<timestamp>34.819347</timestamp>
			</report>
			<report>
				<misses>206001</misses>
				<total>13</total>
				<timestamp>34.989106</timestamp>
			</report>
			<report>
				<misses>207001</misses>
				<total>13</total>
				<timestamp>35.158899</timestamp>
			</report>
			<report>
				<misses>208001</misses>
				<total>13</total>
				<timestamp>35.328717</timestamp>
			</report>
			<report>
				<misses>209001</misses>
				<total>13</total>
				<timestamp>35.498554</timestamp>
			</report>
			<report>
				<misses>210001</misses>
				<total>13</total>
				<timestamp>35.668466</timestamp>
			</report>
			<report>
				<misses>211001</misses>
				<total>12</total>
				<timestamp>35.838352</timestamp>
			</report>
			<report>
				<misses>212001</misses>
				<total>13</total>
				<timestamp>36.008075</timestamp>
			</report>
			<report>
				<misses>213001</misses>
				<total>13</total>
				<timestamp>36.177966</timestamp>
			</report>
			<report>
				<misses>214001</misses>
				<total>13</total>
				<timestamp>36.347689</timestamp>
			</report>
			<report>
				<misses>215001</misses>
				<total>13</total>
				<timestamp>36.517506</timestamp>
			</report>
			<report>
				<misses>216001</misses>
				<total>13</total>
				<timestamp>36.687366</timestamp>
			</report>
			<report>
				<misses>217001</misses>
				<total>13</total>
				<timestamp>36.857230</timestamp>
			</report>
			<report>
				<misses>218001</misses>
				<total>13</total>
				<timestamp>37.027045</timestamp>
			</report>
			<report>
				<misses>219001</misses>
				<total>13</total>
				<timestamp>37.196829</timestamp>
			</report>
			<report>
				<misses>220001</misses>
				<total>13</total>
				<timestamp>37.366651</timestamp>
			</report>
			<report>
				<misses>221001</misses>
				<total>13</total>
				<timestamp>37.536490</timestamp>
			</report>
			<report>
				<misses>222001</misses>
				<total>13</total>
				<timestamp>37.706404</timestamp>
			</report>
			<report>
				<misses>223001</misses>
				<total>13</total>
				<timestamp>37.876243</timestamp>
			</report>
			<report>
				<misses>224001</misses>
				<total>13</total>
				<timestamp>38.046010</timestamp>
			</report>
			<report>
				<misses>225001</misses>
				<total>13</total>
				<timestamp>38.215810</timestamp>
			</report>
			<report>
				<misses>226001</misses>
				<total>13</total>
				<timestamp>38.385649</timestamp>
			</report>
			<report>
				<misses>227001</misses>
				<total>13</total>
				<timestamp>38.555511</timestamp>
			</report>
			<report>
				<misses>228001</misses>
				<total>12</total>
				<timestamp>38.725445</timestamp>
			</report>
			<report>
				<misses>229001</misses>
				<total>12</total>
				<timestamp>38.895250</timestamp>
			</report>
			<report>
				<misses>230001</misses>
				<total>13</total>
				<timestamp>39.064969</timestamp>
			</report>
			<report>
				<misses>231001</misses>
				<total>13</total>
				<timestamp>39.234786</timestamp>
			</report>
			<report>
				<misses>232001</misses>
				<total>13</total>
				<timestamp>39.404626</timestamp>
			</report>
			<report>
				<misses>233001</misses>
				<total>13</total>
				<timestamp>39.574463</timestamp>
			</report>
			<report>
				<misses>234001</misses>
				<total>13</total>
				<timestamp>39.744335</timestamp>
			</report>
			<report>
				<misses>235001</misses>
				<total>13</total>
				<timestamp>39.914205</timestamp>
			</report>
			<report>
				<misses>236001</misses>
				<total>13</total>
				<timestamp>40.083952</timestamp>
			</report>
			<report>
				<misses>237001</misses>
				<total>13</total>
				<timestamp>40.253785</timestamp>
			</report>
			<report>
				<misses>238001</misses>
				<total>13</total>
				<timestamp>40.423607</timestamp>
			</report>
			<report>
				<misses>239001</misses>
				<total>13</total>
				<timestamp>40.593457</timestamp>
			</report>
			<report>
				<misses>240001</misses>
				<total>13</total>
				<timestamp>40.763302</timestamp>
			</report>
			<report>
				<misses>241001</misses>
				<total>12</total>
				<timestamp>40.933241</timestamp>
			</report>
			<report>
				<misses>242001</misses>
				<total>13</total>
				<timestamp>41.102966</timestamp>
			</report>
			<report>
				<misses>243001</misses>
				<total>13</total>
				<timestamp>41.272787</timestamp>
			</report>
			<report>
				<misses>244001</misses>
				<total>13</total>
				<timestamp>41.442596</timestamp>
			</report>
			<report>
				<misses>245001</misses>
				<total>13</total>
				<timestamp>41.612446</timestamp>
			</report>
			<report>
				<misses>246001</misses>
				<total>13</total>
				<timestamp>41.782312</timestamp>
			</report>
			<report>
				<misses>247001</misses>
				<total>12</total>
				<timestamp>41.952203</timestamp>
			</report>
			<report>
				<misses>248001</misses>
				<total>13</total>
				<timestamp>42.121971</timestamp>
			</report>
			<report>
				<misses>249001</misses>
				<total>13</total>
				<timestamp>42.291744</timestamp>
			</report>
			<report>
				<misses>250001</misses>
				<total>13</total>
				<timestamp>42.461572</timestamp>
			</report>
			<report>
				<misses>251001</misses>
				<total>12</total>
				<timestamp>42.631426</timestamp>
			</report>
			<report>
				<misses>252001</misses>
				<total>13</total>
				<timestamp>42.801294</timestamp>
			</report>
			<report>
				<misses>253001</misses>
				<total>13</total>
				<timestamp>42.971082</timestamp>
			</report>
			<report>
				<misses>254001</misses>
				<total>13</total>
				<timestamp>43.140910</timestamp>
			</report>
			<report>
				<misses>255001</misses>
				<total>13</total>
				<timestamp>43.310719</timestamp>
			</report>
			<report>
				<misses>256001</misses>
				<total>13</total>
				<timestamp>43.480552</timestamp>
			</report>
			<report>
				<misses>257001</misses>
				<total>13</total>
				<timestamp>43.650441</timestamp>
			</report>
			<report>
				<misses>258001</misses>
				<total>12</total>
				<timestamp>43.820368</timestamp>
			</report>
			<report>
				<misses>259001</misses>
				<total>13</total>
				<timestamp>43.990053</timestamp>
			</report>
			<report>
				<misses>260001</misses>
				<total>13</total>
				<timestamp>44.159879</timestamp>
			</report>
			<report>
				<misses>261001</misses>
				<total>13</total>
				<timestamp>44.329749</timestamp>
			</report>
			<report>
				<misses>262001</misses>
				<total>13</total>
				<timestamp>44.499577</timestamp>
			</report>
			<report>
				<misses>263001</misses>
				<total>13</total>
				<timestamp>44.669511</timestamp>
			</report>
			<report>
				<misses>264001</misses>
				<total>13</total>
				<timestamp>44.839410</timestamp>
			</report>
			<report>
				<misses>265001</misses>
				<total>12</total>
				<timestamp>45.009337</timestamp>
			</report>
			<report>
				<misses>266001</misses>
				<total>12</total>
				<timestamp>45.179296</timestamp>
			</report>
			<report>
				<misses>267001</misses>
				<total>12</total>
				<timestamp>45.349251</timestamp>
			</report>
			<report>
				<misses>268001</misses>
				<total>13</total>
				<timestamp>45.519190</timestamp>
			</report>
			<report>
				<misses>269001</misses>
				<total>13</total>
				<timestamp>45.688879</timestamp>
			</report>
			<report>
				<misses>270001</misses>
				<total>13</total>
				<timestamp>45.858720</timestamp>
			</report>
			<report>
				<misses>271001</misses>
				<total>13</total>
				<timestamp>46.028529</timestamp>
			</report>
			<report>
				<misses>272001</misses>
				<total>13</total>
				<timestamp>46.198416</timestamp>
			</report>
			<report>
				<misses>273001</misses>
				<total>12</total>
				<timestamp>46.368386</timestamp>
			</report>
			<report>
				<misses>274001</misses>
				<total>13</total>
				<timestamp>46.538234</timestamp>
			</report>
			<report>
				<misses>275001</misses>
				<total>13</total>
				<timestamp>46.708054</timestamp>
			</report>
			<report>
				<misses>276001</misses>
				<total>13</total>
				<timestamp>46.877931</timestamp>
			</report>
			<report>
				<misses>277001</misses>
				<total>13</total>
				<timestamp>47.047771</timestamp>
			</report>
			<report>
				<misses>278001</misses>
				<total>13</total>
				<timestamp>47.217512</timestamp>
			</report>
			<report>
				<misses>279001</misses>
				<total>13</total>
				<timestamp>47.387449</timestamp>
			</report>
			<report>
				<misses>280001</misses>
				<total>13</total>
				<timestamp>47.557197</timestamp>
			</report>
			<report>
				<misses>281001</misses>
				<total>13</total>
				<timestamp>47.727012</timestamp>
			</report>
			<report>
				<misses>282001</misses>
				<total>13</total>
				<timestamp>47.896835</timestamp>
			</report>
			<report>
				<misses>283001</misses>
				<total>13</total>
				<timestamp>48.066712</timestamp>
			</report>
			<report>
				<misses>284001</misses>
				<total>13</total>
				<timestamp>48.236492</timestamp>
			</report>
			<report>
				<misses>285001</misses>
				<total>12</total>
				<timestamp>48.406487</timestamp>
			</report>
			<report>
				<misses>286001</misses>
				<total>12</total>
				<timestamp>48.576431</timestamp>
			</report>
			<report>
				<misses>287001</misses>
				<total>13</total>
				<timestamp>48.746168</timestamp>
			</report>
			<report>
				<misses>288001</misses>
				<total>13</total>
				<timestamp>48.916044</timestamp>
			</report>
			<report>
				<misses>289001</misses>
				<total>13</total>
				<timestamp>49.085877</timestamp>
			</report>
			<report>
				<misses>290001</misses>
				<total>13</total>
				<timestamp>49.255692</timestamp>
			</report>
			<report>
				<misses>291001</misses>
				<total>13</total>
				<timestamp>49.425521</timestamp>
			</report>
			<report>
				<misses>292001</misses>
				<total>12</total>
				<timestamp>49.595531</timestamp>
			</report>
			<report>
				<misses>293001</misses>
				<total>12</total>
				<timestamp>49.765397</timestamp>
			</report>
			<report>
				<misses>294001</misses>
				<total>12</total>
				<timestamp>49.935229</timestamp>
			</report>
			<report>
				<misses>295001</misses>
				<total>13</total>
				<timestamp>50.105055</timestamp>
			</report>
			<report>
				<misses>296001</misses>
				<total>13</total>
				<timestamp>50.274769</timestamp>
			</report>
			<report>
				<misses>297001</misses>
				<total>13</total>
				<timestamp>50.444608</timestamp>
			</report>
			<report>
				<misses>298001</misses>
				<total>13</total>
				<timestamp>50.614470</timestamp>
			</report>
			<report>
				<misses>299001</misses>
				<total>13</total>
				<timestamp>50.784312</timestamp>
			</report>
			<report>
				<misses>300001</misses>
				<total>13</total>
				<timestamp>50.954237</timestamp>
			</report>
			<report>
				<misses>301001</misses>
				<total>13</total>
				<timestamp>51.124012</timestamp>
			</report>
			<report>
				<misses>302001</misses>
				<total>13</total>
				<timestamp>51.293870</timestamp>
			</report>
			<report>
				<misses>303001</misses>
				<total>13</total>
				<timestamp>51.463656</timestamp>
			</report>
			<report>
				<misses>304001</misses>
				<total>13</total>
				<timestamp>51.633467</timestamp>
			</report>
			<report>
				<misses>305001</misses>
				<total>12</total>
				<timestamp>51.803440</timestamp>
			</report>
			<report>
				<misses>306001</misses>
				<total>12</total>
				<timestamp>51.973369</timestamp>
			</report>
			<report>
				<misses>307001</misses>
				<total>13</total>
				<timestamp>52.143149</timestamp>
			</report>
			<report>
				<misses>308001</misses>
				<total>13</total>
				<timestamp>52.312984</timestamp>
			</report>
			<report>
				<misses>309001</misses>
				<total>13</total>
				<timestamp>52.482805</timestamp>
			</report>
			<report>
				<misses>310001</misses>
				<total>13</total>
				<timestamp>52.652563</timestamp>
			</report>
			<report>
				<misses>311001</misses>
				<total>13</total>
				<timestamp>52.822514</timestamp>
			</report>
			<report>
				<misses>312001</misses>
				<total>13</total>
				<timestamp>52.992345</timestamp>
			</report>
			<report>
				<misses>313001</misses>
				<total>13</total>
				<timestamp>53.162125</timestamp>
			</report>
			<report>
				<misses>314001</misses>
				<total>13</total>
				<timestamp>53.332016</timestamp>
			</report>
			<report>
				<misses>315001</misses>
				<total>13</total>
				<timestamp>53.501767</timestamp>
			</report>
			<report>
				<misses>316001</misses>
				<total>13</total>
				<timestamp>53.671638</timestamp>
			</report>
			<report>
				<misses>317001</misses>
				<total>13</total>
				<timestamp>53.841384</timestamp>
			</report>
			<report>
				<misses>318001</misses>
				<total>12</total>
				<timestamp>54.011374</timestamp>
			</report>
			<report>
				<misses>319001</misses>
				<total>12</total>
				<timestamp>54.181267</timestamp>
			</report>
			<report>
				<misses>320001</misses>
				<total>13</total>
				<timestamp>54.351208</timestamp>
			</report>
			<report>
				<misses>321001</misses>
				<total>12</total>
				<timestamp>54.521169</timestamp>
			</report>
			<report>
				<misses>322001</misses>
				<total>13</total>
				<timestamp>54.690910</timestamp>
			</report>
			<report>
				<misses>323001</misses>
				<total>13</total>
				<timestamp>54.860706</timestamp>
			</report>
			<report>
				<misses>324001</misses>
				<total>13</total>
				<timestamp>55.030537</timestamp>
			</report>
			<report>
				<misses>325001</misses>
				<total>13</total>
				<timestamp>55.200385</timestamp>
			</report>
			<report>
				<misses>326001</misses>
				<total>12</total>
				<timestamp>55.370221</timestamp>
			</report>
			<report>
				<misses>327001</misses>
				<total>12</total>
				<timestamp>55.540119</timestamp>
			</report>
			<report>
				<misses>328001</misses>
				<total>13</total>
				<timestamp>55.709924</timestamp>
			</report>
			<report>
				<misses>329001</misses>
				<total>13</total>
				<timestamp>55.879680</timestamp>
			</report>
			<report>
				<misses>330001</misses>
				<total>13</total>
				<timestamp>56.049603</timestamp>
			</report>
			<report>
				<misses>331001</misses>
				<total>13</total>
				<timestamp>56.219340</timestamp>
			</report>
			<report>
				<misses>332001</misses>
				<total>13</total>
				<timestamp>56.389184</timestamp>
			</report>
			<report>
				<misses>333001</misses>
				<total>12</total>
				<timestamp>56.559134</timestamp>
			</report>
			<report>
				<misses>334001</misses>
				<total>13</total>
				<timestamp>56.728910</timestamp>
			</report>
			<report>
				<misses>335001</misses>
				<total>13</total>
				<timestamp>56.898739</timestamp>
			</report>
			<report>
				<misses>336001</misses>
				<total>13</total>
				<timestamp>57.068604</timestamp>
			</report>
			<report>
				<misses>337001</misses>
				<total>13</total>
				<timestamp>57.238336</timestamp>
			</report>
			<report>
				<misses>338001</misses>
				<total>13</total>
				<timestamp>57.408200</timestamp>
			</report>
			<report>
				<misses>339001</misses>
				<total>12</total>
				<timestamp>57.578104</timestamp>
			</report>
			<report>
				<misses>340001</misses>
				<total>13</total>
				<timestamp>57.747793</timestamp>
			</report>
			<report>
				<misses>341001</misses>
				<total>13</total>
				<timestamp>57.917737</timestamp>
			</report>
			<report>
				<misses>342001</misses>
				<total>13</total>
				<timestamp>58.087459</timestamp>
			</report>
			<report>
				<misses>343001</misses>
				<total>13</total>
				<timestamp>58.257356</timestamp>
			</report>
			<report>
				<misses>344001</misses>
				<total>13</total>
				<timestamp>58.427194</timestamp>
			</report>
			<report>
				<misses>345001</misses>
				<total>13</total>
				<timestamp>58.597021</timestamp>
			</report>
			<report>
				<misses>346001</misses>
				<total>13</total>
				<timestamp>58.766867</timestamp>
			</report>
			<report>
				<misses>347001</misses>
				<total>13</total>
				<timestamp>58.936602</timestamp>
			</report>
			<report>
				<misses>348001</misses>
				<total>13</total>
				<timestamp>59.106559</timestamp>
			</report>
			<report>
				<misses>349001</misses>
				<total>12</total>
				<timestamp>59.276322</timestamp>
			</report>
			<report>
				<misses>350001</misses>
				<total>12</total>
				<timestamp>59.446202</timestamp>
			</report>
			<report>
				<misses>351001</misses>
				<total>13</total>
				<timestamp>59.615979</timestamp>
			</report>
			<report>
				<misses>352001</misses>
				<total>13</total>
				<timestamp>59.785785</timestamp>
			</report>
			<report>
				<misses>353001</misses>
				<total>13</total>
				<timestamp>59.955602</timestamp>
			</report>
			<report>
				<misses>354001</misses>
				<total>13</total>
				<timestamp>60.125516</timestamp>
			</report>
			<report>
				<misses>355001</misses>
				<total>13</total>
				<timestamp>60.295349</timestamp>
			</report>
			<report>
				<misses>356001</misses>
				<total>12</total>
				<timestamp>60.465312</timestamp>
			</report>
			<report>
				<misses>357001</misses>
				<total>13</total>
				<timestamp>60.635178</timestamp>
			</report>
			<report>
				<misses>358001</misses>
				<total>13</total>
				<timestamp>60.804975</timestamp>
			</report>
			<report>
				<misses>359001</misses>
				<total>13</total>
				<timestamp>60.974807</timestamp>
			</report>
			<report>
				<misses>360001</misses>
				<total>13</total>
				<timestamp>61.144580</timestamp>
			</report>
			<report>
				<misses>361001</misses>
				<total>13</total>
				<timestamp>61.314471</timestamp>
			</report>
			<report>
				<misses>362001</misses>
				<total>12</total>
				<timestamp>61.484300</timestamp>
			</report>
			<report>
				<misses>363001</misses>
				<total>12</total>
				<timestamp>61.654183</timestamp>
			</report>
			<report>
				<misses>364001</misses>
				<total>13</total>
				<timestamp>61.823957</timestamp>
			</report>
			<report>
				<misses>365001</misses>
				<total>13</total>
				<timestamp>61.993717</timestamp>
			</report>
			<report>
				<misses>366001</misses>
				<total>13</total>
				<timestamp>62.163552</timestamp>
			</report>
			<report>
				<misses>367001</misses>
				<total>14</total>
				<timestamp>62.333387</timestamp>
			</report>
			<report>
				<misses>368001</misses>
				<total>13</total>
				<timestamp>62.503310</timestamp>
			</report>
			<report>
				<misses>369001</misses>
				<total>13</total>
				<timestamp>62.673170</timestamp>
			</report>
			<report>
				<misses>370001</misses>
				<total>14</total>
				<timestamp>62.842906</timestamp>
			</report>
			<report>
				<misses>371001</misses>
				<total>14</total>
				<timestamp>63.012709</timestamp>
			</report>
			<report>
				<misses>372001</misses>
				<total>14</total>
				<timestamp>63.182528</timestamp>
			</report>
			<report>
				<misses>373001</misses>
				<total>14</total>
				<timestamp>63.352379</timestamp>
			</report>
			<report>
				<misses>374001</misses>
				<total>16</total>
				<timestamp>63.522299</timestamp>
			</report>
			<report>
				<misses>375001</misses>
				<total>16</total>
				<timestamp>63.692072</timestamp>
			</report>
			<report>
				<misses>376001</misses>
				<total>16</total>
				<timestamp>63.861881</timestamp>
			</report>
			<report>
				<misses>377001</misses>
				<total>16</total>
				<timestamp>64.031699</timestamp>
			</report>
			<report>
				<misses>378001</misses>
				<total>16</total>
				<timestamp>64.201506</timestamp>
			</report>
			<report>
				<misses>379001</misses>
				<total>18</total>
				<timestamp>64.371342</timestamp>
			</report>
			<report>
				<misses>380001</misses>
				<total>18</total>
				<timestamp>64.541195</timestamp>
			</report>
			<report>
				<misses>381001</misses>
				<total>18</total>
				<timestamp>64.711077</timestamp>
			</report>
			<report>
				<misses>382001</misses>
				<total>18</total>
				<timestamp>64.880853</timestamp>
			</report>
			<report>
				<misses>383001</misses>
				<total>18</total>
				<timestamp>65.050648</timestamp>
			</report>
			<report>
				<misses>384001</misses>
				<total>18</total>
				<timestamp>65.220516</timestamp>
			</report>
			<report>
				<misses>385001</misses>
				<total>18</total>
				<timestamp>65.390317</timestamp>
			</report>
			<report>
				<misses>386001</misses>
				<total>18</total>
				<timestamp>65.560158</timestamp>
			</report>
			<report>
				<misses>387001</misses>
				<total>18</total>
				<timestamp>65.730078</timestamp>
			</report>
			<report>
				<misses>388001</misses>
				<total>18</total>
				<timestamp>65.899888</timestamp>
			</report>
			<report>
				<misses>389001</misses>
				<total>20</total>
				<timestamp>66.069652</timestamp>
			</report>
			<report>
				<misses>390001</misses>
				<total>20</total>
				<timestamp>66.239527</timestamp>
			</report>
			<report>
				<misses>391001</misses>
				<total>20</total>
				<timestamp>66.409419</timestamp>
			</report>
			<report>
				<misses>392001</misses>
				<total>20</total>
				<timestamp>66.579233</timestamp>
			</report>
			<report>
				<misses>393001</misses>
				<total>19</total>
				<timestamp>66.749100</timestamp>
			</report>
			<report>
				<misses>394001</misses>
				<total>20</total>
				<timestamp>66.918953</timestamp>
			</report>
			<report>
				<misses>395001</misses>
				<total>20</total>
				<timestamp>67.088628</timestamp>
			</report>
			<report>
				<misses>396001</misses>
				<total>20</total>
				<timestamp>67.258516</timestamp>
			</report>
			<report>
				<misses>397001</misses>
				<total>20</total>
				<timestamp>67.428349</timestamp>
			</report>
			<report>
				<misses>398001</misses>
				<total>20</total>
				<timestamp>67.598236</timestamp>
			</report>
			<report>
				<misses>399001</misses>
				<total>19</total>
				<timestamp>67.768079</timestamp>
			</report>
			<report>
				<misses>400001</misses>
				<total>20</total>
				<timestamp>67.937894</timestamp>
			</report>
			<report>
				<misses>401001</misses>
				<total>20</total>
				<timestamp>68.107637</timestamp>
			</report>
			<report>
				<misses>402001</misses>
				<total>20</total>
				<timestamp>68.277481</timestamp>
			</report>
			<report>
				<misses>403001</misses>
				<total>20</total>
				<timestamp>68.447275</timestamp>
			</report>
			<report>
				<misses>404001</misses>
				<total>19</total>
				<timestamp>68.617145</timestamp>
			</report>
			<report>
				<misses>405001</misses>
				<total>20</total>
				<timestamp>68.786973</timestamp>
			</report>
			<report>
				<misses>406001</misses>
				<total>20</total>
				<timestamp>68.956786</timestamp>
			</report>
			<report>
				<misses>407001</misses>
				<total>20</total>
				<timestamp>69.126589</timestamp>
			</report>
			<report>
				<misses>408001</misses>
				<total>20</total>
				<timestamp>69.296413</timestamp>
			</report>
			<report>
				<misses>409001</misses>
				<total>20</total>
				<timestamp>69.466285</timestamp>
			</report>
			<report>
				<misses>410001</misses>
				<total>20</total>
				<timestamp>69.636145</timestamp>
			</report>
			<report>
				<misses>411001</misses>
				<total>20</total>
				<timestamp>69.805981</timestamp>
			</report>
			<report>
				<misses>412001</misses>
				<total>20</total>
				<timestamp>69.975766</timestamp>
			</report>
			<report>
				<misses>413001</misses>
				<total>20</total>
				<timestamp>70.145579</timestamp>
			</report>
			<report>
				<misses>414001</misses>
				<total>20</total>
				<timestamp>70.315407</timestamp>
			</report>
			<report>
				<misses>415001</misses>
				<total>20</total>
				<timestamp>70.485315</timestamp>
			</report>
			<report>
				<misses>416001</misses>
				<total>19</total>
				<timestamp>70.655171</timestamp>
			</report>
			<report>
				<misses>417001</misses>
				<total>19</total>
				<timestamp>70.825058</timestamp>
			</report>
			<report>
				<misses>418001</misses>
				<total>19</total>
				<timestamp>70.995121</timestamp>
			</report>
			<report>
				<misses>419001</misses>
				<total>20</total>
				<timestamp>71.165028</timestamp>
			</report>
			<report>
				<misses>420001</misses>
				<total>21</total>
				<timestamp>71.334804</timestamp>
			</report>
			<report>
				<misses>421001</misses>
				<total>21</total>
				<timestamp>71.504583</timestamp>
			</report>
			<report>
				<misses>422001</misses>
				<total>21</total>
				<timestamp>71.674377</timestamp>
			</report>
			<report>
				<misses>423001</misses>
				<total>21</total>
				<timestamp>71.844272</timestamp>
			</report>
			<report>
				<misses>424001</misses>
				<total>21</total>
				<timestamp>72.014181</timestamp>
			</report>
			<report>
				<misses>425001</misses>
				<total>20</total>
				<timestamp>72.184028</timestamp>
			</report>
			<report>
				<misses>426001</misses>
				<total>21</total>
				<timestamp>72.353773</timestamp>
			</report>
			<report>
				<misses>427001</misses>
				<total>21</total>
				<timestamp>72.523592</timestamp>
			</report>
			<report>
				<misses>428001</misses>
				<total>21</total>
				<timestamp>72.693463</timestamp>
			</report>
			<report>
				<misses>429001</misses>
				<total>21</total>
				<timestamp>72.863247</timestamp>
			</report>
			<report>
				<misses>430001</misses>
				<total>21</total>
				<timestamp>73.033067</timestamp>
			</report>
			<report>
				<misses>431001</misses>
				<total>21</total>
				<timestamp>73.202898</timestamp>
			</report>
			<report>
				<misses>432001</misses>
				<total>21</total>
				<timestamp>73.372687</timestamp>
			</report>
			<report>
				<misses>433001</misses>
				<total>21</total>
				<timestamp>73.542524</timestamp>
			</report>
			<report>
				<misses>434001</misses>
				<total>21</total>
				<timestamp>73.712328</timestamp>
			</report>
			<report>
				<misses>435001</misses>
				<total>20</total>
				<timestamp>73.882249</timestamp>
			</report>
			<report>
				<misses>436001</misses>
				<total>20</total>
				<timestamp>74.052043</timestamp>
			</report>
			<report>
				<misses>437001</misses>
				<total>21</total>
				<timestamp>74.221824</timestamp>
			</report>
			<report>
				<misses>438001</misses>
				<total>21</total>
				<timestamp>74.391748</timestamp>
			</report>
			<report>
				<misses>439001</misses>
				<total>22</total>
				<timestamp>74.561615</timestamp>
			</report>
			<report>
				<misses>440001</misses>
				<total>22</total>
				<timestamp>74.731319</timestamp>
			</report>
			<report>
				<misses>441001</misses>
				<total>22</total>
				<timestamp>74.901244</timestamp>
			</report>
			<report>
				<misses>442001</misses>
				<total>21</total>
				<timestamp>75.071093</timestamp>
			</report>
			<report>
				<misses>443001</misses>
				<total>22</total>
				<timestamp>75.241077</timestamp>
			</report>
			<report>
				<misses>444001</misses>
				<total>22</total>
				<timestamp>75.410879</timestamp>
			</report>
			<report>
				<misses>445001</misses>
				<total>22</total>
				<timestamp>75.580641</timestamp>
			</report>
			<report>
				<misses>446001</misses>
				<total>22</total>
				<timestamp>75.750464</timestamp>
			</report>
			<report>
				<misses>447001</misses>
				<total>23</total>
				<timestamp>75.920292</timestamp>
			</report>
			<report>
				<misses>448001</misses>
				<total>22</total>
				<timestamp>76.090224</timestamp>
			</report>
			<report>
				<misses>449001</misses>
				<total>23</total>
				<timestamp>76.260008</timestamp>
			</report>
			<report>
				<misses>450001</misses>
				<total>23</total>
				<timestamp>76.429792</timestamp>
			</report>
			<report>
				<misses>451001</misses>
				<total>23</total>
				<timestamp>76.599662</timestamp>
			</report>
			<report>
				<misses>452001</misses>
				<total>23</total>
				<timestamp>76.769520</timestamp>
			</report>
			<report>
				<misses>453001</misses>
				<total>23</total>
				<timestamp>76.939275</timestamp>
			</report>
			<report>
				<misses>454001</misses>
				<total>23</total>
				<timestamp>77.109111</timestamp>
			</report>
			<report>
				<misses>455001</misses>
				<total>23</total>
				<timestamp>77.279009</timestamp>
			</report>
			<report>
				<misses>456001</misses>
				<total>23</total>
				<timestamp>77.448767</timestamp>
			</report>
			<report>
				<misses>457001</misses>
				<total>23</total>
				<timestamp>77.618586</timestamp>
			</report>
			<report>
				<misses>458001</misses>
				<total>23</total>
				<timestamp>77.788439</timestamp>
			</report>
			<report>
				<misses>459001</misses>
				<total>23</total>
				<timestamp>77.958247</timestamp>
			</report>
			<report>
				<misses>460001</misses>
				<total>23</total>
				<timestamp>78.128080</timestamp>
			</report>
			<report>
				<misses>461001</misses>
				<total>23</total>
				<timestamp>78.297985</timestamp>
			</report>
			<report>
				<misses>462001</misses>
				<total>23</total>
				<timestamp>78.467797</timestamp>
			</report>
			<report>
				<misses>463001</misses>
				<total>23</total>
				<timestamp>78.637566</timestamp>
			</report>
			<report>
				<misses>464001</misses>
				<total>23</total>
				<timestamp>78.807392</timestamp>
			</report>
			<report>
				<misses>465001</misses>
				<total>23</total>
				<timestamp>78.977226</timestamp>
			</report>
			<report>
				<misses>466001</misses>
				<total>23</total>
				<timestamp>79.147091</timestamp>
			</report>
			<report>
				<misses>467001</misses>
				<total>23</total>
				<timestamp>79.316990</timestamp>
			</report>
			<report>
				<misses>468001</misses>
				<total>23</total>
				<timestamp>79.486777</timestamp>
			</report>
			<report>
				<misses>469001</misses>
				<total>23</total>
				<timestamp>79.656553</timestamp>
			</report>
			<report>
				<misses>470001</misses>
				<total>23</total>
				<timestamp>79.826395</timestamp>
			</report>
			<report>
				<misses>471001</misses>
				<total>23</total>
				<timestamp>79.996244</timestamp>
			</report>
			<report>
				<misses>472001</misses>
				<total>23</total>
				<timestamp>80.166149</timestamp>
			</report>
			<report>
				<misses>473001</misses>
				<total>23</total>
				<timestamp>80.336012</timestamp>
			</report>
			<report>
				<misses>474001</misses>
				<total>23</total>
				<timestamp>80.505703</timestamp>
			</report>
			<report>
				<misses>475001</misses>
				<total>24</total>
				<timestamp>80.675549</timestamp>
			</report>
			<report>
				<misses>476001</misses>
				<total>24</total>
				<timestamp>80.845396</timestamp>
			</report>
			<report>
				<misses>477001</misses>
				<total>24</total>
				<timestamp>81.015210</timestamp>
			</report>
			<report>
				<misses>478001</misses>
				<total>24</total>
				<timestamp>81.185104</timestamp>
			</report>
			<report>
				<misses>479001</misses>
				<total>23</total>
				<timestamp>81.355001</timestamp>
			</report>
			<report>
				<misses>480001</misses>
				<total>24</total>
				<timestamp>81.524728</timestamp>
			</report>
			<report>
				<misses>481001</misses>
				<total>24</total>
				<timestamp>81.694543</timestamp>
			</report>
			<report>
				<misses>482001</misses>
				<total>24</total>
				<timestamp>81.864329</timestamp>
			</report>
			<report>
				<misses>483001</misses>
				<total>24</total>
				<timestamp>82.034207</timestamp>
			</report>
			<report>
				<misses>484001</misses>
				<total>23</total>
				<timestamp>82.204161</timestamp>
			</report>
			<report>
				<misses>485001</misses>
				<total>24</total>
				<timestamp>82.373942</timestamp>
			</report>
			<report>
				<misses>486001</misses>
				<total>24</total>
				<timestamp>82.543695</timestamp>
			</report>
			<report>
				<misses>487001</misses>
				<total>24</total>
				<timestamp>82.713497</timestamp>
			</report>
			<report>
				<misses>488001</misses>
				<total>24</total>
				<timestamp>82.883323</timestamp>
			</report>
			<report>
				<misses>489001</misses>
				<total>23</total>
				<timestamp>83.053185</timestamp>
			</report>
			<report>
				<misses>490001</misses>
				<total>23</total>
				<timestamp>83.223052</timestamp>
			</report>
			<report>
				<misses>491001</misses>
				<total>23</total>
				<timestamp>83.392978</timestamp>
			</report>
			<report>
				<misses>492001</misses>
				<total>23</total>
				<timestamp>83.562957</timestamp>
			</report>
			<report>
				<misses>493001</misses>
				<total>24</total>
				<timestamp>83.732634</timestamp>
			</report>
			<report>
				<misses>494001</misses>
				<total>24</total>
				<timestamp>83.902468</timestamp>
			</report>
			<report>
				<misses>495001</misses>
				<total>24</total>
				<timestamp>84.072306</timestamp>
			</report>
			<report>
				<misses>496001</misses>
				<total>24</total>
				<timestamp>84.242188</timestamp>
			</report>
			<report>
				<misses>497001</misses>
				<total>23</total>
				<timestamp>84.412050</timestamp>
			</report>
			<report>
				<misses>498001</misses>
				<total>23</total>
				<timestamp>84.581955</timestamp>
			</report>
			<report>
				<misses>499001</misses>
				<total>24</total>
				<timestamp>84.751619</timestamp>
			</report>
			<report>
				<misses>500001</misses>
				<total>24</total>
				<timestamp>84.921451</timestamp>
			</report>
			<report>
				<misses>501001</misses>
				<total>24</total>
				<timestamp>85.091321</timestamp>
			</report>
			<report>
				<misses>502001</misses>
				<total>26</total>
				<timestamp>85.261141</timestamp>
			</report>
			<report>
				<misses>503001</misses>
				<total>26</total>
				<timestamp>85.431044</timestamp>
			</report>
			<report>
				<misses>504001</misses>
				<total>26</total>
				<timestamp>85.600935</timestamp>
			</report>
			<report>
				<misses>505001</misses>
				<total>27</total>
				<timestamp>85.770603</timestamp>
			</report>
			<report>
				<misses>506001</misses>
				<total>27</total>
				<timestamp>85.940443</timestamp>
			</report>
			<report>
				<misses>507001</misses>
				<total>27</total>
				<timestamp>86.110254</timestamp>
			</report>
			<report>
				<misses>508001</misses>
				<total>27</total>
				<timestamp>86.280165</timestamp>
			</report>
			<report>
				<misses>509001</misses>
				<total>27</total>
				<timestamp>86.449929</timestamp>
			</report>
			<report>
				<misses>510001</misses>
				<total>27</total>
				<timestamp>86.619769</timestamp>
			</report>
			<report>
				<misses>511001</misses>
				<total>27</total>
				<timestamp>86.789582</timestamp>
			</report>
			<report>
				<misses>512001</misses>
				<total>27</total>
				<timestamp>86.959399</timestamp>
			</report>
			<report>
				<misses>513001</misses>
				<total>27</total>
				<timestamp>87.129379</timestamp>
			</report>
			<report>
				<misses>514001</misses>
				<total>27</total>
				<timestamp>87.299173</timestamp>
			</report>
			<report>
				<misses>515001</misses>
				<total>26</total>
				<timestamp>87.469041</timestamp>
			</report>
			<report>
				<misses>516001</misses>
				<total>27</total>
				<timestamp>87.638777</timestamp>
			</report>
			<report>
				<misses>517001</misses>
				<total>27</total>
				<timestamp>87.808561</timestamp>
			</report>
			<report>
				<misses>518001</misses>
				<total>27</total>
				<timestamp>87.978384</timestamp>
			</report>
			<report>
				<misses>519001</misses>
				<total>27</total>
				<timestamp>88.148229</timestamp>
			</report>
			<report>
				<misses>520001</misses>
				<total>28</total>
				<timestamp>88.318181</timestamp>
			</report>
			<report>
				<misses>521001</misses>
				<total>28</total>
				<timestamp>88.488006</timestamp>
			</report>
			<report>
				<misses>522001</misses>
				<total>29</total>
				<timestamp>88.657721</timestamp>
			</report>
			<report>
				<misses>523001</misses>
				<total>29</total>
				<timestamp>88.827593</timestamp>
			</report>
			<report>
				<misses>524001</misses>
				<total>29</total>
				<timestamp>88.997370</timestamp>
			</report>
			<report>
				<misses>525001</misses>
				<total>29</total>
				<timestamp>89.167206</timestamp>
			</report>
			<report>
				<misses>526001</misses>
				<total>29</total>
				<timestamp>89.337153</timestamp>
			</report>
			<report>
				<misses>527001</misses>
				<total>29</total>
				<timestamp>89.506930</timestamp>
			</report>
			<report>
				<misses>528001</misses>
				<total>29</total>
				<timestamp>89.676716</timestamp>
			</report>
			<report>
				<misses>529001</misses>
				<total>29</total>
				<timestamp>89.846535</timestamp>
			</report>
			<report>
				<misses>530001</misses>
				<total>29</total>
				<timestamp>90.016354</timestamp>
			</report>
			<report>
				<misses>531001</misses>
				<total>29</total>
				<timestamp>90.186196</timestamp>
			</report>
			<report>
				<misses>532001</misses>
				<total>28</total>
				<timestamp>90.356137</timestamp>
			</report>
			<report>
				<misses>533001</misses>
				<total>29</total>
				<timestamp>90.525873</timestamp>
			</report>
			<report>
				<misses>534001</misses>
				<total>28</total>
				<timestamp>90.695738</timestamp>
			</report>
			<report>
				<misses>535001</misses>
				<total>29</total>
				<timestamp>90.865515</timestamp>
			</report>
			<report>
				<misses>536001</misses>
				<total>29</total>
				<timestamp>91.035329</timestamp>
			</report>
			<report>
				<misses>537001</misses>
				<total>29</total>
				<timestamp>91.205223</timestamp>
			</report>
			<report>
				<misses>538001</misses>
				<total>28</total>
				<timestamp>91.375103</timestamp>
			</report>
			<report>
				<misses>539001</misses>
				<total>29</total>
				<timestamp>91.544886</timestamp>
			</report>
			<report>
				<misses>540001</misses>
				<total>29</total>
				<timestamp>91.714666</timestamp>
			</report>
			<report>
				<misses>541001</misses>
				<total>29</total>
				<timestamp>91.884508</timestamp>
			</report>
			<report>
				<misses>542001</misses>
				<total>29</total>
				<timestamp>92.054407</timestamp>
			</report>
			<report>
				<misses>543001</misses>
				<total>29</total>
				<timestamp>92.224171</timestamp>
			</report>
			<report>
				<misses>544001</misses>
				<total>28</total>
				<timestamp>92.394272</timestamp>
			</report>
			<report>
				<misses>545001</misses>
				<total>28</total>
				<timestamp>92.564210</timestamp>
			</report>
			<report>
				<misses>546001</misses>
				<total>29</total>
				<timestamp>92.734084</timestamp>
			</report>
			<report>
				<misses>547001</misses>
				<total>29</total>
				<timestamp>92.903924</timestamp>
			</report>
			<report>
				<misses>548001</misses>
				<total>29</total>
				<timestamp>93.073635</timestamp>
			</report>
			<report>
				<misses>549001</misses>
				<total>29</total>
				<timestamp>93.243464</timestamp>
			</report>
			<report>
				<misses>550001</misses>
				<total>29</total>
				<timestamp>93.413383</timestamp>
			</report>
			<report>
				<misses>551001</misses>
				<total>29</total>
				<timestamp>93.583254</timestamp>
			</report>
			<report>
				<misses>552001</misses>
				<total>29</total>
				<timestamp>93.753029</timestamp>
			</report>
			<report>
				<misses>553001</misses>
				<total>28</total>
				<timestamp>93.922994</timestamp>
			</report>
			<report>
				<misses>554001</misses>
				<total>29</total>
				<timestamp>94.092887</timestamp>
			</report>
			<report>
				<misses>555001</misses>
				<total>29</total>
				<timestamp>94.262692</timestamp>
			</report>
			<report>
				<misses>556001</misses>
				<total>29</total>
				<timestamp>94.432471</timestamp>
			</report>
			<report>
				<misses>557001</misses>
				<total>29</total>
				<timestamp>94.602354</timestamp>
			</report>
			<report>
				<misses>558001</misses>
				<total>29</total>
				<timestamp>94.772170</timestamp>
			</report>
			<report>
				<misses>559001</misses>
				<total>29</total>
				<timestamp>94.942064</timestamp>
			</report>
			<report>
				<misses>560001</misses>
				<total>28</total>
				<timestamp>95.111979</timestamp>
			</report>
			<report>
				<misses>561001</misses>
				<total>28</total>
				<timestamp>95.281971</timestamp>
			</report>
			<report>
				<misses>562001</misses>
				<total>30</total>
				<timestamp>95.451839</timestamp>
			</report>
			<report>
				<misses>563001</misses>
				<total>30</total>
				<timestamp>95.621693</timestamp>
			</report>
			<report>
				<misses>564001</misses>
				<total>30</total>
				<timestamp>95.791418</timestamp>
			</report>
			<report>
				<misses>565001</misses>
				<total>30</total>
				<timestamp>95.961255</timestamp>
			</report>
			<report>
				<misses>566001</misses>
				<total>30</total>
				<timestamp>96.131095</timestamp>
			</report>
			<report>
				<misses>567001</misses>
				<total>30</total>
				<timestamp>96.300925</timestamp>
			</report>
			<report>
				<misses>568001</misses>
				<total>29</total>
				<timestamp>96.470886</timestamp>
			</report>
			<report>
				<misses>569001</misses>
				<total>30</total>
				<timestamp>96.640568</timestamp>
			</report>
			<report>
				<misses>570001</misses>
				<total>30</total>
				<timestamp>96.810422</timestamp>
			</report>
			<report>
				<misses>571001</misses>
				<total>30</total>
				<timestamp>96.980242</timestamp>
			</report>
			<report>
				<misses>572001</misses>
				<total>30</total>
				<timestamp>97.150086</timestamp>
			</report>
			<report>
				<misses>573001</misses>
				<total>29</total>
				<timestamp>97.319981</timestamp>
			</report>
			<report>
				<misses>574001</misses>
				<total>29</total>
				<timestamp>97.489865</timestamp>
			</report>
			<report>
				<misses>575001</misses>
				<total>30</total>
				<timestamp>97.659560</timestamp>
			</report>
			<report>
				<misses>576001</misses>
				<total>30</total>
				<timestamp>97.829379</timestamp>
			</report>
			<report>
				<misses>577001</misses>
				<total>30</total>
				<timestamp>97.999225</timestamp>
			</report>
			<report>
				<misses>578001</misses>
				<total>30</total>
				<timestamp>98.169090</timestamp>
			</report>
			<report>
				<misses>579001</misses>
				<total>30</total>
				<timestamp>98.338903</timestamp>
			</report>
			<report>
				<misses>580001</misses>
				<total>29</total>
				<timestamp>98.508893</timestamp>
			</report>
			<report>
				<misses>581001</misses>
				<total>29</total>
				<timestamp>98.678855</timestamp>
			</report>
			<report>
				<misses>582001</misses>
				<total>30</total>
				<timestamp>98.848531</timestamp>
			</report>
			<report>
				<misses>583001</misses>
				<total>30</total>
				<timestamp>99.018357</timestamp>
			</report>
			<report>
				<misses>584001</misses>
				<total>30</total>
				<timestamp>99.188221</timestamp>
			</report>
			<report>
				<misses>585001</misses>
				<total>29</total>
				<timestamp>99.358074</timestamp>
			</report>
			<report>
				<misses>586001</misses>
				<total>29</total>
				<timestamp>99.527950</timestamp>
			</report>
			<report>
				<misses>587001</misses>
				<total>29</total>
				<timestamp>99.697819</timestamp>
			</report>
			<report>
				<misses>588001</misses>
				<total>30</total>
				<timestamp>99.867516</timestamp>
			</report>
			<report>
				<misses>589001</misses>
				<total>30</total>
				<timestamp>100.037363</timestamp>
			</report>
			<report>
				<misses>590001</misses>
				<total>30</total>
				<timestamp>100.207297</timestamp>
			</report>
			<report>
				<misses>591001</misses>
				<total>29</total>
				<timestamp>100.377200</timestamp>
			</report>
			<report>
				<misses>592001</misses>
				<total>29</total>
				<timestamp>100.547195</timestamp>
			</report>
			<report>
				<misses>593001</misses>
				<total>29</total>
				<timestamp>100.717103</timestamp>
			</report>
			<report>
				<misses>594001</misses>
				<total>29</total>
				<timestamp>100.887014</timestamp>
			</report>
			<report>
				<misses>595001</misses>
				<total>29</total>
				<timestamp>101.056993</timestamp>
			</report>
			<report>
				<misses>596001</misses>
				<total>30</total>
				<timestamp>101.226762</timestamp>
			</report>
			<report>
				<misses>597001</misses>
				<total>30</total>
				<timestamp>101.396557</timestamp>
			</report>
			<report>
				<misses>598001</misses>
				<total>30</total>
				<timestamp>101.566409</timestamp>
			</report>
			<report>
				<misses>599001</misses>
				<total>30</total>
				<timestamp>101.736236</timestamp>
			</report>
			<report>
				<misses>600001</misses>
				<total>29</total>
				<timestamp>101.906093</timestamp>
			</report>
			<report>
				<misses>601001</misses>
				<total>30</total>
				<timestamp>102.075922</timestamp>
			</report>
			<report>
				<misses>602001</misses>
				<total>30</total>
				<timestamp>102.245817</timestamp>
			</report>
			<report>
				<misses>603001</misses>
				<total>30</total>
				<timestamp>102.415856</timestamp>
			</report>
			<report>
				<misses>604001</misses>
				<total>30</total>
				<timestamp>102.585827</timestamp>
			</report>
			<report>
				<misses>605001</misses>
				<total>30</total>
				<timestamp>102.755685</timestamp>
			</report>
			<report>
				<misses>606001</misses>
				<total>30</total>
				<timestamp>102.925605</timestamp>
			</report>
			<report>
				<misses>607001</misses>
				<total>30</total>
				<timestamp>103.095343</timestamp>
			</report>
			<report>
				<misses>608001</misses>
				<total>30</total>
				<timestamp>103.265214</timestamp>
			</report>
			<report>
				<misses>609001</misses>
				<total>30</total>
				<timestamp>103.435175</timestamp>
			</report>
			<report>
				<misses>610001</misses>
				<total>30</total>
				<timestamp>103.605091</timestamp>
			</report>
			<report>
				<misses>611001</misses>
				<total>30</total>
				<timestamp>103.774962</timestamp>
			</report>
			<report>
				<misses>612001</misses>
				<total>30</total>
				<timestamp>103.944778</timestamp>
			</report>
			<report>
				<misses>613001</misses>
				<total>30</total>
				<timestamp>104.114481</timestamp>
			</report>
			<report>
				<misses>614001</misses>
				<total>30</total>
				<timestamp>104.284288</timestamp>
			</report>
			<report>
				<misses>615001</misses>
				<total>30</total>
				<timestamp>104.454134</timestamp>
			</report>
			<report>
				<misses>616001</misses>
				<total>29</total>
				<timestamp>104.624098</timestamp>
			</report>
			<report>
				<misses>617001</misses>
				<total>29</total>
				<timestamp>104.793918</timestamp>
			</report>
			<report>
				<misses>618001</misses>
				<total>30</total>
				<timestamp>104.963735</timestamp>
			</report>
			<report>
				<misses>619001</misses>
				<total>30</total>
				<timestamp>105.133484</timestamp>
			</report>
			<report>
				<misses>620001</misses>
				<total>30</total>
				<timestamp>105.303277</timestamp>
			</report>
			<report>
				<misses>621001</misses>
				<total>30</total>
				<timestamp>105.473213</timestamp>
			</report>
			<report>
				<misses>622001</misses>
				<total>30</total>
				<timestamp>105.642962</timestamp>
			</report>
			<report>
				<misses>623001</misses>
				<total>30</total>
				<timestamp>105.812812</timestamp>
			</report>
			<report>
				<misses>624001</misses>
				<total>30</total>
				<timestamp>105.982708</timestamp>
			</report>
			<report>
				<misses>625001</misses>
				<total>30</total>
				<timestamp>106.152407</timestamp>
			</report>
			<report>
				<misses>626001</misses>
				<total>30</total>
				<timestamp>106.322240</timestamp>
			</report>
			<report>
				<misses>627001</misses>
				<total>30</total>
				<timestamp>106.492078</timestamp>
			</report>
			<report>
				<misses>628001</misses>
				<total>30</total>
				<timestamp>106.662023</timestamp>
			</report>
			<report>
				<misses>629001</misses>
				<total>30</total>
				<timestamp>106.831852</timestamp>
			</report>
			<report>
				<misses>630001</misses>
				<total>30</total>
				<timestamp>107.001630</timestamp>
			</report>
			<report>
				<misses>631001</misses>
				<total>30</total>
				<timestamp>107.171385</timestamp>
			</report>
			<report>
				<misses>632001</misses>
				<total>30</total>
				<timestamp>107.341218</timestamp>
			</report>
			<report>
				<misses>633001</misses>
				<total>30</total>
				<timestamp>107.511101</timestamp>
			</report>
			<report>
				<misses>634001</misses>
				<total>29</total>
				<timestamp>107.681017</timestamp>
			</report>
			<report>
				<misses>635001</misses>
				<total>30</total>
				<timestamp>107.850820</timestamp>
			</report>
			<report>
				<misses>636001</misses>
				<total>30</total>
				<timestamp>108.020613</timestamp>
			</report>
			<report>
				<misses>637001</misses>
				<total>31</total>
				<timestamp>108.190392</timestamp>
			</report>
			<report>
				<misses>638001</misses>
				<total>31</total>
				<timestamp>108.360213</timestamp>
			</report>
			<report>
				<misses>639001</misses>
				<total>33</total>
				<timestamp>108.530058</timestamp>
			</report>
			<report>
				<misses>640001</misses>
				<total>33</total>
				<timestamp>108.699928</timestamp>
			</report>
			<report>
				<misses>641001</misses>
				<total>33</total>
				<timestamp>108.869810</timestamp>
			</report>
			<report>
				<misses>642001</misses>
				<total>33</total>
				<timestamp>109.039535</timestamp>
			</report>
			<report>
				<misses>643001</misses>
				<total>33</total>
				<timestamp>109.209424</timestamp>
			</report>
			<report>
				<misses>644001</misses>
				<total>33</total>
				<timestamp>109.379194</timestamp>
			</report>
			<report>
				<misses>645001</misses>
				<total>33</total>
				<timestamp>109.549023</timestamp>
			</report>
			<report>
				<misses>646001</misses>
				<total>33</total>
				<timestamp>109.718873</timestamp>
			</report>
			<report>
				<misses>647001</misses>
				<total>33</total>
				<timestamp>109.888774</timestamp>
			</report>
			<report>
				<misses>648001</misses>
				<total>33</total>
				<timestamp>110.058621</timestamp>
			</report>
			<report>
				<misses>649001</misses>
				<total>33</total>
				<timestamp>110.228348</timestamp>
			</report>
			<report>
				<misses>650001</misses>
				<total>33</total>
				<timestamp>110.398160</timestamp>
			</report>
			<report>
				<misses>651001</misses>
				<total>33</total>
				<timestamp>110.568013</timestamp>
			</report>
			<report>
				<misses>652001</misses>
				<total>32</total>
				<timestamp>110.737959</timestamp>
			</report>
			<report>
				<misses>653001</misses>
				<total>32</total>
				<timestamp>110.907779</timestamp>
			</report>
			<report>
				<misses>654001</misses>
				<total>33</total>
				<timestamp>111.077611</timestamp>
			</report>
			<report>
				<misses>655001</misses>
				<total>33</total>
				<timestamp>111.247301</timestamp>
			</report>
			<report>
				<misses>656001</misses>
				<total>33</total>
				<timestamp>111.417143</timestamp>
			</report>
			<report>
				<misses>657001</misses>
				<total>33</total>
				<timestamp>111.587028</timestamp>
			</report>
			<report>
				<misses>658001</misses>
				<total>32</total>
				<timestamp>111.756900</timestamp>
			</report>
			<report>
				<misses>659001</misses>
				<total>32</total>
				<timestamp>111.926862</timestamp>
			</report>
			<report>
				<misses>660001</misses>
				<total>32</total>
				<timestamp>112.096790</timestamp>
			</report>
			<report>
				<misses>661001</misses>
				<total>33</total>
				<timestamp>112.266459</timestamp>
			</report>
			<report>
				<misses>662001</misses>
				<total>33</total>
				<timestamp>112.436336</timestamp>
			</report>
			<report>
				<misses>663001</misses>
				<total>33</total>
				<timestamp>112.606126</timestamp>
			</report>
			<report>
				<misses>664001</misses>
				<total>33</total>
				<timestamp>112.776033</timestamp>
			</report>
			<report>
				<misses>665001</misses>
				<total>32</total>
				<timestamp>112.945866</timestamp>
			</report>
			<report>
				<misses>666001</misses>
				<total>33</total>
				<timestamp>113.115737</timestamp>
			</report>
			<report>
				<misses>667001</misses>
				<total>33</total>
				<timestamp>113.285452</timestamp>
			</report>
			<report>
				<misses>668001</misses>
				<total>33</total>
				<timestamp>113.455361</timestamp>
			</report>
			<report>
				<misses>669001</misses>
				<total>33</total>
				<timestamp>113.625170</timestamp>
			</report>
			<report>
				<misses>670001</misses>
				<total>33</total>
				<timestamp>113.795097</timestamp>
			</report>
			<report>
				<misses>671001</misses>
				<total>32</total>
				<timestamp>113.964862</timestamp>
			</report>
			<report>
				<misses>672001</misses>
				<total>33</total>
				<timestamp>114.134721</timestamp>
			</report>
			<report>
				<misses>673001</misses>
				<total>33</total>
				<timestamp>114.304452</timestamp>
			</report>
			<report>
				<misses>674001</misses>
				<total>33</total>
				<timestamp>114.474262</timestamp>
			</report>
			<report>
				<misses>675001</misses>
				<total>33</total>
				<timestamp>114.644081</timestamp>
			</report>
			<report>
				<misses>676001</misses>
				<total>33</total>
				<timestamp>114.813926</timestamp>
			</report>
			<report>
				<misses>677001</misses>
				<total>33</total>
				<timestamp>114.983857</timestamp>
			</report>
			<report>
				<misses>678001</misses>
				<total>33</total>
				<timestamp>115.153613</timestamp>
			</report>
			<report>
				<misses>679001</misses>
				<total>33</total>
				<timestamp>115.323402</timestamp>
			</report>
			<report>
				<misses>680001</misses>
				<total>34</total>
				<timestamp>115.493248</timestamp>
			</report>
			<report>
				<misses>681001</misses>
				<total>34</total>
				<timestamp>115.663134</timestamp>
			</report>
			<report>
				<misses>682001</misses>
				<total>33</total>
				<timestamp>115.832981</timestamp>
			</report>
			<report>
				<misses>683001</misses>
				<total>35</total>
				<timestamp>116.002945</timestamp>
			</report>
			<report>
				<misses>684001</misses>
				<total>38</total>
				<timestamp>116.172750</timestamp>
			</report>
			<report>
				<misses>685001</misses>
				<total>37</total>
				<timestamp>116.342731</timestamp>
			</report>
			<report>
				<misses>686001</misses>
				<total>38</total>
				<timestamp>116.512587</timestamp>
			</report>
			<report>
				<misses>687001</misses>
				<total>38</total>
				<timestamp>116.682390</timestamp>
			</report>
			<report>
				<misses>688001</misses>
				<total>38</total>
				<timestamp>116.852213</timestamp>
			</report>
			<report>
				<misses>689001</misses>
				<total>38</total>
				<timestamp>117.022045</timestamp>
			</report>
			<report>
				<misses>690001</misses>
				<total>38</total>
				<timestamp>117.192055</timestamp>
			</report>
			<report>
				<misses>691001</misses>
				<total>38</total>
				<timestamp>117.361982</timestamp>
			</report>
			<report>
				<misses>692001</misses>
				<total>37</total>
				<timestamp>117.531877</timestamp>
			</report>
			<report>
				<misses>693001</misses>
				<total>38</total>
				<timestamp>117.701735</timestamp>
			</report>
			<report>
				<misses>694001</misses>
				<total>38</total>
				<timestamp>117.871542</timestamp>
			</report>
			<report>
				<misses>695001</misses>
				<total>38</total>
				<timestamp>118.041424</timestamp>
			</report>
			<report>
				<misses>696001</misses>
				<total>38</total>
				<timestamp>118.211197</timestamp>
			</report>
			<report>
				<misses>697001</misses>
				<total>38</total>
				<timestamp>118.381036</timestamp>
			</report>
			<report>
				<misses>698001</misses>
				<total>37</total>
				<timestamp>118.550942</timestamp>
			</report>
			<report>
				<misses>699001</misses>
				<total>38</total>
				<timestamp>118.720799</timestamp>
			</report>
			<report>
				<misses>700001</misses>
				<total>38</total>
				<timestamp>118.890541</timestamp>
			</report>
			<report>
				<misses>701001</misses>
				<total>38</total>
				<timestamp>119.060353</timestamp>
			</report>
			<report>
				<misses>702001</misses>
				<total>38</total>
				<timestamp>119.230183</timestamp>
			</report>
			<report>
				<misses>703001</misses>
				<total>38</total>
				<timestamp>119.400072</timestamp>
			</report>
			<report>
				<misses>704001</misses>
				<total>37</total>
				<timestamp>119.569967</timestamp>
			</report>
			<report>
				<misses>705001</misses>
				<total>37</total>
				<timestamp>119.739725</timestamp>
			</report>
			<report>
				<misses>706001</misses>
				<total>38</total>
				<timestamp>119.909511</timestamp>
			</report>
			<report>
				<misses>707001</misses>
				<total>38</total>
				<timestamp>120.079316</timestamp>
			</report>
			<report>
				<misses>708001</misses>
				<total>38</total>
				<timestamp>120.249162</timestamp>
			</report>
			<report>
				<misses>709001</misses>
				<total>38</total>
				<timestamp>120.419072</timestamp>
			</report>
			<report>
				<misses>710001</misses>
				<total>38</total>
				<timestamp>120.588828</timestamp>
			</report>
			<report>
				<misses>711001</misses>
				<total>38</total>
				<timestamp>120.758869</timestamp>
			</report>
			<report>
				<misses>712001</misses>
				<total>38</total>
				<timestamp>120.928702</timestamp>
			</report>
			<report>
				<misses>713001</misses>
				<total>38</total>
				<timestamp>121.098501</timestamp>
			</report>
			<report>
				<misses>714001</misses>
				<total>38</total>
				<timestamp>121.268304</timestamp>
			</report>
			<report>
				<misses>715001</misses>
				<total>42</total>
				<timestamp>121.438139</timestamp>
			</report>
			<report>
				<misses>716001</misses>
				<total>42</total>
				<timestamp>121.607963</timestamp>
			</report>
			<report>
				<misses>717001</misses>
				<total>44</total>
				<timestamp>121.777778</timestamp>
			</report>
			<report>
				<misses>718001</misses>
				<total>43</total>
				<timestamp>121.947689</timestamp>
			</report>
			<report>
				<misses>719001</misses>
				<total>44</total>
				<timestamp>122.117433</timestamp>
			</report>
			<report>
				<misses>720001</misses>
				<total>44</total>
				<timestamp>122.287283</timestamp>
			</report>
			<report>
				<misses>721001</misses>
				<total>44</total>
				<timestamp>122.457102</timestamp>
			</report>
			<report>
				<misses>722001</misses>
				<total>44</total>
				<timestamp>122.626952</timestamp>
			</report>
			<report>
				<misses>723001</misses>
				<total>44</total>
				<timestamp>122.796844</timestamp>
			</report>
			<report>
				<misses>724001</misses>
				<total>44</total>
				<timestamp>122.966660</timestamp>
			</report>
			<report>
				<misses>725001</misses>
				<total>44</total>
				<timestamp>123.136421</timestamp>
			</report>
			<report>
				<misses>726001</misses>
				<total>44</total>
				<timestamp>123.306250</timestamp>
			</report>
			<report>
				<misses>727001</misses>
				<total>44</total>
				<timestamp>123.476075</timestamp>
			</report>
			<report>
				<misses>728001</misses>
				<total>44</total>
				<timestamp>123.645917</timestamp>
			</report>
			<report>
				<misses>729001</misses>
				<total>43</total>
				<timestamp>123.815793</timestamp>
			</report>
			<report>
				<misses>730001</misses>
				<total>43</total>
				<timestamp>123.985717</timestamp>
			</report>
			<report>
				<misses>731001</misses>
				<total>44</total>
				<timestamp>124.155443</timestamp>
			</report>
			<report>
				<misses>732001</misses>
				<total>44</total>
				<timestamp>124.325370</timestamp>
			</report>
			<report>
				<misses>733001</misses>
				<total>44</total>
				<timestamp>124.495080</timestamp>
			</report>
			<report>
				<misses>734001</misses>
				<total>44</total>
				<timestamp>124.664935</timestamp>
			</report>
			<report>
				<misses>735001</misses>
				<total>43</total>
				<timestamp>124.834803</timestamp>
			</report>
			<report>
				<misses>736001</misses>
				<total>43</total>
				<timestamp>125.004713</timestamp>
			</report>
			<report>
				<misses>737001</misses>
				<total>44</total>
				<timestamp>125.174395</timestamp>
			</report>
			<report>
				<misses>738001</misses>
				<total>44</total>
				<timestamp>125.344220</timestamp>
			</report>
			<report>
				<misses>739001</misses>
				<total>44</total>
				<timestamp>125.514106</timestamp>
			</report>
			<report>
				<misses>740001</misses>
				<total>44</total>
				<timestamp>125.683978</timestamp>
			</report>
			<report>
				<misses>741001</misses>
				<total>43</total>
				<timestamp>125.853825</timestamp>
			</report>
			<report>
				<misses>742001</misses>
				<total>43</total>
				<timestamp>126.023679</timestamp>
			</report>
			<report>
				<misses>743001</misses>
				<total>44</total>
				<timestamp>126.193423</timestamp>
			</report>
			<report>
				<misses>744001</misses>
				<total>44</total>
				<timestamp>126.363342</timestamp>
			</report>
			<report>
				<misses>745001</misses>
				<total>44</total>
				<timestamp>126.533135</timestamp>
			</report>
			<report>
				<misses>746001</misses>
				<total>44</total>
				<timestamp>126.703039</timestamp>
			</report>
			<report>
				<misses>747001</misses>
				<total>43</total>
				<timestamp>126.872942</timestamp>
			</report>
			<report>
				<misses>748001</misses>
				<total>43</total>
				<timestamp>127.042876</timestamp>
			</report>
			<report>
				<misses>749001</misses>
				<total>43</total>
				<timestamp>127.212849</timestamp>
			</report>
			<report>
				<misses>750001</misses>
				<total>44</total>
				<timestamp>127.382562</timestamp>
			</report>
			<report>
				<misses>751001</misses>
				<total>44</total>
				<timestamp>127.552496</timestamp>
			</report>
			<report>
				<misses>752001</misses>
				<total>44</total>
				<timestamp>127.722189</timestamp>
			</report>
			<report>
				<misses>753001</misses>
				<total>44</total>
				<timestamp>127.892037</timestamp>
			</report>
			<report>
				<misses>754001</misses>
				<total>43</total>
				<timestamp>128.061922</timestamp>
			</report>
			<report>
				<misses>755001</misses>
				<total>44</total>
				<timestamp>128.231698</timestamp>
			</report>
			<report>
				<misses>756001</misses>
				<total>43</total>
				<timestamp>128.401703</timestamp>
			</report>
			<report>
				<misses>757001</misses>
				<total>44</total>
				<timestamp>128.571641</timestamp>
			</report>
			<report>
				<misses>758001</misses>
				<total>44</total>
				<timestamp>128.741335</timestamp>
			</report>
			<report>
				<misses>759001</misses>
				<total>44</total>
				<timestamp>128.911157</timestamp>
			</report>
			<report>
				<misses>760001</misses>
				<total>43</total>
				<timestamp>129.080995</timestamp>
			</report>
			<report>
				<misses>761001</misses>
				<total>44</total>
				<timestamp>129.250860</timestamp>
			</report>
			<report>
				<misses>762001</misses>
				<total>43</total>
				<timestamp>129.420782</timestamp>
			</report>
			<report>
				<misses>763001</misses>
				<total>44</total>
				<timestamp>129.590543</timestamp>
			</report>
			<report>
				<misses>764001</misses>
				<total>43</total>
				<timestamp>129.760394</timestamp>
			</report>
			<report>
				<misses>765001</misses>
				<total>44</total>
				<timestamp>129.930147</timestamp>
			</report>
			<report>
				<misses>766001</misses>
				<total>44</total>
				<timestamp>130.099990</timestamp>
			</report>
			<report>
				<misses>767001</misses>
				<total>43</total>
				<timestamp>130.269917</timestamp>
			</report>
			<report>
				<misses>768001</misses>
				<total>43</total>
				<timestamp>130.439856</timestamp>
			</report>
			<report>
				<misses>769001</misses>
				<total>44</total>
				<timestamp>130.609735</timestamp>
			</report>
			<report>
				<misses>770001</misses>
				<total>44</total>
				<timestamp>130.779633</timestamp>
			</report>
			<report>
				<misses>771001</misses>
				<total>44</total>
				<timestamp>130.949290</timestamp>
			</report>
			<report>
				<misses>772001</misses>
				<total>44</total>
				<timestamp>131.119134</timestamp>
			</report>
			<report>
				<misses>773001</misses>
				<total>44</total>
				<timestamp>131.288945</timestamp>
			</report>
			<report>
				<misses>774001</misses>
				<total>43</total>
				<timestamp>131.458878</timestamp>
			</report>
			<report>
				<misses>775001</misses>
				<total>47</total>
				<timestamp>131.628648</timestamp>
			</report>
			<report>
				<misses>776001</misses>
				<total>47</total>
				<timestamp>131.798461</timestamp>
			</report>
			<report>
				<misses>777001</misses>
				<total>47</total>
				<timestamp>131.968266</timestamp>
			</report>
			<report>
				<misses>778001</misses>
				<total>47</total>
				<timestamp>132.138103</timestamp>
			</report>
			<report>
				<misses>779001</misses>
				<total>47</total>
				<timestamp>132.307965</timestamp>
			</report>
			<report>
				<misses>780001</misses>
				<total>46</total>
				<timestamp>132.477886</timestamp>
			</report>
			<report>
				<misses>781001</misses>
				<total>46</total>
				<timestamp>132.647666</timestamp>
			</report>
			<report>
				<misses>782001</misses>
				<total>47</total>
				<timestamp>132.817438</timestamp>
			</report>
			<report>
				<misses>783001</misses>
				<total>47</total>
				<timestamp>132.987262</timestamp>
			</report>
			<report>
				<misses>784001</misses>
				<total>47</total>
				<timestamp>133.157115</timestamp>
			</report>
			<report>
				<misses>785001</misses>
				<total>47</total>
				<timestamp>133.326962</timestamp>
			</report>
			<report>
				<misses>786001</misses>
				<total>47</total>
				<timestamp>133.496779</timestamp>
			</report>
			<report>
				<misses>787001</misses>
				<total>46</total>
				<timestamp>133.666710</timestamp>
			</report>
			<report>
				<misses>788001</misses>
				<total>47</total>
				<timestamp>133.836488</timestamp>
			</report>
			<report>
				<misses>789001</misses>
				<total>47</total>
				<timestamp>134.006242</timestamp>
			</report>
			<report>
				<misses>790001</misses>
				<total>47</total>
				<timestamp>134.176077</timestamp>
			</report>
			<report>
				<misses>791001</misses>
				<total>47</total>
				<timestamp>134.345904</timestamp>
			</report>
			<report>
				<misses>792001</misses>
				<total>46</total>
				<timestamp>134.515873</timestamp>
			</report>
			<report>
				<misses>793001</misses>
				<total>47</total>
				<timestamp>134.685647</timestamp>
			</report>
			<report>
				<misses>794001</misses>
				<total>47</total>
				<timestamp>134.855467</timestamp>
			</report>
			<report>
				<misses>795001</misses>
				<total>47</total>
				<timestamp>135.025264</timestamp>
			</report>
			<report>
				<misses>796001</misses>
				<total>47</total>
				<timestamp>135.195073</timestamp>
			</report>
			<report>
				<misses>797001</misses>
				<total>47</total>
				<timestamp>135.364884</timestamp>
			</report>
			<report>
				<misses>798001</misses>
				<total>46</total>
				<timestamp>135.534762</timestamp>
			</report>
			<report>
				<misses>799001</misses>
				<total>47</total>
				<timestamp>135.704628</timestamp>
			</report>
			<report>
				<misses>800001</misses>
				<total>47</total>
				<timestamp>135.874369</timestamp>
			</report>
			<report>
				<misses>801001</misses>
				<total>47</total>
				<timestamp>136.044206</timestamp>
			</report>
			<report>
				<misses>802001</misses>
				<total>47</total>
				<timestamp>136.214067</timestamp>
			</report>
			<report>
				<misses>803001</misses>
				<total>47</total>
				<timestamp>136.383877</timestamp>
			</report>
			<report>
				<misses>804001</misses>
				<total>47</total>
				<timestamp>136.553698</timestamp>
			</report>
			<report>
				<misses>805001</misses>
				<total>46</total>
				<timestamp>136.723661</timestamp>
			</report>
			<report>
				<misses>806001</misses>
				<total>49</total>
				<timestamp>136.893359</timestamp>
			</report>
			<report>
				<misses>807001</misses>
				<total>49</total>
				<timestamp>137.063196</timestamp>
			</report>
			<report>
				<misses>808001</misses>
				<total>49</total>
				<timestamp>137.233016</timestamp>
			</report>
			<report>
				<misses>809001</misses>
				<total>49</total>
				<timestamp>137.402839</timestamp>
			</report>
			<report>
				<misses>810001</misses>
				<total>49</total>
				<timestamp>137.572714</timestamp>
			</report>
			<report>
				<misses>811001</misses>
				<total>48</total>
				<timestamp>137.742597</timestamp>
			</report>
			<report>
				<misses>812001</misses>
				<total>49</total>
				<timestamp>137.912436</timestamp>
			</report>
			<report>
				<misses>813001</misses>
				<total>49</total>
				<timestamp>138.082171</timestamp>
			</report>
			<report>
				<misses>814001</misses>
				<total>49</total>
				<timestamp>138.252016</timestamp>
			</report>
			<report>
				<misses>815001</misses>
				<total>49</total>
				<timestamp>138.421961</timestamp>
			</report>
			<report>
				<misses>816001</misses>
				<total>49</total>
				<timestamp>138.591708</timestamp>
			</report>
			<report>
				<misses>817001</misses>
				<total>48</total>
				<timestamp>138.761643</timestamp>
			</report>
			<report>
				<misses>818001</misses>
				<total>48</total>
				<timestamp>138.931613</timestamp>
			</report>
			<report>
				<misses>819001</misses>
				<total>49</total>
				<timestamp>139.101316</timestamp>
			</report>
			<report>
				<misses>820001</misses>
				<total>49</total>
				<timestamp>139.271123</timestamp>
			</report>
			<report>
				<misses>821001</misses>
				<total>49</total>
				<timestamp>139.440957</timestamp>
			</report>
			<report>
				<misses>822001</misses>
				<total>49</total>
				<timestamp>139.610812</timestamp>
			</report>
			<report>
				<misses>823001</misses>
				<total>48</total>
				<timestamp>139.780696</timestamp>
			</report>
			<report>
				<misses>824001</misses>
				<total>48</total>
				<timestamp>139.950601</timestamp>
			</report>
			<report>
				<misses>825001</misses>
				<total>49</total>
				<timestamp>140.120282</timestamp>
			</report>
			<report>
				<misses>826001</misses>
				<total>49</total>
				<timestamp>140.290119</timestamp>
			</report>
			<report>
				<misses>827001</misses>
				<total>49</total>
				<timestamp>140.459945</timestamp>
			</report>
			<report>
				<misses>828001</misses>
				<total>49</total>
				<timestamp>140.629803</timestamp>
			</report>
			<report>
				<misses>829001</misses>
				<total>48</total>
				<timestamp>140.799695</timestamp>
			</report>
			<report>
				<misses>830001</misses>
				<total>48</total>
				<timestamp>140.969639</timestamp>
			</report>
			<report>
				<misses>831001</misses>
				<total>48</total>
				<timestamp>141.139612</timestamp>
			</report>
			<report>
				<misses>832001</misses>
				<total>50</total>
				<timestamp>141.309468</timestamp>
			</report>
			<report>
				<misses>833001</misses>
				<total>50</total>
				<timestamp>141.479254</timestamp>
			</report>
			<report>
				<misses>834001</misses>
				<total>50</total>
				<timestamp>141.649100</timestamp>
			</report>
			<report>
				<misses>835001</misses>
				<total>50</total>
				<timestamp>141.818924</timestamp>
			</report>
			<report>
				<misses>836001</misses>
				<total>50</total>
				<timestamp>141.988815</timestamp>
			</report>
			<report>
				<misses>837001</misses>
				<total>50</total>
				<timestamp>142.158639</timestamp>
			</report>
			<report>
				<misses>838001</misses>
				<total>50</total>
				<timestamp>142.328432</timestamp>
			</report>
			<report>
				<misses>839001</misses>
				<total>50</total>
				<timestamp>142.498239</timestamp>
			</report>
			<report>
				<misses>840001</misses>
				<total>50</total>
				<timestamp>142.668063</timestamp>
			</report>
			<report>
				<misses>841001</misses>
				<total>50</total>
				<timestamp>142.837923</timestamp>
			</report>
			<report>
				<misses>842001</misses>
				<total>50</total>
				<timestamp>143.007744</timestamp>
			</report>
			<report>
				<misses>843001</misses>
				<total>49</total>
				<timestamp>143.177678</timestamp>
			</report>
			<report>
				<misses>844001</misses>
				<total>50</total>
				<timestamp>143.347452</timestamp>
			</report>
			<report>
				<misses>845001</misses>
				<total>50</total>
				<timestamp>143.517223</timestamp>
			</report>
			<report>
				<misses>846001</misses>
				<total>50</total>
				<timestamp>143.687053</timestamp>
			</report>
			<report>
				<misses>847001</misses>
				<total>50</total>
				<timestamp>143.856914</timestamp>
			</report>
			<report>
				<misses>848001</misses>
				<total>50</total>
				<timestamp>144.026823</timestamp>
			</report>
			<report>
				<misses>849001</misses>
				<total>50</total>
				<timestamp>144.196636</timestamp>
			</report>
			<report>
				<misses>850001</misses>
				<total>50</total>
				<timestamp>144.366531</timestamp>
			</report>
			<report>
				<misses>851001</misses>
				<total>50</total>
				<timestamp>144.536260</timestamp>
			</report>
			<report>
				<misses>852001</misses>
				<total>50</total>
				<timestamp>144.706109</timestamp>
			</report>
			<report>
				<misses>853001</misses>
				<total>50</total>
				<timestamp>144.875971</timestamp>
			</report>
			<report>
				<misses>854001</misses>
				<total>50</total>
				<timestamp>145.045735</timestamp>
			</report>
			<report>
				<misses>855001</misses>
				<total>49</total>
				<timestamp>145.215717</timestamp>
			</report>
			<report>
				<misses>856001</misses>
				<total>49</total>
				<timestamp>145.385657</timestamp>
			</report>
			<report>
				<misses>857001</misses>
				<total>50</total>
				<timestamp>145.555437</timestamp>
			</report>
			<report>
				<misses>858001</misses>
				<total>50</total>
				<timestamp>145.725232</timestamp>
			</report>
			<report>
				<misses>859001</misses>
				<total>50</total>
				<timestamp>145.895146</timestamp>
			</report>
			<report>
				<misses>860001</misses>
				<total>50</total>
				<timestamp>146.064858</timestamp>
			</report>
			<report>
				<misses>861001</misses>
				<total>49</total>
				<timestamp>146.234870</timestamp>
			</report>
			<report>
				<misses>862001</misses>
				<total>50</total>
				<timestamp>146.404829</timestamp>
			</report>
			<report>
				<misses>863001</misses>
				<total>50</total>
				<timestamp>146.574625</timestamp>
			</report>
			<report>
				<misses>864001</misses>
				<total>50</total>
				<timestamp>146.744356</timestamp>
			</report>
			<report>
				<misses>865001</misses>
				<total>50</total>
				<timestamp>146.914180</timestamp>
			</report>
			<report>
				<misses>866001</misses>
				<total>50</total>
				<timestamp>147.083993</timestamp>
			</report>
			<report>
				<misses>867001</misses>
				<total>50</total>
				<timestamp>147.253831</timestamp>
			</report>
			<report>
				<misses>868001</misses>
				<total>50</total>
				<timestamp>147.423757</timestamp>
			</report>
			<report>
				<misses>869001</misses>
				<total>50</total>
				<timestamp>147.593627</timestamp>
			</report>
			<report>
				<misses>870001</misses>
				<total>50</total>
				<timestamp>147.763315</timestamp>
			</report>
			<report>
				<misses>871001</misses>
				<total>50</total>
				<timestamp>147.933263</timestamp>
			</report>
			<report>
				<misses>872001</misses>
				<total>50</total>
				<timestamp>148.103001</timestamp>
			</report>
			<report>
				<misses>873001</misses>
				<total>50</total>
				<timestamp>148.272839</timestamp>
			</report>
			<report>
				<misses>874001</misses>
				<total>50</total>
				<timestamp>148.442652</timestamp>
			</report>
			<report>
				<misses>875001</misses>
				<total>49</total>
				<timestamp>148.612582</timestamp>
			</report>
			<report>
				<misses>876001</misses>
				<total>50</total>
				<timestamp>148.782334</timestamp>
			</report>
			<report>
				<misses>877001</misses>
				<total>50</total>
				<timestamp>148.952146</timestamp>
			</report>
			<report>
				<misses>878001</misses>
				<total>50</total>
				<timestamp>149.121954</timestamp>
			</report>
			<report>
				<misses>879001</misses>
				<total>50</total>
				<timestamp>149.291793</timestamp>
			</report>
			<report>
				<misses>880001</misses>
				<total>49</total>
				<timestamp>149.461671</timestamp>
			</report>
			<report>
				<misses>881001</misses>
				<total>50</total>
				<timestamp>149.631487</timestamp>
			</report>
			<report>
				<misses>882001</misses>
				<total>50</total>
				<timestamp>149.801278</timestamp>
			</report>
			<report>
				<misses>883001</misses>
				<total>50</total>
				<timestamp>149.971113</timestamp>
			</report>
			<report>
				<misses>884001</misses>
				<total>50</total>
				<timestamp>150.140942</timestamp>
			</report>
			<report>
				<misses>885001</misses>
				<total>50</total>
				<timestamp>150.310780</timestamp>
			</report>
			<report>
				<misses>886001</misses>
				<total>50</total>
				<timestamp>150.480650</timestamp>
			</report>
			<report>
				<misses>887001</misses>
				<total>49</total>
				<timestamp>150.650564</timestamp>
			</report>
			<report>
				<misses>888001</misses>
				<total>50</total>
				<timestamp>150.820255</timestamp>
			</report>
			<report>
				<misses>889001</misses>
				<total>50</total>
				<timestamp>150.990149</timestamp>
			</report>
			<report>
				<misses>890001</misses>
				<total>50</total>
				<timestamp>151.160033</timestamp>
			</report>
			<report>
				<misses>891001</misses>
				<total>50</total>
				<timestamp>151.329819</timestamp>
			</report>
			<report>
				<misses>892001</misses>
				<total>49</total>
				<timestamp>151.499780</timestamp>
			</report>
			<report>
				<misses>893001</misses>
				<total>50</total>
				<timestamp>151.669633</timestamp>
			</report>
			<report>
				<misses>894001</misses>
				<total>50</total>
				<timestamp>151.839526</timestamp>
			</report>
			<report>
				<misses>895001</misses>
				<total>50</total>
				<timestamp>152.009250</timestamp>
			</report>
			<report>
				<misses>896001</misses>
				<total>50</total>
				<timestamp>152.179080</timestamp>
			</report>
			<report>
				<misses>897001</misses>
				<total>50</total>
				<timestamp>152.348912</timestamp>
			</report>
			<report>
				<misses>898001</misses>
				<total>50</total>
				<timestamp>152.518742</timestamp>
			</report>
			<report>
				<misses>899001</misses>
				<total>50</total>
				<timestamp>152.688600</timestamp>
			</report>
			<report>
				<misses>900001</misses>
				<total>49</total>
				<timestamp>152.858559</timestamp>
			</report>
			<report>
				<misses>901001</misses>
				<total>50</total>
				<timestamp>153.028423</timestamp>
			</report>
			<report>
				<misses>902001</misses>
				<total>50</total>
				<timestamp>153.198222</timestamp>
			</report>
			<report>
				<misses>903001</misses>
				<total>50</total>
				<timestamp>153.368056</timestamp>
			</report>
			<report>
				<misses>904001</misses>
				<total>50</total>
				<timestamp>153.538027</timestamp>
			</report>
			<report>
				<misses>905001</misses>
				<total>50</total>
				<timestamp>153.707763</timestamp>
			</report>
			<report>
				<misses>906001</misses>
				<total>49</total>
				<timestamp>153.877648</timestamp>
			</report>
			<report>
				<misses>907001</misses>
				<total>49</total>
				<timestamp>154.047547</timestamp>
			</report>
			<report>
				<misses>908001</misses>
				<total>50</total>
				<timestamp>154.217425</timestamp>
			</report>
			<report>
				<misses>909001</misses>
				<total>50</total>
				<timestamp>154.387236</timestamp>
			</report>
			<report>
				<misses>910001</misses>
				<total>50</total>
				<timestamp>154.557076</timestamp>
			</report>
			<report>
				<misses>911001</misses>
				<total>50</total>
				<timestamp>154.726882</timestamp>
			</report>
			<report>
				<misses>912001</misses>
				<total>50</total>
				<timestamp>154.896733</timestamp>
			</report>
			<report>
				<misses>913001</misses>
				<total>49</total>
				<timestamp>155.066603</timestamp>
			</report>
			<report>
				<misses>914001</misses>
				<total>50</total>
				<timestamp>155.236367</timestamp>
			</report>
			<report>
				<misses>915001</misses>
				<total>50</total>
				<timestamp>155.406173</timestamp>
			</report>
			<report>
				<misses>916001</misses>
				<total>50</total>
				<timestamp>155.576141</timestamp>
			</report>
			<report>
				<misses>917001</misses>
				<total>50</total>
				<timestamp>155.745959</timestamp>
			</report>
			<report>
				<misses>918001</misses>
				<total>49</total>
				<timestamp>155.915792</timestamp>
			</report>
			<report>
				<misses>919001</misses>
				<total>50</total>
				<timestamp>156.085606</timestamp>
			</report>
			<report>
				<misses>920001</misses>
				<total>50</total>
				<timestamp>156.255370</timestamp>
			</report>
			<report>
				<misses>921001</misses>
				<total>50</total>
				<timestamp>156.425171</timestamp>
			</report>
			<report>
				<misses>922001</misses>
				<total>50</total>
				<timestamp>156.595010</timestamp>
			</report>
			<report>
				<misses>923001</misses>
				<total>50</total>
				<timestamp>156.764812</timestamp>
			</report>
			<report>
				<misses>924001</misses>
				<total>49</total>
				<timestamp>156.934708</timestamp>
			</report>
			<report>
				<misses>925001</misses>
				<total>50</total>
				<timestamp>157.104623</timestamp>
			</report>
			<report>
				<misses>926001</misses>
				<total>50</total>
				<timestamp>157.274362</timestamp>
			</report>
			<report>
				<misses>927001</misses>
				<total>50</total>
				<timestamp>157.444128</timestamp>
			</report>
			<report>
				<misses>928001</misses>
				<total>50</total>
				<timestamp>157.613959</timestamp>
			</report>
			<report>
				<misses>929001</misses>
				<total>50</total>
				<timestamp>157.783899</timestamp>
			</report>
			<report>
				<misses>930001</misses>
				<total>49</total>
				<timestamp>157.953717</timestamp>
			</report>
			<report>
				<misses>931001</misses>
				<total>50</total>
				<timestamp>158.123509</timestamp>
			</report>
			<report>
				<misses>932001</misses>
				<total>50</total>
				<timestamp>158.293284</timestamp>
			</report>
			<report>
				<misses>933001</misses>
				<total>50</total>
				<timestamp>158.463103</timestamp>
			</report>
			<report>
				<misses>934001</misses>
				<total>50</total>
				<timestamp>158.632935</timestamp>
			</report>
			<report>
				<misses>935001</misses>
				<total>50</total>
				<timestamp>158.802820</timestamp>
			</report>
			<report>
				<misses>936001</misses>
				<total>49</total>
				<timestamp>158.972734</timestamp>
			</report>
			<report>
				<misses>937001</misses>
				<total>49</total>
				<timestamp>159.142669</timestamp>
			</report>
			<report>
				<misses>938001</misses>
				<total>50</total>
				<timestamp>159.312483</timestamp>
			</report>
			<report>
				<misses>939001</misses>
				<total>50</total>
				<timestamp>159.482383</timestamp>
			</report>
			<report>
				<misses>940001</misses>
				<total>50</total>
				<timestamp>159.652095</timestamp>
			</report>
			<report>
				<misses>941001</misses>
				<total>50</total>
				<timestamp>159.821941</timestamp>
			</report>
			<report>
				<misses>942001</misses>
				<total>51</total>
				<timestamp>159.991758</timestamp>
			</report>
			<report>
				<misses>943001</misses>
				<total>51</total>
				<timestamp>160.161592</timestamp>
			</report>
			<report>
				<misses>944001</misses>
				<total>50</total>
				<timestamp>160.331481</timestamp>
			</report>
			<report>
				<misses>945001</misses>
				<total>51</total>
				<timestamp>160.501241</timestamp>
			</report>
			<report>
				<misses>946001</misses>
				<total>51</total>
				<timestamp>160.671126</timestamp>
			</report>
			<report>
				<misses>947001</misses>
				<total>51</total>
				<timestamp>160.840903</timestamp>
			</report>
			<report>
				<misses>948001</misses>
				<total>52</total>
				<timestamp>161.010766</timestamp>
			</report>
			<report>
				<misses>949001</misses>
				<total>52</total>
				<timestamp>161.180577</timestamp>
			</report>
			<report>
				<misses>950001</misses>
				<total>51</total>
				<timestamp>161.350448</timestamp>
			</report>
			<report>
				<misses>951001</misses>
				<total>52</total>
				<timestamp>161.520279</timestamp>
			</report>
			<report>
				<misses>952001</misses>
				<total>52</total>
				<timestamp>161.690048</timestamp>
			</report>
			<report>
				<misses>953001</misses>
				<total>54</total>
				<timestamp>161.859868</timestamp>
			</report>
			<report>
				<misses>954001</misses>
				<total>54</total>
				<timestamp>162.029707</timestamp>
			</report>
			<report>
				<misses>955001</misses>
				<total>54</total>
				<timestamp>162.199580</timestamp>
			</report>
			<report>
				<misses>956001</misses>
				<total>53</total>
				<timestamp>162.369504</timestamp>
			</report>
			<report>
				<misses>957001</misses>
				<total>54</total>
				<timestamp>162.539199</timestamp>
			</report>
			<report>
				<misses>958001</misses>
				<total>54</total>
				<timestamp>162.709065</timestamp>
			</report>
			<report>
				<misses>959001</misses>
				<total>54</total>
				<timestamp>162.879002</timestamp>
			</report>
			<report>
				<misses>960001</misses>
				<total>54</total>
				<timestamp>163.048702</timestamp>
			</report>
			<report>
				<misses>961001</misses>
				<total>54</total>
				<timestamp>163.218659</timestamp>
			</report>
			<report>
				<misses>962001</misses>
				<total>53</total>
				<timestamp>163.388517</timestamp>
			</report>
			<report>
				<misses>963001</misses>
				<total>54</total>
				<timestamp>163.558180</timestamp>
			</report>
			<report>
				<misses>964001</misses>
				<total>54</total>
				<timestamp>163.728021</timestamp>
			</report>
			<report>
				<misses>965001</misses>
				<total>54</total>
				<timestamp>163.897855</timestamp>
			</report>
			<report>
				<misses>966001</misses>
				<total>54</total>
				<timestamp>164.067708</timestamp>
			</report>
			<report>
				<misses>967001</misses>
				<total>54</total>
				<timestamp>164.237505</timestamp>
			</report>
			<report>
				<misses>968001</misses>
				<total>53</total>
				<timestamp>164.407467</timestamp>
			</report>
			<report>
				<misses>969001</misses>
				<total>54</total>
				<timestamp>164.577187</timestamp>
			</report>
			<report>
				<misses>970001</misses>
				<total>54</total>
				<timestamp>164.746985</timestamp>
			</report>
			<report>
				<misses>971001</misses>
				<total>54</total>
				<timestamp>164.916850</timestamp>
			</report>
			<report>
				<misses>972001</misses>
				<total>54</total>
				<timestamp>165.086713</timestamp>
			</report>
			<report>
				<misses>973001</misses>
				<total>54</total>
				<timestamp>165.256551</timestamp>
			</report>
			<report>
				<misses>974001</misses>
				<total>54</total>
				<timestamp>165.426356</timestamp>
			</report>
			<report>
				<misses>975001</misses>
				<total>54</total>
				<timestamp>165.596148</timestamp>
			</report>
			<report>
				<misses>976001</misses>
				<total>54</total>
				<timestamp>165.765973</timestamp>
			</report>
			<report>
				<misses>977001</misses>
				<total>54</total>
				<timestamp>165.935789</timestamp>
			</report>
			<report>
				<misses>978001</misses>
				<total>53</total>
				<timestamp>166.105663</timestamp>
			</report>
			<report>
				<misses>979001</misses>
				<total>54</total>
				<timestamp>166.275545</timestamp>
			</report>
			<report>
				<misses>980001</misses>
				<total>54</total>
				<timestamp>166.445353</timestamp>
			</report>
			<report>
				<misses>981001</misses>
				<total>54</total>
				<timestamp>166.615197</timestamp>
			</report>
			<report>
				<misses>982001</misses>
				<total>54</total>
				<timestamp>166.784981</timestamp>
			</report>
			<report>
				<misses>983001</misses>
				<total>60</total>
				<timestamp>166.954807</timestamp>
			</report>
			<report>
				<misses>984001</misses>
				<total>59</total>
				<timestamp>167.124663</timestamp>
			</report>
			<report>
				<misses>985001</misses>
				<total>59</total>
				<timestamp>167.294556</timestamp>
			</report>
			<report>
				<misses>986001</misses>
				<total>60</total>
				<timestamp>167.464283</timestamp>
			</report>
			<report>
				<misses>987001</misses>
				<total>60</total>
				<timestamp>167.634145</timestamp>
			</report>
			<report>
				<misses>988001</misses>
				<total>60</total>
				<timestamp>167.803951</timestamp>
			</report>
			<report>
				<misses>989001</misses>
				<total>60</total>
				<timestamp>167.973769</timestamp>
			</report>
			<report>
				<misses>990001</misses>
				<total>59</total>
				<timestamp>168.143651</timestamp>
			</report>
			<report>
				<misses>991001</misses>
				<total>59</total>
				<timestamp>168.313541</timestamp>
			</report>
			<report>
				<misses>992001</misses>
				<total>60</total>
				<timestamp>168.483287</timestamp>
			</report>
			<report>
				<misses>993001</misses>
				<total>60</total>
				<timestamp>168.653081</timestamp>
			</report>
			<report>
				<misses>994001</misses>
				<total>60</total>
				<timestamp>168.823011</timestamp>
			</report>
			<report>
				<misses>995001</misses>
				<total>60</total>
				<timestamp>168.992775</timestamp>
			</report>
			<report>
				<misses>996001</misses>
				<total>59</total>
				<timestamp>169.162640</timestamp>
			</report>
			<report>
				<misses>997001</misses>
				<total>60</total>
				<timestamp>169.332562</timestamp>
			</report>
			<report>
				<misses>998001</misses>
				<total>60</total>
				<timestamp>169.502307</timestamp>
			</report>
			<report>
				<misses>999001</misses>
				<total>60</total>
				<timestamp>169.672161</timestamp>
			</report>
			<report>
				<misses>1000001</misses>
				<total>60</total>
				<timestamp>169.841950</timestamp>
			</report>
			<report>
				<misses>1001001</misses>
				<total>61</total>
				<timestamp>170.011857</timestamp>
			</report>
			<report>
				<misses>1002001</misses>
				<total>60</total>
				<timestamp>170.181668</timestamp>
			</report>
			<report>
				<misses>1003001</misses>
				<total>61</total>
				<timestamp>170.351535</timestamp>
			</report>
			<report>
				<misses>1004001</misses>
				<total>61</total>
				<timestamp>170.521255</timestamp>
			</report>
			<report>
				<misses>1005001</misses>
				<total>61</total>
				<timestamp>170.691163</timestamp>
			</report>
			<report>
				<misses>1006001</misses>
				<total>61</total>
				<timestamp>170.860959</timestamp>
			</report>
			<report>
				<misses>1007001</misses>
				<total>61</total>
				<timestamp>171.030747</timestamp>
			</report>
			<report>
				<misses>1008001</misses>
				<total>60</total>
				<timestamp>171.200636</timestamp>
			</report>
			<report>
				<misses>1009001</misses>
				<total>60</total>
				<timestamp>171.370574</timestamp>
			</report>
			<report>
				<misses>1010001</misses>
				<total>60</total>
				<timestamp>171.540500</timestamp>
			</report>
			<report>
				<misses>1011001</misses>
				<total>61</total>
				<timestamp>171.710200</timestamp>
			</report>
			<report>
				<misses>1012001</misses>
				<total>61</total>
				<timestamp>171.880166</timestamp>
			</report>
			<report>
				<misses>1013001</misses>
				<total>61</total>
				<timestamp>172.049892</timestamp>
			</report>
			<report>
				<misses>1014001</misses>
				<total>61</total>
				<timestamp>172.219798</timestamp>
			</report>
			<report>
				<misses>1015001</misses>
				<total>61</total>
				<timestamp>172.389623</timestamp>
			</report>
			<report>
				<misses>1016001</misses>
				<total>61</total>
				<timestamp>172.559522</timestamp>
			</report>
			<report>
				<misses>1017001</misses>
				<total>60</total>
				<timestamp>172.729630</timestamp>
			</report>
			<report>
				<misses>1018001</misses>
				<total>61</total>
				<timestamp>172.899397</timestamp>
			</report>
			<report>
				<misses>1019001</misses>
				<total>61</total>
				<timestamp>173.069241</timestamp>
			</report>
			<report>
				<misses>1020001</misses>
				<total>61</total>
				<timestamp>173.239111</timestamp>
			</report>
			<report>
				<misses>1021001</misses>
				<total>61</total>
				<timestamp>173.408966</timestamp>
			</report>
			<report>
				<misses>1022001</misses>
				<total>61</total>
				<timestamp>173.578705</timestamp>
			</report>
			<report>
				<misses>1023001</misses>
				<total>61</total>
				<timestamp>173.748527</timestamp>
			</report>
			<report>
				<misses>1024001</misses>
				<total>61</total>
				<timestamp>173.918436</timestamp>
			</report>
			<report>
				<misses>1025001</misses>
				<total>60</total>
				<timestamp>174.088276</timestamp>
			</report>
			<report>
				<misses>1026001</misses>
				<total>61</total>
				<timestamp>174.258114</timestamp>
			</report>
			<report>
				<misses>1027001</misses>
				<total>61</total>
				<timestamp>174.427818</timestamp>
			</report>
			<report>
				<misses>1028001</misses>
				<total>61</total>
				<timestamp>174.597786</timestamp>
			</report>
			<report>
				<misses>1029001</misses>
				<total>60</total>
				<timestamp>174.767504</timestamp>
			</report>
			<report>
				<misses>1030001</misses>
				<total>60</total>
				<timestamp>174.937404</timestamp>
			</report>
			<report>
				<misses>1031001</misses>
				<total>61</total>
				<timestamp>175.107157</timestamp>
			</report>
			<report>
				<misses>1032001</misses>
				<total>61</total>
				<timestamp>175.276998</timestamp>
			</report>
			<report>
				<misses>1033001</misses>
				<total>61</total>
				<timestamp>175.446837</timestamp>
			</report>
			<report>
				<misses>1034001</misses>
				<total>61</total>
				<timestamp>175.616691</timestamp>
			</report>
			<report>
				<misses>1035001</misses>
				<total>61</total>
				<timestamp>175.786494</timestamp>
			</report>
			<report>
				<misses>1036001</misses>
				<total>61</total>
				<timestamp>175.956464</timestamp>
			</report>
			<report>
				<misses>1037001</misses>
				<total>61</total>
				<timestamp>176.126299</timestamp>
			</report>
			<report>
				<misses>1038001</misses>
				<total>61</total>
				<timestamp>176.296124</timestamp>
			</report>
			<report>
				<misses>1039001</misses>
				<total>62</total>
				<timestamp>176.465974</timestamp>
			</report>
			<report>
				<misses>1040001</misses>
				<total>62</total>
				<timestamp>176.635853</timestamp>
			</report>
			<report>
				<misses>1041001</misses>
				<total>62</total>
				<timestamp>176.805603</timestamp>
			</report>
			<report>
				<misses>1042001</misses>
				<total>62</total>
				<timestamp>176.975527</timestamp>
			</report>
			<report>
				<misses>1043001</misses>
				<total>62</total>
				<timestamp>177.145301</timestamp>
			</report>
			<report>
				<misses>1044001</misses>
				<total>62</total>
				<timestamp>177.315120</timestamp>
			</report>
			<report>
				<misses>1045001</misses>
				<total>62</total>
				<timestamp>177.484983</timestamp>
			</report>
			<report>
				<misses>1046001</misses>
				<total>62</total>
				<timestamp>177.654759</timestamp>
			</report>
			<report>
				<misses>1047001</misses>
				<total>62</total>
				<timestamp>177.824589</timestamp>
			</report>
			<report>
				<misses>1048001</misses>
				<total>62</total>
				<timestamp>177.994476</timestamp>
			</report>
			<report>
				<misses>1049001</misses>
				<total>61</total>
				<timestamp>178.164385</timestamp>
			</report>
			<report>
				<misses>1050001</misses>
				<total>62</total>
				<timestamp>178.334103</timestamp>
			</report>
			<report>
				<misses>1051001</misses>
				<total>62</total>
				<timestamp>178.504033</timestamp>
			</report>
			<report>
				<misses>1052001</misses>
				<total>62</total>
				<timestamp>178.673757</timestamp>
			</report>
			<report>
				<misses>1053001</misses>
				<total>62</total>
				<timestamp>178.843723</timestamp>
			</report>
			<report>
				<misses>1054001</misses>
				<total>62</total>
				<timestamp>179.013497</timestamp>
			</report>
			<report>
				<misses>1055001</misses>
				<total>61</total>
				<timestamp>179.183354</timestamp>
			</report>
			<report>
				<misses>1056001</misses>
				<total>62</total>
				<timestamp>179.353050</timestamp>
			</report>
			<report>
				<misses>1057001</misses>
				<total>62</total>
				<timestamp>179.522902</timestamp>
			</report>
			<report>
				<misses>1058001</misses>
				<total>62</total>
				<timestamp>179.692713</timestamp>
			</report>
			<report>
				<misses>1059001</misses>
				<total>62</total>
				<timestamp>179.862597</timestamp>
			</report>
			<report>
				<misses>1060001</misses>
				<total>61</total>
				<timestamp>180.032471</timestamp>
			</report>
			<report>
				<misses>1061001</misses>
				<total>61</total>
				<timestamp>180.202368</timestamp>
			</report>
			<report>
				<misses>1062001</misses>
				<total>62</total>
				<timestamp>180.372026</timestamp>
			</report>
			<report>
				<misses>1063001</misses>
				<total>62</total>
				<timestamp>180.541856</timestamp>
			</report>
			<report>
				<misses>1064001</misses>
				<total>62</total>
				<timestamp>180.711701</timestamp>
			</report>
			<report>
				<misses>1065001</misses>
				<total>61</total>
				<timestamp>180.881585</timestamp>
			</report>
			<report>
				<misses>1066001</misses>
				<total>61</total>
				<timestamp>181.051455</timestamp>
			</report>
			<report>
				<misses>1067001</misses>
				<total>62</total>
				<timestamp>181.221209</timestamp>
			</report>
			<report>
				<misses>1068001</misses>
				<total>62</total>
				<timestamp>181.391035</timestamp>
			</report>
			<report>
				<misses>1069001</misses>
				<total>62</total>
				<timestamp>181.560844</timestamp>
			</report>
			<report>
				<misses>1070001</misses>
				<total>62</total>
				<timestamp>181.730668</timestamp>
			</report>
			<report>
				<misses>1071001</misses>
				<total>61</total>
				<timestamp>181.900569</timestamp>
			</report>
			<report>
				<misses>1072001</misses>
				<total>61</total>
				<timestamp>182.070433</timestamp>
			</report>
			<report>
				<misses>1073001</misses>
				<total>62</total>
				<timestamp>182.240178</timestamp>
			</report>
			<report>
				<misses>1074001</misses>
				<total>62</total>
				<timestamp>182.409984</timestamp>
			</report>
			<report>
				<misses>1075001</misses>
				<total>62</total>
				<timestamp>182.579829</timestamp>
			</report>
			<report>
				<misses>1076001</misses>
				<total>62</total>
				<timestamp>182.749647</timestamp>
			</report>
			<report>
				<misses>1077001</misses>
				<total>61</total>
				<timestamp>182.919588</timestamp>
			</report>
			<report>
				<misses>1078001</misses>
				<total>62</total>
				<timestamp>183.089329</timestamp>
			</report>
			<report>
				<misses>1079001</misses>
				<total>62</total>
				<timestamp>183.259186</timestamp>
			</report>
			<report>
				<misses>1080001</misses>
				<total>62</total>
				<timestamp>183.428958</timestamp>
			</report>
			<report>
				<misses>1081001</misses>
				<total>63</total>
				<timestamp>183.598824</timestamp>
			</report>
			<report>
				<misses>1082001</misses>
				<total>63</total>
				<timestamp>183.768624</timestamp>
			</report>
			<report>
				<misses>1083001</misses>
				<total>62</total>
				<timestamp>183.938565</timestamp>
			</report>
			<report>
				<misses>1084001</misses>
				<total>63</total>
				<timestamp>184.108341</timestamp>
			</report>
			<report>
				<misses>1085001</misses>
				<total>63</total>
				<timestamp>184.278133</timestamp>
			</report>
			<report>
				<misses>1086001</misses>
				<total>63</total>
				<timestamp>184.447950</timestamp>
			</report>
			<report>
				<misses>1087001</misses>
				<total>63</total>
				<timestamp>184.617777</timestamp>
			</report>
			<report>
				<misses>1088001</misses>
				<total>63</total>
				<timestamp>184.787601</timestamp>
			</report>
			<report>
				<misses>1089001</misses>
				<total>62</total>
				<timestamp>184.957554</timestamp>
			</report>
			<report>
				<misses>1090001</misses>
				<total>63</total>
				<timestamp>185.127353</timestamp>
			</report>
			<report>
				<misses>1091001</misses>
				<total>63</total>
				<timestamp>185.297110</timestamp>
			</report>
			<report>
				<misses>1092001</misses>
				<total>63</total>
				<timestamp>185.466940</timestamp>
			</report>
			<report>
				<misses>1093001</misses>
				<total>63</total>
				<timestamp>185.636888</timestamp>
			</report>
			<report>
				<misses>1094001</misses>
				<total>63</total>
				<timestamp>185.806611</timestamp>
			</report>
			<report>
				<misses>1095001</misses>
				<total>62</total>
				<timestamp>185.976569</timestamp>
			</report>
			<report>
				<misses>1096001</misses>
				<total>62</total>
				<timestamp>186.146467</timestamp>
			</report>
			<report>
				<misses>1097001</misses>
				<total>63</total>
				<timestamp>186.316422</timestamp>
			</report>
			<report>
				<misses>1098001</misses>
				<total>63</total>
				<timestamp>186.486208</timestamp>
			</report>
			<report>
				<misses>1099001</misses>
				<total>63</total>
				<timestamp>186.655990</timestamp>
			</report>
			<report>
				<misses>1100001</misses>
				<total>63</total>
				<timestamp>186.825803</timestamp>
			</report>
			<report>
				<misses>1101001</misses>
				<total>63</total>
				<timestamp>186.995670</timestamp>
			</report>
			<report>
				<misses>1102001</misses>
				<total>63</total>
				<timestamp>187.165470</timestamp>
			</report>
			<report>
				<misses>1103001</misses>
				<total>63</total>
				<timestamp>187.335332</timestamp>
			</report>
			<report>
				<misses>1104001</misses>
				<total>63</total>
				<timestamp>187.505167</timestamp>
			</report>
			<report>
				<misses>1105001</misses>
				<total>63</total>
				<timestamp>187.675016</timestamp>
			</report>
			<report>
				<misses>1106001</misses>
				<total>63</total>
				<timestamp>187.844740</timestamp>
			</report>
			<report>
				<misses>1107001</misses>
				<total>63</total>
				<timestamp>188.014623</timestamp>
			</report>
			<report>
				<misses>1108001</misses>
				<total>63</total>
				<timestamp>188.184485</timestamp>
			</report>
			<report>
				<misses>1109001</misses>
				<total>63</total>
				<timestamp>188.354423</timestamp>
			</report>
			<report>
				<misses>1110001</misses>
				<total>63</total>
				<timestamp>188.524307</timestamp>
			</report>
			<report>
				<misses>1111001</misses>
				<total>63</total>
				<timestamp>188.694116</timestamp>
			</report>
			<report>
				<misses>1112001</misses>
				<total>63</total>
				<timestamp>188.864045</timestamp>
			</report>
			<report>
				<misses>1113001</misses>
				<total>63</total>
				<timestamp>189.034038</timestamp>
			</report>
			<report>
				<misses>1114001</misses>
				<total>63</total>
				<timestamp>189.203837</timestamp>
			</report>
			<report>
				<misses>1115001</misses>
				<total>63</total>
				<timestamp>189.373526</timestamp>
			</report>
			<report>
				<misses>1116001</misses>
				<total>63</total>
				<timestamp>189.543511</timestamp>
			</report>
			<report>
				<misses>1117001</misses>
				<total>63</total>
				<timestamp>189.713273</timestamp>
			</report>
			<report>
				<misses>1118001</misses>
				<total>63</total>
				<timestamp>189.883034</timestamp>
			</report>
			<report>
				<misses>1119001</misses>
				<total>63</total>
				<timestamp>190.052867</timestamp>
			</report>
			<report>
				<misses>1120001</misses>
				<total>63</total>
				<timestamp>190.222685</timestamp>
			</report>
			<report>
				<misses>1121001</misses>
				<total>63</total>
				<timestamp>190.392510</timestamp>
			</report>
			<report>
				<misses>1122001</misses>
				<total>63</total>
				<timestamp>190.562381</timestamp>
			</report>
			<report>
				<misses>1123001</misses>
				<total>62</total>
				<timestamp>190.732303</timestamp>
			</report>
			<report>
				<misses>1124001</misses>
				<total>63</total>
				<timestamp>190.902132</timestamp>
			</report>
			<report>
				<misses>1125001</misses>
				<total>63</total>
				<timestamp>191.071821</timestamp>
			</report>
			<report>
				<misses>1126001</misses>
				<total>62</total>
				<timestamp>191.241826</timestamp>
			</report>
			<report>
				<misses>1127001</misses>
				<total>63</total>
				<timestamp>191.411511</timestamp>
			</report>
			<report>
				<misses>1128001</misses>
				<total>62</total>
				<timestamp>191.581408</timestamp>
			</report>
			<report>
				<misses>1129001</misses>
				<total>62</total>
				<timestamp>191.751265</timestamp>
			</report>
			<report>
				<misses>1130001</misses>
				<total>63</total>
				<timestamp>191.920981</timestamp>
			</report>
			<report>
				<misses>1131001</misses>
				<total>63</total>
				<timestamp>192.090843</timestamp>
			</report>
			<report>
				<misses>1132001</misses>
				<total>63</total>
				<timestamp>192.260653</timestamp>
			</report>
			<report>
				<misses>1133001</misses>
				<total>62</total>
				<timestamp>192.430503</timestamp>
			</report>
			<report>
				<misses>1134001</misses>
				<total>63</total>
				<timestamp>192.600336</timestamp>
			</report>
			<report>
				<misses>1135001</misses>
				<total>62</total>
				<timestamp>192.770293</timestamp>
			</report>
			<report>
				<misses>1136001</misses>
				<total>63</total>
				<timestamp>192.939952</timestamp>
			</report>
			<report>
				<misses>1137001</misses>
				<total>63</total>
				<timestamp>193.109786</timestamp>
			</report>
			<report>
				<misses>1138001</misses>
				<total>63</total>
				<timestamp>193.279626</timestamp>
			</report>
			<report>
				<misses>1139001</misses>
				<total>63</total>
				<timestamp>193.449501</timestamp>
			</report>
			<report>
				<misses>1140001</misses>
				<total>63</total>
				<timestamp>193.619372</timestamp>
			</report>
			<report>
				<misses>1141001</misses>
				<total>64</total>
				<timestamp>193.789135</timestamp>
			</report>
			<report>
				<misses>1142001</misses>
				<total>64</total>
				<timestamp>193.958974</timestamp>
			</report>
			<report>
				<misses>1143001</misses>
				<total>64</total>
				<timestamp>194.128774</timestamp>
			</report>
			<report>
				<misses>1144001</misses>
				<total>64</total>
				<timestamp>194.298636</timestamp>
			</report>
			<report>
				<misses>1145001</misses>
				<total>64</total>
				<timestamp>194.468617</timestamp>
			</report>
			<report>
				<misses>1146001</misses>
				<total>64</total>
				<timestamp>194.638488</timestamp>
			</report>
			<report>
				<misses>1147001</misses>
				<total>63</total>
				<timestamp>194.808389</timestamp>
			</report>
			<report>
				<misses>1148001</misses>
				<total>64</total>
				<timestamp>194.978161</timestamp>
			</report>
			<report>
				<misses>1149001</misses>
				<total>64</total>
				<timestamp>195.147980</timestamp>
			</report>
			<report>
				<misses>1150001</misses>
				<total>64</total>
				<timestamp>195.317870</timestamp>
			</report>
			<report>
				<misses>1151001</misses>
				<total>64</total>
				<timestamp>195.487587</timestamp>
			</report>
			<report>
				<misses>1152001</misses>
				<total>64</total>
				<timestamp>195.657572</timestamp>
			</report>
			<report>
				<misses>1153001</misses>
				<total>63</total>
				<timestamp>195.827287</timestamp>
			</report>
			<report>
				<misses>1154001</misses>
				<total>64</total>
				<timestamp>195.997106</timestamp>
			</report>
			<report>
				<misses>1155001</misses>
				<total>64</total>
				<timestamp>196.166903</timestamp>
			</report>
			<report>
				<misses>1156001</misses>
				<total>64</total>
				<timestamp>196.336871</timestamp>
			</report>
			<report>
				<misses>1157001</misses>
				<total>64</total>
				<timestamp>196.506562</timestamp>
			</report>
			<report>
				<misses>1158001</misses>
				<total>71</total>
				<timestamp>196.676482</timestamp>
			</report>
			<report>
				<misses>1159001</misses>
				<total>70</total>
				<timestamp>196.846351</timestamp>
			</report>
			<report>
				<misses>1160001</misses>
				<total>70</total>
				<timestamp>197.016239</timestamp>
			</report>
			<report>
				<misses>1161001</misses>
				<total>72</total>
				<timestamp>197.186083</timestamp>
			</report>
			<report>
				<misses>1162001</misses>
				<total>75</total>
				<timestamp>197.355896</timestamp>
			</report>
			<report>
				<misses>1163001</misses>
				<total>75</total>
				<timestamp>197.525719</timestamp>
			</report>
			<report>
				<misses>1164001</misses>
				<total>75</total>
				<timestamp>197.695555</timestamp>
			</report>
			<report>
				<misses>1165001</misses>
				<total>75</total>
				<timestamp>197.865487</timestamp>
			</report>
			<report>
				<misses>1166001</misses>
				<total>75</total>
				<timestamp>198.035263</timestamp>
			</report>
			<report>
				<misses>1167001</misses>
				<total>75</total>
				<timestamp>198.205151</timestamp>
			</report>
			<report>
				<misses>1168001</misses>
				<total>75</total>
				<timestamp>198.374879</timestamp>
			</report>
			<report>
				<misses>1169001</misses>
				<total>75</total>
				<timestamp>198.544682</timestamp>
			</report>
			<report>
				<misses>1170001</misses>
				<total>75</total>
				<timestamp>198.714513</timestamp>
			</report>
			<report>
				<misses>1171001</misses>
				<total>74</total>
				<timestamp>198.884456</timestamp>
			</report>
			<report>
				<misses>1172001</misses>
				<total>75</total>
				<timestamp>199.054298</timestamp>
			</report>
			<report>
				<misses>1173001</misses>
				<total>75</total>
				<timestamp>199.224173</timestamp>
			</report>
			<report>
				<misses>1174001</misses>
				<total>75</total>
				<timestamp>199.393884</timestamp>
			</report>
			<report>
				<misses>1175001</misses>
				<total>75</total>
				<timestamp>199.563724</timestamp>
			</report>
			<report>
				<misses>1176001</misses>
				<total>75</total>
				<timestamp>199.733526</timestamp>
			</report>
			<report>
				<misses>1177001</misses>
				<total>74</total>
				<timestamp>199.903469</timestamp>
			</report>
			<report>
				<misses>1178001</misses>
				<total>75</total>
				<timestamp>200.073231</timestamp>
			</report>
			<report>
				<misses>1179001</misses>
				<total>75</total>
				<timestamp>200.243107</timestamp>
			</report>
			<report>
				<misses>1180001</misses>
				<total>75</total>
				<timestamp>200.412849</timestamp>
			</report>
			<report>
				<misses>1181001</misses>
				<total>75</total>
				<timestamp>200.582653</timestamp>
			</report>
			<report>
				<misses>1182001</misses>
				<total>75</total>
				<timestamp>200.752607</timestamp>
			</report>
			<report>
				<misses>1183001</misses>
				<total>75</total>
				<timestamp>200.922314</timestamp>
			</report>
			<report>
				<misses>1184001</misses>
				<total>74</total>
				<timestamp>201.092314</timestamp>
			</report>
			<report>
				<misses>1185001</misses>
				<total>75</total>
				<timestamp>201.261982</timestamp>
			</report>
			<report>
				<misses>1186001</misses>
				<total>75</total>
				<timestamp>201.431901</timestamp>
			</report>
			<report>
				<misses>1187001</misses>
				<total>75</total>
				<timestamp>201.601714</timestamp>
			</report>
			<report>
				<misses>1188001</misses>
				<total>75</total>
				<timestamp>201.771457</timestamp>
			</report>
			<report>
				<misses>1189001</misses>
				<total>75</total>
				<timestamp>201.941361</timestamp>
			</report>
			<report>
				<misses>1190001</misses>
				<total>74</total>
				<timestamp>202.111231</timestamp>
			</report>
			<report>
				<misses>1191001</misses>
				<total>75</total>
				<timestamp>202.280967</timestamp>
			</report>
			<report>
				<misses>1192001</misses>
				<total>75</total>
				<timestamp>202.450786</timestamp>
			</report>
			<report>
				<misses>1193001</misses>
				<total>75</total>
				<timestamp>202.620630</timestamp>
			</report>
			<report>
				<misses>1194001</misses>
				<total>75</total>
				<timestamp>202.790484</timestamp>
			</report>
			<report>
				<misses>1195001</misses>
				<total>75</total>
				<timestamp>202.960320</timestamp>
			</report>
			<report>
				<misses>1196001</misses>
				<total>74</total>
				<timestamp>203.130223</timestamp>
			</report>
			<report>
				<misses>1197001</misses>
				<total>75</total>
				<timestamp>203.300033</timestamp>
			</report>
			<report>
				<misses>1198001</misses>
				<total>75</total>
				<timestamp>203.469773</timestamp>
			</report>
			<report>
				<misses>1199001</misses>
				<total>75</total>
				<timestamp>203.639604</timestamp>
			</report>
			<report>
				<misses>1200001</misses>
				<total>75</total>
				<timestamp>203.809430</timestamp>
			</report>
			<report>
				<misses>1201001</misses>
				<total>74</total>
				<timestamp>203.979312</timestamp>
			</report>
			<report>
				<misses>1202001</misses>
				<total>74</total>
				<timestamp>204.149240</timestamp>
			</report>
			<report>
				<misses>1203001</misses>
				<total>75</total>
				<timestamp>204.318919</timestamp>
			</report>
			<report>
				<misses>1204001</misses>
				<total>75</total>
				<timestamp>204.488760</timestamp>
			</report>
			<report>
				<misses>1205001</misses>
				<total>75</total>
				<timestamp>204.658565</timestamp>
			</report>
			<report>
				<misses>1206001</misses>
				<total>75</total>
				<timestamp>204.828509</timestamp>
			</report>
			<report>
				<misses>1207001</misses>
				<total>75</total>
				<timestamp>204.998325</timestamp>
			</report>
			<report>
				<misses>1208001</misses>
				<total>75</total>
				<timestamp>205.168101</timestamp>
			</report>
			<report>
				<misses>1209001</misses>
				<total>75</total>
				<timestamp>205.338024</timestamp>
			</report>
			<report>
				<misses>1210001</misses>
				<total>75</total>
				<timestamp>205.507729</timestamp>
			</report>
			<report>
				<misses>1211001</misses>
				<total>75</total>
				<timestamp>205.677629</timestamp>
			</report>
			<report>
				<misses>1212001</misses>
				<total>75</total>
				<timestamp>205.847381</timestamp>
			</report>
			<report>
				<misses>1213001</misses>
				<total>75</total>
				<timestamp>206.017276</timestamp>
			</report>
			<report>
				<misses>1214001</misses>
				<total>74</total>
				<timestamp>206.187189</timestamp>
			</report>
			<report>
				<misses>1215001</misses>
				<total>75</total>
				<timestamp>206.356876</timestamp>
			</report>
			<report>
				<misses>1216001</misses>
				<total>75</total>
				<timestamp>206.526705</timestamp>
			</report>
			<report>
				<misses>1217001</misses>
				<total>75</total>
				<timestamp>206.696601</timestamp>
			</report>
			<report>
				<misses>1218001</misses>
				<total>75</total>
				<timestamp>206.866446</timestamp>
			</report>
			<report>
				<misses>1219001</misses>
				<total>74</total>
				<timestamp>207.036321</timestamp>
			</report>
			<report>
				<misses>1220001</misses>
				<total>75</total>
				<timestamp>207.206194</timestamp>
			</report>
			<report>
				<misses>1221001</misses>
				<total>75</total>
				<timestamp>207.376088</timestamp>
			</report>
			<report>
				<misses>1222001</misses>
				<total>75</total>
				<timestamp>207.545857</timestamp>
			</report>
			<report>
				<misses>1223001</misses>
				<total>77</total>
				<timestamp>207.715686</timestamp>
			</report>
			<report>
				<misses>1224001</misses>
				<total>77</total>
				<timestamp>207.885525</timestamp>
			</report>
			<report>
				<misses>1225001</misses>
				<total>76</total>
				<timestamp>208.055416</timestamp>
			</report>
			<report>
				<misses>1226001</misses>
				<total>77</total>
				<timestamp>208.225220</timestamp>
			</report>
			<report>
				<misses>1227001</misses>
				<total>77</total>
				<timestamp>208.395098</timestamp>
			</report>
			<report>
				<misses>1228001</misses>
				<total>77</total>
				<timestamp>208.564972</timestamp>
			</report>
			<report>
				<misses>1229001</misses>
				<total>77</total>
				<timestamp>208.734755</timestamp>
			</report>
			<report>
				<misses>1230001</misses>
				<total>77</total>
				<timestamp>208.904531</timestamp>
			</report>
			<report>
				<misses>1231001</misses>
				<total>77</total>
				<timestamp>209.074528</timestamp>
			</report>
			<report>
				<misses>1232001</misses>
				<total>76</total>
				<timestamp>209.244524</timestamp>
			</report>
			<report>
				<misses>1233001</misses>
				<total>77</total>
				<timestamp>209.414374</timestamp>
			</report>
			<report>
				<misses>1234001</misses>
				<total>76</total>
				<timestamp>209.584400</timestamp>
			</report>
			<report>
				<misses>1235001</misses>
				<total>77</total>
				<timestamp>209.754223</timestamp>
			</report>
			<report>
				<misses>1236001</misses>
				<total>77</total>
				<timestamp>209.924019</timestamp>
			</report>
			<report>
				<misses>1237001</misses>
				<total>77</total>
				<timestamp>210.093907</timestamp>
			</report>
			<report>
				<misses>1238001</misses>
				<total>77</total>
				<timestamp>210.263741</timestamp>
			</report>
			<report>
				<misses>1239001</misses>
				<total>77</total>
				<timestamp>210.433605</timestamp>
			</report>
			<report>
				<misses>1240001</misses>
				<total>77</total>
				<timestamp>210.603388</timestamp>
			</report>
			<report>
				<misses>1241001</misses>
				<total>76</total>
				<timestamp>210.773292</timestamp>
			</report>
			<report>
				<misses>1242001</misses>
				<total>77</total>
				<timestamp>210.942988</timestamp>
			</report>
			<report>
				<misses>1243001</misses>
				<total>77</total>
				<timestamp>211.112825</timestamp>
			</report>
			<report>
				<misses>1244001</misses>
				<total>77</total>
				<timestamp>211.282702</timestamp>
			</report>
			<report>
				<misses>1245001</misses>
				<total>77</total>
				<timestamp>211.452485</timestamp>
			</report>
			<report>
				<misses>1246001</misses>
				<total>77</total>
				<timestamp>211.622286</timestamp>
			</report>
			<report>
				<misses>1247001</misses>
				<total>76</total>
				<timestamp>211.792241</timestamp>
			</report>
			<report>
				<misses>1248001</misses>
				<total>77</total>
				<timestamp>211.962019</timestamp>
			</report>
			<report>
				<misses>1249001</misses>
				<total>77</total>
				<timestamp>212.131866</timestamp>
			</report>
			<report>
				<misses>1250001</misses>
				<total>77</total>
				<timestamp>212.301721</timestamp>
			</report>
			<report>
				<misses>1251001</misses>
				<total>77</total>
				<timestamp>212.471447</timestamp>
			</report>
			<report>
				<misses>1252001</misses>
				<total>76</total>
				<timestamp>212.641436</timestamp>
			</report>
			<report>
				<misses>1253001</misses>
				<total>76</total>
				<timestamp>212.811392</timestamp>
			</report>
			<report>
				<misses>1254001</misses>
				<total>77</total>
				<timestamp>212.981143</timestamp>
			</report>
			<report>
				<misses>1255001</misses>
				<total>77</total>
				<timestamp>213.150935</timestamp>
			</report>
			<report>
				<misses>1256001</misses>
				<total>77</total>
				<timestamp>213.320752</timestamp>
			</report>
			<report>
				<misses>1257001</misses>
				<total>77</total>
				<timestamp>213.490614</timestamp>
			</report>
			<report>
				<misses>1258001</misses>
				<total>77</total>
				<timestamp>213.660420</timestamp>
			</report>
			<report>
				<misses>1259001</misses>
				<total>76</total>
				<timestamp>213.830451</timestamp>
			</report>
			<report>
				<misses>1260001</misses>
				<total>76</total>
				<timestamp>214.000371</timestamp>
			</report>
			<report>
				<misses>1261001</misses>
				<total>77</total>
				<timestamp>214.170143</timestamp>
			</report>
			<report>
				<misses>1262001</misses>
				<total>77</total>
				<timestamp>214.339986</timestamp>
			</report>
			<report>
				<misses>1263001</misses>
				<total>77</total>
				<timestamp>214.509814</timestamp>
			</report>
			<report>
				<misses>1264001</misses>
				<total>77</total>
				<timestamp>214.679581</timestamp>
			</report>
			<report>
				<misses>1265001</misses>
				<total>77</total>
				<timestamp>214.849513</timestamp>
			</report>
			<report>
				<misses>1266001</misses>
				<total>77</total>
				<timestamp>215.019269</timestamp>
			</report>
			<report>
				<misses>1267001</misses>
				<total>76</total>
				<timestamp>215.189189</timestamp>
			</report>
			<report>
				<misses>1268001</misses>
				<total>77</total>
				<timestamp>215.358917</timestamp>
			</report>
			<report>
				<misses>1269001</misses>
				<total>77</total>
				<timestamp>215.528716</timestamp>
			</report>
			<report>
				<misses>1270001</misses>
				<total>77</total>
				<timestamp>215.698706</timestamp>
			</report>
			<report>
				<misses>1271001</misses>
				<total>77</total>
				<timestamp>215.868397</timestamp>
			</report>
			<report>
				<misses>1272001</misses>
				<total>77</total>
				<timestamp>216.038237</timestamp>
			</report>
			<report>
				<misses>1273001</misses>
				<total>76</total>
				<timestamp>216.208229</timestamp>
			</report>
			<report>
				<misses>1274001</misses>
				<total>76</total>
				<timestamp>216.378142</timestamp>
			</report>
			<report>
				<misses>1275001</misses>
				<total>77</total>
				<timestamp>216.547874</timestamp>
			</report>
			<report>
				<misses>1276001</misses>
				<total>77</total>
				<timestamp>216.717782</timestamp>
			</report>
			<report>
				<misses>1277001</misses>
				<total>77</total>
				<timestamp>216.887548</timestamp>
			</report>
			<report>
				<misses>1278001</misses>
				<total>76</total>
				<timestamp>217.057476</timestamp>
			</report>
			<report>
				<misses>1279001</misses>
				<total>76</total>
				<timestamp>217.227357</timestamp>
			</report>
			<report>
				<misses>1280001</misses>
				<total>76</total>
				<timestamp>217.397434</timestamp>
			</report>
			<report>
				<misses>1281001</misses>
				<total>77</total>
				<timestamp>217.567232</timestamp>
			</report>
			<report>
				<misses>1282001</misses>
				<total>77</total>
				<timestamp>217.737109</timestamp>
			</report>
			<report>
				<misses>1283001</misses>
				<total>77</total>
				<timestamp>217.906849</timestamp>
			</report>
			<report>
				<misses>1284001</misses>
				<total>77</total>
				<timestamp>218.076706</timestamp>
			</report>
			<report>
				<misses>1285001</misses>
				<total>77</total>
				<timestamp>218.246542</timestamp>
			</report>
			<report>
				<misses>1286001</misses>
				<total>77</total>
				<timestamp>218.416380</timestamp>
			</report>
			<report>
				<misses>1287001</misses>
				<total>76</total>
				<timestamp>218.586217</timestamp>
			</report>
			<report>
				<misses>1288001</misses>
				<total>77</total>
				<timestamp>218.756079</timestamp>
			</report>
			<report>
				<misses>1289001</misses>
				<total>77</total>
				<timestamp>218.925890</timestamp>
			</report>
			<report>
				<misses>1290001</misses>
				<total>76</total>
				<timestamp>219.095707</timestamp>
			</report>
			<report>
				<misses>1291001</misses>
				<total>77</total>
				<timestamp>219.265489</timestamp>
			</report>
			<report>
				<misses>1292001</misses>
				<total>77</total>
				<timestamp>219.435340</timestamp>
			</report>
			<report>
				<misses>1293001</misses>
				<total>77</total>
				<timestamp>219.605209</timestamp>
			</report>
			<report>
				<misses>1294001</misses>
				<total>76</total>
				<timestamp>219.775112</timestamp>
			</report>
			<report>
				<misses>1295001</misses>
				<total>79</total>
				<timestamp>219.944806</timestamp>
			</report>
			<report>
				<misses>1296001</misses>
				<total>79</total>
				<timestamp>220.114646</timestamp>
			</report>
			<report>
				<misses>1297001</misses>
				<total>79</total>
				<timestamp>220.284497</timestamp>
			</report>
			<report>
				<misses>1298001</misses>
				<total>78</total>
				<timestamp>220.454339</timestamp>
			</report>
			<report>
				<misses>1299001</misses>
				<total>79</total>
				<timestamp>220.624142</timestamp>
			</report>
			<report>
				<misses>1300001</misses>
				<total>78</total>
				<timestamp>220.794103</timestamp>
			</report>
			<report>
				<misses>1301001</misses>
				<total>79</total>
				<timestamp>220.963772</timestamp>
			</report>
			<report>
				<misses>1302001</misses>
				<total>79</total>
				<timestamp>221.133606</timestamp>
			</report>
			<report>
				<misses>1303001</misses>
				<total>80</total>
				<timestamp>221.303454</timestamp>
			</report>
			<report>
				<misses>1304001</misses>
				<total>80</total>
				<timestamp>221.473328</timestamp>
			</report>
			<report>
				<misses>1305001</misses>
				<total>79</total>
				<timestamp>221.643181</timestamp>
			</report>
			<report>
				<misses>1306001</misses>
				<total>80</total>
				<timestamp>221.812991</timestamp>
			</report>
			<report>
				<misses>1307001</misses>
				<total>80</total>
				<timestamp>221.982759</timestamp>
			</report>
			<report>
				<misses>1308001</misses>
				<total>80</total>
				<timestamp>222.152596</timestamp>
			</report>
			<report>
				<misses>1309001</misses>
				<total>80</total>
				<timestamp>222.322429</timestamp>
			</report>
			<report>
				<misses>1310001</misses>
				<total>80</total>
				<timestamp>222.492307</timestamp>
			</report>
			<report>
				<misses>1311001</misses>
				<total>79</total>
				<timestamp>222.662206</timestamp>
			</report>
			<report>
				<misses>1312001</misses>
				<total>80</total>
				<timestamp>222.832000</timestamp>
			</report>
			<report>
				<misses>1313001</misses>
				<total>83</total>
				<timestamp>223.001842</timestamp>
			</report>
			<report>
				<misses>1314001</misses>
				<total>83</total>
				<timestamp>223.171677</timestamp>
			</report>
			<report>
				<misses>1315001</misses>
				<total>83</total>
				<timestamp>223.341414</timestamp>
			</report>
			<report>
				<misses>1316001</misses>
				<total>82</total>
				<timestamp>223.511375</timestamp>
			</report>
			<report>
				<misses>1317001</misses>
				<total>82</total>
				<timestamp>223.681199</timestamp>
			</report>
			<report>
				<misses>1318001</misses>
				<total>83</total>
				<timestamp>223.850929</timestamp>
			</report>
			<report>
				<misses>1319001</misses>
				<total>83</total>
				<timestamp>224.020770</timestamp>
			</report>
			<report>
				<misses>1320001</misses>
				<total>83</total>
				<timestamp>224.190598</timestamp>
			</report>
			<report>
				<misses>1321001</misses>
				<total>83</total>
				<timestamp>224.360465</timestamp>
			</report>
			<report>
				<misses>1322001</misses>
				<total>82</total>
				<timestamp>224.530428</timestamp>
			</report>
			<report>
				<misses>1323001</misses>
				<total>83</total>
				<timestamp>224.700296</timestamp>
			</report>
			<report>
				<misses>1324001</misses>
				<total>83</total>
				<timestamp>224.870169</timestamp>
			</report>
			<report>
				<misses>1325001</misses>
				<total>83</total>
				<timestamp>225.039975</timestamp>
			</report>
			<report>
				<misses>1326001</misses>
				<total>84</total>
				<timestamp>225.209703</timestamp>
			</report>
			<report>
				<misses>1327001</misses>
				<total>84</total>
				<timestamp>225.379541</timestamp>
			</report>
			<report>
				<misses>1328001</misses>
				<total>84</total>
				<timestamp>225.549354</timestamp>
			</report>
			<report>
				<misses>1329001</misses>
				<total>84</total>
				<timestamp>225.719301</timestamp>
			</report>
			<report>
				<misses>1330001</misses>
				<total>84</total>
				<timestamp>225.889107</timestamp>
			</report>
			<report>
				<misses>1331001</misses>
				<total>84</total>
				<timestamp>226.058972</timestamp>
			</report>
			<report>
				<misses>1332001</misses>
				<total>84</total>
				<timestamp>226.228751</timestamp>
			</report>
			<report>
				<misses>1333001</misses>
				<total>84</total>
				<timestamp>226.398515</timestamp>
			</report>
			<report>
				<misses>1334001</misses>
				<total>84</total>
				<timestamp>226.568337</timestamp>
			</report>
			<report>
				<misses>1335001</misses>
				<total>88</total>
				<timestamp>226.738282</timestamp>
			</report>
			<report>
				<misses>1336001</misses>
				<total>89</total>
				<timestamp>226.908102</timestamp>
			</report>
			<report>
				<misses>1337001</misses>
				<total>89</total>
				<timestamp>227.077862</timestamp>
			</report>
			<report>
				<misses>1338001</misses>
				<total>89</total>
				<timestamp>227.247702</timestamp>
			</report>
			<report>
				<misses>1339001</misses>
				<total>89</total>
				<timestamp>227.417527</timestamp>
			</report>
			<report>
				<misses>1340001</misses>
				<total>89</total>
				<timestamp>227.587392</timestamp>
			</report>
			<report>
				<misses>1341001</misses>
				<total>89</total>
				<timestamp>227.757248</timestamp>
			</report>
			<report>
				<misses>1342001</misses>
				<total>89</total>
				<timestamp>227.927069</timestamp>
			</report>
			<report>
				<misses>1343001</misses>
				<total>89</total>
				<timestamp>228.096920</timestamp>
			</report>
			<report>
				<misses>1344001</misses>
				<total>89</total>
				<timestamp>228.266732</timestamp>
			</report>
			<report>
				<misses>1345001</misses>
				<total>89</total>
				<timestamp>228.436467</timestamp>
			</report>
			<report>
				<misses>1346001</misses>
				<total>89</total>
				<timestamp>228.606324</timestamp>
			</report>
			<report>
				<misses>1347001</misses>
				<total>89</total>
				<timestamp>228.776263</timestamp>
			</report>
			<report>
				<misses>1348001</misses>
				<total>89</total>
				<timestamp>228.946029</timestamp>
			</report>
			<report>
				<misses>1349001</misses>
				<total>89</total>
				<timestamp>229.115857</timestamp>
			</report>
			<report>
				<misses>1350001</misses>
				<total>89</total>
				<timestamp>229.285628</timestamp>
			</report>
			<report>
				<misses>1351001</misses>
				<total>89</total>
				<timestamp>229.455447</timestamp>
			</report>
			<report>
				<misses>1352001</misses>
				<total>89</total>
				<timestamp>229.625293</timestamp>
			</report>
			<report>
				<misses>1353001</misses>
				<total>89</total>
				<timestamp>229.795129</timestamp>
			</report>
			<report>
				<misses>1354001</misses>
				<total>89</total>
				<timestamp>229.964948</timestamp>
			</report>
			<report>
				<misses>1355001</misses>
				<total>89</total>
				<timestamp>230.134772</timestamp>
			</report>
			<report>
				<misses>1356001</misses>
				<total>89</total>
				<timestamp>230.304616</timestamp>
			</report>
			<report>
				<misses>1357001</misses>
				<total>89</total>
				<timestamp>230.474448</timestamp>
			</report>
			<report>
				<misses>1358001</misses>
				<total>89</total>
				<timestamp>230.644302</timestamp>
			</report>
			<report>
				<misses>1359001</misses>
				<total>88</total>
				<timestamp>230.814256</timestamp>
			</report>
			<report>
				<misses>1360001</misses>
				<total>88</total>
				<timestamp>230.984044</timestamp>
			</report>
			<report>
				<misses>1361001</misses>
				<total>89</total>
				<timestamp>231.153757</timestamp>
			</report>
			<report>
				<misses>1362001</misses>
				<total>89</total>
				<timestamp>231.323579</timestamp>
			</report>
			<report>
				<misses>1363001</misses>
				<total>90</total>
				<timestamp>231.493409</timestamp>
			</report>
			<report>
				<misses>1364001</misses>
				<total>90</total>
				<timestamp>231.663286</timestamp>
			</report>
			<report>
				<misses>1365001</misses>
				<total>90</total>
				<timestamp>231.833135</timestamp>
			</report>
			<report>
				<misses>1366001</misses>
				<total>89</total>
				<timestamp>232.003050</timestamp>
			</report>
			<report>
				<misses>1367001</misses>
				<total>90</total>
				<timestamp>232.172730</timestamp>
			</report>
			<report>
				<misses>1368001</misses>
				<total>90</total>
				<timestamp>232.342545</timestamp>
			</report>
			<report>
				<misses>1369001</misses>
				<total>90</total>
				<timestamp>232.512385</timestamp>
			</report>
			<report>
				<misses>1370001</misses>
				<total>90</total>
				<timestamp>232.682234</timestamp>
			</report>
			<report>
				<misses>1371001</misses>
				<total>89</total>
				<timestamp>232.852146</timestamp>
			</report>
			<report>
				<misses>1372001</misses>
				<total>89</total>
				<timestamp>233.022097</timestamp>
			</report>
			<report>
				<misses>1373001</misses>
				<total>89</total>
				<timestamp>233.192189</timestamp>
			</report>
			<report>
				<misses>1374001</misses>
				<total>89</total>
				<timestamp>233.362130</timestamp>
			</report>
			<report>
				<misses>1375001</misses>
				<total>89</total>
				<timestamp>233.532200</timestamp>
			</report>
			<report>
				<misses>1376001</misses>
				<total>90</total>
				<timestamp>233.701996</timestamp>
			</report>
			<report>
				<misses>1377001</misses>
				<total>90</total>
				<timestamp>233.871721</timestamp>
			</report>
			<report>
				<misses>1378001</misses>
				<total>90</total>
				<timestamp>234.041633</timestamp>
			</report>
			<report>
				<misses>1379001</misses>
				<total>90</total>
				<timestamp>234.211403</timestamp>
			</report>
			<report>
				<misses>1380001</misses>
				<total>90</total>
				<timestamp>234.381333</timestamp>
			</report>
			<report>
				<misses>1381001</misses>
				<total>90</total>
				<timestamp>234.551202</timestamp>
			</report>
			<report>
				<misses>1382001</misses>
				<total>90</total>
				<timestamp>234.720939</timestamp>
			</report>
			<report>
				<misses>1383001</misses>
				<total>90</total>
				<timestamp>234.890756</timestamp>
			</report>
			<report>
				<misses>1384001</misses>
				<total>90</total>
				<timestamp>235.060521</timestamp>
			</report>
			<report>
				<misses>1385001</misses>
				<total>90</total>
				<timestamp>235.230346</timestamp>
			</report>
			<report>
				<misses>1386001</misses>
				<total>90</total>
				<timestamp>235.400346</timestamp>
			</report>
			<report>
				<misses>1387001</misses>
				<total>89</total>
				<timestamp>235.570159</timestamp>
			</report>
			<report>
				<misses>1388001</misses>
				<total>90</total>
				<timestamp>235.739905</timestamp>
			</report>
			<report>
				<misses>1389001</misses>
				<total>90</total>
				<timestamp>235.909668</timestamp>
			</report>
			<report>
				<misses>1390001</misses>
				<total>90</total>
				<timestamp>236.079614</timestamp>
			</report>
			<report>
				<misses>1391001</misses>
				<total>90</total>
				<timestamp>236.249335</timestamp>
			</report>
			<report>
				<misses>1392001</misses>
				<total>90</total>
				<timestamp>236.419190</timestamp>
			</report>
			<report>
				<misses>1393001</misses>
				<total>89</total>
				<timestamp>236.589121</timestamp>
			</report>
			<report>
				<misses>1394001</misses>
				<total>90</total>
				<timestamp>236.758939</timestamp>
			</report>
			<report>
				<misses>1395001</misses>
				<total>90</total>
				<timestamp>236.928645</timestamp>
			</report>
			<report>
				<misses>1396001</misses>
				<total>90</total>
				<timestamp>237.098589</timestamp>
			</report>
			<report>
				<misses>1397001</misses>
				<total>90</total>
				<timestamp>237.268314</timestamp>
			</report>
			<report>
				<misses>1398001</misses>
				<total>89</total>
				<timestamp>237.438244</timestamp>
			</report>
			<report>
				<misses>1399001</misses>
				<total>89</total>
				<timestamp>237.608136</timestamp>
			</report>
			<report>
				<misses>1400001</misses>
				<total>91</total>
				<timestamp>237.777830</timestamp>
			</report>
			<report>
				<misses>1401001</misses>
				<total>91</total>
				<timestamp>237.947637</timestamp>
			</report>
			<report>
				<misses>1402001</misses>
				<total>91</total>
				<timestamp>238.117457</timestamp>
			</report>
			<report>
				<misses>1403001</misses>
				<total>91</total>
				<timestamp>238.287383</timestamp>
			</report>
			<report>
				<misses>1404001</misses>
				<total>91</total>
				<timestamp>238.457231</timestamp>
			</report>
			<report>
				<misses>1405001</misses>
				<total>91</total>
				<timestamp>238.626976</timestamp>
			</report>
			<report>
				<misses>1406001</misses>
				<total>91</total>
				<timestamp>238.796800</timestamp>
			</report>
			<report>
				<misses>1407001</misses>
				<total>91</total>
				<timestamp>238.966624</timestamp>
			</report>
			<report>
				<misses>1408001</misses>
				<total>91</total>
				<timestamp>239.136458</timestamp>
			</report>
			<report>
				<misses>1409001</misses>
				<total>91</total>
				<timestamp>239.306270</timestamp>
			</report>
			<report>
				<misses>1410001</misses>
				<total>90</total>
				<timestamp>239.476230</timestamp>
			</report>
			<report>
				<misses>1411001</misses>
				<total>91</total>
				<timestamp>239.645974</timestamp>
			</report>
			<report>
				<misses>1412001</misses>
				<total>91</total>
				<timestamp>239.815871</timestamp>
			</report>
			<report>
				<misses>1413001</misses>
				<total>91</total>
				<timestamp>239.985604</timestamp>
			</report>
			<report>
				<misses>1414001</misses>
				<total>91</total>
				<timestamp>240.155427</timestamp>
			</report>
			<report>
				<misses>1415001</misses>
				<total>91</total>
				<timestamp>240.325249</timestamp>
			</report>
			<report>
				<misses>1416001</misses>
				<total>91</total>
				<timestamp>240.495101</timestamp>
			</report>
			<report>
				<misses>1417001</misses>
				<total>90</total>
				<timestamp>240.664958</timestamp>
			</report>
			<report>
				<misses>1418001</misses>
				<total>91</total>
				<timestamp>240.834764</timestamp>
			</report>
			<report>
				<misses>1419001</misses>
				<total>96</total>
				<timestamp>241.004569</timestamp>
			</report>
			<report>
				<misses>1420001</misses>
				<total>96</total>
				<timestamp>241.174396</timestamp>
			</report>
			<report>
				<misses>1421001</misses>
				<total>96</total>
				<timestamp>241.344257</timestamp>
			</report>
			<report>
				<misses>1422001</misses>
				<total>96</total>
				<timestamp>241.514091</timestamp>
			</report>
			<report>
				<misses>1423001</misses>
				<total>96</total>
				<timestamp>241.684007</timestamp>
			</report>
			<report>
				<misses>1424001</misses>
				<total>96</total>
				<timestamp>241.853721</timestamp>
			</report>
			<report>
				<misses>1425001</misses>
				<total>96</total>
				<timestamp>242.023550</timestamp>
			</report>
			<report>
				<misses>1426001</misses>
				<total>96</total>
				<timestamp>242.193431</timestamp>
			</report>
			<report>
				<misses>1427001</misses>
				<total>96</total>
				<timestamp>242.363224</timestamp>
			</report>
			<report>
				<misses>1428001</misses>
				<total>95</total>
				<timestamp>242.533080</timestamp>
			</report>
			<report>
				<misses>1429001</misses>
				<total>95</total>
				<timestamp>242.702993</timestamp>
			</report>
			<report>
				<misses>1430001</misses>
				<total>96</total>
				<timestamp>242.872711</timestamp>
			</report>
			<report>
				<misses>1431001</misses>
				<total>96</total>
				<timestamp>243.042587</timestamp>
			</report>
			<report>
				<misses>1432001</misses>
				<total>96</total>
				<timestamp>243.212374</timestamp>
			</report>
			<report>
				<misses>1433001</misses>
				<total>96</total>
				<timestamp>243.382220</timestamp>
			</report>
			<report>
				<misses>1434001</misses>
				<total>95</total>
				<timestamp>243.552076</timestamp>
			</report>
			<report>
				<misses>1435001</misses>
				<total>96</total>
				<timestamp>243.721873</timestamp>
			</report>
			<report>
				<misses>1436001</misses>
				<total>96</total>
				<timestamp>243.891681</timestamp>
			</report>
			<report>
				<misses>1437001</misses>
				<total>96</total>
				<timestamp>244.061501</timestamp>
			</report>
			<report>
				<misses>1438001</misses>
				<total>96</total>
				<timestamp>244.231366</timestamp>
			</report>
			<report>
				<misses>1439001</misses>
				<total>95</total>
				<timestamp>244.401217</timestamp>
			</report>
			<report>
				<misses>1440001</misses>
				<total>96</total>
				<timestamp>244.571089</timestamp>
			</report>
			<report>
				<misses>1441001</misses>
				<total>96</total>
				<timestamp>244.741084</timestamp>
			</report>
			<report>
				<misses>1442001</misses>
				<total>95</total>
				<timestamp>244.911010</timestamp>
			</report>
			<report>
				<misses>1443001</misses>
				<total>95</total>
				<timestamp>245.081035</timestamp>
			</report>
			<report>
				<misses>1444001</misses>
				<total>95</total>
				<timestamp>245.251084</timestamp>
			</report>
			<report>
				<misses>1445001</misses>
				<total>95</total>
				<timestamp>245.421002</timestamp>
			</report>
			<report>
				<misses>1446001</misses>
				<total>96</total>
				<timestamp>245.590770</timestamp>
			</report>
			<report>
				<misses>1447001</misses>
				<total>96</total>
				<timestamp>245.760616</timestamp>
			</report>
			<report>
				<misses>1448001</misses>
				<total>96</total>
				<timestamp>245.930373</timestamp>
			</report>
			<report>
				<misses>1449001</misses>
				<total>96</total>
				<timestamp>246.100238</timestamp>
			</report>
			<report>
				<misses>1450001</misses>
				<total>96</total>
				<timestamp>246.270172</timestamp>
			</report>
			<report>
				<misses>1451001</misses>
				<total>96</total>
				<timestamp>246.440156</timestamp>
			</report>
			<report>
				<misses>1452001</misses>
				<total>96</total>
				<timestamp>246.610149</timestamp>
			</report>
			<report>
				<misses>1453001</misses>
				<total>96</total>
				<timestamp>246.780190</timestamp>
			</report>
			<report>
				<misses>1454001</misses>
				<total>96</total>
				<timestamp>246.950066</timestamp>
			</report>
			<report>
				<misses>1455001</misses>
				<total>95</total>
				<timestamp>247.119941</timestamp>
			</report>
			<report>
				<misses>1456001</misses>
				<total>96</total>
				<timestamp>247.289638</timestamp>
			</report>
			<report>
				<misses>1457001</misses>
				<total>96</total>
				<timestamp>247.459473</timestamp>
			</report>
			<report>
				<misses>1458001</misses>
				<total>96</total>
				<timestamp>247.629347</timestamp>
			</report>
			<report>
				<misses>1459001</misses>
				<total>96</total>
				<timestamp>247.799166</timestamp>
			</report>
			<report>
				<misses>1460001</misses>
				<total>95</total>
				<timestamp>247.969067</timestamp>
			</report>
			<report>
				<misses>1461001</misses>
				<total>95</total>
				<timestamp>248.138928</timestamp>
			</report>
			<report>
				<misses>1462001</misses>
				<total>96</total>
				<timestamp>248.308626</timestamp>
			</report>
			<report>
				<misses>1463001</misses>
				<total>96</total>
				<timestamp>248.478444</timestamp>
			</report>
			<report>
				<misses>1464001</misses>
				<total>96</total>
				<timestamp>248.648283</timestamp>
			</report>
			<report>
				<misses>1465001</misses>
				<total>96</total>
				<timestamp>248.818101</timestamp>
			</report>
			<report>
				<misses>1466001</misses>
				<total>95</total>
				<timestamp>248.988047</timestamp>
			</report>
			<report>
				<misses>1467001</misses>
				<total>96</total>
				<timestamp>249.157765</timestamp>
			</report>
			<report>
				<misses>1468001</misses>
				<total>99</total>
				<timestamp>249.327602</timestamp>
			</report>
			<report>
				<misses>1469001</misses>
				<total>103</total>
				<timestamp>249.497424</timestamp>
			</report>
			<report>
				<misses>1470001</misses>
				<total>103</total>
				<timestamp>249.667256</timestamp>
			</report>
			<report>
				<misses>1471001</misses>
				<total>102</total>
				<timestamp>249.837170</timestamp>
			</report>
			<report>
				<misses>1472001</misses>
				<total>103</total>
				<timestamp>250.007021</timestamp>
			</report>
			<report>
				<misses>1473001</misses>
				<total>103</total>
				<timestamp>250.176779</timestamp>
			</report>
			<report>
				<misses>1474001</misses>
				<total>103</total>
				<timestamp>250.346589</timestamp>
			</report>
			<report>
				<misses>1475001</misses>
				<total>103</total>
				<timestamp>250.516425</timestamp>
			</report>
			<report>
				<misses>1476001</misses>
				<total>103</total>
				<timestamp>250.686250</timestamp>
			</report>
			<report>
				<misses>1477001</misses>
				<total>106</total>
				<timestamp>250.856158</timestamp>
			</report>
			<report>
				<misses>1478001</misses>
				<total>105</total>
				<timestamp>251.026021</timestamp>
			</report>
			<report>
				<misses>1479001</misses>
				<total>106</total>
				<timestamp>251.195760</timestamp>
			</report>
			<report>
				<misses>1480001</misses>
				<total>106</total>
				<timestamp>251.365561</timestamp>
			</report>
			<report>
				<misses>1481001</misses>
				<total>106</total>
				<timestamp>251.535405</timestamp>
			</report>
			<report>
				<misses>1482001</misses>
				<total>106</total>
				<timestamp>251.705236</timestamp>
			</report>
			<report>
				<misses>1483001</misses>
				<total>106</total>
				<timestamp>251.875133</timestamp>
			</report>
			<report>
				<misses>1484001</misses>
				<total>105</total>
				<timestamp>252.045013</timestamp>
			</report>
			<report>
				<misses>1485001</misses>
				<total>106</total>
				<timestamp>252.214740</timestamp>
			</report>
			<report>
				<misses>1486001</misses>
				<total>106</total>
				<timestamp>252.384561</timestamp>
			</report>
			<report>
				<misses>1487001</misses>
				<total>106</total>
				<timestamp>252.554371</timestamp>
			</report>
			<report>
				<misses>1488001</misses>
				<total>106</total>
				<timestamp>252.724237</timestamp>
			</report>
			<report>
				<misses>1489001</misses>
				<total>105</total>
				<timestamp>252.894155</timestamp>
			</report>
			<report>
				<misses>1490001</misses>
				<total>106</total>
				<timestamp>253.063879</timestamp>
			</report>
			<report>
				<misses>1491001</misses>
				<total>106</total>
				<timestamp>253.233710</timestamp>
			</report>
			<report>
				<misses>1492001</misses>
				<total>106</total>
				<timestamp>253.403520</timestamp>
			</report>
			<report>
				<misses>1493001</misses>
				<total>106</total>
				<timestamp>253.573352</timestamp>
			</report>
			<report>
				<misses>1494001</misses>
				<total>106</total>
				<timestamp>253.743187</timestamp>
			</report>
			<report>
				<misses>1495001</misses>
				<total>106</total>
				<timestamp>253.913038</timestamp>
			</report>
			<report>
				<misses>1496001</misses>
				<total>105</total>
				<timestamp>254.082914</timestamp>
			</report>
			<report>
				<misses>1497001</misses>
				<total>106</total>
				<timestamp>254.252690</timestamp>
			</report>
			<report>
				<misses>1498001</misses>
				<total>106</total>
				<timestamp>254.422513</timestamp>
			</report>
			<report>
				<misses>1499001</misses>
				<total>106</total>
				<timestamp>254.592348</timestamp>
			</report>
			<report>
				<misses>1500001</misses>
				<total>106</total>
				<timestamp>254.762173</timestamp>
			</report>
			<report>
				<misses>1501001</misses>
				<total>105</total>
				<timestamp>254.932125</timestamp>
			</report>
			<report>
				<misses>1502001</misses>
				<total>106</total>
				<timestamp>255.101908</timestamp>
			</report>
			<report>
				<misses>1503001</misses>
				<total>106</total>
				<timestamp>255.271674</timestamp>
			</report>
			<report>
				<misses>1504001</misses>
				<total>106</total>
				<timestamp>255.441532</timestamp>
			</report>
			<report>
				<misses>1505001</misses>
				<total>106</total>
				<timestamp>255.611402</timestamp>
			</report>
			<report>
				<misses>1506001</misses>
				<total>106</total>
				<timestamp>255.781237</timestamp>
			</report>
			<report>
				<misses>1507001</misses>
				<total>106</total>
				<timestamp>255.951119</timestamp>
			</report>
			<report>
				<misses>1508001</misses>
				<total>106</total>
				<timestamp>256.120857</timestamp>
			</report>
			<report>
				<misses>1509001</misses>
				<total>106</total>
				<timestamp>256.290699</timestamp>
			</report>
			<report>
				<misses>1510001</misses>
				<total>106</total>
				<timestamp>256.460483</timestamp>
			</report>
			<report>
				<misses>1511001</misses>
				<total>106</total>
				<timestamp>256.630411</timestamp>
			</report>
			<report>
				<misses>1512001</misses>
				<total>106</total>
				<timestamp>256.800151</timestamp>
			</report>
			<report>
				<misses>1513001</misses>
				<total>105</total>
				<timestamp>256.970128</timestamp>
			</report>
			<report>
				<misses>1514001</misses>
				<total>106</total>
				<timestamp>257.140026</timestamp>
			</report>
			<report>
				<misses>1515001</misses>
				<total>106</total>
				<timestamp>257.309936</timestamp>
			</report>
			<report>
				<misses>1516001</misses>
				<total>106</total>
				<timestamp>257.479732</timestamp>
			</report>
			<report>
				<misses>1517001</misses>
				<total>106</total>
				<timestamp>257.649532</timestamp>
			</report>
			<report>
				<misses>1518001</misses>
				<total>106</total>
				<timestamp>257.819326</timestamp>
			</report>
			<report>
				<misses>1519001</misses>
				<total>106</total>
				<timestamp>257.989186</timestamp>
			</report>
			<report>
				<misses>1520001</misses>
				<total>105</total>
				<timestamp>258.159069</timestamp>
			</report>
			<report>
				<misses>1521001</misses>
				<total>106</total>
				<timestamp>258.328903</timestamp>
			</report>
			<report>
				<misses>1522001</misses>
				<total>106</total>
				<timestamp>258.498605</timestamp>
			</report>
			<report>
				<misses>1523001</misses>
				<total>106</total>
				<timestamp>258.668505</timestamp>
			</report>
			<report>
				<misses>1524001</misses>
				<total>106</total>
				<timestamp>258.838319</timestamp>
			</report>
			<report>
				<misses>1525001</misses>
				<total>106</total>
				<timestamp>259.008195</timestamp>
			</report>
			<report>
				<misses>1526001</misses>
				<total>105</total>
				<timestamp>259.178054</timestamp>
			</report>
			<report>
				<misses>1527001</misses>
				<total>105</total>
				<timestamp>259.347909</timestamp>
			</report>
			<report>
				<misses>1528001</misses>
				<total>105</total>
				<timestamp>259.517934</timestamp>
			</report>
			<report>
				<misses>1529001</misses>
				<total>105</total>
				<timestamp>259.687871</timestamp>
			</report>
			<report>
				<misses>1530001</misses>
				<total>106</total>
				<timestamp>259.857683</timestamp>
			</report>
			<report>
				<misses>1531001</misses>
				<total>106</total>
				<timestamp>260.027520</timestamp>
			</report>
			<report>
				<misses>1532001</misses>
				<total>106</total>
				<timestamp>260.197306</timestamp>
			</report>
			<report>
				<misses>1533001</misses>
				<total>106</total>
				<timestamp>260.367096</timestamp>
			</report>
			<report>
				<misses>1534001</misses>
				<total>105</total>
				<timestamp>260.537155</timestamp>
			</report>
			<report>
				<misses>1535001</misses>
				<total>106</total>
				<timestamp>260.707060</timestamp>
			</report>
			<report>
				<misses>1536001</misses>
				<total>105</total>
				<timestamp>260.876963</timestamp>
			</report>
			<report>
				<misses>1537001</misses>
				<total>105</total>
				<timestamp>261.046921</timestamp>
			</report>
			<report>
				<misses>1538001</misses>
				<total>105</total>
				<timestamp>261.216967</timestamp>
			</report>
			<report>
				<misses>1539001</misses>
				<total>105</total>
				<timestamp>261.386925</timestamp>
			</report>
			<report>
				<misses>1540001</misses>
				<total>105</total>
				<timestamp>261.556959</timestamp>
			</report>
			<report>
				<misses>1541001</misses>
				<total>105</total>
				<timestamp>261.726947</timestamp>
			</report>
			<report>
				<misses>1542001</misses>
				<total>105</total>
				<timestamp>261.896894</timestamp>
			</report>
			<report>
				<misses>1543001</misses>
				<total>106</total>
				<timestamp>262.066718</timestamp>
			</report>
			<report>
				<misses>1544001</misses>
				<total>106</total>
				<timestamp>262.236479</timestamp>
			</report>
			<report>
				<misses>1545001</misses>
				<total>106</total>
				<timestamp>262.406344</timestamp>
			</report>
			<report>
				<misses>1546001</misses>
				<total>106</total>
				<timestamp>262.576115</timestamp>
			</report>
			<report>
				<misses>1547001</misses>
				<total>106</total>
				<timestamp>262.746046</timestamp>
			</report>
			<report>
				<misses>1548001</misses>
				<total>105</total>
				<timestamp>262.916040</timestamp>
			</report>
			<report>
				<misses>1549001</misses>
				<total>106</total>
				<timestamp>263.085784</timestamp>
			</report>
			<report>
				<misses>1550001</misses>
				<total>106</total>
				<timestamp>263.255616</timestamp>
			</report>
			<report>
				<misses>1551001</misses>
				<total>106</total>
				<timestamp>263.425361</timestamp>
			</report>
			<report>
				<misses>1552001</misses>
				<total>106</total>
				<timestamp>263.595185</timestamp>
			</report>
			<report>
				<misses>1553001</misses>
				<total>106</total>
				<timestamp>263.765060</timestamp>
			</report>
			<report>
				<misses>1554001</misses>
				<total>105</total>
				<timestamp>263.934968</timestamp>
			</report>
			<report>
				<misses>1555001</misses>
				<total>105</total>
				<timestamp>264.104884</timestamp>
			</report>
			<report>
				<misses>1556001</misses>
				<total>106</total>
				<timestamp>264.274740</timestamp>
			</report>
			<report>
				<misses>1557001</misses>
				<total>106</total>
				<timestamp>264.444509</timestamp>
			</report>
			<report>
				<misses>1558001</misses>
				<total>106</total>
				<timestamp>264.614344</timestamp>
			</report>
			<report>
				<misses>1559001</misses>
				<total>106</total>
				<timestamp>264.784181</timestamp>
			</report>
			<report>
				<misses>1560001</misses>
				<total>106</total>
				<timestamp>264.954170</timestamp>
			</report>
			<report>
				<misses>1561001</misses>
				<total>105</total>
				<timestamp>265.123946</timestamp>
			</report>
			<report>
				<misses>1562001</misses>
				<total>108</total>
				<timestamp>265.293700</timestamp>
			</report>
			<report>
				<misses>1563001</misses>
				<total>108</total>
				<timestamp>265.463495</timestamp>
			</report>
			<report>
				<misses>1564001</misses>
				<total>108</total>
				<timestamp>265.633331</timestamp>
			</report>
			<report>
				<misses>1565001</misses>
				<total>108</total>
				<timestamp>265.803259</timestamp>
			</report>
			<report>
				<misses>1566001</misses>
				<total>108</total>
				<timestamp>265.973057</timestamp>
			</report>
			<report>
				<misses>1567001</misses>
				<total>107</total>
				<timestamp>266.142861</timestamp>
			</report>
			<report>
				<misses>1568001</misses>
				<total>108</total>
				<timestamp>266.312670</timestamp>
			</report>
			<report>
				<misses>1569001</misses>
				<total>108</total>
				<timestamp>266.482482</timestamp>
			</report>
			<report>
				<misses>1570001</misses>
				<total>108</total>
				<timestamp>266.652294</timestamp>
			</report>
			<report>
				<misses>1571001</misses>
				<total>108</total>
				<timestamp>266.822199</timestamp>
			</report>
			<report>
				<misses>1572001</misses>
				<total>108</total>
				<timestamp>266.992147</timestamp>
			</report>
			<report>
				<misses>1573001</misses>
				<total>107</total>
				<timestamp>267.162127</timestamp>
			</report>
			<report>
				<misses>1574001</misses>
				<total>107</total>
				<timestamp>267.331945</timestamp>
			</report>
			<report>
				<misses>1575001</misses>
				<total>108</total>
				<timestamp>267.501648</timestamp>
			</report>
			<report>
				<misses>1576001</misses>
				<total>108</total>
				<timestamp>267.671456</timestamp>
			</report>
			<report>
				<misses>1577001</misses>
				<total>108</total>
				<timestamp>267.841275</timestamp>
			</report>
			<report>
				<misses>1578001</misses>
				<total>108</total>
				<timestamp>268.011105</timestamp>
			</report>
			<report>
				<misses>1579001</misses>
				<total>108</total>
				<timestamp>268.181131</timestamp>
			</report>
			<report>
				<misses>1580001</misses>
				<total>107</total>
				<timestamp>268.351108</timestamp>
			</report>
			<report>
				<misses>1581001</misses>
				<total>108</total>
				<timestamp>268.520823</timestamp>
			</report>
			<report>
				<misses>1582001</misses>
				<total>108</total>
				<timestamp>268.690599</timestamp>
			</report>
			<report>
				<misses>1583001</misses>
				<total>108</total>
				<timestamp>268.860426</timestamp>
			</report>
			<report>
				<misses>1584001</misses>
				<total>108</total>
				<timestamp>269.030259</timestamp>
			</report>
			<report>
				<misses>1585001</misses>
				<total>108</total>
				<timestamp>269.200110</timestamp>
			</report>
			<report>
				<misses>1586001</misses>
				<total>107</total>
				<timestamp>269.370039</timestamp>
			</report>
			<report>
				<misses>1587001</misses>
				<total>108</total>
				<timestamp>269.539867</timestamp>
			</report>
			<report>
				<misses>1588001</misses>
				<total>108</total>
				<timestamp>269.709600</timestamp>
			</report>
			<report>
				<misses>1589001</misses>
				<total>108</total>
				<timestamp>269.879481</timestamp>
			</report>
			<report>
				<misses>1590001</misses>
				<total>108</total>
				<timestamp>270.049291</timestamp>
			</report>
			<report>
				<misses>1591001</misses>
				<total>108</total>
				<timestamp>270.219065</timestamp>
			</report>
			<report>
				<misses>1592001</misses>
				<total>107</total>
				<timestamp>270.389040</timestamp>
			</report>
			<report>
				<misses>1593001</misses>
				<total>107</total>
				<timestamp>270.558808</timestamp>
			</report>
			<report>
				<misses>1594001</misses>
				<total>108</total>
				<timestamp>270.728622</timestamp>
			</report>
			<report>
				<misses>1595001</misses>
				<total>108</total>
				<timestamp>270.898412</timestamp>
			</report>
			<report>
				<misses>1596001</misses>
				<total>108</total>
				<timestamp>271.068213</timestamp>
			</report>
			<report>
				<misses>1597001</misses>
				<total>108</total>
				<timestamp>271.238085</timestamp>
			</report>
			<report>
				<misses>1598001</misses>
				<total>107</total>
				<timestamp>271.408026</timestamp>
			</report>
			<report>
				<misses>1599001</misses>
				<total>108</total>
				<timestamp>271.577851</timestamp>
			</report>
			<report>
				<misses>1600001</misses>
				<total>109</total>
				<timestamp>271.747542</timestamp>
			</report>
			<report>
				<misses>1601001</misses>
				<total>109</total>
				<timestamp>271.917379</timestamp>
			</report>
			<report>
				<misses>1602001</misses>
				<total>109</total>
				<timestamp>272.087214</timestamp>
			</report>
			<report>
				<misses>1603001</misses>
				<total>109</total>
				<timestamp>272.257073</timestamp>
			</report>
			<report>
				<misses>1604001</misses>
				<total>109</total>
				<timestamp>272.427141</timestamp>
			</report>
			<report>
				<misses>1605001</misses>
				<total>108</total>
				<timestamp>272.597026</timestamp>
			</report>
			<report>
				<misses>1606001</misses>
				<total>109</total>
				<timestamp>272.766772</timestamp>
			</report>
			<report>
				<misses>1607001</misses>
				<total>109</total>
				<timestamp>272.936609</timestamp>
			</report>
			<report>
				<misses>1608001</misses>
				<total>109</total>
				<timestamp>273.106356</timestamp>
			</report>
			<report>
				<misses>1609001</misses>
				<total>109</total>
				<timestamp>273.276197</timestamp>
			</report>
			<report>
				<misses>1610001</misses>
				<total>109</total>
				<timestamp>273.446007</timestamp>
			</report>
			<report>
				<misses>1611001</misses>
				<total>108</total>
				<timestamp>273.616010</timestamp>
			</report>
			<report>
				<misses>1612001</misses>
				<total>109</total>
				<timestamp>273.785792</timestamp>
			</report>
			<report>
				<misses>1613001</misses>
				<total>109</total>
				<timestamp>273.955597</timestamp>
			</report>
			<report>
				<misses>1614001</misses>
				<total>109</total>
				<timestamp>274.125335</timestamp>
			</report>
			<report>
				<misses>1615001</misses>
				<total>109</total>
				<timestamp>274.295174</timestamp>
			</report>
			<report>
				<misses>1616001</misses>
				<total>109</total>
				<timestamp>274.465107</timestamp>
			</report>
			<report>
				<misses>1617001</misses>
				<total>109</total>
				<timestamp>274.634860</timestamp>
			</report>
			<report>
				<misses>1618001</misses>
				<total>108</total>
				<timestamp>274.804759</timestamp>
			</report>
			<report>
				<misses>1619001</misses>
				<total>109</total>
				<timestamp>274.974619</timestamp>
			</report>
			<report>
				<misses>1620001</misses>
				<total>109</total>
				<timestamp>275.144317</timestamp>
			</report>
			<report>
				<misses>1621001</misses>
				<total>109</total>
				<timestamp>275.314183</timestamp>
			</report>
			<report>
				<misses>1622001</misses>
				<total>109</total>
				<timestamp>275.483990</timestamp>
			</report>
			<report>
				<misses>1623001</misses>
				<total>109</total>
				<timestamp>275.653865</timestamp>
			</report>
			<report>
				<misses>1624001</misses>
				<total>108</total>
				<timestamp>275.823755</timestamp>
			</report>
			<report>
				<misses>1625001</misses>
				<total>109</total>
				<timestamp>275.993489</timestamp>
			</report>
			<report>
				<misses>1626001</misses>
				<total>109</total>
				<timestamp>276.163312</timestamp>
			</report>
			<report>
				<misses>1627001</misses>
				<total>109</total>
				<timestamp>276.333272</timestamp>
			</report>
			<report>
				<misses>1628001</misses>
				<total>109</total>
				<timestamp>276.502994</timestamp>
			</report>
			<report>
				<misses>1629001</misses>
				<total>109</total>
				<timestamp>276.672796</timestamp>
			</report>
			<report>
				<misses>1630001</misses>
				<total>109</total>
				<timestamp>276.842752</timestamp>
			</report>
			<report>
				<misses>1631001</misses>
				<total>110</total>
				<timestamp>277.012448</timestamp>
			</report>
			<report>
				<misses>1632001</misses>
				<total>110</total>
				<timestamp>277.182274</timestamp>
			</report>
			<report>
				<misses>1633001</misses>
				<total>110</total>
				<timestamp>277.352105</timestamp>
			</report>
			<report>
				<misses>1634001</misses>
				<total>110</total>
				<timestamp>277.522009</timestamp>
			</report>
			<report>
				<misses>1635001</misses>
				<total>109</total>
				<timestamp>277.691858</timestamp>
			</report>
			<report>
				<misses>1636001</misses>
				<total>110</total>
				<timestamp>277.861610</timestamp>
			</report>
			<report>
				<misses>1637001</misses>
				<total>110</total>
				<timestamp>278.031412</timestamp>
			</report>
			<report>
				<misses>1638001</misses>
				<total>110</total>
				<timestamp>278.201253</timestamp>
			</report>
			<report>
				<misses>1639001</misses>
				<total>110</total>
				<timestamp>278.371076</timestamp>
			</report>
			<report>
				<misses>1640001</misses>
				<total>110</total>
				<timestamp>278.540947</timestamp>
			</report>
			<report>
				<misses>1641001</misses>
				<total>110</total>
				<timestamp>278.710769</timestamp>
			</report>
			<report>
				<misses>1642001</misses>
				<total>110</total>
				<timestamp>278.880597</timestamp>
			</report>
			<report>
				<misses>1643001</misses>
				<total>110</total>
				<timestamp>279.050391</timestamp>
			</report>
			<report>
				<misses>1644001</misses>
				<total>110</total>
				<timestamp>279.220229</timestamp>
			</report>
			<report>
				<misses>1645001</misses>
				<total>110</total>
				<timestamp>279.390062</timestamp>
			</report>
			<report>
				<misses>1646001</misses>
				<total>110</total>
				<timestamp>279.559955</timestamp>
			</report>
			<report>
				<misses>1647001</misses>
				<total>110</total>
				<timestamp>279.729830</timestamp>
			</report>
			<report>
				<misses>1648001</misses>
				<total>110</total>
				<timestamp>279.899603</timestamp>
			</report>
			<report>
				<misses>1649001</misses>
				<total>110</total>
				<timestamp>280.069403</timestamp>
			</report>
			<report>
				<misses>1650001</misses>
				<total>110</total>
				<timestamp>280.239196</timestamp>
			</report>
			<report>
				<misses>1651001</misses>
				<total>110</total>
				<timestamp>280.409036</timestamp>
			</report>
			<report>
				<misses>1652001</misses>
				<total>110</total>
				<timestamp>280.578946</timestamp>
			</report>
			<report>
				<misses>1653001</misses>
				<total>109</total>
				<timestamp>280.748765</timestamp>
			</report>
			<report>
				<misses>1654001</misses>
				<total>110</total>
				<timestamp>280.918561</timestamp>
			</report>
			<report>
				<misses>1655001</misses>
				<total>110</total>
				<timestamp>281.088364</timestamp>
			</report>
			<report>
				<misses>1656001</misses>
				<total>110</total>
				<timestamp>281.258221</timestamp>
			</report>
			<report>
				<misses>1657001</misses>
				<total>112</total>
				<timestamp>281.428027</timestamp>
			</report>
			<report>
				<misses>1658001</misses>
				<total>112</total>
				<timestamp>281.597866</timestamp>
			</report>
			<report>
				<misses>1659001</misses>
				<total>112</total>
				<timestamp>281.767715</timestamp>
			</report>
			<report>
				<misses>1660001</misses>
				<total>113</total>
				<timestamp>281.937538</timestamp>
			</report>
			<report>
				<misses>1661001</misses>
				<total>113</total>
				<timestamp>282.107348</timestamp>
			</report>
			<report>
				<misses>1662001</misses>
				<total>113</total>
				<timestamp>282.277189</timestamp>
			</report>
			<report>
				<misses>1663001</misses>
				<total>113</total>
				<timestamp>282.447001</timestamp>
			</report>
			<report>
				<misses>1664001</misses>
				<total>112</total>
				<timestamp>282.616946</timestamp>
			</report>
			<report>
				<misses>1665001</misses>
				<total>112</total>
				<timestamp>282.786829</timestamp>
			</report>
			<report>
				<misses>1666001</misses>
				<total>118</total>
				<timestamp>282.956513</timestamp>
			</report>
			<report>
				<misses>1667001</misses>
				<total>118</total>
				<timestamp>283.126372</timestamp>
			</report>
			<report>
				<misses>1668001</misses>
				<total>118</total>
				<timestamp>283.296153</timestamp>
			</report>
			<report>
				<misses>1669001</misses>
				<total>118</total>
				<timestamp>283.466074</timestamp>
			</report>
			<report>
				<misses>1670001</misses>
				<total>117</total>
				<timestamp>283.635951</timestamp>
			</report>
			<report>
				<misses>1671001</misses>
				<total>118</total>
				<timestamp>283.805738</timestamp>
			</report>
			<report>
				<misses>1672001</misses>
				<total>118</total>
				<timestamp>283.975539</timestamp>
			</report>
			<report>
				<misses>1673001</misses>
				<total>118</total>
				<timestamp>284.145386</timestamp>
			</report>
			<report>
				<misses>1674001</misses>
				<total>120</total>
				<timestamp>284.315259</timestamp>
			</report>
			<report>
				<misses>1675001</misses>
				<total>120</total>
				<timestamp>284.485101</timestamp>
			</report>
			<report>
				<misses>1676001</misses>
				<total>120</total>
				<timestamp>284.654880</timestamp>
			</report>
			<report>
				<misses>1677001</misses>
				<total>119</total>
				<timestamp>284.824848</timestamp>
			</report>
			<report>
				<misses>1678001</misses>
				<total>120</total>
				<timestamp>284.994709</timestamp>
			</report>
			<report>
				<misses>1679001</misses>
				<total>120</total>
				<timestamp>285.164532</timestamp>
			</report>
			<report>
				<misses>1680001</misses>
				<total>120</total>
				<timestamp>285.334376</timestamp>
			</report>
			<report>
				<misses>1681001</misses>
				<total>120</total>
				<timestamp>285.504225</timestamp>
			</report>
			<report>
				<misses>1682001</misses>
				<total>120</total>
				<timestamp>285.673944</timestamp>
			</report>
			<report>
				<misses>1683001</misses>
				<total>119</total>
				<timestamp>285.843806</timestamp>
			</report>
			<report>
				<misses>1684001</misses>
				<total>119</total>
				<timestamp>286.013718</timestamp>
			</report>
			<report>
				<misses>1685001</misses>
				<total>120</total>
				<timestamp>286.183459</timestamp>
			</report>
			<report>
				<misses>1686001</misses>
				<total>120</total>
				<timestamp>286.353272</timestamp>
			</report>
			<report>
				<misses>1687001</misses>
				<total>120</total>
				<timestamp>286.523101</timestamp>
			</report>
			<report>
				<misses>1688001</misses>
				<total>120</total>
				<timestamp>286.693036</timestamp>
			</report>
			<report>
				<misses>1689001</misses>
				<total>119</total>
				<timestamp>286.862929</timestamp>
			</report>
			<report>
				<misses>1690001</misses>
				<total>120</total>
				<timestamp>287.032817</timestamp>
			</report>
			<report>
				<misses>1691001</misses>
				<total>120</total>
				<timestamp>287.202781</timestamp>
			</report>
			<report>
				<misses>1692001</misses>
				<total>120</total>
				<timestamp>287.372687</timestamp>
			</report>
			<report>
				<misses>1693001</misses>
				<total>120</total>
				<timestamp>287.542421</timestamp>
			</report>
			<report>
				<misses>1694001</misses>
				<total>119</total>
				<timestamp>287.712395</timestamp>
			</report>
			<report>
				<misses>1695001</misses>
				<total>120</total>
				<timestamp>287.882086</timestamp>
			</report>
			<report>
				<misses>1696001</misses>
				<total>119</total>
				<timestamp>288.051938</timestamp>
			</report>
			<report>
				<misses>1697001</misses>
				<total>120</total>
				<timestamp>288.221929</timestamp>
			</report>
			<report>
				<misses>1698001</misses>
				<total>119</total>
				<timestamp>288.391881</timestamp>
			</report>
			<report>
				<misses>1699001</misses>
				<total>119</total>
				<timestamp>288.561739</timestamp>
			</report>
			<report>
				<misses>1700001</misses>
				<total>119</total>
				<timestamp>288.731714</timestamp>
			</report>
			<report>
				<misses>1701001</misses>
				<total>120</total>
				<timestamp>288.901419</timestamp>
			</report>
			<report>
				<misses>1702001</misses>
				<total>120</total>
				<timestamp>289.071250</timestamp>
			</report>
			<report>
				<misses>1703001</misses>
				<total>120</total>
				<timestamp>289.241164</timestamp>
			</report>
			<report>
				<misses>1704001</misses>
				<total>120</total>
				<timestamp>289.410969</timestamp>
			</report>
			<report>
				<misses>1705001</misses>
				<total>120</total>
				<timestamp>289.580824</timestamp>
			</report>
			<report>
				<misses>1706001</misses>
				<total>119</total>
				<timestamp>289.750704</timestamp>
			</report>
			<report>
				<misses>1707001</misses>
				<total>120</total>
				<timestamp>289.920431</timestamp>
			</report>
			<report>
				<misses>1708001</misses>
				<total>120</total>
				<timestamp>290.090231</timestamp>
			</report>
			<report>
				<misses>1709001</misses>
				<total>120</total>
				<timestamp>290.260158</timestamp>
			</report>
			<report>
				<misses>1710001</misses>
				<total>120</total>
				<timestamp>290.429946</timestamp>
			</report>
			<report>
				<misses>1711001</misses>
				<total>119</total>
				<timestamp>290.599803</timestamp>
			</report>
			<report>
				<misses>1712001</misses>
				<total>120</total>
				<timestamp>290.769549</timestamp>
			</report>
			<report>
				<misses>1713001</misses>
				<total>120</total>
				<timestamp>290.939381</timestamp>
			</report>
			<report>
				<misses>1714001</misses>
				<total>120</total>
				<timestamp>291.109291</timestamp>
			</report>
			<report>
				<misses>1715001</misses>
				<total>120</total>
				<timestamp>291.279025</timestamp>
			</report>
			<report>
				<misses>1716001</misses>
				<total>119</total>
				<timestamp>291.448902</timestamp>
			</report>
			<report>
				<misses>1717001</misses>
				<total>119</total>
				<timestamp>291.618841</timestamp>
			</report>
			<report>
				<misses>1718001</misses>
				<total>120</total>
				<timestamp>291.788547</timestamp>
			</report>
			<report>
				<misses>1719001</misses>
				<total>120</total>
				<timestamp>291.958352</timestamp>
			</report>
			<report>
				<misses>1720001</misses>
				<total>120</total>
				<timestamp>292.128164</timestamp>
			</report>
			<report>
				<misses>1721001</misses>
				<total>120</total>
				<timestamp>292.297993</timestamp>
			</report>
			<report>
				<misses>1722001</misses>
				<total>119</total>
				<timestamp>292.467896</timestamp>
			</report>
			<report>
				<misses>1723001</misses>
				<total>120</total>
				<timestamp>292.637681</timestamp>
			</report>
			<report>
				<misses>1724001</misses>
				<total>120</total>
				<timestamp>292.807639</timestamp>
			</report>
			<report>
				<misses>1725001</misses>
				<total>120</total>
				<timestamp>292.977307</timestamp>
			</report>
			<report>
				<misses>1726001</misses>
				<total>120</total>
				<timestamp>293.147169</timestamp>
			</report>
			<report>
				<misses>1727001</misses>
				<total>120</total>
				<timestamp>293.316967</timestamp>
			</report>
			<report>
				<misses>1728001</misses>
				<total>119</total>
				<timestamp>293.486884</timestamp>
			</report>
			<report>
				<misses>1729001</misses>
				<total>120</total>
				<timestamp>293.656657</timestamp>
			</report>
			<report>
				<misses>1730001</misses>
				<total>120</total>
				<timestamp>293.826486</timestamp>
			</report>
			<report>
				<misses>1731001</misses>
				<total>120</total>
				<timestamp>293.996341</timestamp>
			</report>
			<report>
				<misses>1732001</misses>
				<total>120</total>
				<timestamp>294.166123</timestamp>
			</report>
			<report>
				<misses>1733001</misses>
				<total>120</total>
				<timestamp>294.335953</timestamp>
			</report>
			<report>
				<misses>1734001</misses>
				<total>120</total>
				<timestamp>294.505863</timestamp>
			</report>
			<report>
				<misses>1735001</misses>
				<total>119</total>
				<timestamp>294.675747</timestamp>
			</report>
			<report>
				<misses>1736001</misses>
				<total>120</total>
				<timestamp>294.845531</timestamp>
			</report>
			<report>
				<misses>1737001</misses>
				<total>120</total>
				<timestamp>295.015274</timestamp>
			</report>
			<report>
				<misses>1738001</misses>
				<total>120</total>
				<timestamp>295.185118</timestamp>
			</report>
			<report>
				<misses>1739001</misses>
				<total>120</total>
				<timestamp>295.354963</timestamp>
			</report>
			<report>
				<misses>1740001</misses>
				<total>119</total>
				<timestamp>295.524867</timestamp>
			</report>
			<report>
				<misses>1741001</misses>
				<total>120</total>
				<timestamp>295.694645</timestamp>
			</report>
			<report>
				<misses>1742001</misses>
				<total>120</total>
				<timestamp>295.864442</timestamp>
			</report>
			<report>
				<misses>1743001</misses>
				<total>120</total>
				<timestamp>296.034259</timestamp>
			</report>
			<report>
				<misses>1744001</misses>
				<total>120</total>
				<timestamp>296.204094</timestamp>
			</report>
			<report>
				<misses>1745001</misses>
				<total>120</total>
				<timestamp>296.373909</timestamp>
			</report>
			<report>
				<misses>1746001</misses>
				<total>120</total>
				<timestamp>296.543738</timestamp>
			</report>
			<report>
				<misses>1747001</misses>
				<total>119</total>
				<timestamp>296.713744</timestamp>
			</report>
			<report>
				<misses>1748001</misses>
				<total>120</total>
				<timestamp>296.883524</timestamp>
			</report>
			<report>
				<misses>1749001</misses>
				<total>120</total>
				<timestamp>297.053300</timestamp>
			</report>
			<report>
				<misses>1750001</misses>
				<total>120</total>
				<timestamp>297.223102</timestamp>
			</report>
			<report>
				<misses>1751001</misses>
				<total>120</total>
				<timestamp>297.392937</timestamp>
			</report>
			<report>
				<misses>1752001</misses>
				<total>119</total>
				<timestamp>297.562977</timestamp>
			</report>
			<report>
				<misses>1753001</misses>
				<total>119</total>
				<timestamp>297.732921</timestamp>
			</report>
			<report>
				<misses>1754001</misses>
				<total>119</total>
				<timestamp>297.902908</timestamp>
			</report>
			<report>
				<misses>1755001</misses>
				<total>120</total>
				<timestamp>298.072809</timestamp>
			</report>
			<report>
				<misses>1756001</misses>
				<total>119</total>
				<timestamp>298.242708</timestamp>
			</report>
			<report>
				<misses>1757001</misses>
				<total>120</total>
				<timestamp>298.412426</timestamp>
			</report>
			<report>
				<misses>1758001</misses>
				<total>120</total>
				<timestamp>298.582298</timestamp>
			</report>
			<report>
				<misses>1759001</misses>
				<total>120</total>
				<timestamp>298.752059</timestamp>
			</report>
			<report>
				<misses>1760001</misses>
				<total>120</total>
				<timestamp>298.921895</timestamp>
			</report>
			<report>
				<misses>1761001</misses>
				<total>119</total>
				<timestamp>299.091742</timestamp>
			</report>
			<report>
				<misses>1762001</misses>
				<total>120</total>
				<timestamp>299.261649</timestamp>
			</report>
			<report>
				<misses>1763001</misses>
				<total>120</total>
				<timestamp>299.431376</timestamp>
			</report>
			<report>
				<misses>1764001</misses>
				<total>120</total>
				<timestamp>299.601182</timestamp>
			</report>
			<report>
				<misses>1765001</misses>
				<total>120</total>
				<timestamp>299.771159</timestamp>
			</report>
			<report>
				<misses>1766001</misses>
				<total>120</total>
				<timestamp>299.940922</timestamp>
			</report>
			<report>
				<misses>1767001</misses>
				<total>119</total>
				<timestamp>300.110735</timestamp>
			</report>
			<report>
				<misses>1768001</misses>
				<total>119</total>
				<timestamp>300.280726</timestamp>
			</report>
			<report>
				<misses>1769001</misses>
				<total>119</total>
				<timestamp>300.450745</timestamp>
			</report>
			<report>
				<misses>1770001</misses>
				<total>119</total>
				<timestamp>300.620676</timestamp>
			</report>
			<report>
				<misses>1771001</misses>
				<total>120</total>
				<timestamp>300.790378</timestamp>
			</report>
			<report>
				<misses>1772001</misses>
				<total>120</total>
				<timestamp>300.960197</timestamp>
			</report>
			<report>
				<misses>1773001</misses>
				<total>120</total>
				<timestamp>301.130016</timestamp>
			</report>
			<report>
				<misses>1774001</misses>
				<total>120</total>
				<timestamp>301.299864</timestamp>
			</report>
			<report>
				<misses>1775001</misses>
				<total>120</total>
				<timestamp>301.469813</timestamp>
			</report>
			<report>
				<misses>1776001</misses>
				<total>119</total>
				<timestamp>301.639593</timestamp>
			</report>
			<report>
				<misses>1777001</misses>
				<total>120</total>
				<timestamp>301.809414</timestamp>
			</report>
			<report>
				<misses>1778001</misses>
				<total>120</total>
				<timestamp>301.979188</timestamp>
			</report>
			<report>
				<misses>1779001</misses>
				<total>120</total>
				<timestamp>302.149029</timestamp>
			</report>
			<report>
				<misses>1780001</misses>
				<total>120</total>
				<timestamp>302.318832</timestamp>
			</report>
			<report>
				<misses>1781001</misses>
				<total>120</total>
				<timestamp>302.488726</timestamp>
			</report>
			<report>
				<misses>1782001</misses>
				<total>119</total>
				<timestamp>302.658617</timestamp>
			</report>
			<report>
				<misses>1783001</misses>
				<total>120</total>
				<timestamp>302.828381</timestamp>
			</report>
			<report>
				<misses>1784001</misses>
				<total>120</total>
				<timestamp>302.998156</timestamp>
			</report>
			<report>
				<misses>1785001</misses>
				<total>120</total>
				<timestamp>303.168008</timestamp>
			</report>
			<report>
				<misses>1786001</misses>
				<total>120</total>
				<timestamp>303.337857</timestamp>
			</report>
			<report>
				<misses>1787001</misses>
				<total>119</total>
				<timestamp>303.507695</timestamp>
			</report>
			<report>
				<misses>1788001</misses>
				<total>120</total>
				<timestamp>303.677484</timestamp>
			</report>
			<report>
				<misses>1789001</misses>
				<total>120</total>
				<timestamp>303.847276</timestamp>
			</report>
			<report>
				<misses>1790001</misses>
				<total>120</total>
				<timestamp>304.017104</timestamp>
			</report>
			<report>
				<misses>1791001</misses>
				<total>120</total>
				<timestamp>304.186964</timestamp>
			</report>
			<report>
				<misses>1792001</misses>
				<total>120</total>
				<timestamp>304.356815</timestamp>
			</report>
			<report>
				<misses>1793001</misses>
				<total>120</total>
				<timestamp>304.526641</timestamp>
			</report>
			<report>
				<misses>1794001</misses>
				<total>119</total>
				<timestamp>304.696565</timestamp>
			</report>
			<report>
				<misses>1795001</misses>
				<total>120</total>
				<timestamp>304.866261</timestamp>
			</report>
			<report>
				<misses>1796001</misses>
				<total>120</total>
				<timestamp>305.036121</timestamp>
			</report>
			<report>
				<misses>1797001</misses>
				<total>120</total>
				<timestamp>305.205941</timestamp>
			</report>
			<report>
				<misses>1798001</misses>
				<total>120</total>
				<timestamp>305.375812</timestamp>
			</report>
			<report>
				<misses>1799001</misses>
				<total>120</total>
				<timestamp>305.545774</timestamp>
			</report>
			<report>
				<misses>1800001</misses>
				<total>120</total>
				<timestamp>305.715582</timestamp>
			</report>
			<report>
				<misses>1801001</misses>
				<total>120</total>
				<timestamp>305.885425</timestamp>
			</report>
			<report>
				<misses>1802001</misses>
				<total>120</total>
				<timestamp>306.055258</timestamp>
			</report>
			<report>
				<misses>1803001</misses>
				<total>120</total>
				<timestamp>306.225097</timestamp>
			</report>
			<report>
				<misses>1804001</misses>
				<total>120</total>
				<timestamp>306.395001</timestamp>
			</report>
			<report>
				<misses>1805001</misses>
				<total>120</total>
				<timestamp>306.564798</timestamp>
			</report>
			<report>
				<misses>1806001</misses>
				<total>119</total>
				<timestamp>306.734749</timestamp>
			</report>
			<report>
				<misses>1807001</misses>
				<total>119</total>
				<timestamp>306.904743</timestamp>
			</report>
			<report>
				<misses>1808001</misses>
				<total>119</total>
				<timestamp>307.074678</timestamp>
			</report>
			<report>
				<misses>1809001</misses>
				<total>120</total>
				<timestamp>307.244416</timestamp>
			</report>
			<report>
				<misses>1810001</misses>
				<total>120</total>
				<timestamp>307.414290</timestamp>
			</report>
			<report>
				<misses>1811001</misses>
				<total>120</total>
				<timestamp>307.584096</timestamp>
			</report>
			<report>
				<misses>1812001</misses>
				<total>120</total>
				<timestamp>307.753913</timestamp>
			</report>
			<report>
				<misses>1813001</misses>
				<total>120</total>
				<timestamp>307.923820</timestamp>
			</report>
			<report>
				<misses>1814001</misses>
				<total>119</total>
				<timestamp>308.093659</timestamp>
			</report>
			<report>
				<misses>1815001</misses>
				<total>120</total>
				<timestamp>308.263377</timestamp>
			</report>
			<report>
				<misses>1816001</misses>
				<total>120</total>
				<timestamp>308.433205</timestamp>
			</report>
			<report>
				<misses>1817001</misses>
				<total>120</total>
				<timestamp>308.603059</timestamp>
			</report>
			<report>
				<misses>1818001</misses>
				<total>120</total>
				<timestamp>308.772868</timestamp>
			</report>
			<report>
				<misses>1819001</misses>
				<total>120</total>
				<timestamp>308.942887</timestamp>
			</report>
			<report>
				<misses>1820001</misses>
				<total>120</total>
				<timestamp>309.112856</timestamp>
			</report>
			<report>
				<misses>1821001</misses>
				<total>120</total>
				<timestamp>309.282615</timestamp>
			</report>
			<report>
				<misses>1822001</misses>
				<total>120</total>
				<timestamp>309.452360</timestamp>
			</report>
			<report>
				<misses>1823001</misses>
				<total>120</total>
				<timestamp>309.622228</timestamp>
			</report>
			<report>
				<misses>1824001</misses>
				<total>120</total>
				<timestamp>309.792038</timestamp>
			</report>
			<report>
				<misses>1825001</misses>
				<total>120</total>
				<timestamp>309.961949</timestamp>
			</report>
			<report>
				<misses>1826001</misses>
				<total>119</total>
				<timestamp>310.131857</timestamp>
			</report>
			<report>
				<misses>1827001</misses>
				<total>119</total>
				<timestamp>310.301855</timestamp>
			</report>
			<report>
				<misses>1828001</misses>
				<total>120</total>
				<timestamp>310.471758</timestamp>
			</report>
			<report>
				<misses>1829001</misses>
				<total>120</total>
				<timestamp>310.641622</timestamp>
			</report>
			<report>
				<misses>1830001</misses>
				<total>120</total>
				<timestamp>310.811428</timestamp>
			</report>
			<report>
				<misses>1831001</misses>
				<total>120</total>
				<timestamp>310.981172</timestamp>
			</report>
			<report>
				<misses>1832001</misses>
				<total>120</total>
				<timestamp>311.151009</timestamp>
			</report>
			<report>
				<misses>1833001</misses>
				<total>120</total>
				<timestamp>311.320888</timestamp>
			</report>
			<report>
				<misses>1834001</misses>
				<total>119</total>
				<timestamp>311.490868</timestamp>
			</report>
			<report>
				<misses>1835001</misses>
				<total>120</total>
				<timestamp>311.660675</timestamp>
			</report>
			<report>
				<misses>1836001</misses>
				<total>120</total>
				<timestamp>311.830579</timestamp>
			</report>
			<report>
				<misses>1837001</misses>
				<total>120</total>
				<timestamp>312.000327</timestamp>
			</report>
			<report>
				<misses>1838001</misses>
				<total>120</total>
				<timestamp>312.170156</timestamp>
			</report>
			<report>
				<misses>1839001</misses>
				<total>120</total>
				<timestamp>312.339969</timestamp>
			</report>
			<report>
				<misses>1840001</misses>
				<total>120</total>
				<timestamp>312.509850</timestamp>
			</report>
			<report>
				<misses>1841001</misses>
				<total>120</total>
				<timestamp>312.679653</timestamp>
			</report>
			<report>
				<misses>1842001</misses>
				<total>120</total>
				<timestamp>312.849471</timestamp>
			</report>
			<report>
				<misses>1843001</misses>
				<total>120</total>
				<timestamp>313.019386</timestamp>
			</report>
			<report>
				<misses>1844001</misses>
				<total>120</total>
				<timestamp>313.189115</timestamp>
			</report>
			<report>
				<misses>1845001</misses>
				<total>120</total>
				<timestamp>313.358990</timestamp>
			</report>
			<report>
				<misses>1846001</misses>
				<total>120</total>
				<timestamp>313.528821</timestamp>
			</report>
			<report>
				<misses>1847001</misses>
				<total>120</total>
				<timestamp>313.698654</timestamp>
			</report>
			<report>
				<misses>1848001</misses>
				<total>120</total>
				<timestamp>313.868436</timestamp>
			</report>
			<report>
				<misses>1849001</misses>
				<total>120</total>
				<timestamp>314.038268</timestamp>
			</report>
			<report>
				<misses>1850001</misses>
				<total>120</total>
				<timestamp>314.208115</timestamp>
			</report>
			<report>
				<misses>1851001</misses>
				<total>120</total>
				<timestamp>314.377938</timestamp>
			</report>
			<report>
				<misses>1852001</misses>
				<total>120</total>
				<timestamp>314.547758</timestamp>
			</report>
			<report>
				<misses>1853001</misses>
				<total>120</total>
				<timestamp>314.717592</timestamp>
			</report>
			<report>
				<misses>1854001</misses>
				<total>119</total>
				<timestamp>314.887539</timestamp>
			</report>
			<report>
				<misses>1855001</misses>
				<total>120</total>
				<timestamp>315.057308</timestamp>
			</report>
			<report>
				<misses>1856001</misses>
				<total>120</total>
				<timestamp>315.227221</timestamp>
			</report>
			<report>
				<misses>1857001</misses>
				<total>120</total>
				<timestamp>315.396971</timestamp>
			</report>
			<report>
				<misses>1858001</misses>
				<total>119</total>
				<timestamp>315.566875</timestamp>
			</report>
			<report>
				<misses>1859001</misses>
				<total>119</total>
				<timestamp>315.736671</timestamp>
			</report>
			<report>
				<misses>1860001</misses>
				<total>119</total>
				<timestamp>315.906639</timestamp>
			</report>
			<report>
				<misses>1861001</misses>
				<total>119</total>
				<timestamp>316.076586</timestamp>
			</report>
			<report>
				<misses>1862001</misses>
				<total>119</total>
				<timestamp>316.246600</timestamp>
			</report>
			<report>
				<misses>1863001</misses>
				<total>119</total>
				<timestamp>316.416524</timestamp>
			</report>
			<report>
				<misses>1864001</misses>
				<total>120</total>
				<timestamp>316.586315</timestamp>
			</report>
			<report>
				<misses>1865001</misses>
				<total>120</total>
				<timestamp>316.756066</timestamp>
			</report>
			<report>
				<misses>1866001</misses>
				<total>120</total>
				<timestamp>316.925902</timestamp>
			</report>
			<report>
				<misses>1867001</misses>
				<total>120</total>
				<timestamp>317.095742</timestamp>
			</report>
			<report>
				<misses>1868001</misses>
				<total>120</total>
				<timestamp>317.265560</timestamp>
			</report>
			<report>
				<misses>1869001</misses>
				<total>119</total>
				<timestamp>317.435514</timestamp>
			</report>
			<report>
				<misses>1870001</misses>
				<total>120</total>
				<timestamp>317.605232</timestamp>
			</report>
			<report>
				<misses>1871001</misses>
				<total>124</total>
				<timestamp>317.775061</timestamp>
			</report>
			<report>
				<misses>1872001</misses>
				<total>124</total>
				<timestamp>317.944898</timestamp>
			</report>
			<report>
				<misses>1873001</misses>
				<total>125</total>
				<timestamp>318.114808</timestamp>
			</report>
			<report>
				<misses>1874001</misses>
				<total>124</total>
				<timestamp>318.284614</timestamp>
			</report>
			<report>
				<misses>1875001</misses>
				<total>125</total>
				<timestamp>318.454528</timestamp>
			</report>
			<report>
				<misses>1876001</misses>
				<total>125</total>
				<timestamp>318.624186</timestamp>
			</report>
			<report>
				<misses>1877001</misses>
				<total>125</total>
				<timestamp>318.794034</timestamp>
			</report>
			<report>
				<misses>1878001</misses>
				<total>125</total>
				<timestamp>318.963864</timestamp>
			</report>
			<report>
				<misses>1879001</misses>
				<total>125</total>
				<timestamp>319.133683</timestamp>
			</report>
			<report>
				<misses>1880001</misses>
				<total>125</total>
				<timestamp>319.303537</timestamp>
			</report>
			<report>
				<misses>1881001</misses>
				<total>124</total>
				<timestamp>319.473477</timestamp>
			</report>
			<report>
				<misses>1882001</misses>
				<total>125</total>
				<timestamp>319.643170</timestamp>
			</report>
			<report>
				<misses>1883001</misses>
				<total>125</total>
				<timestamp>319.813023</timestamp>
			</report>
			<report>
				<misses>1884001</misses>
				<total>124</total>
				<timestamp>319.982896</timestamp>
			</report>
			<report>
				<misses>1885001</misses>
				<total>125</total>
				<timestamp>320.152743</timestamp>
			</report>
			<report>
				<misses>1886001</misses>
				<total>125</total>
				<timestamp>320.322584</timestamp>
			</report>
			<report>
				<misses>1887001</misses>
				<total>125</total>
				<timestamp>320.492397</timestamp>
			</report>
			<report>
				<misses>1888001</misses>
				<total>125</total>
				<timestamp>320.662174</timestamp>
			</report>
			<report>
				<misses>1889001</misses>
				<total>125</total>
				<timestamp>320.832102</timestamp>
			</report>
			<report>
				<misses>1890001</misses>
				<total>125</total>
				<timestamp>321.001939</timestamp>
			</report>
			<report>
				<misses>1891001</misses>
				<total>124</total>
				<timestamp>321.171723</timestamp>
			</report>
			<report>
				<misses>1892001</misses>
				<total>124</total>
				<timestamp>321.341644</timestamp>
			</report>
			<report>
				<misses>1893001</misses>
				<total>125</total>
				<timestamp>321.511393</timestamp>
			</report>
			<report>
				<misses>1894001</misses>
				<total>125</total>
				<timestamp>321.681171</timestamp>
			</report>
			<report>
				<misses>1895001</misses>
				<total>125</total>
				<timestamp>321.851099</timestamp>
			</report>
			<report>
				<misses>1896001</misses>
				<total>125</total>
				<timestamp>322.020880</timestamp>
			</report>
			<report>
				<misses>1897001</misses>
				<total>124</total>
				<timestamp>322.190768</timestamp>
			</report>
			<report>
				<misses>1898001</misses>
				<total>124</total>
				<timestamp>322.360633</timestamp>
			</report>
			<report>
				<misses>1899001</misses>
				<total>124</total>
				<timestamp>322.530672</timestamp>
			</report>
			<report>
				<misses>1900001</misses>
				<total>124</total>
				<timestamp>322.700671</timestamp>
			</report>
			<report>
				<misses>1901001</misses>
				<total>124</total>
				<timestamp>322.870595</timestamp>
			</report>
			<report>
				<misses>1902001</misses>
				<total>125</total>
				<timestamp>323.040364</timestamp>
			</report>
			<report>
				<misses>1903001</misses>
				<total>125</total>
				<timestamp>323.210123</timestamp>
			</report>
			<report>
				<misses>1904001</misses>
				<total>125</total>
				<timestamp>323.379952</timestamp>
			</report>
			<report>
				<misses>1905001</misses>
				<total>125</total>
				<timestamp>323.549787</timestamp>
			</report>
			<report>
				<misses>1906001</misses>
				<total>124</total>
				<timestamp>323.719686</timestamp>
			</report>
			<report>
				<misses>1907001</misses>
				<total>125</total>
				<timestamp>323.889464</timestamp>
			</report>
			<report>
				<misses>1908001</misses>
				<total>125</total>
				<timestamp>324.059279</timestamp>
			</report>
			<report>
				<misses>1909001</misses>
				<total>125</total>
				<timestamp>324.229089</timestamp>
			</report>
			<report>
				<misses>1910001</misses>
				<total>125</total>
				<timestamp>324.398919</timestamp>
			</report>
			<report>
				<misses>1911001</misses>
				<total>125</total>
				<timestamp>324.568748</timestamp>
			</report>
			<report>
				<misses>1912001</misses>
				<total>124</total>
				<timestamp>324.738682</timestamp>
			</report>
			<report>
				<misses>1913001</misses>
				<total>125</total>
				<timestamp>324.908480</timestamp>
			</report>
			<report>
				<misses>1914001</misses>
				<total>125</total>
				<timestamp>325.078263</timestamp>
			</report>
			<report>
				<misses>1915001</misses>
				<total>125</total>
				<timestamp>325.248081</timestamp>
			</report>
			<report>
				<misses>1916001</misses>
				<total>125</total>
				<timestamp>325.417920</timestamp>
			</report>
			<report>
				<misses>1917001</misses>
				<total>125</total>
				<timestamp>325.587754</timestamp>
			</report>
			<report>
				<misses>1918001</misses>
				<total>125</total>
				<timestamp>325.757672</timestamp>
			</report>
			<report>
				<misses>1919001</misses>
				<total>125</total>
				<timestamp>325.927451</timestamp>
			</report>
			<report>
				<misses>1920001</misses>
				<total>125</total>
				<timestamp>326.097243</timestamp>
			</report>
			<report>
				<misses>1921001</misses>
				<total>125</total>
				<timestamp>326.267056</timestamp>
			</report>
			<report>
				<misses>1922001</misses>
				<total>125</total>
				<timestamp>326.436879</timestamp>
			</report>
			<report>
				<misses>1923001</misses>
				<total>125</total>
				<timestamp>326.606826</timestamp>
			</report>
			<report>
				<misses>1924001</misses>
				<total>125</total>
				<timestamp>326.776608</timestamp>
			</report>
			<report>
				<misses>1925001</misses>
				<total>125</total>
				<timestamp>326.946531</timestamp>
			</report>
			<report>
				<misses>1926001</misses>
				<total>125</total>
				<timestamp>327.116258</timestamp>
			</report>
			<report>
				<misses>1927001</misses>
				<total>125</total>
				<timestamp>327.286075</timestamp>
			</report>
			<report>
				<misses>1928001</misses>
				<total>125</total>
				<timestamp>327.455976</timestamp>
			</report>
			<report>
				<misses>1929001</misses>
				<total>125</total>
				<timestamp>327.625759</timestamp>
			</report>
			<report>
				<misses>1930001</misses>
				<total>124</total>
				<timestamp>327.795646</timestamp>
			</report>
			<report>
				<misses>1931001</misses>
				<total>125</total>
				<timestamp>327.965456</timestamp>
			</report>
			<report>
				<misses>1932001</misses>
				<total>125</total>
				<timestamp>328.135175</timestamp>
			</report>
			<report>
				<misses>1933001</misses>
				<total>125</total>
				<timestamp>328.305054</timestamp>
			</report>
			<report>
				<misses>1934001</misses>
				<total>125</total>
				<timestamp>328.474836</timestamp>
			</report>
			<report>
				<misses>1935001</misses>
				<total>125</total>
				<timestamp>328.644682</timestamp>
			</report>
			<report>
				<misses>1936001</misses>
				<total>125</total>
				<timestamp>328.814579</timestamp>
			</report>
			<report>
				<misses>1937001</misses>
				<total>125</total>
				<timestamp>328.984366</timestamp>
			</report>
			<report>
				<misses>1938001</misses>
				<total>125</total>
				<timestamp>329.154162</timestamp>
			</report>
			<report>
				<misses>1939001</misses>
				<total>125</total>
				<timestamp>329.324043</timestamp>
			</report>
			<report>
				<misses>1940001</misses>
				<total>125</total>
				<timestamp>329.493836</timestamp>
			</report>
			<report>
				<misses>1941001</misses>
				<total>125</total>
				<timestamp>329.663706</timestamp>
			</report>
			<report>
				<misses>1942001</misses>
				<total>125</total>
				<timestamp>329.833530</timestamp>
			</report>
			<report>
				<misses>1943001</misses>
				<total>125</total>
				<timestamp>330.003398</timestamp>
			</report>
			<report>
				<misses>1944001</misses>
				<total>125</total>
				<timestamp>330.173146</timestamp>
			</report>
			<report>
				<misses>1945001</misses>
				<total>125</total>
				<timestamp>330.343045</timestamp>
			</report>
			<report>
				<misses>1946001</misses>
				<total>125</total>
				<timestamp>330.512828</timestamp>
			</report>
			<report>
				<misses>1947001</misses>
				<total>125</total>
				<timestamp>330.682803</timestamp>
			</report>
			<report>
				<misses>1948001</misses>
				<total>125</total>
				<timestamp>330.852500</timestamp>
			</report>
			<report>
				<misses>1949001</misses>
				<total>125</total>
				<timestamp>331.022410</timestamp>
			</report>
			<report>
				<misses>1950001</misses>
				<total>125</total>
				<timestamp>331.192134</timestamp>
			</report>
			<report>
				<misses>1951001</misses>
				<total>125</total>
				<timestamp>331.361997</timestamp>
			</report>
			<report>
				<misses>1952001</misses>
				<total>125</total>
				<timestamp>331.531802</timestamp>
			</report>
			<report>
				<misses>1953001</misses>
				<total>125</total>
				<timestamp>331.701611</timestamp>
			</report>
			<report>
				<misses>1954001</misses>
				<total>124</total>
				<timestamp>331.871533</timestamp>
			</report>
			<report>
				<misses>1955001</misses>
				<total>124</total>
				<timestamp>332.041393</timestamp>
			</report>
			<report>
				<misses>1956001</misses>
				<total>125</total>
				<timestamp>332.211123</timestamp>
			</report>
			<report>
				<misses>1957001</misses>
				<total>125</total>
				<timestamp>332.380929</timestamp>
			</report>
			<report>
				<misses>1958001</misses>
				<total>125</total>
				<timestamp>332.550776</timestamp>
			</report>
			<report>
				<misses>1959001</misses>
				<total>124</total>
				<timestamp>332.720650</timestamp>
			</report>
			<report>
				<misses>1960001</misses>
				<total>124</total>
				<timestamp>332.890551</timestamp>
			</report>
			<report>
				<misses>1961001</misses>
				<total>125</total>
				<timestamp>333.060298</timestamp>
			</report>
			<report>
				<misses>1962001</misses>
				<total>125</total>
				<timestamp>333.230087</timestamp>
			</report>
			<report>
				<misses>1963001</misses>
				<total>125</total>
				<timestamp>333.399909</timestamp>
			</report>
			<report>
				<misses>1964001</misses>
				<total>125</total>
				<timestamp>333.569753</timestamp>
			</report>
			<report>
				<misses>1965001</misses>
				<total>125</total>
				<timestamp>333.739577</timestamp>
			</report>
			<report>
				<misses>1966001</misses>
				<total>124</total>
				<timestamp>333.909534</timestamp>
			</report>
			<report>
				<misses>1967001</misses>
				<total>125</total>
				<timestamp>334.079298</timestamp>
			</report>
			<report>
				<misses>1968001</misses>
				<total>125</total>
				<timestamp>334.249098</timestamp>
			</report>
			<report>
				<misses>1969001</misses>
				<total>125</total>
				<timestamp>334.418909</timestamp>
			</report>
			<report>
				<misses>1970001</misses>
				<total>125</total>
				<timestamp>334.588721</timestamp>
			</report>
			<report>
				<misses>1971001</misses>
				<total>124</total>
				<timestamp>334.758643</timestamp>
			</report>
			<report>
				<misses>1972001</misses>
				<total>124</total>
				<timestamp>334.928498</timestamp>
			</report>
			<report>
				<misses>1973001</misses>
				<total>125</total>
				<timestamp>335.098247</timestamp>
			</report>
			<report>
				<misses>1974001</misses>
				<total>125</total>
				<timestamp>335.268065</timestamp>
			</report>
			<report>
				<misses>1975001</misses>
				<total>125</total>
				<timestamp>335.438033</timestamp>
			</report>
			<report>
				<misses>1976001</misses>
				<total>125</total>
				<timestamp>335.607736</timestamp>
			</report>
			<report>
				<misses>1977001</misses>
				<total>125</total>
				<timestamp>335.777594</timestamp>
			</report>
			<report>
				<misses>1978001</misses>
				<total>125</total>
				<timestamp>335.947441</timestamp>
			</report>
			<report>
				<misses>1979001</misses>
				<total>125</total>
				<timestamp>336.117260</timestamp>
			</report>
			<report>
				<misses>1980001</misses>
				<total>125</total>
				<timestamp>336.287148</timestamp>
			</report>
			<report>
				<misses>1981001</misses>
				<total>125</total>
				<timestamp>336.456918</timestamp>
			</report>
			<report>
				<misses>1982001</misses>
				<total>125</total>
				<timestamp>336.626794</timestamp>
			</report>
			<report>
				<misses>1983001</misses>
				<total>124</total>
				<timestamp>336.796650</timestamp>
			</report>
			<report>
				<misses>1984001</misses>
				<total>124</total>
				<timestamp>336.966430</timestamp>
			</report>
			<report>
				<misses>1985001</misses>
				<total>125</total>
				<timestamp>337.136227</timestamp>
			</report>
			<report>
				<misses>1986001</misses>
				<total>125</total>
				<timestamp>337.306079</timestamp>
			</report>
			<report>
				<misses>1987001</misses>
				<total>125</total>
				<timestamp>337.475902</timestamp>
			</report>
			<report>
				<misses>1988001</misses>
				<total>125</total>
				<timestamp>337.645748</timestamp>
			</report>
			<report>
				<misses>1989001</misses>
				<total>124</total>
				<timestamp>337.815644</timestamp>
			</report>
			<report>
				<misses>1990001</misses>
				<total>124</total>
				<timestamp>337.985514</timestamp>
			</report>
			<report>
				<misses>1991001</misses>
				<total>125</total>
				<timestamp>338.155415</timestamp>
			</report>
			<report>
				<misses>1992001</misses>
				<total>125</total>
				<timestamp>338.325161</timestamp>
			</report>
			<report>
				<misses>1993001</misses>
				<total>125</total>
				<timestamp>338.494982</timestamp>
			</report>
			<report>
				<misses>1994001</misses>
				<total>125</total>
				<timestamp>338.664809</timestamp>
			</report>
			<report>
				<misses>1995001</misses>
				<total>125</total>
				<timestamp>338.834656</timestamp>
			</report>
			<report>
				<misses>1996001</misses>
				<total>125</total>
				<timestamp>339.004488</timestamp>
			</report>
			<report>
				<misses>1997001</misses>
				<total>125</total>
				<timestamp>339.174410</timestamp>
			</report>
			<report>
				<misses>1998001</misses>
				<total>125</total>
				<timestamp>339.344196</timestamp>
			</report>
			<report>
				<misses>1999001</misses>
				<total>125</total>
				<timestamp>339.513998</timestamp>
			</report>
			<report>
				<misses>2000001</misses>
				<total>125</total>
				<timestamp>339.683886</timestamp>
			</report>
			<report>
				<misses>2001001</misses>
				<total>125</total>
				<timestamp>339.853703</timestamp>
			</report>
			<report>
				<misses>2002001</misses>
				<total>125</total>
				<timestamp>340.023463</timestamp>
			</report>
			<report>
				<misses>2003001</misses>
				<total>124</total>
				<timestamp>340.193362</timestamp>
			</report>
			<report>
				<misses>2004001</misses>
				<total>125</total>
				<timestamp>340.363148</timestamp>
			</report>
			<report>
				<misses>2005001</misses>
				<total>125</total>
				<timestamp>340.532957</timestamp>
			</report>
			<report>
				<misses>2006001</misses>
				<total>128</total>
				<timestamp>340.702781</timestamp>
			</report>
			<report>
				<misses>2007001</misses>
				<total>128</total>
				<timestamp>340.872742</timestamp>
			</report>
			<report>
				<misses>2008001</misses>
				<total>127</total>
				<timestamp>341.042585</timestamp>
			</report>
			<report>
				<misses>2009001</misses>
				<total>127</total>
				<timestamp>341.212466</timestamp>
			</report>
			<report>
				<misses>2010001</misses>
				<total>128</total>
				<timestamp>341.382464</timestamp>
			</report>
			<report>
				<misses>2011001</misses>
				<total>127</total>
				<timestamp>341.552485</timestamp>
			</report>
			<report>
				<misses>2012001</misses>
				<total>128</total>
				<timestamp>341.722377</timestamp>
			</report>
			<report>
				<misses>2013001</misses>
				<total>128</total>
				<timestamp>341.892264</timestamp>
			</report>
			<report>
				<misses>2014001</misses>
				<total>128</total>
				<timestamp>342.061939</timestamp>
			</report>
			<report>
				<misses>2015001</misses>
				<total>128</total>
				<timestamp>342.231875</timestamp>
			</report>
			<report>
				<misses>2016001</misses>
				<total>128</total>
				<timestamp>342.401717</timestamp>
			</report>
			<report>
				<misses>2017001</misses>
				<total>127</total>
				<timestamp>342.571528</timestamp>
			</report>
			<report>
				<misses>2018001</misses>
				<total>128</total>
				<timestamp>342.741387</timestamp>
			</report>
			<report>
				<misses>2019001</misses>
				<total>128</total>
				<timestamp>342.911116</timestamp>
			</report>
			<report>
				<misses>2020001</misses>
				<total>128</total>
				<timestamp>343.080980</timestamp>
			</report>
			<report>
				<misses>2021001</misses>
				<total>128</total>
				<timestamp>343.250836</timestamp>
			</report>
			<report>
				<misses>2022001</misses>
				<total>128</total>
				<timestamp>343.420635</timestamp>
			</report>
			<report>
				<misses>2023001</misses>
				<total>127</total>
				<timestamp>343.590543</timestamp>
			</report>
			<report>
				<misses>2024001</misses>
				<total>127</total>
				<timestamp>343.760403</timestamp>
			</report>
			<report>
				<misses>2025001</misses>
				<total>127</total>
				<timestamp>343.930459</timestamp>
			</report>
			<report>
				<misses>2026001</misses>
				<total>127</total>
				<timestamp>344.100362</timestamp>
			</report>
			<report>
				<misses>2027001</misses>
				<total>128</total>
				<timestamp>344.270047</timestamp>
			</report>
			<report>
				<misses>2028001</misses>
				<total>128</total>
				<timestamp>344.439897</timestamp>
			</report>
			<report>
				<misses>2029001</misses>
				<total>128</total>
				<timestamp>344.609734</timestamp>
			</report>
			<report>
				<misses>2030001</misses>
				<total>128</total>
				<timestamp>344.779550</timestamp>
			</report>
			<report>
				<misses>2031001</misses>
				<total>127</total>
				<timestamp>344.949446</timestamp>
			</report>
			<report>
				<misses>2032001</misses>
				<total>127</total>
				<timestamp>345.119342</timestamp>
			</report>
			<report>
				<misses>2033001</misses>
				<total>128</total>
				<timestamp>345.289052</timestamp>
			</report>
			<report>
				<misses>2034001</misses>
				<total>128</total>
				<timestamp>345.458892</timestamp>
			</report>
			<report>
				<misses>2035001</misses>
				<total>128</total>
				<timestamp>345.628694</timestamp>
			</report>
			<report>
				<misses>2036001</misses>
				<total>128</total>
				<timestamp>345.798542</timestamp>
			</report>
			<report>
				<misses>2037001</misses>
				<total>127</total>
				<timestamp>345.968400</timestamp>
			</report>
			<report>
				<misses>2038001</misses>
				<total>128</total>
				<timestamp>346.138218</timestamp>
			</report>
			<report>
				<misses>2039001</misses>
				<total>128</total>
				<timestamp>346.308032</timestamp>
			</report>
			<report>
				<misses>2040001</misses>
				<total>128</total>
				<timestamp>346.477839</timestamp>
			</report>
			<report>
				<misses>2041001</misses>
				<total>128</total>
				<timestamp>346.647683</timestamp>
			</report>
			<report>
				<misses>2042001</misses>
				<total>127</total>
				<timestamp>346.817568</timestamp>
			</report>
			<report>
				<misses>2043001</misses>
				<total>127</total>
				<timestamp>346.987539</timestamp>
			</report>
			<report>
				<misses>2044001</misses>
				<total>127</total>
				<timestamp>347.157428</timestamp>
			</report>
			<report>
				<misses>2045001</misses>
				<total>128</total>
				<timestamp>347.327221</timestamp>
			</report>
			<report>
				<misses>2046001</misses>
				<total>128</total>
				<timestamp>347.497032</timestamp>
			</report>
			<report>
				<misses>2047001</misses>
				<total>128</total>
				<timestamp>347.666882</timestamp>
			</report>
			<report>
				<misses>2048001</misses>
				<total>128</total>
				<timestamp>347.836704</timestamp>
			</report>
			<report>
				<misses>2049001</misses>
				<total>127</total>
				<timestamp>348.006610</timestamp>
			</report>
			<report>
				<misses>2050001</misses>
				<total>127</total>
				<timestamp>348.176679</timestamp>
			</report>
			<report>
				<misses>2051001</misses>
				<total>128</total>
				<timestamp>348.346566</timestamp>
			</report>
			<report>
				<misses>2052001</misses>
				<total>127</total>
				<timestamp>348.516543</timestamp>
			</report>
			<report>
				<misses>2053001</misses>
				<total>127</total>
				<timestamp>348.686511</timestamp>
			</report>
			<report>
				<misses>2054001</misses>
				<total>128</total>
				<timestamp>348.856462</timestamp>
			</report>
			<report>
				<misses>2055001</misses>
				<total>128</total>
				<timestamp>349.026267</timestamp>
			</report>
			<report>
				<misses>2056001</misses>
				<total>128</total>
				<timestamp>349.195967</timestamp>
			</report>
			<report>
				<misses>2057001</misses>
				<total>128</total>
				<timestamp>349.365802</timestamp>
			</report>
			<report>
				<misses>2058001</misses>
				<total>128</total>
				<timestamp>349.535760</timestamp>
			</report>
			<report>
				<misses>2059001</misses>
				<total>128</total>
				<timestamp>349.705596</timestamp>
			</report>
			<report>
				<misses>2060001</misses>
				<total>128</total>
				<timestamp>349.875325</timestamp>
			</report>
			<report>
				<misses>2061001</misses>
				<total>128</total>
				<timestamp>350.045150</timestamp>
			</report>
			<report>
				<misses>2062001</misses>
				<total>128</total>
				<timestamp>350.214976</timestamp>
			</report>
			<report>
				<misses>2063001</misses>
				<total>128</total>
				<timestamp>350.384781</timestamp>
			</report>
			<report>
				<misses>2064001</misses>
				<total>128</total>
				<timestamp>350.554612</timestamp>
			</report>
			<report>
				<misses>2065001</misses>
				<total>128</total>
				<timestamp>350.724606</timestamp>
			</report>
			<report>
				<misses>2066001</misses>
				<total>128</total>
				<timestamp>350.894338</timestamp>
			</report>
			<report>
				<misses>2067001</misses>
				<total>128</total>
				<timestamp>351.064103</timestamp>
			</report>
			<report>
				<misses>2068001</misses>
				<total>128</total>
				<timestamp>351.233939</timestamp>
			</report>
			<report>
				<misses>2069001</misses>
				<total>128</total>
				<timestamp>351.403850</timestamp>
			</report>
			<report>
				<misses>2070001</misses>
				<total>128</total>
				<timestamp>351.573612</timestamp>
			</report>
			<report>
				<misses>2071001</misses>
				<total>128</total>
				<timestamp>351.743513</timestamp>
			</report>
			<report>
				<misses>2072001</misses>
				<total>128</total>
				<timestamp>351.913289</timestamp>
			</report>
			<report>
				<misses>2073001</misses>
				<total>128</total>
				<timestamp>352.083128</timestamp>
			</report>
			<report>
				<misses>2074001</misses>
				<total>128</total>
				<timestamp>352.252923</timestamp>
			</report>
			<report>
				<misses>2075001</misses>
				<total>128</total>
				<timestamp>352.422763</timestamp>
			</report>
			<report>
				<misses>2076001</misses>
				<total>128</total>
				<timestamp>352.592579</timestamp>
			</report>
			<report>
				<misses>2077001</misses>
				<total>127</total>
				<timestamp>352.762535</timestamp>
			</report>
			<report>
				<misses>2078001</misses>
				<total>128</total>
				<timestamp>352.932308</timestamp>
			</report>
			<report>
				<misses>2079001</misses>
				<total>128</total>
				<timestamp>353.102087</timestamp>
			</report>
			<report>
				<misses>2080001</misses>
				<total>128</total>
				<timestamp>353.272001</timestamp>
			</report>
			<report>
				<misses>2081001</misses>
				<total>128</total>
				<timestamp>353.441727</timestamp>
			</report>
			<report>
				<misses>2082001</misses>
				<total>128</total>
				<timestamp>353.611566</timestamp>
			</report>
			<report>
				<misses>2083001</misses>
				<total>128</total>
				<timestamp>353.781478</timestamp>
			</report>
			<report>
				<misses>2084001</misses>
				<total>127</total>
				<timestamp>353.951301</timestamp>
			</report>
			<report>
				<misses>2085001</misses>
				<total>128</total>
				<timestamp>354.121040</timestamp>
			</report>
			<report>
				<misses>2086001</misses>
				<total>128</total>
				<timestamp>354.290882</timestamp>
			</report>
			<report>
				<misses>2087001</misses>
				<total>128</total>
				<timestamp>354.460703</timestamp>
			</report>
			<report>
				<misses>2088001</misses>
				<total>128</total>
				<timestamp>354.630531</timestamp>
			</report>
			<report>
				<misses>2089001</misses>
				<total>134</total>
				<timestamp>354.800399</timestamp>
			</report>
			<report>
				<misses>2090001</misses>
				<total>135</total>
				<timestamp>354.970274</timestamp>
			</report>
			<report>
				<misses>2091001</misses>
				<total>135</total>
				<timestamp>355.140045</timestamp>
			</report>
			<report>
				<misses>2092001</misses>
				<total>135</total>
				<timestamp>355.309865</timestamp>
			</report>
			<report>
				<misses>2093001</misses>
				<total>135</total>
				<timestamp>355.479732</timestamp>
			</report>
			<report>
				<misses>2094001</misses>
				<total>135</total>
				<timestamp>355.649529</timestamp>
			</report>
			<report>
				<misses>2095001</misses>
				<total>135</total>
				<timestamp>355.819372</timestamp>
			</report>
			<report>
				<misses>2096001</misses>
				<total>135</total>
				<timestamp>355.989277</timestamp>
			</report>
			<report>
				<misses>2097001</misses>
				<total>135</total>
				<timestamp>356.159013</timestamp>
			</report>
			<report>
				<misses>2098001</misses>
				<total>135</total>
				<timestamp>356.328835</timestamp>
			</report>
			<report>
				<misses>2099001</misses>
				<total>135</total>
				<timestamp>356.498665</timestamp>
			</report>
			<report>
				<misses>2100001</misses>
				<total>134</total>
				<timestamp>356.668576</timestamp>
			</report>
			<report>
				<misses>2101001</misses>
				<total>137</total>
				<timestamp>356.838375</timestamp>
			</report>
			<report>
				<misses>2102001</misses>
				<total>136</total>
				<timestamp>357.008300</timestamp>
			</report>
			<report>
				<misses>2103001</misses>
				<total>137</total>
				<timestamp>357.177972</timestamp>
			</report>
			<report>
				<misses>2104001</misses>
				<total>137</total>
				<timestamp>357.347806</timestamp>
			</report>
			<report>
				<misses>2105001</misses>
				<total>137</total>
				<timestamp>357.517643</timestamp>
			</report>
			<report>
				<misses>2106001</misses>
				<total>137</total>
				<timestamp>357.687534</timestamp>
			</report>
			<report>
				<misses>2107001</misses>
				<total>136</total>
				<timestamp>357.857338</timestamp>
			</report>
			<report>
				<misses>2108001</misses>
				<total>137</total>
				<timestamp>358.027250</timestamp>
			</report>
			<report>
				<misses>2109001</misses>
				<total>137</total>
				<timestamp>358.196970</timestamp>
			</report>
			<report>
				<misses>2110001</misses>
				<total>137</total>
				<timestamp>358.366792</timestamp>
			</report>
			<report>
				<misses>2111001</misses>
				<total>137</total>
				<timestamp>358.536631</timestamp>
			</report>
			<report>
				<misses>2112001</misses>
				<total>137</total>
				<timestamp>358.706466</timestamp>
			</report>
			<report>
				<misses>2113001</misses>
				<total>136</total>
				<timestamp>358.876344</timestamp>
			</report>
			<report>
				<misses>2114001</misses>
				<total>136</total>
				<timestamp>359.046253</timestamp>
			</report>
			<report>
				<misses>2115001</misses>
				<total>137</total>
				<timestamp>359.215944</timestamp>
			</report>
			<report>
				<misses>2116001</misses>
				<total>137</total>
				<timestamp>359.385783</timestamp>
			</report>
			<report>
				<misses>2117001</misses>
				<total>137</total>
				<timestamp>359.555602</timestamp>
			</report>
			<report>
				<misses>2118001</misses>
				<total>137</total>
				<timestamp>359.725436</timestamp>
			</report>
			<report>
				<misses>2119001</misses>
				<total>136</total>
				<timestamp>359.895374</timestamp>
			</report>
			<report>
				<misses>2120001</misses>
				<total>137</total>
				<timestamp>360.065222</timestamp>
			</report>
			<report>
				<misses>2121001</misses>
				<total>137</total>
				<timestamp>360.234919</timestamp>
			</report>
			<report>
				<misses>2122001</misses>
				<total>137</total>
				<timestamp>360.404801</timestamp>
			</report>
			<report>
				<misses>2123001</misses>
				<total>137</total>
				<timestamp>360.574608</timestamp>
			</report>
			<report>
				<misses>2124001</misses>
				<total>141</total>
				<timestamp>360.744483</timestamp>
			</report>
			<report>
				<misses>2125001</misses>
				<total>142</total>
				<timestamp>360.914401</timestamp>
			</report>
			<report>
				<misses>2126001</misses>
				<total>141</total>
				<timestamp>361.084260</timestamp>
			</report>
			<report>
				<misses>2127001</misses>
				<total>141</total>
				<timestamp>361.254323</timestamp>
			</report>
			<report>
				<misses>2128001</misses>
				<total>142</total>
				<timestamp>361.424174</timestamp>
			</report>
			<report>
				<misses>2129001</misses>
				<total>142</total>
				<timestamp>361.593962</timestamp>
			</report>
			<report>
				<misses>2130001</misses>
				<total>142</total>
				<timestamp>361.763797</timestamp>
			</report>
			<report>
				<misses>2131001</misses>
				<total>142</total>
				<timestamp>361.933645</timestamp>
			</report>
			<report>
				<misses>2132001</misses>
				<total>141</total>
				<timestamp>362.103496</timestamp>
			</report>
			<report>
				<misses>2133001</misses>
				<total>141</total>
				<timestamp>362.273400</timestamp>
			</report>
			<report>
				<misses>2134001</misses>
				<total>141</total>
				<timestamp>362.443371</timestamp>
			</report>
			<report>
				<misses>2135001</misses>
				<total>142</total>
				<timestamp>362.613123</timestamp>
			</report>
			<report>
				<misses>2136001</misses>
				<total>142</total>
				<timestamp>362.782948</timestamp>
			</report>
			<report>
				<misses>2137001</misses>
				<total>142</total>
				<timestamp>362.952822</timestamp>
			</report>
			<report>
				<misses>2138001</misses>
				<total>142</total>
				<timestamp>363.122573</timestamp>
			</report>
			<report>
				<misses>2139001</misses>
				<total>141</total>
				<timestamp>363.292514</timestamp>
			</report>
			<report>
				<misses>2140001</misses>
				<total>142</total>
				<timestamp>363.462361</timestamp>
			</report>
			<report>
				<misses>2141001</misses>
				<total>142</total>
				<timestamp>363.632077</timestamp>
			</report>
			<report>
				<misses>2142001</misses>
				<total>142</total>
				<timestamp>363.801974</timestamp>
			</report>
			<report>
				<misses>2143001</misses>
				<total>142</total>
				<timestamp>363.971756</timestamp>
			</report>
			<report>
				<misses>2144001</misses>
				<total>142</total>
				<timestamp>364.141602</timestamp>
			</report>
			<report>
				<misses>2145001</misses>
				<total>141</total>
				<timestamp>364.311449</timestamp>
			</report>
			<report>
				<misses>2146001</misses>
				<total>142</total>
				<timestamp>364.481246</timestamp>
			</report>
			<report>
				<misses>2147001</misses>
				<total>142</total>
				<timestamp>364.651111</timestamp>
			</report>
			<report>
				<misses>2148001</misses>
				<total>142</total>
				<timestamp>364.820868</timestamp>
			</report>
			<report>
				<misses>2149001</misses>
				<total>142</total>
				<timestamp>364.990673</timestamp>
			</report>
			<report>
				<misses>2150001</misses>
				<total>142</total>
				<timestamp>365.160526</timestamp>
			</report>
			<report>
				<misses>2151001</misses>
				<total>141</total>
				<timestamp>365.330494</timestamp>
			</report>
			<report>
				<misses>2152001</misses>
				<total>141</total>
				<timestamp>365.500307</timestamp>
			</report>
			<report>
				<misses>2153001</misses>
				<total>142</total>
				<timestamp>365.670017</timestamp>
			</report>
			<report>
				<misses>2154001</misses>
				<total>142</total>
				<timestamp>365.839853</timestamp>
			</report>
			<report>
				<misses>2155001</misses>
				<total>142</total>
				<timestamp>366.009653</timestamp>
			</report>
			<report>
				<misses>2156001</misses>
				<total>142</total>
				<timestamp>366.179485</timestamp>
			</report>
			<report>
				<misses>2157001</misses>
				<total>141</total>
				<timestamp>366.349426</timestamp>
			</report>
			<report>
				<misses>2158001</misses>
				<total>142</total>
				<timestamp>366.519209</timestamp>
			</report>
			<report>
				<misses>2159001</misses>
				<total>142</total>
				<timestamp>366.689103</timestamp>
			</report>
			<report>
				<misses>2160001</misses>
				<total>142</total>
				<timestamp>366.858825</timestamp>
			</report>
			<report>
				<misses>2161001</misses>
				<total>142</total>
				<timestamp>367.028762</timestamp>
			</report>
			<report>
				<misses>2162001</misses>
				<total>142</total>
				<timestamp>367.198600</timestamp>
			</report>
			<report>
				<misses>2163001</misses>
				<total>141</total>
				<timestamp>367.368388</timestamp>
			</report>
			<report>
				<misses>2164001</misses>
				<total>141</total>
				<timestamp>367.538190</timestamp>
			</report>
			<report>
				<misses>2165001</misses>
				<total>142</total>
				<timestamp>367.708047</timestamp>
			</report>
			<report>
				<misses>2166001</misses>
				<total>142</total>
				<timestamp>367.877817</timestamp>
			</report>
			<report>
				<misses>2167001</misses>
				<total>142</total>
				<timestamp>368.047607</timestamp>
			</report>
			<report>
				<misses>2168001</misses>
				<total>142</total>
				<timestamp>368.217467</timestamp>
			</report>
			<report>
				<misses>2169001</misses>
				<total>142</total>
				<timestamp>368.387292</timestamp>
			</report>
			<report>
				<misses>2170001</misses>
				<total>141</total>
				<timestamp>368.557203</timestamp>
			</report>
			<report>
				<misses>2171001</misses>
				<total>142</total>
				<timestamp>368.727000</timestamp>
			</report>
			<report>
				<misses>2172001</misses>
				<total>142</total>
				<timestamp>368.896867</timestamp>
			</report>
			<report>
				<misses>2173001</misses>
				<total>142</total>
				<timestamp>369.066602</timestamp>
			</report>
			<report>
				<misses>2174001</misses>
				<total>142</total>
				<timestamp>369.236463</timestamp>
			</report>
			<report>
				<misses>2175001</misses>
				<total>142</total>
				<timestamp>369.406301</timestamp>
			</report>
			<report>
				<misses>2176001</misses>
				<total>142</total>
				<timestamp>369.576172</timestamp>
			</report>
			<report>
				<misses>2177001</misses>
				<total>142</total>
				<timestamp>369.745975</timestamp>
			</report>
			<report>
				<misses>2178001</misses>
				<total>142</total>
				<timestamp>369.915751</timestamp>
			</report>
			<report>
				<misses>2179001</misses>
				<total>142</total>
				<timestamp>370.085619</timestamp>
			</report>
			<report>
				<misses>2180001</misses>
				<total>142</total>
				<timestamp>370.255414</timestamp>
			</report>
			<report>
				<misses>2181001</misses>
				<total>142</total>
				<timestamp>370.425297</timestamp>
			</report>
			<report>
				<misses>2182001</misses>
				<total>141</total>
				<timestamp>370.595304</timestamp>
			</report>
			<report>
				<misses>2183001</misses>
				<total>142</total>
				<timestamp>370.765166</timestamp>
			</report>
			<report>
				<misses>2184001</misses>
				<total>142</total>
				<timestamp>370.934920</timestamp>
			</report>
			<report>
				<misses>2185001</misses>
				<total>142</total>
				<timestamp>371.104726</timestamp>
			</report>
			<report>
				<misses>2186001</misses>
				<total>142</total>
				<timestamp>371.274577</timestamp>
			</report>
			<report>
				<misses>2187001</misses>
				<total>142</total>
				<timestamp>371.444414</timestamp>
			</report>
			<report>
				<misses>2188001</misses>
				<total>141</total>
				<timestamp>371.614298</timestamp>
			</report>
			<report>
				<misses>2189001</misses>
				<total>141</total>
				<timestamp>371.784184</timestamp>
			</report>
			<report>
				<misses>2190001</misses>
				<total>142</total>
				<timestamp>371.953885</timestamp>
			</report>
			<report>
				<misses>2191001</misses>
				<total>142</total>
				<timestamp>372.123706</timestamp>
			</report>
			<report>
				<misses>2192001</misses>
				<total>142</total>
				<timestamp>372.293553</timestamp>
			</report>
			<report>
				<misses>2193001</misses>
				<total>142</total>
				<timestamp>372.463389</timestamp>
			</report>
			<report>
				<misses>2194001</misses>
				<total>142</total>
				<timestamp>372.633279</timestamp>
			</report>
			<report>
				<misses>2195001</misses>
				<total>142</total>
				<timestamp>372.803153</timestamp>
			</report>
			<report>
				<misses>2196001</misses>
				<total>142</total>
				<timestamp>372.972863</timestamp>
			</report>
			<report>
				<misses>2197001</misses>
				<total>142</total>
				<timestamp>373.142687</timestamp>
			</report>
			<report>
				<misses>2198001</misses>
				<total>142</total>
				<timestamp>373.312515</timestamp>
			</report>
			<report>
				<misses>2199001</misses>
				<total>142</total>
				<timestamp>373.482396</timestamp>
			</report>
			<report>
				<misses>2200001</misses>
				<total>141</total>
				<timestamp>373.652355</timestamp>
			</report>
			<report>
				<misses>2201001</misses>
				<total>141</total>
				<timestamp>373.822252</timestamp>
			</report>
			<report>
				<misses>2202001</misses>
				<total>141</total>
				<timestamp>373.992155</timestamp>
			</report>
			<report>
				<misses>2203001</misses>
				<total>142</total>
				<timestamp>374.161820</timestamp>
			</report>
			<report>
				<misses>2204001</misses>
				<total>142</total>
				<timestamp>374.331673</timestamp>
			</report>
			<report>
				<misses>2205001</misses>
				<total>142</total>
				<timestamp>374.501492</timestamp>
			</report>
			<report>
				<misses>2206001</misses>
				<total>142</total>
				<timestamp>374.671379</timestamp>
			</report>
			<report>
				<misses>2207001</misses>
				<total>141</total>
				<timestamp>374.841285</timestamp>
			</report>
			<report>
				<misses>2208001</misses>
				<total>142</total>
				<timestamp>375.010980</timestamp>
			</report>
			<report>
				<misses>2209001</misses>
				<total>142</total>
				<timestamp>375.180805</timestamp>
			</report>
			<report>
				<misses>2210001</misses>
				<total>142</total>
				<timestamp>375.350688</timestamp>
			</report>
			<report>
				<misses>2211001</misses>
				<total>142</total>
				<timestamp>375.520479</timestamp>
			</report>
			<report>
				<misses>2212001</misses>
				<total>141</total>
				<timestamp>375.690397</timestamp>
			</report>
			<report>
				<misses>2213001</misses>
				<total>141</total>
				<timestamp>375.860262</timestamp>
			</report>
			<report>
				<misses>2214001</misses>
				<total>142</total>
				<timestamp>376.030032</timestamp>
			</report>
			<report>
				<misses>2215001</misses>
				<total>142</total>
				<timestamp>376.199792</timestamp>
			</report>
			<report>
				<misses>2216001</misses>
				<total>142</total>
				<timestamp>376.369651</timestamp>
			</report>
			<report>
				<misses>2217001</misses>
				<total>142</total>
				<timestamp>376.539457</timestamp>
			</report>
			<report>
				<misses>2218001</misses>
				<total>141</total>
				<timestamp>376.709413</timestamp>
			</report>
			<report>
				<misses>2219001</misses>
				<total>141</total>
				<timestamp>376.879233</timestamp>
			</report>
			<report>
				<misses>2220001</misses>
				<total>142</total>
				<timestamp>377.048936</timestamp>
			</report>
			<report>
				<misses>2221001</misses>
				<total>142</total>
				<timestamp>377.218778</timestamp>
			</report>
			<report>
				<misses>2222001</misses>
				<total>142</total>
				<timestamp>377.388591</timestamp>
			</report>
			<report>
				<misses>2223001</misses>
				<total>142</total>
				<timestamp>377.558453</timestamp>
			</report>
			<report>
				<misses>2224001</misses>
				<total>142</total>
				<timestamp>377.728379</timestamp>
			</report>
			<report>
				<misses>2225001</misses>
				<total>142</total>
				<timestamp>377.898138</timestamp>
			</report>
			<report>
				<misses>2226001</misses>
				<total>144</total>
				<timestamp>378.067932</timestamp>
			</report>
			<report>
				<misses>2227001</misses>
				<total>144</total>
				<timestamp>378.237776</timestamp>
			</report>
			<report>
				<misses>2228001</misses>
				<total>144</total>
				<timestamp>378.407607</timestamp>
			</report>
			<report>
				<misses>2229001</misses>
				<total>150</total>
				<timestamp>378.577442</timestamp>
			</report>
			<report>
				<misses>2230001</misses>
				<total>150</total>
				<timestamp>378.747265</timestamp>
			</report>
			<report>
				<misses>2231001</misses>
				<total>149</total>
				<timestamp>378.917227</timestamp>
			</report>
			<report>
				<misses>2232001</misses>
				<total>150</total>
				<timestamp>379.086892</timestamp>
			</report>
			<report>
				<misses>2233001</misses>
				<total>150</total>
				<timestamp>379.256723</timestamp>
			</report>
			<report>
				<misses>2234001</misses>
				<total>150</total>
				<timestamp>379.426554</timestamp>
			</report>
			<report>
				<misses>2235001</misses>
				<total>150</total>
				<timestamp>379.596397</timestamp>
			</report>
			<report>
				<misses>2236001</misses>
				<total>149</total>
				<timestamp>379.766336</timestamp>
			</report>
			<report>
				<misses>2237001</misses>
				<total>156</total>
				<timestamp>379.936226</timestamp>
			</report>
			<report>
				<misses>2238001</misses>
				<total>155</total>
				<timestamp>380.106133</timestamp>
			</report>
			<report>
				<misses>2239001</misses>
				<total>156</total>
				<timestamp>380.275915</timestamp>
			</report>
			<report>
				<misses>2240001</misses>
				<total>156</total>
				<timestamp>380.445717</timestamp>
			</report>
			<report>
				<misses>2241001</misses>
				<total>156</total>
				<timestamp>380.615534</timestamp>
			</report>
			<report>
				<misses>2242001</misses>
				<total>156</total>
				<timestamp>380.785364</timestamp>
			</report>
			<report>
				<misses>2243001</misses>
				<total>155</total>
				<timestamp>380.955259</timestamp>
			</report>
			<report>
				<misses>2244001</misses>
				<total>156</total>
				<timestamp>381.125135</timestamp>
			</report>
			<report>
				<misses>2245001</misses>
				<total>156</total>
				<timestamp>381.294895</timestamp>
			</report>
			<report>
				<misses>2246001</misses>
				<total>156</total>
				<timestamp>381.464693</timestamp>
			</report>
			<report>
				<misses>2247001</misses>
				<total>156</total>
				<timestamp>381.634523</timestamp>
			</report>
			<report>
				<misses>2248001</misses>
				<total>156</total>
				<timestamp>381.804364</timestamp>
			</report>
			<report>
				<misses>2249001</misses>
				<total>156</total>
				<timestamp>381.974208</timestamp>
			</report>
			<report>
				<misses>2250001</misses>
				<total>155</total>
				<timestamp>382.144107</timestamp>
			</report>
			<report>
				<misses>2251001</misses>
				<total>156</total>
				<timestamp>382.313861</timestamp>
			</report>
			<report>
				<misses>2252001</misses>
				<total>156</total>
				<timestamp>382.483675</timestamp>
			</report>
			<report>
				<misses>2253001</misses>
				<total>156</total>
				<timestamp>382.653496</timestamp>
			</report>
			<report>
				<misses>2254001</misses>
				<total>156</total>
				<timestamp>382.823331</timestamp>
			</report>
			<report>
				<misses>2255001</misses>
				<total>156</total>
				<timestamp>382.993178</timestamp>
			</report>
			<report>
				<misses>2256001</misses>
				<total>156</total>
				<timestamp>383.163064</timestamp>
			</report>
			<report>
				<misses>2257001</misses>
				<total>156</total>
				<timestamp>383.332825</timestamp>
			</report>
			<report>
				<misses>2258001</misses>
				<total>156</total>
				<timestamp>383.502666</timestamp>
			</report>
			<report>
				<misses>2259001</misses>
				<total>156</total>
				<timestamp>383.672533</timestamp>
			</report>
			<report>
				<misses>2260001</misses>
				<total>156</total>
				<timestamp>383.842321</timestamp>
			</report>
			<report>
				<misses>2261001</misses>
				<total>156</total>
				<timestamp>384.012203</timestamp>
			</report>
			<report>
				<misses>2262001</misses>
				<total>155</total>
				<timestamp>384.182098</timestamp>
			</report>
			<report>
				<misses>2263001</misses>
				<total>156</total>
				<timestamp>384.351824</timestamp>
			</report>
			<report>
				<misses>2264001</misses>
				<total>156</total>
				<timestamp>384.521630</timestamp>
			</report>
			<report>
				<misses>2265001</misses>
				<total>156</total>
				<timestamp>384.691472</timestamp>
			</report>
			<report>
				<misses>2266001</misses>
				<total>156</total>
				<timestamp>384.861300</timestamp>
			</report>
			<report>
				<misses>2267001</misses>
				<total>155</total>
				<timestamp>385.031184</timestamp>
			</report>
			<report>
				<misses>2268001</misses>
				<total>155</total>
				<timestamp>385.201081</timestamp>
			</report>
			<report>
				<misses>2269001</misses>
				<total>156</total>
				<timestamp>385.370790</timestamp>
			</report>
			<report>
				<misses>2270001</misses>
				<total>156</total>
				<timestamp>385.540634</timestamp>
			</report>
			<report>
				<misses>2271001</misses>
				<total>156</total>
				<timestamp>385.710451</timestamp>
			</report>
			<report>
				<misses>2272001</misses>
				<total>155</total>
				<timestamp>385.880308</timestamp>
			</report>
			<report>
				<misses>2273001</misses>
				<total>156</total>
				<timestamp>386.050133</timestamp>
			</report>
			<report>
				<misses>2274001</misses>
				<total>157</total>
				<timestamp>386.220092</timestamp>
			</report>
			<report>
				<misses>2275001</misses>
				<total>159</total>
				<timestamp>386.389798</timestamp>
			</report>
			<report>
				<misses>2276001</misses>
				<total>159</total>
				<timestamp>386.559594</timestamp>
			</report>
			<report>
				<misses>2277001</misses>
				<total>159</total>
				<timestamp>386.729441</timestamp>
			</report>
			<report>
				<misses>2278001</misses>
				<total>158</total>
				<timestamp>386.899326</timestamp>
			</report>
			<report>
				<misses>2279001</misses>
				<total>158</total>
				<timestamp>387.069174</timestamp>
			</report>
			<report>
				<misses>2280001</misses>
				<total>159</total>
				<timestamp>387.238953</timestamp>
			</report>
			<report>
				<misses>2281001</misses>
				<total>159</total>
				<timestamp>387.408758</timestamp>
			</report>
			<report>
				<misses>2282001</misses>
				<total>159</total>
				<timestamp>387.578579</timestamp>
			</report>
			<report>
				<misses>2283001</misses>
				<total>159</total>
				<timestamp>387.748412</timestamp>
			</report>
			<report>
				<misses>2284001</misses>
				<total>158</total>
				<timestamp>387.918313</timestamp>
			</report>
			<report>
				<misses>2285001</misses>
				<total>158</total>
				<timestamp>388.088168</timestamp>
			</report>
			<report>
				<misses>2286001</misses>
				<total>159</total>
				<timestamp>388.257971</timestamp>
			</report>
			<report>
				<misses>2287001</misses>
				<total>159</total>
				<timestamp>388.427734</timestamp>
			</report>
			<report>
				<misses>2288001</misses>
				<total>159</total>
				<timestamp>388.597550</timestamp>
			</report>
			<report>
				<misses>2289001</misses>
				<total>159</total>
				<timestamp>388.767457</timestamp>
			</report>
			<report>
				<misses>2290001</misses>
				<total>159</total>
				<timestamp>388.937321</timestamp>
			</report>
			<report>
				<misses>2291001</misses>
				<total>159</total>
				<timestamp>389.107151</timestamp>
			</report>
			<report>
				<misses>2292001</misses>
				<total>159</total>
				<timestamp>389.277051</timestamp>
			</report>
			<report>
				<misses>2293001</misses>
				<total>159</total>
				<timestamp>389.447034</timestamp>
			</report>
			<report>
				<misses>2294001</misses>
				<total>159</total>
				<timestamp>389.616865</timestamp>
			</report>
			<report>
				<misses>2295001</misses>
				<total>159</total>
				<timestamp>389.786546</timestamp>
			</report>
			<report>
				<misses>2296001</misses>
				<total>159</total>
				<timestamp>389.956418</timestamp>
			</report>
			<report>
				<misses>2297001</misses>
				<total>158</total>
				<timestamp>390.126377</timestamp>
			</report>
			<report>
				<misses>2298001</misses>
				<total>158</total>
				<timestamp>390.296354</timestamp>
			</report>
			<report>
				<misses>2299001</misses>
				<total>159</total>
				<timestamp>390.466136</timestamp>
			</report>
			<report>
				<misses>2300001</misses>
				<total>159</total>
				<timestamp>390.635942</timestamp>
			</report>
			<report>
				<misses>2301001</misses>
				<total>159</total>
				<timestamp>390.805683</timestamp>
			</report>
			<report>
				<misses>2302001</misses>
				<total>159</total>
				<timestamp>390.975508</timestamp>
			</report>
			<report>
				<misses>2303001</misses>
				<total>159</total>
				<timestamp>391.145408</timestamp>
			</report>
			<report>
				<misses>2304001</misses>
				<total>159</total>
				<timestamp>391.315307</timestamp>
			</report>
			<report>
				<misses>2305001</misses>
				<total>159</total>
				<timestamp>391.485062</timestamp>
			</report>
			<report>
				<misses>2306001</misses>
				<total>159</total>
				<timestamp>391.654845</timestamp>
			</report>
			<report>
				<misses>2307001</misses>
				<total>159</total>
				<timestamp>391.824729</timestamp>
			</report>
			<report>
				<misses>2308001</misses>
				<total>159</total>
				<timestamp>391.994507</timestamp>
			</report>
			<report>
				<misses>2309001</misses>
				<total>162</total>
				<timestamp>392.164377</timestamp>
			</report>
			<report>
				<misses>2310001</misses>
				<total>161</total>
				<timestamp>392.334354</timestamp>
			</report>
			<report>
				<misses>2311001</misses>
				<total>161</total>
				<timestamp>392.504288</timestamp>
			</report>
			<report>
				<misses>2312001</misses>
				<total>161</total>
				<timestamp>392.674145</timestamp>
			</report>
			<report>
				<misses>2313001</misses>
				<total>162</total>
				<timestamp>392.843910</timestamp>
			</report>
			<report>
				<misses>2314001</misses>
				<total>162</total>
				<timestamp>393.013672</timestamp>
			</report>
			<report>
				<misses>2315001</misses>
				<total>162</total>
				<timestamp>393.183512</timestamp>
			</report>
			<report>
				<misses>2316001</misses>
				<total>161</total>
				<timestamp>393.353514</timestamp>
			</report>
			<report>
				<misses>2317001</misses>
				<total>162</total>
				<timestamp>393.523315</timestamp>
			</report>
			<report>
				<misses>2318001</misses>
				<total>162</total>
				<timestamp>393.693180</timestamp>
			</report>
			<report>
				<misses>2319001</misses>
				<total>161</total>
				<timestamp>393.863091</timestamp>
			</report>
			<report>
				<misses>2320001</misses>
				<total>162</total>
				<timestamp>394.032919</timestamp>
			</report>
			<report>
				<misses>2321001</misses>
				<total>162</total>
				<timestamp>394.202685</timestamp>
			</report>
			<report>
				<misses>2322001</misses>
				<total>162</total>
				<timestamp>394.372534</timestamp>
			</report>
			<report>
				<misses>2323001</misses>
				<total>162</total>
				<timestamp>394.542347</timestamp>
			</report>
			<report>
				<misses>2324001</misses>
				<total>161</total>
				<timestamp>394.712235</timestamp>
			</report>
			<report>
				<misses>2325001</misses>
				<total>162</total>
				<timestamp>394.882137</timestamp>
			</report>
			<report>
				<misses>2326001</misses>
				<total>162</total>
				<timestamp>395.052088</timestamp>
			</report>
			<report>
				<misses>2327001</misses>
				<total>162</total>
				<timestamp>395.221865</timestamp>
			</report>
			<report>
				<misses>2328001</misses>
				<total>162</total>
				<timestamp>395.391639</timestamp>
			</report>
			<report>
				<misses>2329001</misses>
				<total>162</total>
				<timestamp>395.561552</timestamp>
			</report>
			<report>
				<misses>2330001</misses>
				<total>162</total>
				<timestamp>395.731264</timestamp>
			</report>
			<report>
				<misses>2331001</misses>
				<total>162</total>
				<timestamp>395.901217</timestamp>
			</report>
			<report>
				<misses>2332001</misses>
				<total>161</total>
				<timestamp>396.071068</timestamp>
			</report>
			<report>
				<misses>2333001</misses>
				<total>162</total>
				<timestamp>396.240754</timestamp>
			</report>
			<report>
				<misses>2334001</misses>
				<total>162</total>
				<timestamp>396.410662</timestamp>
			</report>
			<report>
				<misses>2335001</misses>
				<total>162</total>
				<timestamp>396.580497</timestamp>
			</report>
			<report>
				<misses>2336001</misses>
				<total>162</total>
				<timestamp>396.750259</timestamp>
			</report>
			<report>
				<misses>2337001</misses>
				<total>161</total>
				<timestamp>396.920277</timestamp>
			</report>
			<report>
				<misses>2338001</misses>
				<total>161</total>
				<timestamp>397.090109</timestamp>
			</report>
			<report>
				<misses>2339001</misses>
				<total>161</total>
				<timestamp>397.260043</timestamp>
			</report>
			<report>
				<misses>2340001</misses>
				<total>161</total>
				<timestamp>397.429815</timestamp>
			</report>
			<report>
				<misses>2341001</misses>
				<total>162</total>
				<timestamp>397.599561</timestamp>
			</report>
			<report>
				<misses>2342001</misses>
				<total>162</total>
				<timestamp>397.769401</timestamp>
			</report>
			<report>
				<misses>2343001</misses>
				<total>162</total>
				<timestamp>397.939249</timestamp>
			</report>
			<report>
				<misses>2344001</misses>
				<total>162</total>
				<timestamp>398.109191</timestamp>
			</report>
			<report>
				<misses>2345001</misses>
				<total>161</total>
				<timestamp>398.279058</timestamp>
			</report>
			<report>
				<misses>2346001</misses>
				<total>161</total>
				<timestamp>398.449008</timestamp>
			</report>
			<report>
				<misses>2347001</misses>
				<total>162</total>
				<timestamp>398.618716</timestamp>
			</report>
			<report>
				<misses>2348001</misses>
				<total>162</total>
				<timestamp>398.788531</timestamp>
			</report>
			<report>
				<misses>2349001</misses>
				<total>162</total>
				<timestamp>398.958377</timestamp>
			</report>
			<report>
				<misses>2350001</misses>
				<total>162</total>
				<timestamp>399.128275</timestamp>
			</report>
			<report>
				<misses>2351001</misses>
				<total>162</total>
				<timestamp>399.298033</timestamp>
			</report>
			<report>
				<misses>2352001</misses>
				<total>161</total>
				<timestamp>399.468005</timestamp>
			</report>
			<report>
				<misses>2353001</misses>
				<total>162</total>
				<timestamp>399.637715</timestamp>
			</report>
			<report>
				<misses>2354001</misses>
				<total>162</total>
				<timestamp>399.807600</timestamp>
			</report>
			<report>
				<misses>2355001</misses>
				<total>162</total>
				<timestamp>399.977403</timestamp>
			</report>
			<report>
				<misses>2356001</misses>
				<total>162</total>
				<timestamp>400.147294</timestamp>
			</report>
			<report>
				<misses>2357001</misses>
				<total>161</total>
				<timestamp>400.317187</timestamp>
			</report>
			<report>
				<misses>2358001</misses>
				<total>161</total>
				<timestamp>400.487133</timestamp>
			</report>
			<report>
				<misses>2359001</misses>
				<total>161</total>
				<timestamp>400.657109</timestamp>
			</report>
			<report>
				<misses>2360001</misses>
				<total>161</total>
				<timestamp>400.826985</timestamp>
			</report>
			<report>
				<misses>2361001</misses>
				<total>163</total>
				<timestamp>400.996658</timestamp>
			</report>
			<report>
				<misses>2362001</misses>
				<total>163</total>
				<timestamp>401.166494</timestamp>
			</report>
			<report>
				<misses>2363001</misses>
				<total>163</total>
				<timestamp>401.336364</timestamp>
			</report>
			<report>
				<misses>2364001</misses>
				<total>163</total>
				<timestamp>401.506212</timestamp>
			</report>
			<report>
				<misses>2365001</misses>
				<total>163</total>
				<timestamp>401.676107</timestamp>
			</report>
			<report>
				<misses>2366001</misses>
				<total>163</total>
				<timestamp>401.845829</timestamp>
			</report>
			<report>
				<misses>2367001</misses>
				<total>163</total>
				<timestamp>402.015667</timestamp>
			</report>
			<report>
				<misses>2368001</misses>
				<total>163</total>
				<timestamp>402.185486</timestamp>
			</report>
			<report>
				<misses>2369001</misses>
				<total>163</total>
				<timestamp>402.355306</timestamp>
			</report>
			<report>
				<misses>2370001</misses>
				<total>162</total>
				<timestamp>402.525192</timestamp>
			</report>
			<report>
				<misses>2371001</misses>
				<total>163</total>
				<timestamp>402.695039</timestamp>
			</report>
			<report>
				<misses>2372001</misses>
				<total>163</total>
				<timestamp>402.864816</timestamp>
			</report>
			<report>
				<misses>2373001</misses>
				<total>163</total>
				<timestamp>403.034638</timestamp>
			</report>
			<report>
				<misses>2374001</misses>
				<total>163</total>
				<timestamp>403.204482</timestamp>
			</report>
			<report>
				<misses>2375001</misses>
				<total>163</total>
				<timestamp>403.374294</timestamp>
			</report>
			<report>
				<misses>2376001</misses>
				<total>162</total>
				<timestamp>403.544203</timestamp>
			</report>
			<report>
				<misses>2377001</misses>
				<total>162</total>
				<timestamp>403.714072</timestamp>
			</report>
			<report>
				<misses>2378001</misses>
				<total>163</total>
				<timestamp>403.883815</timestamp>
			</report>
			<report>
				<misses>2379001</misses>
				<total>163</total>
				<timestamp>404.053629</timestamp>
			</report>
			<report>
				<misses>2380001</misses>
				<total>163</total>
				<timestamp>404.223445</timestamp>
			</report>
			<report>
				<misses>2381001</misses>
				<total>163</total>
				<timestamp>404.393269</timestamp>
			</report>
			<report>
				<misses>2382001</misses>
				<total>162</total>
				<timestamp>404.563197</timestamp>
			</report>
			<report>
				<misses>2383001</misses>
				<total>163</total>
				<timestamp>404.732968</timestamp>
			</report>
			<report>
				<misses>2384001</misses>
				<total>163</total>
				<timestamp>404.902767</timestamp>
			</report>
			<report>
				<misses>2385001</misses>
				<total>163</total>
				<timestamp>405.072598</timestamp>
			</report>
			<report>
				<misses>2386001</misses>
				<total>163</total>
				<timestamp>405.242436</timestamp>
			</report>
			<report>
				<misses>2387001</misses>
				<total>163</total>
				<timestamp>405.412260</timestamp>
			</report>
			<report>
				<misses>2388001</misses>
				<total>162</total>
				<timestamp>405.582196</timestamp>
			</report>
			<report>
				<misses>2389001</misses>
				<total>163</total>
				<timestamp>405.751967</timestamp>
			</report>
			<report>
				<misses>2390001</misses>
				<total>163</total>
				<timestamp>405.921761</timestamp>
			</report>
			<report>
				<misses>2391001</misses>
				<total>163</total>
				<timestamp>406.091564</timestamp>
			</report>
			<report>
				<misses>2392001</misses>
				<total>163</total>
				<timestamp>406.261405</timestamp>
			</report>
			<report>
				<misses>2393001</misses>
				<total>163</total>
				<timestamp>406.431227</timestamp>
			</report>
			<report>
				<misses>2394001</misses>
				<total>166</total>
				<timestamp>406.601168</timestamp>
			</report>
			<report>
				<misses>2395001</misses>
				<total>166</total>
				<timestamp>406.771029</timestamp>
			</report>
			<report>
				<misses>2396001</misses>
				<total>166</total>
				<timestamp>406.940747</timestamp>
			</report>
			<report>
				<misses>2397001</misses>
				<total>166</total>
				<timestamp>407.110608</timestamp>
			</report>
			<report>
				<misses>2398001</misses>
				<total>166</total>
				<timestamp>407.280451</timestamp>
			</report>
			<report>
				<misses>2399001</misses>
				<total>166</total>
				<timestamp>407.450344</timestamp>
			</report>
			<report>
				<misses>2400001</misses>
				<total>165</total>
				<timestamp>407.620228</timestamp>
			</report>
			<report>
				<misses>2401001</misses>
				<total>166</total>
				<timestamp>407.790162</timestamp>
			</report>
			<report>
				<misses>2402001</misses>
				<total>165</total>
				<timestamp>407.960047</timestamp>
			</report>
			<report>
				<misses>2403001</misses>
				<total>165</total>
				<timestamp>408.130073</timestamp>
			</report>
			<report>
				<misses>2404001</misses>
				<total>166</total>
				<timestamp>408.300071</timestamp>
			</report>
			<report>
				<misses>2405001</misses>
				<total>166</total>
				<timestamp>408.470016</timestamp>
			</report>
			<report>
				<misses>2406001</misses>
				<total>166</total>
				<timestamp>408.639781</timestamp>
			</report>
			<report>
				<misses>2407001</misses>
				<total>166</total>
				<timestamp>408.809550</timestamp>
			</report>
			<report>
				<misses>2408001</misses>
				<total>166</total>
				<timestamp>408.979456</timestamp>
			</report>
			<report>
				<misses>2409001</misses>
				<total>166</total>
				<timestamp>409.149319</timestamp>
			</report>
			<report>
				<misses>2410001</misses>
				<total>166</total>
				<timestamp>409.319175</timestamp>
			</report>
			<report>
				<misses>2411001</misses>
				<total>165</total>
				<timestamp>409.488954</timestamp>
			</report>
			<report>
				<misses>2412001</misses>
				<total>166</total>
				<timestamp>409.658764</timestamp>
			</report>
			<report>
				<misses>2413001</misses>
				<total>166</total>
				<timestamp>409.828570</timestamp>
			</report>
			<report>
				<misses>2414001</misses>
				<total>166</total>
				<timestamp>409.998351</timestamp>
			</report>
			<report>
				<misses>2415001</misses>
				<total>166</total>
				<timestamp>410.168258</timestamp>
			</report>
			<report>
				<misses>2416001</misses>
				<total>165</total>
				<timestamp>410.338163</timestamp>
			</report>
			<report>
				<misses>2417001</misses>
				<total>165</total>
				<timestamp>410.508001</timestamp>
			</report>
			<report>
				<misses>2418001</misses>
				<total>166</total>
				<timestamp>410.677683</timestamp>
			</report>
			<report>
				<misses>2419001</misses>
				<total>166</total>
				<timestamp>410.847616</timestamp>
			</report>
			<report>
				<misses>2420001</misses>
				<total>166</total>
				<timestamp>411.017384</timestamp>
			</report>
			<report>
				<misses>2421001</misses>
				<total>166</total>
				<timestamp>411.187255</timestamp>
			</report>
			<report>
				<misses>2422001</misses>
				<total>166</total>
				<timestamp>411.357100</timestamp>
			</report>
			<report>
				<misses>2423001</misses>
				<total>165</total>
				<timestamp>411.527073</timestamp>
			</report>
			<report>
				<misses>2424001</misses>
				<total>166</total>
				<timestamp>411.696998</timestamp>
			</report>
			<report>
				<misses>2425001</misses>
				<total>165</total>
				<timestamp>411.867013</timestamp>
			</report>
			<report>
				<misses>2426001</misses>
				<total>165</total>
				<timestamp>412.037019</timestamp>
			</report>
			<report>
				<misses>2427001</misses>
				<total>165</total>
				<timestamp>412.206958</timestamp>
			</report>
			<report>
				<misses>2428001</misses>
				<total>166</total>
				<timestamp>412.376759</timestamp>
			</report>
			<report>
				<misses>2429001</misses>
				<total>166</total>
				<timestamp>412.546602</timestamp>
			</report>
			<report>
				<misses>2430001</misses>
				<total>166</total>
				<timestamp>412.716337</timestamp>
			</report>
			<report>
				<misses>2431001</misses>
				<total>166</total>
				<timestamp>412.886230</timestamp>
			</report>
			<report>
				<misses>2432001</misses>
				<total>165</total>
				<timestamp>413.056080</timestamp>
			</report>
			<report>
				<misses>2433001</misses>
				<total>166</total>
				<timestamp>413.225931</timestamp>
			</report>
			<report>
				<misses>2434001</misses>
				<total>166</total>
				<timestamp>413.395675</timestamp>
			</report>
			<report>
				<misses>2435001</misses>
				<total>166</total>
				<timestamp>413.565591</timestamp>
			</report>
			<report>
				<misses>2436001</misses>
				<total>166</total>
				<timestamp>413.735329</timestamp>
			</report>
			<report>
				<misses>2437001</misses>
				<total>166</total>
				<timestamp>413.905214</timestamp>
			</report>
			<report>
				<misses>2438001</misses>
				<total>166</total>
				<timestamp>414.075008</timestamp>
			</report>
			<report>
				<misses>2439001</misses>
				<total>166</total>
				<timestamp>414.245014</timestamp>
			</report>
			<report>
				<misses>2440001</misses>
				<total>165</total>
				<timestamp>414.414952</timestamp>
			</report>
			<report>
				<misses>2441001</misses>
				<total>166</total>
				<timestamp>414.584923</timestamp>
			</report>
			<report>
				<misses>2442001</misses>
				<total>166</total>
				<timestamp>414.754652</timestamp>
			</report>
			<report>
				<misses>2443001</misses>
				<total>166</total>
				<timestamp>414.924576</timestamp>
			</report>
			<report>
				<misses>2444001</misses>
				<total>166</total>
				<timestamp>415.094250</timestamp>
			</report>
			<report>
				<misses>2445001</misses>
				<total>166</total>
				<timestamp>415.264133</timestamp>
			</report>
			<report>
				<misses>2446001</misses>
				<total>166</total>
				<timestamp>415.433962</timestamp>
			</report>
			<report>
				<misses>2447001</misses>
				<total>165</total>
				<timestamp>415.603973</timestamp>
			</report>
			<report>
				<misses>2448001</misses>
				<total>166</total>
				<timestamp>415.773782</timestamp>
			</report>
			<report>
				<misses>2449001</misses>
				<total>166</total>
				<timestamp>415.943642</timestamp>
			</report>
			<report>
				<misses>2450001</misses>
				<total>166</total>
				<timestamp>416.113408</timestamp>
			</report>
			<report>
				<misses>2451001</misses>
				<total>166</total>
				<timestamp>416.283255</timestamp>
			</report>
			<report>
				<misses>2452001</misses>
				<total>166</total>
				<timestamp>416.453072</timestamp>
			</report>
			<report>
				<misses>2453001</misses>
				<total>167</total>
				<timestamp>416.622995</timestamp>
			</report>
			<report>
				<misses>2454001</misses>
				<total>168</total>
				<timestamp>416.792781</timestamp>
			</report>
			<report>
				<misses>2455001</misses>
				<total>168</total>
				<timestamp>416.962592</timestamp>
			</report>
			<report>
				<misses>2456001</misses>
				<total>168</total>
				<timestamp>417.132395</timestamp>
			</report>
			<report>
				<misses>2457001</misses>
				<total>168</total>
				<timestamp>417.302231</timestamp>
			</report>
			<report>
				<misses>2458001</misses>
				<total>168</total>
				<timestamp>417.472247</timestamp>
			</report>
			<report>
				<misses>2459001</misses>
				<total>167</total>
				<timestamp>417.642135</timestamp>
			</report>
			<report>
				<misses>2460001</misses>
				<total>168</total>
				<timestamp>417.812113</timestamp>
			</report>
			<report>
				<misses>2461001</misses>
				<total>167</total>
				<timestamp>417.982117</timestamp>
			</report>
			<report>
				<misses>2462001</misses>
				<total>167</total>
				<timestamp>418.151986</timestamp>
			</report>
			<report>
				<misses>2463001</misses>
				<total>168</total>
				<timestamp>418.321792</timestamp>
			</report>
			<report>
				<misses>2464001</misses>
				<total>168</total>
				<timestamp>418.491544</timestamp>
			</report>
			<report>
				<misses>2465001</misses>
				<total>168</total>
				<timestamp>418.661381</timestamp>
			</report>
			<report>
				<misses>2466001</misses>
				<total>168</total>
				<timestamp>418.831243</timestamp>
			</report>
			<report>
				<misses>2467001</misses>
				<total>167</total>
				<timestamp>419.001128</timestamp>
			</report>
			<report>
				<misses>2468001</misses>
				<total>168</total>
				<timestamp>419.170972</timestamp>
			</report>
			<report>
				<misses>2469001</misses>
				<total>168</total>
				<timestamp>419.340732</timestamp>
			</report>
			<report>
				<misses>2470001</misses>
				<total>168</total>
				<timestamp>419.510527</timestamp>
			</report>
			<report>
				<misses>2471001</misses>
				<total>168</total>
				<timestamp>419.680393</timestamp>
			</report>
			<report>
				<misses>2472001</misses>
				<total>168</total>
				<timestamp>419.850187</timestamp>
			</report>
			<report>
				<misses>2473001</misses>
				<total>168</total>
				<timestamp>420.020092</timestamp>
			</report>
			<report>
				<misses>2474001</misses>
				<total>168</total>
				<timestamp>420.189891</timestamp>
			</report>
			<report>
				<misses>2475001</misses>
				<total>168</total>
				<timestamp>420.359668</timestamp>
			</report>
			<report>
				<misses>2476001</misses>
				<total>168</total>
				<timestamp>420.529610</timestamp>
			</report>
			<report>
				<misses>2477001</misses>
				<total>168</total>
				<timestamp>420.699358</timestamp>
			</report>
			<report>
				<misses>2478001</misses>
				<total>168</total>
				<timestamp>420.869169</timestamp>
			</report>
			<report>
				<misses>2479001</misses>
				<total>167</total>
				<timestamp>421.039104</timestamp>
			</report>
			<report>
				<misses>2480001</misses>
				<total>168</total>
				<timestamp>421.208869</timestamp>
			</report>
			<report>
				<misses>2481001</misses>
				<total>168</total>
				<timestamp>421.378672</timestamp>
			</report>
			<report>
				<misses>2482001</misses>
				<total>168</total>
				<timestamp>421.548482</timestamp>
			</report>
			<report>
				<misses>2483001</misses>
				<total>168</total>
				<timestamp>421.718315</timestamp>
			</report>
			<report>
				<misses>2484001</misses>
				<total>168</total>
				<timestamp>421.888163</timestamp>
			</report>
			<report>
				<misses>2485001</misses>
				<total>167</total>
				<timestamp>422.058096</timestamp>
			</report>
			<report>
				<misses>2486001</misses>
				<total>168</total>
				<timestamp>422.227881</timestamp>
			</report>
			<report>
				<misses>2487001</misses>
				<total>168</total>
				<timestamp>422.397630</timestamp>
			</report>
			<report>
				<misses>2488001</misses>
				<total>168</total>
				<timestamp>422.567501</timestamp>
			</report>
			<report>
				<misses>2489001</misses>
				<total>168</total>
				<timestamp>422.737310</timestamp>
			</report>
			<report>
				<misses>2490001</misses>
				<total>168</total>
				<timestamp>422.907128</timestamp>
			</report>
			<report>
				<misses>2491001</misses>
				<total>168</total>
				<timestamp>423.076957</timestamp>
			</report>
			<report>
				<misses>2492001</misses>
				<total>168</total>
				<timestamp>423.246863</timestamp>
			</report>
			<report>
				<misses>2493001</misses>
				<total>168</total>
				<timestamp>423.416746</timestamp>
			</report>
			<report>
				<misses>2494001</misses>
				<total>168</total>
				<timestamp>423.586503</timestamp>
			</report>
			<report>
				<misses>2495001</misses>
				<total>168</total>
				<timestamp>423.756301</timestamp>
			</report>
			<report>
				<misses>2496001</misses>
				<total>168</total>
				<timestamp>423.926174</timestamp>
			</report>
			<report>
				<misses>2497001</misses>
				<total>168</total>
				<timestamp>424.096002</timestamp>
			</report>
			<report>
				<misses>2498001</misses>
				<total>168</total>
				<timestamp>424.265889</timestamp>
			</report>
			<report>
				<misses>2499001</misses>
				<total>168</total>
				<timestamp>424.435615</timestamp>
			</report>
			<report>
				<misses>2500001</misses>
				<total>168</total>
				<timestamp>424.605498</timestamp>
			</report>
			<report>
				<misses>2501001</misses>
				<total>168</total>
				<timestamp>424.775287</timestamp>
			</report>
			<report>
				<misses>2502001</misses>
				<total>168</total>
				<timestamp>424.945111</timestamp>
			</report>
			<report>
				<misses>2503001</misses>
				<total>168</total>
				<timestamp>425.114953</timestamp>
			</report>
			<report>
				<misses>2504001</misses>
				<total>168</total>
				<timestamp>425.284847</timestamp>
			</report>
			<report>
				<misses>2505001</misses>
				<total>168</total>
				<timestamp>425.454640</timestamp>
			</report>
			<report>
				<misses>2506001</misses>
				<total>168</total>
				<timestamp>425.624445</timestamp>
			</report>
			<report>
				<misses>2507001</misses>
				<total>168</total>
				<timestamp>425.794445</timestamp>
			</report>
			<report>
				<misses>2508001</misses>
				<total>168</total>
				<timestamp>425.964344</timestamp>
			</report>
			<report>
				<misses>2509001</misses>
				<total>168</total>
				<timestamp>426.134185</timestamp>
			</report>
			<report>
				<misses>2510001</misses>
				<total>167</total>
				<timestamp>426.303958</timestamp>
			</report>
			<report>
				<misses>2511001</misses>
				<total>168</total>
				<timestamp>426.473909</timestamp>
			</report>
			<report>
				<misses>2512001</misses>
				<total>167</total>
				<timestamp>426.643832</timestamp>
			</report>
			<report>
				<misses>2513001</misses>
				<total>168</total>
				<timestamp>426.813564</timestamp>
			</report>
			<report>
				<misses>2514001</misses>
				<total>168</total>
				<timestamp>426.983373</timestamp>
			</report>
			<report>
				<misses>2515001</misses>
				<total>168</total>
				<timestamp>427.153248</timestamp>
			</report>
			<report>
				<misses>2516001</misses>
				<total>168</total>
				<timestamp>427.323070</timestamp>
			</report>
			<report>
				<misses>2517001</misses>
				<total>168</total>
				<timestamp>427.492934</timestamp>
			</report>
			<report>
				<misses>2518001</misses>
				<total>167</total>
				<timestamp>427.662824</timestamp>
			</report>
			<report>
				<misses>2519001</misses>
				<total>168</total>
				<timestamp>427.832569</timestamp>
			</report>
			<report>
				<misses>2520001</misses>
				<total>168</total>
				<timestamp>428.002365</timestamp>
			</report>
			<report>
				<misses>2521001</misses>
				<total>168</total>
				<timestamp>428.172204</timestamp>
			</report>
			<report>
				<misses>2522001</misses>
				<total>168</total>
				<timestamp>428.342081</timestamp>
			</report>
			<report>
				<misses>2523001</misses>
				<total>167</total>
				<timestamp>428.512050</timestamp>
			</report>
			<report>
				<misses>2524001</misses>
				<total>168</total>
				<timestamp>428.681979</timestamp>
			</report>
			<report>
				<misses>2525001</misses>
				<total>168</total>
				<timestamp>428.851732</timestamp>
			</report>
			<report>
				<misses>2526001</misses>
				<total>168</total>
				<timestamp>429.021517</timestamp>
			</report>
			<report>
				<misses>2527001</misses>
				<total>168</total>
				<timestamp>429.191342</timestamp>
			</report>
			<report>
				<misses>2528001</misses>
				<total>168</total>
				<timestamp>429.361194</timestamp>
			</report>
			<report>
				<misses>2529001</misses>
				<total>168</total>
				<timestamp>429.531049</timestamp>
			</report>
			<report>
				<misses>2530001</misses>
				<total>167</total>
				<timestamp>429.700909</timestamp>
			</report>
			<report>
				<misses>2531001</misses>
				<total>168</total>
				<timestamp>429.870850</timestamp>
			</report>
			<report>
				<misses>2532001</misses>
				<total>168</total>
				<timestamp>430.040744</timestamp>
			</report>
			<report>
				<misses>2533001</misses>
				<total>168</total>
				<timestamp>430.210478</timestamp>
			</report>
			<report>
				<misses>2534001</misses>
				<total>167</total>
				<timestamp>430.380402</timestamp>
			</report>
			<report>
				<misses>2535001</misses>
				<total>168</total>
				<timestamp>430.550157</timestamp>
			</report>
			<report>
				<misses>2536001</misses>
				<total>168</total>
				<timestamp>430.720056</timestamp>
			</report>
			<report>
				<misses>2537001</misses>
				<total>168</total>
				<timestamp>430.889883</timestamp>
			</report>
			<report>
				<misses>2538001</misses>
				<total>168</total>
				<timestamp>431.059700</timestamp>
			</report>
			<report>
				<misses>2539001</misses>
				<total>168</total>
				<timestamp>431.229475</timestamp>
			</report>
			<report>
				<misses>2540001</misses>
				<total>168</total>
				<timestamp>431.399382</timestamp>
			</report>
			<report>
				<misses>2541001</misses>
				<total>168</total>
				<timestamp>431.569163</timestamp>
			</report>
			<report>
				<misses>2542001</misses>
				<total>168</total>
				<timestamp>431.738988</timestamp>
			</report>
			<report>
				<misses>2543001</misses>
				<total>168</total>
				<timestamp>431.908896</timestamp>
			</report>
			<report>
				<misses>2544001</misses>
				<total>168</total>
				<timestamp>432.078815</timestamp>
			</report>
			<report>
				<misses>2545001</misses>
				<total>168</total>
				<timestamp>432.248660</timestamp>
			</report>
			<report>
				<misses>2546001</misses>
				<total>168</total>
				<timestamp>432.418454</timestamp>
			</report>
			<report>
				<misses>2547001</misses>
				<total>168</total>
				<timestamp>432.588342</timestamp>
			</report>
			<report>
				<misses>2548001</misses>
				<total>168</total>
				<timestamp>432.758107</timestamp>
			</report>
			<report>
				<misses>2549001</misses>
				<total>167</total>
				<timestamp>432.928007</timestamp>
			</report>
			<report>
				<misses>2550001</misses>
				<total>167</total>
				<timestamp>433.097918</timestamp>
			</report>
			<report>
				<misses>2551001</misses>
				<total>168</total>
				<timestamp>433.267614</timestamp>
			</report>
			<report>
				<misses>2552001</misses>
				<total>168</total>
				<timestamp>433.437420</timestamp>
			</report>
			<report>
				<misses>2553001</misses>
				<total>168</total>
				<timestamp>433.607267</timestamp>
			</report>
			<report>
				<misses>2554001</misses>
				<total>168</total>
				<timestamp>433.777086</timestamp>
			</report>
			<report>
				<misses>2555001</misses>
				<total>167</total>
				<timestamp>433.947004</timestamp>
			</report>
			<report>
				<misses>2556001</misses>
				<total>168</total>
				<timestamp>434.116823</timestamp>
			</report>
			<report>
				<misses>2557001</misses>
				<total>168</total>
				<timestamp>434.286594</timestamp>
			</report>
			<report>
				<misses>2558001</misses>
				<total>168</total>
				<timestamp>434.456463</timestamp>
			</report>
			<report>
				<misses>2559001</misses>
				<total>168</total>
				<timestamp>434.626262</timestamp>
			</report>
			<report>
				<misses>2560001</misses>
				<total>168</total>
				<timestamp>434.796073</timestamp>
			</report>
			<report>
				<misses>2561001</misses>
				<total>167</total>
				<timestamp>434.965930</timestamp>
			</report>
			<report>
				<misses>2562001</misses>
				<total>168</total>
				<timestamp>435.135788</timestamp>
			</report>
			<report>
				<misses>2563001</misses>
				<total>168</total>
				<timestamp>435.305561</timestamp>
			</report>
			<report>
				<misses>2564001</misses>
				<total>168</total>
				<timestamp>435.475392</timestamp>
			</report>
			<report>
				<misses>2565001</misses>
				<total>168</total>
				<timestamp>435.645210</timestamp>
			</report>
			<report>
				<misses>2566001</misses>
				<total>168</total>
				<timestamp>435.815053</timestamp>
			</report>
			<report>
				<misses>2567001</misses>
				<total>168</total>
				<timestamp>435.984920</timestamp>
			</report>
			<report>
				<misses>2568001</misses>
				<total>167</total>
				<timestamp>436.154788</timestamp>
			</report>
			<report>
				<misses>2569001</misses>
				<total>168</total>
				<timestamp>436.324562</timestamp>
			</report>
			<report>
				<misses>2570001</misses>
				<total>168</total>
				<timestamp>436.494403</timestamp>
			</report>
			<report>
				<misses>2571001</misses>
				<total>168</total>
				<timestamp>436.664194</timestamp>
			</report>
			<report>
				<misses>2572001</misses>
				<total>168</total>
				<timestamp>436.834044</timestamp>
			</report>
			<report>
				<misses>2573001</misses>
				<total>167</total>
				<timestamp>437.003994</timestamp>
			</report>
			<report>
				<misses>2574001</misses>
				<total>168</total>
				<timestamp>437.173778</timestamp>
			</report>
			<report>
				<misses>2575001</misses>
				<total>168</total>
				<timestamp>437.343520</timestamp>
			</report>
			<report>
				<misses>2576001</misses>
				<total>168</total>
				<timestamp>437.513336</timestamp>
			</report>
			<report>
				<misses>2577001</misses>
				<total>168</total>
				<timestamp>437.683191</timestamp>
			</report>
			<report>
				<misses>2578001</misses>
				<total>168</total>
				<timestamp>437.853005</timestamp>
			</report>
			<report>
				<misses>2579001</misses>
				<total>168</total>
				<timestamp>438.022859</timestamp>
			</report>
			<report>
				<misses>2580001</misses>
				<total>167</total>
				<timestamp>438.192779</timestamp>
			</report>
			<report>
				<misses>2581001</misses>
				<total>168</total>
				<timestamp>438.362499</timestamp>
			</report>
			<report>
				<misses>2582001</misses>
				<total>168</total>
				<timestamp>438.532418</timestamp>
			</report>
			<report>
				<misses>2583001</misses>
				<total>168</total>
				<timestamp>438.702207</timestamp>
			</report>
			<report>
				<misses>2584001</misses>
				<total>168</total>
				<timestamp>438.871993</timestamp>
			</report>
			<report>
				<misses>2585001</misses>
				<total>168</total>
				<timestamp>439.041832</timestamp>
			</report>
			<report>
				<misses>2586001</misses>
				<total>167</total>
				<timestamp>439.211772</timestamp>
			</report>
			<report>
				<misses>2587001</misses>
				<total>168</total>
				<timestamp>439.381478</timestamp>
			</report>
			<report>
				<misses>2588001</misses>
				<total>168</total>
				<timestamp>439.551310</timestamp>
			</report>
			<report>
				<misses>2589001</misses>
				<total>168</total>
				<timestamp>439.721130</timestamp>
			</report>
			<report>
				<misses>2590001</misses>
				<total>168</total>
				<timestamp>439.891033</timestamp>
			</report>
			<report>
				<misses>2591001</misses>
				<total>168</total>
				<timestamp>440.060862</timestamp>
			</report>
			<report>
				<misses>2592001</misses>
				<total>167</total>
				<timestamp>440.230829</timestamp>
			</report>
			<report>
				<misses>2593001</misses>
				<total>167</total>
				<timestamp>440.400908</timestamp>
			</report>
			<report>
				<misses>2594001</misses>
				<total>167</total>
				<timestamp>440.570810</timestamp>
			</report>
			<report>
				<misses>2595001</misses>
				<total>167</total>
				<timestamp>440.740871</timestamp>
			</report>
			<report>
				<misses>2596001</misses>
				<total>168</total>
				<timestamp>440.910846</timestamp>
			</report>
			<report>
				<misses>2597001</misses>
				<total>168</total>
				<timestamp>441.080838</timestamp>
			</report>
			<report>
				<misses>2598001</misses>
				<total>167</total>
				<timestamp>441.250778</timestamp>
			</report>
			<report>
				<misses>2599001</misses>
				<total>168</total>
				<timestamp>441.420529</timestamp>
			</report>
			<report>
				<misses>2600001</misses>
				<total>168</total>
				<timestamp>441.590374</timestamp>
			</report>
			<report>
				<misses>2601001</misses>
				<total>168</total>
				<timestamp>441.760127</timestamp>
			</report>
			<report>
				<misses>2602001</misses>
				<total>168</total>
				<timestamp>441.930080</timestamp>
			</report>
			<report>
				<misses>2603001</misses>
				<total>168</total>
				<timestamp>442.099858</timestamp>
			</report>
			<report>
				<misses>2604001</misses>
				<total>167</total>
				<timestamp>442.269750</timestamp>
			</report>
			<report>
				<misses>2605001</misses>
				<total>168</total>
				<timestamp>442.439461</timestamp>
			</report>
			<report>
				<misses>2606001</misses>
				<total>168</total>
				<timestamp>442.609289</timestamp>
			</report>
			<report>
				<misses>2607001</misses>
				<total>168</total>
				<timestamp>442.779290</timestamp>
			</report>
			<report>
				<misses>2608001</misses>
				<total>168</total>
				<timestamp>442.949230</timestamp>
			</report>
			<report>
				<misses>2609001</misses>
				<total>168</total>
				<timestamp>443.119032</timestamp>
			</report>
			<report>
				<misses>2610001</misses>
				<total>167</total>
				<timestamp>443.288979</timestamp>
			</report>
			<report>
				<misses>2611001</misses>
				<total>167</total>
				<timestamp>443.458892</timestamp>
			</report>
			<report>
				<misses>2612001</misses>
				<total>167</total>
				<timestamp>443.628761</timestamp>
			</report>
			<report>
				<misses>2613001</misses>
				<total>168</total>
				<timestamp>443.798460</timestamp>
			</report>
			<report>
				<misses>2614001</misses>
				<total>168</total>
				<timestamp>443.968329</timestamp>
			</report>
			<report>
				<misses>2615001</misses>
				<total>168</total>
				<timestamp>444.138173</timestamp>
			</report>
			<report>
				<misses>2616001</misses>
				<total>168</total>
				<timestamp>444.307993</timestamp>
			</report>
			<report>
				<misses>2617001</misses>
				<total>167</total>
				<timestamp>444.477894</timestamp>
			</report>
			<report>
				<misses>2618001</misses>
				<total>168</total>
				<timestamp>444.647583</timestamp>
			</report>
			<report>
				<misses>2619001</misses>
				<total>168</total>
				<timestamp>444.817400</timestamp>
			</report>
			<report>
				<misses>2620001</misses>
				<total>168</total>
				<timestamp>444.987244</timestamp>
			</report>
			<report>
				<misses>2621001</misses>
				<total>168</total>
				<timestamp>445.157185</timestamp>
			</report>
			<report>
				<misses>2622001</misses>
				<total>168</total>
				<timestamp>445.327033</timestamp>
			</report>
			<report>
				<misses>2623001</misses>
				<total>168</total>
				<timestamp>445.496880</timestamp>
			</report>
			<report>
				<misses>2624001</misses>
				<total>168</total>
				<timestamp>445.666609</timestamp>
			</report>
			<report>
				<misses>2625001</misses>
				<total>168</total>
				<timestamp>445.836398</timestamp>
			</report>
			<report>
				<misses>2626001</misses>
				<total>168</total>
				<timestamp>446.006255</timestamp>
			</report>
			<report>
				<misses>2627001</misses>
				<total>168</total>
				<timestamp>446.176057</timestamp>
			</report>
			<report>
				<misses>2628001</misses>
				<total>168</total>
				<timestamp>446.345993</timestamp>
			</report>
			<report>
				<misses>2629001</misses>
				<total>168</total>
				<timestamp>446.515741</timestamp>
			</report>
			<report>
				<misses>2630001</misses>
				<total>168</total>
				<timestamp>446.685580</timestamp>
			</report>
			<report>
				<misses>2631001</misses>
				<total>168</total>
				<timestamp>446.855364</timestamp>
			</report>
			<report>
				<misses>2632001</misses>
				<total>168</total>
				<timestamp>447.025265</timestamp>
			</report>
			<report>
				<misses>2633001</misses>
				<total>168</total>
				<timestamp>447.195026</timestamp>
			</report>
			<report>
				<misses>2634001</misses>
				<total>168</total>
				<timestamp>447.364949</timestamp>
			</report>
			<report>
				<misses>2635001</misses>
				<total>169</total>
				<timestamp>447.534786</timestamp>
			</report>
			<report>
				<misses>2636001</misses>
				<total>169</total>
				<timestamp>447.704522</timestamp>
			</report>
			<report>
				<misses>2637001</misses>
				<total>169</total>
				<timestamp>447.874339</timestamp>
			</report>
			<report>
				<misses>2638001</misses>
				<total>169</total>
				<timestamp>448.044168</timestamp>
			</report>
			<report>
				<misses>2639001</misses>
				<total>169</total>
				<timestamp>448.214057</timestamp>
			</report>
			<report>
				<misses>2640001</misses>
				<total>168</total>
				<timestamp>448.383971</timestamp>
			</report>
			<report>
				<misses>2641001</misses>
				<total>169</total>
				<timestamp>448.553739</timestamp>
			</report>
			<report>
				<misses>2642001</misses>
				<total>169</total>
				<timestamp>448.723490</timestamp>
			</report>
			<report>
				<misses>2643001</misses>
				<total>169</total>
				<timestamp>448.893333</timestamp>
			</report>
			<report>
				<misses>2644001</misses>
				<total>170</total>
				<timestamp>449.063159</timestamp>
			</report>
			<report>
				<misses>2645001</misses>
				<total>170</total>
				<timestamp>449.232992</timestamp>
			</report>
			<report>
				<misses>2646001</misses>
				<total>170</total>
				<timestamp>449.402924</timestamp>
			</report>
			<report>
				<misses>2647001</misses>
				<total>170</total>
				<timestamp>449.572841</timestamp>
			</report>
			<report>
				<misses>2648001</misses>
				<total>170</total>
				<timestamp>449.742851</timestamp>
			</report>
			<report>
				<misses>2649001</misses>
				<total>170</total>
				<timestamp>449.912740</timestamp>
			</report>
			<report>
				<misses>2650001</misses>
				<total>170</total>
				<timestamp>450.082539</timestamp>
			</report>
			<report>
				<misses>2651001</misses>
				<total>170</total>
				<timestamp>450.252299</timestamp>
			</report>
			<report>
				<misses>2652001</misses>
				<total>170</total>
				<timestamp>450.422173</timestamp>
			</report>
			<report>
				<misses>2653001</misses>
				<total>170</total>
				<timestamp>450.591964</timestamp>
			</report>
			<report>
				<misses>2654001</misses>
				<total>171</total>
				<timestamp>450.761804</timestamp>
			</report>
			<report>
				<misses>2655001</misses>
				<total>171</total>
				<timestamp>450.931682</timestamp>
			</report>
			<report>
				<misses>2656001</misses>
				<total>171</total>
				<timestamp>451.101466</timestamp>
			</report>
			<report>
				<misses>2657001</misses>
				<total>171</total>
				<timestamp>451.271288</timestamp>
			</report>
			<report>
				<misses>2658001</misses>
				<total>171</total>
				<timestamp>451.441117</timestamp>
			</report>
			<report>
				<misses>2659001</misses>
				<total>171</total>
				<timestamp>451.610961</timestamp>
			</report>
			<report>
				<misses>2660001</misses>
				<total>171</total>
				<timestamp>451.780807</timestamp>
			</report>
			<report>
				<misses>2661001</misses>
				<total>171</total>
				<timestamp>451.950691</timestamp>
			</report>
			<report>
				<misses>2662001</misses>
				<total>171</total>
				<timestamp>452.120447</timestamp>
			</report>
			<report>
				<misses>2663001</misses>
				<total>171</total>
				<timestamp>452.290272</timestamp>
			</report>
			<report>
				<misses>2664001</misses>
				<total>171</total>
				<timestamp>452.460133</timestamp>
			</report>
			<report>
				<misses>2665001</misses>
				<total>170</total>
				<timestamp>452.629977</timestamp>
			</report>
			<report>
				<misses>2666001</misses>
				<total>171</total>
				<timestamp>452.799790</timestamp>
			</report>
			<report>
				<misses>2667001</misses>
				<total>170</total>
				<timestamp>452.969716</timestamp>
			</report>
			<report>
				<misses>2668001</misses>
				<total>171</total>
				<timestamp>453.139465</timestamp>
			</report>
			<report>
				<misses>2669001</misses>
				<total>171</total>
				<timestamp>453.309335</timestamp>
			</report>
			<report>
				<misses>2670001</misses>
				<total>171</total>
				<timestamp>453.479237</timestamp>
			</report>
			<report>
				<misses>2671001</misses>
				<total>171</total>
				<timestamp>453.648922</timestamp>
			</report>
			<report>
				<misses>2672001</misses>
				<total>171</total>
				<timestamp>453.818839</timestamp>
			</report>
			<report>
				<misses>2673001</misses>
				<total>171</total>
				<timestamp>453.988750</timestamp>
			</report>
			<report>
				<misses>2674001</misses>
				<total>170</total>
				<timestamp>454.158686</timestamp>
			</report>
			<report>
				<misses>2675001</misses>
				<total>171</total>
				<timestamp>454.328397</timestamp>
			</report>
			<report>
				<misses>2676001</misses>
				<total>171</total>
				<timestamp>454.498212</timestamp>
			</report>
			<report>
				<misses>2677001</misses>
				<total>171</total>
				<timestamp>454.668059</timestamp>
			</report>
			<report>
				<misses>2678001</misses>
				<total>171</total>
				<timestamp>454.837889</timestamp>
			</report>
			<report>
				<misses>2679001</misses>
				<total>170</total>
				<timestamp>455.007773</timestamp>
			</report>
			<report>
				<misses>2680001</misses>
				<total>170</total>
				<timestamp>455.177695</timestamp>
			</report>
			<report>
				<misses>2681001</misses>
				<total>171</total>
				<timestamp>455.347376</timestamp>
			</report>
			<report>
				<misses>2682001</misses>
				<total>171</total>
				<timestamp>455.517209</timestamp>
			</report>
			<report>
				<misses>2683001</misses>
				<total>171</total>
				<timestamp>455.687087</timestamp>
			</report>
			<report>
				<misses>2684001</misses>
				<total>172</total>
				<timestamp>455.856859</timestamp>
			</report>
			<report>
				<misses>2685001</misses>
				<total>171</total>
				<timestamp>456.026745</timestamp>
			</report>
			<report>
				<misses>2686001</misses>
				<total>171</total>
				<timestamp>456.196698</timestamp>
			</report>
			<report>
				<misses>2687001</misses>
				<total>171</total>
				<timestamp>456.366659</timestamp>
			</report>
			<report>
				<misses>2688001</misses>
				<total>172</total>
				<timestamp>456.536347</timestamp>
			</report>
			<report>
				<misses>2689001</misses>
				<total>172</total>
				<timestamp>456.706210</timestamp>
			</report>
			<report>
				<misses>2690001</misses>
				<total>172</total>
				<timestamp>456.876025</timestamp>
			</report>
			<report>
				<misses>2691001</misses>
				<total>172</total>
				<timestamp>457.045860</timestamp>
			</report>
			<report>
				<misses>2692001</misses>
				<total>172</total>
				<timestamp>457.215733</timestamp>
			</report>
			<report>
				<misses>2693001</misses>
				<total>172</total>
				<timestamp>457.385571</timestamp>
			</report>
			<report>
				<misses>2694001</misses>
				<total>172</total>
				<timestamp>457.555330</timestamp>
			</report>
			<report>
				<misses>2695001</misses>
				<total>172</total>
				<timestamp>457.725186</timestamp>
			</report>
			<report>
				<misses>2696001</misses>
				<total>172</total>
				<timestamp>457.895085</timestamp>
			</report>
			<report>
				<misses>2697001</misses>
				<total>172</total>
				<timestamp>458.064857</timestamp>
			</report>
			<report>
				<misses>2698001</misses>
				<total>172</total>
				<timestamp>458.234667</timestamp>
			</report>
			<report>
				<misses>2699001</misses>
				<total>171</total>
				<timestamp>458.404629</timestamp>
			</report>
			<report>
				<misses>2700001</misses>
				<total>172</total>
				<timestamp>458.574343</timestamp>
			</report>
			<report>
				<misses>2701001</misses>
				<total>172</total>
				<timestamp>458.744143</timestamp>
			</report>
			<report>
				<misses>2702001</misses>
				<total>172</total>
				<timestamp>458.913993</timestamp>
			</report>
			<report>
				<misses>2703001</misses>
				<total>172</total>
				<timestamp>459.083842</timestamp>
			</report>
			<report>
				<misses>2704001</misses>
				<total>171</total>
				<timestamp>459.253747</timestamp>
			</report>
			<report>
				<misses>2705001</misses>
				<total>171</total>
				<timestamp>459.423665</timestamp>
			</report>
			<report>
				<misses>2706001</misses>
				<total>172</total>
				<timestamp>459.593499</timestamp>
			</report>
			<report>
				<misses>2707001</misses>
				<total>172</total>
				<timestamp>459.763330</timestamp>
			</report>
			<report>
				<misses>2708001</misses>
				<total>172</total>
				<timestamp>459.933148</timestamp>
			</report>
			<report>
				<misses>2709001</misses>
				<total>172</total>
				<timestamp>460.102956</timestamp>
			</report>
			<report>
				<misses>2710001</misses>
				<total>172</total>
				<timestamp>460.272792</timestamp>
			</report>
			<report>
				<misses>2711001</misses>
				<total>171</total>
				<timestamp>460.442723</timestamp>
			</report>
			<report>
				<misses>2712001</misses>
				<total>172</total>
				<timestamp>460.612471</timestamp>
			</report>
			<report>
				<misses>2713001</misses>
				<total>172</total>
				<timestamp>460.782260</timestamp>
			</report>
			<report>
				<misses>2714001</misses>
				<total>172</total>
				<timestamp>460.952101</timestamp>
			</report>
			<report>
				<misses>2715001</misses>
				<total>172</total>
				<timestamp>461.121954</timestamp>
			</report>
			<report>
				<misses>2716001</misses>
				<total>172</total>
				<timestamp>461.291831</timestamp>
			</report>
			<report>
				<misses>2717001</misses>
				<total>172</total>
				<timestamp>461.461625</timestamp>
			</report>
			<report>
				<misses>2718001</misses>
				<total>172</total>
				<timestamp>461.631479</timestamp>
			</report>
			<report>
				<misses>2719001</misses>
				<total>172</total>
				<timestamp>461.801258</timestamp>
			</report>
			<report>
				<misses>2720001</misses>
				<total>172</total>
				<timestamp>461.971130</timestamp>
			</report>
			<report>
				<misses>2721001</misses>
				<total>172</total>
				<timestamp>462.140928</timestamp>
			</report>
			<report>
				<misses>2722001</misses>
				<total>172</total>
				<timestamp>462.310895</timestamp>
			</report>
			<report>
				<misses>2723001</misses>
				<total>172</total>
				<timestamp>462.480667</timestamp>
			</report>
			<report>
				<misses>2724001</misses>
				<total>172</total>
				<timestamp>462.650483</timestamp>
			</report>
			<report>
				<misses>2725001</misses>
				<total>172</total>
				<timestamp>462.820345</timestamp>
			</report>
			<report>
				<misses>2726001</misses>
				<total>172</total>
				<timestamp>462.990119</timestamp>
			</report>
			<report>
				<misses>2727001</misses>
				<total>172</total>
				<timestamp>463.159945</timestamp>
			</report>
			<report>
				<misses>2728001</misses>
				<total>171</total>
				<timestamp>463.329843</timestamp>
			</report>
			<report>
				<misses>2729001</misses>
				<total>172</total>
				<timestamp>463.499617</timestamp>
			</report>
			<report>
				<misses>2730001</misses>
				<total>172</total>
				<timestamp>463.669509</timestamp>
			</report>
			<report>
				<misses>2731001</misses>
				<total>172</total>
				<timestamp>463.839236</timestamp>
			</report>
			<report>
				<misses>2732001</misses>
				<total>172</total>
				<timestamp>464.009180</timestamp>
			</report>
			<report>
				<misses>2733001</misses>
				<total>172</total>
				<timestamp>464.179029</timestamp>
			</report>
			<report>
				<misses>2734001</misses>
				<total>171</total>
				<timestamp>464.348824</timestamp>
			</report>
			<report>
				<misses>2735001</misses>
				<total>172</total>
				<timestamp>464.518605</timestamp>
			</report>
			<report>
				<misses>2736001</misses>
				<total>172</total>
				<timestamp>464.688371</timestamp>
			</report>
			<report>
				<misses>2737001</misses>
				<total>172</total>
				<timestamp>464.858216</timestamp>
			</report>
			<report>
				<misses>2738001</misses>
				<total>172</total>
				<timestamp>465.028083</timestamp>
			</report>
			<report>
				<misses>2739001</misses>
				<total>172</total>
				<timestamp>465.197955</timestamp>
			</report>
			<report>
				<misses>2740001</misses>
				<total>172</total>
				<timestamp>465.367787</timestamp>
			</report>
			<report>
				<misses>2741001</misses>
				<total>172</total>
				<timestamp>465.537683</timestamp>
			</report>
			<report>
				<misses>2742001</misses>
				<total>171</total>
				<timestamp>465.707696</timestamp>
			</report>
			<report>
				<misses>2743001</misses>
				<total>172</total>
				<timestamp>465.877709</timestamp>
			</report>
			<report>
				<misses>2744001</misses>
				<total>172</total>
				<timestamp>466.047746</timestamp>
			</report>
			<report>
				<misses>2745001</misses>
				<total>172</total>
				<timestamp>466.217592</timestamp>
			</report>
			<report>
				<misses>2746001</misses>
				<total>172</total>
				<timestamp>466.387411</timestamp>
			</report>
			<report>
				<misses>2747001</misses>
				<total>172</total>
				<timestamp>466.557278</timestamp>
			</report>
			<report>
				<misses>2748001</misses>
				<total>172</total>
				<timestamp>466.727146</timestamp>
			</report>
			<report>
				<misses>2749001</misses>
				<total>172</total>
				<timestamp>466.896921</timestamp>
			</report>
			<report>
				<misses>2750001</misses>
				<total>172</total>
				<timestamp>467.066687</timestamp>
			</report>
			<report>
				<misses>2751001</misses>
				<total>172</total>
				<timestamp>467.236643</timestamp>
			</report>
			<report>
				<misses>2752001</misses>
				<total>172</total>
				<timestamp>467.406397</timestamp>
			</report>
			<report>
				<misses>2753001</misses>
				<total>172</total>
				<timestamp>467.576233</timestamp>
			</report>
			<report>
				<misses>2754001</misses>
				<total>172</total>
				<timestamp>467.746089</timestamp>
			</report>
			<report>
				<misses>2755001</misses>
				<total>172</total>
				<timestamp>467.915860</timestamp>
			</report>
			<report>
				<misses>2756001</misses>
				<total>172</total>
				<timestamp>468.085785</timestamp>
			</report>
			<report>
				<misses>2757001</misses>
				<total>172</total>
				<timestamp>468.255597</timestamp>
			</report>
			<report>
				<misses>2758001</misses>
				<total>172</total>
				<timestamp>468.425293</timestamp>
			</report>
			<report>
				<misses>2759001</misses>
				<total>172</total>
				<timestamp>468.595168</timestamp>
			</report>
			<report>
				<misses>2760001</misses>
				<total>172</total>
				<timestamp>468.765062</timestamp>
			</report>
			<report>
				<misses>2761001</misses>
				<total>172</total>
				<timestamp>468.934838</timestamp>
			</report>
			<report>
				<misses>2762001</misses>
				<total>172</total>
				<timestamp>469.104775</timestamp>
			</report>
			<report>
				<misses>2763001</misses>
				<total>171</total>
				<timestamp>469.274733</timestamp>
			</report>
			<report>
				<misses>2764001</misses>
				<total>171</total>
				<timestamp>469.444683</timestamp>
			</report>
			<report>
				<misses>2765001</misses>
				<total>171</total>
				<timestamp>469.614665</timestamp>
			</report>
			<report>
				<misses>2766001</misses>
				<total>171</total>
				<timestamp>469.784633</timestamp>
			</report>
			<report>
				<misses>2767001</misses>
				<total>172</total>
				<timestamp>469.954619</timestamp>
			</report>
			<report>
				<misses>2768001</misses>
				<total>172</total>
				<timestamp>470.124379</timestamp>
			</report>
			<report>
				<misses>2769001</misses>
				<total>172</total>
				<timestamp>470.294128</timestamp>
			</report>
			<report>
				<misses>2770001</misses>
				<total>172</total>
				<timestamp>470.463963</timestamp>
			</report>
			<report>
				<misses>2771001</misses>
				<total>172</total>
				<timestamp>470.633819</timestamp>
			</report>
			<report>
				<misses>2772001</misses>
				<total>172</total>
				<timestamp>470.803764</timestamp>
			</report>
			<report>
				<misses>2773001</misses>
				<total>171</total>
				<timestamp>470.973565</timestamp>
			</report>
			<report>
				<misses>2774001</misses>
				<total>172</total>
				<timestamp>471.143369</timestamp>
			</report>
			<report>
				<misses>2775001</misses>
				<total>172</total>
				<timestamp>471.313109</timestamp>
			</report>
			<report>
				<misses>2776001</misses>
				<total>172</total>
				<timestamp>471.483028</timestamp>
			</report>
			<report>
				<misses>2777001</misses>
				<total>172</total>
				<timestamp>471.652756</timestamp>
			</report>
			<report>
				<misses>2778001</misses>
				<total>171</total>
				<timestamp>471.822675</timestamp>
			</report>
			<report>
				<misses>2779001</misses>
				<total>171</total>
				<timestamp>471.992639</timestamp>
			</report>
			<report>
				<misses>2780001</misses>
				<total>171</total>
				<timestamp>472.162598</timestamp>
			</report>
			<report>
				<misses>2781001</misses>
				<total>171</total>
				<timestamp>472.332571</timestamp>
			</report>
			<report>
				<misses>2782001</misses>
				<total>172</total>
				<timestamp>472.502251</timestamp>
			</report>
			<report>
				<misses>2783001</misses>
				<total>172</total>
				<timestamp>472.672145</timestamp>
			</report>
			<report>
				<misses>2784001</misses>
				<total>172</total>
				<timestamp>472.841950</timestamp>
			</report>
			<report>
				<misses>2785001</misses>
				<total>171</total>
				<timestamp>473.011786</timestamp>
			</report>
			<report>
				<misses>2786001</misses>
				<total>171</total>
				<timestamp>473.181662</timestamp>
			</report>
			<report>
				<misses>2787001</misses>
				<total>172</total>
				<timestamp>473.351411</timestamp>
			</report>
			<report>
				<misses>2788001</misses>
				<total>172</total>
				<timestamp>473.521228</timestamp>
			</report>
			<report>
				<misses>2789001</misses>
				<total>172</total>
				<timestamp>473.691098</timestamp>
			</report>
			<report>
				<misses>2790001</misses>
				<total>172</total>
				<timestamp>473.860892</timestamp>
			</report>
			<report>
				<misses>2791001</misses>
				<total>171</total>
				<timestamp>474.030790</timestamp>
			</report>
			<report>
				<misses>2792001</misses>
				<total>171</total>
				<timestamp>474.200627</timestamp>
			</report>
			<report>
				<misses>2793001</misses>
				<total>172</total>
				<timestamp>474.370389</timestamp>
			</report>
			<report>
				<misses>2794001</misses>
				<total>172</total>
				<timestamp>474.540205</timestamp>
			</report>
			<report>
				<misses>2795001</misses>
				<total>173</total>
				<timestamp>474.710042</timestamp>
			</report>
			<report>
				<misses>2796001</misses>
				<total>173</total>
				<timestamp>474.879870</timestamp>
			</report>
			<report>
				<misses>2797001</misses>
				<total>173</total>
				<timestamp>475.049757</timestamp>
			</report>
			<report>
				<misses>2798001</misses>
				<total>172</total>
				<timestamp>475.219625</timestamp>
			</report>
			<report>
				<misses>2799001</misses>
				<total>176</total>
				<timestamp>475.389422</timestamp>
			</report>
			<report>
				<misses>2800001</misses>
				<total>176</total>
				<timestamp>475.559194</timestamp>
			</report>
			<report>
				<misses>2801001</misses>
				<total>176</total>
				<timestamp>475.729025</timestamp>
			</report>
			<report>
				<misses>2802001</misses>
				<total>176</total>
				<timestamp>475.898840</timestamp>
			</report>
			<report>
				<misses>2803001</misses>
				<total>175</total>
				<timestamp>476.068740</timestamp>
			</report>
			<report>
				<misses>2804001</misses>
				<total>177</total>
				<timestamp>476.238537</timestamp>
			</report>
			<report>
				<misses>2805001</misses>
				<total>177</total>
				<timestamp>476.408336</timestamp>
			</report>
			<report>
				<misses>2806001</misses>
				<total>177</total>
				<timestamp>476.578163</timestamp>
			</report>
			<report>
				<misses>2807001</misses>
				<total>177</total>
				<timestamp>476.748017</timestamp>
			</report>
			<report>
				<misses>2808001</misses>
				<total>177</total>
				<timestamp>476.917821</timestamp>
			</report>
			<report>
				<misses>2809001</misses>
				<total>177</total>
				<timestamp>477.087652</timestamp>
			</report>
			<report>
				<misses>2810001</misses>
				<total>177</total>
				<timestamp>477.257511</timestamp>
			</report>
			<report>
				<misses>2811001</misses>
				<total>177</total>
				<timestamp>477.427302</timestamp>
			</report>
			<report>
				<misses>2812001</misses>
				<total>177</total>
				<timestamp>477.597190</timestamp>
			</report>
			<report>
				<misses>2813001</misses>
				<total>177</total>
				<timestamp>477.766968</timestamp>
			</report>
			<report>
				<misses>2814001</misses>
				<total>189</total>
				<timestamp>477.936912</timestamp>
			</report>
			<report>
				<misses>2815001</misses>
				<total>189</total>
				<timestamp>478.106637</timestamp>
			</report>
			<report>
				<misses>2816001</misses>
				<total>189</total>
				<timestamp>478.276496</timestamp>
			</report>
			<report>
				<misses>2817001</misses>
				<total>189</total>
				<timestamp>478.446306</timestamp>
			</report>
			<report>
				<misses>2818001</misses>
				<total>189</total>
				<timestamp>478.616116</timestamp>
			</report>
			<report>
				<misses>2819001</misses>
				<total>189</total>
				<timestamp>478.785959</timestamp>
			</report>
			<report>
				<misses>2820001</misses>
				<total>192</total>
				<timestamp>478.955792</timestamp>
			</report>
			<report>
				<misses>2821001</misses>
				<total>192</total>
				<timestamp>479.125603</timestamp>
			</report>
			<report>
				<misses>2822001</misses>
				<total>191</total>
				<timestamp>479.295539</timestamp>
			</report>
			<report>
				<misses>2823001</misses>
				<total>192</total>
				<timestamp>479.465292</timestamp>
			</report>
			<report>
				<misses>2824001</misses>
				<total>192</total>
				<timestamp>479.635110</timestamp>
			</report>
			<report>
				<misses>2825001</misses>
				<total>192</total>
				<timestamp>479.804958</timestamp>
			</report>
			<report>
				<misses>2826001</misses>
				<total>193</total>
				<timestamp>479.974769</timestamp>
			</report>
			<report>
				<misses>2827001</misses>
				<total>193</total>
				<timestamp>480.144623</timestamp>
			</report>
			<report>
				<misses>2828001</misses>
				<total>193</total>
				<timestamp>480.314512</timestamp>
			</report>
			<report>
				<misses>2829001</misses>
				<total>193</total>
				<timestamp>480.484266</timestamp>
			</report>
			<report>
				<misses>2830001</misses>
				<total>193</total>
				<timestamp>480.654108</timestamp>
			</report>
			<report>
				<misses>2831001</misses>
				<total>193</total>
				<timestamp>480.823957</timestamp>
			</report>
			<report>
				<misses>2832001</misses>
				<total>193</total>
				<timestamp>480.993789</timestamp>
			</report>
			<report>
				<misses>2833001</misses>
				<total>193</total>
				<timestamp>481.163637</timestamp>
			</report>
			<report>
				<misses>2834001</misses>
				<total>193</total>
				<timestamp>481.333548</timestamp>
			</report>
			<report>
				<misses>2835001</misses>
				<total>193</total>
				<timestamp>481.503298</timestamp>
			</report>
			<report>
				<misses>2836001</misses>
				<total>193</total>
				<timestamp>481.673195</timestamp>
			</report>
			<report>
				<misses>2837001</misses>
				<total>193</total>
				<timestamp>481.843052</timestamp>
			</report>
			<report>
				<misses>2838001</misses>
				<total>193</total>
				<timestamp>482.012787</timestamp>
			</report>
			<report>
				<misses>2839001</misses>
				<total>193</total>
				<timestamp>482.182712</timestamp>
			</report>
			<report>
				<misses>2840001</misses>
				<total>192</total>
				<timestamp>482.352510</timestamp>
			</report>
			<report>
				<misses>2841001</misses>
				<total>193</total>
				<timestamp>482.522256</timestamp>
			</report>
			<report>
				<misses>2842001</misses>
				<total>193</total>
				<timestamp>482.692100</timestamp>
			</report>
			<report>
				<misses>2843001</misses>
				<total>193</total>
				<timestamp>482.862024</timestamp>
			</report>
			<report>
				<misses>2844001</misses>
				<total>193</total>
				<timestamp>483.031815</timestamp>
			</report>
			<report>
				<misses>2845001</misses>
				<total>193</total>
				<timestamp>483.201585</timestamp>
			</report>
			<report>
				<misses>2846001</misses>
				<total>192</total>
				<timestamp>483.371582</timestamp>
			</report>
			<report>
				<misses>2847001</misses>
				<total>193</total>
				<timestamp>483.541623</timestamp>
			</report>
			<report>
				<misses>2848001</misses>
				<total>192</total>
				<timestamp>483.711593</timestamp>
			</report>
			<report>
				<misses>2849001</misses>
				<total>192</total>
				<timestamp>483.881587</timestamp>
			</report>
			<report>
				<misses>2850001</misses>
				<total>193</total>
				<timestamp>484.051502</timestamp>
			</report>
			<report>
				<misses>2851001</misses>
				<total>193</total>
				<timestamp>484.221206</timestamp>
			</report>
			<report>
				<misses>2852001</misses>
				<total>193</total>
				<timestamp>484.391101</timestamp>
			</report>
			<report>
				<misses>2853001</misses>
				<total>193</total>
				<timestamp>484.560908</timestamp>
			</report>
			<report>
				<misses>2854001</misses>
				<total>192</total>
				<timestamp>484.730736</timestamp>
			</report>
			<report>
				<misses>2855001</misses>
				<total>193</total>
				<timestamp>484.900574</timestamp>
			</report>
			<report>
				<misses>2856001</misses>
				<total>193</total>
				<timestamp>485.070594</timestamp>
			</report>
			<report>
				<misses>2857001</misses>
				<total>192</total>
				<timestamp>485.240598</timestamp>
			</report>
			<report>
				<misses>2858001</misses>
				<total>192</total>
				<timestamp>485.410473</timestamp>
			</report>
			<report>
				<misses>2859001</misses>
				<total>193</total>
				<timestamp>485.580233</timestamp>
			</report>
			<report>
				<misses>2860001</misses>
				<total>193</total>
				<timestamp>485.750011</timestamp>
			</report>
			<report>
				<misses>2861001</misses>
				<total>193</total>
				<timestamp>485.919835</timestamp>
			</report>
			<report>
				<misses>2862001</misses>
				<total>192</total>
				<timestamp>486.089710</timestamp>
			</report>
			<report>
				<misses>2863001</misses>
				<total>192</total>
				<timestamp>486.259562</timestamp>
			</report>
			<report>
				<misses>2864001</misses>
				<total>192</total>
				<timestamp>486.429500</timestamp>
			</report>
			<report>
				<misses>2865001</misses>
				<total>192</total>
				<timestamp>486.599494</timestamp>
			</report>
			<report>
				<misses>2866001</misses>
				<total>193</total>
				<timestamp>486.769180</timestamp>
			</report>
			<report>
				<misses>2867001</misses>
				<total>193</total>
				<timestamp>486.938984</timestamp>
			</report>
			<report>
				<misses>2868001</misses>
				<total>193</total>
				<timestamp>487.108847</timestamp>
			</report>
			<report>
				<misses>2869001</misses>
				<total>193</total>
				<timestamp>487.278708</timestamp>
			</report>
			<report>
				<misses>2870001</misses>
				<total>192</total>
				<timestamp>487.448577</timestamp>
			</report>
			<report>
				<misses>2871001</misses>
				<total>193</total>
				<timestamp>487.618403</timestamp>
			</report>
			<report>
				<misses>2872001</misses>
				<total>193</total>
				<timestamp>487.788126</timestamp>
			</report>
			<report>
				<misses>2873001</misses>
				<total>193</total>
				<timestamp>487.957962</timestamp>
			</report>
			<report>
				<misses>2874001</misses>
				<total>193</total>
				<timestamp>488.127791</timestamp>
			</report>
			<report>
				<misses>2875001</misses>
				<total>193</total>
				<timestamp>488.297689</timestamp>
			</report>
			<report>
				<misses>2876001</misses>
				<total>193</total>
				<timestamp>488.467574</timestamp>
			</report>
			<report>
				<misses>2877001</misses>
				<total>194</total>
				<timestamp>488.637318</timestamp>
			</report>
			<report>
				<misses>2878001</misses>
				<total>194</total>
				<timestamp>488.807109</timestamp>
			</report>
			<report>
				<misses>2879001</misses>
				<total>194</total>
				<timestamp>488.976990</timestamp>
			</report>
			<report>
				<misses>2880001</misses>
				<total>194</total>
				<timestamp>489.146778</timestamp>
			</report>
			<report>
				<misses>2881001</misses>
				<total>194</total>
				<timestamp>489.316658</timestamp>
			</report>
			<report>
				<misses>2882001</misses>
				<total>193</total>
				<timestamp>489.486576</timestamp>
			</report>
			<report>
				<misses>2883001</misses>
				<total>194</total>
				<timestamp>489.656296</timestamp>
			</report>
			<report>
				<misses>2884001</misses>
				<total>194</total>
				<timestamp>489.826133</timestamp>
			</report>
			<report>
				<misses>2885001</misses>
				<total>194</total>
				<timestamp>489.995956</timestamp>
			</report>
			<report>
				<misses>2886001</misses>
				<total>194</total>
				<timestamp>490.165757</timestamp>
			</report>
			<report>
				<misses>2887001</misses>
				<total>193</total>
				<timestamp>490.335689</timestamp>
			</report>
			<report>
				<misses>2888001</misses>
				<total>193</total>
				<timestamp>490.505543</timestamp>
			</report>
			<report>
				<misses>2889001</misses>
				<total>194</total>
				<timestamp>490.675241</timestamp>
			</report>
			<report>
				<misses>2890001</misses>
				<total>194</total>
				<timestamp>490.845065</timestamp>
			</report>
			<report>
				<misses>2891001</misses>
				<total>194</total>
				<timestamp>491.014910</timestamp>
			</report>
			<report>
				<misses>2892001</misses>
				<total>194</total>
				<timestamp>491.184730</timestamp>
			</report>
			<report>
				<misses>2893001</misses>
				<total>193</total>
				<timestamp>491.354649</timestamp>
			</report>
			<report>
				<misses>2894001</misses>
				<total>194</total>
				<timestamp>491.524440</timestamp>
			</report>
			<report>
				<misses>2895001</misses>
				<total>195</total>
				<timestamp>491.694227</timestamp>
			</report>
			<report>
				<misses>2896001</misses>
				<total>195</total>
				<timestamp>491.864049</timestamp>
			</report>
			<report>
				<misses>2897001</misses>
				<total>195</total>
				<timestamp>492.033910</timestamp>
			</report>
			<report>
				<misses>2898001</misses>
				<total>195</total>
				<timestamp>492.203727</timestamp>
			</report>
			<report>
				<misses>2899001</misses>
				<total>195</total>
				<timestamp>492.373597</timestamp>
			</report>
			<report>
				<misses>2900001</misses>
				<total>194</total>
				<timestamp>492.543517</timestamp>
			</report>
			<report>
				<misses>2901001</misses>
				<total>195</total>
				<timestamp>492.713284</timestamp>
			</report>
			<report>
				<misses>2902001</misses>
				<total>195</total>
				<timestamp>492.883133</timestamp>
			</report>
			<report>
				<misses>2903001</misses>
				<total>195</total>
				<timestamp>493.052940</timestamp>
			</report>
			<report>
				<misses>2904001</misses>
				<total>195</total>
				<timestamp>493.222816</timestamp>
			</report>
			<report>
				<misses>2905001</misses>
				<total>195</total>
				<timestamp>493.392653</timestamp>
			</report>
			<report>
				<misses>2906001</misses>
				<total>195</total>
				<timestamp>493.562508</timestamp>
			</report>
			<report>
				<misses>2907001</misses>
				<total>195</total>
				<timestamp>493.732306</timestamp>
			</report>
			<report>
				<misses>2908001</misses>
				<total>195</total>
				<timestamp>493.902169</timestamp>
			</report>
			<report>
				<misses>2909001</misses>
				<total>195</total>
				<timestamp>494.071916</timestamp>
			</report>
			<report>
				<misses>2910001</misses>
				<total>195</total>
				<timestamp>494.241664</timestamp>
			</report>
			<report>
				<misses>2911001</misses>
				<total>194</total>
				<timestamp>494.411645</timestamp>
			</report>
			<report>
				<misses>2912001</misses>
				<total>195</total>
				<timestamp>494.581539</timestamp>
			</report>
			<report>
				<misses>2913001</misses>
				<total>195</total>
				<timestamp>494.751533</timestamp>
			</report>
			<report>
				<misses>2914001</misses>
				<total>195</total>
				<timestamp>494.921508</timestamp>
			</report>
			<report>
				<misses>2915001</misses>
				<total>195</total>
				<timestamp>495.091594</timestamp>
			</report>
			<report>
				<misses>2916001</misses>
				<total>194</total>
				<timestamp>495.261577</timestamp>
			</report>
			<report>
				<misses>2917001</misses>
				<total>194</total>
				<timestamp>495.431516</timestamp>
			</report>
			<report>
				<misses>2918001</misses>
				<total>194</total>
				<timestamp>495.601503</timestamp>
			</report>
			<report>
				<misses>2919001</misses>
				<total>195</total>
				<timestamp>495.771283</timestamp>
			</report>
			<report>
				<misses>2920001</misses>
				<total>195</total>
				<timestamp>495.941120</timestamp>
			</report>
			<report>
				<misses>2921001</misses>
				<total>195</total>
				<timestamp>496.110903</timestamp>
			</report>
			<report>
				<misses>2922001</misses>
				<total>195</total>
				<timestamp>496.280659</timestamp>
			</report>
			<report>
				<misses>2923001</misses>
				<total>195</total>
				<timestamp>496.450504</timestamp>
			</report>
			<report>
				<misses>2924001</misses>
				<total>195</total>
				<timestamp>496.620392</timestamp>
			</report>
			<report>
				<misses>2925001</misses>
				<total>195</total>
				<timestamp>496.790146</timestamp>
			</report>
			<report>
				<misses>2926001</misses>
				<total>195</total>
				<timestamp>496.960008</timestamp>
			</report>
			<report>
				<misses>2927001</misses>
				<total>195</total>
				<timestamp>497.129815</timestamp>
			</report>
			<report>
				<misses>2928001</misses>
				<total>195</total>
				<timestamp>497.299654</timestamp>
			</report>
			<report>
				<misses>2929001</misses>
				<total>194</total>
				<timestamp>497.469500</timestamp>
			</report>
			<report>
				<misses>2930001</misses>
				<total>194</total>
				<timestamp>497.639412</timestamp>
			</report>
			<report>
				<misses>2931001</misses>
				<total>195</total>
				<timestamp>497.809179</timestamp>
			</report>
			<report>
				<misses>2932001</misses>
				<total>195</total>
				<timestamp>497.978958</timestamp>
			</report>
			<report>
				<misses>2933001</misses>
				<total>195</total>
				<timestamp>498.148804</timestamp>
			</report>
			<report>
				<misses>2934001</misses>
				<total>194</total>
				<timestamp>498.318631</timestamp>
			</report>
			<report>
				<misses>2935001</misses>
				<total>195</total>
				<timestamp>498.488492</timestamp>
			</report>
			<report>
				<misses>2936001</misses>
				<total>194</total>
				<timestamp>498.658408</timestamp>
			</report>
			<report>
				<misses>2937001</misses>
				<total>195</total>
				<timestamp>498.828093</timestamp>
			</report>
			<report>
				<misses>2938001</misses>
				<total>195</total>
				<timestamp>498.997954</timestamp>
			</report>
			<report>
				<misses>2939001</misses>
				<total>195</total>
				<timestamp>499.167770</timestamp>
			</report>
			<report>
				<misses>2940001</misses>
				<total>195</total>
				<timestamp>499.337611</timestamp>
			</report>
			<report>
				<misses>2941001</misses>
				<total>195</total>
				<timestamp>499.507585</timestamp>
			</report>
			<report>
				<misses>2942001</misses>
				<total>194</total>
				<timestamp>499.677464</timestamp>
			</report>
			<report>
				<misses>2943001</misses>
				<total>195</total>
				<timestamp>499.847343</timestamp>
			</report>
			<report>
				<misses>2944001</misses>
				<total>195</total>
				<timestamp>500.017087</timestamp>
			</report>
			<report>
				<misses>2945001</misses>
				<total>195</total>
				<timestamp>500.187034</timestamp>
			</report>
			<report>
				<misses>2946001</misses>
				<total>195</total>
				<timestamp>500.356803</timestamp>
			</report>
			<report>
				<misses>2947001</misses>
				<total>195</total>
				<timestamp>500.526694</timestamp>
			</report>
			<report>
				<misses>2948001</misses>
				<total>194</total>
				<timestamp>500.696543</timestamp>
			</report>
			<report>
				<misses>2949001</misses>
				<total>194</total>
				<timestamp>500.866401</timestamp>
			</report>
			<report>
				<misses>2950001</misses>
				<total>195</total>
				<timestamp>501.036203</timestamp>
			</report>
			<report>
				<misses>2951001</misses>
				<total>195</total>
				<timestamp>501.206038</timestamp>
			</report>
			<report>
				<misses>2952001</misses>
				<total>195</total>
				<timestamp>501.375757</timestamp>
			</report>
			<report>
				<misses>2953001</misses>
				<total>195</total>
				<timestamp>501.545635</timestamp>
			</report>
			<report>
				<misses>2954001</misses>
				<total>194</total>
				<timestamp>501.715508</timestamp>
			</report>
			<report>
				<misses>2955001</misses>
				<total>194</total>
				<timestamp>501.885415</timestamp>
			</report>
			<report>
				<misses>2956001</misses>
				<total>194</total>
				<timestamp>502.055383</timestamp>
			</report>
			<report>
				<misses>2957001</misses>
				<total>195</total>
				<timestamp>502.225209</timestamp>
			</report>
			<report>
				<misses>2958001</misses>
				<total>195</total>
				<timestamp>502.395038</timestamp>
			</report>
			<report>
				<misses>2959001</misses>
				<total>196</total>
				<timestamp>502.564900</timestamp>
			</report>
			<report>
				<misses>2960001</misses>
				<total>196</total>
				<timestamp>502.734735</timestamp>
			</report>
			<report>
				<misses>2961001</misses>
				<total>195</total>
				<timestamp>502.904659</timestamp>
			</report>
			<report>
				<misses>2962001</misses>
				<total>195</total>
				<timestamp>503.074484</timestamp>
			</report>
			<report>
				<misses>2963001</misses>
				<total>196</total>
				<timestamp>503.244224</timestamp>
			</report>
			<report>
				<misses>2964001</misses>
				<total>196</total>
				<timestamp>503.414044</timestamp>
			</report>
			<report>
				<misses>2965001</misses>
				<total>196</total>
				<timestamp>503.583869</timestamp>
			</report>
			<report>
				<misses>2966001</misses>
				<total>196</total>
				<timestamp>503.753680</timestamp>
			</report>
			<report>
				<misses>2967001</misses>
				<total>195</total>
				<timestamp>503.923589</timestamp>
			</report>
			<report>
				<misses>2968001</misses>
				<total>195</total>
				<timestamp>504.093452</timestamp>
			</report>
			<report>
				<misses>2969001</misses>
				<total>196</total>
				<timestamp>504.263193</timestamp>
			</report>
			<report>
				<misses>2970001</misses>
				<total>196</total>
				<timestamp>504.433033</timestamp>
			</report>
			<report>
				<misses>2971001</misses>
				<total>196</total>
				<timestamp>504.602868</timestamp>
			</report>
			<report>
				<misses>2972001</misses>
				<total>196</total>
				<timestamp>504.772665</timestamp>
			</report>
			<report>
				<misses>2973001</misses>
				<total>196</total>
				<timestamp>504.942587</timestamp>
			</report>
			<report>
				<misses>2974001</misses>
				<total>196</total>
				<timestamp>505.112415</timestamp>
			</report>
			<report>
				<misses>2975001</misses>
				<total>196</total>
				<timestamp>505.282187</timestamp>
			</report>
			<report>
				<misses>2976001</misses>
				<total>196</total>
				<timestamp>505.452007</timestamp>
			</report>
			<report>
				<misses>2977001</misses>
				<total>196</total>
				<timestamp>505.621885</timestamp>
			</report>
			<report>
				<misses>2978001</misses>
				<total>196</total>
				<timestamp>505.791668</timestamp>
			</report>
			<report>
				<misses>2979001</misses>
				<total>195</total>
				<timestamp>505.961679</timestamp>
			</report>
			<report>
				<misses>2980001</misses>
				<total>196</total>
				<timestamp>506.131542</timestamp>
			</report>
			<report>
				<misses>2981001</misses>
				<total>196</total>
				<timestamp>506.301443</timestamp>
			</report>
			<report>
				<misses>2982001</misses>
				<total>196</total>
				<timestamp>506.471134</timestamp>
			</report>
			<report>
				<misses>2983001</misses>
				<total>196</total>
				<timestamp>506.641056</timestamp>
			</report>
			<report>
				<misses>2984001</misses>
				<total>196</total>
				<timestamp>506.810911</timestamp>
			</report>
			<report>
				<misses>2985001</misses>
				<total>196</total>
				<timestamp>506.980667</timestamp>
			</report>
			<report>
				<misses>2986001</misses>
				<total>195</total>
				<timestamp>507.150616</timestamp>
			</report>
			<report>
				<misses>2987001</misses>
				<total>196</total>
				<timestamp>507.320382</timestamp>
			</report>
			<report>
				<misses>2988001</misses>
				<total>196</total>
				<timestamp>507.490148</timestamp>
			</report>
			<report>
				<misses>2989001</misses>
				<total>196</total>
				<timestamp>507.659974</timestamp>
			</report>
			<report>
				<misses>2990001</misses>
				<total>196</total>
				<timestamp>507.829868</timestamp>
			</report>
			<report>
				<misses>2991001</misses>
				<total>196</total>
				<timestamp>507.999721</timestamp>
			</report>
			<report>
				<misses>2992001</misses>
				<total>196</total>
				<timestamp>508.169628</timestamp>
			</report>
			<report>
				<misses>2993001</misses>
				<total>196</total>
				<timestamp>508.339436</timestamp>
			</report>
			<report>
				<misses>2994001</misses>
				<total>196</total>
				<timestamp>508.509368</timestamp>
			</report>
			<report>
				<misses>2995001</misses>
				<total>196</total>
				<timestamp>508.679211</timestamp>
			</report>
			<report>
				<misses>2996001</misses>
				<total>196</total>
				<timestamp>508.849019</timestamp>
			</report>
			<report>
				<misses>2997001</misses>
				<total>196</total>
				<timestamp>509.018880</timestamp>
			</report>
			<report>
				<misses>2998001</misses>
				<total>196</total>
				<timestamp>509.188656</timestamp>
			</report>
			<report>
				<misses>2999001</misses>
				<total>197</total>
				<timestamp>509.358468</timestamp>
			</report>
			<report>
				<misses>3000001</misses>
				<total>197</total>
				<timestamp>509.528341</timestamp>
			</report>
			<report>
				<misses>3001001</misses>
				<total>197</total>
				<timestamp>509.698075</timestamp>
			</report>
			<report>
				<misses>3002001</misses>
				<total>197</total>
				<timestamp>509.867925</timestamp>
			</report>
			<report>
				<misses>3003001</misses>
				<total>197</total>
				<timestamp>510.037735</timestamp>
			</report>
			<report>
				<misses>3004001</misses>
				<total>197</total>
				<timestamp>510.207577</timestamp>
			</report>
			<report>
				<misses>3005001</misses>
				<total>197</total>
				<timestamp>510.377436</timestamp>
			</report>
			<report>
				<misses>3006001</misses>
				<total>196</total>
				<timestamp>510.547334</timestamp>
			</report>
			<report>
				<misses>3007001</misses>
				<total>197</total>
				<timestamp>510.717098</timestamp>
			</report>
			<report>
				<misses>3008001</misses>
				<total>197</total>
				<timestamp>510.886909</timestamp>
			</report>
			<report>
				<misses>3009001</misses>
				<total>197</total>
				<timestamp>511.056712</timestamp>
			</report>
			<report>
				<misses>3010001</misses>
				<total>197</total>
				<timestamp>511.226541</timestamp>
			</report>
			<report>
				<misses>3011001</misses>
				<total>197</total>
				<timestamp>511.396382</timestamp>
			</report>
			<report>
				<misses>3012001</misses>
				<total>197</total>
				<timestamp>511.566276</timestamp>
			</report>
			<report>
				<misses>3013001</misses>
				<total>197</total>
				<timestamp>511.736078</timestamp>
			</report>
			<report>
				<misses>3014001</misses>
				<total>197</total>
				<timestamp>511.905870</timestamp>
			</report>
			<report>
				<misses>3015001</misses>
				<total>197</total>
				<timestamp>512.075679</timestamp>
			</report>
			<report>
				<misses>3016001</misses>
				<total>197</total>
				<timestamp>512.245529</timestamp>
			</report>
			<report>
				<misses>3017001</misses>
				<total>197</total>
				<timestamp>512.415400</timestamp>
			</report>
			<report>
				<misses>3018001</misses>
				<total>197</total>
				<timestamp>512.585292</timestamp>
			</report>
			<report>
				<misses>3019001</misses>
				<total>197</total>
				<timestamp>512.755030</timestamp>
			</report>
			<report>
				<misses>3020001</misses>
				<total>197</total>
				<timestamp>512.924864</timestamp>
			</report>
			<report>
				<misses>3021001</misses>
				<total>197</total>
				<timestamp>513.094668</timestamp>
			</report>
			<report>
				<misses>3022001</misses>
				<total>197</total>
				<timestamp>513.264522</timestamp>
			</report>
			<report>
				<misses>3023001</misses>
				<total>197</total>
				<timestamp>513.434393</timestamp>
			</report>
			<report>
				<misses>3024001</misses>
				<total>196</total>
				<timestamp>513.604320</timestamp>
			</report>
			<report>
				<misses>3025001</misses>
				<total>197</total>
				<timestamp>513.774042</timestamp>
			</report>
			<report>
				<misses>3026001</misses>
				<total>197</total>
				<timestamp>513.943972</timestamp>
			</report>
			<report>
				<misses>3027001</misses>
				<total>197</total>
				<timestamp>514.113752</timestamp>
			</report>
			<report>
				<misses>3028001</misses>
				<total>197</total>
				<timestamp>514.283500</timestamp>
			</report>
			<report>
				<misses>3029001</misses>
				<total>196</total>
				<timestamp>514.453410</timestamp>
			</report>
			<report>
				<misses>3030001</misses>
				<total>196</total>
				<timestamp>514.623367</timestamp>
			</report>
			<report>
				<misses>3031001</misses>
				<total>196</total>
				<timestamp>514.793393</timestamp>
			</report>
			<report>
				<misses>3032001</misses>
				<total>196</total>
				<timestamp>514.963312</timestamp>
			</report>
			<report>
				<misses>3033001</misses>
				<total>197</total>
				<timestamp>515.133072</timestamp>
			</report>
			<report>
				<misses>3034001</misses>
				<total>197</total>
				<timestamp>515.302929</timestamp>
			</report>
			<report>
				<misses>3035001</misses>
				<total>197</total>
				<timestamp>515.472630</timestamp>
			</report>
			<report>
				<misses>3036001</misses>
				<total>196</total>
				<timestamp>515.642565</timestamp>
			</report>
			<report>
				<misses>3037001</misses>
				<total>196</total>
				<timestamp>515.812395</timestamp>
			</report>
			<report>
				<misses>3038001</misses>
				<total>197</total>
				<timestamp>515.982168</timestamp>
			</report>
			<report>
				<misses>3039001</misses>
				<total>197</total>
				<timestamp>516.151945</timestamp>
			</report>
			<report>
				<misses>3040001</misses>
				<total>197</total>
				<timestamp>516.321808</timestamp>
			</report>
			<report>
				<misses>3041001</misses>
				<total>197</total>
				<timestamp>516.491597</timestamp>
			</report>
			<report>
				<misses>3042001</misses>
				<total>197</total>
				<timestamp>516.661511</timestamp>
			</report>
			<report>
				<misses>3043001</misses>
				<total>197</total>
				<timestamp>516.831407</timestamp>
			</report>
			<report>
				<misses>3044001</misses>
				<total>197</total>
				<timestamp>517.001118</timestamp>
			</report>
			<report>
				<misses>3045001</misses>
				<total>197</total>
				<timestamp>517.170966</timestamp>
			</report>
			<report>
				<misses>3046001</misses>
				<total>197</total>
				<timestamp>517.340778</timestamp>
			</report>
			<report>
				<misses>3047001</misses>
				<total>197</total>
				<timestamp>517.510662</timestamp>
			</report>
			<report>
				<misses>3048001</misses>
				<total>196</total>
				<timestamp>517.680570</timestamp>
			</report>
			<report>
				<misses>3049001</misses>
				<total>197</total>
				<timestamp>517.850438</timestamp>
			</report>
			<report>
				<misses>3050001</misses>
				<total>196</total>
				<timestamp>518.020381</timestamp>
			</report>
			<report>
				<misses>3051001</misses>
				<total>197</total>
				<timestamp>518.190164</timestamp>
			</report>
			<report>
				<misses>3052001</misses>
				<total>197</total>
				<timestamp>518.360060</timestamp>
			</report>
			<report>
				<misses>3053001</misses>
				<total>197</total>
				<timestamp>518.529890</timestamp>
			</report>
			<report>
				<misses>3054001</misses>
				<total>197</total>
				<timestamp>518.699708</timestamp>
			</report>
			<report>
				<misses>3055001</misses>
				<total>197</total>
				<timestamp>518.869612</timestamp>
			</report>
			<report>
				<misses>3056001</misses>
				<total>196</total>
				<timestamp>519.039496</timestamp>
			</report>
			<report>
				<misses>3057001</misses>
				<total>197</total>
				<timestamp>519.209405</timestamp>
			</report>
			<report>
				<misses>3058001</misses>
				<total>197</total>
				<timestamp>519.379288</timestamp>
			</report>
			<report>
				<misses>3059001</misses>
				<total>197</total>
				<timestamp>519.549107</timestamp>
			</report>
			<report>
				<misses>3060001</misses>
				<total>197</total>
				<timestamp>519.718923</timestamp>
			</report>
			<report>
				<misses>3061001</misses>
				<total>197</total>
				<timestamp>519.888774</timestamp>
			</report>
			<report>
				<misses>3062001</misses>
				<total>197</total>
				<timestamp>520.058652</timestamp>
			</report>
			<report>
				<misses>3063001</misses>
				<total>196</total>
				<timestamp>520.228478</timestamp>
			</report>
			<report>
				<misses>3064001</misses>
				<total>197</total>
				<timestamp>520.398278</timestamp>
			</report>
			<report>
				<misses>3065001</misses>
				<total>198</total>
				<timestamp>520.568111</timestamp>
			</report>
			<report>
				<misses>3066001</misses>
				<total>198</total>
				<timestamp>520.737902</timestamp>
			</report>
			<report>
				<misses>3067001</misses>
				<total>198</total>
				<timestamp>520.907707</timestamp>
			</report>
			<report>
				<misses>3068001</misses>
				<total>198</total>
				<timestamp>521.077583</timestamp>
			</report>
			<report>
				<misses>3069001</misses>
				<total>197</total>
				<timestamp>521.247603</timestamp>
			</report>
			<report>
				<misses>3070001</misses>
				<total>197</total>
				<timestamp>521.417571</timestamp>
			</report>
			<report>
				<misses>3071001</misses>
				<total>197</total>
				<timestamp>521.587502</timestamp>
			</report>
			<report>
				<misses>3072001</misses>
				<total>198</total>
				<timestamp>521.757357</timestamp>
			</report>
			<report>
				<misses>3073001</misses>
				<total>198</total>
				<timestamp>521.927064</timestamp>
			</report>
			<report>
				<misses>3074001</misses>
				<total>198</total>
				<timestamp>522.096893</timestamp>
			</report>
			<report>
				<misses>3075001</misses>
				<total>198</total>
				<timestamp>522.266680</timestamp>
			</report>
			<report>
				<misses>3076001</misses>
				<total>198</total>
				<timestamp>522.436519</timestamp>
			</report>
			<report>
				<misses>3077001</misses>
				<total>198</total>
				<timestamp>522.606349</timestamp>
			</report>
			<report>
				<misses>3078001</misses>
				<total>198</total>
				<timestamp>522.776256</timestamp>
			</report>
			<report>
				<misses>3079001</misses>
				<total>198</total>
				<timestamp>522.946030</timestamp>
			</report>
			<report>
				<misses>3080001</misses>
				<total>198</total>
				<timestamp>523.115883</timestamp>
			</report>
			<report>
				<misses>3081001</misses>
				<total>198</total>
				<timestamp>523.285796</timestamp>
			</report>
			<report>
				<misses>3082001</misses>
				<total>198</total>
				<timestamp>523.455592</timestamp>
			</report>
			<report>
				<misses>3083001</misses>
				<total>198</total>
				<timestamp>523.625467</timestamp>
			</report>
			<report>
				<misses>3084001</misses>
				<total>197</total>
				<timestamp>523.795351</timestamp>
			</report>
			<report>
				<misses>3085001</misses>
				<total>198</total>
				<timestamp>523.965246</timestamp>
			</report>
			<report>
				<misses>3086001</misses>
				<total>198</total>
				<timestamp>524.134987</timestamp>
			</report>
			<report>
				<misses>3087001</misses>
				<total>199</total>
				<timestamp>524.304805</timestamp>
			</report>
			<report>
				<misses>3088001</misses>
				<total>199</total>
				<timestamp>524.474701</timestamp>
			</report>
			<report>
				<misses>3089001</misses>
				<total>199</total>
				<timestamp>524.644479</timestamp>
			</report>
			<report>
				<misses>3090001</misses>
				<total>199</total>
				<timestamp>524.814334</timestamp>
			</report>
			<report>
				<misses>3091001</misses>
				<total>199</total>
				<timestamp>524.984181</timestamp>
			</report>
			<report>
				<misses>3092001</misses>
				<total>199</total>
				<timestamp>525.153956</timestamp>
			</report>
			<report>
				<misses>3093001</misses>
				<total>199</total>
				<timestamp>525.323845</timestamp>
			</report>
			<report>
				<misses>3094001</misses>
				<total>199</total>
				<timestamp>525.493634</timestamp>
			</report>
			<report>
				<misses>3095001</misses>
				<total>199</total>
				<timestamp>525.663449</timestamp>
			</report>
			<report>
				<misses>3096001</misses>
				<total>199</total>
				<timestamp>525.833343</timestamp>
			</report>
			<report>
				<misses>3097001</misses>
				<total>199</total>
				<timestamp>526.003249</timestamp>
			</report>
			<report>
				<misses>3098001</misses>
				<total>199</total>
				<timestamp>526.173112</timestamp>
			</report>
			<report>
				<misses>3099001</misses>
				<total>199</total>
				<timestamp>526.343028</timestamp>
			</report>
			<report>
				<misses>3100001</misses>
				<total>199</total>
				<timestamp>526.512762</timestamp>
			</report>
			<report>
				<misses>3101001</misses>
				<total>199</total>
				<timestamp>526.682692</timestamp>
			</report>
			<report>
				<misses>3102001</misses>
				<total>199</total>
				<timestamp>526.852427</timestamp>
			</report>
			<report>
				<misses>3103001</misses>
				<total>199</total>
				<timestamp>527.022337</timestamp>
			</report>
			<report>
				<misses>3104001</misses>
				<total>199</total>
				<timestamp>527.192123</timestamp>
			</report>
			<report>
				<misses>3105001</misses>
				<total>199</total>
				<timestamp>527.362012</timestamp>
			</report>
			<report>
				<misses>3106001</misses>
				<total>199</total>
				<timestamp>527.531810</timestamp>
			</report>
			<report>
				<misses>3107001</misses>
				<total>199</total>
				<timestamp>527.701612</timestamp>
			</report>
			<report>
				<misses>3108001</misses>
				<total>199</total>
				<timestamp>527.871448</timestamp>
			</report>
			<report>
				<misses>3109001</misses>
				<total>198</total>
				<timestamp>528.041330</timestamp>
			</report>
			<report>
				<misses>3110001</misses>
				<total>198</total>
				<timestamp>528.211213</timestamp>
			</report>
			<report>
				<misses>3111001</misses>
				<total>199</total>
				<timestamp>528.380925</timestamp>
			</report>
			<report>
				<misses>3112001</misses>
				<total>199</total>
				<timestamp>528.550867</timestamp>
			</report>
			<report>
				<misses>3113001</misses>
				<total>199</total>
				<timestamp>528.720569</timestamp>
			</report>
			<report>
				<misses>3114001</misses>
				<total>199</total>
				<timestamp>528.890411</timestamp>
			</report>
			<report>
				<misses>3115001</misses>
				<total>198</total>
				<timestamp>529.060346</timestamp>
			</report>
			<report>
				<misses>3116001</misses>
				<total>198</total>
				<timestamp>529.230328</timestamp>
			</report>
			<report>
				<misses>3117001</misses>
				<total>198</total>
				<timestamp>529.400245</timestamp>
			</report>
			<report>
				<misses>3118001</misses>
				<total>199</total>
				<timestamp>529.570145</timestamp>
			</report>
			<report>
				<misses>3119001</misses>
				<total>199</total>
				<timestamp>529.739920</timestamp>
			</report>
			<report>
				<misses>3120001</misses>
				<total>199</total>
				<timestamp>529.909757</timestamp>
			</report>
			<report>
				<misses>3121001</misses>
				<total>199</total>
				<timestamp>530.079546</timestamp>
			</report>
			<report>
				<misses>3122001</misses>
				<total>199</total>
				<timestamp>530.249475</timestamp>
			</report>
			<report>
				<misses>3123001</misses>
				<total>198</total>
				<timestamp>530.419308</timestamp>
			</report>
			<report>
				<misses>3124001</misses>
				<total>199</total>
				<timestamp>530.589171</timestamp>
			</report>
			<report>
				<misses>3125001</misses>
				<total>199</total>
				<timestamp>530.758863</timestamp>
			</report>
			<report>
				<misses>3126001</misses>
				<total>199</total>
				<timestamp>530.928718</timestamp>
			</report>
			<report>
				<misses>3127001</misses>
				<total>199</total>
				<timestamp>531.098511</timestamp>
			</report>
			<report>
				<misses>3128001</misses>
				<total>198</total>
				<timestamp>531.268423</timestamp>
			</report>
			<report>
				<misses>3129001</misses>
				<total>199</total>
				<timestamp>531.438223</timestamp>
			</report>
			<report>
				<misses>3130001</misses>
				<total>199</total>
				<timestamp>531.608011</timestamp>
			</report>
			<report>
				<misses>3131001</misses>
				<total>199</total>
				<timestamp>531.777867</timestamp>
			</report>
			<report>
				<misses>3132001</misses>
				<total>199</total>
				<timestamp>531.947686</timestamp>
			</report>
			<report>
				<misses>3133001</misses>
				<total>199</total>
				<timestamp>532.117501</timestamp>
			</report>
			<report>
				<misses>3134001</misses>
				<total>198</total>
				<timestamp>532.287438</timestamp>
			</report>
			<report>
				<misses>3135001</misses>
				<total>198</total>
				<timestamp>532.457279</timestamp>
			</report>
			<report>
				<misses>3136001</misses>
				<total>206</total>
				<timestamp>532.627041</timestamp>
			</report>
			<report>
				<misses>3137001</misses>
				<total>206</total>
				<timestamp>532.796843</timestamp>
			</report>
			<report>
				<misses>3138001</misses>
				<total>206</total>
				<timestamp>532.966640</timestamp>
			</report>
			<report>
				<misses>3139001</misses>
				<total>206</total>
				<timestamp>533.136475</timestamp>
			</report>
			<report>
				<misses>3140001</misses>
				<total>205</total>
				<timestamp>533.306417</timestamp>
			</report>
			<report>
				<misses>3141001</misses>
				<total>206</total>
				<timestamp>533.476174</timestamp>
			</report>
			<report>
				<misses>3142001</misses>
				<total>206</total>
				<timestamp>533.645982</timestamp>
			</report>
			<report>
				<misses>3143001</misses>
				<total>206</total>
				<timestamp>533.815805</timestamp>
			</report>
			<report>
				<misses>3144001</misses>
				<total>211</total>
				<timestamp>533.985652</timestamp>
			</report>
			<report>
				<misses>3145001</misses>
				<total>211</total>
				<timestamp>534.155477</timestamp>
			</report>
			<report>
				<misses>3146001</misses>
				<total>211</total>
				<timestamp>534.325453</timestamp>
			</report>
			<report>
				<misses>3147001</misses>
				<total>211</total>
				<timestamp>534.495242</timestamp>
			</report>
			<report>
				<misses>3148001</misses>
				<total>211</total>
				<timestamp>534.665100</timestamp>
			</report>
			<report>
				<misses>3149001</misses>
				<total>211</total>
				<timestamp>534.834827</timestamp>
			</report>
			<report>
				<misses>3150001</misses>
				<total>211</total>
				<timestamp>535.004718</timestamp>
			</report>
			<report>
				<misses>3151001</misses>
				<total>211</total>
				<timestamp>535.174564</timestamp>
			</report>
			<report>
				<misses>3152001</misses>
				<total>211</total>
				<timestamp>535.344387</timestamp>
			</report>
			<report>
				<misses>3153001</misses>
				<total>211</total>
				<timestamp>535.514295</timestamp>
			</report>
			<report>
				<misses>3154001</misses>
				<total>211</total>
				<timestamp>535.684248</timestamp>
			</report>
			<report>
				<misses>3155001</misses>
				<total>211</total>
				<timestamp>535.853985</timestamp>
			</report>
			<report>
				<misses>3156001</misses>
				<total>211</total>
				<timestamp>536.023900</timestamp>
			</report>
			<report>
				<misses>3157001</misses>
				<total>211</total>
				<timestamp>536.193586</timestamp>
			</report>
			<report>
				<misses>3158001</misses>
				<total>211</total>
				<timestamp>536.363436</timestamp>
			</report>
			<report>
				<misses>3159001</misses>
				<total>211</total>
				<timestamp>536.533264</timestamp>
			</report>
			<report>
				<misses>3160001</misses>
				<total>211</total>
				<timestamp>536.703154</timestamp>
			</report>
			<report>
				<misses>3161001</misses>
				<total>211</total>
				<timestamp>536.872902</timestamp>
			</report>
			<report>
				<misses>3162001</misses>
				<total>211</total>
				<timestamp>537.042765</timestamp>
			</report>
			<report>
				<misses>3163001</misses>
				<total>211</total>
				<timestamp>537.212571</timestamp>
			</report>
			<report>
				<misses>3164001</misses>
				<total>211</total>
				<timestamp>537.382418</timestamp>
			</report>
			<report>
				<misses>3165001</misses>
				<total>211</total>
				<timestamp>537.552274</timestamp>
			</report>
			<report>
				<misses>3166001</misses>
				<total>211</total>
				<timestamp>537.722091</timestamp>
			</report>
			<report>
				<misses>3167001</misses>
				<total>211</total>
				<timestamp>537.891903</timestamp>
			</report>
			<report>
				<misses>3168001</misses>
				<total>211</total>
				<timestamp>538.061762</timestamp>
			</report>
			<report>
				<misses>3169001</misses>
				<total>211</total>
				<timestamp>538.231550</timestamp>
			</report>
			<report>
				<misses>3170001</misses>
				<total>211</total>
				<timestamp>538.401376</timestamp>
			</report>
			<report>
				<misses>3171001</misses>
				<total>211</total>
				<timestamp>538.571259</timestamp>
			</report>
			<report>
				<misses>3172001</misses>
				<total>210</total>
				<timestamp>538.741174</timestamp>
			</report>
			<report>
				<misses>3173001</misses>
				<total>211</total>
				<timestamp>538.910885</timestamp>
			</report>
			<report>
				<misses>3174001</misses>
				<total>211</total>
				<timestamp>539.080735</timestamp>
			</report>
			<report>
				<misses>3175001</misses>
				<total>211</total>
				<timestamp>539.250531</timestamp>
			</report>
			<report>
				<misses>3176001</misses>
				<total>211</total>
				<timestamp>539.420370</timestamp>
			</report>
			<report>
				<misses>3177001</misses>
				<total>210</total>
				<timestamp>539.590265</timestamp>
			</report>
			<report>
				<misses>3178001</misses>
				<total>210</total>
				<timestamp>539.760219</timestamp>
			</report>
			<report>
				<misses>3179001</misses>
				<total>210</total>
				<timestamp>539.930195</timestamp>
			</report>
			<report>
				<misses>3180001</misses>
				<total>211</total>
				<timestamp>540.100176</timestamp>
			</report>
			<report>
				<misses>3181001</misses>
				<total>211</total>
				<timestamp>540.269889</timestamp>
			</report>
			<report>
				<misses>3182001</misses>
				<total>211</total>
				<timestamp>540.439735</timestamp>
			</report>
			<report>
				<misses>3183001</misses>
				<total>211</total>
				<timestamp>540.609635</timestamp>
			</report>
			<report>
				<misses>3184001</misses>
				<total>211</total>
				<timestamp>540.779435</timestamp>
			</report>
			<report>
				<misses>3185001</misses>
				<total>210</total>
				<timestamp>540.949454</timestamp>
			</report>
			<report>
				<misses>3186001</misses>
				<total>211</total>
				<timestamp>541.119267</timestamp>
			</report>
			<report>
				<misses>3187001</misses>
				<total>210</total>
				<timestamp>541.289162</timestamp>
			</report>
			<report>
				<misses>3188001</misses>
				<total>211</total>
				<timestamp>541.458906</timestamp>
			</report>
			<report>
				<misses>3189001</misses>
				<total>211</total>
				<timestamp>541.628666</timestamp>
			</report>
			<report>
				<misses>3190001</misses>
				<total>211</total>
				<timestamp>541.798507</timestamp>
			</report>
			<report>
				<misses>3191001</misses>
				<total>211</total>
				<timestamp>541.968352</timestamp>
			</report>
			<report>
				<misses>3192001</misses>
				<total>210</total>
				<timestamp>542.138240</timestamp>
			</report>
			<report>
				<misses>3193001</misses>
				<total>214</total>
				<timestamp>542.308066</timestamp>
			</report>
			<report>
				<misses>3194001</misses>
				<total>214</total>
				<timestamp>542.477848</timestamp>
			</report>
			<report>
				<misses>3195001</misses>
				<total>214</total>
				<timestamp>542.647635</timestamp>
			</report>
			<report>
				<misses>3196001</misses>
				<total>214</total>
				<timestamp>542.817457</timestamp>
			</report>
			<report>
				<misses>3197001</misses>
				<total>214</total>
				<timestamp>542.987458</timestamp>
			</report>
			<report>
				<misses>3198001</misses>
				<total>214</total>
				<timestamp>543.157206</timestamp>
			</report>
			<report>
				<misses>3199001</misses>
				<total>214</total>
				<timestamp>543.327103</timestamp>
			</report>
			<report>
				<misses>3200001</misses>
				<total>214</total>
				<timestamp>543.496906</timestamp>
			</report>
			<report>
				<misses>3201001</misses>
				<total>214</total>
				<timestamp>543.666676</timestamp>
			</report>
			<report>
				<misses>3202001</misses>
				<total>214</total>
				<timestamp>543.836481</timestamp>
			</report>
			<report>
				<misses>3203001</misses>
				<total>213</total>
				<timestamp>544.006427</timestamp>
			</report>
			<report>
				<misses>3204001</misses>
				<total>214</total>
				<timestamp>544.176174</timestamp>
			</report>
			<report>
				<misses>3205001</misses>
				<total>213</total>
				<timestamp>544.346222</timestamp>
			</report>
			<report>
				<misses>3206001</misses>
				<total>214</total>
				<timestamp>544.515989</timestamp>
			</report>
			<report>
				<misses>3207001</misses>
				<total>214</total>
				<timestamp>544.685915</timestamp>
			</report>
			<report>
				<misses>3208001</misses>
				<total>214</total>
				<timestamp>544.855668</timestamp>
			</report>
			<report>
				<misses>3209001</misses>
				<total>214</total>
				<timestamp>545.025451</timestamp>
			</report>
			<report>
				<misses>3210001</misses>
				<total>214</total>
				<timestamp>545.195357</timestamp>
			</report>
			<report>
				<misses>3211001</misses>
				<total>213</total>
				<timestamp>545.365213</timestamp>
			</report>
			<report>
				<misses>3212001</misses>
				<total>214</total>
				<timestamp>545.534954</timestamp>
			</report>
			<report>
				<misses>3213001</misses>
				<total>214</total>
				<timestamp>545.704778</timestamp>
			</report>
			<report>
				<misses>3214001</misses>
				<total>214</total>
				<timestamp>545.874581</timestamp>
			</report>
			<report>
				<misses>3215001</misses>
				<total>214</total>
				<timestamp>546.044408</timestamp>
			</report>
			<report>
				<misses>3216001</misses>
				<total>214</total>
				<timestamp>546.214309</timestamp>
			</report>
			<report>
				<misses>3217001</misses>
				<total>213</total>
				<timestamp>546.384205</timestamp>
			</report>
			<report>
				<misses>3218001</misses>
				<total>214</total>
				<timestamp>546.553944</timestamp>
			</report>
			<report>
				<misses>3219001</misses>
				<total>214</total>
				<timestamp>546.723731</timestamp>
			</report>
			<report>
				<misses>3220001</misses>
				<total>214</total>
				<timestamp>546.893561</timestamp>
			</report>
			<report>
				<misses>3221001</misses>
				<total>214</total>
				<timestamp>547.063385</timestamp>
			</report>
			<report>
				<misses>3222001</misses>
				<total>214</total>
				<timestamp>547.233256</timestamp>
			</report>
			<report>
				<misses>3223001</misses>
				<total>214</total>
				<timestamp>547.403120</timestamp>
			</report>
			<report>
				<misses>3224001</misses>
				<total>214</total>
				<timestamp>547.572899</timestamp>
			</report>
			<report>
				<misses>3225001</misses>
				<total>214</total>
				<timestamp>547.742757</timestamp>
			</report>
			<report>
				<misses>3226001</misses>
				<total>214</total>
				<timestamp>547.912548</timestamp>
			</report>
			<report>
				<misses>3227001</misses>
				<total>214</total>
				<timestamp>548.082374</timestamp>
			</report>
			<report>
				<misses>3228001</misses>
				<total>213</total>
				<timestamp>548.252306</timestamp>
			</report>
			<report>
				<misses>3229001</misses>
				<total>214</total>
				<timestamp>548.422069</timestamp>
			</report>
			<report>
				<misses>3230001</misses>
				<total>214</total>
				<timestamp>548.591879</timestamp>
			</report>
			<report>
				<misses>3231001</misses>
				<total>214</total>
				<timestamp>548.761709</timestamp>
			</report>
			<report>
				<misses>3232001</misses>
				<total>214</total>
				<timestamp>548.931512</timestamp>
			</report>
			<report>
				<misses>3233001</misses>
				<total>214</total>
				<timestamp>549.101345</timestamp>
			</report>
			<report>
				<misses>3234001</misses>
				<total>213</total>
				<timestamp>549.271288</timestamp>
			</report>
			<report>
				<misses>3235001</misses>
				<total>214</total>
				<timestamp>549.441084</timestamp>
			</report>
			<report>
				<misses>3236001</misses>
				<total>214</total>
				<timestamp>549.610853</timestamp>
			</report>
			<report>
				<misses>3237001</misses>
				<total>214</total>
				<timestamp>549.780678</timestamp>
			</report>
			<report>
				<misses>3238001</misses>
				<total>214</total>
				<timestamp>549.950507</timestamp>
			</report>
			<report>
				<misses>3239001</misses>
				<total>214</total>
				<timestamp>550.120340</timestamp>
			</report>
			<report>
				<misses>3240001</misses>
				<total>214</total>
				<timestamp>550.290239</timestamp>
			</report>
			<report>
				<misses>3241001</misses>
				<total>214</total>
				<timestamp>550.460135</timestamp>
			</report>
			<report>
				<misses>3242001</misses>
				<total>215</total>
				<timestamp>550.629840</timestamp>
			</report>
			<report>
				<misses>3243001</misses>
				<total>215</total>
				<timestamp>550.799776</timestamp>
			</report>
			<report>
				<misses>3244001</misses>
				<total>215</total>
				<timestamp>550.969551</timestamp>
			</report>
			<report>
				<misses>3245001</misses>
				<total>215</total>
				<timestamp>551.139339</timestamp>
			</report>
			<report>
				<misses>3246001</misses>
				<total>215</total>
				<timestamp>551.309169</timestamp>
			</report>
			<report>
				<misses>3247001</misses>
				<total>214</total>
				<timestamp>551.479109</timestamp>
			</report>
			<report>
				<misses>3248001</misses>
				<total>215</total>
				<timestamp>551.648792</timestamp>
			</report>
			<report>
				<misses>3249001</misses>
				<total>215</total>
				<timestamp>551.818661</timestamp>
			</report>
			<report>
				<misses>3250001</misses>
				<total>215</total>
				<timestamp>551.988470</timestamp>
			</report>
			<report>
				<misses>3251001</misses>
				<total>215</total>
				<timestamp>552.158300</timestamp>
			</report>
			<report>
				<misses>3252001</misses>
				<total>215</total>
				<timestamp>552.328155</timestamp>
			</report>
			<report>
				<misses>3253001</misses>
				<total>218</total>
				<timestamp>552.498049</timestamp>
			</report>
			<report>
				<misses>3254001</misses>
				<total>226</total>
				<timestamp>552.667790</timestamp>
			</report>
			<report>
				<misses>3255001</misses>
				<total>226</total>
				<timestamp>552.837613</timestamp>
			</report>
			<report>
				<misses>3256001</misses>
				<total>226</total>
				<timestamp>553.007435</timestamp>
			</report>
			<report>
				<misses>3257001</misses>
				<total>226</total>
				<timestamp>553.177294</timestamp>
			</report>
			<report>
				<misses>3258001</misses>
				<total>226</total>
				<timestamp>553.347151</timestamp>
			</report>
			<report>
				<misses>3259001</misses>
				<total>225</total>
				<timestamp>553.517076</timestamp>
			</report>
			<report>
				<misses>3260001</misses>
				<total>226</total>
				<timestamp>553.686759</timestamp>
			</report>
			<report>
				<misses>3261001</misses>
				<total>226</total>
				<timestamp>553.856589</timestamp>
			</report>
			<report>
				<misses>3262001</misses>
				<total>226</total>
				<timestamp>554.026450</timestamp>
			</report>
			<report>
				<misses>3263001</misses>
				<total>226</total>
				<timestamp>554.196248</timestamp>
			</report>
			<report>
				<misses>3264001</misses>
				<total>226</total>
				<timestamp>554.366091</timestamp>
			</report>
			<report>
				<misses>3265001</misses>
				<total>226</total>
				<timestamp>554.535930</timestamp>
			</report>
			<report>
				<misses>3266001</misses>
				<total>226</total>
				<timestamp>554.705750</timestamp>
			</report>
			<report>
				<misses>3267001</misses>
				<total>233</total>
				<timestamp>554.875614</timestamp>
			</report>
			<report>
				<misses>3268001</misses>
				<total>233</total>
				<timestamp>555.045419</timestamp>
			</report>
			<report>
				<misses>3269001</misses>
				<total>232</total>
				<timestamp>555.215286</timestamp>
			</report>
			<report>
				<misses>3270001</misses>
				<total>233</total>
				<timestamp>555.385064</timestamp>
			</report>
			<report>
				<misses>3271001</misses>
				<total>232</total>
				<timestamp>555.555038</timestamp>
			</report>
			<report>
				<misses>3272001</misses>
				<total>233</total>
				<timestamp>555.724715</timestamp>
			</report>
			<report>
				<misses>3273001</misses>
				<total>234</total>
				<timestamp>555.894582</timestamp>
			</report>
			<report>
				<misses>3274001</misses>
				<total>234</total>
				<timestamp>556.064410</timestamp>
			</report>
			<report>
				<misses>3275001</misses>
				<total>234</total>
				<timestamp>556.234221</timestamp>
			</report>
			<report>
				<misses>3276001</misses>
				<total>234</total>
				<timestamp>556.404158</timestamp>
			</report>
			<report>
				<misses>3277001</misses>
				<total>233</total>
				<timestamp>556.574061</timestamp>
			</report>
			<report>
				<misses>3278001</misses>
				<total>233</total>
				<timestamp>556.744059</timestamp>
			</report>
			<report>
				<misses>3279001</misses>
				<total>233</total>
				<timestamp>556.914082</timestamp>
			</report>
			<report>
				<misses>3280001</misses>
				<total>233</total>
				<timestamp>557.084101</timestamp>
			</report>
			<report>
				<misses>3281001</misses>
				<total>234</total>
				<timestamp>557.253959</timestamp>
			</report>
			<report>
				<misses>3282001</misses>
				<total>234</total>
				<timestamp>557.423770</timestamp>
			</report>
			<report>
				<misses>3283001</misses>
				<total>234</total>
				<timestamp>557.593570</timestamp>
			</report>
			<report>
				<misses>3284001</misses>
				<total>234</total>
				<timestamp>557.763437</timestamp>
			</report>
			<report>
				<misses>3285001</misses>
				<total>233</total>
				<timestamp>557.933335</timestamp>
			</report>
			<report>
				<misses>3286001</misses>
				<total>233</total>
				<timestamp>558.103138</timestamp>
			</report>
			<report>
				<misses>3287001</misses>
				<total>234</total>
				<timestamp>558.272946</timestamp>
			</report>
			<report>
				<misses>3288001</misses>
				<total>234</total>
				<timestamp>558.442754</timestamp>
			</report>
			<report>
				<misses>3289001</misses>
				<total>234</total>
				<timestamp>558.612618</timestamp>
			</report>
			<report>
				<misses>3290001</misses>
				<total>234</total>
				<timestamp>558.782376</timestamp>
			</report>
			<report>
				<misses>3291001</misses>
				<total>234</total>
				<timestamp>558.952261</timestamp>
			</report>
			<report>
				<misses>3292001</misses>
				<total>234</total>
				<timestamp>559.122115</timestamp>
			</report>
			<report>
				<misses>3293001</misses>
				<total>234</total>
				<timestamp>559.291867</timestamp>
			</report>
			<report>
				<misses>3294001</misses>
				<total>234</total>
				<timestamp>559.461709</timestamp>
			</report>
			<report>
				<misses>3295001</misses>
				<total>234</total>
				<timestamp>559.631562</timestamp>
			</report>
			<report>
				<misses>3296001</misses>
				<total>234</total>
				<timestamp>559.801369</timestamp>
			</report>
			<report>
				<misses>3297001</misses>
				<total>234</total>
				<timestamp>559.971271</timestamp>
			</report>
			<report>
				<misses>3298001</misses>
				<total>233</total>
				<timestamp>560.141190</timestamp>
			</report>
			<report>
				<misses>3299001</misses>
				<total>234</total>
				<timestamp>560.311093</timestamp>
			</report>
			<report>
				<misses>3300001</misses>
				<total>234</total>
				<timestamp>560.480927</timestamp>
			</report>
			<report>
				<misses>3301001</misses>
				<total>234</total>
				<timestamp>560.650713</timestamp>
			</report>
			<report>
				<misses>3302001</misses>
				<total>234</total>
				<timestamp>560.820468</timestamp>
			</report>
			<report>
				<misses>3303001</misses>
				<total>234</total>
				<timestamp>560.990409</timestamp>
			</report>
			<report>
				<misses>3304001</misses>
				<total>234</total>
				<timestamp>561.160271</timestamp>
			</report>
			<report>
				<misses>3305001</misses>
				<total>234</total>
				<timestamp>561.330134</timestamp>
			</report>
			<report>
				<misses>3306001</misses>
				<total>233</total>
				<timestamp>561.500121</timestamp>
			</report>
			<report>
				<misses>3307001</misses>
				<total>234</total>
				<timestamp>561.669912</timestamp>
			</report>
			<report>
				<misses>3308001</misses>
				<total>234</total>
				<timestamp>561.839702</timestamp>
			</report>
			<report>
				<misses>3309001</misses>
				<total>236</total>
				<timestamp>562.009524</timestamp>
			</report>
			<report>
				<misses>3310001</misses>
				<total>236</total>
				<timestamp>562.179361</timestamp>
			</report>
			<report>
				<misses>3311001</misses>
				<total>235</total>
				<timestamp>562.349350</timestamp>
			</report>
			<report>
				<misses>3312001</misses>
				<total>236</total>
				<timestamp>562.519308</timestamp>
			</report>
			<report>
				<misses>3313001</misses>
				<total>236</total>
				<timestamp>562.689334</timestamp>
			</report>
			<report>
				<misses>3314001</misses>
				<total>235</total>
				<timestamp>562.859274</timestamp>
			</report>
			<report>
				<misses>3315001</misses>
				<total>235</total>
				<timestamp>563.029023</timestamp>
			</report>
			<report>
				<misses>3316001</misses>
				<total>236</total>
				<timestamp>563.198822</timestamp>
			</report>
			<report>
				<misses>3317001</misses>
				<total>236</total>
				<timestamp>563.368740</timestamp>
			</report>
			<report>
				<misses>3318001</misses>
				<total>236</total>
				<timestamp>563.538490</timestamp>
			</report>
			<report>
				<misses>3319001</misses>
				<total>236</total>
				<timestamp>563.708275</timestamp>
			</report>
			<report>
				<misses>3320001</misses>
				<total>235</total>
				<timestamp>563.878238</timestamp>
			</report>
			<report>
				<misses>3321001</misses>
				<total>236</total>
				<timestamp>564.048111</timestamp>
			</report>
			<report>
				<misses>3322001</misses>
				<total>235</total>
				<timestamp>564.218018</timestamp>
			</report>
			<report>
				<misses>3323001</misses>
				<total>236</total>
				<timestamp>564.387755</timestamp>
			</report>
			<report>
				<misses>3324001</misses>
				<total>236</total>
				<timestamp>564.557607</timestamp>
			</report>
			<report>
				<misses>3325001</misses>
				<total>236</total>
				<timestamp>564.727418</timestamp>
			</report>
			<report>
				<misses>3326001</misses>
				<total>236</total>
				<timestamp>564.897318</timestamp>
			</report>
			<report>
				<misses>3327001</misses>
				<total>236</total>
				<timestamp>565.067072</timestamp>
			</report>
			<report>
				<misses>3328001</misses>
				<total>236</total>
				<timestamp>565.237004</timestamp>
			</report>
			<report>
				<misses>3329001</misses>
				<total>240</total>
				<timestamp>565.406781</timestamp>
			</report>
			<report>
				<misses>3330001</misses>
				<total>240</total>
				<timestamp>565.576695</timestamp>
			</report>
			<report>
				<misses>3331001</misses>
				<total>240</total>
				<timestamp>565.746395</timestamp>
			</report>
			<report>
				<misses>3332001</misses>
				<total>240</total>
				<timestamp>565.916244</timestamp>
			</report>
			<report>
				<misses>3333001</misses>
				<total>240</total>
				<timestamp>566.086082</timestamp>
			</report>
			<report>
				<misses>3334001</misses>
				<total>239</total>
				<timestamp>566.256002</timestamp>
			</report>
			<report>
				<misses>3335001</misses>
				<total>240</total>
				<timestamp>566.425744</timestamp>
			</report>
			<report>
				<misses>3336001</misses>
				<total>240</total>
				<timestamp>566.595535</timestamp>
			</report>
			<report>
				<misses>3337001</misses>
				<total>240</total>
				<timestamp>566.765376</timestamp>
			</report>
			<report>
				<misses>3338001</misses>
				<total>240</total>
				<timestamp>566.935268</timestamp>
			</report>
			<report>
				<misses>3339001</misses>
				<total>241</total>
				<timestamp>567.105152</timestamp>
			</report>
			<report>
				<misses>3340001</misses>
				<total>240</total>
				<timestamp>567.275067</timestamp>
			</report>
			<report>
				<misses>3341001</misses>
				<total>241</total>
				<timestamp>567.444988</timestamp>
			</report>
			<report>
				<misses>3342001</misses>
				<total>241</total>
				<timestamp>567.614708</timestamp>
			</report>
			<report>
				<misses>3343001</misses>
				<total>243</total>
				<timestamp>567.784550</timestamp>
			</report>
			<report>
				<misses>3344001</misses>
				<total>243</total>
				<timestamp>567.954342</timestamp>
			</report>
			<report>
				<misses>3345001</misses>
				<total>243</total>
				<timestamp>568.124178</timestamp>
			</report>
			<report>
				<misses>3346001</misses>
				<total>243</total>
				<timestamp>568.294031</timestamp>
			</report>
			<report>
				<misses>3347001</misses>
				<total>242</total>
				<timestamp>568.463970</timestamp>
			</report>
			<report>
				<misses>3348001</misses>
				<total>243</total>
				<timestamp>568.633719</timestamp>
			</report>
			<report>
				<misses>3349001</misses>
				<total>243</total>
				<timestamp>568.803510</timestamp>
			</report>
			<report>
				<misses>3350001</misses>
				<total>243</total>
				<timestamp>568.973339</timestamp>
			</report>
			<report>
				<misses>3351001</misses>
				<total>243</total>
				<timestamp>569.143185</timestamp>
			</report>
			<report>
				<misses>3352001</misses>
				<total>243</total>
				<timestamp>569.313051</timestamp>
			</report>
			<report>
				<misses>3353001</misses>
				<total>242</total>
				<timestamp>569.482964</timestamp>
			</report>
			<report>
				<misses>3354001</misses>
				<total>243</total>
				<timestamp>569.652650</timestamp>
			</report>
			<report>
				<misses>3355001</misses>
				<total>243</total>
				<timestamp>569.822484</timestamp>
			</report>
			<report>
				<misses>3356001</misses>
				<total>243</total>
				<timestamp>569.992364</timestamp>
			</report>
			<report>
				<misses>3357001</misses>
				<total>243</total>
				<timestamp>570.162182</timestamp>
			</report>
			<report>
				<misses>3358001</misses>
				<total>243</total>
				<timestamp>570.332111</timestamp>
			</report>
			<report>
				<misses>3359001</misses>
				<total>242</total>
				<timestamp>570.502069</timestamp>
			</report>
			<report>
				<misses>3360001</misses>
				<total>242</total>
				<timestamp>570.672087</timestamp>
			</report>
			<report>
				<misses>3361001</misses>
				<total>243</total>
				<timestamp>570.841893</timestamp>
			</report>
			<report>
				<misses>3362001</misses>
				<total>243</total>
				<timestamp>571.011646</timestamp>
			</report>
			<report>
				<misses>3363001</misses>
				<total>243</total>
				<timestamp>571.181618</timestamp>
			</report>
			<report>
				<misses>3364001</misses>
				<total>243</total>
				<timestamp>571.351300</timestamp>
			</report>
			<report>
				<misses>3365001</misses>
				<total>243</total>
				<timestamp>571.521210</timestamp>
			</report>
			<report>
				<misses>3366001</misses>
				<total>243</total>
				<timestamp>571.691114</timestamp>
			</report>
			<report>
				<misses>3367001</misses>
				<total>243</total>
				<timestamp>571.860810</timestamp>
			</report>
			<report>
				<misses>3368001</misses>
				<total>243</total>
				<timestamp>572.030623</timestamp>
			</report>
			<report>
				<misses>3369001</misses>
				<total>243</total>
				<timestamp>572.200451</timestamp>
			</report>
			<report>
				<misses>3370001</misses>
				<total>243</total>
				<timestamp>572.370275</timestamp>
			</report>
			<report>
				<misses>3371001</misses>
				<total>242</total>
				<timestamp>572.540148</timestamp>
			</report>
			<report>
				<misses>3372001</misses>
				<total>243</total>
				<timestamp>572.709979</timestamp>
			</report>
			<report>
				<misses>3373001</misses>
				<total>243</total>
				<timestamp>572.879847</timestamp>
			</report>
			<report>
				<misses>3374001</misses>
				<total>243</total>
				<timestamp>573.049590</timestamp>
			</report>
			<report>
				<misses>3375001</misses>
				<total>243</total>
				<timestamp>573.219417</timestamp>
			</report>
			<report>
				<misses>3376001</misses>
				<total>243</total>
				<timestamp>573.389250</timestamp>
			</report>
			<report>
				<misses>3377001</misses>
				<total>242</total>
				<timestamp>573.559126</timestamp>
			</report>
			<report>
				<misses>3378001</misses>
				<total>242</total>
				<timestamp>573.729027</timestamp>
			</report>
			<report>
				<misses>3379001</misses>
				<total>243</total>
				<timestamp>573.898753</timestamp>
			</report>
			<report>
				<misses>3380001</misses>
				<total>243</total>
				<timestamp>574.068575</timestamp>
			</report>
			<report>
				<misses>3381001</misses>
				<total>243</total>
				<timestamp>574.238408</timestamp>
			</report>
			<report>
				<misses>3382001</misses>
				<total>243</total>
				<timestamp>574.408228</timestamp>
			</report>
			<report>
				<misses>3383001</misses>
				<total>243</total>
				<timestamp>574.578087</timestamp>
			</report>
			<report>
				<misses>3384001</misses>
				<total>242</total>
				<timestamp>574.748040</timestamp>
			</report>
			<report>
				<misses>3385001</misses>
				<total>243</total>
				<timestamp>574.917718</timestamp>
			</report>
			<report>
				<misses>3386001</misses>
				<total>243</total>
				<timestamp>575.087570</timestamp>
			</report>
			<report>
				<misses>3387001</misses>
				<total>244</total>
				<timestamp>575.257382</timestamp>
			</report>
			<report>
				<misses>3388001</misses>
				<total>244</total>
				<timestamp>575.427206</timestamp>
			</report>
			<report>
				<misses>3389001</misses>
				<total>243</total>
				<timestamp>575.597141</timestamp>
			</report>
			<report>
				<misses>3390001</misses>
				<total>244</total>
				<timestamp>575.766924</timestamp>
			</report>
			<report>
				<misses>3391001</misses>
				<total>244</total>
				<timestamp>575.936762</timestamp>
			</report>
			<report>
				<misses>3392001</misses>
				<total>244</total>
				<timestamp>576.106570</timestamp>
			</report>
			<report>
				<misses>3393001</misses>
				<total>244</total>
				<timestamp>576.276370</timestamp>
			</report>
			<report>
				<misses>3394001</misses>
				<total>244</total>
				<timestamp>576.446193</timestamp>
			</report>
			<report>
				<misses>3395001</misses>
				<total>244</total>
				<timestamp>576.616043</timestamp>
			</report>
			<report>
				<misses>3396001</misses>
				<total>244</total>
				<timestamp>576.785889</timestamp>
			</report>
			<report>
				<misses>3397001</misses>
				<total>244</total>
				<timestamp>576.955680</timestamp>
			</report>
			<report>
				<misses>3398001</misses>
				<total>244</total>
				<timestamp>577.125557</timestamp>
			</report>
			<report>
				<misses>3399001</misses>
				<total>244</total>
				<timestamp>577.295339</timestamp>
			</report>
			<report>
				<misses>3400001</misses>
				<total>244</total>
				<timestamp>577.465195</timestamp>
			</report>
			<report>
				<misses>3401001</misses>
				<total>243</total>
				<timestamp>577.635138</timestamp>
			</report>
			<report>
				<misses>3402001</misses>
				<total>243</total>
				<timestamp>577.804899</timestamp>
			</report>
			<report>
				<misses>3403001</misses>
				<total>244</total>
				<timestamp>577.974697</timestamp>
			</report>
			<report>
				<misses>3404001</misses>
				<total>244</total>
				<timestamp>578.144495</timestamp>
			</report>
			<report>
				<misses>3405001</misses>
				<total>244</total>
				<timestamp>578.314322</timestamp>
			</report>
			<report>
				<misses>3406001</misses>
				<total>253</total>
				<timestamp>578.484155</timestamp>
			</report>
			<report>
				<misses>3407001</misses>
				<total>253</total>
				<timestamp>578.653992</timestamp>
			</report>
			<report>
				<misses>3408001</misses>
				<total>252</total>
				<timestamp>578.823918</timestamp>
			</report>
			<report>
				<misses>3409001</misses>
				<total>253</total>
				<timestamp>578.993662</timestamp>
			</report>
			<report>
				<misses>3410001</misses>
				<total>253</total>
				<timestamp>579.163478</timestamp>
			</report>
			<report>
				<misses>3411001</misses>
				<total>253</total>
				<timestamp>579.333320</timestamp>
			</report>
			<report>
				<misses>3412001</misses>
				<total>253</total>
				<timestamp>579.503128</timestamp>
			</report>
			<report>
				<misses>3413001</misses>
				<total>253</total>
				<timestamp>579.672987</timestamp>
			</report>
			<report>
				<misses>3414001</misses>
				<total>253</total>
				<timestamp>579.842874</timestamp>
			</report>
			<report>
				<misses>3415001</misses>
				<total>253</total>
				<timestamp>580.012663</timestamp>
			</report>
			<report>
				<misses>3416001</misses>
				<total>253</total>
				<timestamp>580.182449</timestamp>
			</report>
			<report>
				<misses>3417001</misses>
				<total>253</total>
				<timestamp>580.352276</timestamp>
			</report>
			<report>
				<misses>3418001</misses>
				<total>253</total>
				<timestamp>580.522132</timestamp>
			</report>
			<report>
				<misses>3419001</misses>
				<total>253</total>
				<timestamp>580.692018</timestamp>
			</report>
			<report>
				<misses>3420001</misses>
				<total>252</total>
				<timestamp>580.861949</timestamp>
			</report>
			<report>
				<misses>3421001</misses>
				<total>252</total>
				<timestamp>581.031906</timestamp>
			</report>
			<report>
				<misses>3422001</misses>
				<total>253</total>
				<timestamp>581.201637</timestamp>
			</report>
			<report>
				<misses>3423001</misses>
				<total>253</total>
				<timestamp>581.371498</timestamp>
			</report>
			<report>
				<misses>3424001</misses>
				<total>253</total>
				<timestamp>581.541298</timestamp>
			</report>
			<report>
				<misses>3425001</misses>
				<total>253</total>
				<timestamp>581.711158</timestamp>
			</report>
			<report>
				<misses>3426001</misses>
				<total>253</total>
				<timestamp>581.881081</timestamp>
			</report>
			<report>
				<misses>3427001</misses>
				<total>252</total>
				<timestamp>582.050907</timestamp>
			</report>
			<report>
				<misses>3428001</misses>
				<total>253</total>
				<timestamp>582.220655</timestamp>
			</report>
			<report>
				<misses>3429001</misses>
				<total>253</total>
				<timestamp>582.390520</timestamp>
			</report>
			<report>
				<misses>3430001</misses>
				<total>253</total>
				<timestamp>582.560265</timestamp>
			</report>
			<report>
				<misses>3431001</misses>
				<total>253</total>
				<timestamp>582.730148</timestamp>
			</report>
			<report>
				<misses>3432001</misses>
				<total>252</total>
				<timestamp>582.900083</timestamp>
			</report>
			<report>
				<misses>3433001</misses>
				<total>252</total>
				<timestamp>583.070017</timestamp>
			</report>
			<report>
				<misses>3434001</misses>
				<total>253</total>
				<timestamp>583.239808</timestamp>
			</report>
			<report>
				<misses>3435001</misses>
				<total>253</total>
				<timestamp>583.409684</timestamp>
			</report>
			<report>
				<misses>3436001</misses>
				<total>253</total>
				<timestamp>583.579493</timestamp>
			</report>
			<report>
				<misses>3437001</misses>
				<total>253</total>
				<timestamp>583.749233</timestamp>
			</report>
			<report>
				<misses>3438001</misses>
				<total>252</total>
				<timestamp>583.919088</timestamp>
			</report>
			<report>
				<misses>3439001</misses>
				<total>252</total>
				<timestamp>584.088971</timestamp>
			</report>
			<report>
				<misses>3440001</misses>
				<total>252</total>
				<timestamp>584.258948</timestamp>
			</report>
			<report>
				<misses>3441001</misses>
				<total>252</total>
				<timestamp>584.428880</timestamp>
			</report>
			<report>
				<misses>3442001</misses>
				<total>254</total>
				<timestamp>584.598570</timestamp>
			</report>
			<report>
				<misses>3443001</misses>
				<total>254</total>
				<timestamp>584.768417</timestamp>
			</report>
			<report>
				<misses>3444001</misses>
				<total>254</total>
				<timestamp>584.938333</timestamp>
			</report>
			<report>
				<misses>3445001</misses>
				<total>253</total>
				<timestamp>585.108199</timestamp>
			</report>
			<report>
				<misses>3446001</misses>
				<total>254</total>
				<timestamp>585.277916</timestamp>
			</report>
			<report>
				<misses>3447001</misses>
				<total>254</total>
				<timestamp>585.447794</timestamp>
			</report>
			<report>
				<misses>3448001</misses>
				<total>254</total>
				<timestamp>585.617531</timestamp>
			</report>
			<report>
				<misses>3449001</misses>
				<total>254</total>
				<timestamp>585.787366</timestamp>
			</report>
			<report>
				<misses>3450001</misses>
				<total>254</total>
				<timestamp>585.957182</timestamp>
			</report>
			<report>
				<misses>3451001</misses>
				<total>255</total>
				<timestamp>586.127011</timestamp>
			</report>
			<report>
				<misses>3452001</misses>
				<total>254</total>
				<timestamp>586.296989</timestamp>
			</report>
			<report>
				<misses>3453001</misses>
				<total>255</total>
				<timestamp>586.466705</timestamp>
			</report>
			<report>
				<misses>3454001</misses>
				<total>255</total>
				<timestamp>586.636548</timestamp>
			</report>
			<report>
				<misses>3455001</misses>
				<total>255</total>
				<timestamp>586.806336</timestamp>
			</report>
			<report>
				<misses>3456001</misses>
				<total>255</total>
				<timestamp>586.976155</timestamp>
			</report>
			<report>
				<misses>3457001</misses>
				<total>254</total>
				<timestamp>587.146062</timestamp>
			</report>
			<report>
				<misses>3458001</misses>
				<total>254</total>
				<timestamp>587.315936</timestamp>
			</report>
			<report>
				<misses>3459001</misses>
				<total>255</total>
				<timestamp>587.485659</timestamp>
			</report>
			<report>
				<misses>3460001</misses>
				<total>255</total>
				<timestamp>587.655488</timestamp>
			</report>
			<report>
				<misses>3461001</misses>
				<total>255</total>
				<timestamp>587.825317</timestamp>
			</report>
			<report>
				<misses>3462001</misses>
				<total>255</total>
				<timestamp>587.995145</timestamp>
			</report>
			<report>
				<misses>3463001</misses>
				<total>255</total>
				<timestamp>588.165008</timestamp>
			</report>
			<report>
				<misses>3464001</misses>
				<total>255</total>
				<timestamp>588.334851</timestamp>
			</report>
			<report>
				<misses>3465001</misses>
				<total>255</total>
				<timestamp>588.504672</timestamp>
			</report>
			<report>
				<misses>3466001</misses>
				<total>261</total>
				<timestamp>588.674499</timestamp>
			</report>
			<report>
				<misses>3467001</misses>
				<total>261</total>
				<timestamp>588.844274</timestamp>
			</report>
			<report>
				<misses>3468001</misses>
				<total>261</total>
				<timestamp>589.014126</timestamp>
			</report>
			<report>
				<misses>3469001</misses>
				<total>261</total>
				<timestamp>589.184054</timestamp>
			</report>
			<report>
				<misses>3470001</misses>
				<total>261</total>
				<timestamp>589.353837</timestamp>
			</report>
			<report>
				<misses>3471001</misses>
				<total>261</total>
				<timestamp>589.523616</timestamp>
			</report>
			<report>
				<misses>3472001</misses>
				<total>261</total>
				<timestamp>589.693513</timestamp>
			</report>
			<report>
				<misses>3473001</misses>
				<total>261</total>
				<timestamp>589.863274</timestamp>
			</report>
			<report>
				<misses>3474001</misses>
				<total>261</total>
				<timestamp>590.033091</timestamp>
			</report>
			<report>
				<misses>3475001</misses>
				<total>260</total>
				<timestamp>590.203074</timestamp>
			</report>
			<report>
				<misses>3476001</misses>
				<total>261</total>
				<timestamp>590.372822</timestamp>
			</report>
			<report>
				<misses>3477001</misses>
				<total>261</total>
				<timestamp>590.542688</timestamp>
			</report>
			<report>
				<misses>3478001</misses>
				<total>262</total>
				<timestamp>590.712517</timestamp>
			</report>
			<report>
				<misses>3479001</misses>
				<total>261</total>
				<timestamp>590.882260</timestamp>
			</report>
			<report>
				<misses>3480001</misses>
				<total>262</total>
				<timestamp>591.052081</timestamp>
			</report>
			<report>
				<misses>3481001</misses>
				<total>261</total>
				<timestamp>591.222004</timestamp>
			</report>
			<report>
				<misses>3482001</misses>
				<total>261</total>
				<timestamp>591.391814</timestamp>
			</report>
			<report>
				<misses>3483001</misses>
				<total>262</total>
				<timestamp>591.561572</timestamp>
			</report>
			<report>
				<misses>3484001</misses>
				<total>262</total>
				<timestamp>591.731409</timestamp>
			</report>
			<report>
				<misses>3485001</misses>
				<total>262</total>
				<timestamp>591.901253</timestamp>
			</report>
			<report>
				<misses>3486001</misses>
				<total>262</total>
				<timestamp>592.071082</timestamp>
			</report>
			<report>
				<misses>3487001</misses>
				<total>262</total>
				<timestamp>592.241035</timestamp>
			</report>
			<report>
				<misses>3488001</misses>
				<total>264</total>
				<timestamp>592.410810</timestamp>
			</report>
			<report>
				<misses>3489001</misses>
				<total>264</total>
				<timestamp>592.580555</timestamp>
			</report>
			<report>
				<misses>3490001</misses>
				<total>264</total>
				<timestamp>592.750382</timestamp>
			</report>
			<report>
				<misses>3491001</misses>
				<total>264</total>
				<timestamp>592.920226</timestamp>
			</report>
			<report>
				<misses>3492001</misses>
				<total>264</total>
				<timestamp>593.090110</timestamp>
			</report>
			<report>
				<misses>3493001</misses>
				<total>264</total>
				<timestamp>593.259993</timestamp>
			</report>
			<report>
				<misses>3494001</misses>
				<total>263</total>
				<timestamp>593.429793</timestamp>
			</report>
			<report>
				<misses>3495001</misses>
				<total>264</total>
				<timestamp>593.599685</timestamp>
			</report>
			<report>
				<misses>3496001</misses>
				<total>264</total>
				<timestamp>593.769368</timestamp>
			</report>
			<report>
				<misses>3497001</misses>
				<total>264</total>
				<timestamp>593.939205</timestamp>
			</report>
			<report>
				<misses>3498001</misses>
				<total>264</total>
				<timestamp>594.109138</timestamp>
			</report>
			<report>
				<misses>3499001</misses>
				<total>263</total>
				<timestamp>594.279020</timestamp>
			</report>
			<report>
				<misses>3500001</misses>
				<total>263</total>
				<timestamp>594.448889</timestamp>
			</report>
			<report>
				<misses>3501001</misses>
				<total>263</total>
				<timestamp>594.618875</timestamp>
			</report>
			<report>
				<misses>3502001</misses>
				<total>263</total>
				<timestamp>594.788802</timestamp>
			</report>
			<report>
				<misses>3503001</misses>
				<total>264</total>
				<timestamp>594.958538</timestamp>
			</report>
			<report>
				<misses>3504001</misses>
				<total>264</total>
				<timestamp>595.128449</timestamp>
			</report>
			<report>
				<misses>3505001</misses>
				<total>264</total>
				<timestamp>595.298211</timestamp>
			</report>
			<report>
				<misses>3506001</misses>
				<total>264</total>
				<timestamp>595.468053</timestamp>
			</report>
			<report>
				<misses>3507001</misses>
				<total>264</total>
				<timestamp>595.637860</timestamp>
			</report>
			<report>
				<misses>3508001</misses>
				<total>263</total>
				<timestamp>595.807831</timestamp>
			</report>
			<report>
				<misses>3509001</misses>
				<total>264</total>
				<timestamp>595.977617</timestamp>
			</report>
			<report>
				<misses>3510001</misses>
				<total>264</total>
				<timestamp>596.147339</timestamp>
			</report>
			<report>
				<misses>3511001</misses>
				<total>264</total>
				<timestamp>596.317242</timestamp>
			</report>
			<report>
				<misses>3512001</misses>
				<total>264</total>
				<timestamp>596.487143</timestamp>
			</report>
			<report>
				<misses>3513001</misses>
				<total>263</total>
				<timestamp>596.657043</timestamp>
			</report>
			<report>
				<misses>3514001</misses>
				<total>264</total>
				<timestamp>596.826991</timestamp>
			</report>
			<report>
				<misses>3515001</misses>
				<total>264</total>
				<timestamp>596.996827</timestamp>
			</report>
			<report>
				<misses>3516001</misses>
				<total>263</total>
				<timestamp>597.166770</timestamp>
			</report>
			<report>
				<misses>3517001</misses>
				<total>264</total>
				<timestamp>597.336480</timestamp>
			</report>
			<report>
				<misses>3518001</misses>
				<total>265</total>
				<timestamp>597.506296</timestamp>
			</report>
			<report>
				<misses>3519001</misses>
				<total>264</total>
				<timestamp>597.676162</timestamp>
			</report>
			<report>
				<misses>3520001</misses>
				<total>264</total>
				<timestamp>597.846006</timestamp>
			</report>
			<report>
				<misses>3521001</misses>
				<total>263</total>
				<timestamp>598.015893</timestamp>
			</report>
			<report>
				<misses>3522001</misses>
				<total>263</total>
				<timestamp>598.185793</timestamp>
			</report>
			<report>
				<misses>3523001</misses>
				<total>264</total>
				<timestamp>598.355459</timestamp>
			</report>
			<report>
				<misses>3524001</misses>
				<total>264</total>
				<timestamp>598.525320</timestamp>
			</report>
			<report>
				<misses>3525001</misses>
				<total>264</total>
				<timestamp>598.695119</timestamp>
			</report>
			<report>
				<misses>3526001</misses>
				<total>264</total>
				<timestamp>598.864952</timestamp>
			</report>
			<report>
				<misses>3527001</misses>
				<total>263</total>
				<timestamp>599.034897</timestamp>
			</report>
			<report>
				<misses>3528001</misses>
				<total>264</total>
				<timestamp>599.204617</timestamp>
			</report>
			<report>
				<misses>3529001</misses>
				<total>264</total>
				<timestamp>599.374462</timestamp>
			</report>
			<report>
				<misses>3530001</misses>
				<total>264</total>
				<timestamp>599.544262</timestamp>
			</report>
			<report>
				<misses>3531001</misses>
				<total>264</total>
				<timestamp>599.714090</timestamp>
			</report>
			<report>
				<misses>3532001</misses>
				<total>264</total>
				<timestamp>599.884084</timestamp>
			</report>
			<report>
				<misses>3533001</misses>
				<total>263</total>
				<timestamp>600.053829</timestamp>
			</report>
			<report>
				<misses>3534001</misses>
				<total>264</total>
				<timestamp>600.223615</timestamp>
			</report>
			<report>
				<misses>3535001</misses>
				<total>264</total>
				<timestamp>600.393449</timestamp>
			</report>
			<report>
				<misses>3536001</misses>
				<total>264</total>
				<timestamp>600.563335</timestamp>
			</report>
			<report>
				<misses>3537001</misses>
				<total>264</total>
				<timestamp>600.733093</timestamp>
			</report>
			<report>
				<misses>3538001</misses>
				<total>263</total>
				<timestamp>600.902971</timestamp>
			</report>
			<report>
				<misses>3539001</misses>
				<total>264</total>
				<timestamp>601.072733</timestamp>
			</report>
			<report>
				<misses>3540001</misses>
				<total>264</total>
				<timestamp>601.242634</timestamp>
			</report>
			<report>
				<misses>3541001</misses>
				<total>264</total>
				<timestamp>601.412382</timestamp>
			</report>
			<report>
				<misses>3542001</misses>
				<total>264</total>
				<timestamp>601.582214</timestamp>
			</report>
			<report>
				<misses>3543001</misses>
				<total>264</total>
				<timestamp>601.752057</timestamp>
			</report>
			<report>
				<misses>3544001</misses>
				<total>266</total>
				<timestamp>601.921966</timestamp>
			</report>
			<report>
				<misses>3545001</misses>
				<total>266</total>
				<timestamp>602.091771</timestamp>
			</report>
			<report>
				<misses>3546001</misses>
				<total>266</total>
				<timestamp>602.261583</timestamp>
			</report>
			<report>
				<misses>3547001</misses>
				<total>266</total>
				<timestamp>602.431412</timestamp>
			</report>
			<report>
				<misses>3548001</misses>
				<total>266</total>
				<timestamp>602.601215</timestamp>
			</report>
			<report>
				<misses>3549001</misses>
				<total>266</total>
				<timestamp>602.771033</timestamp>
			</report>
			<report>
				<misses>3550001</misses>
				<total>266</total>
				<timestamp>602.940958</timestamp>
			</report>
			<report>
				<misses>3551001</misses>
				<total>266</total>
				<timestamp>603.110749</timestamp>
			</report>
			<report>
				<misses>3552001</misses>
				<total>266</total>
				<timestamp>603.280666</timestamp>
			</report>
			<report>
				<misses>3553001</misses>
				<total>266</total>
				<timestamp>603.450387</timestamp>
			</report>
			<report>
				<misses>3554001</misses>
				<total>266</total>
				<timestamp>603.620290</timestamp>
			</report>
			<report>
				<misses>3555001</misses>
				<total>266</total>
				<timestamp>603.790008</timestamp>
			</report>
			<report>
				<misses>3556001</misses>
				<total>266</total>
				<timestamp>603.959865</timestamp>
			</report>
			<report>
				<misses>3557001</misses>
				<total>265</total>
				<timestamp>604.129713</timestamp>
			</report>
			<report>
				<misses>3558001</misses>
				<total>266</total>
				<timestamp>604.299539</timestamp>
			</report>
			<report>
				<misses>3559001</misses>
				<total>266</total>
				<timestamp>604.469327</timestamp>
			</report>
			<report>
				<misses>3560001</misses>
				<total>266</total>
				<timestamp>604.639171</timestamp>
			</report>
			<report>
				<misses>3561001</misses>
				<total>266</total>
				<timestamp>604.808998</timestamp>
			</report>
			<report>
				<misses>3562001</misses>
				<total>267</total>
				<timestamp>604.978835</timestamp>
			</report>
			<report>
				<misses>3563001</misses>
				<total>267</total>
				<timestamp>605.148648</timestamp>
			</report>
			<report>
				<misses>3564001</misses>
				<total>267</total>
				<timestamp>605.318495</timestamp>
			</report>
			<report>
				<misses>3565001</misses>
				<total>270</total>
				<timestamp>605.488306</timestamp>
			</report>
			<report>
				<misses>3566001</misses>
				<total>270</total>
				<timestamp>605.658179</timestamp>
			</report>
			<report>
				<misses>3567001</misses>
				<total>270</total>
				<timestamp>605.827991</timestamp>
			</report>
			<report>
				<misses>3568001</misses>
				<total>270</total>
				<timestamp>605.997805</timestamp>
			</report>
			<report>
				<misses>3569001</misses>
				<total>269</total>
				<timestamp>606.167733</timestamp>
			</report>
			<report>
				<misses>3570001</misses>
				<total>274</total>
				<timestamp>606.337460</timestamp>
			</report>
			<report>
				<misses>3571001</misses>
				<total>274</total>
				<timestamp>606.507287</timestamp>
			</report>
			<report>
				<misses>3572001</misses>
				<total>274</total>
				<timestamp>606.677165</timestamp>
			</report>
			<report>
				<misses>3573001</misses>
				<total>274</total>
				<timestamp>606.846999</timestamp>
			</report>
			<report>
				<misses>3574001</misses>
				<total>273</total>
				<timestamp>607.016943</timestamp>
			</report>
			<report>
				<misses>3575001</misses>
				<total>273</total>
				<timestamp>607.186860</timestamp>
			</report>
			<report>
				<misses>3576001</misses>
				<total>274</total>
				<timestamp>607.356737</timestamp>
			</report>
			<report>
				<misses>3577001</misses>
				<total>274</total>
				<timestamp>607.526539</timestamp>
			</report>
			<report>
				<misses>3578001</misses>
				<total>274</total>
				<timestamp>607.696370</timestamp>
			</report>
			<report>
				<misses>3579001</misses>
				<total>274</total>
				<timestamp>607.866158</timestamp>
			</report>
			<report>
				<misses>3580001</misses>
				<total>274</total>
				<timestamp>608.036027</timestamp>
			</report>
			<report>
				<misses>3581001</misses>
				<total>274</total>
				<timestamp>608.205862</timestamp>
			</report>
			<report>
				<misses>3582001</misses>
				<total>273</total>
				<timestamp>608.375716</timestamp>
			</report>
			<report>
				<misses>3583001</misses>
				<total>274</total>
				<timestamp>608.545463</timestamp>
			</report>
			<report>
				<misses>3584001</misses>
				<total>275</total>
				<timestamp>608.715247</timestamp>
			</report>
			<report>
				<misses>3585001</misses>
				<total>275</total>
				<timestamp>608.885078</timestamp>
			</report>
			<report>
				<misses>3586001</misses>
				<total>275</total>
				<timestamp>609.054955</timestamp>
			</report>
			<report>
				<misses>3587001</misses>
				<total>277</total>
				<timestamp>609.224832</timestamp>
			</report>
			<report>
				<misses>3588001</misses>
				<total>277</total>
				<timestamp>609.394733</timestamp>
			</report>
			<report>
				<misses>3589001</misses>
				<total>278</total>
				<timestamp>609.564435</timestamp>
			</report>
			<report>
				<misses>3590001</misses>
				<total>278</total>
				<timestamp>609.734297</timestamp>
			</report>
			<report>
				<misses>3591001</misses>
				<total>278</total>
				<timestamp>609.904144</timestamp>
			</report>
			<report>
				<misses>3592001</misses>
				<total>278</total>
				<timestamp>610.073933</timestamp>
			</report>
			<report>
				<misses>3593001</misses>
				<total>278</total>
				<timestamp>610.243869</timestamp>
			</report>
			<report>
				<misses>3594001</misses>
				<total>278</total>
				<timestamp>610.413826</timestamp>
			</report>
			<report>
				<misses>3595001</misses>
				<total>277</total>
				<timestamp>610.583836</timestamp>
			</report>
			<report>
				<misses>3596001</misses>
				<total>277</total>
				<timestamp>610.753786</timestamp>
			</report>
			<report>
				<misses>3597001</misses>
				<total>277</total>
				<timestamp>610.923718</timestamp>
			</report>
			<report>
				<misses>3598001</misses>
				<total>278</total>
				<timestamp>611.093420</timestamp>
			</report>
			<report>
				<misses>3599001</misses>
				<total>278</total>
				<timestamp>611.263267</timestamp>
			</report>
			<report>
				<misses>3600001</misses>
				<total>278</total>
				<timestamp>611.433101</timestamp>
			</report>
			<report>
				<misses>3601001</misses>
				<total>277</total>
				<timestamp>611.603045</timestamp>
			</report>
			<report>
				<misses>3602001</misses>
				<total>278</total>
				<timestamp>611.772931</timestamp>
			</report>
			<report>
				<misses>3603001</misses>
				<total>277</total>
				<timestamp>611.942921</timestamp>
			</report>
			<report>
				<misses>3604001</misses>
				<total>278</total>
				<timestamp>612.112846</timestamp>
			</report>
			<report>
				<misses>3605001</misses>
				<total>278</total>
				<timestamp>612.282575</timestamp>
			</report>
			<report>
				<misses>3606001</misses>
				<total>278</total>
				<timestamp>612.452433</timestamp>
			</report>
			<report>
				<misses>3607001</misses>
				<total>278</total>
				<timestamp>612.622199</timestamp>
			</report>
			<report>
				<misses>3608001</misses>
				<total>278</total>
				<timestamp>612.792161</timestamp>
			</report>
			<report>
				<misses>3609001</misses>
				<total>278</total>
				<timestamp>612.961950</timestamp>
			</report>
			<report>
				<misses>3610001</misses>
				<total>277</total>
				<timestamp>613.131907</timestamp>
			</report>
			<report>
				<misses>3611001</misses>
				<total>277</total>
				<timestamp>613.301893</timestamp>
			</report>
			<report>
				<misses>3612001</misses>
				<total>277</total>
				<timestamp>613.471861</timestamp>
			</report>
			<report>
				<misses>3613001</misses>
				<total>277</total>
				<timestamp>613.641787</timestamp>
			</report>
			<report>
				<misses>3614001</misses>
				<total>277</total>
				<timestamp>613.811649</timestamp>
			</report>
			<report>
				<misses>3615001</misses>
				<total>278</total>
				<timestamp>613.981502</timestamp>
			</report>
			<report>
				<misses>3616001</misses>
				<total>278</total>
				<timestamp>614.151271</timestamp>
			</report>
			<report>
				<misses>3617001</misses>
				<total>278</total>
				<timestamp>614.321121</timestamp>
			</report>
			<report>
				<misses>3618001</misses>
				<total>278</total>
				<timestamp>614.490959</timestamp>
			</report>
			<report>
				<misses>3619001</misses>
				<total>277</total>
				<timestamp>614.660836</timestamp>
			</report>
			<report>
				<misses>3620001</misses>
				<total>278</total>
				<timestamp>614.830905</timestamp>
			</report>
			<report>
				<misses>3621001</misses>
				<total>277</total>
				<timestamp>615.000859</timestamp>
			</report>
			<report>
				<misses>3622001</misses>
				<total>278</total>
				<timestamp>615.170771</timestamp>
			</report>
			<report>
				<misses>3623001</misses>
				<total>278</total>
				<timestamp>615.340601</timestamp>
			</report>
			<report>
				<misses>3624001</misses>
				<total>278</total>
				<timestamp>615.510436</timestamp>
			</report>
			<report>
				<misses>3625001</misses>
				<total>278</total>
				<timestamp>615.680258</timestamp>
			</report>
			<report>
				<misses>3626001</misses>
				<total>278</total>
				<timestamp>615.850046</timestamp>
			</report>
			<report>
				<misses>3627001</misses>
				<total>277</total>
				<timestamp>616.019952</timestamp>
			</report>
			<report>
				<misses>3628001</misses>
				<total>277</total>
				<timestamp>616.189906</timestamp>
			</report>
			<report>
				<misses>3629001</misses>
				<total>278</total>
				<timestamp>616.359804</timestamp>
			</report>
			<report>
				<misses>3630001</misses>
				<total>278</total>
				<timestamp>616.529497</timestamp>
			</report>
			<report>
				<misses>3631001</misses>
				<total>278</total>
				<timestamp>616.699395</timestamp>
			</report>
			<report>
				<misses>3632001</misses>
				<total>278</total>
				<timestamp>616.869255</timestamp>
			</report>
			<report>
				<misses>3633001</misses>
				<total>278</total>
				<timestamp>617.038962</timestamp>
			</report>
			<report>
				<misses>3634001</misses>
				<total>277</total>
				<timestamp>617.208885</timestamp>
			</report>
			<report>
				<misses>3635001</misses>
				<total>277</total>
				<timestamp>617.378856</timestamp>
			</report>
			<report>
				<misses>3636001</misses>
				<total>278</total>
				<timestamp>617.548683</timestamp>
			</report>
			<report>
				<misses>3637001</misses>
				<total>278</total>
				<timestamp>617.718616</timestamp>
			</report>
			<report>
				<misses>3638001</misses>
				<total>278</total>
				<timestamp>617.888366</timestamp>
			</report>
			<report>
				<misses>3639001</misses>
				<total>278</total>
				<timestamp>618.058195</timestamp>
			</report>
			<report>
				<misses>3640001</misses>
				<total>278</total>
				<timestamp>618.228015</timestamp>
			</report>
			<report>
				<misses>3641001</misses>
				<total>277</total>
				<timestamp>618.397882</timestamp>
			</report>
			<report>
				<misses>3642001</misses>
				<total>278</total>
				<timestamp>618.567681</timestamp>
			</report>
			<report>
				<misses>3643001</misses>
				<total>278</total>
				<timestamp>618.737565</timestamp>
			</report>
			<report>
				<misses>3644001</misses>
				<total>278</total>
				<timestamp>618.907325</timestamp>
			</report>
			<report>
				<misses>3645001</misses>
				<total>278</total>
				<timestamp>619.077187</timestamp>
			</report>
			<report>
				<misses>3646001</misses>
				<total>278</total>
				<timestamp>619.246999</timestamp>
			</report>
			<report>
				<misses>3647001</misses>
				<total>277</total>
				<timestamp>619.416996</timestamp>
			</report>
			<report>
				<misses>3648001</misses>
				<total>278</total>
				<timestamp>619.586749</timestamp>
			</report>
			<report>
				<misses>3649001</misses>
				<total>278</total>
				<timestamp>619.756768</timestamp>
			</report>
			<report>
				<misses>3650001</misses>
				<total>278</total>
				<timestamp>619.926666</timestamp>
			</report>
			<report>
				<misses>3651001</misses>
				<total>278</total>
				<timestamp>620.096538</timestamp>
			</report>
			<report>
				<misses>3652001</misses>
				<total>278</total>
				<timestamp>620.266268</timestamp>
			</report>
			<report>
				<misses>3653001</misses>
				<total>278</total>
				<timestamp>620.436147</timestamp>
			</report>
			<report>
				<misses>3654001</misses>
				<total>278</total>
				<timestamp>620.605932</timestamp>
			</report>
			<report>
				<misses>3655001</misses>
				<total>277</total>
				<timestamp>620.775870</timestamp>
			</report>
			<report>
				<misses>3656001</misses>
				<total>277</total>
				<timestamp>620.945670</timestamp>
			</report>
			<report>
				<misses>3657001</misses>
				<total>278</total>
				<timestamp>621.115425</timestamp>
			</report>
			<report>
				<misses>3658001</misses>
				<total>278</total>
				<timestamp>621.285231</timestamp>
			</report>
			<report>
				<misses>3659001</misses>
				<total>281</total>
				<timestamp>621.455066</timestamp>
			</report>
			<report>
				<misses>3660001</misses>
				<total>281</total>
				<timestamp>621.624932</timestamp>
			</report>
			<report>
				<misses>3661001</misses>
				<total>284</total>
				<timestamp>621.794720</timestamp>
			</report>
			<report>
				<misses>3662001</misses>
				<total>284</total>
				<timestamp>621.964610</timestamp>
			</report>
			<report>
				<misses>3663001</misses>
				<total>284</total>
				<timestamp>622.134390</timestamp>
			</report>
			<report>
				<misses>3664001</misses>
				<total>284</total>
				<timestamp>622.304215</timestamp>
			</report>
			<report>
				<misses>3665001</misses>
				<total>284</total>
				<timestamp>622.474053</timestamp>
			</report>
			<report>
				<misses>3666001</misses>
				<total>284</total>
				<timestamp>622.643881</timestamp>
			</report>
			<report>
				<misses>3667001</misses>
				<total>284</total>
				<timestamp>622.813717</timestamp>
			</report>
			<report>
				<misses>3668001</misses>
				<total>283</total>
				<timestamp>622.983715</timestamp>
			</report>
			<report>
				<misses>3669001</misses>
				<total>283</total>
				<timestamp>623.153699</timestamp>
			</report>
			<report>
				<misses>3670001</misses>
				<total>284</total>
				<timestamp>623.323663</timestamp>
			</report>
			<report>
				<misses>3671001</misses>
				<total>284</total>
				<timestamp>623.493364</timestamp>
			</report>
			<report>
				<misses>3672001</misses>
				<total>284</total>
				<timestamp>623.663272</timestamp>
			</report>
			<report>
				<misses>3673001</misses>
				<total>284</total>
				<timestamp>623.833169</timestamp>
			</report>
			<report>
				<misses>3674001</misses>
				<total>284</total>
				<timestamp>624.002945</timestamp>
			</report>
			<report>
				<misses>3675001</misses>
				<total>284</total>
				<timestamp>624.172814</timestamp>
			</report>
			<report>
				<misses>3676001</misses>
				<total>283</total>
				<timestamp>624.342734</timestamp>
			</report>
			<report>
				<misses>3677001</misses>
				<total>284</total>
				<timestamp>624.512541</timestamp>
			</report>
			<report>
				<misses>3678001</misses>
				<total>284</total>
				<timestamp>624.682365</timestamp>
			</report>
			<report>
				<misses>3679001</misses>
				<total>284</total>
				<timestamp>624.852146</timestamp>
			</report>
			<report>
				<misses>3680001</misses>
				<total>284</total>
				<timestamp>625.022026</timestamp>
			</report>
			<report>
				<misses>3681001</misses>
				<total>284</total>
				<timestamp>625.191903</timestamp>
			</report>
			<report>
				<misses>3682001</misses>
				<total>283</total>
				<timestamp>625.361720</timestamp>
			</report>
			<report>
				<misses>3683001</misses>
				<total>283</total>
				<timestamp>625.531617</timestamp>
			</report>
			<report>
				<misses>3684001</misses>
				<total>284</total>
				<timestamp>625.701324</timestamp>
			</report>
			<report>
				<misses>3685001</misses>
				<total>284</total>
				<timestamp>625.871221</timestamp>
			</report>
			<report>
				<misses>3686001</misses>
				<total>284</total>
				<timestamp>626.040979</timestamp>
			</report>
			<report>
				<misses>3687001</misses>
				<total>283</total>
				<timestamp>626.210864</timestamp>
			</report>
			<report>
				<misses>3688001</misses>
				<total>283</total>
				<timestamp>626.380724</timestamp>
			</report>
			<report>
				<misses>3689001</misses>
				<total>283</total>
				<timestamp>626.550682</timestamp>
			</report>
			<report>
				<misses>3690001</misses>
				<total>283</total>
				<timestamp>626.720637</timestamp>
			</report>
			<report>
				<misses>3691001</misses>
				<total>284</total>
				<timestamp>626.890599</timestamp>
			</report>
			<report>
				<misses>3692001</misses>
				<total>284</total>
				<timestamp>627.060285</timestamp>
			</report>
			<report>
				<misses>3693001</misses>
				<total>284</total>
				<timestamp>627.230148</timestamp>
			</report>
			<report>
				<misses>3694001</misses>
				<total>284</total>
				<timestamp>627.399956</timestamp>
			</report>
			<report>
				<misses>3695001</misses>
				<total>283</total>
				<timestamp>627.569837</timestamp>
			</report>
			<report>
				<misses>3696001</misses>
				<total>284</total>
				<timestamp>627.739698</timestamp>
			</report>
			<report>
				<misses>3697001</misses>
				<total>283</total>
				<timestamp>627.909664</timestamp>
			</report>
			<report>
				<misses>3698001</misses>
				<total>283</total>
				<timestamp>628.079613</timestamp>
			</report>
			<report>
				<misses>3699001</misses>
				<total>284</total>
				<timestamp>628.249277</timestamp>
			</report>
			<report>
				<misses>3700001</misses>
				<total>284</total>
				<timestamp>628.419133</timestamp>
			</report>
			<report>
				<misses>3701001</misses>
				<total>284</total>
				<timestamp>628.588946</timestamp>
			</report>
			<report>
				<misses>3702001</misses>
				<total>284</total>
				<timestamp>628.758822</timestamp>
			</report>
			<report>
				<misses>3703001</misses>
				<total>283</total>
				<timestamp>628.928726</timestamp>
			</report>
			<report>
				<misses>3704001</misses>
				<total>283</total>
				<timestamp>629.098623</timestamp>
			</report>
			<report>
				<misses>3705001</misses>
				<total>283</total>
				<timestamp>629.268587</timestamp>
			</report>
			<report>
				<misses>3706001</misses>
				<total>284</total>
				<timestamp>629.438278</timestamp>
			</report>
			<report>
				<misses>3707001</misses>
				<total>284</total>
				<timestamp>629.608070</timestamp>
			</report>
			<report>
				<misses>3708001</misses>
				<total>284</total>
				<timestamp>629.777997</timestamp>
			</report>
			<report>
				<misses>3709001</misses>
				<total>284</total>
				<timestamp>629.947741</timestamp>
			</report>
			<report>
				<misses>3710001</misses>
				<total>284</total>
				<timestamp>630.117787</timestamp>
			</report>
			<report>
				<misses>3711001</misses>
				<total>284</total>
				<timestamp>630.287624</timestamp>
			</report>
			<report>
				<misses>3712001</misses>
				<total>283</total>
				<timestamp>630.457524</timestamp>
			</report>
			<report>
				<misses>3713001</misses>
				<total>284</total>
				<timestamp>630.627233</timestamp>
			</report>
			<report>
				<misses>3714001</misses>
				<total>284</total>
				<timestamp>630.797080</timestamp>
			</report>
			<report>
				<misses>3715001</misses>
				<total>284</total>
				<timestamp>630.966928</timestamp>
			</report>
			<report>
				<misses>3716001</misses>
				<total>284</total>
				<timestamp>631.136745</timestamp>
			</report>
			<report>
				<misses>3717001</misses>
				<total>283</total>
				<timestamp>631.306750</timestamp>
			</report>
			<report>
				<misses>3718001</misses>
				<total>283</total>
				<timestamp>631.476668</timestamp>
			</report>
			<report>
				<misses>3719001</misses>
				<total>284</total>
				<timestamp>631.646504</timestamp>
			</report>
			<report>
				<misses>3720001</misses>
				<total>284</total>
				<timestamp>631.816210</timestamp>
			</report>
			<report>
				<misses>3721001</misses>
				<total>284</total>
				<timestamp>631.986085</timestamp>
			</report>
			<report>
				<misses>3722001</misses>
				<total>284</total>
				<timestamp>632.155886</timestamp>
			</report>
			<report>
				<misses>3723001</misses>
				<total>283</total>
				<timestamp>632.325807</timestamp>
			</report>
			<report>
				<misses>3724001</misses>
				<total>284</total>
				<timestamp>632.495571</timestamp>
			</report>
			<report>
				<misses>3725001</misses>
				<total>284</total>
				<timestamp>632.665402</timestamp>
			</report>
			<report>
				<misses>3726001</misses>
				<total>284</total>
				<timestamp>632.835228</timestamp>
			</report>
			<report>
				<misses>3727001</misses>
				<total>284</total>
				<timestamp>633.005045</timestamp>
			</report>
			<report>
				<misses>3728001</misses>
				<total>284</total>
				<timestamp>633.174865</timestamp>
			</report>
			<report>
				<misses>3729001</misses>
				<total>284</total>
				<timestamp>633.344850</timestamp>
			</report>
			<report>
				<misses>3730001</misses>
				<total>284</total>
				<timestamp>633.514574</timestamp>
			</report>
			<report>
				<misses>3731001</misses>
				<total>284</total>
				<timestamp>633.684408</timestamp>
			</report>
			<report>
				<misses>3732001</misses>
				<total>284</total>
				<timestamp>633.854174</timestamp>
			</report>
			<report>
				<misses>3733001</misses>
				<total>290</total>
				<timestamp>634.024053</timestamp>
			</report>
			<report>
				<misses>3734001</misses>
				<total>290</total>
				<timestamp>634.193849</timestamp>
			</report>
			<report>
				<misses>3735001</misses>
				<total>290</total>
				<timestamp>634.363795</timestamp>
			</report>
			<report>
				<misses>3736001</misses>
				<total>290</total>
				<timestamp>634.533530</timestamp>
			</report>
			<report>
				<misses>3737001</misses>
				<total>290</total>
				<timestamp>634.703342</timestamp>
			</report>
			<report>
				<misses>3738001</misses>
				<total>290</total>
				<timestamp>634.873195</timestamp>
			</report>
			<report>
				<misses>3739001</misses>
				<total>290</total>
				<timestamp>635.042989</timestamp>
			</report>
			<report>
				<misses>3740001</misses>
				<total>290</total>
				<timestamp>635.212903</timestamp>
			</report>
			<report>
				<misses>3741001</misses>
				<total>289</total>
				<timestamp>635.382757</timestamp>
			</report>
			<report>
				<misses>3742001</misses>
				<total>289</total>
				<timestamp>635.552533</timestamp>
			</report>
			<report>
				<misses>3743001</misses>
				<total>290</total>
				<timestamp>635.722444</timestamp>
			</report>
			<report>
				<misses>3744001</misses>
				<total>290</total>
				<timestamp>635.892136</timestamp>
			</report>
			<report>
				<misses>3745001</misses>
				<total>290</total>
				<timestamp>636.061985</timestamp>
			</report>
			<report>
				<misses>3746001</misses>
				<total>290</total>
				<timestamp>636.231806</timestamp>
			</report>
			<report>
				<misses>3747001</misses>
				<total>290</total>
				<timestamp>636.401739</timestamp>
			</report>
			<report>
				<misses>3748001</misses>
				<total>293</total>
				<timestamp>636.571588</timestamp>
			</report>
			<report>
				<misses>3749001</misses>
				<total>293</total>
				<timestamp>636.741313</timestamp>
			</report>
			<report>
				<misses>3750001</misses>
				<total>293</total>
				<timestamp>636.911170</timestamp>
			</report>
			<report>
				<misses>3751001</misses>
				<total>293</total>
				<timestamp>637.080960</timestamp>
			</report>
			<report>
				<misses>3752001</misses>
				<total>293</total>
				<timestamp>637.250777</timestamp>
			</report>
			<report>
				<misses>3753001</misses>
				<total>293</total>
				<timestamp>637.420633</timestamp>
			</report>
			<report>
				<misses>3754001</misses>
				<total>292</total>
				<timestamp>637.590555</timestamp>
			</report>
			<report>
				<misses>3755001</misses>
				<total>293</total>
				<timestamp>637.760420</timestamp>
			</report>
			<report>
				<misses>3756001</misses>
				<total>293</total>
				<timestamp>637.930085</timestamp>
			</report>
			<report>
				<misses>3757001</misses>
				<total>293</total>
				<timestamp>638.099951</timestamp>
			</report>
			<report>
				<misses>3758001</misses>
				<total>293</total>
				<timestamp>638.269859</timestamp>
			</report>
			<report>
				<misses>3759001</misses>
				<total>294</total>
				<timestamp>638.439586</timestamp>
			</report>
			<report>
				<misses>3760001</misses>
				<total>293</total>
				<timestamp>638.609517</timestamp>
			</report>
			<report>
				<misses>3761001</misses>
				<total>294</total>
				<timestamp>638.779289</timestamp>
			</report>
			<report>
				<misses>3762001</misses>
				<total>294</total>
				<timestamp>638.949090</timestamp>
			</report>
			<report>
				<misses>3763001</misses>
				<total>294</total>
				<timestamp>639.118951</timestamp>
			</report>
			<report>
				<misses>3764001</misses>
				<total>294</total>
				<timestamp>639.288823</timestamp>
			</report>
			<report>
				<misses>3765001</misses>
				<total>293</total>
				<timestamp>639.458697</timestamp>
			</report>
			<report>
				<misses>3766001</misses>
				<total>293</total>
				<timestamp>639.628537</timestamp>
			</report>
			<report>
				<misses>3767001</misses>
				<total>294</total>
				<timestamp>639.798217</timestamp>
			</report>
			<report>
				<misses>3768001</misses>
				<total>294</total>
				<timestamp>639.968049</timestamp>
			</report>
			<report>
				<misses>3769001</misses>
				<total>294</total>
				<timestamp>640.137907</timestamp>
			</report>
			<report>
				<misses>3770001</misses>
				<total>294</total>
				<timestamp>640.307740</timestamp>
			</report>
			<report>
				<misses>3771001</misses>
				<total>293</total>
				<timestamp>640.477627</timestamp>
			</report>
			<report>
				<misses>3772001</misses>
				<total>294</total>
				<timestamp>640.647504</timestamp>
			</report>
			<report>
				<misses>3773001</misses>
				<total>294</total>
				<timestamp>640.817231</timestamp>
			</report>
			<report>
				<misses>3774001</misses>
				<total>294</total>
				<timestamp>640.987184</timestamp>
			</report>
			<report>
				<misses>3775001</misses>
				<total>294</total>
				<timestamp>641.156899</timestamp>
			</report>
			<report>
				<misses>3776001</misses>
				<total>294</total>
				<timestamp>641.326741</timestamp>
			</report>
			<report>
				<misses>3777001</misses>
				<total>294</total>
				<timestamp>641.496544</timestamp>
			</report>
			<report>
				<misses>3778001</misses>
				<total>294</total>
				<timestamp>641.666421</timestamp>
			</report>
			<report>
				<misses>3779001</misses>
				<total>294</total>
				<timestamp>641.836187</timestamp>
			</report>
			<report>
				<misses>3780001</misses>
				<total>294</total>
				<timestamp>642.006034</timestamp>
			</report>
			<report>
				<misses>3781001</misses>
				<total>294</total>
				<timestamp>642.175854</timestamp>
			</report>
			<report>
				<misses>3782001</misses>
				<total>294</total>
				<timestamp>642.345723</timestamp>
			</report>
			<report>
				<misses>3783001</misses>
				<total>294</total>
				<timestamp>642.515615</timestamp>
			</report>
			<report>
				<misses>3784001</misses>
				<total>294</total>
				<timestamp>642.685337</timestamp>
			</report>
			<report>
				<misses>3785001</misses>
				<total>294</total>
				<timestamp>642.855166</timestamp>
			</report>
			<report>
				<misses>3786001</misses>
				<total>294</total>
				<timestamp>643.025001</timestamp>
			</report>
			<report>
				<misses>3787001</misses>
				<total>294</total>
				<timestamp>643.194822</timestamp>
			</report>
			<report>
				<misses>3788001</misses>
				<total>294</total>
				<timestamp>643.364652</timestamp>
			</report>
			<report>
				<misses>3789001</misses>
				<total>294</total>
				<timestamp>643.534529</timestamp>
			</report>
			<report>
				<misses>3790001</misses>
				<total>294</total>
				<timestamp>643.704336</timestamp>
			</report>
			<report>
				<misses>3791001</misses>
				<total>294</total>
				<timestamp>643.874157</timestamp>
			</report>
			<report>
				<misses>3792001</misses>
				<total>294</total>
				<timestamp>644.043974</timestamp>
			</report>
			<report>
				<misses>3793001</misses>
				<total>294</total>
				<timestamp>644.213811</timestamp>
			</report>
			<report>
				<misses>3794001</misses>
				<total>294</total>
				<timestamp>644.383654</timestamp>
			</report>
			<report>
				<misses>3795001</misses>
				<total>293</total>
				<timestamp>644.553562</timestamp>
			</report>
			<report>
				<misses>3796001</misses>
				<total>294</total>
				<timestamp>644.723386</timestamp>
			</report>
			<report>
				<misses>3797001</misses>
				<total>294</total>
				<timestamp>644.893163</timestamp>
			</report>
			<report>
				<misses>3798001</misses>
				<total>294</total>
				<timestamp>645.062953</timestamp>
			</report>
			<report>
				<misses>3799001</misses>
				<total>297</total>
				<timestamp>645.232782</timestamp>
			</report>
			<report>
				<misses>3800001</misses>
				<total>297</total>
				<timestamp>645.402686</timestamp>
			</report>
			<report>
				<misses>3801001</misses>
				<total>297</total>
				<timestamp>645.572470</timestamp>
			</report>
			<report>
				<misses>3802001</misses>
				<total>297</total>
				<timestamp>645.742305</timestamp>
			</report>
			<report>
				<misses>3803001</misses>
				<total>297</total>
				<timestamp>645.912098</timestamp>
			</report>
			<report>
				<misses>3804001</misses>
				<total>297</total>
				<timestamp>646.081932</timestamp>
			</report>
			<report>
				<misses>3805001</misses>
				<total>297</total>
				<timestamp>646.251755</timestamp>
			</report>
			<report>
				<misses>3806001</misses>
				<total>296</total>
				<timestamp>646.421715</timestamp>
			</report>
			<report>
				<misses>3807001</misses>
				<total>299</total>
				<timestamp>646.591519</timestamp>
			</report>
			<report>
				<misses>3808001</misses>
				<total>299</total>
				<timestamp>646.761293</timestamp>
			</report>
			<report>
				<misses>3809001</misses>
				<total>299</total>
				<timestamp>646.931082</timestamp>
			</report>
			<report>
				<misses>3810001</misses>
				<total>299</total>
				<timestamp>647.100898</timestamp>
			</report>
			<report>
				<misses>3811001</misses>
				<total>299</total>
				<timestamp>647.270744</timestamp>
			</report>
			<report>
				<misses>3812001</misses>
				<total>299</total>
				<timestamp>647.440601</timestamp>
			</report>
			<report>
				<misses>3813001</misses>
				<total>298</total>
				<timestamp>647.610565</timestamp>
			</report>
			<report>
				<misses>3814001</misses>
				<total>299</total>
				<timestamp>647.780348</timestamp>
			</report>
			<report>
				<misses>3815001</misses>
				<total>299</total>
				<timestamp>647.950097</timestamp>
			</report>
			<report>
				<misses>3816001</misses>
				<total>299</total>
				<timestamp>648.119927</timestamp>
			</report>
			<report>
				<misses>3817001</misses>
				<total>299</total>
				<timestamp>648.289797</timestamp>
			</report>
			<report>
				<misses>3818001</misses>
				<total>298</total>
				<timestamp>648.459819</timestamp>
			</report>
			<report>
				<misses>3819001</misses>
				<total>299</total>
				<timestamp>648.629651</timestamp>
			</report>
			<report>
				<misses>3820001</misses>
				<total>299</total>
				<timestamp>648.799562</timestamp>
			</report>
			<report>
				<misses>3821001</misses>
				<total>299</total>
				<timestamp>648.969528</timestamp>
			</report>
			<report>
				<misses>3822001</misses>
				<total>299</total>
				<timestamp>649.139336</timestamp>
			</report>
			<report>
				<misses>3823001</misses>
				<total>299</total>
				<timestamp>649.309149</timestamp>
			</report>
			<report>
				<misses>3824001</misses>
				<total>299</total>
				<timestamp>649.478924</timestamp>
			</report>
			<report>
				<misses>3825001</misses>
				<total>299</total>
				<timestamp>649.648821</timestamp>
			</report>
			<report>
				<misses>3826001</misses>
				<total>299</total>
				<timestamp>649.818702</timestamp>
			</report>
			<report>
				<misses>3827001</misses>
				<total>299</total>
				<timestamp>649.988514</timestamp>
			</report>
			<report>
				<misses>3828001</misses>
				<total>299</total>
				<timestamp>650.158350</timestamp>
			</report>
			<report>
				<misses>3829001</misses>
				<total>299</total>
				<timestamp>650.328070</timestamp>
			</report>
			<report>
				<misses>3830001</misses>
				<total>299</total>
				<timestamp>650.497898</timestamp>
			</report>
			<report>
				<misses>3831001</misses>
				<total>299</total>
				<timestamp>650.667743</timestamp>
			</report>
			<report>
				<misses>3832001</misses>
				<total>299</total>
				<timestamp>650.837648</timestamp>
			</report>
			<report>
				<misses>3833001</misses>
				<total>298</total>
				<timestamp>651.007457</timestamp>
			</report>
			<report>
				<misses>3834001</misses>
				<total>299</total>
				<timestamp>651.177184</timestamp>
			</report>
			<report>
				<misses>3835001</misses>
				<total>299</total>
				<timestamp>651.347028</timestamp>
			</report>
			<report>
				<misses>3836001</misses>
				<total>299</total>
				<timestamp>651.516855</timestamp>
			</report>
			<report>
				<misses>3837001</misses>
				<total>299</total>
				<timestamp>651.686665</timestamp>
			</report>
			<report>
				<misses>3838001</misses>
				<total>298</total>
				<timestamp>651.856539</timestamp>
			</report>
			<report>
				<misses>3839001</misses>
				<total>305</total>
				<timestamp>652.026519</timestamp>
			</report>
			<report>
				<misses>3840001</misses>
				<total>305</total>
				<timestamp>652.196461</timestamp>
			</report>
			<report>
				<misses>3841001</misses>
				<total>306</total>
				<timestamp>652.366199</timestamp>
			</report>
			<report>
				<misses>3842001</misses>
				<total>306</total>
				<timestamp>652.536025</timestamp>
			</report>
			<report>
				<misses>3843001</misses>
				<total>306</total>
				<timestamp>652.705858</timestamp>
			</report>
			<report>
				<misses>3844001</misses>
				<total>306</total>
				<timestamp>652.875685</timestamp>
			</report>
			<report>
				<misses>3845001</misses>
				<total>306</total>
				<timestamp>653.045531</timestamp>
			</report>
			<report>
				<misses>3846001</misses>
				<total>310</total>
				<timestamp>653.215443</timestamp>
			</report>
			<report>
				<misses>3847001</misses>
				<total>310</total>
				<timestamp>653.385170</timestamp>
			</report>
			<report>
				<misses>3848001</misses>
				<total>310</total>
				<timestamp>653.554978</timestamp>
			</report>
			<report>
				<misses>3849001</misses>
				<total>310</total>
				<timestamp>653.724834</timestamp>
			</report>
			<report>
				<misses>3850001</misses>
				<total>310</total>
				<timestamp>653.894760</timestamp>
			</report>
			<report>
				<misses>3851001</misses>
				<total>309</total>
				<timestamp>654.064539</timestamp>
			</report>
			<report>
				<misses>3852001</misses>
				<total>310</total>
				<timestamp>654.234293</timestamp>
			</report>
			<report>
				<misses>3853001</misses>
				<total>311</total>
				<timestamp>654.404123</timestamp>
			</report>
			<report>
				<misses>3854001</misses>
				<total>310</total>
				<timestamp>654.573950</timestamp>
			</report>
			<report>
				<misses>3855001</misses>
				<total>310</total>
				<timestamp>654.743759</timestamp>
			</report>
			<report>
				<misses>3856001</misses>
				<total>309</total>
				<timestamp>654.913797</timestamp>
			</report>
			<report>
				<misses>3857001</misses>
				<total>310</total>
				<timestamp>655.083656</timestamp>
			</report>
			<report>
				<misses>3858001</misses>
				<total>310</total>
				<timestamp>655.253490</timestamp>
			</report>
			<report>
				<misses>3859001</misses>
				<total>310</total>
				<timestamp>655.423314</timestamp>
			</report>
			<report>
				<misses>3860001</misses>
				<total>310</total>
				<timestamp>655.593222</timestamp>
			</report>
			<report>
				<misses>3861001</misses>
				<total>310</total>
				<timestamp>655.763129</timestamp>
			</report>
			<report>
				<misses>3862001</misses>
				<total>310</total>
				<timestamp>655.932976</timestamp>
			</report>
			<report>
				<misses>3863001</misses>
				<total>310</total>
				<timestamp>656.102875</timestamp>
			</report>
			<report>
				<misses>3864001</misses>
				<total>309</total>
				<timestamp>656.272638</timestamp>
			</report>
			<report>
				<misses>3865001</misses>
				<total>309</total>
				<timestamp>656.442529</timestamp>
			</report>
			<report>
				<misses>3866001</misses>
				<total>310</total>
				<timestamp>656.612383</timestamp>
			</report>
			<report>
				<misses>3867001</misses>
				<total>310</total>
				<timestamp>656.782150</timestamp>
			</report>
			<report>
				<misses>3868001</misses>
				<total>310</total>
				<timestamp>656.951917</timestamp>
			</report>
			<report>
				<misses>3869001</misses>
				<total>310</total>
				<timestamp>657.121828</timestamp>
			</report>
			<report>
				<misses>3870001</misses>
				<total>310</total>
				<timestamp>657.291749</timestamp>
			</report>
			<report>
				<misses>3871001</misses>
				<total>310</total>
				<timestamp>657.461686</timestamp>
			</report>
			<report>
				<misses>3872001</misses>
				<total>310</total>
				<timestamp>657.631526</timestamp>
			</report>
			<report>
				<misses>3873001</misses>
				<total>311</total>
				<timestamp>657.801302</timestamp>
			</report>
			<report>
				<misses>3874001</misses>
				<total>311</total>
				<timestamp>657.971134</timestamp>
			</report>
			<report>
				<misses>3875001</misses>
				<total>311</total>
				<timestamp>658.140907</timestamp>
			</report>
			<report>
				<misses>3876001</misses>
				<total>311</total>
				<timestamp>658.310719</timestamp>
			</report>
			<report>
				<misses>3877001</misses>
				<total>311</total>
				<timestamp>658.480644</timestamp>
			</report>
			<report>
				<misses>3878001</misses>
				<total>311</total>
				<timestamp>658.650383</timestamp>
			</report>
			<report>
				<misses>3879001</misses>
				<total>311</total>
				<timestamp>658.820290</timestamp>
			</report>
			<report>
				<misses>3880001</misses>
				<total>311</total>
				<timestamp>658.990072</timestamp>
			</report>
			<report>
				<misses>3881001</misses>
				<total>311</total>
				<timestamp>659.159869</timestamp>
			</report>
			<report>
				<misses>3882001</misses>
				<total>311</total>
				<timestamp>659.329690</timestamp>
			</report>
			<report>
				<misses>3883001</misses>
				<total>310</total>
				<timestamp>659.499705</timestamp>
			</report>
			<report>
				<misses>3884001</misses>
				<total>311</total>
				<timestamp>659.669538</timestamp>
			</report>
			<report>
				<misses>3885001</misses>
				<total>311</total>
				<timestamp>659.839401</timestamp>
			</report>
			<report>
				<misses>3886001</misses>
				<total>311</total>
				<timestamp>660.009263</timestamp>
			</report>
			<report>
				<misses>3887001</misses>
				<total>311</total>
				<timestamp>660.179025</timestamp>
			</report>
			<report>
				<misses>3888001</misses>
				<total>311</total>
				<timestamp>660.348849</timestamp>
			</report>
			<report>
				<misses>3889001</misses>
				<total>311</total>
				<timestamp>660.518761</timestamp>
			</report>
			<report>
				<misses>3890001</misses>
				<total>311</total>
				<timestamp>660.688602</timestamp>
			</report>
			<report>
				<misses>3891001</misses>
				<total>313</total>
				<timestamp>660.858415</timestamp>
			</report>
			<report>
				<misses>3892001</misses>
				<total>313</total>
				<timestamp>661.028188</timestamp>
			</report>
			<report>
				<misses>3893001</misses>
				<total>313</total>
				<timestamp>661.197991</timestamp>
			</report>
			<report>
				<misses>3894001</misses>
				<total>313</total>
				<timestamp>661.367823</timestamp>
			</report>
			<report>
				<misses>3895001</misses>
				<total>313</total>
				<timestamp>661.537763</timestamp>
			</report>
			<report>
				<misses>3896001</misses>
				<total>313</total>
				<timestamp>661.707495</timestamp>
			</report>
			<report>
				<misses>3897001</misses>
				<total>313</total>
				<timestamp>661.877407</timestamp>
			</report>
			<report>
				<misses>3898001</misses>
				<total>313</total>
				<timestamp>662.047163</timestamp>
			</report>
			<report>
				<misses>3899001</misses>
				<total>313</total>
				<timestamp>662.216967</timestamp>
			</report>
			<report>
				<misses>3900001</misses>
				<total>313</total>
				<timestamp>662.386811</timestamp>
			</report>
			<report>
				<misses>3901001</misses>
				<total>313</total>
				<timestamp>662.556623</timestamp>
			</report>
			<report>
				<misses>3902001</misses>
				<total>313</total>
				<timestamp>662.726473</timestamp>
			</report>
			<report>
				<misses>3903001</misses>
				<total>313</total>
				<timestamp>662.896313</timestamp>
			</report>
			<report>
				<misses>3904001</misses>
				<total>313</total>
				<timestamp>663.066119</timestamp>
			</report>
			<report>
				<misses>3905001</misses>
				<total>313</total>
				<timestamp>663.235958</timestamp>
			</report>
			<report>
				<misses>3906001</misses>
				<total>313</total>
				<timestamp>663.405785</timestamp>
			</report>
			<report>
				<misses>3907001</misses>
				<total>313</total>
				<timestamp>663.575616</timestamp>
			</report>
			<report>
				<misses>3908001</misses>
				<total>313</total>
				<timestamp>663.745476</timestamp>
			</report>
			<report>
				<misses>3909001</misses>
				<total>313</total>
				<timestamp>663.915393</timestamp>
			</report>
			<report>
				<misses>3910001</misses>
				<total>313</total>
				<timestamp>664.085115</timestamp>
			</report>
			<report>
				<misses>3911001</misses>
				<total>313</total>
				<timestamp>664.254962</timestamp>
			</report>
			<report>
				<misses>3912001</misses>
				<total>313</total>
				<timestamp>664.424760</timestamp>
			</report>
			<report>
				<misses>3913001</misses>
				<total>313</total>
				<timestamp>664.594608</timestamp>
			</report>
			<report>
				<misses>3914001</misses>
				<total>313</total>
				<timestamp>664.764599</timestamp>
			</report>
			<report>
				<misses>3915001</misses>
				<total>312</total>
				<timestamp>664.934589</timestamp>
			</report>
			<report>
				<misses>3916001</misses>
				<total>313</total>
				<timestamp>665.104588</timestamp>
			</report>
			<report>
				<misses>3917001</misses>
				<total>313</total>
				<timestamp>665.274322</timestamp>
			</report>
			<report>
				<misses>3918001</misses>
				<total>313</total>
				<timestamp>665.444103</timestamp>
			</report>
			<report>
				<misses>3919001</misses>
				<total>313</total>
				<timestamp>665.613974</timestamp>
			</report>
			<report>
				<misses>3920001</misses>
				<total>313</total>
				<timestamp>665.783750</timestamp>
			</report>
			<report>
				<misses>3921001</misses>
				<total>313</total>
				<timestamp>665.953644</timestamp>
			</report>
			<report>
				<misses>3922001</misses>
				<total>313</total>
				<timestamp>666.123535</timestamp>
			</report>
			<report>
				<misses>3923001</misses>
				<total>313</total>
				<timestamp>666.293415</timestamp>
			</report>
			<report>
				<misses>3924001</misses>
				<total>313</total>
				<timestamp>666.463311</timestamp>
			</report>
			<report>
				<misses>3925001</misses>
				<total>313</total>
				<timestamp>666.633070</timestamp>
			</report>
			<report>
				<misses>3926001</misses>
				<total>313</total>
				<timestamp>666.802915</timestamp>
			</report>
			<report>
				<misses>3927001</misses>
				<total>313</total>
				<timestamp>666.972737</timestamp>
			</report>
			<report>
				<misses>3928001</misses>
				<total>313</total>
				<timestamp>667.142599</timestamp>
			</report>
			<report>
				<misses>3929001</misses>
				<total>312</total>
				<timestamp>667.312439</timestamp>
			</report>
			<report>
				<misses>3930001</misses>
				<total>312</total>
				<timestamp>667.482318</timestamp>
			</report>
			<report>
				<misses>3931001</misses>
				<total>313</total>
				<timestamp>667.652041</timestamp>
			</report>
			<report>
				<misses>3932001</misses>
				<total>313</total>
				<timestamp>667.821892</timestamp>
			</report>
			<report>
				<misses>3933001</misses>
				<total>313</total>
				<timestamp>667.991700</timestamp>
			</report>
			<report>
				<misses>3934001</misses>
				<total>313</total>
				<timestamp>668.161613</timestamp>
			</report>
			<report>
				<misses>3935001</misses>
				<total>313</total>
				<timestamp>668.331442</timestamp>
			</report>
			<report>
				<misses>3936001</misses>
				<total>313</total>
				<timestamp>668.501223</timestamp>
			</report>
			<report>
				<misses>3937001</misses>
				<total>313</total>
				<timestamp>668.671052</timestamp>
			</report>
			<report>
				<misses>3938001</misses>
				<total>313</total>
				<timestamp>668.840859</timestamp>
			</report>
			<report>
				<misses>3939001</misses>
				<total>313</total>
				<timestamp>669.010721</timestamp>
			</report>
			<report>
				<misses>3940001</misses>
				<total>313</total>
				<timestamp>669.180529</timestamp>
			</report>
			<report>
				<misses>3941001</misses>
				<total>312</total>
				<timestamp>669.350448</timestamp>
			</report>
			<report>
				<misses>3942001</misses>
				<total>313</total>
				<timestamp>669.520358</timestamp>
			</report>
			<report>
				<misses>3943001</misses>
				<total>313</total>
				<timestamp>669.690219</timestamp>
			</report>
			<report>
				<misses>3944001</misses>
				<total>313</total>
				<timestamp>669.860013</timestamp>
			</report>
			<report>
				<misses>3945001</misses>
				<total>313</total>
				<timestamp>670.029878</timestamp>
			</report>
			<report>
				<misses>3946001</misses>
				<total>313</total>
				<timestamp>670.199706</timestamp>
			</report>
			<report>
				<misses>3947001</misses>
				<total>313</total>
				<timestamp>670.369639</timestamp>
			</report>
			<report>
				<misses>3948001</misses>
				<total>312</total>
				<timestamp>670.539454</timestamp>
			</report>
			<report>
				<misses>3949001</misses>
				<total>313</total>
				<timestamp>670.709293</timestamp>
			</report>
			<report>
				<misses>3950001</misses>
				<total>313</total>
				<timestamp>670.879003</timestamp>
			</report>
			<report>
				<misses>3951001</misses>
				<total>313</total>
				<timestamp>671.048823</timestamp>
			</report>
			<report>
				<misses>3952001</misses>
				<total>313</total>
				<timestamp>671.218656</timestamp>
			</report>
			<report>
				<misses>3953001</misses>
				<total>313</total>
				<timestamp>671.388539</timestamp>
			</report>
			<report>
				<misses>3954001</misses>
				<total>312</total>
				<timestamp>671.558415</timestamp>
			</report>
			<report>
				<misses>3955001</misses>
				<total>313</total>
				<timestamp>671.728185</timestamp>
			</report>
			<report>
				<misses>3956001</misses>
				<total>313</total>
				<timestamp>671.897966</timestamp>
			</report>
			<report>
				<misses>3957001</misses>
				<total>313</total>
				<timestamp>672.067786</timestamp>
			</report>
			<report>
				<misses>3958001</misses>
				<total>313</total>
				<timestamp>672.237648</timestamp>
			</report>
			<report>
				<misses>3959001</misses>
				<total>312</total>
				<timestamp>672.407550</timestamp>
			</report>
			<report>
				<misses>3960001</misses>
				<total>314</total>
				<timestamp>672.577349</timestamp>
			</report>
			<report>
				<misses>3961001</misses>
				<total>314</total>
				<timestamp>672.747115</timestamp>
			</report>
			<report>
				<misses>3962001</misses>
				<total>314</total>
				<timestamp>672.916985</timestamp>
			</report>
			<report>
				<misses>3963001</misses>
				<total>314</total>
				<timestamp>673.086777</timestamp>
			</report>
			<report>
				<misses>3964001</misses>
				<total>314</total>
				<timestamp>673.256610</timestamp>
			</report>
			<report>
				<misses>3965001</misses>
				<total>314</total>
				<timestamp>673.426530</timestamp>
			</report>
			<report>
				<misses>3966001</misses>
				<total>314</total>
				<timestamp>673.596326</timestamp>
			</report>
			<report>
				<misses>3967001</misses>
				<total>315</total>
				<timestamp>673.766102</timestamp>
			</report>
			<report>
				<misses>3968001</misses>
				<total>315</total>
				<timestamp>673.935951</timestamp>
			</report>
			<report>
				<misses>3969001</misses>
				<total>315</total>
				<timestamp>674.105756</timestamp>
			</report>
			<report>
				<misses>3970001</misses>
				<total>315</total>
				<timestamp>674.275587</timestamp>
			</report>
			<report>
				<misses>3971001</misses>
				<total>314</total>
				<timestamp>674.445537</timestamp>
			</report>
			<report>
				<misses>3972001</misses>
				<total>314</total>
				<timestamp>674.615395</timestamp>
			</report>
			<report>
				<misses>3973001</misses>
				<total>315</total>
				<timestamp>674.785092</timestamp>
			</report>
			<report>
				<misses>3974001</misses>
				<total>315</total>
				<timestamp>674.954998</timestamp>
			</report>
			<report>
				<misses>3975001</misses>
				<total>315</total>
				<timestamp>675.124742</timestamp>
			</report>
			<report>
				<misses>3976001</misses>
				<total>315</total>
				<timestamp>675.294624</timestamp>
			</report>
			<report>
				<misses>3977001</misses>
				<total>314</total>
				<timestamp>675.464655</timestamp>
			</report>
			<report>
				<misses>3978001</misses>
				<total>314</total>
				<timestamp>675.634550</timestamp>
			</report>
			<report>
				<misses>3979001</misses>
				<total>315</total>
				<timestamp>675.804293</timestamp>
			</report>
			<report>
				<misses>3980001</misses>
				<total>315</total>
				<timestamp>675.974137</timestamp>
			</report>
			<report>
				<misses>3981001</misses>
				<total>315</total>
				<timestamp>676.143990</timestamp>
			</report>
			<report>
				<misses>3982001</misses>
				<total>315</total>
				<timestamp>676.313791</timestamp>
			</report>
			<report>
				<misses>3983001</misses>
				<total>316</total>
				<timestamp>676.483632</timestamp>
			</report>
			<report>
				<misses>3984001</misses>
				<total>316</total>
				<timestamp>676.653477</timestamp>
			</report>
			<report>
				<misses>3985001</misses>
				<total>316</total>
				<timestamp>676.823377</timestamp>
			</report>
			<report>
				<misses>3986001</misses>
				<total>315</total>
				<timestamp>676.993320</timestamp>
			</report>
			<report>
				<misses>3987001</misses>
				<total>316</total>
				<timestamp>677.163127</timestamp>
			</report>
			<report>
				<misses>3988001</misses>
				<total>316</total>
				<timestamp>677.332946</timestamp>
			</report>
			<report>
				<misses>3989001</misses>
				<total>316</total>
				<timestamp>677.502835</timestamp>
			</report>
			<report>
				<misses>3990001</misses>
				<total>316</total>
				<timestamp>677.672526</timestamp>
			</report>
			<report>
				<misses>3991001</misses>
				<total>315</total>
				<timestamp>677.842532</timestamp>
			</report>
			<report>
				<misses>3992001</misses>
				<total>316</total>
				<timestamp>678.012465</timestamp>
			</report>
			<report>
				<misses>3993001</misses>
				<total>316</total>
				<timestamp>678.182326</timestamp>
			</report>
			<report>
				<misses>3994001</misses>
				<total>316</total>
				<timestamp>678.352119</timestamp>
			</report>
			<report>
				<misses>3995001</misses>
				<total>316</total>
				<timestamp>678.521963</timestamp>
			</report>
			<report>
				<misses>3996001</misses>
				<total>316</total>
				<timestamp>678.691713</timestamp>
			</report>
			<report>
				<misses>3997001</misses>
				<total>316</total>
				<timestamp>678.861515</timestamp>
			</report>
			<report>
				<misses>3998001</misses>
				<total>316</total>
				<timestamp>679.031489</timestamp>
			</report>
			<report>
				<misses>3999001</misses>
				<total>315</total>
				<timestamp>679.201404</timestamp>
			</report>
			<report>
				<misses>4000001</misses>
				<total>315</total>
				<timestamp>679.371370</timestamp>
			</report>
			<report>
				<misses>4001001</misses>
				<total>315</total>
				<timestamp>679.541356</timestamp>
			</report>
			<report>
				<misses>4002001</misses>
				<total>317</total>
				<timestamp>679.711358</timestamp>
			</report>
			<report>
				<misses>4003001</misses>
				<total>317</total>
				<timestamp>679.881263</timestamp>
			</report>
			<report>
				<misses>4004001</misses>
				<total>317</total>
				<timestamp>680.050994</timestamp>
			</report>
			<report>
				<misses>4005001</misses>
				<total>317</total>
				<timestamp>680.220818</timestamp>
			</report>
			<report>
				<misses>4006001</misses>
				<total>317</total>
				<timestamp>680.390685</timestamp>
			</report>
			<report>
				<misses>4007001</misses>
				<total>317</total>
				<timestamp>680.560496</timestamp>
			</report>
			<report>
				<misses>4008001</misses>
				<total>317</total>
				<timestamp>680.730315</timestamp>
			</report>
			<report>
				<misses>4009001</misses>
				<total>316</total>
				<timestamp>680.900271</timestamp>
			</report>
			<report>
				<misses>4010001</misses>
				<total>317</total>
				<timestamp>681.069972</timestamp>
			</report>
			<report>
				<misses>4011001</misses>
				<total>317</total>
				<timestamp>681.239809</timestamp>
			</report>
			<report>
				<misses>4012001</misses>
				<total>317</total>
				<timestamp>681.409719</timestamp>
			</report>
			<report>
				<misses>4013001</misses>
				<total>317</total>
				<timestamp>681.579500</timestamp>
			</report>
			<report>
				<misses>4014001</misses>
				<total>316</total>
				<timestamp>681.749358</timestamp>
			</report>
			<report>
				<misses>4015001</misses>
				<total>317</total>
				<timestamp>681.919308</timestamp>
			</report>
			<report>
				<misses>4016001</misses>
				<total>325</total>
				<timestamp>682.089256</timestamp>
			</report>
			<report>
				<misses>4017001</misses>
				<total>326</total>
				<timestamp>682.258970</timestamp>
			</report>
			<report>
				<misses>4018001</misses>
				<total>326</total>
				<timestamp>682.428784</timestamp>
			</report>
			<report>
				<misses>4019001</misses>
				<total>326</total>
				<timestamp>682.598600</timestamp>
			</report>
			<report>
				<misses>4020001</misses>
				<total>326</total>
				<timestamp>682.768463</timestamp>
			</report>
			<report>
				<misses>4021001</misses>
				<total>325</total>
				<timestamp>682.938338</timestamp>
			</report>
			<report>
				<misses>4022001</misses>
				<total>326</total>
				<timestamp>683.108113</timestamp>
			</report>
			<report>
				<misses>4023001</misses>
				<total>326</total>
				<timestamp>683.277947</timestamp>
			</report>
			<report>
				<misses>4024001</misses>
				<total>326</total>
				<timestamp>683.447757</timestamp>
			</report>
			<report>
				<misses>4025001</misses>
				<total>326</total>
				<timestamp>683.617594</timestamp>
			</report>
			<report>
				<misses>4026001</misses>
				<total>325</total>
				<timestamp>683.787468</timestamp>
			</report>
			<report>
				<misses>4027001</misses>
				<total>325</total>
				<timestamp>683.957346</timestamp>
			</report>
			<report>
				<misses>4028001</misses>
				<total>327</total>
				<timestamp>684.127140</timestamp>
			</report>
			<report>
				<misses>4029001</misses>
				<total>327</total>
				<timestamp>684.296921</timestamp>
			</report>
			<report>
				<misses>4030001</misses>
				<total>327</total>
				<timestamp>684.466759</timestamp>
			</report>
			<report>
				<misses>4031001</misses>
				<total>327</total>
				<timestamp>684.636581</timestamp>
			</report>
			<report>
				<misses>4032001</misses>
				<total>327</total>
				<timestamp>684.806390</timestamp>
			</report>
			<report>
				<misses>4033001</misses>
				<total>326</total>
				<timestamp>684.976361</timestamp>
			</report>
			<report>
				<misses>4034001</misses>
				<total>327</total>
				<timestamp>685.146107</timestamp>
			</report>
			<report>
				<misses>4035001</misses>
				<total>327</total>
				<timestamp>685.315971</timestamp>
			</report>
			<report>
				<misses>4036001</misses>
				<total>327</total>
				<timestamp>685.485799</timestamp>
			</report>
			<report>
				<misses>4037001</misses>
				<total>326</total>
				<timestamp>685.655603</timestamp>
			</report>
			<report>
				<misses>4038001</misses>
				<total>326</total>
				<timestamp>685.825507</timestamp>
			</report>
			<report>
				<misses>4039001</misses>
				<total>327</total>
				<timestamp>685.995326</timestamp>
			</report>
			<report>
				<misses>4040001</misses>
				<total>327</total>
				<timestamp>686.165091</timestamp>
			</report>
			<report>
				<misses>4041001</misses>
				<total>327</total>
				<timestamp>686.334885</timestamp>
			</report>
			<report>
				<misses>4042001</misses>
				<total>327</total>
				<timestamp>686.504708</timestamp>
			</report>
			<report>
				<misses>4043001</misses>
				<total>327</total>
				<timestamp>686.674539</timestamp>
			</report>
			<report>
				<misses>4044001</misses>
				<total>326</total>
				<timestamp>686.844461</timestamp>
			</report>
			<report>
				<misses>4045001</misses>
				<total>327</total>
				<timestamp>687.014228</timestamp>
			</report>
			<report>
				<misses>4046001</misses>
				<total>327</total>
				<timestamp>687.184098</timestamp>
			</report>
			<report>
				<misses>4047001</misses>
				<total>327</total>
				<timestamp>687.353865</timestamp>
			</report>
			<report>
				<misses>4048001</misses>
				<total>327</total>
				<timestamp>687.523679</timestamp>
			</report>
			<report>
				<misses>4049001</misses>
				<total>327</total>
				<timestamp>687.693514</timestamp>
			</report>
			<report>
				<misses>4050001</misses>
				<total>327</total>
				<timestamp>687.863356</timestamp>
			</report>
			<report>
				<misses>4051001</misses>
				<total>327</total>
				<timestamp>688.033196</timestamp>
			</report>
			<report>
				<misses>4052001</misses>
				<total>327</total>
				<timestamp>688.203019</timestamp>
			</report>
			<report>
				<misses>4053001</misses>
				<total>327</total>
				<timestamp>688.372835</timestamp>
			</report>
			<report>
				<misses>4054001</misses>
				<total>327</total>
				<timestamp>688.542755</timestamp>
			</report>
			<report>
				<misses>4055001</misses>
				<total>327</total>
				<timestamp>688.712528</timestamp>
			</report>
			<report>
				<misses>4056001</misses>
				<total>327</total>
				<timestamp>688.882380</timestamp>
			</report>
			<report>
				<misses>4057001</misses>
				<total>327</total>
				<timestamp>689.052308</timestamp>
			</report>
			<report>
				<misses>4058001</misses>
				<total>327</total>
				<timestamp>689.222065</timestamp>
			</report>
			<report>
				<misses>4059001</misses>
				<total>327</total>
				<timestamp>689.391833</timestamp>
			</report>
			<report>
				<misses>4060001</misses>
				<total>327</total>
				<timestamp>689.561649</timestamp>
			</report>
			<report>
				<misses>4061001</misses>
				<total>327</total>
				<timestamp>689.731534</timestamp>
			</report>
			<report>
				<misses>4062001</misses>
				<total>327</total>
				<timestamp>689.901377</timestamp>
			</report>
			<report>
				<misses>4063001</misses>
				<total>327</total>
				<timestamp>690.071282</timestamp>
			</report>
			<report>
				<misses>4064001</misses>
				<total>327</total>
				<timestamp>690.240992</timestamp>
			</report>
			<report>
				<misses>4065001</misses>
				<total>327</total>
				<timestamp>690.410829</timestamp>
			</report>
			<report>
				<misses>4066001</misses>
				<total>327</total>
				<timestamp>690.580698</timestamp>
			</report>
			<report>
				<misses>4067001</misses>
				<total>327</total>
				<timestamp>690.750540</timestamp>
			</report>
			<report>
				<misses>4068001</misses>
				<total>327</total>
				<timestamp>690.920432</timestamp>
			</report>
			<report>
				<misses>4069001</misses>
				<total>326</total>
				<timestamp>691.090223</timestamp>
			</report>
			<report>
				<misses>4070001</misses>
				<total>327</total>
				<timestamp>691.259988</timestamp>
			</report>
			<report>
				<misses>4071001</misses>
				<total>327</total>
				<timestamp>691.429859</timestamp>
			</report>
			<report>
				<misses>4072001</misses>
				<total>327</total>
				<timestamp>691.599594</timestamp>
			</report>
			<report>
				<misses>4073001</misses>
				<total>327</total>
				<timestamp>691.769481</timestamp>
			</report>
			<report>
				<misses>4074001</misses>
				<total>327</total>
				<timestamp>691.939382</timestamp>
			</report>
			<report>
				<misses>4075001</misses>
				<total>326</total>
				<timestamp>692.109215</timestamp>
			</report>
			<report>
				<misses>4076001</misses>
				<total>327</total>
				<timestamp>692.279074</timestamp>
			</report>
			<report>
				<misses>4077001</misses>
				<total>327</total>
				<timestamp>692.448867</timestamp>
			</report>
			<report>
				<misses>4078001</misses>
				<total>327</total>
				<timestamp>692.618592</timestamp>
			</report>
			<report>
				<misses>4079001</misses>
				<total>327</total>
				<timestamp>692.788554</timestamp>
			</report>
			<report>
				<misses>4080001</misses>
				<total>327</total>
				<timestamp>692.958292</timestamp>
			</report>
			<report>
				<misses>4081001</misses>
				<total>327</total>
				<timestamp>693.128142</timestamp>
			</report>
			<report>
				<misses>4082001</misses>
				<total>327</total>
				<timestamp>693.297939</timestamp>
			</report>
			<report>
				<misses>4083001</misses>
				<total>327</total>
				<timestamp>693.467738</timestamp>
			</report>
			<report>
				<misses>4084001</misses>
				<total>327</total>
				<timestamp>693.637573</timestamp>
			</report>
			<report>
				<misses>4085001</misses>
				<total>327</total>
				<timestamp>693.807406</timestamp>
			</report>
			<report>
				<misses>4086001</misses>
				<total>327</total>
				<timestamp>693.977287</timestamp>
			</report>
			<report>
				<misses>4087001</misses>
				<total>327</total>
				<timestamp>694.147174</timestamp>
			</report>
			<report>
				<misses>4088001</misses>
				<total>327</total>
				<timestamp>694.316923</timestamp>
			</report>
			<report>
				<misses>4089001</misses>
				<total>327</total>
				<timestamp>694.486716</timestamp>
			</report>
			<report>
				<misses>4090001</misses>
				<total>327</total>
				<timestamp>694.656576</timestamp>
			</report>
			<report>
				<misses>4091001</misses>
				<total>326</total>
				<timestamp>694.826433</timestamp>
			</report>
			<report>
				<misses>4092001</misses>
				<total>327</total>
				<timestamp>694.996346</timestamp>
			</report>
			<report>
				<misses>4093001</misses>
				<total>326</total>
				<timestamp>695.166229</timestamp>
			</report>
			<report>
				<misses>4094001</misses>
				<total>326</total>
				<timestamp>695.336189</timestamp>
			</report>
			<report>
				<misses>4095001</misses>
				<total>327</total>
				<timestamp>695.505983</timestamp>
			</report>
			<report>
				<misses>4096001</misses>
				<total>327</total>
				<timestamp>695.675721</timestamp>
			</report>
			<report>
				<misses>4097001</misses>
				<total>327</total>
				<timestamp>695.845551</timestamp>
			</report>
			<report>
				<misses>4098001</misses>
				<total>326</total>
				<timestamp>696.015399</timestamp>
			</report>
			<report>
				<misses>4099001</misses>
				<total>327</total>
				<timestamp>696.185270</timestamp>
			</report>
			<report>
				<misses>4100001</misses>
				<total>327</total>
				<timestamp>696.355088</timestamp>
			</report>
			<report>
				<misses>4101001</misses>
				<total>327</total>
				<timestamp>696.524983</timestamp>
			</report>
			<report>
				<misses>4102001</misses>
				<total>327</total>
				<timestamp>696.694750</timestamp>
			</report>
			<report>
				<misses>4103001</misses>
				<total>327</total>
				<timestamp>696.864558</timestamp>
			</report>
			<report>
				<misses>4104001</misses>
				<total>327</total>
				<timestamp>697.034372</timestamp>
			</report>
			<report>
				<misses>4105001</misses>
				<total>327</total>
				<timestamp>697.204201</timestamp>
			</report>
			<report>
				<misses>4106001</misses>
				<total>327</total>
				<timestamp>697.374005</timestamp>
			</report>
			<report>
				<misses>4107001</misses>
				<total>327</total>
				<timestamp>697.543850</timestamp>
			</report>
			<report>
				<misses>4108001</misses>
				<total>327</total>
				<timestamp>697.713708</timestamp>
			</report>
			<report>
				<misses>4109001</misses>
				<total>327</total>
				<timestamp>697.883556</timestamp>
			</report>
			<report>
				<misses>4110001</misses>
				<total>333</total>
				<timestamp>698.053355</timestamp>
			</report>
			<report>
				<misses>4111001</misses>
				<total>332</total>
				<timestamp>698.223274</timestamp>
			</report>
			<report>
				<misses>4112001</misses>
				<total>336</total>
				<timestamp>698.392994</timestamp>
			</report>
			<report>
				<misses>4113001</misses>
				<total>336</total>
				<timestamp>698.562858</timestamp>
			</report>
			<report>
				<misses>4114001</misses>
				<total>336</total>
				<timestamp>698.732634</timestamp>
			</report>
			<report>
				<misses>4115001</misses>
				<total>336</total>
				<timestamp>698.902499</timestamp>
			</report>
			<report>
				<misses>4116001</misses>
				<total>335</total>
				<timestamp>699.072518</timestamp>
			</report>
			<report>
				<misses>4117001</misses>
				<total>336</total>
				<timestamp>699.242395</timestamp>
			</report>
			<report>
				<misses>4118001</misses>
				<total>336</total>
				<timestamp>699.412166</timestamp>
			</report>
			<report>
				<misses>4119001</misses>
				<total>336</total>
				<timestamp>699.582020</timestamp>
			</report>
			<report>
				<misses>4120001</misses>
				<total>336</total>
				<timestamp>699.751777</timestamp>
			</report>
			<report>
				<misses>4121001</misses>
				<total>336</total>
				<timestamp>699.921626</timestamp>
			</report>
			<report>
				<misses>4122001</misses>
				<total>336</total>
				<timestamp>700.091448</timestamp>
			</report>
			<report>
				<misses>4123001</misses>
				<total>335</total>
				<timestamp>700.261374</timestamp>
			</report>
			<report>
				<misses>4124001</misses>
				<total>335</total>
				<timestamp>700.431320</timestamp>
			</report>
			<report>
				<misses>4125001</misses>
				<total>337</total>
				<timestamp>700.601133</timestamp>
			</report>
			<report>
				<misses>4126001</misses>
				<total>337</total>
				<timestamp>700.770933</timestamp>
			</report>
			<report>
				<misses>4127001</misses>
				<total>337</total>
				<timestamp>700.940763</timestamp>
			</report>
			<report>
				<misses>4128001</misses>
				<total>337</total>
				<timestamp>701.110752</timestamp>
			</report>
			<report>
				<misses>4129001</misses>
				<total>337</total>
				<timestamp>701.280425</timestamp>
			</report>
			<report>
				<misses>4130001</misses>
				<total>336</total>
				<timestamp>701.450371</timestamp>
			</report>
			<report>
				<misses>4131001</misses>
				<total>337</total>
				<timestamp>701.620141</timestamp>
			</report>
			<report>
				<misses>4132001</misses>
				<total>337</total>
				<timestamp>701.789995</timestamp>
			</report>
			<report>
				<misses>4133001</misses>
				<total>337</total>
				<timestamp>701.959744</timestamp>
			</report>
			<report>
				<misses>4134001</misses>
				<total>337</total>
				<timestamp>702.129569</timestamp>
			</report>
			<report>
				<misses>4135001</misses>
				<total>337</total>
				<timestamp>702.299399</timestamp>
			</report>
			<report>
				<misses>4136001</misses>
				<total>337</total>
				<timestamp>702.469362</timestamp>
			</report>
			<report>
				<misses>4137001</misses>
				<total>337</total>
				<timestamp>702.639118</timestamp>
			</report>
			<report>
				<misses>4138001</misses>
				<total>337</total>
				<timestamp>702.809049</timestamp>
			</report>
			<report>
				<misses>4139001</misses>
				<total>337</total>
				<timestamp>702.978762</timestamp>
			</report>
			<report>
				<misses>4140001</misses>
				<total>337</total>
				<timestamp>703.148557</timestamp>
			</report>
			<report>
				<misses>4141001</misses>
				<total>337</total>
				<timestamp>703.318400</timestamp>
			</report>
			<report>
				<misses>4142001</misses>
				<total>337</total>
				<timestamp>703.488212</timestamp>
			</report>
			<report>
				<misses>4143001</misses>
				<total>337</total>
				<timestamp>703.658098</timestamp>
			</report>
			<report>
				<misses>4144001</misses>
				<total>337</total>
				<timestamp>703.827986</timestamp>
			</report>
			<report>
				<misses>4145001</misses>
				<total>337</total>
				<timestamp>703.997705</timestamp>
			</report>
			<report>
				<misses>4146001</misses>
				<total>337</total>
				<timestamp>704.167532</timestamp>
			</report>
			<report>
				<misses>4147001</misses>
				<total>338</total>
				<timestamp>704.337357</timestamp>
			</report>
			<report>
				<misses>4148001</misses>
				<total>337</total>
				<timestamp>704.507246</timestamp>
			</report>
			<report>
				<misses>4149001</misses>
				<total>337</total>
				<timestamp>704.677131</timestamp>
			</report>
			<report>
				<misses>4150001</misses>
				<total>338</total>
				<timestamp>704.846858</timestamp>
			</report>
			<report>
				<misses>4151001</misses>
				<total>338</total>
				<timestamp>705.016678</timestamp>
			</report>
			<report>
				<misses>4152001</misses>
				<total>338</total>
				<timestamp>705.186516</timestamp>
			</report>
			<report>
				<misses>4153001</misses>
				<total>338</total>
				<timestamp>705.356342</timestamp>
			</report>
			<report>
				<misses>4154001</misses>
				<total>338</total>
				<timestamp>705.526270</timestamp>
			</report>
			<report>
				<misses>4155001</misses>
				<total>337</total>
				<timestamp>705.696186</timestamp>
			</report>
			<report>
				<misses>4156001</misses>
				<total>337</total>
				<timestamp>705.866115</timestamp>
			</report>
			<report>
				<misses>4157001</misses>
				<total>338</total>
				<timestamp>706.035827</timestamp>
			</report>
			<report>
				<misses>4158001</misses>
				<total>338</total>
				<timestamp>706.205665</timestamp>
			</report>
			<report>
				<misses>4159001</misses>
				<total>338</total>
				<timestamp>706.375588</timestamp>
			</report>
			<report>
				<misses>4160001</misses>
				<total>338</total>
				<timestamp>706.545437</timestamp>
			</report>
			<report>
				<misses>4161001</misses>
				<total>338</total>
				<timestamp>706.715251</timestamp>
			</report>
			<report>
				<misses>4162001</misses>
				<total>338</total>
				<timestamp>706.885150</timestamp>
			</report>
			<report>
				<misses>4163001</misses>
				<total>338</total>
				<timestamp>707.054821</timestamp>
			</report>
			<report>
				<misses>4164001</misses>
				<total>338</total>
				<timestamp>707.224655</timestamp>
			</report>
			<report>
				<misses>4165001</misses>
				<total>338</total>
				<timestamp>707.394512</timestamp>
			</report>
			<report>
				<misses>4166001</misses>
				<total>338</total>
				<timestamp>707.564378</timestamp>
			</report>
			<report>
				<misses>4167001</misses>
				<total>337</total>
				<timestamp>707.734207</timestamp>
			</report>
			<report>
				<misses>4168001</misses>
				<total>338</total>
				<timestamp>707.903986</timestamp>
			</report>
			<report>
				<misses>4169001</misses>
				<total>338</total>
				<timestamp>708.073793</timestamp>
			</report>
			<report>
				<misses>4170001</misses>
				<total>338</total>
				<timestamp>708.243722</timestamp>
			</report>
			<report>
				<misses>4171001</misses>
				<total>338</total>
				<timestamp>708.413455</timestamp>
			</report>
			<report>
				<misses>4172001</misses>
				<total>338</total>
				<timestamp>708.583304</timestamp>
			</report>
			<report>
				<misses>4173001</misses>
				<total>337</total>
				<timestamp>708.753145</timestamp>
			</report>
			<report>
				<misses>4174001</misses>
				<total>337</total>
				<timestamp>708.923149</timestamp>
			</report>
			<report>
				<misses>4175001</misses>
				<total>337</total>
				<timestamp>709.093079</timestamp>
			</report>
			<report>
				<misses>4176001</misses>
				<total>338</total>
				<timestamp>709.262760</timestamp>
			</report>
			<report>
				<misses>4177001</misses>
				<total>338</total>
				<timestamp>709.432598</timestamp>
			</report>
			<report>
				<misses>4178001</misses>
				<total>338</total>
				<timestamp>709.602424</timestamp>
			</report>
			<report>
				<misses>4179001</misses>
				<total>338</total>
				<timestamp>709.772291</timestamp>
			</report>
			<report>
				<misses>4180001</misses>
				<total>337</total>
				<timestamp>709.942179</timestamp>
			</report>
			<report>
				<misses>4181001</misses>
				<total>337</total>
				<timestamp>710.112086</timestamp>
			</report>
			<report>
				<misses>4182001</misses>
				<total>338</total>
				<timestamp>710.281749</timestamp>
			</report>
			<report>
				<misses>4183001</misses>
				<total>338</total>
				<timestamp>710.451736</timestamp>
			</report>
			<report>
				<misses>4184001</misses>
				<total>338</total>
				<timestamp>710.621415</timestamp>
			</report>
			<report>
				<misses>4185001</misses>
				<total>338</total>
				<timestamp>710.791293</timestamp>
			</report>
			<report>
				<misses>4186001</misses>
				<total>337</total>
				<timestamp>710.961276</timestamp>
			</report>
			<report>
				<misses>4187001</misses>
				<total>337</total>
				<timestamp>711.131174</timestamp>
			</report>
			<report>
				<misses>4188001</misses>
				<total>337</total>
				<timestamp>711.301056</timestamp>
			</report>
			<report>
				<misses>4189001</misses>
				<total>338</total>
				<timestamp>711.470720</timestamp>
			</report>
			<report>
				<misses>4190001</misses>
				<total>338</total>
				<timestamp>711.640554</timestamp>
			</report>
			<report>
				<misses>4191001</misses>
				<total>341</total>
				<timestamp>711.810396</timestamp>
			</report>
			<report>
				<misses>4192001</misses>
				<total>340</total>
				<timestamp>711.980298</timestamp>
			</report>
			<report>
				<misses>4193001</misses>
				<total>341</total>
				<timestamp>712.150105</timestamp>
			</report>
			<report>
				<misses>4194001</misses>
				<total>341</total>
				<timestamp>712.319958</timestamp>
			</report>
			<report>
				<misses>4195001</misses>
				<total>341</total>
				<timestamp>712.489705</timestamp>
			</report>
			<report>
				<misses>4196001</misses>
				<total>341</total>
				<timestamp>712.659543</timestamp>
			</report>
			<report>
				<misses>4197001</misses>
				<total>341</total>
				<timestamp>712.829419</timestamp>
			</report>
			<report>
				<misses>4198001</misses>
				<total>341</total>
				<timestamp>712.999263</timestamp>
			</report>
			<report>
				<misses>4199001</misses>
				<total>340</total>
				<timestamp>713.169136</timestamp>
			</report>
			<report>
				<misses>4200001</misses>
				<total>341</total>
				<timestamp>713.338915</timestamp>
			</report>
			<report>
				<misses>4201001</misses>
				<total>341</total>
				<timestamp>713.508676</timestamp>
			</report>
			<report>
				<misses>4202001</misses>
				<total>341</total>
				<timestamp>713.678529</timestamp>
			</report>
			<report>
				<misses>4203001</misses>
				<total>341</total>
				<timestamp>713.848417</timestamp>
			</report>
			<report>
				<misses>4204001</misses>
				<total>341</total>
				<timestamp>714.018182</timestamp>
			</report>
			<report>
				<misses>4205001</misses>
				<total>341</total>
				<timestamp>714.188058</timestamp>
			</report>
			<report>
				<misses>4206001</misses>
				<total>341</total>
				<timestamp>714.357833</timestamp>
			</report>
			<report>
				<misses>4207001</misses>
				<total>341</total>
				<timestamp>714.527666</timestamp>
			</report>
			<report>
				<misses>4208001</misses>
				<total>341</total>
				<timestamp>714.697515</timestamp>
			</report>
			<report>
				<misses>4209001</misses>
				<total>341</total>
				<timestamp>714.867355</timestamp>
			</report>
			<report>
				<misses>4210001</misses>
				<total>341</total>
				<timestamp>715.037218</timestamp>
			</report>
			<report>
				<misses>4211001</misses>
				<total>340</total>
				<timestamp>715.207070</timestamp>
			</report>
			<report>
				<misses>4212001</misses>
				<total>341</total>
				<timestamp>715.376839</timestamp>
			</report>
			<report>
				<misses>4213001</misses>
				<total>341</total>
				<timestamp>715.546674</timestamp>
			</report>
			<report>
				<misses>4214001</misses>
				<total>341</total>
				<timestamp>715.716482</timestamp>
			</report>
			<report>
				<misses>4215001</misses>
				<total>341</total>
				<timestamp>715.886312</timestamp>
			</report>
			<report>
				<misses>4216001</misses>
				<total>340</total>
				<timestamp>716.056263</timestamp>
			</report>
			<report>
				<misses>4217001</misses>
				<total>341</total>
				<timestamp>716.226086</timestamp>
			</report>
			<report>
				<misses>4218001</misses>
				<total>341</total>
				<timestamp>716.395808</timestamp>
			</report>
			<report>
				<misses>4219001</misses>
				<total>341</total>
				<timestamp>716.565703</timestamp>
			</report>
			<report>
				<misses>4220001</misses>
				<total>341</total>
				<timestamp>716.735467</timestamp>
			</report>
			<report>
				<misses>4221001</misses>
				<total>341</total>
				<timestamp>716.905310</timestamp>
			</report>
			<report>
				<misses>4222001</misses>
				<total>341</total>
				<timestamp>717.075122</timestamp>
			</report>
			<report>
				<misses>4223001</misses>
				<total>341</total>
				<timestamp>717.245096</timestamp>
			</report>
			<report>
				<misses>4224001</misses>
				<total>341</total>
				<timestamp>717.414784</timestamp>
			</report>
			<report>
				<misses>4225001</misses>
				<total>341</total>
				<timestamp>717.584621</timestamp>
			</report>
			<report>
				<misses>4226001</misses>
				<total>341</total>
				<timestamp>717.754454</timestamp>
			</report>
			<report>
				<misses>4227001</misses>
				<total>341</total>
				<timestamp>717.924390</timestamp>
			</report>
			<report>
				<misses>4228001</misses>
				<total>343</total>
				<timestamp>718.094230</timestamp>
			</report>
			<report>
				<misses>4229001</misses>
				<total>343</total>
				<timestamp>718.264047</timestamp>
			</report>
			<report>
				<misses>4230001</misses>
				<total>343</total>
				<timestamp>718.433758</timestamp>
			</report>
			<report>
				<misses>4231001</misses>
				<total>343</total>
				<timestamp>718.603677</timestamp>
			</report>
			<report>
				<misses>4232001</misses>
				<total>343</total>
				<timestamp>718.773450</timestamp>
			</report>
			<report>
				<misses>4233001</misses>
				<total>343</total>
				<timestamp>718.943299</timestamp>
			</report>
			<report>
				<misses>4234001</misses>
				<total>343</total>
				<timestamp>719.113140</timestamp>
			</report>
			<report>
				<misses>4235001</misses>
				<total>343</total>
				<timestamp>719.283004</timestamp>
			</report>
			<report>
				<misses>4236001</misses>
				<total>343</total>
				<timestamp>719.452773</timestamp>
			</report>
			<report>
				<misses>4237001</misses>
				<total>343</total>
				<timestamp>719.622589</timestamp>
			</report>
			<report>
				<misses>4238001</misses>
				<total>343</total>
				<timestamp>719.792479</timestamp>
			</report>
			<report>
				<misses>4239001</misses>
				<total>342</total>
				<timestamp>719.962331</timestamp>
			</report>
			<report>
				<misses>4240001</misses>
				<total>342</total>
				<timestamp>720.132223</timestamp>
			</report>
			<report>
				<misses>4241001</misses>
				<total>342</total>
				<timestamp>720.302166</timestamp>
			</report>
			<report>
				<misses>4242001</misses>
				<total>342</total>
				<timestamp>720.472132</timestamp>
			</report>
			<report>
				<misses>4243001</misses>
				<total>343</total>
				<timestamp>720.641999</timestamp>
			</report>
			<report>
				<misses>4244001</misses>
				<total>343</total>
				<timestamp>720.811717</timestamp>
			</report>
			<report>
				<misses>4245001</misses>
				<total>343</total>
				<timestamp>720.981599</timestamp>
			</report>
			<report>
				<misses>4246001</misses>
				<total>343</total>
				<timestamp>721.151383</timestamp>
			</report>
			<report>
				<misses>4247001</misses>
				<total>343</total>
				<timestamp>721.321229</timestamp>
			</report>
			<report>
				<misses>4248001</misses>
				<total>346</total>
				<timestamp>721.491099</timestamp>
			</report>
			<report>
				<misses>4249001</misses>
				<total>347</total>
				<timestamp>721.661012</timestamp>
			</report>
			<report>
				<misses>4250001</misses>
				<total>347</total>
				<timestamp>721.830695</timestamp>
			</report>
			<report>
				<misses>4251001</misses>
				<total>347</total>
				<timestamp>722.000518</timestamp>
			</report>
			<report>
				<misses>4252001</misses>
				<total>347</total>
				<timestamp>722.170384</timestamp>
			</report>
			<report>
				<misses>4253001</misses>
				<total>347</total>
				<timestamp>722.340183</timestamp>
			</report>
			<report>
				<misses>4254001</misses>
				<total>347</total>
				<timestamp>722.510051</timestamp>
			</report>
			<report>
				<misses>4255001</misses>
				<total>346</total>
				<timestamp>722.680013</timestamp>
			</report>
			<report>
				<misses>4256001</misses>
				<total>347</total>
				<timestamp>722.849683</timestamp>
			</report>
			<report>
				<misses>4257001</misses>
				<total>347</total>
				<timestamp>723.019547</timestamp>
			</report>
			<report>
				<misses>4258001</misses>
				<total>347</total>
				<timestamp>723.189334</timestamp>
			</report>
			<report>
				<misses>4259001</misses>
				<total>347</total>
				<timestamp>723.359263</timestamp>
			</report>
			<report>
				<misses>4260001</misses>
				<total>346</total>
				<timestamp>723.529107</timestamp>
			</report>
			<report>
				<misses>4261001</misses>
				<total>347</total>
				<timestamp>723.698907</timestamp>
			</report>
			<report>
				<misses>4262001</misses>
				<total>347</total>
				<timestamp>723.868727</timestamp>
			</report>
			<report>
				<misses>4263001</misses>
				<total>347</total>
				<timestamp>724.038614</timestamp>
			</report>
			<report>
				<misses>4264001</misses>
				<total>347</total>
				<timestamp>724.208376</timestamp>
			</report>
			<report>
				<misses>4265001</misses>
				<total>347</total>
				<timestamp>724.378201</timestamp>
			</report>
			<report>
				<misses>4266001</misses>
				<total>346</total>
				<timestamp>724.548216</timestamp>
			</report>
			<report>
				<misses>4267001</misses>
				<total>346</total>
				<timestamp>724.718141</timestamp>
			</report>
			<report>
				<misses>4268001</misses>
				<total>347</total>
				<timestamp>724.887912</timestamp>
			</report>
			<report>
				<misses>4269001</misses>
				<total>347</total>
				<timestamp>725.057746</timestamp>
			</report>
			<report>
				<misses>4270001</misses>
				<total>347</total>
				<timestamp>725.227540</timestamp>
			</report>
			<report>
				<misses>4271001</misses>
				<total>347</total>
				<timestamp>725.397393</timestamp>
			</report>
			<report>
				<misses>4272001</misses>
				<total>347</total>
				<timestamp>725.567310</timestamp>
			</report>
			<report>
				<misses>4273001</misses>
				<total>346</total>
				<timestamp>725.737286</timestamp>
			</report>
			<report>
				<misses>4274001</misses>
				<total>347</total>
				<timestamp>725.907006</timestamp>
			</report>
			<report>
				<misses>4275001</misses>
				<total>347</total>
				<timestamp>726.076806</timestamp>
			</report>
			<report>
				<misses>4276001</misses>
				<total>354</total>
				<timestamp>726.246763</timestamp>
			</report>
			<report>
				<misses>4277001</misses>
				<total>354</total>
				<timestamp>726.416456</timestamp>
			</report>
			<report>
				<misses>4278001</misses>
				<total>354</total>
				<timestamp>726.586296</timestamp>
			</report>
			<report>
				<misses>4279001</misses>
				<total>353</total>
				<timestamp>726.756215</timestamp>
			</report>
			<report>
				<misses>4280001</misses>
				<total>353</total>
				<timestamp>726.926066</timestamp>
			</report>
			<report>
				<misses>4281001</misses>
				<total>354</total>
				<timestamp>727.095867</timestamp>
			</report>
			<report>
				<misses>4282001</misses>
				<total>354</total>
				<timestamp>727.265742</timestamp>
			</report>
			<report>
				<misses>4283001</misses>
				<total>354</total>
				<timestamp>727.435432</timestamp>
			</report>
			<report>
				<misses>4284001</misses>
				<total>354</total>
				<timestamp>727.605275</timestamp>
			</report>
			<report>
				<misses>4285001</misses>
				<total>354</total>
				<timestamp>727.775190</timestamp>
			</report>
			<report>
				<misses>4286001</misses>
				<total>353</total>
				<timestamp>727.944988</timestamp>
			</report>
			<report>
				<misses>4287001</misses>
				<total>354</total>
				<timestamp>728.114764</timestamp>
			</report>
			<report>
				<misses>4288001</misses>
				<total>354</total>
				<timestamp>728.284605</timestamp>
			</report>
			<report>
				<misses>4289001</misses>
				<total>361</total>
				<timestamp>728.454451</timestamp>
			</report>
			<report>
				<misses>4290001</misses>
				<total>361</total>
				<timestamp>728.624270</timestamp>
			</report>
			<report>
				<misses>4291001</misses>
				<total>360</total>
				<timestamp>728.794211</timestamp>
			</report>
			<report>
				<misses>4292001</misses>
				<total>361</total>
				<timestamp>728.963972</timestamp>
			</report>
			<report>
				<misses>4293001</misses>
				<total>361</total>
				<timestamp>729.133776</timestamp>
			</report>
			<report>
				<misses>4294001</misses>
				<total>361</total>
				<timestamp>729.303568</timestamp>
			</report>
			<report>
				<misses>4295001</misses>
				<total>361</total>
				<timestamp>729.473438</timestamp>
			</report>
			<report>
				<misses>4296001</misses>
				<total>361</total>
				<timestamp>729.643216</timestamp>
			</report>
			<report>
				<misses>4297001</misses>
				<total>360</total>
				<timestamp>729.813087</timestamp>
			</report>
			<report>
				<misses>4298001</misses>
				<total>361</total>
				<timestamp>729.983054</timestamp>
			</report>
			<report>
				<misses>4299001</misses>
				<total>361</total>
				<timestamp>730.152953</timestamp>
			</report>
			<report>
				<misses>4300001</misses>
				<total>361</total>
				<timestamp>730.322753</timestamp>
			</report>
			<report>
				<misses>4301001</misses>
				<total>361</total>
				<timestamp>730.492553</timestamp>
			</report>
			<report>
				<misses>4302001</misses>
				<total>361</total>
				<timestamp>730.662365</timestamp>
			</report>
			<report>
				<misses>4303001</misses>
				<total>361</total>
				<timestamp>730.832242</timestamp>
			</report>
			<report>
				<misses>4304001</misses>
				<total>361</total>
				<timestamp>731.002036</timestamp>
			</report>
			<report>
				<misses>4305001</misses>
				<total>361</total>
				<timestamp>731.171957</timestamp>
			</report>
			<report>
				<misses>4306001</misses>
				<total>361</total>
				<timestamp>731.341687</timestamp>
			</report>
			<report>
				<misses>4307001</misses>
				<total>361</total>
				<timestamp>731.511521</timestamp>
			</report>
			<report>
				<misses>4308001</misses>
				<total>361</total>
				<timestamp>731.681359</timestamp>
			</report>
			<report>
				<misses>4309001</misses>
				<total>361</total>
				<timestamp>731.851179</timestamp>
			</report>
			<report>
				<misses>4310001</misses>
				<total>361</total>
				<timestamp>732.021048</timestamp>
			</report>
			<report>
				<misses>4311001</misses>
				<total>361</total>
				<timestamp>732.190914</timestamp>
			</report>
			<report>
				<misses>4312001</misses>
				<total>361</total>
				<timestamp>732.360667</timestamp>
			</report>
			<report>
				<misses>4313001</misses>
				<total>361</total>
				<timestamp>732.530495</timestamp>
			</report>
			<report>
				<misses>4314001</misses>
				<total>361</total>
				<timestamp>732.700325</timestamp>
			</report>
			<report>
				<misses>4315001</misses>
				<total>361</total>
				<timestamp>732.870168</timestamp>
			</report>
			<report>
				<misses>4316001</misses>
				<total>361</total>
				<timestamp>733.040042</timestamp>
			</report>
			<report>
				<misses>4317001</misses>
				<total>360</total>
				<timestamp>733.209982</timestamp>
			</report>
			<report>
				<misses>4318001</misses>
				<total>361</total>
				<timestamp>733.379653</timestamp>
			</report>
			<report>
				<misses>4319001</misses>
				<total>361</total>
				<timestamp>733.549470</timestamp>
			</report>
			<report>
				<misses>4320001</misses>
				<total>361</total>
				<timestamp>733.719329</timestamp>
			</report>
			<report>
				<misses>4321001</misses>
				<total>361</total>
				<timestamp>733.889144</timestamp>
			</report>
			<report>
				<misses>4322001</misses>
				<total>361</total>
				<timestamp>734.059023</timestamp>
			</report>
			<report>
				<misses>4323001</misses>
				<total>360</total>
				<timestamp>734.228942</timestamp>
			</report>
			<report>
				<misses>4324001</misses>
				<total>361</total>
				<timestamp>734.398630</timestamp>
			</report>
			<report>
				<misses>4325001</misses>
				<total>361</total>
				<timestamp>734.568488</timestamp>
			</report>
			<report>
				<misses>4326001</misses>
				<total>361</total>
				<timestamp>734.738280</timestamp>
			</report>
			<report>
				<misses>4327001</misses>
				<total>361</total>
				<timestamp>734.908257</timestamp>
			</report>
			<report>
				<misses>4328001</misses>
				<total>361</total>
				<timestamp>735.078109</timestamp>
			</report>
			<report>
				<misses>4329001</misses>
				<total>360</total>
				<timestamp>735.247963</timestamp>
			</report>
			<report>
				<misses>4330001</misses>
				<total>360</total>
				<timestamp>735.417957</timestamp>
			</report>
			<report>
				<misses>4331001</misses>
				<total>361</total>
				<timestamp>735.588010</timestamp>
			</report>
			<report>
				<misses>4332001</misses>
				<total>360</total>
				<timestamp>735.757990</timestamp>
			</report>
			<report>
				<misses>4333001</misses>
				<total>361</total>
				<timestamp>735.927883</timestamp>
			</report>
			<report>
				<misses>4334001</misses>
				<total>361</total>
				<timestamp>736.097700</timestamp>
			</report>
			<report>
				<misses>4335001</misses>
				<total>361</total>
				<timestamp>736.267440</timestamp>
			</report>
			<report>
				<misses>4336001</misses>
				<total>360</total>
				<timestamp>736.437423</timestamp>
			</report>
			<report>
				<misses>4337001</misses>
				<total>361</total>
				<timestamp>736.607221</timestamp>
			</report>
			<report>
				<misses>4338001</misses>
				<total>360</total>
				<timestamp>736.777112</timestamp>
			</report>
			<report>
				<misses>4339001</misses>
				<total>360</total>
				<timestamp>736.947138</timestamp>
			</report>
			<report>
				<misses>4340001</misses>
				<total>360</total>
				<timestamp>737.117049</timestamp>
			</report>
			<report>
				<misses>4341001</misses>
				<total>361</total>
				<timestamp>737.286793</timestamp>
			</report>
			<report>
				<misses>4342001</misses>
				<total>361</total>
				<timestamp>737.456713</timestamp>
			</report>
			<report>
				<misses>4343001</misses>
				<total>361</total>
				<timestamp>737.626538</timestamp>
			</report>
			<report>
				<misses>4344001</misses>
				<total>361</total>
				<timestamp>737.796274</timestamp>
			</report>
			<report>
				<misses>4345001</misses>
				<total>360</total>
				<timestamp>737.966261</timestamp>
			</report>
			<report>
				<misses>4346001</misses>
				<total>361</total>
				<timestamp>738.136166</timestamp>
			</report>
			<report>
				<misses>4347001</misses>
				<total>361</total>
				<timestamp>738.306134</timestamp>
			</report>
			<report>
				<misses>4348001</misses>
				<total>360</total>
				<timestamp>738.476000</timestamp>
			</report>
			<report>
				<misses>4349001</misses>
				<total>361</total>
				<timestamp>738.645812</timestamp>
			</report>
			<report>
				<misses>4350001</misses>
				<total>361</total>
				<timestamp>738.815568</timestamp>
			</report>
			<report>
				<misses>4351001</misses>
				<total>361</total>
				<timestamp>738.985423</timestamp>
			</report>
			<report>
				<misses>4352001</misses>
				<total>361</total>
				<timestamp>739.155229</timestamp>
			</report>
			<report>
				<misses>4353001</misses>
				<total>360</total>
				<timestamp>739.325132</timestamp>
			</report>
			<report>
				<misses>4354001</misses>
				<total>360</total>
				<timestamp>739.495009</timestamp>
			</report>
			<report>
				<misses>4355001</misses>
				<total>361</total>
				<timestamp>739.664774</timestamp>
			</report>
			<report>
				<misses>4356001</misses>
				<total>361</total>
				<timestamp>739.834544</timestamp>
			</report>
			<report>
				<misses>4357001</misses>
				<total>364</total>
				<timestamp>740.004439</timestamp>
			</report>
			<report>
				<misses>4358001</misses>
				<total>364</total>
				<timestamp>740.174205</timestamp>
			</report>
			<report>
				<misses>4359001</misses>
				<total>364</total>
				<timestamp>740.344130</timestamp>
			</report>
			<report>
				<misses>4360001</misses>
				<total>364</total>
				<timestamp>740.513903</timestamp>
			</report>
			<report>
				<misses>4361001</misses>
				<total>364</total>
				<timestamp>740.683759</timestamp>
			</report>
			<report>
				<misses>4362001</misses>
				<total>364</total>
				<timestamp>740.853541</timestamp>
			</report>
			<report>
				<misses>4363001</misses>
				<total>364</total>
				<timestamp>741.023364</timestamp>
			</report>
			<report>
				<misses>4364001</misses>
				<total>364</total>
				<timestamp>741.193198</timestamp>
			</report>
			<report>
				<misses>4365001</misses>
				<total>364</total>
				<timestamp>741.363128</timestamp>
			</report>
			<report>
				<misses>4366001</misses>
				<total>363</total>
				<timestamp>741.532999</timestamp>
			</report>
			<report>
				<misses>4367001</misses>
				<total>364</total>
				<timestamp>741.702703</timestamp>
			</report>
			<report>
				<misses>4368001</misses>
				<total>364</total>
				<timestamp>741.872656</timestamp>
			</report>
			<report>
				<misses>4369001</misses>
				<total>364</total>
				<timestamp>742.042398</timestamp>
			</report>
			<report>
				<misses>4370001</misses>
				<total>364</total>
				<timestamp>742.212212</timestamp>
			</report>
			<report>
				<misses>4371001</misses>
				<total>364</total>
				<timestamp>742.382148</timestamp>
			</report>
			<report>
				<misses>4372001</misses>
				<total>364</total>
				<timestamp>742.552000</timestamp>
			</report>
			<report>
				<misses>4373001</misses>
				<total>364</total>
				<timestamp>742.721664</timestamp>
			</report>
			<report>
				<misses>4374001</misses>
				<total>364</total>
				<timestamp>742.891620</timestamp>
			</report>
			<report>
				<misses>4375001</misses>
				<total>364</total>
				<timestamp>743.061324</timestamp>
			</report>
			<report>
				<misses>4376001</misses>
				<total>364</total>
				<timestamp>743.231149</timestamp>
			</report>
			<report>
				<misses>4377001</misses>
				<total>363</total>
				<timestamp>743.401125</timestamp>
			</report>
			<report>
				<misses>4378001</misses>
				<total>364</total>
				<timestamp>743.570863</timestamp>
			</report>
			<report>
				<misses>4379001</misses>
				<total>364</total>
				<timestamp>743.740646</timestamp>
			</report>
			<report>
				<misses>4380001</misses>
				<total>364</total>
				<timestamp>743.910538</timestamp>
			</report>
			<report>
				<misses>4381001</misses>
				<total>365</total>
				<timestamp>744.080319</timestamp>
			</report>
			<report>
				<misses>4382001</misses>
				<total>365</total>
				<timestamp>744.250135</timestamp>
			</report>
			<report>
				<misses>4383001</misses>
				<total>365</total>
				<timestamp>744.419975</timestamp>
			</report>
			<report>
				<misses>4384001</misses>
				<total>365</total>
				<timestamp>744.589918</timestamp>
			</report>
			<report>
				<misses>4385001</misses>
				<total>365</total>
				<timestamp>744.759621</timestamp>
			</report>
			<report>
				<misses>4386001</misses>
				<total>365</total>
				<timestamp>744.929440</timestamp>
			</report>
			<report>
				<misses>4387001</misses>
				<total>365</total>
				<timestamp>745.099299</timestamp>
			</report>
			<report>
				<misses>4388001</misses>
				<total>365</total>
				<timestamp>745.269119</timestamp>
			</report>
			<report>
				<misses>4389001</misses>
				<total>365</total>
				<timestamp>745.438975</timestamp>
			</report>
			<report>
				<misses>4390001</misses>
				<total>365</total>
				<timestamp>745.608866</timestamp>
			</report>
			<report>
				<misses>4391001</misses>
				<total>365</total>
				<timestamp>745.778612</timestamp>
			</report>
			<report>
				<misses>4392001</misses>
				<total>365</total>
				<timestamp>745.948425</timestamp>
			</report>
			<report>
				<misses>4393001</misses>
				<total>365</total>
				<timestamp>746.118253</timestamp>
			</report>
			<report>
				<misses>4394001</misses>
				<total>365</total>
				<timestamp>746.288095</timestamp>
			</report>
			<report>
				<misses>4395001</misses>
				<total>366</total>
				<timestamp>746.458080</timestamp>
			</report>
			<report>
				<misses>4396001</misses>
				<total>365</total>
				<timestamp>746.627850</timestamp>
			</report>
			<report>
				<misses>4397001</misses>
				<total>366</total>
				<timestamp>746.797582</timestamp>
			</report>
			<report>
				<misses>4398001</misses>
				<total>366</total>
				<timestamp>746.967407</timestamp>
			</report>
			<report>
				<misses>4399001</misses>
				<total>366</total>
				<timestamp>747.137256</timestamp>
			</report>
			<report>
				<misses>4400001</misses>
				<total>366</total>
				<timestamp>747.307076</timestamp>
			</report>
			<report>
				<misses>4401001</misses>
				<total>365</total>
				<timestamp>747.476972</timestamp>
			</report>
			<report>
				<misses>4402001</misses>
				<total>366</total>
				<timestamp>747.646744</timestamp>
			</report>
			<report>
				<misses>4403001</misses>
				<total>366</total>
				<timestamp>747.816552</timestamp>
			</report>
			<report>
				<misses>4404001</misses>
				<total>366</total>
				<timestamp>747.986407</timestamp>
			</report>
			<report>
				<misses>4405001</misses>
				<total>366</total>
				<timestamp>748.156221</timestamp>
			</report>
			<report>
				<misses>4406001</misses>
				<total>366</total>
				<timestamp>748.326065</timestamp>
			</report>
			<report>
				<misses>4407001</misses>
				<total>365</total>
				<timestamp>748.495955</timestamp>
			</report>
			<report>
				<misses>4408001</misses>
				<total>366</total>
				<timestamp>748.665737</timestamp>
			</report>
			<report>
				<misses>4409001</misses>
				<total>366</total>
				<timestamp>748.835529</timestamp>
			</report>
			<report>
				<misses>4410001</misses>
				<total>366</total>
				<timestamp>749.005368</timestamp>
			</report>
			<report>
				<misses>4411001</misses>
				<total>366</total>
				<timestamp>749.175235</timestamp>
			</report>
			<report>
				<misses>4412001</misses>
				<total>366</total>
				<timestamp>749.345037</timestamp>
			</report>
			<report>
				<misses>4413001</misses>
				<total>365</total>
				<timestamp>749.514967</timestamp>
			</report>
			<report>
				<misses>4414001</misses>
				<total>365</total>
				<timestamp>749.684851</timestamp>
			</report>
			<report>
				<misses>4415001</misses>
				<total>366</total>
				<timestamp>749.854517</timestamp>
			</report>
			<report>
				<misses>4416001</misses>
				<total>366</total>
				<timestamp>750.024351</timestamp>
			</report>
			<report>
				<misses>4417001</misses>
				<total>366</total>
				<timestamp>750.194228</timestamp>
			</report>
			<report>
				<misses>4418001</misses>
				<total>366</total>
				<timestamp>750.364063</timestamp>
			</report>
			<report>
				<misses>4419001</misses>
				<total>366</total>
				<timestamp>750.533935</timestamp>
			</report>
			<report>
				<misses>4420001</misses>
				<total>366</total>
				<timestamp>750.703721</timestamp>
			</report>
			<report>
				<misses>4421001</misses>
				<total>366</total>
				<timestamp>750.873491</timestamp>
			</report>
			<report>
				<misses>4422001</misses>
				<total>366</total>
				<timestamp>751.043338</timestamp>
			</report>
			<report>
				<misses>4423001</misses>
				<total>366</total>
				<timestamp>751.213167</timestamp>
			</report>
			<report>
				<misses>4424001</misses>
				<total>365</total>
				<timestamp>751.383046</timestamp>
			</report>
			<report>
				<misses>4425001</misses>
				<total>366</total>
				<timestamp>751.552868</timestamp>
			</report>
			<report>
				<misses>4426001</misses>
				<total>366</total>
				<timestamp>751.722692</timestamp>
			</report>
			<report>
				<misses>4427001</misses>
				<total>366</total>
				<timestamp>751.892480</timestamp>
			</report>
			<report>
				<misses>4428001</misses>
				<total>366</total>
				<timestamp>752.062321</timestamp>
			</report>
			<report>
				<misses>4429001</misses>
				<total>366</total>
				<timestamp>752.232150</timestamp>
			</report>
			<report>
				<misses>4430001</misses>
				<total>366</total>
				<timestamp>752.401965</timestamp>
			</report>
			<report>
				<misses>4431001</misses>
				<total>367</total>
				<timestamp>752.571919</timestamp>
			</report>
			<report>
				<misses>4432001</misses>
				<total>368</total>
				<timestamp>752.741636</timestamp>
			</report>
			<report>
				<misses>4433001</misses>
				<total>368</total>
				<timestamp>752.911468</timestamp>
			</report>
			<report>
				<misses>4434001</misses>
				<total>368</total>
				<timestamp>753.081285</timestamp>
			</report>
			<report>
				<misses>4435001</misses>
				<total>368</total>
				<timestamp>753.251134</timestamp>
			</report>
			<report>
				<misses>4436001</misses>
				<total>367</total>
				<timestamp>753.421009</timestamp>
			</report>
			<report>
				<misses>4437001</misses>
				<total>367</total>
				<timestamp>753.590936</timestamp>
			</report>
			<report>
				<misses>4438001</misses>
				<total>368</total>
				<timestamp>753.760625</timestamp>
			</report>
			<report>
				<misses>4439001</misses>
				<total>368</total>
				<timestamp>753.930461</timestamp>
			</report>
			<report>
				<misses>4440001</misses>
				<total>368</total>
				<timestamp>754.100264</timestamp>
			</report>
			<report>
				<misses>4441001</misses>
				<total>368</total>
				<timestamp>754.270105</timestamp>
			</report>
			<report>
				<misses>4442001</misses>
				<total>367</total>
				<timestamp>754.440030</timestamp>
			</report>
			<report>
				<misses>4443001</misses>
				<total>367</total>
				<timestamp>754.609811</timestamp>
			</report>
			<report>
				<misses>4444001</misses>
				<total>368</total>
				<timestamp>754.779597</timestamp>
			</report>
			<report>
				<misses>4445001</misses>
				<total>368</total>
				<timestamp>754.949413</timestamp>
			</report>
			<report>
				<misses>4446001</misses>
				<total>368</total>
				<timestamp>755.119271</timestamp>
			</report>
			<report>
				<misses>4447001</misses>
				<total>368</total>
				<timestamp>755.289141</timestamp>
			</report>
			<report>
				<misses>4448001</misses>
				<total>368</total>
				<timestamp>755.459061</timestamp>
			</report>
			<report>
				<misses>4449001</misses>
				<total>368</total>
				<timestamp>755.628817</timestamp>
			</report>
			<report>
				<misses>4450001</misses>
				<total>368</total>
				<timestamp>755.798719</timestamp>
			</report>
			<report>
				<misses>4451001</misses>
				<total>368</total>
				<timestamp>755.968411</timestamp>
			</report>
			<report>
				<misses>4452001</misses>
				<total>368</total>
				<timestamp>756.138231</timestamp>
			</report>
			<report>
				<misses>4453001</misses>
				<total>368</total>
				<timestamp>756.308053</timestamp>
			</report>
			<report>
				<misses>4454001</misses>
				<total>367</total>
				<timestamp>756.478024</timestamp>
			</report>
			<report>
				<misses>4455001</misses>
				<total>368</total>
				<timestamp>756.647816</timestamp>
			</report>
			<report>
				<misses>4456001</misses>
				<total>368</total>
				<timestamp>756.817556</timestamp>
			</report>
			<report>
				<misses>4457001</misses>
				<total>368</total>
				<timestamp>756.987404</timestamp>
			</report>
			<report>
				<misses>4458001</misses>
				<total>368</total>
				<timestamp>757.157211</timestamp>
			</report>
			<report>
				<misses>4459001</misses>
				<total>368</total>
				<timestamp>757.327034</timestamp>
			</report>
			<report>
				<misses>4460001</misses>
				<total>367</total>
				<timestamp>757.496924</timestamp>
			</report>
			<report>
				<misses>4461001</misses>
				<total>368</total>
				<timestamp>757.666801</timestamp>
			</report>
			<report>
				<misses>4462001</misses>
				<total>368</total>
				<timestamp>757.836523</timestamp>
			</report>
			<report>
				<misses>4463001</misses>
				<total>368</total>
				<timestamp>758.006376</timestamp>
			</report>
			<report>
				<misses>4464001</misses>
				<total>368</total>
				<timestamp>758.176194</timestamp>
			</report>
			<report>
				<misses>4465001</misses>
				<total>368</total>
				<timestamp>758.346025</timestamp>
			</report>
			<report>
				<misses>4466001</misses>
				<total>368</total>
				<timestamp>758.515893</timestamp>
			</report>
			<report>
				<misses>4467001</misses>
				<total>368</total>
				<timestamp>758.685801</timestamp>
			</report>
			<report>
				<misses>4468001</misses>
				<total>368</total>
				<timestamp>758.855513</timestamp>
			</report>
			<report>
				<misses>4469001</misses>
				<total>368</total>
				<timestamp>759.025356</timestamp>
			</report>
			<report>
				<misses>4470001</misses>
				<total>369</total>
				<timestamp>759.195174</timestamp>
			</report>
			<report>
				<misses>4471001</misses>
				<total>369</total>
				<timestamp>759.365030</timestamp>
			</report>
			<report>
				<misses>4472001</misses>
				<total>369</total>
				<timestamp>759.534899</timestamp>
			</report>
			<report>
				<misses>4473001</misses>
				<total>369</total>
				<timestamp>759.704703</timestamp>
			</report>
			<report>
				<misses>4474001</misses>
				<total>369</total>
				<timestamp>759.874551</timestamp>
			</report>
			<report>
				<misses>4475001</misses>
				<total>369</total>
				<timestamp>760.044373</timestamp>
			</report>
			<report>
				<misses>4476001</misses>
				<total>369</total>
				<timestamp>760.214235</timestamp>
			</report>
			<report>
				<misses>4477001</misses>
				<total>373</total>
				<timestamp>760.384008</timestamp>
			</report>
			<report>
				<misses>4478001</misses>
				<total>373</total>
				<timestamp>760.553901</timestamp>
			</report>
			<report>
				<misses>4479001</misses>
				<total>372</total>
				<timestamp>760.723787</timestamp>
			</report>
			<report>
				<misses>4480001</misses>
				<total>373</total>
				<timestamp>760.893526</timestamp>
			</report>
			<report>
				<misses>4481001</misses>
				<total>373</total>
				<timestamp>761.063309</timestamp>
			</report>
			<report>
				<misses>4482001</misses>
				<total>373</total>
				<timestamp>761.233268</timestamp>
			</report>
			<report>
				<misses>4483001</misses>
				<total>373</total>
				<timestamp>761.403080</timestamp>
			</report>
			<report>
				<misses>4484001</misses>
				<total>372</total>
				<timestamp>761.572992</timestamp>
			</report>
			<report>
				<misses>4485001</misses>
				<total>373</total>
				<timestamp>761.742980</timestamp>
			</report>
			<report>
				<misses>4486001</misses>
				<total>372</total>
				<timestamp>761.912957</timestamp>
			</report>
			<report>
				<misses>4487001</misses>
				<total>373</total>
				<timestamp>762.082724</timestamp>
			</report>
			<report>
				<misses>4488001</misses>
				<total>373</total>
				<timestamp>762.252538</timestamp>
			</report>
			<report>
				<misses>4489001</misses>
				<total>373</total>
				<timestamp>762.422352</timestamp>
			</report>
			<report>
				<misses>4490001</misses>
				<total>373</total>
				<timestamp>762.592263</timestamp>
			</report>
			<report>
				<misses>4491001</misses>
				<total>375</total>
				<timestamp>762.761971</timestamp>
			</report>
			<report>
				<misses>4492001</misses>
				<total>374</total>
				<timestamp>762.931921</timestamp>
			</report>
			<report>
				<misses>4493001</misses>
				<total>375</total>
				<timestamp>763.101672</timestamp>
			</report>
			<report>
				<misses>4494001</misses>
				<total>375</total>
				<timestamp>763.271535</timestamp>
			</report>
			<report>
				<misses>4495001</misses>
				<total>375</total>
				<timestamp>763.441257</timestamp>
			</report>
			<report>
				<misses>4496001</misses>
				<total>375</total>
				<timestamp>763.611103</timestamp>
			</report>
			<report>
				<misses>4497001</misses>
				<total>374</total>
				<timestamp>763.780983</timestamp>
			</report>
			<report>
				<misses>4498001</misses>
				<total>375</total>
				<timestamp>763.950779</timestamp>
			</report>
			<report>
				<misses>4499001</misses>
				<total>375</total>
				<timestamp>764.120600</timestamp>
			</report>
			<report>
				<misses>4500001</misses>
				<total>375</total>
				<timestamp>764.290394</timestamp>
			</report>
			<report>
				<misses>4501001</misses>
				<total>375</total>
				<timestamp>764.460271</timestamp>
			</report>
			<report>
				<misses>4502001</misses>
				<total>376</total>
				<timestamp>764.630060</timestamp>
			</report>
			<report>
				<misses>4503001</misses>
				<total>375</total>
				<timestamp>764.800084</timestamp>
			</report>
			<report>
				<misses>4504001</misses>
				<total>376</total>
				<timestamp>764.970116</timestamp>
			</report>
			<report>
				<misses>4505001</misses>
				<total>375</total>
				<timestamp>765.140113</timestamp>
			</report>
			<report>
				<misses>4506001</misses>
				<total>376</total>
				<timestamp>765.310069</timestamp>
			</report>
			<report>
				<misses>4507001</misses>
				<total>376</total>
				<timestamp>765.479912</timestamp>
			</report>
			<report>
				<misses>4508001</misses>
				<total>376</total>
				<timestamp>765.649831</timestamp>
			</report>
			<report>
				<misses>4509001</misses>
				<total>376</total>
				<timestamp>765.819646</timestamp>
			</report>
			<report>
				<misses>4510001</misses>
				<total>376</total>
				<timestamp>765.989392</timestamp>
			</report>
			<report>
				<misses>4511001</misses>
				<total>376</total>
				<timestamp>766.159232</timestamp>
			</report>
			<report>
				<misses>4512001</misses>
				<total>376</total>
				<timestamp>766.329210</timestamp>
			</report>
			<report>
				<misses>4513001</misses>
				<total>375</total>
				<timestamp>766.499002</timestamp>
			</report>
			<report>
				<misses>4514001</misses>
				<total>375</total>
				<timestamp>766.668894</timestamp>
			</report>
			<report>
				<misses>4515001</misses>
				<total>376</total>
				<timestamp>766.838759</timestamp>
			</report>
			<report>
				<misses>4516001</misses>
				<total>376</total>
				<timestamp>767.008649</timestamp>
			</report>
			<report>
				<misses>4517001</misses>
				<total>376</total>
				<timestamp>767.178433</timestamp>
			</report>
			<report>
				<misses>4518001</misses>
				<total>376</total>
				<timestamp>767.348254</timestamp>
			</report>
			<report>
				<misses>4519001</misses>
				<total>376</total>
				<timestamp>767.518138</timestamp>
			</report>
			<report>
				<misses>4520001</misses>
				<total>375</total>
				<timestamp>767.688058</timestamp>
			</report>
			<report>
				<misses>4521001</misses>
				<total>376</total>
				<timestamp>767.858034</timestamp>
			</report>
			<report>
				<misses>4522001</misses>
				<total>376</total>
				<timestamp>768.027986</timestamp>
			</report>
			<report>
				<misses>4523001</misses>
				<total>375</total>
				<timestamp>768.197920</timestamp>
			</report>
			<report>
				<misses>4524001</misses>
				<total>375</total>
				<timestamp>768.367930</timestamp>
			</report>
			<report>
				<misses>4525001</misses>
				<total>376</total>
				<timestamp>768.537854</timestamp>
			</report>
			<report>
				<misses>4526001</misses>
				<total>376</total>
				<timestamp>768.707651</timestamp>
			</report>
			<report>
				<misses>4527001</misses>
				<total>376</total>
				<timestamp>768.877377</timestamp>
			</report>
			<report>
				<misses>4528001</misses>
				<total>376</total>
				<timestamp>769.047317</timestamp>
			</report>
			<report>
				<misses>4529001</misses>
				<total>376</total>
				<timestamp>769.217052</timestamp>
			</report>
			<report>
				<misses>4530001</misses>
				<total>376</total>
				<timestamp>769.387030</timestamp>
			</report>
			<report>
				<misses>4531001</misses>
				<total>376</total>
				<timestamp>769.556927</timestamp>
			</report>
			<report>
				<misses>4532001</misses>
				<total>376</total>
				<timestamp>769.726794</timestamp>
			</report>
			<report>
				<misses>4533001</misses>
				<total>376</total>
				<timestamp>769.896609</timestamp>
			</report>
			<report>
				<misses>4534001</misses>
				<total>376</total>
				<timestamp>770.066388</timestamp>
			</report>
			<report>
				<misses>4535001</misses>
				<total>376</total>
				<timestamp>770.236237</timestamp>
			</report>
			<report>
				<misses>4536001</misses>
				<total>376</total>
				<timestamp>770.405995</timestamp>
			</report>
			<report>
				<misses>4537001</misses>
				<total>375</total>
				<timestamp>770.575957</timestamp>
			</report>
			<report>
				<misses>4538001</misses>
				<total>376</total>
				<timestamp>770.745707</timestamp>
			</report>
			<report>
				<misses>4539001</misses>
				<total>376</total>
				<timestamp>770.915585</timestamp>
			</report>
			<report>
				<misses>4540001</misses>
				<total>376</total>
				<timestamp>771.085306</timestamp>
			</report>
			<report>
				<misses>4541001</misses>
				<total>375</total>
				<timestamp>771.255268</timestamp>
			</report>
			<report>
				<misses>4542001</misses>
				<total>376</total>
				<timestamp>771.424987</timestamp>
			</report>
			<report>
				<misses>4543001</misses>
				<total>376</total>
				<timestamp>771.594964</timestamp>
			</report>
			<report>
				<misses>4544001</misses>
				<total>375</total>
				<timestamp>771.764728</timestamp>
			</report>
			<report>
				<misses>4545001</misses>
				<total>378</total>
				<timestamp>771.934477</timestamp>
			</report>
			<report>
				<misses>4546001</misses>
				<total>378</total>
				<timestamp>772.104398</timestamp>
			</report>
			<report>
				<misses>4547001</misses>
				<total>378</total>
				<timestamp>772.274214</timestamp>
			</report>
			<report>
				<misses>4548001</misses>
				<total>378</total>
				<timestamp>772.444141</timestamp>
			</report>
			<report>
				<misses>4549001</misses>
				<total>378</total>
				<timestamp>772.613963</timestamp>
			</report>
			<report>
				<misses>4550001</misses>
				<total>378</total>
				<timestamp>772.783872</timestamp>
			</report>
			<report>
				<misses>4551001</misses>
				<total>378</total>
				<timestamp>772.953710</timestamp>
			</report>
			<report>
				<misses>4552001</misses>
				<total>378</total>
				<timestamp>773.123492</timestamp>
			</report>
			<report>
				<misses>4553001</misses>
				<total>378</total>
				<timestamp>773.293292</timestamp>
			</report>
			<report>
				<misses>4554001</misses>
				<total>378</total>
				<timestamp>773.463104</timestamp>
			</report>
			<report>
				<misses>4555001</misses>
				<total>378</total>
				<timestamp>773.633075</timestamp>
			</report>
			<report>
				<misses>4556001</misses>
				<total>379</total>
				<timestamp>773.802859</timestamp>
			</report>
			<report>
				<misses>4557001</misses>
				<total>378</total>
				<timestamp>773.972725</timestamp>
			</report>
			<report>
				<misses>4558001</misses>
				<total>379</total>
				<timestamp>774.142445</timestamp>
			</report>
			<report>
				<misses>4559001</misses>
				<total>379</total>
				<timestamp>774.312278</timestamp>
			</report>
			<report>
				<misses>4560001</misses>
				<total>379</total>
				<timestamp>774.482125</timestamp>
			</report>
			<report>
				<misses>4561001</misses>
				<total>379</total>
				<timestamp>774.651973</timestamp>
			</report>
			<report>
				<misses>4562001</misses>
				<total>379</total>
				<timestamp>774.821791</timestamp>
			</report>
			<report>
				<misses>4563001</misses>
				<total>378</total>
				<timestamp>774.991720</timestamp>
			</report>
			<report>
				<misses>4564001</misses>
				<total>379</total>
				<timestamp>775.161414</timestamp>
			</report>
			<report>
				<misses>4565001</misses>
				<total>379</total>
				<timestamp>775.331227</timestamp>
			</report>
			<report>
				<misses>4566001</misses>
				<total>379</total>
				<timestamp>775.501077</timestamp>
			</report>
			<report>
				<misses>4567001</misses>
				<total>380</total>
				<timestamp>775.670954</timestamp>
			</report>
			<report>
				<misses>4568001</misses>
				<total>379</total>
				<timestamp>775.840901</timestamp>
			</report>
			<report>
				<misses>4569001</misses>
				<total>380</total>
				<timestamp>776.010763</timestamp>
			</report>
			<report>
				<misses>4570001</misses>
				<total>380</total>
				<timestamp>776.180653</timestamp>
			</report>
			<report>
				<misses>4571001</misses>
				<total>380</total>
				<timestamp>776.350382</timestamp>
			</report>
			<report>
				<misses>4572001</misses>
				<total>380</total>
				<timestamp>776.520217</timestamp>
			</report>
			<report>
				<misses>4573001</misses>
				<total>380</total>
				<timestamp>776.690048</timestamp>
			</report>
			<report>
				<misses>4574001</misses>
				<total>380</total>
				<timestamp>776.860009</timestamp>
			</report>
			<report>
				<misses>4575001</misses>
				<total>379</total>
				<timestamp>777.029802</timestamp>
			</report>
			<report>
				<misses>4576001</misses>
				<total>381</total>
				<timestamp>777.199627</timestamp>
			</report>
			<report>
				<misses>4577001</misses>
				<total>381</total>
				<timestamp>777.369406</timestamp>
			</report>
			<report>
				<misses>4578001</misses>
				<total>381</total>
				<timestamp>777.539217</timestamp>
			</report>
			<report>
				<misses>4579001</misses>
				<total>380</total>
				<timestamp>777.709059</timestamp>
			</report>
			<report>
				<misses>4580001</misses>
				<total>380</total>
				<timestamp>777.878916</timestamp>
			</report>
			<report>
				<misses>4581001</misses>
				<total>380</total>
				<timestamp>778.048875</timestamp>
			</report>
			<report>
				<misses>4582001</misses>
				<total>381</total>
				<timestamp>778.218770</timestamp>
			</report>
			<report>
				<misses>4583001</misses>
				<total>381</total>
				<timestamp>778.388530</timestamp>
			</report>
			<report>
				<misses>4584001</misses>
				<total>381</total>
				<timestamp>778.558386</timestamp>
			</report>
			<report>
				<misses>4585001</misses>
				<total>381</total>
				<timestamp>778.728174</timestamp>
			</report>
			<report>
				<misses>4586001</misses>
				<total>381</total>
				<timestamp>778.898108</timestamp>
			</report>
			<report>
				<misses>4587001</misses>
				<total>381</total>
				<timestamp>779.067946</timestamp>
			</report>
			<report>
				<misses>4588001</misses>
				<total>380</total>
				<timestamp>779.237769</timestamp>
			</report>
			<report>
				<misses>4589001</misses>
				<total>380</total>
				<timestamp>779.407657</timestamp>
			</report>
			<report>
				<misses>4590001</misses>
				<total>381</total>
				<timestamp>779.577308</timestamp>
			</report>
			<report>
				<misses>4591001</misses>
				<total>382</total>
				<timestamp>779.747146</timestamp>
			</report>
			<report>
				<misses>4592001</misses>
				<total>382</total>
				<timestamp>779.917037</timestamp>
			</report>
			<report>
				<misses>4593001</misses>
				<total>382</total>
				<timestamp>780.086879</timestamp>
			</report>
			<report>
				<misses>4594001</misses>
				<total>381</total>
				<timestamp>780.256884</timestamp>
			</report>
			<report>
				<misses>4595001</misses>
				<total>382</total>
				<timestamp>780.426762</timestamp>
			</report>
			<report>
				<misses>4596001</misses>
				<total>382</total>
				<timestamp>780.596560</timestamp>
			</report>
			<report>
				<misses>4597001</misses>
				<total>382</total>
				<timestamp>780.766319</timestamp>
			</report>
			<report>
				<misses>4598001</misses>
				<total>382</total>
				<timestamp>780.936150</timestamp>
			</report>
			<report>
				<misses>4599001</misses>
				<total>382</total>
				<timestamp>781.106064</timestamp>
			</report>
			<report>
				<misses>4600001</misses>
				<total>382</total>
				<timestamp>781.275882</timestamp>
			</report>
			<report>
				<misses>4601001</misses>
				<total>382</total>
				<timestamp>781.445717</timestamp>
			</report>
			<report>
				<misses>4602001</misses>
				<total>382</total>
				<timestamp>781.615478</timestamp>
			</report>
			<report>
				<misses>4603001</misses>
				<total>382</total>
				<timestamp>781.785280</timestamp>
			</report>
			<report>
				<misses>4604001</misses>
				<total>382</total>
				<timestamp>781.955107</timestamp>
			</report>
			<report>
				<misses>4605001</misses>
				<total>382</total>
				<timestamp>782.124962</timestamp>
			</report>
			<report>
				<misses>4606001</misses>
				<total>381</total>
				<timestamp>782.294815</timestamp>
			</report>
			<report>
				<misses>4607001</misses>
				<total>381</total>
				<timestamp>782.464732</timestamp>
			</report>
			<report>
				<misses>4608001</misses>
				<total>382</total>
				<timestamp>782.634448</timestamp>
			</report>
			<report>
				<misses>4609001</misses>
				<total>382</total>
				<timestamp>782.804262</timestamp>
			</report>
			<report>
				<misses>4610001</misses>
				<total>382</total>
				<timestamp>782.974114</timestamp>
			</report>
			<report>
				<misses>4611001</misses>
				<total>382</total>
				<timestamp>783.143928</timestamp>
			</report>
			<report>
				<misses>4612001</misses>
				<total>381</total>
				<timestamp>783.313855</timestamp>
			</report>
			<report>
				<misses>4613001</misses>
				<total>382</total>
				<timestamp>783.483658</timestamp>
			</report>
			<report>
				<misses>4614001</misses>
				<total>382</total>
				<timestamp>783.653440</timestamp>
			</report>
			<report>
				<misses>4615001</misses>
				<total>382</total>
				<timestamp>783.823284</timestamp>
			</report>
			<report>
				<misses>4616001</misses>
				<total>382</total>
				<timestamp>783.993060</timestamp>
			</report>
			<report>
				<misses>4617001</misses>
				<total>382</total>
				<timestamp>784.162904</timestamp>
			</report>
			<report>
				<misses>4618001</misses>
				<total>381</total>
				<timestamp>784.332848</timestamp>
			</report>
			<report>
				<misses>4619001</misses>
				<total>382</total>
				<timestamp>784.502629</timestamp>
			</report>
			<report>
				<misses>4620001</misses>
				<total>382</total>
				<timestamp>784.672385</timestamp>
			</report>
			<report>
				<misses>4621001</misses>
				<total>382</total>
				<timestamp>784.842222</timestamp>
			</report>
			<report>
				<misses>4622001</misses>
				<total>382</total>
				<timestamp>785.012037</timestamp>
			</report>
			<report>
				<misses>4623001</misses>
				<total>382</total>
				<timestamp>785.181895</timestamp>
			</report>
			<report>
				<misses>4624001</misses>
				<total>381</total>
				<timestamp>785.351881</timestamp>
			</report>
			<report>
				<misses>4625001</misses>
				<total>381</total>
				<timestamp>785.521704</timestamp>
			</report>
			<report>
				<misses>4626001</misses>
				<total>382</total>
				<timestamp>785.691436</timestamp>
			</report>
			<report>
				<misses>4627001</misses>
				<total>382</total>
				<timestamp>785.861327</timestamp>
			</report>
			<report>
				<misses>4628001</misses>
				<total>382</total>
				<timestamp>786.031055</timestamp>
			</report>
			<report>
				<misses>4629001</misses>
				<total>382</total>
				<timestamp>786.200883</timestamp>
			</report>
			<report>
				<misses>4630001</misses>
				<total>381</total>
				<timestamp>786.370835</timestamp>
			</report>
			<report>
				<misses>4631001</misses>
				<total>381</total>
				<timestamp>786.540638</timestamp>
			</report>
			<report>
				<misses>4632001</misses>
				<total>382</total>
				<timestamp>786.710342</timestamp>
			</report>
			<report>
				<misses>4633001</misses>
				<total>382</total>
				<timestamp>786.880192</timestamp>
			</report>
			<report>
				<misses>4634001</misses>
				<total>382</total>
				<timestamp>787.050143</timestamp>
			</report>
			<report>
				<misses>4635001</misses>
				<total>382</total>
				<timestamp>787.219875</timestamp>
			</report>
			<report>
				<misses>4636001</misses>
				<total>382</total>
				<timestamp>787.389819</timestamp>
			</report>
			<report>
				<misses>4637001</misses>
				<total>382</total>
				<timestamp>787.559636</timestamp>
			</report>
			<report>
				<misses>4638001</misses>
				<total>382</total>
				<timestamp>787.729328</timestamp>
			</report>
			<report>
				<misses>4639001</misses>
				<total>382</total>
				<timestamp>787.899209</timestamp>
			</report>
			<report>
				<misses>4640001</misses>
				<total>382</total>
				<timestamp>788.068996</timestamp>
			</report>
			<report>
				<misses>4641001</misses>
				<total>382</total>
				<timestamp>788.238855</timestamp>
			</report>
			<report>
				<misses>4642001</misses>
				<total>381</total>
				<timestamp>788.408702</timestamp>
			</report>
			<report>
				<misses>4643001</misses>
				<total>382</total>
				<timestamp>788.578614</timestamp>
			</report>
			<report>
				<misses>4644001</misses>
				<total>382</total>
				<timestamp>788.748333</timestamp>
			</report>
			<report>
				<misses>4645001</misses>
				<total>382</total>
				<timestamp>788.918140</timestamp>
			</report>
			<report>
				<misses>4646001</misses>
				<total>385</total>
				<timestamp>789.088001</timestamp>
			</report>
			<report>
				<misses>4647001</misses>
				<total>385</total>
				<timestamp>789.257941</timestamp>
			</report>
			<report>
				<misses>4648001</misses>
				<total>385</total>
				<timestamp>789.427712</timestamp>
			</report>
			<report>
				<misses>4649001</misses>
				<total>384</total>
				<timestamp>789.597687</timestamp>
			</report>
			<report>
				<misses>4650001</misses>
				<total>384</total>
				<timestamp>789.767661</timestamp>
			</report>
			<report>
				<misses>4651001</misses>
				<total>385</total>
				<timestamp>789.937717</timestamp>
			</report>
			<report>
				<misses>4652001</misses>
				<total>384</total>
				<timestamp>790.107599</timestamp>
			</report>
			<report>
				<misses>4653001</misses>
				<total>385</total>
				<timestamp>790.277357</timestamp>
			</report>
			<report>
				<misses>4654001</misses>
				<total>385</total>
				<timestamp>790.447283</timestamp>
			</report>
			<report>
				<misses>4655001</misses>
				<total>385</total>
				<timestamp>790.617086</timestamp>
			</report>
			<report>
				<misses>4656001</misses>
				<total>385</total>
				<timestamp>790.786874</timestamp>
			</report>
			<report>
				<misses>4657001</misses>
				<total>384</total>
				<timestamp>790.956802</timestamp>
			</report>
			<report>
				<misses>4658001</misses>
				<total>384</total>
				<timestamp>791.126829</timestamp>
			</report>
			<report>
				<misses>4659001</misses>
				<total>385</total>
				<timestamp>791.296810</timestamp>
			</report>
			<report>
				<misses>4660001</misses>
				<total>385</total>
				<timestamp>791.466737</timestamp>
			</report>
			<report>
				<misses>4661001</misses>
				<total>384</total>
				<timestamp>791.636576</timestamp>
			</report>
			<report>
				<misses>4662001</misses>
				<total>385</total>
				<timestamp>791.806379</timestamp>
			</report>
			<report>
				<misses>4663001</misses>
				<total>385</total>
				<timestamp>791.976100</timestamp>
			</report>
			<report>
				<misses>4664001</misses>
				<total>385</total>
				<timestamp>792.145934</timestamp>
			</report>
			<report>
				<misses>4665001</misses>
				<total>385</total>
				<timestamp>792.315776</timestamp>
			</report>
			<report>
				<misses>4666001</misses>
				<total>384</total>
				<timestamp>792.485759</timestamp>
			</report>
			<report>
				<misses>4667001</misses>
				<total>385</total>
				<timestamp>792.655437</timestamp>
			</report>
			<report>
				<misses>4668001</misses>
				<total>385</total>
				<timestamp>792.825310</timestamp>
			</report>
			<report>
				<misses>4669001</misses>
				<total>385</total>
				<timestamp>792.995077</timestamp>
			</report>
			<report>
				<misses>4670001</misses>
				<total>385</total>
				<timestamp>793.164919</timestamp>
			</report>
			<report>
				<misses>4671001</misses>
				<total>385</total>
				<timestamp>793.334879</timestamp>
			</report>
			<report>
				<misses>4672001</misses>
				<total>384</total>
				<timestamp>793.504651</timestamp>
			</report>
			<report>
				<misses>4673001</misses>
				<total>385</total>
				<timestamp>793.674421</timestamp>
			</report>
			<report>
				<misses>4674001</misses>
				<total>385</total>
				<timestamp>793.844268</timestamp>
			</report>
			<report>
				<misses>4675001</misses>
				<total>385</total>
				<timestamp>794.014058</timestamp>
			</report>
			<report>
				<misses>4676001</misses>
				<total>385</total>
				<timestamp>794.183895</timestamp>
			</report>
			<report>
				<misses>4677001</misses>
				<total>385</total>
				<timestamp>794.353782</timestamp>
			</report>
			<report>
				<misses>4678001</misses>
				<total>385</total>
				<timestamp>794.523583</timestamp>
			</report>
			<report>
				<misses>4679001</misses>
				<total>385</total>
				<timestamp>794.693421</timestamp>
			</report>
			<report>
				<misses>4680001</misses>
				<total>385</total>
				<timestamp>794.863221</timestamp>
			</report>
			<report>
				<misses>4681001</misses>
				<total>385</total>
				<timestamp>795.033070</timestamp>
			</report>
			<report>
				<misses>4682001</misses>
				<total>385</total>
				<timestamp>795.202890</timestamp>
			</report>
			<report>
				<misses>4683001</misses>
				<total>384</total>
				<timestamp>795.372774</timestamp>
			</report>
			<report>
				<misses>4684001</misses>
				<total>384</total>
				<timestamp>795.542605</timestamp>
			</report>
			<report>
				<misses>4685001</misses>
				<total>385</total>
				<timestamp>795.712383</timestamp>
			</report>
			<report>
				<misses>4686001</misses>
				<total>385</total>
				<timestamp>795.882232</timestamp>
			</report>
			<report>
				<misses>4687001</misses>
				<total>385</total>
				<timestamp>796.052055</timestamp>
			</report>
			<report>
				<misses>4688001</misses>
				<total>387</total>
				<timestamp>796.221860</timestamp>
			</report>
			<report>
				<misses>4689001</misses>
				<total>386</total>
				<timestamp>796.391793</timestamp>
			</report>
			<report>
				<misses>4690001</misses>
				<total>387</total>
				<timestamp>796.561563</timestamp>
			</report>
			<report>
				<misses>4691001</misses>
				<total>387</total>
				<timestamp>796.731344</timestamp>
			</report>
			<report>
				<misses>4692001</misses>
				<total>387</total>
				<timestamp>796.901183</timestamp>
			</report>
			<report>
				<misses>4693001</misses>
				<total>387</total>
				<timestamp>797.071028</timestamp>
			</report>
			<report>
				<misses>4694001</misses>
				<total>391</total>
				<timestamp>797.240842</timestamp>
			</report>
			<report>
				<misses>4695001</misses>
				<total>390</total>
				<timestamp>797.410750</timestamp>
			</report>
			<report>
				<misses>4696001</misses>
				<total>391</total>
				<timestamp>797.580537</timestamp>
			</report>
			<report>
				<misses>4697001</misses>
				<total>391</total>
				<timestamp>797.750328</timestamp>
			</report>
			<report>
				<misses>4698001</misses>
				<total>391</total>
				<timestamp>797.920169</timestamp>
			</report>
			<report>
				<misses>4699001</misses>
				<total>391</total>
				<timestamp>798.089985</timestamp>
			</report>
			<report>
				<misses>4700001</misses>
				<total>391</total>
				<timestamp>798.259809</timestamp>
			</report>
			<report>
				<misses>4701001</misses>
				<total>390</total>
				<timestamp>798.429752</timestamp>
			</report>
			<report>
				<misses>4702001</misses>
				<total>391</total>
				<timestamp>798.599544</timestamp>
			</report>
			<report>
				<misses>4703001</misses>
				<total>391</total>
				<timestamp>798.769307</timestamp>
			</report>
			<report>
				<misses>4704001</misses>
				<total>391</total>
				<timestamp>798.939210</timestamp>
			</report>
			<report>
				<misses>4705001</misses>
				<total>391</total>
				<timestamp>799.109039</timestamp>
			</report>
			<report>
				<misses>4706001</misses>
				<total>391</total>
				<timestamp>799.278831</timestamp>
			</report>
			<report>
				<misses>4707001</misses>
				<total>390</total>
				<timestamp>799.448642</timestamp>
			</report>
			<report>
				<misses>4708001</misses>
				<total>391</total>
				<timestamp>799.618596</timestamp>
			</report>
			<report>
				<misses>4709001</misses>
				<total>391</total>
				<timestamp>799.788282</timestamp>
			</report>
			<report>
				<misses>4710001</misses>
				<total>391</total>
				<timestamp>799.958112</timestamp>
			</report>
			<report>
				<misses>4711001</misses>
				<total>391</total>
				<timestamp>800.128024</timestamp>
			</report>
			<report>
				<misses>4712001</misses>
				<total>391</total>
				<timestamp>800.297793</timestamp>
			</report>
			<report>
				<misses>4713001</misses>
				<total>390</total>
				<timestamp>800.467649</timestamp>
			</report>
			<report>
				<misses>4714001</misses>
				<total>391</total>
				<timestamp>800.637599</timestamp>
			</report>
			<report>
				<misses>4715001</misses>
				<total>391</total>
				<timestamp>800.807285</timestamp>
			</report>
			<report>
				<misses>4716001</misses>
				<total>391</total>
				<timestamp>800.977218</timestamp>
			</report>
			<report>
				<misses>4717001</misses>
				<total>391</total>
				<timestamp>801.147007</timestamp>
			</report>
			<report>
				<misses>4718001</misses>
				<total>391</total>
				<timestamp>801.316751</timestamp>
			</report>
			<report>
				<misses>4719001</misses>
				<total>391</total>
				<timestamp>801.486594</timestamp>
			</report>
			<report>
				<misses>4720001</misses>
				<total>390</total>
				<timestamp>801.656587</timestamp>
			</report>
			<report>
				<misses>4721001</misses>
				<total>390</total>
				<timestamp>801.826536</timestamp>
			</report>
			<report>
				<misses>4722001</misses>
				<total>391</total>
				<timestamp>801.996241</timestamp>
			</report>
			<report>
				<misses>4723001</misses>
				<total>391</total>
				<timestamp>802.166198</timestamp>
			</report>
			<report>
				<misses>4724001</misses>
				<total>391</total>
				<timestamp>802.335909</timestamp>
			</report>
			<report>
				<misses>4725001</misses>
				<total>391</total>
				<timestamp>802.505773</timestamp>
			</report>
			<report>
				<misses>4726001</misses>
				<total>393</total>
				<timestamp>802.675606</timestamp>
			</report>
			<report>
				<misses>4727001</misses>
				<total>393</total>
				<timestamp>802.845458</timestamp>
			</report>
			<report>
				<misses>4728001</misses>
				<total>393</total>
				<timestamp>803.015252</timestamp>
			</report>
			<report>
				<misses>4729001</misses>
				<total>393</total>
				<timestamp>803.185219</timestamp>
			</report>
			<report>
				<misses>4730001</misses>
				<total>393</total>
				<timestamp>803.354919</timestamp>
			</report>
			<report>
				<misses>4731001</misses>
				<total>393</total>
				<timestamp>803.524760</timestamp>
			</report>
			<report>
				<misses>4732001</misses>
				<total>393</total>
				<timestamp>803.694751</timestamp>
			</report>
			<report>
				<misses>4733001</misses>
				<total>393</total>
				<timestamp>803.864616</timestamp>
			</report>
			<report>
				<misses>4734001</misses>
				<total>392</total>
				<timestamp>804.034533</timestamp>
			</report>
			<report>
				<misses>4735001</misses>
				<total>393</total>
				<timestamp>804.204211</timestamp>
			</report>
			<report>
				<misses>4736001</misses>
				<total>393</total>
				<timestamp>804.374043</timestamp>
			</report>
			<report>
				<misses>4737001</misses>
				<total>393</total>
				<timestamp>804.544005</timestamp>
			</report>
			<report>
				<misses>4738001</misses>
				<total>393</total>
				<timestamp>804.713744</timestamp>
			</report>
			<report>
				<misses>4739001</misses>
				<total>393</total>
				<timestamp>804.883570</timestamp>
			</report>
			<report>
				<misses>4740001</misses>
				<total>392</total>
				<timestamp>805.053465</timestamp>
			</report>
			<report>
				<misses>4741001</misses>
				<total>393</total>
				<timestamp>805.223217</timestamp>
			</report>
			<report>
				<misses>4742001</misses>
				<total>393</total>
				<timestamp>805.393132</timestamp>
			</report>
			<report>
				<misses>4743001</misses>
				<total>393</total>
				<timestamp>805.562842</timestamp>
			</report>
			<report>
				<misses>4744001</misses>
				<total>393</total>
				<timestamp>805.732708</timestamp>
			</report>
			<report>
				<misses>4745001</misses>
				<total>393</total>
				<timestamp>805.902559</timestamp>
			</report>
			<report>
				<misses>4746001</misses>
				<total>394</total>
				<timestamp>806.072353</timestamp>
			</report>
			<report>
				<misses>4747001</misses>
				<total>394</total>
				<timestamp>806.242150</timestamp>
			</report>
			<report>
				<misses>4748001</misses>
				<total>394</total>
				<timestamp>806.411981</timestamp>
			</report>
			<report>
				<misses>4749001</misses>
				<total>394</total>
				<timestamp>806.581822</timestamp>
			</report>
			<report>
				<misses>4750001</misses>
				<total>393</total>
				<timestamp>806.751824</timestamp>
			</report>
			<report>
				<misses>4751001</misses>
				<total>393</total>
				<timestamp>806.921703</timestamp>
			</report>
			<report>
				<misses>4752001</misses>
				<total>393</total>
				<timestamp>807.091617</timestamp>
			</report>
			<report>
				<misses>4753001</misses>
				<total>394</total>
				<timestamp>807.261400</timestamp>
			</report>
			<report>
				<misses>4754001</misses>
				<total>394</total>
				<timestamp>807.431286</timestamp>
			</report>
			<report>
				<misses>4755001</misses>
				<total>394</total>
				<timestamp>807.600981</timestamp>
			</report>
			<report>
				<misses>4756001</misses>
				<total>394</total>
				<timestamp>807.770816</timestamp>
			</report>
			<report>
				<misses>4757001</misses>
				<total>394</total>
				<timestamp>807.940726</timestamp>
			</report>
			<report>
				<misses>4758001</misses>
				<total>394</total>
				<timestamp>808.110610</timestamp>
			</report>
			<report>
				<misses>4759001</misses>
				<total>394</total>
				<timestamp>808.280326</timestamp>
			</report>
			<report>
				<misses>4760001</misses>
				<total>394</total>
				<timestamp>808.450115</timestamp>
			</report>
			<report>
				<misses>4761001</misses>
				<total>394</total>
				<timestamp>808.619946</timestamp>
			</report>
			<report>
				<misses>4762001</misses>
				<total>394</total>
				<timestamp>808.789772</timestamp>
			</report>
			<report>
				<misses>4763001</misses>
				<total>394</total>
				<timestamp>808.959729</timestamp>
			</report>
			<report>
				<misses>4764001</misses>
				<total>394</total>
				<timestamp>809.129596</timestamp>
			</report>
			<report>
				<misses>4765001</misses>
				<total>394</total>
				<timestamp>809.299278</timestamp>
			</report>
			<report>
				<misses>4766001</misses>
				<total>394</total>
				<timestamp>809.469108</timestamp>
			</report>
			<report>
				<misses>4767001</misses>
				<total>394</total>
				<timestamp>809.638942</timestamp>
			</report>
			<report>
				<misses>4768001</misses>
				<total>394</total>
				<timestamp>809.808759</timestamp>
			</report>
			<report>
				<misses>4769001</misses>
				<total>394</total>
				<timestamp>809.978688</timestamp>
			</report>
			<report>
				<misses>4770001</misses>
				<total>394</total>
				<timestamp>810.148536</timestamp>
			</report>
			<report>
				<misses>4771001</misses>
				<total>394</total>
				<timestamp>810.318257</timestamp>
			</report>
			<report>
				<misses>4772001</misses>
				<total>401</total>
				<timestamp>810.488215</timestamp>
			</report>
			<report>
				<misses>4773001</misses>
				<total>401</total>
				<timestamp>810.657972</timestamp>
			</report>
			<report>
				<misses>4774001</misses>
				<total>401</total>
				<timestamp>810.827768</timestamp>
			</report>
			<report>
				<misses>4775001</misses>
				<total>401</total>
				<timestamp>810.997733</timestamp>
			</report>
			<report>
				<misses>4776001</misses>
				<total>400</total>
				<timestamp>811.167535</timestamp>
			</report>
			<report>
				<misses>4777001</misses>
				<total>401</total>
				<timestamp>811.337236</timestamp>
			</report>
			<report>
				<misses>4778001</misses>
				<total>401</total>
				<timestamp>811.507091</timestamp>
			</report>
			<report>
				<misses>4779001</misses>
				<total>401</total>
				<timestamp>811.676906</timestamp>
			</report>
			<report>
				<misses>4780001</misses>
				<total>401</total>
				<timestamp>811.846739</timestamp>
			</report>
			<report>
				<misses>4781001</misses>
				<total>401</total>
				<timestamp>812.016588</timestamp>
			</report>
			<report>
				<misses>4782001</misses>
				<total>400</total>
				<timestamp>812.186466</timestamp>
			</report>
			<report>
				<misses>4783001</misses>
				<total>401</total>
				<timestamp>812.356310</timestamp>
			</report>
			<report>
				<misses>4784001</misses>
				<total>401</total>
				<timestamp>812.526032</timestamp>
			</report>
			<report>
				<misses>4785001</misses>
				<total>401</total>
				<timestamp>812.695894</timestamp>
			</report>
			<report>
				<misses>4786001</misses>
				<total>401</total>
				<timestamp>812.865710</timestamp>
			</report>
			<report>
				<misses>4787001</misses>
				<total>401</total>
				<timestamp>813.035552</timestamp>
			</report>
			<report>
				<misses>4788001</misses>
				<total>401</total>
				<timestamp>813.205458</timestamp>
			</report>
			<report>
				<misses>4789001</misses>
				<total>401</total>
				<timestamp>813.375181</timestamp>
			</report>
			<report>
				<misses>4790001</misses>
				<total>401</total>
				<timestamp>813.545062</timestamp>
			</report>
			<report>
				<misses>4791001</misses>
				<total>401</total>
				<timestamp>813.714926</timestamp>
			</report>
			<report>
				<misses>4792001</misses>
				<total>401</total>
				<timestamp>813.884803</timestamp>
			</report>
			<report>
				<misses>4793001</misses>
				<total>401</total>
				<timestamp>814.054640</timestamp>
			</report>
			<report>
				<misses>4794001</misses>
				<total>400</total>
				<timestamp>814.224499</timestamp>
			</report>
			<report>
				<misses>4795001</misses>
				<total>401</total>
				<timestamp>814.394181</timestamp>
			</report>
			<report>
				<misses>4796001</misses>
				<total>401</total>
				<timestamp>814.564029</timestamp>
			</report>
			<report>
				<misses>4797001</misses>
				<total>401</total>
				<timestamp>814.733856</timestamp>
			</report>
			<report>
				<misses>4798001</misses>
				<total>401</total>
				<timestamp>814.903665</timestamp>
			</report>
			<report>
				<misses>4799001</misses>
				<total>401</total>
				<timestamp>815.073541</timestamp>
			</report>
			<report>
				<misses>4800001</misses>
				<total>401</total>
				<timestamp>815.243417</timestamp>
			</report>
			<report>
				<misses>4801001</misses>
				<total>401</total>
				<timestamp>815.413152</timestamp>
			</report>
			<report>
				<misses>4802001</misses>
				<total>401</total>
				<timestamp>815.583003</timestamp>
			</report>
			<report>
				<misses>4803001</misses>
				<total>401</total>
				<timestamp>815.752818</timestamp>
			</report>
			<report>
				<misses>4804001</misses>
				<total>401</total>
				<timestamp>815.922653</timestamp>
			</report>
			<report>
				<misses>4805001</misses>
				<total>401</total>
				<timestamp>816.092530</timestamp>
			</report>
			<report>
				<misses>4806001</misses>
				<total>401</total>
				<timestamp>816.262422</timestamp>
			</report>
			<report>
				<misses>4807001</misses>
				<total>401</total>
				<timestamp>816.432146</timestamp>
			</report>
			<report>
				<misses>4808001</misses>
				<total>402</total>
				<timestamp>816.601969</timestamp>
			</report>
			<report>
				<misses>4809001</misses>
				<total>402</total>
				<timestamp>816.771801</timestamp>
			</report>
			<report>
				<misses>4810001</misses>
				<total>402</total>
				<timestamp>816.941628</timestamp>
			</report>
			<report>
				<misses>4811001</misses>
				<total>402</total>
				<timestamp>817.111525</timestamp>
			</report>
			<report>
				<misses>4812001</misses>
				<total>402</total>
				<timestamp>817.281361</timestamp>
			</report>
			<report>
				<misses>4813001</misses>
				<total>402</total>
				<timestamp>817.451110</timestamp>
			</report>
			<report>
				<misses>4814001</misses>
				<total>402</total>
				<timestamp>817.620933</timestamp>
			</report>
			<report>
				<misses>4815001</misses>
				<total>402</total>
				<timestamp>817.790769</timestamp>
			</report>
			<report>
				<misses>4816001</misses>
				<total>402</total>
				<timestamp>817.960613</timestamp>
			</report>
			<report>
				<misses>4817001</misses>
				<total>402</total>
				<timestamp>818.130452</timestamp>
			</report>
			<report>
				<misses>4818001</misses>
				<total>402</total>
				<timestamp>818.300381</timestamp>
			</report>
			<report>
				<misses>4819001</misses>
				<total>402</total>
				<timestamp>818.470092</timestamp>
			</report>
			<report>
				<misses>4820001</misses>
				<total>402</total>
				<timestamp>818.639951</timestamp>
			</report>
			<report>
				<misses>4821001</misses>
				<total>402</total>
				<timestamp>818.809744</timestamp>
			</report>
			<report>
				<misses>4822001</misses>
				<total>402</total>
				<timestamp>818.979645</timestamp>
			</report>
			<report>
				<misses>4823001</misses>
				<total>401</total>
				<timestamp>819.149528</timestamp>
			</report>
			<report>
				<misses>4824001</misses>
				<total>401</total>
				<timestamp>819.319420</timestamp>
			</report>
			<report>
				<misses>4825001</misses>
				<total>402</total>
				<timestamp>819.489301</timestamp>
			</report>
			<report>
				<misses>4826001</misses>
				<total>402</total>
				<timestamp>819.659060</timestamp>
			</report>
			<report>
				<misses>4827001</misses>
				<total>402</total>
				<timestamp>819.828917</timestamp>
			</report>
			<report>
				<misses>4828001</misses>
				<total>402</total>
				<timestamp>819.998827</timestamp>
			</report>
			<report>
				<misses>4829001</misses>
				<total>401</total>
				<timestamp>820.168714</timestamp>
			</report>
			<report>
				<misses>4830001</misses>
				<total>401</total>
				<timestamp>820.338593</timestamp>
			</report>
			<report>
				<misses>4831001</misses>
				<total>407</total>
				<timestamp>820.508558</timestamp>
			</report>
			<report>
				<misses>4832001</misses>
				<total>408</total>
				<timestamp>820.678278</timestamp>
			</report>
			<report>
				<misses>4833001</misses>
				<total>408</total>
				<timestamp>820.848143</timestamp>
			</report>
			<report>
				<misses>4834001</misses>
				<total>408</total>
				<timestamp>821.018025</timestamp>
			</report>
			<report>
				<misses>4835001</misses>
				<total>408</total>
				<timestamp>821.187817</timestamp>
			</report>
			<report>
				<misses>4836001</misses>
				<total>407</total>
				<timestamp>821.357719</timestamp>
			</report>
			<report>
				<misses>4837001</misses>
				<total>408</total>
				<timestamp>821.527634</timestamp>
			</report>
			<report>
				<misses>4838001</misses>
				<total>408</total>
				<timestamp>821.697442</timestamp>
			</report>
			<report>
				<misses>4839001</misses>
				<total>408</total>
				<timestamp>821.867242</timestamp>
			</report>
			<report>
				<misses>4840001</misses>
				<total>408</total>
				<timestamp>822.037122</timestamp>
			</report>
			<report>
				<misses>4841001</misses>
				<total>408</total>
				<timestamp>822.206991</timestamp>
			</report>
			<report>
				<misses>4842001</misses>
				<total>408</total>
				<timestamp>822.376812</timestamp>
			</report>
			<report>
				<misses>4843001</misses>
				<total>407</total>
				<timestamp>822.546623</timestamp>
			</report>
			<report>
				<misses>4844001</misses>
				<total>408</total>
				<timestamp>822.716385</timestamp>
			</report>
			<report>
				<misses>4845001</misses>
				<total>408</total>
				<timestamp>822.886204</timestamp>
			</report>
			<report>
				<misses>4846001</misses>
				<total>408</total>
				<timestamp>823.056041</timestamp>
			</report>
			<report>
				<misses>4847001</misses>
				<total>408</total>
				<timestamp>823.225834</timestamp>
			</report>
			<report>
				<misses>4848001</misses>
				<total>408</total>
				<timestamp>823.395674</timestamp>
			</report>
			<report>
				<misses>4849001</misses>
				<total>407</total>
				<timestamp>823.565602</timestamp>
			</report>
			<report>
				<misses>4850001</misses>
				<total>408</total>
				<timestamp>823.735383</timestamp>
			</report>
			<report>
				<misses>4851001</misses>
				<total>408</total>
				<timestamp>823.905229</timestamp>
			</report>
			<report>
				<misses>4852001</misses>
				<total>408</total>
				<timestamp>824.075005</timestamp>
			</report>
			<report>
				<misses>4853001</misses>
				<total>408</total>
				<timestamp>824.244841</timestamp>
			</report>
			<report>
				<misses>4854001</misses>
				<total>408</total>
				<timestamp>824.414677</timestamp>
			</report>
			<report>
				<misses>4855001</misses>
				<total>407</total>
				<timestamp>824.584602</timestamp>
			</report>
			<report>
				<misses>4856001</misses>
				<total>408</total>
				<timestamp>824.754397</timestamp>
			</report>
			<report>
				<misses>4857001</misses>
				<total>408</total>
				<timestamp>824.924159</timestamp>
			</report>
			<report>
				<misses>4858001</misses>
				<total>412</total>
				<timestamp>825.093985</timestamp>
			</report>
			<report>
				<misses>4859001</misses>
				<total>412</total>
				<timestamp>825.263820</timestamp>
			</report>
			<report>
				<misses>4860001</misses>
				<total>412</total>
				<timestamp>825.433622</timestamp>
			</report>
			<report>
				<misses>4861001</misses>
				<total>411</total>
				<timestamp>825.603617</timestamp>
			</report>
			<report>
				<misses>4862001</misses>
				<total>411</total>
				<timestamp>825.773343</timestamp>
			</report>
			<report>
				<misses>4863001</misses>
				<total>411</total>
				<timestamp>825.943164</timestamp>
			</report>
			<report>
				<misses>4864001</misses>
				<total>412</total>
				<timestamp>826.113044</timestamp>
			</report>
			<report>
				<misses>4865001</misses>
				<total>412</total>
				<timestamp>826.282778</timestamp>
			</report>
			<report>
				<misses>4866001</misses>
				<total>412</total>
				<timestamp>826.452601</timestamp>
			</report>
			<report>
				<misses>4867001</misses>
				<total>412</total>
				<timestamp>826.622514</timestamp>
			</report>
			<report>
				<misses>4868001</misses>
				<total>412</total>
				<timestamp>826.792376</timestamp>
			</report>
			<report>
				<misses>4869001</misses>
				<total>412</total>
				<timestamp>826.962123</timestamp>
			</report>
			<report>
				<misses>4870001</misses>
				<total>412</total>
				<timestamp>827.131933</timestamp>
			</report>
			<report>
				<misses>4871001</misses>
				<total>412</total>
				<timestamp>827.301828</timestamp>
			</report>
			<report>
				<misses>4872001</misses>
				<total>412</total>
				<timestamp>827.471644</timestamp>
			</report>
			<report>
				<misses>4873001</misses>
				<total>411</total>
				<timestamp>827.641534</timestamp>
			</report>
			<report>
				<misses>4874001</misses>
				<total>411</total>
				<timestamp>827.811409</timestamp>
			</report>
			<report>
				<misses>4875001</misses>
				<total>412</total>
				<timestamp>827.981166</timestamp>
			</report>
			<report>
				<misses>4876001</misses>
				<total>412</total>
				<timestamp>828.151044</timestamp>
			</report>
			<report>
				<misses>4877001</misses>
				<total>412</total>
				<timestamp>828.320817</timestamp>
			</report>
			<report>
				<misses>4878001</misses>
				<total>412</total>
				<timestamp>828.490638</timestamp>
			</report>
			<report>
				<misses>4879001</misses>
				<total>412</total>
				<timestamp>828.660559</timestamp>
			</report>
			<report>
				<misses>4880001</misses>
				<total>412</total>
				<timestamp>828.830342</timestamp>
			</report>
			<report>
				<misses>4881001</misses>
				<total>412</total>
				<timestamp>829.000168</timestamp>
			</report>
			<report>
				<misses>4882001</misses>
				<total>412</total>
				<timestamp>829.169933</timestamp>
			</report>
			<report>
				<misses>4883001</misses>
				<total>412</total>
				<timestamp>829.339747</timestamp>
			</report>
			<report>
				<misses>4884001</misses>
				<total>411</total>
				<timestamp>829.509687</timestamp>
			</report>
			<report>
				<misses>4885001</misses>
				<total>412</total>
				<timestamp>829.679514</timestamp>
			</report>
			<report>
				<misses>4886001</misses>
				<total>412</total>
				<timestamp>829.849480</timestamp>
			</report>
			<report>
				<misses>4887001</misses>
				<total>411</total>
				<timestamp>830.019526</timestamp>
			</report>
			<report>
				<misses>4888001</misses>
				<total>412</total>
				<timestamp>830.189417</timestamp>
			</report>
			<report>
				<misses>4889001</misses>
				<total>412</total>
				<timestamp>830.359331</timestamp>
			</report>
			<report>
				<misses>4890001</misses>
				<total>412</total>
				<timestamp>830.529085</timestamp>
			</report>
			<report>
				<misses>4891001</misses>
				<total>412</total>
				<timestamp>830.698964</timestamp>
			</report>
			<report>
				<misses>4892001</misses>
				<total>412</total>
				<timestamp>830.868826</timestamp>
			</report>
			<report>
				<misses>4893001</misses>
				<total>412</total>
				<timestamp>831.038589</timestamp>
			</report>
			<report>
				<misses>4894001</misses>
				<total>412</total>
				<timestamp>831.208529</timestamp>
			</report>
			<report>
				<misses>4895001</misses>
				<total>411</total>
				<timestamp>831.378448</timestamp>
			</report>
			<report>
				<misses>4896001</misses>
				<total>412</total>
				<timestamp>831.548346</timestamp>
			</report>
			<report>
				<misses>4897001</misses>
				<total>412</total>
				<timestamp>831.718039</timestamp>
			</report>
			<report>
				<misses>4898001</misses>
				<total>412</total>
				<timestamp>831.887877</timestamp>
			</report>
			<report>
				<misses>4899001</misses>
				<total>412</total>
				<timestamp>832.057695</timestamp>
			</report>
			<report>
				<misses>4900001</misses>
				<total>412</total>
				<timestamp>832.227621</timestamp>
			</report>
			<report>
				<misses>4901001</misses>
				<total>411</total>
				<timestamp>832.397518</timestamp>
			</report>
			<report>
				<misses>4902001</misses>
				<total>412</total>
				<timestamp>832.567420</timestamp>
			</report>
			<report>
				<misses>4903001</misses>
				<total>412</total>
				<timestamp>832.737203</timestamp>
			</report>
			<report>
				<misses>4904001</misses>
				<total>412</total>
				<timestamp>832.907017</timestamp>
			</report>
			<report>
				<misses>4905001</misses>
				<total>412</total>
				<timestamp>833.076846</timestamp>
			</report>
			<report>
				<misses>4906001</misses>
				<total>412</total>
				<timestamp>833.246665</timestamp>
			</report>
			<report>
				<misses>4907001</misses>
				<total>412</total>
				<timestamp>833.416514</timestamp>
			</report>
			<report>
				<misses>4908001</misses>
				<total>412</total>
				<timestamp>833.586375</timestamp>
			</report>
			<report>
				<misses>4909001</misses>
				<total>412</total>
				<timestamp>833.756305</timestamp>
			</report>
			<report>
				<misses>4910001</misses>
				<total>412</total>
				<timestamp>833.925997</timestamp>
			</report>
			<report>
				<misses>4911001</misses>
				<total>412</total>
				<timestamp>834.095866</timestamp>
			</report>
			<report>
				<misses>4912001</misses>
				<total>412</total>
				<timestamp>834.265632</timestamp>
			</report>
			<report>
				<misses>4913001</misses>
				<total>411</total>
				<timestamp>834.435548</timestamp>
			</report>
			<report>
				<misses>4914001</misses>
				<total>412</total>
				<timestamp>834.605416</timestamp>
			</report>
			<report>
				<misses>4915001</misses>
				<total>412</total>
				<timestamp>834.775135</timestamp>
			</report>
			<report>
				<misses>4916001</misses>
				<total>412</total>
				<timestamp>834.944962</timestamp>
			</report>
			<report>
				<misses>4917001</misses>
				<total>412</total>
				<timestamp>835.114795</timestamp>
			</report>
			<report>
				<misses>4918001</misses>
				<total>412</total>
				<timestamp>835.284623</timestamp>
			</report>
			<report>
				<misses>4919001</misses>
				<total>412</total>
				<timestamp>835.454533</timestamp>
			</report>
			<report>
				<misses>4920001</misses>
				<total>412</total>
				<timestamp>835.624333</timestamp>
			</report>
			<report>
				<misses>4921001</misses>
				<total>412</total>
				<timestamp>835.794127</timestamp>
			</report>
			<report>
				<misses>4922001</misses>
				<total>412</total>
				<timestamp>835.963948</timestamp>
			</report>
			<report>
				<misses>4923001</misses>
				<total>412</total>
				<timestamp>836.133777</timestamp>
			</report>
			<report>
				<misses>4924001</misses>
				<total>412</total>
				<timestamp>836.303595</timestamp>
			</report>
			<report>
				<misses>4925001</misses>
				<total>411</total>
				<timestamp>836.473536</timestamp>
			</report>
			<report>
				<misses>4926001</misses>
				<total>412</total>
				<timestamp>836.643289</timestamp>
			</report>
			<report>
				<misses>4927001</misses>
				<total>412</total>
				<timestamp>836.813108</timestamp>
			</report>
			<report>
				<misses>4928001</misses>
				<total>412</total>
				<timestamp>836.982944</timestamp>
			</report>
			<report>
				<misses>4929001</misses>
				<total>412</total>
				<timestamp>837.152755</timestamp>
			</report>
			<report>
				<misses>4930001</misses>
				<total>412</total>
				<timestamp>837.322581</timestamp>
			</report>
			<report>
				<misses>4931001</misses>
				<total>412</total>
				<timestamp>837.492519</timestamp>
			</report>
			<report>
				<misses>4932001</misses>
				<total>412</total>
				<timestamp>837.662276</timestamp>
			</report>
			<report>
				<misses>4933001</misses>
				<total>412</total>
				<timestamp>837.832089</timestamp>
			</report>
			<report>
				<misses>4934001</misses>
				<total>412</total>
				<timestamp>838.001904</timestamp>
			</report>
			<report>
				<misses>4935001</misses>
				<total>412</total>
				<timestamp>838.171728</timestamp>
			</report>
			<report>
				<misses>4936001</misses>
				<total>412</total>
				<timestamp>838.341580</timestamp>
			</report>
			<report>
				<misses>4937001</misses>
				<total>412</total>
				<timestamp>838.511410</timestamp>
			</report>
			<report>
				<misses>4938001</misses>
				<total>412</total>
				<timestamp>838.681319</timestamp>
			</report>
			<report>
				<misses>4939001</misses>
				<total>412</total>
				<timestamp>838.851083</timestamp>
			</report>
			<report>
				<misses>4940001</misses>
				<total>412</total>
				<timestamp>839.020896</timestamp>
			</report>
			<report>
				<misses>4941001</misses>
				<total>412</total>
				<timestamp>839.190790</timestamp>
			</report>
			<report>
				<misses>4942001</misses>
				<total>412</total>
				<timestamp>839.360585</timestamp>
			</report>
			<report>
				<misses>4943001</misses>
				<total>412</total>
				<timestamp>839.530435</timestamp>
			</report>
			<report>
				<misses>4944001</misses>
				<total>411</total>
				<timestamp>839.700377</timestamp>
			</report>
			<report>
				<misses>4945001</misses>
				<total>412</total>
				<timestamp>839.870243</timestamp>
			</report>
			<report>
				<misses>4946001</misses>
				<total>412</total>
				<timestamp>840.040168</timestamp>
			</report>
			<report>
				<misses>4947001</misses>
				<total>412</total>
				<timestamp>840.209882</timestamp>
			</report>
			<report>
				<misses>4948001</misses>
				<total>412</total>
				<timestamp>840.379764</timestamp>
			</report>
			<report>
				<misses>4949001</misses>
				<total>412</total>
				<timestamp>840.549582</timestamp>
			</report>
			<report>
				<misses>4950001</misses>
				<total>412</total>
				<timestamp>840.719404</timestamp>
			</report>
			<report>
				<misses>4951001</misses>
				<total>411</total>
				<timestamp>840.889387</timestamp>
			</report>
			<report>
				<misses>4952001</misses>
				<total>411</total>
				<timestamp>841.059407</timestamp>
			</report>
			<report>
				<misses>4953001</misses>
				<total>413</total>
				<timestamp>841.229373</timestamp>
			</report>
			<report>
				<misses>4954001</misses>
				<total>413</total>
				<timestamp>841.399336</timestamp>
			</report>
			<report>
				<misses>4955001</misses>
				<total>414</total>
				<timestamp>841.569070</timestamp>
			</report>
			<report>
				<misses>4956001</misses>
				<total>414</total>
				<timestamp>841.738949</timestamp>
			</report>
			<report>
				<misses>4957001</misses>
				<total>414</total>
				<timestamp>841.908737</timestamp>
			</report>
			<report>
				<misses>4958001</misses>
				<total>414</total>
				<timestamp>842.078548</timestamp>
			</report>
			<report>
				<misses>4959001</misses>
				<total>414</total>
				<timestamp>842.248374</timestamp>
			</report>
			<report>
				<misses>4960001</misses>
				<total>414</total>
				<timestamp>842.418206</timestamp>
			</report>
			<report>
				<misses>4961001</misses>
				<total>414</total>
				<timestamp>842.588004</timestamp>
			</report>
			<report>
				<misses>4962001</misses>
				<total>414</total>
				<timestamp>842.757839</timestamp>
			</report>
			<report>
				<misses>4963001</misses>
				<total>414</total>
				<timestamp>842.927659</timestamp>
			</report>
			<report>
				<misses>4964001</misses>
				<total>414</total>
				<timestamp>843.097478</timestamp>
			</report>
			<report>
				<misses>4965001</misses>
				<total>414</total>
				<timestamp>843.267357</timestamp>
			</report>
			<report>
				<misses>4966001</misses>
				<total>414</total>
				<timestamp>843.437313</timestamp>
			</report>
			<report>
				<misses>4967001</misses>
				<total>414</total>
				<timestamp>843.606981</timestamp>
			</report>
			<report>
				<misses>4968001</misses>
				<total>414</total>
				<timestamp>843.776883</timestamp>
			</report>
			<report>
				<misses>4969001</misses>
				<total>416</total>
				<timestamp>843.946754</timestamp>
			</report>
			<report>
				<misses>4970001</misses>
				<total>416</total>
				<timestamp>844.116605</timestamp>
			</report>
			<report>
				<misses>4971001</misses>
				<total>416</total>
				<timestamp>844.286448</timestamp>
			</report>
			<report>
				<misses>4972001</misses>
				<total>415</total>
				<timestamp>844.456320</timestamp>
			</report>
			<report>
				<misses>4973001</misses>
				<total>415</total>
				<timestamp>844.626258</timestamp>
			</report>
			<report>
				<misses>4974001</misses>
				<total>417</total>
				<timestamp>844.795958</timestamp>
			</report>
			<report>
				<misses>4975001</misses>
				<total>417</total>
				<timestamp>844.965853</timestamp>
			</report>
			<report>
				<misses>4976001</misses>
				<total>417</total>
				<timestamp>845.135743</timestamp>
			</report>
			<report>
				<misses>4977001</misses>
				<total>417</total>
				<timestamp>845.305489</timestamp>
			</report>
			<report>
				<misses>4978001</misses>
				<total>417</total>
				<timestamp>845.475327</timestamp>
			</report>
			<report>
				<misses>4979001</misses>
				<total>417</total>
				<timestamp>845.645140</timestamp>
			</report>
			<report>
				<misses>4980001</misses>
				<total>417</total>
				<timestamp>845.814933</timestamp>
			</report>
			<report>
				<misses>4981001</misses>
				<total>417</total>
				<timestamp>845.984878</timestamp>
			</report>
			<report>
				<misses>4982001</misses>
				<total>417</total>
				<timestamp>846.154643</timestamp>
			</report>
			<report>
				<misses>4983001</misses>
				<total>417</total>
				<timestamp>846.324576</timestamp>
			</report>
			<report>
				<misses>4984001</misses>
				<total>417</total>
				<timestamp>846.494336</timestamp>
			</report>
			<report>
				<misses>4985001</misses>
				<total>416</total>
				<timestamp>846.664344</timestamp>
			</report>
			<report>
				<misses>4986001</misses>
				<total>416</total>
				<timestamp>846.834248</timestamp>
			</report>
			<report>
				<misses>4987001</misses>
				<total>417</total>
				<timestamp>847.004058</timestamp>
			</report>
			<report>
				<misses>4988001</misses>
				<total>417</total>
				<timestamp>847.173745</timestamp>
			</report>
			<report>
				<misses>4989001</misses>
				<total>417</total>
				<timestamp>847.343570</timestamp>
			</report>
			<report>
				<misses>4990001</misses>
				<total>416</total>
				<timestamp>847.513469</timestamp>
			</report>
			<report>
				<misses>4991001</misses>
				<total>416</total>
				<timestamp>847.683348</timestamp>
			</report>
			<report>
				<misses>4992001</misses>
				<total>416</total>
				<timestamp>847.853244</timestamp>
			</report>
			<report>
				<misses>4993001</misses>
				<total>416</total>
				<timestamp>848.023290</timestamp>
			</report>
			<report>
				<misses>4994001</misses>
				<total>416</total>
				<timestamp>848.193223</timestamp>
			</report>
			<report>
				<misses>4995001</misses>
				<total>417</total>
				<timestamp>848.362903</timestamp>
			</report>
			<report>
				<misses>4996001</misses>
				<total>417</total>
				<timestamp>848.532737</timestamp>
			</report>
			<report>
				<misses>4997001</misses>
				<total>417</total>
				<timestamp>848.702548</timestamp>
			</report>
			<report>
				<misses>4998001</misses>
				<total>421</total>
				<timestamp>848.872453</timestamp>
			</report>
			<report>
				<misses>4999001</misses>
				<total>420</total>
				<timestamp>849.042445</timestamp>
			</report>
			<report>
				<misses>5000001</misses>
				<total>420</total>
				<timestamp>849.212328</timestamp>
			</report>
		</query>
	</custom>
	<ethtool_statistic>
		<rx_packets>
			<start>7373090034</start>
			<end>7443727017</end>
		</rx_packets>
		<tx_packets>
			<start>12376181208</start>
			<end>12503433315</end>
		</tx_packets>
		<rx_dropped>
			<start>828</start>
			<end>828</end>
		</rx_dropped>
		<tx_dropped>
			<start>0</start>
			<end>0</end>
		</tx_dropped>
		<collisions>
			<start>0</start>
			<end>0</end>
		</collisions>
		<port_tx_errors>
			<start>0</start>
			<end>0</end>
		</port_tx_errors>
		<port_rx_dropped>
			<start>0</start>
			<end>0</end>
		</port_rx_dropped>
		<port_tx_dropped_link_down>
			<start>0</start>
			<end>0</end>
		</port_tx_dropped_link_down>
	</ethtool_statistic>
	<ip_statistic>
		<mtu>
			<start>9000</start>
			<end>9000</end>
		</mtu>
		<rx_bytes>
			<start>30321612113956</start>
			<end>30605850448335</end>
		</rx_bytes>
		<rx_packets>
			<start>7373090369</start>
			<end>7443727237</end>
		</rx_packets>
		<rx_errors>
			<start>0</start>
			<end>0</end>
		</rx_errors>
		<rx_dropped>
			<start>828</start>
			<end>828</end>
		</rx_dropped>
		<rx_missed>
			<start>0</start>
			<end>0</end>
		</rx_missed>
		<rx_mcast>
			<start>4956</start>
			<end>4963</end>
		</rx_mcast>
		<tx_bytes>
			<start>42506791700466</start>
			<end>43052421426278</end>
		</tx_bytes>
		<tx_packets>
			<start>12376181236</start>
			<end>12503433343</end>
		</tx_packets>
		<tx_errors>
			<start>0</start>
			<end>0</end>
		</tx_errors>
		<tx_dropped>
			<start>0</start>
			<end>0</end>
		</tx_dropped>
		<tx_carrier>
			<start>0</start>
			<end>0</end>
		</tx_carrier>
		<tx_collisions>
			<start>0</start>
			<end>0</end>
		</tx_collisions>
	</ip_statistic>
	<netstat_statistic>
		<udp_pkg_rec>
			<start>6294954418</start>
			<end>6351798048</end>
		</udp_pkg_rec>
		<udp_pkg_snt>
			<start>10924592461</start>
			<end>11016883904</end>
		</udp_pkg_snt>
		<udp_rec_err>
			<start>1080068913</start>
			<end>1093866352</end>
		</udp_rec_err>
		<udp_rec_buf_err>
			<start>1080068913</start>
			<end>1093866352</end>
		</udp_rec_buf_err>
		<udp_snt_buf_err>
			<start>0</start>
			<end>0</end>
		</udp_snt_buf_err>
	</netstat_statistic>
</test_results>
