<?xml version="1.0"?>
<test_results>
	<status>STATUS_SUCCESS</status>
	<custom>
		<num_loss>87</num_loss>
		<num_total>2230284</num_total>
		<num_misses>45758045</num_misses>
		<elapsed_time>119.970768</elapsed_time>
		<query>
			<report>
				<misses>100001</misses>
				<total>0</total>
				<timestamp>5.249603</timestamp>
			</report>
			<report>
				<misses>200001</misses>
				<total>0</total>
				<timestamp>10.507217</timestamp>
			</report>
			<report>
				<misses>300001</misses>
				<total>0</total>
				<timestamp>15.766846</timestamp>
			</report>
			<report>
				<misses>400001</misses>
				<total>0</total>
				<timestamp>21.014417</timestamp>
			</report>
			<report>
				<misses>500001</misses>
				<total>0</total>
				<timestamp>26.266113</timestamp>
			</report>
			<report>
				<misses>600001</misses>
				<total>0</total>
				<timestamp>31.516108</timestamp>
			</report>
			<report>
				<misses>700001</misses>
				<total>0</total>
				<timestamp>36.769612</timestamp>
			</report>
			<report>
				<misses>800001</misses>
				<total>0</total>
				<timestamp>42.017239</timestamp>
			</report>
			<report>
				<misses>900001</misses>
				<total>0</total>
				<timestamp>47.266715</timestamp>
			</report>
			<report>
				<misses>1000001</misses>
				<total>0</total>
				<timestamp>52.601691</timestamp>
			</report>
			<report>
				<misses>1100001</misses>
				<total>0</total>
				<timestamp>58.042918</timestamp>
			</report>
			<report>
				<misses>1200001</misses>
				<total>43</total>
				<timestamp>63.528677</timestamp>
			</report>
			<report>
				<misses>1300001</misses>
				<total>43</total>
				<timestamp>69.017834</timestamp>
			</report>
			<report>
				<misses>1400001</misses>
				<total>43</total>
				<timestamp>74.508145</timestamp>
			</report>
			<report>
				<misses>1500001</misses>
				<total>43</total>
				<timestamp>79.989593</timestamp>
			</report>
			<report>
				<misses>1600001</misses>
				<total>43</total>
				<timestamp>85.391111</timestamp>
			</report>
			<report>
				<misses>1700001</misses>
				<total>43</total>
				<timestamp>90.815265</timestamp>
			</report>
			<report>
				<misses>1800001</misses>
				<total>43</total>
				<timestamp>96.264546</timestamp>
			</report>
			<report>
				<misses>1900001</misses>
				<total>43</total>
				<timestamp>101.725541</timestamp>
			</report>
			<report>
				<misses>2000001</misses>
				<total>43</total>
				<timestamp>107.178366</timestamp>
			</report>
			<report>
				<misses>2100001</misses>
				<total>43</total>
				<timestamp>112.664431</timestamp>
			</report>
			<report>
				<misses>2200001</misses>
				<total>43</total>
				<timestamp>118.270936</timestamp>
			</report>
		</query>
	</custom>
	<ethtool_statistic>
		<rx_packets>
			<start>415163520</start>
			<end>433486780</end>
		</rx_packets>
		<tx_packets>
			<start>460939476</start>
			<end>478781629</end>
		</tx_packets>
		<rx_dropped>
			<start>0</start>
			<end>0</end>
		</rx_dropped>
		<tx_dropped>
			<start>0</start>
			<end>0</end>
		</tx_dropped>
		<collisions>
			<start>0</start>
			<end>0</end>
		</collisions>
		<port_tx_errors>
			<start>0</start>
			<end>0</end>
		</port_tx_errors>
		<port_rx_dropped>
			<start>0</start>
			<end>0</end>
		</port_rx_dropped>
		<port_tx_dropped_link_down>
			<start>0</start>
			<end>0</end>
		</port_tx_dropped_link_down>
	</ethtool_statistic>
	<ip_statistic>
		<mtu>
			<start>9000</start>
			<end>9000</end>
		</mtu>
		<rx_bytes>
			<start>2449424352666</start>
			<end>2598941669108</end>
		</rx_bytes>
		<rx_packets>
			<start>415163520</start>
			<end>433486780</end>
		</rx_packets>
		<rx_errors>
			<start>0</start>
			<end>0</end>
		</rx_errors>
		<rx_dropped>
			<start>0</start>
			<end>0</end>
		</rx_dropped>
		<rx_missed>
			<start>0</start>
			<end>0</end>
		</rx_missed>
		<rx_mcast>
			<start>6</start>
			<end>8</end>
		</rx_mcast>
		<tx_bytes>
			<start>2531732055159</start>
			<end>2677323561429</end>
		</tx_bytes>
		<tx_packets>
			<start>460939476</start>
			<end>478781629</end>
		</tx_packets>
		<tx_errors>
			<start>0</start>
			<end>0</end>
		</tx_errors>
		<tx_dropped>
			<start>0</start>
			<end>0</end>
		</tx_dropped>
		<tx_carrier>
			<start>0</start>
			<end>0</end>
		</tx_carrier>
		<tx_collisions>
			<start>0</start>
			<end>0</end>
		</tx_collisions>
	</ip_statistic>
	<netstat_statistic>
		<udp_pkg_rec>
			<start>2486400844</start>
			<end>2502470791</end>
		</udp_pkg_rec>
		<udp_pkg_snt>
			<start>2487630505</start>
			<end>2505484281</end>
		</udp_pkg_snt>
		<udp_rec_err>
			<start>0</start>
			<end>0</end>
		</udp_rec_err>
		<udp_rec_buf_err>
			<start>0</start>
			<end>0</end>
		</udp_rec_buf_err>
		<udp_snt_buf_err>
			<start>0</start>
			<end>0</end>
		</udp_snt_buf_err>
	</netstat_statistic>
</test_results>
