<?xml version="1.0"?>
<test_results>
	<status>STATUS_SUCCESS</status>
	<custom>
		<num_loss>51</num_loss>
		<num_total>19919001</num_total>
		<num_misses>1</num_misses>
		<elapsed_time>6367.706434</elapsed_time>
		<query>
			<report>
				<misses>1001</misses>
				<total>1</total>
				<timestamp>0.319954</timestamp>
			</report>
			<report>
				<misses>2001</misses>
				<total>1</total>
				<timestamp>0.639542</timestamp>
			</report>
			<report>
				<misses>3001</misses>
				<total>0</total>
				<timestamp>0.959393</timestamp>
			</report>
			<report>
				<misses>4001</misses>
				<total>0</total>
				<timestamp>1.279112</timestamp>
			</report>
			<report>
				<misses>5001</misses>
				<total>1</total>
				<timestamp>1.598591</timestamp>
			</report>
			<report>
				<misses>6001</misses>
				<total>1</total>
				<timestamp>1.918319</timestamp>
			</report>
			<report>
				<misses>7001</misses>
				<total>1</total>
				<timestamp>2.237973</timestamp>
			</report>
			<report>
				<misses>8001</misses>
				<total>1</total>
				<timestamp>2.557647</timestamp>
			</report>
			<report>
				<misses>9001</misses>
				<total>1</total>
				<timestamp>2.877357</timestamp>
			</report>
			<report>
				<misses>10001</misses>
				<total>1</total>
				<timestamp>3.196992</timestamp>
			</report>
			<report>
				<misses>11001</misses>
				<total>1</total>
				<timestamp>3.516661</timestamp>
			</report>
			<report>
				<misses>12001</misses>
				<total>1</total>
				<timestamp>3.836394</timestamp>
			</report>
			<report>
				<misses>13001</misses>
				<total>0</total>
				<timestamp>4.156123</timestamp>
			</report>
			<report>
				<misses>14001</misses>
				<total>1</total>
				<timestamp>4.475714</timestamp>
			</report>
			<report>
				<misses>15001</misses>
				<total>1</total>
				<timestamp>4.795432</timestamp>
			</report>
			<report>
				<misses>16001</misses>
				<total>1</total>
				<timestamp>5.115075</timestamp>
			</report>
			<report>
				<misses>17001</misses>
				<total>1</total>
				<timestamp>5.434728</timestamp>
			</report>
			<report>
				<misses>18001</misses>
				<total>1</total>
				<timestamp>5.754406</timestamp>
			</report>
			<report>
				<misses>19001</misses>
				<total>1</total>
				<timestamp>6.074107</timestamp>
			</report>
			<report>
				<misses>20001</misses>
				<total>1</total>
				<timestamp>6.394084</timestamp>
			</report>
			<report>
				<misses>21001</misses>
				<total>1</total>
				<timestamp>6.713780</timestamp>
			</report>
			<report>
				<misses>22001</misses>
				<total>1</total>
				<timestamp>7.033453</timestamp>
			</report>
			<report>
				<misses>23001</misses>
				<total>1</total>
				<timestamp>7.353248</timestamp>
			</report>
			<report>
				<misses>24001</misses>
				<total>1</total>
				<timestamp>7.672867</timestamp>
			</report>
			<report>
				<misses>25001</misses>
				<total>0</total>
				<timestamp>7.992584</timestamp>
			</report>
			<report>
				<misses>26001</misses>
				<total>1</total>
				<timestamp>8.312200</timestamp>
			</report>
			<report>
				<misses>27001</misses>
				<total>1</total>
				<timestamp>8.631860</timestamp>
			</report>
			<report>
				<misses>28001</misses>
				<total>1</total>
				<timestamp>8.951595</timestamp>
			</report>
			<report>
				<misses>29001</misses>
				<total>1</total>
				<timestamp>9.271255</timestamp>
			</report>
			<report>
				<misses>30001</misses>
				<total>0</total>
				<timestamp>9.590982</timestamp>
			</report>
			<report>
				<misses>31001</misses>
				<total>1</total>
				<timestamp>9.910556</timestamp>
			</report>
			<report>
				<misses>32001</misses>
				<total>1</total>
				<timestamp>10.230238</timestamp>
			</report>
			<report>
				<misses>33001</misses>
				<total>1</total>
				<timestamp>10.549930</timestamp>
			</report>
			<report>
				<misses>34001</misses>
				<total>1</total>
				<timestamp>10.869628</timestamp>
			</report>
			<report>
				<misses>35001</misses>
				<total>1</total>
				<timestamp>11.189368</timestamp>
			</report>
			<report>
				<misses>36001</misses>
				<total>1</total>
				<timestamp>11.509021</timestamp>
			</report>
			<report>
				<misses>37001</misses>
				<total>1</total>
				<timestamp>11.828691</timestamp>
			</report>
			<report>
				<misses>38001</misses>
				<total>1</total>
				<timestamp>12.148388</timestamp>
			</report>
			<report>
				<misses>39001</misses>
				<total>1</total>
				<timestamp>12.468083</timestamp>
			</report>
			<report>
				<misses>40001</misses>
				<total>1</total>
				<timestamp>12.787698</timestamp>
			</report>
			<report>
				<misses>41001</misses>
				<total>1</total>
				<timestamp>13.107367</timestamp>
			</report>
			<report>
				<misses>42001</misses>
				<total>1</total>
				<timestamp>13.427166</timestamp>
			</report>
			<report>
				<misses>43001</misses>
				<total>1</total>
				<timestamp>13.746728</timestamp>
			</report>
			<report>
				<misses>44001</misses>
				<total>1</total>
				<timestamp>14.066435</timestamp>
			</report>
			<report>
				<misses>45001</misses>
				<total>1</total>
				<timestamp>14.386177</timestamp>
			</report>
			<report>
				<misses>46001</misses>
				<total>1</total>
				<timestamp>14.705832</timestamp>
			</report>
			<report>
				<misses>47001</misses>
				<total>1</total>
				<timestamp>15.025482</timestamp>
			</report>
			<report>
				<misses>48001</misses>
				<total>1</total>
				<timestamp>15.345249</timestamp>
			</report>
			<report>
				<misses>49001</misses>
				<total>1</total>
				<timestamp>15.664839</timestamp>
			</report>
			<report>
				<misses>50001</misses>
				<total>1</total>
				<timestamp>15.984499</timestamp>
			</report>
			<report>
				<misses>51001</misses>
				<total>1</total>
				<timestamp>16.304307</timestamp>
			</report>
			<report>
				<misses>52001</misses>
				<total>1</total>
				<timestamp>16.623984</timestamp>
			</report>
			<report>
				<misses>53001</misses>
				<total>1</total>
				<timestamp>16.943534</timestamp>
			</report>
			<report>
				<misses>54001</misses>
				<total>1</total>
				<timestamp>17.263257</timestamp>
			</report>
			<report>
				<misses>55001</misses>
				<total>1</total>
				<timestamp>17.582960</timestamp>
			</report>
			<report>
				<misses>56001</misses>
				<total>1</total>
				<timestamp>17.902636</timestamp>
			</report>
			<report>
				<misses>57001</misses>
				<total>1</total>
				<timestamp>18.222374</timestamp>
			</report>
			<report>
				<misses>58001</misses>
				<total>1</total>
				<timestamp>18.541964</timestamp>
			</report>
			<report>
				<misses>59001</misses>
				<total>1</total>
				<timestamp>18.861695</timestamp>
			</report>
			<report>
				<misses>60001</misses>
				<total>1</total>
				<timestamp>19.181322</timestamp>
			</report>
			<report>
				<misses>61001</misses>
				<total>1</total>
				<timestamp>19.501105</timestamp>
			</report>
			<report>
				<misses>62001</misses>
				<total>1</total>
				<timestamp>19.820725</timestamp>
			</report>
			<report>
				<misses>63001</misses>
				<total>1</total>
				<timestamp>20.140386</timestamp>
			</report>
			<report>
				<misses>64001</misses>
				<total>1</total>
				<timestamp>20.460086</timestamp>
			</report>
			<report>
				<misses>65001</misses>
				<total>1</total>
				<timestamp>20.779708</timestamp>
			</report>
			<report>
				<misses>66001</misses>
				<total>1</total>
				<timestamp>21.099480</timestamp>
			</report>
			<report>
				<misses>67001</misses>
				<total>1</total>
				<timestamp>21.419106</timestamp>
			</report>
			<report>
				<misses>68001</misses>
				<total>1</total>
				<timestamp>21.738812</timestamp>
			</report>
			<report>
				<misses>69001</misses>
				<total>1</total>
				<timestamp>22.058484</timestamp>
			</report>
			<report>
				<misses>70001</misses>
				<total>1</total>
				<timestamp>22.378208</timestamp>
			</report>
			<report>
				<misses>71001</misses>
				<total>0</total>
				<timestamp>22.697935</timestamp>
			</report>
			<report>
				<misses>72001</misses>
				<total>1</total>
				<timestamp>23.017507</timestamp>
			</report>
			<report>
				<misses>73001</misses>
				<total>0</total>
				<timestamp>23.337338</timestamp>
			</report>
			<report>
				<misses>74001</misses>
				<total>1</total>
				<timestamp>23.656871</timestamp>
			</report>
			<report>
				<misses>75001</misses>
				<total>1</total>
				<timestamp>23.976570</timestamp>
			</report>
			<report>
				<misses>76001</misses>
				<total>1</total>
				<timestamp>24.296184</timestamp>
			</report>
			<report>
				<misses>77001</misses>
				<total>1</total>
				<timestamp>24.615869</timestamp>
			</report>
			<report>
				<misses>78001</misses>
				<total>1</total>
				<timestamp>24.935543</timestamp>
			</report>
			<report>
				<misses>79001</misses>
				<total>1</total>
				<timestamp>25.255300</timestamp>
			</report>
			<report>
				<misses>80001</misses>
				<total>1</total>
				<timestamp>25.574955</timestamp>
			</report>
			<report>
				<misses>81001</misses>
				<total>1</total>
				<timestamp>25.894580</timestamp>
			</report>
			<report>
				<misses>82001</misses>
				<total>1</total>
				<timestamp>26.214387</timestamp>
			</report>
			<report>
				<misses>83001</misses>
				<total>0</total>
				<timestamp>26.534071</timestamp>
			</report>
			<report>
				<misses>84001</misses>
				<total>1</total>
				<timestamp>26.853632</timestamp>
			</report>
			<report>
				<misses>85001</misses>
				<total>1</total>
				<timestamp>27.173338</timestamp>
			</report>
			<report>
				<misses>86001</misses>
				<total>0</total>
				<timestamp>27.493079</timestamp>
			</report>
			<report>
				<misses>87001</misses>
				<total>1</total>
				<timestamp>27.812690</timestamp>
			</report>
			<report>
				<misses>88001</misses>
				<total>1</total>
				<timestamp>28.132384</timestamp>
			</report>
			<report>
				<misses>89001</misses>
				<total>0</total>
				<timestamp>28.452116</timestamp>
			</report>
			<report>
				<misses>90001</misses>
				<total>1</total>
				<timestamp>28.771682</timestamp>
			</report>
			<report>
				<misses>91001</misses>
				<total>1</total>
				<timestamp>29.091356</timestamp>
			</report>
			<report>
				<misses>92001</misses>
				<total>1</total>
				<timestamp>29.411091</timestamp>
			</report>
			<report>
				<misses>93001</misses>
				<total>0</total>
				<timestamp>29.730819</timestamp>
			</report>
			<report>
				<misses>94001</misses>
				<total>1</total>
				<timestamp>30.050467</timestamp>
			</report>
			<report>
				<misses>95001</misses>
				<total>1</total>
				<timestamp>30.370122</timestamp>
			</report>
			<report>
				<misses>96001</misses>
				<total>1</total>
				<timestamp>30.689844</timestamp>
			</report>
			<report>
				<misses>97001</misses>
				<total>1</total>
				<timestamp>31.009498</timestamp>
			</report>
			<report>
				<misses>98001</misses>
				<total>1</total>
				<timestamp>31.329124</timestamp>
			</report>
			<report>
				<misses>99001</misses>
				<total>1</total>
				<timestamp>31.648810</timestamp>
			</report>
			<report>
				<misses>100001</misses>
				<total>1</total>
				<timestamp>31.968515</timestamp>
			</report>
			<report>
				<misses>101001</misses>
				<total>0</total>
				<timestamp>32.288320</timestamp>
			</report>
			<report>
				<misses>102001</misses>
				<total>1</total>
				<timestamp>32.607901</timestamp>
			</report>
			<report>
				<misses>103001</misses>
				<total>1</total>
				<timestamp>32.927566</timestamp>
			</report>
			<report>
				<misses>104001</misses>
				<total>1</total>
				<timestamp>33.247246</timestamp>
			</report>
			<report>
				<misses>105001</misses>
				<total>0</total>
				<timestamp>33.567009</timestamp>
			</report>
			<report>
				<misses>106001</misses>
				<total>1</total>
				<timestamp>33.886579</timestamp>
			</report>
			<report>
				<misses>107001</misses>
				<total>1</total>
				<timestamp>34.206252</timestamp>
			</report>
			<report>
				<misses>108001</misses>
				<total>1</total>
				<timestamp>34.525921</timestamp>
			</report>
			<report>
				<misses>109001</misses>
				<total>1</total>
				<timestamp>34.845650</timestamp>
			</report>
			<report>
				<misses>110001</misses>
				<total>1</total>
				<timestamp>35.165336</timestamp>
			</report>
			<report>
				<misses>111001</misses>
				<total>1</total>
				<timestamp>35.484977</timestamp>
			</report>
			<report>
				<misses>112001</misses>
				<total>1</total>
				<timestamp>35.804645</timestamp>
			</report>
			<report>
				<misses>113001</misses>
				<total>1</total>
				<timestamp>36.124318</timestamp>
			</report>
			<report>
				<misses>114001</misses>
				<total>1</total>
				<timestamp>36.444031</timestamp>
			</report>
			<report>
				<misses>115001</misses>
				<total>1</total>
				<timestamp>36.763708</timestamp>
			</report>
			<report>
				<misses>116001</misses>
				<total>1</total>
				<timestamp>37.083461</timestamp>
			</report>
			<report>
				<misses>117001</misses>
				<total>1</total>
				<timestamp>37.403136</timestamp>
			</report>
			<report>
				<misses>118001</misses>
				<total>1</total>
				<timestamp>37.722841</timestamp>
			</report>
			<report>
				<misses>119001</misses>
				<total>1</total>
				<timestamp>38.042506</timestamp>
			</report>
			<report>
				<misses>120001</misses>
				<total>1</total>
				<timestamp>38.362149</timestamp>
			</report>
			<report>
				<misses>121001</misses>
				<total>1</total>
				<timestamp>38.681886</timestamp>
			</report>
			<report>
				<misses>122001</misses>
				<total>0</total>
				<timestamp>39.001610</timestamp>
			</report>
			<report>
				<misses>123001</misses>
				<total>1</total>
				<timestamp>39.321306</timestamp>
			</report>
			<report>
				<misses>124001</misses>
				<total>1</total>
				<timestamp>39.640841</timestamp>
			</report>
			<report>
				<misses>125001</misses>
				<total>1</total>
				<timestamp>39.960600</timestamp>
			</report>
			<report>
				<misses>126001</misses>
				<total>0</total>
				<timestamp>40.280321</timestamp>
			</report>
			<report>
				<misses>127001</misses>
				<total>1</total>
				<timestamp>40.599872</timestamp>
			</report>
			<report>
				<misses>128001</misses>
				<total>1</total>
				<timestamp>40.919704</timestamp>
			</report>
			<report>
				<misses>129001</misses>
				<total>1</total>
				<timestamp>41.239272</timestamp>
			</report>
			<report>
				<misses>130001</misses>
				<total>1</total>
				<timestamp>41.558934</timestamp>
			</report>
			<report>
				<misses>131001</misses>
				<total>1</total>
				<timestamp>41.878605</timestamp>
			</report>
			<report>
				<misses>132001</misses>
				<total>1</total>
				<timestamp>42.198399</timestamp>
			</report>
			<report>
				<misses>133001</misses>
				<total>1</total>
				<timestamp>42.517997</timestamp>
			</report>
			<report>
				<misses>134001</misses>
				<total>1</total>
				<timestamp>42.837703</timestamp>
			</report>
			<report>
				<misses>135001</misses>
				<total>1</total>
				<timestamp>43.157325</timestamp>
			</report>
			<report>
				<misses>136001</misses>
				<total>1</total>
				<timestamp>43.477006</timestamp>
			</report>
			<report>
				<misses>137001</misses>
				<total>1</total>
				<timestamp>43.796790</timestamp>
			</report>
			<report>
				<misses>138001</misses>
				<total>1</total>
				<timestamp>44.116374</timestamp>
			</report>
			<report>
				<misses>139001</misses>
				<total>1</total>
				<timestamp>44.436045</timestamp>
			</report>
			<report>
				<misses>140001</misses>
				<total>1</total>
				<timestamp>44.755752</timestamp>
			</report>
			<report>
				<misses>141001</misses>
				<total>1</total>
				<timestamp>45.075415</timestamp>
			</report>
			<report>
				<misses>142001</misses>
				<total>1</total>
				<timestamp>45.395142</timestamp>
			</report>
			<report>
				<misses>143001</misses>
				<total>1</total>
				<timestamp>45.714792</timestamp>
			</report>
			<report>
				<misses>144001</misses>
				<total>1</total>
				<timestamp>46.034566</timestamp>
			</report>
			<report>
				<misses>145001</misses>
				<total>1</total>
				<timestamp>46.354226</timestamp>
			</report>
			<report>
				<misses>146001</misses>
				<total>1</total>
				<timestamp>46.673850</timestamp>
			</report>
			<report>
				<misses>147001</misses>
				<total>1</total>
				<timestamp>46.993501</timestamp>
			</report>
			<report>
				<misses>148001</misses>
				<total>1</total>
				<timestamp>47.313233</timestamp>
			</report>
			<report>
				<misses>149001</misses>
				<total>1</total>
				<timestamp>47.632910</timestamp>
			</report>
			<report>
				<misses>150001</misses>
				<total>1</total>
				<timestamp>47.952593</timestamp>
			</report>
			<report>
				<misses>151001</misses>
				<total>1</total>
				<timestamp>48.272207</timestamp>
			</report>
			<report>
				<misses>152001</misses>
				<total>1</total>
				<timestamp>48.591983</timestamp>
			</report>
			<report>
				<misses>153001</misses>
				<total>1</total>
				<timestamp>48.911579</timestamp>
			</report>
			<report>
				<misses>154001</misses>
				<total>1</total>
				<timestamp>49.231250</timestamp>
			</report>
			<report>
				<misses>155001</misses>
				<total>1</total>
				<timestamp>49.550952</timestamp>
			</report>
			<report>
				<misses>156001</misses>
				<total>1</total>
				<timestamp>49.870559</timestamp>
			</report>
			<report>
				<misses>157001</misses>
				<total>1</total>
				<timestamp>50.190235</timestamp>
			</report>
			<report>
				<misses>158001</misses>
				<total>1</total>
				<timestamp>50.509952</timestamp>
			</report>
			<report>
				<misses>159001</misses>
				<total>1</total>
				<timestamp>50.829606</timestamp>
			</report>
			<report>
				<misses>160001</misses>
				<total>0</total>
				<timestamp>51.149413</timestamp>
			</report>
			<report>
				<misses>161001</misses>
				<total>1</total>
				<timestamp>51.468979</timestamp>
			</report>
			<report>
				<misses>162001</misses>
				<total>1</total>
				<timestamp>51.788673</timestamp>
			</report>
			<report>
				<misses>163001</misses>
				<total>1</total>
				<timestamp>52.108327</timestamp>
			</report>
			<report>
				<misses>164001</misses>
				<total>1</total>
				<timestamp>52.428023</timestamp>
			</report>
			<report>
				<misses>165001</misses>
				<total>1</total>
				<timestamp>52.747736</timestamp>
			</report>
			<report>
				<misses>166001</misses>
				<total>0</total>
				<timestamp>53.067490</timestamp>
			</report>
			<report>
				<misses>167001</misses>
				<total>1</total>
				<timestamp>53.387117</timestamp>
			</report>
			<report>
				<misses>168001</misses>
				<total>1</total>
				<timestamp>53.706737</timestamp>
			</report>
			<report>
				<misses>169001</misses>
				<total>1</total>
				<timestamp>54.026397</timestamp>
			</report>
			<report>
				<misses>170001</misses>
				<total>1</total>
				<timestamp>54.346133</timestamp>
			</report>
			<report>
				<misses>171001</misses>
				<total>1</total>
				<timestamp>54.665763</timestamp>
			</report>
			<report>
				<misses>172001</misses>
				<total>1</total>
				<timestamp>54.985454</timestamp>
			</report>
			<report>
				<misses>173001</misses>
				<total>1</total>
				<timestamp>55.305186</timestamp>
			</report>
			<report>
				<misses>174001</misses>
				<total>1</total>
				<timestamp>55.624918</timestamp>
			</report>
			<report>
				<misses>175001</misses>
				<total>1</total>
				<timestamp>55.944478</timestamp>
			</report>
			<report>
				<misses>176001</misses>
				<total>1</total>
				<timestamp>56.264234</timestamp>
			</report>
			<report>
				<misses>177001</misses>
				<total>1</total>
				<timestamp>56.583984</timestamp>
			</report>
			<report>
				<misses>178001</misses>
				<total>1</total>
				<timestamp>56.903579</timestamp>
			</report>
			<report>
				<misses>179001</misses>
				<total>1</total>
				<timestamp>57.223325</timestamp>
			</report>
			<report>
				<misses>180001</misses>
				<total>1</total>
				<timestamp>57.543027</timestamp>
			</report>
			<report>
				<misses>181001</misses>
				<total>1</total>
				<timestamp>57.862623</timestamp>
			</report>
			<report>
				<misses>182001</misses>
				<total>1</total>
				<timestamp>58.182284</timestamp>
			</report>
			<report>
				<misses>183001</misses>
				<total>1</total>
				<timestamp>58.501999</timestamp>
			</report>
			<report>
				<misses>184001</misses>
				<total>1</total>
				<timestamp>58.821630</timestamp>
			</report>
			<report>
				<misses>185001</misses>
				<total>1</total>
				<timestamp>59.141345</timestamp>
			</report>
			<report>
				<misses>186001</misses>
				<total>1</total>
				<timestamp>59.460983</timestamp>
			</report>
			<report>
				<misses>187001</misses>
				<total>1</total>
				<timestamp>59.780647</timestamp>
			</report>
			<report>
				<misses>188001</misses>
				<total>1</total>
				<timestamp>60.100321</timestamp>
			</report>
			<report>
				<misses>189001</misses>
				<total>1</total>
				<timestamp>60.420044</timestamp>
			</report>
			<report>
				<misses>190001</misses>
				<total>2</total>
				<timestamp>60.739691</timestamp>
			</report>
			<report>
				<misses>191001</misses>
				<total>2</total>
				<timestamp>61.059408</timestamp>
			</report>
			<report>
				<misses>192001</misses>
				<total>2</total>
				<timestamp>61.379098</timestamp>
			</report>
			<report>
				<misses>193001</misses>
				<total>2</total>
				<timestamp>61.698726</timestamp>
			</report>
			<report>
				<misses>194001</misses>
				<total>2</total>
				<timestamp>62.018395</timestamp>
			</report>
			<report>
				<misses>195001</misses>
				<total>2</total>
				<timestamp>62.338142</timestamp>
			</report>
			<report>
				<misses>196001</misses>
				<total>2</total>
				<timestamp>62.657763</timestamp>
			</report>
			<report>
				<misses>197001</misses>
				<total>2</total>
				<timestamp>62.977469</timestamp>
			</report>
			<report>
				<misses>198001</misses>
				<total>2</total>
				<timestamp>63.297139</timestamp>
			</report>
			<report>
				<misses>199001</misses>
				<total>2</total>
				<timestamp>63.616905</timestamp>
			</report>
			<report>
				<misses>200001</misses>
				<total>1</total>
				<timestamp>63.936575</timestamp>
			</report>
			<report>
				<misses>201001</misses>
				<total>2</total>
				<timestamp>64.256175</timestamp>
			</report>
			<report>
				<misses>202001</misses>
				<total>2</total>
				<timestamp>64.575970</timestamp>
			</report>
			<report>
				<misses>203001</misses>
				<total>2</total>
				<timestamp>64.895560</timestamp>
			</report>
			<report>
				<misses>204001</misses>
				<total>2</total>
				<timestamp>65.215207</timestamp>
			</report>
			<report>
				<misses>205001</misses>
				<total>1</total>
				<timestamp>65.535033</timestamp>
			</report>
			<report>
				<misses>206001</misses>
				<total>2</total>
				<timestamp>65.854637</timestamp>
			</report>
			<report>
				<misses>207001</misses>
				<total>2</total>
				<timestamp>66.174255</timestamp>
			</report>
			<report>
				<misses>208001</misses>
				<total>2</total>
				<timestamp>66.493997</timestamp>
			</report>
			<report>
				<misses>209001</misses>
				<total>2</total>
				<timestamp>66.813690</timestamp>
			</report>
			<report>
				<misses>210001</misses>
				<total>1</total>
				<timestamp>67.133380</timestamp>
			</report>
			<report>
				<misses>211001</misses>
				<total>2</total>
				<timestamp>67.453052</timestamp>
			</report>
			<report>
				<misses>212001</misses>
				<total>2</total>
				<timestamp>67.772770</timestamp>
			</report>
			<report>
				<misses>213001</misses>
				<total>2</total>
				<timestamp>68.092430</timestamp>
			</report>
			<report>
				<misses>214001</misses>
				<total>2</total>
				<timestamp>68.412050</timestamp>
			</report>
			<report>
				<misses>215001</misses>
				<total>2</total>
				<timestamp>68.731750</timestamp>
			</report>
			<report>
				<misses>216001</misses>
				<total>2</total>
				<timestamp>69.051394</timestamp>
			</report>
			<report>
				<misses>217001</misses>
				<total>2</total>
				<timestamp>69.371057</timestamp>
			</report>
			<report>
				<misses>218001</misses>
				<total>2</total>
				<timestamp>69.690758</timestamp>
			</report>
			<report>
				<misses>219001</misses>
				<total>2</total>
				<timestamp>70.010416</timestamp>
			</report>
			<report>
				<misses>220001</misses>
				<total>2</total>
				<timestamp>70.330126</timestamp>
			</report>
			<report>
				<misses>221001</misses>
				<total>2</total>
				<timestamp>70.649839</timestamp>
			</report>
			<report>
				<misses>222001</misses>
				<total>2</total>
				<timestamp>70.969511</timestamp>
			</report>
			<report>
				<misses>223001</misses>
				<total>2</total>
				<timestamp>71.289153</timestamp>
			</report>
			<report>
				<misses>224001</misses>
				<total>2</total>
				<timestamp>71.608887</timestamp>
			</report>
			<report>
				<misses>225001</misses>
				<total>2</total>
				<timestamp>71.928627</timestamp>
			</report>
			<report>
				<misses>226001</misses>
				<total>3</total>
				<timestamp>72.248171</timestamp>
			</report>
			<report>
				<misses>227001</misses>
				<total>3</total>
				<timestamp>72.567866</timestamp>
			</report>
			<report>
				<misses>228001</misses>
				<total>3</total>
				<timestamp>72.887569</timestamp>
			</report>
			<report>
				<misses>229001</misses>
				<total>3</total>
				<timestamp>73.207197</timestamp>
			</report>
			<report>
				<misses>230001</misses>
				<total>3</total>
				<timestamp>73.526870</timestamp>
			</report>
			<report>
				<misses>231001</misses>
				<total>3</total>
				<timestamp>73.846605</timestamp>
			</report>
			<report>
				<misses>232001</misses>
				<total>3</total>
				<timestamp>74.166295</timestamp>
			</report>
			<report>
				<misses>233001</misses>
				<total>3</total>
				<timestamp>74.485953</timestamp>
			</report>
			<report>
				<misses>234001</misses>
				<total>2</total>
				<timestamp>74.805712</timestamp>
			</report>
			<report>
				<misses>235001</misses>
				<total>3</total>
				<timestamp>75.125358</timestamp>
			</report>
			<report>
				<misses>236001</misses>
				<total>3</total>
				<timestamp>75.445058</timestamp>
			</report>
			<report>
				<misses>237001</misses>
				<total>3</total>
				<timestamp>75.764640</timestamp>
			</report>
			<report>
				<misses>238001</misses>
				<total>3</total>
				<timestamp>76.084367</timestamp>
			</report>
			<report>
				<misses>239001</misses>
				<total>3</total>
				<timestamp>76.404014</timestamp>
			</report>
			<report>
				<misses>240001</misses>
				<total>3</total>
				<timestamp>76.723686</timestamp>
			</report>
			<report>
				<misses>241001</misses>
				<total>3</total>
				<timestamp>77.043390</timestamp>
			</report>
			<report>
				<misses>242001</misses>
				<total>3</total>
				<timestamp>77.363077</timestamp>
			</report>
			<report>
				<misses>243001</misses>
				<total>3</total>
				<timestamp>77.682768</timestamp>
			</report>
			<report>
				<misses>244001</misses>
				<total>3</total>
				<timestamp>78.002400</timestamp>
			</report>
			<report>
				<misses>245001</misses>
				<total>3</total>
				<timestamp>78.322070</timestamp>
			</report>
			<report>
				<misses>246001</misses>
				<total>3</total>
				<timestamp>78.641806</timestamp>
			</report>
			<report>
				<misses>247001</misses>
				<total>3</total>
				<timestamp>78.961436</timestamp>
			</report>
			<report>
				<misses>248001</misses>
				<total>3</total>
				<timestamp>79.281126</timestamp>
			</report>
			<report>
				<misses>249001</misses>
				<total>3</total>
				<timestamp>79.600840</timestamp>
			</report>
			<report>
				<misses>250001</misses>
				<total>3</total>
				<timestamp>79.920514</timestamp>
			</report>
			<report>
				<misses>251001</misses>
				<total>3</total>
				<timestamp>80.240210</timestamp>
			</report>
			<report>
				<misses>252001</misses>
				<total>3</total>
				<timestamp>80.559895</timestamp>
			</report>
			<report>
				<misses>253001</misses>
				<total>3</total>
				<timestamp>80.879548</timestamp>
			</report>
			<report>
				<misses>254001</misses>
				<total>3</total>
				<timestamp>81.199235</timestamp>
			</report>
			<report>
				<misses>255001</misses>
				<total>3</total>
				<timestamp>81.518954</timestamp>
			</report>
			<report>
				<misses>256001</misses>
				<total>3</total>
				<timestamp>81.838595</timestamp>
			</report>
			<report>
				<misses>257001</misses>
				<total>3</total>
				<timestamp>82.158309</timestamp>
			</report>
			<report>
				<misses>258001</misses>
				<total>3</total>
				<timestamp>82.477941</timestamp>
			</report>
			<report>
				<misses>259001</misses>
				<total>3</total>
				<timestamp>82.797669</timestamp>
			</report>
			<report>
				<misses>260001</misses>
				<total>3</total>
				<timestamp>83.117294</timestamp>
			</report>
			<report>
				<misses>261001</misses>
				<total>3</total>
				<timestamp>83.437028</timestamp>
			</report>
			<report>
				<misses>262001</misses>
				<total>3</total>
				<timestamp>83.756688</timestamp>
			</report>
			<report>
				<misses>263001</misses>
				<total>3</total>
				<timestamp>84.076390</timestamp>
			</report>
			<report>
				<misses>264001</misses>
				<total>3</total>
				<timestamp>84.396025</timestamp>
			</report>
			<report>
				<misses>265001</misses>
				<total>3</total>
				<timestamp>84.715789</timestamp>
			</report>
			<report>
				<misses>266001</misses>
				<total>3</total>
				<timestamp>85.035398</timestamp>
			</report>
			<report>
				<misses>267001</misses>
				<total>3</total>
				<timestamp>85.355048</timestamp>
			</report>
			<report>
				<misses>268001</misses>
				<total>2</total>
				<timestamp>85.674864</timestamp>
			</report>
			<report>
				<misses>269001</misses>
				<total>3</total>
				<timestamp>85.994397</timestamp>
			</report>
			<report>
				<misses>270001</misses>
				<total>3</total>
				<timestamp>86.314093</timestamp>
			</report>
			<report>
				<misses>271001</misses>
				<total>3</total>
				<timestamp>86.633812</timestamp>
			</report>
			<report>
				<misses>272001</misses>
				<total>3</total>
				<timestamp>86.953461</timestamp>
			</report>
			<report>
				<misses>273001</misses>
				<total>3</total>
				<timestamp>87.273122</timestamp>
			</report>
			<report>
				<misses>274001</misses>
				<total>3</total>
				<timestamp>87.592842</timestamp>
			</report>
			<report>
				<misses>275001</misses>
				<total>3</total>
				<timestamp>87.912479</timestamp>
			</report>
			<report>
				<misses>276001</misses>
				<total>3</total>
				<timestamp>88.232197</timestamp>
			</report>
			<report>
				<misses>277001</misses>
				<total>3</total>
				<timestamp>88.551919</timestamp>
			</report>
			<report>
				<misses>278001</misses>
				<total>3</total>
				<timestamp>88.871551</timestamp>
			</report>
			<report>
				<misses>279001</misses>
				<total>3</total>
				<timestamp>89.191209</timestamp>
			</report>
			<report>
				<misses>280001</misses>
				<total>3</total>
				<timestamp>89.510917</timestamp>
			</report>
			<report>
				<misses>281001</misses>
				<total>3</total>
				<timestamp>89.830571</timestamp>
			</report>
			<report>
				<misses>282001</misses>
				<total>3</total>
				<timestamp>90.150362</timestamp>
			</report>
			<report>
				<misses>283001</misses>
				<total>3</total>
				<timestamp>90.470008</timestamp>
			</report>
			<report>
				<misses>284001</misses>
				<total>3</total>
				<timestamp>90.789759</timestamp>
			</report>
			<report>
				<misses>285001</misses>
				<total>3</total>
				<timestamp>91.109319</timestamp>
			</report>
			<report>
				<misses>286001</misses>
				<total>2</total>
				<timestamp>91.429162</timestamp>
			</report>
			<report>
				<misses>287001</misses>
				<total>3</total>
				<timestamp>91.748699</timestamp>
			</report>
			<report>
				<misses>288001</misses>
				<total>3</total>
				<timestamp>92.068435</timestamp>
			</report>
			<report>
				<misses>289001</misses>
				<total>3</total>
				<timestamp>92.388057</timestamp>
			</report>
			<report>
				<misses>290001</misses>
				<total>2</total>
				<timestamp>92.707807</timestamp>
			</report>
			<report>
				<misses>291001</misses>
				<total>3</total>
				<timestamp>93.027397</timestamp>
			</report>
			<report>
				<misses>292001</misses>
				<total>3</total>
				<timestamp>93.347043</timestamp>
			</report>
			<report>
				<misses>293001</misses>
				<total>3</total>
				<timestamp>93.666805</timestamp>
			</report>
			<report>
				<misses>294001</misses>
				<total>3</total>
				<timestamp>93.986459</timestamp>
			</report>
			<report>
				<misses>295001</misses>
				<total>3</total>
				<timestamp>94.306153</timestamp>
			</report>
			<report>
				<misses>296001</misses>
				<total>3</total>
				<timestamp>94.625826</timestamp>
			</report>
			<report>
				<misses>297001</misses>
				<total>3</total>
				<timestamp>94.945479</timestamp>
			</report>
			<report>
				<misses>298001</misses>
				<total>3</total>
				<timestamp>95.265129</timestamp>
			</report>
			<report>
				<misses>299001</misses>
				<total>3</total>
				<timestamp>95.584825</timestamp>
			</report>
			<report>
				<misses>300001</misses>
				<total>3</total>
				<timestamp>95.904510</timestamp>
			</report>
			<report>
				<misses>301001</misses>
				<total>3</total>
				<timestamp>96.224241</timestamp>
			</report>
			<report>
				<misses>302001</misses>
				<total>3</total>
				<timestamp>96.543866</timestamp>
			</report>
			<report>
				<misses>303001</misses>
				<total>3</total>
				<timestamp>96.863544</timestamp>
			</report>
			<report>
				<misses>304001</misses>
				<total>3</total>
				<timestamp>97.183252</timestamp>
			</report>
			<report>
				<misses>305001</misses>
				<total>3</total>
				<timestamp>97.502923</timestamp>
			</report>
			<report>
				<misses>306001</misses>
				<total>3</total>
				<timestamp>97.822574</timestamp>
			</report>
			<report>
				<misses>307001</misses>
				<total>3</total>
				<timestamp>98.142293</timestamp>
			</report>
			<report>
				<misses>308001</misses>
				<total>3</total>
				<timestamp>98.462008</timestamp>
			</report>
			<report>
				<misses>309001</misses>
				<total>3</total>
				<timestamp>98.781663</timestamp>
			</report>
			<report>
				<misses>310001</misses>
				<total>3</total>
				<timestamp>99.101288</timestamp>
			</report>
			<report>
				<misses>311001</misses>
				<total>3</total>
				<timestamp>99.421013</timestamp>
			</report>
			<report>
				<misses>312001</misses>
				<total>3</total>
				<timestamp>99.740718</timestamp>
			</report>
			<report>
				<misses>313001</misses>
				<total>3</total>
				<timestamp>100.060317</timestamp>
			</report>
			<report>
				<misses>314001</misses>
				<total>3</total>
				<timestamp>100.380050</timestamp>
			</report>
			<report>
				<misses>315001</misses>
				<total>3</total>
				<timestamp>100.699713</timestamp>
			</report>
			<report>
				<misses>316001</misses>
				<total>3</total>
				<timestamp>101.019396</timestamp>
			</report>
			<report>
				<misses>317001</misses>
				<total>3</total>
				<timestamp>101.339047</timestamp>
			</report>
			<report>
				<misses>318001</misses>
				<total>3</total>
				<timestamp>101.658804</timestamp>
			</report>
			<report>
				<misses>319001</misses>
				<total>3</total>
				<timestamp>101.978460</timestamp>
			</report>
			<report>
				<misses>320001</misses>
				<total>3</total>
				<timestamp>102.298148</timestamp>
			</report>
			<report>
				<misses>321001</misses>
				<total>3</total>
				<timestamp>102.617769</timestamp>
			</report>
			<report>
				<misses>322001</misses>
				<total>3</total>
				<timestamp>102.937506</timestamp>
			</report>
			<report>
				<misses>323001</misses>
				<total>3</total>
				<timestamp>103.257199</timestamp>
			</report>
			<report>
				<misses>324001</misses>
				<total>3</total>
				<timestamp>103.576798</timestamp>
			</report>
			<report>
				<misses>325001</misses>
				<total>3</total>
				<timestamp>103.896506</timestamp>
			</report>
			<report>
				<misses>326001</misses>
				<total>3</total>
				<timestamp>104.216155</timestamp>
			</report>
			<report>
				<misses>327001</misses>
				<total>3</total>
				<timestamp>104.535928</timestamp>
			</report>
			<report>
				<misses>328001</misses>
				<total>3</total>
				<timestamp>104.855537</timestamp>
			</report>
			<report>
				<misses>329001</misses>
				<total>3</total>
				<timestamp>105.175203</timestamp>
			</report>
			<report>
				<misses>330001</misses>
				<total>3</total>
				<timestamp>105.494971</timestamp>
			</report>
			<report>
				<misses>331001</misses>
				<total>3</total>
				<timestamp>105.814659</timestamp>
			</report>
			<report>
				<misses>332001</misses>
				<total>3</total>
				<timestamp>106.134291</timestamp>
			</report>
			<report>
				<misses>333001</misses>
				<total>3</total>
				<timestamp>106.453966</timestamp>
			</report>
			<report>
				<misses>334001</misses>
				<total>3</total>
				<timestamp>106.773640</timestamp>
			</report>
			<report>
				<misses>335001</misses>
				<total>3</total>
				<timestamp>107.093296</timestamp>
			</report>
			<report>
				<misses>336001</misses>
				<total>3</total>
				<timestamp>107.412959</timestamp>
			</report>
			<report>
				<misses>337001</misses>
				<total>3</total>
				<timestamp>107.732723</timestamp>
			</report>
			<report>
				<misses>338001</misses>
				<total>3</total>
				<timestamp>108.052348</timestamp>
			</report>
			<report>
				<misses>339001</misses>
				<total>3</total>
				<timestamp>108.372085</timestamp>
			</report>
			<report>
				<misses>340001</misses>
				<total>3</total>
				<timestamp>108.691714</timestamp>
			</report>
			<report>
				<misses>341001</misses>
				<total>3</total>
				<timestamp>109.011365</timestamp>
			</report>
			<report>
				<misses>342001</misses>
				<total>3</total>
				<timestamp>109.331072</timestamp>
			</report>
			<report>
				<misses>343001</misses>
				<total>3</total>
				<timestamp>109.650756</timestamp>
			</report>
			<report>
				<misses>344001</misses>
				<total>3</total>
				<timestamp>109.970538</timestamp>
			</report>
			<report>
				<misses>345001</misses>
				<total>3</total>
				<timestamp>110.290127</timestamp>
			</report>
			<report>
				<misses>346001</misses>
				<total>3</total>
				<timestamp>110.609810</timestamp>
			</report>
			<report>
				<misses>347001</misses>
				<total>3</total>
				<timestamp>110.929443</timestamp>
			</report>
			<report>
				<misses>348001</misses>
				<total>3</total>
				<timestamp>111.249148</timestamp>
			</report>
			<report>
				<misses>349001</misses>
				<total>3</total>
				<timestamp>111.568843</timestamp>
			</report>
			<report>
				<misses>350001</misses>
				<total>3</total>
				<timestamp>111.888530</timestamp>
			</report>
			<report>
				<misses>351001</misses>
				<total>3</total>
				<timestamp>112.208228</timestamp>
			</report>
			<report>
				<misses>352001</misses>
				<total>3</total>
				<timestamp>112.527869</timestamp>
			</report>
			<report>
				<misses>353001</misses>
				<total>3</total>
				<timestamp>112.847572</timestamp>
			</report>
			<report>
				<misses>354001</misses>
				<total>3</total>
				<timestamp>113.167244</timestamp>
			</report>
			<report>
				<misses>355001</misses>
				<total>3</total>
				<timestamp>113.486900</timestamp>
			</report>
			<report>
				<misses>356001</misses>
				<total>3</total>
				<timestamp>113.806626</timestamp>
			</report>
			<report>
				<misses>357001</misses>
				<total>3</total>
				<timestamp>114.126298</timestamp>
			</report>
			<report>
				<misses>358001</misses>
				<total>3</total>
				<timestamp>114.445960</timestamp>
			</report>
			<report>
				<misses>359001</misses>
				<total>3</total>
				<timestamp>114.765721</timestamp>
			</report>
			<report>
				<misses>360001</misses>
				<total>3</total>
				<timestamp>115.085302</timestamp>
			</report>
			<report>
				<misses>361001</misses>
				<total>3</total>
				<timestamp>115.404998</timestamp>
			</report>
			<report>
				<misses>362001</misses>
				<total>3</total>
				<timestamp>115.724717</timestamp>
			</report>
			<report>
				<misses>363001</misses>
				<total>2</total>
				<timestamp>116.044449</timestamp>
			</report>
			<report>
				<misses>364001</misses>
				<total>3</total>
				<timestamp>116.364088</timestamp>
			</report>
			<report>
				<misses>365001</misses>
				<total>3</total>
				<timestamp>116.683724</timestamp>
			</report>
			<report>
				<misses>366001</misses>
				<total>3</total>
				<timestamp>117.003384</timestamp>
			</report>
			<report>
				<misses>367001</misses>
				<total>3</total>
				<timestamp>117.323078</timestamp>
			</report>
			<report>
				<misses>368001</misses>
				<total>3</total>
				<timestamp>117.642783</timestamp>
			</report>
			<report>
				<misses>369001</misses>
				<total>3</total>
				<timestamp>117.962414</timestamp>
			</report>
			<report>
				<misses>370001</misses>
				<total>3</total>
				<timestamp>118.282184</timestamp>
			</report>
			<report>
				<misses>371001</misses>
				<total>3</total>
				<timestamp>118.601774</timestamp>
			</report>
			<report>
				<misses>372001</misses>
				<total>3</total>
				<timestamp>118.921515</timestamp>
			</report>
			<report>
				<misses>373001</misses>
				<total>3</total>
				<timestamp>119.241128</timestamp>
			</report>
			<report>
				<misses>374001</misses>
				<total>3</total>
				<timestamp>119.560916</timestamp>
			</report>
			<report>
				<misses>375001</misses>
				<total>3</total>
				<timestamp>119.880547</timestamp>
			</report>
			<report>
				<misses>376001</misses>
				<total>3</total>
				<timestamp>120.200171</timestamp>
			</report>
			<report>
				<misses>377001</misses>
				<total>3</total>
				<timestamp>120.519990</timestamp>
			</report>
			<report>
				<misses>378001</misses>
				<total>3</total>
				<timestamp>120.839593</timestamp>
			</report>
			<report>
				<misses>379001</misses>
				<total>3</total>
				<timestamp>121.159274</timestamp>
			</report>
			<report>
				<misses>380001</misses>
				<total>3</total>
				<timestamp>121.479007</timestamp>
			</report>
			<report>
				<misses>381001</misses>
				<total>3</total>
				<timestamp>121.798681</timestamp>
			</report>
			<report>
				<misses>382001</misses>
				<total>3</total>
				<timestamp>122.118284</timestamp>
			</report>
			<report>
				<misses>383001</misses>
				<total>3</total>
				<timestamp>122.437996</timestamp>
			</report>
			<report>
				<misses>384001</misses>
				<total>3</total>
				<timestamp>122.757674</timestamp>
			</report>
			<report>
				<misses>385001</misses>
				<total>3</total>
				<timestamp>123.077339</timestamp>
			</report>
			<report>
				<misses>386001</misses>
				<total>3</total>
				<timestamp>123.397042</timestamp>
			</report>
			<report>
				<misses>387001</misses>
				<total>3</total>
				<timestamp>123.716686</timestamp>
			</report>
			<report>
				<misses>388001</misses>
				<total>2</total>
				<timestamp>124.036447</timestamp>
			</report>
			<report>
				<misses>389001</misses>
				<total>3</total>
				<timestamp>124.356014</timestamp>
			</report>
			<report>
				<misses>390001</misses>
				<total>3</total>
				<timestamp>124.675761</timestamp>
			</report>
			<report>
				<misses>391001</misses>
				<total>3</total>
				<timestamp>124.995475</timestamp>
			</report>
			<report>
				<misses>392001</misses>
				<total>3</total>
				<timestamp>125.315119</timestamp>
			</report>
			<report>
				<misses>393001</misses>
				<total>3</total>
				<timestamp>125.634898</timestamp>
			</report>
			<report>
				<misses>394001</misses>
				<total>3</total>
				<timestamp>125.954463</timestamp>
			</report>
			<report>
				<misses>395001</misses>
				<total>3</total>
				<timestamp>126.274144</timestamp>
			</report>
			<report>
				<misses>396001</misses>
				<total>3</total>
				<timestamp>126.593795</timestamp>
			</report>
			<report>
				<misses>397001</misses>
				<total>3</total>
				<timestamp>126.913582</timestamp>
			</report>
			<report>
				<misses>398001</misses>
				<total>3</total>
				<timestamp>127.233190</timestamp>
			</report>
			<report>
				<misses>399001</misses>
				<total>3</total>
				<timestamp>127.552920</timestamp>
			</report>
			<report>
				<misses>400001</misses>
				<total>3</total>
				<timestamp>127.872627</timestamp>
			</report>
			<report>
				<misses>401001</misses>
				<total>3</total>
				<timestamp>128.192184</timestamp>
			</report>
			<report>
				<misses>402001</misses>
				<total>3</total>
				<timestamp>128.511856</timestamp>
			</report>
			<report>
				<misses>403001</misses>
				<total>3</total>
				<timestamp>128.831598</timestamp>
			</report>
			<report>
				<misses>404001</misses>
				<total>3</total>
				<timestamp>129.151250</timestamp>
			</report>
			<report>
				<misses>405001</misses>
				<total>4</total>
				<timestamp>129.470939</timestamp>
			</report>
			<report>
				<misses>406001</misses>
				<total>4</total>
				<timestamp>129.790729</timestamp>
			</report>
			<report>
				<misses>407001</misses>
				<total>4</total>
				<timestamp>130.110384</timestamp>
			</report>
			<report>
				<misses>408001</misses>
				<total>4</total>
				<timestamp>130.430010</timestamp>
			</report>
			<report>
				<misses>409001</misses>
				<total>4</total>
				<timestamp>130.749712</timestamp>
			</report>
			<report>
				<misses>410001</misses>
				<total>4</total>
				<timestamp>131.069377</timestamp>
			</report>
			<report>
				<misses>411001</misses>
				<total>4</total>
				<timestamp>131.389015</timestamp>
			</report>
			<report>
				<misses>412001</misses>
				<total>4</total>
				<timestamp>131.708672</timestamp>
			</report>
			<report>
				<misses>413001</misses>
				<total>4</total>
				<timestamp>132.028350</timestamp>
			</report>
			<report>
				<misses>414001</misses>
				<total>3</total>
				<timestamp>132.348167</timestamp>
			</report>
			<report>
				<misses>415001</misses>
				<total>4</total>
				<timestamp>132.667749</timestamp>
			</report>
			<report>
				<misses>416001</misses>
				<total>3</total>
				<timestamp>132.987504</timestamp>
			</report>
			<report>
				<misses>417001</misses>
				<total>4</total>
				<timestamp>133.307097</timestamp>
			</report>
			<report>
				<misses>418001</misses>
				<total>4</total>
				<timestamp>133.626738</timestamp>
			</report>
			<report>
				<misses>419001</misses>
				<total>4</total>
				<timestamp>133.946529</timestamp>
			</report>
			<report>
				<misses>420001</misses>
				<total>6</total>
				<timestamp>134.266090</timestamp>
			</report>
			<report>
				<misses>421001</misses>
				<total>6</total>
				<timestamp>134.585824</timestamp>
			</report>
			<report>
				<misses>422001</misses>
				<total>6</total>
				<timestamp>134.905481</timestamp>
			</report>
			<report>
				<misses>423001</misses>
				<total>6</total>
				<timestamp>135.225147</timestamp>
			</report>
			<report>
				<misses>424001</misses>
				<total>6</total>
				<timestamp>135.544899</timestamp>
			</report>
			<report>
				<misses>425001</misses>
				<total>6</total>
				<timestamp>135.864532</timestamp>
			</report>
			<report>
				<misses>426001</misses>
				<total>6</total>
				<timestamp>136.184197</timestamp>
			</report>
			<report>
				<misses>427001</misses>
				<total>6</total>
				<timestamp>136.503885</timestamp>
			</report>
			<report>
				<misses>428001</misses>
				<total>5</total>
				<timestamp>136.823624</timestamp>
			</report>
			<report>
				<misses>429001</misses>
				<total>6</total>
				<timestamp>137.143278</timestamp>
			</report>
			<report>
				<misses>430001</misses>
				<total>6</total>
				<timestamp>137.462960</timestamp>
			</report>
			<report>
				<misses>431001</misses>
				<total>6</total>
				<timestamp>137.782687</timestamp>
			</report>
			<report>
				<misses>432001</misses>
				<total>6</total>
				<timestamp>138.102345</timestamp>
			</report>
			<report>
				<misses>433001</misses>
				<total>6</total>
				<timestamp>138.421966</timestamp>
			</report>
			<report>
				<misses>434001</misses>
				<total>6</total>
				<timestamp>138.741741</timestamp>
			</report>
			<report>
				<misses>435001</misses>
				<total>6</total>
				<timestamp>139.061414</timestamp>
			</report>
			<report>
				<misses>436001</misses>
				<total>6</total>
				<timestamp>139.381033</timestamp>
			</report>
			<report>
				<misses>437001</misses>
				<total>6</total>
				<timestamp>139.700751</timestamp>
			</report>
			<report>
				<misses>438001</misses>
				<total>5</total>
				<timestamp>140.020516</timestamp>
			</report>
			<report>
				<misses>439001</misses>
				<total>5</total>
				<timestamp>140.340180</timestamp>
			</report>
			<report>
				<misses>440001</misses>
				<total>5</total>
				<timestamp>140.659869</timestamp>
			</report>
			<report>
				<misses>441001</misses>
				<total>6</total>
				<timestamp>140.979481</timestamp>
			</report>
			<report>
				<misses>442001</misses>
				<total>6</total>
				<timestamp>141.299052</timestamp>
			</report>
			<report>
				<misses>443001</misses>
				<total>6</total>
				<timestamp>141.618774</timestamp>
			</report>
			<report>
				<misses>444001</misses>
				<total>6</total>
				<timestamp>141.938491</timestamp>
			</report>
			<report>
				<misses>445001</misses>
				<total>6</total>
				<timestamp>142.258104</timestamp>
			</report>
			<report>
				<misses>446001</misses>
				<total>6</total>
				<timestamp>142.577871</timestamp>
			</report>
			<report>
				<misses>447001</misses>
				<total>6</total>
				<timestamp>142.897591</timestamp>
			</report>
			<report>
				<misses>448001</misses>
				<total>6</total>
				<timestamp>143.217236</timestamp>
			</report>
			<report>
				<misses>449001</misses>
				<total>6</total>
				<timestamp>143.536951</timestamp>
			</report>
			<report>
				<misses>450001</misses>
				<total>6</total>
				<timestamp>143.856618</timestamp>
			</report>
			<report>
				<misses>451001</misses>
				<total>5</total>
				<timestamp>144.176365</timestamp>
			</report>
			<report>
				<misses>452001</misses>
				<total>6</total>
				<timestamp>144.495905</timestamp>
			</report>
			<report>
				<misses>453001</misses>
				<total>6</total>
				<timestamp>144.815633</timestamp>
			</report>
			<report>
				<misses>454001</misses>
				<total>6</total>
				<timestamp>145.135286</timestamp>
			</report>
			<report>
				<misses>455001</misses>
				<total>6</total>
				<timestamp>145.454910</timestamp>
			</report>
			<report>
				<misses>456001</misses>
				<total>6</total>
				<timestamp>145.774584</timestamp>
			</report>
			<report>
				<misses>457001</misses>
				<total>5</total>
				<timestamp>146.094457</timestamp>
			</report>
			<report>
				<misses>458001</misses>
				<total>6</total>
				<timestamp>146.414074</timestamp>
			</report>
			<report>
				<misses>459001</misses>
				<total>6</total>
				<timestamp>146.733709</timestamp>
			</report>
			<report>
				<misses>460001</misses>
				<total>6</total>
				<timestamp>147.053440</timestamp>
			</report>
			<report>
				<misses>461001</misses>
				<total>6</total>
				<timestamp>147.373091</timestamp>
			</report>
			<report>
				<misses>462001</misses>
				<total>6</total>
				<timestamp>147.692713</timestamp>
			</report>
			<report>
				<misses>463001</misses>
				<total>6</total>
				<timestamp>148.012501</timestamp>
			</report>
			<report>
				<misses>464001</misses>
				<total>6</total>
				<timestamp>148.332026</timestamp>
			</report>
			<report>
				<misses>465001</misses>
				<total>6</total>
				<timestamp>148.651689</timestamp>
			</report>
			<report>
				<misses>466001</misses>
				<total>6</total>
				<timestamp>148.971421</timestamp>
			</report>
			<report>
				<misses>467001</misses>
				<total>6</total>
				<timestamp>149.291075</timestamp>
			</report>
			<report>
				<misses>468001</misses>
				<total>6</total>
				<timestamp>149.610725</timestamp>
			</report>
			<report>
				<misses>469001</misses>
				<total>6</total>
				<timestamp>149.930465</timestamp>
			</report>
			<report>
				<misses>470001</misses>
				<total>6</total>
				<timestamp>150.250141</timestamp>
			</report>
			<report>
				<misses>471001</misses>
				<total>6</total>
				<timestamp>150.569841</timestamp>
			</report>
			<report>
				<misses>472001</misses>
				<total>6</total>
				<timestamp>150.889480</timestamp>
			</report>
			<report>
				<misses>473001</misses>
				<total>6</total>
				<timestamp>151.209135</timestamp>
			</report>
			<report>
				<misses>474001</misses>
				<total>6</total>
				<timestamp>151.528880</timestamp>
			</report>
			<report>
				<misses>475001</misses>
				<total>6</total>
				<timestamp>151.848497</timestamp>
			</report>
			<report>
				<misses>476001</misses>
				<total>6</total>
				<timestamp>152.168244</timestamp>
			</report>
			<report>
				<misses>477001</misses>
				<total>6</total>
				<timestamp>152.487864</timestamp>
			</report>
			<report>
				<misses>478001</misses>
				<total>6</total>
				<timestamp>152.807550</timestamp>
			</report>
			<report>
				<misses>479001</misses>
				<total>6</total>
				<timestamp>153.127302</timestamp>
			</report>
			<report>
				<misses>480001</misses>
				<total>6</total>
				<timestamp>153.446939</timestamp>
			</report>
			<report>
				<misses>481001</misses>
				<total>6</total>
				<timestamp>153.766726</timestamp>
			</report>
			<report>
				<misses>482001</misses>
				<total>6</total>
				<timestamp>154.086343</timestamp>
			</report>
			<report>
				<misses>483001</misses>
				<total>6</total>
				<timestamp>154.405972</timestamp>
			</report>
			<report>
				<misses>484001</misses>
				<total>6</total>
				<timestamp>154.725633</timestamp>
			</report>
			<report>
				<misses>485001</misses>
				<total>6</total>
				<timestamp>155.045354</timestamp>
			</report>
			<report>
				<misses>486001</misses>
				<total>6</total>
				<timestamp>155.365044</timestamp>
			</report>
			<report>
				<misses>487001</misses>
				<total>6</total>
				<timestamp>155.684677</timestamp>
			</report>
			<report>
				<misses>488001</misses>
				<total>6</total>
				<timestamp>156.004430</timestamp>
			</report>
			<report>
				<misses>489001</misses>
				<total>6</total>
				<timestamp>156.324121</timestamp>
			</report>
			<report>
				<misses>490001</misses>
				<total>5</total>
				<timestamp>156.643806</timestamp>
			</report>
			<report>
				<misses>491001</misses>
				<total>6</total>
				<timestamp>156.963361</timestamp>
			</report>
			<report>
				<misses>492001</misses>
				<total>5</total>
				<timestamp>157.283144</timestamp>
			</report>
			<report>
				<misses>493001</misses>
				<total>6</total>
				<timestamp>157.602805</timestamp>
			</report>
			<report>
				<misses>494001</misses>
				<total>5</total>
				<timestamp>157.922497</timestamp>
			</report>
			<report>
				<misses>495001</misses>
				<total>6</total>
				<timestamp>158.242180</timestamp>
			</report>
			<report>
				<misses>496001</misses>
				<total>6</total>
				<timestamp>158.561932</timestamp>
			</report>
			<report>
				<misses>497001</misses>
				<total>6</total>
				<timestamp>158.881464</timestamp>
			</report>
			<report>
				<misses>498001</misses>
				<total>6</total>
				<timestamp>159.201243</timestamp>
			</report>
			<report>
				<misses>499001</misses>
				<total>6</total>
				<timestamp>159.520934</timestamp>
			</report>
			<report>
				<misses>500001</misses>
				<total>6</total>
				<timestamp>159.840619</timestamp>
			</report>
			<report>
				<misses>501001</misses>
				<total>6</total>
				<timestamp>160.160264</timestamp>
			</report>
			<report>
				<misses>502001</misses>
				<total>6</total>
				<timestamp>160.479966</timestamp>
			</report>
			<report>
				<misses>503001</misses>
				<total>6</total>
				<timestamp>160.799624</timestamp>
			</report>
			<report>
				<misses>504001</misses>
				<total>6</total>
				<timestamp>161.119252</timestamp>
			</report>
			<report>
				<misses>505001</misses>
				<total>6</total>
				<timestamp>161.438975</timestamp>
			</report>
			<report>
				<misses>506001</misses>
				<total>5</total>
				<timestamp>161.758678</timestamp>
			</report>
			<report>
				<misses>507001</misses>
				<total>6</total>
				<timestamp>162.078362</timestamp>
			</report>
			<report>
				<misses>508001</misses>
				<total>6</total>
				<timestamp>162.398011</timestamp>
			</report>
			<report>
				<misses>509001</misses>
				<total>6</total>
				<timestamp>162.717607</timestamp>
			</report>
			<report>
				<misses>510001</misses>
				<total>6</total>
				<timestamp>163.037399</timestamp>
			</report>
			<report>
				<misses>511001</misses>
				<total>6</total>
				<timestamp>163.356979</timestamp>
			</report>
			<report>
				<misses>512001</misses>
				<total>6</total>
				<timestamp>163.676792</timestamp>
			</report>
			<report>
				<misses>513001</misses>
				<total>6</total>
				<timestamp>163.996434</timestamp>
			</report>
			<report>
				<misses>514001</misses>
				<total>6</total>
				<timestamp>164.316199</timestamp>
			</report>
			<report>
				<misses>515001</misses>
				<total>6</total>
				<timestamp>164.635793</timestamp>
			</report>
			<report>
				<misses>516001</misses>
				<total>6</total>
				<timestamp>164.955389</timestamp>
			</report>
			<report>
				<misses>517001</misses>
				<total>6</total>
				<timestamp>165.275090</timestamp>
			</report>
			<report>
				<misses>518001</misses>
				<total>6</total>
				<timestamp>165.594831</timestamp>
			</report>
			<report>
				<misses>519001</misses>
				<total>6</total>
				<timestamp>165.914512</timestamp>
			</report>
			<report>
				<misses>520001</misses>
				<total>6</total>
				<timestamp>166.234197</timestamp>
			</report>
			<report>
				<misses>521001</misses>
				<total>6</total>
				<timestamp>166.553883</timestamp>
			</report>
			<report>
				<misses>522001</misses>
				<total>6</total>
				<timestamp>166.873464</timestamp>
			</report>
			<report>
				<misses>523001</misses>
				<total>5</total>
				<timestamp>167.193283</timestamp>
			</report>
			<report>
				<misses>524001</misses>
				<total>6</total>
				<timestamp>167.512805</timestamp>
			</report>
			<report>
				<misses>525001</misses>
				<total>6</total>
				<timestamp>167.832505</timestamp>
			</report>
			<report>
				<misses>526001</misses>
				<total>6</total>
				<timestamp>168.152271</timestamp>
			</report>
			<report>
				<misses>527001</misses>
				<total>6</total>
				<timestamp>168.471957</timestamp>
			</report>
			<report>
				<misses>528001</misses>
				<total>6</total>
				<timestamp>168.791559</timestamp>
			</report>
			<report>
				<misses>529001</misses>
				<total>6</total>
				<timestamp>169.111237</timestamp>
			</report>
			<report>
				<misses>530001</misses>
				<total>6</total>
				<timestamp>169.430973</timestamp>
			</report>
			<report>
				<misses>531001</misses>
				<total>6</total>
				<timestamp>169.750662</timestamp>
			</report>
			<report>
				<misses>532001</misses>
				<total>6</total>
				<timestamp>170.070368</timestamp>
			</report>
			<report>
				<misses>533001</misses>
				<total>6</total>
				<timestamp>170.390111</timestamp>
			</report>
			<report>
				<misses>534001</misses>
				<total>6</total>
				<timestamp>170.709737</timestamp>
			</report>
			<report>
				<misses>535001</misses>
				<total>6</total>
				<timestamp>171.029370</timestamp>
			</report>
			<report>
				<misses>536001</misses>
				<total>6</total>
				<timestamp>171.349094</timestamp>
			</report>
			<report>
				<misses>537001</misses>
				<total>6</total>
				<timestamp>171.668775</timestamp>
			</report>
			<report>
				<misses>538001</misses>
				<total>6</total>
				<timestamp>171.988398</timestamp>
			</report>
			<report>
				<misses>539001</misses>
				<total>6</total>
				<timestamp>172.308058</timestamp>
			</report>
			<report>
				<misses>540001</misses>
				<total>6</total>
				<timestamp>172.627831</timestamp>
			</report>
			<report>
				<misses>541001</misses>
				<total>6</total>
				<timestamp>172.947365</timestamp>
			</report>
			<report>
				<misses>542001</misses>
				<total>6</total>
				<timestamp>173.267172</timestamp>
			</report>
			<report>
				<misses>543001</misses>
				<total>5</total>
				<timestamp>173.586855</timestamp>
			</report>
			<report>
				<misses>544001</misses>
				<total>6</total>
				<timestamp>173.906412</timestamp>
			</report>
			<report>
				<misses>545001</misses>
				<total>6</total>
				<timestamp>174.226102</timestamp>
			</report>
			<report>
				<misses>546001</misses>
				<total>6</total>
				<timestamp>174.545777</timestamp>
			</report>
			<report>
				<misses>547001</misses>
				<total>6</total>
				<timestamp>174.865456</timestamp>
			</report>
			<report>
				<misses>548001</misses>
				<total>6</total>
				<timestamp>175.185170</timestamp>
			</report>
			<report>
				<misses>549001</misses>
				<total>5</total>
				<timestamp>175.504895</timestamp>
			</report>
			<report>
				<misses>550001</misses>
				<total>6</total>
				<timestamp>175.824518</timestamp>
			</report>
			<report>
				<misses>551001</misses>
				<total>6</total>
				<timestamp>176.144211</timestamp>
			</report>
			<report>
				<misses>552001</misses>
				<total>6</total>
				<timestamp>176.463871</timestamp>
			</report>
			<report>
				<misses>553001</misses>
				<total>6</total>
				<timestamp>176.783586</timestamp>
			</report>
			<report>
				<misses>554001</misses>
				<total>6</total>
				<timestamp>177.103205</timestamp>
			</report>
			<report>
				<misses>555001</misses>
				<total>6</total>
				<timestamp>177.422902</timestamp>
			</report>
			<report>
				<misses>556001</misses>
				<total>6</total>
				<timestamp>177.742604</timestamp>
			</report>
			<report>
				<misses>557001</misses>
				<total>6</total>
				<timestamp>178.062291</timestamp>
			</report>
			<report>
				<misses>558001</misses>
				<total>6</total>
				<timestamp>178.381919</timestamp>
			</report>
			<report>
				<misses>559001</misses>
				<total>6</total>
				<timestamp>178.701671</timestamp>
			</report>
			<report>
				<misses>560001</misses>
				<total>6</total>
				<timestamp>179.021318</timestamp>
			</report>
			<report>
				<misses>561001</misses>
				<total>6</total>
				<timestamp>179.340974</timestamp>
			</report>
			<report>
				<misses>562001</misses>
				<total>5</total>
				<timestamp>179.660852</timestamp>
			</report>
			<report>
				<misses>563001</misses>
				<total>6</total>
				<timestamp>179.980398</timestamp>
			</report>
			<report>
				<misses>564001</misses>
				<total>6</total>
				<timestamp>180.300077</timestamp>
			</report>
			<report>
				<misses>565001</misses>
				<total>6</total>
				<timestamp>180.619773</timestamp>
			</report>
			<report>
				<misses>566001</misses>
				<total>6</total>
				<timestamp>180.939417</timestamp>
			</report>
			<report>
				<misses>567001</misses>
				<total>6</total>
				<timestamp>181.259181</timestamp>
			</report>
			<report>
				<misses>568001</misses>
				<total>6</total>
				<timestamp>181.578770</timestamp>
			</report>
			<report>
				<misses>569001</misses>
				<total>6</total>
				<timestamp>181.898429</timestamp>
			</report>
			<report>
				<misses>570001</misses>
				<total>5</total>
				<timestamp>182.218216</timestamp>
			</report>
			<report>
				<misses>571001</misses>
				<total>6</total>
				<timestamp>182.537829</timestamp>
			</report>
			<report>
				<misses>572001</misses>
				<total>6</total>
				<timestamp>182.857530</timestamp>
			</report>
			<report>
				<misses>573001</misses>
				<total>6</total>
				<timestamp>183.177173</timestamp>
			</report>
			<report>
				<misses>574001</misses>
				<total>6</total>
				<timestamp>183.496899</timestamp>
			</report>
			<report>
				<misses>575001</misses>
				<total>6</total>
				<timestamp>183.816559</timestamp>
			</report>
			<report>
				<misses>576001</misses>
				<total>6</total>
				<timestamp>184.136302</timestamp>
			</report>
			<report>
				<misses>577001</misses>
				<total>6</total>
				<timestamp>184.455993</timestamp>
			</report>
			<report>
				<misses>578001</misses>
				<total>6</total>
				<timestamp>184.775667</timestamp>
			</report>
			<report>
				<misses>579001</misses>
				<total>6</total>
				<timestamp>185.095375</timestamp>
			</report>
			<report>
				<misses>580001</misses>
				<total>6</total>
				<timestamp>185.415081</timestamp>
			</report>
			<report>
				<misses>581001</misses>
				<total>6</total>
				<timestamp>185.734600</timestamp>
			</report>
			<report>
				<misses>582001</misses>
				<total>6</total>
				<timestamp>186.054281</timestamp>
			</report>
			<report>
				<misses>583001</misses>
				<total>6</total>
				<timestamp>186.373970</timestamp>
			</report>
			<report>
				<misses>584001</misses>
				<total>6</total>
				<timestamp>186.693624</timestamp>
			</report>
			<report>
				<misses>585001</misses>
				<total>6</total>
				<timestamp>187.013315</timestamp>
			</report>
			<report>
				<misses>586001</misses>
				<total>5</total>
				<timestamp>187.333200</timestamp>
			</report>
			<report>
				<misses>587001</misses>
				<total>6</total>
				<timestamp>187.652757</timestamp>
			</report>
			<report>
				<misses>588001</misses>
				<total>6</total>
				<timestamp>187.972375</timestamp>
			</report>
			<report>
				<misses>589001</misses>
				<total>6</total>
				<timestamp>188.292183</timestamp>
			</report>
			<report>
				<misses>590001</misses>
				<total>6</total>
				<timestamp>188.611724</timestamp>
			</report>
			<report>
				<misses>591001</misses>
				<total>6</total>
				<timestamp>188.931530</timestamp>
			</report>
			<report>
				<misses>592001</misses>
				<total>6</total>
				<timestamp>189.251177</timestamp>
			</report>
			<report>
				<misses>593001</misses>
				<total>6</total>
				<timestamp>189.570758</timestamp>
			</report>
			<report>
				<misses>594001</misses>
				<total>6</total>
				<timestamp>189.890501</timestamp>
			</report>
			<report>
				<misses>595001</misses>
				<total>6</total>
				<timestamp>190.210239</timestamp>
			</report>
			<report>
				<misses>596001</misses>
				<total>6</total>
				<timestamp>190.529955</timestamp>
			</report>
			<report>
				<misses>597001</misses>
				<total>6</total>
				<timestamp>190.849465</timestamp>
			</report>
			<report>
				<misses>598001</misses>
				<total>6</total>
				<timestamp>191.169238</timestamp>
			</report>
			<report>
				<misses>599001</misses>
				<total>6</total>
				<timestamp>191.488874</timestamp>
			</report>
			<report>
				<misses>600001</misses>
				<total>6</total>
				<timestamp>191.808654</timestamp>
			</report>
			<report>
				<misses>601001</misses>
				<total>6</total>
				<timestamp>192.128235</timestamp>
			</report>
			<report>
				<misses>602001</misses>
				<total>6</total>
				<timestamp>192.448018</timestamp>
			</report>
			<report>
				<misses>603001</misses>
				<total>6</total>
				<timestamp>192.767623</timestamp>
			</report>
			<report>
				<misses>604001</misses>
				<total>6</total>
				<timestamp>193.087404</timestamp>
			</report>
			<report>
				<misses>605001</misses>
				<total>6</total>
				<timestamp>193.407017</timestamp>
			</report>
			<report>
				<misses>606001</misses>
				<total>6</total>
				<timestamp>193.726684</timestamp>
			</report>
			<report>
				<misses>607001</misses>
				<total>6</total>
				<timestamp>194.046379</timestamp>
			</report>
			<report>
				<misses>608001</misses>
				<total>6</total>
				<timestamp>194.365958</timestamp>
			</report>
			<report>
				<misses>609001</misses>
				<total>6</total>
				<timestamp>194.685708</timestamp>
			</report>
			<report>
				<misses>610001</misses>
				<total>6</total>
				<timestamp>195.005396</timestamp>
			</report>
			<report>
				<misses>611001</misses>
				<total>6</total>
				<timestamp>195.325100</timestamp>
			</report>
			<report>
				<misses>612001</misses>
				<total>6</total>
				<timestamp>195.644674</timestamp>
			</report>
			<report>
				<misses>613001</misses>
				<total>6</total>
				<timestamp>195.964446</timestamp>
			</report>
			<report>
				<misses>614001</misses>
				<total>6</total>
				<timestamp>196.284099</timestamp>
			</report>
			<report>
				<misses>615001</misses>
				<total>6</total>
				<timestamp>196.603688</timestamp>
			</report>
			<report>
				<misses>616001</misses>
				<total>6</total>
				<timestamp>196.923425</timestamp>
			</report>
			<report>
				<misses>617001</misses>
				<total>6</total>
				<timestamp>197.243059</timestamp>
			</report>
			<report>
				<misses>618001</misses>
				<total>5</total>
				<timestamp>197.562831</timestamp>
			</report>
			<report>
				<misses>619001</misses>
				<total>6</total>
				<timestamp>197.882418</timestamp>
			</report>
			<report>
				<misses>620001</misses>
				<total>6</total>
				<timestamp>198.202182</timestamp>
			</report>
			<report>
				<misses>621001</misses>
				<total>6</total>
				<timestamp>198.521802</timestamp>
			</report>
			<report>
				<misses>622001</misses>
				<total>6</total>
				<timestamp>198.841575</timestamp>
			</report>
			<report>
				<misses>623001</misses>
				<total>6</total>
				<timestamp>199.161271</timestamp>
			</report>
			<report>
				<misses>624001</misses>
				<total>6</total>
				<timestamp>199.480908</timestamp>
			</report>
			<report>
				<misses>625001</misses>
				<total>6</total>
				<timestamp>199.800640</timestamp>
			</report>
			<report>
				<misses>626001</misses>
				<total>6</total>
				<timestamp>200.120306</timestamp>
			</report>
			<report>
				<misses>627001</misses>
				<total>6</total>
				<timestamp>200.439890</timestamp>
			</report>
			<report>
				<misses>628001</misses>
				<total>6</total>
				<timestamp>200.759541</timestamp>
			</report>
			<report>
				<misses>629001</misses>
				<total>6</total>
				<timestamp>201.079304</timestamp>
			</report>
			<report>
				<misses>630001</misses>
				<total>6</total>
				<timestamp>201.398965</timestamp>
			</report>
			<report>
				<misses>631001</misses>
				<total>6</total>
				<timestamp>201.718656</timestamp>
			</report>
			<report>
				<misses>632001</misses>
				<total>6</total>
				<timestamp>202.038274</timestamp>
			</report>
			<report>
				<misses>633001</misses>
				<total>6</total>
				<timestamp>202.358006</timestamp>
			</report>
			<report>
				<misses>634001</misses>
				<total>5</total>
				<timestamp>202.677730</timestamp>
			</report>
			<report>
				<misses>635001</misses>
				<total>6</total>
				<timestamp>202.997354</timestamp>
			</report>
			<report>
				<misses>636001</misses>
				<total>6</total>
				<timestamp>203.317081</timestamp>
			</report>
			<report>
				<misses>637001</misses>
				<total>5</total>
				<timestamp>203.636774</timestamp>
			</report>
			<report>
				<misses>638001</misses>
				<total>6</total>
				<timestamp>203.956333</timestamp>
			</report>
			<report>
				<misses>639001</misses>
				<total>6</total>
				<timestamp>204.276034</timestamp>
			</report>
			<report>
				<misses>640001</misses>
				<total>6</total>
				<timestamp>204.595688</timestamp>
			</report>
			<report>
				<misses>641001</misses>
				<total>6</total>
				<timestamp>204.915438</timestamp>
			</report>
			<report>
				<misses>642001</misses>
				<total>6</total>
				<timestamp>205.235065</timestamp>
			</report>
			<report>
				<misses>643001</misses>
				<total>5</total>
				<timestamp>205.554857</timestamp>
			</report>
			<report>
				<misses>644001</misses>
				<total>6</total>
				<timestamp>205.874452</timestamp>
			</report>
			<report>
				<misses>645001</misses>
				<total>6</total>
				<timestamp>206.194156</timestamp>
			</report>
			<report>
				<misses>646001</misses>
				<total>6</total>
				<timestamp>206.513756</timestamp>
			</report>
			<report>
				<misses>647001</misses>
				<total>6</total>
				<timestamp>206.833500</timestamp>
			</report>
			<report>
				<misses>648001</misses>
				<total>6</total>
				<timestamp>207.153139</timestamp>
			</report>
			<report>
				<misses>649001</misses>
				<total>6</total>
				<timestamp>207.472807</timestamp>
			</report>
			<report>
				<misses>650001</misses>
				<total>6</total>
				<timestamp>207.792506</timestamp>
			</report>
			<report>
				<misses>651001</misses>
				<total>6</total>
				<timestamp>208.112254</timestamp>
			</report>
			<report>
				<misses>652001</misses>
				<total>6</total>
				<timestamp>208.431878</timestamp>
			</report>
			<report>
				<misses>653001</misses>
				<total>6</total>
				<timestamp>208.751616</timestamp>
			</report>
			<report>
				<misses>654001</misses>
				<total>7</total>
				<timestamp>209.071264</timestamp>
			</report>
			<report>
				<misses>655001</misses>
				<total>7</total>
				<timestamp>209.391038</timestamp>
			</report>
			<report>
				<misses>656001</misses>
				<total>7</total>
				<timestamp>209.710572</timestamp>
			</report>
			<report>
				<misses>657001</misses>
				<total>7</total>
				<timestamp>210.030288</timestamp>
			</report>
			<report>
				<misses>658001</misses>
				<total>7</total>
				<timestamp>210.349995</timestamp>
			</report>
			<report>
				<misses>659001</misses>
				<total>7</total>
				<timestamp>210.669617</timestamp>
			</report>
			<report>
				<misses>660001</misses>
				<total>7</total>
				<timestamp>210.989295</timestamp>
			</report>
			<report>
				<misses>661001</misses>
				<total>7</total>
				<timestamp>211.309025</timestamp>
			</report>
			<report>
				<misses>662001</misses>
				<total>7</total>
				<timestamp>211.628668</timestamp>
			</report>
			<report>
				<misses>663001</misses>
				<total>7</total>
				<timestamp>211.948390</timestamp>
			</report>
			<report>
				<misses>664001</misses>
				<total>7</total>
				<timestamp>212.268072</timestamp>
			</report>
			<report>
				<misses>665001</misses>
				<total>7</total>
				<timestamp>212.587689</timestamp>
			</report>
			<report>
				<misses>666001</misses>
				<total>7</total>
				<timestamp>212.907363</timestamp>
			</report>
			<report>
				<misses>667001</misses>
				<total>7</total>
				<timestamp>213.227068</timestamp>
			</report>
			<report>
				<misses>668001</misses>
				<total>7</total>
				<timestamp>213.546787</timestamp>
			</report>
			<report>
				<misses>669001</misses>
				<total>7</total>
				<timestamp>213.866436</timestamp>
			</report>
			<report>
				<misses>670001</misses>
				<total>7</total>
				<timestamp>214.186151</timestamp>
			</report>
			<report>
				<misses>671001</misses>
				<total>6</total>
				<timestamp>214.505909</timestamp>
			</report>
			<report>
				<misses>672001</misses>
				<total>7</total>
				<timestamp>214.825488</timestamp>
			</report>
			<report>
				<misses>673001</misses>
				<total>7</total>
				<timestamp>215.145127</timestamp>
			</report>
			<report>
				<misses>674001</misses>
				<total>7</total>
				<timestamp>215.464837</timestamp>
			</report>
			<report>
				<misses>675001</misses>
				<total>7</total>
				<timestamp>215.784545</timestamp>
			</report>
			<report>
				<misses>676001</misses>
				<total>7</total>
				<timestamp>216.104178</timestamp>
			</report>
			<report>
				<misses>677001</misses>
				<total>7</total>
				<timestamp>216.423915</timestamp>
			</report>
			<report>
				<misses>678001</misses>
				<total>7</total>
				<timestamp>216.743526</timestamp>
			</report>
			<report>
				<misses>679001</misses>
				<total>7</total>
				<timestamp>217.063216</timestamp>
			</report>
			<report>
				<misses>680001</misses>
				<total>7</total>
				<timestamp>217.382923</timestamp>
			</report>
			<report>
				<misses>681001</misses>
				<total>7</total>
				<timestamp>217.702605</timestamp>
			</report>
			<report>
				<misses>682001</misses>
				<total>6</total>
				<timestamp>218.022342</timestamp>
			</report>
			<report>
				<misses>683001</misses>
				<total>7</total>
				<timestamp>218.341971</timestamp>
			</report>
			<report>
				<misses>684001</misses>
				<total>7</total>
				<timestamp>218.661602</timestamp>
			</report>
			<report>
				<misses>685001</misses>
				<total>7</total>
				<timestamp>218.981327</timestamp>
			</report>
			<report>
				<misses>686001</misses>
				<total>7</total>
				<timestamp>219.301020</timestamp>
			</report>
			<report>
				<misses>687001</misses>
				<total>6</total>
				<timestamp>219.620797</timestamp>
			</report>
			<report>
				<misses>688001</misses>
				<total>7</total>
				<timestamp>219.940321</timestamp>
			</report>
			<report>
				<misses>689001</misses>
				<total>7</total>
				<timestamp>220.260070</timestamp>
			</report>
			<report>
				<misses>690001</misses>
				<total>6</total>
				<timestamp>220.579800</timestamp>
			</report>
			<report>
				<misses>691001</misses>
				<total>7</total>
				<timestamp>220.899375</timestamp>
			</report>
			<report>
				<misses>692001</misses>
				<total>7</total>
				<timestamp>221.219139</timestamp>
			</report>
			<report>
				<misses>693001</misses>
				<total>7</total>
				<timestamp>221.538727</timestamp>
			</report>
			<report>
				<misses>694001</misses>
				<total>6</total>
				<timestamp>221.858495</timestamp>
			</report>
			<report>
				<misses>695001</misses>
				<total>7</total>
				<timestamp>222.178135</timestamp>
			</report>
			<report>
				<misses>696001</misses>
				<total>7</total>
				<timestamp>222.497791</timestamp>
			</report>
			<report>
				<misses>697001</misses>
				<total>7</total>
				<timestamp>222.817498</timestamp>
			</report>
			<report>
				<misses>698001</misses>
				<total>7</total>
				<timestamp>223.137172</timestamp>
			</report>
			<report>
				<misses>699001</misses>
				<total>6</total>
				<timestamp>223.456918</timestamp>
			</report>
			<report>
				<misses>700001</misses>
				<total>7</total>
				<timestamp>223.776540</timestamp>
			</report>
			<report>
				<misses>701001</misses>
				<total>7</total>
				<timestamp>224.096219</timestamp>
			</report>
			<report>
				<misses>702001</misses>
				<total>7</total>
				<timestamp>224.415903</timestamp>
			</report>
			<report>
				<misses>703001</misses>
				<total>7</total>
				<timestamp>224.735555</timestamp>
			</report>
			<report>
				<misses>704001</misses>
				<total>7</total>
				<timestamp>225.055221</timestamp>
			</report>
			<report>
				<misses>705001</misses>
				<total>7</total>
				<timestamp>225.374907</timestamp>
			</report>
			<report>
				<misses>706001</misses>
				<total>7</total>
				<timestamp>225.694597</timestamp>
			</report>
			<report>
				<misses>707001</misses>
				<total>7</total>
				<timestamp>226.014284</timestamp>
			</report>
			<report>
				<misses>708001</misses>
				<total>7</total>
				<timestamp>226.334036</timestamp>
			</report>
			<report>
				<misses>709001</misses>
				<total>7</total>
				<timestamp>226.653623</timestamp>
			</report>
			<report>
				<misses>710001</misses>
				<total>7</total>
				<timestamp>226.973340</timestamp>
			</report>
			<report>
				<misses>711001</misses>
				<total>7</total>
				<timestamp>227.292975</timestamp>
			</report>
			<report>
				<misses>712001</misses>
				<total>7</total>
				<timestamp>227.612687</timestamp>
			</report>
			<report>
				<misses>713001</misses>
				<total>7</total>
				<timestamp>227.932397</timestamp>
			</report>
			<report>
				<misses>714001</misses>
				<total>7</total>
				<timestamp>228.252035</timestamp>
			</report>
			<report>
				<misses>715001</misses>
				<total>7</total>
				<timestamp>228.571732</timestamp>
			</report>
			<report>
				<misses>716001</misses>
				<total>7</total>
				<timestamp>228.891415</timestamp>
			</report>
			<report>
				<misses>717001</misses>
				<total>7</total>
				<timestamp>229.211051</timestamp>
			</report>
			<report>
				<misses>718001</misses>
				<total>7</total>
				<timestamp>229.530796</timestamp>
			</report>
			<report>
				<misses>719001</misses>
				<total>7</total>
				<timestamp>229.850401</timestamp>
			</report>
			<report>
				<misses>720001</misses>
				<total>7</total>
				<timestamp>230.170132</timestamp>
			</report>
			<report>
				<misses>721001</misses>
				<total>7</total>
				<timestamp>230.489769</timestamp>
			</report>
			<report>
				<misses>722001</misses>
				<total>7</total>
				<timestamp>230.809438</timestamp>
			</report>
			<report>
				<misses>723001</misses>
				<total>7</total>
				<timestamp>231.129122</timestamp>
			</report>
			<report>
				<misses>724001</misses>
				<total>7</total>
				<timestamp>231.448859</timestamp>
			</report>
			<report>
				<misses>725001</misses>
				<total>7</total>
				<timestamp>231.768480</timestamp>
			</report>
			<report>
				<misses>726001</misses>
				<total>7</total>
				<timestamp>232.088288</timestamp>
			</report>
			<report>
				<misses>727001</misses>
				<total>7</total>
				<timestamp>232.407995</timestamp>
			</report>
			<report>
				<misses>728001</misses>
				<total>7</total>
				<timestamp>232.727636</timestamp>
			</report>
			<report>
				<misses>729001</misses>
				<total>7</total>
				<timestamp>233.047216</timestamp>
			</report>
			<report>
				<misses>730001</misses>
				<total>7</total>
				<timestamp>233.366931</timestamp>
			</report>
			<report>
				<misses>731001</misses>
				<total>7</total>
				<timestamp>233.686596</timestamp>
			</report>
			<report>
				<misses>732001</misses>
				<total>7</total>
				<timestamp>234.006297</timestamp>
			</report>
			<report>
				<misses>733001</misses>
				<total>7</total>
				<timestamp>234.325948</timestamp>
			</report>
			<report>
				<misses>734001</misses>
				<total>7</total>
				<timestamp>234.645603</timestamp>
			</report>
			<report>
				<misses>735001</misses>
				<total>7</total>
				<timestamp>234.965389</timestamp>
			</report>
			<report>
				<misses>736001</misses>
				<total>7</total>
				<timestamp>235.285092</timestamp>
			</report>
			<report>
				<misses>737001</misses>
				<total>7</total>
				<timestamp>235.604745</timestamp>
			</report>
			<report>
				<misses>738001</misses>
				<total>7</total>
				<timestamp>235.924402</timestamp>
			</report>
			<report>
				<misses>739001</misses>
				<total>7</total>
				<timestamp>236.244098</timestamp>
			</report>
			<report>
				<misses>740001</misses>
				<total>7</total>
				<timestamp>236.563701</timestamp>
			</report>
			<report>
				<misses>741001</misses>
				<total>7</total>
				<timestamp>236.883395</timestamp>
			</report>
			<report>
				<misses>742001</misses>
				<total>8</total>
				<timestamp>237.203133</timestamp>
			</report>
			<report>
				<misses>743001</misses>
				<total>8</total>
				<timestamp>237.522769</timestamp>
			</report>
			<report>
				<misses>744001</misses>
				<total>8</total>
				<timestamp>237.842433</timestamp>
			</report>
			<report>
				<misses>745001</misses>
				<total>8</total>
				<timestamp>238.162153</timestamp>
			</report>
			<report>
				<misses>746001</misses>
				<total>8</total>
				<timestamp>238.481822</timestamp>
			</report>
			<report>
				<misses>747001</misses>
				<total>8</total>
				<timestamp>238.801516</timestamp>
			</report>
			<report>
				<misses>748001</misses>
				<total>8</total>
				<timestamp>239.121147</timestamp>
			</report>
			<report>
				<misses>749001</misses>
				<total>8</total>
				<timestamp>239.440845</timestamp>
			</report>
			<report>
				<misses>750001</misses>
				<total>7</total>
				<timestamp>239.760584</timestamp>
			</report>
			<report>
				<misses>751001</misses>
				<total>8</total>
				<timestamp>240.080161</timestamp>
			</report>
			<report>
				<misses>752001</misses>
				<total>8</total>
				<timestamp>240.399934</timestamp>
			</report>
			<report>
				<misses>753001</misses>
				<total>8</total>
				<timestamp>240.719532</timestamp>
			</report>
			<report>
				<misses>754001</misses>
				<total>8</total>
				<timestamp>241.039204</timestamp>
			</report>
			<report>
				<misses>755001</misses>
				<total>8</total>
				<timestamp>241.358950</timestamp>
			</report>
			<report>
				<misses>756001</misses>
				<total>8</total>
				<timestamp>241.678655</timestamp>
			</report>
			<report>
				<misses>757001</misses>
				<total>8</total>
				<timestamp>241.998370</timestamp>
			</report>
			<report>
				<misses>758001</misses>
				<total>8</total>
				<timestamp>242.317971</timestamp>
			</report>
			<report>
				<misses>759001</misses>
				<total>8</total>
				<timestamp>242.637696</timestamp>
			</report>
			<report>
				<misses>760001</misses>
				<total>7</total>
				<timestamp>242.957435</timestamp>
			</report>
			<report>
				<misses>761001</misses>
				<total>8</total>
				<timestamp>243.277111</timestamp>
			</report>
			<report>
				<misses>762001</misses>
				<total>8</total>
				<timestamp>243.596719</timestamp>
			</report>
			<report>
				<misses>763001</misses>
				<total>8</total>
				<timestamp>243.916355</timestamp>
			</report>
			<report>
				<misses>764001</misses>
				<total>8</total>
				<timestamp>244.236072</timestamp>
			</report>
			<report>
				<misses>765001</misses>
				<total>8</total>
				<timestamp>244.555781</timestamp>
			</report>
			<report>
				<misses>766001</misses>
				<total>8</total>
				<timestamp>244.875357</timestamp>
			</report>
			<report>
				<misses>767001</misses>
				<total>8</total>
				<timestamp>245.195040</timestamp>
			</report>
			<report>
				<misses>768001</misses>
				<total>8</total>
				<timestamp>245.514755</timestamp>
			</report>
			<report>
				<misses>769001</misses>
				<total>8</total>
				<timestamp>245.834417</timestamp>
			</report>
			<report>
				<misses>770001</misses>
				<total>8</total>
				<timestamp>246.154136</timestamp>
			</report>
			<report>
				<misses>771001</misses>
				<total>8</total>
				<timestamp>246.473787</timestamp>
			</report>
			<report>
				<misses>772001</misses>
				<total>8</total>
				<timestamp>246.793453</timestamp>
			</report>
			<report>
				<misses>773001</misses>
				<total>8</total>
				<timestamp>247.113131</timestamp>
			</report>
			<report>
				<misses>774001</misses>
				<total>8</total>
				<timestamp>247.432888</timestamp>
			</report>
			<report>
				<misses>775001</misses>
				<total>8</total>
				<timestamp>247.752504</timestamp>
			</report>
			<report>
				<misses>776001</misses>
				<total>8</total>
				<timestamp>248.072204</timestamp>
			</report>
			<report>
				<misses>777001</misses>
				<total>7</total>
				<timestamp>248.391954</timestamp>
			</report>
			<report>
				<misses>778001</misses>
				<total>8</total>
				<timestamp>248.711549</timestamp>
			</report>
			<report>
				<misses>779001</misses>
				<total>8</total>
				<timestamp>249.031252</timestamp>
			</report>
			<report>
				<misses>780001</misses>
				<total>7</total>
				<timestamp>249.351011</timestamp>
			</report>
			<report>
				<misses>781001</misses>
				<total>8</total>
				<timestamp>249.670569</timestamp>
			</report>
			<report>
				<misses>782001</misses>
				<total>8</total>
				<timestamp>249.990248</timestamp>
			</report>
			<report>
				<misses>783001</misses>
				<total>8</total>
				<timestamp>250.309936</timestamp>
			</report>
			<report>
				<misses>784001</misses>
				<total>8</total>
				<timestamp>250.629621</timestamp>
			</report>
			<report>
				<misses>785001</misses>
				<total>8</total>
				<timestamp>250.949333</timestamp>
			</report>
			<report>
				<misses>786001</misses>
				<total>8</total>
				<timestamp>251.268975</timestamp>
			</report>
			<report>
				<misses>787001</misses>
				<total>8</total>
				<timestamp>251.588709</timestamp>
			</report>
			<report>
				<misses>788001</misses>
				<total>8</total>
				<timestamp>251.908330</timestamp>
			</report>
			<report>
				<misses>789001</misses>
				<total>8</total>
				<timestamp>252.228023</timestamp>
			</report>
			<report>
				<misses>790001</misses>
				<total>8</total>
				<timestamp>252.547728</timestamp>
			</report>
			<report>
				<misses>791001</misses>
				<total>8</total>
				<timestamp>252.867383</timestamp>
			</report>
			<report>
				<misses>792001</misses>
				<total>8</total>
				<timestamp>253.187046</timestamp>
			</report>
			<report>
				<misses>793001</misses>
				<total>8</total>
				<timestamp>253.506759</timestamp>
			</report>
			<report>
				<misses>794001</misses>
				<total>8</total>
				<timestamp>253.826434</timestamp>
			</report>
			<report>
				<misses>795001</misses>
				<total>8</total>
				<timestamp>254.146189</timestamp>
			</report>
			<report>
				<misses>796001</misses>
				<total>7</total>
				<timestamp>254.465973</timestamp>
			</report>
			<report>
				<misses>797001</misses>
				<total>8</total>
				<timestamp>254.785438</timestamp>
			</report>
			<report>
				<misses>798001</misses>
				<total>8</total>
				<timestamp>255.105153</timestamp>
			</report>
			<report>
				<misses>799001</misses>
				<total>8</total>
				<timestamp>255.424876</timestamp>
			</report>
			<report>
				<misses>800001</misses>
				<total>8</total>
				<timestamp>255.744536</timestamp>
			</report>
			<report>
				<misses>801001</misses>
				<total>8</total>
				<timestamp>256.064208</timestamp>
			</report>
			<report>
				<misses>802001</misses>
				<total>9</total>
				<timestamp>256.384015</timestamp>
			</report>
			<report>
				<misses>803001</misses>
				<total>9</total>
				<timestamp>256.703559</timestamp>
			</report>
			<report>
				<misses>804001</misses>
				<total>9</total>
				<timestamp>257.023347</timestamp>
			</report>
			<report>
				<misses>805001</misses>
				<total>9</total>
				<timestamp>257.343027</timestamp>
			</report>
			<report>
				<misses>806001</misses>
				<total>8</total>
				<timestamp>257.662762</timestamp>
			</report>
			<report>
				<misses>807001</misses>
				<total>9</total>
				<timestamp>257.982318</timestamp>
			</report>
			<report>
				<misses>808001</misses>
				<total>9</total>
				<timestamp>258.301932</timestamp>
			</report>
			<report>
				<misses>809001</misses>
				<total>9</total>
				<timestamp>258.621640</timestamp>
			</report>
			<report>
				<misses>810001</misses>
				<total>9</total>
				<timestamp>258.941331</timestamp>
			</report>
			<report>
				<misses>811001</misses>
				<total>9</total>
				<timestamp>259.260964</timestamp>
			</report>
			<report>
				<misses>812001</misses>
				<total>9</total>
				<timestamp>259.580674</timestamp>
			</report>
			<report>
				<misses>813001</misses>
				<total>9</total>
				<timestamp>259.900327</timestamp>
			</report>
			<report>
				<misses>814001</misses>
				<total>9</total>
				<timestamp>260.220031</timestamp>
			</report>
			<report>
				<misses>815001</misses>
				<total>9</total>
				<timestamp>260.539720</timestamp>
			</report>
			<report>
				<misses>816001</misses>
				<total>9</total>
				<timestamp>260.859387</timestamp>
			</report>
			<report>
				<misses>817001</misses>
				<total>9</total>
				<timestamp>261.179045</timestamp>
			</report>
			<report>
				<misses>818001</misses>
				<total>9</total>
				<timestamp>261.498803</timestamp>
			</report>
			<report>
				<misses>819001</misses>
				<total>9</total>
				<timestamp>261.818474</timestamp>
			</report>
			<report>
				<misses>820001</misses>
				<total>9</total>
				<timestamp>262.138131</timestamp>
			</report>
			<report>
				<misses>821001</misses>
				<total>9</total>
				<timestamp>262.457777</timestamp>
			</report>
			<report>
				<misses>822001</misses>
				<total>9</total>
				<timestamp>262.777528</timestamp>
			</report>
			<report>
				<misses>823001</misses>
				<total>8</total>
				<timestamp>263.097232</timestamp>
			</report>
			<report>
				<misses>824001</misses>
				<total>8</total>
				<timestamp>263.416924</timestamp>
			</report>
			<report>
				<misses>825001</misses>
				<total>9</total>
				<timestamp>263.736560</timestamp>
			</report>
			<report>
				<misses>826001</misses>
				<total>9</total>
				<timestamp>264.056196</timestamp>
			</report>
			<report>
				<misses>827001</misses>
				<total>9</total>
				<timestamp>264.375861</timestamp>
			</report>
			<report>
				<misses>828001</misses>
				<total>9</total>
				<timestamp>264.695625</timestamp>
			</report>
			<report>
				<misses>829001</misses>
				<total>9</total>
				<timestamp>265.015231</timestamp>
			</report>
			<report>
				<misses>830001</misses>
				<total>9</total>
				<timestamp>265.335022</timestamp>
			</report>
			<report>
				<misses>831001</misses>
				<total>9</total>
				<timestamp>265.654681</timestamp>
			</report>
			<report>
				<misses>832001</misses>
				<total>9</total>
				<timestamp>265.974299</timestamp>
			</report>
			<report>
				<misses>833001</misses>
				<total>9</total>
				<timestamp>266.293980</timestamp>
			</report>
			<report>
				<misses>834001</misses>
				<total>9</total>
				<timestamp>266.613627</timestamp>
			</report>
			<report>
				<misses>835001</misses>
				<total>9</total>
				<timestamp>266.933291</timestamp>
			</report>
			<report>
				<misses>836001</misses>
				<total>9</total>
				<timestamp>267.252974</timestamp>
			</report>
			<report>
				<misses>837001</misses>
				<total>9</total>
				<timestamp>267.572671</timestamp>
			</report>
			<report>
				<misses>838001</misses>
				<total>9</total>
				<timestamp>267.892399</timestamp>
			</report>
			<report>
				<misses>839001</misses>
				<total>8</total>
				<timestamp>268.212126</timestamp>
			</report>
			<report>
				<misses>840001</misses>
				<total>9</total>
				<timestamp>268.531751</timestamp>
			</report>
			<report>
				<misses>841001</misses>
				<total>9</total>
				<timestamp>268.851355</timestamp>
			</report>
			<report>
				<misses>842001</misses>
				<total>8</total>
				<timestamp>269.171164</timestamp>
			</report>
			<report>
				<misses>843001</misses>
				<total>9</total>
				<timestamp>269.490788</timestamp>
			</report>
			<report>
				<misses>844001</misses>
				<total>9</total>
				<timestamp>269.810418</timestamp>
			</report>
			<report>
				<misses>845001</misses>
				<total>9</total>
				<timestamp>270.130141</timestamp>
			</report>
			<report>
				<misses>846001</misses>
				<total>9</total>
				<timestamp>270.449761</timestamp>
			</report>
			<report>
				<misses>847001</misses>
				<total>9</total>
				<timestamp>270.769456</timestamp>
			</report>
			<report>
				<misses>848001</misses>
				<total>9</total>
				<timestamp>271.089152</timestamp>
			</report>
			<report>
				<misses>849001</misses>
				<total>9</total>
				<timestamp>271.408896</timestamp>
			</report>
			<report>
				<misses>850001</misses>
				<total>9</total>
				<timestamp>271.728548</timestamp>
			</report>
			<report>
				<misses>851001</misses>
				<total>9</total>
				<timestamp>272.048162</timestamp>
			</report>
			<report>
				<misses>852001</misses>
				<total>9</total>
				<timestamp>272.367836</timestamp>
			</report>
			<report>
				<misses>853001</misses>
				<total>9</total>
				<timestamp>272.687553</timestamp>
			</report>
			<report>
				<misses>854001</misses>
				<total>9</total>
				<timestamp>273.007234</timestamp>
			</report>
			<report>
				<misses>855001</misses>
				<total>9</total>
				<timestamp>273.326944</timestamp>
			</report>
			<report>
				<misses>856001</misses>
				<total>9</total>
				<timestamp>273.646647</timestamp>
			</report>
			<report>
				<misses>857001</misses>
				<total>9</total>
				<timestamp>273.966295</timestamp>
			</report>
			<report>
				<misses>858001</misses>
				<total>9</total>
				<timestamp>274.285940</timestamp>
			</report>
			<report>
				<misses>859001</misses>
				<total>9</total>
				<timestamp>274.605631</timestamp>
			</report>
			<report>
				<misses>860001</misses>
				<total>9</total>
				<timestamp>274.925337</timestamp>
			</report>
			<report>
				<misses>861001</misses>
				<total>9</total>
				<timestamp>275.245012</timestamp>
			</report>
			<report>
				<misses>862001</misses>
				<total>8</total>
				<timestamp>275.564757</timestamp>
			</report>
			<report>
				<misses>863001</misses>
				<total>8</total>
				<timestamp>275.884451</timestamp>
			</report>
			<report>
				<misses>864001</misses>
				<total>9</total>
				<timestamp>276.204173</timestamp>
			</report>
			<report>
				<misses>865001</misses>
				<total>8</total>
				<timestamp>276.523889</timestamp>
			</report>
			<report>
				<misses>866001</misses>
				<total>9</total>
				<timestamp>276.843376</timestamp>
			</report>
			<report>
				<misses>867001</misses>
				<total>9</total>
				<timestamp>277.163071</timestamp>
			</report>
			<report>
				<misses>868001</misses>
				<total>9</total>
				<timestamp>277.482790</timestamp>
			</report>
			<report>
				<misses>869001</misses>
				<total>9</total>
				<timestamp>277.802554</timestamp>
			</report>
			<report>
				<misses>870001</misses>
				<total>9</total>
				<timestamp>278.122197</timestamp>
			</report>
			<report>
				<misses>871001</misses>
				<total>9</total>
				<timestamp>278.441763</timestamp>
			</report>
			<report>
				<misses>872001</misses>
				<total>9</total>
				<timestamp>278.761541</timestamp>
			</report>
			<report>
				<misses>873001</misses>
				<total>9</total>
				<timestamp>279.081271</timestamp>
			</report>
			<report>
				<misses>874001</misses>
				<total>9</total>
				<timestamp>279.400884</timestamp>
			</report>
			<report>
				<misses>875001</misses>
				<total>9</total>
				<timestamp>279.720570</timestamp>
			</report>
			<report>
				<misses>876001</misses>
				<total>9</total>
				<timestamp>280.040287</timestamp>
			</report>
			<report>
				<misses>877001</misses>
				<total>9</total>
				<timestamp>280.359960</timestamp>
			</report>
			<report>
				<misses>878001</misses>
				<total>9</total>
				<timestamp>280.679563</timestamp>
			</report>
			<report>
				<misses>879001</misses>
				<total>9</total>
				<timestamp>280.999233</timestamp>
			</report>
			<report>
				<misses>880001</misses>
				<total>9</total>
				<timestamp>281.318944</timestamp>
			</report>
			<report>
				<misses>881001</misses>
				<total>9</total>
				<timestamp>281.638718</timestamp>
			</report>
			<report>
				<misses>882001</misses>
				<total>9</total>
				<timestamp>281.958291</timestamp>
			</report>
			<report>
				<misses>883001</misses>
				<total>9</total>
				<timestamp>282.278001</timestamp>
			</report>
			<report>
				<misses>884001</misses>
				<total>9</total>
				<timestamp>282.597668</timestamp>
			</report>
			<report>
				<misses>885001</misses>
				<total>9</total>
				<timestamp>282.917403</timestamp>
			</report>
			<report>
				<misses>886001</misses>
				<total>9</total>
				<timestamp>283.236966</timestamp>
			</report>
			<report>
				<misses>887001</misses>
				<total>9</total>
				<timestamp>283.556749</timestamp>
			</report>
			<report>
				<misses>888001</misses>
				<total>9</total>
				<timestamp>283.876428</timestamp>
			</report>
			<report>
				<misses>889001</misses>
				<total>9</total>
				<timestamp>284.196096</timestamp>
			</report>
			<report>
				<misses>890001</misses>
				<total>9</total>
				<timestamp>284.515857</timestamp>
			</report>
			<report>
				<misses>891001</misses>
				<total>9</total>
				<timestamp>284.835586</timestamp>
			</report>
			<report>
				<misses>892001</misses>
				<total>9</total>
				<timestamp>285.155081</timestamp>
			</report>
			<report>
				<misses>893001</misses>
				<total>9</total>
				<timestamp>285.474756</timestamp>
			</report>
			<report>
				<misses>894001</misses>
				<total>9</total>
				<timestamp>285.794473</timestamp>
			</report>
			<report>
				<misses>895001</misses>
				<total>9</total>
				<timestamp>286.114109</timestamp>
			</report>
			<report>
				<misses>896001</misses>
				<total>9</total>
				<timestamp>286.433745</timestamp>
			</report>
			<report>
				<misses>897001</misses>
				<total>9</total>
				<timestamp>286.753461</timestamp>
			</report>
			<report>
				<misses>898001</misses>
				<total>9</total>
				<timestamp>287.073124</timestamp>
			</report>
			<report>
				<misses>899001</misses>
				<total>9</total>
				<timestamp>287.392879</timestamp>
			</report>
			<report>
				<misses>900001</misses>
				<total>9</total>
				<timestamp>287.712515</timestamp>
			</report>
			<report>
				<misses>901001</misses>
				<total>9</total>
				<timestamp>288.032175</timestamp>
			</report>
			<report>
				<misses>902001</misses>
				<total>9</total>
				<timestamp>288.351897</timestamp>
			</report>
			<report>
				<misses>903001</misses>
				<total>9</total>
				<timestamp>288.671600</timestamp>
			</report>
			<report>
				<misses>904001</misses>
				<total>9</total>
				<timestamp>288.991208</timestamp>
			</report>
			<report>
				<misses>905001</misses>
				<total>9</total>
				<timestamp>289.310885</timestamp>
			</report>
			<report>
				<misses>906001</misses>
				<total>9</total>
				<timestamp>289.630622</timestamp>
			</report>
			<report>
				<misses>907001</misses>
				<total>9</total>
				<timestamp>289.950320</timestamp>
			</report>
			<report>
				<misses>908001</misses>
				<total>9</total>
				<timestamp>290.269938</timestamp>
			</report>
			<report>
				<misses>909001</misses>
				<total>8</total>
				<timestamp>290.589798</timestamp>
			</report>
			<report>
				<misses>910001</misses>
				<total>9</total>
				<timestamp>290.909453</timestamp>
			</report>
			<report>
				<misses>911001</misses>
				<total>9</total>
				<timestamp>291.229063</timestamp>
			</report>
			<report>
				<misses>912001</misses>
				<total>9</total>
				<timestamp>291.548846</timestamp>
			</report>
			<report>
				<misses>913001</misses>
				<total>9</total>
				<timestamp>291.868407</timestamp>
			</report>
			<report>
				<misses>914001</misses>
				<total>9</total>
				<timestamp>292.188125</timestamp>
			</report>
			<report>
				<misses>915001</misses>
				<total>9</total>
				<timestamp>292.507777</timestamp>
			</report>
			<report>
				<misses>916001</misses>
				<total>9</total>
				<timestamp>292.827533</timestamp>
			</report>
			<report>
				<misses>917001</misses>
				<total>9</total>
				<timestamp>293.147158</timestamp>
			</report>
			<report>
				<misses>918001</misses>
				<total>9</total>
				<timestamp>293.466843</timestamp>
			</report>
			<report>
				<misses>919001</misses>
				<total>9</total>
				<timestamp>293.786528</timestamp>
			</report>
			<report>
				<misses>920001</misses>
				<total>9</total>
				<timestamp>294.106248</timestamp>
			</report>
			<report>
				<misses>921001</misses>
				<total>9</total>
				<timestamp>294.425885</timestamp>
			</report>
			<report>
				<misses>922001</misses>
				<total>9</total>
				<timestamp>294.745588</timestamp>
			</report>
			<report>
				<misses>923001</misses>
				<total>9</total>
				<timestamp>295.065315</timestamp>
			</report>
			<report>
				<misses>924001</misses>
				<total>9</total>
				<timestamp>295.384924</timestamp>
			</report>
			<report>
				<misses>925001</misses>
				<total>9</total>
				<timestamp>295.704592</timestamp>
			</report>
			<report>
				<misses>926001</misses>
				<total>9</total>
				<timestamp>296.024169</timestamp>
			</report>
			<report>
				<misses>927001</misses>
				<total>9</total>
				<timestamp>296.343955</timestamp>
			</report>
			<report>
				<misses>928001</misses>
				<total>9</total>
				<timestamp>296.663653</timestamp>
			</report>
			<report>
				<misses>929001</misses>
				<total>9</total>
				<timestamp>296.983282</timestamp>
			</report>
			<report>
				<misses>930001</misses>
				<total>9</total>
				<timestamp>297.303007</timestamp>
			</report>
			<report>
				<misses>931001</misses>
				<total>9</total>
				<timestamp>297.622749</timestamp>
			</report>
			<report>
				<misses>932001</misses>
				<total>9</total>
				<timestamp>297.942248</timestamp>
			</report>
			<report>
				<misses>933001</misses>
				<total>9</total>
				<timestamp>298.262051</timestamp>
			</report>
			<report>
				<misses>934001</misses>
				<total>8</total>
				<timestamp>298.581784</timestamp>
			</report>
			<report>
				<misses>935001</misses>
				<total>9</total>
				<timestamp>298.901407</timestamp>
			</report>
			<report>
				<misses>936001</misses>
				<total>9</total>
				<timestamp>299.221075</timestamp>
			</report>
			<report>
				<misses>937001</misses>
				<total>9</total>
				<timestamp>299.540766</timestamp>
			</report>
			<report>
				<misses>938001</misses>
				<total>9</total>
				<timestamp>299.860502</timestamp>
			</report>
			<report>
				<misses>939001</misses>
				<total>9</total>
				<timestamp>300.180110</timestamp>
			</report>
			<report>
				<misses>940001</misses>
				<total>8</total>
				<timestamp>300.499783</timestamp>
			</report>
			<report>
				<misses>941001</misses>
				<total>9</total>
				<timestamp>300.819452</timestamp>
			</report>
			<report>
				<misses>942001</misses>
				<total>9</total>
				<timestamp>301.139056</timestamp>
			</report>
			<report>
				<misses>943001</misses>
				<total>9</total>
				<timestamp>301.458721</timestamp>
			</report>
			<report>
				<misses>944001</misses>
				<total>9</total>
				<timestamp>301.778440</timestamp>
			</report>
			<report>
				<misses>945001</misses>
				<total>9</total>
				<timestamp>302.098092</timestamp>
			</report>
			<report>
				<misses>946001</misses>
				<total>9</total>
				<timestamp>302.417800</timestamp>
			</report>
			<report>
				<misses>947001</misses>
				<total>9</total>
				<timestamp>302.737494</timestamp>
			</report>
			<report>
				<misses>948001</misses>
				<total>8</total>
				<timestamp>303.057230</timestamp>
			</report>
			<report>
				<misses>949001</misses>
				<total>9</total>
				<timestamp>303.376872</timestamp>
			</report>
			<report>
				<misses>950001</misses>
				<total>8</total>
				<timestamp>303.696701</timestamp>
			</report>
			<report>
				<misses>951001</misses>
				<total>9</total>
				<timestamp>304.016237</timestamp>
			</report>
			<report>
				<misses>952001</misses>
				<total>9</total>
				<timestamp>304.335908</timestamp>
			</report>
			<report>
				<misses>953001</misses>
				<total>9</total>
				<timestamp>304.655543</timestamp>
			</report>
			<report>
				<misses>954001</misses>
				<total>9</total>
				<timestamp>304.975261</timestamp>
			</report>
			<report>
				<misses>955001</misses>
				<total>9</total>
				<timestamp>305.294922</timestamp>
			</report>
			<report>
				<misses>956001</misses>
				<total>9</total>
				<timestamp>305.614590</timestamp>
			</report>
			<report>
				<misses>957001</misses>
				<total>9</total>
				<timestamp>305.934244</timestamp>
			</report>
			<report>
				<misses>958001</misses>
				<total>9</total>
				<timestamp>306.253957</timestamp>
			</report>
			<report>
				<misses>959001</misses>
				<total>9</total>
				<timestamp>306.573628</timestamp>
			</report>
			<report>
				<misses>960001</misses>
				<total>9</total>
				<timestamp>306.893340</timestamp>
			</report>
			<report>
				<misses>961001</misses>
				<total>9</total>
				<timestamp>307.213011</timestamp>
			</report>
			<report>
				<misses>962001</misses>
				<total>9</total>
				<timestamp>307.532758</timestamp>
			</report>
			<report>
				<misses>963001</misses>
				<total>9</total>
				<timestamp>307.852445</timestamp>
			</report>
			<report>
				<misses>964001</misses>
				<total>9</total>
				<timestamp>308.172044</timestamp>
			</report>
			<report>
				<misses>965001</misses>
				<total>9</total>
				<timestamp>308.491839</timestamp>
			</report>
			<report>
				<misses>966001</misses>
				<total>9</total>
				<timestamp>308.811390</timestamp>
			</report>
			<report>
				<misses>967001</misses>
				<total>9</total>
				<timestamp>309.131100</timestamp>
			</report>
			<report>
				<misses>968001</misses>
				<total>9</total>
				<timestamp>309.450760</timestamp>
			</report>
			<report>
				<misses>969001</misses>
				<total>9</total>
				<timestamp>309.770406</timestamp>
			</report>
			<report>
				<misses>970001</misses>
				<total>9</total>
				<timestamp>310.090087</timestamp>
			</report>
			<report>
				<misses>971001</misses>
				<total>9</total>
				<timestamp>310.409779</timestamp>
			</report>
			<report>
				<misses>972001</misses>
				<total>9</total>
				<timestamp>310.729478</timestamp>
			</report>
			<report>
				<misses>973001</misses>
				<total>9</total>
				<timestamp>311.049120</timestamp>
			</report>
			<report>
				<misses>974001</misses>
				<total>9</total>
				<timestamp>311.368805</timestamp>
			</report>
			<report>
				<misses>975001</misses>
				<total>9</total>
				<timestamp>311.688620</timestamp>
			</report>
			<report>
				<misses>976001</misses>
				<total>9</total>
				<timestamp>312.008180</timestamp>
			</report>
			<report>
				<misses>977001</misses>
				<total>9</total>
				<timestamp>312.327983</timestamp>
			</report>
			<report>
				<misses>978001</misses>
				<total>9</total>
				<timestamp>312.647664</timestamp>
			</report>
			<report>
				<misses>979001</misses>
				<total>9</total>
				<timestamp>312.967339</timestamp>
			</report>
			<report>
				<misses>980001</misses>
				<total>9</total>
				<timestamp>313.286903</timestamp>
			</report>
			<report>
				<misses>981001</misses>
				<total>9</total>
				<timestamp>313.606698</timestamp>
			</report>
			<report>
				<misses>982001</misses>
				<total>9</total>
				<timestamp>313.926324</timestamp>
			</report>
			<report>
				<misses>983001</misses>
				<total>9</total>
				<timestamp>314.246061</timestamp>
			</report>
			<report>
				<misses>984001</misses>
				<total>9</total>
				<timestamp>314.565622</timestamp>
			</report>
			<report>
				<misses>985001</misses>
				<total>9</total>
				<timestamp>314.885432</timestamp>
			</report>
			<report>
				<misses>986001</misses>
				<total>9</total>
				<timestamp>315.205099</timestamp>
			</report>
			<report>
				<misses>987001</misses>
				<total>9</total>
				<timestamp>315.524786</timestamp>
			</report>
			<report>
				<misses>988001</misses>
				<total>9</total>
				<timestamp>315.844459</timestamp>
			</report>
			<report>
				<misses>989001</misses>
				<total>9</total>
				<timestamp>316.164141</timestamp>
			</report>
			<report>
				<misses>990001</misses>
				<total>8</total>
				<timestamp>316.483823</timestamp>
			</report>
			<report>
				<misses>991001</misses>
				<total>9</total>
				<timestamp>316.803503</timestamp>
			</report>
			<report>
				<misses>992001</misses>
				<total>9</total>
				<timestamp>317.123183</timestamp>
			</report>
			<report>
				<misses>993001</misses>
				<total>8</total>
				<timestamp>317.442863</timestamp>
			</report>
			<report>
				<misses>994001</misses>
				<total>9</total>
				<timestamp>317.762599</timestamp>
			</report>
			<report>
				<misses>995001</misses>
				<total>9</total>
				<timestamp>318.082212</timestamp>
			</report>
			<report>
				<misses>996001</misses>
				<total>9</total>
				<timestamp>318.401778</timestamp>
			</report>
			<report>
				<misses>997001</misses>
				<total>9</total>
				<timestamp>318.721644</timestamp>
			</report>
			<report>
				<misses>998001</misses>
				<total>9</total>
				<timestamp>319.041139</timestamp>
			</report>
			<report>
				<misses>999001</misses>
				<total>9</total>
				<timestamp>319.360825</timestamp>
			</report>
			<report>
				<misses>1000001</misses>
				<total>9</total>
				<timestamp>319.680657</timestamp>
			</report>
			<report>
				<misses>1001001</misses>
				<total>9</total>
				<timestamp>320.000303</timestamp>
			</report>
			<report>
				<misses>1002001</misses>
				<total>8</total>
				<timestamp>320.320024</timestamp>
			</report>
			<report>
				<misses>1003001</misses>
				<total>9</total>
				<timestamp>320.639625</timestamp>
			</report>
			<report>
				<misses>1004001</misses>
				<total>9</total>
				<timestamp>320.959256</timestamp>
			</report>
			<report>
				<misses>1005001</misses>
				<total>9</total>
				<timestamp>321.278906</timestamp>
			</report>
			<report>
				<misses>1006001</misses>
				<total>9</total>
				<timestamp>321.598708</timestamp>
			</report>
			<report>
				<misses>1007001</misses>
				<total>9</total>
				<timestamp>321.918396</timestamp>
			</report>
			<report>
				<misses>1008001</misses>
				<total>9</total>
				<timestamp>322.238067</timestamp>
			</report>
			<report>
				<misses>1009001</misses>
				<total>9</total>
				<timestamp>322.557743</timestamp>
			</report>
			<report>
				<misses>1010001</misses>
				<total>9</total>
				<timestamp>322.877298</timestamp>
			</report>
			<report>
				<misses>1011001</misses>
				<total>9</total>
				<timestamp>323.197107</timestamp>
			</report>
			<report>
				<misses>1012001</misses>
				<total>9</total>
				<timestamp>323.516661</timestamp>
			</report>
			<report>
				<misses>1013001</misses>
				<total>9</total>
				<timestamp>323.836464</timestamp>
			</report>
			<report>
				<misses>1014001</misses>
				<total>9</total>
				<timestamp>324.156071</timestamp>
			</report>
			<report>
				<misses>1015001</misses>
				<total>9</total>
				<timestamp>324.475799</timestamp>
			</report>
			<report>
				<misses>1016001</misses>
				<total>8</total>
				<timestamp>324.795518</timestamp>
			</report>
			<report>
				<misses>1017001</misses>
				<total>9</total>
				<timestamp>325.115092</timestamp>
			</report>
			<report>
				<misses>1018001</misses>
				<total>9</total>
				<timestamp>325.434792</timestamp>
			</report>
			<report>
				<misses>1019001</misses>
				<total>9</total>
				<timestamp>325.754565</timestamp>
			</report>
			<report>
				<misses>1020001</misses>
				<total>9</total>
				<timestamp>326.074197</timestamp>
			</report>
			<report>
				<misses>1021001</misses>
				<total>9</total>
				<timestamp>326.393903</timestamp>
			</report>
			<report>
				<misses>1022001</misses>
				<total>9</total>
				<timestamp>326.713461</timestamp>
			</report>
			<report>
				<misses>1023001</misses>
				<total>9</total>
				<timestamp>327.033266</timestamp>
			</report>
			<report>
				<misses>1024001</misses>
				<total>9</total>
				<timestamp>327.352943</timestamp>
			</report>
			<report>
				<misses>1025001</misses>
				<total>9</total>
				<timestamp>327.672574</timestamp>
			</report>
			<report>
				<misses>1026001</misses>
				<total>9</total>
				<timestamp>327.992276</timestamp>
			</report>
			<report>
				<misses>1027001</misses>
				<total>9</total>
				<timestamp>328.311958</timestamp>
			</report>
			<report>
				<misses>1028001</misses>
				<total>9</total>
				<timestamp>328.631552</timestamp>
			</report>
			<report>
				<misses>1029001</misses>
				<total>9</total>
				<timestamp>328.951304</timestamp>
			</report>
			<report>
				<misses>1030001</misses>
				<total>9</total>
				<timestamp>329.271025</timestamp>
			</report>
			<report>
				<misses>1031001</misses>
				<total>9</total>
				<timestamp>329.590597</timestamp>
			</report>
			<report>
				<misses>1032001</misses>
				<total>9</total>
				<timestamp>329.910346</timestamp>
			</report>
			<report>
				<misses>1033001</misses>
				<total>9</total>
				<timestamp>330.230041</timestamp>
			</report>
			<report>
				<misses>1034001</misses>
				<total>9</total>
				<timestamp>330.549761</timestamp>
			</report>
			<report>
				<misses>1035001</misses>
				<total>9</total>
				<timestamp>330.869371</timestamp>
			</report>
			<report>
				<misses>1036001</misses>
				<total>9</total>
				<timestamp>331.189140</timestamp>
			</report>
			<report>
				<misses>1037001</misses>
				<total>9</total>
				<timestamp>331.508771</timestamp>
			</report>
			<report>
				<misses>1038001</misses>
				<total>9</total>
				<timestamp>331.828396</timestamp>
			</report>
			<report>
				<misses>1039001</misses>
				<total>9</total>
				<timestamp>332.148131</timestamp>
			</report>
			<report>
				<misses>1040001</misses>
				<total>9</total>
				<timestamp>332.467763</timestamp>
			</report>
			<report>
				<misses>1041001</misses>
				<total>8</total>
				<timestamp>332.787508</timestamp>
			</report>
			<report>
				<misses>1042001</misses>
				<total>9</total>
				<timestamp>333.107116</timestamp>
			</report>
			<report>
				<misses>1043001</misses>
				<total>9</total>
				<timestamp>333.426799</timestamp>
			</report>
			<report>
				<misses>1044001</misses>
				<total>9</total>
				<timestamp>333.746500</timestamp>
			</report>
			<report>
				<misses>1045001</misses>
				<total>9</total>
				<timestamp>334.066152</timestamp>
			</report>
			<report>
				<misses>1046001</misses>
				<total>9</total>
				<timestamp>334.385898</timestamp>
			</report>
			<report>
				<misses>1047001</misses>
				<total>9</total>
				<timestamp>334.705488</timestamp>
			</report>
			<report>
				<misses>1048001</misses>
				<total>9</total>
				<timestamp>335.025287</timestamp>
			</report>
			<report>
				<misses>1049001</misses>
				<total>9</total>
				<timestamp>335.344929</timestamp>
			</report>
			<report>
				<misses>1050001</misses>
				<total>9</total>
				<timestamp>335.664522</timestamp>
			</report>
			<report>
				<misses>1051001</misses>
				<total>9</total>
				<timestamp>335.984352</timestamp>
			</report>
			<report>
				<misses>1052001</misses>
				<total>9</total>
				<timestamp>336.303973</timestamp>
			</report>
			<report>
				<misses>1053001</misses>
				<total>9</total>
				<timestamp>336.623637</timestamp>
			</report>
			<report>
				<misses>1054001</misses>
				<total>9</total>
				<timestamp>336.943311</timestamp>
			</report>
			<report>
				<misses>1055001</misses>
				<total>9</total>
				<timestamp>337.262947</timestamp>
			</report>
			<report>
				<misses>1056001</misses>
				<total>9</total>
				<timestamp>337.582670</timestamp>
			</report>
			<report>
				<misses>1057001</misses>
				<total>9</total>
				<timestamp>337.902411</timestamp>
			</report>
			<report>
				<misses>1058001</misses>
				<total>8</total>
				<timestamp>338.222152</timestamp>
			</report>
			<report>
				<misses>1059001</misses>
				<total>9</total>
				<timestamp>338.541663</timestamp>
			</report>
			<report>
				<misses>1060001</misses>
				<total>9</total>
				<timestamp>338.861345</timestamp>
			</report>
			<report>
				<misses>1061001</misses>
				<total>9</total>
				<timestamp>339.181083</timestamp>
			</report>
			<report>
				<misses>1062001</misses>
				<total>9</total>
				<timestamp>339.500788</timestamp>
			</report>
			<report>
				<misses>1063001</misses>
				<total>9</total>
				<timestamp>339.820427</timestamp>
			</report>
			<report>
				<misses>1064001</misses>
				<total>9</total>
				<timestamp>340.140148</timestamp>
			</report>
			<report>
				<misses>1065001</misses>
				<total>9</total>
				<timestamp>340.459779</timestamp>
			</report>
			<report>
				<misses>1066001</misses>
				<total>9</total>
				<timestamp>340.779494</timestamp>
			</report>
			<report>
				<misses>1067001</misses>
				<total>8</total>
				<timestamp>341.099250</timestamp>
			</report>
			<report>
				<misses>1068001</misses>
				<total>9</total>
				<timestamp>341.418769</timestamp>
			</report>
			<report>
				<misses>1069001</misses>
				<total>9</total>
				<timestamp>341.738489</timestamp>
			</report>
			<report>
				<misses>1070001</misses>
				<total>9</total>
				<timestamp>342.058168</timestamp>
			</report>
			<report>
				<misses>1071001</misses>
				<total>9</total>
				<timestamp>342.377807</timestamp>
			</report>
			<report>
				<misses>1072001</misses>
				<total>9</total>
				<timestamp>342.697598</timestamp>
			</report>
			<report>
				<misses>1073001</misses>
				<total>9</total>
				<timestamp>343.017184</timestamp>
			</report>
			<report>
				<misses>1074001</misses>
				<total>9</total>
				<timestamp>343.336914</timestamp>
			</report>
			<report>
				<misses>1075001</misses>
				<total>9</total>
				<timestamp>343.656545</timestamp>
			</report>
			<report>
				<misses>1076001</misses>
				<total>9</total>
				<timestamp>343.976294</timestamp>
			</report>
			<report>
				<misses>1077001</misses>
				<total>8</total>
				<timestamp>344.296076</timestamp>
			</report>
			<report>
				<misses>1078001</misses>
				<total>9</total>
				<timestamp>344.615628</timestamp>
			</report>
			<report>
				<misses>1079001</misses>
				<total>9</total>
				<timestamp>344.935399</timestamp>
			</report>
			<report>
				<misses>1080001</misses>
				<total>9</total>
				<timestamp>345.255023</timestamp>
			</report>
			<report>
				<misses>1081001</misses>
				<total>9</total>
				<timestamp>345.574610</timestamp>
			</report>
			<report>
				<misses>1082001</misses>
				<total>9</total>
				<timestamp>345.894428</timestamp>
			</report>
			<report>
				<misses>1083001</misses>
				<total>9</total>
				<timestamp>346.213983</timestamp>
			</report>
			<report>
				<misses>1084001</misses>
				<total>8</total>
				<timestamp>346.533820</timestamp>
			</report>
			<report>
				<misses>1085001</misses>
				<total>9</total>
				<timestamp>346.853304</timestamp>
			</report>
			<report>
				<misses>1086001</misses>
				<total>9</total>
				<timestamp>347.172995</timestamp>
			</report>
			<report>
				<misses>1087001</misses>
				<total>9</total>
				<timestamp>347.492642</timestamp>
			</report>
			<report>
				<misses>1088001</misses>
				<total>9</total>
				<timestamp>347.812375</timestamp>
			</report>
			<report>
				<misses>1089001</misses>
				<total>9</total>
				<timestamp>348.132028</timestamp>
			</report>
			<report>
				<misses>1090001</misses>
				<total>9</total>
				<timestamp>348.451817</timestamp>
			</report>
			<report>
				<misses>1091001</misses>
				<total>9</total>
				<timestamp>348.771385</timestamp>
			</report>
			<report>
				<misses>1092001</misses>
				<total>9</total>
				<timestamp>349.091198</timestamp>
			</report>
			<report>
				<misses>1093001</misses>
				<total>9</total>
				<timestamp>349.410741</timestamp>
			</report>
			<report>
				<misses>1094001</misses>
				<total>9</total>
				<timestamp>349.730402</timestamp>
			</report>
			<report>
				<misses>1095001</misses>
				<total>9</total>
				<timestamp>350.050140</timestamp>
			</report>
			<report>
				<misses>1096001</misses>
				<total>9</total>
				<timestamp>350.369946</timestamp>
			</report>
			<report>
				<misses>1097001</misses>
				<total>9</total>
				<timestamp>350.689565</timestamp>
			</report>
			<report>
				<misses>1098001</misses>
				<total>9</total>
				<timestamp>351.009195</timestamp>
			</report>
			<report>
				<misses>1099001</misses>
				<total>9</total>
				<timestamp>351.328834</timestamp>
			</report>
			<report>
				<misses>1100001</misses>
				<total>9</total>
				<timestamp>351.648547</timestamp>
			</report>
			<report>
				<misses>1101001</misses>
				<total>9</total>
				<timestamp>351.968175</timestamp>
			</report>
			<report>
				<misses>1102001</misses>
				<total>9</total>
				<timestamp>352.287918</timestamp>
			</report>
			<report>
				<misses>1103001</misses>
				<total>9</total>
				<timestamp>352.607516</timestamp>
			</report>
			<report>
				<misses>1104001</misses>
				<total>9</total>
				<timestamp>352.927253</timestamp>
			</report>
			<report>
				<misses>1105001</misses>
				<total>9</total>
				<timestamp>353.246902</timestamp>
			</report>
			<report>
				<misses>1106001</misses>
				<total>9</total>
				<timestamp>353.566560</timestamp>
			</report>
			<report>
				<misses>1107001</misses>
				<total>9</total>
				<timestamp>353.886314</timestamp>
			</report>
			<report>
				<misses>1108001</misses>
				<total>9</total>
				<timestamp>354.205952</timestamp>
			</report>
			<report>
				<misses>1109001</misses>
				<total>9</total>
				<timestamp>354.525689</timestamp>
			</report>
			<report>
				<misses>1110001</misses>
				<total>9</total>
				<timestamp>354.845322</timestamp>
			</report>
			<report>
				<misses>1111001</misses>
				<total>9</total>
				<timestamp>355.165067</timestamp>
			</report>
			<report>
				<misses>1112001</misses>
				<total>9</total>
				<timestamp>355.484761</timestamp>
			</report>
			<report>
				<misses>1113001</misses>
				<total>9</total>
				<timestamp>355.804344</timestamp>
			</report>
			<report>
				<misses>1114001</misses>
				<total>9</total>
				<timestamp>356.124107</timestamp>
			</report>
			<report>
				<misses>1115001</misses>
				<total>9</total>
				<timestamp>356.443731</timestamp>
			</report>
			<report>
				<misses>1116001</misses>
				<total>9</total>
				<timestamp>356.763469</timestamp>
			</report>
			<report>
				<misses>1117001</misses>
				<total>11</total>
				<timestamp>357.083057</timestamp>
			</report>
			<report>
				<misses>1118001</misses>
				<total>11</total>
				<timestamp>357.402863</timestamp>
			</report>
			<report>
				<misses>1119001</misses>
				<total>11</total>
				<timestamp>357.722413</timestamp>
			</report>
			<report>
				<misses>1120001</misses>
				<total>11</total>
				<timestamp>358.042095</timestamp>
			</report>
			<report>
				<misses>1121001</misses>
				<total>11</total>
				<timestamp>358.361838</timestamp>
			</report>
			<report>
				<misses>1122001</misses>
				<total>11</total>
				<timestamp>358.681525</timestamp>
			</report>
			<report>
				<misses>1123001</misses>
				<total>10</total>
				<timestamp>359.001227</timestamp>
			</report>
			<report>
				<misses>1124001</misses>
				<total>10</total>
				<timestamp>359.320932</timestamp>
			</report>
			<report>
				<misses>1125001</misses>
				<total>11</total>
				<timestamp>359.640500</timestamp>
			</report>
			<report>
				<misses>1126001</misses>
				<total>11</total>
				<timestamp>359.960207</timestamp>
			</report>
			<report>
				<misses>1127001</misses>
				<total>11</total>
				<timestamp>360.279918</timestamp>
			</report>
			<report>
				<misses>1128001</misses>
				<total>11</total>
				<timestamp>360.599607</timestamp>
			</report>
			<report>
				<misses>1129001</misses>
				<total>11</total>
				<timestamp>360.919206</timestamp>
			</report>
			<report>
				<misses>1130001</misses>
				<total>11</total>
				<timestamp>361.239067</timestamp>
			</report>
			<report>
				<misses>1131001</misses>
				<total>11</total>
				<timestamp>361.558556</timestamp>
			</report>
			<report>
				<misses>1132001</misses>
				<total>11</total>
				<timestamp>361.878346</timestamp>
			</report>
			<report>
				<misses>1133001</misses>
				<total>11</total>
				<timestamp>362.197936</timestamp>
			</report>
			<report>
				<misses>1134001</misses>
				<total>11</total>
				<timestamp>362.517697</timestamp>
			</report>
			<report>
				<misses>1135001</misses>
				<total>11</total>
				<timestamp>362.837293</timestamp>
			</report>
			<report>
				<misses>1136001</misses>
				<total>11</total>
				<timestamp>363.157062</timestamp>
			</report>
			<report>
				<misses>1137001</misses>
				<total>11</total>
				<timestamp>363.476644</timestamp>
			</report>
			<report>
				<misses>1138001</misses>
				<total>11</total>
				<timestamp>363.796314</timestamp>
			</report>
			<report>
				<misses>1139001</misses>
				<total>11</total>
				<timestamp>364.116069</timestamp>
			</report>
			<report>
				<misses>1140001</misses>
				<total>11</total>
				<timestamp>364.435729</timestamp>
			</report>
			<report>
				<misses>1141001</misses>
				<total>11</total>
				<timestamp>364.755402</timestamp>
			</report>
			<report>
				<misses>1142001</misses>
				<total>11</total>
				<timestamp>365.075127</timestamp>
			</report>
			<report>
				<misses>1143001</misses>
				<total>11</total>
				<timestamp>365.394872</timestamp>
			</report>
			<report>
				<misses>1144001</misses>
				<total>11</total>
				<timestamp>365.714419</timestamp>
			</report>
			<report>
				<misses>1145001</misses>
				<total>11</total>
				<timestamp>366.034153</timestamp>
			</report>
			<report>
				<misses>1146001</misses>
				<total>11</total>
				<timestamp>366.353849</timestamp>
			</report>
			<report>
				<misses>1147001</misses>
				<total>11</total>
				<timestamp>366.673584</timestamp>
			</report>
			<report>
				<misses>1148001</misses>
				<total>11</total>
				<timestamp>366.993154</timestamp>
			</report>
			<report>
				<misses>1149001</misses>
				<total>11</total>
				<timestamp>367.312907</timestamp>
			</report>
			<report>
				<misses>1150001</misses>
				<total>11</total>
				<timestamp>367.632583</timestamp>
			</report>
			<report>
				<misses>1151001</misses>
				<total>11</total>
				<timestamp>367.952214</timestamp>
			</report>
			<report>
				<misses>1152001</misses>
				<total>11</total>
				<timestamp>368.271962</timestamp>
			</report>
			<report>
				<misses>1153001</misses>
				<total>11</total>
				<timestamp>368.591592</timestamp>
			</report>
			<report>
				<misses>1154001</misses>
				<total>11</total>
				<timestamp>368.911193</timestamp>
			</report>
			<report>
				<misses>1155001</misses>
				<total>11</total>
				<timestamp>369.230893</timestamp>
			</report>
			<report>
				<misses>1156001</misses>
				<total>11</total>
				<timestamp>369.550556</timestamp>
			</report>
			<report>
				<misses>1157001</misses>
				<total>11</total>
				<timestamp>369.870291</timestamp>
			</report>
			<report>
				<misses>1158001</misses>
				<total>11</total>
				<timestamp>370.189958</timestamp>
			</report>
			<report>
				<misses>1159001</misses>
				<total>11</total>
				<timestamp>370.509703</timestamp>
			</report>
			<report>
				<misses>1160001</misses>
				<total>11</total>
				<timestamp>370.829300</timestamp>
			</report>
			<report>
				<misses>1161001</misses>
				<total>11</total>
				<timestamp>371.149071</timestamp>
			</report>
			<report>
				<misses>1162001</misses>
				<total>10</total>
				<timestamp>371.468812</timestamp>
			</report>
			<report>
				<misses>1163001</misses>
				<total>11</total>
				<timestamp>371.788353</timestamp>
			</report>
			<report>
				<misses>1164001</misses>
				<total>11</total>
				<timestamp>372.108012</timestamp>
			</report>
			<report>
				<misses>1165001</misses>
				<total>11</total>
				<timestamp>372.427814</timestamp>
			</report>
			<report>
				<misses>1166001</misses>
				<total>11</total>
				<timestamp>372.747419</timestamp>
			</report>
			<report>
				<misses>1167001</misses>
				<total>11</total>
				<timestamp>373.067144</timestamp>
			</report>
			<report>
				<misses>1168001</misses>
				<total>11</total>
				<timestamp>373.386807</timestamp>
			</report>
			<report>
				<misses>1169001</misses>
				<total>11</total>
				<timestamp>373.706451</timestamp>
			</report>
			<report>
				<misses>1170001</misses>
				<total>11</total>
				<timestamp>374.026130</timestamp>
			</report>
			<report>
				<misses>1171001</misses>
				<total>11</total>
				<timestamp>374.345772</timestamp>
			</report>
			<report>
				<misses>1172001</misses>
				<total>11</total>
				<timestamp>374.665549</timestamp>
			</report>
			<report>
				<misses>1173001</misses>
				<total>11</total>
				<timestamp>374.985126</timestamp>
			</report>
			<report>
				<misses>1174001</misses>
				<total>11</total>
				<timestamp>375.304832</timestamp>
			</report>
			<report>
				<misses>1175001</misses>
				<total>11</total>
				<timestamp>375.624530</timestamp>
			</report>
			<report>
				<misses>1176001</misses>
				<total>11</total>
				<timestamp>375.944177</timestamp>
			</report>
			<report>
				<misses>1177001</misses>
				<total>11</total>
				<timestamp>376.263880</timestamp>
			</report>
			<report>
				<misses>1178001</misses>
				<total>11</total>
				<timestamp>376.583577</timestamp>
			</report>
			<report>
				<misses>1179001</misses>
				<total>11</total>
				<timestamp>376.903250</timestamp>
			</report>
			<report>
				<misses>1180001</misses>
				<total>11</total>
				<timestamp>377.223014</timestamp>
			</report>
			<report>
				<misses>1181001</misses>
				<total>11</total>
				<timestamp>377.542580</timestamp>
			</report>
			<report>
				<misses>1182001</misses>
				<total>11</total>
				<timestamp>377.862281</timestamp>
			</report>
			<report>
				<misses>1183001</misses>
				<total>10</total>
				<timestamp>378.182102</timestamp>
			</report>
			<report>
				<misses>1184001</misses>
				<total>11</total>
				<timestamp>378.501678</timestamp>
			</report>
			<report>
				<misses>1185001</misses>
				<total>11</total>
				<timestamp>378.821332</timestamp>
			</report>
			<report>
				<misses>1186001</misses>
				<total>11</total>
				<timestamp>379.140995</timestamp>
			</report>
			<report>
				<misses>1187001</misses>
				<total>11</total>
				<timestamp>379.460737</timestamp>
			</report>
			<report>
				<misses>1188001</misses>
				<total>11</total>
				<timestamp>379.780364</timestamp>
			</report>
			<report>
				<misses>1189001</misses>
				<total>11</total>
				<timestamp>380.100074</timestamp>
			</report>
			<report>
				<misses>1190001</misses>
				<total>11</total>
				<timestamp>380.419727</timestamp>
			</report>
			<report>
				<misses>1191001</misses>
				<total>10</total>
				<timestamp>380.739564</timestamp>
			</report>
			<report>
				<misses>1192001</misses>
				<total>11</total>
				<timestamp>381.059046</timestamp>
			</report>
			<report>
				<misses>1193001</misses>
				<total>11</total>
				<timestamp>381.378730</timestamp>
			</report>
			<report>
				<misses>1194001</misses>
				<total>11</total>
				<timestamp>381.698579</timestamp>
			</report>
			<report>
				<misses>1195001</misses>
				<total>11</total>
				<timestamp>382.018089</timestamp>
			</report>
			<report>
				<misses>1196001</misses>
				<total>11</total>
				<timestamp>382.337830</timestamp>
			</report>
			<report>
				<misses>1197001</misses>
				<total>11</total>
				<timestamp>382.657583</timestamp>
			</report>
			<report>
				<misses>1198001</misses>
				<total>11</total>
				<timestamp>382.977173</timestamp>
			</report>
			<report>
				<misses>1199001</misses>
				<total>11</total>
				<timestamp>383.296855</timestamp>
			</report>
			<report>
				<misses>1200001</misses>
				<total>11</total>
				<timestamp>383.616566</timestamp>
			</report>
			<report>
				<misses>1201001</misses>
				<total>11</total>
				<timestamp>383.936208</timestamp>
			</report>
			<report>
				<misses>1202001</misses>
				<total>11</total>
				<timestamp>384.255903</timestamp>
			</report>
			<report>
				<misses>1203001</misses>
				<total>11</total>
				<timestamp>384.575704</timestamp>
			</report>
			<report>
				<misses>1204001</misses>
				<total>11</total>
				<timestamp>384.895283</timestamp>
			</report>
			<report>
				<misses>1205001</misses>
				<total>11</total>
				<timestamp>385.214985</timestamp>
			</report>
			<report>
				<misses>1206001</misses>
				<total>11</total>
				<timestamp>385.534580</timestamp>
			</report>
			<report>
				<misses>1207001</misses>
				<total>11</total>
				<timestamp>385.854275</timestamp>
			</report>
			<report>
				<misses>1208001</misses>
				<total>10</total>
				<timestamp>386.174060</timestamp>
			</report>
			<report>
				<misses>1209001</misses>
				<total>11</total>
				<timestamp>386.493709</timestamp>
			</report>
			<report>
				<misses>1210001</misses>
				<total>11</total>
				<timestamp>386.813309</timestamp>
			</report>
			<report>
				<misses>1211001</misses>
				<total>11</total>
				<timestamp>387.133025</timestamp>
			</report>
			<report>
				<misses>1212001</misses>
				<total>11</total>
				<timestamp>387.452728</timestamp>
			</report>
			<report>
				<misses>1213001</misses>
				<total>11</total>
				<timestamp>387.772358</timestamp>
			</report>
			<report>
				<misses>1214001</misses>
				<total>11</total>
				<timestamp>388.092047</timestamp>
			</report>
			<report>
				<misses>1215001</misses>
				<total>11</total>
				<timestamp>388.411703</timestamp>
			</report>
			<report>
				<misses>1216001</misses>
				<total>11</total>
				<timestamp>388.731415</timestamp>
			</report>
			<report>
				<misses>1217001</misses>
				<total>11</total>
				<timestamp>389.051075</timestamp>
			</report>
			<report>
				<misses>1218001</misses>
				<total>11</total>
				<timestamp>389.370798</timestamp>
			</report>
			<report>
				<misses>1219001</misses>
				<total>11</total>
				<timestamp>389.690490</timestamp>
			</report>
			<report>
				<misses>1220001</misses>
				<total>11</total>
				<timestamp>390.010125</timestamp>
			</report>
			<report>
				<misses>1221001</misses>
				<total>11</total>
				<timestamp>390.329945</timestamp>
			</report>
			<report>
				<misses>1222001</misses>
				<total>10</total>
				<timestamp>390.649558</timestamp>
			</report>
			<report>
				<misses>1223001</misses>
				<total>11</total>
				<timestamp>390.969161</timestamp>
			</report>
			<report>
				<misses>1224001</misses>
				<total>11</total>
				<timestamp>391.288955</timestamp>
			</report>
			<report>
				<misses>1225001</misses>
				<total>11</total>
				<timestamp>391.608586</timestamp>
			</report>
			<report>
				<misses>1226001</misses>
				<total>11</total>
				<timestamp>391.928207</timestamp>
			</report>
			<report>
				<misses>1227001</misses>
				<total>11</total>
				<timestamp>392.247971</timestamp>
			</report>
			<report>
				<misses>1228001</misses>
				<total>11</total>
				<timestamp>392.567569</timestamp>
			</report>
			<report>
				<misses>1229001</misses>
				<total>11</total>
				<timestamp>392.887219</timestamp>
			</report>
			<report>
				<misses>1230001</misses>
				<total>11</total>
				<timestamp>393.206998</timestamp>
			</report>
			<report>
				<misses>1231001</misses>
				<total>11</total>
				<timestamp>393.526578</timestamp>
			</report>
			<report>
				<misses>1232001</misses>
				<total>11</total>
				<timestamp>393.846315</timestamp>
			</report>
			<report>
				<misses>1233001</misses>
				<total>11</total>
				<timestamp>394.165957</timestamp>
			</report>
			<report>
				<misses>1234001</misses>
				<total>11</total>
				<timestamp>394.485699</timestamp>
			</report>
			<report>
				<misses>1235001</misses>
				<total>11</total>
				<timestamp>394.805284</timestamp>
			</report>
			<report>
				<misses>1236001</misses>
				<total>11</total>
				<timestamp>395.125001</timestamp>
			</report>
			<report>
				<misses>1237001</misses>
				<total>11</total>
				<timestamp>395.444708</timestamp>
			</report>
			<report>
				<misses>1238001</misses>
				<total>11</total>
				<timestamp>395.764350</timestamp>
			</report>
			<report>
				<misses>1239001</misses>
				<total>10</total>
				<timestamp>396.084101</timestamp>
			</report>
			<report>
				<misses>1240001</misses>
				<total>11</total>
				<timestamp>396.403828</timestamp>
			</report>
			<report>
				<misses>1241001</misses>
				<total>11</total>
				<timestamp>396.723420</timestamp>
			</report>
			<report>
				<misses>1242001</misses>
				<total>10</total>
				<timestamp>397.043140</timestamp>
			</report>
			<report>
				<misses>1243001</misses>
				<total>11</total>
				<timestamp>397.362751</timestamp>
			</report>
			<report>
				<misses>1244001</misses>
				<total>11</total>
				<timestamp>397.682415</timestamp>
			</report>
			<report>
				<misses>1245001</misses>
				<total>11</total>
				<timestamp>398.002154</timestamp>
			</report>
			<report>
				<misses>1246001</misses>
				<total>11</total>
				<timestamp>398.321888</timestamp>
			</report>
			<report>
				<misses>1247001</misses>
				<total>10</total>
				<timestamp>398.641690</timestamp>
			</report>
			<report>
				<misses>1248001</misses>
				<total>10</total>
				<timestamp>398.961226</timestamp>
			</report>
			<report>
				<misses>1249001</misses>
				<total>11</total>
				<timestamp>399.280831</timestamp>
			</report>
			<report>
				<misses>1250001</misses>
				<total>11</total>
				<timestamp>399.600576</timestamp>
			</report>
			<report>
				<misses>1251001</misses>
				<total>11</total>
				<timestamp>399.920202</timestamp>
			</report>
			<report>
				<misses>1252001</misses>
				<total>11</total>
				<timestamp>400.239880</timestamp>
			</report>
			<report>
				<misses>1253001</misses>
				<total>11</total>
				<timestamp>400.559558</timestamp>
			</report>
			<report>
				<misses>1254001</misses>
				<total>11</total>
				<timestamp>400.879300</timestamp>
			</report>
			<report>
				<misses>1255001</misses>
				<total>11</total>
				<timestamp>401.198946</timestamp>
			</report>
			<report>
				<misses>1256001</misses>
				<total>11</total>
				<timestamp>401.518632</timestamp>
			</report>
			<report>
				<misses>1257001</misses>
				<total>11</total>
				<timestamp>401.838272</timestamp>
			</report>
			<report>
				<misses>1258001</misses>
				<total>11</total>
				<timestamp>402.158048</timestamp>
			</report>
			<report>
				<misses>1259001</misses>
				<total>11</total>
				<timestamp>402.477617</timestamp>
			</report>
			<report>
				<misses>1260001</misses>
				<total>11</total>
				<timestamp>402.797311</timestamp>
			</report>
			<report>
				<misses>1261001</misses>
				<total>11</total>
				<timestamp>403.116981</timestamp>
			</report>
			<report>
				<misses>1262001</misses>
				<total>11</total>
				<timestamp>403.436660</timestamp>
			</report>
			<report>
				<misses>1263001</misses>
				<total>11</total>
				<timestamp>403.756397</timestamp>
			</report>
			<report>
				<misses>1264001</misses>
				<total>11</total>
				<timestamp>404.076024</timestamp>
			</report>
			<report>
				<misses>1265001</misses>
				<total>11</total>
				<timestamp>404.395719</timestamp>
			</report>
			<report>
				<misses>1266001</misses>
				<total>10</total>
				<timestamp>404.715487</timestamp>
			</report>
			<report>
				<misses>1267001</misses>
				<total>11</total>
				<timestamp>405.035072</timestamp>
			</report>
			<report>
				<misses>1268001</misses>
				<total>11</total>
				<timestamp>405.354757</timestamp>
			</report>
			<report>
				<misses>1269001</misses>
				<total>11</total>
				<timestamp>405.674467</timestamp>
			</report>
			<report>
				<misses>1270001</misses>
				<total>11</total>
				<timestamp>405.994250</timestamp>
			</report>
			<report>
				<misses>1271001</misses>
				<total>11</total>
				<timestamp>406.313818</timestamp>
			</report>
			<report>
				<misses>1272001</misses>
				<total>10</total>
				<timestamp>406.633575</timestamp>
			</report>
			<report>
				<misses>1273001</misses>
				<total>11</total>
				<timestamp>406.953192</timestamp>
			</report>
			<report>
				<misses>1274001</misses>
				<total>11</total>
				<timestamp>407.272847</timestamp>
			</report>
			<report>
				<misses>1275001</misses>
				<total>11</total>
				<timestamp>407.592503</timestamp>
			</report>
			<report>
				<misses>1276001</misses>
				<total>11</total>
				<timestamp>407.912350</timestamp>
			</report>
			<report>
				<misses>1277001</misses>
				<total>11</total>
				<timestamp>408.231934</timestamp>
			</report>
			<report>
				<misses>1278001</misses>
				<total>11</total>
				<timestamp>408.551609</timestamp>
			</report>
			<report>
				<misses>1279001</misses>
				<total>11</total>
				<timestamp>408.871256</timestamp>
			</report>
			<report>
				<misses>1280001</misses>
				<total>11</total>
				<timestamp>409.190934</timestamp>
			</report>
			<report>
				<misses>1281001</misses>
				<total>11</total>
				<timestamp>409.510618</timestamp>
			</report>
			<report>
				<misses>1282001</misses>
				<total>11</total>
				<timestamp>409.830346</timestamp>
			</report>
			<report>
				<misses>1283001</misses>
				<total>11</total>
				<timestamp>410.149948</timestamp>
			</report>
			<report>
				<misses>1284001</misses>
				<total>11</total>
				<timestamp>410.469704</timestamp>
			</report>
			<report>
				<misses>1285001</misses>
				<total>11</total>
				<timestamp>410.789278</timestamp>
			</report>
			<report>
				<misses>1286001</misses>
				<total>11</total>
				<timestamp>411.109015</timestamp>
			</report>
			<report>
				<misses>1287001</misses>
				<total>11</total>
				<timestamp>411.428821</timestamp>
			</report>
			<report>
				<misses>1288001</misses>
				<total>11</total>
				<timestamp>411.748381</timestamp>
			</report>
			<report>
				<misses>1289001</misses>
				<total>11</total>
				<timestamp>412.068010</timestamp>
			</report>
			<report>
				<misses>1290001</misses>
				<total>11</total>
				<timestamp>412.387815</timestamp>
			</report>
			<report>
				<misses>1291001</misses>
				<total>11</total>
				<timestamp>412.707355</timestamp>
			</report>
			<report>
				<misses>1292001</misses>
				<total>10</total>
				<timestamp>413.027142</timestamp>
			</report>
			<report>
				<misses>1293001</misses>
				<total>11</total>
				<timestamp>413.346822</timestamp>
			</report>
			<report>
				<misses>1294001</misses>
				<total>11</total>
				<timestamp>413.666578</timestamp>
			</report>
			<report>
				<misses>1295001</misses>
				<total>11</total>
				<timestamp>413.986124</timestamp>
			</report>
			<report>
				<misses>1296001</misses>
				<total>11</total>
				<timestamp>414.305809</timestamp>
			</report>
			<report>
				<misses>1297001</misses>
				<total>11</total>
				<timestamp>414.625515</timestamp>
			</report>
			<report>
				<misses>1298001</misses>
				<total>11</total>
				<timestamp>414.945142</timestamp>
			</report>
			<report>
				<misses>1299001</misses>
				<total>11</total>
				<timestamp>415.264959</timestamp>
			</report>
			<report>
				<misses>1300001</misses>
				<total>11</total>
				<timestamp>415.584583</timestamp>
			</report>
			<report>
				<misses>1301001</misses>
				<total>11</total>
				<timestamp>415.904188</timestamp>
			</report>
			<report>
				<misses>1302001</misses>
				<total>11</total>
				<timestamp>416.223942</timestamp>
			</report>
			<report>
				<misses>1303001</misses>
				<total>11</total>
				<timestamp>416.543586</timestamp>
			</report>
			<report>
				<misses>1304001</misses>
				<total>11</total>
				<timestamp>416.863263</timestamp>
			</report>
			<report>
				<misses>1305001</misses>
				<total>11</total>
				<timestamp>417.182949</timestamp>
			</report>
			<report>
				<misses>1306001</misses>
				<total>11</total>
				<timestamp>417.502598</timestamp>
			</report>
			<report>
				<misses>1307001</misses>
				<total>10</total>
				<timestamp>417.822350</timestamp>
			</report>
			<report>
				<misses>1308001</misses>
				<total>11</total>
				<timestamp>418.142082</timestamp>
			</report>
			<report>
				<misses>1309001</misses>
				<total>11</total>
				<timestamp>418.461666</timestamp>
			</report>
			<report>
				<misses>1310001</misses>
				<total>11</total>
				<timestamp>418.781280</timestamp>
			</report>
			<report>
				<misses>1311001</misses>
				<total>11</total>
				<timestamp>419.101031</timestamp>
			</report>
			<report>
				<misses>1312001</misses>
				<total>11</total>
				<timestamp>419.420694</timestamp>
			</report>
			<report>
				<misses>1313001</misses>
				<total>11</total>
				<timestamp>419.740319</timestamp>
			</report>
			<report>
				<misses>1314001</misses>
				<total>11</total>
				<timestamp>420.060036</timestamp>
			</report>
			<report>
				<misses>1315001</misses>
				<total>11</total>
				<timestamp>420.379727</timestamp>
			</report>
			<report>
				<misses>1316001</misses>
				<total>11</total>
				<timestamp>420.699425</timestamp>
			</report>
			<report>
				<misses>1317001</misses>
				<total>11</total>
				<timestamp>421.019053</timestamp>
			</report>
			<report>
				<misses>1318001</misses>
				<total>11</total>
				<timestamp>421.338791</timestamp>
			</report>
			<report>
				<misses>1319001</misses>
				<total>11</total>
				<timestamp>421.658561</timestamp>
			</report>
			<report>
				<misses>1320001</misses>
				<total>11</total>
				<timestamp>421.978086</timestamp>
			</report>
			<report>
				<misses>1321001</misses>
				<total>11</total>
				<timestamp>422.297845</timestamp>
			</report>
			<report>
				<misses>1322001</misses>
				<total>11</total>
				<timestamp>422.617451</timestamp>
			</report>
			<report>
				<misses>1323001</misses>
				<total>11</total>
				<timestamp>422.937210</timestamp>
			</report>
			<report>
				<misses>1324001</misses>
				<total>11</total>
				<timestamp>423.256812</timestamp>
			</report>
			<report>
				<misses>1325001</misses>
				<total>11</total>
				<timestamp>423.576487</timestamp>
			</report>
			<report>
				<misses>1326001</misses>
				<total>10</total>
				<timestamp>423.896261</timestamp>
			</report>
			<report>
				<misses>1327001</misses>
				<total>10</total>
				<timestamp>424.216001</timestamp>
			</report>
			<report>
				<misses>1328001</misses>
				<total>11</total>
				<timestamp>424.535594</timestamp>
			</report>
			<report>
				<misses>1329001</misses>
				<total>11</total>
				<timestamp>424.855192</timestamp>
			</report>
			<report>
				<misses>1330001</misses>
				<total>11</total>
				<timestamp>425.175065</timestamp>
			</report>
			<report>
				<misses>1331001</misses>
				<total>11</total>
				<timestamp>425.494567</timestamp>
			</report>
			<report>
				<misses>1332001</misses>
				<total>11</total>
				<timestamp>425.814248</timestamp>
			</report>
			<report>
				<misses>1333001</misses>
				<total>11</total>
				<timestamp>426.134016</timestamp>
			</report>
			<report>
				<misses>1334001</misses>
				<total>11</total>
				<timestamp>426.453707</timestamp>
			</report>
			<report>
				<misses>1335001</misses>
				<total>10</total>
				<timestamp>426.773371</timestamp>
			</report>
			<report>
				<misses>1336001</misses>
				<total>11</total>
				<timestamp>427.093079</timestamp>
			</report>
			<report>
				<misses>1337001</misses>
				<total>11</total>
				<timestamp>427.412699</timestamp>
			</report>
			<report>
				<misses>1338001</misses>
				<total>10</total>
				<timestamp>427.732426</timestamp>
			</report>
			<report>
				<misses>1339001</misses>
				<total>11</total>
				<timestamp>428.052001</timestamp>
			</report>
			<report>
				<misses>1340001</misses>
				<total>11</total>
				<timestamp>428.371848</timestamp>
			</report>
			<report>
				<misses>1341001</misses>
				<total>11</total>
				<timestamp>428.691368</timestamp>
			</report>
			<report>
				<misses>1342001</misses>
				<total>11</total>
				<timestamp>429.011121</timestamp>
			</report>
			<report>
				<misses>1343001</misses>
				<total>11</total>
				<timestamp>429.330818</timestamp>
			</report>
			<report>
				<misses>1344001</misses>
				<total>11</total>
				<timestamp>429.650399</timestamp>
			</report>
			<report>
				<misses>1345001</misses>
				<total>11</total>
				<timestamp>429.970077</timestamp>
			</report>
			<report>
				<misses>1346001</misses>
				<total>11</total>
				<timestamp>430.289812</timestamp>
			</report>
			<report>
				<misses>1347001</misses>
				<total>11</total>
				<timestamp>430.609553</timestamp>
			</report>
			<report>
				<misses>1348001</misses>
				<total>11</total>
				<timestamp>430.929168</timestamp>
			</report>
			<report>
				<misses>1349001</misses>
				<total>11</total>
				<timestamp>431.248945</timestamp>
			</report>
			<report>
				<misses>1350001</misses>
				<total>11</total>
				<timestamp>431.568555</timestamp>
			</report>
			<report>
				<misses>1351001</misses>
				<total>11</total>
				<timestamp>431.888207</timestamp>
			</report>
			<report>
				<misses>1352001</misses>
				<total>11</total>
				<timestamp>432.207888</timestamp>
			</report>
			<report>
				<misses>1353001</misses>
				<total>11</total>
				<timestamp>432.527712</timestamp>
			</report>
			<report>
				<misses>1354001</misses>
				<total>11</total>
				<timestamp>432.847241</timestamp>
			</report>
			<report>
				<misses>1355001</misses>
				<total>11</total>
				<timestamp>433.166920</timestamp>
			</report>
			<report>
				<misses>1356001</misses>
				<total>11</total>
				<timestamp>433.486683</timestamp>
			</report>
			<report>
				<misses>1357001</misses>
				<total>11</total>
				<timestamp>433.806310</timestamp>
			</report>
			<report>
				<misses>1358001</misses>
				<total>11</total>
				<timestamp>434.125986</timestamp>
			</report>
			<report>
				<misses>1359001</misses>
				<total>11</total>
				<timestamp>434.445693</timestamp>
			</report>
			<report>
				<misses>1360001</misses>
				<total>11</total>
				<timestamp>434.765323</timestamp>
			</report>
			<report>
				<misses>1361001</misses>
				<total>11</total>
				<timestamp>435.085014</timestamp>
			</report>
			<report>
				<misses>1362001</misses>
				<total>11</total>
				<timestamp>435.404728</timestamp>
			</report>
			<report>
				<misses>1363001</misses>
				<total>11</total>
				<timestamp>435.724328</timestamp>
			</report>
			<report>
				<misses>1364001</misses>
				<total>11</total>
				<timestamp>436.044025</timestamp>
			</report>
			<report>
				<misses>1365001</misses>
				<total>11</total>
				<timestamp>436.363848</timestamp>
			</report>
			<report>
				<misses>1366001</misses>
				<total>11</total>
				<timestamp>436.683447</timestamp>
			</report>
			<report>
				<misses>1367001</misses>
				<total>11</total>
				<timestamp>437.003072</timestamp>
			</report>
			<report>
				<misses>1368001</misses>
				<total>11</total>
				<timestamp>437.322801</timestamp>
			</report>
			<report>
				<misses>1369001</misses>
				<total>11</total>
				<timestamp>437.642422</timestamp>
			</report>
			<report>
				<misses>1370001</misses>
				<total>11</total>
				<timestamp>437.962077</timestamp>
			</report>
			<report>
				<misses>1371001</misses>
				<total>11</total>
				<timestamp>438.281944</timestamp>
			</report>
			<report>
				<misses>1372001</misses>
				<total>11</total>
				<timestamp>438.601559</timestamp>
			</report>
			<report>
				<misses>1373001</misses>
				<total>11</total>
				<timestamp>438.921137</timestamp>
			</report>
			<report>
				<misses>1374001</misses>
				<total>11</total>
				<timestamp>439.240843</timestamp>
			</report>
			<report>
				<misses>1375001</misses>
				<total>11</total>
				<timestamp>439.560560</timestamp>
			</report>
			<report>
				<misses>1376001</misses>
				<total>11</total>
				<timestamp>439.880187</timestamp>
			</report>
			<report>
				<misses>1377001</misses>
				<total>11</total>
				<timestamp>440.199901</timestamp>
			</report>
			<report>
				<misses>1378001</misses>
				<total>11</total>
				<timestamp>440.519667</timestamp>
			</report>
			<report>
				<misses>1379001</misses>
				<total>11</total>
				<timestamp>440.839266</timestamp>
			</report>
			<report>
				<misses>1380001</misses>
				<total>11</total>
				<timestamp>441.158964</timestamp>
			</report>
			<report>
				<misses>1381001</misses>
				<total>11</total>
				<timestamp>441.478596</timestamp>
			</report>
			<report>
				<misses>1382001</misses>
				<total>11</total>
				<timestamp>441.798328</timestamp>
			</report>
			<report>
				<misses>1383001</misses>
				<total>11</total>
				<timestamp>442.118007</timestamp>
			</report>
			<report>
				<misses>1384001</misses>
				<total>11</total>
				<timestamp>442.437716</timestamp>
			</report>
			<report>
				<misses>1385001</misses>
				<total>11</total>
				<timestamp>442.757330</timestamp>
			</report>
			<report>
				<misses>1386001</misses>
				<total>11</total>
				<timestamp>443.077023</timestamp>
			</report>
			<report>
				<misses>1387001</misses>
				<total>10</total>
				<timestamp>443.396885</timestamp>
			</report>
			<report>
				<misses>1388001</misses>
				<total>11</total>
				<timestamp>443.716343</timestamp>
			</report>
			<report>
				<misses>1389001</misses>
				<total>11</total>
				<timestamp>444.036055</timestamp>
			</report>
			<report>
				<misses>1390001</misses>
				<total>11</total>
				<timestamp>444.355832</timestamp>
			</report>
			<report>
				<misses>1391001</misses>
				<total>11</total>
				<timestamp>444.675430</timestamp>
			</report>
			<report>
				<misses>1392001</misses>
				<total>11</total>
				<timestamp>444.995137</timestamp>
			</report>
			<report>
				<misses>1393001</misses>
				<total>11</total>
				<timestamp>445.314732</timestamp>
			</report>
			<report>
				<misses>1394001</misses>
				<total>11</total>
				<timestamp>445.634429</timestamp>
			</report>
			<report>
				<misses>1395001</misses>
				<total>11</total>
				<timestamp>445.954142</timestamp>
			</report>
			<report>
				<misses>1396001</misses>
				<total>11</total>
				<timestamp>446.273831</timestamp>
			</report>
			<report>
				<misses>1397001</misses>
				<total>11</total>
				<timestamp>446.593494</timestamp>
			</report>
			<report>
				<misses>1398001</misses>
				<total>11</total>
				<timestamp>446.913187</timestamp>
			</report>
			<report>
				<misses>1399001</misses>
				<total>10</total>
				<timestamp>447.232902</timestamp>
			</report>
			<report>
				<misses>1400001</misses>
				<total>11</total>
				<timestamp>447.552564</timestamp>
			</report>
			<report>
				<misses>1401001</misses>
				<total>11</total>
				<timestamp>447.872220</timestamp>
			</report>
			<report>
				<misses>1402001</misses>
				<total>11</total>
				<timestamp>448.191977</timestamp>
			</report>
			<report>
				<misses>1403001</misses>
				<total>11</total>
				<timestamp>448.511587</timestamp>
			</report>
			<report>
				<misses>1404001</misses>
				<total>11</total>
				<timestamp>448.831275</timestamp>
			</report>
			<report>
				<misses>1405001</misses>
				<total>11</total>
				<timestamp>449.150926</timestamp>
			</report>
			<report>
				<misses>1406001</misses>
				<total>10</total>
				<timestamp>449.470671</timestamp>
			</report>
			<report>
				<misses>1407001</misses>
				<total>10</total>
				<timestamp>449.790345</timestamp>
			</report>
			<report>
				<misses>1408001</misses>
				<total>11</total>
				<timestamp>450.109943</timestamp>
			</report>
			<report>
				<misses>1409001</misses>
				<total>11</total>
				<timestamp>450.429638</timestamp>
			</report>
			<report>
				<misses>1410001</misses>
				<total>11</total>
				<timestamp>450.749356</timestamp>
			</report>
			<report>
				<misses>1411001</misses>
				<total>11</total>
				<timestamp>451.069003</timestamp>
			</report>
			<report>
				<misses>1412001</misses>
				<total>10</total>
				<timestamp>451.388753</timestamp>
			</report>
			<report>
				<misses>1413001</misses>
				<total>11</total>
				<timestamp>451.708321</timestamp>
			</report>
			<report>
				<misses>1414001</misses>
				<total>11</total>
				<timestamp>452.028071</timestamp>
			</report>
			<report>
				<misses>1415001</misses>
				<total>11</total>
				<timestamp>452.347823</timestamp>
			</report>
			<report>
				<misses>1416001</misses>
				<total>11</total>
				<timestamp>452.667406</timestamp>
			</report>
			<report>
				<misses>1417001</misses>
				<total>11</total>
				<timestamp>452.987080</timestamp>
			</report>
			<report>
				<misses>1418001</misses>
				<total>11</total>
				<timestamp>453.306822</timestamp>
			</report>
			<report>
				<misses>1419001</misses>
				<total>11</total>
				<timestamp>453.626569</timestamp>
			</report>
			<report>
				<misses>1420001</misses>
				<total>11</total>
				<timestamp>453.946118</timestamp>
			</report>
			<report>
				<misses>1421001</misses>
				<total>11</total>
				<timestamp>454.265912</timestamp>
			</report>
			<report>
				<misses>1422001</misses>
				<total>11</total>
				<timestamp>454.585572</timestamp>
			</report>
			<report>
				<misses>1423001</misses>
				<total>11</total>
				<timestamp>454.905144</timestamp>
			</report>
			<report>
				<misses>1424001</misses>
				<total>11</total>
				<timestamp>455.224836</timestamp>
			</report>
			<report>
				<misses>1425001</misses>
				<total>11</total>
				<timestamp>455.544630</timestamp>
			</report>
			<report>
				<misses>1426001</misses>
				<total>11</total>
				<timestamp>455.864167</timestamp>
			</report>
			<report>
				<misses>1427001</misses>
				<total>11</total>
				<timestamp>456.183837</timestamp>
			</report>
			<report>
				<misses>1428001</misses>
				<total>11</total>
				<timestamp>456.503691</timestamp>
			</report>
			<report>
				<misses>1429001</misses>
				<total>11</total>
				<timestamp>456.823227</timestamp>
			</report>
			<report>
				<misses>1430001</misses>
				<total>11</total>
				<timestamp>457.142931</timestamp>
			</report>
			<report>
				<misses>1431001</misses>
				<total>11</total>
				<timestamp>457.462574</timestamp>
			</report>
			<report>
				<misses>1432001</misses>
				<total>11</total>
				<timestamp>457.782248</timestamp>
			</report>
			<report>
				<misses>1433001</misses>
				<total>11</total>
				<timestamp>458.101973</timestamp>
			</report>
			<report>
				<misses>1434001</misses>
				<total>11</total>
				<timestamp>458.421619</timestamp>
			</report>
			<report>
				<misses>1435001</misses>
				<total>10</total>
				<timestamp>458.741459</timestamp>
			</report>
			<report>
				<misses>1436001</misses>
				<total>10</total>
				<timestamp>459.061070</timestamp>
			</report>
			<report>
				<misses>1437001</misses>
				<total>11</total>
				<timestamp>459.380712</timestamp>
			</report>
			<report>
				<misses>1438001</misses>
				<total>10</total>
				<timestamp>459.700511</timestamp>
			</report>
			<report>
				<misses>1439001</misses>
				<total>11</total>
				<timestamp>460.020056</timestamp>
			</report>
			<report>
				<misses>1440001</misses>
				<total>11</total>
				<timestamp>460.339714</timestamp>
			</report>
			<report>
				<misses>1441001</misses>
				<total>11</total>
				<timestamp>460.659423</timestamp>
			</report>
			<report>
				<misses>1442001</misses>
				<total>11</total>
				<timestamp>460.979071</timestamp>
			</report>
			<report>
				<misses>1443001</misses>
				<total>11</total>
				<timestamp>461.298834</timestamp>
			</report>
			<report>
				<misses>1444001</misses>
				<total>11</total>
				<timestamp>461.618578</timestamp>
			</report>
			<report>
				<misses>1445001</misses>
				<total>11</total>
				<timestamp>461.938084</timestamp>
			</report>
			<report>
				<misses>1446001</misses>
				<total>11</total>
				<timestamp>462.257909</timestamp>
			</report>
			<report>
				<misses>1447001</misses>
				<total>11</total>
				<timestamp>462.577485</timestamp>
			</report>
			<report>
				<misses>1448001</misses>
				<total>11</total>
				<timestamp>462.897127</timestamp>
			</report>
			<report>
				<misses>1449001</misses>
				<total>11</total>
				<timestamp>463.216829</timestamp>
			</report>
			<report>
				<misses>1450001</misses>
				<total>11</total>
				<timestamp>463.536533</timestamp>
			</report>
			<report>
				<misses>1451001</misses>
				<total>11</total>
				<timestamp>463.856163</timestamp>
			</report>
			<report>
				<misses>1452001</misses>
				<total>11</total>
				<timestamp>464.175975</timestamp>
			</report>
			<report>
				<misses>1453001</misses>
				<total>11</total>
				<timestamp>464.495588</timestamp>
			</report>
			<report>
				<misses>1454001</misses>
				<total>10</total>
				<timestamp>464.815310</timestamp>
			</report>
			<report>
				<misses>1455001</misses>
				<total>11</total>
				<timestamp>465.134888</timestamp>
			</report>
			<report>
				<misses>1456001</misses>
				<total>11</total>
				<timestamp>465.454714</timestamp>
			</report>
			<report>
				<misses>1457001</misses>
				<total>10</total>
				<timestamp>465.774373</timestamp>
			</report>
			<report>
				<misses>1458001</misses>
				<total>11</total>
				<timestamp>466.093994</timestamp>
			</report>
			<report>
				<misses>1459001</misses>
				<total>11</total>
				<timestamp>466.413757</timestamp>
			</report>
			<report>
				<misses>1460001</misses>
				<total>10</total>
				<timestamp>466.733461</timestamp>
			</report>
			<report>
				<misses>1461001</misses>
				<total>10</total>
				<timestamp>467.053070</timestamp>
			</report>
			<report>
				<misses>1462001</misses>
				<total>11</total>
				<timestamp>467.372655</timestamp>
			</report>
			<report>
				<misses>1463001</misses>
				<total>11</total>
				<timestamp>467.692431</timestamp>
			</report>
			<report>
				<misses>1464001</misses>
				<total>11</total>
				<timestamp>468.012072</timestamp>
			</report>
			<report>
				<misses>1465001</misses>
				<total>11</total>
				<timestamp>468.331712</timestamp>
			</report>
			<report>
				<misses>1466001</misses>
				<total>11</total>
				<timestamp>468.651426</timestamp>
			</report>
			<report>
				<misses>1467001</misses>
				<total>11</total>
				<timestamp>468.971053</timestamp>
			</report>
			<report>
				<misses>1468001</misses>
				<total>11</total>
				<timestamp>469.290762</timestamp>
			</report>
			<report>
				<misses>1469001</misses>
				<total>11</total>
				<timestamp>469.610553</timestamp>
			</report>
			<report>
				<misses>1470001</misses>
				<total>11</total>
				<timestamp>469.930123</timestamp>
			</report>
			<report>
				<misses>1471001</misses>
				<total>11</total>
				<timestamp>470.249776</timestamp>
			</report>
			<report>
				<misses>1472001</misses>
				<total>11</total>
				<timestamp>470.569510</timestamp>
			</report>
			<report>
				<misses>1473001</misses>
				<total>11</total>
				<timestamp>470.889131</timestamp>
			</report>
			<report>
				<misses>1474001</misses>
				<total>11</total>
				<timestamp>471.208890</timestamp>
			</report>
			<report>
				<misses>1475001</misses>
				<total>11</total>
				<timestamp>471.528489</timestamp>
			</report>
			<report>
				<misses>1476001</misses>
				<total>11</total>
				<timestamp>471.848182</timestamp>
			</report>
			<report>
				<misses>1477001</misses>
				<total>10</total>
				<timestamp>472.168009</timestamp>
			</report>
			<report>
				<misses>1478001</misses>
				<total>11</total>
				<timestamp>472.487599</timestamp>
			</report>
			<report>
				<misses>1479001</misses>
				<total>11</total>
				<timestamp>472.807204</timestamp>
			</report>
			<report>
				<misses>1480001</misses>
				<total>11</total>
				<timestamp>473.126966</timestamp>
			</report>
			<report>
				<misses>1481001</misses>
				<total>11</total>
				<timestamp>473.446700</timestamp>
			</report>
			<report>
				<misses>1482001</misses>
				<total>11</total>
				<timestamp>473.766315</timestamp>
			</report>
			<report>
				<misses>1483001</misses>
				<total>11</total>
				<timestamp>474.085994</timestamp>
			</report>
			<report>
				<misses>1484001</misses>
				<total>11</total>
				<timestamp>474.405708</timestamp>
			</report>
			<report>
				<misses>1485001</misses>
				<total>11</total>
				<timestamp>474.725327</timestamp>
			</report>
			<report>
				<misses>1486001</misses>
				<total>11</total>
				<timestamp>475.045035</timestamp>
			</report>
			<report>
				<misses>1487001</misses>
				<total>10</total>
				<timestamp>475.364802</timestamp>
			</report>
			<report>
				<misses>1488001</misses>
				<total>11</total>
				<timestamp>475.684377</timestamp>
			</report>
			<report>
				<misses>1489001</misses>
				<total>11</total>
				<timestamp>476.004016</timestamp>
			</report>
			<report>
				<misses>1490001</misses>
				<total>11</total>
				<timestamp>476.323703</timestamp>
			</report>
			<report>
				<misses>1491001</misses>
				<total>11</total>
				<timestamp>476.643384</timestamp>
			</report>
			<report>
				<misses>1492001</misses>
				<total>11</total>
				<timestamp>476.963086</timestamp>
			</report>
			<report>
				<misses>1493001</misses>
				<total>11</total>
				<timestamp>477.282779</timestamp>
			</report>
			<report>
				<misses>1494001</misses>
				<total>11</total>
				<timestamp>477.602573</timestamp>
			</report>
			<report>
				<misses>1495001</misses>
				<total>11</total>
				<timestamp>477.922214</timestamp>
			</report>
			<report>
				<misses>1496001</misses>
				<total>11</total>
				<timestamp>478.241819</timestamp>
			</report>
			<report>
				<misses>1497001</misses>
				<total>10</total>
				<timestamp>478.561582</timestamp>
			</report>
			<report>
				<misses>1498001</misses>
				<total>11</total>
				<timestamp>478.881185</timestamp>
			</report>
			<report>
				<misses>1499001</misses>
				<total>11</total>
				<timestamp>479.200976</timestamp>
			</report>
			<report>
				<misses>1500001</misses>
				<total>11</total>
				<timestamp>479.520561</timestamp>
			</report>
			<report>
				<misses>1501001</misses>
				<total>11</total>
				<timestamp>479.840230</timestamp>
			</report>
			<report>
				<misses>1502001</misses>
				<total>11</total>
				<timestamp>480.159957</timestamp>
			</report>
			<report>
				<misses>1503001</misses>
				<total>11</total>
				<timestamp>480.479593</timestamp>
			</report>
			<report>
				<misses>1504001</misses>
				<total>11</total>
				<timestamp>480.799223</timestamp>
			</report>
			<report>
				<misses>1505001</misses>
				<total>11</total>
				<timestamp>481.118945</timestamp>
			</report>
			<report>
				<misses>1506001</misses>
				<total>11</total>
				<timestamp>481.438582</timestamp>
			</report>
			<report>
				<misses>1507001</misses>
				<total>11</total>
				<timestamp>481.758325</timestamp>
			</report>
			<report>
				<misses>1508001</misses>
				<total>11</total>
				<timestamp>482.077964</timestamp>
			</report>
			<report>
				<misses>1509001</misses>
				<total>11</total>
				<timestamp>482.397609</timestamp>
			</report>
			<report>
				<misses>1510001</misses>
				<total>11</total>
				<timestamp>482.717328</timestamp>
			</report>
			<report>
				<misses>1511001</misses>
				<total>11</total>
				<timestamp>483.037045</timestamp>
			</report>
			<report>
				<misses>1512001</misses>
				<total>11</total>
				<timestamp>483.356730</timestamp>
			</report>
			<report>
				<misses>1513001</misses>
				<total>11</total>
				<timestamp>483.676341</timestamp>
			</report>
			<report>
				<misses>1514001</misses>
				<total>11</total>
				<timestamp>483.996013</timestamp>
			</report>
			<report>
				<misses>1515001</misses>
				<total>11</total>
				<timestamp>484.315733</timestamp>
			</report>
			<report>
				<misses>1516001</misses>
				<total>11</total>
				<timestamp>484.635523</timestamp>
			</report>
			<report>
				<misses>1517001</misses>
				<total>11</total>
				<timestamp>484.955124</timestamp>
			</report>
			<report>
				<misses>1518001</misses>
				<total>11</total>
				<timestamp>485.274781</timestamp>
			</report>
			<report>
				<misses>1519001</misses>
				<total>11</total>
				<timestamp>485.594409</timestamp>
			</report>
			<report>
				<misses>1520001</misses>
				<total>11</total>
				<timestamp>485.914109</timestamp>
			</report>
			<report>
				<misses>1521001</misses>
				<total>11</total>
				<timestamp>486.233837</timestamp>
			</report>
			<report>
				<misses>1522001</misses>
				<total>11</total>
				<timestamp>486.553483</timestamp>
			</report>
			<report>
				<misses>1523001</misses>
				<total>11</total>
				<timestamp>486.873184</timestamp>
			</report>
			<report>
				<misses>1524001</misses>
				<total>11</total>
				<timestamp>487.192801</timestamp>
			</report>
			<report>
				<misses>1525001</misses>
				<total>11</total>
				<timestamp>487.512570</timestamp>
			</report>
			<report>
				<misses>1526001</misses>
				<total>11</total>
				<timestamp>487.832199</timestamp>
			</report>
			<report>
				<misses>1527001</misses>
				<total>11</total>
				<timestamp>488.151957</timestamp>
			</report>
			<report>
				<misses>1528001</misses>
				<total>11</total>
				<timestamp>488.471579</timestamp>
			</report>
			<report>
				<misses>1529001</misses>
				<total>11</total>
				<timestamp>488.791310</timestamp>
			</report>
			<report>
				<misses>1530001</misses>
				<total>11</total>
				<timestamp>489.110956</timestamp>
			</report>
			<report>
				<misses>1531001</misses>
				<total>10</total>
				<timestamp>489.430736</timestamp>
			</report>
			<report>
				<misses>1532001</misses>
				<total>11</total>
				<timestamp>489.750276</timestamp>
			</report>
			<report>
				<misses>1533001</misses>
				<total>11</total>
				<timestamp>490.069978</timestamp>
			</report>
			<report>
				<misses>1534001</misses>
				<total>11</total>
				<timestamp>490.389715</timestamp>
			</report>
			<report>
				<misses>1535001</misses>
				<total>11</total>
				<timestamp>490.709292</timestamp>
			</report>
			<report>
				<misses>1536001</misses>
				<total>11</total>
				<timestamp>491.028976</timestamp>
			</report>
			<report>
				<misses>1537001</misses>
				<total>11</total>
				<timestamp>491.348704</timestamp>
			</report>
			<report>
				<misses>1538001</misses>
				<total>11</total>
				<timestamp>491.668345</timestamp>
			</report>
			<report>
				<misses>1539001</misses>
				<total>11</total>
				<timestamp>491.988067</timestamp>
			</report>
			<report>
				<misses>1540001</misses>
				<total>10</total>
				<timestamp>492.307830</timestamp>
			</report>
			<report>
				<misses>1541001</misses>
				<total>11</total>
				<timestamp>492.627369</timestamp>
			</report>
			<report>
				<misses>1542001</misses>
				<total>11</total>
				<timestamp>492.947050</timestamp>
			</report>
			<report>
				<misses>1543001</misses>
				<total>11</total>
				<timestamp>493.266782</timestamp>
			</report>
			<report>
				<misses>1544001</misses>
				<total>11</total>
				<timestamp>493.586416</timestamp>
			</report>
			<report>
				<misses>1545001</misses>
				<total>11</total>
				<timestamp>493.906106</timestamp>
			</report>
			<report>
				<misses>1546001</misses>
				<total>11</total>
				<timestamp>494.225826</timestamp>
			</report>
			<report>
				<misses>1547001</misses>
				<total>11</total>
				<timestamp>494.545563</timestamp>
			</report>
			<report>
				<misses>1548001</misses>
				<total>11</total>
				<timestamp>494.865209</timestamp>
			</report>
			<report>
				<misses>1549001</misses>
				<total>11</total>
				<timestamp>495.184807</timestamp>
			</report>
			<report>
				<misses>1550001</misses>
				<total>10</total>
				<timestamp>495.504671</timestamp>
			</report>
			<report>
				<misses>1551001</misses>
				<total>11</total>
				<timestamp>495.824240</timestamp>
			</report>
			<report>
				<misses>1552001</misses>
				<total>10</total>
				<timestamp>496.144083</timestamp>
			</report>
			<report>
				<misses>1553001</misses>
				<total>11</total>
				<timestamp>496.463584</timestamp>
			</report>
			<report>
				<misses>1554001</misses>
				<total>11</total>
				<timestamp>496.783289</timestamp>
			</report>
			<report>
				<misses>1555001</misses>
				<total>11</total>
				<timestamp>497.102934</timestamp>
			</report>
			<report>
				<misses>1556001</misses>
				<total>11</total>
				<timestamp>497.422711</timestamp>
			</report>
			<report>
				<misses>1557001</misses>
				<total>11</total>
				<timestamp>497.742238</timestamp>
			</report>
			<report>
				<misses>1558001</misses>
				<total>11</total>
				<timestamp>498.061942</timestamp>
			</report>
			<report>
				<misses>1559001</misses>
				<total>11</total>
				<timestamp>498.381647</timestamp>
			</report>
			<report>
				<misses>1560001</misses>
				<total>11</total>
				<timestamp>498.701353</timestamp>
			</report>
			<report>
				<misses>1561001</misses>
				<total>11</total>
				<timestamp>499.021044</timestamp>
			</report>
			<report>
				<misses>1562001</misses>
				<total>11</total>
				<timestamp>499.340668</timestamp>
			</report>
			<report>
				<misses>1563001</misses>
				<total>11</total>
				<timestamp>499.660381</timestamp>
			</report>
			<report>
				<misses>1564001</misses>
				<total>11</total>
				<timestamp>499.980076</timestamp>
			</report>
			<report>
				<misses>1565001</misses>
				<total>11</total>
				<timestamp>500.299753</timestamp>
			</report>
			<report>
				<misses>1566001</misses>
				<total>11</total>
				<timestamp>500.619413</timestamp>
			</report>
			<report>
				<misses>1567001</misses>
				<total>11</total>
				<timestamp>500.939040</timestamp>
			</report>
			<report>
				<misses>1568001</misses>
				<total>11</total>
				<timestamp>501.258820</timestamp>
			</report>
			<report>
				<misses>1569001</misses>
				<total>11</total>
				<timestamp>501.578441</timestamp>
			</report>
			<report>
				<misses>1570001</misses>
				<total>11</total>
				<timestamp>501.898119</timestamp>
			</report>
			<report>
				<misses>1571001</misses>
				<total>11</total>
				<timestamp>502.217820</timestamp>
			</report>
			<report>
				<misses>1572001</misses>
				<total>11</total>
				<timestamp>502.537505</timestamp>
			</report>
			<report>
				<misses>1573001</misses>
				<total>11</total>
				<timestamp>502.857186</timestamp>
			</report>
			<report>
				<misses>1574001</misses>
				<total>10</total>
				<timestamp>503.176909</timestamp>
			</report>
			<report>
				<misses>1575001</misses>
				<total>11</total>
				<timestamp>503.496512</timestamp>
			</report>
			<report>
				<misses>1576001</misses>
				<total>11</total>
				<timestamp>503.816175</timestamp>
			</report>
			<report>
				<misses>1577001</misses>
				<total>11</total>
				<timestamp>504.135890</timestamp>
			</report>
			<report>
				<misses>1578001</misses>
				<total>11</total>
				<timestamp>504.455582</timestamp>
			</report>
			<report>
				<misses>1579001</misses>
				<total>11</total>
				<timestamp>504.775232</timestamp>
			</report>
			<report>
				<misses>1580001</misses>
				<total>11</total>
				<timestamp>505.094899</timestamp>
			</report>
			<report>
				<misses>1581001</misses>
				<total>11</total>
				<timestamp>505.414585</timestamp>
			</report>
			<report>
				<misses>1582001</misses>
				<total>11</total>
				<timestamp>505.734270</timestamp>
			</report>
			<report>
				<misses>1583001</misses>
				<total>10</total>
				<timestamp>506.054026</timestamp>
			</report>
			<report>
				<misses>1584001</misses>
				<total>11</total>
				<timestamp>506.373718</timestamp>
			</report>
			<report>
				<misses>1585001</misses>
				<total>11</total>
				<timestamp>506.693311</timestamp>
			</report>
			<report>
				<misses>1586001</misses>
				<total>11</total>
				<timestamp>507.012977</timestamp>
			</report>
			<report>
				<misses>1587001</misses>
				<total>11</total>
				<timestamp>507.332677</timestamp>
			</report>
			<report>
				<misses>1588001</misses>
				<total>11</total>
				<timestamp>507.652346</timestamp>
			</report>
			<report>
				<misses>1589001</misses>
				<total>11</total>
				<timestamp>507.972086</timestamp>
			</report>
			<report>
				<misses>1590001</misses>
				<total>11</total>
				<timestamp>508.291713</timestamp>
			</report>
			<report>
				<misses>1591001</misses>
				<total>11</total>
				<timestamp>508.611362</timestamp>
			</report>
			<report>
				<misses>1592001</misses>
				<total>11</total>
				<timestamp>508.931093</timestamp>
			</report>
			<report>
				<misses>1593001</misses>
				<total>11</total>
				<timestamp>509.250748</timestamp>
			</report>
			<report>
				<misses>1594001</misses>
				<total>11</total>
				<timestamp>509.570398</timestamp>
			</report>
			<report>
				<misses>1595001</misses>
				<total>11</total>
				<timestamp>509.890134</timestamp>
			</report>
			<report>
				<misses>1596001</misses>
				<total>11</total>
				<timestamp>510.209850</timestamp>
			</report>
			<report>
				<misses>1597001</misses>
				<total>11</total>
				<timestamp>510.529446</timestamp>
			</report>
			<report>
				<misses>1598001</misses>
				<total>11</total>
				<timestamp>510.849156</timestamp>
			</report>
			<report>
				<misses>1599001</misses>
				<total>11</total>
				<timestamp>511.168805</timestamp>
			</report>
			<report>
				<misses>1600001</misses>
				<total>11</total>
				<timestamp>511.488487</timestamp>
			</report>
			<report>
				<misses>1601001</misses>
				<total>11</total>
				<timestamp>511.808221</timestamp>
			</report>
			<report>
				<misses>1602001</misses>
				<total>11</total>
				<timestamp>512.127925</timestamp>
			</report>
			<report>
				<misses>1603001</misses>
				<total>11</total>
				<timestamp>512.447569</timestamp>
			</report>
			<report>
				<misses>1604001</misses>
				<total>10</total>
				<timestamp>512.767297</timestamp>
			</report>
			<report>
				<misses>1605001</misses>
				<total>11</total>
				<timestamp>513.086934</timestamp>
			</report>
			<report>
				<misses>1606001</misses>
				<total>11</total>
				<timestamp>513.406620</timestamp>
			</report>
			<report>
				<misses>1607001</misses>
				<total>11</total>
				<timestamp>513.726242</timestamp>
			</report>
			<report>
				<misses>1608001</misses>
				<total>11</total>
				<timestamp>514.045964</timestamp>
			</report>
			<report>
				<misses>1609001</misses>
				<total>11</total>
				<timestamp>514.365605</timestamp>
			</report>
			<report>
				<misses>1610001</misses>
				<total>11</total>
				<timestamp>514.685340</timestamp>
			</report>
			<report>
				<misses>1611001</misses>
				<total>11</total>
				<timestamp>515.004984</timestamp>
			</report>
			<report>
				<misses>1612001</misses>
				<total>11</total>
				<timestamp>515.324675</timestamp>
			</report>
			<report>
				<misses>1613001</misses>
				<total>11</total>
				<timestamp>515.644381</timestamp>
			</report>
			<report>
				<misses>1614001</misses>
				<total>11</total>
				<timestamp>515.964054</timestamp>
			</report>
			<report>
				<misses>1615001</misses>
				<total>11</total>
				<timestamp>516.283720</timestamp>
			</report>
			<report>
				<misses>1616001</misses>
				<total>11</total>
				<timestamp>516.603355</timestamp>
			</report>
			<report>
				<misses>1617001</misses>
				<total>11</total>
				<timestamp>516.923089</timestamp>
			</report>
			<report>
				<misses>1618001</misses>
				<total>11</total>
				<timestamp>517.242757</timestamp>
			</report>
			<report>
				<misses>1619001</misses>
				<total>11</total>
				<timestamp>517.562417</timestamp>
			</report>
			<report>
				<misses>1620001</misses>
				<total>11</total>
				<timestamp>517.882138</timestamp>
			</report>
			<report>
				<misses>1621001</misses>
				<total>11</total>
				<timestamp>518.201811</timestamp>
			</report>
			<report>
				<misses>1622001</misses>
				<total>11</total>
				<timestamp>518.521562</timestamp>
			</report>
			<report>
				<misses>1623001</misses>
				<total>11</total>
				<timestamp>518.841186</timestamp>
			</report>
			<report>
				<misses>1624001</misses>
				<total>11</total>
				<timestamp>519.160842</timestamp>
			</report>
			<report>
				<misses>1625001</misses>
				<total>11</total>
				<timestamp>519.480575</timestamp>
			</report>
			<report>
				<misses>1626001</misses>
				<total>11</total>
				<timestamp>519.800214</timestamp>
			</report>
			<report>
				<misses>1627001</misses>
				<total>11</total>
				<timestamp>520.119970</timestamp>
			</report>
			<report>
				<misses>1628001</misses>
				<total>11</total>
				<timestamp>520.439566</timestamp>
			</report>
			<report>
				<misses>1629001</misses>
				<total>11</total>
				<timestamp>520.759250</timestamp>
			</report>
			<report>
				<misses>1630001</misses>
				<total>11</total>
				<timestamp>521.078933</timestamp>
			</report>
			<report>
				<misses>1631001</misses>
				<total>11</total>
				<timestamp>521.398705</timestamp>
			</report>
			<report>
				<misses>1632001</misses>
				<total>11</total>
				<timestamp>521.718276</timestamp>
			</report>
			<report>
				<misses>1633001</misses>
				<total>11</total>
				<timestamp>522.037951</timestamp>
			</report>
			<report>
				<misses>1634001</misses>
				<total>10</total>
				<timestamp>522.357743</timestamp>
			</report>
			<report>
				<misses>1635001</misses>
				<total>11</total>
				<timestamp>522.677330</timestamp>
			</report>
			<report>
				<misses>1636001</misses>
				<total>11</total>
				<timestamp>522.997016</timestamp>
			</report>
			<report>
				<misses>1637001</misses>
				<total>11</total>
				<timestamp>523.316685</timestamp>
			</report>
			<report>
				<misses>1638001</misses>
				<total>11</total>
				<timestamp>523.636349</timestamp>
			</report>
			<report>
				<misses>1639001</misses>
				<total>11</total>
				<timestamp>523.956065</timestamp>
			</report>
			<report>
				<misses>1640001</misses>
				<total>11</total>
				<timestamp>524.275722</timestamp>
			</report>
			<report>
				<misses>1641001</misses>
				<total>11</total>
				<timestamp>524.595358</timestamp>
			</report>
			<report>
				<misses>1642001</misses>
				<total>11</total>
				<timestamp>524.915186</timestamp>
			</report>
			<report>
				<misses>1643001</misses>
				<total>11</total>
				<timestamp>525.234834</timestamp>
			</report>
			<report>
				<misses>1644001</misses>
				<total>11</total>
				<timestamp>525.554436</timestamp>
			</report>
			<report>
				<misses>1645001</misses>
				<total>11</total>
				<timestamp>525.874151</timestamp>
			</report>
			<report>
				<misses>1646001</misses>
				<total>11</total>
				<timestamp>526.193816</timestamp>
			</report>
			<report>
				<misses>1647001</misses>
				<total>11</total>
				<timestamp>526.513472</timestamp>
			</report>
			<report>
				<misses>1648001</misses>
				<total>10</total>
				<timestamp>526.833226</timestamp>
			</report>
			<report>
				<misses>1649001</misses>
				<total>11</total>
				<timestamp>527.152819</timestamp>
			</report>
			<report>
				<misses>1650001</misses>
				<total>11</total>
				<timestamp>527.472520</timestamp>
			</report>
			<report>
				<misses>1651001</misses>
				<total>11</total>
				<timestamp>527.792190</timestamp>
			</report>
			<report>
				<misses>1652001</misses>
				<total>11</total>
				<timestamp>528.111908</timestamp>
			</report>
			<report>
				<misses>1653001</misses>
				<total>11</total>
				<timestamp>528.431668</timestamp>
			</report>
			<report>
				<misses>1654001</misses>
				<total>11</total>
				<timestamp>528.751207</timestamp>
			</report>
			<report>
				<misses>1655001</misses>
				<total>11</total>
				<timestamp>529.071020</timestamp>
			</report>
			<report>
				<misses>1656001</misses>
				<total>12</total>
				<timestamp>529.390595</timestamp>
			</report>
			<report>
				<misses>1657001</misses>
				<total>12</total>
				<timestamp>529.710263</timestamp>
			</report>
			<report>
				<misses>1658001</misses>
				<total>12</total>
				<timestamp>530.030024</timestamp>
			</report>
			<report>
				<misses>1659001</misses>
				<total>12</total>
				<timestamp>530.349714</timestamp>
			</report>
			<report>
				<misses>1660001</misses>
				<total>11</total>
				<timestamp>530.669389</timestamp>
			</report>
			<report>
				<misses>1661001</misses>
				<total>12</total>
				<timestamp>530.988982</timestamp>
			</report>
			<report>
				<misses>1662001</misses>
				<total>12</total>
				<timestamp>531.308702</timestamp>
			</report>
			<report>
				<misses>1663001</misses>
				<total>12</total>
				<timestamp>531.628363</timestamp>
			</report>
			<report>
				<misses>1664001</misses>
				<total>12</total>
				<timestamp>531.948049</timestamp>
			</report>
			<report>
				<misses>1665001</misses>
				<total>12</total>
				<timestamp>532.267681</timestamp>
			</report>
			<report>
				<misses>1666001</misses>
				<total>12</total>
				<timestamp>532.587427</timestamp>
			</report>
			<report>
				<misses>1667001</misses>
				<total>12</total>
				<timestamp>532.907149</timestamp>
			</report>
			<report>
				<misses>1668001</misses>
				<total>12</total>
				<timestamp>533.226792</timestamp>
			</report>
			<report>
				<misses>1669001</misses>
				<total>11</total>
				<timestamp>533.546506</timestamp>
			</report>
			<report>
				<misses>1670001</misses>
				<total>12</total>
				<timestamp>533.866079</timestamp>
			</report>
			<report>
				<misses>1671001</misses>
				<total>11</total>
				<timestamp>534.185879</timestamp>
			</report>
			<report>
				<misses>1672001</misses>
				<total>12</total>
				<timestamp>534.505565</timestamp>
			</report>
			<report>
				<misses>1673001</misses>
				<total>12</total>
				<timestamp>534.825207</timestamp>
			</report>
			<report>
				<misses>1674001</misses>
				<total>12</total>
				<timestamp>535.144859</timestamp>
			</report>
			<report>
				<misses>1675001</misses>
				<total>12</total>
				<timestamp>535.464560</timestamp>
			</report>
			<report>
				<misses>1676001</misses>
				<total>12</total>
				<timestamp>535.784176</timestamp>
			</report>
			<report>
				<misses>1677001</misses>
				<total>12</total>
				<timestamp>536.104080</timestamp>
			</report>
			<report>
				<misses>1678001</misses>
				<total>12</total>
				<timestamp>536.423538</timestamp>
			</report>
			<report>
				<misses>1679001</misses>
				<total>11</total>
				<timestamp>536.743298</timestamp>
			</report>
			<report>
				<misses>1680001</misses>
				<total>11</total>
				<timestamp>537.063065</timestamp>
			</report>
			<report>
				<misses>1681001</misses>
				<total>11</total>
				<timestamp>537.382697</timestamp>
			</report>
			<report>
				<misses>1682001</misses>
				<total>12</total>
				<timestamp>537.702297</timestamp>
			</report>
			<report>
				<misses>1683001</misses>
				<total>12</total>
				<timestamp>538.022063</timestamp>
			</report>
			<report>
				<misses>1684001</misses>
				<total>12</total>
				<timestamp>538.341679</timestamp>
			</report>
			<report>
				<misses>1685001</misses>
				<total>12</total>
				<timestamp>538.661315</timestamp>
			</report>
			<report>
				<misses>1686001</misses>
				<total>12</total>
				<timestamp>538.981016</timestamp>
			</report>
			<report>
				<misses>1687001</misses>
				<total>12</total>
				<timestamp>539.300708</timestamp>
			</report>
			<report>
				<misses>1688001</misses>
				<total>12</total>
				<timestamp>539.620339</timestamp>
			</report>
			<report>
				<misses>1689001</misses>
				<total>12</total>
				<timestamp>539.940174</timestamp>
			</report>
			<report>
				<misses>1690001</misses>
				<total>12</total>
				<timestamp>540.259814</timestamp>
			</report>
			<report>
				<misses>1691001</misses>
				<total>12</total>
				<timestamp>540.579428</timestamp>
			</report>
			<report>
				<misses>1692001</misses>
				<total>12</total>
				<timestamp>540.899130</timestamp>
			</report>
			<report>
				<misses>1693001</misses>
				<total>11</total>
				<timestamp>541.218888</timestamp>
			</report>
			<report>
				<misses>1694001</misses>
				<total>12</total>
				<timestamp>541.538581</timestamp>
			</report>
			<report>
				<misses>1695001</misses>
				<total>12</total>
				<timestamp>541.858105</timestamp>
			</report>
			<report>
				<misses>1696001</misses>
				<total>12</total>
				<timestamp>542.177850</timestamp>
			</report>
			<report>
				<misses>1697001</misses>
				<total>12</total>
				<timestamp>542.497579</timestamp>
			</report>
			<report>
				<misses>1698001</misses>
				<total>12</total>
				<timestamp>542.817119</timestamp>
			</report>
			<report>
				<misses>1699001</misses>
				<total>12</total>
				<timestamp>543.136806</timestamp>
			</report>
			<report>
				<misses>1700001</misses>
				<total>12</total>
				<timestamp>543.456577</timestamp>
			</report>
			<report>
				<misses>1701001</misses>
				<total>11</total>
				<timestamp>543.776254</timestamp>
			</report>
			<report>
				<misses>1702001</misses>
				<total>12</total>
				<timestamp>544.095963</timestamp>
			</report>
			<report>
				<misses>1703001</misses>
				<total>12</total>
				<timestamp>544.415603</timestamp>
			</report>
			<report>
				<misses>1704001</misses>
				<total>12</total>
				<timestamp>544.735262</timestamp>
			</report>
			<report>
				<misses>1705001</misses>
				<total>12</total>
				<timestamp>545.054949</timestamp>
			</report>
			<report>
				<misses>1706001</misses>
				<total>12</total>
				<timestamp>545.374559</timestamp>
			</report>
			<report>
				<misses>1707001</misses>
				<total>12</total>
				<timestamp>545.694245</timestamp>
			</report>
			<report>
				<misses>1708001</misses>
				<total>11</total>
				<timestamp>546.014037</timestamp>
			</report>
			<report>
				<misses>1709001</misses>
				<total>12</total>
				<timestamp>546.333679</timestamp>
			</report>
			<report>
				<misses>1710001</misses>
				<total>12</total>
				<timestamp>546.653308</timestamp>
			</report>
			<report>
				<misses>1711001</misses>
				<total>12</total>
				<timestamp>546.973008</timestamp>
			</report>
			<report>
				<misses>1712001</misses>
				<total>12</total>
				<timestamp>547.292788</timestamp>
			</report>
			<report>
				<misses>1713001</misses>
				<total>12</total>
				<timestamp>547.612416</timestamp>
			</report>
			<report>
				<misses>1714001</misses>
				<total>12</total>
				<timestamp>547.932082</timestamp>
			</report>
			<report>
				<misses>1715001</misses>
				<total>12</total>
				<timestamp>548.251679</timestamp>
			</report>
			<report>
				<misses>1716001</misses>
				<total>12</total>
				<timestamp>548.571400</timestamp>
			</report>
			<report>
				<misses>1717001</misses>
				<total>12</total>
				<timestamp>548.891046</timestamp>
			</report>
			<report>
				<misses>1718001</misses>
				<total>12</total>
				<timestamp>549.210838</timestamp>
			</report>
			<report>
				<misses>1719001</misses>
				<total>12</total>
				<timestamp>549.530476</timestamp>
			</report>
			<report>
				<misses>1720001</misses>
				<total>12</total>
				<timestamp>549.850121</timestamp>
			</report>
			<report>
				<misses>1721001</misses>
				<total>12</total>
				<timestamp>550.169824</timestamp>
			</report>
			<report>
				<misses>1722001</misses>
				<total>12</total>
				<timestamp>550.489476</timestamp>
			</report>
			<report>
				<misses>1723001</misses>
				<total>12</total>
				<timestamp>550.809134</timestamp>
			</report>
			<report>
				<misses>1724001</misses>
				<total>12</total>
				<timestamp>551.128846</timestamp>
			</report>
			<report>
				<misses>1725001</misses>
				<total>11</total>
				<timestamp>551.448579</timestamp>
			</report>
			<report>
				<misses>1726001</misses>
				<total>12</total>
				<timestamp>551.768151</timestamp>
			</report>
			<report>
				<misses>1727001</misses>
				<total>12</total>
				<timestamp>552.087880</timestamp>
			</report>
			<report>
				<misses>1728001</misses>
				<total>12</total>
				<timestamp>552.407519</timestamp>
			</report>
			<report>
				<misses>1729001</misses>
				<total>12</total>
				<timestamp>552.727210</timestamp>
			</report>
			<report>
				<misses>1730001</misses>
				<total>12</total>
				<timestamp>553.047036</timestamp>
			</report>
			<report>
				<misses>1731001</misses>
				<total>12</total>
				<timestamp>553.366661</timestamp>
			</report>
			<report>
				<misses>1732001</misses>
				<total>12</total>
				<timestamp>553.686346</timestamp>
			</report>
			<report>
				<misses>1733001</misses>
				<total>12</total>
				<timestamp>554.005999</timestamp>
			</report>
			<report>
				<misses>1734001</misses>
				<total>12</total>
				<timestamp>554.325656</timestamp>
			</report>
			<report>
				<misses>1735001</misses>
				<total>11</total>
				<timestamp>554.645395</timestamp>
			</report>
			<report>
				<misses>1736001</misses>
				<total>12</total>
				<timestamp>554.965010</timestamp>
			</report>
			<report>
				<misses>1737001</misses>
				<total>12</total>
				<timestamp>555.284682</timestamp>
			</report>
			<report>
				<misses>1738001</misses>
				<total>12</total>
				<timestamp>555.604464</timestamp>
			</report>
			<report>
				<misses>1739001</misses>
				<total>12</total>
				<timestamp>555.924045</timestamp>
			</report>
			<report>
				<misses>1740001</misses>
				<total>12</total>
				<timestamp>556.243731</timestamp>
			</report>
			<report>
				<misses>1741001</misses>
				<total>12</total>
				<timestamp>556.563415</timestamp>
			</report>
			<report>
				<misses>1742001</misses>
				<total>12</total>
				<timestamp>556.883062</timestamp>
			</report>
			<report>
				<misses>1743001</misses>
				<total>11</total>
				<timestamp>557.202888</timestamp>
			</report>
			<report>
				<misses>1744001</misses>
				<total>12</total>
				<timestamp>557.522463</timestamp>
			</report>
			<report>
				<misses>1745001</misses>
				<total>12</total>
				<timestamp>557.842205</timestamp>
			</report>
			<report>
				<misses>1746001</misses>
				<total>12</total>
				<timestamp>558.161837</timestamp>
			</report>
			<report>
				<misses>1747001</misses>
				<total>12</total>
				<timestamp>558.481454</timestamp>
			</report>
			<report>
				<misses>1748001</misses>
				<total>12</total>
				<timestamp>558.801123</timestamp>
			</report>
			<report>
				<misses>1749001</misses>
				<total>12</total>
				<timestamp>559.120825</timestamp>
			</report>
			<report>
				<misses>1750001</misses>
				<total>12</total>
				<timestamp>559.440541</timestamp>
			</report>
			<report>
				<misses>1751001</misses>
				<total>12</total>
				<timestamp>559.760237</timestamp>
			</report>
			<report>
				<misses>1752001</misses>
				<total>11</total>
				<timestamp>560.080060</timestamp>
			</report>
			<report>
				<misses>1753001</misses>
				<total>12</total>
				<timestamp>560.399709</timestamp>
			</report>
			<report>
				<misses>1754001</misses>
				<total>12</total>
				<timestamp>560.719220</timestamp>
			</report>
			<report>
				<misses>1755001</misses>
				<total>12</total>
				<timestamp>561.038971</timestamp>
			</report>
			<report>
				<misses>1756001</misses>
				<total>12</total>
				<timestamp>561.358714</timestamp>
			</report>
			<report>
				<misses>1757001</misses>
				<total>12</total>
				<timestamp>561.678241</timestamp>
			</report>
			<report>
				<misses>1758001</misses>
				<total>12</total>
				<timestamp>561.997979</timestamp>
			</report>
			<report>
				<misses>1759001</misses>
				<total>12</total>
				<timestamp>562.317710</timestamp>
			</report>
			<report>
				<misses>1760001</misses>
				<total>12</total>
				<timestamp>562.637314</timestamp>
			</report>
			<report>
				<misses>1761001</misses>
				<total>12</total>
				<timestamp>562.956950</timestamp>
			</report>
			<report>
				<misses>1762001</misses>
				<total>12</total>
				<timestamp>563.276712</timestamp>
			</report>
			<report>
				<misses>1763001</misses>
				<total>12</total>
				<timestamp>563.596402</timestamp>
			</report>
			<report>
				<misses>1764001</misses>
				<total>12</total>
				<timestamp>563.916041</timestamp>
			</report>
			<report>
				<misses>1765001</misses>
				<total>12</total>
				<timestamp>564.235694</timestamp>
			</report>
			<report>
				<misses>1766001</misses>
				<total>12</total>
				<timestamp>564.555380</timestamp>
			</report>
			<report>
				<misses>1767001</misses>
				<total>12</total>
				<timestamp>564.875166</timestamp>
			</report>
			<report>
				<misses>1768001</misses>
				<total>11</total>
				<timestamp>565.194876</timestamp>
			</report>
			<report>
				<misses>1769001</misses>
				<total>12</total>
				<timestamp>565.514585</timestamp>
			</report>
			<report>
				<misses>1770001</misses>
				<total>12</total>
				<timestamp>565.834103</timestamp>
			</report>
			<report>
				<misses>1771001</misses>
				<total>12</total>
				<timestamp>566.153829</timestamp>
			</report>
			<report>
				<misses>1772001</misses>
				<total>12</total>
				<timestamp>566.473567</timestamp>
			</report>
			<report>
				<misses>1773001</misses>
				<total>12</total>
				<timestamp>566.793145</timestamp>
			</report>
			<report>
				<misses>1774001</misses>
				<total>12</total>
				<timestamp>567.112935</timestamp>
			</report>
			<report>
				<misses>1775001</misses>
				<total>12</total>
				<timestamp>567.432541</timestamp>
			</report>
			<report>
				<misses>1776001</misses>
				<total>12</total>
				<timestamp>567.752159</timestamp>
			</report>
			<report>
				<misses>1777001</misses>
				<total>12</total>
				<timestamp>568.071876</timestamp>
			</report>
			<report>
				<misses>1778001</misses>
				<total>12</total>
				<timestamp>568.391537</timestamp>
			</report>
			<report>
				<misses>1779001</misses>
				<total>12</total>
				<timestamp>568.711206</timestamp>
			</report>
			<report>
				<misses>1780001</misses>
				<total>12</total>
				<timestamp>569.030961</timestamp>
			</report>
			<report>
				<misses>1781001</misses>
				<total>12</total>
				<timestamp>569.350595</timestamp>
			</report>
			<report>
				<misses>1782001</misses>
				<total>12</total>
				<timestamp>569.670314</timestamp>
			</report>
			<report>
				<misses>1783001</misses>
				<total>11</total>
				<timestamp>569.990034</timestamp>
			</report>
			<report>
				<misses>1784001</misses>
				<total>12</total>
				<timestamp>570.309682</timestamp>
			</report>
			<report>
				<misses>1785001</misses>
				<total>12</total>
				<timestamp>570.629339</timestamp>
			</report>
			<report>
				<misses>1786001</misses>
				<total>12</total>
				<timestamp>570.949066</timestamp>
			</report>
			<report>
				<misses>1787001</misses>
				<total>12</total>
				<timestamp>571.268711</timestamp>
			</report>
			<report>
				<misses>1788001</misses>
				<total>12</total>
				<timestamp>571.588355</timestamp>
			</report>
			<report>
				<misses>1789001</misses>
				<total>11</total>
				<timestamp>571.908097</timestamp>
			</report>
			<report>
				<misses>1790001</misses>
				<total>12</total>
				<timestamp>572.227800</timestamp>
			</report>
			<report>
				<misses>1791001</misses>
				<total>12</total>
				<timestamp>572.547436</timestamp>
			</report>
			<report>
				<misses>1792001</misses>
				<total>12</total>
				<timestamp>572.867041</timestamp>
			</report>
			<report>
				<misses>1793001</misses>
				<total>12</total>
				<timestamp>573.186752</timestamp>
			</report>
			<report>
				<misses>1794001</misses>
				<total>12</total>
				<timestamp>573.506478</timestamp>
			</report>
			<report>
				<misses>1795001</misses>
				<total>11</total>
				<timestamp>573.826170</timestamp>
			</report>
			<report>
				<misses>1796001</misses>
				<total>12</total>
				<timestamp>574.145804</timestamp>
			</report>
			<report>
				<misses>1797001</misses>
				<total>12</total>
				<timestamp>574.465478</timestamp>
			</report>
			<report>
				<misses>1798001</misses>
				<total>12</total>
				<timestamp>574.785118</timestamp>
			</report>
			<report>
				<misses>1799001</misses>
				<total>12</total>
				<timestamp>575.104832</timestamp>
			</report>
			<report>
				<misses>1800001</misses>
				<total>12</total>
				<timestamp>575.424576</timestamp>
			</report>
			<report>
				<misses>1801001</misses>
				<total>12</total>
				<timestamp>575.744177</timestamp>
			</report>
			<report>
				<misses>1802001</misses>
				<total>12</total>
				<timestamp>576.063949</timestamp>
			</report>
			<report>
				<misses>1803001</misses>
				<total>12</total>
				<timestamp>576.383570</timestamp>
			</report>
			<report>
				<misses>1804001</misses>
				<total>12</total>
				<timestamp>576.703225</timestamp>
			</report>
			<report>
				<misses>1805001</misses>
				<total>12</total>
				<timestamp>577.022941</timestamp>
			</report>
			<report>
				<misses>1806001</misses>
				<total>12</total>
				<timestamp>577.342629</timestamp>
			</report>
			<report>
				<misses>1807001</misses>
				<total>12</total>
				<timestamp>577.662261</timestamp>
			</report>
			<report>
				<misses>1808001</misses>
				<total>12</total>
				<timestamp>577.981925</timestamp>
			</report>
			<report>
				<misses>1809001</misses>
				<total>12</total>
				<timestamp>578.301683</timestamp>
			</report>
			<report>
				<misses>1810001</misses>
				<total>12</total>
				<timestamp>578.621388</timestamp>
			</report>
			<report>
				<misses>1811001</misses>
				<total>11</total>
				<timestamp>578.941060</timestamp>
			</report>
			<report>
				<misses>1812001</misses>
				<total>12</total>
				<timestamp>579.260720</timestamp>
			</report>
			<report>
				<misses>1813001</misses>
				<total>12</total>
				<timestamp>579.580321</timestamp>
			</report>
			<report>
				<misses>1814001</misses>
				<total>12</total>
				<timestamp>579.900154</timestamp>
			</report>
			<report>
				<misses>1815001</misses>
				<total>12</total>
				<timestamp>580.219721</timestamp>
			</report>
			<report>
				<misses>1816001</misses>
				<total>12</total>
				<timestamp>580.539437</timestamp>
			</report>
			<report>
				<misses>1817001</misses>
				<total>12</total>
				<timestamp>580.859044</timestamp>
			</report>
			<report>
				<misses>1818001</misses>
				<total>12</total>
				<timestamp>581.178808</timestamp>
			</report>
			<report>
				<misses>1819001</misses>
				<total>12</total>
				<timestamp>581.498461</timestamp>
			</report>
			<report>
				<misses>1820001</misses>
				<total>12</total>
				<timestamp>581.818128</timestamp>
			</report>
			<report>
				<misses>1821001</misses>
				<total>12</total>
				<timestamp>582.137840</timestamp>
			</report>
			<report>
				<misses>1822001</misses>
				<total>11</total>
				<timestamp>582.457544</timestamp>
			</report>
			<report>
				<misses>1823001</misses>
				<total>12</total>
				<timestamp>582.777174</timestamp>
			</report>
			<report>
				<misses>1824001</misses>
				<total>12</total>
				<timestamp>583.096819</timestamp>
			</report>
			<report>
				<misses>1825001</misses>
				<total>12</total>
				<timestamp>583.416559</timestamp>
			</report>
			<report>
				<misses>1826001</misses>
				<total>12</total>
				<timestamp>583.736190</timestamp>
			</report>
			<report>
				<misses>1827001</misses>
				<total>12</total>
				<timestamp>584.055893</timestamp>
			</report>
			<report>
				<misses>1828001</misses>
				<total>12</total>
				<timestamp>584.375566</timestamp>
			</report>
			<report>
				<misses>1829001</misses>
				<total>12</total>
				<timestamp>584.695216</timestamp>
			</report>
			<report>
				<misses>1830001</misses>
				<total>12</total>
				<timestamp>585.014931</timestamp>
			</report>
			<report>
				<misses>1831001</misses>
				<total>12</total>
				<timestamp>585.334703</timestamp>
			</report>
			<report>
				<misses>1832001</misses>
				<total>12</total>
				<timestamp>585.654320</timestamp>
			</report>
			<report>
				<misses>1833001</misses>
				<total>12</total>
				<timestamp>585.974029</timestamp>
			</report>
			<report>
				<misses>1834001</misses>
				<total>12</total>
				<timestamp>586.293648</timestamp>
			</report>
			<report>
				<misses>1835001</misses>
				<total>12</total>
				<timestamp>586.613332</timestamp>
			</report>
			<report>
				<misses>1836001</misses>
				<total>12</total>
				<timestamp>586.932965</timestamp>
			</report>
			<report>
				<misses>1837001</misses>
				<total>12</total>
				<timestamp>587.252812</timestamp>
			</report>
			<report>
				<misses>1838001</misses>
				<total>12</total>
				<timestamp>587.572338</timestamp>
			</report>
			<report>
				<misses>1839001</misses>
				<total>12</total>
				<timestamp>587.892017</timestamp>
			</report>
			<report>
				<misses>1840001</misses>
				<total>12</total>
				<timestamp>588.211707</timestamp>
			</report>
			<report>
				<misses>1841001</misses>
				<total>12</total>
				<timestamp>588.531411</timestamp>
			</report>
			<report>
				<misses>1842001</misses>
				<total>12</total>
				<timestamp>588.851180</timestamp>
			</report>
			<report>
				<misses>1843001</misses>
				<total>12</total>
				<timestamp>589.170785</timestamp>
			</report>
			<report>
				<misses>1844001</misses>
				<total>12</total>
				<timestamp>589.490459</timestamp>
			</report>
			<report>
				<misses>1845001</misses>
				<total>12</total>
				<timestamp>589.810149</timestamp>
			</report>
			<report>
				<misses>1846001</misses>
				<total>12</total>
				<timestamp>590.129818</timestamp>
			</report>
			<report>
				<misses>1847001</misses>
				<total>12</total>
				<timestamp>590.449583</timestamp>
			</report>
			<report>
				<misses>1848001</misses>
				<total>12</total>
				<timestamp>590.769112</timestamp>
			</report>
			<report>
				<misses>1849001</misses>
				<total>12</total>
				<timestamp>591.088807</timestamp>
			</report>
			<report>
				<misses>1850001</misses>
				<total>12</total>
				<timestamp>591.408627</timestamp>
			</report>
			<report>
				<misses>1851001</misses>
				<total>12</total>
				<timestamp>591.728227</timestamp>
			</report>
			<report>
				<misses>1852001</misses>
				<total>12</total>
				<timestamp>592.047869</timestamp>
			</report>
			<report>
				<misses>1853001</misses>
				<total>12</total>
				<timestamp>592.367634</timestamp>
			</report>
			<report>
				<misses>1854001</misses>
				<total>12</total>
				<timestamp>592.687235</timestamp>
			</report>
			<report>
				<misses>1855001</misses>
				<total>12</total>
				<timestamp>593.006937</timestamp>
			</report>
			<report>
				<misses>1856001</misses>
				<total>12</total>
				<timestamp>593.326591</timestamp>
			</report>
			<report>
				<misses>1857001</misses>
				<total>12</total>
				<timestamp>593.646288</timestamp>
			</report>
			<report>
				<misses>1858001</misses>
				<total>12</total>
				<timestamp>593.965996</timestamp>
			</report>
			<report>
				<misses>1859001</misses>
				<total>12</total>
				<timestamp>594.285715</timestamp>
			</report>
			<report>
				<misses>1860001</misses>
				<total>12</total>
				<timestamp>594.605358</timestamp>
			</report>
			<report>
				<misses>1861001</misses>
				<total>12</total>
				<timestamp>594.924990</timestamp>
			</report>
			<report>
				<misses>1862001</misses>
				<total>12</total>
				<timestamp>595.244834</timestamp>
			</report>
			<report>
				<misses>1863001</misses>
				<total>12</total>
				<timestamp>595.564397</timestamp>
			</report>
			<report>
				<misses>1864001</misses>
				<total>12</total>
				<timestamp>595.884031</timestamp>
			</report>
			<report>
				<misses>1865001</misses>
				<total>12</total>
				<timestamp>596.203775</timestamp>
			</report>
			<report>
				<misses>1866001</misses>
				<total>12</total>
				<timestamp>596.523408</timestamp>
			</report>
			<report>
				<misses>1867001</misses>
				<total>12</total>
				<timestamp>596.843048</timestamp>
			</report>
			<report>
				<misses>1868001</misses>
				<total>12</total>
				<timestamp>597.162961</timestamp>
			</report>
			<report>
				<misses>1869001</misses>
				<total>12</total>
				<timestamp>597.482448</timestamp>
			</report>
			<report>
				<misses>1870001</misses>
				<total>12</total>
				<timestamp>597.802100</timestamp>
			</report>
			<report>
				<misses>1871001</misses>
				<total>12</total>
				<timestamp>598.121770</timestamp>
			</report>
			<report>
				<misses>1872001</misses>
				<total>11</total>
				<timestamp>598.441601</timestamp>
			</report>
			<report>
				<misses>1873001</misses>
				<total>12</total>
				<timestamp>598.761132</timestamp>
			</report>
			<report>
				<misses>1874001</misses>
				<total>12</total>
				<timestamp>599.080813</timestamp>
			</report>
			<report>
				<misses>1875001</misses>
				<total>12</total>
				<timestamp>599.400700</timestamp>
			</report>
			<report>
				<misses>1876001</misses>
				<total>12</total>
				<timestamp>599.720217</timestamp>
			</report>
			<report>
				<misses>1877001</misses>
				<total>12</total>
				<timestamp>600.039868</timestamp>
			</report>
			<report>
				<misses>1878001</misses>
				<total>12</total>
				<timestamp>600.359548</timestamp>
			</report>
			<report>
				<misses>1879001</misses>
				<total>12</total>
				<timestamp>600.679216</timestamp>
			</report>
			<report>
				<misses>1880001</misses>
				<total>12</total>
				<timestamp>600.998947</timestamp>
			</report>
			<report>
				<misses>1881001</misses>
				<total>12</total>
				<timestamp>601.318743</timestamp>
			</report>
			<report>
				<misses>1882001</misses>
				<total>11</total>
				<timestamp>601.638344</timestamp>
			</report>
			<report>
				<misses>1883001</misses>
				<total>12</total>
				<timestamp>601.958078</timestamp>
			</report>
			<report>
				<misses>1884001</misses>
				<total>11</total>
				<timestamp>602.277840</timestamp>
			</report>
			<report>
				<misses>1885001</misses>
				<total>12</total>
				<timestamp>602.597300</timestamp>
			</report>
			<report>
				<misses>1886001</misses>
				<total>12</total>
				<timestamp>602.917085</timestamp>
			</report>
			<report>
				<misses>1887001</misses>
				<total>12</total>
				<timestamp>603.236701</timestamp>
			</report>
			<report>
				<misses>1888001</misses>
				<total>12</total>
				<timestamp>603.556356</timestamp>
			</report>
			<report>
				<misses>1889001</misses>
				<total>12</total>
				<timestamp>603.876011</timestamp>
			</report>
			<report>
				<misses>1890001</misses>
				<total>12</total>
				<timestamp>604.195752</timestamp>
			</report>
			<report>
				<misses>1891001</misses>
				<total>12</total>
				<timestamp>604.515496</timestamp>
			</report>
			<report>
				<misses>1892001</misses>
				<total>11</total>
				<timestamp>604.835156</timestamp>
			</report>
			<report>
				<misses>1893001</misses>
				<total>12</total>
				<timestamp>605.154820</timestamp>
			</report>
			<report>
				<misses>1894001</misses>
				<total>12</total>
				<timestamp>605.474416</timestamp>
			</report>
			<report>
				<misses>1895001</misses>
				<total>11</total>
				<timestamp>605.794175</timestamp>
			</report>
			<report>
				<misses>1896001</misses>
				<total>12</total>
				<timestamp>606.113814</timestamp>
			</report>
			<report>
				<misses>1897001</misses>
				<total>12</total>
				<timestamp>606.433472</timestamp>
			</report>
			<report>
				<misses>1898001</misses>
				<total>12</total>
				<timestamp>606.753194</timestamp>
			</report>
			<report>
				<misses>1899001</misses>
				<total>12</total>
				<timestamp>607.073010</timestamp>
			</report>
			<report>
				<misses>1900001</misses>
				<total>12</total>
				<timestamp>607.392566</timestamp>
			</report>
			<report>
				<misses>1901001</misses>
				<total>12</total>
				<timestamp>607.712208</timestamp>
			</report>
			<report>
				<misses>1902001</misses>
				<total>12</total>
				<timestamp>608.031881</timestamp>
			</report>
			<report>
				<misses>1903001</misses>
				<total>12</total>
				<timestamp>608.351577</timestamp>
			</report>
			<report>
				<misses>1904001</misses>
				<total>12</total>
				<timestamp>608.671221</timestamp>
			</report>
			<report>
				<misses>1905001</misses>
				<total>12</total>
				<timestamp>608.990934</timestamp>
			</report>
			<report>
				<misses>1906001</misses>
				<total>12</total>
				<timestamp>609.310637</timestamp>
			</report>
			<report>
				<misses>1907001</misses>
				<total>12</total>
				<timestamp>609.630290</timestamp>
			</report>
			<report>
				<misses>1908001</misses>
				<total>12</total>
				<timestamp>609.949939</timestamp>
			</report>
			<report>
				<misses>1909001</misses>
				<total>12</total>
				<timestamp>610.269767</timestamp>
			</report>
			<report>
				<misses>1910001</misses>
				<total>12</total>
				<timestamp>610.589285</timestamp>
			</report>
			<report>
				<misses>1911001</misses>
				<total>12</total>
				<timestamp>610.909078</timestamp>
			</report>
			<report>
				<misses>1912001</misses>
				<total>12</total>
				<timestamp>611.228727</timestamp>
			</report>
			<report>
				<misses>1913001</misses>
				<total>12</total>
				<timestamp>611.548346</timestamp>
			</report>
			<report>
				<misses>1914001</misses>
				<total>12</total>
				<timestamp>611.868013</timestamp>
			</report>
			<report>
				<misses>1915001</misses>
				<total>12</total>
				<timestamp>612.187724</timestamp>
			</report>
			<report>
				<misses>1916001</misses>
				<total>12</total>
				<timestamp>612.507393</timestamp>
			</report>
			<report>
				<misses>1917001</misses>
				<total>11</total>
				<timestamp>612.827195</timestamp>
			</report>
			<report>
				<misses>1918001</misses>
				<total>12</total>
				<timestamp>613.146763</timestamp>
			</report>
			<report>
				<misses>1919001</misses>
				<total>12</total>
				<timestamp>613.466436</timestamp>
			</report>
			<report>
				<misses>1920001</misses>
				<total>12</total>
				<timestamp>613.786195</timestamp>
			</report>
			<report>
				<misses>1921001</misses>
				<total>12</total>
				<timestamp>614.105767</timestamp>
			</report>
			<report>
				<misses>1922001</misses>
				<total>12</total>
				<timestamp>614.425485</timestamp>
			</report>
			<report>
				<misses>1923001</misses>
				<total>11</total>
				<timestamp>614.745262</timestamp>
			</report>
			<report>
				<misses>1924001</misses>
				<total>12</total>
				<timestamp>615.064849</timestamp>
			</report>
			<report>
				<misses>1925001</misses>
				<total>12</total>
				<timestamp>615.384559</timestamp>
			</report>
			<report>
				<misses>1926001</misses>
				<total>12</total>
				<timestamp>615.704195</timestamp>
			</report>
			<report>
				<misses>1927001</misses>
				<total>12</total>
				<timestamp>616.023916</timestamp>
			</report>
			<report>
				<misses>1928001</misses>
				<total>12</total>
				<timestamp>616.343589</timestamp>
			</report>
			<report>
				<misses>1929001</misses>
				<total>12</total>
				<timestamp>616.663273</timestamp>
			</report>
			<report>
				<misses>1930001</misses>
				<total>12</total>
				<timestamp>616.982999</timestamp>
			</report>
			<report>
				<misses>1931001</misses>
				<total>12</total>
				<timestamp>617.302672</timestamp>
			</report>
			<report>
				<misses>1932001</misses>
				<total>12</total>
				<timestamp>617.622283</timestamp>
			</report>
			<report>
				<misses>1933001</misses>
				<total>12</total>
				<timestamp>617.941982</timestamp>
			</report>
			<report>
				<misses>1934001</misses>
				<total>12</total>
				<timestamp>618.261700</timestamp>
			</report>
			<report>
				<misses>1935001</misses>
				<total>12</total>
				<timestamp>618.581376</timestamp>
			</report>
			<report>
				<misses>1936001</misses>
				<total>12</total>
				<timestamp>618.900966</timestamp>
			</report>
			<report>
				<misses>1937001</misses>
				<total>12</total>
				<timestamp>619.220713</timestamp>
			</report>
			<report>
				<misses>1938001</misses>
				<total>11</total>
				<timestamp>619.540475</timestamp>
			</report>
			<report>
				<misses>1939001</misses>
				<total>12</total>
				<timestamp>619.860046</timestamp>
			</report>
			<report>
				<misses>1940001</misses>
				<total>12</total>
				<timestamp>620.179796</timestamp>
			</report>
			<report>
				<misses>1941001</misses>
				<total>12</total>
				<timestamp>620.499451</timestamp>
			</report>
			<report>
				<misses>1942001</misses>
				<total>12</total>
				<timestamp>620.819063</timestamp>
			</report>
			<report>
				<misses>1943001</misses>
				<total>11</total>
				<timestamp>621.138955</timestamp>
			</report>
			<report>
				<misses>1944001</misses>
				<total>12</total>
				<timestamp>621.458432</timestamp>
			</report>
			<report>
				<misses>1945001</misses>
				<total>12</total>
				<timestamp>621.778152</timestamp>
			</report>
			<report>
				<misses>1946001</misses>
				<total>12</total>
				<timestamp>622.097765</timestamp>
			</report>
			<report>
				<misses>1947001</misses>
				<total>12</total>
				<timestamp>622.417559</timestamp>
			</report>
			<report>
				<misses>1948001</misses>
				<total>12</total>
				<timestamp>622.737159</timestamp>
			</report>
			<report>
				<misses>1949001</misses>
				<total>12</total>
				<timestamp>623.056806</timestamp>
			</report>
			<report>
				<misses>1950001</misses>
				<total>12</total>
				<timestamp>623.376619</timestamp>
			</report>
			<report>
				<misses>1951001</misses>
				<total>12</total>
				<timestamp>623.696248</timestamp>
			</report>
			<report>
				<misses>1952001</misses>
				<total>12</total>
				<timestamp>624.015923</timestamp>
			</report>
			<report>
				<misses>1953001</misses>
				<total>12</total>
				<timestamp>624.335606</timestamp>
			</report>
			<report>
				<misses>1954001</misses>
				<total>12</total>
				<timestamp>624.655244</timestamp>
			</report>
			<report>
				<misses>1955001</misses>
				<total>12</total>
				<timestamp>624.974931</timestamp>
			</report>
			<report>
				<misses>1956001</misses>
				<total>12</total>
				<timestamp>625.294606</timestamp>
			</report>
			<report>
				<misses>1957001</misses>
				<total>12</total>
				<timestamp>625.614238</timestamp>
			</report>
			<report>
				<misses>1958001</misses>
				<total>12</total>
				<timestamp>625.933961</timestamp>
			</report>
			<report>
				<misses>1959001</misses>
				<total>12</total>
				<timestamp>626.253704</timestamp>
			</report>
			<report>
				<misses>1960001</misses>
				<total>12</total>
				<timestamp>626.573295</timestamp>
			</report>
			<report>
				<misses>1961001</misses>
				<total>12</total>
				<timestamp>626.893016</timestamp>
			</report>
			<report>
				<misses>1962001</misses>
				<total>12</total>
				<timestamp>627.212682</timestamp>
			</report>
			<report>
				<misses>1963001</misses>
				<total>11</total>
				<timestamp>627.532564</timestamp>
			</report>
			<report>
				<misses>1964001</misses>
				<total>12</total>
				<timestamp>627.852069</timestamp>
			</report>
			<report>
				<misses>1965001</misses>
				<total>12</total>
				<timestamp>628.171716</timestamp>
			</report>
			<report>
				<misses>1966001</misses>
				<total>11</total>
				<timestamp>628.491505</timestamp>
			</report>
			<report>
				<misses>1967001</misses>
				<total>12</total>
				<timestamp>628.811083</timestamp>
			</report>
			<report>
				<misses>1968001</misses>
				<total>12</total>
				<timestamp>629.130768</timestamp>
			</report>
			<report>
				<misses>1969001</misses>
				<total>12</total>
				<timestamp>629.450420</timestamp>
			</report>
			<report>
				<misses>1970001</misses>
				<total>11</total>
				<timestamp>629.770182</timestamp>
			</report>
			<report>
				<misses>1971001</misses>
				<total>12</total>
				<timestamp>630.089900</timestamp>
			</report>
			<report>
				<misses>1972001</misses>
				<total>12</total>
				<timestamp>630.409631</timestamp>
			</report>
			<report>
				<misses>1973001</misses>
				<total>12</total>
				<timestamp>630.729163</timestamp>
			</report>
			<report>
				<misses>1974001</misses>
				<total>12</total>
				<timestamp>631.048893</timestamp>
			</report>
			<report>
				<misses>1975001</misses>
				<total>11</total>
				<timestamp>631.368605</timestamp>
			</report>
			<report>
				<misses>1976001</misses>
				<total>12</total>
				<timestamp>631.688181</timestamp>
			</report>
			<report>
				<misses>1977001</misses>
				<total>12</total>
				<timestamp>632.007907</timestamp>
			</report>
			<report>
				<misses>1978001</misses>
				<total>12</total>
				<timestamp>632.327721</timestamp>
			</report>
			<report>
				<misses>1979001</misses>
				<total>12</total>
				<timestamp>632.647263</timestamp>
			</report>
			<report>
				<misses>1980001</misses>
				<total>12</total>
				<timestamp>632.966931</timestamp>
			</report>
			<report>
				<misses>1981001</misses>
				<total>12</total>
				<timestamp>633.286628</timestamp>
			</report>
			<report>
				<misses>1982001</misses>
				<total>12</total>
				<timestamp>633.606468</timestamp>
			</report>
			<report>
				<misses>1983001</misses>
				<total>12</total>
				<timestamp>633.925979</timestamp>
			</report>
			<report>
				<misses>1984001</misses>
				<total>12</total>
				<timestamp>634.245642</timestamp>
			</report>
			<report>
				<misses>1985001</misses>
				<total>12</total>
				<timestamp>634.565327</timestamp>
			</report>
			<report>
				<misses>1986001</misses>
				<total>12</total>
				<timestamp>634.885003</timestamp>
			</report>
			<report>
				<misses>1987001</misses>
				<total>12</total>
				<timestamp>635.204709</timestamp>
			</report>
			<report>
				<misses>1988001</misses>
				<total>12</total>
				<timestamp>635.524375</timestamp>
			</report>
			<report>
				<misses>1989001</misses>
				<total>12</total>
				<timestamp>635.844102</timestamp>
			</report>
			<report>
				<misses>1990001</misses>
				<total>12</total>
				<timestamp>636.163700</timestamp>
			</report>
			<report>
				<misses>1991001</misses>
				<total>12</total>
				<timestamp>636.483360</timestamp>
			</report>
			<report>
				<misses>1992001</misses>
				<total>12</total>
				<timestamp>636.803197</timestamp>
			</report>
			<report>
				<misses>1993001</misses>
				<total>12</total>
				<timestamp>637.122754</timestamp>
			</report>
			<report>
				<misses>1994001</misses>
				<total>12</total>
				<timestamp>637.442552</timestamp>
			</report>
			<report>
				<misses>1995001</misses>
				<total>12</total>
				<timestamp>637.762095</timestamp>
			</report>
			<report>
				<misses>1996001</misses>
				<total>12</total>
				<timestamp>638.081876</timestamp>
			</report>
			<report>
				<misses>1997001</misses>
				<total>12</total>
				<timestamp>638.401576</timestamp>
			</report>
			<report>
				<misses>1998001</misses>
				<total>12</total>
				<timestamp>638.721243</timestamp>
			</report>
			<report>
				<misses>1999001</misses>
				<total>12</total>
				<timestamp>639.040806</timestamp>
			</report>
			<report>
				<misses>2000001</misses>
				<total>12</total>
				<timestamp>639.360569</timestamp>
			</report>
			<report>
				<misses>2001001</misses>
				<total>12</total>
				<timestamp>639.680218</timestamp>
			</report>
			<report>
				<misses>2002001</misses>
				<total>12</total>
				<timestamp>639.999938</timestamp>
			</report>
			<report>
				<misses>2003001</misses>
				<total>12</total>
				<timestamp>640.319598</timestamp>
			</report>
			<report>
				<misses>2004001</misses>
				<total>12</total>
				<timestamp>640.639333</timestamp>
			</report>
			<report>
				<misses>2005001</misses>
				<total>12</total>
				<timestamp>640.958895</timestamp>
			</report>
			<report>
				<misses>2006001</misses>
				<total>12</total>
				<timestamp>641.278674</timestamp>
			</report>
			<report>
				<misses>2007001</misses>
				<total>12</total>
				<timestamp>641.598320</timestamp>
			</report>
			<report>
				<misses>2008001</misses>
				<total>12</total>
				<timestamp>641.917978</timestamp>
			</report>
			<report>
				<misses>2009001</misses>
				<total>12</total>
				<timestamp>642.237600</timestamp>
			</report>
			<report>
				<misses>2010001</misses>
				<total>12</total>
				<timestamp>642.557386</timestamp>
			</report>
			<report>
				<misses>2011001</misses>
				<total>12</total>
				<timestamp>642.876973</timestamp>
			</report>
			<report>
				<misses>2012001</misses>
				<total>12</total>
				<timestamp>643.196645</timestamp>
			</report>
			<report>
				<misses>2013001</misses>
				<total>12</total>
				<timestamp>643.516419</timestamp>
			</report>
			<report>
				<misses>2014001</misses>
				<total>12</total>
				<timestamp>643.836062</timestamp>
			</report>
			<report>
				<misses>2015001</misses>
				<total>12</total>
				<timestamp>644.155723</timestamp>
			</report>
			<report>
				<misses>2016001</misses>
				<total>12</total>
				<timestamp>644.475403</timestamp>
			</report>
			<report>
				<misses>2017001</misses>
				<total>12</total>
				<timestamp>644.795077</timestamp>
			</report>
			<report>
				<misses>2018001</misses>
				<total>12</total>
				<timestamp>645.114823</timestamp>
			</report>
			<report>
				<misses>2019001</misses>
				<total>12</total>
				<timestamp>645.434553</timestamp>
			</report>
			<report>
				<misses>2020001</misses>
				<total>12</total>
				<timestamp>645.754105</timestamp>
			</report>
			<report>
				<misses>2021001</misses>
				<total>12</total>
				<timestamp>646.073829</timestamp>
			</report>
			<report>
				<misses>2022001</misses>
				<total>12</total>
				<timestamp>646.393465</timestamp>
			</report>
			<report>
				<misses>2023001</misses>
				<total>12</total>
				<timestamp>646.713324</timestamp>
			</report>
			<report>
				<misses>2024001</misses>
				<total>12</total>
				<timestamp>647.032807</timestamp>
			</report>
			<report>
				<misses>2025001</misses>
				<total>12</total>
				<timestamp>647.352598</timestamp>
			</report>
			<report>
				<misses>2026001</misses>
				<total>12</total>
				<timestamp>647.672211</timestamp>
			</report>
			<report>
				<misses>2027001</misses>
				<total>12</total>
				<timestamp>647.991995</timestamp>
			</report>
			<report>
				<misses>2028001</misses>
				<total>12</total>
				<timestamp>648.311558</timestamp>
			</report>
			<report>
				<misses>2029001</misses>
				<total>12</total>
				<timestamp>648.631243</timestamp>
			</report>
			<report>
				<misses>2030001</misses>
				<total>12</total>
				<timestamp>648.950942</timestamp>
			</report>
			<report>
				<misses>2031001</misses>
				<total>12</total>
				<timestamp>649.270639</timestamp>
			</report>
			<report>
				<misses>2032001</misses>
				<total>12</total>
				<timestamp>649.590325</timestamp>
			</report>
			<report>
				<misses>2033001</misses>
				<total>12</total>
				<timestamp>649.910021</timestamp>
			</report>
			<report>
				<misses>2034001</misses>
				<total>12</total>
				<timestamp>650.229603</timestamp>
			</report>
			<report>
				<misses>2035001</misses>
				<total>12</total>
				<timestamp>650.549335</timestamp>
			</report>
			<report>
				<misses>2036001</misses>
				<total>11</total>
				<timestamp>650.869166</timestamp>
			</report>
			<report>
				<misses>2037001</misses>
				<total>12</total>
				<timestamp>651.188649</timestamp>
			</report>
			<report>
				<misses>2038001</misses>
				<total>12</total>
				<timestamp>651.508317</timestamp>
			</report>
			<report>
				<misses>2039001</misses>
				<total>11</total>
				<timestamp>651.828108</timestamp>
			</report>
			<report>
				<misses>2040001</misses>
				<total>12</total>
				<timestamp>652.147719</timestamp>
			</report>
			<report>
				<misses>2041001</misses>
				<total>12</total>
				<timestamp>652.467408</timestamp>
			</report>
			<report>
				<misses>2042001</misses>
				<total>12</total>
				<timestamp>652.787104</timestamp>
			</report>
			<report>
				<misses>2043001</misses>
				<total>12</total>
				<timestamp>653.106801</timestamp>
			</report>
			<report>
				<misses>2044001</misses>
				<total>12</total>
				<timestamp>653.426417</timestamp>
			</report>
			<report>
				<misses>2045001</misses>
				<total>12</total>
				<timestamp>653.746123</timestamp>
			</report>
			<report>
				<misses>2046001</misses>
				<total>12</total>
				<timestamp>654.065800</timestamp>
			</report>
			<report>
				<misses>2047001</misses>
				<total>12</total>
				<timestamp>654.385519</timestamp>
			</report>
			<report>
				<misses>2048001</misses>
				<total>12</total>
				<timestamp>654.705187</timestamp>
			</report>
			<report>
				<misses>2049001</misses>
				<total>12</total>
				<timestamp>655.024860</timestamp>
			</report>
			<report>
				<misses>2050001</misses>
				<total>12</total>
				<timestamp>655.344572</timestamp>
			</report>
			<report>
				<misses>2051001</misses>
				<total>11</total>
				<timestamp>655.664286</timestamp>
			</report>
			<report>
				<misses>2052001</misses>
				<total>12</total>
				<timestamp>655.983899</timestamp>
			</report>
			<report>
				<misses>2053001</misses>
				<total>13</total>
				<timestamp>656.303655</timestamp>
			</report>
			<report>
				<misses>2054001</misses>
				<total>12</total>
				<timestamp>656.623303</timestamp>
			</report>
			<report>
				<misses>2055001</misses>
				<total>13</total>
				<timestamp>656.942934</timestamp>
			</report>
			<report>
				<misses>2056001</misses>
				<total>13</total>
				<timestamp>657.262609</timestamp>
			</report>
			<report>
				<misses>2057001</misses>
				<total>13</total>
				<timestamp>657.582327</timestamp>
			</report>
			<report>
				<misses>2058001</misses>
				<total>13</total>
				<timestamp>657.901960</timestamp>
			</report>
			<report>
				<misses>2059001</misses>
				<total>13</total>
				<timestamp>658.221599</timestamp>
			</report>
			<report>
				<misses>2060001</misses>
				<total>13</total>
				<timestamp>658.541352</timestamp>
			</report>
			<report>
				<misses>2061001</misses>
				<total>13</total>
				<timestamp>658.861045</timestamp>
			</report>
			<report>
				<misses>2062001</misses>
				<total>13</total>
				<timestamp>659.180792</timestamp>
			</report>
			<report>
				<misses>2063001</misses>
				<total>12</total>
				<timestamp>659.500445</timestamp>
			</report>
			<report>
				<misses>2064001</misses>
				<total>13</total>
				<timestamp>659.820051</timestamp>
			</report>
			<report>
				<misses>2065001</misses>
				<total>13</total>
				<timestamp>660.139714</timestamp>
			</report>
			<report>
				<misses>2066001</misses>
				<total>13</total>
				<timestamp>660.459443</timestamp>
			</report>
			<report>
				<misses>2067001</misses>
				<total>13</total>
				<timestamp>660.779097</timestamp>
			</report>
			<report>
				<misses>2068001</misses>
				<total>13</total>
				<timestamp>661.098838</timestamp>
			</report>
			<report>
				<misses>2069001</misses>
				<total>13</total>
				<timestamp>661.418481</timestamp>
			</report>
			<report>
				<misses>2070001</misses>
				<total>12</total>
				<timestamp>661.738212</timestamp>
			</report>
			<report>
				<misses>2071001</misses>
				<total>13</total>
				<timestamp>662.057824</timestamp>
			</report>
			<report>
				<misses>2072001</misses>
				<total>13</total>
				<timestamp>662.377484</timestamp>
			</report>
			<report>
				<misses>2073001</misses>
				<total>13</total>
				<timestamp>662.697188</timestamp>
			</report>
			<report>
				<misses>2074001</misses>
				<total>13</total>
				<timestamp>663.016811</timestamp>
			</report>
			<report>
				<misses>2075001</misses>
				<total>13</total>
				<timestamp>663.336572</timestamp>
			</report>
			<report>
				<misses>2076001</misses>
				<total>13</total>
				<timestamp>663.656220</timestamp>
			</report>
			<report>
				<misses>2077001</misses>
				<total>13</total>
				<timestamp>663.975878</timestamp>
			</report>
			<report>
				<misses>2078001</misses>
				<total>13</total>
				<timestamp>664.295582</timestamp>
			</report>
			<report>
				<misses>2079001</misses>
				<total>13</total>
				<timestamp>664.615267</timestamp>
			</report>
			<report>
				<misses>2080001</misses>
				<total>13</total>
				<timestamp>664.934911</timestamp>
			</report>
			<report>
				<misses>2081001</misses>
				<total>12</total>
				<timestamp>665.254665</timestamp>
			</report>
			<report>
				<misses>2082001</misses>
				<total>13</total>
				<timestamp>665.574278</timestamp>
			</report>
			<report>
				<misses>2083001</misses>
				<total>13</total>
				<timestamp>665.894012</timestamp>
			</report>
			<report>
				<misses>2084001</misses>
				<total>13</total>
				<timestamp>666.213711</timestamp>
			</report>
			<report>
				<misses>2085001</misses>
				<total>13</total>
				<timestamp>666.533287</timestamp>
			</report>
			<report>
				<misses>2086001</misses>
				<total>13</total>
				<timestamp>666.852993</timestamp>
			</report>
			<report>
				<misses>2087001</misses>
				<total>13</total>
				<timestamp>667.172735</timestamp>
			</report>
			<report>
				<misses>2088001</misses>
				<total>13</total>
				<timestamp>667.492372</timestamp>
			</report>
			<report>
				<misses>2089001</misses>
				<total>12</total>
				<timestamp>667.812139</timestamp>
			</report>
			<report>
				<misses>2090001</misses>
				<total>13</total>
				<timestamp>668.131727</timestamp>
			</report>
			<report>
				<misses>2091001</misses>
				<total>13</total>
				<timestamp>668.451388</timestamp>
			</report>
			<report>
				<misses>2092001</misses>
				<total>13</total>
				<timestamp>668.771170</timestamp>
			</report>
			<report>
				<misses>2093001</misses>
				<total>13</total>
				<timestamp>669.090803</timestamp>
			</report>
			<report>
				<misses>2094001</misses>
				<total>13</total>
				<timestamp>669.410417</timestamp>
			</report>
			<report>
				<misses>2095001</misses>
				<total>13</total>
				<timestamp>669.730144</timestamp>
			</report>
			<report>
				<misses>2096001</misses>
				<total>13</total>
				<timestamp>670.049821</timestamp>
			</report>
			<report>
				<misses>2097001</misses>
				<total>13</total>
				<timestamp>670.369555</timestamp>
			</report>
			<report>
				<misses>2098001</misses>
				<total>13</total>
				<timestamp>670.689215</timestamp>
			</report>
			<report>
				<misses>2099001</misses>
				<total>13</total>
				<timestamp>671.008855</timestamp>
			</report>
			<report>
				<misses>2100001</misses>
				<total>13</total>
				<timestamp>671.328552</timestamp>
			</report>
			<report>
				<misses>2101001</misses>
				<total>13</total>
				<timestamp>671.648207</timestamp>
			</report>
			<report>
				<misses>2102001</misses>
				<total>13</total>
				<timestamp>671.967962</timestamp>
			</report>
			<report>
				<misses>2103001</misses>
				<total>13</total>
				<timestamp>672.287572</timestamp>
			</report>
			<report>
				<misses>2104001</misses>
				<total>13</total>
				<timestamp>672.607242</timestamp>
			</report>
			<report>
				<misses>2105001</misses>
				<total>13</total>
				<timestamp>672.926948</timestamp>
			</report>
			<report>
				<misses>2106001</misses>
				<total>13</total>
				<timestamp>673.246717</timestamp>
			</report>
			<report>
				<misses>2107001</misses>
				<total>13</total>
				<timestamp>673.566290</timestamp>
			</report>
			<report>
				<misses>2108001</misses>
				<total>13</total>
				<timestamp>673.885978</timestamp>
			</report>
			<report>
				<misses>2109001</misses>
				<total>13</total>
				<timestamp>674.205672</timestamp>
			</report>
			<report>
				<misses>2110001</misses>
				<total>13</total>
				<timestamp>674.525335</timestamp>
			</report>
			<report>
				<misses>2111001</misses>
				<total>13</total>
				<timestamp>674.845094</timestamp>
			</report>
			<report>
				<misses>2112001</misses>
				<total>13</total>
				<timestamp>675.164688</timestamp>
			</report>
			<report>
				<misses>2113001</misses>
				<total>13</total>
				<timestamp>675.484330</timestamp>
			</report>
			<report>
				<misses>2114001</misses>
				<total>13</total>
				<timestamp>675.804067</timestamp>
			</report>
			<report>
				<misses>2115001</misses>
				<total>13</total>
				<timestamp>676.123811</timestamp>
			</report>
			<report>
				<misses>2116001</misses>
				<total>13</total>
				<timestamp>676.443395</timestamp>
			</report>
			<report>
				<misses>2117001</misses>
				<total>13</total>
				<timestamp>676.763068</timestamp>
			</report>
			<report>
				<misses>2118001</misses>
				<total>13</total>
				<timestamp>677.082835</timestamp>
			</report>
			<report>
				<misses>2119001</misses>
				<total>13</total>
				<timestamp>677.402415</timestamp>
			</report>
			<report>
				<misses>2120001</misses>
				<total>13</total>
				<timestamp>677.722115</timestamp>
			</report>
			<report>
				<misses>2121001</misses>
				<total>13</total>
				<timestamp>678.041829</timestamp>
			</report>
			<report>
				<misses>2122001</misses>
				<total>13</total>
				<timestamp>678.361506</timestamp>
			</report>
			<report>
				<misses>2123001</misses>
				<total>13</total>
				<timestamp>678.681289</timestamp>
			</report>
			<report>
				<misses>2124001</misses>
				<total>13</total>
				<timestamp>679.000820</timestamp>
			</report>
			<report>
				<misses>2125001</misses>
				<total>13</total>
				<timestamp>679.320537</timestamp>
			</report>
			<report>
				<misses>2126001</misses>
				<total>13</total>
				<timestamp>679.640235</timestamp>
			</report>
			<report>
				<misses>2127001</misses>
				<total>13</total>
				<timestamp>679.959891</timestamp>
			</report>
			<report>
				<misses>2128001</misses>
				<total>13</total>
				<timestamp>680.279582</timestamp>
			</report>
			<report>
				<misses>2129001</misses>
				<total>13</total>
				<timestamp>680.599381</timestamp>
			</report>
			<report>
				<misses>2130001</misses>
				<total>13</total>
				<timestamp>680.918943</timestamp>
			</report>
			<report>
				<misses>2131001</misses>
				<total>13</total>
				<timestamp>681.238706</timestamp>
			</report>
			<report>
				<misses>2132001</misses>
				<total>13</total>
				<timestamp>681.558260</timestamp>
			</report>
			<report>
				<misses>2133001</misses>
				<total>13</total>
				<timestamp>681.877988</timestamp>
			</report>
			<report>
				<misses>2134001</misses>
				<total>13</total>
				<timestamp>682.197708</timestamp>
			</report>
			<report>
				<misses>2135001</misses>
				<total>13</total>
				<timestamp>682.517309</timestamp>
			</report>
			<report>
				<misses>2136001</misses>
				<total>13</total>
				<timestamp>682.836969</timestamp>
			</report>
			<report>
				<misses>2137001</misses>
				<total>13</total>
				<timestamp>683.156821</timestamp>
			</report>
			<report>
				<misses>2138001</misses>
				<total>13</total>
				<timestamp>683.476337</timestamp>
			</report>
			<report>
				<misses>2139001</misses>
				<total>13</total>
				<timestamp>683.796090</timestamp>
			</report>
			<report>
				<misses>2140001</misses>
				<total>13</total>
				<timestamp>684.115738</timestamp>
			</report>
			<report>
				<misses>2141001</misses>
				<total>13</total>
				<timestamp>684.435504</timestamp>
			</report>
			<report>
				<misses>2142001</misses>
				<total>13</total>
				<timestamp>684.755148</timestamp>
			</report>
			<report>
				<misses>2143001</misses>
				<total>13</total>
				<timestamp>685.074847</timestamp>
			</report>
			<report>
				<misses>2144001</misses>
				<total>13</total>
				<timestamp>685.394474</timestamp>
			</report>
			<report>
				<misses>2145001</misses>
				<total>13</total>
				<timestamp>685.714127</timestamp>
			</report>
			<report>
				<misses>2146001</misses>
				<total>13</total>
				<timestamp>686.033828</timestamp>
			</report>
			<report>
				<misses>2147001</misses>
				<total>13</total>
				<timestamp>686.353581</timestamp>
			</report>
			<report>
				<misses>2148001</misses>
				<total>13</total>
				<timestamp>686.673170</timestamp>
			</report>
			<report>
				<misses>2149001</misses>
				<total>13</total>
				<timestamp>686.992852</timestamp>
			</report>
			<report>
				<misses>2150001</misses>
				<total>13</total>
				<timestamp>687.312485</timestamp>
			</report>
			<report>
				<misses>2151001</misses>
				<total>13</total>
				<timestamp>687.632169</timestamp>
			</report>
			<report>
				<misses>2152001</misses>
				<total>13</total>
				<timestamp>687.951922</timestamp>
			</report>
			<report>
				<misses>2153001</misses>
				<total>13</total>
				<timestamp>688.271553</timestamp>
			</report>
			<report>
				<misses>2154001</misses>
				<total>13</total>
				<timestamp>688.591257</timestamp>
			</report>
			<report>
				<misses>2155001</misses>
				<total>13</total>
				<timestamp>688.910935</timestamp>
			</report>
			<report>
				<misses>2156001</misses>
				<total>13</total>
				<timestamp>689.230592</timestamp>
			</report>
			<report>
				<misses>2157001</misses>
				<total>13</total>
				<timestamp>689.550239</timestamp>
			</report>
			<report>
				<misses>2158001</misses>
				<total>13</total>
				<timestamp>689.870076</timestamp>
			</report>
			<report>
				<misses>2159001</misses>
				<total>13</total>
				<timestamp>690.189630</timestamp>
			</report>
			<report>
				<misses>2160001</misses>
				<total>13</total>
				<timestamp>690.509319</timestamp>
			</report>
			<report>
				<misses>2161001</misses>
				<total>13</total>
				<timestamp>690.829010</timestamp>
			</report>
			<report>
				<misses>2162001</misses>
				<total>13</total>
				<timestamp>691.148720</timestamp>
			</report>
			<report>
				<misses>2163001</misses>
				<total>13</total>
				<timestamp>691.468319</timestamp>
			</report>
			<report>
				<misses>2164001</misses>
				<total>13</total>
				<timestamp>691.787996</timestamp>
			</report>
			<report>
				<misses>2165001</misses>
				<total>13</total>
				<timestamp>692.107677</timestamp>
			</report>
			<report>
				<misses>2166001</misses>
				<total>13</total>
				<timestamp>692.427408</timestamp>
			</report>
			<report>
				<misses>2167001</misses>
				<total>13</total>
				<timestamp>692.747102</timestamp>
			</report>
			<report>
				<misses>2168001</misses>
				<total>12</total>
				<timestamp>693.066937</timestamp>
			</report>
			<report>
				<misses>2169001</misses>
				<total>13</total>
				<timestamp>693.386402</timestamp>
			</report>
			<report>
				<misses>2170001</misses>
				<total>13</total>
				<timestamp>693.706099</timestamp>
			</report>
			<report>
				<misses>2171001</misses>
				<total>13</total>
				<timestamp>694.025852</timestamp>
			</report>
			<report>
				<misses>2172001</misses>
				<total>13</total>
				<timestamp>694.345566</timestamp>
			</report>
			<report>
				<misses>2173001</misses>
				<total>13</total>
				<timestamp>694.665128</timestamp>
			</report>
			<report>
				<misses>2174001</misses>
				<total>13</total>
				<timestamp>694.984934</timestamp>
			</report>
			<report>
				<misses>2175001</misses>
				<total>13</total>
				<timestamp>695.304549</timestamp>
			</report>
			<report>
				<misses>2176001</misses>
				<total>12</total>
				<timestamp>695.624283</timestamp>
			</report>
			<report>
				<misses>2177001</misses>
				<total>13</total>
				<timestamp>695.943970</timestamp>
			</report>
			<report>
				<misses>2178001</misses>
				<total>13</total>
				<timestamp>696.263526</timestamp>
			</report>
			<report>
				<misses>2179001</misses>
				<total>13</total>
				<timestamp>696.583248</timestamp>
			</report>
			<report>
				<misses>2180001</misses>
				<total>13</total>
				<timestamp>696.902959</timestamp>
			</report>
			<report>
				<misses>2181001</misses>
				<total>13</total>
				<timestamp>697.222585</timestamp>
			</report>
			<report>
				<misses>2182001</misses>
				<total>13</total>
				<timestamp>697.542281</timestamp>
			</report>
			<report>
				<misses>2183001</misses>
				<total>13</total>
				<timestamp>697.862016</timestamp>
			</report>
			<report>
				<misses>2184001</misses>
				<total>12</total>
				<timestamp>698.181729</timestamp>
			</report>
			<report>
				<misses>2185001</misses>
				<total>13</total>
				<timestamp>698.501323</timestamp>
			</report>
			<report>
				<misses>2186001</misses>
				<total>13</total>
				<timestamp>698.821056</timestamp>
			</report>
			<report>
				<misses>2187001</misses>
				<total>13</total>
				<timestamp>699.140680</timestamp>
			</report>
			<report>
				<misses>2188001</misses>
				<total>13</total>
				<timestamp>699.460416</timestamp>
			</report>
			<report>
				<misses>2189001</misses>
				<total>13</total>
				<timestamp>699.780078</timestamp>
			</report>
			<report>
				<misses>2190001</misses>
				<total>13</total>
				<timestamp>700.099742</timestamp>
			</report>
			<report>
				<misses>2191001</misses>
				<total>13</total>
				<timestamp>700.419541</timestamp>
			</report>
			<report>
				<misses>2192001</misses>
				<total>13</total>
				<timestamp>700.739075</timestamp>
			</report>
			<report>
				<misses>2193001</misses>
				<total>13</total>
				<timestamp>701.058820</timestamp>
			</report>
			<report>
				<misses>2194001</misses>
				<total>13</total>
				<timestamp>701.378578</timestamp>
			</report>
			<report>
				<misses>2195001</misses>
				<total>13</total>
				<timestamp>701.698123</timestamp>
			</report>
			<report>
				<misses>2196001</misses>
				<total>13</total>
				<timestamp>702.017949</timestamp>
			</report>
			<report>
				<misses>2197001</misses>
				<total>12</total>
				<timestamp>702.337563</timestamp>
			</report>
			<report>
				<misses>2198001</misses>
				<total>13</total>
				<timestamp>702.657143</timestamp>
			</report>
			<report>
				<misses>2199001</misses>
				<total>12</total>
				<timestamp>702.976937</timestamp>
			</report>
			<report>
				<misses>2200001</misses>
				<total>13</total>
				<timestamp>703.296635</timestamp>
			</report>
			<report>
				<misses>2201001</misses>
				<total>13</total>
				<timestamp>703.616185</timestamp>
			</report>
			<report>
				<misses>2202001</misses>
				<total>13</total>
				<timestamp>703.935916</timestamp>
			</report>
			<report>
				<misses>2203001</misses>
				<total>13</total>
				<timestamp>704.255522</timestamp>
			</report>
			<report>
				<misses>2204001</misses>
				<total>13</total>
				<timestamp>704.575207</timestamp>
			</report>
			<report>
				<misses>2205001</misses>
				<total>13</total>
				<timestamp>704.894932</timestamp>
			</report>
			<report>
				<misses>2206001</misses>
				<total>12</total>
				<timestamp>705.214678</timestamp>
			</report>
			<report>
				<misses>2207001</misses>
				<total>13</total>
				<timestamp>705.534237</timestamp>
			</report>
			<report>
				<misses>2208001</misses>
				<total>12</total>
				<timestamp>705.854071</timestamp>
			</report>
			<report>
				<misses>2209001</misses>
				<total>13</total>
				<timestamp>706.173720</timestamp>
			</report>
			<report>
				<misses>2210001</misses>
				<total>13</total>
				<timestamp>706.493280</timestamp>
			</report>
			<report>
				<misses>2211001</misses>
				<total>13</total>
				<timestamp>706.813020</timestamp>
			</report>
			<report>
				<misses>2212001</misses>
				<total>13</total>
				<timestamp>707.132729</timestamp>
			</report>
			<report>
				<misses>2213001</misses>
				<total>13</total>
				<timestamp>707.452455</timestamp>
			</report>
			<report>
				<misses>2214001</misses>
				<total>13</total>
				<timestamp>707.772043</timestamp>
			</report>
			<report>
				<misses>2215001</misses>
				<total>13</total>
				<timestamp>708.091848</timestamp>
			</report>
			<report>
				<misses>2216001</misses>
				<total>13</total>
				<timestamp>708.411404</timestamp>
			</report>
			<report>
				<misses>2217001</misses>
				<total>13</total>
				<timestamp>708.731047</timestamp>
			</report>
			<report>
				<misses>2218001</misses>
				<total>13</total>
				<timestamp>709.050732</timestamp>
			</report>
			<report>
				<misses>2219001</misses>
				<total>13</total>
				<timestamp>709.370455</timestamp>
			</report>
			<report>
				<misses>2220001</misses>
				<total>13</total>
				<timestamp>709.690124</timestamp>
			</report>
			<report>
				<misses>2221001</misses>
				<total>13</total>
				<timestamp>710.009789</timestamp>
			</report>
			<report>
				<misses>2222001</misses>
				<total>13</total>
				<timestamp>710.329522</timestamp>
			</report>
			<report>
				<misses>2223001</misses>
				<total>13</total>
				<timestamp>710.649166</timestamp>
			</report>
			<report>
				<misses>2224001</misses>
				<total>13</total>
				<timestamp>710.968839</timestamp>
			</report>
			<report>
				<misses>2225001</misses>
				<total>13</total>
				<timestamp>711.288549</timestamp>
			</report>
			<report>
				<misses>2226001</misses>
				<total>13</total>
				<timestamp>711.608162</timestamp>
			</report>
			<report>
				<misses>2227001</misses>
				<total>13</total>
				<timestamp>711.927894</timestamp>
			</report>
			<report>
				<misses>2228001</misses>
				<total>13</total>
				<timestamp>712.247547</timestamp>
			</report>
			<report>
				<misses>2229001</misses>
				<total>13</total>
				<timestamp>712.567204</timestamp>
			</report>
			<report>
				<misses>2230001</misses>
				<total>13</total>
				<timestamp>712.886942</timestamp>
			</report>
			<report>
				<misses>2231001</misses>
				<total>13</total>
				<timestamp>713.206555</timestamp>
			</report>
			<report>
				<misses>2232001</misses>
				<total>13</total>
				<timestamp>713.526296</timestamp>
			</report>
			<report>
				<misses>2233001</misses>
				<total>13</total>
				<timestamp>713.845975</timestamp>
			</report>
			<report>
				<misses>2234001</misses>
				<total>13</total>
				<timestamp>714.165696</timestamp>
			</report>
			<report>
				<misses>2235001</misses>
				<total>13</total>
				<timestamp>714.485278</timestamp>
			</report>
			<report>
				<misses>2236001</misses>
				<total>13</total>
				<timestamp>714.804983</timestamp>
			</report>
			<report>
				<misses>2237001</misses>
				<total>13</total>
				<timestamp>715.124827</timestamp>
			</report>
			<report>
				<misses>2238001</misses>
				<total>13</total>
				<timestamp>715.444381</timestamp>
			</report>
			<report>
				<misses>2239001</misses>
				<total>13</total>
				<timestamp>715.764032</timestamp>
			</report>
			<report>
				<misses>2240001</misses>
				<total>13</total>
				<timestamp>716.083841</timestamp>
			</report>
			<report>
				<misses>2241001</misses>
				<total>13</total>
				<timestamp>716.403365</timestamp>
			</report>
			<report>
				<misses>2242001</misses>
				<total>13</total>
				<timestamp>716.723132</timestamp>
			</report>
			<report>
				<misses>2243001</misses>
				<total>13</total>
				<timestamp>717.042818</timestamp>
			</report>
			<report>
				<misses>2244001</misses>
				<total>13</total>
				<timestamp>717.362405</timestamp>
			</report>
			<report>
				<misses>2245001</misses>
				<total>13</total>
				<timestamp>717.682134</timestamp>
			</report>
			<report>
				<misses>2246001</misses>
				<total>12</total>
				<timestamp>718.001873</timestamp>
			</report>
			<report>
				<misses>2247001</misses>
				<total>13</total>
				<timestamp>718.321559</timestamp>
			</report>
			<report>
				<misses>2248001</misses>
				<total>13</total>
				<timestamp>718.641140</timestamp>
			</report>
			<report>
				<misses>2249001</misses>
				<total>13</total>
				<timestamp>718.960947</timestamp>
			</report>
			<report>
				<misses>2250001</misses>
				<total>13</total>
				<timestamp>719.280519</timestamp>
			</report>
			<report>
				<misses>2251001</misses>
				<total>13</total>
				<timestamp>719.600185</timestamp>
			</report>
			<report>
				<misses>2252001</misses>
				<total>13</total>
				<timestamp>719.919933</timestamp>
			</report>
			<report>
				<misses>2253001</misses>
				<total>13</total>
				<timestamp>720.239524</timestamp>
			</report>
			<report>
				<misses>2254001</misses>
				<total>13</total>
				<timestamp>720.559214</timestamp>
			</report>
			<report>
				<misses>2255001</misses>
				<total>13</total>
				<timestamp>720.878957</timestamp>
			</report>
			<report>
				<misses>2256001</misses>
				<total>13</total>
				<timestamp>721.198634</timestamp>
			</report>
			<report>
				<misses>2257001</misses>
				<total>12</total>
				<timestamp>721.518370</timestamp>
			</report>
			<report>
				<misses>2258001</misses>
				<total>13</total>
				<timestamp>721.837968</timestamp>
			</report>
			<report>
				<misses>2259001</misses>
				<total>13</total>
				<timestamp>722.157596</timestamp>
			</report>
			<report>
				<misses>2260001</misses>
				<total>13</total>
				<timestamp>722.477385</timestamp>
			</report>
			<report>
				<misses>2261001</misses>
				<total>12</total>
				<timestamp>722.797072</timestamp>
			</report>
			<report>
				<misses>2262001</misses>
				<total>13</total>
				<timestamp>723.116696</timestamp>
			</report>
			<report>
				<misses>2263001</misses>
				<total>14</total>
				<timestamp>723.436353</timestamp>
			</report>
			<report>
				<misses>2264001</misses>
				<total>14</total>
				<timestamp>723.756020</timestamp>
			</report>
			<report>
				<misses>2265001</misses>
				<total>14</total>
				<timestamp>724.075830</timestamp>
			</report>
			<report>
				<misses>2266001</misses>
				<total>13</total>
				<timestamp>724.395558</timestamp>
			</report>
			<report>
				<misses>2267001</misses>
				<total>13</total>
				<timestamp>724.715177</timestamp>
			</report>
			<report>
				<misses>2268001</misses>
				<total>14</total>
				<timestamp>725.034768</timestamp>
			</report>
			<report>
				<misses>2269001</misses>
				<total>14</total>
				<timestamp>725.354404</timestamp>
			</report>
			<report>
				<misses>2270001</misses>
				<total>14</total>
				<timestamp>725.674088</timestamp>
			</report>
			<report>
				<misses>2271001</misses>
				<total>14</total>
				<timestamp>725.993830</timestamp>
			</report>
			<report>
				<misses>2272001</misses>
				<total>14</total>
				<timestamp>726.313571</timestamp>
			</report>
			<report>
				<misses>2273001</misses>
				<total>14</total>
				<timestamp>726.633237</timestamp>
			</report>
			<report>
				<misses>2274001</misses>
				<total>14</total>
				<timestamp>726.952845</timestamp>
			</report>
			<report>
				<misses>2275001</misses>
				<total>14</total>
				<timestamp>727.272564</timestamp>
			</report>
			<report>
				<misses>2276001</misses>
				<total>14</total>
				<timestamp>727.592187</timestamp>
			</report>
			<report>
				<misses>2277001</misses>
				<total>14</total>
				<timestamp>727.911896</timestamp>
			</report>
			<report>
				<misses>2278001</misses>
				<total>14</total>
				<timestamp>728.231591</timestamp>
			</report>
			<report>
				<misses>2279001</misses>
				<total>14</total>
				<timestamp>728.551267</timestamp>
			</report>
			<report>
				<misses>2280001</misses>
				<total>14</total>
				<timestamp>728.870934</timestamp>
			</report>
			<report>
				<misses>2281001</misses>
				<total>14</total>
				<timestamp>729.190710</timestamp>
			</report>
			<report>
				<misses>2282001</misses>
				<total>14</total>
				<timestamp>729.510280</timestamp>
			</report>
			<report>
				<misses>2283001</misses>
				<total>14</total>
				<timestamp>729.829935</timestamp>
			</report>
			<report>
				<misses>2284001</misses>
				<total>14</total>
				<timestamp>730.149701</timestamp>
			</report>
			<report>
				<misses>2285001</misses>
				<total>14</total>
				<timestamp>730.469280</timestamp>
			</report>
			<report>
				<misses>2286001</misses>
				<total>14</total>
				<timestamp>730.788973</timestamp>
			</report>
			<report>
				<misses>2287001</misses>
				<total>13</total>
				<timestamp>731.108741</timestamp>
			</report>
			<report>
				<misses>2288001</misses>
				<total>14</total>
				<timestamp>731.428355</timestamp>
			</report>
			<report>
				<misses>2289001</misses>
				<total>14</total>
				<timestamp>731.748134</timestamp>
			</report>
			<report>
				<misses>2290001</misses>
				<total>14</total>
				<timestamp>732.067830</timestamp>
			</report>
			<report>
				<misses>2291001</misses>
				<total>14</total>
				<timestamp>732.387363</timestamp>
			</report>
			<report>
				<misses>2292001</misses>
				<total>14</total>
				<timestamp>732.707061</timestamp>
			</report>
			<report>
				<misses>2293001</misses>
				<total>14</total>
				<timestamp>733.026746</timestamp>
			</report>
			<report>
				<misses>2294001</misses>
				<total>14</total>
				<timestamp>733.346405</timestamp>
			</report>
			<report>
				<misses>2295001</misses>
				<total>14</total>
				<timestamp>733.666202</timestamp>
			</report>
			<report>
				<misses>2296001</misses>
				<total>13</total>
				<timestamp>733.985943</timestamp>
			</report>
			<report>
				<misses>2297001</misses>
				<total>14</total>
				<timestamp>734.305448</timestamp>
			</report>
			<report>
				<misses>2298001</misses>
				<total>14</total>
				<timestamp>734.625246</timestamp>
			</report>
			<report>
				<misses>2299001</misses>
				<total>14</total>
				<timestamp>734.944836</timestamp>
			</report>
			<report>
				<misses>2300001</misses>
				<total>14</total>
				<timestamp>735.264489</timestamp>
			</report>
			<report>
				<misses>2301001</misses>
				<total>13</total>
				<timestamp>735.584278</timestamp>
			</report>
			<report>
				<misses>2302001</misses>
				<total>14</total>
				<timestamp>735.903855</timestamp>
			</report>
			<report>
				<misses>2303001</misses>
				<total>14</total>
				<timestamp>736.223551</timestamp>
			</report>
			<report>
				<misses>2304001</misses>
				<total>14</total>
				<timestamp>736.543205</timestamp>
			</report>
			<report>
				<misses>2305001</misses>
				<total>14</total>
				<timestamp>736.863018</timestamp>
			</report>
			<report>
				<misses>2306001</misses>
				<total>14</total>
				<timestamp>737.182614</timestamp>
			</report>
			<report>
				<misses>2307001</misses>
				<total>14</total>
				<timestamp>737.502366</timestamp>
			</report>
			<report>
				<misses>2308001</misses>
				<total>14</total>
				<timestamp>737.821981</timestamp>
			</report>
			<report>
				<misses>2309001</misses>
				<total>14</total>
				<timestamp>738.141651</timestamp>
			</report>
			<report>
				<misses>2310001</misses>
				<total>14</total>
				<timestamp>738.461279</timestamp>
			</report>
			<report>
				<misses>2311001</misses>
				<total>13</total>
				<timestamp>738.781065</timestamp>
			</report>
			<report>
				<misses>2312001</misses>
				<total>14</total>
				<timestamp>739.100716</timestamp>
			</report>
			<report>
				<misses>2313001</misses>
				<total>13</total>
				<timestamp>739.420423</timestamp>
			</report>
			<report>
				<misses>2314001</misses>
				<total>14</total>
				<timestamp>739.740036</timestamp>
			</report>
			<report>
				<misses>2315001</misses>
				<total>14</total>
				<timestamp>740.059706</timestamp>
			</report>
			<report>
				<misses>2316001</misses>
				<total>14</total>
				<timestamp>740.379485</timestamp>
			</report>
			<report>
				<misses>2317001</misses>
				<total>14</total>
				<timestamp>740.699038</timestamp>
			</report>
			<report>
				<misses>2318001</misses>
				<total>14</total>
				<timestamp>741.018818</timestamp>
			</report>
			<report>
				<misses>2319001</misses>
				<total>14</total>
				<timestamp>741.338468</timestamp>
			</report>
			<report>
				<misses>2320001</misses>
				<total>14</total>
				<timestamp>741.658141</timestamp>
			</report>
			<report>
				<misses>2321001</misses>
				<total>14</total>
				<timestamp>741.977819</timestamp>
			</report>
			<report>
				<misses>2322001</misses>
				<total>14</total>
				<timestamp>742.297558</timestamp>
			</report>
			<report>
				<misses>2323001</misses>
				<total>14</total>
				<timestamp>742.617124</timestamp>
			</report>
			<report>
				<misses>2324001</misses>
				<total>14</total>
				<timestamp>742.936821</timestamp>
			</report>
			<report>
				<misses>2325001</misses>
				<total>14</total>
				<timestamp>743.256599</timestamp>
			</report>
			<report>
				<misses>2326001</misses>
				<total>14</total>
				<timestamp>743.576179</timestamp>
			</report>
			<report>
				<misses>2327001</misses>
				<total>14</total>
				<timestamp>743.895949</timestamp>
			</report>
			<report>
				<misses>2328001</misses>
				<total>14</total>
				<timestamp>744.215691</timestamp>
			</report>
			<report>
				<misses>2329001</misses>
				<total>14</total>
				<timestamp>744.535256</timestamp>
			</report>
			<report>
				<misses>2330001</misses>
				<total>14</total>
				<timestamp>744.854898</timestamp>
			</report>
			<report>
				<misses>2331001</misses>
				<total>14</total>
				<timestamp>745.174721</timestamp>
			</report>
			<report>
				<misses>2332001</misses>
				<total>14</total>
				<timestamp>745.494236</timestamp>
			</report>
			<report>
				<misses>2333001</misses>
				<total>14</total>
				<timestamp>745.813936</timestamp>
			</report>
			<report>
				<misses>2334001</misses>
				<total>14</total>
				<timestamp>746.133692</timestamp>
			</report>
			<report>
				<misses>2335001</misses>
				<total>14</total>
				<timestamp>746.453276</timestamp>
			</report>
			<report>
				<misses>2336001</misses>
				<total>14</total>
				<timestamp>746.772973</timestamp>
			</report>
			<report>
				<misses>2337001</misses>
				<total>14</total>
				<timestamp>747.092688</timestamp>
			</report>
			<report>
				<misses>2338001</misses>
				<total>13</total>
				<timestamp>747.412416</timestamp>
			</report>
			<report>
				<misses>2339001</misses>
				<total>14</total>
				<timestamp>747.732006</timestamp>
			</report>
			<report>
				<misses>2340001</misses>
				<total>14</total>
				<timestamp>748.051818</timestamp>
			</report>
			<report>
				<misses>2341001</misses>
				<total>14</total>
				<timestamp>748.371360</timestamp>
			</report>
			<report>
				<misses>2342001</misses>
				<total>14</total>
				<timestamp>748.691051</timestamp>
			</report>
			<report>
				<misses>2343001</misses>
				<total>14</total>
				<timestamp>749.010778</timestamp>
			</report>
			<report>
				<misses>2344001</misses>
				<total>14</total>
				<timestamp>749.330446</timestamp>
			</report>
			<report>
				<misses>2345001</misses>
				<total>14</total>
				<timestamp>749.650135</timestamp>
			</report>
			<report>
				<misses>2346001</misses>
				<total>14</total>
				<timestamp>749.969831</timestamp>
			</report>
			<report>
				<misses>2347001</misses>
				<total>14</total>
				<timestamp>750.289552</timestamp>
			</report>
			<report>
				<misses>2348001</misses>
				<total>14</total>
				<timestamp>750.609155</timestamp>
			</report>
			<report>
				<misses>2349001</misses>
				<total>14</total>
				<timestamp>750.928796</timestamp>
			</report>
			<report>
				<misses>2350001</misses>
				<total>14</total>
				<timestamp>751.248557</timestamp>
			</report>
			<report>
				<misses>2351001</misses>
				<total>14</total>
				<timestamp>751.568242</timestamp>
			</report>
			<report>
				<misses>2352001</misses>
				<total>14</total>
				<timestamp>751.887890</timestamp>
			</report>
			<report>
				<misses>2353001</misses>
				<total>13</total>
				<timestamp>752.207665</timestamp>
			</report>
			<report>
				<misses>2354001</misses>
				<total>14</total>
				<timestamp>752.527200</timestamp>
			</report>
			<report>
				<misses>2355001</misses>
				<total>14</total>
				<timestamp>752.846935</timestamp>
			</report>
			<report>
				<misses>2356001</misses>
				<total>14</total>
				<timestamp>753.166721</timestamp>
			</report>
			<report>
				<misses>2357001</misses>
				<total>14</total>
				<timestamp>753.486244</timestamp>
			</report>
			<report>
				<misses>2358001</misses>
				<total>14</total>
				<timestamp>753.805945</timestamp>
			</report>
			<report>
				<misses>2359001</misses>
				<total>14</total>
				<timestamp>754.125713</timestamp>
			</report>
			<report>
				<misses>2360001</misses>
				<total>14</total>
				<timestamp>754.445315</timestamp>
			</report>
			<report>
				<misses>2361001</misses>
				<total>14</total>
				<timestamp>754.764987</timestamp>
			</report>
			<report>
				<misses>2362001</misses>
				<total>14</total>
				<timestamp>755.084704</timestamp>
			</report>
			<report>
				<misses>2363001</misses>
				<total>14</total>
				<timestamp>755.404400</timestamp>
			</report>
			<report>
				<misses>2364001</misses>
				<total>14</total>
				<timestamp>755.724050</timestamp>
			</report>
			<report>
				<misses>2365001</misses>
				<total>14</total>
				<timestamp>756.043823</timestamp>
			</report>
			<report>
				<misses>2366001</misses>
				<total>14</total>
				<timestamp>756.363367</timestamp>
			</report>
			<report>
				<misses>2367001</misses>
				<total>13</total>
				<timestamp>756.683160</timestamp>
			</report>
			<report>
				<misses>2368001</misses>
				<total>14</total>
				<timestamp>757.002822</timestamp>
			</report>
			<report>
				<misses>2369001</misses>
				<total>13</total>
				<timestamp>757.322545</timestamp>
			</report>
			<report>
				<misses>2370001</misses>
				<total>14</total>
				<timestamp>757.642107</timestamp>
			</report>
			<report>
				<misses>2371001</misses>
				<total>14</total>
				<timestamp>757.961844</timestamp>
			</report>
			<report>
				<misses>2372001</misses>
				<total>14</total>
				<timestamp>758.281520</timestamp>
			</report>
			<report>
				<misses>2373001</misses>
				<total>13</total>
				<timestamp>758.601222</timestamp>
			</report>
			<report>
				<misses>2374001</misses>
				<total>14</total>
				<timestamp>758.920824</timestamp>
			</report>
			<report>
				<misses>2375001</misses>
				<total>14</total>
				<timestamp>759.240559</timestamp>
			</report>
			<report>
				<misses>2376001</misses>
				<total>14</total>
				<timestamp>759.560212</timestamp>
			</report>
			<report>
				<misses>2377001</misses>
				<total>14</total>
				<timestamp>759.879944</timestamp>
			</report>
			<report>
				<misses>2378001</misses>
				<total>14</total>
				<timestamp>760.199696</timestamp>
			</report>
			<report>
				<misses>2379001</misses>
				<total>14</total>
				<timestamp>760.519246</timestamp>
			</report>
			<report>
				<misses>2380001</misses>
				<total>14</total>
				<timestamp>760.838932</timestamp>
			</report>
			<report>
				<misses>2381001</misses>
				<total>14</total>
				<timestamp>761.158697</timestamp>
			</report>
			<report>
				<misses>2382001</misses>
				<total>14</total>
				<timestamp>761.478332</timestamp>
			</report>
			<report>
				<misses>2383001</misses>
				<total>14</total>
				<timestamp>761.797928</timestamp>
			</report>
			<report>
				<misses>2384001</misses>
				<total>13</total>
				<timestamp>762.117695</timestamp>
			</report>
			<report>
				<misses>2385001</misses>
				<total>14</total>
				<timestamp>762.437330</timestamp>
			</report>
			<report>
				<misses>2386001</misses>
				<total>14</total>
				<timestamp>762.756997</timestamp>
			</report>
			<report>
				<misses>2387001</misses>
				<total>14</total>
				<timestamp>763.076681</timestamp>
			</report>
			<report>
				<misses>2388001</misses>
				<total>14</total>
				<timestamp>763.396477</timestamp>
			</report>
			<report>
				<misses>2389001</misses>
				<total>14</total>
				<timestamp>763.716084</timestamp>
			</report>
			<report>
				<misses>2390001</misses>
				<total>14</total>
				<timestamp>764.035717</timestamp>
			</report>
			<report>
				<misses>2391001</misses>
				<total>14</total>
				<timestamp>764.355406</timestamp>
			</report>
			<report>
				<misses>2392001</misses>
				<total>14</total>
				<timestamp>764.675048</timestamp>
			</report>
			<report>
				<misses>2393001</misses>
				<total>14</total>
				<timestamp>764.994754</timestamp>
			</report>
			<report>
				<misses>2394001</misses>
				<total>14</total>
				<timestamp>765.314496</timestamp>
			</report>
			<report>
				<misses>2395001</misses>
				<total>14</total>
				<timestamp>765.634093</timestamp>
			</report>
			<report>
				<misses>2396001</misses>
				<total>14</total>
				<timestamp>765.953899</timestamp>
			</report>
			<report>
				<misses>2397001</misses>
				<total>14</total>
				<timestamp>766.273591</timestamp>
			</report>
			<report>
				<misses>2398001</misses>
				<total>13</total>
				<timestamp>766.593232</timestamp>
			</report>
			<report>
				<misses>2399001</misses>
				<total>13</total>
				<timestamp>766.912920</timestamp>
			</report>
			<report>
				<misses>2400001</misses>
				<total>14</total>
				<timestamp>767.232566</timestamp>
			</report>
			<report>
				<misses>2401001</misses>
				<total>14</total>
				<timestamp>767.552160</timestamp>
			</report>
			<report>
				<misses>2402001</misses>
				<total>14</total>
				<timestamp>767.871964</timestamp>
			</report>
			<report>
				<misses>2403001</misses>
				<total>13</total>
				<timestamp>768.191629</timestamp>
			</report>
			<report>
				<misses>2404001</misses>
				<total>14</total>
				<timestamp>768.511207</timestamp>
			</report>
			<report>
				<misses>2405001</misses>
				<total>14</total>
				<timestamp>768.830888</timestamp>
			</report>
			<report>
				<misses>2406001</misses>
				<total>14</total>
				<timestamp>769.150617</timestamp>
			</report>
			<report>
				<misses>2407001</misses>
				<total>14</total>
				<timestamp>769.470240</timestamp>
			</report>
			<report>
				<misses>2408001</misses>
				<total>14</total>
				<timestamp>769.790074</timestamp>
			</report>
			<report>
				<misses>2409001</misses>
				<total>14</total>
				<timestamp>770.109704</timestamp>
			</report>
			<report>
				<misses>2410001</misses>
				<total>13</total>
				<timestamp>770.429372</timestamp>
			</report>
			<report>
				<misses>2411001</misses>
				<total>14</total>
				<timestamp>770.749032</timestamp>
			</report>
			<report>
				<misses>2412001</misses>
				<total>15</total>
				<timestamp>771.068671</timestamp>
			</report>
			<report>
				<misses>2413001</misses>
				<total>15</total>
				<timestamp>771.388333</timestamp>
			</report>
			<report>
				<misses>2414001</misses>
				<total>15</total>
				<timestamp>771.708038</timestamp>
			</report>
			<report>
				<misses>2415001</misses>
				<total>15</total>
				<timestamp>772.027816</timestamp>
			</report>
			<report>
				<misses>2416001</misses>
				<total>15</total>
				<timestamp>772.347461</timestamp>
			</report>
			<report>
				<misses>2417001</misses>
				<total>15</total>
				<timestamp>772.667055</timestamp>
			</report>
			<report>
				<misses>2418001</misses>
				<total>15</total>
				<timestamp>772.986790</timestamp>
			</report>
			<report>
				<misses>2419001</misses>
				<total>15</total>
				<timestamp>773.306510</timestamp>
			</report>
			<report>
				<misses>2420001</misses>
				<total>15</total>
				<timestamp>773.626097</timestamp>
			</report>
			<report>
				<misses>2421001</misses>
				<total>15</total>
				<timestamp>773.945832</timestamp>
			</report>
			<report>
				<misses>2422001</misses>
				<total>15</total>
				<timestamp>774.265501</timestamp>
			</report>
			<report>
				<misses>2423001</misses>
				<total>15</total>
				<timestamp>774.585216</timestamp>
			</report>
			<report>
				<misses>2424001</misses>
				<total>15</total>
				<timestamp>774.904806</timestamp>
			</report>
			<report>
				<misses>2425001</misses>
				<total>15</total>
				<timestamp>775.224509</timestamp>
			</report>
			<report>
				<misses>2426001</misses>
				<total>15</total>
				<timestamp>775.544227</timestamp>
			</report>
			<report>
				<misses>2427001</misses>
				<total>15</total>
				<timestamp>775.863952</timestamp>
			</report>
			<report>
				<misses>2428001</misses>
				<total>14</total>
				<timestamp>776.183698</timestamp>
			</report>
			<report>
				<misses>2429001</misses>
				<total>15</total>
				<timestamp>776.503217</timestamp>
			</report>
			<report>
				<misses>2430001</misses>
				<total>15</total>
				<timestamp>776.822954</timestamp>
			</report>
			<report>
				<misses>2431001</misses>
				<total>15</total>
				<timestamp>777.142697</timestamp>
			</report>
			<report>
				<misses>2432001</misses>
				<total>14</total>
				<timestamp>777.462366</timestamp>
			</report>
			<report>
				<misses>2433001</misses>
				<total>14</total>
				<timestamp>777.782065</timestamp>
			</report>
			<report>
				<misses>2434001</misses>
				<total>15</total>
				<timestamp>778.101659</timestamp>
			</report>
			<report>
				<misses>2435001</misses>
				<total>15</total>
				<timestamp>778.421296</timestamp>
			</report>
			<report>
				<misses>2436001</misses>
				<total>15</total>
				<timestamp>778.740960</timestamp>
			</report>
			<report>
				<misses>2437001</misses>
				<total>15</total>
				<timestamp>779.060693</timestamp>
			</report>
			<report>
				<misses>2438001</misses>
				<total>15</total>
				<timestamp>779.380349</timestamp>
			</report>
			<report>
				<misses>2439001</misses>
				<total>15</total>
				<timestamp>779.700061</timestamp>
			</report>
			<report>
				<misses>2440001</misses>
				<total>15</total>
				<timestamp>780.019713</timestamp>
			</report>
			<report>
				<misses>2441001</misses>
				<total>14</total>
				<timestamp>780.339625</timestamp>
			</report>
			<report>
				<misses>2442001</misses>
				<total>15</total>
				<timestamp>780.659048</timestamp>
			</report>
			<report>
				<misses>2443001</misses>
				<total>15</total>
				<timestamp>780.978769</timestamp>
			</report>
			<report>
				<misses>2444001</misses>
				<total>15</total>
				<timestamp>781.298566</timestamp>
			</report>
			<report>
				<misses>2445001</misses>
				<total>15</total>
				<timestamp>781.618158</timestamp>
			</report>
			<report>
				<misses>2446001</misses>
				<total>15</total>
				<timestamp>781.937828</timestamp>
			</report>
			<report>
				<misses>2447001</misses>
				<total>15</total>
				<timestamp>782.257473</timestamp>
			</report>
			<report>
				<misses>2448001</misses>
				<total>15</total>
				<timestamp>782.577173</timestamp>
			</report>
			<report>
				<misses>2449001</misses>
				<total>15</total>
				<timestamp>782.896828</timestamp>
			</report>
			<report>
				<misses>2450001</misses>
				<total>15</total>
				<timestamp>783.216565</timestamp>
			</report>
			<report>
				<misses>2451001</misses>
				<total>15</total>
				<timestamp>783.536234</timestamp>
			</report>
			<report>
				<misses>2452001</misses>
				<total>15</total>
				<timestamp>783.855931</timestamp>
			</report>
			<report>
				<misses>2453001</misses>
				<total>15</total>
				<timestamp>784.175665</timestamp>
			</report>
			<report>
				<misses>2454001</misses>
				<total>15</total>
				<timestamp>784.495198</timestamp>
			</report>
			<report>
				<misses>2455001</misses>
				<total>15</total>
				<timestamp>784.814912</timestamp>
			</report>
			<report>
				<misses>2456001</misses>
				<total>15</total>
				<timestamp>785.134711</timestamp>
			</report>
			<report>
				<misses>2457001</misses>
				<total>14</total>
				<timestamp>785.454396</timestamp>
			</report>
			<report>
				<misses>2458001</misses>
				<total>15</total>
				<timestamp>785.773938</timestamp>
			</report>
			<report>
				<misses>2459001</misses>
				<total>15</total>
				<timestamp>786.093698</timestamp>
			</report>
			<report>
				<misses>2460001</misses>
				<total>15</total>
				<timestamp>786.413417</timestamp>
			</report>
			<report>
				<misses>2461001</misses>
				<total>15</total>
				<timestamp>786.733043</timestamp>
			</report>
			<report>
				<misses>2462001</misses>
				<total>15</total>
				<timestamp>787.052702</timestamp>
			</report>
			<report>
				<misses>2463001</misses>
				<total>15</total>
				<timestamp>787.372459</timestamp>
			</report>
			<report>
				<misses>2464001</misses>
				<total>15</total>
				<timestamp>787.692043</timestamp>
			</report>
			<report>
				<misses>2465001</misses>
				<total>15</total>
				<timestamp>788.011690</timestamp>
			</report>
			<report>
				<misses>2466001</misses>
				<total>15</total>
				<timestamp>788.331417</timestamp>
			</report>
			<report>
				<misses>2467001</misses>
				<total>15</total>
				<timestamp>788.651096</timestamp>
			</report>
			<report>
				<misses>2468001</misses>
				<total>14</total>
				<timestamp>788.970945</timestamp>
			</report>
			<report>
				<misses>2469001</misses>
				<total>15</total>
				<timestamp>789.290566</timestamp>
			</report>
			<report>
				<misses>2470001</misses>
				<total>15</total>
				<timestamp>789.610082</timestamp>
			</report>
			<report>
				<misses>2471001</misses>
				<total>15</total>
				<timestamp>789.929933</timestamp>
			</report>
			<report>
				<misses>2472001</misses>
				<total>15</total>
				<timestamp>790.249584</timestamp>
			</report>
			<report>
				<misses>2473001</misses>
				<total>15</total>
				<timestamp>790.569168</timestamp>
			</report>
			<report>
				<misses>2474001</misses>
				<total>15</total>
				<timestamp>790.888824</timestamp>
			</report>
			<report>
				<misses>2475001</misses>
				<total>15</total>
				<timestamp>791.208564</timestamp>
			</report>
			<report>
				<misses>2476001</misses>
				<total>15</total>
				<timestamp>791.528176</timestamp>
			</report>
			<report>
				<misses>2477001</misses>
				<total>14</total>
				<timestamp>791.848012</timestamp>
			</report>
			<report>
				<misses>2478001</misses>
				<total>15</total>
				<timestamp>792.167560</timestamp>
			</report>
			<report>
				<misses>2479001</misses>
				<total>15</total>
				<timestamp>792.487234</timestamp>
			</report>
			<report>
				<misses>2480001</misses>
				<total>15</total>
				<timestamp>792.806932</timestamp>
			</report>
			<report>
				<misses>2481001</misses>
				<total>15</total>
				<timestamp>793.126706</timestamp>
			</report>
			<report>
				<misses>2482001</misses>
				<total>15</total>
				<timestamp>793.446291</timestamp>
			</report>
			<report>
				<misses>2483001</misses>
				<total>15</total>
				<timestamp>793.765936</timestamp>
			</report>
			<report>
				<misses>2484001</misses>
				<total>15</total>
				<timestamp>794.085617</timestamp>
			</report>
			<report>
				<misses>2485001</misses>
				<total>15</total>
				<timestamp>794.405314</timestamp>
			</report>
			<report>
				<misses>2486001</misses>
				<total>15</total>
				<timestamp>794.725059</timestamp>
			</report>
			<report>
				<misses>2487001</misses>
				<total>15</total>
				<timestamp>795.044730</timestamp>
			</report>
			<report>
				<misses>2488001</misses>
				<total>15</total>
				<timestamp>795.364382</timestamp>
			</report>
			<report>
				<misses>2489001</misses>
				<total>15</total>
				<timestamp>795.684093</timestamp>
			</report>
			<report>
				<misses>2490001</misses>
				<total>15</total>
				<timestamp>796.003813</timestamp>
			</report>
			<report>
				<misses>2491001</misses>
				<total>15</total>
				<timestamp>796.323393</timestamp>
			</report>
			<report>
				<misses>2492001</misses>
				<total>15</total>
				<timestamp>796.643068</timestamp>
			</report>
			<report>
				<misses>2493001</misses>
				<total>15</total>
				<timestamp>796.962832</timestamp>
			</report>
			<report>
				<misses>2494001</misses>
				<total>15</total>
				<timestamp>797.282503</timestamp>
			</report>
			<report>
				<misses>2495001</misses>
				<total>15</total>
				<timestamp>797.602126</timestamp>
			</report>
			<report>
				<misses>2496001</misses>
				<total>15</total>
				<timestamp>797.921890</timestamp>
			</report>
			<report>
				<misses>2497001</misses>
				<total>15</total>
				<timestamp>798.241576</timestamp>
			</report>
			<report>
				<misses>2498001</misses>
				<total>15</total>
				<timestamp>798.561144</timestamp>
			</report>
			<report>
				<misses>2499001</misses>
				<total>15</total>
				<timestamp>798.880907</timestamp>
			</report>
			<report>
				<misses>2500001</misses>
				<total>15</total>
				<timestamp>799.200591</timestamp>
			</report>
			<report>
				<misses>2501001</misses>
				<total>15</total>
				<timestamp>799.520221</timestamp>
			</report>
			<report>
				<misses>2502001</misses>
				<total>15</total>
				<timestamp>799.839891</timestamp>
			</report>
			<report>
				<misses>2503001</misses>
				<total>15</total>
				<timestamp>800.159552</timestamp>
			</report>
			<report>
				<misses>2504001</misses>
				<total>15</total>
				<timestamp>800.479310</timestamp>
			</report>
			<report>
				<misses>2505001</misses>
				<total>15</total>
				<timestamp>800.798900</timestamp>
			</report>
			<report>
				<misses>2506001</misses>
				<total>14</total>
				<timestamp>801.118710</timestamp>
			</report>
			<report>
				<misses>2507001</misses>
				<total>15</total>
				<timestamp>801.438296</timestamp>
			</report>
			<report>
				<misses>2508001</misses>
				<total>15</total>
				<timestamp>801.757984</timestamp>
			</report>
			<report>
				<misses>2509001</misses>
				<total>15</total>
				<timestamp>802.077646</timestamp>
			</report>
			<report>
				<misses>2510001</misses>
				<total>15</total>
				<timestamp>802.397375</timestamp>
			</report>
			<report>
				<misses>2511001</misses>
				<total>15</total>
				<timestamp>802.716999</timestamp>
			</report>
			<report>
				<misses>2512001</misses>
				<total>15</total>
				<timestamp>803.036682</timestamp>
			</report>
			<report>
				<misses>2513001</misses>
				<total>15</total>
				<timestamp>803.356400</timestamp>
			</report>
			<report>
				<misses>2514001</misses>
				<total>15</total>
				<timestamp>803.676056</timestamp>
			</report>
			<report>
				<misses>2515001</misses>
				<total>15</total>
				<timestamp>803.995756</timestamp>
			</report>
			<report>
				<misses>2516001</misses>
				<total>15</total>
				<timestamp>804.315416</timestamp>
			</report>
			<report>
				<misses>2517001</misses>
				<total>15</total>
				<timestamp>804.635115</timestamp>
			</report>
			<report>
				<misses>2518001</misses>
				<total>14</total>
				<timestamp>804.954946</timestamp>
			</report>
			<report>
				<misses>2519001</misses>
				<total>15</total>
				<timestamp>805.274470</timestamp>
			</report>
			<report>
				<misses>2520001</misses>
				<total>15</total>
				<timestamp>805.594087</timestamp>
			</report>
			<report>
				<misses>2521001</misses>
				<total>15</total>
				<timestamp>805.913823</timestamp>
			</report>
			<report>
				<misses>2522001</misses>
				<total>14</total>
				<timestamp>806.233544</timestamp>
			</report>
			<report>
				<misses>2523001</misses>
				<total>15</total>
				<timestamp>806.553200</timestamp>
			</report>
			<report>
				<misses>2524001</misses>
				<total>15</total>
				<timestamp>806.872856</timestamp>
			</report>
			<report>
				<misses>2525001</misses>
				<total>15</total>
				<timestamp>807.192546</timestamp>
			</report>
			<report>
				<misses>2526001</misses>
				<total>15</total>
				<timestamp>807.512217</timestamp>
			</report>
			<report>
				<misses>2527001</misses>
				<total>15</total>
				<timestamp>807.831922</timestamp>
			</report>
			<report>
				<misses>2528001</misses>
				<total>15</total>
				<timestamp>808.151547</timestamp>
			</report>
			<report>
				<misses>2529001</misses>
				<total>15</total>
				<timestamp>808.471279</timestamp>
			</report>
			<report>
				<misses>2530001</misses>
				<total>15</total>
				<timestamp>808.790958</timestamp>
			</report>
			<report>
				<misses>2531001</misses>
				<total>15</total>
				<timestamp>809.110572</timestamp>
			</report>
			<report>
				<misses>2532001</misses>
				<total>15</total>
				<timestamp>809.430258</timestamp>
			</report>
			<report>
				<misses>2533001</misses>
				<total>15</total>
				<timestamp>809.750011</timestamp>
			</report>
			<report>
				<misses>2534001</misses>
				<total>15</total>
				<timestamp>810.069698</timestamp>
			</report>
			<report>
				<misses>2535001</misses>
				<total>15</total>
				<timestamp>810.389377</timestamp>
			</report>
			<report>
				<misses>2536001</misses>
				<total>15</total>
				<timestamp>810.708974</timestamp>
			</report>
			<report>
				<misses>2537001</misses>
				<total>15</total>
				<timestamp>811.028693</timestamp>
			</report>
			<report>
				<misses>2538001</misses>
				<total>15</total>
				<timestamp>811.348376</timestamp>
			</report>
			<report>
				<misses>2539001</misses>
				<total>15</total>
				<timestamp>811.668065</timestamp>
			</report>
			<report>
				<misses>2540001</misses>
				<total>15</total>
				<timestamp>811.987681</timestamp>
			</report>
			<report>
				<misses>2541001</misses>
				<total>15</total>
				<timestamp>812.307376</timestamp>
			</report>
			<report>
				<misses>2542001</misses>
				<total>15</total>
				<timestamp>812.627120</timestamp>
			</report>
			<report>
				<misses>2543001</misses>
				<total>14</total>
				<timestamp>812.946832</timestamp>
			</report>
			<report>
				<misses>2544001</misses>
				<total>15</total>
				<timestamp>813.266414</timestamp>
			</report>
			<report>
				<misses>2545001</misses>
				<total>15</total>
				<timestamp>813.586090</timestamp>
			</report>
			<report>
				<misses>2546001</misses>
				<total>15</total>
				<timestamp>813.905912</timestamp>
			</report>
			<report>
				<misses>2547001</misses>
				<total>15</total>
				<timestamp>814.225441</timestamp>
			</report>
			<report>
				<misses>2548001</misses>
				<total>15</total>
				<timestamp>814.545243</timestamp>
			</report>
			<report>
				<misses>2549001</misses>
				<total>15</total>
				<timestamp>814.864813</timestamp>
			</report>
			<report>
				<misses>2550001</misses>
				<total>15</total>
				<timestamp>815.184550</timestamp>
			</report>
			<report>
				<misses>2551001</misses>
				<total>15</total>
				<timestamp>815.504302</timestamp>
			</report>
			<report>
				<misses>2552001</misses>
				<total>15</total>
				<timestamp>815.823886</timestamp>
			</report>
			<report>
				<misses>2553001</misses>
				<total>15</total>
				<timestamp>816.143702</timestamp>
			</report>
			<report>
				<misses>2554001</misses>
				<total>15</total>
				<timestamp>816.463213</timestamp>
			</report>
			<report>
				<misses>2555001</misses>
				<total>15</total>
				<timestamp>816.782944</timestamp>
			</report>
			<report>
				<misses>2556001</misses>
				<total>15</total>
				<timestamp>817.102591</timestamp>
			</report>
			<report>
				<misses>2557001</misses>
				<total>15</total>
				<timestamp>817.422314</timestamp>
			</report>
			<report>
				<misses>2558001</misses>
				<total>15</total>
				<timestamp>817.741960</timestamp>
			</report>
			<report>
				<misses>2559001</misses>
				<total>14</total>
				<timestamp>818.061744</timestamp>
			</report>
			<report>
				<misses>2560001</misses>
				<total>15</total>
				<timestamp>818.381336</timestamp>
			</report>
			<report>
				<misses>2561001</misses>
				<total>15</total>
				<timestamp>818.701003</timestamp>
			</report>
			<report>
				<misses>2562001</misses>
				<total>15</total>
				<timestamp>819.020690</timestamp>
			</report>
			<report>
				<misses>2563001</misses>
				<total>14</total>
				<timestamp>819.340416</timestamp>
			</report>
			<report>
				<misses>2564001</misses>
				<total>15</total>
				<timestamp>819.660023</timestamp>
			</report>
			<report>
				<misses>2565001</misses>
				<total>15</total>
				<timestamp>819.979813</timestamp>
			</report>
			<report>
				<misses>2566001</misses>
				<total>15</total>
				<timestamp>820.299384</timestamp>
			</report>
			<report>
				<misses>2567001</misses>
				<total>15</total>
				<timestamp>820.619096</timestamp>
			</report>
			<report>
				<misses>2568001</misses>
				<total>15</total>
				<timestamp>820.938767</timestamp>
			</report>
			<report>
				<misses>2569001</misses>
				<total>15</total>
				<timestamp>821.258465</timestamp>
			</report>
			<report>
				<misses>2570001</misses>
				<total>15</total>
				<timestamp>821.578113</timestamp>
			</report>
			<report>
				<misses>2571001</misses>
				<total>15</total>
				<timestamp>821.897820</timestamp>
			</report>
			<report>
				<misses>2572001</misses>
				<total>15</total>
				<timestamp>822.217555</timestamp>
			</report>
			<report>
				<misses>2573001</misses>
				<total>15</total>
				<timestamp>822.537198</timestamp>
			</report>
			<report>
				<misses>2574001</misses>
				<total>15</total>
				<timestamp>822.856817</timestamp>
			</report>
			<report>
				<misses>2575001</misses>
				<total>15</total>
				<timestamp>823.176558</timestamp>
			</report>
			<report>
				<misses>2576001</misses>
				<total>15</total>
				<timestamp>823.496243</timestamp>
			</report>
			<report>
				<misses>2577001</misses>
				<total>15</total>
				<timestamp>823.815915</timestamp>
			</report>
			<report>
				<misses>2578001</misses>
				<total>15</total>
				<timestamp>824.135583</timestamp>
			</report>
			<report>
				<misses>2579001</misses>
				<total>15</total>
				<timestamp>824.455221</timestamp>
			</report>
			<report>
				<misses>2580001</misses>
				<total>15</total>
				<timestamp>824.774943</timestamp>
			</report>
			<report>
				<misses>2581001</misses>
				<total>15</total>
				<timestamp>825.094624</timestamp>
			</report>
			<report>
				<misses>2582001</misses>
				<total>15</total>
				<timestamp>825.414308</timestamp>
			</report>
			<report>
				<misses>2583001</misses>
				<total>14</total>
				<timestamp>825.734099</timestamp>
			</report>
			<report>
				<misses>2584001</misses>
				<total>15</total>
				<timestamp>826.053766</timestamp>
			</report>
			<report>
				<misses>2585001</misses>
				<total>15</total>
				<timestamp>826.373325</timestamp>
			</report>
			<report>
				<misses>2586001</misses>
				<total>15</total>
				<timestamp>826.693020</timestamp>
			</report>
			<report>
				<misses>2587001</misses>
				<total>15</total>
				<timestamp>827.012668</timestamp>
			</report>
			<report>
				<misses>2588001</misses>
				<total>15</total>
				<timestamp>827.332430</timestamp>
			</report>
			<report>
				<misses>2589001</misses>
				<total>15</total>
				<timestamp>827.652080</timestamp>
			</report>
			<report>
				<misses>2590001</misses>
				<total>15</total>
				<timestamp>827.971700</timestamp>
			</report>
			<report>
				<misses>2591001</misses>
				<total>15</total>
				<timestamp>828.291361</timestamp>
			</report>
			<report>
				<misses>2592001</misses>
				<total>15</total>
				<timestamp>828.611134</timestamp>
			</report>
			<report>
				<misses>2593001</misses>
				<total>15</total>
				<timestamp>828.930733</timestamp>
			</report>
			<report>
				<misses>2594001</misses>
				<total>15</total>
				<timestamp>829.250442</timestamp>
			</report>
			<report>
				<misses>2595001</misses>
				<total>15</total>
				<timestamp>829.570106</timestamp>
			</report>
			<report>
				<misses>2596001</misses>
				<total>15</total>
				<timestamp>829.889803</timestamp>
			</report>
			<report>
				<misses>2597001</misses>
				<total>15</total>
				<timestamp>830.209503</timestamp>
			</report>
			<report>
				<misses>2598001</misses>
				<total>14</total>
				<timestamp>830.529218</timestamp>
			</report>
			<report>
				<misses>2599001</misses>
				<total>15</total>
				<timestamp>830.848907</timestamp>
			</report>
			<report>
				<misses>2600001</misses>
				<total>15</total>
				<timestamp>831.168591</timestamp>
			</report>
			<report>
				<misses>2601001</misses>
				<total>15</total>
				<timestamp>831.488217</timestamp>
			</report>
			<report>
				<misses>2602001</misses>
				<total>15</total>
				<timestamp>831.807913</timestamp>
			</report>
			<report>
				<misses>2603001</misses>
				<total>15</total>
				<timestamp>832.127642</timestamp>
			</report>
			<report>
				<misses>2604001</misses>
				<total>15</total>
				<timestamp>832.447238</timestamp>
			</report>
			<report>
				<misses>2605001</misses>
				<total>15</total>
				<timestamp>832.766933</timestamp>
			</report>
			<report>
				<misses>2606001</misses>
				<total>15</total>
				<timestamp>833.086575</timestamp>
			</report>
			<report>
				<misses>2607001</misses>
				<total>15</total>
				<timestamp>833.406281</timestamp>
			</report>
			<report>
				<misses>2608001</misses>
				<total>15</total>
				<timestamp>833.725981</timestamp>
			</report>
			<report>
				<misses>2609001</misses>
				<total>15</total>
				<timestamp>834.045701</timestamp>
			</report>
			<report>
				<misses>2610001</misses>
				<total>15</total>
				<timestamp>834.365323</timestamp>
			</report>
			<report>
				<misses>2611001</misses>
				<total>15</total>
				<timestamp>834.684982</timestamp>
			</report>
			<report>
				<misses>2612001</misses>
				<total>15</total>
				<timestamp>835.004665</timestamp>
			</report>
			<report>
				<misses>2613001</misses>
				<total>15</total>
				<timestamp>835.324354</timestamp>
			</report>
			<report>
				<misses>2614001</misses>
				<total>15</total>
				<timestamp>835.644104</timestamp>
			</report>
			<report>
				<misses>2615001</misses>
				<total>15</total>
				<timestamp>835.963719</timestamp>
			</report>
			<report>
				<misses>2616001</misses>
				<total>15</total>
				<timestamp>836.283378</timestamp>
			</report>
			<report>
				<misses>2617001</misses>
				<total>14</total>
				<timestamp>836.603293</timestamp>
			</report>
			<report>
				<misses>2618001</misses>
				<total>14</total>
				<timestamp>836.922942</timestamp>
			</report>
			<report>
				<misses>2619001</misses>
				<total>15</total>
				<timestamp>837.242600</timestamp>
			</report>
			<report>
				<misses>2620001</misses>
				<total>15</total>
				<timestamp>837.562160</timestamp>
			</report>
			<report>
				<misses>2621001</misses>
				<total>15</total>
				<timestamp>837.881950</timestamp>
			</report>
			<report>
				<misses>2622001</misses>
				<total>15</total>
				<timestamp>838.201605</timestamp>
			</report>
			<report>
				<misses>2623001</misses>
				<total>15</total>
				<timestamp>838.521128</timestamp>
			</report>
			<report>
				<misses>2624001</misses>
				<total>15</total>
				<timestamp>838.840807</timestamp>
			</report>
			<report>
				<misses>2625001</misses>
				<total>15</total>
				<timestamp>839.160566</timestamp>
			</report>
			<report>
				<misses>2626001</misses>
				<total>15</total>
				<timestamp>839.480202</timestamp>
			</report>
			<report>
				<misses>2627001</misses>
				<total>15</total>
				<timestamp>839.799880</timestamp>
			</report>
			<report>
				<misses>2628001</misses>
				<total>15</total>
				<timestamp>840.119551</timestamp>
			</report>
			<report>
				<misses>2629001</misses>
				<total>15</total>
				<timestamp>840.439230</timestamp>
			</report>
			<report>
				<misses>2630001</misses>
				<total>15</total>
				<timestamp>840.758948</timestamp>
			</report>
			<report>
				<misses>2631001</misses>
				<total>15</total>
				<timestamp>841.078688</timestamp>
			</report>
			<report>
				<misses>2632001</misses>
				<total>15</total>
				<timestamp>841.398253</timestamp>
			</report>
			<report>
				<misses>2633001</misses>
				<total>15</total>
				<timestamp>841.718025</timestamp>
			</report>
			<report>
				<misses>2634001</misses>
				<total>15</total>
				<timestamp>842.037704</timestamp>
			</report>
			<report>
				<misses>2635001</misses>
				<total>15</total>
				<timestamp>842.357274</timestamp>
			</report>
			<report>
				<misses>2636001</misses>
				<total>15</total>
				<timestamp>842.676988</timestamp>
			</report>
			<report>
				<misses>2637001</misses>
				<total>15</total>
				<timestamp>842.996784</timestamp>
			</report>
			<report>
				<misses>2638001</misses>
				<total>14</total>
				<timestamp>843.316453</timestamp>
			</report>
			<report>
				<misses>2639001</misses>
				<total>15</total>
				<timestamp>843.636074</timestamp>
			</report>
			<report>
				<misses>2640001</misses>
				<total>15</total>
				<timestamp>843.955703</timestamp>
			</report>
			<report>
				<misses>2641001</misses>
				<total>15</total>
				<timestamp>844.275363</timestamp>
			</report>
			<report>
				<misses>2642001</misses>
				<total>15</total>
				<timestamp>844.595081</timestamp>
			</report>
			<report>
				<misses>2643001</misses>
				<total>15</total>
				<timestamp>844.914734</timestamp>
			</report>
			<report>
				<misses>2644001</misses>
				<total>15</total>
				<timestamp>845.234578</timestamp>
			</report>
			<report>
				<misses>2645001</misses>
				<total>15</total>
				<timestamp>845.554184</timestamp>
			</report>
			<report>
				<misses>2646001</misses>
				<total>15</total>
				<timestamp>845.873836</timestamp>
			</report>
			<report>
				<misses>2647001</misses>
				<total>15</total>
				<timestamp>846.193441</timestamp>
			</report>
			<report>
				<misses>2648001</misses>
				<total>15</total>
				<timestamp>846.513155</timestamp>
			</report>
			<report>
				<misses>2649001</misses>
				<total>15</total>
				<timestamp>846.832859</timestamp>
			</report>
			<report>
				<misses>2650001</misses>
				<total>15</total>
				<timestamp>847.152610</timestamp>
			</report>
			<report>
				<misses>2651001</misses>
				<total>15</total>
				<timestamp>847.472189</timestamp>
			</report>
			<report>
				<misses>2652001</misses>
				<total>15</total>
				<timestamp>847.791923</timestamp>
			</report>
			<report>
				<misses>2653001</misses>
				<total>15</total>
				<timestamp>848.111640</timestamp>
			</report>
			<report>
				<misses>2654001</misses>
				<total>15</total>
				<timestamp>848.431227</timestamp>
			</report>
			<report>
				<misses>2655001</misses>
				<total>15</total>
				<timestamp>848.750911</timestamp>
			</report>
			<report>
				<misses>2656001</misses>
				<total>15</total>
				<timestamp>849.070588</timestamp>
			</report>
			<report>
				<misses>2657001</misses>
				<total>15</total>
				<timestamp>849.390244</timestamp>
			</report>
			<report>
				<misses>2658001</misses>
				<total>15</total>
				<timestamp>849.709963</timestamp>
			</report>
			<report>
				<misses>2659001</misses>
				<total>15</total>
				<timestamp>850.029709</timestamp>
			</report>
			<report>
				<misses>2660001</misses>
				<total>15</total>
				<timestamp>850.349349</timestamp>
			</report>
			<report>
				<misses>2661001</misses>
				<total>15</total>
				<timestamp>850.669010</timestamp>
			</report>
			<report>
				<misses>2662001</misses>
				<total>15</total>
				<timestamp>850.988642</timestamp>
			</report>
			<report>
				<misses>2663001</misses>
				<total>15</total>
				<timestamp>851.308384</timestamp>
			</report>
			<report>
				<misses>2664001</misses>
				<total>15</total>
				<timestamp>851.628039</timestamp>
			</report>
			<report>
				<misses>2665001</misses>
				<total>15</total>
				<timestamp>851.947839</timestamp>
			</report>
			<report>
				<misses>2666001</misses>
				<total>15</total>
				<timestamp>852.267361</timestamp>
			</report>
			<report>
				<misses>2667001</misses>
				<total>15</total>
				<timestamp>852.587111</timestamp>
			</report>
			<report>
				<misses>2668001</misses>
				<total>15</total>
				<timestamp>852.906879</timestamp>
			</report>
			<report>
				<misses>2669001</misses>
				<total>15</total>
				<timestamp>853.226534</timestamp>
			</report>
			<report>
				<misses>2670001</misses>
				<total>15</total>
				<timestamp>853.546105</timestamp>
			</report>
			<report>
				<misses>2671001</misses>
				<total>15</total>
				<timestamp>853.865818</timestamp>
			</report>
			<report>
				<misses>2672001</misses>
				<total>15</total>
				<timestamp>854.185566</timestamp>
			</report>
			<report>
				<misses>2673001</misses>
				<total>15</total>
				<timestamp>854.505134</timestamp>
			</report>
			<report>
				<misses>2674001</misses>
				<total>15</total>
				<timestamp>854.824857</timestamp>
			</report>
			<report>
				<misses>2675001</misses>
				<total>15</total>
				<timestamp>855.144528</timestamp>
			</report>
			<report>
				<misses>2676001</misses>
				<total>15</total>
				<timestamp>855.464206</timestamp>
			</report>
			<report>
				<misses>2677001</misses>
				<total>15</total>
				<timestamp>855.783942</timestamp>
			</report>
			<report>
				<misses>2678001</misses>
				<total>15</total>
				<timestamp>856.103521</timestamp>
			</report>
			<report>
				<misses>2679001</misses>
				<total>15</total>
				<timestamp>856.423236</timestamp>
			</report>
			<report>
				<misses>2680001</misses>
				<total>15</total>
				<timestamp>856.742959</timestamp>
			</report>
			<report>
				<misses>2681001</misses>
				<total>15</total>
				<timestamp>857.062669</timestamp>
			</report>
			<report>
				<misses>2682001</misses>
				<total>15</total>
				<timestamp>857.382253</timestamp>
			</report>
			<report>
				<misses>2683001</misses>
				<total>15</total>
				<timestamp>857.702016</timestamp>
			</report>
			<report>
				<misses>2684001</misses>
				<total>14</total>
				<timestamp>858.021697</timestamp>
			</report>
			<report>
				<misses>2685001</misses>
				<total>15</total>
				<timestamp>858.341287</timestamp>
			</report>
			<report>
				<misses>2686001</misses>
				<total>15</total>
				<timestamp>858.661034</timestamp>
			</report>
			<report>
				<misses>2687001</misses>
				<total>15</total>
				<timestamp>858.980671</timestamp>
			</report>
			<report>
				<misses>2688001</misses>
				<total>15</total>
				<timestamp>859.300346</timestamp>
			</report>
			<report>
				<misses>2689001</misses>
				<total>15</total>
				<timestamp>859.620051</timestamp>
			</report>
			<report>
				<misses>2690001</misses>
				<total>15</total>
				<timestamp>859.939683</timestamp>
			</report>
			<report>
				<misses>2691001</misses>
				<total>15</total>
				<timestamp>860.259407</timestamp>
			</report>
			<report>
				<misses>2692001</misses>
				<total>15</total>
				<timestamp>860.579124</timestamp>
			</report>
			<report>
				<misses>2693001</misses>
				<total>15</total>
				<timestamp>860.898732</timestamp>
			</report>
			<report>
				<misses>2694001</misses>
				<total>15</total>
				<timestamp>861.218407</timestamp>
			</report>
			<report>
				<misses>2695001</misses>
				<total>14</total>
				<timestamp>861.538208</timestamp>
			</report>
			<report>
				<misses>2696001</misses>
				<total>15</total>
				<timestamp>861.857792</timestamp>
			</report>
			<report>
				<misses>2697001</misses>
				<total>15</total>
				<timestamp>862.177475</timestamp>
			</report>
			<report>
				<misses>2698001</misses>
				<total>15</total>
				<timestamp>862.497114</timestamp>
			</report>
			<report>
				<misses>2699001</misses>
				<total>15</total>
				<timestamp>862.816854</timestamp>
			</report>
			<report>
				<misses>2700001</misses>
				<total>15</total>
				<timestamp>863.136545</timestamp>
			</report>
			<report>
				<misses>2701001</misses>
				<total>15</total>
				<timestamp>863.456195</timestamp>
			</report>
			<report>
				<misses>2702001</misses>
				<total>15</total>
				<timestamp>863.775902</timestamp>
			</report>
			<report>
				<misses>2703001</misses>
				<total>15</total>
				<timestamp>864.095639</timestamp>
			</report>
			<report>
				<misses>2704001</misses>
				<total>15</total>
				<timestamp>864.415285</timestamp>
			</report>
			<report>
				<misses>2705001</misses>
				<total>15</total>
				<timestamp>864.734920</timestamp>
			</report>
			<report>
				<misses>2706001</misses>
				<total>15</total>
				<timestamp>865.054580</timestamp>
			</report>
			<report>
				<misses>2707001</misses>
				<total>15</total>
				<timestamp>865.374296</timestamp>
			</report>
			<report>
				<misses>2708001</misses>
				<total>15</total>
				<timestamp>865.693954</timestamp>
			</report>
			<report>
				<misses>2709001</misses>
				<total>15</total>
				<timestamp>866.013686</timestamp>
			</report>
			<report>
				<misses>2710001</misses>
				<total>15</total>
				<timestamp>866.333294</timestamp>
			</report>
			<report>
				<misses>2711001</misses>
				<total>14</total>
				<timestamp>866.653169</timestamp>
			</report>
			<report>
				<misses>2712001</misses>
				<total>15</total>
				<timestamp>866.972826</timestamp>
			</report>
			<report>
				<misses>2713001</misses>
				<total>15</total>
				<timestamp>867.292344</timestamp>
			</report>
			<report>
				<misses>2714001</misses>
				<total>15</total>
				<timestamp>867.612015</timestamp>
			</report>
			<report>
				<misses>2715001</misses>
				<total>15</total>
				<timestamp>867.931816</timestamp>
			</report>
			<report>
				<misses>2716001</misses>
				<total>15</total>
				<timestamp>868.251406</timestamp>
			</report>
			<report>
				<misses>2717001</misses>
				<total>15</total>
				<timestamp>868.571062</timestamp>
			</report>
			<report>
				<misses>2718001</misses>
				<total>15</total>
				<timestamp>868.890774</timestamp>
			</report>
			<report>
				<misses>2719001</misses>
				<total>15</total>
				<timestamp>869.210428</timestamp>
			</report>
			<report>
				<misses>2720001</misses>
				<total>15</total>
				<timestamp>869.530236</timestamp>
			</report>
			<report>
				<misses>2721001</misses>
				<total>15</total>
				<timestamp>869.849833</timestamp>
			</report>
			<report>
				<misses>2722001</misses>
				<total>15</total>
				<timestamp>870.169582</timestamp>
			</report>
			<report>
				<misses>2723001</misses>
				<total>15</total>
				<timestamp>870.489163</timestamp>
			</report>
			<report>
				<misses>2724001</misses>
				<total>15</total>
				<timestamp>870.808835</timestamp>
			</report>
			<report>
				<misses>2725001</misses>
				<total>15</total>
				<timestamp>871.128482</timestamp>
			</report>
			<report>
				<misses>2726001</misses>
				<total>15</total>
				<timestamp>871.448165</timestamp>
			</report>
			<report>
				<misses>2727001</misses>
				<total>15</total>
				<timestamp>871.767894</timestamp>
			</report>
			<report>
				<misses>2728001</misses>
				<total>15</total>
				<timestamp>872.087561</timestamp>
			</report>
			<report>
				<misses>2729001</misses>
				<total>15</total>
				<timestamp>872.407217</timestamp>
			</report>
			<report>
				<misses>2730001</misses>
				<total>15</total>
				<timestamp>872.726954</timestamp>
			</report>
			<report>
				<misses>2731001</misses>
				<total>15</total>
				<timestamp>873.046684</timestamp>
			</report>
			<report>
				<misses>2732001</misses>
				<total>15</total>
				<timestamp>873.366269</timestamp>
			</report>
			<report>
				<misses>2733001</misses>
				<total>15</total>
				<timestamp>873.685962</timestamp>
			</report>
			<report>
				<misses>2734001</misses>
				<total>15</total>
				<timestamp>874.005703</timestamp>
			</report>
			<report>
				<misses>2735001</misses>
				<total>15</total>
				<timestamp>874.325295</timestamp>
			</report>
			<report>
				<misses>2736001</misses>
				<total>15</total>
				<timestamp>874.644980</timestamp>
			</report>
			<report>
				<misses>2737001</misses>
				<total>15</total>
				<timestamp>874.964730</timestamp>
			</report>
			<report>
				<misses>2738001</misses>
				<total>15</total>
				<timestamp>875.284321</timestamp>
			</report>
			<report>
				<misses>2739001</misses>
				<total>15</total>
				<timestamp>875.604019</timestamp>
			</report>
			<report>
				<misses>2740001</misses>
				<total>15</total>
				<timestamp>875.923689</timestamp>
			</report>
			<report>
				<misses>2741001</misses>
				<total>15</total>
				<timestamp>876.243398</timestamp>
			</report>
			<report>
				<misses>2742001</misses>
				<total>15</total>
				<timestamp>876.563115</timestamp>
			</report>
			<report>
				<misses>2743001</misses>
				<total>15</total>
				<timestamp>876.882959</timestamp>
			</report>
			<report>
				<misses>2744001</misses>
				<total>14</total>
				<timestamp>877.202519</timestamp>
			</report>
			<report>
				<misses>2745001</misses>
				<total>14</total>
				<timestamp>877.522194</timestamp>
			</report>
			<report>
				<misses>2746001</misses>
				<total>15</total>
				<timestamp>877.841928</timestamp>
			</report>
			<report>
				<misses>2747001</misses>
				<total>14</total>
				<timestamp>878.161621</timestamp>
			</report>
			<report>
				<misses>2748001</misses>
				<total>15</total>
				<timestamp>878.481199</timestamp>
			</report>
			<report>
				<misses>2749001</misses>
				<total>15</total>
				<timestamp>878.800945</timestamp>
			</report>
			<report>
				<misses>2750001</misses>
				<total>15</total>
				<timestamp>879.120562</timestamp>
			</report>
			<report>
				<misses>2751001</misses>
				<total>15</total>
				<timestamp>879.440163</timestamp>
			</report>
			<report>
				<misses>2752001</misses>
				<total>15</total>
				<timestamp>879.759939</timestamp>
			</report>
			<report>
				<misses>2753001</misses>
				<total>15</total>
				<timestamp>880.079559</timestamp>
			</report>
			<report>
				<misses>2754001</misses>
				<total>15</total>
				<timestamp>880.399205</timestamp>
			</report>
			<report>
				<misses>2755001</misses>
				<total>15</total>
				<timestamp>880.718943</timestamp>
			</report>
			<report>
				<misses>2756001</misses>
				<total>15</total>
				<timestamp>881.038690</timestamp>
			</report>
			<report>
				<misses>2757001</misses>
				<total>15</total>
				<timestamp>881.358301</timestamp>
			</report>
			<report>
				<misses>2758001</misses>
				<total>15</total>
				<timestamp>881.677943</timestamp>
			</report>
			<report>
				<misses>2759001</misses>
				<total>15</total>
				<timestamp>881.997691</timestamp>
			</report>
			<report>
				<misses>2760001</misses>
				<total>15</total>
				<timestamp>882.317317</timestamp>
			</report>
			<report>
				<misses>2761001</misses>
				<total>15</total>
				<timestamp>882.637022</timestamp>
			</report>
			<report>
				<misses>2762001</misses>
				<total>15</total>
				<timestamp>882.956692</timestamp>
			</report>
			<report>
				<misses>2763001</misses>
				<total>15</total>
				<timestamp>883.276326</timestamp>
			</report>
			<report>
				<misses>2764001</misses>
				<total>15</total>
				<timestamp>883.596079</timestamp>
			</report>
			<report>
				<misses>2765001</misses>
				<total>15</total>
				<timestamp>883.915735</timestamp>
			</report>
			<report>
				<misses>2766001</misses>
				<total>15</total>
				<timestamp>884.235391</timestamp>
			</report>
			<report>
				<misses>2767001</misses>
				<total>15</total>
				<timestamp>884.555102</timestamp>
			</report>
			<report>
				<misses>2768001</misses>
				<total>15</total>
				<timestamp>884.874753</timestamp>
			</report>
			<report>
				<misses>2769001</misses>
				<total>14</total>
				<timestamp>885.194502</timestamp>
			</report>
			<report>
				<misses>2770001</misses>
				<total>15</total>
				<timestamp>885.514082</timestamp>
			</report>
			<report>
				<misses>2771001</misses>
				<total>15</total>
				<timestamp>885.833801</timestamp>
			</report>
			<report>
				<misses>2772001</misses>
				<total>15</total>
				<timestamp>886.153499</timestamp>
			</report>
			<report>
				<misses>2773001</misses>
				<total>15</total>
				<timestamp>886.473165</timestamp>
			</report>
			<report>
				<misses>2774001</misses>
				<total>15</total>
				<timestamp>886.792883</timestamp>
			</report>
			<report>
				<misses>2775001</misses>
				<total>15</total>
				<timestamp>887.112529</timestamp>
			</report>
			<report>
				<misses>2776001</misses>
				<total>15</total>
				<timestamp>887.432170</timestamp>
			</report>
			<report>
				<misses>2777001</misses>
				<total>15</total>
				<timestamp>887.751905</timestamp>
			</report>
			<report>
				<misses>2778001</misses>
				<total>15</total>
				<timestamp>888.071727</timestamp>
			</report>
			<report>
				<misses>2779001</misses>
				<total>15</total>
				<timestamp>888.391243</timestamp>
			</report>
			<report>
				<misses>2780001</misses>
				<total>15</total>
				<timestamp>888.710896</timestamp>
			</report>
			<report>
				<misses>2781001</misses>
				<total>15</total>
				<timestamp>889.030669</timestamp>
			</report>
			<report>
				<misses>2782001</misses>
				<total>15</total>
				<timestamp>889.350274</timestamp>
			</report>
			<report>
				<misses>2783001</misses>
				<total>15</total>
				<timestamp>889.669955</timestamp>
			</report>
			<report>
				<misses>2784001</misses>
				<total>15</total>
				<timestamp>889.989753</timestamp>
			</report>
			<report>
				<misses>2785001</misses>
				<total>15</total>
				<timestamp>890.309319</timestamp>
			</report>
			<report>
				<misses>2786001</misses>
				<total>15</total>
				<timestamp>890.628959</timestamp>
			</report>
			<report>
				<misses>2787001</misses>
				<total>15</total>
				<timestamp>890.948641</timestamp>
			</report>
			<report>
				<misses>2788001</misses>
				<total>15</total>
				<timestamp>891.268333</timestamp>
			</report>
			<report>
				<misses>2789001</misses>
				<total>15</total>
				<timestamp>891.588026</timestamp>
			</report>
			<report>
				<misses>2790001</misses>
				<total>15</total>
				<timestamp>891.907836</timestamp>
			</report>
			<report>
				<misses>2791001</misses>
				<total>15</total>
				<timestamp>892.227383</timestamp>
			</report>
			<report>
				<misses>2792001</misses>
				<total>15</total>
				<timestamp>892.547123</timestamp>
			</report>
			<report>
				<misses>2793001</misses>
				<total>15</total>
				<timestamp>892.866848</timestamp>
			</report>
			<report>
				<misses>2794001</misses>
				<total>15</total>
				<timestamp>893.186441</timestamp>
			</report>
			<report>
				<misses>2795001</misses>
				<total>15</total>
				<timestamp>893.506104</timestamp>
			</report>
			<report>
				<misses>2796001</misses>
				<total>15</total>
				<timestamp>893.825837</timestamp>
			</report>
			<report>
				<misses>2797001</misses>
				<total>15</total>
				<timestamp>894.145596</timestamp>
			</report>
			<report>
				<misses>2798001</misses>
				<total>15</total>
				<timestamp>894.465212</timestamp>
			</report>
			<report>
				<misses>2799001</misses>
				<total>15</total>
				<timestamp>894.784941</timestamp>
			</report>
			<report>
				<misses>2800001</misses>
				<total>14</total>
				<timestamp>895.104718</timestamp>
			</report>
			<report>
				<misses>2801001</misses>
				<total>15</total>
				<timestamp>895.424250</timestamp>
			</report>
			<report>
				<misses>2802001</misses>
				<total>15</total>
				<timestamp>895.743853</timestamp>
			</report>
			<report>
				<misses>2803001</misses>
				<total>15</total>
				<timestamp>896.063616</timestamp>
			</report>
			<report>
				<misses>2804001</misses>
				<total>14</total>
				<timestamp>896.383322</timestamp>
			</report>
			<report>
				<misses>2805001</misses>
				<total>15</total>
				<timestamp>896.702958</timestamp>
			</report>
			<report>
				<misses>2806001</misses>
				<total>15</total>
				<timestamp>897.022705</timestamp>
			</report>
			<report>
				<misses>2807001</misses>
				<total>15</total>
				<timestamp>897.342242</timestamp>
			</report>
			<report>
				<misses>2808001</misses>
				<total>15</total>
				<timestamp>897.662064</timestamp>
			</report>
			<report>
				<misses>2809001</misses>
				<total>15</total>
				<timestamp>897.981697</timestamp>
			</report>
			<report>
				<misses>2810001</misses>
				<total>15</total>
				<timestamp>898.301271</timestamp>
			</report>
			<report>
				<misses>2811001</misses>
				<total>15</total>
				<timestamp>898.621093</timestamp>
			</report>
			<report>
				<misses>2812001</misses>
				<total>14</total>
				<timestamp>898.940833</timestamp>
			</report>
			<report>
				<misses>2813001</misses>
				<total>15</total>
				<timestamp>899.260357</timestamp>
			</report>
			<report>
				<misses>2814001</misses>
				<total>15</total>
				<timestamp>899.580018</timestamp>
			</report>
			<report>
				<misses>2815001</misses>
				<total>15</total>
				<timestamp>899.899814</timestamp>
			</report>
			<report>
				<misses>2816001</misses>
				<total>15</total>
				<timestamp>900.219423</timestamp>
			</report>
			<report>
				<misses>2817001</misses>
				<total>15</total>
				<timestamp>900.539053</timestamp>
			</report>
			<report>
				<misses>2818001</misses>
				<total>15</total>
				<timestamp>900.858746</timestamp>
			</report>
			<report>
				<misses>2819001</misses>
				<total>15</total>
				<timestamp>901.178429</timestamp>
			</report>
			<report>
				<misses>2820001</misses>
				<total>15</total>
				<timestamp>901.498106</timestamp>
			</report>
			<report>
				<misses>2821001</misses>
				<total>15</total>
				<timestamp>901.817839</timestamp>
			</report>
			<report>
				<misses>2822001</misses>
				<total>15</total>
				<timestamp>902.137569</timestamp>
			</report>
			<report>
				<misses>2823001</misses>
				<total>15</total>
				<timestamp>902.457175</timestamp>
			</report>
			<report>
				<misses>2824001</misses>
				<total>15</total>
				<timestamp>902.776966</timestamp>
			</report>
			<report>
				<misses>2825001</misses>
				<total>15</total>
				<timestamp>903.096529</timestamp>
			</report>
			<report>
				<misses>2826001</misses>
				<total>14</total>
				<timestamp>903.416297</timestamp>
			</report>
			<report>
				<misses>2827001</misses>
				<total>15</total>
				<timestamp>903.735878</timestamp>
			</report>
			<report>
				<misses>2828001</misses>
				<total>15</total>
				<timestamp>904.055587</timestamp>
			</report>
			<report>
				<misses>2829001</misses>
				<total>15</total>
				<timestamp>904.375197</timestamp>
			</report>
			<report>
				<misses>2830001</misses>
				<total>15</total>
				<timestamp>904.694943</timestamp>
			</report>
			<report>
				<misses>2831001</misses>
				<total>15</total>
				<timestamp>905.014689</timestamp>
			</report>
			<report>
				<misses>2832001</misses>
				<total>15</total>
				<timestamp>905.334278</timestamp>
			</report>
			<report>
				<misses>2833001</misses>
				<total>15</total>
				<timestamp>905.653987</timestamp>
			</report>
			<report>
				<misses>2834001</misses>
				<total>15</total>
				<timestamp>905.973694</timestamp>
			</report>
			<report>
				<misses>2835001</misses>
				<total>15</total>
				<timestamp>906.293310</timestamp>
			</report>
			<report>
				<misses>2836001</misses>
				<total>15</total>
				<timestamp>906.612973</timestamp>
			</report>
			<report>
				<misses>2837001</misses>
				<total>15</total>
				<timestamp>906.932697</timestamp>
			</report>
			<report>
				<misses>2838001</misses>
				<total>15</total>
				<timestamp>907.252331</timestamp>
			</report>
			<report>
				<misses>2839001</misses>
				<total>15</total>
				<timestamp>907.572012</timestamp>
			</report>
			<report>
				<misses>2840001</misses>
				<total>15</total>
				<timestamp>907.891739</timestamp>
			</report>
			<report>
				<misses>2841001</misses>
				<total>15</total>
				<timestamp>908.211373</timestamp>
			</report>
			<report>
				<misses>2842001</misses>
				<total>15</total>
				<timestamp>908.531174</timestamp>
			</report>
			<report>
				<misses>2843001</misses>
				<total>15</total>
				<timestamp>908.850838</timestamp>
			</report>
			<report>
				<misses>2844001</misses>
				<total>15</total>
				<timestamp>909.170396</timestamp>
			</report>
			<report>
				<misses>2845001</misses>
				<total>15</total>
				<timestamp>909.490081</timestamp>
			</report>
			<report>
				<misses>2846001</misses>
				<total>15</total>
				<timestamp>909.809789</timestamp>
			</report>
			<report>
				<misses>2847001</misses>
				<total>15</total>
				<timestamp>910.129580</timestamp>
			</report>
			<report>
				<misses>2848001</misses>
				<total>14</total>
				<timestamp>910.449264</timestamp>
			</report>
			<report>
				<misses>2849001</misses>
				<total>15</total>
				<timestamp>910.768946</timestamp>
			</report>
			<report>
				<misses>2850001</misses>
				<total>15</total>
				<timestamp>911.088500</timestamp>
			</report>
			<report>
				<misses>2851001</misses>
				<total>15</total>
				<timestamp>911.408213</timestamp>
			</report>
			<report>
				<misses>2852001</misses>
				<total>15</total>
				<timestamp>911.727893</timestamp>
			</report>
			<report>
				<misses>2853001</misses>
				<total>15</total>
				<timestamp>912.047650</timestamp>
			</report>
			<report>
				<misses>2854001</misses>
				<total>15</total>
				<timestamp>912.367199</timestamp>
			</report>
			<report>
				<misses>2855001</misses>
				<total>15</total>
				<timestamp>912.686917</timestamp>
			</report>
			<report>
				<misses>2856001</misses>
				<total>15</total>
				<timestamp>913.006612</timestamp>
			</report>
			<report>
				<misses>2857001</misses>
				<total>15</total>
				<timestamp>913.326263</timestamp>
			</report>
			<report>
				<misses>2858001</misses>
				<total>15</total>
				<timestamp>913.645963</timestamp>
			</report>
			<report>
				<misses>2859001</misses>
				<total>14</total>
				<timestamp>913.965809</timestamp>
			</report>
			<report>
				<misses>2860001</misses>
				<total>14</total>
				<timestamp>914.285381</timestamp>
			</report>
			<report>
				<misses>2861001</misses>
				<total>15</total>
				<timestamp>914.605078</timestamp>
			</report>
			<report>
				<misses>2862001</misses>
				<total>15</total>
				<timestamp>914.924725</timestamp>
			</report>
			<report>
				<misses>2863001</misses>
				<total>15</total>
				<timestamp>915.244347</timestamp>
			</report>
			<report>
				<misses>2864001</misses>
				<total>15</total>
				<timestamp>915.564072</timestamp>
			</report>
			<report>
				<misses>2865001</misses>
				<total>15</total>
				<timestamp>915.883744</timestamp>
			</report>
			<report>
				<misses>2866001</misses>
				<total>15</total>
				<timestamp>916.203496</timestamp>
			</report>
			<report>
				<misses>2867001</misses>
				<total>14</total>
				<timestamp>916.523161</timestamp>
			</report>
			<report>
				<misses>2868001</misses>
				<total>15</total>
				<timestamp>916.842839</timestamp>
			</report>
			<report>
				<misses>2869001</misses>
				<total>15</total>
				<timestamp>917.162423</timestamp>
			</report>
			<report>
				<misses>2870001</misses>
				<total>14</total>
				<timestamp>917.482238</timestamp>
			</report>
			<report>
				<misses>2871001</misses>
				<total>15</total>
				<timestamp>917.801820</timestamp>
			</report>
			<report>
				<misses>2872001</misses>
				<total>15</total>
				<timestamp>918.121601</timestamp>
			</report>
			<report>
				<misses>2873001</misses>
				<total>15</total>
				<timestamp>918.441161</timestamp>
			</report>
			<report>
				<misses>2874001</misses>
				<total>15</total>
				<timestamp>918.760834</timestamp>
			</report>
			<report>
				<misses>2875001</misses>
				<total>15</total>
				<timestamp>919.080629</timestamp>
			</report>
			<report>
				<misses>2876001</misses>
				<total>15</total>
				<timestamp>919.400157</timestamp>
			</report>
			<report>
				<misses>2877001</misses>
				<total>15</total>
				<timestamp>919.719912</timestamp>
			</report>
			<report>
				<misses>2878001</misses>
				<total>15</total>
				<timestamp>920.039619</timestamp>
			</report>
			<report>
				<misses>2879001</misses>
				<total>15</total>
				<timestamp>920.359192</timestamp>
			</report>
			<report>
				<misses>2880001</misses>
				<total>15</total>
				<timestamp>920.678970</timestamp>
			</report>
			<report>
				<misses>2881001</misses>
				<total>15</total>
				<timestamp>920.998587</timestamp>
			</report>
			<report>
				<misses>2882001</misses>
				<total>15</total>
				<timestamp>921.318290</timestamp>
			</report>
			<report>
				<misses>2883001</misses>
				<total>15</total>
				<timestamp>921.638094</timestamp>
			</report>
			<report>
				<misses>2884001</misses>
				<total>15</total>
				<timestamp>921.957713</timestamp>
			</report>
			<report>
				<misses>2885001</misses>
				<total>15</total>
				<timestamp>922.277305</timestamp>
			</report>
			<report>
				<misses>2886001</misses>
				<total>15</total>
				<timestamp>922.596982</timestamp>
			</report>
			<report>
				<misses>2887001</misses>
				<total>15</total>
				<timestamp>922.916675</timestamp>
			</report>
			<report>
				<misses>2888001</misses>
				<total>15</total>
				<timestamp>923.236320</timestamp>
			</report>
			<report>
				<misses>2889001</misses>
				<total>15</total>
				<timestamp>923.556017</timestamp>
			</report>
			<report>
				<misses>2890001</misses>
				<total>15</total>
				<timestamp>923.875676</timestamp>
			</report>
			<report>
				<misses>2891001</misses>
				<total>15</total>
				<timestamp>924.195410</timestamp>
			</report>
			<report>
				<misses>2892001</misses>
				<total>15</total>
				<timestamp>924.515101</timestamp>
			</report>
			<report>
				<misses>2893001</misses>
				<total>15</total>
				<timestamp>924.834824</timestamp>
			</report>
			<report>
				<misses>2894001</misses>
				<total>15</total>
				<timestamp>925.154439</timestamp>
			</report>
			<report>
				<misses>2895001</misses>
				<total>15</total>
				<timestamp>925.474094</timestamp>
			</report>
			<report>
				<misses>2896001</misses>
				<total>15</total>
				<timestamp>925.793805</timestamp>
			</report>
			<report>
				<misses>2897001</misses>
				<total>15</total>
				<timestamp>926.113483</timestamp>
			</report>
			<report>
				<misses>2898001</misses>
				<total>15</total>
				<timestamp>926.433207</timestamp>
			</report>
			<report>
				<misses>2899001</misses>
				<total>15</total>
				<timestamp>926.752874</timestamp>
			</report>
			<report>
				<misses>2900001</misses>
				<total>14</total>
				<timestamp>927.072710</timestamp>
			</report>
			<report>
				<misses>2901001</misses>
				<total>15</total>
				<timestamp>927.392185</timestamp>
			</report>
			<report>
				<misses>2902001</misses>
				<total>15</total>
				<timestamp>927.711894</timestamp>
			</report>
			<report>
				<misses>2903001</misses>
				<total>15</total>
				<timestamp>928.031587</timestamp>
			</report>
			<report>
				<misses>2904001</misses>
				<total>15</total>
				<timestamp>928.351230</timestamp>
			</report>
			<report>
				<misses>2905001</misses>
				<total>15</total>
				<timestamp>928.670911</timestamp>
			</report>
			<report>
				<misses>2906001</misses>
				<total>15</total>
				<timestamp>928.990599</timestamp>
			</report>
			<report>
				<misses>2907001</misses>
				<total>15</total>
				<timestamp>929.310288</timestamp>
			</report>
			<report>
				<misses>2908001</misses>
				<total>15</total>
				<timestamp>929.629951</timestamp>
			</report>
			<report>
				<misses>2909001</misses>
				<total>15</total>
				<timestamp>929.949717</timestamp>
			</report>
			<report>
				<misses>2910001</misses>
				<total>15</total>
				<timestamp>930.269283</timestamp>
			</report>
			<report>
				<misses>2911001</misses>
				<total>15</total>
				<timestamp>930.588981</timestamp>
			</report>
			<report>
				<misses>2912001</misses>
				<total>15</total>
				<timestamp>930.908733</timestamp>
			</report>
			<report>
				<misses>2913001</misses>
				<total>15</total>
				<timestamp>931.228336</timestamp>
			</report>
			<report>
				<misses>2914001</misses>
				<total>15</total>
				<timestamp>931.548011</timestamp>
			</report>
			<report>
				<misses>2915001</misses>
				<total>15</total>
				<timestamp>931.867791</timestamp>
			</report>
			<report>
				<misses>2916001</misses>
				<total>15</total>
				<timestamp>932.187358</timestamp>
			</report>
			<report>
				<misses>2917001</misses>
				<total>15</total>
				<timestamp>932.507093</timestamp>
			</report>
			<report>
				<misses>2918001</misses>
				<total>15</total>
				<timestamp>932.826835</timestamp>
			</report>
			<report>
				<misses>2919001</misses>
				<total>14</total>
				<timestamp>933.146711</timestamp>
			</report>
			<report>
				<misses>2920001</misses>
				<total>15</total>
				<timestamp>933.466137</timestamp>
			</report>
			<report>
				<misses>2921001</misses>
				<total>15</total>
				<timestamp>933.785784</timestamp>
			</report>
			<report>
				<misses>2922001</misses>
				<total>15</total>
				<timestamp>934.105562</timestamp>
			</report>
			<report>
				<misses>2923001</misses>
				<total>15</total>
				<timestamp>934.425194</timestamp>
			</report>
			<report>
				<misses>2924001</misses>
				<total>15</total>
				<timestamp>934.744836</timestamp>
			</report>
			<report>
				<misses>2925001</misses>
				<total>15</total>
				<timestamp>935.064585</timestamp>
			</report>
			<report>
				<misses>2926001</misses>
				<total>15</total>
				<timestamp>935.384180</timestamp>
			</report>
			<report>
				<misses>2927001</misses>
				<total>15</total>
				<timestamp>935.703904</timestamp>
			</report>
			<report>
				<misses>2928001</misses>
				<total>15</total>
				<timestamp>936.023575</timestamp>
			</report>
			<report>
				<misses>2929001</misses>
				<total>15</total>
				<timestamp>936.343241</timestamp>
			</report>
			<report>
				<misses>2930001</misses>
				<total>15</total>
				<timestamp>936.662896</timestamp>
			</report>
			<report>
				<misses>2931001</misses>
				<total>15</total>
				<timestamp>936.982614</timestamp>
			</report>
			<report>
				<misses>2932001</misses>
				<total>15</total>
				<timestamp>937.302266</timestamp>
			</report>
			<report>
				<misses>2933001</misses>
				<total>15</total>
				<timestamp>937.621941</timestamp>
			</report>
			<report>
				<misses>2934001</misses>
				<total>15</total>
				<timestamp>937.941666</timestamp>
			</report>
			<report>
				<misses>2935001</misses>
				<total>15</total>
				<timestamp>938.261397</timestamp>
			</report>
			<report>
				<misses>2936001</misses>
				<total>15</total>
				<timestamp>938.581066</timestamp>
			</report>
			<report>
				<misses>2937001</misses>
				<total>15</total>
				<timestamp>938.900839</timestamp>
			</report>
			<report>
				<misses>2938001</misses>
				<total>15</total>
				<timestamp>939.220331</timestamp>
			</report>
			<report>
				<misses>2939001</misses>
				<total>15</total>
				<timestamp>939.540099</timestamp>
			</report>
			<report>
				<misses>2940001</misses>
				<total>15</total>
				<timestamp>939.859723</timestamp>
			</report>
			<report>
				<misses>2941001</misses>
				<total>15</total>
				<timestamp>940.179417</timestamp>
			</report>
			<report>
				<misses>2942001</misses>
				<total>15</total>
				<timestamp>940.499090</timestamp>
			</report>
			<report>
				<misses>2943001</misses>
				<total>15</total>
				<timestamp>940.818824</timestamp>
			</report>
			<report>
				<misses>2944001</misses>
				<total>15</total>
				<timestamp>941.138575</timestamp>
			</report>
			<report>
				<misses>2945001</misses>
				<total>15</total>
				<timestamp>941.458126</timestamp>
			</report>
			<report>
				<misses>2946001</misses>
				<total>15</total>
				<timestamp>941.777854</timestamp>
			</report>
			<report>
				<misses>2947001</misses>
				<total>15</total>
				<timestamp>942.097593</timestamp>
			</report>
			<report>
				<misses>2948001</misses>
				<total>15</total>
				<timestamp>942.417136</timestamp>
			</report>
			<report>
				<misses>2949001</misses>
				<total>15</total>
				<timestamp>942.736942</timestamp>
			</report>
			<report>
				<misses>2950001</misses>
				<total>15</total>
				<timestamp>943.056587</timestamp>
			</report>
			<report>
				<misses>2951001</misses>
				<total>15</total>
				<timestamp>943.376217</timestamp>
			</report>
			<report>
				<misses>2952001</misses>
				<total>15</total>
				<timestamp>943.695878</timestamp>
			</report>
			<report>
				<misses>2953001</misses>
				<total>15</total>
				<timestamp>944.015571</timestamp>
			</report>
			<report>
				<misses>2954001</misses>
				<total>15</total>
				<timestamp>944.335241</timestamp>
			</report>
			<report>
				<misses>2955001</misses>
				<total>15</total>
				<timestamp>944.654900</timestamp>
			</report>
			<report>
				<misses>2956001</misses>
				<total>15</total>
				<timestamp>944.974598</timestamp>
			</report>
			<report>
				<misses>2957001</misses>
				<total>15</total>
				<timestamp>945.294392</timestamp>
			</report>
			<report>
				<misses>2958001</misses>
				<total>15</total>
				<timestamp>945.613994</timestamp>
			</report>
			<report>
				<misses>2959001</misses>
				<total>15</total>
				<timestamp>945.933703</timestamp>
			</report>
			<report>
				<misses>2960001</misses>
				<total>15</total>
				<timestamp>946.253289</timestamp>
			</report>
			<report>
				<misses>2961001</misses>
				<total>15</total>
				<timestamp>946.572989</timestamp>
			</report>
			<report>
				<misses>2962001</misses>
				<total>15</total>
				<timestamp>946.892642</timestamp>
			</report>
			<report>
				<misses>2963001</misses>
				<total>15</total>
				<timestamp>947.212428</timestamp>
			</report>
			<report>
				<misses>2964001</misses>
				<total>15</total>
				<timestamp>947.532050</timestamp>
			</report>
			<report>
				<misses>2965001</misses>
				<total>15</total>
				<timestamp>947.851811</timestamp>
			</report>
			<report>
				<misses>2966001</misses>
				<total>15</total>
				<timestamp>948.171474</timestamp>
			</report>
			<report>
				<misses>2967001</misses>
				<total>15</total>
				<timestamp>948.491087</timestamp>
			</report>
			<report>
				<misses>2968001</misses>
				<total>15</total>
				<timestamp>948.810821</timestamp>
			</report>
			<report>
				<misses>2969001</misses>
				<total>15</total>
				<timestamp>949.130493</timestamp>
			</report>
			<report>
				<misses>2970001</misses>
				<total>15</total>
				<timestamp>949.450102</timestamp>
			</report>
			<report>
				<misses>2971001</misses>
				<total>15</total>
				<timestamp>949.769828</timestamp>
			</report>
			<report>
				<misses>2972001</misses>
				<total>15</total>
				<timestamp>950.089473</timestamp>
			</report>
			<report>
				<misses>2973001</misses>
				<total>15</total>
				<timestamp>950.409130</timestamp>
			</report>
			<report>
				<misses>2974001</misses>
				<total>15</total>
				<timestamp>950.728859</timestamp>
			</report>
			<report>
				<misses>2975001</misses>
				<total>14</total>
				<timestamp>951.048578</timestamp>
			</report>
			<report>
				<misses>2976001</misses>
				<total>15</total>
				<timestamp>951.368159</timestamp>
			</report>
			<report>
				<misses>2977001</misses>
				<total>14</total>
				<timestamp>951.687936</timestamp>
			</report>
			<report>
				<misses>2978001</misses>
				<total>15</total>
				<timestamp>952.007591</timestamp>
			</report>
			<report>
				<misses>2979001</misses>
				<total>15</total>
				<timestamp>952.327210</timestamp>
			</report>
			<report>
				<misses>2980001</misses>
				<total>14</total>
				<timestamp>952.647016</timestamp>
			</report>
			<report>
				<misses>2981001</misses>
				<total>15</total>
				<timestamp>952.966598</timestamp>
			</report>
			<report>
				<misses>2982001</misses>
				<total>15</total>
				<timestamp>953.286246</timestamp>
			</report>
			<report>
				<misses>2983001</misses>
				<total>15</total>
				<timestamp>953.605944</timestamp>
			</report>
			<report>
				<misses>2984001</misses>
				<total>15</total>
				<timestamp>953.925690</timestamp>
			</report>
			<report>
				<misses>2985001</misses>
				<total>15</total>
				<timestamp>954.245440</timestamp>
			</report>
			<report>
				<misses>2986001</misses>
				<total>15</total>
				<timestamp>954.565055</timestamp>
			</report>
			<report>
				<misses>2987001</misses>
				<total>15</total>
				<timestamp>954.884697</timestamp>
			</report>
			<report>
				<misses>2988001</misses>
				<total>15</total>
				<timestamp>955.204323</timestamp>
			</report>
			<report>
				<misses>2989001</misses>
				<total>15</total>
				<timestamp>955.524076</timestamp>
			</report>
			<report>
				<misses>2990001</misses>
				<total>15</total>
				<timestamp>955.843826</timestamp>
			</report>
			<report>
				<misses>2991001</misses>
				<total>15</total>
				<timestamp>956.163355</timestamp>
			</report>
			<report>
				<misses>2992001</misses>
				<total>15</total>
				<timestamp>956.483035</timestamp>
			</report>
			<report>
				<misses>2993001</misses>
				<total>15</total>
				<timestamp>956.802764</timestamp>
			</report>
			<report>
				<misses>2994001</misses>
				<total>16</total>
				<timestamp>957.122425</timestamp>
			</report>
			<report>
				<misses>2995001</misses>
				<total>16</total>
				<timestamp>957.442258</timestamp>
			</report>
			<report>
				<misses>2996001</misses>
				<total>15</total>
				<timestamp>957.761936</timestamp>
			</report>
			<report>
				<misses>2997001</misses>
				<total>16</total>
				<timestamp>958.081470</timestamp>
			</report>
			<report>
				<misses>2998001</misses>
				<total>16</total>
				<timestamp>958.401120</timestamp>
			</report>
			<report>
				<misses>2999001</misses>
				<total>16</total>
				<timestamp>958.720884</timestamp>
			</report>
			<report>
				<misses>3000001</misses>
				<total>16</total>
				<timestamp>959.040535</timestamp>
			</report>
			<report>
				<misses>3001001</misses>
				<total>16</total>
				<timestamp>959.360241</timestamp>
			</report>
			<report>
				<misses>3002001</misses>
				<total>15</total>
				<timestamp>959.679991</timestamp>
			</report>
			<report>
				<misses>3003001</misses>
				<total>16</total>
				<timestamp>959.999537</timestamp>
			</report>
			<report>
				<misses>3004001</misses>
				<total>16</total>
				<timestamp>960.319227</timestamp>
			</report>
			<report>
				<misses>3005001</misses>
				<total>16</total>
				<timestamp>960.638887</timestamp>
			</report>
			<report>
				<misses>3006001</misses>
				<total>16</total>
				<timestamp>960.958697</timestamp>
			</report>
			<report>
				<misses>3007001</misses>
				<total>16</total>
				<timestamp>961.278359</timestamp>
			</report>
			<report>
				<misses>3008001</misses>
				<total>16</total>
				<timestamp>961.597976</timestamp>
			</report>
			<report>
				<misses>3009001</misses>
				<total>16</total>
				<timestamp>961.917709</timestamp>
			</report>
			<report>
				<misses>3010001</misses>
				<total>16</total>
				<timestamp>962.237315</timestamp>
			</report>
			<report>
				<misses>3011001</misses>
				<total>16</total>
				<timestamp>962.557024</timestamp>
			</report>
			<report>
				<misses>3012001</misses>
				<total>16</total>
				<timestamp>962.876655</timestamp>
			</report>
			<report>
				<misses>3013001</misses>
				<total>16</total>
				<timestamp>963.196324</timestamp>
			</report>
			<report>
				<misses>3014001</misses>
				<total>16</total>
				<timestamp>963.516095</timestamp>
			</report>
			<report>
				<misses>3015001</misses>
				<total>16</total>
				<timestamp>963.835782</timestamp>
			</report>
			<report>
				<misses>3016001</misses>
				<total>16</total>
				<timestamp>964.155409</timestamp>
			</report>
			<report>
				<misses>3017001</misses>
				<total>16</total>
				<timestamp>964.475103</timestamp>
			</report>
			<report>
				<misses>3018001</misses>
				<total>16</total>
				<timestamp>964.794823</timestamp>
			</report>
			<report>
				<misses>3019001</misses>
				<total>16</total>
				<timestamp>965.114455</timestamp>
			</report>
			<report>
				<misses>3020001</misses>
				<total>15</total>
				<timestamp>965.434194</timestamp>
			</report>
			<report>
				<misses>3021001</misses>
				<total>15</total>
				<timestamp>965.753969</timestamp>
			</report>
			<report>
				<misses>3022001</misses>
				<total>16</total>
				<timestamp>966.073464</timestamp>
			</report>
			<report>
				<misses>3023001</misses>
				<total>16</total>
				<timestamp>966.393163</timestamp>
			</report>
			<report>
				<misses>3024001</misses>
				<total>16</total>
				<timestamp>966.712822</timestamp>
			</report>
			<report>
				<misses>3025001</misses>
				<total>15</total>
				<timestamp>967.032705</timestamp>
			</report>
			<report>
				<misses>3026001</misses>
				<total>16</total>
				<timestamp>967.352190</timestamp>
			</report>
			<report>
				<misses>3027001</misses>
				<total>16</total>
				<timestamp>967.671959</timestamp>
			</report>
			<report>
				<misses>3028001</misses>
				<total>16</total>
				<timestamp>967.991590</timestamp>
			</report>
			<report>
				<misses>3029001</misses>
				<total>16</total>
				<timestamp>968.311274</timestamp>
			</report>
			<report>
				<misses>3030001</misses>
				<total>16</total>
				<timestamp>968.630961</timestamp>
			</report>
			<report>
				<misses>3031001</misses>
				<total>16</total>
				<timestamp>968.950713</timestamp>
			</report>
			<report>
				<misses>3032001</misses>
				<total>16</total>
				<timestamp>969.270267</timestamp>
			</report>
			<report>
				<misses>3033001</misses>
				<total>16</total>
				<timestamp>969.589950</timestamp>
			</report>
			<report>
				<misses>3034001</misses>
				<total>16</total>
				<timestamp>969.909701</timestamp>
			</report>
			<report>
				<misses>3035001</misses>
				<total>16</total>
				<timestamp>970.229306</timestamp>
			</report>
			<report>
				<misses>3036001</misses>
				<total>16</total>
				<timestamp>970.548991</timestamp>
			</report>
			<report>
				<misses>3037001</misses>
				<total>16</total>
				<timestamp>970.868790</timestamp>
			</report>
			<report>
				<misses>3038001</misses>
				<total>16</total>
				<timestamp>971.188337</timestamp>
			</report>
			<report>
				<misses>3039001</misses>
				<total>16</total>
				<timestamp>971.508003</timestamp>
			</report>
			<report>
				<misses>3040001</misses>
				<total>16</total>
				<timestamp>971.827709</timestamp>
			</report>
			<report>
				<misses>3041001</misses>
				<total>15</total>
				<timestamp>972.147472</timestamp>
			</report>
			<report>
				<misses>3042001</misses>
				<total>16</total>
				<timestamp>972.467114</timestamp>
			</report>
			<report>
				<misses>3043001</misses>
				<total>16</total>
				<timestamp>972.786807</timestamp>
			</report>
			<report>
				<misses>3044001</misses>
				<total>16</total>
				<timestamp>973.106410</timestamp>
			</report>
			<report>
				<misses>3045001</misses>
				<total>16</total>
				<timestamp>973.426107</timestamp>
			</report>
			<report>
				<misses>3046001</misses>
				<total>16</total>
				<timestamp>973.745823</timestamp>
			</report>
			<report>
				<misses>3047001</misses>
				<total>16</total>
				<timestamp>974.065470</timestamp>
			</report>
			<report>
				<misses>3048001</misses>
				<total>16</total>
				<timestamp>974.385282</timestamp>
			</report>
			<report>
				<misses>3049001</misses>
				<total>16</total>
				<timestamp>974.704855</timestamp>
			</report>
			<report>
				<misses>3050001</misses>
				<total>16</total>
				<timestamp>975.024499</timestamp>
			</report>
			<report>
				<misses>3051001</misses>
				<total>15</total>
				<timestamp>975.344273</timestamp>
			</report>
			<report>
				<misses>3052001</misses>
				<total>16</total>
				<timestamp>975.663893</timestamp>
			</report>
			<report>
				<misses>3053001</misses>
				<total>16</total>
				<timestamp>975.983562</timestamp>
			</report>
			<report>
				<misses>3054001</misses>
				<total>16</total>
				<timestamp>976.303321</timestamp>
			</report>
			<report>
				<misses>3055001</misses>
				<total>16</total>
				<timestamp>976.623004</timestamp>
			</report>
			<report>
				<misses>3056001</misses>
				<total>16</total>
				<timestamp>976.942582</timestamp>
			</report>
			<report>
				<misses>3057001</misses>
				<total>16</total>
				<timestamp>977.262300</timestamp>
			</report>
			<report>
				<misses>3058001</misses>
				<total>16</total>
				<timestamp>977.582041</timestamp>
			</report>
			<report>
				<misses>3059001</misses>
				<total>15</total>
				<timestamp>977.901772</timestamp>
			</report>
			<report>
				<misses>3060001</misses>
				<total>16</total>
				<timestamp>978.221360</timestamp>
			</report>
			<report>
				<misses>3061001</misses>
				<total>16</total>
				<timestamp>978.541030</timestamp>
			</report>
			<report>
				<misses>3062001</misses>
				<total>16</total>
				<timestamp>978.860637</timestamp>
			</report>
			<report>
				<misses>3063001</misses>
				<total>16</total>
				<timestamp>979.180462</timestamp>
			</report>
			<report>
				<misses>3064001</misses>
				<total>16</total>
				<timestamp>979.500066</timestamp>
			</report>
			<report>
				<misses>3065001</misses>
				<total>16</total>
				<timestamp>979.819723</timestamp>
			</report>
			<report>
				<misses>3066001</misses>
				<total>16</total>
				<timestamp>980.139423</timestamp>
			</report>
			<report>
				<misses>3067001</misses>
				<total>16</total>
				<timestamp>980.459193</timestamp>
			</report>
			<report>
				<misses>3068001</misses>
				<total>16</total>
				<timestamp>980.778794</timestamp>
			</report>
			<report>
				<misses>3069001</misses>
				<total>16</total>
				<timestamp>981.098450</timestamp>
			</report>
			<report>
				<misses>3070001</misses>
				<total>16</total>
				<timestamp>981.418149</timestamp>
			</report>
			<report>
				<misses>3071001</misses>
				<total>16</total>
				<timestamp>981.737845</timestamp>
			</report>
			<report>
				<misses>3072001</misses>
				<total>15</total>
				<timestamp>982.057705</timestamp>
			</report>
			<report>
				<misses>3073001</misses>
				<total>16</total>
				<timestamp>982.377216</timestamp>
			</report>
			<report>
				<misses>3074001</misses>
				<total>16</total>
				<timestamp>982.696847</timestamp>
			</report>
			<report>
				<misses>3075001</misses>
				<total>16</total>
				<timestamp>983.016548</timestamp>
			</report>
			<report>
				<misses>3076001</misses>
				<total>15</total>
				<timestamp>983.336322</timestamp>
			</report>
			<report>
				<misses>3077001</misses>
				<total>16</total>
				<timestamp>983.655920</timestamp>
			</report>
			<report>
				<misses>3078001</misses>
				<total>16</total>
				<timestamp>983.975581</timestamp>
			</report>
			<report>
				<misses>3079001</misses>
				<total>16</total>
				<timestamp>984.295324</timestamp>
			</report>
			<report>
				<misses>3080001</misses>
				<total>16</total>
				<timestamp>984.614942</timestamp>
			</report>
			<report>
				<misses>3081001</misses>
				<total>16</total>
				<timestamp>984.934566</timestamp>
			</report>
			<report>
				<misses>3082001</misses>
				<total>16</total>
				<timestamp>985.254292</timestamp>
			</report>
			<report>
				<misses>3083001</misses>
				<total>16</total>
				<timestamp>985.573944</timestamp>
			</report>
			<report>
				<misses>3084001</misses>
				<total>16</total>
				<timestamp>985.893716</timestamp>
			</report>
			<report>
				<misses>3085001</misses>
				<total>16</total>
				<timestamp>986.213301</timestamp>
			</report>
			<report>
				<misses>3086001</misses>
				<total>16</total>
				<timestamp>986.533007</timestamp>
			</report>
			<report>
				<misses>3087001</misses>
				<total>16</total>
				<timestamp>986.852659</timestamp>
			</report>
			<report>
				<misses>3088001</misses>
				<total>16</total>
				<timestamp>987.172328</timestamp>
			</report>
			<report>
				<misses>3089001</misses>
				<total>16</total>
				<timestamp>987.492081</timestamp>
			</report>
			<report>
				<misses>3090001</misses>
				<total>16</total>
				<timestamp>987.811708</timestamp>
			</report>
			<report>
				<misses>3091001</misses>
				<total>16</total>
				<timestamp>988.131406</timestamp>
			</report>
			<report>
				<misses>3092001</misses>
				<total>16</total>
				<timestamp>988.451106</timestamp>
			</report>
			<report>
				<misses>3093001</misses>
				<total>16</total>
				<timestamp>988.770733</timestamp>
			</report>
			<report>
				<misses>3094001</misses>
				<total>16</total>
				<timestamp>989.090498</timestamp>
			</report>
			<report>
				<misses>3095001</misses>
				<total>16</total>
				<timestamp>989.410141</timestamp>
			</report>
			<report>
				<misses>3096001</misses>
				<total>16</total>
				<timestamp>989.729778</timestamp>
			</report>
			<report>
				<misses>3097001</misses>
				<total>16</total>
				<timestamp>990.049457</timestamp>
			</report>
			<report>
				<misses>3098001</misses>
				<total>16</total>
				<timestamp>990.369165</timestamp>
			</report>
			<report>
				<misses>3099001</misses>
				<total>16</total>
				<timestamp>990.688822</timestamp>
			</report>
			<report>
				<misses>3100001</misses>
				<total>16</total>
				<timestamp>991.008519</timestamp>
			</report>
			<report>
				<misses>3101001</misses>
				<total>16</total>
				<timestamp>991.328167</timestamp>
			</report>
			<report>
				<misses>3102001</misses>
				<total>16</total>
				<timestamp>991.647924</timestamp>
			</report>
			<report>
				<misses>3103001</misses>
				<total>16</total>
				<timestamp>991.967583</timestamp>
			</report>
			<report>
				<misses>3104001</misses>
				<total>16</total>
				<timestamp>992.287236</timestamp>
			</report>
			<report>
				<misses>3105001</misses>
				<total>16</total>
				<timestamp>992.606939</timestamp>
			</report>
			<report>
				<misses>3106001</misses>
				<total>16</total>
				<timestamp>992.926602</timestamp>
			</report>
			<report>
				<misses>3107001</misses>
				<total>16</total>
				<timestamp>993.246259</timestamp>
			</report>
			<report>
				<misses>3108001</misses>
				<total>16</total>
				<timestamp>993.566009</timestamp>
			</report>
			<report>
				<misses>3109001</misses>
				<total>16</total>
				<timestamp>993.885666</timestamp>
			</report>
			<report>
				<misses>3110001</misses>
				<total>16</total>
				<timestamp>994.205313</timestamp>
			</report>
			<report>
				<misses>3111001</misses>
				<total>16</total>
				<timestamp>994.524964</timestamp>
			</report>
			<report>
				<misses>3112001</misses>
				<total>16</total>
				<timestamp>994.844667</timestamp>
			</report>
			<report>
				<misses>3113001</misses>
				<total>15</total>
				<timestamp>995.164575</timestamp>
			</report>
			<report>
				<misses>3114001</misses>
				<total>16</total>
				<timestamp>995.484041</timestamp>
			</report>
			<report>
				<misses>3115001</misses>
				<total>16</total>
				<timestamp>995.803817</timestamp>
			</report>
			<report>
				<misses>3116001</misses>
				<total>16</total>
				<timestamp>996.123430</timestamp>
			</report>
			<report>
				<misses>3117001</misses>
				<total>16</total>
				<timestamp>996.443121</timestamp>
			</report>
			<report>
				<misses>3118001</misses>
				<total>16</total>
				<timestamp>996.762729</timestamp>
			</report>
			<report>
				<misses>3119001</misses>
				<total>16</total>
				<timestamp>997.082415</timestamp>
			</report>
			<report>
				<misses>3120001</misses>
				<total>16</total>
				<timestamp>997.402131</timestamp>
			</report>
			<report>
				<misses>3121001</misses>
				<total>16</total>
				<timestamp>997.721827</timestamp>
			</report>
			<report>
				<misses>3122001</misses>
				<total>15</total>
				<timestamp>998.041585</timestamp>
			</report>
			<report>
				<misses>3123001</misses>
				<total>16</total>
				<timestamp>998.361191</timestamp>
			</report>
			<report>
				<misses>3124001</misses>
				<total>16</total>
				<timestamp>998.680883</timestamp>
			</report>
			<report>
				<misses>3125001</misses>
				<total>16</total>
				<timestamp>999.000483</timestamp>
			</report>
			<report>
				<misses>3126001</misses>
				<total>16</total>
				<timestamp>999.320339</timestamp>
			</report>
			<report>
				<misses>3127001</misses>
				<total>16</total>
				<timestamp>999.639883</timestamp>
			</report>
			<report>
				<misses>3128001</misses>
				<total>16</total>
				<timestamp>999.959707</timestamp>
			</report>
			<report>
				<misses>3129001</misses>
				<total>16</total>
				<timestamp>1000.279282</timestamp>
			</report>
			<report>
				<misses>3130001</misses>
				<total>16</total>
				<timestamp>1000.599087</timestamp>
			</report>
			<report>
				<misses>3131001</misses>
				<total>16</total>
				<timestamp>1000.918703</timestamp>
			</report>
			<report>
				<misses>3132001</misses>
				<total>16</total>
				<timestamp>1001.238277</timestamp>
			</report>
			<report>
				<misses>3133001</misses>
				<total>16</total>
				<timestamp>1001.557923</timestamp>
			</report>
			<report>
				<misses>3134001</misses>
				<total>16</total>
				<timestamp>1001.877603</timestamp>
			</report>
			<report>
				<misses>3135001</misses>
				<total>16</total>
				<timestamp>1002.197297</timestamp>
			</report>
			<report>
				<misses>3136001</misses>
				<total>16</total>
				<timestamp>1002.517046</timestamp>
			</report>
			<report>
				<misses>3137001</misses>
				<total>16</total>
				<timestamp>1002.836671</timestamp>
			</report>
			<report>
				<misses>3138001</misses>
				<total>16</total>
				<timestamp>1003.156370</timestamp>
			</report>
			<report>
				<misses>3139001</misses>
				<total>16</total>
				<timestamp>1003.476066</timestamp>
			</report>
			<report>
				<misses>3140001</misses>
				<total>16</total>
				<timestamp>1003.795795</timestamp>
			</report>
			<report>
				<misses>3141001</misses>
				<total>16</total>
				<timestamp>1004.115415</timestamp>
			</report>
			<report>
				<misses>3142001</misses>
				<total>16</total>
				<timestamp>1004.435079</timestamp>
			</report>
			<report>
				<misses>3143001</misses>
				<total>16</total>
				<timestamp>1004.754827</timestamp>
			</report>
			<report>
				<misses>3144001</misses>
				<total>16</total>
				<timestamp>1005.074450</timestamp>
			</report>
			<report>
				<misses>3145001</misses>
				<total>16</total>
				<timestamp>1005.394106</timestamp>
			</report>
			<report>
				<misses>3146001</misses>
				<total>16</total>
				<timestamp>1005.713795</timestamp>
			</report>
			<report>
				<misses>3147001</misses>
				<total>16</total>
				<timestamp>1006.033584</timestamp>
			</report>
			<report>
				<misses>3148001</misses>
				<total>15</total>
				<timestamp>1006.353234</timestamp>
			</report>
			<report>
				<misses>3149001</misses>
				<total>16</total>
				<timestamp>1006.672952</timestamp>
			</report>
			<report>
				<misses>3150001</misses>
				<total>15</total>
				<timestamp>1006.992599</timestamp>
			</report>
			<report>
				<misses>3151001</misses>
				<total>16</total>
				<timestamp>1007.312318</timestamp>
			</report>
			<report>
				<misses>3152001</misses>
				<total>16</total>
				<timestamp>1007.631875</timestamp>
			</report>
			<report>
				<misses>3153001</misses>
				<total>16</total>
				<timestamp>1007.951546</timestamp>
			</report>
			<report>
				<misses>3154001</misses>
				<total>16</total>
				<timestamp>1008.271210</timestamp>
			</report>
			<report>
				<misses>3155001</misses>
				<total>16</total>
				<timestamp>1008.590983</timestamp>
			</report>
			<report>
				<misses>3156001</misses>
				<total>16</total>
				<timestamp>1008.910595</timestamp>
			</report>
			<report>
				<misses>3157001</misses>
				<total>16</total>
				<timestamp>1009.230252</timestamp>
			</report>
			<report>
				<misses>3158001</misses>
				<total>16</total>
				<timestamp>1009.549947</timestamp>
			</report>
			<report>
				<misses>3159001</misses>
				<total>16</total>
				<timestamp>1009.869605</timestamp>
			</report>
			<report>
				<misses>3160001</misses>
				<total>15</total>
				<timestamp>1010.189390</timestamp>
			</report>
			<report>
				<misses>3161001</misses>
				<total>16</total>
				<timestamp>1010.509010</timestamp>
			</report>
			<report>
				<misses>3162001</misses>
				<total>16</total>
				<timestamp>1010.828712</timestamp>
			</report>
			<report>
				<misses>3163001</misses>
				<total>16</total>
				<timestamp>1011.148394</timestamp>
			</report>
			<report>
				<misses>3164001</misses>
				<total>16</total>
				<timestamp>1011.468023</timestamp>
			</report>
			<report>
				<misses>3165001</misses>
				<total>16</total>
				<timestamp>1011.787833</timestamp>
			</report>
			<report>
				<misses>3166001</misses>
				<total>16</total>
				<timestamp>1012.107376</timestamp>
			</report>
			<report>
				<misses>3167001</misses>
				<total>16</total>
				<timestamp>1012.427136</timestamp>
			</report>
			<report>
				<misses>3168001</misses>
				<total>15</total>
				<timestamp>1012.746830</timestamp>
			</report>
			<report>
				<misses>3169001</misses>
				<total>15</total>
				<timestamp>1013.066514</timestamp>
			</report>
			<report>
				<misses>3170001</misses>
				<total>16</total>
				<timestamp>1013.386095</timestamp>
			</report>
			<report>
				<misses>3171001</misses>
				<total>16</total>
				<timestamp>1013.705822</timestamp>
			</report>
			<report>
				<misses>3172001</misses>
				<total>15</total>
				<timestamp>1014.025555</timestamp>
			</report>
			<report>
				<misses>3173001</misses>
				<total>15</total>
				<timestamp>1014.345220</timestamp>
			</report>
			<report>
				<misses>3174001</misses>
				<total>16</total>
				<timestamp>1014.664815</timestamp>
			</report>
			<report>
				<misses>3175001</misses>
				<total>16</total>
				<timestamp>1014.984578</timestamp>
			</report>
			<report>
				<misses>3176001</misses>
				<total>16</total>
				<timestamp>1015.304281</timestamp>
			</report>
			<report>
				<misses>3177001</misses>
				<total>16</total>
				<timestamp>1015.623871</timestamp>
			</report>
			<report>
				<misses>3178001</misses>
				<total>16</total>
				<timestamp>1015.943562</timestamp>
			</report>
			<report>
				<misses>3179001</misses>
				<total>16</total>
				<timestamp>1016.263242</timestamp>
			</report>
			<report>
				<misses>3180001</misses>
				<total>16</total>
				<timestamp>1016.582929</timestamp>
			</report>
			<report>
				<misses>3181001</misses>
				<total>16</total>
				<timestamp>1016.902636</timestamp>
			</report>
			<report>
				<misses>3182001</misses>
				<total>16</total>
				<timestamp>1017.222278</timestamp>
			</report>
			<report>
				<misses>3183001</misses>
				<total>16</total>
				<timestamp>1017.541982</timestamp>
			</report>
			<report>
				<misses>3184001</misses>
				<total>16</total>
				<timestamp>1017.861711</timestamp>
			</report>
			<report>
				<misses>3185001</misses>
				<total>16</total>
				<timestamp>1018.181306</timestamp>
			</report>
			<report>
				<misses>3186001</misses>
				<total>16</total>
				<timestamp>1018.500997</timestamp>
			</report>
			<report>
				<misses>3187001</misses>
				<total>16</total>
				<timestamp>1018.820711</timestamp>
			</report>
			<report>
				<misses>3188001</misses>
				<total>16</total>
				<timestamp>1019.140378</timestamp>
			</report>
			<report>
				<misses>3189001</misses>
				<total>16</total>
				<timestamp>1019.460066</timestamp>
			</report>
			<report>
				<misses>3190001</misses>
				<total>16</total>
				<timestamp>1019.779692</timestamp>
			</report>
			<report>
				<misses>3191001</misses>
				<total>16</total>
				<timestamp>1020.099361</timestamp>
			</report>
			<report>
				<misses>3192001</misses>
				<total>16</total>
				<timestamp>1020.419077</timestamp>
			</report>
			<report>
				<misses>3193001</misses>
				<total>16</total>
				<timestamp>1020.738830</timestamp>
			</report>
			<report>
				<misses>3194001</misses>
				<total>16</total>
				<timestamp>1021.058426</timestamp>
			</report>
			<report>
				<misses>3195001</misses>
				<total>16</total>
				<timestamp>1021.378105</timestamp>
			</report>
			<report>
				<misses>3196001</misses>
				<total>16</total>
				<timestamp>1021.697834</timestamp>
			</report>
			<report>
				<misses>3197001</misses>
				<total>15</total>
				<timestamp>1022.017583</timestamp>
			</report>
			<report>
				<misses>3198001</misses>
				<total>16</total>
				<timestamp>1022.337207</timestamp>
			</report>
			<report>
				<misses>3199001</misses>
				<total>16</total>
				<timestamp>1022.656884</timestamp>
			</report>
			<report>
				<misses>3200001</misses>
				<total>16</total>
				<timestamp>1022.976518</timestamp>
			</report>
			<report>
				<misses>3201001</misses>
				<total>16</total>
				<timestamp>1023.296218</timestamp>
			</report>
			<report>
				<misses>3202001</misses>
				<total>16</total>
				<timestamp>1023.616014</timestamp>
			</report>
			<report>
				<misses>3203001</misses>
				<total>16</total>
				<timestamp>1023.935572</timestamp>
			</report>
			<report>
				<misses>3204001</misses>
				<total>16</total>
				<timestamp>1024.255224</timestamp>
			</report>
			<report>
				<misses>3205001</misses>
				<total>16</total>
				<timestamp>1024.574953</timestamp>
			</report>
			<report>
				<misses>3206001</misses>
				<total>16</total>
				<timestamp>1024.894680</timestamp>
			</report>
			<report>
				<misses>3207001</misses>
				<total>15</total>
				<timestamp>1025.214374</timestamp>
			</report>
			<report>
				<misses>3208001</misses>
				<total>16</total>
				<timestamp>1025.534022</timestamp>
			</report>
			<report>
				<misses>3209001</misses>
				<total>16</total>
				<timestamp>1025.853709</timestamp>
			</report>
			<report>
				<misses>3210001</misses>
				<total>16</total>
				<timestamp>1026.173316</timestamp>
			</report>
			<report>
				<misses>3211001</misses>
				<total>16</total>
				<timestamp>1026.493098</timestamp>
			</report>
			<report>
				<misses>3212001</misses>
				<total>16</total>
				<timestamp>1026.812715</timestamp>
			</report>
			<report>
				<misses>3213001</misses>
				<total>16</total>
				<timestamp>1027.132334</timestamp>
			</report>
			<report>
				<misses>3214001</misses>
				<total>16</total>
				<timestamp>1027.452090</timestamp>
			</report>
			<report>
				<misses>3215001</misses>
				<total>16</total>
				<timestamp>1027.771732</timestamp>
			</report>
			<report>
				<misses>3216001</misses>
				<total>16</total>
				<timestamp>1028.091495</timestamp>
			</report>
			<report>
				<misses>3217001</misses>
				<total>15</total>
				<timestamp>1028.411142</timestamp>
			</report>
			<report>
				<misses>3218001</misses>
				<total>16</total>
				<timestamp>1028.730781</timestamp>
			</report>
			<report>
				<misses>3219001</misses>
				<total>16</total>
				<timestamp>1029.050570</timestamp>
			</report>
			<report>
				<misses>3220001</misses>
				<total>16</total>
				<timestamp>1029.370171</timestamp>
			</report>
			<report>
				<misses>3221001</misses>
				<total>16</total>
				<timestamp>1029.689825</timestamp>
			</report>
			<report>
				<misses>3222001</misses>
				<total>16</total>
				<timestamp>1030.009527</timestamp>
			</report>
			<report>
				<misses>3223001</misses>
				<total>16</total>
				<timestamp>1030.329149</timestamp>
			</report>
			<report>
				<misses>3224001</misses>
				<total>16</total>
				<timestamp>1030.648833</timestamp>
			</report>
			<report>
				<misses>3225001</misses>
				<total>16</total>
				<timestamp>1030.968518</timestamp>
			</report>
			<report>
				<misses>3226001</misses>
				<total>16</total>
				<timestamp>1031.288191</timestamp>
			</report>
			<report>
				<misses>3227001</misses>
				<total>16</total>
				<timestamp>1031.607955</timestamp>
			</report>
			<report>
				<misses>3228001</misses>
				<total>16</total>
				<timestamp>1031.927534</timestamp>
			</report>
			<report>
				<misses>3229001</misses>
				<total>16</total>
				<timestamp>1032.247380</timestamp>
			</report>
			<report>
				<misses>3230001</misses>
				<total>16</total>
				<timestamp>1032.566910</timestamp>
			</report>
			<report>
				<misses>3231001</misses>
				<total>16</total>
				<timestamp>1032.886642</timestamp>
			</report>
			<report>
				<misses>3232001</misses>
				<total>16</total>
				<timestamp>1033.206236</timestamp>
			</report>
			<report>
				<misses>3233001</misses>
				<total>16</total>
				<timestamp>1033.526012</timestamp>
			</report>
			<report>
				<misses>3234001</misses>
				<total>16</total>
				<timestamp>1033.845652</timestamp>
			</report>
			<report>
				<misses>3235001</misses>
				<total>16</total>
				<timestamp>1034.165328</timestamp>
			</report>
			<report>
				<misses>3236001</misses>
				<total>16</total>
				<timestamp>1034.485006</timestamp>
			</report>
			<report>
				<misses>3237001</misses>
				<total>16</total>
				<timestamp>1034.804714</timestamp>
			</report>
			<report>
				<misses>3238001</misses>
				<total>16</total>
				<timestamp>1035.124368</timestamp>
			</report>
			<report>
				<misses>3239001</misses>
				<total>16</total>
				<timestamp>1035.444083</timestamp>
			</report>
			<report>
				<misses>3240001</misses>
				<total>16</total>
				<timestamp>1035.763701</timestamp>
			</report>
			<report>
				<misses>3241001</misses>
				<total>16</total>
				<timestamp>1036.083390</timestamp>
			</report>
			<report>
				<misses>3242001</misses>
				<total>16</total>
				<timestamp>1036.403109</timestamp>
			</report>
			<report>
				<misses>3243001</misses>
				<total>16</total>
				<timestamp>1036.722823</timestamp>
			</report>
			<report>
				<misses>3244001</misses>
				<total>16</total>
				<timestamp>1037.042416</timestamp>
			</report>
			<report>
				<misses>3245001</misses>
				<total>16</total>
				<timestamp>1037.362083</timestamp>
			</report>
			<report>
				<misses>3246001</misses>
				<total>16</total>
				<timestamp>1037.681789</timestamp>
			</report>
			<report>
				<misses>3247001</misses>
				<total>16</total>
				<timestamp>1038.001516</timestamp>
			</report>
			<report>
				<misses>3248001</misses>
				<total>16</total>
				<timestamp>1038.321143</timestamp>
			</report>
			<report>
				<misses>3249001</misses>
				<total>16</total>
				<timestamp>1038.640943</timestamp>
			</report>
			<report>
				<misses>3250001</misses>
				<total>16</total>
				<timestamp>1038.960564</timestamp>
			</report>
			<report>
				<misses>3251001</misses>
				<total>16</total>
				<timestamp>1039.280189</timestamp>
			</report>
			<report>
				<misses>3252001</misses>
				<total>16</total>
				<timestamp>1039.599895</timestamp>
			</report>
			<report>
				<misses>3253001</misses>
				<total>16</total>
				<timestamp>1039.919538</timestamp>
			</report>
			<report>
				<misses>3254001</misses>
				<total>16</total>
				<timestamp>1040.239260</timestamp>
			</report>
			<report>
				<misses>3255001</misses>
				<total>16</total>
				<timestamp>1040.558976</timestamp>
			</report>
			<report>
				<misses>3256001</misses>
				<total>16</total>
				<timestamp>1040.878660</timestamp>
			</report>
			<report>
				<misses>3257001</misses>
				<total>16</total>
				<timestamp>1041.198240</timestamp>
			</report>
			<report>
				<misses>3258001</misses>
				<total>16</total>
				<timestamp>1041.517939</timestamp>
			</report>
			<report>
				<misses>3259001</misses>
				<total>15</total>
				<timestamp>1041.837723</timestamp>
			</report>
			<report>
				<misses>3260001</misses>
				<total>16</total>
				<timestamp>1042.157364</timestamp>
			</report>
			<report>
				<misses>3261001</misses>
				<total>16</total>
				<timestamp>1042.476977</timestamp>
			</report>
			<report>
				<misses>3262001</misses>
				<total>16</total>
				<timestamp>1042.796653</timestamp>
			</report>
			<report>
				<misses>3263001</misses>
				<total>16</total>
				<timestamp>1043.116372</timestamp>
			</report>
			<report>
				<misses>3264001</misses>
				<total>16</total>
				<timestamp>1043.436096</timestamp>
			</report>
			<report>
				<misses>3265001</misses>
				<total>16</total>
				<timestamp>1043.755820</timestamp>
			</report>
			<report>
				<misses>3266001</misses>
				<total>16</total>
				<timestamp>1044.075399</timestamp>
			</report>
			<report>
				<misses>3267001</misses>
				<total>15</total>
				<timestamp>1044.395143</timestamp>
			</report>
			<report>
				<misses>3268001</misses>
				<total>16</total>
				<timestamp>1044.714836</timestamp>
			</report>
			<report>
				<misses>3269001</misses>
				<total>16</total>
				<timestamp>1045.034412</timestamp>
			</report>
			<report>
				<misses>3270001</misses>
				<total>16</total>
				<timestamp>1045.354096</timestamp>
			</report>
			<report>
				<misses>3271001</misses>
				<total>16</total>
				<timestamp>1045.673780</timestamp>
			</report>
			<report>
				<misses>3272001</misses>
				<total>16</total>
				<timestamp>1045.993445</timestamp>
			</report>
			<report>
				<misses>3273001</misses>
				<total>16</total>
				<timestamp>1046.313215</timestamp>
			</report>
			<report>
				<misses>3274001</misses>
				<total>16</total>
				<timestamp>1046.632841</timestamp>
			</report>
			<report>
				<misses>3275001</misses>
				<total>16</total>
				<timestamp>1046.952574</timestamp>
			</report>
			<report>
				<misses>3276001</misses>
				<total>16</total>
				<timestamp>1047.272168</timestamp>
			</report>
			<report>
				<misses>3277001</misses>
				<total>16</total>
				<timestamp>1047.591970</timestamp>
			</report>
			<report>
				<misses>3278001</misses>
				<total>16</total>
				<timestamp>1047.911559</timestamp>
			</report>
			<report>
				<misses>3279001</misses>
				<total>16</total>
				<timestamp>1048.231232</timestamp>
			</report>
			<report>
				<misses>3280001</misses>
				<total>16</total>
				<timestamp>1048.551002</timestamp>
			</report>
			<report>
				<misses>3281001</misses>
				<total>16</total>
				<timestamp>1048.870723</timestamp>
			</report>
			<report>
				<misses>3282001</misses>
				<total>16</total>
				<timestamp>1049.190245</timestamp>
			</report>
			<report>
				<misses>3283001</misses>
				<total>16</total>
				<timestamp>1049.510056</timestamp>
			</report>
			<report>
				<misses>3284001</misses>
				<total>16</total>
				<timestamp>1049.829730</timestamp>
			</report>
			<report>
				<misses>3285001</misses>
				<total>16</total>
				<timestamp>1050.149302</timestamp>
			</report>
			<report>
				<misses>3286001</misses>
				<total>16</total>
				<timestamp>1050.468980</timestamp>
			</report>
			<report>
				<misses>3287001</misses>
				<total>16</total>
				<timestamp>1050.788663</timestamp>
			</report>
			<report>
				<misses>3288001</misses>
				<total>16</total>
				<timestamp>1051.108389</timestamp>
			</report>
			<report>
				<misses>3289001</misses>
				<total>16</total>
				<timestamp>1051.428002</timestamp>
			</report>
			<report>
				<misses>3290001</misses>
				<total>16</total>
				<timestamp>1051.747813</timestamp>
			</report>
			<report>
				<misses>3291001</misses>
				<total>16</total>
				<timestamp>1052.067415</timestamp>
			</report>
			<report>
				<misses>3292001</misses>
				<total>16</total>
				<timestamp>1052.387093</timestamp>
			</report>
			<report>
				<misses>3293001</misses>
				<total>15</total>
				<timestamp>1052.706843</timestamp>
			</report>
			<report>
				<misses>3294001</misses>
				<total>16</total>
				<timestamp>1053.026468</timestamp>
			</report>
			<report>
				<misses>3295001</misses>
				<total>16</total>
				<timestamp>1053.346141</timestamp>
			</report>
			<report>
				<misses>3296001</misses>
				<total>16</total>
				<timestamp>1053.665912</timestamp>
			</report>
			<report>
				<misses>3297001</misses>
				<total>16</total>
				<timestamp>1053.985444</timestamp>
			</report>
			<report>
				<misses>3298001</misses>
				<total>16</total>
				<timestamp>1054.305178</timestamp>
			</report>
			<report>
				<misses>3299001</misses>
				<total>16</total>
				<timestamp>1054.624856</timestamp>
			</report>
			<report>
				<misses>3300001</misses>
				<total>16</total>
				<timestamp>1054.944476</timestamp>
			</report>
			<report>
				<misses>3301001</misses>
				<total>16</total>
				<timestamp>1055.264199</timestamp>
			</report>
			<report>
				<misses>3302001</misses>
				<total>15</total>
				<timestamp>1055.583950</timestamp>
			</report>
			<report>
				<misses>3303001</misses>
				<total>16</total>
				<timestamp>1055.903589</timestamp>
			</report>
			<report>
				<misses>3304001</misses>
				<total>16</total>
				<timestamp>1056.223256</timestamp>
			</report>
			<report>
				<misses>3305001</misses>
				<total>16</total>
				<timestamp>1056.542962</timestamp>
			</report>
			<report>
				<misses>3306001</misses>
				<total>16</total>
				<timestamp>1056.862565</timestamp>
			</report>
			<report>
				<misses>3307001</misses>
				<total>16</total>
				<timestamp>1057.182322</timestamp>
			</report>
			<report>
				<misses>3308001</misses>
				<total>16</total>
				<timestamp>1057.501943</timestamp>
			</report>
			<report>
				<misses>3309001</misses>
				<total>16</total>
				<timestamp>1057.821695</timestamp>
			</report>
			<report>
				<misses>3310001</misses>
				<total>15</total>
				<timestamp>1058.141376</timestamp>
			</report>
			<report>
				<misses>3311001</misses>
				<total>16</total>
				<timestamp>1058.460988</timestamp>
			</report>
			<report>
				<misses>3312001</misses>
				<total>16</total>
				<timestamp>1058.780814</timestamp>
			</report>
			<report>
				<misses>3313001</misses>
				<total>16</total>
				<timestamp>1059.100382</timestamp>
			</report>
			<report>
				<misses>3314001</misses>
				<total>16</total>
				<timestamp>1059.420068</timestamp>
			</report>
			<report>
				<misses>3315001</misses>
				<total>16</total>
				<timestamp>1059.739815</timestamp>
			</report>
			<report>
				<misses>3316001</misses>
				<total>16</total>
				<timestamp>1060.059356</timestamp>
			</report>
			<report>
				<misses>3317001</misses>
				<total>16</total>
				<timestamp>1060.379041</timestamp>
			</report>
			<report>
				<misses>3318001</misses>
				<total>16</total>
				<timestamp>1060.698801</timestamp>
			</report>
			<report>
				<misses>3319001</misses>
				<total>16</total>
				<timestamp>1061.018524</timestamp>
			</report>
			<report>
				<misses>3320001</misses>
				<total>16</total>
				<timestamp>1061.338256</timestamp>
			</report>
			<report>
				<misses>3321001</misses>
				<total>16</total>
				<timestamp>1061.657824</timestamp>
			</report>
			<report>
				<misses>3322001</misses>
				<total>15</total>
				<timestamp>1061.977539</timestamp>
			</report>
			<report>
				<misses>3323001</misses>
				<total>15</total>
				<timestamp>1062.297224</timestamp>
			</report>
			<report>
				<misses>3324001</misses>
				<total>16</total>
				<timestamp>1062.616840</timestamp>
			</report>
			<report>
				<misses>3325001</misses>
				<total>16</total>
				<timestamp>1062.936503</timestamp>
			</report>
			<report>
				<misses>3326001</misses>
				<total>16</total>
				<timestamp>1063.256219</timestamp>
			</report>
			<report>
				<misses>3327001</misses>
				<total>16</total>
				<timestamp>1063.575948</timestamp>
			</report>
			<report>
				<misses>3328001</misses>
				<total>16</total>
				<timestamp>1063.895613</timestamp>
			</report>
			<report>
				<misses>3329001</misses>
				<total>16</total>
				<timestamp>1064.215255</timestamp>
			</report>
			<report>
				<misses>3330001</misses>
				<total>16</total>
				<timestamp>1064.534946</timestamp>
			</report>
			<report>
				<misses>3331001</misses>
				<total>16</total>
				<timestamp>1064.854657</timestamp>
			</report>
			<report>
				<misses>3332001</misses>
				<total>16</total>
				<timestamp>1065.174294</timestamp>
			</report>
			<report>
				<misses>3333001</misses>
				<total>16</total>
				<timestamp>1065.493949</timestamp>
			</report>
			<report>
				<misses>3334001</misses>
				<total>16</total>
				<timestamp>1065.813718</timestamp>
			</report>
			<report>
				<misses>3335001</misses>
				<total>16</total>
				<timestamp>1066.133276</timestamp>
			</report>
			<report>
				<misses>3336001</misses>
				<total>16</total>
				<timestamp>1066.453040</timestamp>
			</report>
			<report>
				<misses>3337001</misses>
				<total>16</total>
				<timestamp>1066.772659</timestamp>
			</report>
			<report>
				<misses>3338001</misses>
				<total>16</total>
				<timestamp>1067.092379</timestamp>
			</report>
			<report>
				<misses>3339001</misses>
				<total>15</total>
				<timestamp>1067.412121</timestamp>
			</report>
			<report>
				<misses>3340001</misses>
				<total>16</total>
				<timestamp>1067.731822</timestamp>
			</report>
			<report>
				<misses>3341001</misses>
				<total>15</total>
				<timestamp>1068.051590</timestamp>
			</report>
			<report>
				<misses>3342001</misses>
				<total>16</total>
				<timestamp>1068.371100</timestamp>
			</report>
			<report>
				<misses>3343001</misses>
				<total>16</total>
				<timestamp>1068.690861</timestamp>
			</report>
			<report>
				<misses>3344001</misses>
				<total>16</total>
				<timestamp>1069.010428</timestamp>
			</report>
			<report>
				<misses>3345001</misses>
				<total>16</total>
				<timestamp>1069.330080</timestamp>
			</report>
			<report>
				<misses>3346001</misses>
				<total>16</total>
				<timestamp>1069.649782</timestamp>
			</report>
			<report>
				<misses>3347001</misses>
				<total>16</total>
				<timestamp>1069.969458</timestamp>
			</report>
			<report>
				<misses>3348001</misses>
				<total>16</total>
				<timestamp>1070.289239</timestamp>
			</report>
			<report>
				<misses>3349001</misses>
				<total>16</total>
				<timestamp>1070.608828</timestamp>
			</report>
			<report>
				<misses>3350001</misses>
				<total>16</total>
				<timestamp>1070.928480</timestamp>
			</report>
			<report>
				<misses>3351001</misses>
				<total>16</total>
				<timestamp>1071.248183</timestamp>
			</report>
			<report>
				<misses>3352001</misses>
				<total>16</total>
				<timestamp>1071.568042</timestamp>
			</report>
			<report>
				<misses>3353001</misses>
				<total>16</total>
				<timestamp>1071.887576</timestamp>
			</report>
			<report>
				<misses>3354001</misses>
				<total>16</total>
				<timestamp>1072.207212</timestamp>
			</report>
			<report>
				<misses>3355001</misses>
				<total>16</total>
				<timestamp>1072.526965</timestamp>
			</report>
			<report>
				<misses>3356001</misses>
				<total>16</total>
				<timestamp>1072.846636</timestamp>
			</report>
			<report>
				<misses>3357001</misses>
				<total>16</total>
				<timestamp>1073.166251</timestamp>
			</report>
			<report>
				<misses>3358001</misses>
				<total>16</total>
				<timestamp>1073.486021</timestamp>
			</report>
			<report>
				<misses>3359001</misses>
				<total>16</total>
				<timestamp>1073.805677</timestamp>
			</report>
			<report>
				<misses>3360001</misses>
				<total>16</total>
				<timestamp>1074.125330</timestamp>
			</report>
			<report>
				<misses>3361001</misses>
				<total>16</total>
				<timestamp>1074.445041</timestamp>
			</report>
			<report>
				<misses>3362001</misses>
				<total>16</total>
				<timestamp>1074.764657</timestamp>
			</report>
			<report>
				<misses>3363001</misses>
				<total>16</total>
				<timestamp>1075.084370</timestamp>
			</report>
			<report>
				<misses>3364001</misses>
				<total>16</total>
				<timestamp>1075.404011</timestamp>
			</report>
			<report>
				<misses>3365001</misses>
				<total>16</total>
				<timestamp>1075.723679</timestamp>
			</report>
			<report>
				<misses>3366001</misses>
				<total>16</total>
				<timestamp>1076.043380</timestamp>
			</report>
			<report>
				<misses>3367001</misses>
				<total>16</total>
				<timestamp>1076.363121</timestamp>
			</report>
			<report>
				<misses>3368001</misses>
				<total>16</total>
				<timestamp>1076.682834</timestamp>
			</report>
			<report>
				<misses>3369001</misses>
				<total>16</total>
				<timestamp>1077.002406</timestamp>
			</report>
			<report>
				<misses>3370001</misses>
				<total>16</total>
				<timestamp>1077.322165</timestamp>
			</report>
			<report>
				<misses>3371001</misses>
				<total>16</total>
				<timestamp>1077.641787</timestamp>
			</report>
			<report>
				<misses>3372001</misses>
				<total>16</total>
				<timestamp>1077.961577</timestamp>
			</report>
			<report>
				<misses>3373001</misses>
				<total>16</total>
				<timestamp>1078.281207</timestamp>
			</report>
			<report>
				<misses>3374001</misses>
				<total>16</total>
				<timestamp>1078.600806</timestamp>
			</report>
			<report>
				<misses>3375001</misses>
				<total>16</total>
				<timestamp>1078.920561</timestamp>
			</report>
			<report>
				<misses>3376001</misses>
				<total>16</total>
				<timestamp>1079.240177</timestamp>
			</report>
			<report>
				<misses>3377001</misses>
				<total>16</total>
				<timestamp>1079.559896</timestamp>
			</report>
			<report>
				<misses>3378001</misses>
				<total>16</total>
				<timestamp>1079.879626</timestamp>
			</report>
			<report>
				<misses>3379001</misses>
				<total>16</total>
				<timestamp>1080.199198</timestamp>
			</report>
			<report>
				<misses>3380001</misses>
				<total>16</total>
				<timestamp>1080.518977</timestamp>
			</report>
			<report>
				<misses>3381001</misses>
				<total>16</total>
				<timestamp>1080.838690</timestamp>
			</report>
			<report>
				<misses>3382001</misses>
				<total>16</total>
				<timestamp>1081.158285</timestamp>
			</report>
			<report>
				<misses>3383001</misses>
				<total>16</total>
				<timestamp>1081.477992</timestamp>
			</report>
			<report>
				<misses>3384001</misses>
				<total>16</total>
				<timestamp>1081.797625</timestamp>
			</report>
			<report>
				<misses>3385001</misses>
				<total>16</total>
				<timestamp>1082.117319</timestamp>
			</report>
			<report>
				<misses>3386001</misses>
				<total>16</total>
				<timestamp>1082.437080</timestamp>
			</report>
			<report>
				<misses>3387001</misses>
				<total>16</total>
				<timestamp>1082.756814</timestamp>
			</report>
			<report>
				<misses>3388001</misses>
				<total>16</total>
				<timestamp>1083.076374</timestamp>
			</report>
			<report>
				<misses>3389001</misses>
				<total>15</total>
				<timestamp>1083.396153</timestamp>
			</report>
			<report>
				<misses>3390001</misses>
				<total>16</total>
				<timestamp>1083.715817</timestamp>
			</report>
			<report>
				<misses>3391001</misses>
				<total>15</total>
				<timestamp>1084.035566</timestamp>
			</report>
			<report>
				<misses>3392001</misses>
				<total>16</total>
				<timestamp>1084.355205</timestamp>
			</report>
			<report>
				<misses>3393001</misses>
				<total>16</total>
				<timestamp>1084.674826</timestamp>
			</report>
			<report>
				<misses>3394001</misses>
				<total>16</total>
				<timestamp>1084.994426</timestamp>
			</report>
			<report>
				<misses>3395001</misses>
				<total>16</total>
				<timestamp>1085.314096</timestamp>
			</report>
			<report>
				<misses>3396001</misses>
				<total>16</total>
				<timestamp>1085.633787</timestamp>
			</report>
			<report>
				<misses>3397001</misses>
				<total>15</total>
				<timestamp>1085.953583</timestamp>
			</report>
			<report>
				<misses>3398001</misses>
				<total>16</total>
				<timestamp>1086.273135</timestamp>
			</report>
			<report>
				<misses>3399001</misses>
				<total>16</total>
				<timestamp>1086.592811</timestamp>
			</report>
			<report>
				<misses>3400001</misses>
				<total>16</total>
				<timestamp>1086.912526</timestamp>
			</report>
			<report>
				<misses>3401001</misses>
				<total>15</total>
				<timestamp>1087.232317</timestamp>
			</report>
			<report>
				<misses>3402001</misses>
				<total>16</total>
				<timestamp>1087.551907</timestamp>
			</report>
			<report>
				<misses>3403001</misses>
				<total>16</total>
				<timestamp>1087.871569</timestamp>
			</report>
			<report>
				<misses>3404001</misses>
				<total>16</total>
				<timestamp>1088.191229</timestamp>
			</report>
			<report>
				<misses>3405001</misses>
				<total>16</total>
				<timestamp>1088.510936</timestamp>
			</report>
			<report>
				<misses>3406001</misses>
				<total>16</total>
				<timestamp>1088.830689</timestamp>
			</report>
			<report>
				<misses>3407001</misses>
				<total>16</total>
				<timestamp>1089.150243</timestamp>
			</report>
			<report>
				<misses>3408001</misses>
				<total>16</total>
				<timestamp>1089.470074</timestamp>
			</report>
			<report>
				<misses>3409001</misses>
				<total>16</total>
				<timestamp>1089.789715</timestamp>
			</report>
			<report>
				<misses>3410001</misses>
				<total>16</total>
				<timestamp>1090.109333</timestamp>
			</report>
			<report>
				<misses>3411001</misses>
				<total>16</total>
				<timestamp>1090.428981</timestamp>
			</report>
			<report>
				<misses>3412001</misses>
				<total>16</total>
				<timestamp>1090.748731</timestamp>
			</report>
			<report>
				<misses>3413001</misses>
				<total>15</total>
				<timestamp>1091.068567</timestamp>
			</report>
			<report>
				<misses>3414001</misses>
				<total>16</total>
				<timestamp>1091.388099</timestamp>
			</report>
			<report>
				<misses>3415001</misses>
				<total>16</total>
				<timestamp>1091.707754</timestamp>
			</report>
			<report>
				<misses>3416001</misses>
				<total>16</total>
				<timestamp>1092.027377</timestamp>
			</report>
			<report>
				<misses>3417001</misses>
				<total>16</total>
				<timestamp>1092.347102</timestamp>
			</report>
			<report>
				<misses>3418001</misses>
				<total>16</total>
				<timestamp>1092.666819</timestamp>
			</report>
			<report>
				<misses>3419001</misses>
				<total>16</total>
				<timestamp>1092.986439</timestamp>
			</report>
			<report>
				<misses>3420001</misses>
				<total>16</total>
				<timestamp>1093.306106</timestamp>
			</report>
			<report>
				<misses>3421001</misses>
				<total>16</total>
				<timestamp>1093.625759</timestamp>
			</report>
			<report>
				<misses>3422001</misses>
				<total>16</total>
				<timestamp>1093.945508</timestamp>
			</report>
			<report>
				<misses>3423001</misses>
				<total>16</total>
				<timestamp>1094.265191</timestamp>
			</report>
			<report>
				<misses>3424001</misses>
				<total>16</total>
				<timestamp>1094.584834</timestamp>
			</report>
			<report>
				<misses>3425001</misses>
				<total>15</total>
				<timestamp>1094.904620</timestamp>
			</report>
			<report>
				<misses>3426001</misses>
				<total>16</total>
				<timestamp>1095.224197</timestamp>
			</report>
			<report>
				<misses>3427001</misses>
				<total>16</total>
				<timestamp>1095.543924</timestamp>
			</report>
			<report>
				<misses>3428001</misses>
				<total>16</total>
				<timestamp>1095.863586</timestamp>
			</report>
			<report>
				<misses>3429001</misses>
				<total>16</total>
				<timestamp>1096.183259</timestamp>
			</report>
			<report>
				<misses>3430001</misses>
				<total>16</total>
				<timestamp>1096.502947</timestamp>
			</report>
			<report>
				<misses>3431001</misses>
				<total>16</total>
				<timestamp>1096.822706</timestamp>
			</report>
			<report>
				<misses>3432001</misses>
				<total>16</total>
				<timestamp>1097.142283</timestamp>
			</report>
			<report>
				<misses>3433001</misses>
				<total>16</total>
				<timestamp>1097.461945</timestamp>
			</report>
			<report>
				<misses>3434001</misses>
				<total>16</total>
				<timestamp>1097.781710</timestamp>
			</report>
			<report>
				<misses>3435001</misses>
				<total>16</total>
				<timestamp>1098.101284</timestamp>
			</report>
			<report>
				<misses>3436001</misses>
				<total>16</total>
				<timestamp>1098.421026</timestamp>
			</report>
			<report>
				<misses>3437001</misses>
				<total>16</total>
				<timestamp>1098.740716</timestamp>
			</report>
			<report>
				<misses>3438001</misses>
				<total>16</total>
				<timestamp>1099.060405</timestamp>
			</report>
			<report>
				<misses>3439001</misses>
				<total>16</total>
				<timestamp>1099.380062</timestamp>
			</report>
			<report>
				<misses>3440001</misses>
				<total>16</total>
				<timestamp>1099.699691</timestamp>
			</report>
			<report>
				<misses>3441001</misses>
				<total>16</total>
				<timestamp>1100.019378</timestamp>
			</report>
			<report>
				<misses>3442001</misses>
				<total>16</total>
				<timestamp>1100.339032</timestamp>
			</report>
			<report>
				<misses>3443001</misses>
				<total>16</total>
				<timestamp>1100.658757</timestamp>
			</report>
			<report>
				<misses>3444001</misses>
				<total>16</total>
				<timestamp>1100.978578</timestamp>
			</report>
			<report>
				<misses>3445001</misses>
				<total>15</total>
				<timestamp>1101.298306</timestamp>
			</report>
			<report>
				<misses>3446001</misses>
				<total>16</total>
				<timestamp>1101.617830</timestamp>
			</report>
			<report>
				<misses>3447001</misses>
				<total>16</total>
				<timestamp>1101.937518</timestamp>
			</report>
			<report>
				<misses>3448001</misses>
				<total>16</total>
				<timestamp>1102.257298</timestamp>
			</report>
			<report>
				<misses>3449001</misses>
				<total>16</total>
				<timestamp>1102.576828</timestamp>
			</report>
			<report>
				<misses>3450001</misses>
				<total>16</total>
				<timestamp>1102.896514</timestamp>
			</report>
			<report>
				<misses>3451001</misses>
				<total>16</total>
				<timestamp>1103.216168</timestamp>
			</report>
			<report>
				<misses>3452001</misses>
				<total>16</total>
				<timestamp>1103.535880</timestamp>
			</report>
			<report>
				<misses>3453001</misses>
				<total>15</total>
				<timestamp>1103.855644</timestamp>
			</report>
			<report>
				<misses>3454001</misses>
				<total>16</total>
				<timestamp>1104.175203</timestamp>
			</report>
			<report>
				<misses>3455001</misses>
				<total>16</total>
				<timestamp>1104.494928</timestamp>
			</report>
			<report>
				<misses>3456001</misses>
				<total>15</total>
				<timestamp>1104.814840</timestamp>
			</report>
			<report>
				<misses>3457001</misses>
				<total>16</total>
				<timestamp>1105.134246</timestamp>
			</report>
			<report>
				<misses>3458001</misses>
				<total>16</total>
				<timestamp>1105.453994</timestamp>
			</report>
			<report>
				<misses>3459001</misses>
				<total>16</total>
				<timestamp>1105.773631</timestamp>
			</report>
			<report>
				<misses>3460001</misses>
				<total>16</total>
				<timestamp>1106.093348</timestamp>
			</report>
			<report>
				<misses>3461001</misses>
				<total>16</total>
				<timestamp>1106.413107</timestamp>
			</report>
			<report>
				<misses>3462001</misses>
				<total>16</total>
				<timestamp>1106.732703</timestamp>
			</report>
			<report>
				<misses>3463001</misses>
				<total>16</total>
				<timestamp>1107.052358</timestamp>
			</report>
			<report>
				<misses>3464001</misses>
				<total>16</total>
				<timestamp>1107.372018</timestamp>
			</report>
			<report>
				<misses>3465001</misses>
				<total>16</total>
				<timestamp>1107.691774</timestamp>
			</report>
			<report>
				<misses>3466001</misses>
				<total>16</total>
				<timestamp>1108.011395</timestamp>
			</report>
			<report>
				<misses>3467001</misses>
				<total>16</total>
				<timestamp>1108.331057</timestamp>
			</report>
			<report>
				<misses>3468001</misses>
				<total>16</total>
				<timestamp>1108.650823</timestamp>
			</report>
			<report>
				<misses>3469001</misses>
				<total>16</total>
				<timestamp>1108.970570</timestamp>
			</report>
			<report>
				<misses>3470001</misses>
				<total>16</total>
				<timestamp>1109.290222</timestamp>
			</report>
			<report>
				<misses>3471001</misses>
				<total>16</total>
				<timestamp>1109.609805</timestamp>
			</report>
			<report>
				<misses>3472001</misses>
				<total>16</total>
				<timestamp>1109.929478</timestamp>
			</report>
			<report>
				<misses>3473001</misses>
				<total>16</total>
				<timestamp>1110.249135</timestamp>
			</report>
			<report>
				<misses>3474001</misses>
				<total>16</total>
				<timestamp>1110.568806</timestamp>
			</report>
			<report>
				<misses>3475001</misses>
				<total>16</total>
				<timestamp>1110.888505</timestamp>
			</report>
			<report>
				<misses>3476001</misses>
				<total>16</total>
				<timestamp>1111.208152</timestamp>
			</report>
			<report>
				<misses>3477001</misses>
				<total>16</total>
				<timestamp>1111.527891</timestamp>
			</report>
			<report>
				<misses>3478001</misses>
				<total>16</total>
				<timestamp>1111.847574</timestamp>
			</report>
			<report>
				<misses>3479001</misses>
				<total>16</total>
				<timestamp>1112.167286</timestamp>
			</report>
			<report>
				<misses>3480001</misses>
				<total>16</total>
				<timestamp>1112.486950</timestamp>
			</report>
			<report>
				<misses>3481001</misses>
				<total>16</total>
				<timestamp>1112.806701</timestamp>
			</report>
			<report>
				<misses>3482001</misses>
				<total>16</total>
				<timestamp>1113.126247</timestamp>
			</report>
			<report>
				<misses>3483001</misses>
				<total>16</total>
				<timestamp>1113.445959</timestamp>
			</report>
			<report>
				<misses>3484001</misses>
				<total>16</total>
				<timestamp>1113.765699</timestamp>
			</report>
			<report>
				<misses>3485001</misses>
				<total>16</total>
				<timestamp>1114.085332</timestamp>
			</report>
			<report>
				<misses>3486001</misses>
				<total>16</total>
				<timestamp>1114.405067</timestamp>
			</report>
			<report>
				<misses>3487001</misses>
				<total>16</total>
				<timestamp>1114.724699</timestamp>
			</report>
			<report>
				<misses>3488001</misses>
				<total>16</total>
				<timestamp>1115.044485</timestamp>
			</report>
			<report>
				<misses>3489001</misses>
				<total>16</total>
				<timestamp>1115.364031</timestamp>
			</report>
			<report>
				<misses>3490001</misses>
				<total>16</total>
				<timestamp>1115.683692</timestamp>
			</report>
			<report>
				<misses>3491001</misses>
				<total>16</total>
				<timestamp>1116.003470</timestamp>
			</report>
			<report>
				<misses>3492001</misses>
				<total>16</total>
				<timestamp>1116.323095</timestamp>
			</report>
			<report>
				<misses>3493001</misses>
				<total>16</total>
				<timestamp>1116.642728</timestamp>
			</report>
			<report>
				<misses>3494001</misses>
				<total>15</total>
				<timestamp>1116.962511</timestamp>
			</report>
			<report>
				<misses>3495001</misses>
				<total>16</total>
				<timestamp>1117.282137</timestamp>
			</report>
			<report>
				<misses>3496001</misses>
				<total>16</total>
				<timestamp>1117.601837</timestamp>
			</report>
			<report>
				<misses>3497001</misses>
				<total>16</total>
				<timestamp>1117.921583</timestamp>
			</report>
			<report>
				<misses>3498001</misses>
				<total>16</total>
				<timestamp>1118.241159</timestamp>
			</report>
			<report>
				<misses>3499001</misses>
				<total>16</total>
				<timestamp>1118.560829</timestamp>
			</report>
			<report>
				<misses>3500001</misses>
				<total>16</total>
				<timestamp>1118.880555</timestamp>
			</report>
			<report>
				<misses>3501001</misses>
				<total>16</total>
				<timestamp>1119.200172</timestamp>
			</report>
			<report>
				<misses>3502001</misses>
				<total>16</total>
				<timestamp>1119.519870</timestamp>
			</report>
			<report>
				<misses>3503001</misses>
				<total>16</total>
				<timestamp>1119.839574</timestamp>
			</report>
			<report>
				<misses>3504001</misses>
				<total>16</total>
				<timestamp>1120.159232</timestamp>
			</report>
			<report>
				<misses>3505001</misses>
				<total>16</total>
				<timestamp>1120.478889</timestamp>
			</report>
			<report>
				<misses>3506001</misses>
				<total>16</total>
				<timestamp>1120.798596</timestamp>
			</report>
			<report>
				<misses>3507001</misses>
				<total>16</total>
				<timestamp>1121.118244</timestamp>
			</report>
			<report>
				<misses>3508001</misses>
				<total>16</total>
				<timestamp>1121.437985</timestamp>
			</report>
			<report>
				<misses>3509001</misses>
				<total>16</total>
				<timestamp>1121.757612</timestamp>
			</report>
			<report>
				<misses>3510001</misses>
				<total>16</total>
				<timestamp>1122.077359</timestamp>
			</report>
			<report>
				<misses>3511001</misses>
				<total>16</total>
				<timestamp>1122.397062</timestamp>
			</report>
			<report>
				<misses>3512001</misses>
				<total>16</total>
				<timestamp>1122.716652</timestamp>
			</report>
			<report>
				<misses>3513001</misses>
				<total>16</total>
				<timestamp>1123.036396</timestamp>
			</report>
			<report>
				<misses>3514001</misses>
				<total>16</total>
				<timestamp>1123.356073</timestamp>
			</report>
			<report>
				<misses>3515001</misses>
				<total>16</total>
				<timestamp>1123.675679</timestamp>
			</report>
			<report>
				<misses>3516001</misses>
				<total>16</total>
				<timestamp>1123.995406</timestamp>
			</report>
			<report>
				<misses>3517001</misses>
				<total>16</total>
				<timestamp>1124.315071</timestamp>
			</report>
			<report>
				<misses>3518001</misses>
				<total>16</total>
				<timestamp>1124.634775</timestamp>
			</report>
			<report>
				<misses>3519001</misses>
				<total>16</total>
				<timestamp>1124.954592</timestamp>
			</report>
			<report>
				<misses>3520001</misses>
				<total>16</total>
				<timestamp>1125.274097</timestamp>
			</report>
			<report>
				<misses>3521001</misses>
				<total>16</total>
				<timestamp>1125.593791</timestamp>
			</report>
			<report>
				<misses>3522001</misses>
				<total>16</total>
				<timestamp>1125.913468</timestamp>
			</report>
			<report>
				<misses>3523001</misses>
				<total>16</total>
				<timestamp>1126.233176</timestamp>
			</report>
			<report>
				<misses>3524001</misses>
				<total>16</total>
				<timestamp>1126.552864</timestamp>
			</report>
			<report>
				<misses>3525001</misses>
				<total>16</total>
				<timestamp>1126.872593</timestamp>
			</report>
			<report>
				<misses>3526001</misses>
				<total>16</total>
				<timestamp>1127.192184</timestamp>
			</report>
			<report>
				<misses>3527001</misses>
				<total>16</total>
				<timestamp>1127.511896</timestamp>
			</report>
			<report>
				<misses>3528001</misses>
				<total>16</total>
				<timestamp>1127.831579</timestamp>
			</report>
			<report>
				<misses>3529001</misses>
				<total>16</total>
				<timestamp>1128.151240</timestamp>
			</report>
			<report>
				<misses>3530001</misses>
				<total>16</total>
				<timestamp>1128.470927</timestamp>
			</report>
			<report>
				<misses>3531001</misses>
				<total>16</total>
				<timestamp>1128.790668</timestamp>
			</report>
			<report>
				<misses>3532001</misses>
				<total>16</total>
				<timestamp>1129.110298</timestamp>
			</report>
			<report>
				<misses>3533001</misses>
				<total>15</total>
				<timestamp>1129.430068</timestamp>
			</report>
			<report>
				<misses>3534001</misses>
				<total>16</total>
				<timestamp>1129.749617</timestamp>
			</report>
			<report>
				<misses>3535001</misses>
				<total>16</total>
				<timestamp>1130.069436</timestamp>
			</report>
			<report>
				<misses>3536001</misses>
				<total>16</total>
				<timestamp>1130.388975</timestamp>
			</report>
			<report>
				<misses>3537001</misses>
				<total>16</total>
				<timestamp>1130.708673</timestamp>
			</report>
			<report>
				<misses>3538001</misses>
				<total>16</total>
				<timestamp>1131.028353</timestamp>
			</report>
			<report>
				<misses>3539001</misses>
				<total>16</total>
				<timestamp>1131.348018</timestamp>
			</report>
			<report>
				<misses>3540001</misses>
				<total>16</total>
				<timestamp>1131.667820</timestamp>
			</report>
			<report>
				<misses>3541001</misses>
				<total>16</total>
				<timestamp>1131.987528</timestamp>
			</report>
			<report>
				<misses>3542001</misses>
				<total>16</total>
				<timestamp>1132.307043</timestamp>
			</report>
			<report>
				<misses>3543001</misses>
				<total>16</total>
				<timestamp>1132.626823</timestamp>
			</report>
			<report>
				<misses>3544001</misses>
				<total>16</total>
				<timestamp>1132.946569</timestamp>
			</report>
			<report>
				<misses>3545001</misses>
				<total>15</total>
				<timestamp>1133.266195</timestamp>
			</report>
			<report>
				<misses>3546001</misses>
				<total>16</total>
				<timestamp>1133.585813</timestamp>
			</report>
			<report>
				<misses>3547001</misses>
				<total>16</total>
				<timestamp>1133.905504</timestamp>
			</report>
			<report>
				<misses>3548001</misses>
				<total>16</total>
				<timestamp>1134.225141</timestamp>
			</report>
			<report>
				<misses>3549001</misses>
				<total>16</total>
				<timestamp>1134.544878</timestamp>
			</report>
			<report>
				<misses>3550001</misses>
				<total>16</total>
				<timestamp>1134.864586</timestamp>
			</report>
			<report>
				<misses>3551001</misses>
				<total>16</total>
				<timestamp>1135.184250</timestamp>
			</report>
			<report>
				<misses>3552001</misses>
				<total>15</total>
				<timestamp>1135.503965</timestamp>
			</report>
			<report>
				<misses>3553001</misses>
				<total>15</total>
				<timestamp>1135.823714</timestamp>
			</report>
			<report>
				<misses>3554001</misses>
				<total>16</total>
				<timestamp>1136.143265</timestamp>
			</report>
			<report>
				<misses>3555001</misses>
				<total>16</total>
				<timestamp>1136.462939</timestamp>
			</report>
			<report>
				<misses>3556001</misses>
				<total>16</total>
				<timestamp>1136.782631</timestamp>
			</report>
			<report>
				<misses>3557001</misses>
				<total>16</total>
				<timestamp>1137.102313</timestamp>
			</report>
			<report>
				<misses>3558001</misses>
				<total>16</total>
				<timestamp>1137.421973</timestamp>
			</report>
			<report>
				<misses>3559001</misses>
				<total>16</total>
				<timestamp>1137.741667</timestamp>
			</report>
			<report>
				<misses>3560001</misses>
				<total>16</total>
				<timestamp>1138.061295</timestamp>
			</report>
			<report>
				<misses>3561001</misses>
				<total>15</total>
				<timestamp>1138.381072</timestamp>
			</report>
			<report>
				<misses>3562001</misses>
				<total>15</total>
				<timestamp>1138.700836</timestamp>
			</report>
			<report>
				<misses>3563001</misses>
				<total>16</total>
				<timestamp>1139.020376</timestamp>
			</report>
			<report>
				<misses>3564001</misses>
				<total>16</total>
				<timestamp>1139.340029</timestamp>
			</report>
			<report>
				<misses>3565001</misses>
				<total>16</total>
				<timestamp>1139.659779</timestamp>
			</report>
			<report>
				<misses>3566001</misses>
				<total>16</total>
				<timestamp>1139.979437</timestamp>
			</report>
			<report>
				<misses>3567001</misses>
				<total>16</total>
				<timestamp>1140.299039</timestamp>
			</report>
			<report>
				<misses>3568001</misses>
				<total>16</total>
				<timestamp>1140.618761</timestamp>
			</report>
			<report>
				<misses>3569001</misses>
				<total>16</total>
				<timestamp>1140.938463</timestamp>
			</report>
			<report>
				<misses>3570001</misses>
				<total>15</total>
				<timestamp>1141.258260</timestamp>
			</report>
			<report>
				<misses>3571001</misses>
				<total>16</total>
				<timestamp>1141.577829</timestamp>
			</report>
			<report>
				<misses>3572001</misses>
				<total>15</total>
				<timestamp>1141.897575</timestamp>
			</report>
			<report>
				<misses>3573001</misses>
				<total>16</total>
				<timestamp>1142.217158</timestamp>
			</report>
			<report>
				<misses>3574001</misses>
				<total>16</total>
				<timestamp>1142.536805</timestamp>
			</report>
			<report>
				<misses>3575001</misses>
				<total>16</total>
				<timestamp>1142.856478</timestamp>
			</report>
			<report>
				<misses>3576001</misses>
				<total>16</total>
				<timestamp>1143.176204</timestamp>
			</report>
			<report>
				<misses>3577001</misses>
				<total>16</total>
				<timestamp>1143.495936</timestamp>
			</report>
			<report>
				<misses>3578001</misses>
				<total>16</total>
				<timestamp>1143.815575</timestamp>
			</report>
			<report>
				<misses>3579001</misses>
				<total>16</total>
				<timestamp>1144.135373</timestamp>
			</report>
			<report>
				<misses>3580001</misses>
				<total>16</total>
				<timestamp>1144.454949</timestamp>
			</report>
			<report>
				<misses>3581001</misses>
				<total>16</total>
				<timestamp>1144.774696</timestamp>
			</report>
			<report>
				<misses>3582001</misses>
				<total>16</total>
				<timestamp>1145.094310</timestamp>
			</report>
			<report>
				<misses>3583001</misses>
				<total>16</total>
				<timestamp>1145.413992</timestamp>
			</report>
			<report>
				<misses>3584001</misses>
				<total>16</total>
				<timestamp>1145.733603</timestamp>
			</report>
			<report>
				<misses>3585001</misses>
				<total>16</total>
				<timestamp>1146.053312</timestamp>
			</report>
			<report>
				<misses>3586001</misses>
				<total>16</total>
				<timestamp>1146.373003</timestamp>
			</report>
			<report>
				<misses>3587001</misses>
				<total>16</total>
				<timestamp>1146.692680</timestamp>
			</report>
			<report>
				<misses>3588001</misses>
				<total>16</total>
				<timestamp>1147.012330</timestamp>
			</report>
			<report>
				<misses>3589001</misses>
				<total>16</total>
				<timestamp>1147.332007</timestamp>
			</report>
			<report>
				<misses>3590001</misses>
				<total>16</total>
				<timestamp>1147.651829</timestamp>
			</report>
			<report>
				<misses>3591001</misses>
				<total>16</total>
				<timestamp>1147.971369</timestamp>
			</report>
			<report>
				<misses>3592001</misses>
				<total>16</total>
				<timestamp>1148.291111</timestamp>
			</report>
			<report>
				<misses>3593001</misses>
				<total>16</total>
				<timestamp>1148.610782</timestamp>
			</report>
			<report>
				<misses>3594001</misses>
				<total>16</total>
				<timestamp>1148.930577</timestamp>
			</report>
			<report>
				<misses>3595001</misses>
				<total>16</total>
				<timestamp>1149.250112</timestamp>
			</report>
			<report>
				<misses>3596001</misses>
				<total>16</total>
				<timestamp>1149.569773</timestamp>
			</report>
			<report>
				<misses>3597001</misses>
				<total>16</total>
				<timestamp>1149.889468</timestamp>
			</report>
			<report>
				<misses>3598001</misses>
				<total>16</total>
				<timestamp>1150.209192</timestamp>
			</report>
			<report>
				<misses>3599001</misses>
				<total>16</total>
				<timestamp>1150.528865</timestamp>
			</report>
			<report>
				<misses>3600001</misses>
				<total>16</total>
				<timestamp>1150.848581</timestamp>
			</report>
			<report>
				<misses>3601001</misses>
				<total>16</total>
				<timestamp>1151.168247</timestamp>
			</report>
			<report>
				<misses>3602001</misses>
				<total>16</total>
				<timestamp>1151.487898</timestamp>
			</report>
			<report>
				<misses>3603001</misses>
				<total>16</total>
				<timestamp>1151.807576</timestamp>
			</report>
			<report>
				<misses>3604001</misses>
				<total>15</total>
				<timestamp>1152.127312</timestamp>
			</report>
			<report>
				<misses>3605001</misses>
				<total>16</total>
				<timestamp>1152.446943</timestamp>
			</report>
			<report>
				<misses>3606001</misses>
				<total>15</total>
				<timestamp>1152.766702</timestamp>
			</report>
			<report>
				<misses>3607001</misses>
				<total>16</total>
				<timestamp>1153.086323</timestamp>
			</report>
			<report>
				<misses>3608001</misses>
				<total>16</total>
				<timestamp>1153.405942</timestamp>
			</report>
			<report>
				<misses>3609001</misses>
				<total>16</total>
				<timestamp>1153.725625</timestamp>
			</report>
			<report>
				<misses>3610001</misses>
				<total>16</total>
				<timestamp>1154.045313</timestamp>
			</report>
			<report>
				<misses>3611001</misses>
				<total>16</total>
				<timestamp>1154.365053</timestamp>
			</report>
			<report>
				<misses>3612001</misses>
				<total>16</total>
				<timestamp>1154.684724</timestamp>
			</report>
			<report>
				<misses>3613001</misses>
				<total>16</total>
				<timestamp>1155.004400</timestamp>
			</report>
			<report>
				<misses>3614001</misses>
				<total>16</total>
				<timestamp>1155.324063</timestamp>
			</report>
			<report>
				<misses>3615001</misses>
				<total>16</total>
				<timestamp>1155.643814</timestamp>
			</report>
			<report>
				<misses>3616001</misses>
				<total>16</total>
				<timestamp>1155.963416</timestamp>
			</report>
			<report>
				<misses>3617001</misses>
				<total>16</total>
				<timestamp>1156.283087</timestamp>
			</report>
			<report>
				<misses>3618001</misses>
				<total>16</total>
				<timestamp>1156.602751</timestamp>
			</report>
			<report>
				<misses>3619001</misses>
				<total>16</total>
				<timestamp>1156.922415</timestamp>
			</report>
			<report>
				<misses>3620001</misses>
				<total>16</total>
				<timestamp>1157.242210</timestamp>
			</report>
			<report>
				<misses>3621001</misses>
				<total>16</total>
				<timestamp>1157.561826</timestamp>
			</report>
			<report>
				<misses>3622001</misses>
				<total>16</total>
				<timestamp>1157.881465</timestamp>
			</report>
			<report>
				<misses>3623001</misses>
				<total>16</total>
				<timestamp>1158.201112</timestamp>
			</report>
			<report>
				<misses>3624001</misses>
				<total>16</total>
				<timestamp>1158.520891</timestamp>
			</report>
			<report>
				<misses>3625001</misses>
				<total>16</total>
				<timestamp>1158.840579</timestamp>
			</report>
			<report>
				<misses>3626001</misses>
				<total>16</total>
				<timestamp>1159.160227</timestamp>
			</report>
			<report>
				<misses>3627001</misses>
				<total>16</total>
				<timestamp>1159.479918</timestamp>
			</report>
			<report>
				<misses>3628001</misses>
				<total>16</total>
				<timestamp>1159.799568</timestamp>
			</report>
			<report>
				<misses>3629001</misses>
				<total>16</total>
				<timestamp>1160.119302</timestamp>
			</report>
			<report>
				<misses>3630001</misses>
				<total>16</total>
				<timestamp>1160.438970</timestamp>
			</report>
			<report>
				<misses>3631001</misses>
				<total>16</total>
				<timestamp>1160.758564</timestamp>
			</report>
			<report>
				<misses>3632001</misses>
				<total>15</total>
				<timestamp>1161.078346</timestamp>
			</report>
			<report>
				<misses>3633001</misses>
				<total>16</total>
				<timestamp>1161.397966</timestamp>
			</report>
			<report>
				<misses>3634001</misses>
				<total>16</total>
				<timestamp>1161.717699</timestamp>
			</report>
			<report>
				<misses>3635001</misses>
				<total>16</total>
				<timestamp>1162.037286</timestamp>
			</report>
			<report>
				<misses>3636001</misses>
				<total>16</total>
				<timestamp>1162.357026</timestamp>
			</report>
			<report>
				<misses>3637001</misses>
				<total>15</total>
				<timestamp>1162.676821</timestamp>
			</report>
			<report>
				<misses>3638001</misses>
				<total>16</total>
				<timestamp>1162.996357</timestamp>
			</report>
			<report>
				<misses>3639001</misses>
				<total>15</total>
				<timestamp>1163.316209</timestamp>
			</report>
			<report>
				<misses>3640001</misses>
				<total>16</total>
				<timestamp>1163.635718</timestamp>
			</report>
			<report>
				<misses>3641001</misses>
				<total>16</total>
				<timestamp>1163.955390</timestamp>
			</report>
			<report>
				<misses>3642001</misses>
				<total>16</total>
				<timestamp>1164.275101</timestamp>
			</report>
			<report>
				<misses>3643001</misses>
				<total>16</total>
				<timestamp>1164.594826</timestamp>
			</report>
			<report>
				<misses>3644001</misses>
				<total>16</total>
				<timestamp>1164.914413</timestamp>
			</report>
			<report>
				<misses>3645001</misses>
				<total>16</total>
				<timestamp>1165.234217</timestamp>
			</report>
			<report>
				<misses>3646001</misses>
				<total>16</total>
				<timestamp>1165.553780</timestamp>
			</report>
			<report>
				<misses>3647001</misses>
				<total>16</total>
				<timestamp>1165.873438</timestamp>
			</report>
			<report>
				<misses>3648001</misses>
				<total>16</total>
				<timestamp>1166.193211</timestamp>
			</report>
			<report>
				<misses>3649001</misses>
				<total>16</total>
				<timestamp>1166.512819</timestamp>
			</report>
			<report>
				<misses>3650001</misses>
				<total>16</total>
				<timestamp>1166.832477</timestamp>
			</report>
			<report>
				<misses>3651001</misses>
				<total>16</total>
				<timestamp>1167.152199</timestamp>
			</report>
			<report>
				<misses>3652001</misses>
				<total>15</total>
				<timestamp>1167.472002</timestamp>
			</report>
			<report>
				<misses>3653001</misses>
				<total>16</total>
				<timestamp>1167.791555</timestamp>
			</report>
			<report>
				<misses>3654001</misses>
				<total>16</total>
				<timestamp>1168.111212</timestamp>
			</report>
			<report>
				<misses>3655001</misses>
				<total>16</total>
				<timestamp>1168.430953</timestamp>
			</report>
			<report>
				<misses>3656001</misses>
				<total>16</total>
				<timestamp>1168.750569</timestamp>
			</report>
			<report>
				<misses>3657001</misses>
				<total>16</total>
				<timestamp>1169.070322</timestamp>
			</report>
			<report>
				<misses>3658001</misses>
				<total>16</total>
				<timestamp>1169.389983</timestamp>
			</report>
			<report>
				<misses>3659001</misses>
				<total>16</total>
				<timestamp>1169.709720</timestamp>
			</report>
			<report>
				<misses>3660001</misses>
				<total>16</total>
				<timestamp>1170.029287</timestamp>
			</report>
			<report>
				<misses>3661001</misses>
				<total>16</total>
				<timestamp>1170.349026</timestamp>
			</report>
			<report>
				<misses>3662001</misses>
				<total>16</total>
				<timestamp>1170.668697</timestamp>
			</report>
			<report>
				<misses>3663001</misses>
				<total>16</total>
				<timestamp>1170.988371</timestamp>
			</report>
			<report>
				<misses>3664001</misses>
				<total>16</total>
				<timestamp>1171.308085</timestamp>
			</report>
			<report>
				<misses>3665001</misses>
				<total>15</total>
				<timestamp>1171.627784</timestamp>
			</report>
			<report>
				<misses>3666001</misses>
				<total>16</total>
				<timestamp>1171.947362</timestamp>
			</report>
			<report>
				<misses>3667001</misses>
				<total>16</total>
				<timestamp>1172.267058</timestamp>
			</report>
			<report>
				<misses>3668001</misses>
				<total>16</total>
				<timestamp>1172.586823</timestamp>
			</report>
			<report>
				<misses>3669001</misses>
				<total>16</total>
				<timestamp>1172.906422</timestamp>
			</report>
			<report>
				<misses>3670001</misses>
				<total>16</total>
				<timestamp>1173.226122</timestamp>
			</report>
			<report>
				<misses>3671001</misses>
				<total>15</total>
				<timestamp>1173.545923</timestamp>
			</report>
			<report>
				<misses>3672001</misses>
				<total>16</total>
				<timestamp>1173.865567</timestamp>
			</report>
			<report>
				<misses>3673001</misses>
				<total>16</total>
				<timestamp>1174.185206</timestamp>
			</report>
			<report>
				<misses>3674001</misses>
				<total>16</total>
				<timestamp>1174.504870</timestamp>
			</report>
			<report>
				<misses>3675001</misses>
				<total>16</total>
				<timestamp>1174.824579</timestamp>
			</report>
			<report>
				<misses>3676001</misses>
				<total>16</total>
				<timestamp>1175.144234</timestamp>
			</report>
			<report>
				<misses>3677001</misses>
				<total>16</total>
				<timestamp>1175.463880</timestamp>
			</report>
			<report>
				<misses>3678001</misses>
				<total>16</total>
				<timestamp>1175.783593</timestamp>
			</report>
			<report>
				<misses>3679001</misses>
				<total>16</total>
				<timestamp>1176.103235</timestamp>
			</report>
			<report>
				<misses>3680001</misses>
				<total>16</total>
				<timestamp>1176.422918</timestamp>
			</report>
			<report>
				<misses>3681001</misses>
				<total>16</total>
				<timestamp>1176.742585</timestamp>
			</report>
			<report>
				<misses>3682001</misses>
				<total>15</total>
				<timestamp>1177.062352</timestamp>
			</report>
			<report>
				<misses>3683001</misses>
				<total>16</total>
				<timestamp>1177.381971</timestamp>
			</report>
			<report>
				<misses>3684001</misses>
				<total>16</total>
				<timestamp>1177.701702</timestamp>
			</report>
			<report>
				<misses>3685001</misses>
				<total>16</total>
				<timestamp>1178.021347</timestamp>
			</report>
			<report>
				<misses>3686001</misses>
				<total>16</total>
				<timestamp>1178.340989</timestamp>
			</report>
			<report>
				<misses>3687001</misses>
				<total>16</total>
				<timestamp>1178.660695</timestamp>
			</report>
			<report>
				<misses>3688001</misses>
				<total>16</total>
				<timestamp>1178.980516</timestamp>
			</report>
			<report>
				<misses>3689001</misses>
				<total>16</total>
				<timestamp>1179.300110</timestamp>
			</report>
			<report>
				<misses>3690001</misses>
				<total>15</total>
				<timestamp>1179.619782</timestamp>
			</report>
			<report>
				<misses>3691001</misses>
				<total>16</total>
				<timestamp>1179.939369</timestamp>
			</report>
			<report>
				<misses>3692001</misses>
				<total>16</total>
				<timestamp>1180.259079</timestamp>
			</report>
			<report>
				<misses>3693001</misses>
				<total>16</total>
				<timestamp>1180.578834</timestamp>
			</report>
			<report>
				<misses>3694001</misses>
				<total>16</total>
				<timestamp>1180.898407</timestamp>
			</report>
			<report>
				<misses>3695001</misses>
				<total>16</total>
				<timestamp>1181.218149</timestamp>
			</report>
			<report>
				<misses>3696001</misses>
				<total>16</total>
				<timestamp>1181.537929</timestamp>
			</report>
			<report>
				<misses>3697001</misses>
				<total>16</total>
				<timestamp>1181.857529</timestamp>
			</report>
			<report>
				<misses>3698001</misses>
				<total>16</total>
				<timestamp>1182.177194</timestamp>
			</report>
			<report>
				<misses>3699001</misses>
				<total>16</total>
				<timestamp>1182.496811</timestamp>
			</report>
			<report>
				<misses>3700001</misses>
				<total>16</total>
				<timestamp>1182.816491</timestamp>
			</report>
			<report>
				<misses>3701001</misses>
				<total>16</total>
				<timestamp>1183.136175</timestamp>
			</report>
			<report>
				<misses>3702001</misses>
				<total>15</total>
				<timestamp>1183.455988</timestamp>
			</report>
			<report>
				<misses>3703001</misses>
				<total>16</total>
				<timestamp>1183.775559</timestamp>
			</report>
			<report>
				<misses>3704001</misses>
				<total>16</total>
				<timestamp>1184.095231</timestamp>
			</report>
			<report>
				<misses>3705001</misses>
				<total>16</total>
				<timestamp>1184.414957</timestamp>
			</report>
			<report>
				<misses>3706001</misses>
				<total>16</total>
				<timestamp>1184.734656</timestamp>
			</report>
			<report>
				<misses>3707001</misses>
				<total>16</total>
				<timestamp>1185.054292</timestamp>
			</report>
			<report>
				<misses>3708001</misses>
				<total>16</total>
				<timestamp>1185.373940</timestamp>
			</report>
			<report>
				<misses>3709001</misses>
				<total>15</total>
				<timestamp>1185.693694</timestamp>
			</report>
			<report>
				<misses>3710001</misses>
				<total>16</total>
				<timestamp>1186.013294</timestamp>
			</report>
			<report>
				<misses>3711001</misses>
				<total>16</total>
				<timestamp>1186.333080</timestamp>
			</report>
			<report>
				<misses>3712001</misses>
				<total>16</total>
				<timestamp>1186.652762</timestamp>
			</report>
			<report>
				<misses>3713001</misses>
				<total>16</total>
				<timestamp>1186.972336</timestamp>
			</report>
			<report>
				<misses>3714001</misses>
				<total>16</total>
				<timestamp>1187.292093</timestamp>
			</report>
			<report>
				<misses>3715001</misses>
				<total>16</total>
				<timestamp>1187.611675</timestamp>
			</report>
			<report>
				<misses>3716001</misses>
				<total>16</total>
				<timestamp>1187.931381</timestamp>
			</report>
			<report>
				<misses>3717001</misses>
				<total>16</total>
				<timestamp>1188.251076</timestamp>
			</report>
			<report>
				<misses>3718001</misses>
				<total>16</total>
				<timestamp>1188.570822</timestamp>
			</report>
			<report>
				<misses>3719001</misses>
				<total>16</total>
				<timestamp>1188.890405</timestamp>
			</report>
			<report>
				<misses>3720001</misses>
				<total>16</total>
				<timestamp>1189.210084</timestamp>
			</report>
			<report>
				<misses>3721001</misses>
				<total>15</total>
				<timestamp>1189.529941</timestamp>
			</report>
			<report>
				<misses>3722001</misses>
				<total>16</total>
				<timestamp>1189.849437</timestamp>
			</report>
			<report>
				<misses>3723001</misses>
				<total>16</total>
				<timestamp>1190.169338</timestamp>
			</report>
			<report>
				<misses>3724001</misses>
				<total>16</total>
				<timestamp>1190.488843</timestamp>
			</report>
			<report>
				<misses>3725001</misses>
				<total>15</total>
				<timestamp>1190.808649</timestamp>
			</report>
			<report>
				<misses>3726001</misses>
				<total>16</total>
				<timestamp>1191.128223</timestamp>
			</report>
			<report>
				<misses>3727001</misses>
				<total>16</total>
				<timestamp>1191.447943</timestamp>
			</report>
			<report>
				<misses>3728001</misses>
				<total>16</total>
				<timestamp>1191.767559</timestamp>
			</report>
			<report>
				<misses>3729001</misses>
				<total>16</total>
				<timestamp>1192.087231</timestamp>
			</report>
			<report>
				<misses>3730001</misses>
				<total>16</total>
				<timestamp>1192.406908</timestamp>
			</report>
			<report>
				<misses>3731001</misses>
				<total>16</total>
				<timestamp>1192.726603</timestamp>
			</report>
			<report>
				<misses>3732001</misses>
				<total>16</total>
				<timestamp>1193.046373</timestamp>
			</report>
			<report>
				<misses>3733001</misses>
				<total>16</total>
				<timestamp>1193.365956</timestamp>
			</report>
			<report>
				<misses>3734001</misses>
				<total>16</total>
				<timestamp>1193.685660</timestamp>
			</report>
			<report>
				<misses>3735001</misses>
				<total>16</total>
				<timestamp>1194.005286</timestamp>
			</report>
			<report>
				<misses>3736001</misses>
				<total>16</total>
				<timestamp>1194.325024</timestamp>
			</report>
			<report>
				<misses>3737001</misses>
				<total>16</total>
				<timestamp>1194.644741</timestamp>
			</report>
			<report>
				<misses>3738001</misses>
				<total>16</total>
				<timestamp>1194.964375</timestamp>
			</report>
			<report>
				<misses>3739001</misses>
				<total>16</total>
				<timestamp>1195.284025</timestamp>
			</report>
			<report>
				<misses>3740001</misses>
				<total>16</total>
				<timestamp>1195.603698</timestamp>
			</report>
			<report>
				<misses>3741001</misses>
				<total>16</total>
				<timestamp>1195.923398</timestamp>
			</report>
			<report>
				<misses>3742001</misses>
				<total>16</total>
				<timestamp>1196.243068</timestamp>
			</report>
			<report>
				<misses>3743001</misses>
				<total>16</total>
				<timestamp>1196.562845</timestamp>
			</report>
			<report>
				<misses>3744001</misses>
				<total>16</total>
				<timestamp>1196.882399</timestamp>
			</report>
			<report>
				<misses>3745001</misses>
				<total>16</total>
				<timestamp>1197.202158</timestamp>
			</report>
			<report>
				<misses>3746001</misses>
				<total>16</total>
				<timestamp>1197.521840</timestamp>
			</report>
			<report>
				<misses>3747001</misses>
				<total>16</total>
				<timestamp>1197.841583</timestamp>
			</report>
			<report>
				<misses>3748001</misses>
				<total>16</total>
				<timestamp>1198.161150</timestamp>
			</report>
			<report>
				<misses>3749001</misses>
				<total>16</total>
				<timestamp>1198.480852</timestamp>
			</report>
			<report>
				<misses>3750001</misses>
				<total>16</total>
				<timestamp>1198.800483</timestamp>
			</report>
			<report>
				<misses>3751001</misses>
				<total>16</total>
				<timestamp>1199.120185</timestamp>
			</report>
			<report>
				<misses>3752001</misses>
				<total>16</total>
				<timestamp>1199.439959</timestamp>
			</report>
			<report>
				<misses>3753001</misses>
				<total>16</total>
				<timestamp>1199.759580</timestamp>
			</report>
			<report>
				<misses>3754001</misses>
				<total>16</total>
				<timestamp>1200.079249</timestamp>
			</report>
			<report>
				<misses>3755001</misses>
				<total>16</total>
				<timestamp>1200.398987</timestamp>
			</report>
			<report>
				<misses>3756001</misses>
				<total>15</total>
				<timestamp>1200.718722</timestamp>
			</report>
			<report>
				<misses>3757001</misses>
				<total>16</total>
				<timestamp>1201.038240</timestamp>
			</report>
			<report>
				<misses>3758001</misses>
				<total>16</total>
				<timestamp>1201.357959</timestamp>
			</report>
			<report>
				<misses>3759001</misses>
				<total>16</total>
				<timestamp>1201.677687</timestamp>
			</report>
			<report>
				<misses>3760001</misses>
				<total>16</total>
				<timestamp>1201.997315</timestamp>
			</report>
			<report>
				<misses>3761001</misses>
				<total>16</total>
				<timestamp>1202.316987</timestamp>
			</report>
			<report>
				<misses>3762001</misses>
				<total>15</total>
				<timestamp>1202.636825</timestamp>
			</report>
			<report>
				<misses>3763001</misses>
				<total>16</total>
				<timestamp>1202.956337</timestamp>
			</report>
			<report>
				<misses>3764001</misses>
				<total>16</total>
				<timestamp>1203.276085</timestamp>
			</report>
			<report>
				<misses>3765001</misses>
				<total>16</total>
				<timestamp>1203.595693</timestamp>
			</report>
			<report>
				<misses>3766001</misses>
				<total>16</total>
				<timestamp>1203.915368</timestamp>
			</report>
			<report>
				<misses>3767001</misses>
				<total>16</total>
				<timestamp>1204.235045</timestamp>
			</report>
			<report>
				<misses>3768001</misses>
				<total>16</total>
				<timestamp>1204.554748</timestamp>
			</report>
			<report>
				<misses>3769001</misses>
				<total>16</total>
				<timestamp>1204.874419</timestamp>
			</report>
			<report>
				<misses>3770001</misses>
				<total>16</total>
				<timestamp>1205.194095</timestamp>
			</report>
			<report>
				<misses>3771001</misses>
				<total>16</total>
				<timestamp>1205.513948</timestamp>
			</report>
			<report>
				<misses>3772001</misses>
				<total>16</total>
				<timestamp>1205.833507</timestamp>
			</report>
			<report>
				<misses>3773001</misses>
				<total>16</total>
				<timestamp>1206.153126</timestamp>
			</report>
			<report>
				<misses>3774001</misses>
				<total>16</total>
				<timestamp>1206.472946</timestamp>
			</report>
			<report>
				<misses>3775001</misses>
				<total>16</total>
				<timestamp>1206.792516</timestamp>
			</report>
			<report>
				<misses>3776001</misses>
				<total>16</total>
				<timestamp>1207.112200</timestamp>
			</report>
			<report>
				<misses>3777001</misses>
				<total>16</total>
				<timestamp>1207.431968</timestamp>
			</report>
			<report>
				<misses>3778001</misses>
				<total>16</total>
				<timestamp>1207.751551</timestamp>
			</report>
			<report>
				<misses>3779001</misses>
				<total>16</total>
				<timestamp>1208.071267</timestamp>
			</report>
			<report>
				<misses>3780001</misses>
				<total>16</total>
				<timestamp>1208.390988</timestamp>
			</report>
			<report>
				<misses>3781001</misses>
				<total>16</total>
				<timestamp>1208.710589</timestamp>
			</report>
			<report>
				<misses>3782001</misses>
				<total>16</total>
				<timestamp>1209.030282</timestamp>
			</report>
			<report>
				<misses>3783001</misses>
				<total>16</total>
				<timestamp>1209.349998</timestamp>
			</report>
			<report>
				<misses>3784001</misses>
				<total>16</total>
				<timestamp>1209.669620</timestamp>
			</report>
			<report>
				<misses>3785001</misses>
				<total>16</total>
				<timestamp>1209.989278</timestamp>
			</report>
			<report>
				<misses>3786001</misses>
				<total>16</total>
				<timestamp>1210.309070</timestamp>
			</report>
			<report>
				<misses>3787001</misses>
				<total>16</total>
				<timestamp>1210.628662</timestamp>
			</report>
			<report>
				<misses>3788001</misses>
				<total>16</total>
				<timestamp>1210.948342</timestamp>
			</report>
			<report>
				<misses>3789001</misses>
				<total>16</total>
				<timestamp>1211.267998</timestamp>
			</report>
			<report>
				<misses>3790001</misses>
				<total>16</total>
				<timestamp>1211.587843</timestamp>
			</report>
			<report>
				<misses>3791001</misses>
				<total>16</total>
				<timestamp>1211.907371</timestamp>
			</report>
			<report>
				<misses>3792001</misses>
				<total>16</total>
				<timestamp>1212.227166</timestamp>
			</report>
			<report>
				<misses>3793001</misses>
				<total>15</total>
				<timestamp>1212.546898</timestamp>
			</report>
			<report>
				<misses>3794001</misses>
				<total>16</total>
				<timestamp>1212.866436</timestamp>
			</report>
			<report>
				<misses>3795001</misses>
				<total>16</total>
				<timestamp>1213.186133</timestamp>
			</report>
			<report>
				<misses>3796001</misses>
				<total>16</total>
				<timestamp>1213.505829</timestamp>
			</report>
			<report>
				<misses>3797001</misses>
				<total>16</total>
				<timestamp>1213.825583</timestamp>
			</report>
			<report>
				<misses>3798001</misses>
				<total>16</total>
				<timestamp>1214.145214</timestamp>
			</report>
			<report>
				<misses>3799001</misses>
				<total>16</total>
				<timestamp>1214.464858</timestamp>
			</report>
			<report>
				<misses>3800001</misses>
				<total>16</total>
				<timestamp>1214.784483</timestamp>
			</report>
			<report>
				<misses>3801001</misses>
				<total>16</total>
				<timestamp>1215.104166</timestamp>
			</report>
			<report>
				<misses>3802001</misses>
				<total>16</total>
				<timestamp>1215.423953</timestamp>
			</report>
			<report>
				<misses>3803001</misses>
				<total>16</total>
				<timestamp>1215.743559</timestamp>
			</report>
			<report>
				<misses>3804001</misses>
				<total>16</total>
				<timestamp>1216.063270</timestamp>
			</report>
			<report>
				<misses>3805001</misses>
				<total>16</total>
				<timestamp>1216.382884</timestamp>
			</report>
			<report>
				<misses>3806001</misses>
				<total>16</total>
				<timestamp>1216.702589</timestamp>
			</report>
			<report>
				<misses>3807001</misses>
				<total>16</total>
				<timestamp>1217.022288</timestamp>
			</report>
			<report>
				<misses>3808001</misses>
				<total>16</total>
				<timestamp>1217.341939</timestamp>
			</report>
			<report>
				<misses>3809001</misses>
				<total>16</total>
				<timestamp>1217.661705</timestamp>
			</report>
			<report>
				<misses>3810001</misses>
				<total>16</total>
				<timestamp>1217.981332</timestamp>
			</report>
			<report>
				<misses>3811001</misses>
				<total>16</total>
				<timestamp>1218.300962</timestamp>
			</report>
			<report>
				<misses>3812001</misses>
				<total>16</total>
				<timestamp>1218.620669</timestamp>
			</report>
			<report>
				<misses>3813001</misses>
				<total>16</total>
				<timestamp>1218.940387</timestamp>
			</report>
			<report>
				<misses>3814001</misses>
				<total>16</total>
				<timestamp>1219.260065</timestamp>
			</report>
			<report>
				<misses>3815001</misses>
				<total>16</total>
				<timestamp>1219.579756</timestamp>
			</report>
			<report>
				<misses>3816001</misses>
				<total>15</total>
				<timestamp>1219.899586</timestamp>
			</report>
			<report>
				<misses>3817001</misses>
				<total>16</total>
				<timestamp>1220.219048</timestamp>
			</report>
			<report>
				<misses>3818001</misses>
				<total>16</total>
				<timestamp>1220.538820</timestamp>
			</report>
			<report>
				<misses>3819001</misses>
				<total>16</total>
				<timestamp>1220.858414</timestamp>
			</report>
			<report>
				<misses>3820001</misses>
				<total>16</total>
				<timestamp>1221.178120</timestamp>
			</report>
			<report>
				<misses>3821001</misses>
				<total>16</total>
				<timestamp>1221.497941</timestamp>
			</report>
			<report>
				<misses>3822001</misses>
				<total>16</total>
				<timestamp>1221.817577</timestamp>
			</report>
			<report>
				<misses>3823001</misses>
				<total>16</total>
				<timestamp>1222.137125</timestamp>
			</report>
			<report>
				<misses>3824001</misses>
				<total>16</total>
				<timestamp>1222.456936</timestamp>
			</report>
			<report>
				<misses>3825001</misses>
				<total>16</total>
				<timestamp>1222.776581</timestamp>
			</report>
			<report>
				<misses>3826001</misses>
				<total>16</total>
				<timestamp>1223.096279</timestamp>
			</report>
			<report>
				<misses>3827001</misses>
				<total>17</total>
				<timestamp>1223.415911</timestamp>
			</report>
			<report>
				<misses>3828001</misses>
				<total>17</total>
				<timestamp>1223.735699</timestamp>
			</report>
			<report>
				<misses>3829001</misses>
				<total>17</total>
				<timestamp>1224.055234</timestamp>
			</report>
			<report>
				<misses>3830001</misses>
				<total>17</total>
				<timestamp>1224.374963</timestamp>
			</report>
			<report>
				<misses>3831001</misses>
				<total>17</total>
				<timestamp>1224.694688</timestamp>
			</report>
			<report>
				<misses>3832001</misses>
				<total>17</total>
				<timestamp>1225.014298</timestamp>
			</report>
			<report>
				<misses>3833001</misses>
				<total>17</total>
				<timestamp>1225.334063</timestamp>
			</report>
			<report>
				<misses>3834001</misses>
				<total>17</total>
				<timestamp>1225.653785</timestamp>
			</report>
			<report>
				<misses>3835001</misses>
				<total>17</total>
				<timestamp>1225.973317</timestamp>
			</report>
			<report>
				<misses>3836001</misses>
				<total>17</total>
				<timestamp>1226.293023</timestamp>
			</report>
			<report>
				<misses>3837001</misses>
				<total>17</total>
				<timestamp>1226.612683</timestamp>
			</report>
			<report>
				<misses>3838001</misses>
				<total>17</total>
				<timestamp>1226.932339</timestamp>
			</report>
			<report>
				<misses>3839001</misses>
				<total>17</total>
				<timestamp>1227.252079</timestamp>
			</report>
			<report>
				<misses>3840001</misses>
				<total>17</total>
				<timestamp>1227.571703</timestamp>
			</report>
			<report>
				<misses>3841001</misses>
				<total>17</total>
				<timestamp>1227.891431</timestamp>
			</report>
			<report>
				<misses>3842001</misses>
				<total>17</total>
				<timestamp>1228.211102</timestamp>
			</report>
			<report>
				<misses>3843001</misses>
				<total>17</total>
				<timestamp>1228.530805</timestamp>
			</report>
			<report>
				<misses>3844001</misses>
				<total>17</total>
				<timestamp>1228.850511</timestamp>
			</report>
			<report>
				<misses>3845001</misses>
				<total>17</total>
				<timestamp>1229.170172</timestamp>
			</report>
			<report>
				<misses>3846001</misses>
				<total>17</total>
				<timestamp>1229.489795</timestamp>
			</report>
			<report>
				<misses>3847001</misses>
				<total>17</total>
				<timestamp>1229.809468</timestamp>
			</report>
			<report>
				<misses>3848001</misses>
				<total>17</total>
				<timestamp>1230.129119</timestamp>
			</report>
			<report>
				<misses>3849001</misses>
				<total>17</total>
				<timestamp>1230.448827</timestamp>
			</report>
			<report>
				<misses>3850001</misses>
				<total>17</total>
				<timestamp>1230.768576</timestamp>
			</report>
			<report>
				<misses>3851001</misses>
				<total>17</total>
				<timestamp>1231.088234</timestamp>
			</report>
			<report>
				<misses>3852001</misses>
				<total>17</total>
				<timestamp>1231.407910</timestamp>
			</report>
			<report>
				<misses>3853001</misses>
				<total>17</total>
				<timestamp>1231.727543</timestamp>
			</report>
			<report>
				<misses>3854001</misses>
				<total>17</total>
				<timestamp>1232.047303</timestamp>
			</report>
			<report>
				<misses>3855001</misses>
				<total>17</total>
				<timestamp>1232.366995</timestamp>
			</report>
			<report>
				<misses>3856001</misses>
				<total>17</total>
				<timestamp>1232.686712</timestamp>
			</report>
			<report>
				<misses>3857001</misses>
				<total>17</total>
				<timestamp>1233.006313</timestamp>
			</report>
			<report>
				<misses>3858001</misses>
				<total>17</total>
				<timestamp>1233.325945</timestamp>
			</report>
			<report>
				<misses>3859001</misses>
				<total>17</total>
				<timestamp>1233.645737</timestamp>
			</report>
			<report>
				<misses>3860001</misses>
				<total>16</total>
				<timestamp>1233.965394</timestamp>
			</report>
			<report>
				<misses>3861001</misses>
				<total>17</total>
				<timestamp>1234.285058</timestamp>
			</report>
			<report>
				<misses>3862001</misses>
				<total>17</total>
				<timestamp>1234.604714</timestamp>
			</report>
			<report>
				<misses>3863001</misses>
				<total>17</total>
				<timestamp>1234.924366</timestamp>
			</report>
			<report>
				<misses>3864001</misses>
				<total>17</total>
				<timestamp>1235.244071</timestamp>
			</report>
			<report>
				<misses>3865001</misses>
				<total>16</total>
				<timestamp>1235.563806</timestamp>
			</report>
			<report>
				<misses>3866001</misses>
				<total>17</total>
				<timestamp>1235.883419</timestamp>
			</report>
			<report>
				<misses>3867001</misses>
				<total>17</total>
				<timestamp>1236.203034</timestamp>
			</report>
			<report>
				<misses>3868001</misses>
				<total>17</total>
				<timestamp>1236.522762</timestamp>
			</report>
			<report>
				<misses>3869001</misses>
				<total>17</total>
				<timestamp>1236.842579</timestamp>
			</report>
			<report>
				<misses>3870001</misses>
				<total>17</total>
				<timestamp>1237.162125</timestamp>
			</report>
			<report>
				<misses>3871001</misses>
				<total>17</total>
				<timestamp>1237.481826</timestamp>
			</report>
			<report>
				<misses>3872001</misses>
				<total>17</total>
				<timestamp>1237.801578</timestamp>
			</report>
			<report>
				<misses>3873001</misses>
				<total>17</total>
				<timestamp>1238.121201</timestamp>
			</report>
			<report>
				<misses>3874001</misses>
				<total>17</total>
				<timestamp>1238.440934</timestamp>
			</report>
			<report>
				<misses>3875001</misses>
				<total>16</total>
				<timestamp>1238.760708</timestamp>
			</report>
			<report>
				<misses>3876001</misses>
				<total>17</total>
				<timestamp>1239.080174</timestamp>
			</report>
			<report>
				<misses>3877001</misses>
				<total>17</total>
				<timestamp>1239.399981</timestamp>
			</report>
			<report>
				<misses>3878001</misses>
				<total>17</total>
				<timestamp>1239.719701</timestamp>
			</report>
			<report>
				<misses>3879001</misses>
				<total>17</total>
				<timestamp>1240.039245</timestamp>
			</report>
			<report>
				<misses>3880001</misses>
				<total>17</total>
				<timestamp>1240.358924</timestamp>
			</report>
			<report>
				<misses>3881001</misses>
				<total>17</total>
				<timestamp>1240.678701</timestamp>
			</report>
			<report>
				<misses>3882001</misses>
				<total>17</total>
				<timestamp>1240.998270</timestamp>
			</report>
			<report>
				<misses>3883001</misses>
				<total>17</total>
				<timestamp>1241.317957</timestamp>
			</report>
			<report>
				<misses>3884001</misses>
				<total>17</total>
				<timestamp>1241.637691</timestamp>
			</report>
			<report>
				<misses>3885001</misses>
				<total>17</total>
				<timestamp>1241.957332</timestamp>
			</report>
			<report>
				<misses>3886001</misses>
				<total>17</total>
				<timestamp>1242.277031</timestamp>
			</report>
			<report>
				<misses>3887001</misses>
				<total>17</total>
				<timestamp>1242.596834</timestamp>
			</report>
			<report>
				<misses>3888001</misses>
				<total>17</total>
				<timestamp>1242.916371</timestamp>
			</report>
			<report>
				<misses>3889001</misses>
				<total>17</total>
				<timestamp>1243.236060</timestamp>
			</report>
			<report>
				<misses>3890001</misses>
				<total>17</total>
				<timestamp>1243.555702</timestamp>
			</report>
			<report>
				<misses>3891001</misses>
				<total>17</total>
				<timestamp>1243.875370</timestamp>
			</report>
			<report>
				<misses>3892001</misses>
				<total>17</total>
				<timestamp>1244.195087</timestamp>
			</report>
			<report>
				<misses>3893001</misses>
				<total>17</total>
				<timestamp>1244.514823</timestamp>
			</report>
			<report>
				<misses>3894001</misses>
				<total>17</total>
				<timestamp>1244.834433</timestamp>
			</report>
			<report>
				<misses>3895001</misses>
				<total>17</total>
				<timestamp>1245.154080</timestamp>
			</report>
			<report>
				<misses>3896001</misses>
				<total>17</total>
				<timestamp>1245.473837</timestamp>
			</report>
			<report>
				<misses>3897001</misses>
				<total>17</total>
				<timestamp>1245.793501</timestamp>
			</report>
			<report>
				<misses>3898001</misses>
				<total>17</total>
				<timestamp>1246.113121</timestamp>
			</report>
			<report>
				<misses>3899001</misses>
				<total>17</total>
				<timestamp>1246.432832</timestamp>
			</report>
			<report>
				<misses>3900001</misses>
				<total>17</total>
				<timestamp>1246.752561</timestamp>
			</report>
			<report>
				<misses>3901001</misses>
				<total>17</total>
				<timestamp>1247.072162</timestamp>
			</report>
			<report>
				<misses>3902001</misses>
				<total>17</total>
				<timestamp>1247.391869</timestamp>
			</report>
			<report>
				<misses>3903001</misses>
				<total>17</total>
				<timestamp>1247.711565</timestamp>
			</report>
			<report>
				<misses>3904001</misses>
				<total>17</total>
				<timestamp>1248.031227</timestamp>
			</report>
			<report>
				<misses>3905001</misses>
				<total>17</total>
				<timestamp>1248.350885</timestamp>
			</report>
			<report>
				<misses>3906001</misses>
				<total>16</total>
				<timestamp>1248.670807</timestamp>
			</report>
			<report>
				<misses>3907001</misses>
				<total>17</total>
				<timestamp>1248.990287</timestamp>
			</report>
			<report>
				<misses>3908001</misses>
				<total>17</total>
				<timestamp>1249.309946</timestamp>
			</report>
			<report>
				<misses>3909001</misses>
				<total>17</total>
				<timestamp>1249.629731</timestamp>
			</report>
			<report>
				<misses>3910001</misses>
				<total>17</total>
				<timestamp>1249.949333</timestamp>
			</report>
			<report>
				<misses>3911001</misses>
				<total>17</total>
				<timestamp>1250.269080</timestamp>
			</report>
			<report>
				<misses>3912001</misses>
				<total>17</total>
				<timestamp>1250.588689</timestamp>
			</report>
			<report>
				<misses>3913001</misses>
				<total>17</total>
				<timestamp>1250.908387</timestamp>
			</report>
			<report>
				<misses>3914001</misses>
				<total>16</total>
				<timestamp>1251.228097</timestamp>
			</report>
			<report>
				<misses>3915001</misses>
				<total>17</total>
				<timestamp>1251.547715</timestamp>
			</report>
			<report>
				<misses>3916001</misses>
				<total>17</total>
				<timestamp>1251.867462</timestamp>
			</report>
			<report>
				<misses>3917001</misses>
				<total>17</total>
				<timestamp>1252.187082</timestamp>
			</report>
			<report>
				<misses>3918001</misses>
				<total>17</total>
				<timestamp>1252.506841</timestamp>
			</report>
			<report>
				<misses>3919001</misses>
				<total>17</total>
				<timestamp>1252.826407</timestamp>
			</report>
			<report>
				<misses>3920001</misses>
				<total>17</total>
				<timestamp>1253.146178</timestamp>
			</report>
			<report>
				<misses>3921001</misses>
				<total>16</total>
				<timestamp>1253.465908</timestamp>
			</report>
			<report>
				<misses>3922001</misses>
				<total>17</total>
				<timestamp>1253.785562</timestamp>
			</report>
			<report>
				<misses>3923001</misses>
				<total>17</total>
				<timestamp>1254.105168</timestamp>
			</report>
			<report>
				<misses>3924001</misses>
				<total>17</total>
				<timestamp>1254.424946</timestamp>
			</report>
			<report>
				<misses>3925001</misses>
				<total>17</total>
				<timestamp>1254.744558</timestamp>
			</report>
			<report>
				<misses>3926001</misses>
				<total>17</total>
				<timestamp>1255.064337</timestamp>
			</report>
			<report>
				<misses>3927001</misses>
				<total>17</total>
				<timestamp>1255.383897</timestamp>
			</report>
			<report>
				<misses>3928001</misses>
				<total>17</total>
				<timestamp>1255.703700</timestamp>
			</report>
			<report>
				<misses>3929001</misses>
				<total>17</total>
				<timestamp>1256.023237</timestamp>
			</report>
			<report>
				<misses>3930001</misses>
				<total>17</total>
				<timestamp>1256.342989</timestamp>
			</report>
			<report>
				<misses>3931001</misses>
				<total>17</total>
				<timestamp>1256.662591</timestamp>
			</report>
			<report>
				<misses>3932001</misses>
				<total>17</total>
				<timestamp>1256.982279</timestamp>
			</report>
			<report>
				<misses>3933001</misses>
				<total>17</total>
				<timestamp>1257.301960</timestamp>
			</report>
			<report>
				<misses>3934001</misses>
				<total>17</total>
				<timestamp>1257.621624</timestamp>
			</report>
			<report>
				<misses>3935001</misses>
				<total>17</total>
				<timestamp>1257.941310</timestamp>
			</report>
			<report>
				<misses>3936001</misses>
				<total>17</total>
				<timestamp>1258.260969</timestamp>
			</report>
			<report>
				<misses>3937001</misses>
				<total>17</total>
				<timestamp>1258.580678</timestamp>
			</report>
			<report>
				<misses>3938001</misses>
				<total>17</total>
				<timestamp>1258.900384</timestamp>
			</report>
			<report>
				<misses>3939001</misses>
				<total>17</total>
				<timestamp>1259.220018</timestamp>
			</report>
			<report>
				<misses>3940001</misses>
				<total>17</total>
				<timestamp>1259.539814</timestamp>
			</report>
			<report>
				<misses>3941001</misses>
				<total>17</total>
				<timestamp>1259.859563</timestamp>
			</report>
			<report>
				<misses>3942001</misses>
				<total>17</total>
				<timestamp>1260.179086</timestamp>
			</report>
			<report>
				<misses>3943001</misses>
				<total>17</total>
				<timestamp>1260.498770</timestamp>
			</report>
			<report>
				<misses>3944001</misses>
				<total>17</total>
				<timestamp>1260.818434</timestamp>
			</report>
			<report>
				<misses>3945001</misses>
				<total>17</total>
				<timestamp>1261.138107</timestamp>
			</report>
			<report>
				<misses>3946001</misses>
				<total>17</total>
				<timestamp>1261.457813</timestamp>
			</report>
			<report>
				<misses>3947001</misses>
				<total>17</total>
				<timestamp>1261.777558</timestamp>
			</report>
			<report>
				<misses>3948001</misses>
				<total>17</total>
				<timestamp>1262.097132</timestamp>
			</report>
			<report>
				<misses>3949001</misses>
				<total>17</total>
				<timestamp>1262.416854</timestamp>
			</report>
			<report>
				<misses>3950001</misses>
				<total>17</total>
				<timestamp>1262.736566</timestamp>
			</report>
			<report>
				<misses>3951001</misses>
				<total>17</total>
				<timestamp>1263.056230</timestamp>
			</report>
			<report>
				<misses>3952001</misses>
				<total>17</total>
				<timestamp>1263.375904</timestamp>
			</report>
			<report>
				<misses>3953001</misses>
				<total>17</total>
				<timestamp>1263.695597</timestamp>
			</report>
			<report>
				<misses>3954001</misses>
				<total>17</total>
				<timestamp>1264.015238</timestamp>
			</report>
			<report>
				<misses>3955001</misses>
				<total>17</total>
				<timestamp>1264.334954</timestamp>
			</report>
			<report>
				<misses>3956001</misses>
				<total>17</total>
				<timestamp>1264.654670</timestamp>
			</report>
			<report>
				<misses>3957001</misses>
				<total>17</total>
				<timestamp>1264.974289</timestamp>
			</report>
			<report>
				<misses>3958001</misses>
				<total>17</total>
				<timestamp>1265.293919</timestamp>
			</report>
			<report>
				<misses>3959001</misses>
				<total>17</total>
				<timestamp>1265.613704</timestamp>
			</report>
			<report>
				<misses>3960001</misses>
				<total>17</total>
				<timestamp>1265.933347</timestamp>
			</report>
			<report>
				<misses>3961001</misses>
				<total>17</total>
				<timestamp>1266.252988</timestamp>
			</report>
			<report>
				<misses>3962001</misses>
				<total>17</total>
				<timestamp>1266.572657</timestamp>
			</report>
			<report>
				<misses>3963001</misses>
				<total>17</total>
				<timestamp>1266.892352</timestamp>
			</report>
			<report>
				<misses>3964001</misses>
				<total>17</total>
				<timestamp>1267.212065</timestamp>
			</report>
			<report>
				<misses>3965001</misses>
				<total>17</total>
				<timestamp>1267.531821</timestamp>
			</report>
			<report>
				<misses>3966001</misses>
				<total>17</total>
				<timestamp>1267.851400</timestamp>
			</report>
			<report>
				<misses>3967001</misses>
				<total>17</total>
				<timestamp>1268.171049</timestamp>
			</report>
			<report>
				<misses>3968001</misses>
				<total>17</total>
				<timestamp>1268.490803</timestamp>
			</report>
			<report>
				<misses>3969001</misses>
				<total>17</total>
				<timestamp>1268.810449</timestamp>
			</report>
			<report>
				<misses>3970001</misses>
				<total>17</total>
				<timestamp>1269.130137</timestamp>
			</report>
			<report>
				<misses>3971001</misses>
				<total>17</total>
				<timestamp>1269.449824</timestamp>
			</report>
			<report>
				<misses>3972001</misses>
				<total>16</total>
				<timestamp>1269.769581</timestamp>
			</report>
			<report>
				<misses>3973001</misses>
				<total>17</total>
				<timestamp>1270.089205</timestamp>
			</report>
			<report>
				<misses>3974001</misses>
				<total>17</total>
				<timestamp>1270.408858</timestamp>
			</report>
			<report>
				<misses>3975001</misses>
				<total>17</total>
				<timestamp>1270.728555</timestamp>
			</report>
			<report>
				<misses>3976001</misses>
				<total>17</total>
				<timestamp>1271.048222</timestamp>
			</report>
			<report>
				<misses>3977001</misses>
				<total>16</total>
				<timestamp>1271.367958</timestamp>
			</report>
			<report>
				<misses>3978001</misses>
				<total>17</total>
				<timestamp>1271.687523</timestamp>
			</report>
			<report>
				<misses>3979001</misses>
				<total>17</total>
				<timestamp>1272.007205</timestamp>
			</report>
			<report>
				<misses>3980001</misses>
				<total>17</total>
				<timestamp>1272.326962</timestamp>
			</report>
			<report>
				<misses>3981001</misses>
				<total>17</total>
				<timestamp>1272.646722</timestamp>
			</report>
			<report>
				<misses>3982001</misses>
				<total>17</total>
				<timestamp>1272.966335</timestamp>
			</report>
			<report>
				<misses>3983001</misses>
				<total>17</total>
				<timestamp>1273.285949</timestamp>
			</report>
			<report>
				<misses>3984001</misses>
				<total>17</total>
				<timestamp>1273.605668</timestamp>
			</report>
			<report>
				<misses>3985001</misses>
				<total>16</total>
				<timestamp>1273.925430</timestamp>
			</report>
			<report>
				<misses>3986001</misses>
				<total>17</total>
				<timestamp>1274.245019</timestamp>
			</report>
			<report>
				<misses>3987001</misses>
				<total>17</total>
				<timestamp>1274.564645</timestamp>
			</report>
			<report>
				<misses>3988001</misses>
				<total>16</total>
				<timestamp>1274.884518</timestamp>
			</report>
			<report>
				<misses>3989001</misses>
				<total>17</total>
				<timestamp>1275.204044</timestamp>
			</report>
			<report>
				<misses>3990001</misses>
				<total>17</total>
				<timestamp>1275.523692</timestamp>
			</report>
			<report>
				<misses>3991001</misses>
				<total>17</total>
				<timestamp>1275.843445</timestamp>
			</report>
			<report>
				<misses>3992001</misses>
				<total>17</total>
				<timestamp>1276.163122</timestamp>
			</report>
			<report>
				<misses>3993001</misses>
				<total>17</total>
				<timestamp>1276.482830</timestamp>
			</report>
			<report>
				<misses>3994001</misses>
				<total>17</total>
				<timestamp>1276.802457</timestamp>
			</report>
			<report>
				<misses>3995001</misses>
				<total>17</total>
				<timestamp>1277.122092</timestamp>
			</report>
			<report>
				<misses>3996001</misses>
				<total>17</total>
				<timestamp>1277.441833</timestamp>
			</report>
			<report>
				<misses>3997001</misses>
				<total>17</total>
				<timestamp>1277.761583</timestamp>
			</report>
			<report>
				<misses>3998001</misses>
				<total>17</total>
				<timestamp>1278.081135</timestamp>
			</report>
			<report>
				<misses>3999001</misses>
				<total>17</total>
				<timestamp>1278.400941</timestamp>
			</report>
			<report>
				<misses>4000001</misses>
				<total>17</total>
				<timestamp>1278.720577</timestamp>
			</report>
			<report>
				<misses>4001001</misses>
				<total>17</total>
				<timestamp>1279.040171</timestamp>
			</report>
			<report>
				<misses>4002001</misses>
				<total>17</total>
				<timestamp>1279.359853</timestamp>
			</report>
			<report>
				<misses>4003001</misses>
				<total>17</total>
				<timestamp>1279.679576</timestamp>
			</report>
			<report>
				<misses>4004001</misses>
				<total>17</total>
				<timestamp>1279.999275</timestamp>
			</report>
			<report>
				<misses>4005001</misses>
				<total>17</total>
				<timestamp>1280.319005</timestamp>
			</report>
			<report>
				<misses>4006001</misses>
				<total>17</total>
				<timestamp>1280.638586</timestamp>
			</report>
			<report>
				<misses>4007001</misses>
				<total>16</total>
				<timestamp>1280.958358</timestamp>
			</report>
			<report>
				<misses>4008001</misses>
				<total>17</total>
				<timestamp>1281.278016</timestamp>
			</report>
			<report>
				<misses>4009001</misses>
				<total>17</total>
				<timestamp>1281.597697</timestamp>
			</report>
			<report>
				<misses>4010001</misses>
				<total>17</total>
				<timestamp>1281.917305</timestamp>
			</report>
			<report>
				<misses>4011001</misses>
				<total>17</total>
				<timestamp>1282.236972</timestamp>
			</report>
			<report>
				<misses>4012001</misses>
				<total>17</total>
				<timestamp>1282.556824</timestamp>
			</report>
			<report>
				<misses>4013001</misses>
				<total>17</total>
				<timestamp>1282.876325</timestamp>
			</report>
			<report>
				<misses>4014001</misses>
				<total>17</total>
				<timestamp>1283.196074</timestamp>
			</report>
			<report>
				<misses>4015001</misses>
				<total>17</total>
				<timestamp>1283.515824</timestamp>
			</report>
			<report>
				<misses>4016001</misses>
				<total>17</total>
				<timestamp>1283.835490</timestamp>
			</report>
			<report>
				<misses>4017001</misses>
				<total>17</total>
				<timestamp>1284.155086</timestamp>
			</report>
			<report>
				<misses>4018001</misses>
				<total>17</total>
				<timestamp>1284.474830</timestamp>
			</report>
			<report>
				<misses>4019001</misses>
				<total>17</total>
				<timestamp>1284.794468</timestamp>
			</report>
			<report>
				<misses>4020001</misses>
				<total>17</total>
				<timestamp>1285.114124</timestamp>
			</report>
			<report>
				<misses>4021001</misses>
				<total>17</total>
				<timestamp>1285.433826</timestamp>
			</report>
			<report>
				<misses>4022001</misses>
				<total>17</total>
				<timestamp>1285.753551</timestamp>
			</report>
			<report>
				<misses>4023001</misses>
				<total>17</total>
				<timestamp>1286.073172</timestamp>
			</report>
			<report>
				<misses>4024001</misses>
				<total>17</total>
				<timestamp>1286.392823</timestamp>
			</report>
			<report>
				<misses>4025001</misses>
				<total>17</total>
				<timestamp>1286.712640</timestamp>
			</report>
			<report>
				<misses>4026001</misses>
				<total>17</total>
				<timestamp>1287.032169</timestamp>
			</report>
			<report>
				<misses>4027001</misses>
				<total>17</total>
				<timestamp>1287.351938</timestamp>
			</report>
			<report>
				<misses>4028001</misses>
				<total>17</total>
				<timestamp>1287.671646</timestamp>
			</report>
			<report>
				<misses>4029001</misses>
				<total>17</total>
				<timestamp>1287.991316</timestamp>
			</report>
			<report>
				<misses>4030001</misses>
				<total>17</total>
				<timestamp>1288.310958</timestamp>
			</report>
			<report>
				<misses>4031001</misses>
				<total>17</total>
				<timestamp>1288.630714</timestamp>
			</report>
			<report>
				<misses>4032001</misses>
				<total>17</total>
				<timestamp>1288.950262</timestamp>
			</report>
			<report>
				<misses>4033001</misses>
				<total>17</total>
				<timestamp>1289.270023</timestamp>
			</report>
			<report>
				<misses>4034001</misses>
				<total>16</total>
				<timestamp>1289.589829</timestamp>
			</report>
			<report>
				<misses>4035001</misses>
				<total>17</total>
				<timestamp>1289.909339</timestamp>
			</report>
			<report>
				<misses>4036001</misses>
				<total>17</total>
				<timestamp>1290.229025</timestamp>
			</report>
			<report>
				<misses>4037001</misses>
				<total>17</total>
				<timestamp>1290.548677</timestamp>
			</report>
			<report>
				<misses>4038001</misses>
				<total>17</total>
				<timestamp>1290.868358</timestamp>
			</report>
			<report>
				<misses>4039001</misses>
				<total>17</total>
				<timestamp>1291.188066</timestamp>
			</report>
			<report>
				<misses>4040001</misses>
				<total>16</total>
				<timestamp>1291.507785</timestamp>
			</report>
			<report>
				<misses>4041001</misses>
				<total>17</total>
				<timestamp>1291.827410</timestamp>
			</report>
			<report>
				<misses>4042001</misses>
				<total>17</total>
				<timestamp>1292.147085</timestamp>
			</report>
			<report>
				<misses>4043001</misses>
				<total>17</total>
				<timestamp>1292.466736</timestamp>
			</report>
			<report>
				<misses>4044001</misses>
				<total>17</total>
				<timestamp>1292.786480</timestamp>
			</report>
			<report>
				<misses>4045001</misses>
				<total>17</total>
				<timestamp>1293.106106</timestamp>
			</report>
			<report>
				<misses>4046001</misses>
				<total>17</total>
				<timestamp>1293.425851</timestamp>
			</report>
			<report>
				<misses>4047001</misses>
				<total>16</total>
				<timestamp>1293.745605</timestamp>
			</report>
			<report>
				<misses>4048001</misses>
				<total>17</total>
				<timestamp>1294.065185</timestamp>
			</report>
			<report>
				<misses>4049001</misses>
				<total>17</total>
				<timestamp>1294.384833</timestamp>
			</report>
			<report>
				<misses>4050001</misses>
				<total>17</total>
				<timestamp>1294.704584</timestamp>
			</report>
			<report>
				<misses>4051001</misses>
				<total>17</total>
				<timestamp>1295.024329</timestamp>
			</report>
			<report>
				<misses>4052001</misses>
				<total>17</total>
				<timestamp>1295.343870</timestamp>
			</report>
			<report>
				<misses>4053001</misses>
				<total>17</total>
				<timestamp>1295.663531</timestamp>
			</report>
			<report>
				<misses>4054001</misses>
				<total>17</total>
				<timestamp>1295.983249</timestamp>
			</report>
			<report>
				<misses>4055001</misses>
				<total>17</total>
				<timestamp>1296.302951</timestamp>
			</report>
			<report>
				<misses>4056001</misses>
				<total>17</total>
				<timestamp>1296.622710</timestamp>
			</report>
			<report>
				<misses>4057001</misses>
				<total>17</total>
				<timestamp>1296.942325</timestamp>
			</report>
			<report>
				<misses>4058001</misses>
				<total>16</total>
				<timestamp>1297.262034</timestamp>
			</report>
			<report>
				<misses>4059001</misses>
				<total>17</total>
				<timestamp>1297.581696</timestamp>
			</report>
			<report>
				<misses>4060001</misses>
				<total>17</total>
				<timestamp>1297.901339</timestamp>
			</report>
			<report>
				<misses>4061001</misses>
				<total>17</total>
				<timestamp>1298.221020</timestamp>
			</report>
			<report>
				<misses>4062001</misses>
				<total>17</total>
				<timestamp>1298.540702</timestamp>
			</report>
			<report>
				<misses>4063001</misses>
				<total>16</total>
				<timestamp>1298.860433</timestamp>
			</report>
			<report>
				<misses>4064001</misses>
				<total>17</total>
				<timestamp>1299.180025</timestamp>
			</report>
			<report>
				<misses>4065001</misses>
				<total>17</total>
				<timestamp>1299.499719</timestamp>
			</report>
			<report>
				<misses>4066001</misses>
				<total>16</total>
				<timestamp>1299.819556</timestamp>
			</report>
			<report>
				<misses>4067001</misses>
				<total>17</total>
				<timestamp>1300.139050</timestamp>
			</report>
			<report>
				<misses>4068001</misses>
				<total>17</total>
				<timestamp>1300.458748</timestamp>
			</report>
			<report>
				<misses>4069001</misses>
				<total>16</total>
				<timestamp>1300.778526</timestamp>
			</report>
			<report>
				<misses>4070001</misses>
				<total>17</total>
				<timestamp>1301.098096</timestamp>
			</report>
			<report>
				<misses>4071001</misses>
				<total>17</total>
				<timestamp>1301.417823</timestamp>
			</report>
			<report>
				<misses>4072001</misses>
				<total>17</total>
				<timestamp>1301.737547</timestamp>
			</report>
			<report>
				<misses>4073001</misses>
				<total>17</total>
				<timestamp>1302.057159</timestamp>
			</report>
			<report>
				<misses>4074001</misses>
				<total>17</total>
				<timestamp>1302.376937</timestamp>
			</report>
			<report>
				<misses>4075001</misses>
				<total>17</total>
				<timestamp>1302.696487</timestamp>
			</report>
			<report>
				<misses>4076001</misses>
				<total>17</total>
				<timestamp>1303.016227</timestamp>
			</report>
			<report>
				<misses>4077001</misses>
				<total>17</total>
				<timestamp>1303.335951</timestamp>
			</report>
			<report>
				<misses>4078001</misses>
				<total>17</total>
				<timestamp>1303.655591</timestamp>
			</report>
			<report>
				<misses>4079001</misses>
				<total>17</total>
				<timestamp>1303.975196</timestamp>
			</report>
			<report>
				<misses>4080001</misses>
				<total>17</total>
				<timestamp>1304.294932</timestamp>
			</report>
			<report>
				<misses>4081001</misses>
				<total>17</total>
				<timestamp>1304.614696</timestamp>
			</report>
			<report>
				<misses>4082001</misses>
				<total>17</total>
				<timestamp>1304.934279</timestamp>
			</report>
			<report>
				<misses>4083001</misses>
				<total>17</total>
				<timestamp>1305.254120</timestamp>
			</report>
			<report>
				<misses>4084001</misses>
				<total>17</total>
				<timestamp>1305.573703</timestamp>
			</report>
			<report>
				<misses>4085001</misses>
				<total>17</total>
				<timestamp>1305.893337</timestamp>
			</report>
			<report>
				<misses>4086001</misses>
				<total>17</total>
				<timestamp>1306.213004</timestamp>
			</report>
			<report>
				<misses>4087001</misses>
				<total>17</total>
				<timestamp>1306.532638</timestamp>
			</report>
			<report>
				<misses>4088001</misses>
				<total>17</total>
				<timestamp>1306.852462</timestamp>
			</report>
			<report>
				<misses>4089001</misses>
				<total>17</total>
				<timestamp>1307.172041</timestamp>
			</report>
			<report>
				<misses>4090001</misses>
				<total>17</total>
				<timestamp>1307.491723</timestamp>
			</report>
			<report>
				<misses>4091001</misses>
				<total>17</total>
				<timestamp>1307.811400</timestamp>
			</report>
			<report>
				<misses>4092001</misses>
				<total>17</total>
				<timestamp>1308.131154</timestamp>
			</report>
			<report>
				<misses>4093001</misses>
				<total>16</total>
				<timestamp>1308.450825</timestamp>
			</report>
			<report>
				<misses>4094001</misses>
				<total>17</total>
				<timestamp>1308.770420</timestamp>
			</report>
			<report>
				<misses>4095001</misses>
				<total>17</total>
				<timestamp>1309.090140</timestamp>
			</report>
			<report>
				<misses>4096001</misses>
				<total>17</total>
				<timestamp>1309.409841</timestamp>
			</report>
			<report>
				<misses>4097001</misses>
				<total>17</total>
				<timestamp>1309.729455</timestamp>
			</report>
			<report>
				<misses>4098001</misses>
				<total>16</total>
				<timestamp>1310.049265</timestamp>
			</report>
			<report>
				<misses>4099001</misses>
				<total>17</total>
				<timestamp>1310.368860</timestamp>
			</report>
			<report>
				<misses>4100001</misses>
				<total>17</total>
				<timestamp>1310.688572</timestamp>
			</report>
			<report>
				<misses>4101001</misses>
				<total>17</total>
				<timestamp>1311.008172</timestamp>
			</report>
			<report>
				<misses>4102001</misses>
				<total>17</total>
				<timestamp>1311.327858</timestamp>
			</report>
			<report>
				<misses>4103001</misses>
				<total>17</total>
				<timestamp>1311.647583</timestamp>
			</report>
			<report>
				<misses>4104001</misses>
				<total>16</total>
				<timestamp>1311.967318</timestamp>
			</report>
			<report>
				<misses>4105001</misses>
				<total>17</total>
				<timestamp>1312.286957</timestamp>
			</report>
			<report>
				<misses>4106001</misses>
				<total>17</total>
				<timestamp>1312.606569</timestamp>
			</report>
			<report>
				<misses>4107001</misses>
				<total>17</total>
				<timestamp>1312.926335</timestamp>
			</report>
			<report>
				<misses>4108001</misses>
				<total>17</total>
				<timestamp>1313.245951</timestamp>
			</report>
			<report>
				<misses>4109001</misses>
				<total>17</total>
				<timestamp>1313.565617</timestamp>
			</report>
			<report>
				<misses>4110001</misses>
				<total>17</total>
				<timestamp>1313.885303</timestamp>
			</report>
			<report>
				<misses>4111001</misses>
				<total>17</total>
				<timestamp>1314.205024</timestamp>
			</report>
			<report>
				<misses>4112001</misses>
				<total>17</total>
				<timestamp>1314.524648</timestamp>
			</report>
			<report>
				<misses>4113001</misses>
				<total>17</total>
				<timestamp>1314.844367</timestamp>
			</report>
			<report>
				<misses>4114001</misses>
				<total>17</total>
				<timestamp>1315.164165</timestamp>
			</report>
			<report>
				<misses>4115001</misses>
				<total>17</total>
				<timestamp>1315.483827</timestamp>
			</report>
			<report>
				<misses>4116001</misses>
				<total>17</total>
				<timestamp>1315.803364</timestamp>
			</report>
			<report>
				<misses>4117001</misses>
				<total>17</total>
				<timestamp>1316.123117</timestamp>
			</report>
			<report>
				<misses>4118001</misses>
				<total>17</total>
				<timestamp>1316.442834</timestamp>
			</report>
			<report>
				<misses>4119001</misses>
				<total>17</total>
				<timestamp>1316.762567</timestamp>
			</report>
			<report>
				<misses>4120001</misses>
				<total>17</total>
				<timestamp>1317.082130</timestamp>
			</report>
			<report>
				<misses>4121001</misses>
				<total>17</total>
				<timestamp>1317.401836</timestamp>
			</report>
			<report>
				<misses>4122001</misses>
				<total>17</total>
				<timestamp>1317.721464</timestamp>
			</report>
			<report>
				<misses>4123001</misses>
				<total>17</total>
				<timestamp>1318.041165</timestamp>
			</report>
			<report>
				<misses>4124001</misses>
				<total>17</total>
				<timestamp>1318.360829</timestamp>
			</report>
			<report>
				<misses>4125001</misses>
				<total>17</total>
				<timestamp>1318.680565</timestamp>
			</report>
			<report>
				<misses>4126001</misses>
				<total>17</total>
				<timestamp>1319.000212</timestamp>
			</report>
			<report>
				<misses>4127001</misses>
				<total>17</total>
				<timestamp>1319.319964</timestamp>
			</report>
			<report>
				<misses>4128001</misses>
				<total>17</total>
				<timestamp>1319.639597</timestamp>
			</report>
			<report>
				<misses>4129001</misses>
				<total>17</total>
				<timestamp>1319.959297</timestamp>
			</report>
			<report>
				<misses>4130001</misses>
				<total>17</total>
				<timestamp>1320.278960</timestamp>
			</report>
			<report>
				<misses>4131001</misses>
				<total>17</total>
				<timestamp>1320.598706</timestamp>
			</report>
			<report>
				<misses>4132001</misses>
				<total>17</total>
				<timestamp>1320.918286</timestamp>
			</report>
			<report>
				<misses>4133001</misses>
				<total>17</total>
				<timestamp>1321.237992</timestamp>
			</report>
			<report>
				<misses>4134001</misses>
				<total>17</total>
				<timestamp>1321.557638</timestamp>
			</report>
			<report>
				<misses>4135001</misses>
				<total>17</total>
				<timestamp>1321.877329</timestamp>
			</report>
			<report>
				<misses>4136001</misses>
				<total>16</total>
				<timestamp>1322.197061</timestamp>
			</report>
			<report>
				<misses>4137001</misses>
				<total>17</total>
				<timestamp>1322.516704</timestamp>
			</report>
			<report>
				<misses>4138001</misses>
				<total>17</total>
				<timestamp>1322.836389</timestamp>
			</report>
			<report>
				<misses>4139001</misses>
				<total>17</total>
				<timestamp>1323.156068</timestamp>
			</report>
			<report>
				<misses>4140001</misses>
				<total>16</total>
				<timestamp>1323.475831</timestamp>
			</report>
			<report>
				<misses>4141001</misses>
				<total>17</total>
				<timestamp>1323.795382</timestamp>
			</report>
			<report>
				<misses>4142001</misses>
				<total>17</total>
				<timestamp>1324.115100</timestamp>
			</report>
			<report>
				<misses>4143001</misses>
				<total>17</total>
				<timestamp>1324.434832</timestamp>
			</report>
			<report>
				<misses>4144001</misses>
				<total>17</total>
				<timestamp>1324.754425</timestamp>
			</report>
			<report>
				<misses>4145001</misses>
				<total>17</total>
				<timestamp>1325.074109</timestamp>
			</report>
			<report>
				<misses>4146001</misses>
				<total>17</total>
				<timestamp>1325.393756</timestamp>
			</report>
			<report>
				<misses>4147001</misses>
				<total>17</total>
				<timestamp>1325.713574</timestamp>
			</report>
			<report>
				<misses>4148001</misses>
				<total>17</total>
				<timestamp>1326.033172</timestamp>
			</report>
			<report>
				<misses>4149001</misses>
				<total>17</total>
				<timestamp>1326.352826</timestamp>
			</report>
			<report>
				<misses>4150001</misses>
				<total>17</total>
				<timestamp>1326.672584</timestamp>
			</report>
			<report>
				<misses>4151001</misses>
				<total>17</total>
				<timestamp>1326.992202</timestamp>
			</report>
			<report>
				<misses>4152001</misses>
				<total>17</total>
				<timestamp>1327.311946</timestamp>
			</report>
			<report>
				<misses>4153001</misses>
				<total>17</total>
				<timestamp>1327.631590</timestamp>
			</report>
			<report>
				<misses>4154001</misses>
				<total>17</total>
				<timestamp>1327.951248</timestamp>
			</report>
			<report>
				<misses>4155001</misses>
				<total>17</total>
				<timestamp>1328.270921</timestamp>
			</report>
			<report>
				<misses>4156001</misses>
				<total>17</total>
				<timestamp>1328.590724</timestamp>
			</report>
			<report>
				<misses>4157001</misses>
				<total>17</total>
				<timestamp>1328.910241</timestamp>
			</report>
			<report>
				<misses>4158001</misses>
				<total>17</total>
				<timestamp>1329.229955</timestamp>
			</report>
			<report>
				<misses>4159001</misses>
				<total>17</total>
				<timestamp>1329.549717</timestamp>
			</report>
			<report>
				<misses>4160001</misses>
				<total>17</total>
				<timestamp>1329.869292</timestamp>
			</report>
			<report>
				<misses>4161001</misses>
				<total>16</total>
				<timestamp>1330.189101</timestamp>
			</report>
			<report>
				<misses>4162001</misses>
				<total>17</total>
				<timestamp>1330.508693</timestamp>
			</report>
			<report>
				<misses>4163001</misses>
				<total>17</total>
				<timestamp>1330.828332</timestamp>
			</report>
			<report>
				<misses>4164001</misses>
				<total>17</total>
				<timestamp>1331.148048</timestamp>
			</report>
			<report>
				<misses>4165001</misses>
				<total>16</total>
				<timestamp>1331.467845</timestamp>
			</report>
			<report>
				<misses>4166001</misses>
				<total>16</total>
				<timestamp>1331.787572</timestamp>
			</report>
			<report>
				<misses>4167001</misses>
				<total>17</total>
				<timestamp>1332.107068</timestamp>
			</report>
			<report>
				<misses>4168001</misses>
				<total>17</total>
				<timestamp>1332.426852</timestamp>
			</report>
			<report>
				<misses>4169001</misses>
				<total>17</total>
				<timestamp>1332.746436</timestamp>
			</report>
			<report>
				<misses>4170001</misses>
				<total>17</total>
				<timestamp>1333.066120</timestamp>
			</report>
			<report>
				<misses>4171001</misses>
				<total>17</total>
				<timestamp>1333.385942</timestamp>
			</report>
			<report>
				<misses>4172001</misses>
				<total>17</total>
				<timestamp>1333.705458</timestamp>
			</report>
			<report>
				<misses>4173001</misses>
				<total>17</total>
				<timestamp>1334.025137</timestamp>
			</report>
			<report>
				<misses>4174001</misses>
				<total>16</total>
				<timestamp>1334.345015</timestamp>
			</report>
			<report>
				<misses>4175001</misses>
				<total>17</total>
				<timestamp>1334.664498</timestamp>
			</report>
			<report>
				<misses>4176001</misses>
				<total>16</total>
				<timestamp>1334.984255</timestamp>
			</report>
			<report>
				<misses>4177001</misses>
				<total>17</total>
				<timestamp>1335.303866</timestamp>
			</report>
			<report>
				<misses>4178001</misses>
				<total>17</total>
				<timestamp>1335.623575</timestamp>
			</report>
			<report>
				<misses>4179001</misses>
				<total>17</total>
				<timestamp>1335.943209</timestamp>
			</report>
			<report>
				<misses>4180001</misses>
				<total>16</total>
				<timestamp>1336.262985</timestamp>
			</report>
			<report>
				<misses>4181001</misses>
				<total>16</total>
				<timestamp>1336.582660</timestamp>
			</report>
			<report>
				<misses>4182001</misses>
				<total>17</total>
				<timestamp>1336.902328</timestamp>
			</report>
			<report>
				<misses>4183001</misses>
				<total>17</total>
				<timestamp>1337.222012</timestamp>
			</report>
			<report>
				<misses>4184001</misses>
				<total>17</total>
				<timestamp>1337.541690</timestamp>
			</report>
			<report>
				<misses>4185001</misses>
				<total>17</total>
				<timestamp>1337.861329</timestamp>
			</report>
			<report>
				<misses>4186001</misses>
				<total>17</total>
				<timestamp>1338.180981</timestamp>
			</report>
			<report>
				<misses>4187001</misses>
				<total>17</total>
				<timestamp>1338.500757</timestamp>
			</report>
			<report>
				<misses>4188001</misses>
				<total>17</total>
				<timestamp>1338.820320</timestamp>
			</report>
			<report>
				<misses>4189001</misses>
				<total>17</total>
				<timestamp>1339.140011</timestamp>
			</report>
			<report>
				<misses>4190001</misses>
				<total>17</total>
				<timestamp>1339.459828</timestamp>
			</report>
			<report>
				<misses>4191001</misses>
				<total>17</total>
				<timestamp>1339.779377</timestamp>
			</report>
			<report>
				<misses>4192001</misses>
				<total>17</total>
				<timestamp>1340.099154</timestamp>
			</report>
			<report>
				<misses>4193001</misses>
				<total>16</total>
				<timestamp>1340.418869</timestamp>
			</report>
			<report>
				<misses>4194001</misses>
				<total>17</total>
				<timestamp>1340.738487</timestamp>
			</report>
			<report>
				<misses>4195001</misses>
				<total>16</total>
				<timestamp>1341.058183</timestamp>
			</report>
			<report>
				<misses>4196001</misses>
				<total>17</total>
				<timestamp>1341.377894</timestamp>
			</report>
			<report>
				<misses>4197001</misses>
				<total>17</total>
				<timestamp>1341.697496</timestamp>
			</report>
			<report>
				<misses>4198001</misses>
				<total>16</total>
				<timestamp>1342.017219</timestamp>
			</report>
			<report>
				<misses>4199001</misses>
				<total>17</total>
				<timestamp>1342.336940</timestamp>
			</report>
			<report>
				<misses>4200001</misses>
				<total>17</total>
				<timestamp>1342.656582</timestamp>
			</report>
			<report>
				<misses>4201001</misses>
				<total>17</total>
				<timestamp>1342.976231</timestamp>
			</report>
			<report>
				<misses>4202001</misses>
				<total>17</total>
				<timestamp>1343.295962</timestamp>
			</report>
			<report>
				<misses>4203001</misses>
				<total>17</total>
				<timestamp>1343.615552</timestamp>
			</report>
			<report>
				<misses>4204001</misses>
				<total>17</total>
				<timestamp>1343.935220</timestamp>
			</report>
			<report>
				<misses>4205001</misses>
				<total>17</total>
				<timestamp>1344.254964</timestamp>
			</report>
			<report>
				<misses>4206001</misses>
				<total>17</total>
				<timestamp>1344.574575</timestamp>
			</report>
			<report>
				<misses>4207001</misses>
				<total>17</total>
				<timestamp>1344.894252</timestamp>
			</report>
			<report>
				<misses>4208001</misses>
				<total>16</total>
				<timestamp>1345.214021</timestamp>
			</report>
			<report>
				<misses>4209001</misses>
				<total>17</total>
				<timestamp>1345.533600</timestamp>
			</report>
			<report>
				<misses>4210001</misses>
				<total>17</total>
				<timestamp>1345.853292</timestamp>
			</report>
			<report>
				<misses>4211001</misses>
				<total>17</total>
				<timestamp>1346.172984</timestamp>
			</report>
			<report>
				<misses>4212001</misses>
				<total>17</total>
				<timestamp>1346.492776</timestamp>
			</report>
			<report>
				<misses>4213001</misses>
				<total>17</total>
				<timestamp>1346.812365</timestamp>
			</report>
			<report>
				<misses>4214001</misses>
				<total>17</total>
				<timestamp>1347.132149</timestamp>
			</report>
			<report>
				<misses>4215001</misses>
				<total>17</total>
				<timestamp>1347.451710</timestamp>
			</report>
			<report>
				<misses>4216001</misses>
				<total>17</total>
				<timestamp>1347.771358</timestamp>
			</report>
			<report>
				<misses>4217001</misses>
				<total>17</total>
				<timestamp>1348.091064</timestamp>
			</report>
			<report>
				<misses>4218001</misses>
				<total>17</total>
				<timestamp>1348.410776</timestamp>
			</report>
			<report>
				<misses>4219001</misses>
				<total>17</total>
				<timestamp>1348.730405</timestamp>
			</report>
			<report>
				<misses>4220001</misses>
				<total>17</total>
				<timestamp>1349.050089</timestamp>
			</report>
			<report>
				<misses>4221001</misses>
				<total>16</total>
				<timestamp>1349.369943</timestamp>
			</report>
			<report>
				<misses>4222001</misses>
				<total>17</total>
				<timestamp>1349.689506</timestamp>
			</report>
			<report>
				<misses>4223001</misses>
				<total>17</total>
				<timestamp>1350.009225</timestamp>
			</report>
			<report>
				<misses>4224001</misses>
				<total>17</total>
				<timestamp>1350.328896</timestamp>
			</report>
			<report>
				<misses>4225001</misses>
				<total>17</total>
				<timestamp>1350.648568</timestamp>
			</report>
			<report>
				<misses>4226001</misses>
				<total>17</total>
				<timestamp>1350.968160</timestamp>
			</report>
			<report>
				<misses>4227001</misses>
				<total>17</total>
				<timestamp>1351.287950</timestamp>
			</report>
			<report>
				<misses>4228001</misses>
				<total>17</total>
				<timestamp>1351.607622</timestamp>
			</report>
			<report>
				<misses>4229001</misses>
				<total>17</total>
				<timestamp>1351.927214</timestamp>
			</report>
			<report>
				<misses>4230001</misses>
				<total>17</total>
				<timestamp>1352.246920</timestamp>
			</report>
			<report>
				<misses>4231001</misses>
				<total>17</total>
				<timestamp>1352.566688</timestamp>
			</report>
			<report>
				<misses>4232001</misses>
				<total>17</total>
				<timestamp>1352.886332</timestamp>
			</report>
			<report>
				<misses>4233001</misses>
				<total>17</total>
				<timestamp>1353.205963</timestamp>
			</report>
			<report>
				<misses>4234001</misses>
				<total>17</total>
				<timestamp>1353.525701</timestamp>
			</report>
			<report>
				<misses>4235001</misses>
				<total>16</total>
				<timestamp>1353.845412</timestamp>
			</report>
			<report>
				<misses>4236001</misses>
				<total>17</total>
				<timestamp>1354.164985</timestamp>
			</report>
			<report>
				<misses>4237001</misses>
				<total>16</total>
				<timestamp>1354.484817</timestamp>
			</report>
			<report>
				<misses>4238001</misses>
				<total>17</total>
				<timestamp>1354.804366</timestamp>
			</report>
			<report>
				<misses>4239001</misses>
				<total>17</total>
				<timestamp>1355.124039</timestamp>
			</report>
			<report>
				<misses>4240001</misses>
				<total>17</total>
				<timestamp>1355.443693</timestamp>
			</report>
			<report>
				<misses>4241001</misses>
				<total>17</total>
				<timestamp>1355.763353</timestamp>
			</report>
			<report>
				<misses>4242001</misses>
				<total>17</total>
				<timestamp>1356.083079</timestamp>
			</report>
			<report>
				<misses>4243001</misses>
				<total>17</total>
				<timestamp>1356.402766</timestamp>
			</report>
			<report>
				<misses>4244001</misses>
				<total>17</total>
				<timestamp>1356.722418</timestamp>
			</report>
			<report>
				<misses>4245001</misses>
				<total>17</total>
				<timestamp>1357.042081</timestamp>
			</report>
			<report>
				<misses>4246001</misses>
				<total>17</total>
				<timestamp>1357.361833</timestamp>
			</report>
			<report>
				<misses>4247001</misses>
				<total>17</total>
				<timestamp>1357.681473</timestamp>
			</report>
			<report>
				<misses>4248001</misses>
				<total>17</total>
				<timestamp>1358.001140</timestamp>
			</report>
			<report>
				<misses>4249001</misses>
				<total>17</total>
				<timestamp>1358.320896</timestamp>
			</report>
			<report>
				<misses>4250001</misses>
				<total>17</total>
				<timestamp>1358.640569</timestamp>
			</report>
			<report>
				<misses>4251001</misses>
				<total>16</total>
				<timestamp>1358.960291</timestamp>
			</report>
			<report>
				<misses>4252001</misses>
				<total>17</total>
				<timestamp>1359.279888</timestamp>
			</report>
			<report>
				<misses>4253001</misses>
				<total>17</total>
				<timestamp>1359.599534</timestamp>
			</report>
			<report>
				<misses>4254001</misses>
				<total>17</total>
				<timestamp>1359.919204</timestamp>
			</report>
			<report>
				<misses>4255001</misses>
				<total>17</total>
				<timestamp>1360.238942</timestamp>
			</report>
			<report>
				<misses>4256001</misses>
				<total>17</total>
				<timestamp>1360.558672</timestamp>
			</report>
			<report>
				<misses>4257001</misses>
				<total>17</total>
				<timestamp>1360.878272</timestamp>
			</report>
			<report>
				<misses>4258001</misses>
				<total>17</total>
				<timestamp>1361.197989</timestamp>
			</report>
			<report>
				<misses>4259001</misses>
				<total>17</total>
				<timestamp>1361.517613</timestamp>
			</report>
			<report>
				<misses>4260001</misses>
				<total>17</total>
				<timestamp>1361.837307</timestamp>
			</report>
			<report>
				<misses>4261001</misses>
				<total>17</total>
				<timestamp>1362.157043</timestamp>
			</report>
			<report>
				<misses>4262001</misses>
				<total>17</total>
				<timestamp>1362.476725</timestamp>
			</report>
			<report>
				<misses>4263001</misses>
				<total>17</total>
				<timestamp>1362.796427</timestamp>
			</report>
			<report>
				<misses>4264001</misses>
				<total>17</total>
				<timestamp>1363.116078</timestamp>
			</report>
			<report>
				<misses>4265001</misses>
				<total>17</total>
				<timestamp>1363.435849</timestamp>
			</report>
			<report>
				<misses>4266001</misses>
				<total>17</total>
				<timestamp>1363.755432</timestamp>
			</report>
			<report>
				<misses>4267001</misses>
				<total>17</total>
				<timestamp>1364.075092</timestamp>
			</report>
			<report>
				<misses>4268001</misses>
				<total>17</total>
				<timestamp>1364.394833</timestamp>
			</report>
			<report>
				<misses>4269001</misses>
				<total>17</total>
				<timestamp>1364.714430</timestamp>
			</report>
			<report>
				<misses>4270001</misses>
				<total>17</total>
				<timestamp>1365.034079</timestamp>
			</report>
			<report>
				<misses>4271001</misses>
				<total>17</total>
				<timestamp>1365.353921</timestamp>
			</report>
			<report>
				<misses>4272001</misses>
				<total>17</total>
				<timestamp>1365.673586</timestamp>
			</report>
			<report>
				<misses>4273001</misses>
				<total>17</total>
				<timestamp>1365.993113</timestamp>
			</report>
			<report>
				<misses>4274001</misses>
				<total>17</total>
				<timestamp>1366.312951</timestamp>
			</report>
			<report>
				<misses>4275001</misses>
				<total>17</total>
				<timestamp>1366.632573</timestamp>
			</report>
			<report>
				<misses>4276001</misses>
				<total>17</total>
				<timestamp>1366.952166</timestamp>
			</report>
			<report>
				<misses>4277001</misses>
				<total>16</total>
				<timestamp>1367.271978</timestamp>
			</report>
			<report>
				<misses>4278001</misses>
				<total>17</total>
				<timestamp>1367.591576</timestamp>
			</report>
			<report>
				<misses>4279001</misses>
				<total>17</total>
				<timestamp>1367.911216</timestamp>
			</report>
			<report>
				<misses>4280001</misses>
				<total>17</total>
				<timestamp>1368.230933</timestamp>
			</report>
			<report>
				<misses>4281001</misses>
				<total>17</total>
				<timestamp>1368.550656</timestamp>
			</report>
			<report>
				<misses>4282001</misses>
				<total>16</total>
				<timestamp>1368.870362</timestamp>
			</report>
			<report>
				<misses>4283001</misses>
				<total>17</total>
				<timestamp>1369.189979</timestamp>
			</report>
			<report>
				<misses>4284001</misses>
				<total>17</total>
				<timestamp>1369.509607</timestamp>
			</report>
			<report>
				<misses>4285001</misses>
				<total>17</total>
				<timestamp>1369.829367</timestamp>
			</report>
			<report>
				<misses>4286001</misses>
				<total>16</total>
				<timestamp>1370.149071</timestamp>
			</report>
			<report>
				<misses>4287001</misses>
				<total>17</total>
				<timestamp>1370.468740</timestamp>
			</report>
			<report>
				<misses>4288001</misses>
				<total>17</total>
				<timestamp>1370.788338</timestamp>
			</report>
			<report>
				<misses>4289001</misses>
				<total>17</total>
				<timestamp>1371.108058</timestamp>
			</report>
			<report>
				<misses>4290001</misses>
				<total>17</total>
				<timestamp>1371.427737</timestamp>
			</report>
			<report>
				<misses>4291001</misses>
				<total>17</total>
				<timestamp>1371.747399</timestamp>
			</report>
			<report>
				<misses>4292001</misses>
				<total>17</total>
				<timestamp>1372.067108</timestamp>
			</report>
			<report>
				<misses>4293001</misses>
				<total>17</total>
				<timestamp>1372.386825</timestamp>
			</report>
			<report>
				<misses>4294001</misses>
				<total>17</total>
				<timestamp>1372.706408</timestamp>
			</report>
			<report>
				<misses>4295001</misses>
				<total>17</total>
				<timestamp>1373.026166</timestamp>
			</report>
			<report>
				<misses>4296001</misses>
				<total>17</total>
				<timestamp>1373.345834</timestamp>
			</report>
			<report>
				<misses>4297001</misses>
				<total>17</total>
				<timestamp>1373.665432</timestamp>
			</report>
			<report>
				<misses>4298001</misses>
				<total>16</total>
				<timestamp>1373.985217</timestamp>
			</report>
			<report>
				<misses>4299001</misses>
				<total>16</total>
				<timestamp>1374.304909</timestamp>
			</report>
			<report>
				<misses>4300001</misses>
				<total>17</total>
				<timestamp>1374.624538</timestamp>
			</report>
			<report>
				<misses>4301001</misses>
				<total>17</total>
				<timestamp>1374.944204</timestamp>
			</report>
			<report>
				<misses>4302001</misses>
				<total>17</total>
				<timestamp>1375.263899</timestamp>
			</report>
			<report>
				<misses>4303001</misses>
				<total>17</total>
				<timestamp>1375.583563</timestamp>
			</report>
			<report>
				<misses>4304001</misses>
				<total>17</total>
				<timestamp>1375.903194</timestamp>
			</report>
			<report>
				<misses>4305001</misses>
				<total>16</total>
				<timestamp>1376.222989</timestamp>
			</report>
			<report>
				<misses>4306001</misses>
				<total>17</total>
				<timestamp>1376.542577</timestamp>
			</report>
			<report>
				<misses>4307001</misses>
				<total>17</total>
				<timestamp>1376.862300</timestamp>
			</report>
			<report>
				<misses>4308001</misses>
				<total>17</total>
				<timestamp>1377.181970</timestamp>
			</report>
			<report>
				<misses>4309001</misses>
				<total>17</total>
				<timestamp>1377.501723</timestamp>
			</report>
			<report>
				<misses>4310001</misses>
				<total>17</total>
				<timestamp>1377.821338</timestamp>
			</report>
			<report>
				<misses>4311001</misses>
				<total>17</total>
				<timestamp>1378.140992</timestamp>
			</report>
			<report>
				<misses>4312001</misses>
				<total>17</total>
				<timestamp>1378.460717</timestamp>
			</report>
			<report>
				<misses>4313001</misses>
				<total>17</total>
				<timestamp>1378.780399</timestamp>
			</report>
			<report>
				<misses>4314001</misses>
				<total>17</total>
				<timestamp>1379.100143</timestamp>
			</report>
			<report>
				<misses>4315001</misses>
				<total>17</total>
				<timestamp>1379.419773</timestamp>
			</report>
			<report>
				<misses>4316001</misses>
				<total>17</total>
				<timestamp>1379.739398</timestamp>
			</report>
			<report>
				<misses>4317001</misses>
				<total>17</total>
				<timestamp>1380.059084</timestamp>
			</report>
			<report>
				<misses>4318001</misses>
				<total>17</total>
				<timestamp>1380.378789</timestamp>
			</report>
			<report>
				<misses>4319001</misses>
				<total>17</total>
				<timestamp>1380.698411</timestamp>
			</report>
			<report>
				<misses>4320001</misses>
				<total>17</total>
				<timestamp>1381.018149</timestamp>
			</report>
			<report>
				<misses>4321001</misses>
				<total>17</total>
				<timestamp>1381.337835</timestamp>
			</report>
			<report>
				<misses>4322001</misses>
				<total>17</total>
				<timestamp>1381.657566</timestamp>
			</report>
			<report>
				<misses>4323001</misses>
				<total>17</total>
				<timestamp>1381.977192</timestamp>
			</report>
			<report>
				<misses>4324001</misses>
				<total>17</total>
				<timestamp>1382.296950</timestamp>
			</report>
			<report>
				<misses>4325001</misses>
				<total>17</total>
				<timestamp>1382.616583</timestamp>
			</report>
			<report>
				<misses>4326001</misses>
				<total>17</total>
				<timestamp>1382.936219</timestamp>
			</report>
			<report>
				<misses>4327001</misses>
				<total>17</total>
				<timestamp>1383.255980</timestamp>
			</report>
			<report>
				<misses>4328001</misses>
				<total>17</total>
				<timestamp>1383.575620</timestamp>
			</report>
			<report>
				<misses>4329001</misses>
				<total>17</total>
				<timestamp>1383.895205</timestamp>
			</report>
			<report>
				<misses>4330001</misses>
				<total>17</total>
				<timestamp>1384.214951</timestamp>
			</report>
			<report>
				<misses>4331001</misses>
				<total>17</total>
				<timestamp>1384.534587</timestamp>
			</report>
			<report>
				<misses>4332001</misses>
				<total>17</total>
				<timestamp>1384.854241</timestamp>
			</report>
			<report>
				<misses>4333001</misses>
				<total>17</total>
				<timestamp>1385.173988</timestamp>
			</report>
			<report>
				<misses>4334001</misses>
				<total>17</total>
				<timestamp>1385.493621</timestamp>
			</report>
			<report>
				<misses>4335001</misses>
				<total>17</total>
				<timestamp>1385.813291</timestamp>
			</report>
			<report>
				<misses>4336001</misses>
				<total>17</total>
				<timestamp>1386.133010</timestamp>
			</report>
			<report>
				<misses>4337001</misses>
				<total>17</total>
				<timestamp>1386.452717</timestamp>
			</report>
			<report>
				<misses>4338001</misses>
				<total>17</total>
				<timestamp>1386.772321</timestamp>
			</report>
			<report>
				<misses>4339001</misses>
				<total>17</total>
				<timestamp>1387.092025</timestamp>
			</report>
			<report>
				<misses>4340001</misses>
				<total>17</total>
				<timestamp>1387.411814</timestamp>
			</report>
			<report>
				<misses>4341001</misses>
				<total>17</total>
				<timestamp>1387.731445</timestamp>
			</report>
			<report>
				<misses>4342001</misses>
				<total>17</total>
				<timestamp>1388.051124</timestamp>
			</report>
			<report>
				<misses>4343001</misses>
				<total>17</total>
				<timestamp>1388.370761</timestamp>
			</report>
			<report>
				<misses>4344001</misses>
				<total>17</total>
				<timestamp>1388.690534</timestamp>
			</report>
			<report>
				<misses>4345001</misses>
				<total>17</total>
				<timestamp>1389.010203</timestamp>
			</report>
			<report>
				<misses>4346001</misses>
				<total>17</total>
				<timestamp>1389.329784</timestamp>
			</report>
			<report>
				<misses>4347001</misses>
				<total>17</total>
				<timestamp>1389.649575</timestamp>
			</report>
			<report>
				<misses>4348001</misses>
				<total>17</total>
				<timestamp>1389.969187</timestamp>
			</report>
			<report>
				<misses>4349001</misses>
				<total>17</total>
				<timestamp>1390.288832</timestamp>
			</report>
			<report>
				<misses>4350001</misses>
				<total>17</total>
				<timestamp>1390.608665</timestamp>
			</report>
			<report>
				<misses>4351001</misses>
				<total>16</total>
				<timestamp>1390.928262</timestamp>
			</report>
			<report>
				<misses>4352001</misses>
				<total>17</total>
				<timestamp>1391.247885</timestamp>
			</report>
			<report>
				<misses>4353001</misses>
				<total>17</total>
				<timestamp>1391.567648</timestamp>
			</report>
			<report>
				<misses>4354001</misses>
				<total>17</total>
				<timestamp>1391.887272</timestamp>
			</report>
			<report>
				<misses>4355001</misses>
				<total>17</total>
				<timestamp>1392.206944</timestamp>
			</report>
			<report>
				<misses>4356001</misses>
				<total>17</total>
				<timestamp>1392.526587</timestamp>
			</report>
			<report>
				<misses>4357001</misses>
				<total>17</total>
				<timestamp>1392.846251</timestamp>
			</report>
			<report>
				<misses>4358001</misses>
				<total>17</total>
				<timestamp>1393.166022</timestamp>
			</report>
			<report>
				<misses>4359001</misses>
				<total>17</total>
				<timestamp>1393.485657</timestamp>
			</report>
			<report>
				<misses>4360001</misses>
				<total>17</total>
				<timestamp>1393.805286</timestamp>
			</report>
			<report>
				<misses>4361001</misses>
				<total>16</total>
				<timestamp>1394.125074</timestamp>
			</report>
			<report>
				<misses>4362001</misses>
				<total>17</total>
				<timestamp>1394.444822</timestamp>
			</report>
			<report>
				<misses>4363001</misses>
				<total>17</total>
				<timestamp>1394.764332</timestamp>
			</report>
			<report>
				<misses>4364001</misses>
				<total>17</total>
				<timestamp>1395.084017</timestamp>
			</report>
			<report>
				<misses>4365001</misses>
				<total>17</total>
				<timestamp>1395.403706</timestamp>
			</report>
			<report>
				<misses>4366001</misses>
				<total>17</total>
				<timestamp>1395.723456</timestamp>
			</report>
			<report>
				<misses>4367001</misses>
				<total>17</total>
				<timestamp>1396.043053</timestamp>
			</report>
			<report>
				<misses>4368001</misses>
				<total>17</total>
				<timestamp>1396.362828</timestamp>
			</report>
			<report>
				<misses>4369001</misses>
				<total>17</total>
				<timestamp>1396.682477</timestamp>
			</report>
			<report>
				<misses>4370001</misses>
				<total>17</total>
				<timestamp>1397.002122</timestamp>
			</report>
			<report>
				<misses>4371001</misses>
				<total>17</total>
				<timestamp>1397.321777</timestamp>
			</report>
			<report>
				<misses>4372001</misses>
				<total>17</total>
				<timestamp>1397.641568</timestamp>
			</report>
			<report>
				<misses>4373001</misses>
				<total>17</total>
				<timestamp>1397.961144</timestamp>
			</report>
			<report>
				<misses>4374001</misses>
				<total>17</total>
				<timestamp>1398.280935</timestamp>
			</report>
			<report>
				<misses>4375001</misses>
				<total>17</total>
				<timestamp>1398.600511</timestamp>
			</report>
			<report>
				<misses>4376001</misses>
				<total>17</total>
				<timestamp>1398.920201</timestamp>
			</report>
			<report>
				<misses>4377001</misses>
				<total>16</total>
				<timestamp>1399.239982</timestamp>
			</report>
			<report>
				<misses>4378001</misses>
				<total>17</total>
				<timestamp>1399.559612</timestamp>
			</report>
			<report>
				<misses>4379001</misses>
				<total>16</total>
				<timestamp>1399.879423</timestamp>
			</report>
			<report>
				<misses>4380001</misses>
				<total>17</total>
				<timestamp>1400.198916</timestamp>
			</report>
			<report>
				<misses>4381001</misses>
				<total>17</total>
				<timestamp>1400.518619</timestamp>
			</report>
			<report>
				<misses>4382001</misses>
				<total>17</total>
				<timestamp>1400.838322</timestamp>
			</report>
			<report>
				<misses>4383001</misses>
				<total>17</total>
				<timestamp>1401.157926</timestamp>
			</report>
			<report>
				<misses>4384001</misses>
				<total>17</total>
				<timestamp>1401.477628</timestamp>
			</report>
			<report>
				<misses>4385001</misses>
				<total>17</total>
				<timestamp>1401.797302</timestamp>
			</report>
			<report>
				<misses>4386001</misses>
				<total>17</total>
				<timestamp>1402.117167</timestamp>
			</report>
			<report>
				<misses>4387001</misses>
				<total>17</total>
				<timestamp>1402.436825</timestamp>
			</report>
			<report>
				<misses>4388001</misses>
				<total>17</total>
				<timestamp>1402.756331</timestamp>
			</report>
			<report>
				<misses>4389001</misses>
				<total>17</total>
				<timestamp>1403.076023</timestamp>
			</report>
			<report>
				<misses>4390001</misses>
				<total>17</total>
				<timestamp>1403.395874</timestamp>
			</report>
			<report>
				<misses>4391001</misses>
				<total>17</total>
				<timestamp>1403.715429</timestamp>
			</report>
			<report>
				<misses>4392001</misses>
				<total>17</total>
				<timestamp>1404.035048</timestamp>
			</report>
			<report>
				<misses>4393001</misses>
				<total>17</total>
				<timestamp>1404.354762</timestamp>
			</report>
			<report>
				<misses>4394001</misses>
				<total>17</total>
				<timestamp>1404.674519</timestamp>
			</report>
			<report>
				<misses>4395001</misses>
				<total>17</total>
				<timestamp>1404.994177</timestamp>
			</report>
			<report>
				<misses>4396001</misses>
				<total>16</total>
				<timestamp>1405.313950</timestamp>
			</report>
			<report>
				<misses>4397001</misses>
				<total>17</total>
				<timestamp>1405.633529</timestamp>
			</report>
			<report>
				<misses>4398001</misses>
				<total>17</total>
				<timestamp>1405.953188</timestamp>
			</report>
			<report>
				<misses>4399001</misses>
				<total>17</total>
				<timestamp>1406.272836</timestamp>
			</report>
			<report>
				<misses>4400001</misses>
				<total>17</total>
				<timestamp>1406.592583</timestamp>
			</report>
			<report>
				<misses>4401001</misses>
				<total>17</total>
				<timestamp>1406.912197</timestamp>
			</report>
			<report>
				<misses>4402001</misses>
				<total>16</total>
				<timestamp>1407.231951</timestamp>
			</report>
			<report>
				<misses>4403001</misses>
				<total>17</total>
				<timestamp>1407.551598</timestamp>
			</report>
			<report>
				<misses>4404001</misses>
				<total>17</total>
				<timestamp>1407.871246</timestamp>
			</report>
			<report>
				<misses>4405001</misses>
				<total>17</total>
				<timestamp>1408.190909</timestamp>
			</report>
			<report>
				<misses>4406001</misses>
				<total>17</total>
				<timestamp>1408.510597</timestamp>
			</report>
			<report>
				<misses>4407001</misses>
				<total>17</total>
				<timestamp>1408.830242</timestamp>
			</report>
			<report>
				<misses>4408001</misses>
				<total>17</total>
				<timestamp>1409.149954</timestamp>
			</report>
			<report>
				<misses>4409001</misses>
				<total>17</total>
				<timestamp>1409.469686</timestamp>
			</report>
			<report>
				<misses>4410001</misses>
				<total>17</total>
				<timestamp>1409.789318</timestamp>
			</report>
			<report>
				<misses>4411001</misses>
				<total>17</total>
				<timestamp>1410.109022</timestamp>
			</report>
			<report>
				<misses>4412001</misses>
				<total>17</total>
				<timestamp>1410.428706</timestamp>
			</report>
			<report>
				<misses>4413001</misses>
				<total>17</total>
				<timestamp>1410.748350</timestamp>
			</report>
			<report>
				<misses>4414001</misses>
				<total>16</total>
				<timestamp>1411.068108</timestamp>
			</report>
			<report>
				<misses>4415001</misses>
				<total>17</total>
				<timestamp>1411.387679</timestamp>
			</report>
			<report>
				<misses>4416001</misses>
				<total>17</total>
				<timestamp>1411.707403</timestamp>
			</report>
			<report>
				<misses>4417001</misses>
				<total>17</total>
				<timestamp>1412.027068</timestamp>
			</report>
			<report>
				<misses>4418001</misses>
				<total>17</total>
				<timestamp>1412.346758</timestamp>
			</report>
			<report>
				<misses>4419001</misses>
				<total>17</total>
				<timestamp>1412.666405</timestamp>
			</report>
			<report>
				<misses>4420001</misses>
				<total>17</total>
				<timestamp>1412.986117</timestamp>
			</report>
			<report>
				<misses>4421001</misses>
				<total>17</total>
				<timestamp>1413.305848</timestamp>
			</report>
			<report>
				<misses>4422001</misses>
				<total>17</total>
				<timestamp>1413.625481</timestamp>
			</report>
			<report>
				<misses>4423001</misses>
				<total>17</total>
				<timestamp>1413.945262</timestamp>
			</report>
			<report>
				<misses>4424001</misses>
				<total>17</total>
				<timestamp>1414.264820</timestamp>
			</report>
			<report>
				<misses>4425001</misses>
				<total>17</total>
				<timestamp>1414.584541</timestamp>
			</report>
			<report>
				<misses>4426001</misses>
				<total>17</total>
				<timestamp>1414.904235</timestamp>
			</report>
			<report>
				<misses>4427001</misses>
				<total>17</total>
				<timestamp>1415.223894</timestamp>
			</report>
			<report>
				<misses>4428001</misses>
				<total>17</total>
				<timestamp>1415.543528</timestamp>
			</report>
			<report>
				<misses>4429001</misses>
				<total>16</total>
				<timestamp>1415.863311</timestamp>
			</report>
			<report>
				<misses>4430001</misses>
				<total>17</total>
				<timestamp>1416.182968</timestamp>
			</report>
			<report>
				<misses>4431001</misses>
				<total>17</total>
				<timestamp>1416.502577</timestamp>
			</report>
			<report>
				<misses>4432001</misses>
				<total>17</total>
				<timestamp>1416.822259</timestamp>
			</report>
			<report>
				<misses>4433001</misses>
				<total>17</total>
				<timestamp>1417.142012</timestamp>
			</report>
			<report>
				<misses>4434001</misses>
				<total>17</total>
				<timestamp>1417.461675</timestamp>
			</report>
			<report>
				<misses>4435001</misses>
				<total>17</total>
				<timestamp>1417.781306</timestamp>
			</report>
			<report>
				<misses>4436001</misses>
				<total>17</total>
				<timestamp>1418.101073</timestamp>
			</report>
			<report>
				<misses>4437001</misses>
				<total>16</total>
				<timestamp>1418.420836</timestamp>
			</report>
			<report>
				<misses>4438001</misses>
				<total>17</total>
				<timestamp>1418.740407</timestamp>
			</report>
			<report>
				<misses>4439001</misses>
				<total>17</total>
				<timestamp>1419.060047</timestamp>
			</report>
			<report>
				<misses>4440001</misses>
				<total>17</total>
				<timestamp>1419.379701</timestamp>
			</report>
			<report>
				<misses>4441001</misses>
				<total>17</total>
				<timestamp>1419.699478</timestamp>
			</report>
			<report>
				<misses>4442001</misses>
				<total>17</total>
				<timestamp>1420.019110</timestamp>
			</report>
			<report>
				<misses>4443001</misses>
				<total>17</total>
				<timestamp>1420.338829</timestamp>
			</report>
			<report>
				<misses>4444001</misses>
				<total>17</total>
				<timestamp>1420.658437</timestamp>
			</report>
			<report>
				<misses>4445001</misses>
				<total>17</total>
				<timestamp>1420.978155</timestamp>
			</report>
			<report>
				<misses>4446001</misses>
				<total>17</total>
				<timestamp>1421.297819</timestamp>
			</report>
			<report>
				<misses>4447001</misses>
				<total>17</total>
				<timestamp>1421.617522</timestamp>
			</report>
			<report>
				<misses>4448001</misses>
				<total>17</total>
				<timestamp>1421.937180</timestamp>
			</report>
			<report>
				<misses>4449001</misses>
				<total>17</total>
				<timestamp>1422.256873</timestamp>
			</report>
			<report>
				<misses>4450001</misses>
				<total>17</total>
				<timestamp>1422.576565</timestamp>
			</report>
			<report>
				<misses>4451001</misses>
				<total>17</total>
				<timestamp>1422.896165</timestamp>
			</report>
			<report>
				<misses>4452001</misses>
				<total>17</total>
				<timestamp>1423.215877</timestamp>
			</report>
			<report>
				<misses>4453001</misses>
				<total>17</total>
				<timestamp>1423.535558</timestamp>
			</report>
			<report>
				<misses>4454001</misses>
				<total>17</total>
				<timestamp>1423.855279</timestamp>
			</report>
			<report>
				<misses>4455001</misses>
				<total>17</total>
				<timestamp>1424.174993</timestamp>
			</report>
			<report>
				<misses>4456001</misses>
				<total>17</total>
				<timestamp>1424.494708</timestamp>
			</report>
			<report>
				<misses>4457001</misses>
				<total>17</total>
				<timestamp>1424.814278</timestamp>
			</report>
			<report>
				<misses>4458001</misses>
				<total>17</total>
				<timestamp>1425.133986</timestamp>
			</report>
			<report>
				<misses>4459001</misses>
				<total>17</total>
				<timestamp>1425.453714</timestamp>
			</report>
			<report>
				<misses>4460001</misses>
				<total>17</total>
				<timestamp>1425.773314</timestamp>
			</report>
			<report>
				<misses>4461001</misses>
				<total>17</total>
				<timestamp>1426.093112</timestamp>
			</report>
			<report>
				<misses>4462001</misses>
				<total>17</total>
				<timestamp>1426.412643</timestamp>
			</report>
			<report>
				<misses>4463001</misses>
				<total>17</total>
				<timestamp>1426.732335</timestamp>
			</report>
			<report>
				<misses>4464001</misses>
				<total>17</total>
				<timestamp>1427.052204</timestamp>
			</report>
			<report>
				<misses>4465001</misses>
				<total>17</total>
				<timestamp>1427.371784</timestamp>
			</report>
			<report>
				<misses>4466001</misses>
				<total>17</total>
				<timestamp>1427.691435</timestamp>
			</report>
			<report>
				<misses>4467001</misses>
				<total>17</total>
				<timestamp>1428.011044</timestamp>
			</report>
			<report>
				<misses>4468001</misses>
				<total>17</total>
				<timestamp>1428.330769</timestamp>
			</report>
			<report>
				<misses>4469001</misses>
				<total>16</total>
				<timestamp>1428.650511</timestamp>
			</report>
			<report>
				<misses>4470001</misses>
				<total>17</total>
				<timestamp>1428.970190</timestamp>
			</report>
			<report>
				<misses>4471001</misses>
				<total>17</total>
				<timestamp>1429.289826</timestamp>
			</report>
			<report>
				<misses>4472001</misses>
				<total>17</total>
				<timestamp>1429.609531</timestamp>
			</report>
			<report>
				<misses>4473001</misses>
				<total>17</total>
				<timestamp>1429.929122</timestamp>
			</report>
			<report>
				<misses>4474001</misses>
				<total>17</total>
				<timestamp>1430.248963</timestamp>
			</report>
			<report>
				<misses>4475001</misses>
				<total>17</total>
				<timestamp>1430.568528</timestamp>
			</report>
			<report>
				<misses>4476001</misses>
				<total>17</total>
				<timestamp>1430.888223</timestamp>
			</report>
			<report>
				<misses>4477001</misses>
				<total>17</total>
				<timestamp>1431.208072</timestamp>
			</report>
			<report>
				<misses>4478001</misses>
				<total>17</total>
				<timestamp>1431.527569</timestamp>
			</report>
			<report>
				<misses>4479001</misses>
				<total>16</total>
				<timestamp>1431.847393</timestamp>
			</report>
			<report>
				<misses>4480001</misses>
				<total>17</total>
				<timestamp>1432.166945</timestamp>
			</report>
			<report>
				<misses>4481001</misses>
				<total>17</total>
				<timestamp>1432.486640</timestamp>
			</report>
			<report>
				<misses>4482001</misses>
				<total>17</total>
				<timestamp>1432.806326</timestamp>
			</report>
			<report>
				<misses>4483001</misses>
				<total>17</total>
				<timestamp>1433.125988</timestamp>
			</report>
			<report>
				<misses>4484001</misses>
				<total>17</total>
				<timestamp>1433.445699</timestamp>
			</report>
			<report>
				<misses>4485001</misses>
				<total>17</total>
				<timestamp>1433.765375</timestamp>
			</report>
			<report>
				<misses>4486001</misses>
				<total>16</total>
				<timestamp>1434.085113</timestamp>
			</report>
			<report>
				<misses>4487001</misses>
				<total>17</total>
				<timestamp>1434.404829</timestamp>
			</report>
			<report>
				<misses>4488001</misses>
				<total>17</total>
				<timestamp>1434.724354</timestamp>
			</report>
			<report>
				<misses>4489001</misses>
				<total>17</total>
				<timestamp>1435.044087</timestamp>
			</report>
			<report>
				<misses>4490001</misses>
				<total>17</total>
				<timestamp>1435.363686</timestamp>
			</report>
			<report>
				<misses>4491001</misses>
				<total>17</total>
				<timestamp>1435.683375</timestamp>
			</report>
			<report>
				<misses>4492001</misses>
				<total>17</total>
				<timestamp>1436.003063</timestamp>
			</report>
			<report>
				<misses>4493001</misses>
				<total>17</total>
				<timestamp>1436.322833</timestamp>
			</report>
			<report>
				<misses>4494001</misses>
				<total>17</total>
				<timestamp>1436.642591</timestamp>
			</report>
			<report>
				<misses>4495001</misses>
				<total>17</total>
				<timestamp>1436.962127</timestamp>
			</report>
			<report>
				<misses>4496001</misses>
				<total>16</total>
				<timestamp>1437.281929</timestamp>
			</report>
			<report>
				<misses>4497001</misses>
				<total>17</total>
				<timestamp>1437.601565</timestamp>
			</report>
			<report>
				<misses>4498001</misses>
				<total>17</total>
				<timestamp>1437.921185</timestamp>
			</report>
			<report>
				<misses>4499001</misses>
				<total>17</total>
				<timestamp>1438.240898</timestamp>
			</report>
			<report>
				<misses>4500001</misses>
				<total>17</total>
				<timestamp>1438.560558</timestamp>
			</report>
			<report>
				<misses>4501001</misses>
				<total>17</total>
				<timestamp>1438.880204</timestamp>
			</report>
			<report>
				<misses>4502001</misses>
				<total>17</total>
				<timestamp>1439.199937</timestamp>
			</report>
			<report>
				<misses>4503001</misses>
				<total>17</total>
				<timestamp>1439.519566</timestamp>
			</report>
			<report>
				<misses>4504001</misses>
				<total>17</total>
				<timestamp>1439.839196</timestamp>
			</report>
			<report>
				<misses>4505001</misses>
				<total>17</total>
				<timestamp>1440.158950</timestamp>
			</report>
			<report>
				<misses>4506001</misses>
				<total>17</total>
				<timestamp>1440.478729</timestamp>
			</report>
			<report>
				<misses>4507001</misses>
				<total>17</total>
				<timestamp>1440.798349</timestamp>
			</report>
			<report>
				<misses>4508001</misses>
				<total>17</total>
				<timestamp>1441.118023</timestamp>
			</report>
			<report>
				<misses>4509001</misses>
				<total>17</total>
				<timestamp>1441.437614</timestamp>
			</report>
			<report>
				<misses>4510001</misses>
				<total>17</total>
				<timestamp>1441.757361</timestamp>
			</report>
			<report>
				<misses>4511001</misses>
				<total>17</total>
				<timestamp>1442.076999</timestamp>
			</report>
			<report>
				<misses>4512001</misses>
				<total>17</total>
				<timestamp>1442.396649</timestamp>
			</report>
			<report>
				<misses>4513001</misses>
				<total>17</total>
				<timestamp>1442.716348</timestamp>
			</report>
			<report>
				<misses>4514001</misses>
				<total>17</total>
				<timestamp>1443.036038</timestamp>
			</report>
			<report>
				<misses>4515001</misses>
				<total>17</total>
				<timestamp>1443.355732</timestamp>
			</report>
			<report>
				<misses>4516001</misses>
				<total>17</total>
				<timestamp>1443.675441</timestamp>
			</report>
			<report>
				<misses>4517001</misses>
				<total>17</total>
				<timestamp>1443.995044</timestamp>
			</report>
			<report>
				<misses>4518001</misses>
				<total>17</total>
				<timestamp>1444.314779</timestamp>
			</report>
			<report>
				<misses>4519001</misses>
				<total>17</total>
				<timestamp>1444.634456</timestamp>
			</report>
			<report>
				<misses>4520001</misses>
				<total>17</total>
				<timestamp>1444.954118</timestamp>
			</report>
			<report>
				<misses>4521001</misses>
				<total>17</total>
				<timestamp>1445.273837</timestamp>
			</report>
			<report>
				<misses>4522001</misses>
				<total>17</total>
				<timestamp>1445.593527</timestamp>
			</report>
			<report>
				<misses>4523001</misses>
				<total>17</total>
				<timestamp>1445.913130</timestamp>
			</report>
			<report>
				<misses>4524001</misses>
				<total>17</total>
				<timestamp>1446.232895</timestamp>
			</report>
			<report>
				<misses>4525001</misses>
				<total>17</total>
				<timestamp>1446.552510</timestamp>
			</report>
			<report>
				<misses>4526001</misses>
				<total>17</total>
				<timestamp>1446.872173</timestamp>
			</report>
			<report>
				<misses>4527001</misses>
				<total>17</total>
				<timestamp>1447.191979</timestamp>
			</report>
			<report>
				<misses>4528001</misses>
				<total>17</total>
				<timestamp>1447.511614</timestamp>
			</report>
			<report>
				<misses>4529001</misses>
				<total>17</total>
				<timestamp>1447.831287</timestamp>
			</report>
			<report>
				<misses>4530001</misses>
				<total>17</total>
				<timestamp>1448.150930</timestamp>
			</report>
			<report>
				<misses>4531001</misses>
				<total>17</total>
				<timestamp>1448.470597</timestamp>
			</report>
			<report>
				<misses>4532001</misses>
				<total>17</total>
				<timestamp>1448.790276</timestamp>
			</report>
			<report>
				<misses>4533001</misses>
				<total>17</total>
				<timestamp>1449.109949</timestamp>
			</report>
			<report>
				<misses>4534001</misses>
				<total>17</total>
				<timestamp>1449.429696</timestamp>
			</report>
			<report>
				<misses>4535001</misses>
				<total>17</total>
				<timestamp>1449.749331</timestamp>
			</report>
			<report>
				<misses>4536001</misses>
				<total>17</total>
				<timestamp>1450.068969</timestamp>
			</report>
			<report>
				<misses>4537001</misses>
				<total>17</total>
				<timestamp>1450.388657</timestamp>
			</report>
			<report>
				<misses>4538001</misses>
				<total>17</total>
				<timestamp>1450.708354</timestamp>
			</report>
			<report>
				<misses>4539001</misses>
				<total>17</total>
				<timestamp>1451.028001</timestamp>
			</report>
			<report>
				<misses>4540001</misses>
				<total>17</total>
				<timestamp>1451.347741</timestamp>
			</report>
			<report>
				<misses>4541001</misses>
				<total>17</total>
				<timestamp>1451.667400</timestamp>
			</report>
			<report>
				<misses>4542001</misses>
				<total>17</total>
				<timestamp>1451.987177</timestamp>
			</report>
			<report>
				<misses>4543001</misses>
				<total>17</total>
				<timestamp>1452.306823</timestamp>
			</report>
			<report>
				<misses>4544001</misses>
				<total>17</total>
				<timestamp>1452.626413</timestamp>
			</report>
			<report>
				<misses>4545001</misses>
				<total>17</total>
				<timestamp>1452.946111</timestamp>
			</report>
			<report>
				<misses>4546001</misses>
				<total>17</total>
				<timestamp>1453.265831</timestamp>
			</report>
			<report>
				<misses>4547001</misses>
				<total>17</total>
				<timestamp>1453.585558</timestamp>
			</report>
			<report>
				<misses>4548001</misses>
				<total>17</total>
				<timestamp>1453.905192</timestamp>
			</report>
			<report>
				<misses>4549001</misses>
				<total>17</total>
				<timestamp>1454.224799</timestamp>
			</report>
			<report>
				<misses>4550001</misses>
				<total>17</total>
				<timestamp>1454.544587</timestamp>
			</report>
			<report>
				<misses>4551001</misses>
				<total>17</total>
				<timestamp>1454.864206</timestamp>
			</report>
			<report>
				<misses>4552001</misses>
				<total>16</total>
				<timestamp>1455.183960</timestamp>
			</report>
			<report>
				<misses>4553001</misses>
				<total>17</total>
				<timestamp>1455.503575</timestamp>
			</report>
			<report>
				<misses>4554001</misses>
				<total>17</total>
				<timestamp>1455.823306</timestamp>
			</report>
			<report>
				<misses>4555001</misses>
				<total>17</total>
				<timestamp>1456.142963</timestamp>
			</report>
			<report>
				<misses>4556001</misses>
				<total>17</total>
				<timestamp>1456.462709</timestamp>
			</report>
			<report>
				<misses>4557001</misses>
				<total>17</total>
				<timestamp>1456.782240</timestamp>
			</report>
			<report>
				<misses>4558001</misses>
				<total>17</total>
				<timestamp>1457.101940</timestamp>
			</report>
			<report>
				<misses>4559001</misses>
				<total>17</total>
				<timestamp>1457.421635</timestamp>
			</report>
			<report>
				<misses>4560001</misses>
				<total>17</total>
				<timestamp>1457.741354</timestamp>
			</report>
			<report>
				<misses>4561001</misses>
				<total>17</total>
				<timestamp>1458.060997</timestamp>
			</report>
			<report>
				<misses>4562001</misses>
				<total>17</total>
				<timestamp>1458.380654</timestamp>
			</report>
			<report>
				<misses>4563001</misses>
				<total>17</total>
				<timestamp>1458.700356</timestamp>
			</report>
			<report>
				<misses>4564001</misses>
				<total>17</total>
				<timestamp>1459.020052</timestamp>
			</report>
			<report>
				<misses>4565001</misses>
				<total>17</total>
				<timestamp>1459.339725</timestamp>
			</report>
			<report>
				<misses>4566001</misses>
				<total>17</total>
				<timestamp>1459.659563</timestamp>
			</report>
			<report>
				<misses>4567001</misses>
				<total>17</total>
				<timestamp>1459.979037</timestamp>
			</report>
			<report>
				<misses>4568001</misses>
				<total>17</total>
				<timestamp>1460.298836</timestamp>
			</report>
			<report>
				<misses>4569001</misses>
				<total>17</total>
				<timestamp>1460.618400</timestamp>
			</report>
			<report>
				<misses>4570001</misses>
				<total>17</total>
				<timestamp>1460.938162</timestamp>
			</report>
			<report>
				<misses>4571001</misses>
				<total>17</total>
				<timestamp>1461.257815</timestamp>
			</report>
			<report>
				<misses>4572001</misses>
				<total>17</total>
				<timestamp>1461.577585</timestamp>
			</report>
			<report>
				<misses>4573001</misses>
				<total>17</total>
				<timestamp>1461.897140</timestamp>
			</report>
			<report>
				<misses>4574001</misses>
				<total>17</total>
				<timestamp>1462.216836</timestamp>
			</report>
			<report>
				<misses>4575001</misses>
				<total>17</total>
				<timestamp>1462.536511</timestamp>
			</report>
			<report>
				<misses>4576001</misses>
				<total>17</total>
				<timestamp>1462.856203</timestamp>
			</report>
			<report>
				<misses>4577001</misses>
				<total>17</total>
				<timestamp>1463.175937</timestamp>
			</report>
			<report>
				<misses>4578001</misses>
				<total>17</total>
				<timestamp>1463.495539</timestamp>
			</report>
			<report>
				<misses>4579001</misses>
				<total>17</total>
				<timestamp>1463.815333</timestamp>
			</report>
			<report>
				<misses>4580001</misses>
				<total>17</total>
				<timestamp>1464.134952</timestamp>
			</report>
			<report>
				<misses>4581001</misses>
				<total>17</total>
				<timestamp>1464.454582</timestamp>
			</report>
			<report>
				<misses>4582001</misses>
				<total>17</total>
				<timestamp>1464.774348</timestamp>
			</report>
			<report>
				<misses>4583001</misses>
				<total>17</total>
				<timestamp>1465.093975</timestamp>
			</report>
			<report>
				<misses>4584001</misses>
				<total>17</total>
				<timestamp>1465.413648</timestamp>
			</report>
			<report>
				<misses>4585001</misses>
				<total>17</total>
				<timestamp>1465.733446</timestamp>
			</report>
			<report>
				<misses>4586001</misses>
				<total>17</total>
				<timestamp>1466.053017</timestamp>
			</report>
			<report>
				<misses>4587001</misses>
				<total>17</total>
				<timestamp>1466.372698</timestamp>
			</report>
			<report>
				<misses>4588001</misses>
				<total>17</total>
				<timestamp>1466.692379</timestamp>
			</report>
			<report>
				<misses>4589001</misses>
				<total>17</total>
				<timestamp>1467.012099</timestamp>
			</report>
			<report>
				<misses>4590001</misses>
				<total>17</total>
				<timestamp>1467.331695</timestamp>
			</report>
			<report>
				<misses>4591001</misses>
				<total>17</total>
				<timestamp>1467.651413</timestamp>
			</report>
			<report>
				<misses>4592001</misses>
				<total>17</total>
				<timestamp>1467.971205</timestamp>
			</report>
			<report>
				<misses>4593001</misses>
				<total>16</total>
				<timestamp>1468.290830</timestamp>
			</report>
			<report>
				<misses>4594001</misses>
				<total>17</total>
				<timestamp>1468.610475</timestamp>
			</report>
			<report>
				<misses>4595001</misses>
				<total>17</total>
				<timestamp>1468.930231</timestamp>
			</report>
			<report>
				<misses>4596001</misses>
				<total>17</total>
				<timestamp>1469.249904</timestamp>
			</report>
			<report>
				<misses>4597001</misses>
				<total>17</total>
				<timestamp>1469.569568</timestamp>
			</report>
			<report>
				<misses>4598001</misses>
				<total>16</total>
				<timestamp>1469.889278</timestamp>
			</report>
			<report>
				<misses>4599001</misses>
				<total>17</total>
				<timestamp>1470.208879</timestamp>
			</report>
			<report>
				<misses>4600001</misses>
				<total>17</total>
				<timestamp>1470.528505</timestamp>
			</report>
			<report>
				<misses>4601001</misses>
				<total>17</total>
				<timestamp>1470.848221</timestamp>
			</report>
			<report>
				<misses>4602001</misses>
				<total>17</total>
				<timestamp>1471.167904</timestamp>
			</report>
			<report>
				<misses>4603001</misses>
				<total>17</total>
				<timestamp>1471.487526</timestamp>
			</report>
			<report>
				<misses>4604001</misses>
				<total>17</total>
				<timestamp>1471.807392</timestamp>
			</report>
			<report>
				<misses>4605001</misses>
				<total>17</total>
				<timestamp>1472.126922</timestamp>
			</report>
			<report>
				<misses>4606001</misses>
				<total>17</total>
				<timestamp>1472.446559</timestamp>
			</report>
			<report>
				<misses>4607001</misses>
				<total>17</total>
				<timestamp>1472.766311</timestamp>
			</report>
			<report>
				<misses>4608001</misses>
				<total>17</total>
				<timestamp>1473.085942</timestamp>
			</report>
			<report>
				<misses>4609001</misses>
				<total>16</total>
				<timestamp>1473.405743</timestamp>
			</report>
			<report>
				<misses>4610001</misses>
				<total>17</total>
				<timestamp>1473.725422</timestamp>
			</report>
			<report>
				<misses>4611001</misses>
				<total>17</total>
				<timestamp>1474.045020</timestamp>
			</report>
			<report>
				<misses>4612001</misses>
				<total>17</total>
				<timestamp>1474.364698</timestamp>
			</report>
			<report>
				<misses>4613001</misses>
				<total>17</total>
				<timestamp>1474.684390</timestamp>
			</report>
			<report>
				<misses>4614001</misses>
				<total>17</total>
				<timestamp>1475.004098</timestamp>
			</report>
			<report>
				<misses>4615001</misses>
				<total>16</total>
				<timestamp>1475.323780</timestamp>
			</report>
			<report>
				<misses>4616001</misses>
				<total>17</total>
				<timestamp>1475.643448</timestamp>
			</report>
			<report>
				<misses>4617001</misses>
				<total>16</total>
				<timestamp>1475.963161</timestamp>
			</report>
			<report>
				<misses>4618001</misses>
				<total>17</total>
				<timestamp>1476.282814</timestamp>
			</report>
			<report>
				<misses>4619001</misses>
				<total>17</total>
				<timestamp>1476.602410</timestamp>
			</report>
			<report>
				<misses>4620001</misses>
				<total>17</total>
				<timestamp>1476.922110</timestamp>
			</report>
			<report>
				<misses>4621001</misses>
				<total>17</total>
				<timestamp>1477.241760</timestamp>
			</report>
			<report>
				<misses>4622001</misses>
				<total>17</total>
				<timestamp>1477.561489</timestamp>
			</report>
			<report>
				<misses>4623001</misses>
				<total>17</total>
				<timestamp>1477.881258</timestamp>
			</report>
			<report>
				<misses>4624001</misses>
				<total>17</total>
				<timestamp>1478.200968</timestamp>
			</report>
			<report>
				<misses>4625001</misses>
				<total>17</total>
				<timestamp>1478.520586</timestamp>
			</report>
			<report>
				<misses>4626001</misses>
				<total>17</total>
				<timestamp>1478.840182</timestamp>
			</report>
			<report>
				<misses>4627001</misses>
				<total>17</total>
				<timestamp>1479.159925</timestamp>
			</report>
			<report>
				<misses>4628001</misses>
				<total>17</total>
				<timestamp>1479.479705</timestamp>
			</report>
			<report>
				<misses>4629001</misses>
				<total>17</total>
				<timestamp>1479.799260</timestamp>
			</report>
			<report>
				<misses>4630001</misses>
				<total>17</total>
				<timestamp>1480.118893</timestamp>
			</report>
			<report>
				<misses>4631001</misses>
				<total>17</total>
				<timestamp>1480.438629</timestamp>
			</report>
			<report>
				<misses>4632001</misses>
				<total>17</total>
				<timestamp>1480.758234</timestamp>
			</report>
			<report>
				<misses>4633001</misses>
				<total>17</total>
				<timestamp>1481.077999</timestamp>
			</report>
			<report>
				<misses>4634001</misses>
				<total>17</total>
				<timestamp>1481.397715</timestamp>
			</report>
			<report>
				<misses>4635001</misses>
				<total>17</total>
				<timestamp>1481.717430</timestamp>
			</report>
			<report>
				<misses>4636001</misses>
				<total>16</total>
				<timestamp>1482.037099</timestamp>
			</report>
			<report>
				<misses>4637001</misses>
				<total>16</total>
				<timestamp>1482.356751</timestamp>
			</report>
			<report>
				<misses>4638001</misses>
				<total>17</total>
				<timestamp>1482.676328</timestamp>
			</report>
			<report>
				<misses>4639001</misses>
				<total>17</total>
				<timestamp>1482.996094</timestamp>
			</report>
			<report>
				<misses>4640001</misses>
				<total>17</total>
				<timestamp>1483.315818</timestamp>
			</report>
			<report>
				<misses>4641001</misses>
				<total>17</total>
				<timestamp>1483.635369</timestamp>
			</report>
			<report>
				<misses>4642001</misses>
				<total>17</total>
				<timestamp>1483.955066</timestamp>
			</report>
			<report>
				<misses>4643001</misses>
				<total>17</total>
				<timestamp>1484.274832</timestamp>
			</report>
			<report>
				<misses>4644001</misses>
				<total>16</total>
				<timestamp>1484.594496</timestamp>
			</report>
			<report>
				<misses>4645001</misses>
				<total>17</total>
				<timestamp>1484.914117</timestamp>
			</report>
			<report>
				<misses>4646001</misses>
				<total>17</total>
				<timestamp>1485.233815</timestamp>
			</report>
			<report>
				<misses>4647001</misses>
				<total>17</total>
				<timestamp>1485.553507</timestamp>
			</report>
			<report>
				<misses>4648001</misses>
				<total>17</total>
				<timestamp>1485.873153</timestamp>
			</report>
			<report>
				<misses>4649001</misses>
				<total>17</total>
				<timestamp>1486.192963</timestamp>
			</report>
			<report>
				<misses>4650001</misses>
				<total>17</total>
				<timestamp>1486.512588</timestamp>
			</report>
			<report>
				<misses>4651001</misses>
				<total>17</total>
				<timestamp>1486.832213</timestamp>
			</report>
			<report>
				<misses>4652001</misses>
				<total>16</total>
				<timestamp>1487.151952</timestamp>
			</report>
			<report>
				<misses>4653001</misses>
				<total>17</total>
				<timestamp>1487.471557</timestamp>
			</report>
			<report>
				<misses>4654001</misses>
				<total>17</total>
				<timestamp>1487.791237</timestamp>
			</report>
			<report>
				<misses>4655001</misses>
				<total>17</total>
				<timestamp>1488.111051</timestamp>
			</report>
			<report>
				<misses>4656001</misses>
				<total>17</total>
				<timestamp>1488.430607</timestamp>
			</report>
			<report>
				<misses>4657001</misses>
				<total>17</total>
				<timestamp>1488.750272</timestamp>
			</report>
			<report>
				<misses>4658001</misses>
				<total>17</total>
				<timestamp>1489.069957</timestamp>
			</report>
			<report>
				<misses>4659001</misses>
				<total>17</total>
				<timestamp>1489.389716</timestamp>
			</report>
			<report>
				<misses>4660001</misses>
				<total>17</total>
				<timestamp>1489.709333</timestamp>
			</report>
			<report>
				<misses>4661001</misses>
				<total>16</total>
				<timestamp>1490.029213</timestamp>
			</report>
			<report>
				<misses>4662001</misses>
				<total>17</total>
				<timestamp>1490.348676</timestamp>
			</report>
			<report>
				<misses>4663001</misses>
				<total>17</total>
				<timestamp>1490.668343</timestamp>
			</report>
			<report>
				<misses>4664001</misses>
				<total>17</total>
				<timestamp>1490.988060</timestamp>
			</report>
			<report>
				<misses>4665001</misses>
				<total>17</total>
				<timestamp>1491.307715</timestamp>
			</report>
			<report>
				<misses>4666001</misses>
				<total>17</total>
				<timestamp>1491.627451</timestamp>
			</report>
			<report>
				<misses>4667001</misses>
				<total>17</total>
				<timestamp>1491.947171</timestamp>
			</report>
			<report>
				<misses>4668001</misses>
				<total>17</total>
				<timestamp>1492.266837</timestamp>
			</report>
			<report>
				<misses>4669001</misses>
				<total>17</total>
				<timestamp>1492.586402</timestamp>
			</report>
			<report>
				<misses>4670001</misses>
				<total>17</total>
				<timestamp>1492.906107</timestamp>
			</report>
			<report>
				<misses>4671001</misses>
				<total>17</total>
				<timestamp>1493.225835</timestamp>
			</report>
			<report>
				<misses>4672001</misses>
				<total>17</total>
				<timestamp>1493.545468</timestamp>
			</report>
			<report>
				<misses>4673001</misses>
				<total>17</total>
				<timestamp>1493.865143</timestamp>
			</report>
			<report>
				<misses>4674001</misses>
				<total>17</total>
				<timestamp>1494.184840</timestamp>
			</report>
			<report>
				<misses>4675001</misses>
				<total>17</total>
				<timestamp>1494.504611</timestamp>
			</report>
			<report>
				<misses>4676001</misses>
				<total>17</total>
				<timestamp>1494.824184</timestamp>
			</report>
			<report>
				<misses>4677001</misses>
				<total>17</total>
				<timestamp>1495.143947</timestamp>
			</report>
			<report>
				<misses>4678001</misses>
				<total>17</total>
				<timestamp>1495.463577</timestamp>
			</report>
			<report>
				<misses>4679001</misses>
				<total>16</total>
				<timestamp>1495.783358</timestamp>
			</report>
			<report>
				<misses>4680001</misses>
				<total>16</total>
				<timestamp>1496.103088</timestamp>
			</report>
			<report>
				<misses>4681001</misses>
				<total>16</total>
				<timestamp>1496.422699</timestamp>
			</report>
			<report>
				<misses>4682001</misses>
				<total>16</total>
				<timestamp>1496.742403</timestamp>
			</report>
			<report>
				<misses>4683001</misses>
				<total>17</total>
				<timestamp>1497.061960</timestamp>
			</report>
			<report>
				<misses>4684001</misses>
				<total>17</total>
				<timestamp>1497.381692</timestamp>
			</report>
			<report>
				<misses>4685001</misses>
				<total>17</total>
				<timestamp>1497.701413</timestamp>
			</report>
			<report>
				<misses>4686001</misses>
				<total>18</total>
				<timestamp>1498.021011</timestamp>
			</report>
			<report>
				<misses>4687001</misses>
				<total>18</total>
				<timestamp>1498.340684</timestamp>
			</report>
			<report>
				<misses>4688001</misses>
				<total>18</total>
				<timestamp>1498.660352</timestamp>
			</report>
			<report>
				<misses>4689001</misses>
				<total>18</total>
				<timestamp>1498.980092</timestamp>
			</report>
			<report>
				<misses>4690001</misses>
				<total>18</total>
				<timestamp>1499.299691</timestamp>
			</report>
			<report>
				<misses>4691001</misses>
				<total>18</total>
				<timestamp>1499.619403</timestamp>
			</report>
			<report>
				<misses>4692001</misses>
				<total>17</total>
				<timestamp>1499.939211</timestamp>
			</report>
			<report>
				<misses>4693001</misses>
				<total>18</total>
				<timestamp>1500.258783</timestamp>
			</report>
			<report>
				<misses>4694001</misses>
				<total>18</total>
				<timestamp>1500.578469</timestamp>
			</report>
			<report>
				<misses>4695001</misses>
				<total>18</total>
				<timestamp>1500.898168</timestamp>
			</report>
			<report>
				<misses>4696001</misses>
				<total>18</total>
				<timestamp>1501.217790</timestamp>
			</report>
			<report>
				<misses>4697001</misses>
				<total>18</total>
				<timestamp>1501.537468</timestamp>
			</report>
			<report>
				<misses>4698001</misses>
				<total>18</total>
				<timestamp>1501.857194</timestamp>
			</report>
			<report>
				<misses>4699001</misses>
				<total>18</total>
				<timestamp>1502.176954</timestamp>
			</report>
			<report>
				<misses>4700001</misses>
				<total>17</total>
				<timestamp>1502.496597</timestamp>
			</report>
			<report>
				<misses>4701001</misses>
				<total>17</total>
				<timestamp>1502.816284</timestamp>
			</report>
			<report>
				<misses>4702001</misses>
				<total>18</total>
				<timestamp>1503.135915</timestamp>
			</report>
			<report>
				<misses>4703001</misses>
				<total>18</total>
				<timestamp>1503.455535</timestamp>
			</report>
			<report>
				<misses>4704001</misses>
				<total>17</total>
				<timestamp>1503.775292</timestamp>
			</report>
			<report>
				<misses>4705001</misses>
				<total>18</total>
				<timestamp>1504.094970</timestamp>
			</report>
			<report>
				<misses>4706001</misses>
				<total>18</total>
				<timestamp>1504.414567</timestamp>
			</report>
			<report>
				<misses>4707001</misses>
				<total>18</total>
				<timestamp>1504.734254</timestamp>
			</report>
			<report>
				<misses>4708001</misses>
				<total>18</total>
				<timestamp>1505.053956</timestamp>
			</report>
			<report>
				<misses>4709001</misses>
				<total>18</total>
				<timestamp>1505.373701</timestamp>
			</report>
			<report>
				<misses>4710001</misses>
				<total>18</total>
				<timestamp>1505.693354</timestamp>
			</report>
			<report>
				<misses>4711001</misses>
				<total>18</total>
				<timestamp>1506.012994</timestamp>
			</report>
			<report>
				<misses>4712001</misses>
				<total>18</total>
				<timestamp>1506.332819</timestamp>
			</report>
			<report>
				<misses>4713001</misses>
				<total>18</total>
				<timestamp>1506.652409</timestamp>
			</report>
			<report>
				<misses>4714001</misses>
				<total>18</total>
				<timestamp>1506.972063</timestamp>
			</report>
			<report>
				<misses>4715001</misses>
				<total>18</total>
				<timestamp>1507.291705</timestamp>
			</report>
			<report>
				<misses>4716001</misses>
				<total>17</total>
				<timestamp>1507.611566</timestamp>
			</report>
			<report>
				<misses>4717001</misses>
				<total>17</total>
				<timestamp>1507.931135</timestamp>
			</report>
			<report>
				<misses>4718001</misses>
				<total>17</total>
				<timestamp>1508.250873</timestamp>
			</report>
			<report>
				<misses>4719001</misses>
				<total>18</total>
				<timestamp>1508.570571</timestamp>
			</report>
			<report>
				<misses>4720001</misses>
				<total>18</total>
				<timestamp>1508.890127</timestamp>
			</report>
			<report>
				<misses>4721001</misses>
				<total>18</total>
				<timestamp>1509.209816</timestamp>
			</report>
			<report>
				<misses>4722001</misses>
				<total>18</total>
				<timestamp>1509.529433</timestamp>
			</report>
			<report>
				<misses>4723001</misses>
				<total>18</total>
				<timestamp>1509.849227</timestamp>
			</report>
			<report>
				<misses>4724001</misses>
				<total>18</total>
				<timestamp>1510.168883</timestamp>
			</report>
			<report>
				<misses>4725001</misses>
				<total>18</total>
				<timestamp>1510.488503</timestamp>
			</report>
			<report>
				<misses>4726001</misses>
				<total>17</total>
				<timestamp>1510.808273</timestamp>
			</report>
			<report>
				<misses>4727001</misses>
				<total>18</total>
				<timestamp>1511.127956</timestamp>
			</report>
			<report>
				<misses>4728001</misses>
				<total>18</total>
				<timestamp>1511.447524</timestamp>
			</report>
			<report>
				<misses>4729001</misses>
				<total>17</total>
				<timestamp>1511.767315</timestamp>
			</report>
			<report>
				<misses>4730001</misses>
				<total>18</total>
				<timestamp>1512.086961</timestamp>
			</report>
			<report>
				<misses>4731001</misses>
				<total>18</total>
				<timestamp>1512.406553</timestamp>
			</report>
			<report>
				<misses>4732001</misses>
				<total>18</total>
				<timestamp>1512.726251</timestamp>
			</report>
			<report>
				<misses>4733001</misses>
				<total>18</total>
				<timestamp>1513.045948</timestamp>
			</report>
			<report>
				<misses>4734001</misses>
				<total>18</total>
				<timestamp>1513.365639</timestamp>
			</report>
			<report>
				<misses>4735001</misses>
				<total>18</total>
				<timestamp>1513.685302</timestamp>
			</report>
			<report>
				<misses>4736001</misses>
				<total>18</total>
				<timestamp>1514.005000</timestamp>
			</report>
			<report>
				<misses>4737001</misses>
				<total>18</total>
				<timestamp>1514.324669</timestamp>
			</report>
			<report>
				<misses>4738001</misses>
				<total>18</total>
				<timestamp>1514.644335</timestamp>
			</report>
			<report>
				<misses>4739001</misses>
				<total>18</total>
				<timestamp>1514.964086</timestamp>
			</report>
			<report>
				<misses>4740001</misses>
				<total>18</total>
				<timestamp>1515.283840</timestamp>
			</report>
			<report>
				<misses>4741001</misses>
				<total>18</total>
				<timestamp>1515.603408</timestamp>
			</report>
			<report>
				<misses>4742001</misses>
				<total>18</total>
				<timestamp>1515.923068</timestamp>
			</report>
			<report>
				<misses>4743001</misses>
				<total>18</total>
				<timestamp>1516.242771</timestamp>
			</report>
			<report>
				<misses>4744001</misses>
				<total>18</total>
				<timestamp>1516.562577</timestamp>
			</report>
			<report>
				<misses>4745001</misses>
				<total>18</total>
				<timestamp>1516.882097</timestamp>
			</report>
			<report>
				<misses>4746001</misses>
				<total>18</total>
				<timestamp>1517.201777</timestamp>
			</report>
			<report>
				<misses>4747001</misses>
				<total>18</total>
				<timestamp>1517.521588</timestamp>
			</report>
			<report>
				<misses>4748001</misses>
				<total>18</total>
				<timestamp>1517.841144</timestamp>
			</report>
			<report>
				<misses>4749001</misses>
				<total>18</total>
				<timestamp>1518.160867</timestamp>
			</report>
			<report>
				<misses>4750001</misses>
				<total>18</total>
				<timestamp>1518.480494</timestamp>
			</report>
			<report>
				<misses>4751001</misses>
				<total>18</total>
				<timestamp>1518.800261</timestamp>
			</report>
			<report>
				<misses>4752001</misses>
				<total>18</total>
				<timestamp>1519.119922</timestamp>
			</report>
			<report>
				<misses>4753001</misses>
				<total>18</total>
				<timestamp>1519.439713</timestamp>
			</report>
			<report>
				<misses>4754001</misses>
				<total>18</total>
				<timestamp>1519.759256</timestamp>
			</report>
			<report>
				<misses>4755001</misses>
				<total>18</total>
				<timestamp>1520.078920</timestamp>
			</report>
			<report>
				<misses>4756001</misses>
				<total>18</total>
				<timestamp>1520.398597</timestamp>
			</report>
			<report>
				<misses>4757001</misses>
				<total>18</total>
				<timestamp>1520.718451</timestamp>
			</report>
			<report>
				<misses>4758001</misses>
				<total>18</total>
				<timestamp>1521.038010</timestamp>
			</report>
			<report>
				<misses>4759001</misses>
				<total>18</total>
				<timestamp>1521.357654</timestamp>
			</report>
			<report>
				<misses>4760001</misses>
				<total>18</total>
				<timestamp>1521.677277</timestamp>
			</report>
			<report>
				<misses>4761001</misses>
				<total>18</total>
				<timestamp>1521.997008</timestamp>
			</report>
			<report>
				<misses>4762001</misses>
				<total>18</total>
				<timestamp>1522.316737</timestamp>
			</report>
			<report>
				<misses>4763001</misses>
				<total>18</total>
				<timestamp>1522.636345</timestamp>
			</report>
			<report>
				<misses>4764001</misses>
				<total>18</total>
				<timestamp>1522.956038</timestamp>
			</report>
			<report>
				<misses>4765001</misses>
				<total>18</total>
				<timestamp>1523.275741</timestamp>
			</report>
			<report>
				<misses>4766001</misses>
				<total>18</total>
				<timestamp>1523.595435</timestamp>
			</report>
			<report>
				<misses>4767001</misses>
				<total>18</total>
				<timestamp>1523.915073</timestamp>
			</report>
			<report>
				<misses>4768001</misses>
				<total>18</total>
				<timestamp>1524.234778</timestamp>
			</report>
			<report>
				<misses>4769001</misses>
				<total>18</total>
				<timestamp>1524.554476</timestamp>
			</report>
			<report>
				<misses>4770001</misses>
				<total>18</total>
				<timestamp>1524.874135</timestamp>
			</report>
			<report>
				<misses>4771001</misses>
				<total>18</total>
				<timestamp>1525.193821</timestamp>
			</report>
			<report>
				<misses>4772001</misses>
				<total>18</total>
				<timestamp>1525.513631</timestamp>
			</report>
			<report>
				<misses>4773001</misses>
				<total>18</total>
				<timestamp>1525.833184</timestamp>
			</report>
			<report>
				<misses>4774001</misses>
				<total>18</total>
				<timestamp>1526.152842</timestamp>
			</report>
			<report>
				<misses>4775001</misses>
				<total>18</total>
				<timestamp>1526.472503</timestamp>
			</report>
			<report>
				<misses>4776001</misses>
				<total>18</total>
				<timestamp>1526.792205</timestamp>
			</report>
			<report>
				<misses>4777001</misses>
				<total>18</total>
				<timestamp>1527.111932</timestamp>
			</report>
			<report>
				<misses>4778001</misses>
				<total>18</total>
				<timestamp>1527.431539</timestamp>
			</report>
			<report>
				<misses>4779001</misses>
				<total>17</total>
				<timestamp>1527.751310</timestamp>
			</report>
			<report>
				<misses>4780001</misses>
				<total>18</total>
				<timestamp>1528.070964</timestamp>
			</report>
			<report>
				<misses>4781001</misses>
				<total>18</total>
				<timestamp>1528.390722</timestamp>
			</report>
			<report>
				<misses>4782001</misses>
				<total>18</total>
				<timestamp>1528.710249</timestamp>
			</report>
			<report>
				<misses>4783001</misses>
				<total>18</total>
				<timestamp>1529.029998</timestamp>
			</report>
			<report>
				<misses>4784001</misses>
				<total>18</total>
				<timestamp>1529.349674</timestamp>
			</report>
			<report>
				<misses>4785001</misses>
				<total>18</total>
				<timestamp>1529.669302</timestamp>
			</report>
			<report>
				<misses>4786001</misses>
				<total>18</total>
				<timestamp>1529.988993</timestamp>
			</report>
			<report>
				<misses>4787001</misses>
				<total>18</total>
				<timestamp>1530.308701</timestamp>
			</report>
			<report>
				<misses>4788001</misses>
				<total>18</total>
				<timestamp>1530.628378</timestamp>
			</report>
			<report>
				<misses>4789001</misses>
				<total>18</total>
				<timestamp>1530.948067</timestamp>
			</report>
			<report>
				<misses>4790001</misses>
				<total>18</total>
				<timestamp>1531.267798</timestamp>
			</report>
			<report>
				<misses>4791001</misses>
				<total>18</total>
				<timestamp>1531.587368</timestamp>
			</report>
			<report>
				<misses>4792001</misses>
				<total>18</total>
				<timestamp>1531.907042</timestamp>
			</report>
			<report>
				<misses>4793001</misses>
				<total>18</total>
				<timestamp>1532.226776</timestamp>
			</report>
			<report>
				<misses>4794001</misses>
				<total>18</total>
				<timestamp>1532.546579</timestamp>
			</report>
			<report>
				<misses>4795001</misses>
				<total>18</total>
				<timestamp>1532.866099</timestamp>
			</report>
			<report>
				<misses>4796001</misses>
				<total>18</total>
				<timestamp>1533.185931</timestamp>
			</report>
			<report>
				<misses>4797001</misses>
				<total>18</total>
				<timestamp>1533.505582</timestamp>
			</report>
			<report>
				<misses>4798001</misses>
				<total>18</total>
				<timestamp>1533.825202</timestamp>
			</report>
			<report>
				<misses>4799001</misses>
				<total>18</total>
				<timestamp>1534.144886</timestamp>
			</report>
			<report>
				<misses>4800001</misses>
				<total>18</total>
				<timestamp>1534.464567</timestamp>
			</report>
			<report>
				<misses>4801001</misses>
				<total>18</total>
				<timestamp>1534.784173</timestamp>
			</report>
			<report>
				<misses>4802001</misses>
				<total>17</total>
				<timestamp>1535.103965</timestamp>
			</report>
			<report>
				<misses>4803001</misses>
				<total>18</total>
				<timestamp>1535.423567</timestamp>
			</report>
			<report>
				<misses>4804001</misses>
				<total>18</total>
				<timestamp>1535.743195</timestamp>
			</report>
			<report>
				<misses>4805001</misses>
				<total>18</total>
				<timestamp>1536.062934</timestamp>
			</report>
			<report>
				<misses>4806001</misses>
				<total>18</total>
				<timestamp>1536.382711</timestamp>
			</report>
			<report>
				<misses>4807001</misses>
				<total>18</total>
				<timestamp>1536.702249</timestamp>
			</report>
			<report>
				<misses>4808001</misses>
				<total>18</total>
				<timestamp>1537.021995</timestamp>
			</report>
			<report>
				<misses>4809001</misses>
				<total>18</total>
				<timestamp>1537.341701</timestamp>
			</report>
			<report>
				<misses>4810001</misses>
				<total>18</total>
				<timestamp>1537.661335</timestamp>
			</report>
			<report>
				<misses>4811001</misses>
				<total>18</total>
				<timestamp>1537.980966</timestamp>
			</report>
			<report>
				<misses>4812001</misses>
				<total>18</total>
				<timestamp>1538.300732</timestamp>
			</report>
			<report>
				<misses>4813001</misses>
				<total>18</total>
				<timestamp>1538.620369</timestamp>
			</report>
			<report>
				<misses>4814001</misses>
				<total>18</total>
				<timestamp>1538.940038</timestamp>
			</report>
			<report>
				<misses>4815001</misses>
				<total>18</total>
				<timestamp>1539.259715</timestamp>
			</report>
			<report>
				<misses>4816001</misses>
				<total>18</total>
				<timestamp>1539.579364</timestamp>
			</report>
			<report>
				<misses>4817001</misses>
				<total>18</total>
				<timestamp>1539.899072</timestamp>
			</report>
			<report>
				<misses>4818001</misses>
				<total>18</total>
				<timestamp>1540.218841</timestamp>
			</report>
			<report>
				<misses>4819001</misses>
				<total>18</total>
				<timestamp>1540.538429</timestamp>
			</report>
			<report>
				<misses>4820001</misses>
				<total>18</total>
				<timestamp>1540.858089</timestamp>
			</report>
			<report>
				<misses>4821001</misses>
				<total>18</total>
				<timestamp>1541.177818</timestamp>
			</report>
			<report>
				<misses>4822001</misses>
				<total>18</total>
				<timestamp>1541.497467</timestamp>
			</report>
			<report>
				<misses>4823001</misses>
				<total>18</total>
				<timestamp>1541.817133</timestamp>
			</report>
			<report>
				<misses>4824001</misses>
				<total>18</total>
				<timestamp>1542.136948</timestamp>
			</report>
			<report>
				<misses>4825001</misses>
				<total>18</total>
				<timestamp>1542.456499</timestamp>
			</report>
			<report>
				<misses>4826001</misses>
				<total>18</total>
				<timestamp>1542.776209</timestamp>
			</report>
			<report>
				<misses>4827001</misses>
				<total>18</total>
				<timestamp>1543.095865</timestamp>
			</report>
			<report>
				<misses>4828001</misses>
				<total>18</total>
				<timestamp>1543.415694</timestamp>
			</report>
			<report>
				<misses>4829001</misses>
				<total>18</total>
				<timestamp>1543.735219</timestamp>
			</report>
			<report>
				<misses>4830001</misses>
				<total>18</total>
				<timestamp>1544.054969</timestamp>
			</report>
			<report>
				<misses>4831001</misses>
				<total>18</total>
				<timestamp>1544.374675</timestamp>
			</report>
			<report>
				<misses>4832001</misses>
				<total>18</total>
				<timestamp>1544.694342</timestamp>
			</report>
			<report>
				<misses>4833001</misses>
				<total>18</total>
				<timestamp>1545.013977</timestamp>
			</report>
			<report>
				<misses>4834001</misses>
				<total>17</total>
				<timestamp>1545.333777</timestamp>
			</report>
			<report>
				<misses>4835001</misses>
				<total>18</total>
				<timestamp>1545.653282</timestamp>
			</report>
			<report>
				<misses>4836001</misses>
				<total>18</total>
				<timestamp>1545.973043</timestamp>
			</report>
			<report>
				<misses>4837001</misses>
				<total>18</total>
				<timestamp>1546.292748</timestamp>
			</report>
			<report>
				<misses>4838001</misses>
				<total>17</total>
				<timestamp>1546.612419</timestamp>
			</report>
			<report>
				<misses>4839001</misses>
				<total>18</total>
				<timestamp>1546.932082</timestamp>
			</report>
			<report>
				<misses>4840001</misses>
				<total>17</total>
				<timestamp>1547.251828</timestamp>
			</report>
			<report>
				<misses>4841001</misses>
				<total>18</total>
				<timestamp>1547.571392</timestamp>
			</report>
			<report>
				<misses>4842001</misses>
				<total>18</total>
				<timestamp>1547.891078</timestamp>
			</report>
			<report>
				<misses>4843001</misses>
				<total>18</total>
				<timestamp>1548.210829</timestamp>
			</report>
			<report>
				<misses>4844001</misses>
				<total>18</total>
				<timestamp>1548.530412</timestamp>
			</report>
			<report>
				<misses>4845001</misses>
				<total>18</total>
				<timestamp>1548.850102</timestamp>
			</report>
			<report>
				<misses>4846001</misses>
				<total>18</total>
				<timestamp>1549.169828</timestamp>
			</report>
			<report>
				<misses>4847001</misses>
				<total>18</total>
				<timestamp>1549.489568</timestamp>
			</report>
			<report>
				<misses>4848001</misses>
				<total>18</total>
				<timestamp>1549.809142</timestamp>
			</report>
			<report>
				<misses>4849001</misses>
				<total>18</total>
				<timestamp>1550.128817</timestamp>
			</report>
			<report>
				<misses>4850001</misses>
				<total>18</total>
				<timestamp>1550.448559</timestamp>
			</report>
			<report>
				<misses>4851001</misses>
				<total>18</total>
				<timestamp>1550.768299</timestamp>
			</report>
			<report>
				<misses>4852001</misses>
				<total>18</total>
				<timestamp>1551.087915</timestamp>
			</report>
			<report>
				<misses>4853001</misses>
				<total>18</total>
				<timestamp>1551.407618</timestamp>
			</report>
			<report>
				<misses>4854001</misses>
				<total>18</total>
				<timestamp>1551.727206</timestamp>
			</report>
			<report>
				<misses>4855001</misses>
				<total>18</total>
				<timestamp>1552.046923</timestamp>
			</report>
			<report>
				<misses>4856001</misses>
				<total>18</total>
				<timestamp>1552.366690</timestamp>
			</report>
			<report>
				<misses>4857001</misses>
				<total>18</total>
				<timestamp>1552.686258</timestamp>
			</report>
			<report>
				<misses>4858001</misses>
				<total>18</total>
				<timestamp>1553.005943</timestamp>
			</report>
			<report>
				<misses>4859001</misses>
				<total>18</total>
				<timestamp>1553.325695</timestamp>
			</report>
			<report>
				<misses>4860001</misses>
				<total>18</total>
				<timestamp>1553.645342</timestamp>
			</report>
			<report>
				<misses>4861001</misses>
				<total>18</total>
				<timestamp>1553.964962</timestamp>
			</report>
			<report>
				<misses>4862001</misses>
				<total>18</total>
				<timestamp>1554.284669</timestamp>
			</report>
			<report>
				<misses>4863001</misses>
				<total>18</total>
				<timestamp>1554.604398</timestamp>
			</report>
			<report>
				<misses>4864001</misses>
				<total>18</total>
				<timestamp>1554.924079</timestamp>
			</report>
			<report>
				<misses>4865001</misses>
				<total>18</total>
				<timestamp>1555.243785</timestamp>
			</report>
			<report>
				<misses>4866001</misses>
				<total>18</total>
				<timestamp>1555.563371</timestamp>
			</report>
			<report>
				<misses>4867001</misses>
				<total>18</total>
				<timestamp>1555.883123</timestamp>
			</report>
			<report>
				<misses>4868001</misses>
				<total>18</total>
				<timestamp>1556.202841</timestamp>
			</report>
			<report>
				<misses>4869001</misses>
				<total>18</total>
				<timestamp>1556.522570</timestamp>
			</report>
			<report>
				<misses>4870001</misses>
				<total>18</total>
				<timestamp>1556.842122</timestamp>
			</report>
			<report>
				<misses>4871001</misses>
				<total>18</total>
				<timestamp>1557.161851</timestamp>
			</report>
			<report>
				<misses>4872001</misses>
				<total>18</total>
				<timestamp>1557.481446</timestamp>
			</report>
			<report>
				<misses>4873001</misses>
				<total>17</total>
				<timestamp>1557.801321</timestamp>
			</report>
			<report>
				<misses>4874001</misses>
				<total>18</total>
				<timestamp>1558.120810</timestamp>
			</report>
			<report>
				<misses>4875001</misses>
				<total>18</total>
				<timestamp>1558.440526</timestamp>
			</report>
			<report>
				<misses>4876001</misses>
				<total>18</total>
				<timestamp>1558.760155</timestamp>
			</report>
			<report>
				<misses>4877001</misses>
				<total>18</total>
				<timestamp>1559.079872</timestamp>
			</report>
			<report>
				<misses>4878001</misses>
				<total>18</total>
				<timestamp>1559.399574</timestamp>
			</report>
			<report>
				<misses>4879001</misses>
				<total>18</total>
				<timestamp>1559.719268</timestamp>
			</report>
			<report>
				<misses>4880001</misses>
				<total>17</total>
				<timestamp>1560.039088</timestamp>
			</report>
			<report>
				<misses>4881001</misses>
				<total>18</total>
				<timestamp>1560.358670</timestamp>
			</report>
			<report>
				<misses>4882001</misses>
				<total>18</total>
				<timestamp>1560.678488</timestamp>
			</report>
			<report>
				<misses>4883001</misses>
				<total>18</total>
				<timestamp>1560.997982</timestamp>
			</report>
			<report>
				<misses>4884001</misses>
				<total>18</total>
				<timestamp>1561.317722</timestamp>
			</report>
			<report>
				<misses>4885001</misses>
				<total>18</total>
				<timestamp>1561.637297</timestamp>
			</report>
			<report>
				<misses>4886001</misses>
				<total>18</total>
				<timestamp>1561.957007</timestamp>
			</report>
			<report>
				<misses>4887001</misses>
				<total>18</total>
				<timestamp>1562.276697</timestamp>
			</report>
			<report>
				<misses>4888001</misses>
				<total>18</total>
				<timestamp>1562.596333</timestamp>
			</report>
			<report>
				<misses>4889001</misses>
				<total>18</total>
				<timestamp>1562.916022</timestamp>
			</report>
			<report>
				<misses>4890001</misses>
				<total>17</total>
				<timestamp>1563.235791</timestamp>
			</report>
			<report>
				<misses>4891001</misses>
				<total>18</total>
				<timestamp>1563.555371</timestamp>
			</report>
			<report>
				<misses>4892001</misses>
				<total>17</total>
				<timestamp>1563.875142</timestamp>
			</report>
			<report>
				<misses>4893001</misses>
				<total>18</total>
				<timestamp>1564.194747</timestamp>
			</report>
			<report>
				<misses>4894001</misses>
				<total>18</total>
				<timestamp>1564.514509</timestamp>
			</report>
			<report>
				<misses>4895001</misses>
				<total>18</total>
				<timestamp>1564.834098</timestamp>
			</report>
			<report>
				<misses>4896001</misses>
				<total>18</total>
				<timestamp>1565.153777</timestamp>
			</report>
			<report>
				<misses>4897001</misses>
				<total>17</total>
				<timestamp>1565.473580</timestamp>
			</report>
			<report>
				<misses>4898001</misses>
				<total>18</total>
				<timestamp>1565.793286</timestamp>
			</report>
			<report>
				<misses>4899001</misses>
				<total>18</total>
				<timestamp>1566.112960</timestamp>
			</report>
			<report>
				<misses>4900001</misses>
				<total>18</total>
				<timestamp>1566.432549</timestamp>
			</report>
			<report>
				<misses>4901001</misses>
				<total>18</total>
				<timestamp>1566.752259</timestamp>
			</report>
			<report>
				<misses>4902001</misses>
				<total>18</total>
				<timestamp>1567.071928</timestamp>
			</report>
			<report>
				<misses>4903001</misses>
				<total>18</total>
				<timestamp>1567.391601</timestamp>
			</report>
			<report>
				<misses>4904001</misses>
				<total>18</total>
				<timestamp>1567.711226</timestamp>
			</report>
			<report>
				<misses>4905001</misses>
				<total>18</total>
				<timestamp>1568.030929</timestamp>
			</report>
			<report>
				<misses>4906001</misses>
				<total>18</total>
				<timestamp>1568.350705</timestamp>
			</report>
			<report>
				<misses>4907001</misses>
				<total>18</total>
				<timestamp>1568.670237</timestamp>
			</report>
			<report>
				<misses>4908001</misses>
				<total>18</total>
				<timestamp>1568.990041</timestamp>
			</report>
			<report>
				<misses>4909001</misses>
				<total>18</total>
				<timestamp>1569.309637</timestamp>
			</report>
			<report>
				<misses>4910001</misses>
				<total>18</total>
				<timestamp>1569.629283</timestamp>
			</report>
			<report>
				<misses>4911001</misses>
				<total>18</total>
				<timestamp>1569.949016</timestamp>
			</report>
			<report>
				<misses>4912001</misses>
				<total>18</total>
				<timestamp>1570.268650</timestamp>
			</report>
			<report>
				<misses>4913001</misses>
				<total>18</total>
				<timestamp>1570.588349</timestamp>
			</report>
			<report>
				<misses>4914001</misses>
				<total>18</total>
				<timestamp>1570.908028</timestamp>
			</report>
			<report>
				<misses>4915001</misses>
				<total>18</total>
				<timestamp>1571.227689</timestamp>
			</report>
			<report>
				<misses>4916001</misses>
				<total>18</total>
				<timestamp>1571.547359</timestamp>
			</report>
			<report>
				<misses>4917001</misses>
				<total>18</total>
				<timestamp>1571.867063</timestamp>
			</report>
			<report>
				<misses>4918001</misses>
				<total>18</total>
				<timestamp>1572.186728</timestamp>
			</report>
			<report>
				<misses>4919001</misses>
				<total>18</total>
				<timestamp>1572.506436</timestamp>
			</report>
			<report>
				<misses>4920001</misses>
				<total>18</total>
				<timestamp>1572.826150</timestamp>
			</report>
			<report>
				<misses>4921001</misses>
				<total>18</total>
				<timestamp>1573.145772</timestamp>
			</report>
			<report>
				<misses>4922001</misses>
				<total>18</total>
				<timestamp>1573.465576</timestamp>
			</report>
			<report>
				<misses>4923001</misses>
				<total>18</total>
				<timestamp>1573.785151</timestamp>
			</report>
			<report>
				<misses>4924001</misses>
				<total>18</total>
				<timestamp>1574.104970</timestamp>
			</report>
			<report>
				<misses>4925001</misses>
				<total>18</total>
				<timestamp>1574.424529</timestamp>
			</report>
			<report>
				<misses>4926001</misses>
				<total>18</total>
				<timestamp>1574.744210</timestamp>
			</report>
			<report>
				<misses>4927001</misses>
				<total>18</total>
				<timestamp>1575.063950</timestamp>
			</report>
			<report>
				<misses>4928001</misses>
				<total>18</total>
				<timestamp>1575.383588</timestamp>
			</report>
			<report>
				<misses>4929001</misses>
				<total>18</total>
				<timestamp>1575.703357</timestamp>
			</report>
			<report>
				<misses>4930001</misses>
				<total>18</total>
				<timestamp>1576.023036</timestamp>
			</report>
			<report>
				<misses>4931001</misses>
				<total>18</total>
				<timestamp>1576.342571</timestamp>
			</report>
			<report>
				<misses>4932001</misses>
				<total>18</total>
				<timestamp>1576.662284</timestamp>
			</report>
			<report>
				<misses>4933001</misses>
				<total>17</total>
				<timestamp>1576.982065</timestamp>
			</report>
			<report>
				<misses>4934001</misses>
				<total>18</total>
				<timestamp>1577.301644</timestamp>
			</report>
			<report>
				<misses>4935001</misses>
				<total>18</total>
				<timestamp>1577.621331</timestamp>
			</report>
			<report>
				<misses>4936001</misses>
				<total>18</total>
				<timestamp>1577.941055</timestamp>
			</report>
			<report>
				<misses>4937001</misses>
				<total>18</total>
				<timestamp>1578.260712</timestamp>
			</report>
			<report>
				<misses>4938001</misses>
				<total>18</total>
				<timestamp>1578.580344</timestamp>
			</report>
			<report>
				<misses>4939001</misses>
				<total>18</total>
				<timestamp>1578.900040</timestamp>
			</report>
			<report>
				<misses>4940001</misses>
				<total>18</total>
				<timestamp>1579.219835</timestamp>
			</report>
			<report>
				<misses>4941001</misses>
				<total>18</total>
				<timestamp>1579.539508</timestamp>
			</report>
			<report>
				<misses>4942001</misses>
				<total>18</total>
				<timestamp>1579.859057</timestamp>
			</report>
			<report>
				<misses>4943001</misses>
				<total>17</total>
				<timestamp>1580.178822</timestamp>
			</report>
			<report>
				<misses>4944001</misses>
				<total>18</total>
				<timestamp>1580.498576</timestamp>
			</report>
			<report>
				<misses>4945001</misses>
				<total>18</total>
				<timestamp>1580.818133</timestamp>
			</report>
			<report>
				<misses>4946001</misses>
				<total>18</total>
				<timestamp>1581.137813</timestamp>
			</report>
			<report>
				<misses>4947001</misses>
				<total>18</total>
				<timestamp>1581.457483</timestamp>
			</report>
			<report>
				<misses>4948001</misses>
				<total>17</total>
				<timestamp>1581.777227</timestamp>
			</report>
			<report>
				<misses>4949001</misses>
				<total>18</total>
				<timestamp>1582.096933</timestamp>
			</report>
			<report>
				<misses>4950001</misses>
				<total>18</total>
				<timestamp>1582.416582</timestamp>
			</report>
			<report>
				<misses>4951001</misses>
				<total>18</total>
				<timestamp>1582.736205</timestamp>
			</report>
			<report>
				<misses>4952001</misses>
				<total>18</total>
				<timestamp>1583.055940</timestamp>
			</report>
			<report>
				<misses>4953001</misses>
				<total>18</total>
				<timestamp>1583.375564</timestamp>
			</report>
			<report>
				<misses>4954001</misses>
				<total>18</total>
				<timestamp>1583.695200</timestamp>
			</report>
			<report>
				<misses>4955001</misses>
				<total>18</total>
				<timestamp>1584.015076</timestamp>
			</report>
			<report>
				<misses>4956001</misses>
				<total>18</total>
				<timestamp>1584.334696</timestamp>
			</report>
			<report>
				<misses>4957001</misses>
				<total>18</total>
				<timestamp>1584.654266</timestamp>
			</report>
			<report>
				<misses>4958001</misses>
				<total>18</total>
				<timestamp>1584.973947</timestamp>
			</report>
			<report>
				<misses>4959001</misses>
				<total>18</total>
				<timestamp>1585.293709</timestamp>
			</report>
			<report>
				<misses>4960001</misses>
				<total>18</total>
				<timestamp>1585.613313</timestamp>
			</report>
			<report>
				<misses>4961001</misses>
				<total>18</total>
				<timestamp>1585.932977</timestamp>
			</report>
			<report>
				<misses>4962001</misses>
				<total>18</total>
				<timestamp>1586.252705</timestamp>
			</report>
			<report>
				<misses>4963001</misses>
				<total>18</total>
				<timestamp>1586.572370</timestamp>
			</report>
			<report>
				<misses>4964001</misses>
				<total>18</total>
				<timestamp>1586.892017</timestamp>
			</report>
			<report>
				<misses>4965001</misses>
				<total>18</total>
				<timestamp>1587.211700</timestamp>
			</report>
			<report>
				<misses>4966001</misses>
				<total>18</total>
				<timestamp>1587.531435</timestamp>
			</report>
			<report>
				<misses>4967001</misses>
				<total>18</total>
				<timestamp>1587.851086</timestamp>
			</report>
			<report>
				<misses>4968001</misses>
				<total>18</total>
				<timestamp>1588.170799</timestamp>
			</report>
			<report>
				<misses>4969001</misses>
				<total>18</total>
				<timestamp>1588.490475</timestamp>
			</report>
			<report>
				<misses>4970001</misses>
				<total>18</total>
				<timestamp>1588.810158</timestamp>
			</report>
			<report>
				<misses>4971001</misses>
				<total>18</total>
				<timestamp>1589.129840</timestamp>
			</report>
			<report>
				<misses>4972001</misses>
				<total>18</total>
				<timestamp>1589.449585</timestamp>
			</report>
			<report>
				<misses>4973001</misses>
				<total>18</total>
				<timestamp>1589.769164</timestamp>
			</report>
			<report>
				<misses>4974001</misses>
				<total>18</total>
				<timestamp>1590.088978</timestamp>
			</report>
			<report>
				<misses>4975001</misses>
				<total>18</total>
				<timestamp>1590.408576</timestamp>
			</report>
			<report>
				<misses>4976001</misses>
				<total>18</total>
				<timestamp>1590.728180</timestamp>
			</report>
			<report>
				<misses>4977001</misses>
				<total>18</total>
				<timestamp>1591.047943</timestamp>
			</report>
			<report>
				<misses>4978001</misses>
				<total>17</total>
				<timestamp>1591.367622</timestamp>
			</report>
			<report>
				<misses>4979001</misses>
				<total>18</total>
				<timestamp>1591.687350</timestamp>
			</report>
			<report>
				<misses>4980001</misses>
				<total>18</total>
				<timestamp>1592.006954</timestamp>
			</report>
			<report>
				<misses>4981001</misses>
				<total>18</total>
				<timestamp>1592.326705</timestamp>
			</report>
			<report>
				<misses>4982001</misses>
				<total>18</total>
				<timestamp>1592.646241</timestamp>
			</report>
			<report>
				<misses>4983001</misses>
				<total>18</total>
				<timestamp>1592.965928</timestamp>
			</report>
			<report>
				<misses>4984001</misses>
				<total>18</total>
				<timestamp>1593.285676</timestamp>
			</report>
			<report>
				<misses>4985001</misses>
				<total>18</total>
				<timestamp>1593.605290</timestamp>
			</report>
			<report>
				<misses>4986001</misses>
				<total>18</total>
				<timestamp>1593.924965</timestamp>
			</report>
			<report>
				<misses>4987001</misses>
				<total>18</total>
				<timestamp>1594.244717</timestamp>
			</report>
			<report>
				<misses>4988001</misses>
				<total>18</total>
				<timestamp>1594.564379</timestamp>
			</report>
			<report>
				<misses>4989001</misses>
				<total>18</total>
				<timestamp>1594.884052</timestamp>
			</report>
			<report>
				<misses>4990001</misses>
				<total>18</total>
				<timestamp>1595.203711</timestamp>
			</report>
			<report>
				<misses>4991001</misses>
				<total>18</total>
				<timestamp>1595.523407</timestamp>
			</report>
			<report>
				<misses>4992001</misses>
				<total>18</total>
				<timestamp>1595.843037</timestamp>
			</report>
			<report>
				<misses>4993001</misses>
				<total>18</total>
				<timestamp>1596.162742</timestamp>
			</report>
			<report>
				<misses>4994001</misses>
				<total>18</total>
				<timestamp>1596.482450</timestamp>
			</report>
			<report>
				<misses>4995001</misses>
				<total>18</total>
				<timestamp>1596.802107</timestamp>
			</report>
			<report>
				<misses>4996001</misses>
				<total>18</total>
				<timestamp>1597.121851</timestamp>
			</report>
			<report>
				<misses>4997001</misses>
				<total>18</total>
				<timestamp>1597.441493</timestamp>
			</report>
			<report>
				<misses>4998001</misses>
				<total>18</total>
				<timestamp>1597.761179</timestamp>
			</report>
			<report>
				<misses>4999001</misses>
				<total>17</total>
				<timestamp>1598.080922</timestamp>
			</report>
			<report>
				<misses>5000001</misses>
				<total>18</total>
				<timestamp>1598.400580</timestamp>
			</report>
			<report>
				<misses>5001001</misses>
				<total>18</total>
				<timestamp>1598.720217</timestamp>
			</report>
			<report>
				<misses>5002001</misses>
				<total>18</total>
				<timestamp>1599.039881</timestamp>
			</report>
			<report>
				<misses>5003001</misses>
				<total>18</total>
				<timestamp>1599.359581</timestamp>
			</report>
			<report>
				<misses>5004001</misses>
				<total>18</total>
				<timestamp>1599.679268</timestamp>
			</report>
			<report>
				<misses>5005001</misses>
				<total>18</total>
				<timestamp>1599.998897</timestamp>
			</report>
			<report>
				<misses>5006001</misses>
				<total>18</total>
				<timestamp>1600.318590</timestamp>
			</report>
			<report>
				<misses>5007001</misses>
				<total>18</total>
				<timestamp>1600.638318</timestamp>
			</report>
			<report>
				<misses>5008001</misses>
				<total>18</total>
				<timestamp>1600.957991</timestamp>
			</report>
			<report>
				<misses>5009001</misses>
				<total>18</total>
				<timestamp>1601.277628</timestamp>
			</report>
			<report>
				<misses>5010001</misses>
				<total>18</total>
				<timestamp>1601.597365</timestamp>
			</report>
			<report>
				<misses>5011001</misses>
				<total>18</total>
				<timestamp>1601.917007</timestamp>
			</report>
			<report>
				<misses>5012001</misses>
				<total>18</total>
				<timestamp>1602.236709</timestamp>
			</report>
			<report>
				<misses>5013001</misses>
				<total>18</total>
				<timestamp>1602.556435</timestamp>
			</report>
			<report>
				<misses>5014001</misses>
				<total>18</total>
				<timestamp>1602.876009</timestamp>
			</report>
			<report>
				<misses>5015001</misses>
				<total>18</total>
				<timestamp>1603.195823</timestamp>
			</report>
			<report>
				<misses>5016001</misses>
				<total>18</total>
				<timestamp>1603.515428</timestamp>
			</report>
			<report>
				<misses>5017001</misses>
				<total>18</total>
				<timestamp>1603.835083</timestamp>
			</report>
			<report>
				<misses>5018001</misses>
				<total>18</total>
				<timestamp>1604.154796</timestamp>
			</report>
			<report>
				<misses>5019001</misses>
				<total>18</total>
				<timestamp>1604.474466</timestamp>
			</report>
			<report>
				<misses>5020001</misses>
				<total>18</total>
				<timestamp>1604.794077</timestamp>
			</report>
			<report>
				<misses>5021001</misses>
				<total>18</total>
				<timestamp>1605.113848</timestamp>
			</report>
			<report>
				<misses>5022001</misses>
				<total>18</total>
				<timestamp>1605.433546</timestamp>
			</report>
			<report>
				<misses>5023001</misses>
				<total>18</total>
				<timestamp>1605.753122</timestamp>
			</report>
			<report>
				<misses>5024001</misses>
				<total>18</total>
				<timestamp>1606.072851</timestamp>
			</report>
			<report>
				<misses>5025001</misses>
				<total>18</total>
				<timestamp>1606.392567</timestamp>
			</report>
			<report>
				<misses>5026001</misses>
				<total>18</total>
				<timestamp>1606.712194</timestamp>
			</report>
			<report>
				<misses>5027001</misses>
				<total>18</total>
				<timestamp>1607.031947</timestamp>
			</report>
			<report>
				<misses>5028001</misses>
				<total>18</total>
				<timestamp>1607.351599</timestamp>
			</report>
			<report>
				<misses>5029001</misses>
				<total>18</total>
				<timestamp>1607.671275</timestamp>
			</report>
			<report>
				<misses>5030001</misses>
				<total>18</total>
				<timestamp>1607.990893</timestamp>
			</report>
			<report>
				<misses>5031001</misses>
				<total>18</total>
				<timestamp>1608.310688</timestamp>
			</report>
			<report>
				<misses>5032001</misses>
				<total>18</total>
				<timestamp>1608.630331</timestamp>
			</report>
			<report>
				<misses>5033001</misses>
				<total>18</total>
				<timestamp>1608.949944</timestamp>
			</report>
			<report>
				<misses>5034001</misses>
				<total>18</total>
				<timestamp>1609.269702</timestamp>
			</report>
			<report>
				<misses>5035001</misses>
				<total>18</total>
				<timestamp>1609.589316</timestamp>
			</report>
			<report>
				<misses>5036001</misses>
				<total>18</total>
				<timestamp>1609.908962</timestamp>
			</report>
			<report>
				<misses>5037001</misses>
				<total>18</total>
				<timestamp>1610.228694</timestamp>
			</report>
			<report>
				<misses>5038001</misses>
				<total>18</total>
				<timestamp>1610.548342</timestamp>
			</report>
			<report>
				<misses>5039001</misses>
				<total>18</total>
				<timestamp>1610.868035</timestamp>
			</report>
			<report>
				<misses>5040001</misses>
				<total>17</total>
				<timestamp>1611.187814</timestamp>
			</report>
			<report>
				<misses>5041001</misses>
				<total>18</total>
				<timestamp>1611.507398</timestamp>
			</report>
			<report>
				<misses>5042001</misses>
				<total>17</total>
				<timestamp>1611.827154</timestamp>
			</report>
			<report>
				<misses>5043001</misses>
				<total>18</total>
				<timestamp>1612.146729</timestamp>
			</report>
			<report>
				<misses>5044001</misses>
				<total>18</total>
				<timestamp>1612.466568</timestamp>
			</report>
			<report>
				<misses>5045001</misses>
				<total>17</total>
				<timestamp>1612.786199</timestamp>
			</report>
			<report>
				<misses>5046001</misses>
				<total>18</total>
				<timestamp>1613.105791</timestamp>
			</report>
			<report>
				<misses>5047001</misses>
				<total>18</total>
				<timestamp>1613.425562</timestamp>
			</report>
			<report>
				<misses>5048001</misses>
				<total>18</total>
				<timestamp>1613.745235</timestamp>
			</report>
			<report>
				<misses>5049001</misses>
				<total>18</total>
				<timestamp>1614.064950</timestamp>
			</report>
			<report>
				<misses>5050001</misses>
				<total>18</total>
				<timestamp>1614.384587</timestamp>
			</report>
			<report>
				<misses>5051001</misses>
				<total>18</total>
				<timestamp>1614.704301</timestamp>
			</report>
			<report>
				<misses>5052001</misses>
				<total>18</total>
				<timestamp>1615.023962</timestamp>
			</report>
			<report>
				<misses>5053001</misses>
				<total>18</total>
				<timestamp>1615.343570</timestamp>
			</report>
			<report>
				<misses>5054001</misses>
				<total>18</total>
				<timestamp>1615.663246</timestamp>
			</report>
			<report>
				<misses>5055001</misses>
				<total>18</total>
				<timestamp>1615.982987</timestamp>
			</report>
			<report>
				<misses>5056001</misses>
				<total>18</total>
				<timestamp>1616.302603</timestamp>
			</report>
			<report>
				<misses>5057001</misses>
				<total>18</total>
				<timestamp>1616.622253</timestamp>
			</report>
			<report>
				<misses>5058001</misses>
				<total>18</total>
				<timestamp>1616.941948</timestamp>
			</report>
			<report>
				<misses>5059001</misses>
				<total>18</total>
				<timestamp>1617.261607</timestamp>
			</report>
			<report>
				<misses>5060001</misses>
				<total>18</total>
				<timestamp>1617.581321</timestamp>
			</report>
			<report>
				<misses>5061001</misses>
				<total>18</total>
				<timestamp>1617.900962</timestamp>
			</report>
			<report>
				<misses>5062001</misses>
				<total>18</total>
				<timestamp>1618.220660</timestamp>
			</report>
			<report>
				<misses>5063001</misses>
				<total>18</total>
				<timestamp>1618.540340</timestamp>
			</report>
			<report>
				<misses>5064001</misses>
				<total>18</total>
				<timestamp>1618.860082</timestamp>
			</report>
			<report>
				<misses>5065001</misses>
				<total>17</total>
				<timestamp>1619.179943</timestamp>
			</report>
			<report>
				<misses>5066001</misses>
				<total>17</total>
				<timestamp>1619.499465</timestamp>
			</report>
			<report>
				<misses>5067001</misses>
				<total>18</total>
				<timestamp>1619.819110</timestamp>
			</report>
			<report>
				<misses>5068001</misses>
				<total>17</total>
				<timestamp>1620.138930</timestamp>
			</report>
			<report>
				<misses>5069001</misses>
				<total>17</total>
				<timestamp>1620.458512</timestamp>
			</report>
			<report>
				<misses>5070001</misses>
				<total>18</total>
				<timestamp>1620.778099</timestamp>
			</report>
			<report>
				<misses>5071001</misses>
				<total>18</total>
				<timestamp>1621.097829</timestamp>
			</report>
			<report>
				<misses>5072001</misses>
				<total>17</total>
				<timestamp>1621.417579</timestamp>
			</report>
			<report>
				<misses>5073001</misses>
				<total>18</total>
				<timestamp>1621.737177</timestamp>
			</report>
			<report>
				<misses>5074001</misses>
				<total>18</total>
				<timestamp>1622.056833</timestamp>
			</report>
			<report>
				<misses>5075001</misses>
				<total>18</total>
				<timestamp>1622.376494</timestamp>
			</report>
			<report>
				<misses>5076001</misses>
				<total>18</total>
				<timestamp>1622.696228</timestamp>
			</report>
			<report>
				<misses>5077001</misses>
				<total>18</total>
				<timestamp>1623.015880</timestamp>
			</report>
			<report>
				<misses>5078001</misses>
				<total>18</total>
				<timestamp>1623.335571</timestamp>
			</report>
			<report>
				<misses>5079001</misses>
				<total>18</total>
				<timestamp>1623.655217</timestamp>
			</report>
			<report>
				<misses>5080001</misses>
				<total>18</total>
				<timestamp>1623.974917</timestamp>
			</report>
			<report>
				<misses>5081001</misses>
				<total>18</total>
				<timestamp>1624.294686</timestamp>
			</report>
			<report>
				<misses>5082001</misses>
				<total>18</total>
				<timestamp>1624.614301</timestamp>
			</report>
			<report>
				<misses>5083001</misses>
				<total>17</total>
				<timestamp>1624.934098</timestamp>
			</report>
			<report>
				<misses>5084001</misses>
				<total>18</total>
				<timestamp>1625.253700</timestamp>
			</report>
			<report>
				<misses>5085001</misses>
				<total>18</total>
				<timestamp>1625.573308</timestamp>
			</report>
			<report>
				<misses>5086001</misses>
				<total>18</total>
				<timestamp>1625.892999</timestamp>
			</report>
			<report>
				<misses>5087001</misses>
				<total>18</total>
				<timestamp>1626.212692</timestamp>
			</report>
			<report>
				<misses>5088001</misses>
				<total>18</total>
				<timestamp>1626.532337</timestamp>
			</report>
			<report>
				<misses>5089001</misses>
				<total>18</total>
				<timestamp>1626.852106</timestamp>
			</report>
			<report>
				<misses>5090001</misses>
				<total>18</total>
				<timestamp>1627.171744</timestamp>
			</report>
			<report>
				<misses>5091001</misses>
				<total>18</total>
				<timestamp>1627.491356</timestamp>
			</report>
			<report>
				<misses>5092001</misses>
				<total>18</total>
				<timestamp>1627.811033</timestamp>
			</report>
			<report>
				<misses>5093001</misses>
				<total>18</total>
				<timestamp>1628.130946</timestamp>
			</report>
			<report>
				<misses>5094001</misses>
				<total>18</total>
				<timestamp>1628.450416</timestamp>
			</report>
			<report>
				<misses>5095001</misses>
				<total>18</total>
				<timestamp>1628.770098</timestamp>
			</report>
			<report>
				<misses>5096001</misses>
				<total>18</total>
				<timestamp>1629.089840</timestamp>
			</report>
			<report>
				<misses>5097001</misses>
				<total>18</total>
				<timestamp>1629.409575</timestamp>
			</report>
			<report>
				<misses>5098001</misses>
				<total>18</total>
				<timestamp>1629.729148</timestamp>
			</report>
			<report>
				<misses>5099001</misses>
				<total>18</total>
				<timestamp>1630.048836</timestamp>
			</report>
			<report>
				<misses>5100001</misses>
				<total>18</total>
				<timestamp>1630.368495</timestamp>
			</report>
			<report>
				<misses>5101001</misses>
				<total>17</total>
				<timestamp>1630.688306</timestamp>
			</report>
			<report>
				<misses>5102001</misses>
				<total>18</total>
				<timestamp>1631.007876</timestamp>
			</report>
			<report>
				<misses>5103001</misses>
				<total>18</total>
				<timestamp>1631.327720</timestamp>
			</report>
			<report>
				<misses>5104001</misses>
				<total>18</total>
				<timestamp>1631.647280</timestamp>
			</report>
			<report>
				<misses>5105001</misses>
				<total>18</total>
				<timestamp>1631.966928</timestamp>
			</report>
			<report>
				<misses>5106001</misses>
				<total>18</total>
				<timestamp>1632.286608</timestamp>
			</report>
			<report>
				<misses>5107001</misses>
				<total>18</total>
				<timestamp>1632.606248</timestamp>
			</report>
			<report>
				<misses>5108001</misses>
				<total>17</total>
				<timestamp>1632.926113</timestamp>
			</report>
			<report>
				<misses>5109001</misses>
				<total>18</total>
				<timestamp>1633.245610</timestamp>
			</report>
			<report>
				<misses>5110001</misses>
				<total>18</total>
				<timestamp>1633.565299</timestamp>
			</report>
			<report>
				<misses>5111001</misses>
				<total>18</total>
				<timestamp>1633.884997</timestamp>
			</report>
			<report>
				<misses>5112001</misses>
				<total>18</total>
				<timestamp>1634.204665</timestamp>
			</report>
			<report>
				<misses>5113001</misses>
				<total>18</total>
				<timestamp>1634.524369</timestamp>
			</report>
			<report>
				<misses>5114001</misses>
				<total>18</total>
				<timestamp>1634.844109</timestamp>
			</report>
			<report>
				<misses>5115001</misses>
				<total>18</total>
				<timestamp>1635.163743</timestamp>
			</report>
			<report>
				<misses>5116001</misses>
				<total>18</total>
				<timestamp>1635.483398</timestamp>
			</report>
			<report>
				<misses>5117001</misses>
				<total>18</total>
				<timestamp>1635.803142</timestamp>
			</report>
			<report>
				<misses>5118001</misses>
				<total>18</total>
				<timestamp>1636.122731</timestamp>
			</report>
			<report>
				<misses>5119001</misses>
				<total>18</total>
				<timestamp>1636.442451</timestamp>
			</report>
			<report>
				<misses>5120001</misses>
				<total>18</total>
				<timestamp>1636.762135</timestamp>
			</report>
			<report>
				<misses>5121001</misses>
				<total>18</total>
				<timestamp>1637.081829</timestamp>
			</report>
			<report>
				<misses>5122001</misses>
				<total>18</total>
				<timestamp>1637.401505</timestamp>
			</report>
			<report>
				<misses>5123001</misses>
				<total>18</total>
				<timestamp>1637.721264</timestamp>
			</report>
			<report>
				<misses>5124001</misses>
				<total>18</total>
				<timestamp>1638.040865</timestamp>
			</report>
			<report>
				<misses>5125001</misses>
				<total>18</total>
				<timestamp>1638.360572</timestamp>
			</report>
			<report>
				<misses>5126001</misses>
				<total>17</total>
				<timestamp>1638.680277</timestamp>
			</report>
			<report>
				<misses>5127001</misses>
				<total>18</total>
				<timestamp>1638.999979</timestamp>
			</report>
			<report>
				<misses>5128001</misses>
				<total>18</total>
				<timestamp>1639.319560</timestamp>
			</report>
			<report>
				<misses>5129001</misses>
				<total>18</total>
				<timestamp>1639.639347</timestamp>
			</report>
			<report>
				<misses>5130001</misses>
				<total>18</total>
				<timestamp>1639.958940</timestamp>
			</report>
			<report>
				<misses>5131001</misses>
				<total>18</total>
				<timestamp>1640.278642</timestamp>
			</report>
			<report>
				<misses>5132001</misses>
				<total>18</total>
				<timestamp>1640.598252</timestamp>
			</report>
			<report>
				<misses>5133001</misses>
				<total>18</total>
				<timestamp>1640.917964</timestamp>
			</report>
			<report>
				<misses>5134001</misses>
				<total>18</total>
				<timestamp>1641.237628</timestamp>
			</report>
			<report>
				<misses>5135001</misses>
				<total>18</total>
				<timestamp>1641.557286</timestamp>
			</report>
			<report>
				<misses>5136001</misses>
				<total>18</total>
				<timestamp>1641.876975</timestamp>
			</report>
			<report>
				<misses>5137001</misses>
				<total>18</total>
				<timestamp>1642.196646</timestamp>
			</report>
			<report>
				<misses>5138001</misses>
				<total>18</total>
				<timestamp>1642.516350</timestamp>
			</report>
			<report>
				<misses>5139001</misses>
				<total>18</total>
				<timestamp>1642.836193</timestamp>
			</report>
			<report>
				<misses>5140001</misses>
				<total>18</total>
				<timestamp>1643.155707</timestamp>
			</report>
			<report>
				<misses>5141001</misses>
				<total>18</total>
				<timestamp>1643.475466</timestamp>
			</report>
			<report>
				<misses>5142001</misses>
				<total>18</total>
				<timestamp>1643.795133</timestamp>
			</report>
			<report>
				<misses>5143001</misses>
				<total>18</total>
				<timestamp>1644.114751</timestamp>
			</report>
			<report>
				<misses>5144001</misses>
				<total>18</total>
				<timestamp>1644.434486</timestamp>
			</report>
			<report>
				<misses>5145001</misses>
				<total>18</total>
				<timestamp>1644.754081</timestamp>
			</report>
			<report>
				<misses>5146001</misses>
				<total>18</total>
				<timestamp>1645.073783</timestamp>
			</report>
			<report>
				<misses>5147001</misses>
				<total>18</total>
				<timestamp>1645.393562</timestamp>
			</report>
			<report>
				<misses>5148001</misses>
				<total>18</total>
				<timestamp>1645.713184</timestamp>
			</report>
			<report>
				<misses>5149001</misses>
				<total>18</total>
				<timestamp>1646.032964</timestamp>
			</report>
			<report>
				<misses>5150001</misses>
				<total>18</total>
				<timestamp>1646.352585</timestamp>
			</report>
			<report>
				<misses>5151001</misses>
				<total>18</total>
				<timestamp>1646.672175</timestamp>
			</report>
			<report>
				<misses>5152001</misses>
				<total>18</total>
				<timestamp>1646.991983</timestamp>
			</report>
			<report>
				<misses>5153001</misses>
				<total>18</total>
				<timestamp>1647.311588</timestamp>
			</report>
			<report>
				<misses>5154001</misses>
				<total>18</total>
				<timestamp>1647.631251</timestamp>
			</report>
			<report>
				<misses>5155001</misses>
				<total>17</total>
				<timestamp>1647.951059</timestamp>
			</report>
			<report>
				<misses>5156001</misses>
				<total>18</total>
				<timestamp>1648.270561</timestamp>
			</report>
			<report>
				<misses>5157001</misses>
				<total>18</total>
				<timestamp>1648.590304</timestamp>
			</report>
			<report>
				<misses>5158001</misses>
				<total>18</total>
				<timestamp>1648.910012</timestamp>
			</report>
			<report>
				<misses>5159001</misses>
				<total>18</total>
				<timestamp>1649.229698</timestamp>
			</report>
			<report>
				<misses>5160001</misses>
				<total>18</total>
				<timestamp>1649.549278</timestamp>
			</report>
			<report>
				<misses>5161001</misses>
				<total>18</total>
				<timestamp>1649.869127</timestamp>
			</report>
			<report>
				<misses>5162001</misses>
				<total>18</total>
				<timestamp>1650.188699</timestamp>
			</report>
			<report>
				<misses>5163001</misses>
				<total>18</total>
				<timestamp>1650.508364</timestamp>
			</report>
			<report>
				<misses>5164001</misses>
				<total>18</total>
				<timestamp>1650.828068</timestamp>
			</report>
			<report>
				<misses>5165001</misses>
				<total>18</total>
				<timestamp>1651.147761</timestamp>
			</report>
			<report>
				<misses>5166001</misses>
				<total>18</total>
				<timestamp>1651.467392</timestamp>
			</report>
			<report>
				<misses>5167001</misses>
				<total>17</total>
				<timestamp>1651.787192</timestamp>
			</report>
			<report>
				<misses>5168001</misses>
				<total>18</total>
				<timestamp>1652.106788</timestamp>
			</report>
			<report>
				<misses>5169001</misses>
				<total>18</total>
				<timestamp>1652.426420</timestamp>
			</report>
			<report>
				<misses>5170001</misses>
				<total>18</total>
				<timestamp>1652.746140</timestamp>
			</report>
			<report>
				<misses>5171001</misses>
				<total>18</total>
				<timestamp>1653.065758</timestamp>
			</report>
			<report>
				<misses>5172001</misses>
				<total>18</total>
				<timestamp>1653.385566</timestamp>
			</report>
			<report>
				<misses>5173001</misses>
				<total>18</total>
				<timestamp>1653.705197</timestamp>
			</report>
			<report>
				<misses>5174001</misses>
				<total>18</total>
				<timestamp>1654.024823</timestamp>
			</report>
			<report>
				<misses>5175001</misses>
				<total>18</total>
				<timestamp>1654.344563</timestamp>
			</report>
			<report>
				<misses>5176001</misses>
				<total>18</total>
				<timestamp>1654.664178</timestamp>
			</report>
			<report>
				<misses>5177001</misses>
				<total>18</total>
				<timestamp>1654.983942</timestamp>
			</report>
			<report>
				<misses>5178001</misses>
				<total>18</total>
				<timestamp>1655.303711</timestamp>
			</report>
			<report>
				<misses>5179001</misses>
				<total>18</total>
				<timestamp>1655.623244</timestamp>
			</report>
			<report>
				<misses>5180001</misses>
				<total>18</total>
				<timestamp>1655.943002</timestamp>
			</report>
			<report>
				<misses>5181001</misses>
				<total>17</total>
				<timestamp>1656.262682</timestamp>
			</report>
			<report>
				<misses>5182001</misses>
				<total>18</total>
				<timestamp>1656.582305</timestamp>
			</report>
			<report>
				<misses>5183001</misses>
				<total>18</total>
				<timestamp>1656.902056</timestamp>
			</report>
			<report>
				<misses>5184001</misses>
				<total>18</total>
				<timestamp>1657.221694</timestamp>
			</report>
			<report>
				<misses>5185001</misses>
				<total>18</total>
				<timestamp>1657.541371</timestamp>
			</report>
			<report>
				<misses>5186001</misses>
				<total>18</total>
				<timestamp>1657.861037</timestamp>
			</report>
			<report>
				<misses>5187001</misses>
				<total>18</total>
				<timestamp>1658.180683</timestamp>
			</report>
			<report>
				<misses>5188001</misses>
				<total>18</total>
				<timestamp>1658.500364</timestamp>
			</report>
			<report>
				<misses>5189001</misses>
				<total>18</total>
				<timestamp>1658.820117</timestamp>
			</report>
			<report>
				<misses>5190001</misses>
				<total>18</total>
				<timestamp>1659.139678</timestamp>
			</report>
			<report>
				<misses>5191001</misses>
				<total>18</total>
				<timestamp>1659.459509</timestamp>
			</report>
			<report>
				<misses>5192001</misses>
				<total>17</total>
				<timestamp>1659.779148</timestamp>
			</report>
			<report>
				<misses>5193001</misses>
				<total>18</total>
				<timestamp>1660.098845</timestamp>
			</report>
			<report>
				<misses>5194001</misses>
				<total>18</total>
				<timestamp>1660.418521</timestamp>
			</report>
			<report>
				<misses>5195001</misses>
				<total>18</total>
				<timestamp>1660.738102</timestamp>
			</report>
			<report>
				<misses>5196001</misses>
				<total>18</total>
				<timestamp>1661.057819</timestamp>
			</report>
			<report>
				<misses>5197001</misses>
				<total>18</total>
				<timestamp>1661.377472</timestamp>
			</report>
			<report>
				<misses>5198001</misses>
				<total>18</total>
				<timestamp>1661.697155</timestamp>
			</report>
			<report>
				<misses>5199001</misses>
				<total>18</total>
				<timestamp>1662.016966</timestamp>
			</report>
			<report>
				<misses>5200001</misses>
				<total>18</total>
				<timestamp>1662.336478</timestamp>
			</report>
			<report>
				<misses>5201001</misses>
				<total>18</total>
				<timestamp>1662.656195</timestamp>
			</report>
			<report>
				<misses>5202001</misses>
				<total>18</total>
				<timestamp>1662.975974</timestamp>
			</report>
			<report>
				<misses>5203001</misses>
				<total>18</total>
				<timestamp>1663.295534</timestamp>
			</report>
			<report>
				<misses>5204001</misses>
				<total>18</total>
				<timestamp>1663.615203</timestamp>
			</report>
			<report>
				<misses>5205001</misses>
				<total>18</total>
				<timestamp>1663.935010</timestamp>
			</report>
			<report>
				<misses>5206001</misses>
				<total>18</total>
				<timestamp>1664.254567</timestamp>
			</report>
			<report>
				<misses>5207001</misses>
				<total>18</total>
				<timestamp>1664.574318</timestamp>
			</report>
			<report>
				<misses>5208001</misses>
				<total>18</total>
				<timestamp>1664.893982</timestamp>
			</report>
			<report>
				<misses>5209001</misses>
				<total>17</total>
				<timestamp>1665.213727</timestamp>
			</report>
			<report>
				<misses>5210001</misses>
				<total>18</total>
				<timestamp>1665.533440</timestamp>
			</report>
			<report>
				<misses>5211001</misses>
				<total>18</total>
				<timestamp>1665.853009</timestamp>
			</report>
			<report>
				<misses>5212001</misses>
				<total>18</total>
				<timestamp>1666.172808</timestamp>
			</report>
			<report>
				<misses>5213001</misses>
				<total>18</total>
				<timestamp>1666.492339</timestamp>
			</report>
			<report>
				<misses>5214001</misses>
				<total>18</total>
				<timestamp>1666.812078</timestamp>
			</report>
			<report>
				<misses>5215001</misses>
				<total>18</total>
				<timestamp>1667.131774</timestamp>
			</report>
			<report>
				<misses>5216001</misses>
				<total>18</total>
				<timestamp>1667.451364</timestamp>
			</report>
			<report>
				<misses>5217001</misses>
				<total>18</total>
				<timestamp>1667.771067</timestamp>
			</report>
			<report>
				<misses>5218001</misses>
				<total>18</total>
				<timestamp>1668.090753</timestamp>
			</report>
			<report>
				<misses>5219001</misses>
				<total>18</total>
				<timestamp>1668.410396</timestamp>
			</report>
			<report>
				<misses>5220001</misses>
				<total>18</total>
				<timestamp>1668.730085</timestamp>
			</report>
			<report>
				<misses>5221001</misses>
				<total>18</total>
				<timestamp>1669.049801</timestamp>
			</report>
			<report>
				<misses>5222001</misses>
				<total>18</total>
				<timestamp>1669.369582</timestamp>
			</report>
			<report>
				<misses>5223001</misses>
				<total>18</total>
				<timestamp>1669.689176</timestamp>
			</report>
			<report>
				<misses>5224001</misses>
				<total>18</total>
				<timestamp>1670.008956</timestamp>
			</report>
			<report>
				<misses>5225001</misses>
				<total>17</total>
				<timestamp>1670.328586</timestamp>
			</report>
			<report>
				<misses>5226001</misses>
				<total>18</total>
				<timestamp>1670.648165</timestamp>
			</report>
			<report>
				<misses>5227001</misses>
				<total>17</total>
				<timestamp>1670.967979</timestamp>
			</report>
			<report>
				<misses>5228001</misses>
				<total>17</total>
				<timestamp>1671.287701</timestamp>
			</report>
			<report>
				<misses>5229001</misses>
				<total>18</total>
				<timestamp>1671.607199</timestamp>
			</report>
			<report>
				<misses>5230001</misses>
				<total>18</total>
				<timestamp>1671.926915</timestamp>
			</report>
			<report>
				<misses>5231001</misses>
				<total>18</total>
				<timestamp>1672.246572</timestamp>
			</report>
			<report>
				<misses>5232001</misses>
				<total>18</total>
				<timestamp>1672.566271</timestamp>
			</report>
			<report>
				<misses>5233001</misses>
				<total>18</total>
				<timestamp>1672.885958</timestamp>
			</report>
			<report>
				<misses>5234001</misses>
				<total>18</total>
				<timestamp>1673.205716</timestamp>
			</report>
			<report>
				<misses>5235001</misses>
				<total>18</total>
				<timestamp>1673.525319</timestamp>
			</report>
			<report>
				<misses>5236001</misses>
				<total>18</total>
				<timestamp>1673.845016</timestamp>
			</report>
			<report>
				<misses>5237001</misses>
				<total>18</total>
				<timestamp>1674.164711</timestamp>
			</report>
			<report>
				<misses>5238001</misses>
				<total>18</total>
				<timestamp>1674.484378</timestamp>
			</report>
			<report>
				<misses>5239001</misses>
				<total>18</total>
				<timestamp>1674.804042</timestamp>
			</report>
			<report>
				<misses>5240001</misses>
				<total>18</total>
				<timestamp>1675.123728</timestamp>
			</report>
			<report>
				<misses>5241001</misses>
				<total>18</total>
				<timestamp>1675.443396</timestamp>
			</report>
			<report>
				<misses>5242001</misses>
				<total>18</total>
				<timestamp>1675.763033</timestamp>
			</report>
			<report>
				<misses>5243001</misses>
				<total>18</total>
				<timestamp>1676.082849</timestamp>
			</report>
			<report>
				<misses>5244001</misses>
				<total>18</total>
				<timestamp>1676.402508</timestamp>
			</report>
			<report>
				<misses>5245001</misses>
				<total>18</total>
				<timestamp>1676.722141</timestamp>
			</report>
			<report>
				<misses>5246001</misses>
				<total>18</total>
				<timestamp>1677.041822</timestamp>
			</report>
			<report>
				<misses>5247001</misses>
				<total>18</total>
				<timestamp>1677.361572</timestamp>
			</report>
			<report>
				<misses>5248001</misses>
				<total>18</total>
				<timestamp>1677.681173</timestamp>
			</report>
			<report>
				<misses>5249001</misses>
				<total>17</total>
				<timestamp>1678.000939</timestamp>
			</report>
			<report>
				<misses>5250001</misses>
				<total>17</total>
				<timestamp>1678.320612</timestamp>
			</report>
			<report>
				<misses>5251001</misses>
				<total>18</total>
				<timestamp>1678.640156</timestamp>
			</report>
			<report>
				<misses>5252001</misses>
				<total>18</total>
				<timestamp>1678.959916</timestamp>
			</report>
			<report>
				<misses>5253001</misses>
				<total>18</total>
				<timestamp>1679.279617</timestamp>
			</report>
			<report>
				<misses>5254001</misses>
				<total>18</total>
				<timestamp>1679.599204</timestamp>
			</report>
			<report>
				<misses>5255001</misses>
				<total>18</total>
				<timestamp>1679.918912</timestamp>
			</report>
			<report>
				<misses>5256001</misses>
				<total>18</total>
				<timestamp>1680.238696</timestamp>
			</report>
			<report>
				<misses>5257001</misses>
				<total>18</total>
				<timestamp>1680.558267</timestamp>
			</report>
			<report>
				<misses>5258001</misses>
				<total>18</total>
				<timestamp>1680.877961</timestamp>
			</report>
			<report>
				<misses>5259001</misses>
				<total>18</total>
				<timestamp>1681.197644</timestamp>
			</report>
			<report>
				<misses>5260001</misses>
				<total>18</total>
				<timestamp>1681.517363</timestamp>
			</report>
			<report>
				<misses>5261001</misses>
				<total>17</total>
				<timestamp>1681.837066</timestamp>
			</report>
			<report>
				<misses>5262001</misses>
				<total>18</total>
				<timestamp>1682.156651</timestamp>
			</report>
			<report>
				<misses>5263001</misses>
				<total>18</total>
				<timestamp>1682.476410</timestamp>
			</report>
			<report>
				<misses>5264001</misses>
				<total>18</total>
				<timestamp>1682.796142</timestamp>
			</report>
			<report>
				<misses>5265001</misses>
				<total>18</total>
				<timestamp>1683.115689</timestamp>
			</report>
			<report>
				<misses>5266001</misses>
				<total>18</total>
				<timestamp>1683.435382</timestamp>
			</report>
			<report>
				<misses>5267001</misses>
				<total>18</total>
				<timestamp>1683.755048</timestamp>
			</report>
			<report>
				<misses>5268001</misses>
				<total>18</total>
				<timestamp>1684.074778</timestamp>
			</report>
			<report>
				<misses>5269001</misses>
				<total>18</total>
				<timestamp>1684.394427</timestamp>
			</report>
			<report>
				<misses>5270001</misses>
				<total>18</total>
				<timestamp>1684.714082</timestamp>
			</report>
			<report>
				<misses>5271001</misses>
				<total>17</total>
				<timestamp>1685.033905</timestamp>
			</report>
			<report>
				<misses>5272001</misses>
				<total>18</total>
				<timestamp>1685.353504</timestamp>
			</report>
			<report>
				<misses>5273001</misses>
				<total>18</total>
				<timestamp>1685.673138</timestamp>
			</report>
			<report>
				<misses>5274001</misses>
				<total>18</total>
				<timestamp>1685.992851</timestamp>
			</report>
			<report>
				<misses>5275001</misses>
				<total>18</total>
				<timestamp>1686.312483</timestamp>
			</report>
			<report>
				<misses>5276001</misses>
				<total>18</total>
				<timestamp>1686.632195</timestamp>
			</report>
			<report>
				<misses>5277001</misses>
				<total>18</total>
				<timestamp>1686.951891</timestamp>
			</report>
			<report>
				<misses>5278001</misses>
				<total>18</total>
				<timestamp>1687.271609</timestamp>
			</report>
			<report>
				<misses>5279001</misses>
				<total>18</total>
				<timestamp>1687.591218</timestamp>
			</report>
			<report>
				<misses>5280001</misses>
				<total>18</total>
				<timestamp>1687.911018</timestamp>
			</report>
			<report>
				<misses>5281001</misses>
				<total>18</total>
				<timestamp>1688.230609</timestamp>
			</report>
			<report>
				<misses>5282001</misses>
				<total>18</total>
				<timestamp>1688.550236</timestamp>
			</report>
			<report>
				<misses>5283001</misses>
				<total>18</total>
				<timestamp>1688.869939</timestamp>
			</report>
			<report>
				<misses>5284001</misses>
				<total>18</total>
				<timestamp>1689.189629</timestamp>
			</report>
			<report>
				<misses>5285001</misses>
				<total>18</total>
				<timestamp>1689.509348</timestamp>
			</report>
			<report>
				<misses>5286001</misses>
				<total>18</total>
				<timestamp>1689.828970</timestamp>
			</report>
			<report>
				<misses>5287001</misses>
				<total>17</total>
				<timestamp>1690.148829</timestamp>
			</report>
			<report>
				<misses>5288001</misses>
				<total>18</total>
				<timestamp>1690.468373</timestamp>
			</report>
			<report>
				<misses>5289001</misses>
				<total>18</total>
				<timestamp>1690.788012</timestamp>
			</report>
			<report>
				<misses>5290001</misses>
				<total>18</total>
				<timestamp>1691.107715</timestamp>
			</report>
			<report>
				<misses>5291001</misses>
				<total>18</total>
				<timestamp>1691.427366</timestamp>
			</report>
			<report>
				<misses>5292001</misses>
				<total>18</total>
				<timestamp>1691.747081</timestamp>
			</report>
			<report>
				<misses>5293001</misses>
				<total>18</total>
				<timestamp>1692.066778</timestamp>
			</report>
			<report>
				<misses>5294001</misses>
				<total>18</total>
				<timestamp>1692.386544</timestamp>
			</report>
			<report>
				<misses>5295001</misses>
				<total>18</total>
				<timestamp>1692.706132</timestamp>
			</report>
			<report>
				<misses>5296001</misses>
				<total>18</total>
				<timestamp>1693.025792</timestamp>
			</report>
			<report>
				<misses>5297001</misses>
				<total>17</total>
				<timestamp>1693.345717</timestamp>
			</report>
			<report>
				<misses>5298001</misses>
				<total>18</total>
				<timestamp>1693.665215</timestamp>
			</report>
			<report>
				<misses>5299001</misses>
				<total>18</total>
				<timestamp>1693.984868</timestamp>
			</report>
			<report>
				<misses>5300001</misses>
				<total>18</total>
				<timestamp>1694.304575</timestamp>
			</report>
			<report>
				<misses>5301001</misses>
				<total>17</total>
				<timestamp>1694.624283</timestamp>
			</report>
			<report>
				<misses>5302001</misses>
				<total>18</total>
				<timestamp>1694.943913</timestamp>
			</report>
			<report>
				<misses>5303001</misses>
				<total>18</total>
				<timestamp>1695.263581</timestamp>
			</report>
			<report>
				<misses>5304001</misses>
				<total>18</total>
				<timestamp>1695.583201</timestamp>
			</report>
			<report>
				<misses>5305001</misses>
				<total>18</total>
				<timestamp>1695.903070</timestamp>
			</report>
			<report>
				<misses>5306001</misses>
				<total>18</total>
				<timestamp>1696.222564</timestamp>
			</report>
			<report>
				<misses>5307001</misses>
				<total>18</total>
				<timestamp>1696.542291</timestamp>
			</report>
			<report>
				<misses>5308001</misses>
				<total>18</total>
				<timestamp>1696.861937</timestamp>
			</report>
			<report>
				<misses>5309001</misses>
				<total>18</total>
				<timestamp>1697.181619</timestamp>
			</report>
			<report>
				<misses>5310001</misses>
				<total>18</total>
				<timestamp>1697.501298</timestamp>
			</report>
			<report>
				<misses>5311001</misses>
				<total>18</total>
				<timestamp>1697.821017</timestamp>
			</report>
			<report>
				<misses>5312001</misses>
				<total>18</total>
				<timestamp>1698.140730</timestamp>
			</report>
			<report>
				<misses>5313001</misses>
				<total>18</total>
				<timestamp>1698.460328</timestamp>
			</report>
			<report>
				<misses>5314001</misses>
				<total>18</total>
				<timestamp>1698.779999</timestamp>
			</report>
			<report>
				<misses>5315001</misses>
				<total>18</total>
				<timestamp>1699.099814</timestamp>
			</report>
			<report>
				<misses>5316001</misses>
				<total>18</total>
				<timestamp>1699.419465</timestamp>
			</report>
			<report>
				<misses>5317001</misses>
				<total>18</total>
				<timestamp>1699.739044</timestamp>
			</report>
			<report>
				<misses>5318001</misses>
				<total>18</total>
				<timestamp>1700.058817</timestamp>
			</report>
			<report>
				<misses>5319001</misses>
				<total>18</total>
				<timestamp>1700.378422</timestamp>
			</report>
			<report>
				<misses>5320001</misses>
				<total>18</total>
				<timestamp>1700.698119</timestamp>
			</report>
			<report>
				<misses>5321001</misses>
				<total>18</total>
				<timestamp>1701.017818</timestamp>
			</report>
			<report>
				<misses>5322001</misses>
				<total>18</total>
				<timestamp>1701.337450</timestamp>
			</report>
			<report>
				<misses>5323001</misses>
				<total>17</total>
				<timestamp>1701.657228</timestamp>
			</report>
			<report>
				<misses>5324001</misses>
				<total>18</total>
				<timestamp>1701.976936</timestamp>
			</report>
			<report>
				<misses>5325001</misses>
				<total>18</total>
				<timestamp>1702.296562</timestamp>
			</report>
			<report>
				<misses>5326001</misses>
				<total>18</total>
				<timestamp>1702.616238</timestamp>
			</report>
			<report>
				<misses>5327001</misses>
				<total>18</total>
				<timestamp>1702.935973</timestamp>
			</report>
			<report>
				<misses>5328001</misses>
				<total>18</total>
				<timestamp>1703.255519</timestamp>
			</report>
			<report>
				<misses>5329001</misses>
				<total>18</total>
				<timestamp>1703.575244</timestamp>
			</report>
			<report>
				<misses>5330001</misses>
				<total>17</total>
				<timestamp>1703.895086</timestamp>
			</report>
			<report>
				<misses>5331001</misses>
				<total>18</total>
				<timestamp>1704.214610</timestamp>
			</report>
			<report>
				<misses>5332001</misses>
				<total>18</total>
				<timestamp>1704.534244</timestamp>
			</report>
			<report>
				<misses>5333001</misses>
				<total>18</total>
				<timestamp>1704.854014</timestamp>
			</report>
			<report>
				<misses>5334001</misses>
				<total>18</total>
				<timestamp>1705.173707</timestamp>
			</report>
			<report>
				<misses>5335001</misses>
				<total>18</total>
				<timestamp>1705.493310</timestamp>
			</report>
			<report>
				<misses>5336001</misses>
				<total>18</total>
				<timestamp>1705.813085</timestamp>
			</report>
			<report>
				<misses>5337001</misses>
				<total>18</total>
				<timestamp>1706.132732</timestamp>
			</report>
			<report>
				<misses>5338001</misses>
				<total>18</total>
				<timestamp>1706.452359</timestamp>
			</report>
			<report>
				<misses>5339001</misses>
				<total>18</total>
				<timestamp>1706.772156</timestamp>
			</report>
			<report>
				<misses>5340001</misses>
				<total>18</total>
				<timestamp>1707.091770</timestamp>
			</report>
			<report>
				<misses>5341001</misses>
				<total>18</total>
				<timestamp>1707.411373</timestamp>
			</report>
			<report>
				<misses>5342001</misses>
				<total>18</total>
				<timestamp>1707.731040</timestamp>
			</report>
			<report>
				<misses>5343001</misses>
				<total>18</total>
				<timestamp>1708.050754</timestamp>
			</report>
			<report>
				<misses>5344001</misses>
				<total>18</total>
				<timestamp>1708.370570</timestamp>
			</report>
			<report>
				<misses>5345001</misses>
				<total>18</total>
				<timestamp>1708.690097</timestamp>
			</report>
			<report>
				<misses>5346001</misses>
				<total>18</total>
				<timestamp>1709.009798</timestamp>
			</report>
			<report>
				<misses>5347001</misses>
				<total>18</total>
				<timestamp>1709.329477</timestamp>
			</report>
			<report>
				<misses>5348001</misses>
				<total>18</total>
				<timestamp>1709.649166</timestamp>
			</report>
			<report>
				<misses>5349001</misses>
				<total>18</total>
				<timestamp>1709.968863</timestamp>
			</report>
			<report>
				<misses>5350001</misses>
				<total>18</total>
				<timestamp>1710.288570</timestamp>
			</report>
			<report>
				<misses>5351001</misses>
				<total>18</total>
				<timestamp>1710.608165</timestamp>
			</report>
			<report>
				<misses>5352001</misses>
				<total>18</total>
				<timestamp>1710.927961</timestamp>
			</report>
			<report>
				<misses>5353001</misses>
				<total>18</total>
				<timestamp>1711.247554</timestamp>
			</report>
			<report>
				<misses>5354001</misses>
				<total>18</total>
				<timestamp>1711.567253</timestamp>
			</report>
			<report>
				<misses>5355001</misses>
				<total>18</total>
				<timestamp>1711.886918</timestamp>
			</report>
			<report>
				<misses>5356001</misses>
				<total>18</total>
				<timestamp>1712.206739</timestamp>
			</report>
			<report>
				<misses>5357001</misses>
				<total>18</total>
				<timestamp>1712.526285</timestamp>
			</report>
			<report>
				<misses>5358001</misses>
				<total>18</total>
				<timestamp>1712.845991</timestamp>
			</report>
			<report>
				<misses>5359001</misses>
				<total>18</total>
				<timestamp>1713.165698</timestamp>
			</report>
			<report>
				<misses>5360001</misses>
				<total>18</total>
				<timestamp>1713.485348</timestamp>
			</report>
			<report>
				<misses>5361001</misses>
				<total>18</total>
				<timestamp>1713.805022</timestamp>
			</report>
			<report>
				<misses>5362001</misses>
				<total>18</total>
				<timestamp>1714.124834</timestamp>
			</report>
			<report>
				<misses>5363001</misses>
				<total>18</total>
				<timestamp>1714.444378</timestamp>
			</report>
			<report>
				<misses>5364001</misses>
				<total>18</total>
				<timestamp>1714.764073</timestamp>
			</report>
			<report>
				<misses>5365001</misses>
				<total>18</total>
				<timestamp>1715.083695</timestamp>
			</report>
			<report>
				<misses>5366001</misses>
				<total>18</total>
				<timestamp>1715.403395</timestamp>
			</report>
			<report>
				<misses>5367001</misses>
				<total>18</total>
				<timestamp>1715.723055</timestamp>
			</report>
			<report>
				<misses>5368001</misses>
				<total>18</total>
				<timestamp>1716.042793</timestamp>
			</report>
			<report>
				<misses>5369001</misses>
				<total>18</total>
				<timestamp>1716.362467</timestamp>
			</report>
			<report>
				<misses>5370001</misses>
				<total>18</total>
				<timestamp>1716.682107</timestamp>
			</report>
			<report>
				<misses>5371001</misses>
				<total>18</total>
				<timestamp>1717.001850</timestamp>
			</report>
			<report>
				<misses>5372001</misses>
				<total>18</total>
				<timestamp>1717.321598</timestamp>
			</report>
			<report>
				<misses>5373001</misses>
				<total>18</total>
				<timestamp>1717.641162</timestamp>
			</report>
			<report>
				<misses>5374001</misses>
				<total>18</total>
				<timestamp>1717.960846</timestamp>
			</report>
			<report>
				<misses>5375001</misses>
				<total>18</total>
				<timestamp>1718.280565</timestamp>
			</report>
			<report>
				<misses>5376001</misses>
				<total>18</total>
				<timestamp>1718.600248</timestamp>
			</report>
			<report>
				<misses>5377001</misses>
				<total>17</total>
				<timestamp>1718.920030</timestamp>
			</report>
			<report>
				<misses>5378001</misses>
				<total>18</total>
				<timestamp>1719.239649</timestamp>
			</report>
			<report>
				<misses>5379001</misses>
				<total>18</total>
				<timestamp>1719.559249</timestamp>
			</report>
			<report>
				<misses>5380001</misses>
				<total>18</total>
				<timestamp>1719.878939</timestamp>
			</report>
			<report>
				<misses>5381001</misses>
				<total>18</total>
				<timestamp>1720.198654</timestamp>
			</report>
			<report>
				<misses>5382001</misses>
				<total>18</total>
				<timestamp>1720.518335</timestamp>
			</report>
			<report>
				<misses>5383001</misses>
				<total>18</total>
				<timestamp>1720.837986</timestamp>
			</report>
			<report>
				<misses>5384001</misses>
				<total>18</total>
				<timestamp>1721.157709</timestamp>
			</report>
			<report>
				<misses>5385001</misses>
				<total>18</total>
				<timestamp>1721.477292</timestamp>
			</report>
			<report>
				<misses>5386001</misses>
				<total>18</total>
				<timestamp>1721.797029</timestamp>
			</report>
			<report>
				<misses>5387001</misses>
				<total>18</total>
				<timestamp>1722.116680</timestamp>
			</report>
			<report>
				<misses>5388001</misses>
				<total>18</total>
				<timestamp>1722.436378</timestamp>
			</report>
			<report>
				<misses>5389001</misses>
				<total>17</total>
				<timestamp>1722.756127</timestamp>
			</report>
			<report>
				<misses>5390001</misses>
				<total>18</total>
				<timestamp>1723.075819</timestamp>
			</report>
			<report>
				<misses>5391001</misses>
				<total>18</total>
				<timestamp>1723.395435</timestamp>
			</report>
			<report>
				<misses>5392001</misses>
				<total>18</total>
				<timestamp>1723.715065</timestamp>
			</report>
			<report>
				<misses>5393001</misses>
				<total>18</total>
				<timestamp>1724.034749</timestamp>
			</report>
			<report>
				<misses>5394001</misses>
				<total>18</total>
				<timestamp>1724.354422</timestamp>
			</report>
			<report>
				<misses>5395001</misses>
				<total>18</total>
				<timestamp>1724.674140</timestamp>
			</report>
			<report>
				<misses>5396001</misses>
				<total>17</total>
				<timestamp>1724.993886</timestamp>
			</report>
			<report>
				<misses>5397001</misses>
				<total>18</total>
				<timestamp>1725.313534</timestamp>
			</report>
			<report>
				<misses>5398001</misses>
				<total>17</total>
				<timestamp>1725.633233</timestamp>
			</report>
			<report>
				<misses>5399001</misses>
				<total>18</total>
				<timestamp>1725.952949</timestamp>
			</report>
			<report>
				<misses>5400001</misses>
				<total>18</total>
				<timestamp>1726.272545</timestamp>
			</report>
			<report>
				<misses>5401001</misses>
				<total>18</total>
				<timestamp>1726.592167</timestamp>
			</report>
			<report>
				<misses>5402001</misses>
				<total>18</total>
				<timestamp>1726.911956</timestamp>
			</report>
			<report>
				<misses>5403001</misses>
				<total>18</total>
				<timestamp>1727.231700</timestamp>
			</report>
			<report>
				<misses>5404001</misses>
				<total>18</total>
				<timestamp>1727.551209</timestamp>
			</report>
			<report>
				<misses>5405001</misses>
				<total>18</total>
				<timestamp>1727.870945</timestamp>
			</report>
			<report>
				<misses>5406001</misses>
				<total>18</total>
				<timestamp>1728.190684</timestamp>
			</report>
			<report>
				<misses>5407001</misses>
				<total>18</total>
				<timestamp>1728.510305</timestamp>
			</report>
			<report>
				<misses>5408001</misses>
				<total>18</total>
				<timestamp>1728.829946</timestamp>
			</report>
			<report>
				<misses>5409001</misses>
				<total>18</total>
				<timestamp>1729.149670</timestamp>
			</report>
			<report>
				<misses>5410001</misses>
				<total>18</total>
				<timestamp>1729.469373</timestamp>
			</report>
			<report>
				<misses>5411001</misses>
				<total>18</total>
				<timestamp>1729.788971</timestamp>
			</report>
			<report>
				<misses>5412001</misses>
				<total>18</total>
				<timestamp>1730.108694</timestamp>
			</report>
			<report>
				<misses>5413001</misses>
				<total>18</total>
				<timestamp>1730.428383</timestamp>
			</report>
			<report>
				<misses>5414001</misses>
				<total>18</total>
				<timestamp>1730.748049</timestamp>
			</report>
			<report>
				<misses>5415001</misses>
				<total>18</total>
				<timestamp>1731.067701</timestamp>
			</report>
			<report>
				<misses>5416001</misses>
				<total>18</total>
				<timestamp>1731.387382</timestamp>
			</report>
			<report>
				<misses>5417001</misses>
				<total>18</total>
				<timestamp>1731.707096</timestamp>
			</report>
			<report>
				<misses>5418001</misses>
				<total>18</total>
				<timestamp>1732.026833</timestamp>
			</report>
			<report>
				<misses>5419001</misses>
				<total>17</total>
				<timestamp>1732.346556</timestamp>
			</report>
			<report>
				<misses>5420001</misses>
				<total>17</total>
				<timestamp>1732.666202</timestamp>
			</report>
			<report>
				<misses>5421001</misses>
				<total>18</total>
				<timestamp>1732.985767</timestamp>
			</report>
			<report>
				<misses>5422001</misses>
				<total>18</total>
				<timestamp>1733.305474</timestamp>
			</report>
			<report>
				<misses>5423001</misses>
				<total>18</total>
				<timestamp>1733.625185</timestamp>
			</report>
			<report>
				<misses>5424001</misses>
				<total>18</total>
				<timestamp>1733.944837</timestamp>
			</report>
			<report>
				<misses>5425001</misses>
				<total>18</total>
				<timestamp>1734.264555</timestamp>
			</report>
			<report>
				<misses>5426001</misses>
				<total>18</total>
				<timestamp>1734.584175</timestamp>
			</report>
			<report>
				<misses>5427001</misses>
				<total>18</total>
				<timestamp>1734.903900</timestamp>
			</report>
			<report>
				<misses>5428001</misses>
				<total>18</total>
				<timestamp>1735.223556</timestamp>
			</report>
			<report>
				<misses>5429001</misses>
				<total>18</total>
				<timestamp>1735.543216</timestamp>
			</report>
			<report>
				<misses>5430001</misses>
				<total>18</total>
				<timestamp>1735.863009</timestamp>
			</report>
			<report>
				<misses>5431001</misses>
				<total>18</total>
				<timestamp>1736.182601</timestamp>
			</report>
			<report>
				<misses>5432001</misses>
				<total>17</total>
				<timestamp>1736.502367</timestamp>
			</report>
			<report>
				<misses>5433001</misses>
				<total>18</total>
				<timestamp>1736.821961</timestamp>
			</report>
			<report>
				<misses>5434001</misses>
				<total>18</total>
				<timestamp>1737.141643</timestamp>
			</report>
			<report>
				<misses>5435001</misses>
				<total>18</total>
				<timestamp>1737.461350</timestamp>
			</report>
			<report>
				<misses>5436001</misses>
				<total>18</total>
				<timestamp>1737.780995</timestamp>
			</report>
			<report>
				<misses>5437001</misses>
				<total>18</total>
				<timestamp>1738.100693</timestamp>
			</report>
			<report>
				<misses>5438001</misses>
				<total>18</total>
				<timestamp>1738.420318</timestamp>
			</report>
			<report>
				<misses>5439001</misses>
				<total>17</total>
				<timestamp>1738.740111</timestamp>
			</report>
			<report>
				<misses>5440001</misses>
				<total>18</total>
				<timestamp>1739.059715</timestamp>
			</report>
			<report>
				<misses>5441001</misses>
				<total>18</total>
				<timestamp>1739.379444</timestamp>
			</report>
			<report>
				<misses>5442001</misses>
				<total>18</total>
				<timestamp>1739.699096</timestamp>
			</report>
			<report>
				<misses>5443001</misses>
				<total>18</total>
				<timestamp>1740.018744</timestamp>
			</report>
			<report>
				<misses>5444001</misses>
				<total>18</total>
				<timestamp>1740.338412</timestamp>
			</report>
			<report>
				<misses>5445001</misses>
				<total>18</total>
				<timestamp>1740.658113</timestamp>
			</report>
			<report>
				<misses>5446001</misses>
				<total>18</total>
				<timestamp>1740.977819</timestamp>
			</report>
			<report>
				<misses>5447001</misses>
				<total>18</total>
				<timestamp>1741.297603</timestamp>
			</report>
			<report>
				<misses>5448001</misses>
				<total>18</total>
				<timestamp>1741.617169</timestamp>
			</report>
			<report>
				<misses>5449001</misses>
				<total>18</total>
				<timestamp>1741.936834</timestamp>
			</report>
			<report>
				<misses>5450001</misses>
				<total>18</total>
				<timestamp>1742.256520</timestamp>
			</report>
			<report>
				<misses>5451001</misses>
				<total>18</total>
				<timestamp>1742.576214</timestamp>
			</report>
			<report>
				<misses>5452001</misses>
				<total>17</total>
				<timestamp>1742.896037</timestamp>
			</report>
			<report>
				<misses>5453001</misses>
				<total>18</total>
				<timestamp>1743.215718</timestamp>
			</report>
			<report>
				<misses>5454001</misses>
				<total>18</total>
				<timestamp>1743.535335</timestamp>
			</report>
			<report>
				<misses>5455001</misses>
				<total>18</total>
				<timestamp>1743.854915</timestamp>
			</report>
			<report>
				<misses>5456001</misses>
				<total>17</total>
				<timestamp>1744.174679</timestamp>
			</report>
			<report>
				<misses>5457001</misses>
				<total>18</total>
				<timestamp>1744.494299</timestamp>
			</report>
			<report>
				<misses>5458001</misses>
				<total>18</total>
				<timestamp>1744.813959</timestamp>
			</report>
			<report>
				<misses>5459001</misses>
				<total>17</total>
				<timestamp>1745.133823</timestamp>
			</report>
			<report>
				<misses>5460001</misses>
				<total>18</total>
				<timestamp>1745.453317</timestamp>
			</report>
			<report>
				<misses>5461001</misses>
				<total>18</total>
				<timestamp>1745.773064</timestamp>
			</report>
			<report>
				<misses>5462001</misses>
				<total>18</total>
				<timestamp>1746.092679</timestamp>
			</report>
			<report>
				<misses>5463001</misses>
				<total>18</total>
				<timestamp>1746.412370</timestamp>
			</report>
			<report>
				<misses>5464001</misses>
				<total>18</total>
				<timestamp>1746.732052</timestamp>
			</report>
			<report>
				<misses>5465001</misses>
				<total>17</total>
				<timestamp>1747.051830</timestamp>
			</report>
			<report>
				<misses>5466001</misses>
				<total>18</total>
				<timestamp>1747.371564</timestamp>
			</report>
			<report>
				<misses>5467001</misses>
				<total>18</total>
				<timestamp>1747.691032</timestamp>
			</report>
			<report>
				<misses>5468001</misses>
				<total>18</total>
				<timestamp>1748.010775</timestamp>
			</report>
			<report>
				<misses>5469001</misses>
				<total>18</total>
				<timestamp>1748.330581</timestamp>
			</report>
			<report>
				<misses>5470001</misses>
				<total>17</total>
				<timestamp>1748.650191</timestamp>
			</report>
			<report>
				<misses>5471001</misses>
				<total>18</total>
				<timestamp>1748.969840</timestamp>
			</report>
			<report>
				<misses>5472001</misses>
				<total>18</total>
				<timestamp>1749.289466</timestamp>
			</report>
			<report>
				<misses>5473001</misses>
				<total>18</total>
				<timestamp>1749.609139</timestamp>
			</report>
			<report>
				<misses>5474001</misses>
				<total>18</total>
				<timestamp>1749.928894</timestamp>
			</report>
			<report>
				<misses>5475001</misses>
				<total>18</total>
				<timestamp>1750.248610</timestamp>
			</report>
			<report>
				<misses>5476001</misses>
				<total>18</total>
				<timestamp>1750.568170</timestamp>
			</report>
			<report>
				<misses>5477001</misses>
				<total>18</total>
				<timestamp>1750.887951</timestamp>
			</report>
			<report>
				<misses>5478001</misses>
				<total>18</total>
				<timestamp>1751.207570</timestamp>
			</report>
			<report>
				<misses>5479001</misses>
				<total>17</total>
				<timestamp>1751.527366</timestamp>
			</report>
			<report>
				<misses>5480001</misses>
				<total>18</total>
				<timestamp>1751.846916</timestamp>
			</report>
			<report>
				<misses>5481001</misses>
				<total>18</total>
				<timestamp>1752.166691</timestamp>
			</report>
			<report>
				<misses>5482001</misses>
				<total>18</total>
				<timestamp>1752.486285</timestamp>
			</report>
			<report>
				<misses>5483001</misses>
				<total>18</total>
				<timestamp>1752.805992</timestamp>
			</report>
			<report>
				<misses>5484001</misses>
				<total>17</total>
				<timestamp>1753.125718</timestamp>
			</report>
			<report>
				<misses>5485001</misses>
				<total>18</total>
				<timestamp>1753.445326</timestamp>
			</report>
			<report>
				<misses>5486001</misses>
				<total>18</total>
				<timestamp>1753.764955</timestamp>
			</report>
			<report>
				<misses>5487001</misses>
				<total>18</total>
				<timestamp>1754.084690</timestamp>
			</report>
			<report>
				<misses>5488001</misses>
				<total>18</total>
				<timestamp>1754.404339</timestamp>
			</report>
			<report>
				<misses>5489001</misses>
				<total>18</total>
				<timestamp>1754.723996</timestamp>
			</report>
			<report>
				<misses>5490001</misses>
				<total>18</total>
				<timestamp>1755.043682</timestamp>
			</report>
			<report>
				<misses>5491001</misses>
				<total>18</total>
				<timestamp>1755.363596</timestamp>
			</report>
			<report>
				<misses>5492001</misses>
				<total>17</total>
				<timestamp>1755.683171</timestamp>
			</report>
			<report>
				<misses>5493001</misses>
				<total>18</total>
				<timestamp>1756.002750</timestamp>
			</report>
			<report>
				<misses>5494001</misses>
				<total>18</total>
				<timestamp>1756.322584</timestamp>
			</report>
			<report>
				<misses>5495001</misses>
				<total>18</total>
				<timestamp>1756.642106</timestamp>
			</report>
			<report>
				<misses>5496001</misses>
				<total>18</total>
				<timestamp>1756.961753</timestamp>
			</report>
			<report>
				<misses>5497001</misses>
				<total>18</total>
				<timestamp>1757.281652</timestamp>
			</report>
			<report>
				<misses>5498001</misses>
				<total>18</total>
				<timestamp>1757.601227</timestamp>
			</report>
			<report>
				<misses>5499001</misses>
				<total>18</total>
				<timestamp>1757.920820</timestamp>
			</report>
			<report>
				<misses>5500001</misses>
				<total>18</total>
				<timestamp>1758.240525</timestamp>
			</report>
			<report>
				<misses>5501001</misses>
				<total>18</total>
				<timestamp>1758.560204</timestamp>
			</report>
			<report>
				<misses>5502001</misses>
				<total>18</total>
				<timestamp>1758.879989</timestamp>
			</report>
			<report>
				<misses>5503001</misses>
				<total>18</total>
				<timestamp>1759.199584</timestamp>
			</report>
			<report>
				<misses>5504001</misses>
				<total>18</total>
				<timestamp>1759.519249</timestamp>
			</report>
			<report>
				<misses>5505001</misses>
				<total>18</total>
				<timestamp>1759.838941</timestamp>
			</report>
			<report>
				<misses>5506001</misses>
				<total>18</total>
				<timestamp>1760.158685</timestamp>
			</report>
			<report>
				<misses>5507001</misses>
				<total>18</total>
				<timestamp>1760.478250</timestamp>
			</report>
			<report>
				<misses>5508001</misses>
				<total>18</total>
				<timestamp>1760.797968</timestamp>
			</report>
			<report>
				<misses>5509001</misses>
				<total>17</total>
				<timestamp>1761.117700</timestamp>
			</report>
			<report>
				<misses>5510001</misses>
				<total>17</total>
				<timestamp>1761.437385</timestamp>
			</report>
			<report>
				<misses>5511001</misses>
				<total>18</total>
				<timestamp>1761.756993</timestamp>
			</report>
			<report>
				<misses>5512001</misses>
				<total>18</total>
				<timestamp>1762.076790</timestamp>
			</report>
			<report>
				<misses>5513001</misses>
				<total>18</total>
				<timestamp>1762.396345</timestamp>
			</report>
			<report>
				<misses>5514001</misses>
				<total>18</total>
				<timestamp>1762.716063</timestamp>
			</report>
			<report>
				<misses>5515001</misses>
				<total>17</total>
				<timestamp>1763.035800</timestamp>
			</report>
			<report>
				<misses>5516001</misses>
				<total>18</total>
				<timestamp>1763.355374</timestamp>
			</report>
			<report>
				<misses>5517001</misses>
				<total>18</total>
				<timestamp>1763.675068</timestamp>
			</report>
			<report>
				<misses>5518001</misses>
				<total>18</total>
				<timestamp>1763.994721</timestamp>
			</report>
			<report>
				<misses>5519001</misses>
				<total>18</total>
				<timestamp>1764.314568</timestamp>
			</report>
			<report>
				<misses>5520001</misses>
				<total>17</total>
				<timestamp>1764.634200</timestamp>
			</report>
			<report>
				<misses>5521001</misses>
				<total>18</total>
				<timestamp>1764.953859</timestamp>
			</report>
			<report>
				<misses>5522001</misses>
				<total>18</total>
				<timestamp>1765.273589</timestamp>
			</report>
			<report>
				<misses>5523001</misses>
				<total>18</total>
				<timestamp>1765.593241</timestamp>
			</report>
			<report>
				<misses>5524001</misses>
				<total>18</total>
				<timestamp>1765.912884</timestamp>
			</report>
			<report>
				<misses>5525001</misses>
				<total>18</total>
				<timestamp>1766.232522</timestamp>
			</report>
			<report>
				<misses>5526001</misses>
				<total>18</total>
				<timestamp>1766.552186</timestamp>
			</report>
			<report>
				<misses>5527001</misses>
				<total>18</total>
				<timestamp>1766.871948</timestamp>
			</report>
			<report>
				<misses>5528001</misses>
				<total>18</total>
				<timestamp>1767.191692</timestamp>
			</report>
			<report>
				<misses>5529001</misses>
				<total>18</total>
				<timestamp>1767.511278</timestamp>
			</report>
			<report>
				<misses>5530001</misses>
				<total>18</total>
				<timestamp>1767.830933</timestamp>
			</report>
			<report>
				<misses>5531001</misses>
				<total>18</total>
				<timestamp>1768.150712</timestamp>
			</report>
			<report>
				<misses>5532001</misses>
				<total>18</total>
				<timestamp>1768.470294</timestamp>
			</report>
			<report>
				<misses>5533001</misses>
				<total>18</total>
				<timestamp>1768.790099</timestamp>
			</report>
			<report>
				<misses>5534001</misses>
				<total>18</total>
				<timestamp>1769.109683</timestamp>
			</report>
			<report>
				<misses>5535001</misses>
				<total>18</total>
				<timestamp>1769.429332</timestamp>
			</report>
			<report>
				<misses>5536001</misses>
				<total>18</total>
				<timestamp>1769.748965</timestamp>
			</report>
			<report>
				<misses>5537001</misses>
				<total>18</total>
				<timestamp>1770.068641</timestamp>
			</report>
			<report>
				<misses>5538001</misses>
				<total>18</total>
				<timestamp>1770.388325</timestamp>
			</report>
			<report>
				<misses>5539001</misses>
				<total>17</total>
				<timestamp>1770.708110</timestamp>
			</report>
			<report>
				<misses>5540001</misses>
				<total>18</total>
				<timestamp>1771.027705</timestamp>
			</report>
			<report>
				<misses>5541001</misses>
				<total>18</total>
				<timestamp>1771.347419</timestamp>
			</report>
			<report>
				<misses>5542001</misses>
				<total>18</total>
				<timestamp>1771.667073</timestamp>
			</report>
			<report>
				<misses>5543001</misses>
				<total>18</total>
				<timestamp>1771.986745</timestamp>
			</report>
			<report>
				<misses>5544001</misses>
				<total>18</total>
				<timestamp>1772.306448</timestamp>
			</report>
			<report>
				<misses>5545001</misses>
				<total>18</total>
				<timestamp>1772.626121</timestamp>
			</report>
			<report>
				<misses>5546001</misses>
				<total>18</total>
				<timestamp>1772.945825</timestamp>
			</report>
			<report>
				<misses>5547001</misses>
				<total>18</total>
				<timestamp>1773.265505</timestamp>
			</report>
			<report>
				<misses>5548001</misses>
				<total>18</total>
				<timestamp>1773.585141</timestamp>
			</report>
			<report>
				<misses>5549001</misses>
				<total>18</total>
				<timestamp>1773.905023</timestamp>
			</report>
			<report>
				<misses>5550001</misses>
				<total>18</total>
				<timestamp>1774.224539</timestamp>
			</report>
			<report>
				<misses>5551001</misses>
				<total>18</total>
				<timestamp>1774.544197</timestamp>
			</report>
			<report>
				<misses>5552001</misses>
				<total>18</total>
				<timestamp>1774.863974</timestamp>
			</report>
			<report>
				<misses>5553001</misses>
				<total>18</total>
				<timestamp>1775.183719</timestamp>
			</report>
			<report>
				<misses>5554001</misses>
				<total>18</total>
				<timestamp>1775.503231</timestamp>
			</report>
			<report>
				<misses>5555001</misses>
				<total>18</total>
				<timestamp>1775.822948</timestamp>
			</report>
			<report>
				<misses>5556001</misses>
				<total>18</total>
				<timestamp>1776.142577</timestamp>
			</report>
			<report>
				<misses>5557001</misses>
				<total>18</total>
				<timestamp>1776.462253</timestamp>
			</report>
			<report>
				<misses>5558001</misses>
				<total>18</total>
				<timestamp>1776.781989</timestamp>
			</report>
			<report>
				<misses>5559001</misses>
				<total>18</total>
				<timestamp>1777.101605</timestamp>
			</report>
			<report>
				<misses>5560001</misses>
				<total>18</total>
				<timestamp>1777.421312</timestamp>
			</report>
			<report>
				<misses>5561001</misses>
				<total>18</total>
				<timestamp>1777.741103</timestamp>
			</report>
			<report>
				<misses>5562001</misses>
				<total>18</total>
				<timestamp>1778.060706</timestamp>
			</report>
			<report>
				<misses>5563001</misses>
				<total>18</total>
				<timestamp>1778.380339</timestamp>
			</report>
			<report>
				<misses>5564001</misses>
				<total>18</total>
				<timestamp>1778.700046</timestamp>
			</report>
			<report>
				<misses>5565001</misses>
				<total>18</total>
				<timestamp>1779.019761</timestamp>
			</report>
			<report>
				<misses>5566001</misses>
				<total>18</total>
				<timestamp>1779.339418</timestamp>
			</report>
			<report>
				<misses>5567001</misses>
				<total>18</total>
				<timestamp>1779.659057</timestamp>
			</report>
			<report>
				<misses>5568001</misses>
				<total>18</total>
				<timestamp>1779.978820</timestamp>
			</report>
			<report>
				<misses>5569001</misses>
				<total>18</total>
				<timestamp>1780.298485</timestamp>
			</report>
			<report>
				<misses>5570001</misses>
				<total>18</total>
				<timestamp>1780.618162</timestamp>
			</report>
			<report>
				<misses>5571001</misses>
				<total>18</total>
				<timestamp>1780.937827</timestamp>
			</report>
			<report>
				<misses>5572001</misses>
				<total>18</total>
				<timestamp>1781.257580</timestamp>
			</report>
			<report>
				<misses>5573001</misses>
				<total>18</total>
				<timestamp>1781.577140</timestamp>
			</report>
			<report>
				<misses>5574001</misses>
				<total>18</total>
				<timestamp>1781.896831</timestamp>
			</report>
			<report>
				<misses>5575001</misses>
				<total>18</total>
				<timestamp>1782.216483</timestamp>
			</report>
			<report>
				<misses>5576001</misses>
				<total>18</total>
				<timestamp>1782.536276</timestamp>
			</report>
			<report>
				<misses>5577001</misses>
				<total>18</total>
				<timestamp>1782.855974</timestamp>
			</report>
			<report>
				<misses>5578001</misses>
				<total>18</total>
				<timestamp>1783.175568</timestamp>
			</report>
			<report>
				<misses>5579001</misses>
				<total>18</total>
				<timestamp>1783.495312</timestamp>
			</report>
			<report>
				<misses>5580001</misses>
				<total>18</total>
				<timestamp>1783.814960</timestamp>
			</report>
			<report>
				<misses>5581001</misses>
				<total>18</total>
				<timestamp>1784.134708</timestamp>
			</report>
			<report>
				<misses>5582001</misses>
				<total>18</total>
				<timestamp>1784.454351</timestamp>
			</report>
			<report>
				<misses>5583001</misses>
				<total>18</total>
				<timestamp>1784.773975</timestamp>
			</report>
			<report>
				<misses>5584001</misses>
				<total>18</total>
				<timestamp>1785.093605</timestamp>
			</report>
			<report>
				<misses>5585001</misses>
				<total>18</total>
				<timestamp>1785.413325</timestamp>
			</report>
			<report>
				<misses>5586001</misses>
				<total>18</total>
				<timestamp>1785.733000</timestamp>
			</report>
			<report>
				<misses>5587001</misses>
				<total>18</total>
				<timestamp>1786.052726</timestamp>
			</report>
			<report>
				<misses>5588001</misses>
				<total>18</total>
				<timestamp>1786.372322</timestamp>
			</report>
			<report>
				<misses>5589001</misses>
				<total>18</total>
				<timestamp>1786.692105</timestamp>
			</report>
			<report>
				<misses>5590001</misses>
				<total>18</total>
				<timestamp>1787.011844</timestamp>
			</report>
			<report>
				<misses>5591001</misses>
				<total>18</total>
				<timestamp>1787.331396</timestamp>
			</report>
			<report>
				<misses>5592001</misses>
				<total>18</total>
				<timestamp>1787.651094</timestamp>
			</report>
			<report>
				<misses>5593001</misses>
				<total>18</total>
				<timestamp>1787.970841</timestamp>
			</report>
			<report>
				<misses>5594001</misses>
				<total>18</total>
				<timestamp>1788.290426</timestamp>
			</report>
			<report>
				<misses>5595001</misses>
				<total>18</total>
				<timestamp>1788.610150</timestamp>
			</report>
			<report>
				<misses>5596001</misses>
				<total>18</total>
				<timestamp>1788.929829</timestamp>
			</report>
			<report>
				<misses>5597001</misses>
				<total>18</total>
				<timestamp>1789.249479</timestamp>
			</report>
			<report>
				<misses>5598001</misses>
				<total>18</total>
				<timestamp>1789.569322</timestamp>
			</report>
			<report>
				<misses>5599001</misses>
				<total>18</total>
				<timestamp>1789.888797</timestamp>
			</report>
			<report>
				<misses>5600001</misses>
				<total>18</total>
				<timestamp>1790.208596</timestamp>
			</report>
			<report>
				<misses>5601001</misses>
				<total>18</total>
				<timestamp>1790.528200</timestamp>
			</report>
			<report>
				<misses>5602001</misses>
				<total>18</total>
				<timestamp>1790.847910</timestamp>
			</report>
			<report>
				<misses>5603001</misses>
				<total>18</total>
				<timestamp>1791.167574</timestamp>
			</report>
			<report>
				<misses>5604001</misses>
				<total>18</total>
				<timestamp>1791.487206</timestamp>
			</report>
			<report>
				<misses>5605001</misses>
				<total>18</total>
				<timestamp>1791.806941</timestamp>
			</report>
			<report>
				<misses>5606001</misses>
				<total>18</total>
				<timestamp>1792.126636</timestamp>
			</report>
			<report>
				<misses>5607001</misses>
				<total>18</total>
				<timestamp>1792.446313</timestamp>
			</report>
			<report>
				<misses>5608001</misses>
				<total>18</total>
				<timestamp>1792.765995</timestamp>
			</report>
			<report>
				<misses>5609001</misses>
				<total>18</total>
				<timestamp>1793.085676</timestamp>
			</report>
			<report>
				<misses>5610001</misses>
				<total>18</total>
				<timestamp>1793.405301</timestamp>
			</report>
			<report>
				<misses>5611001</misses>
				<total>18</total>
				<timestamp>1793.725085</timestamp>
			</report>
			<report>
				<misses>5612001</misses>
				<total>18</total>
				<timestamp>1794.044674</timestamp>
			</report>
			<report>
				<misses>5613001</misses>
				<total>18</total>
				<timestamp>1794.364337</timestamp>
			</report>
			<report>
				<misses>5614001</misses>
				<total>18</total>
				<timestamp>1794.684069</timestamp>
			</report>
			<report>
				<misses>5615001</misses>
				<total>17</total>
				<timestamp>1795.003865</timestamp>
			</report>
			<report>
				<misses>5616001</misses>
				<total>19</total>
				<timestamp>1795.323404</timestamp>
			</report>
			<report>
				<misses>5617001</misses>
				<total>19</total>
				<timestamp>1795.643051</timestamp>
			</report>
			<report>
				<misses>5618001</misses>
				<total>19</total>
				<timestamp>1795.962824</timestamp>
			</report>
			<report>
				<misses>5619001</misses>
				<total>19</total>
				<timestamp>1796.282398</timestamp>
			</report>
			<report>
				<misses>5620001</misses>
				<total>19</total>
				<timestamp>1796.602132</timestamp>
			</report>
			<report>
				<misses>5621001</misses>
				<total>19</total>
				<timestamp>1796.921817</timestamp>
			</report>
			<report>
				<misses>5622001</misses>
				<total>18</total>
				<timestamp>1797.241543</timestamp>
			</report>
			<report>
				<misses>5623001</misses>
				<total>19</total>
				<timestamp>1797.561131</timestamp>
			</report>
			<report>
				<misses>5624001</misses>
				<total>19</total>
				<timestamp>1797.880839</timestamp>
			</report>
			<report>
				<misses>5625001</misses>
				<total>18</total>
				<timestamp>1798.200584</timestamp>
			</report>
			<report>
				<misses>5626001</misses>
				<total>19</total>
				<timestamp>1798.520235</timestamp>
			</report>
			<report>
				<misses>5627001</misses>
				<total>19</total>
				<timestamp>1798.839878</timestamp>
			</report>
			<report>
				<misses>5628001</misses>
				<total>19</total>
				<timestamp>1799.159526</timestamp>
			</report>
			<report>
				<misses>5629001</misses>
				<total>19</total>
				<timestamp>1799.479312</timestamp>
			</report>
			<report>
				<misses>5630001</misses>
				<total>19</total>
				<timestamp>1799.798896</timestamp>
			</report>
			<report>
				<misses>5631001</misses>
				<total>18</total>
				<timestamp>1800.118671</timestamp>
			</report>
			<report>
				<misses>5632001</misses>
				<total>19</total>
				<timestamp>1800.438364</timestamp>
			</report>
			<report>
				<misses>5633001</misses>
				<total>18</total>
				<timestamp>1800.758041</timestamp>
			</report>
			<report>
				<misses>5634001</misses>
				<total>19</total>
				<timestamp>1801.077707</timestamp>
			</report>
			<report>
				<misses>5635001</misses>
				<total>19</total>
				<timestamp>1801.397339</timestamp>
			</report>
			<report>
				<misses>5636001</misses>
				<total>19</total>
				<timestamp>1801.716997</timestamp>
			</report>
			<report>
				<misses>5637001</misses>
				<total>19</total>
				<timestamp>1802.036652</timestamp>
			</report>
			<report>
				<misses>5638001</misses>
				<total>19</total>
				<timestamp>1802.356316</timestamp>
			</report>
			<report>
				<misses>5639001</misses>
				<total>19</total>
				<timestamp>1802.676048</timestamp>
			</report>
			<report>
				<misses>5640001</misses>
				<total>19</total>
				<timestamp>1802.995738</timestamp>
			</report>
			<report>
				<misses>5641001</misses>
				<total>19</total>
				<timestamp>1803.315438</timestamp>
			</report>
			<report>
				<misses>5642001</misses>
				<total>18</total>
				<timestamp>1803.635223</timestamp>
			</report>
			<report>
				<misses>5643001</misses>
				<total>19</total>
				<timestamp>1803.954747</timestamp>
			</report>
			<report>
				<misses>5644001</misses>
				<total>19</total>
				<timestamp>1804.274448</timestamp>
			</report>
			<report>
				<misses>5645001</misses>
				<total>19</total>
				<timestamp>1804.594195</timestamp>
			</report>
			<report>
				<misses>5646001</misses>
				<total>19</total>
				<timestamp>1804.913815</timestamp>
			</report>
			<report>
				<misses>5647001</misses>
				<total>19</total>
				<timestamp>1805.233587</timestamp>
			</report>
			<report>
				<misses>5648001</misses>
				<total>19</total>
				<timestamp>1805.553140</timestamp>
			</report>
			<report>
				<misses>5649001</misses>
				<total>19</total>
				<timestamp>1805.872821</timestamp>
			</report>
			<report>
				<misses>5650001</misses>
				<total>19</total>
				<timestamp>1806.192646</timestamp>
			</report>
			<report>
				<misses>5651001</misses>
				<total>19</total>
				<timestamp>1806.512243</timestamp>
			</report>
			<report>
				<misses>5652001</misses>
				<total>19</total>
				<timestamp>1806.831875</timestamp>
			</report>
			<report>
				<misses>5653001</misses>
				<total>19</total>
				<timestamp>1807.151531</timestamp>
			</report>
			<report>
				<misses>5654001</misses>
				<total>19</total>
				<timestamp>1807.471340</timestamp>
			</report>
			<report>
				<misses>5655001</misses>
				<total>18</total>
				<timestamp>1807.791054</timestamp>
			</report>
			<report>
				<misses>5656001</misses>
				<total>19</total>
				<timestamp>1808.110728</timestamp>
			</report>
			<report>
				<misses>5657001</misses>
				<total>19</total>
				<timestamp>1808.430244</timestamp>
			</report>
			<report>
				<misses>5658001</misses>
				<total>19</total>
				<timestamp>1808.749973</timestamp>
			</report>
			<report>
				<misses>5659001</misses>
				<total>19</total>
				<timestamp>1809.069719</timestamp>
			</report>
			<report>
				<misses>5660001</misses>
				<total>19</total>
				<timestamp>1809.389396</timestamp>
			</report>
			<report>
				<misses>5661001</misses>
				<total>19</total>
				<timestamp>1809.709060</timestamp>
			</report>
			<report>
				<misses>5662001</misses>
				<total>19</total>
				<timestamp>1810.028697</timestamp>
			</report>
			<report>
				<misses>5663001</misses>
				<total>19</total>
				<timestamp>1810.348317</timestamp>
			</report>
			<report>
				<misses>5664001</misses>
				<total>19</total>
				<timestamp>1810.668055</timestamp>
			</report>
			<report>
				<misses>5665001</misses>
				<total>19</total>
				<timestamp>1810.987703</timestamp>
			</report>
			<report>
				<misses>5666001</misses>
				<total>19</total>
				<timestamp>1811.307477</timestamp>
			</report>
			<report>
				<misses>5667001</misses>
				<total>19</total>
				<timestamp>1811.627069</timestamp>
			</report>
			<report>
				<misses>5668001</misses>
				<total>19</total>
				<timestamp>1811.946846</timestamp>
			</report>
			<report>
				<misses>5669001</misses>
				<total>19</total>
				<timestamp>1812.266492</timestamp>
			</report>
			<report>
				<misses>5670001</misses>
				<total>19</total>
				<timestamp>1812.586195</timestamp>
			</report>
			<report>
				<misses>5671001</misses>
				<total>19</total>
				<timestamp>1812.905814</timestamp>
			</report>
			<report>
				<misses>5672001</misses>
				<total>19</total>
				<timestamp>1813.225540</timestamp>
			</report>
			<report>
				<misses>5673001</misses>
				<total>19</total>
				<timestamp>1813.545278</timestamp>
			</report>
			<report>
				<misses>5674001</misses>
				<total>19</total>
				<timestamp>1813.864961</timestamp>
			</report>
			<report>
				<misses>5675001</misses>
				<total>18</total>
				<timestamp>1814.184596</timestamp>
			</report>
			<report>
				<misses>5676001</misses>
				<total>19</total>
				<timestamp>1814.504198</timestamp>
			</report>
			<report>
				<misses>5677001</misses>
				<total>18</total>
				<timestamp>1814.823976</timestamp>
			</report>
			<report>
				<misses>5678001</misses>
				<total>18</total>
				<timestamp>1815.143619</timestamp>
			</report>
			<report>
				<misses>5679001</misses>
				<total>19</total>
				<timestamp>1815.463286</timestamp>
			</report>
			<report>
				<misses>5680001</misses>
				<total>19</total>
				<timestamp>1815.782894</timestamp>
			</report>
			<report>
				<misses>5681001</misses>
				<total>19</total>
				<timestamp>1816.102708</timestamp>
			</report>
			<report>
				<misses>5682001</misses>
				<total>19</total>
				<timestamp>1816.422284</timestamp>
			</report>
			<report>
				<misses>5683001</misses>
				<total>19</total>
				<timestamp>1816.742080</timestamp>
			</report>
			<report>
				<misses>5684001</misses>
				<total>19</total>
				<timestamp>1817.061600</timestamp>
			</report>
			<report>
				<misses>5685001</misses>
				<total>18</total>
				<timestamp>1817.381388</timestamp>
			</report>
			<report>
				<misses>5686001</misses>
				<total>19</total>
				<timestamp>1817.701006</timestamp>
			</report>
			<report>
				<misses>5687001</misses>
				<total>19</total>
				<timestamp>1818.020700</timestamp>
			</report>
			<report>
				<misses>5688001</misses>
				<total>19</total>
				<timestamp>1818.340347</timestamp>
			</report>
			<report>
				<misses>5689001</misses>
				<total>19</total>
				<timestamp>1818.660072</timestamp>
			</report>
			<report>
				<misses>5690001</misses>
				<total>18</total>
				<timestamp>1818.979779</timestamp>
			</report>
			<report>
				<misses>5691001</misses>
				<total>19</total>
				<timestamp>1819.299376</timestamp>
			</report>
			<report>
				<misses>5692001</misses>
				<total>19</total>
				<timestamp>1819.619128</timestamp>
			</report>
			<report>
				<misses>5693001</misses>
				<total>19</total>
				<timestamp>1819.938820</timestamp>
			</report>
			<report>
				<misses>5694001</misses>
				<total>18</total>
				<timestamp>1820.258562</timestamp>
			</report>
			<report>
				<misses>5695001</misses>
				<total>19</total>
				<timestamp>1820.578161</timestamp>
			</report>
			<report>
				<misses>5696001</misses>
				<total>19</total>
				<timestamp>1820.897799</timestamp>
			</report>
			<report>
				<misses>5697001</misses>
				<total>19</total>
				<timestamp>1821.217448</timestamp>
			</report>
			<report>
				<misses>5698001</misses>
				<total>19</total>
				<timestamp>1821.537284</timestamp>
			</report>
			<report>
				<misses>5699001</misses>
				<total>19</total>
				<timestamp>1821.856841</timestamp>
			</report>
			<report>
				<misses>5700001</misses>
				<total>19</total>
				<timestamp>1822.176574</timestamp>
			</report>
			<report>
				<misses>5701001</misses>
				<total>19</total>
				<timestamp>1822.496166</timestamp>
			</report>
			<report>
				<misses>5702001</misses>
				<total>19</total>
				<timestamp>1822.815863</timestamp>
			</report>
			<report>
				<misses>5703001</misses>
				<total>19</total>
				<timestamp>1823.135706</timestamp>
			</report>
			<report>
				<misses>5704001</misses>
				<total>19</total>
				<timestamp>1823.455238</timestamp>
			</report>
			<report>
				<misses>5705001</misses>
				<total>19</total>
				<timestamp>1823.774966</timestamp>
			</report>
			<report>
				<misses>5706001</misses>
				<total>19</total>
				<timestamp>1824.094710</timestamp>
			</report>
			<report>
				<misses>5707001</misses>
				<total>19</total>
				<timestamp>1824.414337</timestamp>
			</report>
			<report>
				<misses>5708001</misses>
				<total>19</total>
				<timestamp>1824.733973</timestamp>
			</report>
			<report>
				<misses>5709001</misses>
				<total>19</total>
				<timestamp>1825.053709</timestamp>
			</report>
			<report>
				<misses>5710001</misses>
				<total>19</total>
				<timestamp>1825.373300</timestamp>
			</report>
			<report>
				<misses>5711001</misses>
				<total>19</total>
				<timestamp>1825.693003</timestamp>
			</report>
			<report>
				<misses>5712001</misses>
				<total>19</total>
				<timestamp>1826.012715</timestamp>
			</report>
			<report>
				<misses>5713001</misses>
				<total>18</total>
				<timestamp>1826.332443</timestamp>
			</report>
			<report>
				<misses>5714001</misses>
				<total>19</total>
				<timestamp>1826.652049</timestamp>
			</report>
			<report>
				<misses>5715001</misses>
				<total>19</total>
				<timestamp>1826.971707</timestamp>
			</report>
			<report>
				<misses>5716001</misses>
				<total>19</total>
				<timestamp>1827.291374</timestamp>
			</report>
			<report>
				<misses>5717001</misses>
				<total>19</total>
				<timestamp>1827.611130</timestamp>
			</report>
			<report>
				<misses>5718001</misses>
				<total>19</total>
				<timestamp>1827.930803</timestamp>
			</report>
			<report>
				<misses>5719001</misses>
				<total>19</total>
				<timestamp>1828.250475</timestamp>
			</report>
			<report>
				<misses>5720001</misses>
				<total>19</total>
				<timestamp>1828.570095</timestamp>
			</report>
			<report>
				<misses>5721001</misses>
				<total>18</total>
				<timestamp>1828.889871</timestamp>
			</report>
			<report>
				<misses>5722001</misses>
				<total>18</total>
				<timestamp>1829.209583</timestamp>
			</report>
			<report>
				<misses>5723001</misses>
				<total>19</total>
				<timestamp>1829.529224</timestamp>
			</report>
			<report>
				<misses>5724001</misses>
				<total>19</total>
				<timestamp>1829.848956</timestamp>
			</report>
			<report>
				<misses>5725001</misses>
				<total>19</total>
				<timestamp>1830.168550</timestamp>
			</report>
			<report>
				<misses>5726001</misses>
				<total>19</total>
				<timestamp>1830.488214</timestamp>
			</report>
			<report>
				<misses>5727001</misses>
				<total>19</total>
				<timestamp>1830.807919</timestamp>
			</report>
			<report>
				<misses>5728001</misses>
				<total>19</total>
				<timestamp>1831.127523</timestamp>
			</report>
			<report>
				<misses>5729001</misses>
				<total>19</total>
				<timestamp>1831.447199</timestamp>
			</report>
			<report>
				<misses>5730001</misses>
				<total>19</total>
				<timestamp>1831.766979</timestamp>
			</report>
			<report>
				<misses>5731001</misses>
				<total>19</total>
				<timestamp>1832.086600</timestamp>
			</report>
			<report>
				<misses>5732001</misses>
				<total>19</total>
				<timestamp>1832.406243</timestamp>
			</report>
			<report>
				<misses>5733001</misses>
				<total>19</total>
				<timestamp>1832.725937</timestamp>
			</report>
			<report>
				<misses>5734001</misses>
				<total>19</total>
				<timestamp>1833.045713</timestamp>
			</report>
			<report>
				<misses>5735001</misses>
				<total>19</total>
				<timestamp>1833.365351</timestamp>
			</report>
			<report>
				<misses>5736001</misses>
				<total>19</total>
				<timestamp>1833.684999</timestamp>
			</report>
			<report>
				<misses>5737001</misses>
				<total>19</total>
				<timestamp>1834.004690</timestamp>
			</report>
			<report>
				<misses>5738001</misses>
				<total>19</total>
				<timestamp>1834.324357</timestamp>
			</report>
			<report>
				<misses>5739001</misses>
				<total>19</total>
				<timestamp>1834.644080</timestamp>
			</report>
			<report>
				<misses>5740001</misses>
				<total>19</total>
				<timestamp>1834.963697</timestamp>
			</report>
			<report>
				<misses>5741001</misses>
				<total>19</total>
				<timestamp>1835.283367</timestamp>
			</report>
			<report>
				<misses>5742001</misses>
				<total>18</total>
				<timestamp>1835.603135</timestamp>
			</report>
			<report>
				<misses>5743001</misses>
				<total>19</total>
				<timestamp>1835.922757</timestamp>
			</report>
			<report>
				<misses>5744001</misses>
				<total>19</total>
				<timestamp>1836.242576</timestamp>
			</report>
			<report>
				<misses>5745001</misses>
				<total>19</total>
				<timestamp>1836.562179</timestamp>
			</report>
			<report>
				<misses>5746001</misses>
				<total>19</total>
				<timestamp>1836.881825</timestamp>
			</report>
			<report>
				<misses>5747001</misses>
				<total>19</total>
				<timestamp>1837.201562</timestamp>
			</report>
			<report>
				<misses>5748001</misses>
				<total>19</total>
				<timestamp>1837.521182</timestamp>
			</report>
			<report>
				<misses>5749001</misses>
				<total>19</total>
				<timestamp>1837.840824</timestamp>
			</report>
			<report>
				<misses>5750001</misses>
				<total>19</total>
				<timestamp>1838.160564</timestamp>
			</report>
			<report>
				<misses>5751001</misses>
				<total>19</total>
				<timestamp>1838.480164</timestamp>
			</report>
			<report>
				<misses>5752001</misses>
				<total>19</total>
				<timestamp>1838.799943</timestamp>
			</report>
			<report>
				<misses>5753001</misses>
				<total>19</total>
				<timestamp>1839.119543</timestamp>
			</report>
			<report>
				<misses>5754001</misses>
				<total>19</total>
				<timestamp>1839.439272</timestamp>
			</report>
			<report>
				<misses>5755001</misses>
				<total>19</total>
				<timestamp>1839.759073</timestamp>
			</report>
			<report>
				<misses>5756001</misses>
				<total>18</total>
				<timestamp>1840.078676</timestamp>
			</report>
			<report>
				<misses>5757001</misses>
				<total>19</total>
				<timestamp>1840.398245</timestamp>
			</report>
			<report>
				<misses>5758001</misses>
				<total>19</total>
				<timestamp>1840.717944</timestamp>
			</report>
			<report>
				<misses>5759001</misses>
				<total>19</total>
				<timestamp>1841.037608</timestamp>
			</report>
			<report>
				<misses>5760001</misses>
				<total>19</total>
				<timestamp>1841.357318</timestamp>
			</report>
			<report>
				<misses>5761001</misses>
				<total>19</total>
				<timestamp>1841.677156</timestamp>
			</report>
			<report>
				<misses>5762001</misses>
				<total>19</total>
				<timestamp>1841.996695</timestamp>
			</report>
			<report>
				<misses>5763001</misses>
				<total>19</total>
				<timestamp>1842.316389</timestamp>
			</report>
			<report>
				<misses>5764001</misses>
				<total>19</total>
				<timestamp>1842.636073</timestamp>
			</report>
			<report>
				<misses>5765001</misses>
				<total>19</total>
				<timestamp>1842.955727</timestamp>
			</report>
			<report>
				<misses>5766001</misses>
				<total>19</total>
				<timestamp>1843.275383</timestamp>
			</report>
			<report>
				<misses>5767001</misses>
				<total>19</total>
				<timestamp>1843.595067</timestamp>
			</report>
			<report>
				<misses>5768001</misses>
				<total>19</total>
				<timestamp>1843.914778</timestamp>
			</report>
			<report>
				<misses>5769001</misses>
				<total>19</total>
				<timestamp>1844.234534</timestamp>
			</report>
			<report>
				<misses>5770001</misses>
				<total>19</total>
				<timestamp>1844.554222</timestamp>
			</report>
			<report>
				<misses>5771001</misses>
				<total>19</total>
				<timestamp>1844.873798</timestamp>
			</report>
			<report>
				<misses>5772001</misses>
				<total>18</total>
				<timestamp>1845.193543</timestamp>
			</report>
			<report>
				<misses>5773001</misses>
				<total>18</total>
				<timestamp>1845.513283</timestamp>
			</report>
			<report>
				<misses>5774001</misses>
				<total>19</total>
				<timestamp>1845.832934</timestamp>
			</report>
			<report>
				<misses>5775001</misses>
				<total>19</total>
				<timestamp>1846.152565</timestamp>
			</report>
			<report>
				<misses>5776001</misses>
				<total>19</total>
				<timestamp>1846.472233</timestamp>
			</report>
			<report>
				<misses>5777001</misses>
				<total>19</total>
				<timestamp>1846.791927</timestamp>
			</report>
			<report>
				<misses>5778001</misses>
				<total>19</total>
				<timestamp>1847.111592</timestamp>
			</report>
			<report>
				<misses>5779001</misses>
				<total>19</total>
				<timestamp>1847.431231</timestamp>
			</report>
			<report>
				<misses>5780001</misses>
				<total>19</total>
				<timestamp>1847.750967</timestamp>
			</report>
			<report>
				<misses>5781001</misses>
				<total>19</total>
				<timestamp>1848.070665</timestamp>
			</report>
			<report>
				<misses>5782001</misses>
				<total>19</total>
				<timestamp>1848.390296</timestamp>
			</report>
			<report>
				<misses>5783001</misses>
				<total>19</total>
				<timestamp>1848.710007</timestamp>
			</report>
			<report>
				<misses>5784001</misses>
				<total>19</total>
				<timestamp>1849.029715</timestamp>
			</report>
			<report>
				<misses>5785001</misses>
				<total>19</total>
				<timestamp>1849.349340</timestamp>
			</report>
			<report>
				<misses>5786001</misses>
				<total>19</total>
				<timestamp>1849.668966</timestamp>
			</report>
			<report>
				<misses>5787001</misses>
				<total>19</total>
				<timestamp>1849.988724</timestamp>
			</report>
			<report>
				<misses>5788001</misses>
				<total>19</total>
				<timestamp>1850.308374</timestamp>
			</report>
			<report>
				<misses>5789001</misses>
				<total>19</total>
				<timestamp>1850.628073</timestamp>
			</report>
			<report>
				<misses>5790001</misses>
				<total>19</total>
				<timestamp>1850.947841</timestamp>
			</report>
			<report>
				<misses>5791001</misses>
				<total>19</total>
				<timestamp>1851.267414</timestamp>
			</report>
			<report>
				<misses>5792001</misses>
				<total>19</total>
				<timestamp>1851.587078</timestamp>
			</report>
			<report>
				<misses>5793001</misses>
				<total>19</total>
				<timestamp>1851.906834</timestamp>
			</report>
			<report>
				<misses>5794001</misses>
				<total>19</total>
				<timestamp>1852.226581</timestamp>
			</report>
			<report>
				<misses>5795001</misses>
				<total>19</total>
				<timestamp>1852.546206</timestamp>
			</report>
			<report>
				<misses>5796001</misses>
				<total>19</total>
				<timestamp>1852.865901</timestamp>
			</report>
			<report>
				<misses>5797001</misses>
				<total>19</total>
				<timestamp>1853.185485</timestamp>
			</report>
			<report>
				<misses>5798001</misses>
				<total>19</total>
				<timestamp>1853.505122</timestamp>
			</report>
			<report>
				<misses>5799001</misses>
				<total>19</total>
				<timestamp>1853.824847</timestamp>
			</report>
			<report>
				<misses>5800001</misses>
				<total>19</total>
				<timestamp>1854.144588</timestamp>
			</report>
			<report>
				<misses>5801001</misses>
				<total>19</total>
				<timestamp>1854.464169</timestamp>
			</report>
			<report>
				<misses>5802001</misses>
				<total>19</total>
				<timestamp>1854.783914</timestamp>
			</report>
			<report>
				<misses>5803001</misses>
				<total>19</total>
				<timestamp>1855.103599</timestamp>
			</report>
			<report>
				<misses>5804001</misses>
				<total>19</total>
				<timestamp>1855.423220</timestamp>
			</report>
			<report>
				<misses>5805001</misses>
				<total>19</total>
				<timestamp>1855.742939</timestamp>
			</report>
			<report>
				<misses>5806001</misses>
				<total>19</total>
				<timestamp>1856.062581</timestamp>
			</report>
			<report>
				<misses>5807001</misses>
				<total>19</total>
				<timestamp>1856.382257</timestamp>
			</report>
			<report>
				<misses>5808001</misses>
				<total>19</total>
				<timestamp>1856.701964</timestamp>
			</report>
			<report>
				<misses>5809001</misses>
				<total>19</total>
				<timestamp>1857.021677</timestamp>
			</report>
			<report>
				<misses>5810001</misses>
				<total>19</total>
				<timestamp>1857.341280</timestamp>
			</report>
			<report>
				<misses>5811001</misses>
				<total>19</total>
				<timestamp>1857.660975</timestamp>
			</report>
			<report>
				<misses>5812001</misses>
				<total>19</total>
				<timestamp>1857.980720</timestamp>
			</report>
			<report>
				<misses>5813001</misses>
				<total>19</total>
				<timestamp>1858.300343</timestamp>
			</report>
			<report>
				<misses>5814001</misses>
				<total>19</total>
				<timestamp>1858.620075</timestamp>
			</report>
			<report>
				<misses>5815001</misses>
				<total>19</total>
				<timestamp>1858.939812</timestamp>
			</report>
			<report>
				<misses>5816001</misses>
				<total>19</total>
				<timestamp>1859.259423</timestamp>
			</report>
			<report>
				<misses>5817001</misses>
				<total>19</total>
				<timestamp>1859.579206</timestamp>
			</report>
			<report>
				<misses>5818001</misses>
				<total>19</total>
				<timestamp>1859.898844</timestamp>
			</report>
			<report>
				<misses>5819001</misses>
				<total>19</total>
				<timestamp>1860.218423</timestamp>
			</report>
			<report>
				<misses>5820001</misses>
				<total>19</total>
				<timestamp>1860.538107</timestamp>
			</report>
			<report>
				<misses>5821001</misses>
				<total>19</total>
				<timestamp>1860.857822</timestamp>
			</report>
			<report>
				<misses>5822001</misses>
				<total>19</total>
				<timestamp>1861.177551</timestamp>
			</report>
			<report>
				<misses>5823001</misses>
				<total>19</total>
				<timestamp>1861.497115</timestamp>
			</report>
			<report>
				<misses>5824001</misses>
				<total>19</total>
				<timestamp>1861.816849</timestamp>
			</report>
			<report>
				<misses>5825001</misses>
				<total>19</total>
				<timestamp>1862.136581</timestamp>
			</report>
			<report>
				<misses>5826001</misses>
				<total>19</total>
				<timestamp>1862.456186</timestamp>
			</report>
			<report>
				<misses>5827001</misses>
				<total>19</total>
				<timestamp>1862.775922</timestamp>
			</report>
			<report>
				<misses>5828001</misses>
				<total>19</total>
				<timestamp>1863.095562</timestamp>
			</report>
			<report>
				<misses>5829001</misses>
				<total>19</total>
				<timestamp>1863.415223</timestamp>
			</report>
			<report>
				<misses>5830001</misses>
				<total>19</total>
				<timestamp>1863.734933</timestamp>
			</report>
			<report>
				<misses>5831001</misses>
				<total>19</total>
				<timestamp>1864.054689</timestamp>
			</report>
			<report>
				<misses>5832001</misses>
				<total>18</total>
				<timestamp>1864.374331</timestamp>
			</report>
			<report>
				<misses>5833001</misses>
				<total>19</total>
				<timestamp>1864.693960</timestamp>
			</report>
			<report>
				<misses>5834001</misses>
				<total>19</total>
				<timestamp>1865.013710</timestamp>
			</report>
			<report>
				<misses>5835001</misses>
				<total>18</total>
				<timestamp>1865.333407</timestamp>
			</report>
			<report>
				<misses>5836001</misses>
				<total>19</total>
				<timestamp>1865.652959</timestamp>
			</report>
			<report>
				<misses>5837001</misses>
				<total>19</total>
				<timestamp>1865.972731</timestamp>
			</report>
			<report>
				<misses>5838001</misses>
				<total>19</total>
				<timestamp>1866.292333</timestamp>
			</report>
			<report>
				<misses>5839001</misses>
				<total>19</total>
				<timestamp>1866.612041</timestamp>
			</report>
			<report>
				<misses>5840001</misses>
				<total>18</total>
				<timestamp>1866.931883</timestamp>
			</report>
			<report>
				<misses>5841001</misses>
				<total>19</total>
				<timestamp>1867.251359</timestamp>
			</report>
			<report>
				<misses>5842001</misses>
				<total>19</total>
				<timestamp>1867.571104</timestamp>
			</report>
			<report>
				<misses>5843001</misses>
				<total>19</total>
				<timestamp>1867.890766</timestamp>
			</report>
			<report>
				<misses>5844001</misses>
				<total>19</total>
				<timestamp>1868.210406</timestamp>
			</report>
			<report>
				<misses>5845001</misses>
				<total>19</total>
				<timestamp>1868.530087</timestamp>
			</report>
			<report>
				<misses>5846001</misses>
				<total>19</total>
				<timestamp>1868.849807</timestamp>
			</report>
			<report>
				<misses>5847001</misses>
				<total>19</total>
				<timestamp>1869.169553</timestamp>
			</report>
			<report>
				<misses>5848001</misses>
				<total>19</total>
				<timestamp>1869.489145</timestamp>
			</report>
			<report>
				<misses>5849001</misses>
				<total>19</total>
				<timestamp>1869.808870</timestamp>
			</report>
			<report>
				<misses>5850001</misses>
				<total>19</total>
				<timestamp>1870.128563</timestamp>
			</report>
			<report>
				<misses>5851001</misses>
				<total>18</total>
				<timestamp>1870.448291</timestamp>
			</report>
			<report>
				<misses>5852001</misses>
				<total>19</total>
				<timestamp>1870.767887</timestamp>
			</report>
			<report>
				<misses>5853001</misses>
				<total>19</total>
				<timestamp>1871.087704</timestamp>
			</report>
			<report>
				<misses>5854001</misses>
				<total>19</total>
				<timestamp>1871.407235</timestamp>
			</report>
			<report>
				<misses>5855001</misses>
				<total>19</total>
				<timestamp>1871.726973</timestamp>
			</report>
			<report>
				<misses>5856001</misses>
				<total>19</total>
				<timestamp>1872.046684</timestamp>
			</report>
			<report>
				<misses>5857001</misses>
				<total>18</total>
				<timestamp>1872.366341</timestamp>
			</report>
			<report>
				<misses>5858001</misses>
				<total>19</total>
				<timestamp>1872.685981</timestamp>
			</report>
			<report>
				<misses>5859001</misses>
				<total>19</total>
				<timestamp>1873.005668</timestamp>
			</report>
			<report>
				<misses>5860001</misses>
				<total>19</total>
				<timestamp>1873.325351</timestamp>
			</report>
			<report>
				<misses>5861001</misses>
				<total>19</total>
				<timestamp>1873.645037</timestamp>
			</report>
			<report>
				<misses>5862001</misses>
				<total>19</total>
				<timestamp>1873.964675</timestamp>
			</report>
			<report>
				<misses>5863001</misses>
				<total>19</total>
				<timestamp>1874.284448</timestamp>
			</report>
			<report>
				<misses>5864001</misses>
				<total>19</total>
				<timestamp>1874.604075</timestamp>
			</report>
			<report>
				<misses>5865001</misses>
				<total>19</total>
				<timestamp>1874.923699</timestamp>
			</report>
			<report>
				<misses>5866001</misses>
				<total>19</total>
				<timestamp>1875.243370</timestamp>
			</report>
			<report>
				<misses>5867001</misses>
				<total>19</total>
				<timestamp>1875.563049</timestamp>
			</report>
			<report>
				<misses>5868001</misses>
				<total>19</total>
				<timestamp>1875.882753</timestamp>
			</report>
			<report>
				<misses>5869001</misses>
				<total>19</total>
				<timestamp>1876.202485</timestamp>
			</report>
			<report>
				<misses>5870001</misses>
				<total>18</total>
				<timestamp>1876.522248</timestamp>
			</report>
			<report>
				<misses>5871001</misses>
				<total>19</total>
				<timestamp>1876.841777</timestamp>
			</report>
			<report>
				<misses>5872001</misses>
				<total>19</total>
				<timestamp>1877.161548</timestamp>
			</report>
			<report>
				<misses>5873001</misses>
				<total>19</total>
				<timestamp>1877.481300</timestamp>
			</report>
			<report>
				<misses>5874001</misses>
				<total>19</total>
				<timestamp>1877.800803</timestamp>
			</report>
			<report>
				<misses>5875001</misses>
				<total>19</total>
				<timestamp>1878.120558</timestamp>
			</report>
			<report>
				<misses>5876001</misses>
				<total>19</total>
				<timestamp>1878.440279</timestamp>
			</report>
			<report>
				<misses>5877001</misses>
				<total>19</total>
				<timestamp>1878.759963</timestamp>
			</report>
			<report>
				<misses>5878001</misses>
				<total>19</total>
				<timestamp>1879.079634</timestamp>
			</report>
			<report>
				<misses>5879001</misses>
				<total>19</total>
				<timestamp>1879.399248</timestamp>
			</report>
			<report>
				<misses>5880001</misses>
				<total>18</total>
				<timestamp>1879.719012</timestamp>
			</report>
			<report>
				<misses>5881001</misses>
				<total>19</total>
				<timestamp>1880.038698</timestamp>
			</report>
			<report>
				<misses>5882001</misses>
				<total>19</total>
				<timestamp>1880.358234</timestamp>
			</report>
			<report>
				<misses>5883001</misses>
				<total>19</total>
				<timestamp>1880.677948</timestamp>
			</report>
			<report>
				<misses>5884001</misses>
				<total>18</total>
				<timestamp>1880.997827</timestamp>
			</report>
			<report>
				<misses>5885001</misses>
				<total>19</total>
				<timestamp>1881.317284</timestamp>
			</report>
			<report>
				<misses>5886001</misses>
				<total>19</total>
				<timestamp>1881.636979</timestamp>
			</report>
			<report>
				<misses>5887001</misses>
				<total>19</total>
				<timestamp>1881.956650</timestamp>
			</report>
			<report>
				<misses>5888001</misses>
				<total>19</total>
				<timestamp>1882.276436</timestamp>
			</report>
			<report>
				<misses>5889001</misses>
				<total>19</total>
				<timestamp>1882.596033</timestamp>
			</report>
			<report>
				<misses>5890001</misses>
				<total>19</total>
				<timestamp>1882.915825</timestamp>
			</report>
			<report>
				<misses>5891001</misses>
				<total>19</total>
				<timestamp>1883.235561</timestamp>
			</report>
			<report>
				<misses>5892001</misses>
				<total>19</total>
				<timestamp>1883.555095</timestamp>
			</report>
			<report>
				<misses>5893001</misses>
				<total>19</total>
				<timestamp>1883.874813</timestamp>
			</report>
			<report>
				<misses>5894001</misses>
				<total>19</total>
				<timestamp>1884.194561</timestamp>
			</report>
			<report>
				<misses>5895001</misses>
				<total>19</total>
				<timestamp>1884.514193</timestamp>
			</report>
			<report>
				<misses>5896001</misses>
				<total>19</total>
				<timestamp>1884.833799</timestamp>
			</report>
			<report>
				<misses>5897001</misses>
				<total>19</total>
				<timestamp>1885.153494</timestamp>
			</report>
			<report>
				<misses>5898001</misses>
				<total>19</total>
				<timestamp>1885.473149</timestamp>
			</report>
			<report>
				<misses>5899001</misses>
				<total>19</total>
				<timestamp>1885.792904</timestamp>
			</report>
			<report>
				<misses>5900001</misses>
				<total>18</total>
				<timestamp>1886.112600</timestamp>
			</report>
			<report>
				<misses>5901001</misses>
				<total>18</total>
				<timestamp>1886.432266</timestamp>
			</report>
			<report>
				<misses>5902001</misses>
				<total>19</total>
				<timestamp>1886.751936</timestamp>
			</report>
			<report>
				<misses>5903001</misses>
				<total>19</total>
				<timestamp>1887.071604</timestamp>
			</report>
			<report>
				<misses>5904001</misses>
				<total>19</total>
				<timestamp>1887.391315</timestamp>
			</report>
			<report>
				<misses>5905001</misses>
				<total>19</total>
				<timestamp>1887.710937</timestamp>
			</report>
			<report>
				<misses>5906001</misses>
				<total>19</total>
				<timestamp>1888.030620</timestamp>
			</report>
			<report>
				<misses>5907001</misses>
				<total>19</total>
				<timestamp>1888.350283</timestamp>
			</report>
			<report>
				<misses>5908001</misses>
				<total>19</total>
				<timestamp>1888.669915</timestamp>
			</report>
			<report>
				<misses>5909001</misses>
				<total>19</total>
				<timestamp>1888.989706</timestamp>
			</report>
			<report>
				<misses>5910001</misses>
				<total>19</total>
				<timestamp>1889.309345</timestamp>
			</report>
			<report>
				<misses>5911001</misses>
				<total>19</total>
				<timestamp>1889.629038</timestamp>
			</report>
			<report>
				<misses>5912001</misses>
				<total>19</total>
				<timestamp>1889.948701</timestamp>
			</report>
			<report>
				<misses>5913001</misses>
				<total>19</total>
				<timestamp>1890.268346</timestamp>
			</report>
			<report>
				<misses>5914001</misses>
				<total>19</total>
				<timestamp>1890.588002</timestamp>
			</report>
			<report>
				<misses>5915001</misses>
				<total>19</total>
				<timestamp>1890.907692</timestamp>
			</report>
			<report>
				<misses>5916001</misses>
				<total>18</total>
				<timestamp>1891.227502</timestamp>
			</report>
			<report>
				<misses>5917001</misses>
				<total>19</total>
				<timestamp>1891.547047</timestamp>
			</report>
			<report>
				<misses>5918001</misses>
				<total>19</total>
				<timestamp>1891.866827</timestamp>
			</report>
			<report>
				<misses>5919001</misses>
				<total>19</total>
				<timestamp>1892.186437</timestamp>
			</report>
			<report>
				<misses>5920001</misses>
				<total>19</total>
				<timestamp>1892.506124</timestamp>
			</report>
			<report>
				<misses>5921001</misses>
				<total>19</total>
				<timestamp>1892.825770</timestamp>
			</report>
			<report>
				<misses>5922001</misses>
				<total>19</total>
				<timestamp>1893.145545</timestamp>
			</report>
			<report>
				<misses>5923001</misses>
				<total>19</total>
				<timestamp>1893.465143</timestamp>
			</report>
			<report>
				<misses>5924001</misses>
				<total>19</total>
				<timestamp>1893.784952</timestamp>
			</report>
			<report>
				<misses>5925001</misses>
				<total>19</total>
				<timestamp>1894.104590</timestamp>
			</report>
			<report>
				<misses>5926001</misses>
				<total>19</total>
				<timestamp>1894.424255</timestamp>
			</report>
			<report>
				<misses>5927001</misses>
				<total>19</total>
				<timestamp>1894.743950</timestamp>
			</report>
			<report>
				<misses>5928001</misses>
				<total>19</total>
				<timestamp>1895.063582</timestamp>
			</report>
			<report>
				<misses>5929001</misses>
				<total>18</total>
				<timestamp>1895.383401</timestamp>
			</report>
			<report>
				<misses>5930001</misses>
				<total>19</total>
				<timestamp>1895.702945</timestamp>
			</report>
			<report>
				<misses>5931001</misses>
				<total>19</total>
				<timestamp>1896.022641</timestamp>
			</report>
			<report>
				<misses>5932001</misses>
				<total>19</total>
				<timestamp>1896.342248</timestamp>
			</report>
			<report>
				<misses>5933001</misses>
				<total>19</total>
				<timestamp>1896.661984</timestamp>
			</report>
			<report>
				<misses>5934001</misses>
				<total>19</total>
				<timestamp>1896.981704</timestamp>
			</report>
			<report>
				<misses>5935001</misses>
				<total>19</total>
				<timestamp>1897.301394</timestamp>
			</report>
			<report>
				<misses>5936001</misses>
				<total>19</total>
				<timestamp>1897.621013</timestamp>
			</report>
			<report>
				<misses>5937001</misses>
				<total>18</total>
				<timestamp>1897.940789</timestamp>
			</report>
			<report>
				<misses>5938001</misses>
				<total>18</total>
				<timestamp>1898.260491</timestamp>
			</report>
			<report>
				<misses>5939001</misses>
				<total>19</total>
				<timestamp>1898.580027</timestamp>
			</report>
			<report>
				<misses>5940001</misses>
				<total>19</total>
				<timestamp>1898.899813</timestamp>
			</report>
			<report>
				<misses>5941001</misses>
				<total>19</total>
				<timestamp>1899.219373</timestamp>
			</report>
			<report>
				<misses>5942001</misses>
				<total>19</total>
				<timestamp>1899.539083</timestamp>
			</report>
			<report>
				<misses>5943001</misses>
				<total>19</total>
				<timestamp>1899.858821</timestamp>
			</report>
			<report>
				<misses>5944001</misses>
				<total>19</total>
				<timestamp>1900.178463</timestamp>
			</report>
			<report>
				<misses>5945001</misses>
				<total>19</total>
				<timestamp>1900.498110</timestamp>
			</report>
			<report>
				<misses>5946001</misses>
				<total>19</total>
				<timestamp>1900.817822</timestamp>
			</report>
			<report>
				<misses>5947001</misses>
				<total>19</total>
				<timestamp>1901.137491</timestamp>
			</report>
			<report>
				<misses>5948001</misses>
				<total>19</total>
				<timestamp>1901.457111</timestamp>
			</report>
			<report>
				<misses>5949001</misses>
				<total>19</total>
				<timestamp>1901.776817</timestamp>
			</report>
			<report>
				<misses>5950001</misses>
				<total>19</total>
				<timestamp>1902.096552</timestamp>
			</report>
			<report>
				<misses>5951001</misses>
				<total>19</total>
				<timestamp>1902.416222</timestamp>
			</report>
			<report>
				<misses>5952001</misses>
				<total>19</total>
				<timestamp>1902.735944</timestamp>
			</report>
			<report>
				<misses>5953001</misses>
				<total>19</total>
				<timestamp>1903.055596</timestamp>
			</report>
			<report>
				<misses>5954001</misses>
				<total>19</total>
				<timestamp>1903.375197</timestamp>
			</report>
			<report>
				<misses>5955001</misses>
				<total>19</total>
				<timestamp>1903.694930</timestamp>
			</report>
			<report>
				<misses>5956001</misses>
				<total>18</total>
				<timestamp>1904.014671</timestamp>
			</report>
			<report>
				<misses>5957001</misses>
				<total>19</total>
				<timestamp>1904.334306</timestamp>
			</report>
			<report>
				<misses>5958001</misses>
				<total>18</total>
				<timestamp>1904.654029</timestamp>
			</report>
			<report>
				<misses>5959001</misses>
				<total>19</total>
				<timestamp>1904.973633</timestamp>
			</report>
			<report>
				<misses>5960001</misses>
				<total>19</total>
				<timestamp>1905.293385</timestamp>
			</report>
			<report>
				<misses>5961001</misses>
				<total>19</total>
				<timestamp>1905.612956</timestamp>
			</report>
			<report>
				<misses>5962001</misses>
				<total>19</total>
				<timestamp>1905.932736</timestamp>
			</report>
			<report>
				<misses>5963001</misses>
				<total>19</total>
				<timestamp>1906.252563</timestamp>
			</report>
			<report>
				<misses>5964001</misses>
				<total>19</total>
				<timestamp>1906.572073</timestamp>
			</report>
			<report>
				<misses>5965001</misses>
				<total>19</total>
				<timestamp>1906.891713</timestamp>
			</report>
			<report>
				<misses>5966001</misses>
				<total>19</total>
				<timestamp>1907.211486</timestamp>
			</report>
			<report>
				<misses>5967001</misses>
				<total>19</total>
				<timestamp>1907.531049</timestamp>
			</report>
			<report>
				<misses>5968001</misses>
				<total>19</total>
				<timestamp>1907.850743</timestamp>
			</report>
			<report>
				<misses>5969001</misses>
				<total>19</total>
				<timestamp>1908.170440</timestamp>
			</report>
			<report>
				<misses>5970001</misses>
				<total>19</total>
				<timestamp>1908.490111</timestamp>
			</report>
			<report>
				<misses>5971001</misses>
				<total>19</total>
				<timestamp>1908.809855</timestamp>
			</report>
			<report>
				<misses>5972001</misses>
				<total>19</total>
				<timestamp>1909.129533</timestamp>
			</report>
			<report>
				<misses>5973001</misses>
				<total>19</total>
				<timestamp>1909.449242</timestamp>
			</report>
			<report>
				<misses>5974001</misses>
				<total>19</total>
				<timestamp>1909.768896</timestamp>
			</report>
			<report>
				<misses>5975001</misses>
				<total>19</total>
				<timestamp>1910.088474</timestamp>
			</report>
			<report>
				<misses>5976001</misses>
				<total>19</total>
				<timestamp>1910.408176</timestamp>
			</report>
			<report>
				<misses>5977001</misses>
				<total>19</total>
				<timestamp>1910.727871</timestamp>
			</report>
			<report>
				<misses>5978001</misses>
				<total>19</total>
				<timestamp>1911.047547</timestamp>
			</report>
			<report>
				<misses>5979001</misses>
				<total>19</total>
				<timestamp>1911.367204</timestamp>
			</report>
			<report>
				<misses>5980001</misses>
				<total>19</total>
				<timestamp>1911.687006</timestamp>
			</report>
			<report>
				<misses>5981001</misses>
				<total>19</total>
				<timestamp>1912.006563</timestamp>
			</report>
			<report>
				<misses>5982001</misses>
				<total>19</total>
				<timestamp>1912.326307</timestamp>
			</report>
			<report>
				<misses>5983001</misses>
				<total>18</total>
				<timestamp>1912.646034</timestamp>
			</report>
			<report>
				<misses>5984001</misses>
				<total>19</total>
				<timestamp>1912.965623</timestamp>
			</report>
			<report>
				<misses>5985001</misses>
				<total>19</total>
				<timestamp>1913.285434</timestamp>
			</report>
			<report>
				<misses>5986001</misses>
				<total>19</total>
				<timestamp>1913.604995</timestamp>
			</report>
			<report>
				<misses>5987001</misses>
				<total>19</total>
				<timestamp>1913.924684</timestamp>
			</report>
			<report>
				<misses>5988001</misses>
				<total>19</total>
				<timestamp>1914.244389</timestamp>
			</report>
			<report>
				<misses>5989001</misses>
				<total>19</total>
				<timestamp>1914.564053</timestamp>
			</report>
			<report>
				<misses>5990001</misses>
				<total>19</total>
				<timestamp>1914.883741</timestamp>
			</report>
			<report>
				<misses>5991001</misses>
				<total>19</total>
				<timestamp>1915.203408</timestamp>
			</report>
			<report>
				<misses>5992001</misses>
				<total>19</total>
				<timestamp>1915.523096</timestamp>
			</report>
			<report>
				<misses>5993001</misses>
				<total>19</total>
				<timestamp>1915.842784</timestamp>
			</report>
			<report>
				<misses>5994001</misses>
				<total>19</total>
				<timestamp>1916.162427</timestamp>
			</report>
			<report>
				<misses>5995001</misses>
				<total>19</total>
				<timestamp>1916.482109</timestamp>
			</report>
			<report>
				<misses>5996001</misses>
				<total>18</total>
				<timestamp>1916.801885</timestamp>
			</report>
			<report>
				<misses>5997001</misses>
				<total>19</total>
				<timestamp>1917.121506</timestamp>
			</report>
			<report>
				<misses>5998001</misses>
				<total>19</total>
				<timestamp>1917.441132</timestamp>
			</report>
			<report>
				<misses>5999001</misses>
				<total>19</total>
				<timestamp>1917.760823</timestamp>
			</report>
			<report>
				<misses>6000001</misses>
				<total>19</total>
				<timestamp>1918.080596</timestamp>
			</report>
			<report>
				<misses>6001001</misses>
				<total>19</total>
				<timestamp>1918.400164</timestamp>
			</report>
			<report>
				<misses>6002001</misses>
				<total>19</total>
				<timestamp>1918.719873</timestamp>
			</report>
			<report>
				<misses>6003001</misses>
				<total>19</total>
				<timestamp>1919.039529</timestamp>
			</report>
			<report>
				<misses>6004001</misses>
				<total>19</total>
				<timestamp>1919.359246</timestamp>
			</report>
			<report>
				<misses>6005001</misses>
				<total>19</total>
				<timestamp>1919.678945</timestamp>
			</report>
			<report>
				<misses>6006001</misses>
				<total>19</total>
				<timestamp>1919.998589</timestamp>
			</report>
			<report>
				<misses>6007001</misses>
				<total>19</total>
				<timestamp>1920.318276</timestamp>
			</report>
			<report>
				<misses>6008001</misses>
				<total>18</total>
				<timestamp>1920.638018</timestamp>
			</report>
			<report>
				<misses>6009001</misses>
				<total>19</total>
				<timestamp>1920.957678</timestamp>
			</report>
			<report>
				<misses>6010001</misses>
				<total>19</total>
				<timestamp>1921.277411</timestamp>
			</report>
			<report>
				<misses>6011001</misses>
				<total>19</total>
				<timestamp>1921.597092</timestamp>
			</report>
			<report>
				<misses>6012001</misses>
				<total>19</total>
				<timestamp>1921.916698</timestamp>
			</report>
			<report>
				<misses>6013001</misses>
				<total>19</total>
				<timestamp>1922.236369</timestamp>
			</report>
			<report>
				<misses>6014001</misses>
				<total>19</total>
				<timestamp>1922.556079</timestamp>
			</report>
			<report>
				<misses>6015001</misses>
				<total>19</total>
				<timestamp>1922.875728</timestamp>
			</report>
			<report>
				<misses>6016001</misses>
				<total>19</total>
				<timestamp>1923.195513</timestamp>
			</report>
			<report>
				<misses>6017001</misses>
				<total>19</total>
				<timestamp>1923.515048</timestamp>
			</report>
			<report>
				<misses>6018001</misses>
				<total>18</total>
				<timestamp>1923.834819</timestamp>
			</report>
			<report>
				<misses>6019001</misses>
				<total>19</total>
				<timestamp>1924.154573</timestamp>
			</report>
			<report>
				<misses>6020001</misses>
				<total>19</total>
				<timestamp>1924.474074</timestamp>
			</report>
			<report>
				<misses>6021001</misses>
				<total>18</total>
				<timestamp>1924.793859</timestamp>
			</report>
			<report>
				<misses>6022001</misses>
				<total>19</total>
				<timestamp>1925.113509</timestamp>
			</report>
			<report>
				<misses>6023001</misses>
				<total>19</total>
				<timestamp>1925.433121</timestamp>
			</report>
			<report>
				<misses>6024001</misses>
				<total>19</total>
				<timestamp>1925.752815</timestamp>
			</report>
			<report>
				<misses>6025001</misses>
				<total>19</total>
				<timestamp>1926.072499</timestamp>
			</report>
			<report>
				<misses>6026001</misses>
				<total>19</total>
				<timestamp>1926.392170</timestamp>
			</report>
			<report>
				<misses>6027001</misses>
				<total>18</total>
				<timestamp>1926.711991</timestamp>
			</report>
			<report>
				<misses>6028001</misses>
				<total>19</total>
				<timestamp>1927.031518</timestamp>
			</report>
			<report>
				<misses>6029001</misses>
				<total>19</total>
				<timestamp>1927.351253</timestamp>
			</report>
			<report>
				<misses>6030001</misses>
				<total>19</total>
				<timestamp>1927.670961</timestamp>
			</report>
			<report>
				<misses>6031001</misses>
				<total>19</total>
				<timestamp>1927.990590</timestamp>
			</report>
			<report>
				<misses>6032001</misses>
				<total>19</total>
				<timestamp>1928.310332</timestamp>
			</report>
			<report>
				<misses>6033001</misses>
				<total>19</total>
				<timestamp>1928.629938</timestamp>
			</report>
			<report>
				<misses>6034001</misses>
				<total>19</total>
				<timestamp>1928.949705</timestamp>
			</report>
			<report>
				<misses>6035001</misses>
				<total>19</total>
				<timestamp>1929.269321</timestamp>
			</report>
			<report>
				<misses>6036001</misses>
				<total>19</total>
				<timestamp>1929.588986</timestamp>
			</report>
			<report>
				<misses>6037001</misses>
				<total>19</total>
				<timestamp>1929.908706</timestamp>
			</report>
			<report>
				<misses>6038001</misses>
				<total>19</total>
				<timestamp>1930.228365</timestamp>
			</report>
			<report>
				<misses>6039001</misses>
				<total>19</total>
				<timestamp>1930.548036</timestamp>
			</report>
			<report>
				<misses>6040001</misses>
				<total>19</total>
				<timestamp>1930.867767</timestamp>
			</report>
			<report>
				<misses>6041001</misses>
				<total>19</total>
				<timestamp>1931.187421</timestamp>
			</report>
			<report>
				<misses>6042001</misses>
				<total>19</total>
				<timestamp>1931.507081</timestamp>
			</report>
			<report>
				<misses>6043001</misses>
				<total>19</total>
				<timestamp>1931.826724</timestamp>
			</report>
			<report>
				<misses>6044001</misses>
				<total>19</total>
				<timestamp>1932.146422</timestamp>
			</report>
			<report>
				<misses>6045001</misses>
				<total>19</total>
				<timestamp>1932.466103</timestamp>
			</report>
			<report>
				<misses>6046001</misses>
				<total>18</total>
				<timestamp>1932.785917</timestamp>
			</report>
			<report>
				<misses>6047001</misses>
				<total>19</total>
				<timestamp>1933.105590</timestamp>
			</report>
			<report>
				<misses>6048001</misses>
				<total>19</total>
				<timestamp>1933.425311</timestamp>
			</report>
			<report>
				<misses>6049001</misses>
				<total>19</total>
				<timestamp>1933.744819</timestamp>
			</report>
			<report>
				<misses>6050001</misses>
				<total>19</total>
				<timestamp>1934.064581</timestamp>
			</report>
			<report>
				<misses>6051001</misses>
				<total>19</total>
				<timestamp>1934.384239</timestamp>
			</report>
			<report>
				<misses>6052001</misses>
				<total>19</total>
				<timestamp>1934.703950</timestamp>
			</report>
			<report>
				<misses>6053001</misses>
				<total>18</total>
				<timestamp>1935.023751</timestamp>
			</report>
			<report>
				<misses>6054001</misses>
				<total>19</total>
				<timestamp>1935.343302</timestamp>
			</report>
			<report>
				<misses>6055001</misses>
				<total>18</total>
				<timestamp>1935.662990</timestamp>
			</report>
			<report>
				<misses>6056001</misses>
				<total>19</total>
				<timestamp>1935.982562</timestamp>
			</report>
			<report>
				<misses>6057001</misses>
				<total>19</total>
				<timestamp>1936.302324</timestamp>
			</report>
			<report>
				<misses>6058001</misses>
				<total>18</total>
				<timestamp>1936.622014</timestamp>
			</report>
			<report>
				<misses>6059001</misses>
				<total>19</total>
				<timestamp>1936.941667</timestamp>
			</report>
			<report>
				<misses>6060001</misses>
				<total>19</total>
				<timestamp>1937.261322</timestamp>
			</report>
			<report>
				<misses>6061001</misses>
				<total>19</total>
				<timestamp>1937.581008</timestamp>
			</report>
			<report>
				<misses>6062001</misses>
				<total>18</total>
				<timestamp>1937.900800</timestamp>
			</report>
			<report>
				<misses>6063001</misses>
				<total>19</total>
				<timestamp>1938.220394</timestamp>
			</report>
			<report>
				<misses>6064001</misses>
				<total>19</total>
				<timestamp>1938.540102</timestamp>
			</report>
			<report>
				<misses>6065001</misses>
				<total>19</total>
				<timestamp>1938.859715</timestamp>
			</report>
			<report>
				<misses>6066001</misses>
				<total>19</total>
				<timestamp>1939.179358</timestamp>
			</report>
			<report>
				<misses>6067001</misses>
				<total>19</total>
				<timestamp>1939.499039</timestamp>
			</report>
			<report>
				<misses>6068001</misses>
				<total>19</total>
				<timestamp>1939.818819</timestamp>
			</report>
			<report>
				<misses>6069001</misses>
				<total>19</total>
				<timestamp>1940.138410</timestamp>
			</report>
			<report>
				<misses>6070001</misses>
				<total>19</total>
				<timestamp>1940.458099</timestamp>
			</report>
			<report>
				<misses>6071001</misses>
				<total>19</total>
				<timestamp>1940.777807</timestamp>
			</report>
			<report>
				<misses>6072001</misses>
				<total>19</total>
				<timestamp>1941.097517</timestamp>
			</report>
			<report>
				<misses>6073001</misses>
				<total>19</total>
				<timestamp>1941.417183</timestamp>
			</report>
			<report>
				<misses>6074001</misses>
				<total>19</total>
				<timestamp>1941.736986</timestamp>
			</report>
			<report>
				<misses>6075001</misses>
				<total>19</total>
				<timestamp>1942.056571</timestamp>
			</report>
			<report>
				<misses>6076001</misses>
				<total>18</total>
				<timestamp>1942.376418</timestamp>
			</report>
			<report>
				<misses>6077001</misses>
				<total>19</total>
				<timestamp>1942.695970</timestamp>
			</report>
			<report>
				<misses>6078001</misses>
				<total>19</total>
				<timestamp>1943.015597</timestamp>
			</report>
			<report>
				<misses>6079001</misses>
				<total>18</total>
				<timestamp>1943.335378</timestamp>
			</report>
			<report>
				<misses>6080001</misses>
				<total>19</total>
				<timestamp>1943.654916</timestamp>
			</report>
			<report>
				<misses>6081001</misses>
				<total>19</total>
				<timestamp>1943.974585</timestamp>
			</report>
			<report>
				<misses>6082001</misses>
				<total>19</total>
				<timestamp>1944.294247</timestamp>
			</report>
			<report>
				<misses>6083001</misses>
				<total>19</total>
				<timestamp>1944.613918</timestamp>
			</report>
			<report>
				<misses>6084001</misses>
				<total>19</total>
				<timestamp>1944.933710</timestamp>
			</report>
			<report>
				<misses>6085001</misses>
				<total>19</total>
				<timestamp>1945.253311</timestamp>
			</report>
			<report>
				<misses>6086001</misses>
				<total>19</total>
				<timestamp>1945.572969</timestamp>
			</report>
			<report>
				<misses>6087001</misses>
				<total>19</total>
				<timestamp>1945.892710</timestamp>
			</report>
			<report>
				<misses>6088001</misses>
				<total>19</total>
				<timestamp>1946.212373</timestamp>
			</report>
			<report>
				<misses>6089001</misses>
				<total>19</total>
				<timestamp>1946.531991</timestamp>
			</report>
			<report>
				<misses>6090001</misses>
				<total>19</total>
				<timestamp>1946.851693</timestamp>
			</report>
			<report>
				<misses>6091001</misses>
				<total>19</total>
				<timestamp>1947.171422</timestamp>
			</report>
			<report>
				<misses>6092001</misses>
				<total>19</total>
				<timestamp>1947.491053</timestamp>
			</report>
			<report>
				<misses>6093001</misses>
				<total>18</total>
				<timestamp>1947.810948</timestamp>
			</report>
			<report>
				<misses>6094001</misses>
				<total>19</total>
				<timestamp>1948.130401</timestamp>
			</report>
			<report>
				<misses>6095001</misses>
				<total>19</total>
				<timestamp>1948.450135</timestamp>
			</report>
			<report>
				<misses>6096001</misses>
				<total>19</total>
				<timestamp>1948.769814</timestamp>
			</report>
			<report>
				<misses>6097001</misses>
				<total>19</total>
				<timestamp>1949.089564</timestamp>
			</report>
			<report>
				<misses>6098001</misses>
				<total>19</total>
				<timestamp>1949.409191</timestamp>
			</report>
			<report>
				<misses>6099001</misses>
				<total>19</total>
				<timestamp>1949.728834</timestamp>
			</report>
			<report>
				<misses>6100001</misses>
				<total>19</total>
				<timestamp>1950.048566</timestamp>
			</report>
			<report>
				<misses>6101001</misses>
				<total>19</total>
				<timestamp>1950.368253</timestamp>
			</report>
			<report>
				<misses>6102001</misses>
				<total>19</total>
				<timestamp>1950.687868</timestamp>
			</report>
			<report>
				<misses>6103001</misses>
				<total>19</total>
				<timestamp>1951.007530</timestamp>
			</report>
			<report>
				<misses>6104001</misses>
				<total>19</total>
				<timestamp>1951.327251</timestamp>
			</report>
			<report>
				<misses>6105001</misses>
				<total>19</total>
				<timestamp>1951.646981</timestamp>
			</report>
			<report>
				<misses>6106001</misses>
				<total>19</total>
				<timestamp>1951.966568</timestamp>
			</report>
			<report>
				<misses>6107001</misses>
				<total>19</total>
				<timestamp>1952.286282</timestamp>
			</report>
			<report>
				<misses>6108001</misses>
				<total>19</total>
				<timestamp>1952.605946</timestamp>
			</report>
			<report>
				<misses>6109001</misses>
				<total>19</total>
				<timestamp>1952.925680</timestamp>
			</report>
			<report>
				<misses>6110001</misses>
				<total>19</total>
				<timestamp>1953.245298</timestamp>
			</report>
			<report>
				<misses>6111001</misses>
				<total>19</total>
				<timestamp>1953.564963</timestamp>
			</report>
			<report>
				<misses>6112001</misses>
				<total>19</total>
				<timestamp>1953.884696</timestamp>
			</report>
			<report>
				<misses>6113001</misses>
				<total>19</total>
				<timestamp>1954.204339</timestamp>
			</report>
			<report>
				<misses>6114001</misses>
				<total>19</total>
				<timestamp>1954.524230</timestamp>
			</report>
			<report>
				<misses>6115001</misses>
				<total>19</total>
				<timestamp>1954.843726</timestamp>
			</report>
			<report>
				<misses>6116001</misses>
				<total>19</total>
				<timestamp>1955.163464</timestamp>
			</report>
			<report>
				<misses>6117001</misses>
				<total>19</total>
				<timestamp>1955.483152</timestamp>
			</report>
			<report>
				<misses>6118001</misses>
				<total>19</total>
				<timestamp>1955.802753</timestamp>
			</report>
			<report>
				<misses>6119001</misses>
				<total>19</total>
				<timestamp>1956.122397</timestamp>
			</report>
			<report>
				<misses>6120001</misses>
				<total>19</total>
				<timestamp>1956.442119</timestamp>
			</report>
			<report>
				<misses>6121001</misses>
				<total>19</total>
				<timestamp>1956.761820</timestamp>
			</report>
			<report>
				<misses>6122001</misses>
				<total>19</total>
				<timestamp>1957.081580</timestamp>
			</report>
			<report>
				<misses>6123001</misses>
				<total>19</total>
				<timestamp>1957.401203</timestamp>
			</report>
			<report>
				<misses>6124001</misses>
				<total>19</total>
				<timestamp>1957.720803</timestamp>
			</report>
			<report>
				<misses>6125001</misses>
				<total>19</total>
				<timestamp>1958.040567</timestamp>
			</report>
			<report>
				<misses>6126001</misses>
				<total>19</total>
				<timestamp>1958.360179</timestamp>
			</report>
			<report>
				<misses>6127001</misses>
				<total>19</total>
				<timestamp>1958.679880</timestamp>
			</report>
			<report>
				<misses>6128001</misses>
				<total>19</total>
				<timestamp>1958.999578</timestamp>
			</report>
			<report>
				<misses>6129001</misses>
				<total>19</total>
				<timestamp>1959.319234</timestamp>
			</report>
			<report>
				<misses>6130001</misses>
				<total>19</total>
				<timestamp>1959.638917</timestamp>
			</report>
			<report>
				<misses>6131001</misses>
				<total>19</total>
				<timestamp>1959.958620</timestamp>
			</report>
			<report>
				<misses>6132001</misses>
				<total>19</total>
				<timestamp>1960.278236</timestamp>
			</report>
			<report>
				<misses>6133001</misses>
				<total>19</total>
				<timestamp>1960.597937</timestamp>
			</report>
			<report>
				<misses>6134001</misses>
				<total>19</total>
				<timestamp>1960.917675</timestamp>
			</report>
			<report>
				<misses>6135001</misses>
				<total>19</total>
				<timestamp>1961.237334</timestamp>
			</report>
			<report>
				<misses>6136001</misses>
				<total>19</total>
				<timestamp>1961.557042</timestamp>
			</report>
			<report>
				<misses>6137001</misses>
				<total>19</total>
				<timestamp>1961.876682</timestamp>
			</report>
			<report>
				<misses>6138001</misses>
				<total>19</total>
				<timestamp>1962.196355</timestamp>
			</report>
			<report>
				<misses>6139001</misses>
				<total>19</total>
				<timestamp>1962.516013</timestamp>
			</report>
			<report>
				<misses>6140001</misses>
				<total>19</total>
				<timestamp>1962.835723</timestamp>
			</report>
			<report>
				<misses>6141001</misses>
				<total>19</total>
				<timestamp>1963.155424</timestamp>
			</report>
			<report>
				<misses>6142001</misses>
				<total>19</total>
				<timestamp>1963.475185</timestamp>
			</report>
			<report>
				<misses>6143001</misses>
				<total>19</total>
				<timestamp>1963.794825</timestamp>
			</report>
			<report>
				<misses>6144001</misses>
				<total>19</total>
				<timestamp>1964.114487</timestamp>
			</report>
			<report>
				<misses>6145001</misses>
				<total>19</total>
				<timestamp>1964.434119</timestamp>
			</report>
			<report>
				<misses>6146001</misses>
				<total>18</total>
				<timestamp>1964.753927</timestamp>
			</report>
			<report>
				<misses>6147001</misses>
				<total>19</total>
				<timestamp>1965.073520</timestamp>
			</report>
			<report>
				<misses>6148001</misses>
				<total>19</total>
				<timestamp>1965.393198</timestamp>
			</report>
			<report>
				<misses>6149001</misses>
				<total>19</total>
				<timestamp>1965.712822</timestamp>
			</report>
			<report>
				<misses>6150001</misses>
				<total>19</total>
				<timestamp>1966.032580</timestamp>
			</report>
			<report>
				<misses>6151001</misses>
				<total>19</total>
				<timestamp>1966.352200</timestamp>
			</report>
			<report>
				<misses>6152001</misses>
				<total>19</total>
				<timestamp>1966.671967</timestamp>
			</report>
			<report>
				<misses>6153001</misses>
				<total>19</total>
				<timestamp>1966.991624</timestamp>
			</report>
			<report>
				<misses>6154001</misses>
				<total>19</total>
				<timestamp>1967.311207</timestamp>
			</report>
			<report>
				<misses>6155001</misses>
				<total>19</total>
				<timestamp>1967.630902</timestamp>
			</report>
			<report>
				<misses>6156001</misses>
				<total>19</total>
				<timestamp>1967.950589</timestamp>
			</report>
			<report>
				<misses>6157001</misses>
				<total>19</total>
				<timestamp>1968.270308</timestamp>
			</report>
			<report>
				<misses>6158001</misses>
				<total>19</total>
				<timestamp>1968.589954</timestamp>
			</report>
			<report>
				<misses>6159001</misses>
				<total>19</total>
				<timestamp>1968.909598</timestamp>
			</report>
			<report>
				<misses>6160001</misses>
				<total>18</total>
				<timestamp>1969.229378</timestamp>
			</report>
			<report>
				<misses>6161001</misses>
				<total>19</total>
				<timestamp>1969.549064</timestamp>
			</report>
			<report>
				<misses>6162001</misses>
				<total>19</total>
				<timestamp>1969.868706</timestamp>
			</report>
			<report>
				<misses>6163001</misses>
				<total>19</total>
				<timestamp>1970.188331</timestamp>
			</report>
			<report>
				<misses>6164001</misses>
				<total>19</total>
				<timestamp>1970.508174</timestamp>
			</report>
			<report>
				<misses>6165001</misses>
				<total>19</total>
				<timestamp>1970.827711</timestamp>
			</report>
			<report>
				<misses>6166001</misses>
				<total>19</total>
				<timestamp>1971.147383</timestamp>
			</report>
			<report>
				<misses>6167001</misses>
				<total>19</total>
				<timestamp>1971.467092</timestamp>
			</report>
			<report>
				<misses>6168001</misses>
				<total>19</total>
				<timestamp>1971.786828</timestamp>
			</report>
			<report>
				<misses>6169001</misses>
				<total>19</total>
				<timestamp>1972.106456</timestamp>
			</report>
			<report>
				<misses>6170001</misses>
				<total>19</total>
				<timestamp>1972.426245</timestamp>
			</report>
			<report>
				<misses>6171001</misses>
				<total>18</total>
				<timestamp>1972.745955</timestamp>
			</report>
			<report>
				<misses>6172001</misses>
				<total>19</total>
				<timestamp>1973.065581</timestamp>
			</report>
			<report>
				<misses>6173001</misses>
				<total>19</total>
				<timestamp>1973.385177</timestamp>
			</report>
			<report>
				<misses>6174001</misses>
				<total>19</total>
				<timestamp>1973.704885</timestamp>
			</report>
			<report>
				<misses>6175001</misses>
				<total>19</total>
				<timestamp>1974.024515</timestamp>
			</report>
			<report>
				<misses>6176001</misses>
				<total>19</total>
				<timestamp>1974.344201</timestamp>
			</report>
			<report>
				<misses>6177001</misses>
				<total>19</total>
				<timestamp>1974.663888</timestamp>
			</report>
			<report>
				<misses>6178001</misses>
				<total>19</total>
				<timestamp>1974.983544</timestamp>
			</report>
			<report>
				<misses>6179001</misses>
				<total>19</total>
				<timestamp>1975.303274</timestamp>
			</report>
			<report>
				<misses>6180001</misses>
				<total>19</total>
				<timestamp>1975.622893</timestamp>
			</report>
			<report>
				<misses>6181001</misses>
				<total>19</total>
				<timestamp>1975.942711</timestamp>
			</report>
			<report>
				<misses>6182001</misses>
				<total>19</total>
				<timestamp>1976.262277</timestamp>
			</report>
			<report>
				<misses>6183001</misses>
				<total>19</total>
				<timestamp>1976.582079</timestamp>
			</report>
			<report>
				<misses>6184001</misses>
				<total>19</total>
				<timestamp>1976.901703</timestamp>
			</report>
			<report>
				<misses>6185001</misses>
				<total>19</total>
				<timestamp>1977.221335</timestamp>
			</report>
			<report>
				<misses>6186001</misses>
				<total>19</total>
				<timestamp>1977.540989</timestamp>
			</report>
			<report>
				<misses>6187001</misses>
				<total>18</total>
				<timestamp>1977.860757</timestamp>
			</report>
			<report>
				<misses>6188001</misses>
				<total>19</total>
				<timestamp>1978.180353</timestamp>
			</report>
			<report>
				<misses>6189001</misses>
				<total>19</total>
				<timestamp>1978.500081</timestamp>
			</report>
			<report>
				<misses>6190001</misses>
				<total>19</total>
				<timestamp>1978.819739</timestamp>
			</report>
			<report>
				<misses>6191001</misses>
				<total>19</total>
				<timestamp>1979.139361</timestamp>
			</report>
			<report>
				<misses>6192001</misses>
				<total>19</total>
				<timestamp>1979.459091</timestamp>
			</report>
			<report>
				<misses>6193001</misses>
				<total>19</total>
				<timestamp>1979.778769</timestamp>
			</report>
			<report>
				<misses>6194001</misses>
				<total>18</total>
				<timestamp>1980.098572</timestamp>
			</report>
			<report>
				<misses>6195001</misses>
				<total>19</total>
				<timestamp>1980.418160</timestamp>
			</report>
			<report>
				<misses>6196001</misses>
				<total>19</total>
				<timestamp>1980.737816</timestamp>
			</report>
			<report>
				<misses>6197001</misses>
				<total>19</total>
				<timestamp>1981.057433</timestamp>
			</report>
			<report>
				<misses>6198001</misses>
				<total>19</total>
				<timestamp>1981.377182</timestamp>
			</report>
			<report>
				<misses>6199001</misses>
				<total>19</total>
				<timestamp>1981.696806</timestamp>
			</report>
			<report>
				<misses>6200001</misses>
				<total>19</total>
				<timestamp>1982.016507</timestamp>
			</report>
			<report>
				<misses>6201001</misses>
				<total>19</total>
				<timestamp>1982.336224</timestamp>
			</report>
			<report>
				<misses>6202001</misses>
				<total>19</total>
				<timestamp>1982.655931</timestamp>
			</report>
			<report>
				<misses>6203001</misses>
				<total>19</total>
				<timestamp>1982.975576</timestamp>
			</report>
			<report>
				<misses>6204001</misses>
				<total>19</total>
				<timestamp>1983.295247</timestamp>
			</report>
			<report>
				<misses>6205001</misses>
				<total>19</total>
				<timestamp>1983.614946</timestamp>
			</report>
			<report>
				<misses>6206001</misses>
				<total>19</total>
				<timestamp>1983.934652</timestamp>
			</report>
			<report>
				<misses>6207001</misses>
				<total>18</total>
				<timestamp>1984.254380</timestamp>
			</report>
			<report>
				<misses>6208001</misses>
				<total>19</total>
				<timestamp>1984.573957</timestamp>
			</report>
			<report>
				<misses>6209001</misses>
				<total>19</total>
				<timestamp>1984.893710</timestamp>
			</report>
			<report>
				<misses>6210001</misses>
				<total>19</total>
				<timestamp>1985.213409</timestamp>
			</report>
			<report>
				<misses>6211001</misses>
				<total>19</total>
				<timestamp>1985.532984</timestamp>
			</report>
			<report>
				<misses>6212001</misses>
				<total>19</total>
				<timestamp>1985.852695</timestamp>
			</report>
			<report>
				<misses>6213001</misses>
				<total>19</total>
				<timestamp>1986.172330</timestamp>
			</report>
			<report>
				<misses>6214001</misses>
				<total>19</total>
				<timestamp>1986.492051</timestamp>
			</report>
			<report>
				<misses>6215001</misses>
				<total>19</total>
				<timestamp>1986.811742</timestamp>
			</report>
			<report>
				<misses>6216001</misses>
				<total>19</total>
				<timestamp>1987.131443</timestamp>
			</report>
			<report>
				<misses>6217001</misses>
				<total>19</total>
				<timestamp>1987.451100</timestamp>
			</report>
			<report>
				<misses>6218001</misses>
				<total>19</total>
				<timestamp>1987.770805</timestamp>
			</report>
			<report>
				<misses>6219001</misses>
				<total>18</total>
				<timestamp>1988.090498</timestamp>
			</report>
			<report>
				<misses>6220001</misses>
				<total>19</total>
				<timestamp>1988.410083</timestamp>
			</report>
			<report>
				<misses>6221001</misses>
				<total>19</total>
				<timestamp>1988.729938</timestamp>
			</report>
			<report>
				<misses>6222001</misses>
				<total>19</total>
				<timestamp>1989.049516</timestamp>
			</report>
			<report>
				<misses>6223001</misses>
				<total>19</total>
				<timestamp>1989.369179</timestamp>
			</report>
			<report>
				<misses>6224001</misses>
				<total>19</total>
				<timestamp>1989.688954</timestamp>
			</report>
			<report>
				<misses>6225001</misses>
				<total>19</total>
				<timestamp>1990.008537</timestamp>
			</report>
			<report>
				<misses>6226001</misses>
				<total>19</total>
				<timestamp>1990.328189</timestamp>
			</report>
			<report>
				<misses>6227001</misses>
				<total>19</total>
				<timestamp>1990.647955</timestamp>
			</report>
			<report>
				<misses>6228001</misses>
				<total>19</total>
				<timestamp>1990.967676</timestamp>
			</report>
			<report>
				<misses>6229001</misses>
				<total>19</total>
				<timestamp>1991.287207</timestamp>
			</report>
			<report>
				<misses>6230001</misses>
				<total>19</total>
				<timestamp>1991.606903</timestamp>
			</report>
			<report>
				<misses>6231001</misses>
				<total>19</total>
				<timestamp>1991.926723</timestamp>
			</report>
			<report>
				<misses>6232001</misses>
				<total>19</total>
				<timestamp>1992.246287</timestamp>
			</report>
			<report>
				<misses>6233001</misses>
				<total>18</total>
				<timestamp>1992.566062</timestamp>
			</report>
			<report>
				<misses>6234001</misses>
				<total>19</total>
				<timestamp>1992.885594</timestamp>
			</report>
			<report>
				<misses>6235001</misses>
				<total>19</total>
				<timestamp>1993.205335</timestamp>
			</report>
			<report>
				<misses>6236001</misses>
				<total>19</total>
				<timestamp>1993.524965</timestamp>
			</report>
			<report>
				<misses>6237001</misses>
				<total>19</total>
				<timestamp>1993.844717</timestamp>
			</report>
			<report>
				<misses>6238001</misses>
				<total>19</total>
				<timestamp>1994.164335</timestamp>
			</report>
			<report>
				<misses>6239001</misses>
				<total>19</total>
				<timestamp>1994.484080</timestamp>
			</report>
			<report>
				<misses>6240001</misses>
				<total>19</total>
				<timestamp>1994.803829</timestamp>
			</report>
			<report>
				<misses>6241001</misses>
				<total>19</total>
				<timestamp>1995.123441</timestamp>
			</report>
			<report>
				<misses>6242001</misses>
				<total>19</total>
				<timestamp>1995.443108</timestamp>
			</report>
			<report>
				<misses>6243001</misses>
				<total>18</total>
				<timestamp>1995.762967</timestamp>
			</report>
			<report>
				<misses>6244001</misses>
				<total>19</total>
				<timestamp>1996.082435</timestamp>
			</report>
			<report>
				<misses>6245001</misses>
				<total>19</total>
				<timestamp>1996.402117</timestamp>
			</report>
			<report>
				<misses>6246001</misses>
				<total>19</total>
				<timestamp>1996.721781</timestamp>
			</report>
			<report>
				<misses>6247001</misses>
				<total>18</total>
				<timestamp>1997.041705</timestamp>
			</report>
			<report>
				<misses>6248001</misses>
				<total>19</total>
				<timestamp>1997.361256</timestamp>
			</report>
			<report>
				<misses>6249001</misses>
				<total>19</total>
				<timestamp>1997.680867</timestamp>
			</report>
			<report>
				<misses>6250001</misses>
				<total>19</total>
				<timestamp>1998.000560</timestamp>
			</report>
			<report>
				<misses>6251001</misses>
				<total>19</total>
				<timestamp>1998.320155</timestamp>
			</report>
			<report>
				<misses>6252001</misses>
				<total>19</total>
				<timestamp>1998.639944</timestamp>
			</report>
			<report>
				<misses>6253001</misses>
				<total>19</total>
				<timestamp>1998.959562</timestamp>
			</report>
			<report>
				<misses>6254001</misses>
				<total>18</total>
				<timestamp>1999.279304</timestamp>
			</report>
			<report>
				<misses>6255001</misses>
				<total>19</total>
				<timestamp>1999.598951</timestamp>
			</report>
			<report>
				<misses>6256001</misses>
				<total>19</total>
				<timestamp>1999.918564</timestamp>
			</report>
			<report>
				<misses>6257001</misses>
				<total>19</total>
				<timestamp>2000.238273</timestamp>
			</report>
			<report>
				<misses>6258001</misses>
				<total>19</total>
				<timestamp>2000.557952</timestamp>
			</report>
			<report>
				<misses>6259001</misses>
				<total>19</total>
				<timestamp>2000.877688</timestamp>
			</report>
			<report>
				<misses>6260001</misses>
				<total>19</total>
				<timestamp>2001.197361</timestamp>
			</report>
			<report>
				<misses>6261001</misses>
				<total>19</total>
				<timestamp>2001.517007</timestamp>
			</report>
			<report>
				<misses>6262001</misses>
				<total>19</total>
				<timestamp>2001.836763</timestamp>
			</report>
			<report>
				<misses>6263001</misses>
				<total>19</total>
				<timestamp>2002.156337</timestamp>
			</report>
			<report>
				<misses>6264001</misses>
				<total>19</total>
				<timestamp>2002.476087</timestamp>
			</report>
			<report>
				<misses>6265001</misses>
				<total>18</total>
				<timestamp>2002.795829</timestamp>
			</report>
			<report>
				<misses>6266001</misses>
				<total>19</total>
				<timestamp>2003.115410</timestamp>
			</report>
			<report>
				<misses>6267001</misses>
				<total>19</total>
				<timestamp>2003.435098</timestamp>
			</report>
			<report>
				<misses>6268001</misses>
				<total>18</total>
				<timestamp>2003.754856</timestamp>
			</report>
			<report>
				<misses>6269001</misses>
				<total>19</total>
				<timestamp>2004.074434</timestamp>
			</report>
			<report>
				<misses>6270001</misses>
				<total>19</total>
				<timestamp>2004.394125</timestamp>
			</report>
			<report>
				<misses>6271001</misses>
				<total>19</total>
				<timestamp>2004.713823</timestamp>
			</report>
			<report>
				<misses>6272001</misses>
				<total>18</total>
				<timestamp>2005.033550</timestamp>
			</report>
			<report>
				<misses>6273001</misses>
				<total>19</total>
				<timestamp>2005.353204</timestamp>
			</report>
			<report>
				<misses>6274001</misses>
				<total>19</total>
				<timestamp>2005.672876</timestamp>
			</report>
			<report>
				<misses>6275001</misses>
				<total>19</total>
				<timestamp>2005.992511</timestamp>
			</report>
			<report>
				<misses>6276001</misses>
				<total>19</total>
				<timestamp>2006.312189</timestamp>
			</report>
			<report>
				<misses>6277001</misses>
				<total>19</total>
				<timestamp>2006.632010</timestamp>
			</report>
			<report>
				<misses>6278001</misses>
				<total>19</total>
				<timestamp>2006.951581</timestamp>
			</report>
			<report>
				<misses>6279001</misses>
				<total>19</total>
				<timestamp>2007.271210</timestamp>
			</report>
			<report>
				<misses>6280001</misses>
				<total>19</total>
				<timestamp>2007.590946</timestamp>
			</report>
			<report>
				<misses>6281001</misses>
				<total>19</total>
				<timestamp>2007.910563</timestamp>
			</report>
			<report>
				<misses>6282001</misses>
				<total>19</total>
				<timestamp>2008.230238</timestamp>
			</report>
			<report>
				<misses>6283001</misses>
				<total>19</total>
				<timestamp>2008.550074</timestamp>
			</report>
			<report>
				<misses>6284001</misses>
				<total>19</total>
				<timestamp>2008.869696</timestamp>
			</report>
			<report>
				<misses>6285001</misses>
				<total>19</total>
				<timestamp>2009.189339</timestamp>
			</report>
			<report>
				<misses>6286001</misses>
				<total>19</total>
				<timestamp>2009.509037</timestamp>
			</report>
			<report>
				<misses>6287001</misses>
				<total>19</total>
				<timestamp>2009.828719</timestamp>
			</report>
			<report>
				<misses>6288001</misses>
				<total>19</total>
				<timestamp>2010.148408</timestamp>
			</report>
			<report>
				<misses>6289001</misses>
				<total>19</total>
				<timestamp>2010.468087</timestamp>
			</report>
			<report>
				<misses>6290001</misses>
				<total>19</total>
				<timestamp>2010.787835</timestamp>
			</report>
			<report>
				<misses>6291001</misses>
				<total>19</total>
				<timestamp>2011.107365</timestamp>
			</report>
			<report>
				<misses>6292001</misses>
				<total>19</total>
				<timestamp>2011.427083</timestamp>
			</report>
			<report>
				<misses>6293001</misses>
				<total>19</total>
				<timestamp>2011.746751</timestamp>
			</report>
			<report>
				<misses>6294001</misses>
				<total>19</total>
				<timestamp>2012.066448</timestamp>
			</report>
			<report>
				<misses>6295001</misses>
				<total>19</total>
				<timestamp>2012.386088</timestamp>
			</report>
			<report>
				<misses>6296001</misses>
				<total>19</total>
				<timestamp>2012.705933</timestamp>
			</report>
			<report>
				<misses>6297001</misses>
				<total>19</total>
				<timestamp>2013.025584</timestamp>
			</report>
			<report>
				<misses>6298001</misses>
				<total>19</total>
				<timestamp>2013.345218</timestamp>
			</report>
			<report>
				<misses>6299001</misses>
				<total>19</total>
				<timestamp>2013.664944</timestamp>
			</report>
			<report>
				<misses>6300001</misses>
				<total>19</total>
				<timestamp>2013.984624</timestamp>
			</report>
			<report>
				<misses>6301001</misses>
				<total>19</total>
				<timestamp>2014.304252</timestamp>
			</report>
			<report>
				<misses>6302001</misses>
				<total>19</total>
				<timestamp>2014.623942</timestamp>
			</report>
			<report>
				<misses>6303001</misses>
				<total>19</total>
				<timestamp>2014.943554</timestamp>
			</report>
			<report>
				<misses>6304001</misses>
				<total>19</total>
				<timestamp>2015.263224</timestamp>
			</report>
			<report>
				<misses>6305001</misses>
				<total>19</total>
				<timestamp>2015.582965</timestamp>
			</report>
			<report>
				<misses>6306001</misses>
				<total>19</total>
				<timestamp>2015.902634</timestamp>
			</report>
			<report>
				<misses>6307001</misses>
				<total>19</total>
				<timestamp>2016.222269</timestamp>
			</report>
			<report>
				<misses>6308001</misses>
				<total>19</total>
				<timestamp>2016.541996</timestamp>
			</report>
			<report>
				<misses>6309001</misses>
				<total>19</total>
				<timestamp>2016.861688</timestamp>
			</report>
			<report>
				<misses>6310001</misses>
				<total>19</total>
				<timestamp>2017.181325</timestamp>
			</report>
			<report>
				<misses>6311001</misses>
				<total>19</total>
				<timestamp>2017.500982</timestamp>
			</report>
			<report>
				<misses>6312001</misses>
				<total>19</total>
				<timestamp>2017.820713</timestamp>
			</report>
			<report>
				<misses>6313001</misses>
				<total>19</total>
				<timestamp>2018.140320</timestamp>
			</report>
			<report>
				<misses>6314001</misses>
				<total>18</total>
				<timestamp>2018.460103</timestamp>
			</report>
			<report>
				<misses>6315001</misses>
				<total>19</total>
				<timestamp>2018.779810</timestamp>
			</report>
			<report>
				<misses>6316001</misses>
				<total>19</total>
				<timestamp>2019.099366</timestamp>
			</report>
			<report>
				<misses>6317001</misses>
				<total>18</total>
				<timestamp>2019.419157</timestamp>
			</report>
			<report>
				<misses>6318001</misses>
				<total>18</total>
				<timestamp>2019.738950</timestamp>
			</report>
			<report>
				<misses>6319001</misses>
				<total>19</total>
				<timestamp>2020.058445</timestamp>
			</report>
			<report>
				<misses>6320001</misses>
				<total>19</total>
				<timestamp>2020.378156</timestamp>
			</report>
			<report>
				<misses>6321001</misses>
				<total>19</total>
				<timestamp>2020.697829</timestamp>
			</report>
			<report>
				<misses>6322001</misses>
				<total>19</total>
				<timestamp>2021.017585</timestamp>
			</report>
			<report>
				<misses>6323001</misses>
				<total>18</total>
				<timestamp>2021.337218</timestamp>
			</report>
			<report>
				<misses>6324001</misses>
				<total>19</total>
				<timestamp>2021.656996</timestamp>
			</report>
			<report>
				<misses>6325001</misses>
				<total>19</total>
				<timestamp>2021.976559</timestamp>
			</report>
			<report>
				<misses>6326001</misses>
				<total>19</total>
				<timestamp>2022.296183</timestamp>
			</report>
			<report>
				<misses>6327001</misses>
				<total>18</total>
				<timestamp>2022.616012</timestamp>
			</report>
			<report>
				<misses>6328001</misses>
				<total>19</total>
				<timestamp>2022.935532</timestamp>
			</report>
			<report>
				<misses>6329001</misses>
				<total>19</total>
				<timestamp>2023.255208</timestamp>
			</report>
			<report>
				<misses>6330001</misses>
				<total>18</total>
				<timestamp>2023.574995</timestamp>
			</report>
			<report>
				<misses>6331001</misses>
				<total>19</total>
				<timestamp>2023.894696</timestamp>
			</report>
			<report>
				<misses>6332001</misses>
				<total>19</total>
				<timestamp>2024.214268</timestamp>
			</report>
			<report>
				<misses>6333001</misses>
				<total>19</total>
				<timestamp>2024.533952</timestamp>
			</report>
			<report>
				<misses>6334001</misses>
				<total>19</total>
				<timestamp>2024.853677</timestamp>
			</report>
			<report>
				<misses>6335001</misses>
				<total>19</total>
				<timestamp>2025.173279</timestamp>
			</report>
			<report>
				<misses>6336001</misses>
				<total>19</total>
				<timestamp>2025.492968</timestamp>
			</report>
			<report>
				<misses>6337001</misses>
				<total>19</total>
				<timestamp>2025.812743</timestamp>
			</report>
			<report>
				<misses>6338001</misses>
				<total>19</total>
				<timestamp>2026.132308</timestamp>
			</report>
			<report>
				<misses>6339001</misses>
				<total>19</total>
				<timestamp>2026.452080</timestamp>
			</report>
			<report>
				<misses>6340001</misses>
				<total>19</total>
				<timestamp>2026.771810</timestamp>
			</report>
			<report>
				<misses>6341001</misses>
				<total>19</total>
				<timestamp>2027.091392</timestamp>
			</report>
			<report>
				<misses>6342001</misses>
				<total>19</total>
				<timestamp>2027.411074</timestamp>
			</report>
			<report>
				<misses>6343001</misses>
				<total>19</total>
				<timestamp>2027.730822</timestamp>
			</report>
			<report>
				<misses>6344001</misses>
				<total>19</total>
				<timestamp>2028.050415</timestamp>
			</report>
			<report>
				<misses>6345001</misses>
				<total>19</total>
				<timestamp>2028.370140</timestamp>
			</report>
			<report>
				<misses>6346001</misses>
				<total>19</total>
				<timestamp>2028.689815</timestamp>
			</report>
			<report>
				<misses>6347001</misses>
				<total>19</total>
				<timestamp>2029.009557</timestamp>
			</report>
			<report>
				<misses>6348001</misses>
				<total>19</total>
				<timestamp>2029.329179</timestamp>
			</report>
			<report>
				<misses>6349001</misses>
				<total>19</total>
				<timestamp>2029.648861</timestamp>
			</report>
			<report>
				<misses>6350001</misses>
				<total>19</total>
				<timestamp>2029.968494</timestamp>
			</report>
			<report>
				<misses>6351001</misses>
				<total>19</total>
				<timestamp>2030.288165</timestamp>
			</report>
			<report>
				<misses>6352001</misses>
				<total>18</total>
				<timestamp>2030.607941</timestamp>
			</report>
			<report>
				<misses>6353001</misses>
				<total>19</total>
				<timestamp>2030.927602</timestamp>
			</report>
			<report>
				<misses>6354001</misses>
				<total>19</total>
				<timestamp>2031.247245</timestamp>
			</report>
			<report>
				<misses>6355001</misses>
				<total>19</total>
				<timestamp>2031.566969</timestamp>
			</report>
			<report>
				<misses>6356001</misses>
				<total>19</total>
				<timestamp>2031.886589</timestamp>
			</report>
			<report>
				<misses>6357001</misses>
				<total>19</total>
				<timestamp>2032.206235</timestamp>
			</report>
			<report>
				<misses>6358001</misses>
				<total>19</total>
				<timestamp>2032.525960</timestamp>
			</report>
			<report>
				<misses>6359001</misses>
				<total>19</total>
				<timestamp>2032.845646</timestamp>
			</report>
			<report>
				<misses>6360001</misses>
				<total>19</total>
				<timestamp>2033.165405</timestamp>
			</report>
			<report>
				<misses>6361001</misses>
				<total>18</total>
				<timestamp>2033.485073</timestamp>
			</report>
			<report>
				<misses>6362001</misses>
				<total>19</total>
				<timestamp>2033.804818</timestamp>
			</report>
			<report>
				<misses>6363001</misses>
				<total>19</total>
				<timestamp>2034.124342</timestamp>
			</report>
			<report>
				<misses>6364001</misses>
				<total>19</total>
				<timestamp>2034.444059</timestamp>
			</report>
			<report>
				<misses>6365001</misses>
				<total>19</total>
				<timestamp>2034.763786</timestamp>
			</report>
			<report>
				<misses>6366001</misses>
				<total>19</total>
				<timestamp>2035.083360</timestamp>
			</report>
			<report>
				<misses>6367001</misses>
				<total>19</total>
				<timestamp>2035.403044</timestamp>
			</report>
			<report>
				<misses>6368001</misses>
				<total>19</total>
				<timestamp>2035.722854</timestamp>
			</report>
			<report>
				<misses>6369001</misses>
				<total>19</total>
				<timestamp>2036.042484</timestamp>
			</report>
			<report>
				<misses>6370001</misses>
				<total>19</total>
				<timestamp>2036.362228</timestamp>
			</report>
			<report>
				<misses>6371001</misses>
				<total>19</total>
				<timestamp>2036.681836</timestamp>
			</report>
			<report>
				<misses>6372001</misses>
				<total>19</total>
				<timestamp>2037.001578</timestamp>
			</report>
			<report>
				<misses>6373001</misses>
				<total>19</total>
				<timestamp>2037.321124</timestamp>
			</report>
			<report>
				<misses>6374001</misses>
				<total>19</total>
				<timestamp>2037.640811</timestamp>
			</report>
			<report>
				<misses>6375001</misses>
				<total>19</total>
				<timestamp>2037.960558</timestamp>
			</report>
			<report>
				<misses>6376001</misses>
				<total>19</total>
				<timestamp>2038.280159</timestamp>
			</report>
			<report>
				<misses>6377001</misses>
				<total>19</total>
				<timestamp>2038.599997</timestamp>
			</report>
			<report>
				<misses>6378001</misses>
				<total>19</total>
				<timestamp>2038.919591</timestamp>
			</report>
			<report>
				<misses>6379001</misses>
				<total>19</total>
				<timestamp>2039.239240</timestamp>
			</report>
			<report>
				<misses>6380001</misses>
				<total>19</total>
				<timestamp>2039.559068</timestamp>
			</report>
			<report>
				<misses>6381001</misses>
				<total>19</total>
				<timestamp>2039.878614</timestamp>
			</report>
			<report>
				<misses>6382001</misses>
				<total>19</total>
				<timestamp>2040.198255</timestamp>
			</report>
			<report>
				<misses>6383001</misses>
				<total>18</total>
				<timestamp>2040.518045</timestamp>
			</report>
			<report>
				<misses>6384001</misses>
				<total>19</total>
				<timestamp>2040.837662</timestamp>
			</report>
			<report>
				<misses>6385001</misses>
				<total>19</total>
				<timestamp>2041.157332</timestamp>
			</report>
			<report>
				<misses>6386001</misses>
				<total>19</total>
				<timestamp>2041.477067</timestamp>
			</report>
			<report>
				<misses>6387001</misses>
				<total>19</total>
				<timestamp>2041.796734</timestamp>
			</report>
			<report>
				<misses>6388001</misses>
				<total>19</total>
				<timestamp>2042.116387</timestamp>
			</report>
			<report>
				<misses>6389001</misses>
				<total>19</total>
				<timestamp>2042.436064</timestamp>
			</report>
			<report>
				<misses>6390001</misses>
				<total>19</total>
				<timestamp>2042.755754</timestamp>
			</report>
			<report>
				<misses>6391001</misses>
				<total>19</total>
				<timestamp>2043.075377</timestamp>
			</report>
			<report>
				<misses>6392001</misses>
				<total>19</total>
				<timestamp>2043.395069</timestamp>
			</report>
			<report>
				<misses>6393001</misses>
				<total>19</total>
				<timestamp>2043.714746</timestamp>
			</report>
			<report>
				<misses>6394001</misses>
				<total>19</total>
				<timestamp>2044.034479</timestamp>
			</report>
			<report>
				<misses>6395001</misses>
				<total>19</total>
				<timestamp>2044.354117</timestamp>
			</report>
			<report>
				<misses>6396001</misses>
				<total>19</total>
				<timestamp>2044.673755</timestamp>
			</report>
			<report>
				<misses>6397001</misses>
				<total>19</total>
				<timestamp>2044.993601</timestamp>
			</report>
			<report>
				<misses>6398001</misses>
				<total>19</total>
				<timestamp>2045.313160</timestamp>
			</report>
			<report>
				<misses>6399001</misses>
				<total>18</total>
				<timestamp>2045.632947</timestamp>
			</report>
			<report>
				<misses>6400001</misses>
				<total>19</total>
				<timestamp>2045.952660</timestamp>
			</report>
			<report>
				<misses>6401001</misses>
				<total>19</total>
				<timestamp>2046.272159</timestamp>
			</report>
			<report>
				<misses>6402001</misses>
				<total>19</total>
				<timestamp>2046.591953</timestamp>
			</report>
			<report>
				<misses>6403001</misses>
				<total>19</total>
				<timestamp>2046.911584</timestamp>
			</report>
			<report>
				<misses>6404001</misses>
				<total>19</total>
				<timestamp>2047.231237</timestamp>
			</report>
			<report>
				<misses>6405001</misses>
				<total>19</total>
				<timestamp>2047.550921</timestamp>
			</report>
			<report>
				<misses>6406001</misses>
				<total>19</total>
				<timestamp>2047.870715</timestamp>
			</report>
			<report>
				<misses>6407001</misses>
				<total>19</total>
				<timestamp>2048.190249</timestamp>
			</report>
			<report>
				<misses>6408001</misses>
				<total>19</total>
				<timestamp>2048.509926</timestamp>
			</report>
			<report>
				<misses>6409001</misses>
				<total>19</total>
				<timestamp>2048.829705</timestamp>
			</report>
			<report>
				<misses>6410001</misses>
				<total>19</total>
				<timestamp>2049.149278</timestamp>
			</report>
			<report>
				<misses>6411001</misses>
				<total>19</total>
				<timestamp>2049.468976</timestamp>
			</report>
			<report>
				<misses>6412001</misses>
				<total>18</total>
				<timestamp>2049.788757</timestamp>
			</report>
			<report>
				<misses>6413001</misses>
				<total>19</total>
				<timestamp>2050.108362</timestamp>
			</report>
			<report>
				<misses>6414001</misses>
				<total>19</total>
				<timestamp>2050.428070</timestamp>
			</report>
			<report>
				<misses>6415001</misses>
				<total>19</total>
				<timestamp>2050.747704</timestamp>
			</report>
			<report>
				<misses>6416001</misses>
				<total>19</total>
				<timestamp>2051.067421</timestamp>
			</report>
			<report>
				<misses>6417001</misses>
				<total>19</total>
				<timestamp>2051.387168</timestamp>
			</report>
			<report>
				<misses>6418001</misses>
				<total>19</total>
				<timestamp>2051.706841</timestamp>
			</report>
			<report>
				<misses>6419001</misses>
				<total>19</total>
				<timestamp>2052.026417</timestamp>
			</report>
			<report>
				<misses>6420001</misses>
				<total>19</total>
				<timestamp>2052.346093</timestamp>
			</report>
			<report>
				<misses>6421001</misses>
				<total>19</total>
				<timestamp>2052.665824</timestamp>
			</report>
			<report>
				<misses>6422001</misses>
				<total>19</total>
				<timestamp>2052.985530</timestamp>
			</report>
			<report>
				<misses>6423001</misses>
				<total>19</total>
				<timestamp>2053.305183</timestamp>
			</report>
			<report>
				<misses>6424001</misses>
				<total>19</total>
				<timestamp>2053.624935</timestamp>
			</report>
			<report>
				<misses>6425001</misses>
				<total>19</total>
				<timestamp>2053.944529</timestamp>
			</report>
			<report>
				<misses>6426001</misses>
				<total>19</total>
				<timestamp>2054.264176</timestamp>
			</report>
			<report>
				<misses>6427001</misses>
				<total>19</total>
				<timestamp>2054.583945</timestamp>
			</report>
			<report>
				<misses>6428001</misses>
				<total>18</total>
				<timestamp>2054.903698</timestamp>
			</report>
			<report>
				<misses>6429001</misses>
				<total>19</total>
				<timestamp>2055.223215</timestamp>
			</report>
			<report>
				<misses>6430001</misses>
				<total>18</total>
				<timestamp>2055.543001</timestamp>
			</report>
			<report>
				<misses>6431001</misses>
				<total>18</total>
				<timestamp>2055.862653</timestamp>
			</report>
			<report>
				<misses>6432001</misses>
				<total>19</total>
				<timestamp>2056.182284</timestamp>
			</report>
			<report>
				<misses>6433001</misses>
				<total>19</total>
				<timestamp>2056.502055</timestamp>
			</report>
			<report>
				<misses>6434001</misses>
				<total>19</total>
				<timestamp>2056.821727</timestamp>
			</report>
			<report>
				<misses>6435001</misses>
				<total>19</total>
				<timestamp>2057.141301</timestamp>
			</report>
			<report>
				<misses>6436001</misses>
				<total>19</total>
				<timestamp>2057.461054</timestamp>
			</report>
			<report>
				<misses>6437001</misses>
				<total>19</total>
				<timestamp>2057.780705</timestamp>
			</report>
			<report>
				<misses>6438001</misses>
				<total>19</total>
				<timestamp>2058.100324</timestamp>
			</report>
			<report>
				<misses>6439001</misses>
				<total>19</total>
				<timestamp>2058.419997</timestamp>
			</report>
			<report>
				<misses>6440001</misses>
				<total>19</total>
				<timestamp>2058.739830</timestamp>
			</report>
			<report>
				<misses>6441001</misses>
				<total>19</total>
				<timestamp>2059.059427</timestamp>
			</report>
			<report>
				<misses>6442001</misses>
				<total>19</total>
				<timestamp>2059.379075</timestamp>
			</report>
			<report>
				<misses>6443001</misses>
				<total>19</total>
				<timestamp>2059.698813</timestamp>
			</report>
			<report>
				<misses>6444001</misses>
				<total>19</total>
				<timestamp>2060.018500</timestamp>
			</report>
			<report>
				<misses>6445001</misses>
				<total>19</total>
				<timestamp>2060.338176</timestamp>
			</report>
			<report>
				<misses>6446001</misses>
				<total>19</total>
				<timestamp>2060.657839</timestamp>
			</report>
			<report>
				<misses>6447001</misses>
				<total>19</total>
				<timestamp>2060.977585</timestamp>
			</report>
			<report>
				<misses>6448001</misses>
				<total>19</total>
				<timestamp>2061.297131</timestamp>
			</report>
			<report>
				<misses>6449001</misses>
				<total>18</total>
				<timestamp>2061.616908</timestamp>
			</report>
			<report>
				<misses>6450001</misses>
				<total>19</total>
				<timestamp>2061.936495</timestamp>
			</report>
			<report>
				<misses>6451001</misses>
				<total>19</total>
				<timestamp>2062.256250</timestamp>
			</report>
			<report>
				<misses>6452001</misses>
				<total>19</total>
				<timestamp>2062.575926</timestamp>
			</report>
			<report>
				<misses>6453001</misses>
				<total>18</total>
				<timestamp>2062.895701</timestamp>
			</report>
			<report>
				<misses>6454001</misses>
				<total>19</total>
				<timestamp>2063.215265</timestamp>
			</report>
			<report>
				<misses>6455001</misses>
				<total>19</total>
				<timestamp>2063.534931</timestamp>
			</report>
			<report>
				<misses>6456001</misses>
				<total>19</total>
				<timestamp>2063.854715</timestamp>
			</report>
			<report>
				<misses>6457001</misses>
				<total>18</total>
				<timestamp>2064.174433</timestamp>
			</report>
			<report>
				<misses>6458001</misses>
				<total>19</total>
				<timestamp>2064.493987</timestamp>
			</report>
			<report>
				<misses>6459001</misses>
				<total>19</total>
				<timestamp>2064.813723</timestamp>
			</report>
			<report>
				<misses>6460001</misses>
				<total>19</total>
				<timestamp>2065.133279</timestamp>
			</report>
			<report>
				<misses>6461001</misses>
				<total>19</total>
				<timestamp>2065.453078</timestamp>
			</report>
			<report>
				<misses>6462001</misses>
				<total>19</total>
				<timestamp>2065.772822</timestamp>
			</report>
			<report>
				<misses>6463001</misses>
				<total>18</total>
				<timestamp>2066.092471</timestamp>
			</report>
			<report>
				<misses>6464001</misses>
				<total>19</total>
				<timestamp>2066.412035</timestamp>
			</report>
			<report>
				<misses>6465001</misses>
				<total>19</total>
				<timestamp>2066.731820</timestamp>
			</report>
			<report>
				<misses>6466001</misses>
				<total>19</total>
				<timestamp>2067.051409</timestamp>
			</report>
			<report>
				<misses>6467001</misses>
				<total>19</total>
				<timestamp>2067.371059</timestamp>
			</report>
			<report>
				<misses>6468001</misses>
				<total>19</total>
				<timestamp>2067.690800</timestamp>
			</report>
			<report>
				<misses>6469001</misses>
				<total>19</total>
				<timestamp>2068.010454</timestamp>
			</report>
			<report>
				<misses>6470001</misses>
				<total>19</total>
				<timestamp>2068.330075</timestamp>
			</report>
			<report>
				<misses>6471001</misses>
				<total>19</total>
				<timestamp>2068.649836</timestamp>
			</report>
			<report>
				<misses>6472001</misses>
				<total>19</total>
				<timestamp>2068.969551</timestamp>
			</report>
			<report>
				<misses>6473001</misses>
				<total>19</total>
				<timestamp>2069.289128</timestamp>
			</report>
			<report>
				<misses>6474001</misses>
				<total>18</total>
				<timestamp>2069.608945</timestamp>
			</report>
			<report>
				<misses>6475001</misses>
				<total>19</total>
				<timestamp>2069.928507</timestamp>
			</report>
			<report>
				<misses>6476001</misses>
				<total>19</total>
				<timestamp>2070.248196</timestamp>
			</report>
			<report>
				<misses>6477001</misses>
				<total>19</total>
				<timestamp>2070.567945</timestamp>
			</report>
			<report>
				<misses>6478001</misses>
				<total>19</total>
				<timestamp>2070.887588</timestamp>
			</report>
			<report>
				<misses>6479001</misses>
				<total>19</total>
				<timestamp>2071.207262</timestamp>
			</report>
			<report>
				<misses>6480001</misses>
				<total>19</total>
				<timestamp>2071.526972</timestamp>
			</report>
			<report>
				<misses>6481001</misses>
				<total>19</total>
				<timestamp>2071.846695</timestamp>
			</report>
			<report>
				<misses>6482001</misses>
				<total>19</total>
				<timestamp>2072.166247</timestamp>
			</report>
			<report>
				<misses>6483001</misses>
				<total>19</total>
				<timestamp>2072.485966</timestamp>
			</report>
			<report>
				<misses>6484001</misses>
				<total>19</total>
				<timestamp>2072.805710</timestamp>
			</report>
			<report>
				<misses>6485001</misses>
				<total>18</total>
				<timestamp>2073.125409</timestamp>
			</report>
			<report>
				<misses>6486001</misses>
				<total>19</total>
				<timestamp>2073.444998</timestamp>
			</report>
			<report>
				<misses>6487001</misses>
				<total>19</total>
				<timestamp>2073.764813</timestamp>
			</report>
			<report>
				<misses>6488001</misses>
				<total>19</total>
				<timestamp>2074.084345</timestamp>
			</report>
			<report>
				<misses>6489001</misses>
				<total>19</total>
				<timestamp>2074.404008</timestamp>
			</report>
			<report>
				<misses>6490001</misses>
				<total>19</total>
				<timestamp>2074.723835</timestamp>
			</report>
			<report>
				<misses>6491001</misses>
				<total>19</total>
				<timestamp>2075.043416</timestamp>
			</report>
			<report>
				<misses>6492001</misses>
				<total>19</total>
				<timestamp>2075.363030</timestamp>
			</report>
			<report>
				<misses>6493001</misses>
				<total>19</total>
				<timestamp>2075.682882</timestamp>
			</report>
			<report>
				<misses>6494001</misses>
				<total>19</total>
				<timestamp>2076.002583</timestamp>
			</report>
			<report>
				<misses>6495001</misses>
				<total>19</total>
				<timestamp>2076.322075</timestamp>
			</report>
			<report>
				<misses>6496001</misses>
				<total>19</total>
				<timestamp>2076.641782</timestamp>
			</report>
			<report>
				<misses>6497001</misses>
				<total>19</total>
				<timestamp>2076.961437</timestamp>
			</report>
			<report>
				<misses>6498001</misses>
				<total>19</total>
				<timestamp>2077.281125</timestamp>
			</report>
			<report>
				<misses>6499001</misses>
				<total>19</total>
				<timestamp>2077.600890</timestamp>
			</report>
			<report>
				<misses>6500001</misses>
				<total>19</total>
				<timestamp>2077.920510</timestamp>
			</report>
			<report>
				<misses>6501001</misses>
				<total>19</total>
				<timestamp>2078.240331</timestamp>
			</report>
			<report>
				<misses>6502001</misses>
				<total>19</total>
				<timestamp>2078.559856</timestamp>
			</report>
			<report>
				<misses>6503001</misses>
				<total>19</total>
				<timestamp>2078.879578</timestamp>
			</report>
			<report>
				<misses>6504001</misses>
				<total>19</total>
				<timestamp>2079.199201</timestamp>
			</report>
			<report>
				<misses>6505001</misses>
				<total>19</total>
				<timestamp>2079.518903</timestamp>
			</report>
			<report>
				<misses>6506001</misses>
				<total>18</total>
				<timestamp>2079.838730</timestamp>
			</report>
			<report>
				<misses>6507001</misses>
				<total>18</total>
				<timestamp>2080.158371</timestamp>
			</report>
			<report>
				<misses>6508001</misses>
				<total>19</total>
				<timestamp>2080.477919</timestamp>
			</report>
			<report>
				<misses>6509001</misses>
				<total>19</total>
				<timestamp>2080.797712</timestamp>
			</report>
			<report>
				<misses>6510001</misses>
				<total>19</total>
				<timestamp>2081.117373</timestamp>
			</report>
			<report>
				<misses>6511001</misses>
				<total>19</total>
				<timestamp>2081.437080</timestamp>
			</report>
			<report>
				<misses>6512001</misses>
				<total>19</total>
				<timestamp>2081.756665</timestamp>
			</report>
			<report>
				<misses>6513001</misses>
				<total>19</total>
				<timestamp>2082.076367</timestamp>
			</report>
			<report>
				<misses>6514001</misses>
				<total>19</total>
				<timestamp>2082.396034</timestamp>
			</report>
			<report>
				<misses>6515001</misses>
				<total>19</total>
				<timestamp>2082.715743</timestamp>
			</report>
			<report>
				<misses>6516001</misses>
				<total>19</total>
				<timestamp>2083.035575</timestamp>
			</report>
			<report>
				<misses>6517001</misses>
				<total>19</total>
				<timestamp>2083.355106</timestamp>
			</report>
			<report>
				<misses>6518001</misses>
				<total>19</total>
				<timestamp>2083.674795</timestamp>
			</report>
			<report>
				<misses>6519001</misses>
				<total>19</total>
				<timestamp>2083.994493</timestamp>
			</report>
			<report>
				<misses>6520001</misses>
				<total>19</total>
				<timestamp>2084.314114</timestamp>
			</report>
			<report>
				<misses>6521001</misses>
				<total>19</total>
				<timestamp>2084.633809</timestamp>
			</report>
			<report>
				<misses>6522001</misses>
				<total>19</total>
				<timestamp>2084.953466</timestamp>
			</report>
			<report>
				<misses>6523001</misses>
				<total>19</total>
				<timestamp>2085.273156</timestamp>
			</report>
			<report>
				<misses>6524001</misses>
				<total>19</total>
				<timestamp>2085.592813</timestamp>
			</report>
			<report>
				<misses>6525001</misses>
				<total>19</total>
				<timestamp>2085.912501</timestamp>
			</report>
			<report>
				<misses>6526001</misses>
				<total>19</total>
				<timestamp>2086.232244</timestamp>
			</report>
			<report>
				<misses>6527001</misses>
				<total>19</total>
				<timestamp>2086.552034</timestamp>
			</report>
			<report>
				<misses>6528001</misses>
				<total>19</total>
				<timestamp>2086.871575</timestamp>
			</report>
			<report>
				<misses>6529001</misses>
				<total>19</total>
				<timestamp>2087.191222</timestamp>
			</report>
			<report>
				<misses>6530001</misses>
				<total>19</total>
				<timestamp>2087.510910</timestamp>
			</report>
			<report>
				<misses>6531001</misses>
				<total>19</total>
				<timestamp>2087.830637</timestamp>
			</report>
			<report>
				<misses>6532001</misses>
				<total>19</total>
				<timestamp>2088.150301</timestamp>
			</report>
			<report>
				<misses>6533001</misses>
				<total>19</total>
				<timestamp>2088.470080</timestamp>
			</report>
			<report>
				<misses>6534001</misses>
				<total>19</total>
				<timestamp>2088.789625</timestamp>
			</report>
			<report>
				<misses>6535001</misses>
				<total>19</total>
				<timestamp>2089.109363</timestamp>
			</report>
			<report>
				<misses>6536001</misses>
				<total>19</total>
				<timestamp>2089.429118</timestamp>
			</report>
			<report>
				<misses>6537001</misses>
				<total>18</total>
				<timestamp>2089.748748</timestamp>
			</report>
			<report>
				<misses>6538001</misses>
				<total>19</total>
				<timestamp>2090.068341</timestamp>
			</report>
			<report>
				<misses>6539001</misses>
				<total>19</total>
				<timestamp>2090.388051</timestamp>
			</report>
			<report>
				<misses>6540001</misses>
				<total>19</total>
				<timestamp>2090.707741</timestamp>
			</report>
			<report>
				<misses>6541001</misses>
				<total>19</total>
				<timestamp>2091.027419</timestamp>
			</report>
			<report>
				<misses>6542001</misses>
				<total>19</total>
				<timestamp>2091.347042</timestamp>
			</report>
			<report>
				<misses>6543001</misses>
				<total>19</total>
				<timestamp>2091.666715</timestamp>
			</report>
			<report>
				<misses>6544001</misses>
				<total>19</total>
				<timestamp>2091.986415</timestamp>
			</report>
			<report>
				<misses>6545001</misses>
				<total>19</total>
				<timestamp>2092.306142</timestamp>
			</report>
			<report>
				<misses>6546001</misses>
				<total>19</total>
				<timestamp>2092.625793</timestamp>
			</report>
			<report>
				<misses>6547001</misses>
				<total>19</total>
				<timestamp>2092.945499</timestamp>
			</report>
			<report>
				<misses>6548001</misses>
				<total>19</total>
				<timestamp>2093.265171</timestamp>
			</report>
			<report>
				<misses>6549001</misses>
				<total>19</total>
				<timestamp>2093.584913</timestamp>
			</report>
			<report>
				<misses>6550001</misses>
				<total>19</total>
				<timestamp>2093.904584</timestamp>
			</report>
			<report>
				<misses>6551001</misses>
				<total>19</total>
				<timestamp>2094.224211</timestamp>
			</report>
			<report>
				<misses>6552001</misses>
				<total>19</total>
				<timestamp>2094.543947</timestamp>
			</report>
			<report>
				<misses>6553001</misses>
				<total>19</total>
				<timestamp>2094.863571</timestamp>
			</report>
			<report>
				<misses>6554001</misses>
				<total>19</total>
				<timestamp>2095.183216</timestamp>
			</report>
			<report>
				<misses>6555001</misses>
				<total>18</total>
				<timestamp>2095.502999</timestamp>
			</report>
			<report>
				<misses>6556001</misses>
				<total>19</total>
				<timestamp>2095.822591</timestamp>
			</report>
			<report>
				<misses>6557001</misses>
				<total>19</total>
				<timestamp>2096.142280</timestamp>
			</report>
			<report>
				<misses>6558001</misses>
				<total>19</total>
				<timestamp>2096.461929</timestamp>
			</report>
			<report>
				<misses>6559001</misses>
				<total>19</total>
				<timestamp>2096.781706</timestamp>
			</report>
			<report>
				<misses>6560001</misses>
				<total>19</total>
				<timestamp>2097.101332</timestamp>
			</report>
			<report>
				<misses>6561001</misses>
				<total>19</total>
				<timestamp>2097.420956</timestamp>
			</report>
			<report>
				<misses>6562001</misses>
				<total>19</total>
				<timestamp>2097.740709</timestamp>
			</report>
			<report>
				<misses>6563001</misses>
				<total>19</total>
				<timestamp>2098.060338</timestamp>
			</report>
			<report>
				<misses>6564001</misses>
				<total>19</total>
				<timestamp>2098.380023</timestamp>
			</report>
			<report>
				<misses>6565001</misses>
				<total>19</total>
				<timestamp>2098.699702</timestamp>
			</report>
			<report>
				<misses>6566001</misses>
				<total>19</total>
				<timestamp>2099.019394</timestamp>
			</report>
			<report>
				<misses>6567001</misses>
				<total>19</total>
				<timestamp>2099.339054</timestamp>
			</report>
			<report>
				<misses>6568001</misses>
				<total>19</total>
				<timestamp>2099.658752</timestamp>
			</report>
			<report>
				<misses>6569001</misses>
				<total>19</total>
				<timestamp>2099.978566</timestamp>
			</report>
			<report>
				<misses>6570001</misses>
				<total>19</total>
				<timestamp>2100.298082</timestamp>
			</report>
			<report>
				<misses>6571001</misses>
				<total>19</total>
				<timestamp>2100.617820</timestamp>
			</report>
			<report>
				<misses>6572001</misses>
				<total>19</total>
				<timestamp>2100.937572</timestamp>
			</report>
			<report>
				<misses>6573001</misses>
				<total>19</total>
				<timestamp>2101.257138</timestamp>
			</report>
			<report>
				<misses>6574001</misses>
				<total>19</total>
				<timestamp>2101.576942</timestamp>
			</report>
			<report>
				<misses>6575001</misses>
				<total>19</total>
				<timestamp>2101.896572</timestamp>
			</report>
			<report>
				<misses>6576001</misses>
				<total>19</total>
				<timestamp>2102.216306</timestamp>
			</report>
			<report>
				<misses>6577001</misses>
				<total>19</total>
				<timestamp>2102.535899</timestamp>
			</report>
			<report>
				<misses>6578001</misses>
				<total>19</total>
				<timestamp>2102.855527</timestamp>
			</report>
			<report>
				<misses>6579001</misses>
				<total>19</total>
				<timestamp>2103.175225</timestamp>
			</report>
			<report>
				<misses>6580001</misses>
				<total>19</total>
				<timestamp>2103.494958</timestamp>
			</report>
			<report>
				<misses>6581001</misses>
				<total>19</total>
				<timestamp>2103.814579</timestamp>
			</report>
			<report>
				<misses>6582001</misses>
				<total>19</total>
				<timestamp>2104.134244</timestamp>
			</report>
			<report>
				<misses>6583001</misses>
				<total>19</total>
				<timestamp>2104.453988</timestamp>
			</report>
			<report>
				<misses>6584001</misses>
				<total>19</total>
				<timestamp>2104.773626</timestamp>
			</report>
			<report>
				<misses>6585001</misses>
				<total>18</total>
				<timestamp>2105.093374</timestamp>
			</report>
			<report>
				<misses>6586001</misses>
				<total>19</total>
				<timestamp>2105.412967</timestamp>
			</report>
			<report>
				<misses>6587001</misses>
				<total>19</total>
				<timestamp>2105.732639</timestamp>
			</report>
			<report>
				<misses>6588001</misses>
				<total>19</total>
				<timestamp>2106.052396</timestamp>
			</report>
			<report>
				<misses>6589001</misses>
				<total>19</total>
				<timestamp>2106.372061</timestamp>
			</report>
			<report>
				<misses>6590001</misses>
				<total>18</total>
				<timestamp>2106.691784</timestamp>
			</report>
			<report>
				<misses>6591001</misses>
				<total>19</total>
				<timestamp>2107.011379</timestamp>
			</report>
			<report>
				<misses>6592001</misses>
				<total>19</total>
				<timestamp>2107.331129</timestamp>
			</report>
			<report>
				<misses>6593001</misses>
				<total>19</total>
				<timestamp>2107.650788</timestamp>
			</report>
			<report>
				<misses>6594001</misses>
				<total>19</total>
				<timestamp>2107.970472</timestamp>
			</report>
			<report>
				<misses>6595001</misses>
				<total>19</total>
				<timestamp>2108.290111</timestamp>
			</report>
			<report>
				<misses>6596001</misses>
				<total>19</total>
				<timestamp>2108.609826</timestamp>
			</report>
			<report>
				<misses>6597001</misses>
				<total>19</total>
				<timestamp>2108.929468</timestamp>
			</report>
			<report>
				<misses>6598001</misses>
				<total>19</total>
				<timestamp>2109.249203</timestamp>
			</report>
			<report>
				<misses>6599001</misses>
				<total>19</total>
				<timestamp>2109.568870</timestamp>
			</report>
			<report>
				<misses>6600001</misses>
				<total>19</total>
				<timestamp>2109.888483</timestamp>
			</report>
			<report>
				<misses>6601001</misses>
				<total>19</total>
				<timestamp>2110.208224</timestamp>
			</report>
			<report>
				<misses>6602001</misses>
				<total>18</total>
				<timestamp>2110.528043</timestamp>
			</report>
			<report>
				<misses>6603001</misses>
				<total>18</total>
				<timestamp>2110.847623</timestamp>
			</report>
			<report>
				<misses>6604001</misses>
				<total>19</total>
				<timestamp>2111.167235</timestamp>
			</report>
			<report>
				<misses>6605001</misses>
				<total>19</total>
				<timestamp>2111.487013</timestamp>
			</report>
			<report>
				<misses>6606001</misses>
				<total>19</total>
				<timestamp>2111.806694</timestamp>
			</report>
			<report>
				<misses>6607001</misses>
				<total>19</total>
				<timestamp>2112.126316</timestamp>
			</report>
			<report>
				<misses>6608001</misses>
				<total>19</total>
				<timestamp>2112.445938</timestamp>
			</report>
			<report>
				<misses>6609001</misses>
				<total>19</total>
				<timestamp>2112.765730</timestamp>
			</report>
			<report>
				<misses>6610001</misses>
				<total>19</total>
				<timestamp>2113.085343</timestamp>
			</report>
			<report>
				<misses>6611001</misses>
				<total>19</total>
				<timestamp>2113.404971</timestamp>
			</report>
			<report>
				<misses>6612001</misses>
				<total>19</total>
				<timestamp>2113.724690</timestamp>
			</report>
			<report>
				<misses>6613001</misses>
				<total>19</total>
				<timestamp>2114.044432</timestamp>
			</report>
			<report>
				<misses>6614001</misses>
				<total>19</total>
				<timestamp>2114.364015</timestamp>
			</report>
			<report>
				<misses>6615001</misses>
				<total>19</total>
				<timestamp>2114.683742</timestamp>
			</report>
			<report>
				<misses>6616001</misses>
				<total>19</total>
				<timestamp>2115.003357</timestamp>
			</report>
			<report>
				<misses>6617001</misses>
				<total>19</total>
				<timestamp>2115.323096</timestamp>
			</report>
			<report>
				<misses>6618001</misses>
				<total>19</total>
				<timestamp>2115.642818</timestamp>
			</report>
			<report>
				<misses>6619001</misses>
				<total>19</total>
				<timestamp>2115.962414</timestamp>
			</report>
			<report>
				<misses>6620001</misses>
				<total>19</total>
				<timestamp>2116.282127</timestamp>
			</report>
			<report>
				<misses>6621001</misses>
				<total>19</total>
				<timestamp>2116.601826</timestamp>
			</report>
			<report>
				<misses>6622001</misses>
				<total>19</total>
				<timestamp>2116.921615</timestamp>
			</report>
			<report>
				<misses>6623001</misses>
				<total>19</total>
				<timestamp>2117.241129</timestamp>
			</report>
			<report>
				<misses>6624001</misses>
				<total>19</total>
				<timestamp>2117.560812</timestamp>
			</report>
			<report>
				<misses>6625001</misses>
				<total>19</total>
				<timestamp>2117.880583</timestamp>
			</report>
			<report>
				<misses>6626001</misses>
				<total>19</total>
				<timestamp>2118.200194</timestamp>
			</report>
			<report>
				<misses>6627001</misses>
				<total>19</total>
				<timestamp>2118.519953</timestamp>
			</report>
			<report>
				<misses>6628001</misses>
				<total>19</total>
				<timestamp>2118.839714</timestamp>
			</report>
			<report>
				<misses>6629001</misses>
				<total>19</total>
				<timestamp>2119.159245</timestamp>
			</report>
			<report>
				<misses>6630001</misses>
				<total>19</total>
				<timestamp>2119.478945</timestamp>
			</report>
			<report>
				<misses>6631001</misses>
				<total>19</total>
				<timestamp>2119.798685</timestamp>
			</report>
			<report>
				<misses>6632001</misses>
				<total>19</total>
				<timestamp>2120.118304</timestamp>
			</report>
			<report>
				<misses>6633001</misses>
				<total>19</total>
				<timestamp>2120.437996</timestamp>
			</report>
			<report>
				<misses>6634001</misses>
				<total>19</total>
				<timestamp>2120.757631</timestamp>
			</report>
			<report>
				<misses>6635001</misses>
				<total>18</total>
				<timestamp>2121.077387</timestamp>
			</report>
			<report>
				<misses>6636001</misses>
				<total>19</total>
				<timestamp>2121.397059</timestamp>
			</report>
			<report>
				<misses>6637001</misses>
				<total>19</total>
				<timestamp>2121.716657</timestamp>
			</report>
			<report>
				<misses>6638001</misses>
				<total>19</total>
				<timestamp>2122.036380</timestamp>
			</report>
			<report>
				<misses>6639001</misses>
				<total>19</total>
				<timestamp>2122.356093</timestamp>
			</report>
			<report>
				<misses>6640001</misses>
				<total>19</total>
				<timestamp>2122.675675</timestamp>
			</report>
			<report>
				<misses>6641001</misses>
				<total>19</total>
				<timestamp>2122.995449</timestamp>
			</report>
			<report>
				<misses>6642001</misses>
				<total>19</total>
				<timestamp>2123.315092</timestamp>
			</report>
			<report>
				<misses>6643001</misses>
				<total>19</total>
				<timestamp>2123.634802</timestamp>
			</report>
			<report>
				<misses>6644001</misses>
				<total>19</total>
				<timestamp>2123.954413</timestamp>
			</report>
			<report>
				<misses>6645001</misses>
				<total>19</total>
				<timestamp>2124.274124</timestamp>
			</report>
			<report>
				<misses>6646001</misses>
				<total>19</total>
				<timestamp>2124.593946</timestamp>
			</report>
			<report>
				<misses>6647001</misses>
				<total>19</total>
				<timestamp>2124.913511</timestamp>
			</report>
			<report>
				<misses>6648001</misses>
				<total>19</total>
				<timestamp>2125.233200</timestamp>
			</report>
			<report>
				<misses>6649001</misses>
				<total>19</total>
				<timestamp>2125.552908</timestamp>
			</report>
			<report>
				<misses>6650001</misses>
				<total>19</total>
				<timestamp>2125.872582</timestamp>
			</report>
			<report>
				<misses>6651001</misses>
				<total>19</total>
				<timestamp>2126.192178</timestamp>
			</report>
			<report>
				<misses>6652001</misses>
				<total>19</total>
				<timestamp>2126.511912</timestamp>
			</report>
			<report>
				<misses>6653001</misses>
				<total>19</total>
				<timestamp>2126.831528</timestamp>
			</report>
			<report>
				<misses>6654001</misses>
				<total>19</total>
				<timestamp>2127.151254</timestamp>
			</report>
			<report>
				<misses>6655001</misses>
				<total>19</total>
				<timestamp>2127.470943</timestamp>
			</report>
			<report>
				<misses>6656001</misses>
				<total>19</total>
				<timestamp>2127.790586</timestamp>
			</report>
			<report>
				<misses>6657001</misses>
				<total>18</total>
				<timestamp>2128.110354</timestamp>
			</report>
			<report>
				<misses>6658001</misses>
				<total>19</total>
				<timestamp>2128.430023</timestamp>
			</report>
			<report>
				<misses>6659001</misses>
				<total>19</total>
				<timestamp>2128.749612</timestamp>
			</report>
			<report>
				<misses>6660001</misses>
				<total>18</total>
				<timestamp>2129.069496</timestamp>
			</report>
			<report>
				<misses>6661001</misses>
				<total>19</total>
				<timestamp>2129.388990</timestamp>
			</report>
			<report>
				<misses>6662001</misses>
				<total>19</total>
				<timestamp>2129.708677</timestamp>
			</report>
			<report>
				<misses>6663001</misses>
				<total>19</total>
				<timestamp>2130.028320</timestamp>
			</report>
			<report>
				<misses>6664001</misses>
				<total>19</total>
				<timestamp>2130.348041</timestamp>
			</report>
			<report>
				<misses>6665001</misses>
				<total>19</total>
				<timestamp>2130.667718</timestamp>
			</report>
			<report>
				<misses>6666001</misses>
				<total>19</total>
				<timestamp>2130.987362</timestamp>
			</report>
			<report>
				<misses>6667001</misses>
				<total>19</total>
				<timestamp>2131.307106</timestamp>
			</report>
			<report>
				<misses>6668001</misses>
				<total>19</total>
				<timestamp>2131.626838</timestamp>
			</report>
			<report>
				<misses>6669001</misses>
				<total>19</total>
				<timestamp>2131.946416</timestamp>
			</report>
			<report>
				<misses>6670001</misses>
				<total>19</total>
				<timestamp>2132.266099</timestamp>
			</report>
			<report>
				<misses>6671001</misses>
				<total>19</total>
				<timestamp>2132.585780</timestamp>
			</report>
			<report>
				<misses>6672001</misses>
				<total>19</total>
				<timestamp>2132.905582</timestamp>
			</report>
			<report>
				<misses>6673001</misses>
				<total>19</total>
				<timestamp>2133.225182</timestamp>
			</report>
			<report>
				<misses>6674001</misses>
				<total>19</total>
				<timestamp>2133.544797</timestamp>
			</report>
			<report>
				<misses>6675001</misses>
				<total>19</total>
				<timestamp>2133.864514</timestamp>
			</report>
			<report>
				<misses>6676001</misses>
				<total>19</total>
				<timestamp>2134.184242</timestamp>
			</report>
			<report>
				<misses>6677001</misses>
				<total>18</total>
				<timestamp>2134.503979</timestamp>
			</report>
			<report>
				<misses>6678001</misses>
				<total>19</total>
				<timestamp>2134.823552</timestamp>
			</report>
			<report>
				<misses>6679001</misses>
				<total>19</total>
				<timestamp>2135.143258</timestamp>
			</report>
			<report>
				<misses>6680001</misses>
				<total>19</total>
				<timestamp>2135.462991</timestamp>
			</report>
			<report>
				<misses>6681001</misses>
				<total>19</total>
				<timestamp>2135.782594</timestamp>
			</report>
			<report>
				<misses>6682001</misses>
				<total>19</total>
				<timestamp>2136.102317</timestamp>
			</report>
			<report>
				<misses>6683001</misses>
				<total>19</total>
				<timestamp>2136.421980</timestamp>
			</report>
			<report>
				<misses>6684001</misses>
				<total>19</total>
				<timestamp>2136.741617</timestamp>
			</report>
			<report>
				<misses>6685001</misses>
				<total>19</total>
				<timestamp>2137.061298</timestamp>
			</report>
			<report>
				<misses>6686001</misses>
				<total>19</total>
				<timestamp>2137.381026</timestamp>
			</report>
			<report>
				<misses>6687001</misses>
				<total>18</total>
				<timestamp>2137.700757</timestamp>
			</report>
			<report>
				<misses>6688001</misses>
				<total>18</total>
				<timestamp>2138.020435</timestamp>
			</report>
			<report>
				<misses>6689001</misses>
				<total>19</total>
				<timestamp>2138.340054</timestamp>
			</report>
			<report>
				<misses>6690001</misses>
				<total>19</total>
				<timestamp>2138.659694</timestamp>
			</report>
			<report>
				<misses>6691001</misses>
				<total>19</total>
				<timestamp>2138.979369</timestamp>
			</report>
			<report>
				<misses>6692001</misses>
				<total>18</total>
				<timestamp>2139.299188</timestamp>
			</report>
			<report>
				<misses>6693001</misses>
				<total>19</total>
				<timestamp>2139.618839</timestamp>
			</report>
			<report>
				<misses>6694001</misses>
				<total>19</total>
				<timestamp>2139.938422</timestamp>
			</report>
			<report>
				<misses>6695001</misses>
				<total>19</total>
				<timestamp>2140.258119</timestamp>
			</report>
			<report>
				<misses>6696001</misses>
				<total>19</total>
				<timestamp>2140.577782</timestamp>
			</report>
			<report>
				<misses>6697001</misses>
				<total>19</total>
				<timestamp>2140.897478</timestamp>
			</report>
			<report>
				<misses>6698001</misses>
				<total>18</total>
				<timestamp>2141.217242</timestamp>
			</report>
			<report>
				<misses>6699001</misses>
				<total>19</total>
				<timestamp>2141.536817</timestamp>
			</report>
			<report>
				<misses>6700001</misses>
				<total>19</total>
				<timestamp>2141.856490</timestamp>
			</report>
			<report>
				<misses>6701001</misses>
				<total>19</total>
				<timestamp>2142.176166</timestamp>
			</report>
			<report>
				<misses>6702001</misses>
				<total>19</total>
				<timestamp>2142.495906</timestamp>
			</report>
			<report>
				<misses>6703001</misses>
				<total>19</total>
				<timestamp>2142.815527</timestamp>
			</report>
			<report>
				<misses>6704001</misses>
				<total>19</total>
				<timestamp>2143.135213</timestamp>
			</report>
			<report>
				<misses>6705001</misses>
				<total>19</total>
				<timestamp>2143.454974</timestamp>
			</report>
			<report>
				<misses>6706001</misses>
				<total>19</total>
				<timestamp>2143.774567</timestamp>
			</report>
			<report>
				<misses>6707001</misses>
				<total>19</total>
				<timestamp>2144.094313</timestamp>
			</report>
			<report>
				<misses>6708001</misses>
				<total>19</total>
				<timestamp>2144.413982</timestamp>
			</report>
			<report>
				<misses>6709001</misses>
				<total>19</total>
				<timestamp>2144.733612</timestamp>
			</report>
			<report>
				<misses>6710001</misses>
				<total>19</total>
				<timestamp>2145.053287</timestamp>
			</report>
			<report>
				<misses>6711001</misses>
				<total>18</total>
				<timestamp>2145.373057</timestamp>
			</report>
			<report>
				<misses>6712001</misses>
				<total>19</total>
				<timestamp>2145.692821</timestamp>
			</report>
			<report>
				<misses>6713001</misses>
				<total>19</total>
				<timestamp>2146.012318</timestamp>
			</report>
			<report>
				<misses>6714001</misses>
				<total>19</total>
				<timestamp>2146.332177</timestamp>
			</report>
			<report>
				<misses>6715001</misses>
				<total>19</total>
				<timestamp>2146.651710</timestamp>
			</report>
			<report>
				<misses>6716001</misses>
				<total>18</total>
				<timestamp>2146.971554</timestamp>
			</report>
			<report>
				<misses>6717001</misses>
				<total>19</total>
				<timestamp>2147.291121</timestamp>
			</report>
			<report>
				<misses>6718001</misses>
				<total>18</total>
				<timestamp>2147.610862</timestamp>
			</report>
			<report>
				<misses>6719001</misses>
				<total>19</total>
				<timestamp>2147.930428</timestamp>
			</report>
			<report>
				<misses>6720001</misses>
				<total>19</total>
				<timestamp>2148.250101</timestamp>
			</report>
			<report>
				<misses>6721001</misses>
				<total>19</total>
				<timestamp>2148.569822</timestamp>
			</report>
			<report>
				<misses>6722001</misses>
				<total>19</total>
				<timestamp>2148.889560</timestamp>
			</report>
			<report>
				<misses>6723001</misses>
				<total>19</total>
				<timestamp>2149.209191</timestamp>
			</report>
			<report>
				<misses>6724001</misses>
				<total>19</total>
				<timestamp>2149.528951</timestamp>
			</report>
			<report>
				<misses>6725001</misses>
				<total>19</total>
				<timestamp>2149.848476</timestamp>
			</report>
			<report>
				<misses>6726001</misses>
				<total>19</total>
				<timestamp>2150.168206</timestamp>
			</report>
			<report>
				<misses>6727001</misses>
				<total>19</total>
				<timestamp>2150.487981</timestamp>
			</report>
			<report>
				<misses>6728001</misses>
				<total>19</total>
				<timestamp>2150.807710</timestamp>
			</report>
			<report>
				<misses>6729001</misses>
				<total>18</total>
				<timestamp>2151.127312</timestamp>
			</report>
			<report>
				<misses>6730001</misses>
				<total>19</total>
				<timestamp>2151.446927</timestamp>
			</report>
			<report>
				<misses>6731001</misses>
				<total>19</total>
				<timestamp>2151.766587</timestamp>
			</report>
			<report>
				<misses>6732001</misses>
				<total>19</total>
				<timestamp>2152.086277</timestamp>
			</report>
			<report>
				<misses>6733001</misses>
				<total>19</total>
				<timestamp>2152.405968</timestamp>
			</report>
			<report>
				<misses>6734001</misses>
				<total>19</total>
				<timestamp>2152.725625</timestamp>
			</report>
			<report>
				<misses>6735001</misses>
				<total>19</total>
				<timestamp>2153.045348</timestamp>
			</report>
			<report>
				<misses>6736001</misses>
				<total>19</total>
				<timestamp>2153.365054</timestamp>
			</report>
			<report>
				<misses>6737001</misses>
				<total>19</total>
				<timestamp>2153.684699</timestamp>
			</report>
			<report>
				<misses>6738001</misses>
				<total>19</total>
				<timestamp>2154.004329</timestamp>
			</report>
			<report>
				<misses>6739001</misses>
				<total>19</total>
				<timestamp>2154.324041</timestamp>
			</report>
			<report>
				<misses>6740001</misses>
				<total>19</total>
				<timestamp>2154.643749</timestamp>
			</report>
			<report>
				<misses>6741001</misses>
				<total>19</total>
				<timestamp>2154.963367</timestamp>
			</report>
			<report>
				<misses>6742001</misses>
				<total>19</total>
				<timestamp>2155.283094</timestamp>
			</report>
			<report>
				<misses>6743001</misses>
				<total>19</total>
				<timestamp>2155.602743</timestamp>
			</report>
			<report>
				<misses>6744001</misses>
				<total>19</total>
				<timestamp>2155.922427</timestamp>
			</report>
			<report>
				<misses>6745001</misses>
				<total>19</total>
				<timestamp>2156.242090</timestamp>
			</report>
			<report>
				<misses>6746001</misses>
				<total>19</total>
				<timestamp>2156.561820</timestamp>
			</report>
			<report>
				<misses>6747001</misses>
				<total>19</total>
				<timestamp>2156.881509</timestamp>
			</report>
			<report>
				<misses>6748001</misses>
				<total>19</total>
				<timestamp>2157.201143</timestamp>
			</report>
			<report>
				<misses>6749001</misses>
				<total>19</total>
				<timestamp>2157.520832</timestamp>
			</report>
			<report>
				<misses>6750001</misses>
				<total>19</total>
				<timestamp>2157.840584</timestamp>
			</report>
			<report>
				<misses>6751001</misses>
				<total>19</total>
				<timestamp>2158.160202</timestamp>
			</report>
			<report>
				<misses>6752001</misses>
				<total>19</total>
				<timestamp>2158.479952</timestamp>
			</report>
			<report>
				<misses>6753001</misses>
				<total>18</total>
				<timestamp>2158.799624</timestamp>
			</report>
			<report>
				<misses>6754001</misses>
				<total>19</total>
				<timestamp>2159.119234</timestamp>
			</report>
			<report>
				<misses>6755001</misses>
				<total>19</total>
				<timestamp>2159.438957</timestamp>
			</report>
			<report>
				<misses>6756001</misses>
				<total>19</total>
				<timestamp>2159.758645</timestamp>
			</report>
			<report>
				<misses>6757001</misses>
				<total>19</total>
				<timestamp>2160.078305</timestamp>
			</report>
			<report>
				<misses>6758001</misses>
				<total>18</total>
				<timestamp>2160.398086</timestamp>
			</report>
			<report>
				<misses>6759001</misses>
				<total>19</total>
				<timestamp>2160.717700</timestamp>
			</report>
			<report>
				<misses>6760001</misses>
				<total>19</total>
				<timestamp>2161.037304</timestamp>
			</report>
			<report>
				<misses>6761001</misses>
				<total>19</total>
				<timestamp>2161.356993</timestamp>
			</report>
			<report>
				<misses>6762001</misses>
				<total>19</total>
				<timestamp>2161.676707</timestamp>
			</report>
			<report>
				<misses>6763001</misses>
				<total>18</total>
				<timestamp>2161.996416</timestamp>
			</report>
			<report>
				<misses>6764001</misses>
				<total>19</total>
				<timestamp>2162.316010</timestamp>
			</report>
			<report>
				<misses>6765001</misses>
				<total>19</total>
				<timestamp>2162.635690</timestamp>
			</report>
			<report>
				<misses>6766001</misses>
				<total>18</total>
				<timestamp>2162.955579</timestamp>
			</report>
			<report>
				<misses>6767001</misses>
				<total>18</total>
				<timestamp>2163.275137</timestamp>
			</report>
			<report>
				<misses>6768001</misses>
				<total>19</total>
				<timestamp>2163.594755</timestamp>
			</report>
			<report>
				<misses>6769001</misses>
				<total>19</total>
				<timestamp>2163.914406</timestamp>
			</report>
			<report>
				<misses>6770001</misses>
				<total>19</total>
				<timestamp>2164.234072</timestamp>
			</report>
			<report>
				<misses>6771001</misses>
				<total>19</total>
				<timestamp>2164.553770</timestamp>
			</report>
			<report>
				<misses>6772001</misses>
				<total>19</total>
				<timestamp>2164.873448</timestamp>
			</report>
			<report>
				<misses>6773001</misses>
				<total>19</total>
				<timestamp>2165.193186</timestamp>
			</report>
			<report>
				<misses>6774001</misses>
				<total>19</total>
				<timestamp>2165.512944</timestamp>
			</report>
			<report>
				<misses>6775001</misses>
				<total>18</total>
				<timestamp>2165.832593</timestamp>
			</report>
			<report>
				<misses>6776001</misses>
				<total>19</total>
				<timestamp>2166.152200</timestamp>
			</report>
			<report>
				<misses>6777001</misses>
				<total>19</total>
				<timestamp>2166.471939</timestamp>
			</report>
			<report>
				<misses>6778001</misses>
				<total>18</total>
				<timestamp>2166.791657</timestamp>
			</report>
			<report>
				<misses>6779001</misses>
				<total>19</total>
				<timestamp>2167.111253</timestamp>
			</report>
			<report>
				<misses>6780001</misses>
				<total>19</total>
				<timestamp>2167.430951</timestamp>
			</report>
			<report>
				<misses>6781001</misses>
				<total>19</total>
				<timestamp>2167.750613</timestamp>
			</report>
			<report>
				<misses>6782001</misses>
				<total>19</total>
				<timestamp>2168.070334</timestamp>
			</report>
			<report>
				<misses>6783001</misses>
				<total>19</total>
				<timestamp>2168.389969</timestamp>
			</report>
			<report>
				<misses>6784001</misses>
				<total>19</total>
				<timestamp>2168.709702</timestamp>
			</report>
			<report>
				<misses>6785001</misses>
				<total>19</total>
				<timestamp>2169.029374</timestamp>
			</report>
			<report>
				<misses>6786001</misses>
				<total>19</total>
				<timestamp>2169.349010</timestamp>
			</report>
			<report>
				<misses>6787001</misses>
				<total>19</total>
				<timestamp>2169.668715</timestamp>
			</report>
			<report>
				<misses>6788001</misses>
				<total>18</total>
				<timestamp>2169.988464</timestamp>
			</report>
			<report>
				<misses>6789001</misses>
				<total>19</total>
				<timestamp>2170.308189</timestamp>
			</report>
			<report>
				<misses>6790001</misses>
				<total>19</total>
				<timestamp>2170.627685</timestamp>
			</report>
			<report>
				<misses>6791001</misses>
				<total>19</total>
				<timestamp>2170.947375</timestamp>
			</report>
			<report>
				<misses>6792001</misses>
				<total>19</total>
				<timestamp>2171.267065</timestamp>
			</report>
			<report>
				<misses>6793001</misses>
				<total>19</total>
				<timestamp>2171.586827</timestamp>
			</report>
			<report>
				<misses>6794001</misses>
				<total>19</total>
				<timestamp>2171.906470</timestamp>
			</report>
			<report>
				<misses>6795001</misses>
				<total>19</total>
				<timestamp>2172.226228</timestamp>
			</report>
			<report>
				<misses>6796001</misses>
				<total>19</total>
				<timestamp>2172.545863</timestamp>
			</report>
			<report>
				<misses>6797001</misses>
				<total>19</total>
				<timestamp>2172.865587</timestamp>
			</report>
			<report>
				<misses>6798001</misses>
				<total>19</total>
				<timestamp>2173.185149</timestamp>
			</report>
			<report>
				<misses>6799001</misses>
				<total>19</total>
				<timestamp>2173.504944</timestamp>
			</report>
			<report>
				<misses>6800001</misses>
				<total>19</total>
				<timestamp>2173.824493</timestamp>
			</report>
			<report>
				<misses>6801001</misses>
				<total>19</total>
				<timestamp>2174.144189</timestamp>
			</report>
			<report>
				<misses>6802001</misses>
				<total>19</total>
				<timestamp>2174.463878</timestamp>
			</report>
			<report>
				<misses>6803001</misses>
				<total>19</total>
				<timestamp>2174.783539</timestamp>
			</report>
			<report>
				<misses>6804001</misses>
				<total>19</total>
				<timestamp>2175.103205</timestamp>
			</report>
			<report>
				<misses>6805001</misses>
				<total>19</total>
				<timestamp>2175.423001</timestamp>
			</report>
			<report>
				<misses>6806001</misses>
				<total>19</total>
				<timestamp>2175.742620</timestamp>
			</report>
			<report>
				<misses>6807001</misses>
				<total>19</total>
				<timestamp>2176.062348</timestamp>
			</report>
			<report>
				<misses>6808001</misses>
				<total>18</total>
				<timestamp>2176.382051</timestamp>
			</report>
			<report>
				<misses>6809001</misses>
				<total>19</total>
				<timestamp>2176.701642</timestamp>
			</report>
			<report>
				<misses>6810001</misses>
				<total>19</total>
				<timestamp>2177.021347</timestamp>
			</report>
			<report>
				<misses>6811001</misses>
				<total>19</total>
				<timestamp>2177.340966</timestamp>
			</report>
			<report>
				<misses>6812001</misses>
				<total>19</total>
				<timestamp>2177.660710</timestamp>
			</report>
			<report>
				<misses>6813001</misses>
				<total>19</total>
				<timestamp>2177.980318</timestamp>
			</report>
			<report>
				<misses>6814001</misses>
				<total>19</total>
				<timestamp>2178.300003</timestamp>
			</report>
			<report>
				<misses>6815001</misses>
				<total>19</total>
				<timestamp>2178.619772</timestamp>
			</report>
			<report>
				<misses>6816001</misses>
				<total>19</total>
				<timestamp>2178.939387</timestamp>
			</report>
			<report>
				<misses>6817001</misses>
				<total>19</total>
				<timestamp>2179.259092</timestamp>
			</report>
			<report>
				<misses>6818001</misses>
				<total>19</total>
				<timestamp>2179.578798</timestamp>
			</report>
			<report>
				<misses>6819001</misses>
				<total>19</total>
				<timestamp>2179.898404</timestamp>
			</report>
			<report>
				<misses>6820001</misses>
				<total>19</total>
				<timestamp>2180.218091</timestamp>
			</report>
			<report>
				<misses>6821001</misses>
				<total>19</total>
				<timestamp>2180.537825</timestamp>
			</report>
			<report>
				<misses>6822001</misses>
				<total>19</total>
				<timestamp>2180.857559</timestamp>
			</report>
			<report>
				<misses>6823001</misses>
				<total>19</total>
				<timestamp>2181.177147</timestamp>
			</report>
			<report>
				<misses>6824001</misses>
				<total>19</total>
				<timestamp>2181.496906</timestamp>
			</report>
			<report>
				<misses>6825001</misses>
				<total>19</total>
				<timestamp>2181.816508</timestamp>
			</report>
			<report>
				<misses>6826001</misses>
				<total>19</total>
				<timestamp>2182.136161</timestamp>
			</report>
			<report>
				<misses>6827001</misses>
				<total>19</total>
				<timestamp>2182.455855</timestamp>
			</report>
			<report>
				<misses>6828001</misses>
				<total>18</total>
				<timestamp>2182.775694</timestamp>
			</report>
			<report>
				<misses>6829001</misses>
				<total>19</total>
				<timestamp>2183.095239</timestamp>
			</report>
			<report>
				<misses>6830001</misses>
				<total>19</total>
				<timestamp>2183.414946</timestamp>
			</report>
			<report>
				<misses>6831001</misses>
				<total>19</total>
				<timestamp>2183.734607</timestamp>
			</report>
			<report>
				<misses>6832001</misses>
				<total>19</total>
				<timestamp>2184.054255</timestamp>
			</report>
			<report>
				<misses>6833001</misses>
				<total>19</total>
				<timestamp>2184.373998</timestamp>
			</report>
			<report>
				<misses>6834001</misses>
				<total>19</total>
				<timestamp>2184.693641</timestamp>
			</report>
			<report>
				<misses>6835001</misses>
				<total>19</total>
				<timestamp>2185.013305</timestamp>
			</report>
			<report>
				<misses>6836001</misses>
				<total>19</total>
				<timestamp>2185.332994</timestamp>
			</report>
			<report>
				<misses>6837001</misses>
				<total>19</total>
				<timestamp>2185.652822</timestamp>
			</report>
			<report>
				<misses>6838001</misses>
				<total>19</total>
				<timestamp>2185.972444</timestamp>
			</report>
			<report>
				<misses>6839001</misses>
				<total>19</total>
				<timestamp>2186.292038</timestamp>
			</report>
			<report>
				<misses>6840001</misses>
				<total>19</total>
				<timestamp>2186.611767</timestamp>
			</report>
			<report>
				<misses>6841001</misses>
				<total>19</total>
				<timestamp>2186.931392</timestamp>
			</report>
			<report>
				<misses>6842001</misses>
				<total>19</total>
				<timestamp>2187.251202</timestamp>
			</report>
			<report>
				<misses>6843001</misses>
				<total>19</total>
				<timestamp>2187.570861</timestamp>
			</report>
			<report>
				<misses>6844001</misses>
				<total>19</total>
				<timestamp>2187.890520</timestamp>
			</report>
			<report>
				<misses>6845001</misses>
				<total>19</total>
				<timestamp>2188.210093</timestamp>
			</report>
			<report>
				<misses>6846001</misses>
				<total>19</total>
				<timestamp>2188.529934</timestamp>
			</report>
			<report>
				<misses>6847001</misses>
				<total>19</total>
				<timestamp>2188.849513</timestamp>
			</report>
			<report>
				<misses>6848001</misses>
				<total>19</total>
				<timestamp>2189.169148</timestamp>
			</report>
			<report>
				<misses>6849001</misses>
				<total>19</total>
				<timestamp>2189.488936</timestamp>
			</report>
			<report>
				<misses>6850001</misses>
				<total>19</total>
				<timestamp>2189.808512</timestamp>
			</report>
			<report>
				<misses>6851001</misses>
				<total>19</total>
				<timestamp>2190.128265</timestamp>
			</report>
			<report>
				<misses>6852001</misses>
				<total>19</total>
				<timestamp>2190.447901</timestamp>
			</report>
			<report>
				<misses>6853001</misses>
				<total>19</total>
				<timestamp>2190.767581</timestamp>
			</report>
			<report>
				<misses>6854001</misses>
				<total>19</total>
				<timestamp>2191.087200</timestamp>
			</report>
			<report>
				<misses>6855001</misses>
				<total>19</total>
				<timestamp>2191.406936</timestamp>
			</report>
			<report>
				<misses>6856001</misses>
				<total>19</total>
				<timestamp>2191.726676</timestamp>
			</report>
			<report>
				<misses>6857001</misses>
				<total>19</total>
				<timestamp>2192.046239</timestamp>
			</report>
			<report>
				<misses>6858001</misses>
				<total>19</total>
				<timestamp>2192.366065</timestamp>
			</report>
			<report>
				<misses>6859001</misses>
				<total>19</total>
				<timestamp>2192.685625</timestamp>
			</report>
			<report>
				<misses>6860001</misses>
				<total>19</total>
				<timestamp>2193.005395</timestamp>
			</report>
			<report>
				<misses>6861001</misses>
				<total>19</total>
				<timestamp>2193.325067</timestamp>
			</report>
			<report>
				<misses>6862001</misses>
				<total>19</total>
				<timestamp>2193.644686</timestamp>
			</report>
			<report>
				<misses>6863001</misses>
				<total>18</total>
				<timestamp>2193.964435</timestamp>
			</report>
			<report>
				<misses>6864001</misses>
				<total>19</total>
				<timestamp>2194.284043</timestamp>
			</report>
			<report>
				<misses>6865001</misses>
				<total>19</total>
				<timestamp>2194.603721</timestamp>
			</report>
			<report>
				<misses>6866001</misses>
				<total>19</total>
				<timestamp>2194.923379</timestamp>
			</report>
			<report>
				<misses>6867001</misses>
				<total>19</total>
				<timestamp>2195.243095</timestamp>
			</report>
			<report>
				<misses>6868001</misses>
				<total>19</total>
				<timestamp>2195.562853</timestamp>
			</report>
			<report>
				<misses>6869001</misses>
				<total>19</total>
				<timestamp>2195.882418</timestamp>
			</report>
			<report>
				<misses>6870001</misses>
				<total>19</total>
				<timestamp>2196.202124</timestamp>
			</report>
			<report>
				<misses>6871001</misses>
				<total>19</total>
				<timestamp>2196.521810</timestamp>
			</report>
			<report>
				<misses>6872001</misses>
				<total>19</total>
				<timestamp>2196.841467</timestamp>
			</report>
			<report>
				<misses>6873001</misses>
				<total>19</total>
				<timestamp>2197.161143</timestamp>
			</report>
			<report>
				<misses>6874001</misses>
				<total>19</total>
				<timestamp>2197.480847</timestamp>
			</report>
			<report>
				<misses>6875001</misses>
				<total>19</total>
				<timestamp>2197.800568</timestamp>
			</report>
			<report>
				<misses>6876001</misses>
				<total>19</total>
				<timestamp>2198.120184</timestamp>
			</report>
			<report>
				<misses>6877001</misses>
				<total>19</total>
				<timestamp>2198.439955</timestamp>
			</report>
			<report>
				<misses>6878001</misses>
				<total>19</total>
				<timestamp>2198.759576</timestamp>
			</report>
			<report>
				<misses>6879001</misses>
				<total>19</total>
				<timestamp>2199.079198</timestamp>
			</report>
			<report>
				<misses>6880001</misses>
				<total>19</total>
				<timestamp>2199.398973</timestamp>
			</report>
			<report>
				<misses>6881001</misses>
				<total>19</total>
				<timestamp>2199.718645</timestamp>
			</report>
			<report>
				<misses>6882001</misses>
				<total>19</total>
				<timestamp>2200.038249</timestamp>
			</report>
			<report>
				<misses>6883001</misses>
				<total>19</total>
				<timestamp>2200.357980</timestamp>
			</report>
			<report>
				<misses>6884001</misses>
				<total>19</total>
				<timestamp>2200.677642</timestamp>
			</report>
			<report>
				<misses>6885001</misses>
				<total>19</total>
				<timestamp>2200.997322</timestamp>
			</report>
			<report>
				<misses>6886001</misses>
				<total>19</total>
				<timestamp>2201.317042</timestamp>
			</report>
			<report>
				<misses>6887001</misses>
				<total>19</total>
				<timestamp>2201.636830</timestamp>
			</report>
			<report>
				<misses>6888001</misses>
				<total>19</total>
				<timestamp>2201.956352</timestamp>
			</report>
			<report>
				<misses>6889001</misses>
				<total>19</total>
				<timestamp>2202.276121</timestamp>
			</report>
			<report>
				<misses>6890001</misses>
				<total>19</total>
				<timestamp>2202.595693</timestamp>
			</report>
			<report>
				<misses>6891001</misses>
				<total>18</total>
				<timestamp>2202.915580</timestamp>
			</report>
			<report>
				<misses>6892001</misses>
				<total>19</total>
				<timestamp>2203.235103</timestamp>
			</report>
			<report>
				<misses>6893001</misses>
				<total>19</total>
				<timestamp>2203.554731</timestamp>
			</report>
			<report>
				<misses>6894001</misses>
				<total>18</total>
				<timestamp>2203.874587</timestamp>
			</report>
			<report>
				<misses>6895001</misses>
				<total>19</total>
				<timestamp>2204.194096</timestamp>
			</report>
			<report>
				<misses>6896001</misses>
				<total>19</total>
				<timestamp>2204.513857</timestamp>
			</report>
			<report>
				<misses>6897001</misses>
				<total>19</total>
				<timestamp>2204.833609</timestamp>
			</report>
			<report>
				<misses>6898001</misses>
				<total>19</total>
				<timestamp>2205.153121</timestamp>
			</report>
			<report>
				<misses>6899001</misses>
				<total>19</total>
				<timestamp>2205.472862</timestamp>
			</report>
			<report>
				<misses>6900001</misses>
				<total>19</total>
				<timestamp>2205.792501</timestamp>
			</report>
			<report>
				<misses>6901001</misses>
				<total>19</total>
				<timestamp>2206.112238</timestamp>
			</report>
			<report>
				<misses>6902001</misses>
				<total>19</total>
				<timestamp>2206.431956</timestamp>
			</report>
			<report>
				<misses>6903001</misses>
				<total>19</total>
				<timestamp>2206.751731</timestamp>
			</report>
			<report>
				<misses>6904001</misses>
				<total>19</total>
				<timestamp>2207.071210</timestamp>
			</report>
			<report>
				<misses>6905001</misses>
				<total>19</total>
				<timestamp>2207.390944</timestamp>
			</report>
			<report>
				<misses>6906001</misses>
				<total>19</total>
				<timestamp>2207.710701</timestamp>
			</report>
			<report>
				<misses>6907001</misses>
				<total>19</total>
				<timestamp>2208.030279</timestamp>
			</report>
			<report>
				<misses>6908001</misses>
				<total>19</total>
				<timestamp>2208.350015</timestamp>
			</report>
			<report>
				<misses>6909001</misses>
				<total>19</total>
				<timestamp>2208.669696</timestamp>
			</report>
			<report>
				<misses>6910001</misses>
				<total>18</total>
				<timestamp>2208.989384</timestamp>
			</report>
			<report>
				<misses>6911001</misses>
				<total>19</total>
				<timestamp>2209.308958</timestamp>
			</report>
			<report>
				<misses>6912001</misses>
				<total>19</total>
				<timestamp>2209.628699</timestamp>
			</report>
			<report>
				<misses>6913001</misses>
				<total>19</total>
				<timestamp>2209.948335</timestamp>
			</report>
			<report>
				<misses>6914001</misses>
				<total>19</total>
				<timestamp>2210.268001</timestamp>
			</report>
			<report>
				<misses>6915001</misses>
				<total>19</total>
				<timestamp>2210.587739</timestamp>
			</report>
			<report>
				<misses>6916001</misses>
				<total>19</total>
				<timestamp>2210.907371</timestamp>
			</report>
			<report>
				<misses>6917001</misses>
				<total>19</total>
				<timestamp>2211.227040</timestamp>
			</report>
			<report>
				<misses>6918001</misses>
				<total>19</total>
				<timestamp>2211.546757</timestamp>
			</report>
			<report>
				<misses>6919001</misses>
				<total>19</total>
				<timestamp>2211.866568</timestamp>
			</report>
			<report>
				<misses>6920001</misses>
				<total>19</total>
				<timestamp>2212.186115</timestamp>
			</report>
			<report>
				<misses>6921001</misses>
				<total>19</total>
				<timestamp>2212.505845</timestamp>
			</report>
			<report>
				<misses>6922001</misses>
				<total>19</total>
				<timestamp>2212.825483</timestamp>
			</report>
			<report>
				<misses>6923001</misses>
				<total>19</total>
				<timestamp>2213.145170</timestamp>
			</report>
			<report>
				<misses>6924001</misses>
				<total>19</total>
				<timestamp>2213.464847</timestamp>
			</report>
			<report>
				<misses>6925001</misses>
				<total>19</total>
				<timestamp>2213.784559</timestamp>
			</report>
			<report>
				<misses>6926001</misses>
				<total>19</total>
				<timestamp>2214.104222</timestamp>
			</report>
			<report>
				<misses>6927001</misses>
				<total>19</total>
				<timestamp>2214.423950</timestamp>
			</report>
			<report>
				<misses>6928001</misses>
				<total>19</total>
				<timestamp>2214.743581</timestamp>
			</report>
			<report>
				<misses>6929001</misses>
				<total>19</total>
				<timestamp>2215.063246</timestamp>
			</report>
			<report>
				<misses>6930001</misses>
				<total>18</total>
				<timestamp>2215.383078</timestamp>
			</report>
			<report>
				<misses>6931001</misses>
				<total>19</total>
				<timestamp>2215.702729</timestamp>
			</report>
			<report>
				<misses>6932001</misses>
				<total>19</total>
				<timestamp>2216.022322</timestamp>
			</report>
			<report>
				<misses>6933001</misses>
				<total>18</total>
				<timestamp>2216.342063</timestamp>
			</report>
			<report>
				<misses>6934001</misses>
				<total>19</total>
				<timestamp>2216.661658</timestamp>
			</report>
			<report>
				<misses>6935001</misses>
				<total>19</total>
				<timestamp>2216.981281</timestamp>
			</report>
			<report>
				<misses>6936001</misses>
				<total>18</total>
				<timestamp>2217.301064</timestamp>
			</report>
			<report>
				<misses>6937001</misses>
				<total>19</total>
				<timestamp>2217.620701</timestamp>
			</report>
			<report>
				<misses>6938001</misses>
				<total>19</total>
				<timestamp>2217.940329</timestamp>
			</report>
			<report>
				<misses>6939001</misses>
				<total>19</total>
				<timestamp>2218.260026</timestamp>
			</report>
			<report>
				<misses>6940001</misses>
				<total>19</total>
				<timestamp>2218.579712</timestamp>
			</report>
			<report>
				<misses>6941001</misses>
				<total>19</total>
				<timestamp>2218.899397</timestamp>
			</report>
			<report>
				<misses>6942001</misses>
				<total>19</total>
				<timestamp>2219.219132</timestamp>
			</report>
			<report>
				<misses>6943001</misses>
				<total>19</total>
				<timestamp>2219.538755</timestamp>
			</report>
			<report>
				<misses>6944001</misses>
				<total>19</total>
				<timestamp>2219.858569</timestamp>
			</report>
			<report>
				<misses>6945001</misses>
				<total>19</total>
				<timestamp>2220.178108</timestamp>
			</report>
			<report>
				<misses>6946001</misses>
				<total>19</total>
				<timestamp>2220.497761</timestamp>
			</report>
			<report>
				<misses>6947001</misses>
				<total>19</total>
				<timestamp>2220.817525</timestamp>
			</report>
			<report>
				<misses>6948001</misses>
				<total>19</total>
				<timestamp>2221.137119</timestamp>
			</report>
			<report>
				<misses>6949001</misses>
				<total>19</total>
				<timestamp>2221.456814</timestamp>
			</report>
			<report>
				<misses>6950001</misses>
				<total>19</total>
				<timestamp>2221.776574</timestamp>
			</report>
			<report>
				<misses>6951001</misses>
				<total>19</total>
				<timestamp>2222.096185</timestamp>
			</report>
			<report>
				<misses>6952001</misses>
				<total>19</total>
				<timestamp>2222.415897</timestamp>
			</report>
			<report>
				<misses>6953001</misses>
				<total>19</total>
				<timestamp>2222.735590</timestamp>
			</report>
			<report>
				<misses>6954001</misses>
				<total>19</total>
				<timestamp>2223.055205</timestamp>
			</report>
			<report>
				<misses>6955001</misses>
				<total>19</total>
				<timestamp>2223.374910</timestamp>
			</report>
			<report>
				<misses>6956001</misses>
				<total>19</total>
				<timestamp>2223.694643</timestamp>
			</report>
			<report>
				<misses>6957001</misses>
				<total>19</total>
				<timestamp>2224.014315</timestamp>
			</report>
			<report>
				<misses>6958001</misses>
				<total>19</total>
				<timestamp>2224.334079</timestamp>
			</report>
			<report>
				<misses>6959001</misses>
				<total>19</total>
				<timestamp>2224.653694</timestamp>
			</report>
			<report>
				<misses>6960001</misses>
				<total>19</total>
				<timestamp>2224.973281</timestamp>
			</report>
			<report>
				<misses>6961001</misses>
				<total>18</total>
				<timestamp>2225.293099</timestamp>
			</report>
			<report>
				<misses>6962001</misses>
				<total>19</total>
				<timestamp>2225.612702</timestamp>
			</report>
			<report>
				<misses>6963001</misses>
				<total>19</total>
				<timestamp>2225.932325</timestamp>
			</report>
			<report>
				<misses>6964001</misses>
				<total>19</total>
				<timestamp>2226.252026</timestamp>
			</report>
			<report>
				<misses>6965001</misses>
				<total>19</total>
				<timestamp>2226.571695</timestamp>
			</report>
			<report>
				<misses>6966001</misses>
				<total>19</total>
				<timestamp>2226.891414</timestamp>
			</report>
			<report>
				<misses>6967001</misses>
				<total>19</total>
				<timestamp>2227.211091</timestamp>
			</report>
			<report>
				<misses>6968001</misses>
				<total>18</total>
				<timestamp>2227.530907</timestamp>
			</report>
			<report>
				<misses>6969001</misses>
				<total>19</total>
				<timestamp>2227.850472</timestamp>
			</report>
			<report>
				<misses>6970001</misses>
				<total>19</total>
				<timestamp>2228.170136</timestamp>
			</report>
			<report>
				<misses>6971001</misses>
				<total>19</total>
				<timestamp>2228.489801</timestamp>
			</report>
			<report>
				<misses>6972001</misses>
				<total>19</total>
				<timestamp>2228.809507</timestamp>
			</report>
			<report>
				<misses>6973001</misses>
				<total>19</total>
				<timestamp>2229.129179</timestamp>
			</report>
			<report>
				<misses>6974001</misses>
				<total>19</total>
				<timestamp>2229.448844</timestamp>
			</report>
			<report>
				<misses>6975001</misses>
				<total>19</total>
				<timestamp>2229.768497</timestamp>
			</report>
			<report>
				<misses>6976001</misses>
				<total>19</total>
				<timestamp>2230.088210</timestamp>
			</report>
			<report>
				<misses>6977001</misses>
				<total>18</total>
				<timestamp>2230.407947</timestamp>
			</report>
			<report>
				<misses>6978001</misses>
				<total>19</total>
				<timestamp>2230.727565</timestamp>
			</report>
			<report>
				<misses>6979001</misses>
				<total>19</total>
				<timestamp>2231.047223</timestamp>
			</report>
			<report>
				<misses>6980001</misses>
				<total>19</total>
				<timestamp>2231.366951</timestamp>
			</report>
			<report>
				<misses>6981001</misses>
				<total>19</total>
				<timestamp>2231.686599</timestamp>
			</report>
			<report>
				<misses>6982001</misses>
				<total>19</total>
				<timestamp>2232.006298</timestamp>
			</report>
			<report>
				<misses>6983001</misses>
				<total>19</total>
				<timestamp>2232.326024</timestamp>
			</report>
			<report>
				<misses>6984001</misses>
				<total>19</total>
				<timestamp>2232.645664</timestamp>
			</report>
			<report>
				<misses>6985001</misses>
				<total>19</total>
				<timestamp>2232.965370</timestamp>
			</report>
			<report>
				<misses>6986001</misses>
				<total>19</total>
				<timestamp>2233.284990</timestamp>
			</report>
			<report>
				<misses>6987001</misses>
				<total>19</total>
				<timestamp>2233.604708</timestamp>
			</report>
			<report>
				<misses>6988001</misses>
				<total>19</total>
				<timestamp>2233.924572</timestamp>
			</report>
			<report>
				<misses>6989001</misses>
				<total>19</total>
				<timestamp>2234.244097</timestamp>
			</report>
			<report>
				<misses>6990001</misses>
				<total>18</total>
				<timestamp>2234.563805</timestamp>
			</report>
			<report>
				<misses>6991001</misses>
				<total>19</total>
				<timestamp>2234.883423</timestamp>
			</report>
			<report>
				<misses>6992001</misses>
				<total>19</total>
				<timestamp>2235.203115</timestamp>
			</report>
			<report>
				<misses>6993001</misses>
				<total>19</total>
				<timestamp>2235.522825</timestamp>
			</report>
			<report>
				<misses>6994001</misses>
				<total>19</total>
				<timestamp>2235.842427</timestamp>
			</report>
			<report>
				<misses>6995001</misses>
				<total>19</total>
				<timestamp>2236.162080</timestamp>
			</report>
			<report>
				<misses>6996001</misses>
				<total>19</total>
				<timestamp>2236.481762</timestamp>
			</report>
			<report>
				<misses>6997001</misses>
				<total>18</total>
				<timestamp>2236.801556</timestamp>
			</report>
			<report>
				<misses>6998001</misses>
				<total>19</total>
				<timestamp>2237.121182</timestamp>
			</report>
			<report>
				<misses>6999001</misses>
				<total>19</total>
				<timestamp>2237.440838</timestamp>
			</report>
			<report>
				<misses>7000001</misses>
				<total>19</total>
				<timestamp>2237.760532</timestamp>
			</report>
			<report>
				<misses>7001001</misses>
				<total>19</total>
				<timestamp>2238.080223</timestamp>
			</report>
			<report>
				<misses>7002001</misses>
				<total>19</total>
				<timestamp>2238.399945</timestamp>
			</report>
			<report>
				<misses>7003001</misses>
				<total>19</total>
				<timestamp>2238.719550</timestamp>
			</report>
			<report>
				<misses>7004001</misses>
				<total>19</total>
				<timestamp>2239.039222</timestamp>
			</report>
			<report>
				<misses>7005001</misses>
				<total>19</total>
				<timestamp>2239.358882</timestamp>
			</report>
			<report>
				<misses>7006001</misses>
				<total>19</total>
				<timestamp>2239.678622</timestamp>
			</report>
			<report>
				<misses>7007001</misses>
				<total>18</total>
				<timestamp>2239.998446</timestamp>
			</report>
			<report>
				<misses>7008001</misses>
				<total>19</total>
				<timestamp>2240.317999</timestamp>
			</report>
			<report>
				<misses>7009001</misses>
				<total>19</total>
				<timestamp>2240.637724</timestamp>
			</report>
			<report>
				<misses>7010001</misses>
				<total>19</total>
				<timestamp>2240.957350</timestamp>
			</report>
			<report>
				<misses>7011001</misses>
				<total>19</total>
				<timestamp>2241.276952</timestamp>
			</report>
			<report>
				<misses>7012001</misses>
				<total>19</total>
				<timestamp>2241.596677</timestamp>
			</report>
			<report>
				<misses>7013001</misses>
				<total>19</total>
				<timestamp>2241.916412</timestamp>
			</report>
			<report>
				<misses>7014001</misses>
				<total>19</total>
				<timestamp>2242.236000</timestamp>
			</report>
			<report>
				<misses>7015001</misses>
				<total>19</total>
				<timestamp>2242.555692</timestamp>
			</report>
			<report>
				<misses>7016001</misses>
				<total>19</total>
				<timestamp>2242.875413</timestamp>
			</report>
			<report>
				<misses>7017001</misses>
				<total>19</total>
				<timestamp>2243.195034</timestamp>
			</report>
			<report>
				<misses>7018001</misses>
				<total>19</total>
				<timestamp>2243.514753</timestamp>
			</report>
			<report>
				<misses>7019001</misses>
				<total>19</total>
				<timestamp>2243.834580</timestamp>
			</report>
			<report>
				<misses>7020001</misses>
				<total>19</total>
				<timestamp>2244.154090</timestamp>
			</report>
			<report>
				<misses>7021001</misses>
				<total>19</total>
				<timestamp>2244.473811</timestamp>
			</report>
			<report>
				<misses>7022001</misses>
				<total>19</total>
				<timestamp>2244.793557</timestamp>
			</report>
			<report>
				<misses>7023001</misses>
				<total>19</total>
				<timestamp>2245.113182</timestamp>
			</report>
			<report>
				<misses>7024001</misses>
				<total>19</total>
				<timestamp>2245.432954</timestamp>
			</report>
			<report>
				<misses>7025001</misses>
				<total>19</total>
				<timestamp>2245.752511</timestamp>
			</report>
			<report>
				<misses>7026001</misses>
				<total>19</total>
				<timestamp>2246.072335</timestamp>
			</report>
			<report>
				<misses>7027001</misses>
				<total>19</total>
				<timestamp>2246.391884</timestamp>
			</report>
			<report>
				<misses>7028001</misses>
				<total>19</total>
				<timestamp>2246.711562</timestamp>
			</report>
			<report>
				<misses>7029001</misses>
				<total>19</total>
				<timestamp>2247.031221</timestamp>
			</report>
			<report>
				<misses>7030001</misses>
				<total>19</total>
				<timestamp>2247.350922</timestamp>
			</report>
			<report>
				<misses>7031001</misses>
				<total>19</total>
				<timestamp>2247.670624</timestamp>
			</report>
			<report>
				<misses>7032001</misses>
				<total>19</total>
				<timestamp>2247.990280</timestamp>
			</report>
			<report>
				<misses>7033001</misses>
				<total>19</total>
				<timestamp>2248.309985</timestamp>
			</report>
			<report>
				<misses>7034001</misses>
				<total>18</total>
				<timestamp>2248.629778</timestamp>
			</report>
			<report>
				<misses>7035001</misses>
				<total>19</total>
				<timestamp>2248.949409</timestamp>
			</report>
			<report>
				<misses>7036001</misses>
				<total>19</total>
				<timestamp>2249.269033</timestamp>
			</report>
			<report>
				<misses>7037001</misses>
				<total>19</total>
				<timestamp>2249.588717</timestamp>
			</report>
			<report>
				<misses>7038001</misses>
				<total>19</total>
				<timestamp>2249.908390</timestamp>
			</report>
			<report>
				<misses>7039001</misses>
				<total>19</total>
				<timestamp>2250.228033</timestamp>
			</report>
			<report>
				<misses>7040001</misses>
				<total>19</total>
				<timestamp>2250.547799</timestamp>
			</report>
			<report>
				<misses>7041001</misses>
				<total>19</total>
				<timestamp>2250.867377</timestamp>
			</report>
			<report>
				<misses>7042001</misses>
				<total>19</total>
				<timestamp>2251.187201</timestamp>
			</report>
			<report>
				<misses>7043001</misses>
				<total>18</total>
				<timestamp>2251.506838</timestamp>
			</report>
			<report>
				<misses>7044001</misses>
				<total>19</total>
				<timestamp>2251.826428</timestamp>
			</report>
			<report>
				<misses>7045001</misses>
				<total>19</total>
				<timestamp>2252.146134</timestamp>
			</report>
			<report>
				<misses>7046001</misses>
				<total>19</total>
				<timestamp>2252.465835</timestamp>
			</report>
			<report>
				<misses>7047001</misses>
				<total>19</total>
				<timestamp>2252.785583</timestamp>
			</report>
			<report>
				<misses>7048001</misses>
				<total>18</total>
				<timestamp>2253.105290</timestamp>
			</report>
			<report>
				<misses>7049001</misses>
				<total>19</total>
				<timestamp>2253.424806</timestamp>
			</report>
			<report>
				<misses>7050001</misses>
				<total>19</total>
				<timestamp>2253.744554</timestamp>
			</report>
			<report>
				<misses>7051001</misses>
				<total>19</total>
				<timestamp>2254.064226</timestamp>
			</report>
			<report>
				<misses>7052001</misses>
				<total>19</total>
				<timestamp>2254.383993</timestamp>
			</report>
			<report>
				<misses>7053001</misses>
				<total>19</total>
				<timestamp>2254.703525</timestamp>
			</report>
			<report>
				<misses>7054001</misses>
				<total>19</total>
				<timestamp>2255.023304</timestamp>
			</report>
			<report>
				<misses>7055001</misses>
				<total>19</total>
				<timestamp>2255.342959</timestamp>
			</report>
			<report>
				<misses>7056001</misses>
				<total>19</total>
				<timestamp>2255.662714</timestamp>
			</report>
			<report>
				<misses>7057001</misses>
				<total>19</total>
				<timestamp>2255.982295</timestamp>
			</report>
			<report>
				<misses>7058001</misses>
				<total>19</total>
				<timestamp>2256.301964</timestamp>
			</report>
			<report>
				<misses>7059001</misses>
				<total>19</total>
				<timestamp>2256.621599</timestamp>
			</report>
			<report>
				<misses>7060001</misses>
				<total>19</total>
				<timestamp>2256.941368</timestamp>
			</report>
			<report>
				<misses>7061001</misses>
				<total>18</total>
				<timestamp>2257.261074</timestamp>
			</report>
			<report>
				<misses>7062001</misses>
				<total>19</total>
				<timestamp>2257.580704</timestamp>
			</report>
			<report>
				<misses>7063001</misses>
				<total>19</total>
				<timestamp>2257.900357</timestamp>
			</report>
			<report>
				<misses>7064001</misses>
				<total>19</total>
				<timestamp>2258.220074</timestamp>
			</report>
			<report>
				<misses>7065001</misses>
				<total>18</total>
				<timestamp>2258.539830</timestamp>
			</report>
			<report>
				<misses>7066001</misses>
				<total>19</total>
				<timestamp>2258.859380</timestamp>
			</report>
			<report>
				<misses>7067001</misses>
				<total>18</total>
				<timestamp>2259.179189</timestamp>
			</report>
			<report>
				<misses>7068001</misses>
				<total>19</total>
				<timestamp>2259.498796</timestamp>
			</report>
			<report>
				<misses>7069001</misses>
				<total>19</total>
				<timestamp>2259.818431</timestamp>
			</report>
			<report>
				<misses>7070001</misses>
				<total>19</total>
				<timestamp>2260.138088</timestamp>
			</report>
			<report>
				<misses>7071001</misses>
				<total>19</total>
				<timestamp>2260.457787</timestamp>
			</report>
			<report>
				<misses>7072001</misses>
				<total>20</total>
				<timestamp>2260.777577</timestamp>
			</report>
			<report>
				<misses>7073001</misses>
				<total>20</total>
				<timestamp>2261.097191</timestamp>
			</report>
			<report>
				<misses>7074001</misses>
				<total>20</total>
				<timestamp>2261.416872</timestamp>
			</report>
			<report>
				<misses>7075001</misses>
				<total>20</total>
				<timestamp>2261.736580</timestamp>
			</report>
			<report>
				<misses>7076001</misses>
				<total>20</total>
				<timestamp>2262.056230</timestamp>
			</report>
			<report>
				<misses>7077001</misses>
				<total>20</total>
				<timestamp>2262.375955</timestamp>
			</report>
			<report>
				<misses>7078001</misses>
				<total>20</total>
				<timestamp>2262.695541</timestamp>
			</report>
			<report>
				<misses>7079001</misses>
				<total>20</total>
				<timestamp>2263.015235</timestamp>
			</report>
			<report>
				<misses>7080001</misses>
				<total>20</total>
				<timestamp>2263.334934</timestamp>
			</report>
			<report>
				<misses>7081001</misses>
				<total>20</total>
				<timestamp>2263.654583</timestamp>
			</report>
			<report>
				<misses>7082001</misses>
				<total>20</total>
				<timestamp>2263.974298</timestamp>
			</report>
			<report>
				<misses>7083001</misses>
				<total>20</total>
				<timestamp>2264.293992</timestamp>
			</report>
			<report>
				<misses>7084001</misses>
				<total>20</total>
				<timestamp>2264.613604</timestamp>
			</report>
			<report>
				<misses>7085001</misses>
				<total>20</total>
				<timestamp>2264.933324</timestamp>
			</report>
			<report>
				<misses>7086001</misses>
				<total>20</total>
				<timestamp>2265.253004</timestamp>
			</report>
			<report>
				<misses>7087001</misses>
				<total>20</total>
				<timestamp>2265.572674</timestamp>
			</report>
			<report>
				<misses>7088001</misses>
				<total>20</total>
				<timestamp>2265.892412</timestamp>
			</report>
			<report>
				<misses>7089001</misses>
				<total>20</total>
				<timestamp>2266.211996</timestamp>
			</report>
			<report>
				<misses>7090001</misses>
				<total>19</total>
				<timestamp>2266.531815</timestamp>
			</report>
			<report>
				<misses>7091001</misses>
				<total>20</total>
				<timestamp>2266.851566</timestamp>
			</report>
			<report>
				<misses>7092001</misses>
				<total>20</total>
				<timestamp>2267.171035</timestamp>
			</report>
			<report>
				<misses>7093001</misses>
				<total>20</total>
				<timestamp>2267.490731</timestamp>
			</report>
			<report>
				<misses>7094001</misses>
				<total>20</total>
				<timestamp>2267.810445</timestamp>
			</report>
			<report>
				<misses>7095001</misses>
				<total>20</total>
				<timestamp>2268.130103</timestamp>
			</report>
			<report>
				<misses>7096001</misses>
				<total>20</total>
				<timestamp>2268.449853</timestamp>
			</report>
			<report>
				<misses>7097001</misses>
				<total>20</total>
				<timestamp>2268.769591</timestamp>
			</report>
			<report>
				<misses>7098001</misses>
				<total>20</total>
				<timestamp>2269.089126</timestamp>
			</report>
			<report>
				<misses>7099001</misses>
				<total>20</total>
				<timestamp>2269.408827</timestamp>
			</report>
			<report>
				<misses>7100001</misses>
				<total>20</total>
				<timestamp>2269.728581</timestamp>
			</report>
			<report>
				<misses>7101001</misses>
				<total>20</total>
				<timestamp>2270.048297</timestamp>
			</report>
			<report>
				<misses>7102001</misses>
				<total>20</total>
				<timestamp>2270.367877</timestamp>
			</report>
			<report>
				<misses>7103001</misses>
				<total>20</total>
				<timestamp>2270.687532</timestamp>
			</report>
			<report>
				<misses>7104001</misses>
				<total>20</total>
				<timestamp>2271.007292</timestamp>
			</report>
			<report>
				<misses>7105001</misses>
				<total>20</total>
				<timestamp>2271.326946</timestamp>
			</report>
			<report>
				<misses>7106001</misses>
				<total>20</total>
				<timestamp>2271.646695</timestamp>
			</report>
			<report>
				<misses>7107001</misses>
				<total>20</total>
				<timestamp>2271.966283</timestamp>
			</report>
			<report>
				<misses>7108001</misses>
				<total>20</total>
				<timestamp>2272.285948</timestamp>
			</report>
			<report>
				<misses>7109001</misses>
				<total>20</total>
				<timestamp>2272.605724</timestamp>
			</report>
			<report>
				<misses>7110001</misses>
				<total>20</total>
				<timestamp>2272.925307</timestamp>
			</report>
			<report>
				<misses>7111001</misses>
				<total>19</total>
				<timestamp>2273.245055</timestamp>
			</report>
			<report>
				<misses>7112001</misses>
				<total>20</total>
				<timestamp>2273.564728</timestamp>
			</report>
			<report>
				<misses>7113001</misses>
				<total>20</total>
				<timestamp>2273.884380</timestamp>
			</report>
			<report>
				<misses>7114001</misses>
				<total>20</total>
				<timestamp>2274.204017</timestamp>
			</report>
			<report>
				<misses>7115001</misses>
				<total>20</total>
				<timestamp>2274.523821</timestamp>
			</report>
			<report>
				<misses>7116001</misses>
				<total>20</total>
				<timestamp>2274.843416</timestamp>
			</report>
			<report>
				<misses>7117001</misses>
				<total>20</total>
				<timestamp>2275.163071</timestamp>
			</report>
			<report>
				<misses>7118001</misses>
				<total>20</total>
				<timestamp>2275.482829</timestamp>
			</report>
			<report>
				<misses>7119001</misses>
				<total>19</total>
				<timestamp>2275.802565</timestamp>
			</report>
			<report>
				<misses>7120001</misses>
				<total>20</total>
				<timestamp>2276.122151</timestamp>
			</report>
			<report>
				<misses>7121001</misses>
				<total>19</total>
				<timestamp>2276.441999</timestamp>
			</report>
			<report>
				<misses>7122001</misses>
				<total>20</total>
				<timestamp>2276.761549</timestamp>
			</report>
			<report>
				<misses>7123001</misses>
				<total>19</total>
				<timestamp>2277.081317</timestamp>
			</report>
			<report>
				<misses>7124001</misses>
				<total>20</total>
				<timestamp>2277.400950</timestamp>
			</report>
			<report>
				<misses>7125001</misses>
				<total>20</total>
				<timestamp>2277.720489</timestamp>
			</report>
			<report>
				<misses>7126001</misses>
				<total>20</total>
				<timestamp>2278.040214</timestamp>
			</report>
			<report>
				<misses>7127001</misses>
				<total>20</total>
				<timestamp>2278.359902</timestamp>
			</report>
			<report>
				<misses>7128001</misses>
				<total>20</total>
				<timestamp>2278.679566</timestamp>
			</report>
			<report>
				<misses>7129001</misses>
				<total>20</total>
				<timestamp>2278.999283</timestamp>
			</report>
			<report>
				<misses>7130001</misses>
				<total>20</total>
				<timestamp>2279.318981</timestamp>
			</report>
			<report>
				<misses>7131001</misses>
				<total>20</total>
				<timestamp>2279.638589</timestamp>
			</report>
			<report>
				<misses>7132001</misses>
				<total>20</total>
				<timestamp>2279.958435</timestamp>
			</report>
			<report>
				<misses>7133001</misses>
				<total>20</total>
				<timestamp>2280.277962</timestamp>
			</report>
			<report>
				<misses>7134001</misses>
				<total>20</total>
				<timestamp>2280.597686</timestamp>
			</report>
			<report>
				<misses>7135001</misses>
				<total>20</total>
				<timestamp>2280.917299</timestamp>
			</report>
			<report>
				<misses>7136001</misses>
				<total>20</total>
				<timestamp>2281.236979</timestamp>
			</report>
			<report>
				<misses>7137001</misses>
				<total>20</total>
				<timestamp>2281.556655</timestamp>
			</report>
			<report>
				<misses>7138001</misses>
				<total>20</total>
				<timestamp>2281.876445</timestamp>
			</report>
			<report>
				<misses>7139001</misses>
				<total>20</total>
				<timestamp>2282.196157</timestamp>
			</report>
			<report>
				<misses>7140001</misses>
				<total>20</total>
				<timestamp>2282.515687</timestamp>
			</report>
			<report>
				<misses>7141001</misses>
				<total>20</total>
				<timestamp>2282.835375</timestamp>
			</report>
			<report>
				<misses>7142001</misses>
				<total>20</total>
				<timestamp>2283.155198</timestamp>
			</report>
			<report>
				<misses>7143001</misses>
				<total>20</total>
				<timestamp>2283.474736</timestamp>
			</report>
			<report>
				<misses>7144001</misses>
				<total>20</total>
				<timestamp>2283.794401</timestamp>
			</report>
			<report>
				<misses>7145001</misses>
				<total>20</total>
				<timestamp>2284.114105</timestamp>
			</report>
			<report>
				<misses>7146001</misses>
				<total>20</total>
				<timestamp>2284.433845</timestamp>
			</report>
			<report>
				<misses>7147001</misses>
				<total>20</total>
				<timestamp>2284.753446</timestamp>
			</report>
			<report>
				<misses>7148001</misses>
				<total>20</total>
				<timestamp>2285.073156</timestamp>
			</report>
			<report>
				<misses>7149001</misses>
				<total>19</total>
				<timestamp>2285.392985</timestamp>
			</report>
			<report>
				<misses>7150001</misses>
				<total>20</total>
				<timestamp>2285.712556</timestamp>
			</report>
			<report>
				<misses>7151001</misses>
				<total>20</total>
				<timestamp>2286.032249</timestamp>
			</report>
			<report>
				<misses>7152001</misses>
				<total>20</total>
				<timestamp>2286.351934</timestamp>
			</report>
			<report>
				<misses>7153001</misses>
				<total>20</total>
				<timestamp>2286.671576</timestamp>
			</report>
			<report>
				<misses>7154001</misses>
				<total>20</total>
				<timestamp>2286.991260</timestamp>
			</report>
			<report>
				<misses>7155001</misses>
				<total>20</total>
				<timestamp>2287.310975</timestamp>
			</report>
			<report>
				<misses>7156001</misses>
				<total>19</total>
				<timestamp>2287.630690</timestamp>
			</report>
			<report>
				<misses>7157001</misses>
				<total>20</total>
				<timestamp>2287.950353</timestamp>
			</report>
			<report>
				<misses>7158001</misses>
				<total>19</total>
				<timestamp>2288.270124</timestamp>
			</report>
			<report>
				<misses>7159001</misses>
				<total>20</total>
				<timestamp>2288.589697</timestamp>
			</report>
			<report>
				<misses>7160001</misses>
				<total>20</total>
				<timestamp>2288.909316</timestamp>
			</report>
			<report>
				<misses>7161001</misses>
				<total>20</total>
				<timestamp>2289.229069</timestamp>
			</report>
			<report>
				<misses>7162001</misses>
				<total>20</total>
				<timestamp>2289.548801</timestamp>
			</report>
			<report>
				<misses>7163001</misses>
				<total>20</total>
				<timestamp>2289.868360</timestamp>
			</report>
			<report>
				<misses>7164001</misses>
				<total>20</total>
				<timestamp>2290.188066</timestamp>
			</report>
			<report>
				<misses>7165001</misses>
				<total>20</total>
				<timestamp>2290.507704</timestamp>
			</report>
			<report>
				<misses>7166001</misses>
				<total>20</total>
				<timestamp>2290.827395</timestamp>
			</report>
			<report>
				<misses>7167001</misses>
				<total>20</total>
				<timestamp>2291.147133</timestamp>
			</report>
			<report>
				<misses>7168001</misses>
				<total>19</total>
				<timestamp>2291.466868</timestamp>
			</report>
			<report>
				<misses>7169001</misses>
				<total>20</total>
				<timestamp>2291.786407</timestamp>
			</report>
			<report>
				<misses>7170001</misses>
				<total>20</total>
				<timestamp>2292.106134</timestamp>
			</report>
			<report>
				<misses>7171001</misses>
				<total>20</total>
				<timestamp>2292.425948</timestamp>
			</report>
			<report>
				<misses>7172001</misses>
				<total>20</total>
				<timestamp>2292.745461</timestamp>
			</report>
			<report>
				<misses>7173001</misses>
				<total>20</total>
				<timestamp>2293.065214</timestamp>
			</report>
			<report>
				<misses>7174001</misses>
				<total>20</total>
				<timestamp>2293.384955</timestamp>
			</report>
			<report>
				<misses>7175001</misses>
				<total>20</total>
				<timestamp>2293.704544</timestamp>
			</report>
			<report>
				<misses>7176001</misses>
				<total>20</total>
				<timestamp>2294.024201</timestamp>
			</report>
			<report>
				<misses>7177001</misses>
				<total>20</total>
				<timestamp>2294.343872</timestamp>
			</report>
			<report>
				<misses>7178001</misses>
				<total>20</total>
				<timestamp>2294.663664</timestamp>
			</report>
			<report>
				<misses>7179001</misses>
				<total>20</total>
				<timestamp>2294.983250</timestamp>
			</report>
			<report>
				<misses>7180001</misses>
				<total>20</total>
				<timestamp>2295.302900</timestamp>
			</report>
			<report>
				<misses>7181001</misses>
				<total>19</total>
				<timestamp>2295.622662</timestamp>
			</report>
			<report>
				<misses>7182001</misses>
				<total>20</total>
				<timestamp>2295.942318</timestamp>
			</report>
			<report>
				<misses>7183001</misses>
				<total>20</total>
				<timestamp>2296.261969</timestamp>
			</report>
			<report>
				<misses>7184001</misses>
				<total>20</total>
				<timestamp>2296.581707</timestamp>
			</report>
			<report>
				<misses>7185001</misses>
				<total>20</total>
				<timestamp>2296.901282</timestamp>
			</report>
			<report>
				<misses>7186001</misses>
				<total>20</total>
				<timestamp>2297.221001</timestamp>
			</report>
			<report>
				<misses>7187001</misses>
				<total>20</total>
				<timestamp>2297.540652</timestamp>
			</report>
			<report>
				<misses>7188001</misses>
				<total>20</total>
				<timestamp>2297.860418</timestamp>
			</report>
			<report>
				<misses>7189001</misses>
				<total>20</total>
				<timestamp>2298.180146</timestamp>
			</report>
			<report>
				<misses>7190001</misses>
				<total>20</total>
				<timestamp>2298.499724</timestamp>
			</report>
			<report>
				<misses>7191001</misses>
				<total>20</total>
				<timestamp>2298.819357</timestamp>
			</report>
			<report>
				<misses>7192001</misses>
				<total>20</total>
				<timestamp>2299.139069</timestamp>
			</report>
			<report>
				<misses>7193001</misses>
				<total>20</total>
				<timestamp>2299.458840</timestamp>
			</report>
			<report>
				<misses>7194001</misses>
				<total>20</total>
				<timestamp>2299.778401</timestamp>
			</report>
			<report>
				<misses>7195001</misses>
				<total>20</total>
				<timestamp>2300.098102</timestamp>
			</report>
			<report>
				<misses>7196001</misses>
				<total>20</total>
				<timestamp>2300.417952</timestamp>
			</report>
			<report>
				<misses>7197001</misses>
				<total>20</total>
				<timestamp>2300.737578</timestamp>
			</report>
			<report>
				<misses>7198001</misses>
				<total>20</total>
				<timestamp>2301.057141</timestamp>
			</report>
			<report>
				<misses>7199001</misses>
				<total>19</total>
				<timestamp>2301.376936</timestamp>
			</report>
			<report>
				<misses>7200001</misses>
				<total>20</total>
				<timestamp>2301.696564</timestamp>
			</report>
			<report>
				<misses>7201001</misses>
				<total>20</total>
				<timestamp>2302.016216</timestamp>
			</report>
			<report>
				<misses>7202001</misses>
				<total>20</total>
				<timestamp>2302.335903</timestamp>
			</report>
			<report>
				<misses>7203001</misses>
				<total>20</total>
				<timestamp>2302.655560</timestamp>
			</report>
			<report>
				<misses>7204001</misses>
				<total>20</total>
				<timestamp>2302.975241</timestamp>
			</report>
			<report>
				<misses>7205001</misses>
				<total>20</total>
				<timestamp>2303.294912</timestamp>
			</report>
			<report>
				<misses>7206001</misses>
				<total>20</total>
				<timestamp>2303.614690</timestamp>
			</report>
			<report>
				<misses>7207001</misses>
				<total>20</total>
				<timestamp>2303.934256</timestamp>
			</report>
			<report>
				<misses>7208001</misses>
				<total>20</total>
				<timestamp>2304.254000</timestamp>
			</report>
			<report>
				<misses>7209001</misses>
				<total>20</total>
				<timestamp>2304.573691</timestamp>
			</report>
			<report>
				<misses>7210001</misses>
				<total>20</total>
				<timestamp>2304.893314</timestamp>
			</report>
			<report>
				<misses>7211001</misses>
				<total>20</total>
				<timestamp>2305.213027</timestamp>
			</report>
			<report>
				<misses>7212001</misses>
				<total>20</total>
				<timestamp>2305.532681</timestamp>
			</report>
			<report>
				<misses>7213001</misses>
				<total>20</total>
				<timestamp>2305.852322</timestamp>
			</report>
			<report>
				<misses>7214001</misses>
				<total>20</total>
				<timestamp>2306.172040</timestamp>
			</report>
			<report>
				<misses>7215001</misses>
				<total>20</total>
				<timestamp>2306.491815</timestamp>
			</report>
			<report>
				<misses>7216001</misses>
				<total>20</total>
				<timestamp>2306.811454</timestamp>
			</report>
			<report>
				<misses>7217001</misses>
				<total>20</total>
				<timestamp>2307.131109</timestamp>
			</report>
			<report>
				<misses>7218001</misses>
				<total>20</total>
				<timestamp>2307.450741</timestamp>
			</report>
			<report>
				<misses>7219001</misses>
				<total>19</total>
				<timestamp>2307.770501</timestamp>
			</report>
			<report>
				<misses>7220001</misses>
				<total>20</total>
				<timestamp>2308.090202</timestamp>
			</report>
			<report>
				<misses>7221001</misses>
				<total>20</total>
				<timestamp>2308.409788</timestamp>
			</report>
			<report>
				<misses>7222001</misses>
				<total>19</total>
				<timestamp>2308.729584</timestamp>
			</report>
			<report>
				<misses>7223001</misses>
				<total>20</total>
				<timestamp>2309.049181</timestamp>
			</report>
			<report>
				<misses>7224001</misses>
				<total>20</total>
				<timestamp>2309.368817</timestamp>
			</report>
			<report>
				<misses>7225001</misses>
				<total>20</total>
				<timestamp>2309.688586</timestamp>
			</report>
			<report>
				<misses>7226001</misses>
				<total>20</total>
				<timestamp>2310.008160</timestamp>
			</report>
			<report>
				<misses>7227001</misses>
				<total>20</total>
				<timestamp>2310.327973</timestamp>
			</report>
			<report>
				<misses>7228001</misses>
				<total>20</total>
				<timestamp>2310.647703</timestamp>
			</report>
			<report>
				<misses>7229001</misses>
				<total>20</total>
				<timestamp>2310.967219</timestamp>
			</report>
			<report>
				<misses>7230001</misses>
				<total>20</total>
				<timestamp>2311.286975</timestamp>
			</report>
			<report>
				<misses>7231001</misses>
				<total>19</total>
				<timestamp>2311.606725</timestamp>
			</report>
			<report>
				<misses>7232001</misses>
				<total>20</total>
				<timestamp>2311.926260</timestamp>
			</report>
			<report>
				<misses>7233001</misses>
				<total>20</total>
				<timestamp>2312.245969</timestamp>
			</report>
			<report>
				<misses>7234001</misses>
				<total>20</total>
				<timestamp>2312.565704</timestamp>
			</report>
			<report>
				<misses>7235001</misses>
				<total>20</total>
				<timestamp>2312.885363</timestamp>
			</report>
			<report>
				<misses>7236001</misses>
				<total>20</total>
				<timestamp>2313.205047</timestamp>
			</report>
			<report>
				<misses>7237001</misses>
				<total>19</total>
				<timestamp>2313.524889</timestamp>
			</report>
			<report>
				<misses>7238001</misses>
				<total>19</total>
				<timestamp>2313.844465</timestamp>
			</report>
			<report>
				<misses>7239001</misses>
				<total>20</total>
				<timestamp>2314.164050</timestamp>
			</report>
			<report>
				<misses>7240001</misses>
				<total>20</total>
				<timestamp>2314.483726</timestamp>
			</report>
			<report>
				<misses>7241001</misses>
				<total>20</total>
				<timestamp>2314.803561</timestamp>
			</report>
			<report>
				<misses>7242001</misses>
				<total>20</total>
				<timestamp>2315.123083</timestamp>
			</report>
			<report>
				<misses>7243001</misses>
				<total>20</total>
				<timestamp>2315.442825</timestamp>
			</report>
			<report>
				<misses>7244001</misses>
				<total>20</total>
				<timestamp>2315.762579</timestamp>
			</report>
			<report>
				<misses>7245001</misses>
				<total>20</total>
				<timestamp>2316.082150</timestamp>
			</report>
			<report>
				<misses>7246001</misses>
				<total>20</total>
				<timestamp>2316.401835</timestamp>
			</report>
			<report>
				<misses>7247001</misses>
				<total>20</total>
				<timestamp>2316.721444</timestamp>
			</report>
			<report>
				<misses>7248001</misses>
				<total>20</total>
				<timestamp>2317.041166</timestamp>
			</report>
			<report>
				<misses>7249001</misses>
				<total>20</total>
				<timestamp>2317.360924</timestamp>
			</report>
			<report>
				<misses>7250001</misses>
				<total>20</total>
				<timestamp>2317.680497</timestamp>
			</report>
			<report>
				<misses>7251001</misses>
				<total>20</total>
				<timestamp>2318.000175</timestamp>
			</report>
			<report>
				<misses>7252001</misses>
				<total>20</total>
				<timestamp>2318.319912</timestamp>
			</report>
			<report>
				<misses>7253001</misses>
				<total>20</total>
				<timestamp>2318.639585</timestamp>
			</report>
			<report>
				<misses>7254001</misses>
				<total>20</total>
				<timestamp>2318.959278</timestamp>
			</report>
			<report>
				<misses>7255001</misses>
				<total>19</total>
				<timestamp>2319.279102</timestamp>
			</report>
			<report>
				<misses>7256001</misses>
				<total>19</total>
				<timestamp>2319.598723</timestamp>
			</report>
			<report>
				<misses>7257001</misses>
				<total>20</total>
				<timestamp>2319.918270</timestamp>
			</report>
			<report>
				<misses>7258001</misses>
				<total>20</total>
				<timestamp>2320.237994</timestamp>
			</report>
			<report>
				<misses>7259001</misses>
				<total>20</total>
				<timestamp>2320.557625</timestamp>
			</report>
			<report>
				<misses>7260001</misses>
				<total>20</total>
				<timestamp>2320.877349</timestamp>
			</report>
			<report>
				<misses>7261001</misses>
				<total>20</total>
				<timestamp>2321.196993</timestamp>
			</report>
			<report>
				<misses>7262001</misses>
				<total>20</total>
				<timestamp>2321.516698</timestamp>
			</report>
			<report>
				<misses>7263001</misses>
				<total>20</total>
				<timestamp>2321.836357</timestamp>
			</report>
			<report>
				<misses>7264001</misses>
				<total>20</total>
				<timestamp>2322.155992</timestamp>
			</report>
			<report>
				<misses>7265001</misses>
				<total>20</total>
				<timestamp>2322.475675</timestamp>
			</report>
			<report>
				<misses>7266001</misses>
				<total>20</total>
				<timestamp>2322.795386</timestamp>
			</report>
			<report>
				<misses>7267001</misses>
				<total>20</total>
				<timestamp>2323.115050</timestamp>
			</report>
			<report>
				<misses>7268001</misses>
				<total>19</total>
				<timestamp>2323.434959</timestamp>
			</report>
			<report>
				<misses>7269001</misses>
				<total>20</total>
				<timestamp>2323.754417</timestamp>
			</report>
			<report>
				<misses>7270001</misses>
				<total>20</total>
				<timestamp>2324.074128</timestamp>
			</report>
			<report>
				<misses>7271001</misses>
				<total>20</total>
				<timestamp>2324.393904</timestamp>
			</report>
			<report>
				<misses>7272001</misses>
				<total>20</total>
				<timestamp>2324.713447</timestamp>
			</report>
			<report>
				<misses>7273001</misses>
				<total>20</total>
				<timestamp>2325.033114</timestamp>
			</report>
			<report>
				<misses>7274001</misses>
				<total>20</total>
				<timestamp>2325.352934</timestamp>
			</report>
			<report>
				<misses>7275001</misses>
				<total>20</total>
				<timestamp>2325.672562</timestamp>
			</report>
			<report>
				<misses>7276001</misses>
				<total>20</total>
				<timestamp>2325.992192</timestamp>
			</report>
			<report>
				<misses>7277001</misses>
				<total>20</total>
				<timestamp>2326.311967</timestamp>
			</report>
			<report>
				<misses>7278001</misses>
				<total>19</total>
				<timestamp>2326.631723</timestamp>
			</report>
			<report>
				<misses>7279001</misses>
				<total>20</total>
				<timestamp>2326.951281</timestamp>
			</report>
			<report>
				<misses>7280001</misses>
				<total>20</total>
				<timestamp>2327.270965</timestamp>
			</report>
			<report>
				<misses>7281001</misses>
				<total>20</total>
				<timestamp>2327.590686</timestamp>
			</report>
			<report>
				<misses>7282001</misses>
				<total>20</total>
				<timestamp>2327.910236</timestamp>
			</report>
			<report>
				<misses>7283001</misses>
				<total>20</total>
				<timestamp>2328.229970</timestamp>
			</report>
			<report>
				<misses>7284001</misses>
				<total>20</total>
				<timestamp>2328.549661</timestamp>
			</report>
			<report>
				<misses>7285001</misses>
				<total>20</total>
				<timestamp>2328.869310</timestamp>
			</report>
			<report>
				<misses>7286001</misses>
				<total>20</total>
				<timestamp>2329.189053</timestamp>
			</report>
			<report>
				<misses>7287001</misses>
				<total>20</total>
				<timestamp>2329.508707</timestamp>
			</report>
			<report>
				<misses>7288001</misses>
				<total>20</total>
				<timestamp>2329.828321</timestamp>
			</report>
			<report>
				<misses>7289001</misses>
				<total>20</total>
				<timestamp>2330.148015</timestamp>
			</report>
			<report>
				<misses>7290001</misses>
				<total>20</total>
				<timestamp>2330.467753</timestamp>
			</report>
			<report>
				<misses>7291001</misses>
				<total>20</total>
				<timestamp>2330.787359</timestamp>
			</report>
			<report>
				<misses>7292001</misses>
				<total>20</total>
				<timestamp>2331.107150</timestamp>
			</report>
			<report>
				<misses>7293001</misses>
				<total>20</total>
				<timestamp>2331.426793</timestamp>
			</report>
			<report>
				<misses>7294001</misses>
				<total>20</total>
				<timestamp>2331.746435</timestamp>
			</report>
			<report>
				<misses>7295001</misses>
				<total>20</total>
				<timestamp>2332.066112</timestamp>
			</report>
			<report>
				<misses>7296001</misses>
				<total>20</total>
				<timestamp>2332.385791</timestamp>
			</report>
			<report>
				<misses>7297001</misses>
				<total>20</total>
				<timestamp>2332.705493</timestamp>
			</report>
			<report>
				<misses>7298001</misses>
				<total>20</total>
				<timestamp>2333.025141</timestamp>
			</report>
			<report>
				<misses>7299001</misses>
				<total>20</total>
				<timestamp>2333.344877</timestamp>
			</report>
			<report>
				<misses>7300001</misses>
				<total>20</total>
				<timestamp>2333.664594</timestamp>
			</report>
			<report>
				<misses>7301001</misses>
				<total>20</total>
				<timestamp>2333.984287</timestamp>
			</report>
			<report>
				<misses>7302001</misses>
				<total>20</total>
				<timestamp>2334.303923</timestamp>
			</report>
			<report>
				<misses>7303001</misses>
				<total>20</total>
				<timestamp>2334.623518</timestamp>
			</report>
			<report>
				<misses>7304001</misses>
				<total>20</total>
				<timestamp>2334.943232</timestamp>
			</report>
			<report>
				<misses>7305001</misses>
				<total>20</total>
				<timestamp>2335.262945</timestamp>
			</report>
			<report>
				<misses>7306001</misses>
				<total>20</total>
				<timestamp>2335.582594</timestamp>
			</report>
			<report>
				<misses>7307001</misses>
				<total>20</total>
				<timestamp>2335.902249</timestamp>
			</report>
			<report>
				<misses>7308001</misses>
				<total>20</total>
				<timestamp>2336.221938</timestamp>
			</report>
			<report>
				<misses>7309001</misses>
				<total>20</total>
				<timestamp>2336.541711</timestamp>
			</report>
			<report>
				<misses>7310001</misses>
				<total>19</total>
				<timestamp>2336.861374</timestamp>
			</report>
			<report>
				<misses>7311001</misses>
				<total>20</total>
				<timestamp>2337.180982</timestamp>
			</report>
			<report>
				<misses>7312001</misses>
				<total>20</total>
				<timestamp>2337.500676</timestamp>
			</report>
			<report>
				<misses>7313001</misses>
				<total>20</total>
				<timestamp>2337.820474</timestamp>
			</report>
			<report>
				<misses>7314001</misses>
				<total>20</total>
				<timestamp>2338.140075</timestamp>
			</report>
			<report>
				<misses>7315001</misses>
				<total>20</total>
				<timestamp>2338.459759</timestamp>
			</report>
			<report>
				<misses>7316001</misses>
				<total>20</total>
				<timestamp>2338.779367</timestamp>
			</report>
			<report>
				<misses>7317001</misses>
				<total>20</total>
				<timestamp>2339.099038</timestamp>
			</report>
			<report>
				<misses>7318001</misses>
				<total>20</total>
				<timestamp>2339.418800</timestamp>
			</report>
			<report>
				<misses>7319001</misses>
				<total>20</total>
				<timestamp>2339.738483</timestamp>
			</report>
			<report>
				<misses>7320001</misses>
				<total>20</total>
				<timestamp>2340.058093</timestamp>
			</report>
			<report>
				<misses>7321001</misses>
				<total>19</total>
				<timestamp>2340.377925</timestamp>
			</report>
			<report>
				<misses>7322001</misses>
				<total>19</total>
				<timestamp>2340.697561</timestamp>
			</report>
			<report>
				<misses>7323001</misses>
				<total>19</total>
				<timestamp>2341.017244</timestamp>
			</report>
			<report>
				<misses>7324001</misses>
				<total>20</total>
				<timestamp>2341.336827</timestamp>
			</report>
			<report>
				<misses>7325001</misses>
				<total>19</total>
				<timestamp>2341.656628</timestamp>
			</report>
			<report>
				<misses>7326001</misses>
				<total>20</total>
				<timestamp>2341.976161</timestamp>
			</report>
			<report>
				<misses>7327001</misses>
				<total>20</total>
				<timestamp>2342.295969</timestamp>
			</report>
			<report>
				<misses>7328001</misses>
				<total>20</total>
				<timestamp>2342.615524</timestamp>
			</report>
			<report>
				<misses>7329001</misses>
				<total>20</total>
				<timestamp>2342.935200</timestamp>
			</report>
			<report>
				<misses>7330001</misses>
				<total>20</total>
				<timestamp>2343.254962</timestamp>
			</report>
			<report>
				<misses>7331001</misses>
				<total>20</total>
				<timestamp>2343.574562</timestamp>
			</report>
			<report>
				<misses>7332001</misses>
				<total>20</total>
				<timestamp>2343.894238</timestamp>
			</report>
			<report>
				<misses>7333001</misses>
				<total>19</total>
				<timestamp>2344.214024</timestamp>
			</report>
			<report>
				<misses>7334001</misses>
				<total>19</total>
				<timestamp>2344.533749</timestamp>
			</report>
			<report>
				<misses>7335001</misses>
				<total>20</total>
				<timestamp>2344.853300</timestamp>
			</report>
			<report>
				<misses>7336001</misses>
				<total>20</total>
				<timestamp>2345.173019</timestamp>
			</report>
			<report>
				<misses>7337001</misses>
				<total>20</total>
				<timestamp>2345.492705</timestamp>
			</report>
			<report>
				<misses>7338001</misses>
				<total>20</total>
				<timestamp>2345.812399</timestamp>
			</report>
			<report>
				<misses>7339001</misses>
				<total>20</total>
				<timestamp>2346.132054</timestamp>
			</report>
			<report>
				<misses>7340001</misses>
				<total>20</total>
				<timestamp>2346.451733</timestamp>
			</report>
			<report>
				<misses>7341001</misses>
				<total>20</total>
				<timestamp>2346.771460</timestamp>
			</report>
			<report>
				<misses>7342001</misses>
				<total>20</total>
				<timestamp>2347.091109</timestamp>
			</report>
			<report>
				<misses>7343001</misses>
				<total>20</total>
				<timestamp>2347.410826</timestamp>
			</report>
			<report>
				<misses>7344001</misses>
				<total>20</total>
				<timestamp>2347.730569</timestamp>
			</report>
			<report>
				<misses>7345001</misses>
				<total>20</total>
				<timestamp>2348.050171</timestamp>
			</report>
			<report>
				<misses>7346001</misses>
				<total>20</total>
				<timestamp>2348.369952</timestamp>
			</report>
			<report>
				<misses>7347001</misses>
				<total>20</total>
				<timestamp>2348.689449</timestamp>
			</report>
			<report>
				<misses>7348001</misses>
				<total>20</total>
				<timestamp>2349.009112</timestamp>
			</report>
			<report>
				<misses>7349001</misses>
				<total>20</total>
				<timestamp>2349.328937</timestamp>
			</report>
			<report>
				<misses>7350001</misses>
				<total>20</total>
				<timestamp>2349.648492</timestamp>
			</report>
			<report>
				<misses>7351001</misses>
				<total>20</total>
				<timestamp>2349.968186</timestamp>
			</report>
			<report>
				<misses>7352001</misses>
				<total>20</total>
				<timestamp>2350.287939</timestamp>
			</report>
			<report>
				<misses>7353001</misses>
				<total>20</total>
				<timestamp>2350.607533</timestamp>
			</report>
			<report>
				<misses>7354001</misses>
				<total>20</total>
				<timestamp>2350.927230</timestamp>
			</report>
			<report>
				<misses>7355001</misses>
				<total>20</total>
				<timestamp>2351.246913</timestamp>
			</report>
			<report>
				<misses>7356001</misses>
				<total>20</total>
				<timestamp>2351.566577</timestamp>
			</report>
			<report>
				<misses>7357001</misses>
				<total>20</total>
				<timestamp>2351.886263</timestamp>
			</report>
			<report>
				<misses>7358001</misses>
				<total>19</total>
				<timestamp>2352.206060</timestamp>
			</report>
			<report>
				<misses>7359001</misses>
				<total>20</total>
				<timestamp>2352.525630</timestamp>
			</report>
			<report>
				<misses>7360001</misses>
				<total>20</total>
				<timestamp>2352.845335</timestamp>
			</report>
			<report>
				<misses>7361001</misses>
				<total>20</total>
				<timestamp>2353.164959</timestamp>
			</report>
			<report>
				<misses>7362001</misses>
				<total>20</total>
				<timestamp>2353.484834</timestamp>
			</report>
			<report>
				<misses>7363001</misses>
				<total>19</total>
				<timestamp>2353.804422</timestamp>
			</report>
			<report>
				<misses>7364001</misses>
				<total>20</total>
				<timestamp>2354.124057</timestamp>
			</report>
			<report>
				<misses>7365001</misses>
				<total>20</total>
				<timestamp>2354.443752</timestamp>
			</report>
			<report>
				<misses>7366001</misses>
				<total>20</total>
				<timestamp>2354.763415</timestamp>
			</report>
			<report>
				<misses>7367001</misses>
				<total>20</total>
				<timestamp>2355.083169</timestamp>
			</report>
			<report>
				<misses>7368001</misses>
				<total>20</total>
				<timestamp>2355.402751</timestamp>
			</report>
			<report>
				<misses>7369001</misses>
				<total>20</total>
				<timestamp>2355.722409</timestamp>
			</report>
			<report>
				<misses>7370001</misses>
				<total>20</total>
				<timestamp>2356.042107</timestamp>
			</report>
			<report>
				<misses>7371001</misses>
				<total>19</total>
				<timestamp>2356.361876</timestamp>
			</report>
			<report>
				<misses>7372001</misses>
				<total>20</total>
				<timestamp>2356.681584</timestamp>
			</report>
			<report>
				<misses>7373001</misses>
				<total>20</total>
				<timestamp>2357.001137</timestamp>
			</report>
			<report>
				<misses>7374001</misses>
				<total>20</total>
				<timestamp>2357.320832</timestamp>
			</report>
			<report>
				<misses>7375001</misses>
				<total>20</total>
				<timestamp>2357.640516</timestamp>
			</report>
			<report>
				<misses>7376001</misses>
				<total>20</total>
				<timestamp>2357.960158</timestamp>
			</report>
			<report>
				<misses>7377001</misses>
				<total>19</total>
				<timestamp>2358.279970</timestamp>
			</report>
			<report>
				<misses>7378001</misses>
				<total>20</total>
				<timestamp>2358.599629</timestamp>
			</report>
			<report>
				<misses>7379001</misses>
				<total>20</total>
				<timestamp>2358.919257</timestamp>
			</report>
			<report>
				<misses>7380001</misses>
				<total>20</total>
				<timestamp>2359.238943</timestamp>
			</report>
			<report>
				<misses>7381001</misses>
				<total>20</total>
				<timestamp>2359.558637</timestamp>
			</report>
			<report>
				<misses>7382001</misses>
				<total>20</total>
				<timestamp>2359.878317</timestamp>
			</report>
			<report>
				<misses>7383001</misses>
				<total>20</total>
				<timestamp>2360.198017</timestamp>
			</report>
			<report>
				<misses>7384001</misses>
				<total>20</total>
				<timestamp>2360.517714</timestamp>
			</report>
			<report>
				<misses>7385001</misses>
				<total>20</total>
				<timestamp>2360.837315</timestamp>
			</report>
			<report>
				<misses>7386001</misses>
				<total>20</total>
				<timestamp>2361.156958</timestamp>
			</report>
			<report>
				<misses>7387001</misses>
				<total>20</total>
				<timestamp>2361.476710</timestamp>
			</report>
			<report>
				<misses>7388001</misses>
				<total>20</total>
				<timestamp>2361.796337</timestamp>
			</report>
			<report>
				<misses>7389001</misses>
				<total>20</total>
				<timestamp>2362.116101</timestamp>
			</report>
			<report>
				<misses>7390001</misses>
				<total>20</total>
				<timestamp>2362.435854</timestamp>
			</report>
			<report>
				<misses>7391001</misses>
				<total>20</total>
				<timestamp>2362.755355</timestamp>
			</report>
			<report>
				<misses>7392001</misses>
				<total>20</total>
				<timestamp>2363.075076</timestamp>
			</report>
			<report>
				<misses>7393001</misses>
				<total>20</total>
				<timestamp>2363.394774</timestamp>
			</report>
			<report>
				<misses>7394001</misses>
				<total>20</total>
				<timestamp>2363.714455</timestamp>
			</report>
			<report>
				<misses>7395001</misses>
				<total>20</total>
				<timestamp>2364.034231</timestamp>
			</report>
			<report>
				<misses>7396001</misses>
				<total>20</total>
				<timestamp>2364.353828</timestamp>
			</report>
			<report>
				<misses>7397001</misses>
				<total>20</total>
				<timestamp>2364.673467</timestamp>
			</report>
			<report>
				<misses>7398001</misses>
				<total>20</total>
				<timestamp>2364.993143</timestamp>
			</report>
			<report>
				<misses>7399001</misses>
				<total>20</total>
				<timestamp>2365.312890</timestamp>
			</report>
			<report>
				<misses>7400001</misses>
				<total>20</total>
				<timestamp>2365.632563</timestamp>
			</report>
			<report>
				<misses>7401001</misses>
				<total>20</total>
				<timestamp>2365.952154</timestamp>
			</report>
			<report>
				<misses>7402001</misses>
				<total>20</total>
				<timestamp>2366.271923</timestamp>
			</report>
			<report>
				<misses>7403001</misses>
				<total>20</total>
				<timestamp>2366.591735</timestamp>
			</report>
			<report>
				<misses>7404001</misses>
				<total>20</total>
				<timestamp>2366.911268</timestamp>
			</report>
			<report>
				<misses>7405001</misses>
				<total>20</total>
				<timestamp>2367.230892</timestamp>
			</report>
			<report>
				<misses>7406001</misses>
				<total>20</total>
				<timestamp>2367.550726</timestamp>
			</report>
			<report>
				<misses>7407001</misses>
				<total>20</total>
				<timestamp>2367.870251</timestamp>
			</report>
			<report>
				<misses>7408001</misses>
				<total>20</total>
				<timestamp>2368.189938</timestamp>
			</report>
			<report>
				<misses>7409001</misses>
				<total>20</total>
				<timestamp>2368.509695</timestamp>
			</report>
			<report>
				<misses>7410001</misses>
				<total>20</total>
				<timestamp>2368.829297</timestamp>
			</report>
			<report>
				<misses>7411001</misses>
				<total>20</total>
				<timestamp>2369.148999</timestamp>
			</report>
			<report>
				<misses>7412001</misses>
				<total>20</total>
				<timestamp>2369.468831</timestamp>
			</report>
			<report>
				<misses>7413001</misses>
				<total>19</total>
				<timestamp>2369.788409</timestamp>
			</report>
			<report>
				<misses>7414001</misses>
				<total>20</total>
				<timestamp>2370.108010</timestamp>
			</report>
			<report>
				<misses>7415001</misses>
				<total>20</total>
				<timestamp>2370.427840</timestamp>
			</report>
			<report>
				<misses>7416001</misses>
				<total>20</total>
				<timestamp>2370.747430</timestamp>
			</report>
			<report>
				<misses>7417001</misses>
				<total>20</total>
				<timestamp>2371.067160</timestamp>
			</report>
			<report>
				<misses>7418001</misses>
				<total>20</total>
				<timestamp>2371.386796</timestamp>
			</report>
			<report>
				<misses>7419001</misses>
				<total>20</total>
				<timestamp>2371.706414</timestamp>
			</report>
			<report>
				<misses>7420001</misses>
				<total>20</total>
				<timestamp>2372.026086</timestamp>
			</report>
			<report>
				<misses>7421001</misses>
				<total>20</total>
				<timestamp>2372.345822</timestamp>
			</report>
			<report>
				<misses>7422001</misses>
				<total>20</total>
				<timestamp>2372.665591</timestamp>
			</report>
			<report>
				<misses>7423001</misses>
				<total>20</total>
				<timestamp>2372.985136</timestamp>
			</report>
			<report>
				<misses>7424001</misses>
				<total>20</total>
				<timestamp>2373.304828</timestamp>
			</report>
			<report>
				<misses>7425001</misses>
				<total>20</total>
				<timestamp>2373.624634</timestamp>
			</report>
			<report>
				<misses>7426001</misses>
				<total>20</total>
				<timestamp>2373.944202</timestamp>
			</report>
			<report>
				<misses>7427001</misses>
				<total>19</total>
				<timestamp>2374.263950</timestamp>
			</report>
			<report>
				<misses>7428001</misses>
				<total>20</total>
				<timestamp>2374.583602</timestamp>
			</report>
			<report>
				<misses>7429001</misses>
				<total>20</total>
				<timestamp>2374.903267</timestamp>
			</report>
			<report>
				<misses>7430001</misses>
				<total>20</total>
				<timestamp>2375.223063</timestamp>
			</report>
			<report>
				<misses>7431001</misses>
				<total>20</total>
				<timestamp>2375.542594</timestamp>
			</report>
			<report>
				<misses>7432001</misses>
				<total>20</total>
				<timestamp>2375.862286</timestamp>
			</report>
			<report>
				<misses>7433001</misses>
				<total>20</total>
				<timestamp>2376.181929</timestamp>
			</report>
			<report>
				<misses>7434001</misses>
				<total>20</total>
				<timestamp>2376.501653</timestamp>
			</report>
			<report>
				<misses>7435001</misses>
				<total>20</total>
				<timestamp>2376.821317</timestamp>
			</report>
			<report>
				<misses>7436001</misses>
				<total>20</total>
				<timestamp>2377.141125</timestamp>
			</report>
			<report>
				<misses>7437001</misses>
				<total>20</total>
				<timestamp>2377.460652</timestamp>
			</report>
			<report>
				<misses>7438001</misses>
				<total>20</total>
				<timestamp>2377.780343</timestamp>
			</report>
			<report>
				<misses>7439001</misses>
				<total>19</total>
				<timestamp>2378.100127</timestamp>
			</report>
			<report>
				<misses>7440001</misses>
				<total>20</total>
				<timestamp>2378.419823</timestamp>
			</report>
			<report>
				<misses>7441001</misses>
				<total>19</total>
				<timestamp>2378.739579</timestamp>
			</report>
			<report>
				<misses>7442001</misses>
				<total>20</total>
				<timestamp>2379.059067</timestamp>
			</report>
			<report>
				<misses>7443001</misses>
				<total>20</total>
				<timestamp>2379.378783</timestamp>
			</report>
			<report>
				<misses>7444001</misses>
				<total>20</total>
				<timestamp>2379.698418</timestamp>
			</report>
			<report>
				<misses>7445001</misses>
				<total>20</total>
				<timestamp>2380.018198</timestamp>
			</report>
			<report>
				<misses>7446001</misses>
				<total>20</total>
				<timestamp>2380.337849</timestamp>
			</report>
			<report>
				<misses>7447001</misses>
				<total>20</total>
				<timestamp>2380.657464</timestamp>
			</report>
			<report>
				<misses>7448001</misses>
				<total>20</total>
				<timestamp>2380.977186</timestamp>
			</report>
			<report>
				<misses>7449001</misses>
				<total>19</total>
				<timestamp>2381.296906</timestamp>
			</report>
			<report>
				<misses>7450001</misses>
				<total>20</total>
				<timestamp>2381.616491</timestamp>
			</report>
			<report>
				<misses>7451001</misses>
				<total>20</total>
				<timestamp>2381.936272</timestamp>
			</report>
			<report>
				<misses>7452001</misses>
				<total>19</total>
				<timestamp>2382.256014</timestamp>
			</report>
			<report>
				<misses>7453001</misses>
				<total>20</total>
				<timestamp>2382.575540</timestamp>
			</report>
			<report>
				<misses>7454001</misses>
				<total>20</total>
				<timestamp>2382.895215</timestamp>
			</report>
			<report>
				<misses>7455001</misses>
				<total>20</total>
				<timestamp>2383.214964</timestamp>
			</report>
			<report>
				<misses>7456001</misses>
				<total>20</total>
				<timestamp>2383.534675</timestamp>
			</report>
			<report>
				<misses>7457001</misses>
				<total>20</total>
				<timestamp>2383.854355</timestamp>
			</report>
			<report>
				<misses>7458001</misses>
				<total>20</total>
				<timestamp>2384.174001</timestamp>
			</report>
			<report>
				<misses>7459001</misses>
				<total>20</total>
				<timestamp>2384.493690</timestamp>
			</report>
			<report>
				<misses>7460001</misses>
				<total>20</total>
				<timestamp>2384.813286</timestamp>
			</report>
			<report>
				<misses>7461001</misses>
				<total>20</total>
				<timestamp>2385.132967</timestamp>
			</report>
			<report>
				<misses>7462001</misses>
				<total>20</total>
				<timestamp>2385.452651</timestamp>
			</report>
			<report>
				<misses>7463001</misses>
				<total>20</total>
				<timestamp>2385.772332</timestamp>
			</report>
			<report>
				<misses>7464001</misses>
				<total>20</total>
				<timestamp>2386.092018</timestamp>
			</report>
			<report>
				<misses>7465001</misses>
				<total>20</total>
				<timestamp>2386.411684</timestamp>
			</report>
			<report>
				<misses>7466001</misses>
				<total>20</total>
				<timestamp>2386.731381</timestamp>
			</report>
			<report>
				<misses>7467001</misses>
				<total>20</total>
				<timestamp>2387.051086</timestamp>
			</report>
			<report>
				<misses>7468001</misses>
				<total>20</total>
				<timestamp>2387.370837</timestamp>
			</report>
			<report>
				<misses>7469001</misses>
				<total>20</total>
				<timestamp>2387.690489</timestamp>
			</report>
			<report>
				<misses>7470001</misses>
				<total>19</total>
				<timestamp>2388.010240</timestamp>
			</report>
			<report>
				<misses>7471001</misses>
				<total>20</total>
				<timestamp>2388.329766</timestamp>
			</report>
			<report>
				<misses>7472001</misses>
				<total>20</total>
				<timestamp>2388.649523</timestamp>
			</report>
			<report>
				<misses>7473001</misses>
				<total>20</total>
				<timestamp>2388.969281</timestamp>
			</report>
			<report>
				<misses>7474001</misses>
				<total>20</total>
				<timestamp>2389.288970</timestamp>
			</report>
			<report>
				<misses>7475001</misses>
				<total>20</total>
				<timestamp>2389.608578</timestamp>
			</report>
			<report>
				<misses>7476001</misses>
				<total>20</total>
				<timestamp>2389.928197</timestamp>
			</report>
			<report>
				<misses>7477001</misses>
				<total>20</total>
				<timestamp>2390.247957</timestamp>
			</report>
			<report>
				<misses>7478001</misses>
				<total>20</total>
				<timestamp>2390.567699</timestamp>
			</report>
			<report>
				<misses>7479001</misses>
				<total>20</total>
				<timestamp>2390.887315</timestamp>
			</report>
			<report>
				<misses>7480001</misses>
				<total>20</total>
				<timestamp>2391.206917</timestamp>
			</report>
			<report>
				<misses>7481001</misses>
				<total>20</total>
				<timestamp>2391.526697</timestamp>
			</report>
			<report>
				<misses>7482001</misses>
				<total>20</total>
				<timestamp>2391.846289</timestamp>
			</report>
			<report>
				<misses>7483001</misses>
				<total>20</total>
				<timestamp>2392.166052</timestamp>
			</report>
			<report>
				<misses>7484001</misses>
				<total>20</total>
				<timestamp>2392.485608</timestamp>
			</report>
			<report>
				<misses>7485001</misses>
				<total>20</total>
				<timestamp>2392.805368</timestamp>
			</report>
			<report>
				<misses>7486001</misses>
				<total>20</total>
				<timestamp>2393.125024</timestamp>
			</report>
			<report>
				<misses>7487001</misses>
				<total>20</total>
				<timestamp>2393.444713</timestamp>
			</report>
			<report>
				<misses>7488001</misses>
				<total>20</total>
				<timestamp>2393.764330</timestamp>
			</report>
			<report>
				<misses>7489001</misses>
				<total>20</total>
				<timestamp>2394.084053</timestamp>
			</report>
			<report>
				<misses>7490001</misses>
				<total>20</total>
				<timestamp>2394.403747</timestamp>
			</report>
			<report>
				<misses>7491001</misses>
				<total>20</total>
				<timestamp>2394.723448</timestamp>
			</report>
			<report>
				<misses>7492001</misses>
				<total>20</total>
				<timestamp>2395.043080</timestamp>
			</report>
			<report>
				<misses>7493001</misses>
				<total>20</total>
				<timestamp>2395.362772</timestamp>
			</report>
			<report>
				<misses>7494001</misses>
				<total>20</total>
				<timestamp>2395.682436</timestamp>
			</report>
			<report>
				<misses>7495001</misses>
				<total>20</total>
				<timestamp>2396.002152</timestamp>
			</report>
			<report>
				<misses>7496001</misses>
				<total>20</total>
				<timestamp>2396.321807</timestamp>
			</report>
			<report>
				<misses>7497001</misses>
				<total>20</total>
				<timestamp>2396.641573</timestamp>
			</report>
			<report>
				<misses>7498001</misses>
				<total>20</total>
				<timestamp>2396.961163</timestamp>
			</report>
			<report>
				<misses>7499001</misses>
				<total>20</total>
				<timestamp>2397.280810</timestamp>
			</report>
			<report>
				<misses>7500001</misses>
				<total>20</total>
				<timestamp>2397.600583</timestamp>
			</report>
			<report>
				<misses>7501001</misses>
				<total>19</total>
				<timestamp>2397.920247</timestamp>
			</report>
			<report>
				<misses>7502001</misses>
				<total>20</total>
				<timestamp>2398.239969</timestamp>
			</report>
			<report>
				<misses>7503001</misses>
				<total>19</total>
				<timestamp>2398.559704</timestamp>
			</report>
			<report>
				<misses>7504001</misses>
				<total>19</total>
				<timestamp>2398.879307</timestamp>
			</report>
			<report>
				<misses>7505001</misses>
				<total>20</total>
				<timestamp>2399.198880</timestamp>
			</report>
			<report>
				<misses>7506001</misses>
				<total>20</total>
				<timestamp>2399.518585</timestamp>
			</report>
			<report>
				<misses>7507001</misses>
				<total>20</total>
				<timestamp>2399.838331</timestamp>
			</report>
			<report>
				<misses>7508001</misses>
				<total>20</total>
				<timestamp>2400.157946</timestamp>
			</report>
			<report>
				<misses>7509001</misses>
				<total>20</total>
				<timestamp>2400.477700</timestamp>
			</report>
			<report>
				<misses>7510001</misses>
				<total>20</total>
				<timestamp>2400.797283</timestamp>
			</report>
			<report>
				<misses>7511001</misses>
				<total>20</total>
				<timestamp>2401.116966</timestamp>
			</report>
			<report>
				<misses>7512001</misses>
				<total>20</total>
				<timestamp>2401.436698</timestamp>
			</report>
			<report>
				<misses>7513001</misses>
				<total>20</total>
				<timestamp>2401.756352</timestamp>
			</report>
			<report>
				<misses>7514001</misses>
				<total>20</total>
				<timestamp>2402.076083</timestamp>
			</report>
			<report>
				<misses>7515001</misses>
				<total>20</total>
				<timestamp>2402.395822</timestamp>
			</report>
			<report>
				<misses>7516001</misses>
				<total>20</total>
				<timestamp>2402.715421</timestamp>
			</report>
			<report>
				<misses>7517001</misses>
				<total>20</total>
				<timestamp>2403.035098</timestamp>
			</report>
			<report>
				<misses>7518001</misses>
				<total>20</total>
				<timestamp>2403.354726</timestamp>
			</report>
			<report>
				<misses>7519001</misses>
				<total>20</total>
				<timestamp>2403.674524</timestamp>
			</report>
			<report>
				<misses>7520001</misses>
				<total>20</total>
				<timestamp>2403.994144</timestamp>
			</report>
			<report>
				<misses>7521001</misses>
				<total>20</total>
				<timestamp>2404.313772</timestamp>
			</report>
			<report>
				<misses>7522001</misses>
				<total>20</total>
				<timestamp>2404.633504</timestamp>
			</report>
			<report>
				<misses>7523001</misses>
				<total>19</total>
				<timestamp>2404.953261</timestamp>
			</report>
			<report>
				<misses>7524001</misses>
				<total>20</total>
				<timestamp>2405.272888</timestamp>
			</report>
			<report>
				<misses>7525001</misses>
				<total>20</total>
				<timestamp>2405.592510</timestamp>
			</report>
			<report>
				<misses>7526001</misses>
				<total>20</total>
				<timestamp>2405.912298</timestamp>
			</report>
			<report>
				<misses>7527001</misses>
				<total>20</total>
				<timestamp>2406.231889</timestamp>
			</report>
			<report>
				<misses>7528001</misses>
				<total>19</total>
				<timestamp>2406.551630</timestamp>
			</report>
			<report>
				<misses>7529001</misses>
				<total>20</total>
				<timestamp>2406.871265</timestamp>
			</report>
			<report>
				<misses>7530001</misses>
				<total>19</total>
				<timestamp>2407.190985</timestamp>
			</report>
			<report>
				<misses>7531001</misses>
				<total>20</total>
				<timestamp>2407.510689</timestamp>
			</report>
			<report>
				<misses>7532001</misses>
				<total>20</total>
				<timestamp>2407.830249</timestamp>
			</report>
			<report>
				<misses>7533001</misses>
				<total>20</total>
				<timestamp>2408.149960</timestamp>
			</report>
			<report>
				<misses>7534001</misses>
				<total>20</total>
				<timestamp>2408.469714</timestamp>
			</report>
			<report>
				<misses>7535001</misses>
				<total>20</total>
				<timestamp>2408.789317</timestamp>
			</report>
			<report>
				<misses>7536001</misses>
				<total>20</total>
				<timestamp>2409.109048</timestamp>
			</report>
			<report>
				<misses>7537001</misses>
				<total>20</total>
				<timestamp>2409.428682</timestamp>
			</report>
			<report>
				<misses>7538001</misses>
				<total>20</total>
				<timestamp>2409.748418</timestamp>
			</report>
			<report>
				<misses>7539001</misses>
				<total>20</total>
				<timestamp>2410.068079</timestamp>
			</report>
			<report>
				<misses>7540001</misses>
				<total>20</total>
				<timestamp>2410.387830</timestamp>
			</report>
			<report>
				<misses>7541001</misses>
				<total>20</total>
				<timestamp>2410.707386</timestamp>
			</report>
			<report>
				<misses>7542001</misses>
				<total>20</total>
				<timestamp>2411.027057</timestamp>
			</report>
			<report>
				<misses>7543001</misses>
				<total>20</total>
				<timestamp>2411.346738</timestamp>
			</report>
			<report>
				<misses>7544001</misses>
				<total>20</total>
				<timestamp>2411.666571</timestamp>
			</report>
			<report>
				<misses>7545001</misses>
				<total>20</total>
				<timestamp>2411.986127</timestamp>
			</report>
			<report>
				<misses>7546001</misses>
				<total>20</total>
				<timestamp>2412.305792</timestamp>
			</report>
			<report>
				<misses>7547001</misses>
				<total>20</total>
				<timestamp>2412.625460</timestamp>
			</report>
			<report>
				<misses>7548001</misses>
				<total>20</total>
				<timestamp>2412.945154</timestamp>
			</report>
			<report>
				<misses>7549001</misses>
				<total>20</total>
				<timestamp>2413.264824</timestamp>
			</report>
			<report>
				<misses>7550001</misses>
				<total>20</total>
				<timestamp>2413.584547</timestamp>
			</report>
			<report>
				<misses>7551001</misses>
				<total>20</total>
				<timestamp>2413.904158</timestamp>
			</report>
			<report>
				<misses>7552001</misses>
				<total>20</total>
				<timestamp>2414.223928</timestamp>
			</report>
			<report>
				<misses>7553001</misses>
				<total>20</total>
				<timestamp>2414.543586</timestamp>
			</report>
			<report>
				<misses>7554001</misses>
				<total>20</total>
				<timestamp>2414.863269</timestamp>
			</report>
			<report>
				<misses>7555001</misses>
				<total>20</total>
				<timestamp>2415.182944</timestamp>
			</report>
			<report>
				<misses>7556001</misses>
				<total>20</total>
				<timestamp>2415.502707</timestamp>
			</report>
			<report>
				<misses>7557001</misses>
				<total>20</total>
				<timestamp>2415.822260</timestamp>
			</report>
			<report>
				<misses>7558001</misses>
				<total>19</total>
				<timestamp>2416.142041</timestamp>
			</report>
			<report>
				<misses>7559001</misses>
				<total>20</total>
				<timestamp>2416.461640</timestamp>
			</report>
			<report>
				<misses>7560001</misses>
				<total>20</total>
				<timestamp>2416.781354</timestamp>
			</report>
			<report>
				<misses>7561001</misses>
				<total>20</total>
				<timestamp>2417.100978</timestamp>
			</report>
			<report>
				<misses>7562001</misses>
				<total>20</total>
				<timestamp>2417.420704</timestamp>
			</report>
			<report>
				<misses>7563001</misses>
				<total>20</total>
				<timestamp>2417.740447</timestamp>
			</report>
			<report>
				<misses>7564001</misses>
				<total>20</total>
				<timestamp>2418.060089</timestamp>
			</report>
			<report>
				<misses>7565001</misses>
				<total>20</total>
				<timestamp>2418.379701</timestamp>
			</report>
			<report>
				<misses>7566001</misses>
				<total>20</total>
				<timestamp>2418.699430</timestamp>
			</report>
			<report>
				<misses>7567001</misses>
				<total>20</total>
				<timestamp>2419.019083</timestamp>
			</report>
			<report>
				<misses>7568001</misses>
				<total>19</total>
				<timestamp>2419.338824</timestamp>
			</report>
			<report>
				<misses>7569001</misses>
				<total>20</total>
				<timestamp>2419.658404</timestamp>
			</report>
			<report>
				<misses>7570001</misses>
				<total>20</total>
				<timestamp>2419.978093</timestamp>
			</report>
			<report>
				<misses>7571001</misses>
				<total>20</total>
				<timestamp>2420.297760</timestamp>
			</report>
			<report>
				<misses>7572001</misses>
				<total>20</total>
				<timestamp>2420.617580</timestamp>
			</report>
			<report>
				<misses>7573001</misses>
				<total>19</total>
				<timestamp>2420.937243</timestamp>
			</report>
			<report>
				<misses>7574001</misses>
				<total>20</total>
				<timestamp>2421.256851</timestamp>
			</report>
			<report>
				<misses>7575001</misses>
				<total>20</total>
				<timestamp>2421.576577</timestamp>
			</report>
			<report>
				<misses>7576001</misses>
				<total>20</total>
				<timestamp>2421.896237</timestamp>
			</report>
			<report>
				<misses>7577001</misses>
				<total>20</total>
				<timestamp>2422.215849</timestamp>
			</report>
			<report>
				<misses>7578001</misses>
				<total>20</total>
				<timestamp>2422.535558</timestamp>
			</report>
			<report>
				<misses>7579001</misses>
				<total>20</total>
				<timestamp>2422.855241</timestamp>
			</report>
			<report>
				<misses>7580001</misses>
				<total>20</total>
				<timestamp>2423.174955</timestamp>
			</report>
			<report>
				<misses>7581001</misses>
				<total>20</total>
				<timestamp>2423.494675</timestamp>
			</report>
			<report>
				<misses>7582001</misses>
				<total>20</total>
				<timestamp>2423.814259</timestamp>
			</report>
			<report>
				<misses>7583001</misses>
				<total>20</total>
				<timestamp>2424.133917</timestamp>
			</report>
			<report>
				<misses>7584001</misses>
				<total>20</total>
				<timestamp>2424.453703</timestamp>
			</report>
			<report>
				<misses>7585001</misses>
				<total>20</total>
				<timestamp>2424.773365</timestamp>
			</report>
			<report>
				<misses>7586001</misses>
				<total>20</total>
				<timestamp>2425.093023</timestamp>
			</report>
			<report>
				<misses>7587001</misses>
				<total>20</total>
				<timestamp>2425.412701</timestamp>
			</report>
			<report>
				<misses>7588001</misses>
				<total>20</total>
				<timestamp>2425.732353</timestamp>
			</report>
			<report>
				<misses>7589001</misses>
				<total>20</total>
				<timestamp>2426.052085</timestamp>
			</report>
			<report>
				<misses>7590001</misses>
				<total>20</total>
				<timestamp>2426.371713</timestamp>
			</report>
			<report>
				<misses>7591001</misses>
				<total>20</total>
				<timestamp>2426.691380</timestamp>
			</report>
			<report>
				<misses>7592001</misses>
				<total>20</total>
				<timestamp>2427.011116</timestamp>
			</report>
			<report>
				<misses>7593001</misses>
				<total>20</total>
				<timestamp>2427.330740</timestamp>
			</report>
			<report>
				<misses>7594001</misses>
				<total>20</total>
				<timestamp>2427.650410</timestamp>
			</report>
			<report>
				<misses>7595001</misses>
				<total>20</total>
				<timestamp>2427.970197</timestamp>
			</report>
			<report>
				<misses>7596001</misses>
				<total>19</total>
				<timestamp>2428.289877</timestamp>
			</report>
			<report>
				<misses>7597001</misses>
				<total>21</total>
				<timestamp>2428.609571</timestamp>
			</report>
			<report>
				<misses>7598001</misses>
				<total>20</total>
				<timestamp>2428.929233</timestamp>
			</report>
			<report>
				<misses>7599001</misses>
				<total>21</total>
				<timestamp>2429.248871</timestamp>
			</report>
			<report>
				<misses>7600001</misses>
				<total>21</total>
				<timestamp>2429.568568</timestamp>
			</report>
			<report>
				<misses>7601001</misses>
				<total>21</total>
				<timestamp>2429.888210</timestamp>
			</report>
			<report>
				<misses>7602001</misses>
				<total>21</total>
				<timestamp>2430.207961</timestamp>
			</report>
			<report>
				<misses>7603001</misses>
				<total>20</total>
				<timestamp>2430.527648</timestamp>
			</report>
			<report>
				<misses>7604001</misses>
				<total>21</total>
				<timestamp>2430.847287</timestamp>
			</report>
			<report>
				<misses>7605001</misses>
				<total>21</total>
				<timestamp>2431.166890</timestamp>
			</report>
			<report>
				<misses>7606001</misses>
				<total>21</total>
				<timestamp>2431.486578</timestamp>
			</report>
			<report>
				<misses>7607001</misses>
				<total>21</total>
				<timestamp>2431.806342</timestamp>
			</report>
			<report>
				<misses>7608001</misses>
				<total>20</total>
				<timestamp>2432.126109</timestamp>
			</report>
			<report>
				<misses>7609001</misses>
				<total>21</total>
				<timestamp>2432.445680</timestamp>
			</report>
			<report>
				<misses>7610001</misses>
				<total>21</total>
				<timestamp>2432.765298</timestamp>
			</report>
			<report>
				<misses>7611001</misses>
				<total>21</total>
				<timestamp>2433.084983</timestamp>
			</report>
			<report>
				<misses>7612001</misses>
				<total>21</total>
				<timestamp>2433.404669</timestamp>
			</report>
			<report>
				<misses>7613001</misses>
				<total>21</total>
				<timestamp>2433.724329</timestamp>
			</report>
			<report>
				<misses>7614001</misses>
				<total>21</total>
				<timestamp>2434.044076</timestamp>
			</report>
			<report>
				<misses>7615001</misses>
				<total>21</total>
				<timestamp>2434.363702</timestamp>
			</report>
			<report>
				<misses>7616001</misses>
				<total>21</total>
				<timestamp>2434.683430</timestamp>
			</report>
			<report>
				<misses>7617001</misses>
				<total>20</total>
				<timestamp>2435.003194</timestamp>
			</report>
			<report>
				<misses>7618001</misses>
				<total>21</total>
				<timestamp>2435.322783</timestamp>
			</report>
			<report>
				<misses>7619001</misses>
				<total>21</total>
				<timestamp>2435.642401</timestamp>
			</report>
			<report>
				<misses>7620001</misses>
				<total>20</total>
				<timestamp>2435.962248</timestamp>
			</report>
			<report>
				<misses>7621001</misses>
				<total>21</total>
				<timestamp>2436.281801</timestamp>
			</report>
			<report>
				<misses>7622001</misses>
				<total>21</total>
				<timestamp>2436.601466</timestamp>
			</report>
			<report>
				<misses>7623001</misses>
				<total>21</total>
				<timestamp>2436.921195</timestamp>
			</report>
			<report>
				<misses>7624001</misses>
				<total>21</total>
				<timestamp>2437.240939</timestamp>
			</report>
			<report>
				<misses>7625001</misses>
				<total>21</total>
				<timestamp>2437.560578</timestamp>
			</report>
			<report>
				<misses>7626001</misses>
				<total>21</total>
				<timestamp>2437.880224</timestamp>
			</report>
			<report>
				<misses>7627001</misses>
				<total>21</total>
				<timestamp>2438.199886</timestamp>
			</report>
			<report>
				<misses>7628001</misses>
				<total>21</total>
				<timestamp>2438.519577</timestamp>
			</report>
			<report>
				<misses>7629001</misses>
				<total>20</total>
				<timestamp>2438.839300</timestamp>
			</report>
			<report>
				<misses>7630001</misses>
				<total>21</total>
				<timestamp>2439.158957</timestamp>
			</report>
			<report>
				<misses>7631001</misses>
				<total>21</total>
				<timestamp>2439.478688</timestamp>
			</report>
			<report>
				<misses>7632001</misses>
				<total>21</total>
				<timestamp>2439.798353</timestamp>
			</report>
			<report>
				<misses>7633001</misses>
				<total>21</total>
				<timestamp>2440.118016</timestamp>
			</report>
			<report>
				<misses>7634001</misses>
				<total>21</total>
				<timestamp>2440.437677</timestamp>
			</report>
			<report>
				<misses>7635001</misses>
				<total>21</total>
				<timestamp>2440.757424</timestamp>
			</report>
			<report>
				<misses>7636001</misses>
				<total>21</total>
				<timestamp>2441.077113</timestamp>
			</report>
			<report>
				<misses>7637001</misses>
				<total>21</total>
				<timestamp>2441.396664</timestamp>
			</report>
			<report>
				<misses>7638001</misses>
				<total>20</total>
				<timestamp>2441.716513</timestamp>
			</report>
			<report>
				<misses>7639001</misses>
				<total>21</total>
				<timestamp>2442.036083</timestamp>
			</report>
			<report>
				<misses>7640001</misses>
				<total>21</total>
				<timestamp>2442.355693</timestamp>
			</report>
			<report>
				<misses>7641001</misses>
				<total>21</total>
				<timestamp>2442.675460</timestamp>
			</report>
			<report>
				<misses>7642001</misses>
				<total>21</total>
				<timestamp>2442.995074</timestamp>
			</report>
			<report>
				<misses>7643001</misses>
				<total>21</total>
				<timestamp>2443.314820</timestamp>
			</report>
			<report>
				<misses>7644001</misses>
				<total>21</total>
				<timestamp>2443.634515</timestamp>
			</report>
			<report>
				<misses>7645001</misses>
				<total>21</total>
				<timestamp>2443.954172</timestamp>
			</report>
			<report>
				<misses>7646001</misses>
				<total>20</total>
				<timestamp>2444.273885</timestamp>
			</report>
			<report>
				<misses>7647001</misses>
				<total>21</total>
				<timestamp>2444.593495</timestamp>
			</report>
			<report>
				<misses>7648001</misses>
				<total>21</total>
				<timestamp>2444.913237</timestamp>
			</report>
			<report>
				<misses>7649001</misses>
				<total>21</total>
				<timestamp>2445.232944</timestamp>
			</report>
			<report>
				<misses>7650001</misses>
				<total>21</total>
				<timestamp>2445.552576</timestamp>
			</report>
			<report>
				<misses>7651001</misses>
				<total>21</total>
				<timestamp>2445.872345</timestamp>
			</report>
			<report>
				<misses>7652001</misses>
				<total>21</total>
				<timestamp>2446.191879</timestamp>
			</report>
			<report>
				<misses>7653001</misses>
				<total>21</total>
				<timestamp>2446.511530</timestamp>
			</report>
			<report>
				<misses>7654001</misses>
				<total>21</total>
				<timestamp>2446.831216</timestamp>
			</report>
			<report>
				<misses>7655001</misses>
				<total>21</total>
				<timestamp>2447.150932</timestamp>
			</report>
			<report>
				<misses>7656001</misses>
				<total>21</total>
				<timestamp>2447.470592</timestamp>
			</report>
			<report>
				<misses>7657001</misses>
				<total>21</total>
				<timestamp>2447.790341</timestamp>
			</report>
			<report>
				<misses>7658001</misses>
				<total>21</total>
				<timestamp>2448.109944</timestamp>
			</report>
			<report>
				<misses>7659001</misses>
				<total>21</total>
				<timestamp>2448.429634</timestamp>
			</report>
			<report>
				<misses>7660001</misses>
				<total>21</total>
				<timestamp>2448.749319</timestamp>
			</report>
			<report>
				<misses>7661001</misses>
				<total>21</total>
				<timestamp>2449.069009</timestamp>
			</report>
			<report>
				<misses>7662001</misses>
				<total>21</total>
				<timestamp>2449.388705</timestamp>
			</report>
			<report>
				<misses>7663001</misses>
				<total>20</total>
				<timestamp>2449.708451</timestamp>
			</report>
			<report>
				<misses>7664001</misses>
				<total>20</total>
				<timestamp>2450.028154</timestamp>
			</report>
			<report>
				<misses>7665001</misses>
				<total>21</total>
				<timestamp>2450.347837</timestamp>
			</report>
			<report>
				<misses>7666001</misses>
				<total>21</total>
				<timestamp>2450.667377</timestamp>
			</report>
			<report>
				<misses>7667001</misses>
				<total>21</total>
				<timestamp>2450.987086</timestamp>
			</report>
			<report>
				<misses>7668001</misses>
				<total>21</total>
				<timestamp>2451.306754</timestamp>
			</report>
			<report>
				<misses>7669001</misses>
				<total>21</total>
				<timestamp>2451.626407</timestamp>
			</report>
			<report>
				<misses>7670001</misses>
				<total>21</total>
				<timestamp>2451.946088</timestamp>
			</report>
			<report>
				<misses>7671001</misses>
				<total>21</total>
				<timestamp>2452.265844</timestamp>
			</report>
			<report>
				<misses>7672001</misses>
				<total>21</total>
				<timestamp>2452.585463</timestamp>
			</report>
			<report>
				<misses>7673001</misses>
				<total>21</total>
				<timestamp>2452.905119</timestamp>
			</report>
			<report>
				<misses>7674001</misses>
				<total>20</total>
				<timestamp>2453.224976</timestamp>
			</report>
			<report>
				<misses>7675001</misses>
				<total>21</total>
				<timestamp>2453.544578</timestamp>
			</report>
			<report>
				<misses>7676001</misses>
				<total>21</total>
				<timestamp>2453.864232</timestamp>
			</report>
			<report>
				<misses>7677001</misses>
				<total>21</total>
				<timestamp>2454.183922</timestamp>
			</report>
			<report>
				<misses>7678001</misses>
				<total>21</total>
				<timestamp>2454.503535</timestamp>
			</report>
			<report>
				<misses>7679001</misses>
				<total>21</total>
				<timestamp>2454.823239</timestamp>
			</report>
			<report>
				<misses>7680001</misses>
				<total>21</total>
				<timestamp>2455.143060</timestamp>
			</report>
			<report>
				<misses>7681001</misses>
				<total>21</total>
				<timestamp>2455.462575</timestamp>
			</report>
			<report>
				<misses>7682001</misses>
				<total>21</total>
				<timestamp>2455.782244</timestamp>
			</report>
			<report>
				<misses>7683001</misses>
				<total>21</total>
				<timestamp>2456.101932</timestamp>
			</report>
			<report>
				<misses>7684001</misses>
				<total>21</total>
				<timestamp>2456.421655</timestamp>
			</report>
			<report>
				<misses>7685001</misses>
				<total>21</total>
				<timestamp>2456.741310</timestamp>
			</report>
			<report>
				<misses>7686001</misses>
				<total>21</total>
				<timestamp>2457.061078</timestamp>
			</report>
			<report>
				<misses>7687001</misses>
				<total>21</total>
				<timestamp>2457.380658</timestamp>
			</report>
			<report>
				<misses>7688001</misses>
				<total>21</total>
				<timestamp>2457.700320</timestamp>
			</report>
			<report>
				<misses>7689001</misses>
				<total>21</total>
				<timestamp>2458.020038</timestamp>
			</report>
			<report>
				<misses>7690001</misses>
				<total>21</total>
				<timestamp>2458.339828</timestamp>
			</report>
			<report>
				<misses>7691001</misses>
				<total>20</total>
				<timestamp>2458.659466</timestamp>
			</report>
			<report>
				<misses>7692001</misses>
				<total>20</total>
				<timestamp>2458.979150</timestamp>
			</report>
			<report>
				<misses>7693001</misses>
				<total>21</total>
				<timestamp>2459.298834</timestamp>
			</report>
			<report>
				<misses>7694001</misses>
				<total>21</total>
				<timestamp>2459.618428</timestamp>
			</report>
			<report>
				<misses>7695001</misses>
				<total>21</total>
				<timestamp>2459.938085</timestamp>
			</report>
			<report>
				<misses>7696001</misses>
				<total>21</total>
				<timestamp>2460.257760</timestamp>
			</report>
			<report>
				<misses>7697001</misses>
				<total>21</total>
				<timestamp>2460.577472</timestamp>
			</report>
			<report>
				<misses>7698001</misses>
				<total>20</total>
				<timestamp>2460.897259</timestamp>
			</report>
			<report>
				<misses>7699001</misses>
				<total>21</total>
				<timestamp>2461.216989</timestamp>
			</report>
			<report>
				<misses>7700001</misses>
				<total>21</total>
				<timestamp>2461.536583</timestamp>
			</report>
			<report>
				<misses>7701001</misses>
				<total>21</total>
				<timestamp>2461.856265</timestamp>
			</report>
			<report>
				<misses>7702001</misses>
				<total>21</total>
				<timestamp>2462.175960</timestamp>
			</report>
			<report>
				<misses>7703001</misses>
				<total>21</total>
				<timestamp>2462.495522</timestamp>
			</report>
			<report>
				<misses>7704001</misses>
				<total>21</total>
				<timestamp>2462.815250</timestamp>
			</report>
			<report>
				<misses>7705001</misses>
				<total>21</total>
				<timestamp>2463.134994</timestamp>
			</report>
			<report>
				<misses>7706001</misses>
				<total>21</total>
				<timestamp>2463.454576</timestamp>
			</report>
			<report>
				<misses>7707001</misses>
				<total>21</total>
				<timestamp>2463.774291</timestamp>
			</report>
			<report>
				<misses>7708001</misses>
				<total>21</total>
				<timestamp>2464.093951</timestamp>
			</report>
			<report>
				<misses>7709001</misses>
				<total>21</total>
				<timestamp>2464.413641</timestamp>
			</report>
			<report>
				<misses>7710001</misses>
				<total>21</total>
				<timestamp>2464.733280</timestamp>
			</report>
			<report>
				<misses>7711001</misses>
				<total>21</total>
				<timestamp>2465.052998</timestamp>
			</report>
			<report>
				<misses>7712001</misses>
				<total>21</total>
				<timestamp>2465.372679</timestamp>
			</report>
			<report>
				<misses>7713001</misses>
				<total>20</total>
				<timestamp>2465.692441</timestamp>
			</report>
			<report>
				<misses>7714001</misses>
				<total>21</total>
				<timestamp>2466.012027</timestamp>
			</report>
			<report>
				<misses>7715001</misses>
				<total>21</total>
				<timestamp>2466.331822</timestamp>
			</report>
			<report>
				<misses>7716001</misses>
				<total>21</total>
				<timestamp>2466.651397</timestamp>
			</report>
			<report>
				<misses>7717001</misses>
				<total>20</total>
				<timestamp>2466.971158</timestamp>
			</report>
			<report>
				<misses>7718001</misses>
				<total>20</total>
				<timestamp>2467.290961</timestamp>
			</report>
			<report>
				<misses>7719001</misses>
				<total>21</total>
				<timestamp>2467.610452</timestamp>
			</report>
			<report>
				<misses>7720001</misses>
				<total>21</total>
				<timestamp>2467.930079</timestamp>
			</report>
			<report>
				<misses>7721001</misses>
				<total>21</total>
				<timestamp>2468.249787</timestamp>
			</report>
			<report>
				<misses>7722001</misses>
				<total>21</total>
				<timestamp>2468.569475</timestamp>
			</report>
			<report>
				<misses>7723001</misses>
				<total>21</total>
				<timestamp>2468.889138</timestamp>
			</report>
			<report>
				<misses>7724001</misses>
				<total>21</total>
				<timestamp>2469.208829</timestamp>
			</report>
			<report>
				<misses>7725001</misses>
				<total>21</total>
				<timestamp>2469.528688</timestamp>
			</report>
			<report>
				<misses>7726001</misses>
				<total>21</total>
				<timestamp>2469.848156</timestamp>
			</report>
			<report>
				<misses>7727001</misses>
				<total>20</total>
				<timestamp>2470.168061</timestamp>
			</report>
			<report>
				<misses>7728001</misses>
				<total>20</total>
				<timestamp>2470.487632</timestamp>
			</report>
			<report>
				<misses>7729001</misses>
				<total>21</total>
				<timestamp>2470.807254</timestamp>
			</report>
			<report>
				<misses>7730001</misses>
				<total>21</total>
				<timestamp>2471.126946</timestamp>
			</report>
			<report>
				<misses>7731001</misses>
				<total>21</total>
				<timestamp>2471.446594</timestamp>
			</report>
			<report>
				<misses>7732001</misses>
				<total>21</total>
				<timestamp>2471.766283</timestamp>
			</report>
			<report>
				<misses>7733001</misses>
				<total>21</total>
				<timestamp>2472.085954</timestamp>
			</report>
			<report>
				<misses>7734001</misses>
				<total>21</total>
				<timestamp>2472.405654</timestamp>
			</report>
			<report>
				<misses>7735001</misses>
				<total>21</total>
				<timestamp>2472.725350</timestamp>
			</report>
			<report>
				<misses>7736001</misses>
				<total>21</total>
				<timestamp>2473.044978</timestamp>
			</report>
			<report>
				<misses>7737001</misses>
				<total>21</total>
				<timestamp>2473.364809</timestamp>
			</report>
			<report>
				<misses>7738001</misses>
				<total>21</total>
				<timestamp>2473.684380</timestamp>
			</report>
			<report>
				<misses>7739001</misses>
				<total>21</total>
				<timestamp>2474.004114</timestamp>
			</report>
			<report>
				<misses>7740001</misses>
				<total>21</total>
				<timestamp>2474.323721</timestamp>
			</report>
			<report>
				<misses>7741001</misses>
				<total>21</total>
				<timestamp>2474.643575</timestamp>
			</report>
			<report>
				<misses>7742001</misses>
				<total>21</total>
				<timestamp>2474.963128</timestamp>
			</report>
			<report>
				<misses>7743001</misses>
				<total>20</total>
				<timestamp>2475.282846</timestamp>
			</report>
			<report>
				<misses>7744001</misses>
				<total>21</total>
				<timestamp>2475.602579</timestamp>
			</report>
			<report>
				<misses>7745001</misses>
				<total>21</total>
				<timestamp>2475.922096</timestamp>
			</report>
			<report>
				<misses>7746001</misses>
				<total>21</total>
				<timestamp>2476.241949</timestamp>
			</report>
			<report>
				<misses>7747001</misses>
				<total>21</total>
				<timestamp>2476.561513</timestamp>
			</report>
			<report>
				<misses>7748001</misses>
				<total>21</total>
				<timestamp>2476.881127</timestamp>
			</report>
			<report>
				<misses>7749001</misses>
				<total>21</total>
				<timestamp>2477.200969</timestamp>
			</report>
			<report>
				<misses>7750001</misses>
				<total>21</total>
				<timestamp>2477.520502</timestamp>
			</report>
			<report>
				<misses>7751001</misses>
				<total>21</total>
				<timestamp>2477.840236</timestamp>
			</report>
			<report>
				<misses>7752001</misses>
				<total>21</total>
				<timestamp>2478.159941</timestamp>
			</report>
			<report>
				<misses>7753001</misses>
				<total>20</total>
				<timestamp>2478.479724</timestamp>
			</report>
			<report>
				<misses>7754001</misses>
				<total>21</total>
				<timestamp>2478.799284</timestamp>
			</report>
			<report>
				<misses>7755001</misses>
				<total>21</total>
				<timestamp>2479.118988</timestamp>
			</report>
			<report>
				<misses>7756001</misses>
				<total>21</total>
				<timestamp>2479.438569</timestamp>
			</report>
			<report>
				<misses>7757001</misses>
				<total>21</total>
				<timestamp>2479.758289</timestamp>
			</report>
			<report>
				<misses>7758001</misses>
				<total>21</total>
				<timestamp>2480.077986</timestamp>
			</report>
			<report>
				<misses>7759001</misses>
				<total>21</total>
				<timestamp>2480.397675</timestamp>
			</report>
			<report>
				<misses>7760001</misses>
				<total>21</total>
				<timestamp>2480.717314</timestamp>
			</report>
			<report>
				<misses>7761001</misses>
				<total>21</total>
				<timestamp>2481.037024</timestamp>
			</report>
			<report>
				<misses>7762001</misses>
				<total>20</total>
				<timestamp>2481.356772</timestamp>
			</report>
			<report>
				<misses>7763001</misses>
				<total>21</total>
				<timestamp>2481.676348</timestamp>
			</report>
			<report>
				<misses>7764001</misses>
				<total>21</total>
				<timestamp>2481.996212</timestamp>
			</report>
			<report>
				<misses>7765001</misses>
				<total>21</total>
				<timestamp>2482.315815</timestamp>
			</report>
			<report>
				<misses>7766001</misses>
				<total>20</total>
				<timestamp>2482.635575</timestamp>
			</report>
			<report>
				<misses>7767001</misses>
				<total>21</total>
				<timestamp>2482.955046</timestamp>
			</report>
			<report>
				<misses>7768001</misses>
				<total>21</total>
				<timestamp>2483.274824</timestamp>
			</report>
			<report>
				<misses>7769001</misses>
				<total>21</total>
				<timestamp>2483.594415</timestamp>
			</report>
			<report>
				<misses>7770001</misses>
				<total>21</total>
				<timestamp>2483.914126</timestamp>
			</report>
			<report>
				<misses>7771001</misses>
				<total>21</total>
				<timestamp>2484.233877</timestamp>
			</report>
			<report>
				<misses>7772001</misses>
				<total>21</total>
				<timestamp>2484.553548</timestamp>
			</report>
			<report>
				<misses>7773001</misses>
				<total>21</total>
				<timestamp>2484.873160</timestamp>
			</report>
			<report>
				<misses>7774001</misses>
				<total>21</total>
				<timestamp>2485.192827</timestamp>
			</report>
			<report>
				<misses>7775001</misses>
				<total>21</total>
				<timestamp>2485.512553</timestamp>
			</report>
			<report>
				<misses>7776001</misses>
				<total>21</total>
				<timestamp>2485.832219</timestamp>
			</report>
			<report>
				<misses>7777001</misses>
				<total>21</total>
				<timestamp>2486.151891</timestamp>
			</report>
			<report>
				<misses>7778001</misses>
				<total>21</total>
				<timestamp>2486.471600</timestamp>
			</report>
			<report>
				<misses>7779001</misses>
				<total>20</total>
				<timestamp>2486.791317</timestamp>
			</report>
			<report>
				<misses>7780001</misses>
				<total>21</total>
				<timestamp>2487.111073</timestamp>
			</report>
			<report>
				<misses>7781001</misses>
				<total>21</total>
				<timestamp>2487.430705</timestamp>
			</report>
			<report>
				<misses>7782001</misses>
				<total>21</total>
				<timestamp>2487.750274</timestamp>
			</report>
			<report>
				<misses>7783001</misses>
				<total>21</total>
				<timestamp>2488.069963</timestamp>
			</report>
			<report>
				<misses>7784001</misses>
				<total>21</total>
				<timestamp>2488.389705</timestamp>
			</report>
			<report>
				<misses>7785001</misses>
				<total>21</total>
				<timestamp>2488.709274</timestamp>
			</report>
			<report>
				<misses>7786001</misses>
				<total>21</total>
				<timestamp>2489.028975</timestamp>
			</report>
			<report>
				<misses>7787001</misses>
				<total>21</total>
				<timestamp>2489.348716</timestamp>
			</report>
			<report>
				<misses>7788001</misses>
				<total>21</total>
				<timestamp>2489.668318</timestamp>
			</report>
			<report>
				<misses>7789001</misses>
				<total>20</total>
				<timestamp>2489.988212</timestamp>
			</report>
			<report>
				<misses>7790001</misses>
				<total>21</total>
				<timestamp>2490.307794</timestamp>
			</report>
			<report>
				<misses>7791001</misses>
				<total>21</total>
				<timestamp>2490.627405</timestamp>
			</report>
			<report>
				<misses>7792001</misses>
				<total>21</total>
				<timestamp>2490.947078</timestamp>
			</report>
			<report>
				<misses>7793001</misses>
				<total>21</total>
				<timestamp>2491.266746</timestamp>
			</report>
			<report>
				<misses>7794001</misses>
				<total>21</total>
				<timestamp>2491.586411</timestamp>
			</report>
			<report>
				<misses>7795001</misses>
				<total>21</total>
				<timestamp>2491.906080</timestamp>
			</report>
			<report>
				<misses>7796001</misses>
				<total>21</total>
				<timestamp>2492.225927</timestamp>
			</report>
			<report>
				<misses>7797001</misses>
				<total>21</total>
				<timestamp>2492.545463</timestamp>
			</report>
			<report>
				<misses>7798001</misses>
				<total>20</total>
				<timestamp>2492.865230</timestamp>
			</report>
			<report>
				<misses>7799001</misses>
				<total>21</total>
				<timestamp>2493.184966</timestamp>
			</report>
			<report>
				<misses>7800001</misses>
				<total>21</total>
				<timestamp>2493.504619</timestamp>
			</report>
			<report>
				<misses>7801001</misses>
				<total>21</total>
				<timestamp>2493.824186</timestamp>
			</report>
			<report>
				<misses>7802001</misses>
				<total>21</total>
				<timestamp>2494.143882</timestamp>
			</report>
			<report>
				<misses>7803001</misses>
				<total>20</total>
				<timestamp>2494.463631</timestamp>
			</report>
			<report>
				<misses>7804001</misses>
				<total>21</total>
				<timestamp>2494.783287</timestamp>
			</report>
			<report>
				<misses>7805001</misses>
				<total>21</total>
				<timestamp>2495.102990</timestamp>
			</report>
			<report>
				<misses>7806001</misses>
				<total>21</total>
				<timestamp>2495.422565</timestamp>
			</report>
			<report>
				<misses>7807001</misses>
				<total>21</total>
				<timestamp>2495.742268</timestamp>
			</report>
			<report>
				<misses>7808001</misses>
				<total>21</total>
				<timestamp>2496.062048</timestamp>
			</report>
			<report>
				<misses>7809001</misses>
				<total>21</total>
				<timestamp>2496.381852</timestamp>
			</report>
			<report>
				<misses>7810001</misses>
				<total>21</total>
				<timestamp>2496.701451</timestamp>
			</report>
			<report>
				<misses>7811001</misses>
				<total>21</total>
				<timestamp>2497.021032</timestamp>
			</report>
			<report>
				<misses>7812001</misses>
				<total>21</total>
				<timestamp>2497.340741</timestamp>
			</report>
			<report>
				<misses>7813001</misses>
				<total>21</total>
				<timestamp>2497.660455</timestamp>
			</report>
			<report>
				<misses>7814001</misses>
				<total>21</total>
				<timestamp>2497.980006</timestamp>
			</report>
			<report>
				<misses>7815001</misses>
				<total>20</total>
				<timestamp>2498.299808</timestamp>
			</report>
			<report>
				<misses>7816001</misses>
				<total>21</total>
				<timestamp>2498.619449</timestamp>
			</report>
			<report>
				<misses>7817001</misses>
				<total>21</total>
				<timestamp>2498.939060</timestamp>
			</report>
			<report>
				<misses>7818001</misses>
				<total>21</total>
				<timestamp>2499.258806</timestamp>
			</report>
			<report>
				<misses>7819001</misses>
				<total>21</total>
				<timestamp>2499.578427</timestamp>
			</report>
			<report>
				<misses>7820001</misses>
				<total>21</total>
				<timestamp>2499.898184</timestamp>
			</report>
			<report>
				<misses>7821001</misses>
				<total>21</total>
				<timestamp>2500.217820</timestamp>
			</report>
			<report>
				<misses>7822001</misses>
				<total>21</total>
				<timestamp>2500.537441</timestamp>
			</report>
			<report>
				<misses>7823001</misses>
				<total>21</total>
				<timestamp>2500.857153</timestamp>
			</report>
			<report>
				<misses>7824001</misses>
				<total>21</total>
				<timestamp>2501.176883</timestamp>
			</report>
			<report>
				<misses>7825001</misses>
				<total>20</total>
				<timestamp>2501.496588</timestamp>
			</report>
			<report>
				<misses>7826001</misses>
				<total>21</total>
				<timestamp>2501.816198</timestamp>
			</report>
			<report>
				<misses>7827001</misses>
				<total>21</total>
				<timestamp>2502.135880</timestamp>
			</report>
			<report>
				<misses>7828001</misses>
				<total>21</total>
				<timestamp>2502.455579</timestamp>
			</report>
			<report>
				<misses>7829001</misses>
				<total>21</total>
				<timestamp>2502.775259</timestamp>
			</report>
			<report>
				<misses>7830001</misses>
				<total>20</total>
				<timestamp>2503.094985</timestamp>
			</report>
			<report>
				<misses>7831001</misses>
				<total>21</total>
				<timestamp>2503.414590</timestamp>
			</report>
			<report>
				<misses>7832001</misses>
				<total>21</total>
				<timestamp>2503.734338</timestamp>
			</report>
			<report>
				<misses>7833001</misses>
				<total>21</total>
				<timestamp>2504.053954</timestamp>
			</report>
			<report>
				<misses>7834001</misses>
				<total>21</total>
				<timestamp>2504.373627</timestamp>
			</report>
			<report>
				<misses>7835001</misses>
				<total>21</total>
				<timestamp>2504.693305</timestamp>
			</report>
			<report>
				<misses>7836001</misses>
				<total>21</total>
				<timestamp>2505.013075</timestamp>
			</report>
			<report>
				<misses>7837001</misses>
				<total>21</total>
				<timestamp>2505.332819</timestamp>
			</report>
			<report>
				<misses>7838001</misses>
				<total>20</total>
				<timestamp>2505.652422</timestamp>
			</report>
			<report>
				<misses>7839001</misses>
				<total>21</total>
				<timestamp>2505.972028</timestamp>
			</report>
			<report>
				<misses>7840001</misses>
				<total>21</total>
				<timestamp>2506.291749</timestamp>
			</report>
			<report>
				<misses>7841001</misses>
				<total>21</total>
				<timestamp>2506.611364</timestamp>
			</report>
			<report>
				<misses>7842001</misses>
				<total>21</total>
				<timestamp>2506.931064</timestamp>
			</report>
			<report>
				<misses>7843001</misses>
				<total>21</total>
				<timestamp>2507.250760</timestamp>
			</report>
			<report>
				<misses>7844001</misses>
				<total>21</total>
				<timestamp>2507.570592</timestamp>
			</report>
			<report>
				<misses>7845001</misses>
				<total>21</total>
				<timestamp>2507.890085</timestamp>
			</report>
			<report>
				<misses>7846001</misses>
				<total>20</total>
				<timestamp>2508.209882</timestamp>
			</report>
			<report>
				<misses>7847001</misses>
				<total>21</total>
				<timestamp>2508.529562</timestamp>
			</report>
			<report>
				<misses>7848001</misses>
				<total>21</total>
				<timestamp>2508.849183</timestamp>
			</report>
			<report>
				<misses>7849001</misses>
				<total>21</total>
				<timestamp>2509.168944</timestamp>
			</report>
			<report>
				<misses>7850001</misses>
				<total>21</total>
				<timestamp>2509.488489</timestamp>
			</report>
			<report>
				<misses>7851001</misses>
				<total>20</total>
				<timestamp>2509.808261</timestamp>
			</report>
			<report>
				<misses>7852001</misses>
				<total>21</total>
				<timestamp>2510.127890</timestamp>
			</report>
			<report>
				<misses>7853001</misses>
				<total>21</total>
				<timestamp>2510.447564</timestamp>
			</report>
			<report>
				<misses>7854001</misses>
				<total>21</total>
				<timestamp>2510.767219</timestamp>
			</report>
			<report>
				<misses>7855001</misses>
				<total>21</total>
				<timestamp>2511.086933</timestamp>
			</report>
			<report>
				<misses>7856001</misses>
				<total>21</total>
				<timestamp>2511.406657</timestamp>
			</report>
			<report>
				<misses>7857001</misses>
				<total>21</total>
				<timestamp>2511.726234</timestamp>
			</report>
			<report>
				<misses>7858001</misses>
				<total>21</total>
				<timestamp>2512.045968</timestamp>
			</report>
			<report>
				<misses>7859001</misses>
				<total>21</total>
				<timestamp>2512.365750</timestamp>
			</report>
			<report>
				<misses>7860001</misses>
				<total>21</total>
				<timestamp>2512.685283</timestamp>
			</report>
			<report>
				<misses>7861001</misses>
				<total>21</total>
				<timestamp>2513.004990</timestamp>
			</report>
			<report>
				<misses>7862001</misses>
				<total>21</total>
				<timestamp>2513.324718</timestamp>
			</report>
			<report>
				<misses>7863001</misses>
				<total>21</total>
				<timestamp>2513.644327</timestamp>
			</report>
			<report>
				<misses>7864001</misses>
				<total>21</total>
				<timestamp>2513.964050</timestamp>
			</report>
			<report>
				<misses>7865001</misses>
				<total>21</total>
				<timestamp>2514.283833</timestamp>
			</report>
			<report>
				<misses>7866001</misses>
				<total>21</total>
				<timestamp>2514.603396</timestamp>
			</report>
			<report>
				<misses>7867001</misses>
				<total>21</total>
				<timestamp>2514.923073</timestamp>
			</report>
			<report>
				<misses>7868001</misses>
				<total>21</total>
				<timestamp>2515.242784</timestamp>
			</report>
			<report>
				<misses>7869001</misses>
				<total>21</total>
				<timestamp>2515.562402</timestamp>
			</report>
			<report>
				<misses>7870001</misses>
				<total>21</total>
				<timestamp>2515.882097</timestamp>
			</report>
			<report>
				<misses>7871001</misses>
				<total>21</total>
				<timestamp>2516.201855</timestamp>
			</report>
			<report>
				<misses>7872001</misses>
				<total>21</total>
				<timestamp>2516.521439</timestamp>
			</report>
			<report>
				<misses>7873001</misses>
				<total>21</total>
				<timestamp>2516.841246</timestamp>
			</report>
			<report>
				<misses>7874001</misses>
				<total>21</total>
				<timestamp>2517.160824</timestamp>
			</report>
			<report>
				<misses>7875001</misses>
				<total>21</total>
				<timestamp>2517.480496</timestamp>
			</report>
			<report>
				<misses>7876001</misses>
				<total>21</total>
				<timestamp>2517.800180</timestamp>
			</report>
			<report>
				<misses>7877001</misses>
				<total>21</total>
				<timestamp>2518.119862</timestamp>
			</report>
			<report>
				<misses>7878001</misses>
				<total>21</total>
				<timestamp>2518.439524</timestamp>
			</report>
			<report>
				<misses>7879001</misses>
				<total>21</total>
				<timestamp>2518.759258</timestamp>
			</report>
			<report>
				<misses>7880001</misses>
				<total>21</total>
				<timestamp>2519.078909</timestamp>
			</report>
			<report>
				<misses>7881001</misses>
				<total>20</total>
				<timestamp>2519.398748</timestamp>
			</report>
			<report>
				<misses>7882001</misses>
				<total>21</total>
				<timestamp>2519.718298</timestamp>
			</report>
			<report>
				<misses>7883001</misses>
				<total>21</total>
				<timestamp>2520.037937</timestamp>
			</report>
			<report>
				<misses>7884001</misses>
				<total>21</total>
				<timestamp>2520.357661</timestamp>
			</report>
			<report>
				<misses>7885001</misses>
				<total>21</total>
				<timestamp>2520.677333</timestamp>
			</report>
			<report>
				<misses>7886001</misses>
				<total>21</total>
				<timestamp>2520.997037</timestamp>
			</report>
			<report>
				<misses>7887001</misses>
				<total>21</total>
				<timestamp>2521.316693</timestamp>
			</report>
			<report>
				<misses>7888001</misses>
				<total>21</total>
				<timestamp>2521.636365</timestamp>
			</report>
			<report>
				<misses>7889001</misses>
				<total>21</total>
				<timestamp>2521.956044</timestamp>
			</report>
			<report>
				<misses>7890001</misses>
				<total>21</total>
				<timestamp>2522.275822</timestamp>
			</report>
			<report>
				<misses>7891001</misses>
				<total>21</total>
				<timestamp>2522.595378</timestamp>
			</report>
			<report>
				<misses>7892001</misses>
				<total>20</total>
				<timestamp>2522.915163</timestamp>
			</report>
			<report>
				<misses>7893001</misses>
				<total>21</total>
				<timestamp>2523.234785</timestamp>
			</report>
			<report>
				<misses>7894001</misses>
				<total>21</total>
				<timestamp>2523.554457</timestamp>
			</report>
			<report>
				<misses>7895001</misses>
				<total>21</total>
				<timestamp>2523.874109</timestamp>
			</report>
			<report>
				<misses>7896001</misses>
				<total>21</total>
				<timestamp>2524.193780</timestamp>
			</report>
			<report>
				<misses>7897001</misses>
				<total>21</total>
				<timestamp>2524.513543</timestamp>
			</report>
			<report>
				<misses>7898001</misses>
				<total>21</total>
				<timestamp>2524.833149</timestamp>
			</report>
			<report>
				<misses>7899001</misses>
				<total>20</total>
				<timestamp>2525.153024</timestamp>
			</report>
			<report>
				<misses>7900001</misses>
				<total>21</total>
				<timestamp>2525.472501</timestamp>
			</report>
			<report>
				<misses>7901001</misses>
				<total>21</total>
				<timestamp>2525.792180</timestamp>
			</report>
			<report>
				<misses>7902001</misses>
				<total>21</total>
				<timestamp>2526.111876</timestamp>
			</report>
			<report>
				<misses>7903001</misses>
				<total>21</total>
				<timestamp>2526.431627</timestamp>
			</report>
			<report>
				<misses>7904001</misses>
				<total>21</total>
				<timestamp>2526.751197</timestamp>
			</report>
			<report>
				<misses>7905001</misses>
				<total>21</total>
				<timestamp>2527.070911</timestamp>
			</report>
			<report>
				<misses>7906001</misses>
				<total>20</total>
				<timestamp>2527.390677</timestamp>
			</report>
			<report>
				<misses>7907001</misses>
				<total>20</total>
				<timestamp>2527.710343</timestamp>
			</report>
			<report>
				<misses>7908001</misses>
				<total>21</total>
				<timestamp>2528.029939</timestamp>
			</report>
			<report>
				<misses>7909001</misses>
				<total>21</total>
				<timestamp>2528.349619</timestamp>
			</report>
			<report>
				<misses>7910001</misses>
				<total>21</total>
				<timestamp>2528.669342</timestamp>
			</report>
			<report>
				<misses>7911001</misses>
				<total>21</total>
				<timestamp>2528.988955</timestamp>
			</report>
			<report>
				<misses>7912001</misses>
				<total>21</total>
				<timestamp>2529.308829</timestamp>
			</report>
			<report>
				<misses>7913001</misses>
				<total>21</total>
				<timestamp>2529.628318</timestamp>
			</report>
			<report>
				<misses>7914001</misses>
				<total>21</total>
				<timestamp>2529.947995</timestamp>
			</report>
			<report>
				<misses>7915001</misses>
				<total>21</total>
				<timestamp>2530.267747</timestamp>
			</report>
			<report>
				<misses>7916001</misses>
				<total>21</total>
				<timestamp>2530.587361</timestamp>
			</report>
			<report>
				<misses>7917001</misses>
				<total>21</total>
				<timestamp>2530.907068</timestamp>
			</report>
			<report>
				<misses>7918001</misses>
				<total>21</total>
				<timestamp>2531.226820</timestamp>
			</report>
			<report>
				<misses>7919001</misses>
				<total>21</total>
				<timestamp>2531.546421</timestamp>
			</report>
			<report>
				<misses>7920001</misses>
				<total>21</total>
				<timestamp>2531.866077</timestamp>
			</report>
			<report>
				<misses>7921001</misses>
				<total>20</total>
				<timestamp>2532.185942</timestamp>
			</report>
			<report>
				<misses>7922001</misses>
				<total>21</total>
				<timestamp>2532.505574</timestamp>
			</report>
			<report>
				<misses>7923001</misses>
				<total>21</total>
				<timestamp>2532.825153</timestamp>
			</report>
			<report>
				<misses>7924001</misses>
				<total>21</total>
				<timestamp>2533.144804</timestamp>
			</report>
			<report>
				<misses>7925001</misses>
				<total>21</total>
				<timestamp>2533.464585</timestamp>
			</report>
			<report>
				<misses>7926001</misses>
				<total>21</total>
				<timestamp>2533.784194</timestamp>
			</report>
			<report>
				<misses>7927001</misses>
				<total>21</total>
				<timestamp>2534.103838</timestamp>
			</report>
			<report>
				<misses>7928001</misses>
				<total>21</total>
				<timestamp>2534.423707</timestamp>
			</report>
			<report>
				<misses>7929001</misses>
				<total>21</total>
				<timestamp>2534.743192</timestamp>
			</report>
			<report>
				<misses>7930001</misses>
				<total>21</total>
				<timestamp>2535.062966</timestamp>
			</report>
			<report>
				<misses>7931001</misses>
				<total>21</total>
				<timestamp>2535.382606</timestamp>
			</report>
			<report>
				<misses>7932001</misses>
				<total>21</total>
				<timestamp>2535.702346</timestamp>
			</report>
			<report>
				<misses>7933001</misses>
				<total>21</total>
				<timestamp>2536.021948</timestamp>
			</report>
			<report>
				<misses>7934001</misses>
				<total>21</total>
				<timestamp>2536.341655</timestamp>
			</report>
			<report>
				<misses>7935001</misses>
				<total>21</total>
				<timestamp>2536.661336</timestamp>
			</report>
			<report>
				<misses>7936001</misses>
				<total>21</total>
				<timestamp>2536.980988</timestamp>
			</report>
			<report>
				<misses>7937001</misses>
				<total>21</total>
				<timestamp>2537.300813</timestamp>
			</report>
			<report>
				<misses>7938001</misses>
				<total>21</total>
				<timestamp>2537.620319</timestamp>
			</report>
			<report>
				<misses>7939001</misses>
				<total>21</total>
				<timestamp>2537.940115</timestamp>
			</report>
			<report>
				<misses>7940001</misses>
				<total>21</total>
				<timestamp>2538.259760</timestamp>
			</report>
			<report>
				<misses>7941001</misses>
				<total>21</total>
				<timestamp>2538.579354</timestamp>
			</report>
			<report>
				<misses>7942001</misses>
				<total>21</total>
				<timestamp>2538.899156</timestamp>
			</report>
			<report>
				<misses>7943001</misses>
				<total>21</total>
				<timestamp>2539.218825</timestamp>
			</report>
			<report>
				<misses>7944001</misses>
				<total>21</total>
				<timestamp>2539.538585</timestamp>
			</report>
			<report>
				<misses>7945001</misses>
				<total>21</total>
				<timestamp>2539.858095</timestamp>
			</report>
			<report>
				<misses>7946001</misses>
				<total>21</total>
				<timestamp>2540.177789</timestamp>
			</report>
			<report>
				<misses>7947001</misses>
				<total>21</total>
				<timestamp>2540.497577</timestamp>
			</report>
			<report>
				<misses>7948001</misses>
				<total>21</total>
				<timestamp>2540.817153</timestamp>
			</report>
			<report>
				<misses>7949001</misses>
				<total>21</total>
				<timestamp>2541.136864</timestamp>
			</report>
			<report>
				<misses>7950001</misses>
				<total>21</total>
				<timestamp>2541.456588</timestamp>
			</report>
			<report>
				<misses>7951001</misses>
				<total>21</total>
				<timestamp>2541.776189</timestamp>
			</report>
			<report>
				<misses>7952001</misses>
				<total>20</total>
				<timestamp>2542.095954</timestamp>
			</report>
			<report>
				<misses>7953001</misses>
				<total>21</total>
				<timestamp>2542.415558</timestamp>
			</report>
			<report>
				<misses>7954001</misses>
				<total>21</total>
				<timestamp>2542.735221</timestamp>
			</report>
			<report>
				<misses>7955001</misses>
				<total>21</total>
				<timestamp>2543.054915</timestamp>
			</report>
			<report>
				<misses>7956001</misses>
				<total>21</total>
				<timestamp>2543.374715</timestamp>
			</report>
			<report>
				<misses>7957001</misses>
				<total>21</total>
				<timestamp>2543.694262</timestamp>
			</report>
			<report>
				<misses>7958001</misses>
				<total>21</total>
				<timestamp>2544.013960</timestamp>
			</report>
			<report>
				<misses>7959001</misses>
				<total>21</total>
				<timestamp>2544.333658</timestamp>
			</report>
			<report>
				<misses>7960001</misses>
				<total>21</total>
				<timestamp>2544.653285</timestamp>
			</report>
			<report>
				<misses>7961001</misses>
				<total>21</total>
				<timestamp>2544.973098</timestamp>
			</report>
			<report>
				<misses>7962001</misses>
				<total>21</total>
				<timestamp>2545.292831</timestamp>
			</report>
			<report>
				<misses>7963001</misses>
				<total>21</total>
				<timestamp>2545.612334</timestamp>
			</report>
			<report>
				<misses>7964001</misses>
				<total>21</total>
				<timestamp>2545.932079</timestamp>
			</report>
			<report>
				<misses>7965001</misses>
				<total>21</total>
				<timestamp>2546.251788</timestamp>
			</report>
			<report>
				<misses>7966001</misses>
				<total>21</total>
				<timestamp>2546.571393</timestamp>
			</report>
			<report>
				<misses>7967001</misses>
				<total>21</total>
				<timestamp>2546.891118</timestamp>
			</report>
			<report>
				<misses>7968001</misses>
				<total>21</total>
				<timestamp>2547.210830</timestamp>
			</report>
			<report>
				<misses>7969001</misses>
				<total>21</total>
				<timestamp>2547.530566</timestamp>
			</report>
			<report>
				<misses>7970001</misses>
				<total>21</total>
				<timestamp>2547.850092</timestamp>
			</report>
			<report>
				<misses>7971001</misses>
				<total>21</total>
				<timestamp>2548.169870</timestamp>
			</report>
			<report>
				<misses>7972001</misses>
				<total>21</total>
				<timestamp>2548.489560</timestamp>
			</report>
			<report>
				<misses>7973001</misses>
				<total>21</total>
				<timestamp>2548.809145</timestamp>
			</report>
			<report>
				<misses>7974001</misses>
				<total>21</total>
				<timestamp>2549.128821</timestamp>
			</report>
			<report>
				<misses>7975001</misses>
				<total>21</total>
				<timestamp>2549.448483</timestamp>
			</report>
			<report>
				<misses>7976001</misses>
				<total>21</total>
				<timestamp>2549.768193</timestamp>
			</report>
			<report>
				<misses>7977001</misses>
				<total>21</total>
				<timestamp>2550.087952</timestamp>
			</report>
			<report>
				<misses>7978001</misses>
				<total>21</total>
				<timestamp>2550.407605</timestamp>
			</report>
			<report>
				<misses>7979001</misses>
				<total>21</total>
				<timestamp>2550.727265</timestamp>
			</report>
			<report>
				<misses>7980001</misses>
				<total>21</total>
				<timestamp>2551.046933</timestamp>
			</report>
			<report>
				<misses>7981001</misses>
				<total>21</total>
				<timestamp>2551.366597</timestamp>
			</report>
			<report>
				<misses>7982001</misses>
				<total>21</total>
				<timestamp>2551.686250</timestamp>
			</report>
			<report>
				<misses>7983001</misses>
				<total>21</total>
				<timestamp>2552.005952</timestamp>
			</report>
			<report>
				<misses>7984001</misses>
				<total>21</total>
				<timestamp>2552.325713</timestamp>
			</report>
			<report>
				<misses>7985001</misses>
				<total>21</total>
				<timestamp>2552.645332</timestamp>
			</report>
			<report>
				<misses>7986001</misses>
				<total>21</total>
				<timestamp>2552.965081</timestamp>
			</report>
			<report>
				<misses>7987001</misses>
				<total>21</total>
				<timestamp>2553.284656</timestamp>
			</report>
			<report>
				<misses>7988001</misses>
				<total>21</total>
				<timestamp>2553.604359</timestamp>
			</report>
			<report>
				<misses>7989001</misses>
				<total>21</total>
				<timestamp>2553.924012</timestamp>
			</report>
			<report>
				<misses>7990001</misses>
				<total>21</total>
				<timestamp>2554.243687</timestamp>
			</report>
			<report>
				<misses>7991001</misses>
				<total>20</total>
				<timestamp>2554.563508</timestamp>
			</report>
			<report>
				<misses>7992001</misses>
				<total>21</total>
				<timestamp>2554.883110</timestamp>
			</report>
			<report>
				<misses>7993001</misses>
				<total>21</total>
				<timestamp>2555.202782</timestamp>
			</report>
			<report>
				<misses>7994001</misses>
				<total>21</total>
				<timestamp>2555.522485</timestamp>
			</report>
			<report>
				<misses>7995001</misses>
				<total>21</total>
				<timestamp>2555.842133</timestamp>
			</report>
			<report>
				<misses>7996001</misses>
				<total>21</total>
				<timestamp>2556.161820</timestamp>
			</report>
			<report>
				<misses>7997001</misses>
				<total>21</total>
				<timestamp>2556.481575</timestamp>
			</report>
			<report>
				<misses>7998001</misses>
				<total>21</total>
				<timestamp>2556.801146</timestamp>
			</report>
			<report>
				<misses>7999001</misses>
				<total>21</total>
				<timestamp>2557.120835</timestamp>
			</report>
			<report>
				<misses>8000001</misses>
				<total>21</total>
				<timestamp>2557.440520</timestamp>
			</report>
			<report>
				<misses>8001001</misses>
				<total>21</total>
				<timestamp>2557.760169</timestamp>
			</report>
			<report>
				<misses>8002001</misses>
				<total>20</total>
				<timestamp>2558.080059</timestamp>
			</report>
			<report>
				<misses>8003001</misses>
				<total>21</total>
				<timestamp>2558.399581</timestamp>
			</report>
			<report>
				<misses>8004001</misses>
				<total>21</total>
				<timestamp>2558.719219</timestamp>
			</report>
			<report>
				<misses>8005001</misses>
				<total>21</total>
				<timestamp>2559.038884</timestamp>
			</report>
			<report>
				<misses>8006001</misses>
				<total>21</total>
				<timestamp>2559.358646</timestamp>
			</report>
			<report>
				<misses>8007001</misses>
				<total>21</total>
				<timestamp>2559.678254</timestamp>
			</report>
			<report>
				<misses>8008001</misses>
				<total>21</total>
				<timestamp>2559.997936</timestamp>
			</report>
			<report>
				<misses>8009001</misses>
				<total>21</total>
				<timestamp>2560.317697</timestamp>
			</report>
			<report>
				<misses>8010001</misses>
				<total>21</total>
				<timestamp>2560.637406</timestamp>
			</report>
			<report>
				<misses>8011001</misses>
				<total>21</total>
				<timestamp>2560.956984</timestamp>
			</report>
			<report>
				<misses>8012001</misses>
				<total>21</total>
				<timestamp>2561.276775</timestamp>
			</report>
			<report>
				<misses>8013001</misses>
				<total>21</total>
				<timestamp>2561.596420</timestamp>
			</report>
			<report>
				<misses>8014001</misses>
				<total>20</total>
				<timestamp>2561.916112</timestamp>
			</report>
			<report>
				<misses>8015001</misses>
				<total>20</total>
				<timestamp>2562.235786</timestamp>
			</report>
			<report>
				<misses>8016001</misses>
				<total>21</total>
				<timestamp>2562.555389</timestamp>
			</report>
			<report>
				<misses>8017001</misses>
				<total>21</total>
				<timestamp>2562.875113</timestamp>
			</report>
			<report>
				<misses>8018001</misses>
				<total>21</total>
				<timestamp>2563.194912</timestamp>
			</report>
			<report>
				<misses>8019001</misses>
				<total>21</total>
				<timestamp>2563.514576</timestamp>
			</report>
			<report>
				<misses>8020001</misses>
				<total>21</total>
				<timestamp>2563.834136</timestamp>
			</report>
			<report>
				<misses>8021001</misses>
				<total>21</total>
				<timestamp>2564.153775</timestamp>
			</report>
			<report>
				<misses>8022001</misses>
				<total>21</total>
				<timestamp>2564.473483</timestamp>
			</report>
			<report>
				<misses>8023001</misses>
				<total>21</total>
				<timestamp>2564.793222</timestamp>
			</report>
			<report>
				<misses>8024001</misses>
				<total>21</total>
				<timestamp>2565.112831</timestamp>
			</report>
			<report>
				<misses>8025001</misses>
				<total>21</total>
				<timestamp>2565.432515</timestamp>
			</report>
			<report>
				<misses>8026001</misses>
				<total>21</total>
				<timestamp>2565.752193</timestamp>
			</report>
			<report>
				<misses>8027001</misses>
				<total>21</total>
				<timestamp>2566.071951</timestamp>
			</report>
			<report>
				<misses>8028001</misses>
				<total>21</total>
				<timestamp>2566.391566</timestamp>
			</report>
			<report>
				<misses>8029001</misses>
				<total>20</total>
				<timestamp>2566.711374</timestamp>
			</report>
			<report>
				<misses>8030001</misses>
				<total>21</total>
				<timestamp>2567.031022</timestamp>
			</report>
			<report>
				<misses>8031001</misses>
				<total>21</total>
				<timestamp>2567.350619</timestamp>
			</report>
			<report>
				<misses>8032001</misses>
				<total>21</total>
				<timestamp>2567.670251</timestamp>
			</report>
			<report>
				<misses>8033001</misses>
				<total>21</total>
				<timestamp>2567.989936</timestamp>
			</report>
			<report>
				<misses>8034001</misses>
				<total>21</total>
				<timestamp>2568.309659</timestamp>
			</report>
			<report>
				<misses>8035001</misses>
				<total>21</total>
				<timestamp>2568.629315</timestamp>
			</report>
			<report>
				<misses>8036001</misses>
				<total>21</total>
				<timestamp>2568.949017</timestamp>
			</report>
			<report>
				<misses>8037001</misses>
				<total>20</total>
				<timestamp>2569.268817</timestamp>
			</report>
			<report>
				<misses>8038001</misses>
				<total>21</total>
				<timestamp>2569.588357</timestamp>
			</report>
			<report>
				<misses>8039001</misses>
				<total>21</total>
				<timestamp>2569.908021</timestamp>
			</report>
			<report>
				<misses>8040001</misses>
				<total>21</total>
				<timestamp>2570.227706</timestamp>
			</report>
			<report>
				<misses>8041001</misses>
				<total>21</total>
				<timestamp>2570.547384</timestamp>
			</report>
			<report>
				<misses>8042001</misses>
				<total>21</total>
				<timestamp>2570.867039</timestamp>
			</report>
			<report>
				<misses>8043001</misses>
				<total>21</total>
				<timestamp>2571.186815</timestamp>
			</report>
			<report>
				<misses>8044001</misses>
				<total>21</total>
				<timestamp>2571.506560</timestamp>
			</report>
			<report>
				<misses>8045001</misses>
				<total>20</total>
				<timestamp>2571.826236</timestamp>
			</report>
			<report>
				<misses>8046001</misses>
				<total>21</total>
				<timestamp>2572.145788</timestamp>
			</report>
			<report>
				<misses>8047001</misses>
				<total>21</total>
				<timestamp>2572.465471</timestamp>
			</report>
			<report>
				<misses>8048001</misses>
				<total>21</total>
				<timestamp>2572.785164</timestamp>
			</report>
			<report>
				<misses>8049001</misses>
				<total>21</total>
				<timestamp>2573.104825</timestamp>
			</report>
			<report>
				<misses>8050001</misses>
				<total>21</total>
				<timestamp>2573.424548</timestamp>
			</report>
			<report>
				<misses>8051001</misses>
				<total>21</total>
				<timestamp>2573.744173</timestamp>
			</report>
			<report>
				<misses>8052001</misses>
				<total>21</total>
				<timestamp>2574.063954</timestamp>
			</report>
			<report>
				<misses>8053001</misses>
				<total>21</total>
				<timestamp>2574.383560</timestamp>
			</report>
			<report>
				<misses>8054001</misses>
				<total>21</total>
				<timestamp>2574.703241</timestamp>
			</report>
			<report>
				<misses>8055001</misses>
				<total>21</total>
				<timestamp>2575.022940</timestamp>
			</report>
			<report>
				<misses>8056001</misses>
				<total>21</total>
				<timestamp>2575.342704</timestamp>
			</report>
			<report>
				<misses>8057001</misses>
				<total>21</total>
				<timestamp>2575.662304</timestamp>
			</report>
			<report>
				<misses>8058001</misses>
				<total>21</total>
				<timestamp>2575.981987</timestamp>
			</report>
			<report>
				<misses>8059001</misses>
				<total>21</total>
				<timestamp>2576.301695</timestamp>
			</report>
			<report>
				<misses>8060001</misses>
				<total>20</total>
				<timestamp>2576.621442</timestamp>
			</report>
			<report>
				<misses>8061001</misses>
				<total>21</total>
				<timestamp>2576.940963</timestamp>
			</report>
			<report>
				<misses>8062001</misses>
				<total>21</total>
				<timestamp>2577.260696</timestamp>
			</report>
			<report>
				<misses>8063001</misses>
				<total>21</total>
				<timestamp>2577.580381</timestamp>
			</report>
			<report>
				<misses>8064001</misses>
				<total>21</total>
				<timestamp>2577.900083</timestamp>
			</report>
			<report>
				<misses>8065001</misses>
				<total>21</total>
				<timestamp>2578.219720</timestamp>
			</report>
			<report>
				<misses>8066001</misses>
				<total>21</total>
				<timestamp>2578.539433</timestamp>
			</report>
			<report>
				<misses>8067001</misses>
				<total>20</total>
				<timestamp>2578.859154</timestamp>
			</report>
			<report>
				<misses>8068001</misses>
				<total>21</total>
				<timestamp>2579.178857</timestamp>
			</report>
			<report>
				<misses>8069001</misses>
				<total>21</total>
				<timestamp>2579.498464</timestamp>
			</report>
			<report>
				<misses>8070001</misses>
				<total>21</total>
				<timestamp>2579.818153</timestamp>
			</report>
			<report>
				<misses>8071001</misses>
				<total>20</total>
				<timestamp>2580.137875</timestamp>
			</report>
			<report>
				<misses>8072001</misses>
				<total>21</total>
				<timestamp>2580.457575</timestamp>
			</report>
			<report>
				<misses>8073001</misses>
				<total>21</total>
				<timestamp>2580.777121</timestamp>
			</report>
			<report>
				<misses>8074001</misses>
				<total>21</total>
				<timestamp>2581.096880</timestamp>
			</report>
			<report>
				<misses>8075001</misses>
				<total>21</total>
				<timestamp>2581.416484</timestamp>
			</report>
			<report>
				<misses>8076001</misses>
				<total>21</total>
				<timestamp>2581.736255</timestamp>
			</report>
			<report>
				<misses>8077001</misses>
				<total>21</total>
				<timestamp>2582.055917</timestamp>
			</report>
			<report>
				<misses>8078001</misses>
				<total>21</total>
				<timestamp>2582.375606</timestamp>
			</report>
			<report>
				<misses>8079001</misses>
				<total>21</total>
				<timestamp>2582.695294</timestamp>
			</report>
			<report>
				<misses>8080001</misses>
				<total>21</total>
				<timestamp>2583.014944</timestamp>
			</report>
			<report>
				<misses>8081001</misses>
				<total>21</total>
				<timestamp>2583.334562</timestamp>
			</report>
			<report>
				<misses>8082001</misses>
				<total>21</total>
				<timestamp>2583.654320</timestamp>
			</report>
			<report>
				<misses>8083001</misses>
				<total>21</total>
				<timestamp>2583.973951</timestamp>
			</report>
			<report>
				<misses>8084001</misses>
				<total>20</total>
				<timestamp>2584.293797</timestamp>
			</report>
			<report>
				<misses>8085001</misses>
				<total>21</total>
				<timestamp>2584.613289</timestamp>
			</report>
			<report>
				<misses>8086001</misses>
				<total>21</total>
				<timestamp>2584.933012</timestamp>
			</report>
			<report>
				<misses>8087001</misses>
				<total>21</total>
				<timestamp>2585.252710</timestamp>
			</report>
			<report>
				<misses>8088001</misses>
				<total>22</total>
				<timestamp>2585.572331</timestamp>
			</report>
			<report>
				<misses>8089001</misses>
				<total>22</total>
				<timestamp>2585.892078</timestamp>
			</report>
			<report>
				<misses>8090001</misses>
				<total>22</total>
				<timestamp>2586.211689</timestamp>
			</report>
			<report>
				<misses>8091001</misses>
				<total>22</total>
				<timestamp>2586.531513</timestamp>
			</report>
			<report>
				<misses>8092001</misses>
				<total>22</total>
				<timestamp>2586.851110</timestamp>
			</report>
			<report>
				<misses>8093001</misses>
				<total>22</total>
				<timestamp>2587.170820</timestamp>
			</report>
			<report>
				<misses>8094001</misses>
				<total>22</total>
				<timestamp>2587.490463</timestamp>
			</report>
			<report>
				<misses>8095001</misses>
				<total>22</total>
				<timestamp>2587.810170</timestamp>
			</report>
			<report>
				<misses>8096001</misses>
				<total>22</total>
				<timestamp>2588.129762</timestamp>
			</report>
			<report>
				<misses>8097001</misses>
				<total>22</total>
				<timestamp>2588.449583</timestamp>
			</report>
			<report>
				<misses>8098001</misses>
				<total>22</total>
				<timestamp>2588.769240</timestamp>
			</report>
			<report>
				<misses>8099001</misses>
				<total>22</total>
				<timestamp>2589.088842</timestamp>
			</report>
			<report>
				<misses>8100001</misses>
				<total>22</total>
				<timestamp>2589.408559</timestamp>
			</report>
			<report>
				<misses>8101001</misses>
				<total>22</total>
				<timestamp>2589.728227</timestamp>
			</report>
			<report>
				<misses>8102001</misses>
				<total>22</total>
				<timestamp>2590.047887</timestamp>
			</report>
			<report>
				<misses>8103001</misses>
				<total>22</total>
				<timestamp>2590.367584</timestamp>
			</report>
			<report>
				<misses>8104001</misses>
				<total>22</total>
				<timestamp>2590.687269</timestamp>
			</report>
			<report>
				<misses>8105001</misses>
				<total>22</total>
				<timestamp>2591.006938</timestamp>
			</report>
			<report>
				<misses>8106001</misses>
				<total>22</total>
				<timestamp>2591.326571</timestamp>
			</report>
			<report>
				<misses>8107001</misses>
				<total>22</total>
				<timestamp>2591.646312</timestamp>
			</report>
			<report>
				<misses>8108001</misses>
				<total>22</total>
				<timestamp>2591.965923</timestamp>
			</report>
			<report>
				<misses>8109001</misses>
				<total>22</total>
				<timestamp>2592.285722</timestamp>
			</report>
			<report>
				<misses>8110001</misses>
				<total>22</total>
				<timestamp>2592.605356</timestamp>
			</report>
			<report>
				<misses>8111001</misses>
				<total>22</total>
				<timestamp>2592.925027</timestamp>
			</report>
			<report>
				<misses>8112001</misses>
				<total>22</total>
				<timestamp>2593.244681</timestamp>
			</report>
			<report>
				<misses>8113001</misses>
				<total>22</total>
				<timestamp>2593.564364</timestamp>
			</report>
			<report>
				<misses>8114001</misses>
				<total>22</total>
				<timestamp>2593.884089</timestamp>
			</report>
			<report>
				<misses>8115001</misses>
				<total>22</total>
				<timestamp>2594.203718</timestamp>
			</report>
			<report>
				<misses>8116001</misses>
				<total>22</total>
				<timestamp>2594.523425</timestamp>
			</report>
			<report>
				<misses>8117001</misses>
				<total>22</total>
				<timestamp>2594.843196</timestamp>
			</report>
			<report>
				<misses>8118001</misses>
				<total>21</total>
				<timestamp>2595.162848</timestamp>
			</report>
			<report>
				<misses>8119001</misses>
				<total>22</total>
				<timestamp>2595.482437</timestamp>
			</report>
			<report>
				<misses>8120001</misses>
				<total>22</total>
				<timestamp>2595.802155</timestamp>
			</report>
			<report>
				<misses>8121001</misses>
				<total>22</total>
				<timestamp>2596.121791</timestamp>
			</report>
			<report>
				<misses>8122001</misses>
				<total>22</total>
				<timestamp>2596.441612</timestamp>
			</report>
			<report>
				<misses>8123001</misses>
				<total>22</total>
				<timestamp>2596.761162</timestamp>
			</report>
			<report>
				<misses>8124001</misses>
				<total>22</total>
				<timestamp>2597.080808</timestamp>
			</report>
			<report>
				<misses>8125001</misses>
				<total>22</total>
				<timestamp>2597.400532</timestamp>
			</report>
			<report>
				<misses>8126001</misses>
				<total>22</total>
				<timestamp>2597.720178</timestamp>
			</report>
			<report>
				<misses>8127001</misses>
				<total>22</total>
				<timestamp>2598.039938</timestamp>
			</report>
			<report>
				<misses>8128001</misses>
				<total>22</total>
				<timestamp>2598.359604</timestamp>
			</report>
			<report>
				<misses>8129001</misses>
				<total>22</total>
				<timestamp>2598.679297</timestamp>
			</report>
			<report>
				<misses>8130001</misses>
				<total>22</total>
				<timestamp>2598.998903</timestamp>
			</report>
			<report>
				<misses>8131001</misses>
				<total>22</total>
				<timestamp>2599.318577</timestamp>
			</report>
			<report>
				<misses>8132001</misses>
				<total>22</total>
				<timestamp>2599.638339</timestamp>
			</report>
			<report>
				<misses>8133001</misses>
				<total>22</total>
				<timestamp>2599.957967</timestamp>
			</report>
			<report>
				<misses>8134001</misses>
				<total>22</total>
				<timestamp>2600.277688</timestamp>
			</report>
			<report>
				<misses>8135001</misses>
				<total>22</total>
				<timestamp>2600.597318</timestamp>
			</report>
			<report>
				<misses>8136001</misses>
				<total>22</total>
				<timestamp>2600.916958</timestamp>
			</report>
			<report>
				<misses>8137001</misses>
				<total>22</total>
				<timestamp>2601.236715</timestamp>
			</report>
			<report>
				<misses>8138001</misses>
				<total>22</total>
				<timestamp>2601.556380</timestamp>
			</report>
			<report>
				<misses>8139001</misses>
				<total>22</total>
				<timestamp>2601.876082</timestamp>
			</report>
			<report>
				<misses>8140001</misses>
				<total>22</total>
				<timestamp>2602.195818</timestamp>
			</report>
			<report>
				<misses>8141001</misses>
				<total>22</total>
				<timestamp>2602.515403</timestamp>
			</report>
			<report>
				<misses>8142001</misses>
				<total>21</total>
				<timestamp>2602.835172</timestamp>
			</report>
			<report>
				<misses>8143001</misses>
				<total>22</total>
				<timestamp>2603.154838</timestamp>
			</report>
			<report>
				<misses>8144001</misses>
				<total>22</total>
				<timestamp>2603.474426</timestamp>
			</report>
			<report>
				<misses>8145001</misses>
				<total>22</total>
				<timestamp>2603.794113</timestamp>
			</report>
			<report>
				<misses>8146001</misses>
				<total>22</total>
				<timestamp>2604.113910</timestamp>
			</report>
			<report>
				<misses>8147001</misses>
				<total>22</total>
				<timestamp>2604.433586</timestamp>
			</report>
			<report>
				<misses>8148001</misses>
				<total>22</total>
				<timestamp>2604.753246</timestamp>
			</report>
			<report>
				<misses>8149001</misses>
				<total>22</total>
				<timestamp>2605.072941</timestamp>
			</report>
			<report>
				<misses>8150001</misses>
				<total>22</total>
				<timestamp>2605.392545</timestamp>
			</report>
			<report>
				<misses>8151001</misses>
				<total>22</total>
				<timestamp>2605.712231</timestamp>
			</report>
			<report>
				<misses>8152001</misses>
				<total>22</total>
				<timestamp>2606.031943</timestamp>
			</report>
			<report>
				<misses>8153001</misses>
				<total>22</total>
				<timestamp>2606.351570</timestamp>
			</report>
			<report>
				<misses>8154001</misses>
				<total>22</total>
				<timestamp>2606.671250</timestamp>
			</report>
			<report>
				<misses>8155001</misses>
				<total>22</total>
				<timestamp>2606.990938</timestamp>
			</report>
			<report>
				<misses>8156001</misses>
				<total>22</total>
				<timestamp>2607.310702</timestamp>
			</report>
			<report>
				<misses>8157001</misses>
				<total>21</total>
				<timestamp>2607.630336</timestamp>
			</report>
			<report>
				<misses>8158001</misses>
				<total>22</total>
				<timestamp>2607.949953</timestamp>
			</report>
			<report>
				<misses>8159001</misses>
				<total>22</total>
				<timestamp>2608.269704</timestamp>
			</report>
			<report>
				<misses>8160001</misses>
				<total>22</total>
				<timestamp>2608.589332</timestamp>
			</report>
			<report>
				<misses>8161001</misses>
				<total>21</total>
				<timestamp>2608.909084</timestamp>
			</report>
			<report>
				<misses>8162001</misses>
				<total>22</total>
				<timestamp>2609.228676</timestamp>
			</report>
			<report>
				<misses>8163001</misses>
				<total>22</total>
				<timestamp>2609.548361</timestamp>
			</report>
			<report>
				<misses>8164001</misses>
				<total>22</total>
				<timestamp>2609.868036</timestamp>
			</report>
			<report>
				<misses>8165001</misses>
				<total>22</total>
				<timestamp>2610.187687</timestamp>
			</report>
			<report>
				<misses>8166001</misses>
				<total>22</total>
				<timestamp>2610.507376</timestamp>
			</report>
			<report>
				<misses>8167001</misses>
				<total>22</total>
				<timestamp>2610.827085</timestamp>
			</report>
			<report>
				<misses>8168001</misses>
				<total>22</total>
				<timestamp>2611.146818</timestamp>
			</report>
			<report>
				<misses>8169001</misses>
				<total>22</total>
				<timestamp>2611.466426</timestamp>
			</report>
			<report>
				<misses>8170001</misses>
				<total>22</total>
				<timestamp>2611.786149</timestamp>
			</report>
			<report>
				<misses>8171001</misses>
				<total>22</total>
				<timestamp>2612.105833</timestamp>
			</report>
			<report>
				<misses>8172001</misses>
				<total>22</total>
				<timestamp>2612.425477</timestamp>
			</report>
			<report>
				<misses>8173001</misses>
				<total>22</total>
				<timestamp>2612.745182</timestamp>
			</report>
			<report>
				<misses>8174001</misses>
				<total>22</total>
				<timestamp>2613.064816</timestamp>
			</report>
			<report>
				<misses>8175001</misses>
				<total>22</total>
				<timestamp>2613.384526</timestamp>
			</report>
			<report>
				<misses>8176001</misses>
				<total>22</total>
				<timestamp>2613.704222</timestamp>
			</report>
			<report>
				<misses>8177001</misses>
				<total>22</total>
				<timestamp>2614.023948</timestamp>
			</report>
			<report>
				<misses>8178001</misses>
				<total>22</total>
				<timestamp>2614.343693</timestamp>
			</report>
			<report>
				<misses>8179001</misses>
				<total>22</total>
				<timestamp>2614.663267</timestamp>
			</report>
			<report>
				<misses>8180001</misses>
				<total>22</total>
				<timestamp>2614.982986</timestamp>
			</report>
			<report>
				<misses>8181001</misses>
				<total>22</total>
				<timestamp>2615.302704</timestamp>
			</report>
			<report>
				<misses>8182001</misses>
				<total>22</total>
				<timestamp>2615.622297</timestamp>
			</report>
			<report>
				<misses>8183001</misses>
				<total>22</total>
				<timestamp>2615.941946</timestamp>
			</report>
			<report>
				<misses>8184001</misses>
				<total>22</total>
				<timestamp>2616.261677</timestamp>
			</report>
			<report>
				<misses>8185001</misses>
				<total>22</total>
				<timestamp>2616.581330</timestamp>
			</report>
			<report>
				<misses>8186001</misses>
				<total>22</total>
				<timestamp>2616.900982</timestamp>
			</report>
			<report>
				<misses>8187001</misses>
				<total>22</total>
				<timestamp>2617.220708</timestamp>
			</report>
			<report>
				<misses>8188001</misses>
				<total>22</total>
				<timestamp>2617.540365</timestamp>
			</report>
			<report>
				<misses>8189001</misses>
				<total>22</total>
				<timestamp>2617.860158</timestamp>
			</report>
			<report>
				<misses>8190001</misses>
				<total>22</total>
				<timestamp>2618.179721</timestamp>
			</report>
			<report>
				<misses>8191001</misses>
				<total>22</total>
				<timestamp>2618.499354</timestamp>
			</report>
			<report>
				<misses>8192001</misses>
				<total>21</total>
				<timestamp>2618.819184</timestamp>
			</report>
			<report>
				<misses>8193001</misses>
				<total>22</total>
				<timestamp>2619.138836</timestamp>
			</report>
			<report>
				<misses>8194001</misses>
				<total>22</total>
				<timestamp>2619.458486</timestamp>
			</report>
			<report>
				<misses>8195001</misses>
				<total>22</total>
				<timestamp>2619.778198</timestamp>
			</report>
			<report>
				<misses>8196001</misses>
				<total>22</total>
				<timestamp>2620.097851</timestamp>
			</report>
			<report>
				<misses>8197001</misses>
				<total>21</total>
				<timestamp>2620.417539</timestamp>
			</report>
			<report>
				<misses>8198001</misses>
				<total>22</total>
				<timestamp>2620.737185</timestamp>
			</report>
			<report>
				<misses>8199001</misses>
				<total>22</total>
				<timestamp>2621.056822</timestamp>
			</report>
			<report>
				<misses>8200001</misses>
				<total>22</total>
				<timestamp>2621.376553</timestamp>
			</report>
			<report>
				<misses>8201001</misses>
				<total>22</total>
				<timestamp>2621.696220</timestamp>
			</report>
			<report>
				<misses>8202001</misses>
				<total>22</total>
				<timestamp>2622.015904</timestamp>
			</report>
			<report>
				<misses>8203001</misses>
				<total>21</total>
				<timestamp>2622.335767</timestamp>
			</report>
			<report>
				<misses>8204001</misses>
				<total>22</total>
				<timestamp>2622.655225</timestamp>
			</report>
			<report>
				<misses>8205001</misses>
				<total>22</total>
				<timestamp>2622.974969</timestamp>
			</report>
			<report>
				<misses>8206001</misses>
				<total>22</total>
				<timestamp>2623.294582</timestamp>
			</report>
			<report>
				<misses>8207001</misses>
				<total>22</total>
				<timestamp>2623.614316</timestamp>
			</report>
			<report>
				<misses>8208001</misses>
				<total>22</total>
				<timestamp>2623.933978</timestamp>
			</report>
			<report>
				<misses>8209001</misses>
				<total>22</total>
				<timestamp>2624.253606</timestamp>
			</report>
			<report>
				<misses>8210001</misses>
				<total>22</total>
				<timestamp>2624.573268</timestamp>
			</report>
			<report>
				<misses>8211001</misses>
				<total>22</total>
				<timestamp>2624.892992</timestamp>
			</report>
			<report>
				<misses>8212001</misses>
				<total>22</total>
				<timestamp>2625.212677</timestamp>
			</report>
			<report>
				<misses>8213001</misses>
				<total>21</total>
				<timestamp>2625.532423</timestamp>
			</report>
			<report>
				<misses>8214001</misses>
				<total>22</total>
				<timestamp>2625.852048</timestamp>
			</report>
			<report>
				<misses>8215001</misses>
				<total>22</total>
				<timestamp>2626.171720</timestamp>
			</report>
			<report>
				<misses>8216001</misses>
				<total>22</total>
				<timestamp>2626.491357</timestamp>
			</report>
			<report>
				<misses>8217001</misses>
				<total>22</total>
				<timestamp>2626.811209</timestamp>
			</report>
			<report>
				<misses>8218001</misses>
				<total>22</total>
				<timestamp>2627.130841</timestamp>
			</report>
			<report>
				<misses>8219001</misses>
				<total>22</total>
				<timestamp>2627.450480</timestamp>
			</report>
			<report>
				<misses>8220001</misses>
				<total>22</total>
				<timestamp>2627.770128</timestamp>
			</report>
			<report>
				<misses>8221001</misses>
				<total>22</total>
				<timestamp>2628.089827</timestamp>
			</report>
			<report>
				<misses>8222001</misses>
				<total>22</total>
				<timestamp>2628.409561</timestamp>
			</report>
			<report>
				<misses>8223001</misses>
				<total>22</total>
				<timestamp>2628.729154</timestamp>
			</report>
			<report>
				<misses>8224001</misses>
				<total>22</total>
				<timestamp>2629.048795</timestamp>
			</report>
			<report>
				<misses>8225001</misses>
				<total>22</total>
				<timestamp>2629.368575</timestamp>
			</report>
			<report>
				<misses>8226001</misses>
				<total>22</total>
				<timestamp>2629.688184</timestamp>
			</report>
			<report>
				<misses>8227001</misses>
				<total>22</total>
				<timestamp>2630.007946</timestamp>
			</report>
			<report>
				<misses>8228001</misses>
				<total>22</total>
				<timestamp>2630.327572</timestamp>
			</report>
			<report>
				<misses>8229001</misses>
				<total>22</total>
				<timestamp>2630.647214</timestamp>
			</report>
			<report>
				<misses>8230001</misses>
				<total>22</total>
				<timestamp>2630.966964</timestamp>
			</report>
			<report>
				<misses>8231001</misses>
				<total>22</total>
				<timestamp>2631.286693</timestamp>
			</report>
			<report>
				<misses>8232001</misses>
				<total>22</total>
				<timestamp>2631.606288</timestamp>
			</report>
			<report>
				<misses>8233001</misses>
				<total>21</total>
				<timestamp>2631.926078</timestamp>
			</report>
			<report>
				<misses>8234001</misses>
				<total>22</total>
				<timestamp>2632.245653</timestamp>
			</report>
			<report>
				<misses>8235001</misses>
				<total>22</total>
				<timestamp>2632.565366</timestamp>
			</report>
			<report>
				<misses>8236001</misses>
				<total>21</total>
				<timestamp>2632.885107</timestamp>
			</report>
			<report>
				<misses>8237001</misses>
				<total>21</total>
				<timestamp>2633.204769</timestamp>
			</report>
			<report>
				<misses>8238001</misses>
				<total>22</total>
				<timestamp>2633.524405</timestamp>
			</report>
			<report>
				<misses>8239001</misses>
				<total>22</total>
				<timestamp>2633.844068</timestamp>
			</report>
			<report>
				<misses>8240001</misses>
				<total>22</total>
				<timestamp>2634.163711</timestamp>
			</report>
			<report>
				<misses>8241001</misses>
				<total>22</total>
				<timestamp>2634.483425</timestamp>
			</report>
			<report>
				<misses>8242001</misses>
				<total>22</total>
				<timestamp>2634.803083</timestamp>
			</report>
			<report>
				<misses>8243001</misses>
				<total>22</total>
				<timestamp>2635.122762</timestamp>
			</report>
			<report>
				<misses>8244001</misses>
				<total>22</total>
				<timestamp>2635.442463</timestamp>
			</report>
			<report>
				<misses>8245001</misses>
				<total>22</total>
				<timestamp>2635.762085</timestamp>
			</report>
			<report>
				<misses>8246001</misses>
				<total>22</total>
				<timestamp>2636.081774</timestamp>
			</report>
			<report>
				<misses>8247001</misses>
				<total>22</total>
				<timestamp>2636.401451</timestamp>
			</report>
			<report>
				<misses>8248001</misses>
				<total>22</total>
				<timestamp>2636.721156</timestamp>
			</report>
			<report>
				<misses>8249001</misses>
				<total>22</total>
				<timestamp>2637.040888</timestamp>
			</report>
			<report>
				<misses>8250001</misses>
				<total>22</total>
				<timestamp>2637.360518</timestamp>
			</report>
			<report>
				<misses>8251001</misses>
				<total>22</total>
				<timestamp>2637.680254</timestamp>
			</report>
			<report>
				<misses>8252001</misses>
				<total>22</total>
				<timestamp>2637.999891</timestamp>
			</report>
			<report>
				<misses>8253001</misses>
				<total>22</total>
				<timestamp>2638.319554</timestamp>
			</report>
			<report>
				<misses>8254001</misses>
				<total>22</total>
				<timestamp>2638.639202</timestamp>
			</report>
			<report>
				<misses>8255001</misses>
				<total>22</total>
				<timestamp>2638.958989</timestamp>
			</report>
			<report>
				<misses>8256001</misses>
				<total>22</total>
				<timestamp>2639.278718</timestamp>
			</report>
			<report>
				<misses>8257001</misses>
				<total>22</total>
				<timestamp>2639.598247</timestamp>
			</report>
			<report>
				<misses>8258001</misses>
				<total>22</total>
				<timestamp>2639.918101</timestamp>
			</report>
			<report>
				<misses>8259001</misses>
				<total>22</total>
				<timestamp>2640.237703</timestamp>
			</report>
			<report>
				<misses>8260001</misses>
				<total>22</total>
				<timestamp>2640.557285</timestamp>
			</report>
			<report>
				<misses>8261001</misses>
				<total>22</total>
				<timestamp>2640.877022</timestamp>
			</report>
			<report>
				<misses>8262001</misses>
				<total>22</total>
				<timestamp>2641.196799</timestamp>
			</report>
			<report>
				<misses>8263001</misses>
				<total>22</total>
				<timestamp>2641.516367</timestamp>
			</report>
			<report>
				<misses>8264001</misses>
				<total>22</total>
				<timestamp>2641.836137</timestamp>
			</report>
			<report>
				<misses>8265001</misses>
				<total>22</total>
				<timestamp>2642.155706</timestamp>
			</report>
			<report>
				<misses>8266001</misses>
				<total>22</total>
				<timestamp>2642.475452</timestamp>
			</report>
			<report>
				<misses>8267001</misses>
				<total>22</total>
				<timestamp>2642.795142</timestamp>
			</report>
			<report>
				<misses>8268001</misses>
				<total>22</total>
				<timestamp>2643.114824</timestamp>
			</report>
			<report>
				<misses>8269001</misses>
				<total>21</total>
				<timestamp>2643.434499</timestamp>
			</report>
			<report>
				<misses>8270001</misses>
				<total>22</total>
				<timestamp>2643.754086</timestamp>
			</report>
			<report>
				<misses>8271001</misses>
				<total>22</total>
				<timestamp>2644.073833</timestamp>
			</report>
			<report>
				<misses>8272001</misses>
				<total>22</total>
				<timestamp>2644.393587</timestamp>
			</report>
			<report>
				<misses>8273001</misses>
				<total>21</total>
				<timestamp>2644.713223</timestamp>
			</report>
			<report>
				<misses>8274001</misses>
				<total>22</total>
				<timestamp>2645.032952</timestamp>
			</report>
			<report>
				<misses>8275001</misses>
				<total>21</total>
				<timestamp>2645.352588</timestamp>
			</report>
			<report>
				<misses>8276001</misses>
				<total>22</total>
				<timestamp>2645.672153</timestamp>
			</report>
			<report>
				<misses>8277001</misses>
				<total>22</total>
				<timestamp>2645.991885</timestamp>
			</report>
			<report>
				<misses>8278001</misses>
				<total>22</total>
				<timestamp>2646.311571</timestamp>
			</report>
			<report>
				<misses>8279001</misses>
				<total>22</total>
				<timestamp>2646.631201</timestamp>
			</report>
			<report>
				<misses>8280001</misses>
				<total>22</total>
				<timestamp>2646.950926</timestamp>
			</report>
			<report>
				<misses>8281001</misses>
				<total>22</total>
				<timestamp>2647.270704</timestamp>
			</report>
			<report>
				<misses>8282001</misses>
				<total>22</total>
				<timestamp>2647.590261</timestamp>
			</report>
			<report>
				<misses>8283001</misses>
				<total>22</total>
				<timestamp>2647.909996</timestamp>
			</report>
			<report>
				<misses>8284001</misses>
				<total>22</total>
				<timestamp>2648.229637</timestamp>
			</report>
			<report>
				<misses>8285001</misses>
				<total>22</total>
				<timestamp>2648.549275</timestamp>
			</report>
			<report>
				<misses>8286001</misses>
				<total>22</total>
				<timestamp>2648.868974</timestamp>
			</report>
			<report>
				<misses>8287001</misses>
				<total>22</total>
				<timestamp>2649.188689</timestamp>
			</report>
			<report>
				<misses>8288001</misses>
				<total>22</total>
				<timestamp>2649.508366</timestamp>
			</report>
			<report>
				<misses>8289001</misses>
				<total>22</total>
				<timestamp>2649.828066</timestamp>
			</report>
			<report>
				<misses>8290001</misses>
				<total>22</total>
				<timestamp>2650.147753</timestamp>
			</report>
			<report>
				<misses>8291001</misses>
				<total>22</total>
				<timestamp>2650.467418</timestamp>
			</report>
			<report>
				<misses>8292001</misses>
				<total>22</total>
				<timestamp>2650.787045</timestamp>
			</report>
			<report>
				<misses>8293001</misses>
				<total>22</total>
				<timestamp>2651.106831</timestamp>
			</report>
			<report>
				<misses>8294001</misses>
				<total>22</total>
				<timestamp>2651.426580</timestamp>
			</report>
			<report>
				<misses>8295001</misses>
				<total>22</total>
				<timestamp>2651.746150</timestamp>
			</report>
			<report>
				<misses>8296001</misses>
				<total>22</total>
				<timestamp>2652.065825</timestamp>
			</report>
			<report>
				<misses>8297001</misses>
				<total>22</total>
				<timestamp>2652.385574</timestamp>
			</report>
			<report>
				<misses>8298001</misses>
				<total>21</total>
				<timestamp>2652.705277</timestamp>
			</report>
			<report>
				<misses>8299001</misses>
				<total>22</total>
				<timestamp>2653.024831</timestamp>
			</report>
			<report>
				<misses>8300001</misses>
				<total>22</total>
				<timestamp>2653.344565</timestamp>
			</report>
			<report>
				<misses>8301001</misses>
				<total>22</total>
				<timestamp>2653.664170</timestamp>
			</report>
			<report>
				<misses>8302001</misses>
				<total>21</total>
				<timestamp>2653.983958</timestamp>
			</report>
			<report>
				<misses>8303001</misses>
				<total>22</total>
				<timestamp>2654.303575</timestamp>
			</report>
			<report>
				<misses>8304001</misses>
				<total>22</total>
				<timestamp>2654.623328</timestamp>
			</report>
			<report>
				<misses>8305001</misses>
				<total>21</total>
				<timestamp>2654.943010</timestamp>
			</report>
			<report>
				<misses>8306001</misses>
				<total>22</total>
				<timestamp>2655.262618</timestamp>
			</report>
			<report>
				<misses>8307001</misses>
				<total>22</total>
				<timestamp>2655.582257</timestamp>
			</report>
			<report>
				<misses>8308001</misses>
				<total>22</total>
				<timestamp>2655.901956</timestamp>
			</report>
			<report>
				<misses>8309001</misses>
				<total>21</total>
				<timestamp>2656.221701</timestamp>
			</report>
			<report>
				<misses>8310001</misses>
				<total>22</total>
				<timestamp>2656.541451</timestamp>
			</report>
			<report>
				<misses>8311001</misses>
				<total>22</total>
				<timestamp>2656.860982</timestamp>
			</report>
			<report>
				<misses>8312001</misses>
				<total>22</total>
				<timestamp>2657.180721</timestamp>
			</report>
			<report>
				<misses>8313001</misses>
				<total>22</total>
				<timestamp>2657.500445</timestamp>
			</report>
			<report>
				<misses>8314001</misses>
				<total>21</total>
				<timestamp>2657.820219</timestamp>
			</report>
			<report>
				<misses>8315001</misses>
				<total>22</total>
				<timestamp>2658.139707</timestamp>
			</report>
			<report>
				<misses>8316001</misses>
				<total>22</total>
				<timestamp>2658.459375</timestamp>
			</report>
			<report>
				<misses>8317001</misses>
				<total>22</total>
				<timestamp>2658.779160</timestamp>
			</report>
			<report>
				<misses>8318001</misses>
				<total>22</total>
				<timestamp>2659.098818</timestamp>
			</report>
			<report>
				<misses>8319001</misses>
				<total>22</total>
				<timestamp>2659.418406</timestamp>
			</report>
			<report>
				<misses>8320001</misses>
				<total>22</total>
				<timestamp>2659.738119</timestamp>
			</report>
			<report>
				<misses>8321001</misses>
				<total>22</total>
				<timestamp>2660.057816</timestamp>
			</report>
			<report>
				<misses>8322001</misses>
				<total>22</total>
				<timestamp>2660.377469</timestamp>
			</report>
			<report>
				<misses>8323001</misses>
				<total>22</total>
				<timestamp>2660.697193</timestamp>
			</report>
			<report>
				<misses>8324001</misses>
				<total>22</total>
				<timestamp>2661.016924</timestamp>
			</report>
			<report>
				<misses>8325001</misses>
				<total>21</total>
				<timestamp>2661.336703</timestamp>
			</report>
			<report>
				<misses>8326001</misses>
				<total>22</total>
				<timestamp>2661.656202</timestamp>
			</report>
			<report>
				<misses>8327001</misses>
				<total>22</total>
				<timestamp>2661.975955</timestamp>
			</report>
			<report>
				<misses>8328001</misses>
				<total>22</total>
				<timestamp>2662.295710</timestamp>
			</report>
			<report>
				<misses>8329001</misses>
				<total>22</total>
				<timestamp>2662.615400</timestamp>
			</report>
			<report>
				<misses>8330001</misses>
				<total>22</total>
				<timestamp>2662.934940</timestamp>
			</report>
			<report>
				<misses>8331001</misses>
				<total>22</total>
				<timestamp>2663.254579</timestamp>
			</report>
			<report>
				<misses>8332001</misses>
				<total>22</total>
				<timestamp>2663.574321</timestamp>
			</report>
			<report>
				<misses>8333001</misses>
				<total>22</total>
				<timestamp>2663.893970</timestamp>
			</report>
			<report>
				<misses>8334001</misses>
				<total>22</total>
				<timestamp>2664.213618</timestamp>
			</report>
			<report>
				<misses>8335001</misses>
				<total>22</total>
				<timestamp>2664.533435</timestamp>
			</report>
			<report>
				<misses>8336001</misses>
				<total>22</total>
				<timestamp>2664.852990</timestamp>
			</report>
			<report>
				<misses>8337001</misses>
				<total>22</total>
				<timestamp>2665.172693</timestamp>
			</report>
			<report>
				<misses>8338001</misses>
				<total>22</total>
				<timestamp>2665.492413</timestamp>
			</report>
			<report>
				<misses>8339001</misses>
				<total>22</total>
				<timestamp>2665.812009</timestamp>
			</report>
			<report>
				<misses>8340001</misses>
				<total>22</total>
				<timestamp>2666.131748</timestamp>
			</report>
			<report>
				<misses>8341001</misses>
				<total>22</total>
				<timestamp>2666.451394</timestamp>
			</report>
			<report>
				<misses>8342001</misses>
				<total>22</total>
				<timestamp>2666.771127</timestamp>
			</report>
			<report>
				<misses>8343001</misses>
				<total>22</total>
				<timestamp>2667.090747</timestamp>
			</report>
			<report>
				<misses>8344001</misses>
				<total>22</total>
				<timestamp>2667.410424</timestamp>
			</report>
			<report>
				<misses>8345001</misses>
				<total>22</total>
				<timestamp>2667.730121</timestamp>
			</report>
			<report>
				<misses>8346001</misses>
				<total>22</total>
				<timestamp>2668.049922</timestamp>
			</report>
			<report>
				<misses>8347001</misses>
				<total>22</total>
				<timestamp>2668.369448</timestamp>
			</report>
			<report>
				<misses>8348001</misses>
				<total>22</total>
				<timestamp>2668.689133</timestamp>
			</report>
			<report>
				<misses>8349001</misses>
				<total>22</total>
				<timestamp>2669.008952</timestamp>
			</report>
			<report>
				<misses>8350001</misses>
				<total>22</total>
				<timestamp>2669.328543</timestamp>
			</report>
			<report>
				<misses>8351001</misses>
				<total>22</total>
				<timestamp>2669.648171</timestamp>
			</report>
			<report>
				<misses>8352001</misses>
				<total>22</total>
				<timestamp>2669.967898</timestamp>
			</report>
			<report>
				<misses>8353001</misses>
				<total>22</total>
				<timestamp>2670.287625</timestamp>
			</report>
			<report>
				<misses>8354001</misses>
				<total>22</total>
				<timestamp>2670.607217</timestamp>
			</report>
			<report>
				<misses>8355001</misses>
				<total>22</total>
				<timestamp>2670.926972</timestamp>
			</report>
			<report>
				<misses>8356001</misses>
				<total>22</total>
				<timestamp>2671.246693</timestamp>
			</report>
			<report>
				<misses>8357001</misses>
				<total>22</total>
				<timestamp>2671.566274</timestamp>
			</report>
			<report>
				<misses>8358001</misses>
				<total>22</total>
				<timestamp>2671.885923</timestamp>
			</report>
			<report>
				<misses>8359001</misses>
				<total>21</total>
				<timestamp>2672.205851</timestamp>
			</report>
			<report>
				<misses>8360001</misses>
				<total>22</total>
				<timestamp>2672.525340</timestamp>
			</report>
			<report>
				<misses>8361001</misses>
				<total>22</total>
				<timestamp>2672.845071</timestamp>
			</report>
			<report>
				<misses>8362001</misses>
				<total>22</total>
				<timestamp>2673.164713</timestamp>
			</report>
			<report>
				<misses>8363001</misses>
				<total>22</total>
				<timestamp>2673.484376</timestamp>
			</report>
			<report>
				<misses>8364001</misses>
				<total>22</total>
				<timestamp>2673.804029</timestamp>
			</report>
			<report>
				<misses>8365001</misses>
				<total>22</total>
				<timestamp>2674.123735</timestamp>
			</report>
			<report>
				<misses>8366001</misses>
				<total>22</total>
				<timestamp>2674.443368</timestamp>
			</report>
			<report>
				<misses>8367001</misses>
				<total>22</total>
				<timestamp>2674.763090</timestamp>
			</report>
			<report>
				<misses>8368001</misses>
				<total>22</total>
				<timestamp>2675.082850</timestamp>
			</report>
			<report>
				<misses>8369001</misses>
				<total>22</total>
				<timestamp>2675.402438</timestamp>
			</report>
			<report>
				<misses>8370001</misses>
				<total>21</total>
				<timestamp>2675.722241</timestamp>
			</report>
			<report>
				<misses>8371001</misses>
				<total>22</total>
				<timestamp>2676.041798</timestamp>
			</report>
			<report>
				<misses>8372001</misses>
				<total>22</total>
				<timestamp>2676.361597</timestamp>
			</report>
			<report>
				<misses>8373001</misses>
				<total>22</total>
				<timestamp>2676.681129</timestamp>
			</report>
			<report>
				<misses>8374001</misses>
				<total>22</total>
				<timestamp>2677.000829</timestamp>
			</report>
			<report>
				<misses>8375001</misses>
				<total>22</total>
				<timestamp>2677.320491</timestamp>
			</report>
			<report>
				<misses>8376001</misses>
				<total>22</total>
				<timestamp>2677.640187</timestamp>
			</report>
			<report>
				<misses>8377001</misses>
				<total>22</total>
				<timestamp>2677.959898</timestamp>
			</report>
			<report>
				<misses>8378001</misses>
				<total>22</total>
				<timestamp>2678.279563</timestamp>
			</report>
			<report>
				<misses>8379001</misses>
				<total>22</total>
				<timestamp>2678.599274</timestamp>
			</report>
			<report>
				<misses>8380001</misses>
				<total>22</total>
				<timestamp>2678.918949</timestamp>
			</report>
			<report>
				<misses>8381001</misses>
				<total>22</total>
				<timestamp>2679.238706</timestamp>
			</report>
			<report>
				<misses>8382001</misses>
				<total>22</total>
				<timestamp>2679.558273</timestamp>
			</report>
			<report>
				<misses>8383001</misses>
				<total>22</total>
				<timestamp>2679.877989</timestamp>
			</report>
			<report>
				<misses>8384001</misses>
				<total>22</total>
				<timestamp>2680.197642</timestamp>
			</report>
			<report>
				<misses>8385001</misses>
				<total>22</total>
				<timestamp>2680.517277</timestamp>
			</report>
			<report>
				<misses>8386001</misses>
				<total>22</total>
				<timestamp>2680.836986</timestamp>
			</report>
			<report>
				<misses>8387001</misses>
				<total>22</total>
				<timestamp>2681.156669</timestamp>
			</report>
			<report>
				<misses>8388001</misses>
				<total>22</total>
				<timestamp>2681.476337</timestamp>
			</report>
			<report>
				<misses>8389001</misses>
				<total>22</total>
				<timestamp>2681.796001</timestamp>
			</report>
			<report>
				<misses>8390001</misses>
				<total>22</total>
				<timestamp>2682.115695</timestamp>
			</report>
			<report>
				<misses>8391001</misses>
				<total>22</total>
				<timestamp>2682.435404</timestamp>
			</report>
			<report>
				<misses>8392001</misses>
				<total>22</total>
				<timestamp>2682.755063</timestamp>
			</report>
			<report>
				<misses>8393001</misses>
				<total>22</total>
				<timestamp>2683.074762</timestamp>
			</report>
			<report>
				<misses>8394001</misses>
				<total>22</total>
				<timestamp>2683.394464</timestamp>
			</report>
			<report>
				<misses>8395001</misses>
				<total>22</total>
				<timestamp>2683.714134</timestamp>
			</report>
			<report>
				<misses>8396001</misses>
				<total>22</total>
				<timestamp>2684.033774</timestamp>
			</report>
			<report>
				<misses>8397001</misses>
				<total>21</total>
				<timestamp>2684.353576</timestamp>
			</report>
			<report>
				<misses>8398001</misses>
				<total>22</total>
				<timestamp>2684.673209</timestamp>
			</report>
			<report>
				<misses>8399001</misses>
				<total>22</total>
				<timestamp>2684.992945</timestamp>
			</report>
			<report>
				<misses>8400001</misses>
				<total>22</total>
				<timestamp>2685.312589</timestamp>
			</report>
			<report>
				<misses>8401001</misses>
				<total>22</total>
				<timestamp>2685.632180</timestamp>
			</report>
			<report>
				<misses>8402001</misses>
				<total>22</total>
				<timestamp>2685.951881</timestamp>
			</report>
			<report>
				<misses>8403001</misses>
				<total>22</total>
				<timestamp>2686.271575</timestamp>
			</report>
			<report>
				<misses>8404001</misses>
				<total>22</total>
				<timestamp>2686.591226</timestamp>
			</report>
			<report>
				<misses>8405001</misses>
				<total>22</total>
				<timestamp>2686.910946</timestamp>
			</report>
			<report>
				<misses>8406001</misses>
				<total>22</total>
				<timestamp>2687.230605</timestamp>
			</report>
			<report>
				<misses>8407001</misses>
				<total>21</total>
				<timestamp>2687.550372</timestamp>
			</report>
			<report>
				<misses>8408001</misses>
				<total>22</total>
				<timestamp>2687.869938</timestamp>
			</report>
			<report>
				<misses>8409001</misses>
				<total>22</total>
				<timestamp>2688.189611</timestamp>
			</report>
			<report>
				<misses>8410001</misses>
				<total>22</total>
				<timestamp>2688.509292</timestamp>
			</report>
			<report>
				<misses>8411001</misses>
				<total>22</total>
				<timestamp>2688.828996</timestamp>
			</report>
			<report>
				<misses>8412001</misses>
				<total>22</total>
				<timestamp>2689.148720</timestamp>
			</report>
			<report>
				<misses>8413001</misses>
				<total>22</total>
				<timestamp>2689.468390</timestamp>
			</report>
			<report>
				<misses>8414001</misses>
				<total>22</total>
				<timestamp>2689.788075</timestamp>
			</report>
			<report>
				<misses>8415001</misses>
				<total>22</total>
				<timestamp>2690.107695</timestamp>
			</report>
			<report>
				<misses>8416001</misses>
				<total>22</total>
				<timestamp>2690.427404</timestamp>
			</report>
			<report>
				<misses>8417001</misses>
				<total>22</total>
				<timestamp>2690.747130</timestamp>
			</report>
			<report>
				<misses>8418001</misses>
				<total>22</total>
				<timestamp>2691.066823</timestamp>
			</report>
			<report>
				<misses>8419001</misses>
				<total>22</total>
				<timestamp>2691.386406</timestamp>
			</report>
			<report>
				<misses>8420001</misses>
				<total>22</total>
				<timestamp>2691.706087</timestamp>
			</report>
			<report>
				<misses>8421001</misses>
				<total>22</total>
				<timestamp>2692.025833</timestamp>
			</report>
			<report>
				<misses>8422001</misses>
				<total>21</total>
				<timestamp>2692.345586</timestamp>
			</report>
			<report>
				<misses>8423001</misses>
				<total>22</total>
				<timestamp>2692.665207</timestamp>
			</report>
			<report>
				<misses>8424001</misses>
				<total>22</total>
				<timestamp>2692.984863</timestamp>
			</report>
			<report>
				<misses>8425001</misses>
				<total>21</total>
				<timestamp>2693.304580</timestamp>
			</report>
			<report>
				<misses>8426001</misses>
				<total>22</total>
				<timestamp>2693.624198</timestamp>
			</report>
			<report>
				<misses>8427001</misses>
				<total>22</total>
				<timestamp>2693.943866</timestamp>
			</report>
			<report>
				<misses>8428001</misses>
				<total>22</total>
				<timestamp>2694.263601</timestamp>
			</report>
			<report>
				<misses>8429001</misses>
				<total>22</total>
				<timestamp>2694.583227</timestamp>
			</report>
			<report>
				<misses>8430001</misses>
				<total>22</total>
				<timestamp>2694.902937</timestamp>
			</report>
			<report>
				<misses>8431001</misses>
				<total>22</total>
				<timestamp>2695.222691</timestamp>
			</report>
			<report>
				<misses>8432001</misses>
				<total>22</total>
				<timestamp>2695.542277</timestamp>
			</report>
			<report>
				<misses>8433001</misses>
				<total>22</total>
				<timestamp>2695.861929</timestamp>
			</report>
			<report>
				<misses>8434001</misses>
				<total>22</total>
				<timestamp>2696.181615</timestamp>
			</report>
			<report>
				<misses>8435001</misses>
				<total>22</total>
				<timestamp>2696.501288</timestamp>
			</report>
			<report>
				<misses>8436001</misses>
				<total>22</total>
				<timestamp>2696.821046</timestamp>
			</report>
			<report>
				<misses>8437001</misses>
				<total>22</total>
				<timestamp>2697.140697</timestamp>
			</report>
			<report>
				<misses>8438001</misses>
				<total>22</total>
				<timestamp>2697.460395</timestamp>
			</report>
			<report>
				<misses>8439001</misses>
				<total>22</total>
				<timestamp>2697.780026</timestamp>
			</report>
			<report>
				<misses>8440001</misses>
				<total>22</total>
				<timestamp>2698.099690</timestamp>
			</report>
			<report>
				<misses>8441001</misses>
				<total>22</total>
				<timestamp>2698.419381</timestamp>
			</report>
			<report>
				<misses>8442001</misses>
				<total>22</total>
				<timestamp>2698.739088</timestamp>
			</report>
			<report>
				<misses>8443001</misses>
				<total>22</total>
				<timestamp>2699.058785</timestamp>
			</report>
			<report>
				<misses>8444001</misses>
				<total>22</total>
				<timestamp>2699.378583</timestamp>
			</report>
			<report>
				<misses>8445001</misses>
				<total>22</total>
				<timestamp>2699.698098</timestamp>
			</report>
			<report>
				<misses>8446001</misses>
				<total>22</total>
				<timestamp>2700.017826</timestamp>
			</report>
			<report>
				<misses>8447001</misses>
				<total>22</total>
				<timestamp>2700.337520</timestamp>
			</report>
			<report>
				<misses>8448001</misses>
				<total>22</total>
				<timestamp>2700.657149</timestamp>
			</report>
			<report>
				<misses>8449001</misses>
				<total>22</total>
				<timestamp>2700.976878</timestamp>
			</report>
			<report>
				<misses>8450001</misses>
				<total>22</total>
				<timestamp>2701.296565</timestamp>
			</report>
			<report>
				<misses>8451001</misses>
				<total>22</total>
				<timestamp>2701.616183</timestamp>
			</report>
			<report>
				<misses>8452001</misses>
				<total>22</total>
				<timestamp>2701.935885</timestamp>
			</report>
			<report>
				<misses>8453001</misses>
				<total>22</total>
				<timestamp>2702.255576</timestamp>
			</report>
			<report>
				<misses>8454001</misses>
				<total>22</total>
				<timestamp>2702.575253</timestamp>
			</report>
			<report>
				<misses>8455001</misses>
				<total>22</total>
				<timestamp>2702.894886</timestamp>
			</report>
			<report>
				<misses>8456001</misses>
				<total>22</total>
				<timestamp>2703.214693</timestamp>
			</report>
			<report>
				<misses>8457001</misses>
				<total>22</total>
				<timestamp>2703.534243</timestamp>
			</report>
			<report>
				<misses>8458001</misses>
				<total>22</total>
				<timestamp>2703.853920</timestamp>
			</report>
			<report>
				<misses>8459001</misses>
				<total>22</total>
				<timestamp>2704.173706</timestamp>
			</report>
			<report>
				<misses>8460001</misses>
				<total>22</total>
				<timestamp>2704.493333</timestamp>
			</report>
			<report>
				<misses>8461001</misses>
				<total>22</total>
				<timestamp>2704.813000</timestamp>
			</report>
			<report>
				<misses>8462001</misses>
				<total>22</total>
				<timestamp>2705.132711</timestamp>
			</report>
			<report>
				<misses>8463001</misses>
				<total>22</total>
				<timestamp>2705.452353</timestamp>
			</report>
			<report>
				<misses>8464001</misses>
				<total>22</total>
				<timestamp>2705.772073</timestamp>
			</report>
			<report>
				<misses>8465001</misses>
				<total>22</total>
				<timestamp>2706.091788</timestamp>
			</report>
			<report>
				<misses>8466001</misses>
				<total>22</total>
				<timestamp>2706.411366</timestamp>
			</report>
			<report>
				<misses>8467001</misses>
				<total>22</total>
				<timestamp>2706.731044</timestamp>
			</report>
			<report>
				<misses>8468001</misses>
				<total>21</total>
				<timestamp>2707.050818</timestamp>
			</report>
			<report>
				<misses>8469001</misses>
				<total>22</total>
				<timestamp>2707.370576</timestamp>
			</report>
			<report>
				<misses>8470001</misses>
				<total>22</total>
				<timestamp>2707.690093</timestamp>
			</report>
			<report>
				<misses>8471001</misses>
				<total>22</total>
				<timestamp>2708.009757</timestamp>
			</report>
			<report>
				<misses>8472001</misses>
				<total>22</total>
				<timestamp>2708.329508</timestamp>
			</report>
			<report>
				<misses>8473001</misses>
				<total>21</total>
				<timestamp>2708.649223</timestamp>
			</report>
			<report>
				<misses>8474001</misses>
				<total>22</total>
				<timestamp>2708.968797</timestamp>
			</report>
			<report>
				<misses>8475001</misses>
				<total>22</total>
				<timestamp>2709.288537</timestamp>
			</report>
			<report>
				<misses>8476001</misses>
				<total>22</total>
				<timestamp>2709.608183</timestamp>
			</report>
			<report>
				<misses>8477001</misses>
				<total>22</total>
				<timestamp>2709.927869</timestamp>
			</report>
			<report>
				<misses>8478001</misses>
				<total>22</total>
				<timestamp>2710.247577</timestamp>
			</report>
			<report>
				<misses>8479001</misses>
				<total>22</total>
				<timestamp>2710.567223</timestamp>
			</report>
			<report>
				<misses>8480001</misses>
				<total>22</total>
				<timestamp>2710.886896</timestamp>
			</report>
			<report>
				<misses>8481001</misses>
				<total>22</total>
				<timestamp>2711.206714</timestamp>
			</report>
			<report>
				<misses>8482001</misses>
				<total>22</total>
				<timestamp>2711.526307</timestamp>
			</report>
			<report>
				<misses>8483001</misses>
				<total>22</total>
				<timestamp>2711.846071</timestamp>
			</report>
			<report>
				<misses>8484001</misses>
				<total>22</total>
				<timestamp>2712.165642</timestamp>
			</report>
			<report>
				<misses>8485001</misses>
				<total>22</total>
				<timestamp>2712.485372</timestamp>
			</report>
			<report>
				<misses>8486001</misses>
				<total>22</total>
				<timestamp>2712.805080</timestamp>
			</report>
			<report>
				<misses>8487001</misses>
				<total>21</total>
				<timestamp>2713.124847</timestamp>
			</report>
			<report>
				<misses>8488001</misses>
				<total>22</total>
				<timestamp>2713.444400</timestamp>
			</report>
			<report>
				<misses>8489001</misses>
				<total>22</total>
				<timestamp>2713.764022</timestamp>
			</report>
			<report>
				<misses>8490001</misses>
				<total>22</total>
				<timestamp>2714.083833</timestamp>
			</report>
			<report>
				<misses>8491001</misses>
				<total>22</total>
				<timestamp>2714.403386</timestamp>
			</report>
			<report>
				<misses>8492001</misses>
				<total>22</total>
				<timestamp>2714.723106</timestamp>
			</report>
			<report>
				<misses>8493001</misses>
				<total>22</total>
				<timestamp>2715.042818</timestamp>
			</report>
			<report>
				<misses>8494001</misses>
				<total>22</total>
				<timestamp>2715.362570</timestamp>
			</report>
			<report>
				<misses>8495001</misses>
				<total>22</total>
				<timestamp>2715.682102</timestamp>
			</report>
			<report>
				<misses>8496001</misses>
				<total>21</total>
				<timestamp>2716.001949</timestamp>
			</report>
			<report>
				<misses>8497001</misses>
				<total>22</total>
				<timestamp>2716.321447</timestamp>
			</report>
			<report>
				<misses>8498001</misses>
				<total>22</total>
				<timestamp>2716.641144</timestamp>
			</report>
			<report>
				<misses>8499001</misses>
				<total>22</total>
				<timestamp>2716.960825</timestamp>
			</report>
			<report>
				<misses>8500001</misses>
				<total>22</total>
				<timestamp>2717.280575</timestamp>
			</report>
			<report>
				<misses>8501001</misses>
				<total>22</total>
				<timestamp>2717.600157</timestamp>
			</report>
			<report>
				<misses>8502001</misses>
				<total>21</total>
				<timestamp>2717.919991</timestamp>
			</report>
			<report>
				<misses>8503001</misses>
				<total>22</total>
				<timestamp>2718.239703</timestamp>
			</report>
			<report>
				<misses>8504001</misses>
				<total>22</total>
				<timestamp>2718.559248</timestamp>
			</report>
			<report>
				<misses>8505001</misses>
				<total>22</total>
				<timestamp>2718.878963</timestamp>
			</report>
			<report>
				<misses>8506001</misses>
				<total>22</total>
				<timestamp>2719.198688</timestamp>
			</report>
			<report>
				<misses>8507001</misses>
				<total>22</total>
				<timestamp>2719.518285</timestamp>
			</report>
			<report>
				<misses>8508001</misses>
				<total>22</total>
				<timestamp>2719.837947</timestamp>
			</report>
			<report>
				<misses>8509001</misses>
				<total>22</total>
				<timestamp>2720.157701</timestamp>
			</report>
			<report>
				<misses>8510001</misses>
				<total>22</total>
				<timestamp>2720.477303</timestamp>
			</report>
			<report>
				<misses>8511001</misses>
				<total>22</total>
				<timestamp>2720.796968</timestamp>
			</report>
			<report>
				<misses>8512001</misses>
				<total>22</total>
				<timestamp>2721.116706</timestamp>
			</report>
			<report>
				<misses>8513001</misses>
				<total>22</total>
				<timestamp>2721.436423</timestamp>
			</report>
			<report>
				<misses>8514001</misses>
				<total>22</total>
				<timestamp>2721.756046</timestamp>
			</report>
			<report>
				<misses>8515001</misses>
				<total>22</total>
				<timestamp>2722.075713</timestamp>
			</report>
			<report>
				<misses>8516001</misses>
				<total>22</total>
				<timestamp>2722.395405</timestamp>
			</report>
			<report>
				<misses>8517001</misses>
				<total>22</total>
				<timestamp>2722.715123</timestamp>
			</report>
			<report>
				<misses>8518001</misses>
				<total>22</total>
				<timestamp>2723.034810</timestamp>
			</report>
			<report>
				<misses>8519001</misses>
				<total>22</total>
				<timestamp>2723.354540</timestamp>
			</report>
			<report>
				<misses>8520001</misses>
				<total>22</total>
				<timestamp>2723.674155</timestamp>
			</report>
			<report>
				<misses>8521001</misses>
				<total>22</total>
				<timestamp>2723.993769</timestamp>
			</report>
			<report>
				<misses>8522001</misses>
				<total>22</total>
				<timestamp>2724.313524</timestamp>
			</report>
			<report>
				<misses>8523001</misses>
				<total>22</total>
				<timestamp>2724.633233</timestamp>
			</report>
			<report>
				<misses>8524001</misses>
				<total>22</total>
				<timestamp>2724.952864</timestamp>
			</report>
			<report>
				<misses>8525001</misses>
				<total>21</total>
				<timestamp>2725.272586</timestamp>
			</report>
			<report>
				<misses>8526001</misses>
				<total>22</total>
				<timestamp>2725.592164</timestamp>
			</report>
			<report>
				<misses>8527001</misses>
				<total>22</total>
				<timestamp>2725.911960</timestamp>
			</report>
			<report>
				<misses>8528001</misses>
				<total>22</total>
				<timestamp>2726.231576</timestamp>
			</report>
			<report>
				<misses>8529001</misses>
				<total>22</total>
				<timestamp>2726.551201</timestamp>
			</report>
			<report>
				<misses>8530001</misses>
				<total>22</total>
				<timestamp>2726.870915</timestamp>
			</report>
			<report>
				<misses>8531001</misses>
				<total>22</total>
				<timestamp>2727.190569</timestamp>
			</report>
			<report>
				<misses>8532001</misses>
				<total>22</total>
				<timestamp>2727.510255</timestamp>
			</report>
			<report>
				<misses>8533001</misses>
				<total>22</total>
				<timestamp>2727.829914</timestamp>
			</report>
			<report>
				<misses>8534001</misses>
				<total>22</total>
				<timestamp>2728.149705</timestamp>
			</report>
			<report>
				<misses>8535001</misses>
				<total>22</total>
				<timestamp>2728.469291</timestamp>
			</report>
			<report>
				<misses>8536001</misses>
				<total>22</total>
				<timestamp>2728.789108</timestamp>
			</report>
			<report>
				<misses>8537001</misses>
				<total>22</total>
				<timestamp>2729.108643</timestamp>
			</report>
			<report>
				<misses>8538001</misses>
				<total>22</total>
				<timestamp>2729.428365</timestamp>
			</report>
			<report>
				<misses>8539001</misses>
				<total>22</total>
				<timestamp>2729.748079</timestamp>
			</report>
			<report>
				<misses>8540001</misses>
				<total>21</total>
				<timestamp>2730.067778</timestamp>
			</report>
			<report>
				<misses>8541001</misses>
				<total>22</total>
				<timestamp>2730.387560</timestamp>
			</report>
			<report>
				<misses>8542001</misses>
				<total>22</total>
				<timestamp>2730.707071</timestamp>
			</report>
			<report>
				<misses>8543001</misses>
				<total>22</total>
				<timestamp>2731.026778</timestamp>
			</report>
			<report>
				<misses>8544001</misses>
				<total>22</total>
				<timestamp>2731.346501</timestamp>
			</report>
			<report>
				<misses>8545001</misses>
				<total>22</total>
				<timestamp>2731.666076</timestamp>
			</report>
			<report>
				<misses>8546001</misses>
				<total>22</total>
				<timestamp>2731.985845</timestamp>
			</report>
			<report>
				<misses>8547001</misses>
				<total>22</total>
				<timestamp>2732.305535</timestamp>
			</report>
			<report>
				<misses>8548001</misses>
				<total>22</total>
				<timestamp>2732.625152</timestamp>
			</report>
			<report>
				<misses>8549001</misses>
				<total>21</total>
				<timestamp>2732.944949</timestamp>
			</report>
			<report>
				<misses>8550001</misses>
				<total>21</total>
				<timestamp>2733.264708</timestamp>
			</report>
			<report>
				<misses>8551001</misses>
				<total>22</total>
				<timestamp>2733.584214</timestamp>
			</report>
			<report>
				<misses>8552001</misses>
				<total>21</total>
				<timestamp>2733.903981</timestamp>
			</report>
			<report>
				<misses>8553001</misses>
				<total>21</total>
				<timestamp>2734.223712</timestamp>
			</report>
			<report>
				<misses>8554001</misses>
				<total>22</total>
				<timestamp>2734.543206</timestamp>
			</report>
			<report>
				<misses>8555001</misses>
				<total>22</total>
				<timestamp>2734.862966</timestamp>
			</report>
			<report>
				<misses>8556001</misses>
				<total>22</total>
				<timestamp>2735.182718</timestamp>
			</report>
			<report>
				<misses>8557001</misses>
				<total>22</total>
				<timestamp>2735.502280</timestamp>
			</report>
			<report>
				<misses>8558001</misses>
				<total>22</total>
				<timestamp>2735.821921</timestamp>
			</report>
			<report>
				<misses>8559001</misses>
				<total>22</total>
				<timestamp>2736.141637</timestamp>
			</report>
			<report>
				<misses>8560001</misses>
				<total>22</total>
				<timestamp>2736.461317</timestamp>
			</report>
			<report>
				<misses>8561001</misses>
				<total>22</total>
				<timestamp>2736.780988</timestamp>
			</report>
			<report>
				<misses>8562001</misses>
				<total>22</total>
				<timestamp>2737.100730</timestamp>
			</report>
			<report>
				<misses>8563001</misses>
				<total>22</total>
				<timestamp>2737.420366</timestamp>
			</report>
			<report>
				<misses>8564001</misses>
				<total>21</total>
				<timestamp>2737.740126</timestamp>
			</report>
			<report>
				<misses>8565001</misses>
				<total>22</total>
				<timestamp>2738.059823</timestamp>
			</report>
			<report>
				<misses>8566001</misses>
				<total>22</total>
				<timestamp>2738.379364</timestamp>
			</report>
			<report>
				<misses>8567001</misses>
				<total>22</total>
				<timestamp>2738.699111</timestamp>
			</report>
			<report>
				<misses>8568001</misses>
				<total>22</total>
				<timestamp>2739.018726</timestamp>
			</report>
			<report>
				<misses>8569001</misses>
				<total>22</total>
				<timestamp>2739.338434</timestamp>
			</report>
			<report>
				<misses>8570001</misses>
				<total>22</total>
				<timestamp>2739.658075</timestamp>
			</report>
			<report>
				<misses>8571001</misses>
				<total>22</total>
				<timestamp>2739.977782</timestamp>
			</report>
			<report>
				<misses>8572001</misses>
				<total>22</total>
				<timestamp>2740.297516</timestamp>
			</report>
			<report>
				<misses>8573001</misses>
				<total>21</total>
				<timestamp>2740.617253</timestamp>
			</report>
			<report>
				<misses>8574001</misses>
				<total>22</total>
				<timestamp>2740.936852</timestamp>
			</report>
			<report>
				<misses>8575001</misses>
				<total>22</total>
				<timestamp>2741.256530</timestamp>
			</report>
			<report>
				<misses>8576001</misses>
				<total>22</total>
				<timestamp>2741.576241</timestamp>
			</report>
			<report>
				<misses>8577001</misses>
				<total>22</total>
				<timestamp>2741.895918</timestamp>
			</report>
			<report>
				<misses>8578001</misses>
				<total>22</total>
				<timestamp>2742.215573</timestamp>
			</report>
			<report>
				<misses>8579001</misses>
				<total>22</total>
				<timestamp>2742.535229</timestamp>
			</report>
			<report>
				<misses>8580001</misses>
				<total>22</total>
				<timestamp>2742.854950</timestamp>
			</report>
			<report>
				<misses>8581001</misses>
				<total>22</total>
				<timestamp>2743.174669</timestamp>
			</report>
			<report>
				<misses>8582001</misses>
				<total>22</total>
				<timestamp>2743.494315</timestamp>
			</report>
			<report>
				<misses>8583001</misses>
				<total>22</total>
				<timestamp>2743.814032</timestamp>
			</report>
			<report>
				<misses>8584001</misses>
				<total>22</total>
				<timestamp>2744.133632</timestamp>
			</report>
			<report>
				<misses>8585001</misses>
				<total>22</total>
				<timestamp>2744.453287</timestamp>
			</report>
			<report>
				<misses>8586001</misses>
				<total>22</total>
				<timestamp>2744.773089</timestamp>
			</report>
			<report>
				<misses>8587001</misses>
				<total>22</total>
				<timestamp>2745.092707</timestamp>
			</report>
			<report>
				<misses>8588001</misses>
				<total>22</total>
				<timestamp>2745.412384</timestamp>
			</report>
			<report>
				<misses>8589001</misses>
				<total>22</total>
				<timestamp>2745.732018</timestamp>
			</report>
			<report>
				<misses>8590001</misses>
				<total>22</total>
				<timestamp>2746.051715</timestamp>
			</report>
			<report>
				<misses>8591001</misses>
				<total>22</total>
				<timestamp>2746.371424</timestamp>
			</report>
			<report>
				<misses>8592001</misses>
				<total>22</total>
				<timestamp>2746.691090</timestamp>
			</report>
			<report>
				<misses>8593001</misses>
				<total>22</total>
				<timestamp>2747.010727</timestamp>
			</report>
			<report>
				<misses>8594001</misses>
				<total>22</total>
				<timestamp>2747.330605</timestamp>
			</report>
			<report>
				<misses>8595001</misses>
				<total>22</total>
				<timestamp>2747.650085</timestamp>
			</report>
			<report>
				<misses>8596001</misses>
				<total>22</total>
				<timestamp>2747.969824</timestamp>
			</report>
			<report>
				<misses>8597001</misses>
				<total>22</total>
				<timestamp>2748.289518</timestamp>
			</report>
			<report>
				<misses>8598001</misses>
				<total>22</total>
				<timestamp>2748.609238</timestamp>
			</report>
			<report>
				<misses>8599001</misses>
				<total>22</total>
				<timestamp>2748.928840</timestamp>
			</report>
			<report>
				<misses>8600001</misses>
				<total>22</total>
				<timestamp>2749.248518</timestamp>
			</report>
			<report>
				<misses>8601001</misses>
				<total>22</total>
				<timestamp>2749.568257</timestamp>
			</report>
			<report>
				<misses>8602001</misses>
				<total>22</total>
				<timestamp>2749.887965</timestamp>
			</report>
			<report>
				<misses>8603001</misses>
				<total>22</total>
				<timestamp>2750.207557</timestamp>
			</report>
			<report>
				<misses>8604001</misses>
				<total>22</total>
				<timestamp>2750.527295</timestamp>
			</report>
			<report>
				<misses>8605001</misses>
				<total>22</total>
				<timestamp>2750.846893</timestamp>
			</report>
			<report>
				<misses>8606001</misses>
				<total>22</total>
				<timestamp>2751.166558</timestamp>
			</report>
			<report>
				<misses>8607001</misses>
				<total>22</total>
				<timestamp>2751.486256</timestamp>
			</report>
			<report>
				<misses>8608001</misses>
				<total>22</total>
				<timestamp>2751.806082</timestamp>
			</report>
			<report>
				<misses>8609001</misses>
				<total>22</total>
				<timestamp>2752.125729</timestamp>
			</report>
			<report>
				<misses>8610001</misses>
				<total>22</total>
				<timestamp>2752.445319</timestamp>
			</report>
			<report>
				<misses>8611001</misses>
				<total>22</total>
				<timestamp>2752.765137</timestamp>
			</report>
			<report>
				<misses>8612001</misses>
				<total>22</total>
				<timestamp>2753.084711</timestamp>
			</report>
			<report>
				<misses>8613001</misses>
				<total>22</total>
				<timestamp>2753.404366</timestamp>
			</report>
			<report>
				<misses>8614001</misses>
				<total>22</total>
				<timestamp>2753.724041</timestamp>
			</report>
			<report>
				<misses>8615001</misses>
				<total>22</total>
				<timestamp>2754.043711</timestamp>
			</report>
			<report>
				<misses>8616001</misses>
				<total>22</total>
				<timestamp>2754.363404</timestamp>
			</report>
			<report>
				<misses>8617001</misses>
				<total>21</total>
				<timestamp>2754.683165</timestamp>
			</report>
			<report>
				<misses>8618001</misses>
				<total>22</total>
				<timestamp>2755.002893</timestamp>
			</report>
			<report>
				<misses>8619001</misses>
				<total>22</total>
				<timestamp>2755.322394</timestamp>
			</report>
			<report>
				<misses>8620001</misses>
				<total>22</total>
				<timestamp>2755.642190</timestamp>
			</report>
			<report>
				<misses>8621001</misses>
				<total>22</total>
				<timestamp>2755.961825</timestamp>
			</report>
			<report>
				<misses>8622001</misses>
				<total>22</total>
				<timestamp>2756.281540</timestamp>
			</report>
			<report>
				<misses>8623001</misses>
				<total>21</total>
				<timestamp>2756.601225</timestamp>
			</report>
			<report>
				<misses>8624001</misses>
				<total>22</total>
				<timestamp>2756.920871</timestamp>
			</report>
			<report>
				<misses>8625001</misses>
				<total>22</total>
				<timestamp>2757.240536</timestamp>
			</report>
			<report>
				<misses>8626001</misses>
				<total>22</total>
				<timestamp>2757.560188</timestamp>
			</report>
			<report>
				<misses>8627001</misses>
				<total>22</total>
				<timestamp>2757.879936</timestamp>
			</report>
			<report>
				<misses>8628001</misses>
				<total>21</total>
				<timestamp>2758.199701</timestamp>
			</report>
			<report>
				<misses>8629001</misses>
				<total>22</total>
				<timestamp>2758.519278</timestamp>
			</report>
			<report>
				<misses>8630001</misses>
				<total>22</total>
				<timestamp>2758.838938</timestamp>
			</report>
			<report>
				<misses>8631001</misses>
				<total>21</total>
				<timestamp>2759.158652</timestamp>
			</report>
			<report>
				<misses>8632001</misses>
				<total>22</total>
				<timestamp>2759.478277</timestamp>
			</report>
			<report>
				<misses>8633001</misses>
				<total>22</total>
				<timestamp>2759.797951</timestamp>
			</report>
			<report>
				<misses>8634001</misses>
				<total>22</total>
				<timestamp>2760.117598</timestamp>
			</report>
			<report>
				<misses>8635001</misses>
				<total>22</total>
				<timestamp>2760.437280</timestamp>
			</report>
			<report>
				<misses>8636001</misses>
				<total>22</total>
				<timestamp>2760.756978</timestamp>
			</report>
			<report>
				<misses>8637001</misses>
				<total>22</total>
				<timestamp>2761.076680</timestamp>
			</report>
			<report>
				<misses>8638001</misses>
				<total>22</total>
				<timestamp>2761.396361</timestamp>
			</report>
			<report>
				<misses>8639001</misses>
				<total>22</total>
				<timestamp>2761.716076</timestamp>
			</report>
			<report>
				<misses>8640001</misses>
				<total>22</total>
				<timestamp>2762.035815</timestamp>
			</report>
			<report>
				<misses>8641001</misses>
				<total>22</total>
				<timestamp>2762.355463</timestamp>
			</report>
			<report>
				<misses>8642001</misses>
				<total>22</total>
				<timestamp>2762.675120</timestamp>
			</report>
			<report>
				<misses>8643001</misses>
				<total>22</total>
				<timestamp>2762.994801</timestamp>
			</report>
			<report>
				<misses>8644001</misses>
				<total>22</total>
				<timestamp>2763.314421</timestamp>
			</report>
			<report>
				<misses>8645001</misses>
				<total>22</total>
				<timestamp>2763.634156</timestamp>
			</report>
			<report>
				<misses>8646001</misses>
				<total>22</total>
				<timestamp>2763.953815</timestamp>
			</report>
			<report>
				<misses>8647001</misses>
				<total>22</total>
				<timestamp>2764.273439</timestamp>
			</report>
			<report>
				<misses>8648001</misses>
				<total>22</total>
				<timestamp>2764.593181</timestamp>
			</report>
			<report>
				<misses>8649001</misses>
				<total>21</total>
				<timestamp>2764.912916</timestamp>
			</report>
			<report>
				<misses>8650001</misses>
				<total>22</total>
				<timestamp>2765.232525</timestamp>
			</report>
			<report>
				<misses>8651001</misses>
				<total>22</total>
				<timestamp>2765.552252</timestamp>
			</report>
			<report>
				<misses>8652001</misses>
				<total>22</total>
				<timestamp>2765.871971</timestamp>
			</report>
			<report>
				<misses>8653001</misses>
				<total>22</total>
				<timestamp>2766.191547</timestamp>
			</report>
			<report>
				<misses>8654001</misses>
				<total>22</total>
				<timestamp>2766.511349</timestamp>
			</report>
			<report>
				<misses>8655001</misses>
				<total>22</total>
				<timestamp>2766.830915</timestamp>
			</report>
			<report>
				<misses>8656001</misses>
				<total>22</total>
				<timestamp>2767.150578</timestamp>
			</report>
			<report>
				<misses>8657001</misses>
				<total>22</total>
				<timestamp>2767.470263</timestamp>
			</report>
			<report>
				<misses>8658001</misses>
				<total>22</total>
				<timestamp>2767.789955</timestamp>
			</report>
			<report>
				<misses>8659001</misses>
				<total>22</total>
				<timestamp>2768.109624</timestamp>
			</report>
			<report>
				<misses>8660001</misses>
				<total>22</total>
				<timestamp>2768.429291</timestamp>
			</report>
			<report>
				<misses>8661001</misses>
				<total>22</total>
				<timestamp>2768.749050</timestamp>
			</report>
			<report>
				<misses>8662001</misses>
				<total>22</total>
				<timestamp>2769.068814</timestamp>
			</report>
			<report>
				<misses>8663001</misses>
				<total>22</total>
				<timestamp>2769.388411</timestamp>
			</report>
			<report>
				<misses>8664001</misses>
				<total>22</total>
				<timestamp>2769.708104</timestamp>
			</report>
			<report>
				<misses>8665001</misses>
				<total>22</total>
				<timestamp>2770.027818</timestamp>
			</report>
			<report>
				<misses>8666001</misses>
				<total>22</total>
				<timestamp>2770.347391</timestamp>
			</report>
			<report>
				<misses>8667001</misses>
				<total>22</total>
				<timestamp>2770.667113</timestamp>
			</report>
			<report>
				<misses>8668001</misses>
				<total>22</total>
				<timestamp>2770.986823</timestamp>
			</report>
			<report>
				<misses>8669001</misses>
				<total>22</total>
				<timestamp>2771.306451</timestamp>
			</report>
			<report>
				<misses>8670001</misses>
				<total>22</total>
				<timestamp>2771.626093</timestamp>
			</report>
			<report>
				<misses>8671001</misses>
				<total>22</total>
				<timestamp>2771.945758</timestamp>
			</report>
			<report>
				<misses>8672001</misses>
				<total>22</total>
				<timestamp>2772.265498</timestamp>
			</report>
			<report>
				<misses>8673001</misses>
				<total>22</total>
				<timestamp>2772.585201</timestamp>
			</report>
			<report>
				<misses>8674001</misses>
				<total>21</total>
				<timestamp>2772.904949</timestamp>
			</report>
			<report>
				<misses>8675001</misses>
				<total>22</total>
				<timestamp>2773.224496</timestamp>
			</report>
			<report>
				<misses>8676001</misses>
				<total>22</total>
				<timestamp>2773.544180</timestamp>
			</report>
			<report>
				<misses>8677001</misses>
				<total>22</total>
				<timestamp>2773.863956</timestamp>
			</report>
			<report>
				<misses>8678001</misses>
				<total>22</total>
				<timestamp>2774.183590</timestamp>
			</report>
			<report>
				<misses>8679001</misses>
				<total>22</total>
				<timestamp>2774.503199</timestamp>
			</report>
			<report>
				<misses>8680001</misses>
				<total>22</total>
				<timestamp>2774.822953</timestamp>
			</report>
			<report>
				<misses>8681001</misses>
				<total>22</total>
				<timestamp>2775.142703</timestamp>
			</report>
			<report>
				<misses>8682001</misses>
				<total>22</total>
				<timestamp>2775.462258</timestamp>
			</report>
			<report>
				<misses>8683001</misses>
				<total>22</total>
				<timestamp>2775.782041</timestamp>
			</report>
			<report>
				<misses>8684001</misses>
				<total>22</total>
				<timestamp>2776.101663</timestamp>
			</report>
			<report>
				<misses>8685001</misses>
				<total>22</total>
				<timestamp>2776.421274</timestamp>
			</report>
			<report>
				<misses>8686001</misses>
				<total>21</total>
				<timestamp>2776.741064</timestamp>
			</report>
			<report>
				<misses>8687001</misses>
				<total>22</total>
				<timestamp>2777.060765</timestamp>
			</report>
			<report>
				<misses>8688001</misses>
				<total>22</total>
				<timestamp>2777.380350</timestamp>
			</report>
			<report>
				<misses>8689001</misses>
				<total>22</total>
				<timestamp>2777.700168</timestamp>
			</report>
			<report>
				<misses>8690001</misses>
				<total>22</total>
				<timestamp>2778.019816</timestamp>
			</report>
			<report>
				<misses>8691001</misses>
				<total>22</total>
				<timestamp>2778.339376</timestamp>
			</report>
			<report>
				<misses>8692001</misses>
				<total>22</total>
				<timestamp>2778.659067</timestamp>
			</report>
			<report>
				<misses>8693001</misses>
				<total>22</total>
				<timestamp>2778.978834</timestamp>
			</report>
			<report>
				<misses>8694001</misses>
				<total>22</total>
				<timestamp>2779.298413</timestamp>
			</report>
			<report>
				<misses>8695001</misses>
				<total>22</total>
				<timestamp>2779.618128</timestamp>
			</report>
			<report>
				<misses>8696001</misses>
				<total>22</total>
				<timestamp>2779.937813</timestamp>
			</report>
			<report>
				<misses>8697001</misses>
				<total>22</total>
				<timestamp>2780.257563</timestamp>
			</report>
			<report>
				<misses>8698001</misses>
				<total>22</total>
				<timestamp>2780.577162</timestamp>
			</report>
			<report>
				<misses>8699001</misses>
				<total>22</total>
				<timestamp>2780.896809</timestamp>
			</report>
			<report>
				<misses>8700001</misses>
				<total>22</total>
				<timestamp>2781.216552</timestamp>
			</report>
			<report>
				<misses>8701001</misses>
				<total>22</total>
				<timestamp>2781.536172</timestamp>
			</report>
			<report>
				<misses>8702001</misses>
				<total>22</total>
				<timestamp>2781.855963</timestamp>
			</report>
			<report>
				<misses>8703001</misses>
				<total>22</total>
				<timestamp>2782.175527</timestamp>
			</report>
			<report>
				<misses>8704001</misses>
				<total>22</total>
				<timestamp>2782.495235</timestamp>
			</report>
			<report>
				<misses>8705001</misses>
				<total>22</total>
				<timestamp>2782.814947</timestamp>
			</report>
			<report>
				<misses>8706001</misses>
				<total>22</total>
				<timestamp>2783.134708</timestamp>
			</report>
			<report>
				<misses>8707001</misses>
				<total>22</total>
				<timestamp>2783.454258</timestamp>
			</report>
			<report>
				<misses>8708001</misses>
				<total>22</total>
				<timestamp>2783.774001</timestamp>
			</report>
			<report>
				<misses>8709001</misses>
				<total>22</total>
				<timestamp>2784.093710</timestamp>
			</report>
			<report>
				<misses>8710001</misses>
				<total>22</total>
				<timestamp>2784.413304</timestamp>
			</report>
			<report>
				<misses>8711001</misses>
				<total>22</total>
				<timestamp>2784.733040</timestamp>
			</report>
			<report>
				<misses>8712001</misses>
				<total>22</total>
				<timestamp>2785.052664</timestamp>
			</report>
			<report>
				<misses>8713001</misses>
				<total>22</total>
				<timestamp>2785.372320</timestamp>
			</report>
			<report>
				<misses>8714001</misses>
				<total>22</total>
				<timestamp>2785.692104</timestamp>
			</report>
			<report>
				<misses>8715001</misses>
				<total>22</total>
				<timestamp>2786.011728</timestamp>
			</report>
			<report>
				<misses>8716001</misses>
				<total>22</total>
				<timestamp>2786.331410</timestamp>
			</report>
			<report>
				<misses>8717001</misses>
				<total>22</total>
				<timestamp>2786.651141</timestamp>
			</report>
			<report>
				<misses>8718001</misses>
				<total>22</total>
				<timestamp>2786.970764</timestamp>
			</report>
			<report>
				<misses>8719001</misses>
				<total>22</total>
				<timestamp>2787.290507</timestamp>
			</report>
			<report>
				<misses>8720001</misses>
				<total>22</total>
				<timestamp>2787.610091</timestamp>
			</report>
			<report>
				<misses>8721001</misses>
				<total>22</total>
				<timestamp>2787.929864</timestamp>
			</report>
			<report>
				<misses>8722001</misses>
				<total>22</total>
				<timestamp>2788.249512</timestamp>
			</report>
			<report>
				<misses>8723001</misses>
				<total>22</total>
				<timestamp>2788.569149</timestamp>
			</report>
			<report>
				<misses>8724001</misses>
				<total>22</total>
				<timestamp>2788.888811</timestamp>
			</report>
			<report>
				<misses>8725001</misses>
				<total>22</total>
				<timestamp>2789.208583</timestamp>
			</report>
			<report>
				<misses>8726001</misses>
				<total>22</total>
				<timestamp>2789.528191</timestamp>
			</report>
			<report>
				<misses>8727001</misses>
				<total>22</total>
				<timestamp>2789.847901</timestamp>
			</report>
			<report>
				<misses>8728001</misses>
				<total>22</total>
				<timestamp>2790.167536</timestamp>
			</report>
			<report>
				<misses>8729001</misses>
				<total>22</total>
				<timestamp>2790.487208</timestamp>
			</report>
			<report>
				<misses>8730001</misses>
				<total>22</total>
				<timestamp>2790.806945</timestamp>
			</report>
			<report>
				<misses>8731001</misses>
				<total>22</total>
				<timestamp>2791.126725</timestamp>
			</report>
			<report>
				<misses>8732001</misses>
				<total>22</total>
				<timestamp>2791.446234</timestamp>
			</report>
			<report>
				<misses>8733001</misses>
				<total>22</total>
				<timestamp>2791.765942</timestamp>
			</report>
			<report>
				<misses>8734001</misses>
				<total>22</total>
				<timestamp>2792.085676</timestamp>
			</report>
			<report>
				<misses>8735001</misses>
				<total>22</total>
				<timestamp>2792.405313</timestamp>
			</report>
			<report>
				<misses>8736001</misses>
				<total>22</total>
				<timestamp>2792.725053</timestamp>
			</report>
			<report>
				<misses>8737001</misses>
				<total>22</total>
				<timestamp>2793.044700</timestamp>
			</report>
			<report>
				<misses>8738001</misses>
				<total>22</total>
				<timestamp>2793.364322</timestamp>
			</report>
			<report>
				<misses>8739001</misses>
				<total>22</total>
				<timestamp>2793.684043</timestamp>
			</report>
			<report>
				<misses>8740001</misses>
				<total>22</total>
				<timestamp>2794.003744</timestamp>
			</report>
			<report>
				<misses>8741001</misses>
				<total>22</total>
				<timestamp>2794.323423</timestamp>
			</report>
			<report>
				<misses>8742001</misses>
				<total>22</total>
				<timestamp>2794.643107</timestamp>
			</report>
			<report>
				<misses>8743001</misses>
				<total>22</total>
				<timestamp>2794.962793</timestamp>
			</report>
			<report>
				<misses>8744001</misses>
				<total>22</total>
				<timestamp>2795.282444</timestamp>
			</report>
			<report>
				<misses>8745001</misses>
				<total>22</total>
				<timestamp>2795.602103</timestamp>
			</report>
			<report>
				<misses>8746001</misses>
				<total>22</total>
				<timestamp>2795.921786</timestamp>
			</report>
			<report>
				<misses>8747001</misses>
				<total>22</total>
				<timestamp>2796.241500</timestamp>
			</report>
			<report>
				<misses>8748001</misses>
				<total>21</total>
				<timestamp>2796.561257</timestamp>
			</report>
			<report>
				<misses>8749001</misses>
				<total>22</total>
				<timestamp>2796.880908</timestamp>
			</report>
			<report>
				<misses>8750001</misses>
				<total>22</total>
				<timestamp>2797.200506</timestamp>
			</report>
			<report>
				<misses>8751001</misses>
				<total>22</total>
				<timestamp>2797.520237</timestamp>
			</report>
			<report>
				<misses>8752001</misses>
				<total>22</total>
				<timestamp>2797.839961</timestamp>
			</report>
			<report>
				<misses>8753001</misses>
				<total>22</total>
				<timestamp>2798.159710</timestamp>
			</report>
			<report>
				<misses>8754001</misses>
				<total>22</total>
				<timestamp>2798.479190</timestamp>
			</report>
			<report>
				<misses>8755001</misses>
				<total>22</total>
				<timestamp>2798.798967</timestamp>
			</report>
			<report>
				<misses>8756001</misses>
				<total>22</total>
				<timestamp>2799.118559</timestamp>
			</report>
			<report>
				<misses>8757001</misses>
				<total>22</total>
				<timestamp>2799.438309</timestamp>
			</report>
			<report>
				<misses>8758001</misses>
				<total>22</total>
				<timestamp>2799.757964</timestamp>
			</report>
			<report>
				<misses>8759001</misses>
				<total>22</total>
				<timestamp>2800.077662</timestamp>
			</report>
			<report>
				<misses>8760001</misses>
				<total>22</total>
				<timestamp>2800.397319</timestamp>
			</report>
			<report>
				<misses>8761001</misses>
				<total>22</total>
				<timestamp>2800.717071</timestamp>
			</report>
			<report>
				<misses>8762001</misses>
				<total>22</total>
				<timestamp>2801.036700</timestamp>
			</report>
			<report>
				<misses>8763001</misses>
				<total>22</total>
				<timestamp>2801.356391</timestamp>
			</report>
			<report>
				<misses>8764001</misses>
				<total>22</total>
				<timestamp>2801.676029</timestamp>
			</report>
			<report>
				<misses>8765001</misses>
				<total>22</total>
				<timestamp>2801.995841</timestamp>
			</report>
			<report>
				<misses>8766001</misses>
				<total>22</total>
				<timestamp>2802.315428</timestamp>
			</report>
			<report>
				<misses>8767001</misses>
				<total>22</total>
				<timestamp>2802.635211</timestamp>
			</report>
			<report>
				<misses>8768001</misses>
				<total>22</total>
				<timestamp>2802.954783</timestamp>
			</report>
			<report>
				<misses>8769001</misses>
				<total>22</total>
				<timestamp>2803.274422</timestamp>
			</report>
			<report>
				<misses>8770001</misses>
				<total>22</total>
				<timestamp>2803.594146</timestamp>
			</report>
			<report>
				<misses>8771001</misses>
				<total>22</total>
				<timestamp>2803.913792</timestamp>
			</report>
			<report>
				<misses>8772001</misses>
				<total>22</total>
				<timestamp>2804.233444</timestamp>
			</report>
			<report>
				<misses>8773001</misses>
				<total>21</total>
				<timestamp>2804.553222</timestamp>
			</report>
			<report>
				<misses>8774001</misses>
				<total>22</total>
				<timestamp>2804.872848</timestamp>
			</report>
			<report>
				<misses>8775001</misses>
				<total>22</total>
				<timestamp>2805.192512</timestamp>
			</report>
			<report>
				<misses>8776001</misses>
				<total>22</total>
				<timestamp>2805.512210</timestamp>
			</report>
			<report>
				<misses>8777001</misses>
				<total>21</total>
				<timestamp>2805.831972</timestamp>
			</report>
			<report>
				<misses>8778001</misses>
				<total>22</total>
				<timestamp>2806.151557</timestamp>
			</report>
			<report>
				<misses>8779001</misses>
				<total>22</total>
				<timestamp>2806.471269</timestamp>
			</report>
			<report>
				<misses>8780001</misses>
				<total>22</total>
				<timestamp>2806.790925</timestamp>
			</report>
			<report>
				<misses>8781001</misses>
				<total>22</total>
				<timestamp>2807.110716</timestamp>
			</report>
			<report>
				<misses>8782001</misses>
				<total>21</total>
				<timestamp>2807.430351</timestamp>
			</report>
			<report>
				<misses>8783001</misses>
				<total>22</total>
				<timestamp>2807.749944</timestamp>
			</report>
			<report>
				<misses>8784001</misses>
				<total>22</total>
				<timestamp>2808.069605</timestamp>
			</report>
			<report>
				<misses>8785001</misses>
				<total>22</total>
				<timestamp>2808.389354</timestamp>
			</report>
			<report>
				<misses>8786001</misses>
				<total>22</total>
				<timestamp>2808.709075</timestamp>
			</report>
			<report>
				<misses>8787001</misses>
				<total>22</total>
				<timestamp>2809.028662</timestamp>
			</report>
			<report>
				<misses>8788001</misses>
				<total>22</total>
				<timestamp>2809.348388</timestamp>
			</report>
			<report>
				<misses>8789001</misses>
				<total>22</total>
				<timestamp>2809.668051</timestamp>
			</report>
			<report>
				<misses>8790001</misses>
				<total>22</total>
				<timestamp>2809.987744</timestamp>
			</report>
			<report>
				<misses>8791001</misses>
				<total>22</total>
				<timestamp>2810.307387</timestamp>
			</report>
			<report>
				<misses>8792001</misses>
				<total>21</total>
				<timestamp>2810.627173</timestamp>
			</report>
			<report>
				<misses>8793001</misses>
				<total>22</total>
				<timestamp>2810.946798</timestamp>
			</report>
			<report>
				<misses>8794001</misses>
				<total>22</total>
				<timestamp>2811.266412</timestamp>
			</report>
			<report>
				<misses>8795001</misses>
				<total>22</total>
				<timestamp>2811.586086</timestamp>
			</report>
			<report>
				<misses>8796001</misses>
				<total>22</total>
				<timestamp>2811.905963</timestamp>
			</report>
			<report>
				<misses>8797001</misses>
				<total>22</total>
				<timestamp>2812.225559</timestamp>
			</report>
			<report>
				<misses>8798001</misses>
				<total>22</total>
				<timestamp>2812.545124</timestamp>
			</report>
			<report>
				<misses>8799001</misses>
				<total>22</total>
				<timestamp>2812.864840</timestamp>
			</report>
			<report>
				<misses>8800001</misses>
				<total>22</total>
				<timestamp>2813.184480</timestamp>
			</report>
			<report>
				<misses>8801001</misses>
				<total>22</total>
				<timestamp>2813.504161</timestamp>
			</report>
			<report>
				<misses>8802001</misses>
				<total>22</total>
				<timestamp>2813.823888</timestamp>
			</report>
			<report>
				<misses>8803001</misses>
				<total>22</total>
				<timestamp>2814.143565</timestamp>
			</report>
			<report>
				<misses>8804001</misses>
				<total>22</total>
				<timestamp>2814.463368</timestamp>
			</report>
			<report>
				<misses>8805001</misses>
				<total>22</total>
				<timestamp>2814.782924</timestamp>
			</report>
			<report>
				<misses>8806001</misses>
				<total>22</total>
				<timestamp>2815.102587</timestamp>
			</report>
			<report>
				<misses>8807001</misses>
				<total>21</total>
				<timestamp>2815.422341</timestamp>
			</report>
			<report>
				<misses>8808001</misses>
				<total>22</total>
				<timestamp>2815.741927</timestamp>
			</report>
			<report>
				<misses>8809001</misses>
				<total>22</total>
				<timestamp>2816.061689</timestamp>
			</report>
			<report>
				<misses>8810001</misses>
				<total>22</total>
				<timestamp>2816.381278</timestamp>
			</report>
			<report>
				<misses>8811001</misses>
				<total>22</total>
				<timestamp>2816.700973</timestamp>
			</report>
			<report>
				<misses>8812001</misses>
				<total>22</total>
				<timestamp>2817.020741</timestamp>
			</report>
			<report>
				<misses>8813001</misses>
				<total>21</total>
				<timestamp>2817.340451</timestamp>
			</report>
			<report>
				<misses>8814001</misses>
				<total>22</total>
				<timestamp>2817.660021</timestamp>
			</report>
			<report>
				<misses>8815001</misses>
				<total>22</total>
				<timestamp>2817.979699</timestamp>
			</report>
			<report>
				<misses>8816001</misses>
				<total>22</total>
				<timestamp>2818.299455</timestamp>
			</report>
			<report>
				<misses>8817001</misses>
				<total>22</total>
				<timestamp>2818.619062</timestamp>
			</report>
			<report>
				<misses>8818001</misses>
				<total>22</total>
				<timestamp>2818.938754</timestamp>
			</report>
			<report>
				<misses>8819001</misses>
				<total>22</total>
				<timestamp>2819.258420</timestamp>
			</report>
			<report>
				<misses>8820001</misses>
				<total>22</total>
				<timestamp>2819.578077</timestamp>
			</report>
			<report>
				<misses>8821001</misses>
				<total>22</total>
				<timestamp>2819.897804</timestamp>
			</report>
			<report>
				<misses>8822001</misses>
				<total>22</total>
				<timestamp>2820.217438</timestamp>
			</report>
			<report>
				<misses>8823001</misses>
				<total>22</total>
				<timestamp>2820.537201</timestamp>
			</report>
			<report>
				<misses>8824001</misses>
				<total>22</total>
				<timestamp>2820.856873</timestamp>
			</report>
			<report>
				<misses>8825001</misses>
				<total>22</total>
				<timestamp>2821.176551</timestamp>
			</report>
			<report>
				<misses>8826001</misses>
				<total>22</total>
				<timestamp>2821.496204</timestamp>
			</report>
			<report>
				<misses>8827001</misses>
				<total>22</total>
				<timestamp>2821.816000</timestamp>
			</report>
			<report>
				<misses>8828001</misses>
				<total>22</total>
				<timestamp>2822.135515</timestamp>
			</report>
			<report>
				<misses>8829001</misses>
				<total>22</total>
				<timestamp>2822.455215</timestamp>
			</report>
			<report>
				<misses>8830001</misses>
				<total>22</total>
				<timestamp>2822.774956</timestamp>
			</report>
			<report>
				<misses>8831001</misses>
				<total>22</total>
				<timestamp>2823.094644</timestamp>
			</report>
			<report>
				<misses>8832001</misses>
				<total>22</total>
				<timestamp>2823.414286</timestamp>
			</report>
			<report>
				<misses>8833001</misses>
				<total>22</total>
				<timestamp>2823.734008</timestamp>
			</report>
			<report>
				<misses>8834001</misses>
				<total>22</total>
				<timestamp>2824.053730</timestamp>
			</report>
			<report>
				<misses>8835001</misses>
				<total>22</total>
				<timestamp>2824.373356</timestamp>
			</report>
			<report>
				<misses>8836001</misses>
				<total>22</total>
				<timestamp>2824.693046</timestamp>
			</report>
			<report>
				<misses>8837001</misses>
				<total>22</total>
				<timestamp>2825.012738</timestamp>
			</report>
			<report>
				<misses>8838001</misses>
				<total>22</total>
				<timestamp>2825.332370</timestamp>
			</report>
			<report>
				<misses>8839001</misses>
				<total>22</total>
				<timestamp>2825.652020</timestamp>
			</report>
			<report>
				<misses>8840001</misses>
				<total>22</total>
				<timestamp>2825.971764</timestamp>
			</report>
			<report>
				<misses>8841001</misses>
				<total>22</total>
				<timestamp>2826.291385</timestamp>
			</report>
			<report>
				<misses>8842001</misses>
				<total>22</total>
				<timestamp>2826.611113</timestamp>
			</report>
			<report>
				<misses>8843001</misses>
				<total>22</total>
				<timestamp>2826.930836</timestamp>
			</report>
			<report>
				<misses>8844001</misses>
				<total>22</total>
				<timestamp>2827.250420</timestamp>
			</report>
			<report>
				<misses>8845001</misses>
				<total>22</total>
				<timestamp>2827.570105</timestamp>
			</report>
			<report>
				<misses>8846001</misses>
				<total>21</total>
				<timestamp>2827.889951</timestamp>
			</report>
			<report>
				<misses>8847001</misses>
				<total>22</total>
				<timestamp>2828.209441</timestamp>
			</report>
			<report>
				<misses>8848001</misses>
				<total>22</total>
				<timestamp>2828.529181</timestamp>
			</report>
			<report>
				<misses>8849001</misses>
				<total>22</total>
				<timestamp>2828.848837</timestamp>
			</report>
			<report>
				<misses>8850001</misses>
				<total>22</total>
				<timestamp>2829.168530</timestamp>
			</report>
			<report>
				<misses>8851001</misses>
				<total>22</total>
				<timestamp>2829.488211</timestamp>
			</report>
			<report>
				<misses>8852001</misses>
				<total>22</total>
				<timestamp>2829.807951</timestamp>
			</report>
			<report>
				<misses>8853001</misses>
				<total>22</total>
				<timestamp>2830.127607</timestamp>
			</report>
			<report>
				<misses>8854001</misses>
				<total>22</total>
				<timestamp>2830.447250</timestamp>
			</report>
			<report>
				<misses>8855001</misses>
				<total>22</total>
				<timestamp>2830.766973</timestamp>
			</report>
			<report>
				<misses>8856001</misses>
				<total>22</total>
				<timestamp>2831.086656</timestamp>
			</report>
			<report>
				<misses>8857001</misses>
				<total>22</total>
				<timestamp>2831.406346</timestamp>
			</report>
			<report>
				<misses>8858001</misses>
				<total>22</total>
				<timestamp>2831.726068</timestamp>
			</report>
			<report>
				<misses>8859001</misses>
				<total>22</total>
				<timestamp>2832.045690</timestamp>
			</report>
			<report>
				<misses>8860001</misses>
				<total>22</total>
				<timestamp>2832.365301</timestamp>
			</report>
			<report>
				<misses>8861001</misses>
				<total>22</total>
				<timestamp>2832.685036</timestamp>
			</report>
			<report>
				<misses>8862001</misses>
				<total>22</total>
				<timestamp>2833.004755</timestamp>
			</report>
			<report>
				<misses>8863001</misses>
				<total>22</total>
				<timestamp>2833.324364</timestamp>
			</report>
			<report>
				<misses>8864001</misses>
				<total>22</total>
				<timestamp>2833.644074</timestamp>
			</report>
			<report>
				<misses>8865001</misses>
				<total>22</total>
				<timestamp>2833.963869</timestamp>
			</report>
			<report>
				<misses>8866001</misses>
				<total>22</total>
				<timestamp>2834.283358</timestamp>
			</report>
			<report>
				<misses>8867001</misses>
				<total>22</total>
				<timestamp>2834.603066</timestamp>
			</report>
			<report>
				<misses>8868001</misses>
				<total>22</total>
				<timestamp>2834.922751</timestamp>
			</report>
			<report>
				<misses>8869001</misses>
				<total>22</total>
				<timestamp>2835.242442</timestamp>
			</report>
			<report>
				<misses>8870001</misses>
				<total>22</total>
				<timestamp>2835.562093</timestamp>
			</report>
			<report>
				<misses>8871001</misses>
				<total>22</total>
				<timestamp>2835.881796</timestamp>
			</report>
			<report>
				<misses>8872001</misses>
				<total>22</total>
				<timestamp>2836.201502</timestamp>
			</report>
			<report>
				<misses>8873001</misses>
				<total>22</total>
				<timestamp>2836.521149</timestamp>
			</report>
			<report>
				<misses>8874001</misses>
				<total>22</total>
				<timestamp>2836.840868</timestamp>
			</report>
			<report>
				<misses>8875001</misses>
				<total>22</total>
				<timestamp>2837.160488</timestamp>
			</report>
			<report>
				<misses>8876001</misses>
				<total>22</total>
				<timestamp>2837.480160</timestamp>
			</report>
			<report>
				<misses>8877001</misses>
				<total>22</total>
				<timestamp>2837.799845</timestamp>
			</report>
			<report>
				<misses>8878001</misses>
				<total>22</total>
				<timestamp>2838.119597</timestamp>
			</report>
			<report>
				<misses>8879001</misses>
				<total>22</total>
				<timestamp>2838.439208</timestamp>
			</report>
			<report>
				<misses>8880001</misses>
				<total>22</total>
				<timestamp>2838.758892</timestamp>
			</report>
			<report>
				<misses>8881001</misses>
				<total>22</total>
				<timestamp>2839.078707</timestamp>
			</report>
			<report>
				<misses>8882001</misses>
				<total>22</total>
				<timestamp>2839.398235</timestamp>
			</report>
			<report>
				<misses>8883001</misses>
				<total>22</total>
				<timestamp>2839.718001</timestamp>
			</report>
			<report>
				<misses>8884001</misses>
				<total>22</total>
				<timestamp>2840.037706</timestamp>
			</report>
			<report>
				<misses>8885001</misses>
				<total>22</total>
				<timestamp>2840.357307</timestamp>
			</report>
			<report>
				<misses>8886001</misses>
				<total>22</total>
				<timestamp>2840.677021</timestamp>
			</report>
			<report>
				<misses>8887001</misses>
				<total>22</total>
				<timestamp>2840.996726</timestamp>
			</report>
			<report>
				<misses>8888001</misses>
				<total>22</total>
				<timestamp>2841.316383</timestamp>
			</report>
			<report>
				<misses>8889001</misses>
				<total>21</total>
				<timestamp>2841.636100</timestamp>
			</report>
			<report>
				<misses>8890001</misses>
				<total>22</total>
				<timestamp>2841.955719</timestamp>
			</report>
			<report>
				<misses>8891001</misses>
				<total>22</total>
				<timestamp>2842.275387</timestamp>
			</report>
			<report>
				<misses>8892001</misses>
				<total>22</total>
				<timestamp>2842.595041</timestamp>
			</report>
			<report>
				<misses>8893001</misses>
				<total>22</total>
				<timestamp>2842.914815</timestamp>
			</report>
			<report>
				<misses>8894001</misses>
				<total>22</total>
				<timestamp>2843.234578</timestamp>
			</report>
			<report>
				<misses>8895001</misses>
				<total>22</total>
				<timestamp>2843.554098</timestamp>
			</report>
			<report>
				<misses>8896001</misses>
				<total>22</total>
				<timestamp>2843.873862</timestamp>
			</report>
			<report>
				<misses>8897001</misses>
				<total>22</total>
				<timestamp>2844.193562</timestamp>
			</report>
			<report>
				<misses>8898001</misses>
				<total>22</total>
				<timestamp>2844.513178</timestamp>
			</report>
			<report>
				<misses>8899001</misses>
				<total>22</total>
				<timestamp>2844.832946</timestamp>
			</report>
			<report>
				<misses>8900001</misses>
				<total>22</total>
				<timestamp>2845.152579</timestamp>
			</report>
			<report>
				<misses>8901001</misses>
				<total>22</total>
				<timestamp>2845.472221</timestamp>
			</report>
			<report>
				<misses>8902001</misses>
				<total>22</total>
				<timestamp>2845.791877</timestamp>
			</report>
			<report>
				<misses>8903001</misses>
				<total>21</total>
				<timestamp>2846.111643</timestamp>
			</report>
			<report>
				<misses>8904001</misses>
				<total>22</total>
				<timestamp>2846.431236</timestamp>
			</report>
			<report>
				<misses>8905001</misses>
				<total>22</total>
				<timestamp>2846.750933</timestamp>
			</report>
			<report>
				<misses>8906001</misses>
				<total>22</total>
				<timestamp>2847.070635</timestamp>
			</report>
			<report>
				<misses>8907001</misses>
				<total>22</total>
				<timestamp>2847.390229</timestamp>
			</report>
			<report>
				<misses>8908001</misses>
				<total>22</total>
				<timestamp>2847.709941</timestamp>
			</report>
			<report>
				<misses>8909001</misses>
				<total>22</total>
				<timestamp>2848.029625</timestamp>
			</report>
			<report>
				<misses>8910001</misses>
				<total>22</total>
				<timestamp>2848.349337</timestamp>
			</report>
			<report>
				<misses>8911001</misses>
				<total>22</total>
				<timestamp>2848.668959</timestamp>
			</report>
			<report>
				<misses>8912001</misses>
				<total>22</total>
				<timestamp>2848.988691</timestamp>
			</report>
			<report>
				<misses>8913001</misses>
				<total>22</total>
				<timestamp>2849.308335</timestamp>
			</report>
			<report>
				<misses>8914001</misses>
				<total>21</total>
				<timestamp>2849.628106</timestamp>
			</report>
			<report>
				<misses>8915001</misses>
				<total>22</total>
				<timestamp>2849.947846</timestamp>
			</report>
			<report>
				<misses>8916001</misses>
				<total>22</total>
				<timestamp>2850.267372</timestamp>
			</report>
			<report>
				<misses>8917001</misses>
				<total>22</total>
				<timestamp>2850.587130</timestamp>
			</report>
			<report>
				<misses>8918001</misses>
				<total>22</total>
				<timestamp>2850.906717</timestamp>
			</report>
			<report>
				<misses>8919001</misses>
				<total>22</total>
				<timestamp>2851.226579</timestamp>
			</report>
			<report>
				<misses>8920001</misses>
				<total>22</total>
				<timestamp>2851.546117</timestamp>
			</report>
			<report>
				<misses>8921001</misses>
				<total>22</total>
				<timestamp>2851.865894</timestamp>
			</report>
			<report>
				<misses>8922001</misses>
				<total>22</total>
				<timestamp>2852.185578</timestamp>
			</report>
			<report>
				<misses>8923001</misses>
				<total>22</total>
				<timestamp>2852.505143</timestamp>
			</report>
			<report>
				<misses>8924001</misses>
				<total>22</total>
				<timestamp>2852.824825</timestamp>
			</report>
			<report>
				<misses>8925001</misses>
				<total>22</total>
				<timestamp>2853.144525</timestamp>
			</report>
			<report>
				<misses>8926001</misses>
				<total>23</total>
				<timestamp>2853.464214</timestamp>
			</report>
			<report>
				<misses>8927001</misses>
				<total>23</total>
				<timestamp>2853.783938</timestamp>
			</report>
			<report>
				<misses>8928001</misses>
				<total>23</total>
				<timestamp>2854.103572</timestamp>
			</report>
			<report>
				<misses>8929001</misses>
				<total>22</total>
				<timestamp>2854.423301</timestamp>
			</report>
			<report>
				<misses>8930001</misses>
				<total>23</total>
				<timestamp>2854.742892</timestamp>
			</report>
			<report>
				<misses>8931001</misses>
				<total>23</total>
				<timestamp>2855.062618</timestamp>
			</report>
			<report>
				<misses>8932001</misses>
				<total>23</total>
				<timestamp>2855.382310</timestamp>
			</report>
			<report>
				<misses>8933001</misses>
				<total>23</total>
				<timestamp>2855.701969</timestamp>
			</report>
			<report>
				<misses>8934001</misses>
				<total>23</total>
				<timestamp>2856.021700</timestamp>
			</report>
			<report>
				<misses>8935001</misses>
				<total>23</total>
				<timestamp>2856.341344</timestamp>
			</report>
			<report>
				<misses>8936001</misses>
				<total>23</total>
				<timestamp>2856.660995</timestamp>
			</report>
			<report>
				<misses>8937001</misses>
				<total>23</total>
				<timestamp>2856.980707</timestamp>
			</report>
			<report>
				<misses>8938001</misses>
				<total>23</total>
				<timestamp>2857.300393</timestamp>
			</report>
			<report>
				<misses>8939001</misses>
				<total>23</total>
				<timestamp>2857.620026</timestamp>
			</report>
			<report>
				<misses>8940001</misses>
				<total>22</total>
				<timestamp>2857.939813</timestamp>
			</report>
			<report>
				<misses>8941001</misses>
				<total>23</total>
				<timestamp>2858.259432</timestamp>
			</report>
			<report>
				<misses>8942001</misses>
				<total>22</total>
				<timestamp>2858.579183</timestamp>
			</report>
			<report>
				<misses>8943001</misses>
				<total>23</total>
				<timestamp>2858.898784</timestamp>
			</report>
			<report>
				<misses>8944001</misses>
				<total>23</total>
				<timestamp>2859.218477</timestamp>
			</report>
			<report>
				<misses>8945001</misses>
				<total>23</total>
				<timestamp>2859.538101</timestamp>
			</report>
			<report>
				<misses>8946001</misses>
				<total>23</total>
				<timestamp>2859.857759</timestamp>
			</report>
			<report>
				<misses>8947001</misses>
				<total>23</total>
				<timestamp>2860.177551</timestamp>
			</report>
			<report>
				<misses>8948001</misses>
				<total>23</total>
				<timestamp>2860.497177</timestamp>
			</report>
			<report>
				<misses>8949001</misses>
				<total>23</total>
				<timestamp>2860.816827</timestamp>
			</report>
			<report>
				<misses>8950001</misses>
				<total>23</total>
				<timestamp>2861.136530</timestamp>
			</report>
			<report>
				<misses>8951001</misses>
				<total>22</total>
				<timestamp>2861.456334</timestamp>
			</report>
			<report>
				<misses>8952001</misses>
				<total>23</total>
				<timestamp>2861.775952</timestamp>
			</report>
			<report>
				<misses>8953001</misses>
				<total>23</total>
				<timestamp>2862.095563</timestamp>
			</report>
			<report>
				<misses>8954001</misses>
				<total>23</total>
				<timestamp>2862.415263</timestamp>
			</report>
			<report>
				<misses>8955001</misses>
				<total>23</total>
				<timestamp>2862.734942</timestamp>
			</report>
			<report>
				<misses>8956001</misses>
				<total>23</total>
				<timestamp>2863.054693</timestamp>
			</report>
			<report>
				<misses>8957001</misses>
				<total>23</total>
				<timestamp>2863.374299</timestamp>
			</report>
			<report>
				<misses>8958001</misses>
				<total>23</total>
				<timestamp>2863.693944</timestamp>
			</report>
			<report>
				<misses>8959001</misses>
				<total>23</total>
				<timestamp>2864.013659</timestamp>
			</report>
			<report>
				<misses>8960001</misses>
				<total>23</total>
				<timestamp>2864.333361</timestamp>
			</report>
			<report>
				<misses>8961001</misses>
				<total>23</total>
				<timestamp>2864.653009</timestamp>
			</report>
			<report>
				<misses>8962001</misses>
				<total>23</total>
				<timestamp>2864.972664</timestamp>
			</report>
			<report>
				<misses>8963001</misses>
				<total>23</total>
				<timestamp>2865.292441</timestamp>
			</report>
			<report>
				<misses>8964001</misses>
				<total>22</total>
				<timestamp>2865.612149</timestamp>
			</report>
			<report>
				<misses>8965001</misses>
				<total>22</total>
				<timestamp>2865.931784</timestamp>
			</report>
			<report>
				<misses>8966001</misses>
				<total>22</total>
				<timestamp>2866.251501</timestamp>
			</report>
			<report>
				<misses>8967001</misses>
				<total>23</total>
				<timestamp>2866.571070</timestamp>
			</report>
			<report>
				<misses>8968001</misses>
				<total>23</total>
				<timestamp>2866.890817</timestamp>
			</report>
			<report>
				<misses>8969001</misses>
				<total>22</total>
				<timestamp>2867.210554</timestamp>
			</report>
			<report>
				<misses>8970001</misses>
				<total>23</total>
				<timestamp>2867.530166</timestamp>
			</report>
			<report>
				<misses>8971001</misses>
				<total>23</total>
				<timestamp>2867.849838</timestamp>
			</report>
			<report>
				<misses>8972001</misses>
				<total>23</total>
				<timestamp>2868.169477</timestamp>
			</report>
			<report>
				<misses>8973001</misses>
				<total>23</total>
				<timestamp>2868.489117</timestamp>
			</report>
			<report>
				<misses>8974001</misses>
				<total>23</total>
				<timestamp>2868.808847</timestamp>
			</report>
			<report>
				<misses>8975001</misses>
				<total>23</total>
				<timestamp>2869.128583</timestamp>
			</report>
			<report>
				<misses>8976001</misses>
				<total>22</total>
				<timestamp>2869.448278</timestamp>
			</report>
			<report>
				<misses>8977001</misses>
				<total>23</total>
				<timestamp>2869.767944</timestamp>
			</report>
			<report>
				<misses>8978001</misses>
				<total>23</total>
				<timestamp>2870.087582</timestamp>
			</report>
			<report>
				<misses>8979001</misses>
				<total>23</total>
				<timestamp>2870.407273</timestamp>
			</report>
			<report>
				<misses>8980001</misses>
				<total>23</total>
				<timestamp>2870.727042</timestamp>
			</report>
			<report>
				<misses>8981001</misses>
				<total>23</total>
				<timestamp>2871.046583</timestamp>
			</report>
			<report>
				<misses>8982001</misses>
				<total>23</total>
				<timestamp>2871.366255</timestamp>
			</report>
			<report>
				<misses>8983001</misses>
				<total>23</total>
				<timestamp>2871.685991</timestamp>
			</report>
			<report>
				<misses>8984001</misses>
				<total>23</total>
				<timestamp>2872.005725</timestamp>
			</report>
			<report>
				<misses>8985001</misses>
				<total>23</total>
				<timestamp>2872.325298</timestamp>
			</report>
			<report>
				<misses>8986001</misses>
				<total>23</total>
				<timestamp>2872.645025</timestamp>
			</report>
			<report>
				<misses>8987001</misses>
				<total>23</total>
				<timestamp>2872.964679</timestamp>
			</report>
			<report>
				<misses>8988001</misses>
				<total>23</total>
				<timestamp>2873.284349</timestamp>
			</report>
			<report>
				<misses>8989001</misses>
				<total>22</total>
				<timestamp>2873.604159</timestamp>
			</report>
			<report>
				<misses>8990001</misses>
				<total>23</total>
				<timestamp>2873.923705</timestamp>
			</report>
			<report>
				<misses>8991001</misses>
				<total>23</total>
				<timestamp>2874.243405</timestamp>
			</report>
			<report>
				<misses>8992001</misses>
				<total>23</total>
				<timestamp>2874.563099</timestamp>
			</report>
			<report>
				<misses>8993001</misses>
				<total>23</total>
				<timestamp>2874.882824</timestamp>
			</report>
			<report>
				<misses>8994001</misses>
				<total>22</total>
				<timestamp>2875.202581</timestamp>
			</report>
			<report>
				<misses>8995001</misses>
				<total>23</total>
				<timestamp>2875.522204</timestamp>
			</report>
			<report>
				<misses>8996001</misses>
				<total>23</total>
				<timestamp>2875.841812</timestamp>
			</report>
			<report>
				<misses>8997001</misses>
				<total>23</total>
				<timestamp>2876.161552</timestamp>
			</report>
			<report>
				<misses>8998001</misses>
				<total>23</total>
				<timestamp>2876.481220</timestamp>
			</report>
			<report>
				<misses>8999001</misses>
				<total>22</total>
				<timestamp>2876.800943</timestamp>
			</report>
			<report>
				<misses>9000001</misses>
				<total>22</total>
				<timestamp>2877.120586</timestamp>
			</report>
			<report>
				<misses>9001001</misses>
				<total>23</total>
				<timestamp>2877.440203</timestamp>
			</report>
			<report>
				<misses>9002001</misses>
				<total>23</total>
				<timestamp>2877.759902</timestamp>
			</report>
			<report>
				<misses>9003001</misses>
				<total>23</total>
				<timestamp>2878.079551</timestamp>
			</report>
			<report>
				<misses>9004001</misses>
				<total>23</total>
				<timestamp>2878.399221</timestamp>
			</report>
			<report>
				<misses>9005001</misses>
				<total>23</total>
				<timestamp>2878.718959</timestamp>
			</report>
			<report>
				<misses>9006001</misses>
				<total>23</total>
				<timestamp>2879.038629</timestamp>
			</report>
			<report>
				<misses>9007001</misses>
				<total>23</total>
				<timestamp>2879.358292</timestamp>
			</report>
			<report>
				<misses>9008001</misses>
				<total>22</total>
				<timestamp>2879.678043</timestamp>
			</report>
			<report>
				<misses>9009001</misses>
				<total>23</total>
				<timestamp>2879.997622</timestamp>
			</report>
			<report>
				<misses>9010001</misses>
				<total>23</total>
				<timestamp>2880.317387</timestamp>
			</report>
			<report>
				<misses>9011001</misses>
				<total>23</total>
				<timestamp>2880.637098</timestamp>
			</report>
			<report>
				<misses>9012001</misses>
				<total>23</total>
				<timestamp>2880.956714</timestamp>
			</report>
			<report>
				<misses>9013001</misses>
				<total>23</total>
				<timestamp>2881.276318</timestamp>
			</report>
			<report>
				<misses>9014001</misses>
				<total>23</total>
				<timestamp>2881.596087</timestamp>
			</report>
			<report>
				<misses>9015001</misses>
				<total>23</total>
				<timestamp>2881.915815</timestamp>
			</report>
			<report>
				<misses>9016001</misses>
				<total>23</total>
				<timestamp>2882.235389</timestamp>
			</report>
			<report>
				<misses>9017001</misses>
				<total>23</total>
				<timestamp>2882.555070</timestamp>
			</report>
			<report>
				<misses>9018001</misses>
				<total>23</total>
				<timestamp>2882.874837</timestamp>
			</report>
			<report>
				<misses>9019001</misses>
				<total>23</total>
				<timestamp>2883.194525</timestamp>
			</report>
			<report>
				<misses>9020001</misses>
				<total>23</total>
				<timestamp>2883.514175</timestamp>
			</report>
			<report>
				<misses>9021001</misses>
				<total>23</total>
				<timestamp>2883.833831</timestamp>
			</report>
			<report>
				<misses>9022001</misses>
				<total>23</total>
				<timestamp>2884.153561</timestamp>
			</report>
			<report>
				<misses>9023001</misses>
				<total>23</total>
				<timestamp>2884.473168</timestamp>
			</report>
			<report>
				<misses>9024001</misses>
				<total>23</total>
				<timestamp>2884.792850</timestamp>
			</report>
			<report>
				<misses>9025001</misses>
				<total>23</total>
				<timestamp>2885.112590</timestamp>
			</report>
			<report>
				<misses>9026001</misses>
				<total>22</total>
				<timestamp>2885.432269</timestamp>
			</report>
			<report>
				<misses>9027001</misses>
				<total>23</total>
				<timestamp>2885.751944</timestamp>
			</report>
			<report>
				<misses>9028001</misses>
				<total>23</total>
				<timestamp>2886.071573</timestamp>
			</report>
			<report>
				<misses>9029001</misses>
				<total>23</total>
				<timestamp>2886.391273</timestamp>
			</report>
			<report>
				<misses>9030001</misses>
				<total>22</total>
				<timestamp>2886.711085</timestamp>
			</report>
			<report>
				<misses>9031001</misses>
				<total>23</total>
				<timestamp>2887.030645</timestamp>
			</report>
			<report>
				<misses>9032001</misses>
				<total>23</total>
				<timestamp>2887.350354</timestamp>
			</report>
			<report>
				<misses>9033001</misses>
				<total>23</total>
				<timestamp>2887.670035</timestamp>
			</report>
			<report>
				<misses>9034001</misses>
				<total>23</total>
				<timestamp>2887.989716</timestamp>
			</report>
			<report>
				<misses>9035001</misses>
				<total>23</total>
				<timestamp>2888.309328</timestamp>
			</report>
			<report>
				<misses>9036001</misses>
				<total>23</total>
				<timestamp>2888.628961</timestamp>
			</report>
			<report>
				<misses>9037001</misses>
				<total>23</total>
				<timestamp>2888.948689</timestamp>
			</report>
			<report>
				<misses>9038001</misses>
				<total>23</total>
				<timestamp>2889.268412</timestamp>
			</report>
			<report>
				<misses>9039001</misses>
				<total>23</total>
				<timestamp>2889.588060</timestamp>
			</report>
			<report>
				<misses>9040001</misses>
				<total>22</total>
				<timestamp>2889.907787</timestamp>
			</report>
			<report>
				<misses>9041001</misses>
				<total>23</total>
				<timestamp>2890.227419</timestamp>
			</report>
			<report>
				<misses>9042001</misses>
				<total>23</total>
				<timestamp>2890.547087</timestamp>
			</report>
			<report>
				<misses>9043001</misses>
				<total>23</total>
				<timestamp>2890.866789</timestamp>
			</report>
			<report>
				<misses>9044001</misses>
				<total>23</total>
				<timestamp>2891.186471</timestamp>
			</report>
			<report>
				<misses>9045001</misses>
				<total>23</total>
				<timestamp>2891.506087</timestamp>
			</report>
			<report>
				<misses>9046001</misses>
				<total>23</total>
				<timestamp>2891.825848</timestamp>
			</report>
			<report>
				<misses>9047001</misses>
				<total>23</total>
				<timestamp>2892.145486</timestamp>
			</report>
			<report>
				<misses>9048001</misses>
				<total>23</total>
				<timestamp>2892.465163</timestamp>
			</report>
			<report>
				<misses>9049001</misses>
				<total>23</total>
				<timestamp>2892.784882</timestamp>
			</report>
			<report>
				<misses>9050001</misses>
				<total>23</total>
				<timestamp>2893.104483</timestamp>
			</report>
			<report>
				<misses>9051001</misses>
				<total>23</total>
				<timestamp>2893.424287</timestamp>
			</report>
			<report>
				<misses>9052001</misses>
				<total>23</total>
				<timestamp>2893.743916</timestamp>
			</report>
			<report>
				<misses>9053001</misses>
				<total>23</total>
				<timestamp>2894.063520</timestamp>
			</report>
			<report>
				<misses>9054001</misses>
				<total>23</total>
				<timestamp>2894.383318</timestamp>
			</report>
			<report>
				<misses>9055001</misses>
				<total>23</total>
				<timestamp>2894.702948</timestamp>
			</report>
			<report>
				<misses>9056001</misses>
				<total>23</total>
				<timestamp>2895.022568</timestamp>
			</report>
			<report>
				<misses>9057001</misses>
				<total>23</total>
				<timestamp>2895.342268</timestamp>
			</report>
			<report>
				<misses>9058001</misses>
				<total>22</total>
				<timestamp>2895.662027</timestamp>
			</report>
			<report>
				<misses>9059001</misses>
				<total>23</total>
				<timestamp>2895.981708</timestamp>
			</report>
			<report>
				<misses>9060001</misses>
				<total>23</total>
				<timestamp>2896.301313</timestamp>
			</report>
			<report>
				<misses>9061001</misses>
				<total>23</total>
				<timestamp>2896.621012</timestamp>
			</report>
			<report>
				<misses>9062001</misses>
				<total>23</total>
				<timestamp>2896.940693</timestamp>
			</report>
			<report>
				<misses>9063001</misses>
				<total>23</total>
				<timestamp>2897.260402</timestamp>
			</report>
			<report>
				<misses>9064001</misses>
				<total>23</total>
				<timestamp>2897.580071</timestamp>
			</report>
			<report>
				<misses>9065001</misses>
				<total>23</total>
				<timestamp>2897.899675</timestamp>
			</report>
			<report>
				<misses>9066001</misses>
				<total>23</total>
				<timestamp>2898.219423</timestamp>
			</report>
			<report>
				<misses>9067001</misses>
				<total>23</total>
				<timestamp>2898.539046</timestamp>
			</report>
			<report>
				<misses>9068001</misses>
				<total>23</total>
				<timestamp>2898.858831</timestamp>
			</report>
			<report>
				<misses>9069001</misses>
				<total>22</total>
				<timestamp>2899.178560</timestamp>
			</report>
			<report>
				<misses>9070001</misses>
				<total>23</total>
				<timestamp>2899.498112</timestamp>
			</report>
			<report>
				<misses>9071001</misses>
				<total>23</total>
				<timestamp>2899.817815</timestamp>
			</report>
			<report>
				<misses>9072001</misses>
				<total>23</total>
				<timestamp>2900.137583</timestamp>
			</report>
			<report>
				<misses>9073001</misses>
				<total>23</total>
				<timestamp>2900.457142</timestamp>
			</report>
			<report>
				<misses>9074001</misses>
				<total>23</total>
				<timestamp>2900.776946</timestamp>
			</report>
			<report>
				<misses>9075001</misses>
				<total>23</total>
				<timestamp>2901.096505</timestamp>
			</report>
			<report>
				<misses>9076001</misses>
				<total>23</total>
				<timestamp>2901.416265</timestamp>
			</report>
			<report>
				<misses>9077001</misses>
				<total>23</total>
				<timestamp>2901.735957</timestamp>
			</report>
			<report>
				<misses>9078001</misses>
				<total>23</total>
				<timestamp>2902.055559</timestamp>
			</report>
			<report>
				<misses>9079001</misses>
				<total>23</total>
				<timestamp>2902.375245</timestamp>
			</report>
			<report>
				<misses>9080001</misses>
				<total>22</total>
				<timestamp>2902.694983</timestamp>
			</report>
			<report>
				<misses>9081001</misses>
				<total>23</total>
				<timestamp>2903.014563</timestamp>
			</report>
			<report>
				<misses>9082001</misses>
				<total>23</total>
				<timestamp>2903.334264</timestamp>
			</report>
			<report>
				<misses>9083001</misses>
				<total>23</total>
				<timestamp>2903.653970</timestamp>
			</report>
			<report>
				<misses>9084001</misses>
				<total>23</total>
				<timestamp>2903.973746</timestamp>
			</report>
			<report>
				<misses>9085001</misses>
				<total>23</total>
				<timestamp>2904.293446</timestamp>
			</report>
			<report>
				<misses>9086001</misses>
				<total>23</total>
				<timestamp>2904.613064</timestamp>
			</report>
			<report>
				<misses>9087001</misses>
				<total>23</total>
				<timestamp>2904.932661</timestamp>
			</report>
			<report>
				<misses>9088001</misses>
				<total>23</total>
				<timestamp>2905.252350</timestamp>
			</report>
			<report>
				<misses>9089001</misses>
				<total>23</total>
				<timestamp>2905.572036</timestamp>
			</report>
			<report>
				<misses>9090001</misses>
				<total>23</total>
				<timestamp>2905.891824</timestamp>
			</report>
			<report>
				<misses>9091001</misses>
				<total>23</total>
				<timestamp>2906.211394</timestamp>
			</report>
			<report>
				<misses>9092001</misses>
				<total>23</total>
				<timestamp>2906.531063</timestamp>
			</report>
			<report>
				<misses>9093001</misses>
				<total>23</total>
				<timestamp>2906.850721</timestamp>
			</report>
			<report>
				<misses>9094001</misses>
				<total>23</total>
				<timestamp>2907.170421</timestamp>
			</report>
			<report>
				<misses>9095001</misses>
				<total>23</total>
				<timestamp>2907.490114</timestamp>
			</report>
			<report>
				<misses>9096001</misses>
				<total>23</total>
				<timestamp>2907.809837</timestamp>
			</report>
			<report>
				<misses>9097001</misses>
				<total>23</total>
				<timestamp>2908.129468</timestamp>
			</report>
			<report>
				<misses>9098001</misses>
				<total>22</total>
				<timestamp>2908.449289</timestamp>
			</report>
			<report>
				<misses>9099001</misses>
				<total>22</total>
				<timestamp>2908.768952</timestamp>
			</report>
			<report>
				<misses>9100001</misses>
				<total>23</total>
				<timestamp>2909.088508</timestamp>
			</report>
			<report>
				<misses>9101001</misses>
				<total>23</total>
				<timestamp>2909.408246</timestamp>
			</report>
			<report>
				<misses>9102001</misses>
				<total>23</total>
				<timestamp>2909.727852</timestamp>
			</report>
			<report>
				<misses>9103001</misses>
				<total>23</total>
				<timestamp>2910.047618</timestamp>
			</report>
			<report>
				<misses>9104001</misses>
				<total>23</total>
				<timestamp>2910.367228</timestamp>
			</report>
			<report>
				<misses>9105001</misses>
				<total>23</total>
				<timestamp>2910.686891</timestamp>
			</report>
			<report>
				<misses>9106001</misses>
				<total>22</total>
				<timestamp>2911.006700</timestamp>
			</report>
			<report>
				<misses>9107001</misses>
				<total>23</total>
				<timestamp>2911.326349</timestamp>
			</report>
			<report>
				<misses>9108001</misses>
				<total>23</total>
				<timestamp>2911.645965</timestamp>
			</report>
			<report>
				<misses>9109001</misses>
				<total>23</total>
				<timestamp>2911.965723</timestamp>
			</report>
			<report>
				<misses>9110001</misses>
				<total>23</total>
				<timestamp>2912.285344</timestamp>
			</report>
			<report>
				<misses>9111001</misses>
				<total>23</total>
				<timestamp>2912.605032</timestamp>
			</report>
			<report>
				<misses>9112001</misses>
				<total>23</total>
				<timestamp>2912.924687</timestamp>
			</report>
			<report>
				<misses>9113001</misses>
				<total>23</total>
				<timestamp>2913.244339</timestamp>
			</report>
			<report>
				<misses>9114001</misses>
				<total>23</total>
				<timestamp>2913.564078</timestamp>
			</report>
			<report>
				<misses>9115001</misses>
				<total>23</total>
				<timestamp>2913.883771</timestamp>
			</report>
			<report>
				<misses>9116001</misses>
				<total>23</total>
				<timestamp>2914.203462</timestamp>
			</report>
			<report>
				<misses>9117001</misses>
				<total>23</total>
				<timestamp>2914.523038</timestamp>
			</report>
			<report>
				<misses>9118001</misses>
				<total>23</total>
				<timestamp>2914.842809</timestamp>
			</report>
			<report>
				<misses>9119001</misses>
				<total>23</total>
				<timestamp>2915.162439</timestamp>
			</report>
			<report>
				<misses>9120001</misses>
				<total>23</total>
				<timestamp>2915.482213</timestamp>
			</report>
			<report>
				<misses>9121001</misses>
				<total>23</total>
				<timestamp>2915.801940</timestamp>
			</report>
			<report>
				<misses>9122001</misses>
				<total>23</total>
				<timestamp>2916.121567</timestamp>
			</report>
			<report>
				<misses>9123001</misses>
				<total>23</total>
				<timestamp>2916.441151</timestamp>
			</report>
			<report>
				<misses>9124001</misses>
				<total>22</total>
				<timestamp>2916.760906</timestamp>
			</report>
			<report>
				<misses>9125001</misses>
				<total>24</total>
				<timestamp>2917.080531</timestamp>
			</report>
			<report>
				<misses>9126001</misses>
				<total>24</total>
				<timestamp>2917.400206</timestamp>
			</report>
			<report>
				<misses>9127001</misses>
				<total>24</total>
				<timestamp>2917.719926</timestamp>
			</report>
			<report>
				<misses>9128001</misses>
				<total>24</total>
				<timestamp>2918.039612</timestamp>
			</report>
			<report>
				<misses>9129001</misses>
				<total>24</total>
				<timestamp>2918.359219</timestamp>
			</report>
			<report>
				<misses>9130001</misses>
				<total>24</total>
				<timestamp>2918.678970</timestamp>
			</report>
			<report>
				<misses>9131001</misses>
				<total>23</total>
				<timestamp>2918.998689</timestamp>
			</report>
			<report>
				<misses>9132001</misses>
				<total>24</total>
				<timestamp>2919.318289</timestamp>
			</report>
			<report>
				<misses>9133001</misses>
				<total>24</total>
				<timestamp>2919.637955</timestamp>
			</report>
			<report>
				<misses>9134001</misses>
				<total>24</total>
				<timestamp>2919.957604</timestamp>
			</report>
			<report>
				<misses>9135001</misses>
				<total>24</total>
				<timestamp>2920.277315</timestamp>
			</report>
			<report>
				<misses>9136001</misses>
				<total>24</total>
				<timestamp>2920.596958</timestamp>
			</report>
			<report>
				<misses>9137001</misses>
				<total>24</total>
				<timestamp>2920.916682</timestamp>
			</report>
			<report>
				<misses>9138001</misses>
				<total>24</total>
				<timestamp>2921.236333</timestamp>
			</report>
			<report>
				<misses>9139001</misses>
				<total>24</total>
				<timestamp>2921.556018</timestamp>
			</report>
			<report>
				<misses>9140001</misses>
				<total>24</total>
				<timestamp>2921.875702</timestamp>
			</report>
			<report>
				<misses>9141001</misses>
				<total>24</total>
				<timestamp>2922.195428</timestamp>
			</report>
			<report>
				<misses>9142001</misses>
				<total>24</total>
				<timestamp>2922.515052</timestamp>
			</report>
			<report>
				<misses>9143001</misses>
				<total>24</total>
				<timestamp>2922.834833</timestamp>
			</report>
			<report>
				<misses>9144001</misses>
				<total>24</total>
				<timestamp>2923.154564</timestamp>
			</report>
			<report>
				<misses>9145001</misses>
				<total>24</total>
				<timestamp>2923.474117</timestamp>
			</report>
			<report>
				<misses>9146001</misses>
				<total>24</total>
				<timestamp>2923.793838</timestamp>
			</report>
			<report>
				<misses>9147001</misses>
				<total>24</total>
				<timestamp>2924.113531</timestamp>
			</report>
			<report>
				<misses>9148001</misses>
				<total>24</total>
				<timestamp>2924.433123</timestamp>
			</report>
			<report>
				<misses>9149001</misses>
				<total>24</total>
				<timestamp>2924.752946</timestamp>
			</report>
			<report>
				<misses>9150001</misses>
				<total>24</total>
				<timestamp>2925.072581</timestamp>
			</report>
			<report>
				<misses>9151001</misses>
				<total>24</total>
				<timestamp>2925.392251</timestamp>
			</report>
			<report>
				<misses>9152001</misses>
				<total>24</total>
				<timestamp>2925.711878</timestamp>
			</report>
			<report>
				<misses>9153001</misses>
				<total>24</total>
				<timestamp>2926.031568</timestamp>
			</report>
			<report>
				<misses>9154001</misses>
				<total>24</total>
				<timestamp>2926.351233</timestamp>
			</report>
			<report>
				<misses>9155001</misses>
				<total>24</total>
				<timestamp>2926.670968</timestamp>
			</report>
			<report>
				<misses>9156001</misses>
				<total>24</total>
				<timestamp>2926.990724</timestamp>
			</report>
			<report>
				<misses>9157001</misses>
				<total>24</total>
				<timestamp>2927.310375</timestamp>
			</report>
			<report>
				<misses>9158001</misses>
				<total>24</total>
				<timestamp>2927.629938</timestamp>
			</report>
			<report>
				<misses>9159001</misses>
				<total>24</total>
				<timestamp>2927.949703</timestamp>
			</report>
			<report>
				<misses>9160001</misses>
				<total>24</total>
				<timestamp>2928.269293</timestamp>
			</report>
			<report>
				<misses>9161001</misses>
				<total>24</total>
				<timestamp>2928.588965</timestamp>
			</report>
			<report>
				<misses>9162001</misses>
				<total>24</total>
				<timestamp>2928.908661</timestamp>
			</report>
			<report>
				<misses>9163001</misses>
				<total>24</total>
				<timestamp>2929.228334</timestamp>
			</report>
			<report>
				<misses>9164001</misses>
				<total>24</total>
				<timestamp>2929.548070</timestamp>
			</report>
			<report>
				<misses>9165001</misses>
				<total>24</total>
				<timestamp>2929.867834</timestamp>
			</report>
			<report>
				<misses>9166001</misses>
				<total>24</total>
				<timestamp>2930.187366</timestamp>
			</report>
			<report>
				<misses>9167001</misses>
				<total>24</total>
				<timestamp>2930.507106</timestamp>
			</report>
			<report>
				<misses>9168001</misses>
				<total>24</total>
				<timestamp>2930.826760</timestamp>
			</report>
			<report>
				<misses>9169001</misses>
				<total>24</total>
				<timestamp>2931.146402</timestamp>
			</report>
			<report>
				<misses>9170001</misses>
				<total>24</total>
				<timestamp>2931.466125</timestamp>
			</report>
			<report>
				<misses>9171001</misses>
				<total>24</total>
				<timestamp>2931.785830</timestamp>
			</report>
			<report>
				<misses>9172001</misses>
				<total>24</total>
				<timestamp>2932.105573</timestamp>
			</report>
			<report>
				<misses>9173001</misses>
				<total>24</total>
				<timestamp>2932.425205</timestamp>
			</report>
			<report>
				<misses>9174001</misses>
				<total>23</total>
				<timestamp>2932.744941</timestamp>
			</report>
			<report>
				<misses>9175001</misses>
				<total>24</total>
				<timestamp>2933.064586</timestamp>
			</report>
			<report>
				<misses>9176001</misses>
				<total>24</total>
				<timestamp>2933.384232</timestamp>
			</report>
			<report>
				<misses>9177001</misses>
				<total>24</total>
				<timestamp>2933.703866</timestamp>
			</report>
			<report>
				<misses>9178001</misses>
				<total>24</total>
				<timestamp>2934.023576</timestamp>
			</report>
			<report>
				<misses>9179001</misses>
				<total>24</total>
				<timestamp>2934.343256</timestamp>
			</report>
			<report>
				<misses>9180001</misses>
				<total>24</total>
				<timestamp>2934.662974</timestamp>
			</report>
			<report>
				<misses>9181001</misses>
				<total>24</total>
				<timestamp>2934.982569</timestamp>
			</report>
			<report>
				<misses>9182001</misses>
				<total>24</total>
				<timestamp>2935.302250</timestamp>
			</report>
			<report>
				<misses>9183001</misses>
				<total>24</total>
				<timestamp>2935.622016</timestamp>
			</report>
			<report>
				<misses>9184001</misses>
				<total>23</total>
				<timestamp>2935.941839</timestamp>
			</report>
			<report>
				<misses>9185001</misses>
				<total>24</total>
				<timestamp>2936.261355</timestamp>
			</report>
			<report>
				<misses>9186001</misses>
				<total>24</total>
				<timestamp>2936.581080</timestamp>
			</report>
			<report>
				<misses>9187001</misses>
				<total>24</total>
				<timestamp>2936.900705</timestamp>
			</report>
			<report>
				<misses>9188001</misses>
				<total>24</total>
				<timestamp>2937.220377</timestamp>
			</report>
			<report>
				<misses>9189001</misses>
				<total>24</total>
				<timestamp>2937.540053</timestamp>
			</report>
			<report>
				<misses>9190001</misses>
				<total>24</total>
				<timestamp>2937.859691</timestamp>
			</report>
			<report>
				<misses>9191001</misses>
				<total>24</total>
				<timestamp>2938.179421</timestamp>
			</report>
			<report>
				<misses>9192001</misses>
				<total>24</total>
				<timestamp>2938.499095</timestamp>
			</report>
			<report>
				<misses>9193001</misses>
				<total>24</total>
				<timestamp>2938.818813</timestamp>
			</report>
			<report>
				<misses>9194001</misses>
				<total>24</total>
				<timestamp>2939.138585</timestamp>
			</report>
			<report>
				<misses>9195001</misses>
				<total>24</total>
				<timestamp>2939.458151</timestamp>
			</report>
			<report>
				<misses>9196001</misses>
				<total>24</total>
				<timestamp>2939.777849</timestamp>
			</report>
			<report>
				<misses>9197001</misses>
				<total>24</total>
				<timestamp>2940.097444</timestamp>
			</report>
			<report>
				<misses>9198001</misses>
				<total>24</total>
				<timestamp>2940.417202</timestamp>
			</report>
			<report>
				<misses>9199001</misses>
				<total>24</total>
				<timestamp>2940.736923</timestamp>
			</report>
			<report>
				<misses>9200001</misses>
				<total>24</total>
				<timestamp>2941.056580</timestamp>
			</report>
			<report>
				<misses>9201001</misses>
				<total>24</total>
				<timestamp>2941.376207</timestamp>
			</report>
			<report>
				<misses>9202001</misses>
				<total>24</total>
				<timestamp>2941.695938</timestamp>
			</report>
			<report>
				<misses>9203001</misses>
				<total>24</total>
				<timestamp>2942.015564</timestamp>
			</report>
			<report>
				<misses>9204001</misses>
				<total>23</total>
				<timestamp>2942.335294</timestamp>
			</report>
			<report>
				<misses>9205001</misses>
				<total>24</total>
				<timestamp>2942.654878</timestamp>
			</report>
			<report>
				<misses>9206001</misses>
				<total>24</total>
				<timestamp>2942.974697</timestamp>
			</report>
			<report>
				<misses>9207001</misses>
				<total>24</total>
				<timestamp>2943.294320</timestamp>
			</report>
			<report>
				<misses>9208001</misses>
				<total>23</total>
				<timestamp>2943.614017</timestamp>
			</report>
			<report>
				<misses>9209001</misses>
				<total>24</total>
				<timestamp>2943.933707</timestamp>
			</report>
			<report>
				<misses>9210001</misses>
				<total>24</total>
				<timestamp>2944.253349</timestamp>
			</report>
			<report>
				<misses>9211001</misses>
				<total>24</total>
				<timestamp>2944.573026</timestamp>
			</report>
			<report>
				<misses>9212001</misses>
				<total>24</total>
				<timestamp>2944.892821</timestamp>
			</report>
			<report>
				<misses>9213001</misses>
				<total>23</total>
				<timestamp>2945.212422</timestamp>
			</report>
			<report>
				<misses>9214001</misses>
				<total>23</total>
				<timestamp>2945.532171</timestamp>
			</report>
			<report>
				<misses>9215001</misses>
				<total>23</total>
				<timestamp>2945.851779</timestamp>
			</report>
			<report>
				<misses>9216001</misses>
				<total>24</total>
				<timestamp>2946.171480</timestamp>
			</report>
			<report>
				<misses>9217001</misses>
				<total>24</total>
				<timestamp>2946.491119</timestamp>
			</report>
			<report>
				<misses>9218001</misses>
				<total>24</total>
				<timestamp>2946.810855</timestamp>
			</report>
			<report>
				<misses>9219001</misses>
				<total>23</total>
				<timestamp>2947.130500</timestamp>
			</report>
			<report>
				<misses>9220001</misses>
				<total>24</total>
				<timestamp>2947.450099</timestamp>
			</report>
			<report>
				<misses>9221001</misses>
				<total>24</total>
				<timestamp>2947.769791</timestamp>
			</report>
			<report>
				<misses>9222001</misses>
				<total>24</total>
				<timestamp>2948.089478</timestamp>
			</report>
			<report>
				<misses>9223001</misses>
				<total>24</total>
				<timestamp>2948.409199</timestamp>
			</report>
			<report>
				<misses>9224001</misses>
				<total>24</total>
				<timestamp>2948.728797</timestamp>
			</report>
			<report>
				<misses>9225001</misses>
				<total>24</total>
				<timestamp>2949.048580</timestamp>
			</report>
			<report>
				<misses>9226001</misses>
				<total>24</total>
				<timestamp>2949.368166</timestamp>
			</report>
			<report>
				<misses>9227001</misses>
				<total>24</total>
				<timestamp>2949.687898</timestamp>
			</report>
			<report>
				<misses>9228001</misses>
				<total>24</total>
				<timestamp>2950.007538</timestamp>
			</report>
			<report>
				<misses>9229001</misses>
				<total>24</total>
				<timestamp>2950.327402</timestamp>
			</report>
			<report>
				<misses>9230001</misses>
				<total>24</total>
				<timestamp>2950.646976</timestamp>
			</report>
			<report>
				<misses>9231001</misses>
				<total>24</total>
				<timestamp>2950.966722</timestamp>
			</report>
			<report>
				<misses>9232001</misses>
				<total>24</total>
				<timestamp>2951.286271</timestamp>
			</report>
			<report>
				<misses>9233001</misses>
				<total>24</total>
				<timestamp>2951.605986</timestamp>
			</report>
			<report>
				<misses>9234001</misses>
				<total>23</total>
				<timestamp>2951.925842</timestamp>
			</report>
			<report>
				<misses>9235001</misses>
				<total>24</total>
				<timestamp>2952.245344</timestamp>
			</report>
			<report>
				<misses>9236001</misses>
				<total>24</total>
				<timestamp>2952.564992</timestamp>
			</report>
			<report>
				<misses>9237001</misses>
				<total>24</total>
				<timestamp>2952.884650</timestamp>
			</report>
			<report>
				<misses>9238001</misses>
				<total>24</total>
				<timestamp>2953.204340</timestamp>
			</report>
			<report>
				<misses>9239001</misses>
				<total>24</total>
				<timestamp>2953.524116</timestamp>
			</report>
			<report>
				<misses>9240001</misses>
				<total>23</total>
				<timestamp>2953.843852</timestamp>
			</report>
			<report>
				<misses>9241001</misses>
				<total>24</total>
				<timestamp>2954.163371</timestamp>
			</report>
			<report>
				<misses>9242001</misses>
				<total>24</total>
				<timestamp>2954.483089</timestamp>
			</report>
			<report>
				<misses>9243001</misses>
				<total>24</total>
				<timestamp>2954.802755</timestamp>
			</report>
			<report>
				<misses>9244001</misses>
				<total>24</total>
				<timestamp>2955.122395</timestamp>
			</report>
			<report>
				<misses>9245001</misses>
				<total>24</total>
				<timestamp>2955.442109</timestamp>
			</report>
			<report>
				<misses>9246001</misses>
				<total>24</total>
				<timestamp>2955.761783</timestamp>
			</report>
			<report>
				<misses>9247001</misses>
				<total>24</total>
				<timestamp>2956.081496</timestamp>
			</report>
			<report>
				<misses>9248001</misses>
				<total>24</total>
				<timestamp>2956.401151</timestamp>
			</report>
			<report>
				<misses>9249001</misses>
				<total>23</total>
				<timestamp>2956.720956</timestamp>
			</report>
			<report>
				<misses>9250001</misses>
				<total>24</total>
				<timestamp>2957.040587</timestamp>
			</report>
			<report>
				<misses>9251001</misses>
				<total>24</total>
				<timestamp>2957.360203</timestamp>
			</report>
			<report>
				<misses>9252001</misses>
				<total>24</total>
				<timestamp>2957.679871</timestamp>
			</report>
			<report>
				<misses>9253001</misses>
				<total>23</total>
				<timestamp>2957.999671</timestamp>
			</report>
			<report>
				<misses>9254001</misses>
				<total>24</total>
				<timestamp>2958.319284</timestamp>
			</report>
			<report>
				<misses>9255001</misses>
				<total>24</total>
				<timestamp>2958.638976</timestamp>
			</report>
			<report>
				<misses>9256001</misses>
				<total>24</total>
				<timestamp>2958.958687</timestamp>
			</report>
			<report>
				<misses>9257001</misses>
				<total>24</total>
				<timestamp>2959.278245</timestamp>
			</report>
			<report>
				<misses>9258001</misses>
				<total>23</total>
				<timestamp>2959.598055</timestamp>
			</report>
			<report>
				<misses>9259001</misses>
				<total>24</total>
				<timestamp>2959.917625</timestamp>
			</report>
			<report>
				<misses>9260001</misses>
				<total>23</total>
				<timestamp>2960.237378</timestamp>
			</report>
			<report>
				<misses>9261001</misses>
				<total>24</total>
				<timestamp>2960.557032</timestamp>
			</report>
			<report>
				<misses>9262001</misses>
				<total>24</total>
				<timestamp>2960.876652</timestamp>
			</report>
			<report>
				<misses>9263001</misses>
				<total>24</total>
				<timestamp>2961.196386</timestamp>
			</report>
			<report>
				<misses>9264001</misses>
				<total>24</total>
				<timestamp>2961.516178</timestamp>
			</report>
			<report>
				<misses>9265001</misses>
				<total>23</total>
				<timestamp>2961.835813</timestamp>
			</report>
			<report>
				<misses>9266001</misses>
				<total>24</total>
				<timestamp>2962.155351</timestamp>
			</report>
			<report>
				<misses>9267001</misses>
				<total>24</total>
				<timestamp>2962.475093</timestamp>
			</report>
			<report>
				<misses>9268001</misses>
				<total>24</total>
				<timestamp>2962.794724</timestamp>
			</report>
			<report>
				<misses>9269001</misses>
				<total>24</total>
				<timestamp>2963.114416</timestamp>
			</report>
			<report>
				<misses>9270001</misses>
				<total>24</total>
				<timestamp>2963.434088</timestamp>
			</report>
			<report>
				<misses>9271001</misses>
				<total>24</total>
				<timestamp>2963.753950</timestamp>
			</report>
			<report>
				<misses>9272001</misses>
				<total>24</total>
				<timestamp>2964.073537</timestamp>
			</report>
			<report>
				<misses>9273001</misses>
				<total>24</total>
				<timestamp>2964.393116</timestamp>
			</report>
			<report>
				<misses>9274001</misses>
				<total>24</total>
				<timestamp>2964.712937</timestamp>
			</report>
			<report>
				<misses>9275001</misses>
				<total>24</total>
				<timestamp>2965.032561</timestamp>
			</report>
			<report>
				<misses>9276001</misses>
				<total>24</total>
				<timestamp>2965.352247</timestamp>
			</report>
			<report>
				<misses>9277001</misses>
				<total>24</total>
				<timestamp>2965.671934</timestamp>
			</report>
			<report>
				<misses>9278001</misses>
				<total>24</total>
				<timestamp>2965.991691</timestamp>
			</report>
			<report>
				<misses>9279001</misses>
				<total>24</total>
				<timestamp>2966.311283</timestamp>
			</report>
			<report>
				<misses>9280001</misses>
				<total>24</total>
				<timestamp>2966.630945</timestamp>
			</report>
			<report>
				<misses>9281001</misses>
				<total>23</total>
				<timestamp>2966.950668</timestamp>
			</report>
			<report>
				<misses>9282001</misses>
				<total>24</total>
				<timestamp>2967.270319</timestamp>
			</report>
			<report>
				<misses>9283001</misses>
				<total>24</total>
				<timestamp>2967.589992</timestamp>
			</report>
			<report>
				<misses>9284001</misses>
				<total>24</total>
				<timestamp>2967.909666</timestamp>
			</report>
			<report>
				<misses>9285001</misses>
				<total>23</total>
				<timestamp>2968.229380</timestamp>
			</report>
			<report>
				<misses>9286001</misses>
				<total>24</total>
				<timestamp>2968.549056</timestamp>
			</report>
			<report>
				<misses>9287001</misses>
				<total>24</total>
				<timestamp>2968.868706</timestamp>
			</report>
			<report>
				<misses>9288001</misses>
				<total>24</total>
				<timestamp>2969.188350</timestamp>
			</report>
			<report>
				<misses>9289001</misses>
				<total>24</total>
				<timestamp>2969.508034</timestamp>
			</report>
			<report>
				<misses>9290001</misses>
				<total>23</total>
				<timestamp>2969.827945</timestamp>
			</report>
			<report>
				<misses>9291001</misses>
				<total>24</total>
				<timestamp>2970.147377</timestamp>
			</report>
			<report>
				<misses>9292001</misses>
				<total>24</total>
				<timestamp>2970.467079</timestamp>
			</report>
			<report>
				<misses>9293001</misses>
				<total>24</total>
				<timestamp>2970.786757</timestamp>
			</report>
			<report>
				<misses>9294001</misses>
				<total>24</total>
				<timestamp>2971.106435</timestamp>
			</report>
			<report>
				<misses>9295001</misses>
				<total>24</total>
				<timestamp>2971.426089</timestamp>
			</report>
			<report>
				<misses>9296001</misses>
				<total>24</total>
				<timestamp>2971.745803</timestamp>
			</report>
			<report>
				<misses>9297001</misses>
				<total>24</total>
				<timestamp>2972.065572</timestamp>
			</report>
			<report>
				<misses>9298001</misses>
				<total>24</total>
				<timestamp>2972.385126</timestamp>
			</report>
			<report>
				<misses>9299001</misses>
				<total>24</total>
				<timestamp>2972.704857</timestamp>
			</report>
			<report>
				<misses>9300001</misses>
				<total>24</total>
				<timestamp>2973.024526</timestamp>
			</report>
			<report>
				<misses>9301001</misses>
				<total>24</total>
				<timestamp>2973.344229</timestamp>
			</report>
			<report>
				<misses>9302001</misses>
				<total>24</total>
				<timestamp>2973.663950</timestamp>
			</report>
			<report>
				<misses>9303001</misses>
				<total>24</total>
				<timestamp>2973.983527</timestamp>
			</report>
			<report>
				<misses>9304001</misses>
				<total>24</total>
				<timestamp>2974.303209</timestamp>
			</report>
			<report>
				<misses>9305001</misses>
				<total>24</total>
				<timestamp>2974.622948</timestamp>
			</report>
			<report>
				<misses>9306001</misses>
				<total>24</total>
				<timestamp>2974.942713</timestamp>
			</report>
			<report>
				<misses>9307001</misses>
				<total>24</total>
				<timestamp>2975.262345</timestamp>
			</report>
			<report>
				<misses>9308001</misses>
				<total>24</total>
				<timestamp>2975.582006</timestamp>
			</report>
			<report>
				<misses>9309001</misses>
				<total>24</total>
				<timestamp>2975.901715</timestamp>
			</report>
			<report>
				<misses>9310001</misses>
				<total>23</total>
				<timestamp>2976.221402</timestamp>
			</report>
			<report>
				<misses>9311001</misses>
				<total>24</total>
				<timestamp>2976.541059</timestamp>
			</report>
			<report>
				<misses>9312001</misses>
				<total>24</total>
				<timestamp>2976.860814</timestamp>
			</report>
			<report>
				<misses>9313001</misses>
				<total>24</total>
				<timestamp>2977.180406</timestamp>
			</report>
			<report>
				<misses>9314001</misses>
				<total>24</total>
				<timestamp>2977.500085</timestamp>
			</report>
			<report>
				<misses>9315001</misses>
				<total>23</total>
				<timestamp>2977.819831</timestamp>
			</report>
			<report>
				<misses>9316001</misses>
				<total>24</total>
				<timestamp>2978.139363</timestamp>
			</report>
			<report>
				<misses>9317001</misses>
				<total>24</total>
				<timestamp>2978.459047</timestamp>
			</report>
			<report>
				<misses>9318001</misses>
				<total>24</total>
				<timestamp>2978.778814</timestamp>
			</report>
			<report>
				<misses>9319001</misses>
				<total>24</total>
				<timestamp>2979.098576</timestamp>
			</report>
			<report>
				<misses>9320001</misses>
				<total>24</total>
				<timestamp>2979.418168</timestamp>
			</report>
			<report>
				<misses>9321001</misses>
				<total>24</total>
				<timestamp>2979.737791</timestamp>
			</report>
			<report>
				<misses>9322001</misses>
				<total>24</total>
				<timestamp>2980.057473</timestamp>
			</report>
			<report>
				<misses>9323001</misses>
				<total>24</total>
				<timestamp>2980.377125</timestamp>
			</report>
			<report>
				<misses>9324001</misses>
				<total>24</total>
				<timestamp>2980.697040</timestamp>
			</report>
			<report>
				<misses>9325001</misses>
				<total>24</total>
				<timestamp>2981.016577</timestamp>
			</report>
			<report>
				<misses>9326001</misses>
				<total>24</total>
				<timestamp>2981.336177</timestamp>
			</report>
			<report>
				<misses>9327001</misses>
				<total>24</total>
				<timestamp>2981.656068</timestamp>
			</report>
			<report>
				<misses>9328001</misses>
				<total>24</total>
				<timestamp>2981.975673</timestamp>
			</report>
			<report>
				<misses>9329001</misses>
				<total>23</total>
				<timestamp>2982.295295</timestamp>
			</report>
			<report>
				<misses>9330001</misses>
				<total>24</total>
				<timestamp>2982.614976</timestamp>
			</report>
			<report>
				<misses>9331001</misses>
				<total>24</total>
				<timestamp>2982.934568</timestamp>
			</report>
			<report>
				<misses>9332001</misses>
				<total>24</total>
				<timestamp>2983.254258</timestamp>
			</report>
			<report>
				<misses>9333001</misses>
				<total>24</total>
				<timestamp>2983.573978</timestamp>
			</report>
			<report>
				<misses>9334001</misses>
				<total>24</total>
				<timestamp>2983.893624</timestamp>
			</report>
			<report>
				<misses>9335001</misses>
				<total>24</total>
				<timestamp>2984.213274</timestamp>
			</report>
			<report>
				<misses>9336001</misses>
				<total>24</total>
				<timestamp>2984.533089</timestamp>
			</report>
			<report>
				<misses>9337001</misses>
				<total>24</total>
				<timestamp>2984.852678</timestamp>
			</report>
			<report>
				<misses>9338001</misses>
				<total>24</total>
				<timestamp>2985.172379</timestamp>
			</report>
			<report>
				<misses>9339001</misses>
				<total>24</total>
				<timestamp>2985.492030</timestamp>
			</report>
			<report>
				<misses>9340001</misses>
				<total>23</total>
				<timestamp>2985.811799</timestamp>
			</report>
			<report>
				<misses>9341001</misses>
				<total>24</total>
				<timestamp>2986.131432</timestamp>
			</report>
			<report>
				<misses>9342001</misses>
				<total>24</total>
				<timestamp>2986.451063</timestamp>
			</report>
			<report>
				<misses>9343001</misses>
				<total>24</total>
				<timestamp>2986.770761</timestamp>
			</report>
			<report>
				<misses>9344001</misses>
				<total>24</total>
				<timestamp>2987.090400</timestamp>
			</report>
			<report>
				<misses>9345001</misses>
				<total>23</total>
				<timestamp>2987.410221</timestamp>
			</report>
			<report>
				<misses>9346001</misses>
				<total>24</total>
				<timestamp>2987.729867</timestamp>
			</report>
			<report>
				<misses>9347001</misses>
				<total>24</total>
				<timestamp>2988.049455</timestamp>
			</report>
			<report>
				<misses>9348001</misses>
				<total>24</total>
				<timestamp>2988.369178</timestamp>
			</report>
			<report>
				<misses>9349001</misses>
				<total>24</total>
				<timestamp>2988.688849</timestamp>
			</report>
			<report>
				<misses>9350001</misses>
				<total>24</total>
				<timestamp>2989.008539</timestamp>
			</report>
			<report>
				<misses>9351001</misses>
				<total>24</total>
				<timestamp>2989.328257</timestamp>
			</report>
			<report>
				<misses>9352001</misses>
				<total>24</total>
				<timestamp>2989.647973</timestamp>
			</report>
			<report>
				<misses>9353001</misses>
				<total>24</total>
				<timestamp>2989.967541</timestamp>
			</report>
			<report>
				<misses>9354001</misses>
				<total>24</total>
				<timestamp>2990.287370</timestamp>
			</report>
			<report>
				<misses>9355001</misses>
				<total>24</total>
				<timestamp>2990.606908</timestamp>
			</report>
			<report>
				<misses>9356001</misses>
				<total>24</total>
				<timestamp>2990.926556</timestamp>
			</report>
			<report>
				<misses>9357001</misses>
				<total>24</total>
				<timestamp>2991.246307</timestamp>
			</report>
			<report>
				<misses>9358001</misses>
				<total>24</total>
				<timestamp>2991.565940</timestamp>
			</report>
			<report>
				<misses>9359001</misses>
				<total>24</total>
				<timestamp>2991.885726</timestamp>
			</report>
			<report>
				<misses>9360001</misses>
				<total>24</total>
				<timestamp>2992.205336</timestamp>
			</report>
			<report>
				<misses>9361001</misses>
				<total>24</total>
				<timestamp>2992.524991</timestamp>
			</report>
			<report>
				<misses>9362001</misses>
				<total>24</total>
				<timestamp>2992.844695</timestamp>
			</report>
			<report>
				<misses>9363001</misses>
				<total>24</total>
				<timestamp>2993.164324</timestamp>
			</report>
			<report>
				<misses>9364001</misses>
				<total>23</total>
				<timestamp>2993.484122</timestamp>
			</report>
			<report>
				<misses>9365001</misses>
				<total>24</total>
				<timestamp>2993.803819</timestamp>
			</report>
			<report>
				<misses>9366001</misses>
				<total>24</total>
				<timestamp>2994.123422</timestamp>
			</report>
			<report>
				<misses>9367001</misses>
				<total>24</total>
				<timestamp>2994.443047</timestamp>
			</report>
			<report>
				<misses>9368001</misses>
				<total>24</total>
				<timestamp>2994.762974</timestamp>
			</report>
			<report>
				<misses>9369001</misses>
				<total>23</total>
				<timestamp>2995.082579</timestamp>
			</report>
			<report>
				<misses>9370001</misses>
				<total>24</total>
				<timestamp>2995.402171</timestamp>
			</report>
			<report>
				<misses>9371001</misses>
				<total>23</total>
				<timestamp>2995.721957</timestamp>
			</report>
			<report>
				<misses>9372001</misses>
				<total>23</total>
				<timestamp>2996.041541</timestamp>
			</report>
			<report>
				<misses>9373001</misses>
				<total>24</total>
				<timestamp>2996.361225</timestamp>
			</report>
			<report>
				<misses>9374001</misses>
				<total>24</total>
				<timestamp>2996.680853</timestamp>
			</report>
			<report>
				<misses>9375001</misses>
				<total>24</total>
				<timestamp>2997.000497</timestamp>
			</report>
			<report>
				<misses>9376001</misses>
				<total>24</total>
				<timestamp>2997.320204</timestamp>
			</report>
			<report>
				<misses>9377001</misses>
				<total>24</total>
				<timestamp>2997.640058</timestamp>
			</report>
			<report>
				<misses>9378001</misses>
				<total>24</total>
				<timestamp>2997.959637</timestamp>
			</report>
			<report>
				<misses>9379001</misses>
				<total>24</total>
				<timestamp>2998.279215</timestamp>
			</report>
			<report>
				<misses>9380001</misses>
				<total>24</total>
				<timestamp>2998.598962</timestamp>
			</report>
			<report>
				<misses>9381001</misses>
				<total>24</total>
				<timestamp>2998.918646</timestamp>
			</report>
			<report>
				<misses>9382001</misses>
				<total>24</total>
				<timestamp>2999.238314</timestamp>
			</report>
			<report>
				<misses>9383001</misses>
				<total>24</total>
				<timestamp>2999.557977</timestamp>
			</report>
			<report>
				<misses>9384001</misses>
				<total>24</total>
				<timestamp>2999.877650</timestamp>
			</report>
			<report>
				<misses>9385001</misses>
				<total>23</total>
				<timestamp>3000.197373</timestamp>
			</report>
			<report>
				<misses>9386001</misses>
				<total>24</total>
				<timestamp>3000.517074</timestamp>
			</report>
			<report>
				<misses>9387001</misses>
				<total>24</total>
				<timestamp>3000.836692</timestamp>
			</report>
			<report>
				<misses>9388001</misses>
				<total>24</total>
				<timestamp>3001.156404</timestamp>
			</report>
			<report>
				<misses>9389001</misses>
				<total>23</total>
				<timestamp>3001.476166</timestamp>
			</report>
			<report>
				<misses>9390001</misses>
				<total>23</total>
				<timestamp>3001.795778</timestamp>
			</report>
			<report>
				<misses>9391001</misses>
				<total>24</total>
				<timestamp>3002.115354</timestamp>
			</report>
			<report>
				<misses>9392001</misses>
				<total>24</total>
				<timestamp>3002.435106</timestamp>
			</report>
			<report>
				<misses>9393001</misses>
				<total>24</total>
				<timestamp>3002.754784</timestamp>
			</report>
			<report>
				<misses>9394001</misses>
				<total>24</total>
				<timestamp>3003.074427</timestamp>
			</report>
			<report>
				<misses>9395001</misses>
				<total>24</total>
				<timestamp>3003.394084</timestamp>
			</report>
			<report>
				<misses>9396001</misses>
				<total>24</total>
				<timestamp>3003.713802</timestamp>
			</report>
			<report>
				<misses>9397001</misses>
				<total>24</total>
				<timestamp>3004.033448</timestamp>
			</report>
			<report>
				<misses>9398001</misses>
				<total>24</total>
				<timestamp>3004.353121</timestamp>
			</report>
			<report>
				<misses>9399001</misses>
				<total>24</total>
				<timestamp>3004.672854</timestamp>
			</report>
			<report>
				<misses>9400001</misses>
				<total>23</total>
				<timestamp>3004.992711</timestamp>
			</report>
			<report>
				<misses>9401001</misses>
				<total>24</total>
				<timestamp>3005.312157</timestamp>
			</report>
			<report>
				<misses>9402001</misses>
				<total>24</total>
				<timestamp>3005.631942</timestamp>
			</report>
			<report>
				<misses>9403001</misses>
				<total>24</total>
				<timestamp>3005.951700</timestamp>
			</report>
			<report>
				<misses>9404001</misses>
				<total>24</total>
				<timestamp>3006.271206</timestamp>
			</report>
			<report>
				<misses>9405001</misses>
				<total>24</total>
				<timestamp>3006.591064</timestamp>
			</report>
			<report>
				<misses>9406001</misses>
				<total>24</total>
				<timestamp>3006.910612</timestamp>
			</report>
			<report>
				<misses>9407001</misses>
				<total>24</total>
				<timestamp>3007.230234</timestamp>
			</report>
			<report>
				<misses>9408001</misses>
				<total>24</total>
				<timestamp>3007.549983</timestamp>
			</report>
			<report>
				<misses>9409001</misses>
				<total>24</total>
				<timestamp>3007.869630</timestamp>
			</report>
			<report>
				<misses>9410001</misses>
				<total>24</total>
				<timestamp>3008.189334</timestamp>
			</report>
			<report>
				<misses>9411001</misses>
				<total>24</total>
				<timestamp>3008.508968</timestamp>
			</report>
			<report>
				<misses>9412001</misses>
				<total>24</total>
				<timestamp>3008.828749</timestamp>
			</report>
			<report>
				<misses>9413001</misses>
				<total>24</total>
				<timestamp>3009.148349</timestamp>
			</report>
			<report>
				<misses>9414001</misses>
				<total>24</total>
				<timestamp>3009.468016</timestamp>
			</report>
			<report>
				<misses>9415001</misses>
				<total>24</total>
				<timestamp>3009.787711</timestamp>
			</report>
			<report>
				<misses>9416001</misses>
				<total>23</total>
				<timestamp>3010.107466</timestamp>
			</report>
			<report>
				<misses>9417001</misses>
				<total>24</total>
				<timestamp>3010.427150</timestamp>
			</report>
			<report>
				<misses>9418001</misses>
				<total>24</total>
				<timestamp>3010.746820</timestamp>
			</report>
			<report>
				<misses>9419001</misses>
				<total>24</total>
				<timestamp>3011.066436</timestamp>
			</report>
			<report>
				<misses>9420001</misses>
				<total>24</total>
				<timestamp>3011.386080</timestamp>
			</report>
			<report>
				<misses>9421001</misses>
				<total>24</total>
				<timestamp>3011.705767</timestamp>
			</report>
			<report>
				<misses>9422001</misses>
				<total>24</total>
				<timestamp>3012.025572</timestamp>
			</report>
			<report>
				<misses>9423001</misses>
				<total>24</total>
				<timestamp>3012.345141</timestamp>
			</report>
			<report>
				<misses>9424001</misses>
				<total>24</total>
				<timestamp>3012.664807</timestamp>
			</report>
			<report>
				<misses>9425001</misses>
				<total>24</total>
				<timestamp>3012.984566</timestamp>
			</report>
			<report>
				<misses>9426001</misses>
				<total>24</total>
				<timestamp>3013.304199</timestamp>
			</report>
			<report>
				<misses>9427001</misses>
				<total>23</total>
				<timestamp>3013.623956</timestamp>
			</report>
			<report>
				<misses>9428001</misses>
				<total>24</total>
				<timestamp>3013.943563</timestamp>
			</report>
			<report>
				<misses>9429001</misses>
				<total>23</total>
				<timestamp>3014.263286</timestamp>
			</report>
			<report>
				<misses>9430001</misses>
				<total>24</total>
				<timestamp>3014.582927</timestamp>
			</report>
			<report>
				<misses>9431001</misses>
				<total>24</total>
				<timestamp>3014.902606</timestamp>
			</report>
			<report>
				<misses>9432001</misses>
				<total>24</total>
				<timestamp>3015.222243</timestamp>
			</report>
			<report>
				<misses>9433001</misses>
				<total>24</total>
				<timestamp>3015.541978</timestamp>
			</report>
			<report>
				<misses>9434001</misses>
				<total>23</total>
				<timestamp>3015.861820</timestamp>
			</report>
			<report>
				<misses>9435001</misses>
				<total>24</total>
				<timestamp>3016.181334</timestamp>
			</report>
			<report>
				<misses>9436001</misses>
				<total>24</total>
				<timestamp>3016.500987</timestamp>
			</report>
			<report>
				<misses>9437001</misses>
				<total>24</total>
				<timestamp>3016.820743</timestamp>
			</report>
			<report>
				<misses>9438001</misses>
				<total>24</total>
				<timestamp>3017.140387</timestamp>
			</report>
			<report>
				<misses>9439001</misses>
				<total>24</total>
				<timestamp>3017.460043</timestamp>
			</report>
			<report>
				<misses>9440001</misses>
				<total>24</total>
				<timestamp>3017.779713</timestamp>
			</report>
			<report>
				<misses>9441001</misses>
				<total>24</total>
				<timestamp>3018.099510</timestamp>
			</report>
			<report>
				<misses>9442001</misses>
				<total>23</total>
				<timestamp>3018.419155</timestamp>
			</report>
			<report>
				<misses>9443001</misses>
				<total>24</total>
				<timestamp>3018.738799</timestamp>
			</report>
			<report>
				<misses>9444001</misses>
				<total>24</total>
				<timestamp>3019.058467</timestamp>
			</report>
			<report>
				<misses>9445001</misses>
				<total>24</total>
				<timestamp>3019.378162</timestamp>
			</report>
			<report>
				<misses>9446001</misses>
				<total>24</total>
				<timestamp>3019.697826</timestamp>
			</report>
			<report>
				<misses>9447001</misses>
				<total>24</total>
				<timestamp>3020.017492</timestamp>
			</report>
			<report>
				<misses>9448001</misses>
				<total>23</total>
				<timestamp>3020.337218</timestamp>
			</report>
			<report>
				<misses>9449001</misses>
				<total>24</total>
				<timestamp>3020.656822</timestamp>
			</report>
			<report>
				<misses>9450001</misses>
				<total>24</total>
				<timestamp>3020.976562</timestamp>
			</report>
			<report>
				<misses>9451001</misses>
				<total>24</total>
				<timestamp>3021.296164</timestamp>
			</report>
			<report>
				<misses>9452001</misses>
				<total>24</total>
				<timestamp>3021.616013</timestamp>
			</report>
			<report>
				<misses>9453001</misses>
				<total>24</total>
				<timestamp>3021.935564</timestamp>
			</report>
			<report>
				<misses>9454001</misses>
				<total>24</total>
				<timestamp>3022.255215</timestamp>
			</report>
			<report>
				<misses>9455001</misses>
				<total>24</total>
				<timestamp>3022.574919</timestamp>
			</report>
			<report>
				<misses>9456001</misses>
				<total>24</total>
				<timestamp>3022.894594</timestamp>
			</report>
			<report>
				<misses>9457001</misses>
				<total>24</total>
				<timestamp>3023.214254</timestamp>
			</report>
			<report>
				<misses>9458001</misses>
				<total>23</total>
				<timestamp>3023.534037</timestamp>
			</report>
			<report>
				<misses>9459001</misses>
				<total>24</total>
				<timestamp>3023.853670</timestamp>
			</report>
			<report>
				<misses>9460001</misses>
				<total>24</total>
				<timestamp>3024.173279</timestamp>
			</report>
			<report>
				<misses>9461001</misses>
				<total>24</total>
				<timestamp>3024.493019</timestamp>
			</report>
			<report>
				<misses>9462001</misses>
				<total>24</total>
				<timestamp>3024.812695</timestamp>
			</report>
			<report>
				<misses>9463001</misses>
				<total>24</total>
				<timestamp>3025.132325</timestamp>
			</report>
			<report>
				<misses>9464001</misses>
				<total>24</total>
				<timestamp>3025.452065</timestamp>
			</report>
			<report>
				<misses>9465001</misses>
				<total>24</total>
				<timestamp>3025.771704</timestamp>
			</report>
			<report>
				<misses>9466001</misses>
				<total>24</total>
				<timestamp>3026.091468</timestamp>
			</report>
			<report>
				<misses>9467001</misses>
				<total>24</total>
				<timestamp>3026.411072</timestamp>
			</report>
			<report>
				<misses>9468001</misses>
				<total>24</total>
				<timestamp>3026.730722</timestamp>
			</report>
			<report>
				<misses>9469001</misses>
				<total>24</total>
				<timestamp>3027.050572</timestamp>
			</report>
			<report>
				<misses>9470001</misses>
				<total>23</total>
				<timestamp>3027.370211</timestamp>
			</report>
			<report>
				<misses>9471001</misses>
				<total>24</total>
				<timestamp>3027.689835</timestamp>
			</report>
			<report>
				<misses>9472001</misses>
				<total>24</total>
				<timestamp>3028.009495</timestamp>
			</report>
			<report>
				<misses>9473001</misses>
				<total>24</total>
				<timestamp>3028.329129</timestamp>
			</report>
			<report>
				<misses>9474001</misses>
				<total>24</total>
				<timestamp>3028.648819</timestamp>
			</report>
			<report>
				<misses>9475001</misses>
				<total>24</total>
				<timestamp>3028.968528</timestamp>
			</report>
			<report>
				<misses>9476001</misses>
				<total>24</total>
				<timestamp>3029.288186</timestamp>
			</report>
			<report>
				<misses>9477001</misses>
				<total>24</total>
				<timestamp>3029.607862</timestamp>
			</report>
			<report>
				<misses>9478001</misses>
				<total>24</total>
				<timestamp>3029.927532</timestamp>
			</report>
			<report>
				<misses>9479001</misses>
				<total>24</total>
				<timestamp>3030.247288</timestamp>
			</report>
			<report>
				<misses>9480001</misses>
				<total>24</total>
				<timestamp>3030.566934</timestamp>
			</report>
			<report>
				<misses>9481001</misses>
				<total>24</total>
				<timestamp>3030.886591</timestamp>
			</report>
			<report>
				<misses>9482001</misses>
				<total>24</total>
				<timestamp>3031.206291</timestamp>
			</report>
			<report>
				<misses>9483001</misses>
				<total>23</total>
				<timestamp>3031.526022</timestamp>
			</report>
			<report>
				<misses>9484001</misses>
				<total>24</total>
				<timestamp>3031.845704</timestamp>
			</report>
			<report>
				<misses>9485001</misses>
				<total>24</total>
				<timestamp>3032.165278</timestamp>
			</report>
			<report>
				<misses>9486001</misses>
				<total>24</total>
				<timestamp>3032.485046</timestamp>
			</report>
			<report>
				<misses>9487001</misses>
				<total>24</total>
				<timestamp>3032.804652</timestamp>
			</report>
			<report>
				<misses>9488001</misses>
				<total>24</total>
				<timestamp>3033.124429</timestamp>
			</report>
			<report>
				<misses>9489001</misses>
				<total>24</total>
				<timestamp>3033.444084</timestamp>
			</report>
			<report>
				<misses>9490001</misses>
				<total>24</total>
				<timestamp>3033.763787</timestamp>
			</report>
			<report>
				<misses>9491001</misses>
				<total>24</total>
				<timestamp>3034.083390</timestamp>
			</report>
			<report>
				<misses>9492001</misses>
				<total>24</total>
				<timestamp>3034.403058</timestamp>
			</report>
			<report>
				<misses>9493001</misses>
				<total>24</total>
				<timestamp>3034.722726</timestamp>
			</report>
			<report>
				<misses>9494001</misses>
				<total>23</total>
				<timestamp>3035.042614</timestamp>
			</report>
			<report>
				<misses>9495001</misses>
				<total>24</total>
				<timestamp>3035.362173</timestamp>
			</report>
			<report>
				<misses>9496001</misses>
				<total>24</total>
				<timestamp>3035.681802</timestamp>
			</report>
			<report>
				<misses>9497001</misses>
				<total>24</total>
				<timestamp>3036.001461</timestamp>
			</report>
			<report>
				<misses>9498001</misses>
				<total>24</total>
				<timestamp>3036.321153</timestamp>
			</report>
			<report>
				<misses>9499001</misses>
				<total>24</total>
				<timestamp>3036.640852</timestamp>
			</report>
			<report>
				<misses>9500001</misses>
				<total>24</total>
				<timestamp>3036.960517</timestamp>
			</report>
			<report>
				<misses>9501001</misses>
				<total>24</total>
				<timestamp>3037.280307</timestamp>
			</report>
			<report>
				<misses>9502001</misses>
				<total>24</total>
				<timestamp>3037.599870</timestamp>
			</report>
			<report>
				<misses>9503001</misses>
				<total>23</total>
				<timestamp>3037.919638</timestamp>
			</report>
			<report>
				<misses>9504001</misses>
				<total>24</total>
				<timestamp>3038.239298</timestamp>
			</report>
			<report>
				<misses>9505001</misses>
				<total>23</total>
				<timestamp>3038.559002</timestamp>
			</report>
			<report>
				<misses>9506001</misses>
				<total>24</total>
				<timestamp>3038.878697</timestamp>
			</report>
			<report>
				<misses>9507001</misses>
				<total>24</total>
				<timestamp>3039.198263</timestamp>
			</report>
			<report>
				<misses>9508001</misses>
				<total>23</total>
				<timestamp>3039.518023</timestamp>
			</report>
			<report>
				<misses>9509001</misses>
				<total>24</total>
				<timestamp>3039.837607</timestamp>
			</report>
			<report>
				<misses>9510001</misses>
				<total>23</total>
				<timestamp>3040.157434</timestamp>
			</report>
			<report>
				<misses>9511001</misses>
				<total>24</total>
				<timestamp>3040.477024</timestamp>
			</report>
			<report>
				<misses>9512001</misses>
				<total>24</total>
				<timestamp>3040.796726</timestamp>
			</report>
			<report>
				<misses>9513001</misses>
				<total>24</total>
				<timestamp>3041.116435</timestamp>
			</report>
			<report>
				<misses>9514001</misses>
				<total>23</total>
				<timestamp>3041.436101</timestamp>
			</report>
			<report>
				<misses>9515001</misses>
				<total>24</total>
				<timestamp>3041.755703</timestamp>
			</report>
			<report>
				<misses>9516001</misses>
				<total>24</total>
				<timestamp>3042.075429</timestamp>
			</report>
			<report>
				<misses>9517001</misses>
				<total>24</total>
				<timestamp>3042.395103</timestamp>
			</report>
			<report>
				<misses>9518001</misses>
				<total>24</total>
				<timestamp>3042.714754</timestamp>
			</report>
			<report>
				<misses>9519001</misses>
				<total>24</total>
				<timestamp>3043.034396</timestamp>
			</report>
			<report>
				<misses>9520001</misses>
				<total>24</total>
				<timestamp>3043.354193</timestamp>
			</report>
			<report>
				<misses>9521001</misses>
				<total>24</total>
				<timestamp>3043.673835</timestamp>
			</report>
			<report>
				<misses>9522001</misses>
				<total>24</total>
				<timestamp>3043.993560</timestamp>
			</report>
			<report>
				<misses>9523001</misses>
				<total>24</total>
				<timestamp>3044.313152</timestamp>
			</report>
			<report>
				<misses>9524001</misses>
				<total>24</total>
				<timestamp>3044.632935</timestamp>
			</report>
			<report>
				<misses>9525001</misses>
				<total>24</total>
				<timestamp>3044.952560</timestamp>
			</report>
			<report>
				<misses>9526001</misses>
				<total>24</total>
				<timestamp>3045.272170</timestamp>
			</report>
			<report>
				<misses>9527001</misses>
				<total>24</total>
				<timestamp>3045.591889</timestamp>
			</report>
			<report>
				<misses>9528001</misses>
				<total>24</total>
				<timestamp>3045.911699</timestamp>
			</report>
			<report>
				<misses>9529001</misses>
				<total>24</total>
				<timestamp>3046.231294</timestamp>
			</report>
			<report>
				<misses>9530001</misses>
				<total>24</total>
				<timestamp>3046.550898</timestamp>
			</report>
			<report>
				<misses>9531001</misses>
				<total>24</total>
				<timestamp>3046.870664</timestamp>
			</report>
			<report>
				<misses>9532001</misses>
				<total>24</total>
				<timestamp>3047.190267</timestamp>
			</report>
			<report>
				<misses>9533001</misses>
				<total>23</total>
				<timestamp>3047.510022</timestamp>
			</report>
			<report>
				<misses>9534001</misses>
				<total>24</total>
				<timestamp>3047.829669</timestamp>
			</report>
			<report>
				<misses>9535001</misses>
				<total>24</total>
				<timestamp>3048.149326</timestamp>
			</report>
			<report>
				<misses>9536001</misses>
				<total>23</total>
				<timestamp>3048.469083</timestamp>
			</report>
			<report>
				<misses>9537001</misses>
				<total>24</total>
				<timestamp>3048.788708</timestamp>
			</report>
			<report>
				<misses>9538001</misses>
				<total>23</total>
				<timestamp>3049.108412</timestamp>
			</report>
			<report>
				<misses>9539001</misses>
				<total>24</total>
				<timestamp>3049.428030</timestamp>
			</report>
			<report>
				<misses>9540001</misses>
				<total>24</total>
				<timestamp>3049.747720</timestamp>
			</report>
			<report>
				<misses>9541001</misses>
				<total>24</total>
				<timestamp>3050.067421</timestamp>
			</report>
			<report>
				<misses>9542001</misses>
				<total>24</total>
				<timestamp>3050.387117</timestamp>
			</report>
			<report>
				<misses>9543001</misses>
				<total>24</total>
				<timestamp>3050.706739</timestamp>
			</report>
			<report>
				<misses>9544001</misses>
				<total>24</total>
				<timestamp>3051.026437</timestamp>
			</report>
			<report>
				<misses>9545001</misses>
				<total>24</total>
				<timestamp>3051.346073</timestamp>
			</report>
			<report>
				<misses>9546001</misses>
				<total>24</total>
				<timestamp>3051.665776</timestamp>
			</report>
			<report>
				<misses>9547001</misses>
				<total>23</total>
				<timestamp>3051.985536</timestamp>
			</report>
			<report>
				<misses>9548001</misses>
				<total>24</total>
				<timestamp>3052.305164</timestamp>
			</report>
			<report>
				<misses>9549001</misses>
				<total>23</total>
				<timestamp>3052.624951</timestamp>
			</report>
			<report>
				<misses>9550001</misses>
				<total>24</total>
				<timestamp>3052.944576</timestamp>
			</report>
			<report>
				<misses>9551001</misses>
				<total>24</total>
				<timestamp>3053.264194</timestamp>
			</report>
			<report>
				<misses>9552001</misses>
				<total>23</total>
				<timestamp>3053.583953</timestamp>
			</report>
			<report>
				<misses>9553001</misses>
				<total>24</total>
				<timestamp>3053.903538</timestamp>
			</report>
			<report>
				<misses>9554001</misses>
				<total>24</total>
				<timestamp>3054.223204</timestamp>
			</report>
			<report>
				<misses>9555001</misses>
				<total>24</total>
				<timestamp>3054.542965</timestamp>
			</report>
			<report>
				<misses>9556001</misses>
				<total>24</total>
				<timestamp>3054.862588</timestamp>
			</report>
			<report>
				<misses>9557001</misses>
				<total>24</total>
				<timestamp>3055.182360</timestamp>
			</report>
			<report>
				<misses>9558001</misses>
				<total>24</total>
				<timestamp>3055.501952</timestamp>
			</report>
			<report>
				<misses>9559001</misses>
				<total>23</total>
				<timestamp>3055.821812</timestamp>
			</report>
			<report>
				<misses>9560001</misses>
				<total>24</total>
				<timestamp>3056.141355</timestamp>
			</report>
			<report>
				<misses>9561001</misses>
				<total>24</total>
				<timestamp>3056.460989</timestamp>
			</report>
			<report>
				<misses>9562001</misses>
				<total>24</total>
				<timestamp>3056.780685</timestamp>
			</report>
			<report>
				<misses>9563001</misses>
				<total>24</total>
				<timestamp>3057.100367</timestamp>
			</report>
			<report>
				<misses>9564001</misses>
				<total>24</total>
				<timestamp>3057.420024</timestamp>
			</report>
			<report>
				<misses>9565001</misses>
				<total>24</total>
				<timestamp>3057.739783</timestamp>
			</report>
			<report>
				<misses>9566001</misses>
				<total>23</total>
				<timestamp>3058.059487</timestamp>
			</report>
			<report>
				<misses>9567001</misses>
				<total>24</total>
				<timestamp>3058.379048</timestamp>
			</report>
			<report>
				<misses>9568001</misses>
				<total>24</total>
				<timestamp>3058.698831</timestamp>
			</report>
			<report>
				<misses>9569001</misses>
				<total>24</total>
				<timestamp>3059.018411</timestamp>
			</report>
			<report>
				<misses>9570001</misses>
				<total>24</total>
				<timestamp>3059.338109</timestamp>
			</report>
			<report>
				<misses>9571001</misses>
				<total>23</total>
				<timestamp>3059.657869</timestamp>
			</report>
			<report>
				<misses>9572001</misses>
				<total>24</total>
				<timestamp>3059.977497</timestamp>
			</report>
			<report>
				<misses>9573001</misses>
				<total>24</total>
				<timestamp>3060.297249</timestamp>
			</report>
			<report>
				<misses>9574001</misses>
				<total>24</total>
				<timestamp>3060.616808</timestamp>
			</report>
			<report>
				<misses>9575001</misses>
				<total>24</total>
				<timestamp>3060.936579</timestamp>
			</report>
			<report>
				<misses>9576001</misses>
				<total>24</total>
				<timestamp>3061.256181</timestamp>
			</report>
			<report>
				<misses>9577001</misses>
				<total>24</total>
				<timestamp>3061.575859</timestamp>
			</report>
			<report>
				<misses>9578001</misses>
				<total>24</total>
				<timestamp>3061.895716</timestamp>
			</report>
			<report>
				<misses>9579001</misses>
				<total>24</total>
				<timestamp>3062.215244</timestamp>
			</report>
			<report>
				<misses>9580001</misses>
				<total>24</total>
				<timestamp>3062.534887</timestamp>
			</report>
			<report>
				<misses>9581001</misses>
				<total>24</total>
				<timestamp>3062.854569</timestamp>
			</report>
			<report>
				<misses>9582001</misses>
				<total>24</total>
				<timestamp>3063.174348</timestamp>
			</report>
			<report>
				<misses>9583001</misses>
				<total>24</total>
				<timestamp>3063.493929</timestamp>
			</report>
			<report>
				<misses>9584001</misses>
				<total>24</total>
				<timestamp>3063.813638</timestamp>
			</report>
			<report>
				<misses>9585001</misses>
				<total>24</total>
				<timestamp>3064.133344</timestamp>
			</report>
			<report>
				<misses>9586001</misses>
				<total>24</total>
				<timestamp>3064.452957</timestamp>
			</report>
			<report>
				<misses>9587001</misses>
				<total>24</total>
				<timestamp>3064.772820</timestamp>
			</report>
			<report>
				<misses>9588001</misses>
				<total>24</total>
				<timestamp>3065.092394</timestamp>
			</report>
			<report>
				<misses>9589001</misses>
				<total>24</total>
				<timestamp>3065.412023</timestamp>
			</report>
			<report>
				<misses>9590001</misses>
				<total>23</total>
				<timestamp>3065.731945</timestamp>
			</report>
			<report>
				<misses>9591001</misses>
				<total>24</total>
				<timestamp>3066.051433</timestamp>
			</report>
			<report>
				<misses>9592001</misses>
				<total>24</total>
				<timestamp>3066.371147</timestamp>
			</report>
			<report>
				<misses>9593001</misses>
				<total>24</total>
				<timestamp>3066.690823</timestamp>
			</report>
			<report>
				<misses>9594001</misses>
				<total>24</total>
				<timestamp>3067.010472</timestamp>
			</report>
			<report>
				<misses>9595001</misses>
				<total>24</total>
				<timestamp>3067.330237</timestamp>
			</report>
			<report>
				<misses>9596001</misses>
				<total>24</total>
				<timestamp>3067.649864</timestamp>
			</report>
			<report>
				<misses>9597001</misses>
				<total>23</total>
				<timestamp>3067.969553</timestamp>
			</report>
			<report>
				<misses>9598001</misses>
				<total>24</total>
				<timestamp>3068.289134</timestamp>
			</report>
			<report>
				<misses>9599001</misses>
				<total>24</total>
				<timestamp>3068.608841</timestamp>
			</report>
			<report>
				<misses>9600001</misses>
				<total>24</total>
				<timestamp>3068.928559</timestamp>
			</report>
			<report>
				<misses>9601001</misses>
				<total>24</total>
				<timestamp>3069.248230</timestamp>
			</report>
			<report>
				<misses>9602001</misses>
				<total>24</total>
				<timestamp>3069.568079</timestamp>
			</report>
			<report>
				<misses>9603001</misses>
				<total>24</total>
				<timestamp>3069.887544</timestamp>
			</report>
			<report>
				<misses>9604001</misses>
				<total>24</total>
				<timestamp>3070.207258</timestamp>
			</report>
			<report>
				<misses>9605001</misses>
				<total>24</total>
				<timestamp>3070.526945</timestamp>
			</report>
			<report>
				<misses>9606001</misses>
				<total>24</total>
				<timestamp>3070.846559</timestamp>
			</report>
			<report>
				<misses>9607001</misses>
				<total>24</total>
				<timestamp>3071.166266</timestamp>
			</report>
			<report>
				<misses>9608001</misses>
				<total>23</total>
				<timestamp>3071.486043</timestamp>
			</report>
			<report>
				<misses>9609001</misses>
				<total>24</total>
				<timestamp>3071.805685</timestamp>
			</report>
			<report>
				<misses>9610001</misses>
				<total>24</total>
				<timestamp>3072.125322</timestamp>
			</report>
			<report>
				<misses>9611001</misses>
				<total>24</total>
				<timestamp>3072.444972</timestamp>
			</report>
			<report>
				<misses>9612001</misses>
				<total>24</total>
				<timestamp>3072.764703</timestamp>
			</report>
			<report>
				<misses>9613001</misses>
				<total>24</total>
				<timestamp>3073.084350</timestamp>
			</report>
			<report>
				<misses>9614001</misses>
				<total>24</total>
				<timestamp>3073.404018</timestamp>
			</report>
			<report>
				<misses>9615001</misses>
				<total>24</total>
				<timestamp>3073.723706</timestamp>
			</report>
			<report>
				<misses>9616001</misses>
				<total>24</total>
				<timestamp>3074.043364</timestamp>
			</report>
			<report>
				<misses>9617001</misses>
				<total>24</total>
				<timestamp>3074.363093</timestamp>
			</report>
			<report>
				<misses>9618001</misses>
				<total>24</total>
				<timestamp>3074.682726</timestamp>
			</report>
			<report>
				<misses>9619001</misses>
				<total>24</total>
				<timestamp>3075.002430</timestamp>
			</report>
			<report>
				<misses>9620001</misses>
				<total>24</total>
				<timestamp>3075.322171</timestamp>
			</report>
			<report>
				<misses>9621001</misses>
				<total>24</total>
				<timestamp>3075.641834</timestamp>
			</report>
			<report>
				<misses>9622001</misses>
				<total>24</total>
				<timestamp>3075.961562</timestamp>
			</report>
			<report>
				<misses>9623001</misses>
				<total>24</total>
				<timestamp>3076.281194</timestamp>
			</report>
			<report>
				<misses>9624001</misses>
				<total>24</total>
				<timestamp>3076.600934</timestamp>
			</report>
			<report>
				<misses>9625001</misses>
				<total>24</total>
				<timestamp>3076.920560</timestamp>
			</report>
			<report>
				<misses>9626001</misses>
				<total>24</total>
				<timestamp>3077.240201</timestamp>
			</report>
			<report>
				<misses>9627001</misses>
				<total>24</total>
				<timestamp>3077.559980</timestamp>
			</report>
			<report>
				<misses>9628001</misses>
				<total>24</total>
				<timestamp>3077.879582</timestamp>
			</report>
			<report>
				<misses>9629001</misses>
				<total>24</total>
				<timestamp>3078.199224</timestamp>
			</report>
			<report>
				<misses>9630001</misses>
				<total>23</total>
				<timestamp>3078.519071</timestamp>
			</report>
			<report>
				<misses>9631001</misses>
				<total>23</total>
				<timestamp>3078.838690</timestamp>
			</report>
			<report>
				<misses>9632001</misses>
				<total>24</total>
				<timestamp>3079.158255</timestamp>
			</report>
			<report>
				<misses>9633001</misses>
				<total>24</total>
				<timestamp>3079.477965</timestamp>
			</report>
			<report>
				<misses>9634001</misses>
				<total>24</total>
				<timestamp>3079.797680</timestamp>
			</report>
			<report>
				<misses>9635001</misses>
				<total>24</total>
				<timestamp>3080.117374</timestamp>
			</report>
			<report>
				<misses>9636001</misses>
				<total>24</total>
				<timestamp>3080.436961</timestamp>
			</report>
			<report>
				<misses>9637001</misses>
				<total>24</total>
				<timestamp>3080.756710</timestamp>
			</report>
			<report>
				<misses>9638001</misses>
				<total>24</total>
				<timestamp>3081.076389</timestamp>
			</report>
			<report>
				<misses>9639001</misses>
				<total>24</total>
				<timestamp>3081.396054</timestamp>
			</report>
			<report>
				<misses>9640001</misses>
				<total>24</total>
				<timestamp>3081.715787</timestamp>
			</report>
			<report>
				<misses>9641001</misses>
				<total>24</total>
				<timestamp>3082.035441</timestamp>
			</report>
			<report>
				<misses>9642001</misses>
				<total>24</total>
				<timestamp>3082.355119</timestamp>
			</report>
			<report>
				<misses>9643001</misses>
				<total>24</total>
				<timestamp>3082.674745</timestamp>
			</report>
			<report>
				<misses>9644001</misses>
				<total>24</total>
				<timestamp>3082.994428</timestamp>
			</report>
			<report>
				<misses>9645001</misses>
				<total>24</total>
				<timestamp>3083.314106</timestamp>
			</report>
			<report>
				<misses>9646001</misses>
				<total>24</total>
				<timestamp>3083.633817</timestamp>
			</report>
			<report>
				<misses>9647001</misses>
				<total>24</total>
				<timestamp>3083.953446</timestamp>
			</report>
			<report>
				<misses>9648001</misses>
				<total>24</total>
				<timestamp>3084.273205</timestamp>
			</report>
			<report>
				<misses>9649001</misses>
				<total>24</total>
				<timestamp>3084.592953</timestamp>
			</report>
			<report>
				<misses>9650001</misses>
				<total>24</total>
				<timestamp>3084.912491</timestamp>
			</report>
			<report>
				<misses>9651001</misses>
				<total>24</total>
				<timestamp>3085.232299</timestamp>
			</report>
			<report>
				<misses>9652001</misses>
				<total>24</total>
				<timestamp>3085.551951</timestamp>
			</report>
			<report>
				<misses>9653001</misses>
				<total>24</total>
				<timestamp>3085.871533</timestamp>
			</report>
			<report>
				<misses>9654001</misses>
				<total>24</total>
				<timestamp>3086.191233</timestamp>
			</report>
			<report>
				<misses>9655001</misses>
				<total>24</total>
				<timestamp>3086.510908</timestamp>
			</report>
			<report>
				<misses>9656001</misses>
				<total>24</total>
				<timestamp>3086.830568</timestamp>
			</report>
			<report>
				<misses>9657001</misses>
				<total>24</total>
				<timestamp>3087.150283</timestamp>
			</report>
			<report>
				<misses>9658001</misses>
				<total>24</total>
				<timestamp>3087.469933</timestamp>
			</report>
			<report>
				<misses>9659001</misses>
				<total>24</total>
				<timestamp>3087.789703</timestamp>
			</report>
			<report>
				<misses>9660001</misses>
				<total>24</total>
				<timestamp>3088.109423</timestamp>
			</report>
			<report>
				<misses>9661001</misses>
				<total>23</total>
				<timestamp>3088.429064</timestamp>
			</report>
			<report>
				<misses>9662001</misses>
				<total>23</total>
				<timestamp>3088.748825</timestamp>
			</report>
			<report>
				<misses>9663001</misses>
				<total>24</total>
				<timestamp>3089.068423</timestamp>
			</report>
			<report>
				<misses>9664001</misses>
				<total>24</total>
				<timestamp>3089.388096</timestamp>
			</report>
			<report>
				<misses>9665001</misses>
				<total>24</total>
				<timestamp>3089.707749</timestamp>
			</report>
			<report>
				<misses>9666001</misses>
				<total>24</total>
				<timestamp>3090.027452</timestamp>
			</report>
			<report>
				<misses>9667001</misses>
				<total>24</total>
				<timestamp>3090.347101</timestamp>
			</report>
			<report>
				<misses>9668001</misses>
				<total>24</total>
				<timestamp>3090.666757</timestamp>
			</report>
			<report>
				<misses>9669001</misses>
				<total>23</total>
				<timestamp>3090.986510</timestamp>
			</report>
			<report>
				<misses>9670001</misses>
				<total>24</total>
				<timestamp>3091.306184</timestamp>
			</report>
			<report>
				<misses>9671001</misses>
				<total>24</total>
				<timestamp>3091.625774</timestamp>
			</report>
			<report>
				<misses>9672001</misses>
				<total>24</total>
				<timestamp>3091.945500</timestamp>
			</report>
			<report>
				<misses>9673001</misses>
				<total>24</total>
				<timestamp>3092.265172</timestamp>
			</report>
			<report>
				<misses>9674001</misses>
				<total>24</total>
				<timestamp>3092.584892</timestamp>
			</report>
			<report>
				<misses>9675001</misses>
				<total>24</total>
				<timestamp>3092.904623</timestamp>
			</report>
			<report>
				<misses>9676001</misses>
				<total>24</total>
				<timestamp>3093.224218</timestamp>
			</report>
			<report>
				<misses>9677001</misses>
				<total>24</total>
				<timestamp>3093.543910</timestamp>
			</report>
			<report>
				<misses>9678001</misses>
				<total>24</total>
				<timestamp>3093.863594</timestamp>
			</report>
			<report>
				<misses>9679001</misses>
				<total>23</total>
				<timestamp>3094.183336</timestamp>
			</report>
			<report>
				<misses>9680001</misses>
				<total>24</total>
				<timestamp>3094.502929</timestamp>
			</report>
			<report>
				<misses>9681001</misses>
				<total>24</total>
				<timestamp>3094.822704</timestamp>
			</report>
			<report>
				<misses>9682001</misses>
				<total>24</total>
				<timestamp>3095.142249</timestamp>
			</report>
			<report>
				<misses>9683001</misses>
				<total>24</total>
				<timestamp>3095.461930</timestamp>
			</report>
			<report>
				<misses>9684001</misses>
				<total>24</total>
				<timestamp>3095.781691</timestamp>
			</report>
			<report>
				<misses>9685001</misses>
				<total>24</total>
				<timestamp>3096.101281</timestamp>
			</report>
			<report>
				<misses>9686001</misses>
				<total>24</total>
				<timestamp>3096.421048</timestamp>
			</report>
			<report>
				<misses>9687001</misses>
				<total>24</total>
				<timestamp>3096.740705</timestamp>
			</report>
			<report>
				<misses>9688001</misses>
				<total>24</total>
				<timestamp>3097.060343</timestamp>
			</report>
			<report>
				<misses>9689001</misses>
				<total>24</total>
				<timestamp>3097.380127</timestamp>
			</report>
			<report>
				<misses>9690001</misses>
				<total>24</total>
				<timestamp>3097.699692</timestamp>
			</report>
			<report>
				<misses>9691001</misses>
				<total>24</total>
				<timestamp>3098.019370</timestamp>
			</report>
			<report>
				<misses>9692001</misses>
				<total>24</total>
				<timestamp>3098.339056</timestamp>
			</report>
			<report>
				<misses>9693001</misses>
				<total>24</total>
				<timestamp>3098.658829</timestamp>
			</report>
			<report>
				<misses>9694001</misses>
				<total>24</total>
				<timestamp>3098.978404</timestamp>
			</report>
			<report>
				<misses>9695001</misses>
				<total>24</total>
				<timestamp>3099.298133</timestamp>
			</report>
			<report>
				<misses>9696001</misses>
				<total>24</total>
				<timestamp>3099.617824</timestamp>
			</report>
			<report>
				<misses>9697001</misses>
				<total>24</total>
				<timestamp>3099.937441</timestamp>
			</report>
			<report>
				<misses>9698001</misses>
				<total>24</total>
				<timestamp>3100.257160</timestamp>
			</report>
			<report>
				<misses>9699001</misses>
				<total>24</total>
				<timestamp>3100.576826</timestamp>
			</report>
			<report>
				<misses>9700001</misses>
				<total>24</total>
				<timestamp>3100.896566</timestamp>
			</report>
			<report>
				<misses>9701001</misses>
				<total>24</total>
				<timestamp>3101.216207</timestamp>
			</report>
			<report>
				<misses>9702001</misses>
				<total>24</total>
				<timestamp>3101.535942</timestamp>
			</report>
			<report>
				<misses>9703001</misses>
				<total>24</total>
				<timestamp>3101.855563</timestamp>
			</report>
			<report>
				<misses>9704001</misses>
				<total>24</total>
				<timestamp>3102.175279</timestamp>
			</report>
			<report>
				<misses>9705001</misses>
				<total>24</total>
				<timestamp>3102.494975</timestamp>
			</report>
			<report>
				<misses>9706001</misses>
				<total>24</total>
				<timestamp>3102.814604</timestamp>
			</report>
			<report>
				<misses>9707001</misses>
				<total>24</total>
				<timestamp>3103.134256</timestamp>
			</report>
			<report>
				<misses>9708001</misses>
				<total>24</total>
				<timestamp>3103.453934</timestamp>
			</report>
			<report>
				<misses>9709001</misses>
				<total>24</total>
				<timestamp>3103.773720</timestamp>
			</report>
			<report>
				<misses>9710001</misses>
				<total>24</total>
				<timestamp>3104.093323</timestamp>
			</report>
			<report>
				<misses>9711001</misses>
				<total>23</total>
				<timestamp>3104.413118</timestamp>
			</report>
			<report>
				<misses>9712001</misses>
				<total>24</total>
				<timestamp>3104.732692</timestamp>
			</report>
			<report>
				<misses>9713001</misses>
				<total>24</total>
				<timestamp>3105.052319</timestamp>
			</report>
			<report>
				<misses>9714001</misses>
				<total>24</total>
				<timestamp>3105.372052</timestamp>
			</report>
			<report>
				<misses>9715001</misses>
				<total>23</total>
				<timestamp>3105.691810</timestamp>
			</report>
			<report>
				<misses>9716001</misses>
				<total>24</total>
				<timestamp>3106.011421</timestamp>
			</report>
			<report>
				<misses>9717001</misses>
				<total>24</total>
				<timestamp>3106.331085</timestamp>
			</report>
			<report>
				<misses>9718001</misses>
				<total>24</total>
				<timestamp>3106.650788</timestamp>
			</report>
			<report>
				<misses>9719001</misses>
				<total>24</total>
				<timestamp>3106.970581</timestamp>
			</report>
			<report>
				<misses>9720001</misses>
				<total>24</total>
				<timestamp>3107.290151</timestamp>
			</report>
			<report>
				<misses>9721001</misses>
				<total>24</total>
				<timestamp>3107.609840</timestamp>
			</report>
			<report>
				<misses>9722001</misses>
				<total>24</total>
				<timestamp>3107.929583</timestamp>
			</report>
			<report>
				<misses>9723001</misses>
				<total>23</total>
				<timestamp>3108.249232</timestamp>
			</report>
			<report>
				<misses>9724001</misses>
				<total>24</total>
				<timestamp>3108.568838</timestamp>
			</report>
			<report>
				<misses>9725001</misses>
				<total>24</total>
				<timestamp>3108.888645</timestamp>
			</report>
			<report>
				<misses>9726001</misses>
				<total>24</total>
				<timestamp>3109.208208</timestamp>
			</report>
			<report>
				<misses>9727001</misses>
				<total>23</total>
				<timestamp>3109.528111</timestamp>
			</report>
			<report>
				<misses>9728001</misses>
				<total>24</total>
				<timestamp>3109.847666</timestamp>
			</report>
			<report>
				<misses>9729001</misses>
				<total>24</total>
				<timestamp>3110.167198</timestamp>
			</report>
			<report>
				<misses>9730001</misses>
				<total>23</total>
				<timestamp>3110.486989</timestamp>
			</report>
			<report>
				<misses>9731001</misses>
				<total>24</total>
				<timestamp>3110.806582</timestamp>
			</report>
			<report>
				<misses>9732001</misses>
				<total>24</total>
				<timestamp>3111.126272</timestamp>
			</report>
			<report>
				<misses>9733001</misses>
				<total>24</total>
				<timestamp>3111.445979</timestamp>
			</report>
			<report>
				<misses>9734001</misses>
				<total>24</total>
				<timestamp>3111.765721</timestamp>
			</report>
			<report>
				<misses>9735001</misses>
				<total>24</total>
				<timestamp>3112.085349</timestamp>
			</report>
			<report>
				<misses>9736001</misses>
				<total>24</total>
				<timestamp>3112.404990</timestamp>
			</report>
			<report>
				<misses>9737001</misses>
				<total>24</total>
				<timestamp>3112.724710</timestamp>
			</report>
			<report>
				<misses>9738001</misses>
				<total>24</total>
				<timestamp>3113.044326</timestamp>
			</report>
			<report>
				<misses>9739001</misses>
				<total>24</total>
				<timestamp>3113.364073</timestamp>
			</report>
			<report>
				<misses>9740001</misses>
				<total>24</total>
				<timestamp>3113.683823</timestamp>
			</report>
			<report>
				<misses>9741001</misses>
				<total>24</total>
				<timestamp>3114.003407</timestamp>
			</report>
			<report>
				<misses>9742001</misses>
				<total>24</total>
				<timestamp>3114.323120</timestamp>
			</report>
			<report>
				<misses>9743001</misses>
				<total>24</total>
				<timestamp>3114.642756</timestamp>
			</report>
			<report>
				<misses>9744001</misses>
				<total>24</total>
				<timestamp>3114.962472</timestamp>
			</report>
			<report>
				<misses>9745001</misses>
				<total>24</total>
				<timestamp>3115.282114</timestamp>
			</report>
			<report>
				<misses>9746001</misses>
				<total>23</total>
				<timestamp>3115.601909</timestamp>
			</report>
			<report>
				<misses>9747001</misses>
				<total>24</total>
				<timestamp>3115.921519</timestamp>
			</report>
			<report>
				<misses>9748001</misses>
				<total>24</total>
				<timestamp>3116.241131</timestamp>
			</report>
			<report>
				<misses>9749001</misses>
				<total>24</total>
				<timestamp>3116.560820</timestamp>
			</report>
			<report>
				<misses>9750001</misses>
				<total>24</total>
				<timestamp>3116.880563</timestamp>
			</report>
			<report>
				<misses>9751001</misses>
				<total>24</total>
				<timestamp>3117.200202</timestamp>
			</report>
			<report>
				<misses>9752001</misses>
				<total>23</total>
				<timestamp>3117.519989</timestamp>
			</report>
			<report>
				<misses>9753001</misses>
				<total>24</total>
				<timestamp>3117.839562</timestamp>
			</report>
			<report>
				<misses>9754001</misses>
				<total>24</total>
				<timestamp>3118.159195</timestamp>
			</report>
			<report>
				<misses>9755001</misses>
				<total>24</total>
				<timestamp>3118.478941</timestamp>
			</report>
			<report>
				<misses>9756001</misses>
				<total>24</total>
				<timestamp>3118.798701</timestamp>
			</report>
			<report>
				<misses>9757001</misses>
				<total>23</total>
				<timestamp>3119.118340</timestamp>
			</report>
			<report>
				<misses>9758001</misses>
				<total>24</total>
				<timestamp>3119.437951</timestamp>
			</report>
			<report>
				<misses>9759001</misses>
				<total>23</total>
				<timestamp>3119.757707</timestamp>
			</report>
			<report>
				<misses>9760001</misses>
				<total>24</total>
				<timestamp>3120.077340</timestamp>
			</report>
			<report>
				<misses>9761001</misses>
				<total>24</total>
				<timestamp>3120.397076</timestamp>
			</report>
			<report>
				<misses>9762001</misses>
				<total>24</total>
				<timestamp>3120.716669</timestamp>
			</report>
			<report>
				<misses>9763001</misses>
				<total>24</total>
				<timestamp>3121.036321</timestamp>
			</report>
			<report>
				<misses>9764001</misses>
				<total>24</total>
				<timestamp>3121.356061</timestamp>
			</report>
			<report>
				<misses>9765001</misses>
				<total>24</total>
				<timestamp>3121.675781</timestamp>
			</report>
			<report>
				<misses>9766001</misses>
				<total>24</total>
				<timestamp>3121.995376</timestamp>
			</report>
			<report>
				<misses>9767001</misses>
				<total>24</total>
				<timestamp>3122.315053</timestamp>
			</report>
			<report>
				<misses>9768001</misses>
				<total>24</total>
				<timestamp>3122.634766</timestamp>
			</report>
			<report>
				<misses>9769001</misses>
				<total>24</total>
				<timestamp>3122.954472</timestamp>
			</report>
			<report>
				<misses>9770001</misses>
				<total>24</total>
				<timestamp>3123.274106</timestamp>
			</report>
			<report>
				<misses>9771001</misses>
				<total>23</total>
				<timestamp>3123.593936</timestamp>
			</report>
			<report>
				<misses>9772001</misses>
				<total>24</total>
				<timestamp>3123.913575</timestamp>
			</report>
			<report>
				<misses>9773001</misses>
				<total>24</total>
				<timestamp>3124.233176</timestamp>
			</report>
			<report>
				<misses>9774001</misses>
				<total>24</total>
				<timestamp>3124.552997</timestamp>
			</report>
			<report>
				<misses>9775001</misses>
				<total>24</total>
				<timestamp>3124.872485</timestamp>
			</report>
			<report>
				<misses>9776001</misses>
				<total>24</total>
				<timestamp>3125.192226</timestamp>
			</report>
			<report>
				<misses>9777001</misses>
				<total>24</total>
				<timestamp>3125.511903</timestamp>
			</report>
			<report>
				<misses>9778001</misses>
				<total>24</total>
				<timestamp>3125.831613</timestamp>
			</report>
			<report>
				<misses>9779001</misses>
				<total>24</total>
				<timestamp>3126.151193</timestamp>
			</report>
			<report>
				<misses>9780001</misses>
				<total>24</total>
				<timestamp>3126.470972</timestamp>
			</report>
			<report>
				<misses>9781001</misses>
				<total>23</total>
				<timestamp>3126.790709</timestamp>
			</report>
			<report>
				<misses>9782001</misses>
				<total>24</total>
				<timestamp>3127.110330</timestamp>
			</report>
			<report>
				<misses>9783001</misses>
				<total>24</total>
				<timestamp>3127.429971</timestamp>
			</report>
			<report>
				<misses>9784001</misses>
				<total>24</total>
				<timestamp>3127.749677</timestamp>
			</report>
			<report>
				<misses>9785001</misses>
				<total>24</total>
				<timestamp>3128.069283</timestamp>
			</report>
			<report>
				<misses>9786001</misses>
				<total>24</total>
				<timestamp>3128.389055</timestamp>
			</report>
			<report>
				<misses>9787001</misses>
				<total>24</total>
				<timestamp>3128.708770</timestamp>
			</report>
			<report>
				<misses>9788001</misses>
				<total>24</total>
				<timestamp>3129.028333</timestamp>
			</report>
			<report>
				<misses>9789001</misses>
				<total>24</total>
				<timestamp>3129.348015</timestamp>
			</report>
			<report>
				<misses>9790001</misses>
				<total>23</total>
				<timestamp>3129.667834</timestamp>
			</report>
			<report>
				<misses>9791001</misses>
				<total>23</total>
				<timestamp>3129.987466</timestamp>
			</report>
			<report>
				<misses>9792001</misses>
				<total>24</total>
				<timestamp>3130.307099</timestamp>
			</report>
			<report>
				<misses>9793001</misses>
				<total>24</total>
				<timestamp>3130.626830</timestamp>
			</report>
			<report>
				<misses>9794001</misses>
				<total>24</total>
				<timestamp>3130.946465</timestamp>
			</report>
			<report>
				<misses>9795001</misses>
				<total>24</total>
				<timestamp>3131.266133</timestamp>
			</report>
			<report>
				<misses>9796001</misses>
				<total>24</total>
				<timestamp>3131.585839</timestamp>
			</report>
			<report>
				<misses>9797001</misses>
				<total>24</total>
				<timestamp>3131.905531</timestamp>
			</report>
			<report>
				<misses>9798001</misses>
				<total>24</total>
				<timestamp>3132.225170</timestamp>
			</report>
			<report>
				<misses>9799001</misses>
				<total>24</total>
				<timestamp>3132.544843</timestamp>
			</report>
			<report>
				<misses>9800001</misses>
				<total>24</total>
				<timestamp>3132.864497</timestamp>
			</report>
			<report>
				<misses>9801001</misses>
				<total>24</total>
				<timestamp>3133.184200</timestamp>
			</report>
			<report>
				<misses>9802001</misses>
				<total>24</total>
				<timestamp>3133.503885</timestamp>
			</report>
			<report>
				<misses>9803001</misses>
				<total>24</total>
				<timestamp>3133.823582</timestamp>
			</report>
			<report>
				<misses>9804001</misses>
				<total>24</total>
				<timestamp>3134.143226</timestamp>
			</report>
			<report>
				<misses>9805001</misses>
				<total>24</total>
				<timestamp>3134.462957</timestamp>
			</report>
			<report>
				<misses>9806001</misses>
				<total>24</total>
				<timestamp>3134.782603</timestamp>
			</report>
			<report>
				<misses>9807001</misses>
				<total>24</total>
				<timestamp>3135.102430</timestamp>
			</report>
			<report>
				<misses>9808001</misses>
				<total>23</total>
				<timestamp>3135.422077</timestamp>
			</report>
			<report>
				<misses>9809001</misses>
				<total>24</total>
				<timestamp>3135.741651</timestamp>
			</report>
			<report>
				<misses>9810001</misses>
				<total>24</total>
				<timestamp>3136.061349</timestamp>
			</report>
			<report>
				<misses>9811001</misses>
				<total>24</total>
				<timestamp>3136.380968</timestamp>
			</report>
			<report>
				<misses>9812001</misses>
				<total>24</total>
				<timestamp>3136.700714</timestamp>
			</report>
			<report>
				<misses>9813001</misses>
				<total>24</total>
				<timestamp>3137.020321</timestamp>
			</report>
			<report>
				<misses>9814001</misses>
				<total>24</total>
				<timestamp>3137.340027</timestamp>
			</report>
			<report>
				<misses>9815001</misses>
				<total>24</total>
				<timestamp>3137.659713</timestamp>
			</report>
			<report>
				<misses>9816001</misses>
				<total>24</total>
				<timestamp>3137.979379</timestamp>
			</report>
			<report>
				<misses>9817001</misses>
				<total>24</total>
				<timestamp>3138.299054</timestamp>
			</report>
			<report>
				<misses>9818001</misses>
				<total>24</total>
				<timestamp>3138.618766</timestamp>
			</report>
			<report>
				<misses>9819001</misses>
				<total>24</total>
				<timestamp>3138.938509</timestamp>
			</report>
			<report>
				<misses>9820001</misses>
				<total>24</total>
				<timestamp>3139.258087</timestamp>
			</report>
			<report>
				<misses>9821001</misses>
				<total>24</total>
				<timestamp>3139.577830</timestamp>
			</report>
			<report>
				<misses>9822001</misses>
				<total>24</total>
				<timestamp>3139.897548</timestamp>
			</report>
			<report>
				<misses>9823001</misses>
				<total>24</total>
				<timestamp>3140.217136</timestamp>
			</report>
			<report>
				<misses>9824001</misses>
				<total>24</total>
				<timestamp>3140.536867</timestamp>
			</report>
			<report>
				<misses>9825001</misses>
				<total>24</total>
				<timestamp>3140.856584</timestamp>
			</report>
			<report>
				<misses>9826001</misses>
				<total>24</total>
				<timestamp>3141.176150</timestamp>
			</report>
			<report>
				<misses>9827001</misses>
				<total>24</total>
				<timestamp>3141.495941</timestamp>
			</report>
			<report>
				<misses>9828001</misses>
				<total>24</total>
				<timestamp>3141.815569</timestamp>
			</report>
			<report>
				<misses>9829001</misses>
				<total>24</total>
				<timestamp>3142.135204</timestamp>
			</report>
			<report>
				<misses>9830001</misses>
				<total>24</total>
				<timestamp>3142.454884</timestamp>
			</report>
			<report>
				<misses>9831001</misses>
				<total>23</total>
				<timestamp>3142.774708</timestamp>
			</report>
			<report>
				<misses>9832001</misses>
				<total>24</total>
				<timestamp>3143.094286</timestamp>
			</report>
			<report>
				<misses>9833001</misses>
				<total>24</total>
				<timestamp>3143.413991</timestamp>
			</report>
			<report>
				<misses>9834001</misses>
				<total>24</total>
				<timestamp>3143.733698</timestamp>
			</report>
			<report>
				<misses>9835001</misses>
				<total>24</total>
				<timestamp>3144.053342</timestamp>
			</report>
			<report>
				<misses>9836001</misses>
				<total>24</total>
				<timestamp>3144.372990</timestamp>
			</report>
			<report>
				<misses>9837001</misses>
				<total>24</total>
				<timestamp>3144.692822</timestamp>
			</report>
			<report>
				<misses>9838001</misses>
				<total>24</total>
				<timestamp>3145.012336</timestamp>
			</report>
			<report>
				<misses>9839001</misses>
				<total>24</total>
				<timestamp>3145.332009</timestamp>
			</report>
			<report>
				<misses>9840001</misses>
				<total>24</total>
				<timestamp>3145.651741</timestamp>
			</report>
			<report>
				<misses>9841001</misses>
				<total>24</total>
				<timestamp>3145.971380</timestamp>
			</report>
			<report>
				<misses>9842001</misses>
				<total>24</total>
				<timestamp>3146.291069</timestamp>
			</report>
			<report>
				<misses>9843001</misses>
				<total>24</total>
				<timestamp>3146.610787</timestamp>
			</report>
			<report>
				<misses>9844001</misses>
				<total>24</total>
				<timestamp>3146.930427</timestamp>
			</report>
			<report>
				<misses>9845001</misses>
				<total>24</total>
				<timestamp>3147.250084</timestamp>
			</report>
			<report>
				<misses>9846001</misses>
				<total>24</total>
				<timestamp>3147.569827</timestamp>
			</report>
			<report>
				<misses>9847001</misses>
				<total>23</total>
				<timestamp>3147.889624</timestamp>
			</report>
			<report>
				<misses>9848001</misses>
				<total>24</total>
				<timestamp>3148.209201</timestamp>
			</report>
			<report>
				<misses>9849001</misses>
				<total>24</total>
				<timestamp>3148.528869</timestamp>
			</report>
			<report>
				<misses>9850001</misses>
				<total>24</total>
				<timestamp>3148.848509</timestamp>
			</report>
			<report>
				<misses>9851001</misses>
				<total>24</total>
				<timestamp>3149.168219</timestamp>
			</report>
			<report>
				<misses>9852001</misses>
				<total>24</total>
				<timestamp>3149.487948</timestamp>
			</report>
			<report>
				<misses>9853001</misses>
				<total>24</total>
				<timestamp>3149.807552</timestamp>
			</report>
			<report>
				<misses>9854001</misses>
				<total>24</total>
				<timestamp>3150.127261</timestamp>
			</report>
			<report>
				<misses>9855001</misses>
				<total>24</total>
				<timestamp>3150.446906</timestamp>
			</report>
			<report>
				<misses>9856001</misses>
				<total>24</total>
				<timestamp>3150.766695</timestamp>
			</report>
			<report>
				<misses>9857001</misses>
				<total>24</total>
				<timestamp>3151.086252</timestamp>
			</report>
			<report>
				<misses>9858001</misses>
				<total>24</total>
				<timestamp>3151.405953</timestamp>
			</report>
			<report>
				<misses>9859001</misses>
				<total>24</total>
				<timestamp>3151.725637</timestamp>
			</report>
			<report>
				<misses>9860001</misses>
				<total>24</total>
				<timestamp>3152.045329</timestamp>
			</report>
			<report>
				<misses>9861001</misses>
				<total>24</total>
				<timestamp>3152.365044</timestamp>
			</report>
			<report>
				<misses>9862001</misses>
				<total>24</total>
				<timestamp>3152.684825</timestamp>
			</report>
			<report>
				<misses>9863001</misses>
				<total>24</total>
				<timestamp>3153.004498</timestamp>
			</report>
			<report>
				<misses>9864001</misses>
				<total>24</total>
				<timestamp>3153.324015</timestamp>
			</report>
			<report>
				<misses>9865001</misses>
				<total>23</total>
				<timestamp>3153.643863</timestamp>
			</report>
			<report>
				<misses>9866001</misses>
				<total>24</total>
				<timestamp>3153.963583</timestamp>
			</report>
			<report>
				<misses>9867001</misses>
				<total>24</total>
				<timestamp>3154.283136</timestamp>
			</report>
			<report>
				<misses>9868001</misses>
				<total>24</total>
				<timestamp>3154.602830</timestamp>
			</report>
			<report>
				<misses>9869001</misses>
				<total>24</total>
				<timestamp>3154.922559</timestamp>
			</report>
			<report>
				<misses>9870001</misses>
				<total>24</total>
				<timestamp>3155.242143</timestamp>
			</report>
			<report>
				<misses>9871001</misses>
				<total>24</total>
				<timestamp>3155.561836</timestamp>
			</report>
			<report>
				<misses>9872001</misses>
				<total>24</total>
				<timestamp>3155.881515</timestamp>
			</report>
			<report>
				<misses>9873001</misses>
				<total>24</total>
				<timestamp>3156.201129</timestamp>
			</report>
			<report>
				<misses>9874001</misses>
				<total>24</total>
				<timestamp>3156.520859</timestamp>
			</report>
			<report>
				<misses>9875001</misses>
				<total>24</total>
				<timestamp>3156.840587</timestamp>
			</report>
			<report>
				<misses>9876001</misses>
				<total>24</total>
				<timestamp>3157.160212</timestamp>
			</report>
			<report>
				<misses>9877001</misses>
				<total>23</total>
				<timestamp>3157.479955</timestamp>
			</report>
			<report>
				<misses>9878001</misses>
				<total>24</total>
				<timestamp>3157.799527</timestamp>
			</report>
			<report>
				<misses>9879001</misses>
				<total>24</total>
				<timestamp>3158.119267</timestamp>
			</report>
			<report>
				<misses>9880001</misses>
				<total>24</total>
				<timestamp>3158.438959</timestamp>
			</report>
			<report>
				<misses>9881001</misses>
				<total>24</total>
				<timestamp>3158.758698</timestamp>
			</report>
			<report>
				<misses>9882001</misses>
				<total>24</total>
				<timestamp>3159.078269</timestamp>
			</report>
			<report>
				<misses>9883001</misses>
				<total>24</total>
				<timestamp>3159.397999</timestamp>
			</report>
			<report>
				<misses>9884001</misses>
				<total>24</total>
				<timestamp>3159.717709</timestamp>
			</report>
			<report>
				<misses>9885001</misses>
				<total>23</total>
				<timestamp>3160.037379</timestamp>
			</report>
			<report>
				<misses>9886001</misses>
				<total>24</total>
				<timestamp>3160.356962</timestamp>
			</report>
			<report>
				<misses>9887001</misses>
				<total>24</total>
				<timestamp>3160.676723</timestamp>
			</report>
			<report>
				<misses>9888001</misses>
				<total>24</total>
				<timestamp>3160.996381</timestamp>
			</report>
			<report>
				<misses>9889001</misses>
				<total>24</total>
				<timestamp>3161.316044</timestamp>
			</report>
			<report>
				<misses>9890001</misses>
				<total>24</total>
				<timestamp>3161.635829</timestamp>
			</report>
			<report>
				<misses>9891001</misses>
				<total>24</total>
				<timestamp>3161.955411</timestamp>
			</report>
			<report>
				<misses>9892001</misses>
				<total>24</total>
				<timestamp>3162.275031</timestamp>
			</report>
			<report>
				<misses>9893001</misses>
				<total>24</total>
				<timestamp>3162.594735</timestamp>
			</report>
			<report>
				<misses>9894001</misses>
				<total>24</total>
				<timestamp>3162.914444</timestamp>
			</report>
			<report>
				<misses>9895001</misses>
				<total>24</total>
				<timestamp>3163.234206</timestamp>
			</report>
			<report>
				<misses>9896001</misses>
				<total>24</total>
				<timestamp>3163.553829</timestamp>
			</report>
			<report>
				<misses>9897001</misses>
				<total>24</total>
				<timestamp>3163.873588</timestamp>
			</report>
			<report>
				<misses>9898001</misses>
				<total>24</total>
				<timestamp>3164.193128</timestamp>
			</report>
			<report>
				<misses>9899001</misses>
				<total>24</total>
				<timestamp>3164.512840</timestamp>
			</report>
			<report>
				<misses>9900001</misses>
				<total>24</total>
				<timestamp>3164.832537</timestamp>
			</report>
			<report>
				<misses>9901001</misses>
				<total>24</total>
				<timestamp>3165.152193</timestamp>
			</report>
			<report>
				<misses>9902001</misses>
				<total>24</total>
				<timestamp>3165.471968</timestamp>
			</report>
			<report>
				<misses>9903001</misses>
				<total>24</total>
				<timestamp>3165.791588</timestamp>
			</report>
			<report>
				<misses>9904001</misses>
				<total>24</total>
				<timestamp>3166.111284</timestamp>
			</report>
			<report>
				<misses>9905001</misses>
				<total>23</total>
				<timestamp>3166.430998</timestamp>
			</report>
			<report>
				<misses>9906001</misses>
				<total>23</total>
				<timestamp>3166.750699</timestamp>
			</report>
			<report>
				<misses>9907001</misses>
				<total>24</total>
				<timestamp>3167.070270</timestamp>
			</report>
			<report>
				<misses>9908001</misses>
				<total>24</total>
				<timestamp>3167.389987</timestamp>
			</report>
			<report>
				<misses>9909001</misses>
				<total>24</total>
				<timestamp>3167.709679</timestamp>
			</report>
			<report>
				<misses>9910001</misses>
				<total>24</total>
				<timestamp>3168.029284</timestamp>
			</report>
			<report>
				<misses>9911001</misses>
				<total>24</total>
				<timestamp>3168.349063</timestamp>
			</report>
			<report>
				<misses>9912001</misses>
				<total>24</total>
				<timestamp>3168.668716</timestamp>
			</report>
			<report>
				<misses>9913001</misses>
				<total>24</total>
				<timestamp>3168.988324</timestamp>
			</report>
			<report>
				<misses>9914001</misses>
				<total>24</total>
				<timestamp>3169.308089</timestamp>
			</report>
			<report>
				<misses>9915001</misses>
				<total>24</total>
				<timestamp>3169.627740</timestamp>
			</report>
			<report>
				<misses>9916001</misses>
				<total>24</total>
				<timestamp>3169.947392</timestamp>
			</report>
			<report>
				<misses>9917001</misses>
				<total>24</total>
				<timestamp>3170.267044</timestamp>
			</report>
			<report>
				<misses>9918001</misses>
				<total>24</total>
				<timestamp>3170.586780</timestamp>
			</report>
			<report>
				<misses>9919001</misses>
				<total>24</total>
				<timestamp>3170.906442</timestamp>
			</report>
			<report>
				<misses>9920001</misses>
				<total>24</total>
				<timestamp>3171.226141</timestamp>
			</report>
			<report>
				<misses>9921001</misses>
				<total>24</total>
				<timestamp>3171.545761</timestamp>
			</report>
			<report>
				<misses>9922001</misses>
				<total>24</total>
				<timestamp>3171.865541</timestamp>
			</report>
			<report>
				<misses>9923001</misses>
				<total>24</total>
				<timestamp>3172.185233</timestamp>
			</report>
			<report>
				<misses>9924001</misses>
				<total>24</total>
				<timestamp>3172.504829</timestamp>
			</report>
			<report>
				<misses>9925001</misses>
				<total>24</total>
				<timestamp>3172.824579</timestamp>
			</report>
			<report>
				<misses>9926001</misses>
				<total>24</total>
				<timestamp>3173.144241</timestamp>
			</report>
			<report>
				<misses>9927001</misses>
				<total>24</total>
				<timestamp>3173.463876</timestamp>
			</report>
			<report>
				<misses>9928001</misses>
				<total>24</total>
				<timestamp>3173.783575</timestamp>
			</report>
			<report>
				<misses>9929001</misses>
				<total>24</total>
				<timestamp>3174.103210</timestamp>
			</report>
			<report>
				<misses>9930001</misses>
				<total>24</total>
				<timestamp>3174.422932</timestamp>
			</report>
			<report>
				<misses>9931001</misses>
				<total>24</total>
				<timestamp>3174.742586</timestamp>
			</report>
			<report>
				<misses>9932001</misses>
				<total>24</total>
				<timestamp>3175.062244</timestamp>
			</report>
			<report>
				<misses>9933001</misses>
				<total>24</total>
				<timestamp>3175.381972</timestamp>
			</report>
			<report>
				<misses>9934001</misses>
				<total>23</total>
				<timestamp>3175.701736</timestamp>
			</report>
			<report>
				<misses>9935001</misses>
				<total>24</total>
				<timestamp>3176.021353</timestamp>
			</report>
			<report>
				<misses>9936001</misses>
				<total>24</total>
				<timestamp>3176.341033</timestamp>
			</report>
			<report>
				<misses>9937001</misses>
				<total>24</total>
				<timestamp>3176.660702</timestamp>
			</report>
			<report>
				<misses>9938001</misses>
				<total>24</total>
				<timestamp>3176.980403</timestamp>
			</report>
			<report>
				<misses>9939001</misses>
				<total>24</total>
				<timestamp>3177.300058</timestamp>
			</report>
			<report>
				<misses>9940001</misses>
				<total>24</total>
				<timestamp>3177.619746</timestamp>
			</report>
			<report>
				<misses>9941001</misses>
				<total>24</total>
				<timestamp>3177.939420</timestamp>
			</report>
			<report>
				<misses>9942001</misses>
				<total>24</total>
				<timestamp>3178.259047</timestamp>
			</report>
			<report>
				<misses>9943001</misses>
				<total>24</total>
				<timestamp>3178.578833</timestamp>
			</report>
			<report>
				<misses>9944001</misses>
				<total>24</total>
				<timestamp>3178.898423</timestamp>
			</report>
			<report>
				<misses>9945001</misses>
				<total>24</total>
				<timestamp>3179.218132</timestamp>
			</report>
			<report>
				<misses>9946001</misses>
				<total>24</total>
				<timestamp>3179.537785</timestamp>
			</report>
			<report>
				<misses>9947001</misses>
				<total>24</total>
				<timestamp>3179.857491</timestamp>
			</report>
			<report>
				<misses>9948001</misses>
				<total>24</total>
				<timestamp>3180.177309</timestamp>
			</report>
			<report>
				<misses>9949001</misses>
				<total>24</total>
				<timestamp>3180.496838</timestamp>
			</report>
			<report>
				<misses>9950001</misses>
				<total>24</total>
				<timestamp>3180.816559</timestamp>
			</report>
			<report>
				<misses>9951001</misses>
				<total>24</total>
				<timestamp>3181.136219</timestamp>
			</report>
			<report>
				<misses>9952001</misses>
				<total>24</total>
				<timestamp>3181.455943</timestamp>
			</report>
			<report>
				<misses>9953001</misses>
				<total>24</total>
				<timestamp>3181.775567</timestamp>
			</report>
			<report>
				<misses>9954001</misses>
				<total>24</total>
				<timestamp>3182.095273</timestamp>
			</report>
			<report>
				<misses>9955001</misses>
				<total>24</total>
				<timestamp>3182.414950</timestamp>
			</report>
			<report>
				<misses>9956001</misses>
				<total>24</total>
				<timestamp>3182.734667</timestamp>
			</report>
			<report>
				<misses>9957001</misses>
				<total>24</total>
				<timestamp>3183.054308</timestamp>
			</report>
			<report>
				<misses>9958001</misses>
				<total>24</total>
				<timestamp>3183.373954</timestamp>
			</report>
			<report>
				<misses>9959001</misses>
				<total>24</total>
				<timestamp>3183.693657</timestamp>
			</report>
			<report>
				<misses>9960001</misses>
				<total>24</total>
				<timestamp>3184.013304</timestamp>
			</report>
			<report>
				<misses>9961001</misses>
				<total>24</total>
				<timestamp>3184.333089</timestamp>
			</report>
			<report>
				<misses>9962001</misses>
				<total>24</total>
				<timestamp>3184.652709</timestamp>
			</report>
			<report>
				<misses>9963001</misses>
				<total>24</total>
				<timestamp>3184.972427</timestamp>
			</report>
			<report>
				<misses>9964001</misses>
				<total>24</total>
				<timestamp>3185.292152</timestamp>
			</report>
			<report>
				<misses>9965001</misses>
				<total>25</total>
				<timestamp>3185.611693</timestamp>
			</report>
			<report>
				<misses>9966001</misses>
				<total>25</total>
				<timestamp>3185.931359</timestamp>
			</report>
			<report>
				<misses>9967001</misses>
				<total>25</total>
				<timestamp>3186.251068</timestamp>
			</report>
			<report>
				<misses>9968001</misses>
				<total>25</total>
				<timestamp>3186.570827</timestamp>
			</report>
			<report>
				<misses>9969001</misses>
				<total>25</total>
				<timestamp>3186.890521</timestamp>
			</report>
			<report>
				<misses>9970001</misses>
				<total>25</total>
				<timestamp>3187.210109</timestamp>
			</report>
			<report>
				<misses>9971001</misses>
				<total>25</total>
				<timestamp>3187.529809</timestamp>
			</report>
			<report>
				<misses>9972001</misses>
				<total>25</total>
				<timestamp>3187.849529</timestamp>
			</report>
			<report>
				<misses>9973001</misses>
				<total>25</total>
				<timestamp>3188.169154</timestamp>
			</report>
			<report>
				<misses>9974001</misses>
				<total>25</total>
				<timestamp>3188.488790</timestamp>
			</report>
			<report>
				<misses>9975001</misses>
				<total>24</total>
				<timestamp>3188.808657</timestamp>
			</report>
			<report>
				<misses>9976001</misses>
				<total>24</total>
				<timestamp>3189.128303</timestamp>
			</report>
			<report>
				<misses>9977001</misses>
				<total>25</total>
				<timestamp>3189.447931</timestamp>
			</report>
			<report>
				<misses>9978001</misses>
				<total>25</total>
				<timestamp>3189.767555</timestamp>
			</report>
			<report>
				<misses>9979001</misses>
				<total>25</total>
				<timestamp>3190.087208</timestamp>
			</report>
			<report>
				<misses>9980001</misses>
				<total>25</total>
				<timestamp>3190.406901</timestamp>
			</report>
			<report>
				<misses>9981001</misses>
				<total>25</total>
				<timestamp>3190.726591</timestamp>
			</report>
			<report>
				<misses>9982001</misses>
				<total>25</total>
				<timestamp>3191.046243</timestamp>
			</report>
			<report>
				<misses>9983001</misses>
				<total>25</total>
				<timestamp>3191.365972</timestamp>
			</report>
			<report>
				<misses>9984001</misses>
				<total>25</total>
				<timestamp>3191.685616</timestamp>
			</report>
			<report>
				<misses>9985001</misses>
				<total>25</total>
				<timestamp>3192.005270</timestamp>
			</report>
			<report>
				<misses>9986001</misses>
				<total>25</total>
				<timestamp>3192.324979</timestamp>
			</report>
			<report>
				<misses>9987001</misses>
				<total>25</total>
				<timestamp>3192.644673</timestamp>
			</report>
			<report>
				<misses>9988001</misses>
				<total>25</total>
				<timestamp>3192.964318</timestamp>
			</report>
			<report>
				<misses>9989001</misses>
				<total>25</total>
				<timestamp>3193.284008</timestamp>
			</report>
			<report>
				<misses>9990001</misses>
				<total>25</total>
				<timestamp>3193.603740</timestamp>
			</report>
			<report>
				<misses>9991001</misses>
				<total>25</total>
				<timestamp>3193.923405</timestamp>
			</report>
			<report>
				<misses>9992001</misses>
				<total>25</total>
				<timestamp>3194.243076</timestamp>
			</report>
			<report>
				<misses>9993001</misses>
				<total>24</total>
				<timestamp>3194.562885</timestamp>
			</report>
			<report>
				<misses>9994001</misses>
				<total>24</total>
				<timestamp>3194.882578</timestamp>
			</report>
			<report>
				<misses>9995001</misses>
				<total>25</total>
				<timestamp>3195.202111</timestamp>
			</report>
			<report>
				<misses>9996001</misses>
				<total>25</total>
				<timestamp>3195.521812</timestamp>
			</report>
			<report>
				<misses>9997001</misses>
				<total>25</total>
				<timestamp>3195.841568</timestamp>
			</report>
			<report>
				<misses>9998001</misses>
				<total>25</total>
				<timestamp>3196.161164</timestamp>
			</report>
			<report>
				<misses>9999001</misses>
				<total>25</total>
				<timestamp>3196.480932</timestamp>
			</report>
			<report>
				<misses>10000001</misses>
				<total>24</total>
				<timestamp>3196.800574</timestamp>
			</report>
			<report>
				<misses>10001001</misses>
				<total>25</total>
				<timestamp>3197.120218</timestamp>
			</report>
			<report>
				<misses>10002001</misses>
				<total>25</total>
				<timestamp>3197.439952</timestamp>
			</report>
			<report>
				<misses>10003001</misses>
				<total>24</total>
				<timestamp>3197.759623</timestamp>
			</report>
			<report>
				<misses>10004001</misses>
				<total>25</total>
				<timestamp>3198.079233</timestamp>
			</report>
			<report>
				<misses>10005001</misses>
				<total>25</total>
				<timestamp>3198.399017</timestamp>
			</report>
			<report>
				<misses>10006001</misses>
				<total>25</total>
				<timestamp>3198.718704</timestamp>
			</report>
			<report>
				<misses>10007001</misses>
				<total>25</total>
				<timestamp>3199.038239</timestamp>
			</report>
			<report>
				<misses>10008001</misses>
				<total>25</total>
				<timestamp>3199.358062</timestamp>
			</report>
			<report>
				<misses>10009001</misses>
				<total>25</total>
				<timestamp>3199.677689</timestamp>
			</report>
			<report>
				<misses>10010001</misses>
				<total>25</total>
				<timestamp>3199.997295</timestamp>
			</report>
			<report>
				<misses>10011001</misses>
				<total>25</total>
				<timestamp>3200.316983</timestamp>
			</report>
			<report>
				<misses>10012001</misses>
				<total>25</total>
				<timestamp>3200.636690</timestamp>
			</report>
			<report>
				<misses>10013001</misses>
				<total>25</total>
				<timestamp>3200.956309</timestamp>
			</report>
			<report>
				<misses>10014001</misses>
				<total>24</total>
				<timestamp>3201.276120</timestamp>
			</report>
			<report>
				<misses>10015001</misses>
				<total>25</total>
				<timestamp>3201.595678</timestamp>
			</report>
			<report>
				<misses>10016001</misses>
				<total>25</total>
				<timestamp>3201.915387</timestamp>
			</report>
			<report>
				<misses>10017001</misses>
				<total>25</total>
				<timestamp>3202.235102</timestamp>
			</report>
			<report>
				<misses>10018001</misses>
				<total>25</total>
				<timestamp>3202.554814</timestamp>
			</report>
			<report>
				<misses>10019001</misses>
				<total>24</total>
				<timestamp>3202.874500</timestamp>
			</report>
			<report>
				<misses>10020001</misses>
				<total>25</total>
				<timestamp>3203.194188</timestamp>
			</report>
			<report>
				<misses>10021001</misses>
				<total>25</total>
				<timestamp>3203.513825</timestamp>
			</report>
			<report>
				<misses>10022001</misses>
				<total>25</total>
				<timestamp>3203.833563</timestamp>
			</report>
			<report>
				<misses>10023001</misses>
				<total>24</total>
				<timestamp>3204.153207</timestamp>
			</report>
			<report>
				<misses>10024001</misses>
				<total>25</total>
				<timestamp>3204.473014</timestamp>
			</report>
			<report>
				<misses>10025001</misses>
				<total>25</total>
				<timestamp>3204.792585</timestamp>
			</report>
			<report>
				<misses>10026001</misses>
				<total>25</total>
				<timestamp>3205.112170</timestamp>
			</report>
			<report>
				<misses>10027001</misses>
				<total>25</total>
				<timestamp>3205.431938</timestamp>
			</report>
			<report>
				<misses>10028001</misses>
				<total>25</total>
				<timestamp>3205.751520</timestamp>
			</report>
			<report>
				<misses>10029001</misses>
				<total>25</total>
				<timestamp>3206.071254</timestamp>
			</report>
			<report>
				<misses>10030001</misses>
				<total>25</total>
				<timestamp>3206.390964</timestamp>
			</report>
			<report>
				<misses>10031001</misses>
				<total>25</total>
				<timestamp>3206.710644</timestamp>
			</report>
			<report>
				<misses>10032001</misses>
				<total>25</total>
				<timestamp>3207.030265</timestamp>
			</report>
			<report>
				<misses>10033001</misses>
				<total>25</total>
				<timestamp>3207.349960</timestamp>
			</report>
			<report>
				<misses>10034001</misses>
				<total>25</total>
				<timestamp>3207.669696</timestamp>
			</report>
			<report>
				<misses>10035001</misses>
				<total>25</total>
				<timestamp>3207.989289</timestamp>
			</report>
			<report>
				<misses>10036001</misses>
				<total>25</total>
				<timestamp>3208.308966</timestamp>
			</report>
			<report>
				<misses>10037001</misses>
				<total>25</total>
				<timestamp>3208.628709</timestamp>
			</report>
			<report>
				<misses>10038001</misses>
				<total>25</total>
				<timestamp>3208.948377</timestamp>
			</report>
			<report>
				<misses>10039001</misses>
				<total>25</total>
				<timestamp>3209.268017</timestamp>
			</report>
			<report>
				<misses>10040001</misses>
				<total>25</total>
				<timestamp>3209.587714</timestamp>
			</report>
			<report>
				<misses>10041001</misses>
				<total>25</total>
				<timestamp>3209.907455</timestamp>
			</report>
			<report>
				<misses>10042001</misses>
				<total>25</total>
				<timestamp>3210.227077</timestamp>
			</report>
			<report>
				<misses>10043001</misses>
				<total>25</total>
				<timestamp>3210.546787</timestamp>
			</report>
			<report>
				<misses>10044001</misses>
				<total>25</total>
				<timestamp>3210.866580</timestamp>
			</report>
			<report>
				<misses>10045001</misses>
				<total>24</total>
				<timestamp>3211.186234</timestamp>
			</report>
			<report>
				<misses>10046001</misses>
				<total>25</total>
				<timestamp>3211.505769</timestamp>
			</report>
			<report>
				<misses>10047001</misses>
				<total>25</total>
				<timestamp>3211.825564</timestamp>
			</report>
			<report>
				<misses>10048001</misses>
				<total>25</total>
				<timestamp>3212.145125</timestamp>
			</report>
			<report>
				<misses>10049001</misses>
				<total>25</total>
				<timestamp>3212.464962</timestamp>
			</report>
			<report>
				<misses>10050001</misses>
				<total>25</total>
				<timestamp>3212.784548</timestamp>
			</report>
			<report>
				<misses>10051001</misses>
				<total>25</total>
				<timestamp>3213.104342</timestamp>
			</report>
			<report>
				<misses>10052001</misses>
				<total>25</total>
				<timestamp>3213.423964</timestamp>
			</report>
			<report>
				<misses>10053001</misses>
				<total>25</total>
				<timestamp>3213.743543</timestamp>
			</report>
			<report>
				<misses>10054001</misses>
				<total>25</total>
				<timestamp>3214.063207</timestamp>
			</report>
			<report>
				<misses>10055001</misses>
				<total>25</total>
				<timestamp>3214.382935</timestamp>
			</report>
			<report>
				<misses>10056001</misses>
				<total>25</total>
				<timestamp>3214.702597</timestamp>
			</report>
			<report>
				<misses>10057001</misses>
				<total>25</total>
				<timestamp>3215.022336</timestamp>
			</report>
			<report>
				<misses>10058001</misses>
				<total>24</total>
				<timestamp>3215.342003</timestamp>
			</report>
			<report>
				<misses>10059001</misses>
				<total>25</total>
				<timestamp>3215.661595</timestamp>
			</report>
			<report>
				<misses>10060001</misses>
				<total>25</total>
				<timestamp>3215.981374</timestamp>
			</report>
			<report>
				<misses>10061001</misses>
				<total>25</total>
				<timestamp>3216.300957</timestamp>
			</report>
			<report>
				<misses>10062001</misses>
				<total>25</total>
				<timestamp>3216.620707</timestamp>
			</report>
			<report>
				<misses>10063001</misses>
				<total>25</total>
				<timestamp>3216.940364</timestamp>
			</report>
			<report>
				<misses>10064001</misses>
				<total>25</total>
				<timestamp>3217.260073</timestamp>
			</report>
			<report>
				<misses>10065001</misses>
				<total>25</total>
				<timestamp>3217.579716</timestamp>
			</report>
			<report>
				<misses>10066001</misses>
				<total>25</total>
				<timestamp>3217.899385</timestamp>
			</report>
			<report>
				<misses>10067001</misses>
				<total>25</total>
				<timestamp>3218.219092</timestamp>
			</report>
			<report>
				<misses>10068001</misses>
				<total>25</total>
				<timestamp>3218.538731</timestamp>
			</report>
			<report>
				<misses>10069001</misses>
				<total>25</total>
				<timestamp>3218.858575</timestamp>
			</report>
			<report>
				<misses>10070001</misses>
				<total>25</total>
				<timestamp>3219.178162</timestamp>
			</report>
			<report>
				<misses>10071001</misses>
				<total>25</total>
				<timestamp>3219.497823</timestamp>
			</report>
			<report>
				<misses>10072001</misses>
				<total>25</total>
				<timestamp>3219.817491</timestamp>
			</report>
			<report>
				<misses>10073001</misses>
				<total>25</total>
				<timestamp>3220.137140</timestamp>
			</report>
			<report>
				<misses>10074001</misses>
				<total>25</total>
				<timestamp>3220.456948</timestamp>
			</report>
			<report>
				<misses>10075001</misses>
				<total>24</total>
				<timestamp>3220.776644</timestamp>
			</report>
			<report>
				<misses>10076001</misses>
				<total>25</total>
				<timestamp>3221.096193</timestamp>
			</report>
			<report>
				<misses>10077001</misses>
				<total>25</total>
				<timestamp>3221.415957</timestamp>
			</report>
			<report>
				<misses>10078001</misses>
				<total>24</total>
				<timestamp>3221.735710</timestamp>
			</report>
			<report>
				<misses>10079001</misses>
				<total>25</total>
				<timestamp>3222.055223</timestamp>
			</report>
			<report>
				<misses>10080001</misses>
				<total>25</total>
				<timestamp>3222.374921</timestamp>
			</report>
			<report>
				<misses>10081001</misses>
				<total>25</total>
				<timestamp>3222.694572</timestamp>
			</report>
			<report>
				<misses>10082001</misses>
				<total>25</total>
				<timestamp>3223.014322</timestamp>
			</report>
			<report>
				<misses>10083001</misses>
				<total>25</total>
				<timestamp>3223.333969</timestamp>
			</report>
			<report>
				<misses>10084001</misses>
				<total>24</total>
				<timestamp>3223.653698</timestamp>
			</report>
			<report>
				<misses>10085001</misses>
				<total>25</total>
				<timestamp>3223.973362</timestamp>
			</report>
			<report>
				<misses>10086001</misses>
				<total>25</total>
				<timestamp>3224.293074</timestamp>
			</report>
			<report>
				<misses>10087001</misses>
				<total>25</total>
				<timestamp>3224.612655</timestamp>
			</report>
			<report>
				<misses>10088001</misses>
				<total>24</total>
				<timestamp>3224.932431</timestamp>
			</report>
			<report>
				<misses>10089001</misses>
				<total>25</total>
				<timestamp>3225.252141</timestamp>
			</report>
			<report>
				<misses>10090001</misses>
				<total>25</total>
				<timestamp>3225.571699</timestamp>
			</report>
			<report>
				<misses>10091001</misses>
				<total>25</total>
				<timestamp>3225.891411</timestamp>
			</report>
			<report>
				<misses>10092001</misses>
				<total>25</total>
				<timestamp>3226.211036</timestamp>
			</report>
			<report>
				<misses>10093001</misses>
				<total>25</total>
				<timestamp>3226.530804</timestamp>
			</report>
			<report>
				<misses>10094001</misses>
				<total>25</total>
				<timestamp>3226.850416</timestamp>
			</report>
			<report>
				<misses>10095001</misses>
				<total>24</total>
				<timestamp>3227.170251</timestamp>
			</report>
			<report>
				<misses>10096001</misses>
				<total>25</total>
				<timestamp>3227.489794</timestamp>
			</report>
			<report>
				<misses>10097001</misses>
				<total>25</total>
				<timestamp>3227.809547</timestamp>
			</report>
			<report>
				<misses>10098001</misses>
				<total>25</total>
				<timestamp>3228.129177</timestamp>
			</report>
			<report>
				<misses>10099001</misses>
				<total>25</total>
				<timestamp>3228.448842</timestamp>
			</report>
			<report>
				<misses>10100001</misses>
				<total>25</total>
				<timestamp>3228.768578</timestamp>
			</report>
			<report>
				<misses>10101001</misses>
				<total>25</total>
				<timestamp>3229.088192</timestamp>
			</report>
			<report>
				<misses>10102001</misses>
				<total>25</total>
				<timestamp>3229.407964</timestamp>
			</report>
			<report>
				<misses>10103001</misses>
				<total>25</total>
				<timestamp>3229.727593</timestamp>
			</report>
			<report>
				<misses>10104001</misses>
				<total>25</total>
				<timestamp>3230.047254</timestamp>
			</report>
			<report>
				<misses>10105001</misses>
				<total>25</total>
				<timestamp>3230.366915</timestamp>
			</report>
			<report>
				<misses>10106001</misses>
				<total>25</total>
				<timestamp>3230.686578</timestamp>
			</report>
			<report>
				<misses>10107001</misses>
				<total>25</total>
				<timestamp>3231.006259</timestamp>
			</report>
			<report>
				<misses>10108001</misses>
				<total>25</total>
				<timestamp>3231.325961</timestamp>
			</report>
			<report>
				<misses>10109001</misses>
				<total>25</total>
				<timestamp>3231.645782</timestamp>
			</report>
			<report>
				<misses>10110001</misses>
				<total>25</total>
				<timestamp>3231.965346</timestamp>
			</report>
			<report>
				<misses>10111001</misses>
				<total>25</total>
				<timestamp>3232.285013</timestamp>
			</report>
			<report>
				<misses>10112001</misses>
				<total>25</total>
				<timestamp>3232.604820</timestamp>
			</report>
			<report>
				<misses>10113001</misses>
				<total>24</total>
				<timestamp>3232.924431</timestamp>
			</report>
			<report>
				<misses>10114001</misses>
				<total>25</total>
				<timestamp>3233.244049</timestamp>
			</report>
			<report>
				<misses>10115001</misses>
				<total>25</total>
				<timestamp>3233.563704</timestamp>
			</report>
			<report>
				<misses>10116001</misses>
				<total>25</total>
				<timestamp>3233.883489</timestamp>
			</report>
			<report>
				<misses>10117001</misses>
				<total>25</total>
				<timestamp>3234.203102</timestamp>
			</report>
			<report>
				<misses>10118001</misses>
				<total>25</total>
				<timestamp>3234.522732</timestamp>
			</report>
			<report>
				<misses>10119001</misses>
				<total>25</total>
				<timestamp>3234.842453</timestamp>
			</report>
			<report>
				<misses>10120001</misses>
				<total>25</total>
				<timestamp>3235.162092</timestamp>
			</report>
			<report>
				<misses>10121001</misses>
				<total>25</total>
				<timestamp>3235.481786</timestamp>
			</report>
			<report>
				<misses>10122001</misses>
				<total>25</total>
				<timestamp>3235.801528</timestamp>
			</report>
			<report>
				<misses>10123001</misses>
				<total>25</total>
				<timestamp>3236.121205</timestamp>
			</report>
			<report>
				<misses>10124001</misses>
				<total>24</total>
				<timestamp>3236.440934</timestamp>
			</report>
			<report>
				<misses>10125001</misses>
				<total>25</total>
				<timestamp>3236.760505</timestamp>
			</report>
			<report>
				<misses>10126001</misses>
				<total>25</total>
				<timestamp>3237.080213</timestamp>
			</report>
			<report>
				<misses>10127001</misses>
				<total>25</total>
				<timestamp>3237.399981</timestamp>
			</report>
			<report>
				<misses>10128001</misses>
				<total>25</total>
				<timestamp>3237.719544</timestamp>
			</report>
			<report>
				<misses>10129001</misses>
				<total>25</total>
				<timestamp>3238.039222</timestamp>
			</report>
			<report>
				<misses>10130001</misses>
				<total>25</total>
				<timestamp>3238.358948</timestamp>
			</report>
			<report>
				<misses>10131001</misses>
				<total>25</total>
				<timestamp>3238.678615</timestamp>
			</report>
			<report>
				<misses>10132001</misses>
				<total>25</total>
				<timestamp>3238.998249</timestamp>
			</report>
			<report>
				<misses>10133001</misses>
				<total>25</total>
				<timestamp>3239.318003</timestamp>
			</report>
			<report>
				<misses>10134001</misses>
				<total>25</total>
				<timestamp>3239.637712</timestamp>
			</report>
			<report>
				<misses>10135001</misses>
				<total>25</total>
				<timestamp>3239.957291</timestamp>
			</report>
			<report>
				<misses>10136001</misses>
				<total>25</total>
				<timestamp>3240.277046</timestamp>
			</report>
			<report>
				<misses>10137001</misses>
				<total>25</total>
				<timestamp>3240.596787</timestamp>
			</report>
			<report>
				<misses>10138001</misses>
				<total>25</total>
				<timestamp>3240.916354</timestamp>
			</report>
			<report>
				<misses>10139001</misses>
				<total>25</total>
				<timestamp>3241.236054</timestamp>
			</report>
			<report>
				<misses>10140001</misses>
				<total>25</total>
				<timestamp>3241.555678</timestamp>
			</report>
			<report>
				<misses>10141001</misses>
				<total>25</total>
				<timestamp>3241.875426</timestamp>
			</report>
			<report>
				<misses>10142001</misses>
				<total>25</total>
				<timestamp>3242.195132</timestamp>
			</report>
			<report>
				<misses>10143001</misses>
				<total>25</total>
				<timestamp>3242.514789</timestamp>
			</report>
			<report>
				<misses>10144001</misses>
				<total>25</total>
				<timestamp>3242.834423</timestamp>
			</report>
			<report>
				<misses>10145001</misses>
				<total>25</total>
				<timestamp>3243.154130</timestamp>
			</report>
			<report>
				<misses>10146001</misses>
				<total>25</total>
				<timestamp>3243.473793</timestamp>
			</report>
			<report>
				<misses>10147001</misses>
				<total>24</total>
				<timestamp>3243.793722</timestamp>
			</report>
			<report>
				<misses>10148001</misses>
				<total>25</total>
				<timestamp>3244.113136</timestamp>
			</report>
			<report>
				<misses>10149001</misses>
				<total>25</total>
				<timestamp>3244.432957</timestamp>
			</report>
			<report>
				<misses>10150001</misses>
				<total>25</total>
				<timestamp>3244.752581</timestamp>
			</report>
			<report>
				<misses>10151001</misses>
				<total>25</total>
				<timestamp>3245.072205</timestamp>
			</report>
			<report>
				<misses>10152001</misses>
				<total>24</total>
				<timestamp>3245.392090</timestamp>
			</report>
			<report>
				<misses>10153001</misses>
				<total>25</total>
				<timestamp>3245.711522</timestamp>
			</report>
			<report>
				<misses>10154001</misses>
				<total>24</total>
				<timestamp>3246.031347</timestamp>
			</report>
			<report>
				<misses>10155001</misses>
				<total>25</total>
				<timestamp>3246.350931</timestamp>
			</report>
			<report>
				<misses>10156001</misses>
				<total>25</total>
				<timestamp>3246.670605</timestamp>
			</report>
			<report>
				<misses>10157001</misses>
				<total>25</total>
				<timestamp>3246.990297</timestamp>
			</report>
			<report>
				<misses>10158001</misses>
				<total>25</total>
				<timestamp>3247.309953</timestamp>
			</report>
			<report>
				<misses>10159001</misses>
				<total>24</total>
				<timestamp>3247.629722</timestamp>
			</report>
			<report>
				<misses>10160001</misses>
				<total>25</total>
				<timestamp>3247.949323</timestamp>
			</report>
			<report>
				<misses>10161001</misses>
				<total>25</total>
				<timestamp>3248.269055</timestamp>
			</report>
			<report>
				<misses>10162001</misses>
				<total>25</total>
				<timestamp>3248.588721</timestamp>
			</report>
			<report>
				<misses>10163001</misses>
				<total>25</total>
				<timestamp>3248.908337</timestamp>
			</report>
			<report>
				<misses>10164001</misses>
				<total>25</total>
				<timestamp>3249.228169</timestamp>
			</report>
			<report>
				<misses>10165001</misses>
				<total>25</total>
				<timestamp>3249.547694</timestamp>
			</report>
			<report>
				<misses>10166001</misses>
				<total>24</total>
				<timestamp>3249.867572</timestamp>
			</report>
			<report>
				<misses>10167001</misses>
				<total>25</total>
				<timestamp>3250.187100</timestamp>
			</report>
			<report>
				<misses>10168001</misses>
				<total>25</total>
				<timestamp>3250.506807</timestamp>
			</report>
			<report>
				<misses>10169001</misses>
				<total>25</total>
				<timestamp>3250.826444</timestamp>
			</report>
			<report>
				<misses>10170001</misses>
				<total>25</total>
				<timestamp>3251.146150</timestamp>
			</report>
			<report>
				<misses>10171001</misses>
				<total>25</total>
				<timestamp>3251.465836</timestamp>
			</report>
			<report>
				<misses>10172001</misses>
				<total>25</total>
				<timestamp>3251.785442</timestamp>
			</report>
			<report>
				<misses>10173001</misses>
				<total>24</total>
				<timestamp>3252.105230</timestamp>
			</report>
			<report>
				<misses>10174001</misses>
				<total>24</total>
				<timestamp>3252.424950</timestamp>
			</report>
			<report>
				<misses>10175001</misses>
				<total>25</total>
				<timestamp>3252.744538</timestamp>
			</report>
			<report>
				<misses>10176001</misses>
				<total>25</total>
				<timestamp>3253.064199</timestamp>
			</report>
			<report>
				<misses>10177001</misses>
				<total>25</total>
				<timestamp>3253.383871</timestamp>
			</report>
			<report>
				<misses>10178001</misses>
				<total>25</total>
				<timestamp>3253.703525</timestamp>
			</report>
			<report>
				<misses>10179001</misses>
				<total>25</total>
				<timestamp>3254.023291</timestamp>
			</report>
			<report>
				<misses>10180001</misses>
				<total>25</total>
				<timestamp>3254.343020</timestamp>
			</report>
			<report>
				<misses>10181001</misses>
				<total>25</total>
				<timestamp>3254.662690</timestamp>
			</report>
			<report>
				<misses>10182001</misses>
				<total>25</total>
				<timestamp>3254.982297</timestamp>
			</report>
			<report>
				<misses>10183001</misses>
				<total>25</total>
				<timestamp>3255.301928</timestamp>
			</report>
			<report>
				<misses>10184001</misses>
				<total>24</total>
				<timestamp>3255.621711</timestamp>
			</report>
			<report>
				<misses>10185001</misses>
				<total>25</total>
				<timestamp>3255.941283</timestamp>
			</report>
			<report>
				<misses>10186001</misses>
				<total>25</total>
				<timestamp>3256.260976</timestamp>
			</report>
			<report>
				<misses>10187001</misses>
				<total>25</total>
				<timestamp>3256.580707</timestamp>
			</report>
			<report>
				<misses>10188001</misses>
				<total>25</total>
				<timestamp>3256.900323</timestamp>
			</report>
			<report>
				<misses>10189001</misses>
				<total>25</total>
				<timestamp>3257.220054</timestamp>
			</report>
			<report>
				<misses>10190001</misses>
				<total>25</total>
				<timestamp>3257.539689</timestamp>
			</report>
			<report>
				<misses>10191001</misses>
				<total>25</total>
				<timestamp>3257.859367</timestamp>
			</report>
			<report>
				<misses>10192001</misses>
				<total>25</total>
				<timestamp>3258.179134</timestamp>
			</report>
			<report>
				<misses>10193001</misses>
				<total>25</total>
				<timestamp>3258.498775</timestamp>
			</report>
			<report>
				<misses>10194001</misses>
				<total>25</total>
				<timestamp>3258.818449</timestamp>
			</report>
			<report>
				<misses>10195001</misses>
				<total>25</total>
				<timestamp>3259.138156</timestamp>
			</report>
			<report>
				<misses>10196001</misses>
				<total>25</total>
				<timestamp>3259.457768</timestamp>
			</report>
			<report>
				<misses>10197001</misses>
				<total>24</total>
				<timestamp>3259.777578</timestamp>
			</report>
			<report>
				<misses>10198001</misses>
				<total>25</total>
				<timestamp>3260.097176</timestamp>
			</report>
			<report>
				<misses>10199001</misses>
				<total>24</total>
				<timestamp>3260.416894</timestamp>
			</report>
			<report>
				<misses>10200001</misses>
				<total>25</total>
				<timestamp>3260.736544</timestamp>
			</report>
			<report>
				<misses>10201001</misses>
				<total>25</total>
				<timestamp>3261.056219</timestamp>
			</report>
			<report>
				<misses>10202001</misses>
				<total>25</total>
				<timestamp>3261.375881</timestamp>
			</report>
			<report>
				<misses>10203001</misses>
				<total>25</total>
				<timestamp>3261.695711</timestamp>
			</report>
			<report>
				<misses>10204001</misses>
				<total>25</total>
				<timestamp>3262.015288</timestamp>
			</report>
			<report>
				<misses>10205001</misses>
				<total>25</total>
				<timestamp>3262.334897</timestamp>
			</report>
			<report>
				<misses>10206001</misses>
				<total>25</total>
				<timestamp>3262.654597</timestamp>
			</report>
			<report>
				<misses>10207001</misses>
				<total>25</total>
				<timestamp>3262.974255</timestamp>
			</report>
			<report>
				<misses>10208001</misses>
				<total>25</total>
				<timestamp>3263.293967</timestamp>
			</report>
			<report>
				<misses>10209001</misses>
				<total>25</total>
				<timestamp>3263.613694</timestamp>
			</report>
			<report>
				<misses>10210001</misses>
				<total>25</total>
				<timestamp>3263.933382</timestamp>
			</report>
			<report>
				<misses>10211001</misses>
				<total>25</total>
				<timestamp>3264.253101</timestamp>
			</report>
			<report>
				<misses>10212001</misses>
				<total>25</total>
				<timestamp>3264.572688</timestamp>
			</report>
			<report>
				<misses>10213001</misses>
				<total>25</total>
				<timestamp>3264.892323</timestamp>
			</report>
			<report>
				<misses>10214001</misses>
				<total>24</total>
				<timestamp>3265.212136</timestamp>
			</report>
			<report>
				<misses>10215001</misses>
				<total>25</total>
				<timestamp>3265.531712</timestamp>
			</report>
			<report>
				<misses>10216001</misses>
				<total>25</total>
				<timestamp>3265.851377</timestamp>
			</report>
			<report>
				<misses>10217001</misses>
				<total>25</total>
				<timestamp>3266.171068</timestamp>
			</report>
			<report>
				<misses>10218001</misses>
				<total>25</total>
				<timestamp>3266.490785</timestamp>
			</report>
			<report>
				<misses>10219001</misses>
				<total>24</total>
				<timestamp>3266.810542</timestamp>
			</report>
			<report>
				<misses>10220001</misses>
				<total>25</total>
				<timestamp>3267.130116</timestamp>
			</report>
			<report>
				<misses>10221001</misses>
				<total>25</total>
				<timestamp>3267.449840</timestamp>
			</report>
			<report>
				<misses>10222001</misses>
				<total>24</total>
				<timestamp>3267.769613</timestamp>
			</report>
			<report>
				<misses>10223001</misses>
				<total>25</total>
				<timestamp>3268.089161</timestamp>
			</report>
			<report>
				<misses>10224001</misses>
				<total>25</total>
				<timestamp>3268.408811</timestamp>
			</report>
			<report>
				<misses>10225001</misses>
				<total>25</total>
				<timestamp>3268.728542</timestamp>
			</report>
			<report>
				<misses>10226001</misses>
				<total>25</total>
				<timestamp>3269.048188</timestamp>
			</report>
			<report>
				<misses>10227001</misses>
				<total>25</total>
				<timestamp>3269.367946</timestamp>
			</report>
			<report>
				<misses>10228001</misses>
				<total>25</total>
				<timestamp>3269.687527</timestamp>
			</report>
			<report>
				<misses>10229001</misses>
				<total>25</total>
				<timestamp>3270.007240</timestamp>
			</report>
			<report>
				<misses>10230001</misses>
				<total>25</total>
				<timestamp>3270.326983</timestamp>
			</report>
			<report>
				<misses>10231001</misses>
				<total>25</total>
				<timestamp>3270.646625</timestamp>
			</report>
			<report>
				<misses>10232001</misses>
				<total>25</total>
				<timestamp>3270.966326</timestamp>
			</report>
			<report>
				<misses>10233001</misses>
				<total>25</total>
				<timestamp>3271.285970</timestamp>
			</report>
			<report>
				<misses>10234001</misses>
				<total>25</total>
				<timestamp>3271.605633</timestamp>
			</report>
			<report>
				<misses>10235001</misses>
				<total>25</total>
				<timestamp>3271.925360</timestamp>
			</report>
			<report>
				<misses>10236001</misses>
				<total>25</total>
				<timestamp>3272.245010</timestamp>
			</report>
			<report>
				<misses>10237001</misses>
				<total>25</total>
				<timestamp>3272.564720</timestamp>
			</report>
			<report>
				<misses>10238001</misses>
				<total>25</total>
				<timestamp>3272.884387</timestamp>
			</report>
			<report>
				<misses>10239001</misses>
				<total>25</total>
				<timestamp>3273.204098</timestamp>
			</report>
			<report>
				<misses>10240001</misses>
				<total>25</total>
				<timestamp>3273.523725</timestamp>
			</report>
			<report>
				<misses>10241001</misses>
				<total>25</total>
				<timestamp>3273.843365</timestamp>
			</report>
			<report>
				<misses>10242001</misses>
				<total>25</total>
				<timestamp>3274.163076</timestamp>
			</report>
			<report>
				<misses>10243001</misses>
				<total>24</total>
				<timestamp>3274.482931</timestamp>
			</report>
			<report>
				<misses>10244001</misses>
				<total>25</total>
				<timestamp>3274.802438</timestamp>
			</report>
			<report>
				<misses>10245001</misses>
				<total>25</total>
				<timestamp>3275.122095</timestamp>
			</report>
			<report>
				<misses>10246001</misses>
				<total>25</total>
				<timestamp>3275.441755</timestamp>
			</report>
			<report>
				<misses>10247001</misses>
				<total>25</total>
				<timestamp>3275.761576</timestamp>
			</report>
			<report>
				<misses>10248001</misses>
				<total>25</total>
				<timestamp>3276.081195</timestamp>
			</report>
			<report>
				<misses>10249001</misses>
				<total>25</total>
				<timestamp>3276.400936</timestamp>
			</report>
			<report>
				<misses>10250001</misses>
				<total>25</total>
				<timestamp>3276.720498</timestamp>
			</report>
			<report>
				<misses>10251001</misses>
				<total>25</total>
				<timestamp>3277.040179</timestamp>
			</report>
			<report>
				<misses>10252001</misses>
				<total>25</total>
				<timestamp>3277.359915</timestamp>
			</report>
			<report>
				<misses>10253001</misses>
				<total>25</total>
				<timestamp>3277.679534</timestamp>
			</report>
			<report>
				<misses>10254001</misses>
				<total>25</total>
				<timestamp>3277.999197</timestamp>
			</report>
			<report>
				<misses>10255001</misses>
				<total>25</total>
				<timestamp>3278.318944</timestamp>
			</report>
			<report>
				<misses>10256001</misses>
				<total>25</total>
				<timestamp>3278.638583</timestamp>
			</report>
			<report>
				<misses>10257001</misses>
				<total>25</total>
				<timestamp>3278.958292</timestamp>
			</report>
			<report>
				<misses>10258001</misses>
				<total>25</total>
				<timestamp>3279.278046</timestamp>
			</report>
			<report>
				<misses>10259001</misses>
				<total>25</total>
				<timestamp>3279.597614</timestamp>
			</report>
			<report>
				<misses>10260001</misses>
				<total>25</total>
				<timestamp>3279.917276</timestamp>
			</report>
			<report>
				<misses>10261001</misses>
				<total>25</total>
				<timestamp>3280.236955</timestamp>
			</report>
			<report>
				<misses>10262001</misses>
				<total>24</total>
				<timestamp>3280.556848</timestamp>
			</report>
			<report>
				<misses>10263001</misses>
				<total>25</total>
				<timestamp>3280.876350</timestamp>
			</report>
			<report>
				<misses>10264001</misses>
				<total>25</total>
				<timestamp>3281.196103</timestamp>
			</report>
			<report>
				<misses>10265001</misses>
				<total>25</total>
				<timestamp>3281.515861</timestamp>
			</report>
			<report>
				<misses>10266001</misses>
				<total>25</total>
				<timestamp>3281.835434</timestamp>
			</report>
			<report>
				<misses>10267001</misses>
				<total>25</total>
				<timestamp>3282.155056</timestamp>
			</report>
			<report>
				<misses>10268001</misses>
				<total>25</total>
				<timestamp>3282.474846</timestamp>
			</report>
			<report>
				<misses>10269001</misses>
				<total>25</total>
				<timestamp>3282.794499</timestamp>
			</report>
			<report>
				<misses>10270001</misses>
				<total>25</total>
				<timestamp>3283.114135</timestamp>
			</report>
			<report>
				<misses>10271001</misses>
				<total>25</total>
				<timestamp>3283.433857</timestamp>
			</report>
			<report>
				<misses>10272001</misses>
				<total>25</total>
				<timestamp>3283.753488</timestamp>
			</report>
			<report>
				<misses>10273001</misses>
				<total>25</total>
				<timestamp>3284.073181</timestamp>
			</report>
			<report>
				<misses>10274001</misses>
				<total>25</total>
				<timestamp>3284.392810</timestamp>
			</report>
			<report>
				<misses>10275001</misses>
				<total>25</total>
				<timestamp>3284.712549</timestamp>
			</report>
			<report>
				<misses>10276001</misses>
				<total>25</total>
				<timestamp>3285.032156</timestamp>
			</report>
			<report>
				<misses>10277001</misses>
				<total>25</total>
				<timestamp>3285.351973</timestamp>
			</report>
			<report>
				<misses>10278001</misses>
				<total>24</total>
				<timestamp>3285.671714</timestamp>
			</report>
			<report>
				<misses>10279001</misses>
				<total>25</total>
				<timestamp>3285.991280</timestamp>
			</report>
			<report>
				<misses>10280001</misses>
				<total>25</total>
				<timestamp>3286.311025</timestamp>
			</report>
			<report>
				<misses>10281001</misses>
				<total>25</total>
				<timestamp>3286.630554</timestamp>
			</report>
			<report>
				<misses>10282001</misses>
				<total>24</total>
				<timestamp>3286.950331</timestamp>
			</report>
			<report>
				<misses>10283001</misses>
				<total>24</total>
				<timestamp>3287.270044</timestamp>
			</report>
			<report>
				<misses>10284001</misses>
				<total>25</total>
				<timestamp>3287.589612</timestamp>
			</report>
			<report>
				<misses>10285001</misses>
				<total>25</total>
				<timestamp>3287.909308</timestamp>
			</report>
			<report>
				<misses>10286001</misses>
				<total>25</total>
				<timestamp>3288.228996</timestamp>
			</report>
			<report>
				<misses>10287001</misses>
				<total>25</total>
				<timestamp>3288.548648</timestamp>
			</report>
			<report>
				<misses>10288001</misses>
				<total>25</total>
				<timestamp>3288.868350</timestamp>
			</report>
			<report>
				<misses>10289001</misses>
				<total>25</total>
				<timestamp>3289.188066</timestamp>
			</report>
			<report>
				<misses>10290001</misses>
				<total>25</total>
				<timestamp>3289.507732</timestamp>
			</report>
			<report>
				<misses>10291001</misses>
				<total>25</total>
				<timestamp>3289.827425</timestamp>
			</report>
			<report>
				<misses>10292001</misses>
				<total>25</total>
				<timestamp>3290.147100</timestamp>
			</report>
			<report>
				<misses>10293001</misses>
				<total>25</total>
				<timestamp>3290.466748</timestamp>
			</report>
			<report>
				<misses>10294001</misses>
				<total>25</total>
				<timestamp>3290.786427</timestamp>
			</report>
			<report>
				<misses>10295001</misses>
				<total>25</total>
				<timestamp>3291.106085</timestamp>
			</report>
			<report>
				<misses>10296001</misses>
				<total>25</total>
				<timestamp>3291.425865</timestamp>
			</report>
			<report>
				<misses>10297001</misses>
				<total>25</total>
				<timestamp>3291.745559</timestamp>
			</report>
			<report>
				<misses>10298001</misses>
				<total>24</total>
				<timestamp>3292.065230</timestamp>
			</report>
			<report>
				<misses>10299001</misses>
				<total>25</total>
				<timestamp>3292.384928</timestamp>
			</report>
			<report>
				<misses>10300001</misses>
				<total>25</total>
				<timestamp>3292.704594</timestamp>
			</report>
			<report>
				<misses>10301001</misses>
				<total>25</total>
				<timestamp>3293.024264</timestamp>
			</report>
			<report>
				<misses>10302001</misses>
				<total>25</total>
				<timestamp>3293.343910</timestamp>
			</report>
			<report>
				<misses>10303001</misses>
				<total>25</total>
				<timestamp>3293.663577</timestamp>
			</report>
			<report>
				<misses>10304001</misses>
				<total>25</total>
				<timestamp>3293.983275</timestamp>
			</report>
			<report>
				<misses>10305001</misses>
				<total>25</total>
				<timestamp>3294.302923</timestamp>
			</report>
			<report>
				<misses>10306001</misses>
				<total>25</total>
				<timestamp>3294.622587</timestamp>
			</report>
			<report>
				<misses>10307001</misses>
				<total>25</total>
				<timestamp>3294.942349</timestamp>
			</report>
			<report>
				<misses>10308001</misses>
				<total>24</total>
				<timestamp>3295.262015</timestamp>
			</report>
			<report>
				<misses>10309001</misses>
				<total>25</total>
				<timestamp>3295.581599</timestamp>
			</report>
			<report>
				<misses>10310001</misses>
				<total>25</total>
				<timestamp>3295.901431</timestamp>
			</report>
			<report>
				<misses>10311001</misses>
				<total>25</total>
				<timestamp>3296.220973</timestamp>
			</report>
			<report>
				<misses>10312001</misses>
				<total>25</total>
				<timestamp>3296.540748</timestamp>
			</report>
			<report>
				<misses>10313001</misses>
				<total>25</total>
				<timestamp>3296.860371</timestamp>
			</report>
			<report>
				<misses>10314001</misses>
				<total>25</total>
				<timestamp>3297.180033</timestamp>
			</report>
			<report>
				<misses>10315001</misses>
				<total>25</total>
				<timestamp>3297.499801</timestamp>
			</report>
			<report>
				<misses>10316001</misses>
				<total>25</total>
				<timestamp>3297.819355</timestamp>
			</report>
			<report>
				<misses>10317001</misses>
				<total>25</total>
				<timestamp>3298.139092</timestamp>
			</report>
			<report>
				<misses>10318001</misses>
				<total>25</total>
				<timestamp>3298.458741</timestamp>
			</report>
			<report>
				<misses>10319001</misses>
				<total>24</total>
				<timestamp>3298.778566</timestamp>
			</report>
			<report>
				<misses>10320001</misses>
				<total>25</total>
				<timestamp>3299.098120</timestamp>
			</report>
			<report>
				<misses>10321001</misses>
				<total>24</total>
				<timestamp>3299.417959</timestamp>
			</report>
			<report>
				<misses>10322001</misses>
				<total>25</total>
				<timestamp>3299.737494</timestamp>
			</report>
			<report>
				<misses>10323001</misses>
				<total>25</total>
				<timestamp>3300.057162</timestamp>
			</report>
			<report>
				<misses>10324001</misses>
				<total>25</total>
				<timestamp>3300.376817</timestamp>
			</report>
			<report>
				<misses>10325001</misses>
				<total>25</total>
				<timestamp>3300.696600</timestamp>
			</report>
			<report>
				<misses>10326001</misses>
				<total>25</total>
				<timestamp>3301.016195</timestamp>
			</report>
			<report>
				<misses>10327001</misses>
				<total>25</total>
				<timestamp>3301.335951</timestamp>
			</report>
			<report>
				<misses>10328001</misses>
				<total>25</total>
				<timestamp>3301.655594</timestamp>
			</report>
			<report>
				<misses>10329001</misses>
				<total>25</total>
				<timestamp>3301.975214</timestamp>
			</report>
			<report>
				<misses>10330001</misses>
				<total>25</total>
				<timestamp>3302.294969</timestamp>
			</report>
			<report>
				<misses>10331001</misses>
				<total>25</total>
				<timestamp>3302.614641</timestamp>
			</report>
			<report>
				<misses>10332001</misses>
				<total>25</total>
				<timestamp>3302.934249</timestamp>
			</report>
			<report>
				<misses>10333001</misses>
				<total>25</total>
				<timestamp>3303.254025</timestamp>
			</report>
			<report>
				<misses>10334001</misses>
				<total>25</total>
				<timestamp>3303.573711</timestamp>
			</report>
			<report>
				<misses>10335001</misses>
				<total>25</total>
				<timestamp>3303.893362</timestamp>
			</report>
			<report>
				<misses>10336001</misses>
				<total>25</total>
				<timestamp>3304.213065</timestamp>
			</report>
			<report>
				<misses>10337001</misses>
				<total>25</total>
				<timestamp>3304.532637</timestamp>
			</report>
			<report>
				<misses>10338001</misses>
				<total>25</total>
				<timestamp>3304.852352</timestamp>
			</report>
			<report>
				<misses>10339001</misses>
				<total>25</total>
				<timestamp>3305.172069</timestamp>
			</report>
			<report>
				<misses>10340001</misses>
				<total>25</total>
				<timestamp>3305.491731</timestamp>
			</report>
			<report>
				<misses>10341001</misses>
				<total>25</total>
				<timestamp>3305.811382</timestamp>
			</report>
			<report>
				<misses>10342001</misses>
				<total>25</total>
				<timestamp>3306.131087</timestamp>
			</report>
			<report>
				<misses>10343001</misses>
				<total>25</total>
				<timestamp>3306.450762</timestamp>
			</report>
			<report>
				<misses>10344001</misses>
				<total>25</total>
				<timestamp>3306.770439</timestamp>
			</report>
			<report>
				<misses>10345001</misses>
				<total>25</total>
				<timestamp>3307.090127</timestamp>
			</report>
			<report>
				<misses>10346001</misses>
				<total>25</total>
				<timestamp>3307.409853</timestamp>
			</report>
			<report>
				<misses>10347001</misses>
				<total>25</total>
				<timestamp>3307.729432</timestamp>
			</report>
			<report>
				<misses>10348001</misses>
				<total>24</total>
				<timestamp>3308.049237</timestamp>
			</report>
			<report>
				<misses>10349001</misses>
				<total>25</total>
				<timestamp>3308.368879</timestamp>
			</report>
			<report>
				<misses>10350001</misses>
				<total>25</total>
				<timestamp>3308.688484</timestamp>
			</report>
			<report>
				<misses>10351001</misses>
				<total>25</total>
				<timestamp>3309.008196</timestamp>
			</report>
			<report>
				<misses>10352001</misses>
				<total>25</total>
				<timestamp>3309.327946</timestamp>
			</report>
			<report>
				<misses>10353001</misses>
				<total>25</total>
				<timestamp>3309.647557</timestamp>
			</report>
			<report>
				<misses>10354001</misses>
				<total>25</total>
				<timestamp>3309.967204</timestamp>
			</report>
			<report>
				<misses>10355001</misses>
				<total>25</total>
				<timestamp>3310.286951</timestamp>
			</report>
			<report>
				<misses>10356001</misses>
				<total>25</total>
				<timestamp>3310.606680</timestamp>
			</report>
			<report>
				<misses>10357001</misses>
				<total>24</total>
				<timestamp>3310.926425</timestamp>
			</report>
			<report>
				<misses>10358001</misses>
				<total>25</total>
				<timestamp>3311.246068</timestamp>
			</report>
			<report>
				<misses>10359001</misses>
				<total>25</total>
				<timestamp>3311.565709</timestamp>
			</report>
			<report>
				<misses>10360001</misses>
				<total>25</total>
				<timestamp>3311.885338</timestamp>
			</report>
			<report>
				<misses>10361001</misses>
				<total>25</total>
				<timestamp>3312.205098</timestamp>
			</report>
			<report>
				<misses>10362001</misses>
				<total>25</total>
				<timestamp>3312.524730</timestamp>
			</report>
			<report>
				<misses>10363001</misses>
				<total>25</total>
				<timestamp>3312.844358</timestamp>
			</report>
			<report>
				<misses>10364001</misses>
				<total>24</total>
				<timestamp>3313.164111</timestamp>
			</report>
			<report>
				<misses>10365001</misses>
				<total>25</total>
				<timestamp>3313.483836</timestamp>
			</report>
			<report>
				<misses>10366001</misses>
				<total>25</total>
				<timestamp>3313.803357</timestamp>
			</report>
			<report>
				<misses>10367001</misses>
				<total>24</total>
				<timestamp>3314.123162</timestamp>
			</report>
			<report>
				<misses>10368001</misses>
				<total>24</total>
				<timestamp>3314.442887</timestamp>
			</report>
			<report>
				<misses>10369001</misses>
				<total>25</total>
				<timestamp>3314.762568</timestamp>
			</report>
			<report>
				<misses>10370001</misses>
				<total>25</total>
				<timestamp>3315.082124</timestamp>
			</report>
			<report>
				<misses>10371001</misses>
				<total>25</total>
				<timestamp>3315.401789</timestamp>
			</report>
			<report>
				<misses>10372001</misses>
				<total>25</total>
				<timestamp>3315.721459</timestamp>
			</report>
			<report>
				<misses>10373001</misses>
				<total>24</total>
				<timestamp>3316.041227</timestamp>
			</report>
			<report>
				<misses>10374001</misses>
				<total>25</total>
				<timestamp>3316.360837</timestamp>
			</report>
			<report>
				<misses>10375001</misses>
				<total>25</total>
				<timestamp>3316.680489</timestamp>
			</report>
			<report>
				<misses>10376001</misses>
				<total>25</total>
				<timestamp>3317.000284</timestamp>
			</report>
			<report>
				<misses>10377001</misses>
				<total>25</total>
				<timestamp>3317.319847</timestamp>
			</report>
			<report>
				<misses>10378001</misses>
				<total>25</total>
				<timestamp>3317.639587</timestamp>
			</report>
			<report>
				<misses>10379001</misses>
				<total>25</total>
				<timestamp>3317.959316</timestamp>
			</report>
			<report>
				<misses>10380001</misses>
				<total>25</total>
				<timestamp>3318.278964</timestamp>
			</report>
			<report>
				<misses>10381001</misses>
				<total>25</total>
				<timestamp>3318.598697</timestamp>
			</report>
			<report>
				<misses>10382001</misses>
				<total>25</total>
				<timestamp>3318.918233</timestamp>
			</report>
			<report>
				<misses>10383001</misses>
				<total>25</total>
				<timestamp>3319.237943</timestamp>
			</report>
			<report>
				<misses>10384001</misses>
				<total>25</total>
				<timestamp>3319.557699</timestamp>
			</report>
			<report>
				<misses>10385001</misses>
				<total>25</total>
				<timestamp>3319.877321</timestamp>
			</report>
			<report>
				<misses>10386001</misses>
				<total>25</total>
				<timestamp>3320.197066</timestamp>
			</report>
			<report>
				<misses>10387001</misses>
				<total>24</total>
				<timestamp>3320.516780</timestamp>
			</report>
			<report>
				<misses>10388001</misses>
				<total>25</total>
				<timestamp>3320.836403</timestamp>
			</report>
			<report>
				<misses>10389001</misses>
				<total>25</total>
				<timestamp>3321.156036</timestamp>
			</report>
			<report>
				<misses>10390001</misses>
				<total>25</total>
				<timestamp>3321.475716</timestamp>
			</report>
			<report>
				<misses>10391001</misses>
				<total>25</total>
				<timestamp>3321.795388</timestamp>
			</report>
			<report>
				<misses>10392001</misses>
				<total>25</total>
				<timestamp>3322.115075</timestamp>
			</report>
			<report>
				<misses>10393001</misses>
				<total>25</total>
				<timestamp>3322.434785</timestamp>
			</report>
			<report>
				<misses>10394001</misses>
				<total>25</total>
				<timestamp>3322.754400</timestamp>
			</report>
			<report>
				<misses>10395001</misses>
				<total>25</total>
				<timestamp>3323.074092</timestamp>
			</report>
			<report>
				<misses>10396001</misses>
				<total>25</total>
				<timestamp>3323.393851</timestamp>
			</report>
			<report>
				<misses>10397001</misses>
				<total>25</total>
				<timestamp>3323.713564</timestamp>
			</report>
			<report>
				<misses>10398001</misses>
				<total>25</total>
				<timestamp>3324.033203</timestamp>
			</report>
			<report>
				<misses>10399001</misses>
				<total>25</total>
				<timestamp>3324.352830</timestamp>
			</report>
			<report>
				<misses>10400001</misses>
				<total>25</total>
				<timestamp>3324.672563</timestamp>
			</report>
			<report>
				<misses>10401001</misses>
				<total>25</total>
				<timestamp>3324.992235</timestamp>
			</report>
			<report>
				<misses>10402001</misses>
				<total>25</total>
				<timestamp>3325.311845</timestamp>
			</report>
			<report>
				<misses>10403001</misses>
				<total>25</total>
				<timestamp>3325.631692</timestamp>
			</report>
			<report>
				<misses>10404001</misses>
				<total>25</total>
				<timestamp>3325.951328</timestamp>
			</report>
			<report>
				<misses>10405001</misses>
				<total>25</total>
				<timestamp>3326.270881</timestamp>
			</report>
			<report>
				<misses>10406001</misses>
				<total>25</total>
				<timestamp>3326.590659</timestamp>
			</report>
			<report>
				<misses>10407001</misses>
				<total>25</total>
				<timestamp>3326.910348</timestamp>
			</report>
			<report>
				<misses>10408001</misses>
				<total>25</total>
				<timestamp>3327.229974</timestamp>
			</report>
			<report>
				<misses>10409001</misses>
				<total>24</total>
				<timestamp>3327.549834</timestamp>
			</report>
			<report>
				<misses>10410001</misses>
				<total>25</total>
				<timestamp>3327.869283</timestamp>
			</report>
			<report>
				<misses>10411001</misses>
				<total>25</total>
				<timestamp>3328.189037</timestamp>
			</report>
			<report>
				<misses>10412001</misses>
				<total>25</total>
				<timestamp>3328.508668</timestamp>
			</report>
			<report>
				<misses>10413001</misses>
				<total>25</total>
				<timestamp>3328.828394</timestamp>
			</report>
			<report>
				<misses>10414001</misses>
				<total>25</total>
				<timestamp>3329.148011</timestamp>
			</report>
			<report>
				<misses>10415001</misses>
				<total>25</total>
				<timestamp>3329.467809</timestamp>
			</report>
			<report>
				<misses>10416001</misses>
				<total>25</total>
				<timestamp>3329.787444</timestamp>
			</report>
			<report>
				<misses>10417001</misses>
				<total>25</total>
				<timestamp>3330.107095</timestamp>
			</report>
			<report>
				<misses>10418001</misses>
				<total>25</total>
				<timestamp>3330.426746</timestamp>
			</report>
			<report>
				<misses>10419001</misses>
				<total>25</total>
				<timestamp>3330.746408</timestamp>
			</report>
			<report>
				<misses>10420001</misses>
				<total>25</total>
				<timestamp>3331.066124</timestamp>
			</report>
			<report>
				<misses>10421001</misses>
				<total>25</total>
				<timestamp>3331.385770</timestamp>
			</report>
			<report>
				<misses>10422001</misses>
				<total>25</total>
				<timestamp>3331.705564</timestamp>
			</report>
			<report>
				<misses>10423001</misses>
				<total>24</total>
				<timestamp>3332.025257</timestamp>
			</report>
			<report>
				<misses>10424001</misses>
				<total>25</total>
				<timestamp>3332.344811</timestamp>
			</report>
			<report>
				<misses>10425001</misses>
				<total>25</total>
				<timestamp>3332.664566</timestamp>
			</report>
			<report>
				<misses>10426001</misses>
				<total>24</total>
				<timestamp>3332.984302</timestamp>
			</report>
			<report>
				<misses>10427001</misses>
				<total>25</total>
				<timestamp>3333.303867</timestamp>
			</report>
			<report>
				<misses>10428001</misses>
				<total>25</total>
				<timestamp>3333.623590</timestamp>
			</report>
			<report>
				<misses>10429001</misses>
				<total>25</total>
				<timestamp>3333.943256</timestamp>
			</report>
			<report>
				<misses>10430001</misses>
				<total>25</total>
				<timestamp>3334.262981</timestamp>
			</report>
			<report>
				<misses>10431001</misses>
				<total>25</total>
				<timestamp>3334.582719</timestamp>
			</report>
			<report>
				<misses>10432001</misses>
				<total>25</total>
				<timestamp>3334.902248</timestamp>
			</report>
			<report>
				<misses>10433001</misses>
				<total>25</total>
				<timestamp>3335.221940</timestamp>
			</report>
			<report>
				<misses>10434001</misses>
				<total>25</total>
				<timestamp>3335.541729</timestamp>
			</report>
			<report>
				<misses>10435001</misses>
				<total>25</total>
				<timestamp>3335.861283</timestamp>
			</report>
			<report>
				<misses>10436001</misses>
				<total>24</total>
				<timestamp>3336.181091</timestamp>
			</report>
			<report>
				<misses>10437001</misses>
				<total>25</total>
				<timestamp>3336.500818</timestamp>
			</report>
			<report>
				<misses>10438001</misses>
				<total>25</total>
				<timestamp>3336.820329</timestamp>
			</report>
			<report>
				<misses>10439001</misses>
				<total>25</total>
				<timestamp>3337.140035</timestamp>
			</report>
			<report>
				<misses>10440001</misses>
				<total>25</total>
				<timestamp>3337.459716</timestamp>
			</report>
			<report>
				<misses>10441001</misses>
				<total>24</total>
				<timestamp>3337.779477</timestamp>
			</report>
			<report>
				<misses>10442001</misses>
				<total>25</total>
				<timestamp>3338.099100</timestamp>
			</report>
			<report>
				<misses>10443001</misses>
				<total>24</total>
				<timestamp>3338.418828</timestamp>
			</report>
			<report>
				<misses>10444001</misses>
				<total>25</total>
				<timestamp>3338.738507</timestamp>
			</report>
			<report>
				<misses>10445001</misses>
				<total>25</total>
				<timestamp>3339.058076</timestamp>
			</report>
			<report>
				<misses>10446001</misses>
				<total>25</total>
				<timestamp>3339.377758</timestamp>
			</report>
			<report>
				<misses>10447001</misses>
				<total>25</total>
				<timestamp>3339.697568</timestamp>
			</report>
			<report>
				<misses>10448001</misses>
				<total>24</total>
				<timestamp>3340.017271</timestamp>
			</report>
			<report>
				<misses>10449001</misses>
				<total>25</total>
				<timestamp>3340.336824</timestamp>
			</report>
			<report>
				<misses>10450001</misses>
				<total>25</total>
				<timestamp>3340.656561</timestamp>
			</report>
			<report>
				<misses>10451001</misses>
				<total>25</total>
				<timestamp>3340.976162</timestamp>
			</report>
			<report>
				<misses>10452001</misses>
				<total>25</total>
				<timestamp>3341.295950</timestamp>
			</report>
			<report>
				<misses>10453001</misses>
				<total>24</total>
				<timestamp>3341.615702</timestamp>
			</report>
			<report>
				<misses>10454001</misses>
				<total>25</total>
				<timestamp>3341.935198</timestamp>
			</report>
			<report>
				<misses>10455001</misses>
				<total>25</total>
				<timestamp>3342.254939</timestamp>
			</report>
			<report>
				<misses>10456001</misses>
				<total>25</total>
				<timestamp>3342.574689</timestamp>
			</report>
			<report>
				<misses>10457001</misses>
				<total>25</total>
				<timestamp>3342.894282</timestamp>
			</report>
			<report>
				<misses>10458001</misses>
				<total>25</total>
				<timestamp>3343.213914</timestamp>
			</report>
			<report>
				<misses>10459001</misses>
				<total>25</total>
				<timestamp>3343.533712</timestamp>
			</report>
			<report>
				<misses>10460001</misses>
				<total>25</total>
				<timestamp>3343.853281</timestamp>
			</report>
			<report>
				<misses>10461001</misses>
				<total>25</total>
				<timestamp>3344.173133</timestamp>
			</report>
			<report>
				<misses>10462001</misses>
				<total>24</total>
				<timestamp>3344.492820</timestamp>
			</report>
			<report>
				<misses>10463001</misses>
				<total>25</total>
				<timestamp>3344.812322</timestamp>
			</report>
			<report>
				<misses>10464001</misses>
				<total>25</total>
				<timestamp>3345.132070</timestamp>
			</report>
			<report>
				<misses>10465001</misses>
				<total>25</total>
				<timestamp>3345.451710</timestamp>
			</report>
			<report>
				<misses>10466001</misses>
				<total>25</total>
				<timestamp>3345.771452</timestamp>
			</report>
			<report>
				<misses>10467001</misses>
				<total>25</total>
				<timestamp>3346.091082</timestamp>
			</report>
			<report>
				<misses>10468001</misses>
				<total>25</total>
				<timestamp>3346.410831</timestamp>
			</report>
			<report>
				<misses>10469001</misses>
				<total>25</total>
				<timestamp>3346.730418</timestamp>
			</report>
			<report>
				<misses>10470001</misses>
				<total>25</total>
				<timestamp>3347.050089</timestamp>
			</report>
			<report>
				<misses>10471001</misses>
				<total>25</total>
				<timestamp>3347.369935</timestamp>
			</report>
			<report>
				<misses>10472001</misses>
				<total>25</total>
				<timestamp>3347.689544</timestamp>
			</report>
			<report>
				<misses>10473001</misses>
				<total>25</total>
				<timestamp>3348.009203</timestamp>
			</report>
			<report>
				<misses>10474001</misses>
				<total>24</total>
				<timestamp>3348.328951</timestamp>
			</report>
			<report>
				<misses>10475001</misses>
				<total>25</total>
				<timestamp>3348.648583</timestamp>
			</report>
			<report>
				<misses>10476001</misses>
				<total>25</total>
				<timestamp>3348.968228</timestamp>
			</report>
			<report>
				<misses>10477001</misses>
				<total>25</total>
				<timestamp>3349.287949</timestamp>
			</report>
			<report>
				<misses>10478001</misses>
				<total>25</total>
				<timestamp>3349.607589</timestamp>
			</report>
			<report>
				<misses>10479001</misses>
				<total>25</total>
				<timestamp>3349.927283</timestamp>
			</report>
			<report>
				<misses>10480001</misses>
				<total>24</total>
				<timestamp>3350.246995</timestamp>
			</report>
			<report>
				<misses>10481001</misses>
				<total>25</total>
				<timestamp>3350.566642</timestamp>
			</report>
			<report>
				<misses>10482001</misses>
				<total>24</total>
				<timestamp>3350.886374</timestamp>
			</report>
			<report>
				<misses>10483001</misses>
				<total>25</total>
				<timestamp>3351.205932</timestamp>
			</report>
			<report>
				<misses>10484001</misses>
				<total>25</total>
				<timestamp>3351.525695</timestamp>
			</report>
			<report>
				<misses>10485001</misses>
				<total>25</total>
				<timestamp>3351.845321</timestamp>
			</report>
			<report>
				<misses>10486001</misses>
				<total>25</total>
				<timestamp>3352.165034</timestamp>
			</report>
			<report>
				<misses>10487001</misses>
				<total>25</total>
				<timestamp>3352.484733</timestamp>
			</report>
			<report>
				<misses>10488001</misses>
				<total>25</total>
				<timestamp>3352.804384</timestamp>
			</report>
			<report>
				<misses>10489001</misses>
				<total>25</total>
				<timestamp>3353.124076</timestamp>
			</report>
			<report>
				<misses>10490001</misses>
				<total>25</total>
				<timestamp>3353.443803</timestamp>
			</report>
			<report>
				<misses>10491001</misses>
				<total>25</total>
				<timestamp>3353.763370</timestamp>
			</report>
			<report>
				<misses>10492001</misses>
				<total>25</total>
				<timestamp>3354.083123</timestamp>
			</report>
			<report>
				<misses>10493001</misses>
				<total>25</total>
				<timestamp>3354.402825</timestamp>
			</report>
			<report>
				<misses>10494001</misses>
				<total>25</total>
				<timestamp>3354.722463</timestamp>
			</report>
			<report>
				<misses>10495001</misses>
				<total>25</total>
				<timestamp>3355.042079</timestamp>
			</report>
			<report>
				<misses>10496001</misses>
				<total>24</total>
				<timestamp>3355.361897</timestamp>
			</report>
			<report>
				<misses>10497001</misses>
				<total>25</total>
				<timestamp>3355.681576</timestamp>
			</report>
			<report>
				<misses>10498001</misses>
				<total>25</total>
				<timestamp>3356.001117</timestamp>
			</report>
			<report>
				<misses>10499001</misses>
				<total>25</total>
				<timestamp>3356.320845</timestamp>
			</report>
			<report>
				<misses>10500001</misses>
				<total>25</total>
				<timestamp>3356.640585</timestamp>
			</report>
			<report>
				<misses>10501001</misses>
				<total>25</total>
				<timestamp>3356.960244</timestamp>
			</report>
			<report>
				<misses>10502001</misses>
				<total>25</total>
				<timestamp>3357.279965</timestamp>
			</report>
			<report>
				<misses>10503001</misses>
				<total>25</total>
				<timestamp>3357.599577</timestamp>
			</report>
			<report>
				<misses>10504001</misses>
				<total>25</total>
				<timestamp>3357.919264</timestamp>
			</report>
			<report>
				<misses>10505001</misses>
				<total>25</total>
				<timestamp>3358.238955</timestamp>
			</report>
			<report>
				<misses>10506001</misses>
				<total>25</total>
				<timestamp>3358.558710</timestamp>
			</report>
			<report>
				<misses>10507001</misses>
				<total>25</total>
				<timestamp>3358.878270</timestamp>
			</report>
			<report>
				<misses>10508001</misses>
				<total>25</total>
				<timestamp>3359.197992</timestamp>
			</report>
			<report>
				<misses>10509001</misses>
				<total>25</total>
				<timestamp>3359.517630</timestamp>
			</report>
			<report>
				<misses>10510001</misses>
				<total>25</total>
				<timestamp>3359.837331</timestamp>
			</report>
			<report>
				<misses>10511001</misses>
				<total>25</total>
				<timestamp>3360.156957</timestamp>
			</report>
			<report>
				<misses>10512001</misses>
				<total>25</total>
				<timestamp>3360.476757</timestamp>
			</report>
			<report>
				<misses>10513001</misses>
				<total>25</total>
				<timestamp>3360.796382</timestamp>
			</report>
			<report>
				<misses>10514001</misses>
				<total>25</total>
				<timestamp>3361.116012</timestamp>
			</report>
			<report>
				<misses>10515001</misses>
				<total>25</total>
				<timestamp>3361.435856</timestamp>
			</report>
			<report>
				<misses>10516001</misses>
				<total>25</total>
				<timestamp>3361.755579</timestamp>
			</report>
			<report>
				<misses>10517001</misses>
				<total>25</total>
				<timestamp>3362.075040</timestamp>
			</report>
			<report>
				<misses>10518001</misses>
				<total>25</total>
				<timestamp>3362.394737</timestamp>
			</report>
			<report>
				<misses>10519001</misses>
				<total>25</total>
				<timestamp>3362.714479</timestamp>
			</report>
			<report>
				<misses>10520001</misses>
				<total>24</total>
				<timestamp>3363.034221</timestamp>
			</report>
			<report>
				<misses>10521001</misses>
				<total>25</total>
				<timestamp>3363.353818</timestamp>
			</report>
			<report>
				<misses>10522001</misses>
				<total>25</total>
				<timestamp>3363.673477</timestamp>
			</report>
			<report>
				<misses>10523001</misses>
				<total>25</total>
				<timestamp>3363.993124</timestamp>
			</report>
			<report>
				<misses>10524001</misses>
				<total>25</total>
				<timestamp>3364.312835</timestamp>
			</report>
			<report>
				<misses>10525001</misses>
				<total>25</total>
				<timestamp>3364.632561</timestamp>
			</report>
			<report>
				<misses>10526001</misses>
				<total>25</total>
				<timestamp>3364.952159</timestamp>
			</report>
			<report>
				<misses>10527001</misses>
				<total>25</total>
				<timestamp>3365.271947</timestamp>
			</report>
			<report>
				<misses>10528001</misses>
				<total>25</total>
				<timestamp>3365.591579</timestamp>
			</report>
			<report>
				<misses>10529001</misses>
				<total>25</total>
				<timestamp>3365.911206</timestamp>
			</report>
			<report>
				<misses>10530001</misses>
				<total>24</total>
				<timestamp>3366.230985</timestamp>
			</report>
			<report>
				<misses>10531001</misses>
				<total>25</total>
				<timestamp>3366.550703</timestamp>
			</report>
			<report>
				<misses>10532001</misses>
				<total>25</total>
				<timestamp>3366.870302</timestamp>
			</report>
			<report>
				<misses>10533001</misses>
				<total>25</total>
				<timestamp>3367.190084</timestamp>
			</report>
			<report>
				<misses>10534001</misses>
				<total>25</total>
				<timestamp>3367.509613</timestamp>
			</report>
			<report>
				<misses>10535001</misses>
				<total>25</total>
				<timestamp>3367.829336</timestamp>
			</report>
			<report>
				<misses>10536001</misses>
				<total>25</total>
				<timestamp>3368.148996</timestamp>
			</report>
			<report>
				<misses>10537001</misses>
				<total>25</total>
				<timestamp>3368.468822</timestamp>
			</report>
			<report>
				<misses>10538001</misses>
				<total>25</total>
				<timestamp>3368.788375</timestamp>
			</report>
			<report>
				<misses>10539001</misses>
				<total>25</total>
				<timestamp>3369.108035</timestamp>
			</report>
			<report>
				<misses>10540001</misses>
				<total>25</total>
				<timestamp>3369.427823</timestamp>
			</report>
			<report>
				<misses>10541001</misses>
				<total>25</total>
				<timestamp>3369.747449</timestamp>
			</report>
			<report>
				<misses>10542001</misses>
				<total>25</total>
				<timestamp>3370.067105</timestamp>
			</report>
			<report>
				<misses>10543001</misses>
				<total>25</total>
				<timestamp>3370.386772</timestamp>
			</report>
			<report>
				<misses>10544001</misses>
				<total>25</total>
				<timestamp>3370.706422</timestamp>
			</report>
			<report>
				<misses>10545001</misses>
				<total>25</total>
				<timestamp>3371.026127</timestamp>
			</report>
			<report>
				<misses>10546001</misses>
				<total>25</total>
				<timestamp>3371.345810</timestamp>
			</report>
			<report>
				<misses>10547001</misses>
				<total>25</total>
				<timestamp>3371.665573</timestamp>
			</report>
			<report>
				<misses>10548001</misses>
				<total>25</total>
				<timestamp>3371.985157</timestamp>
			</report>
			<report>
				<misses>10549001</misses>
				<total>25</total>
				<timestamp>3372.304832</timestamp>
			</report>
			<report>
				<misses>10550001</misses>
				<total>26</total>
				<timestamp>3372.624590</timestamp>
			</report>
			<report>
				<misses>10551001</misses>
				<total>26</total>
				<timestamp>3372.944240</timestamp>
			</report>
			<report>
				<misses>10552001</misses>
				<total>26</total>
				<timestamp>3373.263994</timestamp>
			</report>
			<report>
				<misses>10553001</misses>
				<total>26</total>
				<timestamp>3373.583545</timestamp>
			</report>
			<report>
				<misses>10554001</misses>
				<total>26</total>
				<timestamp>3373.903288</timestamp>
			</report>
			<report>
				<misses>10555001</misses>
				<total>26</total>
				<timestamp>3374.222897</timestamp>
			</report>
			<report>
				<misses>10556001</misses>
				<total>26</total>
				<timestamp>3374.542581</timestamp>
			</report>
			<report>
				<misses>10557001</misses>
				<total>26</total>
				<timestamp>3374.862360</timestamp>
			</report>
			<report>
				<misses>10558001</misses>
				<total>26</total>
				<timestamp>3375.181938</timestamp>
			</report>
			<report>
				<misses>10559001</misses>
				<total>28</total>
				<timestamp>3375.501619</timestamp>
			</report>
			<report>
				<misses>10560001</misses>
				<total>28</total>
				<timestamp>3375.821388</timestamp>
			</report>
			<report>
				<misses>10561001</misses>
				<total>28</total>
				<timestamp>3376.141007</timestamp>
			</report>
			<report>
				<misses>10562001</misses>
				<total>28</total>
				<timestamp>3376.460657</timestamp>
			</report>
			<report>
				<misses>10563001</misses>
				<total>28</total>
				<timestamp>3376.780341</timestamp>
			</report>
			<report>
				<misses>10564001</misses>
				<total>28</total>
				<timestamp>3377.100028</timestamp>
			</report>
			<report>
				<misses>10565001</misses>
				<total>28</total>
				<timestamp>3377.419695</timestamp>
			</report>
			<report>
				<misses>10566001</misses>
				<total>28</total>
				<timestamp>3377.739454</timestamp>
			</report>
			<report>
				<misses>10567001</misses>
				<total>28</total>
				<timestamp>3378.059051</timestamp>
			</report>
			<report>
				<misses>10568001</misses>
				<total>28</total>
				<timestamp>3378.378750</timestamp>
			</report>
			<report>
				<misses>10569001</misses>
				<total>28</total>
				<timestamp>3378.698456</timestamp>
			</report>
			<report>
				<misses>10570001</misses>
				<total>28</total>
				<timestamp>3379.018183</timestamp>
			</report>
			<report>
				<misses>10571001</misses>
				<total>28</total>
				<timestamp>3379.337799</timestamp>
			</report>
			<report>
				<misses>10572001</misses>
				<total>28</total>
				<timestamp>3379.657577</timestamp>
			</report>
			<report>
				<misses>10573001</misses>
				<total>28</total>
				<timestamp>3379.977114</timestamp>
			</report>
			<report>
				<misses>10574001</misses>
				<total>28</total>
				<timestamp>3380.296818</timestamp>
			</report>
			<report>
				<misses>10575001</misses>
				<total>28</total>
				<timestamp>3380.616562</timestamp>
			</report>
			<report>
				<misses>10576001</misses>
				<total>28</total>
				<timestamp>3380.936169</timestamp>
			</report>
			<report>
				<misses>10577001</misses>
				<total>28</total>
				<timestamp>3381.255922</timestamp>
			</report>
			<report>
				<misses>10578001</misses>
				<total>28</total>
				<timestamp>3381.575576</timestamp>
			</report>
			<report>
				<misses>10579001</misses>
				<total>27</total>
				<timestamp>3381.895346</timestamp>
			</report>
			<report>
				<misses>10580001</misses>
				<total>28</total>
				<timestamp>3382.215068</timestamp>
			</report>
			<report>
				<misses>10581001</misses>
				<total>28</total>
				<timestamp>3382.534585</timestamp>
			</report>
			<report>
				<misses>10582001</misses>
				<total>28</total>
				<timestamp>3382.854279</timestamp>
			</report>
			<report>
				<misses>10583001</misses>
				<total>28</total>
				<timestamp>3383.173966</timestamp>
			</report>
			<report>
				<misses>10584001</misses>
				<total>28</total>
				<timestamp>3383.493628</timestamp>
			</report>
			<report>
				<misses>10585001</misses>
				<total>28</total>
				<timestamp>3383.813276</timestamp>
			</report>
			<report>
				<misses>10586001</misses>
				<total>28</total>
				<timestamp>3384.132967</timestamp>
			</report>
			<report>
				<misses>10587001</misses>
				<total>28</total>
				<timestamp>3384.452702</timestamp>
			</report>
			<report>
				<misses>10588001</misses>
				<total>28</total>
				<timestamp>3384.772324</timestamp>
			</report>
			<report>
				<misses>10589001</misses>
				<total>28</total>
				<timestamp>3385.092187</timestamp>
			</report>
			<report>
				<misses>10590001</misses>
				<total>28</total>
				<timestamp>3385.411811</timestamp>
			</report>
			<report>
				<misses>10591001</misses>
				<total>27</total>
				<timestamp>3385.731602</timestamp>
			</report>
			<report>
				<misses>10592001</misses>
				<total>28</total>
				<timestamp>3386.051101</timestamp>
			</report>
			<report>
				<misses>10593001</misses>
				<total>28</total>
				<timestamp>3386.370830</timestamp>
			</report>
			<report>
				<misses>10594001</misses>
				<total>28</total>
				<timestamp>3386.690417</timestamp>
			</report>
			<report>
				<misses>10595001</misses>
				<total>27</total>
				<timestamp>3387.010194</timestamp>
			</report>
			<report>
				<misses>10596001</misses>
				<total>28</total>
				<timestamp>3387.329820</timestamp>
			</report>
			<report>
				<misses>10597001</misses>
				<total>28</total>
				<timestamp>3387.649545</timestamp>
			</report>
			<report>
				<misses>10598001</misses>
				<total>28</total>
				<timestamp>3387.969142</timestamp>
			</report>
			<report>
				<misses>10599001</misses>
				<total>28</total>
				<timestamp>3388.288844</timestamp>
			</report>
			<report>
				<misses>10600001</misses>
				<total>28</total>
				<timestamp>3388.608560</timestamp>
			</report>
			<report>
				<misses>10601001</misses>
				<total>28</total>
				<timestamp>3388.928195</timestamp>
			</report>
			<report>
				<misses>10602001</misses>
				<total>28</total>
				<timestamp>3389.247951</timestamp>
			</report>
			<report>
				<misses>10603001</misses>
				<total>28</total>
				<timestamp>3389.567710</timestamp>
			</report>
			<report>
				<misses>10604001</misses>
				<total>27</total>
				<timestamp>3389.887341</timestamp>
			</report>
			<report>
				<misses>10605001</misses>
				<total>28</total>
				<timestamp>3390.207023</timestamp>
			</report>
			<report>
				<misses>10606001</misses>
				<total>28</total>
				<timestamp>3390.526706</timestamp>
			</report>
			<report>
				<misses>10607001</misses>
				<total>28</total>
				<timestamp>3390.846276</timestamp>
			</report>
			<report>
				<misses>10608001</misses>
				<total>28</total>
				<timestamp>3391.165973</timestamp>
			</report>
			<report>
				<misses>10609001</misses>
				<total>28</total>
				<timestamp>3391.485687</timestamp>
			</report>
			<report>
				<misses>10610001</misses>
				<total>28</total>
				<timestamp>3391.805355</timestamp>
			</report>
			<report>
				<misses>10611001</misses>
				<total>27</total>
				<timestamp>3392.125088</timestamp>
			</report>
			<report>
				<misses>10612001</misses>
				<total>28</total>
				<timestamp>3392.444719</timestamp>
			</report>
			<report>
				<misses>10613001</misses>
				<total>28</total>
				<timestamp>3392.764347</timestamp>
			</report>
			<report>
				<misses>10614001</misses>
				<total>28</total>
				<timestamp>3393.084073</timestamp>
			</report>
			<report>
				<misses>10615001</misses>
				<total>28</total>
				<timestamp>3393.403758</timestamp>
			</report>
			<report>
				<misses>10616001</misses>
				<total>27</total>
				<timestamp>3393.723502</timestamp>
			</report>
			<report>
				<misses>10617001</misses>
				<total>28</total>
				<timestamp>3394.043075</timestamp>
			</report>
			<report>
				<misses>10618001</misses>
				<total>28</total>
				<timestamp>3394.362837</timestamp>
			</report>
			<report>
				<misses>10619001</misses>
				<total>28</total>
				<timestamp>3394.682417</timestamp>
			</report>
			<report>
				<misses>10620001</misses>
				<total>28</total>
				<timestamp>3395.002170</timestamp>
			</report>
			<report>
				<misses>10621001</misses>
				<total>28</total>
				<timestamp>3395.321807</timestamp>
			</report>
			<report>
				<misses>10622001</misses>
				<total>28</total>
				<timestamp>3395.641507</timestamp>
			</report>
			<report>
				<misses>10623001</misses>
				<total>28</total>
				<timestamp>3395.961143</timestamp>
			</report>
			<report>
				<misses>10624001</misses>
				<total>28</total>
				<timestamp>3396.280806</timestamp>
			</report>
			<report>
				<misses>10625001</misses>
				<total>28</total>
				<timestamp>3396.600565</timestamp>
			</report>
			<report>
				<misses>10626001</misses>
				<total>28</total>
				<timestamp>3396.920186</timestamp>
			</report>
			<report>
				<misses>10627001</misses>
				<total>28</total>
				<timestamp>3397.239917</timestamp>
			</report>
			<report>
				<misses>10628001</misses>
				<total>28</total>
				<timestamp>3397.559561</timestamp>
			</report>
			<report>
				<misses>10629001</misses>
				<total>28</total>
				<timestamp>3397.879251</timestamp>
			</report>
			<report>
				<misses>10630001</misses>
				<total>28</total>
				<timestamp>3398.198898</timestamp>
			</report>
			<report>
				<misses>10631001</misses>
				<total>28</total>
				<timestamp>3398.518710</timestamp>
			</report>
			<report>
				<misses>10632001</misses>
				<total>28</total>
				<timestamp>3398.838272</timestamp>
			</report>
			<report>
				<misses>10633001</misses>
				<total>28</total>
				<timestamp>3399.157964</timestamp>
			</report>
			<report>
				<misses>10634001</misses>
				<total>28</total>
				<timestamp>3399.477707</timestamp>
			</report>
			<report>
				<misses>10635001</misses>
				<total>28</total>
				<timestamp>3399.797304</timestamp>
			</report>
			<report>
				<misses>10636001</misses>
				<total>28</total>
				<timestamp>3400.117078</timestamp>
			</report>
			<report>
				<misses>10637001</misses>
				<total>28</total>
				<timestamp>3400.436643</timestamp>
			</report>
			<report>
				<misses>10638001</misses>
				<total>28</total>
				<timestamp>3400.756328</timestamp>
			</report>
			<report>
				<misses>10639001</misses>
				<total>27</total>
				<timestamp>3401.076131</timestamp>
			</report>
			<report>
				<misses>10640001</misses>
				<total>27</total>
				<timestamp>3401.395823</timestamp>
			</report>
			<report>
				<misses>10641001</misses>
				<total>28</total>
				<timestamp>3401.715414</timestamp>
			</report>
			<report>
				<misses>10642001</misses>
				<total>28</total>
				<timestamp>3402.035099</timestamp>
			</report>
			<report>
				<misses>10643001</misses>
				<total>28</total>
				<timestamp>3402.354803</timestamp>
			</report>
			<report>
				<misses>10644001</misses>
				<total>28</total>
				<timestamp>3402.674563</timestamp>
			</report>
			<report>
				<misses>10645001</misses>
				<total>28</total>
				<timestamp>3402.994093</timestamp>
			</report>
			<report>
				<misses>10646001</misses>
				<total>28</total>
				<timestamp>3403.313791</timestamp>
			</report>
			<report>
				<misses>10647001</misses>
				<total>28</total>
				<timestamp>3403.633565</timestamp>
			</report>
			<report>
				<misses>10648001</misses>
				<total>28</total>
				<timestamp>3403.953146</timestamp>
			</report>
			<report>
				<misses>10649001</misses>
				<total>28</total>
				<timestamp>3404.272862</timestamp>
			</report>
			<report>
				<misses>10650001</misses>
				<total>27</total>
				<timestamp>3404.592621</timestamp>
			</report>
			<report>
				<misses>10651001</misses>
				<total>28</total>
				<timestamp>3404.912211</timestamp>
			</report>
			<report>
				<misses>10652001</misses>
				<total>28</total>
				<timestamp>3405.231951</timestamp>
			</report>
			<report>
				<misses>10653001</misses>
				<total>28</total>
				<timestamp>3405.551705</timestamp>
			</report>
			<report>
				<misses>10654001</misses>
				<total>28</total>
				<timestamp>3405.871333</timestamp>
			</report>
			<report>
				<misses>10655001</misses>
				<total>28</total>
				<timestamp>3406.190973</timestamp>
			</report>
			<report>
				<misses>10656001</misses>
				<total>28</total>
				<timestamp>3406.510706</timestamp>
			</report>
			<report>
				<misses>10657001</misses>
				<total>28</total>
				<timestamp>3406.830264</timestamp>
			</report>
			<report>
				<misses>10658001</misses>
				<total>28</total>
				<timestamp>3407.149959</timestamp>
			</report>
			<report>
				<misses>10659001</misses>
				<total>28</total>
				<timestamp>3407.469694</timestamp>
			</report>
			<report>
				<misses>10660001</misses>
				<total>28</total>
				<timestamp>3407.789311</timestamp>
			</report>
			<report>
				<misses>10661001</misses>
				<total>27</total>
				<timestamp>3408.109086</timestamp>
			</report>
			<report>
				<misses>10662001</misses>
				<total>27</total>
				<timestamp>3408.428741</timestamp>
			</report>
			<report>
				<misses>10663001</misses>
				<total>28</total>
				<timestamp>3408.748328</timestamp>
			</report>
			<report>
				<misses>10664001</misses>
				<total>28</total>
				<timestamp>3409.068086</timestamp>
			</report>
			<report>
				<misses>10665001</misses>
				<total>28</total>
				<timestamp>3409.387830</timestamp>
			</report>
			<report>
				<misses>10666001</misses>
				<total>28</total>
				<timestamp>3409.707409</timestamp>
			</report>
			<report>
				<misses>10667001</misses>
				<total>28</total>
				<timestamp>3410.027082</timestamp>
			</report>
			<report>
				<misses>10668001</misses>
				<total>28</total>
				<timestamp>3410.346816</timestamp>
			</report>
			<report>
				<misses>10669001</misses>
				<total>28</total>
				<timestamp>3410.666403</timestamp>
			</report>
			<report>
				<misses>10670001</misses>
				<total>28</total>
				<timestamp>3410.986116</timestamp>
			</report>
			<report>
				<misses>10671001</misses>
				<total>28</total>
				<timestamp>3411.305831</timestamp>
			</report>
			<report>
				<misses>10672001</misses>
				<total>28</total>
				<timestamp>3411.625586</timestamp>
			</report>
			<report>
				<misses>10673001</misses>
				<total>28</total>
				<timestamp>3411.945210</timestamp>
			</report>
			<report>
				<misses>10674001</misses>
				<total>28</total>
				<timestamp>3412.264869</timestamp>
			</report>
			<report>
				<misses>10675001</misses>
				<total>28</total>
				<timestamp>3412.584592</timestamp>
			</report>
			<report>
				<misses>10676001</misses>
				<total>29</total>
				<timestamp>3412.904198</timestamp>
			</report>
			<report>
				<misses>10677001</misses>
				<total>28</total>
				<timestamp>3413.223994</timestamp>
			</report>
			<report>
				<misses>10678001</misses>
				<total>29</total>
				<timestamp>3413.543523</timestamp>
			</report>
			<report>
				<misses>10679001</misses>
				<total>29</total>
				<timestamp>3413.863286</timestamp>
			</report>
			<report>
				<misses>10680001</misses>
				<total>29</total>
				<timestamp>3414.182947</timestamp>
			</report>
			<report>
				<misses>10681001</misses>
				<total>29</total>
				<timestamp>3414.502697</timestamp>
			</report>
			<report>
				<misses>10682001</misses>
				<total>29</total>
				<timestamp>3414.822261</timestamp>
			</report>
			<report>
				<misses>10683001</misses>
				<total>29</total>
				<timestamp>3415.141960</timestamp>
			</report>
			<report>
				<misses>10684001</misses>
				<total>29</total>
				<timestamp>3415.461710</timestamp>
			</report>
			<report>
				<misses>10685001</misses>
				<total>29</total>
				<timestamp>3415.781337</timestamp>
			</report>
			<report>
				<misses>10686001</misses>
				<total>29</total>
				<timestamp>3416.101026</timestamp>
			</report>
			<report>
				<misses>10687001</misses>
				<total>29</total>
				<timestamp>3416.420662</timestamp>
			</report>
			<report>
				<misses>10688001</misses>
				<total>29</total>
				<timestamp>3416.740404</timestamp>
			</report>
			<report>
				<misses>10689001</misses>
				<total>29</total>
				<timestamp>3417.060088</timestamp>
			</report>
			<report>
				<misses>10690001</misses>
				<total>29</total>
				<timestamp>3417.379767</timestamp>
			</report>
			<report>
				<misses>10691001</misses>
				<total>28</total>
				<timestamp>3417.699529</timestamp>
			</report>
			<report>
				<misses>10692001</misses>
				<total>29</total>
				<timestamp>3418.019077</timestamp>
			</report>
			<report>
				<misses>10693001</misses>
				<total>29</total>
				<timestamp>3418.338725</timestamp>
			</report>
			<report>
				<misses>10694001</misses>
				<total>28</total>
				<timestamp>3418.658505</timestamp>
			</report>
			<report>
				<misses>10695001</misses>
				<total>29</total>
				<timestamp>3418.978161</timestamp>
			</report>
			<report>
				<misses>10696001</misses>
				<total>29</total>
				<timestamp>3419.297825</timestamp>
			</report>
			<report>
				<misses>10697001</misses>
				<total>29</total>
				<timestamp>3419.617501</timestamp>
			</report>
			<report>
				<misses>10698001</misses>
				<total>29</total>
				<timestamp>3419.937159</timestamp>
			</report>
			<report>
				<misses>10699001</misses>
				<total>29</total>
				<timestamp>3420.256822</timestamp>
			</report>
			<report>
				<misses>10700001</misses>
				<total>29</total>
				<timestamp>3420.576507</timestamp>
			</report>
			<report>
				<misses>10701001</misses>
				<total>29</total>
				<timestamp>3420.896192</timestamp>
			</report>
			<report>
				<misses>10702001</misses>
				<total>29</total>
				<timestamp>3421.215916</timestamp>
			</report>
			<report>
				<misses>10703001</misses>
				<total>29</total>
				<timestamp>3421.535698</timestamp>
			</report>
			<report>
				<misses>10704001</misses>
				<total>29</total>
				<timestamp>3421.855248</timestamp>
			</report>
			<report>
				<misses>10705001</misses>
				<total>29</total>
				<timestamp>3422.174888</timestamp>
			</report>
			<report>
				<misses>10706001</misses>
				<total>29</total>
				<timestamp>3422.494686</timestamp>
			</report>
			<report>
				<misses>10707001</misses>
				<total>29</total>
				<timestamp>3422.814280</timestamp>
			</report>
			<report>
				<misses>10708001</misses>
				<total>29</total>
				<timestamp>3423.133948</timestamp>
			</report>
			<report>
				<misses>10709001</misses>
				<total>29</total>
				<timestamp>3423.453684</timestamp>
			</report>
			<report>
				<misses>10710001</misses>
				<total>29</total>
				<timestamp>3423.773320</timestamp>
			</report>
			<report>
				<misses>10711001</misses>
				<total>28</total>
				<timestamp>3424.093075</timestamp>
			</report>
			<report>
				<misses>10712001</misses>
				<total>28</total>
				<timestamp>3424.412763</timestamp>
			</report>
			<report>
				<misses>10713001</misses>
				<total>29</total>
				<timestamp>3424.732365</timestamp>
			</report>
			<report>
				<misses>10714001</misses>
				<total>29</total>
				<timestamp>3425.052107</timestamp>
			</report>
			<report>
				<misses>10715001</misses>
				<total>29</total>
				<timestamp>3425.371682</timestamp>
			</report>
			<report>
				<misses>10716001</misses>
				<total>29</total>
				<timestamp>3425.691355</timestamp>
			</report>
			<report>
				<misses>10717001</misses>
				<total>29</total>
				<timestamp>3426.011099</timestamp>
			</report>
			<report>
				<misses>10718001</misses>
				<total>29</total>
				<timestamp>3426.330833</timestamp>
			</report>
			<report>
				<misses>10719001</misses>
				<total>29</total>
				<timestamp>3426.650467</timestamp>
			</report>
			<report>
				<misses>10720001</misses>
				<total>29</total>
				<timestamp>3426.970085</timestamp>
			</report>
			<report>
				<misses>10721001</misses>
				<total>29</total>
				<timestamp>3427.289800</timestamp>
			</report>
			<report>
				<misses>10722001</misses>
				<total>29</total>
				<timestamp>3427.609517</timestamp>
			</report>
			<report>
				<misses>10723001</misses>
				<total>29</total>
				<timestamp>3427.929200</timestamp>
			</report>
			<report>
				<misses>10724001</misses>
				<total>29</total>
				<timestamp>3428.248863</timestamp>
			</report>
			<report>
				<misses>10725001</misses>
				<total>29</total>
				<timestamp>3428.568503</timestamp>
			</report>
			<report>
				<misses>10726001</misses>
				<total>29</total>
				<timestamp>3428.888217</timestamp>
			</report>
			<report>
				<misses>10727001</misses>
				<total>29</total>
				<timestamp>3429.207943</timestamp>
			</report>
			<report>
				<misses>10728001</misses>
				<total>29</total>
				<timestamp>3429.527613</timestamp>
			</report>
			<report>
				<misses>10729001</misses>
				<total>29</total>
				<timestamp>3429.847228</timestamp>
			</report>
			<report>
				<misses>10730001</misses>
				<total>29</total>
				<timestamp>3430.166907</timestamp>
			</report>
			<report>
				<misses>10731001</misses>
				<total>29</total>
				<timestamp>3430.486697</timestamp>
			</report>
			<report>
				<misses>10732001</misses>
				<total>29</total>
				<timestamp>3430.806251</timestamp>
			</report>
			<report>
				<misses>10733001</misses>
				<total>29</total>
				<timestamp>3431.125963</timestamp>
			</report>
			<report>
				<misses>10734001</misses>
				<total>29</total>
				<timestamp>3431.445702</timestamp>
			</report>
			<report>
				<misses>10735001</misses>
				<total>29</total>
				<timestamp>3431.765294</timestamp>
			</report>
			<report>
				<misses>10736001</misses>
				<total>29</total>
				<timestamp>3432.085051</timestamp>
			</report>
			<report>
				<misses>10737001</misses>
				<total>29</total>
				<timestamp>3432.404632</timestamp>
			</report>
			<report>
				<misses>10738001</misses>
				<total>29</total>
				<timestamp>3432.724340</timestamp>
			</report>
			<report>
				<misses>10739001</misses>
				<total>29</total>
				<timestamp>3433.044029</timestamp>
			</report>
			<report>
				<misses>10740001</misses>
				<total>29</total>
				<timestamp>3433.363833</timestamp>
			</report>
			<report>
				<misses>10741001</misses>
				<total>29</total>
				<timestamp>3433.683424</timestamp>
			</report>
			<report>
				<misses>10742001</misses>
				<total>29</total>
				<timestamp>3434.003068</timestamp>
			</report>
			<report>
				<misses>10743001</misses>
				<total>29</total>
				<timestamp>3434.322820</timestamp>
			</report>
			<report>
				<misses>10744001</misses>
				<total>29</total>
				<timestamp>3434.642456</timestamp>
			</report>
			<report>
				<misses>10745001</misses>
				<total>29</total>
				<timestamp>3434.962102</timestamp>
			</report>
			<report>
				<misses>10746001</misses>
				<total>29</total>
				<timestamp>3435.281814</timestamp>
			</report>
			<report>
				<misses>10747001</misses>
				<total>29</total>
				<timestamp>3435.601460</timestamp>
			</report>
			<report>
				<misses>10748001</misses>
				<total>29</total>
				<timestamp>3435.921185</timestamp>
			</report>
			<report>
				<misses>10749001</misses>
				<total>29</total>
				<timestamp>3436.240927</timestamp>
			</report>
			<report>
				<misses>10750001</misses>
				<total>29</total>
				<timestamp>3436.560580</timestamp>
			</report>
			<report>
				<misses>10751001</misses>
				<total>29</total>
				<timestamp>3436.880183</timestamp>
			</report>
			<report>
				<misses>10752001</misses>
				<total>29</total>
				<timestamp>3437.199909</timestamp>
			</report>
			<report>
				<misses>10753001</misses>
				<total>29</total>
				<timestamp>3437.519536</timestamp>
			</report>
			<report>
				<misses>10754001</misses>
				<total>29</total>
				<timestamp>3437.839235</timestamp>
			</report>
			<report>
				<misses>10755001</misses>
				<total>29</total>
				<timestamp>3438.159076</timestamp>
			</report>
			<report>
				<misses>10756001</misses>
				<total>29</total>
				<timestamp>3438.478597</timestamp>
			</report>
			<report>
				<misses>10757001</misses>
				<total>29</total>
				<timestamp>3438.798233</timestamp>
			</report>
			<report>
				<misses>10758001</misses>
				<total>29</total>
				<timestamp>3439.117997</timestamp>
			</report>
			<report>
				<misses>10759001</misses>
				<total>29</total>
				<timestamp>3439.437678</timestamp>
			</report>
			<report>
				<misses>10760001</misses>
				<total>29</total>
				<timestamp>3439.757287</timestamp>
			</report>
			<report>
				<misses>10761001</misses>
				<total>29</total>
				<timestamp>3440.076974</timestamp>
			</report>
			<report>
				<misses>10762001</misses>
				<total>29</total>
				<timestamp>3440.396697</timestamp>
			</report>
			<report>
				<misses>10763001</misses>
				<total>29</total>
				<timestamp>3440.716332</timestamp>
			</report>
			<report>
				<misses>10764001</misses>
				<total>29</total>
				<timestamp>3441.036083</timestamp>
			</report>
			<report>
				<misses>10765001</misses>
				<total>29</total>
				<timestamp>3441.355717</timestamp>
			</report>
			<report>
				<misses>10766001</misses>
				<total>28</total>
				<timestamp>3441.675601</timestamp>
			</report>
			<report>
				<misses>10767001</misses>
				<total>29</total>
				<timestamp>3441.995093</timestamp>
			</report>
			<report>
				<misses>10768001</misses>
				<total>29</total>
				<timestamp>3442.314833</timestamp>
			</report>
			<report>
				<misses>10769001</misses>
				<total>29</total>
				<timestamp>3442.634398</timestamp>
			</report>
			<report>
				<misses>10770001</misses>
				<total>29</total>
				<timestamp>3442.954086</timestamp>
			</report>
			<report>
				<misses>10771001</misses>
				<total>29</total>
				<timestamp>3443.273965</timestamp>
			</report>
			<report>
				<misses>10772001</misses>
				<total>29</total>
				<timestamp>3443.593560</timestamp>
			</report>
			<report>
				<misses>10773001</misses>
				<total>29</total>
				<timestamp>3443.913127</timestamp>
			</report>
			<report>
				<misses>10774001</misses>
				<total>29</total>
				<timestamp>3444.232940</timestamp>
			</report>
			<report>
				<misses>10775001</misses>
				<total>29</total>
				<timestamp>3444.552474</timestamp>
			</report>
			<report>
				<misses>10776001</misses>
				<total>29</total>
				<timestamp>3444.872227</timestamp>
			</report>
			<report>
				<misses>10777001</misses>
				<total>29</total>
				<timestamp>3445.191971</timestamp>
			</report>
			<report>
				<misses>10778001</misses>
				<total>29</total>
				<timestamp>3445.511536</timestamp>
			</report>
			<report>
				<misses>10779001</misses>
				<total>29</total>
				<timestamp>3445.831253</timestamp>
			</report>
			<report>
				<misses>10780001</misses>
				<total>29</total>
				<timestamp>3446.150939</timestamp>
			</report>
			<report>
				<misses>10781001</misses>
				<total>29</total>
				<timestamp>3446.470650</timestamp>
			</report>
			<report>
				<misses>10782001</misses>
				<total>29</total>
				<timestamp>3446.790242</timestamp>
			</report>
			<report>
				<misses>10783001</misses>
				<total>29</total>
				<timestamp>3447.109986</timestamp>
			</report>
			<report>
				<misses>10784001</misses>
				<total>29</total>
				<timestamp>3447.429688</timestamp>
			</report>
			<report>
				<misses>10785001</misses>
				<total>29</total>
				<timestamp>3447.749281</timestamp>
			</report>
			<report>
				<misses>10786001</misses>
				<total>29</total>
				<timestamp>3448.069075</timestamp>
			</report>
			<report>
				<misses>10787001</misses>
				<total>29</total>
				<timestamp>3448.388667</timestamp>
			</report>
			<report>
				<misses>10788001</misses>
				<total>29</total>
				<timestamp>3448.708349</timestamp>
			</report>
			<report>
				<misses>10789001</misses>
				<total>29</total>
				<timestamp>3449.027992</timestamp>
			</report>
			<report>
				<misses>10790001</misses>
				<total>29</total>
				<timestamp>3449.347719</timestamp>
			</report>
			<report>
				<misses>10791001</misses>
				<total>29</total>
				<timestamp>3449.667456</timestamp>
			</report>
			<report>
				<misses>10792001</misses>
				<total>29</total>
				<timestamp>3449.987166</timestamp>
			</report>
			<report>
				<misses>10793001</misses>
				<total>29</total>
				<timestamp>3450.306829</timestamp>
			</report>
			<report>
				<misses>10794001</misses>
				<total>29</total>
				<timestamp>3450.626419</timestamp>
			</report>
			<report>
				<misses>10795001</misses>
				<total>29</total>
				<timestamp>3450.946105</timestamp>
			</report>
			<report>
				<misses>10796001</misses>
				<total>29</total>
				<timestamp>3451.265794</timestamp>
			</report>
			<report>
				<misses>10797001</misses>
				<total>29</total>
				<timestamp>3451.585473</timestamp>
			</report>
			<report>
				<misses>10798001</misses>
				<total>29</total>
				<timestamp>3451.905128</timestamp>
			</report>
			<report>
				<misses>10799001</misses>
				<total>29</total>
				<timestamp>3452.224847</timestamp>
			</report>
			<report>
				<misses>10800001</misses>
				<total>29</total>
				<timestamp>3452.544576</timestamp>
			</report>
			<report>
				<misses>10801001</misses>
				<total>29</total>
				<timestamp>3452.864184</timestamp>
			</report>
			<report>
				<misses>10802001</misses>
				<total>28</total>
				<timestamp>3453.183980</timestamp>
			</report>
			<report>
				<misses>10803001</misses>
				<total>29</total>
				<timestamp>3453.503570</timestamp>
			</report>
			<report>
				<misses>10804001</misses>
				<total>28</total>
				<timestamp>3453.823299</timestamp>
			</report>
			<report>
				<misses>10805001</misses>
				<total>29</total>
				<timestamp>3454.142951</timestamp>
			</report>
			<report>
				<misses>10806001</misses>
				<total>29</total>
				<timestamp>3454.462585</timestamp>
			</report>
			<report>
				<misses>10807001</misses>
				<total>29</total>
				<timestamp>3454.782332</timestamp>
			</report>
			<report>
				<misses>10808001</misses>
				<total>29</total>
				<timestamp>3455.101988</timestamp>
			</report>
			<report>
				<misses>10809001</misses>
				<total>29</total>
				<timestamp>3455.421648</timestamp>
			</report>
			<report>
				<misses>10810001</misses>
				<total>29</total>
				<timestamp>3455.741367</timestamp>
			</report>
			<report>
				<misses>10811001</misses>
				<total>29</total>
				<timestamp>3456.060990</timestamp>
			</report>
			<report>
				<misses>10812001</misses>
				<total>28</total>
				<timestamp>3456.380819</timestamp>
			</report>
			<report>
				<misses>10813001</misses>
				<total>28</total>
				<timestamp>3456.700446</timestamp>
			</report>
			<report>
				<misses>10814001</misses>
				<total>29</total>
				<timestamp>3457.020010</timestamp>
			</report>
			<report>
				<misses>10815001</misses>
				<total>29</total>
				<timestamp>3457.339712</timestamp>
			</report>
			<report>
				<misses>10816001</misses>
				<total>29</total>
				<timestamp>3457.659397</timestamp>
			</report>
			<report>
				<misses>10817001</misses>
				<total>29</total>
				<timestamp>3457.979076</timestamp>
			</report>
			<report>
				<misses>10818001</misses>
				<total>29</total>
				<timestamp>3458.298725</timestamp>
			</report>
			<report>
				<misses>10819001</misses>
				<total>29</total>
				<timestamp>3458.618473</timestamp>
			</report>
			<report>
				<misses>10820001</misses>
				<total>29</total>
				<timestamp>3458.938124</timestamp>
			</report>
			<report>
				<misses>10821001</misses>
				<total>29</total>
				<timestamp>3459.257945</timestamp>
			</report>
			<report>
				<misses>10822001</misses>
				<total>29</total>
				<timestamp>3459.577575</timestamp>
			</report>
			<report>
				<misses>10823001</misses>
				<total>29</total>
				<timestamp>3459.897155</timestamp>
			</report>
			<report>
				<misses>10824001</misses>
				<total>29</total>
				<timestamp>3460.216934</timestamp>
			</report>
			<report>
				<misses>10825001</misses>
				<total>29</total>
				<timestamp>3460.536496</timestamp>
			</report>
			<report>
				<misses>10826001</misses>
				<total>29</total>
				<timestamp>3460.856152</timestamp>
			</report>
			<report>
				<misses>10827001</misses>
				<total>29</total>
				<timestamp>3461.176025</timestamp>
			</report>
			<report>
				<misses>10828001</misses>
				<total>28</total>
				<timestamp>3461.495676</timestamp>
			</report>
			<report>
				<misses>10829001</misses>
				<total>29</total>
				<timestamp>3461.815266</timestamp>
			</report>
			<report>
				<misses>10830001</misses>
				<total>28</total>
				<timestamp>3462.134990</timestamp>
			</report>
			<report>
				<misses>10831001</misses>
				<total>29</total>
				<timestamp>3462.454565</timestamp>
			</report>
			<report>
				<misses>10832001</misses>
				<total>29</total>
				<timestamp>3462.774273</timestamp>
			</report>
			<report>
				<misses>10833001</misses>
				<total>29</total>
				<timestamp>3463.093940</timestamp>
			</report>
			<report>
				<misses>10834001</misses>
				<total>29</total>
				<timestamp>3463.413709</timestamp>
			</report>
			<report>
				<misses>10835001</misses>
				<total>29</total>
				<timestamp>3463.733411</timestamp>
			</report>
			<report>
				<misses>10836001</misses>
				<total>29</total>
				<timestamp>3464.052976</timestamp>
			</report>
			<report>
				<misses>10837001</misses>
				<total>29</total>
				<timestamp>3464.372823</timestamp>
			</report>
			<report>
				<misses>10838001</misses>
				<total>29</total>
				<timestamp>3464.692339</timestamp>
			</report>
			<report>
				<misses>10839001</misses>
				<total>29</total>
				<timestamp>3465.012116</timestamp>
			</report>
			<report>
				<misses>10840001</misses>
				<total>29</total>
				<timestamp>3465.331821</timestamp>
			</report>
			<report>
				<misses>10841001</misses>
				<total>29</total>
				<timestamp>3465.651427</timestamp>
			</report>
			<report>
				<misses>10842001</misses>
				<total>29</total>
				<timestamp>3465.971111</timestamp>
			</report>
			<report>
				<misses>10843001</misses>
				<total>29</total>
				<timestamp>3466.290842</timestamp>
			</report>
			<report>
				<misses>10844001</misses>
				<total>29</total>
				<timestamp>3466.610403</timestamp>
			</report>
			<report>
				<misses>10845001</misses>
				<total>29</total>
				<timestamp>3466.930075</timestamp>
			</report>
			<report>
				<misses>10846001</misses>
				<total>29</total>
				<timestamp>3467.249893</timestamp>
			</report>
			<report>
				<misses>10847001</misses>
				<total>29</total>
				<timestamp>3467.569597</timestamp>
			</report>
			<report>
				<misses>10848001</misses>
				<total>29</total>
				<timestamp>3467.889129</timestamp>
			</report>
			<report>
				<misses>10849001</misses>
				<total>29</total>
				<timestamp>3468.208871</timestamp>
			</report>
			<report>
				<misses>10850001</misses>
				<total>29</total>
				<timestamp>3468.528594</timestamp>
			</report>
			<report>
				<misses>10851001</misses>
				<total>29</total>
				<timestamp>3468.848303</timestamp>
			</report>
			<report>
				<misses>10852001</misses>
				<total>29</total>
				<timestamp>3469.167915</timestamp>
			</report>
			<report>
				<misses>10853001</misses>
				<total>29</total>
				<timestamp>3469.487635</timestamp>
			</report>
			<report>
				<misses>10854001</misses>
				<total>29</total>
				<timestamp>3469.807215</timestamp>
			</report>
			<report>
				<misses>10855001</misses>
				<total>28</total>
				<timestamp>3470.126988</timestamp>
			</report>
			<report>
				<misses>10856001</misses>
				<total>29</total>
				<timestamp>3470.446574</timestamp>
			</report>
			<report>
				<misses>10857001</misses>
				<total>29</total>
				<timestamp>3470.766259</timestamp>
			</report>
			<report>
				<misses>10858001</misses>
				<total>29</total>
				<timestamp>3471.085932</timestamp>
			</report>
			<report>
				<misses>10859001</misses>
				<total>29</total>
				<timestamp>3471.405636</timestamp>
			</report>
			<report>
				<misses>10860001</misses>
				<total>29</total>
				<timestamp>3471.725283</timestamp>
			</report>
			<report>
				<misses>10861001</misses>
				<total>29</total>
				<timestamp>3472.044984</timestamp>
			</report>
			<report>
				<misses>10862001</misses>
				<total>29</total>
				<timestamp>3472.364733</timestamp>
			</report>
			<report>
				<misses>10863001</misses>
				<total>29</total>
				<timestamp>3472.684359</timestamp>
			</report>
			<report>
				<misses>10864001</misses>
				<total>29</total>
				<timestamp>3473.004010</timestamp>
			</report>
			<report>
				<misses>10865001</misses>
				<total>29</total>
				<timestamp>3473.323862</timestamp>
			</report>
			<report>
				<misses>10866001</misses>
				<total>29</total>
				<timestamp>3473.643384</timestamp>
			</report>
			<report>
				<misses>10867001</misses>
				<total>29</total>
				<timestamp>3473.963059</timestamp>
			</report>
			<report>
				<misses>10868001</misses>
				<total>29</total>
				<timestamp>3474.282768</timestamp>
			</report>
			<report>
				<misses>10869001</misses>
				<total>29</total>
				<timestamp>3474.602461</timestamp>
			</report>
			<report>
				<misses>10870001</misses>
				<total>29</total>
				<timestamp>3474.922242</timestamp>
			</report>
			<report>
				<misses>10871001</misses>
				<total>29</total>
				<timestamp>3475.241830</timestamp>
			</report>
			<report>
				<misses>10872001</misses>
				<total>29</total>
				<timestamp>3475.561575</timestamp>
			</report>
			<report>
				<misses>10873001</misses>
				<total>28</total>
				<timestamp>3475.881222</timestamp>
			</report>
			<report>
				<misses>10874001</misses>
				<total>29</total>
				<timestamp>3476.200876</timestamp>
			</report>
			<report>
				<misses>10875001</misses>
				<total>29</total>
				<timestamp>3476.520542</timestamp>
			</report>
			<report>
				<misses>10876001</misses>
				<total>29</total>
				<timestamp>3476.840244</timestamp>
			</report>
			<report>
				<misses>10877001</misses>
				<total>29</total>
				<timestamp>3477.159998</timestamp>
			</report>
			<report>
				<misses>10878001</misses>
				<total>29</total>
				<timestamp>3477.479565</timestamp>
			</report>
			<report>
				<misses>10879001</misses>
				<total>29</total>
				<timestamp>3477.799369</timestamp>
			</report>
			<report>
				<misses>10880001</misses>
				<total>29</total>
				<timestamp>3478.118892</timestamp>
			</report>
			<report>
				<misses>10881001</misses>
				<total>29</total>
				<timestamp>3478.438608</timestamp>
			</report>
			<report>
				<misses>10882001</misses>
				<total>29</total>
				<timestamp>3478.758312</timestamp>
			</report>
			<report>
				<misses>10883001</misses>
				<total>29</total>
				<timestamp>3479.077949</timestamp>
			</report>
			<report>
				<misses>10884001</misses>
				<total>29</total>
				<timestamp>3479.397628</timestamp>
			</report>
			<report>
				<misses>10885001</misses>
				<total>29</total>
				<timestamp>3479.717319</timestamp>
			</report>
			<report>
				<misses>10886001</misses>
				<total>29</total>
				<timestamp>3480.036955</timestamp>
			</report>
			<report>
				<misses>10887001</misses>
				<total>29</total>
				<timestamp>3480.356681</timestamp>
			</report>
			<report>
				<misses>10888001</misses>
				<total>29</total>
				<timestamp>3480.676321</timestamp>
			</report>
			<report>
				<misses>10889001</misses>
				<total>29</total>
				<timestamp>3480.996059</timestamp>
			</report>
			<report>
				<misses>10890001</misses>
				<total>28</total>
				<timestamp>3481.315944</timestamp>
			</report>
			<report>
				<misses>10891001</misses>
				<total>29</total>
				<timestamp>3481.635422</timestamp>
			</report>
			<report>
				<misses>10892001</misses>
				<total>29</total>
				<timestamp>3481.955091</timestamp>
			</report>
			<report>
				<misses>10893001</misses>
				<total>29</total>
				<timestamp>3482.274813</timestamp>
			</report>
			<report>
				<misses>10894001</misses>
				<total>29</total>
				<timestamp>3482.594405</timestamp>
			</report>
			<report>
				<misses>10895001</misses>
				<total>29</total>
				<timestamp>3482.914119</timestamp>
			</report>
			<report>
				<misses>10896001</misses>
				<total>29</total>
				<timestamp>3483.233849</timestamp>
			</report>
			<report>
				<misses>10897001</misses>
				<total>29</total>
				<timestamp>3483.553483</timestamp>
			</report>
			<report>
				<misses>10898001</misses>
				<total>29</total>
				<timestamp>3483.873137</timestamp>
			</report>
			<report>
				<misses>10899001</misses>
				<total>29</total>
				<timestamp>3484.192960</timestamp>
			</report>
			<report>
				<misses>10900001</misses>
				<total>28</total>
				<timestamp>3484.512702</timestamp>
			</report>
			<report>
				<misses>10901001</misses>
				<total>29</total>
				<timestamp>3484.832155</timestamp>
			</report>
			<report>
				<misses>10902001</misses>
				<total>29</total>
				<timestamp>3485.151940</timestamp>
			</report>
			<report>
				<misses>10903001</misses>
				<total>29</total>
				<timestamp>3485.471576</timestamp>
			</report>
			<report>
				<misses>10904001</misses>
				<total>29</total>
				<timestamp>3485.791208</timestamp>
			</report>
			<report>
				<misses>10905001</misses>
				<total>29</total>
				<timestamp>3486.110940</timestamp>
			</report>
			<report>
				<misses>10906001</misses>
				<total>29</total>
				<timestamp>3486.430631</timestamp>
			</report>
			<report>
				<misses>10907001</misses>
				<total>29</total>
				<timestamp>3486.750296</timestamp>
			</report>
			<report>
				<misses>10908001</misses>
				<total>28</total>
				<timestamp>3487.070021</timestamp>
			</report>
			<report>
				<misses>10909001</misses>
				<total>29</total>
				<timestamp>3487.389677</timestamp>
			</report>
			<report>
				<misses>10910001</misses>
				<total>28</total>
				<timestamp>3487.709395</timestamp>
			</report>
			<report>
				<misses>10911001</misses>
				<total>29</total>
				<timestamp>3488.029081</timestamp>
			</report>
			<report>
				<misses>10912001</misses>
				<total>29</total>
				<timestamp>3488.348706</timestamp>
			</report>
			<report>
				<misses>10913001</misses>
				<total>29</total>
				<timestamp>3488.668358</timestamp>
			</report>
			<report>
				<misses>10914001</misses>
				<total>28</total>
				<timestamp>3488.988096</timestamp>
			</report>
			<report>
				<misses>10915001</misses>
				<total>29</total>
				<timestamp>3489.307768</timestamp>
			</report>
			<report>
				<misses>10916001</misses>
				<total>28</total>
				<timestamp>3489.627511</timestamp>
			</report>
			<report>
				<misses>10917001</misses>
				<total>29</total>
				<timestamp>3489.947088</timestamp>
			</report>
			<report>
				<misses>10918001</misses>
				<total>29</total>
				<timestamp>3490.266759</timestamp>
			</report>
			<report>
				<misses>10919001</misses>
				<total>29</total>
				<timestamp>3490.586404</timestamp>
			</report>
			<report>
				<misses>10920001</misses>
				<total>29</total>
				<timestamp>3490.906086</timestamp>
			</report>
			<report>
				<misses>10921001</misses>
				<total>29</total>
				<timestamp>3491.225796</timestamp>
			</report>
			<report>
				<misses>10922001</misses>
				<total>29</total>
				<timestamp>3491.545457</timestamp>
			</report>
			<report>
				<misses>10923001</misses>
				<total>28</total>
				<timestamp>3491.865224</timestamp>
			</report>
			<report>
				<misses>10924001</misses>
				<total>29</total>
				<timestamp>3492.184885</timestamp>
			</report>
			<report>
				<misses>10925001</misses>
				<total>29</total>
				<timestamp>3492.504574</timestamp>
			</report>
			<report>
				<misses>10926001</misses>
				<total>28</total>
				<timestamp>3492.824275</timestamp>
			</report>
			<report>
				<misses>10927001</misses>
				<total>29</total>
				<timestamp>3493.143930</timestamp>
			</report>
			<report>
				<misses>10928001</misses>
				<total>29</total>
				<timestamp>3493.463542</timestamp>
			</report>
			<report>
				<misses>10929001</misses>
				<total>29</total>
				<timestamp>3493.783249</timestamp>
			</report>
			<report>
				<misses>10930001</misses>
				<total>29</total>
				<timestamp>3494.102931</timestamp>
			</report>
			<report>
				<misses>10931001</misses>
				<total>29</total>
				<timestamp>3494.422646</timestamp>
			</report>
			<report>
				<misses>10932001</misses>
				<total>29</total>
				<timestamp>3494.742326</timestamp>
			</report>
			<report>
				<misses>10933001</misses>
				<total>29</total>
				<timestamp>3495.062063</timestamp>
			</report>
			<report>
				<misses>10934001</misses>
				<total>29</total>
				<timestamp>3495.381694</timestamp>
			</report>
			<report>
				<misses>10935001</misses>
				<total>29</total>
				<timestamp>3495.701312</timestamp>
			</report>
			<report>
				<misses>10936001</misses>
				<total>29</total>
				<timestamp>3496.021066</timestamp>
			</report>
			<report>
				<misses>10937001</misses>
				<total>29</total>
				<timestamp>3496.340664</timestamp>
			</report>
			<report>
				<misses>10938001</misses>
				<total>29</total>
				<timestamp>3496.660362</timestamp>
			</report>
			<report>
				<misses>10939001</misses>
				<total>29</total>
				<timestamp>3496.980021</timestamp>
			</report>
			<report>
				<misses>10940001</misses>
				<total>29</total>
				<timestamp>3497.299833</timestamp>
			</report>
			<report>
				<misses>10941001</misses>
				<total>29</total>
				<timestamp>3497.619421</timestamp>
			</report>
			<report>
				<misses>10942001</misses>
				<total>29</total>
				<timestamp>3497.939116</timestamp>
			</report>
			<report>
				<misses>10943001</misses>
				<total>29</total>
				<timestamp>3498.258858</timestamp>
			</report>
			<report>
				<misses>10944001</misses>
				<total>29</total>
				<timestamp>3498.578455</timestamp>
			</report>
			<report>
				<misses>10945001</misses>
				<total>29</total>
				<timestamp>3498.898147</timestamp>
			</report>
			<report>
				<misses>10946001</misses>
				<total>29</total>
				<timestamp>3499.217808</timestamp>
			</report>
			<report>
				<misses>10947001</misses>
				<total>29</total>
				<timestamp>3499.537544</timestamp>
			</report>
			<report>
				<misses>10948001</misses>
				<total>29</total>
				<timestamp>3499.857199</timestamp>
			</report>
			<report>
				<misses>10949001</misses>
				<total>28</total>
				<timestamp>3500.176911</timestamp>
			</report>
			<report>
				<misses>10950001</misses>
				<total>29</total>
				<timestamp>3500.496602</timestamp>
			</report>
			<report>
				<misses>10951001</misses>
				<total>29</total>
				<timestamp>3500.816272</timestamp>
			</report>
			<report>
				<misses>10952001</misses>
				<total>29</total>
				<timestamp>3501.135955</timestamp>
			</report>
			<report>
				<misses>10953001</misses>
				<total>29</total>
				<timestamp>3501.455657</timestamp>
			</report>
			<report>
				<misses>10954001</misses>
				<total>29</total>
				<timestamp>3501.775228</timestamp>
			</report>
			<report>
				<misses>10955001</misses>
				<total>29</total>
				<timestamp>3502.094947</timestamp>
			</report>
			<report>
				<misses>10956001</misses>
				<total>29</total>
				<timestamp>3502.414630</timestamp>
			</report>
			<report>
				<misses>10957001</misses>
				<total>29</total>
				<timestamp>3502.734284</timestamp>
			</report>
			<report>
				<misses>10958001</misses>
				<total>29</total>
				<timestamp>3503.053935</timestamp>
			</report>
			<report>
				<misses>10959001</misses>
				<total>29</total>
				<timestamp>3503.373635</timestamp>
			</report>
			<report>
				<misses>10960001</misses>
				<total>29</total>
				<timestamp>3503.693395</timestamp>
			</report>
			<report>
				<misses>10961001</misses>
				<total>29</total>
				<timestamp>3504.012978</timestamp>
			</report>
			<report>
				<misses>10962001</misses>
				<total>29</total>
				<timestamp>3504.332707</timestamp>
			</report>
			<report>
				<misses>10963001</misses>
				<total>29</total>
				<timestamp>3504.652319</timestamp>
			</report>
			<report>
				<misses>10964001</misses>
				<total>29</total>
				<timestamp>3504.972046</timestamp>
			</report>
			<report>
				<misses>10965001</misses>
				<total>29</total>
				<timestamp>3505.291878</timestamp>
			</report>
			<report>
				<misses>10966001</misses>
				<total>29</total>
				<timestamp>3505.611403</timestamp>
			</report>
			<report>
				<misses>10967001</misses>
				<total>29</total>
				<timestamp>3505.931043</timestamp>
			</report>
			<report>
				<misses>10968001</misses>
				<total>29</total>
				<timestamp>3506.250834</timestamp>
			</report>
			<report>
				<misses>10969001</misses>
				<total>29</total>
				<timestamp>3506.570425</timestamp>
			</report>
			<report>
				<misses>10970001</misses>
				<total>28</total>
				<timestamp>3506.890213</timestamp>
			</report>
			<report>
				<misses>10971001</misses>
				<total>28</total>
				<timestamp>3507.209866</timestamp>
			</report>
			<report>
				<misses>10972001</misses>
				<total>29</total>
				<timestamp>3507.529554</timestamp>
			</report>
			<report>
				<misses>10973001</misses>
				<total>29</total>
				<timestamp>3507.849226</timestamp>
			</report>
			<report>
				<misses>10974001</misses>
				<total>28</total>
				<timestamp>3508.168898</timestamp>
			</report>
			<report>
				<misses>10975001</misses>
				<total>29</total>
				<timestamp>3508.488514</timestamp>
			</report>
			<report>
				<misses>10976001</misses>
				<total>28</total>
				<timestamp>3508.808288</timestamp>
			</report>
			<report>
				<misses>10977001</misses>
				<total>29</total>
				<timestamp>3509.127891</timestamp>
			</report>
			<report>
				<misses>10978001</misses>
				<total>29</total>
				<timestamp>3509.447595</timestamp>
			</report>
			<report>
				<misses>10979001</misses>
				<total>29</total>
				<timestamp>3509.767289</timestamp>
			</report>
			<report>
				<misses>10980001</misses>
				<total>29</total>
				<timestamp>3510.086887</timestamp>
			</report>
			<report>
				<misses>10981001</misses>
				<total>29</total>
				<timestamp>3510.406605</timestamp>
			</report>
			<report>
				<misses>10982001</misses>
				<total>29</total>
				<timestamp>3510.726257</timestamp>
			</report>
			<report>
				<misses>10983001</misses>
				<total>29</total>
				<timestamp>3511.045932</timestamp>
			</report>
			<report>
				<misses>10984001</misses>
				<total>29</total>
				<timestamp>3511.365647</timestamp>
			</report>
			<report>
				<misses>10985001</misses>
				<total>28</total>
				<timestamp>3511.685434</timestamp>
			</report>
			<report>
				<misses>10986001</misses>
				<total>29</total>
				<timestamp>3512.004971</timestamp>
			</report>
			<report>
				<misses>10987001</misses>
				<total>29</total>
				<timestamp>3512.324705</timestamp>
			</report>
			<report>
				<misses>10988001</misses>
				<total>29</total>
				<timestamp>3512.644370</timestamp>
			</report>
			<report>
				<misses>10989001</misses>
				<total>29</total>
				<timestamp>3512.964140</timestamp>
			</report>
			<report>
				<misses>10990001</misses>
				<total>29</total>
				<timestamp>3513.283760</timestamp>
			</report>
			<report>
				<misses>10991001</misses>
				<total>28</total>
				<timestamp>3513.603510</timestamp>
			</report>
			<report>
				<misses>10992001</misses>
				<total>29</total>
				<timestamp>3513.923040</timestamp>
			</report>
			<report>
				<misses>10993001</misses>
				<total>29</total>
				<timestamp>3514.242749</timestamp>
			</report>
			<report>
				<misses>10994001</misses>
				<total>29</total>
				<timestamp>3514.562551</timestamp>
			</report>
			<report>
				<misses>10995001</misses>
				<total>29</total>
				<timestamp>3514.882235</timestamp>
			</report>
			<report>
				<misses>10996001</misses>
				<total>29</total>
				<timestamp>3515.201833</timestamp>
			</report>
			<report>
				<misses>10997001</misses>
				<total>28</total>
				<timestamp>3515.521576</timestamp>
			</report>
			<report>
				<misses>10998001</misses>
				<total>29</total>
				<timestamp>3515.841175</timestamp>
			</report>
			<report>
				<misses>10999001</misses>
				<total>29</total>
				<timestamp>3516.160834</timestamp>
			</report>
			<report>
				<misses>11000001</misses>
				<total>29</total>
				<timestamp>3516.480583</timestamp>
			</report>
			<report>
				<misses>11001001</misses>
				<total>29</total>
				<timestamp>3516.800187</timestamp>
			</report>
			<report>
				<misses>11002001</misses>
				<total>29</total>
				<timestamp>3517.119874</timestamp>
			</report>
			<report>
				<misses>11003001</misses>
				<total>29</total>
				<timestamp>3517.439641</timestamp>
			</report>
			<report>
				<misses>11004001</misses>
				<total>29</total>
				<timestamp>3517.759362</timestamp>
			</report>
			<report>
				<misses>11005001</misses>
				<total>29</total>
				<timestamp>3518.078877</timestamp>
			</report>
			<report>
				<misses>11006001</misses>
				<total>29</total>
				<timestamp>3518.398711</timestamp>
			</report>
			<report>
				<misses>11007001</misses>
				<total>28</total>
				<timestamp>3518.718383</timestamp>
			</report>
			<report>
				<misses>11008001</misses>
				<total>29</total>
				<timestamp>3519.037926</timestamp>
			</report>
			<report>
				<misses>11009001</misses>
				<total>29</total>
				<timestamp>3519.357702</timestamp>
			</report>
			<report>
				<misses>11010001</misses>
				<total>29</total>
				<timestamp>3519.677282</timestamp>
			</report>
			<report>
				<misses>11011001</misses>
				<total>29</total>
				<timestamp>3519.997011</timestamp>
			</report>
			<report>
				<misses>11012001</misses>
				<total>29</total>
				<timestamp>3520.316684</timestamp>
			</report>
			<report>
				<misses>11013001</misses>
				<total>29</total>
				<timestamp>3520.636339</timestamp>
			</report>
			<report>
				<misses>11014001</misses>
				<total>29</total>
				<timestamp>3520.956022</timestamp>
			</report>
			<report>
				<misses>11015001</misses>
				<total>29</total>
				<timestamp>3521.275689</timestamp>
			</report>
			<report>
				<misses>11016001</misses>
				<total>29</total>
				<timestamp>3521.595512</timestamp>
			</report>
			<report>
				<misses>11017001</misses>
				<total>29</total>
				<timestamp>3521.915040</timestamp>
			</report>
			<report>
				<misses>11018001</misses>
				<total>29</total>
				<timestamp>3522.234790</timestamp>
			</report>
			<report>
				<misses>11019001</misses>
				<total>29</total>
				<timestamp>3522.554427</timestamp>
			</report>
			<report>
				<misses>11020001</misses>
				<total>29</total>
				<timestamp>3522.874110</timestamp>
			</report>
			<report>
				<misses>11021001</misses>
				<total>29</total>
				<timestamp>3523.193824</timestamp>
			</report>
			<report>
				<misses>11022001</misses>
				<total>28</total>
				<timestamp>3523.513580</timestamp>
			</report>
			<report>
				<misses>11023001</misses>
				<total>29</total>
				<timestamp>3523.833190</timestamp>
			</report>
			<report>
				<misses>11024001</misses>
				<total>29</total>
				<timestamp>3524.152946</timestamp>
			</report>
			<report>
				<misses>11025001</misses>
				<total>29</total>
				<timestamp>3524.472712</timestamp>
			</report>
			<report>
				<misses>11026001</misses>
				<total>29</total>
				<timestamp>3524.792186</timestamp>
			</report>
			<report>
				<misses>11027001</misses>
				<total>29</total>
				<timestamp>3525.111949</timestamp>
			</report>
			<report>
				<misses>11028001</misses>
				<total>29</total>
				<timestamp>3525.431612</timestamp>
			</report>
			<report>
				<misses>11029001</misses>
				<total>29</total>
				<timestamp>3525.751198</timestamp>
			</report>
			<report>
				<misses>11030001</misses>
				<total>29</total>
				<timestamp>3526.070908</timestamp>
			</report>
			<report>
				<misses>11031001</misses>
				<total>28</total>
				<timestamp>3526.390665</timestamp>
			</report>
			<report>
				<misses>11032001</misses>
				<total>29</total>
				<timestamp>3526.710280</timestamp>
			</report>
			<report>
				<misses>11033001</misses>
				<total>29</total>
				<timestamp>3527.029960</timestamp>
			</report>
			<report>
				<misses>11034001</misses>
				<total>29</total>
				<timestamp>3527.349720</timestamp>
			</report>
			<report>
				<misses>11035001</misses>
				<total>29</total>
				<timestamp>3527.669312</timestamp>
			</report>
			<report>
				<misses>11036001</misses>
				<total>29</total>
				<timestamp>3527.989002</timestamp>
			</report>
			<report>
				<misses>11037001</misses>
				<total>29</total>
				<timestamp>3528.308713</timestamp>
			</report>
			<report>
				<misses>11038001</misses>
				<total>29</total>
				<timestamp>3528.628368</timestamp>
			</report>
			<report>
				<misses>11039001</misses>
				<total>29</total>
				<timestamp>3528.948053</timestamp>
			</report>
			<report>
				<misses>11040001</misses>
				<total>29</total>
				<timestamp>3529.267742</timestamp>
			</report>
			<report>
				<misses>11041001</misses>
				<total>29</total>
				<timestamp>3529.587408</timestamp>
			</report>
			<report>
				<misses>11042001</misses>
				<total>28</total>
				<timestamp>3529.907142</timestamp>
			</report>
			<report>
				<misses>11043001</misses>
				<total>29</total>
				<timestamp>3530.226871</timestamp>
			</report>
			<report>
				<misses>11044001</misses>
				<total>29</total>
				<timestamp>3530.546570</timestamp>
			</report>
			<report>
				<misses>11045001</misses>
				<total>29</total>
				<timestamp>3530.866142</timestamp>
			</report>
			<report>
				<misses>11046001</misses>
				<total>29</total>
				<timestamp>3531.185835</timestamp>
			</report>
			<report>
				<misses>11047001</misses>
				<total>28</total>
				<timestamp>3531.505573</timestamp>
			</report>
			<report>
				<misses>11048001</misses>
				<total>29</total>
				<timestamp>3531.825207</timestamp>
			</report>
			<report>
				<misses>11049001</misses>
				<total>29</total>
				<timestamp>3532.144842</timestamp>
			</report>
			<report>
				<misses>11050001</misses>
				<total>29</total>
				<timestamp>3532.464575</timestamp>
			</report>
			<report>
				<misses>11051001</misses>
				<total>29</total>
				<timestamp>3532.784194</timestamp>
			</report>
			<report>
				<misses>11052001</misses>
				<total>29</total>
				<timestamp>3533.103914</timestamp>
			</report>
			<report>
				<misses>11053001</misses>
				<total>29</total>
				<timestamp>3533.423709</timestamp>
			</report>
			<report>
				<misses>11054001</misses>
				<total>29</total>
				<timestamp>3533.743201</timestamp>
			</report>
			<report>
				<misses>11055001</misses>
				<total>29</total>
				<timestamp>3534.062965</timestamp>
			</report>
			<report>
				<misses>11056001</misses>
				<total>29</total>
				<timestamp>3534.382575</timestamp>
			</report>
			<report>
				<misses>11057001</misses>
				<total>29</total>
				<timestamp>3534.702338</timestamp>
			</report>
			<report>
				<misses>11058001</misses>
				<total>29</total>
				<timestamp>3535.021951</timestamp>
			</report>
			<report>
				<misses>11059001</misses>
				<total>29</total>
				<timestamp>3535.341605</timestamp>
			</report>
			<report>
				<misses>11060001</misses>
				<total>29</total>
				<timestamp>3535.661320</timestamp>
			</report>
			<report>
				<misses>11061001</misses>
				<total>29</total>
				<timestamp>3535.981090</timestamp>
			</report>
			<report>
				<misses>11062001</misses>
				<total>29</total>
				<timestamp>3536.300720</timestamp>
			</report>
			<report>
				<misses>11063001</misses>
				<total>29</total>
				<timestamp>3536.620355</timestamp>
			</report>
			<report>
				<misses>11064001</misses>
				<total>29</total>
				<timestamp>3536.940080</timestamp>
			</report>
			<report>
				<misses>11065001</misses>
				<total>29</total>
				<timestamp>3537.259835</timestamp>
			</report>
			<report>
				<misses>11066001</misses>
				<total>29</total>
				<timestamp>3537.579369</timestamp>
			</report>
			<report>
				<misses>11067001</misses>
				<total>29</total>
				<timestamp>3537.899112</timestamp>
			</report>
			<report>
				<misses>11068001</misses>
				<total>29</total>
				<timestamp>3538.218742</timestamp>
			</report>
			<report>
				<misses>11069001</misses>
				<total>29</total>
				<timestamp>3538.538485</timestamp>
			</report>
			<report>
				<misses>11070001</misses>
				<total>29</total>
				<timestamp>3538.858149</timestamp>
			</report>
			<report>
				<misses>11071001</misses>
				<total>29</total>
				<timestamp>3539.177800</timestamp>
			</report>
			<report>
				<misses>11072001</misses>
				<total>29</total>
				<timestamp>3539.497595</timestamp>
			</report>
			<report>
				<misses>11073001</misses>
				<total>29</total>
				<timestamp>3539.817324</timestamp>
			</report>
			<report>
				<misses>11074001</misses>
				<total>29</total>
				<timestamp>3540.136842</timestamp>
			</report>
			<report>
				<misses>11075001</misses>
				<total>29</total>
				<timestamp>3540.456560</timestamp>
			</report>
			<report>
				<misses>11076001</misses>
				<total>29</total>
				<timestamp>3540.776169</timestamp>
			</report>
			<report>
				<misses>11077001</misses>
				<total>29</total>
				<timestamp>3541.095952</timestamp>
			</report>
			<report>
				<misses>11078001</misses>
				<total>29</total>
				<timestamp>3541.415579</timestamp>
			</report>
			<report>
				<misses>11079001</misses>
				<total>29</total>
				<timestamp>3541.735219</timestamp>
			</report>
			<report>
				<misses>11080001</misses>
				<total>29</total>
				<timestamp>3542.054885</timestamp>
			</report>
			<report>
				<misses>11081001</misses>
				<total>29</total>
				<timestamp>3542.374575</timestamp>
			</report>
			<report>
				<misses>11082001</misses>
				<total>29</total>
				<timestamp>3542.694293</timestamp>
			</report>
			<report>
				<misses>11083001</misses>
				<total>29</total>
				<timestamp>3543.013942</timestamp>
			</report>
			<report>
				<misses>11084001</misses>
				<total>29</total>
				<timestamp>3543.333695</timestamp>
			</report>
			<report>
				<misses>11085001</misses>
				<total>29</total>
				<timestamp>3543.653382</timestamp>
			</report>
			<report>
				<misses>11086001</misses>
				<total>29</total>
				<timestamp>3543.972993</timestamp>
			</report>
			<report>
				<misses>11087001</misses>
				<total>29</total>
				<timestamp>3544.292689</timestamp>
			</report>
			<report>
				<misses>11088001</misses>
				<total>29</total>
				<timestamp>3544.612374</timestamp>
			</report>
			<report>
				<misses>11089001</misses>
				<total>29</total>
				<timestamp>3544.932038</timestamp>
			</report>
			<report>
				<misses>11090001</misses>
				<total>29</total>
				<timestamp>3545.251808</timestamp>
			</report>
			<report>
				<misses>11091001</misses>
				<total>29</total>
				<timestamp>3545.571562</timestamp>
			</report>
			<report>
				<misses>11092001</misses>
				<total>29</total>
				<timestamp>3545.891082</timestamp>
			</report>
			<report>
				<misses>11093001</misses>
				<total>29</total>
				<timestamp>3546.210724</timestamp>
			</report>
			<report>
				<misses>11094001</misses>
				<total>29</total>
				<timestamp>3546.530507</timestamp>
			</report>
			<report>
				<misses>11095001</misses>
				<total>28</total>
				<timestamp>3546.850200</timestamp>
			</report>
			<report>
				<misses>11096001</misses>
				<total>29</total>
				<timestamp>3547.169844</timestamp>
			</report>
			<report>
				<misses>11097001</misses>
				<total>29</total>
				<timestamp>3547.489562</timestamp>
			</report>
			<report>
				<misses>11098001</misses>
				<total>29</total>
				<timestamp>3547.809164</timestamp>
			</report>
			<report>
				<misses>11099001</misses>
				<total>29</total>
				<timestamp>3548.128800</timestamp>
			</report>
			<report>
				<misses>11100001</misses>
				<total>29</total>
				<timestamp>3548.448487</timestamp>
			</report>
			<report>
				<misses>11101001</misses>
				<total>29</total>
				<timestamp>3548.768206</timestamp>
			</report>
			<report>
				<misses>11102001</misses>
				<total>29</total>
				<timestamp>3549.087944</timestamp>
			</report>
			<report>
				<misses>11103001</misses>
				<total>29</total>
				<timestamp>3549.407529</timestamp>
			</report>
			<report>
				<misses>11104001</misses>
				<total>29</total>
				<timestamp>3549.727289</timestamp>
			</report>
			<report>
				<misses>11105001</misses>
				<total>29</total>
				<timestamp>3550.046923</timestamp>
			</report>
			<report>
				<misses>11106001</misses>
				<total>29</total>
				<timestamp>3550.366667</timestamp>
			</report>
			<report>
				<misses>11107001</misses>
				<total>28</total>
				<timestamp>3550.686384</timestamp>
			</report>
			<report>
				<misses>11108001</misses>
				<total>29</total>
				<timestamp>3551.005963</timestamp>
			</report>
			<report>
				<misses>11109001</misses>
				<total>29</total>
				<timestamp>3551.325638</timestamp>
			</report>
			<report>
				<misses>11110001</misses>
				<total>29</total>
				<timestamp>3551.645360</timestamp>
			</report>
			<report>
				<misses>11111001</misses>
				<total>29</total>
				<timestamp>3551.965183</timestamp>
			</report>
			<report>
				<misses>11112001</misses>
				<total>29</total>
				<timestamp>3552.284670</timestamp>
			</report>
			<report>
				<misses>11113001</misses>
				<total>29</total>
				<timestamp>3552.604426</timestamp>
			</report>
			<report>
				<misses>11114001</misses>
				<total>29</total>
				<timestamp>3552.924094</timestamp>
			</report>
			<report>
				<misses>11115001</misses>
				<total>28</total>
				<timestamp>3553.243804</timestamp>
			</report>
			<report>
				<misses>11116001</misses>
				<total>28</total>
				<timestamp>3553.563464</timestamp>
			</report>
			<report>
				<misses>11117001</misses>
				<total>29</total>
				<timestamp>3553.883075</timestamp>
			</report>
			<report>
				<misses>11118001</misses>
				<total>29</total>
				<timestamp>3554.202726</timestamp>
			</report>
			<report>
				<misses>11119001</misses>
				<total>29</total>
				<timestamp>3554.522509</timestamp>
			</report>
			<report>
				<misses>11120001</misses>
				<total>28</total>
				<timestamp>3554.842221</timestamp>
			</report>
			<report>
				<misses>11121001</misses>
				<total>29</total>
				<timestamp>3555.161842</timestamp>
			</report>
			<report>
				<misses>11122001</misses>
				<total>29</total>
				<timestamp>3555.481448</timestamp>
			</report>
			<report>
				<misses>11123001</misses>
				<total>29</total>
				<timestamp>3555.801155</timestamp>
			</report>
			<report>
				<misses>11124001</misses>
				<total>29</total>
				<timestamp>3556.120948</timestamp>
			</report>
			<report>
				<misses>11125001</misses>
				<total>29</total>
				<timestamp>3556.440522</timestamp>
			</report>
			<report>
				<misses>11126001</misses>
				<total>29</total>
				<timestamp>3556.760248</timestamp>
			</report>
			<report>
				<misses>11127001</misses>
				<total>29</total>
				<timestamp>3557.079928</timestamp>
			</report>
			<report>
				<misses>11128001</misses>
				<total>29</total>
				<timestamp>3557.399583</timestamp>
			</report>
			<report>
				<misses>11129001</misses>
				<total>29</total>
				<timestamp>3557.719210</timestamp>
			</report>
			<report>
				<misses>11130001</misses>
				<total>29</total>
				<timestamp>3558.038937</timestamp>
			</report>
			<report>
				<misses>11131001</misses>
				<total>29</total>
				<timestamp>3558.358583</timestamp>
			</report>
			<report>
				<misses>11132001</misses>
				<total>29</total>
				<timestamp>3558.678329</timestamp>
			</report>
			<report>
				<misses>11133001</misses>
				<total>29</total>
				<timestamp>3558.998023</timestamp>
			</report>
			<report>
				<misses>11134001</misses>
				<total>29</total>
				<timestamp>3559.317616</timestamp>
			</report>
			<report>
				<misses>11135001</misses>
				<total>29</total>
				<timestamp>3559.637329</timestamp>
			</report>
			<report>
				<misses>11136001</misses>
				<total>29</total>
				<timestamp>3559.957009</timestamp>
			</report>
			<report>
				<misses>11137001</misses>
				<total>29</total>
				<timestamp>3560.276732</timestamp>
			</report>
			<report>
				<misses>11138001</misses>
				<total>29</total>
				<timestamp>3560.596462</timestamp>
			</report>
			<report>
				<misses>11139001</misses>
				<total>29</total>
				<timestamp>3560.916061</timestamp>
			</report>
			<report>
				<misses>11140001</misses>
				<total>29</total>
				<timestamp>3561.235699</timestamp>
			</report>
			<report>
				<misses>11141001</misses>
				<total>29</total>
				<timestamp>3561.555395</timestamp>
			</report>
			<report>
				<misses>11142001</misses>
				<total>29</total>
				<timestamp>3561.875098</timestamp>
			</report>
			<report>
				<misses>11143001</misses>
				<total>29</total>
				<timestamp>3562.194835</timestamp>
			</report>
			<report>
				<misses>11144001</misses>
				<total>29</total>
				<timestamp>3562.514425</timestamp>
			</report>
			<report>
				<misses>11145001</misses>
				<total>29</total>
				<timestamp>3562.834173</timestamp>
			</report>
			<report>
				<misses>11146001</misses>
				<total>29</total>
				<timestamp>3563.153858</timestamp>
			</report>
			<report>
				<misses>11147001</misses>
				<total>29</total>
				<timestamp>3563.473587</timestamp>
			</report>
			<report>
				<misses>11148001</misses>
				<total>29</total>
				<timestamp>3563.793236</timestamp>
			</report>
			<report>
				<misses>11149001</misses>
				<total>29</total>
				<timestamp>3564.112931</timestamp>
			</report>
			<report>
				<misses>11150001</misses>
				<total>29</total>
				<timestamp>3564.432535</timestamp>
			</report>
			<report>
				<misses>11151001</misses>
				<total>29</total>
				<timestamp>3564.752172</timestamp>
			</report>
			<report>
				<misses>11152001</misses>
				<total>29</total>
				<timestamp>3565.071874</timestamp>
			</report>
			<report>
				<misses>11153001</misses>
				<total>29</total>
				<timestamp>3565.391575</timestamp>
			</report>
			<report>
				<misses>11154001</misses>
				<total>29</total>
				<timestamp>3565.711283</timestamp>
			</report>
			<report>
				<misses>11155001</misses>
				<total>28</total>
				<timestamp>3566.030988</timestamp>
			</report>
			<report>
				<misses>11156001</misses>
				<total>29</total>
				<timestamp>3566.350706</timestamp>
			</report>
			<report>
				<misses>11157001</misses>
				<total>29</total>
				<timestamp>3566.670330</timestamp>
			</report>
			<report>
				<misses>11158001</misses>
				<total>29</total>
				<timestamp>3566.989993</timestamp>
			</report>
			<report>
				<misses>11159001</misses>
				<total>29</total>
				<timestamp>3567.309697</timestamp>
			</report>
			<report>
				<misses>11160001</misses>
				<total>29</total>
				<timestamp>3567.629376</timestamp>
			</report>
			<report>
				<misses>11161001</misses>
				<total>29</total>
				<timestamp>3567.949021</timestamp>
			</report>
			<report>
				<misses>11162001</misses>
				<total>29</total>
				<timestamp>3568.268716</timestamp>
			</report>
			<report>
				<misses>11163001</misses>
				<total>29</total>
				<timestamp>3568.588395</timestamp>
			</report>
			<report>
				<misses>11164001</misses>
				<total>29</total>
				<timestamp>3568.908026</timestamp>
			</report>
			<report>
				<misses>11165001</misses>
				<total>29</total>
				<timestamp>3569.227707</timestamp>
			</report>
			<report>
				<misses>11166001</misses>
				<total>29</total>
				<timestamp>3569.547386</timestamp>
			</report>
			<report>
				<misses>11167001</misses>
				<total>29</total>
				<timestamp>3569.867177</timestamp>
			</report>
			<report>
				<misses>11168001</misses>
				<total>29</total>
				<timestamp>3570.186818</timestamp>
			</report>
			<report>
				<misses>11169001</misses>
				<total>29</total>
				<timestamp>3570.506417</timestamp>
			</report>
			<report>
				<misses>11170001</misses>
				<total>29</total>
				<timestamp>3570.826147</timestamp>
			</report>
			<report>
				<misses>11171001</misses>
				<total>29</total>
				<timestamp>3571.145817</timestamp>
			</report>
			<report>
				<misses>11172001</misses>
				<total>29</total>
				<timestamp>3571.465561</timestamp>
			</report>
			<report>
				<misses>11173001</misses>
				<total>29</total>
				<timestamp>3571.785147</timestamp>
			</report>
			<report>
				<misses>11174001</misses>
				<total>29</total>
				<timestamp>3572.104838</timestamp>
			</report>
			<report>
				<misses>11175001</misses>
				<total>29</total>
				<timestamp>3572.424564</timestamp>
			</report>
			<report>
				<misses>11176001</misses>
				<total>29</total>
				<timestamp>3572.744264</timestamp>
			</report>
			<report>
				<misses>11177001</misses>
				<total>28</total>
				<timestamp>3573.063951</timestamp>
			</report>
			<report>
				<misses>11178001</misses>
				<total>29</total>
				<timestamp>3573.383685</timestamp>
			</report>
			<report>
				<misses>11179001</misses>
				<total>29</total>
				<timestamp>3573.703278</timestamp>
			</report>
			<report>
				<misses>11180001</misses>
				<total>29</total>
				<timestamp>3574.022957</timestamp>
			</report>
			<report>
				<misses>11181001</misses>
				<total>29</total>
				<timestamp>3574.342651</timestamp>
			</report>
			<report>
				<misses>11182001</misses>
				<total>29</total>
				<timestamp>3574.662278</timestamp>
			</report>
			<report>
				<misses>11183001</misses>
				<total>29</total>
				<timestamp>3574.981976</timestamp>
			</report>
			<report>
				<misses>11184001</misses>
				<total>29</total>
				<timestamp>3575.301706</timestamp>
			</report>
			<report>
				<misses>11185001</misses>
				<total>29</total>
				<timestamp>3575.621286</timestamp>
			</report>
			<report>
				<misses>11186001</misses>
				<total>29</total>
				<timestamp>3575.940957</timestamp>
			</report>
			<report>
				<misses>11187001</misses>
				<total>29</total>
				<timestamp>3576.260703</timestamp>
			</report>
			<report>
				<misses>11188001</misses>
				<total>29</total>
				<timestamp>3576.580342</timestamp>
			</report>
			<report>
				<misses>11189001</misses>
				<total>29</total>
				<timestamp>3576.900119</timestamp>
			</report>
			<report>
				<misses>11190001</misses>
				<total>29</total>
				<timestamp>3577.219724</timestamp>
			</report>
			<report>
				<misses>11191001</misses>
				<total>29</total>
				<timestamp>3577.539393</timestamp>
			</report>
			<report>
				<misses>11192001</misses>
				<total>29</total>
				<timestamp>3577.859122</timestamp>
			</report>
			<report>
				<misses>11193001</misses>
				<total>28</total>
				<timestamp>3578.178842</timestamp>
			</report>
			<report>
				<misses>11194001</misses>
				<total>29</total>
				<timestamp>3578.498437</timestamp>
			</report>
			<report>
				<misses>11195001</misses>
				<total>29</total>
				<timestamp>3578.818206</timestamp>
			</report>
			<report>
				<misses>11196001</misses>
				<total>29</total>
				<timestamp>3579.137775</timestamp>
			</report>
			<report>
				<misses>11197001</misses>
				<total>29</total>
				<timestamp>3579.457505</timestamp>
			</report>
			<report>
				<misses>11198001</misses>
				<total>28</total>
				<timestamp>3579.777245</timestamp>
			</report>
			<report>
				<misses>11199001</misses>
				<total>29</total>
				<timestamp>3580.096933</timestamp>
			</report>
			<report>
				<misses>11200001</misses>
				<total>29</total>
				<timestamp>3580.416500</timestamp>
			</report>
			<report>
				<misses>11201001</misses>
				<total>29</total>
				<timestamp>3580.736268</timestamp>
			</report>
			<report>
				<misses>11202001</misses>
				<total>29</total>
				<timestamp>3581.055954</timestamp>
			</report>
			<report>
				<misses>11203001</misses>
				<total>29</total>
				<timestamp>3581.375585</timestamp>
			</report>
			<report>
				<misses>11204001</misses>
				<total>29</total>
				<timestamp>3581.695234</timestamp>
			</report>
			<report>
				<misses>11205001</misses>
				<total>29</total>
				<timestamp>3582.014900</timestamp>
			</report>
			<report>
				<misses>11206001</misses>
				<total>29</total>
				<timestamp>3582.334675</timestamp>
			</report>
			<report>
				<misses>11207001</misses>
				<total>29</total>
				<timestamp>3582.654291</timestamp>
			</report>
			<report>
				<misses>11208001</misses>
				<total>29</total>
				<timestamp>3582.973970</timestamp>
			</report>
			<report>
				<misses>11209001</misses>
				<total>29</total>
				<timestamp>3583.293702</timestamp>
			</report>
			<report>
				<misses>11210001</misses>
				<total>29</total>
				<timestamp>3583.613287</timestamp>
			</report>
			<report>
				<misses>11211001</misses>
				<total>29</total>
				<timestamp>3583.933110</timestamp>
			</report>
			<report>
				<misses>11212001</misses>
				<total>29</total>
				<timestamp>3584.252657</timestamp>
			</report>
			<report>
				<misses>11213001</misses>
				<total>29</total>
				<timestamp>3584.572323</timestamp>
			</report>
			<report>
				<misses>11214001</misses>
				<total>29</total>
				<timestamp>3584.892055</timestamp>
			</report>
			<report>
				<misses>11215001</misses>
				<total>29</total>
				<timestamp>3585.211753</timestamp>
			</report>
			<report>
				<misses>11216001</misses>
				<total>29</total>
				<timestamp>3585.531381</timestamp>
			</report>
			<report>
				<misses>11217001</misses>
				<total>29</total>
				<timestamp>3585.851074</timestamp>
			</report>
			<report>
				<misses>11218001</misses>
				<total>29</total>
				<timestamp>3586.170845</timestamp>
			</report>
			<report>
				<misses>11219001</misses>
				<total>29</total>
				<timestamp>3586.490596</timestamp>
			</report>
			<report>
				<misses>11220001</misses>
				<total>29</total>
				<timestamp>3586.810092</timestamp>
			</report>
			<report>
				<misses>11221001</misses>
				<total>29</total>
				<timestamp>3587.129834</timestamp>
			</report>
			<report>
				<misses>11222001</misses>
				<total>29</total>
				<timestamp>3587.449492</timestamp>
			</report>
			<report>
				<misses>11223001</misses>
				<total>29</total>
				<timestamp>3587.769139</timestamp>
			</report>
			<report>
				<misses>11224001</misses>
				<total>29</total>
				<timestamp>3588.088816</timestamp>
			</report>
			<report>
				<misses>11225001</misses>
				<total>29</total>
				<timestamp>3588.408582</timestamp>
			</report>
			<report>
				<misses>11226001</misses>
				<total>29</total>
				<timestamp>3588.728202</timestamp>
			</report>
			<report>
				<misses>11227001</misses>
				<total>29</total>
				<timestamp>3589.047889</timestamp>
			</report>
			<report>
				<misses>11228001</misses>
				<total>28</total>
				<timestamp>3589.367632</timestamp>
			</report>
			<report>
				<misses>11229001</misses>
				<total>28</total>
				<timestamp>3589.687303</timestamp>
			</report>
			<report>
				<misses>11230001</misses>
				<total>28</total>
				<timestamp>3590.006993</timestamp>
			</report>
			<report>
				<misses>11231001</misses>
				<total>29</total>
				<timestamp>3590.326714</timestamp>
			</report>
			<report>
				<misses>11232001</misses>
				<total>29</total>
				<timestamp>3590.646251</timestamp>
			</report>
			<report>
				<misses>11233001</misses>
				<total>29</total>
				<timestamp>3590.965958</timestamp>
			</report>
			<report>
				<misses>11234001</misses>
				<total>29</total>
				<timestamp>3591.285698</timestamp>
			</report>
			<report>
				<misses>11235001</misses>
				<total>29</total>
				<timestamp>3591.605282</timestamp>
			</report>
			<report>
				<misses>11236001</misses>
				<total>29</total>
				<timestamp>3591.925022</timestamp>
			</report>
			<report>
				<misses>11237001</misses>
				<total>29</total>
				<timestamp>3592.244794</timestamp>
			</report>
			<report>
				<misses>11238001</misses>
				<total>29</total>
				<timestamp>3592.564373</timestamp>
			</report>
			<report>
				<misses>11239001</misses>
				<total>29</total>
				<timestamp>3592.884055</timestamp>
			</report>
			<report>
				<misses>11240001</misses>
				<total>28</total>
				<timestamp>3593.203938</timestamp>
			</report>
			<report>
				<misses>11241001</misses>
				<total>29</total>
				<timestamp>3593.523352</timestamp>
			</report>
			<report>
				<misses>11242001</misses>
				<total>29</total>
				<timestamp>3593.843055</timestamp>
			</report>
			<report>
				<misses>11243001</misses>
				<total>29</total>
				<timestamp>3594.162810</timestamp>
			</report>
			<report>
				<misses>11244001</misses>
				<total>29</total>
				<timestamp>3594.482447</timestamp>
			</report>
			<report>
				<misses>11245001</misses>
				<total>29</total>
				<timestamp>3594.802134</timestamp>
			</report>
			<report>
				<misses>11246001</misses>
				<total>29</total>
				<timestamp>3595.121944</timestamp>
			</report>
			<report>
				<misses>11247001</misses>
				<total>29</total>
				<timestamp>3595.441455</timestamp>
			</report>
			<report>
				<misses>11248001</misses>
				<total>29</total>
				<timestamp>3595.761149</timestamp>
			</report>
			<report>
				<misses>11249001</misses>
				<total>29</total>
				<timestamp>3596.080935</timestamp>
			</report>
			<report>
				<misses>11250001</misses>
				<total>29</total>
				<timestamp>3596.400561</timestamp>
			</report>
			<report>
				<misses>11251001</misses>
				<total>29</total>
				<timestamp>3596.720216</timestamp>
			</report>
			<report>
				<misses>11252001</misses>
				<total>29</total>
				<timestamp>3597.039968</timestamp>
			</report>
			<report>
				<misses>11253001</misses>
				<total>29</total>
				<timestamp>3597.359584</timestamp>
			</report>
			<report>
				<misses>11254001</misses>
				<total>29</total>
				<timestamp>3597.679259</timestamp>
			</report>
			<report>
				<misses>11255001</misses>
				<total>29</total>
				<timestamp>3597.998984</timestamp>
			</report>
			<report>
				<misses>11256001</misses>
				<total>29</total>
				<timestamp>3598.318712</timestamp>
			</report>
			<report>
				<misses>11257001</misses>
				<total>29</total>
				<timestamp>3598.638294</timestamp>
			</report>
			<report>
				<misses>11258001</misses>
				<total>29</total>
				<timestamp>3598.957968</timestamp>
			</report>
			<report>
				<misses>11259001</misses>
				<total>29</total>
				<timestamp>3599.277701</timestamp>
			</report>
			<report>
				<misses>11260001</misses>
				<total>29</total>
				<timestamp>3599.597339</timestamp>
			</report>
			<report>
				<misses>11261001</misses>
				<total>29</total>
				<timestamp>3599.917092</timestamp>
			</report>
			<report>
				<misses>11262001</misses>
				<total>28</total>
				<timestamp>3600.236848</timestamp>
			</report>
			<report>
				<misses>11263001</misses>
				<total>29</total>
				<timestamp>3600.556411</timestamp>
			</report>
			<report>
				<misses>11264001</misses>
				<total>29</total>
				<timestamp>3600.876077</timestamp>
			</report>
			<report>
				<misses>11265001</misses>
				<total>29</total>
				<timestamp>3601.195709</timestamp>
			</report>
			<report>
				<misses>11266001</misses>
				<total>29</total>
				<timestamp>3601.515410</timestamp>
			</report>
			<report>
				<misses>11267001</misses>
				<total>29</total>
				<timestamp>3601.835104</timestamp>
			</report>
			<report>
				<misses>11268001</misses>
				<total>29</total>
				<timestamp>3602.154947</timestamp>
			</report>
			<report>
				<misses>11269001</misses>
				<total>29</total>
				<timestamp>3602.474399</timestamp>
			</report>
			<report>
				<misses>11270001</misses>
				<total>29</total>
				<timestamp>3602.794160</timestamp>
			</report>
			<report>
				<misses>11271001</misses>
				<total>29</total>
				<timestamp>3603.113794</timestamp>
			</report>
			<report>
				<misses>11272001</misses>
				<total>29</total>
				<timestamp>3603.433462</timestamp>
			</report>
			<report>
				<misses>11273001</misses>
				<total>29</total>
				<timestamp>3603.753154</timestamp>
			</report>
			<report>
				<misses>11274001</misses>
				<total>29</total>
				<timestamp>3604.072847</timestamp>
			</report>
			<report>
				<misses>11275001</misses>
				<total>29</total>
				<timestamp>3604.392575</timestamp>
			</report>
			<report>
				<misses>11276001</misses>
				<total>28</total>
				<timestamp>3604.712287</timestamp>
			</report>
			<report>
				<misses>11277001</misses>
				<total>29</total>
				<timestamp>3605.031954</timestamp>
			</report>
			<report>
				<misses>11278001</misses>
				<total>29</total>
				<timestamp>3605.351566</timestamp>
			</report>
			<report>
				<misses>11279001</misses>
				<total>29</total>
				<timestamp>3605.671223</timestamp>
			</report>
			<report>
				<misses>11280001</misses>
				<total>29</total>
				<timestamp>3605.990896</timestamp>
			</report>
			<report>
				<misses>11281001</misses>
				<total>29</total>
				<timestamp>3606.310705</timestamp>
			</report>
			<report>
				<misses>11282001</misses>
				<total>29</total>
				<timestamp>3606.630303</timestamp>
			</report>
			<report>
				<misses>11283001</misses>
				<total>29</total>
				<timestamp>3606.950016</timestamp>
			</report>
			<report>
				<misses>11284001</misses>
				<total>28</total>
				<timestamp>3607.269827</timestamp>
			</report>
			<report>
				<misses>11285001</misses>
				<total>29</total>
				<timestamp>3607.589332</timestamp>
			</report>
			<report>
				<misses>11286001</misses>
				<total>29</total>
				<timestamp>3607.908965</timestamp>
			</report>
			<report>
				<misses>11287001</misses>
				<total>29</total>
				<timestamp>3608.228691</timestamp>
			</report>
			<report>
				<misses>11288001</misses>
				<total>29</total>
				<timestamp>3608.548384</timestamp>
			</report>
			<report>
				<misses>11289001</misses>
				<total>29</total>
				<timestamp>3608.868042</timestamp>
			</report>
			<report>
				<misses>11290001</misses>
				<total>29</total>
				<timestamp>3609.187714</timestamp>
			</report>
			<report>
				<misses>11291001</misses>
				<total>29</total>
				<timestamp>3609.507500</timestamp>
			</report>
			<report>
				<misses>11292001</misses>
				<total>29</total>
				<timestamp>3609.827101</timestamp>
			</report>
			<report>
				<misses>11293001</misses>
				<total>29</total>
				<timestamp>3610.146772</timestamp>
			</report>
			<report>
				<misses>11294001</misses>
				<total>28</total>
				<timestamp>3610.466595</timestamp>
			</report>
			<report>
				<misses>11295001</misses>
				<total>29</total>
				<timestamp>3610.786095</timestamp>
			</report>
			<report>
				<misses>11296001</misses>
				<total>29</total>
				<timestamp>3611.105948</timestamp>
			</report>
			<report>
				<misses>11297001</misses>
				<total>29</total>
				<timestamp>3611.425432</timestamp>
			</report>
			<report>
				<misses>11298001</misses>
				<total>29</total>
				<timestamp>3611.745157</timestamp>
			</report>
			<report>
				<misses>11299001</misses>
				<total>29</total>
				<timestamp>3612.064944</timestamp>
			</report>
			<report>
				<misses>11300001</misses>
				<total>29</total>
				<timestamp>3612.384499</timestamp>
			</report>
			<report>
				<misses>11301001</misses>
				<total>29</total>
				<timestamp>3612.704172</timestamp>
			</report>
			<report>
				<misses>11302001</misses>
				<total>29</total>
				<timestamp>3613.023955</timestamp>
			</report>
			<report>
				<misses>11303001</misses>
				<total>29</total>
				<timestamp>3613.343550</timestamp>
			</report>
			<report>
				<misses>11304001</misses>
				<total>29</total>
				<timestamp>3613.663203</timestamp>
			</report>
			<report>
				<misses>11305001</misses>
				<total>29</total>
				<timestamp>3613.982890</timestamp>
			</report>
			<report>
				<misses>11306001</misses>
				<total>29</total>
				<timestamp>3614.302718</timestamp>
			</report>
			<report>
				<misses>11307001</misses>
				<total>29</total>
				<timestamp>3614.622260</timestamp>
			</report>
			<report>
				<misses>11308001</misses>
				<total>29</total>
				<timestamp>3614.941959</timestamp>
			</report>
			<report>
				<misses>11309001</misses>
				<total>29</total>
				<timestamp>3615.261680</timestamp>
			</report>
			<report>
				<misses>11310001</misses>
				<total>29</total>
				<timestamp>3615.581275</timestamp>
			</report>
			<report>
				<misses>11311001</misses>
				<total>29</total>
				<timestamp>3615.900975</timestamp>
			</report>
			<report>
				<misses>11312001</misses>
				<total>29</total>
				<timestamp>3616.220721</timestamp>
			</report>
			<report>
				<misses>11313001</misses>
				<total>28</total>
				<timestamp>3616.540560</timestamp>
			</report>
			<report>
				<misses>11314001</misses>
				<total>29</total>
				<timestamp>3616.860031</timestamp>
			</report>
			<report>
				<misses>11315001</misses>
				<total>29</total>
				<timestamp>3617.179792</timestamp>
			</report>
			<report>
				<misses>11316001</misses>
				<total>29</total>
				<timestamp>3617.499396</timestamp>
			</report>
			<report>
				<misses>11317001</misses>
				<total>29</total>
				<timestamp>3617.819038</timestamp>
			</report>
			<report>
				<misses>11318001</misses>
				<total>28</total>
				<timestamp>3618.138835</timestamp>
			</report>
			<report>
				<misses>11319001</misses>
				<total>29</total>
				<timestamp>3618.458467</timestamp>
			</report>
			<report>
				<misses>11320001</misses>
				<total>29</total>
				<timestamp>3618.778096</timestamp>
			</report>
			<report>
				<misses>11321001</misses>
				<total>28</total>
				<timestamp>3619.097896</timestamp>
			</report>
			<report>
				<misses>11322001</misses>
				<total>29</total>
				<timestamp>3619.417581</timestamp>
			</report>
			<report>
				<misses>11323001</misses>
				<total>29</total>
				<timestamp>3619.737135</timestamp>
			</report>
			<report>
				<misses>11324001</misses>
				<total>29</total>
				<timestamp>3620.056851</timestamp>
			</report>
			<report>
				<misses>11325001</misses>
				<total>28</total>
				<timestamp>3620.376583</timestamp>
			</report>
			<report>
				<misses>11326001</misses>
				<total>29</total>
				<timestamp>3620.696169</timestamp>
			</report>
			<report>
				<misses>11327001</misses>
				<total>29</total>
				<timestamp>3621.015899</timestamp>
			</report>
			<report>
				<misses>11328001</misses>
				<total>29</total>
				<timestamp>3621.335532</timestamp>
			</report>
			<report>
				<misses>11329001</misses>
				<total>28</total>
				<timestamp>3621.655320</timestamp>
			</report>
			<report>
				<misses>11330001</misses>
				<total>29</total>
				<timestamp>3621.974964</timestamp>
			</report>
			<report>
				<misses>11331001</misses>
				<total>29</total>
				<timestamp>3622.294591</timestamp>
			</report>
			<report>
				<misses>11332001</misses>
				<total>29</total>
				<timestamp>3622.614272</timestamp>
			</report>
			<report>
				<misses>11333001</misses>
				<total>29</total>
				<timestamp>3622.933928</timestamp>
			</report>
			<report>
				<misses>11334001</misses>
				<total>29</total>
				<timestamp>3623.253651</timestamp>
			</report>
			<report>
				<misses>11335001</misses>
				<total>29</total>
				<timestamp>3623.573289</timestamp>
			</report>
			<report>
				<misses>11336001</misses>
				<total>29</total>
				<timestamp>3623.892964</timestamp>
			</report>
			<report>
				<misses>11337001</misses>
				<total>29</total>
				<timestamp>3624.212715</timestamp>
			</report>
			<report>
				<misses>11338001</misses>
				<total>29</total>
				<timestamp>3624.532336</timestamp>
			</report>
			<report>
				<misses>11339001</misses>
				<total>29</total>
				<timestamp>3624.852038</timestamp>
			</report>
			<report>
				<misses>11340001</misses>
				<total>28</total>
				<timestamp>3625.171804</timestamp>
			</report>
			<report>
				<misses>11341001</misses>
				<total>29</total>
				<timestamp>3625.491413</timestamp>
			</report>
			<report>
				<misses>11342001</misses>
				<total>29</total>
				<timestamp>3625.811069</timestamp>
			</report>
			<report>
				<misses>11343001</misses>
				<total>29</total>
				<timestamp>3626.130779</timestamp>
			</report>
			<report>
				<misses>11344001</misses>
				<total>29</total>
				<timestamp>3626.450418</timestamp>
			</report>
			<report>
				<misses>11345001</misses>
				<total>29</total>
				<timestamp>3626.770128</timestamp>
			</report>
			<report>
				<misses>11346001</misses>
				<total>29</total>
				<timestamp>3627.089843</timestamp>
			</report>
			<report>
				<misses>11347001</misses>
				<total>29</total>
				<timestamp>3627.409563</timestamp>
			</report>
			<report>
				<misses>11348001</misses>
				<total>29</total>
				<timestamp>3627.729193</timestamp>
			</report>
			<report>
				<misses>11349001</misses>
				<total>29</total>
				<timestamp>3628.048966</timestamp>
			</report>
			<report>
				<misses>11350001</misses>
				<total>29</total>
				<timestamp>3628.368505</timestamp>
			</report>
			<report>
				<misses>11351001</misses>
				<total>29</total>
				<timestamp>3628.688194</timestamp>
			</report>
			<report>
				<misses>11352001</misses>
				<total>29</total>
				<timestamp>3629.007966</timestamp>
			</report>
			<report>
				<misses>11353001</misses>
				<total>29</total>
				<timestamp>3629.327570</timestamp>
			</report>
			<report>
				<misses>11354001</misses>
				<total>29</total>
				<timestamp>3629.647203</timestamp>
			</report>
			<report>
				<misses>11355001</misses>
				<total>29</total>
				<timestamp>3629.966945</timestamp>
			</report>
			<report>
				<misses>11356001</misses>
				<total>29</total>
				<timestamp>3630.286719</timestamp>
			</report>
			<report>
				<misses>11357001</misses>
				<total>29</total>
				<timestamp>3630.606245</timestamp>
			</report>
			<report>
				<misses>11358001</misses>
				<total>29</total>
				<timestamp>3630.925967</timestamp>
			</report>
			<report>
				<misses>11359001</misses>
				<total>28</total>
				<timestamp>3631.245842</timestamp>
			</report>
			<report>
				<misses>11360001</misses>
				<total>29</total>
				<timestamp>3631.565297</timestamp>
			</report>
			<report>
				<misses>11361001</misses>
				<total>29</total>
				<timestamp>3631.885077</timestamp>
			</report>
			<report>
				<misses>11362001</misses>
				<total>29</total>
				<timestamp>3632.204716</timestamp>
			</report>
			<report>
				<misses>11363001</misses>
				<total>29</total>
				<timestamp>3632.524364</timestamp>
			</report>
			<report>
				<misses>11364001</misses>
				<total>29</total>
				<timestamp>3632.844080</timestamp>
			</report>
			<report>
				<misses>11365001</misses>
				<total>29</total>
				<timestamp>3633.163837</timestamp>
			</report>
			<report>
				<misses>11366001</misses>
				<total>29</total>
				<timestamp>3633.483464</timestamp>
			</report>
			<report>
				<misses>11367001</misses>
				<total>29</total>
				<timestamp>3633.803039</timestamp>
			</report>
			<report>
				<misses>11368001</misses>
				<total>29</total>
				<timestamp>3634.122832</timestamp>
			</report>
			<report>
				<misses>11369001</misses>
				<total>29</total>
				<timestamp>3634.442439</timestamp>
			</report>
			<report>
				<misses>11370001</misses>
				<total>29</total>
				<timestamp>3634.762113</timestamp>
			</report>
			<report>
				<misses>11371001</misses>
				<total>29</total>
				<timestamp>3635.081842</timestamp>
			</report>
			<report>
				<misses>11372001</misses>
				<total>29</total>
				<timestamp>3635.401448</timestamp>
			</report>
			<report>
				<misses>11373001</misses>
				<total>29</total>
				<timestamp>3635.721164</timestamp>
			</report>
			<report>
				<misses>11374001</misses>
				<total>29</total>
				<timestamp>3636.040837</timestamp>
			</report>
			<report>
				<misses>11375001</misses>
				<total>28</total>
				<timestamp>3636.360575</timestamp>
			</report>
			<report>
				<misses>11376001</misses>
				<total>29</total>
				<timestamp>3636.680229</timestamp>
			</report>
			<report>
				<misses>11377001</misses>
				<total>29</total>
				<timestamp>3636.999943</timestamp>
			</report>
			<report>
				<misses>11378001</misses>
				<total>29</total>
				<timestamp>3637.319640</timestamp>
			</report>
			<report>
				<misses>11379001</misses>
				<total>29</total>
				<timestamp>3637.639283</timestamp>
			</report>
			<report>
				<misses>11380001</misses>
				<total>29</total>
				<timestamp>3637.958973</timestamp>
			</report>
			<report>
				<misses>11381001</misses>
				<total>28</total>
				<timestamp>3638.278670</timestamp>
			</report>
			<report>
				<misses>11382001</misses>
				<total>29</total>
				<timestamp>3638.598268</timestamp>
			</report>
			<report>
				<misses>11383001</misses>
				<total>29</total>
				<timestamp>3638.918017</timestamp>
			</report>
			<report>
				<misses>11384001</misses>
				<total>29</total>
				<timestamp>3639.237737</timestamp>
			</report>
			<report>
				<misses>11385001</misses>
				<total>29</total>
				<timestamp>3639.557364</timestamp>
			</report>
			<report>
				<misses>11386001</misses>
				<total>29</total>
				<timestamp>3639.877111</timestamp>
			</report>
			<report>
				<misses>11387001</misses>
				<total>29</total>
				<timestamp>3640.196764</timestamp>
			</report>
			<report>
				<misses>11388001</misses>
				<total>29</total>
				<timestamp>3640.516326</timestamp>
			</report>
			<report>
				<misses>11389001</misses>
				<total>29</total>
				<timestamp>3640.836040</timestamp>
			</report>
			<report>
				<misses>11390001</misses>
				<total>29</total>
				<timestamp>3641.155710</timestamp>
			</report>
			<report>
				<misses>11391001</misses>
				<total>29</total>
				<timestamp>3641.475418</timestamp>
			</report>
			<report>
				<misses>11392001</misses>
				<total>29</total>
				<timestamp>3641.795127</timestamp>
			</report>
			<report>
				<misses>11393001</misses>
				<total>28</total>
				<timestamp>3642.114945</timestamp>
			</report>
			<report>
				<misses>11394001</misses>
				<total>29</total>
				<timestamp>3642.434571</timestamp>
			</report>
			<report>
				<misses>11395001</misses>
				<total>29</total>
				<timestamp>3642.754100</timestamp>
			</report>
			<report>
				<misses>11396001</misses>
				<total>29</total>
				<timestamp>3643.073858</timestamp>
			</report>
			<report>
				<misses>11397001</misses>
				<total>29</total>
				<timestamp>3643.393592</timestamp>
			</report>
			<report>
				<misses>11398001</misses>
				<total>29</total>
				<timestamp>3643.713132</timestamp>
			</report>
			<report>
				<misses>11399001</misses>
				<total>29</total>
				<timestamp>3644.032832</timestamp>
			</report>
			<report>
				<misses>11400001</misses>
				<total>29</total>
				<timestamp>3644.352514</timestamp>
			</report>
			<report>
				<misses>11401001</misses>
				<total>29</total>
				<timestamp>3644.672263</timestamp>
			</report>
			<report>
				<misses>11402001</misses>
				<total>29</total>
				<timestamp>3644.991891</timestamp>
			</report>
			<report>
				<misses>11403001</misses>
				<total>29</total>
				<timestamp>3645.311572</timestamp>
			</report>
			<report>
				<misses>11404001</misses>
				<total>29</total>
				<timestamp>3645.631256</timestamp>
			</report>
			<report>
				<misses>11405001</misses>
				<total>29</total>
				<timestamp>3645.950950</timestamp>
			</report>
			<report>
				<misses>11406001</misses>
				<total>29</total>
				<timestamp>3646.270691</timestamp>
			</report>
			<report>
				<misses>11407001</misses>
				<total>29</total>
				<timestamp>3646.590328</timestamp>
			</report>
			<report>
				<misses>11408001</misses>
				<total>29</total>
				<timestamp>3646.909976</timestamp>
			</report>
			<report>
				<misses>11409001</misses>
				<total>29</total>
				<timestamp>3647.229697</timestamp>
			</report>
			<report>
				<misses>11410001</misses>
				<total>29</total>
				<timestamp>3647.549290</timestamp>
			</report>
			<report>
				<misses>11411001</misses>
				<total>29</total>
				<timestamp>3647.868965</timestamp>
			</report>
			<report>
				<misses>11412001</misses>
				<total>29</total>
				<timestamp>3648.188689</timestamp>
			</report>
			<report>
				<misses>11413001</misses>
				<total>29</total>
				<timestamp>3648.508372</timestamp>
			</report>
			<report>
				<misses>11414001</misses>
				<total>29</total>
				<timestamp>3648.827999</timestamp>
			</report>
			<report>
				<misses>11415001</misses>
				<total>29</total>
				<timestamp>3649.147790</timestamp>
			</report>
			<report>
				<misses>11416001</misses>
				<total>29</total>
				<timestamp>3649.467374</timestamp>
			</report>
			<report>
				<misses>11417001</misses>
				<total>29</total>
				<timestamp>3649.787087</timestamp>
			</report>
			<report>
				<misses>11418001</misses>
				<total>29</total>
				<timestamp>3650.106820</timestamp>
			</report>
			<report>
				<misses>11419001</misses>
				<total>28</total>
				<timestamp>3650.426570</timestamp>
			</report>
			<report>
				<misses>11420001</misses>
				<total>28</total>
				<timestamp>3650.746202</timestamp>
			</report>
			<report>
				<misses>11421001</misses>
				<total>29</total>
				<timestamp>3651.065829</timestamp>
			</report>
			<report>
				<misses>11422001</misses>
				<total>29</total>
				<timestamp>3651.385580</timestamp>
			</report>
			<report>
				<misses>11423001</misses>
				<total>29</total>
				<timestamp>3651.705208</timestamp>
			</report>
			<report>
				<misses>11424001</misses>
				<total>29</total>
				<timestamp>3652.024951</timestamp>
			</report>
			<report>
				<misses>11425001</misses>
				<total>29</total>
				<timestamp>3652.344505</timestamp>
			</report>
			<report>
				<misses>11426001</misses>
				<total>29</total>
				<timestamp>3652.664222</timestamp>
			</report>
			<report>
				<misses>11427001</misses>
				<total>28</total>
				<timestamp>3652.983969</timestamp>
			</report>
			<report>
				<misses>11428001</misses>
				<total>29</total>
				<timestamp>3653.303599</timestamp>
			</report>
			<report>
				<misses>11429001</misses>
				<total>29</total>
				<timestamp>3653.623216</timestamp>
			</report>
			<report>
				<misses>11430001</misses>
				<total>29</total>
				<timestamp>3653.942942</timestamp>
			</report>
			<report>
				<misses>11431001</misses>
				<total>29</total>
				<timestamp>3654.262697</timestamp>
			</report>
			<report>
				<misses>11432001</misses>
				<total>29</total>
				<timestamp>3654.582287</timestamp>
			</report>
			<report>
				<misses>11433001</misses>
				<total>29</total>
				<timestamp>3654.901931</timestamp>
			</report>
			<report>
				<misses>11434001</misses>
				<total>29</total>
				<timestamp>3655.221626</timestamp>
			</report>
			<report>
				<misses>11435001</misses>
				<total>29</total>
				<timestamp>3655.541334</timestamp>
			</report>
			<report>
				<misses>11436001</misses>
				<total>29</total>
				<timestamp>3655.861014</timestamp>
			</report>
			<report>
				<misses>11437001</misses>
				<total>29</total>
				<timestamp>3656.180746</timestamp>
			</report>
			<report>
				<misses>11438001</misses>
				<total>29</total>
				<timestamp>3656.500407</timestamp>
			</report>
			<report>
				<misses>11439001</misses>
				<total>28</total>
				<timestamp>3656.820166</timestamp>
			</report>
			<report>
				<misses>11440001</misses>
				<total>29</total>
				<timestamp>3657.139820</timestamp>
			</report>
			<report>
				<misses>11441001</misses>
				<total>29</total>
				<timestamp>3657.459364</timestamp>
			</report>
			<report>
				<misses>11442001</misses>
				<total>29</total>
				<timestamp>3657.779124</timestamp>
			</report>
			<report>
				<misses>11443001</misses>
				<total>28</total>
				<timestamp>3658.098854</timestamp>
			</report>
			<report>
				<misses>11444001</misses>
				<total>29</total>
				<timestamp>3658.418590</timestamp>
			</report>
			<report>
				<misses>11445001</misses>
				<total>29</total>
				<timestamp>3658.738226</timestamp>
			</report>
			<report>
				<misses>11446001</misses>
				<total>29</total>
				<timestamp>3659.057798</timestamp>
			</report>
			<report>
				<misses>11447001</misses>
				<total>29</total>
				<timestamp>3659.377490</timestamp>
			</report>
			<report>
				<misses>11448001</misses>
				<total>29</total>
				<timestamp>3659.697158</timestamp>
			</report>
			<report>
				<misses>11449001</misses>
				<total>29</total>
				<timestamp>3660.016838</timestamp>
			</report>
			<report>
				<misses>11450001</misses>
				<total>29</total>
				<timestamp>3660.336564</timestamp>
			</report>
			<report>
				<misses>11451001</misses>
				<total>29</total>
				<timestamp>3660.656254</timestamp>
			</report>
			<report>
				<misses>11452001</misses>
				<total>29</total>
				<timestamp>3660.975856</timestamp>
			</report>
			<report>
				<misses>11453001</misses>
				<total>29</total>
				<timestamp>3661.295670</timestamp>
			</report>
			<report>
				<misses>11454001</misses>
				<total>29</total>
				<timestamp>3661.615197</timestamp>
			</report>
			<report>
				<misses>11455001</misses>
				<total>29</total>
				<timestamp>3661.934942</timestamp>
			</report>
			<report>
				<misses>11456001</misses>
				<total>29</total>
				<timestamp>3662.254692</timestamp>
			</report>
			<report>
				<misses>11457001</misses>
				<total>29</total>
				<timestamp>3662.574295</timestamp>
			</report>
			<report>
				<misses>11458001</misses>
				<total>29</total>
				<timestamp>3662.893916</timestamp>
			</report>
			<report>
				<misses>11459001</misses>
				<total>29</total>
				<timestamp>3663.213697</timestamp>
			</report>
			<report>
				<misses>11460001</misses>
				<total>29</total>
				<timestamp>3663.533277</timestamp>
			</report>
			<report>
				<misses>11461001</misses>
				<total>28</total>
				<timestamp>3663.853068</timestamp>
			</report>
			<report>
				<misses>11462001</misses>
				<total>29</total>
				<timestamp>3664.172821</timestamp>
			</report>
			<report>
				<misses>11463001</misses>
				<total>28</total>
				<timestamp>3664.492427</timestamp>
			</report>
			<report>
				<misses>11464001</misses>
				<total>28</total>
				<timestamp>3664.812095</timestamp>
			</report>
			<report>
				<misses>11465001</misses>
				<total>29</total>
				<timestamp>3665.131712</timestamp>
			</report>
			<report>
				<misses>11466001</misses>
				<total>29</total>
				<timestamp>3665.451370</timestamp>
			</report>
			<report>
				<misses>11467001</misses>
				<total>29</total>
				<timestamp>3665.771035</timestamp>
			</report>
			<report>
				<misses>11468001</misses>
				<total>29</total>
				<timestamp>3666.090801</timestamp>
			</report>
			<report>
				<misses>11469001</misses>
				<total>29</total>
				<timestamp>3666.410570</timestamp>
			</report>
			<report>
				<misses>11470001</misses>
				<total>29</total>
				<timestamp>3666.730123</timestamp>
			</report>
			<report>
				<misses>11471001</misses>
				<total>29</total>
				<timestamp>3667.049823</timestamp>
			</report>
			<report>
				<misses>11472001</misses>
				<total>29</total>
				<timestamp>3667.369491</timestamp>
			</report>
			<report>
				<misses>11473001</misses>
				<total>29</total>
				<timestamp>3667.689186</timestamp>
			</report>
			<report>
				<misses>11474001</misses>
				<total>29</total>
				<timestamp>3668.008864</timestamp>
			</report>
			<report>
				<misses>11475001</misses>
				<total>29</total>
				<timestamp>3668.328552</timestamp>
			</report>
			<report>
				<misses>11476001</misses>
				<total>29</total>
				<timestamp>3668.648238</timestamp>
			</report>
			<report>
				<misses>11477001</misses>
				<total>28</total>
				<timestamp>3668.967949</timestamp>
			</report>
			<report>
				<misses>11478001</misses>
				<total>28</total>
				<timestamp>3669.287636</timestamp>
			</report>
			<report>
				<misses>11479001</misses>
				<total>29</total>
				<timestamp>3669.607260</timestamp>
			</report>
			<report>
				<misses>11480001</misses>
				<total>29</total>
				<timestamp>3669.926947</timestamp>
			</report>
			<report>
				<misses>11481001</misses>
				<total>29</total>
				<timestamp>3670.246709</timestamp>
			</report>
			<report>
				<misses>11482001</misses>
				<total>29</total>
				<timestamp>3670.566286</timestamp>
			</report>
			<report>
				<misses>11483001</misses>
				<total>29</total>
				<timestamp>3670.885942</timestamp>
			</report>
			<report>
				<misses>11484001</misses>
				<total>29</total>
				<timestamp>3671.205671</timestamp>
			</report>
			<report>
				<misses>11485001</misses>
				<total>29</total>
				<timestamp>3671.525285</timestamp>
			</report>
			<report>
				<misses>11486001</misses>
				<total>29</total>
				<timestamp>3671.844976</timestamp>
			</report>
			<report>
				<misses>11487001</misses>
				<total>29</total>
				<timestamp>3672.164667</timestamp>
			</report>
			<report>
				<misses>11488001</misses>
				<total>29</total>
				<timestamp>3672.484395</timestamp>
			</report>
			<report>
				<misses>11489001</misses>
				<total>29</total>
				<timestamp>3672.804010</timestamp>
			</report>
			<report>
				<misses>11490001</misses>
				<total>29</total>
				<timestamp>3673.123726</timestamp>
			</report>
			<report>
				<misses>11491001</misses>
				<total>29</total>
				<timestamp>3673.443383</timestamp>
			</report>
			<report>
				<misses>11492001</misses>
				<total>29</total>
				<timestamp>3673.763050</timestamp>
			</report>
			<report>
				<misses>11493001</misses>
				<total>29</total>
				<timestamp>3674.082824</timestamp>
			</report>
			<report>
				<misses>11494001</misses>
				<total>29</total>
				<timestamp>3674.402422</timestamp>
			</report>
			<report>
				<misses>11495001</misses>
				<total>29</total>
				<timestamp>3674.722106</timestamp>
			</report>
			<report>
				<misses>11496001</misses>
				<total>29</total>
				<timestamp>3675.041953</timestamp>
			</report>
			<report>
				<misses>11497001</misses>
				<total>29</total>
				<timestamp>3675.361493</timestamp>
			</report>
			<report>
				<misses>11498001</misses>
				<total>29</total>
				<timestamp>3675.681120</timestamp>
			</report>
			<report>
				<misses>11499001</misses>
				<total>29</total>
				<timestamp>3676.000801</timestamp>
			</report>
			<report>
				<misses>11500001</misses>
				<total>29</total>
				<timestamp>3676.320579</timestamp>
			</report>
			<report>
				<misses>11501001</misses>
				<total>29</total>
				<timestamp>3676.640259</timestamp>
			</report>
			<report>
				<misses>11502001</misses>
				<total>29</total>
				<timestamp>3676.959945</timestamp>
			</report>
			<report>
				<misses>11503001</misses>
				<total>29</total>
				<timestamp>3677.279582</timestamp>
			</report>
			<report>
				<misses>11504001</misses>
				<total>29</total>
				<timestamp>3677.599278</timestamp>
			</report>
			<report>
				<misses>11505001</misses>
				<total>29</total>
				<timestamp>3677.918916</timestamp>
			</report>
			<report>
				<misses>11506001</misses>
				<total>29</total>
				<timestamp>3678.238669</timestamp>
			</report>
			<report>
				<misses>11507001</misses>
				<total>29</total>
				<timestamp>3678.558472</timestamp>
			</report>
			<report>
				<misses>11508001</misses>
				<total>29</total>
				<timestamp>3678.877996</timestamp>
			</report>
			<report>
				<misses>11509001</misses>
				<total>29</total>
				<timestamp>3679.197701</timestamp>
			</report>
			<report>
				<misses>11510001</misses>
				<total>29</total>
				<timestamp>3679.517301</timestamp>
			</report>
			<report>
				<misses>11511001</misses>
				<total>29</total>
				<timestamp>3679.836983</timestamp>
			</report>
			<report>
				<misses>11512001</misses>
				<total>29</total>
				<timestamp>3680.156720</timestamp>
			</report>
			<report>
				<misses>11513001</misses>
				<total>29</total>
				<timestamp>3680.476437</timestamp>
			</report>
			<report>
				<misses>11514001</misses>
				<total>28</total>
				<timestamp>3680.796087</timestamp>
			</report>
			<report>
				<misses>11515001</misses>
				<total>28</total>
				<timestamp>3681.115815</timestamp>
			</report>
			<report>
				<misses>11516001</misses>
				<total>29</total>
				<timestamp>3681.435419</timestamp>
			</report>
			<report>
				<misses>11517001</misses>
				<total>29</total>
				<timestamp>3681.755046</timestamp>
			</report>
			<report>
				<misses>11518001</misses>
				<total>28</total>
				<timestamp>3682.074967</timestamp>
			</report>
			<report>
				<misses>11519001</misses>
				<total>29</total>
				<timestamp>3682.394452</timestamp>
			</report>
			<report>
				<misses>11520001</misses>
				<total>29</total>
				<timestamp>3682.714140</timestamp>
			</report>
			<report>
				<misses>11521001</misses>
				<total>29</total>
				<timestamp>3683.033843</timestamp>
			</report>
			<report>
				<misses>11522001</misses>
				<total>28</total>
				<timestamp>3683.353709</timestamp>
			</report>
			<report>
				<misses>11523001</misses>
				<total>28</total>
				<timestamp>3683.673230</timestamp>
			</report>
			<report>
				<misses>11524001</misses>
				<total>28</total>
				<timestamp>3683.992947</timestamp>
			</report>
			<report>
				<misses>11525001</misses>
				<total>29</total>
				<timestamp>3684.312589</timestamp>
			</report>
			<report>
				<misses>11526001</misses>
				<total>29</total>
				<timestamp>3684.632160</timestamp>
			</report>
			<report>
				<misses>11527001</misses>
				<total>29</total>
				<timestamp>3684.951882</timestamp>
			</report>
			<report>
				<misses>11528001</misses>
				<total>28</total>
				<timestamp>3685.271644</timestamp>
			</report>
			<report>
				<misses>11529001</misses>
				<total>28</total>
				<timestamp>3685.591335</timestamp>
			</report>
			<report>
				<misses>11530001</misses>
				<total>29</total>
				<timestamp>3685.910936</timestamp>
			</report>
			<report>
				<misses>11531001</misses>
				<total>29</total>
				<timestamp>3686.230585</timestamp>
			</report>
			<report>
				<misses>11532001</misses>
				<total>29</total>
				<timestamp>3686.550280</timestamp>
			</report>
			<report>
				<misses>11533001</misses>
				<total>29</total>
				<timestamp>3686.870001</timestamp>
			</report>
			<report>
				<misses>11534001</misses>
				<total>29</total>
				<timestamp>3687.189623</timestamp>
			</report>
			<report>
				<misses>11535001</misses>
				<total>29</total>
				<timestamp>3687.509334</timestamp>
			</report>
			<report>
				<misses>11536001</misses>
				<total>29</total>
				<timestamp>3687.829117</timestamp>
			</report>
			<report>
				<misses>11537001</misses>
				<total>29</total>
				<timestamp>3688.148731</timestamp>
			</report>
			<report>
				<misses>11538001</misses>
				<total>28</total>
				<timestamp>3688.468447</timestamp>
			</report>
			<report>
				<misses>11539001</misses>
				<total>29</total>
				<timestamp>3688.788030</timestamp>
			</report>
			<report>
				<misses>11540001</misses>
				<total>29</total>
				<timestamp>3689.107708</timestamp>
			</report>
			<report>
				<misses>11541001</misses>
				<total>29</total>
				<timestamp>3689.427375</timestamp>
			</report>
			<report>
				<misses>11542001</misses>
				<total>28</total>
				<timestamp>3689.747140</timestamp>
			</report>
			<report>
				<misses>11543001</misses>
				<total>29</total>
				<timestamp>3690.066786</timestamp>
			</report>
			<report>
				<misses>11544001</misses>
				<total>28</total>
				<timestamp>3690.386577</timestamp>
			</report>
			<report>
				<misses>11545001</misses>
				<total>29</total>
				<timestamp>3690.706116</timestamp>
			</report>
			<report>
				<misses>11546001</misses>
				<total>29</total>
				<timestamp>3691.025831</timestamp>
			</report>
			<report>
				<misses>11547001</misses>
				<total>29</total>
				<timestamp>3691.345563</timestamp>
			</report>
			<report>
				<misses>11548001</misses>
				<total>29</total>
				<timestamp>3691.665149</timestamp>
			</report>
			<report>
				<misses>11549001</misses>
				<total>29</total>
				<timestamp>3691.984912</timestamp>
			</report>
			<report>
				<misses>11550001</misses>
				<total>29</total>
				<timestamp>3692.304573</timestamp>
			</report>
			<report>
				<misses>11551001</misses>
				<total>29</total>
				<timestamp>3692.624175</timestamp>
			</report>
			<report>
				<misses>11552001</misses>
				<total>28</total>
				<timestamp>3692.943973</timestamp>
			</report>
			<report>
				<misses>11553001</misses>
				<total>29</total>
				<timestamp>3693.263596</timestamp>
			</report>
			<report>
				<misses>11554001</misses>
				<total>29</total>
				<timestamp>3693.583324</timestamp>
			</report>
			<report>
				<misses>11555001</misses>
				<total>29</total>
				<timestamp>3693.902955</timestamp>
			</report>
			<report>
				<misses>11556001</misses>
				<total>29</total>
				<timestamp>3694.222709</timestamp>
			</report>
			<report>
				<misses>11557001</misses>
				<total>29</total>
				<timestamp>3694.542324</timestamp>
			</report>
			<report>
				<misses>11558001</misses>
				<total>29</total>
				<timestamp>3694.861966</timestamp>
			</report>
			<report>
				<misses>11559001</misses>
				<total>29</total>
				<timestamp>3695.181710</timestamp>
			</report>
			<report>
				<misses>11560001</misses>
				<total>29</total>
				<timestamp>3695.501357</timestamp>
			</report>
			<report>
				<misses>11561001</misses>
				<total>29</total>
				<timestamp>3695.821051</timestamp>
			</report>
			<report>
				<misses>11562001</misses>
				<total>29</total>
				<timestamp>3696.140641</timestamp>
			</report>
			<report>
				<misses>11563001</misses>
				<total>29</total>
				<timestamp>3696.460374</timestamp>
			</report>
			<report>
				<misses>11564001</misses>
				<total>29</total>
				<timestamp>3696.780009</timestamp>
			</report>
			<report>
				<misses>11565001</misses>
				<total>29</total>
				<timestamp>3697.099728</timestamp>
			</report>
			<report>
				<misses>11566001</misses>
				<total>29</total>
				<timestamp>3697.419440</timestamp>
			</report>
			<report>
				<misses>11567001</misses>
				<total>29</total>
				<timestamp>3697.739033</timestamp>
			</report>
			<report>
				<misses>11568001</misses>
				<total>29</total>
				<timestamp>3698.058800</timestamp>
			</report>
			<report>
				<misses>11569001</misses>
				<total>29</total>
				<timestamp>3698.378446</timestamp>
			</report>
			<report>
				<misses>11570001</misses>
				<total>29</total>
				<timestamp>3698.698081</timestamp>
			</report>
			<report>
				<misses>11571001</misses>
				<total>29</total>
				<timestamp>3699.017818</timestamp>
			</report>
			<report>
				<misses>11572001</misses>
				<total>29</total>
				<timestamp>3699.337479</timestamp>
			</report>
			<report>
				<misses>11573001</misses>
				<total>29</total>
				<timestamp>3699.657183</timestamp>
			</report>
			<report>
				<misses>11574001</misses>
				<total>29</total>
				<timestamp>3699.976821</timestamp>
			</report>
			<report>
				<misses>11575001</misses>
				<total>29</total>
				<timestamp>3700.296488</timestamp>
			</report>
			<report>
				<misses>11576001</misses>
				<total>29</total>
				<timestamp>3700.616222</timestamp>
			</report>
			<report>
				<misses>11577001</misses>
				<total>29</total>
				<timestamp>3700.935912</timestamp>
			</report>
			<report>
				<misses>11578001</misses>
				<total>29</total>
				<timestamp>3701.255552</timestamp>
			</report>
			<report>
				<misses>11579001</misses>
				<total>29</total>
				<timestamp>3701.575230</timestamp>
			</report>
			<report>
				<misses>11580001</misses>
				<total>29</total>
				<timestamp>3701.894896</timestamp>
			</report>
			<report>
				<misses>11581001</misses>
				<total>29</total>
				<timestamp>3702.214688</timestamp>
			</report>
			<report>
				<misses>11582001</misses>
				<total>28</total>
				<timestamp>3702.534353</timestamp>
			</report>
			<report>
				<misses>11583001</misses>
				<total>29</total>
				<timestamp>3702.853922</timestamp>
			</report>
			<report>
				<misses>11584001</misses>
				<total>29</total>
				<timestamp>3703.173695</timestamp>
			</report>
			<report>
				<misses>11585001</misses>
				<total>29</total>
				<timestamp>3703.493304</timestamp>
			</report>
			<report>
				<misses>11586001</misses>
				<total>29</total>
				<timestamp>3703.813063</timestamp>
			</report>
			<report>
				<misses>11587001</misses>
				<total>29</total>
				<timestamp>3704.132741</timestamp>
			</report>
			<report>
				<misses>11588001</misses>
				<total>29</total>
				<timestamp>3704.452367</timestamp>
			</report>
			<report>
				<misses>11589001</misses>
				<total>29</total>
				<timestamp>3704.772003</timestamp>
			</report>
			<report>
				<misses>11590001</misses>
				<total>29</total>
				<timestamp>3705.091721</timestamp>
			</report>
			<report>
				<misses>11591001</misses>
				<total>29</total>
				<timestamp>3705.411404</timestamp>
			</report>
			<report>
				<misses>11592001</misses>
				<total>29</total>
				<timestamp>3705.731068</timestamp>
			</report>
			<report>
				<misses>11593001</misses>
				<total>29</total>
				<timestamp>3706.050833</timestamp>
			</report>
			<report>
				<misses>11594001</misses>
				<total>29</total>
				<timestamp>3706.370563</timestamp>
			</report>
			<report>
				<misses>11595001</misses>
				<total>29</total>
				<timestamp>3706.690145</timestamp>
			</report>
			<report>
				<misses>11596001</misses>
				<total>29</total>
				<timestamp>3707.009941</timestamp>
			</report>
			<report>
				<misses>11597001</misses>
				<total>29</total>
				<timestamp>3707.329578</timestamp>
			</report>
			<report>
				<misses>11598001</misses>
				<total>29</total>
				<timestamp>3707.649195</timestamp>
			</report>
			<report>
				<misses>11599001</misses>
				<total>29</total>
				<timestamp>3707.968899</timestamp>
			</report>
			<report>
				<misses>11600001</misses>
				<total>29</total>
				<timestamp>3708.288564</timestamp>
			</report>
			<report>
				<misses>11601001</misses>
				<total>29</total>
				<timestamp>3708.608209</timestamp>
			</report>
			<report>
				<misses>11602001</misses>
				<total>29</total>
				<timestamp>3708.927969</timestamp>
			</report>
			<report>
				<misses>11603001</misses>
				<total>29</total>
				<timestamp>3709.247575</timestamp>
			</report>
			<report>
				<misses>11604001</misses>
				<total>29</total>
				<timestamp>3709.567261</timestamp>
			</report>
			<report>
				<misses>11605001</misses>
				<total>29</total>
				<timestamp>3709.886892</timestamp>
			</report>
			<report>
				<misses>11606001</misses>
				<total>29</total>
				<timestamp>3710.206699</timestamp>
			</report>
			<report>
				<misses>11607001</misses>
				<total>29</total>
				<timestamp>3710.526260</timestamp>
			</report>
			<report>
				<misses>11608001</misses>
				<total>29</total>
				<timestamp>3710.845934</timestamp>
			</report>
			<report>
				<misses>11609001</misses>
				<total>29</total>
				<timestamp>3711.165605</timestamp>
			</report>
			<report>
				<misses>11610001</misses>
				<total>29</total>
				<timestamp>3711.485330</timestamp>
			</report>
			<report>
				<misses>11611001</misses>
				<total>29</total>
				<timestamp>3711.805044</timestamp>
			</report>
			<report>
				<misses>11612001</misses>
				<total>29</total>
				<timestamp>3712.124673</timestamp>
			</report>
			<report>
				<misses>11613001</misses>
				<total>29</total>
				<timestamp>3712.444374</timestamp>
			</report>
			<report>
				<misses>11614001</misses>
				<total>29</total>
				<timestamp>3712.764045</timestamp>
			</report>
			<report>
				<misses>11615001</misses>
				<total>28</total>
				<timestamp>3713.083826</timestamp>
			</report>
			<report>
				<misses>11616001</misses>
				<total>29</total>
				<timestamp>3713.403467</timestamp>
			</report>
			<report>
				<misses>11617001</misses>
				<total>29</total>
				<timestamp>3713.723047</timestamp>
			</report>
			<report>
				<misses>11618001</misses>
				<total>29</total>
				<timestamp>3714.042762</timestamp>
			</report>
			<report>
				<misses>11619001</misses>
				<total>29</total>
				<timestamp>3714.362438</timestamp>
			</report>
			<report>
				<misses>11620001</misses>
				<total>28</total>
				<timestamp>3714.682218</timestamp>
			</report>
			<report>
				<misses>11621001</misses>
				<total>29</total>
				<timestamp>3715.001810</timestamp>
			</report>
			<report>
				<misses>11622001</misses>
				<total>28</total>
				<timestamp>3715.321573</timestamp>
			</report>
			<report>
				<misses>11623001</misses>
				<total>29</total>
				<timestamp>3715.641193</timestamp>
			</report>
			<report>
				<misses>11624001</misses>
				<total>29</total>
				<timestamp>3715.960815</timestamp>
			</report>
			<report>
				<misses>11625001</misses>
				<total>29</total>
				<timestamp>3716.280600</timestamp>
			</report>
			<report>
				<misses>11626001</misses>
				<total>29</total>
				<timestamp>3716.600222</timestamp>
			</report>
			<report>
				<misses>11627001</misses>
				<total>29</total>
				<timestamp>3716.919941</timestamp>
			</report>
			<report>
				<misses>11628001</misses>
				<total>29</total>
				<timestamp>3717.239551</timestamp>
			</report>
			<report>
				<misses>11629001</misses>
				<total>29</total>
				<timestamp>3717.559331</timestamp>
			</report>
			<report>
				<misses>11630001</misses>
				<total>29</total>
				<timestamp>3717.878924</timestamp>
			</report>
			<report>
				<misses>11631001</misses>
				<total>29</total>
				<timestamp>3718.198581</timestamp>
			</report>
			<report>
				<misses>11632001</misses>
				<total>29</total>
				<timestamp>3718.518284</timestamp>
			</report>
			<report>
				<misses>11633001</misses>
				<total>29</total>
				<timestamp>3718.837931</timestamp>
			</report>
			<report>
				<misses>11634001</misses>
				<total>29</total>
				<timestamp>3719.157729</timestamp>
			</report>
			<report>
				<misses>11635001</misses>
				<total>29</total>
				<timestamp>3719.477314</timestamp>
			</report>
			<report>
				<misses>11636001</misses>
				<total>29</total>
				<timestamp>3719.797063</timestamp>
			</report>
			<report>
				<misses>11637001</misses>
				<total>29</total>
				<timestamp>3720.116746</timestamp>
			</report>
			<report>
				<misses>11638001</misses>
				<total>29</total>
				<timestamp>3720.436393</timestamp>
			</report>
			<report>
				<misses>11639001</misses>
				<total>28</total>
				<timestamp>3720.756200</timestamp>
			</report>
			<report>
				<misses>11640001</misses>
				<total>29</total>
				<timestamp>3721.075684</timestamp>
			</report>
			<report>
				<misses>11641001</misses>
				<total>29</total>
				<timestamp>3721.395384</timestamp>
			</report>
			<report>
				<misses>11642001</misses>
				<total>29</total>
				<timestamp>3721.715055</timestamp>
			</report>
			<report>
				<misses>11643001</misses>
				<total>29</total>
				<timestamp>3722.034837</timestamp>
			</report>
			<report>
				<misses>11644001</misses>
				<total>29</total>
				<timestamp>3722.354440</timestamp>
			</report>
			<report>
				<misses>11645001</misses>
				<total>28</total>
				<timestamp>3722.674212</timestamp>
			</report>
			<report>
				<misses>11646001</misses>
				<total>29</total>
				<timestamp>3722.993794</timestamp>
			</report>
			<report>
				<misses>11647001</misses>
				<total>29</total>
				<timestamp>3723.313513</timestamp>
			</report>
			<report>
				<misses>11648001</misses>
				<total>29</total>
				<timestamp>3723.633184</timestamp>
			</report>
			<report>
				<misses>11649001</misses>
				<total>29</total>
				<timestamp>3723.952963</timestamp>
			</report>
			<report>
				<misses>11650001</misses>
				<total>28</total>
				<timestamp>3724.272586</timestamp>
			</report>
			<report>
				<misses>11651001</misses>
				<total>29</total>
				<timestamp>3724.592225</timestamp>
			</report>
			<report>
				<misses>11652001</misses>
				<total>29</total>
				<timestamp>3724.911963</timestamp>
			</report>
			<report>
				<misses>11653001</misses>
				<total>28</total>
				<timestamp>3725.231636</timestamp>
			</report>
			<report>
				<misses>11654001</misses>
				<total>29</total>
				<timestamp>3725.551214</timestamp>
			</report>
			<report>
				<misses>11655001</misses>
				<total>29</total>
				<timestamp>3725.870964</timestamp>
			</report>
			<report>
				<misses>11656001</misses>
				<total>28</total>
				<timestamp>3726.190700</timestamp>
			</report>
			<report>
				<misses>11657001</misses>
				<total>28</total>
				<timestamp>3726.510364</timestamp>
			</report>
			<report>
				<misses>11658001</misses>
				<total>29</total>
				<timestamp>3726.829929</timestamp>
			</report>
			<report>
				<misses>11659001</misses>
				<total>29</total>
				<timestamp>3727.149730</timestamp>
			</report>
			<report>
				<misses>11660001</misses>
				<total>29</total>
				<timestamp>3727.469287</timestamp>
			</report>
			<report>
				<misses>11661001</misses>
				<total>29</total>
				<timestamp>3727.789034</timestamp>
			</report>
			<report>
				<misses>11662001</misses>
				<total>29</total>
				<timestamp>3728.108701</timestamp>
			</report>
			<report>
				<misses>11663001</misses>
				<total>29</total>
				<timestamp>3728.428373</timestamp>
			</report>
			<report>
				<misses>11664001</misses>
				<total>28</total>
				<timestamp>3728.748129</timestamp>
			</report>
			<report>
				<misses>11665001</misses>
				<total>29</total>
				<timestamp>3729.067818</timestamp>
			</report>
			<report>
				<misses>11666001</misses>
				<total>29</total>
				<timestamp>3729.387378</timestamp>
			</report>
			<report>
				<misses>11667001</misses>
				<total>28</total>
				<timestamp>3729.707167</timestamp>
			</report>
			<report>
				<misses>11668001</misses>
				<total>29</total>
				<timestamp>3730.026835</timestamp>
			</report>
			<report>
				<misses>11669001</misses>
				<total>29</total>
				<timestamp>3730.346421</timestamp>
			</report>
			<report>
				<misses>11670001</misses>
				<total>29</total>
				<timestamp>3730.666094</timestamp>
			</report>
			<report>
				<misses>11671001</misses>
				<total>29</total>
				<timestamp>3730.985829</timestamp>
			</report>
			<report>
				<misses>11672001</misses>
				<total>29</total>
				<timestamp>3731.305487</timestamp>
			</report>
			<report>
				<misses>11673001</misses>
				<total>29</total>
				<timestamp>3731.625171</timestamp>
			</report>
			<report>
				<misses>11674001</misses>
				<total>29</total>
				<timestamp>3731.944842</timestamp>
			</report>
			<report>
				<misses>11675001</misses>
				<total>29</total>
				<timestamp>3732.264578</timestamp>
			</report>
			<report>
				<misses>11676001</misses>
				<total>29</total>
				<timestamp>3732.584257</timestamp>
			</report>
			<report>
				<misses>11677001</misses>
				<total>29</total>
				<timestamp>3732.903976</timestamp>
			</report>
			<report>
				<misses>11678001</misses>
				<total>29</total>
				<timestamp>3733.223583</timestamp>
			</report>
			<report>
				<misses>11679001</misses>
				<total>29</total>
				<timestamp>3733.543254</timestamp>
			</report>
			<report>
				<misses>11680001</misses>
				<total>29</total>
				<timestamp>3733.862965</timestamp>
			</report>
			<report>
				<misses>11681001</misses>
				<total>29</total>
				<timestamp>3734.182575</timestamp>
			</report>
			<report>
				<misses>11682001</misses>
				<total>29</total>
				<timestamp>3734.502313</timestamp>
			</report>
			<report>
				<misses>11683001</misses>
				<total>29</total>
				<timestamp>3734.821969</timestamp>
			</report>
			<report>
				<misses>11684001</misses>
				<total>29</total>
				<timestamp>3735.141611</timestamp>
			</report>
			<report>
				<misses>11685001</misses>
				<total>29</total>
				<timestamp>3735.461462</timestamp>
			</report>
			<report>
				<misses>11686001</misses>
				<total>29</total>
				<timestamp>3735.781068</timestamp>
			</report>
			<report>
				<misses>11687001</misses>
				<total>29</total>
				<timestamp>3736.100687</timestamp>
			</report>
			<report>
				<misses>11688001</misses>
				<total>29</total>
				<timestamp>3736.420331</timestamp>
			</report>
			<report>
				<misses>11689001</misses>
				<total>29</total>
				<timestamp>3736.740104</timestamp>
			</report>
			<report>
				<misses>11690001</misses>
				<total>29</total>
				<timestamp>3737.059711</timestamp>
			</report>
			<report>
				<misses>11691001</misses>
				<total>29</total>
				<timestamp>3737.379433</timestamp>
			</report>
			<report>
				<misses>11692001</misses>
				<total>29</total>
				<timestamp>3737.699202</timestamp>
			</report>
			<report>
				<misses>11693001</misses>
				<total>29</total>
				<timestamp>3738.018832</timestamp>
			</report>
			<report>
				<misses>11694001</misses>
				<total>29</total>
				<timestamp>3738.338424</timestamp>
			</report>
			<report>
				<misses>11695001</misses>
				<total>29</total>
				<timestamp>3738.658112</timestamp>
			</report>
			<report>
				<misses>11696001</misses>
				<total>29</total>
				<timestamp>3738.977804</timestamp>
			</report>
			<report>
				<misses>11697001</misses>
				<total>29</total>
				<timestamp>3739.297478</timestamp>
			</report>
			<report>
				<misses>11698001</misses>
				<total>29</total>
				<timestamp>3739.617229</timestamp>
			</report>
			<report>
				<misses>11699001</misses>
				<total>29</total>
				<timestamp>3739.936864</timestamp>
			</report>
			<report>
				<misses>11700001</misses>
				<total>29</total>
				<timestamp>3740.256481</timestamp>
			</report>
			<report>
				<misses>11701001</misses>
				<total>29</total>
				<timestamp>3740.576201</timestamp>
			</report>
			<report>
				<misses>11702001</misses>
				<total>29</total>
				<timestamp>3740.895931</timestamp>
			</report>
			<report>
				<misses>11703001</misses>
				<total>29</total>
				<timestamp>3741.215580</timestamp>
			</report>
			<report>
				<misses>11704001</misses>
				<total>29</total>
				<timestamp>3741.535229</timestamp>
			</report>
			<report>
				<misses>11705001</misses>
				<total>29</total>
				<timestamp>3741.854954</timestamp>
			</report>
			<report>
				<misses>11706001</misses>
				<total>29</total>
				<timestamp>3742.174641</timestamp>
			</report>
			<report>
				<misses>11707001</misses>
				<total>29</total>
				<timestamp>3742.494255</timestamp>
			</report>
			<report>
				<misses>11708001</misses>
				<total>29</total>
				<timestamp>3742.814000</timestamp>
			</report>
			<report>
				<misses>11709001</misses>
				<total>29</total>
				<timestamp>3743.133706</timestamp>
			</report>
			<report>
				<misses>11710001</misses>
				<total>29</total>
				<timestamp>3743.453350</timestamp>
			</report>
			<report>
				<misses>11711001</misses>
				<total>28</total>
				<timestamp>3743.773077</timestamp>
			</report>
			<report>
				<misses>11712001</misses>
				<total>29</total>
				<timestamp>3744.092656</timestamp>
			</report>
			<report>
				<misses>11713001</misses>
				<total>29</total>
				<timestamp>3744.412339</timestamp>
			</report>
			<report>
				<misses>11714001</misses>
				<total>29</total>
				<timestamp>3744.732058</timestamp>
			</report>
			<report>
				<misses>11715001</misses>
				<total>29</total>
				<timestamp>3745.051828</timestamp>
			</report>
			<report>
				<misses>11716001</misses>
				<total>29</total>
				<timestamp>3745.371385</timestamp>
			</report>
			<report>
				<misses>11717001</misses>
				<total>29</total>
				<timestamp>3745.691147</timestamp>
			</report>
			<report>
				<misses>11718001</misses>
				<total>29</total>
				<timestamp>3746.010738</timestamp>
			</report>
			<report>
				<misses>11719001</misses>
				<total>29</total>
				<timestamp>3746.330400</timestamp>
			</report>
			<report>
				<misses>11720001</misses>
				<total>29</total>
				<timestamp>3746.650128</timestamp>
			</report>
			<report>
				<misses>11721001</misses>
				<total>28</total>
				<timestamp>3746.969915</timestamp>
			</report>
			<report>
				<misses>11722001</misses>
				<total>28</total>
				<timestamp>3747.289562</timestamp>
			</report>
			<report>
				<misses>11723001</misses>
				<total>28</total>
				<timestamp>3747.609241</timestamp>
			</report>
			<report>
				<misses>11724001</misses>
				<total>29</total>
				<timestamp>3747.928876</timestamp>
			</report>
			<report>
				<misses>11725001</misses>
				<total>29</total>
				<timestamp>3748.248583</timestamp>
			</report>
			<report>
				<misses>11726001</misses>
				<total>29</total>
				<timestamp>3748.568253</timestamp>
			</report>
			<report>
				<misses>11727001</misses>
				<total>29</total>
				<timestamp>3748.888091</timestamp>
			</report>
			<report>
				<misses>11728001</misses>
				<total>29</total>
				<timestamp>3749.207540</timestamp>
			</report>
			<report>
				<misses>11729001</misses>
				<total>29</total>
				<timestamp>3749.527271</timestamp>
			</report>
			<report>
				<misses>11730001</misses>
				<total>29</total>
				<timestamp>3749.846962</timestamp>
			</report>
			<report>
				<misses>11731001</misses>
				<total>29</total>
				<timestamp>3750.166687</timestamp>
			</report>
			<report>
				<misses>11732001</misses>
				<total>29</total>
				<timestamp>3750.486250</timestamp>
			</report>
			<report>
				<misses>11733001</misses>
				<total>29</total>
				<timestamp>3750.805973</timestamp>
			</report>
			<report>
				<misses>11734001</misses>
				<total>29</total>
				<timestamp>3751.125685</timestamp>
			</report>
			<report>
				<misses>11735001</misses>
				<total>29</total>
				<timestamp>3751.445321</timestamp>
			</report>
			<report>
				<misses>11736001</misses>
				<total>29</total>
				<timestamp>3751.765001</timestamp>
			</report>
			<report>
				<misses>11737001</misses>
				<total>29</total>
				<timestamp>3752.084657</timestamp>
			</report>
			<report>
				<misses>11738001</misses>
				<total>29</total>
				<timestamp>3752.404388</timestamp>
			</report>
			<report>
				<misses>11739001</misses>
				<total>29</total>
				<timestamp>3752.724012</timestamp>
			</report>
			<report>
				<misses>11740001</misses>
				<total>29</total>
				<timestamp>3753.043822</timestamp>
			</report>
			<report>
				<misses>11741001</misses>
				<total>29</total>
				<timestamp>3753.363425</timestamp>
			</report>
			<report>
				<misses>11742001</misses>
				<total>29</total>
				<timestamp>3753.683075</timestamp>
			</report>
			<report>
				<misses>11743001</misses>
				<total>29</total>
				<timestamp>3754.002804</timestamp>
			</report>
			<report>
				<misses>11744001</misses>
				<total>29</total>
				<timestamp>3754.322397</timestamp>
			</report>
			<report>
				<misses>11745001</misses>
				<total>29</total>
				<timestamp>3754.642086</timestamp>
			</report>
			<report>
				<misses>11746001</misses>
				<total>29</total>
				<timestamp>3754.961835</timestamp>
			</report>
			<report>
				<misses>11747001</misses>
				<total>29</total>
				<timestamp>3755.281609</timestamp>
			</report>
			<report>
				<misses>11748001</misses>
				<total>28</total>
				<timestamp>3755.601218</timestamp>
			</report>
			<report>
				<misses>11749001</misses>
				<total>29</total>
				<timestamp>3755.920809</timestamp>
			</report>
			<report>
				<misses>11750001</misses>
				<total>29</total>
				<timestamp>3756.240590</timestamp>
			</report>
			<report>
				<misses>11751001</misses>
				<total>29</total>
				<timestamp>3756.560209</timestamp>
			</report>
			<report>
				<misses>11752001</misses>
				<total>29</total>
				<timestamp>3756.879919</timestamp>
			</report>
			<report>
				<misses>11753001</misses>
				<total>29</total>
				<timestamp>3757.199580</timestamp>
			</report>
			<report>
				<misses>11754001</misses>
				<total>29</total>
				<timestamp>3757.519237</timestamp>
			</report>
			<report>
				<misses>11755001</misses>
				<total>29</total>
				<timestamp>3757.839079</timestamp>
			</report>
			<report>
				<misses>11756001</misses>
				<total>29</total>
				<timestamp>3758.158622</timestamp>
			</report>
			<report>
				<misses>11757001</misses>
				<total>29</total>
				<timestamp>3758.478288</timestamp>
			</report>
			<report>
				<misses>11758001</misses>
				<total>29</total>
				<timestamp>3758.797972</timestamp>
			</report>
			<report>
				<misses>11759001</misses>
				<total>28</total>
				<timestamp>3759.117783</timestamp>
			</report>
			<report>
				<misses>11760001</misses>
				<total>29</total>
				<timestamp>3759.437319</timestamp>
			</report>
			<report>
				<misses>11761001</misses>
				<total>29</total>
				<timestamp>3759.757100</timestamp>
			</report>
			<report>
				<misses>11762001</misses>
				<total>29</total>
				<timestamp>3760.076709</timestamp>
			</report>
			<report>
				<misses>11763001</misses>
				<total>29</total>
				<timestamp>3760.396419</timestamp>
			</report>
			<report>
				<misses>11764001</misses>
				<total>29</total>
				<timestamp>3760.716102</timestamp>
			</report>
			<report>
				<misses>11765001</misses>
				<total>29</total>
				<timestamp>3761.035820</timestamp>
			</report>
			<report>
				<misses>11766001</misses>
				<total>29</total>
				<timestamp>3761.355441</timestamp>
			</report>
			<report>
				<misses>11767001</misses>
				<total>29</total>
				<timestamp>3761.675111</timestamp>
			</report>
			<report>
				<misses>11768001</misses>
				<total>29</total>
				<timestamp>3761.994833</timestamp>
			</report>
			<report>
				<misses>11769001</misses>
				<total>29</total>
				<timestamp>3762.314445</timestamp>
			</report>
			<report>
				<misses>11770001</misses>
				<total>29</total>
				<timestamp>3762.634117</timestamp>
			</report>
			<report>
				<misses>11771001</misses>
				<total>29</total>
				<timestamp>3762.953929</timestamp>
			</report>
			<report>
				<misses>11772001</misses>
				<total>29</total>
				<timestamp>3763.273585</timestamp>
			</report>
			<report>
				<misses>11773001</misses>
				<total>28</total>
				<timestamp>3763.593227</timestamp>
			</report>
			<report>
				<misses>11774001</misses>
				<total>29</total>
				<timestamp>3763.912904</timestamp>
			</report>
			<report>
				<misses>11775001</misses>
				<total>29</total>
				<timestamp>3764.232572</timestamp>
			</report>
			<report>
				<misses>11776001</misses>
				<total>29</total>
				<timestamp>3764.552346</timestamp>
			</report>
			<report>
				<misses>11777001</misses>
				<total>29</total>
				<timestamp>3764.871943</timestamp>
			</report>
			<report>
				<misses>11778001</misses>
				<total>29</total>
				<timestamp>3765.191606</timestamp>
			</report>
			<report>
				<misses>11779001</misses>
				<total>29</total>
				<timestamp>3765.511256</timestamp>
			</report>
			<report>
				<misses>11780001</misses>
				<total>29</total>
				<timestamp>3765.830970</timestamp>
			</report>
			<report>
				<misses>11781001</misses>
				<total>29</total>
				<timestamp>3766.150559</timestamp>
			</report>
			<report>
				<misses>11782001</misses>
				<total>29</total>
				<timestamp>3766.470252</timestamp>
			</report>
			<report>
				<misses>11783001</misses>
				<total>29</total>
				<timestamp>3766.789972</timestamp>
			</report>
			<report>
				<misses>11784001</misses>
				<total>29</total>
				<timestamp>3767.109642</timestamp>
			</report>
			<report>
				<misses>11785001</misses>
				<total>29</total>
				<timestamp>3767.429286</timestamp>
			</report>
			<report>
				<misses>11786001</misses>
				<total>29</total>
				<timestamp>3767.749019</timestamp>
			</report>
			<report>
				<misses>11787001</misses>
				<total>29</total>
				<timestamp>3768.068712</timestamp>
			</report>
			<report>
				<misses>11788001</misses>
				<total>29</total>
				<timestamp>3768.388367</timestamp>
			</report>
			<report>
				<misses>11789001</misses>
				<total>29</total>
				<timestamp>3768.708071</timestamp>
			</report>
			<report>
				<misses>11790001</misses>
				<total>29</total>
				<timestamp>3769.027708</timestamp>
			</report>
			<report>
				<misses>11791001</misses>
				<total>29</total>
				<timestamp>3769.347392</timestamp>
			</report>
			<report>
				<misses>11792001</misses>
				<total>29</total>
				<timestamp>3769.667074</timestamp>
			</report>
			<report>
				<misses>11793001</misses>
				<total>29</total>
				<timestamp>3769.986731</timestamp>
			</report>
			<report>
				<misses>11794001</misses>
				<total>29</total>
				<timestamp>3770.306403</timestamp>
			</report>
			<report>
				<misses>11795001</misses>
				<total>29</total>
				<timestamp>3770.626082</timestamp>
			</report>
			<report>
				<misses>11796001</misses>
				<total>29</total>
				<timestamp>3770.945822</timestamp>
			</report>
			<report>
				<misses>11797001</misses>
				<total>29</total>
				<timestamp>3771.265564</timestamp>
			</report>
			<report>
				<misses>11798001</misses>
				<total>29</total>
				<timestamp>3771.585133</timestamp>
			</report>
			<report>
				<misses>11799001</misses>
				<total>29</total>
				<timestamp>3771.904938</timestamp>
			</report>
			<report>
				<misses>11800001</misses>
				<total>29</total>
				<timestamp>3772.224508</timestamp>
			</report>
			<report>
				<misses>11801001</misses>
				<total>29</total>
				<timestamp>3772.544183</timestamp>
			</report>
			<report>
				<misses>11802001</misses>
				<total>28</total>
				<timestamp>3772.863963</timestamp>
			</report>
			<report>
				<misses>11803001</misses>
				<total>29</total>
				<timestamp>3773.183569</timestamp>
			</report>
			<report>
				<misses>11804001</misses>
				<total>29</total>
				<timestamp>3773.503212</timestamp>
			</report>
			<report>
				<misses>11805001</misses>
				<total>29</total>
				<timestamp>3773.822943</timestamp>
			</report>
			<report>
				<misses>11806001</misses>
				<total>29</total>
				<timestamp>3774.142616</timestamp>
			</report>
			<report>
				<misses>11807001</misses>
				<total>29</total>
				<timestamp>3774.462320</timestamp>
			</report>
			<report>
				<misses>11808001</misses>
				<total>29</total>
				<timestamp>3774.781964</timestamp>
			</report>
			<report>
				<misses>11809001</misses>
				<total>29</total>
				<timestamp>3775.101637</timestamp>
			</report>
			<report>
				<misses>11810001</misses>
				<total>29</total>
				<timestamp>3775.421317</timestamp>
			</report>
			<report>
				<misses>11811001</misses>
				<total>29</total>
				<timestamp>3775.741004</timestamp>
			</report>
			<report>
				<misses>11812001</misses>
				<total>29</total>
				<timestamp>3776.060839</timestamp>
			</report>
			<report>
				<misses>11813001</misses>
				<total>29</total>
				<timestamp>3776.380341</timestamp>
			</report>
			<report>
				<misses>11814001</misses>
				<total>29</total>
				<timestamp>3776.700021</timestamp>
			</report>
			<report>
				<misses>11815001</misses>
				<total>29</total>
				<timestamp>3777.019831</timestamp>
			</report>
			<report>
				<misses>11816001</misses>
				<total>29</total>
				<timestamp>3777.339363</timestamp>
			</report>
			<report>
				<misses>11817001</misses>
				<total>29</total>
				<timestamp>3777.659076</timestamp>
			</report>
			<report>
				<misses>11818001</misses>
				<total>29</total>
				<timestamp>3777.978835</timestamp>
			</report>
			<report>
				<misses>11819001</misses>
				<total>29</total>
				<timestamp>3778.298439</timestamp>
			</report>
			<report>
				<misses>11820001</misses>
				<total>29</total>
				<timestamp>3778.618091</timestamp>
			</report>
			<report>
				<misses>11821001</misses>
				<total>29</total>
				<timestamp>3778.937813</timestamp>
			</report>
			<report>
				<misses>11822001</misses>
				<total>29</total>
				<timestamp>3779.257572</timestamp>
			</report>
			<report>
				<misses>11823001</misses>
				<total>28</total>
				<timestamp>3779.577339</timestamp>
			</report>
			<report>
				<misses>11824001</misses>
				<total>29</total>
				<timestamp>3779.896848</timestamp>
			</report>
			<report>
				<misses>11825001</misses>
				<total>29</total>
				<timestamp>3780.216546</timestamp>
			</report>
			<report>
				<misses>11826001</misses>
				<total>29</total>
				<timestamp>3780.536195</timestamp>
			</report>
			<report>
				<misses>11827001</misses>
				<total>28</total>
				<timestamp>3780.855959</timestamp>
			</report>
			<report>
				<misses>11828001</misses>
				<total>28</total>
				<timestamp>3781.175631</timestamp>
			</report>
			<report>
				<misses>11829001</misses>
				<total>29</total>
				<timestamp>3781.495214</timestamp>
			</report>
			<report>
				<misses>11830001</misses>
				<total>29</total>
				<timestamp>3781.814939</timestamp>
			</report>
			<report>
				<misses>11831001</misses>
				<total>28</total>
				<timestamp>3782.134675</timestamp>
			</report>
			<report>
				<misses>11832001</misses>
				<total>29</total>
				<timestamp>3782.454283</timestamp>
			</report>
			<report>
				<misses>11833001</misses>
				<total>29</total>
				<timestamp>3782.773937</timestamp>
			</report>
			<report>
				<misses>11834001</misses>
				<total>29</total>
				<timestamp>3783.093660</timestamp>
			</report>
			<report>
				<misses>11835001</misses>
				<total>29</total>
				<timestamp>3783.413329</timestamp>
			</report>
			<report>
				<misses>11836001</misses>
				<total>29</total>
				<timestamp>3783.732994</timestamp>
			</report>
			<report>
				<misses>11837001</misses>
				<total>29</total>
				<timestamp>3784.052686</timestamp>
			</report>
			<report>
				<misses>11838001</misses>
				<total>29</total>
				<timestamp>3784.372320</timestamp>
			</report>
			<report>
				<misses>11839001</misses>
				<total>29</total>
				<timestamp>3784.692046</timestamp>
			</report>
			<report>
				<misses>11840001</misses>
				<total>28</total>
				<timestamp>3785.011782</timestamp>
			</report>
			<report>
				<misses>11841001</misses>
				<total>29</total>
				<timestamp>3785.331374</timestamp>
			</report>
			<report>
				<misses>11842001</misses>
				<total>29</total>
				<timestamp>3785.651066</timestamp>
			</report>
			<report>
				<misses>11843001</misses>
				<total>29</total>
				<timestamp>3785.970766</timestamp>
			</report>
			<report>
				<misses>11844001</misses>
				<total>29</total>
				<timestamp>3786.290401</timestamp>
			</report>
			<report>
				<misses>11845001</misses>
				<total>29</total>
				<timestamp>3786.610076</timestamp>
			</report>
			<report>
				<misses>11846001</misses>
				<total>29</total>
				<timestamp>3786.929838</timestamp>
			</report>
			<report>
				<misses>11847001</misses>
				<total>29</total>
				<timestamp>3787.249459</timestamp>
			</report>
			<report>
				<misses>11848001</misses>
				<total>29</total>
				<timestamp>3787.569131</timestamp>
			</report>
			<report>
				<misses>11849001</misses>
				<total>29</total>
				<timestamp>3787.889000</timestamp>
			</report>
			<report>
				<misses>11850001</misses>
				<total>29</total>
				<timestamp>3788.208578</timestamp>
			</report>
			<report>
				<misses>11851001</misses>
				<total>29</total>
				<timestamp>3788.528193</timestamp>
			</report>
			<report>
				<misses>11852001</misses>
				<total>29</total>
				<timestamp>3788.847934</timestamp>
			</report>
			<report>
				<misses>11853001</misses>
				<total>29</total>
				<timestamp>3789.167552</timestamp>
			</report>
			<report>
				<misses>11854001</misses>
				<total>29</total>
				<timestamp>3789.487301</timestamp>
			</report>
			<report>
				<misses>11855001</misses>
				<total>29</total>
				<timestamp>3789.806960</timestamp>
			</report>
			<report>
				<misses>11856001</misses>
				<total>29</total>
				<timestamp>3790.126716</timestamp>
			</report>
			<report>
				<misses>11857001</misses>
				<total>28</total>
				<timestamp>3790.446394</timestamp>
			</report>
			<report>
				<misses>11858001</misses>
				<total>29</total>
				<timestamp>3790.766016</timestamp>
			</report>
			<report>
				<misses>11859001</misses>
				<total>29</total>
				<timestamp>3791.085695</timestamp>
			</report>
			<report>
				<misses>11860001</misses>
				<total>29</total>
				<timestamp>3791.405315</timestamp>
			</report>
			<report>
				<misses>11861001</misses>
				<total>28</total>
				<timestamp>3791.725095</timestamp>
			</report>
			<report>
				<misses>11862001</misses>
				<total>28</total>
				<timestamp>3792.044827</timestamp>
			</report>
			<report>
				<misses>11863001</misses>
				<total>29</total>
				<timestamp>3792.364352</timestamp>
			</report>
			<report>
				<misses>11864001</misses>
				<total>29</total>
				<timestamp>3792.684081</timestamp>
			</report>
			<report>
				<misses>11865001</misses>
				<total>28</total>
				<timestamp>3793.003800</timestamp>
			</report>
			<report>
				<misses>11866001</misses>
				<total>29</total>
				<timestamp>3793.323383</timestamp>
			</report>
			<report>
				<misses>11867001</misses>
				<total>29</total>
				<timestamp>3793.643041</timestamp>
			</report>
			<report>
				<misses>11868001</misses>
				<total>29</total>
				<timestamp>3793.962765</timestamp>
			</report>
			<report>
				<misses>11869001</misses>
				<total>29</total>
				<timestamp>3794.282398</timestamp>
			</report>
			<report>
				<misses>11870001</misses>
				<total>29</total>
				<timestamp>3794.602107</timestamp>
			</report>
			<report>
				<misses>11871001</misses>
				<total>29</total>
				<timestamp>3794.921798</timestamp>
			</report>
			<report>
				<misses>11872001</misses>
				<total>29</total>
				<timestamp>3795.241589</timestamp>
			</report>
			<report>
				<misses>11873001</misses>
				<total>29</total>
				<timestamp>3795.561140</timestamp>
			</report>
			<report>
				<misses>11874001</misses>
				<total>29</total>
				<timestamp>3795.880867</timestamp>
			</report>
			<report>
				<misses>11875001</misses>
				<total>28</total>
				<timestamp>3796.200587</timestamp>
			</report>
			<report>
				<misses>11876001</misses>
				<total>29</total>
				<timestamp>3796.520182</timestamp>
			</report>
			<report>
				<misses>11877001</misses>
				<total>29</total>
				<timestamp>3796.839945</timestamp>
			</report>
			<report>
				<misses>11878001</misses>
				<total>29</total>
				<timestamp>3797.159569</timestamp>
			</report>
			<report>
				<misses>11879001</misses>
				<total>29</total>
				<timestamp>3797.479251</timestamp>
			</report>
			<report>
				<misses>11880001</misses>
				<total>29</total>
				<timestamp>3797.798947</timestamp>
			</report>
			<report>
				<misses>11881001</misses>
				<total>29</total>
				<timestamp>3798.118689</timestamp>
			</report>
			<report>
				<misses>11882001</misses>
				<total>29</total>
				<timestamp>3798.438253</timestamp>
			</report>
			<report>
				<misses>11883001</misses>
				<total>29</total>
				<timestamp>3798.758014</timestamp>
			</report>
			<report>
				<misses>11884001</misses>
				<total>29</total>
				<timestamp>3799.077714</timestamp>
			</report>
			<report>
				<misses>11885001</misses>
				<total>29</total>
				<timestamp>3799.397279</timestamp>
			</report>
			<report>
				<misses>11886001</misses>
				<total>29</total>
				<timestamp>3799.716994</timestamp>
			</report>
			<report>
				<misses>11887001</misses>
				<total>29</total>
				<timestamp>3800.036828</timestamp>
			</report>
			<report>
				<misses>11888001</misses>
				<total>29</total>
				<timestamp>3800.356351</timestamp>
			</report>
			<report>
				<misses>11889001</misses>
				<total>29</total>
				<timestamp>3800.676037</timestamp>
			</report>
			<report>
				<misses>11890001</misses>
				<total>29</total>
				<timestamp>3800.995794</timestamp>
			</report>
			<report>
				<misses>11891001</misses>
				<total>29</total>
				<timestamp>3801.315392</timestamp>
			</report>
			<report>
				<misses>11892001</misses>
				<total>29</total>
				<timestamp>3801.635124</timestamp>
			</report>
			<report>
				<misses>11893001</misses>
				<total>29</total>
				<timestamp>3801.954751</timestamp>
			</report>
			<report>
				<misses>11894001</misses>
				<total>29</total>
				<timestamp>3802.274423</timestamp>
			</report>
			<report>
				<misses>11895001</misses>
				<total>29</total>
				<timestamp>3802.594111</timestamp>
			</report>
			<report>
				<misses>11896001</misses>
				<total>29</total>
				<timestamp>3802.913834</timestamp>
			</report>
			<report>
				<misses>11897001</misses>
				<total>29</total>
				<timestamp>3803.233444</timestamp>
			</report>
			<report>
				<misses>11898001</misses>
				<total>29</total>
				<timestamp>3803.553213</timestamp>
			</report>
			<report>
				<misses>11899001</misses>
				<total>29</total>
				<timestamp>3803.872850</timestamp>
			</report>
			<report>
				<misses>11900001</misses>
				<total>29</total>
				<timestamp>3804.192563</timestamp>
			</report>
			<report>
				<misses>11901001</misses>
				<total>29</total>
				<timestamp>3804.512226</timestamp>
			</report>
			<report>
				<misses>11902001</misses>
				<total>29</total>
				<timestamp>3804.831909</timestamp>
			</report>
			<report>
				<misses>11903001</misses>
				<total>29</total>
				<timestamp>3805.151560</timestamp>
			</report>
			<report>
				<misses>11904001</misses>
				<total>29</total>
				<timestamp>3805.471286</timestamp>
			</report>
			<report>
				<misses>11905001</misses>
				<total>29</total>
				<timestamp>3805.790959</timestamp>
			</report>
			<report>
				<misses>11906001</misses>
				<total>29</total>
				<timestamp>3806.110669</timestamp>
			</report>
			<report>
				<misses>11907001</misses>
				<total>29</total>
				<timestamp>3806.430275</timestamp>
			</report>
			<report>
				<misses>11908001</misses>
				<total>29</total>
				<timestamp>3806.750074</timestamp>
			</report>
			<report>
				<misses>11909001</misses>
				<total>29</total>
				<timestamp>3807.069667</timestamp>
			</report>
			<report>
				<misses>11910001</misses>
				<total>29</total>
				<timestamp>3807.389401</timestamp>
			</report>
			<report>
				<misses>11911001</misses>
				<total>28</total>
				<timestamp>3807.709078</timestamp>
			</report>
			<report>
				<misses>11912001</misses>
				<total>29</total>
				<timestamp>3808.028760</timestamp>
			</report>
			<report>
				<misses>11913001</misses>
				<total>29</total>
				<timestamp>3808.348334</timestamp>
			</report>
			<report>
				<misses>11914001</misses>
				<total>29</total>
				<timestamp>3808.668082</timestamp>
			</report>
			<report>
				<misses>11915001</misses>
				<total>29</total>
				<timestamp>3808.987836</timestamp>
			</report>
			<report>
				<misses>11916001</misses>
				<total>28</total>
				<timestamp>3809.307478</timestamp>
			</report>
			<report>
				<misses>11917001</misses>
				<total>29</total>
				<timestamp>3809.627108</timestamp>
			</report>
			<report>
				<misses>11918001</misses>
				<total>29</total>
				<timestamp>3809.946828</timestamp>
			</report>
			<report>
				<misses>11919001</misses>
				<total>29</total>
				<timestamp>3810.266439</timestamp>
			</report>
			<report>
				<misses>11920001</misses>
				<total>29</total>
				<timestamp>3810.586149</timestamp>
			</report>
			<report>
				<misses>11921001</misses>
				<total>29</total>
				<timestamp>3810.905948</timestamp>
			</report>
			<report>
				<misses>11922001</misses>
				<total>29</total>
				<timestamp>3811.225563</timestamp>
			</report>
			<report>
				<misses>11923001</misses>
				<total>29</total>
				<timestamp>3811.545132</timestamp>
			</report>
			<report>
				<misses>11924001</misses>
				<total>29</total>
				<timestamp>3811.864879</timestamp>
			</report>
			<report>
				<misses>11925001</misses>
				<total>29</total>
				<timestamp>3812.184532</timestamp>
			</report>
			<report>
				<misses>11926001</misses>
				<total>29</total>
				<timestamp>3812.504186</timestamp>
			</report>
			<report>
				<misses>11927001</misses>
				<total>29</total>
				<timestamp>3812.823868</timestamp>
			</report>
			<report>
				<misses>11928001</misses>
				<total>29</total>
				<timestamp>3813.143570</timestamp>
			</report>
			<report>
				<misses>11929001</misses>
				<total>29</total>
				<timestamp>3813.463194</timestamp>
			</report>
			<report>
				<misses>11930001</misses>
				<total>29</total>
				<timestamp>3813.782953</timestamp>
			</report>
			<report>
				<misses>11931001</misses>
				<total>29</total>
				<timestamp>3814.102718</timestamp>
			</report>
			<report>
				<misses>11932001</misses>
				<total>29</total>
				<timestamp>3814.422336</timestamp>
			</report>
			<report>
				<misses>11933001</misses>
				<total>29</total>
				<timestamp>3814.742081</timestamp>
			</report>
			<report>
				<misses>11934001</misses>
				<total>29</total>
				<timestamp>3815.061708</timestamp>
			</report>
			<report>
				<misses>11935001</misses>
				<total>29</total>
				<timestamp>3815.381300</timestamp>
			</report>
			<report>
				<misses>11936001</misses>
				<total>29</total>
				<timestamp>3815.700978</timestamp>
			</report>
			<report>
				<misses>11937001</misses>
				<total>29</total>
				<timestamp>3816.020657</timestamp>
			</report>
			<report>
				<misses>11938001</misses>
				<total>29</total>
				<timestamp>3816.340332</timestamp>
			</report>
			<report>
				<misses>11939001</misses>
				<total>29</total>
				<timestamp>3816.660000</timestamp>
			</report>
			<report>
				<misses>11940001</misses>
				<total>28</total>
				<timestamp>3816.979794</timestamp>
			</report>
			<report>
				<misses>11941001</misses>
				<total>29</total>
				<timestamp>3817.299417</timestamp>
			</report>
			<report>
				<misses>11942001</misses>
				<total>29</total>
				<timestamp>3817.619063</timestamp>
			</report>
			<report>
				<misses>11943001</misses>
				<total>29</total>
				<timestamp>3817.938780</timestamp>
			</report>
			<report>
				<misses>11944001</misses>
				<total>29</total>
				<timestamp>3818.258397</timestamp>
			</report>
			<report>
				<misses>11945001</misses>
				<total>29</total>
				<timestamp>3818.578151</timestamp>
			</report>
			<report>
				<misses>11946001</misses>
				<total>28</total>
				<timestamp>3818.897947</timestamp>
			</report>
			<report>
				<misses>11947001</misses>
				<total>29</total>
				<timestamp>3819.217557</timestamp>
			</report>
			<report>
				<misses>11948001</misses>
				<total>29</total>
				<timestamp>3819.537143</timestamp>
			</report>
			<report>
				<misses>11949001</misses>
				<total>28</total>
				<timestamp>3819.856906</timestamp>
			</report>
			<report>
				<misses>11950001</misses>
				<total>29</total>
				<timestamp>3820.176577</timestamp>
			</report>
			<report>
				<misses>11951001</misses>
				<total>29</total>
				<timestamp>3820.496181</timestamp>
			</report>
			<report>
				<misses>11952001</misses>
				<total>29</total>
				<timestamp>3820.815940</timestamp>
			</report>
			<report>
				<misses>11953001</misses>
				<total>29</total>
				<timestamp>3821.135713</timestamp>
			</report>
			<report>
				<misses>11954001</misses>
				<total>29</total>
				<timestamp>3821.455236</timestamp>
			</report>
			<report>
				<misses>11955001</misses>
				<total>29</total>
				<timestamp>3821.774973</timestamp>
			</report>
			<report>
				<misses>11956001</misses>
				<total>29</total>
				<timestamp>3822.094639</timestamp>
			</report>
			<report>
				<misses>11957001</misses>
				<total>29</total>
				<timestamp>3822.414330</timestamp>
			</report>
			<report>
				<misses>11958001</misses>
				<total>29</total>
				<timestamp>3822.734014</timestamp>
			</report>
			<report>
				<misses>11959001</misses>
				<total>29</total>
				<timestamp>3823.053626</timestamp>
			</report>
			<report>
				<misses>11960001</misses>
				<total>29</total>
				<timestamp>3823.373332</timestamp>
			</report>
			<report>
				<misses>11961001</misses>
				<total>29</total>
				<timestamp>3823.693070</timestamp>
			</report>
			<report>
				<misses>11962001</misses>
				<total>29</total>
				<timestamp>3824.012714</timestamp>
			</report>
			<report>
				<misses>11963001</misses>
				<total>29</total>
				<timestamp>3824.332315</timestamp>
			</report>
			<report>
				<misses>11964001</misses>
				<total>29</total>
				<timestamp>3824.652079</timestamp>
			</report>
			<report>
				<misses>11965001</misses>
				<total>29</total>
				<timestamp>3824.971688</timestamp>
			</report>
			<report>
				<misses>11966001</misses>
				<total>29</total>
				<timestamp>3825.291391</timestamp>
			</report>
			<report>
				<misses>11967001</misses>
				<total>29</total>
				<timestamp>3825.611071</timestamp>
			</report>
			<report>
				<misses>11968001</misses>
				<total>29</total>
				<timestamp>3825.930723</timestamp>
			</report>
			<report>
				<misses>11969001</misses>
				<total>29</total>
				<timestamp>3826.250415</timestamp>
			</report>
			<report>
				<misses>11970001</misses>
				<total>28</total>
				<timestamp>3826.570190</timestamp>
			</report>
			<report>
				<misses>11971001</misses>
				<total>29</total>
				<timestamp>3826.889800</timestamp>
			</report>
			<report>
				<misses>11972001</misses>
				<total>29</total>
				<timestamp>3827.209442</timestamp>
			</report>
			<report>
				<misses>11973001</misses>
				<total>29</total>
				<timestamp>3827.529164</timestamp>
			</report>
			<report>
				<misses>11974001</misses>
				<total>29</total>
				<timestamp>3827.848808</timestamp>
			</report>
			<report>
				<misses>11975001</misses>
				<total>29</total>
				<timestamp>3828.168560</timestamp>
			</report>
			<report>
				<misses>11976001</misses>
				<total>30</total>
				<timestamp>3828.488225</timestamp>
			</report>
			<report>
				<misses>11977001</misses>
				<total>30</total>
				<timestamp>3828.807860</timestamp>
			</report>
			<report>
				<misses>11978001</misses>
				<total>30</total>
				<timestamp>3829.127584</timestamp>
			</report>
			<report>
				<misses>11979001</misses>
				<total>30</total>
				<timestamp>3829.447205</timestamp>
			</report>
			<report>
				<misses>11980001</misses>
				<total>30</total>
				<timestamp>3829.766932</timestamp>
			</report>
			<report>
				<misses>11981001</misses>
				<total>30</total>
				<timestamp>3830.086628</timestamp>
			</report>
			<report>
				<misses>11982001</misses>
				<total>30</total>
				<timestamp>3830.406305</timestamp>
			</report>
			<report>
				<misses>11983001</misses>
				<total>30</total>
				<timestamp>3830.726077</timestamp>
			</report>
			<report>
				<misses>11984001</misses>
				<total>30</total>
				<timestamp>3831.045659</timestamp>
			</report>
			<report>
				<misses>11985001</misses>
				<total>30</total>
				<timestamp>3831.365341</timestamp>
			</report>
			<report>
				<misses>11986001</misses>
				<total>30</total>
				<timestamp>3831.684975</timestamp>
			</report>
			<report>
				<misses>11987001</misses>
				<total>30</total>
				<timestamp>3832.004674</timestamp>
			</report>
			<report>
				<misses>11988001</misses>
				<total>30</total>
				<timestamp>3832.324426</timestamp>
			</report>
			<report>
				<misses>11989001</misses>
				<total>30</total>
				<timestamp>3832.644001</timestamp>
			</report>
			<report>
				<misses>11990001</misses>
				<total>30</total>
				<timestamp>3832.963853</timestamp>
			</report>
			<report>
				<misses>11991001</misses>
				<total>30</total>
				<timestamp>3833.283359</timestamp>
			</report>
			<report>
				<misses>11992001</misses>
				<total>30</total>
				<timestamp>3833.603056</timestamp>
			</report>
			<report>
				<misses>11993001</misses>
				<total>30</total>
				<timestamp>3833.922770</timestamp>
			</report>
			<report>
				<misses>11994001</misses>
				<total>30</total>
				<timestamp>3834.242430</timestamp>
			</report>
			<report>
				<misses>11995001</misses>
				<total>30</total>
				<timestamp>3834.562083</timestamp>
			</report>
			<report>
				<misses>11996001</misses>
				<total>30</total>
				<timestamp>3834.881794</timestamp>
			</report>
			<report>
				<misses>11997001</misses>
				<total>30</total>
				<timestamp>3835.201560</timestamp>
			</report>
			<report>
				<misses>11998001</misses>
				<total>30</total>
				<timestamp>3835.521115</timestamp>
			</report>
			<report>
				<misses>11999001</misses>
				<total>30</total>
				<timestamp>3835.840844</timestamp>
			</report>
			<report>
				<misses>12000001</misses>
				<total>30</total>
				<timestamp>3836.160540</timestamp>
			</report>
			<report>
				<misses>12001001</misses>
				<total>29</total>
				<timestamp>3836.480274</timestamp>
			</report>
			<report>
				<misses>12002001</misses>
				<total>30</total>
				<timestamp>3836.799856</timestamp>
			</report>
			<report>
				<misses>12003001</misses>
				<total>30</total>
				<timestamp>3837.119548</timestamp>
			</report>
			<report>
				<misses>12004001</misses>
				<total>30</total>
				<timestamp>3837.439238</timestamp>
			</report>
			<report>
				<misses>12005001</misses>
				<total>29</total>
				<timestamp>3837.759018</timestamp>
			</report>
			<report>
				<misses>12006001</misses>
				<total>30</total>
				<timestamp>3838.078615</timestamp>
			</report>
			<report>
				<misses>12007001</misses>
				<total>30</total>
				<timestamp>3838.398293</timestamp>
			</report>
			<report>
				<misses>12008001</misses>
				<total>30</total>
				<timestamp>3838.717932</timestamp>
			</report>
			<report>
				<misses>12009001</misses>
				<total>30</total>
				<timestamp>3839.037694</timestamp>
			</report>
			<report>
				<misses>12010001</misses>
				<total>30</total>
				<timestamp>3839.357270</timestamp>
			</report>
			<report>
				<misses>12011001</misses>
				<total>30</total>
				<timestamp>3839.677073</timestamp>
			</report>
			<report>
				<misses>12012001</misses>
				<total>30</total>
				<timestamp>3839.996672</timestamp>
			</report>
			<report>
				<misses>12013001</misses>
				<total>29</total>
				<timestamp>3840.316455</timestamp>
			</report>
			<report>
				<misses>12014001</misses>
				<total>30</total>
				<timestamp>3840.636072</timestamp>
			</report>
			<report>
				<misses>12015001</misses>
				<total>30</total>
				<timestamp>3840.955835</timestamp>
			</report>
			<report>
				<misses>12016001</misses>
				<total>30</total>
				<timestamp>3841.275391</timestamp>
			</report>
			<report>
				<misses>12017001</misses>
				<total>30</total>
				<timestamp>3841.595043</timestamp>
			</report>
			<report>
				<misses>12018001</misses>
				<total>30</total>
				<timestamp>3841.914830</timestamp>
			</report>
			<report>
				<misses>12019001</misses>
				<total>30</total>
				<timestamp>3842.234502</timestamp>
			</report>
			<report>
				<misses>12020001</misses>
				<total>30</total>
				<timestamp>3842.554107</timestamp>
			</report>
			<report>
				<misses>12021001</misses>
				<total>30</total>
				<timestamp>3842.873946</timestamp>
			</report>
			<report>
				<misses>12022001</misses>
				<total>30</total>
				<timestamp>3843.193594</timestamp>
			</report>
			<report>
				<misses>12023001</misses>
				<total>30</total>
				<timestamp>3843.513228</timestamp>
			</report>
			<report>
				<misses>12024001</misses>
				<total>30</total>
				<timestamp>3843.832821</timestamp>
			</report>
			<report>
				<misses>12025001</misses>
				<total>29</total>
				<timestamp>3844.152593</timestamp>
			</report>
			<report>
				<misses>12026001</misses>
				<total>30</total>
				<timestamp>3844.472188</timestamp>
			</report>
			<report>
				<misses>12027001</misses>
				<total>30</total>
				<timestamp>3844.791850</timestamp>
			</report>
			<report>
				<misses>12028001</misses>
				<total>30</total>
				<timestamp>3845.111557</timestamp>
			</report>
			<report>
				<misses>12029001</misses>
				<total>30</total>
				<timestamp>3845.431223</timestamp>
			</report>
			<report>
				<misses>12030001</misses>
				<total>30</total>
				<timestamp>3845.750967</timestamp>
			</report>
			<report>
				<misses>12031001</misses>
				<total>30</total>
				<timestamp>3846.070688</timestamp>
			</report>
			<report>
				<misses>12032001</misses>
				<total>30</total>
				<timestamp>3846.390305</timestamp>
			</report>
			<report>
				<misses>12033001</misses>
				<total>30</total>
				<timestamp>3846.709925</timestamp>
			</report>
			<report>
				<misses>12034001</misses>
				<total>30</total>
				<timestamp>3847.029631</timestamp>
			</report>
			<report>
				<misses>12035001</misses>
				<total>30</total>
				<timestamp>3847.349295</timestamp>
			</report>
			<report>
				<misses>12036001</misses>
				<total>30</total>
				<timestamp>3847.669016</timestamp>
			</report>
			<report>
				<misses>12037001</misses>
				<total>30</total>
				<timestamp>3847.988816</timestamp>
			</report>
			<report>
				<misses>12038001</misses>
				<total>30</total>
				<timestamp>3848.308378</timestamp>
			</report>
			<report>
				<misses>12039001</misses>
				<total>30</total>
				<timestamp>3848.628033</timestamp>
			</report>
			<report>
				<misses>12040001</misses>
				<total>30</total>
				<timestamp>3848.947692</timestamp>
			</report>
			<report>
				<misses>12041001</misses>
				<total>29</total>
				<timestamp>3849.267461</timestamp>
			</report>
			<report>
				<misses>12042001</misses>
				<total>30</total>
				<timestamp>3849.587041</timestamp>
			</report>
			<report>
				<misses>12043001</misses>
				<total>30</total>
				<timestamp>3849.906822</timestamp>
			</report>
			<report>
				<misses>12044001</misses>
				<total>30</total>
				<timestamp>3850.226438</timestamp>
			</report>
			<report>
				<misses>12045001</misses>
				<total>30</total>
				<timestamp>3850.546174</timestamp>
			</report>
			<report>
				<misses>12046001</misses>
				<total>30</total>
				<timestamp>3850.865844</timestamp>
			</report>
			<report>
				<misses>12047001</misses>
				<total>30</total>
				<timestamp>3851.185582</timestamp>
			</report>
			<report>
				<misses>12048001</misses>
				<total>30</total>
				<timestamp>3851.505138</timestamp>
			</report>
			<report>
				<misses>12049001</misses>
				<total>30</total>
				<timestamp>3851.824858</timestamp>
			</report>
			<report>
				<misses>12050001</misses>
				<total>30</total>
				<timestamp>3852.144544</timestamp>
			</report>
			<report>
				<misses>12051001</misses>
				<total>30</total>
				<timestamp>3852.464202</timestamp>
			</report>
			<report>
				<misses>12052001</misses>
				<total>30</total>
				<timestamp>3852.783991</timestamp>
			</report>
			<report>
				<misses>12053001</misses>
				<total>30</total>
				<timestamp>3853.103579</timestamp>
			</report>
			<report>
				<misses>12054001</misses>
				<total>30</total>
				<timestamp>3853.423266</timestamp>
			</report>
			<report>
				<misses>12055001</misses>
				<total>30</total>
				<timestamp>3853.742942</timestamp>
			</report>
			<report>
				<misses>12056001</misses>
				<total>30</total>
				<timestamp>3854.062688</timestamp>
			</report>
			<report>
				<misses>12057001</misses>
				<total>30</total>
				<timestamp>3854.382276</timestamp>
			</report>
			<report>
				<misses>12058001</misses>
				<total>30</total>
				<timestamp>3854.702089</timestamp>
			</report>
			<report>
				<misses>12059001</misses>
				<total>30</total>
				<timestamp>3855.021726</timestamp>
			</report>
			<report>
				<misses>12060001</misses>
				<total>30</total>
				<timestamp>3855.341339</timestamp>
			</report>
			<report>
				<misses>12061001</misses>
				<total>30</total>
				<timestamp>3855.661012</timestamp>
			</report>
			<report>
				<misses>12062001</misses>
				<total>30</total>
				<timestamp>3855.980773</timestamp>
			</report>
			<report>
				<misses>12063001</misses>
				<total>30</total>
				<timestamp>3856.300368</timestamp>
			</report>
			<report>
				<misses>12064001</misses>
				<total>30</total>
				<timestamp>3856.620090</timestamp>
			</report>
			<report>
				<misses>12065001</misses>
				<total>30</total>
				<timestamp>3856.939712</timestamp>
			</report>
			<report>
				<misses>12066001</misses>
				<total>30</total>
				<timestamp>3857.259495</timestamp>
			</report>
			<report>
				<misses>12067001</misses>
				<total>29</total>
				<timestamp>3857.579172</timestamp>
			</report>
			<report>
				<misses>12068001</misses>
				<total>30</total>
				<timestamp>3857.898734</timestamp>
			</report>
			<report>
				<misses>12069001</misses>
				<total>30</total>
				<timestamp>3858.218432</timestamp>
			</report>
			<report>
				<misses>12070001</misses>
				<total>30</total>
				<timestamp>3858.538077</timestamp>
			</report>
			<report>
				<misses>12071001</misses>
				<total>30</total>
				<timestamp>3858.857907</timestamp>
			</report>
			<report>
				<misses>12072001</misses>
				<total>30</total>
				<timestamp>3859.177474</timestamp>
			</report>
			<report>
				<misses>12073001</misses>
				<total>30</total>
				<timestamp>3859.497132</timestamp>
			</report>
			<report>
				<misses>12074001</misses>
				<total>29</total>
				<timestamp>3859.816895</timestamp>
			</report>
			<report>
				<misses>12075001</misses>
				<total>30</total>
				<timestamp>3860.136601</timestamp>
			</report>
			<report>
				<misses>12076001</misses>
				<total>30</total>
				<timestamp>3860.456154</timestamp>
			</report>
			<report>
				<misses>12077001</misses>
				<total>29</total>
				<timestamp>3860.775956</timestamp>
			</report>
			<report>
				<misses>12078001</misses>
				<total>30</total>
				<timestamp>3861.095583</timestamp>
			</report>
			<report>
				<misses>12079001</misses>
				<total>30</total>
				<timestamp>3861.415218</timestamp>
			</report>
			<report>
				<misses>12080001</misses>
				<total>29</total>
				<timestamp>3861.734981</timestamp>
			</report>
			<report>
				<misses>12081001</misses>
				<total>30</total>
				<timestamp>3862.054583</timestamp>
			</report>
			<report>
				<misses>12082001</misses>
				<total>30</total>
				<timestamp>3862.374322</timestamp>
			</report>
			<report>
				<misses>12083001</misses>
				<total>30</total>
				<timestamp>3862.693928</timestamp>
			</report>
			<report>
				<misses>12084001</misses>
				<total>30</total>
				<timestamp>3863.013719</timestamp>
			</report>
			<report>
				<misses>12085001</misses>
				<total>30</total>
				<timestamp>3863.333350</timestamp>
			</report>
			<report>
				<misses>12086001</misses>
				<total>30</total>
				<timestamp>3863.652984</timestamp>
			</report>
			<report>
				<misses>12087001</misses>
				<total>29</total>
				<timestamp>3863.972744</timestamp>
			</report>
			<report>
				<misses>12088001</misses>
				<total>29</total>
				<timestamp>3864.292431</timestamp>
			</report>
			<report>
				<misses>12089001</misses>
				<total>30</total>
				<timestamp>3864.612058</timestamp>
			</report>
			<report>
				<misses>12090001</misses>
				<total>30</total>
				<timestamp>3864.931821</timestamp>
			</report>
			<report>
				<misses>12091001</misses>
				<total>30</total>
				<timestamp>3865.251400</timestamp>
			</report>
			<report>
				<misses>12092001</misses>
				<total>30</total>
				<timestamp>3865.571044</timestamp>
			</report>
			<report>
				<misses>12093001</misses>
				<total>30</total>
				<timestamp>3865.890801</timestamp>
			</report>
			<report>
				<misses>12094001</misses>
				<total>30</total>
				<timestamp>3866.210419</timestamp>
			</report>
			<report>
				<misses>12095001</misses>
				<total>30</total>
				<timestamp>3866.530067</timestamp>
			</report>
			<report>
				<misses>12096001</misses>
				<total>30</total>
				<timestamp>3866.849779</timestamp>
			</report>
			<report>
				<misses>12097001</misses>
				<total>30</total>
				<timestamp>3867.169582</timestamp>
			</report>
			<report>
				<misses>12098001</misses>
				<total>30</total>
				<timestamp>3867.489131</timestamp>
			</report>
			<report>
				<misses>12099001</misses>
				<total>30</total>
				<timestamp>3867.808875</timestamp>
			</report>
			<report>
				<misses>12100001</misses>
				<total>30</total>
				<timestamp>3868.128543</timestamp>
			</report>
			<report>
				<misses>12101001</misses>
				<total>30</total>
				<timestamp>3868.448193</timestamp>
			</report>
			<report>
				<misses>12102001</misses>
				<total>30</total>
				<timestamp>3868.767878</timestamp>
			</report>
			<report>
				<misses>12103001</misses>
				<total>30</total>
				<timestamp>3869.087598</timestamp>
			</report>
			<report>
				<misses>12104001</misses>
				<total>30</total>
				<timestamp>3869.407396</timestamp>
			</report>
			<report>
				<misses>12105001</misses>
				<total>30</total>
				<timestamp>3869.726916</timestamp>
			</report>
			<report>
				<misses>12106001</misses>
				<total>30</total>
				<timestamp>3870.046691</timestamp>
			</report>
			<report>
				<misses>12107001</misses>
				<total>30</total>
				<timestamp>3870.366277</timestamp>
			</report>
			<report>
				<misses>12108001</misses>
				<total>30</total>
				<timestamp>3870.685973</timestamp>
			</report>
			<report>
				<misses>12109001</misses>
				<total>30</total>
				<timestamp>3871.005635</timestamp>
			</report>
			<report>
				<misses>12110001</misses>
				<total>30</total>
				<timestamp>3871.325333</timestamp>
			</report>
			<report>
				<misses>12111001</misses>
				<total>30</total>
				<timestamp>3871.644985</timestamp>
			</report>
			<report>
				<misses>12112001</misses>
				<total>30</total>
				<timestamp>3871.964709</timestamp>
			</report>
			<report>
				<misses>12113001</misses>
				<total>30</total>
				<timestamp>3872.284356</timestamp>
			</report>
			<report>
				<misses>12114001</misses>
				<total>30</total>
				<timestamp>3872.604110</timestamp>
			</report>
			<report>
				<misses>12115001</misses>
				<total>30</total>
				<timestamp>3872.923829</timestamp>
			</report>
			<report>
				<misses>12116001</misses>
				<total>29</total>
				<timestamp>3873.243501</timestamp>
			</report>
			<report>
				<misses>12117001</misses>
				<total>30</total>
				<timestamp>3873.563127</timestamp>
			</report>
			<report>
				<misses>12118001</misses>
				<total>30</total>
				<timestamp>3873.882821</timestamp>
			</report>
			<report>
				<misses>12119001</misses>
				<total>30</total>
				<timestamp>3874.202401</timestamp>
			</report>
			<report>
				<misses>12120001</misses>
				<total>29</total>
				<timestamp>3874.522241</timestamp>
			</report>
			<report>
				<misses>12121001</misses>
				<total>29</total>
				<timestamp>3874.842015</timestamp>
			</report>
			<report>
				<misses>12122001</misses>
				<total>30</total>
				<timestamp>3875.161531</timestamp>
			</report>
			<report>
				<misses>12123001</misses>
				<total>30</total>
				<timestamp>3875.481149</timestamp>
			</report>
			<report>
				<misses>12124001</misses>
				<total>30</total>
				<timestamp>3875.800813</timestamp>
			</report>
			<report>
				<misses>12125001</misses>
				<total>30</total>
				<timestamp>3876.120595</timestamp>
			</report>
			<report>
				<misses>12126001</misses>
				<total>30</total>
				<timestamp>3876.440264</timestamp>
			</report>
			<report>
				<misses>12127001</misses>
				<total>30</total>
				<timestamp>3876.759881</timestamp>
			</report>
			<report>
				<misses>12128001</misses>
				<total>30</total>
				<timestamp>3877.079602</timestamp>
			</report>
			<report>
				<misses>12129001</misses>
				<total>30</total>
				<timestamp>3877.399249</timestamp>
			</report>
			<report>
				<misses>12130001</misses>
				<total>29</total>
				<timestamp>3877.719015</timestamp>
			</report>
			<report>
				<misses>12131001</misses>
				<total>30</total>
				<timestamp>3878.038776</timestamp>
			</report>
			<report>
				<misses>12132001</misses>
				<total>30</total>
				<timestamp>3878.358378</timestamp>
			</report>
			<report>
				<misses>12133001</misses>
				<total>30</total>
				<timestamp>3878.677933</timestamp>
			</report>
			<report>
				<misses>12134001</misses>
				<total>30</total>
				<timestamp>3878.997703</timestamp>
			</report>
			<report>
				<misses>12135001</misses>
				<total>29</total>
				<timestamp>3879.317393</timestamp>
			</report>
			<report>
				<misses>12136001</misses>
				<total>30</total>
				<timestamp>3879.637080</timestamp>
			</report>
			<report>
				<misses>12137001</misses>
				<total>29</total>
				<timestamp>3879.956840</timestamp>
			</report>
			<report>
				<misses>12138001</misses>
				<total>30</total>
				<timestamp>3880.276346</timestamp>
			</report>
			<report>
				<misses>12139001</misses>
				<total>30</total>
				<timestamp>3880.596013</timestamp>
			</report>
			<report>
				<misses>12140001</misses>
				<total>30</total>
				<timestamp>3880.915727</timestamp>
			</report>
			<report>
				<misses>12141001</misses>
				<total>30</total>
				<timestamp>3881.235427</timestamp>
			</report>
			<report>
				<misses>12142001</misses>
				<total>30</total>
				<timestamp>3881.555133</timestamp>
			</report>
			<report>
				<misses>12143001</misses>
				<total>30</total>
				<timestamp>3881.874828</timestamp>
			</report>
			<report>
				<misses>12144001</misses>
				<total>30</total>
				<timestamp>3882.194503</timestamp>
			</report>
			<report>
				<misses>12145001</misses>
				<total>30</total>
				<timestamp>3882.514203</timestamp>
			</report>
			<report>
				<misses>12146001</misses>
				<total>30</total>
				<timestamp>3882.833777</timestamp>
			</report>
			<report>
				<misses>12147001</misses>
				<total>30</total>
				<timestamp>3883.153449</timestamp>
			</report>
			<report>
				<misses>12148001</misses>
				<total>30</total>
				<timestamp>3883.473157</timestamp>
			</report>
			<report>
				<misses>12149001</misses>
				<total>29</total>
				<timestamp>3883.792909</timestamp>
			</report>
			<report>
				<misses>12150001</misses>
				<total>30</total>
				<timestamp>3884.112577</timestamp>
			</report>
			<report>
				<misses>12151001</misses>
				<total>30</total>
				<timestamp>3884.432221</timestamp>
			</report>
			<report>
				<misses>12152001</misses>
				<total>30</total>
				<timestamp>3884.751951</timestamp>
			</report>
			<report>
				<misses>12153001</misses>
				<total>30</total>
				<timestamp>3885.071567</timestamp>
			</report>
			<report>
				<misses>12154001</misses>
				<total>30</total>
				<timestamp>3885.391205</timestamp>
			</report>
			<report>
				<misses>12155001</misses>
				<total>30</total>
				<timestamp>3885.710935</timestamp>
			</report>
			<report>
				<misses>12156001</misses>
				<total>30</total>
				<timestamp>3886.030636</timestamp>
			</report>
			<report>
				<misses>12157001</misses>
				<total>30</total>
				<timestamp>3886.350305</timestamp>
			</report>
			<report>
				<misses>12158001</misses>
				<total>30</total>
				<timestamp>3886.669949</timestamp>
			</report>
			<report>
				<misses>12159001</misses>
				<total>30</total>
				<timestamp>3886.989618</timestamp>
			</report>
			<report>
				<misses>12160001</misses>
				<total>30</total>
				<timestamp>3887.309287</timestamp>
			</report>
			<report>
				<misses>12161001</misses>
				<total>30</total>
				<timestamp>3887.629002</timestamp>
			</report>
			<report>
				<misses>12162001</misses>
				<total>30</total>
				<timestamp>3887.948658</timestamp>
			</report>
			<report>
				<misses>12163001</misses>
				<total>30</total>
				<timestamp>3888.268344</timestamp>
			</report>
			<report>
				<misses>12164001</misses>
				<total>30</total>
				<timestamp>3888.588028</timestamp>
			</report>
			<report>
				<misses>12165001</misses>
				<total>30</total>
				<timestamp>3888.907695</timestamp>
			</report>
			<report>
				<misses>12166001</misses>
				<total>30</total>
				<timestamp>3889.227514</timestamp>
			</report>
			<report>
				<misses>12167001</misses>
				<total>30</total>
				<timestamp>3889.547168</timestamp>
			</report>
			<report>
				<misses>12168001</misses>
				<total>30</total>
				<timestamp>3889.866784</timestamp>
			</report>
			<report>
				<misses>12169001</misses>
				<total>30</total>
				<timestamp>3890.186408</timestamp>
			</report>
			<report>
				<misses>12170001</misses>
				<total>30</total>
				<timestamp>3890.506135</timestamp>
			</report>
			<report>
				<misses>12171001</misses>
				<total>30</total>
				<timestamp>3890.825840</timestamp>
			</report>
			<report>
				<misses>12172001</misses>
				<total>30</total>
				<timestamp>3891.145456</timestamp>
			</report>
			<report>
				<misses>12173001</misses>
				<total>30</total>
				<timestamp>3891.465154</timestamp>
			</report>
			<report>
				<misses>12174001</misses>
				<total>30</total>
				<timestamp>3891.784879</timestamp>
			</report>
			<report>
				<misses>12175001</misses>
				<total>30</total>
				<timestamp>3892.104488</timestamp>
			</report>
			<report>
				<misses>12176001</misses>
				<total>30</total>
				<timestamp>3892.424173</timestamp>
			</report>
			<report>
				<misses>12177001</misses>
				<total>29</total>
				<timestamp>3892.743966</timestamp>
			</report>
			<report>
				<misses>12178001</misses>
				<total>30</total>
				<timestamp>3893.063562</timestamp>
			</report>
			<report>
				<misses>12179001</misses>
				<total>30</total>
				<timestamp>3893.383263</timestamp>
			</report>
			<report>
				<misses>12180001</misses>
				<total>30</total>
				<timestamp>3893.703051</timestamp>
			</report>
			<report>
				<misses>12181001</misses>
				<total>30</total>
				<timestamp>3894.022646</timestamp>
			</report>
			<report>
				<misses>12182001</misses>
				<total>30</total>
				<timestamp>3894.342247</timestamp>
			</report>
			<report>
				<misses>12183001</misses>
				<total>30</total>
				<timestamp>3894.661978</timestamp>
			</report>
			<report>
				<misses>12184001</misses>
				<total>30</total>
				<timestamp>3894.981672</timestamp>
			</report>
			<report>
				<misses>12185001</misses>
				<total>30</total>
				<timestamp>3895.301359</timestamp>
			</report>
			<report>
				<misses>12186001</misses>
				<total>30</total>
				<timestamp>3895.621032</timestamp>
			</report>
			<report>
				<misses>12187001</misses>
				<total>30</total>
				<timestamp>3895.940667</timestamp>
			</report>
			<report>
				<misses>12188001</misses>
				<total>30</total>
				<timestamp>3896.260387</timestamp>
			</report>
			<report>
				<misses>12189001</misses>
				<total>30</total>
				<timestamp>3896.580074</timestamp>
			</report>
			<report>
				<misses>12190001</misses>
				<total>30</total>
				<timestamp>3896.899714</timestamp>
			</report>
			<report>
				<misses>12191001</misses>
				<total>30</total>
				<timestamp>3897.219422</timestamp>
			</report>
			<report>
				<misses>12192001</misses>
				<total>30</total>
				<timestamp>3897.539174</timestamp>
			</report>
			<report>
				<misses>12193001</misses>
				<total>30</total>
				<timestamp>3897.858814</timestamp>
			</report>
			<report>
				<misses>12194001</misses>
				<total>30</total>
				<timestamp>3898.178492</timestamp>
			</report>
			<report>
				<misses>12195001</misses>
				<total>30</total>
				<timestamp>3898.498094</timestamp>
			</report>
			<report>
				<misses>12196001</misses>
				<total>30</total>
				<timestamp>3898.817830</timestamp>
			</report>
			<report>
				<misses>12197001</misses>
				<total>30</total>
				<timestamp>3899.137501</timestamp>
			</report>
			<report>
				<misses>12198001</misses>
				<total>30</total>
				<timestamp>3899.457136</timestamp>
			</report>
			<report>
				<misses>12199001</misses>
				<total>30</total>
				<timestamp>3899.776945</timestamp>
			</report>
			<report>
				<misses>12200001</misses>
				<total>30</total>
				<timestamp>3900.096488</timestamp>
			</report>
			<report>
				<misses>12201001</misses>
				<total>30</total>
				<timestamp>3900.416206</timestamp>
			</report>
			<report>
				<misses>12202001</misses>
				<total>30</total>
				<timestamp>3900.735966</timestamp>
			</report>
			<report>
				<misses>12203001</misses>
				<total>30</total>
				<timestamp>3901.055698</timestamp>
			</report>
			<report>
				<misses>12204001</misses>
				<total>30</total>
				<timestamp>3901.375253</timestamp>
			</report>
			<report>
				<misses>12205001</misses>
				<total>30</total>
				<timestamp>3901.694902</timestamp>
			</report>
			<report>
				<misses>12206001</misses>
				<total>30</total>
				<timestamp>3902.014619</timestamp>
			</report>
			<report>
				<misses>12207001</misses>
				<total>30</total>
				<timestamp>3902.334293</timestamp>
			</report>
			<report>
				<misses>12208001</misses>
				<total>30</total>
				<timestamp>3902.653949</timestamp>
			</report>
			<report>
				<misses>12209001</misses>
				<total>30</total>
				<timestamp>3902.973654</timestamp>
			</report>
			<report>
				<misses>12210001</misses>
				<total>30</total>
				<timestamp>3903.293329</timestamp>
			</report>
			<report>
				<misses>12211001</misses>
				<total>30</total>
				<timestamp>3903.613060</timestamp>
			</report>
			<report>
				<misses>12212001</misses>
				<total>30</total>
				<timestamp>3903.932823</timestamp>
			</report>
			<report>
				<misses>12213001</misses>
				<total>30</total>
				<timestamp>3904.252348</timestamp>
			</report>
			<report>
				<misses>12214001</misses>
				<total>30</total>
				<timestamp>3904.572029</timestamp>
			</report>
			<report>
				<misses>12215001</misses>
				<total>30</total>
				<timestamp>3904.891830</timestamp>
			</report>
			<report>
				<misses>12216001</misses>
				<total>30</total>
				<timestamp>3905.211381</timestamp>
			</report>
			<report>
				<misses>12217001</misses>
				<total>30</total>
				<timestamp>3905.531190</timestamp>
			</report>
			<report>
				<misses>12218001</misses>
				<total>30</total>
				<timestamp>3905.850776</timestamp>
			</report>
			<report>
				<misses>12219001</misses>
				<total>29</total>
				<timestamp>3906.170524</timestamp>
			</report>
			<report>
				<misses>12220001</misses>
				<total>30</total>
				<timestamp>3906.490109</timestamp>
			</report>
			<report>
				<misses>12221001</misses>
				<total>30</total>
				<timestamp>3906.809868</timestamp>
			</report>
			<report>
				<misses>12222001</misses>
				<total>29</total>
				<timestamp>3907.129561</timestamp>
			</report>
			<report>
				<misses>12223001</misses>
				<total>30</total>
				<timestamp>3907.449173</timestamp>
			</report>
			<report>
				<misses>12224001</misses>
				<total>30</total>
				<timestamp>3907.768872</timestamp>
			</report>
			<report>
				<misses>12225001</misses>
				<total>30</total>
				<timestamp>3908.088568</timestamp>
			</report>
			<report>
				<misses>12226001</misses>
				<total>30</total>
				<timestamp>3908.408314</timestamp>
			</report>
			<report>
				<misses>12227001</misses>
				<total>30</total>
				<timestamp>3908.727948</timestamp>
			</report>
			<report>
				<misses>12228001</misses>
				<total>29</total>
				<timestamp>3909.047710</timestamp>
			</report>
			<report>
				<misses>12229001</misses>
				<total>30</total>
				<timestamp>3909.367243</timestamp>
			</report>
			<report>
				<misses>12230001</misses>
				<total>30</total>
				<timestamp>3909.687016</timestamp>
			</report>
			<report>
				<misses>12231001</misses>
				<total>30</total>
				<timestamp>3910.006658</timestamp>
			</report>
			<report>
				<misses>12232001</misses>
				<total>30</total>
				<timestamp>3910.326293</timestamp>
			</report>
			<report>
				<misses>12233001</misses>
				<total>30</total>
				<timestamp>3910.645981</timestamp>
			</report>
			<report>
				<misses>12234001</misses>
				<total>30</total>
				<timestamp>3910.965614</timestamp>
			</report>
			<report>
				<misses>12235001</misses>
				<total>30</total>
				<timestamp>3911.285288</timestamp>
			</report>
			<report>
				<misses>12236001</misses>
				<total>30</total>
				<timestamp>3911.605085</timestamp>
			</report>
			<report>
				<misses>12237001</misses>
				<total>30</total>
				<timestamp>3911.924675</timestamp>
			</report>
			<report>
				<misses>12238001</misses>
				<total>30</total>
				<timestamp>3912.244466</timestamp>
			</report>
			<report>
				<misses>12239001</misses>
				<total>29</total>
				<timestamp>3912.564140</timestamp>
			</report>
			<report>
				<misses>12240001</misses>
				<total>30</total>
				<timestamp>3912.883693</timestamp>
			</report>
			<report>
				<misses>12241001</misses>
				<total>30</total>
				<timestamp>3913.203408</timestamp>
			</report>
			<report>
				<misses>12242001</misses>
				<total>30</total>
				<timestamp>3913.523074</timestamp>
			</report>
			<report>
				<misses>12243001</misses>
				<total>30</total>
				<timestamp>3913.842801</timestamp>
			</report>
			<report>
				<misses>12244001</misses>
				<total>30</total>
				<timestamp>3914.162401</timestamp>
			</report>
			<report>
				<misses>12245001</misses>
				<total>30</total>
				<timestamp>3914.482149</timestamp>
			</report>
			<report>
				<misses>12246001</misses>
				<total>30</total>
				<timestamp>3914.801861</timestamp>
			</report>
			<report>
				<misses>12247001</misses>
				<total>30</total>
				<timestamp>3915.121447</timestamp>
			</report>
			<report>
				<misses>12248001</misses>
				<total>30</total>
				<timestamp>3915.441129</timestamp>
			</report>
			<report>
				<misses>12249001</misses>
				<total>30</total>
				<timestamp>3915.760840</timestamp>
			</report>
			<report>
				<misses>12250001</misses>
				<total>30</total>
				<timestamp>3916.080515</timestamp>
			</report>
			<report>
				<misses>12251001</misses>
				<total>30</total>
				<timestamp>3916.400209</timestamp>
			</report>
			<report>
				<misses>12252001</misses>
				<total>30</total>
				<timestamp>3916.719948</timestamp>
			</report>
			<report>
				<misses>12253001</misses>
				<total>30</total>
				<timestamp>3917.039557</timestamp>
			</report>
			<report>
				<misses>12254001</misses>
				<total>30</total>
				<timestamp>3917.359248</timestamp>
			</report>
			<report>
				<misses>12255001</misses>
				<total>30</total>
				<timestamp>3917.679064</timestamp>
			</report>
			<report>
				<misses>12256001</misses>
				<total>30</total>
				<timestamp>3917.998598</timestamp>
			</report>
			<report>
				<misses>12257001</misses>
				<total>30</total>
				<timestamp>3918.318320</timestamp>
			</report>
			<report>
				<misses>12258001</misses>
				<total>30</total>
				<timestamp>3918.637968</timestamp>
			</report>
			<report>
				<misses>12259001</misses>
				<total>29</total>
				<timestamp>3918.957827</timestamp>
			</report>
			<report>
				<misses>12260001</misses>
				<total>30</total>
				<timestamp>3919.277369</timestamp>
			</report>
			<report>
				<misses>12261001</misses>
				<total>29</total>
				<timestamp>3919.597133</timestamp>
			</report>
			<report>
				<misses>12262001</misses>
				<total>30</total>
				<timestamp>3919.916748</timestamp>
			</report>
			<report>
				<misses>12263001</misses>
				<total>30</total>
				<timestamp>3920.236338</timestamp>
			</report>
			<report>
				<misses>12264001</misses>
				<total>30</total>
				<timestamp>3920.556023</timestamp>
			</report>
			<report>
				<misses>12265001</misses>
				<total>30</total>
				<timestamp>3920.875841</timestamp>
			</report>
			<report>
				<misses>12266001</misses>
				<total>30</total>
				<timestamp>3921.195379</timestamp>
			</report>
			<report>
				<misses>12267001</misses>
				<total>30</total>
				<timestamp>3921.515156</timestamp>
			</report>
			<report>
				<misses>12268001</misses>
				<total>30</total>
				<timestamp>3921.834837</timestamp>
			</report>
			<report>
				<misses>12269001</misses>
				<total>30</total>
				<timestamp>3922.154444</timestamp>
			</report>
			<report>
				<misses>12270001</misses>
				<total>30</total>
				<timestamp>3922.474102</timestamp>
			</report>
			<report>
				<misses>12271001</misses>
				<total>29</total>
				<timestamp>3922.793925</timestamp>
			</report>
			<report>
				<misses>12272001</misses>
				<total>29</total>
				<timestamp>3923.113564</timestamp>
			</report>
			<report>
				<misses>12273001</misses>
				<total>30</total>
				<timestamp>3923.433126</timestamp>
			</report>
			<report>
				<misses>12274001</misses>
				<total>29</total>
				<timestamp>3923.752973</timestamp>
			</report>
			<report>
				<misses>12275001</misses>
				<total>30</total>
				<timestamp>3924.072492</timestamp>
			</report>
			<report>
				<misses>12276001</misses>
				<total>29</total>
				<timestamp>3924.392305</timestamp>
			</report>
			<report>
				<misses>12277001</misses>
				<total>30</total>
				<timestamp>3924.712036</timestamp>
			</report>
			<report>
				<misses>12278001</misses>
				<total>30</total>
				<timestamp>3925.031531</timestamp>
			</report>
			<report>
				<misses>12279001</misses>
				<total>30</total>
				<timestamp>3925.351265</timestamp>
			</report>
			<report>
				<misses>12280001</misses>
				<total>30</total>
				<timestamp>3925.670968</timestamp>
			</report>
			<report>
				<misses>12281001</misses>
				<total>30</total>
				<timestamp>3925.990746</timestamp>
			</report>
			<report>
				<misses>12282001</misses>
				<total>30</total>
				<timestamp>3926.310308</timestamp>
			</report>
			<report>
				<misses>12283001</misses>
				<total>29</total>
				<timestamp>3926.630048</timestamp>
			</report>
			<report>
				<misses>12284001</misses>
				<total>30</total>
				<timestamp>3926.949659</timestamp>
			</report>
			<report>
				<misses>12285001</misses>
				<total>30</total>
				<timestamp>3927.269356</timestamp>
			</report>
			<report>
				<misses>12286001</misses>
				<total>30</total>
				<timestamp>3927.589008</timestamp>
			</report>
			<report>
				<misses>12287001</misses>
				<total>29</total>
				<timestamp>3927.908834</timestamp>
			</report>
			<report>
				<misses>12288001</misses>
				<total>29</total>
				<timestamp>3928.228436</timestamp>
			</report>
			<report>
				<misses>12289001</misses>
				<total>30</total>
				<timestamp>3928.548083</timestamp>
			</report>
			<report>
				<misses>12290001</misses>
				<total>30</total>
				<timestamp>3928.867722</timestamp>
			</report>
			<report>
				<misses>12291001</misses>
				<total>30</total>
				<timestamp>3929.187381</timestamp>
			</report>
			<report>
				<misses>12292001</misses>
				<total>30</total>
				<timestamp>3929.507077</timestamp>
			</report>
			<report>
				<misses>12293001</misses>
				<total>30</total>
				<timestamp>3929.826830</timestamp>
			</report>
			<report>
				<misses>12294001</misses>
				<total>30</total>
				<timestamp>3930.146450</timestamp>
			</report>
			<report>
				<misses>12295001</misses>
				<total>30</total>
				<timestamp>3930.466110</timestamp>
			</report>
			<report>
				<misses>12296001</misses>
				<total>30</total>
				<timestamp>3930.785784</timestamp>
			</report>
			<report>
				<misses>12297001</misses>
				<total>30</total>
				<timestamp>3931.105442</timestamp>
			</report>
			<report>
				<misses>12298001</misses>
				<total>30</total>
				<timestamp>3931.425165</timestamp>
			</report>
			<report>
				<misses>12299001</misses>
				<total>30</total>
				<timestamp>3931.744950</timestamp>
			</report>
			<report>
				<misses>12300001</misses>
				<total>30</total>
				<timestamp>3932.064482</timestamp>
			</report>
			<report>
				<misses>12301001</misses>
				<total>30</total>
				<timestamp>3932.384216</timestamp>
			</report>
			<report>
				<misses>12302001</misses>
				<total>30</total>
				<timestamp>3932.703910</timestamp>
			</report>
			<report>
				<misses>12303001</misses>
				<total>30</total>
				<timestamp>3933.023573</timestamp>
			</report>
			<report>
				<misses>12304001</misses>
				<total>30</total>
				<timestamp>3933.343260</timestamp>
			</report>
			<report>
				<misses>12305001</misses>
				<total>30</total>
				<timestamp>3933.662928</timestamp>
			</report>
			<report>
				<misses>12306001</misses>
				<total>30</total>
				<timestamp>3933.982682</timestamp>
			</report>
			<report>
				<misses>12307001</misses>
				<total>30</total>
				<timestamp>3934.302287</timestamp>
			</report>
			<report>
				<misses>12308001</misses>
				<total>30</total>
				<timestamp>3934.622000</timestamp>
			</report>
			<report>
				<misses>12309001</misses>
				<total>30</total>
				<timestamp>3934.941684</timestamp>
			</report>
			<report>
				<misses>12310001</misses>
				<total>30</total>
				<timestamp>3935.261357</timestamp>
			</report>
			<report>
				<misses>12311001</misses>
				<total>30</total>
				<timestamp>3935.581012</timestamp>
			</report>
			<report>
				<misses>12312001</misses>
				<total>30</total>
				<timestamp>3935.900703</timestamp>
			</report>
			<report>
				<misses>12313001</misses>
				<total>30</total>
				<timestamp>3936.220377</timestamp>
			</report>
			<report>
				<misses>12314001</misses>
				<total>30</total>
				<timestamp>3936.540011</timestamp>
			</report>
			<report>
				<misses>12315001</misses>
				<total>30</total>
				<timestamp>3936.859856</timestamp>
			</report>
			<report>
				<misses>12316001</misses>
				<total>30</total>
				<timestamp>3937.179366</timestamp>
			</report>
			<report>
				<misses>12317001</misses>
				<total>30</total>
				<timestamp>3937.499116</timestamp>
			</report>
			<report>
				<misses>12318001</misses>
				<total>30</total>
				<timestamp>3937.818753</timestamp>
			</report>
			<report>
				<misses>12319001</misses>
				<total>30</total>
				<timestamp>3938.138395</timestamp>
			</report>
			<report>
				<misses>12320001</misses>
				<total>30</total>
				<timestamp>3938.458127</timestamp>
			</report>
			<report>
				<misses>12321001</misses>
				<total>30</total>
				<timestamp>3938.777848</timestamp>
			</report>
			<report>
				<misses>12322001</misses>
				<total>30</total>
				<timestamp>3939.097469</timestamp>
			</report>
			<report>
				<misses>12323001</misses>
				<total>29</total>
				<timestamp>3939.417251</timestamp>
			</report>
			<report>
				<misses>12324001</misses>
				<total>30</total>
				<timestamp>3939.736957</timestamp>
			</report>
			<report>
				<misses>12325001</misses>
				<total>30</total>
				<timestamp>3940.056485</timestamp>
			</report>
			<report>
				<misses>12326001</misses>
				<total>30</total>
				<timestamp>3940.376225</timestamp>
			</report>
			<report>
				<misses>12327001</misses>
				<total>30</total>
				<timestamp>3940.695851</timestamp>
			</report>
			<report>
				<misses>12328001</misses>
				<total>30</total>
				<timestamp>3941.015535</timestamp>
			</report>
			<report>
				<misses>12329001</misses>
				<total>30</total>
				<timestamp>3941.335254</timestamp>
			</report>
			<report>
				<misses>12330001</misses>
				<total>30</total>
				<timestamp>3941.654958</timestamp>
			</report>
			<report>
				<misses>12331001</misses>
				<total>30</total>
				<timestamp>3941.974719</timestamp>
			</report>
			<report>
				<misses>12332001</misses>
				<total>30</total>
				<timestamp>3942.294243</timestamp>
			</report>
			<report>
				<misses>12333001</misses>
				<total>30</total>
				<timestamp>3942.613957</timestamp>
			</report>
			<report>
				<misses>12334001</misses>
				<total>30</total>
				<timestamp>3942.933668</timestamp>
			</report>
			<report>
				<misses>12335001</misses>
				<total>30</total>
				<timestamp>3943.253444</timestamp>
			</report>
			<report>
				<misses>12336001</misses>
				<total>30</total>
				<timestamp>3943.573003</timestamp>
			</report>
			<report>
				<misses>12337001</misses>
				<total>30</total>
				<timestamp>3943.892755</timestamp>
			</report>
			<report>
				<misses>12338001</misses>
				<total>30</total>
				<timestamp>3944.212341</timestamp>
			</report>
			<report>
				<misses>12339001</misses>
				<total>30</total>
				<timestamp>3944.532053</timestamp>
			</report>
			<report>
				<misses>12340001</misses>
				<total>30</total>
				<timestamp>3944.851712</timestamp>
			</report>
			<report>
				<misses>12341001</misses>
				<total>30</total>
				<timestamp>3945.171579</timestamp>
			</report>
			<report>
				<misses>12342001</misses>
				<total>30</total>
				<timestamp>3945.491054</timestamp>
			</report>
			<report>
				<misses>12343001</misses>
				<total>30</total>
				<timestamp>3945.810761</timestamp>
			</report>
			<report>
				<misses>12344001</misses>
				<total>30</total>
				<timestamp>3946.130490</timestamp>
			</report>
			<report>
				<misses>12345001</misses>
				<total>30</total>
				<timestamp>3946.450128</timestamp>
			</report>
			<report>
				<misses>12346001</misses>
				<total>30</total>
				<timestamp>3946.769890</timestamp>
			</report>
			<report>
				<misses>12347001</misses>
				<total>30</total>
				<timestamp>3947.089514</timestamp>
			</report>
			<report>
				<misses>12348001</misses>
				<total>30</total>
				<timestamp>3947.409156</timestamp>
			</report>
			<report>
				<misses>12349001</misses>
				<total>30</total>
				<timestamp>3947.728821</timestamp>
			</report>
			<report>
				<misses>12350001</misses>
				<total>30</total>
				<timestamp>3948.048597</timestamp>
			</report>
			<report>
				<misses>12351001</misses>
				<total>30</total>
				<timestamp>3948.368213</timestamp>
			</report>
			<report>
				<misses>12352001</misses>
				<total>30</total>
				<timestamp>3948.687886</timestamp>
			</report>
			<report>
				<misses>12353001</misses>
				<total>30</total>
				<timestamp>3949.007532</timestamp>
			</report>
			<report>
				<misses>12354001</misses>
				<total>30</total>
				<timestamp>3949.327233</timestamp>
			</report>
			<report>
				<misses>12355001</misses>
				<total>30</total>
				<timestamp>3949.646911</timestamp>
			</report>
			<report>
				<misses>12356001</misses>
				<total>30</total>
				<timestamp>3949.966600</timestamp>
			</report>
			<report>
				<misses>12357001</misses>
				<total>30</total>
				<timestamp>3950.286283</timestamp>
			</report>
			<report>
				<misses>12358001</misses>
				<total>29</total>
				<timestamp>3950.606068</timestamp>
			</report>
			<report>
				<misses>12359001</misses>
				<total>29</total>
				<timestamp>3950.925849</timestamp>
			</report>
			<report>
				<misses>12360001</misses>
				<total>30</total>
				<timestamp>3951.245298</timestamp>
			</report>
			<report>
				<misses>12361001</misses>
				<total>30</total>
				<timestamp>3951.565076</timestamp>
			</report>
			<report>
				<misses>12362001</misses>
				<total>30</total>
				<timestamp>3951.884747</timestamp>
			</report>
			<report>
				<misses>12363001</misses>
				<total>30</total>
				<timestamp>3952.204385</timestamp>
			</report>
			<report>
				<misses>12364001</misses>
				<total>30</total>
				<timestamp>3952.524020</timestamp>
			</report>
			<report>
				<misses>12365001</misses>
				<total>30</total>
				<timestamp>3952.843782</timestamp>
			</report>
			<report>
				<misses>12366001</misses>
				<total>30</total>
				<timestamp>3953.163392</timestamp>
			</report>
			<report>
				<misses>12367001</misses>
				<total>30</total>
				<timestamp>3953.483112</timestamp>
			</report>
			<report>
				<misses>12368001</misses>
				<total>30</total>
				<timestamp>3953.802826</timestamp>
			</report>
			<report>
				<misses>12369001</misses>
				<total>30</total>
				<timestamp>3954.122498</timestamp>
			</report>
			<report>
				<misses>12370001</misses>
				<total>30</total>
				<timestamp>3954.442128</timestamp>
			</report>
			<report>
				<misses>12371001</misses>
				<total>29</total>
				<timestamp>3954.761981</timestamp>
			</report>
			<report>
				<misses>12372001</misses>
				<total>30</total>
				<timestamp>3955.081527</timestamp>
			</report>
			<report>
				<misses>12373001</misses>
				<total>29</total>
				<timestamp>3955.401261</timestamp>
			</report>
			<report>
				<misses>12374001</misses>
				<total>30</total>
				<timestamp>3955.720904</timestamp>
			</report>
			<report>
				<misses>12375001</misses>
				<total>30</total>
				<timestamp>3956.040609</timestamp>
			</report>
			<report>
				<misses>12376001</misses>
				<total>30</total>
				<timestamp>3956.360204</timestamp>
			</report>
			<report>
				<misses>12377001</misses>
				<total>30</total>
				<timestamp>3956.679928</timestamp>
			</report>
			<report>
				<misses>12378001</misses>
				<total>30</total>
				<timestamp>3956.999734</timestamp>
			</report>
			<report>
				<misses>12379001</misses>
				<total>30</total>
				<timestamp>3957.319251</timestamp>
			</report>
			<report>
				<misses>12380001</misses>
				<total>29</total>
				<timestamp>3957.639003</timestamp>
			</report>
			<report>
				<misses>12381001</misses>
				<total>30</total>
				<timestamp>3957.958654</timestamp>
			</report>
			<report>
				<misses>12382001</misses>
				<total>30</total>
				<timestamp>3958.278286</timestamp>
			</report>
			<report>
				<misses>12383001</misses>
				<total>30</total>
				<timestamp>3958.597972</timestamp>
			</report>
			<report>
				<misses>12384001</misses>
				<total>30</total>
				<timestamp>3958.917704</timestamp>
			</report>
			<report>
				<misses>12385001</misses>
				<total>30</total>
				<timestamp>3959.237290</timestamp>
			</report>
			<report>
				<misses>12386001</misses>
				<total>30</total>
				<timestamp>3959.556966</timestamp>
			</report>
			<report>
				<misses>12387001</misses>
				<total>30</total>
				<timestamp>3959.876692</timestamp>
			</report>
			<report>
				<misses>12388001</misses>
				<total>30</total>
				<timestamp>3960.196346</timestamp>
			</report>
			<report>
				<misses>12389001</misses>
				<total>30</total>
				<timestamp>3960.516044</timestamp>
			</report>
			<report>
				<misses>12390001</misses>
				<total>30</total>
				<timestamp>3960.835732</timestamp>
			</report>
			<report>
				<misses>12391001</misses>
				<total>30</total>
				<timestamp>3961.155373</timestamp>
			</report>
			<report>
				<misses>12392001</misses>
				<total>30</total>
				<timestamp>3961.475102</timestamp>
			</report>
			<report>
				<misses>12393001</misses>
				<total>30</total>
				<timestamp>3961.794736</timestamp>
			</report>
			<report>
				<misses>12394001</misses>
				<total>30</total>
				<timestamp>3962.114414</timestamp>
			</report>
			<report>
				<misses>12395001</misses>
				<total>30</total>
				<timestamp>3962.434125</timestamp>
			</report>
			<report>
				<misses>12396001</misses>
				<total>30</total>
				<timestamp>3962.753841</timestamp>
			</report>
			<report>
				<misses>12397001</misses>
				<total>30</total>
				<timestamp>3963.073590</timestamp>
			</report>
			<report>
				<misses>12398001</misses>
				<total>30</total>
				<timestamp>3963.393156</timestamp>
			</report>
			<report>
				<misses>12399001</misses>
				<total>30</total>
				<timestamp>3963.712836</timestamp>
			</report>
			<report>
				<misses>12400001</misses>
				<total>30</total>
				<timestamp>3964.032532</timestamp>
			</report>
			<report>
				<misses>12401001</misses>
				<total>30</total>
				<timestamp>3964.352190</timestamp>
			</report>
			<report>
				<misses>12402001</misses>
				<total>29</total>
				<timestamp>3964.672023</timestamp>
			</report>
			<report>
				<misses>12403001</misses>
				<total>30</total>
				<timestamp>3964.991601</timestamp>
			</report>
			<report>
				<misses>12404001</misses>
				<total>30</total>
				<timestamp>3965.311273</timestamp>
			</report>
			<report>
				<misses>12405001</misses>
				<total>30</total>
				<timestamp>3965.630896</timestamp>
			</report>
			<report>
				<misses>12406001</misses>
				<total>30</total>
				<timestamp>3965.950713</timestamp>
			</report>
			<report>
				<misses>12407001</misses>
				<total>30</total>
				<timestamp>3966.270254</timestamp>
			</report>
			<report>
				<misses>12408001</misses>
				<total>30</total>
				<timestamp>3966.589942</timestamp>
			</report>
			<report>
				<misses>12409001</misses>
				<total>30</total>
				<timestamp>3966.909623</timestamp>
			</report>
			<report>
				<misses>12410001</misses>
				<total>30</total>
				<timestamp>3967.229341</timestamp>
			</report>
			<report>
				<misses>12411001</misses>
				<total>30</total>
				<timestamp>3967.549057</timestamp>
			</report>
			<report>
				<misses>12412001</misses>
				<total>30</total>
				<timestamp>3967.868695</timestamp>
			</report>
			<report>
				<misses>12413001</misses>
				<total>30</total>
				<timestamp>3968.188330</timestamp>
			</report>
			<report>
				<misses>12414001</misses>
				<total>30</total>
				<timestamp>3968.508013</timestamp>
			</report>
			<report>
				<misses>12415001</misses>
				<total>30</total>
				<timestamp>3968.827808</timestamp>
			</report>
			<report>
				<misses>12416001</misses>
				<total>30</total>
				<timestamp>3969.147374</timestamp>
			</report>
			<report>
				<misses>12417001</misses>
				<total>30</total>
				<timestamp>3969.467077</timestamp>
			</report>
			<report>
				<misses>12418001</misses>
				<total>30</total>
				<timestamp>3969.786771</timestamp>
			</report>
			<report>
				<misses>12419001</misses>
				<total>30</total>
				<timestamp>3970.106429</timestamp>
			</report>
			<report>
				<misses>12420001</misses>
				<total>30</total>
				<timestamp>3970.426117</timestamp>
			</report>
			<report>
				<misses>12421001</misses>
				<total>30</total>
				<timestamp>3970.745832</timestamp>
			</report>
			<report>
				<misses>12422001</misses>
				<total>30</total>
				<timestamp>3971.065482</timestamp>
			</report>
			<report>
				<misses>12423001</misses>
				<total>30</total>
				<timestamp>3971.385149</timestamp>
			</report>
			<report>
				<misses>12424001</misses>
				<total>30</total>
				<timestamp>3971.704859</timestamp>
			</report>
			<report>
				<misses>12425001</misses>
				<total>29</total>
				<timestamp>3972.024672</timestamp>
			</report>
			<report>
				<misses>12426001</misses>
				<total>30</total>
				<timestamp>3972.344219</timestamp>
			</report>
			<report>
				<misses>12427001</misses>
				<total>30</total>
				<timestamp>3972.663934</timestamp>
			</report>
			<report>
				<misses>12428001</misses>
				<total>30</total>
				<timestamp>3972.983569</timestamp>
			</report>
			<report>
				<misses>12429001</misses>
				<total>30</total>
				<timestamp>3973.303205</timestamp>
			</report>
			<report>
				<misses>12430001</misses>
				<total>29</total>
				<timestamp>3973.623062</timestamp>
			</report>
			<report>
				<misses>12431001</misses>
				<total>29</total>
				<timestamp>3973.942680</timestamp>
			</report>
			<report>
				<misses>12432001</misses>
				<total>29</total>
				<timestamp>3974.262342</timestamp>
			</report>
			<report>
				<misses>12433001</misses>
				<total>30</total>
				<timestamp>3974.581944</timestamp>
			</report>
			<report>
				<misses>12434001</misses>
				<total>29</total>
				<timestamp>3974.901714</timestamp>
			</report>
			<report>
				<misses>12435001</misses>
				<total>30</total>
				<timestamp>3975.221330</timestamp>
			</report>
			<report>
				<misses>12436001</misses>
				<total>30</total>
				<timestamp>3975.541089</timestamp>
			</report>
			<report>
				<misses>12437001</misses>
				<total>30</total>
				<timestamp>3975.860700</timestamp>
			</report>
			<report>
				<misses>12438001</misses>
				<total>30</total>
				<timestamp>3976.180405</timestamp>
			</report>
			<report>
				<misses>12439001</misses>
				<total>30</total>
				<timestamp>3976.500051</timestamp>
			</report>
			<report>
				<misses>12440001</misses>
				<total>29</total>
				<timestamp>3976.819820</timestamp>
			</report>
			<report>
				<misses>12441001</misses>
				<total>30</total>
				<timestamp>3977.139365</timestamp>
			</report>
			<report>
				<misses>12442001</misses>
				<total>30</total>
				<timestamp>3977.459050</timestamp>
			</report>
			<report>
				<misses>12443001</misses>
				<total>30</total>
				<timestamp>3977.778834</timestamp>
			</report>
			<report>
				<misses>12444001</misses>
				<total>30</total>
				<timestamp>3978.098421</timestamp>
			</report>
			<report>
				<misses>12445001</misses>
				<total>30</total>
				<timestamp>3978.418126</timestamp>
			</report>
			<report>
				<misses>12446001</misses>
				<total>30</total>
				<timestamp>3978.737858</timestamp>
			</report>
			<report>
				<misses>12447001</misses>
				<total>30</total>
				<timestamp>3979.057560</timestamp>
			</report>
			<report>
				<misses>12448001</misses>
				<total>30</total>
				<timestamp>3979.377150</timestamp>
			</report>
			<report>
				<misses>12449001</misses>
				<total>30</total>
				<timestamp>3979.696836</timestamp>
			</report>
			<report>
				<misses>12450001</misses>
				<total>29</total>
				<timestamp>3980.016692</timestamp>
			</report>
			<report>
				<misses>12451001</misses>
				<total>30</total>
				<timestamp>3980.336225</timestamp>
			</report>
			<report>
				<misses>12452001</misses>
				<total>30</total>
				<timestamp>3980.655866</timestamp>
			</report>
			<report>
				<misses>12453001</misses>
				<total>30</total>
				<timestamp>3980.975584</timestamp>
			</report>
			<report>
				<misses>12454001</misses>
				<total>30</total>
				<timestamp>3981.295253</timestamp>
			</report>
			<report>
				<misses>12455001</misses>
				<total>30</total>
				<timestamp>3981.614945</timestamp>
			</report>
			<report>
				<misses>12456001</misses>
				<total>30</total>
				<timestamp>3981.934570</timestamp>
			</report>
			<report>
				<misses>12457001</misses>
				<total>30</total>
				<timestamp>3982.254233</timestamp>
			</report>
			<report>
				<misses>12458001</misses>
				<total>30</total>
				<timestamp>3982.574088</timestamp>
			</report>
			<report>
				<misses>12459001</misses>
				<total>30</total>
				<timestamp>3982.893706</timestamp>
			</report>
			<report>
				<misses>12460001</misses>
				<total>30</total>
				<timestamp>3983.213276</timestamp>
			</report>
			<report>
				<misses>12461001</misses>
				<total>30</total>
				<timestamp>3983.532978</timestamp>
			</report>
			<report>
				<misses>12462001</misses>
				<total>29</total>
				<timestamp>3983.852736</timestamp>
			</report>
			<report>
				<misses>12463001</misses>
				<total>30</total>
				<timestamp>3984.172315</timestamp>
			</report>
			<report>
				<misses>12464001</misses>
				<total>30</total>
				<timestamp>3984.492086</timestamp>
			</report>
			<report>
				<misses>12465001</misses>
				<total>30</total>
				<timestamp>3984.811737</timestamp>
			</report>
			<report>
				<misses>12466001</misses>
				<total>30</total>
				<timestamp>3985.131406</timestamp>
			</report>
			<report>
				<misses>12467001</misses>
				<total>30</total>
				<timestamp>3985.451070</timestamp>
			</report>
			<report>
				<misses>12468001</misses>
				<total>30</total>
				<timestamp>3985.770774</timestamp>
			</report>
			<report>
				<misses>12469001</misses>
				<total>30</total>
				<timestamp>3986.090434</timestamp>
			</report>
			<report>
				<misses>12470001</misses>
				<total>30</total>
				<timestamp>3986.410215</timestamp>
			</report>
			<report>
				<misses>12471001</misses>
				<total>29</total>
				<timestamp>3986.729943</timestamp>
			</report>
			<report>
				<misses>12472001</misses>
				<total>30</total>
				<timestamp>3987.049553</timestamp>
			</report>
			<report>
				<misses>12473001</misses>
				<total>30</total>
				<timestamp>3987.369124</timestamp>
			</report>
			<report>
				<misses>12474001</misses>
				<total>30</total>
				<timestamp>3987.688871</timestamp>
			</report>
			<report>
				<misses>12475001</misses>
				<total>30</total>
				<timestamp>3988.008545</timestamp>
			</report>
			<report>
				<misses>12476001</misses>
				<total>30</total>
				<timestamp>3988.328234</timestamp>
			</report>
			<report>
				<misses>12477001</misses>
				<total>30</total>
				<timestamp>3988.647846</timestamp>
			</report>
			<report>
				<misses>12478001</misses>
				<total>30</total>
				<timestamp>3988.967552</timestamp>
			</report>
			<report>
				<misses>12479001</misses>
				<total>29</total>
				<timestamp>3989.287297</timestamp>
			</report>
			<report>
				<misses>12480001</misses>
				<total>30</total>
				<timestamp>3989.606960</timestamp>
			</report>
			<report>
				<misses>12481001</misses>
				<total>30</total>
				<timestamp>3989.926709</timestamp>
			</report>
			<report>
				<misses>12482001</misses>
				<total>30</total>
				<timestamp>3990.246285</timestamp>
			</report>
			<report>
				<misses>12483001</misses>
				<total>30</total>
				<timestamp>3990.565932</timestamp>
			</report>
			<report>
				<misses>12484001</misses>
				<total>30</total>
				<timestamp>3990.885634</timestamp>
			</report>
			<report>
				<misses>12485001</misses>
				<total>29</total>
				<timestamp>3991.205393</timestamp>
			</report>
			<report>
				<misses>12486001</misses>
				<total>30</total>
				<timestamp>3991.525022</timestamp>
			</report>
			<report>
				<misses>12487001</misses>
				<total>30</total>
				<timestamp>3991.844658</timestamp>
			</report>
			<report>
				<misses>12488001</misses>
				<total>30</total>
				<timestamp>3992.164324</timestamp>
			</report>
			<report>
				<misses>12489001</misses>
				<total>30</total>
				<timestamp>3992.484024</timestamp>
			</report>
			<report>
				<misses>12490001</misses>
				<total>30</total>
				<timestamp>3992.803736</timestamp>
			</report>
			<report>
				<misses>12491001</misses>
				<total>30</total>
				<timestamp>3993.123480</timestamp>
			</report>
			<report>
				<misses>12492001</misses>
				<total>30</total>
				<timestamp>3993.443038</timestamp>
			</report>
			<report>
				<misses>12493001</misses>
				<total>30</total>
				<timestamp>3993.762772</timestamp>
			</report>
			<report>
				<misses>12494001</misses>
				<total>30</total>
				<timestamp>3994.082422</timestamp>
			</report>
			<report>
				<misses>12495001</misses>
				<total>30</total>
				<timestamp>3994.402115</timestamp>
			</report>
			<report>
				<misses>12496001</misses>
				<total>30</total>
				<timestamp>3994.721795</timestamp>
			</report>
			<report>
				<misses>12497001</misses>
				<total>30</total>
				<timestamp>3995.041520</timestamp>
			</report>
			<report>
				<misses>12498001</misses>
				<total>30</total>
				<timestamp>3995.361142</timestamp>
			</report>
			<report>
				<misses>12499001</misses>
				<total>30</total>
				<timestamp>3995.680832</timestamp>
			</report>
			<report>
				<misses>12500001</misses>
				<total>30</total>
				<timestamp>3996.000543</timestamp>
			</report>
			<report>
				<misses>12501001</misses>
				<total>30</total>
				<timestamp>3996.320216</timestamp>
			</report>
			<report>
				<misses>12502001</misses>
				<total>30</total>
				<timestamp>3996.639946</timestamp>
			</report>
			<report>
				<misses>12503001</misses>
				<total>30</total>
				<timestamp>3996.959565</timestamp>
			</report>
			<report>
				<misses>12504001</misses>
				<total>30</total>
				<timestamp>3997.279278</timestamp>
			</report>
			<report>
				<misses>12505001</misses>
				<total>30</total>
				<timestamp>3997.598961</timestamp>
			</report>
			<report>
				<misses>12506001</misses>
				<total>30</total>
				<timestamp>3997.918585</timestamp>
			</report>
			<report>
				<misses>12507001</misses>
				<total>30</total>
				<timestamp>3998.238240</timestamp>
			</report>
			<report>
				<misses>12508001</misses>
				<total>30</total>
				<timestamp>3998.557954</timestamp>
			</report>
			<report>
				<misses>12509001</misses>
				<total>30</total>
				<timestamp>3998.877739</timestamp>
			</report>
			<report>
				<misses>12510001</misses>
				<total>30</total>
				<timestamp>3999.197357</timestamp>
			</report>
			<report>
				<misses>12511001</misses>
				<total>30</total>
				<timestamp>3999.517014</timestamp>
			</report>
			<report>
				<misses>12512001</misses>
				<total>30</total>
				<timestamp>3999.836821</timestamp>
			</report>
			<report>
				<misses>12513001</misses>
				<total>30</total>
				<timestamp>4000.156323</timestamp>
			</report>
			<report>
				<misses>12514001</misses>
				<total>29</total>
				<timestamp>4000.476105</timestamp>
			</report>
			<report>
				<misses>12515001</misses>
				<total>30</total>
				<timestamp>4000.795829</timestamp>
			</report>
			<report>
				<misses>12516001</misses>
				<total>30</total>
				<timestamp>4001.115381</timestamp>
			</report>
			<report>
				<misses>12517001</misses>
				<total>30</total>
				<timestamp>4001.435045</timestamp>
			</report>
			<report>
				<misses>12518001</misses>
				<total>30</total>
				<timestamp>4001.754723</timestamp>
			</report>
			<report>
				<misses>12519001</misses>
				<total>29</total>
				<timestamp>4002.074512</timestamp>
			</report>
			<report>
				<misses>12520001</misses>
				<total>30</total>
				<timestamp>4002.394211</timestamp>
			</report>
			<report>
				<misses>12521001</misses>
				<total>30</total>
				<timestamp>4002.713849</timestamp>
			</report>
			<report>
				<misses>12522001</misses>
				<total>30</total>
				<timestamp>4003.033561</timestamp>
			</report>
			<report>
				<misses>12523001</misses>
				<total>30</total>
				<timestamp>4003.353166</timestamp>
			</report>
			<report>
				<misses>12524001</misses>
				<total>30</total>
				<timestamp>4003.672849</timestamp>
			</report>
			<report>
				<misses>12525001</misses>
				<total>30</total>
				<timestamp>4003.992535</timestamp>
			</report>
			<report>
				<misses>12526001</misses>
				<total>30</total>
				<timestamp>4004.312230</timestamp>
			</report>
			<report>
				<misses>12527001</misses>
				<total>30</total>
				<timestamp>4004.631882</timestamp>
			</report>
			<report>
				<misses>12528001</misses>
				<total>30</total>
				<timestamp>4004.951622</timestamp>
			</report>
			<report>
				<misses>12529001</misses>
				<total>30</total>
				<timestamp>4005.271225</timestamp>
			</report>
			<report>
				<misses>12530001</misses>
				<total>30</total>
				<timestamp>4005.590958</timestamp>
			</report>
			<report>
				<misses>12531001</misses>
				<total>30</total>
				<timestamp>4005.910710</timestamp>
			</report>
			<report>
				<misses>12532001</misses>
				<total>30</total>
				<timestamp>4006.230247</timestamp>
			</report>
			<report>
				<misses>12533001</misses>
				<total>30</total>
				<timestamp>4006.549956</timestamp>
			</report>
			<report>
				<misses>12534001</misses>
				<total>30</total>
				<timestamp>4006.869675</timestamp>
			</report>
			<report>
				<misses>12535001</misses>
				<total>30</total>
				<timestamp>4007.189312</timestamp>
			</report>
			<report>
				<misses>12536001</misses>
				<total>30</total>
				<timestamp>4007.508993</timestamp>
			</report>
			<report>
				<misses>12537001</misses>
				<total>30</total>
				<timestamp>4007.828656</timestamp>
			</report>
			<report>
				<misses>12538001</misses>
				<total>30</total>
				<timestamp>4008.148351</timestamp>
			</report>
			<report>
				<misses>12539001</misses>
				<total>29</total>
				<timestamp>4008.468102</timestamp>
			</report>
			<report>
				<misses>12540001</misses>
				<total>30</total>
				<timestamp>4008.787678</timestamp>
			</report>
			<report>
				<misses>12541001</misses>
				<total>30</total>
				<timestamp>4009.107414</timestamp>
			</report>
			<report>
				<misses>12542001</misses>
				<total>30</total>
				<timestamp>4009.427064</timestamp>
			</report>
			<report>
				<misses>12543001</misses>
				<total>30</total>
				<timestamp>4009.746793</timestamp>
			</report>
			<report>
				<misses>12544001</misses>
				<total>30</total>
				<timestamp>4010.066569</timestamp>
			</report>
			<report>
				<misses>12545001</misses>
				<total>30</total>
				<timestamp>4010.386199</timestamp>
			</report>
			<report>
				<misses>12546001</misses>
				<total>30</total>
				<timestamp>4010.705803</timestamp>
			</report>
			<report>
				<misses>12547001</misses>
				<total>30</total>
				<timestamp>4011.025532</timestamp>
			</report>
			<report>
				<misses>12548001</misses>
				<total>30</total>
				<timestamp>4011.345122</timestamp>
			</report>
			<report>
				<misses>12549001</misses>
				<total>29</total>
				<timestamp>4011.664903</timestamp>
			</report>
			<report>
				<misses>12550001</misses>
				<total>30</total>
				<timestamp>4011.984524</timestamp>
			</report>
			<report>
				<misses>12551001</misses>
				<total>30</total>
				<timestamp>4012.304164</timestamp>
			</report>
			<report>
				<misses>12552001</misses>
				<total>30</total>
				<timestamp>4012.623869</timestamp>
			</report>
			<report>
				<misses>12553001</misses>
				<total>30</total>
				<timestamp>4012.943589</timestamp>
			</report>
			<report>
				<misses>12554001</misses>
				<total>30</total>
				<timestamp>4013.263288</timestamp>
			</report>
			<report>
				<misses>12555001</misses>
				<total>30</total>
				<timestamp>4013.582935</timestamp>
			</report>
			<report>
				<misses>12556001</misses>
				<total>30</total>
				<timestamp>4013.902689</timestamp>
			</report>
			<report>
				<misses>12557001</misses>
				<total>30</total>
				<timestamp>4014.222237</timestamp>
			</report>
			<report>
				<misses>12558001</misses>
				<total>30</total>
				<timestamp>4014.541968</timestamp>
			</report>
			<report>
				<misses>12559001</misses>
				<total>30</total>
				<timestamp>4014.861695</timestamp>
			</report>
			<report>
				<misses>12560001</misses>
				<total>30</total>
				<timestamp>4015.181333</timestamp>
			</report>
			<report>
				<misses>12561001</misses>
				<total>30</total>
				<timestamp>4015.500964</timestamp>
			</report>
			<report>
				<misses>12562001</misses>
				<total>30</total>
				<timestamp>4015.820698</timestamp>
			</report>
			<report>
				<misses>12563001</misses>
				<total>30</total>
				<timestamp>4016.140415</timestamp>
			</report>
			<report>
				<misses>12564001</misses>
				<total>30</total>
				<timestamp>4016.459998</timestamp>
			</report>
			<report>
				<misses>12565001</misses>
				<total>30</total>
				<timestamp>4016.779772</timestamp>
			</report>
			<report>
				<misses>12566001</misses>
				<total>30</total>
				<timestamp>4017.099381</timestamp>
			</report>
			<report>
				<misses>12567001</misses>
				<total>30</total>
				<timestamp>4017.419095</timestamp>
			</report>
			<report>
				<misses>12568001</misses>
				<total>30</total>
				<timestamp>4017.738733</timestamp>
			</report>
			<report>
				<misses>12569001</misses>
				<total>30</total>
				<timestamp>4018.058589</timestamp>
			</report>
			<report>
				<misses>12570001</misses>
				<total>30</total>
				<timestamp>4018.378131</timestamp>
			</report>
			<report>
				<misses>12571001</misses>
				<total>30</total>
				<timestamp>4018.697831</timestamp>
			</report>
			<report>
				<misses>12572001</misses>
				<total>30</total>
				<timestamp>4019.017506</timestamp>
			</report>
			<report>
				<misses>12573001</misses>
				<total>30</total>
				<timestamp>4019.337170</timestamp>
			</report>
			<report>
				<misses>12574001</misses>
				<total>29</total>
				<timestamp>4019.656965</timestamp>
			</report>
			<report>
				<misses>12575001</misses>
				<total>30</total>
				<timestamp>4019.976647</timestamp>
			</report>
			<report>
				<misses>12576001</misses>
				<total>30</total>
				<timestamp>4020.296212</timestamp>
			</report>
			<report>
				<misses>12577001</misses>
				<total>30</total>
				<timestamp>4020.615916</timestamp>
			</report>
			<report>
				<misses>12578001</misses>
				<total>30</total>
				<timestamp>4020.935715</timestamp>
			</report>
			<report>
				<misses>12579001</misses>
				<total>30</total>
				<timestamp>4021.255227</timestamp>
			</report>
			<report>
				<misses>12580001</misses>
				<total>30</total>
				<timestamp>4021.574956</timestamp>
			</report>
			<report>
				<misses>12581001</misses>
				<total>30</total>
				<timestamp>4021.894647</timestamp>
			</report>
			<report>
				<misses>12582001</misses>
				<total>30</total>
				<timestamp>4022.214373</timestamp>
			</report>
			<report>
				<misses>12583001</misses>
				<total>29</total>
				<timestamp>4022.534061</timestamp>
			</report>
			<report>
				<misses>12584001</misses>
				<total>30</total>
				<timestamp>4022.853710</timestamp>
			</report>
			<report>
				<misses>12585001</misses>
				<total>30</total>
				<timestamp>4023.173329</timestamp>
			</report>
			<report>
				<misses>12586001</misses>
				<total>30</total>
				<timestamp>4023.493057</timestamp>
			</report>
			<report>
				<misses>12587001</misses>
				<total>30</total>
				<timestamp>4023.812714</timestamp>
			</report>
			<report>
				<misses>12588001</misses>
				<total>30</total>
				<timestamp>4024.132380</timestamp>
			</report>
			<report>
				<misses>12589001</misses>
				<total>30</total>
				<timestamp>4024.452156</timestamp>
			</report>
			<report>
				<misses>12590001</misses>
				<total>29</total>
				<timestamp>4024.771792</timestamp>
			</report>
			<report>
				<misses>12591001</misses>
				<total>30</total>
				<timestamp>4025.091415</timestamp>
			</report>
			<report>
				<misses>12592001</misses>
				<total>30</total>
				<timestamp>4025.411040</timestamp>
			</report>
			<report>
				<misses>12593001</misses>
				<total>30</total>
				<timestamp>4025.730835</timestamp>
			</report>
			<report>
				<misses>12594001</misses>
				<total>30</total>
				<timestamp>4026.050580</timestamp>
			</report>
			<report>
				<misses>12595001</misses>
				<total>30</total>
				<timestamp>4026.370099</timestamp>
			</report>
			<report>
				<misses>12596001</misses>
				<total>30</total>
				<timestamp>4026.689799</timestamp>
			</report>
			<report>
				<misses>12597001</misses>
				<total>30</total>
				<timestamp>4027.009572</timestamp>
			</report>
			<report>
				<misses>12598001</misses>
				<total>30</total>
				<timestamp>4027.329221</timestamp>
			</report>
			<report>
				<misses>12599001</misses>
				<total>30</total>
				<timestamp>4027.648953</timestamp>
			</report>
			<report>
				<misses>12600001</misses>
				<total>30</total>
				<timestamp>4027.968571</timestamp>
			</report>
			<report>
				<misses>12601001</misses>
				<total>30</total>
				<timestamp>4028.288186</timestamp>
			</report>
			<report>
				<misses>12602001</misses>
				<total>30</total>
				<timestamp>4028.607949</timestamp>
			</report>
			<report>
				<misses>12603001</misses>
				<total>30</total>
				<timestamp>4028.927595</timestamp>
			</report>
			<report>
				<misses>12604001</misses>
				<total>30</total>
				<timestamp>4029.247275</timestamp>
			</report>
			<report>
				<misses>12605001</misses>
				<total>30</total>
				<timestamp>4029.566938</timestamp>
			</report>
			<report>
				<misses>12606001</misses>
				<total>30</total>
				<timestamp>4029.886736</timestamp>
			</report>
			<report>
				<misses>12607001</misses>
				<total>30</total>
				<timestamp>4030.206333</timestamp>
			</report>
			<report>
				<misses>12608001</misses>
				<total>30</total>
				<timestamp>4030.526027</timestamp>
			</report>
			<report>
				<misses>12609001</misses>
				<total>29</total>
				<timestamp>4030.845691</timestamp>
			</report>
			<report>
				<misses>12610001</misses>
				<total>30</total>
				<timestamp>4031.165319</timestamp>
			</report>
			<report>
				<misses>12611001</misses>
				<total>30</total>
				<timestamp>4031.484975</timestamp>
			</report>
			<report>
				<misses>12612001</misses>
				<total>30</total>
				<timestamp>4031.804698</timestamp>
			</report>
			<report>
				<misses>12613001</misses>
				<total>29</total>
				<timestamp>4032.124577</timestamp>
			</report>
			<report>
				<misses>12614001</misses>
				<total>30</total>
				<timestamp>4032.444046</timestamp>
			</report>
			<report>
				<misses>12615001</misses>
				<total>30</total>
				<timestamp>4032.763690</timestamp>
			</report>
			<report>
				<misses>12616001</misses>
				<total>29</total>
				<timestamp>4033.083463</timestamp>
			</report>
			<report>
				<misses>12617001</misses>
				<total>30</total>
				<timestamp>4033.403154</timestamp>
			</report>
			<report>
				<misses>12618001</misses>
				<total>30</total>
				<timestamp>4033.722854</timestamp>
			</report>
			<report>
				<misses>12619001</misses>
				<total>30</total>
				<timestamp>4034.042433</timestamp>
			</report>
			<report>
				<misses>12620001</misses>
				<total>30</total>
				<timestamp>4034.362081</timestamp>
			</report>
			<report>
				<misses>12621001</misses>
				<total>30</total>
				<timestamp>4034.681831</timestamp>
			</report>
			<report>
				<misses>12622001</misses>
				<total>30</total>
				<timestamp>4035.001460</timestamp>
			</report>
			<report>
				<misses>12623001</misses>
				<total>30</total>
				<timestamp>4035.321116</timestamp>
			</report>
			<report>
				<misses>12624001</misses>
				<total>30</total>
				<timestamp>4035.640807</timestamp>
			</report>
			<report>
				<misses>12625001</misses>
				<total>30</total>
				<timestamp>4035.960571</timestamp>
			</report>
			<report>
				<misses>12626001</misses>
				<total>30</total>
				<timestamp>4036.280228</timestamp>
			</report>
			<report>
				<misses>12627001</misses>
				<total>30</total>
				<timestamp>4036.599866</timestamp>
			</report>
			<report>
				<misses>12628001</misses>
				<total>30</total>
				<timestamp>4036.919581</timestamp>
			</report>
			<report>
				<misses>12629001</misses>
				<total>30</total>
				<timestamp>4037.239209</timestamp>
			</report>
			<report>
				<misses>12630001</misses>
				<total>30</total>
				<timestamp>4037.558938</timestamp>
			</report>
			<report>
				<misses>12631001</misses>
				<total>30</total>
				<timestamp>4037.878567</timestamp>
			</report>
			<report>
				<misses>12632001</misses>
				<total>30</total>
				<timestamp>4038.198297</timestamp>
			</report>
			<report>
				<misses>12633001</misses>
				<total>30</total>
				<timestamp>4038.518040</timestamp>
			</report>
			<report>
				<misses>12634001</misses>
				<total>29</total>
				<timestamp>4038.837810</timestamp>
			</report>
			<report>
				<misses>12635001</misses>
				<total>30</total>
				<timestamp>4039.157293</timestamp>
			</report>
			<report>
				<misses>12636001</misses>
				<total>30</total>
				<timestamp>4039.477069</timestamp>
			</report>
			<report>
				<misses>12637001</misses>
				<total>30</total>
				<timestamp>4039.796681</timestamp>
			</report>
			<report>
				<misses>12638001</misses>
				<total>30</total>
				<timestamp>4040.116405</timestamp>
			</report>
			<report>
				<misses>12639001</misses>
				<total>29</total>
				<timestamp>4040.436120</timestamp>
			</report>
			<report>
				<misses>12640001</misses>
				<total>30</total>
				<timestamp>4040.755706</timestamp>
			</report>
			<report>
				<misses>12641001</misses>
				<total>30</total>
				<timestamp>4041.075388</timestamp>
			</report>
			<report>
				<misses>12642001</misses>
				<total>30</total>
				<timestamp>4041.395037</timestamp>
			</report>
			<report>
				<misses>12643001</misses>
				<total>30</total>
				<timestamp>4041.714825</timestamp>
			</report>
			<report>
				<misses>12644001</misses>
				<total>30</total>
				<timestamp>4042.034422</timestamp>
			</report>
			<report>
				<misses>12645001</misses>
				<total>30</total>
				<timestamp>4042.354134</timestamp>
			</report>
			<report>
				<misses>12646001</misses>
				<total>30</total>
				<timestamp>4042.673829</timestamp>
			</report>
			<report>
				<misses>12647001</misses>
				<total>30</total>
				<timestamp>4042.993496</timestamp>
			</report>
			<report>
				<misses>12648001</misses>
				<total>30</total>
				<timestamp>4043.313216</timestamp>
			</report>
			<report>
				<misses>12649001</misses>
				<total>30</total>
				<timestamp>4043.632969</timestamp>
			</report>
			<report>
				<misses>12650001</misses>
				<total>30</total>
				<timestamp>4043.952590</timestamp>
			</report>
			<report>
				<misses>12651001</misses>
				<total>30</total>
				<timestamp>4044.272223</timestamp>
			</report>
			<report>
				<misses>12652001</misses>
				<total>30</total>
				<timestamp>4044.591955</timestamp>
			</report>
			<report>
				<misses>12653001</misses>
				<total>30</total>
				<timestamp>4044.911521</timestamp>
			</report>
			<report>
				<misses>12654001</misses>
				<total>30</total>
				<timestamp>4045.231275</timestamp>
			</report>
			<report>
				<misses>12655001</misses>
				<total>30</total>
				<timestamp>4045.550909</timestamp>
			</report>
			<report>
				<misses>12656001</misses>
				<total>30</total>
				<timestamp>4045.870562</timestamp>
			</report>
			<report>
				<misses>12657001</misses>
				<total>30</total>
				<timestamp>4046.190249</timestamp>
			</report>
			<report>
				<misses>12658001</misses>
				<total>30</total>
				<timestamp>4046.509935</timestamp>
			</report>
			<report>
				<misses>12659001</misses>
				<total>30</total>
				<timestamp>4046.829617</timestamp>
			</report>
			<report>
				<misses>12660001</misses>
				<total>30</total>
				<timestamp>4047.149369</timestamp>
			</report>
			<report>
				<misses>12661001</misses>
				<total>30</total>
				<timestamp>4047.468963</timestamp>
			</report>
			<report>
				<misses>12662001</misses>
				<total>30</total>
				<timestamp>4047.788715</timestamp>
			</report>
			<report>
				<misses>12663001</misses>
				<total>30</total>
				<timestamp>4048.108409</timestamp>
			</report>
			<report>
				<misses>12664001</misses>
				<total>30</total>
				<timestamp>4048.428059</timestamp>
			</report>
			<report>
				<misses>12665001</misses>
				<total>30</total>
				<timestamp>4048.747714</timestamp>
			</report>
			<report>
				<misses>12666001</misses>
				<total>30</total>
				<timestamp>4049.067361</timestamp>
			</report>
			<report>
				<misses>12667001</misses>
				<total>30</total>
				<timestamp>4049.387132</timestamp>
			</report>
			<report>
				<misses>12668001</misses>
				<total>30</total>
				<timestamp>4049.706741</timestamp>
			</report>
			<report>
				<misses>12669001</misses>
				<total>30</total>
				<timestamp>4050.026417</timestamp>
			</report>
			<report>
				<misses>12670001</misses>
				<total>30</total>
				<timestamp>4050.346174</timestamp>
			</report>
			<report>
				<misses>12671001</misses>
				<total>30</total>
				<timestamp>4050.665761</timestamp>
			</report>
			<report>
				<misses>12672001</misses>
				<total>29</total>
				<timestamp>4050.985566</timestamp>
			</report>
			<report>
				<misses>12673001</misses>
				<total>30</total>
				<timestamp>4051.305183</timestamp>
			</report>
			<report>
				<misses>12674001</misses>
				<total>30</total>
				<timestamp>4051.624948</timestamp>
			</report>
			<report>
				<misses>12675001</misses>
				<total>30</total>
				<timestamp>4051.944586</timestamp>
			</report>
			<report>
				<misses>12676001</misses>
				<total>30</total>
				<timestamp>4052.264189</timestamp>
			</report>
			<report>
				<misses>12677001</misses>
				<total>30</total>
				<timestamp>4052.583963</timestamp>
			</report>
			<report>
				<misses>12678001</misses>
				<total>30</total>
				<timestamp>4052.903576</timestamp>
			</report>
			<report>
				<misses>12679001</misses>
				<total>30</total>
				<timestamp>4053.223249</timestamp>
			</report>
			<report>
				<misses>12680001</misses>
				<total>30</total>
				<timestamp>4053.542912</timestamp>
			</report>
			<report>
				<misses>12681001</misses>
				<total>30</total>
				<timestamp>4053.862602</timestamp>
			</report>
			<report>
				<misses>12682001</misses>
				<total>30</total>
				<timestamp>4054.182280</timestamp>
			</report>
			<report>
				<misses>12683001</misses>
				<total>30</total>
				<timestamp>4054.502076</timestamp>
			</report>
			<report>
				<misses>12684001</misses>
				<total>30</total>
				<timestamp>4054.821704</timestamp>
			</report>
			<report>
				<misses>12685001</misses>
				<total>30</total>
				<timestamp>4055.141283</timestamp>
			</report>
			<report>
				<misses>12686001</misses>
				<total>30</total>
				<timestamp>4055.461073</timestamp>
			</report>
			<report>
				<misses>12687001</misses>
				<total>30</total>
				<timestamp>4055.780786</timestamp>
			</report>
			<report>
				<misses>12688001</misses>
				<total>30</total>
				<timestamp>4056.100322</timestamp>
			</report>
			<report>
				<misses>12689001</misses>
				<total>30</total>
				<timestamp>4056.420029</timestamp>
			</report>
			<report>
				<misses>12690001</misses>
				<total>30</total>
				<timestamp>4056.739726</timestamp>
			</report>
			<report>
				<misses>12691001</misses>
				<total>29</total>
				<timestamp>4057.059480</timestamp>
			</report>
			<report>
				<misses>12692001</misses>
				<total>30</total>
				<timestamp>4057.379130</timestamp>
			</report>
			<report>
				<misses>12693001</misses>
				<total>30</total>
				<timestamp>4057.698810</timestamp>
			</report>
			<report>
				<misses>12694001</misses>
				<total>30</total>
				<timestamp>4058.018429</timestamp>
			</report>
			<report>
				<misses>12695001</misses>
				<total>30</total>
				<timestamp>4058.338129</timestamp>
			</report>
			<report>
				<misses>12696001</misses>
				<total>30</total>
				<timestamp>4058.657824</timestamp>
			</report>
			<report>
				<misses>12697001</misses>
				<total>30</total>
				<timestamp>4058.977459</timestamp>
			</report>
			<report>
				<misses>12698001</misses>
				<total>30</total>
				<timestamp>4059.297181</timestamp>
			</report>
			<report>
				<misses>12699001</misses>
				<total>30</total>
				<timestamp>4059.616841</timestamp>
			</report>
			<report>
				<misses>12700001</misses>
				<total>30</total>
				<timestamp>4059.936578</timestamp>
			</report>
			<report>
				<misses>12701001</misses>
				<total>30</total>
				<timestamp>4060.256361</timestamp>
			</report>
			<report>
				<misses>12702001</misses>
				<total>30</total>
				<timestamp>4060.575952</timestamp>
			</report>
			<report>
				<misses>12703001</misses>
				<total>30</total>
				<timestamp>4060.895566</timestamp>
			</report>
			<report>
				<misses>12704001</misses>
				<total>30</total>
				<timestamp>4061.215278</timestamp>
			</report>
			<report>
				<misses>12705001</misses>
				<total>30</total>
				<timestamp>4061.534953</timestamp>
			</report>
			<report>
				<misses>12706001</misses>
				<total>30</total>
				<timestamp>4061.854674</timestamp>
			</report>
			<report>
				<misses>12707001</misses>
				<total>30</total>
				<timestamp>4062.174330</timestamp>
			</report>
			<report>
				<misses>12708001</misses>
				<total>30</total>
				<timestamp>4062.494092</timestamp>
			</report>
			<report>
				<misses>12709001</misses>
				<total>30</total>
				<timestamp>4062.813720</timestamp>
			</report>
			<report>
				<misses>12710001</misses>
				<total>29</total>
				<timestamp>4063.133390</timestamp>
			</report>
			<report>
				<misses>12711001</misses>
				<total>30</total>
				<timestamp>4063.453114</timestamp>
			</report>
			<report>
				<misses>12712001</misses>
				<total>30</total>
				<timestamp>4063.772689</timestamp>
			</report>
			<report>
				<misses>12713001</misses>
				<total>30</total>
				<timestamp>4064.092363</timestamp>
			</report>
			<report>
				<misses>12714001</misses>
				<total>29</total>
				<timestamp>4064.412138</timestamp>
			</report>
			<report>
				<misses>12715001</misses>
				<total>30</total>
				<timestamp>4064.731813</timestamp>
			</report>
			<report>
				<misses>12716001</misses>
				<total>30</total>
				<timestamp>4065.051362</timestamp>
			</report>
			<report>
				<misses>12717001</misses>
				<total>30</total>
				<timestamp>4065.371084</timestamp>
			</report>
			<report>
				<misses>12718001</misses>
				<total>30</total>
				<timestamp>4065.690724</timestamp>
			</report>
			<report>
				<misses>12719001</misses>
				<total>30</total>
				<timestamp>4066.010585</timestamp>
			</report>
			<report>
				<misses>12720001</misses>
				<total>30</total>
				<timestamp>4066.330168</timestamp>
			</report>
			<report>
				<misses>12721001</misses>
				<total>30</total>
				<timestamp>4066.649819</timestamp>
			</report>
			<report>
				<misses>12722001</misses>
				<total>30</total>
				<timestamp>4066.969564</timestamp>
			</report>
			<report>
				<misses>12723001</misses>
				<total>30</total>
				<timestamp>4067.289189</timestamp>
			</report>
			<report>
				<misses>12724001</misses>
				<total>30</total>
				<timestamp>4067.608830</timestamp>
			</report>
			<report>
				<misses>12725001</misses>
				<total>30</total>
				<timestamp>4067.928492</timestamp>
			</report>
			<report>
				<misses>12726001</misses>
				<total>30</total>
				<timestamp>4068.248246</timestamp>
			</report>
			<report>
				<misses>12727001</misses>
				<total>30</total>
				<timestamp>4068.568041</timestamp>
			</report>
			<report>
				<misses>12728001</misses>
				<total>29</total>
				<timestamp>4068.887734</timestamp>
			</report>
			<report>
				<misses>12729001</misses>
				<total>30</total>
				<timestamp>4069.207252</timestamp>
			</report>
			<report>
				<misses>12730001</misses>
				<total>29</total>
				<timestamp>4069.527024</timestamp>
			</report>
			<report>
				<misses>12731001</misses>
				<total>30</total>
				<timestamp>4069.846635</timestamp>
			</report>
			<report>
				<misses>12732001</misses>
				<total>30</total>
				<timestamp>4070.166280</timestamp>
			</report>
			<report>
				<misses>12733001</misses>
				<total>30</total>
				<timestamp>4070.485970</timestamp>
			</report>
			<report>
				<misses>12734001</misses>
				<total>30</total>
				<timestamp>4070.805625</timestamp>
			</report>
			<report>
				<misses>12735001</misses>
				<total>30</total>
				<timestamp>4071.125309</timestamp>
			</report>
			<report>
				<misses>12736001</misses>
				<total>30</total>
				<timestamp>4071.445007</timestamp>
			</report>
			<report>
				<misses>12737001</misses>
				<total>30</total>
				<timestamp>4071.764721</timestamp>
			</report>
			<report>
				<misses>12738001</misses>
				<total>29</total>
				<timestamp>4072.084425</timestamp>
			</report>
			<report>
				<misses>12739001</misses>
				<total>30</total>
				<timestamp>4072.404017</timestamp>
			</report>
			<report>
				<misses>12740001</misses>
				<total>30</total>
				<timestamp>4072.723715</timestamp>
			</report>
			<report>
				<misses>12741001</misses>
				<total>30</total>
				<timestamp>4073.043497</timestamp>
			</report>
			<report>
				<misses>12742001</misses>
				<total>30</total>
				<timestamp>4073.363105</timestamp>
			</report>
			<report>
				<misses>12743001</misses>
				<total>30</total>
				<timestamp>4073.682728</timestamp>
			</report>
			<report>
				<misses>12744001</misses>
				<total>30</total>
				<timestamp>4074.002426</timestamp>
			</report>
			<report>
				<misses>12745001</misses>
				<total>30</total>
				<timestamp>4074.322112</timestamp>
			</report>
			<report>
				<misses>12746001</misses>
				<total>30</total>
				<timestamp>4074.641791</timestamp>
			</report>
			<report>
				<misses>12747001</misses>
				<total>30</total>
				<timestamp>4074.961449</timestamp>
			</report>
			<report>
				<misses>12748001</misses>
				<total>30</total>
				<timestamp>4075.281156</timestamp>
			</report>
			<report>
				<misses>12749001</misses>
				<total>30</total>
				<timestamp>4075.600808</timestamp>
			</report>
			<report>
				<misses>12750001</misses>
				<total>30</total>
				<timestamp>4075.920493</timestamp>
			</report>
			<report>
				<misses>12751001</misses>
				<total>30</total>
				<timestamp>4076.240202</timestamp>
			</report>
			<report>
				<misses>12752001</misses>
				<total>30</total>
				<timestamp>4076.559899</timestamp>
			</report>
			<report>
				<misses>12753001</misses>
				<total>30</total>
				<timestamp>4076.879699</timestamp>
			</report>
			<report>
				<misses>12754001</misses>
				<total>30</total>
				<timestamp>4077.199224</timestamp>
			</report>
			<report>
				<misses>12755001</misses>
				<total>30</total>
				<timestamp>4077.518948</timestamp>
			</report>
			<report>
				<misses>12756001</misses>
				<total>30</total>
				<timestamp>4077.838563</timestamp>
			</report>
			<report>
				<misses>12757001</misses>
				<total>29</total>
				<timestamp>4078.158456</timestamp>
			</report>
			<report>
				<misses>12758001</misses>
				<total>30</total>
				<timestamp>4078.477944</timestamp>
			</report>
			<report>
				<misses>12759001</misses>
				<total>30</total>
				<timestamp>4078.797678</timestamp>
			</report>
			<report>
				<misses>12760001</misses>
				<total>30</total>
				<timestamp>4079.117315</timestamp>
			</report>
			<report>
				<misses>12761001</misses>
				<total>30</total>
				<timestamp>4079.437047</timestamp>
			</report>
			<report>
				<misses>12762001</misses>
				<total>30</total>
				<timestamp>4079.756768</timestamp>
			</report>
			<report>
				<misses>12763001</misses>
				<total>30</total>
				<timestamp>4080.076367</timestamp>
			</report>
			<report>
				<misses>12764001</misses>
				<total>30</total>
				<timestamp>4080.396020</timestamp>
			</report>
			<report>
				<misses>12765001</misses>
				<total>30</total>
				<timestamp>4080.715710</timestamp>
			</report>
			<report>
				<misses>12766001</misses>
				<total>30</total>
				<timestamp>4081.035378</timestamp>
			</report>
			<report>
				<misses>12767001</misses>
				<total>30</total>
				<timestamp>4081.355062</timestamp>
			</report>
			<report>
				<misses>12768001</misses>
				<total>30</total>
				<timestamp>4081.674724</timestamp>
			</report>
			<report>
				<misses>12769001</misses>
				<total>30</total>
				<timestamp>4081.994398</timestamp>
			</report>
			<report>
				<misses>12770001</misses>
				<total>30</total>
				<timestamp>4082.314135</timestamp>
			</report>
			<report>
				<misses>12771001</misses>
				<total>30</total>
				<timestamp>4082.633786</timestamp>
			</report>
			<report>
				<misses>12772001</misses>
				<total>30</total>
				<timestamp>4082.953605</timestamp>
			</report>
			<report>
				<misses>12773001</misses>
				<total>30</total>
				<timestamp>4083.273125</timestamp>
			</report>
			<report>
				<misses>12774001</misses>
				<total>30</total>
				<timestamp>4083.592841</timestamp>
			</report>
			<report>
				<misses>12775001</misses>
				<total>30</total>
				<timestamp>4083.912557</timestamp>
			</report>
			<report>
				<misses>12776001</misses>
				<total>30</total>
				<timestamp>4084.232206</timestamp>
			</report>
			<report>
				<misses>12777001</misses>
				<total>30</total>
				<timestamp>4084.551949</timestamp>
			</report>
			<report>
				<misses>12778001</misses>
				<total>30</total>
				<timestamp>4084.871583</timestamp>
			</report>
			<report>
				<misses>12779001</misses>
				<total>30</total>
				<timestamp>4085.191213</timestamp>
			</report>
			<report>
				<misses>12780001</misses>
				<total>30</total>
				<timestamp>4085.511008</timestamp>
			</report>
			<report>
				<misses>12781001</misses>
				<total>30</total>
				<timestamp>4085.830690</timestamp>
			</report>
			<report>
				<misses>12782001</misses>
				<total>30</total>
				<timestamp>4086.150311</timestamp>
			</report>
			<report>
				<misses>12783001</misses>
				<total>29</total>
				<timestamp>4086.470029</timestamp>
			</report>
			<report>
				<misses>12784001</misses>
				<total>30</total>
				<timestamp>4086.789660</timestamp>
			</report>
			<report>
				<misses>12785001</misses>
				<total>30</total>
				<timestamp>4087.109390</timestamp>
			</report>
			<report>
				<misses>12786001</misses>
				<total>30</total>
				<timestamp>4087.428974</timestamp>
			</report>
			<report>
				<misses>12787001</misses>
				<total>30</total>
				<timestamp>4087.748701</timestamp>
			</report>
			<report>
				<misses>12788001</misses>
				<total>30</total>
				<timestamp>4088.068341</timestamp>
			</report>
			<report>
				<misses>12789001</misses>
				<total>30</total>
				<timestamp>4088.388044</timestamp>
			</report>
			<report>
				<misses>12790001</misses>
				<total>30</total>
				<timestamp>4088.707711</timestamp>
			</report>
			<report>
				<misses>12791001</misses>
				<total>30</total>
				<timestamp>4089.027362</timestamp>
			</report>
			<report>
				<misses>12792001</misses>
				<total>30</total>
				<timestamp>4089.347076</timestamp>
			</report>
			<report>
				<misses>12793001</misses>
				<total>30</total>
				<timestamp>4089.666845</timestamp>
			</report>
			<report>
				<misses>12794001</misses>
				<total>30</total>
				<timestamp>4089.986576</timestamp>
			</report>
			<report>
				<misses>12795001</misses>
				<total>30</total>
				<timestamp>4090.306122</timestamp>
			</report>
			<report>
				<misses>12796001</misses>
				<total>30</total>
				<timestamp>4090.625837</timestamp>
			</report>
			<report>
				<misses>12797001</misses>
				<total>30</total>
				<timestamp>4090.945574</timestamp>
			</report>
			<report>
				<misses>12798001</misses>
				<total>30</total>
				<timestamp>4091.265125</timestamp>
			</report>
			<report>
				<misses>12799001</misses>
				<total>30</total>
				<timestamp>4091.584954</timestamp>
			</report>
			<report>
				<misses>12800001</misses>
				<total>30</total>
				<timestamp>4091.904539</timestamp>
			</report>
			<report>
				<misses>12801001</misses>
				<total>30</total>
				<timestamp>4092.224172</timestamp>
			</report>
			<report>
				<misses>12802001</misses>
				<total>30</total>
				<timestamp>4092.543879</timestamp>
			</report>
			<report>
				<misses>12803001</misses>
				<total>30</total>
				<timestamp>4092.863585</timestamp>
			</report>
			<report>
				<misses>12804001</misses>
				<total>30</total>
				<timestamp>4093.183239</timestamp>
			</report>
			<report>
				<misses>12805001</misses>
				<total>30</total>
				<timestamp>4093.502954</timestamp>
			</report>
			<report>
				<misses>12806001</misses>
				<total>30</total>
				<timestamp>4093.822730</timestamp>
			</report>
			<report>
				<misses>12807001</misses>
				<total>30</total>
				<timestamp>4094.142265</timestamp>
			</report>
			<report>
				<misses>12808001</misses>
				<total>30</total>
				<timestamp>4094.461960</timestamp>
			</report>
			<report>
				<misses>12809001</misses>
				<total>30</total>
				<timestamp>4094.781657</timestamp>
			</report>
			<report>
				<misses>12810001</misses>
				<total>30</total>
				<timestamp>4095.101347</timestamp>
			</report>
			<report>
				<misses>12811001</misses>
				<total>30</total>
				<timestamp>4095.420976</timestamp>
			</report>
			<report>
				<misses>12812001</misses>
				<total>30</total>
				<timestamp>4095.740841</timestamp>
			</report>
			<report>
				<misses>12813001</misses>
				<total>30</total>
				<timestamp>4096.060370</timestamp>
			</report>
			<report>
				<misses>12814001</misses>
				<total>30</total>
				<timestamp>4096.380065</timestamp>
			</report>
			<report>
				<misses>12815001</misses>
				<total>30</total>
				<timestamp>4096.699758</timestamp>
			</report>
			<report>
				<misses>12816001</misses>
				<total>30</total>
				<timestamp>4097.019383</timestamp>
			</report>
			<report>
				<misses>12817001</misses>
				<total>30</total>
				<timestamp>4097.339070</timestamp>
			</report>
			<report>
				<misses>12818001</misses>
				<total>30</total>
				<timestamp>4097.658867</timestamp>
			</report>
			<report>
				<misses>12819001</misses>
				<total>30</total>
				<timestamp>4097.978411</timestamp>
			</report>
			<report>
				<misses>12820001</misses>
				<total>30</total>
				<timestamp>4098.298118</timestamp>
			</report>
			<report>
				<misses>12821001</misses>
				<total>30</total>
				<timestamp>4098.617855</timestamp>
			</report>
			<report>
				<misses>12822001</misses>
				<total>30</total>
				<timestamp>4098.937615</timestamp>
			</report>
			<report>
				<misses>12823001</misses>
				<total>30</total>
				<timestamp>4099.257131</timestamp>
			</report>
			<report>
				<misses>12824001</misses>
				<total>30</total>
				<timestamp>4099.576868</timestamp>
			</report>
			<report>
				<misses>12825001</misses>
				<total>30</total>
				<timestamp>4099.896543</timestamp>
			</report>
			<report>
				<misses>12826001</misses>
				<total>30</total>
				<timestamp>4100.216228</timestamp>
			</report>
			<report>
				<misses>12827001</misses>
				<total>29</total>
				<timestamp>4100.536025</timestamp>
			</report>
			<report>
				<misses>12828001</misses>
				<total>30</total>
				<timestamp>4100.855579</timestamp>
			</report>
			<report>
				<misses>12829001</misses>
				<total>30</total>
				<timestamp>4101.175269</timestamp>
			</report>
			<report>
				<misses>12830001</misses>
				<total>29</total>
				<timestamp>4101.494999</timestamp>
			</report>
			<report>
				<misses>12831001</misses>
				<total>30</total>
				<timestamp>4101.814620</timestamp>
			</report>
			<report>
				<misses>12832001</misses>
				<total>30</total>
				<timestamp>4102.134244</timestamp>
			</report>
			<report>
				<misses>12833001</misses>
				<total>30</total>
				<timestamp>4102.454003</timestamp>
			</report>
			<report>
				<misses>12834001</misses>
				<total>30</total>
				<timestamp>4102.773600</timestamp>
			</report>
			<report>
				<misses>12835001</misses>
				<total>30</total>
				<timestamp>4103.093293</timestamp>
			</report>
			<report>
				<misses>12836001</misses>
				<total>30</total>
				<timestamp>4103.412966</timestamp>
			</report>
			<report>
				<misses>12837001</misses>
				<total>30</total>
				<timestamp>4103.732709</timestamp>
			</report>
			<report>
				<misses>12838001</misses>
				<total>30</total>
				<timestamp>4104.052480</timestamp>
			</report>
			<report>
				<misses>12839001</misses>
				<total>30</total>
				<timestamp>4104.372013</timestamp>
			</report>
			<report>
				<misses>12840001</misses>
				<total>30</total>
				<timestamp>4104.691796</timestamp>
			</report>
			<report>
				<misses>12841001</misses>
				<total>30</total>
				<timestamp>4105.011418</timestamp>
			</report>
			<report>
				<misses>12842001</misses>
				<total>30</total>
				<timestamp>4105.331127</timestamp>
			</report>
			<report>
				<misses>12843001</misses>
				<total>30</total>
				<timestamp>4105.650836</timestamp>
			</report>
			<report>
				<misses>12844001</misses>
				<total>30</total>
				<timestamp>4105.970426</timestamp>
			</report>
			<report>
				<misses>12845001</misses>
				<total>29</total>
				<timestamp>4106.290178</timestamp>
			</report>
			<report>
				<misses>12846001</misses>
				<total>30</total>
				<timestamp>4106.609802</timestamp>
			</report>
			<report>
				<misses>12847001</misses>
				<total>30</total>
				<timestamp>4106.929490</timestamp>
			</report>
			<report>
				<misses>12848001</misses>
				<total>30</total>
				<timestamp>4107.249117</timestamp>
			</report>
			<report>
				<misses>12849001</misses>
				<total>29</total>
				<timestamp>4107.568942</timestamp>
			</report>
			<report>
				<misses>12850001</misses>
				<total>30</total>
				<timestamp>4107.888508</timestamp>
			</report>
			<report>
				<misses>12851001</misses>
				<total>30</total>
				<timestamp>4108.208160</timestamp>
			</report>
			<report>
				<misses>12852001</misses>
				<total>29</total>
				<timestamp>4108.527938</timestamp>
			</report>
			<report>
				<misses>12853001</misses>
				<total>30</total>
				<timestamp>4108.847705</timestamp>
			</report>
			<report>
				<misses>12854001</misses>
				<total>30</total>
				<timestamp>4109.167218</timestamp>
			</report>
			<report>
				<misses>12855001</misses>
				<total>30</total>
				<timestamp>4109.486943</timestamp>
			</report>
			<report>
				<misses>12856001</misses>
				<total>30</total>
				<timestamp>4109.806581</timestamp>
			</report>
			<report>
				<misses>12857001</misses>
				<total>30</total>
				<timestamp>4110.126246</timestamp>
			</report>
			<report>
				<misses>12858001</misses>
				<total>30</total>
				<timestamp>4110.446069</timestamp>
			</report>
			<report>
				<misses>12859001</misses>
				<total>30</total>
				<timestamp>4110.765685</timestamp>
			</report>
			<report>
				<misses>12860001</misses>
				<total>30</total>
				<timestamp>4111.085464</timestamp>
			</report>
			<report>
				<misses>12861001</misses>
				<total>30</total>
				<timestamp>4111.404965</timestamp>
			</report>
			<report>
				<misses>12862001</misses>
				<total>30</total>
				<timestamp>4111.724701</timestamp>
			</report>
			<report>
				<misses>12863001</misses>
				<total>30</total>
				<timestamp>4112.044378</timestamp>
			</report>
			<report>
				<misses>12864001</misses>
				<total>30</total>
				<timestamp>4112.364009</timestamp>
			</report>
			<report>
				<misses>12865001</misses>
				<total>30</total>
				<timestamp>4112.683744</timestamp>
			</report>
			<report>
				<misses>12866001</misses>
				<total>30</total>
				<timestamp>4113.003564</timestamp>
			</report>
			<report>
				<misses>12867001</misses>
				<total>30</total>
				<timestamp>4113.323098</timestamp>
			</report>
			<report>
				<misses>12868001</misses>
				<total>30</total>
				<timestamp>4113.642867</timestamp>
			</report>
			<report>
				<misses>12869001</misses>
				<total>30</total>
				<timestamp>4113.962409</timestamp>
			</report>
			<report>
				<misses>12870001</misses>
				<total>30</total>
				<timestamp>4114.282091</timestamp>
			</report>
			<report>
				<misses>12871001</misses>
				<total>30</total>
				<timestamp>4114.601835</timestamp>
			</report>
			<report>
				<misses>12872001</misses>
				<total>30</total>
				<timestamp>4114.921455</timestamp>
			</report>
			<report>
				<misses>12873001</misses>
				<total>30</total>
				<timestamp>4115.241130</timestamp>
			</report>
			<report>
				<misses>12874001</misses>
				<total>30</total>
				<timestamp>4115.560968</timestamp>
			</report>
			<report>
				<misses>12875001</misses>
				<total>30</total>
				<timestamp>4115.880582</timestamp>
			</report>
			<report>
				<misses>12876001</misses>
				<total>30</total>
				<timestamp>4116.200208</timestamp>
			</report>
			<report>
				<misses>12877001</misses>
				<total>30</total>
				<timestamp>4116.519957</timestamp>
			</report>
			<report>
				<misses>12878001</misses>
				<total>30</total>
				<timestamp>4116.839578</timestamp>
			</report>
			<report>
				<misses>12879001</misses>
				<total>30</total>
				<timestamp>4117.159274</timestamp>
			</report>
			<report>
				<misses>12880001</misses>
				<total>30</total>
				<timestamp>4117.478937</timestamp>
			</report>
			<report>
				<misses>12881001</misses>
				<total>30</total>
				<timestamp>4117.798644</timestamp>
			</report>
			<report>
				<misses>12882001</misses>
				<total>30</total>
				<timestamp>4118.118242</timestamp>
			</report>
			<report>
				<misses>12883001</misses>
				<total>30</total>
				<timestamp>4118.437943</timestamp>
			</report>
			<report>
				<misses>12884001</misses>
				<total>30</total>
				<timestamp>4118.757639</timestamp>
			</report>
			<report>
				<misses>12885001</misses>
				<total>29</total>
				<timestamp>4119.077424</timestamp>
			</report>
			<report>
				<misses>12886001</misses>
				<total>30</total>
				<timestamp>4119.396962</timestamp>
			</report>
			<report>
				<misses>12887001</misses>
				<total>30</total>
				<timestamp>4119.716782</timestamp>
			</report>
			<report>
				<misses>12888001</misses>
				<total>30</total>
				<timestamp>4120.036319</timestamp>
			</report>
			<report>
				<misses>12889001</misses>
				<total>30</total>
				<timestamp>4120.356012</timestamp>
			</report>
			<report>
				<misses>12890001</misses>
				<total>29</total>
				<timestamp>4120.675827</timestamp>
			</report>
			<report>
				<misses>12891001</misses>
				<total>30</total>
				<timestamp>4120.995404</timestamp>
			</report>
			<report>
				<misses>12892001</misses>
				<total>30</total>
				<timestamp>4121.315050</timestamp>
			</report>
			<report>
				<misses>12893001</misses>
				<total>29</total>
				<timestamp>4121.634961</timestamp>
			</report>
			<report>
				<misses>12894001</misses>
				<total>30</total>
				<timestamp>4121.954426</timestamp>
			</report>
			<report>
				<misses>12895001</misses>
				<total>30</total>
				<timestamp>4122.274146</timestamp>
			</report>
			<report>
				<misses>12896001</misses>
				<total>30</total>
				<timestamp>4122.593828</timestamp>
			</report>
			<report>
				<misses>12897001</misses>
				<total>30</total>
				<timestamp>4122.913456</timestamp>
			</report>
			<report>
				<misses>12898001</misses>
				<total>30</total>
				<timestamp>4123.233197</timestamp>
			</report>
			<report>
				<misses>12899001</misses>
				<total>30</total>
				<timestamp>4123.552840</timestamp>
			</report>
			<report>
				<misses>12900001</misses>
				<total>30</total>
				<timestamp>4123.872722</timestamp>
			</report>
			<report>
				<misses>12901001</misses>
				<total>30</total>
				<timestamp>4124.192168</timestamp>
			</report>
			<report>
				<misses>12902001</misses>
				<total>30</total>
				<timestamp>4124.511962</timestamp>
			</report>
			<report>
				<misses>12903001</misses>
				<total>30</total>
				<timestamp>4124.831561</timestamp>
			</report>
			<report>
				<misses>12904001</misses>
				<total>30</total>
				<timestamp>4125.151269</timestamp>
			</report>
			<report>
				<misses>12905001</misses>
				<total>30</total>
				<timestamp>4125.470943</timestamp>
			</report>
			<report>
				<misses>12906001</misses>
				<total>30</total>
				<timestamp>4125.790688</timestamp>
			</report>
			<report>
				<misses>12907001</misses>
				<total>30</total>
				<timestamp>4126.110234</timestamp>
			</report>
			<report>
				<misses>12908001</misses>
				<total>30</total>
				<timestamp>4126.429934</timestamp>
			</report>
			<report>
				<misses>12909001</misses>
				<total>30</total>
				<timestamp>4126.749685</timestamp>
			</report>
			<report>
				<misses>12910001</misses>
				<total>30</total>
				<timestamp>4127.069285</timestamp>
			</report>
			<report>
				<misses>12911001</misses>
				<total>29</total>
				<timestamp>4127.389084</timestamp>
			</report>
			<report>
				<misses>12912001</misses>
				<total>30</total>
				<timestamp>4127.708689</timestamp>
			</report>
			<report>
				<misses>12913001</misses>
				<total>30</total>
				<timestamp>4128.028325</timestamp>
			</report>
			<report>
				<misses>12914001</misses>
				<total>30</total>
				<timestamp>4128.347999</timestamp>
			</report>
			<report>
				<misses>12915001</misses>
				<total>29</total>
				<timestamp>4128.667821</timestamp>
			</report>
			<report>
				<misses>12916001</misses>
				<total>30</total>
				<timestamp>4128.987461</timestamp>
			</report>
			<report>
				<misses>12917001</misses>
				<total>30</total>
				<timestamp>4129.307079</timestamp>
			</report>
			<report>
				<misses>12918001</misses>
				<total>30</total>
				<timestamp>4129.626790</timestamp>
			</report>
			<report>
				<misses>12919001</misses>
				<total>30</total>
				<timestamp>4129.946404</timestamp>
			</report>
			<report>
				<misses>12920001</misses>
				<total>30</total>
				<timestamp>4130.266093</timestamp>
			</report>
			<report>
				<misses>12921001</misses>
				<total>30</total>
				<timestamp>4130.585821</timestamp>
			</report>
			<report>
				<misses>12922001</misses>
				<total>30</total>
				<timestamp>4130.905497</timestamp>
			</report>
			<report>
				<misses>12923001</misses>
				<total>30</total>
				<timestamp>4131.225167</timestamp>
			</report>
			<report>
				<misses>12924001</misses>
				<total>30</total>
				<timestamp>4131.544839</timestamp>
			</report>
			<report>
				<misses>12925001</misses>
				<total>30</total>
				<timestamp>4131.864551</timestamp>
			</report>
			<report>
				<misses>12926001</misses>
				<total>30</total>
				<timestamp>4132.184197</timestamp>
			</report>
			<report>
				<misses>12927001</misses>
				<total>30</total>
				<timestamp>4132.503954</timestamp>
			</report>
			<report>
				<misses>12928001</misses>
				<total>30</total>
				<timestamp>4132.823587</timestamp>
			</report>
			<report>
				<misses>12929001</misses>
				<total>30</total>
				<timestamp>4133.143297</timestamp>
			</report>
			<report>
				<misses>12930001</misses>
				<total>30</total>
				<timestamp>4133.462985</timestamp>
			</report>
			<report>
				<misses>12931001</misses>
				<total>30</total>
				<timestamp>4133.782664</timestamp>
			</report>
			<report>
				<misses>12932001</misses>
				<total>30</total>
				<timestamp>4134.102309</timestamp>
			</report>
			<report>
				<misses>12933001</misses>
				<total>30</total>
				<timestamp>4134.422016</timestamp>
			</report>
			<report>
				<misses>12934001</misses>
				<total>30</total>
				<timestamp>4134.741606</timestamp>
			</report>
			<report>
				<misses>12935001</misses>
				<total>30</total>
				<timestamp>4135.061340</timestamp>
			</report>
			<report>
				<misses>12936001</misses>
				<total>29</total>
				<timestamp>4135.381095</timestamp>
			</report>
			<report>
				<misses>12937001</misses>
				<total>30</total>
				<timestamp>4135.700718</timestamp>
			</report>
			<report>
				<misses>12938001</misses>
				<total>30</total>
				<timestamp>4136.020433</timestamp>
			</report>
			<report>
				<misses>12939001</misses>
				<total>30</total>
				<timestamp>4136.340010</timestamp>
			</report>
			<report>
				<misses>12940001</misses>
				<total>29</total>
				<timestamp>4136.659834</timestamp>
			</report>
			<report>
				<misses>12941001</misses>
				<total>29</total>
				<timestamp>4136.979482</timestamp>
			</report>
			<report>
				<misses>12942001</misses>
				<total>30</total>
				<timestamp>4137.299050</timestamp>
			</report>
			<report>
				<misses>12943001</misses>
				<total>30</total>
				<timestamp>4137.618827</timestamp>
			</report>
			<report>
				<misses>12944001</misses>
				<total>29</total>
				<timestamp>4137.938582</timestamp>
			</report>
			<report>
				<misses>12945001</misses>
				<total>29</total>
				<timestamp>4138.258201</timestamp>
			</report>
			<report>
				<misses>12946001</misses>
				<total>30</total>
				<timestamp>4138.577952</timestamp>
			</report>
			<report>
				<misses>12947001</misses>
				<total>30</total>
				<timestamp>4138.897463</timestamp>
			</report>
			<report>
				<misses>12948001</misses>
				<total>30</total>
				<timestamp>4139.217173</timestamp>
			</report>
			<report>
				<misses>12949001</misses>
				<total>30</total>
				<timestamp>4139.536884</timestamp>
			</report>
			<report>
				<misses>12950001</misses>
				<total>30</total>
				<timestamp>4139.856592</timestamp>
			</report>
			<report>
				<misses>12951001</misses>
				<total>30</total>
				<timestamp>4140.176245</timestamp>
			</report>
			<report>
				<misses>12952001</misses>
				<total>30</total>
				<timestamp>4140.495898</timestamp>
			</report>
			<report>
				<misses>12953001</misses>
				<total>30</total>
				<timestamp>4140.815565</timestamp>
			</report>
			<report>
				<misses>12954001</misses>
				<total>30</total>
				<timestamp>4141.135240</timestamp>
			</report>
			<report>
				<misses>12955001</misses>
				<total>30</total>
				<timestamp>4141.454957</timestamp>
			</report>
			<report>
				<misses>12956001</misses>
				<total>30</total>
				<timestamp>4141.774608</timestamp>
			</report>
			<report>
				<misses>12957001</misses>
				<total>30</total>
				<timestamp>4142.094287</timestamp>
			</report>
			<report>
				<misses>12958001</misses>
				<total>30</total>
				<timestamp>4142.413946</timestamp>
			</report>
			<report>
				<misses>12959001</misses>
				<total>30</total>
				<timestamp>4142.733648</timestamp>
			</report>
			<report>
				<misses>12960001</misses>
				<total>30</total>
				<timestamp>4143.053305</timestamp>
			</report>
			<report>
				<misses>12961001</misses>
				<total>30</total>
				<timestamp>4143.373018</timestamp>
			</report>
			<report>
				<misses>12962001</misses>
				<total>30</total>
				<timestamp>4143.692701</timestamp>
			</report>
			<report>
				<misses>12963001</misses>
				<total>30</total>
				<timestamp>4144.012372</timestamp>
			</report>
			<report>
				<misses>12964001</misses>
				<total>30</total>
				<timestamp>4144.332069</timestamp>
			</report>
			<report>
				<misses>12965001</misses>
				<total>30</total>
				<timestamp>4144.651824</timestamp>
			</report>
			<report>
				<misses>12966001</misses>
				<total>30</total>
				<timestamp>4144.971366</timestamp>
			</report>
			<report>
				<misses>12967001</misses>
				<total>30</total>
				<timestamp>4145.291106</timestamp>
			</report>
			<report>
				<misses>12968001</misses>
				<total>30</total>
				<timestamp>4145.610833</timestamp>
			</report>
			<report>
				<misses>12969001</misses>
				<total>30</total>
				<timestamp>4145.930396</timestamp>
			</report>
			<report>
				<misses>12970001</misses>
				<total>30</total>
				<timestamp>4146.250080</timestamp>
			</report>
			<report>
				<misses>12971001</misses>
				<total>30</total>
				<timestamp>4146.569872</timestamp>
			</report>
			<report>
				<misses>12972001</misses>
				<total>30</total>
				<timestamp>4146.889581</timestamp>
			</report>
			<report>
				<misses>12973001</misses>
				<total>30</total>
				<timestamp>4147.209107</timestamp>
			</report>
			<report>
				<misses>12974001</misses>
				<total>30</total>
				<timestamp>4147.528820</timestamp>
			</report>
			<report>
				<misses>12975001</misses>
				<total>30</total>
				<timestamp>4147.848586</timestamp>
			</report>
			<report>
				<misses>12976001</misses>
				<total>30</total>
				<timestamp>4148.168168</timestamp>
			</report>
			<report>
				<misses>12977001</misses>
				<total>30</total>
				<timestamp>4148.487942</timestamp>
			</report>
			<report>
				<misses>12978001</misses>
				<total>30</total>
				<timestamp>4148.807577</timestamp>
			</report>
			<report>
				<misses>12979001</misses>
				<total>29</total>
				<timestamp>4149.127327</timestamp>
			</report>
			<report>
				<misses>12980001</misses>
				<total>30</total>
				<timestamp>4149.446913</timestamp>
			</report>
			<report>
				<misses>12981001</misses>
				<total>30</total>
				<timestamp>4149.766632</timestamp>
			</report>
			<report>
				<misses>12982001</misses>
				<total>30</total>
				<timestamp>4150.086248</timestamp>
			</report>
			<report>
				<misses>12983001</misses>
				<total>30</total>
				<timestamp>4150.405942</timestamp>
			</report>
			<report>
				<misses>12984001</misses>
				<total>30</total>
				<timestamp>4150.725704</timestamp>
			</report>
			<report>
				<misses>12985001</misses>
				<total>30</total>
				<timestamp>4151.045324</timestamp>
			</report>
			<report>
				<misses>12986001</misses>
				<total>30</total>
				<timestamp>4151.364961</timestamp>
			</report>
			<report>
				<misses>12987001</misses>
				<total>30</total>
				<timestamp>4151.684687</timestamp>
			</report>
			<report>
				<misses>12988001</misses>
				<total>30</total>
				<timestamp>4152.004391</timestamp>
			</report>
			<report>
				<misses>12989001</misses>
				<total>30</total>
				<timestamp>4152.324013</timestamp>
			</report>
			<report>
				<misses>12990001</misses>
				<total>29</total>
				<timestamp>4152.643834</timestamp>
			</report>
			<report>
				<misses>12991001</misses>
				<total>30</total>
				<timestamp>4152.963400</timestamp>
			</report>
			<report>
				<misses>12992001</misses>
				<total>30</total>
				<timestamp>4153.283077</timestamp>
			</report>
			<report>
				<misses>12993001</misses>
				<total>30</total>
				<timestamp>4153.602896</timestamp>
			</report>
			<report>
				<misses>12994001</misses>
				<total>30</total>
				<timestamp>4153.922422</timestamp>
			</report>
			<report>
				<misses>12995001</misses>
				<total>30</total>
				<timestamp>4154.242204</timestamp>
			</report>
			<report>
				<misses>12996001</misses>
				<total>30</total>
				<timestamp>4154.561845</timestamp>
			</report>
			<report>
				<misses>12997001</misses>
				<total>30</total>
				<timestamp>4154.881529</timestamp>
			</report>
			<report>
				<misses>12998001</misses>
				<total>30</total>
				<timestamp>4155.201231</timestamp>
			</report>
			<report>
				<misses>12999001</misses>
				<total>30</total>
				<timestamp>4155.520823</timestamp>
			</report>
			<report>
				<misses>13000001</misses>
				<total>30</total>
				<timestamp>4155.840505</timestamp>
			</report>
			<report>
				<misses>13001001</misses>
				<total>29</total>
				<timestamp>4156.160348</timestamp>
			</report>
			<report>
				<misses>13002001</misses>
				<total>30</total>
				<timestamp>4156.479948</timestamp>
			</report>
			<report>
				<misses>13003001</misses>
				<total>30</total>
				<timestamp>4156.799651</timestamp>
			</report>
			<report>
				<misses>13004001</misses>
				<total>30</total>
				<timestamp>4157.119203</timestamp>
			</report>
			<report>
				<misses>13005001</misses>
				<total>30</total>
				<timestamp>4157.438941</timestamp>
			</report>
			<report>
				<misses>13006001</misses>
				<total>29</total>
				<timestamp>4157.758716</timestamp>
			</report>
			<report>
				<misses>13007001</misses>
				<total>30</total>
				<timestamp>4158.078291</timestamp>
			</report>
			<report>
				<misses>13008001</misses>
				<total>30</total>
				<timestamp>4158.397927</timestamp>
			</report>
			<report>
				<misses>13009001</misses>
				<total>30</total>
				<timestamp>4158.717709</timestamp>
			</report>
			<report>
				<misses>13010001</misses>
				<total>30</total>
				<timestamp>4159.037301</timestamp>
			</report>
			<report>
				<misses>13011001</misses>
				<total>30</total>
				<timestamp>4159.356988</timestamp>
			</report>
			<report>
				<misses>13012001</misses>
				<total>30</total>
				<timestamp>4159.676807</timestamp>
			</report>
			<report>
				<misses>13013001</misses>
				<total>30</total>
				<timestamp>4159.996379</timestamp>
			</report>
			<report>
				<misses>13014001</misses>
				<total>30</total>
				<timestamp>4160.316045</timestamp>
			</report>
			<report>
				<misses>13015001</misses>
				<total>30</total>
				<timestamp>4160.635696</timestamp>
			</report>
			<report>
				<misses>13016001</misses>
				<total>30</total>
				<timestamp>4160.955391</timestamp>
			</report>
			<report>
				<misses>13017001</misses>
				<total>30</total>
				<timestamp>4161.275069</timestamp>
			</report>
			<report>
				<misses>13018001</misses>
				<total>30</total>
				<timestamp>4161.594826</timestamp>
			</report>
			<report>
				<misses>13019001</misses>
				<total>30</total>
				<timestamp>4161.914489</timestamp>
			</report>
			<report>
				<misses>13020001</misses>
				<total>30</total>
				<timestamp>4162.234156</timestamp>
			</report>
			<report>
				<misses>13021001</misses>
				<total>30</total>
				<timestamp>4162.553802</timestamp>
			</report>
			<report>
				<misses>13022001</misses>
				<total>30</total>
				<timestamp>4162.873445</timestamp>
			</report>
			<report>
				<misses>13023001</misses>
				<total>30</total>
				<timestamp>4163.193209</timestamp>
			</report>
			<report>
				<misses>13024001</misses>
				<total>30</total>
				<timestamp>4163.512855</timestamp>
			</report>
			<report>
				<misses>13025001</misses>
				<total>30</total>
				<timestamp>4163.832621</timestamp>
			</report>
			<report>
				<misses>13026001</misses>
				<total>30</total>
				<timestamp>4164.152170</timestamp>
			</report>
			<report>
				<misses>13027001</misses>
				<total>30</total>
				<timestamp>4164.471999</timestamp>
			</report>
			<report>
				<misses>13028001</misses>
				<total>30</total>
				<timestamp>4164.791602</timestamp>
			</report>
			<report>
				<misses>13029001</misses>
				<total>30</total>
				<timestamp>4165.111243</timestamp>
			</report>
			<report>
				<misses>13030001</misses>
				<total>30</total>
				<timestamp>4165.430897</timestamp>
			</report>
			<report>
				<misses>13031001</misses>
				<total>30</total>
				<timestamp>4165.750713</timestamp>
			</report>
			<report>
				<misses>13032001</misses>
				<total>30</total>
				<timestamp>4166.070274</timestamp>
			</report>
			<report>
				<misses>13033001</misses>
				<total>30</total>
				<timestamp>4166.389936</timestamp>
			</report>
			<report>
				<misses>13034001</misses>
				<total>30</total>
				<timestamp>4166.709669</timestamp>
			</report>
			<report>
				<misses>13035001</misses>
				<total>30</total>
				<timestamp>4167.029313</timestamp>
			</report>
			<report>
				<misses>13036001</misses>
				<total>30</total>
				<timestamp>4167.348987</timestamp>
			</report>
			<report>
				<misses>13037001</misses>
				<total>30</total>
				<timestamp>4167.668814</timestamp>
			</report>
			<report>
				<misses>13038001</misses>
				<total>30</total>
				<timestamp>4167.988438</timestamp>
			</report>
			<report>
				<misses>13039001</misses>
				<total>30</total>
				<timestamp>4168.308056</timestamp>
			</report>
			<report>
				<misses>13040001</misses>
				<total>30</total>
				<timestamp>4168.627683</timestamp>
			</report>
			<report>
				<misses>13041001</misses>
				<total>30</total>
				<timestamp>4168.947509</timestamp>
			</report>
			<report>
				<misses>13042001</misses>
				<total>30</total>
				<timestamp>4169.267073</timestamp>
			</report>
			<report>
				<misses>13043001</misses>
				<total>30</total>
				<timestamp>4169.586831</timestamp>
			</report>
			<report>
				<misses>13044001</misses>
				<total>29</total>
				<timestamp>4169.906589</timestamp>
			</report>
			<report>
				<misses>13045001</misses>
				<total>30</total>
				<timestamp>4170.226083</timestamp>
			</report>
			<report>
				<misses>13046001</misses>
				<total>30</total>
				<timestamp>4170.545815</timestamp>
			</report>
			<report>
				<misses>13047001</misses>
				<total>30</total>
				<timestamp>4170.865560</timestamp>
			</report>
			<report>
				<misses>13048001</misses>
				<total>30</total>
				<timestamp>4171.185183</timestamp>
			</report>
			<report>
				<misses>13049001</misses>
				<total>30</total>
				<timestamp>4171.504809</timestamp>
			</report>
			<report>
				<misses>13050001</misses>
				<total>30</total>
				<timestamp>4171.824601</timestamp>
			</report>
			<report>
				<misses>13051001</misses>
				<total>29</total>
				<timestamp>4172.144314</timestamp>
			</report>
			<report>
				<misses>13052001</misses>
				<total>30</total>
				<timestamp>4172.463952</timestamp>
			</report>
			<report>
				<misses>13053001</misses>
				<total>30</total>
				<timestamp>4172.783693</timestamp>
			</report>
			<report>
				<misses>13054001</misses>
				<total>29</total>
				<timestamp>4173.103352</timestamp>
			</report>
			<report>
				<misses>13055001</misses>
				<total>30</total>
				<timestamp>4173.422895</timestamp>
			</report>
			<report>
				<misses>13056001</misses>
				<total>29</total>
				<timestamp>4173.742658</timestamp>
			</report>
			<report>
				<misses>13057001</misses>
				<total>30</total>
				<timestamp>4174.062250</timestamp>
			</report>
			<report>
				<misses>13058001</misses>
				<total>30</total>
				<timestamp>4174.381980</timestamp>
			</report>
			<report>
				<misses>13059001</misses>
				<total>30</total>
				<timestamp>4174.701758</timestamp>
			</report>
			<report>
				<misses>13060001</misses>
				<total>30</total>
				<timestamp>4175.021381</timestamp>
			</report>
			<report>
				<misses>13061001</misses>
				<total>30</total>
				<timestamp>4175.340966</timestamp>
			</report>
			<report>
				<misses>13062001</misses>
				<total>30</total>
				<timestamp>4175.660727</timestamp>
			</report>
			<report>
				<misses>13063001</misses>
				<total>30</total>
				<timestamp>4175.980459</timestamp>
			</report>
			<report>
				<misses>13064001</misses>
				<total>30</total>
				<timestamp>4176.300039</timestamp>
			</report>
			<report>
				<misses>13065001</misses>
				<total>30</total>
				<timestamp>4176.619749</timestamp>
			</report>
			<report>
				<misses>13066001</misses>
				<total>30</total>
				<timestamp>4176.939373</timestamp>
			</report>
			<report>
				<misses>13067001</misses>
				<total>30</total>
				<timestamp>4177.259078</timestamp>
			</report>
			<report>
				<misses>13068001</misses>
				<total>30</total>
				<timestamp>4177.578783</timestamp>
			</report>
			<report>
				<misses>13069001</misses>
				<total>30</total>
				<timestamp>4177.898434</timestamp>
			</report>
			<report>
				<misses>13070001</misses>
				<total>30</total>
				<timestamp>4178.218087</timestamp>
			</report>
			<report>
				<misses>13071001</misses>
				<total>30</total>
				<timestamp>4178.537835</timestamp>
			</report>
			<report>
				<misses>13072001</misses>
				<total>30</total>
				<timestamp>4178.857498</timestamp>
			</report>
			<report>
				<misses>13073001</misses>
				<total>30</total>
				<timestamp>4179.177135</timestamp>
			</report>
			<report>
				<misses>13074001</misses>
				<total>30</total>
				<timestamp>4179.496942</timestamp>
			</report>
			<report>
				<misses>13075001</misses>
				<total>30</total>
				<timestamp>4179.816526</timestamp>
			</report>
			<report>
				<misses>13076001</misses>
				<total>30</total>
				<timestamp>4180.136273</timestamp>
			</report>
			<report>
				<misses>13077001</misses>
				<total>30</total>
				<timestamp>4180.455865</timestamp>
			</report>
			<report>
				<misses>13078001</misses>
				<total>30</total>
				<timestamp>4180.775621</timestamp>
			</report>
			<report>
				<misses>13079001</misses>
				<total>30</total>
				<timestamp>4181.095241</timestamp>
			</report>
			<report>
				<misses>13080001</misses>
				<total>30</total>
				<timestamp>4181.414947</timestamp>
			</report>
			<report>
				<misses>13081001</misses>
				<total>30</total>
				<timestamp>4181.734616</timestamp>
			</report>
			<report>
				<misses>13082001</misses>
				<total>30</total>
				<timestamp>4182.054348</timestamp>
			</report>
			<report>
				<misses>13083001</misses>
				<total>30</total>
				<timestamp>4182.373942</timestamp>
			</report>
			<report>
				<misses>13084001</misses>
				<total>30</total>
				<timestamp>4182.693777</timestamp>
			</report>
			<report>
				<misses>13085001</misses>
				<total>30</total>
				<timestamp>4183.013371</timestamp>
			</report>
			<report>
				<misses>13086001</misses>
				<total>30</total>
				<timestamp>4183.333011</timestamp>
			</report>
			<report>
				<misses>13087001</misses>
				<total>30</total>
				<timestamp>4183.652656</timestamp>
			</report>
			<report>
				<misses>13088001</misses>
				<total>30</total>
				<timestamp>4183.972331</timestamp>
			</report>
			<report>
				<misses>13089001</misses>
				<total>30</total>
				<timestamp>4184.292030</timestamp>
			</report>
			<report>
				<misses>13090001</misses>
				<total>30</total>
				<timestamp>4184.611693</timestamp>
			</report>
			<report>
				<misses>13091001</misses>
				<total>30</total>
				<timestamp>4184.931448</timestamp>
			</report>
			<report>
				<misses>13092001</misses>
				<total>30</total>
				<timestamp>4185.251102</timestamp>
			</report>
			<report>
				<misses>13093001</misses>
				<total>30</total>
				<timestamp>4185.570813</timestamp>
			</report>
			<report>
				<misses>13094001</misses>
				<total>30</total>
				<timestamp>4185.890432</timestamp>
			</report>
			<report>
				<misses>13095001</misses>
				<total>30</total>
				<timestamp>4186.210076</timestamp>
			</report>
			<report>
				<misses>13096001</misses>
				<total>30</total>
				<timestamp>4186.529752</timestamp>
			</report>
			<report>
				<misses>13097001</misses>
				<total>30</total>
				<timestamp>4186.849522</timestamp>
			</report>
			<report>
				<misses>13098001</misses>
				<total>30</total>
				<timestamp>4187.169160</timestamp>
			</report>
			<report>
				<misses>13099001</misses>
				<total>30</total>
				<timestamp>4187.488811</timestamp>
			</report>
			<report>
				<misses>13100001</misses>
				<total>30</total>
				<timestamp>4187.808586</timestamp>
			</report>
			<report>
				<misses>13101001</misses>
				<total>30</total>
				<timestamp>4188.128341</timestamp>
			</report>
			<report>
				<misses>13102001</misses>
				<total>30</total>
				<timestamp>4188.447983</timestamp>
			</report>
			<report>
				<misses>13103001</misses>
				<total>30</total>
				<timestamp>4188.767565</timestamp>
			</report>
			<report>
				<misses>13104001</misses>
				<total>30</total>
				<timestamp>4189.087191</timestamp>
			</report>
			<report>
				<misses>13105001</misses>
				<total>30</total>
				<timestamp>4189.406903</timestamp>
			</report>
			<report>
				<misses>13106001</misses>
				<total>30</total>
				<timestamp>4189.726571</timestamp>
			</report>
			<report>
				<misses>13107001</misses>
				<total>30</total>
				<timestamp>4190.046279</timestamp>
			</report>
			<report>
				<misses>13108001</misses>
				<total>30</total>
				<timestamp>4190.365933</timestamp>
			</report>
			<report>
				<misses>13109001</misses>
				<total>30</total>
				<timestamp>4190.685697</timestamp>
			</report>
			<report>
				<misses>13110001</misses>
				<total>30</total>
				<timestamp>4191.005315</timestamp>
			</report>
			<report>
				<misses>13111001</misses>
				<total>30</total>
				<timestamp>4191.324992</timestamp>
			</report>
			<report>
				<misses>13112001</misses>
				<total>30</total>
				<timestamp>4191.644718</timestamp>
			</report>
			<report>
				<misses>13113001</misses>
				<total>30</total>
				<timestamp>4191.964355</timestamp>
			</report>
			<report>
				<misses>13114001</misses>
				<total>30</total>
				<timestamp>4192.284177</timestamp>
			</report>
			<report>
				<misses>13115001</misses>
				<total>30</total>
				<timestamp>4192.603676</timestamp>
			</report>
			<report>
				<misses>13116001</misses>
				<total>30</total>
				<timestamp>4192.923397</timestamp>
			</report>
			<report>
				<misses>13117001</misses>
				<total>30</total>
				<timestamp>4193.243081</timestamp>
			</report>
			<report>
				<misses>13118001</misses>
				<total>30</total>
				<timestamp>4193.562804</timestamp>
			</report>
			<report>
				<misses>13119001</misses>
				<total>30</total>
				<timestamp>4193.882406</timestamp>
			</report>
			<report>
				<misses>13120001</misses>
				<total>29</total>
				<timestamp>4194.202204</timestamp>
			</report>
			<report>
				<misses>13121001</misses>
				<total>30</total>
				<timestamp>4194.521777</timestamp>
			</report>
			<report>
				<misses>13122001</misses>
				<total>30</total>
				<timestamp>4194.841573</timestamp>
			</report>
			<report>
				<misses>13123001</misses>
				<total>29</total>
				<timestamp>4195.161245</timestamp>
			</report>
			<report>
				<misses>13124001</misses>
				<total>30</total>
				<timestamp>4195.480852</timestamp>
			</report>
			<report>
				<misses>13125001</misses>
				<total>30</total>
				<timestamp>4195.800549</timestamp>
			</report>
			<report>
				<misses>13126001</misses>
				<total>30</total>
				<timestamp>4196.120235</timestamp>
			</report>
			<report>
				<misses>13127001</misses>
				<total>30</total>
				<timestamp>4196.439946</timestamp>
			</report>
			<report>
				<misses>13128001</misses>
				<total>30</total>
				<timestamp>4196.759521</timestamp>
			</report>
			<report>
				<misses>13129001</misses>
				<total>30</total>
				<timestamp>4197.079297</timestamp>
			</report>
			<report>
				<misses>13130001</misses>
				<total>30</total>
				<timestamp>4197.399050</timestamp>
			</report>
			<report>
				<misses>13131001</misses>
				<total>30</total>
				<timestamp>4197.718583</timestamp>
			</report>
			<report>
				<misses>13132001</misses>
				<total>30</total>
				<timestamp>4198.038305</timestamp>
			</report>
			<report>
				<misses>13133001</misses>
				<total>29</total>
				<timestamp>4198.358058</timestamp>
			</report>
			<report>
				<misses>13134001</misses>
				<total>30</total>
				<timestamp>4198.677705</timestamp>
			</report>
			<report>
				<misses>13135001</misses>
				<total>30</total>
				<timestamp>4198.997370</timestamp>
			</report>
			<report>
				<misses>13136001</misses>
				<total>30</total>
				<timestamp>4199.316987</timestamp>
			</report>
			<report>
				<misses>13137001</misses>
				<total>30</total>
				<timestamp>4199.636710</timestamp>
			</report>
			<report>
				<misses>13138001</misses>
				<total>30</total>
				<timestamp>4199.956345</timestamp>
			</report>
			<report>
				<misses>13139001</misses>
				<total>30</total>
				<timestamp>4200.276064</timestamp>
			</report>
			<report>
				<misses>13140001</misses>
				<total>30</total>
				<timestamp>4200.595755</timestamp>
			</report>
			<report>
				<misses>13141001</misses>
				<total>30</total>
				<timestamp>4200.915366</timestamp>
			</report>
			<report>
				<misses>13142001</misses>
				<total>30</total>
				<timestamp>4201.235083</timestamp>
			</report>
			<report>
				<misses>13143001</misses>
				<total>30</total>
				<timestamp>4201.554817</timestamp>
			</report>
			<report>
				<misses>13144001</misses>
				<total>30</total>
				<timestamp>4201.874442</timestamp>
			</report>
			<report>
				<misses>13145001</misses>
				<total>29</total>
				<timestamp>4202.194212</timestamp>
			</report>
			<report>
				<misses>13146001</misses>
				<total>30</total>
				<timestamp>4202.513952</timestamp>
			</report>
			<report>
				<misses>13147001</misses>
				<total>30</total>
				<timestamp>4202.833452</timestamp>
			</report>
			<report>
				<misses>13148001</misses>
				<total>30</total>
				<timestamp>4203.153207</timestamp>
			</report>
			<report>
				<misses>13149001</misses>
				<total>30</total>
				<timestamp>4203.472817</timestamp>
			</report>
			<report>
				<misses>13150001</misses>
				<total>30</total>
				<timestamp>4203.792571</timestamp>
			</report>
			<report>
				<misses>13151001</misses>
				<total>30</total>
				<timestamp>4204.112210</timestamp>
			</report>
			<report>
				<misses>13152001</misses>
				<total>30</total>
				<timestamp>4204.431962</timestamp>
			</report>
			<report>
				<misses>13153001</misses>
				<total>29</total>
				<timestamp>4204.751636</timestamp>
			</report>
			<report>
				<misses>13154001</misses>
				<total>30</total>
				<timestamp>4205.071237</timestamp>
			</report>
			<report>
				<misses>13155001</misses>
				<total>29</total>
				<timestamp>4205.391000</timestamp>
			</report>
			<report>
				<misses>13156001</misses>
				<total>30</total>
				<timestamp>4205.710615</timestamp>
			</report>
			<report>
				<misses>13157001</misses>
				<total>30</total>
				<timestamp>4206.030249</timestamp>
			</report>
			<report>
				<misses>13158001</misses>
				<total>29</total>
				<timestamp>4206.350019</timestamp>
			</report>
			<report>
				<misses>13159001</misses>
				<total>30</total>
				<timestamp>4206.669742</timestamp>
			</report>
			<report>
				<misses>13160001</misses>
				<total>30</total>
				<timestamp>4206.989319</timestamp>
			</report>
			<report>
				<misses>13161001</misses>
				<total>30</total>
				<timestamp>4207.309068</timestamp>
			</report>
			<report>
				<misses>13162001</misses>
				<total>30</total>
				<timestamp>4207.628679</timestamp>
			</report>
			<report>
				<misses>13163001</misses>
				<total>30</total>
				<timestamp>4207.948329</timestamp>
			</report>
			<report>
				<misses>13164001</misses>
				<total>30</total>
				<timestamp>4208.268018</timestamp>
			</report>
			<report>
				<misses>13165001</misses>
				<total>30</total>
				<timestamp>4208.587768</timestamp>
			</report>
			<report>
				<misses>13166001</misses>
				<total>31</total>
				<timestamp>4208.907421</timestamp>
			</report>
			<report>
				<misses>13167001</misses>
				<total>31</total>
				<timestamp>4209.227138</timestamp>
			</report>
			<report>
				<misses>13168001</misses>
				<total>31</total>
				<timestamp>4209.546719</timestamp>
			</report>
			<report>
				<misses>13169001</misses>
				<total>31</total>
				<timestamp>4209.866451</timestamp>
			</report>
			<report>
				<misses>13170001</misses>
				<total>31</total>
				<timestamp>4210.186111</timestamp>
			</report>
			<report>
				<misses>13171001</misses>
				<total>30</total>
				<timestamp>4210.505944</timestamp>
			</report>
			<report>
				<misses>13172001</misses>
				<total>31</total>
				<timestamp>4210.825627</timestamp>
			</report>
			<report>
				<misses>13173001</misses>
				<total>31</total>
				<timestamp>4211.145205</timestamp>
			</report>
			<report>
				<misses>13174001</misses>
				<total>31</total>
				<timestamp>4211.464817</timestamp>
			</report>
			<report>
				<misses>13175001</misses>
				<total>31</total>
				<timestamp>4211.784509</timestamp>
			</report>
			<report>
				<misses>13176001</misses>
				<total>31</total>
				<timestamp>4212.104294</timestamp>
			</report>
			<report>
				<misses>13177001</misses>
				<total>31</total>
				<timestamp>4212.423854</timestamp>
			</report>
			<report>
				<misses>13178001</misses>
				<total>31</total>
				<timestamp>4212.743556</timestamp>
			</report>
			<report>
				<misses>13179001</misses>
				<total>30</total>
				<timestamp>4213.063298</timestamp>
			</report>
			<report>
				<misses>13180001</misses>
				<total>31</total>
				<timestamp>4213.382943</timestamp>
			</report>
			<report>
				<misses>13181001</misses>
				<total>31</total>
				<timestamp>4213.702567</timestamp>
			</report>
			<report>
				<misses>13182001</misses>
				<total>31</total>
				<timestamp>4214.022331</timestamp>
			</report>
			<report>
				<misses>13183001</misses>
				<total>30</total>
				<timestamp>4214.342030</timestamp>
			</report>
			<report>
				<misses>13184001</misses>
				<total>30</total>
				<timestamp>4214.661813</timestamp>
			</report>
			<report>
				<misses>13185001</misses>
				<total>31</total>
				<timestamp>4214.981348</timestamp>
			</report>
			<report>
				<misses>13186001</misses>
				<total>31</total>
				<timestamp>4215.301083</timestamp>
			</report>
			<report>
				<misses>13187001</misses>
				<total>31</total>
				<timestamp>4215.620634</timestamp>
			</report>
			<report>
				<misses>13188001</misses>
				<total>31</total>
				<timestamp>4215.940329</timestamp>
			</report>
			<report>
				<misses>13189001</misses>
				<total>31</total>
				<timestamp>4216.260110</timestamp>
			</report>
			<report>
				<misses>13190001</misses>
				<total>31</total>
				<timestamp>4216.579728</timestamp>
			</report>
			<report>
				<misses>13191001</misses>
				<total>31</total>
				<timestamp>4216.899411</timestamp>
			</report>
			<report>
				<misses>13192001</misses>
				<total>31</total>
				<timestamp>4217.219176</timestamp>
			</report>
			<report>
				<misses>13193001</misses>
				<total>31</total>
				<timestamp>4217.538741</timestamp>
			</report>
			<report>
				<misses>13194001</misses>
				<total>31</total>
				<timestamp>4217.858588</timestamp>
			</report>
			<report>
				<misses>13195001</misses>
				<total>31</total>
				<timestamp>4218.178137</timestamp>
			</report>
			<report>
				<misses>13196001</misses>
				<total>31</total>
				<timestamp>4218.497836</timestamp>
			</report>
			<report>
				<misses>13197001</misses>
				<total>31</total>
				<timestamp>4218.817523</timestamp>
			</report>
			<report>
				<misses>13198001</misses>
				<total>31</total>
				<timestamp>4219.137185</timestamp>
			</report>
			<report>
				<misses>13199001</misses>
				<total>31</total>
				<timestamp>4219.456848</timestamp>
			</report>
			<report>
				<misses>13200001</misses>
				<total>31</total>
				<timestamp>4219.776582</timestamp>
			</report>
			<report>
				<misses>13201001</misses>
				<total>31</total>
				<timestamp>4220.096229</timestamp>
			</report>
			<report>
				<misses>13202001</misses>
				<total>31</total>
				<timestamp>4220.415937</timestamp>
			</report>
			<report>
				<misses>13203001</misses>
				<total>31</total>
				<timestamp>4220.735575</timestamp>
			</report>
			<report>
				<misses>13204001</misses>
				<total>30</total>
				<timestamp>4221.055431</timestamp>
			</report>
			<report>
				<misses>13205001</misses>
				<total>31</total>
				<timestamp>4221.374904</timestamp>
			</report>
			<report>
				<misses>13206001</misses>
				<total>31</total>
				<timestamp>4221.694697</timestamp>
			</report>
			<report>
				<misses>13207001</misses>
				<total>31</total>
				<timestamp>4222.014287</timestamp>
			</report>
			<report>
				<misses>13208001</misses>
				<total>31</total>
				<timestamp>4222.334021</timestamp>
			</report>
			<report>
				<misses>13209001</misses>
				<total>31</total>
				<timestamp>4222.653699</timestamp>
			</report>
			<report>
				<misses>13210001</misses>
				<total>31</total>
				<timestamp>4222.973283</timestamp>
			</report>
			<report>
				<misses>13211001</misses>
				<total>31</total>
				<timestamp>4223.292976</timestamp>
			</report>
			<report>
				<misses>13212001</misses>
				<total>31</total>
				<timestamp>4223.612705</timestamp>
			</report>
			<report>
				<misses>13213001</misses>
				<total>31</total>
				<timestamp>4223.932383</timestamp>
			</report>
			<report>
				<misses>13214001</misses>
				<total>31</total>
				<timestamp>4224.252064</timestamp>
			</report>
			<report>
				<misses>13215001</misses>
				<total>31</total>
				<timestamp>4224.571685</timestamp>
			</report>
			<report>
				<misses>13216001</misses>
				<total>31</total>
				<timestamp>4224.891380</timestamp>
			</report>
			<report>
				<misses>13217001</misses>
				<total>31</total>
				<timestamp>4225.211059</timestamp>
			</report>
			<report>
				<misses>13218001</misses>
				<total>31</total>
				<timestamp>4225.530810</timestamp>
			</report>
			<report>
				<misses>13219001</misses>
				<total>31</total>
				<timestamp>4225.850594</timestamp>
			</report>
			<report>
				<misses>13220001</misses>
				<total>31</total>
				<timestamp>4226.170089</timestamp>
			</report>
			<report>
				<misses>13221001</misses>
				<total>31</total>
				<timestamp>4226.489821</timestamp>
			</report>
			<report>
				<misses>13222001</misses>
				<total>31</total>
				<timestamp>4226.809492</timestamp>
			</report>
			<report>
				<misses>13223001</misses>
				<total>31</total>
				<timestamp>4227.129129</timestamp>
			</report>
			<report>
				<misses>13224001</misses>
				<total>31</total>
				<timestamp>4227.448854</timestamp>
			</report>
			<report>
				<misses>13225001</misses>
				<total>30</total>
				<timestamp>4227.768661</timestamp>
			</report>
			<report>
				<misses>13226001</misses>
				<total>31</total>
				<timestamp>4228.088202</timestamp>
			</report>
			<report>
				<misses>13227001</misses>
				<total>31</total>
				<timestamp>4228.407958</timestamp>
			</report>
			<report>
				<misses>13228001</misses>
				<total>31</total>
				<timestamp>4228.727525</timestamp>
			</report>
			<report>
				<misses>13229001</misses>
				<total>30</total>
				<timestamp>4229.047316</timestamp>
			</report>
			<report>
				<misses>13230001</misses>
				<total>31</total>
				<timestamp>4229.366989</timestamp>
			</report>
			<report>
				<misses>13231001</misses>
				<total>32</total>
				<timestamp>4229.686712</timestamp>
			</report>
			<report>
				<misses>13232001</misses>
				<total>32</total>
				<timestamp>4230.006233</timestamp>
			</report>
			<report>
				<misses>13233001</misses>
				<total>32</total>
				<timestamp>4230.325939</timestamp>
			</report>
			<report>
				<misses>13234001</misses>
				<total>32</total>
				<timestamp>4230.645691</timestamp>
			</report>
			<report>
				<misses>13235001</misses>
				<total>32</total>
				<timestamp>4230.965305</timestamp>
			</report>
			<report>
				<misses>13236001</misses>
				<total>31</total>
				<timestamp>4231.285086</timestamp>
			</report>
			<report>
				<misses>13237001</misses>
				<total>32</total>
				<timestamp>4231.604698</timestamp>
			</report>
			<report>
				<misses>13238001</misses>
				<total>32</total>
				<timestamp>4231.924321</timestamp>
			</report>
			<report>
				<misses>13239001</misses>
				<total>32</total>
				<timestamp>4232.244059</timestamp>
			</report>
			<report>
				<misses>13240001</misses>
				<total>32</total>
				<timestamp>4232.563677</timestamp>
			</report>
			<report>
				<misses>13241001</misses>
				<total>32</total>
				<timestamp>4232.883419</timestamp>
			</report>
			<report>
				<misses>13242001</misses>
				<total>32</total>
				<timestamp>4233.203124</timestamp>
			</report>
			<report>
				<misses>13243001</misses>
				<total>32</total>
				<timestamp>4233.522774</timestamp>
			</report>
			<report>
				<misses>13244001</misses>
				<total>31</total>
				<timestamp>4233.842563</timestamp>
			</report>
			<report>
				<misses>13245001</misses>
				<total>31</total>
				<timestamp>4234.162326</timestamp>
			</report>
			<report>
				<misses>13246001</misses>
				<total>32</total>
				<timestamp>4234.481811</timestamp>
			</report>
			<report>
				<misses>13247001</misses>
				<total>32</total>
				<timestamp>4234.801442</timestamp>
			</report>
			<report>
				<misses>13248001</misses>
				<total>32</total>
				<timestamp>4235.121202</timestamp>
			</report>
			<report>
				<misses>13249001</misses>
				<total>32</total>
				<timestamp>4235.440944</timestamp>
			</report>
			<report>
				<misses>13250001</misses>
				<total>31</total>
				<timestamp>4235.760597</timestamp>
			</report>
			<report>
				<misses>13251001</misses>
				<total>32</total>
				<timestamp>4236.080217</timestamp>
			</report>
			<report>
				<misses>13252001</misses>
				<total>32</total>
				<timestamp>4236.399890</timestamp>
			</report>
			<report>
				<misses>13253001</misses>
				<total>32</total>
				<timestamp>4236.719582</timestamp>
			</report>
			<report>
				<misses>13254001</misses>
				<total>32</total>
				<timestamp>4237.039205</timestamp>
			</report>
			<report>
				<misses>13255001</misses>
				<total>32</total>
				<timestamp>4237.358984</timestamp>
			</report>
			<report>
				<misses>13256001</misses>
				<total>32</total>
				<timestamp>4237.678627</timestamp>
			</report>
			<report>
				<misses>13257001</misses>
				<total>32</total>
				<timestamp>4237.998277</timestamp>
			</report>
			<report>
				<misses>13258001</misses>
				<total>32</total>
				<timestamp>4238.317983</timestamp>
			</report>
			<report>
				<misses>13259001</misses>
				<total>32</total>
				<timestamp>4238.637712</timestamp>
			</report>
			<report>
				<misses>13260001</misses>
				<total>31</total>
				<timestamp>4238.957386</timestamp>
			</report>
			<report>
				<misses>13261001</misses>
				<total>32</total>
				<timestamp>4239.277079</timestamp>
			</report>
			<report>
				<misses>13262001</misses>
				<total>32</total>
				<timestamp>4239.596691</timestamp>
			</report>
			<report>
				<misses>13263001</misses>
				<total>31</total>
				<timestamp>4239.916420</timestamp>
			</report>
			<report>
				<misses>13264001</misses>
				<total>32</total>
				<timestamp>4240.236048</timestamp>
			</report>
			<report>
				<misses>13265001</misses>
				<total>32</total>
				<timestamp>4240.555724</timestamp>
			</report>
			<report>
				<misses>13266001</misses>
				<total>32</total>
				<timestamp>4240.875400</timestamp>
			</report>
			<report>
				<misses>13267001</misses>
				<total>32</total>
				<timestamp>4241.195093</timestamp>
			</report>
			<report>
				<misses>13268001</misses>
				<total>32</total>
				<timestamp>4241.514837</timestamp>
			</report>
			<report>
				<misses>13269001</misses>
				<total>32</total>
				<timestamp>4241.834578</timestamp>
			</report>
			<report>
				<misses>13270001</misses>
				<total>31</total>
				<timestamp>4242.154214</timestamp>
			</report>
			<report>
				<misses>13271001</misses>
				<total>32</total>
				<timestamp>4242.473836</timestamp>
			</report>
			<report>
				<misses>13272001</misses>
				<total>31</total>
				<timestamp>4242.793580</timestamp>
			</report>
			<report>
				<misses>13273001</misses>
				<total>32</total>
				<timestamp>4243.113142</timestamp>
			</report>
			<report>
				<misses>13274001</misses>
				<total>32</total>
				<timestamp>4243.432822</timestamp>
			</report>
			<report>
				<misses>13275001</misses>
				<total>32</total>
				<timestamp>4243.752481</timestamp>
			</report>
			<report>
				<misses>13276001</misses>
				<total>32</total>
				<timestamp>4244.072161</timestamp>
			</report>
			<report>
				<misses>13277001</misses>
				<total>32</total>
				<timestamp>4244.392011</timestamp>
			</report>
			<report>
				<misses>13278001</misses>
				<total>32</total>
				<timestamp>4244.711689</timestamp>
			</report>
			<report>
				<misses>13279001</misses>
				<total>31</total>
				<timestamp>4245.031308</timestamp>
			</report>
			<report>
				<misses>13280001</misses>
				<total>31</total>
				<timestamp>4245.351016</timestamp>
			</report>
			<report>
				<misses>13281001</misses>
				<total>32</total>
				<timestamp>4245.670584</timestamp>
			</report>
			<report>
				<misses>13282001</misses>
				<total>32</total>
				<timestamp>4245.990249</timestamp>
			</report>
			<report>
				<misses>13283001</misses>
				<total>31</total>
				<timestamp>4246.310048</timestamp>
			</report>
			<report>
				<misses>13284001</misses>
				<total>32</total>
				<timestamp>4246.629701</timestamp>
			</report>
			<report>
				<misses>13285001</misses>
				<total>32</total>
				<timestamp>4246.949278</timestamp>
			</report>
			<report>
				<misses>13286001</misses>
				<total>32</total>
				<timestamp>4247.269007</timestamp>
			</report>
			<report>
				<misses>13287001</misses>
				<total>32</total>
				<timestamp>4247.588713</timestamp>
			</report>
			<report>
				<misses>13288001</misses>
				<total>32</total>
				<timestamp>4247.908322</timestamp>
			</report>
			<report>
				<misses>13289001</misses>
				<total>32</total>
				<timestamp>4248.228047</timestamp>
			</report>
			<report>
				<misses>13290001</misses>
				<total>32</total>
				<timestamp>4248.547751</timestamp>
			</report>
			<report>
				<misses>13291001</misses>
				<total>32</total>
				<timestamp>4248.867383</timestamp>
			</report>
			<report>
				<misses>13292001</misses>
				<total>32</total>
				<timestamp>4249.187049</timestamp>
			</report>
			<report>
				<misses>13293001</misses>
				<total>31</total>
				<timestamp>4249.506819</timestamp>
			</report>
			<report>
				<misses>13294001</misses>
				<total>32</total>
				<timestamp>4249.826429</timestamp>
			</report>
			<report>
				<misses>13295001</misses>
				<total>32</total>
				<timestamp>4250.146096</timestamp>
			</report>
			<report>
				<misses>13296001</misses>
				<total>32</total>
				<timestamp>4250.465934</timestamp>
			</report>
			<report>
				<misses>13297001</misses>
				<total>32</total>
				<timestamp>4250.785441</timestamp>
			</report>
			<report>
				<misses>13298001</misses>
				<total>32</total>
				<timestamp>4251.105136</timestamp>
			</report>
			<report>
				<misses>13299001</misses>
				<total>32</total>
				<timestamp>4251.424954</timestamp>
			</report>
			<report>
				<misses>13300001</misses>
				<total>31</total>
				<timestamp>4251.744711</timestamp>
			</report>
			<report>
				<misses>13301001</misses>
				<total>32</total>
				<timestamp>4252.064191</timestamp>
			</report>
			<report>
				<misses>13302001</misses>
				<total>32</total>
				<timestamp>4252.383937</timestamp>
			</report>
			<report>
				<misses>13303001</misses>
				<total>32</total>
				<timestamp>4252.703694</timestamp>
			</report>
			<report>
				<misses>13304001</misses>
				<total>32</total>
				<timestamp>4253.023203</timestamp>
			</report>
			<report>
				<misses>13305001</misses>
				<total>32</total>
				<timestamp>4253.342983</timestamp>
			</report>
			<report>
				<misses>13306001</misses>
				<total>32</total>
				<timestamp>4253.662711</timestamp>
			</report>
			<report>
				<misses>13307001</misses>
				<total>32</total>
				<timestamp>4253.982285</timestamp>
			</report>
			<report>
				<misses>13308001</misses>
				<total>32</total>
				<timestamp>4254.302030</timestamp>
			</report>
			<report>
				<misses>13309001</misses>
				<total>32</total>
				<timestamp>4254.621685</timestamp>
			</report>
			<report>
				<misses>13310001</misses>
				<total>32</total>
				<timestamp>4254.941474</timestamp>
			</report>
			<report>
				<misses>13311001</misses>
				<total>32</total>
				<timestamp>4255.260992</timestamp>
			</report>
			<report>
				<misses>13312001</misses>
				<total>32</total>
				<timestamp>4255.580691</timestamp>
			</report>
			<report>
				<misses>13313001</misses>
				<total>31</total>
				<timestamp>4255.900416</timestamp>
			</report>
			<report>
				<misses>13314001</misses>
				<total>31</total>
				<timestamp>4256.220121</timestamp>
			</report>
			<report>
				<misses>13315001</misses>
				<total>32</total>
				<timestamp>4256.539819</timestamp>
			</report>
			<report>
				<misses>13316001</misses>
				<total>32</total>
				<timestamp>4256.859378</timestamp>
			</report>
			<report>
				<misses>13317001</misses>
				<total>32</total>
				<timestamp>4257.179077</timestamp>
			</report>
			<report>
				<misses>13318001</misses>
				<total>32</total>
				<timestamp>4257.498812</timestamp>
			</report>
			<report>
				<misses>13319001</misses>
				<total>32</total>
				<timestamp>4257.818526</timestamp>
			</report>
			<report>
				<misses>13320001</misses>
				<total>31</total>
				<timestamp>4258.138205</timestamp>
			</report>
			<report>
				<misses>13321001</misses>
				<total>32</total>
				<timestamp>4258.457957</timestamp>
			</report>
			<report>
				<misses>13322001</misses>
				<total>32</total>
				<timestamp>4258.777515</timestamp>
			</report>
			<report>
				<misses>13323001</misses>
				<total>32</total>
				<timestamp>4259.097123</timestamp>
			</report>
			<report>
				<misses>13324001</misses>
				<total>32</total>
				<timestamp>4259.416993</timestamp>
			</report>
			<report>
				<misses>13325001</misses>
				<total>31</total>
				<timestamp>4259.736583</timestamp>
			</report>
			<report>
				<misses>13326001</misses>
				<total>32</total>
				<timestamp>4260.056173</timestamp>
			</report>
			<report>
				<misses>13327001</misses>
				<total>32</total>
				<timestamp>4260.375866</timestamp>
			</report>
			<report>
				<misses>13328001</misses>
				<total>32</total>
				<timestamp>4260.695590</timestamp>
			</report>
			<report>
				<misses>13329001</misses>
				<total>32</total>
				<timestamp>4261.015291</timestamp>
			</report>
			<report>
				<misses>13330001</misses>
				<total>32</total>
				<timestamp>4261.334964</timestamp>
			</report>
			<report>
				<misses>13331001</misses>
				<total>32</total>
				<timestamp>4261.654569</timestamp>
			</report>
			<report>
				<misses>13332001</misses>
				<total>32</total>
				<timestamp>4261.974268</timestamp>
			</report>
			<report>
				<misses>13333001</misses>
				<total>32</total>
				<timestamp>4262.293981</timestamp>
			</report>
			<report>
				<misses>13334001</misses>
				<total>32</total>
				<timestamp>4262.613641</timestamp>
			</report>
			<report>
				<misses>13335001</misses>
				<total>32</total>
				<timestamp>4262.933364</timestamp>
			</report>
			<report>
				<misses>13336001</misses>
				<total>32</total>
				<timestamp>4263.253079</timestamp>
			</report>
			<report>
				<misses>13337001</misses>
				<total>32</total>
				<timestamp>4263.572669</timestamp>
			</report>
			<report>
				<misses>13338001</misses>
				<total>32</total>
				<timestamp>4263.892320</timestamp>
			</report>
			<report>
				<misses>13339001</misses>
				<total>31</total>
				<timestamp>4264.212111</timestamp>
			</report>
			<report>
				<misses>13340001</misses>
				<total>32</total>
				<timestamp>4264.531832</timestamp>
			</report>
			<report>
				<misses>13341001</misses>
				<total>32</total>
				<timestamp>4264.851383</timestamp>
			</report>
			<report>
				<misses>13342001</misses>
				<total>32</total>
				<timestamp>4265.171089</timestamp>
			</report>
			<report>
				<misses>13343001</misses>
				<total>31</total>
				<timestamp>4265.490839</timestamp>
			</report>
			<report>
				<misses>13344001</misses>
				<total>32</total>
				<timestamp>4265.810403</timestamp>
			</report>
			<report>
				<misses>13345001</misses>
				<total>32</total>
				<timestamp>4266.130103</timestamp>
			</report>
			<report>
				<misses>13346001</misses>
				<total>31</total>
				<timestamp>4266.449934</timestamp>
			</report>
			<report>
				<misses>13347001</misses>
				<total>31</total>
				<timestamp>4266.769575</timestamp>
			</report>
			<report>
				<misses>13348001</misses>
				<total>32</total>
				<timestamp>4267.089188</timestamp>
			</report>
			<report>
				<misses>13349001</misses>
				<total>32</total>
				<timestamp>4267.408946</timestamp>
			</report>
			<report>
				<misses>13350001</misses>
				<total>32</total>
				<timestamp>4267.728585</timestamp>
			</report>
			<report>
				<misses>13351001</misses>
				<total>32</total>
				<timestamp>4268.048182</timestamp>
			</report>
			<report>
				<misses>13352001</misses>
				<total>32</total>
				<timestamp>4268.367938</timestamp>
			</report>
			<report>
				<misses>13353001</misses>
				<total>32</total>
				<timestamp>4268.687578</timestamp>
			</report>
			<report>
				<misses>13354001</misses>
				<total>32</total>
				<timestamp>4269.007224</timestamp>
			</report>
			<report>
				<misses>13355001</misses>
				<total>32</total>
				<timestamp>4269.326947</timestamp>
			</report>
			<report>
				<misses>13356001</misses>
				<total>32</total>
				<timestamp>4269.646670</timestamp>
			</report>
			<report>
				<misses>13357001</misses>
				<total>32</total>
				<timestamp>4269.966278</timestamp>
			</report>
			<report>
				<misses>13358001</misses>
				<total>32</total>
				<timestamp>4270.285973</timestamp>
			</report>
			<report>
				<misses>13359001</misses>
				<total>32</total>
				<timestamp>4270.605648</timestamp>
			</report>
			<report>
				<misses>13360001</misses>
				<total>32</total>
				<timestamp>4270.925301</timestamp>
			</report>
			<report>
				<misses>13361001</misses>
				<total>32</total>
				<timestamp>4271.244966</timestamp>
			</report>
			<report>
				<misses>13362001</misses>
				<total>32</total>
				<timestamp>4271.564713</timestamp>
			</report>
			<report>
				<misses>13363001</misses>
				<total>32</total>
				<timestamp>4271.884446</timestamp>
			</report>
			<report>
				<misses>13364001</misses>
				<total>32</total>
				<timestamp>4272.204040</timestamp>
			</report>
			<report>
				<misses>13365001</misses>
				<total>32</total>
				<timestamp>4272.523738</timestamp>
			</report>
			<report>
				<misses>13366001</misses>
				<total>32</total>
				<timestamp>4272.843360</timestamp>
			</report>
			<report>
				<misses>13367001</misses>
				<total>31</total>
				<timestamp>4273.163141</timestamp>
			</report>
			<report>
				<misses>13368001</misses>
				<total>32</total>
				<timestamp>4273.482819</timestamp>
			</report>
			<report>
				<misses>13369001</misses>
				<total>32</total>
				<timestamp>4273.802418</timestamp>
			</report>
			<report>
				<misses>13370001</misses>
				<total>32</total>
				<timestamp>4274.122129</timestamp>
			</report>
			<report>
				<misses>13371001</misses>
				<total>32</total>
				<timestamp>4274.441833</timestamp>
			</report>
			<report>
				<misses>13372001</misses>
				<total>32</total>
				<timestamp>4274.761526</timestamp>
			</report>
			<report>
				<misses>13373001</misses>
				<total>32</total>
				<timestamp>4275.081267</timestamp>
			</report>
			<report>
				<misses>13374001</misses>
				<total>31</total>
				<timestamp>4275.400946</timestamp>
			</report>
			<report>
				<misses>13375001</misses>
				<total>32</total>
				<timestamp>4275.720591</timestamp>
			</report>
			<report>
				<misses>13376001</misses>
				<total>32</total>
				<timestamp>4276.040166</timestamp>
			</report>
			<report>
				<misses>13377001</misses>
				<total>32</total>
				<timestamp>4276.359958</timestamp>
			</report>
			<report>
				<misses>13378001</misses>
				<total>32</total>
				<timestamp>4276.679594</timestamp>
			</report>
			<report>
				<misses>13379001</misses>
				<total>32</total>
				<timestamp>4276.999203</timestamp>
			</report>
			<report>
				<misses>13380001</misses>
				<total>32</total>
				<timestamp>4277.318946</timestamp>
			</report>
			<report>
				<misses>13381001</misses>
				<total>32</total>
				<timestamp>4277.638576</timestamp>
			</report>
			<report>
				<misses>13382001</misses>
				<total>32</total>
				<timestamp>4277.958298</timestamp>
			</report>
			<report>
				<misses>13383001</misses>
				<total>32</total>
				<timestamp>4278.277950</timestamp>
			</report>
			<report>
				<misses>13384001</misses>
				<total>32</total>
				<timestamp>4278.597677</timestamp>
			</report>
			<report>
				<misses>13385001</misses>
				<total>32</total>
				<timestamp>4278.917319</timestamp>
			</report>
			<report>
				<misses>13386001</misses>
				<total>32</total>
				<timestamp>4279.236979</timestamp>
			</report>
			<report>
				<misses>13387001</misses>
				<total>32</total>
				<timestamp>4279.556720</timestamp>
			</report>
			<report>
				<misses>13388001</misses>
				<total>32</total>
				<timestamp>4279.876485</timestamp>
			</report>
			<report>
				<misses>13389001</misses>
				<total>32</total>
				<timestamp>4280.196079</timestamp>
			</report>
			<report>
				<misses>13390001</misses>
				<total>32</total>
				<timestamp>4280.515741</timestamp>
			</report>
			<report>
				<misses>13391001</misses>
				<total>32</total>
				<timestamp>4280.835424</timestamp>
			</report>
			<report>
				<misses>13392001</misses>
				<total>32</total>
				<timestamp>4281.155084</timestamp>
			</report>
			<report>
				<misses>13393001</misses>
				<total>32</total>
				<timestamp>4281.474853</timestamp>
			</report>
			<report>
				<misses>13394001</misses>
				<total>32</total>
				<timestamp>4281.794403</timestamp>
			</report>
			<report>
				<misses>13395001</misses>
				<total>32</total>
				<timestamp>4282.114279</timestamp>
			</report>
			<report>
				<misses>13396001</misses>
				<total>32</total>
				<timestamp>4282.433948</timestamp>
			</report>
			<report>
				<misses>13397001</misses>
				<total>31</total>
				<timestamp>4282.753527</timestamp>
			</report>
			<report>
				<misses>13398001</misses>
				<total>32</total>
				<timestamp>4283.073226</timestamp>
			</report>
			<report>
				<misses>13399001</misses>
				<total>32</total>
				<timestamp>4283.392957</timestamp>
			</report>
			<report>
				<misses>13400001</misses>
				<total>32</total>
				<timestamp>4283.712587</timestamp>
			</report>
			<report>
				<misses>13401001</misses>
				<total>32</total>
				<timestamp>4284.032172</timestamp>
			</report>
			<report>
				<misses>13402001</misses>
				<total>32</total>
				<timestamp>4284.351941</timestamp>
			</report>
			<report>
				<misses>13403001</misses>
				<total>32</total>
				<timestamp>4284.671721</timestamp>
			</report>
			<report>
				<misses>13404001</misses>
				<total>32</total>
				<timestamp>4284.991336</timestamp>
			</report>
			<report>
				<misses>13405001</misses>
				<total>32</total>
				<timestamp>4285.310900</timestamp>
			</report>
			<report>
				<misses>13406001</misses>
				<total>32</total>
				<timestamp>4285.630584</timestamp>
			</report>
			<report>
				<misses>13407001</misses>
				<total>32</total>
				<timestamp>4285.950272</timestamp>
			</report>
			<report>
				<misses>13408001</misses>
				<total>32</total>
				<timestamp>4286.269953</timestamp>
			</report>
			<report>
				<misses>13409001</misses>
				<total>32</total>
				<timestamp>4286.589790</timestamp>
			</report>
			<report>
				<misses>13410001</misses>
				<total>32</total>
				<timestamp>4286.909430</timestamp>
			</report>
			<report>
				<misses>13411001</misses>
				<total>31</total>
				<timestamp>4287.229079</timestamp>
			</report>
			<report>
				<misses>13412001</misses>
				<total>32</total>
				<timestamp>4287.548717</timestamp>
			</report>
			<report>
				<misses>13413001</misses>
				<total>32</total>
				<timestamp>4287.868384</timestamp>
			</report>
			<report>
				<misses>13414001</misses>
				<total>32</total>
				<timestamp>4288.188068</timestamp>
			</report>
			<report>
				<misses>13415001</misses>
				<total>32</total>
				<timestamp>4288.507724</timestamp>
			</report>
			<report>
				<misses>13416001</misses>
				<total>31</total>
				<timestamp>4288.827580</timestamp>
			</report>
			<report>
				<misses>13417001</misses>
				<total>32</total>
				<timestamp>4289.147061</timestamp>
			</report>
			<report>
				<misses>13418001</misses>
				<total>32</total>
				<timestamp>4289.466839</timestamp>
			</report>
			<report>
				<misses>13419001</misses>
				<total>31</total>
				<timestamp>4289.786528</timestamp>
			</report>
			<report>
				<misses>13420001</misses>
				<total>32</total>
				<timestamp>4290.106101</timestamp>
			</report>
			<report>
				<misses>13421001</misses>
				<total>32</total>
				<timestamp>4290.425792</timestamp>
			</report>
			<report>
				<misses>13422001</misses>
				<total>32</total>
				<timestamp>4290.745487</timestamp>
			</report>
			<report>
				<misses>13423001</misses>
				<total>32</total>
				<timestamp>4291.065197</timestamp>
			</report>
			<report>
				<misses>13424001</misses>
				<total>32</total>
				<timestamp>4291.384830</timestamp>
			</report>
			<report>
				<misses>13425001</misses>
				<total>32</total>
				<timestamp>4291.704565</timestamp>
			</report>
			<report>
				<misses>13426001</misses>
				<total>32</total>
				<timestamp>4292.024193</timestamp>
			</report>
			<report>
				<misses>13427001</misses>
				<total>32</total>
				<timestamp>4292.343956</timestamp>
			</report>
			<report>
				<misses>13428001</misses>
				<total>32</total>
				<timestamp>4292.663586</timestamp>
			</report>
			<report>
				<misses>13429001</misses>
				<total>32</total>
				<timestamp>4292.983217</timestamp>
			</report>
			<report>
				<misses>13430001</misses>
				<total>32</total>
				<timestamp>4293.302942</timestamp>
			</report>
			<report>
				<misses>13431001</misses>
				<total>32</total>
				<timestamp>4293.622602</timestamp>
			</report>
			<report>
				<misses>13432001</misses>
				<total>32</total>
				<timestamp>4293.942341</timestamp>
			</report>
			<report>
				<misses>13433001</misses>
				<total>32</total>
				<timestamp>4294.261956</timestamp>
			</report>
			<report>
				<misses>13434001</misses>
				<total>32</total>
				<timestamp>4294.581696</timestamp>
			</report>
			<report>
				<misses>13435001</misses>
				<total>32</total>
				<timestamp>4294.901299</timestamp>
			</report>
			<report>
				<misses>13436001</misses>
				<total>32</total>
				<timestamp>4295.221032</timestamp>
			</report>
			<report>
				<misses>13437001</misses>
				<total>32</total>
				<timestamp>4295.540718</timestamp>
			</report>
			<report>
				<misses>13438001</misses>
				<total>32</total>
				<timestamp>4295.860356</timestamp>
			</report>
			<report>
				<misses>13439001</misses>
				<total>32</total>
				<timestamp>4296.180136</timestamp>
			</report>
			<report>
				<misses>13440001</misses>
				<total>32</total>
				<timestamp>4296.499728</timestamp>
			</report>
			<report>
				<misses>13441001</misses>
				<total>32</total>
				<timestamp>4296.819434</timestamp>
			</report>
			<report>
				<misses>13442001</misses>
				<total>32</total>
				<timestamp>4297.139129</timestamp>
			</report>
			<report>
				<misses>13443001</misses>
				<total>32</total>
				<timestamp>4297.458833</timestamp>
			</report>
			<report>
				<misses>13444001</misses>
				<total>32</total>
				<timestamp>4297.778488</timestamp>
			</report>
			<report>
				<misses>13445001</misses>
				<total>32</total>
				<timestamp>4298.098101</timestamp>
			</report>
			<report>
				<misses>13446001</misses>
				<total>32</total>
				<timestamp>4298.417842</timestamp>
			</report>
			<report>
				<misses>13447001</misses>
				<total>32</total>
				<timestamp>4298.737577</timestamp>
			</report>
			<report>
				<misses>13448001</misses>
				<total>31</total>
				<timestamp>4299.057225</timestamp>
			</report>
			<report>
				<misses>13449001</misses>
				<total>31</total>
				<timestamp>4299.376930</timestamp>
			</report>
			<report>
				<misses>13450001</misses>
				<total>32</total>
				<timestamp>4299.696570</timestamp>
			</report>
			<report>
				<misses>13451001</misses>
				<total>32</total>
				<timestamp>4300.016250</timestamp>
			</report>
			<report>
				<misses>13452001</misses>
				<total>32</total>
				<timestamp>4300.335877</timestamp>
			</report>
			<report>
				<misses>13453001</misses>
				<total>32</total>
				<timestamp>4300.655564</timestamp>
			</report>
			<report>
				<misses>13454001</misses>
				<total>32</total>
				<timestamp>4300.975201</timestamp>
			</report>
			<report>
				<misses>13455001</misses>
				<total>32</total>
				<timestamp>4301.294935</timestamp>
			</report>
			<report>
				<misses>13456001</misses>
				<total>32</total>
				<timestamp>4301.614708</timestamp>
			</report>
			<report>
				<misses>13457001</misses>
				<total>32</total>
				<timestamp>4301.934247</timestamp>
			</report>
			<report>
				<misses>13458001</misses>
				<total>32</total>
				<timestamp>4302.253990</timestamp>
			</report>
			<report>
				<misses>13459001</misses>
				<total>32</total>
				<timestamp>4302.573662</timestamp>
			</report>
			<report>
				<misses>13460001</misses>
				<total>32</total>
				<timestamp>4302.893292</timestamp>
			</report>
			<report>
				<misses>13461001</misses>
				<total>32</total>
				<timestamp>4303.213063</timestamp>
			</report>
			<report>
				<misses>13462001</misses>
				<total>32</total>
				<timestamp>4303.532697</timestamp>
			</report>
			<report>
				<misses>13463001</misses>
				<total>32</total>
				<timestamp>4303.852369</timestamp>
			</report>
			<report>
				<misses>13464001</misses>
				<total>32</total>
				<timestamp>4304.172070</timestamp>
			</report>
			<report>
				<misses>13465001</misses>
				<total>32</total>
				<timestamp>4304.491776</timestamp>
			</report>
			<report>
				<misses>13466001</misses>
				<total>32</total>
				<timestamp>4304.811488</timestamp>
			</report>
			<report>
				<misses>13467001</misses>
				<total>32</total>
				<timestamp>4305.131085</timestamp>
			</report>
			<report>
				<misses>13468001</misses>
				<total>32</total>
				<timestamp>4305.450825</timestamp>
			</report>
			<report>
				<misses>13469001</misses>
				<total>32</total>
				<timestamp>4305.770569</timestamp>
			</report>
			<report>
				<misses>13470001</misses>
				<total>32</total>
				<timestamp>4306.090144</timestamp>
			</report>
			<report>
				<misses>13471001</misses>
				<total>32</total>
				<timestamp>4306.409845</timestamp>
			</report>
			<report>
				<misses>13472001</misses>
				<total>32</total>
				<timestamp>4306.729581</timestamp>
			</report>
			<report>
				<misses>13473001</misses>
				<total>32</total>
				<timestamp>4307.049163</timestamp>
			</report>
			<report>
				<misses>13474001</misses>
				<total>32</total>
				<timestamp>4307.368831</timestamp>
			</report>
			<report>
				<misses>13475001</misses>
				<total>32</total>
				<timestamp>4307.688583</timestamp>
			</report>
			<report>
				<misses>13476001</misses>
				<total>32</total>
				<timestamp>4308.008208</timestamp>
			</report>
			<report>
				<misses>13477001</misses>
				<total>32</total>
				<timestamp>4308.327916</timestamp>
			</report>
			<report>
				<misses>13478001</misses>
				<total>31</total>
				<timestamp>4308.647658</timestamp>
			</report>
			<report>
				<misses>13479001</misses>
				<total>32</total>
				<timestamp>4308.967275</timestamp>
			</report>
			<report>
				<misses>13480001</misses>
				<total>31</total>
				<timestamp>4309.287162</timestamp>
			</report>
			<report>
				<misses>13481001</misses>
				<total>32</total>
				<timestamp>4309.606615</timestamp>
			</report>
			<report>
				<misses>13482001</misses>
				<total>32</total>
				<timestamp>4309.926267</timestamp>
			</report>
			<report>
				<misses>13483001</misses>
				<total>32</total>
				<timestamp>4310.245942</timestamp>
			</report>
			<report>
				<misses>13484001</misses>
				<total>32</total>
				<timestamp>4310.565720</timestamp>
			</report>
			<report>
				<misses>13485001</misses>
				<total>32</total>
				<timestamp>4310.885297</timestamp>
			</report>
			<report>
				<misses>13486001</misses>
				<total>32</total>
				<timestamp>4311.205082</timestamp>
			</report>
			<report>
				<misses>13487001</misses>
				<total>32</total>
				<timestamp>4311.524704</timestamp>
			</report>
			<report>
				<misses>13488001</misses>
				<total>31</total>
				<timestamp>4311.844457</timestamp>
			</report>
			<report>
				<misses>13489001</misses>
				<total>32</total>
				<timestamp>4312.164087</timestamp>
			</report>
			<report>
				<misses>13490001</misses>
				<total>32</total>
				<timestamp>4312.483784</timestamp>
			</report>
			<report>
				<misses>13491001</misses>
				<total>32</total>
				<timestamp>4312.803413</timestamp>
			</report>
			<report>
				<misses>13492001</misses>
				<total>31</total>
				<timestamp>4313.123255</timestamp>
			</report>
			<report>
				<misses>13493001</misses>
				<total>32</total>
				<timestamp>4313.442800</timestamp>
			</report>
			<report>
				<misses>13494001</misses>
				<total>32</total>
				<timestamp>4313.762442</timestamp>
			</report>
			<report>
				<misses>13495001</misses>
				<total>32</total>
				<timestamp>4314.082109</timestamp>
			</report>
			<report>
				<misses>13496001</misses>
				<total>32</total>
				<timestamp>4314.401764</timestamp>
			</report>
			<report>
				<misses>13497001</misses>
				<total>31</total>
				<timestamp>4314.721553</timestamp>
			</report>
			<report>
				<misses>13498001</misses>
				<total>32</total>
				<timestamp>4315.041210</timestamp>
			</report>
			<report>
				<misses>13499001</misses>
				<total>32</total>
				<timestamp>4315.360868</timestamp>
			</report>
			<report>
				<misses>13500001</misses>
				<total>32</total>
				<timestamp>4315.680554</timestamp>
			</report>
			<report>
				<misses>13501001</misses>
				<total>32</total>
				<timestamp>4316.000168</timestamp>
			</report>
			<report>
				<misses>13502001</misses>
				<total>32</total>
				<timestamp>4316.319863</timestamp>
			</report>
			<report>
				<misses>13503001</misses>
				<total>33</total>
				<timestamp>4316.639587</timestamp>
			</report>
			<report>
				<misses>13504001</misses>
				<total>33</total>
				<timestamp>4316.959285</timestamp>
			</report>
			<report>
				<misses>13505001</misses>
				<total>33</total>
				<timestamp>4317.278946</timestamp>
			</report>
			<report>
				<misses>13506001</misses>
				<total>33</total>
				<timestamp>4317.598689</timestamp>
			</report>
			<report>
				<misses>13507001</misses>
				<total>33</total>
				<timestamp>4317.918255</timestamp>
			</report>
			<report>
				<misses>13508001</misses>
				<total>33</total>
				<timestamp>4318.237943</timestamp>
			</report>
			<report>
				<misses>13509001</misses>
				<total>33</total>
				<timestamp>4318.557702</timestamp>
			</report>
			<report>
				<misses>13510001</misses>
				<total>33</total>
				<timestamp>4318.877283</timestamp>
			</report>
			<report>
				<misses>13511001</misses>
				<total>33</total>
				<timestamp>4319.196968</timestamp>
			</report>
			<report>
				<misses>13512001</misses>
				<total>33</total>
				<timestamp>4319.516800</timestamp>
			</report>
			<report>
				<misses>13513001</misses>
				<total>33</total>
				<timestamp>4319.836417</timestamp>
			</report>
			<report>
				<misses>13514001</misses>
				<total>33</total>
				<timestamp>4320.156077</timestamp>
			</report>
			<report>
				<misses>13515001</misses>
				<total>33</total>
				<timestamp>4320.475685</timestamp>
			</report>
			<report>
				<misses>13516001</misses>
				<total>33</total>
				<timestamp>4320.795356</timestamp>
			</report>
			<report>
				<misses>13517001</misses>
				<total>33</total>
				<timestamp>4321.115039</timestamp>
			</report>
			<report>
				<misses>13518001</misses>
				<total>33</total>
				<timestamp>4321.434844</timestamp>
			</report>
			<report>
				<misses>13519001</misses>
				<total>33</total>
				<timestamp>4321.754454</timestamp>
			</report>
			<report>
				<misses>13520001</misses>
				<total>33</total>
				<timestamp>4322.074096</timestamp>
			</report>
			<report>
				<misses>13521001</misses>
				<total>33</total>
				<timestamp>4322.393797</timestamp>
			</report>
			<report>
				<misses>13522001</misses>
				<total>33</total>
				<timestamp>4322.713561</timestamp>
			</report>
			<report>
				<misses>13523001</misses>
				<total>33</total>
				<timestamp>4323.033150</timestamp>
			</report>
			<report>
				<misses>13524001</misses>
				<total>33</total>
				<timestamp>4323.352855</timestamp>
			</report>
			<report>
				<misses>13525001</misses>
				<total>33</total>
				<timestamp>4323.672560</timestamp>
			</report>
			<report>
				<misses>13526001</misses>
				<total>33</total>
				<timestamp>4323.992311</timestamp>
			</report>
			<report>
				<misses>13527001</misses>
				<total>33</total>
				<timestamp>4324.311958</timestamp>
			</report>
			<report>
				<misses>13528001</misses>
				<total>33</total>
				<timestamp>4324.631616</timestamp>
			</report>
			<report>
				<misses>13529001</misses>
				<total>33</total>
				<timestamp>4324.951198</timestamp>
			</report>
			<report>
				<misses>13530001</misses>
				<total>33</total>
				<timestamp>4325.270890</timestamp>
			</report>
			<report>
				<misses>13531001</misses>
				<total>33</total>
				<timestamp>4325.590571</timestamp>
			</report>
			<report>
				<misses>13532001</misses>
				<total>33</total>
				<timestamp>4325.910258</timestamp>
			</report>
			<report>
				<misses>13533001</misses>
				<total>33</total>
				<timestamp>4326.230022</timestamp>
			</report>
			<report>
				<misses>13534001</misses>
				<total>33</total>
				<timestamp>4326.549628</timestamp>
			</report>
			<report>
				<misses>13535001</misses>
				<total>33</total>
				<timestamp>4326.869486</timestamp>
			</report>
			<report>
				<misses>13536001</misses>
				<total>33</total>
				<timestamp>4327.188957</timestamp>
			</report>
			<report>
				<misses>13537001</misses>
				<total>33</total>
				<timestamp>4327.508671</timestamp>
			</report>
			<report>
				<misses>13538001</misses>
				<total>33</total>
				<timestamp>4327.828415</timestamp>
			</report>
			<report>
				<misses>13539001</misses>
				<total>33</total>
				<timestamp>4328.148090</timestamp>
			</report>
			<report>
				<misses>13540001</misses>
				<total>33</total>
				<timestamp>4328.467740</timestamp>
			</report>
			<report>
				<misses>13541001</misses>
				<total>33</total>
				<timestamp>4328.787447</timestamp>
			</report>
			<report>
				<misses>13542001</misses>
				<total>33</total>
				<timestamp>4329.107039</timestamp>
			</report>
			<report>
				<misses>13543001</misses>
				<total>33</total>
				<timestamp>4329.426846</timestamp>
			</report>
			<report>
				<misses>13544001</misses>
				<total>33</total>
				<timestamp>4329.746445</timestamp>
			</report>
			<report>
				<misses>13545001</misses>
				<total>33</total>
				<timestamp>4330.066159</timestamp>
			</report>
			<report>
				<misses>13546001</misses>
				<total>33</total>
				<timestamp>4330.385831</timestamp>
			</report>
			<report>
				<misses>13547001</misses>
				<total>33</total>
				<timestamp>4330.705451</timestamp>
			</report>
			<report>
				<misses>13548001</misses>
				<total>33</total>
				<timestamp>4331.025192</timestamp>
			</report>
			<report>
				<misses>13549001</misses>
				<total>33</total>
				<timestamp>4331.344814</timestamp>
			</report>
			<report>
				<misses>13550001</misses>
				<total>33</total>
				<timestamp>4331.664535</timestamp>
			</report>
			<report>
				<misses>13551001</misses>
				<total>33</total>
				<timestamp>4331.984183</timestamp>
			</report>
			<report>
				<misses>13552001</misses>
				<total>33</total>
				<timestamp>4332.303957</timestamp>
			</report>
			<report>
				<misses>13553001</misses>
				<total>33</total>
				<timestamp>4332.623581</timestamp>
			</report>
			<report>
				<misses>13554001</misses>
				<total>33</total>
				<timestamp>4332.943258</timestamp>
			</report>
			<report>
				<misses>13555001</misses>
				<total>33</total>
				<timestamp>4333.262885</timestamp>
			</report>
			<report>
				<misses>13556001</misses>
				<total>33</total>
				<timestamp>4333.582590</timestamp>
			</report>
			<report>
				<misses>13557001</misses>
				<total>33</total>
				<timestamp>4333.902316</timestamp>
			</report>
			<report>
				<misses>13558001</misses>
				<total>33</total>
				<timestamp>4334.221975</timestamp>
			</report>
			<report>
				<misses>13559001</misses>
				<total>33</total>
				<timestamp>4334.541636</timestamp>
			</report>
			<report>
				<misses>13560001</misses>
				<total>33</total>
				<timestamp>4334.861338</timestamp>
			</report>
			<report>
				<misses>13561001</misses>
				<total>33</total>
				<timestamp>4335.181070</timestamp>
			</report>
			<report>
				<misses>13562001</misses>
				<total>32</total>
				<timestamp>4335.500751</timestamp>
			</report>
			<report>
				<misses>13563001</misses>
				<total>33</total>
				<timestamp>4335.820364</timestamp>
			</report>
			<report>
				<misses>13564001</misses>
				<total>33</total>
				<timestamp>4336.140082</timestamp>
			</report>
			<report>
				<misses>13565001</misses>
				<total>33</total>
				<timestamp>4336.459674</timestamp>
			</report>
			<report>
				<misses>13566001</misses>
				<total>33</total>
				<timestamp>4336.779413</timestamp>
			</report>
			<report>
				<misses>13567001</misses>
				<total>33</total>
				<timestamp>4337.099059</timestamp>
			</report>
			<report>
				<misses>13568001</misses>
				<total>32</total>
				<timestamp>4337.418827</timestamp>
			</report>
			<report>
				<misses>13569001</misses>
				<total>33</total>
				<timestamp>4337.738410</timestamp>
			</report>
			<report>
				<misses>13570001</misses>
				<total>33</total>
				<timestamp>4338.058080</timestamp>
			</report>
			<report>
				<misses>13571001</misses>
				<total>33</total>
				<timestamp>4338.377816</timestamp>
			</report>
			<report>
				<misses>13572001</misses>
				<total>33</total>
				<timestamp>4338.697505</timestamp>
			</report>
			<report>
				<misses>13573001</misses>
				<total>33</total>
				<timestamp>4339.017127</timestamp>
			</report>
			<report>
				<misses>13574001</misses>
				<total>32</total>
				<timestamp>4339.336897</timestamp>
			</report>
			<report>
				<misses>13575001</misses>
				<total>33</total>
				<timestamp>4339.656531</timestamp>
			</report>
			<report>
				<misses>13576001</misses>
				<total>32</total>
				<timestamp>4339.976283</timestamp>
			</report>
			<report>
				<misses>13577001</misses>
				<total>33</total>
				<timestamp>4340.295874</timestamp>
			</report>
			<report>
				<misses>13578001</misses>
				<total>33</total>
				<timestamp>4340.615554</timestamp>
			</report>
			<report>
				<misses>13579001</misses>
				<total>33</total>
				<timestamp>4340.935216</timestamp>
			</report>
			<report>
				<misses>13580001</misses>
				<total>33</total>
				<timestamp>4341.254894</timestamp>
			</report>
			<report>
				<misses>13581001</misses>
				<total>33</total>
				<timestamp>4341.574594</timestamp>
			</report>
			<report>
				<misses>13582001</misses>
				<total>33</total>
				<timestamp>4341.894281</timestamp>
			</report>
			<report>
				<misses>13583001</misses>
				<total>33</total>
				<timestamp>4342.213956</timestamp>
			</report>
			<report>
				<misses>13584001</misses>
				<total>33</total>
				<timestamp>4342.533657</timestamp>
			</report>
			<report>
				<misses>13585001</misses>
				<total>33</total>
				<timestamp>4342.853301</timestamp>
			</report>
			<report>
				<misses>13586001</misses>
				<total>33</total>
				<timestamp>4343.173028</timestamp>
			</report>
			<report>
				<misses>13587001</misses>
				<total>33</total>
				<timestamp>4343.492725</timestamp>
			</report>
			<report>
				<misses>13588001</misses>
				<total>33</total>
				<timestamp>4343.812393</timestamp>
			</report>
			<report>
				<misses>13589001</misses>
				<total>33</total>
				<timestamp>4344.132118</timestamp>
			</report>
			<report>
				<misses>13590001</misses>
				<total>33</total>
				<timestamp>4344.451795</timestamp>
			</report>
			<report>
				<misses>13591001</misses>
				<total>33</total>
				<timestamp>4344.771531</timestamp>
			</report>
			<report>
				<misses>13592001</misses>
				<total>33</total>
				<timestamp>4345.091119</timestamp>
			</report>
			<report>
				<misses>13593001</misses>
				<total>33</total>
				<timestamp>4345.410763</timestamp>
			</report>
			<report>
				<misses>13594001</misses>
				<total>32</total>
				<timestamp>4345.730506</timestamp>
			</report>
			<report>
				<misses>13595001</misses>
				<total>33</total>
				<timestamp>4346.050117</timestamp>
			</report>
			<report>
				<misses>13596001</misses>
				<total>33</total>
				<timestamp>4346.369837</timestamp>
			</report>
			<report>
				<misses>13597001</misses>
				<total>33</total>
				<timestamp>4346.689492</timestamp>
			</report>
			<report>
				<misses>13598001</misses>
				<total>33</total>
				<timestamp>4347.009215</timestamp>
			</report>
			<report>
				<misses>13599001</misses>
				<total>33</total>
				<timestamp>4347.328968</timestamp>
			</report>
			<report>
				<misses>13600001</misses>
				<total>33</total>
				<timestamp>4347.648607</timestamp>
			</report>
			<report>
				<misses>13601001</misses>
				<total>33</total>
				<timestamp>4347.968154</timestamp>
			</report>
			<report>
				<misses>13602001</misses>
				<total>33</total>
				<timestamp>4348.287855</timestamp>
			</report>
			<report>
				<misses>13603001</misses>
				<total>33</total>
				<timestamp>4348.607576</timestamp>
			</report>
			<report>
				<misses>13604001</misses>
				<total>33</total>
				<timestamp>4348.927203</timestamp>
			</report>
			<report>
				<misses>13605001</misses>
				<total>33</total>
				<timestamp>4349.246982</timestamp>
			</report>
			<report>
				<misses>13606001</misses>
				<total>33</total>
				<timestamp>4349.566678</timestamp>
			</report>
			<report>
				<misses>13607001</misses>
				<total>33</total>
				<timestamp>4349.886298</timestamp>
			</report>
			<report>
				<misses>13608001</misses>
				<total>33</total>
				<timestamp>4350.205941</timestamp>
			</report>
			<report>
				<misses>13609001</misses>
				<total>33</total>
				<timestamp>4350.525705</timestamp>
			</report>
			<report>
				<misses>13610001</misses>
				<total>33</total>
				<timestamp>4350.845383</timestamp>
			</report>
			<report>
				<misses>13611001</misses>
				<total>33</total>
				<timestamp>4351.164962</timestamp>
			</report>
			<report>
				<misses>13612001</misses>
				<total>33</total>
				<timestamp>4351.484662</timestamp>
			</report>
			<report>
				<misses>13613001</misses>
				<total>33</total>
				<timestamp>4351.804528</timestamp>
			</report>
			<report>
				<misses>13614001</misses>
				<total>33</total>
				<timestamp>4352.123998</timestamp>
			</report>
			<report>
				<misses>13615001</misses>
				<total>33</total>
				<timestamp>4352.443728</timestamp>
			</report>
			<report>
				<misses>13616001</misses>
				<total>33</total>
				<timestamp>4352.763436</timestamp>
			</report>
			<report>
				<misses>13617001</misses>
				<total>33</total>
				<timestamp>4353.083086</timestamp>
			</report>
			<report>
				<misses>13618001</misses>
				<total>33</total>
				<timestamp>4353.402716</timestamp>
			</report>
			<report>
				<misses>13619001</misses>
				<total>33</total>
				<timestamp>4353.722425</timestamp>
			</report>
			<report>
				<misses>13620001</misses>
				<total>33</total>
				<timestamp>4354.042173</timestamp>
			</report>
			<report>
				<misses>13621001</misses>
				<total>33</total>
				<timestamp>4354.361815</timestamp>
			</report>
			<report>
				<misses>13622001</misses>
				<total>33</total>
				<timestamp>4354.681454</timestamp>
			</report>
			<report>
				<misses>13623001</misses>
				<total>33</total>
				<timestamp>4355.001196</timestamp>
			</report>
			<report>
				<misses>13624001</misses>
				<total>33</total>
				<timestamp>4355.320794</timestamp>
			</report>
			<report>
				<misses>13625001</misses>
				<total>33</total>
				<timestamp>4355.640499</timestamp>
			</report>
			<report>
				<misses>13626001</misses>
				<total>33</total>
				<timestamp>4355.960156</timestamp>
			</report>
			<report>
				<misses>13627001</misses>
				<total>33</total>
				<timestamp>4356.279873</timestamp>
			</report>
			<report>
				<misses>13628001</misses>
				<total>33</total>
				<timestamp>4356.599540</timestamp>
			</report>
			<report>
				<misses>13629001</misses>
				<total>33</total>
				<timestamp>4356.919307</timestamp>
			</report>
			<report>
				<misses>13630001</misses>
				<total>33</total>
				<timestamp>4357.238921</timestamp>
			</report>
			<report>
				<misses>13631001</misses>
				<total>33</total>
				<timestamp>4357.558561</timestamp>
			</report>
			<report>
				<misses>13632001</misses>
				<total>33</total>
				<timestamp>4357.878262</timestamp>
			</report>
			<report>
				<misses>13633001</misses>
				<total>33</total>
				<timestamp>4358.197976</timestamp>
			</report>
			<report>
				<misses>13634001</misses>
				<total>33</total>
				<timestamp>4358.517636</timestamp>
			</report>
			<report>
				<misses>13635001</misses>
				<total>33</total>
				<timestamp>4358.837345</timestamp>
			</report>
			<report>
				<misses>13636001</misses>
				<total>33</total>
				<timestamp>4359.156981</timestamp>
			</report>
			<report>
				<misses>13637001</misses>
				<total>33</total>
				<timestamp>4359.476658</timestamp>
			</report>
			<report>
				<misses>13638001</misses>
				<total>33</total>
				<timestamp>4359.796373</timestamp>
			</report>
			<report>
				<misses>13639001</misses>
				<total>33</total>
				<timestamp>4360.116020</timestamp>
			</report>
			<report>
				<misses>13640001</misses>
				<total>33</total>
				<timestamp>4360.435711</timestamp>
			</report>
			<report>
				<misses>13641001</misses>
				<total>33</total>
				<timestamp>4360.755420</timestamp>
			</report>
			<report>
				<misses>13642001</misses>
				<total>33</total>
				<timestamp>4361.075044</timestamp>
			</report>
			<report>
				<misses>13643001</misses>
				<total>33</total>
				<timestamp>4361.394737</timestamp>
			</report>
			<report>
				<misses>13644001</misses>
				<total>33</total>
				<timestamp>4361.714436</timestamp>
			</report>
			<report>
				<misses>13645001</misses>
				<total>33</total>
				<timestamp>4362.034196</timestamp>
			</report>
			<report>
				<misses>13646001</misses>
				<total>33</total>
				<timestamp>4362.353771</timestamp>
			</report>
			<report>
				<misses>13647001</misses>
				<total>33</total>
				<timestamp>4362.673518</timestamp>
			</report>
			<report>
				<misses>13648001</misses>
				<total>33</total>
				<timestamp>4362.993223</timestamp>
			</report>
			<report>
				<misses>13649001</misses>
				<total>33</total>
				<timestamp>4363.312865</timestamp>
			</report>
			<report>
				<misses>13650001</misses>
				<total>33</total>
				<timestamp>4363.632572</timestamp>
			</report>
			<report>
				<misses>13651001</misses>
				<total>33</total>
				<timestamp>4363.952209</timestamp>
			</report>
			<report>
				<misses>13652001</misses>
				<total>32</total>
				<timestamp>4364.271948</timestamp>
			</report>
			<report>
				<misses>13653001</misses>
				<total>33</total>
				<timestamp>4364.591571</timestamp>
			</report>
			<report>
				<misses>13654001</misses>
				<total>33</total>
				<timestamp>4364.911270</timestamp>
			</report>
			<report>
				<misses>13655001</misses>
				<total>33</total>
				<timestamp>4365.230929</timestamp>
			</report>
			<report>
				<misses>13656001</misses>
				<total>33</total>
				<timestamp>4365.550647</timestamp>
			</report>
			<report>
				<misses>13657001</misses>
				<total>33</total>
				<timestamp>4365.870292</timestamp>
			</report>
			<report>
				<misses>13658001</misses>
				<total>33</total>
				<timestamp>4366.190075</timestamp>
			</report>
			<report>
				<misses>13659001</misses>
				<total>33</total>
				<timestamp>4366.509638</timestamp>
			</report>
			<report>
				<misses>13660001</misses>
				<total>33</total>
				<timestamp>4366.829327</timestamp>
			</report>
			<report>
				<misses>13661001</misses>
				<total>33</total>
				<timestamp>4367.148985</timestamp>
			</report>
			<report>
				<misses>13662001</misses>
				<total>33</total>
				<timestamp>4367.468655</timestamp>
			</report>
			<report>
				<misses>13663001</misses>
				<total>33</total>
				<timestamp>4367.788352</timestamp>
			</report>
			<report>
				<misses>13664001</misses>
				<total>33</total>
				<timestamp>4368.108068</timestamp>
			</report>
			<report>
				<misses>13665001</misses>
				<total>33</total>
				<timestamp>4368.427755</timestamp>
			</report>
			<report>
				<misses>13666001</misses>
				<total>33</total>
				<timestamp>4368.747460</timestamp>
			</report>
			<report>
				<misses>13667001</misses>
				<total>33</total>
				<timestamp>4369.067064</timestamp>
			</report>
			<report>
				<misses>13668001</misses>
				<total>33</total>
				<timestamp>4369.386792</timestamp>
			</report>
			<report>
				<misses>13669001</misses>
				<total>33</total>
				<timestamp>4369.706449</timestamp>
			</report>
			<report>
				<misses>13670001</misses>
				<total>33</total>
				<timestamp>4370.026106</timestamp>
			</report>
			<report>
				<misses>13671001</misses>
				<total>33</total>
				<timestamp>4370.345829</timestamp>
			</report>
			<report>
				<misses>13672001</misses>
				<total>33</total>
				<timestamp>4370.665485</timestamp>
			</report>
			<report>
				<misses>13673001</misses>
				<total>33</total>
				<timestamp>4370.985172</timestamp>
			</report>
			<report>
				<misses>13674001</misses>
				<total>33</total>
				<timestamp>4371.304823</timestamp>
			</report>
			<report>
				<misses>13675001</misses>
				<total>33</total>
				<timestamp>4371.624510</timestamp>
			</report>
			<report>
				<misses>13676001</misses>
				<total>32</total>
				<timestamp>4371.944310</timestamp>
			</report>
			<report>
				<misses>13677001</misses>
				<total>33</total>
				<timestamp>4372.263881</timestamp>
			</report>
			<report>
				<misses>13678001</misses>
				<total>33</total>
				<timestamp>4372.583533</timestamp>
			</report>
			<report>
				<misses>13679001</misses>
				<total>33</total>
				<timestamp>4372.903263</timestamp>
			</report>
			<report>
				<misses>13680001</misses>
				<total>33</total>
				<timestamp>4373.222938</timestamp>
			</report>
			<report>
				<misses>13681001</misses>
				<total>33</total>
				<timestamp>4373.542617</timestamp>
			</report>
			<report>
				<misses>13682001</misses>
				<total>33</total>
				<timestamp>4373.862278</timestamp>
			</report>
			<report>
				<misses>13683001</misses>
				<total>33</total>
				<timestamp>4374.181931</timestamp>
			</report>
			<report>
				<misses>13684001</misses>
				<total>33</total>
				<timestamp>4374.501714</timestamp>
			</report>
			<report>
				<misses>13685001</misses>
				<total>33</total>
				<timestamp>4374.821368</timestamp>
			</report>
			<report>
				<misses>13686001</misses>
				<total>33</total>
				<timestamp>4375.141094</timestamp>
			</report>
			<report>
				<misses>13687001</misses>
				<total>33</total>
				<timestamp>4375.460705</timestamp>
			</report>
			<report>
				<misses>13688001</misses>
				<total>33</total>
				<timestamp>4375.780409</timestamp>
			</report>
			<report>
				<misses>13689001</misses>
				<total>33</total>
				<timestamp>4376.100044</timestamp>
			</report>
			<report>
				<misses>13690001</misses>
				<total>32</total>
				<timestamp>4376.419812</timestamp>
			</report>
			<report>
				<misses>13691001</misses>
				<total>33</total>
				<timestamp>4376.739449</timestamp>
			</report>
			<report>
				<misses>13692001</misses>
				<total>33</total>
				<timestamp>4377.059188</timestamp>
			</report>
			<report>
				<misses>13693001</misses>
				<total>33</total>
				<timestamp>4377.378772</timestamp>
			</report>
			<report>
				<misses>13694001</misses>
				<total>33</total>
				<timestamp>4377.698486</timestamp>
			</report>
			<report>
				<misses>13695001</misses>
				<total>33</total>
				<timestamp>4378.018179</timestamp>
			</report>
			<report>
				<misses>13696001</misses>
				<total>33</total>
				<timestamp>4378.337792</timestamp>
			</report>
			<report>
				<misses>13697001</misses>
				<total>33</total>
				<timestamp>4378.657519</timestamp>
			</report>
			<report>
				<misses>13698001</misses>
				<total>32</total>
				<timestamp>4378.977247</timestamp>
			</report>
			<report>
				<misses>13699001</misses>
				<total>33</total>
				<timestamp>4379.296815</timestamp>
			</report>
			<report>
				<misses>13700001</misses>
				<total>33</total>
				<timestamp>4379.616477</timestamp>
			</report>
			<report>
				<misses>13701001</misses>
				<total>33</total>
				<timestamp>4379.936244</timestamp>
			</report>
			<report>
				<misses>13702001</misses>
				<total>33</total>
				<timestamp>4380.255937</timestamp>
			</report>
			<report>
				<misses>13703001</misses>
				<total>33</total>
				<timestamp>4380.575582</timestamp>
			</report>
			<report>
				<misses>13704001</misses>
				<total>33</total>
				<timestamp>4380.895273</timestamp>
			</report>
			<report>
				<misses>13705001</misses>
				<total>33</total>
				<timestamp>4381.214874</timestamp>
			</report>
			<report>
				<misses>13706001</misses>
				<total>33</total>
				<timestamp>4381.534651</timestamp>
			</report>
			<report>
				<misses>13707001</misses>
				<total>33</total>
				<timestamp>4381.854317</timestamp>
			</report>
			<report>
				<misses>13708001</misses>
				<total>33</total>
				<timestamp>4382.173924</timestamp>
			</report>
			<report>
				<misses>13709001</misses>
				<total>33</total>
				<timestamp>4382.493609</timestamp>
			</report>
			<report>
				<misses>13710001</misses>
				<total>33</total>
				<timestamp>4382.813304</timestamp>
			</report>
			<report>
				<misses>13711001</misses>
				<total>33</total>
				<timestamp>4383.132970</timestamp>
			</report>
			<report>
				<misses>13712001</misses>
				<total>33</total>
				<timestamp>4383.452639</timestamp>
			</report>
			<report>
				<misses>13713001</misses>
				<total>33</total>
				<timestamp>4383.772333</timestamp>
			</report>
			<report>
				<misses>13714001</misses>
				<total>33</total>
				<timestamp>4384.092066</timestamp>
			</report>
			<report>
				<misses>13715001</misses>
				<total>33</total>
				<timestamp>4384.411688</timestamp>
			</report>
			<report>
				<misses>13716001</misses>
				<total>33</total>
				<timestamp>4384.731437</timestamp>
			</report>
			<report>
				<misses>13717001</misses>
				<total>33</total>
				<timestamp>4385.051077</timestamp>
			</report>
			<report>
				<misses>13718001</misses>
				<total>33</total>
				<timestamp>4385.370735</timestamp>
			</report>
			<report>
				<misses>13719001</misses>
				<total>33</total>
				<timestamp>4385.690559</timestamp>
			</report>
			<report>
				<misses>13720001</misses>
				<total>32</total>
				<timestamp>4386.010230</timestamp>
			</report>
			<report>
				<misses>13721001</misses>
				<total>32</total>
				<timestamp>4386.329874</timestamp>
			</report>
			<report>
				<misses>13722001</misses>
				<total>33</total>
				<timestamp>4386.649439</timestamp>
			</report>
			<report>
				<misses>13723001</misses>
				<total>32</total>
				<timestamp>4386.969228</timestamp>
			</report>
			<report>
				<misses>13724001</misses>
				<total>33</total>
				<timestamp>4387.288832</timestamp>
			</report>
			<report>
				<misses>13725001</misses>
				<total>33</total>
				<timestamp>4387.608570</timestamp>
			</report>
			<report>
				<misses>13726001</misses>
				<total>33</total>
				<timestamp>4387.928217</timestamp>
			</report>
			<report>
				<misses>13727001</misses>
				<total>33</total>
				<timestamp>4388.247873</timestamp>
			</report>
			<report>
				<misses>13728001</misses>
				<total>33</total>
				<timestamp>4388.567568</timestamp>
			</report>
			<report>
				<misses>13729001</misses>
				<total>33</total>
				<timestamp>4388.887300</timestamp>
			</report>
			<report>
				<misses>13730001</misses>
				<total>33</total>
				<timestamp>4389.206958</timestamp>
			</report>
			<report>
				<misses>13731001</misses>
				<total>33</total>
				<timestamp>4389.526629</timestamp>
			</report>
			<report>
				<misses>13732001</misses>
				<total>33</total>
				<timestamp>4389.846304</timestamp>
			</report>
			<report>
				<misses>13733001</misses>
				<total>33</total>
				<timestamp>4390.165974</timestamp>
			</report>
			<report>
				<misses>13734001</misses>
				<total>32</total>
				<timestamp>4390.485722</timestamp>
			</report>
			<report>
				<misses>13735001</misses>
				<total>33</total>
				<timestamp>4390.805345</timestamp>
			</report>
			<report>
				<misses>13736001</misses>
				<total>33</total>
				<timestamp>4391.125055</timestamp>
			</report>
			<report>
				<misses>13737001</misses>
				<total>33</total>
				<timestamp>4391.444654</timestamp>
			</report>
			<report>
				<misses>13738001</misses>
				<total>33</total>
				<timestamp>4391.764373</timestamp>
			</report>
			<report>
				<misses>13739001</misses>
				<total>33</total>
				<timestamp>4392.084016</timestamp>
			</report>
			<report>
				<misses>13740001</misses>
				<total>33</total>
				<timestamp>4392.403689</timestamp>
			</report>
			<report>
				<misses>13741001</misses>
				<total>33</total>
				<timestamp>4392.723364</timestamp>
			</report>
			<report>
				<misses>13742001</misses>
				<total>33</total>
				<timestamp>4393.043050</timestamp>
			</report>
			<report>
				<misses>13743001</misses>
				<total>33</total>
				<timestamp>4393.362752</timestamp>
			</report>
			<report>
				<misses>13744001</misses>
				<total>33</total>
				<timestamp>4393.682397</timestamp>
			</report>
			<report>
				<misses>13745001</misses>
				<total>33</total>
				<timestamp>4394.002222</timestamp>
			</report>
			<report>
				<misses>13746001</misses>
				<total>33</total>
				<timestamp>4394.321792</timestamp>
			</report>
			<report>
				<misses>13747001</misses>
				<total>33</total>
				<timestamp>4394.641488</timestamp>
			</report>
			<report>
				<misses>13748001</misses>
				<total>32</total>
				<timestamp>4394.961276</timestamp>
			</report>
			<report>
				<misses>13749001</misses>
				<total>33</total>
				<timestamp>4395.280907</timestamp>
			</report>
			<report>
				<misses>13750001</misses>
				<total>33</total>
				<timestamp>4395.600526</timestamp>
			</report>
			<report>
				<misses>13751001</misses>
				<total>33</total>
				<timestamp>4395.920261</timestamp>
			</report>
			<report>
				<misses>13752001</misses>
				<total>33</total>
				<timestamp>4396.240011</timestamp>
			</report>
			<report>
				<misses>13753001</misses>
				<total>33</total>
				<timestamp>4396.559644</timestamp>
			</report>
			<report>
				<misses>13754001</misses>
				<total>33</total>
				<timestamp>4396.879222</timestamp>
			</report>
			<report>
				<misses>13755001</misses>
				<total>33</total>
				<timestamp>4397.198929</timestamp>
			</report>
			<report>
				<misses>13756001</misses>
				<total>33</total>
				<timestamp>4397.518579</timestamp>
			</report>
			<report>
				<misses>13757001</misses>
				<total>33</total>
				<timestamp>4397.838246</timestamp>
			</report>
			<report>
				<misses>13758001</misses>
				<total>33</total>
				<timestamp>4398.157944</timestamp>
			</report>
			<report>
				<misses>13759001</misses>
				<total>33</total>
				<timestamp>4398.477609</timestamp>
			</report>
			<report>
				<misses>13760001</misses>
				<total>33</total>
				<timestamp>4398.797356</timestamp>
			</report>
			<report>
				<misses>13761001</misses>
				<total>33</total>
				<timestamp>4399.117045</timestamp>
			</report>
			<report>
				<misses>13762001</misses>
				<total>33</total>
				<timestamp>4399.436664</timestamp>
			</report>
			<report>
				<misses>13763001</misses>
				<total>33</total>
				<timestamp>4399.756323</timestamp>
			</report>
			<report>
				<misses>13764001</misses>
				<total>33</total>
				<timestamp>4400.076071</timestamp>
			</report>
			<report>
				<misses>13765001</misses>
				<total>33</total>
				<timestamp>4400.395752</timestamp>
			</report>
			<report>
				<misses>13766001</misses>
				<total>33</total>
				<timestamp>4400.715357</timestamp>
			</report>
			<report>
				<misses>13767001</misses>
				<total>33</total>
				<timestamp>4401.035037</timestamp>
			</report>
			<report>
				<misses>13768001</misses>
				<total>33</total>
				<timestamp>4401.354733</timestamp>
			</report>
			<report>
				<misses>13769001</misses>
				<total>33</total>
				<timestamp>4401.674475</timestamp>
			</report>
			<report>
				<misses>13770001</misses>
				<total>33</total>
				<timestamp>4401.994194</timestamp>
			</report>
			<report>
				<misses>13771001</misses>
				<total>33</total>
				<timestamp>4402.313864</timestamp>
			</report>
			<report>
				<misses>13772001</misses>
				<total>33</total>
				<timestamp>4402.633572</timestamp>
			</report>
			<report>
				<misses>13773001</misses>
				<total>33</total>
				<timestamp>4402.953176</timestamp>
			</report>
			<report>
				<misses>13774001</misses>
				<total>33</total>
				<timestamp>4403.272941</timestamp>
			</report>
			<report>
				<misses>13775001</misses>
				<total>33</total>
				<timestamp>4403.592585</timestamp>
			</report>
			<report>
				<misses>13776001</misses>
				<total>33</total>
				<timestamp>4403.912300</timestamp>
			</report>
			<report>
				<misses>13777001</misses>
				<total>33</total>
				<timestamp>4404.231953</timestamp>
			</report>
			<report>
				<misses>13778001</misses>
				<total>33</total>
				<timestamp>4404.551531</timestamp>
			</report>
			<report>
				<misses>13779001</misses>
				<total>33</total>
				<timestamp>4404.871337</timestamp>
			</report>
			<report>
				<misses>13780001</misses>
				<total>33</total>
				<timestamp>4405.191057</timestamp>
			</report>
			<report>
				<misses>13781001</misses>
				<total>32</total>
				<timestamp>4405.510672</timestamp>
			</report>
			<report>
				<misses>13782001</misses>
				<total>33</total>
				<timestamp>4405.830314</timestamp>
			</report>
			<report>
				<misses>13783001</misses>
				<total>33</total>
				<timestamp>4406.150035</timestamp>
			</report>
			<report>
				<misses>13784001</misses>
				<total>33</total>
				<timestamp>4406.469643</timestamp>
			</report>
			<report>
				<misses>13785001</misses>
				<total>33</total>
				<timestamp>4406.789361</timestamp>
			</report>
			<report>
				<misses>13786001</misses>
				<total>33</total>
				<timestamp>4407.109177</timestamp>
			</report>
			<report>
				<misses>13787001</misses>
				<total>32</total>
				<timestamp>4407.428886</timestamp>
			</report>
			<report>
				<misses>13788001</misses>
				<total>33</total>
				<timestamp>4407.748394</timestamp>
			</report>
			<report>
				<misses>13789001</misses>
				<total>33</total>
				<timestamp>4408.068204</timestamp>
			</report>
			<report>
				<misses>13790001</misses>
				<total>33</total>
				<timestamp>4408.387776</timestamp>
			</report>
			<report>
				<misses>13791001</misses>
				<total>33</total>
				<timestamp>4408.707432</timestamp>
			</report>
			<report>
				<misses>13792001</misses>
				<total>33</total>
				<timestamp>4409.027213</timestamp>
			</report>
			<report>
				<misses>13793001</misses>
				<total>33</total>
				<timestamp>4409.346802</timestamp>
			</report>
			<report>
				<misses>13794001</misses>
				<total>33</total>
				<timestamp>4409.666545</timestamp>
			</report>
			<report>
				<misses>13795001</misses>
				<total>33</total>
				<timestamp>4409.986226</timestamp>
			</report>
			<report>
				<misses>13796001</misses>
				<total>33</total>
				<timestamp>4410.305908</timestamp>
			</report>
			<report>
				<misses>13797001</misses>
				<total>33</total>
				<timestamp>4410.625542</timestamp>
			</report>
			<report>
				<misses>13798001</misses>
				<total>33</total>
				<timestamp>4410.945214</timestamp>
			</report>
			<report>
				<misses>13799001</misses>
				<total>33</total>
				<timestamp>4411.264911</timestamp>
			</report>
			<report>
				<misses>13800001</misses>
				<total>33</total>
				<timestamp>4411.584539</timestamp>
			</report>
			<report>
				<misses>13801001</misses>
				<total>33</total>
				<timestamp>4411.904236</timestamp>
			</report>
			<report>
				<misses>13802001</misses>
				<total>33</total>
				<timestamp>4412.223952</timestamp>
			</report>
			<report>
				<misses>13803001</misses>
				<total>33</total>
				<timestamp>4412.543640</timestamp>
			</report>
			<report>
				<misses>13804001</misses>
				<total>33</total>
				<timestamp>4412.863297</timestamp>
			</report>
			<report>
				<misses>13805001</misses>
				<total>33</total>
				<timestamp>4413.183022</timestamp>
			</report>
			<report>
				<misses>13806001</misses>
				<total>33</total>
				<timestamp>4413.502676</timestamp>
			</report>
			<report>
				<misses>13807001</misses>
				<total>33</total>
				<timestamp>4413.822366</timestamp>
			</report>
			<report>
				<misses>13808001</misses>
				<total>33</total>
				<timestamp>4414.141987</timestamp>
			</report>
			<report>
				<misses>13809001</misses>
				<total>33</total>
				<timestamp>4414.461646</timestamp>
			</report>
			<report>
				<misses>13810001</misses>
				<total>33</total>
				<timestamp>4414.781366</timestamp>
			</report>
			<report>
				<misses>13811001</misses>
				<total>33</total>
				<timestamp>4415.101000</timestamp>
			</report>
			<report>
				<misses>13812001</misses>
				<total>33</total>
				<timestamp>4415.420689</timestamp>
			</report>
			<report>
				<misses>13813001</misses>
				<total>33</total>
				<timestamp>4415.740325</timestamp>
			</report>
			<report>
				<misses>13814001</misses>
				<total>33</total>
				<timestamp>4416.060067</timestamp>
			</report>
			<report>
				<misses>13815001</misses>
				<total>32</total>
				<timestamp>4416.379809</timestamp>
			</report>
			<report>
				<misses>13816001</misses>
				<total>33</total>
				<timestamp>4416.699433</timestamp>
			</report>
			<report>
				<misses>13817001</misses>
				<total>33</total>
				<timestamp>4417.019087</timestamp>
			</report>
			<report>
				<misses>13818001</misses>
				<total>33</total>
				<timestamp>4417.338748</timestamp>
			</report>
			<report>
				<misses>13819001</misses>
				<total>33</total>
				<timestamp>4417.658419</timestamp>
			</report>
			<report>
				<misses>13820001</misses>
				<total>33</total>
				<timestamp>4417.978087</timestamp>
			</report>
			<report>
				<misses>13821001</misses>
				<total>32</total>
				<timestamp>4418.297894</timestamp>
			</report>
			<report>
				<misses>13822001</misses>
				<total>33</total>
				<timestamp>4418.617445</timestamp>
			</report>
			<report>
				<misses>13823001</misses>
				<total>33</total>
				<timestamp>4418.937125</timestamp>
			</report>
			<report>
				<misses>13824001</misses>
				<total>33</total>
				<timestamp>4419.256828</timestamp>
			</report>
			<report>
				<misses>13825001</misses>
				<total>33</total>
				<timestamp>4419.576509</timestamp>
			</report>
			<report>
				<misses>13826001</misses>
				<total>32</total>
				<timestamp>4419.896270</timestamp>
			</report>
			<report>
				<misses>13827001</misses>
				<total>33</total>
				<timestamp>4420.215882</timestamp>
			</report>
			<report>
				<misses>13828001</misses>
				<total>33</total>
				<timestamp>4420.535533</timestamp>
			</report>
			<report>
				<misses>13829001</misses>
				<total>33</total>
				<timestamp>4420.855239</timestamp>
			</report>
			<report>
				<misses>13830001</misses>
				<total>33</total>
				<timestamp>4421.174906</timestamp>
			</report>
			<report>
				<misses>13831001</misses>
				<total>33</total>
				<timestamp>4421.494623</timestamp>
			</report>
			<report>
				<misses>13832001</misses>
				<total>32</total>
				<timestamp>4421.814372</timestamp>
			</report>
			<report>
				<misses>13833001</misses>
				<total>33</total>
				<timestamp>4422.133980</timestamp>
			</report>
			<report>
				<misses>13834001</misses>
				<total>33</total>
				<timestamp>4422.453588</timestamp>
			</report>
			<report>
				<misses>13835001</misses>
				<total>33</total>
				<timestamp>4422.773290</timestamp>
			</report>
			<report>
				<misses>13836001</misses>
				<total>33</total>
				<timestamp>4423.093022</timestamp>
			</report>
			<report>
				<misses>13837001</misses>
				<total>32</total>
				<timestamp>4423.412758</timestamp>
			</report>
			<report>
				<misses>13838001</misses>
				<total>33</total>
				<timestamp>4423.732344</timestamp>
			</report>
			<report>
				<misses>13839001</misses>
				<total>33</total>
				<timestamp>4424.052059</timestamp>
			</report>
			<report>
				<misses>13840001</misses>
				<total>33</total>
				<timestamp>4424.371746</timestamp>
			</report>
			<report>
				<misses>13841001</misses>
				<total>33</total>
				<timestamp>4424.691439</timestamp>
			</report>
			<report>
				<misses>13842001</misses>
				<total>33</total>
				<timestamp>4425.011154</timestamp>
			</report>
			<report>
				<misses>13843001</misses>
				<total>33</total>
				<timestamp>4425.330808</timestamp>
			</report>
			<report>
				<misses>13844001</misses>
				<total>33</total>
				<timestamp>4425.650535</timestamp>
			</report>
			<report>
				<misses>13845001</misses>
				<total>33</total>
				<timestamp>4425.970126</timestamp>
			</report>
			<report>
				<misses>13846001</misses>
				<total>33</total>
				<timestamp>4426.289827</timestamp>
			</report>
			<report>
				<misses>13847001</misses>
				<total>33</total>
				<timestamp>4426.609528</timestamp>
			</report>
			<report>
				<misses>13848001</misses>
				<total>33</total>
				<timestamp>4426.929269</timestamp>
			</report>
			<report>
				<misses>13849001</misses>
				<total>33</total>
				<timestamp>4427.248923</timestamp>
			</report>
			<report>
				<misses>13850001</misses>
				<total>33</total>
				<timestamp>4427.568614</timestamp>
			</report>
			<report>
				<misses>13851001</misses>
				<total>33</total>
				<timestamp>4427.888271</timestamp>
			</report>
			<report>
				<misses>13852001</misses>
				<total>33</total>
				<timestamp>4428.207918</timestamp>
			</report>
			<report>
				<misses>13853001</misses>
				<total>33</total>
				<timestamp>4428.527612</timestamp>
			</report>
			<report>
				<misses>13854001</misses>
				<total>33</total>
				<timestamp>4428.847206</timestamp>
			</report>
			<report>
				<misses>13855001</misses>
				<total>33</total>
				<timestamp>4429.166905</timestamp>
			</report>
			<report>
				<misses>13856001</misses>
				<total>33</total>
				<timestamp>4429.486577</timestamp>
			</report>
			<report>
				<misses>13857001</misses>
				<total>33</total>
				<timestamp>4429.806271</timestamp>
			</report>
			<report>
				<misses>13858001</misses>
				<total>32</total>
				<timestamp>4430.126036</timestamp>
			</report>
			<report>
				<misses>13859001</misses>
				<total>33</total>
				<timestamp>4430.445687</timestamp>
			</report>
			<report>
				<misses>13860001</misses>
				<total>33</total>
				<timestamp>4430.765285</timestamp>
			</report>
			<report>
				<misses>13861001</misses>
				<total>33</total>
				<timestamp>4431.084990</timestamp>
			</report>
			<report>
				<misses>13862001</misses>
				<total>32</total>
				<timestamp>4431.404775</timestamp>
			</report>
			<report>
				<misses>13863001</misses>
				<total>33</total>
				<timestamp>4431.724399</timestamp>
			</report>
			<report>
				<misses>13864001</misses>
				<total>33</total>
				<timestamp>4432.044060</timestamp>
			</report>
			<report>
				<misses>13865001</misses>
				<total>33</total>
				<timestamp>4432.363741</timestamp>
			</report>
			<report>
				<misses>13866001</misses>
				<total>33</total>
				<timestamp>4432.683468</timestamp>
			</report>
			<report>
				<misses>13867001</misses>
				<total>33</total>
				<timestamp>4433.003255</timestamp>
			</report>
			<report>
				<misses>13868001</misses>
				<total>33</total>
				<timestamp>4433.322792</timestamp>
			</report>
			<report>
				<misses>13869001</misses>
				<total>33</total>
				<timestamp>4433.642432</timestamp>
			</report>
			<report>
				<misses>13870001</misses>
				<total>33</total>
				<timestamp>4433.962209</timestamp>
			</report>
			<report>
				<misses>13871001</misses>
				<total>33</total>
				<timestamp>4434.281842</timestamp>
			</report>
			<report>
				<misses>13872001</misses>
				<total>33</total>
				<timestamp>4434.601577</timestamp>
			</report>
			<report>
				<misses>13873001</misses>
				<total>33</total>
				<timestamp>4434.921268</timestamp>
			</report>
			<report>
				<misses>13874001</misses>
				<total>33</total>
				<timestamp>4435.240895</timestamp>
			</report>
			<report>
				<misses>13875001</misses>
				<total>33</total>
				<timestamp>4435.560597</timestamp>
			</report>
			<report>
				<misses>13876001</misses>
				<total>33</total>
				<timestamp>4435.880300</timestamp>
			</report>
			<report>
				<misses>13877001</misses>
				<total>33</total>
				<timestamp>4436.199990</timestamp>
			</report>
			<report>
				<misses>13878001</misses>
				<total>33</total>
				<timestamp>4436.519568</timestamp>
			</report>
			<report>
				<misses>13879001</misses>
				<total>33</total>
				<timestamp>4436.839314</timestamp>
			</report>
			<report>
				<misses>13880001</misses>
				<total>33</total>
				<timestamp>4437.158921</timestamp>
			</report>
			<report>
				<misses>13881001</misses>
				<total>33</total>
				<timestamp>4437.478649</timestamp>
			</report>
			<report>
				<misses>13882001</misses>
				<total>33</total>
				<timestamp>4437.798262</timestamp>
			</report>
			<report>
				<misses>13883001</misses>
				<total>32</total>
				<timestamp>4438.118153</timestamp>
			</report>
			<report>
				<misses>13884001</misses>
				<total>32</total>
				<timestamp>4438.437729</timestamp>
			</report>
			<report>
				<misses>13885001</misses>
				<total>33</total>
				<timestamp>4438.757272</timestamp>
			</report>
			<report>
				<misses>13886001</misses>
				<total>33</total>
				<timestamp>4439.077032</timestamp>
			</report>
			<report>
				<misses>13887001</misses>
				<total>33</total>
				<timestamp>4439.396753</timestamp>
			</report>
			<report>
				<misses>13888001</misses>
				<total>33</total>
				<timestamp>4439.716324</timestamp>
			</report>
			<report>
				<misses>13889001</misses>
				<total>33</total>
				<timestamp>4440.036075</timestamp>
			</report>
			<report>
				<misses>13890001</misses>
				<total>32</total>
				<timestamp>4440.355854</timestamp>
			</report>
			<report>
				<misses>13891001</misses>
				<total>33</total>
				<timestamp>4440.675473</timestamp>
			</report>
			<report>
				<misses>13892001</misses>
				<total>33</total>
				<timestamp>4440.995121</timestamp>
			</report>
			<report>
				<misses>13893001</misses>
				<total>33</total>
				<timestamp>4441.314736</timestamp>
			</report>
			<report>
				<misses>13894001</misses>
				<total>32</total>
				<timestamp>4441.634541</timestamp>
			</report>
			<report>
				<misses>13895001</misses>
				<total>33</total>
				<timestamp>4441.954116</timestamp>
			</report>
			<report>
				<misses>13896001</misses>
				<total>33</total>
				<timestamp>4442.273847</timestamp>
			</report>
			<report>
				<misses>13897001</misses>
				<total>33</total>
				<timestamp>4442.593438</timestamp>
			</report>
			<report>
				<misses>13898001</misses>
				<total>33</total>
				<timestamp>4442.913292</timestamp>
			</report>
			<report>
				<misses>13899001</misses>
				<total>33</total>
				<timestamp>4443.232961</timestamp>
			</report>
			<report>
				<misses>13900001</misses>
				<total>33</total>
				<timestamp>4443.552549</timestamp>
			</report>
			<report>
				<misses>13901001</misses>
				<total>33</total>
				<timestamp>4443.872211</timestamp>
			</report>
			<report>
				<misses>13902001</misses>
				<total>33</total>
				<timestamp>4444.191975</timestamp>
			</report>
			<report>
				<misses>13903001</misses>
				<total>33</total>
				<timestamp>4444.511531</timestamp>
			</report>
			<report>
				<misses>13904001</misses>
				<total>32</total>
				<timestamp>4444.831307</timestamp>
			</report>
			<report>
				<misses>13905001</misses>
				<total>33</total>
				<timestamp>4445.150877</timestamp>
			</report>
			<report>
				<misses>13906001</misses>
				<total>33</total>
				<timestamp>4445.470573</timestamp>
			</report>
			<report>
				<misses>13907001</misses>
				<total>33</total>
				<timestamp>4445.790237</timestamp>
			</report>
			<report>
				<misses>13908001</misses>
				<total>33</total>
				<timestamp>4446.110014</timestamp>
			</report>
			<report>
				<misses>13909001</misses>
				<total>33</total>
				<timestamp>4446.429653</timestamp>
			</report>
			<report>
				<misses>13910001</misses>
				<total>33</total>
				<timestamp>4446.749278</timestamp>
			</report>
			<report>
				<misses>13911001</misses>
				<total>33</total>
				<timestamp>4447.069052</timestamp>
			</report>
			<report>
				<misses>13912001</misses>
				<total>32</total>
				<timestamp>4447.388835</timestamp>
			</report>
			<report>
				<misses>13913001</misses>
				<total>33</total>
				<timestamp>4447.708406</timestamp>
			</report>
			<report>
				<misses>13914001</misses>
				<total>33</total>
				<timestamp>4448.028069</timestamp>
			</report>
			<report>
				<misses>13915001</misses>
				<total>33</total>
				<timestamp>4448.347862</timestamp>
			</report>
			<report>
				<misses>13916001</misses>
				<total>33</total>
				<timestamp>4448.667475</timestamp>
			</report>
			<report>
				<misses>13917001</misses>
				<total>33</total>
				<timestamp>4448.987084</timestamp>
			</report>
			<report>
				<misses>13918001</misses>
				<total>33</total>
				<timestamp>4449.306784</timestamp>
			</report>
			<report>
				<misses>13919001</misses>
				<total>33</total>
				<timestamp>4449.626442</timestamp>
			</report>
			<report>
				<misses>13920001</misses>
				<total>33</total>
				<timestamp>4449.946125</timestamp>
			</report>
			<report>
				<misses>13921001</misses>
				<total>33</total>
				<timestamp>4450.265874</timestamp>
			</report>
			<report>
				<misses>13922001</misses>
				<total>33</total>
				<timestamp>4450.585654</timestamp>
			</report>
			<report>
				<misses>13923001</misses>
				<total>33</total>
				<timestamp>4450.905214</timestamp>
			</report>
			<report>
				<misses>13924001</misses>
				<total>33</total>
				<timestamp>4451.224966</timestamp>
			</report>
			<report>
				<misses>13925001</misses>
				<total>33</total>
				<timestamp>4451.544499</timestamp>
			</report>
			<report>
				<misses>13926001</misses>
				<total>33</total>
				<timestamp>4451.864243</timestamp>
			</report>
			<report>
				<misses>13927001</misses>
				<total>32</total>
				<timestamp>4452.184058</timestamp>
			</report>
			<report>
				<misses>13928001</misses>
				<total>33</total>
				<timestamp>4452.503583</timestamp>
			</report>
			<report>
				<misses>13929001</misses>
				<total>32</total>
				<timestamp>4452.823352</timestamp>
			</report>
			<report>
				<misses>13930001</misses>
				<total>33</total>
				<timestamp>4453.142918</timestamp>
			</report>
			<report>
				<misses>13931001</misses>
				<total>33</total>
				<timestamp>4453.462737</timestamp>
			</report>
			<report>
				<misses>13932001</misses>
				<total>33</total>
				<timestamp>4453.782312</timestamp>
			</report>
			<report>
				<misses>13933001</misses>
				<total>33</total>
				<timestamp>4454.101963</timestamp>
			</report>
			<report>
				<misses>13934001</misses>
				<total>33</total>
				<timestamp>4454.421681</timestamp>
			</report>
			<report>
				<misses>13935001</misses>
				<total>33</total>
				<timestamp>4454.741286</timestamp>
			</report>
			<report>
				<misses>13936001</misses>
				<total>33</total>
				<timestamp>4455.060965</timestamp>
			</report>
			<report>
				<misses>13937001</misses>
				<total>33</total>
				<timestamp>4455.380712</timestamp>
			</report>
			<report>
				<misses>13938001</misses>
				<total>33</total>
				<timestamp>4455.700325</timestamp>
			</report>
			<report>
				<misses>13939001</misses>
				<total>33</total>
				<timestamp>4456.020040</timestamp>
			</report>
			<report>
				<misses>13940001</misses>
				<total>33</total>
				<timestamp>4456.339777</timestamp>
			</report>
			<report>
				<misses>13941001</misses>
				<total>33</total>
				<timestamp>4456.659365</timestamp>
			</report>
			<report>
				<misses>13942001</misses>
				<total>33</total>
				<timestamp>4456.979051</timestamp>
			</report>
			<report>
				<misses>13943001</misses>
				<total>33</total>
				<timestamp>4457.298742</timestamp>
			</report>
			<report>
				<misses>13944001</misses>
				<total>33</total>
				<timestamp>4457.618439</timestamp>
			</report>
			<report>
				<misses>13945001</misses>
				<total>33</total>
				<timestamp>4457.938081</timestamp>
			</report>
			<report>
				<misses>13946001</misses>
				<total>33</total>
				<timestamp>4458.257838</timestamp>
			</report>
			<report>
				<misses>13947001</misses>
				<total>33</total>
				<timestamp>4458.577467</timestamp>
			</report>
			<report>
				<misses>13948001</misses>
				<total>33</total>
				<timestamp>4458.897148</timestamp>
			</report>
			<report>
				<misses>13949001</misses>
				<total>33</total>
				<timestamp>4459.216878</timestamp>
			</report>
			<report>
				<misses>13950001</misses>
				<total>33</total>
				<timestamp>4459.536566</timestamp>
			</report>
			<report>
				<misses>13951001</misses>
				<total>33</total>
				<timestamp>4459.856230</timestamp>
			</report>
			<report>
				<misses>13952001</misses>
				<total>33</total>
				<timestamp>4460.175864</timestamp>
			</report>
			<report>
				<misses>13953001</misses>
				<total>33</total>
				<timestamp>4460.495557</timestamp>
			</report>
			<report>
				<misses>13954001</misses>
				<total>33</total>
				<timestamp>4460.815282</timestamp>
			</report>
			<report>
				<misses>13955001</misses>
				<total>33</total>
				<timestamp>4461.134910</timestamp>
			</report>
			<report>
				<misses>13956001</misses>
				<total>33</total>
				<timestamp>4461.454622</timestamp>
			</report>
			<report>
				<misses>13957001</misses>
				<total>33</total>
				<timestamp>4461.774246</timestamp>
			</report>
			<report>
				<misses>13958001</misses>
				<total>33</total>
				<timestamp>4462.093950</timestamp>
			</report>
			<report>
				<misses>13959001</misses>
				<total>33</total>
				<timestamp>4462.413633</timestamp>
			</report>
			<report>
				<misses>13960001</misses>
				<total>33</total>
				<timestamp>4462.733288</timestamp>
			</report>
			<report>
				<misses>13961001</misses>
				<total>33</total>
				<timestamp>4463.052957</timestamp>
			</report>
			<report>
				<misses>13962001</misses>
				<total>33</total>
				<timestamp>4463.372702</timestamp>
			</report>
			<report>
				<misses>13963001</misses>
				<total>33</total>
				<timestamp>4463.692339</timestamp>
			</report>
			<report>
				<misses>13964001</misses>
				<total>33</total>
				<timestamp>4464.012114</timestamp>
			</report>
			<report>
				<misses>13965001</misses>
				<total>33</total>
				<timestamp>4464.331880</timestamp>
			</report>
			<report>
				<misses>13966001</misses>
				<total>33</total>
				<timestamp>4464.651457</timestamp>
			</report>
			<report>
				<misses>13967001</misses>
				<total>33</total>
				<timestamp>4464.971029</timestamp>
			</report>
			<report>
				<misses>13968001</misses>
				<total>33</total>
				<timestamp>4465.290779</timestamp>
			</report>
			<report>
				<misses>13969001</misses>
				<total>33</total>
				<timestamp>4465.610452</timestamp>
			</report>
			<report>
				<misses>13970001</misses>
				<total>33</total>
				<timestamp>4465.930088</timestamp>
			</report>
			<report>
				<misses>13971001</misses>
				<total>32</total>
				<timestamp>4466.249872</timestamp>
			</report>
			<report>
				<misses>13972001</misses>
				<total>33</total>
				<timestamp>4466.569440</timestamp>
			</report>
			<report>
				<misses>13973001</misses>
				<total>33</total>
				<timestamp>4466.889119</timestamp>
			</report>
			<report>
				<misses>13974001</misses>
				<total>33</total>
				<timestamp>4467.208842</timestamp>
			</report>
			<report>
				<misses>13975001</misses>
				<total>33</total>
				<timestamp>4467.528518</timestamp>
			</report>
			<report>
				<misses>13976001</misses>
				<total>33</total>
				<timestamp>4467.848166</timestamp>
			</report>
			<report>
				<misses>13977001</misses>
				<total>33</total>
				<timestamp>4468.167870</timestamp>
			</report>
			<report>
				<misses>13978001</misses>
				<total>33</total>
				<timestamp>4468.487629</timestamp>
			</report>
			<report>
				<misses>13979001</misses>
				<total>33</total>
				<timestamp>4468.807215</timestamp>
			</report>
			<report>
				<misses>13980001</misses>
				<total>33</total>
				<timestamp>4469.126894</timestamp>
			</report>
			<report>
				<misses>13981001</misses>
				<total>33</total>
				<timestamp>4469.446606</timestamp>
			</report>
			<report>
				<misses>13982001</misses>
				<total>33</total>
				<timestamp>4469.766242</timestamp>
			</report>
			<report>
				<misses>13983001</misses>
				<total>32</total>
				<timestamp>4470.086033</timestamp>
			</report>
			<report>
				<misses>13984001</misses>
				<total>33</total>
				<timestamp>4470.405626</timestamp>
			</report>
			<report>
				<misses>13985001</misses>
				<total>32</total>
				<timestamp>4470.725401</timestamp>
			</report>
			<report>
				<misses>13986001</misses>
				<total>33</total>
				<timestamp>4471.044965</timestamp>
			</report>
			<report>
				<misses>13987001</misses>
				<total>33</total>
				<timestamp>4471.364723</timestamp>
			</report>
			<report>
				<misses>13988001</misses>
				<total>33</total>
				<timestamp>4471.684339</timestamp>
			</report>
			<report>
				<misses>13989001</misses>
				<total>33</total>
				<timestamp>4472.004004</timestamp>
			</report>
			<report>
				<misses>13990001</misses>
				<total>33</total>
				<timestamp>4472.323708</timestamp>
			</report>
			<report>
				<misses>13991001</misses>
				<total>33</total>
				<timestamp>4472.643419</timestamp>
			</report>
			<report>
				<misses>13992001</misses>
				<total>33</total>
				<timestamp>4472.963107</timestamp>
			</report>
			<report>
				<misses>13993001</misses>
				<total>33</total>
				<timestamp>4473.282829</timestamp>
			</report>
			<report>
				<misses>13994001</misses>
				<total>33</total>
				<timestamp>4473.602415</timestamp>
			</report>
			<report>
				<misses>13995001</misses>
				<total>32</total>
				<timestamp>4473.922189</timestamp>
			</report>
			<report>
				<misses>13996001</misses>
				<total>33</total>
				<timestamp>4474.241840</timestamp>
			</report>
			<report>
				<misses>13997001</misses>
				<total>33</total>
				<timestamp>4474.561462</timestamp>
			</report>
			<report>
				<misses>13998001</misses>
				<total>33</total>
				<timestamp>4474.881161</timestamp>
			</report>
			<report>
				<misses>13999001</misses>
				<total>32</total>
				<timestamp>4475.200919</timestamp>
			</report>
			<report>
				<misses>14000001</misses>
				<total>33</total>
				<timestamp>4475.520536</timestamp>
			</report>
			<report>
				<misses>14001001</misses>
				<total>33</total>
				<timestamp>4475.840207</timestamp>
			</report>
			<report>
				<misses>14002001</misses>
				<total>33</total>
				<timestamp>4476.159894</timestamp>
			</report>
			<report>
				<misses>14003001</misses>
				<total>33</total>
				<timestamp>4476.479541</timestamp>
			</report>
			<report>
				<misses>14004001</misses>
				<total>33</total>
				<timestamp>4476.799239</timestamp>
			</report>
			<report>
				<misses>14005001</misses>
				<total>33</total>
				<timestamp>4477.118877</timestamp>
			</report>
			<report>
				<misses>14006001</misses>
				<total>32</total>
				<timestamp>4477.438670</timestamp>
			</report>
			<report>
				<misses>14007001</misses>
				<total>33</total>
				<timestamp>4477.758246</timestamp>
			</report>
			<report>
				<misses>14008001</misses>
				<total>33</total>
				<timestamp>4478.077949</timestamp>
			</report>
			<report>
				<misses>14009001</misses>
				<total>33</total>
				<timestamp>4478.397677</timestamp>
			</report>
			<report>
				<misses>14010001</misses>
				<total>33</total>
				<timestamp>4478.717378</timestamp>
			</report>
			<report>
				<misses>14011001</misses>
				<total>33</total>
				<timestamp>4479.037011</timestamp>
			</report>
			<report>
				<misses>14012001</misses>
				<total>33</total>
				<timestamp>4479.356697</timestamp>
			</report>
			<report>
				<misses>14013001</misses>
				<total>33</total>
				<timestamp>4479.676344</timestamp>
			</report>
			<report>
				<misses>14014001</misses>
				<total>33</total>
				<timestamp>4479.996005</timestamp>
			</report>
			<report>
				<misses>14015001</misses>
				<total>33</total>
				<timestamp>4480.315673</timestamp>
			</report>
			<report>
				<misses>14016001</misses>
				<total>33</total>
				<timestamp>4480.635369</timestamp>
			</report>
			<report>
				<misses>14017001</misses>
				<total>33</total>
				<timestamp>4480.955081</timestamp>
			</report>
			<report>
				<misses>14018001</misses>
				<total>33</total>
				<timestamp>4481.274742</timestamp>
			</report>
			<report>
				<misses>14019001</misses>
				<total>33</total>
				<timestamp>4481.594410</timestamp>
			</report>
			<report>
				<misses>14020001</misses>
				<total>33</total>
				<timestamp>4481.914105</timestamp>
			</report>
			<report>
				<misses>14021001</misses>
				<total>33</total>
				<timestamp>4482.233812</timestamp>
			</report>
			<report>
				<misses>14022001</misses>
				<total>33</total>
				<timestamp>4482.553523</timestamp>
			</report>
			<report>
				<misses>14023001</misses>
				<total>33</total>
				<timestamp>4482.873243</timestamp>
			</report>
			<report>
				<misses>14024001</misses>
				<total>33</total>
				<timestamp>4483.192848</timestamp>
			</report>
			<report>
				<misses>14025001</misses>
				<total>33</total>
				<timestamp>4483.512518</timestamp>
			</report>
			<report>
				<misses>14026001</misses>
				<total>33</total>
				<timestamp>4483.832211</timestamp>
			</report>
			<report>
				<misses>14027001</misses>
				<total>33</total>
				<timestamp>4484.151854</timestamp>
			</report>
			<report>
				<misses>14028001</misses>
				<total>33</total>
				<timestamp>4484.471623</timestamp>
			</report>
			<report>
				<misses>14029001</misses>
				<total>33</total>
				<timestamp>4484.791354</timestamp>
			</report>
			<report>
				<misses>14030001</misses>
				<total>33</total>
				<timestamp>4485.110916</timestamp>
			</report>
			<report>
				<misses>14031001</misses>
				<total>33</total>
				<timestamp>4485.430672</timestamp>
			</report>
			<report>
				<misses>14032001</misses>
				<total>33</total>
				<timestamp>4485.750369</timestamp>
			</report>
			<report>
				<misses>14033001</misses>
				<total>33</total>
				<timestamp>4486.070092</timestamp>
			</report>
			<report>
				<misses>14034001</misses>
				<total>33</total>
				<timestamp>4486.389663</timestamp>
			</report>
			<report>
				<misses>14035001</misses>
				<total>33</total>
				<timestamp>4486.709304</timestamp>
			</report>
			<report>
				<misses>14036001</misses>
				<total>33</total>
				<timestamp>4487.028992</timestamp>
			</report>
			<report>
				<misses>14037001</misses>
				<total>33</total>
				<timestamp>4487.348794</timestamp>
			</report>
			<report>
				<misses>14038001</misses>
				<total>33</total>
				<timestamp>4487.668346</timestamp>
			</report>
			<report>
				<misses>14039001</misses>
				<total>33</total>
				<timestamp>4487.988186</timestamp>
			</report>
			<report>
				<misses>14040001</misses>
				<total>33</total>
				<timestamp>4488.307735</timestamp>
			</report>
			<report>
				<misses>14041001</misses>
				<total>33</total>
				<timestamp>4488.627487</timestamp>
			</report>
			<report>
				<misses>14042001</misses>
				<total>32</total>
				<timestamp>4488.947150</timestamp>
			</report>
			<report>
				<misses>14043001</misses>
				<total>33</total>
				<timestamp>4489.266738</timestamp>
			</report>
			<report>
				<misses>14044001</misses>
				<total>33</total>
				<timestamp>4489.586450</timestamp>
			</report>
			<report>
				<misses>14045001</misses>
				<total>33</total>
				<timestamp>4489.906184</timestamp>
			</report>
			<report>
				<misses>14046001</misses>
				<total>33</total>
				<timestamp>4490.225849</timestamp>
			</report>
			<report>
				<misses>14047001</misses>
				<total>33</total>
				<timestamp>4490.545526</timestamp>
			</report>
			<report>
				<misses>14048001</misses>
				<total>32</total>
				<timestamp>4490.865255</timestamp>
			</report>
			<report>
				<misses>14049001</misses>
				<total>33</total>
				<timestamp>4491.184933</timestamp>
			</report>
			<report>
				<misses>14050001</misses>
				<total>33</total>
				<timestamp>4491.504560</timestamp>
			</report>
			<report>
				<misses>14051001</misses>
				<total>33</total>
				<timestamp>4491.824303</timestamp>
			</report>
			<report>
				<misses>14052001</misses>
				<total>33</total>
				<timestamp>4492.143978</timestamp>
			</report>
			<report>
				<misses>14053001</misses>
				<total>32</total>
				<timestamp>4492.463636</timestamp>
			</report>
			<report>
				<misses>14054001</misses>
				<total>33</total>
				<timestamp>4492.783282</timestamp>
			</report>
			<report>
				<misses>14055001</misses>
				<total>33</total>
				<timestamp>4493.102938</timestamp>
			</report>
			<report>
				<misses>14056001</misses>
				<total>33</total>
				<timestamp>4493.422642</timestamp>
			</report>
			<report>
				<misses>14057001</misses>
				<total>33</total>
				<timestamp>4493.742316</timestamp>
			</report>
			<report>
				<misses>14058001</misses>
				<total>33</total>
				<timestamp>4494.061932</timestamp>
			</report>
			<report>
				<misses>14059001</misses>
				<total>33</total>
				<timestamp>4494.381607</timestamp>
			</report>
			<report>
				<misses>14060001</misses>
				<total>32</total>
				<timestamp>4494.701396</timestamp>
			</report>
			<report>
				<misses>14061001</misses>
				<total>32</total>
				<timestamp>4495.021095</timestamp>
			</report>
			<report>
				<misses>14062001</misses>
				<total>33</total>
				<timestamp>4495.340638</timestamp>
			</report>
			<report>
				<misses>14063001</misses>
				<total>33</total>
				<timestamp>4495.660336</timestamp>
			</report>
			<report>
				<misses>14064001</misses>
				<total>32</total>
				<timestamp>4495.980101</timestamp>
			</report>
			<report>
				<misses>14065001</misses>
				<total>33</total>
				<timestamp>4496.299777</timestamp>
			</report>
			<report>
				<misses>14066001</misses>
				<total>33</total>
				<timestamp>4496.619460</timestamp>
			</report>
			<report>
				<misses>14067001</misses>
				<total>33</total>
				<timestamp>4496.939120</timestamp>
			</report>
			<report>
				<misses>14068001</misses>
				<total>33</total>
				<timestamp>4497.258718</timestamp>
			</report>
			<report>
				<misses>14069001</misses>
				<total>33</total>
				<timestamp>4497.578494</timestamp>
			</report>
			<report>
				<misses>14070001</misses>
				<total>33</total>
				<timestamp>4497.898146</timestamp>
			</report>
			<report>
				<misses>14071001</misses>
				<total>32</total>
				<timestamp>4498.217882</timestamp>
			</report>
			<report>
				<misses>14072001</misses>
				<total>33</total>
				<timestamp>4498.537459</timestamp>
			</report>
			<report>
				<misses>14073001</misses>
				<total>33</total>
				<timestamp>4498.857175</timestamp>
			</report>
			<report>
				<misses>14074001</misses>
				<total>33</total>
				<timestamp>4499.176796</timestamp>
			</report>
			<report>
				<misses>14075001</misses>
				<total>33</total>
				<timestamp>4499.496512</timestamp>
			</report>
			<report>
				<misses>14076001</misses>
				<total>33</total>
				<timestamp>4499.816233</timestamp>
			</report>
			<report>
				<misses>14077001</misses>
				<total>33</total>
				<timestamp>4500.135873</timestamp>
			</report>
			<report>
				<misses>14078001</misses>
				<total>33</total>
				<timestamp>4500.455537</timestamp>
			</report>
			<report>
				<misses>14079001</misses>
				<total>33</total>
				<timestamp>4500.775242</timestamp>
			</report>
			<report>
				<misses>14080001</misses>
				<total>33</total>
				<timestamp>4501.094893</timestamp>
			</report>
			<report>
				<misses>14081001</misses>
				<total>33</total>
				<timestamp>4501.414601</timestamp>
			</report>
			<report>
				<misses>14082001</misses>
				<total>33</total>
				<timestamp>4501.734256</timestamp>
			</report>
			<report>
				<misses>14083001</misses>
				<total>33</total>
				<timestamp>4502.053916</timestamp>
			</report>
			<report>
				<misses>14084001</misses>
				<total>33</total>
				<timestamp>4502.373651</timestamp>
			</report>
			<report>
				<misses>14085001</misses>
				<total>33</total>
				<timestamp>4502.693352</timestamp>
			</report>
			<report>
				<misses>14086001</misses>
				<total>33</total>
				<timestamp>4503.012985</timestamp>
			</report>
			<report>
				<misses>14087001</misses>
				<total>33</total>
				<timestamp>4503.332685</timestamp>
			</report>
			<report>
				<misses>14088001</misses>
				<total>33</total>
				<timestamp>4503.652397</timestamp>
			</report>
			<report>
				<misses>14089001</misses>
				<total>33</total>
				<timestamp>4503.972020</timestamp>
			</report>
			<report>
				<misses>14090001</misses>
				<total>33</total>
				<timestamp>4504.291757</timestamp>
			</report>
			<report>
				<misses>14091001</misses>
				<total>33</total>
				<timestamp>4504.611403</timestamp>
			</report>
			<report>
				<misses>14092001</misses>
				<total>33</total>
				<timestamp>4504.931073</timestamp>
			</report>
			<report>
				<misses>14093001</misses>
				<total>33</total>
				<timestamp>4505.250770</timestamp>
			</report>
			<report>
				<misses>14094001</misses>
				<total>33</total>
				<timestamp>4505.570478</timestamp>
			</report>
			<report>
				<misses>14095001</misses>
				<total>33</total>
				<timestamp>4505.890092</timestamp>
			</report>
			<report>
				<misses>14096001</misses>
				<total>33</total>
				<timestamp>4506.209775</timestamp>
			</report>
			<report>
				<misses>14097001</misses>
				<total>33</total>
				<timestamp>4506.529500</timestamp>
			</report>
			<report>
				<misses>14098001</misses>
				<total>32</total>
				<timestamp>4506.849361</timestamp>
			</report>
			<report>
				<misses>14099001</misses>
				<total>33</total>
				<timestamp>4507.168889</timestamp>
			</report>
			<report>
				<misses>14100001</misses>
				<total>33</total>
				<timestamp>4507.488648</timestamp>
			</report>
			<report>
				<misses>14101001</misses>
				<total>33</total>
				<timestamp>4507.808278</timestamp>
			</report>
			<report>
				<misses>14102001</misses>
				<total>33</total>
				<timestamp>4508.127983</timestamp>
			</report>
			<report>
				<misses>14103001</misses>
				<total>33</total>
				<timestamp>4508.447547</timestamp>
			</report>
			<report>
				<misses>14104001</misses>
				<total>33</total>
				<timestamp>4508.767201</timestamp>
			</report>
			<report>
				<misses>14105001</misses>
				<total>33</total>
				<timestamp>4509.086931</timestamp>
			</report>
			<report>
				<misses>14106001</misses>
				<total>33</total>
				<timestamp>4509.406605</timestamp>
			</report>
			<report>
				<misses>14107001</misses>
				<total>32</total>
				<timestamp>4509.726375</timestamp>
			</report>
			<report>
				<misses>14108001</misses>
				<total>33</total>
				<timestamp>4510.045989</timestamp>
			</report>
			<report>
				<misses>14109001</misses>
				<total>33</total>
				<timestamp>4510.365704</timestamp>
			</report>
			<report>
				<misses>14110001</misses>
				<total>33</total>
				<timestamp>4510.685312</timestamp>
			</report>
			<report>
				<misses>14111001</misses>
				<total>33</total>
				<timestamp>4511.005070</timestamp>
			</report>
			<report>
				<misses>14112001</misses>
				<total>33</total>
				<timestamp>4511.324690</timestamp>
			</report>
			<report>
				<misses>14113001</misses>
				<total>33</total>
				<timestamp>4511.644419</timestamp>
			</report>
			<report>
				<misses>14114001</misses>
				<total>33</total>
				<timestamp>4511.964066</timestamp>
			</report>
			<report>
				<misses>14115001</misses>
				<total>33</total>
				<timestamp>4512.283852</timestamp>
			</report>
			<report>
				<misses>14116001</misses>
				<total>33</total>
				<timestamp>4512.603421</timestamp>
			</report>
			<report>
				<misses>14117001</misses>
				<total>33</total>
				<timestamp>4512.923053</timestamp>
			</report>
			<report>
				<misses>14118001</misses>
				<total>33</total>
				<timestamp>4513.242735</timestamp>
			</report>
			<report>
				<misses>14119001</misses>
				<total>33</total>
				<timestamp>4513.562448</timestamp>
			</report>
			<report>
				<misses>14120001</misses>
				<total>33</total>
				<timestamp>4513.882088</timestamp>
			</report>
			<report>
				<misses>14121001</misses>
				<total>33</total>
				<timestamp>4514.201786</timestamp>
			</report>
			<report>
				<misses>14122001</misses>
				<total>33</total>
				<timestamp>4514.521453</timestamp>
			</report>
			<report>
				<misses>14123001</misses>
				<total>32</total>
				<timestamp>4514.841246</timestamp>
			</report>
			<report>
				<misses>14124001</misses>
				<total>32</total>
				<timestamp>4515.160907</timestamp>
			</report>
			<report>
				<misses>14125001</misses>
				<total>33</total>
				<timestamp>4515.480485</timestamp>
			</report>
			<report>
				<misses>14126001</misses>
				<total>33</total>
				<timestamp>4515.800228</timestamp>
			</report>
			<report>
				<misses>14127001</misses>
				<total>33</total>
				<timestamp>4516.119912</timestamp>
			</report>
			<report>
				<misses>14128001</misses>
				<total>33</total>
				<timestamp>4516.439598</timestamp>
			</report>
			<report>
				<misses>14129001</misses>
				<total>33</total>
				<timestamp>4516.759220</timestamp>
			</report>
			<report>
				<misses>14130001</misses>
				<total>33</total>
				<timestamp>4517.078882</timestamp>
			</report>
			<report>
				<misses>14131001</misses>
				<total>33</total>
				<timestamp>4517.398594</timestamp>
			</report>
			<report>
				<misses>14132001</misses>
				<total>33</total>
				<timestamp>4517.718273</timestamp>
			</report>
			<report>
				<misses>14133001</misses>
				<total>33</total>
				<timestamp>4518.037951</timestamp>
			</report>
			<report>
				<misses>14134001</misses>
				<total>33</total>
				<timestamp>4518.357661</timestamp>
			</report>
			<report>
				<misses>14135001</misses>
				<total>32</total>
				<timestamp>4518.677402</timestamp>
			</report>
			<report>
				<misses>14136001</misses>
				<total>33</total>
				<timestamp>4518.996981</timestamp>
			</report>
			<report>
				<misses>14137001</misses>
				<total>32</total>
				<timestamp>4519.316745</timestamp>
			</report>
			<report>
				<misses>14138001</misses>
				<total>33</total>
				<timestamp>4519.636357</timestamp>
			</report>
			<report>
				<misses>14139001</misses>
				<total>33</total>
				<timestamp>4519.956078</timestamp>
			</report>
			<report>
				<misses>14140001</misses>
				<total>32</total>
				<timestamp>4520.275805</timestamp>
			</report>
			<report>
				<misses>14141001</misses>
				<total>34</total>
				<timestamp>4520.595406</timestamp>
			</report>
			<report>
				<misses>14142001</misses>
				<total>34</total>
				<timestamp>4520.915145</timestamp>
			</report>
			<report>
				<misses>14143001</misses>
				<total>34</total>
				<timestamp>4521.234719</timestamp>
			</report>
			<report>
				<misses>14144001</misses>
				<total>34</total>
				<timestamp>4521.554456</timestamp>
			</report>
			<report>
				<misses>14145001</misses>
				<total>34</total>
				<timestamp>4521.874176</timestamp>
			</report>
			<report>
				<misses>14146001</misses>
				<total>34</total>
				<timestamp>4522.193785</timestamp>
			</report>
			<report>
				<misses>14147001</misses>
				<total>34</total>
				<timestamp>4522.513489</timestamp>
			</report>
			<report>
				<misses>14148001</misses>
				<total>34</total>
				<timestamp>4522.833220</timestamp>
			</report>
			<report>
				<misses>14149001</misses>
				<total>34</total>
				<timestamp>4523.152797</timestamp>
			</report>
			<report>
				<misses>14150001</misses>
				<total>33</total>
				<timestamp>4523.472585</timestamp>
			</report>
			<report>
				<misses>14151001</misses>
				<total>34</total>
				<timestamp>4523.792213</timestamp>
			</report>
			<report>
				<misses>14152001</misses>
				<total>34</total>
				<timestamp>4524.111924</timestamp>
			</report>
			<report>
				<misses>14153001</misses>
				<total>34</total>
				<timestamp>4524.431536</timestamp>
			</report>
			<report>
				<misses>14154001</misses>
				<total>34</total>
				<timestamp>4524.751228</timestamp>
			</report>
			<report>
				<misses>14155001</misses>
				<total>34</total>
				<timestamp>4525.070960</timestamp>
			</report>
			<report>
				<misses>14156001</misses>
				<total>34</total>
				<timestamp>4525.390622</timestamp>
			</report>
			<report>
				<misses>14157001</misses>
				<total>34</total>
				<timestamp>4525.710340</timestamp>
			</report>
			<report>
				<misses>14158001</misses>
				<total>34</total>
				<timestamp>4526.029975</timestamp>
			</report>
			<report>
				<misses>14159001</misses>
				<total>34</total>
				<timestamp>4526.349679</timestamp>
			</report>
			<report>
				<misses>14160001</misses>
				<total>34</total>
				<timestamp>4526.669371</timestamp>
			</report>
			<report>
				<misses>14161001</misses>
				<total>33</total>
				<timestamp>4526.989170</timestamp>
			</report>
			<report>
				<misses>14162001</misses>
				<total>33</total>
				<timestamp>4527.308739</timestamp>
			</report>
			<report>
				<misses>14163001</misses>
				<total>34</total>
				<timestamp>4527.628336</timestamp>
			</report>
			<report>
				<misses>14164001</misses>
				<total>34</total>
				<timestamp>4527.948020</timestamp>
			</report>
			<report>
				<misses>14165001</misses>
				<total>34</total>
				<timestamp>4528.267681</timestamp>
			</report>
			<report>
				<misses>14166001</misses>
				<total>34</total>
				<timestamp>4528.587404</timestamp>
			</report>
			<report>
				<misses>14167001</misses>
				<total>34</total>
				<timestamp>4528.907061</timestamp>
			</report>
			<report>
				<misses>14168001</misses>
				<total>34</total>
				<timestamp>4529.226773</timestamp>
			</report>
			<report>
				<misses>14169001</misses>
				<total>34</total>
				<timestamp>4529.546462</timestamp>
			</report>
			<report>
				<misses>14170001</misses>
				<total>34</total>
				<timestamp>4529.866254</timestamp>
			</report>
			<report>
				<misses>14171001</misses>
				<total>34</total>
				<timestamp>4530.185864</timestamp>
			</report>
			<report>
				<misses>14172001</misses>
				<total>33</total>
				<timestamp>4530.505552</timestamp>
			</report>
			<report>
				<misses>14173001</misses>
				<total>34</total>
				<timestamp>4530.825171</timestamp>
			</report>
			<report>
				<misses>14174001</misses>
				<total>34</total>
				<timestamp>4531.144849</timestamp>
			</report>
			<report>
				<misses>14175001</misses>
				<total>33</total>
				<timestamp>4531.464612</timestamp>
			</report>
			<report>
				<misses>14176001</misses>
				<total>34</total>
				<timestamp>4531.784309</timestamp>
			</report>
			<report>
				<misses>14177001</misses>
				<total>34</total>
				<timestamp>4532.103866</timestamp>
			</report>
			<report>
				<misses>14178001</misses>
				<total>34</total>
				<timestamp>4532.423523</timestamp>
			</report>
			<report>
				<misses>14179001</misses>
				<total>34</total>
				<timestamp>4532.743391</timestamp>
			</report>
			<report>
				<misses>14180001</misses>
				<total>34</total>
				<timestamp>4533.062921</timestamp>
			</report>
			<report>
				<misses>14181001</misses>
				<total>34</total>
				<timestamp>4533.382583</timestamp>
			</report>
			<report>
				<misses>14182001</misses>
				<total>34</total>
				<timestamp>4533.702378</timestamp>
			</report>
			<report>
				<misses>14183001</misses>
				<total>34</total>
				<timestamp>4534.021986</timestamp>
			</report>
			<report>
				<misses>14184001</misses>
				<total>33</total>
				<timestamp>4534.341836</timestamp>
			</report>
			<report>
				<misses>14185001</misses>
				<total>34</total>
				<timestamp>4534.661309</timestamp>
			</report>
			<report>
				<misses>14186001</misses>
				<total>33</total>
				<timestamp>4534.981195</timestamp>
			</report>
			<report>
				<misses>14187001</misses>
				<total>34</total>
				<timestamp>4535.300756</timestamp>
			</report>
			<report>
				<misses>14188001</misses>
				<total>34</total>
				<timestamp>4535.620361</timestamp>
			</report>
			<report>
				<misses>14189001</misses>
				<total>34</total>
				<timestamp>4535.940222</timestamp>
			</report>
			<report>
				<misses>14190001</misses>
				<total>34</total>
				<timestamp>4536.259676</timestamp>
			</report>
			<report>
				<misses>14191001</misses>
				<total>34</total>
				<timestamp>4536.579424</timestamp>
			</report>
			<report>
				<misses>14192001</misses>
				<total>34</total>
				<timestamp>4536.899180</timestamp>
			</report>
			<report>
				<misses>14193001</misses>
				<total>34</total>
				<timestamp>4537.218880</timestamp>
			</report>
			<report>
				<misses>14194001</misses>
				<total>34</total>
				<timestamp>4537.538471</timestamp>
			</report>
			<report>
				<misses>14195001</misses>
				<total>34</total>
				<timestamp>4537.858251</timestamp>
			</report>
			<report>
				<misses>14196001</misses>
				<total>34</total>
				<timestamp>4538.177823</timestamp>
			</report>
			<report>
				<misses>14197001</misses>
				<total>34</total>
				<timestamp>4538.497567</timestamp>
			</report>
			<report>
				<misses>14198001</misses>
				<total>34</total>
				<timestamp>4538.817298</timestamp>
			</report>
			<report>
				<misses>14199001</misses>
				<total>34</total>
				<timestamp>4539.136958</timestamp>
			</report>
			<report>
				<misses>14200001</misses>
				<total>34</total>
				<timestamp>4539.456611</timestamp>
			</report>
			<report>
				<misses>14201001</misses>
				<total>34</total>
				<timestamp>4539.776167</timestamp>
			</report>
			<report>
				<misses>14202001</misses>
				<total>33</total>
				<timestamp>4540.096043</timestamp>
			</report>
			<report>
				<misses>14203001</misses>
				<total>33</total>
				<timestamp>4540.415659</timestamp>
			</report>
			<report>
				<misses>14204001</misses>
				<total>33</total>
				<timestamp>4540.735382</timestamp>
			</report>
			<report>
				<misses>14205001</misses>
				<total>34</total>
				<timestamp>4541.055039</timestamp>
			</report>
			<report>
				<misses>14206001</misses>
				<total>34</total>
				<timestamp>4541.374625</timestamp>
			</report>
			<report>
				<misses>14207001</misses>
				<total>34</total>
				<timestamp>4541.694312</timestamp>
			</report>
			<report>
				<misses>14208001</misses>
				<total>34</total>
				<timestamp>4542.014036</timestamp>
			</report>
			<report>
				<misses>14209001</misses>
				<total>34</total>
				<timestamp>4542.333787</timestamp>
			</report>
			<report>
				<misses>14210001</misses>
				<total>34</total>
				<timestamp>4542.653412</timestamp>
			</report>
			<report>
				<misses>14211001</misses>
				<total>34</total>
				<timestamp>4542.973119</timestamp>
			</report>
			<report>
				<misses>14212001</misses>
				<total>34</total>
				<timestamp>4543.292710</timestamp>
			</report>
			<report>
				<misses>14213001</misses>
				<total>34</total>
				<timestamp>4543.612382</timestamp>
			</report>
			<report>
				<misses>14214001</misses>
				<total>34</total>
				<timestamp>4543.932173</timestamp>
			</report>
			<report>
				<misses>14215001</misses>
				<total>33</total>
				<timestamp>4544.251788</timestamp>
			</report>
			<report>
				<misses>14216001</misses>
				<total>33</total>
				<timestamp>4544.571493</timestamp>
			</report>
			<report>
				<misses>14217001</misses>
				<total>33</total>
				<timestamp>4544.891168</timestamp>
			</report>
			<report>
				<misses>14218001</misses>
				<total>34</total>
				<timestamp>4545.210773</timestamp>
			</report>
			<report>
				<misses>14219001</misses>
				<total>33</total>
				<timestamp>4545.530548</timestamp>
			</report>
			<report>
				<misses>14220001</misses>
				<total>34</total>
				<timestamp>4545.850118</timestamp>
			</report>
			<report>
				<misses>14221001</misses>
				<total>34</total>
				<timestamp>4546.169759</timestamp>
			</report>
			<report>
				<misses>14222001</misses>
				<total>34</total>
				<timestamp>4546.489488</timestamp>
			</report>
			<report>
				<misses>14223001</misses>
				<total>34</total>
				<timestamp>4546.809187</timestamp>
			</report>
			<report>
				<misses>14224001</misses>
				<total>34</total>
				<timestamp>4547.128872</timestamp>
			</report>
			<report>
				<misses>14225001</misses>
				<total>34</total>
				<timestamp>4547.448560</timestamp>
			</report>
			<report>
				<misses>14226001</misses>
				<total>34</total>
				<timestamp>4547.768215</timestamp>
			</report>
			<report>
				<misses>14227001</misses>
				<total>34</total>
				<timestamp>4548.087923</timestamp>
			</report>
			<report>
				<misses>14228001</misses>
				<total>34</total>
				<timestamp>4548.407569</timestamp>
			</report>
			<report>
				<misses>14229001</misses>
				<total>34</total>
				<timestamp>4548.727273</timestamp>
			</report>
			<report>
				<misses>14230001</misses>
				<total>34</total>
				<timestamp>4549.046903</timestamp>
			</report>
			<report>
				<misses>14231001</misses>
				<total>34</total>
				<timestamp>4549.366585</timestamp>
			</report>
			<report>
				<misses>14232001</misses>
				<total>34</total>
				<timestamp>4549.686257</timestamp>
			</report>
			<report>
				<misses>14233001</misses>
				<total>34</total>
				<timestamp>4550.006027</timestamp>
			</report>
			<report>
				<misses>14234001</misses>
				<total>34</total>
				<timestamp>4550.325621</timestamp>
			</report>
			<report>
				<misses>14235001</misses>
				<total>34</total>
				<timestamp>4550.645302</timestamp>
			</report>
			<report>
				<misses>14236001</misses>
				<total>34</total>
				<timestamp>4550.965059</timestamp>
			</report>
			<report>
				<misses>14237001</misses>
				<total>34</total>
				<timestamp>4551.284744</timestamp>
			</report>
			<report>
				<misses>14238001</misses>
				<total>34</total>
				<timestamp>4551.604353</timestamp>
			</report>
			<report>
				<misses>14239001</misses>
				<total>34</total>
				<timestamp>4551.924141</timestamp>
			</report>
			<report>
				<misses>14240001</misses>
				<total>34</total>
				<timestamp>4552.243736</timestamp>
			</report>
			<report>
				<misses>14241001</misses>
				<total>34</total>
				<timestamp>4552.563466</timestamp>
			</report>
			<report>
				<misses>14242001</misses>
				<total>34</total>
				<timestamp>4552.883096</timestamp>
			</report>
			<report>
				<misses>14243001</misses>
				<total>34</total>
				<timestamp>4553.202755</timestamp>
			</report>
			<report>
				<misses>14244001</misses>
				<total>34</total>
				<timestamp>4553.522488</timestamp>
			</report>
			<report>
				<misses>14245001</misses>
				<total>34</total>
				<timestamp>4553.842231</timestamp>
			</report>
			<report>
				<misses>14246001</misses>
				<total>34</total>
				<timestamp>4554.161846</timestamp>
			</report>
			<report>
				<misses>14247001</misses>
				<total>33</total>
				<timestamp>4554.481617</timestamp>
			</report>
			<report>
				<misses>14248001</misses>
				<total>34</total>
				<timestamp>4554.801272</timestamp>
			</report>
			<report>
				<misses>14249001</misses>
				<total>34</total>
				<timestamp>4555.120806</timestamp>
			</report>
			<report>
				<misses>14250001</misses>
				<total>33</total>
				<timestamp>4555.440573</timestamp>
			</report>
			<report>
				<misses>14251001</misses>
				<total>33</total>
				<timestamp>4555.760308</timestamp>
			</report>
			<report>
				<misses>14252001</misses>
				<total>34</total>
				<timestamp>4556.079881</timestamp>
			</report>
			<report>
				<misses>14253001</misses>
				<total>34</total>
				<timestamp>4556.399560</timestamp>
			</report>
			<report>
				<misses>14254001</misses>
				<total>33</total>
				<timestamp>4556.719333</timestamp>
			</report>
			<report>
				<misses>14255001</misses>
				<total>34</total>
				<timestamp>4557.038965</timestamp>
			</report>
			<report>
				<misses>14256001</misses>
				<total>34</total>
				<timestamp>4557.358615</timestamp>
			</report>
			<report>
				<misses>14257001</misses>
				<total>34</total>
				<timestamp>4557.678320</timestamp>
			</report>
			<report>
				<misses>14258001</misses>
				<total>34</total>
				<timestamp>4557.998016</timestamp>
			</report>
			<report>
				<misses>14259001</misses>
				<total>34</total>
				<timestamp>4558.317625</timestamp>
			</report>
			<report>
				<misses>14260001</misses>
				<total>34</total>
				<timestamp>4558.637340</timestamp>
			</report>
			<report>
				<misses>14261001</misses>
				<total>33</total>
				<timestamp>4558.957110</timestamp>
			</report>
			<report>
				<misses>14262001</misses>
				<total>34</total>
				<timestamp>4559.276646</timestamp>
			</report>
			<report>
				<misses>14263001</misses>
				<total>34</total>
				<timestamp>4559.596329</timestamp>
			</report>
			<report>
				<misses>14264001</misses>
				<total>33</total>
				<timestamp>4559.916127</timestamp>
			</report>
			<report>
				<misses>14265001</misses>
				<total>34</total>
				<timestamp>4560.235724</timestamp>
			</report>
			<report>
				<misses>14266001</misses>
				<total>33</total>
				<timestamp>4560.555457</timestamp>
			</report>
			<report>
				<misses>14267001</misses>
				<total>33</total>
				<timestamp>4560.875174</timestamp>
			</report>
			<report>
				<misses>14268001</misses>
				<total>34</total>
				<timestamp>4561.194745</timestamp>
			</report>
			<report>
				<misses>14269001</misses>
				<total>34</total>
				<timestamp>4561.514444</timestamp>
			</report>
			<report>
				<misses>14270001</misses>
				<total>34</total>
				<timestamp>4561.834154</timestamp>
			</report>
			<report>
				<misses>14271001</misses>
				<total>34</total>
				<timestamp>4562.153777</timestamp>
			</report>
			<report>
				<misses>14272001</misses>
				<total>34</total>
				<timestamp>4562.473478</timestamp>
			</report>
			<report>
				<misses>14273001</misses>
				<total>34</total>
				<timestamp>4562.793156</timestamp>
			</report>
			<report>
				<misses>14274001</misses>
				<total>34</total>
				<timestamp>4563.112816</timestamp>
			</report>
			<report>
				<misses>14275001</misses>
				<total>34</total>
				<timestamp>4563.432537</timestamp>
			</report>
			<report>
				<misses>14276001</misses>
				<total>34</total>
				<timestamp>4563.752169</timestamp>
			</report>
			<report>
				<misses>14277001</misses>
				<total>34</total>
				<timestamp>4564.071894</timestamp>
			</report>
			<report>
				<misses>14278001</misses>
				<total>33</total>
				<timestamp>4564.391624</timestamp>
			</report>
			<report>
				<misses>14279001</misses>
				<total>34</total>
				<timestamp>4564.711208</timestamp>
			</report>
			<report>
				<misses>14280001</misses>
				<total>35</total>
				<timestamp>4565.030881</timestamp>
			</report>
			<report>
				<misses>14281001</misses>
				<total>35</total>
				<timestamp>4565.350594</timestamp>
			</report>
			<report>
				<misses>14282001</misses>
				<total>35</total>
				<timestamp>4565.670277</timestamp>
			</report>
			<report>
				<misses>14283001</misses>
				<total>35</total>
				<timestamp>4565.989974</timestamp>
			</report>
			<report>
				<misses>14284001</misses>
				<total>35</total>
				<timestamp>4566.309595</timestamp>
			</report>
			<report>
				<misses>14285001</misses>
				<total>35</total>
				<timestamp>4566.629329</timestamp>
			</report>
			<report>
				<misses>14286001</misses>
				<total>35</total>
				<timestamp>4566.948966</timestamp>
			</report>
			<report>
				<misses>14287001</misses>
				<total>35</total>
				<timestamp>4567.268663</timestamp>
			</report>
			<report>
				<misses>14288001</misses>
				<total>35</total>
				<timestamp>4567.588358</timestamp>
			</report>
			<report>
				<misses>14289001</misses>
				<total>35</total>
				<timestamp>4567.908069</timestamp>
			</report>
			<report>
				<misses>14290001</misses>
				<total>35</total>
				<timestamp>4568.227787</timestamp>
			</report>
			<report>
				<misses>14291001</misses>
				<total>35</total>
				<timestamp>4568.547425</timestamp>
			</report>
			<report>
				<misses>14292001</misses>
				<total>35</total>
				<timestamp>4568.867104</timestamp>
			</report>
			<report>
				<misses>14293001</misses>
				<total>35</total>
				<timestamp>4569.186772</timestamp>
			</report>
			<report>
				<misses>14294001</misses>
				<total>34</total>
				<timestamp>4569.506532</timestamp>
			</report>
			<report>
				<misses>14295001</misses>
				<total>35</total>
				<timestamp>4569.826176</timestamp>
			</report>
			<report>
				<misses>14296001</misses>
				<total>35</total>
				<timestamp>4570.145941</timestamp>
			</report>
			<report>
				<misses>14297001</misses>
				<total>35</total>
				<timestamp>4570.465496</timestamp>
			</report>
			<report>
				<misses>14298001</misses>
				<total>35</total>
				<timestamp>4570.785201</timestamp>
			</report>
			<report>
				<misses>14299001</misses>
				<total>35</total>
				<timestamp>4571.104874</timestamp>
			</report>
			<report>
				<misses>14300001</misses>
				<total>35</total>
				<timestamp>4571.424519</timestamp>
			</report>
			<report>
				<misses>14301001</misses>
				<total>35</total>
				<timestamp>4571.744293</timestamp>
			</report>
			<report>
				<misses>14302001</misses>
				<total>35</total>
				<timestamp>4572.063933</timestamp>
			</report>
			<report>
				<misses>14303001</misses>
				<total>35</total>
				<timestamp>4572.383694</timestamp>
			</report>
			<report>
				<misses>14304001</misses>
				<total>35</total>
				<timestamp>4572.703307</timestamp>
			</report>
			<report>
				<misses>14305001</misses>
				<total>35</total>
				<timestamp>4573.022944</timestamp>
			</report>
			<report>
				<misses>14306001</misses>
				<total>35</total>
				<timestamp>4573.342706</timestamp>
			</report>
			<report>
				<misses>14307001</misses>
				<total>35</total>
				<timestamp>4573.662395</timestamp>
			</report>
			<report>
				<misses>14308001</misses>
				<total>35</total>
				<timestamp>4573.982081</timestamp>
			</report>
			<report>
				<misses>14309001</misses>
				<total>35</total>
				<timestamp>4574.301716</timestamp>
			</report>
			<report>
				<misses>14310001</misses>
				<total>35</total>
				<timestamp>4574.621368</timestamp>
			</report>
			<report>
				<misses>14311001</misses>
				<total>35</total>
				<timestamp>4574.941101</timestamp>
			</report>
			<report>
				<misses>14312001</misses>
				<total>35</total>
				<timestamp>4575.260697</timestamp>
			</report>
			<report>
				<misses>14313001</misses>
				<total>35</total>
				<timestamp>4575.580461</timestamp>
			</report>
			<report>
				<misses>14314001</misses>
				<total>35</total>
				<timestamp>4575.900136</timestamp>
			</report>
			<report>
				<misses>14315001</misses>
				<total>35</total>
				<timestamp>4576.219705</timestamp>
			</report>
			<report>
				<misses>14316001</misses>
				<total>35</total>
				<timestamp>4576.539386</timestamp>
			</report>
			<report>
				<misses>14317001</misses>
				<total>35</total>
				<timestamp>4576.859172</timestamp>
			</report>
			<report>
				<misses>14318001</misses>
				<total>35</total>
				<timestamp>4577.178735</timestamp>
			</report>
			<report>
				<misses>14319001</misses>
				<total>35</total>
				<timestamp>4577.498451</timestamp>
			</report>
			<report>
				<misses>14320001</misses>
				<total>35</total>
				<timestamp>4577.818110</timestamp>
			</report>
			<report>
				<misses>14321001</misses>
				<total>35</total>
				<timestamp>4578.137863</timestamp>
			</report>
			<report>
				<misses>14322001</misses>
				<total>35</total>
				<timestamp>4578.457537</timestamp>
			</report>
			<report>
				<misses>14323001</misses>
				<total>35</total>
				<timestamp>4578.777115</timestamp>
			</report>
			<report>
				<misses>14324001</misses>
				<total>35</total>
				<timestamp>4579.096915</timestamp>
			</report>
			<report>
				<misses>14325001</misses>
				<total>35</total>
				<timestamp>4579.416619</timestamp>
			</report>
			<report>
				<misses>14326001</misses>
				<total>35</total>
				<timestamp>4579.736201</timestamp>
			</report>
			<report>
				<misses>14327001</misses>
				<total>35</total>
				<timestamp>4580.055941</timestamp>
			</report>
			<report>
				<misses>14328001</misses>
				<total>35</total>
				<timestamp>4580.375598</timestamp>
			</report>
			<report>
				<misses>14329001</misses>
				<total>35</total>
				<timestamp>4580.695224</timestamp>
			</report>
			<report>
				<misses>14330001</misses>
				<total>35</total>
				<timestamp>4581.014937</timestamp>
			</report>
			<report>
				<misses>14331001</misses>
				<total>35</total>
				<timestamp>4581.334712</timestamp>
			</report>
			<report>
				<misses>14332001</misses>
				<total>35</total>
				<timestamp>4581.654381</timestamp>
			</report>
			<report>
				<misses>14333001</misses>
				<total>35</total>
				<timestamp>4581.973982</timestamp>
			</report>
			<report>
				<misses>14334001</misses>
				<total>35</total>
				<timestamp>4582.293663</timestamp>
			</report>
			<report>
				<misses>14335001</misses>
				<total>35</total>
				<timestamp>4582.613334</timestamp>
			</report>
			<report>
				<misses>14336001</misses>
				<total>35</total>
				<timestamp>4582.933136</timestamp>
			</report>
			<report>
				<misses>14337001</misses>
				<total>35</total>
				<timestamp>4583.252774</timestamp>
			</report>
			<report>
				<misses>14338001</misses>
				<total>35</total>
				<timestamp>4583.572375</timestamp>
			</report>
			<report>
				<misses>14339001</misses>
				<total>35</total>
				<timestamp>4583.892052</timestamp>
			</report>
			<report>
				<misses>14340001</misses>
				<total>35</total>
				<timestamp>4584.211721</timestamp>
			</report>
			<report>
				<misses>14341001</misses>
				<total>35</total>
				<timestamp>4584.531381</timestamp>
			</report>
			<report>
				<misses>14342001</misses>
				<total>35</total>
				<timestamp>4584.851115</timestamp>
			</report>
			<report>
				<misses>14343001</misses>
				<total>35</total>
				<timestamp>4585.170776</timestamp>
			</report>
			<report>
				<misses>14344001</misses>
				<total>35</total>
				<timestamp>4585.490456</timestamp>
			</report>
			<report>
				<misses>14345001</misses>
				<total>34</total>
				<timestamp>4585.810186</timestamp>
			</report>
			<report>
				<misses>14346001</misses>
				<total>35</total>
				<timestamp>4586.129863</timestamp>
			</report>
			<report>
				<misses>14347001</misses>
				<total>35</total>
				<timestamp>4586.449461</timestamp>
			</report>
			<report>
				<misses>14348001</misses>
				<total>35</total>
				<timestamp>4586.769123</timestamp>
			</report>
			<report>
				<misses>14349001</misses>
				<total>35</total>
				<timestamp>4587.088847</timestamp>
			</report>
			<report>
				<misses>14350001</misses>
				<total>35</total>
				<timestamp>4587.408546</timestamp>
			</report>
			<report>
				<misses>14351001</misses>
				<total>34</total>
				<timestamp>4587.728287</timestamp>
			</report>
			<report>
				<misses>14352001</misses>
				<total>35</total>
				<timestamp>4588.047883</timestamp>
			</report>
			<report>
				<misses>14353001</misses>
				<total>35</total>
				<timestamp>4588.367577</timestamp>
			</report>
			<report>
				<misses>14354001</misses>
				<total>35</total>
				<timestamp>4588.687256</timestamp>
			</report>
			<report>
				<misses>14355001</misses>
				<total>35</total>
				<timestamp>4589.006880</timestamp>
			</report>
			<report>
				<misses>14356001</misses>
				<total>35</total>
				<timestamp>4589.326590</timestamp>
			</report>
			<report>
				<misses>14357001</misses>
				<total>35</total>
				<timestamp>4589.646289</timestamp>
			</report>
			<report>
				<misses>14358001</misses>
				<total>35</total>
				<timestamp>4589.965976</timestamp>
			</report>
			<report>
				<misses>14359001</misses>
				<total>35</total>
				<timestamp>4590.285676</timestamp>
			</report>
			<report>
				<misses>14360001</misses>
				<total>35</total>
				<timestamp>4590.605289</timestamp>
			</report>
			<report>
				<misses>14361001</misses>
				<total>35</total>
				<timestamp>4590.925038</timestamp>
			</report>
			<report>
				<misses>14362001</misses>
				<total>35</total>
				<timestamp>4591.244694</timestamp>
			</report>
			<report>
				<misses>14363001</misses>
				<total>35</total>
				<timestamp>4591.564337</timestamp>
			</report>
			<report>
				<misses>14364001</misses>
				<total>35</total>
				<timestamp>4591.884043</timestamp>
			</report>
			<report>
				<misses>14365001</misses>
				<total>35</total>
				<timestamp>4592.203811</timestamp>
			</report>
			<report>
				<misses>14366001</misses>
				<total>35</total>
				<timestamp>4592.523365</timestamp>
			</report>
			<report>
				<misses>14367001</misses>
				<total>35</total>
				<timestamp>4592.843042</timestamp>
			</report>
			<report>
				<misses>14368001</misses>
				<total>35</total>
				<timestamp>4593.162767</timestamp>
			</report>
			<report>
				<misses>14369001</misses>
				<total>35</total>
				<timestamp>4593.482413</timestamp>
			</report>
			<report>
				<misses>14370001</misses>
				<total>35</total>
				<timestamp>4593.802093</timestamp>
			</report>
			<report>
				<misses>14371001</misses>
				<total>35</total>
				<timestamp>4594.121837</timestamp>
			</report>
			<report>
				<misses>14372001</misses>
				<total>35</total>
				<timestamp>4594.441486</timestamp>
			</report>
			<report>
				<misses>14373001</misses>
				<total>35</total>
				<timestamp>4594.761134</timestamp>
			</report>
			<report>
				<misses>14374001</misses>
				<total>35</total>
				<timestamp>4595.080892</timestamp>
			</report>
			<report>
				<misses>14375001</misses>
				<total>35</total>
				<timestamp>4595.400526</timestamp>
			</report>
			<report>
				<misses>14376001</misses>
				<total>35</total>
				<timestamp>4595.720236</timestamp>
			</report>
			<report>
				<misses>14377001</misses>
				<total>35</total>
				<timestamp>4596.039849</timestamp>
			</report>
			<report>
				<misses>14378001</misses>
				<total>35</total>
				<timestamp>4596.359523</timestamp>
			</report>
			<report>
				<misses>14379001</misses>
				<total>35</total>
				<timestamp>4596.679235</timestamp>
			</report>
			<report>
				<misses>14380001</misses>
				<total>35</total>
				<timestamp>4596.998889</timestamp>
			</report>
			<report>
				<misses>14381001</misses>
				<total>35</total>
				<timestamp>4597.318551</timestamp>
			</report>
			<report>
				<misses>14382001</misses>
				<total>35</total>
				<timestamp>4597.638260</timestamp>
			</report>
			<report>
				<misses>14383001</misses>
				<total>34</total>
				<timestamp>4597.958028</timestamp>
			</report>
			<report>
				<misses>14384001</misses>
				<total>34</total>
				<timestamp>4598.277723</timestamp>
			</report>
			<report>
				<misses>14385001</misses>
				<total>35</total>
				<timestamp>4598.597313</timestamp>
			</report>
			<report>
				<misses>14386001</misses>
				<total>35</total>
				<timestamp>4598.916966</timestamp>
			</report>
			<report>
				<misses>14387001</misses>
				<total>35</total>
				<timestamp>4599.236644</timestamp>
			</report>
			<report>
				<misses>14388001</misses>
				<total>35</total>
				<timestamp>4599.556371</timestamp>
			</report>
			<report>
				<misses>14389001</misses>
				<total>35</total>
				<timestamp>4599.876021</timestamp>
			</report>
			<report>
				<misses>14390001</misses>
				<total>35</total>
				<timestamp>4600.195719</timestamp>
			</report>
			<report>
				<misses>14391001</misses>
				<total>35</total>
				<timestamp>4600.515360</timestamp>
			</report>
			<report>
				<misses>14392001</misses>
				<total>35</total>
				<timestamp>4600.835111</timestamp>
			</report>
			<report>
				<misses>14393001</misses>
				<total>34</total>
				<timestamp>4601.154863</timestamp>
			</report>
			<report>
				<misses>14394001</misses>
				<total>35</total>
				<timestamp>4601.474411</timestamp>
			</report>
			<report>
				<misses>14395001</misses>
				<total>35</total>
				<timestamp>4601.794102</timestamp>
			</report>
			<report>
				<misses>14396001</misses>
				<total>35</total>
				<timestamp>4602.113873</timestamp>
			</report>
			<report>
				<misses>14397001</misses>
				<total>35</total>
				<timestamp>4602.433493</timestamp>
			</report>
			<report>
				<misses>14398001</misses>
				<total>35</total>
				<timestamp>4602.753180</timestamp>
			</report>
			<report>
				<misses>14399001</misses>
				<total>35</total>
				<timestamp>4603.072856</timestamp>
			</report>
			<report>
				<misses>14400001</misses>
				<total>35</total>
				<timestamp>4603.392488</timestamp>
			</report>
			<report>
				<misses>14401001</misses>
				<total>35</total>
				<timestamp>4603.712182</timestamp>
			</report>
			<report>
				<misses>14402001</misses>
				<total>35</total>
				<timestamp>4604.031877</timestamp>
			</report>
			<report>
				<misses>14403001</misses>
				<total>35</total>
				<timestamp>4604.351627</timestamp>
			</report>
			<report>
				<misses>14404001</misses>
				<total>34</total>
				<timestamp>4604.671363</timestamp>
			</report>
			<report>
				<misses>14405001</misses>
				<total>35</total>
				<timestamp>4604.990898</timestamp>
			</report>
			<report>
				<misses>14406001</misses>
				<total>35</total>
				<timestamp>4605.310612</timestamp>
			</report>
			<report>
				<misses>14407001</misses>
				<total>35</total>
				<timestamp>4605.630409</timestamp>
			</report>
			<report>
				<misses>14408001</misses>
				<total>35</total>
				<timestamp>4605.950023</timestamp>
			</report>
			<report>
				<misses>14409001</misses>
				<total>35</total>
				<timestamp>4606.269772</timestamp>
			</report>
			<report>
				<misses>14410001</misses>
				<total>35</total>
				<timestamp>4606.589302</timestamp>
			</report>
			<report>
				<misses>14411001</misses>
				<total>35</total>
				<timestamp>4606.909065</timestamp>
			</report>
			<report>
				<misses>14412001</misses>
				<total>35</total>
				<timestamp>4607.228848</timestamp>
			</report>
			<report>
				<misses>14413001</misses>
				<total>35</total>
				<timestamp>4607.548508</timestamp>
			</report>
			<report>
				<misses>14414001</misses>
				<total>35</total>
				<timestamp>4607.868142</timestamp>
			</report>
			<report>
				<misses>14415001</misses>
				<total>35</total>
				<timestamp>4608.187892</timestamp>
			</report>
			<report>
				<misses>14416001</misses>
				<total>35</total>
				<timestamp>4608.507421</timestamp>
			</report>
			<report>
				<misses>14417001</misses>
				<total>35</total>
				<timestamp>4608.827171</timestamp>
			</report>
			<report>
				<misses>14418001</misses>
				<total>35</total>
				<timestamp>4609.146747</timestamp>
			</report>
			<report>
				<misses>14419001</misses>
				<total>35</total>
				<timestamp>4609.466421</timestamp>
			</report>
			<report>
				<misses>14420001</misses>
				<total>35</total>
				<timestamp>4609.786152</timestamp>
			</report>
			<report>
				<misses>14421001</misses>
				<total>35</total>
				<timestamp>4610.105875</timestamp>
			</report>
			<report>
				<misses>14422001</misses>
				<total>35</total>
				<timestamp>4610.425566</timestamp>
			</report>
			<report>
				<misses>14423001</misses>
				<total>35</total>
				<timestamp>4610.745155</timestamp>
			</report>
			<report>
				<misses>14424001</misses>
				<total>35</total>
				<timestamp>4611.065006</timestamp>
			</report>
			<report>
				<misses>14425001</misses>
				<total>35</total>
				<timestamp>4611.384531</timestamp>
			</report>
			<report>
				<misses>14426001</misses>
				<total>34</total>
				<timestamp>4611.704324</timestamp>
			</report>
			<report>
				<misses>14427001</misses>
				<total>35</total>
				<timestamp>4612.023973</timestamp>
			</report>
			<report>
				<misses>14428001</misses>
				<total>35</total>
				<timestamp>4612.343663</timestamp>
			</report>
			<report>
				<misses>14429001</misses>
				<total>35</total>
				<timestamp>4612.663281</timestamp>
			</report>
			<report>
				<misses>14430001</misses>
				<total>34</total>
				<timestamp>4612.983044</timestamp>
			</report>
			<report>
				<misses>14431001</misses>
				<total>35</total>
				<timestamp>4613.302761</timestamp>
			</report>
			<report>
				<misses>14432001</misses>
				<total>34</total>
				<timestamp>4613.622480</timestamp>
			</report>
			<report>
				<misses>14433001</misses>
				<total>35</total>
				<timestamp>4613.941952</timestamp>
			</report>
			<report>
				<misses>14434001</misses>
				<total>35</total>
				<timestamp>4614.261710</timestamp>
			</report>
			<report>
				<misses>14435001</misses>
				<total>35</total>
				<timestamp>4614.581456</timestamp>
			</report>
			<report>
				<misses>14436001</misses>
				<total>35</total>
				<timestamp>4614.901083</timestamp>
			</report>
			<report>
				<misses>14437001</misses>
				<total>35</total>
				<timestamp>4615.220758</timestamp>
			</report>
			<report>
				<misses>14438001</misses>
				<total>34</total>
				<timestamp>4615.540462</timestamp>
			</report>
			<report>
				<misses>14439001</misses>
				<total>35</total>
				<timestamp>4615.860050</timestamp>
			</report>
			<report>
				<misses>14440001</misses>
				<total>34</total>
				<timestamp>4616.179819</timestamp>
			</report>
			<report>
				<misses>14441001</misses>
				<total>34</total>
				<timestamp>4616.499587</timestamp>
			</report>
			<report>
				<misses>14442001</misses>
				<total>34</total>
				<timestamp>4616.819257</timestamp>
			</report>
			<report>
				<misses>14443001</misses>
				<total>35</total>
				<timestamp>4617.138909</timestamp>
			</report>
			<report>
				<misses>14444001</misses>
				<total>34</total>
				<timestamp>4617.458537</timestamp>
			</report>
			<report>
				<misses>14445001</misses>
				<total>35</total>
				<timestamp>4617.778139</timestamp>
			</report>
			<report>
				<misses>14446001</misses>
				<total>35</total>
				<timestamp>4618.097910</timestamp>
			</report>
			<report>
				<misses>14447001</misses>
				<total>35</total>
				<timestamp>4618.417526</timestamp>
			</report>
			<report>
				<misses>14448001</misses>
				<total>35</total>
				<timestamp>4618.737155</timestamp>
			</report>
			<report>
				<misses>14449001</misses>
				<total>35</total>
				<timestamp>4619.056819</timestamp>
			</report>
			<report>
				<misses>14450001</misses>
				<total>35</total>
				<timestamp>4619.376684</timestamp>
			</report>
			<report>
				<misses>14451001</misses>
				<total>35</total>
				<timestamp>4619.696241</timestamp>
			</report>
			<report>
				<misses>14452001</misses>
				<total>35</total>
				<timestamp>4620.015951</timestamp>
			</report>
			<report>
				<misses>14453001</misses>
				<total>35</total>
				<timestamp>4620.335622</timestamp>
			</report>
			<report>
				<misses>14454001</misses>
				<total>35</total>
				<timestamp>4620.655203</timestamp>
			</report>
			<report>
				<misses>14455001</misses>
				<total>35</total>
				<timestamp>4620.974988</timestamp>
			</report>
			<report>
				<misses>14456001</misses>
				<total>35</total>
				<timestamp>4621.294640</timestamp>
			</report>
			<report>
				<misses>14457001</misses>
				<total>35</total>
				<timestamp>4621.614330</timestamp>
			</report>
			<report>
				<misses>14458001</misses>
				<total>35</total>
				<timestamp>4621.934033</timestamp>
			</report>
			<report>
				<misses>14459001</misses>
				<total>35</total>
				<timestamp>4622.253719</timestamp>
			</report>
			<report>
				<misses>14460001</misses>
				<total>35</total>
				<timestamp>4622.573365</timestamp>
			</report>
			<report>
				<misses>14461001</misses>
				<total>35</total>
				<timestamp>4622.893101</timestamp>
			</report>
			<report>
				<misses>14462001</misses>
				<total>35</total>
				<timestamp>4623.212782</timestamp>
			</report>
			<report>
				<misses>14463001</misses>
				<total>35</total>
				<timestamp>4623.532470</timestamp>
			</report>
			<report>
				<misses>14464001</misses>
				<total>34</total>
				<timestamp>4623.852217</timestamp>
			</report>
			<report>
				<misses>14465001</misses>
				<total>35</total>
				<timestamp>4624.171757</timestamp>
			</report>
			<report>
				<misses>14466001</misses>
				<total>35</total>
				<timestamp>4624.491411</timestamp>
			</report>
			<report>
				<misses>14467001</misses>
				<total>35</total>
				<timestamp>4624.811036</timestamp>
			</report>
			<report>
				<misses>14468001</misses>
				<total>35</total>
				<timestamp>4625.130789</timestamp>
			</report>
			<report>
				<misses>14469001</misses>
				<total>34</total>
				<timestamp>4625.450593</timestamp>
			</report>
			<report>
				<misses>14470001</misses>
				<total>35</total>
				<timestamp>4625.770177</timestamp>
			</report>
			<report>
				<misses>14471001</misses>
				<total>35</total>
				<timestamp>4626.089806</timestamp>
			</report>
			<report>
				<misses>14472001</misses>
				<total>35</total>
				<timestamp>4626.409472</timestamp>
			</report>
			<report>
				<misses>14473001</misses>
				<total>35</total>
				<timestamp>4626.729150</timestamp>
			</report>
			<report>
				<misses>14474001</misses>
				<total>35</total>
				<timestamp>4627.048866</timestamp>
			</report>
			<report>
				<misses>14475001</misses>
				<total>35</total>
				<timestamp>4627.368509</timestamp>
			</report>
			<report>
				<misses>14476001</misses>
				<total>35</total>
				<timestamp>4627.688242</timestamp>
			</report>
			<report>
				<misses>14477001</misses>
				<total>35</total>
				<timestamp>4628.007882</timestamp>
			</report>
			<report>
				<misses>14478001</misses>
				<total>35</total>
				<timestamp>4628.327603</timestamp>
			</report>
			<report>
				<misses>14479001</misses>
				<total>35</total>
				<timestamp>4628.647362</timestamp>
			</report>
			<report>
				<misses>14480001</misses>
				<total>35</total>
				<timestamp>4628.967032</timestamp>
			</report>
			<report>
				<misses>14481001</misses>
				<total>35</total>
				<timestamp>4629.286675</timestamp>
			</report>
			<report>
				<misses>14482001</misses>
				<total>35</total>
				<timestamp>4629.606271</timestamp>
			</report>
			<report>
				<misses>14483001</misses>
				<total>35</total>
				<timestamp>4629.925926</timestamp>
			</report>
			<report>
				<misses>14484001</misses>
				<total>35</total>
				<timestamp>4630.245649</timestamp>
			</report>
			<report>
				<misses>14485001</misses>
				<total>35</total>
				<timestamp>4630.565439</timestamp>
			</report>
			<report>
				<misses>14486001</misses>
				<total>35</total>
				<timestamp>4630.885092</timestamp>
			</report>
			<report>
				<misses>14487001</misses>
				<total>34</total>
				<timestamp>4631.204772</timestamp>
			</report>
			<report>
				<misses>14488001</misses>
				<total>34</total>
				<timestamp>4631.524489</timestamp>
			</report>
			<report>
				<misses>14489001</misses>
				<total>35</total>
				<timestamp>4631.844189</timestamp>
			</report>
			<report>
				<misses>14490001</misses>
				<total>35</total>
				<timestamp>4632.163781</timestamp>
			</report>
			<report>
				<misses>14491001</misses>
				<total>35</total>
				<timestamp>4632.483513</timestamp>
			</report>
			<report>
				<misses>14492001</misses>
				<total>35</total>
				<timestamp>4632.803159</timestamp>
			</report>
			<report>
				<misses>14493001</misses>
				<total>35</total>
				<timestamp>4633.122777</timestamp>
			</report>
			<report>
				<misses>14494001</misses>
				<total>35</total>
				<timestamp>4633.442503</timestamp>
			</report>
			<report>
				<misses>14495001</misses>
				<total>35</total>
				<timestamp>4633.762156</timestamp>
			</report>
			<report>
				<misses>14496001</misses>
				<total>35</total>
				<timestamp>4634.081910</timestamp>
			</report>
			<report>
				<misses>14497001</misses>
				<total>35</total>
				<timestamp>4634.401510</timestamp>
			</report>
			<report>
				<misses>14498001</misses>
				<total>35</total>
				<timestamp>4634.721254</timestamp>
			</report>
			<report>
				<misses>14499001</misses>
				<total>35</total>
				<timestamp>4635.040980</timestamp>
			</report>
			<report>
				<misses>14500001</misses>
				<total>35</total>
				<timestamp>4635.360708</timestamp>
			</report>
			<report>
				<misses>14501001</misses>
				<total>35</total>
				<timestamp>4635.680183</timestamp>
			</report>
			<report>
				<misses>14502001</misses>
				<total>35</total>
				<timestamp>4635.999883</timestamp>
			</report>
			<report>
				<misses>14503001</misses>
				<total>35</total>
				<timestamp>4636.319556</timestamp>
			</report>
			<report>
				<misses>14504001</misses>
				<total>35</total>
				<timestamp>4636.639303</timestamp>
			</report>
			<report>
				<misses>14505001</misses>
				<total>35</total>
				<timestamp>4636.958960</timestamp>
			</report>
			<report>
				<misses>14506001</misses>
				<total>35</total>
				<timestamp>4637.278616</timestamp>
			</report>
			<report>
				<misses>14507001</misses>
				<total>35</total>
				<timestamp>4637.598255</timestamp>
			</report>
			<report>
				<misses>14508001</misses>
				<total>35</total>
				<timestamp>4637.917967</timestamp>
			</report>
			<report>
				<misses>14509001</misses>
				<total>35</total>
				<timestamp>4638.237666</timestamp>
			</report>
			<report>
				<misses>14510001</misses>
				<total>35</total>
				<timestamp>4638.557287</timestamp>
			</report>
			<report>
				<misses>14511001</misses>
				<total>35</total>
				<timestamp>4638.877062</timestamp>
			</report>
			<report>
				<misses>14512001</misses>
				<total>35</total>
				<timestamp>4639.196734</timestamp>
			</report>
			<report>
				<misses>14513001</misses>
				<total>35</total>
				<timestamp>4639.516339</timestamp>
			</report>
			<report>
				<misses>14514001</misses>
				<total>34</total>
				<timestamp>4639.836131</timestamp>
			</report>
			<report>
				<misses>14515001</misses>
				<total>35</total>
				<timestamp>4640.155701</timestamp>
			</report>
			<report>
				<misses>14516001</misses>
				<total>35</total>
				<timestamp>4640.475387</timestamp>
			</report>
			<report>
				<misses>14517001</misses>
				<total>35</total>
				<timestamp>4640.795124</timestamp>
			</report>
			<report>
				<misses>14518001</misses>
				<total>35</total>
				<timestamp>4641.114739</timestamp>
			</report>
			<report>
				<misses>14519001</misses>
				<total>35</total>
				<timestamp>4641.434401</timestamp>
			</report>
			<report>
				<misses>14520001</misses>
				<total>35</total>
				<timestamp>4641.754080</timestamp>
			</report>
			<report>
				<misses>14521001</misses>
				<total>35</total>
				<timestamp>4642.073816</timestamp>
			</report>
			<report>
				<misses>14522001</misses>
				<total>35</total>
				<timestamp>4642.393497</timestamp>
			</report>
			<report>
				<misses>14523001</misses>
				<total>35</total>
				<timestamp>4642.713156</timestamp>
			</report>
			<report>
				<misses>14524001</misses>
				<total>35</total>
				<timestamp>4643.032795</timestamp>
			</report>
			<report>
				<misses>14525001</misses>
				<total>35</total>
				<timestamp>4643.352581</timestamp>
			</report>
			<report>
				<misses>14526001</misses>
				<total>35</total>
				<timestamp>4643.672198</timestamp>
			</report>
			<report>
				<misses>14527001</misses>
				<total>35</total>
				<timestamp>4643.991866</timestamp>
			</report>
			<report>
				<misses>14528001</misses>
				<total>34</total>
				<timestamp>4644.311636</timestamp>
			</report>
			<report>
				<misses>14529001</misses>
				<total>34</total>
				<timestamp>4644.631304</timestamp>
			</report>
			<report>
				<misses>14530001</misses>
				<total>35</total>
				<timestamp>4644.950895</timestamp>
			</report>
			<report>
				<misses>14531001</misses>
				<total>35</total>
				<timestamp>4645.270605</timestamp>
			</report>
			<report>
				<misses>14532001</misses>
				<total>35</total>
				<timestamp>4645.590330</timestamp>
			</report>
			<report>
				<misses>14533001</misses>
				<total>35</total>
				<timestamp>4645.909927</timestamp>
			</report>
			<report>
				<misses>14534001</misses>
				<total>35</total>
				<timestamp>4646.229703</timestamp>
			</report>
			<report>
				<misses>14535001</misses>
				<total>35</total>
				<timestamp>4646.549327</timestamp>
			</report>
			<report>
				<misses>14536001</misses>
				<total>35</total>
				<timestamp>4646.868980</timestamp>
			</report>
			<report>
				<misses>14537001</misses>
				<total>35</total>
				<timestamp>4647.188690</timestamp>
			</report>
			<report>
				<misses>14538001</misses>
				<total>34</total>
				<timestamp>4647.508471</timestamp>
			</report>
			<report>
				<misses>14539001</misses>
				<total>35</total>
				<timestamp>4647.828062</timestamp>
			</report>
			<report>
				<misses>14540001</misses>
				<total>34</total>
				<timestamp>4648.147783</timestamp>
			</report>
			<report>
				<misses>14541001</misses>
				<total>35</total>
				<timestamp>4648.467453</timestamp>
			</report>
			<report>
				<misses>14542001</misses>
				<total>35</total>
				<timestamp>4648.787107</timestamp>
			</report>
			<report>
				<misses>14543001</misses>
				<total>35</total>
				<timestamp>4649.106748</timestamp>
			</report>
			<report>
				<misses>14544001</misses>
				<total>35</total>
				<timestamp>4649.426547</timestamp>
			</report>
			<report>
				<misses>14545001</misses>
				<total>34</total>
				<timestamp>4649.746217</timestamp>
			</report>
			<report>
				<misses>14546001</misses>
				<total>34</total>
				<timestamp>4650.065979</timestamp>
			</report>
			<report>
				<misses>14547001</misses>
				<total>35</total>
				<timestamp>4650.385501</timestamp>
			</report>
			<report>
				<misses>14548001</misses>
				<total>35</total>
				<timestamp>4650.705176</timestamp>
			</report>
			<report>
				<misses>14549001</misses>
				<total>35</total>
				<timestamp>4651.024815</timestamp>
			</report>
			<report>
				<misses>14550001</misses>
				<total>35</total>
				<timestamp>4651.344538</timestamp>
			</report>
			<report>
				<misses>14551001</misses>
				<total>35</total>
				<timestamp>4651.664160</timestamp>
			</report>
			<report>
				<misses>14552001</misses>
				<total>34</total>
				<timestamp>4651.983945</timestamp>
			</report>
			<report>
				<misses>14553001</misses>
				<total>35</total>
				<timestamp>4652.303529</timestamp>
			</report>
			<report>
				<misses>14554001</misses>
				<total>35</total>
				<timestamp>4652.623231</timestamp>
			</report>
			<report>
				<misses>14555001</misses>
				<total>35</total>
				<timestamp>4652.942900</timestamp>
			</report>
			<report>
				<misses>14556001</misses>
				<total>35</total>
				<timestamp>4653.262637</timestamp>
			</report>
			<report>
				<misses>14557001</misses>
				<total>35</total>
				<timestamp>4653.582252</timestamp>
			</report>
			<report>
				<misses>14558001</misses>
				<total>35</total>
				<timestamp>4653.901951</timestamp>
			</report>
			<report>
				<misses>14559001</misses>
				<total>35</total>
				<timestamp>4654.221612</timestamp>
			</report>
			<report>
				<misses>14560001</misses>
				<total>35</total>
				<timestamp>4654.541352</timestamp>
			</report>
			<report>
				<misses>14561001</misses>
				<total>35</total>
				<timestamp>4654.860969</timestamp>
			</report>
			<report>
				<misses>14562001</misses>
				<total>35</total>
				<timestamp>4655.180643</timestamp>
			</report>
			<report>
				<misses>14563001</misses>
				<total>35</total>
				<timestamp>4655.500425</timestamp>
			</report>
			<report>
				<misses>14564001</misses>
				<total>35</total>
				<timestamp>4655.819997</timestamp>
			</report>
			<report>
				<misses>14565001</misses>
				<total>35</total>
				<timestamp>4656.139691</timestamp>
			</report>
			<report>
				<misses>14566001</misses>
				<total>35</total>
				<timestamp>4656.459435</timestamp>
			</report>
			<report>
				<misses>14567001</misses>
				<total>34</total>
				<timestamp>4656.779143</timestamp>
			</report>
			<report>
				<misses>14568001</misses>
				<total>35</total>
				<timestamp>4657.098796</timestamp>
			</report>
			<report>
				<misses>14569001</misses>
				<total>35</total>
				<timestamp>4657.418462</timestamp>
			</report>
			<report>
				<misses>14570001</misses>
				<total>35</total>
				<timestamp>4657.738104</timestamp>
			</report>
			<report>
				<misses>14571001</misses>
				<total>34</total>
				<timestamp>4658.057896</timestamp>
			</report>
			<report>
				<misses>14572001</misses>
				<total>35</total>
				<timestamp>4658.377492</timestamp>
			</report>
			<report>
				<misses>14573001</misses>
				<total>35</total>
				<timestamp>4658.697144</timestamp>
			</report>
			<report>
				<misses>14574001</misses>
				<total>35</total>
				<timestamp>4659.016791</timestamp>
			</report>
			<report>
				<misses>14575001</misses>
				<total>35</total>
				<timestamp>4659.336492</timestamp>
			</report>
			<report>
				<misses>14576001</misses>
				<total>35</total>
				<timestamp>4659.656202</timestamp>
			</report>
			<report>
				<misses>14577001</misses>
				<total>35</total>
				<timestamp>4659.975872</timestamp>
			</report>
			<report>
				<misses>14578001</misses>
				<total>34</total>
				<timestamp>4660.295625</timestamp>
			</report>
			<report>
				<misses>14579001</misses>
				<total>35</total>
				<timestamp>4660.615248</timestamp>
			</report>
			<report>
				<misses>14580001</misses>
				<total>35</total>
				<timestamp>4660.934928</timestamp>
			</report>
			<report>
				<misses>14581001</misses>
				<total>35</total>
				<timestamp>4661.254606</timestamp>
			</report>
			<report>
				<misses>14582001</misses>
				<total>35</total>
				<timestamp>4661.574275</timestamp>
			</report>
			<report>
				<misses>14583001</misses>
				<total>34</total>
				<timestamp>4661.894011</timestamp>
			</report>
			<report>
				<misses>14584001</misses>
				<total>35</total>
				<timestamp>4662.213623</timestamp>
			</report>
			<report>
				<misses>14585001</misses>
				<total>35</total>
				<timestamp>4662.533331</timestamp>
			</report>
			<report>
				<misses>14586001</misses>
				<total>35</total>
				<timestamp>4662.852999</timestamp>
			</report>
			<report>
				<misses>14587001</misses>
				<total>35</total>
				<timestamp>4663.172696</timestamp>
			</report>
			<report>
				<misses>14588001</misses>
				<total>34</total>
				<timestamp>4663.492486</timestamp>
			</report>
			<report>
				<misses>14589001</misses>
				<total>35</total>
				<timestamp>4663.812022</timestamp>
			</report>
			<report>
				<misses>14590001</misses>
				<total>35</total>
				<timestamp>4664.131703</timestamp>
			</report>
			<report>
				<misses>14591001</misses>
				<total>35</total>
				<timestamp>4664.451433</timestamp>
			</report>
			<report>
				<misses>14592001</misses>
				<total>34</total>
				<timestamp>4664.771147</timestamp>
			</report>
			<report>
				<misses>14593001</misses>
				<total>35</total>
				<timestamp>4665.090764</timestamp>
			</report>
			<report>
				<misses>14594001</misses>
				<total>35</total>
				<timestamp>4665.410436</timestamp>
			</report>
			<report>
				<misses>14595001</misses>
				<total>35</total>
				<timestamp>4665.730106</timestamp>
			</report>
			<report>
				<misses>14596001</misses>
				<total>35</total>
				<timestamp>4666.049794</timestamp>
			</report>
			<report>
				<misses>14597001</misses>
				<total>35</total>
				<timestamp>4666.369448</timestamp>
			</report>
			<report>
				<misses>14598001</misses>
				<total>35</total>
				<timestamp>4666.689121</timestamp>
			</report>
			<report>
				<misses>14599001</misses>
				<total>34</total>
				<timestamp>4667.008852</timestamp>
			</report>
			<report>
				<misses>14600001</misses>
				<total>35</total>
				<timestamp>4667.328508</timestamp>
			</report>
			<report>
				<misses>14601001</misses>
				<total>34</total>
				<timestamp>4667.648343</timestamp>
			</report>
			<report>
				<misses>14602001</misses>
				<total>35</total>
				<timestamp>4667.967854</timestamp>
			</report>
			<report>
				<misses>14603001</misses>
				<total>35</total>
				<timestamp>4668.287589</timestamp>
			</report>
			<report>
				<misses>14604001</misses>
				<total>35</total>
				<timestamp>4668.607301</timestamp>
			</report>
			<report>
				<misses>14605001</misses>
				<total>35</total>
				<timestamp>4668.926910</timestamp>
			</report>
			<report>
				<misses>14606001</misses>
				<total>35</total>
				<timestamp>4669.246584</timestamp>
			</report>
			<report>
				<misses>14607001</misses>
				<total>35</total>
				<timestamp>4669.566336</timestamp>
			</report>
			<report>
				<misses>14608001</misses>
				<total>35</total>
				<timestamp>4669.885921</timestamp>
			</report>
			<report>
				<misses>14609001</misses>
				<total>34</total>
				<timestamp>4670.205707</timestamp>
			</report>
			<report>
				<misses>14610001</misses>
				<total>35</total>
				<timestamp>4670.525367</timestamp>
			</report>
			<report>
				<misses>14611001</misses>
				<total>35</total>
				<timestamp>4670.845047</timestamp>
			</report>
			<report>
				<misses>14612001</misses>
				<total>35</total>
				<timestamp>4671.164645</timestamp>
			</report>
			<report>
				<misses>14613001</misses>
				<total>35</total>
				<timestamp>4671.484338</timestamp>
			</report>
			<report>
				<misses>14614001</misses>
				<total>35</total>
				<timestamp>4671.804029</timestamp>
			</report>
			<report>
				<misses>14615001</misses>
				<total>35</total>
				<timestamp>4672.123732</timestamp>
			</report>
			<report>
				<misses>14616001</misses>
				<total>34</total>
				<timestamp>4672.443500</timestamp>
			</report>
			<report>
				<misses>14617001</misses>
				<total>34</total>
				<timestamp>4672.763150</timestamp>
			</report>
			<report>
				<misses>14618001</misses>
				<total>34</total>
				<timestamp>4673.082828</timestamp>
			</report>
			<report>
				<misses>14619001</misses>
				<total>35</total>
				<timestamp>4673.402406</timestamp>
			</report>
			<report>
				<misses>14620001</misses>
				<total>35</total>
				<timestamp>4673.722195</timestamp>
			</report>
			<report>
				<misses>14621001</misses>
				<total>35</total>
				<timestamp>4674.041810</timestamp>
			</report>
			<report>
				<misses>14622001</misses>
				<total>35</total>
				<timestamp>4674.361450</timestamp>
			</report>
			<report>
				<misses>14623001</misses>
				<total>35</total>
				<timestamp>4674.681230</timestamp>
			</report>
			<report>
				<misses>14624001</misses>
				<total>34</total>
				<timestamp>4675.000979</timestamp>
			</report>
			<report>
				<misses>14625001</misses>
				<total>35</total>
				<timestamp>4675.320604</timestamp>
			</report>
			<report>
				<misses>14626001</misses>
				<total>35</total>
				<timestamp>4675.640290</timestamp>
			</report>
			<report>
				<misses>14627001</misses>
				<total>35</total>
				<timestamp>4675.959983</timestamp>
			</report>
			<report>
				<misses>14628001</misses>
				<total>35</total>
				<timestamp>4676.279639</timestamp>
			</report>
			<report>
				<misses>14629001</misses>
				<total>35</total>
				<timestamp>4676.599371</timestamp>
			</report>
			<report>
				<misses>14630001</misses>
				<total>35</total>
				<timestamp>4676.918907</timestamp>
			</report>
			<report>
				<misses>14631001</misses>
				<total>35</total>
				<timestamp>4677.238713</timestamp>
			</report>
			<report>
				<misses>14632001</misses>
				<total>35</total>
				<timestamp>4677.558345</timestamp>
			</report>
			<report>
				<misses>14633001</misses>
				<total>35</total>
				<timestamp>4677.877977</timestamp>
			</report>
			<report>
				<misses>14634001</misses>
				<total>35</total>
				<timestamp>4678.197706</timestamp>
			</report>
			<report>
				<misses>14635001</misses>
				<total>35</total>
				<timestamp>4678.517399</timestamp>
			</report>
			<report>
				<misses>14636001</misses>
				<total>35</total>
				<timestamp>4678.837091</timestamp>
			</report>
			<report>
				<misses>14637001</misses>
				<total>35</total>
				<timestamp>4679.156740</timestamp>
			</report>
			<report>
				<misses>14638001</misses>
				<total>35</total>
				<timestamp>4679.476368</timestamp>
			</report>
			<report>
				<misses>14639001</misses>
				<total>35</total>
				<timestamp>4679.796157</timestamp>
			</report>
			<report>
				<misses>14640001</misses>
				<total>35</total>
				<timestamp>4680.115764</timestamp>
			</report>
			<report>
				<misses>14641001</misses>
				<total>35</total>
				<timestamp>4680.435432</timestamp>
			</report>
			<report>
				<misses>14642001</misses>
				<total>34</total>
				<timestamp>4680.755243</timestamp>
			</report>
			<report>
				<misses>14643001</misses>
				<total>35</total>
				<timestamp>4681.074827</timestamp>
			</report>
			<report>
				<misses>14644001</misses>
				<total>35</total>
				<timestamp>4681.394521</timestamp>
			</report>
			<report>
				<misses>14645001</misses>
				<total>35</total>
				<timestamp>4681.714162</timestamp>
			</report>
			<report>
				<misses>14646001</misses>
				<total>35</total>
				<timestamp>4682.033823</timestamp>
			</report>
			<report>
				<misses>14647001</misses>
				<total>35</total>
				<timestamp>4682.353458</timestamp>
			</report>
			<report>
				<misses>14648001</misses>
				<total>35</total>
				<timestamp>4682.673195</timestamp>
			</report>
			<report>
				<misses>14649001</misses>
				<total>35</total>
				<timestamp>4682.992976</timestamp>
			</report>
			<report>
				<misses>14650001</misses>
				<total>35</total>
				<timestamp>4683.312632</timestamp>
			</report>
			<report>
				<misses>14651001</misses>
				<total>35</total>
				<timestamp>4683.632273</timestamp>
			</report>
			<report>
				<misses>14652001</misses>
				<total>35</total>
				<timestamp>4683.951864</timestamp>
			</report>
			<report>
				<misses>14653001</misses>
				<total>35</total>
				<timestamp>4684.271606</timestamp>
			</report>
			<report>
				<misses>14654001</misses>
				<total>35</total>
				<timestamp>4684.591232</timestamp>
			</report>
			<report>
				<misses>14655001</misses>
				<total>34</total>
				<timestamp>4684.911063</timestamp>
			</report>
			<report>
				<misses>14656001</misses>
				<total>35</total>
				<timestamp>4685.230665</timestamp>
			</report>
			<report>
				<misses>14657001</misses>
				<total>35</total>
				<timestamp>4685.550350</timestamp>
			</report>
			<report>
				<misses>14658001</misses>
				<total>35</total>
				<timestamp>4685.869978</timestamp>
			</report>
			<report>
				<misses>14659001</misses>
				<total>35</total>
				<timestamp>4686.189676</timestamp>
			</report>
			<report>
				<misses>14660001</misses>
				<total>35</total>
				<timestamp>4686.509319</timestamp>
			</report>
			<report>
				<misses>14661001</misses>
				<total>35</total>
				<timestamp>4686.829151</timestamp>
			</report>
			<report>
				<misses>14662001</misses>
				<total>34</total>
				<timestamp>4687.148802</timestamp>
			</report>
			<report>
				<misses>14663001</misses>
				<total>34</total>
				<timestamp>4687.468441</timestamp>
			</report>
			<report>
				<misses>14664001</misses>
				<total>35</total>
				<timestamp>4687.788075</timestamp>
			</report>
			<report>
				<misses>14665001</misses>
				<total>35</total>
				<timestamp>4688.107684</timestamp>
			</report>
			<report>
				<misses>14666001</misses>
				<total>35</total>
				<timestamp>4688.427517</timestamp>
			</report>
			<report>
				<misses>14667001</misses>
				<total>35</total>
				<timestamp>4688.747145</timestamp>
			</report>
			<report>
				<misses>14668001</misses>
				<total>35</total>
				<timestamp>4689.066801</timestamp>
			</report>
			<report>
				<misses>14669001</misses>
				<total>35</total>
				<timestamp>4689.386498</timestamp>
			</report>
			<report>
				<misses>14670001</misses>
				<total>35</total>
				<timestamp>4689.706206</timestamp>
			</report>
			<report>
				<misses>14671001</misses>
				<total>35</total>
				<timestamp>4690.025810</timestamp>
			</report>
			<report>
				<misses>14672001</misses>
				<total>35</total>
				<timestamp>4690.345463</timestamp>
			</report>
			<report>
				<misses>14673001</misses>
				<total>35</total>
				<timestamp>4690.665312</timestamp>
			</report>
			<report>
				<misses>14674001</misses>
				<total>35</total>
				<timestamp>4690.984908</timestamp>
			</report>
			<report>
				<misses>14675001</misses>
				<total>35</total>
				<timestamp>4691.304531</timestamp>
			</report>
			<report>
				<misses>14676001</misses>
				<total>35</total>
				<timestamp>4691.624300</timestamp>
			</report>
			<report>
				<misses>14677001</misses>
				<total>35</total>
				<timestamp>4691.943892</timestamp>
			</report>
			<report>
				<misses>14678001</misses>
				<total>35</total>
				<timestamp>4692.263542</timestamp>
			</report>
			<report>
				<misses>14679001</misses>
				<total>35</total>
				<timestamp>4692.583412</timestamp>
			</report>
			<report>
				<misses>14680001</misses>
				<total>35</total>
				<timestamp>4692.902957</timestamp>
			</report>
			<report>
				<misses>14681001</misses>
				<total>35</total>
				<timestamp>4693.222747</timestamp>
			</report>
			<report>
				<misses>14682001</misses>
				<total>35</total>
				<timestamp>4693.542355</timestamp>
			</report>
			<report>
				<misses>14683001</misses>
				<total>35</total>
				<timestamp>4693.861974</timestamp>
			</report>
			<report>
				<misses>14684001</misses>
				<total>35</total>
				<timestamp>4694.181745</timestamp>
			</report>
			<report>
				<misses>14685001</misses>
				<total>35</total>
				<timestamp>4694.501435</timestamp>
			</report>
			<report>
				<misses>14686001</misses>
				<total>35</total>
				<timestamp>4694.820972</timestamp>
			</report>
			<report>
				<misses>14687001</misses>
				<total>35</total>
				<timestamp>4695.140739</timestamp>
			</report>
			<report>
				<misses>14688001</misses>
				<total>35</total>
				<timestamp>4695.460389</timestamp>
			</report>
			<report>
				<misses>14689001</misses>
				<total>35</total>
				<timestamp>4695.780071</timestamp>
			</report>
			<report>
				<misses>14690001</misses>
				<total>35</total>
				<timestamp>4696.099783</timestamp>
			</report>
			<report>
				<misses>14691001</misses>
				<total>35</total>
				<timestamp>4696.419365</timestamp>
			</report>
			<report>
				<misses>14692001</misses>
				<total>35</total>
				<timestamp>4696.739116</timestamp>
			</report>
			<report>
				<misses>14693001</misses>
				<total>35</total>
				<timestamp>4697.058843</timestamp>
			</report>
			<report>
				<misses>14694001</misses>
				<total>35</total>
				<timestamp>4697.378578</timestamp>
			</report>
			<report>
				<misses>14695001</misses>
				<total>35</total>
				<timestamp>4697.698159</timestamp>
			</report>
			<report>
				<misses>14696001</misses>
				<total>35</total>
				<timestamp>4698.017824</timestamp>
			</report>
			<report>
				<misses>14697001</misses>
				<total>35</total>
				<timestamp>4698.337475</timestamp>
			</report>
			<report>
				<misses>14698001</misses>
				<total>35</total>
				<timestamp>4698.657186</timestamp>
			</report>
			<report>
				<misses>14699001</misses>
				<total>35</total>
				<timestamp>4698.976832</timestamp>
			</report>
			<report>
				<misses>14700001</misses>
				<total>35</total>
				<timestamp>4699.296549</timestamp>
			</report>
			<report>
				<misses>14701001</misses>
				<total>35</total>
				<timestamp>4699.616212</timestamp>
			</report>
			<report>
				<misses>14702001</misses>
				<total>35</total>
				<timestamp>4699.935938</timestamp>
			</report>
			<report>
				<misses>14703001</misses>
				<total>35</total>
				<timestamp>4700.255572</timestamp>
			</report>
			<report>
				<misses>14704001</misses>
				<total>35</total>
				<timestamp>4700.575195</timestamp>
			</report>
			<report>
				<misses>14705001</misses>
				<total>35</total>
				<timestamp>4700.894869</timestamp>
			</report>
			<report>
				<misses>14706001</misses>
				<total>35</total>
				<timestamp>4701.214601</timestamp>
			</report>
			<report>
				<misses>14707001</misses>
				<total>35</total>
				<timestamp>4701.534277</timestamp>
			</report>
			<report>
				<misses>14708001</misses>
				<total>34</total>
				<timestamp>4701.854037</timestamp>
			</report>
			<report>
				<misses>14709001</misses>
				<total>34</total>
				<timestamp>4702.173700</timestamp>
			</report>
			<report>
				<misses>14710001</misses>
				<total>35</total>
				<timestamp>4702.493359</timestamp>
			</report>
			<report>
				<misses>14711001</misses>
				<total>35</total>
				<timestamp>4702.812992</timestamp>
			</report>
			<report>
				<misses>14712001</misses>
				<total>34</total>
				<timestamp>4703.132738</timestamp>
			</report>
			<report>
				<misses>14713001</misses>
				<total>35</total>
				<timestamp>4703.452385</timestamp>
			</report>
			<report>
				<misses>14714001</misses>
				<total>35</total>
				<timestamp>4703.772020</timestamp>
			</report>
			<report>
				<misses>14715001</misses>
				<total>35</total>
				<timestamp>4704.091713</timestamp>
			</report>
			<report>
				<misses>14716001</misses>
				<total>35</total>
				<timestamp>4704.411426</timestamp>
			</report>
			<report>
				<misses>14717001</misses>
				<total>35</total>
				<timestamp>4704.731105</timestamp>
			</report>
			<report>
				<misses>14718001</misses>
				<total>35</total>
				<timestamp>4705.050741</timestamp>
			</report>
			<report>
				<misses>14719001</misses>
				<total>35</total>
				<timestamp>4705.370423</timestamp>
			</report>
			<report>
				<misses>14720001</misses>
				<total>35</total>
				<timestamp>4705.690089</timestamp>
			</report>
			<report>
				<misses>14721001</misses>
				<total>35</total>
				<timestamp>4706.009792</timestamp>
			</report>
			<report>
				<misses>14722001</misses>
				<total>35</total>
				<timestamp>4706.329443</timestamp>
			</report>
			<report>
				<misses>14723001</misses>
				<total>35</total>
				<timestamp>4706.649234</timestamp>
			</report>
			<report>
				<misses>14724001</misses>
				<total>35</total>
				<timestamp>4706.968802</timestamp>
			</report>
			<report>
				<misses>14725001</misses>
				<total>35</total>
				<timestamp>4707.288491</timestamp>
			</report>
			<report>
				<misses>14726001</misses>
				<total>35</total>
				<timestamp>4707.608188</timestamp>
			</report>
			<report>
				<misses>14727001</misses>
				<total>35</total>
				<timestamp>4707.927873</timestamp>
			</report>
			<report>
				<misses>14728001</misses>
				<total>35</total>
				<timestamp>4708.247587</timestamp>
			</report>
			<report>
				<misses>14729001</misses>
				<total>35</total>
				<timestamp>4708.567261</timestamp>
			</report>
			<report>
				<misses>14730001</misses>
				<total>35</total>
				<timestamp>4708.886901</timestamp>
			</report>
			<report>
				<misses>14731001</misses>
				<total>35</total>
				<timestamp>4709.206560</timestamp>
			</report>
			<report>
				<misses>14732001</misses>
				<total>35</total>
				<timestamp>4709.526263</timestamp>
			</report>
			<report>
				<misses>14733001</misses>
				<total>35</total>
				<timestamp>4709.845953</timestamp>
			</report>
			<report>
				<misses>14734001</misses>
				<total>35</total>
				<timestamp>4710.165614</timestamp>
			</report>
			<report>
				<misses>14735001</misses>
				<total>35</total>
				<timestamp>4710.485333</timestamp>
			</report>
			<report>
				<misses>14736001</misses>
				<total>35</total>
				<timestamp>4710.805003</timestamp>
			</report>
			<report>
				<misses>14737001</misses>
				<total>34</total>
				<timestamp>4711.124747</timestamp>
			</report>
			<report>
				<misses>14738001</misses>
				<total>35</total>
				<timestamp>4711.444382</timestamp>
			</report>
			<report>
				<misses>14739001</misses>
				<total>35</total>
				<timestamp>4711.764054</timestamp>
			</report>
			<report>
				<misses>14740001</misses>
				<total>35</total>
				<timestamp>4712.083709</timestamp>
			</report>
			<report>
				<misses>14741001</misses>
				<total>35</total>
				<timestamp>4712.403388</timestamp>
			</report>
			<report>
				<misses>14742001</misses>
				<total>35</total>
				<timestamp>4712.723084</timestamp>
			</report>
			<report>
				<misses>14743001</misses>
				<total>35</total>
				<timestamp>4713.042730</timestamp>
			</report>
			<report>
				<misses>14744001</misses>
				<total>35</total>
				<timestamp>4713.362404</timestamp>
			</report>
			<report>
				<misses>14745001</misses>
				<total>35</total>
				<timestamp>4713.682090</timestamp>
			</report>
			<report>
				<misses>14746001</misses>
				<total>34</total>
				<timestamp>4714.001872</timestamp>
			</report>
			<report>
				<misses>14747001</misses>
				<total>34</total>
				<timestamp>4714.321539</timestamp>
			</report>
			<report>
				<misses>14748001</misses>
				<total>35</total>
				<timestamp>4714.641255</timestamp>
			</report>
			<report>
				<misses>14749001</misses>
				<total>35</total>
				<timestamp>4714.960885</timestamp>
			</report>
			<report>
				<misses>14750001</misses>
				<total>35</total>
				<timestamp>4715.280494</timestamp>
			</report>
			<report>
				<misses>14751001</misses>
				<total>35</total>
				<timestamp>4715.600233</timestamp>
			</report>
			<report>
				<misses>14752001</misses>
				<total>34</total>
				<timestamp>4715.920037</timestamp>
			</report>
			<report>
				<misses>14753001</misses>
				<total>35</total>
				<timestamp>4716.239566</timestamp>
			</report>
			<report>
				<misses>14754001</misses>
				<total>35</total>
				<timestamp>4716.559222</timestamp>
			</report>
			<report>
				<misses>14755001</misses>
				<total>35</total>
				<timestamp>4716.878888</timestamp>
			</report>
			<report>
				<misses>14756001</misses>
				<total>35</total>
				<timestamp>4717.198612</timestamp>
			</report>
			<report>
				<misses>14757001</misses>
				<total>35</total>
				<timestamp>4717.518321</timestamp>
			</report>
			<report>
				<misses>14758001</misses>
				<total>35</total>
				<timestamp>4717.837995</timestamp>
			</report>
			<report>
				<misses>14759001</misses>
				<total>35</total>
				<timestamp>4718.157635</timestamp>
			</report>
			<report>
				<misses>14760001</misses>
				<total>35</total>
				<timestamp>4718.477406</timestamp>
			</report>
			<report>
				<misses>14761001</misses>
				<total>35</total>
				<timestamp>4718.797050</timestamp>
			</report>
			<report>
				<misses>14762001</misses>
				<total>34</total>
				<timestamp>4719.116838</timestamp>
			</report>
			<report>
				<misses>14763001</misses>
				<total>35</total>
				<timestamp>4719.436484</timestamp>
			</report>
			<report>
				<misses>14764001</misses>
				<total>35</total>
				<timestamp>4719.756004</timestamp>
			</report>
			<report>
				<misses>14765001</misses>
				<total>34</total>
				<timestamp>4720.075833</timestamp>
			</report>
			<report>
				<misses>14766001</misses>
				<total>35</total>
				<timestamp>4720.395446</timestamp>
			</report>
			<report>
				<misses>14767001</misses>
				<total>35</total>
				<timestamp>4720.715217</timestamp>
			</report>
			<report>
				<misses>14768001</misses>
				<total>35</total>
				<timestamp>4721.034776</timestamp>
			</report>
			<report>
				<misses>14769001</misses>
				<total>35</total>
				<timestamp>4721.354470</timestamp>
			</report>
			<report>
				<misses>14770001</misses>
				<total>35</total>
				<timestamp>4721.674153</timestamp>
			</report>
			<report>
				<misses>14771001</misses>
				<total>34</total>
				<timestamp>4721.994005</timestamp>
			</report>
			<report>
				<misses>14772001</misses>
				<total>35</total>
				<timestamp>4722.313567</timestamp>
			</report>
			<report>
				<misses>14773001</misses>
				<total>34</total>
				<timestamp>4722.633292</timestamp>
			</report>
			<report>
				<misses>14774001</misses>
				<total>35</total>
				<timestamp>4722.952844</timestamp>
			</report>
			<report>
				<misses>14775001</misses>
				<total>35</total>
				<timestamp>4723.272543</timestamp>
			</report>
			<report>
				<misses>14776001</misses>
				<total>35</total>
				<timestamp>4723.592232</timestamp>
			</report>
			<report>
				<misses>14777001</misses>
				<total>35</total>
				<timestamp>4723.911970</timestamp>
			</report>
			<report>
				<misses>14778001</misses>
				<total>35</total>
				<timestamp>4724.231612</timestamp>
			</report>
			<report>
				<misses>14779001</misses>
				<total>35</total>
				<timestamp>4724.551306</timestamp>
			</report>
			<report>
				<misses>14780001</misses>
				<total>35</total>
				<timestamp>4724.871053</timestamp>
			</report>
			<report>
				<misses>14781001</misses>
				<total>35</total>
				<timestamp>4725.190685</timestamp>
			</report>
			<report>
				<misses>14782001</misses>
				<total>34</total>
				<timestamp>4725.510396</timestamp>
			</report>
			<report>
				<misses>14783001</misses>
				<total>35</total>
				<timestamp>4725.829970</timestamp>
			</report>
			<report>
				<misses>14784001</misses>
				<total>35</total>
				<timestamp>4726.149661</timestamp>
			</report>
			<report>
				<misses>14785001</misses>
				<total>35</total>
				<timestamp>4726.469293</timestamp>
			</report>
			<report>
				<misses>14786001</misses>
				<total>35</total>
				<timestamp>4726.789055</timestamp>
			</report>
			<report>
				<misses>14787001</misses>
				<total>35</total>
				<timestamp>4727.108702</timestamp>
			</report>
			<report>
				<misses>14788001</misses>
				<total>35</total>
				<timestamp>4727.428386</timestamp>
			</report>
			<report>
				<misses>14789001</misses>
				<total>35</total>
				<timestamp>4727.748041</timestamp>
			</report>
			<report>
				<misses>14790001</misses>
				<total>35</total>
				<timestamp>4728.067718</timestamp>
			</report>
			<report>
				<misses>14791001</misses>
				<total>35</total>
				<timestamp>4728.387362</timestamp>
			</report>
			<report>
				<misses>14792001</misses>
				<total>35</total>
				<timestamp>4728.707081</timestamp>
			</report>
			<report>
				<misses>14793001</misses>
				<total>35</total>
				<timestamp>4729.026718</timestamp>
			</report>
			<report>
				<misses>14794001</misses>
				<total>35</total>
				<timestamp>4729.346408</timestamp>
			</report>
			<report>
				<misses>14795001</misses>
				<total>35</total>
				<timestamp>4729.666096</timestamp>
			</report>
			<report>
				<misses>14796001</misses>
				<total>35</total>
				<timestamp>4729.985771</timestamp>
			</report>
			<report>
				<misses>14797001</misses>
				<total>34</total>
				<timestamp>4730.305594</timestamp>
			</report>
			<report>
				<misses>14798001</misses>
				<total>35</total>
				<timestamp>4730.625186</timestamp>
			</report>
			<report>
				<misses>14799001</misses>
				<total>35</total>
				<timestamp>4730.944918</timestamp>
			</report>
			<report>
				<misses>14800001</misses>
				<total>35</total>
				<timestamp>4731.264511</timestamp>
			</report>
			<report>
				<misses>14801001</misses>
				<total>35</total>
				<timestamp>4731.584235</timestamp>
			</report>
			<report>
				<misses>14802001</misses>
				<total>35</total>
				<timestamp>4731.904028</timestamp>
			</report>
			<report>
				<misses>14803001</misses>
				<total>35</total>
				<timestamp>4732.223647</timestamp>
			</report>
			<report>
				<misses>14804001</misses>
				<total>35</total>
				<timestamp>4732.543330</timestamp>
			</report>
			<report>
				<misses>14805001</misses>
				<total>35</total>
				<timestamp>4732.863054</timestamp>
			</report>
			<report>
				<misses>14806001</misses>
				<total>35</total>
				<timestamp>4733.182680</timestamp>
			</report>
			<report>
				<misses>14807001</misses>
				<total>35</total>
				<timestamp>4733.502290</timestamp>
			</report>
			<report>
				<misses>14808001</misses>
				<total>35</total>
				<timestamp>4733.821990</timestamp>
			</report>
			<report>
				<misses>14809001</misses>
				<total>35</total>
				<timestamp>4734.141665</timestamp>
			</report>
			<report>
				<misses>14810001</misses>
				<total>35</total>
				<timestamp>4734.461385</timestamp>
			</report>
			<report>
				<misses>14811001</misses>
				<total>35</total>
				<timestamp>4734.781036</timestamp>
			</report>
			<report>
				<misses>14812001</misses>
				<total>35</total>
				<timestamp>4735.100713</timestamp>
			</report>
			<report>
				<misses>14813001</misses>
				<total>35</total>
				<timestamp>4735.420328</timestamp>
			</report>
			<report>
				<misses>14814001</misses>
				<total>35</total>
				<timestamp>4735.740159</timestamp>
			</report>
			<report>
				<misses>14815001</misses>
				<total>35</total>
				<timestamp>4736.059886</timestamp>
			</report>
			<report>
				<misses>14816001</misses>
				<total>35</total>
				<timestamp>4736.379483</timestamp>
			</report>
			<report>
				<misses>14817001</misses>
				<total>35</total>
				<timestamp>4736.699236</timestamp>
			</report>
			<report>
				<misses>14818001</misses>
				<total>35</total>
				<timestamp>4737.018824</timestamp>
			</report>
			<report>
				<misses>14819001</misses>
				<total>35</total>
				<timestamp>4737.338494</timestamp>
			</report>
			<report>
				<misses>14820001</misses>
				<total>35</total>
				<timestamp>4737.658141</timestamp>
			</report>
			<report>
				<misses>14821001</misses>
				<total>34</total>
				<timestamp>4737.978047</timestamp>
			</report>
			<report>
				<misses>14822001</misses>
				<total>35</total>
				<timestamp>4738.297515</timestamp>
			</report>
			<report>
				<misses>14823001</misses>
				<total>35</total>
				<timestamp>4738.617139</timestamp>
			</report>
			<report>
				<misses>14824001</misses>
				<total>34</total>
				<timestamp>4738.936906</timestamp>
			</report>
			<report>
				<misses>14825001</misses>
				<total>35</total>
				<timestamp>4739.256476</timestamp>
			</report>
			<report>
				<misses>14826001</misses>
				<total>35</total>
				<timestamp>4739.576187</timestamp>
			</report>
			<report>
				<misses>14827001</misses>
				<total>35</total>
				<timestamp>4739.895890</timestamp>
			</report>
			<report>
				<misses>14828001</misses>
				<total>34</total>
				<timestamp>4740.215636</timestamp>
			</report>
			<report>
				<misses>14829001</misses>
				<total>35</total>
				<timestamp>4740.535245</timestamp>
			</report>
			<report>
				<misses>14830001</misses>
				<total>34</total>
				<timestamp>4740.855014</timestamp>
			</report>
			<report>
				<misses>14831001</misses>
				<total>35</total>
				<timestamp>4741.174564</timestamp>
			</report>
			<report>
				<misses>14832001</misses>
				<total>35</total>
				<timestamp>4741.494314</timestamp>
			</report>
			<report>
				<misses>14833001</misses>
				<total>35</total>
				<timestamp>4741.813963</timestamp>
			</report>
			<report>
				<misses>14834001</misses>
				<total>35</total>
				<timestamp>4742.133662</timestamp>
			</report>
			<report>
				<misses>14835001</misses>
				<total>35</total>
				<timestamp>4742.453325</timestamp>
			</report>
			<report>
				<misses>14836001</misses>
				<total>35</total>
				<timestamp>4742.773006</timestamp>
			</report>
			<report>
				<misses>14837001</misses>
				<total>35</total>
				<timestamp>4743.092658</timestamp>
			</report>
			<report>
				<misses>14838001</misses>
				<total>35</total>
				<timestamp>4743.412349</timestamp>
			</report>
			<report>
				<misses>14839001</misses>
				<total>36</total>
				<timestamp>4743.732037</timestamp>
			</report>
			<report>
				<misses>14840001</misses>
				<total>36</total>
				<timestamp>4744.051680</timestamp>
			</report>
			<report>
				<misses>14841001</misses>
				<total>35</total>
				<timestamp>4744.371475</timestamp>
			</report>
			<report>
				<misses>14842001</misses>
				<total>36</total>
				<timestamp>4744.691074</timestamp>
			</report>
			<report>
				<misses>14843001</misses>
				<total>36</total>
				<timestamp>4745.010730</timestamp>
			</report>
			<report>
				<misses>14844001</misses>
				<total>36</total>
				<timestamp>4745.330395</timestamp>
			</report>
			<report>
				<misses>14845001</misses>
				<total>36</total>
				<timestamp>4745.650167</timestamp>
			</report>
			<report>
				<misses>14846001</misses>
				<total>36</total>
				<timestamp>4745.969853</timestamp>
			</report>
			<report>
				<misses>14847001</misses>
				<total>36</total>
				<timestamp>4746.289446</timestamp>
			</report>
			<report>
				<misses>14848001</misses>
				<total>36</total>
				<timestamp>4746.609152</timestamp>
			</report>
			<report>
				<misses>14849001</misses>
				<total>36</total>
				<timestamp>4746.928848</timestamp>
			</report>
			<report>
				<misses>14850001</misses>
				<total>36</total>
				<timestamp>4747.248491</timestamp>
			</report>
			<report>
				<misses>14851001</misses>
				<total>36</total>
				<timestamp>4747.568196</timestamp>
			</report>
			<report>
				<misses>14852001</misses>
				<total>36</total>
				<timestamp>4747.887979</timestamp>
			</report>
			<report>
				<misses>14853001</misses>
				<total>36</total>
				<timestamp>4748.207574</timestamp>
			</report>
			<report>
				<misses>14854001</misses>
				<total>36</total>
				<timestamp>4748.527268</timestamp>
			</report>
			<report>
				<misses>14855001</misses>
				<total>36</total>
				<timestamp>4748.846954</timestamp>
			</report>
			<report>
				<misses>14856001</misses>
				<total>36</total>
				<timestamp>4749.166622</timestamp>
			</report>
			<report>
				<misses>14857001</misses>
				<total>35</total>
				<timestamp>4749.486368</timestamp>
			</report>
			<report>
				<misses>14858001</misses>
				<total>36</total>
				<timestamp>4749.805971</timestamp>
			</report>
			<report>
				<misses>14859001</misses>
				<total>36</total>
				<timestamp>4750.125722</timestamp>
			</report>
			<report>
				<misses>14860001</misses>
				<total>36</total>
				<timestamp>4750.445291</timestamp>
			</report>
			<report>
				<misses>14861001</misses>
				<total>36</total>
				<timestamp>4750.765093</timestamp>
			</report>
			<report>
				<misses>14862001</misses>
				<total>36</total>
				<timestamp>4751.084643</timestamp>
			</report>
			<report>
				<misses>14863001</misses>
				<total>36</total>
				<timestamp>4751.404326</timestamp>
			</report>
			<report>
				<misses>14864001</misses>
				<total>36</total>
				<timestamp>4751.724009</timestamp>
			</report>
			<report>
				<misses>14865001</misses>
				<total>36</total>
				<timestamp>4752.043703</timestamp>
			</report>
			<report>
				<misses>14866001</misses>
				<total>36</total>
				<timestamp>4752.363368</timestamp>
			</report>
			<report>
				<misses>14867001</misses>
				<total>36</total>
				<timestamp>4752.683074</timestamp>
			</report>
			<report>
				<misses>14868001</misses>
				<total>36</total>
				<timestamp>4753.002783</timestamp>
			</report>
			<report>
				<misses>14869001</misses>
				<total>36</total>
				<timestamp>4753.322440</timestamp>
			</report>
			<report>
				<misses>14870001</misses>
				<total>36</total>
				<timestamp>4753.642106</timestamp>
			</report>
			<report>
				<misses>14871001</misses>
				<total>36</total>
				<timestamp>4753.961933</timestamp>
			</report>
			<report>
				<misses>14872001</misses>
				<total>36</total>
				<timestamp>4754.281474</timestamp>
			</report>
			<report>
				<misses>14873001</misses>
				<total>36</total>
				<timestamp>4754.601205</timestamp>
			</report>
			<report>
				<misses>14874001</misses>
				<total>36</total>
				<timestamp>4754.920896</timestamp>
			</report>
			<report>
				<misses>14875001</misses>
				<total>36</total>
				<timestamp>4755.240600</timestamp>
			</report>
			<report>
				<misses>14876001</misses>
				<total>36</total>
				<timestamp>4755.560319</timestamp>
			</report>
			<report>
				<misses>14877001</misses>
				<total>36</total>
				<timestamp>4755.879940</timestamp>
			</report>
			<report>
				<misses>14878001</misses>
				<total>36</total>
				<timestamp>4756.199693</timestamp>
			</report>
			<report>
				<misses>14879001</misses>
				<total>36</total>
				<timestamp>4756.519209</timestamp>
			</report>
			<report>
				<misses>14880001</misses>
				<total>36</total>
				<timestamp>4756.838911</timestamp>
			</report>
			<report>
				<misses>14881001</misses>
				<total>36</total>
				<timestamp>4757.158625</timestamp>
			</report>
			<report>
				<misses>14882001</misses>
				<total>36</total>
				<timestamp>4757.478303</timestamp>
			</report>
			<report>
				<misses>14883001</misses>
				<total>35</total>
				<timestamp>4757.798047</timestamp>
			</report>
			<report>
				<misses>14884001</misses>
				<total>36</total>
				<timestamp>4758.117614</timestamp>
			</report>
			<report>
				<misses>14885001</misses>
				<total>35</total>
				<timestamp>4758.437391</timestamp>
			</report>
			<report>
				<misses>14886001</misses>
				<total>36</total>
				<timestamp>4758.756959</timestamp>
			</report>
			<report>
				<misses>14887001</misses>
				<total>36</total>
				<timestamp>4759.076755</timestamp>
			</report>
			<report>
				<misses>14888001</misses>
				<total>36</total>
				<timestamp>4759.396421</timestamp>
			</report>
			<report>
				<misses>14889001</misses>
				<total>36</total>
				<timestamp>4759.716017</timestamp>
			</report>
			<report>
				<misses>14890001</misses>
				<total>36</total>
				<timestamp>4760.035837</timestamp>
			</report>
			<report>
				<misses>14891001</misses>
				<total>36</total>
				<timestamp>4760.355487</timestamp>
			</report>
			<report>
				<misses>14892001</misses>
				<total>36</total>
				<timestamp>4760.675122</timestamp>
			</report>
			<report>
				<misses>14893001</misses>
				<total>36</total>
				<timestamp>4760.994879</timestamp>
			</report>
			<report>
				<misses>14894001</misses>
				<total>35</total>
				<timestamp>4761.314614</timestamp>
			</report>
			<report>
				<misses>14895001</misses>
				<total>35</total>
				<timestamp>4761.634256</timestamp>
			</report>
			<report>
				<misses>14896001</misses>
				<total>36</total>
				<timestamp>4761.954001</timestamp>
			</report>
			<report>
				<misses>14897001</misses>
				<total>36</total>
				<timestamp>4762.273527</timestamp>
			</report>
			<report>
				<misses>14898001</misses>
				<total>36</total>
				<timestamp>4762.593228</timestamp>
			</report>
			<report>
				<misses>14899001</misses>
				<total>36</total>
				<timestamp>4762.912836</timestamp>
			</report>
			<report>
				<misses>14900001</misses>
				<total>35</total>
				<timestamp>4763.232589</timestamp>
			</report>
			<report>
				<misses>14901001</misses>
				<total>36</total>
				<timestamp>4763.552155</timestamp>
			</report>
			<report>
				<misses>14902001</misses>
				<total>35</total>
				<timestamp>4763.871945</timestamp>
			</report>
			<report>
				<misses>14903001</misses>
				<total>35</total>
				<timestamp>4764.191723</timestamp>
			</report>
			<report>
				<misses>14904001</misses>
				<total>35</total>
				<timestamp>4764.511309</timestamp>
			</report>
			<report>
				<misses>14905001</misses>
				<total>36</total>
				<timestamp>4764.830913</timestamp>
			</report>
			<report>
				<misses>14906001</misses>
				<total>35</total>
				<timestamp>4765.150713</timestamp>
			</report>
			<report>
				<misses>14907001</misses>
				<total>36</total>
				<timestamp>4765.470275</timestamp>
			</report>
			<report>
				<misses>14908001</misses>
				<total>36</total>
				<timestamp>4765.789965</timestamp>
			</report>
			<report>
				<misses>14909001</misses>
				<total>35</total>
				<timestamp>4766.109733</timestamp>
			</report>
			<report>
				<misses>14910001</misses>
				<total>35</total>
				<timestamp>4766.429382</timestamp>
			</report>
			<report>
				<misses>14911001</misses>
				<total>36</total>
				<timestamp>4766.748977</timestamp>
			</report>
			<report>
				<misses>14912001</misses>
				<total>36</total>
				<timestamp>4767.068721</timestamp>
			</report>
			<report>
				<misses>14913001</misses>
				<total>36</total>
				<timestamp>4767.388326</timestamp>
			</report>
			<report>
				<misses>14914001</misses>
				<total>36</total>
				<timestamp>4767.708016</timestamp>
			</report>
			<report>
				<misses>14915001</misses>
				<total>36</total>
				<timestamp>4768.027768</timestamp>
			</report>
			<report>
				<misses>14916001</misses>
				<total>35</total>
				<timestamp>4768.347466</timestamp>
			</report>
			<report>
				<misses>14917001</misses>
				<total>36</total>
				<timestamp>4768.667042</timestamp>
			</report>
			<report>
				<misses>14918001</misses>
				<total>36</total>
				<timestamp>4768.986744</timestamp>
			</report>
			<report>
				<misses>14919001</misses>
				<total>36</total>
				<timestamp>4769.306458</timestamp>
			</report>
			<report>
				<misses>14920001</misses>
				<total>36</total>
				<timestamp>4769.626088</timestamp>
			</report>
			<report>
				<misses>14921001</misses>
				<total>36</total>
				<timestamp>4769.945793</timestamp>
			</report>
			<report>
				<misses>14922001</misses>
				<total>36</total>
				<timestamp>4770.265475</timestamp>
			</report>
			<report>
				<misses>14923001</misses>
				<total>36</total>
				<timestamp>4770.585164</timestamp>
			</report>
			<report>
				<misses>14924001</misses>
				<total>36</total>
				<timestamp>4770.904807</timestamp>
			</report>
			<report>
				<misses>14925001</misses>
				<total>36</total>
				<timestamp>4771.224514</timestamp>
			</report>
			<report>
				<misses>14926001</misses>
				<total>36</total>
				<timestamp>4771.544158</timestamp>
			</report>
			<report>
				<misses>14927001</misses>
				<total>35</total>
				<timestamp>4771.863971</timestamp>
			</report>
			<report>
				<misses>14928001</misses>
				<total>36</total>
				<timestamp>4772.183559</timestamp>
			</report>
			<report>
				<misses>14929001</misses>
				<total>36</total>
				<timestamp>4772.503207</timestamp>
			</report>
			<report>
				<misses>14930001</misses>
				<total>36</total>
				<timestamp>4772.822941</timestamp>
			</report>
			<report>
				<misses>14931001</misses>
				<total>36</total>
				<timestamp>4773.142597</timestamp>
			</report>
			<report>
				<misses>14932001</misses>
				<total>36</total>
				<timestamp>4773.462239</timestamp>
			</report>
			<report>
				<misses>14933001</misses>
				<total>36</total>
				<timestamp>4773.781968</timestamp>
			</report>
			<report>
				<misses>14934001</misses>
				<total>36</total>
				<timestamp>4774.101731</timestamp>
			</report>
			<report>
				<misses>14935001</misses>
				<total>36</total>
				<timestamp>4774.421402</timestamp>
			</report>
			<report>
				<misses>14936001</misses>
				<total>35</total>
				<timestamp>4774.741068</timestamp>
			</report>
			<report>
				<misses>14937001</misses>
				<total>35</total>
				<timestamp>4775.060781</timestamp>
			</report>
			<report>
				<misses>14938001</misses>
				<total>36</total>
				<timestamp>4775.380318</timestamp>
			</report>
			<report>
				<misses>14939001</misses>
				<total>36</total>
				<timestamp>4775.700064</timestamp>
			</report>
			<report>
				<misses>14940001</misses>
				<total>36</total>
				<timestamp>4776.019781</timestamp>
			</report>
			<report>
				<misses>14941001</misses>
				<total>36</total>
				<timestamp>4776.339393</timestamp>
			</report>
			<report>
				<misses>14942001</misses>
				<total>36</total>
				<timestamp>4776.659110</timestamp>
			</report>
			<report>
				<misses>14943001</misses>
				<total>36</total>
				<timestamp>4776.978756</timestamp>
			</report>
			<report>
				<misses>14944001</misses>
				<total>36</total>
				<timestamp>4777.298552</timestamp>
			</report>
			<report>
				<misses>14945001</misses>
				<total>36</total>
				<timestamp>4777.618199</timestamp>
			</report>
			<report>
				<misses>14946001</misses>
				<total>36</total>
				<timestamp>4777.937866</timestamp>
			</report>
			<report>
				<misses>14947001</misses>
				<total>36</total>
				<timestamp>4778.257540</timestamp>
			</report>
			<report>
				<misses>14948001</misses>
				<total>36</total>
				<timestamp>4778.577236</timestamp>
			</report>
			<report>
				<misses>14949001</misses>
				<total>35</total>
				<timestamp>4778.897042</timestamp>
			</report>
			<report>
				<misses>14950001</misses>
				<total>36</total>
				<timestamp>4779.216576</timestamp>
			</report>
			<report>
				<misses>14951001</misses>
				<total>35</total>
				<timestamp>4779.536288</timestamp>
			</report>
			<report>
				<misses>14952001</misses>
				<total>36</total>
				<timestamp>4779.855956</timestamp>
			</report>
			<report>
				<misses>14953001</misses>
				<total>35</total>
				<timestamp>4780.175634</timestamp>
			</report>
			<report>
				<misses>14954001</misses>
				<total>36</total>
				<timestamp>4780.495208</timestamp>
			</report>
			<report>
				<misses>14955001</misses>
				<total>36</total>
				<timestamp>4780.814920</timestamp>
			</report>
			<report>
				<misses>14956001</misses>
				<total>36</total>
				<timestamp>4781.134623</timestamp>
			</report>
			<report>
				<misses>14957001</misses>
				<total>36</total>
				<timestamp>4781.454252</timestamp>
			</report>
			<report>
				<misses>14958001</misses>
				<total>35</total>
				<timestamp>4781.774039</timestamp>
			</report>
			<report>
				<misses>14959001</misses>
				<total>36</total>
				<timestamp>4782.093644</timestamp>
			</report>
			<report>
				<misses>14960001</misses>
				<total>36</total>
				<timestamp>4782.413284</timestamp>
			</report>
			<report>
				<misses>14961001</misses>
				<total>36</total>
				<timestamp>4782.733028</timestamp>
			</report>
			<report>
				<misses>14962001</misses>
				<total>36</total>
				<timestamp>4783.052697</timestamp>
			</report>
			<report>
				<misses>14963001</misses>
				<total>36</total>
				<timestamp>4783.372389</timestamp>
			</report>
			<report>
				<misses>14964001</misses>
				<total>36</total>
				<timestamp>4783.692023</timestamp>
			</report>
			<report>
				<misses>14965001</misses>
				<total>36</total>
				<timestamp>4784.011700</timestamp>
			</report>
			<report>
				<misses>14966001</misses>
				<total>36</total>
				<timestamp>4784.331429</timestamp>
			</report>
			<report>
				<misses>14967001</misses>
				<total>36</total>
				<timestamp>4784.651062</timestamp>
			</report>
			<report>
				<misses>14968001</misses>
				<total>36</total>
				<timestamp>4784.970811</timestamp>
			</report>
			<report>
				<misses>14969001</misses>
				<total>36</total>
				<timestamp>4785.290403</timestamp>
			</report>
			<report>
				<misses>14970001</misses>
				<total>36</total>
				<timestamp>4785.610080</timestamp>
			</report>
			<report>
				<misses>14971001</misses>
				<total>36</total>
				<timestamp>4785.929753</timestamp>
			</report>
			<report>
				<misses>14972001</misses>
				<total>36</total>
				<timestamp>4786.249458</timestamp>
			</report>
			<report>
				<misses>14973001</misses>
				<total>36</total>
				<timestamp>4786.569118</timestamp>
			</report>
			<report>
				<misses>14974001</misses>
				<total>36</total>
				<timestamp>4786.888853</timestamp>
			</report>
			<report>
				<misses>14975001</misses>
				<total>36</total>
				<timestamp>4787.208695</timestamp>
			</report>
			<report>
				<misses>14976001</misses>
				<total>36</total>
				<timestamp>4787.528275</timestamp>
			</report>
			<report>
				<misses>14977001</misses>
				<total>36</total>
				<timestamp>4787.847914</timestamp>
			</report>
			<report>
				<misses>14978001</misses>
				<total>36</total>
				<timestamp>4788.167619</timestamp>
			</report>
			<report>
				<misses>14979001</misses>
				<total>36</total>
				<timestamp>4788.487262</timestamp>
			</report>
			<report>
				<misses>14980001</misses>
				<total>36</total>
				<timestamp>4788.807021</timestamp>
			</report>
			<report>
				<misses>14981001</misses>
				<total>36</total>
				<timestamp>4789.126776</timestamp>
			</report>
			<report>
				<misses>14982001</misses>
				<total>36</total>
				<timestamp>4789.446329</timestamp>
			</report>
			<report>
				<misses>14983001</misses>
				<total>35</total>
				<timestamp>4789.766102</timestamp>
			</report>
			<report>
				<misses>14984001</misses>
				<total>36</total>
				<timestamp>4790.085711</timestamp>
			</report>
			<report>
				<misses>14985001</misses>
				<total>36</total>
				<timestamp>4790.405413</timestamp>
			</report>
			<report>
				<misses>14986001</misses>
				<total>36</total>
				<timestamp>4790.725085</timestamp>
			</report>
			<report>
				<misses>14987001</misses>
				<total>36</total>
				<timestamp>4791.044710</timestamp>
			</report>
			<report>
				<misses>14988001</misses>
				<total>36</total>
				<timestamp>4791.364389</timestamp>
			</report>
			<report>
				<misses>14989001</misses>
				<total>36</total>
				<timestamp>4791.684011</timestamp>
			</report>
			<report>
				<misses>14990001</misses>
				<total>36</total>
				<timestamp>4792.003783</timestamp>
			</report>
			<report>
				<misses>14991001</misses>
				<total>36</total>
				<timestamp>4792.323489</timestamp>
			</report>
			<report>
				<misses>14992001</misses>
				<total>36</total>
				<timestamp>4792.643114</timestamp>
			</report>
			<report>
				<misses>14993001</misses>
				<total>35</total>
				<timestamp>4792.962876</timestamp>
			</report>
			<report>
				<misses>14994001</misses>
				<total>36</total>
				<timestamp>4793.282546</timestamp>
			</report>
			<report>
				<misses>14995001</misses>
				<total>36</total>
				<timestamp>4793.602139</timestamp>
			</report>
			<report>
				<misses>14996001</misses>
				<total>36</total>
				<timestamp>4793.921908</timestamp>
			</report>
			<report>
				<misses>14997001</misses>
				<total>36</total>
				<timestamp>4794.241503</timestamp>
			</report>
			<report>
				<misses>14998001</misses>
				<total>36</total>
				<timestamp>4794.561219</timestamp>
			</report>
			<report>
				<misses>14999001</misses>
				<total>36</total>
				<timestamp>4794.880843</timestamp>
			</report>
			<report>
				<misses>15000001</misses>
				<total>36</total>
				<timestamp>4795.200565</timestamp>
			</report>
			<report>
				<misses>15001001</misses>
				<total>36</total>
				<timestamp>4795.520223</timestamp>
			</report>
			<report>
				<misses>15002001</misses>
				<total>36</total>
				<timestamp>4795.839978</timestamp>
			</report>
			<report>
				<misses>15003001</misses>
				<total>36</total>
				<timestamp>4796.159558</timestamp>
			</report>
			<report>
				<misses>15004001</misses>
				<total>36</total>
				<timestamp>4796.479299</timestamp>
			</report>
			<report>
				<misses>15005001</misses>
				<total>35</total>
				<timestamp>4796.799050</timestamp>
			</report>
			<report>
				<misses>15006001</misses>
				<total>36</total>
				<timestamp>4797.118588</timestamp>
			</report>
			<report>
				<misses>15007001</misses>
				<total>36</total>
				<timestamp>4797.438422</timestamp>
			</report>
			<report>
				<misses>15008001</misses>
				<total>36</total>
				<timestamp>4797.758053</timestamp>
			</report>
			<report>
				<misses>15009001</misses>
				<total>36</total>
				<timestamp>4798.077639</timestamp>
			</report>
			<report>
				<misses>15010001</misses>
				<total>35</total>
				<timestamp>4798.397391</timestamp>
			</report>
			<report>
				<misses>15011001</misses>
				<total>36</total>
				<timestamp>4798.716981</timestamp>
			</report>
			<report>
				<misses>15012001</misses>
				<total>36</total>
				<timestamp>4799.036726</timestamp>
			</report>
			<report>
				<misses>15013001</misses>
				<total>36</total>
				<timestamp>4799.356528</timestamp>
			</report>
			<report>
				<misses>15014001</misses>
				<total>36</total>
				<timestamp>4799.676076</timestamp>
			</report>
			<report>
				<misses>15015001</misses>
				<total>36</total>
				<timestamp>4799.995772</timestamp>
			</report>
			<report>
				<misses>15016001</misses>
				<total>36</total>
				<timestamp>4800.315505</timestamp>
			</report>
			<report>
				<misses>15017001</misses>
				<total>36</total>
				<timestamp>4800.635246</timestamp>
			</report>
			<report>
				<misses>15018001</misses>
				<total>36</total>
				<timestamp>4800.954757</timestamp>
			</report>
			<report>
				<misses>15019001</misses>
				<total>36</total>
				<timestamp>4801.274520</timestamp>
			</report>
			<report>
				<misses>15020001</misses>
				<total>36</total>
				<timestamp>4801.594096</timestamp>
			</report>
			<report>
				<misses>15021001</misses>
				<total>36</total>
				<timestamp>4801.913828</timestamp>
			</report>
			<report>
				<misses>15022001</misses>
				<total>36</total>
				<timestamp>4802.233509</timestamp>
			</report>
			<report>
				<misses>15023001</misses>
				<total>36</total>
				<timestamp>4802.553145</timestamp>
			</report>
			<report>
				<misses>15024001</misses>
				<total>36</total>
				<timestamp>4802.872812</timestamp>
			</report>
			<report>
				<misses>15025001</misses>
				<total>36</total>
				<timestamp>4803.192495</timestamp>
			</report>
			<report>
				<misses>15026001</misses>
				<total>36</total>
				<timestamp>4803.512164</timestamp>
			</report>
			<report>
				<misses>15027001</misses>
				<total>36</total>
				<timestamp>4803.831877</timestamp>
			</report>
			<report>
				<misses>15028001</misses>
				<total>36</total>
				<timestamp>4804.151544</timestamp>
			</report>
			<report>
				<misses>15029001</misses>
				<total>36</total>
				<timestamp>4804.471233</timestamp>
			</report>
			<report>
				<misses>15030001</misses>
				<total>36</total>
				<timestamp>4804.790879</timestamp>
			</report>
			<report>
				<misses>15031001</misses>
				<total>36</total>
				<timestamp>4805.110592</timestamp>
			</report>
			<report>
				<misses>15032001</misses>
				<total>36</total>
				<timestamp>4805.430264</timestamp>
			</report>
			<report>
				<misses>15033001</misses>
				<total>36</total>
				<timestamp>4805.749966</timestamp>
			</report>
			<report>
				<misses>15034001</misses>
				<total>36</total>
				<timestamp>4806.069630</timestamp>
			</report>
			<report>
				<misses>15035001</misses>
				<total>36</total>
				<timestamp>4806.389324</timestamp>
			</report>
			<report>
				<misses>15036001</misses>
				<total>36</total>
				<timestamp>4806.709035</timestamp>
			</report>
			<report>
				<misses>15037001</misses>
				<total>35</total>
				<timestamp>4807.028744</timestamp>
			</report>
			<report>
				<misses>15038001</misses>
				<total>36</total>
				<timestamp>4807.348388</timestamp>
			</report>
			<report>
				<misses>15039001</misses>
				<total>36</total>
				<timestamp>4807.668011</timestamp>
			</report>
			<report>
				<misses>15040001</misses>
				<total>36</total>
				<timestamp>4807.987708</timestamp>
			</report>
			<report>
				<misses>15041001</misses>
				<total>36</total>
				<timestamp>4808.307469</timestamp>
			</report>
			<report>
				<misses>15042001</misses>
				<total>36</total>
				<timestamp>4808.627162</timestamp>
			</report>
			<report>
				<misses>15043001</misses>
				<total>36</total>
				<timestamp>4808.946862</timestamp>
			</report>
			<report>
				<misses>15044001</misses>
				<total>36</total>
				<timestamp>4809.266430</timestamp>
			</report>
			<report>
				<misses>15045001</misses>
				<total>36</total>
				<timestamp>4809.586166</timestamp>
			</report>
			<report>
				<misses>15046001</misses>
				<total>36</total>
				<timestamp>4809.905770</timestamp>
			</report>
			<report>
				<misses>15047001</misses>
				<total>36</total>
				<timestamp>4810.225491</timestamp>
			</report>
			<report>
				<misses>15048001</misses>
				<total>36</total>
				<timestamp>4810.545138</timestamp>
			</report>
			<report>
				<misses>15049001</misses>
				<total>36</total>
				<timestamp>4810.864810</timestamp>
			</report>
			<report>
				<misses>15050001</misses>
				<total>36</total>
				<timestamp>4811.184541</timestamp>
			</report>
			<report>
				<misses>15051001</misses>
				<total>36</total>
				<timestamp>4811.504343</timestamp>
			</report>
			<report>
				<misses>15052001</misses>
				<total>36</total>
				<timestamp>4811.824044</timestamp>
			</report>
			<report>
				<misses>15053001</misses>
				<total>35</total>
				<timestamp>4812.143618</timestamp>
			</report>
			<report>
				<misses>15054001</misses>
				<total>35</total>
				<timestamp>4812.463298</timestamp>
			</report>
			<report>
				<misses>15055001</misses>
				<total>36</total>
				<timestamp>4812.782969</timestamp>
			</report>
			<report>
				<misses>15056001</misses>
				<total>36</total>
				<timestamp>4813.102656</timestamp>
			</report>
			<report>
				<misses>15057001</misses>
				<total>36</total>
				<timestamp>4813.422294</timestamp>
			</report>
			<report>
				<misses>15058001</misses>
				<total>36</total>
				<timestamp>4813.741945</timestamp>
			</report>
			<report>
				<misses>15059001</misses>
				<total>36</total>
				<timestamp>4814.061623</timestamp>
			</report>
			<report>
				<misses>15060001</misses>
				<total>36</total>
				<timestamp>4814.381290</timestamp>
			</report>
			<report>
				<misses>15061001</misses>
				<total>36</total>
				<timestamp>4814.700978</timestamp>
			</report>
			<report>
				<misses>15062001</misses>
				<total>36</total>
				<timestamp>4815.020727</timestamp>
			</report>
			<report>
				<misses>15063001</misses>
				<total>36</total>
				<timestamp>4815.340351</timestamp>
			</report>
			<report>
				<misses>15064001</misses>
				<total>36</total>
				<timestamp>4815.660134</timestamp>
			</report>
			<report>
				<misses>15065001</misses>
				<total>36</total>
				<timestamp>4815.979891</timestamp>
			</report>
			<report>
				<misses>15066001</misses>
				<total>35</total>
				<timestamp>4816.299615</timestamp>
			</report>
			<report>
				<misses>15067001</misses>
				<total>36</total>
				<timestamp>4816.619104</timestamp>
			</report>
			<report>
				<misses>15068001</misses>
				<total>36</total>
				<timestamp>4816.938790</timestamp>
			</report>
			<report>
				<misses>15069001</misses>
				<total>36</total>
				<timestamp>4817.258512</timestamp>
			</report>
			<report>
				<misses>15070001</misses>
				<total>36</total>
				<timestamp>4817.578205</timestamp>
			</report>
			<report>
				<misses>15071001</misses>
				<total>36</total>
				<timestamp>4817.897893</timestamp>
			</report>
			<report>
				<misses>15072001</misses>
				<total>36</total>
				<timestamp>4818.217520</timestamp>
			</report>
			<report>
				<misses>15073001</misses>
				<total>36</total>
				<timestamp>4818.537178</timestamp>
			</report>
			<report>
				<misses>15074001</misses>
				<total>36</total>
				<timestamp>4818.856807</timestamp>
			</report>
			<report>
				<misses>15075001</misses>
				<total>36</total>
				<timestamp>4819.176551</timestamp>
			</report>
			<report>
				<misses>15076001</misses>
				<total>36</total>
				<timestamp>4819.496162</timestamp>
			</report>
			<report>
				<misses>15077001</misses>
				<total>36</total>
				<timestamp>4819.815852</timestamp>
			</report>
			<report>
				<misses>15078001</misses>
				<total>36</total>
				<timestamp>4820.135541</timestamp>
			</report>
			<report>
				<misses>15079001</misses>
				<total>36</total>
				<timestamp>4820.455256</timestamp>
			</report>
			<report>
				<misses>15080001</misses>
				<total>36</total>
				<timestamp>4820.774938</timestamp>
			</report>
			<report>
				<misses>15081001</misses>
				<total>36</total>
				<timestamp>4821.094571</timestamp>
			</report>
			<report>
				<misses>15082001</misses>
				<total>36</total>
				<timestamp>4821.414261</timestamp>
			</report>
			<report>
				<misses>15083001</misses>
				<total>36</total>
				<timestamp>4821.733983</timestamp>
			</report>
			<report>
				<misses>15084001</misses>
				<total>36</total>
				<timestamp>4822.053625</timestamp>
			</report>
			<report>
				<misses>15085001</misses>
				<total>36</total>
				<timestamp>4822.373329</timestamp>
			</report>
			<report>
				<misses>15086001</misses>
				<total>36</total>
				<timestamp>4822.692964</timestamp>
			</report>
			<report>
				<misses>15087001</misses>
				<total>36</total>
				<timestamp>4823.012732</timestamp>
			</report>
			<report>
				<misses>15088001</misses>
				<total>36</total>
				<timestamp>4823.332349</timestamp>
			</report>
			<report>
				<misses>15089001</misses>
				<total>36</total>
				<timestamp>4823.652096</timestamp>
			</report>
			<report>
				<misses>15090001</misses>
				<total>36</total>
				<timestamp>4823.971741</timestamp>
			</report>
			<report>
				<misses>15091001</misses>
				<total>36</total>
				<timestamp>4824.291354</timestamp>
			</report>
			<report>
				<misses>15092001</misses>
				<total>36</total>
				<timestamp>4824.611045</timestamp>
			</report>
			<report>
				<misses>15093001</misses>
				<total>36</total>
				<timestamp>4824.930748</timestamp>
			</report>
			<report>
				<misses>15094001</misses>
				<total>36</total>
				<timestamp>4825.250422</timestamp>
			</report>
			<report>
				<misses>15095001</misses>
				<total>35</total>
				<timestamp>4825.570187</timestamp>
			</report>
			<report>
				<misses>15096001</misses>
				<total>36</total>
				<timestamp>4825.889772</timestamp>
			</report>
			<report>
				<misses>15097001</misses>
				<total>36</total>
				<timestamp>4826.209489</timestamp>
			</report>
			<report>
				<misses>15098001</misses>
				<total>36</total>
				<timestamp>4826.529129</timestamp>
			</report>
			<report>
				<misses>15099001</misses>
				<total>36</total>
				<timestamp>4826.848807</timestamp>
			</report>
			<report>
				<misses>15100001</misses>
				<total>36</total>
				<timestamp>4827.168548</timestamp>
			</report>
			<report>
				<misses>15101001</misses>
				<total>35</total>
				<timestamp>4827.488289</timestamp>
			</report>
			<report>
				<misses>15102001</misses>
				<total>36</total>
				<timestamp>4827.807865</timestamp>
			</report>
			<report>
				<misses>15103001</misses>
				<total>36</total>
				<timestamp>4828.127622</timestamp>
			</report>
			<report>
				<misses>15104001</misses>
				<total>36</total>
				<timestamp>4828.447268</timestamp>
			</report>
			<report>
				<misses>15105001</misses>
				<total>36</total>
				<timestamp>4828.766925</timestamp>
			</report>
			<report>
				<misses>15106001</misses>
				<total>36</total>
				<timestamp>4829.086560</timestamp>
			</report>
			<report>
				<misses>15107001</misses>
				<total>36</total>
				<timestamp>4829.406291</timestamp>
			</report>
			<report>
				<misses>15108001</misses>
				<total>36</total>
				<timestamp>4829.725915</timestamp>
			</report>
			<report>
				<misses>15109001</misses>
				<total>36</total>
				<timestamp>4830.045640</timestamp>
			</report>
			<report>
				<misses>15110001</misses>
				<total>36</total>
				<timestamp>4830.365316</timestamp>
			</report>
			<report>
				<misses>15111001</misses>
				<total>36</total>
				<timestamp>4830.684995</timestamp>
			</report>
			<report>
				<misses>15112001</misses>
				<total>37</total>
				<timestamp>4831.004707</timestamp>
			</report>
			<report>
				<misses>15113001</misses>
				<total>37</total>
				<timestamp>4831.324400</timestamp>
			</report>
			<report>
				<misses>15114001</misses>
				<total>37</total>
				<timestamp>4831.644025</timestamp>
			</report>
			<report>
				<misses>15115001</misses>
				<total>37</total>
				<timestamp>4831.963769</timestamp>
			</report>
			<report>
				<misses>15116001</misses>
				<total>37</total>
				<timestamp>4832.283422</timestamp>
			</report>
			<report>
				<misses>15117001</misses>
				<total>37</total>
				<timestamp>4832.603086</timestamp>
			</report>
			<report>
				<misses>15118001</misses>
				<total>37</total>
				<timestamp>4832.922780</timestamp>
			</report>
			<report>
				<misses>15119001</misses>
				<total>37</total>
				<timestamp>4833.242442</timestamp>
			</report>
			<report>
				<misses>15120001</misses>
				<total>37</total>
				<timestamp>4833.562093</timestamp>
			</report>
			<report>
				<misses>15121001</misses>
				<total>37</total>
				<timestamp>4833.881797</timestamp>
			</report>
			<report>
				<misses>15122001</misses>
				<total>37</total>
				<timestamp>4834.201499</timestamp>
			</report>
			<report>
				<misses>15123001</misses>
				<total>37</total>
				<timestamp>4834.521200</timestamp>
			</report>
			<report>
				<misses>15124001</misses>
				<total>37</total>
				<timestamp>4834.840822</timestamp>
			</report>
			<report>
				<misses>15125001</misses>
				<total>37</total>
				<timestamp>4835.160538</timestamp>
			</report>
			<report>
				<misses>15126001</misses>
				<total>37</total>
				<timestamp>4835.480183</timestamp>
			</report>
			<report>
				<misses>15127001</misses>
				<total>37</total>
				<timestamp>4835.799853</timestamp>
			</report>
			<report>
				<misses>15128001</misses>
				<total>37</total>
				<timestamp>4836.119524</timestamp>
			</report>
			<report>
				<misses>15129001</misses>
				<total>37</total>
				<timestamp>4836.439248</timestamp>
			</report>
			<report>
				<misses>15130001</misses>
				<total>37</total>
				<timestamp>4836.758914</timestamp>
			</report>
			<report>
				<misses>15131001</misses>
				<total>37</total>
				<timestamp>4837.078646</timestamp>
			</report>
			<report>
				<misses>15132001</misses>
				<total>36</total>
				<timestamp>4837.398406</timestamp>
			</report>
			<report>
				<misses>15133001</misses>
				<total>37</total>
				<timestamp>4837.717945</timestamp>
			</report>
			<report>
				<misses>15134001</misses>
				<total>37</total>
				<timestamp>4838.037595</timestamp>
			</report>
			<report>
				<misses>15135001</misses>
				<total>37</total>
				<timestamp>4838.357312</timestamp>
			</report>
			<report>
				<misses>15136001</misses>
				<total>37</total>
				<timestamp>4838.676965</timestamp>
			</report>
			<report>
				<misses>15137001</misses>
				<total>37</total>
				<timestamp>4838.996692</timestamp>
			</report>
			<report>
				<misses>15138001</misses>
				<total>37</total>
				<timestamp>4839.316364</timestamp>
			</report>
			<report>
				<misses>15139001</misses>
				<total>37</total>
				<timestamp>4839.636143</timestamp>
			</report>
			<report>
				<misses>15140001</misses>
				<total>37</total>
				<timestamp>4839.955770</timestamp>
			</report>
			<report>
				<misses>15141001</misses>
				<total>37</total>
				<timestamp>4840.275467</timestamp>
			</report>
			<report>
				<misses>15142001</misses>
				<total>37</total>
				<timestamp>4840.595051</timestamp>
			</report>
			<report>
				<misses>15143001</misses>
				<total>37</total>
				<timestamp>4840.914723</timestamp>
			</report>
			<report>
				<misses>15144001</misses>
				<total>37</total>
				<timestamp>4841.234398</timestamp>
			</report>
			<report>
				<misses>15145001</misses>
				<total>37</total>
				<timestamp>4841.554159</timestamp>
			</report>
			<report>
				<misses>15146001</misses>
				<total>37</total>
				<timestamp>4841.873887</timestamp>
			</report>
			<report>
				<misses>15147001</misses>
				<total>37</total>
				<timestamp>4842.193523</timestamp>
			</report>
			<report>
				<misses>15148001</misses>
				<total>36</total>
				<timestamp>4842.513302</timestamp>
			</report>
			<report>
				<misses>15149001</misses>
				<total>37</total>
				<timestamp>4842.832895</timestamp>
			</report>
			<report>
				<misses>15150001</misses>
				<total>37</total>
				<timestamp>4843.152601</timestamp>
			</report>
			<report>
				<misses>15151001</misses>
				<total>37</total>
				<timestamp>4843.472206</timestamp>
			</report>
			<report>
				<misses>15152001</misses>
				<total>37</total>
				<timestamp>4843.791889</timestamp>
			</report>
			<report>
				<misses>15153001</misses>
				<total>37</total>
				<timestamp>4844.111534</timestamp>
			</report>
			<report>
				<misses>15154001</misses>
				<total>37</total>
				<timestamp>4844.431249</timestamp>
			</report>
			<report>
				<misses>15155001</misses>
				<total>37</total>
				<timestamp>4844.750954</timestamp>
			</report>
			<report>
				<misses>15156001</misses>
				<total>37</total>
				<timestamp>4845.070569</timestamp>
			</report>
			<report>
				<misses>15157001</misses>
				<total>37</total>
				<timestamp>4845.390267</timestamp>
			</report>
			<report>
				<misses>15158001</misses>
				<total>37</total>
				<timestamp>4845.709915</timestamp>
			</report>
			<report>
				<misses>15159001</misses>
				<total>37</total>
				<timestamp>4846.029653</timestamp>
			</report>
			<report>
				<misses>15160001</misses>
				<total>37</total>
				<timestamp>4846.349335</timestamp>
			</report>
			<report>
				<misses>15161001</misses>
				<total>37</total>
				<timestamp>4846.668966</timestamp>
			</report>
			<report>
				<misses>15162001</misses>
				<total>37</total>
				<timestamp>4846.988648</timestamp>
			</report>
			<report>
				<misses>15163001</misses>
				<total>37</total>
				<timestamp>4847.308323</timestamp>
			</report>
			<report>
				<misses>15164001</misses>
				<total>37</total>
				<timestamp>4847.628021</timestamp>
			</report>
			<report>
				<misses>15165001</misses>
				<total>36</total>
				<timestamp>4847.947782</timestamp>
			</report>
			<report>
				<misses>15166001</misses>
				<total>37</total>
				<timestamp>4848.267412</timestamp>
			</report>
			<report>
				<misses>15167001</misses>
				<total>37</total>
				<timestamp>4848.587213</timestamp>
			</report>
			<report>
				<misses>15168001</misses>
				<total>37</total>
				<timestamp>4848.906731</timestamp>
			</report>
			<report>
				<misses>15169001</misses>
				<total>37</total>
				<timestamp>4849.226396</timestamp>
			</report>
			<report>
				<misses>15170001</misses>
				<total>37</total>
				<timestamp>4849.546183</timestamp>
			</report>
			<report>
				<misses>15171001</misses>
				<total>37</total>
				<timestamp>4849.865769</timestamp>
			</report>
			<report>
				<misses>15172001</misses>
				<total>37</total>
				<timestamp>4850.185505</timestamp>
			</report>
			<report>
				<misses>15173001</misses>
				<total>37</total>
				<timestamp>4850.505177</timestamp>
			</report>
			<report>
				<misses>15174001</misses>
				<total>37</total>
				<timestamp>4850.824831</timestamp>
			</report>
			<report>
				<misses>15175001</misses>
				<total>37</total>
				<timestamp>4851.144508</timestamp>
			</report>
			<report>
				<misses>15176001</misses>
				<total>37</total>
				<timestamp>4851.464210</timestamp>
			</report>
			<report>
				<misses>15177001</misses>
				<total>37</total>
				<timestamp>4851.784044</timestamp>
			</report>
			<report>
				<misses>15178001</misses>
				<total>37</total>
				<timestamp>4852.103659</timestamp>
			</report>
			<report>
				<misses>15179001</misses>
				<total>37</total>
				<timestamp>4852.423298</timestamp>
			</report>
			<report>
				<misses>15180001</misses>
				<total>37</total>
				<timestamp>4852.743072</timestamp>
			</report>
			<report>
				<misses>15181001</misses>
				<total>37</total>
				<timestamp>4853.062664</timestamp>
			</report>
			<report>
				<misses>15182001</misses>
				<total>36</total>
				<timestamp>4853.382360</timestamp>
			</report>
			<report>
				<misses>15183001</misses>
				<total>37</total>
				<timestamp>4853.702086</timestamp>
			</report>
			<report>
				<misses>15184001</misses>
				<total>37</total>
				<timestamp>4854.021689</timestamp>
			</report>
			<report>
				<misses>15185001</misses>
				<total>37</total>
				<timestamp>4854.341307</timestamp>
			</report>
			<report>
				<misses>15186001</misses>
				<total>37</total>
				<timestamp>4854.661027</timestamp>
			</report>
			<report>
				<misses>15187001</misses>
				<total>37</total>
				<timestamp>4854.980682</timestamp>
			</report>
			<report>
				<misses>15188001</misses>
				<total>37</total>
				<timestamp>4855.300372</timestamp>
			</report>
			<report>
				<misses>15189001</misses>
				<total>37</total>
				<timestamp>4855.620061</timestamp>
			</report>
			<report>
				<misses>15190001</misses>
				<total>37</total>
				<timestamp>4855.939694</timestamp>
			</report>
			<report>
				<misses>15191001</misses>
				<total>37</total>
				<timestamp>4856.259394</timestamp>
			</report>
			<report>
				<misses>15192001</misses>
				<total>37</total>
				<timestamp>4856.579135</timestamp>
			</report>
			<report>
				<misses>15193001</misses>
				<total>36</total>
				<timestamp>4856.898823</timestamp>
			</report>
			<report>
				<misses>15194001</misses>
				<total>37</total>
				<timestamp>4857.218477</timestamp>
			</report>
			<report>
				<misses>15195001</misses>
				<total>37</total>
				<timestamp>4857.538210</timestamp>
			</report>
			<report>
				<misses>15196001</misses>
				<total>37</total>
				<timestamp>4857.857757</timestamp>
			</report>
			<report>
				<misses>15197001</misses>
				<total>37</total>
				<timestamp>4858.177515</timestamp>
			</report>
			<report>
				<misses>15198001</misses>
				<total>37</total>
				<timestamp>4858.497153</timestamp>
			</report>
			<report>
				<misses>15199001</misses>
				<total>37</total>
				<timestamp>4858.816805</timestamp>
			</report>
			<report>
				<misses>15200001</misses>
				<total>36</total>
				<timestamp>4859.136620</timestamp>
			</report>
			<report>
				<misses>15201001</misses>
				<total>37</total>
				<timestamp>4859.456206</timestamp>
			</report>
			<report>
				<misses>15202001</misses>
				<total>37</total>
				<timestamp>4859.775954</timestamp>
			</report>
			<report>
				<misses>15203001</misses>
				<total>37</total>
				<timestamp>4860.095662</timestamp>
			</report>
			<report>
				<misses>15204001</misses>
				<total>37</total>
				<timestamp>4860.415289</timestamp>
			</report>
			<report>
				<misses>15205001</misses>
				<total>36</total>
				<timestamp>4860.735016</timestamp>
			</report>
			<report>
				<misses>15206001</misses>
				<total>37</total>
				<timestamp>4861.054577</timestamp>
			</report>
			<report>
				<misses>15207001</misses>
				<total>37</total>
				<timestamp>4861.374292</timestamp>
			</report>
			<report>
				<misses>15208001</misses>
				<total>37</total>
				<timestamp>4861.693925</timestamp>
			</report>
			<report>
				<misses>15209001</misses>
				<total>37</total>
				<timestamp>4862.013616</timestamp>
			</report>
			<report>
				<misses>15210001</misses>
				<total>37</total>
				<timestamp>4862.333335</timestamp>
			</report>
			<report>
				<misses>15211001</misses>
				<total>37</total>
				<timestamp>4862.652956</timestamp>
			</report>
			<report>
				<misses>15212001</misses>
				<total>37</total>
				<timestamp>4862.972637</timestamp>
			</report>
			<report>
				<misses>15213001</misses>
				<total>37</total>
				<timestamp>4863.292354</timestamp>
			</report>
			<report>
				<misses>15214001</misses>
				<total>37</total>
				<timestamp>4863.612057</timestamp>
			</report>
			<report>
				<misses>15215001</misses>
				<total>37</total>
				<timestamp>4863.931747</timestamp>
			</report>
			<report>
				<misses>15216001</misses>
				<total>37</total>
				<timestamp>4864.251361</timestamp>
			</report>
			<report>
				<misses>15217001</misses>
				<total>37</total>
				<timestamp>4864.571109</timestamp>
			</report>
			<report>
				<misses>15218001</misses>
				<total>37</total>
				<timestamp>4864.890782</timestamp>
			</report>
			<report>
				<misses>15219001</misses>
				<total>37</total>
				<timestamp>4865.210424</timestamp>
			</report>
			<report>
				<misses>15220001</misses>
				<total>37</total>
				<timestamp>4865.530107</timestamp>
			</report>
			<report>
				<misses>15221001</misses>
				<total>37</total>
				<timestamp>4865.849811</timestamp>
			</report>
			<report>
				<misses>15222001</misses>
				<total>37</total>
				<timestamp>4866.169507</timestamp>
			</report>
			<report>
				<misses>15223001</misses>
				<total>36</total>
				<timestamp>4866.489210</timestamp>
			</report>
			<report>
				<misses>15224001</misses>
				<total>36</total>
				<timestamp>4866.808891</timestamp>
			</report>
			<report>
				<misses>15225001</misses>
				<total>37</total>
				<timestamp>4867.128551</timestamp>
			</report>
			<report>
				<misses>15226001</misses>
				<total>37</total>
				<timestamp>4867.448219</timestamp>
			</report>
			<report>
				<misses>15227001</misses>
				<total>37</total>
				<timestamp>4867.767983</timestamp>
			</report>
			<report>
				<misses>15228001</misses>
				<total>37</total>
				<timestamp>4868.087544</timestamp>
			</report>
			<report>
				<misses>15229001</misses>
				<total>37</total>
				<timestamp>4868.407216</timestamp>
			</report>
			<report>
				<misses>15230001</misses>
				<total>37</total>
				<timestamp>4868.726918</timestamp>
			</report>
			<report>
				<misses>15231001</misses>
				<total>37</total>
				<timestamp>4869.046683</timestamp>
			</report>
			<report>
				<misses>15232001</misses>
				<total>36</total>
				<timestamp>4869.366373</timestamp>
			</report>
			<report>
				<misses>15233001</misses>
				<total>37</total>
				<timestamp>4869.686094</timestamp>
			</report>
			<report>
				<misses>15234001</misses>
				<total>37</total>
				<timestamp>4870.005661</timestamp>
			</report>
			<report>
				<misses>15235001</misses>
				<total>37</total>
				<timestamp>4870.325363</timestamp>
			</report>
			<report>
				<misses>15236001</misses>
				<total>37</total>
				<timestamp>4870.645119</timestamp>
			</report>
			<report>
				<misses>15237001</misses>
				<total>37</total>
				<timestamp>4870.964663</timestamp>
			</report>
			<report>
				<misses>15238001</misses>
				<total>37</total>
				<timestamp>4871.284384</timestamp>
			</report>
			<report>
				<misses>15239001</misses>
				<total>37</total>
				<timestamp>4871.604156</timestamp>
			</report>
			<report>
				<misses>15240001</misses>
				<total>37</total>
				<timestamp>4871.923717</timestamp>
			</report>
			<report>
				<misses>15241001</misses>
				<total>37</total>
				<timestamp>4872.243535</timestamp>
			</report>
			<report>
				<misses>15242001</misses>
				<total>37</total>
				<timestamp>4872.563115</timestamp>
			</report>
			<report>
				<misses>15243001</misses>
				<total>37</total>
				<timestamp>4872.882800</timestamp>
			</report>
			<report>
				<misses>15244001</misses>
				<total>37</total>
				<timestamp>4873.202460</timestamp>
			</report>
			<report>
				<misses>15245001</misses>
				<total>37</total>
				<timestamp>4873.522202</timestamp>
			</report>
			<report>
				<misses>15246001</misses>
				<total>37</total>
				<timestamp>4873.841782</timestamp>
			</report>
			<report>
				<misses>15247001</misses>
				<total>37</total>
				<timestamp>4874.161465</timestamp>
			</report>
			<report>
				<misses>15248001</misses>
				<total>37</total>
				<timestamp>4874.481189</timestamp>
			</report>
			<report>
				<misses>15249001</misses>
				<total>37</total>
				<timestamp>4874.800842</timestamp>
			</report>
			<report>
				<misses>15250001</misses>
				<total>37</total>
				<timestamp>4875.120536</timestamp>
			</report>
			<report>
				<misses>15251001</misses>
				<total>36</total>
				<timestamp>4875.440281</timestamp>
			</report>
			<report>
				<misses>15252001</misses>
				<total>37</total>
				<timestamp>4875.759863</timestamp>
			</report>
			<report>
				<misses>15253001</misses>
				<total>37</total>
				<timestamp>4876.079541</timestamp>
			</report>
			<report>
				<misses>15254001</misses>
				<total>37</total>
				<timestamp>4876.399215</timestamp>
			</report>
			<report>
				<misses>15255001</misses>
				<total>37</total>
				<timestamp>4876.718950</timestamp>
			</report>
			<report>
				<misses>15256001</misses>
				<total>37</total>
				<timestamp>4877.038610</timestamp>
			</report>
			<report>
				<misses>15257001</misses>
				<total>37</total>
				<timestamp>4877.358306</timestamp>
			</report>
			<report>
				<misses>15258001</misses>
				<total>37</total>
				<timestamp>4877.678027</timestamp>
			</report>
			<report>
				<misses>15259001</misses>
				<total>37</total>
				<timestamp>4877.997683</timestamp>
			</report>
			<report>
				<misses>15260001</misses>
				<total>37</total>
				<timestamp>4878.317293</timestamp>
			</report>
			<report>
				<misses>15261001</misses>
				<total>36</total>
				<timestamp>4878.637065</timestamp>
			</report>
			<report>
				<misses>15262001</misses>
				<total>37</total>
				<timestamp>4878.956683</timestamp>
			</report>
			<report>
				<misses>15263001</misses>
				<total>37</total>
				<timestamp>4879.276321</timestamp>
			</report>
			<report>
				<misses>15264001</misses>
				<total>37</total>
				<timestamp>4879.596065</timestamp>
			</report>
			<report>
				<misses>15265001</misses>
				<total>37</total>
				<timestamp>4879.915739</timestamp>
			</report>
			<report>
				<misses>15266001</misses>
				<total>37</total>
				<timestamp>4880.235364</timestamp>
			</report>
			<report>
				<misses>15267001</misses>
				<total>37</total>
				<timestamp>4880.555119</timestamp>
			</report>
			<report>
				<misses>15268001</misses>
				<total>37</total>
				<timestamp>4880.874720</timestamp>
			</report>
			<report>
				<misses>15269001</misses>
				<total>36</total>
				<timestamp>4881.194498</timestamp>
			</report>
			<report>
				<misses>15270001</misses>
				<total>36</total>
				<timestamp>4881.514225</timestamp>
			</report>
			<report>
				<misses>15271001</misses>
				<total>37</total>
				<timestamp>4881.833756</timestamp>
			</report>
			<report>
				<misses>15272001</misses>
				<total>37</total>
				<timestamp>4882.153445</timestamp>
			</report>
			<report>
				<misses>15273001</misses>
				<total>37</total>
				<timestamp>4882.473158</timestamp>
			</report>
			<report>
				<misses>15274001</misses>
				<total>36</total>
				<timestamp>4882.792902</timestamp>
			</report>
			<report>
				<misses>15275001</misses>
				<total>37</total>
				<timestamp>4883.112469</timestamp>
			</report>
			<report>
				<misses>15276001</misses>
				<total>37</total>
				<timestamp>4883.432213</timestamp>
			</report>
			<report>
				<misses>15277001</misses>
				<total>37</total>
				<timestamp>4883.751853</timestamp>
			</report>
			<report>
				<misses>15278001</misses>
				<total>37</total>
				<timestamp>4884.071545</timestamp>
			</report>
			<report>
				<misses>15279001</misses>
				<total>37</total>
				<timestamp>4884.391212</timestamp>
			</report>
			<report>
				<misses>15280001</misses>
				<total>37</total>
				<timestamp>4884.710964</timestamp>
			</report>
			<report>
				<misses>15281001</misses>
				<total>37</total>
				<timestamp>4885.030564</timestamp>
			</report>
			<report>
				<misses>15282001</misses>
				<total>37</total>
				<timestamp>4885.350273</timestamp>
			</report>
			<report>
				<misses>15283001</misses>
				<total>37</total>
				<timestamp>4885.669964</timestamp>
			</report>
			<report>
				<misses>15284001</misses>
				<total>37</total>
				<timestamp>4885.989607</timestamp>
			</report>
			<report>
				<misses>15285001</misses>
				<total>37</total>
				<timestamp>4886.309315</timestamp>
			</report>
			<report>
				<misses>15286001</misses>
				<total>37</total>
				<timestamp>4886.629023</timestamp>
			</report>
			<report>
				<misses>15287001</misses>
				<total>37</total>
				<timestamp>4886.948694</timestamp>
			</report>
			<report>
				<misses>15288001</misses>
				<total>37</total>
				<timestamp>4887.268362</timestamp>
			</report>
			<report>
				<misses>15289001</misses>
				<total>37</total>
				<timestamp>4887.588085</timestamp>
			</report>
			<report>
				<misses>15290001</misses>
				<total>37</total>
				<timestamp>4887.907685</timestamp>
			</report>
			<report>
				<misses>15291001</misses>
				<total>37</total>
				<timestamp>4888.227412</timestamp>
			</report>
			<report>
				<misses>15292001</misses>
				<total>37</total>
				<timestamp>4888.547086</timestamp>
			</report>
			<report>
				<misses>15293001</misses>
				<total>37</total>
				<timestamp>4888.866743</timestamp>
			</report>
			<report>
				<misses>15294001</misses>
				<total>37</total>
				<timestamp>4889.186468</timestamp>
			</report>
			<report>
				<misses>15295001</misses>
				<total>37</total>
				<timestamp>4889.506093</timestamp>
			</report>
			<report>
				<misses>15296001</misses>
				<total>37</total>
				<timestamp>4889.825778</timestamp>
			</report>
			<report>
				<misses>15297001</misses>
				<total>37</total>
				<timestamp>4890.145450</timestamp>
			</report>
			<report>
				<misses>15298001</misses>
				<total>37</total>
				<timestamp>4890.465143</timestamp>
			</report>
			<report>
				<misses>15299001</misses>
				<total>37</total>
				<timestamp>4890.784845</timestamp>
			</report>
			<report>
				<misses>15300001</misses>
				<total>36</total>
				<timestamp>4891.104586</timestamp>
			</report>
			<report>
				<misses>15301001</misses>
				<total>36</total>
				<timestamp>4891.424278</timestamp>
			</report>
			<report>
				<misses>15302001</misses>
				<total>36</total>
				<timestamp>4891.743961</timestamp>
			</report>
			<report>
				<misses>15303001</misses>
				<total>37</total>
				<timestamp>4892.063582</timestamp>
			</report>
			<report>
				<misses>15304001</misses>
				<total>37</total>
				<timestamp>4892.383208</timestamp>
			</report>
			<report>
				<misses>15305001</misses>
				<total>37</total>
				<timestamp>4892.702937</timestamp>
			</report>
			<report>
				<misses>15306001</misses>
				<total>36</total>
				<timestamp>4893.022662</timestamp>
			</report>
			<report>
				<misses>15307001</misses>
				<total>37</total>
				<timestamp>4893.342246</timestamp>
			</report>
			<report>
				<misses>15308001</misses>
				<total>37</total>
				<timestamp>4893.662037</timestamp>
			</report>
			<report>
				<misses>15309001</misses>
				<total>37</total>
				<timestamp>4893.981608</timestamp>
			</report>
			<report>
				<misses>15310001</misses>
				<total>37</total>
				<timestamp>4894.301290</timestamp>
			</report>
			<report>
				<misses>15311001</misses>
				<total>37</total>
				<timestamp>4894.620974</timestamp>
			</report>
			<report>
				<misses>15312001</misses>
				<total>37</total>
				<timestamp>4894.940648</timestamp>
			</report>
			<report>
				<misses>15313001</misses>
				<total>37</total>
				<timestamp>4895.260337</timestamp>
			</report>
			<report>
				<misses>15314001</misses>
				<total>37</total>
				<timestamp>4895.580033</timestamp>
			</report>
			<report>
				<misses>15315001</misses>
				<total>37</total>
				<timestamp>4895.899684</timestamp>
			</report>
			<report>
				<misses>15316001</misses>
				<total>37</total>
				<timestamp>4896.219374</timestamp>
			</report>
			<report>
				<misses>15317001</misses>
				<total>37</total>
				<timestamp>4896.539116</timestamp>
			</report>
			<report>
				<misses>15318001</misses>
				<total>37</total>
				<timestamp>4896.858719</timestamp>
			</report>
			<report>
				<misses>15319001</misses>
				<total>37</total>
				<timestamp>4897.178449</timestamp>
			</report>
			<report>
				<misses>15320001</misses>
				<total>36</total>
				<timestamp>4897.498192</timestamp>
			</report>
			<report>
				<misses>15321001</misses>
				<total>37</total>
				<timestamp>4897.817776</timestamp>
			</report>
			<report>
				<misses>15322001</misses>
				<total>37</total>
				<timestamp>4898.137502</timestamp>
			</report>
			<report>
				<misses>15323001</misses>
				<total>37</total>
				<timestamp>4898.457184</timestamp>
			</report>
			<report>
				<misses>15324001</misses>
				<total>37</total>
				<timestamp>4898.776879</timestamp>
			</report>
			<report>
				<misses>15325001</misses>
				<total>37</total>
				<timestamp>4899.096484</timestamp>
			</report>
			<report>
				<misses>15326001</misses>
				<total>37</total>
				<timestamp>4899.416167</timestamp>
			</report>
			<report>
				<misses>15327001</misses>
				<total>37</total>
				<timestamp>4899.735886</timestamp>
			</report>
			<report>
				<misses>15328001</misses>
				<total>37</total>
				<timestamp>4900.055600</timestamp>
			</report>
			<report>
				<misses>15329001</misses>
				<total>37</total>
				<timestamp>4900.375241</timestamp>
			</report>
			<report>
				<misses>15330001</misses>
				<total>37</total>
				<timestamp>4900.695004</timestamp>
			</report>
			<report>
				<misses>15331001</misses>
				<total>37</total>
				<timestamp>4901.014685</timestamp>
			</report>
			<report>
				<misses>15332001</misses>
				<total>37</total>
				<timestamp>4901.334401</timestamp>
			</report>
			<report>
				<misses>15333001</misses>
				<total>37</total>
				<timestamp>4901.653990</timestamp>
			</report>
			<report>
				<misses>15334001</misses>
				<total>37</total>
				<timestamp>4901.973661</timestamp>
			</report>
			<report>
				<misses>15335001</misses>
				<total>37</total>
				<timestamp>4902.293406</timestamp>
			</report>
			<report>
				<misses>15336001</misses>
				<total>37</total>
				<timestamp>4902.613014</timestamp>
			</report>
			<report>
				<misses>15337001</misses>
				<total>37</total>
				<timestamp>4902.932643</timestamp>
			</report>
			<report>
				<misses>15338001</misses>
				<total>36</total>
				<timestamp>4903.252444</timestamp>
			</report>
			<report>
				<misses>15339001</misses>
				<total>37</total>
				<timestamp>4903.572030</timestamp>
			</report>
			<report>
				<misses>15340001</misses>
				<total>37</total>
				<timestamp>4903.891769</timestamp>
			</report>
			<report>
				<misses>15341001</misses>
				<total>37</total>
				<timestamp>4904.211428</timestamp>
			</report>
			<report>
				<misses>15342001</misses>
				<total>37</total>
				<timestamp>4904.531111</timestamp>
			</report>
			<report>
				<misses>15343001</misses>
				<total>37</total>
				<timestamp>4904.850731</timestamp>
			</report>
			<report>
				<misses>15344001</misses>
				<total>37</total>
				<timestamp>4905.170465</timestamp>
			</report>
			<report>
				<misses>15345001</misses>
				<total>37</total>
				<timestamp>4905.490099</timestamp>
			</report>
			<report>
				<misses>15346001</misses>
				<total>37</total>
				<timestamp>4905.809843</timestamp>
			</report>
			<report>
				<misses>15347001</misses>
				<total>37</total>
				<timestamp>4906.129459</timestamp>
			</report>
			<report>
				<misses>15348001</misses>
				<total>37</total>
				<timestamp>4906.449172</timestamp>
			</report>
			<report>
				<misses>15349001</misses>
				<total>37</total>
				<timestamp>4906.768833</timestamp>
			</report>
			<report>
				<misses>15350001</misses>
				<total>37</total>
				<timestamp>4907.088473</timestamp>
			</report>
			<report>
				<misses>15351001</misses>
				<total>37</total>
				<timestamp>4907.408174</timestamp>
			</report>
			<report>
				<misses>15352001</misses>
				<total>36</total>
				<timestamp>4907.727963</timestamp>
			</report>
			<report>
				<misses>15353001</misses>
				<total>37</total>
				<timestamp>4908.047536</timestamp>
			</report>
			<report>
				<misses>15354001</misses>
				<total>37</total>
				<timestamp>4908.367195</timestamp>
			</report>
			<report>
				<misses>15355001</misses>
				<total>36</total>
				<timestamp>4908.686977</timestamp>
			</report>
			<report>
				<misses>15356001</misses>
				<total>37</total>
				<timestamp>4909.006608</timestamp>
			</report>
			<report>
				<misses>15357001</misses>
				<total>37</total>
				<timestamp>4909.326255</timestamp>
			</report>
			<report>
				<misses>15358001</misses>
				<total>37</total>
				<timestamp>4909.645952</timestamp>
			</report>
			<report>
				<misses>15359001</misses>
				<total>36</total>
				<timestamp>4909.965733</timestamp>
			</report>
			<report>
				<misses>15360001</misses>
				<total>37</total>
				<timestamp>4910.285359</timestamp>
			</report>
			<report>
				<misses>15361001</misses>
				<total>37</total>
				<timestamp>4910.604984</timestamp>
			</report>
			<report>
				<misses>15362001</misses>
				<total>37</total>
				<timestamp>4910.924652</timestamp>
			</report>
			<report>
				<misses>15363001</misses>
				<total>37</total>
				<timestamp>4911.244386</timestamp>
			</report>
			<report>
				<misses>15364001</misses>
				<total>37</total>
				<timestamp>4911.564031</timestamp>
			</report>
			<report>
				<misses>15365001</misses>
				<total>37</total>
				<timestamp>4911.883814</timestamp>
			</report>
			<report>
				<misses>15366001</misses>
				<total>38</total>
				<timestamp>4912.203430</timestamp>
			</report>
			<report>
				<misses>15367001</misses>
				<total>38</total>
				<timestamp>4912.523119</timestamp>
			</report>
			<report>
				<misses>15368001</misses>
				<total>37</total>
				<timestamp>4912.842827</timestamp>
			</report>
			<report>
				<misses>15369001</misses>
				<total>38</total>
				<timestamp>4913.162407</timestamp>
			</report>
			<report>
				<misses>15370001</misses>
				<total>38</total>
				<timestamp>4913.482151</timestamp>
			</report>
			<report>
				<misses>15371001</misses>
				<total>37</total>
				<timestamp>4913.801881</timestamp>
			</report>
			<report>
				<misses>15372001</misses>
				<total>38</total>
				<timestamp>4914.121466</timestamp>
			</report>
			<report>
				<misses>15373001</misses>
				<total>38</total>
				<timestamp>4914.441117</timestamp>
			</report>
			<report>
				<misses>15374001</misses>
				<total>38</total>
				<timestamp>4914.760820</timestamp>
			</report>
			<report>
				<misses>15375001</misses>
				<total>38</total>
				<timestamp>4915.080540</timestamp>
			</report>
			<report>
				<misses>15376001</misses>
				<total>38</total>
				<timestamp>4915.400212</timestamp>
			</report>
			<report>
				<misses>15377001</misses>
				<total>38</total>
				<timestamp>4915.719963</timestamp>
			</report>
			<report>
				<misses>15378001</misses>
				<total>38</total>
				<timestamp>4916.039540</timestamp>
			</report>
			<report>
				<misses>15379001</misses>
				<total>37</total>
				<timestamp>4916.359297</timestamp>
			</report>
			<report>
				<misses>15380001</misses>
				<total>38</total>
				<timestamp>4916.678909</timestamp>
			</report>
			<report>
				<misses>15381001</misses>
				<total>38</total>
				<timestamp>4916.998637</timestamp>
			</report>
			<report>
				<misses>15382001</misses>
				<total>38</total>
				<timestamp>4917.318243</timestamp>
			</report>
			<report>
				<misses>15383001</misses>
				<total>38</total>
				<timestamp>4917.638003</timestamp>
			</report>
			<report>
				<misses>15384001</misses>
				<total>38</total>
				<timestamp>4917.957704</timestamp>
			</report>
			<report>
				<misses>15385001</misses>
				<total>38</total>
				<timestamp>4918.277418</timestamp>
			</report>
			<report>
				<misses>15386001</misses>
				<total>38</total>
				<timestamp>4918.597028</timestamp>
			</report>
			<report>
				<misses>15387001</misses>
				<total>38</total>
				<timestamp>4918.916676</timestamp>
			</report>
			<report>
				<misses>15388001</misses>
				<total>38</total>
				<timestamp>4919.236370</timestamp>
			</report>
			<report>
				<misses>15389001</misses>
				<total>38</total>
				<timestamp>4919.556049</timestamp>
			</report>
			<report>
				<misses>15390001</misses>
				<total>38</total>
				<timestamp>4919.875820</timestamp>
			</report>
			<report>
				<misses>15391001</misses>
				<total>38</total>
				<timestamp>4920.195499</timestamp>
			</report>
			<report>
				<misses>15392001</misses>
				<total>37</total>
				<timestamp>4920.515283</timestamp>
			</report>
			<report>
				<misses>15393001</misses>
				<total>38</total>
				<timestamp>4920.834829</timestamp>
			</report>
			<report>
				<misses>15394001</misses>
				<total>38</total>
				<timestamp>4921.154527</timestamp>
			</report>
			<report>
				<misses>15395001</misses>
				<total>38</total>
				<timestamp>4921.474181</timestamp>
			</report>
			<report>
				<misses>15396001</misses>
				<total>38</total>
				<timestamp>4921.793882</timestamp>
			</report>
			<report>
				<misses>15397001</misses>
				<total>38</total>
				<timestamp>4922.113573</timestamp>
			</report>
			<report>
				<misses>15398001</misses>
				<total>38</total>
				<timestamp>4922.433235</timestamp>
			</report>
			<report>
				<misses>15399001</misses>
				<total>38</total>
				<timestamp>4922.752908</timestamp>
			</report>
			<report>
				<misses>15400001</misses>
				<total>38</total>
				<timestamp>4923.072617</timestamp>
			</report>
			<report>
				<misses>15401001</misses>
				<total>38</total>
				<timestamp>4923.392270</timestamp>
			</report>
			<report>
				<misses>15402001</misses>
				<total>38</total>
				<timestamp>4923.711956</timestamp>
			</report>
			<report>
				<misses>15403001</misses>
				<total>38</total>
				<timestamp>4924.031631</timestamp>
			</report>
			<report>
				<misses>15404001</misses>
				<total>38</total>
				<timestamp>4924.351342</timestamp>
			</report>
			<report>
				<misses>15405001</misses>
				<total>38</total>
				<timestamp>4924.670980</timestamp>
			</report>
			<report>
				<misses>15406001</misses>
				<total>38</total>
				<timestamp>4924.990636</timestamp>
			</report>
			<report>
				<misses>15407001</misses>
				<total>38</total>
				<timestamp>4925.310408</timestamp>
			</report>
			<report>
				<misses>15408001</misses>
				<total>38</total>
				<timestamp>4925.630008</timestamp>
			</report>
			<report>
				<misses>15409001</misses>
				<total>38</total>
				<timestamp>4925.949772</timestamp>
			</report>
			<report>
				<misses>15410001</misses>
				<total>38</total>
				<timestamp>4926.269417</timestamp>
			</report>
			<report>
				<misses>15411001</misses>
				<total>38</total>
				<timestamp>4926.588956</timestamp>
			</report>
			<report>
				<misses>15412001</misses>
				<total>38</total>
				<timestamp>4926.908688</timestamp>
			</report>
			<report>
				<misses>15413001</misses>
				<total>38</total>
				<timestamp>4927.228327</timestamp>
			</report>
			<report>
				<misses>15414001</misses>
				<total>38</total>
				<timestamp>4927.548038</timestamp>
			</report>
			<report>
				<misses>15415001</misses>
				<total>38</total>
				<timestamp>4927.867716</timestamp>
			</report>
			<report>
				<misses>15416001</misses>
				<total>38</total>
				<timestamp>4928.187420</timestamp>
			</report>
			<report>
				<misses>15417001</misses>
				<total>38</total>
				<timestamp>4928.507060</timestamp>
			</report>
			<report>
				<misses>15418001</misses>
				<total>38</total>
				<timestamp>4928.826790</timestamp>
			</report>
			<report>
				<misses>15419001</misses>
				<total>38</total>
				<timestamp>4929.146406</timestamp>
			</report>
			<report>
				<misses>15420001</misses>
				<total>38</total>
				<timestamp>4929.466162</timestamp>
			</report>
			<report>
				<misses>15421001</misses>
				<total>38</total>
				<timestamp>4929.785828</timestamp>
			</report>
			<report>
				<misses>15422001</misses>
				<total>38</total>
				<timestamp>4930.105478</timestamp>
			</report>
			<report>
				<misses>15423001</misses>
				<total>38</total>
				<timestamp>4930.425176</timestamp>
			</report>
			<report>
				<misses>15424001</misses>
				<total>38</total>
				<timestamp>4930.744839</timestamp>
			</report>
			<report>
				<misses>15425001</misses>
				<total>38</total>
				<timestamp>4931.064472</timestamp>
			</report>
			<report>
				<misses>15426001</misses>
				<total>38</total>
				<timestamp>4931.384198</timestamp>
			</report>
			<report>
				<misses>15427001</misses>
				<total>38</total>
				<timestamp>4931.703921</timestamp>
			</report>
			<report>
				<misses>15428001</misses>
				<total>38</total>
				<timestamp>4932.023534</timestamp>
			</report>
			<report>
				<misses>15429001</misses>
				<total>38</total>
				<timestamp>4932.343281</timestamp>
			</report>
			<report>
				<misses>15430001</misses>
				<total>38</total>
				<timestamp>4932.662921</timestamp>
			</report>
			<report>
				<misses>15431001</misses>
				<total>37</total>
				<timestamp>4932.982669</timestamp>
			</report>
			<report>
				<misses>15432001</misses>
				<total>38</total>
				<timestamp>4933.302240</timestamp>
			</report>
			<report>
				<misses>15433001</misses>
				<total>38</total>
				<timestamp>4933.621945</timestamp>
			</report>
			<report>
				<misses>15434001</misses>
				<total>38</total>
				<timestamp>4933.941684</timestamp>
			</report>
			<report>
				<misses>15435001</misses>
				<total>38</total>
				<timestamp>4934.261295</timestamp>
			</report>
			<report>
				<misses>15436001</misses>
				<total>38</total>
				<timestamp>4934.581026</timestamp>
			</report>
			<report>
				<misses>15437001</misses>
				<total>38</total>
				<timestamp>4934.900778</timestamp>
			</report>
			<report>
				<misses>15438001</misses>
				<total>38</total>
				<timestamp>4935.220334</timestamp>
			</report>
			<report>
				<misses>15439001</misses>
				<total>38</total>
				<timestamp>4935.540056</timestamp>
			</report>
			<report>
				<misses>15440001</misses>
				<total>38</total>
				<timestamp>4935.859748</timestamp>
			</report>
			<report>
				<misses>15441001</misses>
				<total>38</total>
				<timestamp>4936.179424</timestamp>
			</report>
			<report>
				<misses>15442001</misses>
				<total>38</total>
				<timestamp>4936.499259</timestamp>
			</report>
			<report>
				<misses>15443001</misses>
				<total>38</total>
				<timestamp>4936.818793</timestamp>
			</report>
			<report>
				<misses>15444001</misses>
				<total>38</total>
				<timestamp>4937.138425</timestamp>
			</report>
			<report>
				<misses>15445001</misses>
				<total>38</total>
				<timestamp>4937.458100</timestamp>
			</report>
			<report>
				<misses>15446001</misses>
				<total>38</total>
				<timestamp>4937.777824</timestamp>
			</report>
			<report>
				<misses>15447001</misses>
				<total>37</total>
				<timestamp>4938.097583</timestamp>
			</report>
			<report>
				<misses>15448001</misses>
				<total>37</total>
				<timestamp>4938.417217</timestamp>
			</report>
			<report>
				<misses>15449001</misses>
				<total>38</total>
				<timestamp>4938.736884</timestamp>
			</report>
			<report>
				<misses>15450001</misses>
				<total>38</total>
				<timestamp>4939.056491</timestamp>
			</report>
			<report>
				<misses>15451001</misses>
				<total>38</total>
				<timestamp>4939.376167</timestamp>
			</report>
			<report>
				<misses>15452001</misses>
				<total>37</total>
				<timestamp>4939.695969</timestamp>
			</report>
			<report>
				<misses>15453001</misses>
				<total>38</total>
				<timestamp>4940.015611</timestamp>
			</report>
			<report>
				<misses>15454001</misses>
				<total>38</total>
				<timestamp>4940.335266</timestamp>
			</report>
			<report>
				<misses>15455001</misses>
				<total>38</total>
				<timestamp>4940.654946</timestamp>
			</report>
			<report>
				<misses>15456001</misses>
				<total>38</total>
				<timestamp>4940.974604</timestamp>
			</report>
			<report>
				<misses>15457001</misses>
				<total>37</total>
				<timestamp>4941.294352</timestamp>
			</report>
			<report>
				<misses>15458001</misses>
				<total>38</total>
				<timestamp>4941.613940</timestamp>
			</report>
			<report>
				<misses>15459001</misses>
				<total>38</total>
				<timestamp>4941.933629</timestamp>
			</report>
			<report>
				<misses>15460001</misses>
				<total>38</total>
				<timestamp>4942.253316</timestamp>
			</report>
			<report>
				<misses>15461001</misses>
				<total>38</total>
				<timestamp>4942.573006</timestamp>
			</report>
			<report>
				<misses>15462001</misses>
				<total>38</total>
				<timestamp>4942.892642</timestamp>
			</report>
			<report>
				<misses>15463001</misses>
				<total>38</total>
				<timestamp>4943.212340</timestamp>
			</report>
			<report>
				<misses>15464001</misses>
				<total>38</total>
				<timestamp>4943.532046</timestamp>
			</report>
			<report>
				<misses>15465001</misses>
				<total>38</total>
				<timestamp>4943.851763</timestamp>
			</report>
			<report>
				<misses>15466001</misses>
				<total>38</total>
				<timestamp>4944.171392</timestamp>
			</report>
			<report>
				<misses>15467001</misses>
				<total>38</total>
				<timestamp>4944.491156</timestamp>
			</report>
			<report>
				<misses>15468001</misses>
				<total>38</total>
				<timestamp>4944.810864</timestamp>
			</report>
			<report>
				<misses>15469001</misses>
				<total>38</total>
				<timestamp>4945.130567</timestamp>
			</report>
			<report>
				<misses>15470001</misses>
				<total>38</total>
				<timestamp>4945.450139</timestamp>
			</report>
			<report>
				<misses>15471001</misses>
				<total>38</total>
				<timestamp>4945.769838</timestamp>
			</report>
			<report>
				<misses>15472001</misses>
				<total>38</total>
				<timestamp>4946.089542</timestamp>
			</report>
			<report>
				<misses>15473001</misses>
				<total>38</total>
				<timestamp>4946.409264</timestamp>
			</report>
			<report>
				<misses>15474001</misses>
				<total>38</total>
				<timestamp>4946.728958</timestamp>
			</report>
			<report>
				<misses>15475001</misses>
				<total>38</total>
				<timestamp>4947.048622</timestamp>
			</report>
			<report>
				<misses>15476001</misses>
				<total>38</total>
				<timestamp>4947.368198</timestamp>
			</report>
			<report>
				<misses>15477001</misses>
				<total>38</total>
				<timestamp>4947.687870</timestamp>
			</report>
			<report>
				<misses>15478001</misses>
				<total>37</total>
				<timestamp>4948.007629</timestamp>
			</report>
			<report>
				<misses>15479001</misses>
				<total>38</total>
				<timestamp>4948.327245</timestamp>
			</report>
			<report>
				<misses>15480001</misses>
				<total>37</total>
				<timestamp>4948.647045</timestamp>
			</report>
			<report>
				<misses>15481001</misses>
				<total>38</total>
				<timestamp>4948.966631</timestamp>
			</report>
			<report>
				<misses>15482001</misses>
				<total>38</total>
				<timestamp>4949.286236</timestamp>
			</report>
			<report>
				<misses>15483001</misses>
				<total>38</total>
				<timestamp>4949.605967</timestamp>
			</report>
			<report>
				<misses>15484001</misses>
				<total>38</total>
				<timestamp>4949.925626</timestamp>
			</report>
			<report>
				<misses>15485001</misses>
				<total>38</total>
				<timestamp>4950.245296</timestamp>
			</report>
			<report>
				<misses>15486001</misses>
				<total>38</total>
				<timestamp>4950.564962</timestamp>
			</report>
			<report>
				<misses>15487001</misses>
				<total>38</total>
				<timestamp>4950.884641</timestamp>
			</report>
			<report>
				<misses>15488001</misses>
				<total>38</total>
				<timestamp>4951.204343</timestamp>
			</report>
			<report>
				<misses>15489001</misses>
				<total>38</total>
				<timestamp>4951.524059</timestamp>
			</report>
			<report>
				<misses>15490001</misses>
				<total>38</total>
				<timestamp>4951.843745</timestamp>
			</report>
			<report>
				<misses>15491001</misses>
				<total>37</total>
				<timestamp>4952.163475</timestamp>
			</report>
			<report>
				<misses>15492001</misses>
				<total>38</total>
				<timestamp>4952.483103</timestamp>
			</report>
			<report>
				<misses>15493001</misses>
				<total>38</total>
				<timestamp>4952.802826</timestamp>
			</report>
			<report>
				<misses>15494001</misses>
				<total>38</total>
				<timestamp>4953.122454</timestamp>
			</report>
			<report>
				<misses>15495001</misses>
				<total>38</total>
				<timestamp>4953.442285</timestamp>
			</report>
			<report>
				<misses>15496001</misses>
				<total>38</total>
				<timestamp>4953.761825</timestamp>
			</report>
			<report>
				<misses>15497001</misses>
				<total>38</total>
				<timestamp>4954.081474</timestamp>
			</report>
			<report>
				<misses>15498001</misses>
				<total>38</total>
				<timestamp>4954.401233</timestamp>
			</report>
			<report>
				<misses>15499001</misses>
				<total>38</total>
				<timestamp>4954.720955</timestamp>
			</report>
			<report>
				<misses>15500001</misses>
				<total>38</total>
				<timestamp>4955.040534</timestamp>
			</report>
			<report>
				<misses>15501001</misses>
				<total>38</total>
				<timestamp>4955.360210</timestamp>
			</report>
			<report>
				<misses>15502001</misses>
				<total>38</total>
				<timestamp>4955.679924</timestamp>
			</report>
			<report>
				<misses>15503001</misses>
				<total>38</total>
				<timestamp>4955.999622</timestamp>
			</report>
			<report>
				<misses>15504001</misses>
				<total>38</total>
				<timestamp>4956.319385</timestamp>
			</report>
			<report>
				<misses>15505001</misses>
				<total>38</total>
				<timestamp>4956.638884</timestamp>
			</report>
			<report>
				<misses>15506001</misses>
				<total>38</total>
				<timestamp>4956.958640</timestamp>
			</report>
			<report>
				<misses>15507001</misses>
				<total>38</total>
				<timestamp>4957.278284</timestamp>
			</report>
			<report>
				<misses>15508001</misses>
				<total>38</total>
				<timestamp>4957.597934</timestamp>
			</report>
			<report>
				<misses>15509001</misses>
				<total>38</total>
				<timestamp>4957.917651</timestamp>
			</report>
			<report>
				<misses>15510001</misses>
				<total>38</total>
				<timestamp>4958.237346</timestamp>
			</report>
			<report>
				<misses>15511001</misses>
				<total>38</total>
				<timestamp>4958.556985</timestamp>
			</report>
			<report>
				<misses>15512001</misses>
				<total>38</total>
				<timestamp>4958.876643</timestamp>
			</report>
			<report>
				<misses>15513001</misses>
				<total>38</total>
				<timestamp>4959.196321</timestamp>
			</report>
			<report>
				<misses>15514001</misses>
				<total>38</total>
				<timestamp>4959.516099</timestamp>
			</report>
			<report>
				<misses>15515001</misses>
				<total>38</total>
				<timestamp>4959.835784</timestamp>
			</report>
			<report>
				<misses>15516001</misses>
				<total>38</total>
				<timestamp>4960.155547</timestamp>
			</report>
			<report>
				<misses>15517001</misses>
				<total>37</total>
				<timestamp>4960.475287</timestamp>
			</report>
			<report>
				<misses>15518001</misses>
				<total>38</total>
				<timestamp>4960.794870</timestamp>
			</report>
			<report>
				<misses>15519001</misses>
				<total>37</total>
				<timestamp>4961.114639</timestamp>
			</report>
			<report>
				<misses>15520001</misses>
				<total>37</total>
				<timestamp>4961.434325</timestamp>
			</report>
			<report>
				<misses>15521001</misses>
				<total>38</total>
				<timestamp>4961.753857</timestamp>
			</report>
			<report>
				<misses>15522001</misses>
				<total>37</total>
				<timestamp>4962.073585</timestamp>
			</report>
			<report>
				<misses>15523001</misses>
				<total>38</total>
				<timestamp>4962.393222</timestamp>
			</report>
			<report>
				<misses>15524001</misses>
				<total>38</total>
				<timestamp>4962.712803</timestamp>
			</report>
			<report>
				<misses>15525001</misses>
				<total>38</total>
				<timestamp>4963.032524</timestamp>
			</report>
			<report>
				<misses>15526001</misses>
				<total>38</total>
				<timestamp>4963.352203</timestamp>
			</report>
			<report>
				<misses>15527001</misses>
				<total>38</total>
				<timestamp>4963.671896</timestamp>
			</report>
			<report>
				<misses>15528001</misses>
				<total>38</total>
				<timestamp>4963.991573</timestamp>
			</report>
			<report>
				<misses>15529001</misses>
				<total>37</total>
				<timestamp>4964.311344</timestamp>
			</report>
			<report>
				<misses>15530001</misses>
				<total>37</total>
				<timestamp>4964.630982</timestamp>
			</report>
			<report>
				<misses>15531001</misses>
				<total>37</total>
				<timestamp>4964.950695</timestamp>
			</report>
			<report>
				<misses>15532001</misses>
				<total>38</total>
				<timestamp>4965.270235</timestamp>
			</report>
			<report>
				<misses>15533001</misses>
				<total>38</total>
				<timestamp>4965.589985</timestamp>
			</report>
			<report>
				<misses>15534001</misses>
				<total>38</total>
				<timestamp>4965.909614</timestamp>
			</report>
			<report>
				<misses>15535001</misses>
				<total>37</total>
				<timestamp>4966.229540</timestamp>
			</report>
			<report>
				<misses>15536001</misses>
				<total>38</total>
				<timestamp>4966.548992</timestamp>
			</report>
			<report>
				<misses>15537001</misses>
				<total>38</total>
				<timestamp>4966.868658</timestamp>
			</report>
			<report>
				<misses>15538001</misses>
				<total>38</total>
				<timestamp>4967.188335</timestamp>
			</report>
			<report>
				<misses>15539001</misses>
				<total>38</total>
				<timestamp>4967.508049</timestamp>
			</report>
			<report>
				<misses>15540001</misses>
				<total>38</total>
				<timestamp>4967.827805</timestamp>
			</report>
			<report>
				<misses>15541001</misses>
				<total>38</total>
				<timestamp>4968.147535</timestamp>
			</report>
			<report>
				<misses>15542001</misses>
				<total>38</total>
				<timestamp>4968.467066</timestamp>
			</report>
			<report>
				<misses>15543001</misses>
				<total>38</total>
				<timestamp>4968.786785</timestamp>
			</report>
			<report>
				<misses>15544001</misses>
				<total>38</total>
				<timestamp>4969.106563</timestamp>
			</report>
			<report>
				<misses>15545001</misses>
				<total>38</total>
				<timestamp>4969.426110</timestamp>
			</report>
			<report>
				<misses>15546001</misses>
				<total>38</total>
				<timestamp>4969.745867</timestamp>
			</report>
			<report>
				<misses>15547001</misses>
				<total>38</total>
				<timestamp>4970.065441</timestamp>
			</report>
			<report>
				<misses>15548001</misses>
				<total>38</total>
				<timestamp>4970.385179</timestamp>
			</report>
			<report>
				<misses>15549001</misses>
				<total>38</total>
				<timestamp>4970.704842</timestamp>
			</report>
			<report>
				<misses>15550001</misses>
				<total>38</total>
				<timestamp>4971.024533</timestamp>
			</report>
			<report>
				<misses>15551001</misses>
				<total>38</total>
				<timestamp>4971.344176</timestamp>
			</report>
			<report>
				<misses>15552001</misses>
				<total>38</total>
				<timestamp>4971.663860</timestamp>
			</report>
			<report>
				<misses>15553001</misses>
				<total>38</total>
				<timestamp>4971.983569</timestamp>
			</report>
			<report>
				<misses>15554001</misses>
				<total>38</total>
				<timestamp>4972.303226</timestamp>
			</report>
			<report>
				<misses>15555001</misses>
				<total>38</total>
				<timestamp>4972.622916</timestamp>
			</report>
			<report>
				<misses>15556001</misses>
				<total>38</total>
				<timestamp>4972.942579</timestamp>
			</report>
			<report>
				<misses>15557001</misses>
				<total>38</total>
				<timestamp>4973.262324</timestamp>
			</report>
			<report>
				<misses>15558001</misses>
				<total>38</total>
				<timestamp>4973.581970</timestamp>
			</report>
			<report>
				<misses>15559001</misses>
				<total>38</total>
				<timestamp>4973.901629</timestamp>
			</report>
			<report>
				<misses>15560001</misses>
				<total>38</total>
				<timestamp>4974.221316</timestamp>
			</report>
			<report>
				<misses>15561001</misses>
				<total>38</total>
				<timestamp>4974.540965</timestamp>
			</report>
			<report>
				<misses>15562001</misses>
				<total>37</total>
				<timestamp>4974.860743</timestamp>
			</report>
			<report>
				<misses>15563001</misses>
				<total>38</total>
				<timestamp>4975.180351</timestamp>
			</report>
			<report>
				<misses>15564001</misses>
				<total>38</total>
				<timestamp>4975.500026</timestamp>
			</report>
			<report>
				<misses>15565001</misses>
				<total>38</total>
				<timestamp>4975.819729</timestamp>
			</report>
			<report>
				<misses>15566001</misses>
				<total>38</total>
				<timestamp>4976.139461</timestamp>
			</report>
			<report>
				<misses>15567001</misses>
				<total>38</total>
				<timestamp>4976.459089</timestamp>
			</report>
			<report>
				<misses>15568001</misses>
				<total>38</total>
				<timestamp>4976.778815</timestamp>
			</report>
			<report>
				<misses>15569001</misses>
				<total>38</total>
				<timestamp>4977.098400</timestamp>
			</report>
			<report>
				<misses>15570001</misses>
				<total>37</total>
				<timestamp>4977.418188</timestamp>
			</report>
			<report>
				<misses>15571001</misses>
				<total>38</total>
				<timestamp>4977.737848</timestamp>
			</report>
			<report>
				<misses>15572001</misses>
				<total>38</total>
				<timestamp>4978.057479</timestamp>
			</report>
			<report>
				<misses>15573001</misses>
				<total>37</total>
				<timestamp>4978.377228</timestamp>
			</report>
			<report>
				<misses>15574001</misses>
				<total>37</total>
				<timestamp>4978.696943</timestamp>
			</report>
			<report>
				<misses>15575001</misses>
				<total>38</total>
				<timestamp>4979.016536</timestamp>
			</report>
			<report>
				<misses>15576001</misses>
				<total>38</total>
				<timestamp>4979.336215</timestamp>
			</report>
			<report>
				<misses>15577001</misses>
				<total>38</total>
				<timestamp>4979.655917</timestamp>
			</report>
			<report>
				<misses>15578001</misses>
				<total>38</total>
				<timestamp>4979.975543</timestamp>
			</report>
			<report>
				<misses>15579001</misses>
				<total>38</total>
				<timestamp>4980.295229</timestamp>
			</report>
			<report>
				<misses>15580001</misses>
				<total>37</total>
				<timestamp>4980.615007</timestamp>
			</report>
			<report>
				<misses>15581001</misses>
				<total>38</total>
				<timestamp>4980.934578</timestamp>
			</report>
			<report>
				<misses>15582001</misses>
				<total>38</total>
				<timestamp>4981.254254</timestamp>
			</report>
			<report>
				<misses>15583001</misses>
				<total>37</total>
				<timestamp>4981.574023</timestamp>
			</report>
			<report>
				<misses>15584001</misses>
				<total>38</total>
				<timestamp>4981.893670</timestamp>
			</report>
			<report>
				<misses>15585001</misses>
				<total>38</total>
				<timestamp>4982.213390</timestamp>
			</report>
			<report>
				<misses>15586001</misses>
				<total>38</total>
				<timestamp>4982.533057</timestamp>
			</report>
			<report>
				<misses>15587001</misses>
				<total>38</total>
				<timestamp>4982.852709</timestamp>
			</report>
			<report>
				<misses>15588001</misses>
				<total>38</total>
				<timestamp>4983.172355</timestamp>
			</report>
			<report>
				<misses>15589001</misses>
				<total>38</total>
				<timestamp>4983.492025</timestamp>
			</report>
			<report>
				<misses>15590001</misses>
				<total>37</total>
				<timestamp>4983.811794</timestamp>
			</report>
			<report>
				<misses>15591001</misses>
				<total>38</total>
				<timestamp>4984.131431</timestamp>
			</report>
			<report>
				<misses>15592001</misses>
				<total>38</total>
				<timestamp>4984.451123</timestamp>
			</report>
			<report>
				<misses>15593001</misses>
				<total>38</total>
				<timestamp>4984.770764</timestamp>
			</report>
			<report>
				<misses>15594001</misses>
				<total>38</total>
				<timestamp>4985.090450</timestamp>
			</report>
			<report>
				<misses>15595001</misses>
				<total>38</total>
				<timestamp>4985.410084</timestamp>
			</report>
			<report>
				<misses>15596001</misses>
				<total>38</total>
				<timestamp>4985.729760</timestamp>
			</report>
			<report>
				<misses>15597001</misses>
				<total>38</total>
				<timestamp>4986.049465</timestamp>
			</report>
			<report>
				<misses>15598001</misses>
				<total>38</total>
				<timestamp>4986.369206</timestamp>
			</report>
			<report>
				<misses>15599001</misses>
				<total>37</total>
				<timestamp>4986.688915</timestamp>
			</report>
			<report>
				<misses>15600001</misses>
				<total>38</total>
				<timestamp>4987.008503</timestamp>
			</report>
			<report>
				<misses>15601001</misses>
				<total>38</total>
				<timestamp>4987.328173</timestamp>
			</report>
			<report>
				<misses>15602001</misses>
				<total>37</total>
				<timestamp>4987.647963</timestamp>
			</report>
			<report>
				<misses>15603001</misses>
				<total>38</total>
				<timestamp>4987.967560</timestamp>
			</report>
			<report>
				<misses>15604001</misses>
				<total>38</total>
				<timestamp>4988.287201</timestamp>
			</report>
			<report>
				<misses>15605001</misses>
				<total>38</total>
				<timestamp>4988.606940</timestamp>
			</report>
			<report>
				<misses>15606001</misses>
				<total>38</total>
				<timestamp>4988.926595</timestamp>
			</report>
			<report>
				<misses>15607001</misses>
				<total>38</total>
				<timestamp>4989.246258</timestamp>
			</report>
			<report>
				<misses>15608001</misses>
				<total>38</total>
				<timestamp>4989.566024</timestamp>
			</report>
			<report>
				<misses>15609001</misses>
				<total>38</total>
				<timestamp>4989.885632</timestamp>
			</report>
			<report>
				<misses>15610001</misses>
				<total>38</total>
				<timestamp>4990.205324</timestamp>
			</report>
			<report>
				<misses>15611001</misses>
				<total>38</total>
				<timestamp>4990.524964</timestamp>
			</report>
			<report>
				<misses>15612001</misses>
				<total>38</total>
				<timestamp>4990.844661</timestamp>
			</report>
			<report>
				<misses>15613001</misses>
				<total>37</total>
				<timestamp>4991.164466</timestamp>
			</report>
			<report>
				<misses>15614001</misses>
				<total>38</total>
				<timestamp>4991.484015</timestamp>
			</report>
			<report>
				<misses>15615001</misses>
				<total>38</total>
				<timestamp>4991.803678</timestamp>
			</report>
			<report>
				<misses>15616001</misses>
				<total>37</total>
				<timestamp>4992.123466</timestamp>
			</report>
			<report>
				<misses>15617001</misses>
				<total>38</total>
				<timestamp>4992.443116</timestamp>
			</report>
			<report>
				<misses>15618001</misses>
				<total>37</total>
				<timestamp>4992.762827</timestamp>
			</report>
			<report>
				<misses>15619001</misses>
				<total>37</total>
				<timestamp>4993.082520</timestamp>
			</report>
			<report>
				<misses>15620001</misses>
				<total>38</total>
				<timestamp>4993.402156</timestamp>
			</report>
			<report>
				<misses>15621001</misses>
				<total>38</total>
				<timestamp>4993.721783</timestamp>
			</report>
			<report>
				<misses>15622001</misses>
				<total>38</total>
				<timestamp>4994.041489</timestamp>
			</report>
			<report>
				<misses>15623001</misses>
				<total>38</total>
				<timestamp>4994.361125</timestamp>
			</report>
			<report>
				<misses>15624001</misses>
				<total>38</total>
				<timestamp>4994.680876</timestamp>
			</report>
			<report>
				<misses>15625001</misses>
				<total>38</total>
				<timestamp>4995.000523</timestamp>
			</report>
			<report>
				<misses>15626001</misses>
				<total>38</total>
				<timestamp>4995.320177</timestamp>
			</report>
			<report>
				<misses>15627001</misses>
				<total>37</total>
				<timestamp>4995.640001</timestamp>
			</report>
			<report>
				<misses>15628001</misses>
				<total>37</total>
				<timestamp>4995.959661</timestamp>
			</report>
			<report>
				<misses>15629001</misses>
				<total>38</total>
				<timestamp>4996.279260</timestamp>
			</report>
			<report>
				<misses>15630001</misses>
				<total>37</total>
				<timestamp>4996.598986</timestamp>
			</report>
			<report>
				<misses>15631001</misses>
				<total>38</total>
				<timestamp>4996.918604</timestamp>
			</report>
			<report>
				<misses>15632001</misses>
				<total>38</total>
				<timestamp>4997.238294</timestamp>
			</report>
			<report>
				<misses>15633001</misses>
				<total>37</total>
				<timestamp>4997.558029</timestamp>
			</report>
			<report>
				<misses>15634001</misses>
				<total>38</total>
				<timestamp>4997.877641</timestamp>
			</report>
			<report>
				<misses>15635001</misses>
				<total>38</total>
				<timestamp>4998.197294</timestamp>
			</report>
			<report>
				<misses>15636001</misses>
				<total>38</total>
				<timestamp>4998.516973</timestamp>
			</report>
			<report>
				<misses>15637001</misses>
				<total>38</total>
				<timestamp>4998.836722</timestamp>
			</report>
			<report>
				<misses>15638001</misses>
				<total>38</total>
				<timestamp>4999.156403</timestamp>
			</report>
			<report>
				<misses>15639001</misses>
				<total>38</total>
				<timestamp>4999.476058</timestamp>
			</report>
			<report>
				<misses>15640001</misses>
				<total>38</total>
				<timestamp>4999.795743</timestamp>
			</report>
			<report>
				<misses>15641001</misses>
				<total>38</total>
				<timestamp>5000.115369</timestamp>
			</report>
			<report>
				<misses>15642001</misses>
				<total>38</total>
				<timestamp>5000.435112</timestamp>
			</report>
			<report>
				<misses>15643001</misses>
				<total>38</total>
				<timestamp>5000.754762</timestamp>
			</report>
			<report>
				<misses>15644001</misses>
				<total>38</total>
				<timestamp>5001.074440</timestamp>
			</report>
			<report>
				<misses>15645001</misses>
				<total>38</total>
				<timestamp>5001.394102</timestamp>
			</report>
			<report>
				<misses>15646001</misses>
				<total>38</total>
				<timestamp>5001.713811</timestamp>
			</report>
			<report>
				<misses>15647001</misses>
				<total>38</total>
				<timestamp>5002.033437</timestamp>
			</report>
			<report>
				<misses>15648001</misses>
				<total>38</total>
				<timestamp>5002.353220</timestamp>
			</report>
			<report>
				<misses>15649001</misses>
				<total>38</total>
				<timestamp>5002.672851</timestamp>
			</report>
			<report>
				<misses>15650001</misses>
				<total>37</total>
				<timestamp>5002.992600</timestamp>
			</report>
			<report>
				<misses>15651001</misses>
				<total>38</total>
				<timestamp>5003.312250</timestamp>
			</report>
			<report>
				<misses>15652001</misses>
				<total>38</total>
				<timestamp>5003.631926</timestamp>
			</report>
			<report>
				<misses>15653001</misses>
				<total>38</total>
				<timestamp>5003.951552</timestamp>
			</report>
			<report>
				<misses>15654001</misses>
				<total>37</total>
				<timestamp>5004.271333</timestamp>
			</report>
			<report>
				<misses>15655001</misses>
				<total>38</total>
				<timestamp>5004.590884</timestamp>
			</report>
			<report>
				<misses>15656001</misses>
				<total>37</total>
				<timestamp>5004.910715</timestamp>
			</report>
			<report>
				<misses>15657001</misses>
				<total>38</total>
				<timestamp>5005.230321</timestamp>
			</report>
			<report>
				<misses>15658001</misses>
				<total>38</total>
				<timestamp>5005.549983</timestamp>
			</report>
			<report>
				<misses>15659001</misses>
				<total>38</total>
				<timestamp>5005.869777</timestamp>
			</report>
			<report>
				<misses>15660001</misses>
				<total>38</total>
				<timestamp>5006.189449</timestamp>
			</report>
			<report>
				<misses>15661001</misses>
				<total>38</total>
				<timestamp>5006.509134</timestamp>
			</report>
			<report>
				<misses>15662001</misses>
				<total>38</total>
				<timestamp>5006.828668</timestamp>
			</report>
			<report>
				<misses>15663001</misses>
				<total>38</total>
				<timestamp>5007.148504</timestamp>
			</report>
			<report>
				<misses>15664001</misses>
				<total>38</total>
				<timestamp>5007.468136</timestamp>
			</report>
			<report>
				<misses>15665001</misses>
				<total>38</total>
				<timestamp>5007.787846</timestamp>
			</report>
			<report>
				<misses>15666001</misses>
				<total>37</total>
				<timestamp>5008.107463</timestamp>
			</report>
			<report>
				<misses>15667001</misses>
				<total>38</total>
				<timestamp>5008.427049</timestamp>
			</report>
			<report>
				<misses>15668001</misses>
				<total>38</total>
				<timestamp>5008.746755</timestamp>
			</report>
			<report>
				<misses>15669001</misses>
				<total>38</total>
				<timestamp>5009.066414</timestamp>
			</report>
			<report>
				<misses>15670001</misses>
				<total>38</total>
				<timestamp>5009.386091</timestamp>
			</report>
			<report>
				<misses>15671001</misses>
				<total>38</total>
				<timestamp>5009.705852</timestamp>
			</report>
			<report>
				<misses>15672001</misses>
				<total>38</total>
				<timestamp>5010.025469</timestamp>
			</report>
			<report>
				<misses>15673001</misses>
				<total>38</total>
				<timestamp>5010.345230</timestamp>
			</report>
			<report>
				<misses>15674001</misses>
				<total>38</total>
				<timestamp>5010.664894</timestamp>
			</report>
			<report>
				<misses>15675001</misses>
				<total>38</total>
				<timestamp>5010.984685</timestamp>
			</report>
			<report>
				<misses>15676001</misses>
				<total>38</total>
				<timestamp>5011.304207</timestamp>
			</report>
			<report>
				<misses>15677001</misses>
				<total>38</total>
				<timestamp>5011.623965</timestamp>
			</report>
			<report>
				<misses>15678001</misses>
				<total>38</total>
				<timestamp>5011.943645</timestamp>
			</report>
			<report>
				<misses>15679001</misses>
				<total>38</total>
				<timestamp>5012.263264</timestamp>
			</report>
			<report>
				<misses>15680001</misses>
				<total>38</total>
				<timestamp>5012.583081</timestamp>
			</report>
			<report>
				<misses>15681001</misses>
				<total>38</total>
				<timestamp>5012.902741</timestamp>
			</report>
			<report>
				<misses>15682001</misses>
				<total>38</total>
				<timestamp>5013.222286</timestamp>
			</report>
			<report>
				<misses>15683001</misses>
				<total>38</total>
				<timestamp>5013.542009</timestamp>
			</report>
			<report>
				<misses>15684001</misses>
				<total>38</total>
				<timestamp>5013.861700</timestamp>
			</report>
			<report>
				<misses>15685001</misses>
				<total>38</total>
				<timestamp>5014.181331</timestamp>
			</report>
			<report>
				<misses>15686001</misses>
				<total>38</total>
				<timestamp>5014.501048</timestamp>
			</report>
			<report>
				<misses>15687001</misses>
				<total>38</total>
				<timestamp>5014.820727</timestamp>
			</report>
			<report>
				<misses>15688001</misses>
				<total>38</total>
				<timestamp>5015.140435</timestamp>
			</report>
			<report>
				<misses>15689001</misses>
				<total>38</total>
				<timestamp>5015.459996</timestamp>
			</report>
			<report>
				<misses>15690001</misses>
				<total>38</total>
				<timestamp>5015.779707</timestamp>
			</report>
			<report>
				<misses>15691001</misses>
				<total>38</total>
				<timestamp>5016.099442</timestamp>
			</report>
			<report>
				<misses>15692001</misses>
				<total>38</total>
				<timestamp>5016.419064</timestamp>
			</report>
			<report>
				<misses>15693001</misses>
				<total>38</total>
				<timestamp>5016.738783</timestamp>
			</report>
			<report>
				<misses>15694001</misses>
				<total>38</total>
				<timestamp>5017.058482</timestamp>
			</report>
			<report>
				<misses>15695001</misses>
				<total>38</total>
				<timestamp>5017.378173</timestamp>
			</report>
			<report>
				<misses>15696001</misses>
				<total>38</total>
				<timestamp>5017.697762</timestamp>
			</report>
			<report>
				<misses>15697001</misses>
				<total>38</total>
				<timestamp>5018.017480</timestamp>
			</report>
			<report>
				<misses>15698001</misses>
				<total>38</total>
				<timestamp>5018.337137</timestamp>
			</report>
			<report>
				<misses>15699001</misses>
				<total>38</total>
				<timestamp>5018.656900</timestamp>
			</report>
			<report>
				<misses>15700001</misses>
				<total>38</total>
				<timestamp>5018.976561</timestamp>
			</report>
			<report>
				<misses>15701001</misses>
				<total>38</total>
				<timestamp>5019.296214</timestamp>
			</report>
			<report>
				<misses>15702001</misses>
				<total>37</total>
				<timestamp>5019.615998</timestamp>
			</report>
			<report>
				<misses>15703001</misses>
				<total>38</total>
				<timestamp>5019.935615</timestamp>
			</report>
			<report>
				<misses>15704001</misses>
				<total>38</total>
				<timestamp>5020.255283</timestamp>
			</report>
			<report>
				<misses>15705001</misses>
				<total>38</total>
				<timestamp>5020.575012</timestamp>
			</report>
			<report>
				<misses>15706001</misses>
				<total>38</total>
				<timestamp>5020.894709</timestamp>
			</report>
			<report>
				<misses>15707001</misses>
				<total>38</total>
				<timestamp>5021.214250</timestamp>
			</report>
			<report>
				<misses>15708001</misses>
				<total>38</total>
				<timestamp>5021.534025</timestamp>
			</report>
			<report>
				<misses>15709001</misses>
				<total>38</total>
				<timestamp>5021.853625</timestamp>
			</report>
			<report>
				<misses>15710001</misses>
				<total>38</total>
				<timestamp>5022.173314</timestamp>
			</report>
			<report>
				<misses>15711001</misses>
				<total>38</total>
				<timestamp>5022.493013</timestamp>
			</report>
			<report>
				<misses>15712001</misses>
				<total>38</total>
				<timestamp>5022.812721</timestamp>
			</report>
			<report>
				<misses>15713001</misses>
				<total>38</total>
				<timestamp>5023.132519</timestamp>
			</report>
			<report>
				<misses>15714001</misses>
				<total>38</total>
				<timestamp>5023.452130</timestamp>
			</report>
			<report>
				<misses>15715001</misses>
				<total>38</total>
				<timestamp>5023.771686</timestamp>
			</report>
			<report>
				<misses>15716001</misses>
				<total>38</total>
				<timestamp>5024.091386</timestamp>
			</report>
			<report>
				<misses>15717001</misses>
				<total>38</total>
				<timestamp>5024.411094</timestamp>
			</report>
			<report>
				<misses>15718001</misses>
				<total>38</total>
				<timestamp>5024.730716</timestamp>
			</report>
			<report>
				<misses>15719001</misses>
				<total>37</total>
				<timestamp>5025.050515</timestamp>
			</report>
			<report>
				<misses>15720001</misses>
				<total>38</total>
				<timestamp>5025.370128</timestamp>
			</report>
			<report>
				<misses>15721001</misses>
				<total>38</total>
				<timestamp>5025.689763</timestamp>
			</report>
			<report>
				<misses>15722001</misses>
				<total>38</total>
				<timestamp>5026.009473</timestamp>
			</report>
			<report>
				<misses>15723001</misses>
				<total>38</total>
				<timestamp>5026.329187</timestamp>
			</report>
			<report>
				<misses>15724001</misses>
				<total>38</total>
				<timestamp>5026.648853</timestamp>
			</report>
			<report>
				<misses>15725001</misses>
				<total>38</total>
				<timestamp>5026.968537</timestamp>
			</report>
			<report>
				<misses>15726001</misses>
				<total>38</total>
				<timestamp>5027.288208</timestamp>
			</report>
			<report>
				<misses>15727001</misses>
				<total>38</total>
				<timestamp>5027.608007</timestamp>
			</report>
			<report>
				<misses>15728001</misses>
				<total>38</total>
				<timestamp>5027.927517</timestamp>
			</report>
			<report>
				<misses>15729001</misses>
				<total>38</total>
				<timestamp>5028.247259</timestamp>
			</report>
			<report>
				<misses>15730001</misses>
				<total>38</total>
				<timestamp>5028.566898</timestamp>
			</report>
			<report>
				<misses>15731001</misses>
				<total>38</total>
				<timestamp>5028.886597</timestamp>
			</report>
			<report>
				<misses>15732001</misses>
				<total>38</total>
				<timestamp>5029.206323</timestamp>
			</report>
			<report>
				<misses>15733001</misses>
				<total>38</total>
				<timestamp>5029.525922</timestamp>
			</report>
			<report>
				<misses>15734001</misses>
				<total>37</total>
				<timestamp>5029.845710</timestamp>
			</report>
			<report>
				<misses>15735001</misses>
				<total>38</total>
				<timestamp>5030.165278</timestamp>
			</report>
			<report>
				<misses>15736001</misses>
				<total>38</total>
				<timestamp>5030.485018</timestamp>
			</report>
			<report>
				<misses>15737001</misses>
				<total>38</total>
				<timestamp>5030.804725</timestamp>
			</report>
			<report>
				<misses>15738001</misses>
				<total>38</total>
				<timestamp>5031.124365</timestamp>
			</report>
			<report>
				<misses>15739001</misses>
				<total>38</total>
				<timestamp>5031.444083</timestamp>
			</report>
			<report>
				<misses>15740001</misses>
				<total>38</total>
				<timestamp>5031.763716</timestamp>
			</report>
			<report>
				<misses>15741001</misses>
				<total>38</total>
				<timestamp>5032.083376</timestamp>
			</report>
			<report>
				<misses>15742001</misses>
				<total>38</total>
				<timestamp>5032.403102</timestamp>
			</report>
			<report>
				<misses>15743001</misses>
				<total>38</total>
				<timestamp>5032.722865</timestamp>
			</report>
			<report>
				<misses>15744001</misses>
				<total>38</total>
				<timestamp>5033.042496</timestamp>
			</report>
			<report>
				<misses>15745001</misses>
				<total>38</total>
				<timestamp>5033.362165</timestamp>
			</report>
			<report>
				<misses>15746001</misses>
				<total>38</total>
				<timestamp>5033.681791</timestamp>
			</report>
			<report>
				<misses>15747001</misses>
				<total>38</total>
				<timestamp>5034.001517</timestamp>
			</report>
			<report>
				<misses>15748001</misses>
				<total>38</total>
				<timestamp>5034.321136</timestamp>
			</report>
			<report>
				<misses>15749001</misses>
				<total>38</total>
				<timestamp>5034.640891</timestamp>
			</report>
			<report>
				<misses>15750001</misses>
				<total>38</total>
				<timestamp>5034.960554</timestamp>
			</report>
			<report>
				<misses>15751001</misses>
				<total>38</total>
				<timestamp>5035.280293</timestamp>
			</report>
			<report>
				<misses>15752001</misses>
				<total>38</total>
				<timestamp>5035.599986</timestamp>
			</report>
			<report>
				<misses>15753001</misses>
				<total>38</total>
				<timestamp>5035.919602</timestamp>
			</report>
			<report>
				<misses>15754001</misses>
				<total>38</total>
				<timestamp>5036.239205</timestamp>
			</report>
			<report>
				<misses>15755001</misses>
				<total>38</total>
				<timestamp>5036.558948</timestamp>
			</report>
			<report>
				<misses>15756001</misses>
				<total>38</total>
				<timestamp>5036.878672</timestamp>
			</report>
			<report>
				<misses>15757001</misses>
				<total>37</total>
				<timestamp>5037.198462</timestamp>
			</report>
			<report>
				<misses>15758001</misses>
				<total>38</total>
				<timestamp>5037.517920</timestamp>
			</report>
			<report>
				<misses>15759001</misses>
				<total>38</total>
				<timestamp>5037.837696</timestamp>
			</report>
			<report>
				<misses>15760001</misses>
				<total>38</total>
				<timestamp>5038.157289</timestamp>
			</report>
			<report>
				<misses>15761001</misses>
				<total>38</total>
				<timestamp>5038.477075</timestamp>
			</report>
			<report>
				<misses>15762001</misses>
				<total>38</total>
				<timestamp>5038.796780</timestamp>
			</report>
			<report>
				<misses>15763001</misses>
				<total>38</total>
				<timestamp>5039.116367</timestamp>
			</report>
			<report>
				<misses>15764001</misses>
				<total>38</total>
				<timestamp>5039.436063</timestamp>
			</report>
			<report>
				<misses>15765001</misses>
				<total>38</total>
				<timestamp>5039.755744</timestamp>
			</report>
			<report>
				<misses>15766001</misses>
				<total>38</total>
				<timestamp>5040.075452</timestamp>
			</report>
			<report>
				<misses>15767001</misses>
				<total>38</total>
				<timestamp>5040.395148</timestamp>
			</report>
			<report>
				<misses>15768001</misses>
				<total>38</total>
				<timestamp>5040.714775</timestamp>
			</report>
			<report>
				<misses>15769001</misses>
				<total>38</total>
				<timestamp>5041.034418</timestamp>
			</report>
			<report>
				<misses>15770001</misses>
				<total>37</total>
				<timestamp>5041.354199</timestamp>
			</report>
			<report>
				<misses>15771001</misses>
				<total>37</total>
				<timestamp>5041.673855</timestamp>
			</report>
			<report>
				<misses>15772001</misses>
				<total>38</total>
				<timestamp>5041.993487</timestamp>
			</report>
			<report>
				<misses>15773001</misses>
				<total>38</total>
				<timestamp>5042.313251</timestamp>
			</report>
			<report>
				<misses>15774001</misses>
				<total>38</total>
				<timestamp>5042.632861</timestamp>
			</report>
			<report>
				<misses>15775001</misses>
				<total>38</total>
				<timestamp>5042.952608</timestamp>
			</report>
			<report>
				<misses>15776001</misses>
				<total>38</total>
				<timestamp>5043.272313</timestamp>
			</report>
			<report>
				<misses>15777001</misses>
				<total>38</total>
				<timestamp>5043.591973</timestamp>
			</report>
			<report>
				<misses>15778001</misses>
				<total>38</total>
				<timestamp>5043.911520</timestamp>
			</report>
			<report>
				<misses>15779001</misses>
				<total>38</total>
				<timestamp>5044.231225</timestamp>
			</report>
			<report>
				<misses>15780001</misses>
				<total>38</total>
				<timestamp>5044.550982</timestamp>
			</report>
			<report>
				<misses>15781001</misses>
				<total>38</total>
				<timestamp>5044.870633</timestamp>
			</report>
			<report>
				<misses>15782001</misses>
				<total>38</total>
				<timestamp>5045.190348</timestamp>
			</report>
			<report>
				<misses>15783001</misses>
				<total>38</total>
				<timestamp>5045.510055</timestamp>
			</report>
			<report>
				<misses>15784001</misses>
				<total>38</total>
				<timestamp>5045.829717</timestamp>
			</report>
			<report>
				<misses>15785001</misses>
				<total>38</total>
				<timestamp>5046.149478</timestamp>
			</report>
			<report>
				<misses>15786001</misses>
				<total>38</total>
				<timestamp>5046.469103</timestamp>
			</report>
			<report>
				<misses>15787001</misses>
				<total>38</total>
				<timestamp>5046.788727</timestamp>
			</report>
			<report>
				<misses>15788001</misses>
				<total>37</total>
				<timestamp>5047.108433</timestamp>
			</report>
			<report>
				<misses>15789001</misses>
				<total>38</total>
				<timestamp>5047.428067</timestamp>
			</report>
			<report>
				<misses>15790001</misses>
				<total>38</total>
				<timestamp>5047.747760</timestamp>
			</report>
			<report>
				<misses>15791001</misses>
				<total>38</total>
				<timestamp>5048.067439</timestamp>
			</report>
			<report>
				<misses>15792001</misses>
				<total>38</total>
				<timestamp>5048.387151</timestamp>
			</report>
			<report>
				<misses>15793001</misses>
				<total>37</total>
				<timestamp>5048.706889</timestamp>
			</report>
			<report>
				<misses>15794001</misses>
				<total>38</total>
				<timestamp>5049.026477</timestamp>
			</report>
			<report>
				<misses>15795001</misses>
				<total>38</total>
				<timestamp>5049.346149</timestamp>
			</report>
			<report>
				<misses>15796001</misses>
				<total>38</total>
				<timestamp>5049.665805</timestamp>
			</report>
			<report>
				<misses>15797001</misses>
				<total>38</total>
				<timestamp>5049.985524</timestamp>
			</report>
			<report>
				<misses>15798001</misses>
				<total>38</total>
				<timestamp>5050.305147</timestamp>
			</report>
			<report>
				<misses>15799001</misses>
				<total>38</total>
				<timestamp>5050.624828</timestamp>
			</report>
			<report>
				<misses>15800001</misses>
				<total>38</total>
				<timestamp>5050.944639</timestamp>
			</report>
			<report>
				<misses>15801001</misses>
				<total>38</total>
				<timestamp>5051.264324</timestamp>
			</report>
			<report>
				<misses>15802001</misses>
				<total>38</total>
				<timestamp>5051.583926</timestamp>
			</report>
			<report>
				<misses>15803001</misses>
				<total>38</total>
				<timestamp>5051.903581</timestamp>
			</report>
			<report>
				<misses>15804001</misses>
				<total>38</total>
				<timestamp>5052.223280</timestamp>
			</report>
			<report>
				<misses>15805001</misses>
				<total>38</total>
				<timestamp>5052.543047</timestamp>
			</report>
			<report>
				<misses>15806001</misses>
				<total>38</total>
				<timestamp>5052.862601</timestamp>
			</report>
			<report>
				<misses>15807001</misses>
				<total>38</total>
				<timestamp>5053.182273</timestamp>
			</report>
			<report>
				<misses>15808001</misses>
				<total>38</total>
				<timestamp>5053.502009</timestamp>
			</report>
			<report>
				<misses>15809001</misses>
				<total>38</total>
				<timestamp>5053.821742</timestamp>
			</report>
			<report>
				<misses>15810001</misses>
				<total>38</total>
				<timestamp>5054.141311</timestamp>
			</report>
			<report>
				<misses>15811001</misses>
				<total>38</total>
				<timestamp>5054.460993</timestamp>
			</report>
			<report>
				<misses>15812001</misses>
				<total>38</total>
				<timestamp>5054.780774</timestamp>
			</report>
			<report>
				<misses>15813001</misses>
				<total>38</total>
				<timestamp>5055.100358</timestamp>
			</report>
			<report>
				<misses>15814001</misses>
				<total>38</total>
				<timestamp>5055.420079</timestamp>
			</report>
			<report>
				<misses>15815001</misses>
				<total>38</total>
				<timestamp>5055.739876</timestamp>
			</report>
			<report>
				<misses>15816001</misses>
				<total>38</total>
				<timestamp>5056.059465</timestamp>
			</report>
			<report>
				<misses>15817001</misses>
				<total>38</total>
				<timestamp>5056.379065</timestamp>
			</report>
			<report>
				<misses>15818001</misses>
				<total>38</total>
				<timestamp>5056.698796</timestamp>
			</report>
			<report>
				<misses>15819001</misses>
				<total>38</total>
				<timestamp>5057.018534</timestamp>
			</report>
			<report>
				<misses>15820001</misses>
				<total>38</total>
				<timestamp>5057.338118</timestamp>
			</report>
			<report>
				<misses>15821001</misses>
				<total>38</total>
				<timestamp>5057.657924</timestamp>
			</report>
			<report>
				<misses>15822001</misses>
				<total>38</total>
				<timestamp>5057.977488</timestamp>
			</report>
			<report>
				<misses>15823001</misses>
				<total>38</total>
				<timestamp>5058.297156</timestamp>
			</report>
			<report>
				<misses>15824001</misses>
				<total>38</total>
				<timestamp>5058.616917</timestamp>
			</report>
			<report>
				<misses>15825001</misses>
				<total>37</total>
				<timestamp>5058.936598</timestamp>
			</report>
			<report>
				<misses>15826001</misses>
				<total>38</total>
				<timestamp>5059.256199</timestamp>
			</report>
			<report>
				<misses>15827001</misses>
				<total>38</total>
				<timestamp>5059.575941</timestamp>
			</report>
			<report>
				<misses>15828001</misses>
				<total>38</total>
				<timestamp>5059.895620</timestamp>
			</report>
			<report>
				<misses>15829001</misses>
				<total>38</total>
				<timestamp>5060.215229</timestamp>
			</report>
			<report>
				<misses>15830001</misses>
				<total>38</total>
				<timestamp>5060.534955</timestamp>
			</report>
			<report>
				<misses>15831001</misses>
				<total>38</total>
				<timestamp>5060.854570</timestamp>
			</report>
			<report>
				<misses>15832001</misses>
				<total>38</total>
				<timestamp>5061.174301</timestamp>
			</report>
			<report>
				<misses>15833001</misses>
				<total>38</total>
				<timestamp>5061.494002</timestamp>
			</report>
			<report>
				<misses>15834001</misses>
				<total>38</total>
				<timestamp>5061.813656</timestamp>
			</report>
			<report>
				<misses>15835001</misses>
				<total>38</total>
				<timestamp>5062.133300</timestamp>
			</report>
			<report>
				<misses>15836001</misses>
				<total>38</total>
				<timestamp>5062.453082</timestamp>
			</report>
			<report>
				<misses>15837001</misses>
				<total>38</total>
				<timestamp>5062.772796</timestamp>
			</report>
			<report>
				<misses>15838001</misses>
				<total>38</total>
				<timestamp>5063.092422</timestamp>
			</report>
			<report>
				<misses>15839001</misses>
				<total>38</total>
				<timestamp>5063.412062</timestamp>
			</report>
			<report>
				<misses>15840001</misses>
				<total>38</total>
				<timestamp>5063.731678</timestamp>
			</report>
			<report>
				<misses>15841001</misses>
				<total>38</total>
				<timestamp>5064.051362</timestamp>
			</report>
			<report>
				<misses>15842001</misses>
				<total>38</total>
				<timestamp>5064.371042</timestamp>
			</report>
			<report>
				<misses>15843001</misses>
				<total>38</total>
				<timestamp>5064.690733</timestamp>
			</report>
			<report>
				<misses>15844001</misses>
				<total>38</total>
				<timestamp>5065.010400</timestamp>
			</report>
			<report>
				<misses>15845001</misses>
				<total>38</total>
				<timestamp>5065.330138</timestamp>
			</report>
			<report>
				<misses>15846001</misses>
				<total>38</total>
				<timestamp>5065.649809</timestamp>
			</report>
			<report>
				<misses>15847001</misses>
				<total>38</total>
				<timestamp>5065.969539</timestamp>
			</report>
			<report>
				<misses>15848001</misses>
				<total>38</total>
				<timestamp>5066.289160</timestamp>
			</report>
			<report>
				<misses>15849001</misses>
				<total>38</total>
				<timestamp>5066.608911</timestamp>
			</report>
			<report>
				<misses>15850001</misses>
				<total>37</total>
				<timestamp>5066.928629</timestamp>
			</report>
			<report>
				<misses>15851001</misses>
				<total>38</total>
				<timestamp>5067.248184</timestamp>
			</report>
			<report>
				<misses>15852001</misses>
				<total>38</total>
				<timestamp>5067.567900</timestamp>
			</report>
			<report>
				<misses>15853001</misses>
				<total>37</total>
				<timestamp>5067.887673</timestamp>
			</report>
			<report>
				<misses>15854001</misses>
				<total>38</total>
				<timestamp>5068.207238</timestamp>
			</report>
			<report>
				<misses>15855001</misses>
				<total>38</total>
				<timestamp>5068.526958</timestamp>
			</report>
			<report>
				<misses>15856001</misses>
				<total>38</total>
				<timestamp>5068.846568</timestamp>
			</report>
			<report>
				<misses>15857001</misses>
				<total>38</total>
				<timestamp>5069.166251</timestamp>
			</report>
			<report>
				<misses>15858001</misses>
				<total>38</total>
				<timestamp>5069.486011</timestamp>
			</report>
			<report>
				<misses>15859001</misses>
				<total>38</total>
				<timestamp>5069.805651</timestamp>
			</report>
			<report>
				<misses>15860001</misses>
				<total>38</total>
				<timestamp>5070.125281</timestamp>
			</report>
			<report>
				<misses>15861001</misses>
				<total>38</total>
				<timestamp>5070.445064</timestamp>
			</report>
			<report>
				<misses>15862001</misses>
				<total>38</total>
				<timestamp>5070.764652</timestamp>
			</report>
			<report>
				<misses>15863001</misses>
				<total>38</total>
				<timestamp>5071.084350</timestamp>
			</report>
			<report>
				<misses>15864001</misses>
				<total>37</total>
				<timestamp>5071.404158</timestamp>
			</report>
			<report>
				<misses>15865001</misses>
				<total>38</total>
				<timestamp>5071.723702</timestamp>
			</report>
			<report>
				<misses>15866001</misses>
				<total>38</total>
				<timestamp>5072.043383</timestamp>
			</report>
			<report>
				<misses>15867001</misses>
				<total>37</total>
				<timestamp>5072.363191</timestamp>
			</report>
			<report>
				<misses>15868001</misses>
				<total>38</total>
				<timestamp>5072.682752</timestamp>
			</report>
			<report>
				<misses>15869001</misses>
				<total>38</total>
				<timestamp>5073.002432</timestamp>
			</report>
			<report>
				<misses>15870001</misses>
				<total>38</total>
				<timestamp>5073.322136</timestamp>
			</report>
			<report>
				<misses>15871001</misses>
				<total>38</total>
				<timestamp>5073.641796</timestamp>
			</report>
			<report>
				<misses>15872001</misses>
				<total>38</total>
				<timestamp>5073.961476</timestamp>
			</report>
			<report>
				<misses>15873001</misses>
				<total>38</total>
				<timestamp>5074.281116</timestamp>
			</report>
			<report>
				<misses>15874001</misses>
				<total>38</total>
				<timestamp>5074.600799</timestamp>
			</report>
			<report>
				<misses>15875001</misses>
				<total>38</total>
				<timestamp>5074.920541</timestamp>
			</report>
			<report>
				<misses>15876001</misses>
				<total>37</total>
				<timestamp>5075.240265</timestamp>
			</report>
			<report>
				<misses>15877001</misses>
				<total>38</total>
				<timestamp>5075.559928</timestamp>
			</report>
			<report>
				<misses>15878001</misses>
				<total>37</total>
				<timestamp>5075.879638</timestamp>
			</report>
			<report>
				<misses>15879001</misses>
				<total>38</total>
				<timestamp>5076.199220</timestamp>
			</report>
			<report>
				<misses>15880001</misses>
				<total>38</total>
				<timestamp>5076.518929</timestamp>
			</report>
			<report>
				<misses>15881001</misses>
				<total>37</total>
				<timestamp>5076.838670</timestamp>
			</report>
			<report>
				<misses>15882001</misses>
				<total>38</total>
				<timestamp>5077.158267</timestamp>
			</report>
			<report>
				<misses>15883001</misses>
				<total>38</total>
				<timestamp>5077.477947</timestamp>
			</report>
			<report>
				<misses>15884001</misses>
				<total>38</total>
				<timestamp>5077.797681</timestamp>
			</report>
			<report>
				<misses>15885001</misses>
				<total>38</total>
				<timestamp>5078.117284</timestamp>
			</report>
			<report>
				<misses>15886001</misses>
				<total>38</total>
				<timestamp>5078.437093</timestamp>
			</report>
			<report>
				<misses>15887001</misses>
				<total>38</total>
				<timestamp>5078.756782</timestamp>
			</report>
			<report>
				<misses>15888001</misses>
				<total>38</total>
				<timestamp>5079.076378</timestamp>
			</report>
			<report>
				<misses>15889001</misses>
				<total>38</total>
				<timestamp>5079.396094</timestamp>
			</report>
			<report>
				<misses>15890001</misses>
				<total>38</total>
				<timestamp>5079.715746</timestamp>
			</report>
			<report>
				<misses>15891001</misses>
				<total>38</total>
				<timestamp>5080.035457</timestamp>
			</report>
			<report>
				<misses>15892001</misses>
				<total>38</total>
				<timestamp>5080.355112</timestamp>
			</report>
			<report>
				<misses>15893001</misses>
				<total>38</total>
				<timestamp>5080.674773</timestamp>
			</report>
			<report>
				<misses>15894001</misses>
				<total>38</total>
				<timestamp>5080.994502</timestamp>
			</report>
			<report>
				<misses>15895001</misses>
				<total>38</total>
				<timestamp>5081.314099</timestamp>
			</report>
			<report>
				<misses>15896001</misses>
				<total>38</total>
				<timestamp>5081.633832</timestamp>
			</report>
			<report>
				<misses>15897001</misses>
				<total>37</total>
				<timestamp>5081.953546</timestamp>
			</report>
			<report>
				<misses>15898001</misses>
				<total>38</total>
				<timestamp>5082.273175</timestamp>
			</report>
			<report>
				<misses>15899001</misses>
				<total>38</total>
				<timestamp>5082.592820</timestamp>
			</report>
			<report>
				<misses>15900001</misses>
				<total>38</total>
				<timestamp>5082.912545</timestamp>
			</report>
			<report>
				<misses>15901001</misses>
				<total>38</total>
				<timestamp>5083.232224</timestamp>
			</report>
			<report>
				<misses>15902001</misses>
				<total>38</total>
				<timestamp>5083.551893</timestamp>
			</report>
			<report>
				<misses>15903001</misses>
				<total>38</total>
				<timestamp>5083.871585</timestamp>
			</report>
			<report>
				<misses>15904001</misses>
				<total>38</total>
				<timestamp>5084.191240</timestamp>
			</report>
			<report>
				<misses>15905001</misses>
				<total>38</total>
				<timestamp>5084.510994</timestamp>
			</report>
			<report>
				<misses>15906001</misses>
				<total>38</total>
				<timestamp>5084.830768</timestamp>
			</report>
			<report>
				<misses>15907001</misses>
				<total>38</total>
				<timestamp>5085.150458</timestamp>
			</report>
			<report>
				<misses>15908001</misses>
				<total>38</total>
				<timestamp>5085.469940</timestamp>
			</report>
			<report>
				<misses>15909001</misses>
				<total>38</total>
				<timestamp>5085.789694</timestamp>
			</report>
			<report>
				<misses>15910001</misses>
				<total>37</total>
				<timestamp>5086.109411</timestamp>
			</report>
			<report>
				<misses>15911001</misses>
				<total>38</total>
				<timestamp>5086.429075</timestamp>
			</report>
			<report>
				<misses>15912001</misses>
				<total>38</total>
				<timestamp>5086.748763</timestamp>
			</report>
			<report>
				<misses>15913001</misses>
				<total>38</total>
				<timestamp>5087.068405</timestamp>
			</report>
			<report>
				<misses>15914001</misses>
				<total>38</total>
				<timestamp>5087.388136</timestamp>
			</report>
			<report>
				<misses>15915001</misses>
				<total>38</total>
				<timestamp>5087.707791</timestamp>
			</report>
			<report>
				<misses>15916001</misses>
				<total>38</total>
				<timestamp>5088.027411</timestamp>
			</report>
			<report>
				<misses>15917001</misses>
				<total>38</total>
				<timestamp>5088.347152</timestamp>
			</report>
			<report>
				<misses>15918001</misses>
				<total>38</total>
				<timestamp>5088.666745</timestamp>
			</report>
			<report>
				<misses>15919001</misses>
				<total>38</total>
				<timestamp>5088.986474</timestamp>
			</report>
			<report>
				<misses>15920001</misses>
				<total>38</total>
				<timestamp>5089.306150</timestamp>
			</report>
			<report>
				<misses>15921001</misses>
				<total>38</total>
				<timestamp>5089.625949</timestamp>
			</report>
			<report>
				<misses>15922001</misses>
				<total>38</total>
				<timestamp>5089.945589</timestamp>
			</report>
			<report>
				<misses>15923001</misses>
				<total>38</total>
				<timestamp>5090.265191</timestamp>
			</report>
			<report>
				<misses>15924001</misses>
				<total>38</total>
				<timestamp>5090.584941</timestamp>
			</report>
			<report>
				<misses>15925001</misses>
				<total>38</total>
				<timestamp>5090.904589</timestamp>
			</report>
			<report>
				<misses>15926001</misses>
				<total>38</total>
				<timestamp>5091.224166</timestamp>
			</report>
			<report>
				<misses>15927001</misses>
				<total>38</total>
				<timestamp>5091.543994</timestamp>
			</report>
			<report>
				<misses>15928001</misses>
				<total>38</total>
				<timestamp>5091.863584</timestamp>
			</report>
			<report>
				<misses>15929001</misses>
				<total>38</total>
				<timestamp>5092.183307</timestamp>
			</report>
			<report>
				<misses>15930001</misses>
				<total>38</total>
				<timestamp>5092.503024</timestamp>
			</report>
			<report>
				<misses>15931001</misses>
				<total>38</total>
				<timestamp>5092.822632</timestamp>
			</report>
			<report>
				<misses>15932001</misses>
				<total>38</total>
				<timestamp>5093.142315</timestamp>
			</report>
			<report>
				<misses>15933001</misses>
				<total>38</total>
				<timestamp>5093.461987</timestamp>
			</report>
			<report>
				<misses>15934001</misses>
				<total>38</total>
				<timestamp>5093.781727</timestamp>
			</report>
			<report>
				<misses>15935001</misses>
				<total>38</total>
				<timestamp>5094.101300</timestamp>
			</report>
			<report>
				<misses>15936001</misses>
				<total>38</total>
				<timestamp>5094.421119</timestamp>
			</report>
			<report>
				<misses>15937001</misses>
				<total>38</total>
				<timestamp>5094.740666</timestamp>
			</report>
			<report>
				<misses>15938001</misses>
				<total>38</total>
				<timestamp>5095.060321</timestamp>
			</report>
			<report>
				<misses>15939001</misses>
				<total>38</total>
				<timestamp>5095.380120</timestamp>
			</report>
			<report>
				<misses>15940001</misses>
				<total>38</total>
				<timestamp>5095.699822</timestamp>
			</report>
			<report>
				<misses>15941001</misses>
				<total>38</total>
				<timestamp>5096.019377</timestamp>
			</report>
			<report>
				<misses>15942001</misses>
				<total>38</total>
				<timestamp>5096.339040</timestamp>
			</report>
			<report>
				<misses>15943001</misses>
				<total>38</total>
				<timestamp>5096.658843</timestamp>
			</report>
			<report>
				<misses>15944001</misses>
				<total>38</total>
				<timestamp>5096.978440</timestamp>
			</report>
			<report>
				<misses>15945001</misses>
				<total>38</total>
				<timestamp>5097.298229</timestamp>
			</report>
			<report>
				<misses>15946001</misses>
				<total>38</total>
				<timestamp>5097.617857</timestamp>
			</report>
			<report>
				<misses>15947001</misses>
				<total>38</total>
				<timestamp>5097.937478</timestamp>
			</report>
			<report>
				<misses>15948001</misses>
				<total>38</total>
				<timestamp>5098.257270</timestamp>
			</report>
			<report>
				<misses>15949001</misses>
				<total>38</total>
				<timestamp>5098.576933</timestamp>
			</report>
			<report>
				<misses>15950001</misses>
				<total>37</total>
				<timestamp>5098.896598</timestamp>
			</report>
			<report>
				<misses>15951001</misses>
				<total>38</total>
				<timestamp>5099.216334</timestamp>
			</report>
			<report>
				<misses>15952001</misses>
				<total>38</total>
				<timestamp>5099.535882</timestamp>
			</report>
			<report>
				<misses>15953001</misses>
				<total>38</total>
				<timestamp>5099.855678</timestamp>
			</report>
			<report>
				<misses>15954001</misses>
				<total>38</total>
				<timestamp>5100.175243</timestamp>
			</report>
			<report>
				<misses>15955001</misses>
				<total>38</total>
				<timestamp>5100.494935</timestamp>
			</report>
			<report>
				<misses>15956001</misses>
				<total>38</total>
				<timestamp>5100.814628</timestamp>
			</report>
			<report>
				<misses>15957001</misses>
				<total>38</total>
				<timestamp>5101.134281</timestamp>
			</report>
			<report>
				<misses>15958001</misses>
				<total>38</total>
				<timestamp>5101.453997</timestamp>
			</report>
			<report>
				<misses>15959001</misses>
				<total>38</total>
				<timestamp>5101.773802</timestamp>
			</report>
			<report>
				<misses>15960001</misses>
				<total>38</total>
				<timestamp>5102.093455</timestamp>
			</report>
			<report>
				<misses>15961001</misses>
				<total>38</total>
				<timestamp>5102.413038</timestamp>
			</report>
			<report>
				<misses>15962001</misses>
				<total>38</total>
				<timestamp>5102.732781</timestamp>
			</report>
			<report>
				<misses>15963001</misses>
				<total>38</total>
				<timestamp>5103.052354</timestamp>
			</report>
			<report>
				<misses>15964001</misses>
				<total>38</total>
				<timestamp>5103.372086</timestamp>
			</report>
			<report>
				<misses>15965001</misses>
				<total>38</total>
				<timestamp>5103.691771</timestamp>
			</report>
			<report>
				<misses>15966001</misses>
				<total>38</total>
				<timestamp>5104.011516</timestamp>
			</report>
			<report>
				<misses>15967001</misses>
				<total>38</total>
				<timestamp>5104.331154</timestamp>
			</report>
			<report>
				<misses>15968001</misses>
				<total>38</total>
				<timestamp>5104.650751</timestamp>
			</report>
			<report>
				<misses>15969001</misses>
				<total>38</total>
				<timestamp>5104.970435</timestamp>
			</report>
			<report>
				<misses>15970001</misses>
				<total>37</total>
				<timestamp>5105.290328</timestamp>
			</report>
			<report>
				<misses>15971001</misses>
				<total>38</total>
				<timestamp>5105.609889</timestamp>
			</report>
			<report>
				<misses>15972001</misses>
				<total>38</total>
				<timestamp>5105.929584</timestamp>
			</report>
			<report>
				<misses>15973001</misses>
				<total>38</total>
				<timestamp>5106.249167</timestamp>
			</report>
			<report>
				<misses>15974001</misses>
				<total>38</total>
				<timestamp>5106.568874</timestamp>
			</report>
			<report>
				<misses>15975001</misses>
				<total>38</total>
				<timestamp>5106.888635</timestamp>
			</report>
			<report>
				<misses>15976001</misses>
				<total>38</total>
				<timestamp>5107.208291</timestamp>
			</report>
			<report>
				<misses>15977001</misses>
				<total>38</total>
				<timestamp>5107.527884</timestamp>
			</report>
			<report>
				<misses>15978001</misses>
				<total>38</total>
				<timestamp>5107.847656</timestamp>
			</report>
			<report>
				<misses>15979001</misses>
				<total>38</total>
				<timestamp>5108.167332</timestamp>
			</report>
			<report>
				<misses>15980001</misses>
				<total>38</total>
				<timestamp>5108.487014</timestamp>
			</report>
			<report>
				<misses>15981001</misses>
				<total>38</total>
				<timestamp>5108.806608</timestamp>
			</report>
			<report>
				<misses>15982001</misses>
				<total>38</total>
				<timestamp>5109.126333</timestamp>
			</report>
			<report>
				<misses>15983001</misses>
				<total>38</total>
				<timestamp>5109.446067</timestamp>
			</report>
			<report>
				<misses>15984001</misses>
				<total>38</total>
				<timestamp>5109.765701</timestamp>
			</report>
			<report>
				<misses>15985001</misses>
				<total>38</total>
				<timestamp>5110.085421</timestamp>
			</report>
			<report>
				<misses>15986001</misses>
				<total>38</total>
				<timestamp>5110.405009</timestamp>
			</report>
			<report>
				<misses>15987001</misses>
				<total>38</total>
				<timestamp>5110.724761</timestamp>
			</report>
			<report>
				<misses>15988001</misses>
				<total>38</total>
				<timestamp>5111.044453</timestamp>
			</report>
			<report>
				<misses>15989001</misses>
				<total>38</total>
				<timestamp>5111.364031</timestamp>
			</report>
			<report>
				<misses>15990001</misses>
				<total>38</total>
				<timestamp>5111.683822</timestamp>
			</report>
			<report>
				<misses>15991001</misses>
				<total>38</total>
				<timestamp>5112.003453</timestamp>
			</report>
			<report>
				<misses>15992001</misses>
				<total>38</total>
				<timestamp>5112.323139</timestamp>
			</report>
			<report>
				<misses>15993001</misses>
				<total>38</total>
				<timestamp>5112.642912</timestamp>
			</report>
			<report>
				<misses>15994001</misses>
				<total>38</total>
				<timestamp>5112.962561</timestamp>
			</report>
			<report>
				<misses>15995001</misses>
				<total>38</total>
				<timestamp>5113.282105</timestamp>
			</report>
			<report>
				<misses>15996001</misses>
				<total>38</total>
				<timestamp>5113.601896</timestamp>
			</report>
			<report>
				<misses>15997001</misses>
				<total>38</total>
				<timestamp>5113.921644</timestamp>
			</report>
			<report>
				<misses>15998001</misses>
				<total>38</total>
				<timestamp>5114.241170</timestamp>
			</report>
			<report>
				<misses>15999001</misses>
				<total>38</total>
				<timestamp>5114.560925</timestamp>
			</report>
			<report>
				<misses>16000001</misses>
				<total>38</total>
				<timestamp>5114.880653</timestamp>
			</report>
			<report>
				<misses>16001001</misses>
				<total>38</total>
				<timestamp>5115.200194</timestamp>
			</report>
			<report>
				<misses>16002001</misses>
				<total>37</total>
				<timestamp>5115.519980</timestamp>
			</report>
			<report>
				<misses>16003001</misses>
				<total>38</total>
				<timestamp>5115.839551</timestamp>
			</report>
			<report>
				<misses>16004001</misses>
				<total>38</total>
				<timestamp>5116.159306</timestamp>
			</report>
			<report>
				<misses>16005001</misses>
				<total>37</total>
				<timestamp>5116.479062</timestamp>
			</report>
			<report>
				<misses>16006001</misses>
				<total>38</total>
				<timestamp>5116.798652</timestamp>
			</report>
			<report>
				<misses>16007001</misses>
				<total>38</total>
				<timestamp>5117.118243</timestamp>
			</report>
			<report>
				<misses>16008001</misses>
				<total>38</total>
				<timestamp>5117.438063</timestamp>
			</report>
			<report>
				<misses>16009001</misses>
				<total>38</total>
				<timestamp>5117.757640</timestamp>
			</report>
			<report>
				<misses>16010001</misses>
				<total>38</total>
				<timestamp>5118.077304</timestamp>
			</report>
			<report>
				<misses>16011001</misses>
				<total>38</total>
				<timestamp>5118.397036</timestamp>
			</report>
			<report>
				<misses>16012001</misses>
				<total>38</total>
				<timestamp>5118.716732</timestamp>
			</report>
			<report>
				<misses>16013001</misses>
				<total>38</total>
				<timestamp>5119.036386</timestamp>
			</report>
			<report>
				<misses>16014001</misses>
				<total>38</total>
				<timestamp>5119.356040</timestamp>
			</report>
			<report>
				<misses>16015001</misses>
				<total>38</total>
				<timestamp>5119.675774</timestamp>
			</report>
			<report>
				<misses>16016001</misses>
				<total>38</total>
				<timestamp>5119.995426</timestamp>
			</report>
			<report>
				<misses>16017001</misses>
				<total>38</total>
				<timestamp>5120.315111</timestamp>
			</report>
			<report>
				<misses>16018001</misses>
				<total>38</total>
				<timestamp>5120.634734</timestamp>
			</report>
			<report>
				<misses>16019001</misses>
				<total>38</total>
				<timestamp>5120.954464</timestamp>
			</report>
			<report>
				<misses>16020001</misses>
				<total>38</total>
				<timestamp>5121.274181</timestamp>
			</report>
			<report>
				<misses>16021001</misses>
				<total>38</total>
				<timestamp>5121.593850</timestamp>
			</report>
			<report>
				<misses>16022001</misses>
				<total>37</total>
				<timestamp>5121.913560</timestamp>
			</report>
			<report>
				<misses>16023001</misses>
				<total>38</total>
				<timestamp>5122.233244</timestamp>
			</report>
			<report>
				<misses>16024001</misses>
				<total>38</total>
				<timestamp>5122.552944</timestamp>
			</report>
			<report>
				<misses>16025001</misses>
				<total>38</total>
				<timestamp>5122.872630</timestamp>
			</report>
			<report>
				<misses>16026001</misses>
				<total>38</total>
				<timestamp>5123.192209</timestamp>
			</report>
			<report>
				<misses>16027001</misses>
				<total>38</total>
				<timestamp>5123.511932</timestamp>
			</report>
			<report>
				<misses>16028001</misses>
				<total>38</total>
				<timestamp>5123.831542</timestamp>
			</report>
			<report>
				<misses>16029001</misses>
				<total>38</total>
				<timestamp>5124.151287</timestamp>
			</report>
			<report>
				<misses>16030001</misses>
				<total>38</total>
				<timestamp>5124.470899</timestamp>
			</report>
			<report>
				<misses>16031001</misses>
				<total>38</total>
				<timestamp>5124.790621</timestamp>
			</report>
			<report>
				<misses>16032001</misses>
				<total>38</total>
				<timestamp>5125.110320</timestamp>
			</report>
			<report>
				<misses>16033001</misses>
				<total>38</total>
				<timestamp>5125.429982</timestamp>
			</report>
			<report>
				<misses>16034001</misses>
				<total>38</total>
				<timestamp>5125.749655</timestamp>
			</report>
			<report>
				<misses>16035001</misses>
				<total>38</total>
				<timestamp>5126.069386</timestamp>
			</report>
			<report>
				<misses>16036001</misses>
				<total>38</total>
				<timestamp>5126.389105</timestamp>
			</report>
			<report>
				<misses>16037001</misses>
				<total>38</total>
				<timestamp>5126.708719</timestamp>
			</report>
			<report>
				<misses>16038001</misses>
				<total>38</total>
				<timestamp>5127.028322</timestamp>
			</report>
			<report>
				<misses>16039001</misses>
				<total>38</total>
				<timestamp>5127.348146</timestamp>
			</report>
			<report>
				<misses>16040001</misses>
				<total>38</total>
				<timestamp>5127.667688</timestamp>
			</report>
			<report>
				<misses>16041001</misses>
				<total>38</total>
				<timestamp>5127.987424</timestamp>
			</report>
			<report>
				<misses>16042001</misses>
				<total>38</total>
				<timestamp>5128.307152</timestamp>
			</report>
			<report>
				<misses>16043001</misses>
				<total>38</total>
				<timestamp>5128.626739</timestamp>
			</report>
			<report>
				<misses>16044001</misses>
				<total>38</total>
				<timestamp>5128.946440</timestamp>
			</report>
			<report>
				<misses>16045001</misses>
				<total>37</total>
				<timestamp>5129.266350</timestamp>
			</report>
			<report>
				<misses>16046001</misses>
				<total>38</total>
				<timestamp>5129.585798</timestamp>
			</report>
			<report>
				<misses>16047001</misses>
				<total>38</total>
				<timestamp>5129.905480</timestamp>
			</report>
			<report>
				<misses>16048001</misses>
				<total>38</total>
				<timestamp>5130.225226</timestamp>
			</report>
			<report>
				<misses>16049001</misses>
				<total>38</total>
				<timestamp>5130.544863</timestamp>
			</report>
			<report>
				<misses>16050001</misses>
				<total>38</total>
				<timestamp>5130.864594</timestamp>
			</report>
			<report>
				<misses>16051001</misses>
				<total>37</total>
				<timestamp>5131.184356</timestamp>
			</report>
			<report>
				<misses>16052001</misses>
				<total>38</total>
				<timestamp>5131.503916</timestamp>
			</report>
			<report>
				<misses>16053001</misses>
				<total>38</total>
				<timestamp>5131.823715</timestamp>
			</report>
			<report>
				<misses>16054001</misses>
				<total>38</total>
				<timestamp>5132.143293</timestamp>
			</report>
			<report>
				<misses>16055001</misses>
				<total>38</total>
				<timestamp>5132.462954</timestamp>
			</report>
			<report>
				<misses>16056001</misses>
				<total>38</total>
				<timestamp>5132.782642</timestamp>
			</report>
			<report>
				<misses>16057001</misses>
				<total>38</total>
				<timestamp>5133.102403</timestamp>
			</report>
			<report>
				<misses>16058001</misses>
				<total>38</total>
				<timestamp>5133.421960</timestamp>
			</report>
			<report>
				<misses>16059001</misses>
				<total>38</total>
				<timestamp>5133.741626</timestamp>
			</report>
			<report>
				<misses>16060001</misses>
				<total>38</total>
				<timestamp>5134.061473</timestamp>
			</report>
			<report>
				<misses>16061001</misses>
				<total>38</total>
				<timestamp>5134.380998</timestamp>
			</report>
			<report>
				<misses>16062001</misses>
				<total>38</total>
				<timestamp>5134.700718</timestamp>
			</report>
			<report>
				<misses>16063001</misses>
				<total>38</total>
				<timestamp>5135.020491</timestamp>
			</report>
			<report>
				<misses>16064001</misses>
				<total>38</total>
				<timestamp>5135.340100</timestamp>
			</report>
			<report>
				<misses>16065001</misses>
				<total>38</total>
				<timestamp>5135.659700</timestamp>
			</report>
			<report>
				<misses>16066001</misses>
				<total>37</total>
				<timestamp>5135.979543</timestamp>
			</report>
			<report>
				<misses>16067001</misses>
				<total>38</total>
				<timestamp>5136.299148</timestamp>
			</report>
			<report>
				<misses>16068001</misses>
				<total>38</total>
				<timestamp>5136.618848</timestamp>
			</report>
			<report>
				<misses>16069001</misses>
				<total>38</total>
				<timestamp>5136.938516</timestamp>
			</report>
			<report>
				<misses>16070001</misses>
				<total>38</total>
				<timestamp>5137.258092</timestamp>
			</report>
			<report>
				<misses>16071001</misses>
				<total>37</total>
				<timestamp>5137.577918</timestamp>
			</report>
			<report>
				<misses>16072001</misses>
				<total>38</total>
				<timestamp>5137.897508</timestamp>
			</report>
			<report>
				<misses>16073001</misses>
				<total>38</total>
				<timestamp>5138.217223</timestamp>
			</report>
			<report>
				<misses>16074001</misses>
				<total>38</total>
				<timestamp>5138.536844</timestamp>
			</report>
			<report>
				<misses>16075001</misses>
				<total>38</total>
				<timestamp>5138.856587</timestamp>
			</report>
			<report>
				<misses>16076001</misses>
				<total>37</total>
				<timestamp>5139.176294</timestamp>
			</report>
			<report>
				<misses>16077001</misses>
				<total>38</total>
				<timestamp>5139.495898</timestamp>
			</report>
			<report>
				<misses>16078001</misses>
				<total>38</total>
				<timestamp>5139.815708</timestamp>
			</report>
			<report>
				<misses>16079001</misses>
				<total>38</total>
				<timestamp>5140.135279</timestamp>
			</report>
			<report>
				<misses>16080001</misses>
				<total>38</total>
				<timestamp>5140.455075</timestamp>
			</report>
			<report>
				<misses>16081001</misses>
				<total>38</total>
				<timestamp>5140.774739</timestamp>
			</report>
			<report>
				<misses>16082001</misses>
				<total>38</total>
				<timestamp>5141.094256</timestamp>
			</report>
			<report>
				<misses>16083001</misses>
				<total>38</total>
				<timestamp>5141.413951</timestamp>
			</report>
			<report>
				<misses>16084001</misses>
				<total>38</total>
				<timestamp>5141.733608</timestamp>
			</report>
			<report>
				<misses>16085001</misses>
				<total>37</total>
				<timestamp>5142.053407</timestamp>
			</report>
			<report>
				<misses>16086001</misses>
				<total>38</total>
				<timestamp>5142.373009</timestamp>
			</report>
			<report>
				<misses>16087001</misses>
				<total>38</total>
				<timestamp>5142.692786</timestamp>
			</report>
			<report>
				<misses>16088001</misses>
				<total>38</total>
				<timestamp>5143.012381</timestamp>
			</report>
			<report>
				<misses>16089001</misses>
				<total>38</total>
				<timestamp>5143.332115</timestamp>
			</report>
			<report>
				<misses>16090001</misses>
				<total>38</total>
				<timestamp>5143.651824</timestamp>
			</report>
			<report>
				<misses>16091001</misses>
				<total>38</total>
				<timestamp>5143.971403</timestamp>
			</report>
			<report>
				<misses>16092001</misses>
				<total>38</total>
				<timestamp>5144.291076</timestamp>
			</report>
			<report>
				<misses>16093001</misses>
				<total>38</total>
				<timestamp>5144.610832</timestamp>
			</report>
			<report>
				<misses>16094001</misses>
				<total>38</total>
				<timestamp>5144.930439</timestamp>
			</report>
			<report>
				<misses>16095001</misses>
				<total>37</total>
				<timestamp>5145.250211</timestamp>
			</report>
			<report>
				<misses>16096001</misses>
				<total>38</total>
				<timestamp>5145.569845</timestamp>
			</report>
			<report>
				<misses>16097001</misses>
				<total>38</total>
				<timestamp>5145.889466</timestamp>
			</report>
			<report>
				<misses>16098001</misses>
				<total>38</total>
				<timestamp>5146.209193</timestamp>
			</report>
			<report>
				<misses>16099001</misses>
				<total>38</total>
				<timestamp>5146.528901</timestamp>
			</report>
			<report>
				<misses>16100001</misses>
				<total>38</total>
				<timestamp>5146.848491</timestamp>
			</report>
			<report>
				<misses>16101001</misses>
				<total>38</total>
				<timestamp>5147.168214</timestamp>
			</report>
			<report>
				<misses>16102001</misses>
				<total>38</total>
				<timestamp>5147.487890</timestamp>
			</report>
			<report>
				<misses>16103001</misses>
				<total>38</total>
				<timestamp>5147.807589</timestamp>
			</report>
			<report>
				<misses>16104001</misses>
				<total>38</total>
				<timestamp>5148.127209</timestamp>
			</report>
			<report>
				<misses>16105001</misses>
				<total>38</total>
				<timestamp>5148.446969</timestamp>
			</report>
			<report>
				<misses>16106001</misses>
				<total>38</total>
				<timestamp>5148.766574</timestamp>
			</report>
			<report>
				<misses>16107001</misses>
				<total>38</total>
				<timestamp>5149.086305</timestamp>
			</report>
			<report>
				<misses>16108001</misses>
				<total>38</total>
				<timestamp>5149.405947</timestamp>
			</report>
			<report>
				<misses>16109001</misses>
				<total>38</total>
				<timestamp>5149.725632</timestamp>
			</report>
			<report>
				<misses>16110001</misses>
				<total>38</total>
				<timestamp>5150.045356</timestamp>
			</report>
			<report>
				<misses>16111001</misses>
				<total>38</total>
				<timestamp>5150.364974</timestamp>
			</report>
			<report>
				<misses>16112001</misses>
				<total>37</total>
				<timestamp>5150.684747</timestamp>
			</report>
			<report>
				<misses>16113001</misses>
				<total>38</total>
				<timestamp>5151.004351</timestamp>
			</report>
			<report>
				<misses>16114001</misses>
				<total>37</total>
				<timestamp>5151.324109</timestamp>
			</report>
			<report>
				<misses>16115001</misses>
				<total>38</total>
				<timestamp>5151.643729</timestamp>
			</report>
			<report>
				<misses>16116001</misses>
				<total>38</total>
				<timestamp>5151.963570</timestamp>
			</report>
			<report>
				<misses>16117001</misses>
				<total>38</total>
				<timestamp>5152.283098</timestamp>
			</report>
			<report>
				<misses>16118001</misses>
				<total>38</total>
				<timestamp>5152.602771</timestamp>
			</report>
			<report>
				<misses>16119001</misses>
				<total>38</total>
				<timestamp>5152.922470</timestamp>
			</report>
			<report>
				<misses>16120001</misses>
				<total>38</total>
				<timestamp>5153.242220</timestamp>
			</report>
			<report>
				<misses>16121001</misses>
				<total>39</total>
				<timestamp>5153.561784</timestamp>
			</report>
			<report>
				<misses>16122001</misses>
				<total>39</total>
				<timestamp>5153.881484</timestamp>
			</report>
			<report>
				<misses>16123001</misses>
				<total>39</total>
				<timestamp>5154.201141</timestamp>
			</report>
			<report>
				<misses>16124001</misses>
				<total>39</total>
				<timestamp>5154.520951</timestamp>
			</report>
			<report>
				<misses>16125001</misses>
				<total>39</total>
				<timestamp>5154.840519</timestamp>
			</report>
			<report>
				<misses>16126001</misses>
				<total>39</total>
				<timestamp>5155.160167</timestamp>
			</report>
			<report>
				<misses>16127001</misses>
				<total>39</total>
				<timestamp>5155.479996</timestamp>
			</report>
			<report>
				<misses>16128001</misses>
				<total>39</total>
				<timestamp>5155.799575</timestamp>
			</report>
			<report>
				<misses>16129001</misses>
				<total>39</total>
				<timestamp>5156.119285</timestamp>
			</report>
			<report>
				<misses>16130001</misses>
				<total>39</total>
				<timestamp>5156.438953</timestamp>
			</report>
			<report>
				<misses>16131001</misses>
				<total>39</total>
				<timestamp>5156.758718</timestamp>
			</report>
			<report>
				<misses>16132001</misses>
				<total>39</total>
				<timestamp>5157.078286</timestamp>
			</report>
			<report>
				<misses>16133001</misses>
				<total>39</total>
				<timestamp>5157.397972</timestamp>
			</report>
			<report>
				<misses>16134001</misses>
				<total>39</total>
				<timestamp>5157.717705</timestamp>
			</report>
			<report>
				<misses>16135001</misses>
				<total>39</total>
				<timestamp>5158.037334</timestamp>
			</report>
			<report>
				<misses>16136001</misses>
				<total>39</total>
				<timestamp>5158.357095</timestamp>
			</report>
			<report>
				<misses>16137001</misses>
				<total>39</total>
				<timestamp>5158.676696</timestamp>
			</report>
			<report>
				<misses>16138001</misses>
				<total>39</total>
				<timestamp>5158.996429</timestamp>
			</report>
			<report>
				<misses>16139001</misses>
				<total>39</total>
				<timestamp>5159.316003</timestamp>
			</report>
			<report>
				<misses>16140001</misses>
				<total>39</total>
				<timestamp>5159.635821</timestamp>
			</report>
			<report>
				<misses>16141001</misses>
				<total>39</total>
				<timestamp>5159.955406</timestamp>
			</report>
			<report>
				<misses>16142001</misses>
				<total>39</total>
				<timestamp>5160.275142</timestamp>
			</report>
			<report>
				<misses>16143001</misses>
				<total>39</total>
				<timestamp>5160.594719</timestamp>
			</report>
			<report>
				<misses>16144001</misses>
				<total>39</total>
				<timestamp>5160.914429</timestamp>
			</report>
			<report>
				<misses>16145001</misses>
				<total>38</total>
				<timestamp>5161.234274</timestamp>
			</report>
			<report>
				<misses>16146001</misses>
				<total>39</total>
				<timestamp>5161.553841</timestamp>
			</report>
			<report>
				<misses>16147001</misses>
				<total>39</total>
				<timestamp>5161.873579</timestamp>
			</report>
			<report>
				<misses>16148001</misses>
				<total>39</total>
				<timestamp>5162.193167</timestamp>
			</report>
			<report>
				<misses>16149001</misses>
				<total>39</total>
				<timestamp>5162.512961</timestamp>
			</report>
			<report>
				<misses>16150001</misses>
				<total>39</total>
				<timestamp>5162.832583</timestamp>
			</report>
			<report>
				<misses>16151001</misses>
				<total>39</total>
				<timestamp>5163.152210</timestamp>
			</report>
			<report>
				<misses>16152001</misses>
				<total>39</total>
				<timestamp>5163.471951</timestamp>
			</report>
			<report>
				<misses>16153001</misses>
				<total>39</total>
				<timestamp>5163.791567</timestamp>
			</report>
			<report>
				<misses>16154001</misses>
				<total>39</total>
				<timestamp>5164.111262</timestamp>
			</report>
			<report>
				<misses>16155001</misses>
				<total>39</total>
				<timestamp>5164.431007</timestamp>
			</report>
			<report>
				<misses>16156001</misses>
				<total>39</total>
				<timestamp>5164.750701</timestamp>
			</report>
			<report>
				<misses>16157001</misses>
				<total>39</total>
				<timestamp>5165.070260</timestamp>
			</report>
			<report>
				<misses>16158001</misses>
				<total>39</total>
				<timestamp>5165.389941</timestamp>
			</report>
			<report>
				<misses>16159001</misses>
				<total>39</total>
				<timestamp>5165.709626</timestamp>
			</report>
			<report>
				<misses>16160001</misses>
				<total>39</total>
				<timestamp>5166.029297</timestamp>
			</report>
			<report>
				<misses>16161001</misses>
				<total>39</total>
				<timestamp>5166.348980</timestamp>
			</report>
			<report>
				<misses>16162001</misses>
				<total>39</total>
				<timestamp>5166.668691</timestamp>
			</report>
			<report>
				<misses>16163001</misses>
				<total>39</total>
				<timestamp>5166.988337</timestamp>
			</report>
			<report>
				<misses>16164001</misses>
				<total>39</total>
				<timestamp>5167.308003</timestamp>
			</report>
			<report>
				<misses>16165001</misses>
				<total>39</total>
				<timestamp>5167.627811</timestamp>
			</report>
			<report>
				<misses>16166001</misses>
				<total>39</total>
				<timestamp>5167.947391</timestamp>
			</report>
			<report>
				<misses>16167001</misses>
				<total>39</total>
				<timestamp>5168.267031</timestamp>
			</report>
			<report>
				<misses>16168001</misses>
				<total>39</total>
				<timestamp>5168.586829</timestamp>
			</report>
			<report>
				<misses>16169001</misses>
				<total>39</total>
				<timestamp>5168.906433</timestamp>
			</report>
			<report>
				<misses>16170001</misses>
				<total>39</total>
				<timestamp>5169.226090</timestamp>
			</report>
			<report>
				<misses>16171001</misses>
				<total>39</total>
				<timestamp>5169.545833</timestamp>
			</report>
			<report>
				<misses>16172001</misses>
				<total>39</total>
				<timestamp>5169.865585</timestamp>
			</report>
			<report>
				<misses>16173001</misses>
				<total>39</total>
				<timestamp>5170.185269</timestamp>
			</report>
			<report>
				<misses>16174001</misses>
				<total>39</total>
				<timestamp>5170.504836</timestamp>
			</report>
			<report>
				<misses>16175001</misses>
				<total>39</total>
				<timestamp>5170.824579</timestamp>
			</report>
			<report>
				<misses>16176001</misses>
				<total>39</total>
				<timestamp>5171.144208</timestamp>
			</report>
			<report>
				<misses>16177001</misses>
				<total>39</total>
				<timestamp>5171.463941</timestamp>
			</report>
			<report>
				<misses>16178001</misses>
				<total>39</total>
				<timestamp>5171.783584</timestamp>
			</report>
			<report>
				<misses>16179001</misses>
				<total>39</total>
				<timestamp>5172.103203</timestamp>
			</report>
			<report>
				<misses>16180001</misses>
				<total>39</total>
				<timestamp>5172.422886</timestamp>
			</report>
			<report>
				<misses>16181001</misses>
				<total>39</total>
				<timestamp>5172.742616</timestamp>
			</report>
			<report>
				<misses>16182001</misses>
				<total>39</total>
				<timestamp>5173.062273</timestamp>
			</report>
			<report>
				<misses>16183001</misses>
				<total>39</total>
				<timestamp>5173.381962</timestamp>
			</report>
			<report>
				<misses>16184001</misses>
				<total>39</total>
				<timestamp>5173.701683</timestamp>
			</report>
			<report>
				<misses>16185001</misses>
				<total>39</total>
				<timestamp>5174.021322</timestamp>
			</report>
			<report>
				<misses>16186001</misses>
				<total>38</total>
				<timestamp>5174.341078</timestamp>
			</report>
			<report>
				<misses>16187001</misses>
				<total>39</total>
				<timestamp>5174.660682</timestamp>
			</report>
			<report>
				<misses>16188001</misses>
				<total>39</total>
				<timestamp>5174.980344</timestamp>
			</report>
			<report>
				<misses>16189001</misses>
				<total>39</total>
				<timestamp>5175.300048</timestamp>
			</report>
			<report>
				<misses>16190001</misses>
				<total>39</total>
				<timestamp>5175.619840</timestamp>
			</report>
			<report>
				<misses>16191001</misses>
				<total>39</total>
				<timestamp>5175.939418</timestamp>
			</report>
			<report>
				<misses>16192001</misses>
				<total>39</total>
				<timestamp>5176.259085</timestamp>
			</report>
			<report>
				<misses>16193001</misses>
				<total>39</total>
				<timestamp>5176.578760</timestamp>
			</report>
			<report>
				<misses>16194001</misses>
				<total>39</total>
				<timestamp>5176.898411</timestamp>
			</report>
			<report>
				<misses>16195001</misses>
				<total>39</total>
				<timestamp>5177.218098</timestamp>
			</report>
			<report>
				<misses>16196001</misses>
				<total>39</total>
				<timestamp>5177.537765</timestamp>
			</report>
			<report>
				<misses>16197001</misses>
				<total>39</total>
				<timestamp>5177.857474</timestamp>
			</report>
			<report>
				<misses>16198001</misses>
				<total>39</total>
				<timestamp>5178.177302</timestamp>
			</report>
			<report>
				<misses>16199001</misses>
				<total>39</total>
				<timestamp>5178.496805</timestamp>
			</report>
			<report>
				<misses>16200001</misses>
				<total>38</total>
				<timestamp>5178.816662</timestamp>
			</report>
			<report>
				<misses>16201001</misses>
				<total>39</total>
				<timestamp>5179.136186</timestamp>
			</report>
			<report>
				<misses>16202001</misses>
				<total>39</total>
				<timestamp>5179.455960</timestamp>
			</report>
			<report>
				<misses>16203001</misses>
				<total>38</total>
				<timestamp>5179.775644</timestamp>
			</report>
			<report>
				<misses>16204001</misses>
				<total>39</total>
				<timestamp>5180.095233</timestamp>
			</report>
			<report>
				<misses>16205001</misses>
				<total>39</total>
				<timestamp>5180.415080</timestamp>
			</report>
			<report>
				<misses>16206001</misses>
				<total>39</total>
				<timestamp>5180.734651</timestamp>
			</report>
			<report>
				<misses>16207001</misses>
				<total>39</total>
				<timestamp>5181.054362</timestamp>
			</report>
			<report>
				<misses>16208001</misses>
				<total>39</total>
				<timestamp>5181.374003</timestamp>
			</report>
			<report>
				<misses>16209001</misses>
				<total>39</total>
				<timestamp>5181.693630</timestamp>
			</report>
			<report>
				<misses>16210001</misses>
				<total>39</total>
				<timestamp>5182.013296</timestamp>
			</report>
			<report>
				<misses>16211001</misses>
				<total>38</total>
				<timestamp>5182.333105</timestamp>
			</report>
			<report>
				<misses>16212001</misses>
				<total>39</total>
				<timestamp>5182.652702</timestamp>
			</report>
			<report>
				<misses>16213001</misses>
				<total>39</total>
				<timestamp>5182.972370</timestamp>
			</report>
			<report>
				<misses>16214001</misses>
				<total>39</total>
				<timestamp>5183.292028</timestamp>
			</report>
			<report>
				<misses>16215001</misses>
				<total>39</total>
				<timestamp>5183.611716</timestamp>
			</report>
			<report>
				<misses>16216001</misses>
				<total>39</total>
				<timestamp>5183.931431</timestamp>
			</report>
			<report>
				<misses>16217001</misses>
				<total>39</total>
				<timestamp>5184.251101</timestamp>
			</report>
			<report>
				<misses>16218001</misses>
				<total>39</total>
				<timestamp>5184.570825</timestamp>
			</report>
			<report>
				<misses>16219001</misses>
				<total>39</total>
				<timestamp>5184.890456</timestamp>
			</report>
			<report>
				<misses>16220001</misses>
				<total>39</total>
				<timestamp>5185.210215</timestamp>
			</report>
			<report>
				<misses>16221001</misses>
				<total>39</total>
				<timestamp>5185.529809</timestamp>
			</report>
			<report>
				<misses>16222001</misses>
				<total>39</total>
				<timestamp>5185.849564</timestamp>
			</report>
			<report>
				<misses>16223001</misses>
				<total>39</total>
				<timestamp>5186.169117</timestamp>
			</report>
			<report>
				<misses>16224001</misses>
				<total>39</total>
				<timestamp>5186.488867</timestamp>
			</report>
			<report>
				<misses>16225001</misses>
				<total>39</total>
				<timestamp>5186.808563</timestamp>
			</report>
			<report>
				<misses>16226001</misses>
				<total>39</total>
				<timestamp>5187.128218</timestamp>
			</report>
			<report>
				<misses>16227001</misses>
				<total>39</total>
				<timestamp>5187.447853</timestamp>
			</report>
			<report>
				<misses>16228001</misses>
				<total>39</total>
				<timestamp>5187.767565</timestamp>
			</report>
			<report>
				<misses>16229001</misses>
				<total>39</total>
				<timestamp>5188.087249</timestamp>
			</report>
			<report>
				<misses>16230001</misses>
				<total>39</total>
				<timestamp>5188.406881</timestamp>
			</report>
			<report>
				<misses>16231001</misses>
				<total>39</total>
				<timestamp>5188.726667</timestamp>
			</report>
			<report>
				<misses>16232001</misses>
				<total>39</total>
				<timestamp>5189.046233</timestamp>
			</report>
			<report>
				<misses>16233001</misses>
				<total>39</total>
				<timestamp>5189.365915</timestamp>
			</report>
			<report>
				<misses>16234001</misses>
				<total>39</total>
				<timestamp>5189.685709</timestamp>
			</report>
			<report>
				<misses>16235001</misses>
				<total>38</total>
				<timestamp>5190.005415</timestamp>
			</report>
			<report>
				<misses>16236001</misses>
				<total>39</total>
				<timestamp>5190.324978</timestamp>
			</report>
			<report>
				<misses>16237001</misses>
				<total>39</total>
				<timestamp>5190.644667</timestamp>
			</report>
			<report>
				<misses>16238001</misses>
				<total>39</total>
				<timestamp>5190.964327</timestamp>
			</report>
			<report>
				<misses>16239001</misses>
				<total>39</total>
				<timestamp>5191.284073</timestamp>
			</report>
			<report>
				<misses>16240001</misses>
				<total>38</total>
				<timestamp>5191.603785</timestamp>
			</report>
			<report>
				<misses>16241001</misses>
				<total>38</total>
				<timestamp>5191.923461</timestamp>
			</report>
			<report>
				<misses>16242001</misses>
				<total>39</total>
				<timestamp>5192.243073</timestamp>
			</report>
			<report>
				<misses>16243001</misses>
				<total>39</total>
				<timestamp>5192.562769</timestamp>
			</report>
			<report>
				<misses>16244001</misses>
				<total>38</total>
				<timestamp>5192.882596</timestamp>
			</report>
			<report>
				<misses>16245001</misses>
				<total>39</total>
				<timestamp>5193.202107</timestamp>
			</report>
			<report>
				<misses>16246001</misses>
				<total>39</total>
				<timestamp>5193.521818</timestamp>
			</report>
			<report>
				<misses>16247001</misses>
				<total>39</total>
				<timestamp>5193.841463</timestamp>
			</report>
			<report>
				<misses>16248001</misses>
				<total>39</total>
				<timestamp>5194.161191</timestamp>
			</report>
			<report>
				<misses>16249001</misses>
				<total>38</total>
				<timestamp>5194.480915</timestamp>
			</report>
			<report>
				<misses>16250001</misses>
				<total>39</total>
				<timestamp>5194.800579</timestamp>
			</report>
			<report>
				<misses>16251001</misses>
				<total>39</total>
				<timestamp>5195.120229</timestamp>
			</report>
			<report>
				<misses>16252001</misses>
				<total>38</total>
				<timestamp>5195.439992</timestamp>
			</report>
			<report>
				<misses>16253001</misses>
				<total>39</total>
				<timestamp>5195.759521</timestamp>
			</report>
			<report>
				<misses>16254001</misses>
				<total>39</total>
				<timestamp>5196.079294</timestamp>
			</report>
			<report>
				<misses>16255001</misses>
				<total>39</total>
				<timestamp>5196.398962</timestamp>
			</report>
			<report>
				<misses>16256001</misses>
				<total>39</total>
				<timestamp>5196.718718</timestamp>
			</report>
			<report>
				<misses>16257001</misses>
				<total>39</total>
				<timestamp>5197.038373</timestamp>
			</report>
			<report>
				<misses>16258001</misses>
				<total>39</total>
				<timestamp>5197.357944</timestamp>
			</report>
			<report>
				<misses>16259001</misses>
				<total>39</total>
				<timestamp>5197.677669</timestamp>
			</report>
			<report>
				<misses>16260001</misses>
				<total>39</total>
				<timestamp>5197.997410</timestamp>
			</report>
			<report>
				<misses>16261001</misses>
				<total>39</total>
				<timestamp>5198.317099</timestamp>
			</report>
			<report>
				<misses>16262001</misses>
				<total>39</total>
				<timestamp>5198.636733</timestamp>
			</report>
			<report>
				<misses>16263001</misses>
				<total>39</total>
				<timestamp>5198.956387</timestamp>
			</report>
			<report>
				<misses>16264001</misses>
				<total>39</total>
				<timestamp>5199.276027</timestamp>
			</report>
			<report>
				<misses>16265001</misses>
				<total>39</total>
				<timestamp>5199.595705</timestamp>
			</report>
			<report>
				<misses>16266001</misses>
				<total>39</total>
				<timestamp>5199.915361</timestamp>
			</report>
			<report>
				<misses>16267001</misses>
				<total>39</total>
				<timestamp>5200.235067</timestamp>
			</report>
			<report>
				<misses>16268001</misses>
				<total>39</total>
				<timestamp>5200.554849</timestamp>
			</report>
			<report>
				<misses>16269001</misses>
				<total>38</total>
				<timestamp>5200.874462</timestamp>
			</report>
			<report>
				<misses>16270001</misses>
				<total>39</total>
				<timestamp>5201.194087</timestamp>
			</report>
			<report>
				<misses>16271001</misses>
				<total>39</total>
				<timestamp>5201.513756</timestamp>
			</report>
			<report>
				<misses>16272001</misses>
				<total>39</total>
				<timestamp>5201.833561</timestamp>
			</report>
			<report>
				<misses>16273001</misses>
				<total>39</total>
				<timestamp>5202.153202</timestamp>
			</report>
			<report>
				<misses>16274001</misses>
				<total>39</total>
				<timestamp>5202.472934</timestamp>
			</report>
			<report>
				<misses>16275001</misses>
				<total>39</total>
				<timestamp>5202.792581</timestamp>
			</report>
			<report>
				<misses>16276001</misses>
				<total>39</total>
				<timestamp>5203.112177</timestamp>
			</report>
			<report>
				<misses>16277001</misses>
				<total>39</total>
				<timestamp>5203.431920</timestamp>
			</report>
			<report>
				<misses>16278001</misses>
				<total>39</total>
				<timestamp>5203.751572</timestamp>
			</report>
			<report>
				<misses>16279001</misses>
				<total>39</total>
				<timestamp>5204.071235</timestamp>
			</report>
			<report>
				<misses>16280001</misses>
				<total>38</total>
				<timestamp>5204.391038</timestamp>
			</report>
			<report>
				<misses>16281001</misses>
				<total>39</total>
				<timestamp>5204.710576</timestamp>
			</report>
			<report>
				<misses>16282001</misses>
				<total>39</total>
				<timestamp>5205.030238</timestamp>
			</report>
			<report>
				<misses>16283001</misses>
				<total>39</total>
				<timestamp>5205.349993</timestamp>
			</report>
			<report>
				<misses>16284001</misses>
				<total>39</total>
				<timestamp>5205.669700</timestamp>
			</report>
			<report>
				<misses>16285001</misses>
				<total>39</total>
				<timestamp>5205.989347</timestamp>
			</report>
			<report>
				<misses>16286001</misses>
				<total>39</total>
				<timestamp>5206.309041</timestamp>
			</report>
			<report>
				<misses>16287001</misses>
				<total>39</total>
				<timestamp>5206.628641</timestamp>
			</report>
			<report>
				<misses>16288001</misses>
				<total>39</total>
				<timestamp>5206.948348</timestamp>
			</report>
			<report>
				<misses>16289001</misses>
				<total>38</total>
				<timestamp>5207.268104</timestamp>
			</report>
			<report>
				<misses>16290001</misses>
				<total>39</total>
				<timestamp>5207.587823</timestamp>
			</report>
			<report>
				<misses>16291001</misses>
				<total>39</total>
				<timestamp>5207.907351</timestamp>
			</report>
			<report>
				<misses>16292001</misses>
				<total>39</total>
				<timestamp>5208.227084</timestamp>
			</report>
			<report>
				<misses>16293001</misses>
				<total>39</total>
				<timestamp>5208.546772</timestamp>
			</report>
			<report>
				<misses>16294001</misses>
				<total>39</total>
				<timestamp>5208.866473</timestamp>
			</report>
			<report>
				<misses>16295001</misses>
				<total>39</total>
				<timestamp>5209.186164</timestamp>
			</report>
			<report>
				<misses>16296001</misses>
				<total>39</total>
				<timestamp>5209.505809</timestamp>
			</report>
			<report>
				<misses>16297001</misses>
				<total>39</total>
				<timestamp>5209.825492</timestamp>
			</report>
			<report>
				<misses>16298001</misses>
				<total>39</total>
				<timestamp>5210.145178</timestamp>
			</report>
			<report>
				<misses>16299001</misses>
				<total>39</total>
				<timestamp>5210.464911</timestamp>
			</report>
			<report>
				<misses>16300001</misses>
				<total>38</total>
				<timestamp>5210.784588</timestamp>
			</report>
			<report>
				<misses>16301001</misses>
				<total>39</total>
				<timestamp>5211.104200</timestamp>
			</report>
			<report>
				<misses>16302001</misses>
				<total>38</total>
				<timestamp>5211.424077</timestamp>
			</report>
			<report>
				<misses>16303001</misses>
				<total>39</total>
				<timestamp>5211.743527</timestamp>
			</report>
			<report>
				<misses>16304001</misses>
				<total>39</total>
				<timestamp>5212.063234</timestamp>
			</report>
			<report>
				<misses>16305001</misses>
				<total>39</total>
				<timestamp>5212.382993</timestamp>
			</report>
			<report>
				<misses>16306001</misses>
				<total>39</total>
				<timestamp>5212.702637</timestamp>
			</report>
			<report>
				<misses>16307001</misses>
				<total>39</total>
				<timestamp>5213.022274</timestamp>
			</report>
			<report>
				<misses>16308001</misses>
				<total>39</total>
				<timestamp>5213.342002</timestamp>
			</report>
			<report>
				<misses>16309001</misses>
				<total>39</total>
				<timestamp>5213.661700</timestamp>
			</report>
			<report>
				<misses>16310001</misses>
				<total>39</total>
				<timestamp>5213.981316</timestamp>
			</report>
			<report>
				<misses>16311001</misses>
				<total>39</total>
				<timestamp>5214.300998</timestamp>
			</report>
			<report>
				<misses>16312001</misses>
				<total>39</total>
				<timestamp>5214.620658</timestamp>
			</report>
			<report>
				<misses>16313001</misses>
				<total>39</total>
				<timestamp>5214.940332</timestamp>
			</report>
			<report>
				<misses>16314001</misses>
				<total>39</total>
				<timestamp>5215.260154</timestamp>
			</report>
			<report>
				<misses>16315001</misses>
				<total>39</total>
				<timestamp>5215.579846</timestamp>
			</report>
			<report>
				<misses>16316001</misses>
				<total>39</total>
				<timestamp>5215.899365</timestamp>
			</report>
			<report>
				<misses>16317001</misses>
				<total>39</total>
				<timestamp>5216.219092</timestamp>
			</report>
			<report>
				<misses>16318001</misses>
				<total>39</total>
				<timestamp>5216.538818</timestamp>
			</report>
			<report>
				<misses>16319001</misses>
				<total>39</total>
				<timestamp>5216.858429</timestamp>
			</report>
			<report>
				<misses>16320001</misses>
				<total>39</total>
				<timestamp>5217.178117</timestamp>
			</report>
			<report>
				<misses>16321001</misses>
				<total>39</total>
				<timestamp>5217.497815</timestamp>
			</report>
			<report>
				<misses>16322001</misses>
				<total>39</total>
				<timestamp>5217.817452</timestamp>
			</report>
			<report>
				<misses>16323001</misses>
				<total>39</total>
				<timestamp>5218.137186</timestamp>
			</report>
			<report>
				<misses>16324001</misses>
				<total>39</total>
				<timestamp>5218.456933</timestamp>
			</report>
			<report>
				<misses>16325001</misses>
				<total>39</total>
				<timestamp>5218.776542</timestamp>
			</report>
			<report>
				<misses>16326001</misses>
				<total>39</total>
				<timestamp>5219.096174</timestamp>
			</report>
			<report>
				<misses>16327001</misses>
				<total>39</total>
				<timestamp>5219.415875</timestamp>
			</report>
			<report>
				<misses>16328001</misses>
				<total>39</total>
				<timestamp>5219.735718</timestamp>
			</report>
			<report>
				<misses>16329001</misses>
				<total>39</total>
				<timestamp>5220.055251</timestamp>
			</report>
			<report>
				<misses>16330001</misses>
				<total>39</total>
				<timestamp>5220.374931</timestamp>
			</report>
			<report>
				<misses>16331001</misses>
				<total>39</total>
				<timestamp>5220.694613</timestamp>
			</report>
			<report>
				<misses>16332001</misses>
				<total>39</total>
				<timestamp>5221.014247</timestamp>
			</report>
			<report>
				<misses>16333001</misses>
				<total>39</total>
				<timestamp>5221.334049</timestamp>
			</report>
			<report>
				<misses>16334001</misses>
				<total>39</total>
				<timestamp>5221.653709</timestamp>
			</report>
			<report>
				<misses>16335001</misses>
				<total>39</total>
				<timestamp>5221.973337</timestamp>
			</report>
			<report>
				<misses>16336001</misses>
				<total>39</total>
				<timestamp>5222.293171</timestamp>
			</report>
			<report>
				<misses>16337001</misses>
				<total>39</total>
				<timestamp>5222.612822</timestamp>
			</report>
			<report>
				<misses>16338001</misses>
				<total>39</total>
				<timestamp>5222.932346</timestamp>
			</report>
			<report>
				<misses>16339001</misses>
				<total>39</total>
				<timestamp>5223.252045</timestamp>
			</report>
			<report>
				<misses>16340001</misses>
				<total>39</total>
				<timestamp>5223.571824</timestamp>
			</report>
			<report>
				<misses>16341001</misses>
				<total>39</total>
				<timestamp>5223.891371</timestamp>
			</report>
			<report>
				<misses>16342001</misses>
				<total>38</total>
				<timestamp>5224.211155</timestamp>
			</report>
			<report>
				<misses>16343001</misses>
				<total>39</total>
				<timestamp>5224.530825</timestamp>
			</report>
			<report>
				<misses>16344001</misses>
				<total>39</total>
				<timestamp>5224.850426</timestamp>
			</report>
			<report>
				<misses>16345001</misses>
				<total>39</total>
				<timestamp>5225.170135</timestamp>
			</report>
			<report>
				<misses>16346001</misses>
				<total>39</total>
				<timestamp>5225.489932</timestamp>
			</report>
			<report>
				<misses>16347001</misses>
				<total>39</total>
				<timestamp>5225.809446</timestamp>
			</report>
			<report>
				<misses>16348001</misses>
				<total>39</total>
				<timestamp>5226.129122</timestamp>
			</report>
			<report>
				<misses>16349001</misses>
				<total>39</total>
				<timestamp>5226.448943</timestamp>
			</report>
			<report>
				<misses>16350001</misses>
				<total>39</total>
				<timestamp>5226.768561</timestamp>
			</report>
			<report>
				<misses>16351001</misses>
				<total>39</total>
				<timestamp>5227.088200</timestamp>
			</report>
			<report>
				<misses>16352001</misses>
				<total>39</total>
				<timestamp>5227.407945</timestamp>
			</report>
			<report>
				<misses>16353001</misses>
				<total>39</total>
				<timestamp>5227.727566</timestamp>
			</report>
			<report>
				<misses>16354001</misses>
				<total>39</total>
				<timestamp>5228.047191</timestamp>
			</report>
			<report>
				<misses>16355001</misses>
				<total>39</total>
				<timestamp>5228.366944</timestamp>
			</report>
			<report>
				<misses>16356001</misses>
				<total>39</total>
				<timestamp>5228.686699</timestamp>
			</report>
			<report>
				<misses>16357001</misses>
				<total>39</total>
				<timestamp>5229.006239</timestamp>
			</report>
			<report>
				<misses>16358001</misses>
				<total>39</total>
				<timestamp>5229.325982</timestamp>
			</report>
			<report>
				<misses>16359001</misses>
				<total>39</total>
				<timestamp>5229.645679</timestamp>
			</report>
			<report>
				<misses>16360001</misses>
				<total>39</total>
				<timestamp>5229.965307</timestamp>
			</report>
			<report>
				<misses>16361001</misses>
				<total>39</total>
				<timestamp>5230.285070</timestamp>
			</report>
			<report>
				<misses>16362001</misses>
				<total>39</total>
				<timestamp>5230.604639</timestamp>
			</report>
			<report>
				<misses>16363001</misses>
				<total>39</total>
				<timestamp>5230.924439</timestamp>
			</report>
			<report>
				<misses>16364001</misses>
				<total>39</total>
				<timestamp>5231.244068</timestamp>
			</report>
			<report>
				<misses>16365001</misses>
				<total>39</total>
				<timestamp>5231.563721</timestamp>
			</report>
			<report>
				<misses>16366001</misses>
				<total>39</total>
				<timestamp>5231.883389</timestamp>
			</report>
			<report>
				<misses>16367001</misses>
				<total>39</total>
				<timestamp>5232.203120</timestamp>
			</report>
			<report>
				<misses>16368001</misses>
				<total>39</total>
				<timestamp>5232.522826</timestamp>
			</report>
			<report>
				<misses>16369001</misses>
				<total>39</total>
				<timestamp>5232.842588</timestamp>
			</report>
			<report>
				<misses>16370001</misses>
				<total>39</total>
				<timestamp>5233.162154</timestamp>
			</report>
			<report>
				<misses>16371001</misses>
				<total>39</total>
				<timestamp>5233.481964</timestamp>
			</report>
			<report>
				<misses>16372001</misses>
				<total>39</total>
				<timestamp>5233.801488</timestamp>
			</report>
			<report>
				<misses>16373001</misses>
				<total>39</total>
				<timestamp>5234.121130</timestamp>
			</report>
			<report>
				<misses>16374001</misses>
				<total>39</total>
				<timestamp>5234.440945</timestamp>
			</report>
			<report>
				<misses>16375001</misses>
				<total>39</total>
				<timestamp>5234.760534</timestamp>
			</report>
			<report>
				<misses>16376001</misses>
				<total>39</total>
				<timestamp>5235.080167</timestamp>
			</report>
			<report>
				<misses>16377001</misses>
				<total>39</total>
				<timestamp>5235.399944</timestamp>
			</report>
			<report>
				<misses>16378001</misses>
				<total>39</total>
				<timestamp>5235.719577</timestamp>
			</report>
			<report>
				<misses>16379001</misses>
				<total>39</total>
				<timestamp>5236.039220</timestamp>
			</report>
			<report>
				<misses>16380001</misses>
				<total>39</total>
				<timestamp>5236.358946</timestamp>
			</report>
			<report>
				<misses>16381001</misses>
				<total>39</total>
				<timestamp>5236.678610</timestamp>
			</report>
			<report>
				<misses>16382001</misses>
				<total>38</total>
				<timestamp>5236.998366</timestamp>
			</report>
			<report>
				<misses>16383001</misses>
				<total>38</total>
				<timestamp>5237.318065</timestamp>
			</report>
			<report>
				<misses>16384001</misses>
				<total>39</total>
				<timestamp>5237.637693</timestamp>
			</report>
			<report>
				<misses>16385001</misses>
				<total>39</total>
				<timestamp>5237.957276</timestamp>
			</report>
			<report>
				<misses>16386001</misses>
				<total>39</total>
				<timestamp>5238.277075</timestamp>
			</report>
			<report>
				<misses>16387001</misses>
				<total>39</total>
				<timestamp>5238.596697</timestamp>
			</report>
			<report>
				<misses>16388001</misses>
				<total>39</total>
				<timestamp>5238.916397</timestamp>
			</report>
			<report>
				<misses>16389001</misses>
				<total>39</total>
				<timestamp>5239.236077</timestamp>
			</report>
			<report>
				<misses>16390001</misses>
				<total>38</total>
				<timestamp>5239.555830</timestamp>
			</report>
			<report>
				<misses>16391001</misses>
				<total>39</total>
				<timestamp>5239.875373</timestamp>
			</report>
			<report>
				<misses>16392001</misses>
				<total>39</total>
				<timestamp>5240.195058</timestamp>
			</report>
			<report>
				<misses>16393001</misses>
				<total>38</total>
				<timestamp>5240.514828</timestamp>
			</report>
			<report>
				<misses>16394001</misses>
				<total>39</total>
				<timestamp>5240.834424</timestamp>
			</report>
			<report>
				<misses>16395001</misses>
				<total>39</total>
				<timestamp>5241.154227</timestamp>
			</report>
			<report>
				<misses>16396001</misses>
				<total>39</total>
				<timestamp>5241.473833</timestamp>
			</report>
			<report>
				<misses>16397001</misses>
				<total>38</total>
				<timestamp>5241.793549</timestamp>
			</report>
			<report>
				<misses>16398001</misses>
				<total>40</total>
				<timestamp>5242.113128</timestamp>
			</report>
			<report>
				<misses>16399001</misses>
				<total>40</total>
				<timestamp>5242.432952</timestamp>
			</report>
			<report>
				<misses>16400001</misses>
				<total>40</total>
				<timestamp>5242.752517</timestamp>
			</report>
			<report>
				<misses>16401001</misses>
				<total>40</total>
				<timestamp>5243.072285</timestamp>
			</report>
			<report>
				<misses>16402001</misses>
				<total>40</total>
				<timestamp>5243.391932</timestamp>
			</report>
			<report>
				<misses>16403001</misses>
				<total>40</total>
				<timestamp>5243.711614</timestamp>
			</report>
			<report>
				<misses>16404001</misses>
				<total>40</total>
				<timestamp>5244.031382</timestamp>
			</report>
			<report>
				<misses>16405001</misses>
				<total>40</total>
				<timestamp>5244.350912</timestamp>
			</report>
			<report>
				<misses>16406001</misses>
				<total>40</total>
				<timestamp>5244.670599</timestamp>
			</report>
			<report>
				<misses>16407001</misses>
				<total>40</total>
				<timestamp>5244.990273</timestamp>
			</report>
			<report>
				<misses>16408001</misses>
				<total>40</total>
				<timestamp>5245.309997</timestamp>
			</report>
			<report>
				<misses>16409001</misses>
				<total>40</total>
				<timestamp>5245.629695</timestamp>
			</report>
			<report>
				<misses>16410001</misses>
				<total>40</total>
				<timestamp>5245.949297</timestamp>
			</report>
			<report>
				<misses>16411001</misses>
				<total>40</total>
				<timestamp>5246.269003</timestamp>
			</report>
			<report>
				<misses>16412001</misses>
				<total>40</total>
				<timestamp>5246.588855</timestamp>
			</report>
			<report>
				<misses>16413001</misses>
				<total>40</total>
				<timestamp>5246.908349</timestamp>
			</report>
			<report>
				<misses>16414001</misses>
				<total>40</total>
				<timestamp>5247.228047</timestamp>
			</report>
			<report>
				<misses>16415001</misses>
				<total>40</total>
				<timestamp>5247.547886</timestamp>
			</report>
			<report>
				<misses>16416001</misses>
				<total>40</total>
				<timestamp>5247.867563</timestamp>
			</report>
			<report>
				<misses>16417001</misses>
				<total>40</total>
				<timestamp>5248.187065</timestamp>
			</report>
			<report>
				<misses>16418001</misses>
				<total>40</total>
				<timestamp>5248.506815</timestamp>
			</report>
			<report>
				<misses>16419001</misses>
				<total>40</total>
				<timestamp>5248.826399</timestamp>
			</report>
			<report>
				<misses>16420001</misses>
				<total>40</total>
				<timestamp>5249.146104</timestamp>
			</report>
			<report>
				<misses>16421001</misses>
				<total>40</total>
				<timestamp>5249.465776</timestamp>
			</report>
			<report>
				<misses>16422001</misses>
				<total>40</total>
				<timestamp>5249.785557</timestamp>
			</report>
			<report>
				<misses>16423001</misses>
				<total>40</total>
				<timestamp>5250.105143</timestamp>
			</report>
			<report>
				<misses>16424001</misses>
				<total>40</total>
				<timestamp>5250.424879</timestamp>
			</report>
			<report>
				<misses>16425001</misses>
				<total>40</total>
				<timestamp>5250.744576</timestamp>
			</report>
			<report>
				<misses>16426001</misses>
				<total>40</total>
				<timestamp>5251.064192</timestamp>
			</report>
			<report>
				<misses>16427001</misses>
				<total>40</total>
				<timestamp>5251.383956</timestamp>
			</report>
			<report>
				<misses>16428001</misses>
				<total>40</total>
				<timestamp>5251.703695</timestamp>
			</report>
			<report>
				<misses>16429001</misses>
				<total>40</total>
				<timestamp>5252.023265</timestamp>
			</report>
			<report>
				<misses>16430001</misses>
				<total>40</total>
				<timestamp>5252.342978</timestamp>
			</report>
			<report>
				<misses>16431001</misses>
				<total>40</total>
				<timestamp>5252.662597</timestamp>
			</report>
			<report>
				<misses>16432001</misses>
				<total>40</total>
				<timestamp>5252.982333</timestamp>
			</report>
			<report>
				<misses>16433001</misses>
				<total>40</total>
				<timestamp>5253.301924</timestamp>
			</report>
			<report>
				<misses>16434001</misses>
				<total>40</total>
				<timestamp>5253.621698</timestamp>
			</report>
			<report>
				<misses>16435001</misses>
				<total>40</total>
				<timestamp>5253.941309</timestamp>
			</report>
			<report>
				<misses>16436001</misses>
				<total>40</total>
				<timestamp>5254.260977</timestamp>
			</report>
			<report>
				<misses>16437001</misses>
				<total>40</total>
				<timestamp>5254.580721</timestamp>
			</report>
			<report>
				<misses>16438001</misses>
				<total>40</total>
				<timestamp>5254.900318</timestamp>
			</report>
			<report>
				<misses>16439001</misses>
				<total>40</total>
				<timestamp>5255.220098</timestamp>
			</report>
			<report>
				<misses>16440001</misses>
				<total>40</total>
				<timestamp>5255.539716</timestamp>
			</report>
			<report>
				<misses>16441001</misses>
				<total>40</total>
				<timestamp>5255.859401</timestamp>
			</report>
			<report>
				<misses>16442001</misses>
				<total>40</total>
				<timestamp>5256.179088</timestamp>
			</report>
			<report>
				<misses>16443001</misses>
				<total>40</total>
				<timestamp>5256.498836</timestamp>
			</report>
			<report>
				<misses>16444001</misses>
				<total>40</total>
				<timestamp>5256.818403</timestamp>
			</report>
			<report>
				<misses>16445001</misses>
				<total>40</total>
				<timestamp>5257.138094</timestamp>
			</report>
			<report>
				<misses>16446001</misses>
				<total>40</total>
				<timestamp>5257.457824</timestamp>
			</report>
			<report>
				<misses>16447001</misses>
				<total>40</total>
				<timestamp>5257.777592</timestamp>
			</report>
			<report>
				<misses>16448001</misses>
				<total>40</total>
				<timestamp>5258.097172</timestamp>
			</report>
			<report>
				<misses>16449001</misses>
				<total>40</total>
				<timestamp>5258.416952</timestamp>
			</report>
			<report>
				<misses>16450001</misses>
				<total>40</total>
				<timestamp>5258.736537</timestamp>
			</report>
			<report>
				<misses>16451001</misses>
				<total>39</total>
				<timestamp>5259.056370</timestamp>
			</report>
			<report>
				<misses>16452001</misses>
				<total>40</total>
				<timestamp>5259.375945</timestamp>
			</report>
			<report>
				<misses>16453001</misses>
				<total>40</total>
				<timestamp>5259.695533</timestamp>
			</report>
			<report>
				<misses>16454001</misses>
				<total>40</total>
				<timestamp>5260.015240</timestamp>
			</report>
			<report>
				<misses>16455001</misses>
				<total>40</total>
				<timestamp>5260.335010</timestamp>
			</report>
			<report>
				<misses>16456001</misses>
				<total>40</total>
				<timestamp>5260.654710</timestamp>
			</report>
			<report>
				<misses>16457001</misses>
				<total>40</total>
				<timestamp>5260.974296</timestamp>
			</report>
			<report>
				<misses>16458001</misses>
				<total>40</total>
				<timestamp>5261.293931</timestamp>
			</report>
			<report>
				<misses>16459001</misses>
				<total>40</total>
				<timestamp>5261.613663</timestamp>
			</report>
			<report>
				<misses>16460001</misses>
				<total>40</total>
				<timestamp>5261.933273</timestamp>
			</report>
			<report>
				<misses>16461001</misses>
				<total>40</total>
				<timestamp>5262.253063</timestamp>
			</report>
			<report>
				<misses>16462001</misses>
				<total>40</total>
				<timestamp>5262.572639</timestamp>
			</report>
			<report>
				<misses>16463001</misses>
				<total>40</total>
				<timestamp>5262.892375</timestamp>
			</report>
			<report>
				<misses>16464001</misses>
				<total>40</total>
				<timestamp>5263.212009</timestamp>
			</report>
			<report>
				<misses>16465001</misses>
				<total>40</total>
				<timestamp>5263.531784</timestamp>
			</report>
			<report>
				<misses>16466001</misses>
				<total>39</total>
				<timestamp>5263.851450</timestamp>
			</report>
			<report>
				<misses>16467001</misses>
				<total>40</total>
				<timestamp>5264.171140</timestamp>
			</report>
			<report>
				<misses>16468001</misses>
				<total>40</total>
				<timestamp>5264.490836</timestamp>
			</report>
			<report>
				<misses>16469001</misses>
				<total>40</total>
				<timestamp>5264.810590</timestamp>
			</report>
			<report>
				<misses>16470001</misses>
				<total>40</total>
				<timestamp>5265.130132</timestamp>
			</report>
			<report>
				<misses>16471001</misses>
				<total>40</total>
				<timestamp>5265.449779</timestamp>
			</report>
			<report>
				<misses>16472001</misses>
				<total>40</total>
				<timestamp>5265.769444</timestamp>
			</report>
			<report>
				<misses>16473001</misses>
				<total>40</total>
				<timestamp>5266.089152</timestamp>
			</report>
			<report>
				<misses>16474001</misses>
				<total>40</total>
				<timestamp>5266.408939</timestamp>
			</report>
			<report>
				<misses>16475001</misses>
				<total>40</total>
				<timestamp>5266.728543</timestamp>
			</report>
			<report>
				<misses>16476001</misses>
				<total>40</total>
				<timestamp>5267.048218</timestamp>
			</report>
			<report>
				<misses>16477001</misses>
				<total>40</total>
				<timestamp>5267.367864</timestamp>
			</report>
			<report>
				<misses>16478001</misses>
				<total>40</total>
				<timestamp>5267.687573</timestamp>
			</report>
			<report>
				<misses>16479001</misses>
				<total>40</total>
				<timestamp>5268.007199</timestamp>
			</report>
			<report>
				<misses>16480001</misses>
				<total>40</total>
				<timestamp>5268.326939</timestamp>
			</report>
			<report>
				<misses>16481001</misses>
				<total>40</total>
				<timestamp>5268.646708</timestamp>
			</report>
			<report>
				<misses>16482001</misses>
				<total>40</total>
				<timestamp>5268.966255</timestamp>
			</report>
			<report>
				<misses>16483001</misses>
				<total>39</total>
				<timestamp>5269.286020</timestamp>
			</report>
			<report>
				<misses>16484001</misses>
				<total>40</total>
				<timestamp>5269.605739</timestamp>
			</report>
			<report>
				<misses>16485001</misses>
				<total>40</total>
				<timestamp>5269.925293</timestamp>
			</report>
			<report>
				<misses>16486001</misses>
				<total>40</total>
				<timestamp>5270.245016</timestamp>
			</report>
			<report>
				<misses>16487001</misses>
				<total>40</total>
				<timestamp>5270.564810</timestamp>
			</report>
			<report>
				<misses>16488001</misses>
				<total>39</total>
				<timestamp>5270.884416</timestamp>
			</report>
			<report>
				<misses>16489001</misses>
				<total>39</total>
				<timestamp>5271.204108</timestamp>
			</report>
			<report>
				<misses>16490001</misses>
				<total>40</total>
				<timestamp>5271.523762</timestamp>
			</report>
			<report>
				<misses>16491001</misses>
				<total>40</total>
				<timestamp>5271.843563</timestamp>
			</report>
			<report>
				<misses>16492001</misses>
				<total>39</total>
				<timestamp>5272.163214</timestamp>
			</report>
			<report>
				<misses>16493001</misses>
				<total>40</total>
				<timestamp>5272.482862</timestamp>
			</report>
			<report>
				<misses>16494001</misses>
				<total>40</total>
				<timestamp>5272.802428</timestamp>
			</report>
			<report>
				<misses>16495001</misses>
				<total>40</total>
				<timestamp>5273.122084</timestamp>
			</report>
			<report>
				<misses>16496001</misses>
				<total>40</total>
				<timestamp>5273.441830</timestamp>
			</report>
			<report>
				<misses>16497001</misses>
				<total>40</total>
				<timestamp>5273.761568</timestamp>
			</report>
			<report>
				<misses>16498001</misses>
				<total>40</total>
				<timestamp>5274.081126</timestamp>
			</report>
			<report>
				<misses>16499001</misses>
				<total>40</total>
				<timestamp>5274.400857</timestamp>
			</report>
			<report>
				<misses>16500001</misses>
				<total>40</total>
				<timestamp>5274.720548</timestamp>
			</report>
			<report>
				<misses>16501001</misses>
				<total>40</total>
				<timestamp>5275.040250</timestamp>
			</report>
			<report>
				<misses>16502001</misses>
				<total>40</total>
				<timestamp>5275.359917</timestamp>
			</report>
			<report>
				<misses>16503001</misses>
				<total>40</total>
				<timestamp>5275.679629</timestamp>
			</report>
			<report>
				<misses>16504001</misses>
				<total>39</total>
				<timestamp>5275.999296</timestamp>
			</report>
			<report>
				<misses>16505001</misses>
				<total>40</total>
				<timestamp>5276.318911</timestamp>
			</report>
			<report>
				<misses>16506001</misses>
				<total>40</total>
				<timestamp>5276.638564</timestamp>
			</report>
			<report>
				<misses>16507001</misses>
				<total>40</total>
				<timestamp>5276.958324</timestamp>
			</report>
			<report>
				<misses>16508001</misses>
				<total>40</total>
				<timestamp>5277.277945</timestamp>
			</report>
			<report>
				<misses>16509001</misses>
				<total>40</total>
				<timestamp>5277.597678</timestamp>
			</report>
			<report>
				<misses>16510001</misses>
				<total>40</total>
				<timestamp>5277.917278</timestamp>
			</report>
			<report>
				<misses>16511001</misses>
				<total>40</total>
				<timestamp>5278.237072</timestamp>
			</report>
			<report>
				<misses>16512001</misses>
				<total>40</total>
				<timestamp>5278.556799</timestamp>
			</report>
			<report>
				<misses>16513001</misses>
				<total>40</total>
				<timestamp>5278.876339</timestamp>
			</report>
			<report>
				<misses>16514001</misses>
				<total>40</total>
				<timestamp>5279.196035</timestamp>
			</report>
			<report>
				<misses>16515001</misses>
				<total>40</total>
				<timestamp>5279.515812</timestamp>
			</report>
			<report>
				<misses>16516001</misses>
				<total>40</total>
				<timestamp>5279.835376</timestamp>
			</report>
			<report>
				<misses>16517001</misses>
				<total>40</total>
				<timestamp>5280.155055</timestamp>
			</report>
			<report>
				<misses>16518001</misses>
				<total>40</total>
				<timestamp>5280.474785</timestamp>
			</report>
			<report>
				<misses>16519001</misses>
				<total>40</total>
				<timestamp>5280.794508</timestamp>
			</report>
			<report>
				<misses>16520001</misses>
				<total>40</total>
				<timestamp>5281.114237</timestamp>
			</report>
			<report>
				<misses>16521001</misses>
				<total>40</total>
				<timestamp>5281.433770</timestamp>
			</report>
			<report>
				<misses>16522001</misses>
				<total>40</total>
				<timestamp>5281.753525</timestamp>
			</report>
			<report>
				<misses>16523001</misses>
				<total>40</total>
				<timestamp>5282.073154</timestamp>
			</report>
			<report>
				<misses>16524001</misses>
				<total>40</total>
				<timestamp>5282.392822</timestamp>
			</report>
			<report>
				<misses>16525001</misses>
				<total>40</total>
				<timestamp>5282.712606</timestamp>
			</report>
			<report>
				<misses>16526001</misses>
				<total>40</total>
				<timestamp>5283.032210</timestamp>
			</report>
			<report>
				<misses>16527001</misses>
				<total>40</total>
				<timestamp>5283.351895</timestamp>
			</report>
			<report>
				<misses>16528001</misses>
				<total>40</total>
				<timestamp>5283.671580</timestamp>
			</report>
			<report>
				<misses>16529001</misses>
				<total>40</total>
				<timestamp>5283.991231</timestamp>
			</report>
			<report>
				<misses>16530001</misses>
				<total>40</total>
				<timestamp>5284.310911</timestamp>
			</report>
			<report>
				<misses>16531001</misses>
				<total>40</total>
				<timestamp>5284.630658</timestamp>
			</report>
			<report>
				<misses>16532001</misses>
				<total>40</total>
				<timestamp>5284.950267</timestamp>
			</report>
			<report>
				<misses>16533001</misses>
				<total>39</total>
				<timestamp>5285.270048</timestamp>
			</report>
			<report>
				<misses>16534001</misses>
				<total>40</total>
				<timestamp>5285.589646</timestamp>
			</report>
			<report>
				<misses>16535001</misses>
				<total>40</total>
				<timestamp>5285.909382</timestamp>
			</report>
			<report>
				<misses>16536001</misses>
				<total>40</total>
				<timestamp>5286.229045</timestamp>
			</report>
			<report>
				<misses>16537001</misses>
				<total>40</total>
				<timestamp>5286.548737</timestamp>
			</report>
			<report>
				<misses>16538001</misses>
				<total>39</total>
				<timestamp>5286.868494</timestamp>
			</report>
			<report>
				<misses>16539001</misses>
				<total>40</total>
				<timestamp>5287.188027</timestamp>
			</report>
			<report>
				<misses>16540001</misses>
				<total>40</total>
				<timestamp>5287.507789</timestamp>
			</report>
			<report>
				<misses>16541001</misses>
				<total>39</total>
				<timestamp>5287.827473</timestamp>
			</report>
			<report>
				<misses>16542001</misses>
				<total>40</total>
				<timestamp>5288.147123</timestamp>
			</report>
			<report>
				<misses>16543001</misses>
				<total>40</total>
				<timestamp>5288.466865</timestamp>
			</report>
			<report>
				<misses>16544001</misses>
				<total>40</total>
				<timestamp>5288.786408</timestamp>
			</report>
			<report>
				<misses>16545001</misses>
				<total>40</total>
				<timestamp>5289.106177</timestamp>
			</report>
			<report>
				<misses>16546001</misses>
				<total>40</total>
				<timestamp>5289.425845</timestamp>
			</report>
			<report>
				<misses>16547001</misses>
				<total>39</total>
				<timestamp>5289.745648</timestamp>
			</report>
			<report>
				<misses>16548001</misses>
				<total>39</total>
				<timestamp>5290.065279</timestamp>
			</report>
			<report>
				<misses>16549001</misses>
				<total>40</total>
				<timestamp>5290.384947</timestamp>
			</report>
			<report>
				<misses>16550001</misses>
				<total>40</total>
				<timestamp>5290.704506</timestamp>
			</report>
			<report>
				<misses>16551001</misses>
				<total>40</total>
				<timestamp>5291.024233</timestamp>
			</report>
			<report>
				<misses>16552001</misses>
				<total>40</total>
				<timestamp>5291.343894</timestamp>
			</report>
			<report>
				<misses>16553001</misses>
				<total>40</total>
				<timestamp>5291.663665</timestamp>
			</report>
			<report>
				<misses>16554001</misses>
				<total>40</total>
				<timestamp>5291.983308</timestamp>
			</report>
			<report>
				<misses>16555001</misses>
				<total>40</total>
				<timestamp>5292.302923</timestamp>
			</report>
			<report>
				<misses>16556001</misses>
				<total>40</total>
				<timestamp>5292.622598</timestamp>
			</report>
			<report>
				<misses>16557001</misses>
				<total>40</total>
				<timestamp>5292.942273</timestamp>
			</report>
			<report>
				<misses>16558001</misses>
				<total>40</total>
				<timestamp>5293.261957</timestamp>
			</report>
			<report>
				<misses>16559001</misses>
				<total>40</total>
				<timestamp>5293.581709</timestamp>
			</report>
			<report>
				<misses>16560001</misses>
				<total>40</total>
				<timestamp>5293.901289</timestamp>
			</report>
			<report>
				<misses>16561001</misses>
				<total>40</total>
				<timestamp>5294.220988</timestamp>
			</report>
			<report>
				<misses>16562001</misses>
				<total>39</total>
				<timestamp>5294.540842</timestamp>
			</report>
			<report>
				<misses>16563001</misses>
				<total>39</total>
				<timestamp>5294.860423</timestamp>
			</report>
			<report>
				<misses>16564001</misses>
				<total>40</total>
				<timestamp>5295.180068</timestamp>
			</report>
			<report>
				<misses>16565001</misses>
				<total>40</total>
				<timestamp>5295.499714</timestamp>
			</report>
			<report>
				<misses>16566001</misses>
				<total>40</total>
				<timestamp>5295.819430</timestamp>
			</report>
			<report>
				<misses>16567001</misses>
				<total>40</total>
				<timestamp>5296.139072</timestamp>
			</report>
			<report>
				<misses>16568001</misses>
				<total>39</total>
				<timestamp>5296.458947</timestamp>
			</report>
			<report>
				<misses>16569001</misses>
				<total>40</total>
				<timestamp>5296.778510</timestamp>
			</report>
			<report>
				<misses>16570001</misses>
				<total>39</total>
				<timestamp>5297.098176</timestamp>
			</report>
			<report>
				<misses>16571001</misses>
				<total>40</total>
				<timestamp>5297.417770</timestamp>
			</report>
			<report>
				<misses>16572001</misses>
				<total>40</total>
				<timestamp>5297.737562</timestamp>
			</report>
			<report>
				<misses>16573001</misses>
				<total>40</total>
				<timestamp>5298.057158</timestamp>
			</report>
			<report>
				<misses>16574001</misses>
				<total>40</total>
				<timestamp>5298.376878</timestamp>
			</report>
			<report>
				<misses>16575001</misses>
				<total>40</total>
				<timestamp>5298.696525</timestamp>
			</report>
			<report>
				<misses>16576001</misses>
				<total>40</total>
				<timestamp>5299.016197</timestamp>
			</report>
			<report>
				<misses>16577001</misses>
				<total>40</total>
				<timestamp>5299.335935</timestamp>
			</report>
			<report>
				<misses>16578001</misses>
				<total>40</total>
				<timestamp>5299.655556</timestamp>
			</report>
			<report>
				<misses>16579001</misses>
				<total>40</total>
				<timestamp>5299.975252</timestamp>
			</report>
			<report>
				<misses>16580001</misses>
				<total>40</total>
				<timestamp>5300.295023</timestamp>
			</report>
			<report>
				<misses>16581001</misses>
				<total>40</total>
				<timestamp>5300.614658</timestamp>
			</report>
			<report>
				<misses>16582001</misses>
				<total>40</total>
				<timestamp>5300.934267</timestamp>
			</report>
			<report>
				<misses>16583001</misses>
				<total>40</total>
				<timestamp>5301.253967</timestamp>
			</report>
			<report>
				<misses>16584001</misses>
				<total>40</total>
				<timestamp>5301.573715</timestamp>
			</report>
			<report>
				<misses>16585001</misses>
				<total>40</total>
				<timestamp>5301.893295</timestamp>
			</report>
			<report>
				<misses>16586001</misses>
				<total>40</total>
				<timestamp>5302.213030</timestamp>
			</report>
			<report>
				<misses>16587001</misses>
				<total>40</total>
				<timestamp>5302.532686</timestamp>
			</report>
			<report>
				<misses>16588001</misses>
				<total>40</total>
				<timestamp>5302.852374</timestamp>
			</report>
			<report>
				<misses>16589001</misses>
				<total>40</total>
				<timestamp>5303.172016</timestamp>
			</report>
			<report>
				<misses>16590001</misses>
				<total>40</total>
				<timestamp>5303.491756</timestamp>
			</report>
			<report>
				<misses>16591001</misses>
				<total>39</total>
				<timestamp>5303.811593</timestamp>
			</report>
			<report>
				<misses>16592001</misses>
				<total>39</total>
				<timestamp>5304.131213</timestamp>
			</report>
			<report>
				<misses>16593001</misses>
				<total>40</total>
				<timestamp>5304.450751</timestamp>
			</report>
			<report>
				<misses>16594001</misses>
				<total>40</total>
				<timestamp>5304.770397</timestamp>
			</report>
			<report>
				<misses>16595001</misses>
				<total>40</total>
				<timestamp>5305.090199</timestamp>
			</report>
			<report>
				<misses>16596001</misses>
				<total>40</total>
				<timestamp>5305.409838</timestamp>
			</report>
			<report>
				<misses>16597001</misses>
				<total>40</total>
				<timestamp>5305.729527</timestamp>
			</report>
			<report>
				<misses>16598001</misses>
				<total>40</total>
				<timestamp>5306.049137</timestamp>
			</report>
			<report>
				<misses>16599001</misses>
				<total>40</total>
				<timestamp>5306.368910</timestamp>
			</report>
			<report>
				<misses>16600001</misses>
				<total>40</total>
				<timestamp>5306.688571</timestamp>
			</report>
			<report>
				<misses>16601001</misses>
				<total>40</total>
				<timestamp>5307.008334</timestamp>
			</report>
			<report>
				<misses>16602001</misses>
				<total>40</total>
				<timestamp>5307.327927</timestamp>
			</report>
			<report>
				<misses>16603001</misses>
				<total>40</total>
				<timestamp>5307.647691</timestamp>
			</report>
			<report>
				<misses>16604001</misses>
				<total>40</total>
				<timestamp>5307.967192</timestamp>
			</report>
			<report>
				<misses>16605001</misses>
				<total>40</total>
				<timestamp>5308.286904</timestamp>
			</report>
			<report>
				<misses>16606001</misses>
				<total>40</total>
				<timestamp>5308.606719</timestamp>
			</report>
			<report>
				<misses>16607001</misses>
				<total>40</total>
				<timestamp>5308.926271</timestamp>
			</report>
			<report>
				<misses>16608001</misses>
				<total>39</total>
				<timestamp>5309.246017</timestamp>
			</report>
			<report>
				<misses>16609001</misses>
				<total>40</total>
				<timestamp>5309.565635</timestamp>
			</report>
			<report>
				<misses>16610001</misses>
				<total>40</total>
				<timestamp>5309.885335</timestamp>
			</report>
			<report>
				<misses>16611001</misses>
				<total>40</total>
				<timestamp>5310.205011</timestamp>
			</report>
			<report>
				<misses>16612001</misses>
				<total>40</total>
				<timestamp>5310.524673</timestamp>
			</report>
			<report>
				<misses>16613001</misses>
				<total>40</total>
				<timestamp>5310.844337</timestamp>
			</report>
			<report>
				<misses>16614001</misses>
				<total>40</total>
				<timestamp>5311.164087</timestamp>
			</report>
			<report>
				<misses>16615001</misses>
				<total>40</total>
				<timestamp>5311.483678</timestamp>
			</report>
			<report>
				<misses>16616001</misses>
				<total>40</total>
				<timestamp>5311.803471</timestamp>
			</report>
			<report>
				<misses>16617001</misses>
				<total>39</total>
				<timestamp>5312.123149</timestamp>
			</report>
			<report>
				<misses>16618001</misses>
				<total>40</total>
				<timestamp>5312.442837</timestamp>
			</report>
			<report>
				<misses>16619001</misses>
				<total>40</total>
				<timestamp>5312.762453</timestamp>
			</report>
			<report>
				<misses>16620001</misses>
				<total>40</total>
				<timestamp>5313.082117</timestamp>
			</report>
			<report>
				<misses>16621001</misses>
				<total>40</total>
				<timestamp>5313.401830</timestamp>
			</report>
			<report>
				<misses>16622001</misses>
				<total>40</total>
				<timestamp>5313.721576</timestamp>
			</report>
			<report>
				<misses>16623001</misses>
				<total>40</total>
				<timestamp>5314.041123</timestamp>
			</report>
			<report>
				<misses>16624001</misses>
				<total>40</total>
				<timestamp>5314.360836</timestamp>
			</report>
			<report>
				<misses>16625001</misses>
				<total>40</total>
				<timestamp>5314.680522</timestamp>
			</report>
			<report>
				<misses>16626001</misses>
				<total>40</total>
				<timestamp>5315.000289</timestamp>
			</report>
			<report>
				<misses>16627001</misses>
				<total>40</total>
				<timestamp>5315.319954</timestamp>
			</report>
			<report>
				<misses>16628001</misses>
				<total>40</total>
				<timestamp>5315.639558</timestamp>
			</report>
			<report>
				<misses>16629001</misses>
				<total>40</total>
				<timestamp>5315.959277</timestamp>
			</report>
			<report>
				<misses>16630001</misses>
				<total>40</total>
				<timestamp>5316.278889</timestamp>
			</report>
			<report>
				<misses>16631001</misses>
				<total>40</total>
				<timestamp>5316.598639</timestamp>
			</report>
			<report>
				<misses>16632001</misses>
				<total>40</total>
				<timestamp>5316.918338</timestamp>
			</report>
			<report>
				<misses>16633001</misses>
				<total>40</total>
				<timestamp>5317.237929</timestamp>
			</report>
			<report>
				<misses>16634001</misses>
				<total>40</total>
				<timestamp>5317.557714</timestamp>
			</report>
			<report>
				<misses>16635001</misses>
				<total>40</total>
				<timestamp>5317.877345</timestamp>
			</report>
			<report>
				<misses>16636001</misses>
				<total>39</total>
				<timestamp>5318.197102</timestamp>
			</report>
			<report>
				<misses>16637001</misses>
				<total>40</total>
				<timestamp>5318.516721</timestamp>
			</report>
			<report>
				<misses>16638001</misses>
				<total>40</total>
				<timestamp>5318.836455</timestamp>
			</report>
			<report>
				<misses>16639001</misses>
				<total>40</total>
				<timestamp>5319.156085</timestamp>
			</report>
			<report>
				<misses>16640001</misses>
				<total>40</total>
				<timestamp>5319.475721</timestamp>
			</report>
			<report>
				<misses>16641001</misses>
				<total>40</total>
				<timestamp>5319.795468</timestamp>
			</report>
			<report>
				<misses>16642001</misses>
				<total>40</total>
				<timestamp>5320.115113</timestamp>
			</report>
			<report>
				<misses>16643001</misses>
				<total>40</total>
				<timestamp>5320.434814</timestamp>
			</report>
			<report>
				<misses>16644001</misses>
				<total>40</total>
				<timestamp>5320.754431</timestamp>
			</report>
			<report>
				<misses>16645001</misses>
				<total>40</total>
				<timestamp>5321.074118</timestamp>
			</report>
			<report>
				<misses>16646001</misses>
				<total>40</total>
				<timestamp>5321.393791</timestamp>
			</report>
			<report>
				<misses>16647001</misses>
				<total>40</total>
				<timestamp>5321.713587</timestamp>
			</report>
			<report>
				<misses>16648001</misses>
				<total>40</total>
				<timestamp>5322.033190</timestamp>
			</report>
			<report>
				<misses>16649001</misses>
				<total>40</total>
				<timestamp>5322.352886</timestamp>
			</report>
			<report>
				<misses>16650001</misses>
				<total>40</total>
				<timestamp>5322.672527</timestamp>
			</report>
			<report>
				<misses>16651001</misses>
				<total>40</total>
				<timestamp>5322.992157</timestamp>
			</report>
			<report>
				<misses>16652001</misses>
				<total>40</total>
				<timestamp>5323.311947</timestamp>
			</report>
			<report>
				<misses>16653001</misses>
				<total>40</total>
				<timestamp>5323.631562</timestamp>
			</report>
			<report>
				<misses>16654001</misses>
				<total>40</total>
				<timestamp>5323.951261</timestamp>
			</report>
			<report>
				<misses>16655001</misses>
				<total>39</total>
				<timestamp>5324.271002</timestamp>
			</report>
			<report>
				<misses>16656001</misses>
				<total>40</total>
				<timestamp>5324.590700</timestamp>
			</report>
			<report>
				<misses>16657001</misses>
				<total>40</total>
				<timestamp>5324.910282</timestamp>
			</report>
			<report>
				<misses>16658001</misses>
				<total>39</total>
				<timestamp>5325.230103</timestamp>
			</report>
			<report>
				<misses>16659001</misses>
				<total>39</total>
				<timestamp>5325.549714</timestamp>
			</report>
			<report>
				<misses>16660001</misses>
				<total>40</total>
				<timestamp>5325.869276</timestamp>
			</report>
			<report>
				<misses>16661001</misses>
				<total>40</total>
				<timestamp>5326.189087</timestamp>
			</report>
			<report>
				<misses>16662001</misses>
				<total>40</total>
				<timestamp>5326.508719</timestamp>
			</report>
			<report>
				<misses>16663001</misses>
				<total>40</total>
				<timestamp>5326.828365</timestamp>
			</report>
			<report>
				<misses>16664001</misses>
				<total>40</total>
				<timestamp>5327.148100</timestamp>
			</report>
			<report>
				<misses>16665001</misses>
				<total>40</total>
				<timestamp>5327.467827</timestamp>
			</report>
			<report>
				<misses>16666001</misses>
				<total>40</total>
				<timestamp>5327.787431</timestamp>
			</report>
			<report>
				<misses>16667001</misses>
				<total>40</total>
				<timestamp>5328.107048</timestamp>
			</report>
			<report>
				<misses>16668001</misses>
				<total>40</total>
				<timestamp>5328.426770</timestamp>
			</report>
			<report>
				<misses>16669001</misses>
				<total>40</total>
				<timestamp>5328.746442</timestamp>
			</report>
			<report>
				<misses>16670001</misses>
				<total>40</total>
				<timestamp>5329.066205</timestamp>
			</report>
			<report>
				<misses>16671001</misses>
				<total>40</total>
				<timestamp>5329.385803</timestamp>
			</report>
			<report>
				<misses>16672001</misses>
				<total>40</total>
				<timestamp>5329.705570</timestamp>
			</report>
			<report>
				<misses>16673001</misses>
				<total>40</total>
				<timestamp>5330.025167</timestamp>
			</report>
			<report>
				<misses>16674001</misses>
				<total>40</total>
				<timestamp>5330.344830</timestamp>
			</report>
			<report>
				<misses>16675001</misses>
				<total>40</total>
				<timestamp>5330.664493</timestamp>
			</report>
			<report>
				<misses>16676001</misses>
				<total>40</total>
				<timestamp>5330.984186</timestamp>
			</report>
			<report>
				<misses>16677001</misses>
				<total>40</total>
				<timestamp>5331.303936</timestamp>
			</report>
			<report>
				<misses>16678001</misses>
				<total>40</total>
				<timestamp>5331.623543</timestamp>
			</report>
			<report>
				<misses>16679001</misses>
				<total>40</total>
				<timestamp>5331.943234</timestamp>
			</report>
			<report>
				<misses>16680001</misses>
				<total>40</total>
				<timestamp>5332.262951</timestamp>
			</report>
			<report>
				<misses>16681001</misses>
				<total>40</total>
				<timestamp>5332.582586</timestamp>
			</report>
			<report>
				<misses>16682001</misses>
				<total>40</total>
				<timestamp>5332.902271</timestamp>
			</report>
			<report>
				<misses>16683001</misses>
				<total>40</total>
				<timestamp>5333.221999</timestamp>
			</report>
			<report>
				<misses>16684001</misses>
				<total>40</total>
				<timestamp>5333.541651</timestamp>
			</report>
			<report>
				<misses>16685001</misses>
				<total>40</total>
				<timestamp>5333.861336</timestamp>
			</report>
			<report>
				<misses>16686001</misses>
				<total>40</total>
				<timestamp>5334.180990</timestamp>
			</report>
			<report>
				<misses>16687001</misses>
				<total>40</total>
				<timestamp>5334.500717</timestamp>
			</report>
			<report>
				<misses>16688001</misses>
				<total>40</total>
				<timestamp>5334.820392</timestamp>
			</report>
			<report>
				<misses>16689001</misses>
				<total>40</total>
				<timestamp>5335.140020</timestamp>
			</report>
			<report>
				<misses>16690001</misses>
				<total>40</total>
				<timestamp>5335.459703</timestamp>
			</report>
			<report>
				<misses>16691001</misses>
				<total>40</total>
				<timestamp>5335.779363</timestamp>
			</report>
			<report>
				<misses>16692001</misses>
				<total>40</total>
				<timestamp>5336.099149</timestamp>
			</report>
			<report>
				<misses>16693001</misses>
				<total>40</total>
				<timestamp>5336.418774</timestamp>
			</report>
			<report>
				<misses>16694001</misses>
				<total>40</total>
				<timestamp>5336.738474</timestamp>
			</report>
			<report>
				<misses>16695001</misses>
				<total>40</total>
				<timestamp>5337.058114</timestamp>
			</report>
			<report>
				<misses>16696001</misses>
				<total>40</total>
				<timestamp>5337.377854</timestamp>
			</report>
			<report>
				<misses>16697001</misses>
				<total>39</total>
				<timestamp>5337.697540</timestamp>
			</report>
			<report>
				<misses>16698001</misses>
				<total>40</total>
				<timestamp>5338.017201</timestamp>
			</report>
			<report>
				<misses>16699001</misses>
				<total>40</total>
				<timestamp>5338.336813</timestamp>
			</report>
			<report>
				<misses>16700001</misses>
				<total>40</total>
				<timestamp>5338.656569</timestamp>
			</report>
			<report>
				<misses>16701001</misses>
				<total>39</total>
				<timestamp>5338.976263</timestamp>
			</report>
			<report>
				<misses>16702001</misses>
				<total>40</total>
				<timestamp>5339.295951</timestamp>
			</report>
			<report>
				<misses>16703001</misses>
				<total>40</total>
				<timestamp>5339.615700</timestamp>
			</report>
			<report>
				<misses>16704001</misses>
				<total>40</total>
				<timestamp>5339.935245</timestamp>
			</report>
			<report>
				<misses>16705001</misses>
				<total>40</total>
				<timestamp>5340.255016</timestamp>
			</report>
			<report>
				<misses>16706001</misses>
				<total>40</total>
				<timestamp>5340.574642</timestamp>
			</report>
			<report>
				<misses>16707001</misses>
				<total>40</total>
				<timestamp>5340.894285</timestamp>
			</report>
			<report>
				<misses>16708001</misses>
				<total>40</total>
				<timestamp>5341.214002</timestamp>
			</report>
			<report>
				<misses>16709001</misses>
				<total>40</total>
				<timestamp>5341.533616</timestamp>
			</report>
			<report>
				<misses>16710001</misses>
				<total>40</total>
				<timestamp>5341.853282</timestamp>
			</report>
			<report>
				<misses>16711001</misses>
				<total>40</total>
				<timestamp>5342.172993</timestamp>
			</report>
			<report>
				<misses>16712001</misses>
				<total>40</total>
				<timestamp>5342.492716</timestamp>
			</report>
			<report>
				<misses>16713001</misses>
				<total>40</total>
				<timestamp>5342.812337</timestamp>
			</report>
			<report>
				<misses>16714001</misses>
				<total>39</total>
				<timestamp>5343.132131</timestamp>
			</report>
			<report>
				<misses>16715001</misses>
				<total>40</total>
				<timestamp>5343.451757</timestamp>
			</report>
			<report>
				<misses>16716001</misses>
				<total>39</total>
				<timestamp>5343.771513</timestamp>
			</report>
			<report>
				<misses>16717001</misses>
				<total>40</total>
				<timestamp>5344.091210</timestamp>
			</report>
			<report>
				<misses>16718001</misses>
				<total>40</total>
				<timestamp>5344.410823</timestamp>
			</report>
			<report>
				<misses>16719001</misses>
				<total>40</total>
				<timestamp>5344.730417</timestamp>
			</report>
			<report>
				<misses>16720001</misses>
				<total>40</total>
				<timestamp>5345.050133</timestamp>
			</report>
			<report>
				<misses>16721001</misses>
				<total>40</total>
				<timestamp>5345.369826</timestamp>
			</report>
			<report>
				<misses>16722001</misses>
				<total>40</total>
				<timestamp>5345.689481</timestamp>
			</report>
			<report>
				<misses>16723001</misses>
				<total>40</total>
				<timestamp>5346.009117</timestamp>
			</report>
			<report>
				<misses>16724001</misses>
				<total>39</total>
				<timestamp>5346.329030</timestamp>
			</report>
			<report>
				<misses>16725001</misses>
				<total>40</total>
				<timestamp>5346.648537</timestamp>
			</report>
			<report>
				<misses>16726001</misses>
				<total>40</total>
				<timestamp>5346.968236</timestamp>
			</report>
			<report>
				<misses>16727001</misses>
				<total>40</total>
				<timestamp>5347.288022</timestamp>
			</report>
			<report>
				<misses>16728001</misses>
				<total>40</total>
				<timestamp>5347.607555</timestamp>
			</report>
			<report>
				<misses>16729001</misses>
				<total>40</total>
				<timestamp>5347.927234</timestamp>
			</report>
			<report>
				<misses>16730001</misses>
				<total>40</total>
				<timestamp>5348.247004</timestamp>
			</report>
			<report>
				<misses>16731001</misses>
				<total>40</total>
				<timestamp>5348.566560</timestamp>
			</report>
			<report>
				<misses>16732001</misses>
				<total>40</total>
				<timestamp>5348.886318</timestamp>
			</report>
			<report>
				<misses>16733001</misses>
				<total>40</total>
				<timestamp>5349.205937</timestamp>
			</report>
			<report>
				<misses>16734001</misses>
				<total>40</total>
				<timestamp>5349.525699</timestamp>
			</report>
			<report>
				<misses>16735001</misses>
				<total>40</total>
				<timestamp>5349.845319</timestamp>
			</report>
			<report>
				<misses>16736001</misses>
				<total>40</total>
				<timestamp>5350.165047</timestamp>
			</report>
			<report>
				<misses>16737001</misses>
				<total>40</total>
				<timestamp>5350.484719</timestamp>
			</report>
			<report>
				<misses>16738001</misses>
				<total>40</total>
				<timestamp>5350.804329</timestamp>
			</report>
			<report>
				<misses>16739001</misses>
				<total>40</total>
				<timestamp>5351.124076</timestamp>
			</report>
			<report>
				<misses>16740001</misses>
				<total>40</total>
				<timestamp>5351.443695</timestamp>
			</report>
			<report>
				<misses>16741001</misses>
				<total>40</total>
				<timestamp>5351.763368</timestamp>
			</report>
			<report>
				<misses>16742001</misses>
				<total>40</total>
				<timestamp>5352.083099</timestamp>
			</report>
			<report>
				<misses>16743001</misses>
				<total>40</total>
				<timestamp>5352.402852</timestamp>
			</report>
			<report>
				<misses>16744001</misses>
				<total>40</total>
				<timestamp>5352.722477</timestamp>
			</report>
			<report>
				<misses>16745001</misses>
				<total>40</total>
				<timestamp>5353.042142</timestamp>
			</report>
			<report>
				<misses>16746001</misses>
				<total>40</total>
				<timestamp>5353.361772</timestamp>
			</report>
			<report>
				<misses>16747001</misses>
				<total>40</total>
				<timestamp>5353.681449</timestamp>
			</report>
			<report>
				<misses>16748001</misses>
				<total>40</total>
				<timestamp>5354.001201</timestamp>
			</report>
			<report>
				<misses>16749001</misses>
				<total>40</total>
				<timestamp>5354.320833</timestamp>
			</report>
			<report>
				<misses>16750001</misses>
				<total>40</total>
				<timestamp>5354.640501</timestamp>
			</report>
			<report>
				<misses>16751001</misses>
				<total>40</total>
				<timestamp>5354.960221</timestamp>
			</report>
			<report>
				<misses>16752001</misses>
				<total>40</total>
				<timestamp>5355.279878</timestamp>
			</report>
			<report>
				<misses>16753001</misses>
				<total>40</total>
				<timestamp>5355.599588</timestamp>
			</report>
			<report>
				<misses>16754001</misses>
				<total>40</total>
				<timestamp>5355.919208</timestamp>
			</report>
			<report>
				<misses>16755001</misses>
				<total>40</total>
				<timestamp>5356.239024</timestamp>
			</report>
			<report>
				<misses>16756001</misses>
				<total>40</total>
				<timestamp>5356.558633</timestamp>
			</report>
			<report>
				<misses>16757001</misses>
				<total>40</total>
				<timestamp>5356.878335</timestamp>
			</report>
			<report>
				<misses>16758001</misses>
				<total>40</total>
				<timestamp>5357.197996</timestamp>
			</report>
			<report>
				<misses>16759001</misses>
				<total>40</total>
				<timestamp>5357.517662</timestamp>
			</report>
			<report>
				<misses>16760001</misses>
				<total>40</total>
				<timestamp>5357.837365</timestamp>
			</report>
			<report>
				<misses>16761001</misses>
				<total>40</total>
				<timestamp>5358.157065</timestamp>
			</report>
			<report>
				<misses>16762001</misses>
				<total>40</total>
				<timestamp>5358.476702</timestamp>
			</report>
			<report>
				<misses>16763001</misses>
				<total>40</total>
				<timestamp>5358.796357</timestamp>
			</report>
			<report>
				<misses>16764001</misses>
				<total>40</total>
				<timestamp>5359.116038</timestamp>
			</report>
			<report>
				<misses>16765001</misses>
				<total>40</total>
				<timestamp>5359.435836</timestamp>
			</report>
			<report>
				<misses>16766001</misses>
				<total>40</total>
				<timestamp>5359.755398</timestamp>
			</report>
			<report>
				<misses>16767001</misses>
				<total>39</total>
				<timestamp>5360.075147</timestamp>
			</report>
			<report>
				<misses>16768001</misses>
				<total>40</total>
				<timestamp>5360.394748</timestamp>
			</report>
			<report>
				<misses>16769001</misses>
				<total>39</total>
				<timestamp>5360.714527</timestamp>
			</report>
			<report>
				<misses>16770001</misses>
				<total>40</total>
				<timestamp>5361.034144</timestamp>
			</report>
			<report>
				<misses>16771001</misses>
				<total>40</total>
				<timestamp>5361.353831</timestamp>
			</report>
			<report>
				<misses>16772001</misses>
				<total>39</total>
				<timestamp>5361.673563</timestamp>
			</report>
			<report>
				<misses>16773001</misses>
				<total>40</total>
				<timestamp>5361.993145</timestamp>
			</report>
			<report>
				<misses>16774001</misses>
				<total>40</total>
				<timestamp>5362.312913</timestamp>
			</report>
			<report>
				<misses>16775001</misses>
				<total>40</total>
				<timestamp>5362.632558</timestamp>
			</report>
			<report>
				<misses>16776001</misses>
				<total>40</total>
				<timestamp>5362.952236</timestamp>
			</report>
			<report>
				<misses>16777001</misses>
				<total>40</total>
				<timestamp>5363.271879</timestamp>
			</report>
			<report>
				<misses>16778001</misses>
				<total>40</total>
				<timestamp>5363.591556</timestamp>
			</report>
			<report>
				<misses>16779001</misses>
				<total>40</total>
				<timestamp>5363.911340</timestamp>
			</report>
			<report>
				<misses>16780001</misses>
				<total>40</total>
				<timestamp>5364.230904</timestamp>
			</report>
			<report>
				<misses>16781001</misses>
				<total>40</total>
				<timestamp>5364.550613</timestamp>
			</report>
			<report>
				<misses>16782001</misses>
				<total>40</total>
				<timestamp>5364.870260</timestamp>
			</report>
			<report>
				<misses>16783001</misses>
				<total>40</total>
				<timestamp>5365.189960</timestamp>
			</report>
			<report>
				<misses>16784001</misses>
				<total>40</total>
				<timestamp>5365.509724</timestamp>
			</report>
			<report>
				<misses>16785001</misses>
				<total>40</total>
				<timestamp>5365.829311</timestamp>
			</report>
			<report>
				<misses>16786001</misses>
				<total>40</total>
				<timestamp>5366.149027</timestamp>
			</report>
			<report>
				<misses>16787001</misses>
				<total>40</total>
				<timestamp>5366.468707</timestamp>
			</report>
			<report>
				<misses>16788001</misses>
				<total>40</total>
				<timestamp>5366.788390</timestamp>
			</report>
			<report>
				<misses>16789001</misses>
				<total>40</total>
				<timestamp>5367.108120</timestamp>
			</report>
			<report>
				<misses>16790001</misses>
				<total>40</total>
				<timestamp>5367.427714</timestamp>
			</report>
			<report>
				<misses>16791001</misses>
				<total>40</total>
				<timestamp>5367.747423</timestamp>
			</report>
			<report>
				<misses>16792001</misses>
				<total>40</total>
				<timestamp>5368.067106</timestamp>
			</report>
			<report>
				<misses>16793001</misses>
				<total>40</total>
				<timestamp>5368.386852</timestamp>
			</report>
			<report>
				<misses>16794001</misses>
				<total>40</total>
				<timestamp>5368.706423</timestamp>
			</report>
			<report>
				<misses>16795001</misses>
				<total>40</total>
				<timestamp>5369.026293</timestamp>
			</report>
			<report>
				<misses>16796001</misses>
				<total>40</total>
				<timestamp>5369.345772</timestamp>
			</report>
			<report>
				<misses>16797001</misses>
				<total>40</total>
				<timestamp>5369.665455</timestamp>
			</report>
			<report>
				<misses>16798001</misses>
				<total>40</total>
				<timestamp>5369.985154</timestamp>
			</report>
			<report>
				<misses>16799001</misses>
				<total>40</total>
				<timestamp>5370.304832</timestamp>
			</report>
			<report>
				<misses>16800001</misses>
				<total>40</total>
				<timestamp>5370.624542</timestamp>
			</report>
			<report>
				<misses>16801001</misses>
				<total>40</total>
				<timestamp>5370.944158</timestamp>
			</report>
			<report>
				<misses>16802001</misses>
				<total>40</total>
				<timestamp>5371.264078</timestamp>
			</report>
			<report>
				<misses>16803001</misses>
				<total>40</total>
				<timestamp>5371.583533</timestamp>
			</report>
			<report>
				<misses>16804001</misses>
				<total>40</total>
				<timestamp>5371.903225</timestamp>
			</report>
			<report>
				<misses>16805001</misses>
				<total>40</total>
				<timestamp>5372.222897</timestamp>
			</report>
			<report>
				<misses>16806001</misses>
				<total>40</total>
				<timestamp>5372.542694</timestamp>
			</report>
			<report>
				<misses>16807001</misses>
				<total>40</total>
				<timestamp>5372.862303</timestamp>
			</report>
			<report>
				<misses>16808001</misses>
				<total>40</total>
				<timestamp>5373.181960</timestamp>
			</report>
			<report>
				<misses>16809001</misses>
				<total>40</total>
				<timestamp>5373.501705</timestamp>
			</report>
			<report>
				<misses>16810001</misses>
				<total>40</total>
				<timestamp>5373.821307</timestamp>
			</report>
			<report>
				<misses>16811001</misses>
				<total>39</total>
				<timestamp>5374.141064</timestamp>
			</report>
			<report>
				<misses>16812001</misses>
				<total>40</total>
				<timestamp>5374.460721</timestamp>
			</report>
			<report>
				<misses>16813001</misses>
				<total>40</total>
				<timestamp>5374.780371</timestamp>
			</report>
			<report>
				<misses>16814001</misses>
				<total>40</total>
				<timestamp>5375.100032</timestamp>
			</report>
			<report>
				<misses>16815001</misses>
				<total>40</total>
				<timestamp>5375.419836</timestamp>
			</report>
			<report>
				<misses>16816001</misses>
				<total>40</total>
				<timestamp>5375.739380</timestamp>
			</report>
			<report>
				<misses>16817001</misses>
				<total>40</total>
				<timestamp>5376.059116</timestamp>
			</report>
			<report>
				<misses>16818001</misses>
				<total>40</total>
				<timestamp>5376.378788</timestamp>
			</report>
			<report>
				<misses>16819001</misses>
				<total>40</total>
				<timestamp>5376.698587</timestamp>
			</report>
			<report>
				<misses>16820001</misses>
				<total>40</total>
				<timestamp>5377.018134</timestamp>
			</report>
			<report>
				<misses>16821001</misses>
				<total>40</total>
				<timestamp>5377.337816</timestamp>
			</report>
			<report>
				<misses>16822001</misses>
				<total>40</total>
				<timestamp>5377.657444</timestamp>
			</report>
			<report>
				<misses>16823001</misses>
				<total>40</total>
				<timestamp>5377.977123</timestamp>
			</report>
			<report>
				<misses>16824001</misses>
				<total>40</total>
				<timestamp>5378.296884</timestamp>
			</report>
			<report>
				<misses>16825001</misses>
				<total>40</total>
				<timestamp>5378.616490</timestamp>
			</report>
			<report>
				<misses>16826001</misses>
				<total>40</total>
				<timestamp>5378.936167</timestamp>
			</report>
			<report>
				<misses>16827001</misses>
				<total>40</total>
				<timestamp>5379.255941</timestamp>
			</report>
			<report>
				<misses>16828001</misses>
				<total>40</total>
				<timestamp>5379.575527</timestamp>
			</report>
			<report>
				<misses>16829001</misses>
				<total>40</total>
				<timestamp>5379.895215</timestamp>
			</report>
			<report>
				<misses>16830001</misses>
				<total>40</total>
				<timestamp>5380.214902</timestamp>
			</report>
			<report>
				<misses>16831001</misses>
				<total>40</total>
				<timestamp>5380.534583</timestamp>
			</report>
			<report>
				<misses>16832001</misses>
				<total>40</total>
				<timestamp>5380.854240</timestamp>
			</report>
			<report>
				<misses>16833001</misses>
				<total>40</total>
				<timestamp>5381.174183</timestamp>
			</report>
			<report>
				<misses>16834001</misses>
				<total>40</total>
				<timestamp>5381.493641</timestamp>
			</report>
			<report>
				<misses>16835001</misses>
				<total>40</total>
				<timestamp>5381.813291</timestamp>
			</report>
			<report>
				<misses>16836001</misses>
				<total>40</total>
				<timestamp>5382.133063</timestamp>
			</report>
			<report>
				<misses>16837001</misses>
				<total>40</total>
				<timestamp>5382.452698</timestamp>
			</report>
			<report>
				<misses>16838001</misses>
				<total>40</total>
				<timestamp>5382.772352</timestamp>
			</report>
			<report>
				<misses>16839001</misses>
				<total>40</total>
				<timestamp>5383.092072</timestamp>
			</report>
			<report>
				<misses>16840001</misses>
				<total>40</total>
				<timestamp>5383.411711</timestamp>
			</report>
			<report>
				<misses>16841001</misses>
				<total>40</total>
				<timestamp>5383.731425</timestamp>
			</report>
			<report>
				<misses>16842001</misses>
				<total>40</total>
				<timestamp>5384.051067</timestamp>
			</report>
			<report>
				<misses>16843001</misses>
				<total>40</total>
				<timestamp>5384.370781</timestamp>
			</report>
			<report>
				<misses>16844001</misses>
				<total>40</total>
				<timestamp>5384.690486</timestamp>
			</report>
			<report>
				<misses>16845001</misses>
				<total>40</total>
				<timestamp>5385.010151</timestamp>
			</report>
			<report>
				<misses>16846001</misses>
				<total>40</total>
				<timestamp>5385.329837</timestamp>
			</report>
			<report>
				<misses>16847001</misses>
				<total>40</total>
				<timestamp>5385.649487</timestamp>
			</report>
			<report>
				<misses>16848001</misses>
				<total>40</total>
				<timestamp>5385.969148</timestamp>
			</report>
			<report>
				<misses>16849001</misses>
				<total>40</total>
				<timestamp>5386.288861</timestamp>
			</report>
			<report>
				<misses>16850001</misses>
				<total>40</total>
				<timestamp>5386.608573</timestamp>
			</report>
			<report>
				<misses>16851001</misses>
				<total>40</total>
				<timestamp>5386.928194</timestamp>
			</report>
			<report>
				<misses>16852001</misses>
				<total>40</total>
				<timestamp>5387.247879</timestamp>
			</report>
			<report>
				<misses>16853001</misses>
				<total>40</total>
				<timestamp>5387.567593</timestamp>
			</report>
			<report>
				<misses>16854001</misses>
				<total>40</total>
				<timestamp>5387.887205</timestamp>
			</report>
			<report>
				<misses>16855001</misses>
				<total>39</total>
				<timestamp>5388.206996</timestamp>
			</report>
			<report>
				<misses>16856001</misses>
				<total>40</total>
				<timestamp>5388.526602</timestamp>
			</report>
			<report>
				<misses>16857001</misses>
				<total>40</total>
				<timestamp>5388.846332</timestamp>
			</report>
			<report>
				<misses>16858001</misses>
				<total>39</total>
				<timestamp>5389.166092</timestamp>
			</report>
			<report>
				<misses>16859001</misses>
				<total>40</total>
				<timestamp>5389.485722</timestamp>
			</report>
			<report>
				<misses>16860001</misses>
				<total>39</total>
				<timestamp>5389.805450</timestamp>
			</report>
			<report>
				<misses>16861001</misses>
				<total>40</total>
				<timestamp>5390.125077</timestamp>
			</report>
			<report>
				<misses>16862001</misses>
				<total>40</total>
				<timestamp>5390.444704</timestamp>
			</report>
			<report>
				<misses>16863001</misses>
				<total>40</total>
				<timestamp>5390.764320</timestamp>
			</report>
			<report>
				<misses>16864001</misses>
				<total>40</total>
				<timestamp>5391.084019</timestamp>
			</report>
			<report>
				<misses>16865001</misses>
				<total>39</total>
				<timestamp>5391.403823</timestamp>
			</report>
			<report>
				<misses>16866001</misses>
				<total>40</total>
				<timestamp>5391.723588</timestamp>
			</report>
			<report>
				<misses>16867001</misses>
				<total>40</total>
				<timestamp>5392.043197</timestamp>
			</report>
			<report>
				<misses>16868001</misses>
				<total>40</total>
				<timestamp>5392.362803</timestamp>
			</report>
			<report>
				<misses>16869001</misses>
				<total>40</total>
				<timestamp>5392.682432</timestamp>
			</report>
			<report>
				<misses>16870001</misses>
				<total>40</total>
				<timestamp>5393.002093</timestamp>
			</report>
			<report>
				<misses>16871001</misses>
				<total>40</total>
				<timestamp>5393.321830</timestamp>
			</report>
			<report>
				<misses>16872001</misses>
				<total>40</total>
				<timestamp>5393.641429</timestamp>
			</report>
			<report>
				<misses>16873001</misses>
				<total>40</total>
				<timestamp>5393.961213</timestamp>
			</report>
			<report>
				<misses>16874001</misses>
				<total>40</total>
				<timestamp>5394.280958</timestamp>
			</report>
			<report>
				<misses>16875001</misses>
				<total>40</total>
				<timestamp>5394.600477</timestamp>
			</report>
			<report>
				<misses>16876001</misses>
				<total>40</total>
				<timestamp>5394.920216</timestamp>
			</report>
			<report>
				<misses>16877001</misses>
				<total>39</total>
				<timestamp>5395.239956</timestamp>
			</report>
			<report>
				<misses>16878001</misses>
				<total>40</total>
				<timestamp>5395.559571</timestamp>
			</report>
			<report>
				<misses>16879001</misses>
				<total>40</total>
				<timestamp>5395.879242</timestamp>
			</report>
			<report>
				<misses>16880001</misses>
				<total>40</total>
				<timestamp>5396.198932</timestamp>
			</report>
			<report>
				<misses>16881001</misses>
				<total>40</total>
				<timestamp>5396.518624</timestamp>
			</report>
			<report>
				<misses>16882001</misses>
				<total>40</total>
				<timestamp>5396.838238</timestamp>
			</report>
			<report>
				<misses>16883001</misses>
				<total>40</total>
				<timestamp>5397.157960</timestamp>
			</report>
			<report>
				<misses>16884001</misses>
				<total>40</total>
				<timestamp>5397.477643</timestamp>
			</report>
			<report>
				<misses>16885001</misses>
				<total>40</total>
				<timestamp>5397.797324</timestamp>
			</report>
			<report>
				<misses>16886001</misses>
				<total>40</total>
				<timestamp>5398.116980</timestamp>
			</report>
			<report>
				<misses>16887001</misses>
				<total>40</total>
				<timestamp>5398.436670</timestamp>
			</report>
			<report>
				<misses>16888001</misses>
				<total>40</total>
				<timestamp>5398.756344</timestamp>
			</report>
			<report>
				<misses>16889001</misses>
				<total>40</total>
				<timestamp>5399.076004</timestamp>
			</report>
			<report>
				<misses>16890001</misses>
				<total>40</total>
				<timestamp>5399.395711</timestamp>
			</report>
			<report>
				<misses>16891001</misses>
				<total>39</total>
				<timestamp>5399.715565</timestamp>
			</report>
			<report>
				<misses>16892001</misses>
				<total>41</total>
				<timestamp>5400.035203</timestamp>
			</report>
			<report>
				<misses>16893001</misses>
				<total>41</total>
				<timestamp>5400.354876</timestamp>
			</report>
			<report>
				<misses>16894001</misses>
				<total>41</total>
				<timestamp>5400.674500</timestamp>
			</report>
			<report>
				<misses>16895001</misses>
				<total>41</total>
				<timestamp>5400.994148</timestamp>
			</report>
			<report>
				<misses>16896001</misses>
				<total>41</total>
				<timestamp>5401.313857</timestamp>
			</report>
			<report>
				<misses>16897001</misses>
				<total>41</total>
				<timestamp>5401.633450</timestamp>
			</report>
			<report>
				<misses>16898001</misses>
				<total>41</total>
				<timestamp>5401.953150</timestamp>
			</report>
			<report>
				<misses>16899001</misses>
				<total>41</total>
				<timestamp>5402.272825</timestamp>
			</report>
			<report>
				<misses>16900001</misses>
				<total>41</total>
				<timestamp>5402.592580</timestamp>
			</report>
			<report>
				<misses>16901001</misses>
				<total>41</total>
				<timestamp>5402.912247</timestamp>
			</report>
			<report>
				<misses>16902001</misses>
				<total>41</total>
				<timestamp>5403.231949</timestamp>
			</report>
			<report>
				<misses>16903001</misses>
				<total>41</total>
				<timestamp>5403.551594</timestamp>
			</report>
			<report>
				<misses>16904001</misses>
				<total>41</total>
				<timestamp>5403.871195</timestamp>
			</report>
			<report>
				<misses>16905001</misses>
				<total>41</total>
				<timestamp>5404.190908</timestamp>
			</report>
			<report>
				<misses>16906001</misses>
				<total>41</total>
				<timestamp>5404.510699</timestamp>
			</report>
			<report>
				<misses>16907001</misses>
				<total>41</total>
				<timestamp>5404.830254</timestamp>
			</report>
			<report>
				<misses>16908001</misses>
				<total>41</total>
				<timestamp>5405.149926</timestamp>
			</report>
			<report>
				<misses>16909001</misses>
				<total>41</total>
				<timestamp>5405.469746</timestamp>
			</report>
			<report>
				<misses>16910001</misses>
				<total>41</total>
				<timestamp>5405.789328</timestamp>
			</report>
			<report>
				<misses>16911001</misses>
				<total>40</total>
				<timestamp>5406.109061</timestamp>
			</report>
			<report>
				<misses>16912001</misses>
				<total>40</total>
				<timestamp>5406.428747</timestamp>
			</report>
			<report>
				<misses>16913001</misses>
				<total>41</total>
				<timestamp>5406.748335</timestamp>
			</report>
			<report>
				<misses>16914001</misses>
				<total>41</total>
				<timestamp>5407.068031</timestamp>
			</report>
			<report>
				<misses>16915001</misses>
				<total>41</total>
				<timestamp>5407.387845</timestamp>
			</report>
			<report>
				<misses>16916001</misses>
				<total>41</total>
				<timestamp>5407.707371</timestamp>
			</report>
			<report>
				<misses>16917001</misses>
				<total>41</total>
				<timestamp>5408.027087</timestamp>
			</report>
			<report>
				<misses>16918001</misses>
				<total>41</total>
				<timestamp>5408.346765</timestamp>
			</report>
			<report>
				<misses>16919001</misses>
				<total>41</total>
				<timestamp>5408.666436</timestamp>
			</report>
			<report>
				<misses>16920001</misses>
				<total>41</total>
				<timestamp>5408.986125</timestamp>
			</report>
			<report>
				<misses>16921001</misses>
				<total>41</total>
				<timestamp>5409.305763</timestamp>
			</report>
			<report>
				<misses>16922001</misses>
				<total>41</total>
				<timestamp>5409.625443</timestamp>
			</report>
			<report>
				<misses>16923001</misses>
				<total>41</total>
				<timestamp>5409.945115</timestamp>
			</report>
			<report>
				<misses>16924001</misses>
				<total>41</total>
				<timestamp>5410.264851</timestamp>
			</report>
			<report>
				<misses>16925001</misses>
				<total>40</total>
				<timestamp>5410.584588</timestamp>
			</report>
			<report>
				<misses>16926001</misses>
				<total>41</total>
				<timestamp>5410.904295</timestamp>
			</report>
			<report>
				<misses>16927001</misses>
				<total>41</total>
				<timestamp>5411.223890</timestamp>
			</report>
			<report>
				<misses>16928001</misses>
				<total>41</total>
				<timestamp>5411.543617</timestamp>
			</report>
			<report>
				<misses>16929001</misses>
				<total>41</total>
				<timestamp>5411.863200</timestamp>
			</report>
			<report>
				<misses>16930001</misses>
				<total>41</total>
				<timestamp>5412.182935</timestamp>
			</report>
			<report>
				<misses>16931001</misses>
				<total>40</total>
				<timestamp>5412.502704</timestamp>
			</report>
			<report>
				<misses>16932001</misses>
				<total>41</total>
				<timestamp>5412.822257</timestamp>
			</report>
			<report>
				<misses>16933001</misses>
				<total>41</total>
				<timestamp>5413.141946</timestamp>
			</report>
			<report>
				<misses>16934001</misses>
				<total>41</total>
				<timestamp>5413.461686</timestamp>
			</report>
			<report>
				<misses>16935001</misses>
				<total>41</total>
				<timestamp>5413.781308</timestamp>
			</report>
			<report>
				<misses>16936001</misses>
				<total>41</total>
				<timestamp>5414.101034</timestamp>
			</report>
			<report>
				<misses>16937001</misses>
				<total>41</total>
				<timestamp>5414.420811</timestamp>
			</report>
			<report>
				<misses>16938001</misses>
				<total>41</total>
				<timestamp>5414.740349</timestamp>
			</report>
			<report>
				<misses>16939001</misses>
				<total>41</total>
				<timestamp>5415.060011</timestamp>
			</report>
			<report>
				<misses>16940001</misses>
				<total>41</total>
				<timestamp>5415.379819</timestamp>
			</report>
			<report>
				<misses>16941001</misses>
				<total>41</total>
				<timestamp>5415.699367</timestamp>
			</report>
			<report>
				<misses>16942001</misses>
				<total>41</total>
				<timestamp>5416.019221</timestamp>
			</report>
			<report>
				<misses>16943001</misses>
				<total>41</total>
				<timestamp>5416.338823</timestamp>
			</report>
			<report>
				<misses>16944001</misses>
				<total>41</total>
				<timestamp>5416.658585</timestamp>
			</report>
			<report>
				<misses>16945001</misses>
				<total>41</total>
				<timestamp>5416.978167</timestamp>
			</report>
			<report>
				<misses>16946001</misses>
				<total>40</total>
				<timestamp>5417.297941</timestamp>
			</report>
			<report>
				<misses>16947001</misses>
				<total>41</total>
				<timestamp>5417.617527</timestamp>
			</report>
			<report>
				<misses>16948001</misses>
				<total>41</total>
				<timestamp>5417.937142</timestamp>
			</report>
			<report>
				<misses>16949001</misses>
				<total>41</total>
				<timestamp>5418.256963</timestamp>
			</report>
			<report>
				<misses>16950001</misses>
				<total>41</total>
				<timestamp>5418.576477</timestamp>
			</report>
			<report>
				<misses>16951001</misses>
				<total>41</total>
				<timestamp>5418.896158</timestamp>
			</report>
			<report>
				<misses>16952001</misses>
				<total>41</total>
				<timestamp>5419.215940</timestamp>
			</report>
			<report>
				<misses>16953001</misses>
				<total>41</total>
				<timestamp>5419.535665</timestamp>
			</report>
			<report>
				<misses>16954001</misses>
				<total>41</total>
				<timestamp>5419.855213</timestamp>
			</report>
			<report>
				<misses>16955001</misses>
				<total>41</total>
				<timestamp>5420.175056</timestamp>
			</report>
			<report>
				<misses>16956001</misses>
				<total>41</total>
				<timestamp>5420.494637</timestamp>
			</report>
			<report>
				<misses>16957001</misses>
				<total>41</total>
				<timestamp>5420.814287</timestamp>
			</report>
			<report>
				<misses>16958001</misses>
				<total>41</total>
				<timestamp>5421.133953</timestamp>
			</report>
			<report>
				<misses>16959001</misses>
				<total>41</total>
				<timestamp>5421.453638</timestamp>
			</report>
			<report>
				<misses>16960001</misses>
				<total>41</total>
				<timestamp>5421.773299</timestamp>
			</report>
			<report>
				<misses>16961001</misses>
				<total>41</total>
				<timestamp>5422.093067</timestamp>
			</report>
			<report>
				<misses>16962001</misses>
				<total>41</total>
				<timestamp>5422.412712</timestamp>
			</report>
			<report>
				<misses>16963001</misses>
				<total>41</total>
				<timestamp>5422.732357</timestamp>
			</report>
			<report>
				<misses>16964001</misses>
				<total>41</total>
				<timestamp>5423.052064</timestamp>
			</report>
			<report>
				<misses>16965001</misses>
				<total>41</total>
				<timestamp>5423.371738</timestamp>
			</report>
			<report>
				<misses>16966001</misses>
				<total>41</total>
				<timestamp>5423.691484</timestamp>
			</report>
			<report>
				<misses>16967001</misses>
				<total>41</total>
				<timestamp>5424.011056</timestamp>
			</report>
			<report>
				<misses>16968001</misses>
				<total>41</total>
				<timestamp>5424.330782</timestamp>
			</report>
			<report>
				<misses>16969001</misses>
				<total>41</total>
				<timestamp>5424.650408</timestamp>
			</report>
			<report>
				<misses>16970001</misses>
				<total>41</total>
				<timestamp>5424.970195</timestamp>
			</report>
			<report>
				<misses>16971001</misses>
				<total>41</total>
				<timestamp>5425.289816</timestamp>
			</report>
			<report>
				<misses>16972001</misses>
				<total>41</total>
				<timestamp>5425.609434</timestamp>
			</report>
			<report>
				<misses>16973001</misses>
				<total>41</total>
				<timestamp>5425.929239</timestamp>
			</report>
			<report>
				<misses>16974001</misses>
				<total>41</total>
				<timestamp>5426.248860</timestamp>
			</report>
			<report>
				<misses>16975001</misses>
				<total>41</total>
				<timestamp>5426.568563</timestamp>
			</report>
			<report>
				<misses>16976001</misses>
				<total>41</total>
				<timestamp>5426.888229</timestamp>
			</report>
			<report>
				<misses>16977001</misses>
				<total>41</total>
				<timestamp>5427.207857</timestamp>
			</report>
			<report>
				<misses>16978001</misses>
				<total>41</total>
				<timestamp>5427.527709</timestamp>
			</report>
			<report>
				<misses>16979001</misses>
				<total>41</total>
				<timestamp>5427.847228</timestamp>
			</report>
			<report>
				<misses>16980001</misses>
				<total>41</total>
				<timestamp>5428.166954</timestamp>
			</report>
			<report>
				<misses>16981001</misses>
				<total>40</total>
				<timestamp>5428.486728</timestamp>
			</report>
			<report>
				<misses>16982001</misses>
				<total>41</total>
				<timestamp>5428.806269</timestamp>
			</report>
			<report>
				<misses>16983001</misses>
				<total>41</total>
				<timestamp>5429.126094</timestamp>
			</report>
			<report>
				<misses>16984001</misses>
				<total>41</total>
				<timestamp>5429.445818</timestamp>
			</report>
			<report>
				<misses>16985001</misses>
				<total>41</total>
				<timestamp>5429.765333</timestamp>
			</report>
			<report>
				<misses>16986001</misses>
				<total>41</total>
				<timestamp>5430.085028</timestamp>
			</report>
			<report>
				<misses>16987001</misses>
				<total>41</total>
				<timestamp>5430.404754</timestamp>
			</report>
			<report>
				<misses>16988001</misses>
				<total>41</total>
				<timestamp>5430.724361</timestamp>
			</report>
			<report>
				<misses>16989001</misses>
				<total>41</total>
				<timestamp>5431.044084</timestamp>
			</report>
			<report>
				<misses>16990001</misses>
				<total>41</total>
				<timestamp>5431.363742</timestamp>
			</report>
			<report>
				<misses>16991001</misses>
				<total>41</total>
				<timestamp>5431.683365</timestamp>
			</report>
			<report>
				<misses>16992001</misses>
				<total>41</total>
				<timestamp>5432.003034</timestamp>
			</report>
			<report>
				<misses>16993001</misses>
				<total>41</total>
				<timestamp>5432.322831</timestamp>
			</report>
			<report>
				<misses>16994001</misses>
				<total>41</total>
				<timestamp>5432.642418</timestamp>
			</report>
			<report>
				<misses>16995001</misses>
				<total>41</total>
				<timestamp>5432.962156</timestamp>
			</report>
			<report>
				<misses>16996001</misses>
				<total>40</total>
				<timestamp>5433.281950</timestamp>
			</report>
			<report>
				<misses>16997001</misses>
				<total>41</total>
				<timestamp>5433.601468</timestamp>
			</report>
			<report>
				<misses>16998001</misses>
				<total>40</total>
				<timestamp>5433.921224</timestamp>
			</report>
			<report>
				<misses>16999001</misses>
				<total>41</total>
				<timestamp>5434.240818</timestamp>
			</report>
			<report>
				<misses>17000001</misses>
				<total>41</total>
				<timestamp>5434.560583</timestamp>
			</report>
			<report>
				<misses>17001001</misses>
				<total>41</total>
				<timestamp>5434.880194</timestamp>
			</report>
			<report>
				<misses>17002001</misses>
				<total>40</total>
				<timestamp>5435.200098</timestamp>
			</report>
			<report>
				<misses>17003001</misses>
				<total>41</total>
				<timestamp>5435.519549</timestamp>
			</report>
			<report>
				<misses>17004001</misses>
				<total>41</total>
				<timestamp>5435.839239</timestamp>
			</report>
			<report>
				<misses>17005001</misses>
				<total>41</total>
				<timestamp>5436.158952</timestamp>
			</report>
			<report>
				<misses>17006001</misses>
				<total>41</total>
				<timestamp>5436.478693</timestamp>
			</report>
			<report>
				<misses>17007001</misses>
				<total>41</total>
				<timestamp>5436.798239</timestamp>
			</report>
			<report>
				<misses>17008001</misses>
				<total>41</total>
				<timestamp>5437.117922</timestamp>
			</report>
			<report>
				<misses>17009001</misses>
				<total>41</total>
				<timestamp>5437.437683</timestamp>
			</report>
			<report>
				<misses>17010001</misses>
				<total>41</total>
				<timestamp>5437.757312</timestamp>
			</report>
			<report>
				<misses>17011001</misses>
				<total>41</total>
				<timestamp>5438.077009</timestamp>
			</report>
			<report>
				<misses>17012001</misses>
				<total>41</total>
				<timestamp>5438.396706</timestamp>
			</report>
			<report>
				<misses>17013001</misses>
				<total>41</total>
				<timestamp>5438.716325</timestamp>
			</report>
			<report>
				<misses>17014001</misses>
				<total>41</total>
				<timestamp>5439.036000</timestamp>
			</report>
			<report>
				<misses>17015001</misses>
				<total>41</total>
				<timestamp>5439.355857</timestamp>
			</report>
			<report>
				<misses>17016001</misses>
				<total>41</total>
				<timestamp>5439.675362</timestamp>
			</report>
			<report>
				<misses>17017001</misses>
				<total>41</total>
				<timestamp>5439.995041</timestamp>
			</report>
			<report>
				<misses>17018001</misses>
				<total>41</total>
				<timestamp>5440.314781</timestamp>
			</report>
			<report>
				<misses>17019001</misses>
				<total>40</total>
				<timestamp>5440.634544</timestamp>
			</report>
			<report>
				<misses>17020001</misses>
				<total>41</total>
				<timestamp>5440.954184</timestamp>
			</report>
			<report>
				<misses>17021001</misses>
				<total>41</total>
				<timestamp>5441.273794</timestamp>
			</report>
			<report>
				<misses>17022001</misses>
				<total>41</total>
				<timestamp>5441.593582</timestamp>
			</report>
			<report>
				<misses>17023001</misses>
				<total>41</total>
				<timestamp>5441.913127</timestamp>
			</report>
			<report>
				<misses>17024001</misses>
				<total>41</total>
				<timestamp>5442.232922</timestamp>
			</report>
			<report>
				<misses>17025001</misses>
				<total>41</total>
				<timestamp>5442.552528</timestamp>
			</report>
			<report>
				<misses>17026001</misses>
				<total>41</total>
				<timestamp>5442.872291</timestamp>
			</report>
			<report>
				<misses>17027001</misses>
				<total>41</total>
				<timestamp>5443.191945</timestamp>
			</report>
			<report>
				<misses>17028001</misses>
				<total>41</total>
				<timestamp>5443.511569</timestamp>
			</report>
			<report>
				<misses>17029001</misses>
				<total>41</total>
				<timestamp>5443.831220</timestamp>
			</report>
			<report>
				<misses>17030001</misses>
				<total>41</total>
				<timestamp>5444.150906</timestamp>
			</report>
			<report>
				<misses>17031001</misses>
				<total>41</total>
				<timestamp>5444.470620</timestamp>
			</report>
			<report>
				<misses>17032001</misses>
				<total>41</total>
				<timestamp>5444.790299</timestamp>
			</report>
			<report>
				<misses>17033001</misses>
				<total>41</total>
				<timestamp>5445.109975</timestamp>
			</report>
			<report>
				<misses>17034001</misses>
				<total>41</total>
				<timestamp>5445.429735</timestamp>
			</report>
			<report>
				<misses>17035001</misses>
				<total>40</total>
				<timestamp>5445.749434</timestamp>
			</report>
			<report>
				<misses>17036001</misses>
				<total>41</total>
				<timestamp>5446.068985</timestamp>
			</report>
			<report>
				<misses>17037001</misses>
				<total>41</total>
				<timestamp>5446.388763</timestamp>
			</report>
			<report>
				<misses>17038001</misses>
				<total>40</total>
				<timestamp>5446.708454</timestamp>
			</report>
			<report>
				<misses>17039001</misses>
				<total>41</total>
				<timestamp>5447.027994</timestamp>
			</report>
			<report>
				<misses>17040001</misses>
				<total>41</total>
				<timestamp>5447.347713</timestamp>
			</report>
			<report>
				<misses>17041001</misses>
				<total>40</total>
				<timestamp>5447.667491</timestamp>
			</report>
			<report>
				<misses>17042001</misses>
				<total>41</total>
				<timestamp>5447.987134</timestamp>
			</report>
			<report>
				<misses>17043001</misses>
				<total>41</total>
				<timestamp>5448.306736</timestamp>
			</report>
			<report>
				<misses>17044001</misses>
				<total>41</total>
				<timestamp>5448.626453</timestamp>
			</report>
			<report>
				<misses>17045001</misses>
				<total>41</total>
				<timestamp>5448.946135</timestamp>
			</report>
			<report>
				<misses>17046001</misses>
				<total>41</total>
				<timestamp>5449.265849</timestamp>
			</report>
			<report>
				<misses>17047001</misses>
				<total>41</total>
				<timestamp>5449.585580</timestamp>
			</report>
			<report>
				<misses>17048001</misses>
				<total>41</total>
				<timestamp>5449.905215</timestamp>
			</report>
			<report>
				<misses>17049001</misses>
				<total>41</total>
				<timestamp>5450.224836</timestamp>
			</report>
			<report>
				<misses>17050001</misses>
				<total>41</total>
				<timestamp>5450.544489</timestamp>
			</report>
			<report>
				<misses>17051001</misses>
				<total>41</total>
				<timestamp>5450.864219</timestamp>
			</report>
			<report>
				<misses>17052001</misses>
				<total>41</total>
				<timestamp>5451.183952</timestamp>
			</report>
			<report>
				<misses>17053001</misses>
				<total>41</total>
				<timestamp>5451.503593</timestamp>
			</report>
			<report>
				<misses>17054001</misses>
				<total>41</total>
				<timestamp>5451.823200</timestamp>
			</report>
			<report>
				<misses>17055001</misses>
				<total>41</total>
				<timestamp>5452.143061</timestamp>
			</report>
			<report>
				<misses>17056001</misses>
				<total>41</total>
				<timestamp>5452.462602</timestamp>
			</report>
			<report>
				<misses>17057001</misses>
				<total>41</total>
				<timestamp>5452.782386</timestamp>
			</report>
			<report>
				<misses>17058001</misses>
				<total>41</total>
				<timestamp>5453.102073</timestamp>
			</report>
			<report>
				<misses>17059001</misses>
				<total>41</total>
				<timestamp>5453.421618</timestamp>
			</report>
			<report>
				<misses>17060001</misses>
				<total>41</total>
				<timestamp>5453.741347</timestamp>
			</report>
			<report>
				<misses>17061001</misses>
				<total>43</total>
				<timestamp>5454.061022</timestamp>
			</report>
			<report>
				<misses>17062001</misses>
				<total>43</total>
				<timestamp>5454.380669</timestamp>
			</report>
			<report>
				<misses>17063001</misses>
				<total>43</total>
				<timestamp>5454.700416</timestamp>
			</report>
			<report>
				<misses>17064001</misses>
				<total>43</total>
				<timestamp>5455.020000</timestamp>
			</report>
			<report>
				<misses>17065001</misses>
				<total>43</total>
				<timestamp>5455.339725</timestamp>
			</report>
			<report>
				<misses>17066001</misses>
				<total>42</total>
				<timestamp>5455.659481</timestamp>
			</report>
			<report>
				<misses>17067001</misses>
				<total>43</total>
				<timestamp>5455.979052</timestamp>
			</report>
			<report>
				<misses>17068001</misses>
				<total>43</total>
				<timestamp>5456.298818</timestamp>
			</report>
			<report>
				<misses>17069001</misses>
				<total>43</total>
				<timestamp>5456.618433</timestamp>
			</report>
			<report>
				<misses>17070001</misses>
				<total>43</total>
				<timestamp>5456.938115</timestamp>
			</report>
			<report>
				<misses>17071001</misses>
				<total>43</total>
				<timestamp>5457.257796</timestamp>
			</report>
			<report>
				<misses>17072001</misses>
				<total>43</total>
				<timestamp>5457.577588</timestamp>
			</report>
			<report>
				<misses>17073001</misses>
				<total>43</total>
				<timestamp>5457.897195</timestamp>
			</report>
			<report>
				<misses>17074001</misses>
				<total>43</total>
				<timestamp>5458.216821</timestamp>
			</report>
			<report>
				<misses>17075001</misses>
				<total>43</total>
				<timestamp>5458.536656</timestamp>
			</report>
			<report>
				<misses>17076001</misses>
				<total>43</total>
				<timestamp>5458.856192</timestamp>
			</report>
			<report>
				<misses>17077001</misses>
				<total>43</total>
				<timestamp>5459.175908</timestamp>
			</report>
			<report>
				<misses>17078001</misses>
				<total>43</total>
				<timestamp>5459.495568</timestamp>
			</report>
			<report>
				<misses>17079001</misses>
				<total>43</total>
				<timestamp>5459.815299</timestamp>
			</report>
			<report>
				<misses>17080001</misses>
				<total>43</total>
				<timestamp>5460.134943</timestamp>
			</report>
			<report>
				<misses>17081001</misses>
				<total>43</total>
				<timestamp>5460.454694</timestamp>
			</report>
			<report>
				<misses>17082001</misses>
				<total>43</total>
				<timestamp>5460.774257</timestamp>
			</report>
			<report>
				<misses>17083001</misses>
				<total>43</total>
				<timestamp>5461.094065</timestamp>
			</report>
			<report>
				<misses>17084001</misses>
				<total>43</total>
				<timestamp>5461.413637</timestamp>
			</report>
			<report>
				<misses>17085001</misses>
				<total>43</total>
				<timestamp>5461.733326</timestamp>
			</report>
			<report>
				<misses>17086001</misses>
				<total>43</total>
				<timestamp>5462.052983</timestamp>
			</report>
			<report>
				<misses>17087001</misses>
				<total>43</total>
				<timestamp>5462.372638</timestamp>
			</report>
			<report>
				<misses>17088001</misses>
				<total>43</total>
				<timestamp>5462.692433</timestamp>
			</report>
			<report>
				<misses>17089001</misses>
				<total>43</total>
				<timestamp>5463.012082</timestamp>
			</report>
			<report>
				<misses>17090001</misses>
				<total>43</total>
				<timestamp>5463.331728</timestamp>
			</report>
			<report>
				<misses>17091001</misses>
				<total>43</total>
				<timestamp>5463.651395</timestamp>
			</report>
			<report>
				<misses>17092001</misses>
				<total>43</total>
				<timestamp>5463.971121</timestamp>
			</report>
			<report>
				<misses>17093001</misses>
				<total>43</total>
				<timestamp>5464.290802</timestamp>
			</report>
			<report>
				<misses>17094001</misses>
				<total>43</total>
				<timestamp>5464.610500</timestamp>
			</report>
			<report>
				<misses>17095001</misses>
				<total>43</total>
				<timestamp>5464.930130</timestamp>
			</report>
			<report>
				<misses>17096001</misses>
				<total>43</total>
				<timestamp>5465.249793</timestamp>
			</report>
			<report>
				<misses>17097001</misses>
				<total>43</total>
				<timestamp>5465.569572</timestamp>
			</report>
			<report>
				<misses>17098001</misses>
				<total>43</total>
				<timestamp>5465.889132</timestamp>
			</report>
			<report>
				<misses>17099001</misses>
				<total>43</total>
				<timestamp>5466.208805</timestamp>
			</report>
			<report>
				<misses>17100001</misses>
				<total>43</total>
				<timestamp>5466.528515</timestamp>
			</report>
			<report>
				<misses>17101001</misses>
				<total>43</total>
				<timestamp>5466.848161</timestamp>
			</report>
			<report>
				<misses>17102001</misses>
				<total>43</total>
				<timestamp>5467.167861</timestamp>
			</report>
			<report>
				<misses>17103001</misses>
				<total>43</total>
				<timestamp>5467.487548</timestamp>
			</report>
			<report>
				<misses>17104001</misses>
				<total>43</total>
				<timestamp>5467.807230</timestamp>
			</report>
			<report>
				<misses>17105001</misses>
				<total>43</total>
				<timestamp>5468.126885</timestamp>
			</report>
			<report>
				<misses>17106001</misses>
				<total>43</total>
				<timestamp>5468.446573</timestamp>
			</report>
			<report>
				<misses>17107001</misses>
				<total>43</total>
				<timestamp>5468.766241</timestamp>
			</report>
			<report>
				<misses>17108001</misses>
				<total>43</total>
				<timestamp>5469.085914</timestamp>
			</report>
			<report>
				<misses>17109001</misses>
				<total>43</total>
				<timestamp>5469.405597</timestamp>
			</report>
			<report>
				<misses>17110001</misses>
				<total>43</total>
				<timestamp>5469.725335</timestamp>
			</report>
			<report>
				<misses>17111001</misses>
				<total>43</total>
				<timestamp>5470.044985</timestamp>
			</report>
			<report>
				<misses>17112001</misses>
				<total>43</total>
				<timestamp>5470.364705</timestamp>
			</report>
			<report>
				<misses>17113001</misses>
				<total>43</total>
				<timestamp>5470.684379</timestamp>
			</report>
			<report>
				<misses>17114001</misses>
				<total>43</total>
				<timestamp>5471.004081</timestamp>
			</report>
			<report>
				<misses>17115001</misses>
				<total>43</total>
				<timestamp>5471.323724</timestamp>
			</report>
			<report>
				<misses>17116001</misses>
				<total>43</total>
				<timestamp>5471.643466</timestamp>
			</report>
			<report>
				<misses>17117001</misses>
				<total>43</total>
				<timestamp>5471.963082</timestamp>
			</report>
			<report>
				<misses>17118001</misses>
				<total>43</total>
				<timestamp>5472.282720</timestamp>
			</report>
			<report>
				<misses>17119001</misses>
				<total>43</total>
				<timestamp>5472.602570</timestamp>
			</report>
			<report>
				<misses>17120001</misses>
				<total>42</total>
				<timestamp>5472.922192</timestamp>
			</report>
			<report>
				<misses>17121001</misses>
				<total>43</total>
				<timestamp>5473.241796</timestamp>
			</report>
			<report>
				<misses>17122001</misses>
				<total>43</total>
				<timestamp>5473.561511</timestamp>
			</report>
			<report>
				<misses>17123001</misses>
				<total>43</total>
				<timestamp>5473.881248</timestamp>
			</report>
			<report>
				<misses>17124001</misses>
				<total>43</total>
				<timestamp>5474.200812</timestamp>
			</report>
			<report>
				<misses>17125001</misses>
				<total>43</total>
				<timestamp>5474.520595</timestamp>
			</report>
			<report>
				<misses>17126001</misses>
				<total>43</total>
				<timestamp>5474.840176</timestamp>
			</report>
			<report>
				<misses>17127001</misses>
				<total>43</total>
				<timestamp>5475.159879</timestamp>
			</report>
			<report>
				<misses>17128001</misses>
				<total>43</total>
				<timestamp>5475.479584</timestamp>
			</report>
			<report>
				<misses>17129001</misses>
				<total>42</total>
				<timestamp>5475.799312</timestamp>
			</report>
			<report>
				<misses>17130001</misses>
				<total>43</total>
				<timestamp>5476.118927</timestamp>
			</report>
			<report>
				<misses>17131001</misses>
				<total>43</total>
				<timestamp>5476.438592</timestamp>
			</report>
			<report>
				<misses>17132001</misses>
				<total>43</total>
				<timestamp>5476.758276</timestamp>
			</report>
			<report>
				<misses>17133001</misses>
				<total>43</total>
				<timestamp>5477.078060</timestamp>
			</report>
			<report>
				<misses>17134001</misses>
				<total>43</total>
				<timestamp>5477.397595</timestamp>
			</report>
			<report>
				<misses>17135001</misses>
				<total>43</total>
				<timestamp>5477.717312</timestamp>
			</report>
			<report>
				<misses>17136001</misses>
				<total>43</total>
				<timestamp>5478.036954</timestamp>
			</report>
			<report>
				<misses>17137001</misses>
				<total>43</total>
				<timestamp>5478.356639</timestamp>
			</report>
			<report>
				<misses>17138001</misses>
				<total>43</total>
				<timestamp>5478.676516</timestamp>
			</report>
			<report>
				<misses>17139001</misses>
				<total>43</total>
				<timestamp>5478.996044</timestamp>
			</report>
			<report>
				<misses>17140001</misses>
				<total>43</total>
				<timestamp>5479.315755</timestamp>
			</report>
			<report>
				<misses>17141001</misses>
				<total>43</total>
				<timestamp>5479.635382</timestamp>
			</report>
			<report>
				<misses>17142001</misses>
				<total>43</total>
				<timestamp>5479.955040</timestamp>
			</report>
			<report>
				<misses>17143001</misses>
				<total>42</total>
				<timestamp>5480.274851</timestamp>
			</report>
			<report>
				<misses>17144001</misses>
				<total>43</total>
				<timestamp>5480.594404</timestamp>
			</report>
			<report>
				<misses>17145001</misses>
				<total>43</total>
				<timestamp>5480.914085</timestamp>
			</report>
			<report>
				<misses>17146001</misses>
				<total>43</total>
				<timestamp>5481.233761</timestamp>
			</report>
			<report>
				<misses>17147001</misses>
				<total>43</total>
				<timestamp>5481.553468</timestamp>
			</report>
			<report>
				<misses>17148001</misses>
				<total>43</total>
				<timestamp>5481.873247</timestamp>
			</report>
			<report>
				<misses>17149001</misses>
				<total>43</total>
				<timestamp>5482.192938</timestamp>
			</report>
			<report>
				<misses>17150001</misses>
				<total>43</total>
				<timestamp>5482.512556</timestamp>
			</report>
			<report>
				<misses>17151001</misses>
				<total>42</total>
				<timestamp>5482.832289</timestamp>
			</report>
			<report>
				<misses>17152001</misses>
				<total>43</total>
				<timestamp>5483.151848</timestamp>
			</report>
			<report>
				<misses>17153001</misses>
				<total>43</total>
				<timestamp>5483.471567</timestamp>
			</report>
			<report>
				<misses>17154001</misses>
				<total>42</total>
				<timestamp>5483.791333</timestamp>
			</report>
			<report>
				<misses>17155001</misses>
				<total>43</total>
				<timestamp>5484.110889</timestamp>
			</report>
			<report>
				<misses>17156001</misses>
				<total>43</total>
				<timestamp>5484.430709</timestamp>
			</report>
			<report>
				<misses>17157001</misses>
				<total>43</total>
				<timestamp>5484.750271</timestamp>
			</report>
			<report>
				<misses>17158001</misses>
				<total>43</total>
				<timestamp>5485.069984</timestamp>
			</report>
			<report>
				<misses>17159001</misses>
				<total>42</total>
				<timestamp>5485.389715</timestamp>
			</report>
			<report>
				<misses>17160001</misses>
				<total>43</total>
				<timestamp>5485.709382</timestamp>
			</report>
			<report>
				<misses>17161001</misses>
				<total>43</total>
				<timestamp>5486.029057</timestamp>
			</report>
			<report>
				<misses>17162001</misses>
				<total>43</total>
				<timestamp>5486.348725</timestamp>
			</report>
			<report>
				<misses>17163001</misses>
				<total>43</total>
				<timestamp>5486.668319</timestamp>
			</report>
			<report>
				<misses>17164001</misses>
				<total>43</total>
				<timestamp>5486.988035</timestamp>
			</report>
			<report>
				<misses>17165001</misses>
				<total>43</total>
				<timestamp>5487.307694</timestamp>
			</report>
			<report>
				<misses>17166001</misses>
				<total>43</total>
				<timestamp>5487.627396</timestamp>
			</report>
			<report>
				<misses>17167001</misses>
				<total>42</total>
				<timestamp>5487.947168</timestamp>
			</report>
			<report>
				<misses>17168001</misses>
				<total>43</total>
				<timestamp>5488.266733</timestamp>
			</report>
			<report>
				<misses>17169001</misses>
				<total>43</total>
				<timestamp>5488.586433</timestamp>
			</report>
			<report>
				<misses>17170001</misses>
				<total>43</total>
				<timestamp>5488.906100</timestamp>
			</report>
			<report>
				<misses>17171001</misses>
				<total>43</total>
				<timestamp>5489.225821</timestamp>
			</report>
			<report>
				<misses>17172001</misses>
				<total>43</total>
				<timestamp>5489.545456</timestamp>
			</report>
			<report>
				<misses>17173001</misses>
				<total>43</total>
				<timestamp>5489.865183</timestamp>
			</report>
			<report>
				<misses>17174001</misses>
				<total>43</total>
				<timestamp>5490.184828</timestamp>
			</report>
			<report>
				<misses>17175001</misses>
				<total>43</total>
				<timestamp>5490.504585</timestamp>
			</report>
			<report>
				<misses>17176001</misses>
				<total>43</total>
				<timestamp>5490.824220</timestamp>
			</report>
			<report>
				<misses>17177001</misses>
				<total>43</total>
				<timestamp>5491.143955</timestamp>
			</report>
			<report>
				<misses>17178001</misses>
				<total>42</total>
				<timestamp>5491.463645</timestamp>
			</report>
			<report>
				<misses>17179001</misses>
				<total>43</total>
				<timestamp>5491.783218</timestamp>
			</report>
			<report>
				<misses>17180001</misses>
				<total>43</total>
				<timestamp>5492.102933</timestamp>
			</report>
			<report>
				<misses>17181001</misses>
				<total>43</total>
				<timestamp>5492.422617</timestamp>
			</report>
			<report>
				<misses>17182001</misses>
				<total>43</total>
				<timestamp>5492.742277</timestamp>
			</report>
			<report>
				<misses>17183001</misses>
				<total>43</total>
				<timestamp>5493.061918</timestamp>
			</report>
			<report>
				<misses>17184001</misses>
				<total>43</total>
				<timestamp>5493.381647</timestamp>
			</report>
			<report>
				<misses>17185001</misses>
				<total>43</total>
				<timestamp>5493.701352</timestamp>
			</report>
			<report>
				<misses>17186001</misses>
				<total>43</total>
				<timestamp>5494.021076</timestamp>
			</report>
			<report>
				<misses>17187001</misses>
				<total>43</total>
				<timestamp>5494.340719</timestamp>
			</report>
			<report>
				<misses>17188001</misses>
				<total>43</total>
				<timestamp>5494.660397</timestamp>
			</report>
			<report>
				<misses>17189001</misses>
				<total>43</total>
				<timestamp>5494.980023</timestamp>
			</report>
			<report>
				<misses>17190001</misses>
				<total>43</total>
				<timestamp>5495.299711</timestamp>
			</report>
			<report>
				<misses>17191001</misses>
				<total>43</total>
				<timestamp>5495.619385</timestamp>
			</report>
			<report>
				<misses>17192001</misses>
				<total>43</total>
				<timestamp>5495.939078</timestamp>
			</report>
			<report>
				<misses>17193001</misses>
				<total>43</total>
				<timestamp>5496.258783</timestamp>
			</report>
			<report>
				<misses>17194001</misses>
				<total>43</total>
				<timestamp>5496.578427</timestamp>
			</report>
			<report>
				<misses>17195001</misses>
				<total>43</total>
				<timestamp>5496.898104</timestamp>
			</report>
			<report>
				<misses>17196001</misses>
				<total>43</total>
				<timestamp>5497.217831</timestamp>
			</report>
			<report>
				<misses>17197001</misses>
				<total>43</total>
				<timestamp>5497.537449</timestamp>
			</report>
			<report>
				<misses>17198001</misses>
				<total>43</total>
				<timestamp>5497.857157</timestamp>
			</report>
			<report>
				<misses>17199001</misses>
				<total>43</total>
				<timestamp>5498.176950</timestamp>
			</report>
			<report>
				<misses>17200001</misses>
				<total>42</total>
				<timestamp>5498.496608</timestamp>
			</report>
			<report>
				<misses>17201001</misses>
				<total>42</total>
				<timestamp>5498.816350</timestamp>
			</report>
			<report>
				<misses>17202001</misses>
				<total>43</total>
				<timestamp>5499.135914</timestamp>
			</report>
			<report>
				<misses>17203001</misses>
				<total>42</total>
				<timestamp>5499.455757</timestamp>
			</report>
			<report>
				<misses>17204001</misses>
				<total>43</total>
				<timestamp>5499.775274</timestamp>
			</report>
			<report>
				<misses>17205001</misses>
				<total>43</total>
				<timestamp>5500.094998</timestamp>
			</report>
			<report>
				<misses>17206001</misses>
				<total>43</total>
				<timestamp>5500.414587</timestamp>
			</report>
			<report>
				<misses>17207001</misses>
				<total>43</total>
				<timestamp>5500.734300</timestamp>
			</report>
			<report>
				<misses>17208001</misses>
				<total>43</total>
				<timestamp>5501.053944</timestamp>
			</report>
			<report>
				<misses>17209001</misses>
				<total>43</total>
				<timestamp>5501.373815</timestamp>
			</report>
			<report>
				<misses>17210001</misses>
				<total>43</total>
				<timestamp>5501.693301</timestamp>
			</report>
			<report>
				<misses>17211001</misses>
				<total>43</total>
				<timestamp>5502.012988</timestamp>
			</report>
			<report>
				<misses>17212001</misses>
				<total>43</total>
				<timestamp>5502.332698</timestamp>
			</report>
			<report>
				<misses>17213001</misses>
				<total>43</total>
				<timestamp>5502.652383</timestamp>
			</report>
			<report>
				<misses>17214001</misses>
				<total>43</total>
				<timestamp>5502.972037</timestamp>
			</report>
			<report>
				<misses>17215001</misses>
				<total>43</total>
				<timestamp>5503.291717</timestamp>
			</report>
			<report>
				<misses>17216001</misses>
				<total>43</total>
				<timestamp>5503.611374</timestamp>
			</report>
			<report>
				<misses>17217001</misses>
				<total>43</total>
				<timestamp>5503.931064</timestamp>
			</report>
			<report>
				<misses>17218001</misses>
				<total>43</total>
				<timestamp>5504.250753</timestamp>
			</report>
			<report>
				<misses>17219001</misses>
				<total>43</total>
				<timestamp>5504.570582</timestamp>
			</report>
			<report>
				<misses>17220001</misses>
				<total>43</total>
				<timestamp>5504.890209</timestamp>
			</report>
			<report>
				<misses>17221001</misses>
				<total>43</total>
				<timestamp>5505.209896</timestamp>
			</report>
			<report>
				<misses>17222001</misses>
				<total>43</total>
				<timestamp>5505.529540</timestamp>
			</report>
			<report>
				<misses>17223001</misses>
				<total>43</total>
				<timestamp>5505.849184</timestamp>
			</report>
			<report>
				<misses>17224001</misses>
				<total>43</total>
				<timestamp>5506.168835</timestamp>
			</report>
			<report>
				<misses>17225001</misses>
				<total>43</total>
				<timestamp>5506.488481</timestamp>
			</report>
			<report>
				<misses>17226001</misses>
				<total>43</total>
				<timestamp>5506.808255</timestamp>
			</report>
			<report>
				<misses>17227001</misses>
				<total>43</total>
				<timestamp>5507.127867</timestamp>
			</report>
			<report>
				<misses>17228001</misses>
				<total>43</total>
				<timestamp>5507.447626</timestamp>
			</report>
			<report>
				<misses>17229001</misses>
				<total>43</total>
				<timestamp>5507.767265</timestamp>
			</report>
			<report>
				<misses>17230001</misses>
				<total>43</total>
				<timestamp>5508.087014</timestamp>
			</report>
			<report>
				<misses>17231001</misses>
				<total>43</total>
				<timestamp>5508.406579</timestamp>
			</report>
			<report>
				<misses>17232001</misses>
				<total>43</total>
				<timestamp>5508.726296</timestamp>
			</report>
			<report>
				<misses>17233001</misses>
				<total>43</total>
				<timestamp>5509.045997</timestamp>
			</report>
			<report>
				<misses>17234001</misses>
				<total>43</total>
				<timestamp>5509.365647</timestamp>
			</report>
			<report>
				<misses>17235001</misses>
				<total>43</total>
				<timestamp>5509.685344</timestamp>
			</report>
			<report>
				<misses>17236001</misses>
				<total>43</total>
				<timestamp>5510.004965</timestamp>
			</report>
			<report>
				<misses>17237001</misses>
				<total>43</total>
				<timestamp>5510.324649</timestamp>
			</report>
			<report>
				<misses>17238001</misses>
				<total>43</total>
				<timestamp>5510.644354</timestamp>
			</report>
			<report>
				<misses>17239001</misses>
				<total>43</total>
				<timestamp>5510.964031</timestamp>
			</report>
			<report>
				<misses>17240001</misses>
				<total>43</total>
				<timestamp>5511.283821</timestamp>
			</report>
			<report>
				<misses>17241001</misses>
				<total>43</total>
				<timestamp>5511.603394</timestamp>
			</report>
			<report>
				<misses>17242001</misses>
				<total>43</total>
				<timestamp>5511.923112</timestamp>
			</report>
			<report>
				<misses>17243001</misses>
				<total>43</total>
				<timestamp>5512.242866</timestamp>
			</report>
			<report>
				<misses>17244001</misses>
				<total>43</total>
				<timestamp>5512.562413</timestamp>
			</report>
			<report>
				<misses>17245001</misses>
				<total>43</total>
				<timestamp>5512.882097</timestamp>
			</report>
			<report>
				<misses>17246001</misses>
				<total>43</total>
				<timestamp>5513.201769</timestamp>
			</report>
			<report>
				<misses>17247001</misses>
				<total>43</total>
				<timestamp>5513.521560</timestamp>
			</report>
			<report>
				<misses>17248001</misses>
				<total>43</total>
				<timestamp>5513.841182</timestamp>
			</report>
			<report>
				<misses>17249001</misses>
				<total>43</total>
				<timestamp>5514.160889</timestamp>
			</report>
			<report>
				<misses>17250001</misses>
				<total>43</total>
				<timestamp>5514.480566</timestamp>
			</report>
			<report>
				<misses>17251001</misses>
				<total>43</total>
				<timestamp>5514.800180</timestamp>
			</report>
			<report>
				<misses>17252001</misses>
				<total>43</total>
				<timestamp>5515.119892</timestamp>
			</report>
			<report>
				<misses>17253001</misses>
				<total>43</total>
				<timestamp>5515.439589</timestamp>
			</report>
			<report>
				<misses>17254001</misses>
				<total>42</total>
				<timestamp>5515.759352</timestamp>
			</report>
			<report>
				<misses>17255001</misses>
				<total>43</total>
				<timestamp>5516.078877</timestamp>
			</report>
			<report>
				<misses>17256001</misses>
				<total>43</total>
				<timestamp>5516.398574</timestamp>
			</report>
			<report>
				<misses>17257001</misses>
				<total>43</total>
				<timestamp>5516.718302</timestamp>
			</report>
			<report>
				<misses>17258001</misses>
				<total>43</total>
				<timestamp>5517.037976</timestamp>
			</report>
			<report>
				<misses>17259001</misses>
				<total>42</total>
				<timestamp>5517.357837</timestamp>
			</report>
			<report>
				<misses>17260001</misses>
				<total>43</total>
				<timestamp>5517.677300</timestamp>
			</report>
			<report>
				<misses>17261001</misses>
				<total>43</total>
				<timestamp>5517.996993</timestamp>
			</report>
			<report>
				<misses>17262001</misses>
				<total>43</total>
				<timestamp>5518.316674</timestamp>
			</report>
			<report>
				<misses>17263001</misses>
				<total>43</total>
				<timestamp>5518.636346</timestamp>
			</report>
			<report>
				<misses>17264001</misses>
				<total>43</total>
				<timestamp>5518.956043</timestamp>
			</report>
			<report>
				<misses>17265001</misses>
				<total>43</total>
				<timestamp>5519.275748</timestamp>
			</report>
			<report>
				<misses>17266001</misses>
				<total>43</total>
				<timestamp>5519.595396</timestamp>
			</report>
			<report>
				<misses>17267001</misses>
				<total>43</total>
				<timestamp>5519.915060</timestamp>
			</report>
			<report>
				<misses>17268001</misses>
				<total>43</total>
				<timestamp>5520.234756</timestamp>
			</report>
			<report>
				<misses>17269001</misses>
				<total>43</total>
				<timestamp>5520.554453</timestamp>
			</report>
			<report>
				<misses>17270001</misses>
				<total>43</total>
				<timestamp>5520.874083</timestamp>
			</report>
			<report>
				<misses>17271001</misses>
				<total>43</total>
				<timestamp>5521.193815</timestamp>
			</report>
			<report>
				<misses>17272001</misses>
				<total>43</total>
				<timestamp>5521.513564</timestamp>
			</report>
			<report>
				<misses>17273001</misses>
				<total>42</total>
				<timestamp>5521.833227</timestamp>
			</report>
			<report>
				<misses>17274001</misses>
				<total>43</total>
				<timestamp>5522.152854</timestamp>
			</report>
			<report>
				<misses>17275001</misses>
				<total>43</total>
				<timestamp>5522.472583</timestamp>
			</report>
			<report>
				<misses>17276001</misses>
				<total>43</total>
				<timestamp>5522.792174</timestamp>
			</report>
			<report>
				<misses>17277001</misses>
				<total>43</total>
				<timestamp>5523.111880</timestamp>
			</report>
			<report>
				<misses>17278001</misses>
				<total>42</total>
				<timestamp>5523.431689</timestamp>
			</report>
			<report>
				<misses>17279001</misses>
				<total>43</total>
				<timestamp>5523.751216</timestamp>
			</report>
			<report>
				<misses>17280001</misses>
				<total>43</total>
				<timestamp>5524.070891</timestamp>
			</report>
			<report>
				<misses>17281001</misses>
				<total>42</total>
				<timestamp>5524.390687</timestamp>
			</report>
			<report>
				<misses>17282001</misses>
				<total>43</total>
				<timestamp>5524.710434</timestamp>
			</report>
			<report>
				<misses>17283001</misses>
				<total>43</total>
				<timestamp>5525.030091</timestamp>
			</report>
			<report>
				<misses>17284001</misses>
				<total>43</total>
				<timestamp>5525.349712</timestamp>
			</report>
			<report>
				<misses>17285001</misses>
				<total>43</total>
				<timestamp>5525.669335</timestamp>
			</report>
			<report>
				<misses>17286001</misses>
				<total>43</total>
				<timestamp>5525.989006</timestamp>
			</report>
			<report>
				<misses>17287001</misses>
				<total>43</total>
				<timestamp>5526.308729</timestamp>
			</report>
			<report>
				<misses>17288001</misses>
				<total>43</total>
				<timestamp>5526.628339</timestamp>
			</report>
			<report>
				<misses>17289001</misses>
				<total>43</total>
				<timestamp>5526.948028</timestamp>
			</report>
			<report>
				<misses>17290001</misses>
				<total>43</total>
				<timestamp>5527.267710</timestamp>
			</report>
			<report>
				<misses>17291001</misses>
				<total>42</total>
				<timestamp>5527.587575</timestamp>
			</report>
			<report>
				<misses>17292001</misses>
				<total>43</total>
				<timestamp>5527.907209</timestamp>
			</report>
			<report>
				<misses>17293001</misses>
				<total>43</total>
				<timestamp>5528.226848</timestamp>
			</report>
			<report>
				<misses>17294001</misses>
				<total>43</total>
				<timestamp>5528.546499</timestamp>
			</report>
			<report>
				<misses>17295001</misses>
				<total>43</total>
				<timestamp>5528.866126</timestamp>
			</report>
			<report>
				<misses>17296001</misses>
				<total>43</total>
				<timestamp>5529.185943</timestamp>
			</report>
			<report>
				<misses>17297001</misses>
				<total>43</total>
				<timestamp>5529.505452</timestamp>
			</report>
			<report>
				<misses>17298001</misses>
				<total>43</total>
				<timestamp>5529.825194</timestamp>
			</report>
			<report>
				<misses>17299001</misses>
				<total>43</total>
				<timestamp>5530.144825</timestamp>
			</report>
			<report>
				<misses>17300001</misses>
				<total>43</total>
				<timestamp>5530.464498</timestamp>
			</report>
			<report>
				<misses>17301001</misses>
				<total>43</total>
				<timestamp>5530.784190</timestamp>
			</report>
			<report>
				<misses>17302001</misses>
				<total>43</total>
				<timestamp>5531.103890</timestamp>
			</report>
			<report>
				<misses>17303001</misses>
				<total>43</total>
				<timestamp>5531.423533</timestamp>
			</report>
			<report>
				<misses>17304001</misses>
				<total>43</total>
				<timestamp>5531.743249</timestamp>
			</report>
			<report>
				<misses>17305001</misses>
				<total>43</total>
				<timestamp>5532.062918</timestamp>
			</report>
			<report>
				<misses>17306001</misses>
				<total>43</total>
				<timestamp>5532.382693</timestamp>
			</report>
			<report>
				<misses>17307001</misses>
				<total>43</total>
				<timestamp>5532.702277</timestamp>
			</report>
			<report>
				<misses>17308001</misses>
				<total>43</total>
				<timestamp>5533.022073</timestamp>
			</report>
			<report>
				<misses>17309001</misses>
				<total>42</total>
				<timestamp>5533.341713</timestamp>
			</report>
			<report>
				<misses>17310001</misses>
				<total>43</total>
				<timestamp>5533.661318</timestamp>
			</report>
			<report>
				<misses>17311001</misses>
				<total>43</total>
				<timestamp>5533.981105</timestamp>
			</report>
			<report>
				<misses>17312001</misses>
				<total>43</total>
				<timestamp>5534.300721</timestamp>
			</report>
			<report>
				<misses>17313001</misses>
				<total>43</total>
				<timestamp>5534.620350</timestamp>
			</report>
			<report>
				<misses>17314001</misses>
				<total>43</total>
				<timestamp>5534.940080</timestamp>
			</report>
			<report>
				<misses>17315001</misses>
				<total>42</total>
				<timestamp>5535.259793</timestamp>
			</report>
			<report>
				<misses>17316001</misses>
				<total>43</total>
				<timestamp>5535.579361</timestamp>
			</report>
			<report>
				<misses>17317001</misses>
				<total>43</total>
				<timestamp>5535.899115</timestamp>
			</report>
			<report>
				<misses>17318001</misses>
				<total>43</total>
				<timestamp>5536.218828</timestamp>
			</report>
			<report>
				<misses>17319001</misses>
				<total>42</total>
				<timestamp>5536.538561</timestamp>
			</report>
			<report>
				<misses>17320001</misses>
				<total>43</total>
				<timestamp>5536.858194</timestamp>
			</report>
			<report>
				<misses>17321001</misses>
				<total>43</total>
				<timestamp>5537.177760</timestamp>
			</report>
			<report>
				<misses>17322001</misses>
				<total>43</total>
				<timestamp>5537.497578</timestamp>
			</report>
			<report>
				<misses>17323001</misses>
				<total>43</total>
				<timestamp>5537.817201</timestamp>
			</report>
			<report>
				<misses>17324001</misses>
				<total>43</total>
				<timestamp>5538.136946</timestamp>
			</report>
			<report>
				<misses>17325001</misses>
				<total>43</total>
				<timestamp>5538.456507</timestamp>
			</report>
			<report>
				<misses>17326001</misses>
				<total>42</total>
				<timestamp>5538.776285</timestamp>
			</report>
			<report>
				<misses>17327001</misses>
				<total>43</total>
				<timestamp>5539.095923</timestamp>
			</report>
			<report>
				<misses>17328001</misses>
				<total>43</total>
				<timestamp>5539.415707</timestamp>
			</report>
			<report>
				<misses>17329001</misses>
				<total>43</total>
				<timestamp>5539.735223</timestamp>
			</report>
			<report>
				<misses>17330001</misses>
				<total>43</total>
				<timestamp>5540.055006</timestamp>
			</report>
			<report>
				<misses>17331001</misses>
				<total>43</total>
				<timestamp>5540.374621</timestamp>
			</report>
			<report>
				<misses>17332001</misses>
				<total>43</total>
				<timestamp>5540.694293</timestamp>
			</report>
			<report>
				<misses>17333001</misses>
				<total>42</total>
				<timestamp>5541.014073</timestamp>
			</report>
			<report>
				<misses>17334001</misses>
				<total>43</total>
				<timestamp>5541.333649</timestamp>
			</report>
			<report>
				<misses>17335001</misses>
				<total>43</total>
				<timestamp>5541.653331</timestamp>
			</report>
			<report>
				<misses>17336001</misses>
				<total>43</total>
				<timestamp>5541.973061</timestamp>
			</report>
			<report>
				<misses>17337001</misses>
				<total>43</total>
				<timestamp>5542.292676</timestamp>
			</report>
			<report>
				<misses>17338001</misses>
				<total>43</total>
				<timestamp>5542.612321</timestamp>
			</report>
			<report>
				<misses>17339001</misses>
				<total>43</total>
				<timestamp>5542.932206</timestamp>
			</report>
			<report>
				<misses>17340001</misses>
				<total>43</total>
				<timestamp>5543.251684</timestamp>
			</report>
			<report>
				<misses>17341001</misses>
				<total>43</total>
				<timestamp>5543.571429</timestamp>
			</report>
			<report>
				<misses>17342001</misses>
				<total>42</total>
				<timestamp>5543.891206</timestamp>
			</report>
			<report>
				<misses>17343001</misses>
				<total>43</total>
				<timestamp>5544.210753</timestamp>
			</report>
			<report>
				<misses>17344001</misses>
				<total>43</total>
				<timestamp>5544.530420</timestamp>
			</report>
			<report>
				<misses>17345001</misses>
				<total>43</total>
				<timestamp>5544.850157</timestamp>
			</report>
			<report>
				<misses>17346001</misses>
				<total>43</total>
				<timestamp>5545.169776</timestamp>
			</report>
			<report>
				<misses>17347001</misses>
				<total>42</total>
				<timestamp>5545.489618</timestamp>
			</report>
			<report>
				<misses>17348001</misses>
				<total>43</total>
				<timestamp>5545.809179</timestamp>
			</report>
			<report>
				<misses>17349001</misses>
				<total>42</total>
				<timestamp>5546.128936</timestamp>
			</report>
			<report>
				<misses>17350001</misses>
				<total>43</total>
				<timestamp>5546.448508</timestamp>
			</report>
			<report>
				<misses>17351001</misses>
				<total>43</total>
				<timestamp>5546.768190</timestamp>
			</report>
			<report>
				<misses>17352001</misses>
				<total>43</total>
				<timestamp>5547.087918</timestamp>
			</report>
			<report>
				<misses>17353001</misses>
				<total>43</total>
				<timestamp>5547.407571</timestamp>
			</report>
			<report>
				<misses>17354001</misses>
				<total>43</total>
				<timestamp>5547.727245</timestamp>
			</report>
			<report>
				<misses>17355001</misses>
				<total>42</total>
				<timestamp>5548.047077</timestamp>
			</report>
			<report>
				<misses>17356001</misses>
				<total>43</total>
				<timestamp>5548.366695</timestamp>
			</report>
			<report>
				<misses>17357001</misses>
				<total>43</total>
				<timestamp>5548.686309</timestamp>
			</report>
			<report>
				<misses>17358001</misses>
				<total>43</total>
				<timestamp>5549.005971</timestamp>
			</report>
			<report>
				<misses>17359001</misses>
				<total>43</total>
				<timestamp>5549.325594</timestamp>
			</report>
			<report>
				<misses>17360001</misses>
				<total>43</total>
				<timestamp>5549.645288</timestamp>
			</report>
			<report>
				<misses>17361001</misses>
				<total>43</total>
				<timestamp>5549.965096</timestamp>
			</report>
			<report>
				<misses>17362001</misses>
				<total>43</total>
				<timestamp>5550.284831</timestamp>
			</report>
			<report>
				<misses>17363001</misses>
				<total>43</total>
				<timestamp>5550.604457</timestamp>
			</report>
			<report>
				<misses>17364001</misses>
				<total>43</total>
				<timestamp>5550.924025</timestamp>
			</report>
			<report>
				<misses>17365001</misses>
				<total>43</total>
				<timestamp>5551.243704</timestamp>
			</report>
			<report>
				<misses>17366001</misses>
				<total>43</total>
				<timestamp>5551.563394</timestamp>
			</report>
			<report>
				<misses>17367001</misses>
				<total>43</total>
				<timestamp>5551.883077</timestamp>
			</report>
			<report>
				<misses>17368001</misses>
				<total>43</total>
				<timestamp>5552.202729</timestamp>
			</report>
			<report>
				<misses>17369001</misses>
				<total>43</total>
				<timestamp>5552.522548</timestamp>
			</report>
			<report>
				<misses>17370001</misses>
				<total>43</total>
				<timestamp>5552.842118</timestamp>
			</report>
			<report>
				<misses>17371001</misses>
				<total>43</total>
				<timestamp>5553.161829</timestamp>
			</report>
			<report>
				<misses>17372001</misses>
				<total>43</total>
				<timestamp>5553.481511</timestamp>
			</report>
			<report>
				<misses>17373001</misses>
				<total>43</total>
				<timestamp>5553.801175</timestamp>
			</report>
			<report>
				<misses>17374001</misses>
				<total>43</total>
				<timestamp>5554.120850</timestamp>
			</report>
			<report>
				<misses>17375001</misses>
				<total>43</total>
				<timestamp>5554.440524</timestamp>
			</report>
			<report>
				<misses>17376001</misses>
				<total>43</total>
				<timestamp>5554.760167</timestamp>
			</report>
			<report>
				<misses>17377001</misses>
				<total>43</total>
				<timestamp>5555.079928</timestamp>
			</report>
			<report>
				<misses>17378001</misses>
				<total>43</total>
				<timestamp>5555.399541</timestamp>
			</report>
			<report>
				<misses>17379001</misses>
				<total>43</total>
				<timestamp>5555.719208</timestamp>
			</report>
			<report>
				<misses>17380001</misses>
				<total>43</total>
				<timestamp>5556.039065</timestamp>
			</report>
			<report>
				<misses>17381001</misses>
				<total>43</total>
				<timestamp>5556.358695</timestamp>
			</report>
			<report>
				<misses>17382001</misses>
				<total>43</total>
				<timestamp>5556.678313</timestamp>
			</report>
			<report>
				<misses>17383001</misses>
				<total>43</total>
				<timestamp>5556.997981</timestamp>
			</report>
			<report>
				<misses>17384001</misses>
				<total>43</total>
				<timestamp>5557.317690</timestamp>
			</report>
			<report>
				<misses>17385001</misses>
				<total>43</total>
				<timestamp>5557.637336</timestamp>
			</report>
			<report>
				<misses>17386001</misses>
				<total>43</total>
				<timestamp>5557.957065</timestamp>
			</report>
			<report>
				<misses>17387001</misses>
				<total>43</total>
				<timestamp>5558.276662</timestamp>
			</report>
			<report>
				<misses>17388001</misses>
				<total>42</total>
				<timestamp>5558.596432</timestamp>
			</report>
			<report>
				<misses>17389001</misses>
				<total>43</total>
				<timestamp>5558.916062</timestamp>
			</report>
			<report>
				<misses>17390001</misses>
				<total>43</total>
				<timestamp>5559.235681</timestamp>
			</report>
			<report>
				<misses>17391001</misses>
				<total>43</total>
				<timestamp>5559.555364</timestamp>
			</report>
			<report>
				<misses>17392001</misses>
				<total>42</total>
				<timestamp>5559.875252</timestamp>
			</report>
			<report>
				<misses>17393001</misses>
				<total>43</total>
				<timestamp>5560.194814</timestamp>
			</report>
			<report>
				<misses>17394001</misses>
				<total>43</total>
				<timestamp>5560.514437</timestamp>
			</report>
			<report>
				<misses>17395001</misses>
				<total>43</total>
				<timestamp>5560.834115</timestamp>
			</report>
			<report>
				<misses>17396001</misses>
				<total>43</total>
				<timestamp>5561.153946</timestamp>
			</report>
			<report>
				<misses>17397001</misses>
				<total>43</total>
				<timestamp>5561.473468</timestamp>
			</report>
			<report>
				<misses>17398001</misses>
				<total>43</total>
				<timestamp>5561.793141</timestamp>
			</report>
			<report>
				<misses>17399001</misses>
				<total>43</total>
				<timestamp>5562.112943</timestamp>
			</report>
			<report>
				<misses>17400001</misses>
				<total>43</total>
				<timestamp>5562.432485</timestamp>
			</report>
			<report>
				<misses>17401001</misses>
				<total>43</total>
				<timestamp>5562.752165</timestamp>
			</report>
			<report>
				<misses>17402001</misses>
				<total>43</total>
				<timestamp>5563.071963</timestamp>
			</report>
			<report>
				<misses>17403001</misses>
				<total>43</total>
				<timestamp>5563.391725</timestamp>
			</report>
			<report>
				<misses>17404001</misses>
				<total>43</total>
				<timestamp>5563.711221</timestamp>
			</report>
			<report>
				<misses>17405001</misses>
				<total>43</total>
				<timestamp>5564.030956</timestamp>
			</report>
			<report>
				<misses>17406001</misses>
				<total>43</total>
				<timestamp>5564.350622</timestamp>
			</report>
			<report>
				<misses>17407001</misses>
				<total>43</total>
				<timestamp>5564.670253</timestamp>
			</report>
			<report>
				<misses>17408001</misses>
				<total>43</total>
				<timestamp>5564.989955</timestamp>
			</report>
			<report>
				<misses>17409001</misses>
				<total>43</total>
				<timestamp>5565.309639</timestamp>
			</report>
			<report>
				<misses>17410001</misses>
				<total>43</total>
				<timestamp>5565.629403</timestamp>
			</report>
			<report>
				<misses>17411001</misses>
				<total>43</total>
				<timestamp>5565.949022</timestamp>
			</report>
			<report>
				<misses>17412001</misses>
				<total>43</total>
				<timestamp>5566.268791</timestamp>
			</report>
			<report>
				<misses>17413001</misses>
				<total>43</total>
				<timestamp>5566.588358</timestamp>
			</report>
			<report>
				<misses>17414001</misses>
				<total>43</total>
				<timestamp>5566.908045</timestamp>
			</report>
			<report>
				<misses>17415001</misses>
				<total>43</total>
				<timestamp>5567.227791</timestamp>
			</report>
			<report>
				<misses>17416001</misses>
				<total>43</total>
				<timestamp>5567.547402</timestamp>
			</report>
			<report>
				<misses>17417001</misses>
				<total>43</total>
				<timestamp>5567.867066</timestamp>
			</report>
			<report>
				<misses>17418001</misses>
				<total>43</total>
				<timestamp>5568.186781</timestamp>
			</report>
			<report>
				<misses>17419001</misses>
				<total>43</total>
				<timestamp>5568.506412</timestamp>
			</report>
			<report>
				<misses>17420001</misses>
				<total>43</total>
				<timestamp>5568.826114</timestamp>
			</report>
			<report>
				<misses>17421001</misses>
				<total>43</total>
				<timestamp>5569.145779</timestamp>
			</report>
			<report>
				<misses>17422001</misses>
				<total>43</total>
				<timestamp>5569.465464</timestamp>
			</report>
			<report>
				<misses>17423001</misses>
				<total>43</total>
				<timestamp>5569.785186</timestamp>
			</report>
			<report>
				<misses>17424001</misses>
				<total>43</total>
				<timestamp>5570.104886</timestamp>
			</report>
			<report>
				<misses>17425001</misses>
				<total>43</total>
				<timestamp>5570.424579</timestamp>
			</report>
			<report>
				<misses>17426001</misses>
				<total>43</total>
				<timestamp>5570.744197</timestamp>
			</report>
			<report>
				<misses>17427001</misses>
				<total>43</total>
				<timestamp>5571.063940</timestamp>
			</report>
			<report>
				<misses>17428001</misses>
				<total>43</total>
				<timestamp>5571.383586</timestamp>
			</report>
			<report>
				<misses>17429001</misses>
				<total>43</total>
				<timestamp>5571.703276</timestamp>
			</report>
			<report>
				<misses>17430001</misses>
				<total>43</total>
				<timestamp>5572.022963</timestamp>
			</report>
			<report>
				<misses>17431001</misses>
				<total>43</total>
				<timestamp>5572.342686</timestamp>
			</report>
			<report>
				<misses>17432001</misses>
				<total>42</total>
				<timestamp>5572.662357</timestamp>
			</report>
			<report>
				<misses>17433001</misses>
				<total>43</total>
				<timestamp>5572.981998</timestamp>
			</report>
			<report>
				<misses>17434001</misses>
				<total>43</total>
				<timestamp>5573.301616</timestamp>
			</report>
			<report>
				<misses>17435001</misses>
				<total>43</total>
				<timestamp>5573.621345</timestamp>
			</report>
			<report>
				<misses>17436001</misses>
				<total>43</total>
				<timestamp>5573.940963</timestamp>
			</report>
			<report>
				<misses>17437001</misses>
				<total>43</total>
				<timestamp>5574.260700</timestamp>
			</report>
			<report>
				<misses>17438001</misses>
				<total>43</total>
				<timestamp>5574.580378</timestamp>
			</report>
			<report>
				<misses>17439001</misses>
				<total>43</total>
				<timestamp>5574.900069</timestamp>
			</report>
			<report>
				<misses>17440001</misses>
				<total>43</total>
				<timestamp>5575.219835</timestamp>
			</report>
			<report>
				<misses>17441001</misses>
				<total>43</total>
				<timestamp>5575.539363</timestamp>
			</report>
			<report>
				<misses>17442001</misses>
				<total>43</total>
				<timestamp>5575.859084</timestamp>
			</report>
			<report>
				<misses>17443001</misses>
				<total>43</total>
				<timestamp>5576.178797</timestamp>
			</report>
			<report>
				<misses>17444001</misses>
				<total>43</total>
				<timestamp>5576.498391</timestamp>
			</report>
			<report>
				<misses>17445001</misses>
				<total>43</total>
				<timestamp>5576.818079</timestamp>
			</report>
			<report>
				<misses>17446001</misses>
				<total>43</total>
				<timestamp>5577.137953</timestamp>
			</report>
			<report>
				<misses>17447001</misses>
				<total>43</total>
				<timestamp>5577.457570</timestamp>
			</report>
			<report>
				<misses>17448001</misses>
				<total>42</total>
				<timestamp>5577.777286</timestamp>
			</report>
			<report>
				<misses>17449001</misses>
				<total>43</total>
				<timestamp>5578.096937</timestamp>
			</report>
			<report>
				<misses>17450001</misses>
				<total>43</total>
				<timestamp>5578.416575</timestamp>
			</report>
			<report>
				<misses>17451001</misses>
				<total>43</total>
				<timestamp>5578.736180</timestamp>
			</report>
			<report>
				<misses>17452001</misses>
				<total>43</total>
				<timestamp>5579.055955</timestamp>
			</report>
			<report>
				<misses>17453001</misses>
				<total>43</total>
				<timestamp>5579.375563</timestamp>
			</report>
			<report>
				<misses>17454001</misses>
				<total>43</total>
				<timestamp>5579.695217</timestamp>
			</report>
			<report>
				<misses>17455001</misses>
				<total>43</total>
				<timestamp>5580.014901</timestamp>
			</report>
			<report>
				<misses>17456001</misses>
				<total>42</total>
				<timestamp>5580.334677</timestamp>
			</report>
			<report>
				<misses>17457001</misses>
				<total>43</total>
				<timestamp>5580.654294</timestamp>
			</report>
			<report>
				<misses>17458001</misses>
				<total>43</total>
				<timestamp>5580.973944</timestamp>
			</report>
			<report>
				<misses>17459001</misses>
				<total>43</total>
				<timestamp>5581.293707</timestamp>
			</report>
			<report>
				<misses>17460001</misses>
				<total>43</total>
				<timestamp>5581.613328</timestamp>
			</report>
			<report>
				<misses>17461001</misses>
				<total>43</total>
				<timestamp>5581.932957</timestamp>
			</report>
			<report>
				<misses>17462001</misses>
				<total>43</total>
				<timestamp>5582.252692</timestamp>
			</report>
			<report>
				<misses>17463001</misses>
				<total>43</total>
				<timestamp>5582.572371</timestamp>
			</report>
			<report>
				<misses>17464001</misses>
				<total>43</total>
				<timestamp>5582.892080</timestamp>
			</report>
			<report>
				<misses>17465001</misses>
				<total>43</total>
				<timestamp>5583.211825</timestamp>
			</report>
			<report>
				<misses>17466001</misses>
				<total>43</total>
				<timestamp>5583.531427</timestamp>
			</report>
			<report>
				<misses>17467001</misses>
				<total>43</total>
				<timestamp>5583.851124</timestamp>
			</report>
			<report>
				<misses>17468001</misses>
				<total>43</total>
				<timestamp>5584.170901</timestamp>
			</report>
			<report>
				<misses>17469001</misses>
				<total>43</total>
				<timestamp>5584.490590</timestamp>
			</report>
			<report>
				<misses>17470001</misses>
				<total>43</total>
				<timestamp>5584.810122</timestamp>
			</report>
			<report>
				<misses>17471001</misses>
				<total>43</total>
				<timestamp>5585.129842</timestamp>
			</report>
			<report>
				<misses>17472001</misses>
				<total>43</total>
				<timestamp>5585.449445</timestamp>
			</report>
			<report>
				<misses>17473001</misses>
				<total>43</total>
				<timestamp>5585.769201</timestamp>
			</report>
			<report>
				<misses>17474001</misses>
				<total>43</total>
				<timestamp>5586.088858</timestamp>
			</report>
			<report>
				<misses>17475001</misses>
				<total>43</total>
				<timestamp>5586.408506</timestamp>
			</report>
			<report>
				<misses>17476001</misses>
				<total>43</total>
				<timestamp>5586.728167</timestamp>
			</report>
			<report>
				<misses>17477001</misses>
				<total>43</total>
				<timestamp>5587.047969</timestamp>
			</report>
			<report>
				<misses>17478001</misses>
				<total>43</total>
				<timestamp>5587.367526</timestamp>
			</report>
			<report>
				<misses>17479001</misses>
				<total>43</total>
				<timestamp>5587.687237</timestamp>
			</report>
			<report>
				<misses>17480001</misses>
				<total>43</total>
				<timestamp>5588.006926</timestamp>
			</report>
			<report>
				<misses>17481001</misses>
				<total>43</total>
				<timestamp>5588.326604</timestamp>
			</report>
			<report>
				<misses>17482001</misses>
				<total>43</total>
				<timestamp>5588.646278</timestamp>
			</report>
			<report>
				<misses>17483001</misses>
				<total>43</total>
				<timestamp>5588.965963</timestamp>
			</report>
			<report>
				<misses>17484001</misses>
				<total>43</total>
				<timestamp>5589.285618</timestamp>
			</report>
			<report>
				<misses>17485001</misses>
				<total>43</total>
				<timestamp>5589.605308</timestamp>
			</report>
			<report>
				<misses>17486001</misses>
				<total>43</total>
				<timestamp>5589.925011</timestamp>
			</report>
			<report>
				<misses>17487001</misses>
				<total>43</total>
				<timestamp>5590.244829</timestamp>
			</report>
			<report>
				<misses>17488001</misses>
				<total>43</total>
				<timestamp>5590.564327</timestamp>
			</report>
			<report>
				<misses>17489001</misses>
				<total>43</total>
				<timestamp>5590.884065</timestamp>
			</report>
			<report>
				<misses>17490001</misses>
				<total>43</total>
				<timestamp>5591.203743</timestamp>
			</report>
			<report>
				<misses>17491001</misses>
				<total>43</total>
				<timestamp>5591.523371</timestamp>
			</report>
			<report>
				<misses>17492001</misses>
				<total>43</total>
				<timestamp>5591.843039</timestamp>
			</report>
			<report>
				<misses>17493001</misses>
				<total>43</total>
				<timestamp>5592.162800</timestamp>
			</report>
			<report>
				<misses>17494001</misses>
				<total>43</total>
				<timestamp>5592.482436</timestamp>
			</report>
			<report>
				<misses>17495001</misses>
				<total>43</total>
				<timestamp>5592.802144</timestamp>
			</report>
			<report>
				<misses>17496001</misses>
				<total>43</total>
				<timestamp>5593.121828</timestamp>
			</report>
			<report>
				<misses>17497001</misses>
				<total>43</total>
				<timestamp>5593.441494</timestamp>
			</report>
			<report>
				<misses>17498001</misses>
				<total>42</total>
				<timestamp>5593.761226</timestamp>
			</report>
			<report>
				<misses>17499001</misses>
				<total>43</total>
				<timestamp>5594.080949</timestamp>
			</report>
			<report>
				<misses>17500001</misses>
				<total>43</total>
				<timestamp>5594.400522</timestamp>
			</report>
			<report>
				<misses>17501001</misses>
				<total>43</total>
				<timestamp>5594.720241</timestamp>
			</report>
			<report>
				<misses>17502001</misses>
				<total>43</total>
				<timestamp>5595.039933</timestamp>
			</report>
			<report>
				<misses>17503001</misses>
				<total>43</total>
				<timestamp>5595.359569</timestamp>
			</report>
			<report>
				<misses>17504001</misses>
				<total>43</total>
				<timestamp>5595.679250</timestamp>
			</report>
			<report>
				<misses>17505001</misses>
				<total>43</total>
				<timestamp>5595.998952</timestamp>
			</report>
			<report>
				<misses>17506001</misses>
				<total>43</total>
				<timestamp>5596.318592</timestamp>
			</report>
			<report>
				<misses>17507001</misses>
				<total>43</total>
				<timestamp>5596.638244</timestamp>
			</report>
			<report>
				<misses>17508001</misses>
				<total>43</total>
				<timestamp>5596.957953</timestamp>
			</report>
			<report>
				<misses>17509001</misses>
				<total>43</total>
				<timestamp>5597.277708</timestamp>
			</report>
			<report>
				<misses>17510001</misses>
				<total>43</total>
				<timestamp>5597.597346</timestamp>
			</report>
			<report>
				<misses>17511001</misses>
				<total>43</total>
				<timestamp>5597.916993</timestamp>
			</report>
			<report>
				<misses>17512001</misses>
				<total>43</total>
				<timestamp>5598.236666</timestamp>
			</report>
			<report>
				<misses>17513001</misses>
				<total>43</total>
				<timestamp>5598.556369</timestamp>
			</report>
			<report>
				<misses>17514001</misses>
				<total>42</total>
				<timestamp>5598.876124</timestamp>
			</report>
			<report>
				<misses>17515001</misses>
				<total>43</total>
				<timestamp>5599.195753</timestamp>
			</report>
			<report>
				<misses>17516001</misses>
				<total>43</total>
				<timestamp>5599.515360</timestamp>
			</report>
			<report>
				<misses>17517001</misses>
				<total>43</total>
				<timestamp>5599.835066</timestamp>
			</report>
			<report>
				<misses>17518001</misses>
				<total>43</total>
				<timestamp>5600.154801</timestamp>
			</report>
			<report>
				<misses>17519001</misses>
				<total>43</total>
				<timestamp>5600.474513</timestamp>
			</report>
			<report>
				<misses>17520001</misses>
				<total>43</total>
				<timestamp>5600.794170</timestamp>
			</report>
			<report>
				<misses>17521001</misses>
				<total>42</total>
				<timestamp>5601.114001</timestamp>
			</report>
			<report>
				<misses>17522001</misses>
				<total>43</total>
				<timestamp>5601.433474</timestamp>
			</report>
			<report>
				<misses>17523001</misses>
				<total>43</total>
				<timestamp>5601.753145</timestamp>
			</report>
			<report>
				<misses>17524001</misses>
				<total>43</total>
				<timestamp>5602.072841</timestamp>
			</report>
			<report>
				<misses>17525001</misses>
				<total>43</total>
				<timestamp>5602.392554</timestamp>
			</report>
			<report>
				<misses>17526001</misses>
				<total>43</total>
				<timestamp>5602.712221</timestamp>
			</report>
			<report>
				<misses>17527001</misses>
				<total>43</total>
				<timestamp>5603.031955</timestamp>
			</report>
			<report>
				<misses>17528001</misses>
				<total>43</total>
				<timestamp>5603.351588</timestamp>
			</report>
			<report>
				<misses>17529001</misses>
				<total>43</total>
				<timestamp>5603.671229</timestamp>
			</report>
			<report>
				<misses>17530001</misses>
				<total>43</total>
				<timestamp>5603.990949</timestamp>
			</report>
			<report>
				<misses>17531001</misses>
				<total>43</total>
				<timestamp>5604.310713</timestamp>
			</report>
			<report>
				<misses>17532001</misses>
				<total>42</total>
				<timestamp>5604.630347</timestamp>
			</report>
			<report>
				<misses>17533001</misses>
				<total>43</total>
				<timestamp>5604.950004</timestamp>
			</report>
			<report>
				<misses>17534001</misses>
				<total>43</total>
				<timestamp>5605.269702</timestamp>
			</report>
			<report>
				<misses>17535001</misses>
				<total>43</total>
				<timestamp>5605.589282</timestamp>
			</report>
			<report>
				<misses>17536001</misses>
				<total>43</total>
				<timestamp>5605.908954</timestamp>
			</report>
			<report>
				<misses>17537001</misses>
				<total>43</total>
				<timestamp>5606.228701</timestamp>
			</report>
			<report>
				<misses>17538001</misses>
				<total>43</total>
				<timestamp>5606.548335</timestamp>
			</report>
			<report>
				<misses>17539001</misses>
				<total>43</total>
				<timestamp>5606.868021</timestamp>
			</report>
			<report>
				<misses>17540001</misses>
				<total>43</total>
				<timestamp>5607.187847</timestamp>
			</report>
			<report>
				<misses>17541001</misses>
				<total>43</total>
				<timestamp>5607.507458</timestamp>
			</report>
			<report>
				<misses>17542001</misses>
				<total>43</total>
				<timestamp>5607.827069</timestamp>
			</report>
			<report>
				<misses>17543001</misses>
				<total>43</total>
				<timestamp>5608.146876</timestamp>
			</report>
			<report>
				<misses>17544001</misses>
				<total>43</total>
				<timestamp>5608.466580</timestamp>
			</report>
			<report>
				<misses>17545001</misses>
				<total>43</total>
				<timestamp>5608.786201</timestamp>
			</report>
			<report>
				<misses>17546001</misses>
				<total>43</total>
				<timestamp>5609.105822</timestamp>
			</report>
			<report>
				<misses>17547001</misses>
				<total>43</total>
				<timestamp>5609.425581</timestamp>
			</report>
			<report>
				<misses>17548001</misses>
				<total>43</total>
				<timestamp>5609.745180</timestamp>
			</report>
			<report>
				<misses>17549001</misses>
				<total>43</total>
				<timestamp>5610.064917</timestamp>
			</report>
			<report>
				<misses>17550001</misses>
				<total>43</total>
				<timestamp>5610.384709</timestamp>
			</report>
			<report>
				<misses>17551001</misses>
				<total>43</total>
				<timestamp>5610.704237</timestamp>
			</report>
			<report>
				<misses>17552001</misses>
				<total>43</total>
				<timestamp>5611.023951</timestamp>
			</report>
			<report>
				<misses>17553001</misses>
				<total>43</total>
				<timestamp>5611.343532</timestamp>
			</report>
			<report>
				<misses>17554001</misses>
				<total>43</total>
				<timestamp>5611.663223</timestamp>
			</report>
			<report>
				<misses>17555001</misses>
				<total>43</total>
				<timestamp>5611.982982</timestamp>
			</report>
			<report>
				<misses>17556001</misses>
				<total>43</total>
				<timestamp>5612.302704</timestamp>
			</report>
			<report>
				<misses>17557001</misses>
				<total>43</total>
				<timestamp>5612.622257</timestamp>
			</report>
			<report>
				<misses>17558001</misses>
				<total>43</total>
				<timestamp>5612.941939</timestamp>
			</report>
			<report>
				<misses>17559001</misses>
				<total>43</total>
				<timestamp>5613.261645</timestamp>
			</report>
			<report>
				<misses>17560001</misses>
				<total>43</total>
				<timestamp>5613.581315</timestamp>
			</report>
			<report>
				<misses>17561001</misses>
				<total>43</total>
				<timestamp>5613.901020</timestamp>
			</report>
			<report>
				<misses>17562001</misses>
				<total>43</total>
				<timestamp>5614.220666</timestamp>
			</report>
			<report>
				<misses>17563001</misses>
				<total>43</total>
				<timestamp>5614.540405</timestamp>
			</report>
			<report>
				<misses>17564001</misses>
				<total>42</total>
				<timestamp>5614.860118</timestamp>
			</report>
			<report>
				<misses>17565001</misses>
				<total>43</total>
				<timestamp>5615.179848</timestamp>
			</report>
			<report>
				<misses>17566001</misses>
				<total>43</total>
				<timestamp>5615.499498</timestamp>
			</report>
			<report>
				<misses>17567001</misses>
				<total>43</total>
				<timestamp>5615.819078</timestamp>
			</report>
			<report>
				<misses>17568001</misses>
				<total>43</total>
				<timestamp>5616.138833</timestamp>
			</report>
			<report>
				<misses>17569001</misses>
				<total>43</total>
				<timestamp>5616.458576</timestamp>
			</report>
			<report>
				<misses>17570001</misses>
				<total>43</total>
				<timestamp>5616.778083</timestamp>
			</report>
			<report>
				<misses>17571001</misses>
				<total>43</total>
				<timestamp>5617.097837</timestamp>
			</report>
			<report>
				<misses>17572001</misses>
				<total>43</total>
				<timestamp>5617.417578</timestamp>
			</report>
			<report>
				<misses>17573001</misses>
				<total>43</total>
				<timestamp>5617.737193</timestamp>
			</report>
			<report>
				<misses>17574001</misses>
				<total>43</total>
				<timestamp>5618.056859</timestamp>
			</report>
			<report>
				<misses>17575001</misses>
				<total>43</total>
				<timestamp>5618.376580</timestamp>
			</report>
			<report>
				<misses>17576001</misses>
				<total>43</total>
				<timestamp>5618.696180</timestamp>
			</report>
			<report>
				<misses>17577001</misses>
				<total>43</total>
				<timestamp>5619.015888</timestamp>
			</report>
			<report>
				<misses>17578001</misses>
				<total>43</total>
				<timestamp>5619.335681</timestamp>
			</report>
			<report>
				<misses>17579001</misses>
				<total>43</total>
				<timestamp>5619.655269</timestamp>
			</report>
			<report>
				<misses>17580001</misses>
				<total>43</total>
				<timestamp>5619.975009</timestamp>
			</report>
			<report>
				<misses>17581001</misses>
				<total>43</total>
				<timestamp>5620.294581</timestamp>
			</report>
			<report>
				<misses>17582001</misses>
				<total>43</total>
				<timestamp>5620.614260</timestamp>
			</report>
			<report>
				<misses>17583001</misses>
				<total>43</total>
				<timestamp>5620.933957</timestamp>
			</report>
			<report>
				<misses>17584001</misses>
				<total>43</total>
				<timestamp>5621.253609</timestamp>
			</report>
			<report>
				<misses>17585001</misses>
				<total>43</total>
				<timestamp>5621.573302</timestamp>
			</report>
			<report>
				<misses>17586001</misses>
				<total>43</total>
				<timestamp>5621.893001</timestamp>
			</report>
			<report>
				<misses>17587001</misses>
				<total>43</total>
				<timestamp>5622.212710</timestamp>
			</report>
			<report>
				<misses>17588001</misses>
				<total>43</total>
				<timestamp>5622.532355</timestamp>
			</report>
			<report>
				<misses>17589001</misses>
				<total>43</total>
				<timestamp>5622.852036</timestamp>
			</report>
			<report>
				<misses>17590001</misses>
				<total>43</total>
				<timestamp>5623.171718</timestamp>
			</report>
			<report>
				<misses>17591001</misses>
				<total>43</total>
				<timestamp>5623.491518</timestamp>
			</report>
			<report>
				<misses>17592001</misses>
				<total>43</total>
				<timestamp>5623.811139</timestamp>
			</report>
			<report>
				<misses>17593001</misses>
				<total>43</total>
				<timestamp>5624.130767</timestamp>
			</report>
			<report>
				<misses>17594001</misses>
				<total>43</total>
				<timestamp>5624.450477</timestamp>
			</report>
			<report>
				<misses>17595001</misses>
				<total>43</total>
				<timestamp>5624.770121</timestamp>
			</report>
			<report>
				<misses>17596001</misses>
				<total>43</total>
				<timestamp>5625.089845</timestamp>
			</report>
			<report>
				<misses>17597001</misses>
				<total>43</total>
				<timestamp>5625.409586</timestamp>
			</report>
			<report>
				<misses>17598001</misses>
				<total>43</total>
				<timestamp>5625.729164</timestamp>
			</report>
			<report>
				<misses>17599001</misses>
				<total>43</total>
				<timestamp>5626.048956</timestamp>
			</report>
			<report>
				<misses>17600001</misses>
				<total>43</total>
				<timestamp>5626.368522</timestamp>
			</report>
			<report>
				<misses>17601001</misses>
				<total>43</total>
				<timestamp>5626.688203</timestamp>
			</report>
			<report>
				<misses>17602001</misses>
				<total>43</total>
				<timestamp>5627.007977</timestamp>
			</report>
			<report>
				<misses>17603001</misses>
				<total>43</total>
				<timestamp>5627.327545</timestamp>
			</report>
			<report>
				<misses>17604001</misses>
				<total>43</total>
				<timestamp>5627.647200</timestamp>
			</report>
			<report>
				<misses>17605001</misses>
				<total>43</total>
				<timestamp>5627.966947</timestamp>
			</report>
			<report>
				<misses>17606001</misses>
				<total>43</total>
				<timestamp>5628.286613</timestamp>
			</report>
			<report>
				<misses>17607001</misses>
				<total>43</total>
				<timestamp>5628.606341</timestamp>
			</report>
			<report>
				<misses>17608001</misses>
				<total>43</total>
				<timestamp>5628.925939</timestamp>
			</report>
			<report>
				<misses>17609001</misses>
				<total>43</total>
				<timestamp>5629.245710</timestamp>
			</report>
			<report>
				<misses>17610001</misses>
				<total>43</total>
				<timestamp>5629.565313</timestamp>
			</report>
			<report>
				<misses>17611001</misses>
				<total>43</total>
				<timestamp>5629.884965</timestamp>
			</report>
			<report>
				<misses>17612001</misses>
				<total>43</total>
				<timestamp>5630.204678</timestamp>
			</report>
			<report>
				<misses>17613001</misses>
				<total>43</total>
				<timestamp>5630.524410</timestamp>
			</report>
			<report>
				<misses>17614001</misses>
				<total>42</total>
				<timestamp>5630.844206</timestamp>
			</report>
			<report>
				<misses>17615001</misses>
				<total>42</total>
				<timestamp>5631.163822</timestamp>
			</report>
			<report>
				<misses>17616001</misses>
				<total>42</total>
				<timestamp>5631.483582</timestamp>
			</report>
			<report>
				<misses>17617001</misses>
				<total>43</total>
				<timestamp>5631.803050</timestamp>
			</report>
			<report>
				<misses>17618001</misses>
				<total>43</total>
				<timestamp>5632.122837</timestamp>
			</report>
			<report>
				<misses>17619001</misses>
				<total>43</total>
				<timestamp>5632.442491</timestamp>
			</report>
			<report>
				<misses>17620001</misses>
				<total>43</total>
				<timestamp>5632.762090</timestamp>
			</report>
			<report>
				<misses>17621001</misses>
				<total>43</total>
				<timestamp>5633.081828</timestamp>
			</report>
			<report>
				<misses>17622001</misses>
				<total>43</total>
				<timestamp>5633.401478</timestamp>
			</report>
			<report>
				<misses>17623001</misses>
				<total>43</total>
				<timestamp>5633.721141</timestamp>
			</report>
			<report>
				<misses>17624001</misses>
				<total>43</total>
				<timestamp>5634.040872</timestamp>
			</report>
			<report>
				<misses>17625001</misses>
				<total>43</total>
				<timestamp>5634.360690</timestamp>
			</report>
			<report>
				<misses>17626001</misses>
				<total>42</total>
				<timestamp>5634.680275</timestamp>
			</report>
			<report>
				<misses>17627001</misses>
				<total>43</total>
				<timestamp>5634.999849</timestamp>
			</report>
			<report>
				<misses>17628001</misses>
				<total>43</total>
				<timestamp>5635.319541</timestamp>
			</report>
			<report>
				<misses>17629001</misses>
				<total>43</total>
				<timestamp>5635.639225</timestamp>
			</report>
			<report>
				<misses>17630001</misses>
				<total>43</total>
				<timestamp>5635.958892</timestamp>
			</report>
			<report>
				<misses>17631001</misses>
				<total>43</total>
				<timestamp>5636.278707</timestamp>
			</report>
			<report>
				<misses>17632001</misses>
				<total>43</total>
				<timestamp>5636.598266</timestamp>
			</report>
			<report>
				<misses>17633001</misses>
				<total>43</total>
				<timestamp>5636.918063</timestamp>
			</report>
			<report>
				<misses>17634001</misses>
				<total>43</total>
				<timestamp>5637.237644</timestamp>
			</report>
			<report>
				<misses>17635001</misses>
				<total>42</total>
				<timestamp>5637.557394</timestamp>
			</report>
			<report>
				<misses>17636001</misses>
				<total>43</total>
				<timestamp>5637.876987</timestamp>
			</report>
			<report>
				<misses>17637001</misses>
				<total>42</total>
				<timestamp>5638.196780</timestamp>
			</report>
			<report>
				<misses>17638001</misses>
				<total>43</total>
				<timestamp>5638.516431</timestamp>
			</report>
			<report>
				<misses>17639001</misses>
				<total>43</total>
				<timestamp>5638.836036</timestamp>
			</report>
			<report>
				<misses>17640001</misses>
				<total>43</total>
				<timestamp>5639.155746</timestamp>
			</report>
			<report>
				<misses>17641001</misses>
				<total>43</total>
				<timestamp>5639.475581</timestamp>
			</report>
			<report>
				<misses>17642001</misses>
				<total>43</total>
				<timestamp>5639.795048</timestamp>
			</report>
			<report>
				<misses>17643001</misses>
				<total>43</total>
				<timestamp>5640.114822</timestamp>
			</report>
			<report>
				<misses>17644001</misses>
				<total>42</total>
				<timestamp>5640.434564</timestamp>
			</report>
			<report>
				<misses>17645001</misses>
				<total>43</total>
				<timestamp>5640.754080</timestamp>
			</report>
			<report>
				<misses>17646001</misses>
				<total>43</total>
				<timestamp>5641.073782</timestamp>
			</report>
			<report>
				<misses>17647001</misses>
				<total>43</total>
				<timestamp>5641.393572</timestamp>
			</report>
			<report>
				<misses>17648001</misses>
				<total>43</total>
				<timestamp>5641.713200</timestamp>
			</report>
			<report>
				<misses>17649001</misses>
				<total>43</total>
				<timestamp>5642.032865</timestamp>
			</report>
			<report>
				<misses>17650001</misses>
				<total>43</total>
				<timestamp>5642.352575</timestamp>
			</report>
			<report>
				<misses>17651001</misses>
				<total>43</total>
				<timestamp>5642.672198</timestamp>
			</report>
			<report>
				<misses>17652001</misses>
				<total>43</total>
				<timestamp>5642.991884</timestamp>
			</report>
			<report>
				<misses>17653001</misses>
				<total>43</total>
				<timestamp>5643.311526</timestamp>
			</report>
			<report>
				<misses>17654001</misses>
				<total>43</total>
				<timestamp>5643.631293</timestamp>
			</report>
			<report>
				<misses>17655001</misses>
				<total>42</total>
				<timestamp>5643.950980</timestamp>
			</report>
			<report>
				<misses>17656001</misses>
				<total>43</total>
				<timestamp>5644.270702</timestamp>
			</report>
			<report>
				<misses>17657001</misses>
				<total>43</total>
				<timestamp>5644.590265</timestamp>
			</report>
			<report>
				<misses>17658001</misses>
				<total>43</total>
				<timestamp>5644.909946</timestamp>
			</report>
			<report>
				<misses>17659001</misses>
				<total>43</total>
				<timestamp>5645.229677</timestamp>
			</report>
			<report>
				<misses>17660001</misses>
				<total>43</total>
				<timestamp>5645.549364</timestamp>
			</report>
			<report>
				<misses>17661001</misses>
				<total>43</total>
				<timestamp>5645.868973</timestamp>
			</report>
			<report>
				<misses>17662001</misses>
				<total>43</total>
				<timestamp>5646.188691</timestamp>
			</report>
			<report>
				<misses>17663001</misses>
				<total>43</total>
				<timestamp>5646.508322</timestamp>
			</report>
			<report>
				<misses>17664001</misses>
				<total>43</total>
				<timestamp>5646.828077</timestamp>
			</report>
			<report>
				<misses>17665001</misses>
				<total>43</total>
				<timestamp>5647.147685</timestamp>
			</report>
			<report>
				<misses>17666001</misses>
				<total>43</total>
				<timestamp>5647.467363</timestamp>
			</report>
			<report>
				<misses>17667001</misses>
				<total>43</total>
				<timestamp>5647.787107</timestamp>
			</report>
			<report>
				<misses>17668001</misses>
				<total>43</total>
				<timestamp>5648.106807</timestamp>
			</report>
			<report>
				<misses>17669001</misses>
				<total>43</total>
				<timestamp>5648.426564</timestamp>
			</report>
			<report>
				<misses>17670001</misses>
				<total>43</total>
				<timestamp>5648.746098</timestamp>
			</report>
			<report>
				<misses>17671001</misses>
				<total>43</total>
				<timestamp>5649.065829</timestamp>
			</report>
			<report>
				<misses>17672001</misses>
				<total>42</total>
				<timestamp>5649.385550</timestamp>
			</report>
			<report>
				<misses>17673001</misses>
				<total>43</total>
				<timestamp>5649.705211</timestamp>
			</report>
			<report>
				<misses>17674001</misses>
				<total>43</total>
				<timestamp>5650.024966</timestamp>
			</report>
			<report>
				<misses>17675001</misses>
				<total>43</total>
				<timestamp>5650.344499</timestamp>
			</report>
			<report>
				<misses>17676001</misses>
				<total>43</total>
				<timestamp>5650.664163</timestamp>
			</report>
			<report>
				<misses>17677001</misses>
				<total>43</total>
				<timestamp>5650.983883</timestamp>
			</report>
			<report>
				<misses>17678001</misses>
				<total>43</total>
				<timestamp>5651.303582</timestamp>
			</report>
			<report>
				<misses>17679001</misses>
				<total>44</total>
				<timestamp>5651.623305</timestamp>
			</report>
			<report>
				<misses>17680001</misses>
				<total>44</total>
				<timestamp>5651.942926</timestamp>
			</report>
			<report>
				<misses>17681001</misses>
				<total>44</total>
				<timestamp>5652.262555</timestamp>
			</report>
			<report>
				<misses>17682001</misses>
				<total>44</total>
				<timestamp>5652.582261</timestamp>
			</report>
			<report>
				<misses>17683001</misses>
				<total>44</total>
				<timestamp>5652.901936</timestamp>
			</report>
			<report>
				<misses>17684001</misses>
				<total>44</total>
				<timestamp>5653.221652</timestamp>
			</report>
			<report>
				<misses>17685001</misses>
				<total>44</total>
				<timestamp>5653.541433</timestamp>
			</report>
			<report>
				<misses>17686001</misses>
				<total>44</total>
				<timestamp>5653.860967</timestamp>
			</report>
			<report>
				<misses>17687001</misses>
				<total>44</total>
				<timestamp>5654.180694</timestamp>
			</report>
			<report>
				<misses>17688001</misses>
				<total>44</total>
				<timestamp>5654.500355</timestamp>
			</report>
			<report>
				<misses>17689001</misses>
				<total>44</total>
				<timestamp>5654.820076</timestamp>
			</report>
			<report>
				<misses>17690001</misses>
				<total>43</total>
				<timestamp>5655.139783</timestamp>
			</report>
			<report>
				<misses>17691001</misses>
				<total>44</total>
				<timestamp>5655.459508</timestamp>
			</report>
			<report>
				<misses>17692001</misses>
				<total>44</total>
				<timestamp>5655.779064</timestamp>
			</report>
			<report>
				<misses>17693001</misses>
				<total>44</total>
				<timestamp>5656.098729</timestamp>
			</report>
			<report>
				<misses>17694001</misses>
				<total>44</total>
				<timestamp>5656.418476</timestamp>
			</report>
			<report>
				<misses>17695001</misses>
				<total>44</total>
				<timestamp>5656.738101</timestamp>
			</report>
			<report>
				<misses>17696001</misses>
				<total>43</total>
				<timestamp>5657.057863</timestamp>
			</report>
			<report>
				<misses>17697001</misses>
				<total>44</total>
				<timestamp>5657.377435</timestamp>
			</report>
			<report>
				<misses>17698001</misses>
				<total>44</total>
				<timestamp>5657.697196</timestamp>
			</report>
			<report>
				<misses>17699001</misses>
				<total>44</total>
				<timestamp>5658.016796</timestamp>
			</report>
			<report>
				<misses>17700001</misses>
				<total>44</total>
				<timestamp>5658.336508</timestamp>
			</report>
			<report>
				<misses>17701001</misses>
				<total>44</total>
				<timestamp>5658.656247</timestamp>
			</report>
			<report>
				<misses>17702001</misses>
				<total>44</total>
				<timestamp>5658.975898</timestamp>
			</report>
			<report>
				<misses>17703001</misses>
				<total>44</total>
				<timestamp>5659.295568</timestamp>
			</report>
			<report>
				<misses>17704001</misses>
				<total>44</total>
				<timestamp>5659.615308</timestamp>
			</report>
			<report>
				<misses>17705001</misses>
				<total>44</total>
				<timestamp>5659.934941</timestamp>
			</report>
			<report>
				<misses>17706001</misses>
				<total>44</total>
				<timestamp>5660.254716</timestamp>
			</report>
			<report>
				<misses>17707001</misses>
				<total>44</total>
				<timestamp>5660.574286</timestamp>
			</report>
			<report>
				<misses>17708001</misses>
				<total>44</total>
				<timestamp>5660.893983</timestamp>
			</report>
			<report>
				<misses>17709001</misses>
				<total>44</total>
				<timestamp>5661.213709</timestamp>
			</report>
			<report>
				<misses>17710001</misses>
				<total>44</total>
				<timestamp>5661.533290</timestamp>
			</report>
			<report>
				<misses>17711001</misses>
				<total>44</total>
				<timestamp>5661.852984</timestamp>
			</report>
			<report>
				<misses>17712001</misses>
				<total>44</total>
				<timestamp>5662.172710</timestamp>
			</report>
			<report>
				<misses>17713001</misses>
				<total>44</total>
				<timestamp>5662.492318</timestamp>
			</report>
			<report>
				<misses>17714001</misses>
				<total>44</total>
				<timestamp>5662.812056</timestamp>
			</report>
			<report>
				<misses>17715001</misses>
				<total>44</total>
				<timestamp>5663.131680</timestamp>
			</report>
			<report>
				<misses>17716001</misses>
				<total>44</total>
				<timestamp>5663.451410</timestamp>
			</report>
			<report>
				<misses>17717001</misses>
				<total>44</total>
				<timestamp>5663.771150</timestamp>
			</report>
			<report>
				<misses>17718001</misses>
				<total>44</total>
				<timestamp>5664.090726</timestamp>
			</report>
			<report>
				<misses>17719001</misses>
				<total>44</total>
				<timestamp>5664.410400</timestamp>
			</report>
			<report>
				<misses>17720001</misses>
				<total>44</total>
				<timestamp>5664.730104</timestamp>
			</report>
			<report>
				<misses>17721001</misses>
				<total>44</total>
				<timestamp>5665.049823</timestamp>
			</report>
			<report>
				<misses>17722001</misses>
				<total>44</total>
				<timestamp>5665.369492</timestamp>
			</report>
			<report>
				<misses>17723001</misses>
				<total>44</total>
				<timestamp>5665.689160</timestamp>
			</report>
			<report>
				<misses>17724001</misses>
				<total>44</total>
				<timestamp>5666.008963</timestamp>
			</report>
			<report>
				<misses>17725001</misses>
				<total>44</total>
				<timestamp>5666.328556</timestamp>
			</report>
			<report>
				<misses>17726001</misses>
				<total>43</total>
				<timestamp>5666.648368</timestamp>
			</report>
			<report>
				<misses>17727001</misses>
				<total>44</total>
				<timestamp>5666.967884</timestamp>
			</report>
			<report>
				<misses>17728001</misses>
				<total>44</total>
				<timestamp>5667.287713</timestamp>
			</report>
			<report>
				<misses>17729001</misses>
				<total>44</total>
				<timestamp>5667.607357</timestamp>
			</report>
			<report>
				<misses>17730001</misses>
				<total>44</total>
				<timestamp>5667.926934</timestamp>
			</report>
			<report>
				<misses>17731001</misses>
				<total>44</total>
				<timestamp>5668.246683</timestamp>
			</report>
			<report>
				<misses>17732001</misses>
				<total>44</total>
				<timestamp>5668.566277</timestamp>
			</report>
			<report>
				<misses>17733001</misses>
				<total>44</total>
				<timestamp>5668.885966</timestamp>
			</report>
			<report>
				<misses>17734001</misses>
				<total>44</total>
				<timestamp>5669.205681</timestamp>
			</report>
			<report>
				<misses>17735001</misses>
				<total>44</total>
				<timestamp>5669.525302</timestamp>
			</report>
			<report>
				<misses>17736001</misses>
				<total>44</total>
				<timestamp>5669.844980</timestamp>
			</report>
			<report>
				<misses>17737001</misses>
				<total>44</total>
				<timestamp>5670.164685</timestamp>
			</report>
			<report>
				<misses>17738001</misses>
				<total>44</total>
				<timestamp>5670.484331</timestamp>
			</report>
			<report>
				<misses>17739001</misses>
				<total>44</total>
				<timestamp>5670.804051</timestamp>
			</report>
			<report>
				<misses>17740001</misses>
				<total>44</total>
				<timestamp>5671.123749</timestamp>
			</report>
			<report>
				<misses>17741001</misses>
				<total>44</total>
				<timestamp>5671.443379</timestamp>
			</report>
			<report>
				<misses>17742001</misses>
				<total>44</total>
				<timestamp>5671.763212</timestamp>
			</report>
			<report>
				<misses>17743001</misses>
				<total>43</total>
				<timestamp>5672.082941</timestamp>
			</report>
			<report>
				<misses>17744001</misses>
				<total>44</total>
				<timestamp>5672.402437</timestamp>
			</report>
			<report>
				<misses>17745001</misses>
				<total>44</total>
				<timestamp>5672.722120</timestamp>
			</report>
			<report>
				<misses>17746001</misses>
				<total>43</total>
				<timestamp>5673.041903</timestamp>
			</report>
			<report>
				<misses>17747001</misses>
				<total>44</total>
				<timestamp>5673.361491</timestamp>
			</report>
			<report>
				<misses>17748001</misses>
				<total>44</total>
				<timestamp>5673.681144</timestamp>
			</report>
			<report>
				<misses>17749001</misses>
				<total>44</total>
				<timestamp>5674.000828</timestamp>
			</report>
			<report>
				<misses>17750001</misses>
				<total>44</total>
				<timestamp>5674.320491</timestamp>
			</report>
			<report>
				<misses>17751001</misses>
				<total>44</total>
				<timestamp>5674.640220</timestamp>
			</report>
			<report>
				<misses>17752001</misses>
				<total>44</total>
				<timestamp>5674.959965</timestamp>
			</report>
			<report>
				<misses>17753001</misses>
				<total>44</total>
				<timestamp>5675.279594</timestamp>
			</report>
			<report>
				<misses>17754001</misses>
				<total>44</total>
				<timestamp>5675.599247</timestamp>
			</report>
			<report>
				<misses>17755001</misses>
				<total>44</total>
				<timestamp>5675.918948</timestamp>
			</report>
			<report>
				<misses>17756001</misses>
				<total>44</total>
				<timestamp>5676.238699</timestamp>
			</report>
			<report>
				<misses>17757001</misses>
				<total>43</total>
				<timestamp>5676.558341</timestamp>
			</report>
			<report>
				<misses>17758001</misses>
				<total>44</total>
				<timestamp>5676.877947</timestamp>
			</report>
			<report>
				<misses>17759001</misses>
				<total>44</total>
				<timestamp>5677.197718</timestamp>
			</report>
			<report>
				<misses>17760001</misses>
				<total>44</total>
				<timestamp>5677.517308</timestamp>
			</report>
			<report>
				<misses>17761001</misses>
				<total>44</total>
				<timestamp>5677.837038</timestamp>
			</report>
			<report>
				<misses>17762001</misses>
				<total>44</total>
				<timestamp>5678.156707</timestamp>
			</report>
			<report>
				<misses>17763001</misses>
				<total>44</total>
				<timestamp>5678.476399</timestamp>
			</report>
			<report>
				<misses>17764001</misses>
				<total>44</total>
				<timestamp>5678.796083</timestamp>
			</report>
			<report>
				<misses>17765001</misses>
				<total>44</total>
				<timestamp>5679.115772</timestamp>
			</report>
			<report>
				<misses>17766001</misses>
				<total>44</total>
				<timestamp>5679.435355</timestamp>
			</report>
			<report>
				<misses>17767001</misses>
				<total>44</total>
				<timestamp>5679.755076</timestamp>
			</report>
			<report>
				<misses>17768001</misses>
				<total>44</total>
				<timestamp>5680.074724</timestamp>
			</report>
			<report>
				<misses>17769001</misses>
				<total>44</total>
				<timestamp>5680.394480</timestamp>
			</report>
			<report>
				<misses>17770001</misses>
				<total>44</total>
				<timestamp>5680.714160</timestamp>
			</report>
			<report>
				<misses>17771001</misses>
				<total>44</total>
				<timestamp>5681.033764</timestamp>
			</report>
			<report>
				<misses>17772001</misses>
				<total>44</total>
				<timestamp>5681.353638</timestamp>
			</report>
			<report>
				<misses>17773001</misses>
				<total>44</total>
				<timestamp>5681.673173</timestamp>
			</report>
			<report>
				<misses>17774001</misses>
				<total>44</total>
				<timestamp>5681.992858</timestamp>
			</report>
			<report>
				<misses>17775001</misses>
				<total>44</total>
				<timestamp>5682.312546</timestamp>
			</report>
			<report>
				<misses>17776001</misses>
				<total>44</total>
				<timestamp>5682.632288</timestamp>
			</report>
			<report>
				<misses>17777001</misses>
				<total>44</total>
				<timestamp>5682.951903</timestamp>
			</report>
			<report>
				<misses>17778001</misses>
				<total>44</total>
				<timestamp>5683.271577</timestamp>
			</report>
			<report>
				<misses>17779001</misses>
				<total>44</total>
				<timestamp>5683.591227</timestamp>
			</report>
			<report>
				<misses>17780001</misses>
				<total>44</total>
				<timestamp>5683.910883</timestamp>
			</report>
			<report>
				<misses>17781001</misses>
				<total>43</total>
				<timestamp>5684.230699</timestamp>
			</report>
			<report>
				<misses>17782001</misses>
				<total>44</total>
				<timestamp>5684.550308</timestamp>
			</report>
			<report>
				<misses>17783001</misses>
				<total>43</total>
				<timestamp>5684.870019</timestamp>
			</report>
			<report>
				<misses>17784001</misses>
				<total>44</total>
				<timestamp>5685.189668</timestamp>
			</report>
			<report>
				<misses>17785001</misses>
				<total>44</total>
				<timestamp>5685.509334</timestamp>
			</report>
			<report>
				<misses>17786001</misses>
				<total>44</total>
				<timestamp>5685.829052</timestamp>
			</report>
			<report>
				<misses>17787001</misses>
				<total>44</total>
				<timestamp>5686.148703</timestamp>
			</report>
			<report>
				<misses>17788001</misses>
				<total>44</total>
				<timestamp>5686.468318</timestamp>
			</report>
			<report>
				<misses>17789001</misses>
				<total>44</total>
				<timestamp>5686.788032</timestamp>
			</report>
			<report>
				<misses>17790001</misses>
				<total>44</total>
				<timestamp>5687.107806</timestamp>
			</report>
			<report>
				<misses>17791001</misses>
				<total>44</total>
				<timestamp>5687.427356</timestamp>
			</report>
			<report>
				<misses>17792001</misses>
				<total>44</total>
				<timestamp>5687.747129</timestamp>
			</report>
			<report>
				<misses>17793001</misses>
				<total>44</total>
				<timestamp>5688.066820</timestamp>
			</report>
			<report>
				<misses>17794001</misses>
				<total>44</total>
				<timestamp>5688.386431</timestamp>
			</report>
			<report>
				<misses>17795001</misses>
				<total>44</total>
				<timestamp>5688.706094</timestamp>
			</report>
			<report>
				<misses>17796001</misses>
				<total>44</total>
				<timestamp>5689.025814</timestamp>
			</report>
			<report>
				<misses>17797001</misses>
				<total>44</total>
				<timestamp>5689.345559</timestamp>
			</report>
			<report>
				<misses>17798001</misses>
				<total>44</total>
				<timestamp>5689.665179</timestamp>
			</report>
			<report>
				<misses>17799001</misses>
				<total>44</total>
				<timestamp>5689.984966</timestamp>
			</report>
			<report>
				<misses>17800001</misses>
				<total>44</total>
				<timestamp>5690.304490</timestamp>
			</report>
			<report>
				<misses>17801001</misses>
				<total>44</total>
				<timestamp>5690.624247</timestamp>
			</report>
			<report>
				<misses>17802001</misses>
				<total>44</total>
				<timestamp>5690.943956</timestamp>
			</report>
			<report>
				<misses>17803001</misses>
				<total>44</total>
				<timestamp>5691.263710</timestamp>
			</report>
			<report>
				<misses>17804001</misses>
				<total>44</total>
				<timestamp>5691.583272</timestamp>
			</report>
			<report>
				<misses>17805001</misses>
				<total>44</total>
				<timestamp>5691.902904</timestamp>
			</report>
			<report>
				<misses>17806001</misses>
				<total>44</total>
				<timestamp>5692.222725</timestamp>
			</report>
			<report>
				<misses>17807001</misses>
				<total>44</total>
				<timestamp>5692.542293</timestamp>
			</report>
			<report>
				<misses>17808001</misses>
				<total>44</total>
				<timestamp>5692.861971</timestamp>
			</report>
			<report>
				<misses>17809001</misses>
				<total>44</total>
				<timestamp>5693.181696</timestamp>
			</report>
			<report>
				<misses>17810001</misses>
				<total>44</total>
				<timestamp>5693.501290</timestamp>
			</report>
			<report>
				<misses>17811001</misses>
				<total>44</total>
				<timestamp>5693.820961</timestamp>
			</report>
			<report>
				<misses>17812001</misses>
				<total>44</total>
				<timestamp>5694.140823</timestamp>
			</report>
			<report>
				<misses>17813001</misses>
				<total>44</total>
				<timestamp>5694.460394</timestamp>
			</report>
			<report>
				<misses>17814001</misses>
				<total>44</total>
				<timestamp>5694.780132</timestamp>
			</report>
			<report>
				<misses>17815001</misses>
				<total>44</total>
				<timestamp>5695.099686</timestamp>
			</report>
			<report>
				<misses>17816001</misses>
				<total>44</total>
				<timestamp>5695.419364</timestamp>
			</report>
			<report>
				<misses>17817001</misses>
				<total>44</total>
				<timestamp>5695.739072</timestamp>
			</report>
			<report>
				<misses>17818001</misses>
				<total>44</total>
				<timestamp>5696.058754</timestamp>
			</report>
			<report>
				<misses>17819001</misses>
				<total>44</total>
				<timestamp>5696.378613</timestamp>
			</report>
			<report>
				<misses>17820001</misses>
				<total>44</total>
				<timestamp>5696.698094</timestamp>
			</report>
			<report>
				<misses>17821001</misses>
				<total>44</total>
				<timestamp>5697.017935</timestamp>
			</report>
			<report>
				<misses>17822001</misses>
				<total>44</total>
				<timestamp>5697.337561</timestamp>
			</report>
			<report>
				<misses>17823001</misses>
				<total>44</total>
				<timestamp>5697.657220</timestamp>
			</report>
			<report>
				<misses>17824001</misses>
				<total>44</total>
				<timestamp>5697.976904</timestamp>
			</report>
			<report>
				<misses>17825001</misses>
				<total>44</total>
				<timestamp>5698.296495</timestamp>
			</report>
			<report>
				<misses>17826001</misses>
				<total>44</total>
				<timestamp>5698.616206</timestamp>
			</report>
			<report>
				<misses>17827001</misses>
				<total>44</total>
				<timestamp>5698.936059</timestamp>
			</report>
			<report>
				<misses>17828001</misses>
				<total>44</total>
				<timestamp>5699.255714</timestamp>
			</report>
			<report>
				<misses>17829001</misses>
				<total>44</total>
				<timestamp>5699.575255</timestamp>
			</report>
			<report>
				<misses>17830001</misses>
				<total>43</total>
				<timestamp>5699.895000</timestamp>
			</report>
			<report>
				<misses>17831001</misses>
				<total>44</total>
				<timestamp>5700.214639</timestamp>
			</report>
			<report>
				<misses>17832001</misses>
				<total>44</total>
				<timestamp>5700.534284</timestamp>
			</report>
			<report>
				<misses>17833001</misses>
				<total>44</total>
				<timestamp>5700.853960</timestamp>
			</report>
			<report>
				<misses>17834001</misses>
				<total>44</total>
				<timestamp>5701.173682</timestamp>
			</report>
			<report>
				<misses>17835001</misses>
				<total>44</total>
				<timestamp>5701.493274</timestamp>
			</report>
			<report>
				<misses>17836001</misses>
				<total>44</total>
				<timestamp>5701.813002</timestamp>
			</report>
			<report>
				<misses>17837001</misses>
				<total>44</total>
				<timestamp>5702.132754</timestamp>
			</report>
			<report>
				<misses>17838001</misses>
				<total>44</total>
				<timestamp>5702.452360</timestamp>
			</report>
			<report>
				<misses>17839001</misses>
				<total>44</total>
				<timestamp>5702.772086</timestamp>
			</report>
			<report>
				<misses>17840001</misses>
				<total>44</total>
				<timestamp>5703.091790</timestamp>
			</report>
			<report>
				<misses>17841001</misses>
				<total>44</total>
				<timestamp>5703.411380</timestamp>
			</report>
			<report>
				<misses>17842001</misses>
				<total>44</total>
				<timestamp>5703.731053</timestamp>
			</report>
			<report>
				<misses>17843001</misses>
				<total>44</total>
				<timestamp>5704.050835</timestamp>
			</report>
			<report>
				<misses>17844001</misses>
				<total>44</total>
				<timestamp>5704.370594</timestamp>
			</report>
			<report>
				<misses>17845001</misses>
				<total>44</total>
				<timestamp>5704.690098</timestamp>
			</report>
			<report>
				<misses>17846001</misses>
				<total>44</total>
				<timestamp>5705.009862</timestamp>
			</report>
			<report>
				<misses>17847001</misses>
				<total>44</total>
				<timestamp>5705.329512</timestamp>
			</report>
			<report>
				<misses>17848001</misses>
				<total>44</total>
				<timestamp>5705.649132</timestamp>
			</report>
			<report>
				<misses>17849001</misses>
				<total>44</total>
				<timestamp>5705.968957</timestamp>
			</report>
			<report>
				<misses>17850001</misses>
				<total>44</total>
				<timestamp>5706.288521</timestamp>
			</report>
			<report>
				<misses>17851001</misses>
				<total>44</total>
				<timestamp>5706.608192</timestamp>
			</report>
			<report>
				<misses>17852001</misses>
				<total>43</total>
				<timestamp>5706.928096</timestamp>
			</report>
			<report>
				<misses>17853001</misses>
				<total>44</total>
				<timestamp>5707.247570</timestamp>
			</report>
			<report>
				<misses>17854001</misses>
				<total>44</total>
				<timestamp>5707.567211</timestamp>
			</report>
			<report>
				<misses>17855001</misses>
				<total>44</total>
				<timestamp>5707.886904</timestamp>
			</report>
			<report>
				<misses>17856001</misses>
				<total>44</total>
				<timestamp>5708.206585</timestamp>
			</report>
			<report>
				<misses>17857001</misses>
				<total>44</total>
				<timestamp>5708.526291</timestamp>
			</report>
			<report>
				<misses>17858001</misses>
				<total>44</total>
				<timestamp>5708.846013</timestamp>
			</report>
			<report>
				<misses>17859001</misses>
				<total>44</total>
				<timestamp>5709.165710</timestamp>
			</report>
			<report>
				<misses>17860001</misses>
				<total>44</total>
				<timestamp>5709.485275</timestamp>
			</report>
			<report>
				<misses>17861001</misses>
				<total>44</total>
				<timestamp>5709.805109</timestamp>
			</report>
			<report>
				<misses>17862001</misses>
				<total>44</total>
				<timestamp>5710.124693</timestamp>
			</report>
			<report>
				<misses>17863001</misses>
				<total>44</total>
				<timestamp>5710.444381</timestamp>
			</report>
			<report>
				<misses>17864001</misses>
				<total>43</total>
				<timestamp>5710.764111</timestamp>
			</report>
			<report>
				<misses>17865001</misses>
				<total>44</total>
				<timestamp>5711.083709</timestamp>
			</report>
			<report>
				<misses>17866001</misses>
				<total>44</total>
				<timestamp>5711.403469</timestamp>
			</report>
			<report>
				<misses>17867001</misses>
				<total>44</total>
				<timestamp>5711.723098</timestamp>
			</report>
			<report>
				<misses>17868001</misses>
				<total>44</total>
				<timestamp>5712.042742</timestamp>
			</report>
			<report>
				<misses>17869001</misses>
				<total>43</total>
				<timestamp>5712.362563</timestamp>
			</report>
			<report>
				<misses>17870001</misses>
				<total>44</total>
				<timestamp>5712.682112</timestamp>
			</report>
			<report>
				<misses>17871001</misses>
				<total>44</total>
				<timestamp>5713.001865</timestamp>
			</report>
			<report>
				<misses>17872001</misses>
				<total>44</total>
				<timestamp>5713.321574</timestamp>
			</report>
			<report>
				<misses>17873001</misses>
				<total>44</total>
				<timestamp>5713.641132</timestamp>
			</report>
			<report>
				<misses>17874001</misses>
				<total>44</total>
				<timestamp>5713.960954</timestamp>
			</report>
			<report>
				<misses>17875001</misses>
				<total>43</total>
				<timestamp>5714.280712</timestamp>
			</report>
			<report>
				<misses>17876001</misses>
				<total>44</total>
				<timestamp>5714.600231</timestamp>
			</report>
			<report>
				<misses>17877001</misses>
				<total>44</total>
				<timestamp>5714.919933</timestamp>
			</report>
			<report>
				<misses>17878001</misses>
				<total>44</total>
				<timestamp>5715.239583</timestamp>
			</report>
			<report>
				<misses>17879001</misses>
				<total>44</total>
				<timestamp>5715.559220</timestamp>
			</report>
			<report>
				<misses>17880001</misses>
				<total>44</total>
				<timestamp>5715.878876</timestamp>
			</report>
			<report>
				<misses>17881001</misses>
				<total>44</total>
				<timestamp>5716.198567</timestamp>
			</report>
			<report>
				<misses>17882001</misses>
				<total>44</total>
				<timestamp>5716.518312</timestamp>
			</report>
			<report>
				<misses>17883001</misses>
				<total>44</total>
				<timestamp>5716.838079</timestamp>
			</report>
			<report>
				<misses>17884001</misses>
				<total>44</total>
				<timestamp>5717.157703</timestamp>
			</report>
			<report>
				<misses>17885001</misses>
				<total>44</total>
				<timestamp>5717.477281</timestamp>
			</report>
			<report>
				<misses>17886001</misses>
				<total>44</total>
				<timestamp>5717.797057</timestamp>
			</report>
			<report>
				<misses>17887001</misses>
				<total>44</total>
				<timestamp>5718.116717</timestamp>
			</report>
			<report>
				<misses>17888001</misses>
				<total>44</total>
				<timestamp>5718.436396</timestamp>
			</report>
			<report>
				<misses>17889001</misses>
				<total>44</total>
				<timestamp>5718.756063</timestamp>
			</report>
			<report>
				<misses>17890001</misses>
				<total>44</total>
				<timestamp>5719.075773</timestamp>
			</report>
			<report>
				<misses>17891001</misses>
				<total>44</total>
				<timestamp>5719.395578</timestamp>
			</report>
			<report>
				<misses>17892001</misses>
				<total>44</total>
				<timestamp>5719.715080</timestamp>
			</report>
			<report>
				<misses>17893001</misses>
				<total>44</total>
				<timestamp>5720.034833</timestamp>
			</report>
			<report>
				<misses>17894001</misses>
				<total>44</total>
				<timestamp>5720.354401</timestamp>
			</report>
			<report>
				<misses>17895001</misses>
				<total>44</total>
				<timestamp>5720.674157</timestamp>
			</report>
			<report>
				<misses>17896001</misses>
				<total>43</total>
				<timestamp>5720.993947</timestamp>
			</report>
			<report>
				<misses>17897001</misses>
				<total>44</total>
				<timestamp>5721.313527</timestamp>
			</report>
			<report>
				<misses>17898001</misses>
				<total>44</total>
				<timestamp>5721.633130</timestamp>
			</report>
			<report>
				<misses>17899001</misses>
				<total>44</total>
				<timestamp>5721.952964</timestamp>
			</report>
			<report>
				<misses>17900001</misses>
				<total>44</total>
				<timestamp>5722.272483</timestamp>
			</report>
			<report>
				<misses>17901001</misses>
				<total>43</total>
				<timestamp>5722.592322</timestamp>
			</report>
			<report>
				<misses>17902001</misses>
				<total>44</total>
				<timestamp>5722.911951</timestamp>
			</report>
			<report>
				<misses>17903001</misses>
				<total>44</total>
				<timestamp>5723.231539</timestamp>
			</report>
			<report>
				<misses>17904001</misses>
				<total>44</total>
				<timestamp>5723.551209</timestamp>
			</report>
			<report>
				<misses>17905001</misses>
				<total>44</total>
				<timestamp>5723.871040</timestamp>
			</report>
			<report>
				<misses>17906001</misses>
				<total>44</total>
				<timestamp>5724.190665</timestamp>
			</report>
			<report>
				<misses>17907001</misses>
				<total>44</total>
				<timestamp>5724.510295</timestamp>
			</report>
			<report>
				<misses>17908001</misses>
				<total>43</total>
				<timestamp>5724.830022</timestamp>
			</report>
			<report>
				<misses>17909001</misses>
				<total>43</total>
				<timestamp>5725.149834</timestamp>
			</report>
			<report>
				<misses>17910001</misses>
				<total>44</total>
				<timestamp>5725.469400</timestamp>
			</report>
			<report>
				<misses>17911001</misses>
				<total>44</total>
				<timestamp>5725.788955</timestamp>
			</report>
			<report>
				<misses>17912001</misses>
				<total>44</total>
				<timestamp>5726.108689</timestamp>
			</report>
			<report>
				<misses>17913001</misses>
				<total>44</total>
				<timestamp>5726.428440</timestamp>
			</report>
			<report>
				<misses>17914001</misses>
				<total>44</total>
				<timestamp>5726.748045</timestamp>
			</report>
			<report>
				<misses>17915001</misses>
				<total>44</total>
				<timestamp>5727.067834</timestamp>
			</report>
			<report>
				<misses>17916001</misses>
				<total>44</total>
				<timestamp>5727.387496</timestamp>
			</report>
			<report>
				<misses>17917001</misses>
				<total>44</total>
				<timestamp>5727.707109</timestamp>
			</report>
			<report>
				<misses>17918001</misses>
				<total>44</total>
				<timestamp>5728.026768</timestamp>
			</report>
			<report>
				<misses>17919001</misses>
				<total>44</total>
				<timestamp>5728.346401</timestamp>
			</report>
			<report>
				<misses>17920001</misses>
				<total>44</total>
				<timestamp>5728.666119</timestamp>
			</report>
			<report>
				<misses>17921001</misses>
				<total>44</total>
				<timestamp>5728.985938</timestamp>
			</report>
			<report>
				<misses>17922001</misses>
				<total>44</total>
				<timestamp>5729.305514</timestamp>
			</report>
			<report>
				<misses>17923001</misses>
				<total>44</total>
				<timestamp>5729.625115</timestamp>
			</report>
			<report>
				<misses>17924001</misses>
				<total>44</total>
				<timestamp>5729.944831</timestamp>
			</report>
			<report>
				<misses>17925001</misses>
				<total>44</total>
				<timestamp>5730.264581</timestamp>
			</report>
			<report>
				<misses>17926001</misses>
				<total>44</total>
				<timestamp>5730.584188</timestamp>
			</report>
			<report>
				<misses>17927001</misses>
				<total>44</total>
				<timestamp>5730.903862</timestamp>
			</report>
			<report>
				<misses>17928001</misses>
				<total>44</total>
				<timestamp>5731.223524</timestamp>
			</report>
			<report>
				<misses>17929001</misses>
				<total>44</total>
				<timestamp>5731.543265</timestamp>
			</report>
			<report>
				<misses>17930001</misses>
				<total>44</total>
				<timestamp>5731.862958</timestamp>
			</report>
			<report>
				<misses>17931001</misses>
				<total>44</total>
				<timestamp>5732.182709</timestamp>
			</report>
			<report>
				<misses>17932001</misses>
				<total>44</total>
				<timestamp>5732.502285</timestamp>
			</report>
			<report>
				<misses>17933001</misses>
				<total>44</total>
				<timestamp>5732.822079</timestamp>
			</report>
			<report>
				<misses>17934001</misses>
				<total>44</total>
				<timestamp>5733.141811</timestamp>
			</report>
			<report>
				<misses>17935001</misses>
				<total>44</total>
				<timestamp>5733.461299</timestamp>
			</report>
			<report>
				<misses>17936001</misses>
				<total>44</total>
				<timestamp>5733.781071</timestamp>
			</report>
			<report>
				<misses>17937001</misses>
				<total>44</total>
				<timestamp>5734.100820</timestamp>
			</report>
			<report>
				<misses>17938001</misses>
				<total>44</total>
				<timestamp>5734.420316</timestamp>
			</report>
			<report>
				<misses>17939001</misses>
				<total>44</total>
				<timestamp>5734.740003</timestamp>
			</report>
			<report>
				<misses>17940001</misses>
				<total>44</total>
				<timestamp>5735.059827</timestamp>
			</report>
			<report>
				<misses>17941001</misses>
				<total>44</total>
				<timestamp>5735.379366</timestamp>
			</report>
			<report>
				<misses>17942001</misses>
				<total>44</total>
				<timestamp>5735.699125</timestamp>
			</report>
			<report>
				<misses>17943001</misses>
				<total>44</total>
				<timestamp>5736.018766</timestamp>
			</report>
			<report>
				<misses>17944001</misses>
				<total>44</total>
				<timestamp>5736.338481</timestamp>
			</report>
			<report>
				<misses>17945001</misses>
				<total>44</total>
				<timestamp>5736.658226</timestamp>
			</report>
			<report>
				<misses>17946001</misses>
				<total>44</total>
				<timestamp>5736.977820</timestamp>
			</report>
			<report>
				<misses>17947001</misses>
				<total>44</total>
				<timestamp>5737.297513</timestamp>
			</report>
			<report>
				<misses>17948001</misses>
				<total>44</total>
				<timestamp>5737.617187</timestamp>
			</report>
			<report>
				<misses>17949001</misses>
				<total>44</total>
				<timestamp>5737.936846</timestamp>
			</report>
			<report>
				<misses>17950001</misses>
				<total>44</total>
				<timestamp>5738.256573</timestamp>
			</report>
			<report>
				<misses>17951001</misses>
				<total>44</total>
				<timestamp>5738.576180</timestamp>
			</report>
			<report>
				<misses>17952001</misses>
				<total>44</total>
				<timestamp>5738.895884</timestamp>
			</report>
			<report>
				<misses>17953001</misses>
				<total>44</total>
				<timestamp>5739.215588</timestamp>
			</report>
			<report>
				<misses>17954001</misses>
				<total>44</total>
				<timestamp>5739.535233</timestamp>
			</report>
			<report>
				<misses>17955001</misses>
				<total>44</total>
				<timestamp>5739.854894</timestamp>
			</report>
			<report>
				<misses>17956001</misses>
				<total>44</total>
				<timestamp>5740.174655</timestamp>
			</report>
			<report>
				<misses>17957001</misses>
				<total>44</total>
				<timestamp>5740.494319</timestamp>
			</report>
			<report>
				<misses>17958001</misses>
				<total>44</total>
				<timestamp>5740.813949</timestamp>
			</report>
			<report>
				<misses>17959001</misses>
				<total>44</total>
				<timestamp>5741.133742</timestamp>
			</report>
			<report>
				<misses>17960001</misses>
				<total>44</total>
				<timestamp>5741.453315</timestamp>
			</report>
			<report>
				<misses>17961001</misses>
				<total>44</total>
				<timestamp>5741.773085</timestamp>
			</report>
			<report>
				<misses>17962001</misses>
				<total>44</total>
				<timestamp>5742.092790</timestamp>
			</report>
			<report>
				<misses>17963001</misses>
				<total>43</total>
				<timestamp>5742.412441</timestamp>
			</report>
			<report>
				<misses>17964001</misses>
				<total>44</total>
				<timestamp>5742.732114</timestamp>
			</report>
			<report>
				<misses>17965001</misses>
				<total>44</total>
				<timestamp>5743.051849</timestamp>
			</report>
			<report>
				<misses>17966001</misses>
				<total>44</total>
				<timestamp>5743.371360</timestamp>
			</report>
			<report>
				<misses>17967001</misses>
				<total>44</total>
				<timestamp>5743.691123</timestamp>
			</report>
			<report>
				<misses>17968001</misses>
				<total>44</total>
				<timestamp>5744.010784</timestamp>
			</report>
			<report>
				<misses>17969001</misses>
				<total>44</total>
				<timestamp>5744.330436</timestamp>
			</report>
			<report>
				<misses>17970001</misses>
				<total>44</total>
				<timestamp>5744.650164</timestamp>
			</report>
			<report>
				<misses>17971001</misses>
				<total>44</total>
				<timestamp>5744.969811</timestamp>
			</report>
			<report>
				<misses>17972001</misses>
				<total>44</total>
				<timestamp>5745.289443</timestamp>
			</report>
			<report>
				<misses>17973001</misses>
				<total>44</total>
				<timestamp>5745.609200</timestamp>
			</report>
			<report>
				<misses>17974001</misses>
				<total>44</total>
				<timestamp>5745.928838</timestamp>
			</report>
			<report>
				<misses>17975001</misses>
				<total>44</total>
				<timestamp>5746.248563</timestamp>
			</report>
			<report>
				<misses>17976001</misses>
				<total>44</total>
				<timestamp>5746.568217</timestamp>
			</report>
			<report>
				<misses>17977001</misses>
				<total>44</total>
				<timestamp>5746.887992</timestamp>
			</report>
			<report>
				<misses>17978001</misses>
				<total>44</total>
				<timestamp>5747.207553</timestamp>
			</report>
			<report>
				<misses>17979001</misses>
				<total>43</total>
				<timestamp>5747.527331</timestamp>
			</report>
			<report>
				<misses>17980001</misses>
				<total>44</total>
				<timestamp>5747.846937</timestamp>
			</report>
			<report>
				<misses>17981001</misses>
				<total>44</total>
				<timestamp>5748.166659</timestamp>
			</report>
			<report>
				<misses>17982001</misses>
				<total>44</total>
				<timestamp>5748.486239</timestamp>
			</report>
			<report>
				<misses>17983001</misses>
				<total>44</total>
				<timestamp>5748.806011</timestamp>
			</report>
			<report>
				<misses>17984001</misses>
				<total>44</total>
				<timestamp>5749.125636</timestamp>
			</report>
			<report>
				<misses>17985001</misses>
				<total>44</total>
				<timestamp>5749.445416</timestamp>
			</report>
			<report>
				<misses>17986001</misses>
				<total>44</total>
				<timestamp>5749.764951</timestamp>
			</report>
			<report>
				<misses>17987001</misses>
				<total>44</total>
				<timestamp>5750.084697</timestamp>
			</report>
			<report>
				<misses>17988001</misses>
				<total>44</total>
				<timestamp>5750.404372</timestamp>
			</report>
			<report>
				<misses>17989001</misses>
				<total>44</total>
				<timestamp>5750.724001</timestamp>
			</report>
			<report>
				<misses>17990001</misses>
				<total>44</total>
				<timestamp>5751.043815</timestamp>
			</report>
			<report>
				<misses>17991001</misses>
				<total>44</total>
				<timestamp>5751.363584</timestamp>
			</report>
			<report>
				<misses>17992001</misses>
				<total>44</total>
				<timestamp>5751.683043</timestamp>
			</report>
			<report>
				<misses>17993001</misses>
				<total>44</total>
				<timestamp>5752.002820</timestamp>
			</report>
			<report>
				<misses>17994001</misses>
				<total>44</total>
				<timestamp>5752.322415</timestamp>
			</report>
			<report>
				<misses>17995001</misses>
				<total>44</total>
				<timestamp>5752.642124</timestamp>
			</report>
			<report>
				<misses>17996001</misses>
				<total>44</total>
				<timestamp>5752.961769</timestamp>
			</report>
			<report>
				<misses>17997001</misses>
				<total>44</total>
				<timestamp>5753.281453</timestamp>
			</report>
			<report>
				<misses>17998001</misses>
				<total>44</total>
				<timestamp>5753.601141</timestamp>
			</report>
			<report>
				<misses>17999001</misses>
				<total>44</total>
				<timestamp>5753.920792</timestamp>
			</report>
			<report>
				<misses>18000001</misses>
				<total>44</total>
				<timestamp>5754.240548</timestamp>
			</report>
			<report>
				<misses>18001001</misses>
				<total>44</total>
				<timestamp>5754.560217</timestamp>
			</report>
			<report>
				<misses>18002001</misses>
				<total>44</total>
				<timestamp>5754.879935</timestamp>
			</report>
			<report>
				<misses>18003001</misses>
				<total>44</total>
				<timestamp>5755.199558</timestamp>
			</report>
			<report>
				<misses>18004001</misses>
				<total>44</total>
				<timestamp>5755.519264</timestamp>
			</report>
			<report>
				<misses>18005001</misses>
				<total>44</total>
				<timestamp>5755.838983</timestamp>
			</report>
			<report>
				<misses>18006001</misses>
				<total>44</total>
				<timestamp>5756.158708</timestamp>
			</report>
			<report>
				<misses>18007001</misses>
				<total>44</total>
				<timestamp>5756.478346</timestamp>
			</report>
			<report>
				<misses>18008001</misses>
				<total>44</total>
				<timestamp>5756.798078</timestamp>
			</report>
			<report>
				<misses>18009001</misses>
				<total>44</total>
				<timestamp>5757.117687</timestamp>
			</report>
			<report>
				<misses>18010001</misses>
				<total>44</total>
				<timestamp>5757.437296</timestamp>
			</report>
			<report>
				<misses>18011001</misses>
				<total>44</total>
				<timestamp>5757.757071</timestamp>
			</report>
			<report>
				<misses>18012001</misses>
				<total>44</total>
				<timestamp>5758.076711</timestamp>
			</report>
			<report>
				<misses>18013001</misses>
				<total>44</total>
				<timestamp>5758.396336</timestamp>
			</report>
			<report>
				<misses>18014001</misses>
				<total>44</total>
				<timestamp>5758.716008</timestamp>
			</report>
			<report>
				<misses>18015001</misses>
				<total>44</total>
				<timestamp>5759.035693</timestamp>
			</report>
			<report>
				<misses>18016001</misses>
				<total>44</total>
				<timestamp>5759.355374</timestamp>
			</report>
			<report>
				<misses>18017001</misses>
				<total>44</total>
				<timestamp>5759.675094</timestamp>
			</report>
			<report>
				<misses>18018001</misses>
				<total>44</total>
				<timestamp>5759.994747</timestamp>
			</report>
			<report>
				<misses>18019001</misses>
				<total>44</total>
				<timestamp>5760.314405</timestamp>
			</report>
			<report>
				<misses>18020001</misses>
				<total>44</total>
				<timestamp>5760.634077</timestamp>
			</report>
			<report>
				<misses>18021001</misses>
				<total>44</total>
				<timestamp>5760.953841</timestamp>
			</report>
			<report>
				<misses>18022001</misses>
				<total>44</total>
				<timestamp>5761.273472</timestamp>
			</report>
			<report>
				<misses>18023001</misses>
				<total>44</total>
				<timestamp>5761.593170</timestamp>
			</report>
			<report>
				<misses>18024001</misses>
				<total>44</total>
				<timestamp>5761.912858</timestamp>
			</report>
			<report>
				<misses>18025001</misses>
				<total>44</total>
				<timestamp>5762.232573</timestamp>
			</report>
			<report>
				<misses>18026001</misses>
				<total>44</total>
				<timestamp>5762.552242</timestamp>
			</report>
			<report>
				<misses>18027001</misses>
				<total>44</total>
				<timestamp>5762.871965</timestamp>
			</report>
			<report>
				<misses>18028001</misses>
				<total>44</total>
				<timestamp>5763.191562</timestamp>
			</report>
			<report>
				<misses>18029001</misses>
				<total>44</total>
				<timestamp>5763.511301</timestamp>
			</report>
			<report>
				<misses>18030001</misses>
				<total>44</total>
				<timestamp>5763.830877</timestamp>
			</report>
			<report>
				<misses>18031001</misses>
				<total>44</total>
				<timestamp>5764.150590</timestamp>
			</report>
			<report>
				<misses>18032001</misses>
				<total>44</total>
				<timestamp>5764.470249</timestamp>
			</report>
			<report>
				<misses>18033001</misses>
				<total>43</total>
				<timestamp>5764.790062</timestamp>
			</report>
			<report>
				<misses>18034001</misses>
				<total>44</total>
				<timestamp>5765.109634</timestamp>
			</report>
			<report>
				<misses>18035001</misses>
				<total>44</total>
				<timestamp>5765.429336</timestamp>
			</report>
			<report>
				<misses>18036001</misses>
				<total>44</total>
				<timestamp>5765.749084</timestamp>
			</report>
			<report>
				<misses>18037001</misses>
				<total>44</total>
				<timestamp>5766.068723</timestamp>
			</report>
			<report>
				<misses>18038001</misses>
				<total>44</total>
				<timestamp>5766.388329</timestamp>
			</report>
			<report>
				<misses>18039001</misses>
				<total>44</total>
				<timestamp>5766.708019</timestamp>
			</report>
			<report>
				<misses>18040001</misses>
				<total>44</total>
				<timestamp>5767.027702</timestamp>
			</report>
			<report>
				<misses>18041001</misses>
				<total>44</total>
				<timestamp>5767.347364</timestamp>
			</report>
			<report>
				<misses>18042001</misses>
				<total>44</total>
				<timestamp>5767.667043</timestamp>
			</report>
			<report>
				<misses>18043001</misses>
				<total>44</total>
				<timestamp>5767.986840</timestamp>
			</report>
			<report>
				<misses>18044001</misses>
				<total>44</total>
				<timestamp>5768.306516</timestamp>
			</report>
			<report>
				<misses>18045001</misses>
				<total>44</total>
				<timestamp>5768.626118</timestamp>
			</report>
			<report>
				<misses>18046001</misses>
				<total>44</total>
				<timestamp>5768.945839</timestamp>
			</report>
			<report>
				<misses>18047001</misses>
				<total>44</total>
				<timestamp>5769.265520</timestamp>
			</report>
			<report>
				<misses>18048001</misses>
				<total>44</total>
				<timestamp>5769.585170</timestamp>
			</report>
			<report>
				<misses>18049001</misses>
				<total>44</total>
				<timestamp>5769.904803</timestamp>
			</report>
			<report>
				<misses>18050001</misses>
				<total>44</total>
				<timestamp>5770.224575</timestamp>
			</report>
			<report>
				<misses>18051001</misses>
				<total>44</total>
				<timestamp>5770.544169</timestamp>
			</report>
			<report>
				<misses>18052001</misses>
				<total>43</total>
				<timestamp>5770.863973</timestamp>
			</report>
			<report>
				<misses>18053001</misses>
				<total>44</total>
				<timestamp>5771.183611</timestamp>
			</report>
			<report>
				<misses>18054001</misses>
				<total>44</total>
				<timestamp>5771.503315</timestamp>
			</report>
			<report>
				<misses>18055001</misses>
				<total>44</total>
				<timestamp>5771.822952</timestamp>
			</report>
			<report>
				<misses>18056001</misses>
				<total>45</total>
				<timestamp>5772.142685</timestamp>
			</report>
			<report>
				<misses>18057001</misses>
				<total>45</total>
				<timestamp>5772.462238</timestamp>
			</report>
			<report>
				<misses>18058001</misses>
				<total>45</total>
				<timestamp>5772.781949</timestamp>
			</report>
			<report>
				<misses>18059001</misses>
				<total>45</total>
				<timestamp>5773.101668</timestamp>
			</report>
			<report>
				<misses>18060001</misses>
				<total>45</total>
				<timestamp>5773.421300</timestamp>
			</report>
			<report>
				<misses>18061001</misses>
				<total>45</total>
				<timestamp>5773.740989</timestamp>
			</report>
			<report>
				<misses>18062001</misses>
				<total>45</total>
				<timestamp>5774.060715</timestamp>
			</report>
			<report>
				<misses>18063001</misses>
				<total>45</total>
				<timestamp>5774.380318</timestamp>
			</report>
			<report>
				<misses>18064001</misses>
				<total>45</total>
				<timestamp>5774.700081</timestamp>
			</report>
			<report>
				<misses>18065001</misses>
				<total>45</total>
				<timestamp>5775.019753</timestamp>
			</report>
			<report>
				<misses>18066001</misses>
				<total>45</total>
				<timestamp>5775.339536</timestamp>
			</report>
			<report>
				<misses>18067001</misses>
				<total>45</total>
				<timestamp>5775.659079</timestamp>
			</report>
			<report>
				<misses>18068001</misses>
				<total>44</total>
				<timestamp>5775.978859</timestamp>
			</report>
			<report>
				<misses>18069001</misses>
				<total>45</total>
				<timestamp>5776.298502</timestamp>
			</report>
			<report>
				<misses>18070001</misses>
				<total>45</total>
				<timestamp>5776.618144</timestamp>
			</report>
			<report>
				<misses>18071001</misses>
				<total>45</total>
				<timestamp>5776.937842</timestamp>
			</report>
			<report>
				<misses>18072001</misses>
				<total>45</total>
				<timestamp>5777.257537</timestamp>
			</report>
			<report>
				<misses>18073001</misses>
				<total>45</total>
				<timestamp>5777.577172</timestamp>
			</report>
			<report>
				<misses>18074001</misses>
				<total>45</total>
				<timestamp>5777.896803</timestamp>
			</report>
			<report>
				<misses>18075001</misses>
				<total>45</total>
				<timestamp>5778.216493</timestamp>
			</report>
			<report>
				<misses>18076001</misses>
				<total>45</total>
				<timestamp>5778.536212</timestamp>
			</report>
			<report>
				<misses>18077001</misses>
				<total>45</total>
				<timestamp>5778.855905</timestamp>
			</report>
			<report>
				<misses>18078001</misses>
				<total>45</total>
				<timestamp>5779.175583</timestamp>
			</report>
			<report>
				<misses>18079001</misses>
				<total>45</total>
				<timestamp>5779.495238</timestamp>
			</report>
			<report>
				<misses>18080001</misses>
				<total>45</total>
				<timestamp>5779.814958</timestamp>
			</report>
			<report>
				<misses>18081001</misses>
				<total>45</total>
				<timestamp>5780.134733</timestamp>
			</report>
			<report>
				<misses>18082001</misses>
				<total>45</total>
				<timestamp>5780.454340</timestamp>
			</report>
			<report>
				<misses>18083001</misses>
				<total>45</total>
				<timestamp>5780.773959</timestamp>
			</report>
			<report>
				<misses>18084001</misses>
				<total>44</total>
				<timestamp>5781.093703</timestamp>
			</report>
			<report>
				<misses>18085001</misses>
				<total>45</total>
				<timestamp>5781.413307</timestamp>
			</report>
			<report>
				<misses>18086001</misses>
				<total>45</total>
				<timestamp>5781.732965</timestamp>
			</report>
			<report>
				<misses>18087001</misses>
				<total>44</total>
				<timestamp>5782.052738</timestamp>
			</report>
			<report>
				<misses>18088001</misses>
				<total>45</total>
				<timestamp>5782.372349</timestamp>
			</report>
			<report>
				<misses>18089001</misses>
				<total>45</total>
				<timestamp>5782.692042</timestamp>
			</report>
			<report>
				<misses>18090001</misses>
				<total>45</total>
				<timestamp>5783.011712</timestamp>
			</report>
			<report>
				<misses>18091001</misses>
				<total>45</total>
				<timestamp>5783.331428</timestamp>
			</report>
			<report>
				<misses>18092001</misses>
				<total>45</total>
				<timestamp>5783.651088</timestamp>
			</report>
			<report>
				<misses>18093001</misses>
				<total>45</total>
				<timestamp>5783.970853</timestamp>
			</report>
			<report>
				<misses>18094001</misses>
				<total>45</total>
				<timestamp>5784.290578</timestamp>
			</report>
			<report>
				<misses>18095001</misses>
				<total>45</total>
				<timestamp>5784.610124</timestamp>
			</report>
			<report>
				<misses>18096001</misses>
				<total>45</total>
				<timestamp>5784.929816</timestamp>
			</report>
			<report>
				<misses>18097001</misses>
				<total>45</total>
				<timestamp>5785.249559</timestamp>
			</report>
			<report>
				<misses>18098001</misses>
				<total>45</total>
				<timestamp>5785.569125</timestamp>
			</report>
			<report>
				<misses>18099001</misses>
				<total>45</total>
				<timestamp>5785.888887</timestamp>
			</report>
			<report>
				<misses>18100001</misses>
				<total>45</total>
				<timestamp>5786.208574</timestamp>
			</report>
			<report>
				<misses>18101001</misses>
				<total>45</total>
				<timestamp>5786.528168</timestamp>
			</report>
			<report>
				<misses>18102001</misses>
				<total>45</total>
				<timestamp>5786.847956</timestamp>
			</report>
			<report>
				<misses>18103001</misses>
				<total>45</total>
				<timestamp>5787.167563</timestamp>
			</report>
			<report>
				<misses>18104001</misses>
				<total>45</total>
				<timestamp>5787.487247</timestamp>
			</report>
			<report>
				<misses>18105001</misses>
				<total>45</total>
				<timestamp>5787.806911</timestamp>
			</report>
			<report>
				<misses>18106001</misses>
				<total>45</total>
				<timestamp>5788.126577</timestamp>
			</report>
			<report>
				<misses>18107001</misses>
				<total>44</total>
				<timestamp>5788.446431</timestamp>
			</report>
			<report>
				<misses>18108001</misses>
				<total>45</total>
				<timestamp>5788.765919</timestamp>
			</report>
			<report>
				<misses>18109001</misses>
				<total>45</total>
				<timestamp>5789.085695</timestamp>
			</report>
			<report>
				<misses>18110001</misses>
				<total>45</total>
				<timestamp>5789.405353</timestamp>
			</report>
			<report>
				<misses>18111001</misses>
				<total>45</total>
				<timestamp>5789.725101</timestamp>
			</report>
			<report>
				<misses>18112001</misses>
				<total>45</total>
				<timestamp>5790.044711</timestamp>
			</report>
			<report>
				<misses>18113001</misses>
				<total>45</total>
				<timestamp>5790.364341</timestamp>
			</report>
			<report>
				<misses>18114001</misses>
				<total>45</total>
				<timestamp>5790.684019</timestamp>
			</report>
			<report>
				<misses>18115001</misses>
				<total>45</total>
				<timestamp>5791.003736</timestamp>
			</report>
			<report>
				<misses>18116001</misses>
				<total>45</total>
				<timestamp>5791.323467</timestamp>
			</report>
			<report>
				<misses>18117001</misses>
				<total>45</total>
				<timestamp>5791.643032</timestamp>
			</report>
			<report>
				<misses>18118001</misses>
				<total>45</total>
				<timestamp>5791.962728</timestamp>
			</report>
			<report>
				<misses>18119001</misses>
				<total>45</total>
				<timestamp>5792.282474</timestamp>
			</report>
			<report>
				<misses>18120001</misses>
				<total>45</total>
				<timestamp>5792.602109</timestamp>
			</report>
			<report>
				<misses>18121001</misses>
				<total>45</total>
				<timestamp>5792.921904</timestamp>
			</report>
			<report>
				<misses>18122001</misses>
				<total>45</total>
				<timestamp>5793.241592</timestamp>
			</report>
			<report>
				<misses>18123001</misses>
				<total>45</total>
				<timestamp>5793.561120</timestamp>
			</report>
			<report>
				<misses>18124001</misses>
				<total>45</total>
				<timestamp>5793.880847</timestamp>
			</report>
			<report>
				<misses>18125001</misses>
				<total>45</total>
				<timestamp>5794.200526</timestamp>
			</report>
			<report>
				<misses>18126001</misses>
				<total>45</total>
				<timestamp>5794.520236</timestamp>
			</report>
			<report>
				<misses>18127001</misses>
				<total>45</total>
				<timestamp>5794.839959</timestamp>
			</report>
			<report>
				<misses>18128001</misses>
				<total>45</total>
				<timestamp>5795.159642</timestamp>
			</report>
			<report>
				<misses>18129001</misses>
				<total>45</total>
				<timestamp>5795.479208</timestamp>
			</report>
			<report>
				<misses>18130001</misses>
				<total>45</total>
				<timestamp>5795.798977</timestamp>
			</report>
			<report>
				<misses>18131001</misses>
				<total>45</total>
				<timestamp>5796.118702</timestamp>
			</report>
			<report>
				<misses>18132001</misses>
				<total>45</total>
				<timestamp>5796.438337</timestamp>
			</report>
			<report>
				<misses>18133001</misses>
				<total>45</total>
				<timestamp>5796.758071</timestamp>
			</report>
			<report>
				<misses>18134001</misses>
				<total>45</total>
				<timestamp>5797.077714</timestamp>
			</report>
			<report>
				<misses>18135001</misses>
				<total>45</total>
				<timestamp>5797.397453</timestamp>
			</report>
			<report>
				<misses>18136001</misses>
				<total>45</total>
				<timestamp>5797.717073</timestamp>
			</report>
			<report>
				<misses>18137001</misses>
				<total>45</total>
				<timestamp>5798.036825</timestamp>
			</report>
			<report>
				<misses>18138001</misses>
				<total>45</total>
				<timestamp>5798.356451</timestamp>
			</report>
			<report>
				<misses>18139001</misses>
				<total>45</total>
				<timestamp>5798.676038</timestamp>
			</report>
			<report>
				<misses>18140001</misses>
				<total>45</total>
				<timestamp>5798.995792</timestamp>
			</report>
			<report>
				<misses>18141001</misses>
				<total>45</total>
				<timestamp>5799.315388</timestamp>
			</report>
			<report>
				<misses>18142001</misses>
				<total>45</total>
				<timestamp>5799.635039</timestamp>
			</report>
			<report>
				<misses>18143001</misses>
				<total>45</total>
				<timestamp>5799.954809</timestamp>
			</report>
			<report>
				<misses>18144001</misses>
				<total>45</total>
				<timestamp>5800.274438</timestamp>
			</report>
			<report>
				<misses>18145001</misses>
				<total>45</total>
				<timestamp>5800.594137</timestamp>
			</report>
			<report>
				<misses>18146001</misses>
				<total>45</total>
				<timestamp>5800.913811</timestamp>
			</report>
			<report>
				<misses>18147001</misses>
				<total>45</total>
				<timestamp>5801.233570</timestamp>
			</report>
			<report>
				<misses>18148001</misses>
				<total>45</total>
				<timestamp>5801.553215</timestamp>
			</report>
			<report>
				<misses>18149001</misses>
				<total>45</total>
				<timestamp>5801.872836</timestamp>
			</report>
			<report>
				<misses>18150001</misses>
				<total>45</total>
				<timestamp>5802.192579</timestamp>
			</report>
			<report>
				<misses>18151001</misses>
				<total>45</total>
				<timestamp>5802.512180</timestamp>
			</report>
			<report>
				<misses>18152001</misses>
				<total>45</total>
				<timestamp>5802.831901</timestamp>
			</report>
			<report>
				<misses>18153001</misses>
				<total>45</total>
				<timestamp>5803.151522</timestamp>
			</report>
			<report>
				<misses>18154001</misses>
				<total>45</total>
				<timestamp>5803.471380</timestamp>
			</report>
			<report>
				<misses>18155001</misses>
				<total>45</total>
				<timestamp>5803.790933</timestamp>
			</report>
			<report>
				<misses>18156001</misses>
				<total>45</total>
				<timestamp>5804.110719</timestamp>
			</report>
			<report>
				<misses>18157001</misses>
				<total>45</total>
				<timestamp>5804.430314</timestamp>
			</report>
			<report>
				<misses>18158001</misses>
				<total>45</total>
				<timestamp>5804.749950</timestamp>
			</report>
			<report>
				<misses>18159001</misses>
				<total>45</total>
				<timestamp>5805.069719</timestamp>
			</report>
			<report>
				<misses>18160001</misses>
				<total>45</total>
				<timestamp>5805.389347</timestamp>
			</report>
			<report>
				<misses>18161001</misses>
				<total>45</total>
				<timestamp>5805.709020</timestamp>
			</report>
			<report>
				<misses>18162001</misses>
				<total>45</total>
				<timestamp>5806.028711</timestamp>
			</report>
			<report>
				<misses>18163001</misses>
				<total>45</total>
				<timestamp>5806.348381</timestamp>
			</report>
			<report>
				<misses>18164001</misses>
				<total>45</total>
				<timestamp>5806.668074</timestamp>
			</report>
			<report>
				<misses>18165001</misses>
				<total>45</total>
				<timestamp>5806.987872</timestamp>
			</report>
			<report>
				<misses>18166001</misses>
				<total>45</total>
				<timestamp>5807.307404</timestamp>
			</report>
			<report>
				<misses>18167001</misses>
				<total>45</total>
				<timestamp>5807.627048</timestamp>
			</report>
			<report>
				<misses>18168001</misses>
				<total>45</total>
				<timestamp>5807.946831</timestamp>
			</report>
			<report>
				<misses>18169001</misses>
				<total>45</total>
				<timestamp>5808.266443</timestamp>
			</report>
			<report>
				<misses>18170001</misses>
				<total>45</total>
				<timestamp>5808.586093</timestamp>
			</report>
			<report>
				<misses>18171001</misses>
				<total>44</total>
				<timestamp>5808.905870</timestamp>
			</report>
			<report>
				<misses>18172001</misses>
				<total>45</total>
				<timestamp>5809.225590</timestamp>
			</report>
			<report>
				<misses>18173001</misses>
				<total>45</total>
				<timestamp>5809.545196</timestamp>
			</report>
			<report>
				<misses>18174001</misses>
				<total>45</total>
				<timestamp>5809.864823</timestamp>
			</report>
			<report>
				<misses>18175001</misses>
				<total>45</total>
				<timestamp>5810.184539</timestamp>
			</report>
			<report>
				<misses>18176001</misses>
				<total>45</total>
				<timestamp>5810.504237</timestamp>
			</report>
			<report>
				<misses>18177001</misses>
				<total>45</total>
				<timestamp>5810.823938</timestamp>
			</report>
			<report>
				<misses>18178001</misses>
				<total>45</total>
				<timestamp>5811.143587</timestamp>
			</report>
			<report>
				<misses>18179001</misses>
				<total>45</total>
				<timestamp>5811.463285</timestamp>
			</report>
			<report>
				<misses>18180001</misses>
				<total>45</total>
				<timestamp>5811.782934</timestamp>
			</report>
			<report>
				<misses>18181001</misses>
				<total>45</total>
				<timestamp>5812.102568</timestamp>
			</report>
			<report>
				<misses>18182001</misses>
				<total>45</total>
				<timestamp>5812.422263</timestamp>
			</report>
			<report>
				<misses>18183001</misses>
				<total>45</total>
				<timestamp>5812.741964</timestamp>
			</report>
			<report>
				<misses>18184001</misses>
				<total>45</total>
				<timestamp>5813.061594</timestamp>
			</report>
			<report>
				<misses>18185001</misses>
				<total>45</total>
				<timestamp>5813.381343</timestamp>
			</report>
			<report>
				<misses>18186001</misses>
				<total>45</total>
				<timestamp>5813.700960</timestamp>
			</report>
			<report>
				<misses>18187001</misses>
				<total>45</total>
				<timestamp>5814.020814</timestamp>
			</report>
			<report>
				<misses>18188001</misses>
				<total>45</total>
				<timestamp>5814.340372</timestamp>
			</report>
			<report>
				<misses>18189001</misses>
				<total>45</total>
				<timestamp>5814.660036</timestamp>
			</report>
			<report>
				<misses>18190001</misses>
				<total>45</total>
				<timestamp>5814.979814</timestamp>
			</report>
			<report>
				<misses>18191001</misses>
				<total>45</total>
				<timestamp>5815.299562</timestamp>
			</report>
			<report>
				<misses>18192001</misses>
				<total>44</total>
				<timestamp>5815.619175</timestamp>
			</report>
			<report>
				<misses>18193001</misses>
				<total>45</total>
				<timestamp>5815.938840</timestamp>
			</report>
			<report>
				<misses>18194001</misses>
				<total>44</total>
				<timestamp>5816.258512</timestamp>
			</report>
			<report>
				<misses>18195001</misses>
				<total>45</total>
				<timestamp>5816.578225</timestamp>
			</report>
			<report>
				<misses>18196001</misses>
				<total>45</total>
				<timestamp>5816.897959</timestamp>
			</report>
			<report>
				<misses>18197001</misses>
				<total>45</total>
				<timestamp>5817.217568</timestamp>
			</report>
			<report>
				<misses>18198001</misses>
				<total>45</total>
				<timestamp>5817.537250</timestamp>
			</report>
			<report>
				<misses>18199001</misses>
				<total>45</total>
				<timestamp>5817.856937</timestamp>
			</report>
			<report>
				<misses>18200001</misses>
				<total>45</total>
				<timestamp>5818.176552</timestamp>
			</report>
			<report>
				<misses>18201001</misses>
				<total>45</total>
				<timestamp>5818.496219</timestamp>
			</report>
			<report>
				<misses>18202001</misses>
				<total>44</total>
				<timestamp>5818.815979</timestamp>
			</report>
			<report>
				<misses>18203001</misses>
				<total>45</total>
				<timestamp>5819.135680</timestamp>
			</report>
			<report>
				<misses>18204001</misses>
				<total>45</total>
				<timestamp>5819.455250</timestamp>
			</report>
			<report>
				<misses>18205001</misses>
				<total>45</total>
				<timestamp>5819.774956</timestamp>
			</report>
			<report>
				<misses>18206001</misses>
				<total>44</total>
				<timestamp>5820.094666</timestamp>
			</report>
			<report>
				<misses>18207001</misses>
				<total>44</total>
				<timestamp>5820.414363</timestamp>
			</report>
			<report>
				<misses>18208001</misses>
				<total>45</total>
				<timestamp>5820.733987</timestamp>
			</report>
			<report>
				<misses>18209001</misses>
				<total>45</total>
				<timestamp>5821.053600</timestamp>
			</report>
			<report>
				<misses>18210001</misses>
				<total>45</total>
				<timestamp>5821.373345</timestamp>
			</report>
			<report>
				<misses>18211001</misses>
				<total>45</total>
				<timestamp>5821.693078</timestamp>
			</report>
			<report>
				<misses>18212001</misses>
				<total>45</total>
				<timestamp>5822.012711</timestamp>
			</report>
			<report>
				<misses>18213001</misses>
				<total>45</total>
				<timestamp>5822.332396</timestamp>
			</report>
			<report>
				<misses>18214001</misses>
				<total>45</total>
				<timestamp>5822.652051</timestamp>
			</report>
			<report>
				<misses>18215001</misses>
				<total>45</total>
				<timestamp>5822.971733</timestamp>
			</report>
			<report>
				<misses>18216001</misses>
				<total>45</total>
				<timestamp>5823.291420</timestamp>
			</report>
			<report>
				<misses>18217001</misses>
				<total>45</total>
				<timestamp>5823.611061</timestamp>
			</report>
			<report>
				<misses>18218001</misses>
				<total>45</total>
				<timestamp>5823.930832</timestamp>
			</report>
			<report>
				<misses>18219001</misses>
				<total>45</total>
				<timestamp>5824.250411</timestamp>
			</report>
			<report>
				<misses>18220001</misses>
				<total>45</total>
				<timestamp>5824.570130</timestamp>
			</report>
			<report>
				<misses>18221001</misses>
				<total>45</total>
				<timestamp>5824.889822</timestamp>
			</report>
			<report>
				<misses>18222001</misses>
				<total>45</total>
				<timestamp>5825.209533</timestamp>
			</report>
			<report>
				<misses>18223001</misses>
				<total>45</total>
				<timestamp>5825.529241</timestamp>
			</report>
			<report>
				<misses>18224001</misses>
				<total>45</total>
				<timestamp>5825.848839</timestamp>
			</report>
			<report>
				<misses>18225001</misses>
				<total>45</total>
				<timestamp>5826.168508</timestamp>
			</report>
			<report>
				<misses>18226001</misses>
				<total>45</total>
				<timestamp>5826.488183</timestamp>
			</report>
			<report>
				<misses>18227001</misses>
				<total>45</total>
				<timestamp>5826.808002</timestamp>
			</report>
			<report>
				<misses>18228001</misses>
				<total>45</total>
				<timestamp>5827.127563</timestamp>
			</report>
			<report>
				<misses>18229001</misses>
				<total>45</total>
				<timestamp>5827.447308</timestamp>
			</report>
			<report>
				<misses>18230001</misses>
				<total>45</total>
				<timestamp>5827.766900</timestamp>
			</report>
			<report>
				<misses>18231001</misses>
				<total>45</total>
				<timestamp>5828.086709</timestamp>
			</report>
			<report>
				<misses>18232001</misses>
				<total>45</total>
				<timestamp>5828.406338</timestamp>
			</report>
			<report>
				<misses>18233001</misses>
				<total>45</total>
				<timestamp>5828.725984</timestamp>
			</report>
			<report>
				<misses>18234001</misses>
				<total>45</total>
				<timestamp>5829.045608</timestamp>
			</report>
			<report>
				<misses>18235001</misses>
				<total>44</total>
				<timestamp>5829.365409</timestamp>
			</report>
			<report>
				<misses>18236001</misses>
				<total>45</total>
				<timestamp>5829.685009</timestamp>
			</report>
			<report>
				<misses>18237001</misses>
				<total>45</total>
				<timestamp>5830.004829</timestamp>
			</report>
			<report>
				<misses>18238001</misses>
				<total>45</total>
				<timestamp>5830.324477</timestamp>
			</report>
			<report>
				<misses>18239001</misses>
				<total>45</total>
				<timestamp>5830.644073</timestamp>
			</report>
			<report>
				<misses>18240001</misses>
				<total>45</total>
				<timestamp>5830.963832</timestamp>
			</report>
			<report>
				<misses>18241001</misses>
				<total>45</total>
				<timestamp>5831.283401</timestamp>
			</report>
			<report>
				<misses>18242001</misses>
				<total>45</total>
				<timestamp>5831.603093</timestamp>
			</report>
			<report>
				<misses>18243001</misses>
				<total>45</total>
				<timestamp>5831.922827</timestamp>
			</report>
			<report>
				<misses>18244001</misses>
				<total>45</total>
				<timestamp>5832.242572</timestamp>
			</report>
			<report>
				<misses>18245001</misses>
				<total>45</total>
				<timestamp>5832.562110</timestamp>
			</report>
			<report>
				<misses>18246001</misses>
				<total>45</total>
				<timestamp>5832.881774</timestamp>
			</report>
			<report>
				<misses>18247001</misses>
				<total>45</total>
				<timestamp>5833.201460</timestamp>
			</report>
			<report>
				<misses>18248001</misses>
				<total>45</total>
				<timestamp>5833.521188</timestamp>
			</report>
			<report>
				<misses>18249001</misses>
				<total>45</total>
				<timestamp>5833.840818</timestamp>
			</report>
			<report>
				<misses>18250001</misses>
				<total>45</total>
				<timestamp>5834.160577</timestamp>
			</report>
			<report>
				<misses>18251001</misses>
				<total>45</total>
				<timestamp>5834.480270</timestamp>
			</report>
			<report>
				<misses>18252001</misses>
				<total>44</total>
				<timestamp>5834.799978</timestamp>
			</report>
			<report>
				<misses>18253001</misses>
				<total>44</total>
				<timestamp>5835.119701</timestamp>
			</report>
			<report>
				<misses>18254001</misses>
				<total>45</total>
				<timestamp>5835.439236</timestamp>
			</report>
			<report>
				<misses>18255001</misses>
				<total>45</total>
				<timestamp>5835.758916</timestamp>
			</report>
			<report>
				<misses>18256001</misses>
				<total>45</total>
				<timestamp>5836.078595</timestamp>
			</report>
			<report>
				<misses>18257001</misses>
				<total>45</total>
				<timestamp>5836.398278</timestamp>
			</report>
			<report>
				<misses>18258001</misses>
				<total>45</total>
				<timestamp>5836.718096</timestamp>
			</report>
			<report>
				<misses>18259001</misses>
				<total>45</total>
				<timestamp>5837.037708</timestamp>
			</report>
			<report>
				<misses>18260001</misses>
				<total>45</total>
				<timestamp>5837.357324</timestamp>
			</report>
			<report>
				<misses>18261001</misses>
				<total>45</total>
				<timestamp>5837.677012</timestamp>
			</report>
			<report>
				<misses>18262001</misses>
				<total>45</total>
				<timestamp>5837.996719</timestamp>
			</report>
			<report>
				<misses>18263001</misses>
				<total>45</total>
				<timestamp>5838.316410</timestamp>
			</report>
			<report>
				<misses>18264001</misses>
				<total>45</total>
				<timestamp>5838.636082</timestamp>
			</report>
			<report>
				<misses>18265001</misses>
				<total>44</total>
				<timestamp>5838.955790</timestamp>
			</report>
			<report>
				<misses>18266001</misses>
				<total>45</total>
				<timestamp>5839.275435</timestamp>
			</report>
			<report>
				<misses>18267001</misses>
				<total>45</total>
				<timestamp>5839.595077</timestamp>
			</report>
			<report>
				<misses>18268001</misses>
				<total>45</total>
				<timestamp>5839.914742</timestamp>
			</report>
			<report>
				<misses>18269001</misses>
				<total>45</total>
				<timestamp>5840.234408</timestamp>
			</report>
			<report>
				<misses>18270001</misses>
				<total>45</total>
				<timestamp>5840.554169</timestamp>
			</report>
			<report>
				<misses>18271001</misses>
				<total>44</total>
				<timestamp>5840.873857</timestamp>
			</report>
			<report>
				<misses>18272001</misses>
				<total>44</total>
				<timestamp>5841.193551</timestamp>
			</report>
			<report>
				<misses>18273001</misses>
				<total>45</total>
				<timestamp>5841.513170</timestamp>
			</report>
			<report>
				<misses>18274001</misses>
				<total>45</total>
				<timestamp>5841.832880</timestamp>
			</report>
			<report>
				<misses>18275001</misses>
				<total>45</total>
				<timestamp>5842.152705</timestamp>
			</report>
			<report>
				<misses>18276001</misses>
				<total>45</total>
				<timestamp>5842.472339</timestamp>
			</report>
			<report>
				<misses>18277001</misses>
				<total>45</total>
				<timestamp>5842.791959</timestamp>
			</report>
			<report>
				<misses>18278001</misses>
				<total>45</total>
				<timestamp>5843.111515</timestamp>
			</report>
			<report>
				<misses>18279001</misses>
				<total>45</total>
				<timestamp>5843.431329</timestamp>
			</report>
			<report>
				<misses>18280001</misses>
				<total>45</total>
				<timestamp>5843.750911</timestamp>
			</report>
			<report>
				<misses>18281001</misses>
				<total>45</total>
				<timestamp>5844.070586</timestamp>
			</report>
			<report>
				<misses>18282001</misses>
				<total>45</total>
				<timestamp>5844.390244</timestamp>
			</report>
			<report>
				<misses>18283001</misses>
				<total>45</total>
				<timestamp>5844.709951</timestamp>
			</report>
			<report>
				<misses>18284001</misses>
				<total>44</total>
				<timestamp>5845.029832</timestamp>
			</report>
			<report>
				<misses>18285001</misses>
				<total>44</total>
				<timestamp>5845.349434</timestamp>
			</report>
			<report>
				<misses>18286001</misses>
				<total>45</total>
				<timestamp>5845.669072</timestamp>
			</report>
			<report>
				<misses>18287001</misses>
				<total>45</total>
				<timestamp>5845.988641</timestamp>
			</report>
			<report>
				<misses>18288001</misses>
				<total>45</total>
				<timestamp>5846.308353</timestamp>
			</report>
			<report>
				<misses>18289001</misses>
				<total>45</total>
				<timestamp>5846.628054</timestamp>
			</report>
			<report>
				<misses>18290001</misses>
				<total>45</total>
				<timestamp>5846.947738</timestamp>
			</report>
			<report>
				<misses>18291001</misses>
				<total>45</total>
				<timestamp>5847.267427</timestamp>
			</report>
			<report>
				<misses>18292001</misses>
				<total>45</total>
				<timestamp>5847.587173</timestamp>
			</report>
			<report>
				<misses>18293001</misses>
				<total>45</total>
				<timestamp>5847.906825</timestamp>
			</report>
			<report>
				<misses>18294001</misses>
				<total>45</total>
				<timestamp>5848.226431</timestamp>
			</report>
			<report>
				<misses>18295001</misses>
				<total>45</total>
				<timestamp>5848.546292</timestamp>
			</report>
			<report>
				<misses>18296001</misses>
				<total>44</total>
				<timestamp>5848.865988</timestamp>
			</report>
			<report>
				<misses>18297001</misses>
				<total>45</total>
				<timestamp>5849.185447</timestamp>
			</report>
			<report>
				<misses>18298001</misses>
				<total>45</total>
				<timestamp>5849.505175</timestamp>
			</report>
			<report>
				<misses>18299001</misses>
				<total>45</total>
				<timestamp>5849.824943</timestamp>
			</report>
			<report>
				<misses>18300001</misses>
				<total>45</total>
				<timestamp>5850.144580</timestamp>
			</report>
			<report>
				<misses>18301001</misses>
				<total>45</total>
				<timestamp>5850.464224</timestamp>
			</report>
			<report>
				<misses>18302001</misses>
				<total>45</total>
				<timestamp>5850.783945</timestamp>
			</report>
			<report>
				<misses>18303001</misses>
				<total>45</total>
				<timestamp>5851.103705</timestamp>
			</report>
			<report>
				<misses>18304001</misses>
				<total>45</total>
				<timestamp>5851.423228</timestamp>
			</report>
			<report>
				<misses>18305001</misses>
				<total>45</total>
				<timestamp>5851.742985</timestamp>
			</report>
			<report>
				<misses>18306001</misses>
				<total>45</total>
				<timestamp>5852.062621</timestamp>
			</report>
			<report>
				<misses>18307001</misses>
				<total>44</total>
				<timestamp>5852.382474</timestamp>
			</report>
			<report>
				<misses>18308001</misses>
				<total>45</total>
				<timestamp>5852.702078</timestamp>
			</report>
			<report>
				<misses>18309001</misses>
				<total>45</total>
				<timestamp>5853.021714</timestamp>
			</report>
			<report>
				<misses>18310001</misses>
				<total>45</total>
				<timestamp>5853.341383</timestamp>
			</report>
			<report>
				<misses>18311001</misses>
				<total>44</total>
				<timestamp>5853.661086</timestamp>
			</report>
			<report>
				<misses>18312001</misses>
				<total>45</total>
				<timestamp>5853.980821</timestamp>
			</report>
			<report>
				<misses>18313001</misses>
				<total>45</total>
				<timestamp>5854.300326</timestamp>
			</report>
			<report>
				<misses>18314001</misses>
				<total>45</total>
				<timestamp>5854.620082</timestamp>
			</report>
			<report>
				<misses>18315001</misses>
				<total>45</total>
				<timestamp>5854.939758</timestamp>
			</report>
			<report>
				<misses>18316001</misses>
				<total>45</total>
				<timestamp>5855.259364</timestamp>
			</report>
			<report>
				<misses>18317001</misses>
				<total>45</total>
				<timestamp>5855.579127</timestamp>
			</report>
			<report>
				<misses>18318001</misses>
				<total>45</total>
				<timestamp>5855.898798</timestamp>
			</report>
			<report>
				<misses>18319001</misses>
				<total>45</total>
				<timestamp>5856.218427</timestamp>
			</report>
			<report>
				<misses>18320001</misses>
				<total>45</total>
				<timestamp>5856.538126</timestamp>
			</report>
			<report>
				<misses>18321001</misses>
				<total>45</total>
				<timestamp>5856.857763</timestamp>
			</report>
			<report>
				<misses>18322001</misses>
				<total>45</total>
				<timestamp>5857.177438</timestamp>
			</report>
			<report>
				<misses>18323001</misses>
				<total>45</total>
				<timestamp>5857.497121</timestamp>
			</report>
			<report>
				<misses>18324001</misses>
				<total>45</total>
				<timestamp>5857.816828</timestamp>
			</report>
			<report>
				<misses>18325001</misses>
				<total>45</total>
				<timestamp>5858.136579</timestamp>
			</report>
			<report>
				<misses>18326001</misses>
				<total>45</total>
				<timestamp>5858.456177</timestamp>
			</report>
			<report>
				<misses>18327001</misses>
				<total>45</total>
				<timestamp>5858.775952</timestamp>
			</report>
			<report>
				<misses>18328001</misses>
				<total>45</total>
				<timestamp>5859.095574</timestamp>
			</report>
			<report>
				<misses>18329001</misses>
				<total>45</total>
				<timestamp>5859.415277</timestamp>
			</report>
			<report>
				<misses>18330001</misses>
				<total>45</total>
				<timestamp>5859.735083</timestamp>
			</report>
			<report>
				<misses>18331001</misses>
				<total>45</total>
				<timestamp>5860.054595</timestamp>
			</report>
			<report>
				<misses>18332001</misses>
				<total>45</total>
				<timestamp>5860.374245</timestamp>
			</report>
			<report>
				<misses>18333001</misses>
				<total>45</total>
				<timestamp>5860.693970</timestamp>
			</report>
			<report>
				<misses>18334001</misses>
				<total>45</total>
				<timestamp>5861.013712</timestamp>
			</report>
			<report>
				<misses>18335001</misses>
				<total>45</total>
				<timestamp>5861.333332</timestamp>
			</report>
			<report>
				<misses>18336001</misses>
				<total>45</total>
				<timestamp>5861.653013</timestamp>
			</report>
			<report>
				<misses>18337001</misses>
				<total>45</total>
				<timestamp>5861.972686</timestamp>
			</report>
			<report>
				<misses>18338001</misses>
				<total>45</total>
				<timestamp>5862.292345</timestamp>
			</report>
			<report>
				<misses>18339001</misses>
				<total>45</total>
				<timestamp>5862.612094</timestamp>
			</report>
			<report>
				<misses>18340001</misses>
				<total>44</total>
				<timestamp>5862.931788</timestamp>
			</report>
			<report>
				<misses>18341001</misses>
				<total>45</total>
				<timestamp>5863.251370</timestamp>
			</report>
			<report>
				<misses>18342001</misses>
				<total>45</total>
				<timestamp>5863.571128</timestamp>
			</report>
			<report>
				<misses>18343001</misses>
				<total>45</total>
				<timestamp>5863.890774</timestamp>
			</report>
			<report>
				<misses>18344001</misses>
				<total>45</total>
				<timestamp>5864.210584</timestamp>
			</report>
			<report>
				<misses>18345001</misses>
				<total>45</total>
				<timestamp>5864.530170</timestamp>
			</report>
			<report>
				<misses>18346001</misses>
				<total>45</total>
				<timestamp>5864.849836</timestamp>
			</report>
			<report>
				<misses>18347001</misses>
				<total>45</total>
				<timestamp>5865.169479</timestamp>
			</report>
			<report>
				<misses>18348001</misses>
				<total>45</total>
				<timestamp>5865.489237</timestamp>
			</report>
			<report>
				<misses>18349001</misses>
				<total>45</total>
				<timestamp>5865.808956</timestamp>
			</report>
			<report>
				<misses>18350001</misses>
				<total>45</total>
				<timestamp>5866.128558</timestamp>
			</report>
			<report>
				<misses>18351001</misses>
				<total>45</total>
				<timestamp>5866.448249</timestamp>
			</report>
			<report>
				<misses>18352001</misses>
				<total>45</total>
				<timestamp>5866.767939</timestamp>
			</report>
			<report>
				<misses>18353001</misses>
				<total>45</total>
				<timestamp>5867.087565</timestamp>
			</report>
			<report>
				<misses>18354001</misses>
				<total>45</total>
				<timestamp>5867.407242</timestamp>
			</report>
			<report>
				<misses>18355001</misses>
				<total>45</total>
				<timestamp>5867.726922</timestamp>
			</report>
			<report>
				<misses>18356001</misses>
				<total>45</total>
				<timestamp>5868.046590</timestamp>
			</report>
			<report>
				<misses>18357001</misses>
				<total>45</total>
				<timestamp>5868.366248</timestamp>
			</report>
			<report>
				<misses>18358001</misses>
				<total>45</total>
				<timestamp>5868.686041</timestamp>
			</report>
			<report>
				<misses>18359001</misses>
				<total>45</total>
				<timestamp>5869.005646</timestamp>
			</report>
			<report>
				<misses>18360001</misses>
				<total>44</total>
				<timestamp>5869.325558</timestamp>
			</report>
			<report>
				<misses>18361001</misses>
				<total>45</total>
				<timestamp>5869.645014</timestamp>
			</report>
			<report>
				<misses>18362001</misses>
				<total>45</total>
				<timestamp>5869.964708</timestamp>
			</report>
			<report>
				<misses>18363001</misses>
				<total>45</total>
				<timestamp>5870.284373</timestamp>
			</report>
			<report>
				<misses>18364001</misses>
				<total>45</total>
				<timestamp>5870.604004</timestamp>
			</report>
			<report>
				<misses>18365001</misses>
				<total>45</total>
				<timestamp>5870.923701</timestamp>
			</report>
			<report>
				<misses>18366001</misses>
				<total>45</total>
				<timestamp>5871.243440</timestamp>
			</report>
			<report>
				<misses>18367001</misses>
				<total>45</total>
				<timestamp>5871.563092</timestamp>
			</report>
			<report>
				<misses>18368001</misses>
				<total>45</total>
				<timestamp>5871.882724</timestamp>
			</report>
			<report>
				<misses>18369001</misses>
				<total>45</total>
				<timestamp>5872.202398</timestamp>
			</report>
			<report>
				<misses>18370001</misses>
				<total>45</total>
				<timestamp>5872.522091</timestamp>
			</report>
			<report>
				<misses>18371001</misses>
				<total>45</total>
				<timestamp>5872.841768</timestamp>
			</report>
			<report>
				<misses>18372001</misses>
				<total>45</total>
				<timestamp>5873.161562</timestamp>
			</report>
			<report>
				<misses>18373001</misses>
				<total>45</total>
				<timestamp>5873.481181</timestamp>
			</report>
			<report>
				<misses>18374001</misses>
				<total>45</total>
				<timestamp>5873.800962</timestamp>
			</report>
			<report>
				<misses>18375001</misses>
				<total>45</total>
				<timestamp>5874.120564</timestamp>
			</report>
			<report>
				<misses>18376001</misses>
				<total>45</total>
				<timestamp>5874.440167</timestamp>
			</report>
			<report>
				<misses>18377001</misses>
				<total>45</total>
				<timestamp>5874.759944</timestamp>
			</report>
			<report>
				<misses>18378001</misses>
				<total>44</total>
				<timestamp>5875.079671</timestamp>
			</report>
			<report>
				<misses>18379001</misses>
				<total>45</total>
				<timestamp>5875.399260</timestamp>
			</report>
			<report>
				<misses>18380001</misses>
				<total>45</total>
				<timestamp>5875.718889</timestamp>
			</report>
			<report>
				<misses>18381001</misses>
				<total>45</total>
				<timestamp>5876.038567</timestamp>
			</report>
			<report>
				<misses>18382001</misses>
				<total>45</total>
				<timestamp>5876.358240</timestamp>
			</report>
			<report>
				<misses>18383001</misses>
				<total>45</total>
				<timestamp>5876.678069</timestamp>
			</report>
			<report>
				<misses>18384001</misses>
				<total>45</total>
				<timestamp>5876.997687</timestamp>
			</report>
			<report>
				<misses>18385001</misses>
				<total>45</total>
				<timestamp>5877.317321</timestamp>
			</report>
			<report>
				<misses>18386001</misses>
				<total>45</total>
				<timestamp>5877.637152</timestamp>
			</report>
			<report>
				<misses>18387001</misses>
				<total>45</total>
				<timestamp>5877.956658</timestamp>
			</report>
			<report>
				<misses>18388001</misses>
				<total>45</total>
				<timestamp>5878.276382</timestamp>
			</report>
			<report>
				<misses>18389001</misses>
				<total>45</total>
				<timestamp>5878.596013</timestamp>
			</report>
			<report>
				<misses>18390001</misses>
				<total>44</total>
				<timestamp>5878.915865</timestamp>
			</report>
			<report>
				<misses>18391001</misses>
				<total>45</total>
				<timestamp>5879.235419</timestamp>
			</report>
			<report>
				<misses>18392001</misses>
				<total>45</total>
				<timestamp>5879.555112</timestamp>
			</report>
			<report>
				<misses>18393001</misses>
				<total>45</total>
				<timestamp>5879.874803</timestamp>
			</report>
			<report>
				<misses>18394001</misses>
				<total>45</total>
				<timestamp>5880.194442</timestamp>
			</report>
			<report>
				<misses>18395001</misses>
				<total>45</total>
				<timestamp>5880.514084</timestamp>
			</report>
			<report>
				<misses>18396001</misses>
				<total>45</total>
				<timestamp>5880.833832</timestamp>
			</report>
			<report>
				<misses>18397001</misses>
				<total>45</total>
				<timestamp>5881.153581</timestamp>
			</report>
			<report>
				<misses>18398001</misses>
				<total>45</total>
				<timestamp>5881.473143</timestamp>
			</report>
			<report>
				<misses>18399001</misses>
				<total>45</total>
				<timestamp>5881.792866</timestamp>
			</report>
			<report>
				<misses>18400001</misses>
				<total>45</total>
				<timestamp>5882.112501</timestamp>
			</report>
			<report>
				<misses>18401001</misses>
				<total>45</total>
				<timestamp>5882.432187</timestamp>
			</report>
			<report>
				<misses>18402001</misses>
				<total>45</total>
				<timestamp>5882.751921</timestamp>
			</report>
			<report>
				<misses>18403001</misses>
				<total>45</total>
				<timestamp>5883.071567</timestamp>
			</report>
			<report>
				<misses>18404001</misses>
				<total>45</total>
				<timestamp>5883.391290</timestamp>
			</report>
			<report>
				<misses>18405001</misses>
				<total>45</total>
				<timestamp>5883.710928</timestamp>
			</report>
			<report>
				<misses>18406001</misses>
				<total>45</total>
				<timestamp>5884.030592</timestamp>
			</report>
			<report>
				<misses>18407001</misses>
				<total>45</total>
				<timestamp>5884.350244</timestamp>
			</report>
			<report>
				<misses>18408001</misses>
				<total>45</total>
				<timestamp>5884.669980</timestamp>
			</report>
			<report>
				<misses>18409001</misses>
				<total>45</total>
				<timestamp>5884.989677</timestamp>
			</report>
			<report>
				<misses>18410001</misses>
				<total>45</total>
				<timestamp>5885.309324</timestamp>
			</report>
			<report>
				<misses>18411001</misses>
				<total>45</total>
				<timestamp>5885.629013</timestamp>
			</report>
			<report>
				<misses>18412001</misses>
				<total>45</total>
				<timestamp>5885.948731</timestamp>
			</report>
			<report>
				<misses>18413001</misses>
				<total>45</total>
				<timestamp>5886.268391</timestamp>
			</report>
			<report>
				<misses>18414001</misses>
				<total>45</total>
				<timestamp>5886.588059</timestamp>
			</report>
			<report>
				<misses>18415001</misses>
				<total>45</total>
				<timestamp>5886.907836</timestamp>
			</report>
			<report>
				<misses>18416001</misses>
				<total>45</total>
				<timestamp>5887.227375</timestamp>
			</report>
			<report>
				<misses>18417001</misses>
				<total>45</total>
				<timestamp>5887.547048</timestamp>
			</report>
			<report>
				<misses>18418001</misses>
				<total>45</total>
				<timestamp>5887.866942</timestamp>
			</report>
			<report>
				<misses>18419001</misses>
				<total>45</total>
				<timestamp>5888.186484</timestamp>
			</report>
			<report>
				<misses>18420001</misses>
				<total>45</total>
				<timestamp>5888.506190</timestamp>
			</report>
			<report>
				<misses>18421001</misses>
				<total>45</total>
				<timestamp>5888.825829</timestamp>
			</report>
			<report>
				<misses>18422001</misses>
				<total>45</total>
				<timestamp>5889.145450</timestamp>
			</report>
			<report>
				<misses>18423001</misses>
				<total>45</total>
				<timestamp>5889.465136</timestamp>
			</report>
			<report>
				<misses>18424001</misses>
				<total>45</total>
				<timestamp>5889.784858</timestamp>
			</report>
			<report>
				<misses>18425001</misses>
				<total>45</total>
				<timestamp>5890.104596</timestamp>
			</report>
			<report>
				<misses>18426001</misses>
				<total>45</total>
				<timestamp>5890.424219</timestamp>
			</report>
			<report>
				<misses>18427001</misses>
				<total>45</total>
				<timestamp>5890.743892</timestamp>
			</report>
			<report>
				<misses>18428001</misses>
				<total>45</total>
				<timestamp>5891.063574</timestamp>
			</report>
			<report>
				<misses>18429001</misses>
				<total>45</total>
				<timestamp>5891.383202</timestamp>
			</report>
			<report>
				<misses>18430001</misses>
				<total>45</total>
				<timestamp>5891.702944</timestamp>
			</report>
			<report>
				<misses>18431001</misses>
				<total>45</total>
				<timestamp>5892.022702</timestamp>
			</report>
			<report>
				<misses>18432001</misses>
				<total>45</total>
				<timestamp>5892.342238</timestamp>
			</report>
			<report>
				<misses>18433001</misses>
				<total>45</total>
				<timestamp>5892.661983</timestamp>
			</report>
			<report>
				<misses>18434001</misses>
				<total>45</total>
				<timestamp>5892.981701</timestamp>
			</report>
			<report>
				<misses>18435001</misses>
				<total>45</total>
				<timestamp>5893.301330</timestamp>
			</report>
			<report>
				<misses>18436001</misses>
				<total>45</total>
				<timestamp>5893.620961</timestamp>
			</report>
			<report>
				<misses>18437001</misses>
				<total>45</total>
				<timestamp>5893.940716</timestamp>
			</report>
			<report>
				<misses>18438001</misses>
				<total>45</total>
				<timestamp>5894.260325</timestamp>
			</report>
			<report>
				<misses>18439001</misses>
				<total>45</total>
				<timestamp>5894.580046</timestamp>
			</report>
			<report>
				<misses>18440001</misses>
				<total>44</total>
				<timestamp>5894.899817</timestamp>
			</report>
			<report>
				<misses>18441001</misses>
				<total>45</total>
				<timestamp>5895.219382</timestamp>
			</report>
			<report>
				<misses>18442001</misses>
				<total>45</total>
				<timestamp>5895.539069</timestamp>
			</report>
			<report>
				<misses>18443001</misses>
				<total>45</total>
				<timestamp>5895.858781</timestamp>
			</report>
			<report>
				<misses>18444001</misses>
				<total>44</total>
				<timestamp>5896.178517</timestamp>
			</report>
			<report>
				<misses>18445001</misses>
				<total>45</total>
				<timestamp>5896.498187</timestamp>
			</report>
			<report>
				<misses>18446001</misses>
				<total>45</total>
				<timestamp>5896.817832</timestamp>
			</report>
			<report>
				<misses>18447001</misses>
				<total>45</total>
				<timestamp>5897.137437</timestamp>
			</report>
			<report>
				<misses>18448001</misses>
				<total>44</total>
				<timestamp>5897.457281</timestamp>
			</report>
			<report>
				<misses>18449001</misses>
				<total>45</total>
				<timestamp>5897.776839</timestamp>
			</report>
			<report>
				<misses>18450001</misses>
				<total>44</total>
				<timestamp>5898.096668</timestamp>
			</report>
			<report>
				<misses>18451001</misses>
				<total>44</total>
				<timestamp>5898.416358</timestamp>
			</report>
			<report>
				<misses>18452001</misses>
				<total>45</total>
				<timestamp>5898.735893</timestamp>
			</report>
			<report>
				<misses>18453001</misses>
				<total>45</total>
				<timestamp>5899.055598</timestamp>
			</report>
			<report>
				<misses>18454001</misses>
				<total>45</total>
				<timestamp>5899.375216</timestamp>
			</report>
			<report>
				<misses>18455001</misses>
				<total>45</total>
				<timestamp>5899.694947</timestamp>
			</report>
			<report>
				<misses>18456001</misses>
				<total>45</total>
				<timestamp>5900.014602</timestamp>
			</report>
			<report>
				<misses>18457001</misses>
				<total>45</total>
				<timestamp>5900.334295</timestamp>
			</report>
			<report>
				<misses>18458001</misses>
				<total>45</total>
				<timestamp>5900.653985</timestamp>
			</report>
			<report>
				<misses>18459001</misses>
				<total>45</total>
				<timestamp>5900.973688</timestamp>
			</report>
			<report>
				<misses>18460001</misses>
				<total>45</total>
				<timestamp>5901.293283</timestamp>
			</report>
			<report>
				<misses>18461001</misses>
				<total>45</total>
				<timestamp>5901.613038</timestamp>
			</report>
			<report>
				<misses>18462001</misses>
				<total>45</total>
				<timestamp>5901.932752</timestamp>
			</report>
			<report>
				<misses>18463001</misses>
				<total>45</total>
				<timestamp>5902.252342</timestamp>
			</report>
			<report>
				<misses>18464001</misses>
				<total>45</total>
				<timestamp>5902.572090</timestamp>
			</report>
			<report>
				<misses>18465001</misses>
				<total>45</total>
				<timestamp>5902.891748</timestamp>
			</report>
			<report>
				<misses>18466001</misses>
				<total>45</total>
				<timestamp>5903.211381</timestamp>
			</report>
			<report>
				<misses>18467001</misses>
				<total>45</total>
				<timestamp>5903.531078</timestamp>
			</report>
			<report>
				<misses>18468001</misses>
				<total>45</total>
				<timestamp>5903.850831</timestamp>
			</report>
			<report>
				<misses>18469001</misses>
				<total>45</total>
				<timestamp>5904.170556</timestamp>
			</report>
			<report>
				<misses>18470001</misses>
				<total>45</total>
				<timestamp>5904.490135</timestamp>
			</report>
			<report>
				<misses>18471001</misses>
				<total>45</total>
				<timestamp>5904.809835</timestamp>
			</report>
			<report>
				<misses>18472001</misses>
				<total>45</total>
				<timestamp>5905.129566</timestamp>
			</report>
			<report>
				<misses>18473001</misses>
				<total>45</total>
				<timestamp>5905.449198</timestamp>
			</report>
			<report>
				<misses>18474001</misses>
				<total>45</total>
				<timestamp>5905.768822</timestamp>
			</report>
			<report>
				<misses>18475001</misses>
				<total>45</total>
				<timestamp>5906.088708</timestamp>
			</report>
			<report>
				<misses>18476001</misses>
				<total>45</total>
				<timestamp>5906.408167</timestamp>
			</report>
			<report>
				<misses>18477001</misses>
				<total>45</total>
				<timestamp>5906.727935</timestamp>
			</report>
			<report>
				<misses>18478001</misses>
				<total>45</total>
				<timestamp>5907.047517</timestamp>
			</report>
			<report>
				<misses>18479001</misses>
				<total>45</total>
				<timestamp>5907.367210</timestamp>
			</report>
			<report>
				<misses>18480001</misses>
				<total>45</total>
				<timestamp>5907.686938</timestamp>
			</report>
			<report>
				<misses>18481001</misses>
				<total>45</total>
				<timestamp>5908.006708</timestamp>
			</report>
			<report>
				<misses>18482001</misses>
				<total>45</total>
				<timestamp>5908.326270</timestamp>
			</report>
			<report>
				<misses>18483001</misses>
				<total>45</total>
				<timestamp>5908.645945</timestamp>
			</report>
			<report>
				<misses>18484001</misses>
				<total>45</total>
				<timestamp>5908.965666</timestamp>
			</report>
			<report>
				<misses>18485001</misses>
				<total>45</total>
				<timestamp>5909.285311</timestamp>
			</report>
			<report>
				<misses>18486001</misses>
				<total>45</total>
				<timestamp>5909.604995</timestamp>
			</report>
			<report>
				<misses>18487001</misses>
				<total>45</total>
				<timestamp>5909.924703</timestamp>
			</report>
			<report>
				<misses>18488001</misses>
				<total>45</total>
				<timestamp>5910.244375</timestamp>
			</report>
			<report>
				<misses>18489001</misses>
				<total>45</total>
				<timestamp>5910.563994</timestamp>
			</report>
			<report>
				<misses>18490001</misses>
				<total>45</total>
				<timestamp>5910.883800</timestamp>
			</report>
			<report>
				<misses>18491001</misses>
				<total>45</total>
				<timestamp>5911.203420</timestamp>
			</report>
			<report>
				<misses>18492001</misses>
				<total>45</total>
				<timestamp>5911.523076</timestamp>
			</report>
			<report>
				<misses>18493001</misses>
				<total>45</total>
				<timestamp>5911.842827</timestamp>
			</report>
			<report>
				<misses>18494001</misses>
				<total>45</total>
				<timestamp>5912.162563</timestamp>
			</report>
			<report>
				<misses>18495001</misses>
				<total>45</total>
				<timestamp>5912.482221</timestamp>
			</report>
			<report>
				<misses>18496001</misses>
				<total>45</total>
				<timestamp>5912.801774</timestamp>
			</report>
			<report>
				<misses>18497001</misses>
				<total>45</total>
				<timestamp>5913.121470</timestamp>
			</report>
			<report>
				<misses>18498001</misses>
				<total>45</total>
				<timestamp>5913.441173</timestamp>
			</report>
			<report>
				<misses>18499001</misses>
				<total>44</total>
				<timestamp>5913.760920</timestamp>
			</report>
			<report>
				<misses>18500001</misses>
				<total>45</total>
				<timestamp>5914.080600</timestamp>
			</report>
			<report>
				<misses>18501001</misses>
				<total>45</total>
				<timestamp>5914.400159</timestamp>
			</report>
			<report>
				<misses>18502001</misses>
				<total>45</total>
				<timestamp>5914.719953</timestamp>
			</report>
			<report>
				<misses>18503001</misses>
				<total>45</total>
				<timestamp>5915.039588</timestamp>
			</report>
			<report>
				<misses>18504001</misses>
				<total>45</total>
				<timestamp>5915.359278</timestamp>
			</report>
			<report>
				<misses>18505001</misses>
				<total>45</total>
				<timestamp>5915.678910</timestamp>
			</report>
			<report>
				<misses>18506001</misses>
				<total>45</total>
				<timestamp>5915.998586</timestamp>
			</report>
			<report>
				<misses>18507001</misses>
				<total>45</total>
				<timestamp>5916.318358</timestamp>
			</report>
			<report>
				<misses>18508001</misses>
				<total>45</total>
				<timestamp>5916.637955</timestamp>
			</report>
			<report>
				<misses>18509001</misses>
				<total>45</total>
				<timestamp>5916.957711</timestamp>
			</report>
			<report>
				<misses>18510001</misses>
				<total>45</total>
				<timestamp>5917.277398</timestamp>
			</report>
			<report>
				<misses>18511001</misses>
				<total>45</total>
				<timestamp>5917.596980</timestamp>
			</report>
			<report>
				<misses>18512001</misses>
				<total>45</total>
				<timestamp>5917.916722</timestamp>
			</report>
			<report>
				<misses>18513001</misses>
				<total>45</total>
				<timestamp>5918.236344</timestamp>
			</report>
			<report>
				<misses>18514001</misses>
				<total>45</total>
				<timestamp>5918.556008</timestamp>
			</report>
			<report>
				<misses>18515001</misses>
				<total>45</total>
				<timestamp>5918.875824</timestamp>
			</report>
			<report>
				<misses>18516001</misses>
				<total>45</total>
				<timestamp>5919.195395</timestamp>
			</report>
			<report>
				<misses>18517001</misses>
				<total>45</total>
				<timestamp>5919.515085</timestamp>
			</report>
			<report>
				<misses>18518001</misses>
				<total>44</total>
				<timestamp>5919.834944</timestamp>
			</report>
			<report>
				<misses>18519001</misses>
				<total>45</total>
				<timestamp>5920.154438</timestamp>
			</report>
			<report>
				<misses>18520001</misses>
				<total>45</total>
				<timestamp>5920.474110</timestamp>
			</report>
			<report>
				<misses>18521001</misses>
				<total>45</total>
				<timestamp>5920.793770</timestamp>
			</report>
			<report>
				<misses>18522001</misses>
				<total>45</total>
				<timestamp>5921.113447</timestamp>
			</report>
			<report>
				<misses>18523001</misses>
				<total>45</total>
				<timestamp>5921.433213</timestamp>
			</report>
			<report>
				<misses>18524001</misses>
				<total>45</total>
				<timestamp>5921.752940</timestamp>
			</report>
			<report>
				<misses>18525001</misses>
				<total>45</total>
				<timestamp>5922.072607</timestamp>
			</report>
			<report>
				<misses>18526001</misses>
				<total>44</total>
				<timestamp>5922.392290</timestamp>
			</report>
			<report>
				<misses>18527001</misses>
				<total>45</total>
				<timestamp>5922.711892</timestamp>
			</report>
			<report>
				<misses>18528001</misses>
				<total>45</total>
				<timestamp>5923.031710</timestamp>
			</report>
			<report>
				<misses>18529001</misses>
				<total>45</total>
				<timestamp>5923.351203</timestamp>
			</report>
			<report>
				<misses>18530001</misses>
				<total>45</total>
				<timestamp>5923.670941</timestamp>
			</report>
			<report>
				<misses>18531001</misses>
				<total>45</total>
				<timestamp>5923.990689</timestamp>
			</report>
			<report>
				<misses>18532001</misses>
				<total>45</total>
				<timestamp>5924.310271</timestamp>
			</report>
			<report>
				<misses>18533001</misses>
				<total>45</total>
				<timestamp>5924.629976</timestamp>
			</report>
			<report>
				<misses>18534001</misses>
				<total>45</total>
				<timestamp>5924.949651</timestamp>
			</report>
			<report>
				<misses>18535001</misses>
				<total>45</total>
				<timestamp>5925.269279</timestamp>
			</report>
			<report>
				<misses>18536001</misses>
				<total>45</total>
				<timestamp>5925.588961</timestamp>
			</report>
			<report>
				<misses>18537001</misses>
				<total>45</total>
				<timestamp>5925.908810</timestamp>
			</report>
			<report>
				<misses>18538001</misses>
				<total>45</total>
				<timestamp>5926.228382</timestamp>
			</report>
			<report>
				<misses>18539001</misses>
				<total>45</total>
				<timestamp>5926.548015</timestamp>
			</report>
			<report>
				<misses>18540001</misses>
				<total>45</total>
				<timestamp>5926.867816</timestamp>
			</report>
			<report>
				<misses>18541001</misses>
				<total>45</total>
				<timestamp>5927.187360</timestamp>
			</report>
			<report>
				<misses>18542001</misses>
				<total>45</total>
				<timestamp>5927.507035</timestamp>
			</report>
			<report>
				<misses>18543001</misses>
				<total>45</total>
				<timestamp>5927.826834</timestamp>
			</report>
			<report>
				<misses>18544001</misses>
				<total>45</total>
				<timestamp>5928.146403</timestamp>
			</report>
			<report>
				<misses>18545001</misses>
				<total>45</total>
				<timestamp>5928.466128</timestamp>
			</report>
			<report>
				<misses>18546001</misses>
				<total>45</total>
				<timestamp>5928.785839</timestamp>
			</report>
			<report>
				<misses>18547001</misses>
				<total>45</total>
				<timestamp>5929.105562</timestamp>
			</report>
			<report>
				<misses>18548001</misses>
				<total>45</total>
				<timestamp>5929.425138</timestamp>
			</report>
			<report>
				<misses>18549001</misses>
				<total>45</total>
				<timestamp>5929.744856</timestamp>
			</report>
			<report>
				<misses>18550001</misses>
				<total>45</total>
				<timestamp>5930.064590</timestamp>
			</report>
			<report>
				<misses>18551001</misses>
				<total>45</total>
				<timestamp>5930.384187</timestamp>
			</report>
			<report>
				<misses>18552001</misses>
				<total>45</total>
				<timestamp>5930.703938</timestamp>
			</report>
			<report>
				<misses>18553001</misses>
				<total>45</total>
				<timestamp>5931.023584</timestamp>
			</report>
			<report>
				<misses>18554001</misses>
				<total>45</total>
				<timestamp>5931.343207</timestamp>
			</report>
			<report>
				<misses>18555001</misses>
				<total>45</total>
				<timestamp>5931.662943</timestamp>
			</report>
			<report>
				<misses>18556001</misses>
				<total>45</total>
				<timestamp>5931.982655</timestamp>
			</report>
			<report>
				<misses>18557001</misses>
				<total>45</total>
				<timestamp>5932.302271</timestamp>
			</report>
			<report>
				<misses>18558001</misses>
				<total>45</total>
				<timestamp>5932.621940</timestamp>
			</report>
			<report>
				<misses>18559001</misses>
				<total>45</total>
				<timestamp>5932.941673</timestamp>
			</report>
			<report>
				<misses>18560001</misses>
				<total>45</total>
				<timestamp>5933.261277</timestamp>
			</report>
			<report>
				<misses>18561001</misses>
				<total>45</total>
				<timestamp>5933.581012</timestamp>
			</report>
			<report>
				<misses>18562001</misses>
				<total>45</total>
				<timestamp>5933.900680</timestamp>
			</report>
			<report>
				<misses>18563001</misses>
				<total>45</total>
				<timestamp>5934.220382</timestamp>
			</report>
			<report>
				<misses>18564001</misses>
				<total>45</total>
				<timestamp>5934.540034</timestamp>
			</report>
			<report>
				<misses>18565001</misses>
				<total>45</total>
				<timestamp>5934.859679</timestamp>
			</report>
			<report>
				<misses>18566001</misses>
				<total>45</total>
				<timestamp>5935.179482</timestamp>
			</report>
			<report>
				<misses>18567001</misses>
				<total>45</total>
				<timestamp>5935.499113</timestamp>
			</report>
			<report>
				<misses>18568001</misses>
				<total>45</total>
				<timestamp>5935.818758</timestamp>
			</report>
			<report>
				<misses>18569001</misses>
				<total>45</total>
				<timestamp>5936.138457</timestamp>
			</report>
			<report>
				<misses>18570001</misses>
				<total>45</total>
				<timestamp>5936.458137</timestamp>
			</report>
			<report>
				<misses>18571001</misses>
				<total>45</total>
				<timestamp>5936.777938</timestamp>
			</report>
			<report>
				<misses>18572001</misses>
				<total>45</total>
				<timestamp>5937.097464</timestamp>
			</report>
			<report>
				<misses>18573001</misses>
				<total>45</total>
				<timestamp>5937.417176</timestamp>
			</report>
			<report>
				<misses>18574001</misses>
				<total>45</total>
				<timestamp>5937.736819</timestamp>
			</report>
			<report>
				<misses>18575001</misses>
				<total>45</total>
				<timestamp>5938.056571</timestamp>
			</report>
			<report>
				<misses>18576001</misses>
				<total>45</total>
				<timestamp>5938.376245</timestamp>
			</report>
			<report>
				<misses>18577001</misses>
				<total>45</total>
				<timestamp>5938.695880</timestamp>
			</report>
			<report>
				<misses>18578001</misses>
				<total>45</total>
				<timestamp>5939.015566</timestamp>
			</report>
			<report>
				<misses>18579001</misses>
				<total>45</total>
				<timestamp>5939.335207</timestamp>
			</report>
			<report>
				<misses>18580001</misses>
				<total>45</total>
				<timestamp>5939.654973</timestamp>
			</report>
			<report>
				<misses>18581001</misses>
				<total>45</total>
				<timestamp>5939.974700</timestamp>
			</report>
			<report>
				<misses>18582001</misses>
				<total>45</total>
				<timestamp>5940.294258</timestamp>
			</report>
			<report>
				<misses>18583001</misses>
				<total>45</total>
				<timestamp>5940.614057</timestamp>
			</report>
			<report>
				<misses>18584001</misses>
				<total>45</total>
				<timestamp>5940.933726</timestamp>
			</report>
			<report>
				<misses>18585001</misses>
				<total>45</total>
				<timestamp>5941.253370</timestamp>
			</report>
			<report>
				<misses>18586001</misses>
				<total>45</total>
				<timestamp>5941.573071</timestamp>
			</report>
			<report>
				<misses>18587001</misses>
				<total>45</total>
				<timestamp>5941.892706</timestamp>
			</report>
			<report>
				<misses>18588001</misses>
				<total>44</total>
				<timestamp>5942.212565</timestamp>
			</report>
			<report>
				<misses>18589001</misses>
				<total>45</total>
				<timestamp>5942.532019</timestamp>
			</report>
			<report>
				<misses>18590001</misses>
				<total>45</total>
				<timestamp>5942.851828</timestamp>
			</report>
			<report>
				<misses>18591001</misses>
				<total>45</total>
				<timestamp>5943.171481</timestamp>
			</report>
			<report>
				<misses>18592001</misses>
				<total>45</total>
				<timestamp>5943.491132</timestamp>
			</report>
			<report>
				<misses>18593001</misses>
				<total>45</total>
				<timestamp>5943.810827</timestamp>
			</report>
			<report>
				<misses>18594001</misses>
				<total>45</total>
				<timestamp>5944.130444</timestamp>
			</report>
			<report>
				<misses>18595001</misses>
				<total>45</total>
				<timestamp>5944.450114</timestamp>
			</report>
			<report>
				<misses>18596001</misses>
				<total>45</total>
				<timestamp>5944.769770</timestamp>
			</report>
			<report>
				<misses>18597001</misses>
				<total>45</total>
				<timestamp>5945.089572</timestamp>
			</report>
			<report>
				<misses>18598001</misses>
				<total>45</total>
				<timestamp>5945.409156</timestamp>
			</report>
			<report>
				<misses>18599001</misses>
				<total>45</total>
				<timestamp>5945.728939</timestamp>
			</report>
			<report>
				<misses>18600001</misses>
				<total>45</total>
				<timestamp>5946.048567</timestamp>
			</report>
			<report>
				<misses>18601001</misses>
				<total>45</total>
				<timestamp>5946.368323</timestamp>
			</report>
			<report>
				<misses>18602001</misses>
				<total>45</total>
				<timestamp>5946.687908</timestamp>
			</report>
			<report>
				<misses>18603001</misses>
				<total>45</total>
				<timestamp>5947.007542</timestamp>
			</report>
			<report>
				<misses>18604001</misses>
				<total>45</total>
				<timestamp>5947.327236</timestamp>
			</report>
			<report>
				<misses>18605001</misses>
				<total>45</total>
				<timestamp>5947.646940</timestamp>
			</report>
			<report>
				<misses>18606001</misses>
				<total>45</total>
				<timestamp>5947.966585</timestamp>
			</report>
			<report>
				<misses>18607001</misses>
				<total>45</total>
				<timestamp>5948.286281</timestamp>
			</report>
			<report>
				<misses>18608001</misses>
				<total>45</total>
				<timestamp>5948.605952</timestamp>
			</report>
			<report>
				<misses>18609001</misses>
				<total>45</total>
				<timestamp>5948.925713</timestamp>
			</report>
			<report>
				<misses>18610001</misses>
				<total>45</total>
				<timestamp>5949.245366</timestamp>
			</report>
			<report>
				<misses>18611001</misses>
				<total>45</total>
				<timestamp>5949.565072</timestamp>
			</report>
			<report>
				<misses>18612001</misses>
				<total>45</total>
				<timestamp>5949.884668</timestamp>
			</report>
			<report>
				<misses>18613001</misses>
				<total>45</total>
				<timestamp>5950.204391</timestamp>
			</report>
			<report>
				<misses>18614001</misses>
				<total>45</total>
				<timestamp>5950.524047</timestamp>
			</report>
			<report>
				<misses>18615001</misses>
				<total>44</total>
				<timestamp>5950.843774</timestamp>
			</report>
			<report>
				<misses>18616001</misses>
				<total>45</total>
				<timestamp>5951.163386</timestamp>
			</report>
			<report>
				<misses>18617001</misses>
				<total>45</total>
				<timestamp>5951.483105</timestamp>
			</report>
			<report>
				<misses>18618001</misses>
				<total>45</total>
				<timestamp>5951.802823</timestamp>
			</report>
			<report>
				<misses>18619001</misses>
				<total>45</total>
				<timestamp>5952.122590</timestamp>
			</report>
			<report>
				<misses>18620001</misses>
				<total>45</total>
				<timestamp>5952.442090</timestamp>
			</report>
			<report>
				<misses>18621001</misses>
				<total>44</total>
				<timestamp>5952.761884</timestamp>
			</report>
			<report>
				<misses>18622001</misses>
				<total>45</total>
				<timestamp>5953.081499</timestamp>
			</report>
			<report>
				<misses>18623001</misses>
				<total>45</total>
				<timestamp>5953.401168</timestamp>
			</report>
			<report>
				<misses>18624001</misses>
				<total>45</total>
				<timestamp>5953.720862</timestamp>
			</report>
			<report>
				<misses>18625001</misses>
				<total>45</total>
				<timestamp>5954.040562</timestamp>
			</report>
			<report>
				<misses>18626001</misses>
				<total>45</total>
				<timestamp>5954.360186</timestamp>
			</report>
			<report>
				<misses>18627001</misses>
				<total>45</total>
				<timestamp>5954.679880</timestamp>
			</report>
			<report>
				<misses>18628001</misses>
				<total>45</total>
				<timestamp>5954.999588</timestamp>
			</report>
			<report>
				<misses>18629001</misses>
				<total>45</total>
				<timestamp>5955.319366</timestamp>
			</report>
			<report>
				<misses>18630001</misses>
				<total>45</total>
				<timestamp>5955.638897</timestamp>
			</report>
			<report>
				<misses>18631001</misses>
				<total>45</total>
				<timestamp>5955.958621</timestamp>
			</report>
			<report>
				<misses>18632001</misses>
				<total>45</total>
				<timestamp>5956.278399</timestamp>
			</report>
			<report>
				<misses>18633001</misses>
				<total>45</total>
				<timestamp>5956.598016</timestamp>
			</report>
			<report>
				<misses>18634001</misses>
				<total>45</total>
				<timestamp>5956.917708</timestamp>
			</report>
			<report>
				<misses>18635001</misses>
				<total>45</total>
				<timestamp>5957.237334</timestamp>
			</report>
			<report>
				<misses>18636001</misses>
				<total>45</total>
				<timestamp>5957.556995</timestamp>
			</report>
			<report>
				<misses>18637001</misses>
				<total>45</total>
				<timestamp>5957.876705</timestamp>
			</report>
			<report>
				<misses>18638001</misses>
				<total>45</total>
				<timestamp>5958.196424</timestamp>
			</report>
			<report>
				<misses>18639001</misses>
				<total>45</total>
				<timestamp>5958.516088</timestamp>
			</report>
			<report>
				<misses>18640001</misses>
				<total>45</total>
				<timestamp>5958.835834</timestamp>
			</report>
			<report>
				<misses>18641001</misses>
				<total>45</total>
				<timestamp>5959.155376</timestamp>
			</report>
			<report>
				<misses>18642001</misses>
				<total>45</total>
				<timestamp>5959.475081</timestamp>
			</report>
			<report>
				<misses>18643001</misses>
				<total>45</total>
				<timestamp>5959.794829</timestamp>
			</report>
			<report>
				<misses>18644001</misses>
				<total>45</total>
				<timestamp>5960.114445</timestamp>
			</report>
			<report>
				<misses>18645001</misses>
				<total>45</total>
				<timestamp>5960.434106</timestamp>
			</report>
			<report>
				<misses>18646001</misses>
				<total>45</total>
				<timestamp>5960.753760</timestamp>
			</report>
			<report>
				<misses>18647001</misses>
				<total>45</total>
				<timestamp>5961.073491</timestamp>
			</report>
			<report>
				<misses>18648001</misses>
				<total>45</total>
				<timestamp>5961.393161</timestamp>
			</report>
			<report>
				<misses>18649001</misses>
				<total>45</total>
				<timestamp>5961.712855</timestamp>
			</report>
			<report>
				<misses>18650001</misses>
				<total>45</total>
				<timestamp>5962.032507</timestamp>
			</report>
			<report>
				<misses>18651001</misses>
				<total>45</total>
				<timestamp>5962.352288</timestamp>
			</report>
			<report>
				<misses>18652001</misses>
				<total>45</total>
				<timestamp>5962.671904</timestamp>
			</report>
			<report>
				<misses>18653001</misses>
				<total>45</total>
				<timestamp>5962.991716</timestamp>
			</report>
			<report>
				<misses>18654001</misses>
				<total>45</total>
				<timestamp>5963.311272</timestamp>
			</report>
			<report>
				<misses>18655001</misses>
				<total>45</total>
				<timestamp>5963.630899</timestamp>
			</report>
			<report>
				<misses>18656001</misses>
				<total>45</total>
				<timestamp>5963.950706</timestamp>
			</report>
			<report>
				<misses>18657001</misses>
				<total>45</total>
				<timestamp>5964.270289</timestamp>
			</report>
			<report>
				<misses>18658001</misses>
				<total>45</total>
				<timestamp>5964.590018</timestamp>
			</report>
			<report>
				<misses>18659001</misses>
				<total>45</total>
				<timestamp>5964.909620</timestamp>
			</report>
			<report>
				<misses>18660001</misses>
				<total>45</total>
				<timestamp>5965.229331</timestamp>
			</report>
			<report>
				<misses>18661001</misses>
				<total>45</total>
				<timestamp>5965.548974</timestamp>
			</report>
			<report>
				<misses>18662001</misses>
				<total>45</total>
				<timestamp>5965.868685</timestamp>
			</report>
			<report>
				<misses>18663001</misses>
				<total>45</total>
				<timestamp>5966.188343</timestamp>
			</report>
			<report>
				<misses>18664001</misses>
				<total>45</total>
				<timestamp>5966.508060</timestamp>
			</report>
			<report>
				<misses>18665001</misses>
				<total>45</total>
				<timestamp>5966.827828</timestamp>
			</report>
			<report>
				<misses>18666001</misses>
				<total>45</total>
				<timestamp>5967.147452</timestamp>
			</report>
			<report>
				<misses>18667001</misses>
				<total>45</total>
				<timestamp>5967.467076</timestamp>
			</report>
			<report>
				<misses>18668001</misses>
				<total>45</total>
				<timestamp>5967.786833</timestamp>
			</report>
			<report>
				<misses>18669001</misses>
				<total>45</total>
				<timestamp>5968.106414</timestamp>
			</report>
			<report>
				<misses>18670001</misses>
				<total>45</total>
				<timestamp>5968.426170</timestamp>
			</report>
			<report>
				<misses>18671001</misses>
				<total>45</total>
				<timestamp>5968.745828</timestamp>
			</report>
			<report>
				<misses>18672001</misses>
				<total>45</total>
				<timestamp>5969.065577</timestamp>
			</report>
			<report>
				<misses>18673001</misses>
				<total>45</total>
				<timestamp>5969.385211</timestamp>
			</report>
			<report>
				<misses>18674001</misses>
				<total>45</total>
				<timestamp>5969.704824</timestamp>
			</report>
			<report>
				<misses>18675001</misses>
				<total>44</total>
				<timestamp>5970.024592</timestamp>
			</report>
			<report>
				<misses>18676001</misses>
				<total>45</total>
				<timestamp>5970.344279</timestamp>
			</report>
			<report>
				<misses>18677001</misses>
				<total>45</total>
				<timestamp>5970.663936</timestamp>
			</report>
			<report>
				<misses>18678001</misses>
				<total>45</total>
				<timestamp>5970.983560</timestamp>
			</report>
			<report>
				<misses>18679001</misses>
				<total>45</total>
				<timestamp>5971.303306</timestamp>
			</report>
			<report>
				<misses>18680001</misses>
				<total>45</total>
				<timestamp>5971.622909</timestamp>
			</report>
			<report>
				<misses>18681001</misses>
				<total>45</total>
				<timestamp>5971.942569</timestamp>
			</report>
			<report>
				<misses>18682001</misses>
				<total>45</total>
				<timestamp>5972.262237</timestamp>
			</report>
			<report>
				<misses>18683001</misses>
				<total>45</total>
				<timestamp>5972.582026</timestamp>
			</report>
			<report>
				<misses>18684001</misses>
				<total>44</total>
				<timestamp>5972.901706</timestamp>
			</report>
			<report>
				<misses>18685001</misses>
				<total>45</total>
				<timestamp>5973.221302</timestamp>
			</report>
			<report>
				<misses>18686001</misses>
				<total>45</total>
				<timestamp>5973.541000</timestamp>
			</report>
			<report>
				<misses>18687001</misses>
				<total>45</total>
				<timestamp>5973.860682</timestamp>
			</report>
			<report>
				<misses>18688001</misses>
				<total>45</total>
				<timestamp>5974.180396</timestamp>
			</report>
			<report>
				<misses>18689001</misses>
				<total>45</total>
				<timestamp>5974.500043</timestamp>
			</report>
			<report>
				<misses>18690001</misses>
				<total>45</total>
				<timestamp>5974.819747</timestamp>
			</report>
			<report>
				<misses>18691001</misses>
				<total>45</total>
				<timestamp>5975.139367</timestamp>
			</report>
			<report>
				<misses>18692001</misses>
				<total>45</total>
				<timestamp>5975.459084</timestamp>
			</report>
			<report>
				<misses>18693001</misses>
				<total>45</total>
				<timestamp>5975.778829</timestamp>
			</report>
			<report>
				<misses>18694001</misses>
				<total>45</total>
				<timestamp>5976.098412</timestamp>
			</report>
			<report>
				<misses>18695001</misses>
				<total>45</total>
				<timestamp>5976.418080</timestamp>
			</report>
			<report>
				<misses>18696001</misses>
				<total>45</total>
				<timestamp>5976.737853</timestamp>
			</report>
			<report>
				<misses>18697001</misses>
				<total>45</total>
				<timestamp>5977.057453</timestamp>
			</report>
			<report>
				<misses>18698001</misses>
				<total>45</total>
				<timestamp>5977.377157</timestamp>
			</report>
			<report>
				<misses>18699001</misses>
				<total>45</total>
				<timestamp>5977.696855</timestamp>
			</report>
			<report>
				<misses>18700001</misses>
				<total>44</total>
				<timestamp>5978.016622</timestamp>
			</report>
			<report>
				<misses>18701001</misses>
				<total>45</total>
				<timestamp>5978.336194</timestamp>
			</report>
			<report>
				<misses>18702001</misses>
				<total>45</total>
				<timestamp>5978.655915</timestamp>
			</report>
			<report>
				<misses>18703001</misses>
				<total>45</total>
				<timestamp>5978.975591</timestamp>
			</report>
			<report>
				<misses>18704001</misses>
				<total>45</total>
				<timestamp>5979.295327</timestamp>
			</report>
			<report>
				<misses>18705001</misses>
				<total>45</total>
				<timestamp>5979.614944</timestamp>
			</report>
			<report>
				<misses>18706001</misses>
				<total>45</total>
				<timestamp>5979.934674</timestamp>
			</report>
			<report>
				<misses>18707001</misses>
				<total>45</total>
				<timestamp>5980.254269</timestamp>
			</report>
			<report>
				<misses>18708001</misses>
				<total>44</total>
				<timestamp>5980.574111</timestamp>
			</report>
			<report>
				<misses>18709001</misses>
				<total>45</total>
				<timestamp>5980.893691</timestamp>
			</report>
			<report>
				<misses>18710001</misses>
				<total>45</total>
				<timestamp>5981.213301</timestamp>
			</report>
			<report>
				<misses>18711001</misses>
				<total>45</total>
				<timestamp>5981.533020</timestamp>
			</report>
			<report>
				<misses>18712001</misses>
				<total>45</total>
				<timestamp>5981.852725</timestamp>
			</report>
			<report>
				<misses>18713001</misses>
				<total>45</total>
				<timestamp>5982.172461</timestamp>
			</report>
			<report>
				<misses>18714001</misses>
				<total>45</total>
				<timestamp>5982.492077</timestamp>
			</report>
			<report>
				<misses>18715001</misses>
				<total>45</total>
				<timestamp>5982.811705</timestamp>
			</report>
			<report>
				<misses>18716001</misses>
				<total>45</total>
				<timestamp>5983.131366</timestamp>
			</report>
			<report>
				<misses>18717001</misses>
				<total>45</total>
				<timestamp>5983.451108</timestamp>
			</report>
			<report>
				<misses>18718001</misses>
				<total>45</total>
				<timestamp>5983.770843</timestamp>
			</report>
			<report>
				<misses>18719001</misses>
				<total>45</total>
				<timestamp>5984.090400</timestamp>
			</report>
			<report>
				<misses>18720001</misses>
				<total>45</total>
				<timestamp>5984.410127</timestamp>
			</report>
			<report>
				<misses>18721001</misses>
				<total>45</total>
				<timestamp>5984.729801</timestamp>
			</report>
			<report>
				<misses>18722001</misses>
				<total>45</total>
				<timestamp>5985.049543</timestamp>
			</report>
			<report>
				<misses>18723001</misses>
				<total>45</total>
				<timestamp>5985.369186</timestamp>
			</report>
			<report>
				<misses>18724001</misses>
				<total>45</total>
				<timestamp>5985.688944</timestamp>
			</report>
			<report>
				<misses>18725001</misses>
				<total>45</total>
				<timestamp>5986.008547</timestamp>
			</report>
			<report>
				<misses>18726001</misses>
				<total>45</total>
				<timestamp>5986.328194</timestamp>
			</report>
			<report>
				<misses>18727001</misses>
				<total>46</total>
				<timestamp>5986.647873</timestamp>
			</report>
			<report>
				<misses>18728001</misses>
				<total>46</total>
				<timestamp>5986.967554</timestamp>
			</report>
			<report>
				<misses>18729001</misses>
				<total>46</total>
				<timestamp>5987.287207</timestamp>
			</report>
			<report>
				<misses>18730001</misses>
				<total>46</total>
				<timestamp>5987.606945</timestamp>
			</report>
			<report>
				<misses>18731001</misses>
				<total>46</total>
				<timestamp>5987.926559</timestamp>
			</report>
			<report>
				<misses>18732001</misses>
				<total>46</total>
				<timestamp>5988.246256</timestamp>
			</report>
			<report>
				<misses>18733001</misses>
				<total>46</total>
				<timestamp>5988.565935</timestamp>
			</report>
			<report>
				<misses>18734001</misses>
				<total>46</total>
				<timestamp>5988.885626</timestamp>
			</report>
			<report>
				<misses>18735001</misses>
				<total>46</total>
				<timestamp>5989.205279</timestamp>
			</report>
			<report>
				<misses>18736001</misses>
				<total>46</total>
				<timestamp>5989.524964</timestamp>
			</report>
			<report>
				<misses>18737001</misses>
				<total>47</total>
				<timestamp>5989.844642</timestamp>
			</report>
			<report>
				<misses>18738001</misses>
				<total>47</total>
				<timestamp>5990.164330</timestamp>
			</report>
			<report>
				<misses>18739001</misses>
				<total>47</total>
				<timestamp>5990.484095</timestamp>
			</report>
			<report>
				<misses>18740001</misses>
				<total>47</total>
				<timestamp>5990.803811</timestamp>
			</report>
			<report>
				<misses>18741001</misses>
				<total>47</total>
				<timestamp>5991.123377</timestamp>
			</report>
			<report>
				<misses>18742001</misses>
				<total>47</total>
				<timestamp>5991.443203</timestamp>
			</report>
			<report>
				<misses>18743001</misses>
				<total>47</total>
				<timestamp>5991.762823</timestamp>
			</report>
			<report>
				<misses>18744001</misses>
				<total>47</total>
				<timestamp>5992.082569</timestamp>
			</report>
			<report>
				<misses>18745001</misses>
				<total>47</total>
				<timestamp>5992.402091</timestamp>
			</report>
			<report>
				<misses>18746001</misses>
				<total>47</total>
				<timestamp>5992.721818</timestamp>
			</report>
			<report>
				<misses>18747001</misses>
				<total>47</total>
				<timestamp>5993.041568</timestamp>
			</report>
			<report>
				<misses>18748001</misses>
				<total>47</total>
				<timestamp>5993.361145</timestamp>
			</report>
			<report>
				<misses>18749001</misses>
				<total>47</total>
				<timestamp>5993.680812</timestamp>
			</report>
			<report>
				<misses>18750001</misses>
				<total>47</total>
				<timestamp>5994.000545</timestamp>
			</report>
			<report>
				<misses>18751001</misses>
				<total>46</total>
				<timestamp>5994.320315</timestamp>
			</report>
			<report>
				<misses>18752001</misses>
				<total>47</total>
				<timestamp>5994.639956</timestamp>
			</report>
			<report>
				<misses>18753001</misses>
				<total>47</total>
				<timestamp>5994.959593</timestamp>
			</report>
			<report>
				<misses>18754001</misses>
				<total>47</total>
				<timestamp>5995.279250</timestamp>
			</report>
			<report>
				<misses>18755001</misses>
				<total>46</total>
				<timestamp>5995.599031</timestamp>
			</report>
			<report>
				<misses>18756001</misses>
				<total>47</total>
				<timestamp>5995.918623</timestamp>
			</report>
			<report>
				<misses>18757001</misses>
				<total>47</total>
				<timestamp>5996.238245</timestamp>
			</report>
			<report>
				<misses>18758001</misses>
				<total>46</total>
				<timestamp>5996.558054</timestamp>
			</report>
			<report>
				<misses>18759001</misses>
				<total>47</total>
				<timestamp>5996.877616</timestamp>
			</report>
			<report>
				<misses>18760001</misses>
				<total>47</total>
				<timestamp>5997.197301</timestamp>
			</report>
			<report>
				<misses>18761001</misses>
				<total>47</total>
				<timestamp>5997.516995</timestamp>
			</report>
			<report>
				<misses>18762001</misses>
				<total>47</total>
				<timestamp>5997.836683</timestamp>
			</report>
			<report>
				<misses>18763001</misses>
				<total>47</total>
				<timestamp>5998.156372</timestamp>
			</report>
			<report>
				<misses>18764001</misses>
				<total>47</total>
				<timestamp>5998.476187</timestamp>
			</report>
			<report>
				<misses>18765001</misses>
				<total>46</total>
				<timestamp>5998.795802</timestamp>
			</report>
			<report>
				<misses>18766001</misses>
				<total>47</total>
				<timestamp>5999.115437</timestamp>
			</report>
			<report>
				<misses>18767001</misses>
				<total>46</total>
				<timestamp>5999.435192</timestamp>
			</report>
			<report>
				<misses>18768001</misses>
				<total>47</total>
				<timestamp>5999.754842</timestamp>
			</report>
			<report>
				<misses>18769001</misses>
				<total>47</total>
				<timestamp>6000.074438</timestamp>
			</report>
			<report>
				<misses>18770001</misses>
				<total>47</total>
				<timestamp>6000.394117</timestamp>
			</report>
			<report>
				<misses>18771001</misses>
				<total>47</total>
				<timestamp>6000.713858</timestamp>
			</report>
			<report>
				<misses>18772001</misses>
				<total>47</total>
				<timestamp>6001.033563</timestamp>
			</report>
			<report>
				<misses>18773001</misses>
				<total>47</total>
				<timestamp>6001.353163</timestamp>
			</report>
			<report>
				<misses>18774001</misses>
				<total>47</total>
				<timestamp>6001.672830</timestamp>
			</report>
			<report>
				<misses>18775001</misses>
				<total>47</total>
				<timestamp>6001.992500</timestamp>
			</report>
			<report>
				<misses>18776001</misses>
				<total>47</total>
				<timestamp>6002.312291</timestamp>
			</report>
			<report>
				<misses>18777001</misses>
				<total>47</total>
				<timestamp>6002.631849</timestamp>
			</report>
			<report>
				<misses>18778001</misses>
				<total>47</total>
				<timestamp>6002.951550</timestamp>
			</report>
			<report>
				<misses>18779001</misses>
				<total>47</total>
				<timestamp>6003.271305</timestamp>
			</report>
			<report>
				<misses>18780001</misses>
				<total>47</total>
				<timestamp>6003.590952</timestamp>
			</report>
			<report>
				<misses>18781001</misses>
				<total>46</total>
				<timestamp>6003.910674</timestamp>
			</report>
			<report>
				<misses>18782001</misses>
				<total>47</total>
				<timestamp>6004.230243</timestamp>
			</report>
			<report>
				<misses>18783001</misses>
				<total>47</total>
				<timestamp>6004.550016</timestamp>
			</report>
			<report>
				<misses>18784001</misses>
				<total>47</total>
				<timestamp>6004.869692</timestamp>
			</report>
			<report>
				<misses>18785001</misses>
				<total>47</total>
				<timestamp>6005.189298</timestamp>
			</report>
			<report>
				<misses>18786001</misses>
				<total>47</total>
				<timestamp>6005.509009</timestamp>
			</report>
			<report>
				<misses>18787001</misses>
				<total>47</total>
				<timestamp>6005.828693</timestamp>
			</report>
			<report>
				<misses>18788001</misses>
				<total>47</total>
				<timestamp>6006.148321</timestamp>
			</report>
			<report>
				<misses>18789001</misses>
				<total>47</total>
				<timestamp>6006.468081</timestamp>
			</report>
			<report>
				<misses>18790001</misses>
				<total>47</total>
				<timestamp>6006.787685</timestamp>
			</report>
			<report>
				<misses>18791001</misses>
				<total>47</total>
				<timestamp>6007.107386</timestamp>
			</report>
			<report>
				<misses>18792001</misses>
				<total>47</total>
				<timestamp>6007.427236</timestamp>
			</report>
			<report>
				<misses>18793001</misses>
				<total>47</total>
				<timestamp>6007.746840</timestamp>
			</report>
			<report>
				<misses>18794001</misses>
				<total>47</total>
				<timestamp>6008.066398</timestamp>
			</report>
			<report>
				<misses>18795001</misses>
				<total>47</total>
				<timestamp>6008.386121</timestamp>
			</report>
			<report>
				<misses>18796001</misses>
				<total>47</total>
				<timestamp>6008.705787</timestamp>
			</report>
			<report>
				<misses>18797001</misses>
				<total>47</total>
				<timestamp>6009.025449</timestamp>
			</report>
			<report>
				<misses>18798001</misses>
				<total>47</total>
				<timestamp>6009.345190</timestamp>
			</report>
			<report>
				<misses>18799001</misses>
				<total>47</total>
				<timestamp>6009.664830</timestamp>
			</report>
			<report>
				<misses>18800001</misses>
				<total>47</total>
				<timestamp>6009.984530</timestamp>
			</report>
			<report>
				<misses>18801001</misses>
				<total>47</total>
				<timestamp>6010.304219</timestamp>
			</report>
			<report>
				<misses>18802001</misses>
				<total>47</total>
				<timestamp>6010.623949</timestamp>
			</report>
			<report>
				<misses>18803001</misses>
				<total>47</total>
				<timestamp>6010.943680</timestamp>
			</report>
			<report>
				<misses>18804001</misses>
				<total>47</total>
				<timestamp>6011.263200</timestamp>
			</report>
			<report>
				<misses>18805001</misses>
				<total>47</total>
				<timestamp>6011.582959</timestamp>
			</report>
			<report>
				<misses>18806001</misses>
				<total>47</total>
				<timestamp>6011.902595</timestamp>
			</report>
			<report>
				<misses>18807001</misses>
				<total>47</total>
				<timestamp>6012.222290</timestamp>
			</report>
			<report>
				<misses>18808001</misses>
				<total>46</total>
				<timestamp>6012.542119</timestamp>
			</report>
			<report>
				<misses>18809001</misses>
				<total>47</total>
				<timestamp>6012.861700</timestamp>
			</report>
			<report>
				<misses>18810001</misses>
				<total>47</total>
				<timestamp>6013.181280</timestamp>
			</report>
			<report>
				<misses>18811001</misses>
				<total>47</total>
				<timestamp>6013.501093</timestamp>
			</report>
			<report>
				<misses>18812001</misses>
				<total>47</total>
				<timestamp>6013.820702</timestamp>
			</report>
			<report>
				<misses>18813001</misses>
				<total>47</total>
				<timestamp>6014.140404</timestamp>
			</report>
			<report>
				<misses>18814001</misses>
				<total>47</total>
				<timestamp>6014.460096</timestamp>
			</report>
			<report>
				<misses>18815001</misses>
				<total>47</total>
				<timestamp>6014.779712</timestamp>
			</report>
			<report>
				<misses>18816001</misses>
				<total>47</total>
				<timestamp>6015.099374</timestamp>
			</report>
			<report>
				<misses>18817001</misses>
				<total>47</total>
				<timestamp>6015.419124</timestamp>
			</report>
			<report>
				<misses>18818001</misses>
				<total>47</total>
				<timestamp>6015.738801</timestamp>
			</report>
			<report>
				<misses>18819001</misses>
				<total>47</total>
				<timestamp>6016.058419</timestamp>
			</report>
			<report>
				<misses>18820001</misses>
				<total>47</total>
				<timestamp>6016.378113</timestamp>
			</report>
			<report>
				<misses>18821001</misses>
				<total>47</total>
				<timestamp>6016.697759</timestamp>
			</report>
			<report>
				<misses>18822001</misses>
				<total>47</total>
				<timestamp>6017.017523</timestamp>
			</report>
			<report>
				<misses>18823001</misses>
				<total>47</total>
				<timestamp>6017.337258</timestamp>
			</report>
			<report>
				<misses>18824001</misses>
				<total>47</total>
				<timestamp>6017.656855</timestamp>
			</report>
			<report>
				<misses>18825001</misses>
				<total>47</total>
				<timestamp>6017.976581</timestamp>
			</report>
			<report>
				<misses>18826001</misses>
				<total>47</total>
				<timestamp>6018.296220</timestamp>
			</report>
			<report>
				<misses>18827001</misses>
				<total>47</total>
				<timestamp>6018.615921</timestamp>
			</report>
			<report>
				<misses>18828001</misses>
				<total>47</total>
				<timestamp>6018.935532</timestamp>
			</report>
			<report>
				<misses>18829001</misses>
				<total>47</total>
				<timestamp>6019.255318</timestamp>
			</report>
			<report>
				<misses>18830001</misses>
				<total>47</total>
				<timestamp>6019.574989</timestamp>
			</report>
			<report>
				<misses>18831001</misses>
				<total>47</total>
				<timestamp>6019.894702</timestamp>
			</report>
			<report>
				<misses>18832001</misses>
				<total>47</total>
				<timestamp>6020.214279</timestamp>
			</report>
			<report>
				<misses>18833001</misses>
				<total>46</total>
				<timestamp>6020.534141</timestamp>
			</report>
			<report>
				<misses>18834001</misses>
				<total>47</total>
				<timestamp>6020.853634</timestamp>
			</report>
			<report>
				<misses>18835001</misses>
				<total>47</total>
				<timestamp>6021.173353</timestamp>
			</report>
			<report>
				<misses>18836001</misses>
				<total>47</total>
				<timestamp>6021.493084</timestamp>
			</report>
			<report>
				<misses>18837001</misses>
				<total>47</total>
				<timestamp>6021.812694</timestamp>
			</report>
			<report>
				<misses>18838001</misses>
				<total>47</total>
				<timestamp>6022.132329</timestamp>
			</report>
			<report>
				<misses>18839001</misses>
				<total>47</total>
				<timestamp>6022.452036</timestamp>
			</report>
			<report>
				<misses>18840001</misses>
				<total>47</total>
				<timestamp>6022.771730</timestamp>
			</report>
			<report>
				<misses>18841001</misses>
				<total>47</total>
				<timestamp>6023.091414</timestamp>
			</report>
			<report>
				<misses>18842001</misses>
				<total>47</total>
				<timestamp>6023.411066</timestamp>
			</report>
			<report>
				<misses>18843001</misses>
				<total>47</total>
				<timestamp>6023.730823</timestamp>
			</report>
			<report>
				<misses>18844001</misses>
				<total>47</total>
				<timestamp>6024.050412</timestamp>
			</report>
			<report>
				<misses>18845001</misses>
				<total>47</total>
				<timestamp>6024.370096</timestamp>
			</report>
			<report>
				<misses>18846001</misses>
				<total>47</total>
				<timestamp>6024.689815</timestamp>
			</report>
			<report>
				<misses>18847001</misses>
				<total>47</total>
				<timestamp>6025.009477</timestamp>
			</report>
			<report>
				<misses>18848001</misses>
				<total>47</total>
				<timestamp>6025.329145</timestamp>
			</report>
			<report>
				<misses>18849001</misses>
				<total>47</total>
				<timestamp>6025.648963</timestamp>
			</report>
			<report>
				<misses>18850001</misses>
				<total>47</total>
				<timestamp>6025.968554</timestamp>
			</report>
			<report>
				<misses>18851001</misses>
				<total>46</total>
				<timestamp>6026.288265</timestamp>
			</report>
			<report>
				<misses>18852001</misses>
				<total>47</total>
				<timestamp>6026.607960</timestamp>
			</report>
			<report>
				<misses>18853001</misses>
				<total>47</total>
				<timestamp>6026.927540</timestamp>
			</report>
			<report>
				<misses>18854001</misses>
				<total>47</total>
				<timestamp>6027.247272</timestamp>
			</report>
			<report>
				<misses>18855001</misses>
				<total>47</total>
				<timestamp>6027.566929</timestamp>
			</report>
			<report>
				<misses>18856001</misses>
				<total>47</total>
				<timestamp>6027.886598</timestamp>
			</report>
			<report>
				<misses>18857001</misses>
				<total>47</total>
				<timestamp>6028.206239</timestamp>
			</report>
			<report>
				<misses>18858001</misses>
				<total>47</total>
				<timestamp>6028.525973</timestamp>
			</report>
			<report>
				<misses>18859001</misses>
				<total>47</total>
				<timestamp>6028.845717</timestamp>
			</report>
			<report>
				<misses>18860001</misses>
				<total>47</total>
				<timestamp>6029.165293</timestamp>
			</report>
			<report>
				<misses>18861001</misses>
				<total>47</total>
				<timestamp>6029.485137</timestamp>
			</report>
			<report>
				<misses>18862001</misses>
				<total>47</total>
				<timestamp>6029.804722</timestamp>
			</report>
			<report>
				<misses>18863001</misses>
				<total>46</total>
				<timestamp>6030.124415</timestamp>
			</report>
			<report>
				<misses>18864001</misses>
				<total>47</total>
				<timestamp>6030.444036</timestamp>
			</report>
			<report>
				<misses>18865001</misses>
				<total>47</total>
				<timestamp>6030.763817</timestamp>
			</report>
			<report>
				<misses>18866001</misses>
				<total>47</total>
				<timestamp>6031.083355</timestamp>
			</report>
			<report>
				<misses>18867001</misses>
				<total>47</total>
				<timestamp>6031.403045</timestamp>
			</report>
			<report>
				<misses>18868001</misses>
				<total>47</total>
				<timestamp>6031.722822</timestamp>
			</report>
			<report>
				<misses>18869001</misses>
				<total>47</total>
				<timestamp>6032.042407</timestamp>
			</report>
			<report>
				<misses>18870001</misses>
				<total>47</total>
				<timestamp>6032.362085</timestamp>
			</report>
			<report>
				<misses>18871001</misses>
				<total>47</total>
				<timestamp>6032.681947</timestamp>
			</report>
			<report>
				<misses>18872001</misses>
				<total>47</total>
				<timestamp>6033.001543</timestamp>
			</report>
			<report>
				<misses>18873001</misses>
				<total>47</total>
				<timestamp>6033.321152</timestamp>
			</report>
			<report>
				<misses>18874001</misses>
				<total>47</total>
				<timestamp>6033.640957</timestamp>
			</report>
			<report>
				<misses>18875001</misses>
				<total>47</total>
				<timestamp>6033.960563</timestamp>
			</report>
			<report>
				<misses>18876001</misses>
				<total>47</total>
				<timestamp>6034.280172</timestamp>
			</report>
			<report>
				<misses>18877001</misses>
				<total>47</total>
				<timestamp>6034.599856</timestamp>
			</report>
			<report>
				<misses>18878001</misses>
				<total>47</total>
				<timestamp>6034.919540</timestamp>
			</report>
			<report>
				<misses>18879001</misses>
				<total>46</total>
				<timestamp>6035.239295</timestamp>
			</report>
			<report>
				<misses>18880001</misses>
				<total>47</total>
				<timestamp>6035.558955</timestamp>
			</report>
			<report>
				<misses>18881001</misses>
				<total>47</total>
				<timestamp>6035.878598</timestamp>
			</report>
			<report>
				<misses>18882001</misses>
				<total>47</total>
				<timestamp>6036.198321</timestamp>
			</report>
			<report>
				<misses>18883001</misses>
				<total>47</total>
				<timestamp>6036.517971</timestamp>
			</report>
			<report>
				<misses>18884001</misses>
				<total>47</total>
				<timestamp>6036.837704</timestamp>
			</report>
			<report>
				<misses>18885001</misses>
				<total>47</total>
				<timestamp>6037.157304</timestamp>
			</report>
			<report>
				<misses>18886001</misses>
				<total>47</total>
				<timestamp>6037.477029</timestamp>
			</report>
			<report>
				<misses>18887001</misses>
				<total>47</total>
				<timestamp>6037.796721</timestamp>
			</report>
			<report>
				<misses>18888001</misses>
				<total>47</total>
				<timestamp>6038.116381</timestamp>
			</report>
			<report>
				<misses>18889001</misses>
				<total>46</total>
				<timestamp>6038.436116</timestamp>
			</report>
			<report>
				<misses>18890001</misses>
				<total>47</total>
				<timestamp>6038.755826</timestamp>
			</report>
			<report>
				<misses>18891001</misses>
				<total>47</total>
				<timestamp>6039.075377</timestamp>
			</report>
			<report>
				<misses>18892001</misses>
				<total>47</total>
				<timestamp>6039.395043</timestamp>
			</report>
			<report>
				<misses>18893001</misses>
				<total>47</total>
				<timestamp>6039.714738</timestamp>
			</report>
			<report>
				<misses>18894001</misses>
				<total>47</total>
				<timestamp>6040.034394</timestamp>
			</report>
			<report>
				<misses>18895001</misses>
				<total>47</total>
				<timestamp>6040.354086</timestamp>
			</report>
			<report>
				<misses>18896001</misses>
				<total>47</total>
				<timestamp>6040.673839</timestamp>
			</report>
			<report>
				<misses>18897001</misses>
				<total>47</total>
				<timestamp>6040.993575</timestamp>
			</report>
			<report>
				<misses>18898001</misses>
				<total>47</total>
				<timestamp>6041.313214</timestamp>
			</report>
			<report>
				<misses>18899001</misses>
				<total>47</total>
				<timestamp>6041.632825</timestamp>
			</report>
			<report>
				<misses>18900001</misses>
				<total>47</total>
				<timestamp>6041.952588</timestamp>
			</report>
			<report>
				<misses>18901001</misses>
				<total>47</total>
				<timestamp>6042.272195</timestamp>
			</report>
			<report>
				<misses>18902001</misses>
				<total>47</total>
				<timestamp>6042.591905</timestamp>
			</report>
			<report>
				<misses>18903001</misses>
				<total>47</total>
				<timestamp>6042.911712</timestamp>
			</report>
			<report>
				<misses>18904001</misses>
				<total>47</total>
				<timestamp>6043.231257</timestamp>
			</report>
			<report>
				<misses>18905001</misses>
				<total>47</total>
				<timestamp>6043.550934</timestamp>
			</report>
			<report>
				<misses>18906001</misses>
				<total>47</total>
				<timestamp>6043.870595</timestamp>
			</report>
			<report>
				<misses>18907001</misses>
				<total>47</total>
				<timestamp>6044.190240</timestamp>
			</report>
			<report>
				<misses>18908001</misses>
				<total>47</total>
				<timestamp>6044.510073</timestamp>
			</report>
			<report>
				<misses>18909001</misses>
				<total>47</total>
				<timestamp>6044.829607</timestamp>
			</report>
			<report>
				<misses>18910001</misses>
				<total>47</total>
				<timestamp>6045.149293</timestamp>
			</report>
			<report>
				<misses>18911001</misses>
				<total>47</total>
				<timestamp>6045.468960</timestamp>
			</report>
			<report>
				<misses>18912001</misses>
				<total>47</total>
				<timestamp>6045.788671</timestamp>
			</report>
			<report>
				<misses>18913001</misses>
				<total>47</total>
				<timestamp>6046.108339</timestamp>
			</report>
			<report>
				<misses>18914001</misses>
				<total>47</total>
				<timestamp>6046.428099</timestamp>
			</report>
			<report>
				<misses>18915001</misses>
				<total>47</total>
				<timestamp>6046.747742</timestamp>
			</report>
			<report>
				<misses>18916001</misses>
				<total>47</total>
				<timestamp>6047.067499</timestamp>
			</report>
			<report>
				<misses>18917001</misses>
				<total>47</total>
				<timestamp>6047.387103</timestamp>
			</report>
			<report>
				<misses>18918001</misses>
				<total>46</total>
				<timestamp>6047.706825</timestamp>
			</report>
			<report>
				<misses>18919001</misses>
				<total>47</total>
				<timestamp>6048.026584</timestamp>
			</report>
			<report>
				<misses>18920001</misses>
				<total>47</total>
				<timestamp>6048.346105</timestamp>
			</report>
			<report>
				<misses>18921001</misses>
				<total>47</total>
				<timestamp>6048.665834</timestamp>
			</report>
			<report>
				<misses>18922001</misses>
				<total>47</total>
				<timestamp>6048.985495</timestamp>
			</report>
			<report>
				<misses>18923001</misses>
				<total>47</total>
				<timestamp>6049.305180</timestamp>
			</report>
			<report>
				<misses>18924001</misses>
				<total>46</total>
				<timestamp>6049.624914</timestamp>
			</report>
			<report>
				<misses>18925001</misses>
				<total>46</total>
				<timestamp>6049.944706</timestamp>
			</report>
			<report>
				<misses>18926001</misses>
				<total>47</total>
				<timestamp>6050.264209</timestamp>
			</report>
			<report>
				<misses>18927001</misses>
				<total>47</total>
				<timestamp>6050.583911</timestamp>
			</report>
			<report>
				<misses>18928001</misses>
				<total>47</total>
				<timestamp>6050.903585</timestamp>
			</report>
			<report>
				<misses>18929001</misses>
				<total>47</total>
				<timestamp>6051.223253</timestamp>
			</report>
			<report>
				<misses>18930001</misses>
				<total>47</total>
				<timestamp>6051.542926</timestamp>
			</report>
			<report>
				<misses>18931001</misses>
				<total>47</total>
				<timestamp>6051.862565</timestamp>
			</report>
			<report>
				<misses>18932001</misses>
				<total>47</total>
				<timestamp>6052.182289</timestamp>
			</report>
			<report>
				<misses>18933001</misses>
				<total>47</total>
				<timestamp>6052.502028</timestamp>
			</report>
			<report>
				<misses>18934001</misses>
				<total>47</total>
				<timestamp>6052.821716</timestamp>
			</report>
			<report>
				<misses>18935001</misses>
				<total>47</total>
				<timestamp>6053.141293</timestamp>
			</report>
			<report>
				<misses>18936001</misses>
				<total>47</total>
				<timestamp>6053.461092</timestamp>
			</report>
			<report>
				<misses>18937001</misses>
				<total>47</total>
				<timestamp>6053.780713</timestamp>
			</report>
			<report>
				<misses>18938001</misses>
				<total>47</total>
				<timestamp>6054.100320</timestamp>
			</report>
			<report>
				<misses>18939001</misses>
				<total>47</total>
				<timestamp>6054.420050</timestamp>
			</report>
			<report>
				<misses>18940001</misses>
				<total>47</total>
				<timestamp>6054.739807</timestamp>
			</report>
			<report>
				<misses>18941001</misses>
				<total>47</total>
				<timestamp>6055.059440</timestamp>
			</report>
			<report>
				<misses>18942001</misses>
				<total>47</total>
				<timestamp>6055.379112</timestamp>
			</report>
			<report>
				<misses>18943001</misses>
				<total>47</total>
				<timestamp>6055.698773</timestamp>
			</report>
			<report>
				<misses>18944001</misses>
				<total>47</total>
				<timestamp>6056.018578</timestamp>
			</report>
			<report>
				<misses>18945001</misses>
				<total>47</total>
				<timestamp>6056.338101</timestamp>
			</report>
			<report>
				<misses>18946001</misses>
				<total>47</total>
				<timestamp>6056.657840</timestamp>
			</report>
			<report>
				<misses>18947001</misses>
				<total>47</total>
				<timestamp>6056.977523</timestamp>
			</report>
			<report>
				<misses>18948001</misses>
				<total>47</total>
				<timestamp>6057.297141</timestamp>
			</report>
			<report>
				<misses>18949001</misses>
				<total>47</total>
				<timestamp>6057.616861</timestamp>
			</report>
			<report>
				<misses>18950001</misses>
				<total>47</total>
				<timestamp>6057.936510</timestamp>
			</report>
			<report>
				<misses>18951001</misses>
				<total>47</total>
				<timestamp>6058.256192</timestamp>
			</report>
			<report>
				<misses>18952001</misses>
				<total>47</total>
				<timestamp>6058.575857</timestamp>
			</report>
			<report>
				<misses>18953001</misses>
				<total>47</total>
				<timestamp>6058.895569</timestamp>
			</report>
			<report>
				<misses>18954001</misses>
				<total>47</total>
				<timestamp>6059.215208</timestamp>
			</report>
			<report>
				<misses>18955001</misses>
				<total>47</total>
				<timestamp>6059.534930</timestamp>
			</report>
			<report>
				<misses>18956001</misses>
				<total>47</total>
				<timestamp>6059.854708</timestamp>
			</report>
			<report>
				<misses>18957001</misses>
				<total>47</total>
				<timestamp>6060.174254</timestamp>
			</report>
			<report>
				<misses>18958001</misses>
				<total>47</total>
				<timestamp>6060.493954</timestamp>
			</report>
			<report>
				<misses>18959001</misses>
				<total>47</total>
				<timestamp>6060.813667</timestamp>
			</report>
			<report>
				<misses>18960001</misses>
				<total>47</total>
				<timestamp>6061.133285</timestamp>
			</report>
			<report>
				<misses>18961001</misses>
				<total>47</total>
				<timestamp>6061.452970</timestamp>
			</report>
			<report>
				<misses>18962001</misses>
				<total>47</total>
				<timestamp>6061.772764</timestamp>
			</report>
			<report>
				<misses>18963001</misses>
				<total>47</total>
				<timestamp>6062.092351</timestamp>
			</report>
			<report>
				<misses>18964001</misses>
				<total>47</total>
				<timestamp>6062.412077</timestamp>
			</report>
			<report>
				<misses>18965001</misses>
				<total>47</total>
				<timestamp>6062.731718</timestamp>
			</report>
			<report>
				<misses>18966001</misses>
				<total>47</total>
				<timestamp>6063.051370</timestamp>
			</report>
			<report>
				<misses>18967001</misses>
				<total>47</total>
				<timestamp>6063.371036</timestamp>
			</report>
			<report>
				<misses>18968001</misses>
				<total>47</total>
				<timestamp>6063.690787</timestamp>
			</report>
			<report>
				<misses>18969001</misses>
				<total>47</total>
				<timestamp>6064.010477</timestamp>
			</report>
			<report>
				<misses>18970001</misses>
				<total>47</total>
				<timestamp>6064.330159</timestamp>
			</report>
			<report>
				<misses>18971001</misses>
				<total>47</total>
				<timestamp>6064.649847</timestamp>
			</report>
			<report>
				<misses>18972001</misses>
				<total>47</total>
				<timestamp>6064.969543</timestamp>
			</report>
			<report>
				<misses>18973001</misses>
				<total>47</total>
				<timestamp>6065.289160</timestamp>
			</report>
			<report>
				<misses>18974001</misses>
				<total>47</total>
				<timestamp>6065.608848</timestamp>
			</report>
			<report>
				<misses>18975001</misses>
				<total>47</total>
				<timestamp>6065.928482</timestamp>
			</report>
			<report>
				<misses>18976001</misses>
				<total>47</total>
				<timestamp>6066.248194</timestamp>
			</report>
			<report>
				<misses>18977001</misses>
				<total>47</total>
				<timestamp>6066.567873</timestamp>
			</report>
			<report>
				<misses>18978001</misses>
				<total>47</total>
				<timestamp>6066.887614</timestamp>
			</report>
			<report>
				<misses>18979001</misses>
				<total>47</total>
				<timestamp>6067.207329</timestamp>
			</report>
			<report>
				<misses>18980001</misses>
				<total>47</total>
				<timestamp>6067.526886</timestamp>
			</report>
			<report>
				<misses>18981001</misses>
				<total>47</total>
				<timestamp>6067.846679</timestamp>
			</report>
			<report>
				<misses>18982001</misses>
				<total>46</total>
				<timestamp>6068.166349</timestamp>
			</report>
			<report>
				<misses>18983001</misses>
				<total>47</total>
				<timestamp>6068.485948</timestamp>
			</report>
			<report>
				<misses>18984001</misses>
				<total>47</total>
				<timestamp>6068.805648</timestamp>
			</report>
			<report>
				<misses>18985001</misses>
				<total>47</total>
				<timestamp>6069.125328</timestamp>
			</report>
			<report>
				<misses>18986001</misses>
				<total>47</total>
				<timestamp>6069.445030</timestamp>
			</report>
			<report>
				<misses>18987001</misses>
				<total>46</total>
				<timestamp>6069.764838</timestamp>
			</report>
			<report>
				<misses>18988001</misses>
				<total>47</total>
				<timestamp>6070.084337</timestamp>
			</report>
			<report>
				<misses>18989001</misses>
				<total>47</total>
				<timestamp>6070.404009</timestamp>
			</report>
			<report>
				<misses>18990001</misses>
				<total>47</total>
				<timestamp>6070.723715</timestamp>
			</report>
			<report>
				<misses>18991001</misses>
				<total>47</total>
				<timestamp>6071.043402</timestamp>
			</report>
			<report>
				<misses>18992001</misses>
				<total>47</total>
				<timestamp>6071.363105</timestamp>
			</report>
			<report>
				<misses>18993001</misses>
				<total>47</total>
				<timestamp>6071.682819</timestamp>
			</report>
			<report>
				<misses>18994001</misses>
				<total>47</total>
				<timestamp>6072.002418</timestamp>
			</report>
			<report>
				<misses>18995001</misses>
				<total>47</total>
				<timestamp>6072.322148</timestamp>
			</report>
			<report>
				<misses>18996001</misses>
				<total>47</total>
				<timestamp>6072.641819</timestamp>
			</report>
			<report>
				<misses>18997001</misses>
				<total>47</total>
				<timestamp>6072.961560</timestamp>
			</report>
			<report>
				<misses>18998001</misses>
				<total>47</total>
				<timestamp>6073.281131</timestamp>
			</report>
			<report>
				<misses>18999001</misses>
				<total>47</total>
				<timestamp>6073.600833</timestamp>
			</report>
			<report>
				<misses>19000001</misses>
				<total>47</total>
				<timestamp>6073.920526</timestamp>
			</report>
			<report>
				<misses>19001001</misses>
				<total>47</total>
				<timestamp>6074.240167</timestamp>
			</report>
			<report>
				<misses>19002001</misses>
				<total>47</total>
				<timestamp>6074.559907</timestamp>
			</report>
			<report>
				<misses>19003001</misses>
				<total>47</total>
				<timestamp>6074.879577</timestamp>
			</report>
			<report>
				<misses>19004001</misses>
				<total>47</total>
				<timestamp>6075.199199</timestamp>
			</report>
			<report>
				<misses>19005001</misses>
				<total>47</total>
				<timestamp>6075.518979</timestamp>
			</report>
			<report>
				<misses>19006001</misses>
				<total>47</total>
				<timestamp>6075.838685</timestamp>
			</report>
			<report>
				<misses>19007001</misses>
				<total>47</total>
				<timestamp>6076.158259</timestamp>
			</report>
			<report>
				<misses>19008001</misses>
				<total>47</total>
				<timestamp>6076.478016</timestamp>
			</report>
			<report>
				<misses>19009001</misses>
				<total>47</total>
				<timestamp>6076.797707</timestamp>
			</report>
			<report>
				<misses>19010001</misses>
				<total>47</total>
				<timestamp>6077.117337</timestamp>
			</report>
			<report>
				<misses>19011001</misses>
				<total>47</total>
				<timestamp>6077.436968</timestamp>
			</report>
			<report>
				<misses>19012001</misses>
				<total>47</total>
				<timestamp>6077.756822</timestamp>
			</report>
			<report>
				<misses>19013001</misses>
				<total>47</total>
				<timestamp>6078.076331</timestamp>
			</report>
			<report>
				<misses>19014001</misses>
				<total>47</total>
				<timestamp>6078.396013</timestamp>
			</report>
			<report>
				<misses>19015001</misses>
				<total>47</total>
				<timestamp>6078.715705</timestamp>
			</report>
			<report>
				<misses>19016001</misses>
				<total>47</total>
				<timestamp>6079.035423</timestamp>
			</report>
			<report>
				<misses>19017001</misses>
				<total>47</total>
				<timestamp>6079.355093</timestamp>
			</report>
			<report>
				<misses>19018001</misses>
				<total>47</total>
				<timestamp>6079.674779</timestamp>
			</report>
			<report>
				<misses>19019001</misses>
				<total>47</total>
				<timestamp>6079.994441</timestamp>
			</report>
			<report>
				<misses>19020001</misses>
				<total>47</total>
				<timestamp>6080.314096</timestamp>
			</report>
			<report>
				<misses>19021001</misses>
				<total>47</total>
				<timestamp>6080.633859</timestamp>
			</report>
			<report>
				<misses>19022001</misses>
				<total>47</total>
				<timestamp>6080.953587</timestamp>
			</report>
			<report>
				<misses>19023001</misses>
				<total>47</total>
				<timestamp>6081.273122</timestamp>
			</report>
			<report>
				<misses>19024001</misses>
				<total>47</total>
				<timestamp>6081.592870</timestamp>
			</report>
			<report>
				<misses>19025001</misses>
				<total>46</total>
				<timestamp>6081.912701</timestamp>
			</report>
			<report>
				<misses>19026001</misses>
				<total>47</total>
				<timestamp>6082.232178</timestamp>
			</report>
			<report>
				<misses>19027001</misses>
				<total>47</total>
				<timestamp>6082.551938</timestamp>
			</report>
			<report>
				<misses>19028001</misses>
				<total>47</total>
				<timestamp>6082.871586</timestamp>
			</report>
			<report>
				<misses>19029001</misses>
				<total>46</total>
				<timestamp>6083.191295</timestamp>
			</report>
			<report>
				<misses>19030001</misses>
				<total>47</total>
				<timestamp>6083.510906</timestamp>
			</report>
			<report>
				<misses>19031001</misses>
				<total>47</total>
				<timestamp>6083.830640</timestamp>
			</report>
			<report>
				<misses>19032001</misses>
				<total>47</total>
				<timestamp>6084.150249</timestamp>
			</report>
			<report>
				<misses>19033001</misses>
				<total>47</total>
				<timestamp>6084.469944</timestamp>
			</report>
			<report>
				<misses>19034001</misses>
				<total>47</total>
				<timestamp>6084.789642</timestamp>
			</report>
			<report>
				<misses>19035001</misses>
				<total>47</total>
				<timestamp>6085.109307</timestamp>
			</report>
			<report>
				<misses>19036001</misses>
				<total>47</total>
				<timestamp>6085.429114</timestamp>
			</report>
			<report>
				<misses>19037001</misses>
				<total>46</total>
				<timestamp>6085.748739</timestamp>
			</report>
			<report>
				<misses>19038001</misses>
				<total>47</total>
				<timestamp>6086.068373</timestamp>
			</report>
			<report>
				<misses>19039001</misses>
				<total>47</total>
				<timestamp>6086.388007</timestamp>
			</report>
			<report>
				<misses>19040001</misses>
				<total>47</total>
				<timestamp>6086.707919</timestamp>
			</report>
			<report>
				<misses>19041001</misses>
				<total>47</total>
				<timestamp>6087.027365</timestamp>
			</report>
			<report>
				<misses>19042001</misses>
				<total>47</total>
				<timestamp>6087.347089</timestamp>
			</report>
			<report>
				<misses>19043001</misses>
				<total>47</total>
				<timestamp>6087.666733</timestamp>
			</report>
			<report>
				<misses>19044001</misses>
				<total>47</total>
				<timestamp>6087.986520</timestamp>
			</report>
			<report>
				<misses>19045001</misses>
				<total>47</total>
				<timestamp>6088.306119</timestamp>
			</report>
			<report>
				<misses>19046001</misses>
				<total>47</total>
				<timestamp>6088.625835</timestamp>
			</report>
			<report>
				<misses>19047001</misses>
				<total>47</total>
				<timestamp>6088.945513</timestamp>
			</report>
			<report>
				<misses>19048001</misses>
				<total>47</total>
				<timestamp>6089.265206</timestamp>
			</report>
			<report>
				<misses>19049001</misses>
				<total>46</total>
				<timestamp>6089.584898</timestamp>
			</report>
			<report>
				<misses>19050001</misses>
				<total>47</total>
				<timestamp>6089.904585</timestamp>
			</report>
			<report>
				<misses>19051001</misses>
				<total>47</total>
				<timestamp>6090.224225</timestamp>
			</report>
			<report>
				<misses>19052001</misses>
				<total>47</total>
				<timestamp>6090.543858</timestamp>
			</report>
			<report>
				<misses>19053001</misses>
				<total>47</total>
				<timestamp>6090.863559</timestamp>
			</report>
			<report>
				<misses>19054001</misses>
				<total>47</total>
				<timestamp>6091.183206</timestamp>
			</report>
			<report>
				<misses>19055001</misses>
				<total>47</total>
				<timestamp>6091.502935</timestamp>
			</report>
			<report>
				<misses>19056001</misses>
				<total>47</total>
				<timestamp>6091.822662</timestamp>
			</report>
			<report>
				<misses>19057001</misses>
				<total>47</total>
				<timestamp>6092.142228</timestamp>
			</report>
			<report>
				<misses>19058001</misses>
				<total>47</total>
				<timestamp>6092.461970</timestamp>
			</report>
			<report>
				<misses>19059001</misses>
				<total>47</total>
				<timestamp>6092.781698</timestamp>
			</report>
			<report>
				<misses>19060001</misses>
				<total>47</total>
				<timestamp>6093.101289</timestamp>
			</report>
			<report>
				<misses>19061001</misses>
				<total>47</total>
				<timestamp>6093.420979</timestamp>
			</report>
			<report>
				<misses>19062001</misses>
				<total>47</total>
				<timestamp>6093.740749</timestamp>
			</report>
			<report>
				<misses>19063001</misses>
				<total>47</total>
				<timestamp>6094.060417</timestamp>
			</report>
			<report>
				<misses>19064001</misses>
				<total>47</total>
				<timestamp>6094.380051</timestamp>
			</report>
			<report>
				<misses>19065001</misses>
				<total>47</total>
				<timestamp>6094.699714</timestamp>
			</report>
			<report>
				<misses>19066001</misses>
				<total>47</total>
				<timestamp>6095.019390</timestamp>
			</report>
			<report>
				<misses>19067001</misses>
				<total>47</total>
				<timestamp>6095.339061</timestamp>
			</report>
			<report>
				<misses>19068001</misses>
				<total>46</total>
				<timestamp>6095.658831</timestamp>
			</report>
			<report>
				<misses>19069001</misses>
				<total>47</total>
				<timestamp>6095.978561</timestamp>
			</report>
			<report>
				<misses>19070001</misses>
				<total>47</total>
				<timestamp>6096.298149</timestamp>
			</report>
			<report>
				<misses>19071001</misses>
				<total>46</total>
				<timestamp>6096.617937</timestamp>
			</report>
			<report>
				<misses>19072001</misses>
				<total>47</total>
				<timestamp>6096.937497</timestamp>
			</report>
			<report>
				<misses>19073001</misses>
				<total>47</total>
				<timestamp>6097.257169</timestamp>
			</report>
			<report>
				<misses>19074001</misses>
				<total>47</total>
				<timestamp>6097.576946</timestamp>
			</report>
			<report>
				<misses>19075001</misses>
				<total>47</total>
				<timestamp>6097.896636</timestamp>
			</report>
			<report>
				<misses>19076001</misses>
				<total>47</total>
				<timestamp>6098.216244</timestamp>
			</report>
			<report>
				<misses>19077001</misses>
				<total>47</total>
				<timestamp>6098.535966</timestamp>
			</report>
			<report>
				<misses>19078001</misses>
				<total>47</total>
				<timestamp>6098.855571</timestamp>
			</report>
			<report>
				<misses>19079001</misses>
				<total>47</total>
				<timestamp>6099.175200</timestamp>
			</report>
			<report>
				<misses>19080001</misses>
				<total>47</total>
				<timestamp>6099.494890</timestamp>
			</report>
			<report>
				<misses>19081001</misses>
				<total>47</total>
				<timestamp>6099.814704</timestamp>
			</report>
			<report>
				<misses>19082001</misses>
				<total>47</total>
				<timestamp>6100.134308</timestamp>
			</report>
			<report>
				<misses>19083001</misses>
				<total>47</total>
				<timestamp>6100.453953</timestamp>
			</report>
			<report>
				<misses>19084001</misses>
				<total>47</total>
				<timestamp>6100.773622</timestamp>
			</report>
			<report>
				<misses>19085001</misses>
				<total>47</total>
				<timestamp>6101.093365</timestamp>
			</report>
			<report>
				<misses>19086001</misses>
				<total>47</total>
				<timestamp>6101.412992</timestamp>
			</report>
			<report>
				<misses>19087001</misses>
				<total>47</total>
				<timestamp>6101.732707</timestamp>
			</report>
			<report>
				<misses>19088001</misses>
				<total>47</total>
				<timestamp>6102.052346</timestamp>
			</report>
			<report>
				<misses>19089001</misses>
				<total>47</total>
				<timestamp>6102.372085</timestamp>
			</report>
			<report>
				<misses>19090001</misses>
				<total>46</total>
				<timestamp>6102.691941</timestamp>
			</report>
			<report>
				<misses>19091001</misses>
				<total>47</total>
				<timestamp>6103.011424</timestamp>
			</report>
			<report>
				<misses>19092001</misses>
				<total>47</total>
				<timestamp>6103.331080</timestamp>
			</report>
			<report>
				<misses>19093001</misses>
				<total>47</total>
				<timestamp>6103.650822</timestamp>
			</report>
			<report>
				<misses>19094001</misses>
				<total>47</total>
				<timestamp>6103.970502</timestamp>
			</report>
			<report>
				<misses>19095001</misses>
				<total>47</total>
				<timestamp>6104.290106</timestamp>
			</report>
			<report>
				<misses>19096001</misses>
				<total>47</total>
				<timestamp>6104.609802</timestamp>
			</report>
			<report>
				<misses>19097001</misses>
				<total>47</total>
				<timestamp>6104.929493</timestamp>
			</report>
			<report>
				<misses>19098001</misses>
				<total>47</total>
				<timestamp>6105.249139</timestamp>
			</report>
			<report>
				<misses>19099001</misses>
				<total>47</total>
				<timestamp>6105.568845</timestamp>
			</report>
			<report>
				<misses>19100001</misses>
				<total>47</total>
				<timestamp>6105.888580</timestamp>
			</report>
			<report>
				<misses>19101001</misses>
				<total>47</total>
				<timestamp>6106.208158</timestamp>
			</report>
			<report>
				<misses>19102001</misses>
				<total>47</total>
				<timestamp>6106.527869</timestamp>
			</report>
			<report>
				<misses>19103001</misses>
				<total>47</total>
				<timestamp>6106.847586</timestamp>
			</report>
			<report>
				<misses>19104001</misses>
				<total>47</total>
				<timestamp>6107.167271</timestamp>
			</report>
			<report>
				<misses>19105001</misses>
				<total>47</total>
				<timestamp>6107.486990</timestamp>
			</report>
			<report>
				<misses>19106001</misses>
				<total>47</total>
				<timestamp>6107.806577</timestamp>
			</report>
			<report>
				<misses>19107001</misses>
				<total>47</total>
				<timestamp>6108.126259</timestamp>
			</report>
			<report>
				<misses>19108001</misses>
				<total>47</total>
				<timestamp>6108.445952</timestamp>
			</report>
			<report>
				<misses>19109001</misses>
				<total>46</total>
				<timestamp>6108.765709</timestamp>
			</report>
			<report>
				<misses>19110001</misses>
				<total>47</total>
				<timestamp>6109.085305</timestamp>
			</report>
			<report>
				<misses>19111001</misses>
				<total>47</total>
				<timestamp>6109.404960</timestamp>
			</report>
			<report>
				<misses>19112001</misses>
				<total>47</total>
				<timestamp>6109.724707</timestamp>
			</report>
			<report>
				<misses>19113001</misses>
				<total>47</total>
				<timestamp>6110.044416</timestamp>
			</report>
			<report>
				<misses>19114001</misses>
				<total>47</total>
				<timestamp>6110.364015</timestamp>
			</report>
			<report>
				<misses>19115001</misses>
				<total>47</total>
				<timestamp>6110.683830</timestamp>
			</report>
			<report>
				<misses>19116001</misses>
				<total>47</total>
				<timestamp>6111.003407</timestamp>
			</report>
			<report>
				<misses>19117001</misses>
				<total>47</total>
				<timestamp>6111.323119</timestamp>
			</report>
			<report>
				<misses>19118001</misses>
				<total>47</total>
				<timestamp>6111.642793</timestamp>
			</report>
			<report>
				<misses>19119001</misses>
				<total>47</total>
				<timestamp>6111.962419</timestamp>
			</report>
			<report>
				<misses>19120001</misses>
				<total>47</total>
				<timestamp>6112.282077</timestamp>
			</report>
			<report>
				<misses>19121001</misses>
				<total>47</total>
				<timestamp>6112.601771</timestamp>
			</report>
			<report>
				<misses>19122001</misses>
				<total>47</total>
				<timestamp>6112.921563</timestamp>
			</report>
			<report>
				<misses>19123001</misses>
				<total>47</total>
				<timestamp>6113.241116</timestamp>
			</report>
			<report>
				<misses>19124001</misses>
				<total>47</total>
				<timestamp>6113.560827</timestamp>
			</report>
			<report>
				<misses>19125001</misses>
				<total>47</total>
				<timestamp>6113.880579</timestamp>
			</report>
			<report>
				<misses>19126001</misses>
				<total>47</total>
				<timestamp>6114.200197</timestamp>
			</report>
			<report>
				<misses>19127001</misses>
				<total>47</total>
				<timestamp>6114.519909</timestamp>
			</report>
			<report>
				<misses>19128001</misses>
				<total>47</total>
				<timestamp>6114.839598</timestamp>
			</report>
			<report>
				<misses>19129001</misses>
				<total>47</total>
				<timestamp>6115.159226</timestamp>
			</report>
			<report>
				<misses>19130001</misses>
				<total>47</total>
				<timestamp>6115.478935</timestamp>
			</report>
			<report>
				<misses>19131001</misses>
				<total>47</total>
				<timestamp>6115.798698</timestamp>
			</report>
			<report>
				<misses>19132001</misses>
				<total>47</total>
				<timestamp>6116.118295</timestamp>
			</report>
			<report>
				<misses>19133001</misses>
				<total>47</total>
				<timestamp>6116.437996</timestamp>
			</report>
			<report>
				<misses>19134001</misses>
				<total>47</total>
				<timestamp>6116.757705</timestamp>
			</report>
			<report>
				<misses>19135001</misses>
				<total>47</total>
				<timestamp>6117.077326</timestamp>
			</report>
			<report>
				<misses>19136001</misses>
				<total>47</total>
				<timestamp>6117.397021</timestamp>
			</report>
			<report>
				<misses>19137001</misses>
				<total>46</total>
				<timestamp>6117.716835</timestamp>
			</report>
			<report>
				<misses>19138001</misses>
				<total>47</total>
				<timestamp>6118.036424</timestamp>
			</report>
			<report>
				<misses>19139001</misses>
				<total>47</total>
				<timestamp>6118.356066</timestamp>
			</report>
			<report>
				<misses>19140001</misses>
				<total>47</total>
				<timestamp>6118.675797</timestamp>
			</report>
			<report>
				<misses>19141001</misses>
				<total>47</total>
				<timestamp>6118.995364</timestamp>
			</report>
			<report>
				<misses>19142001</misses>
				<total>47</total>
				<timestamp>6119.315065</timestamp>
			</report>
			<report>
				<misses>19143001</misses>
				<total>47</total>
				<timestamp>6119.634844</timestamp>
			</report>
			<report>
				<misses>19144001</misses>
				<total>47</total>
				<timestamp>6119.954451</timestamp>
			</report>
			<report>
				<misses>19145001</misses>
				<total>47</total>
				<timestamp>6120.274075</timestamp>
			</report>
			<report>
				<misses>19146001</misses>
				<total>47</total>
				<timestamp>6120.593882</timestamp>
			</report>
			<report>
				<misses>19147001</misses>
				<total>47</total>
				<timestamp>6120.913556</timestamp>
			</report>
			<report>
				<misses>19148001</misses>
				<total>47</total>
				<timestamp>6121.233187</timestamp>
			</report>
			<report>
				<misses>19149001</misses>
				<total>47</total>
				<timestamp>6121.552802</timestamp>
			</report>
			<report>
				<misses>19150001</misses>
				<total>47</total>
				<timestamp>6121.872509</timestamp>
			</report>
			<report>
				<misses>19151001</misses>
				<total>48</total>
				<timestamp>6122.192162</timestamp>
			</report>
			<report>
				<misses>19152001</misses>
				<total>48</total>
				<timestamp>6122.511943</timestamp>
			</report>
			<report>
				<misses>19153001</misses>
				<total>48</total>
				<timestamp>6122.831696</timestamp>
			</report>
			<report>
				<misses>19154001</misses>
				<total>48</total>
				<timestamp>6123.151229</timestamp>
			</report>
			<report>
				<misses>19155001</misses>
				<total>48</total>
				<timestamp>6123.470964</timestamp>
			</report>
			<report>
				<misses>19156001</misses>
				<total>47</total>
				<timestamp>6123.790668</timestamp>
			</report>
			<report>
				<misses>19157001</misses>
				<total>48</total>
				<timestamp>6124.110315</timestamp>
			</report>
			<report>
				<misses>19158001</misses>
				<total>48</total>
				<timestamp>6124.429965</timestamp>
			</report>
			<report>
				<misses>19159001</misses>
				<total>48</total>
				<timestamp>6124.749678</timestamp>
			</report>
			<report>
				<misses>19160001</misses>
				<total>48</total>
				<timestamp>6125.069322</timestamp>
			</report>
			<report>
				<misses>19161001</misses>
				<total>48</total>
				<timestamp>6125.389025</timestamp>
			</report>
			<report>
				<misses>19162001</misses>
				<total>48</total>
				<timestamp>6125.708651</timestamp>
			</report>
			<report>
				<misses>19163001</misses>
				<total>48</total>
				<timestamp>6126.028324</timestamp>
			</report>
			<report>
				<misses>19164001</misses>
				<total>48</total>
				<timestamp>6126.348055</timestamp>
			</report>
			<report>
				<misses>19165001</misses>
				<total>48</total>
				<timestamp>6126.667690</timestamp>
			</report>
			<report>
				<misses>19166001</misses>
				<total>48</total>
				<timestamp>6126.987522</timestamp>
			</report>
			<report>
				<misses>19167001</misses>
				<total>48</total>
				<timestamp>6127.307079</timestamp>
			</report>
			<report>
				<misses>19168001</misses>
				<total>48</total>
				<timestamp>6127.626717</timestamp>
			</report>
			<report>
				<misses>19169001</misses>
				<total>48</total>
				<timestamp>6127.946417</timestamp>
			</report>
			<report>
				<misses>19170001</misses>
				<total>48</total>
				<timestamp>6128.266117</timestamp>
			</report>
			<report>
				<misses>19171001</misses>
				<total>48</total>
				<timestamp>6128.585835</timestamp>
			</report>
			<report>
				<misses>19172001</misses>
				<total>48</total>
				<timestamp>6128.905469</timestamp>
			</report>
			<report>
				<misses>19173001</misses>
				<total>48</total>
				<timestamp>6129.225130</timestamp>
			</report>
			<report>
				<misses>19174001</misses>
				<total>48</total>
				<timestamp>6129.544839</timestamp>
			</report>
			<report>
				<misses>19175001</misses>
				<total>48</total>
				<timestamp>6129.864516</timestamp>
			</report>
			<report>
				<misses>19176001</misses>
				<total>48</total>
				<timestamp>6130.184205</timestamp>
			</report>
			<report>
				<misses>19177001</misses>
				<total>48</total>
				<timestamp>6130.503970</timestamp>
			</report>
			<report>
				<misses>19178001</misses>
				<total>48</total>
				<timestamp>6130.823534</timestamp>
			</report>
			<report>
				<misses>19179001</misses>
				<total>48</total>
				<timestamp>6131.143244</timestamp>
			</report>
			<report>
				<misses>19180001</misses>
				<total>48</total>
				<timestamp>6131.462982</timestamp>
			</report>
			<report>
				<misses>19181001</misses>
				<total>48</total>
				<timestamp>6131.782642</timestamp>
			</report>
			<report>
				<misses>19182001</misses>
				<total>48</total>
				<timestamp>6132.102331</timestamp>
			</report>
			<report>
				<misses>19183001</misses>
				<total>48</total>
				<timestamp>6132.421949</timestamp>
			</report>
			<report>
				<misses>19184001</misses>
				<total>47</total>
				<timestamp>6132.741727</timestamp>
			</report>
			<report>
				<misses>19185001</misses>
				<total>48</total>
				<timestamp>6133.061368</timestamp>
			</report>
			<report>
				<misses>19186001</misses>
				<total>48</total>
				<timestamp>6133.381013</timestamp>
			</report>
			<report>
				<misses>19187001</misses>
				<total>48</total>
				<timestamp>6133.700698</timestamp>
			</report>
			<report>
				<misses>19188001</misses>
				<total>48</total>
				<timestamp>6134.020406</timestamp>
			</report>
			<report>
				<misses>19189001</misses>
				<total>48</total>
				<timestamp>6134.340021</timestamp>
			</report>
			<report>
				<misses>19190001</misses>
				<total>48</total>
				<timestamp>6134.659824</timestamp>
			</report>
			<report>
				<misses>19191001</misses>
				<total>48</total>
				<timestamp>6134.979395</timestamp>
			</report>
			<report>
				<misses>19192001</misses>
				<total>48</total>
				<timestamp>6135.299208</timestamp>
			</report>
			<report>
				<misses>19193001</misses>
				<total>48</total>
				<timestamp>6135.618794</timestamp>
			</report>
			<report>
				<misses>19194001</misses>
				<total>48</total>
				<timestamp>6135.938399</timestamp>
			</report>
			<report>
				<misses>19195001</misses>
				<total>48</total>
				<timestamp>6136.258152</timestamp>
			</report>
			<report>
				<misses>19196001</misses>
				<total>48</total>
				<timestamp>6136.577929</timestamp>
			</report>
			<report>
				<misses>19197001</misses>
				<total>47</total>
				<timestamp>6136.897563</timestamp>
			</report>
			<report>
				<misses>19198001</misses>
				<total>48</total>
				<timestamp>6137.217215</timestamp>
			</report>
			<report>
				<misses>19199001</misses>
				<total>48</total>
				<timestamp>6137.536798</timestamp>
			</report>
			<report>
				<misses>19200001</misses>
				<total>48</total>
				<timestamp>6137.856535</timestamp>
			</report>
			<report>
				<misses>19201001</misses>
				<total>48</total>
				<timestamp>6138.176274</timestamp>
			</report>
			<report>
				<misses>19202001</misses>
				<total>48</total>
				<timestamp>6138.495955</timestamp>
			</report>
			<report>
				<misses>19203001</misses>
				<total>48</total>
				<timestamp>6138.815574</timestamp>
			</report>
			<report>
				<misses>19204001</misses>
				<total>48</total>
				<timestamp>6139.135268</timestamp>
			</report>
			<report>
				<misses>19205001</misses>
				<total>48</total>
				<timestamp>6139.454909</timestamp>
			</report>
			<report>
				<misses>19206001</misses>
				<total>48</total>
				<timestamp>6139.774666</timestamp>
			</report>
			<report>
				<misses>19207001</misses>
				<total>48</total>
				<timestamp>6140.094324</timestamp>
			</report>
			<report>
				<misses>19208001</misses>
				<total>48</total>
				<timestamp>6140.413921</timestamp>
			</report>
			<report>
				<misses>19209001</misses>
				<total>48</total>
				<timestamp>6140.733645</timestamp>
			</report>
			<report>
				<misses>19210001</misses>
				<total>48</total>
				<timestamp>6141.053325</timestamp>
			</report>
			<report>
				<misses>19211001</misses>
				<total>48</total>
				<timestamp>6141.372985</timestamp>
			</report>
			<report>
				<misses>19212001</misses>
				<total>48</total>
				<timestamp>6141.692681</timestamp>
			</report>
			<report>
				<misses>19213001</misses>
				<total>48</total>
				<timestamp>6142.012344</timestamp>
			</report>
			<report>
				<misses>19214001</misses>
				<total>48</total>
				<timestamp>6142.331992</timestamp>
			</report>
			<report>
				<misses>19215001</misses>
				<total>48</total>
				<timestamp>6142.651703</timestamp>
			</report>
			<report>
				<misses>19216001</misses>
				<total>48</total>
				<timestamp>6142.971376</timestamp>
			</report>
			<report>
				<misses>19217001</misses>
				<total>48</total>
				<timestamp>6143.291034</timestamp>
			</report>
			<report>
				<misses>19218001</misses>
				<total>48</total>
				<timestamp>6143.610779</timestamp>
			</report>
			<report>
				<misses>19219001</misses>
				<total>48</total>
				<timestamp>6143.930412</timestamp>
			</report>
			<report>
				<misses>19220001</misses>
				<total>48</total>
				<timestamp>6144.250154</timestamp>
			</report>
			<report>
				<misses>19221001</misses>
				<total>48</total>
				<timestamp>6144.569758</timestamp>
			</report>
			<report>
				<misses>19222001</misses>
				<total>48</total>
				<timestamp>6144.889616</timestamp>
			</report>
			<report>
				<misses>19223001</misses>
				<total>48</total>
				<timestamp>6145.209156</timestamp>
			</report>
			<report>
				<misses>19224001</misses>
				<total>48</total>
				<timestamp>6145.528864</timestamp>
			</report>
			<report>
				<misses>19225001</misses>
				<total>47</total>
				<timestamp>6145.848627</timestamp>
			</report>
			<report>
				<misses>19226001</misses>
				<total>48</total>
				<timestamp>6146.168178</timestamp>
			</report>
			<report>
				<misses>19227001</misses>
				<total>48</total>
				<timestamp>6146.487866</timestamp>
			</report>
			<report>
				<misses>19228001</misses>
				<total>47</total>
				<timestamp>6146.807727</timestamp>
			</report>
			<report>
				<misses>19229001</misses>
				<total>48</total>
				<timestamp>6147.127218</timestamp>
			</report>
			<report>
				<misses>19230001</misses>
				<total>48</total>
				<timestamp>6147.446890</timestamp>
			</report>
			<report>
				<misses>19231001</misses>
				<total>48</total>
				<timestamp>6147.766575</timestamp>
			</report>
			<report>
				<misses>19232001</misses>
				<total>48</total>
				<timestamp>6148.086281</timestamp>
			</report>
			<report>
				<misses>19233001</misses>
				<total>48</total>
				<timestamp>6148.406009</timestamp>
			</report>
			<report>
				<misses>19234001</misses>
				<total>48</total>
				<timestamp>6148.725735</timestamp>
			</report>
			<report>
				<misses>19235001</misses>
				<total>48</total>
				<timestamp>6149.045334</timestamp>
			</report>
			<report>
				<misses>19236001</misses>
				<total>48</total>
				<timestamp>6149.364961</timestamp>
			</report>
			<report>
				<misses>19237001</misses>
				<total>48</total>
				<timestamp>6149.684712</timestamp>
			</report>
			<report>
				<misses>19238001</misses>
				<total>48</total>
				<timestamp>6150.004328</timestamp>
			</report>
			<report>
				<misses>19239001</misses>
				<total>48</total>
				<timestamp>6150.324128</timestamp>
			</report>
			<report>
				<misses>19240001</misses>
				<total>48</total>
				<timestamp>6150.643709</timestamp>
			</report>
			<report>
				<misses>19241001</misses>
				<total>48</total>
				<timestamp>6150.963407</timestamp>
			</report>
			<report>
				<misses>19242001</misses>
				<total>48</total>
				<timestamp>6151.283083</timestamp>
			</report>
			<report>
				<misses>19243001</misses>
				<total>48</total>
				<timestamp>6151.602794</timestamp>
			</report>
			<report>
				<misses>19244001</misses>
				<total>48</total>
				<timestamp>6151.922411</timestamp>
			</report>
			<report>
				<misses>19245001</misses>
				<total>48</total>
				<timestamp>6152.242115</timestamp>
			</report>
			<report>
				<misses>19246001</misses>
				<total>48</total>
				<timestamp>6152.561784</timestamp>
			</report>
			<report>
				<misses>19247001</misses>
				<total>48</total>
				<timestamp>6152.881500</timestamp>
			</report>
			<report>
				<misses>19248001</misses>
				<total>48</total>
				<timestamp>6153.201178</timestamp>
			</report>
			<report>
				<misses>19249001</misses>
				<total>48</total>
				<timestamp>6153.520930</timestamp>
			</report>
			<report>
				<misses>19250001</misses>
				<total>48</total>
				<timestamp>6153.840646</timestamp>
			</report>
			<report>
				<misses>19251001</misses>
				<total>48</total>
				<timestamp>6154.160171</timestamp>
			</report>
			<report>
				<misses>19252001</misses>
				<total>48</total>
				<timestamp>6154.479940</timestamp>
			</report>
			<report>
				<misses>19253001</misses>
				<total>48</total>
				<timestamp>6154.799545</timestamp>
			</report>
			<report>
				<misses>19254001</misses>
				<total>48</total>
				<timestamp>6155.119245</timestamp>
			</report>
			<report>
				<misses>19255001</misses>
				<total>48</total>
				<timestamp>6155.438903</timestamp>
			</report>
			<report>
				<misses>19256001</misses>
				<total>48</total>
				<timestamp>6155.758588</timestamp>
			</report>
			<report>
				<misses>19257001</misses>
				<total>48</total>
				<timestamp>6156.078253</timestamp>
			</report>
			<report>
				<misses>19258001</misses>
				<total>48</total>
				<timestamp>6156.398012</timestamp>
			</report>
			<report>
				<misses>19259001</misses>
				<total>48</total>
				<timestamp>6156.717614</timestamp>
			</report>
			<report>
				<misses>19260001</misses>
				<total>48</total>
				<timestamp>6157.037453</timestamp>
			</report>
			<report>
				<misses>19261001</misses>
				<total>48</total>
				<timestamp>6157.357025</timestamp>
			</report>
			<report>
				<misses>19262001</misses>
				<total>48</total>
				<timestamp>6157.676833</timestamp>
			</report>
			<report>
				<misses>19263001</misses>
				<total>48</total>
				<timestamp>6157.996380</timestamp>
			</report>
			<report>
				<misses>19264001</misses>
				<total>47</total>
				<timestamp>6158.316164</timestamp>
			</report>
			<report>
				<misses>19265001</misses>
				<total>47</total>
				<timestamp>6158.635795</timestamp>
			</report>
			<report>
				<misses>19266001</misses>
				<total>48</total>
				<timestamp>6158.955409</timestamp>
			</report>
			<report>
				<misses>19267001</misses>
				<total>47</total>
				<timestamp>6159.275183</timestamp>
			</report>
			<report>
				<misses>19268001</misses>
				<total>47</total>
				<timestamp>6159.594841</timestamp>
			</report>
			<report>
				<misses>19269001</misses>
				<total>48</total>
				<timestamp>6159.914490</timestamp>
			</report>
			<report>
				<misses>19270001</misses>
				<total>48</total>
				<timestamp>6160.234105</timestamp>
			</report>
			<report>
				<misses>19271001</misses>
				<total>48</total>
				<timestamp>6160.553811</timestamp>
			</report>
			<report>
				<misses>19272001</misses>
				<total>48</total>
				<timestamp>6160.873577</timestamp>
			</report>
			<report>
				<misses>19273001</misses>
				<total>48</total>
				<timestamp>6161.193151</timestamp>
			</report>
			<report>
				<misses>19274001</misses>
				<total>48</total>
				<timestamp>6161.512817</timestamp>
			</report>
			<report>
				<misses>19275001</misses>
				<total>48</total>
				<timestamp>6161.832559</timestamp>
			</report>
			<report>
				<misses>19276001</misses>
				<total>48</total>
				<timestamp>6162.152258</timestamp>
			</report>
			<report>
				<misses>19277001</misses>
				<total>48</total>
				<timestamp>6162.471943</timestamp>
			</report>
			<report>
				<misses>19278001</misses>
				<total>48</total>
				<timestamp>6162.791577</timestamp>
			</report>
			<report>
				<misses>19279001</misses>
				<total>48</total>
				<timestamp>6163.111253</timestamp>
			</report>
			<report>
				<misses>19280001</misses>
				<total>48</total>
				<timestamp>6163.430940</timestamp>
			</report>
			<report>
				<misses>19281001</misses>
				<total>48</total>
				<timestamp>6163.750575</timestamp>
			</report>
			<report>
				<misses>19282001</misses>
				<total>47</total>
				<timestamp>6164.070352</timestamp>
			</report>
			<report>
				<misses>19283001</misses>
				<total>48</total>
				<timestamp>6164.389947</timestamp>
			</report>
			<report>
				<misses>19284001</misses>
				<total>48</total>
				<timestamp>6164.709660</timestamp>
			</report>
			<report>
				<misses>19285001</misses>
				<total>48</total>
				<timestamp>6165.029335</timestamp>
			</report>
			<report>
				<misses>19286001</misses>
				<total>48</total>
				<timestamp>6165.349000</timestamp>
			</report>
			<report>
				<misses>19287001</misses>
				<total>48</total>
				<timestamp>6165.668676</timestamp>
			</report>
			<report>
				<misses>19288001</misses>
				<total>48</total>
				<timestamp>6165.988348</timestamp>
			</report>
			<report>
				<misses>19289001</misses>
				<total>48</total>
				<timestamp>6166.308091</timestamp>
			</report>
			<report>
				<misses>19290001</misses>
				<total>48</total>
				<timestamp>6166.627709</timestamp>
			</report>
			<report>
				<misses>19291001</misses>
				<total>48</total>
				<timestamp>6166.947429</timestamp>
			</report>
			<report>
				<misses>19292001</misses>
				<total>47</total>
				<timestamp>6167.267162</timestamp>
			</report>
			<report>
				<misses>19293001</misses>
				<total>48</total>
				<timestamp>6167.586834</timestamp>
			</report>
			<report>
				<misses>19294001</misses>
				<total>48</total>
				<timestamp>6167.906411</timestamp>
			</report>
			<report>
				<misses>19295001</misses>
				<total>48</total>
				<timestamp>6168.226126</timestamp>
			</report>
			<report>
				<misses>19296001</misses>
				<total>48</total>
				<timestamp>6168.545848</timestamp>
			</report>
			<report>
				<misses>19297001</misses>
				<total>48</total>
				<timestamp>6168.865615</timestamp>
			</report>
			<report>
				<misses>19298001</misses>
				<total>48</total>
				<timestamp>6169.185197</timestamp>
			</report>
			<report>
				<misses>19299001</misses>
				<total>48</total>
				<timestamp>6169.504944</timestamp>
			</report>
			<report>
				<misses>19300001</misses>
				<total>48</total>
				<timestamp>6169.824568</timestamp>
			</report>
			<report>
				<misses>19301001</misses>
				<total>47</total>
				<timestamp>6170.144281</timestamp>
			</report>
			<report>
				<misses>19302001</misses>
				<total>48</total>
				<timestamp>6170.463876</timestamp>
			</report>
			<report>
				<misses>19303001</misses>
				<total>48</total>
				<timestamp>6170.783523</timestamp>
			</report>
			<report>
				<misses>19304001</misses>
				<total>48</total>
				<timestamp>6171.103232</timestamp>
			</report>
			<report>
				<misses>19305001</misses>
				<total>48</total>
				<timestamp>6171.422964</timestamp>
			</report>
			<report>
				<misses>19306001</misses>
				<total>48</total>
				<timestamp>6171.742568</timestamp>
			</report>
			<report>
				<misses>19307001</misses>
				<total>48</total>
				<timestamp>6172.062279</timestamp>
			</report>
			<report>
				<misses>19308001</misses>
				<total>48</total>
				<timestamp>6172.382044</timestamp>
			</report>
			<report>
				<misses>19309001</misses>
				<total>48</total>
				<timestamp>6172.701697</timestamp>
			</report>
			<report>
				<misses>19310001</misses>
				<total>48</total>
				<timestamp>6173.021271</timestamp>
			</report>
			<report>
				<misses>19311001</misses>
				<total>48</total>
				<timestamp>6173.341058</timestamp>
			</report>
			<report>
				<misses>19312001</misses>
				<total>48</total>
				<timestamp>6173.660731</timestamp>
			</report>
			<report>
				<misses>19313001</misses>
				<total>48</total>
				<timestamp>6173.980338</timestamp>
			</report>
			<report>
				<misses>19314001</misses>
				<total>48</total>
				<timestamp>6174.300042</timestamp>
			</report>
			<report>
				<misses>19315001</misses>
				<total>48</total>
				<timestamp>6174.619836</timestamp>
			</report>
			<report>
				<misses>19316001</misses>
				<total>48</total>
				<timestamp>6174.939372</timestamp>
			</report>
			<report>
				<misses>19317001</misses>
				<total>48</total>
				<timestamp>6175.259093</timestamp>
			</report>
			<report>
				<misses>19318001</misses>
				<total>48</total>
				<timestamp>6175.578719</timestamp>
			</report>
			<report>
				<misses>19319001</misses>
				<total>48</total>
				<timestamp>6175.898539</timestamp>
			</report>
			<report>
				<misses>19320001</misses>
				<total>47</total>
				<timestamp>6176.218197</timestamp>
			</report>
			<report>
				<misses>19321001</misses>
				<total>48</total>
				<timestamp>6176.537804</timestamp>
			</report>
			<report>
				<misses>19322001</misses>
				<total>48</total>
				<timestamp>6176.857553</timestamp>
			</report>
			<report>
				<misses>19323001</misses>
				<total>48</total>
				<timestamp>6177.177167</timestamp>
			</report>
			<report>
				<misses>19324001</misses>
				<total>48</total>
				<timestamp>6177.496938</timestamp>
			</report>
			<report>
				<misses>19325001</misses>
				<total>48</total>
				<timestamp>6177.816495</timestamp>
			</report>
			<report>
				<misses>19326001</misses>
				<total>48</total>
				<timestamp>6178.136225</timestamp>
			</report>
			<report>
				<misses>19327001</misses>
				<total>48</total>
				<timestamp>6178.455945</timestamp>
			</report>
			<report>
				<misses>19328001</misses>
				<total>48</total>
				<timestamp>6178.775580</timestamp>
			</report>
			<report>
				<misses>19329001</misses>
				<total>48</total>
				<timestamp>6179.095192</timestamp>
			</report>
			<report>
				<misses>19330001</misses>
				<total>48</total>
				<timestamp>6179.414972</timestamp>
			</report>
			<report>
				<misses>19331001</misses>
				<total>48</total>
				<timestamp>6179.734701</timestamp>
			</report>
			<report>
				<misses>19332001</misses>
				<total>48</total>
				<timestamp>6180.054234</timestamp>
			</report>
			<report>
				<misses>19333001</misses>
				<total>48</total>
				<timestamp>6180.374046</timestamp>
			</report>
			<report>
				<misses>19334001</misses>
				<total>48</total>
				<timestamp>6180.693688</timestamp>
			</report>
			<report>
				<misses>19335001</misses>
				<total>48</total>
				<timestamp>6181.013377</timestamp>
			</report>
			<report>
				<misses>19336001</misses>
				<total>48</total>
				<timestamp>6181.332994</timestamp>
			</report>
			<report>
				<misses>19337001</misses>
				<total>48</total>
				<timestamp>6181.652706</timestamp>
			</report>
			<report>
				<misses>19338001</misses>
				<total>48</total>
				<timestamp>6181.972320</timestamp>
			</report>
			<report>
				<misses>19339001</misses>
				<total>48</total>
				<timestamp>6182.292083</timestamp>
			</report>
			<report>
				<misses>19340001</misses>
				<total>48</total>
				<timestamp>6182.611833</timestamp>
			</report>
			<report>
				<misses>19341001</misses>
				<total>47</total>
				<timestamp>6182.931566</timestamp>
			</report>
			<report>
				<misses>19342001</misses>
				<total>48</total>
				<timestamp>6183.251059</timestamp>
			</report>
			<report>
				<misses>19343001</misses>
				<total>48</total>
				<timestamp>6183.570816</timestamp>
			</report>
			<report>
				<misses>19344001</misses>
				<total>48</total>
				<timestamp>6183.890562</timestamp>
			</report>
			<report>
				<misses>19345001</misses>
				<total>48</total>
				<timestamp>6184.210206</timestamp>
			</report>
			<report>
				<misses>19346001</misses>
				<total>48</total>
				<timestamp>6184.529752</timestamp>
			</report>
			<report>
				<misses>19347001</misses>
				<total>48</total>
				<timestamp>6184.849529</timestamp>
			</report>
			<report>
				<misses>19348001</misses>
				<total>48</total>
				<timestamp>6185.169165</timestamp>
			</report>
			<report>
				<misses>19349001</misses>
				<total>48</total>
				<timestamp>6185.488818</timestamp>
			</report>
			<report>
				<misses>19350001</misses>
				<total>48</total>
				<timestamp>6185.808634</timestamp>
			</report>
			<report>
				<misses>19351001</misses>
				<total>48</total>
				<timestamp>6186.128290</timestamp>
			</report>
			<report>
				<misses>19352001</misses>
				<total>48</total>
				<timestamp>6186.447906</timestamp>
			</report>
			<report>
				<misses>19353001</misses>
				<total>48</total>
				<timestamp>6186.767670</timestamp>
			</report>
			<report>
				<misses>19354001</misses>
				<total>48</total>
				<timestamp>6187.087249</timestamp>
			</report>
			<report>
				<misses>19355001</misses>
				<total>48</total>
				<timestamp>6187.406991</timestamp>
			</report>
			<report>
				<misses>19356001</misses>
				<total>48</total>
				<timestamp>6187.726572</timestamp>
			</report>
			<report>
				<misses>19357001</misses>
				<total>48</total>
				<timestamp>6188.046275</timestamp>
			</report>
			<report>
				<misses>19358001</misses>
				<total>48</total>
				<timestamp>6188.365982</timestamp>
			</report>
			<report>
				<misses>19359001</misses>
				<total>48</total>
				<timestamp>6188.685724</timestamp>
			</report>
			<report>
				<misses>19360001</misses>
				<total>48</total>
				<timestamp>6189.005292</timestamp>
			</report>
			<report>
				<misses>19361001</misses>
				<total>48</total>
				<timestamp>6189.325015</timestamp>
			</report>
			<report>
				<misses>19362001</misses>
				<total>48</total>
				<timestamp>6189.644717</timestamp>
			</report>
			<report>
				<misses>19363001</misses>
				<total>48</total>
				<timestamp>6189.964353</timestamp>
			</report>
			<report>
				<misses>19364001</misses>
				<total>48</total>
				<timestamp>6190.284158</timestamp>
			</report>
			<report>
				<misses>19365001</misses>
				<total>48</total>
				<timestamp>6190.603756</timestamp>
			</report>
			<report>
				<misses>19366001</misses>
				<total>48</total>
				<timestamp>6190.923354</timestamp>
			</report>
			<report>
				<misses>19367001</misses>
				<total>48</total>
				<timestamp>6191.243050</timestamp>
			</report>
			<report>
				<misses>19368001</misses>
				<total>48</total>
				<timestamp>6191.562716</timestamp>
			</report>
			<report>
				<misses>19369001</misses>
				<total>47</total>
				<timestamp>6191.882588</timestamp>
			</report>
			<report>
				<misses>19370001</misses>
				<total>47</total>
				<timestamp>6192.202328</timestamp>
			</report>
			<report>
				<misses>19371001</misses>
				<total>48</total>
				<timestamp>6192.521898</timestamp>
			</report>
			<report>
				<misses>19372001</misses>
				<total>47</total>
				<timestamp>6192.841562</timestamp>
			</report>
			<report>
				<misses>19373001</misses>
				<total>48</total>
				<timestamp>6193.161115</timestamp>
			</report>
			<report>
				<misses>19374001</misses>
				<total>48</total>
				<timestamp>6193.480842</timestamp>
			</report>
			<report>
				<misses>19375001</misses>
				<total>48</total>
				<timestamp>6193.800493</timestamp>
			</report>
			<report>
				<misses>19376001</misses>
				<total>48</total>
				<timestamp>6194.120261</timestamp>
			</report>
			<report>
				<misses>19377001</misses>
				<total>48</total>
				<timestamp>6194.439916</timestamp>
			</report>
			<report>
				<misses>19378001</misses>
				<total>48</total>
				<timestamp>6194.759528</timestamp>
			</report>
			<report>
				<misses>19379001</misses>
				<total>48</total>
				<timestamp>6195.079282</timestamp>
			</report>
			<report>
				<misses>19380001</misses>
				<total>48</total>
				<timestamp>6195.398982</timestamp>
			</report>
			<report>
				<misses>19381001</misses>
				<total>47</total>
				<timestamp>6195.718705</timestamp>
			</report>
			<report>
				<misses>19382001</misses>
				<total>48</total>
				<timestamp>6196.038242</timestamp>
			</report>
			<report>
				<misses>19383001</misses>
				<total>48</total>
				<timestamp>6196.357988</timestamp>
			</report>
			<report>
				<misses>19384001</misses>
				<total>48</total>
				<timestamp>6196.677688</timestamp>
			</report>
			<report>
				<misses>19385001</misses>
				<total>48</total>
				<timestamp>6196.997337</timestamp>
			</report>
			<report>
				<misses>19386001</misses>
				<total>48</total>
				<timestamp>6197.316987</timestamp>
			</report>
			<report>
				<misses>19387001</misses>
				<total>48</total>
				<timestamp>6197.636691</timestamp>
			</report>
			<report>
				<misses>19388001</misses>
				<total>48</total>
				<timestamp>6197.956382</timestamp>
			</report>
			<report>
				<misses>19389001</misses>
				<total>48</total>
				<timestamp>6198.276019</timestamp>
			</report>
			<report>
				<misses>19390001</misses>
				<total>48</total>
				<timestamp>6198.595686</timestamp>
			</report>
			<report>
				<misses>19391001</misses>
				<total>48</total>
				<timestamp>6198.915443</timestamp>
			</report>
			<report>
				<misses>19392001</misses>
				<total>48</total>
				<timestamp>6199.235116</timestamp>
			</report>
			<report>
				<misses>19393001</misses>
				<total>48</total>
				<timestamp>6199.554780</timestamp>
			</report>
			<report>
				<misses>19394001</misses>
				<total>48</total>
				<timestamp>6199.874554</timestamp>
			</report>
			<report>
				<misses>19395001</misses>
				<total>47</total>
				<timestamp>6200.194193</timestamp>
			</report>
			<report>
				<misses>19396001</misses>
				<total>48</total>
				<timestamp>6200.513819</timestamp>
			</report>
			<report>
				<misses>19397001</misses>
				<total>48</total>
				<timestamp>6200.833573</timestamp>
			</report>
			<report>
				<misses>19398001</misses>
				<total>48</total>
				<timestamp>6201.153135</timestamp>
			</report>
			<report>
				<misses>19399001</misses>
				<total>47</total>
				<timestamp>6201.472975</timestamp>
			</report>
			<report>
				<misses>19400001</misses>
				<total>48</total>
				<timestamp>6201.792563</timestamp>
			</report>
			<report>
				<misses>19401001</misses>
				<total>48</total>
				<timestamp>6202.112177</timestamp>
			</report>
			<report>
				<misses>19402001</misses>
				<total>48</total>
				<timestamp>6202.431914</timestamp>
			</report>
			<report>
				<misses>19403001</misses>
				<total>48</total>
				<timestamp>6202.751550</timestamp>
			</report>
			<report>
				<misses>19404001</misses>
				<total>48</total>
				<timestamp>6203.071195</timestamp>
			</report>
			<report>
				<misses>19405001</misses>
				<total>47</total>
				<timestamp>6203.390995</timestamp>
			</report>
			<report>
				<misses>19406001</misses>
				<total>48</total>
				<timestamp>6203.710695</timestamp>
			</report>
			<report>
				<misses>19407001</misses>
				<total>48</total>
				<timestamp>6204.030289</timestamp>
			</report>
			<report>
				<misses>19408001</misses>
				<total>48</total>
				<timestamp>6204.349971</timestamp>
			</report>
			<report>
				<misses>19409001</misses>
				<total>48</total>
				<timestamp>6204.669620</timestamp>
			</report>
			<report>
				<misses>19410001</misses>
				<total>48</total>
				<timestamp>6204.989279</timestamp>
			</report>
			<report>
				<misses>19411001</misses>
				<total>48</total>
				<timestamp>6205.309015</timestamp>
			</report>
			<report>
				<misses>19412001</misses>
				<total>48</total>
				<timestamp>6205.628654</timestamp>
			</report>
			<report>
				<misses>19413001</misses>
				<total>48</total>
				<timestamp>6205.948347</timestamp>
			</report>
			<report>
				<misses>19414001</misses>
				<total>48</total>
				<timestamp>6206.268050</timestamp>
			</report>
			<report>
				<misses>19415001</misses>
				<total>48</total>
				<timestamp>6206.587732</timestamp>
			</report>
			<report>
				<misses>19416001</misses>
				<total>48</total>
				<timestamp>6206.907416</timestamp>
			</report>
			<report>
				<misses>19417001</misses>
				<total>48</total>
				<timestamp>6207.227114</timestamp>
			</report>
			<report>
				<misses>19418001</misses>
				<total>48</total>
				<timestamp>6207.546776</timestamp>
			</report>
			<report>
				<misses>19419001</misses>
				<total>48</total>
				<timestamp>6207.866412</timestamp>
			</report>
			<report>
				<misses>19420001</misses>
				<total>48</total>
				<timestamp>6208.186096</timestamp>
			</report>
			<report>
				<misses>19421001</misses>
				<total>48</total>
				<timestamp>6208.505837</timestamp>
			</report>
			<report>
				<misses>19422001</misses>
				<total>48</total>
				<timestamp>6208.825472</timestamp>
			</report>
			<report>
				<misses>19423001</misses>
				<total>48</total>
				<timestamp>6209.145122</timestamp>
			</report>
			<report>
				<misses>19424001</misses>
				<total>47</total>
				<timestamp>6209.465022</timestamp>
			</report>
			<report>
				<misses>19425001</misses>
				<total>48</total>
				<timestamp>6209.784564</timestamp>
			</report>
			<report>
				<misses>19426001</misses>
				<total>48</total>
				<timestamp>6210.104291</timestamp>
			</report>
			<report>
				<misses>19427001</misses>
				<total>48</total>
				<timestamp>6210.423885</timestamp>
			</report>
			<report>
				<misses>19428001</misses>
				<total>48</total>
				<timestamp>6210.743644</timestamp>
			</report>
			<report>
				<misses>19429001</misses>
				<total>48</total>
				<timestamp>6211.063203</timestamp>
			</report>
			<report>
				<misses>19430001</misses>
				<total>48</total>
				<timestamp>6211.382962</timestamp>
			</report>
			<report>
				<misses>19431001</misses>
				<total>48</total>
				<timestamp>6211.702707</timestamp>
			</report>
			<report>
				<misses>19432001</misses>
				<total>48</total>
				<timestamp>6212.022251</timestamp>
			</report>
			<report>
				<misses>19433001</misses>
				<total>48</total>
				<timestamp>6212.341946</timestamp>
			</report>
			<report>
				<misses>19434001</misses>
				<total>48</total>
				<timestamp>6212.661814</timestamp>
			</report>
			<report>
				<misses>19435001</misses>
				<total>48</total>
				<timestamp>6212.981286</timestamp>
			</report>
			<report>
				<misses>19436001</misses>
				<total>48</total>
				<timestamp>6213.301078</timestamp>
			</report>
			<report>
				<misses>19437001</misses>
				<total>48</total>
				<timestamp>6213.620696</timestamp>
			</report>
			<report>
				<misses>19438001</misses>
				<total>48</total>
				<timestamp>6213.940344</timestamp>
			</report>
			<report>
				<misses>19439001</misses>
				<total>48</total>
				<timestamp>6214.260063</timestamp>
			</report>
			<report>
				<misses>19440001</misses>
				<total>48</total>
				<timestamp>6214.579787</timestamp>
			</report>
			<report>
				<misses>19441001</misses>
				<total>47</total>
				<timestamp>6214.899589</timestamp>
			</report>
			<report>
				<misses>19442001</misses>
				<total>48</total>
				<timestamp>6215.219072</timestamp>
			</report>
			<report>
				<misses>19443001</misses>
				<total>48</total>
				<timestamp>6215.538840</timestamp>
			</report>
			<report>
				<misses>19444001</misses>
				<total>48</total>
				<timestamp>6215.858602</timestamp>
			</report>
			<report>
				<misses>19445001</misses>
				<total>48</total>
				<timestamp>6216.178161</timestamp>
			</report>
			<report>
				<misses>19446001</misses>
				<total>48</total>
				<timestamp>6216.497845</timestamp>
			</report>
			<report>
				<misses>19447001</misses>
				<total>48</total>
				<timestamp>6216.817433</timestamp>
			</report>
			<report>
				<misses>19448001</misses>
				<total>48</total>
				<timestamp>6217.137167</timestamp>
			</report>
			<report>
				<misses>19449001</misses>
				<total>48</total>
				<timestamp>6217.456837</timestamp>
			</report>
			<report>
				<misses>19450001</misses>
				<total>47</total>
				<timestamp>6217.776719</timestamp>
			</report>
			<report>
				<misses>19451001</misses>
				<total>48</total>
				<timestamp>6218.096214</timestamp>
			</report>
			<report>
				<misses>19452001</misses>
				<total>48</total>
				<timestamp>6218.415916</timestamp>
			</report>
			<report>
				<misses>19453001</misses>
				<total>48</total>
				<timestamp>6218.735697</timestamp>
			</report>
			<report>
				<misses>19454001</misses>
				<total>48</total>
				<timestamp>6219.055204</timestamp>
			</report>
			<report>
				<misses>19455001</misses>
				<total>48</total>
				<timestamp>6219.374970</timestamp>
			</report>
			<report>
				<misses>19456001</misses>
				<total>48</total>
				<timestamp>6219.694689</timestamp>
			</report>
			<report>
				<misses>19457001</misses>
				<total>48</total>
				<timestamp>6220.014380</timestamp>
			</report>
			<report>
				<misses>19458001</misses>
				<total>48</total>
				<timestamp>6220.333943</timestamp>
			</report>
			<report>
				<misses>19459001</misses>
				<total>48</total>
				<timestamp>6220.653721</timestamp>
			</report>
			<report>
				<misses>19460001</misses>
				<total>48</total>
				<timestamp>6220.973365</timestamp>
			</report>
			<report>
				<misses>19461001</misses>
				<total>47</total>
				<timestamp>6221.293077</timestamp>
			</report>
			<report>
				<misses>19462001</misses>
				<total>48</total>
				<timestamp>6221.612695</timestamp>
			</report>
			<report>
				<misses>19463001</misses>
				<total>48</total>
				<timestamp>6221.932323</timestamp>
			</report>
			<report>
				<misses>19464001</misses>
				<total>48</total>
				<timestamp>6222.252013</timestamp>
			</report>
			<report>
				<misses>19465001</misses>
				<total>48</total>
				<timestamp>6222.571828</timestamp>
			</report>
			<report>
				<misses>19466001</misses>
				<total>48</total>
				<timestamp>6222.891389</timestamp>
			</report>
			<report>
				<misses>19467001</misses>
				<total>48</total>
				<timestamp>6223.211140</timestamp>
			</report>
			<report>
				<misses>19468001</misses>
				<total>48</total>
				<timestamp>6223.530719</timestamp>
			</report>
			<report>
				<misses>19469001</misses>
				<total>48</total>
				<timestamp>6223.850411</timestamp>
			</report>
			<report>
				<misses>19470001</misses>
				<total>48</total>
				<timestamp>6224.170138</timestamp>
			</report>
			<report>
				<misses>19471001</misses>
				<total>48</total>
				<timestamp>6224.489813</timestamp>
			</report>
			<report>
				<misses>19472001</misses>
				<total>47</total>
				<timestamp>6224.809579</timestamp>
			</report>
			<report>
				<misses>19473001</misses>
				<total>48</total>
				<timestamp>6225.129190</timestamp>
			</report>
			<report>
				<misses>19474001</misses>
				<total>48</total>
				<timestamp>6225.448808</timestamp>
			</report>
			<report>
				<misses>19475001</misses>
				<total>47</total>
				<timestamp>6225.768703</timestamp>
			</report>
			<report>
				<misses>19476001</misses>
				<total>48</total>
				<timestamp>6226.088158</timestamp>
			</report>
			<report>
				<misses>19477001</misses>
				<total>48</total>
				<timestamp>6226.407874</timestamp>
			</report>
			<report>
				<misses>19478001</misses>
				<total>48</total>
				<timestamp>6226.727567</timestamp>
			</report>
			<report>
				<misses>19479001</misses>
				<total>48</total>
				<timestamp>6227.047214</timestamp>
			</report>
			<report>
				<misses>19480001</misses>
				<total>48</total>
				<timestamp>6227.366918</timestamp>
			</report>
			<report>
				<misses>19481001</misses>
				<total>48</total>
				<timestamp>6227.686690</timestamp>
			</report>
			<report>
				<misses>19482001</misses>
				<total>48</total>
				<timestamp>6228.006245</timestamp>
			</report>
			<report>
				<misses>19483001</misses>
				<total>48</total>
				<timestamp>6228.325930</timestamp>
			</report>
			<report>
				<misses>19484001</misses>
				<total>48</total>
				<timestamp>6228.645691</timestamp>
			</report>
			<report>
				<misses>19485001</misses>
				<total>48</total>
				<timestamp>6228.965277</timestamp>
			</report>
			<report>
				<misses>19486001</misses>
				<total>48</total>
				<timestamp>6229.285060</timestamp>
			</report>
			<report>
				<misses>19487001</misses>
				<total>48</total>
				<timestamp>6229.604688</timestamp>
			</report>
			<report>
				<misses>19488001</misses>
				<total>48</total>
				<timestamp>6229.924388</timestamp>
			</report>
			<report>
				<misses>19489001</misses>
				<total>48</total>
				<timestamp>6230.244002</timestamp>
			</report>
			<report>
				<misses>19490001</misses>
				<total>48</total>
				<timestamp>6230.563758</timestamp>
			</report>
			<report>
				<misses>19491001</misses>
				<total>48</total>
				<timestamp>6230.883369</timestamp>
			</report>
			<report>
				<misses>19492001</misses>
				<total>48</total>
				<timestamp>6231.203107</timestamp>
			</report>
			<report>
				<misses>19493001</misses>
				<total>48</total>
				<timestamp>6231.522813</timestamp>
			</report>
			<report>
				<misses>19494001</misses>
				<total>48</total>
				<timestamp>6231.842585</timestamp>
			</report>
			<report>
				<misses>19495001</misses>
				<total>48</total>
				<timestamp>6232.162093</timestamp>
			</report>
			<report>
				<misses>19496001</misses>
				<total>48</total>
				<timestamp>6232.481819</timestamp>
			</report>
			<report>
				<misses>19497001</misses>
				<total>48</total>
				<timestamp>6232.801568</timestamp>
			</report>
			<report>
				<misses>19498001</misses>
				<total>47</total>
				<timestamp>6233.121290</timestamp>
			</report>
			<report>
				<misses>19499001</misses>
				<total>48</total>
				<timestamp>6233.440830</timestamp>
			</report>
			<report>
				<misses>19500001</misses>
				<total>48</total>
				<timestamp>6233.760582</timestamp>
			</report>
			<report>
				<misses>19501001</misses>
				<total>48</total>
				<timestamp>6234.080253</timestamp>
			</report>
			<report>
				<misses>19502001</misses>
				<total>48</total>
				<timestamp>6234.399920</timestamp>
			</report>
			<report>
				<misses>19503001</misses>
				<total>48</total>
				<timestamp>6234.719694</timestamp>
			</report>
			<report>
				<misses>19504001</misses>
				<total>47</total>
				<timestamp>6235.039298</timestamp>
			</report>
			<report>
				<misses>19505001</misses>
				<total>47</total>
				<timestamp>6235.359037</timestamp>
			</report>
			<report>
				<misses>19506001</misses>
				<total>48</total>
				<timestamp>6235.678585</timestamp>
			</report>
			<report>
				<misses>19507001</misses>
				<total>48</total>
				<timestamp>6235.998361</timestamp>
			</report>
			<report>
				<misses>19508001</misses>
				<total>48</total>
				<timestamp>6236.317949</timestamp>
			</report>
			<report>
				<misses>19509001</misses>
				<total>47</total>
				<timestamp>6236.637826</timestamp>
			</report>
			<report>
				<misses>19510001</misses>
				<total>47</total>
				<timestamp>6236.957458</timestamp>
			</report>
			<report>
				<misses>19511001</misses>
				<total>47</total>
				<timestamp>6237.277119</timestamp>
			</report>
			<report>
				<misses>19512001</misses>
				<total>48</total>
				<timestamp>6237.596701</timestamp>
			</report>
			<report>
				<misses>19513001</misses>
				<total>48</total>
				<timestamp>6237.916397</timestamp>
			</report>
			<report>
				<misses>19514001</misses>
				<total>48</total>
				<timestamp>6238.236090</timestamp>
			</report>
			<report>
				<misses>19515001</misses>
				<total>48</total>
				<timestamp>6238.555798</timestamp>
			</report>
			<report>
				<misses>19516001</misses>
				<total>47</total>
				<timestamp>6238.875516</timestamp>
			</report>
			<report>
				<misses>19517001</misses>
				<total>48</total>
				<timestamp>6239.195080</timestamp>
			</report>
			<report>
				<misses>19518001</misses>
				<total>48</total>
				<timestamp>6239.514821</timestamp>
			</report>
			<report>
				<misses>19519001</misses>
				<total>48</total>
				<timestamp>6239.834473</timestamp>
			</report>
			<report>
				<misses>19520001</misses>
				<total>48</total>
				<timestamp>6240.154190</timestamp>
			</report>
			<report>
				<misses>19521001</misses>
				<total>47</total>
				<timestamp>6240.473941</timestamp>
			</report>
			<report>
				<misses>19522001</misses>
				<total>48</total>
				<timestamp>6240.793443</timestamp>
			</report>
			<report>
				<misses>19523001</misses>
				<total>48</total>
				<timestamp>6241.113156</timestamp>
			</report>
			<report>
				<misses>19524001</misses>
				<total>48</total>
				<timestamp>6241.432940</timestamp>
			</report>
			<report>
				<misses>19525001</misses>
				<total>48</total>
				<timestamp>6241.752579</timestamp>
			</report>
			<report>
				<misses>19526001</misses>
				<total>48</total>
				<timestamp>6242.072214</timestamp>
			</report>
			<report>
				<misses>19527001</misses>
				<total>48</total>
				<timestamp>6242.391933</timestamp>
			</report>
			<report>
				<misses>19528001</misses>
				<total>48</total>
				<timestamp>6242.711620</timestamp>
			</report>
			<report>
				<misses>19529001</misses>
				<total>48</total>
				<timestamp>6243.031271</timestamp>
			</report>
			<report>
				<misses>19530001</misses>
				<total>48</total>
				<timestamp>6243.350980</timestamp>
			</report>
			<report>
				<misses>19531001</misses>
				<total>48</total>
				<timestamp>6243.670622</timestamp>
			</report>
			<report>
				<misses>19532001</misses>
				<total>48</total>
				<timestamp>6243.990291</timestamp>
			</report>
			<report>
				<misses>19533001</misses>
				<total>48</total>
				<timestamp>6244.310000</timestamp>
			</report>
			<report>
				<misses>19534001</misses>
				<total>48</total>
				<timestamp>6244.629664</timestamp>
			</report>
			<report>
				<misses>19535001</misses>
				<total>48</total>
				<timestamp>6244.949277</timestamp>
			</report>
			<report>
				<misses>19536001</misses>
				<total>48</total>
				<timestamp>6245.269040</timestamp>
			</report>
			<report>
				<misses>19537001</misses>
				<total>48</total>
				<timestamp>6245.588669</timestamp>
			</report>
			<report>
				<misses>19538001</misses>
				<total>48</total>
				<timestamp>6245.908343</timestamp>
			</report>
			<report>
				<misses>19539001</misses>
				<total>47</total>
				<timestamp>6246.228224</timestamp>
			</report>
			<report>
				<misses>19540001</misses>
				<total>48</total>
				<timestamp>6246.547826</timestamp>
			</report>
			<report>
				<misses>19541001</misses>
				<total>48</total>
				<timestamp>6246.867403</timestamp>
			</report>
			<report>
				<misses>19542001</misses>
				<total>48</total>
				<timestamp>6247.187051</timestamp>
			</report>
			<report>
				<misses>19543001</misses>
				<total>48</total>
				<timestamp>6247.506759</timestamp>
			</report>
			<report>
				<misses>19544001</misses>
				<total>48</total>
				<timestamp>6247.826580</timestamp>
			</report>
			<report>
				<misses>19545001</misses>
				<total>48</total>
				<timestamp>6248.146208</timestamp>
			</report>
			<report>
				<misses>19546001</misses>
				<total>48</total>
				<timestamp>6248.465956</timestamp>
			</report>
			<report>
				<misses>19547001</misses>
				<total>48</total>
				<timestamp>6248.785563</timestamp>
			</report>
			<report>
				<misses>19548001</misses>
				<total>48</total>
				<timestamp>6249.105158</timestamp>
			</report>
			<report>
				<misses>19549001</misses>
				<total>48</total>
				<timestamp>6249.424935</timestamp>
			</report>
			<report>
				<misses>19550001</misses>
				<total>48</total>
				<timestamp>6249.744629</timestamp>
			</report>
			<report>
				<misses>19551001</misses>
				<total>48</total>
				<timestamp>6250.064174</timestamp>
			</report>
			<report>
				<misses>19552001</misses>
				<total>48</total>
				<timestamp>6250.383894</timestamp>
			</report>
			<report>
				<misses>19553001</misses>
				<total>48</total>
				<timestamp>6250.703577</timestamp>
			</report>
			<report>
				<misses>19554001</misses>
				<total>48</total>
				<timestamp>6251.023194</timestamp>
			</report>
			<report>
				<misses>19555001</misses>
				<total>48</total>
				<timestamp>6251.342890</timestamp>
			</report>
			<report>
				<misses>19556001</misses>
				<total>48</total>
				<timestamp>6251.662609</timestamp>
			</report>
			<report>
				<misses>19557001</misses>
				<total>48</total>
				<timestamp>6251.982312</timestamp>
			</report>
			<report>
				<misses>19558001</misses>
				<total>48</total>
				<timestamp>6252.301947</timestamp>
			</report>
			<report>
				<misses>19559001</misses>
				<total>48</total>
				<timestamp>6252.621630</timestamp>
			</report>
			<report>
				<misses>19560001</misses>
				<total>48</total>
				<timestamp>6252.941336</timestamp>
			</report>
			<report>
				<misses>19561001</misses>
				<total>48</total>
				<timestamp>6253.261015</timestamp>
			</report>
			<report>
				<misses>19562001</misses>
				<total>48</total>
				<timestamp>6253.580645</timestamp>
			</report>
			<report>
				<misses>19563001</misses>
				<total>48</total>
				<timestamp>6253.900422</timestamp>
			</report>
			<report>
				<misses>19564001</misses>
				<total>48</total>
				<timestamp>6254.220021</timestamp>
			</report>
			<report>
				<misses>19565001</misses>
				<total>48</total>
				<timestamp>6254.539810</timestamp>
			</report>
			<report>
				<misses>19566001</misses>
				<total>48</total>
				<timestamp>6254.859369</timestamp>
			</report>
			<report>
				<misses>19567001</misses>
				<total>48</total>
				<timestamp>6255.179038</timestamp>
			</report>
			<report>
				<misses>19568001</misses>
				<total>48</total>
				<timestamp>6255.498871</timestamp>
			</report>
			<report>
				<misses>19569001</misses>
				<total>48</total>
				<timestamp>6255.818425</timestamp>
			</report>
			<report>
				<misses>19570001</misses>
				<total>48</total>
				<timestamp>6256.138136</timestamp>
			</report>
			<report>
				<misses>19571001</misses>
				<total>47</total>
				<timestamp>6256.457968</timestamp>
			</report>
			<report>
				<misses>19572001</misses>
				<total>48</total>
				<timestamp>6256.777566</timestamp>
			</report>
			<report>
				<misses>19573001</misses>
				<total>48</total>
				<timestamp>6257.097116</timestamp>
			</report>
			<report>
				<misses>19574001</misses>
				<total>48</total>
				<timestamp>6257.416969</timestamp>
			</report>
			<report>
				<misses>19575001</misses>
				<total>48</total>
				<timestamp>6257.736563</timestamp>
			</report>
			<report>
				<misses>19576001</misses>
				<total>47</total>
				<timestamp>6258.056266</timestamp>
			</report>
			<report>
				<misses>19577001</misses>
				<total>48</total>
				<timestamp>6258.375955</timestamp>
			</report>
			<report>
				<misses>19578001</misses>
				<total>48</total>
				<timestamp>6258.695706</timestamp>
			</report>
			<report>
				<misses>19579001</misses>
				<total>48</total>
				<timestamp>6259.015225</timestamp>
			</report>
			<report>
				<misses>19580001</misses>
				<total>48</total>
				<timestamp>6259.334943</timestamp>
			</report>
			<report>
				<misses>19581001</misses>
				<total>48</total>
				<timestamp>6259.654642</timestamp>
			</report>
			<report>
				<misses>19582001</misses>
				<total>47</total>
				<timestamp>6259.974367</timestamp>
			</report>
			<report>
				<misses>19583001</misses>
				<total>48</total>
				<timestamp>6260.293955</timestamp>
			</report>
			<report>
				<misses>19584001</misses>
				<total>48</total>
				<timestamp>6260.613601</timestamp>
			</report>
			<report>
				<misses>19585001</misses>
				<total>48</total>
				<timestamp>6260.933349</timestamp>
			</report>
			<report>
				<misses>19586001</misses>
				<total>48</total>
				<timestamp>6261.252995</timestamp>
			</report>
			<report>
				<misses>19587001</misses>
				<total>48</total>
				<timestamp>6261.572695</timestamp>
			</report>
			<report>
				<misses>19588001</misses>
				<total>48</total>
				<timestamp>6261.892423</timestamp>
			</report>
			<report>
				<misses>19589001</misses>
				<total>47</total>
				<timestamp>6262.212129</timestamp>
			</report>
			<report>
				<misses>19590001</misses>
				<total>48</total>
				<timestamp>6262.531790</timestamp>
			</report>
			<report>
				<misses>19591001</misses>
				<total>48</total>
				<timestamp>6262.851400</timestamp>
			</report>
			<report>
				<misses>19592001</misses>
				<total>48</total>
				<timestamp>6263.171118</timestamp>
			</report>
			<report>
				<misses>19593001</misses>
				<total>48</total>
				<timestamp>6263.490741</timestamp>
			</report>
			<report>
				<misses>19594001</misses>
				<total>48</total>
				<timestamp>6263.810418</timestamp>
			</report>
			<report>
				<misses>19595001</misses>
				<total>48</total>
				<timestamp>6264.130076</timestamp>
			</report>
			<report>
				<misses>19596001</misses>
				<total>48</total>
				<timestamp>6264.449780</timestamp>
			</report>
			<report>
				<misses>19597001</misses>
				<total>48</total>
				<timestamp>6264.769514</timestamp>
			</report>
			<report>
				<misses>19598001</misses>
				<total>48</total>
				<timestamp>6265.089124</timestamp>
			</report>
			<report>
				<misses>19599001</misses>
				<total>48</total>
				<timestamp>6265.408839</timestamp>
			</report>
			<report>
				<misses>19600001</misses>
				<total>48</total>
				<timestamp>6265.728525</timestamp>
			</report>
			<report>
				<misses>19601001</misses>
				<total>48</total>
				<timestamp>6266.048214</timestamp>
			</report>
			<report>
				<misses>19602001</misses>
				<total>48</total>
				<timestamp>6266.367927</timestamp>
			</report>
			<report>
				<misses>19603001</misses>
				<total>48</total>
				<timestamp>6266.687531</timestamp>
			</report>
			<report>
				<misses>19604001</misses>
				<total>48</total>
				<timestamp>6267.007309</timestamp>
			</report>
			<report>
				<misses>19605001</misses>
				<total>48</total>
				<timestamp>6267.326922</timestamp>
			</report>
			<report>
				<misses>19606001</misses>
				<total>48</total>
				<timestamp>6267.646600</timestamp>
			</report>
			<report>
				<misses>19607001</misses>
				<total>48</total>
				<timestamp>6267.966241</timestamp>
			</report>
			<report>
				<misses>19608001</misses>
				<total>48</total>
				<timestamp>6268.285946</timestamp>
			</report>
			<report>
				<misses>19609001</misses>
				<total>48</total>
				<timestamp>6268.605802</timestamp>
			</report>
			<report>
				<misses>19610001</misses>
				<total>48</total>
				<timestamp>6268.925291</timestamp>
			</report>
			<report>
				<misses>19611001</misses>
				<total>48</total>
				<timestamp>6269.245011</timestamp>
			</report>
			<report>
				<misses>19612001</misses>
				<total>48</total>
				<timestamp>6269.564745</timestamp>
			</report>
			<report>
				<misses>19613001</misses>
				<total>48</total>
				<timestamp>6269.884418</timestamp>
			</report>
			<report>
				<misses>19614001</misses>
				<total>48</total>
				<timestamp>6270.204074</timestamp>
			</report>
			<report>
				<misses>19615001</misses>
				<total>48</total>
				<timestamp>6270.523731</timestamp>
			</report>
			<report>
				<misses>19616001</misses>
				<total>48</total>
				<timestamp>6270.843418</timestamp>
			</report>
			<report>
				<misses>19617001</misses>
				<total>48</total>
				<timestamp>6271.163094</timestamp>
			</report>
			<report>
				<misses>19618001</misses>
				<total>48</total>
				<timestamp>6271.482786</timestamp>
			</report>
			<report>
				<misses>19619001</misses>
				<total>48</total>
				<timestamp>6271.802419</timestamp>
			</report>
			<report>
				<misses>19620001</misses>
				<total>48</total>
				<timestamp>6272.122197</timestamp>
			</report>
			<report>
				<misses>19621001</misses>
				<total>48</total>
				<timestamp>6272.441768</timestamp>
			</report>
			<report>
				<misses>19622001</misses>
				<total>48</total>
				<timestamp>6272.761492</timestamp>
			</report>
			<report>
				<misses>19623001</misses>
				<total>48</total>
				<timestamp>6273.081149</timestamp>
			</report>
			<report>
				<misses>19624001</misses>
				<total>48</total>
				<timestamp>6273.400891</timestamp>
			</report>
			<report>
				<misses>19625001</misses>
				<total>48</total>
				<timestamp>6273.720560</timestamp>
			</report>
			<report>
				<misses>19626001</misses>
				<total>47</total>
				<timestamp>6274.040267</timestamp>
			</report>
			<report>
				<misses>19627001</misses>
				<total>48</total>
				<timestamp>6274.359947</timestamp>
			</report>
			<report>
				<misses>19628001</misses>
				<total>48</total>
				<timestamp>6274.679570</timestamp>
			</report>
			<report>
				<misses>19629001</misses>
				<total>48</total>
				<timestamp>6274.999196</timestamp>
			</report>
			<report>
				<misses>19630001</misses>
				<total>47</total>
				<timestamp>6275.318987</timestamp>
			</report>
			<report>
				<misses>19631001</misses>
				<total>48</total>
				<timestamp>6275.638687</timestamp>
			</report>
			<report>
				<misses>19632001</misses>
				<total>48</total>
				<timestamp>6275.958344</timestamp>
			</report>
			<report>
				<misses>19633001</misses>
				<total>48</total>
				<timestamp>6276.277935</timestamp>
			</report>
			<report>
				<misses>19634001</misses>
				<total>48</total>
				<timestamp>6276.597692</timestamp>
			</report>
			<report>
				<misses>19635001</misses>
				<total>48</total>
				<timestamp>6276.917313</timestamp>
			</report>
			<report>
				<misses>19636001</misses>
				<total>48</total>
				<timestamp>6277.236975</timestamp>
			</report>
			<report>
				<misses>19637001</misses>
				<total>48</total>
				<timestamp>6277.556706</timestamp>
			</report>
			<report>
				<misses>19638001</misses>
				<total>48</total>
				<timestamp>6277.876360</timestamp>
			</report>
			<report>
				<misses>19639001</misses>
				<total>48</total>
				<timestamp>6278.196025</timestamp>
			</report>
			<report>
				<misses>19640001</misses>
				<total>48</total>
				<timestamp>6278.515792</timestamp>
			</report>
			<report>
				<misses>19641001</misses>
				<total>48</total>
				<timestamp>6278.835401</timestamp>
			</report>
			<report>
				<misses>19642001</misses>
				<total>48</total>
				<timestamp>6279.155061</timestamp>
			</report>
			<report>
				<misses>19643001</misses>
				<total>48</total>
				<timestamp>6279.474790</timestamp>
			</report>
			<report>
				<misses>19644001</misses>
				<total>48</total>
				<timestamp>6279.794453</timestamp>
			</report>
			<report>
				<misses>19645001</misses>
				<total>48</total>
				<timestamp>6280.114112</timestamp>
			</report>
			<report>
				<misses>19646001</misses>
				<total>47</total>
				<timestamp>6280.433958</timestamp>
			</report>
			<report>
				<misses>19647001</misses>
				<total>48</total>
				<timestamp>6280.753518</timestamp>
			</report>
			<report>
				<misses>19648001</misses>
				<total>48</total>
				<timestamp>6281.073118</timestamp>
			</report>
			<report>
				<misses>19649001</misses>
				<total>48</total>
				<timestamp>6281.392944</timestamp>
			</report>
			<report>
				<misses>19650001</misses>
				<total>47</total>
				<timestamp>6281.712588</timestamp>
			</report>
			<report>
				<misses>19651001</misses>
				<total>48</total>
				<timestamp>6282.032200</timestamp>
			</report>
			<report>
				<misses>19652001</misses>
				<total>48</total>
				<timestamp>6282.351967</timestamp>
			</report>
			<report>
				<misses>19653001</misses>
				<total>48</total>
				<timestamp>6282.671578</timestamp>
			</report>
			<report>
				<misses>19654001</misses>
				<total>48</total>
				<timestamp>6282.991268</timestamp>
			</report>
			<report>
				<misses>19655001</misses>
				<total>48</total>
				<timestamp>6283.310955</timestamp>
			</report>
			<report>
				<misses>19656001</misses>
				<total>48</total>
				<timestamp>6283.630672</timestamp>
			</report>
			<report>
				<misses>19657001</misses>
				<total>48</total>
				<timestamp>6283.950288</timestamp>
			</report>
			<report>
				<misses>19658001</misses>
				<total>48</total>
				<timestamp>6284.269968</timestamp>
			</report>
			<report>
				<misses>19659001</misses>
				<total>47</total>
				<timestamp>6284.589746</timestamp>
			</report>
			<report>
				<misses>19660001</misses>
				<total>48</total>
				<timestamp>6284.909381</timestamp>
			</report>
			<report>
				<misses>19661001</misses>
				<total>48</total>
				<timestamp>6285.229069</timestamp>
			</report>
			<report>
				<misses>19662001</misses>
				<total>48</total>
				<timestamp>6285.548829</timestamp>
			</report>
			<report>
				<misses>19663001</misses>
				<total>48</total>
				<timestamp>6285.868341</timestamp>
			</report>
			<report>
				<misses>19664001</misses>
				<total>48</total>
				<timestamp>6286.188007</timestamp>
			</report>
			<report>
				<misses>19665001</misses>
				<total>48</total>
				<timestamp>6286.507709</timestamp>
			</report>
			<report>
				<misses>19666001</misses>
				<total>48</total>
				<timestamp>6286.827392</timestamp>
			</report>
			<report>
				<misses>19667001</misses>
				<total>48</total>
				<timestamp>6287.147100</timestamp>
			</report>
			<report>
				<misses>19668001</misses>
				<total>48</total>
				<timestamp>6287.466758</timestamp>
			</report>
			<report>
				<misses>19669001</misses>
				<total>48</total>
				<timestamp>6287.786419</timestamp>
			</report>
			<report>
				<misses>19670001</misses>
				<total>48</total>
				<timestamp>6288.106112</timestamp>
			</report>
			<report>
				<misses>19671001</misses>
				<total>48</total>
				<timestamp>6288.425818</timestamp>
			</report>
			<report>
				<misses>19672001</misses>
				<total>48</total>
				<timestamp>6288.745582</timestamp>
			</report>
			<report>
				<misses>19673001</misses>
				<total>48</total>
				<timestamp>6289.065184</timestamp>
			</report>
			<report>
				<misses>19674001</misses>
				<total>47</total>
				<timestamp>6289.384930</timestamp>
			</report>
			<report>
				<misses>19675001</misses>
				<total>48</total>
				<timestamp>6289.704525</timestamp>
			</report>
			<report>
				<misses>19676001</misses>
				<total>48</total>
				<timestamp>6290.024241</timestamp>
			</report>
			<report>
				<misses>19677001</misses>
				<total>48</total>
				<timestamp>6290.343890</timestamp>
			</report>
			<report>
				<misses>19678001</misses>
				<total>48</total>
				<timestamp>6290.663579</timestamp>
			</report>
			<report>
				<misses>19679001</misses>
				<total>48</total>
				<timestamp>6290.983255</timestamp>
			</report>
			<report>
				<misses>19680001</misses>
				<total>48</total>
				<timestamp>6291.302915</timestamp>
			</report>
			<report>
				<misses>19681001</misses>
				<total>48</total>
				<timestamp>6291.622614</timestamp>
			</report>
			<report>
				<misses>19682001</misses>
				<total>48</total>
				<timestamp>6291.942285</timestamp>
			</report>
			<report>
				<misses>19683001</misses>
				<total>48</total>
				<timestamp>6292.261948</timestamp>
			</report>
			<report>
				<misses>19684001</misses>
				<total>47</total>
				<timestamp>6292.581702</timestamp>
			</report>
			<report>
				<misses>19685001</misses>
				<total>48</total>
				<timestamp>6292.901387</timestamp>
			</report>
			<report>
				<misses>19686001</misses>
				<total>48</total>
				<timestamp>6293.221050</timestamp>
			</report>
			<report>
				<misses>19687001</misses>
				<total>48</total>
				<timestamp>6293.540657</timestamp>
			</report>
			<report>
				<misses>19688001</misses>
				<total>48</total>
				<timestamp>6293.860472</timestamp>
			</report>
			<report>
				<misses>19689001</misses>
				<total>48</total>
				<timestamp>6294.180060</timestamp>
			</report>
			<report>
				<misses>19690001</misses>
				<total>48</total>
				<timestamp>6294.499868</timestamp>
			</report>
			<report>
				<misses>19691001</misses>
				<total>48</total>
				<timestamp>6294.819403</timestamp>
			</report>
			<report>
				<misses>19692001</misses>
				<total>48</total>
				<timestamp>6295.139043</timestamp>
			</report>
			<report>
				<misses>19693001</misses>
				<total>48</total>
				<timestamp>6295.458796</timestamp>
			</report>
			<report>
				<misses>19694001</misses>
				<total>47</total>
				<timestamp>6295.778560</timestamp>
			</report>
			<report>
				<misses>19695001</misses>
				<total>48</total>
				<timestamp>6296.098075</timestamp>
			</report>
			<report>
				<misses>19696001</misses>
				<total>48</total>
				<timestamp>6296.417822</timestamp>
			</report>
			<report>
				<misses>19697001</misses>
				<total>48</total>
				<timestamp>6296.737437</timestamp>
			</report>
			<report>
				<misses>19698001</misses>
				<total>47</total>
				<timestamp>6297.057232</timestamp>
			</report>
			<report>
				<misses>19699001</misses>
				<total>48</total>
				<timestamp>6297.376863</timestamp>
			</report>
			<report>
				<misses>19700001</misses>
				<total>48</total>
				<timestamp>6297.696566</timestamp>
			</report>
			<report>
				<misses>19701001</misses>
				<total>48</total>
				<timestamp>6298.016241</timestamp>
			</report>
			<report>
				<misses>19702001</misses>
				<total>48</total>
				<timestamp>6298.335947</timestamp>
			</report>
			<report>
				<misses>19703001</misses>
				<total>48</total>
				<timestamp>6298.655566</timestamp>
			</report>
			<report>
				<misses>19704001</misses>
				<total>47</total>
				<timestamp>6298.975324</timestamp>
			</report>
			<report>
				<misses>19705001</misses>
				<total>47</total>
				<timestamp>6299.294983</timestamp>
			</report>
			<report>
				<misses>19706001</misses>
				<total>47</total>
				<timestamp>6299.614714</timestamp>
			</report>
			<report>
				<misses>19707001</misses>
				<total>48</total>
				<timestamp>6299.934348</timestamp>
			</report>
			<report>
				<misses>19708001</misses>
				<total>48</total>
				<timestamp>6300.253949</timestamp>
			</report>
			<report>
				<misses>19709001</misses>
				<total>48</total>
				<timestamp>6300.573603</timestamp>
			</report>
			<report>
				<misses>19710001</misses>
				<total>48</total>
				<timestamp>6300.893320</timestamp>
			</report>
			<report>
				<misses>19711001</misses>
				<total>47</total>
				<timestamp>6301.213070</timestamp>
			</report>
			<report>
				<misses>19712001</misses>
				<total>48</total>
				<timestamp>6301.532699</timestamp>
			</report>
			<report>
				<misses>19713001</misses>
				<total>48</total>
				<timestamp>6301.852371</timestamp>
			</report>
			<report>
				<misses>19714001</misses>
				<total>48</total>
				<timestamp>6302.171998</timestamp>
			</report>
			<report>
				<misses>19715001</misses>
				<total>47</total>
				<timestamp>6302.491966</timestamp>
			</report>
			<report>
				<misses>19716001</misses>
				<total>47</total>
				<timestamp>6302.811586</timestamp>
			</report>
			<report>
				<misses>19717001</misses>
				<total>48</total>
				<timestamp>6303.131050</timestamp>
			</report>
			<report>
				<misses>19718001</misses>
				<total>48</total>
				<timestamp>6303.450804</timestamp>
			</report>
			<report>
				<misses>19719001</misses>
				<total>48</total>
				<timestamp>6303.770397</timestamp>
			</report>
			<report>
				<misses>19720001</misses>
				<total>48</total>
				<timestamp>6304.090170</timestamp>
			</report>
			<report>
				<misses>19721001</misses>
				<total>48</total>
				<timestamp>6304.409819</timestamp>
			</report>
			<report>
				<misses>19722001</misses>
				<total>48</total>
				<timestamp>6304.729490</timestamp>
			</report>
			<report>
				<misses>19723001</misses>
				<total>48</total>
				<timestamp>6305.049157</timestamp>
			</report>
			<report>
				<misses>19724001</misses>
				<total>48</total>
				<timestamp>6305.368812</timestamp>
			</report>
			<report>
				<misses>19725001</misses>
				<total>48</total>
				<timestamp>6305.688535</timestamp>
			</report>
			<report>
				<misses>19726001</misses>
				<total>48</total>
				<timestamp>6306.008222</timestamp>
			</report>
			<report>
				<misses>19727001</misses>
				<total>48</total>
				<timestamp>6306.327885</timestamp>
			</report>
			<report>
				<misses>19728001</misses>
				<total>47</total>
				<timestamp>6306.647619</timestamp>
			</report>
			<report>
				<misses>19729001</misses>
				<total>48</total>
				<timestamp>6306.967246</timestamp>
			</report>
			<report>
				<misses>19730001</misses>
				<total>48</total>
				<timestamp>6307.286953</timestamp>
			</report>
			<report>
				<misses>19731001</misses>
				<total>48</total>
				<timestamp>6307.606589</timestamp>
			</report>
			<report>
				<misses>19732001</misses>
				<total>48</total>
				<timestamp>6307.926266</timestamp>
			</report>
			<report>
				<misses>19733001</misses>
				<total>48</total>
				<timestamp>6308.245985</timestamp>
			</report>
			<report>
				<misses>19734001</misses>
				<total>48</total>
				<timestamp>6308.565632</timestamp>
			</report>
			<report>
				<misses>19735001</misses>
				<total>48</total>
				<timestamp>6308.885292</timestamp>
			</report>
			<report>
				<misses>19736001</misses>
				<total>48</total>
				<timestamp>6309.205043</timestamp>
			</report>
			<report>
				<misses>19737001</misses>
				<total>48</total>
				<timestamp>6309.524719</timestamp>
			</report>
			<report>
				<misses>19738001</misses>
				<total>48</total>
				<timestamp>6309.844332</timestamp>
			</report>
			<report>
				<misses>19739001</misses>
				<total>47</total>
				<timestamp>6310.164168</timestamp>
			</report>
			<report>
				<misses>19740001</misses>
				<total>48</total>
				<timestamp>6310.483795</timestamp>
			</report>
			<report>
				<misses>19741001</misses>
				<total>48</total>
				<timestamp>6310.803366</timestamp>
			</report>
			<report>
				<misses>19742001</misses>
				<total>48</total>
				<timestamp>6311.123072</timestamp>
			</report>
			<report>
				<misses>19743001</misses>
				<total>48</total>
				<timestamp>6311.442819</timestamp>
			</report>
			<report>
				<misses>19744001</misses>
				<total>48</total>
				<timestamp>6311.762423</timestamp>
			</report>
			<report>
				<misses>19745001</misses>
				<total>48</total>
				<timestamp>6312.082146</timestamp>
			</report>
			<report>
				<misses>19746001</misses>
				<total>48</total>
				<timestamp>6312.401952</timestamp>
			</report>
			<report>
				<misses>19747001</misses>
				<total>48</total>
				<timestamp>6312.721477</timestamp>
			</report>
			<report>
				<misses>19748001</misses>
				<total>48</total>
				<timestamp>6313.041127</timestamp>
			</report>
			<report>
				<misses>19749001</misses>
				<total>48</total>
				<timestamp>6313.360954</timestamp>
			</report>
			<report>
				<misses>19750001</misses>
				<total>48</total>
				<timestamp>6313.680564</timestamp>
			</report>
			<report>
				<misses>19751001</misses>
				<total>48</total>
				<timestamp>6314.000197</timestamp>
			</report>
			<report>
				<misses>19752001</misses>
				<total>47</total>
				<timestamp>6314.319970</timestamp>
			</report>
			<report>
				<misses>19753001</misses>
				<total>48</total>
				<timestamp>6314.639579</timestamp>
			</report>
			<report>
				<misses>19754001</misses>
				<total>47</total>
				<timestamp>6314.959301</timestamp>
			</report>
			<report>
				<misses>19755001</misses>
				<total>48</total>
				<timestamp>6315.278920</timestamp>
			</report>
			<report>
				<misses>19756001</misses>
				<total>47</total>
				<timestamp>6315.598720</timestamp>
			</report>
			<report>
				<misses>19757001</misses>
				<total>48</total>
				<timestamp>6315.918282</timestamp>
			</report>
			<report>
				<misses>19758001</misses>
				<total>48</total>
				<timestamp>6316.237980</timestamp>
			</report>
			<report>
				<misses>19759001</misses>
				<total>48</total>
				<timestamp>6316.557649</timestamp>
			</report>
			<report>
				<misses>19760001</misses>
				<total>48</total>
				<timestamp>6316.877275</timestamp>
			</report>
			<report>
				<misses>19761001</misses>
				<total>48</total>
				<timestamp>6317.197046</timestamp>
			</report>
			<report>
				<misses>19762001</misses>
				<total>48</total>
				<timestamp>6317.516680</timestamp>
			</report>
			<report>
				<misses>19763001</misses>
				<total>48</total>
				<timestamp>6317.836373</timestamp>
			</report>
			<report>
				<misses>19764001</misses>
				<total>48</total>
				<timestamp>6318.156068</timestamp>
			</report>
			<report>
				<misses>19765001</misses>
				<total>48</total>
				<timestamp>6318.475696</timestamp>
			</report>
			<report>
				<misses>19766001</misses>
				<total>48</total>
				<timestamp>6318.795378</timestamp>
			</report>
			<report>
				<misses>19767001</misses>
				<total>48</total>
				<timestamp>6319.115104</timestamp>
			</report>
			<report>
				<misses>19768001</misses>
				<total>48</total>
				<timestamp>6319.434856</timestamp>
			</report>
			<report>
				<misses>19769001</misses>
				<total>48</total>
				<timestamp>6319.754483</timestamp>
			</report>
			<report>
				<misses>19770001</misses>
				<total>48</total>
				<timestamp>6320.074129</timestamp>
			</report>
			<report>
				<misses>19771001</misses>
				<total>48</total>
				<timestamp>6320.393793</timestamp>
			</report>
			<report>
				<misses>19772001</misses>
				<total>48</total>
				<timestamp>6320.713548</timestamp>
			</report>
			<report>
				<misses>19773001</misses>
				<total>48</total>
				<timestamp>6321.033144</timestamp>
			</report>
			<report>
				<misses>19774001</misses>
				<total>48</total>
				<timestamp>6321.352835</timestamp>
			</report>
			<report>
				<misses>19775001</misses>
				<total>48</total>
				<timestamp>6321.672517</timestamp>
			</report>
			<report>
				<misses>19776001</misses>
				<total>48</total>
				<timestamp>6321.992200</timestamp>
			</report>
			<report>
				<misses>19777001</misses>
				<total>48</total>
				<timestamp>6322.311873</timestamp>
			</report>
			<report>
				<misses>19778001</misses>
				<total>48</total>
				<timestamp>6322.631581</timestamp>
			</report>
			<report>
				<misses>19779001</misses>
				<total>48</total>
				<timestamp>6322.951280</timestamp>
			</report>
			<report>
				<misses>19780001</misses>
				<total>48</total>
				<timestamp>6323.270959</timestamp>
			</report>
			<report>
				<misses>19781001</misses>
				<total>48</total>
				<timestamp>6323.590568</timestamp>
			</report>
			<report>
				<misses>19782001</misses>
				<total>48</total>
				<timestamp>6323.910319</timestamp>
			</report>
			<report>
				<misses>19783001</misses>
				<total>48</total>
				<timestamp>6324.230029</timestamp>
			</report>
			<report>
				<misses>19784001</misses>
				<total>48</total>
				<timestamp>6324.549651</timestamp>
			</report>
			<report>
				<misses>19785001</misses>
				<total>48</total>
				<timestamp>6324.869332</timestamp>
			</report>
			<report>
				<misses>19786001</misses>
				<total>48</total>
				<timestamp>6325.188995</timestamp>
			</report>
			<report>
				<misses>19787001</misses>
				<total>48</total>
				<timestamp>6325.508744</timestamp>
			</report>
			<report>
				<misses>19788001</misses>
				<total>48</total>
				<timestamp>6325.828361</timestamp>
			</report>
			<report>
				<misses>19789001</misses>
				<total>48</total>
				<timestamp>6326.148071</timestamp>
			</report>
			<report>
				<misses>19790001</misses>
				<total>48</total>
				<timestamp>6326.467699</timestamp>
			</report>
			<report>
				<misses>19791001</misses>
				<total>48</total>
				<timestamp>6326.787430</timestamp>
			</report>
			<report>
				<misses>19792001</misses>
				<total>48</total>
				<timestamp>6327.107161</timestamp>
			</report>
			<report>
				<misses>19793001</misses>
				<total>48</total>
				<timestamp>6327.426727</timestamp>
			</report>
			<report>
				<misses>19794001</misses>
				<total>48</total>
				<timestamp>6327.746473</timestamp>
			</report>
			<report>
				<misses>19795001</misses>
				<total>48</total>
				<timestamp>6328.066102</timestamp>
			</report>
			<report>
				<misses>19796001</misses>
				<total>48</total>
				<timestamp>6328.385937</timestamp>
			</report>
			<report>
				<misses>19797001</misses>
				<total>48</total>
				<timestamp>6328.705488</timestamp>
			</report>
			<report>
				<misses>19798001</misses>
				<total>48</total>
				<timestamp>6329.025141</timestamp>
			</report>
			<report>
				<misses>19799001</misses>
				<total>48</total>
				<timestamp>6329.344874</timestamp>
			</report>
			<report>
				<misses>19800001</misses>
				<total>48</total>
				<timestamp>6329.664576</timestamp>
			</report>
			<report>
				<misses>19801001</misses>
				<total>48</total>
				<timestamp>6329.984178</timestamp>
			</report>
			<report>
				<misses>19802001</misses>
				<total>48</total>
				<timestamp>6330.303855</timestamp>
			</report>
			<report>
				<misses>19803001</misses>
				<total>48</total>
				<timestamp>6330.623658</timestamp>
			</report>
			<report>
				<misses>19804001</misses>
				<total>48</total>
				<timestamp>6330.943209</timestamp>
			</report>
			<report>
				<misses>19805001</misses>
				<total>48</total>
				<timestamp>6331.262984</timestamp>
			</report>
			<report>
				<misses>19806001</misses>
				<total>47</total>
				<timestamp>6331.582667</timestamp>
			</report>
			<report>
				<misses>19807001</misses>
				<total>48</total>
				<timestamp>6331.902261</timestamp>
			</report>
			<report>
				<misses>19808001</misses>
				<total>48</total>
				<timestamp>6332.221977</timestamp>
			</report>
			<report>
				<misses>19809001</misses>
				<total>48</total>
				<timestamp>6332.541644</timestamp>
			</report>
			<report>
				<misses>19810001</misses>
				<total>48</total>
				<timestamp>6332.861277</timestamp>
			</report>
			<report>
				<misses>19811001</misses>
				<total>48</total>
				<timestamp>6333.181030</timestamp>
			</report>
			<report>
				<misses>19812001</misses>
				<total>48</total>
				<timestamp>6333.500721</timestamp>
			</report>
			<report>
				<misses>19813001</misses>
				<total>48</total>
				<timestamp>6333.820407</timestamp>
			</report>
			<report>
				<misses>19814001</misses>
				<total>48</total>
				<timestamp>6334.140034</timestamp>
			</report>
			<report>
				<misses>19815001</misses>
				<total>48</total>
				<timestamp>6334.459682</timestamp>
			</report>
			<report>
				<misses>19816001</misses>
				<total>48</total>
				<timestamp>6334.779389</timestamp>
			</report>
			<report>
				<misses>19817001</misses>
				<total>47</total>
				<timestamp>6335.099140</timestamp>
			</report>
			<report>
				<misses>19818001</misses>
				<total>48</total>
				<timestamp>6335.418788</timestamp>
			</report>
			<report>
				<misses>19819001</misses>
				<total>48</total>
				<timestamp>6335.738481</timestamp>
			</report>
			<report>
				<misses>19820001</misses>
				<total>48</total>
				<timestamp>6336.058233</timestamp>
			</report>
			<report>
				<misses>19821001</misses>
				<total>48</total>
				<timestamp>6336.377836</timestamp>
			</report>
			<report>
				<misses>19822001</misses>
				<total>48</total>
				<timestamp>6336.697444</timestamp>
			</report>
			<report>
				<misses>19823001</misses>
				<total>48</total>
				<timestamp>6337.017119</timestamp>
			</report>
			<report>
				<misses>19824001</misses>
				<total>48</total>
				<timestamp>6337.336827</timestamp>
			</report>
			<report>
				<misses>19825001</misses>
				<total>48</total>
				<timestamp>6337.656582</timestamp>
			</report>
			<report>
				<misses>19826001</misses>
				<total>48</total>
				<timestamp>6337.976173</timestamp>
			</report>
			<report>
				<misses>19827001</misses>
				<total>48</total>
				<timestamp>6338.295918</timestamp>
			</report>
			<report>
				<misses>19828001</misses>
				<total>47</total>
				<timestamp>6338.615615</timestamp>
			</report>
			<report>
				<misses>19829001</misses>
				<total>48</total>
				<timestamp>6338.935210</timestamp>
			</report>
			<report>
				<misses>19830001</misses>
				<total>48</total>
				<timestamp>6339.254981</timestamp>
			</report>
			<report>
				<misses>19831001</misses>
				<total>48</total>
				<timestamp>6339.574715</timestamp>
			</report>
			<report>
				<misses>19832001</misses>
				<total>48</total>
				<timestamp>6339.894238</timestamp>
			</report>
			<report>
				<misses>19833001</misses>
				<total>48</total>
				<timestamp>6340.214074</timestamp>
			</report>
			<report>
				<misses>19834001</misses>
				<total>48</total>
				<timestamp>6340.533601</timestamp>
			</report>
			<report>
				<misses>19835001</misses>
				<total>48</total>
				<timestamp>6340.853349</timestamp>
			</report>
			<report>
				<misses>19836001</misses>
				<total>48</total>
				<timestamp>6341.172995</timestamp>
			</report>
			<report>
				<misses>19837001</misses>
				<total>48</total>
				<timestamp>6341.492695</timestamp>
			</report>
			<report>
				<misses>19838001</misses>
				<total>48</total>
				<timestamp>6341.812399</timestamp>
			</report>
			<report>
				<misses>19839001</misses>
				<total>48</total>
				<timestamp>6342.132052</timestamp>
			</report>
			<report>
				<misses>19840001</misses>
				<total>48</total>
				<timestamp>6342.451817</timestamp>
			</report>
			<report>
				<misses>19841001</misses>
				<total>48</total>
				<timestamp>6342.771366</timestamp>
			</report>
			<report>
				<misses>19842001</misses>
				<total>48</total>
				<timestamp>6343.091110</timestamp>
			</report>
			<report>
				<misses>19843001</misses>
				<total>48</total>
				<timestamp>6343.410884</timestamp>
			</report>
			<report>
				<misses>19844001</misses>
				<total>47</total>
				<timestamp>6343.730553</timestamp>
			</report>
			<report>
				<misses>19845001</misses>
				<total>48</total>
				<timestamp>6344.050158</timestamp>
			</report>
			<report>
				<misses>19846001</misses>
				<total>50</total>
				<timestamp>6344.369871</timestamp>
			</report>
			<report>
				<misses>19847001</misses>
				<total>50</total>
				<timestamp>6344.689563</timestamp>
			</report>
			<report>
				<misses>19848001</misses>
				<total>50</total>
				<timestamp>6345.009172</timestamp>
			</report>
			<report>
				<misses>19849001</misses>
				<total>50</total>
				<timestamp>6345.328860</timestamp>
			</report>
			<report>
				<misses>19850001</misses>
				<total>50</total>
				<timestamp>6345.648595</timestamp>
			</report>
			<report>
				<misses>19851001</misses>
				<total>50</total>
				<timestamp>6345.968231</timestamp>
			</report>
			<report>
				<misses>19852001</misses>
				<total>50</total>
				<timestamp>6346.287905</timestamp>
			</report>
			<report>
				<misses>19853001</misses>
				<total>50</total>
				<timestamp>6346.607570</timestamp>
			</report>
			<report>
				<misses>19854001</misses>
				<total>50</total>
				<timestamp>6346.927226</timestamp>
			</report>
			<report>
				<misses>19855001</misses>
				<total>50</total>
				<timestamp>6347.246928</timestamp>
			</report>
			<report>
				<misses>19856001</misses>
				<total>50</total>
				<timestamp>6347.566579</timestamp>
			</report>
			<report>
				<misses>19857001</misses>
				<total>50</total>
				<timestamp>6347.886245</timestamp>
			</report>
			<report>
				<misses>19858001</misses>
				<total>50</total>
				<timestamp>6348.206023</timestamp>
			</report>
			<report>
				<misses>19859001</misses>
				<total>50</total>
				<timestamp>6348.525634</timestamp>
			</report>
			<report>
				<misses>19860001</misses>
				<total>49</total>
				<timestamp>6348.845400</timestamp>
			</report>
			<report>
				<misses>19861001</misses>
				<total>49</total>
				<timestamp>6349.165096</timestamp>
			</report>
			<report>
				<misses>19862001</misses>
				<total>50</total>
				<timestamp>6349.484700</timestamp>
			</report>
			<report>
				<misses>19863001</misses>
				<total>50</total>
				<timestamp>6349.804380</timestamp>
			</report>
			<report>
				<misses>19864001</misses>
				<total>50</total>
				<timestamp>6350.124054</timestamp>
			</report>
			<report>
				<misses>19865001</misses>
				<total>50</total>
				<timestamp>6350.443747</timestamp>
			</report>
			<report>
				<misses>19866001</misses>
				<total>50</total>
				<timestamp>6350.763421</timestamp>
			</report>
			<report>
				<misses>19867001</misses>
				<total>50</total>
				<timestamp>6351.083090</timestamp>
			</report>
			<report>
				<misses>19868001</misses>
				<total>50</total>
				<timestamp>6351.402770</timestamp>
			</report>
			<report>
				<misses>19869001</misses>
				<total>50</total>
				<timestamp>6351.722436</timestamp>
			</report>
			<report>
				<misses>19870001</misses>
				<total>50</total>
				<timestamp>6352.042141</timestamp>
			</report>
			<report>
				<misses>19871001</misses>
				<total>50</total>
				<timestamp>6352.361893</timestamp>
			</report>
			<report>
				<misses>19872001</misses>
				<total>50</total>
				<timestamp>6352.681589</timestamp>
			</report>
			<report>
				<misses>19873001</misses>
				<total>50</total>
				<timestamp>6353.001177</timestamp>
			</report>
			<report>
				<misses>19874001</misses>
				<total>50</total>
				<timestamp>6353.320958</timestamp>
			</report>
			<report>
				<misses>19875001</misses>
				<total>50</total>
				<timestamp>6353.640484</timestamp>
			</report>
			<report>
				<misses>19876001</misses>
				<total>50</total>
				<timestamp>6353.960179</timestamp>
			</report>
			<report>
				<misses>19877001</misses>
				<total>50</total>
				<timestamp>6354.279972</timestamp>
			</report>
			<report>
				<misses>19878001</misses>
				<total>50</total>
				<timestamp>6354.599706</timestamp>
			</report>
			<report>
				<misses>19879001</misses>
				<total>50</total>
				<timestamp>6354.919210</timestamp>
			</report>
			<report>
				<misses>19880001</misses>
				<total>50</total>
				<timestamp>6355.238902</timestamp>
			</report>
			<report>
				<misses>19881001</misses>
				<total>50</total>
				<timestamp>6355.558563</timestamp>
			</report>
			<report>
				<misses>19882001</misses>
				<total>50</total>
				<timestamp>6355.878280</timestamp>
			</report>
			<report>
				<misses>19883001</misses>
				<total>50</total>
				<timestamp>6356.198012</timestamp>
			</report>
			<report>
				<misses>19884001</misses>
				<total>50</total>
				<timestamp>6356.517604</timestamp>
			</report>
			<report>
				<misses>19885001</misses>
				<total>50</total>
				<timestamp>6356.837332</timestamp>
			</report>
			<report>
				<misses>19886001</misses>
				<total>50</total>
				<timestamp>6357.156999</timestamp>
			</report>
			<report>
				<misses>19887001</misses>
				<total>50</total>
				<timestamp>6357.476676</timestamp>
			</report>
			<report>
				<misses>19888001</misses>
				<total>50</total>
				<timestamp>6357.796356</timestamp>
			</report>
			<report>
				<misses>19889001</misses>
				<total>50</total>
				<timestamp>6358.116024</timestamp>
			</report>
			<report>
				<misses>19890001</misses>
				<total>50</total>
				<timestamp>6358.435714</timestamp>
			</report>
			<report>
				<misses>19891001</misses>
				<total>50</total>
				<timestamp>6358.755355</timestamp>
			</report>
			<report>
				<misses>19892001</misses>
				<total>50</total>
				<timestamp>6359.075125</timestamp>
			</report>
			<report>
				<misses>19893001</misses>
				<total>50</total>
				<timestamp>6359.394735</timestamp>
			</report>
			<report>
				<misses>19894001</misses>
				<total>49</total>
				<timestamp>6359.714502</timestamp>
			</report>
			<report>
				<misses>19895001</misses>
				<total>50</total>
				<timestamp>6360.034134</timestamp>
			</report>
			<report>
				<misses>19896001</misses>
				<total>50</total>
				<timestamp>6360.353858</timestamp>
			</report>
			<report>
				<misses>19897001</misses>
				<total>50</total>
				<timestamp>6360.673582</timestamp>
			</report>
			<report>
				<misses>19898001</misses>
				<total>50</total>
				<timestamp>6360.993157</timestamp>
			</report>
			<report>
				<misses>19899001</misses>
				<total>50</total>
				<timestamp>6361.312946</timestamp>
			</report>
			<report>
				<misses>19900001</misses>
				<total>50</total>
				<timestamp>6361.632564</timestamp>
			</report>
			<report>
				<misses>19901001</misses>
				<total>50</total>
				<timestamp>6361.952169</timestamp>
			</report>
			<report>
				<misses>19902001</misses>
				<total>50</total>
				<timestamp>6362.271939</timestamp>
			</report>
			<report>
				<misses>19903001</misses>
				<total>50</total>
				<timestamp>6362.591580</timestamp>
			</report>
			<report>
				<misses>19904001</misses>
				<total>50</total>
				<timestamp>6362.911251</timestamp>
			</report>
			<report>
				<misses>19905001</misses>
				<total>50</total>
				<timestamp>6363.230952</timestamp>
			</report>
			<report>
				<misses>19906001</misses>
				<total>50</total>
				<timestamp>6363.550654</timestamp>
			</report>
			<report>
				<misses>19907001</misses>
				<total>49</total>
				<timestamp>6363.870351</timestamp>
			</report>
			<report>
				<misses>19908001</misses>
				<total>50</total>
				<timestamp>6364.190068</timestamp>
			</report>
			<report>
				<misses>19909001</misses>
				<total>50</total>
				<timestamp>6364.509667</timestamp>
			</report>
			<report>
				<misses>19910001</misses>
				<total>50</total>
				<timestamp>6364.829293</timestamp>
			</report>
			<report>
				<misses>19911001</misses>
				<total>50</total>
				<timestamp>6365.148968</timestamp>
			</report>
			<report>
				<misses>19912001</misses>
				<total>50</total>
				<timestamp>6365.468674</timestamp>
			</report>
			<report>
				<misses>19913001</misses>
				<total>50</total>
				<timestamp>6365.788392</timestamp>
			</report>
			<report>
				<misses>19914001</misses>
				<total>50</total>
				<timestamp>6366.108023</timestamp>
			</report>
			<report>
				<misses>19915001</misses>
				<total>50</total>
				<timestamp>6366.427775</timestamp>
			</report>
			<report>
				<misses>19916001</misses>
				<total>50</total>
				<timestamp>6366.747395</timestamp>
			</report>
			<report>
				<misses>19917001</misses>
				<total>50</total>
				<timestamp>6367.067047</timestamp>
			</report>
			<report>
				<misses>19918001</misses>
				<total>50</total>
				<timestamp>6367.386819</timestamp>
			</report>
			<report>
				<misses>19919001</misses>
				<total>52</total>
				<timestamp>6367.706411</timestamp>
			</report>
		</query>
	</custom>
	<ethtool_statistic>
		<rx_packets>
			<start>9750883898</start>
			<end>10274084274</end>
		</rx_packets>
		<tx_packets>
			<start>16099865970</start>
			<end>16899176888</end>
		</tx_packets>
		<rx_dropped>
			<start>1251</start>
			<end>1251</end>
		</rx_dropped>
		<tx_dropped>
			<start>0</start>
			<end>0</end>
		</tx_dropped>
		<collisions>
			<start>0</start>
			<end>0</end>
		</collisions>
		<port_tx_errors>
			<start>0</start>
			<end>0</end>
		</port_tx_errors>
		<port_rx_dropped>
			<start>0</start>
			<end>0</end>
		</port_rx_dropped>
		<port_tx_dropped_link_down>
			<start>0</start>
			<end>0</end>
		</port_tx_dropped_link_down>
	</ethtool_statistic>
	<ip_statistic>
		<mtu>
			<start>9000</start>
			<end>9000</end>
		</mtu>
		<rx_bytes>
			<start>39817375169711</start>
			<end>41932279880226</end>
		</rx_bytes>
		<rx_packets>
			<start>9750884200</start>
			<end>10274084523</end>
		</rx_packets>
		<rx_errors>
			<start>0</start>
			<end>0</end>
		</rx_errors>
		<rx_dropped>
			<start>1251</start>
			<end>1251</end>
		</rx_dropped>
		<rx_missed>
			<start>0</start>
			<end>0</end>
		</rx_missed>
		<rx_mcast>
			<start>5279</start>
			<end>5353</end>
		</rx_mcast>
		<tx_bytes>
			<start>56860232557514</start>
			<end>59780671315722</end>
		</tx_bytes>
		<tx_packets>
			<start>16099866612</start>
			<end>16899177202</end>
		</tx_packets>
		<tx_errors>
			<start>0</start>
			<end>0</end>
		</tx_errors>
		<tx_dropped>
			<start>0</start>
			<end>0</end>
		</tx_dropped>
		<tx_carrier>
			<start>0</start>
			<end>0</end>
		</tx_carrier>
		<tx_collisions>
			<start>0</start>
			<end>0</end>
		</tx_collisions>
	</ip_statistic>
	<netstat_statistic>
		<udp_pkg_rec>
			<start>8259980491</start>
			<end>8718659695</end>
		</udp_pkg_rec>
		<udp_pkg_snt>
			<start>13883775992</start>
			<end>14543825900</end>
		</udp_pkg_snt>
		<udp_rec_err>
			<start>1492981318</start>
			<end>1557534852</end>
		</udp_rec_err>
		<udp_rec_buf_err>
			<start>1492981318</start>
			<end>1557534852</end>
		</udp_rec_buf_err>
		<udp_snt_buf_err>
			<start>0</start>
			<end>0</end>
		</udp_snt_buf_err>
	</netstat_statistic>
</test_results>
