<?xml version="1.0"?>
<test_results>
	<status>STATUS_SUCCESS</status>
	<custom>
		<num_loss>49</num_loss>
		<num_total>9800001</num_total>
		<num_misses>2301</num_misses>
		<elapsed_time>882.198433</elapsed_time>
		<query>
			<report>
				<misses>100000</misses>
				<total>2</total>
				<timestamp>9.003482</timestamp>
			</report>
			<report>
				<misses>200000</misses>
				<total>2</total>
				<timestamp>18.007621</timestamp>
			</report>
			<report>
				<misses>300000</misses>
				<total>2</total>
				<timestamp>27.010151</timestamp>
			</report>
			<report>
				<misses>400000</misses>
				<total>2</total>
				<timestamp>36.012206</timestamp>
			</report>
			<report>
				<misses>500000</misses>
				<total>3</total>
				<timestamp>45.014545</timestamp>
			</report>
			<report>
				<misses>600000</misses>
				<total>2</total>
				<timestamp>54.015910</timestamp>
			</report>
			<report>
				<misses>700000</misses>
				<total>3</total>
				<timestamp>63.018052</timestamp>
			</report>
			<report>
				<misses>800000</misses>
				<total>3</total>
				<timestamp>72.019584</timestamp>
			</report>
			<report>
				<misses>900000</misses>
				<total>3</total>
				<timestamp>81.022219</timestamp>
			</report>
			<report>
				<misses>1000000</misses>
				<total>3</total>
				<timestamp>90.024184</timestamp>
			</report>
			<report>
				<misses>1100000</misses>
				<total>3</total>
				<timestamp>99.025346</timestamp>
			</report>
			<report>
				<misses>1200000</misses>
				<total>3</total>
				<timestamp>108.027055</timestamp>
			</report>
			<report>
				<misses>1300000</misses>
				<total>4</total>
				<timestamp>117.030566</timestamp>
			</report>
			<report>
				<misses>1400000</misses>
				<total>5</total>
				<timestamp>126.031649</timestamp>
			</report>
			<report>
				<misses>1500000</misses>
				<total>6</total>
				<timestamp>135.033697</timestamp>
			</report>
			<report>
				<misses>1600000</misses>
				<total>6</total>
				<timestamp>144.035805</timestamp>
			</report>
			<report>
				<misses>1700000</misses>
				<total>6</total>
				<timestamp>153.037952</timestamp>
			</report>
			<report>
				<misses>1800000</misses>
				<total>5</total>
				<timestamp>162.040839</timestamp>
			</report>
			<report>
				<misses>1900000</misses>
				<total>7</total>
				<timestamp>171.043984</timestamp>
			</report>
			<report>
				<misses>2000000</misses>
				<total>9</total>
				<timestamp>180.045255</timestamp>
			</report>
			<report>
				<misses>2100000</misses>
				<total>9</total>
				<timestamp>189.048031</timestamp>
			</report>
			<report>
				<misses>2200000</misses>
				<total>10</total>
				<timestamp>198.049930</timestamp>
			</report>
			<report>
				<misses>2300000</misses>
				<total>10</total>
				<timestamp>207.051777</timestamp>
			</report>
			<report>
				<misses>2400000</misses>
				<total>13</total>
				<timestamp>216.053906</timestamp>
			</report>
			<report>
				<misses>2500000</misses>
				<total>14</total>
				<timestamp>225.055856</timestamp>
			</report>
			<report>
				<misses>2600000</misses>
				<total>14</total>
				<timestamp>234.057763</timestamp>
			</report>
			<report>
				<misses>2700000</misses>
				<total>14</total>
				<timestamp>243.059543</timestamp>
			</report>
			<report>
				<misses>2800000</misses>
				<total>15</total>
				<timestamp>252.062451</timestamp>
			</report>
			<report>
				<misses>2900000</misses>
				<total>16</total>
				<timestamp>261.063617</timestamp>
			</report>
			<report>
				<misses>3000000</misses>
				<total>16</total>
				<timestamp>270.065404</timestamp>
			</report>
			<report>
				<misses>3100000</misses>
				<total>16</total>
				<timestamp>279.066691</timestamp>
			</report>
			<report>
				<misses>3200000</misses>
				<total>17</total>
				<timestamp>288.068644</timestamp>
			</report>
			<report>
				<misses>3300000</misses>
				<total>17</total>
				<timestamp>297.070800</timestamp>
			</report>
			<report>
				<misses>3400000</misses>
				<total>17</total>
				<timestamp>306.073222</timestamp>
			</report>
			<report>
				<misses>3500000</misses>
				<total>17</total>
				<timestamp>315.074577</timestamp>
			</report>
			<report>
				<misses>3600000</misses>
				<total>17</total>
				<timestamp>324.076113</timestamp>
			</report>
			<report>
				<misses>3700000</misses>
				<total>19</total>
				<timestamp>333.077486</timestamp>
			</report>
			<report>
				<misses>3800000</misses>
				<total>20</total>
				<timestamp>342.079176</timestamp>
			</report>
			<report>
				<misses>3900000</misses>
				<total>19</total>
				<timestamp>351.081513</timestamp>
			</report>
			<report>
				<misses>4000000</misses>
				<total>18</total>
				<timestamp>360.083235</timestamp>
			</report>
			<report>
				<misses>4100000</misses>
				<total>19</total>
				<timestamp>369.084844</timestamp>
			</report>
			<report>
				<misses>4200000</misses>
				<total>21</total>
				<timestamp>378.087028</timestamp>
			</report>
			<report>
				<misses>4300000</misses>
				<total>20</total>
				<timestamp>387.090343</timestamp>
			</report>
			<report>
				<misses>4400000</misses>
				<total>19</total>
				<timestamp>396.092896</timestamp>
			</report>
			<report>
				<misses>4500000</misses>
				<total>21</total>
				<timestamp>405.093932</timestamp>
			</report>
			<report>
				<misses>4600000</misses>
				<total>22</total>
				<timestamp>414.097438</timestamp>
			</report>
			<report>
				<misses>4700000</misses>
				<total>21</total>
				<timestamp>423.099705</timestamp>
			</report>
			<report>
				<misses>4800000</misses>
				<total>21</total>
				<timestamp>432.102209</timestamp>
			</report>
			<report>
				<misses>4900000</misses>
				<total>22</total>
				<timestamp>441.105286</timestamp>
			</report>
			<report>
				<misses>5000000</misses>
				<total>22</total>
				<timestamp>450.106893</timestamp>
			</report>
			<report>
				<misses>5100000</misses>
				<total>23</total>
				<timestamp>459.108967</timestamp>
			</report>
			<report>
				<misses>5200000</misses>
				<total>23</total>
				<timestamp>468.110132</timestamp>
			</report>
			<report>
				<misses>5300000</misses>
				<total>24</total>
				<timestamp>477.112477</timestamp>
			</report>
			<report>
				<misses>5400000</misses>
				<total>24</total>
				<timestamp>486.114535</timestamp>
			</report>
			<report>
				<misses>5500000</misses>
				<total>25</total>
				<timestamp>495.116455</timestamp>
			</report>
			<report>
				<misses>5600000</misses>
				<total>24</total>
				<timestamp>504.119694</timestamp>
			</report>
			<report>
				<misses>5700000</misses>
				<total>25</total>
				<timestamp>513.120744</timestamp>
			</report>
			<report>
				<misses>5800000</misses>
				<total>26</total>
				<timestamp>522.122904</timestamp>
			</report>
			<report>
				<misses>5900000</misses>
				<total>27</total>
				<timestamp>531.123910</timestamp>
			</report>
			<report>
				<misses>6000000</misses>
				<total>27</total>
				<timestamp>540.126332</timestamp>
			</report>
			<report>
				<misses>6100000</misses>
				<total>27</total>
				<timestamp>549.128040</timestamp>
			</report>
			<report>
				<misses>6200000</misses>
				<total>27</total>
				<timestamp>558.130815</timestamp>
			</report>
			<report>
				<misses>6300000</misses>
				<total>27</total>
				<timestamp>567.132357</timestamp>
			</report>
			<report>
				<misses>6400000</misses>
				<total>28</total>
				<timestamp>576.133907</timestamp>
			</report>
			<report>
				<misses>6500000</misses>
				<total>29</total>
				<timestamp>585.135244</timestamp>
			</report>
			<report>
				<misses>6600000</misses>
				<total>29</total>
				<timestamp>594.136314</timestamp>
			</report>
			<report>
				<misses>6700000</misses>
				<total>32</total>
				<timestamp>603.138649</timestamp>
			</report>
			<report>
				<misses>6800000</misses>
				<total>33</total>
				<timestamp>612.140097</timestamp>
			</report>
			<report>
				<misses>6900000</misses>
				<total>33</total>
				<timestamp>621.141541</timestamp>
			</report>
			<report>
				<misses>7000000</misses>
				<total>33</total>
				<timestamp>630.142396</timestamp>
			</report>
			<report>
				<misses>7100000</misses>
				<total>33</total>
				<timestamp>639.144419</timestamp>
			</report>
			<report>
				<misses>7200000</misses>
				<total>33</total>
				<timestamp>648.147917</timestamp>
			</report>
			<report>
				<misses>7300000</misses>
				<total>33</total>
				<timestamp>657.149660</timestamp>
			</report>
			<report>
				<misses>7400000</misses>
				<total>34</total>
				<timestamp>666.151444</timestamp>
			</report>
			<report>
				<misses>7500000</misses>
				<total>34</total>
				<timestamp>675.152871</timestamp>
			</report>
			<report>
				<misses>7600000</misses>
				<total>34</total>
				<timestamp>684.155511</timestamp>
			</report>
			<report>
				<misses>7700000</misses>
				<total>35</total>
				<timestamp>693.157548</timestamp>
			</report>
			<report>
				<misses>7800000</misses>
				<total>39</total>
				<timestamp>702.159282</timestamp>
			</report>
			<report>
				<misses>7900000</misses>
				<total>39</total>
				<timestamp>711.160971</timestamp>
			</report>
			<report>
				<misses>8000000</misses>
				<total>39</total>
				<timestamp>720.162961</timestamp>
			</report>
			<report>
				<misses>8100000</misses>
				<total>40</total>
				<timestamp>729.165033</timestamp>
			</report>
			<report>
				<misses>8200000</misses>
				<total>41</total>
				<timestamp>738.166716</timestamp>
			</report>
			<report>
				<misses>8300000</misses>
				<total>42</total>
				<timestamp>747.168270</timestamp>
			</report>
			<report>
				<misses>8400000</misses>
				<total>45</total>
				<timestamp>756.170071</timestamp>
			</report>
			<report>
				<misses>8500000</misses>
				<total>45</total>
				<timestamp>765.171237</timestamp>
			</report>
			<report>
				<misses>8600000</misses>
				<total>46</total>
				<timestamp>774.174212</timestamp>
			</report>
			<report>
				<misses>8700000</misses>
				<total>46</total>
				<timestamp>783.176375</timestamp>
			</report>
			<report>
				<misses>8800000</misses>
				<total>47</total>
				<timestamp>792.178345</timestamp>
			</report>
			<report>
				<misses>8900000</misses>
				<total>47</total>
				<timestamp>801.180778</timestamp>
			</report>
			<report>
				<misses>9000000</misses>
				<total>47</total>
				<timestamp>810.182124</timestamp>
			</report>
			<report>
				<misses>9100000</misses>
				<total>47</total>
				<timestamp>819.184314</timestamp>
			</report>
			<report>
				<misses>9200000</misses>
				<total>49</total>
				<timestamp>828.186715</timestamp>
			</report>
			<report>
				<misses>9300000</misses>
				<total>48</total>
				<timestamp>837.188252</timestamp>
			</report>
			<report>
				<misses>9400000</misses>
				<total>48</total>
				<timestamp>846.189959</timestamp>
			</report>
			<report>
				<misses>9500000</misses>
				<total>50</total>
				<timestamp>855.191847</timestamp>
			</report>
			<report>
				<misses>9600000</misses>
				<total>49</total>
				<timestamp>864.194024</timestamp>
			</report>
			<report>
				<misses>9700000</misses>
				<total>50</total>
				<timestamp>873.196073</timestamp>
			</report>
			<report>
				<misses>9800000</misses>
				<total>51</total>
				<timestamp>882.198411</timestamp>
			</report>
		</query>
	</custom>
	<ethtool_statistic>
		<rx_packets>
			<start>16986</start>
			<end>17146</end>
		</rx_packets>
		<tx_packets>
			<start>4734831996</start>
			<end>5166027885</end>
		</tx_packets>
		<rx_dropped>
			<start>0</start>
			<end>0</end>
		</rx_dropped>
		<tx_dropped>
			<start>0</start>
			<end>0</end>
		</tx_dropped>
		<collisions>
			<start>0</start>
			<end>0</end>
		</collisions>
		<port_tx_errors>
			<start>0</start>
			<end>0</end>
		</port_tx_errors>
		<port_rx_dropped>
			<start>0</start>
			<end>0</end>
		</port_rx_dropped>
		<port_tx_dropped_link_down>
			<start>0</start>
			<end>0</end>
		</port_tx_dropped_link_down>
	</ethtool_statistic>
	<ip_statistic>
		<mtu>
			<start>1500</start>
			<end>1500</end>
		</mtu>
		<rx_bytes>
			<start>1087202</start>
			<end>1097074</end>
		</rx_bytes>
		<rx_packets>
			<start>16986</start>
			<end>17146</end>
		</rx_packets>
		<rx_errors>
			<start>0</start>
			<end>0</end>
		</rx_errors>
		<rx_dropped>
			<start>0</start>
			<end>0</end>
		</rx_dropped>
		<rx_missed>
			<start>0</start>
			<end>0</end>
		</rx_missed>
		<rx_mcast>
			<start>1863</start>
			<end>1867</end>
		</rx_mcast>
		<tx_bytes>
			<start>5262688109604</start>
			<end>5914420865726</end>
		</tx_bytes>
		<tx_packets>
			<start>4734831996</start>
			<end>5166027885</end>
		</tx_packets>
		<tx_errors>
			<start>0</start>
			<end>0</end>
		</tx_errors>
		<tx_dropped>
			<start>0</start>
			<end>0</end>
		</tx_dropped>
		<tx_carrier>
			<start>0</start>
			<end>0</end>
		</tx_carrier>
		<tx_collisions>
			<start>0</start>
			<end>0</end>
		</tx_collisions>
	</ip_statistic>
	<netstat_statistic>
		<udp_pkg_rec>
			<start>1093752785</start>
			<end>1147006077</end>
		</udp_pkg_rec>
		<udp_pkg_snt>
			<start>2616785538</start>
			<end>2688241304</end>
		</udp_pkg_snt>
		<udp_rec_err>
			<start>176161599</start>
			<end>182559967</end>
		</udp_rec_err>
		<udp_rec_buf_err>
			<start>176161599</start>
			<end>182559967</end>
		</udp_rec_buf_err>
		<udp_snt_buf_err>
			<start>0</start>
			<end>0</end>
		</udp_snt_buf_err>
	</netstat_statistic>
</test_results>
