<?xml version="1.0"?>
<test_results>
	<status>STATUS_SUCCESS</status>
	<custom>
		<num_loss>1508</num_loss>
		<num_total>5000001</num_total>
		<num_misses>1526</num_misses>
		<elapsed_time>100.029702</elapsed_time>
		<query>
			<report>
				<misses>100000</misses>
				<total>6</total>
				<timestamp>2.000703</timestamp>
			</report>
			<report>
				<misses>200000</misses>
				<total>56</total>
				<timestamp>4.000829</timestamp>
			</report>
			<report>
				<misses>300000</misses>
				<total>148</total>
				<timestamp>6.001010</timestamp>
			</report>
			<report>
				<misses>400000</misses>
				<total>167</total>
				<timestamp>8.001529</timestamp>
			</report>
			<report>
				<misses>500000</misses>
				<total>198</total>
				<timestamp>10.002016</timestamp>
			</report>
			<report>
				<misses>600000</misses>
				<total>233</total>
				<timestamp>12.002703</timestamp>
			</report>
			<report>
				<misses>700000</misses>
				<total>233</total>
				<timestamp>14.003448</timestamp>
			</report>
			<report>
				<misses>800000</misses>
				<total>270</total>
				<timestamp>16.004284</timestamp>
			</report>
			<report>
				<misses>900000</misses>
				<total>277</total>
				<timestamp>18.005366</timestamp>
			</report>
			<report>
				<misses>1000000</misses>
				<total>312</total>
				<timestamp>20.006225</timestamp>
			</report>
			<report>
				<misses>1100000</misses>
				<total>320</total>
				<timestamp>22.006814</timestamp>
			</report>
			<report>
				<misses>1200000</misses>
				<total>343</total>
				<timestamp>24.007102</timestamp>
			</report>
			<report>
				<misses>1300000</misses>
				<total>375</total>
				<timestamp>26.007240</timestamp>
			</report>
			<report>
				<misses>1400000</misses>
				<total>413</total>
				<timestamp>28.007834</timestamp>
			</report>
			<report>
				<misses>1500000</misses>
				<total>454</total>
				<timestamp>30.008340</timestamp>
			</report>
			<report>
				<misses>1600000</misses>
				<total>501</total>
				<timestamp>32.009141</timestamp>
			</report>
			<report>
				<misses>1700000</misses>
				<total>578</total>
				<timestamp>34.009678</timestamp>
			</report>
			<report>
				<misses>1800000</misses>
				<total>596</total>
				<timestamp>36.010278</timestamp>
			</report>
			<report>
				<misses>1900000</misses>
				<total>639</total>
				<timestamp>38.010902</timestamp>
			</report>
			<report>
				<misses>2000000</misses>
				<total>656</total>
				<timestamp>40.011119</timestamp>
			</report>
			<report>
				<misses>2100000</misses>
				<total>686</total>
				<timestamp>42.011646</timestamp>
			</report>
			<report>
				<misses>2200000</misses>
				<total>709</total>
				<timestamp>44.011824</timestamp>
			</report>
			<report>
				<misses>2300000</misses>
				<total>757</total>
				<timestamp>46.012221</timestamp>
			</report>
			<report>
				<misses>2400000</misses>
				<total>765</total>
				<timestamp>48.012802</timestamp>
			</report>
			<report>
				<misses>2500000</misses>
				<total>768</total>
				<timestamp>50.013684</timestamp>
			</report>
			<report>
				<misses>2600000</misses>
				<total>778</total>
				<timestamp>52.015266</timestamp>
			</report>
			<report>
				<misses>2700000</misses>
				<total>823</total>
				<timestamp>54.016096</timestamp>
			</report>
			<report>
				<misses>2800000</misses>
				<total>878</total>
				<timestamp>56.016893</timestamp>
			</report>
			<report>
				<misses>2900000</misses>
				<total>919</total>
				<timestamp>58.018128</timestamp>
			</report>
			<report>
				<misses>3000000</misses>
				<total>924</total>
				<timestamp>60.018845</timestamp>
			</report>
			<report>
				<misses>3100000</misses>
				<total>929</total>
				<timestamp>62.019496</timestamp>
			</report>
			<report>
				<misses>3200000</misses>
				<total>957</total>
				<timestamp>64.020089</timestamp>
			</report>
			<report>
				<misses>3300000</misses>
				<total>992</total>
				<timestamp>66.020778</timestamp>
			</report>
			<report>
				<misses>3400000</misses>
				<total>1001</total>
				<timestamp>68.021384</timestamp>
			</report>
			<report>
				<misses>3500000</misses>
				<total>1010</total>
				<timestamp>70.021832</timestamp>
			</report>
			<report>
				<misses>3600000</misses>
				<total>1076</total>
				<timestamp>72.021948</timestamp>
			</report>
			<report>
				<misses>3700000</misses>
				<total>1081</total>
				<timestamp>74.022066</timestamp>
			</report>
			<report>
				<misses>3800000</misses>
				<total>1123</total>
				<timestamp>76.023290</timestamp>
			</report>
			<report>
				<misses>3900000</misses>
				<total>1126</total>
				<timestamp>78.023864</timestamp>
			</report>
			<report>
				<misses>4000000</misses>
				<total>1190</total>
				<timestamp>80.024728</timestamp>
			</report>
			<report>
				<misses>4100000</misses>
				<total>1203</total>
				<timestamp>82.025211</timestamp>
			</report>
			<report>
				<misses>4200000</misses>
				<total>1235</total>
				<timestamp>84.026020</timestamp>
			</report>
			<report>
				<misses>4300000</misses>
				<total>1241</total>
				<timestamp>86.026584</timestamp>
			</report>
			<report>
				<misses>4400000</misses>
				<total>1333</total>
				<timestamp>88.027091</timestamp>
			</report>
			<report>
				<misses>4500000</misses>
				<total>1389</total>
				<timestamp>90.027296</timestamp>
			</report>
			<report>
				<misses>4600000</misses>
				<total>1389</total>
				<timestamp>92.027766</timestamp>
			</report>
			<report>
				<misses>4700000</misses>
				<total>1411</total>
				<timestamp>94.028264</timestamp>
			</report>
			<report>
				<misses>4800000</misses>
				<total>1445</total>
				<timestamp>96.028779</timestamp>
			</report>
			<report>
				<misses>4900000</misses>
				<total>1487</total>
				<timestamp>98.029077</timestamp>
			</report>
			<report>
				<misses>5000000</misses>
				<total>1508</total>
				<timestamp>100.029680</timestamp>
			</report>
		</query>
	</custom>
	<ethtool_statistic>
		<rx_packets>
			<start>2671768682</start>
			<end>2676655007</end>
		</rx_packets>
		<tx_packets>
			<start>3026257473</start>
			<end>3034189327</end>
		</tx_packets>
		<rx_dropped>
			<start>0</start>
			<end>0</end>
		</rx_dropped>
		<tx_dropped>
			<start>0</start>
			<end>0</end>
		</tx_dropped>
		<collisions>
			<start>0</start>
			<end>0</end>
		</collisions>
		<port_tx_errors>
			<start>0</start>
			<end>0</end>
		</port_tx_errors>
		<port_rx_dropped>
			<start>0</start>
			<end>0</end>
		</port_rx_dropped>
		<port_tx_dropped_link_down>
			<start>0</start>
			<end>0</end>
		</port_tx_dropped_link_down>
	</ethtool_statistic>
	<ip_statistic>
		<mtu>
			<start>9000</start>
			<end>9000</end>
		</mtu>
		<rx_bytes>
			<start>24018262205944</start>
			<end>24062189335708</end>
		</rx_bytes>
		<rx_packets>
			<start>2671768736</start>
			<end>2676655063</end>
		</rx_packets>
		<rx_errors>
			<start>0</start>
			<end>0</end>
		</rx_errors>
		<rx_dropped>
			<start>0</start>
			<end>0</end>
		</rx_dropped>
		<rx_missed>
			<start>0</start>
			<end>0</end>
		</rx_missed>
		<rx_mcast>
			<start>494</start>
			<end>494</end>
		</rx_mcast>
		<tx_bytes>
			<start>15326726596158</start>
			<end>15397793017860</end>
		</tx_bytes>
		<tx_packets>
			<start>3026257508</start>
			<end>3034189353</end>
		</tx_packets>
		<tx_errors>
			<start>0</start>
			<end>0</end>
		</tx_errors>
		<tx_dropped>
			<start>0</start>
			<end>0</end>
		</tx_dropped>
		<tx_carrier>
			<start>0</start>
			<end>0</end>
		</tx_carrier>
		<tx_collisions>
			<start>0</start>
			<end>0</end>
		</tx_collisions>
	</ip_statistic>
	<netstat_statistic>
		<udp_pkg_rec>
			<start>2517652612</start>
			<end>2522292065</end>
		</udp_pkg_rec>
		<udp_pkg_snt>
			<start>3026487323</start>
			<end>3034420011</end>
		</udp_pkg_snt>
		<udp_rec_err>
			<start>154345866</start>
			<end>154593323</end>
		</udp_rec_err>
		<udp_rec_buf_err>
			<start>154345866</start>
			<end>154593323</end>
		</udp_rec_buf_err>
		<udp_snt_buf_err>
			<start>0</start>
			<end>0</end>
		</udp_snt_buf_err>
	</netstat_statistic>
</test_results>
