<?xml version="1.0"?>
<test_results>
	<status>STATUS_SUCCESS</status>
	<custom>
		<num_loss>2207094</num_loss>
		<num_total>5000001</num_total>
		<num_misses>5</num_misses>
		<elapsed_time>1199.989516</elapsed_time>
		<query>
			<report>
				<misses>100000</misses>
				<total>53222</total>
				<timestamp>24.000752</timestamp>
			</report>
			<report>
				<misses>200000</misses>
				<total>101870</total>
				<timestamp>48.000737</timestamp>
			</report>
			<report>
				<misses>300000</misses>
				<total>154749</total>
				<timestamp>72.000477</timestamp>
			</report>
			<report>
				<misses>400000</misses>
				<total>228814</total>
				<timestamp>96.000298</timestamp>
			</report>
			<report>
				<misses>500000</misses>
				<total>308819</total>
				<timestamp>120.000099</timestamp>
			</report>
			<report>
				<misses>600000</misses>
				<total>314901</total>
				<timestamp>143.999666</timestamp>
			</report>
			<report>
				<misses>700000</misses>
				<total>346023</total>
				<timestamp>167.999683</timestamp>
			</report>
			<report>
				<misses>800000</misses>
				<total>384897</total>
				<timestamp>191.999660</timestamp>
			</report>
			<report>
				<misses>900000</misses>
				<total>444221</total>
				<timestamp>215.999326</timestamp>
			</report>
			<report>
				<misses>1000000</misses>
				<total>507441</total>
				<timestamp>239.999090</timestamp>
			</report>
			<report>
				<misses>1100000</misses>
				<total>571290</total>
				<timestamp>263.998840</timestamp>
			</report>
			<report>
				<misses>1200000</misses>
				<total>628533</total>
				<timestamp>287.998582</timestamp>
			</report>
			<report>
				<misses>1300000</misses>
				<total>663370</total>
				<timestamp>311.998461</timestamp>
			</report>
			<report>
				<misses>1400000</misses>
				<total>706539</total>
				<timestamp>335.998077</timestamp>
			</report>
			<report>
				<misses>1500000</misses>
				<total>746374</total>
				<timestamp>359.997878</timestamp>
			</report>
			<report>
				<misses>1600000</misses>
				<total>756602</total>
				<timestamp>383.997616</timestamp>
			</report>
			<report>
				<misses>1700000</misses>
				<total>809520</total>
				<timestamp>407.997388</timestamp>
			</report>
			<report>
				<misses>1800000</misses>
				<total>809568</total>
				<timestamp>431.997160</timestamp>
			</report>
			<report>
				<misses>1900000</misses>
				<total>854987</total>
				<timestamp>455.996921</timestamp>
			</report>
			<report>
				<misses>2000000</misses>
				<total>907561</total>
				<timestamp>479.996662</timestamp>
			</report>
			<report>
				<misses>2100000</misses>
				<total>957992</total>
				<timestamp>503.996316</timestamp>
			</report>
			<report>
				<misses>2200000</misses>
				<total>1011482</total>
				<timestamp>527.996186</timestamp>
			</report>
			<report>
				<misses>2300000</misses>
				<total>1084382</total>
				<timestamp>551.995829</timestamp>
			</report>
			<report>
				<misses>2400000</misses>
				<total>1107698</total>
				<timestamp>575.995640</timestamp>
			</report>
			<report>
				<misses>2500000</misses>
				<total>1172430</total>
				<timestamp>599.995439</timestamp>
			</report>
			<report>
				<misses>2600000</misses>
				<total>1225190</total>
				<timestamp>623.995202</timestamp>
			</report>
			<report>
				<misses>2700000</misses>
				<total>1274778</total>
				<timestamp>647.995089</timestamp>
			</report>
			<report>
				<misses>2800000</misses>
				<total>1342129</total>
				<timestamp>671.994666</timestamp>
			</report>
			<report>
				<misses>2900000</misses>
				<total>1367197</total>
				<timestamp>695.994430</timestamp>
			</report>
			<report>
				<misses>3000000</misses>
				<total>1367268</total>
				<timestamp>719.994322</timestamp>
			</report>
			<report>
				<misses>3100000</misses>
				<total>1435776</total>
				<timestamp>743.993925</timestamp>
			</report>
			<report>
				<misses>3200000</misses>
				<total>1443956</total>
				<timestamp>767.993689</timestamp>
			</report>
			<report>
				<misses>3300000</misses>
				<total>1444030</total>
				<timestamp>791.993536</timestamp>
			</report>
			<report>
				<misses>3400000</misses>
				<total>1444095</total>
				<timestamp>815.993299</timestamp>
			</report>
			<report>
				<misses>3500000</misses>
				<total>1510091</total>
				<timestamp>839.993200</timestamp>
			</report>
			<report>
				<misses>3600000</misses>
				<total>1574990</total>
				<timestamp>863.992745</timestamp>
			</report>
			<report>
				<misses>3700000</misses>
				<total>1642523</total>
				<timestamp>887.992541</timestamp>
			</report>
			<report>
				<misses>3800000</misses>
				<total>1674407</total>
				<timestamp>911.992316</timestamp>
			</report>
			<report>
				<misses>3900000</misses>
				<total>1725112</total>
				<timestamp>935.992018</timestamp>
			</report>
			<report>
				<misses>4000000</misses>
				<total>1779436</total>
				<timestamp>959.991847</timestamp>
			</report>
			<report>
				<misses>4100000</misses>
				<total>1813465</total>
				<timestamp>983.991607</timestamp>
			</report>
			<report>
				<misses>4200000</misses>
				<total>1851204</total>
				<timestamp>1007.991399</timestamp>
			</report>
			<report>
				<misses>4300000</misses>
				<total>1905914</total>
				<timestamp>1031.991159</timestamp>
			</report>
			<report>
				<misses>4400000</misses>
				<total>1905969</total>
				<timestamp>1055.990857</timestamp>
			</report>
			<report>
				<misses>4500000</misses>
				<total>1959086</total>
				<timestamp>1079.990643</timestamp>
			</report>
			<report>
				<misses>4600000</misses>
				<total>1988257</total>
				<timestamp>1103.990353</timestamp>
			</report>
			<report>
				<misses>4700000</misses>
				<total>2049614</total>
				<timestamp>1127.990205</timestamp>
			</report>
			<report>
				<misses>4800000</misses>
				<total>2096982</total>
				<timestamp>1151.989962</timestamp>
			</report>
			<report>
				<misses>4900000</misses>
				<total>2144189</total>
				<timestamp>1175.989702</timestamp>
			</report>
			<report>
				<misses>5000000</misses>
				<total>2207094</total>
				<timestamp>1199.989488</timestamp>
			</report>
		</query>
	</custom>
	<ethtool_statistic>
		<rx_packets>
			<start>4255111931</start>
			<end>4311215974</end>
		</rx_packets>
		<tx_packets>
			<start>5608567524</start>
			<end>5682231438</end>
		</tx_packets>
		<rx_dropped>
			<start>0</start>
			<end>0</end>
		</rx_dropped>
		<tx_dropped>
			<start>0</start>
			<end>0</end>
		</tx_dropped>
		<collisions>
			<start>0</start>
			<end>0</end>
		</collisions>
		<port_tx_errors>
			<start>0</start>
			<end>0</end>
		</port_tx_errors>
		<port_rx_dropped>
			<start>0</start>
			<end>0</end>
		</port_rx_dropped>
		<port_tx_dropped_link_down>
			<start>0</start>
			<end>0</end>
		</port_tx_dropped_link_down>
	</ethtool_statistic>
	<ip_statistic>
		<mtu>
			<start>9000</start>
			<end>9000</end>
		</mtu>
		<rx_bytes>
			<start>38252034891686</start>
			<end>38756399304136</end>
		</rx_bytes>
		<rx_packets>
			<start>4255112027</start>
			<end>4311216031</end>
		</rx_packets>
		<rx_errors>
			<start>0</start>
			<end>0</end>
		</rx_errors>
		<rx_dropped>
			<start>0</start>
			<end>0</end>
		</rx_dropped>
		<rx_missed>
			<start>0</start>
			<end>0</end>
		</rx_missed>
		<rx_mcast>
			<start>1217</start>
			<end>1230</end>
		</rx_mcast>
		<tx_bytes>
			<start>37287690740476</start>
			<end>37916725463550</end>
		</tx_bytes>
		<tx_packets>
			<start>5608567556</start>
			<end>5682231495</end>
		</tx_packets>
		<tx_errors>
			<start>0</start>
			<end>0</end>
		</tx_errors>
		<tx_dropped>
			<start>0</start>
			<end>0</end>
		</tx_dropped>
		<tx_carrier>
			<start>0</start>
			<end>0</end>
		</tx_carrier>
		<tx_collisions>
			<start>0</start>
			<end>0</end>
		</tx_collisions>
	</ip_statistic>
	<netstat_statistic>
		<udp_pkg_rec>
			<start>4021610115</start>
			<end>4074584573</end>
		</udp_pkg_rec>
		<udp_pkg_snt>
			<start>4294635643</start>
			<end>4333309096</end>
		</udp_pkg_snt>
		<udp_rec_err>
			<start>233951209</start>
			<end>237086157</end>
		</udp_rec_err>
		<udp_rec_buf_err>
			<start>233951209</start>
			<end>237086157</end>
		</udp_rec_buf_err>
		<udp_snt_buf_err>
			<start>0</start>
			<end>0</end>
		</udp_snt_buf_err>
	</netstat_statistic>
</test_results>
