<?xml version="1.0"?>
<test_results>
	<status>STATUS_SUCCESS</status>
	<custom>
		<num_loss>52</num_loss>
		<num_total>24000001</num_total>
		<num_misses>1</num_misses>
		<elapsed_time>4559.995797</elapsed_time>
	</custom>
	<ethtool_statistic>
		<rx_packets>
			<start>3769904217</start>
			<end>3982314887</end>
		</rx_packets>
		<tx_packets>
			<start>5019542424</start>
			<end>5339083709</end>
		</tx_packets>
		<rx_dropped>
			<start>63</start>
			<end>63</end>
		</rx_dropped>
		<tx_dropped>
			<start>0</start>
			<end>0</end>
		</tx_dropped>
		<collisions>
			<start>0</start>
			<end>0</end>
		</collisions>
		<port_tx_errors>
			<start>0</start>
			<end>0</end>
		</port_tx_errors>
		<port_rx_dropped>
			<start>0</start>
			<end>0</end>
		</port_rx_dropped>
		<port_tx_dropped_link_down>
			<start>0</start>
			<end>0</end>
		</port_tx_dropped_link_down>
	</ethtool_statistic>
	<ip_statistic>
		<mtu>
			<start>9000</start>
			<end>9000</end>
		</mtu>
		<rx_bytes>
			<start>33883305724931</start>
			<end>35792861026956</end>
		</rx_bytes>
		<rx_packets>
			<start>3769904280</start>
			<end>3982314978</end>
		</rx_packets>
		<rx_errors>
			<start>0</start>
			<end>0</end>
		</rx_errors>
		<rx_dropped>
			<start>63</start>
			<end>63</end>
		</rx_dropped>
		<rx_missed>
			<start>0</start>
			<end>0</end>
		</rx_missed>
		<rx_mcast>
			<start>2609</start>
			<end>2669</end>
		</rx_mcast>
		<tx_bytes>
			<start>28434712052549</start>
			<end>31148012301841</end>
		</tx_bytes>
		<tx_packets>
			<start>5019542479</start>
			<end>5339083756</end>
		</tx_packets>
		<tx_errors>
			<start>0</start>
			<end>0</end>
		</tx_errors>
		<tx_dropped>
			<start>0</start>
			<end>0</end>
		</tx_dropped>
		<tx_carrier>
			<start>0</start>
			<end>0</end>
		</tx_carrier>
		<tx_collisions>
			<start>0</start>
			<end>0</end>
		</tx_collisions>
	</ip_statistic>
</test_results>
