<?xml version="1.0"?>
<test_results>
	<status>STATUS_SUCCESS</status>
	<custom>
		<num_loss>4</num_loss>
		<num_total>89995133</num_total>
		<num_misses>923</num_misses>
		<elapsed_time>7199.612564</elapsed_time>
		<query>
			<report>
				<misses>100000</misses>
				<total>0</total>
				<timestamp>8.000239</timestamp>
			</report>
			<report>
				<misses>200000</misses>
				<total>0</total>
				<timestamp>16.000474</timestamp>
			</report>
			<report>
				<misses>300000</misses>
				<total>0</total>
				<timestamp>24.000393</timestamp>
			</report>
			<report>
				<misses>400000</misses>
				<total>0</total>
				<timestamp>32.000678</timestamp>
			</report>
			<report>
				<misses>500000</misses>
				<total>0</total>
				<timestamp>40.000691</timestamp>
			</report>
			<report>
				<misses>600000</misses>
				<total>0</total>
				<timestamp>48.000790</timestamp>
			</report>
			<report>
				<misses>700000</misses>
				<total>0</total>
				<timestamp>56.000688</timestamp>
			</report>
			<report>
				<misses>800000</misses>
				<total>0</total>
				<timestamp>64.000567</timestamp>
			</report>
			<report>
				<misses>900000</misses>
				<total>1</total>
				<timestamp>72.000677</timestamp>
			</report>
			<report>
				<misses>1000000</misses>
				<total>1</total>
				<timestamp>80.000657</timestamp>
			</report>
			<report>
				<misses>1100000</misses>
				<total>1</total>
				<timestamp>88.000701</timestamp>
			</report>
			<report>
				<misses>1200000</misses>
				<total>1</total>
				<timestamp>96.000555</timestamp>
			</report>
			<report>
				<misses>1300000</misses>
				<total>1</total>
				<timestamp>104.000576</timestamp>
			</report>
			<report>
				<misses>1400000</misses>
				<total>1</total>
				<timestamp>112.000490</timestamp>
			</report>
			<report>
				<misses>1500000</misses>
				<total>1</total>
				<timestamp>120.000416</timestamp>
			</report>
			<report>
				<misses>1600000</misses>
				<total>1</total>
				<timestamp>128.000417</timestamp>
			</report>
			<report>
				<misses>1700000</misses>
				<total>1</total>
				<timestamp>136.000909</timestamp>
			</report>
			<report>
				<misses>1800000</misses>
				<total>1</total>
				<timestamp>144.000923</timestamp>
			</report>
			<report>
				<misses>1900000</misses>
				<total>1</total>
				<timestamp>152.000918</timestamp>
			</report>
			<report>
				<misses>2000000</misses>
				<total>1</total>
				<timestamp>160.000905</timestamp>
			</report>
			<report>
				<misses>2100000</misses>
				<total>1</total>
				<timestamp>168.000824</timestamp>
			</report>
			<report>
				<misses>2200000</misses>
				<total>1</total>
				<timestamp>176.000793</timestamp>
			</report>
			<report>
				<misses>2300000</misses>
				<total>1</total>
				<timestamp>184.000796</timestamp>
			</report>
			<report>
				<misses>2400000</misses>
				<total>1</total>
				<timestamp>192.000809</timestamp>
			</report>
			<report>
				<misses>2500000</misses>
				<total>1</total>
				<timestamp>200.000755</timestamp>
			</report>
			<report>
				<misses>2600000</misses>
				<total>1</total>
				<timestamp>208.000687</timestamp>
			</report>
			<report>
				<misses>2700000</misses>
				<total>1</total>
				<timestamp>216.000569</timestamp>
			</report>
			<report>
				<misses>2800000</misses>
				<total>1</total>
				<timestamp>224.000493</timestamp>
			</report>
			<report>
				<misses>2900000</misses>
				<total>1</total>
				<timestamp>232.000401</timestamp>
			</report>
			<report>
				<misses>3000000</misses>
				<total>1</total>
				<timestamp>240.000415</timestamp>
			</report>
			<report>
				<misses>3100000</misses>
				<total>1</total>
				<timestamp>248.000687</timestamp>
			</report>
			<report>
				<misses>3200000</misses>
				<total>1</total>
				<timestamp>256.000963</timestamp>
			</report>
			<report>
				<misses>3300000</misses>
				<total>1</total>
				<timestamp>264.001694</timestamp>
			</report>
			<report>
				<misses>3400000</misses>
				<total>1</total>
				<timestamp>272.002423</timestamp>
			</report>
			<report>
				<misses>3500000</misses>
				<total>1</total>
				<timestamp>280.002774</timestamp>
			</report>
			<report>
				<misses>3600000</misses>
				<total>1</total>
				<timestamp>288.002924</timestamp>
			</report>
			<report>
				<misses>3700000</misses>
				<total>1</total>
				<timestamp>296.002908</timestamp>
			</report>
			<report>
				<misses>3800000</misses>
				<total>1</total>
				<timestamp>304.002807</timestamp>
			</report>
			<report>
				<misses>3900000</misses>
				<total>1</total>
				<timestamp>312.002809</timestamp>
			</report>
			<report>
				<misses>4000000</misses>
				<total>1</total>
				<timestamp>320.002796</timestamp>
			</report>
			<report>
				<misses>4100000</misses>
				<total>1</total>
				<timestamp>328.002770</timestamp>
			</report>
			<report>
				<misses>4200000</misses>
				<total>1</total>
				<timestamp>336.002680</timestamp>
			</report>
			<report>
				<misses>4300000</misses>
				<total>1</total>
				<timestamp>344.002978</timestamp>
			</report>
			<report>
				<misses>4400000</misses>
				<total>1</total>
				<timestamp>352.002914</timestamp>
			</report>
			<report>
				<misses>4500000</misses>
				<total>1</total>
				<timestamp>360.002808</timestamp>
			</report>
			<report>
				<misses>4600000</misses>
				<total>1</total>
				<timestamp>368.002770</timestamp>
			</report>
			<report>
				<misses>4700000</misses>
				<total>1</total>
				<timestamp>376.002700</timestamp>
			</report>
			<report>
				<misses>4800000</misses>
				<total>1</total>
				<timestamp>384.002574</timestamp>
			</report>
			<report>
				<misses>4900000</misses>
				<total>1</total>
				<timestamp>392.002536</timestamp>
			</report>
			<report>
				<misses>5000000</misses>
				<total>1</total>
				<timestamp>400.002397</timestamp>
			</report>
			<report>
				<misses>5100000</misses>
				<total>1</total>
				<timestamp>408.002327</timestamp>
			</report>
			<report>
				<misses>5200000</misses>
				<total>1</total>
				<timestamp>416.002238</timestamp>
			</report>
			<report>
				<misses>5300000</misses>
				<total>1</total>
				<timestamp>424.002164</timestamp>
			</report>
			<report>
				<misses>5400000</misses>
				<total>1</total>
				<timestamp>432.002091</timestamp>
			</report>
			<report>
				<misses>5500000</misses>
				<total>1</total>
				<timestamp>440.002047</timestamp>
			</report>
			<report>
				<misses>5600000</misses>
				<total>1</total>
				<timestamp>448.001921</timestamp>
			</report>
			<report>
				<misses>5700000</misses>
				<total>1</total>
				<timestamp>456.001850</timestamp>
			</report>
			<report>
				<misses>5800000</misses>
				<total>1</total>
				<timestamp>464.001797</timestamp>
			</report>
			<report>
				<misses>5900000</misses>
				<total>1</total>
				<timestamp>472.001703</timestamp>
			</report>
			<report>
				<misses>6000000</misses>
				<total>1</total>
				<timestamp>480.001669</timestamp>
			</report>
			<report>
				<misses>6100000</misses>
				<total>1</total>
				<timestamp>488.001527</timestamp>
			</report>
			<report>
				<misses>6200000</misses>
				<total>1</total>
				<timestamp>496.001446</timestamp>
			</report>
			<report>
				<misses>6300000</misses>
				<total>1</total>
				<timestamp>504.001421</timestamp>
			</report>
			<report>
				<misses>6400000</misses>
				<total>1</total>
				<timestamp>512.001286</timestamp>
			</report>
			<report>
				<misses>6500000</misses>
				<total>1</total>
				<timestamp>520.001219</timestamp>
			</report>
			<report>
				<misses>6600000</misses>
				<total>1</total>
				<timestamp>528.001139</timestamp>
			</report>
			<report>
				<misses>6700000</misses>
				<total>1</total>
				<timestamp>536.001528</timestamp>
			</report>
			<report>
				<misses>6800000</misses>
				<total>1</total>
				<timestamp>544.002012</timestamp>
			</report>
			<report>
				<misses>6900000</misses>
				<total>1</total>
				<timestamp>552.002105</timestamp>
			</report>
			<report>
				<misses>7000000</misses>
				<total>1</total>
				<timestamp>560.001994</timestamp>
			</report>
			<report>
				<misses>7100000</misses>
				<total>1</total>
				<timestamp>568.001917</timestamp>
			</report>
			<report>
				<misses>7200000</misses>
				<total>1</total>
				<timestamp>576.001914</timestamp>
			</report>
			<report>
				<misses>7300000</misses>
				<total>1</total>
				<timestamp>584.001908</timestamp>
			</report>
			<report>
				<misses>7400000</misses>
				<total>1</total>
				<timestamp>592.001793</timestamp>
			</report>
			<report>
				<misses>7500000</misses>
				<total>1</total>
				<timestamp>600.001798</timestamp>
			</report>
			<report>
				<misses>7600000</misses>
				<total>1</total>
				<timestamp>608.002077</timestamp>
			</report>
			<report>
				<misses>7700000</misses>
				<total>1</total>
				<timestamp>616.002046</timestamp>
			</report>
			<report>
				<misses>7800000</misses>
				<total>1</total>
				<timestamp>624.001951</timestamp>
			</report>
			<report>
				<misses>7900000</misses>
				<total>1</total>
				<timestamp>632.001906</timestamp>
			</report>
			<report>
				<misses>8000000</misses>
				<total>1</total>
				<timestamp>640.001780</timestamp>
			</report>
			<report>
				<misses>8100000</misses>
				<total>1</total>
				<timestamp>648.001693</timestamp>
			</report>
			<report>
				<misses>8200000</misses>
				<total>1</total>
				<timestamp>656.001696</timestamp>
			</report>
			<report>
				<misses>8300000</misses>
				<total>1</total>
				<timestamp>664.001697</timestamp>
			</report>
			<report>
				<misses>8400000</misses>
				<total>1</total>
				<timestamp>672.001664</timestamp>
			</report>
			<report>
				<misses>8500000</misses>
				<total>1</total>
				<timestamp>680.001553</timestamp>
			</report>
			<report>
				<misses>8600000</misses>
				<total>1</total>
				<timestamp>688.001776</timestamp>
			</report>
			<report>
				<misses>8700000</misses>
				<total>1</total>
				<timestamp>696.001675</timestamp>
			</report>
			<report>
				<misses>8800000</misses>
				<total>1</total>
				<timestamp>704.001696</timestamp>
			</report>
			<report>
				<misses>8900000</misses>
				<total>1</total>
				<timestamp>712.001700</timestamp>
			</report>
			<report>
				<misses>9000000</misses>
				<total>1</total>
				<timestamp>720.001796</timestamp>
			</report>
			<report>
				<misses>9100000</misses>
				<total>1</total>
				<timestamp>728.001785</timestamp>
			</report>
			<report>
				<misses>9200000</misses>
				<total>1</total>
				<timestamp>736.002089</timestamp>
			</report>
			<report>
				<misses>9300000</misses>
				<total>1</total>
				<timestamp>744.002096</timestamp>
			</report>
			<report>
				<misses>9400000</misses>
				<total>1</total>
				<timestamp>752.001999</timestamp>
			</report>
			<report>
				<misses>9500000</misses>
				<total>1</total>
				<timestamp>760.001929</timestamp>
			</report>
			<report>
				<misses>9600000</misses>
				<total>1</total>
				<timestamp>768.001922</timestamp>
			</report>
			<report>
				<misses>9700000</misses>
				<total>1</total>
				<timestamp>776.001913</timestamp>
			</report>
			<report>
				<misses>9800000</misses>
				<total>1</total>
				<timestamp>784.001859</timestamp>
			</report>
			<report>
				<misses>9900000</misses>
				<total>1</total>
				<timestamp>792.001786</timestamp>
			</report>
			<report>
				<misses>10000000</misses>
				<total>1</total>
				<timestamp>800.001697</timestamp>
			</report>
			<report>
				<misses>10100000</misses>
				<total>1</total>
				<timestamp>808.001717</timestamp>
			</report>
			<report>
				<misses>10200000</misses>
				<total>1</total>
				<timestamp>816.001607</timestamp>
			</report>
			<report>
				<misses>10300000</misses>
				<total>1</total>
				<timestamp>824.001604</timestamp>
			</report>
			<report>
				<misses>10400000</misses>
				<total>1</total>
				<timestamp>832.001693</timestamp>
			</report>
			<report>
				<misses>10500000</misses>
				<total>1</total>
				<timestamp>840.002483</timestamp>
			</report>
			<report>
				<misses>10600000</misses>
				<total>1</total>
				<timestamp>848.003284</timestamp>
			</report>
			<report>
				<misses>10700000</misses>
				<total>1</total>
				<timestamp>856.003383</timestamp>
			</report>
			<report>
				<misses>10800000</misses>
				<total>1</total>
				<timestamp>864.003358</timestamp>
			</report>
			<report>
				<misses>10900000</misses>
				<total>1</total>
				<timestamp>872.003284</timestamp>
			</report>
			<report>
				<misses>11000000</misses>
				<total>1</total>
				<timestamp>880.003202</timestamp>
			</report>
			<report>
				<misses>11100000</misses>
				<total>1</total>
				<timestamp>888.003119</timestamp>
			</report>
			<report>
				<misses>11200000</misses>
				<total>1</total>
				<timestamp>896.003112</timestamp>
			</report>
			<report>
				<misses>11300000</misses>
				<total>1</total>
				<timestamp>904.003046</timestamp>
			</report>
			<report>
				<misses>11400000</misses>
				<total>1</total>
				<timestamp>912.002984</timestamp>
			</report>
			<report>
				<misses>11500000</misses>
				<total>1</total>
				<timestamp>920.002910</timestamp>
			</report>
			<report>
				<misses>11600000</misses>
				<total>1</total>
				<timestamp>928.002926</timestamp>
			</report>
			<report>
				<misses>11700000</misses>
				<total>1</total>
				<timestamp>936.002832</timestamp>
			</report>
			<report>
				<misses>11800000</misses>
				<total>1</total>
				<timestamp>944.003139</timestamp>
			</report>
			<report>
				<misses>11900000</misses>
				<total>1</total>
				<timestamp>952.003370</timestamp>
			</report>
			<report>
				<misses>12000000</misses>
				<total>1</total>
				<timestamp>960.003270</timestamp>
			</report>
			<report>
				<misses>12100000</misses>
				<total>1</total>
				<timestamp>968.003201</timestamp>
			</report>
			<report>
				<misses>12200000</misses>
				<total>1</total>
				<timestamp>976.003132</timestamp>
			</report>
			<report>
				<misses>12300000</misses>
				<total>1</total>
				<timestamp>984.003065</timestamp>
			</report>
			<report>
				<misses>12400000</misses>
				<total>1</total>
				<timestamp>992.002967</timestamp>
			</report>
			<report>
				<misses>12500000</misses>
				<total>1</total>
				<timestamp>1000.002884</timestamp>
			</report>
			<report>
				<misses>12600000</misses>
				<total>1</total>
				<timestamp>1008.002924</timestamp>
			</report>
			<report>
				<misses>12700000</misses>
				<total>1</total>
				<timestamp>1016.002901</timestamp>
			</report>
			<report>
				<misses>12800000</misses>
				<total>1</total>
				<timestamp>1024.002912</timestamp>
			</report>
			<report>
				<misses>12900000</misses>
				<total>1</total>
				<timestamp>1032.002797</timestamp>
			</report>
			<report>
				<misses>13000000</misses>
				<total>1</total>
				<timestamp>1040.002954</timestamp>
			</report>
			<report>
				<misses>13100000</misses>
				<total>1</total>
				<timestamp>1048.003280</timestamp>
			</report>
			<report>
				<misses>13200000</misses>
				<total>1</total>
				<timestamp>1056.003207</timestamp>
			</report>
			<report>
				<misses>13300000</misses>
				<total>1</total>
				<timestamp>1064.003661</timestamp>
			</report>
			<report>
				<misses>13400000</misses>
				<total>1</total>
				<timestamp>1072.003517</timestamp>
			</report>
			<report>
				<misses>13500000</misses>
				<total>1</total>
				<timestamp>1080.003528</timestamp>
			</report>
			<report>
				<misses>13600000</misses>
				<total>1</total>
				<timestamp>1088.003452</timestamp>
			</report>
			<report>
				<misses>13700000</misses>
				<total>1</total>
				<timestamp>1096.003426</timestamp>
			</report>
			<report>
				<misses>13800000</misses>
				<total>1</total>
				<timestamp>1104.003430</timestamp>
			</report>
			<report>
				<misses>13900000</misses>
				<total>1</total>
				<timestamp>1112.003350</timestamp>
			</report>
			<report>
				<misses>14000000</misses>
				<total>1</total>
				<timestamp>1120.003291</timestamp>
			</report>
			<report>
				<misses>14100000</misses>
				<total>1</total>
				<timestamp>1128.003194</timestamp>
			</report>
			<report>
				<misses>14200000</misses>
				<total>1</total>
				<timestamp>1136.003130</timestamp>
			</report>
			<report>
				<misses>14300000</misses>
				<total>1</total>
				<timestamp>1144.003077</timestamp>
			</report>
			<report>
				<misses>14400000</misses>
				<total>1</total>
				<timestamp>1152.003032</timestamp>
			</report>
			<report>
				<misses>14500000</misses>
				<total>1</total>
				<timestamp>1160.003371</timestamp>
			</report>
			<report>
				<misses>14600000</misses>
				<total>1</total>
				<timestamp>1168.003901</timestamp>
			</report>
			<report>
				<misses>14700000</misses>
				<total>1</total>
				<timestamp>1176.003935</timestamp>
			</report>
			<report>
				<misses>14800000</misses>
				<total>1</total>
				<timestamp>1184.003918</timestamp>
			</report>
			<report>
				<misses>14900000</misses>
				<total>1</total>
				<timestamp>1192.003910</timestamp>
			</report>
			<report>
				<misses>15000000</misses>
				<total>1</total>
				<timestamp>1200.003815</timestamp>
			</report>
			<report>
				<misses>15100000</misses>
				<total>1</total>
				<timestamp>1208.003799</timestamp>
			</report>
			<report>
				<misses>15200000</misses>
				<total>1</total>
				<timestamp>1216.003700</timestamp>
			</report>
			<report>
				<misses>15300000</misses>
				<total>1</total>
				<timestamp>1224.003695</timestamp>
			</report>
			<report>
				<misses>15400000</misses>
				<total>1</total>
				<timestamp>1232.003684</timestamp>
			</report>
			<report>
				<misses>15500000</misses>
				<total>1</total>
				<timestamp>1240.003692</timestamp>
			</report>
			<report>
				<misses>15600000</misses>
				<total>1</total>
				<timestamp>1248.003635</timestamp>
			</report>
			<report>
				<misses>15700000</misses>
				<total>1</total>
				<timestamp>1256.003519</timestamp>
			</report>
			<report>
				<misses>15800000</misses>
				<total>1</total>
				<timestamp>1264.003464</timestamp>
			</report>
			<report>
				<misses>15900000</misses>
				<total>1</total>
				<timestamp>1272.003367</timestamp>
			</report>
			<report>
				<misses>16000000</misses>
				<total>1</total>
				<timestamp>1280.003282</timestamp>
			</report>
			<report>
				<misses>16100000</misses>
				<total>1</total>
				<timestamp>1288.003205</timestamp>
			</report>
			<report>
				<misses>16200000</misses>
				<total>1</total>
				<timestamp>1296.003133</timestamp>
			</report>
			<report>
				<misses>16300000</misses>
				<total>1</total>
				<timestamp>1304.003054</timestamp>
			</report>
			<report>
				<misses>16400000</misses>
				<total>1</total>
				<timestamp>1312.002973</timestamp>
			</report>
			<report>
				<misses>16500000</misses>
				<total>1</total>
				<timestamp>1320.002901</timestamp>
			</report>
			<report>
				<misses>16600000</misses>
				<total>1</total>
				<timestamp>1328.002916</timestamp>
			</report>
			<report>
				<misses>16700000</misses>
				<total>1</total>
				<timestamp>1336.002892</timestamp>
			</report>
			<report>
				<misses>16800000</misses>
				<total>1</total>
				<timestamp>1344.002816</timestamp>
			</report>
			<report>
				<misses>16900000</misses>
				<total>1</total>
				<timestamp>1352.002801</timestamp>
			</report>
			<report>
				<misses>17000000</misses>
				<total>1</total>
				<timestamp>1360.002723</timestamp>
			</report>
			<report>
				<misses>17100000</misses>
				<total>1</total>
				<timestamp>1368.002677</timestamp>
			</report>
			<report>
				<misses>17200000</misses>
				<total>1</total>
				<timestamp>1376.002568</timestamp>
			</report>
			<report>
				<misses>17300000</misses>
				<total>1</total>
				<timestamp>1384.002491</timestamp>
			</report>
			<report>
				<misses>17400000</misses>
				<total>1</total>
				<timestamp>1392.002405</timestamp>
			</report>
			<report>
				<misses>17500000</misses>
				<total>1</total>
				<timestamp>1400.002322</timestamp>
			</report>
			<report>
				<misses>17600000</misses>
				<total>1</total>
				<timestamp>1408.002280</timestamp>
			</report>
			<report>
				<misses>17700000</misses>
				<total>1</total>
				<timestamp>1416.002162</timestamp>
			</report>
			<report>
				<misses>17800000</misses>
				<total>1</total>
				<timestamp>1424.002070</timestamp>
			</report>
			<report>
				<misses>17900000</misses>
				<total>1</total>
				<timestamp>1432.002035</timestamp>
			</report>
			<report>
				<misses>18000000</misses>
				<total>1</total>
				<timestamp>1440.001930</timestamp>
			</report>
			<report>
				<misses>18100000</misses>
				<total>1</total>
				<timestamp>1448.001913</timestamp>
			</report>
			<report>
				<misses>18200000</misses>
				<total>1</total>
				<timestamp>1456.001792</timestamp>
			</report>
			<report>
				<misses>18300000</misses>
				<total>1</total>
				<timestamp>1464.001681</timestamp>
			</report>
			<report>
				<misses>18400000</misses>
				<total>1</total>
				<timestamp>1472.001792</timestamp>
			</report>
			<report>
				<misses>18500000</misses>
				<total>1</total>
				<timestamp>1480.001703</timestamp>
			</report>
			<report>
				<misses>18600000</misses>
				<total>1</total>
				<timestamp>1488.001687</timestamp>
			</report>
			<report>
				<misses>18700000</misses>
				<total>1</total>
				<timestamp>1496.001681</timestamp>
			</report>
			<report>
				<misses>18800000</misses>
				<total>1</total>
				<timestamp>1504.001682</timestamp>
			</report>
			<report>
				<misses>18900000</misses>
				<total>1</total>
				<timestamp>1512.001691</timestamp>
			</report>
			<report>
				<misses>19000000</misses>
				<total>1</total>
				<timestamp>1520.001913</timestamp>
			</report>
			<report>
				<misses>19100000</misses>
				<total>1</total>
				<timestamp>1528.001836</timestamp>
			</report>
			<report>
				<misses>19200000</misses>
				<total>1</total>
				<timestamp>1536.001805</timestamp>
			</report>
			<report>
				<misses>19300000</misses>
				<total>1</total>
				<timestamp>1544.001811</timestamp>
			</report>
			<report>
				<misses>19400000</misses>
				<total>1</total>
				<timestamp>1552.001700</timestamp>
			</report>
			<report>
				<misses>19500000</misses>
				<total>1</total>
				<timestamp>1560.001609</timestamp>
			</report>
			<report>
				<misses>19600000</misses>
				<total>1</total>
				<timestamp>1568.001580</timestamp>
			</report>
			<report>
				<misses>19700000</misses>
				<total>1</total>
				<timestamp>1576.001553</timestamp>
			</report>
			<report>
				<misses>19800000</misses>
				<total>1</total>
				<timestamp>1584.001472</timestamp>
			</report>
			<report>
				<misses>19900000</misses>
				<total>1</total>
				<timestamp>1592.001402</timestamp>
			</report>
			<report>
				<misses>20000000</misses>
				<total>1</total>
				<timestamp>1600.001306</timestamp>
			</report>
			<report>
				<misses>20100000</misses>
				<total>1</total>
				<timestamp>1608.001313</timestamp>
			</report>
			<report>
				<misses>20200000</misses>
				<total>1</total>
				<timestamp>1616.001333</timestamp>
			</report>
			<report>
				<misses>20300000</misses>
				<total>1</total>
				<timestamp>1624.001241</timestamp>
			</report>
			<report>
				<misses>20400000</misses>
				<total>1</total>
				<timestamp>1632.001186</timestamp>
			</report>
			<report>
				<misses>20500000</misses>
				<total>1</total>
				<timestamp>1640.001104</timestamp>
			</report>
			<report>
				<misses>20600000</misses>
				<total>1</total>
				<timestamp>1648.001010</timestamp>
			</report>
			<report>
				<misses>20700000</misses>
				<total>1</total>
				<timestamp>1656.001032</timestamp>
			</report>
			<report>
				<misses>20800000</misses>
				<total>1</total>
				<timestamp>1664.001014</timestamp>
			</report>
			<report>
				<misses>20900000</misses>
				<total>1</total>
				<timestamp>1672.000964</timestamp>
			</report>
			<report>
				<misses>21000000</misses>
				<total>1</total>
				<timestamp>1680.000911</timestamp>
			</report>
			<report>
				<misses>21100000</misses>
				<total>1</total>
				<timestamp>1688.000915</timestamp>
			</report>
			<report>
				<misses>21200000</misses>
				<total>1</total>
				<timestamp>1696.000893</timestamp>
			</report>
			<report>
				<misses>21300000</misses>
				<total>1</total>
				<timestamp>1704.000924</timestamp>
			</report>
			<report>
				<misses>21400000</misses>
				<total>1</total>
				<timestamp>1712.000918</timestamp>
			</report>
			<report>
				<misses>21500000</misses>
				<total>1</total>
				<timestamp>1720.000912</timestamp>
			</report>
			<report>
				<misses>21600000</misses>
				<total>1</total>
				<timestamp>1728.001372</timestamp>
			</report>
			<report>
				<misses>21700000</misses>
				<total>1</total>
				<timestamp>1736.001282</timestamp>
			</report>
			<report>
				<misses>21800000</misses>
				<total>1</total>
				<timestamp>1744.001358</timestamp>
			</report>
			<report>
				<misses>21900000</misses>
				<total>1</total>
				<timestamp>1752.001277</timestamp>
			</report>
			<report>
				<misses>22000000</misses>
				<total>1</total>
				<timestamp>1760.001272</timestamp>
			</report>
			<report>
				<misses>22100000</misses>
				<total>1</total>
				<timestamp>1768.001221</timestamp>
			</report>
			<report>
				<misses>22200000</misses>
				<total>1</total>
				<timestamp>1776.001194</timestamp>
			</report>
			<report>
				<misses>22300000</misses>
				<total>1</total>
				<timestamp>1784.001117</timestamp>
			</report>
			<report>
				<misses>22400000</misses>
				<total>1</total>
				<timestamp>1792.001084</timestamp>
			</report>
			<report>
				<misses>22500000</misses>
				<total>1</total>
				<timestamp>1800.000983</timestamp>
			</report>
			<report>
				<misses>22600000</misses>
				<total>1</total>
				<timestamp>1808.000895</timestamp>
			</report>
			<report>
				<misses>22700000</misses>
				<total>1</total>
				<timestamp>1816.000906</timestamp>
			</report>
			<report>
				<misses>22800000</misses>
				<total>1</total>
				<timestamp>1824.001221</timestamp>
			</report>
			<report>
				<misses>22900000</misses>
				<total>1</total>
				<timestamp>1832.001375</timestamp>
			</report>
			<report>
				<misses>23000000</misses>
				<total>1</total>
				<timestamp>1840.001288</timestamp>
			</report>
			<report>
				<misses>23100000</misses>
				<total>1</total>
				<timestamp>1848.001800</timestamp>
			</report>
			<report>
				<misses>23200000</misses>
				<total>1</total>
				<timestamp>1856.001723</timestamp>
			</report>
			<report>
				<misses>23300000</misses>
				<total>2</total>
				<timestamp>1864.001616</timestamp>
			</report>
			<report>
				<misses>23400000</misses>
				<total>2</total>
				<timestamp>1872.001545</timestamp>
			</report>
			<report>
				<misses>23500000</misses>
				<total>2</total>
				<timestamp>1880.001458</timestamp>
			</report>
			<report>
				<misses>23600000</misses>
				<total>2</total>
				<timestamp>1888.001385</timestamp>
			</report>
			<report>
				<misses>23700000</misses>
				<total>2</total>
				<timestamp>1896.001286</timestamp>
			</report>
			<report>
				<misses>23800000</misses>
				<total>2</total>
				<timestamp>1904.001327</timestamp>
			</report>
			<report>
				<misses>23900000</misses>
				<total>2</total>
				<timestamp>1912.001283</timestamp>
			</report>
			<report>
				<misses>24000000</misses>
				<total>2</total>
				<timestamp>1920.001305</timestamp>
			</report>
			<report>
				<misses>24100000</misses>
				<total>2</total>
				<timestamp>1928.001332</timestamp>
			</report>
			<report>
				<misses>24200000</misses>
				<total>2</total>
				<timestamp>1936.001291</timestamp>
			</report>
			<report>
				<misses>24300000</misses>
				<total>2</total>
				<timestamp>1944.001326</timestamp>
			</report>
			<report>
				<misses>24400000</misses>
				<total>2</total>
				<timestamp>1952.001233</timestamp>
			</report>
			<report>
				<misses>24500000</misses>
				<total>2</total>
				<timestamp>1960.001248</timestamp>
			</report>
			<report>
				<misses>24600000</misses>
				<total>2</total>
				<timestamp>1968.001299</timestamp>
			</report>
			<report>
				<misses>24700000</misses>
				<total>2</total>
				<timestamp>1976.001327</timestamp>
			</report>
			<report>
				<misses>24800000</misses>
				<total>2</total>
				<timestamp>1984.001246</timestamp>
			</report>
			<report>
				<misses>24900000</misses>
				<total>2</total>
				<timestamp>1992.001146</timestamp>
			</report>
			<report>
				<misses>25000000</misses>
				<total>2</total>
				<timestamp>2000.001055</timestamp>
			</report>
			<report>
				<misses>25100000</misses>
				<total>2</total>
				<timestamp>2008.001066</timestamp>
			</report>
			<report>
				<misses>25200000</misses>
				<total>2</total>
				<timestamp>2016.000983</timestamp>
			</report>
			<report>
				<misses>25300000</misses>
				<total>2</total>
				<timestamp>2024.001066</timestamp>
			</report>
			<report>
				<misses>25400000</misses>
				<total>2</total>
				<timestamp>2032.000962</timestamp>
			</report>
			<report>
				<misses>25500000</misses>
				<total>2</total>
				<timestamp>2040.000958</timestamp>
			</report>
			<report>
				<misses>25600000</misses>
				<total>2</total>
				<timestamp>2048.000903</timestamp>
			</report>
			<report>
				<misses>25700000</misses>
				<total>2</total>
				<timestamp>2056.000922</timestamp>
			</report>
			<report>
				<misses>25800000</misses>
				<total>2</total>
				<timestamp>2064.000904</timestamp>
			</report>
			<report>
				<misses>25900000</misses>
				<total>2</total>
				<timestamp>2072.000910</timestamp>
			</report>
			<report>
				<misses>26000000</misses>
				<total>2</total>
				<timestamp>2080.001099</timestamp>
			</report>
			<report>
				<misses>26100000</misses>
				<total>2</total>
				<timestamp>2088.001292</timestamp>
			</report>
			<report>
				<misses>26200000</misses>
				<total>2</total>
				<timestamp>2096.001294</timestamp>
			</report>
			<report>
				<misses>26300000</misses>
				<total>2</total>
				<timestamp>2104.001214</timestamp>
			</report>
			<report>
				<misses>26400000</misses>
				<total>2</total>
				<timestamp>2112.001120</timestamp>
			</report>
			<report>
				<misses>26500000</misses>
				<total>2</total>
				<timestamp>2120.001220</timestamp>
			</report>
			<report>
				<misses>26600000</misses>
				<total>2</total>
				<timestamp>2128.001449</timestamp>
			</report>
			<report>
				<misses>26700000</misses>
				<total>2</total>
				<timestamp>2136.001358</timestamp>
			</report>
			<report>
				<misses>26800000</misses>
				<total>2</total>
				<timestamp>2144.001363</timestamp>
			</report>
			<report>
				<misses>26900000</misses>
				<total>2</total>
				<timestamp>2152.001315</timestamp>
			</report>
			<report>
				<misses>27000000</misses>
				<total>2</total>
				<timestamp>2160.001226</timestamp>
			</report>
			<report>
				<misses>27100000</misses>
				<total>2</total>
				<timestamp>2168.001132</timestamp>
			</report>
			<report>
				<misses>27200000</misses>
				<total>2</total>
				<timestamp>2176.001404</timestamp>
			</report>
			<report>
				<misses>27300000</misses>
				<total>2</total>
				<timestamp>2184.001292</timestamp>
			</report>
			<report>
				<misses>27400000</misses>
				<total>2</total>
				<timestamp>2192.001310</timestamp>
			</report>
			<report>
				<misses>27500000</misses>
				<total>2</total>
				<timestamp>2200.001216</timestamp>
			</report>
			<report>
				<misses>27600000</misses>
				<total>2</total>
				<timestamp>2208.001113</timestamp>
			</report>
			<report>
				<misses>27700000</misses>
				<total>2</total>
				<timestamp>2216.001119</timestamp>
			</report>
			<report>
				<misses>27800000</misses>
				<total>2</total>
				<timestamp>2224.001036</timestamp>
			</report>
			<report>
				<misses>27900000</misses>
				<total>2</total>
				<timestamp>2232.000954</timestamp>
			</report>
			<report>
				<misses>28000000</misses>
				<total>2</total>
				<timestamp>2240.001208</timestamp>
			</report>
			<report>
				<misses>28100000</misses>
				<total>2</total>
				<timestamp>2248.001273</timestamp>
			</report>
			<report>
				<misses>28200000</misses>
				<total>2</total>
				<timestamp>2256.001914</timestamp>
			</report>
			<report>
				<misses>28300000</misses>
				<total>2</total>
				<timestamp>2264.001933</timestamp>
			</report>
			<report>
				<misses>28400000</misses>
				<total>2</total>
				<timestamp>2272.001906</timestamp>
			</report>
			<report>
				<misses>28500000</misses>
				<total>2</total>
				<timestamp>2280.001875</timestamp>
			</report>
			<report>
				<misses>28600000</misses>
				<total>2</total>
				<timestamp>2288.001799</timestamp>
			</report>
			<report>
				<misses>28700000</misses>
				<total>2</total>
				<timestamp>2296.001792</timestamp>
			</report>
			<report>
				<misses>28800000</misses>
				<total>2</total>
				<timestamp>2304.001794</timestamp>
			</report>
			<report>
				<misses>28900000</misses>
				<total>2</total>
				<timestamp>2312.001684</timestamp>
			</report>
			<report>
				<misses>29000000</misses>
				<total>2</total>
				<timestamp>2320.001685</timestamp>
			</report>
			<report>
				<misses>29100000</misses>
				<total>2</total>
				<timestamp>2328.001594</timestamp>
			</report>
			<report>
				<misses>29200000</misses>
				<total>2</total>
				<timestamp>2336.001525</timestamp>
			</report>
			<report>
				<misses>29300000</misses>
				<total>2</total>
				<timestamp>2344.001688</timestamp>
			</report>
			<report>
				<misses>29400000</misses>
				<total>2</total>
				<timestamp>2352.001696</timestamp>
			</report>
			<report>
				<misses>29500000</misses>
				<total>2</total>
				<timestamp>2360.001680</timestamp>
			</report>
			<report>
				<misses>29600000</misses>
				<total>2</total>
				<timestamp>2368.001686</timestamp>
			</report>
			<report>
				<misses>29700000</misses>
				<total>2</total>
				<timestamp>2376.001647</timestamp>
			</report>
			<report>
				<misses>29800000</misses>
				<total>2</total>
				<timestamp>2384.001524</timestamp>
			</report>
			<report>
				<misses>29900000</misses>
				<total>2</total>
				<timestamp>2392.001472</timestamp>
			</report>
			<report>
				<misses>30000000</misses>
				<total>2</total>
				<timestamp>2400.001348</timestamp>
			</report>
			<report>
				<misses>30100000</misses>
				<total>2</total>
				<timestamp>2408.001276</timestamp>
			</report>
			<report>
				<misses>30200000</misses>
				<total>2</total>
				<timestamp>2416.001201</timestamp>
			</report>
			<report>
				<misses>30300000</misses>
				<total>2</total>
				<timestamp>2424.001136</timestamp>
			</report>
			<report>
				<misses>30400000</misses>
				<total>2</total>
				<timestamp>2432.001119</timestamp>
			</report>
			<report>
				<misses>30500000</misses>
				<total>2</total>
				<timestamp>2440.001203</timestamp>
			</report>
			<report>
				<misses>30600000</misses>
				<total>2</total>
				<timestamp>2448.001137</timestamp>
			</report>
			<report>
				<misses>30700000</misses>
				<total>2</total>
				<timestamp>2456.001202</timestamp>
			</report>
			<report>
				<misses>30800000</misses>
				<total>2</total>
				<timestamp>2464.002080</timestamp>
			</report>
			<report>
				<misses>30900000</misses>
				<total>2</total>
				<timestamp>2472.002571</timestamp>
			</report>
			<report>
				<misses>31000000</misses>
				<total>2</total>
				<timestamp>2480.002559</timestamp>
			</report>
			<report>
				<misses>31100000</misses>
				<total>2</total>
				<timestamp>2488.002476</timestamp>
			</report>
			<report>
				<misses>31200000</misses>
				<total>2</total>
				<timestamp>2496.002410</timestamp>
			</report>
			<report>
				<misses>31300000</misses>
				<total>2</total>
				<timestamp>2504.002323</timestamp>
			</report>
			<report>
				<misses>31400000</misses>
				<total>2</total>
				<timestamp>2512.002251</timestamp>
			</report>
			<report>
				<misses>31500000</misses>
				<total>2</total>
				<timestamp>2520.002157</timestamp>
			</report>
			<report>
				<misses>31600000</misses>
				<total>2</total>
				<timestamp>2528.002091</timestamp>
			</report>
			<report>
				<misses>31700000</misses>
				<total>2</total>
				<timestamp>2536.001998</timestamp>
			</report>
			<report>
				<misses>31800000</misses>
				<total>2</total>
				<timestamp>2544.002404</timestamp>
			</report>
			<report>
				<misses>31900000</misses>
				<total>2</total>
				<timestamp>2552.002802</timestamp>
			</report>
			<report>
				<misses>32000000</misses>
				<total>2</total>
				<timestamp>2560.003730</timestamp>
			</report>
			<report>
				<misses>32100000</misses>
				<total>2</total>
				<timestamp>2568.004184</timestamp>
			</report>
			<report>
				<misses>32200000</misses>
				<total>2</total>
				<timestamp>2576.004081</timestamp>
			</report>
			<report>
				<misses>32300000</misses>
				<total>2</total>
				<timestamp>2584.004399</timestamp>
			</report>
			<report>
				<misses>32400000</misses>
				<total>2</total>
				<timestamp>2592.005284</timestamp>
			</report>
			<report>
				<misses>32500000</misses>
				<total>2</total>
				<timestamp>2600.005519</timestamp>
			</report>
			<report>
				<misses>32600000</misses>
				<total>2</total>
				<timestamp>2608.005666</timestamp>
			</report>
			<report>
				<misses>32700000</misses>
				<total>2</total>
				<timestamp>2616.005526</timestamp>
			</report>
			<report>
				<misses>32800000</misses>
				<total>2</total>
				<timestamp>2624.005438</timestamp>
			</report>
			<report>
				<misses>32900000</misses>
				<total>2</total>
				<timestamp>2632.005441</timestamp>
			</report>
			<report>
				<misses>33000000</misses>
				<total>2</total>
				<timestamp>2640.005371</timestamp>
			</report>
			<report>
				<misses>33100000</misses>
				<total>2</total>
				<timestamp>2648.005285</timestamp>
			</report>
			<report>
				<misses>33200000</misses>
				<total>2</total>
				<timestamp>2656.005228</timestamp>
			</report>
			<report>
				<misses>33300000</misses>
				<total>2</total>
				<timestamp>2664.005680</timestamp>
			</report>
			<report>
				<misses>33400000</misses>
				<total>2</total>
				<timestamp>2672.006252</timestamp>
			</report>
			<report>
				<misses>33500000</misses>
				<total>2</total>
				<timestamp>2680.006473</timestamp>
			</report>
			<report>
				<misses>33600000</misses>
				<total>2</total>
				<timestamp>2688.006810</timestamp>
			</report>
			<report>
				<misses>33700000</misses>
				<total>2</total>
				<timestamp>2696.006752</timestamp>
			</report>
			<report>
				<misses>33800000</misses>
				<total>2</total>
				<timestamp>2704.006677</timestamp>
			</report>
			<report>
				<misses>33900000</misses>
				<total>2</total>
				<timestamp>2712.006686</timestamp>
			</report>
			<report>
				<misses>34000000</misses>
				<total>2</total>
				<timestamp>2720.006680</timestamp>
			</report>
			<report>
				<misses>34100000</misses>
				<total>2</total>
				<timestamp>2728.006558</timestamp>
			</report>
			<report>
				<misses>34200000</misses>
				<total>2</total>
				<timestamp>2736.006483</timestamp>
			</report>
			<report>
				<misses>34300000</misses>
				<total>2</total>
				<timestamp>2744.006981</timestamp>
			</report>
			<report>
				<misses>34400000</misses>
				<total>2</total>
				<timestamp>2752.007041</timestamp>
			</report>
			<report>
				<misses>34500000</misses>
				<total>2</total>
				<timestamp>2760.006968</timestamp>
			</report>
			<report>
				<misses>34600000</misses>
				<total>2</total>
				<timestamp>2768.006910</timestamp>
			</report>
			<report>
				<misses>34700000</misses>
				<total>2</total>
				<timestamp>2776.006916</timestamp>
			</report>
			<report>
				<misses>34800000</misses>
				<total>2</total>
				<timestamp>2784.006967</timestamp>
			</report>
			<report>
				<misses>34900000</misses>
				<total>2</total>
				<timestamp>2792.006885</timestamp>
			</report>
			<report>
				<misses>35000000</misses>
				<total>2</total>
				<timestamp>2800.006919</timestamp>
			</report>
			<report>
				<misses>35100000</misses>
				<total>2</total>
				<timestamp>2808.007146</timestamp>
			</report>
			<report>
				<misses>35200000</misses>
				<total>2</total>
				<timestamp>2816.007212</timestamp>
			</report>
			<report>
				<misses>35300000</misses>
				<total>2</total>
				<timestamp>2824.007136</timestamp>
			</report>
			<report>
				<misses>35400000</misses>
				<total>2</total>
				<timestamp>2832.007049</timestamp>
			</report>
			<report>
				<misses>35500000</misses>
				<total>2</total>
				<timestamp>2840.006967</timestamp>
			</report>
			<report>
				<misses>35600000</misses>
				<total>2</total>
				<timestamp>2848.007210</timestamp>
			</report>
			<report>
				<misses>35700000</misses>
				<total>2</total>
				<timestamp>2856.007439</timestamp>
			</report>
			<report>
				<misses>35800000</misses>
				<total>2</total>
				<timestamp>2864.007544</timestamp>
			</report>
			<report>
				<misses>35900000</misses>
				<total>2</total>
				<timestamp>2872.007443</timestamp>
			</report>
			<report>
				<misses>36000000</misses>
				<total>2</total>
				<timestamp>2880.007355</timestamp>
			</report>
			<report>
				<misses>36100000</misses>
				<total>2</total>
				<timestamp>2888.007274</timestamp>
			</report>
			<report>
				<misses>36200000</misses>
				<total>2</total>
				<timestamp>2896.007197</timestamp>
			</report>
			<report>
				<misses>36300000</misses>
				<total>2</total>
				<timestamp>2904.007111</timestamp>
			</report>
			<report>
				<misses>36400000</misses>
				<total>2</total>
				<timestamp>2912.007040</timestamp>
			</report>
			<report>
				<misses>36500000</misses>
				<total>2</total>
				<timestamp>2920.006967</timestamp>
			</report>
			<report>
				<misses>36600000</misses>
				<total>2</total>
				<timestamp>2928.006917</timestamp>
			</report>
			<report>
				<misses>36700000</misses>
				<total>2</total>
				<timestamp>2936.006827</timestamp>
			</report>
			<report>
				<misses>36800000</misses>
				<total>2</total>
				<timestamp>2944.006805</timestamp>
			</report>
			<report>
				<misses>36900000</misses>
				<total>2</total>
				<timestamp>2952.006819</timestamp>
			</report>
			<report>
				<misses>37000000</misses>
				<total>2</total>
				<timestamp>2960.006916</timestamp>
			</report>
			<report>
				<misses>37100000</misses>
				<total>2</total>
				<timestamp>2968.006915</timestamp>
			</report>
			<report>
				<misses>37200000</misses>
				<total>2</total>
				<timestamp>2976.006912</timestamp>
			</report>
			<report>
				<misses>37300000</misses>
				<total>2</total>
				<timestamp>2984.006919</timestamp>
			</report>
			<report>
				<misses>37400000</misses>
				<total>2</total>
				<timestamp>2992.006905</timestamp>
			</report>
			<report>
				<misses>37500000</misses>
				<total>2</total>
				<timestamp>3000.006911</timestamp>
			</report>
			<report>
				<misses>37600000</misses>
				<total>2</total>
				<timestamp>3008.006893</timestamp>
			</report>
			<report>
				<misses>37700000</misses>
				<total>2</total>
				<timestamp>3016.006904</timestamp>
			</report>
			<report>
				<misses>37800000</misses>
				<total>2</total>
				<timestamp>3024.006891</timestamp>
			</report>
			<report>
				<misses>37900000</misses>
				<total>2</total>
				<timestamp>3032.006811</timestamp>
			</report>
			<report>
				<misses>38000000</misses>
				<total>2</total>
				<timestamp>3040.006798</timestamp>
			</report>
			<report>
				<misses>38100000</misses>
				<total>2</total>
				<timestamp>3048.006783</timestamp>
			</report>
			<report>
				<misses>38200000</misses>
				<total>2</total>
				<timestamp>3056.006816</timestamp>
			</report>
			<report>
				<misses>38300000</misses>
				<total>2</total>
				<timestamp>3064.006916</timestamp>
			</report>
			<report>
				<misses>38400000</misses>
				<total>2</total>
				<timestamp>3072.006801</timestamp>
			</report>
			<report>
				<misses>38500000</misses>
				<total>2</total>
				<timestamp>3080.007039</timestamp>
			</report>
			<report>
				<misses>38600000</misses>
				<total>2</total>
				<timestamp>3088.006973</timestamp>
			</report>
			<report>
				<misses>38700000</misses>
				<total>2</total>
				<timestamp>3096.008005</timestamp>
			</report>
			<report>
				<misses>38800000</misses>
				<total>2</total>
				<timestamp>3104.008075</timestamp>
			</report>
			<report>
				<misses>38900000</misses>
				<total>2</total>
				<timestamp>3112.008477</timestamp>
			</report>
			<report>
				<misses>39000000</misses>
				<total>2</total>
				<timestamp>3120.008968</timestamp>
			</report>
			<report>
				<misses>39100000</misses>
				<total>2</total>
				<timestamp>3128.008901</timestamp>
			</report>
			<report>
				<misses>39200000</misses>
				<total>2</total>
				<timestamp>3136.008834</timestamp>
			</report>
			<report>
				<misses>39300000</misses>
				<total>2</total>
				<timestamp>3144.008815</timestamp>
			</report>
			<report>
				<misses>39400000</misses>
				<total>2</total>
				<timestamp>3152.008908</timestamp>
			</report>
			<report>
				<misses>39500000</misses>
				<total>2</total>
				<timestamp>3160.008901</timestamp>
			</report>
			<report>
				<misses>39600000</misses>
				<total>2</total>
				<timestamp>3168.008914</timestamp>
			</report>
			<report>
				<misses>39700000</misses>
				<total>2</total>
				<timestamp>3176.009152</timestamp>
			</report>
			<report>
				<misses>39800000</misses>
				<total>2</total>
				<timestamp>3184.009686</timestamp>
			</report>
			<report>
				<misses>39900000</misses>
				<total>2</total>
				<timestamp>3192.009682</timestamp>
			</report>
			<report>
				<misses>40000000</misses>
				<total>2</total>
				<timestamp>3200.009601</timestamp>
			</report>
			<report>
				<misses>40100000</misses>
				<total>2</total>
				<timestamp>3208.009534</timestamp>
			</report>
			<report>
				<misses>40200000</misses>
				<total>2</total>
				<timestamp>3216.009456</timestamp>
			</report>
			<report>
				<misses>40300000</misses>
				<total>2</total>
				<timestamp>3224.009941</timestamp>
			</report>
			<report>
				<misses>40400000</misses>
				<total>2</total>
				<timestamp>3232.009912</timestamp>
			</report>
			<report>
				<misses>40500000</misses>
				<total>2</total>
				<timestamp>3240.009922</timestamp>
			</report>
			<report>
				<misses>40600000</misses>
				<total>2</total>
				<timestamp>3248.009904</timestamp>
			</report>
			<report>
				<misses>40700000</misses>
				<total>2</total>
				<timestamp>3256.010163</timestamp>
			</report>
			<report>
				<misses>40800000</misses>
				<total>2</total>
				<timestamp>3264.010352</timestamp>
			</report>
			<report>
				<misses>40900000</misses>
				<total>2</total>
				<timestamp>3272.010891</timestamp>
			</report>
			<report>
				<misses>41000000</misses>
				<total>2</total>
				<timestamp>3280.011038</timestamp>
			</report>
			<report>
				<misses>41100000</misses>
				<total>2</total>
				<timestamp>3288.012083</timestamp>
			</report>
			<report>
				<misses>41200000</misses>
				<total>2</total>
				<timestamp>3296.012571</timestamp>
			</report>
			<report>
				<misses>41300000</misses>
				<total>2</total>
				<timestamp>3304.012695</timestamp>
			</report>
			<report>
				<misses>41400000</misses>
				<total>2</total>
				<timestamp>3312.012689</timestamp>
			</report>
			<report>
				<misses>41500000</misses>
				<total>2</total>
				<timestamp>3320.012564</timestamp>
			</report>
			<report>
				<misses>41600000</misses>
				<total>2</total>
				<timestamp>3328.012491</timestamp>
			</report>
			<report>
				<misses>41700000</misses>
				<total>2</total>
				<timestamp>3336.012404</timestamp>
			</report>
			<report>
				<misses>41800000</misses>
				<total>2</total>
				<timestamp>3344.012336</timestamp>
			</report>
			<report>
				<misses>41900000</misses>
				<total>2</total>
				<timestamp>3352.012239</timestamp>
			</report>
			<report>
				<misses>42000000</misses>
				<total>2</total>
				<timestamp>3360.012164</timestamp>
			</report>
			<report>
				<misses>42100000</misses>
				<total>2</total>
				<timestamp>3368.012081</timestamp>
			</report>
			<report>
				<misses>42200000</misses>
				<total>2</total>
				<timestamp>3376.012021</timestamp>
			</report>
			<report>
				<misses>42300000</misses>
				<total>2</total>
				<timestamp>3384.011946</timestamp>
			</report>
			<report>
				<misses>42400000</misses>
				<total>2</total>
				<timestamp>3392.011918</timestamp>
			</report>
			<report>
				<misses>42500000</misses>
				<total>2</total>
				<timestamp>3400.011909</timestamp>
			</report>
			<report>
				<misses>42600000</misses>
				<total>2</total>
				<timestamp>3408.011801</timestamp>
			</report>
			<report>
				<misses>42700000</misses>
				<total>2</total>
				<timestamp>3416.011693</timestamp>
			</report>
			<report>
				<misses>42800000</misses>
				<total>2</total>
				<timestamp>3424.011674</timestamp>
			</report>
			<report>
				<misses>42900000</misses>
				<total>2</total>
				<timestamp>3432.011685</timestamp>
			</report>
			<report>
				<misses>43000000</misses>
				<total>2</total>
				<timestamp>3440.011697</timestamp>
			</report>
			<report>
				<misses>43100000</misses>
				<total>2</total>
				<timestamp>3448.011644</timestamp>
			</report>
			<report>
				<misses>43200000</misses>
				<total>2</total>
				<timestamp>3456.011593</timestamp>
			</report>
			<report>
				<misses>43300000</misses>
				<total>2</total>
				<timestamp>3464.011522</timestamp>
			</report>
			<report>
				<misses>43400000</misses>
				<total>2</total>
				<timestamp>3472.011451</timestamp>
			</report>
			<report>
				<misses>43500000</misses>
				<total>3</total>
				<timestamp>3480.011377</timestamp>
			</report>
			<report>
				<misses>43600000</misses>
				<total>3</total>
				<timestamp>3488.011288</timestamp>
			</report>
			<report>
				<misses>43700000</misses>
				<total>3</total>
				<timestamp>3496.011201</timestamp>
			</report>
			<report>
				<misses>43800000</misses>
				<total>3</total>
				<timestamp>3504.011128</timestamp>
			</report>
			<report>
				<misses>43900000</misses>
				<total>3</total>
				<timestamp>3512.011122</timestamp>
			</report>
			<report>
				<misses>44000000</misses>
				<total>3</total>
				<timestamp>3520.011096</timestamp>
			</report>
			<report>
				<misses>44100000</misses>
				<total>3</total>
				<timestamp>3528.010999</timestamp>
			</report>
			<report>
				<misses>44200000</misses>
				<total>3</total>
				<timestamp>3536.010909</timestamp>
			</report>
			<report>
				<misses>44300000</misses>
				<total>3</total>
				<timestamp>3544.010906</timestamp>
			</report>
			<report>
				<misses>44400000</misses>
				<total>3</total>
				<timestamp>3552.010888</timestamp>
			</report>
			<report>
				<misses>44500000</misses>
				<total>3</total>
				<timestamp>3560.010808</timestamp>
			</report>
			<report>
				<misses>44600000</misses>
				<total>3</total>
				<timestamp>3568.010801</timestamp>
			</report>
			<report>
				<misses>44700000</misses>
				<total>3</total>
				<timestamp>3576.010773</timestamp>
			</report>
			<report>
				<misses>44800000</misses>
				<total>3</total>
				<timestamp>3584.010659</timestamp>
			</report>
			<report>
				<misses>44900000</misses>
				<total>3</total>
				<timestamp>3592.010693</timestamp>
			</report>
			<report>
				<misses>45000000</misses>
				<total>3</total>
				<timestamp>3600.010571</timestamp>
			</report>
			<report>
				<misses>45100000</misses>
				<total>3</total>
				<timestamp>3608.010487</timestamp>
			</report>
			<report>
				<misses>45200000</misses>
				<total>3</total>
				<timestamp>3616.010534</timestamp>
			</report>
			<report>
				<misses>45300000</misses>
				<total>3</total>
				<timestamp>3624.010491</timestamp>
			</report>
			<report>
				<misses>45400000</misses>
				<total>3</total>
				<timestamp>3632.010412</timestamp>
			</report>
			<report>
				<misses>45500000</misses>
				<total>3</total>
				<timestamp>3640.010322</timestamp>
			</report>
			<report>
				<misses>45600000</misses>
				<total>3</total>
				<timestamp>3648.010316</timestamp>
			</report>
			<report>
				<misses>45700000</misses>
				<total>3</total>
				<timestamp>3656.010413</timestamp>
			</report>
			<report>
				<misses>45800000</misses>
				<total>3</total>
				<timestamp>3664.010323</timestamp>
			</report>
			<report>
				<misses>45900000</misses>
				<total>3</total>
				<timestamp>3672.010254</timestamp>
			</report>
			<report>
				<misses>46000000</misses>
				<total>3</total>
				<timestamp>3680.010168</timestamp>
			</report>
			<report>
				<misses>46100000</misses>
				<total>3</total>
				<timestamp>3688.010086</timestamp>
			</report>
			<report>
				<misses>46200000</misses>
				<total>3</total>
				<timestamp>3696.010027</timestamp>
			</report>
			<report>
				<misses>46300000</misses>
				<total>3</total>
				<timestamp>3704.009949</timestamp>
			</report>
			<report>
				<misses>46400000</misses>
				<total>3</total>
				<timestamp>3712.010022</timestamp>
			</report>
			<report>
				<misses>46500000</misses>
				<total>3</total>
				<timestamp>3720.009939</timestamp>
			</report>
			<report>
				<misses>46600000</misses>
				<total>3</total>
				<timestamp>3728.009882</timestamp>
			</report>
			<report>
				<misses>46700000</misses>
				<total>3</total>
				<timestamp>3736.009804</timestamp>
			</report>
			<report>
				<misses>46800000</misses>
				<total>3</total>
				<timestamp>3744.009781</timestamp>
			</report>
			<report>
				<misses>46900000</misses>
				<total>3</total>
				<timestamp>3752.009688</timestamp>
			</report>
			<report>
				<misses>47000000</misses>
				<total>3</total>
				<timestamp>3760.009686</timestamp>
			</report>
			<report>
				<misses>47100000</misses>
				<total>3</total>
				<timestamp>3768.009683</timestamp>
			</report>
			<report>
				<misses>47200000</misses>
				<total>3</total>
				<timestamp>3776.009684</timestamp>
			</report>
			<report>
				<misses>47300000</misses>
				<total>3</total>
				<timestamp>3784.009798</timestamp>
			</report>
			<report>
				<misses>47400000</misses>
				<total>3</total>
				<timestamp>3792.009906</timestamp>
			</report>
			<report>
				<misses>47500000</misses>
				<total>3</total>
				<timestamp>3800.009907</timestamp>
			</report>
			<report>
				<misses>47600000</misses>
				<total>3</total>
				<timestamp>3808.009903</timestamp>
			</report>
			<report>
				<misses>47700000</misses>
				<total>3</total>
				<timestamp>3816.009881</timestamp>
			</report>
			<report>
				<misses>47800000</misses>
				<total>3</total>
				<timestamp>3824.009911</timestamp>
			</report>
			<report>
				<misses>47900000</misses>
				<total>3</total>
				<timestamp>3832.009888</timestamp>
			</report>
			<report>
				<misses>48000000</misses>
				<total>3</total>
				<timestamp>3840.009885</timestamp>
			</report>
			<report>
				<misses>48100000</misses>
				<total>3</total>
				<timestamp>3848.009918</timestamp>
			</report>
			<report>
				<misses>48200000</misses>
				<total>3</total>
				<timestamp>3856.009916</timestamp>
			</report>
			<report>
				<misses>48300000</misses>
				<total>3</total>
				<timestamp>3864.009914</timestamp>
			</report>
			<report>
				<misses>48400000</misses>
				<total>3</total>
				<timestamp>3872.009910</timestamp>
			</report>
			<report>
				<misses>48500000</misses>
				<total>3</total>
				<timestamp>3880.009811</timestamp>
			</report>
			<report>
				<misses>48600000</misses>
				<total>3</total>
				<timestamp>3888.009903</timestamp>
			</report>
			<report>
				<misses>48700000</misses>
				<total>3</total>
				<timestamp>3896.009791</timestamp>
			</report>
			<report>
				<misses>48800000</misses>
				<total>3</total>
				<timestamp>3904.009800</timestamp>
			</report>
			<report>
				<misses>48900000</misses>
				<total>3</total>
				<timestamp>3912.009698</timestamp>
			</report>
			<report>
				<misses>49000000</misses>
				<total>3</total>
				<timestamp>3920.009694</timestamp>
			</report>
			<report>
				<misses>49100000</misses>
				<total>3</total>
				<timestamp>3928.009693</timestamp>
			</report>
			<report>
				<misses>49200000</misses>
				<total>3</total>
				<timestamp>3936.009663</timestamp>
			</report>
			<report>
				<misses>49300000</misses>
				<total>3</total>
				<timestamp>3944.009523</timestamp>
			</report>
			<report>
				<misses>49400000</misses>
				<total>3</total>
				<timestamp>3952.009468</timestamp>
			</report>
			<report>
				<misses>49500000</misses>
				<total>3</total>
				<timestamp>3960.009365</timestamp>
			</report>
			<report>
				<misses>49600000</misses>
				<total>3</total>
				<timestamp>3968.009281</timestamp>
			</report>
			<report>
				<misses>49700000</misses>
				<total>3</total>
				<timestamp>3976.009274</timestamp>
			</report>
			<report>
				<misses>49800000</misses>
				<total>3</total>
				<timestamp>3984.009129</timestamp>
			</report>
			<report>
				<misses>49900000</misses>
				<total>3</total>
				<timestamp>3992.009045</timestamp>
			</report>
			<report>
				<misses>50000000</misses>
				<total>3</total>
				<timestamp>4000.008970</timestamp>
			</report>
			<report>
				<misses>50100000</misses>
				<total>3</total>
				<timestamp>4008.009025</timestamp>
			</report>
			<report>
				<misses>50200000</misses>
				<total>3</total>
				<timestamp>4016.008907</timestamp>
			</report>
			<report>
				<misses>50300000</misses>
				<total>3</total>
				<timestamp>4024.008806</timestamp>
			</report>
			<report>
				<misses>50400000</misses>
				<total>3</total>
				<timestamp>4032.008802</timestamp>
			</report>
			<report>
				<misses>50500000</misses>
				<total>3</total>
				<timestamp>4040.008796</timestamp>
			</report>
			<report>
				<misses>50600000</misses>
				<total>3</total>
				<timestamp>4048.008750</timestamp>
			</report>
			<report>
				<misses>50700000</misses>
				<total>3</total>
				<timestamp>4056.008688</timestamp>
			</report>
			<report>
				<misses>50800000</misses>
				<total>3</total>
				<timestamp>4064.008685</timestamp>
			</report>
			<report>
				<misses>50900000</misses>
				<total>3</total>
				<timestamp>4072.008679</timestamp>
			</report>
			<report>
				<misses>51000000</misses>
				<total>3</total>
				<timestamp>4080.008563</timestamp>
			</report>
			<report>
				<misses>51100000</misses>
				<total>3</total>
				<timestamp>4088.008491</timestamp>
			</report>
			<report>
				<misses>51200000</misses>
				<total>3</total>
				<timestamp>4096.008402</timestamp>
			</report>
			<report>
				<misses>51300000</misses>
				<total>3</total>
				<timestamp>4104.008333</timestamp>
			</report>
			<report>
				<misses>51400000</misses>
				<total>3</total>
				<timestamp>4112.008233</timestamp>
			</report>
			<report>
				<misses>51500000</misses>
				<total>3</total>
				<timestamp>4120.008159</timestamp>
			</report>
			<report>
				<misses>51600000</misses>
				<total>3</total>
				<timestamp>4128.008079</timestamp>
			</report>
			<report>
				<misses>51700000</misses>
				<total>3</total>
				<timestamp>4136.008019</timestamp>
			</report>
			<report>
				<misses>51800000</misses>
				<total>3</total>
				<timestamp>4144.007945</timestamp>
			</report>
			<report>
				<misses>51900000</misses>
				<total>3</total>
				<timestamp>4152.007915</timestamp>
			</report>
			<report>
				<misses>52000000</misses>
				<total>3</total>
				<timestamp>4160.007889</timestamp>
			</report>
			<report>
				<misses>52100000</misses>
				<total>3</total>
				<timestamp>4168.007947</timestamp>
			</report>
			<report>
				<misses>52200000</misses>
				<total>3</total>
				<timestamp>4176.008699</timestamp>
			</report>
			<report>
				<misses>52300000</misses>
				<total>3</total>
				<timestamp>4184.008733</timestamp>
			</report>
			<report>
				<misses>52400000</misses>
				<total>3</total>
				<timestamp>4192.008702</timestamp>
			</report>
			<report>
				<misses>52500000</misses>
				<total>3</total>
				<timestamp>4200.008675</timestamp>
			</report>
			<report>
				<misses>52600000</misses>
				<total>3</total>
				<timestamp>4208.008698</timestamp>
			</report>
			<report>
				<misses>52700000</misses>
				<total>3</total>
				<timestamp>4216.008565</timestamp>
			</report>
			<report>
				<misses>52800000</misses>
				<total>3</total>
				<timestamp>4224.008484</timestamp>
			</report>
			<report>
				<misses>52900000</misses>
				<total>3</total>
				<timestamp>4232.008408</timestamp>
			</report>
			<report>
				<misses>53000000</misses>
				<total>3</total>
				<timestamp>4240.008315</timestamp>
			</report>
			<report>
				<misses>53100000</misses>
				<total>3</total>
				<timestamp>4248.008519</timestamp>
			</report>
			<report>
				<misses>53200000</misses>
				<total>3</total>
				<timestamp>4256.008456</timestamp>
			</report>
			<report>
				<misses>53300000</misses>
				<total>3</total>
				<timestamp>4264.008457</timestamp>
			</report>
			<report>
				<misses>53400000</misses>
				<total>3</total>
				<timestamp>4272.008365</timestamp>
			</report>
			<report>
				<misses>53500000</misses>
				<total>3</total>
				<timestamp>4280.008286</timestamp>
			</report>
			<report>
				<misses>53600000</misses>
				<total>3</total>
				<timestamp>4288.008235</timestamp>
			</report>
			<report>
				<misses>53700000</misses>
				<total>3</total>
				<timestamp>4296.008246</timestamp>
			</report>
			<report>
				<misses>53800000</misses>
				<total>3</total>
				<timestamp>4304.008242</timestamp>
			</report>
			<report>
				<misses>53900000</misses>
				<total>3</total>
				<timestamp>4312.008255</timestamp>
			</report>
			<report>
				<misses>54000000</misses>
				<total>3</total>
				<timestamp>4320.008173</timestamp>
			</report>
			<report>
				<misses>54100000</misses>
				<total>3</total>
				<timestamp>4328.008167</timestamp>
			</report>
			<report>
				<misses>54200000</misses>
				<total>3</total>
				<timestamp>4336.008252</timestamp>
			</report>
			<report>
				<misses>54300000</misses>
				<total>3</total>
				<timestamp>4344.008254</timestamp>
			</report>
			<report>
				<misses>54400000</misses>
				<total>3</total>
				<timestamp>4352.008287</timestamp>
			</report>
			<report>
				<misses>54500000</misses>
				<total>3</total>
				<timestamp>4360.008251</timestamp>
			</report>
			<report>
				<misses>54600000</misses>
				<total>3</total>
				<timestamp>4368.008177</timestamp>
			</report>
			<report>
				<misses>54700000</misses>
				<total>3</total>
				<timestamp>4376.008190</timestamp>
			</report>
			<report>
				<misses>54800000</misses>
				<total>3</total>
				<timestamp>4384.008218</timestamp>
			</report>
			<report>
				<misses>54900000</misses>
				<total>3</total>
				<timestamp>4392.008147</timestamp>
			</report>
			<report>
				<misses>55000000</misses>
				<total>3</total>
				<timestamp>4400.007987</timestamp>
			</report>
			<report>
				<misses>55100000</misses>
				<total>3</total>
				<timestamp>4408.008082</timestamp>
			</report>
			<report>
				<misses>55200000</misses>
				<total>3</total>
				<timestamp>4416.007997</timestamp>
			</report>
			<report>
				<misses>55300000</misses>
				<total>3</total>
				<timestamp>4424.007913</timestamp>
			</report>
			<report>
				<misses>55400000</misses>
				<total>3</total>
				<timestamp>4432.007944</timestamp>
			</report>
			<report>
				<misses>55500000</misses>
				<total>3</total>
				<timestamp>4440.007973</timestamp>
			</report>
			<report>
				<misses>55600000</misses>
				<total>3</total>
				<timestamp>4448.007883</timestamp>
			</report>
			<report>
				<misses>55700000</misses>
				<total>3</total>
				<timestamp>4456.007898</timestamp>
			</report>
			<report>
				<misses>55800000</misses>
				<total>3</total>
				<timestamp>4464.007799</timestamp>
			</report>
			<report>
				<misses>55900000</misses>
				<total>3</total>
				<timestamp>4472.007804</timestamp>
			</report>
			<report>
				<misses>56000000</misses>
				<total>3</total>
				<timestamp>4480.007688</timestamp>
			</report>
			<report>
				<misses>56100000</misses>
				<total>3</total>
				<timestamp>4488.007693</timestamp>
			</report>
			<report>
				<misses>56200000</misses>
				<total>3</total>
				<timestamp>4496.007698</timestamp>
			</report>
			<report>
				<misses>56300000</misses>
				<total>3</total>
				<timestamp>4504.007679</timestamp>
			</report>
			<report>
				<misses>56400000</misses>
				<total>3</total>
				<timestamp>4512.007710</timestamp>
			</report>
			<report>
				<misses>56500000</misses>
				<total>3</total>
				<timestamp>4520.007686</timestamp>
			</report>
			<report>
				<misses>56600000</misses>
				<total>3</total>
				<timestamp>4528.007704</timestamp>
			</report>
			<report>
				<misses>56700000</misses>
				<total>3</total>
				<timestamp>4536.007690</timestamp>
			</report>
			<report>
				<misses>56800000</misses>
				<total>3</total>
				<timestamp>4544.007807</timestamp>
			</report>
			<report>
				<misses>56900000</misses>
				<total>3</total>
				<timestamp>4552.008497</timestamp>
			</report>
			<report>
				<misses>57000000</misses>
				<total>3</total>
				<timestamp>4560.008565</timestamp>
			</report>
			<report>
				<misses>57100000</misses>
				<total>3</total>
				<timestamp>4568.008965</timestamp>
			</report>
			<report>
				<misses>57200000</misses>
				<total>3</total>
				<timestamp>4576.010011</timestamp>
			</report>
			<report>
				<misses>57300000</misses>
				<total>3</total>
				<timestamp>4584.009906</timestamp>
			</report>
			<report>
				<misses>57400000</misses>
				<total>3</total>
				<timestamp>4592.009911</timestamp>
			</report>
			<report>
				<misses>57500000</misses>
				<total>3</total>
				<timestamp>4600.009793</timestamp>
			</report>
			<report>
				<misses>57600000</misses>
				<total>3</total>
				<timestamp>4608.009835</timestamp>
			</report>
			<report>
				<misses>57700000</misses>
				<total>3</total>
				<timestamp>4616.009953</timestamp>
			</report>
			<report>
				<misses>57800000</misses>
				<total>3</total>
				<timestamp>4624.009918</timestamp>
			</report>
			<report>
				<misses>57900000</misses>
				<total>3</total>
				<timestamp>4632.009905</timestamp>
			</report>
			<report>
				<misses>58000000</misses>
				<total>3</total>
				<timestamp>4640.009965</timestamp>
			</report>
			<report>
				<misses>58100000</misses>
				<total>3</total>
				<timestamp>4648.009910</timestamp>
			</report>
			<report>
				<misses>58200000</misses>
				<total>3</total>
				<timestamp>4656.009810</timestamp>
			</report>
			<report>
				<misses>58300000</misses>
				<total>3</total>
				<timestamp>4664.009810</timestamp>
			</report>
			<report>
				<misses>58400000</misses>
				<total>3</total>
				<timestamp>4672.009797</timestamp>
			</report>
			<report>
				<misses>58500000</misses>
				<total>3</total>
				<timestamp>4680.009780</timestamp>
			</report>
			<report>
				<misses>58600000</misses>
				<total>3</total>
				<timestamp>4688.009803</timestamp>
			</report>
			<report>
				<misses>58700000</misses>
				<total>3</total>
				<timestamp>4696.009791</timestamp>
			</report>
			<report>
				<misses>58800000</misses>
				<total>3</total>
				<timestamp>4704.009802</timestamp>
			</report>
			<report>
				<misses>58900000</misses>
				<total>3</total>
				<timestamp>4712.009746</timestamp>
			</report>
			<report>
				<misses>59000000</misses>
				<total>3</total>
				<timestamp>4720.009693</timestamp>
			</report>
			<report>
				<misses>59100000</misses>
				<total>3</total>
				<timestamp>4728.009672</timestamp>
			</report>
			<report>
				<misses>59200000</misses>
				<total>3</total>
				<timestamp>4736.009524</timestamp>
			</report>
			<report>
				<misses>59300000</misses>
				<total>3</total>
				<timestamp>4744.009501</timestamp>
			</report>
			<report>
				<misses>59400000</misses>
				<total>3</total>
				<timestamp>4752.009373</timestamp>
			</report>
			<report>
				<misses>59500000</misses>
				<total>3</total>
				<timestamp>4760.009281</timestamp>
			</report>
			<report>
				<misses>59600000</misses>
				<total>3</total>
				<timestamp>4768.009216</timestamp>
			</report>
			<report>
				<misses>59700000</misses>
				<total>3</total>
				<timestamp>4776.009123</timestamp>
			</report>
			<report>
				<misses>59800000</misses>
				<total>3</total>
				<timestamp>4784.009693</timestamp>
			</report>
			<report>
				<misses>59900000</misses>
				<total>3</total>
				<timestamp>4792.009688</timestamp>
			</report>
			<report>
				<misses>60000000</misses>
				<total>3</total>
				<timestamp>4800.010004</timestamp>
			</report>
			<report>
				<misses>60100000</misses>
				<total>3</total>
				<timestamp>4808.009931</timestamp>
			</report>
			<report>
				<misses>60200000</misses>
				<total>3</total>
				<timestamp>4816.009883</timestamp>
			</report>
			<report>
				<misses>60300000</misses>
				<total>3</total>
				<timestamp>4824.009798</timestamp>
			</report>
			<report>
				<misses>60400000</misses>
				<total>3</total>
				<timestamp>4832.009799</timestamp>
			</report>
			<report>
				<misses>60500000</misses>
				<total>3</total>
				<timestamp>4840.009726</timestamp>
			</report>
			<report>
				<misses>60600000</misses>
				<total>3</total>
				<timestamp>4848.009680</timestamp>
			</report>
			<report>
				<misses>60700000</misses>
				<total>3</total>
				<timestamp>4856.009656</timestamp>
			</report>
			<report>
				<misses>60800000</misses>
				<total>3</total>
				<timestamp>4864.009535</timestamp>
			</report>
			<report>
				<misses>60900000</misses>
				<total>3</total>
				<timestamp>4872.009451</timestamp>
			</report>
			<report>
				<misses>61000000</misses>
				<total>3</total>
				<timestamp>4880.009361</timestamp>
			</report>
			<report>
				<misses>61100000</misses>
				<total>3</total>
				<timestamp>4888.009298</timestamp>
			</report>
			<report>
				<misses>61200000</misses>
				<total>3</total>
				<timestamp>4896.009205</timestamp>
			</report>
			<report>
				<misses>61300000</misses>
				<total>3</total>
				<timestamp>4904.009146</timestamp>
			</report>
			<report>
				<misses>61400000</misses>
				<total>3</total>
				<timestamp>4912.009121</timestamp>
			</report>
			<report>
				<misses>61500000</misses>
				<total>3</total>
				<timestamp>4920.009075</timestamp>
			</report>
			<report>
				<misses>61600000</misses>
				<total>3</total>
				<timestamp>4928.008958</timestamp>
			</report>
			<report>
				<misses>61700000</misses>
				<total>3</total>
				<timestamp>4936.008913</timestamp>
			</report>
			<report>
				<misses>61800000</misses>
				<total>3</total>
				<timestamp>4944.008906</timestamp>
			</report>
			<report>
				<misses>61900000</misses>
				<total>3</total>
				<timestamp>4952.008865</timestamp>
			</report>
			<report>
				<misses>62000000</misses>
				<total>3</total>
				<timestamp>4960.009041</timestamp>
			</report>
			<report>
				<misses>62100000</misses>
				<total>3</total>
				<timestamp>4968.009906</timestamp>
			</report>
			<report>
				<misses>62200000</misses>
				<total>3</total>
				<timestamp>4976.009912</timestamp>
			</report>
			<report>
				<misses>62300000</misses>
				<total>3</total>
				<timestamp>4984.010027</timestamp>
			</report>
			<report>
				<misses>62400000</misses>
				<total>3</total>
				<timestamp>4992.010352</timestamp>
			</report>
			<report>
				<misses>62500000</misses>
				<total>3</total>
				<timestamp>5000.010311</timestamp>
			</report>
			<report>
				<misses>62600000</misses>
				<total>3</total>
				<timestamp>5008.010163</timestamp>
			</report>
			<report>
				<misses>62700000</misses>
				<total>3</total>
				<timestamp>5016.010083</timestamp>
			</report>
			<report>
				<misses>62800000</misses>
				<total>3</total>
				<timestamp>5024.009997</timestamp>
			</report>
			<report>
				<misses>62900000</misses>
				<total>3</total>
				<timestamp>5032.009990</timestamp>
			</report>
			<report>
				<misses>63000000</misses>
				<total>3</total>
				<timestamp>5040.010021</timestamp>
			</report>
			<report>
				<misses>63100000</misses>
				<total>3</total>
				<timestamp>5048.009927</timestamp>
			</report>
			<report>
				<misses>63200000</misses>
				<total>3</total>
				<timestamp>5056.009907</timestamp>
			</report>
			<report>
				<misses>63300000</misses>
				<total>3</total>
				<timestamp>5064.009802</timestamp>
			</report>
			<report>
				<misses>63400000</misses>
				<total>3</total>
				<timestamp>5072.009682</timestamp>
			</report>
			<report>
				<misses>63500000</misses>
				<total>3</total>
				<timestamp>5080.009663</timestamp>
			</report>
			<report>
				<misses>63600000</misses>
				<total>3</total>
				<timestamp>5088.009525</timestamp>
			</report>
			<report>
				<misses>63700000</misses>
				<total>3</total>
				<timestamp>5096.009434</timestamp>
			</report>
			<report>
				<misses>63800000</misses>
				<total>3</total>
				<timestamp>5104.009395</timestamp>
			</report>
			<report>
				<misses>63900000</misses>
				<total>3</total>
				<timestamp>5112.009305</timestamp>
			</report>
			<report>
				<misses>64000000</misses>
				<total>3</total>
				<timestamp>5120.009202</timestamp>
			</report>
			<report>
				<misses>64100000</misses>
				<total>3</total>
				<timestamp>5128.009117</timestamp>
			</report>
			<report>
				<misses>64200000</misses>
				<total>3</total>
				<timestamp>5136.009041</timestamp>
			</report>
			<report>
				<misses>64300000</misses>
				<total>3</total>
				<timestamp>5144.008952</timestamp>
			</report>
			<report>
				<misses>64400000</misses>
				<total>3</total>
				<timestamp>5152.008907</timestamp>
			</report>
			<report>
				<misses>64500000</misses>
				<total>3</total>
				<timestamp>5160.008919</timestamp>
			</report>
			<report>
				<misses>64600000</misses>
				<total>3</total>
				<timestamp>5168.008894</timestamp>
			</report>
			<report>
				<misses>64700000</misses>
				<total>3</total>
				<timestamp>5176.008965</timestamp>
			</report>
			<report>
				<misses>64800000</misses>
				<total>3</total>
				<timestamp>5184.009663</timestamp>
			</report>
			<report>
				<misses>64900000</misses>
				<total>3</total>
				<timestamp>5192.009524</timestamp>
			</report>
			<report>
				<misses>65000000</misses>
				<total>3</total>
				<timestamp>5200.009447</timestamp>
			</report>
			<report>
				<misses>65100000</misses>
				<total>3</total>
				<timestamp>5208.009375</timestamp>
			</report>
			<report>
				<misses>65200000</misses>
				<total>3</total>
				<timestamp>5216.009448</timestamp>
			</report>
			<report>
				<misses>65300000</misses>
				<total>3</total>
				<timestamp>5224.009526</timestamp>
			</report>
			<report>
				<misses>65400000</misses>
				<total>3</total>
				<timestamp>5232.009457</timestamp>
			</report>
			<report>
				<misses>65500000</misses>
				<total>3</total>
				<timestamp>5240.009453</timestamp>
			</report>
			<report>
				<misses>65600000</misses>
				<total>3</total>
				<timestamp>5248.009422</timestamp>
			</report>
			<report>
				<misses>65700000</misses>
				<total>3</total>
				<timestamp>5256.009314</timestamp>
			</report>
			<report>
				<misses>65800000</misses>
				<total>3</total>
				<timestamp>5264.009243</timestamp>
			</report>
			<report>
				<misses>65900000</misses>
				<total>3</total>
				<timestamp>5272.009160</timestamp>
			</report>
			<report>
				<misses>66000000</misses>
				<total>3</total>
				<timestamp>5280.009134</timestamp>
			</report>
			<report>
				<misses>66100000</misses>
				<total>3</total>
				<timestamp>5288.009048</timestamp>
			</report>
			<report>
				<misses>66200000</misses>
				<total>3</total>
				<timestamp>5296.008962</timestamp>
			</report>
			<report>
				<misses>66300000</misses>
				<total>3</total>
				<timestamp>5304.008890</timestamp>
			</report>
			<report>
				<misses>66400000</misses>
				<total>3</total>
				<timestamp>5312.008907</timestamp>
			</report>
			<report>
				<misses>66500000</misses>
				<total>3</total>
				<timestamp>5320.008915</timestamp>
			</report>
			<report>
				<misses>66600000</misses>
				<total>3</total>
				<timestamp>5328.008916</timestamp>
			</report>
			<report>
				<misses>66700000</misses>
				<total>3</total>
				<timestamp>5336.008908</timestamp>
			</report>
			<report>
				<misses>66800000</misses>
				<total>3</total>
				<timestamp>5344.008843</timestamp>
			</report>
			<report>
				<misses>66900000</misses>
				<total>3</total>
				<timestamp>5352.008813</timestamp>
			</report>
			<report>
				<misses>67000000</misses>
				<total>3</total>
				<timestamp>5360.008800</timestamp>
			</report>
			<report>
				<misses>67100000</misses>
				<total>3</total>
				<timestamp>5368.008797</timestamp>
			</report>
			<report>
				<misses>67200000</misses>
				<total>3</total>
				<timestamp>5376.008799</timestamp>
			</report>
			<report>
				<misses>67300000</misses>
				<total>3</total>
				<timestamp>5384.008796</timestamp>
			</report>
			<report>
				<misses>67400000</misses>
				<total>3</total>
				<timestamp>5392.008912</timestamp>
			</report>
			<report>
				<misses>67500000</misses>
				<total>3</total>
				<timestamp>5400.008901</timestamp>
			</report>
			<report>
				<misses>67600000</misses>
				<total>3</total>
				<timestamp>5408.008903</timestamp>
			</report>
			<report>
				<misses>67700000</misses>
				<total>3</total>
				<timestamp>5416.008903</timestamp>
			</report>
			<report>
				<misses>67800000</misses>
				<total>3</total>
				<timestamp>5424.008802</timestamp>
			</report>
			<report>
				<misses>67900000</misses>
				<total>3</total>
				<timestamp>5432.008962</timestamp>
			</report>
			<report>
				<misses>68000000</misses>
				<total>3</total>
				<timestamp>5440.009036</timestamp>
			</report>
			<report>
				<misses>68100000</misses>
				<total>3</total>
				<timestamp>5448.009164</timestamp>
			</report>
			<report>
				<misses>68200000</misses>
				<total>3</total>
				<timestamp>5456.009114</timestamp>
			</report>
			<report>
				<misses>68300000</misses>
				<total>3</total>
				<timestamp>5464.009041</timestamp>
			</report>
			<report>
				<misses>68400000</misses>
				<total>3</total>
				<timestamp>5472.008965</timestamp>
			</report>
			<report>
				<misses>68500000</misses>
				<total>3</total>
				<timestamp>5480.008892</timestamp>
			</report>
			<report>
				<misses>68600000</misses>
				<total>3</total>
				<timestamp>5488.008901</timestamp>
			</report>
			<report>
				<misses>68700000</misses>
				<total>3</total>
				<timestamp>5496.008801</timestamp>
			</report>
			<report>
				<misses>68800000</misses>
				<total>3</total>
				<timestamp>5504.008795</timestamp>
			</report>
			<report>
				<misses>68900000</misses>
				<total>3</total>
				<timestamp>5512.008804</timestamp>
			</report>
			<report>
				<misses>69000000</misses>
				<total>3</total>
				<timestamp>5520.008827</timestamp>
			</report>
			<report>
				<misses>69100000</misses>
				<total>3</total>
				<timestamp>5528.008834</timestamp>
			</report>
			<report>
				<misses>69200000</misses>
				<total>3</total>
				<timestamp>5536.008927</timestamp>
			</report>
			<report>
				<misses>69300000</misses>
				<total>3</total>
				<timestamp>5544.008960</timestamp>
			</report>
			<report>
				<misses>69400000</misses>
				<total>3</total>
				<timestamp>5552.008964</timestamp>
			</report>
			<report>
				<misses>69500000</misses>
				<total>3</total>
				<timestamp>5560.008949</timestamp>
			</report>
			<report>
				<misses>69600000</misses>
				<total>3</total>
				<timestamp>5568.008905</timestamp>
			</report>
			<report>
				<misses>69700000</misses>
				<total>3</total>
				<timestamp>5576.008790</timestamp>
			</report>
			<report>
				<misses>69800000</misses>
				<total>3</total>
				<timestamp>5584.008799</timestamp>
			</report>
			<report>
				<misses>69900000</misses>
				<total>3</total>
				<timestamp>5592.008795</timestamp>
			</report>
			<report>
				<misses>70000000</misses>
				<total>3</total>
				<timestamp>5600.008733</timestamp>
			</report>
			<report>
				<misses>70100000</misses>
				<total>3</total>
				<timestamp>5608.008697</timestamp>
			</report>
			<report>
				<misses>70200000</misses>
				<total>3</total>
				<timestamp>5616.008584</timestamp>
			</report>
			<report>
				<misses>70300000</misses>
				<total>3</total>
				<timestamp>5624.008494</timestamp>
			</report>
			<report>
				<misses>70400000</misses>
				<total>3</total>
				<timestamp>5632.008682</timestamp>
			</report>
			<report>
				<misses>70500000</misses>
				<total>3</total>
				<timestamp>5640.008561</timestamp>
			</report>
			<report>
				<misses>70600000</misses>
				<total>3</total>
				<timestamp>5648.008519</timestamp>
			</report>
			<report>
				<misses>70700000</misses>
				<total>3</total>
				<timestamp>5656.008424</timestamp>
			</report>
			<report>
				<misses>70800000</misses>
				<total>3</total>
				<timestamp>5664.008340</timestamp>
			</report>
			<report>
				<misses>70900000</misses>
				<total>3</total>
				<timestamp>5672.008256</timestamp>
			</report>
			<report>
				<misses>71000000</misses>
				<total>3</total>
				<timestamp>5680.008158</timestamp>
			</report>
			<report>
				<misses>71100000</misses>
				<total>3</total>
				<timestamp>5688.008080</timestamp>
			</report>
			<report>
				<misses>71200000</misses>
				<total>3</total>
				<timestamp>5696.008092</timestamp>
			</report>
			<report>
				<misses>71300000</misses>
				<total>3</total>
				<timestamp>5704.008025</timestamp>
			</report>
			<report>
				<misses>71400000</misses>
				<total>3</total>
				<timestamp>5712.007932</timestamp>
			</report>
			<report>
				<misses>71500000</misses>
				<total>3</total>
				<timestamp>5720.007910</timestamp>
			</report>
			<report>
				<misses>71600000</misses>
				<total>3</total>
				<timestamp>5728.007780</timestamp>
			</report>
			<report>
				<misses>71700000</misses>
				<total>3</total>
				<timestamp>5736.007794</timestamp>
			</report>
			<report>
				<misses>71800000</misses>
				<total>3</total>
				<timestamp>5744.007798</timestamp>
			</report>
			<report>
				<misses>71900000</misses>
				<total>3</total>
				<timestamp>5752.007684</timestamp>
			</report>
			<report>
				<misses>72000000</misses>
				<total>3</total>
				<timestamp>5760.007662</timestamp>
			</report>
			<report>
				<misses>72100000</misses>
				<total>3</total>
				<timestamp>5768.007529</timestamp>
			</report>
			<report>
				<misses>72200000</misses>
				<total>3</total>
				<timestamp>5776.007464</timestamp>
			</report>
			<report>
				<misses>72300000</misses>
				<total>3</total>
				<timestamp>5784.007374</timestamp>
			</report>
			<report>
				<misses>72400000</misses>
				<total>3</total>
				<timestamp>5792.007280</timestamp>
			</report>
			<report>
				<misses>72500000</misses>
				<total>3</total>
				<timestamp>5800.007208</timestamp>
			</report>
			<report>
				<misses>72600000</misses>
				<total>3</total>
				<timestamp>5808.007122</timestamp>
			</report>
			<report>
				<misses>72700000</misses>
				<total>3</total>
				<timestamp>5816.007044</timestamp>
			</report>
			<report>
				<misses>72800000</misses>
				<total>3</total>
				<timestamp>5824.006964</timestamp>
			</report>
			<report>
				<misses>72900000</misses>
				<total>3</total>
				<timestamp>5832.006906</timestamp>
			</report>
			<report>
				<misses>73000000</misses>
				<total>3</total>
				<timestamp>5840.006912</timestamp>
			</report>
			<report>
				<misses>73100000</misses>
				<total>3</total>
				<timestamp>5848.006917</timestamp>
			</report>
			<report>
				<misses>73200000</misses>
				<total>3</total>
				<timestamp>5856.006893</timestamp>
			</report>
			<report>
				<misses>73300000</misses>
				<total>3</total>
				<timestamp>5864.006905</timestamp>
			</report>
			<report>
				<misses>73400000</misses>
				<total>3</total>
				<timestamp>5872.006838</timestamp>
			</report>
			<report>
				<misses>73500000</misses>
				<total>3</total>
				<timestamp>5880.006800</timestamp>
			</report>
			<report>
				<misses>73600000</misses>
				<total>3</total>
				<timestamp>5888.006795</timestamp>
			</report>
			<report>
				<misses>73700000</misses>
				<total>3</total>
				<timestamp>5896.006737</timestamp>
			</report>
			<report>
				<misses>73800000</misses>
				<total>3</total>
				<timestamp>5904.006645</timestamp>
			</report>
			<report>
				<misses>73900000</misses>
				<total>3</total>
				<timestamp>5912.006557</timestamp>
			</report>
			<report>
				<misses>74000000</misses>
				<total>3</total>
				<timestamp>5920.006489</timestamp>
			</report>
			<report>
				<misses>74100000</misses>
				<total>3</total>
				<timestamp>5928.006437</timestamp>
			</report>
			<report>
				<misses>74200000</misses>
				<total>3</total>
				<timestamp>5936.006382</timestamp>
			</report>
			<report>
				<misses>74300000</misses>
				<total>3</total>
				<timestamp>5944.006231</timestamp>
			</report>
			<report>
				<misses>74400000</misses>
				<total>3</total>
				<timestamp>5952.006174</timestamp>
			</report>
			<report>
				<misses>74500000</misses>
				<total>3</total>
				<timestamp>5960.006090</timestamp>
			</report>
			<report>
				<misses>74600000</misses>
				<total>3</total>
				<timestamp>5968.006160</timestamp>
			</report>
			<report>
				<misses>74700000</misses>
				<total>3</total>
				<timestamp>5976.006077</timestamp>
			</report>
			<report>
				<misses>74800000</misses>
				<total>3</total>
				<timestamp>5984.006003</timestamp>
			</report>
			<report>
				<misses>74900000</misses>
				<total>3</total>
				<timestamp>5992.005934</timestamp>
			</report>
			<report>
				<misses>75000000</misses>
				<total>3</total>
				<timestamp>6000.005902</timestamp>
			</report>
			<report>
				<misses>75100000</misses>
				<total>3</total>
				<timestamp>6008.005922</timestamp>
			</report>
			<report>
				<misses>75200000</misses>
				<total>3</total>
				<timestamp>6016.005926</timestamp>
			</report>
			<report>
				<misses>75300000</misses>
				<total>3</total>
				<timestamp>6024.005879</timestamp>
			</report>
			<report>
				<misses>75400000</misses>
				<total>3</total>
				<timestamp>6032.005796</timestamp>
			</report>
			<report>
				<misses>75500000</misses>
				<total>3</total>
				<timestamp>6040.005825</timestamp>
			</report>
			<report>
				<misses>75600000</misses>
				<total>3</total>
				<timestamp>6048.005702</timestamp>
			</report>
			<report>
				<misses>75700000</misses>
				<total>3</total>
				<timestamp>6056.005684</timestamp>
			</report>
			<report>
				<misses>75800000</misses>
				<total>3</total>
				<timestamp>6064.005685</timestamp>
			</report>
			<report>
				<misses>75900000</misses>
				<total>3</total>
				<timestamp>6072.005779</timestamp>
			</report>
			<report>
				<misses>76000000</misses>
				<total>3</total>
				<timestamp>6080.005740</timestamp>
			</report>
			<report>
				<misses>76100000</misses>
				<total>3</total>
				<timestamp>6088.005659</timestamp>
			</report>
			<report>
				<misses>76200000</misses>
				<total>3</total>
				<timestamp>6096.005556</timestamp>
			</report>
			<report>
				<misses>76300000</misses>
				<total>3</total>
				<timestamp>6104.005471</timestamp>
			</report>
			<report>
				<misses>76400000</misses>
				<total>3</total>
				<timestamp>6112.005384</timestamp>
			</report>
			<report>
				<misses>76500000</misses>
				<total>3</total>
				<timestamp>6120.005314</timestamp>
			</report>
			<report>
				<misses>76600000</misses>
				<total>3</total>
				<timestamp>6128.005299</timestamp>
			</report>
			<report>
				<misses>76700000</misses>
				<total>3</total>
				<timestamp>6136.005356</timestamp>
			</report>
			<report>
				<misses>76800000</misses>
				<total>3</total>
				<timestamp>6144.005431</timestamp>
			</report>
			<report>
				<misses>76900000</misses>
				<total>3</total>
				<timestamp>6152.005357</timestamp>
			</report>
			<report>
				<misses>77000000</misses>
				<total>3</total>
				<timestamp>6160.005287</timestamp>
			</report>
			<report>
				<misses>77100000</misses>
				<total>3</total>
				<timestamp>6168.005206</timestamp>
			</report>
			<report>
				<misses>77200000</misses>
				<total>3</total>
				<timestamp>6176.005137</timestamp>
			</report>
			<report>
				<misses>77300000</misses>
				<total>3</total>
				<timestamp>6184.005046</timestamp>
			</report>
			<report>
				<misses>77400000</misses>
				<total>3</total>
				<timestamp>6192.004965</timestamp>
			</report>
			<report>
				<misses>77500000</misses>
				<total>3</total>
				<timestamp>6200.004973</timestamp>
			</report>
			<report>
				<misses>77600000</misses>
				<total>3</total>
				<timestamp>6208.004905</timestamp>
			</report>
			<report>
				<misses>77700000</misses>
				<total>3</total>
				<timestamp>6216.004907</timestamp>
			</report>
			<report>
				<misses>77800000</misses>
				<total>3</total>
				<timestamp>6224.004922</timestamp>
			</report>
			<report>
				<misses>77900000</misses>
				<total>3</total>
				<timestamp>6232.004825</timestamp>
			</report>
			<report>
				<misses>78000000</misses>
				<total>3</total>
				<timestamp>6240.004810</timestamp>
			</report>
			<report>
				<misses>78100000</misses>
				<total>3</total>
				<timestamp>6248.004812</timestamp>
			</report>
			<report>
				<misses>78200000</misses>
				<total>3</total>
				<timestamp>6256.004793</timestamp>
			</report>
			<report>
				<misses>78300000</misses>
				<total>3</total>
				<timestamp>6264.004807</timestamp>
			</report>
			<report>
				<misses>78400000</misses>
				<total>3</total>
				<timestamp>6272.004734</timestamp>
			</report>
			<report>
				<misses>78500000</misses>
				<total>3</total>
				<timestamp>6280.005212</timestamp>
			</report>
			<report>
				<misses>78600000</misses>
				<total>3</total>
				<timestamp>6288.005205</timestamp>
			</report>
			<report>
				<misses>78700000</misses>
				<total>3</total>
				<timestamp>6296.005117</timestamp>
			</report>
			<report>
				<misses>78800000</misses>
				<total>3</total>
				<timestamp>6304.005046</timestamp>
			</report>
			<report>
				<misses>78900000</misses>
				<total>3</total>
				<timestamp>6312.004965</timestamp>
			</report>
			<report>
				<misses>79000000</misses>
				<total>3</total>
				<timestamp>6320.004904</timestamp>
			</report>
			<report>
				<misses>79100000</misses>
				<total>3</total>
				<timestamp>6328.004904</timestamp>
			</report>
			<report>
				<misses>79200000</misses>
				<total>3</total>
				<timestamp>6336.004909</timestamp>
			</report>
			<report>
				<misses>79300000</misses>
				<total>3</total>
				<timestamp>6344.004914</timestamp>
			</report>
			<report>
				<misses>79400000</misses>
				<total>3</total>
				<timestamp>6352.004904</timestamp>
			</report>
			<report>
				<misses>79500000</misses>
				<total>3</total>
				<timestamp>6360.004909</timestamp>
			</report>
			<report>
				<misses>79600000</misses>
				<total>3</total>
				<timestamp>6368.004863</timestamp>
			</report>
			<report>
				<misses>79700000</misses>
				<total>3</total>
				<timestamp>6376.004777</timestamp>
			</report>
			<report>
				<misses>79800000</misses>
				<total>3</total>
				<timestamp>6384.004724</timestamp>
			</report>
			<report>
				<misses>79900000</misses>
				<total>3</total>
				<timestamp>6392.004880</timestamp>
			</report>
			<report>
				<misses>80000000</misses>
				<total>3</total>
				<timestamp>6400.004933</timestamp>
			</report>
			<report>
				<misses>80100000</misses>
				<total>3</total>
				<timestamp>6408.004915</timestamp>
			</report>
			<report>
				<misses>80200000</misses>
				<total>3</total>
				<timestamp>6416.004937</timestamp>
			</report>
			<report>
				<misses>80300000</misses>
				<total>3</total>
				<timestamp>6424.004917</timestamp>
			</report>
			<report>
				<misses>80400000</misses>
				<total>3</total>
				<timestamp>6432.004907</timestamp>
			</report>
			<report>
				<misses>80500000</misses>
				<total>3</total>
				<timestamp>6440.004915</timestamp>
			</report>
			<report>
				<misses>80600000</misses>
				<total>3</total>
				<timestamp>6448.004825</timestamp>
			</report>
			<report>
				<misses>80700000</misses>
				<total>3</total>
				<timestamp>6456.004800</timestamp>
			</report>
			<report>
				<misses>80800000</misses>
				<total>3</total>
				<timestamp>6464.004801</timestamp>
			</report>
			<report>
				<misses>80900000</misses>
				<total>3</total>
				<timestamp>6472.004785</timestamp>
			</report>
			<report>
				<misses>81000000</misses>
				<total>3</total>
				<timestamp>6480.004686</timestamp>
			</report>
			<report>
				<misses>81100000</misses>
				<total>4</total>
				<timestamp>6488.004669</timestamp>
			</report>
			<report>
				<misses>81200000</misses>
				<total>4</total>
				<timestamp>6496.004687</timestamp>
			</report>
			<report>
				<misses>81300000</misses>
				<total>4</total>
				<timestamp>6504.004965</timestamp>
			</report>
			<report>
				<misses>81400000</misses>
				<total>4</total>
				<timestamp>6512.004913</timestamp>
			</report>
			<report>
				<misses>81500000</misses>
				<total>4</total>
				<timestamp>6520.004833</timestamp>
			</report>
			<report>
				<misses>81600000</misses>
				<total>4</total>
				<timestamp>6528.004799</timestamp>
			</report>
			<report>
				<misses>81700000</misses>
				<total>4</total>
				<timestamp>6536.004803</timestamp>
			</report>
			<report>
				<misses>81800000</misses>
				<total>4</total>
				<timestamp>6544.004801</timestamp>
			</report>
			<report>
				<misses>81900000</misses>
				<total>4</total>
				<timestamp>6552.004910</timestamp>
			</report>
			<report>
				<misses>82000000</misses>
				<total>4</total>
				<timestamp>6560.004903</timestamp>
			</report>
			<report>
				<misses>82100000</misses>
				<total>4</total>
				<timestamp>6568.004906</timestamp>
			</report>
			<report>
				<misses>82200000</misses>
				<total>4</total>
				<timestamp>6576.004807</timestamp>
			</report>
			<report>
				<misses>82300000</misses>
				<total>4</total>
				<timestamp>6584.004791</timestamp>
			</report>
			<report>
				<misses>82400000</misses>
				<total>4</total>
				<timestamp>6592.004699</timestamp>
			</report>
			<report>
				<misses>82500000</misses>
				<total>4</total>
				<timestamp>6600.004575</timestamp>
			</report>
			<report>
				<misses>82600000</misses>
				<total>4</total>
				<timestamp>6608.004508</timestamp>
			</report>
			<report>
				<misses>82700000</misses>
				<total>4</total>
				<timestamp>6616.004421</timestamp>
			</report>
			<report>
				<misses>82800000</misses>
				<total>4</total>
				<timestamp>6624.004338</timestamp>
			</report>
			<report>
				<misses>82900000</misses>
				<total>4</total>
				<timestamp>6632.004236</timestamp>
			</report>
			<report>
				<misses>83000000</misses>
				<total>4</total>
				<timestamp>6640.004687</timestamp>
			</report>
			<report>
				<misses>83100000</misses>
				<total>4</total>
				<timestamp>6648.004553</timestamp>
			</report>
			<report>
				<misses>83200000</misses>
				<total>4</total>
				<timestamp>6656.004488</timestamp>
			</report>
			<report>
				<misses>83300000</misses>
				<total>4</total>
				<timestamp>6664.004514</timestamp>
			</report>
			<report>
				<misses>83400000</misses>
				<total>4</total>
				<timestamp>6672.004454</timestamp>
			</report>
			<report>
				<misses>83500000</misses>
				<total>4</total>
				<timestamp>6680.004382</timestamp>
			</report>
			<report>
				<misses>83600000</misses>
				<total>4</total>
				<timestamp>6688.004240</timestamp>
			</report>
			<report>
				<misses>83700000</misses>
				<total>4</total>
				<timestamp>6696.004174</timestamp>
			</report>
			<report>
				<misses>83800000</misses>
				<total>4</total>
				<timestamp>6704.004096</timestamp>
			</report>
			<report>
				<misses>83900000</misses>
				<total>4</total>
				<timestamp>6712.004001</timestamp>
			</report>
			<report>
				<misses>84000000</misses>
				<total>4</total>
				<timestamp>6720.003929</timestamp>
			</report>
			<report>
				<misses>84100000</misses>
				<total>4</total>
				<timestamp>6728.003922</timestamp>
			</report>
			<report>
				<misses>84200000</misses>
				<total>4</total>
				<timestamp>6736.004274</timestamp>
			</report>
			<report>
				<misses>84300000</misses>
				<total>4</total>
				<timestamp>6744.004208</timestamp>
			</report>
			<report>
				<misses>84400000</misses>
				<total>4</total>
				<timestamp>6752.004151</timestamp>
			</report>
			<report>
				<misses>84500000</misses>
				<total>4</total>
				<timestamp>6760.004171</timestamp>
			</report>
			<report>
				<misses>84600000</misses>
				<total>4</total>
				<timestamp>6768.004190</timestamp>
			</report>
			<report>
				<misses>84700000</misses>
				<total>4</total>
				<timestamp>6776.004102</timestamp>
			</report>
			<report>
				<misses>84800000</misses>
				<total>4</total>
				<timestamp>6784.004007</timestamp>
			</report>
			<report>
				<misses>84900000</misses>
				<total>4</total>
				<timestamp>6792.003947</timestamp>
			</report>
			<report>
				<misses>85000000</misses>
				<total>4</total>
				<timestamp>6800.003925</timestamp>
			</report>
			<report>
				<misses>85100000</misses>
				<total>4</total>
				<timestamp>6808.003892</timestamp>
			</report>
			<report>
				<misses>85200000</misses>
				<total>4</total>
				<timestamp>6816.003801</timestamp>
			</report>
			<report>
				<misses>85300000</misses>
				<total>4</total>
				<timestamp>6824.003844</timestamp>
			</report>
			<report>
				<misses>85400000</misses>
				<total>4</total>
				<timestamp>6832.003873</timestamp>
			</report>
			<report>
				<misses>85500000</misses>
				<total>4</total>
				<timestamp>6840.003781</timestamp>
			</report>
			<report>
				<misses>85600000</misses>
				<total>4</total>
				<timestamp>6848.003732</timestamp>
			</report>
			<report>
				<misses>85700000</misses>
				<total>4</total>
				<timestamp>6856.003676</timestamp>
			</report>
			<report>
				<misses>85800000</misses>
				<total>4</total>
				<timestamp>6864.003639</timestamp>
			</report>
			<report>
				<misses>85900000</misses>
				<total>4</total>
				<timestamp>6872.003537</timestamp>
			</report>
			<report>
				<misses>86000000</misses>
				<total>4</total>
				<timestamp>6880.003448</timestamp>
			</report>
			<report>
				<misses>86100000</misses>
				<total>4</total>
				<timestamp>6888.003385</timestamp>
			</report>
			<report>
				<misses>86200000</misses>
				<total>4</total>
				<timestamp>6896.003282</timestamp>
			</report>
			<report>
				<misses>86300000</misses>
				<total>4</total>
				<timestamp>6904.003204</timestamp>
			</report>
			<report>
				<misses>86400000</misses>
				<total>4</total>
				<timestamp>6912.003124</timestamp>
			</report>
			<report>
				<misses>86500000</misses>
				<total>4</total>
				<timestamp>6920.003204</timestamp>
			</report>
			<report>
				<misses>86600000</misses>
				<total>4</total>
				<timestamp>6928.003143</timestamp>
			</report>
			<report>
				<misses>86700000</misses>
				<total>4</total>
				<timestamp>6936.003046</timestamp>
			</report>
			<report>
				<misses>86800000</misses>
				<total>4</total>
				<timestamp>6944.002974</timestamp>
			</report>
			<report>
				<misses>86900000</misses>
				<total>4</total>
				<timestamp>6952.002875</timestamp>
			</report>
			<report>
				<misses>87000000</misses>
				<total>4</total>
				<timestamp>6960.002911</timestamp>
			</report>
			<report>
				<misses>87100000</misses>
				<total>4</total>
				<timestamp>6968.002896</timestamp>
			</report>
			<report>
				<misses>87200000</misses>
				<total>4</total>
				<timestamp>6976.002926</timestamp>
			</report>
			<report>
				<misses>87300000</misses>
				<total>4</total>
				<timestamp>6984.002823</timestamp>
			</report>
			<report>
				<misses>87400000</misses>
				<total>4</total>
				<timestamp>6992.002805</timestamp>
			</report>
			<report>
				<misses>87500000</misses>
				<total>4</total>
				<timestamp>7000.002807</timestamp>
			</report>
			<report>
				<misses>87600000</misses>
				<total>4</total>
				<timestamp>7008.002804</timestamp>
			</report>
			<report>
				<misses>87700000</misses>
				<total>4</total>
				<timestamp>7016.002720</timestamp>
			</report>
			<report>
				<misses>87800000</misses>
				<total>4</total>
				<timestamp>7024.002672</timestamp>
			</report>
			<report>
				<misses>87900000</misses>
				<total>4</total>
				<timestamp>7032.002700</timestamp>
			</report>
			<report>
				<misses>88000000</misses>
				<total>4</total>
				<timestamp>7040.002567</timestamp>
			</report>
			<report>
				<misses>88100000</misses>
				<total>4</total>
				<timestamp>7048.002584</timestamp>
			</report>
			<report>
				<misses>88200000</misses>
				<total>4</total>
				<timestamp>7056.002527</timestamp>
			</report>
			<report>
				<misses>88300000</misses>
				<total>4</total>
				<timestamp>7064.002423</timestamp>
			</report>
			<report>
				<misses>88400000</misses>
				<total>4</total>
				<timestamp>7072.002354</timestamp>
			</report>
			<report>
				<misses>88500000</misses>
				<total>4</total>
				<timestamp>7080.002389</timestamp>
			</report>
			<report>
				<misses>88600000</misses>
				<total>4</total>
				<timestamp>7088.002256</timestamp>
			</report>
			<report>
				<misses>88700000</misses>
				<total>4</total>
				<timestamp>7096.002181</timestamp>
			</report>
			<report>
				<misses>88800000</misses>
				<total>4</total>
				<timestamp>7104.002672</timestamp>
			</report>
			<report>
				<misses>88900000</misses>
				<total>4</total>
				<timestamp>7112.002684</timestamp>
			</report>
			<report>
				<misses>89000000</misses>
				<total>4</total>
				<timestamp>7120.002696</timestamp>
			</report>
			<report>
				<misses>89100000</misses>
				<total>4</total>
				<timestamp>7128.002680</timestamp>
			</report>
			<report>
				<misses>89200000</misses>
				<total>4</total>
				<timestamp>7136.002560</timestamp>
			</report>
			<report>
				<misses>89300000</misses>
				<total>4</total>
				<timestamp>7144.002471</timestamp>
			</report>
			<report>
				<misses>89400000</misses>
				<total>4</total>
				<timestamp>7152.002409</timestamp>
			</report>
			<report>
				<misses>89500000</misses>
				<total>4</total>
				<timestamp>7160.002323</timestamp>
			</report>
			<report>
				<misses>89600000</misses>
				<total>4</total>
				<timestamp>7168.002243</timestamp>
			</report>
			<report>
				<misses>89700000</misses>
				<total>4</total>
				<timestamp>7176.002169</timestamp>
			</report>
			<report>
				<misses>89800000</misses>
				<total>4</total>
				<timestamp>7184.002083</timestamp>
			</report>
			<report>
				<misses>89900000</misses>
				<total>4</total>
				<timestamp>7192.002063</timestamp>
			</report>
		</query>
	</custom>
	<ethtool_statistic>
		<rx_packets>
			<start>2047557378</start>
			<end>2382945498</end>
		</rx_packets>
		<tx_packets>
			<start>2455100552</start>
			<end>2746386970</end>
		</tx_packets>
		<rx_dropped>
			<start>0</start>
			<end>0</end>
		</rx_dropped>
		<tx_dropped>
			<start>0</start>
			<end>0</end>
		</tx_dropped>
		<collisions>
			<start>0</start>
			<end>0</end>
		</collisions>
		<port_tx_errors>
			<start>0</start>
			<end>0</end>
		</port_tx_errors>
		<port_rx_dropped>
			<start>0</start>
			<end>0</end>
		</port_rx_dropped>
		<port_tx_dropped_link_down>
			<start>0</start>
			<end>0</end>
		</port_tx_dropped_link_down>
	</ethtool_statistic>
	<ip_statistic>
		<mtu>
			<start>9000</start>
			<end>9000</end>
		</mtu>
		<rx_bytes>
			<start>18407236763758</start>
			<end>21422336904643</end>
		</rx_bytes>
		<rx_packets>
			<start>2047557462</start>
			<end>2382945566</end>
		</rx_packets>
		<rx_errors>
			<start>0</start>
			<end>0</end>
		</rx_errors>
		<rx_dropped>
			<start>0</start>
			<end>0</end>
		</rx_dropped>
		<rx_missed>
			<start>0</start>
			<end>0</end>
		</rx_missed>
		<rx_mcast>
			<start>346</start>
			<end>379</end>
		</rx_mcast>
		<tx_bytes>
			<start>11216521447386</start>
			<end>13037084931324</end>
		</tx_bytes>
		<tx_packets>
			<start>2455100607</start>
			<end>2746387026</end>
		</tx_packets>
		<tx_errors>
			<start>0</start>
			<end>0</end>
		</tx_errors>
		<tx_dropped>
			<start>0</start>
			<end>0</end>
		</tx_dropped>
		<tx_carrier>
			<start>0</start>
			<end>0</end>
		</tx_carrier>
		<tx_collisions>
			<start>0</start>
			<end>0</end>
		</tx_collisions>
	</ip_statistic>
	<netstat_statistic>
		<udp_pkg_rec>
			<start>1932519985</start>
			<end>2244689167</end>
		</udp_pkg_rec>
		<udp_pkg_snt>
			<start>2455432556</start>
			<end>2746773374</end>
		</udp_pkg_snt>
		<udp_rec_err>
			<start>115256618</start>
			<end>138511157</end>
		</udp_rec_err>
		<udp_rec_buf_err>
			<start>115256618</start>
			<end>138511157</end>
		</udp_rec_buf_err>
		<udp_snt_buf_err>
			<start>0</start>
			<end>0</end>
		</udp_snt_buf_err>
	</netstat_statistic>
</test_results>
