<?xml version="1.0"?>
<test_results>
	<status>STATUS_SUCCESS</status>
	<custom>
		<num_loss>72</num_loss>
		<num_total>11000001</num_total>
		<num_misses>20246703</num_misses>
		<elapsed_time>78.116847</elapsed_time>
	</custom>
	<ethtool_statistic>
		<rx_packets>
			<start>86403760</start>
			<end>90267679</end>
		</rx_packets>
		<tx_packets>
			<start>126862993</start>
			<end>140182573</end>
		</tx_packets>
		<rx_dropped>
			<start>63</start>
			<end>63</end>
		</rx_dropped>
		<tx_dropped>
			<start>0</start>
			<end>0</end>
		</tx_dropped>
		<collisions>
			<start>0</start>
			<end>0</end>
		</collisions>
		<port_tx_errors>
			<start>0</start>
			<end>0</end>
		</port_tx_errors>
		<port_rx_dropped>
			<start>0</start>
			<end>0</end>
		</port_rx_dropped>
		<port_tx_dropped_link_down>
			<start>0</start>
			<end>0</end>
		</port_tx_dropped_link_down>
	</ethtool_statistic>
	<ip_statistic>
		<mtu>
			<start>9000</start>
			<end>9000</end>
		</mtu>
		<rx_bytes>
			<start>769333972747</start>
			<end>804070302959</end>
		</rx_bytes>
		<rx_packets>
			<start>86403827</start>
			<end>90267751</end>
		</rx_packets>
		<rx_errors>
			<start>0</start>
			<end>0</end>
		</rx_errors>
		<rx_dropped>
			<start>63</start>
			<end>63</end>
		</rx_dropped>
		<rx_missed>
			<start>0</start>
			<end>0</end>
		</rx_missed>
		<rx_mcast>
			<start>1712</start>
			<end>1712</end>
		</rx_mcast>
		<tx_bytes>
			<start>518314120342</start>
			<end>540508938358</end>
		</tx_bytes>
		<tx_packets>
			<start>126863048</start>
			<end>140182630</end>
		</tx_packets>
		<tx_errors>
			<start>0</start>
			<end>0</end>
		</tx_errors>
		<tx_dropped>
			<start>0</start>
			<end>0</end>
		</tx_dropped>
		<tx_carrier>
			<start>0</start>
			<end>0</end>
		</tx_carrier>
		<tx_collisions>
			<start>0</start>
			<end>0</end>
		</tx_collisions>
	</ip_statistic>
</test_results>
