<?xml version="1.0"?>
<test_results>
	<status>STATUS_SUCCESS</status>
	<custom>
		<num_loss>193851</num_loss>
		<num_total>1000001</num_total>
		<num_misses>178</num_misses>
		<elapsed_time>60.010800</elapsed_time>
	</custom>
	<ethtool_statistic>
		<rx_packets>
			<start>6073644079</start>
			<end>6073644119</end>
		</rx_packets>
		<tx_packets>
			<start>8825069602</start>
			<end>8833069629</end>
		</tx_packets>
		<rx_dropped>
			<start>63</start>
			<end>63</end>
		</rx_dropped>
		<tx_dropped>
			<start>0</start>
			<end>0</end>
		</tx_dropped>
		<collisions>
			<start>0</start>
			<end>0</end>
		</collisions>
		<port_tx_errors>
			<start>0</start>
			<end>0</end>
		</port_tx_errors>
		<port_rx_dropped>
			<start>0</start>
			<end>0</end>
		</port_rx_dropped>
		<port_tx_dropped_link_down>
			<start>0</start>
			<end>0</end>
		</port_tx_dropped_link_down>
	</ethtool_statistic>
	<ip_statistic>
		<mtu>
			<start>9000</start>
			<end>9000</end>
		</mtu>
		<rx_bytes>
			<start>54593671978172</start>
			<end>54593671987244</end>
		</rx_bytes>
		<rx_packets>
			<start>6073644079</start>
			<end>6073644119</end>
		</rx_packets>
		<rx_errors>
			<start>0</start>
			<end>0</end>
		</rx_errors>
		<rx_dropped>
			<start>65</start>
			<end>65</end>
		</rx_dropped>
		<rx_missed>
			<start>0</start>
			<end>0</end>
		</rx_missed>
		<rx_mcast>
			<start>4538</start>
			<end>4538</end>
		</rx_mcast>
		<tx_bytes>
			<start>58511403300290</start>
			<end>58576683301792</end>
		</tx_bytes>
		<tx_packets>
			<start>8825069602</start>
			<end>8833069629</end>
		</tx_packets>
		<tx_errors>
			<start>0</start>
			<end>0</end>
		</tx_errors>
		<tx_dropped>
			<start>0</start>
			<end>0</end>
		</tx_dropped>
		<tx_carrier>
			<start>0</start>
			<end>0</end>
		</tx_carrier>
		<tx_collisions>
			<start>0</start>
			<end>0</end>
		</tx_collisions>
	</ip_statistic>
</test_results>
