<?xml version="1.0"?>
<test_results>
	<status>STATUS_SUCCESS</status>
	<custom>
		<num_loss>195</num_loss>
		<num_total>5484876</num_total>
		<num_misses>114501347</num_misses>
		<elapsed_time>299.965423</elapsed_time>
		<query>
			<report>
				<misses>100001</misses>
				<total>28</total>
				<timestamp>5.472445</timestamp>
			</report>
			<report>
				<misses>200001</misses>
				<total>28</total>
				<timestamp>10.942926</timestamp>
			</report>
			<report>
				<misses>300001</misses>
				<total>28</total>
				<timestamp>16.490288</timestamp>
			</report>
			<report>
				<misses>400001</misses>
				<total>28</total>
				<timestamp>21.996193</timestamp>
			</report>
			<report>
				<misses>500001</misses>
				<total>28</total>
				<timestamp>27.490285</timestamp>
			</report>
			<report>
				<misses>600001</misses>
				<total>28</total>
				<timestamp>32.970347</timestamp>
			</report>
			<report>
				<misses>700001</misses>
				<total>28</total>
				<timestamp>38.468586</timestamp>
			</report>
			<report>
				<misses>800001</misses>
				<total>28</total>
				<timestamp>43.971782</timestamp>
			</report>
			<report>
				<misses>900001</misses>
				<total>28</total>
				<timestamp>49.445558</timestamp>
			</report>
			<report>
				<misses>1000001</misses>
				<total>28</total>
				<timestamp>54.950596</timestamp>
			</report>
			<report>
				<misses>1100001</misses>
				<total>70</total>
				<timestamp>60.442841</timestamp>
			</report>
			<report>
				<misses>1200001</misses>
				<total>70</total>
				<timestamp>65.902927</timestamp>
			</report>
			<report>
				<misses>1300001</misses>
				<total>70</total>
				<timestamp>71.349336</timestamp>
			</report>
			<report>
				<misses>1400001</misses>
				<total>70</total>
				<timestamp>76.814517</timestamp>
			</report>
			<report>
				<misses>1500001</misses>
				<total>70</total>
				<timestamp>82.279817</timestamp>
			</report>
			<report>
				<misses>1600001</misses>
				<total>70</total>
				<timestamp>87.746534</timestamp>
			</report>
			<report>
				<misses>1700001</misses>
				<total>70</total>
				<timestamp>93.220123</timestamp>
			</report>
			<report>
				<misses>1800001</misses>
				<total>70</total>
				<timestamp>98.710311</timestamp>
			</report>
			<report>
				<misses>1900001</misses>
				<total>70</total>
				<timestamp>104.174965</timestamp>
			</report>
			<report>
				<misses>2000001</misses>
				<total>70</total>
				<timestamp>109.645611</timestamp>
			</report>
			<report>
				<misses>2100001</misses>
				<total>70</total>
				<timestamp>115.078264</timestamp>
			</report>
			<report>
				<misses>2200001</misses>
				<total>107</total>
				<timestamp>120.564257</timestamp>
			</report>
			<report>
				<misses>2300001</misses>
				<total>107</total>
				<timestamp>126.045805</timestamp>
			</report>
			<report>
				<misses>2400001</misses>
				<total>107</total>
				<timestamp>131.526220</timestamp>
			</report>
			<report>
				<misses>2500001</misses>
				<total>107</total>
				<timestamp>136.975284</timestamp>
			</report>
			<report>
				<misses>2600001</misses>
				<total>107</total>
				<timestamp>142.431878</timestamp>
			</report>
			<report>
				<misses>2700001</misses>
				<total>107</total>
				<timestamp>147.896583</timestamp>
			</report>
			<report>
				<misses>2800001</misses>
				<total>107</total>
				<timestamp>153.353865</timestamp>
			</report>
			<report>
				<misses>2900001</misses>
				<total>107</total>
				<timestamp>158.808699</timestamp>
			</report>
			<report>
				<misses>3000001</misses>
				<total>107</total>
				<timestamp>164.292671</timestamp>
			</report>
			<report>
				<misses>3100001</misses>
				<total>107</total>
				<timestamp>169.752684</timestamp>
			</report>
			<report>
				<misses>3200001</misses>
				<total>107</total>
				<timestamp>175.201313</timestamp>
			</report>
			<report>
				<misses>3300001</misses>
				<total>149</total>
				<timestamp>180.687323</timestamp>
			</report>
			<report>
				<misses>3400001</misses>
				<total>149</total>
				<timestamp>186.174507</timestamp>
			</report>
			<report>
				<misses>3500001</misses>
				<total>149</total>
				<timestamp>191.658300</timestamp>
			</report>
			<report>
				<misses>3600001</misses>
				<total>149</total>
				<timestamp>197.115295</timestamp>
			</report>
			<report>
				<misses>3700001</misses>
				<total>149</total>
				<timestamp>202.577742</timestamp>
			</report>
			<report>
				<misses>3800001</misses>
				<total>149</total>
				<timestamp>208.028100</timestamp>
			</report>
			<report>
				<misses>3900001</misses>
				<total>149</total>
				<timestamp>213.490381</timestamp>
			</report>
			<report>
				<misses>4000001</misses>
				<total>149</total>
				<timestamp>218.959607</timestamp>
			</report>
			<report>
				<misses>4100001</misses>
				<total>149</total>
				<timestamp>224.410086</timestamp>
			</report>
			<report>
				<misses>4200001</misses>
				<total>149</total>
				<timestamp>229.863256</timestamp>
			</report>
			<report>
				<misses>4300001</misses>
				<total>149</total>
				<timestamp>235.318073</timestamp>
			</report>
			<report>
				<misses>4400001</misses>
				<total>195</total>
				<timestamp>240.758543</timestamp>
			</report>
			<report>
				<misses>4500001</misses>
				<total>195</total>
				<timestamp>246.196118</timestamp>
			</report>
			<report>
				<misses>4600001</misses>
				<total>195</total>
				<timestamp>251.633227</timestamp>
			</report>
			<report>
				<misses>4700001</misses>
				<total>195</total>
				<timestamp>257.069705</timestamp>
			</report>
			<report>
				<misses>4800001</misses>
				<total>195</total>
				<timestamp>262.522258</timestamp>
			</report>
			<report>
				<misses>4900001</misses>
				<total>195</total>
				<timestamp>267.972111</timestamp>
			</report>
			<report>
				<misses>5000001</misses>
				<total>195</total>
				<timestamp>273.446127</timestamp>
			</report>
			<report>
				<misses>5100001</misses>
				<total>195</total>
				<timestamp>278.904703</timestamp>
			</report>
			<report>
				<misses>5200001</misses>
				<total>195</total>
				<timestamp>284.375508</timestamp>
			</report>
			<report>
				<misses>5300001</misses>
				<total>195</total>
				<timestamp>289.845308</timestamp>
			</report>
			<report>
				<misses>5400001</misses>
				<total>195</total>
				<timestamp>295.309698</timestamp>
			</report>
		</query>
	</custom>
	<ethtool_statistic>
		<rx_packets>
			<start>150806854</start>
			<end>196621630</end>
		</rx_packets>
		<tx_packets>
			<start>177584079</start>
			<end>221462780</end>
		</tx_packets>
		<rx_dropped>
			<start>0</start>
			<end>0</end>
		</rx_dropped>
		<tx_dropped>
			<start>0</start>
			<end>0</end>
		</tx_dropped>
		<collisions>
			<start>0</start>
			<end>0</end>
		</collisions>
		<port_tx_errors>
			<start>0</start>
			<end>0</end>
		</port_tx_errors>
		<port_rx_dropped>
			<start>0</start>
			<end>0</end>
		</port_rx_dropped>
		<port_tx_dropped_link_down>
			<start>0</start>
			<end>0</end>
		</port_tx_dropped_link_down>
	</ethtool_statistic>
	<ip_statistic>
		<mtu>
			<start>9000</start>
			<end>9000</end>
		</mtu>
		<rx_bytes>
			<start>806834896155</start>
			<end>1180682431959</end>
		</rx_bytes>
		<rx_packets>
			<start>150806854</start>
			<end>196621630</end>
		</rx_packets>
		<rx_errors>
			<start>0</start>
			<end>0</end>
		</rx_errors>
		<rx_dropped>
			<start>0</start>
			<end>0</end>
		</rx_dropped>
		<rx_missed>
			<start>0</start>
			<end>0</end>
		</rx_missed>
		<rx_mcast>
			<start>4</start>
			<end>6</end>
		</rx_mcast>
		<tx_bytes>
			<start>849958980552</start>
			<end>1208008167094</end>
		</tx_bytes>
		<tx_packets>
			<start>177584079</start>
			<end>221462780</end>
		</tx_packets>
		<tx_errors>
			<start>0</start>
			<end>0</end>
		</tx_errors>
		<tx_dropped>
			<start>0</start>
			<end>0</end>
		</tx_dropped>
		<tx_carrier>
			<start>0</start>
			<end>0</end>
		</tx_carrier>
		<tx_collisions>
			<start>0</start>
			<end>0</end>
		</tx_collisions>
	</ip_statistic>
	<netstat_statistic>
		<udp_pkg_rec>
			<start>1096410133</start>
			<end>1136605210</end>
		</udp_pkg_rec>
		<udp_pkg_snt>
			<start>1157183888</start>
			<end>1201046325</end>
		</udp_pkg_snt>
		<udp_rec_err>
			<start>0</start>
			<end>0</end>
		</udp_rec_err>
		<udp_rec_buf_err>
			<start>0</start>
			<end>0</end>
		</udp_rec_buf_err>
		<udp_snt_buf_err>
			<start>0</start>
			<end>0</end>
		</udp_snt_buf_err>
	</netstat_statistic>
</test_results>
