<?xml version="1.0"?>
<test_results>
	<status>STATUS_SUCCESS</status>
	<custom>
		<num_loss>113</num_loss>
		<num_total>5000001</num_total>
		<num_misses>356</num_misses>
		<elapsed_time>450.027725</elapsed_time>
		<query>
			<report>
				<misses>100000</misses>
				<total>4</total>
				<timestamp>9.000009</timestamp>
			</report>
			<report>
				<misses>200000</misses>
				<total>5</total>
				<timestamp>18.000093</timestamp>
			</report>
			<report>
				<misses>300000</misses>
				<total>6</total>
				<timestamp>26.999999</timestamp>
			</report>
			<report>
				<misses>400000</misses>
				<total>10</total>
				<timestamp>35.999918</timestamp>
			</report>
			<report>
				<misses>500000</misses>
				<total>15</total>
				<timestamp>44.999817</timestamp>
			</report>
			<report>
				<misses>600000</misses>
				<total>18</total>
				<timestamp>53.999911</timestamp>
			</report>
			<report>
				<misses>700000</misses>
				<total>21</total>
				<timestamp>62.999826</timestamp>
			</report>
			<report>
				<misses>800000</misses>
				<total>21</total>
				<timestamp>71.999730</timestamp>
			</report>
			<report>
				<misses>900000</misses>
				<total>30</total>
				<timestamp>80.999655</timestamp>
			</report>
			<report>
				<misses>1000000</misses>
				<total>30</total>
				<timestamp>89.999556</timestamp>
			</report>
			<report>
				<misses>1100000</misses>
				<total>30</total>
				<timestamp>98.999486</timestamp>
			</report>
			<report>
				<misses>1200000</misses>
				<total>31</total>
				<timestamp>107.999440</timestamp>
			</report>
			<report>
				<misses>1300000</misses>
				<total>31</total>
				<timestamp>116.999451</timestamp>
			</report>
			<report>
				<misses>1400000</misses>
				<total>34</total>
				<timestamp>125.999366</timestamp>
			</report>
			<report>
				<misses>1500000</misses>
				<total>34</total>
				<timestamp>134.999311</timestamp>
			</report>
			<report>
				<misses>1600000</misses>
				<total>34</total>
				<timestamp>143.999303</timestamp>
			</report>
			<report>
				<misses>1700000</misses>
				<total>34</total>
				<timestamp>152.999197</timestamp>
			</report>
			<report>
				<misses>1800000</misses>
				<total>34</total>
				<timestamp>161.999168</timestamp>
			</report>
			<report>
				<misses>1900000</misses>
				<total>36</total>
				<timestamp>170.999018</timestamp>
			</report>
			<report>
				<misses>2000000</misses>
				<total>38</total>
				<timestamp>179.998942</timestamp>
			</report>
			<report>
				<misses>2100000</misses>
				<total>40</total>
				<timestamp>188.998826</timestamp>
			</report>
			<report>
				<misses>2200000</misses>
				<total>40</total>
				<timestamp>197.998759</timestamp>
			</report>
			<report>
				<misses>2300000</misses>
				<total>41</total>
				<timestamp>206.998751</timestamp>
			</report>
			<report>
				<misses>2400000</misses>
				<total>42</total>
				<timestamp>215.998841</timestamp>
			</report>
			<report>
				<misses>2500000</misses>
				<total>43</total>
				<timestamp>224.998781</timestamp>
			</report>
			<report>
				<misses>2600000</misses>
				<total>47</total>
				<timestamp>233.998699</timestamp>
			</report>
			<report>
				<misses>2700000</misses>
				<total>53</total>
				<timestamp>242.998611</timestamp>
			</report>
			<report>
				<misses>2800000</misses>
				<total>54</total>
				<timestamp>251.998490</timestamp>
			</report>
			<report>
				<misses>2900000</misses>
				<total>60</total>
				<timestamp>260.998469</timestamp>
			</report>
			<report>
				<misses>3000000</misses>
				<total>62</total>
				<timestamp>269.998391</timestamp>
			</report>
			<report>
				<misses>3100000</misses>
				<total>62</total>
				<timestamp>278.998286</timestamp>
			</report>
			<report>
				<misses>3200000</misses>
				<total>68</total>
				<timestamp>287.998264</timestamp>
			</report>
			<report>
				<misses>3300000</misses>
				<total>68</total>
				<timestamp>297.002092</timestamp>
			</report>
			<report>
				<misses>3400000</misses>
				<total>70</total>
				<timestamp>306.004876</timestamp>
			</report>
			<report>
				<misses>3500000</misses>
				<total>70</total>
				<timestamp>315.005048</timestamp>
			</report>
			<report>
				<misses>3600000</misses>
				<total>73</total>
				<timestamp>324.005950</timestamp>
			</report>
			<report>
				<misses>3700000</misses>
				<total>73</total>
				<timestamp>333.006291</timestamp>
			</report>
			<report>
				<misses>3800000</misses>
				<total>78</total>
				<timestamp>342.006423</timestamp>
			</report>
			<report>
				<misses>3900000</misses>
				<total>80</total>
				<timestamp>351.006834</timestamp>
			</report>
			<report>
				<misses>4000000</misses>
				<total>81</total>
				<timestamp>360.009282</timestamp>
			</report>
			<report>
				<misses>4100000</misses>
				<total>85</total>
				<timestamp>369.014219</timestamp>
			</report>
			<report>
				<misses>4200000</misses>
				<total>85</total>
				<timestamp>378.016741</timestamp>
			</report>
			<report>
				<misses>4300000</misses>
				<total>87</total>
				<timestamp>387.018388</timestamp>
			</report>
			<report>
				<misses>4400000</misses>
				<total>87</total>
				<timestamp>396.018989</timestamp>
			</report>
			<report>
				<misses>4500000</misses>
				<total>98</total>
				<timestamp>405.023932</timestamp>
			</report>
			<report>
				<misses>4600000</misses>
				<total>107</total>
				<timestamp>414.025213</timestamp>
			</report>
			<report>
				<misses>4700000</misses>
				<total>107</total>
				<timestamp>423.025560</timestamp>
			</report>
			<report>
				<misses>4800000</misses>
				<total>107</total>
				<timestamp>432.027595</timestamp>
			</report>
			<report>
				<misses>4900000</misses>
				<total>111</total>
				<timestamp>441.027446</timestamp>
			</report>
			<report>
				<misses>5000000</misses>
				<total>113</total>
				<timestamp>450.027699</timestamp>
			</report>
		</query>
	</custom>
	<ethtool_statistic>
		<rx_packets>
			<start>2607382162</start>
			<end>2628571852</end>
		</rx_packets>
		<tx_packets>
			<start>2951065414</start>
			<end>2968802447</end>
		</tx_packets>
		<rx_dropped>
			<start>0</start>
			<end>0</end>
		</rx_dropped>
		<tx_dropped>
			<start>0</start>
			<end>0</end>
		</tx_dropped>
		<collisions>
			<start>0</start>
			<end>0</end>
		</collisions>
		<port_tx_errors>
			<start>0</start>
			<end>0</end>
		</port_tx_errors>
		<port_rx_dropped>
			<start>0</start>
			<end>0</end>
		</port_rx_dropped>
		<port_tx_dropped_link_down>
			<start>0</start>
			<end>0</end>
		</port_tx_dropped_link_down>
	</ethtool_statistic>
	<ip_statistic>
		<mtu>
			<start>9000</start>
			<end>9000</end>
		</mtu>
		<rx_bytes>
			<start>23439730808262</start>
			<end>23630154701704</end>
		</rx_bytes>
		<rx_packets>
			<start>2607382347</start>
			<end>2628571908</end>
		</rx_packets>
		<rx_errors>
			<start>0</start>
			<end>0</end>
		</rx_errors>
		<rx_dropped>
			<start>0</start>
			<end>0</end>
		</rx_dropped>
		<rx_missed>
			<start>0</start>
			<end>0</end>
		</rx_missed>
		<rx_mcast>
			<start>476</start>
			<end>485</end>
		</rx_mcast>
		<tx_bytes>
			<start>14653353867579</start>
			<end>14812356905370</end>
		</tx_bytes>
		<tx_packets>
			<start>2951065461</start>
			<end>2968802510</end>
		</tx_packets>
		<tx_errors>
			<start>0</start>
			<end>0</end>
		</tx_errors>
		<tx_dropped>
			<start>0</start>
			<end>0</end>
		</tx_dropped>
		<tx_carrier>
			<start>0</start>
			<end>0</end>
		</tx_carrier>
		<tx_collisions>
			<start>0</start>
			<end>0</end>
		</tx_collisions>
	</ip_statistic>
	<netstat_statistic>
		<udp_pkg_rec>
			<start>2456449507</start>
			<end>2476341433</end>
		</udp_pkg_rec>
		<udp_pkg_snt>
			<start>2951387209</start>
			<end>2969103165</end>
		</udp_pkg_snt>
		<udp_rec_err>
			<start>151186509</start>
			<end>152480488</end>
		</udp_rec_err>
		<udp_rec_buf_err>
			<start>151186509</start>
			<end>152480488</end>
		</udp_rec_buf_err>
		<udp_snt_buf_err>
			<start>0</start>
			<end>0</end>
		</udp_snt_buf_err>
	</netstat_statistic>
</test_results>
