<?xml version="1.0"?>
<test_results>
	<status>STATUS_SUCCESS</status>
	<custom>
		<num_loss>9</num_loss>
		<num_total>113819883</num_total>
		<num_misses>-1528800348</num_misses>
		<elapsed_time>7199.964234</elapsed_time>
		<query>
			<report>
				<misses>100001</misses>
				<total>0</total>
				<timestamp>6.328392</timestamp>
			</report>
			<report>
				<misses>200001</misses>
				<total>0</total>
				<timestamp>12.662149</timestamp>
			</report>
			<report>
				<misses>300001</misses>
				<total>0</total>
				<timestamp>18.987046</timestamp>
			</report>
			<report>
				<misses>400001</misses>
				<total>0</total>
				<timestamp>25.296409</timestamp>
			</report>
			<report>
				<misses>500001</misses>
				<total>0</total>
				<timestamp>31.618248</timestamp>
			</report>
			<report>
				<misses>600001</misses>
				<total>0</total>
				<timestamp>37.936880</timestamp>
			</report>
			<report>
				<misses>700001</misses>
				<total>0</total>
				<timestamp>44.261500</timestamp>
			</report>
			<report>
				<misses>800001</misses>
				<total>0</total>
				<timestamp>50.586121</timestamp>
			</report>
			<report>
				<misses>900001</misses>
				<total>0</total>
				<timestamp>56.914452</timestamp>
			</report>
			<report>
				<misses>1000001</misses>
				<total>0</total>
				<timestamp>63.231455</timestamp>
			</report>
			<report>
				<misses>1100001</misses>
				<total>0</total>
				<timestamp>69.552478</timestamp>
			</report>
			<report>
				<misses>1200001</misses>
				<total>0</total>
				<timestamp>75.885553</timestamp>
			</report>
			<report>
				<misses>1300001</misses>
				<total>0</total>
				<timestamp>82.213367</timestamp>
			</report>
			<report>
				<misses>1400001</misses>
				<total>0</total>
				<timestamp>88.539757</timestamp>
			</report>
			<report>
				<misses>1500001</misses>
				<total>0</total>
				<timestamp>94.866994</timestamp>
			</report>
			<report>
				<misses>1600001</misses>
				<total>0</total>
				<timestamp>101.185284</timestamp>
			</report>
			<report>
				<misses>1700001</misses>
				<total>0</total>
				<timestamp>107.504536</timestamp>
			</report>
			<report>
				<misses>1800001</misses>
				<total>0</total>
				<timestamp>113.826707</timestamp>
			</report>
			<report>
				<misses>1900001</misses>
				<total>0</total>
				<timestamp>120.145398</timestamp>
			</report>
			<report>
				<misses>2000001</misses>
				<total>0</total>
				<timestamp>126.463331</timestamp>
			</report>
			<report>
				<misses>2100001</misses>
				<total>0</total>
				<timestamp>132.787261</timestamp>
			</report>
			<report>
				<misses>2200001</misses>
				<total>0</total>
				<timestamp>139.107739</timestamp>
			</report>
			<report>
				<misses>2300001</misses>
				<total>0</total>
				<timestamp>145.431733</timestamp>
			</report>
			<report>
				<misses>2400001</misses>
				<total>0</total>
				<timestamp>151.748662</timestamp>
			</report>
			<report>
				<misses>2500001</misses>
				<total>0</total>
				<timestamp>158.082720</timestamp>
			</report>
			<report>
				<misses>2600001</misses>
				<total>0</total>
				<timestamp>164.409796</timestamp>
			</report>
			<report>
				<misses>2700001</misses>
				<total>0</total>
				<timestamp>170.738324</timestamp>
			</report>
			<report>
				<misses>2800001</misses>
				<total>0</total>
				<timestamp>177.065999</timestamp>
			</report>
			<report>
				<misses>2900001</misses>
				<total>0</total>
				<timestamp>183.407651</timestamp>
			</report>
			<report>
				<misses>3000001</misses>
				<total>0</total>
				<timestamp>189.715150</timestamp>
			</report>
			<report>
				<misses>3100001</misses>
				<total>0</total>
				<timestamp>196.041953</timestamp>
			</report>
			<report>
				<misses>3200001</misses>
				<total>0</total>
				<timestamp>202.374564</timestamp>
			</report>
			<report>
				<misses>3300001</misses>
				<total>0</total>
				<timestamp>208.690626</timestamp>
			</report>
			<report>
				<misses>3400001</misses>
				<total>0</total>
				<timestamp>215.020695</timestamp>
			</report>
			<report>
				<misses>3500001</misses>
				<total>0</total>
				<timestamp>221.351524</timestamp>
			</report>
			<report>
				<misses>3600001</misses>
				<total>0</total>
				<timestamp>227.680057</timestamp>
			</report>
			<report>
				<misses>3700001</misses>
				<total>0</total>
				<timestamp>234.007908</timestamp>
			</report>
			<report>
				<misses>3800001</misses>
				<total>0</total>
				<timestamp>240.334987</timestamp>
			</report>
			<report>
				<misses>3900001</misses>
				<total>0</total>
				<timestamp>246.658013</timestamp>
			</report>
			<report>
				<misses>4000001</misses>
				<total>0</total>
				<timestamp>252.982509</timestamp>
			</report>
			<report>
				<misses>4100001</misses>
				<total>0</total>
				<timestamp>259.331536</timestamp>
			</report>
			<report>
				<misses>4200001</misses>
				<total>0</total>
				<timestamp>265.679825</timestamp>
			</report>
			<report>
				<misses>4300001</misses>
				<total>0</total>
				<timestamp>272.021763</timestamp>
			</report>
			<report>
				<misses>4400001</misses>
				<total>0</total>
				<timestamp>278.362940</timestamp>
			</report>
			<report>
				<misses>4500001</misses>
				<total>0</total>
				<timestamp>284.692346</timestamp>
			</report>
			<report>
				<misses>4600001</misses>
				<total>0</total>
				<timestamp>291.015548</timestamp>
			</report>
			<report>
				<misses>4700001</misses>
				<total>0</total>
				<timestamp>297.343813</timestamp>
			</report>
			<report>
				<misses>4800001</misses>
				<total>0</total>
				<timestamp>303.687391</timestamp>
			</report>
			<report>
				<misses>4900001</misses>
				<total>0</total>
				<timestamp>310.032381</timestamp>
			</report>
			<report>
				<misses>5000001</misses>
				<total>0</total>
				<timestamp>316.373728</timestamp>
			</report>
			<report>
				<misses>5100001</misses>
				<total>0</total>
				<timestamp>322.692547</timestamp>
			</report>
			<report>
				<misses>5200001</misses>
				<total>0</total>
				<timestamp>329.001916</timestamp>
			</report>
			<report>
				<misses>5300001</misses>
				<total>0</total>
				<timestamp>335.300770</timestamp>
			</report>
			<report>
				<misses>5400001</misses>
				<total>0</total>
				<timestamp>341.629907</timestamp>
			</report>
			<report>
				<misses>5500001</misses>
				<total>0</total>
				<timestamp>347.983762</timestamp>
			</report>
			<report>
				<misses>5600001</misses>
				<total>0</total>
				<timestamp>354.321906</timestamp>
			</report>
			<report>
				<misses>5700001</misses>
				<total>0</total>
				<timestamp>360.646278</timestamp>
			</report>
			<report>
				<misses>5800001</misses>
				<total>0</total>
				<timestamp>366.971381</timestamp>
			</report>
			<report>
				<misses>5900001</misses>
				<total>0</total>
				<timestamp>373.297127</timestamp>
			</report>
			<report>
				<misses>6000001</misses>
				<total>0</total>
				<timestamp>379.641249</timestamp>
			</report>
			<report>
				<misses>6100001</misses>
				<total>0</total>
				<timestamp>385.984404</timestamp>
			</report>
			<report>
				<misses>6200001</misses>
				<total>0</total>
				<timestamp>392.310792</timestamp>
			</report>
			<report>
				<misses>6300001</misses>
				<total>0</total>
				<timestamp>398.632239</timestamp>
			</report>
			<report>
				<misses>6400001</misses>
				<total>0</total>
				<timestamp>404.950871</timestamp>
			</report>
			<report>
				<misses>6500001</misses>
				<total>0</total>
				<timestamp>411.289479</timestamp>
			</report>
			<report>
				<misses>6600001</misses>
				<total>0</total>
				<timestamp>417.613173</timestamp>
			</report>
			<report>
				<misses>6700001</misses>
				<total>0</total>
				<timestamp>423.947619</timestamp>
			</report>
			<report>
				<misses>6800001</misses>
				<total>0</total>
				<timestamp>430.273985</timestamp>
			</report>
			<report>
				<misses>6900001</misses>
				<total>0</total>
				<timestamp>436.602800</timestamp>
			</report>
			<report>
				<misses>7000001</misses>
				<total>0</total>
				<timestamp>442.926088</timestamp>
			</report>
			<report>
				<misses>7100001</misses>
				<total>0</total>
				<timestamp>449.247528</timestamp>
			</report>
			<report>
				<misses>7200001</misses>
				<total>0</total>
				<timestamp>455.572024</timestamp>
			</report>
			<report>
				<misses>7300001</misses>
				<total>0</total>
				<timestamp>461.895462</timestamp>
			</report>
			<report>
				<misses>7400001</misses>
				<total>0</total>
				<timestamp>468.231905</timestamp>
			</report>
			<report>
				<misses>7500001</misses>
				<total>0</total>
				<timestamp>474.573094</timestamp>
			</report>
			<report>
				<misses>7600001</misses>
				<total>0</total>
				<timestamp>480.904676</timestamp>
			</report>
			<report>
				<misses>7700001</misses>
				<total>0</total>
				<timestamp>487.252317</timestamp>
			</report>
			<report>
				<misses>7800001</misses>
				<total>0</total>
				<timestamp>493.594506</timestamp>
			</report>
			<report>
				<misses>7900001</misses>
				<total>0</total>
				<timestamp>499.926780</timestamp>
			</report>
			<report>
				<misses>8000001</misses>
				<total>0</total>
				<timestamp>506.257507</timestamp>
			</report>
			<report>
				<misses>8100001</misses>
				<total>0</total>
				<timestamp>512.581780</timestamp>
			</report>
			<report>
				<misses>8200001</misses>
				<total>0</total>
				<timestamp>518.903515</timestamp>
			</report>
			<report>
				<misses>8300001</misses>
				<total>0</total>
				<timestamp>525.229327</timestamp>
			</report>
			<report>
				<misses>8400001</misses>
				<total>0</total>
				<timestamp>531.571962</timestamp>
			</report>
			<report>
				<misses>8500001</misses>
				<total>0</total>
				<timestamp>537.896983</timestamp>
			</report>
			<report>
				<misses>8600001</misses>
				<total>1</total>
				<timestamp>544.220063</timestamp>
			</report>
			<report>
				<misses>8700001</misses>
				<total>1</total>
				<timestamp>550.539017</timestamp>
			</report>
			<report>
				<misses>8800001</misses>
				<total>1</total>
				<timestamp>556.859617</timestamp>
			</report>
			<report>
				<misses>8900001</misses>
				<total>1</total>
				<timestamp>563.183198</timestamp>
			</report>
			<report>
				<misses>9000001</misses>
				<total>1</total>
				<timestamp>569.506283</timestamp>
			</report>
			<report>
				<misses>9100001</misses>
				<total>1</total>
				<timestamp>575.830567</timestamp>
			</report>
			<report>
				<misses>9200001</misses>
				<total>1</total>
				<timestamp>582.154055</timestamp>
			</report>
			<report>
				<misses>9300001</misses>
				<total>1</total>
				<timestamp>588.476959</timestamp>
			</report>
			<report>
				<misses>9400001</misses>
				<total>1</total>
				<timestamp>594.798298</timestamp>
			</report>
			<report>
				<misses>9500001</misses>
				<total>1</total>
				<timestamp>601.123336</timestamp>
			</report>
			<report>
				<misses>9600001</misses>
				<total>1</total>
				<timestamp>607.452492</timestamp>
			</report>
			<report>
				<misses>9700001</misses>
				<total>1</total>
				<timestamp>613.770833</timestamp>
			</report>
			<report>
				<misses>9800001</misses>
				<total>1</total>
				<timestamp>620.076133</timestamp>
			</report>
			<report>
				<misses>9900001</misses>
				<total>1</total>
				<timestamp>626.404672</timestamp>
			</report>
			<report>
				<misses>10000001</misses>
				<total>1</total>
				<timestamp>632.756672</timestamp>
			</report>
			<report>
				<misses>10100001</misses>
				<total>1</total>
				<timestamp>639.108144</timestamp>
			</report>
			<report>
				<misses>10200001</misses>
				<total>1</total>
				<timestamp>645.462469</timestamp>
			</report>
			<report>
				<misses>10300001</misses>
				<total>1</total>
				<timestamp>651.803185</timestamp>
			</report>
			<report>
				<misses>10400001</misses>
				<total>1</total>
				<timestamp>658.130065</timestamp>
			</report>
			<report>
				<misses>10500001</misses>
				<total>1</total>
				<timestamp>664.481144</timestamp>
			</report>
			<report>
				<misses>10600001</misses>
				<total>1</total>
				<timestamp>670.825411</timestamp>
			</report>
			<report>
				<misses>10700001</misses>
				<total>1</total>
				<timestamp>677.158517</timestamp>
			</report>
			<report>
				<misses>10800001</misses>
				<total>1</total>
				<timestamp>683.482672</timestamp>
			</report>
			<report>
				<misses>10900001</misses>
				<total>1</total>
				<timestamp>689.806484</timestamp>
			</report>
			<report>
				<misses>11000001</misses>
				<total>1</total>
				<timestamp>696.130752</timestamp>
			</report>
			<report>
				<misses>11100001</misses>
				<total>1</total>
				<timestamp>702.451675</timestamp>
			</report>
			<report>
				<misses>11200001</misses>
				<total>1</total>
				<timestamp>708.775510</timestamp>
			</report>
			<report>
				<misses>11300001</misses>
				<total>1</total>
				<timestamp>715.091807</timestamp>
			</report>
			<report>
				<misses>11400001</misses>
				<total>1</total>
				<timestamp>721.413907</timestamp>
			</report>
			<report>
				<misses>11500001</misses>
				<total>1</total>
				<timestamp>727.749493</timestamp>
			</report>
			<report>
				<misses>11600001</misses>
				<total>1</total>
				<timestamp>734.076766</timestamp>
			</report>
			<report>
				<misses>11700001</misses>
				<total>1</total>
				<timestamp>740.394288</timestamp>
			</report>
			<report>
				<misses>11800001</misses>
				<total>1</total>
				<timestamp>746.705164</timestamp>
			</report>
			<report>
				<misses>11900001</misses>
				<total>1</total>
				<timestamp>753.048115</timestamp>
			</report>
			<report>
				<misses>12000001</misses>
				<total>1</total>
				<timestamp>759.375790</timestamp>
			</report>
			<report>
				<misses>12100001</misses>
				<total>1</total>
				<timestamp>765.684833</timestamp>
			</report>
			<report>
				<misses>12200001</misses>
				<total>1</total>
				<timestamp>772.010325</timestamp>
			</report>
			<report>
				<misses>12300001</misses>
				<total>1</total>
				<timestamp>778.334983</timestamp>
			</report>
			<report>
				<misses>12400001</misses>
				<total>1</total>
				<timestamp>784.660032</timestamp>
			</report>
			<report>
				<misses>12500001</misses>
				<total>1</total>
				<timestamp>790.983297</timestamp>
			</report>
			<report>
				<misses>12600001</misses>
				<total>1</total>
				<timestamp>797.310131</timestamp>
			</report>
			<report>
				<misses>12700001</misses>
				<total>1</total>
				<timestamp>803.636682</timestamp>
			</report>
			<report>
				<misses>12800001</misses>
				<total>1</total>
				<timestamp>809.960573</timestamp>
			</report>
			<report>
				<misses>12900001</misses>
				<total>1</total>
				<timestamp>816.281934</timestamp>
			</report>
			<report>
				<misses>13000001</misses>
				<total>1</total>
				<timestamp>822.610356</timestamp>
			</report>
			<report>
				<misses>13100001</misses>
				<total>1</total>
				<timestamp>828.944140</timestamp>
			</report>
			<report>
				<misses>13200001</misses>
				<total>1</total>
				<timestamp>835.276542</timestamp>
			</report>
			<report>
				<misses>13300001</misses>
				<total>1</total>
				<timestamp>841.583084</timestamp>
			</report>
			<report>
				<misses>13400001</misses>
				<total>1</total>
				<timestamp>847.897662</timestamp>
			</report>
			<report>
				<misses>13500001</misses>
				<total>1</total>
				<timestamp>854.223301</timestamp>
			</report>
			<report>
				<misses>13600001</misses>
				<total>1</total>
				<timestamp>860.548608</timestamp>
			</report>
			<report>
				<misses>13700001</misses>
				<total>1</total>
				<timestamp>866.871900</timestamp>
			</report>
			<report>
				<misses>13800001</misses>
				<total>1</total>
				<timestamp>873.198309</timestamp>
			</report>
			<report>
				<misses>13900001</misses>
				<total>1</total>
				<timestamp>879.524834</timestamp>
			</report>
			<report>
				<misses>14000001</misses>
				<total>1</total>
				<timestamp>885.854068</timestamp>
			</report>
			<report>
				<misses>14100001</misses>
				<total>1</total>
				<timestamp>892.174573</timestamp>
			</report>
			<report>
				<misses>14200001</misses>
				<total>1</total>
				<timestamp>898.491306</timestamp>
			</report>
			<report>
				<misses>14300001</misses>
				<total>1</total>
				<timestamp>904.815071</timestamp>
			</report>
			<report>
				<misses>14400001</misses>
				<total>1</total>
				<timestamp>911.140880</timestamp>
			</report>
			<report>
				<misses>14500001</misses>
				<total>1</total>
				<timestamp>917.473086</timestamp>
			</report>
			<report>
				<misses>14600001</misses>
				<total>1</total>
				<timestamp>923.819158</timestamp>
			</report>
			<report>
				<misses>14700001</misses>
				<total>1</total>
				<timestamp>930.144739</timestamp>
			</report>
			<report>
				<misses>14800001</misses>
				<total>1</total>
				<timestamp>936.467228</timestamp>
			</report>
			<report>
				<misses>14900001</misses>
				<total>1</total>
				<timestamp>942.795015</timestamp>
			</report>
			<report>
				<misses>15000001</misses>
				<total>1</total>
				<timestamp>949.124383</timestamp>
			</report>
			<report>
				<misses>15100001</misses>
				<total>1</total>
				<timestamp>955.478331</timestamp>
			</report>
			<report>
				<misses>15200001</misses>
				<total>1</total>
				<timestamp>961.806675</timestamp>
			</report>
			<report>
				<misses>15300001</misses>
				<total>1</total>
				<timestamp>968.131283</timestamp>
			</report>
			<report>
				<misses>15400001</misses>
				<total>1</total>
				<timestamp>974.460573</timestamp>
			</report>
			<report>
				<misses>15500001</misses>
				<total>1</total>
				<timestamp>980.789650</timestamp>
			</report>
			<report>
				<misses>15600001</misses>
				<total>1</total>
				<timestamp>987.115937</timestamp>
			</report>
			<report>
				<misses>15700001</misses>
				<total>1</total>
				<timestamp>993.444266</timestamp>
			</report>
			<report>
				<misses>15800001</misses>
				<total>1</total>
				<timestamp>999.773659</timestamp>
			</report>
			<report>
				<misses>15900001</misses>
				<total>1</total>
				<timestamp>1006.100696</timestamp>
			</report>
			<report>
				<misses>16000001</misses>
				<total>1</total>
				<timestamp>1012.423761</timestamp>
			</report>
			<report>
				<misses>16100001</misses>
				<total>1</total>
				<timestamp>1018.752911</timestamp>
			</report>
			<report>
				<misses>16200001</misses>
				<total>1</total>
				<timestamp>1025.079634</timestamp>
			</report>
			<report>
				<misses>16300001</misses>
				<total>1</total>
				<timestamp>1031.407777</timestamp>
			</report>
			<report>
				<misses>16400001</misses>
				<total>1</total>
				<timestamp>1037.733530</timestamp>
			</report>
			<report>
				<misses>16500001</misses>
				<total>1</total>
				<timestamp>1044.040866</timestamp>
			</report>
			<report>
				<misses>16600001</misses>
				<total>1</total>
				<timestamp>1050.378590</timestamp>
			</report>
			<report>
				<misses>16700001</misses>
				<total>1</total>
				<timestamp>1056.705977</timestamp>
			</report>
			<report>
				<misses>16800001</misses>
				<total>1</total>
				<timestamp>1063.033635</timestamp>
			</report>
			<report>
				<misses>16900001</misses>
				<total>1</total>
				<timestamp>1069.353623</timestamp>
			</report>
			<report>
				<misses>17000001</misses>
				<total>1</total>
				<timestamp>1075.683923</timestamp>
			</report>
			<report>
				<misses>17100001</misses>
				<total>1</total>
				<timestamp>1082.001849</timestamp>
			</report>
			<report>
				<misses>17200001</misses>
				<total>1</total>
				<timestamp>1088.343665</timestamp>
			</report>
			<report>
				<misses>17300001</misses>
				<total>1</total>
				<timestamp>1094.677658</timestamp>
			</report>
			<report>
				<misses>17400001</misses>
				<total>1</total>
				<timestamp>1100.999715</timestamp>
			</report>
			<report>
				<misses>17500001</misses>
				<total>1</total>
				<timestamp>1107.319343</timestamp>
			</report>
			<report>
				<misses>17600001</misses>
				<total>1</total>
				<timestamp>1113.659136</timestamp>
			</report>
			<report>
				<misses>17700001</misses>
				<total>1</total>
				<timestamp>1119.979225</timestamp>
			</report>
			<report>
				<misses>17800001</misses>
				<total>1</total>
				<timestamp>1126.310028</timestamp>
			</report>
			<report>
				<misses>17900001</misses>
				<total>1</total>
				<timestamp>1132.641298</timestamp>
			</report>
			<report>
				<misses>18000001</misses>
				<total>1</total>
				<timestamp>1138.972947</timestamp>
			</report>
			<report>
				<misses>18100001</misses>
				<total>1</total>
				<timestamp>1145.292917</timestamp>
			</report>
			<report>
				<misses>18200001</misses>
				<total>1</total>
				<timestamp>1151.636384</timestamp>
			</report>
			<report>
				<misses>18300001</misses>
				<total>1</total>
				<timestamp>1157.984606</timestamp>
			</report>
			<report>
				<misses>18400001</misses>
				<total>1</total>
				<timestamp>1164.319703</timestamp>
			</report>
			<report>
				<misses>18500001</misses>
				<total>1</total>
				<timestamp>1170.656017</timestamp>
			</report>
			<report>
				<misses>18600001</misses>
				<total>1</total>
				<timestamp>1176.997133</timestamp>
			</report>
			<report>
				<misses>18700001</misses>
				<total>1</total>
				<timestamp>1183.320911</timestamp>
			</report>
			<report>
				<misses>18800001</misses>
				<total>1</total>
				<timestamp>1189.643874</timestamp>
			</report>
			<report>
				<misses>18900001</misses>
				<total>1</total>
				<timestamp>1195.964666</timestamp>
			</report>
			<report>
				<misses>19000001</misses>
				<total>1</total>
				<timestamp>1202.284572</timestamp>
			</report>
			<report>
				<misses>19100001</misses>
				<total>1</total>
				<timestamp>1208.617509</timestamp>
			</report>
			<report>
				<misses>19200001</misses>
				<total>1</total>
				<timestamp>1214.955260</timestamp>
			</report>
			<report>
				<misses>19300001</misses>
				<total>1</total>
				<timestamp>1221.281924</timestamp>
			</report>
			<report>
				<misses>19400001</misses>
				<total>1</total>
				<timestamp>1227.603723</timestamp>
			</report>
			<report>
				<misses>19500001</misses>
				<total>1</total>
				<timestamp>1233.930585</timestamp>
			</report>
			<report>
				<misses>19600001</misses>
				<total>1</total>
				<timestamp>1240.265097</timestamp>
			</report>
			<report>
				<misses>19700001</misses>
				<total>1</total>
				<timestamp>1246.598401</timestamp>
			</report>
			<report>
				<misses>19800001</misses>
				<total>1</total>
				<timestamp>1252.923782</timestamp>
			</report>
			<report>
				<misses>19900001</misses>
				<total>1</total>
				<timestamp>1259.248467</timestamp>
			</report>
			<report>
				<misses>20000001</misses>
				<total>1</total>
				<timestamp>1265.571357</timestamp>
			</report>
			<report>
				<misses>20100001</misses>
				<total>1</total>
				<timestamp>1271.893548</timestamp>
			</report>
			<report>
				<misses>20200001</misses>
				<total>1</total>
				<timestamp>1278.232450</timestamp>
			</report>
			<report>
				<misses>20300001</misses>
				<total>1</total>
				<timestamp>1284.553363</timestamp>
			</report>
			<report>
				<misses>20400001</misses>
				<total>1</total>
				<timestamp>1290.878746</timestamp>
			</report>
			<report>
				<misses>20500001</misses>
				<total>1</total>
				<timestamp>1297.208325</timestamp>
			</report>
			<report>
				<misses>20600001</misses>
				<total>1</total>
				<timestamp>1303.534865</timestamp>
			</report>
			<report>
				<misses>20700001</misses>
				<total>1</total>
				<timestamp>1309.867216</timestamp>
			</report>
			<report>
				<misses>20800001</misses>
				<total>1</total>
				<timestamp>1316.193554</timestamp>
			</report>
			<report>
				<misses>20900001</misses>
				<total>1</total>
				<timestamp>1322.517346</timestamp>
			</report>
			<report>
				<misses>21000001</misses>
				<total>1</total>
				<timestamp>1328.838362</timestamp>
			</report>
			<report>
				<misses>21100001</misses>
				<total>1</total>
				<timestamp>1335.166468</timestamp>
			</report>
			<report>
				<misses>21200001</misses>
				<total>1</total>
				<timestamp>1341.485562</timestamp>
			</report>
			<report>
				<misses>21300001</misses>
				<total>1</total>
				<timestamp>1347.793588</timestamp>
			</report>
			<report>
				<misses>21400001</misses>
				<total>1</total>
				<timestamp>1354.116339</timestamp>
			</report>
			<report>
				<misses>21500001</misses>
				<total>2</total>
				<timestamp>1360.446946</timestamp>
			</report>
			<report>
				<misses>21600001</misses>
				<total>2</total>
				<timestamp>1366.766232</timestamp>
			</report>
			<report>
				<misses>21700001</misses>
				<total>2</total>
				<timestamp>1373.083092</timestamp>
			</report>
			<report>
				<misses>21800001</misses>
				<total>2</total>
				<timestamp>1379.390698</timestamp>
			</report>
			<report>
				<misses>21900001</misses>
				<total>2</total>
				<timestamp>1385.709476</timestamp>
			</report>
			<report>
				<misses>22000001</misses>
				<total>2</total>
				<timestamp>1392.026654</timestamp>
			</report>
			<report>
				<misses>22100001</misses>
				<total>2</total>
				<timestamp>1398.342026</timestamp>
			</report>
			<report>
				<misses>22200001</misses>
				<total>2</total>
				<timestamp>1404.660682</timestamp>
			</report>
			<report>
				<misses>22300001</misses>
				<total>2</total>
				<timestamp>1410.978441</timestamp>
			</report>
			<report>
				<misses>22400001</misses>
				<total>2</total>
				<timestamp>1417.300458</timestamp>
			</report>
			<report>
				<misses>22500001</misses>
				<total>2</total>
				<timestamp>1423.620966</timestamp>
			</report>
			<report>
				<misses>22600001</misses>
				<total>2</total>
				<timestamp>1429.952090</timestamp>
			</report>
			<report>
				<misses>22700001</misses>
				<total>2</total>
				<timestamp>1436.272305</timestamp>
			</report>
			<report>
				<misses>22800001</misses>
				<total>2</total>
				<timestamp>1442.586099</timestamp>
			</report>
			<report>
				<misses>22900001</misses>
				<total>2</total>
				<timestamp>1448.906459</timestamp>
			</report>
			<report>
				<misses>23000001</misses>
				<total>2</total>
				<timestamp>1455.225115</timestamp>
			</report>
			<report>
				<misses>23100001</misses>
				<total>2</total>
				<timestamp>1461.540922</timestamp>
			</report>
			<report>
				<misses>23200001</misses>
				<total>2</total>
				<timestamp>1467.866447</timestamp>
			</report>
			<report>
				<misses>23300001</misses>
				<total>2</total>
				<timestamp>1474.190201</timestamp>
			</report>
			<report>
				<misses>23400001</misses>
				<total>2</total>
				<timestamp>1480.508009</timestamp>
			</report>
			<report>
				<misses>23500001</misses>
				<total>2</total>
				<timestamp>1486.824180</timestamp>
			</report>
			<report>
				<misses>23600001</misses>
				<total>2</total>
				<timestamp>1493.146816</timestamp>
			</report>
			<report>
				<misses>23700001</misses>
				<total>2</total>
				<timestamp>1499.465935</timestamp>
			</report>
			<report>
				<misses>23800001</misses>
				<total>2</total>
				<timestamp>1505.787335</timestamp>
			</report>
			<report>
				<misses>23900001</misses>
				<total>2</total>
				<timestamp>1512.107930</timestamp>
			</report>
			<report>
				<misses>24000001</misses>
				<total>2</total>
				<timestamp>1518.428338</timestamp>
			</report>
			<report>
				<misses>24100001</misses>
				<total>2</total>
				<timestamp>1524.748074</timestamp>
			</report>
			<report>
				<misses>24200001</misses>
				<total>2</total>
				<timestamp>1531.069141</timestamp>
			</report>
			<report>
				<misses>24300001</misses>
				<total>2</total>
				<timestamp>1537.389210</timestamp>
			</report>
			<report>
				<misses>24400001</misses>
				<total>2</total>
				<timestamp>1543.706895</timestamp>
			</report>
			<report>
				<misses>24500001</misses>
				<total>2</total>
				<timestamp>1550.029239</timestamp>
			</report>
			<report>
				<misses>24600001</misses>
				<total>2</total>
				<timestamp>1556.351366</timestamp>
			</report>
			<report>
				<misses>24700001</misses>
				<total>2</total>
				<timestamp>1562.670131</timestamp>
			</report>
			<report>
				<misses>24800001</misses>
				<total>2</total>
				<timestamp>1568.988714</timestamp>
			</report>
			<report>
				<misses>24900001</misses>
				<total>2</total>
				<timestamp>1575.296097</timestamp>
			</report>
			<report>
				<misses>25000001</misses>
				<total>2</total>
				<timestamp>1581.630016</timestamp>
			</report>
			<report>
				<misses>25100001</misses>
				<total>2</total>
				<timestamp>1587.954743</timestamp>
			</report>
			<report>
				<misses>25200001</misses>
				<total>2</total>
				<timestamp>1594.300585</timestamp>
			</report>
			<report>
				<misses>25300001</misses>
				<total>2</total>
				<timestamp>1600.637041</timestamp>
			</report>
			<report>
				<misses>25400001</misses>
				<total>3</total>
				<timestamp>1606.957718</timestamp>
			</report>
			<report>
				<misses>25500001</misses>
				<total>3</total>
				<timestamp>1613.279690</timestamp>
			</report>
			<report>
				<misses>25600001</misses>
				<total>3</total>
				<timestamp>1619.601234</timestamp>
			</report>
			<report>
				<misses>25700001</misses>
				<total>3</total>
				<timestamp>1625.918420</timestamp>
			</report>
			<report>
				<misses>25800001</misses>
				<total>3</total>
				<timestamp>1632.241998</timestamp>
			</report>
			<report>
				<misses>25900001</misses>
				<total>3</total>
				<timestamp>1638.570673</timestamp>
			</report>
			<report>
				<misses>26000001</misses>
				<total>3</total>
				<timestamp>1644.897643</timestamp>
			</report>
			<report>
				<misses>26100001</misses>
				<total>3</total>
				<timestamp>1651.235098</timestamp>
			</report>
			<report>
				<misses>26200001</misses>
				<total>3</total>
				<timestamp>1657.561906</timestamp>
			</report>
			<report>
				<misses>26300001</misses>
				<total>3</total>
				<timestamp>1663.885935</timestamp>
			</report>
			<report>
				<misses>26400001</misses>
				<total>3</total>
				<timestamp>1670.216547</timestamp>
			</report>
			<report>
				<misses>26500001</misses>
				<total>3</total>
				<timestamp>1676.547207</timestamp>
			</report>
			<report>
				<misses>26600001</misses>
				<total>3</total>
				<timestamp>1682.880110</timestamp>
			</report>
			<report>
				<misses>26700001</misses>
				<total>3</total>
				<timestamp>1689.206502</timestamp>
			</report>
			<report>
				<misses>26800001</misses>
				<total>3</total>
				<timestamp>1695.534406</timestamp>
			</report>
			<report>
				<misses>26900001</misses>
				<total>3</total>
				<timestamp>1701.859554</timestamp>
			</report>
			<report>
				<misses>27000001</misses>
				<total>3</total>
				<timestamp>1708.167841</timestamp>
			</report>
			<report>
				<misses>27100001</misses>
				<total>3</total>
				<timestamp>1714.469610</timestamp>
			</report>
			<report>
				<misses>27200001</misses>
				<total>3</total>
				<timestamp>1720.792684</timestamp>
			</report>
			<report>
				<misses>27300001</misses>
				<total>3</total>
				<timestamp>1727.113968</timestamp>
			</report>
			<report>
				<misses>27400001</misses>
				<total>3</total>
				<timestamp>1733.439817</timestamp>
			</report>
			<report>
				<misses>27500001</misses>
				<total>3</total>
				<timestamp>1739.767044</timestamp>
			</report>
			<report>
				<misses>27600001</misses>
				<total>3</total>
				<timestamp>1746.090939</timestamp>
			</report>
			<report>
				<misses>27700001</misses>
				<total>3</total>
				<timestamp>1752.413373</timestamp>
			</report>
			<report>
				<misses>27800001</misses>
				<total>3</total>
				<timestamp>1758.739715</timestamp>
			</report>
			<report>
				<misses>27900001</misses>
				<total>3</total>
				<timestamp>1765.064357</timestamp>
			</report>
			<report>
				<misses>28000001</misses>
				<total>3</total>
				<timestamp>1771.389037</timestamp>
			</report>
			<report>
				<misses>28100001</misses>
				<total>3</total>
				<timestamp>1777.714231</timestamp>
			</report>
			<report>
				<misses>28200001</misses>
				<total>3</total>
				<timestamp>1784.060489</timestamp>
			</report>
			<report>
				<misses>28300001</misses>
				<total>3</total>
				<timestamp>1790.382097</timestamp>
			</report>
			<report>
				<misses>28400001</misses>
				<total>3</total>
				<timestamp>1796.697798</timestamp>
			</report>
			<report>
				<misses>28500001</misses>
				<total>3</total>
				<timestamp>1803.016898</timestamp>
			</report>
			<report>
				<misses>28600001</misses>
				<total>3</total>
				<timestamp>1809.341132</timestamp>
			</report>
			<report>
				<misses>28700001</misses>
				<total>3</total>
				<timestamp>1815.668729</timestamp>
			</report>
			<report>
				<misses>28800001</misses>
				<total>3</total>
				<timestamp>1822.004933</timestamp>
			</report>
			<report>
				<misses>28900001</misses>
				<total>3</total>
				<timestamp>1828.332819</timestamp>
			</report>
			<report>
				<misses>29000001</misses>
				<total>3</total>
				<timestamp>1834.655766</timestamp>
			</report>
			<report>
				<misses>29100001</misses>
				<total>3</total>
				<timestamp>1840.976563</timestamp>
			</report>
			<report>
				<misses>29200001</misses>
				<total>3</total>
				<timestamp>1847.301142</timestamp>
			</report>
			<report>
				<misses>29300001</misses>
				<total>3</total>
				<timestamp>1853.623998</timestamp>
			</report>
			<report>
				<misses>29400001</misses>
				<total>3</total>
				<timestamp>1859.944827</timestamp>
			</report>
			<report>
				<misses>29500001</misses>
				<total>3</total>
				<timestamp>1866.260232</timestamp>
			</report>
			<report>
				<misses>29600001</misses>
				<total>3</total>
				<timestamp>1872.582411</timestamp>
			</report>
			<report>
				<misses>29700001</misses>
				<total>3</total>
				<timestamp>1878.903533</timestamp>
			</report>
			<report>
				<misses>29800001</misses>
				<total>3</total>
				<timestamp>1885.231391</timestamp>
			</report>
			<report>
				<misses>29900001</misses>
				<total>3</total>
				<timestamp>1891.570892</timestamp>
			</report>
			<report>
				<misses>30000001</misses>
				<total>3</total>
				<timestamp>1897.894052</timestamp>
			</report>
			<report>
				<misses>30100001</misses>
				<total>3</total>
				<timestamp>1904.216264</timestamp>
			</report>
			<report>
				<misses>30200001</misses>
				<total>3</total>
				<timestamp>1910.537140</timestamp>
			</report>
			<report>
				<misses>30300001</misses>
				<total>3</total>
				<timestamp>1916.856219</timestamp>
			</report>
			<report>
				<misses>30400001</misses>
				<total>3</total>
				<timestamp>1923.179423</timestamp>
			</report>
			<report>
				<misses>30500001</misses>
				<total>3</total>
				<timestamp>1929.514924</timestamp>
			</report>
			<report>
				<misses>30600001</misses>
				<total>3</total>
				<timestamp>1935.845606</timestamp>
			</report>
			<report>
				<misses>30700001</misses>
				<total>3</total>
				<timestamp>1942.176171</timestamp>
			</report>
			<report>
				<misses>30800001</misses>
				<total>3</total>
				<timestamp>1948.511289</timestamp>
			</report>
			<report>
				<misses>30900001</misses>
				<total>3</total>
				<timestamp>1954.844436</timestamp>
			</report>
			<report>
				<misses>31000001</misses>
				<total>3</total>
				<timestamp>1961.162314</timestamp>
			</report>
			<report>
				<misses>31100001</misses>
				<total>3</total>
				<timestamp>1967.474145</timestamp>
			</report>
			<report>
				<misses>31200001</misses>
				<total>3</total>
				<timestamp>1973.796575</timestamp>
			</report>
			<report>
				<misses>31300001</misses>
				<total>3</total>
				<timestamp>1980.121034</timestamp>
			</report>
			<report>
				<misses>31400001</misses>
				<total>3</total>
				<timestamp>1986.447053</timestamp>
			</report>
			<report>
				<misses>31500001</misses>
				<total>3</total>
				<timestamp>1992.768539</timestamp>
			</report>
			<report>
				<misses>31600001</misses>
				<total>3</total>
				<timestamp>1999.085984</timestamp>
			</report>
			<report>
				<misses>31700001</misses>
				<total>3</total>
				<timestamp>2005.404050</timestamp>
			</report>
			<report>
				<misses>31800001</misses>
				<total>3</total>
				<timestamp>2011.726591</timestamp>
			</report>
			<report>
				<misses>31900001</misses>
				<total>3</total>
				<timestamp>2018.057672</timestamp>
			</report>
			<report>
				<misses>32000001</misses>
				<total>3</total>
				<timestamp>2024.392322</timestamp>
			</report>
			<report>
				<misses>32100001</misses>
				<total>3</total>
				<timestamp>2030.717266</timestamp>
			</report>
			<report>
				<misses>32200001</misses>
				<total>3</total>
				<timestamp>2037.036877</timestamp>
			</report>
			<report>
				<misses>32300001</misses>
				<total>3</total>
				<timestamp>2043.360590</timestamp>
			</report>
			<report>
				<misses>32400001</misses>
				<total>3</total>
				<timestamp>2049.687021</timestamp>
			</report>
			<report>
				<misses>32500001</misses>
				<total>3</total>
				<timestamp>2056.015094</timestamp>
			</report>
			<report>
				<misses>32600001</misses>
				<total>3</total>
				<timestamp>2062.336707</timestamp>
			</report>
			<report>
				<misses>32700001</misses>
				<total>3</total>
				<timestamp>2068.645000</timestamp>
			</report>
			<report>
				<misses>32800001</misses>
				<total>3</total>
				<timestamp>2074.972090</timestamp>
			</report>
			<report>
				<misses>32900001</misses>
				<total>3</total>
				<timestamp>2081.294979</timestamp>
			</report>
			<report>
				<misses>33000001</misses>
				<total>3</total>
				<timestamp>2087.617366</timestamp>
			</report>
			<report>
				<misses>33100001</misses>
				<total>3</total>
				<timestamp>2093.970368</timestamp>
			</report>
			<report>
				<misses>33200001</misses>
				<total>3</total>
				<timestamp>2100.307430</timestamp>
			</report>
			<report>
				<misses>33300001</misses>
				<total>3</total>
				<timestamp>2106.635859</timestamp>
			</report>
			<report>
				<misses>33400001</misses>
				<total>3</total>
				<timestamp>2112.961400</timestamp>
			</report>
			<report>
				<misses>33500001</misses>
				<total>3</total>
				<timestamp>2119.286193</timestamp>
			</report>
			<report>
				<misses>33600001</misses>
				<total>3</total>
				<timestamp>2125.614620</timestamp>
			</report>
			<report>
				<misses>33700001</misses>
				<total>3</total>
				<timestamp>2131.927820</timestamp>
			</report>
			<report>
				<misses>33800001</misses>
				<total>3</total>
				<timestamp>2138.234899</timestamp>
			</report>
			<report>
				<misses>33900001</misses>
				<total>3</total>
				<timestamp>2144.560791</timestamp>
			</report>
			<report>
				<misses>34000001</misses>
				<total>3</total>
				<timestamp>2150.875390</timestamp>
			</report>
			<report>
				<misses>34100001</misses>
				<total>3</total>
				<timestamp>2157.200164</timestamp>
			</report>
			<report>
				<misses>34200001</misses>
				<total>3</total>
				<timestamp>2163.524862</timestamp>
			</report>
			<report>
				<misses>34300001</misses>
				<total>3</total>
				<timestamp>2169.871768</timestamp>
			</report>
			<report>
				<misses>34400001</misses>
				<total>3</total>
				<timestamp>2176.208642</timestamp>
			</report>
			<report>
				<misses>34500001</misses>
				<total>3</total>
				<timestamp>2182.544091</timestamp>
			</report>
			<report>
				<misses>34600001</misses>
				<total>3</total>
				<timestamp>2188.879899</timestamp>
			</report>
			<report>
				<misses>34700001</misses>
				<total>3</total>
				<timestamp>2195.206441</timestamp>
			</report>
			<report>
				<misses>34800001</misses>
				<total>3</total>
				<timestamp>2201.549788</timestamp>
			</report>
			<report>
				<misses>34900001</misses>
				<total>3</total>
				<timestamp>2207.890901</timestamp>
			</report>
			<report>
				<misses>35000001</misses>
				<total>3</total>
				<timestamp>2214.222755</timestamp>
			</report>
			<report>
				<misses>35100001</misses>
				<total>3</total>
				<timestamp>2220.556149</timestamp>
			</report>
			<report>
				<misses>35200001</misses>
				<total>3</total>
				<timestamp>2226.888346</timestamp>
			</report>
			<report>
				<misses>35300001</misses>
				<total>3</total>
				<timestamp>2233.230194</timestamp>
			</report>
			<report>
				<misses>35400001</misses>
				<total>3</total>
				<timestamp>2239.561179</timestamp>
			</report>
			<report>
				<misses>35500001</misses>
				<total>3</total>
				<timestamp>2245.902093</timestamp>
			</report>
			<report>
				<misses>35600001</misses>
				<total>3</total>
				<timestamp>2252.233640</timestamp>
			</report>
			<report>
				<misses>35700001</misses>
				<total>3</total>
				<timestamp>2258.559227</timestamp>
			</report>
			<report>
				<misses>35800001</misses>
				<total>3</total>
				<timestamp>2264.883181</timestamp>
			</report>
			<report>
				<misses>35900001</misses>
				<total>3</total>
				<timestamp>2271.209430</timestamp>
			</report>
			<report>
				<misses>36000001</misses>
				<total>3</total>
				<timestamp>2277.543626</timestamp>
			</report>
			<report>
				<misses>36100001</misses>
				<total>3</total>
				<timestamp>2283.868574</timestamp>
			</report>
			<report>
				<misses>36200001</misses>
				<total>3</total>
				<timestamp>2290.195065</timestamp>
			</report>
			<report>
				<misses>36300001</misses>
				<total>3</total>
				<timestamp>2296.534398</timestamp>
			</report>
			<report>
				<misses>36400001</misses>
				<total>3</total>
				<timestamp>2302.866607</timestamp>
			</report>
			<report>
				<misses>36500001</misses>
				<total>3</total>
				<timestamp>2309.197793</timestamp>
			</report>
			<report>
				<misses>36600001</misses>
				<total>3</total>
				<timestamp>2315.522536</timestamp>
			</report>
			<report>
				<misses>36700001</misses>
				<total>3</total>
				<timestamp>2321.838112</timestamp>
			</report>
			<report>
				<misses>36800001</misses>
				<total>3</total>
				<timestamp>2328.148976</timestamp>
			</report>
			<report>
				<misses>36900001</misses>
				<total>3</total>
				<timestamp>2334.482770</timestamp>
			</report>
			<report>
				<misses>37000001</misses>
				<total>3</total>
				<timestamp>2340.813183</timestamp>
			</report>
			<report>
				<misses>37100001</misses>
				<total>3</total>
				<timestamp>2347.130752</timestamp>
			</report>
			<report>
				<misses>37200001</misses>
				<total>3</total>
				<timestamp>2353.450449</timestamp>
			</report>
			<report>
				<misses>37300001</misses>
				<total>3</total>
				<timestamp>2359.773885</timestamp>
			</report>
			<report>
				<misses>37400001</misses>
				<total>3</total>
				<timestamp>2366.096653</timestamp>
			</report>
			<report>
				<misses>37500001</misses>
				<total>3</total>
				<timestamp>2372.421256</timestamp>
			</report>
			<report>
				<misses>37600001</misses>
				<total>3</total>
				<timestamp>2378.755722</timestamp>
			</report>
			<report>
				<misses>37700001</misses>
				<total>3</total>
				<timestamp>2385.103913</timestamp>
			</report>
			<report>
				<misses>37800001</misses>
				<total>3</total>
				<timestamp>2391.428332</timestamp>
			</report>
			<report>
				<misses>37900001</misses>
				<total>3</total>
				<timestamp>2397.746656</timestamp>
			</report>
			<report>
				<misses>38000001</misses>
				<total>3</total>
				<timestamp>2404.064456</timestamp>
			</report>
			<report>
				<misses>38100001</misses>
				<total>3</total>
				<timestamp>2410.386269</timestamp>
			</report>
			<report>
				<misses>38200001</misses>
				<total>3</total>
				<timestamp>2416.706307</timestamp>
			</report>
			<report>
				<misses>38300001</misses>
				<total>3</total>
				<timestamp>2423.024084</timestamp>
			</report>
			<report>
				<misses>38400001</misses>
				<total>3</total>
				<timestamp>2429.340390</timestamp>
			</report>
			<report>
				<misses>38500001</misses>
				<total>3</total>
				<timestamp>2435.667372</timestamp>
			</report>
			<report>
				<misses>38600001</misses>
				<total>3</total>
				<timestamp>2441.994174</timestamp>
			</report>
			<report>
				<misses>38700001</misses>
				<total>3</total>
				<timestamp>2448.313162</timestamp>
			</report>
			<report>
				<misses>38800001</misses>
				<total>3</total>
				<timestamp>2454.633638</timestamp>
			</report>
			<report>
				<misses>38900001</misses>
				<total>3</total>
				<timestamp>2460.954780</timestamp>
			</report>
			<report>
				<misses>39000001</misses>
				<total>3</total>
				<timestamp>2467.272298</timestamp>
			</report>
			<report>
				<misses>39100001</misses>
				<total>3</total>
				<timestamp>2473.612945</timestamp>
			</report>
			<report>
				<misses>39200001</misses>
				<total>3</total>
				<timestamp>2479.944241</timestamp>
			</report>
			<report>
				<misses>39300001</misses>
				<total>3</total>
				<timestamp>2486.270250</timestamp>
			</report>
			<report>
				<misses>39400001</misses>
				<total>3</total>
				<timestamp>2492.589364</timestamp>
			</report>
			<report>
				<misses>39500001</misses>
				<total>3</total>
				<timestamp>2498.916017</timestamp>
			</report>
			<report>
				<misses>39600001</misses>
				<total>3</total>
				<timestamp>2505.243777</timestamp>
			</report>
			<report>
				<misses>39700001</misses>
				<total>3</total>
				<timestamp>2511.568319</timestamp>
			</report>
			<report>
				<misses>39800001</misses>
				<total>3</total>
				<timestamp>2517.896707</timestamp>
			</report>
			<report>
				<misses>39900001</misses>
				<total>3</total>
				<timestamp>2524.223845</timestamp>
			</report>
			<report>
				<misses>40000001</misses>
				<total>3</total>
				<timestamp>2530.547705</timestamp>
			</report>
			<report>
				<misses>40100001</misses>
				<total>3</total>
				<timestamp>2536.872045</timestamp>
			</report>
			<report>
				<misses>40200001</misses>
				<total>3</total>
				<timestamp>2543.193213</timestamp>
			</report>
			<report>
				<misses>40300001</misses>
				<total>3</total>
				<timestamp>2549.519009</timestamp>
			</report>
			<report>
				<misses>40400001</misses>
				<total>3</total>
				<timestamp>2555.835169</timestamp>
			</report>
			<report>
				<misses>40500001</misses>
				<total>3</total>
				<timestamp>2562.161964</timestamp>
			</report>
			<report>
				<misses>40600001</misses>
				<total>3</total>
				<timestamp>2568.485946</timestamp>
			</report>
			<report>
				<misses>40700001</misses>
				<total>3</total>
				<timestamp>2574.813888</timestamp>
			</report>
			<report>
				<misses>40800001</misses>
				<total>3</total>
				<timestamp>2581.134903</timestamp>
			</report>
			<report>
				<misses>40900001</misses>
				<total>3</total>
				<timestamp>2587.460027</timestamp>
			</report>
			<report>
				<misses>41000001</misses>
				<total>3</total>
				<timestamp>2593.781815</timestamp>
			</report>
			<report>
				<misses>41100001</misses>
				<total>3</total>
				<timestamp>2600.102405</timestamp>
			</report>
			<report>
				<misses>41200001</misses>
				<total>3</total>
				<timestamp>2606.431675</timestamp>
			</report>
			<report>
				<misses>41300001</misses>
				<total>3</total>
				<timestamp>2612.758186</timestamp>
			</report>
			<report>
				<misses>41400001</misses>
				<total>3</total>
				<timestamp>2619.080071</timestamp>
			</report>
			<report>
				<misses>41500001</misses>
				<total>3</total>
				<timestamp>2625.399582</timestamp>
			</report>
			<report>
				<misses>41600001</misses>
				<total>3</total>
				<timestamp>2631.724159</timestamp>
			</report>
			<report>
				<misses>41700001</misses>
				<total>3</total>
				<timestamp>2638.051217</timestamp>
			</report>
			<report>
				<misses>41800001</misses>
				<total>3</total>
				<timestamp>2644.381360</timestamp>
			</report>
			<report>
				<misses>41900001</misses>
				<total>3</total>
				<timestamp>2650.737605</timestamp>
			</report>
			<report>
				<misses>42000001</misses>
				<total>3</total>
				<timestamp>2657.079405</timestamp>
			</report>
			<report>
				<misses>42100001</misses>
				<total>3</total>
				<timestamp>2663.407136</timestamp>
			</report>
			<report>
				<misses>42200001</misses>
				<total>3</total>
				<timestamp>2669.729229</timestamp>
			</report>
			<report>
				<misses>42300001</misses>
				<total>3</total>
				<timestamp>2676.054049</timestamp>
			</report>
			<report>
				<misses>42400001</misses>
				<total>3</total>
				<timestamp>2682.383844</timestamp>
			</report>
			<report>
				<misses>42500001</misses>
				<total>3</total>
				<timestamp>2688.710404</timestamp>
			</report>
			<report>
				<misses>42600001</misses>
				<total>3</total>
				<timestamp>2695.046514</timestamp>
			</report>
			<report>
				<misses>42700001</misses>
				<total>3</total>
				<timestamp>2701.370880</timestamp>
			</report>
			<report>
				<misses>42800001</misses>
				<total>3</total>
				<timestamp>2707.695468</timestamp>
			</report>
			<report>
				<misses>42900001</misses>
				<total>3</total>
				<timestamp>2714.026349</timestamp>
			</report>
			<report>
				<misses>43000001</misses>
				<total>3</total>
				<timestamp>2720.361857</timestamp>
			</report>
			<report>
				<misses>43100001</misses>
				<total>3</total>
				<timestamp>2726.689155</timestamp>
			</report>
			<report>
				<misses>43200001</misses>
				<total>3</total>
				<timestamp>2733.013400</timestamp>
			</report>
			<report>
				<misses>43300001</misses>
				<total>3</total>
				<timestamp>2739.356480</timestamp>
			</report>
			<report>
				<misses>43400001</misses>
				<total>3</total>
				<timestamp>2745.674416</timestamp>
			</report>
			<report>
				<misses>43500001</misses>
				<total>3</total>
				<timestamp>2751.999258</timestamp>
			</report>
			<report>
				<misses>43600001</misses>
				<total>3</total>
				<timestamp>2758.321583</timestamp>
			</report>
			<report>
				<misses>43700001</misses>
				<total>3</total>
				<timestamp>2764.639969</timestamp>
			</report>
			<report>
				<misses>43800001</misses>
				<total>3</total>
				<timestamp>2770.967648</timestamp>
			</report>
			<report>
				<misses>43900001</misses>
				<total>3</total>
				<timestamp>2777.295643</timestamp>
			</report>
			<report>
				<misses>44000001</misses>
				<total>3</total>
				<timestamp>2783.623422</timestamp>
			</report>
			<report>
				<misses>44100001</misses>
				<total>3</total>
				<timestamp>2789.951850</timestamp>
			</report>
			<report>
				<misses>44200001</misses>
				<total>3</total>
				<timestamp>2796.275873</timestamp>
			</report>
			<report>
				<misses>44300001</misses>
				<total>3</total>
				<timestamp>2802.598753</timestamp>
			</report>
			<report>
				<misses>44400001</misses>
				<total>3</total>
				<timestamp>2808.923273</timestamp>
			</report>
			<report>
				<misses>44500001</misses>
				<total>3</total>
				<timestamp>2815.245484</timestamp>
			</report>
			<report>
				<misses>44600001</misses>
				<total>3</total>
				<timestamp>2821.572019</timestamp>
			</report>
			<report>
				<misses>44700001</misses>
				<total>3</total>
				<timestamp>2827.893711</timestamp>
			</report>
			<report>
				<misses>44800001</misses>
				<total>3</total>
				<timestamp>2834.231674</timestamp>
			</report>
			<report>
				<misses>44900001</misses>
				<total>3</total>
				<timestamp>2840.569904</timestamp>
			</report>
			<report>
				<misses>45000001</misses>
				<total>3</total>
				<timestamp>2846.899598</timestamp>
			</report>
			<report>
				<misses>45100001</misses>
				<total>3</total>
				<timestamp>2853.223660</timestamp>
			</report>
			<report>
				<misses>45200001</misses>
				<total>3</total>
				<timestamp>2859.548294</timestamp>
			</report>
			<report>
				<misses>45300001</misses>
				<total>3</total>
				<timestamp>2865.869963</timestamp>
			</report>
			<report>
				<misses>45400001</misses>
				<total>3</total>
				<timestamp>2872.189664</timestamp>
			</report>
			<report>
				<misses>45500001</misses>
				<total>3</total>
				<timestamp>2878.514411</timestamp>
			</report>
			<report>
				<misses>45600001</misses>
				<total>3</total>
				<timestamp>2884.854725</timestamp>
			</report>
			<report>
				<misses>45700001</misses>
				<total>3</total>
				<timestamp>2891.188615</timestamp>
			</report>
			<report>
				<misses>45800001</misses>
				<total>3</total>
				<timestamp>2897.524201</timestamp>
			</report>
			<report>
				<misses>45900001</misses>
				<total>3</total>
				<timestamp>2903.861698</timestamp>
			</report>
			<report>
				<misses>46000001</misses>
				<total>3</total>
				<timestamp>2910.186690</timestamp>
			</report>
			<report>
				<misses>46100001</misses>
				<total>3</total>
				<timestamp>2916.503009</timestamp>
			</report>
			<report>
				<misses>46200001</misses>
				<total>3</total>
				<timestamp>2922.837177</timestamp>
			</report>
			<report>
				<misses>46300001</misses>
				<total>3</total>
				<timestamp>2929.165798</timestamp>
			</report>
			<report>
				<misses>46400001</misses>
				<total>3</total>
				<timestamp>2935.487466</timestamp>
			</report>
			<report>
				<misses>46500001</misses>
				<total>3</total>
				<timestamp>2941.815600</timestamp>
			</report>
			<report>
				<misses>46600001</misses>
				<total>3</total>
				<timestamp>2948.142153</timestamp>
			</report>
			<report>
				<misses>46700001</misses>
				<total>3</total>
				<timestamp>2954.467020</timestamp>
			</report>
			<report>
				<misses>46800001</misses>
				<total>3</total>
				<timestamp>2960.789874</timestamp>
			</report>
			<report>
				<misses>46900001</misses>
				<total>3</total>
				<timestamp>2967.117498</timestamp>
			</report>
			<report>
				<misses>47000001</misses>
				<total>3</total>
				<timestamp>2973.446126</timestamp>
			</report>
			<report>
				<misses>47100001</misses>
				<total>3</total>
				<timestamp>2979.773049</timestamp>
			</report>
			<report>
				<misses>47200001</misses>
				<total>3</total>
				<timestamp>2986.094903</timestamp>
			</report>
			<report>
				<misses>47300001</misses>
				<total>3</total>
				<timestamp>2992.415730</timestamp>
			</report>
			<report>
				<misses>47400001</misses>
				<total>3</total>
				<timestamp>2998.726683</timestamp>
			</report>
			<report>
				<misses>47500001</misses>
				<total>3</total>
				<timestamp>3005.061784</timestamp>
			</report>
			<report>
				<misses>47600001</misses>
				<total>3</total>
				<timestamp>3011.393959</timestamp>
			</report>
			<report>
				<misses>47700001</misses>
				<total>3</total>
				<timestamp>3017.719611</timestamp>
			</report>
			<report>
				<misses>47800001</misses>
				<total>3</total>
				<timestamp>3024.037953</timestamp>
			</report>
			<report>
				<misses>47900001</misses>
				<total>3</total>
				<timestamp>3030.364111</timestamp>
			</report>
			<report>
				<misses>48000001</misses>
				<total>3</total>
				<timestamp>3036.687979</timestamp>
			</report>
			<report>
				<misses>48100001</misses>
				<total>3</total>
				<timestamp>3043.009704</timestamp>
			</report>
			<report>
				<misses>48200001</misses>
				<total>3</total>
				<timestamp>3049.329270</timestamp>
			</report>
			<report>
				<misses>48300001</misses>
				<total>3</total>
				<timestamp>3055.653900</timestamp>
			</report>
			<report>
				<misses>48400001</misses>
				<total>3</total>
				<timestamp>3061.993873</timestamp>
			</report>
			<report>
				<misses>48500001</misses>
				<total>3</total>
				<timestamp>3068.322559</timestamp>
			</report>
			<report>
				<misses>48600001</misses>
				<total>3</total>
				<timestamp>3074.648411</timestamp>
			</report>
			<report>
				<misses>48700001</misses>
				<total>3</total>
				<timestamp>3080.976079</timestamp>
			</report>
			<report>
				<misses>48800001</misses>
				<total>3</total>
				<timestamp>3087.301530</timestamp>
			</report>
			<report>
				<misses>48900001</misses>
				<total>3</total>
				<timestamp>3093.624687</timestamp>
			</report>
			<report>
				<misses>49000001</misses>
				<total>3</total>
				<timestamp>3099.952274</timestamp>
			</report>
			<report>
				<misses>49100001</misses>
				<total>3</total>
				<timestamp>3106.279235</timestamp>
			</report>
			<report>
				<misses>49200001</misses>
				<total>3</total>
				<timestamp>3112.600215</timestamp>
			</report>
			<report>
				<misses>49300001</misses>
				<total>3</total>
				<timestamp>3118.925270</timestamp>
			</report>
			<report>
				<misses>49400001</misses>
				<total>3</total>
				<timestamp>3125.252544</timestamp>
			</report>
			<report>
				<misses>49500001</misses>
				<total>3</total>
				<timestamp>3131.579896</timestamp>
			</report>
			<report>
				<misses>49600001</misses>
				<total>3</total>
				<timestamp>3137.904500</timestamp>
			</report>
			<report>
				<misses>49700001</misses>
				<total>3</total>
				<timestamp>3144.225283</timestamp>
			</report>
			<report>
				<misses>49800001</misses>
				<total>3</total>
				<timestamp>3150.538320</timestamp>
			</report>
			<report>
				<misses>49900001</misses>
				<total>3</total>
				<timestamp>3156.852576</timestamp>
			</report>
			<report>
				<misses>50000001</misses>
				<total>3</total>
				<timestamp>3163.173788</timestamp>
			</report>
			<report>
				<misses>50100001</misses>
				<total>3</total>
				<timestamp>3169.496943</timestamp>
			</report>
			<report>
				<misses>50200001</misses>
				<total>3</total>
				<timestamp>3175.821040</timestamp>
			</report>
			<report>
				<misses>50300001</misses>
				<total>3</total>
				<timestamp>3182.144180</timestamp>
			</report>
			<report>
				<misses>50400001</misses>
				<total>3</total>
				<timestamp>3188.465076</timestamp>
			</report>
			<report>
				<misses>50500001</misses>
				<total>3</total>
				<timestamp>3194.788307</timestamp>
			</report>
			<report>
				<misses>50600001</misses>
				<total>3</total>
				<timestamp>3201.113332</timestamp>
			</report>
			<report>
				<misses>50700001</misses>
				<total>3</total>
				<timestamp>3207.444986</timestamp>
			</report>
			<report>
				<misses>50800001</misses>
				<total>3</total>
				<timestamp>3213.768941</timestamp>
			</report>
			<report>
				<misses>50900001</misses>
				<total>3</total>
				<timestamp>3220.091839</timestamp>
			</report>
			<report>
				<misses>51000001</misses>
				<total>4</total>
				<timestamp>3226.413993</timestamp>
			</report>
			<report>
				<misses>51100001</misses>
				<total>4</total>
				<timestamp>3232.731721</timestamp>
			</report>
			<report>
				<misses>51200001</misses>
				<total>4</total>
				<timestamp>3239.054771</timestamp>
			</report>
			<report>
				<misses>51300001</misses>
				<total>4</total>
				<timestamp>3245.386172</timestamp>
			</report>
			<report>
				<misses>51400001</misses>
				<total>4</total>
				<timestamp>3251.725492</timestamp>
			</report>
			<report>
				<misses>51500001</misses>
				<total>4</total>
				<timestamp>3258.059641</timestamp>
			</report>
			<report>
				<misses>51600001</misses>
				<total>4</total>
				<timestamp>3264.394810</timestamp>
			</report>
			<report>
				<misses>51700001</misses>
				<total>4</total>
				<timestamp>3270.715298</timestamp>
			</report>
			<report>
				<misses>51800001</misses>
				<total>4</total>
				<timestamp>3277.053150</timestamp>
			</report>
			<report>
				<misses>51900001</misses>
				<total>4</total>
				<timestamp>3283.380202</timestamp>
			</report>
			<report>
				<misses>52000001</misses>
				<total>4</total>
				<timestamp>3289.701866</timestamp>
			</report>
			<report>
				<misses>52100001</misses>
				<total>4</total>
				<timestamp>3296.035593</timestamp>
			</report>
			<report>
				<misses>52200001</misses>
				<total>4</total>
				<timestamp>3302.365184</timestamp>
			</report>
			<report>
				<misses>52300001</misses>
				<total>4</total>
				<timestamp>3308.706410</timestamp>
			</report>
			<report>
				<misses>52400001</misses>
				<total>5</total>
				<timestamp>3315.032486</timestamp>
			</report>
			<report>
				<misses>52500001</misses>
				<total>5</total>
				<timestamp>3321.349046</timestamp>
			</report>
			<report>
				<misses>52600001</misses>
				<total>5</total>
				<timestamp>3327.688600</timestamp>
			</report>
			<report>
				<misses>52700001</misses>
				<total>5</total>
				<timestamp>3334.014170</timestamp>
			</report>
			<report>
				<misses>52800001</misses>
				<total>6</total>
				<timestamp>3340.336628</timestamp>
			</report>
			<report>
				<misses>52900001</misses>
				<total>6</total>
				<timestamp>3346.654970</timestamp>
			</report>
			<report>
				<misses>53000001</misses>
				<total>6</total>
				<timestamp>3352.976004</timestamp>
			</report>
			<report>
				<misses>53100001</misses>
				<total>6</total>
				<timestamp>3359.294746</timestamp>
			</report>
			<report>
				<misses>53200001</misses>
				<total>6</total>
				<timestamp>3365.619036</timestamp>
			</report>
			<report>
				<misses>53300001</misses>
				<total>6</total>
				<timestamp>3371.949659</timestamp>
			</report>
			<report>
				<misses>53400001</misses>
				<total>6</total>
				<timestamp>3378.275891</timestamp>
			</report>
			<report>
				<misses>53500001</misses>
				<total>6</total>
				<timestamp>3384.633651</timestamp>
			</report>
			<report>
				<misses>53600001</misses>
				<total>6</total>
				<timestamp>3390.977434</timestamp>
			</report>
			<report>
				<misses>53700001</misses>
				<total>6</total>
				<timestamp>3397.311980</timestamp>
			</report>
			<report>
				<misses>53800001</misses>
				<total>6</total>
				<timestamp>3403.631845</timestamp>
			</report>
			<report>
				<misses>53900001</misses>
				<total>6</total>
				<timestamp>3409.951428</timestamp>
			</report>
			<report>
				<misses>54000001</misses>
				<total>6</total>
				<timestamp>3416.256238</timestamp>
			</report>
			<report>
				<misses>54100001</misses>
				<total>6</total>
				<timestamp>3422.586608</timestamp>
			</report>
			<report>
				<misses>54200001</misses>
				<total>6</total>
				<timestamp>3428.915932</timestamp>
			</report>
			<report>
				<misses>54300001</misses>
				<total>6</total>
				<timestamp>3435.241684</timestamp>
			</report>
			<report>
				<misses>54400001</misses>
				<total>6</total>
				<timestamp>3441.566882</timestamp>
			</report>
			<report>
				<misses>54500001</misses>
				<total>6</total>
				<timestamp>3447.890218</timestamp>
			</report>
			<report>
				<misses>54600001</misses>
				<total>6</total>
				<timestamp>3454.216772</timestamp>
			</report>
			<report>
				<misses>54700001</misses>
				<total>6</total>
				<timestamp>3460.543283</timestamp>
			</report>
			<report>
				<misses>54800001</misses>
				<total>6</total>
				<timestamp>3466.864208</timestamp>
			</report>
			<report>
				<misses>54900001</misses>
				<total>6</total>
				<timestamp>3473.187112</timestamp>
			</report>
			<report>
				<misses>55000001</misses>
				<total>6</total>
				<timestamp>3479.505592</timestamp>
			</report>
			<report>
				<misses>55100001</misses>
				<total>6</total>
				<timestamp>3485.824519</timestamp>
			</report>
			<report>
				<misses>55200001</misses>
				<total>6</total>
				<timestamp>3492.136187</timestamp>
			</report>
			<report>
				<misses>55300001</misses>
				<total>6</total>
				<timestamp>3498.461392</timestamp>
			</report>
			<report>
				<misses>55400001</misses>
				<total>6</total>
				<timestamp>3504.784693</timestamp>
			</report>
			<report>
				<misses>55500001</misses>
				<total>6</total>
				<timestamp>3511.106447</timestamp>
			</report>
			<report>
				<misses>55600001</misses>
				<total>6</total>
				<timestamp>3517.429588</timestamp>
			</report>
			<report>
				<misses>55700001</misses>
				<total>6</total>
				<timestamp>3523.750765</timestamp>
			</report>
			<report>
				<misses>55800001</misses>
				<total>6</total>
				<timestamp>3530.071213</timestamp>
			</report>
			<report>
				<misses>55900001</misses>
				<total>6</total>
				<timestamp>3536.395208</timestamp>
			</report>
			<report>
				<misses>56000001</misses>
				<total>6</total>
				<timestamp>3542.717920</timestamp>
			</report>
			<report>
				<misses>56100001</misses>
				<total>6</total>
				<timestamp>3549.037771</timestamp>
			</report>
			<report>
				<misses>56200001</misses>
				<total>6</total>
				<timestamp>3555.361931</timestamp>
			</report>
			<report>
				<misses>56300001</misses>
				<total>6</total>
				<timestamp>3561.686058</timestamp>
			</report>
			<report>
				<misses>56400001</misses>
				<total>6</total>
				<timestamp>3568.007451</timestamp>
			</report>
			<report>
				<misses>56500001</misses>
				<total>6</total>
				<timestamp>3574.327834</timestamp>
			</report>
			<report>
				<misses>56600001</misses>
				<total>6</total>
				<timestamp>3580.651865</timestamp>
			</report>
			<report>
				<misses>56700001</misses>
				<total>6</total>
				<timestamp>3586.974245</timestamp>
			</report>
			<report>
				<misses>56800001</misses>
				<total>6</total>
				<timestamp>3593.294006</timestamp>
			</report>
			<report>
				<misses>56900001</misses>
				<total>6</total>
				<timestamp>3599.621287</timestamp>
			</report>
			<report>
				<misses>57000001</misses>
				<total>6</total>
				<timestamp>3605.960297</timestamp>
			</report>
			<report>
				<misses>57100001</misses>
				<total>6</total>
				<timestamp>3612.302433</timestamp>
			</report>
			<report>
				<misses>57200001</misses>
				<total>6</total>
				<timestamp>3618.637169</timestamp>
			</report>
			<report>
				<misses>57300001</misses>
				<total>6</total>
				<timestamp>3624.960146</timestamp>
			</report>
			<report>
				<misses>57400001</misses>
				<total>6</total>
				<timestamp>3631.280946</timestamp>
			</report>
			<report>
				<misses>57500001</misses>
				<total>6</total>
				<timestamp>3637.601813</timestamp>
			</report>
			<report>
				<misses>57600001</misses>
				<total>6</total>
				<timestamp>3643.922818</timestamp>
			</report>
			<report>
				<misses>57700001</misses>
				<total>6</total>
				<timestamp>3650.245438</timestamp>
			</report>
			<report>
				<misses>57800001</misses>
				<total>6</total>
				<timestamp>3656.584101</timestamp>
			</report>
			<report>
				<misses>57900001</misses>
				<total>6</total>
				<timestamp>3662.908204</timestamp>
			</report>
			<report>
				<misses>58000001</misses>
				<total>6</total>
				<timestamp>3669.233507</timestamp>
			</report>
			<report>
				<misses>58100001</misses>
				<total>6</total>
				<timestamp>3675.556931</timestamp>
			</report>
			<report>
				<misses>58200001</misses>
				<total>6</total>
				<timestamp>3681.877037</timestamp>
			</report>
			<report>
				<misses>58300001</misses>
				<total>6</total>
				<timestamp>3688.201407</timestamp>
			</report>
			<report>
				<misses>58400001</misses>
				<total>6</total>
				<timestamp>3694.524440</timestamp>
			</report>
			<report>
				<misses>58500001</misses>
				<total>6</total>
				<timestamp>3700.853249</timestamp>
			</report>
			<report>
				<misses>58600001</misses>
				<total>6</total>
				<timestamp>3707.172979</timestamp>
			</report>
			<report>
				<misses>58700001</misses>
				<total>6</total>
				<timestamp>3713.497047</timestamp>
			</report>
			<report>
				<misses>58800001</misses>
				<total>6</total>
				<timestamp>3719.818484</timestamp>
			</report>
			<report>
				<misses>58900001</misses>
				<total>6</total>
				<timestamp>3726.140783</timestamp>
			</report>
			<report>
				<misses>59000001</misses>
				<total>6</total>
				<timestamp>3732.456249</timestamp>
			</report>
			<report>
				<misses>59100001</misses>
				<total>6</total>
				<timestamp>3738.771094</timestamp>
			</report>
			<report>
				<misses>59200001</misses>
				<total>6</total>
				<timestamp>3745.094492</timestamp>
			</report>
			<report>
				<misses>59300001</misses>
				<total>6</total>
				<timestamp>3751.422688</timestamp>
			</report>
			<report>
				<misses>59400001</misses>
				<total>6</total>
				<timestamp>3757.740846</timestamp>
			</report>
			<report>
				<misses>59500001</misses>
				<total>6</total>
				<timestamp>3764.062526</timestamp>
			</report>
			<report>
				<misses>59600001</misses>
				<total>6</total>
				<timestamp>3770.392616</timestamp>
			</report>
			<report>
				<misses>59700001</misses>
				<total>6</total>
				<timestamp>3776.735499</timestamp>
			</report>
			<report>
				<misses>59800001</misses>
				<total>6</total>
				<timestamp>3783.061887</timestamp>
			</report>
			<report>
				<misses>59900001</misses>
				<total>6</total>
				<timestamp>3789.385476</timestamp>
			</report>
			<report>
				<misses>60000001</misses>
				<total>6</total>
				<timestamp>3795.710156</timestamp>
			</report>
			<report>
				<misses>60100001</misses>
				<total>6</total>
				<timestamp>3802.037736</timestamp>
			</report>
			<report>
				<misses>60200001</misses>
				<total>6</total>
				<timestamp>3808.365648</timestamp>
			</report>
			<report>
				<misses>60300001</misses>
				<total>6</total>
				<timestamp>3814.710643</timestamp>
			</report>
			<report>
				<misses>60400001</misses>
				<total>6</total>
				<timestamp>3821.031837</timestamp>
			</report>
			<report>
				<misses>60500001</misses>
				<total>6</total>
				<timestamp>3827.352555</timestamp>
			</report>
			<report>
				<misses>60600001</misses>
				<total>6</total>
				<timestamp>3833.678611</timestamp>
			</report>
			<report>
				<misses>60700001</misses>
				<total>6</total>
				<timestamp>3840.002918</timestamp>
			</report>
			<report>
				<misses>60800001</misses>
				<total>6</total>
				<timestamp>3846.333727</timestamp>
			</report>
			<report>
				<misses>60900001</misses>
				<total>6</total>
				<timestamp>3852.665335</timestamp>
			</report>
			<report>
				<misses>61000001</misses>
				<total>6</total>
				<timestamp>3858.992214</timestamp>
			</report>
			<report>
				<misses>61100001</misses>
				<total>6</total>
				<timestamp>3865.312496</timestamp>
			</report>
			<report>
				<misses>61200001</misses>
				<total>6</total>
				<timestamp>3871.642517</timestamp>
			</report>
			<report>
				<misses>61300001</misses>
				<total>6</total>
				<timestamp>3877.971637</timestamp>
			</report>
			<report>
				<misses>61400001</misses>
				<total>6</total>
				<timestamp>3884.303199</timestamp>
			</report>
			<report>
				<misses>61500001</misses>
				<total>6</total>
				<timestamp>3890.643678</timestamp>
			</report>
			<report>
				<misses>61600001</misses>
				<total>6</total>
				<timestamp>3896.965230</timestamp>
			</report>
			<report>
				<misses>61700001</misses>
				<total>6</total>
				<timestamp>3903.276884</timestamp>
			</report>
			<report>
				<misses>61800001</misses>
				<total>6</total>
				<timestamp>3909.609652</timestamp>
			</report>
			<report>
				<misses>61900001</misses>
				<total>6</total>
				<timestamp>3915.937034</timestamp>
			</report>
			<report>
				<misses>62000001</misses>
				<total>6</total>
				<timestamp>3922.262537</timestamp>
			</report>
			<report>
				<misses>62100001</misses>
				<total>6</total>
				<timestamp>3928.584732</timestamp>
			</report>
			<report>
				<misses>62200001</misses>
				<total>6</total>
				<timestamp>3934.913595</timestamp>
			</report>
			<report>
				<misses>62300001</misses>
				<total>6</total>
				<timestamp>3941.242622</timestamp>
			</report>
			<report>
				<misses>62400001</misses>
				<total>6</total>
				<timestamp>3947.572622</timestamp>
			</report>
			<report>
				<misses>62500001</misses>
				<total>6</total>
				<timestamp>3953.899572</timestamp>
			</report>
			<report>
				<misses>62600001</misses>
				<total>6</total>
				<timestamp>3960.226257</timestamp>
			</report>
			<report>
				<misses>62700001</misses>
				<total>6</total>
				<timestamp>3966.553251</timestamp>
			</report>
			<report>
				<misses>62800001</misses>
				<total>6</total>
				<timestamp>3972.891833</timestamp>
			</report>
			<report>
				<misses>62900001</misses>
				<total>6</total>
				<timestamp>3979.220917</timestamp>
			</report>
			<report>
				<misses>63000001</misses>
				<total>6</total>
				<timestamp>3985.545251</timestamp>
			</report>
			<report>
				<misses>63100001</misses>
				<total>6</total>
				<timestamp>3991.873641</timestamp>
			</report>
			<report>
				<misses>63200001</misses>
				<total>6</total>
				<timestamp>3998.200183</timestamp>
			</report>
			<report>
				<misses>63300001</misses>
				<total>6</total>
				<timestamp>4004.525978</timestamp>
			</report>
			<report>
				<misses>63400001</misses>
				<total>6</total>
				<timestamp>4010.855370</timestamp>
			</report>
			<report>
				<misses>63500001</misses>
				<total>6</total>
				<timestamp>4017.174774</timestamp>
			</report>
			<report>
				<misses>63600001</misses>
				<total>6</total>
				<timestamp>4023.479364</timestamp>
			</report>
			<report>
				<misses>63700001</misses>
				<total>6</total>
				<timestamp>4029.808605</timestamp>
			</report>
			<report>
				<misses>63800001</misses>
				<total>6</total>
				<timestamp>4036.136989</timestamp>
			</report>
			<report>
				<misses>63900001</misses>
				<total>6</total>
				<timestamp>4042.446530</timestamp>
			</report>
			<report>
				<misses>64000001</misses>
				<total>6</total>
				<timestamp>4048.774548</timestamp>
			</report>
			<report>
				<misses>64100001</misses>
				<total>6</total>
				<timestamp>4055.093221</timestamp>
			</report>
			<report>
				<misses>64200001</misses>
				<total>6</total>
				<timestamp>4061.403947</timestamp>
			</report>
			<report>
				<misses>64300001</misses>
				<total>6</total>
				<timestamp>4067.730990</timestamp>
			</report>
			<report>
				<misses>64400001</misses>
				<total>6</total>
				<timestamp>4074.054612</timestamp>
			</report>
			<report>
				<misses>64500001</misses>
				<total>6</total>
				<timestamp>4080.381902</timestamp>
			</report>
			<report>
				<misses>64600001</misses>
				<total>6</total>
				<timestamp>4086.708021</timestamp>
			</report>
			<report>
				<misses>64700001</misses>
				<total>6</total>
				<timestamp>4093.050411</timestamp>
			</report>
			<report>
				<misses>64800001</misses>
				<total>6</total>
				<timestamp>4099.360483</timestamp>
			</report>
			<report>
				<misses>64900001</misses>
				<total>6</total>
				<timestamp>4105.682712</timestamp>
			</report>
			<report>
				<misses>65000001</misses>
				<total>6</total>
				<timestamp>4112.017590</timestamp>
			</report>
			<report>
				<misses>65100001</misses>
				<total>6</total>
				<timestamp>4118.352616</timestamp>
			</report>
			<report>
				<misses>65200001</misses>
				<total>6</total>
				<timestamp>4124.682046</timestamp>
			</report>
			<report>
				<misses>65300001</misses>
				<total>6</total>
				<timestamp>4131.002510</timestamp>
			</report>
			<report>
				<misses>65400001</misses>
				<total>6</total>
				<timestamp>4137.313514</timestamp>
			</report>
			<report>
				<misses>65500001</misses>
				<total>6</total>
				<timestamp>4143.637202</timestamp>
			</report>
			<report>
				<misses>65600001</misses>
				<total>6</total>
				<timestamp>4149.958032</timestamp>
			</report>
			<report>
				<misses>65700001</misses>
				<total>6</total>
				<timestamp>4156.277793</timestamp>
			</report>
			<report>
				<misses>65800001</misses>
				<total>6</total>
				<timestamp>4162.601974</timestamp>
			</report>
			<report>
				<misses>65900001</misses>
				<total>6</total>
				<timestamp>4168.924996</timestamp>
			</report>
			<report>
				<misses>66000001</misses>
				<total>6</total>
				<timestamp>4175.260052</timestamp>
			</report>
			<report>
				<misses>66100001</misses>
				<total>6</total>
				<timestamp>4181.586856</timestamp>
			</report>
			<report>
				<misses>66200001</misses>
				<total>6</total>
				<timestamp>4187.915142</timestamp>
			</report>
			<report>
				<misses>66300001</misses>
				<total>6</total>
				<timestamp>4194.241188</timestamp>
			</report>
			<report>
				<misses>66400001</misses>
				<total>6</total>
				<timestamp>4200.564807</timestamp>
			</report>
			<report>
				<misses>66500001</misses>
				<total>6</total>
				<timestamp>4206.894089</timestamp>
			</report>
			<report>
				<misses>66600001</misses>
				<total>6</total>
				<timestamp>4213.221382</timestamp>
			</report>
			<report>
				<misses>66700001</misses>
				<total>6</total>
				<timestamp>4219.546421</timestamp>
			</report>
			<report>
				<misses>66800001</misses>
				<total>6</total>
				<timestamp>4225.869341</timestamp>
			</report>
			<report>
				<misses>66900001</misses>
				<total>6</total>
				<timestamp>4232.197402</timestamp>
			</report>
			<report>
				<misses>67000001</misses>
				<total>6</total>
				<timestamp>4238.525761</timestamp>
			</report>
			<report>
				<misses>67100001</misses>
				<total>6</total>
				<timestamp>4244.852397</timestamp>
			</report>
			<report>
				<misses>67200001</misses>
				<total>6</total>
				<timestamp>4251.176880</timestamp>
			</report>
			<report>
				<misses>67300001</misses>
				<total>6</total>
				<timestamp>4257.486894</timestamp>
			</report>
			<report>
				<misses>67400001</misses>
				<total>6</total>
				<timestamp>4263.805885</timestamp>
			</report>
			<report>
				<misses>67500001</misses>
				<total>6</total>
				<timestamp>4270.118511</timestamp>
			</report>
			<report>
				<misses>67600001</misses>
				<total>6</total>
				<timestamp>4276.424430</timestamp>
			</report>
			<report>
				<misses>67700001</misses>
				<total>6</total>
				<timestamp>4282.745147</timestamp>
			</report>
			<report>
				<misses>67800001</misses>
				<total>6</total>
				<timestamp>4289.061947</timestamp>
			</report>
			<report>
				<misses>67900001</misses>
				<total>6</total>
				<timestamp>4295.384219</timestamp>
			</report>
			<report>
				<misses>68000001</misses>
				<total>6</total>
				<timestamp>4301.706192</timestamp>
			</report>
			<report>
				<misses>68100001</misses>
				<total>6</total>
				<timestamp>4308.025584</timestamp>
			</report>
			<report>
				<misses>68200001</misses>
				<total>6</total>
				<timestamp>4314.342344</timestamp>
			</report>
			<report>
				<misses>68300001</misses>
				<total>6</total>
				<timestamp>4320.664245</timestamp>
			</report>
			<report>
				<misses>68400001</misses>
				<total>6</total>
				<timestamp>4326.987286</timestamp>
			</report>
			<report>
				<misses>68500001</misses>
				<total>6</total>
				<timestamp>4333.304625</timestamp>
			</report>
			<report>
				<misses>68600001</misses>
				<total>6</total>
				<timestamp>4339.660787</timestamp>
			</report>
			<report>
				<misses>68700001</misses>
				<total>6</total>
				<timestamp>4346.010963</timestamp>
			</report>
			<report>
				<misses>68800001</misses>
				<total>6</total>
				<timestamp>4352.340605</timestamp>
			</report>
			<report>
				<misses>68900001</misses>
				<total>6</total>
				<timestamp>4358.658074</timestamp>
			</report>
			<report>
				<misses>69000001</misses>
				<total>6</total>
				<timestamp>4364.986702</timestamp>
			</report>
			<report>
				<misses>69100001</misses>
				<total>6</total>
				<timestamp>4371.312091</timestamp>
			</report>
			<report>
				<misses>69200001</misses>
				<total>6</total>
				<timestamp>4377.646668</timestamp>
			</report>
			<report>
				<misses>69300001</misses>
				<total>6</total>
				<timestamp>4383.969059</timestamp>
			</report>
			<report>
				<misses>69400001</misses>
				<total>6</total>
				<timestamp>4390.293637</timestamp>
			</report>
			<report>
				<misses>69500001</misses>
				<total>6</total>
				<timestamp>4396.625195</timestamp>
			</report>
			<report>
				<misses>69600001</misses>
				<total>6</total>
				<timestamp>4402.957079</timestamp>
			</report>
			<report>
				<misses>69700001</misses>
				<total>6</total>
				<timestamp>4409.275245</timestamp>
			</report>
			<report>
				<misses>69800001</misses>
				<total>6</total>
				<timestamp>4415.597382</timestamp>
			</report>
			<report>
				<misses>69900001</misses>
				<total>6</total>
				<timestamp>4421.921458</timestamp>
			</report>
			<report>
				<misses>70000001</misses>
				<total>6</total>
				<timestamp>4428.243297</timestamp>
			</report>
			<report>
				<misses>70100001</misses>
				<total>6</total>
				<timestamp>4434.565095</timestamp>
			</report>
			<report>
				<misses>70200001</misses>
				<total>6</total>
				<timestamp>4440.881319</timestamp>
			</report>
			<report>
				<misses>70300001</misses>
				<total>6</total>
				<timestamp>4447.206927</timestamp>
			</report>
			<report>
				<misses>70400001</misses>
				<total>6</total>
				<timestamp>4453.529007</timestamp>
			</report>
			<report>
				<misses>70500001</misses>
				<total>6</total>
				<timestamp>4459.859712</timestamp>
			</report>
			<report>
				<misses>70600001</misses>
				<total>6</total>
				<timestamp>4466.192054</timestamp>
			</report>
			<report>
				<misses>70700001</misses>
				<total>6</total>
				<timestamp>4472.517311</timestamp>
			</report>
			<report>
				<misses>70800001</misses>
				<total>6</total>
				<timestamp>4478.839066</timestamp>
			</report>
			<report>
				<misses>70900001</misses>
				<total>6</total>
				<timestamp>4485.164859</timestamp>
			</report>
			<report>
				<misses>71000001</misses>
				<total>6</total>
				<timestamp>4491.484428</timestamp>
			</report>
			<report>
				<misses>71100001</misses>
				<total>6</total>
				<timestamp>4497.811267</timestamp>
			</report>
			<report>
				<misses>71200001</misses>
				<total>6</total>
				<timestamp>4504.134692</timestamp>
			</report>
			<report>
				<misses>71300001</misses>
				<total>6</total>
				<timestamp>4510.456496</timestamp>
			</report>
			<report>
				<misses>71400001</misses>
				<total>6</total>
				<timestamp>4516.779042</timestamp>
			</report>
			<report>
				<misses>71500001</misses>
				<total>6</total>
				<timestamp>4523.102963</timestamp>
			</report>
			<report>
				<misses>71600001</misses>
				<total>6</total>
				<timestamp>4529.422073</timestamp>
			</report>
			<report>
				<misses>71700001</misses>
				<total>6</total>
				<timestamp>4535.741682</timestamp>
			</report>
			<report>
				<misses>71800001</misses>
				<total>6</total>
				<timestamp>4542.063043</timestamp>
			</report>
			<report>
				<misses>71900001</misses>
				<total>6</total>
				<timestamp>4548.381318</timestamp>
			</report>
			<report>
				<misses>72000001</misses>
				<total>6</total>
				<timestamp>4554.705317</timestamp>
			</report>
			<report>
				<misses>72100001</misses>
				<total>6</total>
				<timestamp>4561.030168</timestamp>
			</report>
			<report>
				<misses>72200001</misses>
				<total>6</total>
				<timestamp>4567.351620</timestamp>
			</report>
			<report>
				<misses>72300001</misses>
				<total>6</total>
				<timestamp>4573.677218</timestamp>
			</report>
			<report>
				<misses>72400001</misses>
				<total>6</total>
				<timestamp>4579.999571</timestamp>
			</report>
			<report>
				<misses>72500001</misses>
				<total>6</total>
				<timestamp>4586.323256</timestamp>
			</report>
			<report>
				<misses>72600001</misses>
				<total>6</total>
				<timestamp>4592.643845</timestamp>
			</report>
			<report>
				<misses>72700001</misses>
				<total>6</total>
				<timestamp>4598.949926</timestamp>
			</report>
			<report>
				<misses>72800001</misses>
				<total>6</total>
				<timestamp>4605.274559</timestamp>
			</report>
			<report>
				<misses>72900001</misses>
				<total>6</total>
				<timestamp>4611.617852</timestamp>
			</report>
			<report>
				<misses>73000001</misses>
				<total>6</total>
				<timestamp>4617.957753</timestamp>
			</report>
			<report>
				<misses>73100001</misses>
				<total>6</total>
				<timestamp>4624.302887</timestamp>
			</report>
			<report>
				<misses>73200001</misses>
				<total>6</total>
				<timestamp>4630.630321</timestamp>
			</report>
			<report>
				<misses>73300001</misses>
				<total>6</total>
				<timestamp>4636.949872</timestamp>
			</report>
			<report>
				<misses>73400001</misses>
				<total>6</total>
				<timestamp>4643.253390</timestamp>
			</report>
			<report>
				<misses>73500001</misses>
				<total>6</total>
				<timestamp>4649.584678</timestamp>
			</report>
			<report>
				<misses>73600001</misses>
				<total>6</total>
				<timestamp>4655.911679</timestamp>
			</report>
			<report>
				<misses>73700001</misses>
				<total>6</total>
				<timestamp>4662.266489</timestamp>
			</report>
			<report>
				<misses>73800001</misses>
				<total>6</total>
				<timestamp>4668.600750</timestamp>
			</report>
			<report>
				<misses>73900001</misses>
				<total>6</total>
				<timestamp>4674.948801</timestamp>
			</report>
			<report>
				<misses>74000001</misses>
				<total>6</total>
				<timestamp>4681.269121</timestamp>
			</report>
			<report>
				<misses>74100001</misses>
				<total>6</total>
				<timestamp>4687.589409</timestamp>
			</report>
			<report>
				<misses>74200001</misses>
				<total>6</total>
				<timestamp>4693.913239</timestamp>
			</report>
			<report>
				<misses>74300001</misses>
				<total>6</total>
				<timestamp>4700.241296</timestamp>
			</report>
			<report>
				<misses>74400001</misses>
				<total>6</total>
				<timestamp>4706.562857</timestamp>
			</report>
			<report>
				<misses>74500001</misses>
				<total>6</total>
				<timestamp>4712.889761</timestamp>
			</report>
			<report>
				<misses>74600001</misses>
				<total>6</total>
				<timestamp>4719.227631</timestamp>
			</report>
			<report>
				<misses>74700001</misses>
				<total>6</total>
				<timestamp>4725.555560</timestamp>
			</report>
			<report>
				<misses>74800001</misses>
				<total>6</total>
				<timestamp>4731.881008</timestamp>
			</report>
			<report>
				<misses>74900001</misses>
				<total>6</total>
				<timestamp>4738.199630</timestamp>
			</report>
			<report>
				<misses>75000001</misses>
				<total>6</total>
				<timestamp>4744.521748</timestamp>
			</report>
			<report>
				<misses>75100001</misses>
				<total>6</total>
				<timestamp>4750.843162</timestamp>
			</report>
			<report>
				<misses>75200001</misses>
				<total>6</total>
				<timestamp>4757.159641</timestamp>
			</report>
			<report>
				<misses>75300001</misses>
				<total>6</total>
				<timestamp>4763.480947</timestamp>
			</report>
			<report>
				<misses>75400001</misses>
				<total>6</total>
				<timestamp>4769.805139</timestamp>
			</report>
			<report>
				<misses>75500001</misses>
				<total>6</total>
				<timestamp>4776.121487</timestamp>
			</report>
			<report>
				<misses>75600001</misses>
				<total>6</total>
				<timestamp>4782.452149</timestamp>
			</report>
			<report>
				<misses>75700001</misses>
				<total>6</total>
				<timestamp>4788.776674</timestamp>
			</report>
			<report>
				<misses>75800001</misses>
				<total>6</total>
				<timestamp>4795.096451</timestamp>
			</report>
			<report>
				<misses>75900001</misses>
				<total>6</total>
				<timestamp>4801.420647</timestamp>
			</report>
			<report>
				<misses>76000001</misses>
				<total>6</total>
				<timestamp>4807.752274</timestamp>
			</report>
			<report>
				<misses>76100001</misses>
				<total>6</total>
				<timestamp>4814.079695</timestamp>
			</report>
			<report>
				<misses>76200001</misses>
				<total>6</total>
				<timestamp>4820.433166</timestamp>
			</report>
			<report>
				<misses>76300001</misses>
				<total>6</total>
				<timestamp>4826.759095</timestamp>
			</report>
			<report>
				<misses>76400001</misses>
				<total>6</total>
				<timestamp>4833.087667</timestamp>
			</report>
			<report>
				<misses>76500001</misses>
				<total>6</total>
				<timestamp>4839.411624</timestamp>
			</report>
			<report>
				<misses>76600001</misses>
				<total>6</total>
				<timestamp>4845.738820</timestamp>
			</report>
			<report>
				<misses>76700001</misses>
				<total>6</total>
				<timestamp>4852.066333</timestamp>
			</report>
			<report>
				<misses>76800001</misses>
				<total>6</total>
				<timestamp>4858.390840</timestamp>
			</report>
			<report>
				<misses>76900001</misses>
				<total>6</total>
				<timestamp>4864.713125</timestamp>
			</report>
			<report>
				<misses>77000001</misses>
				<total>6</total>
				<timestamp>4871.036611</timestamp>
			</report>
			<report>
				<misses>77100001</misses>
				<total>6</total>
				<timestamp>4877.361257</timestamp>
			</report>
			<report>
				<misses>77200001</misses>
				<total>6</total>
				<timestamp>4883.684665</timestamp>
			</report>
			<report>
				<misses>77300001</misses>
				<total>6</total>
				<timestamp>4890.006306</timestamp>
			</report>
			<report>
				<misses>77400001</misses>
				<total>6</total>
				<timestamp>4896.332781</timestamp>
			</report>
			<report>
				<misses>77500001</misses>
				<total>6</total>
				<timestamp>4902.658109</timestamp>
			</report>
			<report>
				<misses>77600001</misses>
				<total>6</total>
				<timestamp>4908.980163</timestamp>
			</report>
			<report>
				<misses>77700001</misses>
				<total>6</total>
				<timestamp>4915.307598</timestamp>
			</report>
			<report>
				<misses>77800001</misses>
				<total>6</total>
				<timestamp>4921.633690</timestamp>
			</report>
			<report>
				<misses>77900001</misses>
				<total>6</total>
				<timestamp>4927.958021</timestamp>
			</report>
			<report>
				<misses>78000001</misses>
				<total>6</total>
				<timestamp>4934.280623</timestamp>
			</report>
			<report>
				<misses>78100001</misses>
				<total>6</total>
				<timestamp>4940.622341</timestamp>
			</report>
			<report>
				<misses>78200001</misses>
				<total>6</total>
				<timestamp>4946.951413</timestamp>
			</report>
			<report>
				<misses>78300001</misses>
				<total>6</total>
				<timestamp>4953.283926</timestamp>
			</report>
			<report>
				<misses>78400001</misses>
				<total>6</total>
				<timestamp>4959.604973</timestamp>
			</report>
			<report>
				<misses>78500001</misses>
				<total>6</total>
				<timestamp>4965.932181</timestamp>
			</report>
			<report>
				<misses>78600001</misses>
				<total>6</total>
				<timestamp>4972.264056</timestamp>
			</report>
			<report>
				<misses>78700001</misses>
				<total>6</total>
				<timestamp>4978.588385</timestamp>
			</report>
			<report>
				<misses>78800001</misses>
				<total>6</total>
				<timestamp>4984.914930</timestamp>
			</report>
			<report>
				<misses>78900001</misses>
				<total>6</total>
				<timestamp>4991.246878</timestamp>
			</report>
			<report>
				<misses>79000001</misses>
				<total>6</total>
				<timestamp>4997.576046</timestamp>
			</report>
			<report>
				<misses>79100001</misses>
				<total>6</total>
				<timestamp>5003.895410</timestamp>
			</report>
			<report>
				<misses>79200001</misses>
				<total>7</total>
				<timestamp>5010.223014</timestamp>
			</report>
			<report>
				<misses>79300001</misses>
				<total>7</total>
				<timestamp>5016.547074</timestamp>
			</report>
			<report>
				<misses>79400001</misses>
				<total>7</total>
				<timestamp>5022.869689</timestamp>
			</report>
			<report>
				<misses>79500001</misses>
				<total>7</total>
				<timestamp>5029.197155</timestamp>
			</report>
			<report>
				<misses>79600001</misses>
				<total>7</total>
				<timestamp>5035.537947</timestamp>
			</report>
			<report>
				<misses>79700001</misses>
				<total>7</total>
				<timestamp>5041.866269</timestamp>
			</report>
			<report>
				<misses>79800001</misses>
				<total>7</total>
				<timestamp>5048.193285</timestamp>
			</report>
			<report>
				<misses>79900001</misses>
				<total>7</total>
				<timestamp>5054.518578</timestamp>
			</report>
			<report>
				<misses>80000001</misses>
				<total>7</total>
				<timestamp>5060.848248</timestamp>
			</report>
			<report>
				<misses>80100001</misses>
				<total>7</total>
				<timestamp>5067.166640</timestamp>
			</report>
			<report>
				<misses>80200001</misses>
				<total>7</total>
				<timestamp>5073.489984</timestamp>
			</report>
			<report>
				<misses>80300001</misses>
				<total>7</total>
				<timestamp>5079.810219</timestamp>
			</report>
			<report>
				<misses>80400001</misses>
				<total>7</total>
				<timestamp>5086.129078</timestamp>
			</report>
			<report>
				<misses>80500001</misses>
				<total>7</total>
				<timestamp>5092.441240</timestamp>
			</report>
			<report>
				<misses>80600001</misses>
				<total>7</total>
				<timestamp>5098.747305</timestamp>
			</report>
			<report>
				<misses>80700001</misses>
				<total>7</total>
				<timestamp>5105.070881</timestamp>
			</report>
			<report>
				<misses>80800001</misses>
				<total>7</total>
				<timestamp>5111.397763</timestamp>
			</report>
			<report>
				<misses>80900001</misses>
				<total>7</total>
				<timestamp>5117.722285</timestamp>
			</report>
			<report>
				<misses>81000001</misses>
				<total>7</total>
				<timestamp>5124.056617</timestamp>
			</report>
			<report>
				<misses>81100001</misses>
				<total>7</total>
				<timestamp>5130.379508</timestamp>
			</report>
			<report>
				<misses>81200001</misses>
				<total>7</total>
				<timestamp>5136.714713</timestamp>
			</report>
			<report>
				<misses>81300001</misses>
				<total>7</total>
				<timestamp>5143.067473</timestamp>
			</report>
			<report>
				<misses>81400001</misses>
				<total>7</total>
				<timestamp>5149.411229</timestamp>
			</report>
			<report>
				<misses>81500001</misses>
				<total>7</total>
				<timestamp>5155.743541</timestamp>
			</report>
			<report>
				<misses>81600001</misses>
				<total>7</total>
				<timestamp>5162.068990</timestamp>
			</report>
			<report>
				<misses>81700001</misses>
				<total>7</total>
				<timestamp>5168.391146</timestamp>
			</report>
			<report>
				<misses>81800001</misses>
				<total>7</total>
				<timestamp>5174.712395</timestamp>
			</report>
			<report>
				<misses>81900001</misses>
				<total>7</total>
				<timestamp>5181.040264</timestamp>
			</report>
			<report>
				<misses>82000001</misses>
				<total>7</total>
				<timestamp>5187.364644</timestamp>
			</report>
			<report>
				<misses>82100001</misses>
				<total>7</total>
				<timestamp>5193.689234</timestamp>
			</report>
			<report>
				<misses>82200001</misses>
				<total>7</total>
				<timestamp>5200.015360</timestamp>
			</report>
			<report>
				<misses>82300001</misses>
				<total>7</total>
				<timestamp>5206.360597</timestamp>
			</report>
			<report>
				<misses>82400001</misses>
				<total>7</total>
				<timestamp>5212.677292</timestamp>
			</report>
			<report>
				<misses>82500001</misses>
				<total>7</total>
				<timestamp>5218.998588</timestamp>
			</report>
			<report>
				<misses>82600001</misses>
				<total>7</total>
				<timestamp>5225.320356</timestamp>
			</report>
			<report>
				<misses>82700001</misses>
				<total>7</total>
				<timestamp>5231.637095</timestamp>
			</report>
			<report>
				<misses>82800001</misses>
				<total>7</total>
				<timestamp>5237.933946</timestamp>
			</report>
			<report>
				<misses>82900001</misses>
				<total>7</total>
				<timestamp>5244.255662</timestamp>
			</report>
			<report>
				<misses>83000001</misses>
				<total>7</total>
				<timestamp>5250.575714</timestamp>
			</report>
			<report>
				<misses>83100001</misses>
				<total>7</total>
				<timestamp>5256.899640</timestamp>
			</report>
			<report>
				<misses>83200001</misses>
				<total>7</total>
				<timestamp>5263.223225</timestamp>
			</report>
			<report>
				<misses>83300001</misses>
				<total>7</total>
				<timestamp>5269.553974</timestamp>
			</report>
			<report>
				<misses>83400001</misses>
				<total>7</total>
				<timestamp>5275.872885</timestamp>
			</report>
			<report>
				<misses>83500001</misses>
				<total>7</total>
				<timestamp>5282.184107</timestamp>
			</report>
			<report>
				<misses>83600001</misses>
				<total>7</total>
				<timestamp>5288.483517</timestamp>
			</report>
			<report>
				<misses>83700001</misses>
				<total>7</total>
				<timestamp>5294.808757</timestamp>
			</report>
			<report>
				<misses>83800001</misses>
				<total>7</total>
				<timestamp>5301.132664</timestamp>
			</report>
			<report>
				<misses>83900001</misses>
				<total>7</total>
				<timestamp>5307.460046</timestamp>
			</report>
			<report>
				<misses>84000001</misses>
				<total>7</total>
				<timestamp>5313.809115</timestamp>
			</report>
			<report>
				<misses>84100001</misses>
				<total>7</total>
				<timestamp>5320.138173</timestamp>
			</report>
			<report>
				<misses>84200001</misses>
				<total>7</total>
				<timestamp>5326.462694</timestamp>
			</report>
			<report>
				<misses>84300001</misses>
				<total>7</total>
				<timestamp>5332.782548</timestamp>
			</report>
			<report>
				<misses>84400001</misses>
				<total>7</total>
				<timestamp>5339.106347</timestamp>
			</report>
			<report>
				<misses>84500001</misses>
				<total>7</total>
				<timestamp>5345.427153</timestamp>
			</report>
			<report>
				<misses>84600001</misses>
				<total>7</total>
				<timestamp>5351.747300</timestamp>
			</report>
			<report>
				<misses>84700001</misses>
				<total>7</total>
				<timestamp>5358.071144</timestamp>
			</report>
			<report>
				<misses>84800001</misses>
				<total>7</total>
				<timestamp>5364.395067</timestamp>
			</report>
			<report>
				<misses>84900001</misses>
				<total>7</total>
				<timestamp>5370.722858</timestamp>
			</report>
			<report>
				<misses>85000001</misses>
				<total>7</total>
				<timestamp>5377.045795</timestamp>
			</report>
			<report>
				<misses>85100001</misses>
				<total>7</total>
				<timestamp>5383.365198</timestamp>
			</report>
			<report>
				<misses>85200001</misses>
				<total>7</total>
				<timestamp>5389.688569</timestamp>
			</report>
			<report>
				<misses>85300001</misses>
				<total>7</total>
				<timestamp>5396.008606</timestamp>
			</report>
			<report>
				<misses>85400001</misses>
				<total>7</total>
				<timestamp>5402.331019</timestamp>
			</report>
			<report>
				<misses>85500001</misses>
				<total>7</total>
				<timestamp>5408.654738</timestamp>
			</report>
			<report>
				<misses>85600001</misses>
				<total>7</total>
				<timestamp>5414.974387</timestamp>
			</report>
			<report>
				<misses>85700001</misses>
				<total>7</total>
				<timestamp>5421.297073</timestamp>
			</report>
			<report>
				<misses>85800001</misses>
				<total>7</total>
				<timestamp>5427.620614</timestamp>
			</report>
			<report>
				<misses>85900001</misses>
				<total>7</total>
				<timestamp>5433.940865</timestamp>
			</report>
			<report>
				<misses>86000001</misses>
				<total>7</total>
				<timestamp>5440.274934</timestamp>
			</report>
			<report>
				<misses>86100001</misses>
				<total>7</total>
				<timestamp>5446.600605</timestamp>
			</report>
			<report>
				<misses>86200001</misses>
				<total>7</total>
				<timestamp>5452.937248</timestamp>
			</report>
			<report>
				<misses>86300001</misses>
				<total>7</total>
				<timestamp>5459.274496</timestamp>
			</report>
			<report>
				<misses>86400001</misses>
				<total>7</total>
				<timestamp>5465.605506</timestamp>
			</report>
			<report>
				<misses>86500001</misses>
				<total>7</total>
				<timestamp>5471.930702</timestamp>
			</report>
			<report>
				<misses>86600001</misses>
				<total>7</total>
				<timestamp>5478.250407</timestamp>
			</report>
			<report>
				<misses>86700001</misses>
				<total>7</total>
				<timestamp>5484.574656</timestamp>
			</report>
			<report>
				<misses>86800001</misses>
				<total>7</total>
				<timestamp>5490.900847</timestamp>
			</report>
			<report>
				<misses>86900001</misses>
				<total>7</total>
				<timestamp>5497.231024</timestamp>
			</report>
			<report>
				<misses>87000001</misses>
				<total>7</total>
				<timestamp>5503.551224</timestamp>
			</report>
			<report>
				<misses>87100001</misses>
				<total>7</total>
				<timestamp>5509.869812</timestamp>
			</report>
			<report>
				<misses>87200001</misses>
				<total>7</total>
				<timestamp>5516.184199</timestamp>
			</report>
			<report>
				<misses>87300001</misses>
				<total>7</total>
				<timestamp>5522.505467</timestamp>
			</report>
			<report>
				<misses>87400001</misses>
				<total>7</total>
				<timestamp>5528.829624</timestamp>
			</report>
			<report>
				<misses>87500001</misses>
				<total>7</total>
				<timestamp>5535.153295</timestamp>
			</report>
			<report>
				<misses>87600001</misses>
				<total>7</total>
				<timestamp>5541.492186</timestamp>
			</report>
			<report>
				<misses>87700001</misses>
				<total>7</total>
				<timestamp>5547.837969</timestamp>
			</report>
			<report>
				<misses>87800001</misses>
				<total>7</total>
				<timestamp>5554.183536</timestamp>
			</report>
			<report>
				<misses>87900001</misses>
				<total>7</total>
				<timestamp>5560.528984</timestamp>
			</report>
			<report>
				<misses>88000001</misses>
				<total>7</total>
				<timestamp>5566.859560</timestamp>
			</report>
			<report>
				<misses>88100001</misses>
				<total>7</total>
				<timestamp>5573.181930</timestamp>
			</report>
			<report>
				<misses>88200001</misses>
				<total>7</total>
				<timestamp>5579.500311</timestamp>
			</report>
			<report>
				<misses>88300001</misses>
				<total>7</total>
				<timestamp>5585.822781</timestamp>
			</report>
			<report>
				<misses>88400001</misses>
				<total>7</total>
				<timestamp>5592.149581</timestamp>
			</report>
			<report>
				<misses>88500001</misses>
				<total>7</total>
				<timestamp>5598.472188</timestamp>
			</report>
			<report>
				<misses>88600001</misses>
				<total>7</total>
				<timestamp>5604.793783</timestamp>
			</report>
			<report>
				<misses>88700001</misses>
				<total>7</total>
				<timestamp>5611.117378</timestamp>
			</report>
			<report>
				<misses>88800001</misses>
				<total>7</total>
				<timestamp>5617.442911</timestamp>
			</report>
			<report>
				<misses>88900001</misses>
				<total>7</total>
				<timestamp>5623.785126</timestamp>
			</report>
			<report>
				<misses>89000001</misses>
				<total>7</total>
				<timestamp>5630.128652</timestamp>
			</report>
			<report>
				<misses>89100001</misses>
				<total>7</total>
				<timestamp>5636.470223</timestamp>
			</report>
			<report>
				<misses>89200001</misses>
				<total>7</total>
				<timestamp>5642.794500</timestamp>
			</report>
			<report>
				<misses>89300001</misses>
				<total>7</total>
				<timestamp>5649.119097</timestamp>
			</report>
			<report>
				<misses>89400001</misses>
				<total>7</total>
				<timestamp>5655.444098</timestamp>
			</report>
			<report>
				<misses>89500001</misses>
				<total>7</total>
				<timestamp>5661.764114</timestamp>
			</report>
			<report>
				<misses>89600001</misses>
				<total>7</total>
				<timestamp>5668.082214</timestamp>
			</report>
			<report>
				<misses>89700001</misses>
				<total>7</total>
				<timestamp>5674.403181</timestamp>
			</report>
			<report>
				<misses>89800001</misses>
				<total>7</total>
				<timestamp>5680.722601</timestamp>
			</report>
			<report>
				<misses>89900001</misses>
				<total>7</total>
				<timestamp>5687.047384</timestamp>
			</report>
			<report>
				<misses>90000001</misses>
				<total>7</total>
				<timestamp>5693.366377</timestamp>
			</report>
			<report>
				<misses>90100001</misses>
				<total>7</total>
				<timestamp>5699.690850</timestamp>
			</report>
			<report>
				<misses>90200001</misses>
				<total>7</total>
				<timestamp>5706.015039</timestamp>
			</report>
			<report>
				<misses>90300001</misses>
				<total>7</total>
				<timestamp>5712.335389</timestamp>
			</report>
			<report>
				<misses>90400001</misses>
				<total>7</total>
				<timestamp>5718.660852</timestamp>
			</report>
			<report>
				<misses>90500001</misses>
				<total>7</total>
				<timestamp>5724.985418</timestamp>
			</report>
			<report>
				<misses>90600001</misses>
				<total>7</total>
				<timestamp>5731.307139</timestamp>
			</report>
			<report>
				<misses>90700001</misses>
				<total>7</total>
				<timestamp>5737.616798</timestamp>
			</report>
			<report>
				<misses>90800001</misses>
				<total>7</total>
				<timestamp>5743.941944</timestamp>
			</report>
			<report>
				<misses>90900001</misses>
				<total>7</total>
				<timestamp>5750.272032</timestamp>
			</report>
			<report>
				<misses>91000001</misses>
				<total>7</total>
				<timestamp>5756.604310</timestamp>
			</report>
			<report>
				<misses>91100001</misses>
				<total>7</total>
				<timestamp>5762.933200</timestamp>
			</report>
			<report>
				<misses>91200001</misses>
				<total>7</total>
				<timestamp>5769.255814</timestamp>
			</report>
			<report>
				<misses>91300001</misses>
				<total>7</total>
				<timestamp>5775.580349</timestamp>
			</report>
			<report>
				<misses>91400001</misses>
				<total>7</total>
				<timestamp>5781.906364</timestamp>
			</report>
			<report>
				<misses>91500001</misses>
				<total>7</total>
				<timestamp>5788.224539</timestamp>
			</report>
			<report>
				<misses>91600001</misses>
				<total>7</total>
				<timestamp>5794.548333</timestamp>
			</report>
			<report>
				<misses>91700001</misses>
				<total>7</total>
				<timestamp>5800.871678</timestamp>
			</report>
			<report>
				<misses>91800001</misses>
				<total>7</total>
				<timestamp>5807.191991</timestamp>
			</report>
			<report>
				<misses>91900001</misses>
				<total>7</total>
				<timestamp>5813.514366</timestamp>
			</report>
			<report>
				<misses>92000001</misses>
				<total>7</total>
				<timestamp>5819.837609</timestamp>
			</report>
			<report>
				<misses>92100001</misses>
				<total>7</total>
				<timestamp>5826.157851</timestamp>
			</report>
			<report>
				<misses>92200001</misses>
				<total>7</total>
				<timestamp>5832.480433</timestamp>
			</report>
			<report>
				<misses>92300001</misses>
				<total>7</total>
				<timestamp>5838.809761</timestamp>
			</report>
			<report>
				<misses>92400001</misses>
				<total>7</total>
				<timestamp>5845.143001</timestamp>
			</report>
			<report>
				<misses>92500001</misses>
				<total>7</total>
				<timestamp>5851.464347</timestamp>
			</report>
			<report>
				<misses>92600001</misses>
				<total>7</total>
				<timestamp>5857.786250</timestamp>
			</report>
			<report>
				<misses>92700001</misses>
				<total>7</total>
				<timestamp>5864.113218</timestamp>
			</report>
			<report>
				<misses>92800001</misses>
				<total>7</total>
				<timestamp>5870.435496</timestamp>
			</report>
			<report>
				<misses>92900001</misses>
				<total>7</total>
				<timestamp>5876.760361</timestamp>
			</report>
			<report>
				<misses>93000001</misses>
				<total>7</total>
				<timestamp>5883.079292</timestamp>
			</report>
			<report>
				<misses>93100001</misses>
				<total>7</total>
				<timestamp>5889.413845</timestamp>
			</report>
			<report>
				<misses>93200001</misses>
				<total>7</total>
				<timestamp>5895.753820</timestamp>
			</report>
			<report>
				<misses>93300001</misses>
				<total>7</total>
				<timestamp>5902.091137</timestamp>
			</report>
			<report>
				<misses>93400001</misses>
				<total>7</total>
				<timestamp>5908.416695</timestamp>
			</report>
			<report>
				<misses>93500001</misses>
				<total>7</total>
				<timestamp>5914.739662</timestamp>
			</report>
			<report>
				<misses>93600001</misses>
				<total>7</total>
				<timestamp>5921.062785</timestamp>
			</report>
			<report>
				<misses>93700001</misses>
				<total>7</total>
				<timestamp>5927.383712</timestamp>
			</report>
			<report>
				<misses>93800001</misses>
				<total>7</total>
				<timestamp>5933.708578</timestamp>
			</report>
			<report>
				<misses>93900001</misses>
				<total>7</total>
				<timestamp>5940.034476</timestamp>
			</report>
			<report>
				<misses>94000001</misses>
				<total>7</total>
				<timestamp>5946.359291</timestamp>
			</report>
			<report>
				<misses>94100001</misses>
				<total>7</total>
				<timestamp>5952.694678</timestamp>
			</report>
			<report>
				<misses>94200001</misses>
				<total>7</total>
				<timestamp>5959.018821</timestamp>
			</report>
			<report>
				<misses>94300001</misses>
				<total>7</total>
				<timestamp>5965.343384</timestamp>
			</report>
			<report>
				<misses>94400001</misses>
				<total>7</total>
				<timestamp>5971.670865</timestamp>
			</report>
			<report>
				<misses>94500001</misses>
				<total>7</total>
				<timestamp>5977.995410</timestamp>
			</report>
			<report>
				<misses>94600001</misses>
				<total>7</total>
				<timestamp>5984.317297</timestamp>
			</report>
			<report>
				<misses>94700001</misses>
				<total>7</total>
				<timestamp>5990.640313</timestamp>
			</report>
			<report>
				<misses>94800001</misses>
				<total>7</total>
				<timestamp>5996.977850</timestamp>
			</report>
			<report>
				<misses>94900001</misses>
				<total>7</total>
				<timestamp>6003.302588</timestamp>
			</report>
			<report>
				<misses>95000001</misses>
				<total>7</total>
				<timestamp>6009.627739</timestamp>
			</report>
			<report>
				<misses>95100001</misses>
				<total>7</total>
				<timestamp>6015.947361</timestamp>
			</report>
			<report>
				<misses>95200001</misses>
				<total>7</total>
				<timestamp>6022.292313</timestamp>
			</report>
			<report>
				<misses>95300001</misses>
				<total>7</total>
				<timestamp>6028.620847</timestamp>
			</report>
			<report>
				<misses>95400001</misses>
				<total>7</total>
				<timestamp>6034.939813</timestamp>
			</report>
			<report>
				<misses>95500001</misses>
				<total>7</total>
				<timestamp>6041.248877</timestamp>
			</report>
			<report>
				<misses>95600001</misses>
				<total>7</total>
				<timestamp>6047.550012</timestamp>
			</report>
			<report>
				<misses>95700001</misses>
				<total>7</total>
				<timestamp>6053.873926</timestamp>
			</report>
			<report>
				<misses>95800001</misses>
				<total>7</total>
				<timestamp>6060.210354</timestamp>
			</report>
			<report>
				<misses>95900001</misses>
				<total>7</total>
				<timestamp>6066.538131</timestamp>
			</report>
			<report>
				<misses>96000001</misses>
				<total>7</total>
				<timestamp>6072.859904</timestamp>
			</report>
			<report>
				<misses>96100001</misses>
				<total>7</total>
				<timestamp>6079.184393</timestamp>
			</report>
			<report>
				<misses>96200001</misses>
				<total>7</total>
				<timestamp>6085.505317</timestamp>
			</report>
			<report>
				<misses>96300001</misses>
				<total>7</total>
				<timestamp>6091.825748</timestamp>
			</report>
			<report>
				<misses>96400001</misses>
				<total>7</total>
				<timestamp>6098.163383</timestamp>
			</report>
			<report>
				<misses>96500001</misses>
				<total>7</total>
				<timestamp>6104.487321</timestamp>
			</report>
			<report>
				<misses>96600001</misses>
				<total>7</total>
				<timestamp>6110.825025</timestamp>
			</report>
			<report>
				<misses>96700001</misses>
				<total>7</total>
				<timestamp>6117.152497</timestamp>
			</report>
			<report>
				<misses>96800001</misses>
				<total>7</total>
				<timestamp>6123.494483</timestamp>
			</report>
			<report>
				<misses>96900001</misses>
				<total>7</total>
				<timestamp>6129.841785</timestamp>
			</report>
			<report>
				<misses>97000001</misses>
				<total>7</total>
				<timestamp>6136.172369</timestamp>
			</report>
			<report>
				<misses>97100001</misses>
				<total>7</total>
				<timestamp>6142.510509</timestamp>
			</report>
			<report>
				<misses>97200001</misses>
				<total>7</total>
				<timestamp>6148.844673</timestamp>
			</report>
			<report>
				<misses>97300001</misses>
				<total>7</total>
				<timestamp>6155.168065</timestamp>
			</report>
			<report>
				<misses>97400001</misses>
				<total>7</total>
				<timestamp>6161.487361</timestamp>
			</report>
			<report>
				<misses>97500001</misses>
				<total>7</total>
				<timestamp>6167.806686</timestamp>
			</report>
			<report>
				<misses>97600001</misses>
				<total>7</total>
				<timestamp>6174.127345</timestamp>
			</report>
			<report>
				<misses>97700001</misses>
				<total>7</total>
				<timestamp>6180.449012</timestamp>
			</report>
			<report>
				<misses>97800001</misses>
				<total>7</total>
				<timestamp>6186.773414</timestamp>
			</report>
			<report>
				<misses>97900001</misses>
				<total>7</total>
				<timestamp>6193.095969</timestamp>
			</report>
			<report>
				<misses>98000001</misses>
				<total>7</total>
				<timestamp>6199.419794</timestamp>
			</report>
			<report>
				<misses>98100001</misses>
				<total>7</total>
				<timestamp>6205.742528</timestamp>
			</report>
			<report>
				<misses>98200001</misses>
				<total>7</total>
				<timestamp>6212.068619</timestamp>
			</report>
			<report>
				<misses>98300001</misses>
				<total>7</total>
				<timestamp>6218.392107</timestamp>
			</report>
			<report>
				<misses>98400001</misses>
				<total>7</total>
				<timestamp>6224.710320</timestamp>
			</report>
			<report>
				<misses>98500001</misses>
				<total>7</total>
				<timestamp>6231.029334</timestamp>
			</report>
			<report>
				<misses>98600001</misses>
				<total>7</total>
				<timestamp>6237.353930</timestamp>
			</report>
			<report>
				<misses>98700001</misses>
				<total>7</total>
				<timestamp>6243.675315</timestamp>
			</report>
			<report>
				<misses>98800001</misses>
				<total>7</total>
				<timestamp>6249.997420</timestamp>
			</report>
			<report>
				<misses>98900001</misses>
				<total>7</total>
				<timestamp>6256.320159</timestamp>
			</report>
			<report>
				<misses>99000001</misses>
				<total>7</total>
				<timestamp>6262.643810</timestamp>
			</report>
			<report>
				<misses>99100001</misses>
				<total>7</total>
				<timestamp>6268.970092</timestamp>
			</report>
			<report>
				<misses>99200001</misses>
				<total>7</total>
				<timestamp>6275.297031</timestamp>
			</report>
			<report>
				<misses>99300001</misses>
				<total>7</total>
				<timestamp>6281.622462</timestamp>
			</report>
			<report>
				<misses>99400001</misses>
				<total>7</total>
				<timestamp>6287.945322</timestamp>
			</report>
			<report>
				<misses>99500001</misses>
				<total>7</total>
				<timestamp>6294.268768</timestamp>
			</report>
			<report>
				<misses>99600001</misses>
				<total>7</total>
				<timestamp>6300.591733</timestamp>
			</report>
			<report>
				<misses>99700001</misses>
				<total>7</total>
				<timestamp>6306.916442</timestamp>
			</report>
			<report>
				<misses>99800001</misses>
				<total>7</total>
				<timestamp>6313.236520</timestamp>
			</report>
			<report>
				<misses>99900001</misses>
				<total>7</total>
				<timestamp>6319.560394</timestamp>
			</report>
			<report>
				<misses>100000001</misses>
				<total>7</total>
				<timestamp>6325.886238</timestamp>
			</report>
			<report>
				<misses>100100001</misses>
				<total>7</total>
				<timestamp>6332.213275</timestamp>
			</report>
			<report>
				<misses>100200001</misses>
				<total>7</total>
				<timestamp>6338.537508</timestamp>
			</report>
			<report>
				<misses>100300001</misses>
				<total>7</total>
				<timestamp>6344.862395</timestamp>
			</report>
			<report>
				<misses>100400001</misses>
				<total>7</total>
				<timestamp>6351.189102</timestamp>
			</report>
			<report>
				<misses>100500001</misses>
				<total>7</total>
				<timestamp>6357.514563</timestamp>
			</report>
			<report>
				<misses>100600001</misses>
				<total>7</total>
				<timestamp>6363.838067</timestamp>
			</report>
			<report>
				<misses>100700001</misses>
				<total>7</total>
				<timestamp>6370.164923</timestamp>
			</report>
			<report>
				<misses>100800001</misses>
				<total>7</total>
				<timestamp>6376.488520</timestamp>
			</report>
			<report>
				<misses>100900001</misses>
				<total>7</total>
				<timestamp>6382.802637</timestamp>
			</report>
			<report>
				<misses>101000001</misses>
				<total>7</total>
				<timestamp>6389.129287</timestamp>
			</report>
			<report>
				<misses>101100001</misses>
				<total>7</total>
				<timestamp>6395.453703</timestamp>
			</report>
			<report>
				<misses>101200001</misses>
				<total>8</total>
				<timestamp>6401.776411</timestamp>
			</report>
			<report>
				<misses>101300001</misses>
				<total>8</total>
				<timestamp>6408.104109</timestamp>
			</report>
			<report>
				<misses>101400001</misses>
				<total>8</total>
				<timestamp>6414.432385</timestamp>
			</report>
			<report>
				<misses>101500001</misses>
				<total>8</total>
				<timestamp>6420.756897</timestamp>
			</report>
			<report>
				<misses>101600001</misses>
				<total>8</total>
				<timestamp>6427.079371</timestamp>
			</report>
			<report>
				<misses>101700001</misses>
				<total>8</total>
				<timestamp>6433.417171</timestamp>
			</report>
			<report>
				<misses>101800001</misses>
				<total>8</total>
				<timestamp>6439.752782</timestamp>
			</report>
			<report>
				<misses>101900001</misses>
				<total>8</total>
				<timestamp>6446.079804</timestamp>
			</report>
			<report>
				<misses>102000001</misses>
				<total>8</total>
				<timestamp>6452.402673</timestamp>
			</report>
			<report>
				<misses>102100001</misses>
				<total>8</total>
				<timestamp>6458.741415</timestamp>
			</report>
			<report>
				<misses>102200001</misses>
				<total>8</total>
				<timestamp>6465.078614</timestamp>
			</report>
			<report>
				<misses>102300001</misses>
				<total>8</total>
				<timestamp>6471.404536</timestamp>
			</report>
			<report>
				<misses>102400001</misses>
				<total>8</total>
				<timestamp>6477.730570</timestamp>
			</report>
			<report>
				<misses>102500001</misses>
				<total>8</total>
				<timestamp>6484.054967</timestamp>
			</report>
			<report>
				<misses>102600001</misses>
				<total>8</total>
				<timestamp>6490.373899</timestamp>
			</report>
			<report>
				<misses>102700001</misses>
				<total>8</total>
				<timestamp>6496.679421</timestamp>
			</report>
			<report>
				<misses>102800001</misses>
				<total>8</total>
				<timestamp>6503.008091</timestamp>
			</report>
			<report>
				<misses>102900001</misses>
				<total>8</total>
				<timestamp>6509.337868</timestamp>
			</report>
			<report>
				<misses>103000001</misses>
				<total>8</total>
				<timestamp>6515.681315</timestamp>
			</report>
			<report>
				<misses>103100001</misses>
				<total>8</total>
				<timestamp>6522.009491</timestamp>
			</report>
			<report>
				<misses>103200001</misses>
				<total>8</total>
				<timestamp>6528.322667</timestamp>
			</report>
			<report>
				<misses>103300001</misses>
				<total>8</total>
				<timestamp>6534.658553</timestamp>
			</report>
			<report>
				<misses>103400001</misses>
				<total>8</total>
				<timestamp>6540.983746</timestamp>
			</report>
			<report>
				<misses>103500001</misses>
				<total>8</total>
				<timestamp>6547.308279</timestamp>
			</report>
			<report>
				<misses>103600001</misses>
				<total>8</total>
				<timestamp>6553.629130</timestamp>
			</report>
			<report>
				<misses>103700001</misses>
				<total>8</total>
				<timestamp>6559.952740</timestamp>
			</report>
			<report>
				<misses>103800001</misses>
				<total>8</total>
				<timestamp>6566.281039</timestamp>
			</report>
			<report>
				<misses>103900001</misses>
				<total>8</total>
				<timestamp>6572.603450</timestamp>
			</report>
			<report>
				<misses>104000001</misses>
				<total>8</total>
				<timestamp>6578.925031</timestamp>
			</report>
			<report>
				<misses>104100001</misses>
				<total>8</total>
				<timestamp>6585.243724</timestamp>
			</report>
			<report>
				<misses>104200001</misses>
				<total>8</total>
				<timestamp>6591.567011</timestamp>
			</report>
			<report>
				<misses>104300001</misses>
				<total>8</total>
				<timestamp>6597.889129</timestamp>
			</report>
			<report>
				<misses>104400001</misses>
				<total>8</total>
				<timestamp>6604.213078</timestamp>
			</report>
			<report>
				<misses>104500001</misses>
				<total>8</total>
				<timestamp>6610.542615</timestamp>
			</report>
			<report>
				<misses>104600001</misses>
				<total>8</total>
				<timestamp>6616.900724</timestamp>
			</report>
			<report>
				<misses>104700001</misses>
				<total>8</total>
				<timestamp>6623.241456</timestamp>
			</report>
			<report>
				<misses>104800001</misses>
				<total>8</total>
				<timestamp>6629.568030</timestamp>
			</report>
			<report>
				<misses>104900001</misses>
				<total>8</total>
				<timestamp>6635.888198</timestamp>
			</report>
			<report>
				<misses>105000001</misses>
				<total>8</total>
				<timestamp>6642.211226</timestamp>
			</report>
			<report>
				<misses>105100001</misses>
				<total>8</total>
				<timestamp>6648.534587</timestamp>
			</report>
			<report>
				<misses>105200001</misses>
				<total>8</total>
				<timestamp>6654.856384</timestamp>
			</report>
			<report>
				<misses>105300001</misses>
				<total>8</total>
				<timestamp>6661.176469</timestamp>
			</report>
			<report>
				<misses>105400001</misses>
				<total>8</total>
				<timestamp>6667.502258</timestamp>
			</report>
			<report>
				<misses>105500001</misses>
				<total>8</total>
				<timestamp>6673.827933</timestamp>
			</report>
			<report>
				<misses>105600001</misses>
				<total>8</total>
				<timestamp>6680.150659</timestamp>
			</report>
			<report>
				<misses>105700001</misses>
				<total>8</total>
				<timestamp>6686.476808</timestamp>
			</report>
			<report>
				<misses>105800001</misses>
				<total>8</total>
				<timestamp>6692.803150</timestamp>
			</report>
			<report>
				<misses>105900001</misses>
				<total>8</total>
				<timestamp>6699.122566</timestamp>
			</report>
			<report>
				<misses>106000001</misses>
				<total>8</total>
				<timestamp>6705.440092</timestamp>
			</report>
			<report>
				<misses>106100001</misses>
				<total>8</total>
				<timestamp>6711.763723</timestamp>
			</report>
			<report>
				<misses>106200001</misses>
				<total>8</total>
				<timestamp>6718.086782</timestamp>
			</report>
			<report>
				<misses>106300001</misses>
				<total>8</total>
				<timestamp>6724.408781</timestamp>
			</report>
			<report>
				<misses>106400001</misses>
				<total>9</total>
				<timestamp>6730.729904</timestamp>
			</report>
			<report>
				<misses>106500001</misses>
				<total>9</total>
				<timestamp>6737.054700</timestamp>
			</report>
			<report>
				<misses>106600001</misses>
				<total>9</total>
				<timestamp>6743.379698</timestamp>
			</report>
			<report>
				<misses>106700001</misses>
				<total>9</total>
				<timestamp>6749.693580</timestamp>
			</report>
			<report>
				<misses>106800001</misses>
				<total>9</total>
				<timestamp>6756.018563</timestamp>
			</report>
			<report>
				<misses>106900001</misses>
				<total>9</total>
				<timestamp>6762.346048</timestamp>
			</report>
			<report>
				<misses>107000001</misses>
				<total>9</total>
				<timestamp>6768.674229</timestamp>
			</report>
			<report>
				<misses>107100001</misses>
				<total>9</total>
				<timestamp>6774.999759</timestamp>
			</report>
			<report>
				<misses>107200001</misses>
				<total>9</total>
				<timestamp>6781.322532</timestamp>
			</report>
			<report>
				<misses>107300001</misses>
				<total>9</total>
				<timestamp>6787.647383</timestamp>
			</report>
			<report>
				<misses>107400001</misses>
				<total>9</total>
				<timestamp>6793.968344</timestamp>
			</report>
			<report>
				<misses>107500001</misses>
				<total>9</total>
				<timestamp>6800.289772</timestamp>
			</report>
			<report>
				<misses>107600001</misses>
				<total>9</total>
				<timestamp>6806.613910</timestamp>
			</report>
			<report>
				<misses>107700001</misses>
				<total>9</total>
				<timestamp>6812.932917</timestamp>
			</report>
			<report>
				<misses>107800001</misses>
				<total>9</total>
				<timestamp>6819.254028</timestamp>
			</report>
			<report>
				<misses>107900001</misses>
				<total>9</total>
				<timestamp>6825.573368</timestamp>
			</report>
			<report>
				<misses>108000001</misses>
				<total>9</total>
				<timestamp>6831.891583</timestamp>
			</report>
			<report>
				<misses>108100001</misses>
				<total>9</total>
				<timestamp>6838.209072</timestamp>
			</report>
			<report>
				<misses>108200001</misses>
				<total>9</total>
				<timestamp>6844.527481</timestamp>
			</report>
			<report>
				<misses>108300001</misses>
				<total>9</total>
				<timestamp>6850.850671</timestamp>
			</report>
			<report>
				<misses>108400001</misses>
				<total>9</total>
				<timestamp>6857.173280</timestamp>
			</report>
			<report>
				<misses>108500001</misses>
				<total>9</total>
				<timestamp>6863.495830</timestamp>
			</report>
			<report>
				<misses>108600001</misses>
				<total>9</total>
				<timestamp>6869.820360</timestamp>
			</report>
			<report>
				<misses>108700001</misses>
				<total>9</total>
				<timestamp>6876.142508</timestamp>
			</report>
			<report>
				<misses>108800001</misses>
				<total>9</total>
				<timestamp>6882.468919</timestamp>
			</report>
			<report>
				<misses>108900001</misses>
				<total>9</total>
				<timestamp>6888.792123</timestamp>
			</report>
			<report>
				<misses>109000001</misses>
				<total>9</total>
				<timestamp>6895.115430</timestamp>
			</report>
			<report>
				<misses>109100001</misses>
				<total>9</total>
				<timestamp>6901.441960</timestamp>
			</report>
			<report>
				<misses>109200001</misses>
				<total>9</total>
				<timestamp>6907.769577</timestamp>
			</report>
			<report>
				<misses>109300001</misses>
				<total>9</total>
				<timestamp>6914.092601</timestamp>
			</report>
			<report>
				<misses>109400001</misses>
				<total>9</total>
				<timestamp>6920.420287</timestamp>
			</report>
			<report>
				<misses>109500001</misses>
				<total>9</total>
				<timestamp>6926.747507</timestamp>
			</report>
			<report>
				<misses>109600001</misses>
				<total>9</total>
				<timestamp>6933.072627</timestamp>
			</report>
			<report>
				<misses>109700001</misses>
				<total>9</total>
				<timestamp>6939.405382</timestamp>
			</report>
			<report>
				<misses>109800001</misses>
				<total>9</total>
				<timestamp>6945.720616</timestamp>
			</report>
			<report>
				<misses>109900001</misses>
				<total>9</total>
				<timestamp>6952.046783</timestamp>
			</report>
			<report>
				<misses>110000001</misses>
				<total>9</total>
				<timestamp>6958.373328</timestamp>
			</report>
			<report>
				<misses>110100001</misses>
				<total>9</total>
				<timestamp>6964.695645</timestamp>
			</report>
			<report>
				<misses>110200001</misses>
				<total>9</total>
				<timestamp>6971.032674</timestamp>
			</report>
			<report>
				<misses>110300001</misses>
				<total>9</total>
				<timestamp>6977.355519</timestamp>
			</report>
			<report>
				<misses>110400001</misses>
				<total>9</total>
				<timestamp>6983.677822</timestamp>
			</report>
			<report>
				<misses>110500001</misses>
				<total>9</total>
				<timestamp>6989.997742</timestamp>
			</report>
			<report>
				<misses>110600001</misses>
				<total>9</total>
				<timestamp>6996.320259</timestamp>
			</report>
			<report>
				<misses>110700001</misses>
				<total>9</total>
				<timestamp>7002.641376</timestamp>
			</report>
			<report>
				<misses>110800001</misses>
				<total>9</total>
				<timestamp>7008.968525</timestamp>
			</report>
			<report>
				<misses>110900001</misses>
				<total>9</total>
				<timestamp>7015.295875</timestamp>
			</report>
			<report>
				<misses>111000001</misses>
				<total>9</total>
				<timestamp>7021.621163</timestamp>
			</report>
			<report>
				<misses>111100001</misses>
				<total>9</total>
				<timestamp>7027.942401</timestamp>
			</report>
			<report>
				<misses>111200001</misses>
				<total>9</total>
				<timestamp>7034.261743</timestamp>
			</report>
			<report>
				<misses>111300001</misses>
				<total>9</total>
				<timestamp>7040.590687</timestamp>
			</report>
			<report>
				<misses>111400001</misses>
				<total>9</total>
				<timestamp>7046.912253</timestamp>
			</report>
			<report>
				<misses>111500001</misses>
				<total>9</total>
				<timestamp>7053.236228</timestamp>
			</report>
			<report>
				<misses>111600001</misses>
				<total>9</total>
				<timestamp>7059.561738</timestamp>
			</report>
			<report>
				<misses>111700001</misses>
				<total>9</total>
				<timestamp>7065.883423</timestamp>
			</report>
			<report>
				<misses>111800001</misses>
				<total>9</total>
				<timestamp>7072.218813</timestamp>
			</report>
			<report>
				<misses>111900001</misses>
				<total>9</total>
				<timestamp>7078.541931</timestamp>
			</report>
			<report>
				<misses>112000001</misses>
				<total>9</total>
				<timestamp>7084.856143</timestamp>
			</report>
			<report>
				<misses>112100001</misses>
				<total>9</total>
				<timestamp>7091.182660</timestamp>
			</report>
			<report>
				<misses>112200001</misses>
				<total>9</total>
				<timestamp>7097.503911</timestamp>
			</report>
			<report>
				<misses>112300001</misses>
				<total>9</total>
				<timestamp>7103.827264</timestamp>
			</report>
			<report>
				<misses>112400001</misses>
				<total>9</total>
				<timestamp>7110.172364</timestamp>
			</report>
			<report>
				<misses>112500001</misses>
				<total>9</total>
				<timestamp>7116.500585</timestamp>
			</report>
			<report>
				<misses>112600001</misses>
				<total>9</total>
				<timestamp>7122.819650</timestamp>
			</report>
			<report>
				<misses>112700001</misses>
				<total>9</total>
				<timestamp>7129.144059</timestamp>
			</report>
			<report>
				<misses>112800001</misses>
				<total>9</total>
				<timestamp>7135.466916</timestamp>
			</report>
			<report>
				<misses>112900001</misses>
				<total>9</total>
				<timestamp>7141.793812</timestamp>
			</report>
			<report>
				<misses>113000001</misses>
				<total>9</total>
				<timestamp>7148.120629</timestamp>
			</report>
			<report>
				<misses>113100001</misses>
				<total>9</total>
				<timestamp>7154.446822</timestamp>
			</report>
			<report>
				<misses>113200001</misses>
				<total>9</total>
				<timestamp>7160.769770</timestamp>
			</report>
			<report>
				<misses>113300001</misses>
				<total>9</total>
				<timestamp>7167.096895</timestamp>
			</report>
			<report>
				<misses>113400001</misses>
				<total>9</total>
				<timestamp>7173.431118</timestamp>
			</report>
			<report>
				<misses>113500001</misses>
				<total>9</total>
				<timestamp>7179.747784</timestamp>
			</report>
			<report>
				<misses>113600001</misses>
				<total>9</total>
				<timestamp>7186.068894</timestamp>
			</report>
			<report>
				<misses>113700001</misses>
				<total>9</total>
				<timestamp>7192.388606</timestamp>
			</report>
			<report>
				<misses>113800001</misses>
				<total>9</total>
				<timestamp>7198.707191</timestamp>
			</report>
		</query>
	</custom>
	<ethtool_statistic>
		<rx_packets>
			<start>2947571558</start>
			<end>3854582628</end>
		</rx_packets>
		<tx_packets>
			<start>3963912168</start>
			<end>4874464840</end>
		</tx_packets>
		<rx_dropped>
			<start>0</start>
			<end>0</end>
		</rx_dropped>
		<tx_dropped>
			<start>0</start>
			<end>0</end>
		</tx_dropped>
		<collisions>
			<start>0</start>
			<end>0</end>
		</collisions>
		<port_tx_errors>
			<start>0</start>
			<end>0</end>
		</port_tx_errors>
		<port_rx_dropped>
			<start>0</start>
			<end>0</end>
		</port_rx_dropped>
		<port_tx_dropped_link_down>
			<start>0</start>
			<end>0</end>
		</port_tx_dropped_link_down>
	</ethtool_statistic>
	<ip_statistic>
		<mtu>
			<start>9000</start>
			<end>9000</end>
		</mtu>
		<rx_bytes>
			<start>10297777594188</start>
			<end>17698963885998</end>
		</rx_bytes>
		<rx_packets>
			<start>2947571818</start>
			<end>3854582628</end>
		</rx_packets>
		<rx_errors>
			<start>0</start>
			<end>0</end>
		</rx_errors>
		<rx_dropped>
			<start>0</start>
			<end>0</end>
		</rx_dropped>
		<rx_missed>
			<start>0</start>
			<end>0</end>
		</rx_missed>
		<rx_mcast>
			<start>152</start>
			<end>164</end>
		</rx_mcast>
		<tx_bytes>
			<start>14606787491503</start>
			<end>22036875303507</end>
		</tx_bytes>
		<tx_packets>
			<start>3963912168</start>
			<end>4874464840</end>
		</tx_packets>
		<tx_errors>
			<start>0</start>
			<end>0</end>
		</tx_errors>
		<tx_dropped>
			<start>0</start>
			<end>0</end>
		</tx_dropped>
		<tx_carrier>
			<start>0</start>
			<end>0</end>
		</tx_carrier>
		<tx_collisions>
			<start>0</start>
			<end>0</end>
		</tx_collisions>
	</ip_statistic>
	<netstat_statistic>
		<udp_pkg_rec>
			<start>2863432740</start>
			<end>3090246146</end>
		</udp_pkg_rec>
		<udp_pkg_snt>
			<start>5431263048</start>
			<end>5660183992</end>
		</udp_pkg_snt>
		<udp_rec_err>
			<start>0</start>
			<end>0</end>
		</udp_rec_err>
		<udp_rec_buf_err>
			<start>0</start>
			<end>0</end>
		</udp_rec_buf_err>
		<udp_snt_buf_err>
			<start>0</start>
			<end>0</end>
		</udp_snt_buf_err>
	</netstat_statistic>
</test_results>
