<?xml version="1.0"?>
<test_results>
	<status>STATUS_SUCCESS</status>
	<custom>
		<num_loss>514895</num_loss>
		<num_total>2000001</num_total>
		<num_misses>0</num_misses>
		<elapsed_time>299.970199</elapsed_time>
		<query>
			<report>
				<misses>10000</misses>
				<total>7901</total>
			</report>
			<report>
				<misses>20000</misses>
				<total>17900</total>
			</report>
			<report>
				<misses>30000</misses>
				<total>27899</total>
			</report>
			<report>
				<misses>40000</misses>
				<total>33740</total>
			</report>
			<report>
				<misses>50000</misses>
				<total>33740</total>
			</report>
			<report>
				<misses>60000</misses>
				<total>33741</total>
			</report>
			<report>
				<misses>70000</misses>
				<total>33758</total>
			</report>
			<report>
				<misses>80000</misses>
				<total>33758</total>
			</report>
			<report>
				<misses>90000</misses>
				<total>33760</total>
			</report>
			<report>
				<misses>100000</misses>
				<total>33764</total>
			</report>
			<report>
				<misses>110000</misses>
				<total>33770</total>
			</report>
			<report>
				<misses>120000</misses>
				<total>33770</total>
			</report>
			<report>
				<misses>130000</misses>
				<total>33770</total>
			</report>
			<report>
				<misses>140000</misses>
				<total>33772</total>
			</report>
			<report>
				<misses>150000</misses>
				<total>33780</total>
			</report>
			<report>
				<misses>160000</misses>
				<total>33780</total>
			</report>
			<report>
				<misses>170000</misses>
				<total>33781</total>
			</report>
			<report>
				<misses>180000</misses>
				<total>33784</total>
			</report>
			<report>
				<misses>190000</misses>
				<total>33785</total>
			</report>
			<report>
				<misses>200000</misses>
				<total>33785</total>
			</report>
			<report>
				<misses>210000</misses>
				<total>33786</total>
			</report>
			<report>
				<misses>220000</misses>
				<total>33787</total>
			</report>
			<report>
				<misses>230000</misses>
				<total>33789</total>
			</report>
			<report>
				<misses>240000</misses>
				<total>33789</total>
			</report>
			<report>
				<misses>250000</misses>
				<total>33790</total>
			</report>
			<report>
				<misses>260000</misses>
				<total>33801</total>
			</report>
			<report>
				<misses>270000</misses>
				<total>33801</total>
			</report>
			<report>
				<misses>280000</misses>
				<total>33802</total>
			</report>
			<report>
				<misses>290000</misses>
				<total>33820</total>
			</report>
			<report>
				<misses>300000</misses>
				<total>33820</total>
			</report>
			<report>
				<misses>310000</misses>
				<total>33820</total>
			</report>
			<report>
				<misses>320000</misses>
				<total>33821</total>
			</report>
			<report>
				<misses>330000</misses>
				<total>33822</total>
			</report>
			<report>
				<misses>340000</misses>
				<total>33829</total>
			</report>
			<report>
				<misses>350000</misses>
				<total>33837</total>
			</report>
			<report>
				<misses>360000</misses>
				<total>33837</total>
			</report>
			<report>
				<misses>370000</misses>
				<total>33839</total>
			</report>
			<report>
				<misses>380000</misses>
				<total>33844</total>
			</report>
			<report>
				<misses>390000</misses>
				<total>33844</total>
			</report>
			<report>
				<misses>400000</misses>
				<total>33852</total>
			</report>
			<report>
				<misses>410000</misses>
				<total>33853</total>
			</report>
			<report>
				<misses>420000</misses>
				<total>33853</total>
			</report>
			<report>
				<misses>430000</misses>
				<total>33857</total>
			</report>
			<report>
				<misses>440000</misses>
				<total>33859</total>
			</report>
			<report>
				<misses>450000</misses>
				<total>33869</total>
			</report>
			<report>
				<misses>460000</misses>
				<total>33869</total>
			</report>
			<report>
				<misses>470000</misses>
				<total>33875</total>
			</report>
			<report>
				<misses>480000</misses>
				<total>33881</total>
			</report>
			<report>
				<misses>490000</misses>
				<total>33882</total>
			</report>
			<report>
				<misses>500000</misses>
				<total>33886</total>
			</report>
			<report>
				<misses>510000</misses>
				<total>33894</total>
			</report>
			<report>
				<misses>520000</misses>
				<total>33901</total>
			</report>
			<report>
				<misses>530000</misses>
				<total>33901</total>
			</report>
			<report>
				<misses>540000</misses>
				<total>33900</total>
			</report>
			<report>
				<misses>550000</misses>
				<total>33904</total>
			</report>
			<report>
				<misses>560000</misses>
				<total>33907</total>
			</report>
			<report>
				<misses>570000</misses>
				<total>33916</total>
			</report>
			<report>
				<misses>580000</misses>
				<total>33921</total>
			</report>
			<report>
				<misses>590000</misses>
				<total>37225</total>
			</report>
			<report>
				<misses>600000</misses>
				<total>47224</total>
			</report>
			<report>
				<misses>610000</misses>
				<total>57223</total>
			</report>
			<report>
				<misses>620000</misses>
				<total>67222</total>
			</report>
			<report>
				<misses>630000</misses>
				<total>77221</total>
			</report>
			<report>
				<misses>640000</misses>
				<total>87220</total>
			</report>
			<report>
				<misses>650000</misses>
				<total>97219</total>
			</report>
			<report>
				<misses>660000</misses>
				<total>107218</total>
			</report>
			<report>
				<misses>670000</misses>
				<total>117217</total>
			</report>
			<report>
				<misses>680000</misses>
				<total>127216</total>
			</report>
			<report>
				<misses>690000</misses>
				<total>137215</total>
			</report>
			<report>
				<misses>700000</misses>
				<total>147214</total>
			</report>
			<report>
				<misses>710000</misses>
				<total>157213</total>
			</report>
			<report>
				<misses>720000</misses>
				<total>167212</total>
			</report>
			<report>
				<misses>730000</misses>
				<total>174317</total>
			</report>
			<report>
				<misses>740000</misses>
				<total>175298</total>
			</report>
			<report>
				<misses>750000</misses>
				<total>182142</total>
			</report>
			<report>
				<misses>760000</misses>
				<total>191514</total>
			</report>
			<report>
				<misses>770000</misses>
				<total>193854</total>
			</report>
			<report>
				<misses>780000</misses>
				<total>193870</total>
			</report>
			<report>
				<misses>790000</misses>
				<total>193870</total>
			</report>
			<report>
				<misses>800000</misses>
				<total>193886</total>
			</report>
			<report>
				<misses>810000</misses>
				<total>193889</total>
			</report>
			<report>
				<misses>820000</misses>
				<total>193889</total>
			</report>
			<report>
				<misses>830000</misses>
				<total>193890</total>
			</report>
			<report>
				<misses>840000</misses>
				<total>193891</total>
			</report>
			<report>
				<misses>850000</misses>
				<total>193899</total>
			</report>
			<report>
				<misses>860000</misses>
				<total>193902</total>
			</report>
			<report>
				<misses>870000</misses>
				<total>193909</total>
			</report>
			<report>
				<misses>880000</misses>
				<total>193910</total>
			</report>
			<report>
				<misses>890000</misses>
				<total>193913</total>
			</report>
			<report>
				<misses>900000</misses>
				<total>193917</total>
			</report>
			<report>
				<misses>910000</misses>
				<total>193917</total>
			</report>
			<report>
				<misses>920000</misses>
				<total>193921</total>
			</report>
			<report>
				<misses>930000</misses>
				<total>193926</total>
			</report>
			<report>
				<misses>940000</misses>
				<total>193926</total>
			</report>
			<report>
				<misses>950000</misses>
				<total>193936</total>
			</report>
			<report>
				<misses>960000</misses>
				<total>193944</total>
			</report>
			<report>
				<misses>970000</misses>
				<total>193948</total>
			</report>
			<report>
				<misses>980000</misses>
				<total>193950</total>
			</report>
			<report>
				<misses>990000</misses>
				<total>193951</total>
			</report>
			<report>
				<misses>1000000</misses>
				<total>193951</total>
			</report>
			<report>
				<misses>1010000</misses>
				<total>193953</total>
			</report>
			<report>
				<misses>1020000</misses>
				<total>193956</total>
			</report>
			<report>
				<misses>1030000</misses>
				<total>193957</total>
			</report>
			<report>
				<misses>1040000</misses>
				<total>193965</total>
			</report>
			<report>
				<misses>1050000</misses>
				<total>193970</total>
			</report>
			<report>
				<misses>1060000</misses>
				<total>193975</total>
			</report>
			<report>
				<misses>1070000</misses>
				<total>193975</total>
			</report>
			<report>
				<misses>1080000</misses>
				<total>193985</total>
			</report>
			<report>
				<misses>1090000</misses>
				<total>193990</total>
			</report>
			<report>
				<misses>1100000</misses>
				<total>193992</total>
			</report>
			<report>
				<misses>1110000</misses>
				<total>193995</total>
			</report>
			<report>
				<misses>1120000</misses>
				<total>193995</total>
			</report>
			<report>
				<misses>1130000</misses>
				<total>193997</total>
			</report>
			<report>
				<misses>1140000</misses>
				<total>193997</total>
			</report>
			<report>
				<misses>1150000</misses>
				<total>193999</total>
			</report>
			<report>
				<misses>1160000</misses>
				<total>194021</total>
			</report>
			<report>
				<misses>1170000</misses>
				<total>194024</total>
			</report>
			<report>
				<misses>1180000</misses>
				<total>194025</total>
			</report>
			<report>
				<misses>1190000</misses>
				<total>194037</total>
			</report>
			<report>
				<misses>1200000</misses>
				<total>194041</total>
			</report>
			<report>
				<misses>1210000</misses>
				<total>194043</total>
			</report>
			<report>
				<misses>1220000</misses>
				<total>194050</total>
			</report>
			<report>
				<misses>1230000</misses>
				<total>194050</total>
			</report>
			<report>
				<misses>1240000</misses>
				<total>194052</total>
			</report>
			<report>
				<misses>1250000</misses>
				<total>194060</total>
			</report>
			<report>
				<misses>1260000</misses>
				<total>194071</total>
			</report>
			<report>
				<misses>1270000</misses>
				<total>194072</total>
			</report>
			<report>
				<misses>1280000</misses>
				<total>194072</total>
			</report>
			<report>
				<misses>1290000</misses>
				<total>194073</total>
			</report>
			<report>
				<misses>1300000</misses>
				<total>194078</total>
			</report>
			<report>
				<misses>1310000</misses>
				<total>194079</total>
			</report>
			<report>
				<misses>1320000</misses>
				<total>194082</total>
			</report>
			<report>
				<misses>1330000</misses>
				<total>194083</total>
			</report>
			<report>
				<misses>1340000</misses>
				<total>194096</total>
			</report>
			<report>
				<misses>1350000</misses>
				<total>194105</total>
			</report>
			<report>
				<misses>1360000</misses>
				<total>194105</total>
			</report>
			<report>
				<misses>1370000</misses>
				<total>194127</total>
			</report>
			<report>
				<misses>1380000</misses>
				<total>194133</total>
			</report>
			<report>
				<misses>1390000</misses>
				<total>194138</total>
			</report>
			<report>
				<misses>1400000</misses>
				<total>194140</total>
			</report>
			<report>
				<misses>1410000</misses>
				<total>194142</total>
			</report>
			<report>
				<misses>1420000</misses>
				<total>198305</total>
			</report>
			<report>
				<misses>1430000</misses>
				<total>208304</total>
			</report>
			<report>
				<misses>1440000</misses>
				<total>218303</total>
			</report>
			<report>
				<misses>1450000</misses>
				<total>228302</total>
			</report>
			<report>
				<misses>1460000</misses>
				<total>238301</total>
			</report>
			<report>
				<misses>1470000</misses>
				<total>248300</total>
			</report>
			<report>
				<misses>1480000</misses>
				<total>258299</total>
			</report>
			<report>
				<misses>1490000</misses>
				<total>268298</total>
			</report>
			<report>
				<misses>1500000</misses>
				<total>278297</total>
			</report>
			<report>
				<misses>1510000</misses>
				<total>288296</total>
			</report>
			<report>
				<misses>1520000</misses>
				<total>298295</total>
			</report>
			<report>
				<misses>1530000</misses>
				<total>308294</total>
			</report>
			<report>
				<misses>1540000</misses>
				<total>318293</total>
			</report>
			<report>
				<misses>1550000</misses>
				<total>325697</total>
			</report>
			<report>
				<misses>1560000</misses>
				<total>325699</total>
			</report>
			<report>
				<misses>1570000</misses>
				<total>325699</total>
			</report>
			<report>
				<misses>1580000</misses>
				<total>325700</total>
			</report>
			<report>
				<misses>1590000</misses>
				<total>325700</total>
			</report>
			<report>
				<misses>1600000</misses>
				<total>325701</total>
			</report>
			<report>
				<misses>1610000</misses>
				<total>325708</total>
			</report>
			<report>
				<misses>1620000</misses>
				<total>325713</total>
			</report>
			<report>
				<misses>1630000</misses>
				<total>325717</total>
			</report>
			<report>
				<misses>1640000</misses>
				<total>325729</total>
			</report>
			<report>
				<misses>1650000</misses>
				<total>325732</total>
			</report>
			<report>
				<misses>1660000</misses>
				<total>325736</total>
			</report>
			<report>
				<misses>1670000</misses>
				<total>325736</total>
			</report>
			<report>
				<misses>1680000</misses>
				<total>325742</total>
			</report>
			<report>
				<misses>1690000</misses>
				<total>325746</total>
			</report>
			<report>
				<misses>1700000</misses>
				<total>325751</total>
			</report>
			<report>
				<misses>1710000</misses>
				<total>325751</total>
			</report>
			<report>
				<misses>1720000</misses>
				<total>332415</total>
			</report>
			<report>
				<misses>1730000</misses>
				<total>342414</total>
			</report>
			<report>
				<misses>1740000</misses>
				<total>352413</total>
			</report>
			<report>
				<misses>1750000</misses>
				<total>362412</total>
			</report>
			<report>
				<misses>1760000</misses>
				<total>372411</total>
			</report>
			<report>
				<misses>1770000</misses>
				<total>382410</total>
			</report>
			<report>
				<misses>1780000</misses>
				<total>392409</total>
			</report>
			<report>
				<misses>1790000</misses>
				<total>402408</total>
			</report>
			<report>
				<misses>1800000</misses>
				<total>412407</total>
			</report>
			<report>
				<misses>1810000</misses>
				<total>422406</total>
			</report>
			<report>
				<misses>1820000</misses>
				<total>432405</total>
			</report>
			<report>
				<misses>1830000</misses>
				<total>442404</total>
			</report>
			<report>
				<misses>1840000</misses>
				<total>442467</total>
			</report>
			<report>
				<misses>1850000</misses>
				<total>442467</total>
			</report>
			<report>
				<misses>1860000</misses>
				<total>442471</total>
			</report>
			<report>
				<misses>1870000</misses>
				<total>442472</total>
			</report>
			<report>
				<misses>1880000</misses>
				<total>442489</total>
			</report>
			<report>
				<misses>1890000</misses>
				<total>442494</total>
			</report>
			<report>
				<misses>1900000</misses>
				<total>442499</total>
			</report>
			<report>
				<misses>1910000</misses>
				<total>442499</total>
			</report>
			<report>
				<misses>1920000</misses>
				<total>442500</total>
			</report>
			<report>
				<misses>1930000</misses>
				<total>444902</total>
			</report>
			<report>
				<misses>1940000</misses>
				<total>454901</total>
			</report>
			<report>
				<misses>1950000</misses>
				<total>464900</total>
			</report>
			<report>
				<misses>1960000</misses>
				<total>474899</total>
			</report>
			<report>
				<misses>1970000</misses>
				<total>484898</total>
			</report>
			<report>
				<misses>1980000</misses>
				<total>494897</total>
			</report>
			<report>
				<misses>1990000</misses>
				<total>504896</total>
			</report>
			<report>
				<misses>2000000</misses>
				<total>514895</total>
			</report>
		</query>
	</custom>
	<ethtool_statistic>
		<rx_packets>
			<start>17240384852</start>
			<end>17254581501</end>
		</rx_packets>
		<tx_packets>
			<start>20295554692</start>
			<end>20320071458</end>
		</tx_packets>
		<rx_dropped>
			<start>267</start>
			<end>267</end>
		</rx_dropped>
		<tx_dropped>
			<start>0</start>
			<end>0</end>
		</tx_dropped>
		<collisions>
			<start>0</start>
			<end>0</end>
		</collisions>
		<port_tx_errors>
			<start>0</start>
			<end>0</end>
		</port_tx_errors>
		<port_rx_dropped>
			<start>0</start>
			<end>0</end>
		</port_rx_dropped>
		<port_tx_dropped_link_down>
			<start>0</start>
			<end>0</end>
		</port_tx_dropped_link_down>
	</ethtool_statistic>
	<ip_statistic>
		<mtu>
			<start>9000</start>
			<end>9000</end>
		</mtu>
		<rx_bytes>
			<start>154977896746808</start>
			<end>155105520772895</end>
		</rx_bytes>
		<rx_packets>
			<start>17240384906</start>
			<end>17254581548</end>
		</rx_packets>
		<rx_errors>
			<start>0</start>
			<end>0</end>
		</rx_errors>
		<rx_dropped>
			<start>273</start>
			<end>273</end>
		</rx_dropped>
		<rx_missed>
			<start>0</start>
			<end>0</end>
		</rx_missed>
		<rx_mcast>
			<start>12422</start>
			<end>12429</end>
		</rx_mcast>
		<tx_bytes>
			<start>138493549109059</start>
			<end>138700673206769</end>
		</tx_bytes>
		<tx_packets>
			<start>20295554746</start>
			<end>20320071519</end>
		</tx_packets>
		<tx_errors>
			<start>0</start>
			<end>0</end>
		</tx_errors>
		<tx_dropped>
			<start>0</start>
			<end>0</end>
		</tx_dropped>
		<tx_carrier>
			<start>0</start>
			<end>0</end>
		</tx_carrier>
		<tx_collisions>
			<start>0</start>
			<end>0</end>
		</tx_collisions>
	</ip_statistic>
	<netstat_statistic>
		<udp_pkg_rec>
			<start>16955640867</start>
			<end>16969176302</end>
		</udp_pkg_rec>
		<udp_pkg_snt>
			<start>16895792725</start>
			<end>16906311559</end>
		</udp_pkg_snt>
		<udp_rec_err>
			<start>286739104</start>
			<end>287400129</end>
		</udp_rec_err>
		<udp_rec_buf_err>
			<start>286739104</start>
			<end>287400129</end>
		</udp_rec_buf_err>
		<udp_snt_buf_err>
			<start>28</start>
			<end>28</end>
		</udp_snt_buf_err>
	</netstat_statistic>
</test_results>
