<?xml version="1.0"?>
<test_results>
	<status>STATUS_SUCCESS</status>
	<custom>
		<num_loss>-1</num_loss>
		<num_total>-1</num_total>
		<num_misses>-1</num_misses>
	</custom>
	<ethtool_statistic>
		<rx_packets>
			<start>287346835</start>
			<end>303273651</end>
		</rx_packets>
		<tx_packets>
			<start>279</start>
			<end>287</end>
		</tx_packets>
		<rx_dropped>
			<start>15273147</start>
			<end>15274414</end>
		</rx_dropped>
		<tx_dropped>
			<start>0</start>
			<end>0</end>
		</tx_dropped>
		<collisions>
			<start>0</start>
			<end>0</end>
		</collisions>
		<port_tx_errors>
			<start>0</start>
			<end>0</end>
		</port_tx_errors>
		<port_rx_dropped>
			<start>0</start>
			<end>0</end>
		</port_rx_dropped>
		<port_tx_dropped_link_down>
			<start>0</start>
			<end>0</end>
		</port_tx_dropped_link_down>
	</ethtool_statistic>
	<ip_statistic>
		<mtu>
			<start>9000</start>
			<end>9000</end>
		</mtu>
		<rx_bytes>
			<start>35056306038</start>
			<end>36999377156</end>
		</rx_bytes>
		<rx_packets>
			<start>287346835</start>
			<end>303273651</end>
		</rx_packets>
		<rx_errors>
			<start>0</start>
			<end>0</end>
		</rx_errors>
		<rx_dropped>
			<start>15273147</start>
			<end>15274414</end>
		</rx_dropped>
		<rx_missed>
			<start>0</start>
			<end>0</end>
		</rx_missed>
		<rx_mcast>
			<start>67</start>
			<end>67</end>
		</rx_mcast>
		<tx_bytes>
			<start>27672</start>
			<end>28044</end>
		</tx_bytes>
		<tx_packets>
			<start>279</start>
			<end>287</end>
		</tx_packets>
		<tx_errors>
			<start>0</start>
			<end>0</end>
		</tx_errors>
		<tx_dropped>
			<start>0</start>
			<end>0</end>
		</tx_dropped>
		<tx_carrier>
			<start>0</start>
			<end>0</end>
		</tx_carrier>
		<tx_collisions>
			<start>0</start>
			<end>0</end>
		</tx_collisions>
	</ip_statistic>
</test_results>
