<?xml version="1.0"?>
<test_results>
	<status>STATUS_SUCCESS</status>
	<custom>
		<num_loss>94</num_loss>
		<num_total>2000001</num_total>
		<num_misses>6</num_misses>
		<elapsed_time>420.001078</elapsed_time>
		<query />
	</custom>
	<ethtool_statistic>
		<rx_packets>
			<start>3881310224</start>
			<end>3914507144</end>
		</rx_packets>
		<tx_packets>
			<start>6411631336</start>
			<end>6470256924</end>
		</tx_packets>
		<rx_dropped>
			<start>0</start>
			<end>0</end>
		</rx_dropped>
		<tx_dropped>
			<start>0</start>
			<end>0</end>
		</tx_dropped>
		<collisions>
			<start>0</start>
			<end>0</end>
		</collisions>
		<port_tx_errors>
			<start>0</start>
			<end>0</end>
		</port_tx_errors>
		<port_rx_dropped>
			<start>0</start>
			<end>0</end>
		</port_rx_dropped>
		<port_tx_dropped_link_down>
			<start>0</start>
			<end>0</end>
		</port_tx_dropped_link_down>
	</ethtool_statistic>
	<ip_statistic>
		<mtu>
			<start>9000</start>
			<end>9000</end>
		</mtu>
		<rx_bytes>
			<start>15866501938383</start>
			<end>16005018629097</end>
		</rx_bytes>
		<rx_packets>
			<start>3881310410</start>
			<end>3914507250</end>
		</rx_packets>
		<rx_errors>
			<start>0</start>
			<end>0</end>
		</rx_errors>
		<rx_dropped>
			<start>0</start>
			<end>0</end>
		</rx_dropped>
		<rx_missed>
			<start>0</start>
			<end>0</end>
		</rx_missed>
		<rx_mcast>
			<start>2266</start>
			<end>2269</end>
		</rx_mcast>
		<tx_bytes>
			<start>18762526180409</start>
			<end>19001126531489</end>
		</tx_bytes>
		<tx_packets>
			<start>6411631803</start>
			<end>6470256965</end>
		</tx_packets>
		<tx_errors>
			<start>0</start>
			<end>0</end>
		</tx_errors>
		<tx_dropped>
			<start>0</start>
			<end>0</end>
		</tx_dropped>
		<tx_carrier>
			<start>0</start>
			<end>0</end>
		</tx_carrier>
		<tx_collisions>
			<start>0</start>
			<end>0</end>
		</tx_collisions>
	</ip_statistic>
	<netstat_statistic>
		<udp_pkg_rec>
			<start>3259938249</start>
			<end>3289079077</end>
		</udp_pkg_rec>
		<udp_pkg_snt>
			<start>6300143417</start>
			<end>6344770506</end>
		</udp_pkg_snt>
		<udp_rec_err>
			<start>622065539</start>
			<end>626123744</end>
		</udp_rec_err>
		<udp_rec_buf_err>
			<start>622065539</start>
			<end>626123744</end>
		</udp_rec_buf_err>
		<udp_snt_buf_err>
			<start>0</start>
			<end>0</end>
		</udp_snt_buf_err>
	</netstat_statistic>
</test_results>
