<?xml version="1.0"?>
<test_results>
	<status>STATUS_SUCCESS</status>
	<custom>
		<num_loss>25808</num_loss>
		<num_total>1000001</num_total>
		<num_misses>13</num_misses>
		<elapsed_time>190.002551</elapsed_time>
	</custom>
	<ethtool_statistic>
		<rx_packets>
			<start>14302720568</start>
			<end>14310619642</end>
		</rx_packets>
		<tx_packets>
			<start>19124380308</start>
			<end>19137828714</end>
		</tx_packets>
		<rx_dropped>
			<start>0</start>
			<end>0</end>
		</rx_dropped>
		<tx_dropped>
			<start>0</start>
			<end>0</end>
		</tx_dropped>
		<collisions>
			<start>0</start>
			<end>0</end>
		</collisions>
		<port_tx_errors>
			<start>-1</start>
			<end>-1</end>
		</port_tx_errors>
		<port_rx_dropped>
			<start>-1</start>
			<end>-1</end>
		</port_rx_dropped>
		<port_tx_dropped_link_down>
			<start>-1</start>
			<end>-1</end>
		</port_tx_dropped_link_down>
	</ethtool_statistic>
	<ip_statistic>
		<mtu>
			<start>9000</start>
			<end>9000</end>
		</mtu>
		<rx_bytes>
			<start>128536014031697</start>
			<end>128607026725615</end>
		</rx_bytes>
		<rx_packets>
			<start>14302720696</start>
			<end>14310619845</end>
		</rx_packets>
		<rx_errors>
			<start>0</start>
			<end>0</end>
		</rx_errors>
		<rx_dropped>
			<start>0</start>
			<end>0</end>
		</rx_dropped>
		<rx_missed>
			<start>1757</start>
			<end>1757</end>
		</rx_missed>
		<rx_mcast>
			<start>9492</start>
			<end>9496</end>
		</rx_mcast>
		<tx_bytes>
			<start>155034076850314</start>
			<end>155148338267537</end>
		</tx_bytes>
		<tx_packets>
			<start>19124380339</start>
			<end>19137828823</end>
		</tx_packets>
		<tx_errors>
			<start>0</start>
			<end>0</end>
		</tx_errors>
		<tx_dropped>
			<start>0</start>
			<end>0</end>
		</tx_dropped>
		<tx_carrier>
			<start>0</start>
			<end>0</end>
		</tx_carrier>
		<tx_collisions>
			<start>0</start>
			<end>0</end>
		</tx_collisions>
	</ip_statistic>
</test_results>
