<?xml version="1.0"?>
<test_results>
	<status>STATUS_SUCCESS</status>
	<custom>
		<num_loss>-1</num_loss>
		<num_total>-1</num_total>
		<num_misses>-1</num_misses>
		<elapsed_time>-1.000000</elapsed_time>
		<query />
	</custom>
	<ethtool_statistic>
		<rx_packets>
			<start>8387416783</start>
			<end>8851224226</end>
		</rx_packets>
		<tx_packets>
			<start>6063565393</start>
			<end>6399347515</end>
		</tx_packets>
		<rx_dropped>
			<start>71</start>
			<end>71</end>
		</rx_dropped>
		<tx_dropped>
			<start>0</start>
			<end>0</end>
		</tx_dropped>
		<collisions>
			<start>0</start>
			<end>0</end>
		</collisions>
		<port_tx_errors>
			<start>0</start>
			<end>0</end>
		</port_tx_errors>
		<port_rx_dropped>
			<start>0</start>
			<end>0</end>
		</port_rx_dropped>
		<port_tx_dropped_link_down>
			<start>126</start>
			<end>126</end>
		</port_tx_dropped_link_down>
	</ethtool_statistic>
	<ip_statistic>
		<mtu>
			<start>9000</start>
			<end>9000</end>
		</mtu>
		<rx_bytes>
			<start>55985842151112</start>
			<end>58027478330497</end>
		</rx_bytes>
		<rx_packets>
			<start>8387416839</start>
			<end>8851224274</end>
		</rx_packets>
		<rx_errors>
			<start>0</start>
			<end>0</end>
		</rx_errors>
		<rx_dropped>
			<start>71</start>
			<end>71</end>
		</rx_dropped>
		<rx_missed>
			<start>0</start>
			<end>0</end>
		</rx_missed>
		<rx_mcast>
			<start>2253</start>
			<end>2400</end>
		</rx_mcast>
		<tx_bytes>
			<start>54510914925731</start>
			<end>57529561553229</end>
		</tx_bytes>
		<tx_packets>
			<start>6063565484</start>
			<end>6399347584</end>
		</tx_packets>
		<tx_errors>
			<start>0</start>
			<end>0</end>
		</tx_errors>
		<tx_dropped>
			<start>0</start>
			<end>0</end>
		</tx_dropped>
		<tx_carrier>
			<start>0</start>
			<end>0</end>
		</tx_carrier>
		<tx_collisions>
			<start>0</start>
			<end>0</end>
		</tx_collisions>
	</ip_statistic>
	<netstat_statistic>
		<udp_pkg_rec>
			<start>6299228846</start>
			<end>6761204547</end>
		</udp_pkg_rec>
		<udp_pkg_snt>
			<start>6063548549</start>
			<end>6399329684</end>
		</udp_pkg_snt>
		<udp_rec_err>
			<start>82192721</start>
			<end>84022961</end>
		</udp_rec_err>
		<udp_rec_buf_err>
			<start>82192721</start>
			<end>84022961</end>
		</udp_rec_buf_err>
		<udp_snt_buf_err>
			<start>0</start>
			<end>0</end>
		</udp_snt_buf_err>
	</netstat_statistic>
</test_results>
