<?xml version="1.0"?>
<test_results>
	<status>STATUS_SUCCESS</status>
	<custom>
		<num_loss>0</num_loss>
		<num_total>9941687</num_total>
		<num_misses>56</num_misses>
	</custom>
	<ethtool_statistic>
		<rx_packets>
			<start>193756991</start>
			<end>193756997</end>
		</rx_packets>
		<tx_packets>
			<start>437038546</start>
			<end>446980237</end>
		</tx_packets>
		<rx_dropped>
			<start>1899</start>
			<end>1899</end>
		</rx_dropped>
		<tx_dropped>
			<start>0</start>
			<end>0</end>
		</tx_dropped>
		<collisions>
			<start>0</start>
			<end>0</end>
		</collisions>
		<port_tx_errors>
			<start>0</start>
			<end>0</end>
		</port_tx_errors>
		<port_rx_dropped>
			<start>0</start>
			<end>0</end>
		</port_rx_dropped>
		<port_tx_dropped_link_down>
			<start>0</start>
			<end>0</end>
		</port_tx_dropped_link_down>
	</ethtool_statistic>
	<ip_statistic>
		<mtu>
			<start>9000</start>
			<end>9000</end>
		</mtu>
		<rx_bytes>
			<start>1421433914851</start>
			<end>1421433915608</end>
		</rx_bytes>
		<rx_packets>
			<start>193756991</start>
			<end>193756997</end>
		</rx_packets>
		<rx_errors>
			<start>0</start>
			<end>0</end>
		</rx_errors>
		<rx_dropped>
			<start>1899</start>
			<end>1899</end>
		</rx_dropped>
		<rx_missed>
			<start>0</start>
			<end>0</end>
		</rx_missed>
		<rx_mcast>
			<start>271</start>
			<end>271</end>
		</rx_mcast>
		<tx_bytes>
			<start>2348369257798</start>
			<end>2349582143784</end>
		</tx_bytes>
		<tx_packets>
			<start>437038546</start>
			<end>446980237</end>
		</tx_packets>
		<tx_errors>
			<start>0</start>
			<end>0</end>
		</tx_errors>
		<tx_dropped>
			<start>0</start>
			<end>0</end>
		</tx_dropped>
		<tx_carrier>
			<start>0</start>
			<end>0</end>
		</tx_carrier>
		<tx_collisions>
			<start>0</start>
			<end>0</end>
		</tx_collisions>
	</ip_statistic>
</test_results>
