<?xml version="1.0"?>
<test_results>
	<status>STATUS_SUCCESS</status>
	<custom>
		<num_loss>51</num_loss>
		<num_total>7500001</num_total>
		<num_misses>9</num_misses>
		<elapsed_time>1274.988909</elapsed_time>
		<query>
			<report>
				<misses>100000</misses>
				<total>0</total>
				<timestamp>16.999937</timestamp>
			</report>
			<report>
				<misses>200000</misses>
				<total>0</total>
				<timestamp>33.999797</timestamp>
			</report>
			<report>
				<misses>300000</misses>
				<total>0</total>
				<timestamp>50.999582</timestamp>
			</report>
			<report>
				<misses>400000</misses>
				<total>1</total>
				<timestamp>67.999435</timestamp>
			</report>
			<report>
				<misses>500000</misses>
				<total>1</total>
				<timestamp>84.999252</timestamp>
			</report>
			<report>
				<misses>600000</misses>
				<total>1</total>
				<timestamp>101.999082</timestamp>
			</report>
			<report>
				<misses>700000</misses>
				<total>1</total>
				<timestamp>118.999074</timestamp>
			</report>
			<report>
				<misses>800000</misses>
				<total>1</total>
				<timestamp>135.998905</timestamp>
			</report>
			<report>
				<misses>900000</misses>
				<total>2</total>
				<timestamp>152.998901</timestamp>
			</report>
			<report>
				<misses>1000000</misses>
				<total>2</total>
				<timestamp>169.998728</timestamp>
			</report>
			<report>
				<misses>1100000</misses>
				<total>2</total>
				<timestamp>186.998574</timestamp>
			</report>
			<report>
				<misses>1200000</misses>
				<total>2</total>
				<timestamp>203.998436</timestamp>
			</report>
			<report>
				<misses>1300000</misses>
				<total>2</total>
				<timestamp>220.998220</timestamp>
			</report>
			<report>
				<misses>1400000</misses>
				<total>2</total>
				<timestamp>237.998071</timestamp>
			</report>
			<report>
				<misses>1500000</misses>
				<total>2</total>
				<timestamp>254.997894</timestamp>
			</report>
			<report>
				<misses>1600000</misses>
				<total>3</total>
				<timestamp>271.997714</timestamp>
			</report>
			<report>
				<misses>1700000</misses>
				<total>3</total>
				<timestamp>288.997558</timestamp>
			</report>
			<report>
				<misses>1800000</misses>
				<total>4</total>
				<timestamp>305.997375</timestamp>
			</report>
			<report>
				<misses>1900000</misses>
				<total>6</total>
				<timestamp>322.997204</timestamp>
			</report>
			<report>
				<misses>2000000</misses>
				<total>6</total>
				<timestamp>339.997026</timestamp>
			</report>
			<report>
				<misses>2100000</misses>
				<total>6</total>
				<timestamp>356.996870</timestamp>
			</report>
			<report>
				<misses>2200000</misses>
				<total>6</total>
				<timestamp>373.996701</timestamp>
			</report>
			<report>
				<misses>2300000</misses>
				<total>9</total>
				<timestamp>390.996705</timestamp>
			</report>
			<report>
				<misses>2400000</misses>
				<total>13</total>
				<timestamp>407.996572</timestamp>
			</report>
			<report>
				<misses>2500000</misses>
				<total>13</total>
				<timestamp>424.996380</timestamp>
			</report>
			<report>
				<misses>2600000</misses>
				<total>13</total>
				<timestamp>441.996191</timestamp>
			</report>
			<report>
				<misses>2700000</misses>
				<total>13</total>
				<timestamp>458.996027</timestamp>
			</report>
			<report>
				<misses>2800000</misses>
				<total>14</total>
				<timestamp>475.995853</timestamp>
			</report>
			<report>
				<misses>2900000</misses>
				<total>14</total>
				<timestamp>492.995684</timestamp>
			</report>
			<report>
				<misses>3000000</misses>
				<total>15</total>
				<timestamp>509.995533</timestamp>
			</report>
			<report>
				<misses>3100000</misses>
				<total>17</total>
				<timestamp>526.995360</timestamp>
			</report>
			<report>
				<misses>3200000</misses>
				<total>17</total>
				<timestamp>543.995194</timestamp>
			</report>
			<report>
				<misses>3300000</misses>
				<total>17</total>
				<timestamp>560.995008</timestamp>
			</report>
			<report>
				<misses>3400000</misses>
				<total>17</total>
				<timestamp>577.994840</timestamp>
			</report>
			<report>
				<misses>3500000</misses>
				<total>19</total>
				<timestamp>594.994668</timestamp>
			</report>
			<report>
				<misses>3600000</misses>
				<total>19</total>
				<timestamp>611.994487</timestamp>
			</report>
			<report>
				<misses>3700000</misses>
				<total>19</total>
				<timestamp>628.994326</timestamp>
			</report>
			<report>
				<misses>3800000</misses>
				<total>20</total>
				<timestamp>645.994154</timestamp>
			</report>
			<report>
				<misses>3900000</misses>
				<total>21</total>
				<timestamp>662.994062</timestamp>
			</report>
			<report>
				<misses>4000000</misses>
				<total>24</total>
				<timestamp>679.993814</timestamp>
			</report>
			<report>
				<misses>4100000</misses>
				<total>24</total>
				<timestamp>696.993658</timestamp>
			</report>
			<report>
				<misses>4200000</misses>
				<total>24</total>
				<timestamp>713.993514</timestamp>
			</report>
			<report>
				<misses>4300000</misses>
				<total>25</total>
				<timestamp>730.993643</timestamp>
			</report>
			<report>
				<misses>4400000</misses>
				<total>25</total>
				<timestamp>747.993470</timestamp>
			</report>
			<report>
				<misses>4500000</misses>
				<total>25</total>
				<timestamp>764.993325</timestamp>
			</report>
			<report>
				<misses>4600000</misses>
				<total>27</total>
				<timestamp>781.993147</timestamp>
			</report>
			<report>
				<misses>4700000</misses>
				<total>27</total>
				<timestamp>798.993026</timestamp>
			</report>
			<report>
				<misses>4800000</misses>
				<total>27</total>
				<timestamp>815.992778</timestamp>
			</report>
			<report>
				<misses>4900000</misses>
				<total>28</total>
				<timestamp>832.992787</timestamp>
			</report>
			<report>
				<misses>5000000</misses>
				<total>28</total>
				<timestamp>849.992616</timestamp>
			</report>
			<report>
				<misses>5100000</misses>
				<total>28</total>
				<timestamp>866.992449</timestamp>
			</report>
			<report>
				<misses>5200000</misses>
				<total>28</total>
				<timestamp>883.992279</timestamp>
			</report>
			<report>
				<misses>5300000</misses>
				<total>29</total>
				<timestamp>900.992281</timestamp>
			</report>
			<report>
				<misses>5400000</misses>
				<total>30</total>
				<timestamp>917.992126</timestamp>
			</report>
			<report>
				<misses>5500000</misses>
				<total>30</total>
				<timestamp>934.991951</timestamp>
			</report>
			<report>
				<misses>5600000</misses>
				<total>30</total>
				<timestamp>951.991802</timestamp>
			</report>
			<report>
				<misses>5700000</misses>
				<total>30</total>
				<timestamp>968.991599</timestamp>
			</report>
			<report>
				<misses>5800000</misses>
				<total>31</total>
				<timestamp>985.991446</timestamp>
			</report>
			<report>
				<misses>5900000</misses>
				<total>31</total>
				<timestamp>1002.991252</timestamp>
			</report>
			<report>
				<misses>6000000</misses>
				<total>32</total>
				<timestamp>1019.991095</timestamp>
			</report>
			<report>
				<misses>6100000</misses>
				<total>32</total>
				<timestamp>1036.990924</timestamp>
			</report>
			<report>
				<misses>6200000</misses>
				<total>35</total>
				<timestamp>1053.990747</timestamp>
			</report>
			<report>
				<misses>6300000</misses>
				<total>35</total>
				<timestamp>1070.990768</timestamp>
			</report>
			<report>
				<misses>6400000</misses>
				<total>36</total>
				<timestamp>1087.990578</timestamp>
			</report>
			<report>
				<misses>6500000</misses>
				<total>36</total>
				<timestamp>1104.990585</timestamp>
			</report>
			<report>
				<misses>6600000</misses>
				<total>38</total>
				<timestamp>1121.990418</timestamp>
			</report>
			<report>
				<misses>6700000</misses>
				<total>42</total>
				<timestamp>1138.990302</timestamp>
			</report>
			<report>
				<misses>6800000</misses>
				<total>43</total>
				<timestamp>1155.990123</timestamp>
			</report>
			<report>
				<misses>6900000</misses>
				<total>44</total>
				<timestamp>1172.989892</timestamp>
			</report>
			<report>
				<misses>7000000</misses>
				<total>44</total>
				<timestamp>1189.989732</timestamp>
			</report>
			<report>
				<misses>7100000</misses>
				<total>49</total>
				<timestamp>1206.989552</timestamp>
			</report>
			<report>
				<misses>7200000</misses>
				<total>49</total>
				<timestamp>1223.989385</timestamp>
			</report>
			<report>
				<misses>7300000</misses>
				<total>49</total>
				<timestamp>1240.989211</timestamp>
			</report>
			<report>
				<misses>7400000</misses>
				<total>50</total>
				<timestamp>1257.989056</timestamp>
			</report>
			<report>
				<misses>7500000</misses>
				<total>51</total>
				<timestamp>1274.988882</timestamp>
			</report>
		</query>
	</custom>
	<ethtool_statistic>
		<rx_packets>
			<start>3052026305</start>
			<end>3111617783</end>
		</rx_packets>
		<tx_packets>
			<start>3337466632</start>
			<end>3380726415</end>
		</tx_packets>
		<rx_dropped>
			<start>0</start>
			<end>0</end>
		</rx_dropped>
		<tx_dropped>
			<start>0</start>
			<end>0</end>
		</tx_dropped>
		<collisions>
			<start>0</start>
			<end>0</end>
		</collisions>
		<port_tx_errors>
			<start>0</start>
			<end>0</end>
		</port_tx_errors>
		<port_rx_dropped>
			<start>0</start>
			<end>0</end>
		</port_rx_dropped>
		<port_tx_dropped_link_down>
			<start>0</start>
			<end>0</end>
		</port_tx_dropped_link_down>
	</ethtool_statistic>
	<ip_statistic>
		<mtu>
			<start>9000</start>
			<end>9000</end>
		</mtu>
		<rx_bytes>
			<start>27436733829437</start>
			<end>27972454839483</end>
		</rx_bytes>
		<rx_packets>
			<start>3052026371</start>
			<end>3111617857</end>
		</rx_packets>
		<rx_errors>
			<start>0</start>
			<end>0</end>
		</rx_errors>
		<rx_dropped>
			<start>0</start>
			<end>0</end>
		</rx_dropped>
		<rx_missed>
			<start>0</start>
			<end>0</end>
		</rx_missed>
		<rx_mcast>
			<start>624</start>
			<end>638</end>
		</rx_mcast>
		<tx_bytes>
			<start>18120476918998</start>
			<end>18509017125996</end>
		</tx_bytes>
		<tx_packets>
			<start>3337466688</start>
			<end>3380726465</end>
		</tx_packets>
		<tx_errors>
			<start>0</start>
			<end>0</end>
		</tx_errors>
		<tx_dropped>
			<start>0</start>
			<end>0</end>
		</tx_dropped>
		<tx_carrier>
			<start>0</start>
			<end>0</end>
		</tx_carrier>
		<tx_collisions>
			<start>0</start>
			<end>0</end>
		</tx_collisions>
	</ip_statistic>
	<netstat_statistic>
		<udp_pkg_rec>
			<start>2879068123</start>
			<end>2936324588</end>
		</udp_pkg_rec>
		<udp_pkg_snt>
			<start>3337758208</start>
			<end>3381027737</end>
		</udp_pkg_snt>
		<udp_rec_err>
			<start>173228445</start>
			<end>175569920</end>
		</udp_rec_err>
		<udp_rec_buf_err>
			<start>173228445</start>
			<end>175569920</end>
		</udp_rec_buf_err>
		<udp_snt_buf_err>
			<start>0</start>
			<end>0</end>
		</udp_snt_buf_err>
	</netstat_statistic>
</test_results>
