<?xml version="1.0"?>
<test_results>
	<status>STATUS_SUCCESS</status>
	<custom>
		<num_loss>0</num_loss>
		<num_total>837091139</num_total>
		<num_misses>2042765921</num_misses>
		<elapsed_time>7199.621727</elapsed_time>
		<query>
			<report>
				<misses>100000</misses>
				<total>0</total>
				<timestamp>0.876980</timestamp>
			</report>
			<report>
				<misses>200000</misses>
				<total>0</total>
				<timestamp>1.698661</timestamp>
			</report>
			<report>
				<misses>300000</misses>
				<total>0</total>
				<timestamp>2.523616</timestamp>
			</report>
			<report>
				<misses>400000</misses>
				<total>0</total>
				<timestamp>3.352873</timestamp>
			</report>
			<report>
				<misses>500000</misses>
				<total>0</total>
				<timestamp>4.174510</timestamp>
			</report>
			<report>
				<misses>600000</misses>
				<total>0</total>
				<timestamp>5.060112</timestamp>
			</report>
			<report>
				<misses>700000</misses>
				<total>0</total>
				<timestamp>5.910505</timestamp>
			</report>
			<report>
				<misses>800000</misses>
				<total>0</total>
				<timestamp>6.770407</timestamp>
			</report>
			<report>
				<misses>900000</misses>
				<total>0</total>
				<timestamp>7.632396</timestamp>
			</report>
			<report>
				<misses>1000000</misses>
				<total>0</total>
				<timestamp>8.536520</timestamp>
			</report>
			<report>
				<misses>1100000</misses>
				<total>0</total>
				<timestamp>9.401415</timestamp>
			</report>
			<report>
				<misses>1200000</misses>
				<total>0</total>
				<timestamp>10.207189</timestamp>
			</report>
			<report>
				<misses>1300000</misses>
				<total>0</total>
				<timestamp>11.023879</timestamp>
			</report>
			<report>
				<misses>1400000</misses>
				<total>0</total>
				<timestamp>11.819179</timestamp>
			</report>
			<report>
				<misses>1500000</misses>
				<total>0</total>
				<timestamp>12.609740</timestamp>
			</report>
			<report>
				<misses>1600000</misses>
				<total>0</total>
				<timestamp>13.409688</timestamp>
			</report>
			<report>
				<misses>1700000</misses>
				<total>0</total>
				<timestamp>14.252514</timestamp>
			</report>
			<report>
				<misses>1800000</misses>
				<total>0</total>
				<timestamp>15.044750</timestamp>
			</report>
			<report>
				<misses>1900000</misses>
				<total>0</total>
				<timestamp>15.865844</timestamp>
			</report>
			<report>
				<misses>2000000</misses>
				<total>0</total>
				<timestamp>16.730448</timestamp>
			</report>
			<report>
				<misses>2100000</misses>
				<total>0</total>
				<timestamp>17.575713</timestamp>
			</report>
			<report>
				<misses>2200000</misses>
				<total>0</total>
				<timestamp>18.462650</timestamp>
			</report>
			<report>
				<misses>2300000</misses>
				<total>0</total>
				<timestamp>19.318549</timestamp>
			</report>
			<report>
				<misses>2400000</misses>
				<total>0</total>
				<timestamp>20.175958</timestamp>
			</report>
			<report>
				<misses>2500000</misses>
				<total>0</total>
				<timestamp>21.074346</timestamp>
			</report>
			<report>
				<misses>2600000</misses>
				<total>0</total>
				<timestamp>21.951493</timestamp>
			</report>
			<report>
				<misses>2700000</misses>
				<total>0</total>
				<timestamp>22.847023</timestamp>
			</report>
			<report>
				<misses>2800000</misses>
				<total>0</total>
				<timestamp>23.668785</timestamp>
			</report>
			<report>
				<misses>2900000</misses>
				<total>0</total>
				<timestamp>24.482886</timestamp>
			</report>
			<report>
				<misses>3000000</misses>
				<total>0</total>
				<timestamp>25.389134</timestamp>
			</report>
			<report>
				<misses>3100000</misses>
				<total>0</total>
				<timestamp>26.233319</timestamp>
			</report>
			<report>
				<misses>3200000</misses>
				<total>0</total>
				<timestamp>27.044421</timestamp>
			</report>
			<report>
				<misses>3300000</misses>
				<total>0</total>
				<timestamp>27.872101</timestamp>
			</report>
			<report>
				<misses>3400000</misses>
				<total>0</total>
				<timestamp>28.708381</timestamp>
			</report>
			<report>
				<misses>3500000</misses>
				<total>0</total>
				<timestamp>29.602001</timestamp>
			</report>
			<report>
				<misses>3600000</misses>
				<total>0</total>
				<timestamp>30.467607</timestamp>
			</report>
			<report>
				<misses>3700000</misses>
				<total>0</total>
				<timestamp>31.263697</timestamp>
			</report>
			<report>
				<misses>3800000</misses>
				<total>0</total>
				<timestamp>32.128354</timestamp>
			</report>
			<report>
				<misses>3900000</misses>
				<total>0</total>
				<timestamp>33.021644</timestamp>
			</report>
			<report>
				<misses>4000000</misses>
				<total>0</total>
				<timestamp>33.853992</timestamp>
			</report>
			<report>
				<misses>4100000</misses>
				<total>0</total>
				<timestamp>34.714415</timestamp>
			</report>
			<report>
				<misses>4200000</misses>
				<total>0</total>
				<timestamp>35.559708</timestamp>
			</report>
			<report>
				<misses>4300000</misses>
				<total>0</total>
				<timestamp>36.419005</timestamp>
			</report>
			<report>
				<misses>4400000</misses>
				<total>0</total>
				<timestamp>37.315287</timestamp>
			</report>
			<report>
				<misses>4500000</misses>
				<total>0</total>
				<timestamp>38.159077</timestamp>
			</report>
			<report>
				<misses>4600000</misses>
				<total>0</total>
				<timestamp>39.045991</timestamp>
			</report>
			<report>
				<misses>4700000</misses>
				<total>0</total>
				<timestamp>39.931837</timestamp>
			</report>
			<report>
				<misses>4800000</misses>
				<total>0</total>
				<timestamp>40.795755</timestamp>
			</report>
			<report>
				<misses>4900000</misses>
				<total>0</total>
				<timestamp>41.676417</timestamp>
			</report>
			<report>
				<misses>5000000</misses>
				<total>0</total>
				<timestamp>42.516426</timestamp>
			</report>
			<report>
				<misses>5100000</misses>
				<total>0</total>
				<timestamp>43.387987</timestamp>
			</report>
			<report>
				<misses>5200000</misses>
				<total>0</total>
				<timestamp>44.304359</timestamp>
			</report>
			<report>
				<misses>5300000</misses>
				<total>0</total>
				<timestamp>45.233367</timestamp>
			</report>
			<report>
				<misses>5400000</misses>
				<total>0</total>
				<timestamp>46.030471</timestamp>
			</report>
			<report>
				<misses>5500000</misses>
				<total>0</total>
				<timestamp>46.832741</timestamp>
			</report>
			<report>
				<misses>5600000</misses>
				<total>0</total>
				<timestamp>47.633546</timestamp>
			</report>
			<report>
				<misses>5700000</misses>
				<total>0</total>
				<timestamp>48.434941</timestamp>
			</report>
			<report>
				<misses>5800000</misses>
				<total>0</total>
				<timestamp>49.223850</timestamp>
			</report>
			<report>
				<misses>5900000</misses>
				<total>0</total>
				<timestamp>50.074400</timestamp>
			</report>
			<report>
				<misses>6000000</misses>
				<total>0</total>
				<timestamp>50.912938</timestamp>
			</report>
			<report>
				<misses>6100000</misses>
				<total>0</total>
				<timestamp>51.775470</timestamp>
			</report>
			<report>
				<misses>6200000</misses>
				<total>0</total>
				<timestamp>52.661564</timestamp>
			</report>
			<report>
				<misses>6300000</misses>
				<total>0</total>
				<timestamp>53.523993</timestamp>
			</report>
			<report>
				<misses>6400000</misses>
				<total>0</total>
				<timestamp>54.391128</timestamp>
			</report>
			<report>
				<misses>6500000</misses>
				<total>0</total>
				<timestamp>55.256507</timestamp>
			</report>
			<report>
				<misses>6600000</misses>
				<total>0</total>
				<timestamp>56.160406</timestamp>
			</report>
			<report>
				<misses>6700000</misses>
				<total>0</total>
				<timestamp>57.037052</timestamp>
			</report>
			<report>
				<misses>6800000</misses>
				<total>0</total>
				<timestamp>57.938554</timestamp>
			</report>
			<report>
				<misses>6900000</misses>
				<total>0</total>
				<timestamp>58.850069</timestamp>
			</report>
			<report>
				<misses>7000000</misses>
				<total>0</total>
				<timestamp>59.768747</timestamp>
			</report>
			<report>
				<misses>7100000</misses>
				<total>0</total>
				<timestamp>60.690507</timestamp>
			</report>
			<report>
				<misses>7200000</misses>
				<total>0</total>
				<timestamp>61.539870</timestamp>
			</report>
			<report>
				<misses>7300000</misses>
				<total>0</total>
				<timestamp>62.436248</timestamp>
			</report>
			<report>
				<misses>7400000</misses>
				<total>0</total>
				<timestamp>63.347345</timestamp>
			</report>
			<report>
				<misses>7500000</misses>
				<total>0</total>
				<timestamp>64.169490</timestamp>
			</report>
			<report>
				<misses>7600000</misses>
				<total>0</total>
				<timestamp>64.991162</timestamp>
			</report>
			<report>
				<misses>7700000</misses>
				<total>0</total>
				<timestamp>65.797998</timestamp>
			</report>
			<report>
				<misses>7800000</misses>
				<total>0</total>
				<timestamp>66.658067</timestamp>
			</report>
			<report>
				<misses>7900000</misses>
				<total>0</total>
				<timestamp>67.500686</timestamp>
			</report>
			<report>
				<misses>8000000</misses>
				<total>0</total>
				<timestamp>68.340180</timestamp>
			</report>
			<report>
				<misses>8100000</misses>
				<total>0</total>
				<timestamp>69.180983</timestamp>
			</report>
			<report>
				<misses>8200000</misses>
				<total>0</total>
				<timestamp>69.970568</timestamp>
			</report>
			<report>
				<misses>8300000</misses>
				<total>0</total>
				<timestamp>70.922553</timestamp>
			</report>
			<report>
				<misses>8400000</misses>
				<total>0</total>
				<timestamp>71.810585</timestamp>
			</report>
			<report>
				<misses>8500000</misses>
				<total>0</total>
				<timestamp>72.702390</timestamp>
			</report>
			<report>
				<misses>8600000</misses>
				<total>0</total>
				<timestamp>73.575716</timestamp>
			</report>
			<report>
				<misses>8700000</misses>
				<total>0</total>
				<timestamp>74.492958</timestamp>
			</report>
			<report>
				<misses>8800000</misses>
				<total>0</total>
				<timestamp>75.328526</timestamp>
			</report>
			<report>
				<misses>8900000</misses>
				<total>0</total>
				<timestamp>76.175732</timestamp>
			</report>
			<report>
				<misses>9000000</misses>
				<total>0</total>
				<timestamp>77.093073</timestamp>
			</report>
			<report>
				<misses>9100000</misses>
				<total>0</total>
				<timestamp>77.945825</timestamp>
			</report>
			<report>
				<misses>9200000</misses>
				<total>0</total>
				<timestamp>78.825802</timestamp>
			</report>
			<report>
				<misses>9300000</misses>
				<total>0</total>
				<timestamp>79.685809</timestamp>
			</report>
			<report>
				<misses>9400000</misses>
				<total>0</total>
				<timestamp>80.500854</timestamp>
			</report>
			<report>
				<misses>9500000</misses>
				<total>0</total>
				<timestamp>81.371248</timestamp>
			</report>
			<report>
				<misses>9600000</misses>
				<total>0</total>
				<timestamp>82.173591</timestamp>
			</report>
			<report>
				<misses>9700000</misses>
				<total>0</total>
				<timestamp>82.975107</timestamp>
			</report>
			<report>
				<misses>9800000</misses>
				<total>0</total>
				<timestamp>83.820920</timestamp>
			</report>
			<report>
				<misses>9900000</misses>
				<total>0</total>
				<timestamp>84.619993</timestamp>
			</report>
			<report>
				<misses>10000000</misses>
				<total>0</total>
				<timestamp>85.498276</timestamp>
			</report>
			<report>
				<misses>10100000</misses>
				<total>0</total>
				<timestamp>86.322689</timestamp>
			</report>
			<report>
				<misses>10200000</misses>
				<total>0</total>
				<timestamp>87.206278</timestamp>
			</report>
			<report>
				<misses>10300000</misses>
				<total>0</total>
				<timestamp>88.016244</timestamp>
			</report>
			<report>
				<misses>10400000</misses>
				<total>0</total>
				<timestamp>88.864244</timestamp>
			</report>
			<report>
				<misses>10500000</misses>
				<total>0</total>
				<timestamp>89.773248</timestamp>
			</report>
			<report>
				<misses>10600000</misses>
				<total>0</total>
				<timestamp>90.670372</timestamp>
			</report>
			<report>
				<misses>10700000</misses>
				<total>0</total>
				<timestamp>91.544466</timestamp>
			</report>
			<report>
				<misses>10800000</misses>
				<total>0</total>
				<timestamp>92.401637</timestamp>
			</report>
			<report>
				<misses>10900000</misses>
				<total>0</total>
				<timestamp>93.287877</timestamp>
			</report>
			<report>
				<misses>11000000</misses>
				<total>0</total>
				<timestamp>94.120937</timestamp>
			</report>
			<report>
				<misses>11100000</misses>
				<total>0</total>
				<timestamp>95.026577</timestamp>
			</report>
			<report>
				<misses>11200000</misses>
				<total>0</total>
				<timestamp>95.907864</timestamp>
			</report>
			<report>
				<misses>11300000</misses>
				<total>0</total>
				<timestamp>96.806621</timestamp>
			</report>
			<report>
				<misses>11400000</misses>
				<total>0</total>
				<timestamp>97.671783</timestamp>
			</report>
			<report>
				<misses>11500000</misses>
				<total>0</total>
				<timestamp>98.521741</timestamp>
			</report>
			<report>
				<misses>11600000</misses>
				<total>0</total>
				<timestamp>99.358496</timestamp>
			</report>
			<report>
				<misses>11700000</misses>
				<total>0</total>
				<timestamp>100.170108</timestamp>
			</report>
			<report>
				<misses>11800000</misses>
				<total>0</total>
				<timestamp>100.957133</timestamp>
			</report>
			<report>
				<misses>11900000</misses>
				<total>0</total>
				<timestamp>101.824475</timestamp>
			</report>
			<report>
				<misses>12000000</misses>
				<total>0</total>
				<timestamp>102.629341</timestamp>
			</report>
			<report>
				<misses>12100000</misses>
				<total>0</total>
				<timestamp>103.457659</timestamp>
			</report>
			<report>
				<misses>12200000</misses>
				<total>0</total>
				<timestamp>104.365309</timestamp>
			</report>
			<report>
				<misses>12300000</misses>
				<total>0</total>
				<timestamp>105.225458</timestamp>
			</report>
			<report>
				<misses>12400000</misses>
				<total>0</total>
				<timestamp>106.038888</timestamp>
			</report>
			<report>
				<misses>12500000</misses>
				<total>0</total>
				<timestamp>106.915306</timestamp>
			</report>
			<report>
				<misses>12600000</misses>
				<total>0</total>
				<timestamp>107.782195</timestamp>
			</report>
			<report>
				<misses>12700000</misses>
				<total>0</total>
				<timestamp>108.635556</timestamp>
			</report>
			<report>
				<misses>12800000</misses>
				<total>0</total>
				<timestamp>109.490451</timestamp>
			</report>
			<report>
				<misses>12900000</misses>
				<total>0</total>
				<timestamp>110.353114</timestamp>
			</report>
			<report>
				<misses>13000000</misses>
				<total>0</total>
				<timestamp>111.186817</timestamp>
			</report>
			<report>
				<misses>13100000</misses>
				<total>0</total>
				<timestamp>112.044949</timestamp>
			</report>
			<report>
				<misses>13200000</misses>
				<total>0</total>
				<timestamp>112.939633</timestamp>
			</report>
			<report>
				<misses>13300000</misses>
				<total>0</total>
				<timestamp>113.823592</timestamp>
			</report>
			<report>
				<misses>13400000</misses>
				<total>0</total>
				<timestamp>114.632336</timestamp>
			</report>
			<report>
				<misses>13500000</misses>
				<total>0</total>
				<timestamp>115.517580</timestamp>
			</report>
			<report>
				<misses>13600000</misses>
				<total>0</total>
				<timestamp>116.358293</timestamp>
			</report>
			<report>
				<misses>13700000</misses>
				<total>0</total>
				<timestamp>117.195360</timestamp>
			</report>
			<report>
				<misses>13800000</misses>
				<total>0</total>
				<timestamp>118.010620</timestamp>
			</report>
			<report>
				<misses>13900000</misses>
				<total>0</total>
				<timestamp>118.821536</timestamp>
			</report>
			<report>
				<misses>14000000</misses>
				<total>0</total>
				<timestamp>119.636383</timestamp>
			</report>
			<report>
				<misses>14100000</misses>
				<total>0</total>
				<timestamp>120.452859</timestamp>
			</report>
			<report>
				<misses>14200000</misses>
				<total>0</total>
				<timestamp>121.282510</timestamp>
			</report>
			<report>
				<misses>14300000</misses>
				<total>0</total>
				<timestamp>122.116131</timestamp>
			</report>
			<report>
				<misses>14400000</misses>
				<total>0</total>
				<timestamp>122.987579</timestamp>
			</report>
			<report>
				<misses>14500000</misses>
				<total>0</total>
				<timestamp>123.813319</timestamp>
			</report>
			<report>
				<misses>14600000</misses>
				<total>0</total>
				<timestamp>124.684000</timestamp>
			</report>
			<report>
				<misses>14700000</misses>
				<total>0</total>
				<timestamp>125.516489</timestamp>
			</report>
			<report>
				<misses>14800000</misses>
				<total>0</total>
				<timestamp>126.364647</timestamp>
			</report>
			<report>
				<misses>14900000</misses>
				<total>0</total>
				<timestamp>127.274057</timestamp>
			</report>
			<report>
				<misses>15000000</misses>
				<total>0</total>
				<timestamp>128.176799</timestamp>
			</report>
			<report>
				<misses>15100000</misses>
				<total>0</total>
				<timestamp>129.060145</timestamp>
			</report>
			<report>
				<misses>15200000</misses>
				<total>0</total>
				<timestamp>129.938220</timestamp>
			</report>
			<report>
				<misses>15300000</misses>
				<total>0</total>
				<timestamp>130.762260</timestamp>
			</report>
			<report>
				<misses>15400000</misses>
				<total>0</total>
				<timestamp>131.666298</timestamp>
			</report>
			<report>
				<misses>15500000</misses>
				<total>0</total>
				<timestamp>132.585748</timestamp>
			</report>
			<report>
				<misses>15600000</misses>
				<total>0</total>
				<timestamp>133.463761</timestamp>
			</report>
			<report>
				<misses>15700000</misses>
				<total>0</total>
				<timestamp>134.340108</timestamp>
			</report>
			<report>
				<misses>15800000</misses>
				<total>0</total>
				<timestamp>135.171462</timestamp>
			</report>
			<report>
				<misses>15900000</misses>
				<total>0</total>
				<timestamp>136.021825</timestamp>
			</report>
			<report>
				<misses>16000000</misses>
				<total>0</total>
				<timestamp>136.910392</timestamp>
			</report>
			<report>
				<misses>16100000</misses>
				<total>0</total>
				<timestamp>137.779823</timestamp>
			</report>
			<report>
				<misses>16200000</misses>
				<total>0</total>
				<timestamp>138.635554</timestamp>
			</report>
			<report>
				<misses>16300000</misses>
				<total>0</total>
				<timestamp>139.522990</timestamp>
			</report>
			<report>
				<misses>16400000</misses>
				<total>0</total>
				<timestamp>140.393437</timestamp>
			</report>
			<report>
				<misses>16500000</misses>
				<total>0</total>
				<timestamp>141.181153</timestamp>
			</report>
			<report>
				<misses>16600000</misses>
				<total>0</total>
				<timestamp>141.982433</timestamp>
			</report>
			<report>
				<misses>16700000</misses>
				<total>0</total>
				<timestamp>142.778587</timestamp>
			</report>
			<report>
				<misses>16800000</misses>
				<total>0</total>
				<timestamp>143.641892</timestamp>
			</report>
			<report>
				<misses>16900000</misses>
				<total>0</total>
				<timestamp>144.485304</timestamp>
			</report>
			<report>
				<misses>17000000</misses>
				<total>0</total>
				<timestamp>145.295356</timestamp>
			</report>
			<report>
				<misses>17100000</misses>
				<total>0</total>
				<timestamp>146.113898</timestamp>
			</report>
			<report>
				<misses>17200000</misses>
				<total>0</total>
				<timestamp>146.933475</timestamp>
			</report>
			<report>
				<misses>17300000</misses>
				<total>0</total>
				<timestamp>147.751389</timestamp>
			</report>
			<report>
				<misses>17400000</misses>
				<total>0</total>
				<timestamp>148.559758</timestamp>
			</report>
			<report>
				<misses>17500000</misses>
				<total>0</total>
				<timestamp>149.401470</timestamp>
			</report>
			<report>
				<misses>17600000</misses>
				<total>0</total>
				<timestamp>150.257660</timestamp>
			</report>
			<report>
				<misses>17700000</misses>
				<total>0</total>
				<timestamp>151.146198</timestamp>
			</report>
			<report>
				<misses>17800000</misses>
				<total>0</total>
				<timestamp>151.993422</timestamp>
			</report>
			<report>
				<misses>17900000</misses>
				<total>0</total>
				<timestamp>152.847878</timestamp>
			</report>
			<report>
				<misses>18000000</misses>
				<total>0</total>
				<timestamp>153.676129</timestamp>
			</report>
			<report>
				<misses>18100000</misses>
				<total>0</total>
				<timestamp>154.583217</timestamp>
			</report>
			<report>
				<misses>18200000</misses>
				<total>0</total>
				<timestamp>155.428284</timestamp>
			</report>
			<report>
				<misses>18300000</misses>
				<total>0</total>
				<timestamp>156.276315</timestamp>
			</report>
			<report>
				<misses>18400000</misses>
				<total>0</total>
				<timestamp>157.175164</timestamp>
			</report>
			<report>
				<misses>18500000</misses>
				<total>0</total>
				<timestamp>158.050354</timestamp>
			</report>
			<report>
				<misses>18600000</misses>
				<total>0</total>
				<timestamp>158.861337</timestamp>
			</report>
			<report>
				<misses>18700000</misses>
				<total>0</total>
				<timestamp>159.685760</timestamp>
			</report>
			<report>
				<misses>18800000</misses>
				<total>0</total>
				<timestamp>160.489398</timestamp>
			</report>
			<report>
				<misses>18900000</misses>
				<total>0</total>
				<timestamp>161.289628</timestamp>
			</report>
			<report>
				<misses>19000000</misses>
				<total>0</total>
				<timestamp>162.205879</timestamp>
			</report>
			<report>
				<misses>19100000</misses>
				<total>0</total>
				<timestamp>163.022993</timestamp>
			</report>
			<report>
				<misses>19200000</misses>
				<total>0</total>
				<timestamp>163.871060</timestamp>
			</report>
			<report>
				<misses>19300000</misses>
				<total>0</total>
				<timestamp>164.697241</timestamp>
			</report>
			<report>
				<misses>19400000</misses>
				<total>0</total>
				<timestamp>165.524889</timestamp>
			</report>
			<report>
				<misses>19500000</misses>
				<total>0</total>
				<timestamp>166.368415</timestamp>
			</report>
			<report>
				<misses>19600000</misses>
				<total>0</total>
				<timestamp>167.236884</timestamp>
			</report>
			<report>
				<misses>19700000</misses>
				<total>0</total>
				<timestamp>168.129483</timestamp>
			</report>
			<report>
				<misses>19800000</misses>
				<total>0</total>
				<timestamp>169.047684</timestamp>
			</report>
			<report>
				<misses>19900000</misses>
				<total>0</total>
				<timestamp>169.924926</timestamp>
			</report>
			<report>
				<misses>20000000</misses>
				<total>0</total>
				<timestamp>170.757751</timestamp>
			</report>
			<report>
				<misses>20100000</misses>
				<total>0</total>
				<timestamp>171.647551</timestamp>
			</report>
			<report>
				<misses>20200000</misses>
				<total>0</total>
				<timestamp>172.523019</timestamp>
			</report>
			<report>
				<misses>20300000</misses>
				<total>0</total>
				<timestamp>173.419841</timestamp>
			</report>
			<report>
				<misses>20400000</misses>
				<total>0</total>
				<timestamp>174.265968</timestamp>
			</report>
			<report>
				<misses>20500000</misses>
				<total>0</total>
				<timestamp>175.089338</timestamp>
			</report>
			<report>
				<misses>20600000</misses>
				<total>0</total>
				<timestamp>175.912410</timestamp>
			</report>
			<report>
				<misses>20700000</misses>
				<total>0</total>
				<timestamp>176.734680</timestamp>
			</report>
			<report>
				<misses>20800000</misses>
				<total>0</total>
				<timestamp>177.539376</timestamp>
			</report>
			<report>
				<misses>20900000</misses>
				<total>0</total>
				<timestamp>178.375511</timestamp>
			</report>
			<report>
				<misses>21000000</misses>
				<total>0</total>
				<timestamp>179.230500</timestamp>
			</report>
			<report>
				<misses>21100000</misses>
				<total>0</total>
				<timestamp>180.032674</timestamp>
			</report>
			<report>
				<misses>21200000</misses>
				<total>0</total>
				<timestamp>180.850263</timestamp>
			</report>
			<report>
				<misses>21300000</misses>
				<total>0</total>
				<timestamp>181.636579</timestamp>
			</report>
			<report>
				<misses>21400000</misses>
				<total>0</total>
				<timestamp>182.442362</timestamp>
			</report>
			<report>
				<misses>21500000</misses>
				<total>0</total>
				<timestamp>183.308293</timestamp>
			</report>
			<report>
				<misses>21600000</misses>
				<total>0</total>
				<timestamp>184.158846</timestamp>
			</report>
			<report>
				<misses>21700000</misses>
				<total>0</total>
				<timestamp>185.058304</timestamp>
			</report>
			<report>
				<misses>21800000</misses>
				<total>0</total>
				<timestamp>185.934118</timestamp>
			</report>
			<report>
				<misses>21900000</misses>
				<total>0</total>
				<timestamp>186.809319</timestamp>
			</report>
			<report>
				<misses>22000000</misses>
				<total>0</total>
				<timestamp>187.747436</timestamp>
			</report>
			<report>
				<misses>22100000</misses>
				<total>0</total>
				<timestamp>188.583031</timestamp>
			</report>
			<report>
				<misses>22200000</misses>
				<total>0</total>
				<timestamp>189.484315</timestamp>
			</report>
			<report>
				<misses>22300000</misses>
				<total>0</total>
				<timestamp>190.395501</timestamp>
			</report>
			<report>
				<misses>22400000</misses>
				<total>0</total>
				<timestamp>191.255598</timestamp>
			</report>
			<report>
				<misses>22500000</misses>
				<total>0</total>
				<timestamp>192.108359</timestamp>
			</report>
			<report>
				<misses>22600000</misses>
				<total>0</total>
				<timestamp>192.965784</timestamp>
			</report>
			<report>
				<misses>22700000</misses>
				<total>0</total>
				<timestamp>193.864054</timestamp>
			</report>
			<report>
				<misses>22800000</misses>
				<total>0</total>
				<timestamp>194.713445</timestamp>
			</report>
			<report>
				<misses>22900000</misses>
				<total>0</total>
				<timestamp>195.512162</timestamp>
			</report>
			<report>
				<misses>23000000</misses>
				<total>0</total>
				<timestamp>196.351985</timestamp>
			</report>
			<report>
				<misses>23100000</misses>
				<total>0</total>
				<timestamp>197.223171</timestamp>
			</report>
			<report>
				<misses>23200000</misses>
				<total>0</total>
				<timestamp>198.016199</timestamp>
			</report>
			<report>
				<misses>23300000</misses>
				<total>0</total>
				<timestamp>198.824322</timestamp>
			</report>
			<report>
				<misses>23400000</misses>
				<total>0</total>
				<timestamp>199.670859</timestamp>
			</report>
			<report>
				<misses>23500000</misses>
				<total>0</total>
				<timestamp>200.487236</timestamp>
			</report>
			<report>
				<misses>23600000</misses>
				<total>0</total>
				<timestamp>201.333136</timestamp>
			</report>
			<report>
				<misses>23700000</misses>
				<total>0</total>
				<timestamp>202.263947</timestamp>
			</report>
			<report>
				<misses>23800000</misses>
				<total>0</total>
				<timestamp>203.159747</timestamp>
			</report>
			<report>
				<misses>23900000</misses>
				<total>0</total>
				<timestamp>204.067110</timestamp>
			</report>
			<report>
				<misses>24000000</misses>
				<total>0</total>
				<timestamp>204.921366</timestamp>
			</report>
			<report>
				<misses>24100000</misses>
				<total>0</total>
				<timestamp>205.747954</timestamp>
			</report>
			<report>
				<misses>24200000</misses>
				<total>0</total>
				<timestamp>206.604836</timestamp>
			</report>
			<report>
				<misses>24300000</misses>
				<total>0</total>
				<timestamp>207.422996</timestamp>
			</report>
			<report>
				<misses>24400000</misses>
				<total>0</total>
				<timestamp>208.346091</timestamp>
			</report>
			<report>
				<misses>24500000</misses>
				<total>0</total>
				<timestamp>209.236010</timestamp>
			</report>
			<report>
				<misses>24600000</misses>
				<total>0</total>
				<timestamp>210.091104</timestamp>
			</report>
			<report>
				<misses>24700000</misses>
				<total>0</total>
				<timestamp>210.939822</timestamp>
			</report>
			<report>
				<misses>24800000</misses>
				<total>0</total>
				<timestamp>211.810127</timestamp>
			</report>
			<report>
				<misses>24900000</misses>
				<total>0</total>
				<timestamp>212.630549</timestamp>
			</report>
			<report>
				<misses>25000000</misses>
				<total>0</total>
				<timestamp>213.495267</timestamp>
			</report>
			<report>
				<misses>25100000</misses>
				<total>0</total>
				<timestamp>214.348015</timestamp>
			</report>
			<report>
				<misses>25200000</misses>
				<total>0</total>
				<timestamp>215.212907</timestamp>
			</report>
			<report>
				<misses>25300000</misses>
				<total>0</total>
				<timestamp>216.052707</timestamp>
			</report>
			<report>
				<misses>25400000</misses>
				<total>0</total>
				<timestamp>216.923156</timestamp>
			</report>
			<report>
				<misses>25500000</misses>
				<total>0</total>
				<timestamp>217.806272</timestamp>
			</report>
			<report>
				<misses>25600000</misses>
				<total>0</total>
				<timestamp>218.658316</timestamp>
			</report>
			<report>
				<misses>25700000</misses>
				<total>0</total>
				<timestamp>219.555188</timestamp>
			</report>
			<report>
				<misses>25800000</misses>
				<total>0</total>
				<timestamp>220.488898</timestamp>
			</report>
			<report>
				<misses>25900000</misses>
				<total>0</total>
				<timestamp>221.422666</timestamp>
			</report>
			<report>
				<misses>26000000</misses>
				<total>0</total>
				<timestamp>222.342651</timestamp>
			</report>
			<report>
				<misses>26100000</misses>
				<total>0</total>
				<timestamp>223.226153</timestamp>
			</report>
			<report>
				<misses>26200000</misses>
				<total>0</total>
				<timestamp>224.085912</timestamp>
			</report>
			<report>
				<misses>26300000</misses>
				<total>0</total>
				<timestamp>224.996150</timestamp>
			</report>
			<report>
				<misses>26400000</misses>
				<total>0</total>
				<timestamp>225.903788</timestamp>
			</report>
			<report>
				<misses>26500000</misses>
				<total>0</total>
				<timestamp>226.831147</timestamp>
			</report>
			<report>
				<misses>26600000</misses>
				<total>0</total>
				<timestamp>227.742377</timestamp>
			</report>
			<report>
				<misses>26700000</misses>
				<total>0</total>
				<timestamp>228.648676</timestamp>
			</report>
			<report>
				<misses>26800000</misses>
				<total>0</total>
				<timestamp>229.576043</timestamp>
			</report>
			<report>
				<misses>26900000</misses>
				<total>0</total>
				<timestamp>230.468859</timestamp>
			</report>
			<report>
				<misses>27000000</misses>
				<total>0</total>
				<timestamp>231.385724</timestamp>
			</report>
			<report>
				<misses>27100000</misses>
				<total>0</total>
				<timestamp>232.278383</timestamp>
			</report>
			<report>
				<misses>27200000</misses>
				<total>0</total>
				<timestamp>233.113488</timestamp>
			</report>
			<report>
				<misses>27300000</misses>
				<total>0</total>
				<timestamp>233.916955</timestamp>
			</report>
			<report>
				<misses>27400000</misses>
				<total>0</total>
				<timestamp>234.740040</timestamp>
			</report>
			<report>
				<misses>27500000</misses>
				<total>0</total>
				<timestamp>235.563435</timestamp>
			</report>
			<report>
				<misses>27600000</misses>
				<total>0</total>
				<timestamp>236.469235</timestamp>
			</report>
			<report>
				<misses>27700000</misses>
				<total>0</total>
				<timestamp>237.290848</timestamp>
			</report>
			<report>
				<misses>27800000</misses>
				<total>0</total>
				<timestamp>238.154942</timestamp>
			</report>
			<report>
				<misses>27900000</misses>
				<total>0</total>
				<timestamp>239.019459</timestamp>
			</report>
			<report>
				<misses>28000000</misses>
				<total>0</total>
				<timestamp>239.868275</timestamp>
			</report>
			<report>
				<misses>28100000</misses>
				<total>0</total>
				<timestamp>240.762029</timestamp>
			</report>
			<report>
				<misses>28200000</misses>
				<total>0</total>
				<timestamp>241.645826</timestamp>
			</report>
			<report>
				<misses>28300000</misses>
				<total>0</total>
				<timestamp>242.594229</timestamp>
			</report>
			<report>
				<misses>28400000</misses>
				<total>0</total>
				<timestamp>243.473789</timestamp>
			</report>
			<report>
				<misses>28500000</misses>
				<total>0</total>
				<timestamp>244.344291</timestamp>
			</report>
			<report>
				<misses>28600000</misses>
				<total>0</total>
				<timestamp>245.219714</timestamp>
			</report>
			<report>
				<misses>28700000</misses>
				<total>0</total>
				<timestamp>246.071460</timestamp>
			</report>
			<report>
				<misses>28800000</misses>
				<total>0</total>
				<timestamp>246.985705</timestamp>
			</report>
			<report>
				<misses>28900000</misses>
				<total>0</total>
				<timestamp>247.933089</timestamp>
			</report>
			<report>
				<misses>29000000</misses>
				<total>0</total>
				<timestamp>248.774139</timestamp>
			</report>
			<report>
				<misses>29100000</misses>
				<total>0</total>
				<timestamp>249.677593</timestamp>
			</report>
			<report>
				<misses>29200000</misses>
				<total>0</total>
				<timestamp>250.570945</timestamp>
			</report>
			<report>
				<misses>29300000</misses>
				<total>0</total>
				<timestamp>251.369302</timestamp>
			</report>
			<report>
				<misses>29400000</misses>
				<total>0</total>
				<timestamp>252.210606</timestamp>
			</report>
			<report>
				<misses>29500000</misses>
				<total>0</total>
				<timestamp>253.147857</timestamp>
			</report>
			<report>
				<misses>29600000</misses>
				<total>0</total>
				<timestamp>253.947972</timestamp>
			</report>
			<report>
				<misses>29700000</misses>
				<total>0</total>
				<timestamp>254.767976</timestamp>
			</report>
			<report>
				<misses>29800000</misses>
				<total>0</total>
				<timestamp>255.610749</timestamp>
			</report>
			<report>
				<misses>29900000</misses>
				<total>0</total>
				<timestamp>256.477660</timestamp>
			</report>
			<report>
				<misses>30000000</misses>
				<total>0</total>
				<timestamp>257.263682</timestamp>
			</report>
			<report>
				<misses>30100000</misses>
				<total>0</total>
				<timestamp>258.110542</timestamp>
			</report>
			<report>
				<misses>30200000</misses>
				<total>0</total>
				<timestamp>259.070316</timestamp>
			</report>
			<report>
				<misses>30300000</misses>
				<total>0</total>
				<timestamp>259.954403</timestamp>
			</report>
			<report>
				<misses>30400000</misses>
				<total>0</total>
				<timestamp>260.823573</timestamp>
			</report>
			<report>
				<misses>30500000</misses>
				<total>0</total>
				<timestamp>261.745713</timestamp>
			</report>
			<report>
				<misses>30600000</misses>
				<total>0</total>
				<timestamp>262.654087</timestamp>
			</report>
			<report>
				<misses>30700000</misses>
				<total>0</total>
				<timestamp>263.518947</timestamp>
			</report>
			<report>
				<misses>30800000</misses>
				<total>0</total>
				<timestamp>264.452974</timestamp>
			</report>
			<report>
				<misses>30900000</misses>
				<total>0</total>
				<timestamp>265.292516</timestamp>
			</report>
			<report>
				<misses>31000000</misses>
				<total>0</total>
				<timestamp>266.123547</timestamp>
			</report>
			<report>
				<misses>31100000</misses>
				<total>0</total>
				<timestamp>266.998864</timestamp>
			</report>
			<report>
				<misses>31200000</misses>
				<total>0</total>
				<timestamp>267.861546</timestamp>
			</report>
			<report>
				<misses>31300000</misses>
				<total>0</total>
				<timestamp>268.751172</timestamp>
			</report>
			<report>
				<misses>31400000</misses>
				<total>0</total>
				<timestamp>269.668609</timestamp>
			</report>
			<report>
				<misses>31500000</misses>
				<total>0</total>
				<timestamp>270.625348</timestamp>
			</report>
			<report>
				<misses>31600000</misses>
				<total>0</total>
				<timestamp>271.505219</timestamp>
			</report>
			<report>
				<misses>31700000</misses>
				<total>0</total>
				<timestamp>272.401795</timestamp>
			</report>
			<report>
				<misses>31800000</misses>
				<total>0</total>
				<timestamp>273.309703</timestamp>
			</report>
			<report>
				<misses>31900000</misses>
				<total>0</total>
				<timestamp>274.150313</timestamp>
			</report>
			<report>
				<misses>32000000</misses>
				<total>0</total>
				<timestamp>274.978317</timestamp>
			</report>
			<report>
				<misses>32100000</misses>
				<total>0</total>
				<timestamp>275.844851</timestamp>
			</report>
			<report>
				<misses>32200000</misses>
				<total>0</total>
				<timestamp>276.720690</timestamp>
			</report>
			<report>
				<misses>32300000</misses>
				<total>0</total>
				<timestamp>277.534894</timestamp>
			</report>
			<report>
				<misses>32400000</misses>
				<total>0</total>
				<timestamp>278.424531</timestamp>
			</report>
			<report>
				<misses>32500000</misses>
				<total>0</total>
				<timestamp>279.300500</timestamp>
			</report>
			<report>
				<misses>32600000</misses>
				<total>0</total>
				<timestamp>280.212846</timestamp>
			</report>
			<report>
				<misses>32700000</misses>
				<total>0</total>
				<timestamp>281.125255</timestamp>
			</report>
			<report>
				<misses>32800000</misses>
				<total>0</total>
				<timestamp>281.989213</timestamp>
			</report>
			<report>
				<misses>32900000</misses>
				<total>0</total>
				<timestamp>282.850714</timestamp>
			</report>
			<report>
				<misses>33000000</misses>
				<total>0</total>
				<timestamp>283.677766</timestamp>
			</report>
			<report>
				<misses>33100000</misses>
				<total>0</total>
				<timestamp>284.522046</timestamp>
			</report>
			<report>
				<misses>33200000</misses>
				<total>0</total>
				<timestamp>285.354915</timestamp>
			</report>
			<report>
				<misses>33300000</misses>
				<total>0</total>
				<timestamp>286.235079</timestamp>
			</report>
			<report>
				<misses>33400000</misses>
				<total>0</total>
				<timestamp>287.116512</timestamp>
			</report>
			<report>
				<misses>33500000</misses>
				<total>0</total>
				<timestamp>287.987553</timestamp>
			</report>
			<report>
				<misses>33600000</misses>
				<total>0</total>
				<timestamp>288.844943</timestamp>
			</report>
			<report>
				<misses>33700000</misses>
				<total>0</total>
				<timestamp>289.678700</timestamp>
			</report>
			<report>
				<misses>33800000</misses>
				<total>0</total>
				<timestamp>290.562599</timestamp>
			</report>
			<report>
				<misses>33900000</misses>
				<total>0</total>
				<timestamp>291.419264</timestamp>
			</report>
			<report>
				<misses>34000000</misses>
				<total>0</total>
				<timestamp>292.264232</timestamp>
			</report>
			<report>
				<misses>34100000</misses>
				<total>0</total>
				<timestamp>293.125413</timestamp>
			</report>
			<report>
				<misses>34200000</misses>
				<total>0</total>
				<timestamp>293.989734</timestamp>
			</report>
			<report>
				<misses>34300000</misses>
				<total>0</total>
				<timestamp>294.831664</timestamp>
			</report>
			<report>
				<misses>34400000</misses>
				<total>0</total>
				<timestamp>295.652814</timestamp>
			</report>
			<report>
				<misses>34500000</misses>
				<total>0</total>
				<timestamp>296.453764</timestamp>
			</report>
			<report>
				<misses>34600000</misses>
				<total>0</total>
				<timestamp>297.285651</timestamp>
			</report>
			<report>
				<misses>34700000</misses>
				<total>0</total>
				<timestamp>298.144523</timestamp>
			</report>
			<report>
				<misses>34800000</misses>
				<total>0</total>
				<timestamp>298.974155</timestamp>
			</report>
			<report>
				<misses>34900000</misses>
				<total>0</total>
				<timestamp>299.804102</timestamp>
			</report>
			<report>
				<misses>35000000</misses>
				<total>0</total>
				<timestamp>300.648050</timestamp>
			</report>
			<report>
				<misses>35100000</misses>
				<total>0</total>
				<timestamp>301.500448</timestamp>
			</report>
			<report>
				<misses>35200000</misses>
				<total>0</total>
				<timestamp>302.386154</timestamp>
			</report>
			<report>
				<misses>35300000</misses>
				<total>0</total>
				<timestamp>303.258217</timestamp>
			</report>
			<report>
				<misses>35400000</misses>
				<total>0</total>
				<timestamp>304.149023</timestamp>
			</report>
			<report>
				<misses>35500000</misses>
				<total>0</total>
				<timestamp>305.021411</timestamp>
			</report>
			<report>
				<misses>35600000</misses>
				<total>0</total>
				<timestamp>305.891631</timestamp>
			</report>
			<report>
				<misses>35700000</misses>
				<total>0</total>
				<timestamp>306.741956</timestamp>
			</report>
			<report>
				<misses>35800000</misses>
				<total>0</total>
				<timestamp>307.591077</timestamp>
			</report>
			<report>
				<misses>35900000</misses>
				<total>0</total>
				<timestamp>308.399766</timestamp>
			</report>
			<report>
				<misses>36000000</misses>
				<total>0</total>
				<timestamp>309.271698</timestamp>
			</report>
			<report>
				<misses>36100000</misses>
				<total>0</total>
				<timestamp>310.131330</timestamp>
			</report>
			<report>
				<misses>36200000</misses>
				<total>0</total>
				<timestamp>310.989142</timestamp>
			</report>
			<report>
				<misses>36300000</misses>
				<total>0</total>
				<timestamp>311.758868</timestamp>
			</report>
			<report>
				<misses>36400000</misses>
				<total>0</total>
				<timestamp>312.579317</timestamp>
			</report>
			<report>
				<misses>36500000</misses>
				<total>0</total>
				<timestamp>313.359591</timestamp>
			</report>
			<report>
				<misses>36600000</misses>
				<total>0</total>
				<timestamp>314.184578</timestamp>
			</report>
			<report>
				<misses>36700000</misses>
				<total>0</total>
				<timestamp>315.088904</timestamp>
			</report>
			<report>
				<misses>36800000</misses>
				<total>0</total>
				<timestamp>315.931202</timestamp>
			</report>
			<report>
				<misses>36900000</misses>
				<total>0</total>
				<timestamp>316.799368</timestamp>
			</report>
			<report>
				<misses>37000000</misses>
				<total>0</total>
				<timestamp>317.598877</timestamp>
			</report>
			<report>
				<misses>37100000</misses>
				<total>0</total>
				<timestamp>318.411835</timestamp>
			</report>
			<report>
				<misses>37200000</misses>
				<total>0</total>
				<timestamp>319.199857</timestamp>
			</report>
			<report>
				<misses>37300000</misses>
				<total>0</total>
				<timestamp>320.015745</timestamp>
			</report>
			<report>
				<misses>37400000</misses>
				<total>0</total>
				<timestamp>320.859122</timestamp>
			</report>
			<report>
				<misses>37500000</misses>
				<total>0</total>
				<timestamp>321.726828</timestamp>
			</report>
			<report>
				<misses>37600000</misses>
				<total>0</total>
				<timestamp>322.615552</timestamp>
			</report>
			<report>
				<misses>37700000</misses>
				<total>0</total>
				<timestamp>323.503967</timestamp>
			</report>
			<report>
				<misses>37800000</misses>
				<total>0</total>
				<timestamp>324.379230</timestamp>
			</report>
			<report>
				<misses>37900000</misses>
				<total>0</total>
				<timestamp>325.238864</timestamp>
			</report>
			<report>
				<misses>38000000</misses>
				<total>0</total>
				<timestamp>326.114559</timestamp>
			</report>
			<report>
				<misses>38100000</misses>
				<total>0</total>
				<timestamp>327.016683</timestamp>
			</report>
			<report>
				<misses>38200000</misses>
				<total>0</total>
				<timestamp>327.912424</timestamp>
			</report>
			<report>
				<misses>38300000</misses>
				<total>0</total>
				<timestamp>328.727948</timestamp>
			</report>
			<report>
				<misses>38400000</misses>
				<total>0</total>
				<timestamp>329.577876</timestamp>
			</report>
			<report>
				<misses>38500000</misses>
				<total>0</total>
				<timestamp>330.436806</timestamp>
			</report>
			<report>
				<misses>38600000</misses>
				<total>0</total>
				<timestamp>331.300813</timestamp>
			</report>
			<report>
				<misses>38700000</misses>
				<total>0</total>
				<timestamp>332.184699</timestamp>
			</report>
			<report>
				<misses>38800000</misses>
				<total>0</total>
				<timestamp>333.040177</timestamp>
			</report>
			<report>
				<misses>38900000</misses>
				<total>0</total>
				<timestamp>333.869020</timestamp>
			</report>
			<report>
				<misses>39000000</misses>
				<total>0</total>
				<timestamp>334.674732</timestamp>
			</report>
			<report>
				<misses>39100000</misses>
				<total>0</total>
				<timestamp>335.512966</timestamp>
			</report>
			<report>
				<misses>39200000</misses>
				<total>0</total>
				<timestamp>336.310808</timestamp>
			</report>
			<report>
				<misses>39300000</misses>
				<total>0</total>
				<timestamp>337.131836</timestamp>
			</report>
			<report>
				<misses>39400000</misses>
				<total>0</total>
				<timestamp>337.912929</timestamp>
			</report>
			<report>
				<misses>39500000</misses>
				<total>0</total>
				<timestamp>338.743847</timestamp>
			</report>
			<report>
				<misses>39600000</misses>
				<total>0</total>
				<timestamp>339.593043</timestamp>
			</report>
			<report>
				<misses>39700000</misses>
				<total>0</total>
				<timestamp>340.473593</timestamp>
			</report>
			<report>
				<misses>39800000</misses>
				<total>0</total>
				<timestamp>341.276395</timestamp>
			</report>
			<report>
				<misses>39900000</misses>
				<total>0</total>
				<timestamp>342.146281</timestamp>
			</report>
			<report>
				<misses>40000000</misses>
				<total>0</total>
				<timestamp>342.974808</timestamp>
			</report>
			<report>
				<misses>40100000</misses>
				<total>0</total>
				<timestamp>343.854862</timestamp>
			</report>
			<report>
				<misses>40200000</misses>
				<total>0</total>
				<timestamp>344.700759</timestamp>
			</report>
			<report>
				<misses>40300000</misses>
				<total>0</total>
				<timestamp>345.583583</timestamp>
			</report>
			<report>
				<misses>40400000</misses>
				<total>0</total>
				<timestamp>346.514057</timestamp>
			</report>
			<report>
				<misses>40500000</misses>
				<total>0</total>
				<timestamp>347.380717</timestamp>
			</report>
			<report>
				<misses>40600000</misses>
				<total>0</total>
				<timestamp>348.220292</timestamp>
			</report>
			<report>
				<misses>40700000</misses>
				<total>0</total>
				<timestamp>349.073501</timestamp>
			</report>
			<report>
				<misses>40800000</misses>
				<total>0</total>
				<timestamp>349.913130</timestamp>
			</report>
			<report>
				<misses>40900000</misses>
				<total>0</total>
				<timestamp>350.740315</timestamp>
			</report>
			<report>
				<misses>41000000</misses>
				<total>0</total>
				<timestamp>351.633744</timestamp>
			</report>
			<report>
				<misses>41100000</misses>
				<total>0</total>
				<timestamp>352.476449</timestamp>
			</report>
			<report>
				<misses>41200000</misses>
				<total>0</total>
				<timestamp>353.301180</timestamp>
			</report>
			<report>
				<misses>41300000</misses>
				<total>0</total>
				<timestamp>354.086525</timestamp>
			</report>
			<report>
				<misses>41400000</misses>
				<total>0</total>
				<timestamp>354.880751</timestamp>
			</report>
			<report>
				<misses>41500000</misses>
				<total>0</total>
				<timestamp>355.695775</timestamp>
			</report>
			<report>
				<misses>41600000</misses>
				<total>0</total>
				<timestamp>356.483088</timestamp>
			</report>
			<report>
				<misses>41700000</misses>
				<total>0</total>
				<timestamp>357.282947</timestamp>
			</report>
			<report>
				<misses>41800000</misses>
				<total>0</total>
				<timestamp>358.100704</timestamp>
			</report>
			<report>
				<misses>41900000</misses>
				<total>0</total>
				<timestamp>358.961190</timestamp>
			</report>
			<report>
				<misses>42000000</misses>
				<total>0</total>
				<timestamp>359.823129</timestamp>
			</report>
			<report>
				<misses>42100000</misses>
				<total>0</total>
				<timestamp>360.667250</timestamp>
			</report>
			<report>
				<misses>42200000</misses>
				<total>0</total>
				<timestamp>361.537772</timestamp>
			</report>
			<report>
				<misses>42300000</misses>
				<total>0</total>
				<timestamp>362.394410</timestamp>
			</report>
			<report>
				<misses>42400000</misses>
				<total>0</total>
				<timestamp>363.279342</timestamp>
			</report>
			<report>
				<misses>42500000</misses>
				<total>0</total>
				<timestamp>364.102226</timestamp>
			</report>
			<report>
				<misses>42600000</misses>
				<total>0</total>
				<timestamp>364.949438</timestamp>
			</report>
			<report>
				<misses>42700000</misses>
				<total>0</total>
				<timestamp>365.822263</timestamp>
			</report>
			<report>
				<misses>42800000</misses>
				<total>0</total>
				<timestamp>366.687137</timestamp>
			</report>
			<report>
				<misses>42900000</misses>
				<total>0</total>
				<timestamp>367.562325</timestamp>
			</report>
			<report>
				<misses>43000000</misses>
				<total>0</total>
				<timestamp>368.449787</timestamp>
			</report>
			<report>
				<misses>43100000</misses>
				<total>0</total>
				<timestamp>369.276372</timestamp>
			</report>
			<report>
				<misses>43200000</misses>
				<total>0</total>
				<timestamp>370.161608</timestamp>
			</report>
			<report>
				<misses>43300000</misses>
				<total>0</total>
				<timestamp>371.027774</timestamp>
			</report>
			<report>
				<misses>43400000</misses>
				<total>0</total>
				<timestamp>371.848626</timestamp>
			</report>
			<report>
				<misses>43500000</misses>
				<total>0</total>
				<timestamp>372.698708</timestamp>
			</report>
			<report>
				<misses>43600000</misses>
				<total>0</total>
				<timestamp>373.521797</timestamp>
			</report>
			<report>
				<misses>43700000</misses>
				<total>0</total>
				<timestamp>374.411571</timestamp>
			</report>
			<report>
				<misses>43800000</misses>
				<total>0</total>
				<timestamp>375.343239</timestamp>
			</report>
			<report>
				<misses>43900000</misses>
				<total>0</total>
				<timestamp>376.140263</timestamp>
			</report>
			<report>
				<misses>44000000</misses>
				<total>0</total>
				<timestamp>376.983736</timestamp>
			</report>
			<report>
				<misses>44100000</misses>
				<total>0</total>
				<timestamp>377.875480</timestamp>
			</report>
			<report>
				<misses>44200000</misses>
				<total>0</total>
				<timestamp>378.690838</timestamp>
			</report>
			<report>
				<misses>44300000</misses>
				<total>0</total>
				<timestamp>379.590232</timestamp>
			</report>
			<report>
				<misses>44400000</misses>
				<total>0</total>
				<timestamp>380.419713</timestamp>
			</report>
			<report>
				<misses>44500000</misses>
				<total>0</total>
				<timestamp>381.250679</timestamp>
			</report>
			<report>
				<misses>44600000</misses>
				<total>0</total>
				<timestamp>382.070840</timestamp>
			</report>
			<report>
				<misses>44700000</misses>
				<total>0</total>
				<timestamp>382.932772</timestamp>
			</report>
			<report>
				<misses>44800000</misses>
				<total>0</total>
				<timestamp>383.750380</timestamp>
			</report>
			<report>
				<misses>44900000</misses>
				<total>0</total>
				<timestamp>384.644551</timestamp>
			</report>
			<report>
				<misses>45000000</misses>
				<total>0</total>
				<timestamp>385.422430</timestamp>
			</report>
			<report>
				<misses>45100000</misses>
				<total>0</total>
				<timestamp>386.239726</timestamp>
			</report>
			<report>
				<misses>45200000</misses>
				<total>0</total>
				<timestamp>387.094406</timestamp>
			</report>
			<report>
				<misses>45300000</misses>
				<total>0</total>
				<timestamp>387.966958</timestamp>
			</report>
			<report>
				<misses>45400000</misses>
				<total>0</total>
				<timestamp>388.782397</timestamp>
			</report>
			<report>
				<misses>45500000</misses>
				<total>0</total>
				<timestamp>389.646068</timestamp>
			</report>
			<report>
				<misses>45600000</misses>
				<total>0</total>
				<timestamp>390.512826</timestamp>
			</report>
			<report>
				<misses>45700000</misses>
				<total>0</total>
				<timestamp>391.427365</timestamp>
			</report>
			<report>
				<misses>45800000</misses>
				<total>0</total>
				<timestamp>392.283185</timestamp>
			</report>
			<report>
				<misses>45900000</misses>
				<total>0</total>
				<timestamp>393.151643</timestamp>
			</report>
			<report>
				<misses>46000000</misses>
				<total>0</total>
				<timestamp>394.053565</timestamp>
			</report>
			<report>
				<misses>46100000</misses>
				<total>0</total>
				<timestamp>394.893907</timestamp>
			</report>
			<report>
				<misses>46200000</misses>
				<total>0</total>
				<timestamp>395.796625</timestamp>
			</report>
			<report>
				<misses>46300000</misses>
				<total>0</total>
				<timestamp>396.630227</timestamp>
			</report>
			<report>
				<misses>46400000</misses>
				<total>0</total>
				<timestamp>397.456007</timestamp>
			</report>
			<report>
				<misses>46500000</misses>
				<total>0</total>
				<timestamp>398.309965</timestamp>
			</report>
			<report>
				<misses>46600000</misses>
				<total>0</total>
				<timestamp>399.182377</timestamp>
			</report>
			<report>
				<misses>46700000</misses>
				<total>0</total>
				<timestamp>400.049509</timestamp>
			</report>
			<report>
				<misses>46800000</misses>
				<total>0</total>
				<timestamp>400.921284</timestamp>
			</report>
			<report>
				<misses>46900000</misses>
				<total>0</total>
				<timestamp>401.759352</timestamp>
			</report>
			<report>
				<misses>47000000</misses>
				<total>0</total>
				<timestamp>402.602609</timestamp>
			</report>
			<report>
				<misses>47100000</misses>
				<total>0</total>
				<timestamp>403.447098</timestamp>
			</report>
			<report>
				<misses>47200000</misses>
				<total>0</total>
				<timestamp>404.248268</timestamp>
			</report>
			<report>
				<misses>47300000</misses>
				<total>0</total>
				<timestamp>405.065326</timestamp>
			</report>
			<report>
				<misses>47400000</misses>
				<total>0</total>
				<timestamp>405.858668</timestamp>
			</report>
			<report>
				<misses>47500000</misses>
				<total>0</total>
				<timestamp>406.672177</timestamp>
			</report>
			<report>
				<misses>47600000</misses>
				<total>0</total>
				<timestamp>407.442896</timestamp>
			</report>
			<report>
				<misses>47700000</misses>
				<total>0</total>
				<timestamp>408.205019</timestamp>
			</report>
			<report>
				<misses>47800000</misses>
				<total>0</total>
				<timestamp>409.020596</timestamp>
			</report>
			<report>
				<misses>47900000</misses>
				<total>0</total>
				<timestamp>409.890027</timestamp>
			</report>
			<report>
				<misses>48000000</misses>
				<total>0</total>
				<timestamp>410.731811</timestamp>
			</report>
			<report>
				<misses>48100000</misses>
				<total>0</total>
				<timestamp>411.564926</timestamp>
			</report>
			<report>
				<misses>48200000</misses>
				<total>0</total>
				<timestamp>412.482831</timestamp>
			</report>
			<report>
				<misses>48300000</misses>
				<total>0</total>
				<timestamp>413.342943</timestamp>
			</report>
			<report>
				<misses>48400000</misses>
				<total>0</total>
				<timestamp>414.185803</timestamp>
			</report>
			<report>
				<misses>48500000</misses>
				<total>0</total>
				<timestamp>415.117945</timestamp>
			</report>
			<report>
				<misses>48600000</misses>
				<total>0</total>
				<timestamp>415.979776</timestamp>
			</report>
			<report>
				<misses>48700000</misses>
				<total>0</total>
				<timestamp>416.879082</timestamp>
			</report>
			<report>
				<misses>48800000</misses>
				<total>0</total>
				<timestamp>417.742431</timestamp>
			</report>
			<report>
				<misses>48900000</misses>
				<total>0</total>
				<timestamp>418.549352</timestamp>
			</report>
			<report>
				<misses>49000000</misses>
				<total>0</total>
				<timestamp>419.471610</timestamp>
			</report>
			<report>
				<misses>49100000</misses>
				<total>0</total>
				<timestamp>420.362812</timestamp>
			</report>
			<report>
				<misses>49200000</misses>
				<total>0</total>
				<timestamp>421.205266</timestamp>
			</report>
			<report>
				<misses>49300000</misses>
				<total>0</total>
				<timestamp>422.127912</timestamp>
			</report>
			<report>
				<misses>49400000</misses>
				<total>0</total>
				<timestamp>422.974894</timestamp>
			</report>
			<report>
				<misses>49500000</misses>
				<total>0</total>
				<timestamp>423.765207</timestamp>
			</report>
			<report>
				<misses>49600000</misses>
				<total>0</total>
				<timestamp>424.691265</timestamp>
			</report>
			<report>
				<misses>49700000</misses>
				<total>0</total>
				<timestamp>425.578350</timestamp>
			</report>
			<report>
				<misses>49800000</misses>
				<total>0</total>
				<timestamp>426.417634</timestamp>
			</report>
			<report>
				<misses>49900000</misses>
				<total>0</total>
				<timestamp>427.271684</timestamp>
			</report>
			<report>
				<misses>50000000</misses>
				<total>0</total>
				<timestamp>428.070424</timestamp>
			</report>
			<report>
				<misses>50100000</misses>
				<total>0</total>
				<timestamp>428.885406</timestamp>
			</report>
			<report>
				<misses>50200000</misses>
				<total>0</total>
				<timestamp>429.722558</timestamp>
			</report>
			<report>
				<misses>50300000</misses>
				<total>0</total>
				<timestamp>430.559891</timestamp>
			</report>
			<report>
				<misses>50400000</misses>
				<total>0</total>
				<timestamp>431.471469</timestamp>
			</report>
			<report>
				<misses>50500000</misses>
				<total>0</total>
				<timestamp>432.333168</timestamp>
			</report>
			<report>
				<misses>50600000</misses>
				<total>0</total>
				<timestamp>433.244525</timestamp>
			</report>
			<report>
				<misses>50700000</misses>
				<total>0</total>
				<timestamp>434.128223</timestamp>
			</report>
			<report>
				<misses>50800000</misses>
				<total>0</total>
				<timestamp>435.018522</timestamp>
			</report>
			<report>
				<misses>50900000</misses>
				<total>0</total>
				<timestamp>435.935869</timestamp>
			</report>
			<report>
				<misses>51000000</misses>
				<total>0</total>
				<timestamp>436.815589</timestamp>
			</report>
			<report>
				<misses>51100000</misses>
				<total>0</total>
				<timestamp>437.675318</timestamp>
			</report>
			<report>
				<misses>51200000</misses>
				<total>0</total>
				<timestamp>438.575157</timestamp>
			</report>
			<report>
				<misses>51300000</misses>
				<total>0</total>
				<timestamp>439.480438</timestamp>
			</report>
			<report>
				<misses>51400000</misses>
				<total>0</total>
				<timestamp>440.306022</timestamp>
			</report>
			<report>
				<misses>51500000</misses>
				<total>0</total>
				<timestamp>441.152572</timestamp>
			</report>
			<report>
				<misses>51600000</misses>
				<total>0</total>
				<timestamp>441.933043</timestamp>
			</report>
			<report>
				<misses>51700000</misses>
				<total>0</total>
				<timestamp>442.743322</timestamp>
			</report>
			<report>
				<misses>51800000</misses>
				<total>0</total>
				<timestamp>443.573995</timestamp>
			</report>
			<report>
				<misses>51900000</misses>
				<total>0</total>
				<timestamp>444.404381</timestamp>
			</report>
			<report>
				<misses>52000000</misses>
				<total>0</total>
				<timestamp>445.287796</timestamp>
			</report>
			<report>
				<misses>52100000</misses>
				<total>0</total>
				<timestamp>446.089669</timestamp>
			</report>
			<report>
				<misses>52200000</misses>
				<total>0</total>
				<timestamp>446.907660</timestamp>
			</report>
			<report>
				<misses>52300000</misses>
				<total>0</total>
				<timestamp>447.813708</timestamp>
			</report>
			<report>
				<misses>52400000</misses>
				<total>0</total>
				<timestamp>448.674963</timestamp>
			</report>
			<report>
				<misses>52500000</misses>
				<total>0</total>
				<timestamp>449.552818</timestamp>
			</report>
			<report>
				<misses>52600000</misses>
				<total>0</total>
				<timestamp>450.494120</timestamp>
			</report>
			<report>
				<misses>52700000</misses>
				<total>0</total>
				<timestamp>451.383723</timestamp>
			</report>
			<report>
				<misses>52800000</misses>
				<total>0</total>
				<timestamp>452.299264</timestamp>
			</report>
			<report>
				<misses>52900000</misses>
				<total>0</total>
				<timestamp>453.187929</timestamp>
			</report>
			<report>
				<misses>53000000</misses>
				<total>0</total>
				<timestamp>454.070099</timestamp>
			</report>
			<report>
				<misses>53100000</misses>
				<total>0</total>
				<timestamp>454.948144</timestamp>
			</report>
			<report>
				<misses>53200000</misses>
				<total>0</total>
				<timestamp>455.858120</timestamp>
			</report>
			<report>
				<misses>53300000</misses>
				<total>0</total>
				<timestamp>456.765394</timestamp>
			</report>
			<report>
				<misses>53400000</misses>
				<total>0</total>
				<timestamp>457.724646</timestamp>
			</report>
			<report>
				<misses>53500000</misses>
				<total>0</total>
				<timestamp>458.562007</timestamp>
			</report>
			<report>
				<misses>53600000</misses>
				<total>0</total>
				<timestamp>459.484782</timestamp>
			</report>
			<report>
				<misses>53700000</misses>
				<total>0</total>
				<timestamp>460.382148</timestamp>
			</report>
			<report>
				<misses>53800000</misses>
				<total>0</total>
				<timestamp>461.276867</timestamp>
			</report>
			<report>
				<misses>53900000</misses>
				<total>0</total>
				<timestamp>462.188392</timestamp>
			</report>
			<report>
				<misses>54000000</misses>
				<total>0</total>
				<timestamp>463.040071</timestamp>
			</report>
			<report>
				<misses>54100000</misses>
				<total>0</total>
				<timestamp>463.940351</timestamp>
			</report>
			<report>
				<misses>54200000</misses>
				<total>0</total>
				<timestamp>464.814477</timestamp>
			</report>
			<report>
				<misses>54300000</misses>
				<total>0</total>
				<timestamp>465.689559</timestamp>
			</report>
			<report>
				<misses>54400000</misses>
				<total>0</total>
				<timestamp>466.549426</timestamp>
			</report>
			<report>
				<misses>54500000</misses>
				<total>0</total>
				<timestamp>467.401668</timestamp>
			</report>
			<report>
				<misses>54600000</misses>
				<total>0</total>
				<timestamp>468.189686</timestamp>
			</report>
			<report>
				<misses>54700000</misses>
				<total>0</total>
				<timestamp>468.998205</timestamp>
			</report>
			<report>
				<misses>54800000</misses>
				<total>0</total>
				<timestamp>469.784382</timestamp>
			</report>
			<report>
				<misses>54900000</misses>
				<total>0</total>
				<timestamp>470.582239</timestamp>
			</report>
			<report>
				<misses>55000000</misses>
				<total>0</total>
				<timestamp>471.366484</timestamp>
			</report>
			<report>
				<misses>55100000</misses>
				<total>0</total>
				<timestamp>472.166483</timestamp>
			</report>
			<report>
				<misses>55200000</misses>
				<total>0</total>
				<timestamp>473.064628</timestamp>
			</report>
			<report>
				<misses>55300000</misses>
				<total>0</total>
				<timestamp>473.899384</timestamp>
			</report>
			<report>
				<misses>55400000</misses>
				<total>0</total>
				<timestamp>474.770975</timestamp>
			</report>
			<report>
				<misses>55500000</misses>
				<total>0</total>
				<timestamp>475.656167</timestamp>
			</report>
			<report>
				<misses>55600000</misses>
				<total>0</total>
				<timestamp>476.558873</timestamp>
			</report>
			<report>
				<misses>55700000</misses>
				<total>0</total>
				<timestamp>477.422206</timestamp>
			</report>
			<report>
				<misses>55800000</misses>
				<total>0</total>
				<timestamp>478.259006</timestamp>
			</report>
			<report>
				<misses>55900000</misses>
				<total>0</total>
				<timestamp>479.164823</timestamp>
			</report>
			<report>
				<misses>56000000</misses>
				<total>0</total>
				<timestamp>480.082890</timestamp>
			</report>
			<report>
				<misses>56100000</misses>
				<total>0</total>
				<timestamp>481.005426</timestamp>
			</report>
			<report>
				<misses>56200000</misses>
				<total>0</total>
				<timestamp>481.882914</timestamp>
			</report>
			<report>
				<misses>56300000</misses>
				<total>0</total>
				<timestamp>482.755827</timestamp>
			</report>
			<report>
				<misses>56400000</misses>
				<total>0</total>
				<timestamp>483.720984</timestamp>
			</report>
			<report>
				<misses>56500000</misses>
				<total>0</total>
				<timestamp>484.521589</timestamp>
			</report>
			<report>
				<misses>56600000</misses>
				<total>0</total>
				<timestamp>485.321281</timestamp>
			</report>
			<report>
				<misses>56700000</misses>
				<total>0</total>
				<timestamp>486.257823</timestamp>
			</report>
			<report>
				<misses>56800000</misses>
				<total>0</total>
				<timestamp>487.126188</timestamp>
			</report>
			<report>
				<misses>56900000</misses>
				<total>0</total>
				<timestamp>487.926208</timestamp>
			</report>
			<report>
				<misses>57000000</misses>
				<total>0</total>
				<timestamp>488.761213</timestamp>
			</report>
			<report>
				<misses>57100000</misses>
				<total>0</total>
				<timestamp>489.629001</timestamp>
			</report>
			<report>
				<misses>57200000</misses>
				<total>0</total>
				<timestamp>490.498196</timestamp>
			</report>
			<report>
				<misses>57300000</misses>
				<total>0</total>
				<timestamp>491.319935</timestamp>
			</report>
			<report>
				<misses>57400000</misses>
				<total>0</total>
				<timestamp>492.223494</timestamp>
			</report>
			<report>
				<misses>57500000</misses>
				<total>0</total>
				<timestamp>493.166827</timestamp>
			</report>
			<report>
				<misses>57600000</misses>
				<total>0</total>
				<timestamp>494.086708</timestamp>
			</report>
			<report>
				<misses>57700000</misses>
				<total>0</total>
				<timestamp>494.966588</timestamp>
			</report>
			<report>
				<misses>57800000</misses>
				<total>0</total>
				<timestamp>495.812207</timestamp>
			</report>
			<report>
				<misses>57900000</misses>
				<total>0</total>
				<timestamp>496.720114</timestamp>
			</report>
			<report>
				<misses>58000000</misses>
				<total>0</total>
				<timestamp>497.590599</timestamp>
			</report>
			<report>
				<misses>58100000</misses>
				<total>0</total>
				<timestamp>498.503354</timestamp>
			</report>
			<report>
				<misses>58200000</misses>
				<total>0</total>
				<timestamp>499.508589</timestamp>
			</report>
			<report>
				<misses>58300000</misses>
				<total>0</total>
				<timestamp>500.381390</timestamp>
			</report>
			<report>
				<misses>58400000</misses>
				<total>0</total>
				<timestamp>501.265295</timestamp>
			</report>
			<report>
				<misses>58500000</misses>
				<total>0</total>
				<timestamp>502.137594</timestamp>
			</report>
			<report>
				<misses>58600000</misses>
				<total>0</total>
				<timestamp>503.000049</timestamp>
			</report>
			<report>
				<misses>58700000</misses>
				<total>0</total>
				<timestamp>503.946398</timestamp>
			</report>
			<report>
				<misses>58800000</misses>
				<total>0</total>
				<timestamp>504.835766</timestamp>
			</report>
			<report>
				<misses>58900000</misses>
				<total>0</total>
				<timestamp>505.705480</timestamp>
			</report>
			<report>
				<misses>59000000</misses>
				<total>0</total>
				<timestamp>506.639570</timestamp>
			</report>
			<report>
				<misses>59100000</misses>
				<total>0</total>
				<timestamp>507.558534</timestamp>
			</report>
			<report>
				<misses>59200000</misses>
				<total>0</total>
				<timestamp>508.447870</timestamp>
			</report>
			<report>
				<misses>59300000</misses>
				<total>0</total>
				<timestamp>509.396568</timestamp>
			</report>
			<report>
				<misses>59400000</misses>
				<total>0</total>
				<timestamp>510.318374</timestamp>
			</report>
			<report>
				<misses>59500000</misses>
				<total>0</total>
				<timestamp>511.259557</timestamp>
			</report>
			<report>
				<misses>59600000</misses>
				<total>0</total>
				<timestamp>512.058038</timestamp>
			</report>
			<report>
				<misses>59700000</misses>
				<total>0</total>
				<timestamp>512.939253</timestamp>
			</report>
			<report>
				<misses>59800000</misses>
				<total>0</total>
				<timestamp>513.731696</timestamp>
			</report>
			<report>
				<misses>59900000</misses>
				<total>0</total>
				<timestamp>514.511850</timestamp>
			</report>
			<report>
				<misses>60000000</misses>
				<total>0</total>
				<timestamp>515.298324</timestamp>
			</report>
			<report>
				<misses>60100000</misses>
				<total>0</total>
				<timestamp>516.131503</timestamp>
			</report>
			<report>
				<misses>60200000</misses>
				<total>0</total>
				<timestamp>517.022149</timestamp>
			</report>
			<report>
				<misses>60300000</misses>
				<total>0</total>
				<timestamp>517.881898</timestamp>
			</report>
			<report>
				<misses>60400000</misses>
				<total>0</total>
				<timestamp>518.747268</timestamp>
			</report>
			<report>
				<misses>60500000</misses>
				<total>0</total>
				<timestamp>519.618443</timestamp>
			</report>
			<report>
				<misses>60600000</misses>
				<total>0</total>
				<timestamp>520.529678</timestamp>
			</report>
			<report>
				<misses>60700000</misses>
				<total>0</total>
				<timestamp>521.370200</timestamp>
			</report>
			<report>
				<misses>60800000</misses>
				<total>0</total>
				<timestamp>522.226137</timestamp>
			</report>
			<report>
				<misses>60900000</misses>
				<total>0</total>
				<timestamp>523.102345</timestamp>
			</report>
			<report>
				<misses>61000000</misses>
				<total>0</total>
				<timestamp>524.004653</timestamp>
			</report>
			<report>
				<misses>61100000</misses>
				<total>0</total>
				<timestamp>524.881298</timestamp>
			</report>
			<report>
				<misses>61200000</misses>
				<total>0</total>
				<timestamp>525.799611</timestamp>
			</report>
			<report>
				<misses>61300000</misses>
				<total>0</total>
				<timestamp>526.618532</timestamp>
			</report>
			<report>
				<misses>61400000</misses>
				<total>0</total>
				<timestamp>527.508055</timestamp>
			</report>
			<report>
				<misses>61500000</misses>
				<total>0</total>
				<timestamp>528.337546</timestamp>
			</report>
			<report>
				<misses>61600000</misses>
				<total>0</total>
				<timestamp>529.205188</timestamp>
			</report>
			<report>
				<misses>61700000</misses>
				<total>0</total>
				<timestamp>530.012678</timestamp>
			</report>
			<report>
				<misses>61800000</misses>
				<total>0</total>
				<timestamp>530.823823</timestamp>
			</report>
			<report>
				<misses>61900000</misses>
				<total>0</total>
				<timestamp>531.616003</timestamp>
			</report>
			<report>
				<misses>62000000</misses>
				<total>0</total>
				<timestamp>532.411298</timestamp>
			</report>
			<report>
				<misses>62100000</misses>
				<total>0</total>
				<timestamp>533.273862</timestamp>
			</report>
			<report>
				<misses>62200000</misses>
				<total>0</total>
				<timestamp>534.136807</timestamp>
			</report>
			<report>
				<misses>62300000</misses>
				<total>0</total>
				<timestamp>534.953203</timestamp>
			</report>
			<report>
				<misses>62400000</misses>
				<total>0</total>
				<timestamp>535.795324</timestamp>
			</report>
			<report>
				<misses>62500000</misses>
				<total>0</total>
				<timestamp>536.679360</timestamp>
			</report>
			<report>
				<misses>62600000</misses>
				<total>0</total>
				<timestamp>537.551003</timestamp>
			</report>
			<report>
				<misses>62700000</misses>
				<total>0</total>
				<timestamp>538.413398</timestamp>
			</report>
			<report>
				<misses>62800000</misses>
				<total>0</total>
				<timestamp>539.337664</timestamp>
			</report>
			<report>
				<misses>62900000</misses>
				<total>0</total>
				<timestamp>540.215742</timestamp>
			</report>
			<report>
				<misses>63000000</misses>
				<total>0</total>
				<timestamp>541.123641</timestamp>
			</report>
			<report>
				<misses>63100000</misses>
				<total>0</total>
				<timestamp>542.036728</timestamp>
			</report>
			<report>
				<misses>63200000</misses>
				<total>0</total>
				<timestamp>542.935018</timestamp>
			</report>
			<report>
				<misses>63300000</misses>
				<total>0</total>
				<timestamp>543.761710</timestamp>
			</report>
			<report>
				<misses>63400000</misses>
				<total>0</total>
				<timestamp>544.589371</timestamp>
			</report>
			<report>
				<misses>63500000</misses>
				<total>0</total>
				<timestamp>545.512943</timestamp>
			</report>
			<report>
				<misses>63600000</misses>
				<total>0</total>
				<timestamp>546.347750</timestamp>
			</report>
			<report>
				<misses>63700000</misses>
				<total>0</total>
				<timestamp>547.169971</timestamp>
			</report>
			<report>
				<misses>63800000</misses>
				<total>0</total>
				<timestamp>548.019149</timestamp>
			</report>
			<report>
				<misses>63900000</misses>
				<total>0</total>
				<timestamp>548.880735</timestamp>
			</report>
			<report>
				<misses>64000000</misses>
				<total>0</total>
				<timestamp>549.738631</timestamp>
			</report>
			<report>
				<misses>64100000</misses>
				<total>0</total>
				<timestamp>550.620152</timestamp>
			</report>
			<report>
				<misses>64200000</misses>
				<total>0</total>
				<timestamp>551.469401</timestamp>
			</report>
			<report>
				<misses>64300000</misses>
				<total>0</total>
				<timestamp>552.279358</timestamp>
			</report>
			<report>
				<misses>64400000</misses>
				<total>0</total>
				<timestamp>553.111581</timestamp>
			</report>
			<report>
				<misses>64500000</misses>
				<total>0</total>
				<timestamp>553.917853</timestamp>
			</report>
			<report>
				<misses>64600000</misses>
				<total>0</total>
				<timestamp>554.731518</timestamp>
			</report>
			<report>
				<misses>64700000</misses>
				<total>0</total>
				<timestamp>555.623331</timestamp>
			</report>
			<report>
				<misses>64800000</misses>
				<total>0</total>
				<timestamp>556.514112</timestamp>
			</report>
			<report>
				<misses>64900000</misses>
				<total>0</total>
				<timestamp>557.333827</timestamp>
			</report>
			<report>
				<misses>65000000</misses>
				<total>0</total>
				<timestamp>558.163370</timestamp>
			</report>
			<report>
				<misses>65100000</misses>
				<total>0</total>
				<timestamp>558.970062</timestamp>
			</report>
			<report>
				<misses>65200000</misses>
				<total>0</total>
				<timestamp>559.823181</timestamp>
			</report>
			<report>
				<misses>65300000</misses>
				<total>0</total>
				<timestamp>560.687089</timestamp>
			</report>
			<report>
				<misses>65400000</misses>
				<total>0</total>
				<timestamp>561.513559</timestamp>
			</report>
			<report>
				<misses>65500000</misses>
				<total>0</total>
				<timestamp>562.403392</timestamp>
			</report>
			<report>
				<misses>65600000</misses>
				<total>0</total>
				<timestamp>563.309270</timestamp>
			</report>
			<report>
				<misses>65700000</misses>
				<total>0</total>
				<timestamp>564.169617</timestamp>
			</report>
			<report>
				<misses>65800000</misses>
				<total>0</total>
				<timestamp>565.022756</timestamp>
			</report>
			<report>
				<misses>65900000</misses>
				<total>0</total>
				<timestamp>565.876095</timestamp>
			</report>
			<report>
				<misses>66000000</misses>
				<total>0</total>
				<timestamp>566.774357</timestamp>
			</report>
			<report>
				<misses>66100000</misses>
				<total>0</total>
				<timestamp>567.632586</timestamp>
			</report>
			<report>
				<misses>66200000</misses>
				<total>0</total>
				<timestamp>568.511601</timestamp>
			</report>
			<report>
				<misses>66300000</misses>
				<total>0</total>
				<timestamp>569.382693</timestamp>
			</report>
			<report>
				<misses>66400000</misses>
				<total>0</total>
				<timestamp>570.280227</timestamp>
			</report>
			<report>
				<misses>66500000</misses>
				<total>0</total>
				<timestamp>571.142178</timestamp>
			</report>
			<report>
				<misses>66600000</misses>
				<total>0</total>
				<timestamp>571.991505</timestamp>
			</report>
			<report>
				<misses>66700000</misses>
				<total>0</total>
				<timestamp>572.889807</timestamp>
			</report>
			<report>
				<misses>66800000</misses>
				<total>0</total>
				<timestamp>573.716898</timestamp>
			</report>
			<report>
				<misses>66900000</misses>
				<total>0</total>
				<timestamp>574.556960</timestamp>
			</report>
			<report>
				<misses>67000000</misses>
				<total>0</total>
				<timestamp>575.443040</timestamp>
			</report>
			<report>
				<misses>67100000</misses>
				<total>0</total>
				<timestamp>576.263965</timestamp>
			</report>
			<report>
				<misses>67200000</misses>
				<total>0</total>
				<timestamp>577.071449</timestamp>
			</report>
			<report>
				<misses>67300000</misses>
				<total>0</total>
				<timestamp>577.882094</timestamp>
			</report>
			<report>
				<misses>67400000</misses>
				<total>0</total>
				<timestamp>578.682423</timestamp>
			</report>
			<report>
				<misses>67500000</misses>
				<total>0</total>
				<timestamp>579.478695</timestamp>
			</report>
			<report>
				<misses>67600000</misses>
				<total>0</total>
				<timestamp>580.263936</timestamp>
			</report>
			<report>
				<misses>67700000</misses>
				<total>0</total>
				<timestamp>581.160794</timestamp>
			</report>
			<report>
				<misses>67800000</misses>
				<total>0</total>
				<timestamp>582.083800</timestamp>
			</report>
			<report>
				<misses>67900000</misses>
				<total>0</total>
				<timestamp>582.924539</timestamp>
			</report>
			<report>
				<misses>68000000</misses>
				<total>0</total>
				<timestamp>583.813831</timestamp>
			</report>
			<report>
				<misses>68100000</misses>
				<total>0</total>
				<timestamp>584.628453</timestamp>
			</report>
			<report>
				<misses>68200000</misses>
				<total>0</total>
				<timestamp>585.528105</timestamp>
			</report>
			<report>
				<misses>68300000</misses>
				<total>0</total>
				<timestamp>586.389955</timestamp>
			</report>
			<report>
				<misses>68400000</misses>
				<total>0</total>
				<timestamp>587.279572</timestamp>
			</report>
			<report>
				<misses>68500000</misses>
				<total>0</total>
				<timestamp>588.144090</timestamp>
			</report>
			<report>
				<misses>68600000</misses>
				<total>0</total>
				<timestamp>588.978113</timestamp>
			</report>
			<report>
				<misses>68700000</misses>
				<total>0</total>
				<timestamp>589.800034</timestamp>
			</report>
			<report>
				<misses>68800000</misses>
				<total>0</total>
				<timestamp>590.712380</timestamp>
			</report>
			<report>
				<misses>68900000</misses>
				<total>0</total>
				<timestamp>591.609176</timestamp>
			</report>
			<report>
				<misses>69000000</misses>
				<total>0</total>
				<timestamp>592.425584</timestamp>
			</report>
			<report>
				<misses>69100000</misses>
				<total>0</total>
				<timestamp>593.244043</timestamp>
			</report>
			<report>
				<misses>69200000</misses>
				<total>0</total>
				<timestamp>594.031180</timestamp>
			</report>
			<report>
				<misses>69300000</misses>
				<total>0</total>
				<timestamp>594.826193</timestamp>
			</report>
			<report>
				<misses>69400000</misses>
				<total>0</total>
				<timestamp>595.656993</timestamp>
			</report>
			<report>
				<misses>69500000</misses>
				<total>0</total>
				<timestamp>596.481479</timestamp>
			</report>
			<report>
				<misses>69600000</misses>
				<total>0</total>
				<timestamp>597.255219</timestamp>
			</report>
			<report>
				<misses>69700000</misses>
				<total>0</total>
				<timestamp>598.062804</timestamp>
			</report>
			<report>
				<misses>69800000</misses>
				<total>0</total>
				<timestamp>598.878139</timestamp>
			</report>
			<report>
				<misses>69900000</misses>
				<total>0</total>
				<timestamp>599.814714</timestamp>
			</report>
			<report>
				<misses>70000000</misses>
				<total>0</total>
				<timestamp>600.699065</timestamp>
			</report>
			<report>
				<misses>70100000</misses>
				<total>0</total>
				<timestamp>601.575102</timestamp>
			</report>
			<report>
				<misses>70200000</misses>
				<total>0</total>
				<timestamp>602.430498</timestamp>
			</report>
			<report>
				<misses>70300000</misses>
				<total>0</total>
				<timestamp>603.260813</timestamp>
			</report>
			<report>
				<misses>70400000</misses>
				<total>0</total>
				<timestamp>604.126686</timestamp>
			</report>
			<report>
				<misses>70500000</misses>
				<total>0</total>
				<timestamp>604.992512</timestamp>
			</report>
			<report>
				<misses>70600000</misses>
				<total>0</total>
				<timestamp>605.833598</timestamp>
			</report>
			<report>
				<misses>70700000</misses>
				<total>0</total>
				<timestamp>606.661473</timestamp>
			</report>
			<report>
				<misses>70800000</misses>
				<total>0</total>
				<timestamp>607.490919</timestamp>
			</report>
			<report>
				<misses>70900000</misses>
				<total>0</total>
				<timestamp>608.348141</timestamp>
			</report>
			<report>
				<misses>71000000</misses>
				<total>0</total>
				<timestamp>609.159324</timestamp>
			</report>
			<report>
				<misses>71100000</misses>
				<total>0</total>
				<timestamp>609.997039</timestamp>
			</report>
			<report>
				<misses>71200000</misses>
				<total>0</total>
				<timestamp>610.794672</timestamp>
			</report>
			<report>
				<misses>71300000</misses>
				<total>0</total>
				<timestamp>611.596998</timestamp>
			</report>
			<report>
				<misses>71400000</misses>
				<total>0</total>
				<timestamp>612.452316</timestamp>
			</report>
			<report>
				<misses>71500000</misses>
				<total>0</total>
				<timestamp>613.330439</timestamp>
			</report>
			<report>
				<misses>71600000</misses>
				<total>0</total>
				<timestamp>614.159896</timestamp>
			</report>
			<report>
				<misses>71700000</misses>
				<total>0</total>
				<timestamp>614.970558</timestamp>
			</report>
			<report>
				<misses>71800000</misses>
				<total>0</total>
				<timestamp>615.770784</timestamp>
			</report>
			<report>
				<misses>71900000</misses>
				<total>0</total>
				<timestamp>616.582196</timestamp>
			</report>
			<report>
				<misses>72000000</misses>
				<total>0</total>
				<timestamp>617.434039</timestamp>
			</report>
			<report>
				<misses>72100000</misses>
				<total>0</total>
				<timestamp>618.280569</timestamp>
			</report>
			<report>
				<misses>72200000</misses>
				<total>0</total>
				<timestamp>619.122275</timestamp>
			</report>
			<report>
				<misses>72300000</misses>
				<total>0</total>
				<timestamp>620.030543</timestamp>
			</report>
			<report>
				<misses>72400000</misses>
				<total>0</total>
				<timestamp>620.909645</timestamp>
			</report>
			<report>
				<misses>72500000</misses>
				<total>0</total>
				<timestamp>621.770126</timestamp>
			</report>
			<report>
				<misses>72600000</misses>
				<total>0</total>
				<timestamp>622.606440</timestamp>
			</report>
			<report>
				<misses>72700000</misses>
				<total>0</total>
				<timestamp>623.440630</timestamp>
			</report>
			<report>
				<misses>72800000</misses>
				<total>0</total>
				<timestamp>624.314248</timestamp>
			</report>
			<report>
				<misses>72900000</misses>
				<total>0</total>
				<timestamp>625.222713</timestamp>
			</report>
			<report>
				<misses>73000000</misses>
				<total>0</total>
				<timestamp>626.083247</timestamp>
			</report>
			<report>
				<misses>73100000</misses>
				<total>0</total>
				<timestamp>626.929869</timestamp>
			</report>
			<report>
				<misses>73200000</misses>
				<total>0</total>
				<timestamp>627.788154</timestamp>
			</report>
			<report>
				<misses>73300000</misses>
				<total>0</total>
				<timestamp>628.614873</timestamp>
			</report>
			<report>
				<misses>73400000</misses>
				<total>0</total>
				<timestamp>629.455712</timestamp>
			</report>
			<report>
				<misses>73500000</misses>
				<total>0</total>
				<timestamp>630.305626</timestamp>
			</report>
			<report>
				<misses>73600000</misses>
				<total>0</total>
				<timestamp>631.153296</timestamp>
			</report>
			<report>
				<misses>73700000</misses>
				<total>0</total>
				<timestamp>631.998862</timestamp>
			</report>
			<report>
				<misses>73800000</misses>
				<total>0</total>
				<timestamp>632.866827</timestamp>
			</report>
			<report>
				<misses>73900000</misses>
				<total>0</total>
				<timestamp>633.764276</timestamp>
			</report>
			<report>
				<misses>74000000</misses>
				<total>0</total>
				<timestamp>634.577213</timestamp>
			</report>
			<report>
				<misses>74100000</misses>
				<total>0</total>
				<timestamp>635.480018</timestamp>
			</report>
			<report>
				<misses>74200000</misses>
				<total>0</total>
				<timestamp>636.362739</timestamp>
			</report>
			<report>
				<misses>74300000</misses>
				<total>0</total>
				<timestamp>637.224850</timestamp>
			</report>
			<report>
				<misses>74400000</misses>
				<total>0</total>
				<timestamp>638.078911</timestamp>
			</report>
			<report>
				<misses>74500000</misses>
				<total>0</total>
				<timestamp>638.960397</timestamp>
			</report>
			<report>
				<misses>74600000</misses>
				<total>0</total>
				<timestamp>639.834069</timestamp>
			</report>
			<report>
				<misses>74700000</misses>
				<total>0</total>
				<timestamp>640.749982</timestamp>
			</report>
			<report>
				<misses>74800000</misses>
				<total>0</total>
				<timestamp>641.631016</timestamp>
			</report>
			<report>
				<misses>74900000</misses>
				<total>0</total>
				<timestamp>642.527104</timestamp>
			</report>
			<report>
				<misses>75000000</misses>
				<total>0</total>
				<timestamp>643.416986</timestamp>
			</report>
			<report>
				<misses>75100000</misses>
				<total>0</total>
				<timestamp>644.269913</timestamp>
			</report>
			<report>
				<misses>75200000</misses>
				<total>0</total>
				<timestamp>645.177515</timestamp>
			</report>
			<report>
				<misses>75300000</misses>
				<total>0</total>
				<timestamp>646.022955</timestamp>
			</report>
			<report>
				<misses>75400000</misses>
				<total>0</total>
				<timestamp>646.983670</timestamp>
			</report>
			<report>
				<misses>75500000</misses>
				<total>0</total>
				<timestamp>647.851462</timestamp>
			</report>
			<report>
				<misses>75600000</misses>
				<total>0</total>
				<timestamp>648.707564</timestamp>
			</report>
			<report>
				<misses>75700000</misses>
				<total>0</total>
				<timestamp>649.536961</timestamp>
			</report>
			<report>
				<misses>75800000</misses>
				<total>0</total>
				<timestamp>650.418103</timestamp>
			</report>
			<report>
				<misses>75900000</misses>
				<total>0</total>
				<timestamp>651.282113</timestamp>
			</report>
			<report>
				<misses>76000000</misses>
				<total>0</total>
				<timestamp>652.147032</timestamp>
			</report>
			<report>
				<misses>76100000</misses>
				<total>0</total>
				<timestamp>653.002522</timestamp>
			</report>
			<report>
				<misses>76200000</misses>
				<total>0</total>
				<timestamp>653.822966</timestamp>
			</report>
			<report>
				<misses>76300000</misses>
				<total>0</total>
				<timestamp>654.701245</timestamp>
			</report>
			<report>
				<misses>76400000</misses>
				<total>0</total>
				<timestamp>655.571519</timestamp>
			</report>
			<report>
				<misses>76500000</misses>
				<total>0</total>
				<timestamp>656.415812</timestamp>
			</report>
			<report>
				<misses>76600000</misses>
				<total>0</total>
				<timestamp>657.242162</timestamp>
			</report>
			<report>
				<misses>76700000</misses>
				<total>0</total>
				<timestamp>658.039656</timestamp>
			</report>
			<report>
				<misses>76800000</misses>
				<total>0</total>
				<timestamp>658.983302</timestamp>
			</report>
			<report>
				<misses>76900000</misses>
				<total>0</total>
				<timestamp>659.863585</timestamp>
			</report>
			<report>
				<misses>77000000</misses>
				<total>0</total>
				<timestamp>660.716545</timestamp>
			</report>
			<report>
				<misses>77100000</misses>
				<total>0</total>
				<timestamp>661.595250</timestamp>
			</report>
			<report>
				<misses>77200000</misses>
				<total>0</total>
				<timestamp>662.481416</timestamp>
			</report>
			<report>
				<misses>77300000</misses>
				<total>0</total>
				<timestamp>663.318055</timestamp>
			</report>
			<report>
				<misses>77400000</misses>
				<total>0</total>
				<timestamp>664.178369</timestamp>
			</report>
			<report>
				<misses>77500000</misses>
				<total>0</total>
				<timestamp>665.009060</timestamp>
			</report>
			<report>
				<misses>77600000</misses>
				<total>0</total>
				<timestamp>665.902319</timestamp>
			</report>
			<report>
				<misses>77700000</misses>
				<total>0</total>
				<timestamp>666.798876</timestamp>
			</report>
			<report>
				<misses>77800000</misses>
				<total>0</total>
				<timestamp>667.716826</timestamp>
			</report>
			<report>
				<misses>77900000</misses>
				<total>0</total>
				<timestamp>668.608027</timestamp>
			</report>
			<report>
				<misses>78000000</misses>
				<total>0</total>
				<timestamp>669.494498</timestamp>
			</report>
			<report>
				<misses>78100000</misses>
				<total>0</total>
				<timestamp>670.343667</timestamp>
			</report>
			<report>
				<misses>78200000</misses>
				<total>0</total>
				<timestamp>671.289516</timestamp>
			</report>
			<report>
				<misses>78300000</misses>
				<total>0</total>
				<timestamp>672.176537</timestamp>
			</report>
			<report>
				<misses>78400000</misses>
				<total>0</total>
				<timestamp>673.080855</timestamp>
			</report>
			<report>
				<misses>78500000</misses>
				<total>0</total>
				<timestamp>673.967312</timestamp>
			</report>
			<report>
				<misses>78600000</misses>
				<total>0</total>
				<timestamp>674.840320</timestamp>
			</report>
			<report>
				<misses>78700000</misses>
				<total>0</total>
				<timestamp>675.701708</timestamp>
			</report>
			<report>
				<misses>78800000</misses>
				<total>0</total>
				<timestamp>676.606881</timestamp>
			</report>
			<report>
				<misses>78900000</misses>
				<total>0</total>
				<timestamp>677.453433</timestamp>
			</report>
			<report>
				<misses>79000000</misses>
				<total>0</total>
				<timestamp>678.326332</timestamp>
			</report>
			<report>
				<misses>79100000</misses>
				<total>0</total>
				<timestamp>679.136903</timestamp>
			</report>
			<report>
				<misses>79200000</misses>
				<total>0</total>
				<timestamp>679.962225</timestamp>
			</report>
			<report>
				<misses>79300000</misses>
				<total>0</total>
				<timestamp>680.775746</timestamp>
			</report>
			<report>
				<misses>79400000</misses>
				<total>0</total>
				<timestamp>681.647156</timestamp>
			</report>
			<report>
				<misses>79500000</misses>
				<total>0</total>
				<timestamp>682.498654</timestamp>
			</report>
			<report>
				<misses>79600000</misses>
				<total>0</total>
				<timestamp>683.380825</timestamp>
			</report>
			<report>
				<misses>79700000</misses>
				<total>0</total>
				<timestamp>684.285152</timestamp>
			</report>
			<report>
				<misses>79800000</misses>
				<total>0</total>
				<timestamp>685.141865</timestamp>
			</report>
			<report>
				<misses>79900000</misses>
				<total>0</total>
				<timestamp>686.025606</timestamp>
			</report>
			<report>
				<misses>80000000</misses>
				<total>0</total>
				<timestamp>686.886504</timestamp>
			</report>
			<report>
				<misses>80100000</misses>
				<total>0</total>
				<timestamp>687.778330</timestamp>
			</report>
			<report>
				<misses>80200000</misses>
				<total>0</total>
				<timestamp>688.626911</timestamp>
			</report>
			<report>
				<misses>80300000</misses>
				<total>0</total>
				<timestamp>689.471222</timestamp>
			</report>
			<report>
				<misses>80400000</misses>
				<total>0</total>
				<timestamp>690.377564</timestamp>
			</report>
			<report>
				<misses>80500000</misses>
				<total>0</total>
				<timestamp>691.235801</timestamp>
			</report>
			<report>
				<misses>80600000</misses>
				<total>0</total>
				<timestamp>692.111222</timestamp>
			</report>
			<report>
				<misses>80700000</misses>
				<total>0</total>
				<timestamp>693.002699</timestamp>
			</report>
			<report>
				<misses>80800000</misses>
				<total>0</total>
				<timestamp>693.790012</timestamp>
			</report>
			<report>
				<misses>80900000</misses>
				<total>0</total>
				<timestamp>694.602693</timestamp>
			</report>
			<report>
				<misses>81000000</misses>
				<total>0</total>
				<timestamp>695.457546</timestamp>
			</report>
			<report>
				<misses>81100000</misses>
				<total>0</total>
				<timestamp>696.403710</timestamp>
			</report>
			<report>
				<misses>81200000</misses>
				<total>0</total>
				<timestamp>697.285513</timestamp>
			</report>
			<report>
				<misses>81300000</misses>
				<total>0</total>
				<timestamp>698.144795</timestamp>
			</report>
			<report>
				<misses>81400000</misses>
				<total>0</total>
				<timestamp>699.044541</timestamp>
			</report>
			<report>
				<misses>81500000</misses>
				<total>0</total>
				<timestamp>699.914064</timestamp>
			</report>
			<report>
				<misses>81600000</misses>
				<total>0</total>
				<timestamp>700.719427</timestamp>
			</report>
			<report>
				<misses>81700000</misses>
				<total>0</total>
				<timestamp>701.554178</timestamp>
			</report>
			<report>
				<misses>81800000</misses>
				<total>0</total>
				<timestamp>702.459418</timestamp>
			</report>
			<report>
				<misses>81900000</misses>
				<total>0</total>
				<timestamp>703.329464</timestamp>
			</report>
			<report>
				<misses>82000000</misses>
				<total>0</total>
				<timestamp>704.187713</timestamp>
			</report>
			<report>
				<misses>82100000</misses>
				<total>0</total>
				<timestamp>705.087568</timestamp>
			</report>
			<report>
				<misses>82200000</misses>
				<total>0</total>
				<timestamp>705.930683</timestamp>
			</report>
			<report>
				<misses>82300000</misses>
				<total>0</total>
				<timestamp>706.818237</timestamp>
			</report>
			<report>
				<misses>82400000</misses>
				<total>0</total>
				<timestamp>707.691357</timestamp>
			</report>
			<report>
				<misses>82500000</misses>
				<total>0</total>
				<timestamp>708.597754</timestamp>
			</report>
			<report>
				<misses>82600000</misses>
				<total>0</total>
				<timestamp>709.491413</timestamp>
			</report>
			<report>
				<misses>82700000</misses>
				<total>0</total>
				<timestamp>710.345969</timestamp>
			</report>
			<report>
				<misses>82800000</misses>
				<total>0</total>
				<timestamp>711.174095</timestamp>
			</report>
			<report>
				<misses>82900000</misses>
				<total>0</total>
				<timestamp>712.067401</timestamp>
			</report>
			<report>
				<misses>83000000</misses>
				<total>0</total>
				<timestamp>712.927354</timestamp>
			</report>
			<report>
				<misses>83100000</misses>
				<total>0</total>
				<timestamp>713.815948</timestamp>
			</report>
			<report>
				<misses>83200000</misses>
				<total>0</total>
				<timestamp>714.673817</timestamp>
			</report>
			<report>
				<misses>83300000</misses>
				<total>0</total>
				<timestamp>715.489066</timestamp>
			</report>
			<report>
				<misses>83400000</misses>
				<total>0</total>
				<timestamp>716.295292</timestamp>
			</report>
			<report>
				<misses>83500000</misses>
				<total>0</total>
				<timestamp>717.183847</timestamp>
			</report>
			<report>
				<misses>83600000</misses>
				<total>0</total>
				<timestamp>718.029828</timestamp>
			</report>
			<report>
				<misses>83700000</misses>
				<total>0</total>
				<timestamp>718.929695</timestamp>
			</report>
			<report>
				<misses>83800000</misses>
				<total>0</total>
				<timestamp>719.807642</timestamp>
			</report>
			<report>
				<misses>83900000</misses>
				<total>0</total>
				<timestamp>720.701098</timestamp>
			</report>
			<report>
				<misses>84000000</misses>
				<total>0</total>
				<timestamp>721.612049</timestamp>
			</report>
			<report>
				<misses>84100000</misses>
				<total>0</total>
				<timestamp>722.424050</timestamp>
			</report>
			<report>
				<misses>84200000</misses>
				<total>0</total>
				<timestamp>723.324449</timestamp>
			</report>
			<report>
				<misses>84300000</misses>
				<total>0</total>
				<timestamp>724.169145</timestamp>
			</report>
			<report>
				<misses>84400000</misses>
				<total>0</total>
				<timestamp>725.039037</timestamp>
			</report>
			<report>
				<misses>84500000</misses>
				<total>0</total>
				<timestamp>725.934218</timestamp>
			</report>
			<report>
				<misses>84600000</misses>
				<total>0</total>
				<timestamp>726.826926</timestamp>
			</report>
			<report>
				<misses>84700000</misses>
				<total>0</total>
				<timestamp>727.770583</timestamp>
			</report>
			<report>
				<misses>84800000</misses>
				<total>0</total>
				<timestamp>728.668204</timestamp>
			</report>
			<report>
				<misses>84900000</misses>
				<total>0</total>
				<timestamp>729.553127</timestamp>
			</report>
			<report>
				<misses>85000000</misses>
				<total>0</total>
				<timestamp>730.471611</timestamp>
			</report>
			<report>
				<misses>85100000</misses>
				<total>0</total>
				<timestamp>731.358344</timestamp>
			</report>
			<report>
				<misses>85200000</misses>
				<total>0</total>
				<timestamp>732.255196</timestamp>
			</report>
			<report>
				<misses>85300000</misses>
				<total>0</total>
				<timestamp>733.167728</timestamp>
			</report>
			<report>
				<misses>85400000</misses>
				<total>0</total>
				<timestamp>734.114437</timestamp>
			</report>
			<report>
				<misses>85500000</misses>
				<total>0</total>
				<timestamp>735.027065</timestamp>
			</report>
			<report>
				<misses>85600000</misses>
				<total>0</total>
				<timestamp>735.883868</timestamp>
			</report>
			<report>
				<misses>85700000</misses>
				<total>0</total>
				<timestamp>736.816385</timestamp>
			</report>
			<report>
				<misses>85800000</misses>
				<total>0</total>
				<timestamp>737.730774</timestamp>
			</report>
			<report>
				<misses>85900000</misses>
				<total>0</total>
				<timestamp>738.631924</timestamp>
			</report>
			<report>
				<misses>86000000</misses>
				<total>0</total>
				<timestamp>739.512591</timestamp>
			</report>
			<report>
				<misses>86100000</misses>
				<total>0</total>
				<timestamp>740.376295</timestamp>
			</report>
			<report>
				<misses>86200000</misses>
				<total>0</total>
				<timestamp>741.250887</timestamp>
			</report>
			<report>
				<misses>86300000</misses>
				<total>0</total>
				<timestamp>742.095301</timestamp>
			</report>
			<report>
				<misses>86400000</misses>
				<total>0</total>
				<timestamp>743.002160</timestamp>
			</report>
			<report>
				<misses>86500000</misses>
				<total>0</total>
				<timestamp>743.782474</timestamp>
			</report>
			<report>
				<misses>86600000</misses>
				<total>0</total>
				<timestamp>744.585305</timestamp>
			</report>
			<report>
				<misses>86700000</misses>
				<total>0</total>
				<timestamp>745.386455</timestamp>
			</report>
			<report>
				<misses>86800000</misses>
				<total>0</total>
				<timestamp>746.247370</timestamp>
			</report>
			<report>
				<misses>86900000</misses>
				<total>0</total>
				<timestamp>747.165896</timestamp>
			</report>
			<report>
				<misses>87000000</misses>
				<total>0</total>
				<timestamp>747.984477</timestamp>
			</report>
			<report>
				<misses>87100000</misses>
				<total>0</total>
				<timestamp>748.876643</timestamp>
			</report>
			<report>
				<misses>87200000</misses>
				<total>0</total>
				<timestamp>749.753013</timestamp>
			</report>
			<report>
				<misses>87300000</misses>
				<total>0</total>
				<timestamp>750.617591</timestamp>
			</report>
			<report>
				<misses>87400000</misses>
				<total>0</total>
				<timestamp>751.492091</timestamp>
			</report>
			<report>
				<misses>87500000</misses>
				<total>0</total>
				<timestamp>752.330719</timestamp>
			</report>
			<report>
				<misses>87600000</misses>
				<total>0</total>
				<timestamp>753.191796</timestamp>
			</report>
			<report>
				<misses>87700000</misses>
				<total>0</total>
				<timestamp>754.069259</timestamp>
			</report>
			<report>
				<misses>87800000</misses>
				<total>0</total>
				<timestamp>754.964805</timestamp>
			</report>
			<report>
				<misses>87900000</misses>
				<total>0</total>
				<timestamp>755.878057</timestamp>
			</report>
			<report>
				<misses>88000000</misses>
				<total>0</total>
				<timestamp>756.755486</timestamp>
			</report>
			<report>
				<misses>88100000</misses>
				<total>0</total>
				<timestamp>757.603909</timestamp>
			</report>
			<report>
				<misses>88200000</misses>
				<total>0</total>
				<timestamp>758.504254</timestamp>
			</report>
			<report>
				<misses>88300000</misses>
				<total>0</total>
				<timestamp>759.390789</timestamp>
			</report>
			<report>
				<misses>88400000</misses>
				<total>0</total>
				<timestamp>760.327631</timestamp>
			</report>
			<report>
				<misses>88500000</misses>
				<total>0</total>
				<timestamp>761.210591</timestamp>
			</report>
			<report>
				<misses>88600000</misses>
				<total>0</total>
				<timestamp>762.108495</timestamp>
			</report>
			<report>
				<misses>88700000</misses>
				<total>0</total>
				<timestamp>763.017054</timestamp>
			</report>
			<report>
				<misses>88800000</misses>
				<total>0</total>
				<timestamp>763.866677</timestamp>
			</report>
			<report>
				<misses>88900000</misses>
				<total>0</total>
				<timestamp>764.665755</timestamp>
			</report>
			<report>
				<misses>89000000</misses>
				<total>0</total>
				<timestamp>765.470561</timestamp>
			</report>
			<report>
				<misses>89100000</misses>
				<total>0</total>
				<timestamp>766.298815</timestamp>
			</report>
			<report>
				<misses>89200000</misses>
				<total>0</total>
				<timestamp>767.135158</timestamp>
			</report>
			<report>
				<misses>89300000</misses>
				<total>0</total>
				<timestamp>768.021739</timestamp>
			</report>
			<report>
				<misses>89400000</misses>
				<total>0</total>
				<timestamp>768.852619</timestamp>
			</report>
			<report>
				<misses>89500000</misses>
				<total>0</total>
				<timestamp>769.654287</timestamp>
			</report>
			<report>
				<misses>89600000</misses>
				<total>0</total>
				<timestamp>770.471735</timestamp>
			</report>
			<report>
				<misses>89700000</misses>
				<total>0</total>
				<timestamp>771.311225</timestamp>
			</report>
			<report>
				<misses>89800000</misses>
				<total>0</total>
				<timestamp>772.205446</timestamp>
			</report>
			<report>
				<misses>89900000</misses>
				<total>0</total>
				<timestamp>773.088493</timestamp>
			</report>
			<report>
				<misses>90000000</misses>
				<total>0</total>
				<timestamp>773.943534</timestamp>
			</report>
			<report>
				<misses>90100000</misses>
				<total>0</total>
				<timestamp>774.880372</timestamp>
			</report>
			<report>
				<misses>90200000</misses>
				<total>0</total>
				<timestamp>775.717020</timestamp>
			</report>
			<report>
				<misses>90300000</misses>
				<total>0</total>
				<timestamp>776.593513</timestamp>
			</report>
			<report>
				<misses>90400000</misses>
				<total>0</total>
				<timestamp>777.517474</timestamp>
			</report>
			<report>
				<misses>90500000</misses>
				<total>0</total>
				<timestamp>778.385138</timestamp>
			</report>
			<report>
				<misses>90600000</misses>
				<total>0</total>
				<timestamp>779.287141</timestamp>
			</report>
			<report>
				<misses>90700000</misses>
				<total>0</total>
				<timestamp>780.114061</timestamp>
			</report>
			<report>
				<misses>90800000</misses>
				<total>0</total>
				<timestamp>780.974242</timestamp>
			</report>
			<report>
				<misses>90900000</misses>
				<total>0</total>
				<timestamp>781.829981</timestamp>
			</report>
			<report>
				<misses>91000000</misses>
				<total>0</total>
				<timestamp>782.765109</timestamp>
			</report>
			<report>
				<misses>91100000</misses>
				<total>0</total>
				<timestamp>783.595939</timestamp>
			</report>
			<report>
				<misses>91200000</misses>
				<total>0</total>
				<timestamp>784.537835</timestamp>
			</report>
			<report>
				<misses>91300000</misses>
				<total>0</total>
				<timestamp>785.403142</timestamp>
			</report>
			<report>
				<misses>91400000</misses>
				<total>0</total>
				<timestamp>786.255250</timestamp>
			</report>
			<report>
				<misses>91500000</misses>
				<total>0</total>
				<timestamp>787.096099</timestamp>
			</report>
			<report>
				<misses>91600000</misses>
				<total>0</total>
				<timestamp>787.927581</timestamp>
			</report>
			<report>
				<misses>91700000</misses>
				<total>0</total>
				<timestamp>788.792726</timestamp>
			</report>
			<report>
				<misses>91800000</misses>
				<total>0</total>
				<timestamp>789.689670</timestamp>
			</report>
			<report>
				<misses>91900000</misses>
				<total>0</total>
				<timestamp>790.572641</timestamp>
			</report>
			<report>
				<misses>92000000</misses>
				<total>0</total>
				<timestamp>791.451925</timestamp>
			</report>
			<report>
				<misses>92100000</misses>
				<total>0</total>
				<timestamp>792.266352</timestamp>
			</report>
			<report>
				<misses>92200000</misses>
				<total>0</total>
				<timestamp>793.109212</timestamp>
			</report>
			<report>
				<misses>92300000</misses>
				<total>0</total>
				<timestamp>793.994120</timestamp>
			</report>
			<report>
				<misses>92400000</misses>
				<total>0</total>
				<timestamp>794.814511</timestamp>
			</report>
			<report>
				<misses>92500000</misses>
				<total>0</total>
				<timestamp>795.713457</timestamp>
			</report>
			<report>
				<misses>92600000</misses>
				<total>0</total>
				<timestamp>796.562424</timestamp>
			</report>
			<report>
				<misses>92700000</misses>
				<total>0</total>
				<timestamp>797.437704</timestamp>
			</report>
			<report>
				<misses>92800000</misses>
				<total>0</total>
				<timestamp>798.310074</timestamp>
			</report>
			<report>
				<misses>92900000</misses>
				<total>0</total>
				<timestamp>799.195963</timestamp>
			</report>
			<report>
				<misses>93000000</misses>
				<total>0</total>
				<timestamp>800.052266</timestamp>
			</report>
			<report>
				<misses>93100000</misses>
				<total>0</total>
				<timestamp>800.895637</timestamp>
			</report>
			<report>
				<misses>93200000</misses>
				<total>0</total>
				<timestamp>801.739106</timestamp>
			</report>
			<report>
				<misses>93300000</misses>
				<total>0</total>
				<timestamp>802.616057</timestamp>
			</report>
			<report>
				<misses>93400000</misses>
				<total>0</total>
				<timestamp>803.517692</timestamp>
			</report>
			<report>
				<misses>93500000</misses>
				<total>0</total>
				<timestamp>804.437333</timestamp>
			</report>
			<report>
				<misses>93600000</misses>
				<total>0</total>
				<timestamp>805.327887</timestamp>
			</report>
			<report>
				<misses>93700000</misses>
				<total>0</total>
				<timestamp>806.228718</timestamp>
			</report>
			<report>
				<misses>93800000</misses>
				<total>0</total>
				<timestamp>807.069392</timestamp>
			</report>
			<report>
				<misses>93900000</misses>
				<total>0</total>
				<timestamp>808.004751</timestamp>
			</report>
			<report>
				<misses>94000000</misses>
				<total>0</total>
				<timestamp>808.866218</timestamp>
			</report>
			<report>
				<misses>94100000</misses>
				<total>0</total>
				<timestamp>809.729193</timestamp>
			</report>
			<report>
				<misses>94200000</misses>
				<total>0</total>
				<timestamp>810.622286</timestamp>
			</report>
			<report>
				<misses>94300000</misses>
				<total>0</total>
				<timestamp>811.508283</timestamp>
			</report>
			<report>
				<misses>94400000</misses>
				<total>0</total>
				<timestamp>812.312577</timestamp>
			</report>
			<report>
				<misses>94500000</misses>
				<total>0</total>
				<timestamp>813.155380</timestamp>
			</report>
			<report>
				<misses>94600000</misses>
				<total>0</total>
				<timestamp>813.999899</timestamp>
			</report>
			<report>
				<misses>94700000</misses>
				<total>0</total>
				<timestamp>814.812165</timestamp>
			</report>
			<report>
				<misses>94800000</misses>
				<total>0</total>
				<timestamp>815.608478</timestamp>
			</report>
			<report>
				<misses>94900000</misses>
				<total>0</total>
				<timestamp>816.439329</timestamp>
			</report>
			<report>
				<misses>95000000</misses>
				<total>0</total>
				<timestamp>817.250596</timestamp>
			</report>
			<report>
				<misses>95100000</misses>
				<total>0</total>
				<timestamp>818.050503</timestamp>
			</report>
			<report>
				<misses>95200000</misses>
				<total>0</total>
				<timestamp>818.957424</timestamp>
			</report>
			<report>
				<misses>95300000</misses>
				<total>0</total>
				<timestamp>819.860985</timestamp>
			</report>
			<report>
				<misses>95400000</misses>
				<total>0</total>
				<timestamp>820.719082</timestamp>
			</report>
			<report>
				<misses>95500000</misses>
				<total>0</total>
				<timestamp>821.609012</timestamp>
			</report>
			<report>
				<misses>95600000</misses>
				<total>0</total>
				<timestamp>822.488760</timestamp>
			</report>
			<report>
				<misses>95700000</misses>
				<total>0</total>
				<timestamp>823.331258</timestamp>
			</report>
			<report>
				<misses>95800000</misses>
				<total>0</total>
				<timestamp>824.231289</timestamp>
			</report>
			<report>
				<misses>95900000</misses>
				<total>0</total>
				<timestamp>825.089384</timestamp>
			</report>
			<report>
				<misses>96000000</misses>
				<total>0</total>
				<timestamp>825.964462</timestamp>
			</report>
			<report>
				<misses>96100000</misses>
				<total>0</total>
				<timestamp>826.785187</timestamp>
			</report>
			<report>
				<misses>96200000</misses>
				<total>0</total>
				<timestamp>827.657500</timestamp>
			</report>
			<report>
				<misses>96300000</misses>
				<total>0</total>
				<timestamp>828.532513</timestamp>
			</report>
			<report>
				<misses>96400000</misses>
				<total>0</total>
				<timestamp>829.386714</timestamp>
			</report>
			<report>
				<misses>96500000</misses>
				<total>0</total>
				<timestamp>830.190107</timestamp>
			</report>
			<report>
				<misses>96600000</misses>
				<total>0</total>
				<timestamp>831.002908</timestamp>
			</report>
			<report>
				<misses>96700000</misses>
				<total>0</total>
				<timestamp>831.812087</timestamp>
			</report>
			<report>
				<misses>96800000</misses>
				<total>0</total>
				<timestamp>832.649643</timestamp>
			</report>
			<report>
				<misses>96900000</misses>
				<total>0</total>
				<timestamp>833.460685</timestamp>
			</report>
			<report>
				<misses>97000000</misses>
				<total>0</total>
				<timestamp>834.316391</timestamp>
			</report>
			<report>
				<misses>97100000</misses>
				<total>0</total>
				<timestamp>835.113063</timestamp>
			</report>
			<report>
				<misses>97200000</misses>
				<total>0</total>
				<timestamp>835.896759</timestamp>
			</report>
			<report>
				<misses>97300000</misses>
				<total>0</total>
				<timestamp>836.709838</timestamp>
			</report>
			<report>
				<misses>97400000</misses>
				<total>0</total>
				<timestamp>837.585664</timestamp>
			</report>
			<report>
				<misses>97500000</misses>
				<total>0</total>
				<timestamp>838.449931</timestamp>
			</report>
			<report>
				<misses>97600000</misses>
				<total>0</total>
				<timestamp>839.344332</timestamp>
			</report>
			<report>
				<misses>97700000</misses>
				<total>0</total>
				<timestamp>840.279164</timestamp>
			</report>
			<report>
				<misses>97800000</misses>
				<total>0</total>
				<timestamp>841.116805</timestamp>
			</report>
			<report>
				<misses>97900000</misses>
				<total>0</total>
				<timestamp>841.990726</timestamp>
			</report>
			<report>
				<misses>98000000</misses>
				<total>0</total>
				<timestamp>842.875139</timestamp>
			</report>
			<report>
				<misses>98100000</misses>
				<total>0</total>
				<timestamp>843.684675</timestamp>
			</report>
			<report>
				<misses>98200000</misses>
				<total>0</total>
				<timestamp>844.535039</timestamp>
			</report>
			<report>
				<misses>98300000</misses>
				<total>0</total>
				<timestamp>845.415149</timestamp>
			</report>
			<report>
				<misses>98400000</misses>
				<total>0</total>
				<timestamp>846.243910</timestamp>
			</report>
			<report>
				<misses>98500000</misses>
				<total>0</total>
				<timestamp>847.116806</timestamp>
			</report>
			<report>
				<misses>98600000</misses>
				<total>0</total>
				<timestamp>848.019674</timestamp>
			</report>
			<report>
				<misses>98700000</misses>
				<total>0</total>
				<timestamp>848.820471</timestamp>
			</report>
			<report>
				<misses>98800000</misses>
				<total>0</total>
				<timestamp>849.660185</timestamp>
			</report>
			<report>
				<misses>98900000</misses>
				<total>0</total>
				<timestamp>850.530826</timestamp>
			</report>
			<report>
				<misses>99000000</misses>
				<total>0</total>
				<timestamp>851.355999</timestamp>
			</report>
			<report>
				<misses>99100000</misses>
				<total>0</total>
				<timestamp>852.192939</timestamp>
			</report>
			<report>
				<misses>99200000</misses>
				<total>0</total>
				<timestamp>853.051867</timestamp>
			</report>
			<report>
				<misses>99300000</misses>
				<total>0</total>
				<timestamp>853.890182</timestamp>
			</report>
			<report>
				<misses>99400000</misses>
				<total>0</total>
				<timestamp>854.712143</timestamp>
			</report>
			<report>
				<misses>99500000</misses>
				<total>0</total>
				<timestamp>855.597041</timestamp>
			</report>
			<report>
				<misses>99600000</misses>
				<total>0</total>
				<timestamp>856.489071</timestamp>
			</report>
			<report>
				<misses>99700000</misses>
				<total>0</total>
				<timestamp>857.345760</timestamp>
			</report>
			<report>
				<misses>99800000</misses>
				<total>0</total>
				<timestamp>858.180483</timestamp>
			</report>
			<report>
				<misses>99900000</misses>
				<total>0</total>
				<timestamp>859.046471</timestamp>
			</report>
			<report>
				<misses>100000000</misses>
				<total>0</total>
				<timestamp>859.898111</timestamp>
			</report>
			<report>
				<misses>100100000</misses>
				<total>0</total>
				<timestamp>860.743584</timestamp>
			</report>
			<report>
				<misses>100200000</misses>
				<total>0</total>
				<timestamp>861.620129</timestamp>
			</report>
			<report>
				<misses>100300000</misses>
				<total>0</total>
				<timestamp>862.510312</timestamp>
			</report>
			<report>
				<misses>100400000</misses>
				<total>0</total>
				<timestamp>863.356753</timestamp>
			</report>
			<report>
				<misses>100500000</misses>
				<total>0</total>
				<timestamp>864.154344</timestamp>
			</report>
			<report>
				<misses>100600000</misses>
				<total>0</total>
				<timestamp>865.029162</timestamp>
			</report>
			<report>
				<misses>100700000</misses>
				<total>0</total>
				<timestamp>865.843803</timestamp>
			</report>
			<report>
				<misses>100800000</misses>
				<total>0</total>
				<timestamp>866.651692</timestamp>
			</report>
			<report>
				<misses>100900000</misses>
				<total>0</total>
				<timestamp>867.495878</timestamp>
			</report>
			<report>
				<misses>101000000</misses>
				<total>0</total>
				<timestamp>868.302941</timestamp>
			</report>
			<report>
				<misses>101100000</misses>
				<total>0</total>
				<timestamp>869.153225</timestamp>
			</report>
			<report>
				<misses>101200000</misses>
				<total>0</total>
				<timestamp>870.008850</timestamp>
			</report>
			<report>
				<misses>101300000</misses>
				<total>0</total>
				<timestamp>870.816221</timestamp>
			</report>
			<report>
				<misses>101400000</misses>
				<total>0</total>
				<timestamp>871.663687</timestamp>
			</report>
			<report>
				<misses>101500000</misses>
				<total>0</total>
				<timestamp>872.510390</timestamp>
			</report>
			<report>
				<misses>101600000</misses>
				<total>0</total>
				<timestamp>873.357631</timestamp>
			</report>
			<report>
				<misses>101700000</misses>
				<total>0</total>
				<timestamp>874.234950</timestamp>
			</report>
			<report>
				<misses>101800000</misses>
				<total>0</total>
				<timestamp>875.098649</timestamp>
			</report>
			<report>
				<misses>101900000</misses>
				<total>0</total>
				<timestamp>875.951350</timestamp>
			</report>
			<report>
				<misses>102000000</misses>
				<total>0</total>
				<timestamp>876.806526</timestamp>
			</report>
			<report>
				<misses>102100000</misses>
				<total>0</total>
				<timestamp>877.662291</timestamp>
			</report>
			<report>
				<misses>102200000</misses>
				<total>0</total>
				<timestamp>878.525207</timestamp>
			</report>
			<report>
				<misses>102300000</misses>
				<total>0</total>
				<timestamp>879.394498</timestamp>
			</report>
			<report>
				<misses>102400000</misses>
				<total>0</total>
				<timestamp>880.243333</timestamp>
			</report>
			<report>
				<misses>102500000</misses>
				<total>0</total>
				<timestamp>881.084264</timestamp>
			</report>
			<report>
				<misses>102600000</misses>
				<total>0</total>
				<timestamp>881.967828</timestamp>
			</report>
			<report>
				<misses>102700000</misses>
				<total>0</total>
				<timestamp>882.793801</timestamp>
			</report>
			<report>
				<misses>102800000</misses>
				<total>0</total>
				<timestamp>883.654681</timestamp>
			</report>
			<report>
				<misses>102900000</misses>
				<total>0</total>
				<timestamp>884.503420</timestamp>
			</report>
			<report>
				<misses>103000000</misses>
				<total>0</total>
				<timestamp>885.353848</timestamp>
			</report>
			<report>
				<misses>103100000</misses>
				<total>0</total>
				<timestamp>886.198919</timestamp>
			</report>
			<report>
				<misses>103200000</misses>
				<total>0</total>
				<timestamp>887.039506</timestamp>
			</report>
			<report>
				<misses>103300000</misses>
				<total>0</total>
				<timestamp>887.846858</timestamp>
			</report>
			<report>
				<misses>103400000</misses>
				<total>0</total>
				<timestamp>888.648161</timestamp>
			</report>
			<report>
				<misses>103500000</misses>
				<total>0</total>
				<timestamp>889.455155</timestamp>
			</report>
			<report>
				<misses>103600000</misses>
				<total>0</total>
				<timestamp>890.265207</timestamp>
			</report>
			<report>
				<misses>103700000</misses>
				<total>0</total>
				<timestamp>891.139100</timestamp>
			</report>
			<report>
				<misses>103800000</misses>
				<total>0</total>
				<timestamp>891.974870</timestamp>
			</report>
			<report>
				<misses>103900000</misses>
				<total>0</total>
				<timestamp>892.772400</timestamp>
			</report>
			<report>
				<misses>104000000</misses>
				<total>0</total>
				<timestamp>893.580197</timestamp>
			</report>
			<report>
				<misses>104100000</misses>
				<total>0</total>
				<timestamp>894.478715</timestamp>
			</report>
			<report>
				<misses>104200000</misses>
				<total>0</total>
				<timestamp>895.348860</timestamp>
			</report>
			<report>
				<misses>104300000</misses>
				<total>0</total>
				<timestamp>896.213278</timestamp>
			</report>
			<report>
				<misses>104400000</misses>
				<total>0</total>
				<timestamp>897.126494</timestamp>
			</report>
			<report>
				<misses>104500000</misses>
				<total>0</total>
				<timestamp>898.000163</timestamp>
			</report>
			<report>
				<misses>104600000</misses>
				<total>0</total>
				<timestamp>898.849330</timestamp>
			</report>
			<report>
				<misses>104700000</misses>
				<total>0</total>
				<timestamp>899.705445</timestamp>
			</report>
			<report>
				<misses>104800000</misses>
				<total>0</total>
				<timestamp>900.573824</timestamp>
			</report>
			<report>
				<misses>104900000</misses>
				<total>0</total>
				<timestamp>901.408808</timestamp>
			</report>
			<report>
				<misses>105000000</misses>
				<total>0</total>
				<timestamp>902.337206</timestamp>
			</report>
			<report>
				<misses>105100000</misses>
				<total>0</total>
				<timestamp>903.228679</timestamp>
			</report>
			<report>
				<misses>105200000</misses>
				<total>0</total>
				<timestamp>904.130319</timestamp>
			</report>
			<report>
				<misses>105300000</misses>
				<total>0</total>
				<timestamp>905.018743</timestamp>
			</report>
			<report>
				<misses>105400000</misses>
				<total>0</total>
				<timestamp>905.871105</timestamp>
			</report>
			<report>
				<misses>105500000</misses>
				<total>0</total>
				<timestamp>906.665586</timestamp>
			</report>
			<report>
				<misses>105600000</misses>
				<total>0</total>
				<timestamp>907.592037</timestamp>
			</report>
			<report>
				<misses>105700000</misses>
				<total>0</total>
				<timestamp>908.466802</timestamp>
			</report>
			<report>
				<misses>105800000</misses>
				<total>0</total>
				<timestamp>909.379146</timestamp>
			</report>
			<report>
				<misses>105900000</misses>
				<total>0</total>
				<timestamp>910.210637</timestamp>
			</report>
			<report>
				<misses>106000000</misses>
				<total>0</total>
				<timestamp>910.977181</timestamp>
			</report>
			<report>
				<misses>106100000</misses>
				<total>0</total>
				<timestamp>911.788764</timestamp>
			</report>
			<report>
				<misses>106200000</misses>
				<total>0</total>
				<timestamp>912.653167</timestamp>
			</report>
			<report>
				<misses>106300000</misses>
				<total>0</total>
				<timestamp>913.454408</timestamp>
			</report>
			<report>
				<misses>106400000</misses>
				<total>0</total>
				<timestamp>914.268136</timestamp>
			</report>
			<report>
				<misses>106500000</misses>
				<total>0</total>
				<timestamp>915.059506</timestamp>
			</report>
			<report>
				<misses>106600000</misses>
				<total>0</total>
				<timestamp>915.921321</timestamp>
			</report>
			<report>
				<misses>106700000</misses>
				<total>0</total>
				<timestamp>916.769866</timestamp>
			</report>
			<report>
				<misses>106800000</misses>
				<total>0</total>
				<timestamp>917.633426</timestamp>
			</report>
			<report>
				<misses>106900000</misses>
				<total>0</total>
				<timestamp>918.520776</timestamp>
			</report>
			<report>
				<misses>107000000</misses>
				<total>0</total>
				<timestamp>919.379974</timestamp>
			</report>
			<report>
				<misses>107100000</misses>
				<total>0</total>
				<timestamp>920.233736</timestamp>
			</report>
			<report>
				<misses>107200000</misses>
				<total>0</total>
				<timestamp>921.119194</timestamp>
			</report>
			<report>
				<misses>107300000</misses>
				<total>0</total>
				<timestamp>921.979081</timestamp>
			</report>
			<report>
				<misses>107400000</misses>
				<total>0</total>
				<timestamp>922.832592</timestamp>
			</report>
			<report>
				<misses>107500000</misses>
				<total>0</total>
				<timestamp>923.693231</timestamp>
			</report>
			<report>
				<misses>107600000</misses>
				<total>0</total>
				<timestamp>924.573826</timestamp>
			</report>
			<report>
				<misses>107700000</misses>
				<total>0</total>
				<timestamp>925.396040</timestamp>
			</report>
			<report>
				<misses>107800000</misses>
				<total>0</total>
				<timestamp>926.322521</timestamp>
			</report>
			<report>
				<misses>107900000</misses>
				<total>0</total>
				<timestamp>927.172788</timestamp>
			</report>
			<report>
				<misses>108000000</misses>
				<total>0</total>
				<timestamp>928.034528</timestamp>
			</report>
			<report>
				<misses>108100000</misses>
				<total>0</total>
				<timestamp>928.926010</timestamp>
			</report>
			<report>
				<misses>108200000</misses>
				<total>0</total>
				<timestamp>929.819239</timestamp>
			</report>
			<report>
				<misses>108300000</misses>
				<total>0</total>
				<timestamp>930.665459</timestamp>
			</report>
			<report>
				<misses>108400000</misses>
				<total>0</total>
				<timestamp>931.544292</timestamp>
			</report>
			<report>
				<misses>108500000</misses>
				<total>0</total>
				<timestamp>932.417485</timestamp>
			</report>
			<report>
				<misses>108600000</misses>
				<total>0</total>
				<timestamp>933.267249</timestamp>
			</report>
			<report>
				<misses>108700000</misses>
				<total>0</total>
				<timestamp>934.206817</timestamp>
			</report>
			<report>
				<misses>108800000</misses>
				<total>0</total>
				<timestamp>935.074016</timestamp>
			</report>
			<report>
				<misses>108900000</misses>
				<total>0</total>
				<timestamp>935.921369</timestamp>
			</report>
			<report>
				<misses>109000000</misses>
				<total>0</total>
				<timestamp>936.724574</timestamp>
			</report>
			<report>
				<misses>109100000</misses>
				<total>0</total>
				<timestamp>937.523816</timestamp>
			</report>
			<report>
				<misses>109200000</misses>
				<total>0</total>
				<timestamp>938.314750</timestamp>
			</report>
			<report>
				<misses>109300000</misses>
				<total>0</total>
				<timestamp>939.123593</timestamp>
			</report>
			<report>
				<misses>109400000</misses>
				<total>0</total>
				<timestamp>939.970889</timestamp>
			</report>
			<report>
				<misses>109500000</misses>
				<total>0</total>
				<timestamp>940.833287</timestamp>
			</report>
			<report>
				<misses>109600000</misses>
				<total>0</total>
				<timestamp>941.615661</timestamp>
			</report>
			<report>
				<misses>109700000</misses>
				<total>0</total>
				<timestamp>942.544440</timestamp>
			</report>
			<report>
				<misses>109800000</misses>
				<total>0</total>
				<timestamp>943.382357</timestamp>
			</report>
			<report>
				<misses>109900000</misses>
				<total>0</total>
				<timestamp>944.266057</timestamp>
			</report>
			<report>
				<misses>110000000</misses>
				<total>0</total>
				<timestamp>945.136215</timestamp>
			</report>
			<report>
				<misses>110100000</misses>
				<total>0</total>
				<timestamp>945.988002</timestamp>
			</report>
			<report>
				<misses>110200000</misses>
				<total>0</total>
				<timestamp>946.876838</timestamp>
			</report>
			<report>
				<misses>110300000</misses>
				<total>0</total>
				<timestamp>947.767909</timestamp>
			</report>
			<report>
				<misses>110400000</misses>
				<total>0</total>
				<timestamp>948.683782</timestamp>
			</report>
			<report>
				<misses>110500000</misses>
				<total>0</total>
				<timestamp>949.594523</timestamp>
			</report>
			<report>
				<misses>110600000</misses>
				<total>0</total>
				<timestamp>950.434573</timestamp>
			</report>
			<report>
				<misses>110700000</misses>
				<total>0</total>
				<timestamp>951.305415</timestamp>
			</report>
			<report>
				<misses>110800000</misses>
				<total>0</total>
				<timestamp>952.204563</timestamp>
			</report>
			<report>
				<misses>110900000</misses>
				<total>0</total>
				<timestamp>953.062982</timestamp>
			</report>
			<report>
				<misses>111000000</misses>
				<total>0</total>
				<timestamp>953.947202</timestamp>
			</report>
			<report>
				<misses>111100000</misses>
				<total>0</total>
				<timestamp>954.817627</timestamp>
			</report>
			<report>
				<misses>111200000</misses>
				<total>0</total>
				<timestamp>955.696020</timestamp>
			</report>
			<report>
				<misses>111300000</misses>
				<total>0</total>
				<timestamp>956.571488</timestamp>
			</report>
			<report>
				<misses>111400000</misses>
				<total>0</total>
				<timestamp>957.488547</timestamp>
			</report>
			<report>
				<misses>111500000</misses>
				<total>0</total>
				<timestamp>958.401743</timestamp>
			</report>
			<report>
				<misses>111600000</misses>
				<total>0</total>
				<timestamp>959.292364</timestamp>
			</report>
			<report>
				<misses>111700000</misses>
				<total>0</total>
				<timestamp>960.180778</timestamp>
			</report>
			<report>
				<misses>111800000</misses>
				<total>0</total>
				<timestamp>961.028533</timestamp>
			</report>
			<report>
				<misses>111900000</misses>
				<total>0</total>
				<timestamp>961.883512</timestamp>
			</report>
			<report>
				<misses>112000000</misses>
				<total>0</total>
				<timestamp>962.786698</timestamp>
			</report>
			<report>
				<misses>112100000</misses>
				<total>0</total>
				<timestamp>963.634340</timestamp>
			</report>
			<report>
				<misses>112200000</misses>
				<total>0</total>
				<timestamp>964.459410</timestamp>
			</report>
			<report>
				<misses>112300000</misses>
				<total>0</total>
				<timestamp>965.316492</timestamp>
			</report>
			<report>
				<misses>112400000</misses>
				<total>0</total>
				<timestamp>966.126000</timestamp>
			</report>
			<report>
				<misses>112500000</misses>
				<total>0</total>
				<timestamp>966.940711</timestamp>
			</report>
			<report>
				<misses>112600000</misses>
				<total>0</total>
				<timestamp>967.748808</timestamp>
			</report>
			<report>
				<misses>112700000</misses>
				<total>0</total>
				<timestamp>968.664544</timestamp>
			</report>
			<report>
				<misses>112800000</misses>
				<total>0</total>
				<timestamp>969.582808</timestamp>
			</report>
			<report>
				<misses>112900000</misses>
				<total>0</total>
				<timestamp>970.526495</timestamp>
			</report>
			<report>
				<misses>113000000</misses>
				<total>0</total>
				<timestamp>971.472151</timestamp>
			</report>
			<report>
				<misses>113100000</misses>
				<total>0</total>
				<timestamp>972.332589</timestamp>
			</report>
			<report>
				<misses>113200000</misses>
				<total>0</total>
				<timestamp>973.244597</timestamp>
			</report>
			<report>
				<misses>113300000</misses>
				<total>0</total>
				<timestamp>974.132373</timestamp>
			</report>
			<report>
				<misses>113400000</misses>
				<total>0</total>
				<timestamp>974.985925</timestamp>
			</report>
			<report>
				<misses>113500000</misses>
				<total>0</total>
				<timestamp>975.897519</timestamp>
			</report>
			<report>
				<misses>113600000</misses>
				<total>0</total>
				<timestamp>976.781349</timestamp>
			</report>
			<report>
				<misses>113700000</misses>
				<total>0</total>
				<timestamp>977.691200</timestamp>
			</report>
			<report>
				<misses>113800000</misses>
				<total>0</total>
				<timestamp>978.557242</timestamp>
			</report>
			<report>
				<misses>113900000</misses>
				<total>0</total>
				<timestamp>979.446438</timestamp>
			</report>
			<report>
				<misses>114000000</misses>
				<total>0</total>
				<timestamp>980.254964</timestamp>
			</report>
			<report>
				<misses>114100000</misses>
				<total>0</total>
				<timestamp>981.091068</timestamp>
			</report>
			<report>
				<misses>114200000</misses>
				<total>0</total>
				<timestamp>982.014722</timestamp>
			</report>
			<report>
				<misses>114300000</misses>
				<total>0</total>
				<timestamp>982.817065</timestamp>
			</report>
			<report>
				<misses>114400000</misses>
				<total>0</total>
				<timestamp>983.607894</timestamp>
			</report>
			<report>
				<misses>114500000</misses>
				<total>0</total>
				<timestamp>984.416083</timestamp>
			</report>
			<report>
				<misses>114600000</misses>
				<total>0</total>
				<timestamp>985.210649</timestamp>
			</report>
			<report>
				<misses>114700000</misses>
				<total>0</total>
				<timestamp>986.011800</timestamp>
			</report>
			<report>
				<misses>114800000</misses>
				<total>0</total>
				<timestamp>986.883055</timestamp>
			</report>
			<report>
				<misses>114900000</misses>
				<total>0</total>
				<timestamp>987.752669</timestamp>
			</report>
			<report>
				<misses>115000000</misses>
				<total>0</total>
				<timestamp>988.667551</timestamp>
			</report>
			<report>
				<misses>115100000</misses>
				<total>0</total>
				<timestamp>989.574056</timestamp>
			</report>
			<report>
				<misses>115200000</misses>
				<total>0</total>
				<timestamp>990.491262</timestamp>
			</report>
			<report>
				<misses>115300000</misses>
				<total>0</total>
				<timestamp>991.331654</timestamp>
			</report>
			<report>
				<misses>115400000</misses>
				<total>0</total>
				<timestamp>992.264916</timestamp>
			</report>
			<report>
				<misses>115500000</misses>
				<total>0</total>
				<timestamp>993.101829</timestamp>
			</report>
			<report>
				<misses>115600000</misses>
				<total>0</total>
				<timestamp>994.050769</timestamp>
			</report>
			<report>
				<misses>115700000</misses>
				<total>0</total>
				<timestamp>994.886538</timestamp>
			</report>
			<report>
				<misses>115800000</misses>
				<total>0</total>
				<timestamp>995.756439</timestamp>
			</report>
			<report>
				<misses>115900000</misses>
				<total>0</total>
				<timestamp>996.628428</timestamp>
			</report>
			<report>
				<misses>116000000</misses>
				<total>0</total>
				<timestamp>997.499986</timestamp>
			</report>
			<report>
				<misses>116100000</misses>
				<total>0</total>
				<timestamp>998.353947</timestamp>
			</report>
			<report>
				<misses>116200000</misses>
				<total>0</total>
				<timestamp>999.213970</timestamp>
			</report>
			<report>
				<misses>116300000</misses>
				<total>0</total>
				<timestamp>1000.072922</timestamp>
			</report>
			<report>
				<misses>116400000</misses>
				<total>0</total>
				<timestamp>1000.878391</timestamp>
			</report>
			<report>
				<misses>116500000</misses>
				<total>0</total>
				<timestamp>1001.745145</timestamp>
			</report>
			<report>
				<misses>116600000</misses>
				<total>0</total>
				<timestamp>1002.530678</timestamp>
			</report>
			<report>
				<misses>116700000</misses>
				<total>0</total>
				<timestamp>1003.350107</timestamp>
			</report>
			<report>
				<misses>116800000</misses>
				<total>0</total>
				<timestamp>1004.172460</timestamp>
			</report>
			<report>
				<misses>116900000</misses>
				<total>0</total>
				<timestamp>1004.980279</timestamp>
			</report>
			<report>
				<misses>117000000</misses>
				<total>0</total>
				<timestamp>1005.929037</timestamp>
			</report>
			<report>
				<misses>117100000</misses>
				<total>0</total>
				<timestamp>1006.808862</timestamp>
			</report>
			<report>
				<misses>117200000</misses>
				<total>0</total>
				<timestamp>1007.705504</timestamp>
			</report>
			<report>
				<misses>117300000</misses>
				<total>0</total>
				<timestamp>1008.607392</timestamp>
			</report>
			<report>
				<misses>117400000</misses>
				<total>0</total>
				<timestamp>1009.512695</timestamp>
			</report>
			<report>
				<misses>117500000</misses>
				<total>0</total>
				<timestamp>1010.387511</timestamp>
			</report>
			<report>
				<misses>117600000</misses>
				<total>0</total>
				<timestamp>1011.287112</timestamp>
			</report>
			<report>
				<misses>117700000</misses>
				<total>0</total>
				<timestamp>1012.152250</timestamp>
			</report>
			<report>
				<misses>117800000</misses>
				<total>0</total>
				<timestamp>1013.039005</timestamp>
			</report>
			<report>
				<misses>117900000</misses>
				<total>0</total>
				<timestamp>1013.938823</timestamp>
			</report>
			<report>
				<misses>118000000</misses>
				<total>0</total>
				<timestamp>1014.851879</timestamp>
			</report>
			<report>
				<misses>118100000</misses>
				<total>0</total>
				<timestamp>1015.738070</timestamp>
			</report>
			<report>
				<misses>118200000</misses>
				<total>0</total>
				<timestamp>1016.564506</timestamp>
			</report>
			<report>
				<misses>118300000</misses>
				<total>0</total>
				<timestamp>1017.435492</timestamp>
			</report>
			<report>
				<misses>118400000</misses>
				<total>0</total>
				<timestamp>1018.284805</timestamp>
			</report>
			<report>
				<misses>118500000</misses>
				<total>0</total>
				<timestamp>1019.081001</timestamp>
			</report>
			<report>
				<misses>118600000</misses>
				<total>0</total>
				<timestamp>1019.857222</timestamp>
			</report>
			<report>
				<misses>118700000</misses>
				<total>0</total>
				<timestamp>1020.651209</timestamp>
			</report>
			<report>
				<misses>118800000</misses>
				<total>0</total>
				<timestamp>1021.482638</timestamp>
			</report>
			<report>
				<misses>118900000</misses>
				<total>0</total>
				<timestamp>1022.336070</timestamp>
			</report>
			<report>
				<misses>119000000</misses>
				<total>0</total>
				<timestamp>1023.226102</timestamp>
			</report>
			<report>
				<misses>119100000</misses>
				<total>0</total>
				<timestamp>1024.026382</timestamp>
			</report>
			<report>
				<misses>119200000</misses>
				<total>0</total>
				<timestamp>1024.868816</timestamp>
			</report>
			<report>
				<misses>119300000</misses>
				<total>0</total>
				<timestamp>1025.729618</timestamp>
			</report>
			<report>
				<misses>119400000</misses>
				<total>0</total>
				<timestamp>1026.585072</timestamp>
			</report>
			<report>
				<misses>119500000</misses>
				<total>0</total>
				<timestamp>1027.485002</timestamp>
			</report>
			<report>
				<misses>119600000</misses>
				<total>0</total>
				<timestamp>1028.411033</timestamp>
			</report>
			<report>
				<misses>119700000</misses>
				<total>0</total>
				<timestamp>1029.269192</timestamp>
			</report>
			<report>
				<misses>119800000</misses>
				<total>0</total>
				<timestamp>1030.086012</timestamp>
			</report>
			<report>
				<misses>119900000</misses>
				<total>0</total>
				<timestamp>1030.987680</timestamp>
			</report>
			<report>
				<misses>120000000</misses>
				<total>0</total>
				<timestamp>1031.841500</timestamp>
			</report>
			<report>
				<misses>120100000</misses>
				<total>0</total>
				<timestamp>1032.700749</timestamp>
			</report>
			<report>
				<misses>120200000</misses>
				<total>0</total>
				<timestamp>1033.543480</timestamp>
			</report>
			<report>
				<misses>120300000</misses>
				<total>0</total>
				<timestamp>1034.363402</timestamp>
			</report>
			<report>
				<misses>120400000</misses>
				<total>0</total>
				<timestamp>1035.228672</timestamp>
			</report>
			<report>
				<misses>120500000</misses>
				<total>0</total>
				<timestamp>1036.092897</timestamp>
			</report>
			<report>
				<misses>120600000</misses>
				<total>0</total>
				<timestamp>1036.899714</timestamp>
			</report>
			<report>
				<misses>120700000</misses>
				<total>0</total>
				<timestamp>1037.732035</timestamp>
			</report>
			<report>
				<misses>120800000</misses>
				<total>0</total>
				<timestamp>1038.569431</timestamp>
			</report>
			<report>
				<misses>120900000</misses>
				<total>0</total>
				<timestamp>1039.364532</timestamp>
			</report>
			<report>
				<misses>121000000</misses>
				<total>0</total>
				<timestamp>1040.165842</timestamp>
			</report>
			<report>
				<misses>121100000</misses>
				<total>0</total>
				<timestamp>1040.961059</timestamp>
			</report>
			<report>
				<misses>121200000</misses>
				<total>0</total>
				<timestamp>1041.763035</timestamp>
			</report>
			<report>
				<misses>121300000</misses>
				<total>0</total>
				<timestamp>1042.590498</timestamp>
			</report>
			<report>
				<misses>121400000</misses>
				<total>0</total>
				<timestamp>1043.503654</timestamp>
			</report>
			<report>
				<misses>121500000</misses>
				<total>0</total>
				<timestamp>1044.377676</timestamp>
			</report>
			<report>
				<misses>121600000</misses>
				<total>0</total>
				<timestamp>1045.258185</timestamp>
			</report>
			<report>
				<misses>121700000</misses>
				<total>0</total>
				<timestamp>1046.188257</timestamp>
			</report>
			<report>
				<misses>121800000</misses>
				<total>0</total>
				<timestamp>1047.070535</timestamp>
			</report>
			<report>
				<misses>121900000</misses>
				<total>0</total>
				<timestamp>1047.966764</timestamp>
			</report>
			<report>
				<misses>122000000</misses>
				<total>0</total>
				<timestamp>1048.871367</timestamp>
			</report>
			<report>
				<misses>122100000</misses>
				<total>0</total>
				<timestamp>1049.787425</timestamp>
			</report>
			<report>
				<misses>122200000</misses>
				<total>0</total>
				<timestamp>1050.651706</timestamp>
			</report>
			<report>
				<misses>122300000</misses>
				<total>0</total>
				<timestamp>1051.563033</timestamp>
			</report>
			<report>
				<misses>122400000</misses>
				<total>0</total>
				<timestamp>1052.438879</timestamp>
			</report>
			<report>
				<misses>122500000</misses>
				<total>0</total>
				<timestamp>1053.261965</timestamp>
			</report>
			<report>
				<misses>122600000</misses>
				<total>0</total>
				<timestamp>1054.113120</timestamp>
			</report>
			<report>
				<misses>122700000</misses>
				<total>0</total>
				<timestamp>1055.011141</timestamp>
			</report>
			<report>
				<misses>122800000</misses>
				<total>0</total>
				<timestamp>1055.828919</timestamp>
			</report>
			<report>
				<misses>122900000</misses>
				<total>0</total>
				<timestamp>1056.712127</timestamp>
			</report>
			<report>
				<misses>123000000</misses>
				<total>0</total>
				<timestamp>1057.566345</timestamp>
			</report>
			<report>
				<misses>123100000</misses>
				<total>0</total>
				<timestamp>1058.387521</timestamp>
			</report>
			<report>
				<misses>123200000</misses>
				<total>0</total>
				<timestamp>1059.241352</timestamp>
			</report>
			<report>
				<misses>123300000</misses>
				<total>0</total>
				<timestamp>1060.126060</timestamp>
			</report>
			<report>
				<misses>123400000</misses>
				<total>0</total>
				<timestamp>1061.014763</timestamp>
			</report>
			<report>
				<misses>123500000</misses>
				<total>0</total>
				<timestamp>1061.924009</timestamp>
			</report>
			<report>
				<misses>123600000</misses>
				<total>0</total>
				<timestamp>1062.790907</timestamp>
			</report>
			<report>
				<misses>123700000</misses>
				<total>0</total>
				<timestamp>1063.681145</timestamp>
			</report>
			<report>
				<misses>123800000</misses>
				<total>0</total>
				<timestamp>1064.565074</timestamp>
			</report>
			<report>
				<misses>123900000</misses>
				<total>0</total>
				<timestamp>1065.417065</timestamp>
			</report>
			<report>
				<misses>124000000</misses>
				<total>0</total>
				<timestamp>1066.238798</timestamp>
			</report>
			<report>
				<misses>124100000</misses>
				<total>0</total>
				<timestamp>1067.105698</timestamp>
			</report>
			<report>
				<misses>124200000</misses>
				<total>0</total>
				<timestamp>1068.026633</timestamp>
			</report>
			<report>
				<misses>124300000</misses>
				<total>0</total>
				<timestamp>1068.900987</timestamp>
			</report>
			<report>
				<misses>124400000</misses>
				<total>0</total>
				<timestamp>1069.776511</timestamp>
			</report>
			<report>
				<misses>124500000</misses>
				<total>0</total>
				<timestamp>1070.619400</timestamp>
			</report>
			<report>
				<misses>124600000</misses>
				<total>0</total>
				<timestamp>1071.446093</timestamp>
			</report>
			<report>
				<misses>124700000</misses>
				<total>0</total>
				<timestamp>1072.261845</timestamp>
			</report>
			<report>
				<misses>124800000</misses>
				<total>0</total>
				<timestamp>1073.095482</timestamp>
			</report>
			<report>
				<misses>124900000</misses>
				<total>0</total>
				<timestamp>1073.916931</timestamp>
			</report>
			<report>
				<misses>125000000</misses>
				<total>0</total>
				<timestamp>1074.752306</timestamp>
			</report>
			<report>
				<misses>125100000</misses>
				<total>0</total>
				<timestamp>1075.617249</timestamp>
			</report>
			<report>
				<misses>125200000</misses>
				<total>0</total>
				<timestamp>1076.473839</timestamp>
			</report>
			<report>
				<misses>125300000</misses>
				<total>0</total>
				<timestamp>1077.300994</timestamp>
			</report>
			<report>
				<misses>125400000</misses>
				<total>0</total>
				<timestamp>1078.128233</timestamp>
			</report>
			<report>
				<misses>125500000</misses>
				<total>0</total>
				<timestamp>1079.002638</timestamp>
			</report>
			<report>
				<misses>125600000</misses>
				<total>0</total>
				<timestamp>1079.831493</timestamp>
			</report>
			<report>
				<misses>125700000</misses>
				<total>0</total>
				<timestamp>1080.685148</timestamp>
			</report>
			<report>
				<misses>125800000</misses>
				<total>0</total>
				<timestamp>1081.553224</timestamp>
			</report>
			<report>
				<misses>125900000</misses>
				<total>0</total>
				<timestamp>1082.516352</timestamp>
			</report>
			<report>
				<misses>126000000</misses>
				<total>0</total>
				<timestamp>1083.351818</timestamp>
			</report>
			<report>
				<misses>126100000</misses>
				<total>0</total>
				<timestamp>1084.223363</timestamp>
			</report>
			<report>
				<misses>126200000</misses>
				<total>0</total>
				<timestamp>1085.118832</timestamp>
			</report>
			<report>
				<misses>126300000</misses>
				<total>0</total>
				<timestamp>1085.962711</timestamp>
			</report>
			<report>
				<misses>126400000</misses>
				<total>0</total>
				<timestamp>1086.883149</timestamp>
			</report>
			<report>
				<misses>126500000</misses>
				<total>0</total>
				<timestamp>1087.707707</timestamp>
			</report>
			<report>
				<misses>126600000</misses>
				<total>0</total>
				<timestamp>1088.582428</timestamp>
			</report>
			<report>
				<misses>126700000</misses>
				<total>0</total>
				<timestamp>1089.421473</timestamp>
			</report>
			<report>
				<misses>126800000</misses>
				<total>0</total>
				<timestamp>1090.257927</timestamp>
			</report>
			<report>
				<misses>126900000</misses>
				<total>0</total>
				<timestamp>1091.102100</timestamp>
			</report>
			<report>
				<misses>127000000</misses>
				<total>0</total>
				<timestamp>1091.891626</timestamp>
			</report>
			<report>
				<misses>127100000</misses>
				<total>0</total>
				<timestamp>1092.790389</timestamp>
			</report>
			<report>
				<misses>127200000</misses>
				<total>0</total>
				<timestamp>1093.618522</timestamp>
			</report>
			<report>
				<misses>127300000</misses>
				<total>0</total>
				<timestamp>1094.421534</timestamp>
			</report>
			<report>
				<misses>127400000</misses>
				<total>0</total>
				<timestamp>1095.261419</timestamp>
			</report>
			<report>
				<misses>127500000</misses>
				<total>0</total>
				<timestamp>1096.095904</timestamp>
			</report>
			<report>
				<misses>127600000</misses>
				<total>0</total>
				<timestamp>1096.889246</timestamp>
			</report>
			<report>
				<misses>127700000</misses>
				<total>0</total>
				<timestamp>1097.694315</timestamp>
			</report>
			<report>
				<misses>127800000</misses>
				<total>0</total>
				<timestamp>1098.490898</timestamp>
			</report>
			<report>
				<misses>127900000</misses>
				<total>0</total>
				<timestamp>1099.319381</timestamp>
			</report>
			<report>
				<misses>128000000</misses>
				<total>0</total>
				<timestamp>1100.212765</timestamp>
			</report>
			<report>
				<misses>128100000</misses>
				<total>0</total>
				<timestamp>1101.066849</timestamp>
			</report>
			<report>
				<misses>128200000</misses>
				<total>0</total>
				<timestamp>1101.940731</timestamp>
			</report>
			<report>
				<misses>128300000</misses>
				<total>0</total>
				<timestamp>1102.852429</timestamp>
			</report>
			<report>
				<misses>128400000</misses>
				<total>0</total>
				<timestamp>1103.727195</timestamp>
			</report>
			<report>
				<misses>128500000</misses>
				<total>0</total>
				<timestamp>1104.634185</timestamp>
			</report>
			<report>
				<misses>128600000</misses>
				<total>0</total>
				<timestamp>1105.483312</timestamp>
			</report>
			<report>
				<misses>128700000</misses>
				<total>0</total>
				<timestamp>1106.306614</timestamp>
			</report>
			<report>
				<misses>128800000</misses>
				<total>0</total>
				<timestamp>1107.160097</timestamp>
			</report>
			<report>
				<misses>128900000</misses>
				<total>0</total>
				<timestamp>1108.038593</timestamp>
			</report>
			<report>
				<misses>129000000</misses>
				<total>0</total>
				<timestamp>1108.870796</timestamp>
			</report>
			<report>
				<misses>129100000</misses>
				<total>0</total>
				<timestamp>1109.759866</timestamp>
			</report>
			<report>
				<misses>129200000</misses>
				<total>0</total>
				<timestamp>1110.643329</timestamp>
			</report>
			<report>
				<misses>129300000</misses>
				<total>0</total>
				<timestamp>1111.538585</timestamp>
			</report>
			<report>
				<misses>129400000</misses>
				<total>0</total>
				<timestamp>1112.360476</timestamp>
			</report>
			<report>
				<misses>129500000</misses>
				<total>0</total>
				<timestamp>1113.168737</timestamp>
			</report>
			<report>
				<misses>129600000</misses>
				<total>0</total>
				<timestamp>1114.005219</timestamp>
			</report>
			<report>
				<misses>129700000</misses>
				<total>0</total>
				<timestamp>1114.841395</timestamp>
			</report>
			<report>
				<misses>129800000</misses>
				<total>0</total>
				<timestamp>1115.677533</timestamp>
			</report>
			<report>
				<misses>129900000</misses>
				<total>0</total>
				<timestamp>1116.488361</timestamp>
			</report>
			<report>
				<misses>130000000</misses>
				<total>0</total>
				<timestamp>1117.333624</timestamp>
			</report>
			<report>
				<misses>130100000</misses>
				<total>0</total>
				<timestamp>1118.136841</timestamp>
			</report>
			<report>
				<misses>130200000</misses>
				<total>0</total>
				<timestamp>1118.952762</timestamp>
			</report>
			<report>
				<misses>130300000</misses>
				<total>0</total>
				<timestamp>1119.762302</timestamp>
			</report>
			<report>
				<misses>130400000</misses>
				<total>0</total>
				<timestamp>1120.576298</timestamp>
			</report>
			<report>
				<misses>130500000</misses>
				<total>0</total>
				<timestamp>1121.391998</timestamp>
			</report>
			<report>
				<misses>130600000</misses>
				<total>0</total>
				<timestamp>1122.210873</timestamp>
			</report>
			<report>
				<misses>130700000</misses>
				<total>0</total>
				<timestamp>1123.069845</timestamp>
			</report>
			<report>
				<misses>130800000</misses>
				<total>0</total>
				<timestamp>1123.902180</timestamp>
			</report>
			<report>
				<misses>130900000</misses>
				<total>0</total>
				<timestamp>1124.833467</timestamp>
			</report>
			<report>
				<misses>131000000</misses>
				<total>0</total>
				<timestamp>1125.684840</timestamp>
			</report>
			<report>
				<misses>131100000</misses>
				<total>0</total>
				<timestamp>1126.595601</timestamp>
			</report>
			<report>
				<misses>131200000</misses>
				<total>0</total>
				<timestamp>1127.425188</timestamp>
			</report>
			<report>
				<misses>131300000</misses>
				<total>0</total>
				<timestamp>1128.328084</timestamp>
			</report>
			<report>
				<misses>131400000</misses>
				<total>0</total>
				<timestamp>1129.192337</timestamp>
			</report>
			<report>
				<misses>131500000</misses>
				<total>0</total>
				<timestamp>1130.035910</timestamp>
			</report>
			<report>
				<misses>131600000</misses>
				<total>0</total>
				<timestamp>1130.881166</timestamp>
			</report>
			<report>
				<misses>131700000</misses>
				<total>0</total>
				<timestamp>1131.699580</timestamp>
			</report>
			<report>
				<misses>131800000</misses>
				<total>0</total>
				<timestamp>1132.548855</timestamp>
			</report>
			<report>
				<misses>131900000</misses>
				<total>0</total>
				<timestamp>1133.444574</timestamp>
			</report>
			<report>
				<misses>132000000</misses>
				<total>0</total>
				<timestamp>1134.277831</timestamp>
			</report>
			<report>
				<misses>132100000</misses>
				<total>0</total>
				<timestamp>1135.125410</timestamp>
			</report>
			<report>
				<misses>132200000</misses>
				<total>0</total>
				<timestamp>1135.945556</timestamp>
			</report>
			<report>
				<misses>132300000</misses>
				<total>0</total>
				<timestamp>1136.826420</timestamp>
			</report>
			<report>
				<misses>132400000</misses>
				<total>0</total>
				<timestamp>1137.749918</timestamp>
			</report>
			<report>
				<misses>132500000</misses>
				<total>0</total>
				<timestamp>1138.601072</timestamp>
			</report>
			<report>
				<misses>132600000</misses>
				<total>0</total>
				<timestamp>1139.445480</timestamp>
			</report>
			<report>
				<misses>132700000</misses>
				<total>0</total>
				<timestamp>1140.303726</timestamp>
			</report>
			<report>
				<misses>132800000</misses>
				<total>0</total>
				<timestamp>1141.083107</timestamp>
			</report>
			<report>
				<misses>132900000</misses>
				<total>0</total>
				<timestamp>1141.882222</timestamp>
			</report>
			<report>
				<misses>133000000</misses>
				<total>0</total>
				<timestamp>1142.733639</timestamp>
			</report>
			<report>
				<misses>133100000</misses>
				<total>0</total>
				<timestamp>1143.578180</timestamp>
			</report>
			<report>
				<misses>133200000</misses>
				<total>0</total>
				<timestamp>1144.425776</timestamp>
			</report>
			<report>
				<misses>133300000</misses>
				<total>0</total>
				<timestamp>1145.243268</timestamp>
			</report>
			<report>
				<misses>133400000</misses>
				<total>0</total>
				<timestamp>1146.053636</timestamp>
			</report>
			<report>
				<misses>133500000</misses>
				<total>0</total>
				<timestamp>1146.894248</timestamp>
			</report>
			<report>
				<misses>133600000</misses>
				<total>0</total>
				<timestamp>1147.775163</timestamp>
			</report>
			<report>
				<misses>133700000</misses>
				<total>0</total>
				<timestamp>1148.677614</timestamp>
			</report>
			<report>
				<misses>133800000</misses>
				<total>0</total>
				<timestamp>1149.585013</timestamp>
			</report>
			<report>
				<misses>133900000</misses>
				<total>0</total>
				<timestamp>1150.488399</timestamp>
			</report>
			<report>
				<misses>134000000</misses>
				<total>0</total>
				<timestamp>1151.383913</timestamp>
			</report>
			<report>
				<misses>134100000</misses>
				<total>0</total>
				<timestamp>1152.260407</timestamp>
			</report>
			<report>
				<misses>134200000</misses>
				<total>0</total>
				<timestamp>1153.169148</timestamp>
			</report>
			<report>
				<misses>134300000</misses>
				<total>0</total>
				<timestamp>1154.054761</timestamp>
			</report>
			<report>
				<misses>134400000</misses>
				<total>0</total>
				<timestamp>1154.906462</timestamp>
			</report>
			<report>
				<misses>134500000</misses>
				<total>0</total>
				<timestamp>1155.750401</timestamp>
			</report>
			<report>
				<misses>134600000</misses>
				<total>0</total>
				<timestamp>1156.634222</timestamp>
			</report>
			<report>
				<misses>134700000</misses>
				<total>0</total>
				<timestamp>1157.484266</timestamp>
			</report>
			<report>
				<misses>134800000</misses>
				<total>0</total>
				<timestamp>1158.386724</timestamp>
			</report>
			<report>
				<misses>134900000</misses>
				<total>0</total>
				<timestamp>1159.287005</timestamp>
			</report>
			<report>
				<misses>135000000</misses>
				<total>0</total>
				<timestamp>1160.123860</timestamp>
			</report>
			<report>
				<misses>135100000</misses>
				<total>0</total>
				<timestamp>1161.014181</timestamp>
			</report>
			<report>
				<misses>135200000</misses>
				<total>0</total>
				<timestamp>1161.814154</timestamp>
			</report>
			<report>
				<misses>135300000</misses>
				<total>0</total>
				<timestamp>1162.619657</timestamp>
			</report>
			<report>
				<misses>135400000</misses>
				<total>0</total>
				<timestamp>1163.401714</timestamp>
			</report>
			<report>
				<misses>135500000</misses>
				<total>0</total>
				<timestamp>1164.232838</timestamp>
			</report>
			<report>
				<misses>135600000</misses>
				<total>0</total>
				<timestamp>1165.135441</timestamp>
			</report>
			<report>
				<misses>135700000</misses>
				<total>0</total>
				<timestamp>1166.059889</timestamp>
			</report>
			<report>
				<misses>135800000</misses>
				<total>0</total>
				<timestamp>1166.923889</timestamp>
			</report>
			<report>
				<misses>135900000</misses>
				<total>0</total>
				<timestamp>1167.819089</timestamp>
			</report>
			<report>
				<misses>136000000</misses>
				<total>0</total>
				<timestamp>1168.753106</timestamp>
			</report>
			<report>
				<misses>136100000</misses>
				<total>0</total>
				<timestamp>1169.674800</timestamp>
			</report>
			<report>
				<misses>136200000</misses>
				<total>0</total>
				<timestamp>1170.610097</timestamp>
			</report>
			<report>
				<misses>136300000</misses>
				<total>0</total>
				<timestamp>1171.524952</timestamp>
			</report>
			<report>
				<misses>136400000</misses>
				<total>0</total>
				<timestamp>1172.497705</timestamp>
			</report>
			<report>
				<misses>136500000</misses>
				<total>0</total>
				<timestamp>1173.450666</timestamp>
			</report>
			<report>
				<misses>136600000</misses>
				<total>0</total>
				<timestamp>1174.334145</timestamp>
			</report>
			<report>
				<misses>136700000</misses>
				<total>0</total>
				<timestamp>1175.281355</timestamp>
			</report>
			<report>
				<misses>136800000</misses>
				<total>0</total>
				<timestamp>1176.138702</timestamp>
			</report>
			<report>
				<misses>136900000</misses>
				<total>0</total>
				<timestamp>1177.063848</timestamp>
			</report>
			<report>
				<misses>137000000</misses>
				<total>0</total>
				<timestamp>1177.877455</timestamp>
			</report>
			<report>
				<misses>137100000</misses>
				<total>0</total>
				<timestamp>1178.667242</timestamp>
			</report>
			<report>
				<misses>137200000</misses>
				<total>0</total>
				<timestamp>1179.464657</timestamp>
			</report>
			<report>
				<misses>137300000</misses>
				<total>0</total>
				<timestamp>1180.400717</timestamp>
			</report>
			<report>
				<misses>137400000</misses>
				<total>0</total>
				<timestamp>1181.195167</timestamp>
			</report>
			<report>
				<misses>137500000</misses>
				<total>0</total>
				<timestamp>1182.013489</timestamp>
			</report>
			<report>
				<misses>137600000</misses>
				<total>0</total>
				<timestamp>1182.813323</timestamp>
			</report>
			<report>
				<misses>137700000</misses>
				<total>0</total>
				<timestamp>1183.700728</timestamp>
			</report>
			<report>
				<misses>137800000</misses>
				<total>0</total>
				<timestamp>1184.608951</timestamp>
			</report>
			<report>
				<misses>137900000</misses>
				<total>0</total>
				<timestamp>1185.497890</timestamp>
			</report>
			<report>
				<misses>138000000</misses>
				<total>0</total>
				<timestamp>1186.365510</timestamp>
			</report>
			<report>
				<misses>138100000</misses>
				<total>0</total>
				<timestamp>1187.232685</timestamp>
			</report>
			<report>
				<misses>138200000</misses>
				<total>0</total>
				<timestamp>1188.070073</timestamp>
			</report>
			<report>
				<misses>138300000</misses>
				<total>0</total>
				<timestamp>1188.998054</timestamp>
			</report>
			<report>
				<misses>138400000</misses>
				<total>0</total>
				<timestamp>1189.815970</timestamp>
			</report>
			<report>
				<misses>138500000</misses>
				<total>0</total>
				<timestamp>1190.736932</timestamp>
			</report>
			<report>
				<misses>138600000</misses>
				<total>0</total>
				<timestamp>1191.654335</timestamp>
			</report>
			<report>
				<misses>138700000</misses>
				<total>0</total>
				<timestamp>1192.525670</timestamp>
			</report>
			<report>
				<misses>138800000</misses>
				<total>0</total>
				<timestamp>1193.381909</timestamp>
			</report>
			<report>
				<misses>138900000</misses>
				<total>0</total>
				<timestamp>1194.291741</timestamp>
			</report>
			<report>
				<misses>139000000</misses>
				<total>0</total>
				<timestamp>1195.158072</timestamp>
			</report>
			<report>
				<misses>139100000</misses>
				<total>0</total>
				<timestamp>1195.946957</timestamp>
			</report>
			<report>
				<misses>139200000</misses>
				<total>0</total>
				<timestamp>1196.767385</timestamp>
			</report>
			<report>
				<misses>139300000</misses>
				<total>0</total>
				<timestamp>1197.703280</timestamp>
			</report>
			<report>
				<misses>139400000</misses>
				<total>0</total>
				<timestamp>1198.538712</timestamp>
			</report>
			<report>
				<misses>139500000</misses>
				<total>0</total>
				<timestamp>1199.422590</timestamp>
			</report>
			<report>
				<misses>139600000</misses>
				<total>0</total>
				<timestamp>1200.310065</timestamp>
			</report>
			<report>
				<misses>139700000</misses>
				<total>0</total>
				<timestamp>1201.142029</timestamp>
			</report>
			<report>
				<misses>139800000</misses>
				<total>0</total>
				<timestamp>1202.043778</timestamp>
			</report>
			<report>
				<misses>139900000</misses>
				<total>0</total>
				<timestamp>1202.931403</timestamp>
			</report>
			<report>
				<misses>140000000</misses>
				<total>0</total>
				<timestamp>1203.811867</timestamp>
			</report>
			<report>
				<misses>140100000</misses>
				<total>0</total>
				<timestamp>1204.720442</timestamp>
			</report>
			<report>
				<misses>140200000</misses>
				<total>0</total>
				<timestamp>1205.606476</timestamp>
			</report>
			<report>
				<misses>140300000</misses>
				<total>0</total>
				<timestamp>1206.512902</timestamp>
			</report>
			<report>
				<misses>140400000</misses>
				<total>0</total>
				<timestamp>1207.386681</timestamp>
			</report>
			<report>
				<misses>140500000</misses>
				<total>0</total>
				<timestamp>1208.273805</timestamp>
			</report>
			<report>
				<misses>140600000</misses>
				<total>0</total>
				<timestamp>1209.174567</timestamp>
			</report>
			<report>
				<misses>140700000</misses>
				<total>0</total>
				<timestamp>1210.045845</timestamp>
			</report>
			<report>
				<misses>140800000</misses>
				<total>0</total>
				<timestamp>1210.917098</timestamp>
			</report>
			<report>
				<misses>140900000</misses>
				<total>0</total>
				<timestamp>1211.800058</timestamp>
			</report>
			<report>
				<misses>141000000</misses>
				<total>0</total>
				<timestamp>1212.712882</timestamp>
			</report>
			<report>
				<misses>141100000</misses>
				<total>0</total>
				<timestamp>1213.583438</timestamp>
			</report>
			<report>
				<misses>141200000</misses>
				<total>0</total>
				<timestamp>1214.429370</timestamp>
			</report>
			<report>
				<misses>141300000</misses>
				<total>0</total>
				<timestamp>1215.327150</timestamp>
			</report>
			<report>
				<misses>141400000</misses>
				<total>0</total>
				<timestamp>1216.208525</timestamp>
			</report>
			<report>
				<misses>141500000</misses>
				<total>0</total>
				<timestamp>1217.146608</timestamp>
			</report>
			<report>
				<misses>141600000</misses>
				<total>0</total>
				<timestamp>1218.048498</timestamp>
			</report>
			<report>
				<misses>141700000</misses>
				<total>0</total>
				<timestamp>1219.035148</timestamp>
			</report>
			<report>
				<misses>141800000</misses>
				<total>0</total>
				<timestamp>1219.952296</timestamp>
			</report>
			<report>
				<misses>141900000</misses>
				<total>0</total>
				<timestamp>1220.833934</timestamp>
			</report>
			<report>
				<misses>142000000</misses>
				<total>0</total>
				<timestamp>1221.665917</timestamp>
			</report>
			<report>
				<misses>142100000</misses>
				<total>0</total>
				<timestamp>1222.568983</timestamp>
			</report>
			<report>
				<misses>142200000</misses>
				<total>0</total>
				<timestamp>1223.414065</timestamp>
			</report>
			<report>
				<misses>142300000</misses>
				<total>0</total>
				<timestamp>1224.313772</timestamp>
			</report>
			<report>
				<misses>142400000</misses>
				<total>0</total>
				<timestamp>1225.117825</timestamp>
			</report>
			<report>
				<misses>142500000</misses>
				<total>0</total>
				<timestamp>1225.949969</timestamp>
			</report>
			<report>
				<misses>142600000</misses>
				<total>0</total>
				<timestamp>1226.798591</timestamp>
			</report>
			<report>
				<misses>142700000</misses>
				<total>0</total>
				<timestamp>1227.668775</timestamp>
			</report>
			<report>
				<misses>142800000</misses>
				<total>0</total>
				<timestamp>1228.465141</timestamp>
			</report>
			<report>
				<misses>142900000</misses>
				<total>0</total>
				<timestamp>1229.274220</timestamp>
			</report>
			<report>
				<misses>143000000</misses>
				<total>0</total>
				<timestamp>1230.121111</timestamp>
			</report>
			<report>
				<misses>143100000</misses>
				<total>0</total>
				<timestamp>1230.940129</timestamp>
			</report>
			<report>
				<misses>143200000</misses>
				<total>0</total>
				<timestamp>1231.919700</timestamp>
			</report>
			<report>
				<misses>143300000</misses>
				<total>0</total>
				<timestamp>1232.770444</timestamp>
			</report>
			<report>
				<misses>143400000</misses>
				<total>0</total>
				<timestamp>1233.702597</timestamp>
			</report>
			<report>
				<misses>143500000</misses>
				<total>0</total>
				<timestamp>1234.563660</timestamp>
			</report>
			<report>
				<misses>143600000</misses>
				<total>0</total>
				<timestamp>1235.433297</timestamp>
			</report>
			<report>
				<misses>143700000</misses>
				<total>0</total>
				<timestamp>1236.304588</timestamp>
			</report>
			<report>
				<misses>143800000</misses>
				<total>0</total>
				<timestamp>1237.199396</timestamp>
			</report>
			<report>
				<misses>143900000</misses>
				<total>0</total>
				<timestamp>1238.091929</timestamp>
			</report>
			<report>
				<misses>144000000</misses>
				<total>0</total>
				<timestamp>1239.014570</timestamp>
			</report>
			<report>
				<misses>144100000</misses>
				<total>0</total>
				<timestamp>1239.895557</timestamp>
			</report>
			<report>
				<misses>144200000</misses>
				<total>0</total>
				<timestamp>1240.740750</timestamp>
			</report>
			<report>
				<misses>144300000</misses>
				<total>0</total>
				<timestamp>1241.570999</timestamp>
			</report>
			<report>
				<misses>144400000</misses>
				<total>0</total>
				<timestamp>1242.452720</timestamp>
			</report>
			<report>
				<misses>144500000</misses>
				<total>0</total>
				<timestamp>1243.341747</timestamp>
			</report>
			<report>
				<misses>144600000</misses>
				<total>0</total>
				<timestamp>1244.226657</timestamp>
			</report>
			<report>
				<misses>144700000</misses>
				<total>0</total>
				<timestamp>1245.117221</timestamp>
			</report>
			<report>
				<misses>144800000</misses>
				<total>0</total>
				<timestamp>1245.977865</timestamp>
			</report>
			<report>
				<misses>144900000</misses>
				<total>0</total>
				<timestamp>1246.800866</timestamp>
			</report>
			<report>
				<misses>145000000</misses>
				<total>0</total>
				<timestamp>1247.705846</timestamp>
			</report>
			<report>
				<misses>145100000</misses>
				<total>0</total>
				<timestamp>1248.565447</timestamp>
			</report>
			<report>
				<misses>145200000</misses>
				<total>0</total>
				<timestamp>1249.462186</timestamp>
			</report>
			<report>
				<misses>145300000</misses>
				<total>0</total>
				<timestamp>1250.243637</timestamp>
			</report>
			<report>
				<misses>145400000</misses>
				<total>0</total>
				<timestamp>1251.087410</timestamp>
			</report>
			<report>
				<misses>145500000</misses>
				<total>0</total>
				<timestamp>1251.965013</timestamp>
			</report>
			<report>
				<misses>145600000</misses>
				<total>0</total>
				<timestamp>1252.785426</timestamp>
			</report>
			<report>
				<misses>145700000</misses>
				<total>0</total>
				<timestamp>1253.686813</timestamp>
			</report>
			<report>
				<misses>145800000</misses>
				<total>0</total>
				<timestamp>1254.604793</timestamp>
			</report>
			<report>
				<misses>145900000</misses>
				<total>0</total>
				<timestamp>1255.479012</timestamp>
			</report>
			<report>
				<misses>146000000</misses>
				<total>0</total>
				<timestamp>1256.365537</timestamp>
			</report>
			<report>
				<misses>146100000</misses>
				<total>0</total>
				<timestamp>1257.282779</timestamp>
			</report>
			<report>
				<misses>146200000</misses>
				<total>0</total>
				<timestamp>1258.151296</timestamp>
			</report>
			<report>
				<misses>146300000</misses>
				<total>0</total>
				<timestamp>1258.994871</timestamp>
			</report>
			<report>
				<misses>146400000</misses>
				<total>0</total>
				<timestamp>1259.922660</timestamp>
			</report>
			<report>
				<misses>146500000</misses>
				<total>0</total>
				<timestamp>1260.797599</timestamp>
			</report>
			<report>
				<misses>146600000</misses>
				<total>0</total>
				<timestamp>1261.685269</timestamp>
			</report>
			<report>
				<misses>146700000</misses>
				<total>0</total>
				<timestamp>1262.560241</timestamp>
			</report>
			<report>
				<misses>146800000</misses>
				<total>0</total>
				<timestamp>1263.414531</timestamp>
			</report>
			<report>
				<misses>146900000</misses>
				<total>0</total>
				<timestamp>1264.282094</timestamp>
			</report>
			<report>
				<misses>147000000</misses>
				<total>0</total>
				<timestamp>1265.191416</timestamp>
			</report>
			<report>
				<misses>147100000</misses>
				<total>0</total>
				<timestamp>1266.042381</timestamp>
			</report>
			<report>
				<misses>147200000</misses>
				<total>0</total>
				<timestamp>1266.940569</timestamp>
			</report>
			<report>
				<misses>147300000</misses>
				<total>0</total>
				<timestamp>1267.729804</timestamp>
			</report>
			<report>
				<misses>147400000</misses>
				<total>0</total>
				<timestamp>1268.557442</timestamp>
			</report>
			<report>
				<misses>147500000</misses>
				<total>0</total>
				<timestamp>1269.361807</timestamp>
			</report>
			<report>
				<misses>147600000</misses>
				<total>0</total>
				<timestamp>1270.176912</timestamp>
			</report>
			<report>
				<misses>147700000</misses>
				<total>0</total>
				<timestamp>1270.970838</timestamp>
			</report>
			<report>
				<misses>147800000</misses>
				<total>0</total>
				<timestamp>1271.790589</timestamp>
			</report>
			<report>
				<misses>147900000</misses>
				<total>0</total>
				<timestamp>1272.583707</timestamp>
			</report>
			<report>
				<misses>148000000</misses>
				<total>0</total>
				<timestamp>1273.504636</timestamp>
			</report>
			<report>
				<misses>148100000</misses>
				<total>0</total>
				<timestamp>1274.397324</timestamp>
			</report>
			<report>
				<misses>148200000</misses>
				<total>0</total>
				<timestamp>1275.251624</timestamp>
			</report>
			<report>
				<misses>148300000</misses>
				<total>0</total>
				<timestamp>1276.062811</timestamp>
			</report>
			<report>
				<misses>148400000</misses>
				<total>0</total>
				<timestamp>1276.878108</timestamp>
			</report>
			<report>
				<misses>148500000</misses>
				<total>0</total>
				<timestamp>1277.766553</timestamp>
			</report>
			<report>
				<misses>148600000</misses>
				<total>0</total>
				<timestamp>1278.626066</timestamp>
			</report>
			<report>
				<misses>148700000</misses>
				<total>0</total>
				<timestamp>1279.435508</timestamp>
			</report>
			<report>
				<misses>148800000</misses>
				<total>0</total>
				<timestamp>1280.259184</timestamp>
			</report>
			<report>
				<misses>148900000</misses>
				<total>0</total>
				<timestamp>1281.108665</timestamp>
			</report>
			<report>
				<misses>149000000</misses>
				<total>0</total>
				<timestamp>1281.944237</timestamp>
			</report>
			<report>
				<misses>149100000</misses>
				<total>0</total>
				<timestamp>1282.747476</timestamp>
			</report>
			<report>
				<misses>149200000</misses>
				<total>0</total>
				<timestamp>1283.633112</timestamp>
			</report>
			<report>
				<misses>149300000</misses>
				<total>0</total>
				<timestamp>1284.437252</timestamp>
			</report>
			<report>
				<misses>149400000</misses>
				<total>0</total>
				<timestamp>1285.257711</timestamp>
			</report>
			<report>
				<misses>149500000</misses>
				<total>0</total>
				<timestamp>1286.094855</timestamp>
			</report>
			<report>
				<misses>149600000</misses>
				<total>0</total>
				<timestamp>1286.964107</timestamp>
			</report>
			<report>
				<misses>149700000</misses>
				<total>0</total>
				<timestamp>1287.805921</timestamp>
			</report>
			<report>
				<misses>149800000</misses>
				<total>0</total>
				<timestamp>1288.631618</timestamp>
			</report>
			<report>
				<misses>149900000</misses>
				<total>0</total>
				<timestamp>1289.497164</timestamp>
			</report>
			<report>
				<misses>150000000</misses>
				<total>0</total>
				<timestamp>1290.388238</timestamp>
			</report>
			<report>
				<misses>150100000</misses>
				<total>0</total>
				<timestamp>1291.224674</timestamp>
			</report>
			<report>
				<misses>150200000</misses>
				<total>0</total>
				<timestamp>1292.047561</timestamp>
			</report>
			<report>
				<misses>150300000</misses>
				<total>0</total>
				<timestamp>1292.873086</timestamp>
			</report>
			<report>
				<misses>150400000</misses>
				<total>0</total>
				<timestamp>1293.685355</timestamp>
			</report>
			<report>
				<misses>150500000</misses>
				<total>0</total>
				<timestamp>1294.523106</timestamp>
			</report>
			<report>
				<misses>150600000</misses>
				<total>0</total>
				<timestamp>1295.338622</timestamp>
			</report>
			<report>
				<misses>150700000</misses>
				<total>0</total>
				<timestamp>1296.176853</timestamp>
			</report>
			<report>
				<misses>150800000</misses>
				<total>0</total>
				<timestamp>1297.009140</timestamp>
			</report>
			<report>
				<misses>150900000</misses>
				<total>0</total>
				<timestamp>1297.836119</timestamp>
			</report>
			<report>
				<misses>151000000</misses>
				<total>0</total>
				<timestamp>1298.707886</timestamp>
			</report>
			<report>
				<misses>151100000</misses>
				<total>0</total>
				<timestamp>1299.553498</timestamp>
			</report>
			<report>
				<misses>151200000</misses>
				<total>0</total>
				<timestamp>1300.382654</timestamp>
			</report>
			<report>
				<misses>151300000</misses>
				<total>0</total>
				<timestamp>1301.212444</timestamp>
			</report>
			<report>
				<misses>151400000</misses>
				<total>0</total>
				<timestamp>1302.092512</timestamp>
			</report>
			<report>
				<misses>151500000</misses>
				<total>0</total>
				<timestamp>1302.985753</timestamp>
			</report>
			<report>
				<misses>151600000</misses>
				<total>0</total>
				<timestamp>1303.897879</timestamp>
			</report>
			<report>
				<misses>151700000</misses>
				<total>0</total>
				<timestamp>1304.780786</timestamp>
			</report>
			<report>
				<misses>151800000</misses>
				<total>0</total>
				<timestamp>1305.683183</timestamp>
			</report>
			<report>
				<misses>151900000</misses>
				<total>0</total>
				<timestamp>1306.622916</timestamp>
			</report>
			<report>
				<misses>152000000</misses>
				<total>0</total>
				<timestamp>1307.506930</timestamp>
			</report>
			<report>
				<misses>152100000</misses>
				<total>0</total>
				<timestamp>1308.348618</timestamp>
			</report>
			<report>
				<misses>152200000</misses>
				<total>0</total>
				<timestamp>1309.204622</timestamp>
			</report>
			<report>
				<misses>152300000</misses>
				<total>0</total>
				<timestamp>1310.011119</timestamp>
			</report>
			<report>
				<misses>152400000</misses>
				<total>0</total>
				<timestamp>1310.869126</timestamp>
			</report>
			<report>
				<misses>152500000</misses>
				<total>0</total>
				<timestamp>1311.698323</timestamp>
			</report>
			<report>
				<misses>152600000</misses>
				<total>0</total>
				<timestamp>1312.491642</timestamp>
			</report>
			<report>
				<misses>152700000</misses>
				<total>0</total>
				<timestamp>1313.292344</timestamp>
			</report>
			<report>
				<misses>152800000</misses>
				<total>0</total>
				<timestamp>1314.144903</timestamp>
			</report>
			<report>
				<misses>152900000</misses>
				<total>0</total>
				<timestamp>1314.989771</timestamp>
			</report>
			<report>
				<misses>153000000</misses>
				<total>0</total>
				<timestamp>1315.792957</timestamp>
			</report>
			<report>
				<misses>153100000</misses>
				<total>0</total>
				<timestamp>1316.676607</timestamp>
			</report>
			<report>
				<misses>153200000</misses>
				<total>0</total>
				<timestamp>1317.563911</timestamp>
			</report>
			<report>
				<misses>153300000</misses>
				<total>0</total>
				<timestamp>1318.485179</timestamp>
			</report>
			<report>
				<misses>153400000</misses>
				<total>0</total>
				<timestamp>1319.335312</timestamp>
			</report>
			<report>
				<misses>153500000</misses>
				<total>0</total>
				<timestamp>1320.231103</timestamp>
			</report>
			<report>
				<misses>153600000</misses>
				<total>0</total>
				<timestamp>1321.092692</timestamp>
			</report>
			<report>
				<misses>153700000</misses>
				<total>0</total>
				<timestamp>1321.946871</timestamp>
			</report>
			<report>
				<misses>153800000</misses>
				<total>0</total>
				<timestamp>1322.818749</timestamp>
			</report>
			<report>
				<misses>153900000</misses>
				<total>0</total>
				<timestamp>1323.678204</timestamp>
			</report>
			<report>
				<misses>154000000</misses>
				<total>0</total>
				<timestamp>1324.518963</timestamp>
			</report>
			<report>
				<misses>154100000</misses>
				<total>0</total>
				<timestamp>1325.354654</timestamp>
			</report>
			<report>
				<misses>154200000</misses>
				<total>0</total>
				<timestamp>1326.236908</timestamp>
			</report>
			<report>
				<misses>154300000</misses>
				<total>0</total>
				<timestamp>1327.102658</timestamp>
			</report>
			<report>
				<misses>154400000</misses>
				<total>0</total>
				<timestamp>1327.898095</timestamp>
			</report>
			<report>
				<misses>154500000</misses>
				<total>0</total>
				<timestamp>1328.707879</timestamp>
			</report>
			<report>
				<misses>154600000</misses>
				<total>0</total>
				<timestamp>1329.532115</timestamp>
			</report>
			<report>
				<misses>154700000</misses>
				<total>0</total>
				<timestamp>1330.317741</timestamp>
			</report>
			<report>
				<misses>154800000</misses>
				<total>0</total>
				<timestamp>1331.136068</timestamp>
			</report>
			<report>
				<misses>154900000</misses>
				<total>0</total>
				<timestamp>1332.007596</timestamp>
			</report>
			<report>
				<misses>155000000</misses>
				<total>0</total>
				<timestamp>1332.844136</timestamp>
			</report>
			<report>
				<misses>155100000</misses>
				<total>0</total>
				<timestamp>1333.733556</timestamp>
			</report>
			<report>
				<misses>155200000</misses>
				<total>0</total>
				<timestamp>1334.613231</timestamp>
			</report>
			<report>
				<misses>155300000</misses>
				<total>0</total>
				<timestamp>1335.431799</timestamp>
			</report>
			<report>
				<misses>155400000</misses>
				<total>0</total>
				<timestamp>1336.336342</timestamp>
			</report>
			<report>
				<misses>155500000</misses>
				<total>0</total>
				<timestamp>1337.258387</timestamp>
			</report>
			<report>
				<misses>155600000</misses>
				<total>0</total>
				<timestamp>1338.138096</timestamp>
			</report>
			<report>
				<misses>155700000</misses>
				<total>0</total>
				<timestamp>1338.992457</timestamp>
			</report>
			<report>
				<misses>155800000</misses>
				<total>0</total>
				<timestamp>1339.814313</timestamp>
			</report>
			<report>
				<misses>155900000</misses>
				<total>0</total>
				<timestamp>1340.641982</timestamp>
			</report>
			<report>
				<misses>156000000</misses>
				<total>0</total>
				<timestamp>1341.541069</timestamp>
			</report>
			<report>
				<misses>156100000</misses>
				<total>0</total>
				<timestamp>1342.424792</timestamp>
			</report>
			<report>
				<misses>156200000</misses>
				<total>0</total>
				<timestamp>1343.297939</timestamp>
			</report>
			<report>
				<misses>156300000</misses>
				<total>0</total>
				<timestamp>1344.170761</timestamp>
			</report>
			<report>
				<misses>156400000</misses>
				<total>0</total>
				<timestamp>1344.981814</timestamp>
			</report>
			<report>
				<misses>156500000</misses>
				<total>0</total>
				<timestamp>1345.766675</timestamp>
			</report>
			<report>
				<misses>156600000</misses>
				<total>0</total>
				<timestamp>1346.620349</timestamp>
			</report>
			<report>
				<misses>156700000</misses>
				<total>0</total>
				<timestamp>1347.410003</timestamp>
			</report>
			<report>
				<misses>156800000</misses>
				<total>0</total>
				<timestamp>1348.262325</timestamp>
			</report>
			<report>
				<misses>156900000</misses>
				<total>0</total>
				<timestamp>1349.096177</timestamp>
			</report>
			<report>
				<misses>157000000</misses>
				<total>0</total>
				<timestamp>1349.889343</timestamp>
			</report>
			<report>
				<misses>157100000</misses>
				<total>0</total>
				<timestamp>1350.725840</timestamp>
			</report>
			<report>
				<misses>157200000</misses>
				<total>0</total>
				<timestamp>1351.525705</timestamp>
			</report>
			<report>
				<misses>157300000</misses>
				<total>0</total>
				<timestamp>1352.365876</timestamp>
			</report>
			<report>
				<misses>157400000</misses>
				<total>0</total>
				<timestamp>1353.299778</timestamp>
			</report>
			<report>
				<misses>157500000</misses>
				<total>0</total>
				<timestamp>1354.108285</timestamp>
			</report>
			<report>
				<misses>157600000</misses>
				<total>0</total>
				<timestamp>1354.987887</timestamp>
			</report>
			<report>
				<misses>157700000</misses>
				<total>0</total>
				<timestamp>1355.861369</timestamp>
			</report>
			<report>
				<misses>157800000</misses>
				<total>0</total>
				<timestamp>1356.739173</timestamp>
			</report>
			<report>
				<misses>157900000</misses>
				<total>0</total>
				<timestamp>1357.635354</timestamp>
			</report>
			<report>
				<misses>158000000</misses>
				<total>0</total>
				<timestamp>1358.496937</timestamp>
			</report>
			<report>
				<misses>158100000</misses>
				<total>0</total>
				<timestamp>1359.384809</timestamp>
			</report>
			<report>
				<misses>158200000</misses>
				<total>0</total>
				<timestamp>1360.238594</timestamp>
			</report>
			<report>
				<misses>158300000</misses>
				<total>0</total>
				<timestamp>1361.090647</timestamp>
			</report>
			<report>
				<misses>158400000</misses>
				<total>0</total>
				<timestamp>1361.930737</timestamp>
			</report>
			<report>
				<misses>158500000</misses>
				<total>0</total>
				<timestamp>1362.809621</timestamp>
			</report>
			<report>
				<misses>158600000</misses>
				<total>0</total>
				<timestamp>1363.618634</timestamp>
			</report>
			<report>
				<misses>158700000</misses>
				<total>0</total>
				<timestamp>1364.476691</timestamp>
			</report>
			<report>
				<misses>158800000</misses>
				<total>0</total>
				<timestamp>1365.284384</timestamp>
			</report>
			<report>
				<misses>158900000</misses>
				<total>0</total>
				<timestamp>1366.139750</timestamp>
			</report>
			<report>
				<misses>159000000</misses>
				<total>0</total>
				<timestamp>1366.955007</timestamp>
			</report>
			<report>
				<misses>159100000</misses>
				<total>0</total>
				<timestamp>1367.792494</timestamp>
			</report>
			<report>
				<misses>159200000</misses>
				<total>0</total>
				<timestamp>1368.638648</timestamp>
			</report>
			<report>
				<misses>159300000</misses>
				<total>0</total>
				<timestamp>1369.428526</timestamp>
			</report>
			<report>
				<misses>159400000</misses>
				<total>0</total>
				<timestamp>1370.227700</timestamp>
			</report>
			<report>
				<misses>159500000</misses>
				<total>0</total>
				<timestamp>1371.083453</timestamp>
			</report>
			<report>
				<misses>159600000</misses>
				<total>0</total>
				<timestamp>1371.973939</timestamp>
			</report>
			<report>
				<misses>159700000</misses>
				<total>0</total>
				<timestamp>1372.847654</timestamp>
			</report>
			<report>
				<misses>159800000</misses>
				<total>0</total>
				<timestamp>1373.713979</timestamp>
			</report>
			<report>
				<misses>159900000</misses>
				<total>0</total>
				<timestamp>1374.574241</timestamp>
			</report>
			<report>
				<misses>160000000</misses>
				<total>0</total>
				<timestamp>1375.460587</timestamp>
			</report>
			<report>
				<misses>160100000</misses>
				<total>0</total>
				<timestamp>1376.318769</timestamp>
			</report>
			<report>
				<misses>160200000</misses>
				<total>0</total>
				<timestamp>1377.216192</timestamp>
			</report>
			<report>
				<misses>160300000</misses>
				<total>0</total>
				<timestamp>1378.108594</timestamp>
			</report>
			<report>
				<misses>160400000</misses>
				<total>0</total>
				<timestamp>1379.018678</timestamp>
			</report>
			<report>
				<misses>160500000</misses>
				<total>0</total>
				<timestamp>1379.927131</timestamp>
			</report>
			<report>
				<misses>160600000</misses>
				<total>0</total>
				<timestamp>1380.788011</timestamp>
			</report>
			<report>
				<misses>160700000</misses>
				<total>0</total>
				<timestamp>1381.684222</timestamp>
			</report>
			<report>
				<misses>160800000</misses>
				<total>0</total>
				<timestamp>1382.584564</timestamp>
			</report>
			<report>
				<misses>160900000</misses>
				<total>0</total>
				<timestamp>1383.489474</timestamp>
			</report>
			<report>
				<misses>161000000</misses>
				<total>0</total>
				<timestamp>1384.356889</timestamp>
			</report>
			<report>
				<misses>161100000</misses>
				<total>0</total>
				<timestamp>1385.237558</timestamp>
			</report>
			<report>
				<misses>161200000</misses>
				<total>0</total>
				<timestamp>1386.147219</timestamp>
			</report>
			<report>
				<misses>161300000</misses>
				<total>0</total>
				<timestamp>1387.028771</timestamp>
			</report>
			<report>
				<misses>161400000</misses>
				<total>0</total>
				<timestamp>1387.938138</timestamp>
			</report>
			<report>
				<misses>161500000</misses>
				<total>0</total>
				<timestamp>1388.870641</timestamp>
			</report>
			<report>
				<misses>161600000</misses>
				<total>0</total>
				<timestamp>1389.722377</timestamp>
			</report>
			<report>
				<misses>161700000</misses>
				<total>0</total>
				<timestamp>1390.549083</timestamp>
			</report>
			<report>
				<misses>161800000</misses>
				<total>0</total>
				<timestamp>1391.386471</timestamp>
			</report>
			<report>
				<misses>161900000</misses>
				<total>0</total>
				<timestamp>1392.205060</timestamp>
			</report>
			<report>
				<misses>162000000</misses>
				<total>0</total>
				<timestamp>1393.102197</timestamp>
			</report>
			<report>
				<misses>162100000</misses>
				<total>0</total>
				<timestamp>1393.894702</timestamp>
			</report>
			<report>
				<misses>162200000</misses>
				<total>0</total>
				<timestamp>1394.694169</timestamp>
			</report>
			<report>
				<misses>162300000</misses>
				<total>0</total>
				<timestamp>1395.577878</timestamp>
			</report>
			<report>
				<misses>162400000</misses>
				<total>0</total>
				<timestamp>1396.367619</timestamp>
			</report>
			<report>
				<misses>162500000</misses>
				<total>0</total>
				<timestamp>1397.247644</timestamp>
			</report>
			<report>
				<misses>162600000</misses>
				<total>0</total>
				<timestamp>1398.162266</timestamp>
			</report>
			<report>
				<misses>162700000</misses>
				<total>0</total>
				<timestamp>1399.126938</timestamp>
			</report>
			<report>
				<misses>162800000</misses>
				<total>0</total>
				<timestamp>1400.012158</timestamp>
			</report>
			<report>
				<misses>162900000</misses>
				<total>0</total>
				<timestamp>1400.855879</timestamp>
			</report>
			<report>
				<misses>163000000</misses>
				<total>0</total>
				<timestamp>1401.713841</timestamp>
			</report>
			<report>
				<misses>163100000</misses>
				<total>0</total>
				<timestamp>1402.577061</timestamp>
			</report>
			<report>
				<misses>163200000</misses>
				<total>0</total>
				<timestamp>1403.439781</timestamp>
			</report>
			<report>
				<misses>163300000</misses>
				<total>0</total>
				<timestamp>1404.315951</timestamp>
			</report>
			<report>
				<misses>163400000</misses>
				<total>0</total>
				<timestamp>1405.206725</timestamp>
			</report>
			<report>
				<misses>163500000</misses>
				<total>0</total>
				<timestamp>1406.115151</timestamp>
			</report>
			<report>
				<misses>163600000</misses>
				<total>0</total>
				<timestamp>1407.005651</timestamp>
			</report>
			<report>
				<misses>163700000</misses>
				<total>0</total>
				<timestamp>1407.822354</timestamp>
			</report>
			<report>
				<misses>163800000</misses>
				<total>0</total>
				<timestamp>1408.619110</timestamp>
			</report>
			<report>
				<misses>163900000</misses>
				<total>0</total>
				<timestamp>1409.467165</timestamp>
			</report>
			<report>
				<misses>164000000</misses>
				<total>0</total>
				<timestamp>1410.295615</timestamp>
			</report>
			<report>
				<misses>164100000</misses>
				<total>0</total>
				<timestamp>1411.146430</timestamp>
			</report>
			<report>
				<misses>164200000</misses>
				<total>0</total>
				<timestamp>1411.975542</timestamp>
			</report>
			<report>
				<misses>164300000</misses>
				<total>0</total>
				<timestamp>1412.775460</timestamp>
			</report>
			<report>
				<misses>164400000</misses>
				<total>0</total>
				<timestamp>1413.636852</timestamp>
			</report>
			<report>
				<misses>164500000</misses>
				<total>0</total>
				<timestamp>1414.567152</timestamp>
			</report>
			<report>
				<misses>164600000</misses>
				<total>0</total>
				<timestamp>1415.372106</timestamp>
			</report>
			<report>
				<misses>164700000</misses>
				<total>0</total>
				<timestamp>1416.266099</timestamp>
			</report>
			<report>
				<misses>164800000</misses>
				<total>0</total>
				<timestamp>1417.126386</timestamp>
			</report>
			<report>
				<misses>164900000</misses>
				<total>0</total>
				<timestamp>1418.033751</timestamp>
			</report>
			<report>
				<misses>165000000</misses>
				<total>0</total>
				<timestamp>1418.931627</timestamp>
			</report>
			<report>
				<misses>165100000</misses>
				<total>0</total>
				<timestamp>1419.814927</timestamp>
			</report>
			<report>
				<misses>165200000</misses>
				<total>0</total>
				<timestamp>1420.754977</timestamp>
			</report>
			<report>
				<misses>165300000</misses>
				<total>0</total>
				<timestamp>1421.677158</timestamp>
			</report>
			<report>
				<misses>165400000</misses>
				<total>0</total>
				<timestamp>1422.534195</timestamp>
			</report>
			<report>
				<misses>165500000</misses>
				<total>0</total>
				<timestamp>1423.406769</timestamp>
			</report>
			<report>
				<misses>165600000</misses>
				<total>0</total>
				<timestamp>1424.264397</timestamp>
			</report>
			<report>
				<misses>165700000</misses>
				<total>0</total>
				<timestamp>1425.149075</timestamp>
			</report>
			<report>
				<misses>165800000</misses>
				<total>0</total>
				<timestamp>1425.964975</timestamp>
			</report>
			<report>
				<misses>165900000</misses>
				<total>0</total>
				<timestamp>1426.748675</timestamp>
			</report>
			<report>
				<misses>166000000</misses>
				<total>0</total>
				<timestamp>1427.560835</timestamp>
			</report>
			<report>
				<misses>166100000</misses>
				<total>0</total>
				<timestamp>1428.414149</timestamp>
			</report>
			<report>
				<misses>166200000</misses>
				<total>0</total>
				<timestamp>1429.224470</timestamp>
			</report>
			<report>
				<misses>166300000</misses>
				<total>0</total>
				<timestamp>1430.084055</timestamp>
			</report>
			<report>
				<misses>166400000</misses>
				<total>0</total>
				<timestamp>1430.975407</timestamp>
			</report>
			<report>
				<misses>166500000</misses>
				<total>0</total>
				<timestamp>1431.837171</timestamp>
			</report>
			<report>
				<misses>166600000</misses>
				<total>0</total>
				<timestamp>1432.663254</timestamp>
			</report>
			<report>
				<misses>166700000</misses>
				<total>0</total>
				<timestamp>1433.546192</timestamp>
			</report>
			<report>
				<misses>166800000</misses>
				<total>0</total>
				<timestamp>1434.421346</timestamp>
			</report>
			<report>
				<misses>166900000</misses>
				<total>0</total>
				<timestamp>1435.326926</timestamp>
			</report>
			<report>
				<misses>167000000</misses>
				<total>0</total>
				<timestamp>1436.252614</timestamp>
			</report>
			<report>
				<misses>167100000</misses>
				<total>0</total>
				<timestamp>1437.219500</timestamp>
			</report>
			<report>
				<misses>167200000</misses>
				<total>0</total>
				<timestamp>1438.100891</timestamp>
			</report>
			<report>
				<misses>167300000</misses>
				<total>0</total>
				<timestamp>1438.999833</timestamp>
			</report>
			<report>
				<misses>167400000</misses>
				<total>0</total>
				<timestamp>1439.889263</timestamp>
			</report>
			<report>
				<misses>167500000</misses>
				<total>0</total>
				<timestamp>1440.753241</timestamp>
			</report>
			<report>
				<misses>167600000</misses>
				<total>0</total>
				<timestamp>1441.638575</timestamp>
			</report>
			<report>
				<misses>167700000</misses>
				<total>0</total>
				<timestamp>1442.482153</timestamp>
			</report>
			<report>
				<misses>167800000</misses>
				<total>0</total>
				<timestamp>1443.326053</timestamp>
			</report>
			<report>
				<misses>167900000</misses>
				<total>0</total>
				<timestamp>1444.214619</timestamp>
			</report>
			<report>
				<misses>168000000</misses>
				<total>0</total>
				<timestamp>1445.139850</timestamp>
			</report>
			<report>
				<misses>168100000</misses>
				<total>0</total>
				<timestamp>1445.990048</timestamp>
			</report>
			<report>
				<misses>168200000</misses>
				<total>0</total>
				<timestamp>1446.833563</timestamp>
			</report>
			<report>
				<misses>168300000</misses>
				<total>0</total>
				<timestamp>1447.632686</timestamp>
			</report>
			<report>
				<misses>168400000</misses>
				<total>0</total>
				<timestamp>1448.448002</timestamp>
			</report>
			<report>
				<misses>168500000</misses>
				<total>0</total>
				<timestamp>1449.261950</timestamp>
			</report>
			<report>
				<misses>168600000</misses>
				<total>0</total>
				<timestamp>1450.054741</timestamp>
			</report>
			<report>
				<misses>168700000</misses>
				<total>0</total>
				<timestamp>1450.868643</timestamp>
			</report>
			<report>
				<misses>168800000</misses>
				<total>0</total>
				<timestamp>1451.748134</timestamp>
			</report>
			<report>
				<misses>168900000</misses>
				<total>0</total>
				<timestamp>1452.629472</timestamp>
			</report>
			<report>
				<misses>169000000</misses>
				<total>0</total>
				<timestamp>1453.494376</timestamp>
			</report>
			<report>
				<misses>169100000</misses>
				<total>0</total>
				<timestamp>1454.333916</timestamp>
			</report>
			<report>
				<misses>169200000</misses>
				<total>0</total>
				<timestamp>1455.141675</timestamp>
			</report>
			<report>
				<misses>169300000</misses>
				<total>0</total>
				<timestamp>1456.009666</timestamp>
			</report>
			<report>
				<misses>169400000</misses>
				<total>0</total>
				<timestamp>1456.872392</timestamp>
			</report>
			<report>
				<misses>169500000</misses>
				<total>0</total>
				<timestamp>1457.712940</timestamp>
			</report>
			<report>
				<misses>169600000</misses>
				<total>0</total>
				<timestamp>1458.555863</timestamp>
			</report>
			<report>
				<misses>169700000</misses>
				<total>0</total>
				<timestamp>1459.418217</timestamp>
			</report>
			<report>
				<misses>169800000</misses>
				<total>0</total>
				<timestamp>1460.287042</timestamp>
			</report>
			<report>
				<misses>169900000</misses>
				<total>0</total>
				<timestamp>1461.172344</timestamp>
			</report>
			<report>
				<misses>170000000</misses>
				<total>0</total>
				<timestamp>1462.027284</timestamp>
			</report>
			<report>
				<misses>170100000</misses>
				<total>0</total>
				<timestamp>1462.900771</timestamp>
			</report>
			<report>
				<misses>170200000</misses>
				<total>0</total>
				<timestamp>1463.766117</timestamp>
			</report>
			<report>
				<misses>170300000</misses>
				<total>0</total>
				<timestamp>1464.623510</timestamp>
			</report>
			<report>
				<misses>170400000</misses>
				<total>0</total>
				<timestamp>1465.419084</timestamp>
			</report>
			<report>
				<misses>170500000</misses>
				<total>0</total>
				<timestamp>1466.208928</timestamp>
			</report>
			<report>
				<misses>170600000</misses>
				<total>0</total>
				<timestamp>1467.022375</timestamp>
			</report>
			<report>
				<misses>170700000</misses>
				<total>0</total>
				<timestamp>1467.831829</timestamp>
			</report>
			<report>
				<misses>170800000</misses>
				<total>0</total>
				<timestamp>1468.624725</timestamp>
			</report>
			<report>
				<misses>170900000</misses>
				<total>0</total>
				<timestamp>1469.449141</timestamp>
			</report>
			<report>
				<misses>171000000</misses>
				<total>0</total>
				<timestamp>1470.254661</timestamp>
			</report>
			<report>
				<misses>171100000</misses>
				<total>0</total>
				<timestamp>1471.071493</timestamp>
			</report>
			<report>
				<misses>171200000</misses>
				<total>0</total>
				<timestamp>1471.951055</timestamp>
			</report>
			<report>
				<misses>171300000</misses>
				<total>0</total>
				<timestamp>1472.796766</timestamp>
			</report>
			<report>
				<misses>171400000</misses>
				<total>0</total>
				<timestamp>1473.685042</timestamp>
			</report>
			<report>
				<misses>171500000</misses>
				<total>0</total>
				<timestamp>1474.593889</timestamp>
			</report>
			<report>
				<misses>171600000</misses>
				<total>0</total>
				<timestamp>1475.464904</timestamp>
			</report>
			<report>
				<misses>171700000</misses>
				<total>0</total>
				<timestamp>1476.353686</timestamp>
			</report>
			<report>
				<misses>171800000</misses>
				<total>0</total>
				<timestamp>1477.231896</timestamp>
			</report>
			<report>
				<misses>171900000</misses>
				<total>0</total>
				<timestamp>1478.120837</timestamp>
			</report>
			<report>
				<misses>172000000</misses>
				<total>0</total>
				<timestamp>1478.991826</timestamp>
			</report>
			<report>
				<misses>172100000</misses>
				<total>0</total>
				<timestamp>1479.840714</timestamp>
			</report>
			<report>
				<misses>172200000</misses>
				<total>0</total>
				<timestamp>1480.653341</timestamp>
			</report>
			<report>
				<misses>172300000</misses>
				<total>0</total>
				<timestamp>1481.589170</timestamp>
			</report>
			<report>
				<misses>172400000</misses>
				<total>0</total>
				<timestamp>1482.421391</timestamp>
			</report>
			<report>
				<misses>172500000</misses>
				<total>0</total>
				<timestamp>1483.272516</timestamp>
			</report>
			<report>
				<misses>172600000</misses>
				<total>0</total>
				<timestamp>1484.119642</timestamp>
			</report>
			<report>
				<misses>172700000</misses>
				<total>0</total>
				<timestamp>1484.972699</timestamp>
			</report>
			<report>
				<misses>172800000</misses>
				<total>0</total>
				<timestamp>1485.775271</timestamp>
			</report>
			<report>
				<misses>172900000</misses>
				<total>0</total>
				<timestamp>1486.596909</timestamp>
			</report>
			<report>
				<misses>173000000</misses>
				<total>0</total>
				<timestamp>1487.403818</timestamp>
			</report>
			<report>
				<misses>173100000</misses>
				<total>0</total>
				<timestamp>1488.287447</timestamp>
			</report>
			<report>
				<misses>173200000</misses>
				<total>0</total>
				<timestamp>1489.094545</timestamp>
			</report>
			<report>
				<misses>173300000</misses>
				<total>0</total>
				<timestamp>1489.912998</timestamp>
			</report>
			<report>
				<misses>173400000</misses>
				<total>0</total>
				<timestamp>1490.741730</timestamp>
			</report>
			<report>
				<misses>173500000</misses>
				<total>0</total>
				<timestamp>1491.558267</timestamp>
			</report>
			<report>
				<misses>173600000</misses>
				<total>0</total>
				<timestamp>1492.336619</timestamp>
			</report>
			<report>
				<misses>173700000</misses>
				<total>0</total>
				<timestamp>1493.147576</timestamp>
			</report>
			<report>
				<misses>173800000</misses>
				<total>0</total>
				<timestamp>1493.956607</timestamp>
			</report>
			<report>
				<misses>173900000</misses>
				<total>0</total>
				<timestamp>1494.754953</timestamp>
			</report>
			<report>
				<misses>174000000</misses>
				<total>0</total>
				<timestamp>1495.721203</timestamp>
			</report>
			<report>
				<misses>174100000</misses>
				<total>0</total>
				<timestamp>1496.571596</timestamp>
			</report>
			<report>
				<misses>174200000</misses>
				<total>0</total>
				<timestamp>1497.441877</timestamp>
			</report>
			<report>
				<misses>174300000</misses>
				<total>0</total>
				<timestamp>1498.313444</timestamp>
			</report>
			<report>
				<misses>174400000</misses>
				<total>0</total>
				<timestamp>1499.147328</timestamp>
			</report>
			<report>
				<misses>174500000</misses>
				<total>0</total>
				<timestamp>1500.014916</timestamp>
			</report>
			<report>
				<misses>174600000</misses>
				<total>0</total>
				<timestamp>1500.844264</timestamp>
			</report>
			<report>
				<misses>174700000</misses>
				<total>0</total>
				<timestamp>1501.691218</timestamp>
			</report>
			<report>
				<misses>174800000</misses>
				<total>0</total>
				<timestamp>1502.528867</timestamp>
			</report>
			<report>
				<misses>174900000</misses>
				<total>0</total>
				<timestamp>1503.429047</timestamp>
			</report>
			<report>
				<misses>175000000</misses>
				<total>0</total>
				<timestamp>1504.270635</timestamp>
			</report>
			<report>
				<misses>175100000</misses>
				<total>0</total>
				<timestamp>1505.193610</timestamp>
			</report>
			<report>
				<misses>175200000</misses>
				<total>0</total>
				<timestamp>1506.019713</timestamp>
			</report>
			<report>
				<misses>175300000</misses>
				<total>0</total>
				<timestamp>1506.886054</timestamp>
			</report>
			<report>
				<misses>175400000</misses>
				<total>0</total>
				<timestamp>1507.758271</timestamp>
			</report>
			<report>
				<misses>175500000</misses>
				<total>0</total>
				<timestamp>1508.657038</timestamp>
			</report>
			<report>
				<misses>175600000</misses>
				<total>0</total>
				<timestamp>1509.531741</timestamp>
			</report>
			<report>
				<misses>175700000</misses>
				<total>0</total>
				<timestamp>1510.374636</timestamp>
			</report>
			<report>
				<misses>175800000</misses>
				<total>0</total>
				<timestamp>1511.264136</timestamp>
			</report>
			<report>
				<misses>175900000</misses>
				<total>0</total>
				<timestamp>1512.130050</timestamp>
			</report>
			<report>
				<misses>176000000</misses>
				<total>0</total>
				<timestamp>1512.984635</timestamp>
			</report>
			<report>
				<misses>176100000</misses>
				<total>0</total>
				<timestamp>1513.813293</timestamp>
			</report>
			<report>
				<misses>176200000</misses>
				<total>0</total>
				<timestamp>1514.608419</timestamp>
			</report>
			<report>
				<misses>176300000</misses>
				<total>0</total>
				<timestamp>1515.399545</timestamp>
			</report>
			<report>
				<misses>176400000</misses>
				<total>0</total>
				<timestamp>1516.216768</timestamp>
			</report>
			<report>
				<misses>176500000</misses>
				<total>0</total>
				<timestamp>1517.007193</timestamp>
			</report>
			<report>
				<misses>176600000</misses>
				<total>0</total>
				<timestamp>1517.865621</timestamp>
			</report>
			<report>
				<misses>176700000</misses>
				<total>0</total>
				<timestamp>1518.672346</timestamp>
			</report>
			<report>
				<misses>176800000</misses>
				<total>0</total>
				<timestamp>1519.472799</timestamp>
			</report>
			<report>
				<misses>176900000</misses>
				<total>0</total>
				<timestamp>1520.311434</timestamp>
			</report>
			<report>
				<misses>177000000</misses>
				<total>0</total>
				<timestamp>1521.173188</timestamp>
			</report>
			<report>
				<misses>177100000</misses>
				<total>0</total>
				<timestamp>1522.038055</timestamp>
			</report>
			<report>
				<misses>177200000</misses>
				<total>0</total>
				<timestamp>1522.923416</timestamp>
			</report>
			<report>
				<misses>177300000</misses>
				<total>0</total>
				<timestamp>1523.757795</timestamp>
			</report>
			<report>
				<misses>177400000</misses>
				<total>0</total>
				<timestamp>1524.556032</timestamp>
			</report>
			<report>
				<misses>177500000</misses>
				<total>0</total>
				<timestamp>1525.436617</timestamp>
			</report>
			<report>
				<misses>177600000</misses>
				<total>0</total>
				<timestamp>1526.337383</timestamp>
			</report>
			<report>
				<misses>177700000</misses>
				<total>0</total>
				<timestamp>1527.227134</timestamp>
			</report>
			<report>
				<misses>177800000</misses>
				<total>0</total>
				<timestamp>1528.117240</timestamp>
			</report>
			<report>
				<misses>177900000</misses>
				<total>0</total>
				<timestamp>1529.037410</timestamp>
			</report>
			<report>
				<misses>178000000</misses>
				<total>0</total>
				<timestamp>1529.920765</timestamp>
			</report>
			<report>
				<misses>178100000</misses>
				<total>0</total>
				<timestamp>1530.749334</timestamp>
			</report>
			<report>
				<misses>178200000</misses>
				<total>0</total>
				<timestamp>1531.581721</timestamp>
			</report>
			<report>
				<misses>178300000</misses>
				<total>0</total>
				<timestamp>1532.439777</timestamp>
			</report>
			<report>
				<misses>178400000</misses>
				<total>0</total>
				<timestamp>1533.255150</timestamp>
			</report>
			<report>
				<misses>178500000</misses>
				<total>0</total>
				<timestamp>1534.128545</timestamp>
			</report>
			<report>
				<misses>178600000</misses>
				<total>0</total>
				<timestamp>1534.960822</timestamp>
			</report>
			<report>
				<misses>178700000</misses>
				<total>0</total>
				<timestamp>1535.811622</timestamp>
			</report>
			<report>
				<misses>178800000</misses>
				<total>0</total>
				<timestamp>1536.621835</timestamp>
			</report>
			<report>
				<misses>178900000</misses>
				<total>0</total>
				<timestamp>1537.486034</timestamp>
			</report>
			<report>
				<misses>179000000</misses>
				<total>0</total>
				<timestamp>1538.287417</timestamp>
			</report>
			<report>
				<misses>179100000</misses>
				<total>0</total>
				<timestamp>1539.090192</timestamp>
			</report>
			<report>
				<misses>179200000</misses>
				<total>0</total>
				<timestamp>1539.907235</timestamp>
			</report>
			<report>
				<misses>179300000</misses>
				<total>0</total>
				<timestamp>1540.749250</timestamp>
			</report>
			<report>
				<misses>179400000</misses>
				<total>0</total>
				<timestamp>1541.563237</timestamp>
			</report>
			<report>
				<misses>179500000</misses>
				<total>0</total>
				<timestamp>1542.399906</timestamp>
			</report>
			<report>
				<misses>179600000</misses>
				<total>0</total>
				<timestamp>1543.274586</timestamp>
			</report>
			<report>
				<misses>179700000</misses>
				<total>0</total>
				<timestamp>1544.128637</timestamp>
			</report>
			<report>
				<misses>179800000</misses>
				<total>0</total>
				<timestamp>1544.962841</timestamp>
			</report>
			<report>
				<misses>179900000</misses>
				<total>0</total>
				<timestamp>1545.778485</timestamp>
			</report>
			<report>
				<misses>180000000</misses>
				<total>0</total>
				<timestamp>1546.678874</timestamp>
			</report>
			<report>
				<misses>180100000</misses>
				<total>0</total>
				<timestamp>1547.580450</timestamp>
			</report>
			<report>
				<misses>180200000</misses>
				<total>0</total>
				<timestamp>1548.429214</timestamp>
			</report>
			<report>
				<misses>180300000</misses>
				<total>0</total>
				<timestamp>1549.306910</timestamp>
			</report>
			<report>
				<misses>180400000</misses>
				<total>0</total>
				<timestamp>1550.144136</timestamp>
			</report>
			<report>
				<misses>180500000</misses>
				<total>0</total>
				<timestamp>1551.009751</timestamp>
			</report>
			<report>
				<misses>180600000</misses>
				<total>0</total>
				<timestamp>1551.934312</timestamp>
			</report>
			<report>
				<misses>180700000</misses>
				<total>0</total>
				<timestamp>1552.789124</timestamp>
			</report>
			<report>
				<misses>180800000</misses>
				<total>0</total>
				<timestamp>1553.609206</timestamp>
			</report>
			<report>
				<misses>180900000</misses>
				<total>0</total>
				<timestamp>1554.483988</timestamp>
			</report>
			<report>
				<misses>181000000</misses>
				<total>0</total>
				<timestamp>1555.288059</timestamp>
			</report>
			<report>
				<misses>181100000</misses>
				<total>0</total>
				<timestamp>1556.089362</timestamp>
			</report>
			<report>
				<misses>181200000</misses>
				<total>0</total>
				<timestamp>1556.862394</timestamp>
			</report>
			<report>
				<misses>181300000</misses>
				<total>0</total>
				<timestamp>1557.689990</timestamp>
			</report>
			<report>
				<misses>181400000</misses>
				<total>0</total>
				<timestamp>1558.514186</timestamp>
			</report>
			<report>
				<misses>181500000</misses>
				<total>0</total>
				<timestamp>1559.328668</timestamp>
			</report>
			<report>
				<misses>181600000</misses>
				<total>0</total>
				<timestamp>1560.185486</timestamp>
			</report>
			<report>
				<misses>181700000</misses>
				<total>0</total>
				<timestamp>1561.038996</timestamp>
			</report>
			<report>
				<misses>181800000</misses>
				<total>0</total>
				<timestamp>1561.896914</timestamp>
			</report>
			<report>
				<misses>181900000</misses>
				<total>0</total>
				<timestamp>1562.791186</timestamp>
			</report>
			<report>
				<misses>182000000</misses>
				<total>0</total>
				<timestamp>1563.665544</timestamp>
			</report>
			<report>
				<misses>182100000</misses>
				<total>0</total>
				<timestamp>1564.485183</timestamp>
			</report>
			<report>
				<misses>182200000</misses>
				<total>0</total>
				<timestamp>1565.395154</timestamp>
			</report>
			<report>
				<misses>182300000</misses>
				<total>0</total>
				<timestamp>1566.238448</timestamp>
			</report>
			<report>
				<misses>182400000</misses>
				<total>0</total>
				<timestamp>1567.117982</timestamp>
			</report>
			<report>
				<misses>182500000</misses>
				<total>0</total>
				<timestamp>1567.994095</timestamp>
			</report>
			<report>
				<misses>182600000</misses>
				<total>0</total>
				<timestamp>1568.851550</timestamp>
			</report>
			<report>
				<misses>182700000</misses>
				<total>0</total>
				<timestamp>1569.800422</timestamp>
			</report>
			<report>
				<misses>182800000</misses>
				<total>0</total>
				<timestamp>1570.640793</timestamp>
			</report>
			<report>
				<misses>182900000</misses>
				<total>0</total>
				<timestamp>1571.550151</timestamp>
			</report>
			<report>
				<misses>183000000</misses>
				<total>0</total>
				<timestamp>1572.342755</timestamp>
			</report>
			<report>
				<misses>183100000</misses>
				<total>0</total>
				<timestamp>1573.171331</timestamp>
			</report>
			<report>
				<misses>183200000</misses>
				<total>0</total>
				<timestamp>1574.057773</timestamp>
			</report>
			<report>
				<misses>183300000</misses>
				<total>0</total>
				<timestamp>1574.964015</timestamp>
			</report>
			<report>
				<misses>183400000</misses>
				<total>0</total>
				<timestamp>1575.779363</timestamp>
			</report>
			<report>
				<misses>183500000</misses>
				<total>0</total>
				<timestamp>1576.601277</timestamp>
			</report>
			<report>
				<misses>183600000</misses>
				<total>0</total>
				<timestamp>1577.474112</timestamp>
			</report>
			<report>
				<misses>183700000</misses>
				<total>0</total>
				<timestamp>1578.353184</timestamp>
			</report>
			<report>
				<misses>183800000</misses>
				<total>0</total>
				<timestamp>1579.265241</timestamp>
			</report>
			<report>
				<misses>183900000</misses>
				<total>0</total>
				<timestamp>1580.149727</timestamp>
			</report>
			<report>
				<misses>184000000</misses>
				<total>0</total>
				<timestamp>1581.046323</timestamp>
			</report>
			<report>
				<misses>184100000</misses>
				<total>0</total>
				<timestamp>1581.925907</timestamp>
			</report>
			<report>
				<misses>184200000</misses>
				<total>0</total>
				<timestamp>1582.767763</timestamp>
			</report>
			<report>
				<misses>184300000</misses>
				<total>0</total>
				<timestamp>1583.646326</timestamp>
			</report>
			<report>
				<misses>184400000</misses>
				<total>0</total>
				<timestamp>1584.533598</timestamp>
			</report>
			<report>
				<misses>184500000</misses>
				<total>0</total>
				<timestamp>1585.390189</timestamp>
			</report>
			<report>
				<misses>184600000</misses>
				<total>0</total>
				<timestamp>1586.247468</timestamp>
			</report>
			<report>
				<misses>184700000</misses>
				<total>0</total>
				<timestamp>1587.141933</timestamp>
			</report>
			<report>
				<misses>184800000</misses>
				<total>0</total>
				<timestamp>1588.056820</timestamp>
			</report>
			<report>
				<misses>184900000</misses>
				<total>0</total>
				<timestamp>1588.920689</timestamp>
			</report>
			<report>
				<misses>185000000</misses>
				<total>0</total>
				<timestamp>1589.714768</timestamp>
			</report>
			<report>
				<misses>185100000</misses>
				<total>0</total>
				<timestamp>1590.568876</timestamp>
			</report>
			<report>
				<misses>185200000</misses>
				<total>0</total>
				<timestamp>1591.485255</timestamp>
			</report>
			<report>
				<misses>185300000</misses>
				<total>0</total>
				<timestamp>1592.376014</timestamp>
			</report>
			<report>
				<misses>185400000</misses>
				<total>0</total>
				<timestamp>1593.245258</timestamp>
			</report>
			<report>
				<misses>185500000</misses>
				<total>0</total>
				<timestamp>1594.023735</timestamp>
			</report>
			<report>
				<misses>185600000</misses>
				<total>0</total>
				<timestamp>1594.851503</timestamp>
			</report>
			<report>
				<misses>185700000</misses>
				<total>0</total>
				<timestamp>1595.628189</timestamp>
			</report>
			<report>
				<misses>185800000</misses>
				<total>0</total>
				<timestamp>1596.501016</timestamp>
			</report>
			<report>
				<misses>185900000</misses>
				<total>0</total>
				<timestamp>1597.402623</timestamp>
			</report>
			<report>
				<misses>186000000</misses>
				<total>0</total>
				<timestamp>1598.252397</timestamp>
			</report>
			<report>
				<misses>186100000</misses>
				<total>0</total>
				<timestamp>1599.140903</timestamp>
			</report>
			<report>
				<misses>186200000</misses>
				<total>0</total>
				<timestamp>1600.015618</timestamp>
			</report>
			<report>
				<misses>186300000</misses>
				<total>0</total>
				<timestamp>1600.932516</timestamp>
			</report>
			<report>
				<misses>186400000</misses>
				<total>0</total>
				<timestamp>1601.786292</timestamp>
			</report>
			<report>
				<misses>186500000</misses>
				<total>0</total>
				<timestamp>1602.652437</timestamp>
			</report>
			<report>
				<misses>186600000</misses>
				<total>0</total>
				<timestamp>1603.575181</timestamp>
			</report>
			<report>
				<misses>186700000</misses>
				<total>0</total>
				<timestamp>1604.456030</timestamp>
			</report>
			<report>
				<misses>186800000</misses>
				<total>0</total>
				<timestamp>1605.390018</timestamp>
			</report>
			<report>
				<misses>186900000</misses>
				<total>0</total>
				<timestamp>1606.321184</timestamp>
			</report>
			<report>
				<misses>187000000</misses>
				<total>0</total>
				<timestamp>1607.181791</timestamp>
			</report>
			<report>
				<misses>187100000</misses>
				<total>0</total>
				<timestamp>1608.108960</timestamp>
			</report>
			<report>
				<misses>187200000</misses>
				<total>0</total>
				<timestamp>1609.009137</timestamp>
			</report>
			<report>
				<misses>187300000</misses>
				<total>0</total>
				<timestamp>1609.925827</timestamp>
			</report>
			<report>
				<misses>187400000</misses>
				<total>0</total>
				<timestamp>1610.791803</timestamp>
			</report>
			<report>
				<misses>187500000</misses>
				<total>0</total>
				<timestamp>1611.725130</timestamp>
			</report>
			<report>
				<misses>187600000</misses>
				<total>0</total>
				<timestamp>1612.595390</timestamp>
			</report>
			<report>
				<misses>187700000</misses>
				<total>0</total>
				<timestamp>1613.513821</timestamp>
			</report>
			<report>
				<misses>187800000</misses>
				<total>0</total>
				<timestamp>1614.396867</timestamp>
			</report>
			<report>
				<misses>187900000</misses>
				<total>0</total>
				<timestamp>1615.265138</timestamp>
			</report>
			<report>
				<misses>188000000</misses>
				<total>0</total>
				<timestamp>1616.162404</timestamp>
			</report>
			<report>
				<misses>188100000</misses>
				<total>0</total>
				<timestamp>1617.031618</timestamp>
			</report>
			<report>
				<misses>188200000</misses>
				<total>0</total>
				<timestamp>1617.922673</timestamp>
			</report>
			<report>
				<misses>188300000</misses>
				<total>0</total>
				<timestamp>1618.775052</timestamp>
			</report>
			<report>
				<misses>188400000</misses>
				<total>0</total>
				<timestamp>1619.720820</timestamp>
			</report>
			<report>
				<misses>188500000</misses>
				<total>0</total>
				<timestamp>1620.655622</timestamp>
			</report>
			<report>
				<misses>188600000</misses>
				<total>0</total>
				<timestamp>1621.563694</timestamp>
			</report>
			<report>
				<misses>188700000</misses>
				<total>0</total>
				<timestamp>1622.429842</timestamp>
			</report>
			<report>
				<misses>188800000</misses>
				<total>0</total>
				<timestamp>1623.309919</timestamp>
			</report>
			<report>
				<misses>188900000</misses>
				<total>0</total>
				<timestamp>1624.207211</timestamp>
			</report>
			<report>
				<misses>189000000</misses>
				<total>0</total>
				<timestamp>1625.105426</timestamp>
			</report>
			<report>
				<misses>189100000</misses>
				<total>0</total>
				<timestamp>1626.042410</timestamp>
			</report>
			<report>
				<misses>189200000</misses>
				<total>0</total>
				<timestamp>1626.902464</timestamp>
			</report>
			<report>
				<misses>189300000</misses>
				<total>0</total>
				<timestamp>1627.812055</timestamp>
			</report>
			<report>
				<misses>189400000</misses>
				<total>0</total>
				<timestamp>1628.750280</timestamp>
			</report>
			<report>
				<misses>189500000</misses>
				<total>0</total>
				<timestamp>1629.622989</timestamp>
			</report>
			<report>
				<misses>189600000</misses>
				<total>0</total>
				<timestamp>1630.483853</timestamp>
			</report>
			<report>
				<misses>189700000</misses>
				<total>0</total>
				<timestamp>1631.314471</timestamp>
			</report>
			<report>
				<misses>189800000</misses>
				<total>0</total>
				<timestamp>1632.110699</timestamp>
			</report>
			<report>
				<misses>189900000</misses>
				<total>0</total>
				<timestamp>1632.921730</timestamp>
			</report>
			<report>
				<misses>190000000</misses>
				<total>0</total>
				<timestamp>1633.803181</timestamp>
			</report>
			<report>
				<misses>190100000</misses>
				<total>0</total>
				<timestamp>1634.685002</timestamp>
			</report>
			<report>
				<misses>190200000</misses>
				<total>0</total>
				<timestamp>1635.479804</timestamp>
			</report>
			<report>
				<misses>190300000</misses>
				<total>0</total>
				<timestamp>1636.356332</timestamp>
			</report>
			<report>
				<misses>190400000</misses>
				<total>0</total>
				<timestamp>1637.220124</timestamp>
			</report>
			<report>
				<misses>190500000</misses>
				<total>0</total>
				<timestamp>1638.086675</timestamp>
			</report>
			<report>
				<misses>190600000</misses>
				<total>0</total>
				<timestamp>1638.946912</timestamp>
			</report>
			<report>
				<misses>190700000</misses>
				<total>0</total>
				<timestamp>1639.878573</timestamp>
			</report>
			<report>
				<misses>190800000</misses>
				<total>0</total>
				<timestamp>1640.699819</timestamp>
			</report>
			<report>
				<misses>190900000</misses>
				<total>0</total>
				<timestamp>1641.613925</timestamp>
			</report>
			<report>
				<misses>191000000</misses>
				<total>0</total>
				<timestamp>1642.549471</timestamp>
			</report>
			<report>
				<misses>191100000</misses>
				<total>0</total>
				<timestamp>1643.365364</timestamp>
			</report>
			<report>
				<misses>191200000</misses>
				<total>0</total>
				<timestamp>1644.241478</timestamp>
			</report>
			<report>
				<misses>191300000</misses>
				<total>0</total>
				<timestamp>1645.107956</timestamp>
			</report>
			<report>
				<misses>191400000</misses>
				<total>0</total>
				<timestamp>1645.988488</timestamp>
			</report>
			<report>
				<misses>191500000</misses>
				<total>0</total>
				<timestamp>1646.918299</timestamp>
			</report>
			<report>
				<misses>191600000</misses>
				<total>0</total>
				<timestamp>1647.790106</timestamp>
			</report>
			<report>
				<misses>191700000</misses>
				<total>0</total>
				<timestamp>1648.616244</timestamp>
			</report>
			<report>
				<misses>191800000</misses>
				<total>0</total>
				<timestamp>1649.514480</timestamp>
			</report>
			<report>
				<misses>191900000</misses>
				<total>0</total>
				<timestamp>1650.350578</timestamp>
			</report>
			<report>
				<misses>192000000</misses>
				<total>0</total>
				<timestamp>1651.151525</timestamp>
			</report>
			<report>
				<misses>192100000</misses>
				<total>0</total>
				<timestamp>1652.058792</timestamp>
			</report>
			<report>
				<misses>192200000</misses>
				<total>0</total>
				<timestamp>1652.856089</timestamp>
			</report>
			<report>
				<misses>192300000</misses>
				<total>0</total>
				<timestamp>1653.665154</timestamp>
			</report>
			<report>
				<misses>192400000</misses>
				<total>0</total>
				<timestamp>1654.547813</timestamp>
			</report>
			<report>
				<misses>192500000</misses>
				<total>0</total>
				<timestamp>1655.378310</timestamp>
			</report>
			<report>
				<misses>192600000</misses>
				<total>0</total>
				<timestamp>1656.253522</timestamp>
			</report>
			<report>
				<misses>192700000</misses>
				<total>0</total>
				<timestamp>1657.132724</timestamp>
			</report>
			<report>
				<misses>192800000</misses>
				<total>0</total>
				<timestamp>1657.987402</timestamp>
			</report>
			<report>
				<misses>192900000</misses>
				<total>0</total>
				<timestamp>1658.900603</timestamp>
			</report>
			<report>
				<misses>193000000</misses>
				<total>0</total>
				<timestamp>1659.748056</timestamp>
			</report>
			<report>
				<misses>193100000</misses>
				<total>0</total>
				<timestamp>1660.532924</timestamp>
			</report>
			<report>
				<misses>193200000</misses>
				<total>0</total>
				<timestamp>1661.389012</timestamp>
			</report>
			<report>
				<misses>193300000</misses>
				<total>0</total>
				<timestamp>1662.270558</timestamp>
			</report>
			<report>
				<misses>193400000</misses>
				<total>0</total>
				<timestamp>1663.182806</timestamp>
			</report>
			<report>
				<misses>193500000</misses>
				<total>0</total>
				<timestamp>1664.063779</timestamp>
			</report>
			<report>
				<misses>193600000</misses>
				<total>0</total>
				<timestamp>1664.980220</timestamp>
			</report>
			<report>
				<misses>193700000</misses>
				<total>0</total>
				<timestamp>1665.802142</timestamp>
			</report>
			<report>
				<misses>193800000</misses>
				<total>0</total>
				<timestamp>1666.613573</timestamp>
			</report>
			<report>
				<misses>193900000</misses>
				<total>0</total>
				<timestamp>1667.408370</timestamp>
			</report>
			<report>
				<misses>194000000</misses>
				<total>0</total>
				<timestamp>1668.292966</timestamp>
			</report>
			<report>
				<misses>194100000</misses>
				<total>0</total>
				<timestamp>1669.127921</timestamp>
			</report>
			<report>
				<misses>194200000</misses>
				<total>0</total>
				<timestamp>1670.019193</timestamp>
			</report>
			<report>
				<misses>194300000</misses>
				<total>0</total>
				<timestamp>1670.825255</timestamp>
			</report>
			<report>
				<misses>194400000</misses>
				<total>0</total>
				<timestamp>1671.618293</timestamp>
			</report>
			<report>
				<misses>194500000</misses>
				<total>0</total>
				<timestamp>1672.464175</timestamp>
			</report>
			<report>
				<misses>194600000</misses>
				<total>0</total>
				<timestamp>1673.286275</timestamp>
			</report>
			<report>
				<misses>194700000</misses>
				<total>0</total>
				<timestamp>1674.130446</timestamp>
			</report>
			<report>
				<misses>194800000</misses>
				<total>0</total>
				<timestamp>1675.074905</timestamp>
			</report>
			<report>
				<misses>194900000</misses>
				<total>0</total>
				<timestamp>1675.941678</timestamp>
			</report>
			<report>
				<misses>195000000</misses>
				<total>0</total>
				<timestamp>1676.831389</timestamp>
			</report>
			<report>
				<misses>195100000</misses>
				<total>0</total>
				<timestamp>1677.666125</timestamp>
			</report>
			<report>
				<misses>195200000</misses>
				<total>0</total>
				<timestamp>1678.602975</timestamp>
			</report>
			<report>
				<misses>195300000</misses>
				<total>0</total>
				<timestamp>1679.471244</timestamp>
			</report>
			<report>
				<misses>195400000</misses>
				<total>0</total>
				<timestamp>1680.328436</timestamp>
			</report>
			<report>
				<misses>195500000</misses>
				<total>0</total>
				<timestamp>1681.167907</timestamp>
			</report>
			<report>
				<misses>195600000</misses>
				<total>0</total>
				<timestamp>1682.059645</timestamp>
			</report>
			<report>
				<misses>195700000</misses>
				<total>0</total>
				<timestamp>1682.893610</timestamp>
			</report>
			<report>
				<misses>195800000</misses>
				<total>0</total>
				<timestamp>1683.666913</timestamp>
			</report>
			<report>
				<misses>195900000</misses>
				<total>0</total>
				<timestamp>1684.562604</timestamp>
			</report>
			<report>
				<misses>196000000</misses>
				<total>0</total>
				<timestamp>1685.377683</timestamp>
			</report>
			<report>
				<misses>196100000</misses>
				<total>0</total>
				<timestamp>1686.167230</timestamp>
			</report>
			<report>
				<misses>196200000</misses>
				<total>0</total>
				<timestamp>1687.055963</timestamp>
			</report>
			<report>
				<misses>196300000</misses>
				<total>0</total>
				<timestamp>1687.892899</timestamp>
			</report>
			<report>
				<misses>196400000</misses>
				<total>0</total>
				<timestamp>1688.694861</timestamp>
			</report>
			<report>
				<misses>196500000</misses>
				<total>0</total>
				<timestamp>1689.532180</timestamp>
			</report>
			<report>
				<misses>196600000</misses>
				<total>0</total>
				<timestamp>1690.359422</timestamp>
			</report>
			<report>
				<misses>196700000</misses>
				<total>0</total>
				<timestamp>1691.246236</timestamp>
			</report>
			<report>
				<misses>196800000</misses>
				<total>0</total>
				<timestamp>1692.129406</timestamp>
			</report>
			<report>
				<misses>196900000</misses>
				<total>0</total>
				<timestamp>1692.966355</timestamp>
			</report>
			<report>
				<misses>197000000</misses>
				<total>0</total>
				<timestamp>1693.837834</timestamp>
			</report>
			<report>
				<misses>197100000</misses>
				<total>0</total>
				<timestamp>1694.723807</timestamp>
			</report>
			<report>
				<misses>197200000</misses>
				<total>0</total>
				<timestamp>1695.550523</timestamp>
			</report>
			<report>
				<misses>197300000</misses>
				<total>0</total>
				<timestamp>1696.455607</timestamp>
			</report>
			<report>
				<misses>197400000</misses>
				<total>0</total>
				<timestamp>1697.280141</timestamp>
			</report>
			<report>
				<misses>197500000</misses>
				<total>0</total>
				<timestamp>1698.109677</timestamp>
			</report>
			<report>
				<misses>197600000</misses>
				<total>0</total>
				<timestamp>1698.963266</timestamp>
			</report>
			<report>
				<misses>197700000</misses>
				<total>0</total>
				<timestamp>1699.786872</timestamp>
			</report>
			<report>
				<misses>197800000</misses>
				<total>0</total>
				<timestamp>1700.608482</timestamp>
			</report>
			<report>
				<misses>197900000</misses>
				<total>0</total>
				<timestamp>1701.480935</timestamp>
			</report>
			<report>
				<misses>198000000</misses>
				<total>0</total>
				<timestamp>1702.334237</timestamp>
			</report>
			<report>
				<misses>198100000</misses>
				<total>0</total>
				<timestamp>1703.175718</timestamp>
			</report>
			<report>
				<misses>198200000</misses>
				<total>0</total>
				<timestamp>1704.071713</timestamp>
			</report>
			<report>
				<misses>198300000</misses>
				<total>0</total>
				<timestamp>1704.950648</timestamp>
			</report>
			<report>
				<misses>198400000</misses>
				<total>0</total>
				<timestamp>1705.866155</timestamp>
			</report>
			<report>
				<misses>198500000</misses>
				<total>0</total>
				<timestamp>1706.701695</timestamp>
			</report>
			<report>
				<misses>198600000</misses>
				<total>0</total>
				<timestamp>1707.595029</timestamp>
			</report>
			<report>
				<misses>198700000</misses>
				<total>0</total>
				<timestamp>1708.464021</timestamp>
			</report>
			<report>
				<misses>198800000</misses>
				<total>0</total>
				<timestamp>1709.360710</timestamp>
			</report>
			<report>
				<misses>198900000</misses>
				<total>0</total>
				<timestamp>1710.278909</timestamp>
			</report>
			<report>
				<misses>199000000</misses>
				<total>0</total>
				<timestamp>1711.167316</timestamp>
			</report>
			<report>
				<misses>199100000</misses>
				<total>0</total>
				<timestamp>1711.986740</timestamp>
			</report>
			<report>
				<misses>199200000</misses>
				<total>0</total>
				<timestamp>1712.857165</timestamp>
			</report>
			<report>
				<misses>199300000</misses>
				<total>0</total>
				<timestamp>1713.652737</timestamp>
			</report>
			<report>
				<misses>199400000</misses>
				<total>0</total>
				<timestamp>1714.459355</timestamp>
			</report>
			<report>
				<misses>199500000</misses>
				<total>0</total>
				<timestamp>1715.305577</timestamp>
			</report>
			<report>
				<misses>199600000</misses>
				<total>0</total>
				<timestamp>1716.109852</timestamp>
			</report>
			<report>
				<misses>199700000</misses>
				<total>0</total>
				<timestamp>1716.943304</timestamp>
			</report>
			<report>
				<misses>199800000</misses>
				<total>0</total>
				<timestamp>1717.731185</timestamp>
			</report>
			<report>
				<misses>199900000</misses>
				<total>0</total>
				<timestamp>1718.536992</timestamp>
			</report>
			<report>
				<misses>200000000</misses>
				<total>0</total>
				<timestamp>1719.408990</timestamp>
			</report>
			<report>
				<misses>200100000</misses>
				<total>0</total>
				<timestamp>1720.315231</timestamp>
			</report>
			<report>
				<misses>200200000</misses>
				<total>0</total>
				<timestamp>1721.130480</timestamp>
			</report>
			<report>
				<misses>200300000</misses>
				<total>0</total>
				<timestamp>1722.078568</timestamp>
			</report>
			<report>
				<misses>200400000</misses>
				<total>0</total>
				<timestamp>1723.002117</timestamp>
			</report>
			<report>
				<misses>200500000</misses>
				<total>0</total>
				<timestamp>1723.857263</timestamp>
			</report>
			<report>
				<misses>200600000</misses>
				<total>0</total>
				<timestamp>1724.672560</timestamp>
			</report>
			<report>
				<misses>200700000</misses>
				<total>0</total>
				<timestamp>1725.552910</timestamp>
			</report>
			<report>
				<misses>200800000</misses>
				<total>0</total>
				<timestamp>1726.389986</timestamp>
			</report>
			<report>
				<misses>200900000</misses>
				<total>0</total>
				<timestamp>1727.265739</timestamp>
			</report>
			<report>
				<misses>201000000</misses>
				<total>0</total>
				<timestamp>1728.141768</timestamp>
			</report>
			<report>
				<misses>201100000</misses>
				<total>0</total>
				<timestamp>1728.967637</timestamp>
			</report>
			<report>
				<misses>201200000</misses>
				<total>0</total>
				<timestamp>1729.767462</timestamp>
			</report>
			<report>
				<misses>201300000</misses>
				<total>0</total>
				<timestamp>1730.600649</timestamp>
			</report>
			<report>
				<misses>201400000</misses>
				<total>0</total>
				<timestamp>1731.449073</timestamp>
			</report>
			<report>
				<misses>201500000</misses>
				<total>0</total>
				<timestamp>1732.264399</timestamp>
			</report>
			<report>
				<misses>201600000</misses>
				<total>0</total>
				<timestamp>1733.077557</timestamp>
			</report>
			<report>
				<misses>201700000</misses>
				<total>0</total>
				<timestamp>1733.863186</timestamp>
			</report>
			<report>
				<misses>201800000</misses>
				<total>0</total>
				<timestamp>1734.662441</timestamp>
			</report>
			<report>
				<misses>201900000</misses>
				<total>0</total>
				<timestamp>1735.452036</timestamp>
			</report>
			<report>
				<misses>202000000</misses>
				<total>0</total>
				<timestamp>1736.251510</timestamp>
			</report>
			<report>
				<misses>202100000</misses>
				<total>0</total>
				<timestamp>1737.106713</timestamp>
			</report>
			<report>
				<misses>202200000</misses>
				<total>0</total>
				<timestamp>1737.989657</timestamp>
			</report>
			<report>
				<misses>202300000</misses>
				<total>0</total>
				<timestamp>1738.896684</timestamp>
			</report>
			<report>
				<misses>202400000</misses>
				<total>0</total>
				<timestamp>1739.815369</timestamp>
			</report>
			<report>
				<misses>202500000</misses>
				<total>0</total>
				<timestamp>1740.674327</timestamp>
			</report>
			<report>
				<misses>202600000</misses>
				<total>0</total>
				<timestamp>1741.568879</timestamp>
			</report>
			<report>
				<misses>202700000</misses>
				<total>0</total>
				<timestamp>1742.449701</timestamp>
			</report>
			<report>
				<misses>202800000</misses>
				<total>0</total>
				<timestamp>1743.368789</timestamp>
			</report>
			<report>
				<misses>202900000</misses>
				<total>0</total>
				<timestamp>1744.207390</timestamp>
			</report>
			<report>
				<misses>203000000</misses>
				<total>0</total>
				<timestamp>1745.091229</timestamp>
			</report>
			<report>
				<misses>203100000</misses>
				<total>0</total>
				<timestamp>1745.973984</timestamp>
			</report>
			<report>
				<misses>203200000</misses>
				<total>0</total>
				<timestamp>1746.842938</timestamp>
			</report>
			<report>
				<misses>203300000</misses>
				<total>0</total>
				<timestamp>1747.676603</timestamp>
			</report>
			<report>
				<misses>203400000</misses>
				<total>0</total>
				<timestamp>1748.515521</timestamp>
			</report>
			<report>
				<misses>203500000</misses>
				<total>0</total>
				<timestamp>1749.370768</timestamp>
			</report>
			<report>
				<misses>203600000</misses>
				<total>0</total>
				<timestamp>1750.156294</timestamp>
			</report>
			<report>
				<misses>203700000</misses>
				<total>0</total>
				<timestamp>1750.997743</timestamp>
			</report>
			<report>
				<misses>203800000</misses>
				<total>0</total>
				<timestamp>1751.835801</timestamp>
			</report>
			<report>
				<misses>203900000</misses>
				<total>0</total>
				<timestamp>1752.688857</timestamp>
			</report>
			<report>
				<misses>204000000</misses>
				<total>0</total>
				<timestamp>1753.547290</timestamp>
			</report>
			<report>
				<misses>204100000</misses>
				<total>0</total>
				<timestamp>1754.417750</timestamp>
			</report>
			<report>
				<misses>204200000</misses>
				<total>0</total>
				<timestamp>1755.263021</timestamp>
			</report>
			<report>
				<misses>204300000</misses>
				<total>0</total>
				<timestamp>1756.194874</timestamp>
			</report>
			<report>
				<misses>204400000</misses>
				<total>0</total>
				<timestamp>1757.069517</timestamp>
			</report>
			<report>
				<misses>204500000</misses>
				<total>0</total>
				<timestamp>1757.923857</timestamp>
			</report>
			<report>
				<misses>204600000</misses>
				<total>0</total>
				<timestamp>1758.813496</timestamp>
			</report>
			<report>
				<misses>204700000</misses>
				<total>0</total>
				<timestamp>1759.663972</timestamp>
			</report>
			<report>
				<misses>204800000</misses>
				<total>0</total>
				<timestamp>1760.534395</timestamp>
			</report>
			<report>
				<misses>204900000</misses>
				<total>0</total>
				<timestamp>1761.362334</timestamp>
			</report>
			<report>
				<misses>205000000</misses>
				<total>0</total>
				<timestamp>1762.238311</timestamp>
			</report>
			<report>
				<misses>205100000</misses>
				<total>0</total>
				<timestamp>1763.089269</timestamp>
			</report>
			<report>
				<misses>205200000</misses>
				<total>0</total>
				<timestamp>1763.954154</timestamp>
			</report>
			<report>
				<misses>205300000</misses>
				<total>0</total>
				<timestamp>1764.837139</timestamp>
			</report>
			<report>
				<misses>205400000</misses>
				<total>0</total>
				<timestamp>1765.696790</timestamp>
			</report>
			<report>
				<misses>205500000</misses>
				<total>0</total>
				<timestamp>1766.587104</timestamp>
			</report>
			<report>
				<misses>205600000</misses>
				<total>0</total>
				<timestamp>1767.476136</timestamp>
			</report>
			<report>
				<misses>205700000</misses>
				<total>0</total>
				<timestamp>1768.341797</timestamp>
			</report>
			<report>
				<misses>205800000</misses>
				<total>0</total>
				<timestamp>1769.171010</timestamp>
			</report>
			<report>
				<misses>205900000</misses>
				<total>0</total>
				<timestamp>1770.038414</timestamp>
			</report>
			<report>
				<misses>206000000</misses>
				<total>0</total>
				<timestamp>1770.949598</timestamp>
			</report>
			<report>
				<misses>206100000</misses>
				<total>0</total>
				<timestamp>1771.831300</timestamp>
			</report>
			<report>
				<misses>206200000</misses>
				<total>0</total>
				<timestamp>1772.680502</timestamp>
			</report>
			<report>
				<misses>206300000</misses>
				<total>0</total>
				<timestamp>1773.547877</timestamp>
			</report>
			<report>
				<misses>206400000</misses>
				<total>0</total>
				<timestamp>1774.421032</timestamp>
			</report>
			<report>
				<misses>206500000</misses>
				<total>0</total>
				<timestamp>1775.307574</timestamp>
			</report>
			<report>
				<misses>206600000</misses>
				<total>0</total>
				<timestamp>1776.127110</timestamp>
			</report>
			<report>
				<misses>206700000</misses>
				<total>0</total>
				<timestamp>1777.003135</timestamp>
			</report>
			<report>
				<misses>206800000</misses>
				<total>0</total>
				<timestamp>1777.869040</timestamp>
			</report>
			<report>
				<misses>206900000</misses>
				<total>0</total>
				<timestamp>1778.763720</timestamp>
			</report>
			<report>
				<misses>207000000</misses>
				<total>0</total>
				<timestamp>1779.623295</timestamp>
			</report>
			<report>
				<misses>207100000</misses>
				<total>0</total>
				<timestamp>1780.482481</timestamp>
			</report>
			<report>
				<misses>207200000</misses>
				<total>0</total>
				<timestamp>1781.377961</timestamp>
			</report>
			<report>
				<misses>207300000</misses>
				<total>0</total>
				<timestamp>1782.250043</timestamp>
			</report>
			<report>
				<misses>207400000</misses>
				<total>0</total>
				<timestamp>1783.112859</timestamp>
			</report>
			<report>
				<misses>207500000</misses>
				<total>0</total>
				<timestamp>1784.015178</timestamp>
			</report>
			<report>
				<misses>207600000</misses>
				<total>0</total>
				<timestamp>1784.861761</timestamp>
			</report>
			<report>
				<misses>207700000</misses>
				<total>0</total>
				<timestamp>1785.766929</timestamp>
			</report>
			<report>
				<misses>207800000</misses>
				<total>0</total>
				<timestamp>1786.669963</timestamp>
			</report>
			<report>
				<misses>207900000</misses>
				<total>0</total>
				<timestamp>1787.534816</timestamp>
			</report>
			<report>
				<misses>208000000</misses>
				<total>0</total>
				<timestamp>1788.440985</timestamp>
			</report>
			<report>
				<misses>208100000</misses>
				<total>0</total>
				<timestamp>1789.343985</timestamp>
			</report>
			<report>
				<misses>208200000</misses>
				<total>0</total>
				<timestamp>1790.215251</timestamp>
			</report>
			<report>
				<misses>208300000</misses>
				<total>0</total>
				<timestamp>1791.092238</timestamp>
			</report>
			<report>
				<misses>208400000</misses>
				<total>0</total>
				<timestamp>1791.945954</timestamp>
			</report>
			<report>
				<misses>208500000</misses>
				<total>0</total>
				<timestamp>1792.762425</timestamp>
			</report>
			<report>
				<misses>208600000</misses>
				<total>0</total>
				<timestamp>1793.659811</timestamp>
			</report>
			<report>
				<misses>208700000</misses>
				<total>0</total>
				<timestamp>1794.481286</timestamp>
			</report>
			<report>
				<misses>208800000</misses>
				<total>0</total>
				<timestamp>1795.270959</timestamp>
			</report>
			<report>
				<misses>208900000</misses>
				<total>0</total>
				<timestamp>1796.055525</timestamp>
			</report>
			<report>
				<misses>209000000</misses>
				<total>0</total>
				<timestamp>1796.847076</timestamp>
			</report>
			<report>
				<misses>209100000</misses>
				<total>0</total>
				<timestamp>1797.668379</timestamp>
			</report>
			<report>
				<misses>209200000</misses>
				<total>0</total>
				<timestamp>1798.485094</timestamp>
			</report>
			<report>
				<misses>209300000</misses>
				<total>0</total>
				<timestamp>1799.402387</timestamp>
			</report>
			<report>
				<misses>209400000</misses>
				<total>0</total>
				<timestamp>1800.317944</timestamp>
			</report>
			<report>
				<misses>209500000</misses>
				<total>0</total>
				<timestamp>1801.227186</timestamp>
			</report>
			<report>
				<misses>209600000</misses>
				<total>0</total>
				<timestamp>1802.207794</timestamp>
			</report>
			<report>
				<misses>209700000</misses>
				<total>0</total>
				<timestamp>1803.063511</timestamp>
			</report>
			<report>
				<misses>209800000</misses>
				<total>0</total>
				<timestamp>1803.950372</timestamp>
			</report>
			<report>
				<misses>209900000</misses>
				<total>0</total>
				<timestamp>1804.869323</timestamp>
			</report>
			<report>
				<misses>210000000</misses>
				<total>0</total>
				<timestamp>1805.734734</timestamp>
			</report>
			<report>
				<misses>210100000</misses>
				<total>0</total>
				<timestamp>1806.593005</timestamp>
			</report>
			<report>
				<misses>210200000</misses>
				<total>0</total>
				<timestamp>1807.484356</timestamp>
			</report>
			<report>
				<misses>210300000</misses>
				<total>0</total>
				<timestamp>1808.406120</timestamp>
			</report>
			<report>
				<misses>210400000</misses>
				<total>0</total>
				<timestamp>1809.271923</timestamp>
			</report>
			<report>
				<misses>210500000</misses>
				<total>0</total>
				<timestamp>1810.136473</timestamp>
			</report>
			<report>
				<misses>210600000</misses>
				<total>0</total>
				<timestamp>1810.944541</timestamp>
			</report>
			<report>
				<misses>210700000</misses>
				<total>0</total>
				<timestamp>1811.736097</timestamp>
			</report>
			<report>
				<misses>210800000</misses>
				<total>0</total>
				<timestamp>1812.552335</timestamp>
			</report>
			<report>
				<misses>210900000</misses>
				<total>0</total>
				<timestamp>1813.488174</timestamp>
			</report>
			<report>
				<misses>211000000</misses>
				<total>0</total>
				<timestamp>1814.344726</timestamp>
			</report>
			<report>
				<misses>211100000</misses>
				<total>0</total>
				<timestamp>1815.163992</timestamp>
			</report>
			<report>
				<misses>211200000</misses>
				<total>0</total>
				<timestamp>1816.004844</timestamp>
			</report>
			<report>
				<misses>211300000</misses>
				<total>0</total>
				<timestamp>1816.963592</timestamp>
			</report>
			<report>
				<misses>211400000</misses>
				<total>0</total>
				<timestamp>1817.843072</timestamp>
			</report>
			<report>
				<misses>211500000</misses>
				<total>0</total>
				<timestamp>1818.748131</timestamp>
			</report>
			<report>
				<misses>211600000</misses>
				<total>0</total>
				<timestamp>1819.635833</timestamp>
			</report>
			<report>
				<misses>211700000</misses>
				<total>0</total>
				<timestamp>1820.523312</timestamp>
			</report>
			<report>
				<misses>211800000</misses>
				<total>0</total>
				<timestamp>1821.428974</timestamp>
			</report>
			<report>
				<misses>211900000</misses>
				<total>0</total>
				<timestamp>1822.327537</timestamp>
			</report>
			<report>
				<misses>212000000</misses>
				<total>0</total>
				<timestamp>1823.250686</timestamp>
			</report>
			<report>
				<misses>212100000</misses>
				<total>0</total>
				<timestamp>1824.164569</timestamp>
			</report>
			<report>
				<misses>212200000</misses>
				<total>0</total>
				<timestamp>1825.053366</timestamp>
			</report>
			<report>
				<misses>212300000</misses>
				<total>0</total>
				<timestamp>1825.916053</timestamp>
			</report>
			<report>
				<misses>212400000</misses>
				<total>0</total>
				<timestamp>1826.806014</timestamp>
			</report>
			<report>
				<misses>212500000</misses>
				<total>0</total>
				<timestamp>1827.615140</timestamp>
			</report>
			<report>
				<misses>212600000</misses>
				<total>0</total>
				<timestamp>1828.430938</timestamp>
			</report>
			<report>
				<misses>212700000</misses>
				<total>0</total>
				<timestamp>1829.225486</timestamp>
			</report>
			<report>
				<misses>212800000</misses>
				<total>0</total>
				<timestamp>1830.099078</timestamp>
			</report>
			<report>
				<misses>212900000</misses>
				<total>0</total>
				<timestamp>1830.906043</timestamp>
			</report>
			<report>
				<misses>213000000</misses>
				<total>0</total>
				<timestamp>1831.682352</timestamp>
			</report>
			<report>
				<misses>213100000</misses>
				<total>0</total>
				<timestamp>1832.487382</timestamp>
			</report>
			<report>
				<misses>213200000</misses>
				<total>0</total>
				<timestamp>1833.284636</timestamp>
			</report>
			<report>
				<misses>213300000</misses>
				<total>0</total>
				<timestamp>1834.084539</timestamp>
			</report>
			<report>
				<misses>213400000</misses>
				<total>0</total>
				<timestamp>1834.972761</timestamp>
			</report>
			<report>
				<misses>213500000</misses>
				<total>0</total>
				<timestamp>1835.880891</timestamp>
			</report>
			<report>
				<misses>213600000</misses>
				<total>0</total>
				<timestamp>1836.709828</timestamp>
			</report>
			<report>
				<misses>213700000</misses>
				<total>0</total>
				<timestamp>1837.554453</timestamp>
			</report>
			<report>
				<misses>213800000</misses>
				<total>0</total>
				<timestamp>1838.452148</timestamp>
			</report>
			<report>
				<misses>213900000</misses>
				<total>0</total>
				<timestamp>1839.293232</timestamp>
			</report>
			<report>
				<misses>214000000</misses>
				<total>0</total>
				<timestamp>1840.167142</timestamp>
			</report>
			<report>
				<misses>214100000</misses>
				<total>0</total>
				<timestamp>1841.005652</timestamp>
			</report>
			<report>
				<misses>214200000</misses>
				<total>0</total>
				<timestamp>1841.882067</timestamp>
			</report>
			<report>
				<misses>214300000</misses>
				<total>0</total>
				<timestamp>1842.752034</timestamp>
			</report>
			<report>
				<misses>214400000</misses>
				<total>0</total>
				<timestamp>1843.595122</timestamp>
			</report>
			<report>
				<misses>214500000</misses>
				<total>0</total>
				<timestamp>1844.416181</timestamp>
			</report>
			<report>
				<misses>214600000</misses>
				<total>0</total>
				<timestamp>1845.373018</timestamp>
			</report>
			<report>
				<misses>214700000</misses>
				<total>0</total>
				<timestamp>1846.184158</timestamp>
			</report>
			<report>
				<misses>214800000</misses>
				<total>0</total>
				<timestamp>1847.034072</timestamp>
			</report>
			<report>
				<misses>214900000</misses>
				<total>0</total>
				<timestamp>1847.949582</timestamp>
			</report>
			<report>
				<misses>215000000</misses>
				<total>0</total>
				<timestamp>1848.817445</timestamp>
			</report>
			<report>
				<misses>215100000</misses>
				<total>0</total>
				<timestamp>1849.624876</timestamp>
			</report>
			<report>
				<misses>215200000</misses>
				<total>0</total>
				<timestamp>1850.427722</timestamp>
			</report>
			<report>
				<misses>215300000</misses>
				<total>0</total>
				<timestamp>1851.232686</timestamp>
			</report>
			<report>
				<misses>215400000</misses>
				<total>0</total>
				<timestamp>1852.034050</timestamp>
			</report>
			<report>
				<misses>215500000</misses>
				<total>0</total>
				<timestamp>1852.859884</timestamp>
			</report>
			<report>
				<misses>215600000</misses>
				<total>0</total>
				<timestamp>1853.764954</timestamp>
			</report>
			<report>
				<misses>215700000</misses>
				<total>0</total>
				<timestamp>1854.655141</timestamp>
			</report>
			<report>
				<misses>215800000</misses>
				<total>0</total>
				<timestamp>1855.464709</timestamp>
			</report>
			<report>
				<misses>215900000</misses>
				<total>0</total>
				<timestamp>1856.354948</timestamp>
			</report>
			<report>
				<misses>216000000</misses>
				<total>0</total>
				<timestamp>1857.269114</timestamp>
			</report>
			<report>
				<misses>216100000</misses>
				<total>0</total>
				<timestamp>1858.125437</timestamp>
			</report>
			<report>
				<misses>216200000</misses>
				<total>0</total>
				<timestamp>1858.982817</timestamp>
			</report>
			<report>
				<misses>216300000</misses>
				<total>0</total>
				<timestamp>1859.842005</timestamp>
			</report>
			<report>
				<misses>216400000</misses>
				<total>0</total>
				<timestamp>1860.750749</timestamp>
			</report>
			<report>
				<misses>216500000</misses>
				<total>0</total>
				<timestamp>1861.657130</timestamp>
			</report>
			<report>
				<misses>216600000</misses>
				<total>0</total>
				<timestamp>1862.552363</timestamp>
			</report>
			<report>
				<misses>216700000</misses>
				<total>0</total>
				<timestamp>1863.468449</timestamp>
			</report>
			<report>
				<misses>216800000</misses>
				<total>0</total>
				<timestamp>1864.321906</timestamp>
			</report>
			<report>
				<misses>216900000</misses>
				<total>0</total>
				<timestamp>1865.142255</timestamp>
			</report>
			<report>
				<misses>217000000</misses>
				<total>0</total>
				<timestamp>1865.987106</timestamp>
			</report>
			<report>
				<misses>217100000</misses>
				<total>0</total>
				<timestamp>1866.796701</timestamp>
			</report>
			<report>
				<misses>217200000</misses>
				<total>0</total>
				<timestamp>1867.622867</timestamp>
			</report>
			<report>
				<misses>217300000</misses>
				<total>0</total>
				<timestamp>1868.544050</timestamp>
			</report>
			<report>
				<misses>217400000</misses>
				<total>0</total>
				<timestamp>1869.355043</timestamp>
			</report>
			<report>
				<misses>217500000</misses>
				<total>0</total>
				<timestamp>1870.156364</timestamp>
			</report>
			<report>
				<misses>217600000</misses>
				<total>0</total>
				<timestamp>1870.963570</timestamp>
			</report>
			<report>
				<misses>217700000</misses>
				<total>0</total>
				<timestamp>1871.772308</timestamp>
			</report>
			<report>
				<misses>217800000</misses>
				<total>0</total>
				<timestamp>1872.651862</timestamp>
			</report>
			<report>
				<misses>217900000</misses>
				<total>0</total>
				<timestamp>1873.551939</timestamp>
			</report>
			<report>
				<misses>218000000</misses>
				<total>0</total>
				<timestamp>1874.378885</timestamp>
			</report>
			<report>
				<misses>218100000</misses>
				<total>0</total>
				<timestamp>1875.302439</timestamp>
			</report>
			<report>
				<misses>218200000</misses>
				<total>0</total>
				<timestamp>1876.156303</timestamp>
			</report>
			<report>
				<misses>218300000</misses>
				<total>0</total>
				<timestamp>1877.010017</timestamp>
			</report>
			<report>
				<misses>218400000</misses>
				<total>0</total>
				<timestamp>1877.912409</timestamp>
			</report>
			<report>
				<misses>218500000</misses>
				<total>0</total>
				<timestamp>1878.806724</timestamp>
			</report>
			<report>
				<misses>218600000</misses>
				<total>0</total>
				<timestamp>1879.694855</timestamp>
			</report>
			<report>
				<misses>218700000</misses>
				<total>0</total>
				<timestamp>1880.521961</timestamp>
			</report>
			<report>
				<misses>218800000</misses>
				<total>0</total>
				<timestamp>1881.364607</timestamp>
			</report>
			<report>
				<misses>218900000</misses>
				<total>0</total>
				<timestamp>1882.219200</timestamp>
			</report>
			<report>
				<misses>219000000</misses>
				<total>0</total>
				<timestamp>1883.123399</timestamp>
			</report>
			<report>
				<misses>219100000</misses>
				<total>0</total>
				<timestamp>1883.971060</timestamp>
			</report>
			<report>
				<misses>219200000</misses>
				<total>0</total>
				<timestamp>1884.799182</timestamp>
			</report>
			<report>
				<misses>219300000</misses>
				<total>0</total>
				<timestamp>1885.635981</timestamp>
			</report>
			<report>
				<misses>219400000</misses>
				<total>0</total>
				<timestamp>1886.441140</timestamp>
			</report>
			<report>
				<misses>219500000</misses>
				<total>0</total>
				<timestamp>1887.319521</timestamp>
			</report>
			<report>
				<misses>219600000</misses>
				<total>0</total>
				<timestamp>1888.173285</timestamp>
			</report>
			<report>
				<misses>219700000</misses>
				<total>0</total>
				<timestamp>1889.093924</timestamp>
			</report>
			<report>
				<misses>219800000</misses>
				<total>0</total>
				<timestamp>1889.930253</timestamp>
			</report>
			<report>
				<misses>219900000</misses>
				<total>0</total>
				<timestamp>1890.755518</timestamp>
			</report>
			<report>
				<misses>220000000</misses>
				<total>0</total>
				<timestamp>1891.655831</timestamp>
			</report>
			<report>
				<misses>220100000</misses>
				<total>0</total>
				<timestamp>1892.538295</timestamp>
			</report>
			<report>
				<misses>220200000</misses>
				<total>0</total>
				<timestamp>1893.340118</timestamp>
			</report>
			<report>
				<misses>220300000</misses>
				<total>0</total>
				<timestamp>1894.230936</timestamp>
			</report>
			<report>
				<misses>220400000</misses>
				<total>0</total>
				<timestamp>1895.128543</timestamp>
			</report>
			<report>
				<misses>220500000</misses>
				<total>0</total>
				<timestamp>1895.946471</timestamp>
			</report>
			<report>
				<misses>220600000</misses>
				<total>0</total>
				<timestamp>1896.822705</timestamp>
			</report>
			<report>
				<misses>220700000</misses>
				<total>0</total>
				<timestamp>1897.638320</timestamp>
			</report>
			<report>
				<misses>220800000</misses>
				<total>0</total>
				<timestamp>1898.501106</timestamp>
			</report>
			<report>
				<misses>220900000</misses>
				<total>0</total>
				<timestamp>1899.337209</timestamp>
			</report>
			<report>
				<misses>221000000</misses>
				<total>0</total>
				<timestamp>1900.162522</timestamp>
			</report>
			<report>
				<misses>221100000</misses>
				<total>0</total>
				<timestamp>1900.955546</timestamp>
			</report>
			<report>
				<misses>221200000</misses>
				<total>0</total>
				<timestamp>1901.752972</timestamp>
			</report>
			<report>
				<misses>221300000</misses>
				<total>0</total>
				<timestamp>1902.575491</timestamp>
			</report>
			<report>
				<misses>221400000</misses>
				<total>0</total>
				<timestamp>1903.389738</timestamp>
			</report>
			<report>
				<misses>221500000</misses>
				<total>0</total>
				<timestamp>1904.279747</timestamp>
			</report>
			<report>
				<misses>221600000</misses>
				<total>0</total>
				<timestamp>1905.158351</timestamp>
			</report>
			<report>
				<misses>221700000</misses>
				<total>0</total>
				<timestamp>1906.001228</timestamp>
			</report>
			<report>
				<misses>221800000</misses>
				<total>0</total>
				<timestamp>1906.868601</timestamp>
			</report>
			<report>
				<misses>221900000</misses>
				<total>0</total>
				<timestamp>1907.767942</timestamp>
			</report>
			<report>
				<misses>222000000</misses>
				<total>0</total>
				<timestamp>1908.646541</timestamp>
			</report>
			<report>
				<misses>222100000</misses>
				<total>0</total>
				<timestamp>1909.495528</timestamp>
			</report>
			<report>
				<misses>222200000</misses>
				<total>0</total>
				<timestamp>1910.335104</timestamp>
			</report>
			<report>
				<misses>222300000</misses>
				<total>0</total>
				<timestamp>1911.187830</timestamp>
			</report>
			<report>
				<misses>222400000</misses>
				<total>0</total>
				<timestamp>1912.055183</timestamp>
			</report>
			<report>
				<misses>222500000</misses>
				<total>0</total>
				<timestamp>1912.952148</timestamp>
			</report>
			<report>
				<misses>222600000</misses>
				<total>0</total>
				<timestamp>1913.810097</timestamp>
			</report>
			<report>
				<misses>222700000</misses>
				<total>0</total>
				<timestamp>1914.687682</timestamp>
			</report>
			<report>
				<misses>222800000</misses>
				<total>0</total>
				<timestamp>1915.572625</timestamp>
			</report>
			<report>
				<misses>222900000</misses>
				<total>0</total>
				<timestamp>1916.379604</timestamp>
			</report>
			<report>
				<misses>223000000</misses>
				<total>0</total>
				<timestamp>1917.246238</timestamp>
			</report>
			<report>
				<misses>223100000</misses>
				<total>0</total>
				<timestamp>1918.044317</timestamp>
			</report>
			<report>
				<misses>223200000</misses>
				<total>0</total>
				<timestamp>1918.867516</timestamp>
			</report>
			<report>
				<misses>223300000</misses>
				<total>0</total>
				<timestamp>1919.701060</timestamp>
			</report>
			<report>
				<misses>223400000</misses>
				<total>0</total>
				<timestamp>1920.497919</timestamp>
			</report>
			<report>
				<misses>223500000</misses>
				<total>0</total>
				<timestamp>1921.392640</timestamp>
			</report>
			<report>
				<misses>223600000</misses>
				<total>0</total>
				<timestamp>1922.226215</timestamp>
			</report>
			<report>
				<misses>223700000</misses>
				<total>0</total>
				<timestamp>1923.050428</timestamp>
			</report>
			<report>
				<misses>223800000</misses>
				<total>0</total>
				<timestamp>1923.869450</timestamp>
			</report>
			<report>
				<misses>223900000</misses>
				<total>0</total>
				<timestamp>1924.658075</timestamp>
			</report>
			<report>
				<misses>224000000</misses>
				<total>0</total>
				<timestamp>1925.544645</timestamp>
			</report>
			<report>
				<misses>224100000</misses>
				<total>0</total>
				<timestamp>1926.394816</timestamp>
			</report>
			<report>
				<misses>224200000</misses>
				<total>0</total>
				<timestamp>1927.210143</timestamp>
			</report>
			<report>
				<misses>224300000</misses>
				<total>0</total>
				<timestamp>1928.068675</timestamp>
			</report>
			<report>
				<misses>224400000</misses>
				<total>0</total>
				<timestamp>1928.930400</timestamp>
			</report>
			<report>
				<misses>224500000</misses>
				<total>0</total>
				<timestamp>1929.805898</timestamp>
			</report>
			<report>
				<misses>224600000</misses>
				<total>0</total>
				<timestamp>1930.708218</timestamp>
			</report>
			<report>
				<misses>224700000</misses>
				<total>0</total>
				<timestamp>1931.581723</timestamp>
			</report>
			<report>
				<misses>224800000</misses>
				<total>0</total>
				<timestamp>1932.427403</timestamp>
			</report>
			<report>
				<misses>224900000</misses>
				<total>0</total>
				<timestamp>1933.300499</timestamp>
			</report>
			<report>
				<misses>225000000</misses>
				<total>0</total>
				<timestamp>1934.145817</timestamp>
			</report>
			<report>
				<misses>225100000</misses>
				<total>0</total>
				<timestamp>1935.004809</timestamp>
			</report>
			<report>
				<misses>225200000</misses>
				<total>0</total>
				<timestamp>1935.887950</timestamp>
			</report>
			<report>
				<misses>225300000</misses>
				<total>0</total>
				<timestamp>1936.772309</timestamp>
			</report>
			<report>
				<misses>225400000</misses>
				<total>0</total>
				<timestamp>1937.651274</timestamp>
			</report>
			<report>
				<misses>225500000</misses>
				<total>0</total>
				<timestamp>1938.570361</timestamp>
			</report>
			<report>
				<misses>225600000</misses>
				<total>0</total>
				<timestamp>1939.472988</timestamp>
			</report>
			<report>
				<misses>225700000</misses>
				<total>0</total>
				<timestamp>1940.302568</timestamp>
			</report>
			<report>
				<misses>225800000</misses>
				<total>0</total>
				<timestamp>1941.133529</timestamp>
			</report>
			<report>
				<misses>225900000</misses>
				<total>0</total>
				<timestamp>1941.940262</timestamp>
			</report>
			<report>
				<misses>226000000</misses>
				<total>0</total>
				<timestamp>1942.737829</timestamp>
			</report>
			<report>
				<misses>226100000</misses>
				<total>0</total>
				<timestamp>1943.549601</timestamp>
			</report>
			<report>
				<misses>226200000</misses>
				<total>0</total>
				<timestamp>1944.354567</timestamp>
			</report>
			<report>
				<misses>226300000</misses>
				<total>0</total>
				<timestamp>1945.207170</timestamp>
			</report>
			<report>
				<misses>226400000</misses>
				<total>0</total>
				<timestamp>1946.040674</timestamp>
			</report>
			<report>
				<misses>226500000</misses>
				<total>0</total>
				<timestamp>1946.920212</timestamp>
			</report>
			<report>
				<misses>226600000</misses>
				<total>0</total>
				<timestamp>1947.803860</timestamp>
			</report>
			<report>
				<misses>226700000</misses>
				<total>0</total>
				<timestamp>1948.675521</timestamp>
			</report>
			<report>
				<misses>226800000</misses>
				<total>0</total>
				<timestamp>1949.545030</timestamp>
			</report>
			<report>
				<misses>226900000</misses>
				<total>0</total>
				<timestamp>1950.425168</timestamp>
			</report>
			<report>
				<misses>227000000</misses>
				<total>0</total>
				<timestamp>1951.283250</timestamp>
			</report>
			<report>
				<misses>227100000</misses>
				<total>0</total>
				<timestamp>1952.111540</timestamp>
			</report>
			<report>
				<misses>227200000</misses>
				<total>0</total>
				<timestamp>1952.987406</timestamp>
			</report>
			<report>
				<misses>227300000</misses>
				<total>0</total>
				<timestamp>1953.900836</timestamp>
			</report>
			<report>
				<misses>227400000</misses>
				<total>0</total>
				<timestamp>1954.785711</timestamp>
			</report>
			<report>
				<misses>227500000</misses>
				<total>0</total>
				<timestamp>1955.664011</timestamp>
			</report>
			<report>
				<misses>227600000</misses>
				<total>0</total>
				<timestamp>1956.474647</timestamp>
			</report>
			<report>
				<misses>227700000</misses>
				<total>0</total>
				<timestamp>1957.301080</timestamp>
			</report>
			<report>
				<misses>227800000</misses>
				<total>0</total>
				<timestamp>1958.135985</timestamp>
			</report>
			<report>
				<misses>227900000</misses>
				<total>0</total>
				<timestamp>1958.974703</timestamp>
			</report>
			<report>
				<misses>228000000</misses>
				<total>0</total>
				<timestamp>1959.856066</timestamp>
			</report>
			<report>
				<misses>228100000</misses>
				<total>0</total>
				<timestamp>1960.650975</timestamp>
			</report>
			<report>
				<misses>228200000</misses>
				<total>0</total>
				<timestamp>1961.451999</timestamp>
			</report>
			<report>
				<misses>228300000</misses>
				<total>0</total>
				<timestamp>1962.286447</timestamp>
			</report>
			<report>
				<misses>228400000</misses>
				<total>0</total>
				<timestamp>1963.099918</timestamp>
			</report>
			<report>
				<misses>228500000</misses>
				<total>0</total>
				<timestamp>1963.904869</timestamp>
			</report>
			<report>
				<misses>228600000</misses>
				<total>0</total>
				<timestamp>1964.724379</timestamp>
			</report>
			<report>
				<misses>228700000</misses>
				<total>0</total>
				<timestamp>1965.533229</timestamp>
			</report>
			<report>
				<misses>228800000</misses>
				<total>0</total>
				<timestamp>1966.371673</timestamp>
			</report>
			<report>
				<misses>228900000</misses>
				<total>0</total>
				<timestamp>1967.274964</timestamp>
			</report>
			<report>
				<misses>229000000</misses>
				<total>0</total>
				<timestamp>1968.126599</timestamp>
			</report>
			<report>
				<misses>229100000</misses>
				<total>0</total>
				<timestamp>1968.981741</timestamp>
			</report>
			<report>
				<misses>229200000</misses>
				<total>0</total>
				<timestamp>1969.879583</timestamp>
			</report>
			<report>
				<misses>229300000</misses>
				<total>0</total>
				<timestamp>1970.808393</timestamp>
			</report>
			<report>
				<misses>229400000</misses>
				<total>0</total>
				<timestamp>1971.676225</timestamp>
			</report>
			<report>
				<misses>229500000</misses>
				<total>0</total>
				<timestamp>1972.516735</timestamp>
			</report>
			<report>
				<misses>229600000</misses>
				<total>0</total>
				<timestamp>1973.379282</timestamp>
			</report>
			<report>
				<misses>229700000</misses>
				<total>0</total>
				<timestamp>1974.236550</timestamp>
			</report>
			<report>
				<misses>229800000</misses>
				<total>0</total>
				<timestamp>1975.145847</timestamp>
			</report>
			<report>
				<misses>229900000</misses>
				<total>0</total>
				<timestamp>1976.073435</timestamp>
			</report>
			<report>
				<misses>230000000</misses>
				<total>0</total>
				<timestamp>1976.978368</timestamp>
			</report>
			<report>
				<misses>230100000</misses>
				<total>0</total>
				<timestamp>1977.874018</timestamp>
			</report>
			<report>
				<misses>230200000</misses>
				<total>0</total>
				<timestamp>1978.787089</timestamp>
			</report>
			<report>
				<misses>230300000</misses>
				<total>0</total>
				<timestamp>1979.648247</timestamp>
			</report>
			<report>
				<misses>230400000</misses>
				<total>0</total>
				<timestamp>1980.537778</timestamp>
			</report>
			<report>
				<misses>230500000</misses>
				<total>0</total>
				<timestamp>1981.490874</timestamp>
			</report>
			<report>
				<misses>230600000</misses>
				<total>0</total>
				<timestamp>1982.508380</timestamp>
			</report>
			<report>
				<misses>230700000</misses>
				<total>0</total>
				<timestamp>1983.341143</timestamp>
			</report>
			<report>
				<misses>230800000</misses>
				<total>0</total>
				<timestamp>1984.215068</timestamp>
			</report>
			<report>
				<misses>230900000</misses>
				<total>0</total>
				<timestamp>1985.125380</timestamp>
			</report>
			<report>
				<misses>231000000</misses>
				<total>0</total>
				<timestamp>1985.976247</timestamp>
			</report>
			<report>
				<misses>231100000</misses>
				<total>0</total>
				<timestamp>1986.819593</timestamp>
			</report>
			<report>
				<misses>231200000</misses>
				<total>0</total>
				<timestamp>1987.698188</timestamp>
			</report>
			<report>
				<misses>231300000</misses>
				<total>0</total>
				<timestamp>1988.591692</timestamp>
			</report>
			<report>
				<misses>231400000</misses>
				<total>0</total>
				<timestamp>1989.487890</timestamp>
			</report>
			<report>
				<misses>231500000</misses>
				<total>0</total>
				<timestamp>1990.374083</timestamp>
			</report>
			<report>
				<misses>231600000</misses>
				<total>0</total>
				<timestamp>1991.280675</timestamp>
			</report>
			<report>
				<misses>231700000</misses>
				<total>0</total>
				<timestamp>1992.199284</timestamp>
			</report>
			<report>
				<misses>231800000</misses>
				<total>0</total>
				<timestamp>1993.108617</timestamp>
			</report>
			<report>
				<misses>231900000</misses>
				<total>0</total>
				<timestamp>1993.995819</timestamp>
			</report>
			<report>
				<misses>232000000</misses>
				<total>0</total>
				<timestamp>1994.873969</timestamp>
			</report>
			<report>
				<misses>232100000</misses>
				<total>0</total>
				<timestamp>1995.805171</timestamp>
			</report>
			<report>
				<misses>232200000</misses>
				<total>0</total>
				<timestamp>1996.681783</timestamp>
			</report>
			<report>
				<misses>232300000</misses>
				<total>0</total>
				<timestamp>1997.522011</timestamp>
			</report>
			<report>
				<misses>232400000</misses>
				<total>0</total>
				<timestamp>1998.336460</timestamp>
			</report>
			<report>
				<misses>232500000</misses>
				<total>0</total>
				<timestamp>1999.167234</timestamp>
			</report>
			<report>
				<misses>232600000</misses>
				<total>0</total>
				<timestamp>2000.043743</timestamp>
			</report>
			<report>
				<misses>232700000</misses>
				<total>0</total>
				<timestamp>2000.904132</timestamp>
			</report>
			<report>
				<misses>232800000</misses>
				<total>0</total>
				<timestamp>2001.756243</timestamp>
			</report>
			<report>
				<misses>232900000</misses>
				<total>0</total>
				<timestamp>2002.586702</timestamp>
			</report>
			<report>
				<misses>233000000</misses>
				<total>0</total>
				<timestamp>2003.487389</timestamp>
			</report>
			<report>
				<misses>233100000</misses>
				<total>0</total>
				<timestamp>2004.327432</timestamp>
			</report>
			<report>
				<misses>233200000</misses>
				<total>0</total>
				<timestamp>2005.233441</timestamp>
			</report>
			<report>
				<misses>233300000</misses>
				<total>0</total>
				<timestamp>2006.115863</timestamp>
			</report>
			<report>
				<misses>233400000</misses>
				<total>0</total>
				<timestamp>2007.008087</timestamp>
			</report>
			<report>
				<misses>233500000</misses>
				<total>0</total>
				<timestamp>2008.007136</timestamp>
			</report>
			<report>
				<misses>233600000</misses>
				<total>0</total>
				<timestamp>2008.867192</timestamp>
			</report>
			<report>
				<misses>233700000</misses>
				<total>0</total>
				<timestamp>2009.759674</timestamp>
			</report>
			<report>
				<misses>233800000</misses>
				<total>0</total>
				<timestamp>2010.639486</timestamp>
			</report>
			<report>
				<misses>233900000</misses>
				<total>0</total>
				<timestamp>2011.523246</timestamp>
			</report>
			<report>
				<misses>234000000</misses>
				<total>0</total>
				<timestamp>2012.449602</timestamp>
			</report>
			<report>
				<misses>234100000</misses>
				<total>0</total>
				<timestamp>2013.353696</timestamp>
			</report>
			<report>
				<misses>234200000</misses>
				<total>0</total>
				<timestamp>2014.227979</timestamp>
			</report>
			<report>
				<misses>234300000</misses>
				<total>0</total>
				<timestamp>2015.077265</timestamp>
			</report>
			<report>
				<misses>234400000</misses>
				<total>0</total>
				<timestamp>2015.983090</timestamp>
			</report>
			<report>
				<misses>234500000</misses>
				<total>0</total>
				<timestamp>2016.878068</timestamp>
			</report>
			<report>
				<misses>234600000</misses>
				<total>0</total>
				<timestamp>2017.738533</timestamp>
			</report>
			<report>
				<misses>234700000</misses>
				<total>0</total>
				<timestamp>2018.677211</timestamp>
			</report>
			<report>
				<misses>234800000</misses>
				<total>0</total>
				<timestamp>2019.540241</timestamp>
			</report>
			<report>
				<misses>234900000</misses>
				<total>0</total>
				<timestamp>2020.360778</timestamp>
			</report>
			<report>
				<misses>235000000</misses>
				<total>0</total>
				<timestamp>2021.222047</timestamp>
			</report>
			<report>
				<misses>235100000</misses>
				<total>0</total>
				<timestamp>2022.041622</timestamp>
			</report>
			<report>
				<misses>235200000</misses>
				<total>0</total>
				<timestamp>2022.839920</timestamp>
			</report>
			<report>
				<misses>235300000</misses>
				<total>0</total>
				<timestamp>2023.641498</timestamp>
			</report>
			<report>
				<misses>235400000</misses>
				<total>0</total>
				<timestamp>2024.455609</timestamp>
			</report>
			<report>
				<misses>235500000</misses>
				<total>0</total>
				<timestamp>2025.330338</timestamp>
			</report>
			<report>
				<misses>235600000</misses>
				<total>0</total>
				<timestamp>2026.201813</timestamp>
			</report>
			<report>
				<misses>235700000</misses>
				<total>0</total>
				<timestamp>2027.079849</timestamp>
			</report>
			<report>
				<misses>235800000</misses>
				<total>0</total>
				<timestamp>2027.958807</timestamp>
			</report>
			<report>
				<misses>235900000</misses>
				<total>0</total>
				<timestamp>2028.920108</timestamp>
			</report>
			<report>
				<misses>236000000</misses>
				<total>0</total>
				<timestamp>2029.819044</timestamp>
			</report>
			<report>
				<misses>236100000</misses>
				<total>0</total>
				<timestamp>2030.744894</timestamp>
			</report>
			<report>
				<misses>236200000</misses>
				<total>0</total>
				<timestamp>2031.647039</timestamp>
			</report>
			<report>
				<misses>236300000</misses>
				<total>0</total>
				<timestamp>2032.588674</timestamp>
			</report>
			<report>
				<misses>236400000</misses>
				<total>0</total>
				<timestamp>2033.442722</timestamp>
			</report>
			<report>
				<misses>236500000</misses>
				<total>0</total>
				<timestamp>2034.322839</timestamp>
			</report>
			<report>
				<misses>236600000</misses>
				<total>0</total>
				<timestamp>2035.215268</timestamp>
			</report>
			<report>
				<misses>236700000</misses>
				<total>0</total>
				<timestamp>2036.094892</timestamp>
			</report>
			<report>
				<misses>236800000</misses>
				<total>0</total>
				<timestamp>2036.984591</timestamp>
			</report>
			<report>
				<misses>236900000</misses>
				<total>0</total>
				<timestamp>2037.869868</timestamp>
			</report>
			<report>
				<misses>237000000</misses>
				<total>0</total>
				<timestamp>2038.794971</timestamp>
			</report>
			<report>
				<misses>237100000</misses>
				<total>0</total>
				<timestamp>2039.690286</timestamp>
			</report>
			<report>
				<misses>237200000</misses>
				<total>0</total>
				<timestamp>2040.578250</timestamp>
			</report>
			<report>
				<misses>237300000</misses>
				<total>0</total>
				<timestamp>2041.453131</timestamp>
			</report>
			<report>
				<misses>237400000</misses>
				<total>0</total>
				<timestamp>2042.358305</timestamp>
			</report>
			<report>
				<misses>237500000</misses>
				<total>0</total>
				<timestamp>2043.247473</timestamp>
			</report>
			<report>
				<misses>237600000</misses>
				<total>0</total>
				<timestamp>2044.149413</timestamp>
			</report>
			<report>
				<misses>237700000</misses>
				<total>0</total>
				<timestamp>2044.992963</timestamp>
			</report>
			<report>
				<misses>237800000</misses>
				<total>0</total>
				<timestamp>2045.790704</timestamp>
			</report>
			<report>
				<misses>237900000</misses>
				<total>0</total>
				<timestamp>2046.644235</timestamp>
			</report>
			<report>
				<misses>238000000</misses>
				<total>0</total>
				<timestamp>2047.449394</timestamp>
			</report>
			<report>
				<misses>238100000</misses>
				<total>0</total>
				<timestamp>2048.268086</timestamp>
			</report>
			<report>
				<misses>238200000</misses>
				<total>0</total>
				<timestamp>2049.093546</timestamp>
			</report>
			<report>
				<misses>238300000</misses>
				<total>0</total>
				<timestamp>2049.899154</timestamp>
			</report>
			<report>
				<misses>238400000</misses>
				<total>0</total>
				<timestamp>2050.693869</timestamp>
			</report>
			<report>
				<misses>238500000</misses>
				<total>0</total>
				<timestamp>2051.547453</timestamp>
			</report>
			<report>
				<misses>238600000</misses>
				<total>0</total>
				<timestamp>2052.447437</timestamp>
			</report>
			<report>
				<misses>238700000</misses>
				<total>0</total>
				<timestamp>2053.349843</timestamp>
			</report>
			<report>
				<misses>238800000</misses>
				<total>0</total>
				<timestamp>2054.141574</timestamp>
			</report>
			<report>
				<misses>238900000</misses>
				<total>0</total>
				<timestamp>2055.052769</timestamp>
			</report>
			<report>
				<misses>239000000</misses>
				<total>0</total>
				<timestamp>2055.951339</timestamp>
			</report>
			<report>
				<misses>239100000</misses>
				<total>0</total>
				<timestamp>2056.867329</timestamp>
			</report>
			<report>
				<misses>239200000</misses>
				<total>0</total>
				<timestamp>2057.670120</timestamp>
			</report>
			<report>
				<misses>239300000</misses>
				<total>0</total>
				<timestamp>2058.561897</timestamp>
			</report>
			<report>
				<misses>239400000</misses>
				<total>0</total>
				<timestamp>2059.453116</timestamp>
			</report>
			<report>
				<misses>239500000</misses>
				<total>0</total>
				<timestamp>2060.293831</timestamp>
			</report>
			<report>
				<misses>239600000</misses>
				<total>0</total>
				<timestamp>2061.186443</timestamp>
			</report>
			<report>
				<misses>239700000</misses>
				<total>0</total>
				<timestamp>2062.050249</timestamp>
			</report>
			<report>
				<misses>239800000</misses>
				<total>0</total>
				<timestamp>2062.905832</timestamp>
			</report>
			<report>
				<misses>239900000</misses>
				<total>0</total>
				<timestamp>2063.762033</timestamp>
			</report>
			<report>
				<misses>240000000</misses>
				<total>0</total>
				<timestamp>2064.562057</timestamp>
			</report>
			<report>
				<misses>240100000</misses>
				<total>0</total>
				<timestamp>2065.338062</timestamp>
			</report>
			<report>
				<misses>240200000</misses>
				<total>0</total>
				<timestamp>2066.146057</timestamp>
			</report>
			<report>
				<misses>240300000</misses>
				<total>0</total>
				<timestamp>2066.946918</timestamp>
			</report>
			<report>
				<misses>240400000</misses>
				<total>0</total>
				<timestamp>2067.766922</timestamp>
			</report>
			<report>
				<misses>240500000</misses>
				<total>0</total>
				<timestamp>2068.625681</timestamp>
			</report>
			<report>
				<misses>240600000</misses>
				<total>0</total>
				<timestamp>2069.445856</timestamp>
			</report>
			<report>
				<misses>240700000</misses>
				<total>0</total>
				<timestamp>2070.232605</timestamp>
			</report>
			<report>
				<misses>240800000</misses>
				<total>0</total>
				<timestamp>2071.068368</timestamp>
			</report>
			<report>
				<misses>240900000</misses>
				<total>0</total>
				<timestamp>2071.933346</timestamp>
			</report>
			<report>
				<misses>241000000</misses>
				<total>0</total>
				<timestamp>2072.826137</timestamp>
			</report>
			<report>
				<misses>241100000</misses>
				<total>0</total>
				<timestamp>2073.665058</timestamp>
			</report>
			<report>
				<misses>241200000</misses>
				<total>0</total>
				<timestamp>2074.534696</timestamp>
			</report>
			<report>
				<misses>241300000</misses>
				<total>0</total>
				<timestamp>2075.424948</timestamp>
			</report>
			<report>
				<misses>241400000</misses>
				<total>0</total>
				<timestamp>2076.314534</timestamp>
			</report>
			<report>
				<misses>241500000</misses>
				<total>0</total>
				<timestamp>2077.179914</timestamp>
			</report>
			<report>
				<misses>241600000</misses>
				<total>0</total>
				<timestamp>2078.000855</timestamp>
			</report>
			<report>
				<misses>241700000</misses>
				<total>0</total>
				<timestamp>2078.935897</timestamp>
			</report>
			<report>
				<misses>241800000</misses>
				<total>0</total>
				<timestamp>2079.820065</timestamp>
			</report>
			<report>
				<misses>241900000</misses>
				<total>0</total>
				<timestamp>2080.675824</timestamp>
			</report>
			<report>
				<misses>242000000</misses>
				<total>0</total>
				<timestamp>2081.582910</timestamp>
			</report>
			<report>
				<misses>242100000</misses>
				<total>0</total>
				<timestamp>2082.387756</timestamp>
			</report>
			<report>
				<misses>242200000</misses>
				<total>0</total>
				<timestamp>2083.195940</timestamp>
			</report>
			<report>
				<misses>242300000</misses>
				<total>0</total>
				<timestamp>2083.992939</timestamp>
			</report>
			<report>
				<misses>242400000</misses>
				<total>0</total>
				<timestamp>2084.866986</timestamp>
			</report>
			<report>
				<misses>242500000</misses>
				<total>0</total>
				<timestamp>2085.714122</timestamp>
			</report>
			<report>
				<misses>242600000</misses>
				<total>0</total>
				<timestamp>2086.532555</timestamp>
			</report>
			<report>
				<misses>242700000</misses>
				<total>0</total>
				<timestamp>2087.324304</timestamp>
			</report>
			<report>
				<misses>242800000</misses>
				<total>0</total>
				<timestamp>2088.146653</timestamp>
			</report>
			<report>
				<misses>242900000</misses>
				<total>0</total>
				<timestamp>2088.938514</timestamp>
			</report>
			<report>
				<misses>243000000</misses>
				<total>0</total>
				<timestamp>2089.803250</timestamp>
			</report>
			<report>
				<misses>243100000</misses>
				<total>0</total>
				<timestamp>2090.647839</timestamp>
			</report>
			<report>
				<misses>243200000</misses>
				<total>0</total>
				<timestamp>2091.464752</timestamp>
			</report>
			<report>
				<misses>243300000</misses>
				<total>0</total>
				<timestamp>2092.318392</timestamp>
			</report>
			<report>
				<misses>243400000</misses>
				<total>0</total>
				<timestamp>2093.264918</timestamp>
			</report>
			<report>
				<misses>243500000</misses>
				<total>0</total>
				<timestamp>2094.143003</timestamp>
			</report>
			<report>
				<misses>243600000</misses>
				<total>0</total>
				<timestamp>2094.992703</timestamp>
			</report>
			<report>
				<misses>243700000</misses>
				<total>0</total>
				<timestamp>2095.845234</timestamp>
			</report>
			<report>
				<misses>243800000</misses>
				<total>0</total>
				<timestamp>2096.784621</timestamp>
			</report>
			<report>
				<misses>243900000</misses>
				<total>0</total>
				<timestamp>2097.665801</timestamp>
			</report>
			<report>
				<misses>244000000</misses>
				<total>0</total>
				<timestamp>2098.520114</timestamp>
			</report>
			<report>
				<misses>244100000</misses>
				<total>0</total>
				<timestamp>2099.413813</timestamp>
			</report>
			<report>
				<misses>244200000</misses>
				<total>0</total>
				<timestamp>2100.258743</timestamp>
			</report>
			<report>
				<misses>244300000</misses>
				<total>0</total>
				<timestamp>2101.128655</timestamp>
			</report>
			<report>
				<misses>244400000</misses>
				<total>0</total>
				<timestamp>2102.030988</timestamp>
			</report>
			<report>
				<misses>244500000</misses>
				<total>0</total>
				<timestamp>2102.901068</timestamp>
			</report>
			<report>
				<misses>244600000</misses>
				<total>0</total>
				<timestamp>2103.779761</timestamp>
			</report>
			<report>
				<misses>244700000</misses>
				<total>0</total>
				<timestamp>2104.643954</timestamp>
			</report>
			<report>
				<misses>244800000</misses>
				<total>0</total>
				<timestamp>2105.500375</timestamp>
			</report>
			<report>
				<misses>244900000</misses>
				<total>0</total>
				<timestamp>2106.406604</timestamp>
			</report>
			<report>
				<misses>245000000</misses>
				<total>0</total>
				<timestamp>2107.203893</timestamp>
			</report>
			<report>
				<misses>245100000</misses>
				<total>0</total>
				<timestamp>2108.066729</timestamp>
			</report>
			<report>
				<misses>245200000</misses>
				<total>0</total>
				<timestamp>2108.915250</timestamp>
			</report>
			<report>
				<misses>245300000</misses>
				<total>0</total>
				<timestamp>2109.759544</timestamp>
			</report>
			<report>
				<misses>245400000</misses>
				<total>0</total>
				<timestamp>2110.614265</timestamp>
			</report>
			<report>
				<misses>245500000</misses>
				<total>0</total>
				<timestamp>2111.430433</timestamp>
			</report>
			<report>
				<misses>245600000</misses>
				<total>0</total>
				<timestamp>2112.257730</timestamp>
			</report>
			<report>
				<misses>245700000</misses>
				<total>0</total>
				<timestamp>2113.064981</timestamp>
			</report>
			<report>
				<misses>245800000</misses>
				<total>0</total>
				<timestamp>2113.956771</timestamp>
			</report>
			<report>
				<misses>245900000</misses>
				<total>0</total>
				<timestamp>2114.865492</timestamp>
			</report>
			<report>
				<misses>246000000</misses>
				<total>0</total>
				<timestamp>2115.799260</timestamp>
			</report>
			<report>
				<misses>246100000</misses>
				<total>0</total>
				<timestamp>2116.679087</timestamp>
			</report>
			<report>
				<misses>246200000</misses>
				<total>0</total>
				<timestamp>2117.522290</timestamp>
			</report>
			<report>
				<misses>246300000</misses>
				<total>0</total>
				<timestamp>2118.352335</timestamp>
			</report>
			<report>
				<misses>246400000</misses>
				<total>0</total>
				<timestamp>2119.241208</timestamp>
			</report>
			<report>
				<misses>246500000</misses>
				<total>0</total>
				<timestamp>2120.130905</timestamp>
			</report>
			<report>
				<misses>246600000</misses>
				<total>0</total>
				<timestamp>2120.971820</timestamp>
			</report>
			<report>
				<misses>246700000</misses>
				<total>0</total>
				<timestamp>2121.899197</timestamp>
			</report>
			<report>
				<misses>246800000</misses>
				<total>0</total>
				<timestamp>2122.747208</timestamp>
			</report>
			<report>
				<misses>246900000</misses>
				<total>0</total>
				<timestamp>2123.563867</timestamp>
			</report>
			<report>
				<misses>247000000</misses>
				<total>0</total>
				<timestamp>2124.395763</timestamp>
			</report>
			<report>
				<misses>247100000</misses>
				<total>0</total>
				<timestamp>2125.241291</timestamp>
			</report>
			<report>
				<misses>247200000</misses>
				<total>0</total>
				<timestamp>2126.113324</timestamp>
			</report>
			<report>
				<misses>247300000</misses>
				<total>0</total>
				<timestamp>2126.947818</timestamp>
			</report>
			<report>
				<misses>247400000</misses>
				<total>0</total>
				<timestamp>2127.803222</timestamp>
			</report>
			<report>
				<misses>247500000</misses>
				<total>0</total>
				<timestamp>2128.698082</timestamp>
			</report>
			<report>
				<misses>247600000</misses>
				<total>0</total>
				<timestamp>2129.544547</timestamp>
			</report>
			<report>
				<misses>247700000</misses>
				<total>0</total>
				<timestamp>2130.374992</timestamp>
			</report>
			<report>
				<misses>247800000</misses>
				<total>0</total>
				<timestamp>2131.206711</timestamp>
			</report>
			<report>
				<misses>247900000</misses>
				<total>0</total>
				<timestamp>2132.036042</timestamp>
			</report>
			<report>
				<misses>248000000</misses>
				<total>0</total>
				<timestamp>2132.826260</timestamp>
			</report>
			<report>
				<misses>248100000</misses>
				<total>0</total>
				<timestamp>2133.687052</timestamp>
			</report>
			<report>
				<misses>248200000</misses>
				<total>0</total>
				<timestamp>2134.516502</timestamp>
			</report>
			<report>
				<misses>248300000</misses>
				<total>0</total>
				<timestamp>2135.449038</timestamp>
			</report>
			<report>
				<misses>248400000</misses>
				<total>0</total>
				<timestamp>2136.280000</timestamp>
			</report>
			<report>
				<misses>248500000</misses>
				<total>0</total>
				<timestamp>2137.169015</timestamp>
			</report>
			<report>
				<misses>248600000</misses>
				<total>0</total>
				<timestamp>2138.002103</timestamp>
			</report>
			<report>
				<misses>248700000</misses>
				<total>0</total>
				<timestamp>2138.875965</timestamp>
			</report>
			<report>
				<misses>248800000</misses>
				<total>0</total>
				<timestamp>2139.742398</timestamp>
			</report>
			<report>
				<misses>248900000</misses>
				<total>0</total>
				<timestamp>2140.610663</timestamp>
			</report>
			<report>
				<misses>249000000</misses>
				<total>0</total>
				<timestamp>2141.511472</timestamp>
			</report>
			<report>
				<misses>249100000</misses>
				<total>0</total>
				<timestamp>2142.377380</timestamp>
			</report>
			<report>
				<misses>249200000</misses>
				<total>0</total>
				<timestamp>2143.229885</timestamp>
			</report>
			<report>
				<misses>249300000</misses>
				<total>0</total>
				<timestamp>2144.091331</timestamp>
			</report>
			<report>
				<misses>249400000</misses>
				<total>0</total>
				<timestamp>2144.936732</timestamp>
			</report>
			<report>
				<misses>249500000</misses>
				<total>0</total>
				<timestamp>2145.770910</timestamp>
			</report>
			<report>
				<misses>249600000</misses>
				<total>0</total>
				<timestamp>2146.626924</timestamp>
			</report>
			<report>
				<misses>249700000</misses>
				<total>0</total>
				<timestamp>2147.476436</timestamp>
			</report>
			<report>
				<misses>249800000</misses>
				<total>0</total>
				<timestamp>2148.349484</timestamp>
			</report>
			<report>
				<misses>249900000</misses>
				<total>0</total>
				<timestamp>2149.215613</timestamp>
			</report>
			<report>
				<misses>250000000</misses>
				<total>0</total>
				<timestamp>2150.059772</timestamp>
			</report>
			<report>
				<misses>250100000</misses>
				<total>0</total>
				<timestamp>2150.943662</timestamp>
			</report>
			<report>
				<misses>250200000</misses>
				<total>0</total>
				<timestamp>2151.796033</timestamp>
			</report>
			<report>
				<misses>250300000</misses>
				<total>0</total>
				<timestamp>2152.596059</timestamp>
			</report>
			<report>
				<misses>250400000</misses>
				<total>0</total>
				<timestamp>2153.418148</timestamp>
			</report>
			<report>
				<misses>250500000</misses>
				<total>0</total>
				<timestamp>2154.216449</timestamp>
			</report>
			<report>
				<misses>250600000</misses>
				<total>0</total>
				<timestamp>2155.007772</timestamp>
			</report>
			<report>
				<misses>250700000</misses>
				<total>0</total>
				<timestamp>2155.806329</timestamp>
			</report>
			<report>
				<misses>250800000</misses>
				<total>0</total>
				<timestamp>2156.685362</timestamp>
			</report>
			<report>
				<misses>250900000</misses>
				<total>0</total>
				<timestamp>2157.535888</timestamp>
			</report>
			<report>
				<misses>251000000</misses>
				<total>0</total>
				<timestamp>2158.382714</timestamp>
			</report>
			<report>
				<misses>251100000</misses>
				<total>0</total>
				<timestamp>2159.248197</timestamp>
			</report>
			<report>
				<misses>251200000</misses>
				<total>0</total>
				<timestamp>2160.089012</timestamp>
			</report>
			<report>
				<misses>251300000</misses>
				<total>0</total>
				<timestamp>2160.983716</timestamp>
			</report>
			<report>
				<misses>251400000</misses>
				<total>0</total>
				<timestamp>2161.866410</timestamp>
			</report>
			<report>
				<misses>251500000</misses>
				<total>0</total>
				<timestamp>2162.741318</timestamp>
			</report>
			<report>
				<misses>251600000</misses>
				<total>0</total>
				<timestamp>2163.580289</timestamp>
			</report>
			<report>
				<misses>251700000</misses>
				<total>0</total>
				<timestamp>2164.437573</timestamp>
			</report>
			<report>
				<misses>251800000</misses>
				<total>0</total>
				<timestamp>2165.281394</timestamp>
			</report>
			<report>
				<misses>251900000</misses>
				<total>0</total>
				<timestamp>2166.140189</timestamp>
			</report>
			<report>
				<misses>252000000</misses>
				<total>0</total>
				<timestamp>2167.042422</timestamp>
			</report>
			<report>
				<misses>252100000</misses>
				<total>0</total>
				<timestamp>2167.885920</timestamp>
			</report>
			<report>
				<misses>252200000</misses>
				<total>0</total>
				<timestamp>2168.768494</timestamp>
			</report>
			<report>
				<misses>252300000</misses>
				<total>0</total>
				<timestamp>2169.619129</timestamp>
			</report>
			<report>
				<misses>252400000</misses>
				<total>0</total>
				<timestamp>2170.411302</timestamp>
			</report>
			<report>
				<misses>252500000</misses>
				<total>0</total>
				<timestamp>2171.221210</timestamp>
			</report>
			<report>
				<misses>252600000</misses>
				<total>0</total>
				<timestamp>2172.005840</timestamp>
			</report>
			<report>
				<misses>252700000</misses>
				<total>0</total>
				<timestamp>2172.840335</timestamp>
			</report>
			<report>
				<misses>252800000</misses>
				<total>0</total>
				<timestamp>2173.694103</timestamp>
			</report>
			<report>
				<misses>252900000</misses>
				<total>0</total>
				<timestamp>2174.510610</timestamp>
			</report>
			<report>
				<misses>253000000</misses>
				<total>0</total>
				<timestamp>2175.327912</timestamp>
			</report>
			<report>
				<misses>253100000</misses>
				<total>0</total>
				<timestamp>2176.121694</timestamp>
			</report>
			<report>
				<misses>253200000</misses>
				<total>0</total>
				<timestamp>2176.975001</timestamp>
			</report>
			<report>
				<misses>253300000</misses>
				<total>0</total>
				<timestamp>2177.809263</timestamp>
			</report>
			<report>
				<misses>253400000</misses>
				<total>0</total>
				<timestamp>2178.717408</timestamp>
			</report>
			<report>
				<misses>253500000</misses>
				<total>0</total>
				<timestamp>2179.581088</timestamp>
			</report>
			<report>
				<misses>253600000</misses>
				<total>0</total>
				<timestamp>2180.402513</timestamp>
			</report>
			<report>
				<misses>253700000</misses>
				<total>0</total>
				<timestamp>2181.258324</timestamp>
			</report>
			<report>
				<misses>253800000</misses>
				<total>0</total>
				<timestamp>2182.081967</timestamp>
			</report>
			<report>
				<misses>253900000</misses>
				<total>0</total>
				<timestamp>2182.949333</timestamp>
			</report>
			<report>
				<misses>254000000</misses>
				<total>0</total>
				<timestamp>2183.824895</timestamp>
			</report>
			<report>
				<misses>254100000</misses>
				<total>0</total>
				<timestamp>2184.671711</timestamp>
			</report>
			<report>
				<misses>254200000</misses>
				<total>0</total>
				<timestamp>2185.550949</timestamp>
			</report>
			<report>
				<misses>254300000</misses>
				<total>0</total>
				<timestamp>2186.431545</timestamp>
			</report>
			<report>
				<misses>254400000</misses>
				<total>0</total>
				<timestamp>2187.271187</timestamp>
			</report>
			<report>
				<misses>254500000</misses>
				<total>0</total>
				<timestamp>2188.147897</timestamp>
			</report>
			<report>
				<misses>254600000</misses>
				<total>0</total>
				<timestamp>2188.994315</timestamp>
			</report>
			<report>
				<misses>254700000</misses>
				<total>0</total>
				<timestamp>2189.896179</timestamp>
			</report>
			<report>
				<misses>254800000</misses>
				<total>0</total>
				<timestamp>2190.779529</timestamp>
			</report>
			<report>
				<misses>254900000</misses>
				<total>0</total>
				<timestamp>2191.666701</timestamp>
			</report>
			<report>
				<misses>255000000</misses>
				<total>0</total>
				<timestamp>2192.559677</timestamp>
			</report>
			<report>
				<misses>255100000</misses>
				<total>0</total>
				<timestamp>2193.383777</timestamp>
			</report>
			<report>
				<misses>255200000</misses>
				<total>0</total>
				<timestamp>2194.213353</timestamp>
			</report>
			<report>
				<misses>255300000</misses>
				<total>0</total>
				<timestamp>2195.034345</timestamp>
			</report>
			<report>
				<misses>255400000</misses>
				<total>0</total>
				<timestamp>2195.930119</timestamp>
			</report>
			<report>
				<misses>255500000</misses>
				<total>0</total>
				<timestamp>2196.775299</timestamp>
			</report>
			<report>
				<misses>255600000</misses>
				<total>0</total>
				<timestamp>2197.613413</timestamp>
			</report>
			<report>
				<misses>255700000</misses>
				<total>0</total>
				<timestamp>2198.522631</timestamp>
			</report>
			<report>
				<misses>255800000</misses>
				<total>0</total>
				<timestamp>2199.326453</timestamp>
			</report>
			<report>
				<misses>255900000</misses>
				<total>0</total>
				<timestamp>2200.185650</timestamp>
			</report>
			<report>
				<misses>256000000</misses>
				<total>0</total>
				<timestamp>2201.048390</timestamp>
			</report>
			<report>
				<misses>256100000</misses>
				<total>0</total>
				<timestamp>2201.980962</timestamp>
			</report>
			<report>
				<misses>256200000</misses>
				<total>0</total>
				<timestamp>2202.852154</timestamp>
			</report>
			<report>
				<misses>256300000</misses>
				<total>0</total>
				<timestamp>2203.738073</timestamp>
			</report>
			<report>
				<misses>256400000</misses>
				<total>0</total>
				<timestamp>2204.664457</timestamp>
			</report>
			<report>
				<misses>256500000</misses>
				<total>0</total>
				<timestamp>2205.498879</timestamp>
			</report>
			<report>
				<misses>256600000</misses>
				<total>0</total>
				<timestamp>2206.388076</timestamp>
			</report>
			<report>
				<misses>256700000</misses>
				<total>0</total>
				<timestamp>2207.299480</timestamp>
			</report>
			<report>
				<misses>256800000</misses>
				<total>0</total>
				<timestamp>2208.170360</timestamp>
			</report>
			<report>
				<misses>256900000</misses>
				<total>0</total>
				<timestamp>2209.124255</timestamp>
			</report>
			<report>
				<misses>257000000</misses>
				<total>0</total>
				<timestamp>2209.982981</timestamp>
			</report>
			<report>
				<misses>257100000</misses>
				<total>0</total>
				<timestamp>2210.821312</timestamp>
			</report>
			<report>
				<misses>257200000</misses>
				<total>0</total>
				<timestamp>2211.704753</timestamp>
			</report>
			<report>
				<misses>257300000</misses>
				<total>0</total>
				<timestamp>2212.587343</timestamp>
			</report>
			<report>
				<misses>257400000</misses>
				<total>0</total>
				<timestamp>2213.518297</timestamp>
			</report>
			<report>
				<misses>257500000</misses>
				<total>0</total>
				<timestamp>2214.429563</timestamp>
			</report>
			<report>
				<misses>257600000</misses>
				<total>0</total>
				<timestamp>2215.243371</timestamp>
			</report>
			<report>
				<misses>257700000</misses>
				<total>0</total>
				<timestamp>2216.095481</timestamp>
			</report>
			<report>
				<misses>257800000</misses>
				<total>0</total>
				<timestamp>2216.900917</timestamp>
			</report>
			<report>
				<misses>257900000</misses>
				<total>0</total>
				<timestamp>2217.788459</timestamp>
			</report>
			<report>
				<misses>258000000</misses>
				<total>0</total>
				<timestamp>2218.651748</timestamp>
			</report>
			<report>
				<misses>258100000</misses>
				<total>0</total>
				<timestamp>2219.533419</timestamp>
			</report>
			<report>
				<misses>258200000</misses>
				<total>0</total>
				<timestamp>2220.345515</timestamp>
			</report>
			<report>
				<misses>258300000</misses>
				<total>0</total>
				<timestamp>2221.155223</timestamp>
			</report>
			<report>
				<misses>258400000</misses>
				<total>0</total>
				<timestamp>2222.026808</timestamp>
			</report>
			<report>
				<misses>258500000</misses>
				<total>0</total>
				<timestamp>2222.948948</timestamp>
			</report>
			<report>
				<misses>258600000</misses>
				<total>0</total>
				<timestamp>2223.879748</timestamp>
			</report>
			<report>
				<misses>258700000</misses>
				<total>0</total>
				<timestamp>2224.770669</timestamp>
			</report>
			<report>
				<misses>258800000</misses>
				<total>0</total>
				<timestamp>2225.710891</timestamp>
			</report>
			<report>
				<misses>258900000</misses>
				<total>0</total>
				<timestamp>2226.606048</timestamp>
			</report>
			<report>
				<misses>259000000</misses>
				<total>0</total>
				<timestamp>2227.495300</timestamp>
			</report>
			<report>
				<misses>259100000</misses>
				<total>0</total>
				<timestamp>2228.394789</timestamp>
			</report>
			<report>
				<misses>259200000</misses>
				<total>0</total>
				<timestamp>2229.257299</timestamp>
			</report>
			<report>
				<misses>259300000</misses>
				<total>0</total>
				<timestamp>2230.131092</timestamp>
			</report>
			<report>
				<misses>259400000</misses>
				<total>0</total>
				<timestamp>2231.037963</timestamp>
			</report>
			<report>
				<misses>259500000</misses>
				<total>0</total>
				<timestamp>2231.879448</timestamp>
			</report>
			<report>
				<misses>259600000</misses>
				<total>0</total>
				<timestamp>2232.758185</timestamp>
			</report>
			<report>
				<misses>259700000</misses>
				<total>0</total>
				<timestamp>2233.624236</timestamp>
			</report>
			<report>
				<misses>259800000</misses>
				<total>0</total>
				<timestamp>2234.496940</timestamp>
			</report>
			<report>
				<misses>259900000</misses>
				<total>0</total>
				<timestamp>2235.385628</timestamp>
			</report>
			<report>
				<misses>260000000</misses>
				<total>0</total>
				<timestamp>2236.191424</timestamp>
			</report>
			<report>
				<misses>260100000</misses>
				<total>0</total>
				<timestamp>2237.076723</timestamp>
			</report>
			<report>
				<misses>260200000</misses>
				<total>0</total>
				<timestamp>2237.938497</timestamp>
			</report>
			<report>
				<misses>260300000</misses>
				<total>0</total>
				<timestamp>2238.824087</timestamp>
			</report>
			<report>
				<misses>260400000</misses>
				<total>0</total>
				<timestamp>2239.632785</timestamp>
			</report>
			<report>
				<misses>260500000</misses>
				<total>0</total>
				<timestamp>2240.478488</timestamp>
			</report>
			<report>
				<misses>260600000</misses>
				<total>0</total>
				<timestamp>2241.355997</timestamp>
			</report>
			<report>
				<misses>260700000</misses>
				<total>0</total>
				<timestamp>2242.232242</timestamp>
			</report>
			<report>
				<misses>260800000</misses>
				<total>0</total>
				<timestamp>2243.100740</timestamp>
			</report>
			<report>
				<misses>260900000</misses>
				<total>0</total>
				<timestamp>2243.990896</timestamp>
			</report>
			<report>
				<misses>261000000</misses>
				<total>0</total>
				<timestamp>2244.891849</timestamp>
			</report>
			<report>
				<misses>261100000</misses>
				<total>0</total>
				<timestamp>2245.809954</timestamp>
			</report>
			<report>
				<misses>261200000</misses>
				<total>0</total>
				<timestamp>2246.750155</timestamp>
			</report>
			<report>
				<misses>261300000</misses>
				<total>0</total>
				<timestamp>2247.626787</timestamp>
			</report>
			<report>
				<misses>261400000</misses>
				<total>0</total>
				<timestamp>2248.522559</timestamp>
			</report>
			<report>
				<misses>261500000</misses>
				<total>0</total>
				<timestamp>2249.434925</timestamp>
			</report>
			<report>
				<misses>261600000</misses>
				<total>0</total>
				<timestamp>2250.316455</timestamp>
			</report>
			<report>
				<misses>261700000</misses>
				<total>0</total>
				<timestamp>2251.215610</timestamp>
			</report>
			<report>
				<misses>261800000</misses>
				<total>0</total>
				<timestamp>2252.093389</timestamp>
			</report>
			<report>
				<misses>261900000</misses>
				<total>0</total>
				<timestamp>2252.894364</timestamp>
			</report>
			<report>
				<misses>262000000</misses>
				<total>0</total>
				<timestamp>2253.682836</timestamp>
			</report>
			<report>
				<misses>262100000</misses>
				<total>0</total>
				<timestamp>2254.454482</timestamp>
			</report>
			<report>
				<misses>262200000</misses>
				<total>0</total>
				<timestamp>2255.253484</timestamp>
			</report>
			<report>
				<misses>262300000</misses>
				<total>0</total>
				<timestamp>2256.061064</timestamp>
			</report>
			<report>
				<misses>262400000</misses>
				<total>0</total>
				<timestamp>2256.847735</timestamp>
			</report>
			<report>
				<misses>262500000</misses>
				<total>0</total>
				<timestamp>2257.668564</timestamp>
			</report>
			<report>
				<misses>262600000</misses>
				<total>0</total>
				<timestamp>2258.550035</timestamp>
			</report>
			<report>
				<misses>262700000</misses>
				<total>0</total>
				<timestamp>2259.430182</timestamp>
			</report>
			<report>
				<misses>262800000</misses>
				<total>0</total>
				<timestamp>2260.387477</timestamp>
			</report>
			<report>
				<misses>262900000</misses>
				<total>0</total>
				<timestamp>2261.316468</timestamp>
			</report>
			<report>
				<misses>263000000</misses>
				<total>0</total>
				<timestamp>2262.190089</timestamp>
			</report>
			<report>
				<misses>263100000</misses>
				<total>0</total>
				<timestamp>2263.127108</timestamp>
			</report>
			<report>
				<misses>263200000</misses>
				<total>0</total>
				<timestamp>2264.025703</timestamp>
			</report>
			<report>
				<misses>263300000</misses>
				<total>0</total>
				<timestamp>2264.900344</timestamp>
			</report>
			<report>
				<misses>263400000</misses>
				<total>0</total>
				<timestamp>2265.768955</timestamp>
			</report>
			<report>
				<misses>263500000</misses>
				<total>0</total>
				<timestamp>2266.631481</timestamp>
			</report>
			<report>
				<misses>263600000</misses>
				<total>0</total>
				<timestamp>2267.548230</timestamp>
			</report>
			<report>
				<misses>263700000</misses>
				<total>0</total>
				<timestamp>2268.470933</timestamp>
			</report>
			<report>
				<misses>263800000</misses>
				<total>0</total>
				<timestamp>2269.341769</timestamp>
			</report>
			<report>
				<misses>263900000</misses>
				<total>0</total>
				<timestamp>2270.141695</timestamp>
			</report>
			<report>
				<misses>264000000</misses>
				<total>0</total>
				<timestamp>2271.040912</timestamp>
			</report>
			<report>
				<misses>264100000</misses>
				<total>0</total>
				<timestamp>2271.994291</timestamp>
			</report>
			<report>
				<misses>264200000</misses>
				<total>0</total>
				<timestamp>2272.820407</timestamp>
			</report>
			<report>
				<misses>264300000</misses>
				<total>0</total>
				<timestamp>2273.627113</timestamp>
			</report>
			<report>
				<misses>264400000</misses>
				<total>0</total>
				<timestamp>2274.508562</timestamp>
			</report>
			<report>
				<misses>264500000</misses>
				<total>0</total>
				<timestamp>2275.327383</timestamp>
			</report>
			<report>
				<misses>264600000</misses>
				<total>0</total>
				<timestamp>2276.119517</timestamp>
			</report>
			<report>
				<misses>264700000</misses>
				<total>0</total>
				<timestamp>2276.956195</timestamp>
			</report>
			<report>
				<misses>264800000</misses>
				<total>0</total>
				<timestamp>2277.831459</timestamp>
			</report>
			<report>
				<misses>264900000</misses>
				<total>0</total>
				<timestamp>2278.692758</timestamp>
			</report>
			<report>
				<misses>265000000</misses>
				<total>0</total>
				<timestamp>2279.611263</timestamp>
			</report>
			<report>
				<misses>265100000</misses>
				<total>0</total>
				<timestamp>2280.513880</timestamp>
			</report>
			<report>
				<misses>265200000</misses>
				<total>0</total>
				<timestamp>2281.449416</timestamp>
			</report>
			<report>
				<misses>265300000</misses>
				<total>0</total>
				<timestamp>2282.344034</timestamp>
			</report>
			<report>
				<misses>265400000</misses>
				<total>0</total>
				<timestamp>2283.207188</timestamp>
			</report>
			<report>
				<misses>265500000</misses>
				<total>0</total>
				<timestamp>2284.107706</timestamp>
			</report>
			<report>
				<misses>265600000</misses>
				<total>0</total>
				<timestamp>2285.050700</timestamp>
			</report>
			<report>
				<misses>265700000</misses>
				<total>0</total>
				<timestamp>2285.914899</timestamp>
			</report>
			<report>
				<misses>265800000</misses>
				<total>0</total>
				<timestamp>2286.798225</timestamp>
			</report>
			<report>
				<misses>265900000</misses>
				<total>0</total>
				<timestamp>2287.652356</timestamp>
			</report>
			<report>
				<misses>266000000</misses>
				<total>0</total>
				<timestamp>2288.533300</timestamp>
			</report>
			<report>
				<misses>266100000</misses>
				<total>0</total>
				<timestamp>2289.443938</timestamp>
			</report>
			<report>
				<misses>266200000</misses>
				<total>0</total>
				<timestamp>2290.349848</timestamp>
			</report>
			<report>
				<misses>266300000</misses>
				<total>0</total>
				<timestamp>2291.200099</timestamp>
			</report>
			<report>
				<misses>266400000</misses>
				<total>0</total>
				<timestamp>2292.100145</timestamp>
			</report>
			<report>
				<misses>266500000</misses>
				<total>0</total>
				<timestamp>2292.984914</timestamp>
			</report>
			<report>
				<misses>266600000</misses>
				<total>0</total>
				<timestamp>2293.857991</timestamp>
			</report>
			<report>
				<misses>266700000</misses>
				<total>0</total>
				<timestamp>2294.754631</timestamp>
			</report>
			<report>
				<misses>266800000</misses>
				<total>0</total>
				<timestamp>2295.661386</timestamp>
			</report>
			<report>
				<misses>266900000</misses>
				<total>0</total>
				<timestamp>2296.493838</timestamp>
			</report>
			<report>
				<misses>267000000</misses>
				<total>0</total>
				<timestamp>2297.391019</timestamp>
			</report>
			<report>
				<misses>267100000</misses>
				<total>0</total>
				<timestamp>2298.300251</timestamp>
			</report>
			<report>
				<misses>267200000</misses>
				<total>0</total>
				<timestamp>2299.135761</timestamp>
			</report>
			<report>
				<misses>267300000</misses>
				<total>0</total>
				<timestamp>2299.907180</timestamp>
			</report>
			<report>
				<misses>267400000</misses>
				<total>0</total>
				<timestamp>2300.747408</timestamp>
			</report>
			<report>
				<misses>267500000</misses>
				<total>0</total>
				<timestamp>2301.610973</timestamp>
			</report>
			<report>
				<misses>267600000</misses>
				<total>0</total>
				<timestamp>2302.458179</timestamp>
			</report>
			<report>
				<misses>267700000</misses>
				<total>0</total>
				<timestamp>2303.315271</timestamp>
			</report>
			<report>
				<misses>267800000</misses>
				<total>0</total>
				<timestamp>2304.157778</timestamp>
			</report>
			<report>
				<misses>267900000</misses>
				<total>0</total>
				<timestamp>2305.018214</timestamp>
			</report>
			<report>
				<misses>268000000</misses>
				<total>0</total>
				<timestamp>2305.848273</timestamp>
			</report>
			<report>
				<misses>268100000</misses>
				<total>0</total>
				<timestamp>2306.756707</timestamp>
			</report>
			<report>
				<misses>268200000</misses>
				<total>0</total>
				<timestamp>2307.658452</timestamp>
			</report>
			<report>
				<misses>268300000</misses>
				<total>0</total>
				<timestamp>2308.550056</timestamp>
			</report>
			<report>
				<misses>268400000</misses>
				<total>0</total>
				<timestamp>2309.434365</timestamp>
			</report>
			<report>
				<misses>268500000</misses>
				<total>0</total>
				<timestamp>2310.371329</timestamp>
			</report>
			<report>
				<misses>268600000</misses>
				<total>0</total>
				<timestamp>2311.227485</timestamp>
			</report>
			<report>
				<misses>268700000</misses>
				<total>0</total>
				<timestamp>2312.108443</timestamp>
			</report>
			<report>
				<misses>268800000</misses>
				<total>0</total>
				<timestamp>2312.943513</timestamp>
			</report>
			<report>
				<misses>268900000</misses>
				<total>0</total>
				<timestamp>2313.839751</timestamp>
			</report>
			<report>
				<misses>269000000</misses>
				<total>0</total>
				<timestamp>2314.681372</timestamp>
			</report>
			<report>
				<misses>269100000</misses>
				<total>0</total>
				<timestamp>2315.552635</timestamp>
			</report>
			<report>
				<misses>269200000</misses>
				<total>0</total>
				<timestamp>2316.438200</timestamp>
			</report>
			<report>
				<misses>269300000</misses>
				<total>0</total>
				<timestamp>2317.348388</timestamp>
			</report>
			<report>
				<misses>269400000</misses>
				<total>0</total>
				<timestamp>2318.158441</timestamp>
			</report>
			<report>
				<misses>269500000</misses>
				<total>0</total>
				<timestamp>2318.951281</timestamp>
			</report>
			<report>
				<misses>269600000</misses>
				<total>0</total>
				<timestamp>2319.812496</timestamp>
			</report>
			<report>
				<misses>269700000</misses>
				<total>0</total>
				<timestamp>2320.614408</timestamp>
			</report>
			<report>
				<misses>269800000</misses>
				<total>0</total>
				<timestamp>2321.460014</timestamp>
			</report>
			<report>
				<misses>269900000</misses>
				<total>0</total>
				<timestamp>2322.322594</timestamp>
			</report>
			<report>
				<misses>270000000</misses>
				<total>0</total>
				<timestamp>2323.133962</timestamp>
			</report>
			<report>
				<misses>270100000</misses>
				<total>0</total>
				<timestamp>2324.019747</timestamp>
			</report>
			<report>
				<misses>270200000</misses>
				<total>0</total>
				<timestamp>2324.890758</timestamp>
			</report>
			<report>
				<misses>270300000</misses>
				<total>0</total>
				<timestamp>2325.716702</timestamp>
			</report>
			<report>
				<misses>270400000</misses>
				<total>0</total>
				<timestamp>2326.628008</timestamp>
			</report>
			<report>
				<misses>270500000</misses>
				<total>0</total>
				<timestamp>2327.520520</timestamp>
			</report>
			<report>
				<misses>270600000</misses>
				<total>0</total>
				<timestamp>2328.366115</timestamp>
			</report>
			<report>
				<misses>270700000</misses>
				<total>0</total>
				<timestamp>2329.236599</timestamp>
			</report>
			<report>
				<misses>270800000</misses>
				<total>0</total>
				<timestamp>2330.073409</timestamp>
			</report>
			<report>
				<misses>270900000</misses>
				<total>0</total>
				<timestamp>2330.935863</timestamp>
			</report>
			<report>
				<misses>271000000</misses>
				<total>0</total>
				<timestamp>2331.838355</timestamp>
			</report>
			<report>
				<misses>271100000</misses>
				<total>0</total>
				<timestamp>2332.725037</timestamp>
			</report>
			<report>
				<misses>271200000</misses>
				<total>0</total>
				<timestamp>2333.571281</timestamp>
			</report>
			<report>
				<misses>271300000</misses>
				<total>0</total>
				<timestamp>2334.448671</timestamp>
			</report>
			<report>
				<misses>271400000</misses>
				<total>0</total>
				<timestamp>2335.242138</timestamp>
			</report>
			<report>
				<misses>271500000</misses>
				<total>0</total>
				<timestamp>2336.036617</timestamp>
			</report>
			<report>
				<misses>271600000</misses>
				<total>0</total>
				<timestamp>2336.867680</timestamp>
			</report>
			<report>
				<misses>271700000</misses>
				<total>0</total>
				<timestamp>2337.711472</timestamp>
			</report>
			<report>
				<misses>271800000</misses>
				<total>0</total>
				<timestamp>2338.638578</timestamp>
			</report>
			<report>
				<misses>271900000</misses>
				<total>0</total>
				<timestamp>2339.461325</timestamp>
			</report>
			<report>
				<misses>272000000</misses>
				<total>0</total>
				<timestamp>2340.248047</timestamp>
			</report>
			<report>
				<misses>272100000</misses>
				<total>0</total>
				<timestamp>2341.052677</timestamp>
			</report>
			<report>
				<misses>272200000</misses>
				<total>0</total>
				<timestamp>2341.844530</timestamp>
			</report>
			<report>
				<misses>272300000</misses>
				<total>0</total>
				<timestamp>2342.713953</timestamp>
			</report>
			<report>
				<misses>272400000</misses>
				<total>0</total>
				<timestamp>2343.601859</timestamp>
			</report>
			<report>
				<misses>272500000</misses>
				<total>0</total>
				<timestamp>2344.484027</timestamp>
			</report>
			<report>
				<misses>272600000</misses>
				<total>0</total>
				<timestamp>2345.321217</timestamp>
			</report>
			<report>
				<misses>272700000</misses>
				<total>0</total>
				<timestamp>2346.204024</timestamp>
			</report>
			<report>
				<misses>272800000</misses>
				<total>0</total>
				<timestamp>2347.085893</timestamp>
			</report>
			<report>
				<misses>272900000</misses>
				<total>0</total>
				<timestamp>2347.953048</timestamp>
			</report>
			<report>
				<misses>273000000</misses>
				<total>0</total>
				<timestamp>2348.839712</timestamp>
			</report>
			<report>
				<misses>273100000</misses>
				<total>0</total>
				<timestamp>2349.676304</timestamp>
			</report>
			<report>
				<misses>273200000</misses>
				<total>0</total>
				<timestamp>2350.589197</timestamp>
			</report>
			<report>
				<misses>273300000</misses>
				<total>0</total>
				<timestamp>2351.412132</timestamp>
			</report>
			<report>
				<misses>273400000</misses>
				<total>0</total>
				<timestamp>2352.229196</timestamp>
			</report>
			<report>
				<misses>273500000</misses>
				<total>0</total>
				<timestamp>2353.100989</timestamp>
			</report>
			<report>
				<misses>273600000</misses>
				<total>0</total>
				<timestamp>2353.975364</timestamp>
			</report>
			<report>
				<misses>273700000</misses>
				<total>0</total>
				<timestamp>2354.837612</timestamp>
			</report>
			<report>
				<misses>273800000</misses>
				<total>0</total>
				<timestamp>2355.652309</timestamp>
			</report>
			<report>
				<misses>273900000</misses>
				<total>0</total>
				<timestamp>2356.443092</timestamp>
			</report>
			<report>
				<misses>274000000</misses>
				<total>0</total>
				<timestamp>2357.256219</timestamp>
			</report>
			<report>
				<misses>274100000</misses>
				<total>0</total>
				<timestamp>2358.099794</timestamp>
			</report>
			<report>
				<misses>274200000</misses>
				<total>0</total>
				<timestamp>2358.869988</timestamp>
			</report>
			<report>
				<misses>274300000</misses>
				<total>0</total>
				<timestamp>2359.665778</timestamp>
			</report>
			<report>
				<misses>274400000</misses>
				<total>0</total>
				<timestamp>2360.448956</timestamp>
			</report>
			<report>
				<misses>274500000</misses>
				<total>0</total>
				<timestamp>2361.310190</timestamp>
			</report>
			<report>
				<misses>274600000</misses>
				<total>0</total>
				<timestamp>2362.195359</timestamp>
			</report>
			<report>
				<misses>274700000</misses>
				<total>0</total>
				<timestamp>2363.070258</timestamp>
			</report>
			<report>
				<misses>274800000</misses>
				<total>0</total>
				<timestamp>2363.876671</timestamp>
			</report>
			<report>
				<misses>274900000</misses>
				<total>0</total>
				<timestamp>2364.790299</timestamp>
			</report>
			<report>
				<misses>275000000</misses>
				<total>0</total>
				<timestamp>2365.587640</timestamp>
			</report>
			<report>
				<misses>275100000</misses>
				<total>0</total>
				<timestamp>2366.440121</timestamp>
			</report>
			<report>
				<misses>275200000</misses>
				<total>0</total>
				<timestamp>2367.305964</timestamp>
			</report>
			<report>
				<misses>275300000</misses>
				<total>0</total>
				<timestamp>2368.233155</timestamp>
			</report>
			<report>
				<misses>275400000</misses>
				<total>0</total>
				<timestamp>2369.109782</timestamp>
			</report>
			<report>
				<misses>275500000</misses>
				<total>0</total>
				<timestamp>2370.008094</timestamp>
			</report>
			<report>
				<misses>275600000</misses>
				<total>0</total>
				<timestamp>2370.855152</timestamp>
			</report>
			<report>
				<misses>275700000</misses>
				<total>0</total>
				<timestamp>2371.707615</timestamp>
			</report>
			<report>
				<misses>275800000</misses>
				<total>0</total>
				<timestamp>2372.590032</timestamp>
			</report>
			<report>
				<misses>275900000</misses>
				<total>0</total>
				<timestamp>2373.436721</timestamp>
			</report>
			<report>
				<misses>276000000</misses>
				<total>0</total>
				<timestamp>2374.326394</timestamp>
			</report>
			<report>
				<misses>276100000</misses>
				<total>0</total>
				<timestamp>2375.209654</timestamp>
			</report>
			<report>
				<misses>276200000</misses>
				<total>0</total>
				<timestamp>2376.097944</timestamp>
			</report>
			<report>
				<misses>276300000</misses>
				<total>0</total>
				<timestamp>2377.011412</timestamp>
			</report>
			<report>
				<misses>276400000</misses>
				<total>0</total>
				<timestamp>2377.840390</timestamp>
			</report>
			<report>
				<misses>276500000</misses>
				<total>0</total>
				<timestamp>2378.697811</timestamp>
			</report>
			<report>
				<misses>276600000</misses>
				<total>0</total>
				<timestamp>2379.559306</timestamp>
			</report>
			<report>
				<misses>276700000</misses>
				<total>0</total>
				<timestamp>2380.351975</timestamp>
			</report>
			<report>
				<misses>276800000</misses>
				<total>0</total>
				<timestamp>2381.189606</timestamp>
			</report>
			<report>
				<misses>276900000</misses>
				<total>0</total>
				<timestamp>2382.048687</timestamp>
			</report>
			<report>
				<misses>277000000</misses>
				<total>0</total>
				<timestamp>2382.892706</timestamp>
			</report>
			<report>
				<misses>277100000</misses>
				<total>0</total>
				<timestamp>2383.743286</timestamp>
			</report>
			<report>
				<misses>277200000</misses>
				<total>0</total>
				<timestamp>2384.564017</timestamp>
			</report>
			<report>
				<misses>277300000</misses>
				<total>0</total>
				<timestamp>2385.454559</timestamp>
			</report>
			<report>
				<misses>277400000</misses>
				<total>0</total>
				<timestamp>2386.313557</timestamp>
			</report>
			<report>
				<misses>277500000</misses>
				<total>0</total>
				<timestamp>2387.169804</timestamp>
			</report>
			<report>
				<misses>277600000</misses>
				<total>0</total>
				<timestamp>2388.024780</timestamp>
			</report>
			<report>
				<misses>277700000</misses>
				<total>0</total>
				<timestamp>2388.906514</timestamp>
			</report>
			<report>
				<misses>277800000</misses>
				<total>0</total>
				<timestamp>2389.741204</timestamp>
			</report>
			<report>
				<misses>277900000</misses>
				<total>0</total>
				<timestamp>2390.644474</timestamp>
			</report>
			<report>
				<misses>278000000</misses>
				<total>0</total>
				<timestamp>2391.545161</timestamp>
			</report>
			<report>
				<misses>278100000</misses>
				<total>0</total>
				<timestamp>2392.416523</timestamp>
			</report>
			<report>
				<misses>278200000</misses>
				<total>0</total>
				<timestamp>2393.313175</timestamp>
			</report>
			<report>
				<misses>278300000</misses>
				<total>0</total>
				<timestamp>2394.183946</timestamp>
			</report>
			<report>
				<misses>278400000</misses>
				<total>0</total>
				<timestamp>2394.998305</timestamp>
			</report>
			<report>
				<misses>278500000</misses>
				<total>0</total>
				<timestamp>2395.818984</timestamp>
			</report>
			<report>
				<misses>278600000</misses>
				<total>0</total>
				<timestamp>2396.618573</timestamp>
			</report>
			<report>
				<misses>278700000</misses>
				<total>0</total>
				<timestamp>2397.447106</timestamp>
			</report>
			<report>
				<misses>278800000</misses>
				<total>0</total>
				<timestamp>2398.315082</timestamp>
			</report>
			<report>
				<misses>278900000</misses>
				<total>0</total>
				<timestamp>2399.170640</timestamp>
			</report>
			<report>
				<misses>279000000</misses>
				<total>0</total>
				<timestamp>2399.996453</timestamp>
			</report>
			<report>
				<misses>279100000</misses>
				<total>0</total>
				<timestamp>2400.789924</timestamp>
			</report>
			<report>
				<misses>279200000</misses>
				<total>0</total>
				<timestamp>2401.597915</timestamp>
			</report>
			<report>
				<misses>279300000</misses>
				<total>0</total>
				<timestamp>2402.435653</timestamp>
			</report>
			<report>
				<misses>279400000</misses>
				<total>0</total>
				<timestamp>2403.323690</timestamp>
			</report>
			<report>
				<misses>279500000</misses>
				<total>0</total>
				<timestamp>2404.162465</timestamp>
			</report>
			<report>
				<misses>279600000</misses>
				<total>0</total>
				<timestamp>2404.967770</timestamp>
			</report>
			<report>
				<misses>279700000</misses>
				<total>0</total>
				<timestamp>2405.815627</timestamp>
			</report>
			<report>
				<misses>279800000</misses>
				<total>0</total>
				<timestamp>2406.672874</timestamp>
			</report>
			<report>
				<misses>279900000</misses>
				<total>0</total>
				<timestamp>2407.588335</timestamp>
			</report>
			<report>
				<misses>280000000</misses>
				<total>0</total>
				<timestamp>2408.435747</timestamp>
			</report>
			<report>
				<misses>280100000</misses>
				<total>0</total>
				<timestamp>2409.314749</timestamp>
			</report>
			<report>
				<misses>280200000</misses>
				<total>0</total>
				<timestamp>2410.219020</timestamp>
			</report>
			<report>
				<misses>280300000</misses>
				<total>0</total>
				<timestamp>2411.049929</timestamp>
			</report>
			<report>
				<misses>280400000</misses>
				<total>0</total>
				<timestamp>2411.939131</timestamp>
			</report>
			<report>
				<misses>280500000</misses>
				<total>0</total>
				<timestamp>2412.816587</timestamp>
			</report>
			<report>
				<misses>280600000</misses>
				<total>0</total>
				<timestamp>2413.729985</timestamp>
			</report>
			<report>
				<misses>280700000</misses>
				<total>0</total>
				<timestamp>2414.604618</timestamp>
			</report>
			<report>
				<misses>280800000</misses>
				<total>0</total>
				<timestamp>2415.418908</timestamp>
			</report>
			<report>
				<misses>280900000</misses>
				<total>0</total>
				<timestamp>2416.266821</timestamp>
			</report>
			<report>
				<misses>281000000</misses>
				<total>0</total>
				<timestamp>2417.129374</timestamp>
			</report>
			<report>
				<misses>281100000</misses>
				<total>0</total>
				<timestamp>2417.943607</timestamp>
			</report>
			<report>
				<misses>281200000</misses>
				<total>0</total>
				<timestamp>2418.761951</timestamp>
			</report>
			<report>
				<misses>281300000</misses>
				<total>0</total>
				<timestamp>2419.653309</timestamp>
			</report>
			<report>
				<misses>281400000</misses>
				<total>0</total>
				<timestamp>2420.436840</timestamp>
			</report>
			<report>
				<misses>281500000</misses>
				<total>0</total>
				<timestamp>2421.228571</timestamp>
			</report>
			<report>
				<misses>281600000</misses>
				<total>0</total>
				<timestamp>2422.110984</timestamp>
			</report>
			<report>
				<misses>281700000</misses>
				<total>0</total>
				<timestamp>2422.985216</timestamp>
			</report>
			<report>
				<misses>281800000</misses>
				<total>0</total>
				<timestamp>2423.821685</timestamp>
			</report>
			<report>
				<misses>281900000</misses>
				<total>0</total>
				<timestamp>2424.630857</timestamp>
			</report>
			<report>
				<misses>282000000</misses>
				<total>0</total>
				<timestamp>2425.520986</timestamp>
			</report>
			<report>
				<misses>282100000</misses>
				<total>0</total>
				<timestamp>2426.346396</timestamp>
			</report>
			<report>
				<misses>282200000</misses>
				<total>0</total>
				<timestamp>2427.242595</timestamp>
			</report>
			<report>
				<misses>282300000</misses>
				<total>0</total>
				<timestamp>2428.058700</timestamp>
			</report>
			<report>
				<misses>282400000</misses>
				<total>0</total>
				<timestamp>2428.970856</timestamp>
			</report>
			<report>
				<misses>282500000</misses>
				<total>0</total>
				<timestamp>2429.816069</timestamp>
			</report>
			<report>
				<misses>282600000</misses>
				<total>0</total>
				<timestamp>2430.683769</timestamp>
			</report>
			<report>
				<misses>282700000</misses>
				<total>0</total>
				<timestamp>2431.536298</timestamp>
			</report>
			<report>
				<misses>282800000</misses>
				<total>0</total>
				<timestamp>2432.373151</timestamp>
			</report>
			<report>
				<misses>282900000</misses>
				<total>0</total>
				<timestamp>2433.256349</timestamp>
			</report>
			<report>
				<misses>283000000</misses>
				<total>0</total>
				<timestamp>2434.091122</timestamp>
			</report>
			<report>
				<misses>283100000</misses>
				<total>0</total>
				<timestamp>2434.940718</timestamp>
			</report>
			<report>
				<misses>283200000</misses>
				<total>0</total>
				<timestamp>2435.850724</timestamp>
			</report>
			<report>
				<misses>283300000</misses>
				<total>0</total>
				<timestamp>2436.771985</timestamp>
			</report>
			<report>
				<misses>283400000</misses>
				<total>0</total>
				<timestamp>2437.611460</timestamp>
			</report>
			<report>
				<misses>283500000</misses>
				<total>0</total>
				<timestamp>2438.459528</timestamp>
			</report>
			<report>
				<misses>283600000</misses>
				<total>0</total>
				<timestamp>2439.309764</timestamp>
			</report>
			<report>
				<misses>283700000</misses>
				<total>0</total>
				<timestamp>2440.119824</timestamp>
			</report>
			<report>
				<misses>283800000</misses>
				<total>0</total>
				<timestamp>2440.995180</timestamp>
			</report>
			<report>
				<misses>283900000</misses>
				<total>0</total>
				<timestamp>2441.784549</timestamp>
			</report>
			<report>
				<misses>284000000</misses>
				<total>0</total>
				<timestamp>2442.603921</timestamp>
			</report>
			<report>
				<misses>284100000</misses>
				<total>0</total>
				<timestamp>2443.408359</timestamp>
			</report>
			<report>
				<misses>284200000</misses>
				<total>0</total>
				<timestamp>2444.222855</timestamp>
			</report>
			<report>
				<misses>284300000</misses>
				<total>0</total>
				<timestamp>2445.008662</timestamp>
			</report>
			<report>
				<misses>284400000</misses>
				<total>0</total>
				<timestamp>2445.800245</timestamp>
			</report>
			<report>
				<misses>284500000</misses>
				<total>0</total>
				<timestamp>2446.623747</timestamp>
			</report>
			<report>
				<misses>284600000</misses>
				<total>0</total>
				<timestamp>2447.513884</timestamp>
			</report>
			<report>
				<misses>284700000</misses>
				<total>0</total>
				<timestamp>2448.339500</timestamp>
			</report>
			<report>
				<misses>284800000</misses>
				<total>0</total>
				<timestamp>2449.186138</timestamp>
			</report>
			<report>
				<misses>284900000</misses>
				<total>0</total>
				<timestamp>2450.032011</timestamp>
			</report>
			<report>
				<misses>285000000</misses>
				<total>0</total>
				<timestamp>2450.913435</timestamp>
			</report>
			<report>
				<misses>285100000</misses>
				<total>0</total>
				<timestamp>2451.786936</timestamp>
			</report>
			<report>
				<misses>285200000</misses>
				<total>0</total>
				<timestamp>2452.601625</timestamp>
			</report>
			<report>
				<misses>285300000</misses>
				<total>0</total>
				<timestamp>2453.473368</timestamp>
			</report>
			<report>
				<misses>285400000</misses>
				<total>0</total>
				<timestamp>2454.364659</timestamp>
			</report>
			<report>
				<misses>285500000</misses>
				<total>0</total>
				<timestamp>2455.223012</timestamp>
			</report>
			<report>
				<misses>285600000</misses>
				<total>0</total>
				<timestamp>2456.108888</timestamp>
			</report>
			<report>
				<misses>285700000</misses>
				<total>0</total>
				<timestamp>2456.917419</timestamp>
			</report>
			<report>
				<misses>285800000</misses>
				<total>0</total>
				<timestamp>2457.737300</timestamp>
			</report>
			<report>
				<misses>285900000</misses>
				<total>0</total>
				<timestamp>2458.614706</timestamp>
			</report>
			<report>
				<misses>286000000</misses>
				<total>0</total>
				<timestamp>2459.494685</timestamp>
			</report>
			<report>
				<misses>286100000</misses>
				<total>0</total>
				<timestamp>2460.309257</timestamp>
			</report>
			<report>
				<misses>286200000</misses>
				<total>0</total>
				<timestamp>2461.113343</timestamp>
			</report>
			<report>
				<misses>286300000</misses>
				<total>0</total>
				<timestamp>2461.912273</timestamp>
			</report>
			<report>
				<misses>286400000</misses>
				<total>0</total>
				<timestamp>2462.761540</timestamp>
			</report>
			<report>
				<misses>286500000</misses>
				<total>0</total>
				<timestamp>2463.561340</timestamp>
			</report>
			<report>
				<misses>286600000</misses>
				<total>0</total>
				<timestamp>2464.434547</timestamp>
			</report>
			<report>
				<misses>286700000</misses>
				<total>0</total>
				<timestamp>2465.230303</timestamp>
			</report>
			<report>
				<misses>286800000</misses>
				<total>0</total>
				<timestamp>2466.099234</timestamp>
			</report>
			<report>
				<misses>286900000</misses>
				<total>0</total>
				<timestamp>2466.946647</timestamp>
			</report>
			<report>
				<misses>287000000</misses>
				<total>0</total>
				<timestamp>2467.825284</timestamp>
			</report>
			<report>
				<misses>287100000</misses>
				<total>0</total>
				<timestamp>2468.631169</timestamp>
			</report>
			<report>
				<misses>287200000</misses>
				<total>0</total>
				<timestamp>2469.490008</timestamp>
			</report>
			<report>
				<misses>287300000</misses>
				<total>0</total>
				<timestamp>2470.365225</timestamp>
			</report>
			<report>
				<misses>287400000</misses>
				<total>0</total>
				<timestamp>2471.183205</timestamp>
			</report>
			<report>
				<misses>287500000</misses>
				<total>0</total>
				<timestamp>2472.023699</timestamp>
			</report>
			<report>
				<misses>287600000</misses>
				<total>0</total>
				<timestamp>2472.918717</timestamp>
			</report>
			<report>
				<misses>287700000</misses>
				<total>0</total>
				<timestamp>2473.772299</timestamp>
			</report>
			<report>
				<misses>287800000</misses>
				<total>0</total>
				<timestamp>2474.658415</timestamp>
			</report>
			<report>
				<misses>287900000</misses>
				<total>0</total>
				<timestamp>2475.509197</timestamp>
			</report>
			<report>
				<misses>288000000</misses>
				<total>0</total>
				<timestamp>2476.352844</timestamp>
			</report>
			<report>
				<misses>288100000</misses>
				<total>0</total>
				<timestamp>2477.230082</timestamp>
			</report>
			<report>
				<misses>288200000</misses>
				<total>0</total>
				<timestamp>2478.079642</timestamp>
			</report>
			<report>
				<misses>288300000</misses>
				<total>0</total>
				<timestamp>2478.902716</timestamp>
			</report>
			<report>
				<misses>288400000</misses>
				<total>0</total>
				<timestamp>2479.697870</timestamp>
			</report>
			<report>
				<misses>288500000</misses>
				<total>0</total>
				<timestamp>2480.497999</timestamp>
			</report>
			<report>
				<misses>288600000</misses>
				<total>0</total>
				<timestamp>2481.310730</timestamp>
			</report>
			<report>
				<misses>288700000</misses>
				<total>0</total>
				<timestamp>2482.112222</timestamp>
			</report>
			<report>
				<misses>288800000</misses>
				<total>0</total>
				<timestamp>2482.933534</timestamp>
			</report>
			<report>
				<misses>288900000</misses>
				<total>0</total>
				<timestamp>2483.751727</timestamp>
			</report>
			<report>
				<misses>289000000</misses>
				<total>0</total>
				<timestamp>2484.606341</timestamp>
			</report>
			<report>
				<misses>289100000</misses>
				<total>0</total>
				<timestamp>2485.414476</timestamp>
			</report>
			<report>
				<misses>289200000</misses>
				<total>0</total>
				<timestamp>2486.274718</timestamp>
			</report>
			<report>
				<misses>289300000</misses>
				<total>0</total>
				<timestamp>2487.068576</timestamp>
			</report>
			<report>
				<misses>289400000</misses>
				<total>0</total>
				<timestamp>2487.914627</timestamp>
			</report>
			<report>
				<misses>289500000</misses>
				<total>0</total>
				<timestamp>2488.791101</timestamp>
			</report>
			<report>
				<misses>289600000</misses>
				<total>0</total>
				<timestamp>2489.679257</timestamp>
			</report>
			<report>
				<misses>289700000</misses>
				<total>0</total>
				<timestamp>2490.577002</timestamp>
			</report>
			<report>
				<misses>289800000</misses>
				<total>0</total>
				<timestamp>2491.434188</timestamp>
			</report>
			<report>
				<misses>289900000</misses>
				<total>0</total>
				<timestamp>2492.328180</timestamp>
			</report>
			<report>
				<misses>290000000</misses>
				<total>0</total>
				<timestamp>2493.165269</timestamp>
			</report>
			<report>
				<misses>290100000</misses>
				<total>0</total>
				<timestamp>2493.979268</timestamp>
			</report>
			<report>
				<misses>290200000</misses>
				<total>0</total>
				<timestamp>2494.774658</timestamp>
			</report>
			<report>
				<misses>290300000</misses>
				<total>0</total>
				<timestamp>2495.587941</timestamp>
			</report>
			<report>
				<misses>290400000</misses>
				<total>0</total>
				<timestamp>2496.442488</timestamp>
			</report>
			<report>
				<misses>290500000</misses>
				<total>0</total>
				<timestamp>2497.345932</timestamp>
			</report>
			<report>
				<misses>290600000</misses>
				<total>0</total>
				<timestamp>2498.180397</timestamp>
			</report>
			<report>
				<misses>290700000</misses>
				<total>0</total>
				<timestamp>2499.010514</timestamp>
			</report>
			<report>
				<misses>290800000</misses>
				<total>0</total>
				<timestamp>2499.825755</timestamp>
			</report>
			<report>
				<misses>290900000</misses>
				<total>0</total>
				<timestamp>2500.636517</timestamp>
			</report>
			<report>
				<misses>291000000</misses>
				<total>0</total>
				<timestamp>2501.474116</timestamp>
			</report>
			<report>
				<misses>291100000</misses>
				<total>0</total>
				<timestamp>2502.296996</timestamp>
			</report>
			<report>
				<misses>291200000</misses>
				<total>0</total>
				<timestamp>2503.186704</timestamp>
			</report>
			<report>
				<misses>291300000</misses>
				<total>0</total>
				<timestamp>2504.036641</timestamp>
			</report>
			<report>
				<misses>291400000</misses>
				<total>0</total>
				<timestamp>2504.864046</timestamp>
			</report>
			<report>
				<misses>291500000</misses>
				<total>0</total>
				<timestamp>2505.701719</timestamp>
			</report>
			<report>
				<misses>291600000</misses>
				<total>0</total>
				<timestamp>2506.580065</timestamp>
			</report>
			<report>
				<misses>291700000</misses>
				<total>0</total>
				<timestamp>2507.433331</timestamp>
			</report>
			<report>
				<misses>291800000</misses>
				<total>0</total>
				<timestamp>2508.342821</timestamp>
			</report>
			<report>
				<misses>291900000</misses>
				<total>0</total>
				<timestamp>2509.260140</timestamp>
			</report>
			<report>
				<misses>292000000</misses>
				<total>0</total>
				<timestamp>2510.138002</timestamp>
			</report>
			<report>
				<misses>292100000</misses>
				<total>0</total>
				<timestamp>2510.995328</timestamp>
			</report>
			<report>
				<misses>292200000</misses>
				<total>0</total>
				<timestamp>2511.841020</timestamp>
			</report>
			<report>
				<misses>292300000</misses>
				<total>0</total>
				<timestamp>2512.660986</timestamp>
			</report>
			<report>
				<misses>292400000</misses>
				<total>0</total>
				<timestamp>2513.525883</timestamp>
			</report>
			<report>
				<misses>292500000</misses>
				<total>0</total>
				<timestamp>2514.390516</timestamp>
			</report>
			<report>
				<misses>292600000</misses>
				<total>0</total>
				<timestamp>2515.219153</timestamp>
			</report>
			<report>
				<misses>292700000</misses>
				<total>0</total>
				<timestamp>2516.091800</timestamp>
			</report>
			<report>
				<misses>292800000</misses>
				<total>0</total>
				<timestamp>2516.902948</timestamp>
			</report>
			<report>
				<misses>292900000</misses>
				<total>0</total>
				<timestamp>2517.784788</timestamp>
			</report>
			<report>
				<misses>293000000</misses>
				<total>0</total>
				<timestamp>2518.666425</timestamp>
			</report>
			<report>
				<misses>293100000</misses>
				<total>0</total>
				<timestamp>2519.536566</timestamp>
			</report>
			<report>
				<misses>293200000</misses>
				<total>0</total>
				<timestamp>2520.415239</timestamp>
			</report>
			<report>
				<misses>293300000</misses>
				<total>0</total>
				<timestamp>2521.290761</timestamp>
			</report>
			<report>
				<misses>293400000</misses>
				<total>0</total>
				<timestamp>2522.163816</timestamp>
			</report>
			<report>
				<misses>293500000</misses>
				<total>0</total>
				<timestamp>2523.012818</timestamp>
			</report>
			<report>
				<misses>293600000</misses>
				<total>0</total>
				<timestamp>2523.897748</timestamp>
			</report>
			<report>
				<misses>293700000</misses>
				<total>0</total>
				<timestamp>2524.769843</timestamp>
			</report>
			<report>
				<misses>293800000</misses>
				<total>0</total>
				<timestamp>2525.641478</timestamp>
			</report>
			<report>
				<misses>293900000</misses>
				<total>0</total>
				<timestamp>2526.531417</timestamp>
			</report>
			<report>
				<misses>294000000</misses>
				<total>0</total>
				<timestamp>2527.380377</timestamp>
			</report>
			<report>
				<misses>294100000</misses>
				<total>0</total>
				<timestamp>2528.276751</timestamp>
			</report>
			<report>
				<misses>294200000</misses>
				<total>0</total>
				<timestamp>2529.115348</timestamp>
			</report>
			<report>
				<misses>294300000</misses>
				<total>0</total>
				<timestamp>2530.040431</timestamp>
			</report>
			<report>
				<misses>294400000</misses>
				<total>0</total>
				<timestamp>2530.942783</timestamp>
			</report>
			<report>
				<misses>294500000</misses>
				<total>0</total>
				<timestamp>2531.810083</timestamp>
			</report>
			<report>
				<misses>294600000</misses>
				<total>0</total>
				<timestamp>2532.623960</timestamp>
			</report>
			<report>
				<misses>294700000</misses>
				<total>0</total>
				<timestamp>2533.442590</timestamp>
			</report>
			<report>
				<misses>294800000</misses>
				<total>0</total>
				<timestamp>2534.291214</timestamp>
			</report>
			<report>
				<misses>294900000</misses>
				<total>0</total>
				<timestamp>2535.135145</timestamp>
			</report>
			<report>
				<misses>295000000</misses>
				<total>0</total>
				<timestamp>2535.968494</timestamp>
			</report>
			<report>
				<misses>295100000</misses>
				<total>0</total>
				<timestamp>2536.756555</timestamp>
			</report>
			<report>
				<misses>295200000</misses>
				<total>0</total>
				<timestamp>2537.629010</timestamp>
			</report>
			<report>
				<misses>295300000</misses>
				<total>0</total>
				<timestamp>2538.439733</timestamp>
			</report>
			<report>
				<misses>295400000</misses>
				<total>0</total>
				<timestamp>2539.285181</timestamp>
			</report>
			<report>
				<misses>295500000</misses>
				<total>0</total>
				<timestamp>2540.080267</timestamp>
			</report>
			<report>
				<misses>295600000</misses>
				<total>0</total>
				<timestamp>2541.024722</timestamp>
			</report>
			<report>
				<misses>295700000</misses>
				<total>0</total>
				<timestamp>2541.869916</timestamp>
			</report>
			<report>
				<misses>295800000</misses>
				<total>0</total>
				<timestamp>2542.780268</timestamp>
			</report>
			<report>
				<misses>295900000</misses>
				<total>0</total>
				<timestamp>2543.642719</timestamp>
			</report>
			<report>
				<misses>296000000</misses>
				<total>0</total>
				<timestamp>2544.488100</timestamp>
			</report>
			<report>
				<misses>296100000</misses>
				<total>0</total>
				<timestamp>2545.400940</timestamp>
			</report>
			<report>
				<misses>296200000</misses>
				<total>0</total>
				<timestamp>2546.260129</timestamp>
			</report>
			<report>
				<misses>296300000</misses>
				<total>0</total>
				<timestamp>2547.154884</timestamp>
			</report>
			<report>
				<misses>296400000</misses>
				<total>0</total>
				<timestamp>2547.961312</timestamp>
			</report>
			<report>
				<misses>296500000</misses>
				<total>0</total>
				<timestamp>2548.884080</timestamp>
			</report>
			<report>
				<misses>296600000</misses>
				<total>0</total>
				<timestamp>2549.763443</timestamp>
			</report>
			<report>
				<misses>296700000</misses>
				<total>0</total>
				<timestamp>2550.632598</timestamp>
			</report>
			<report>
				<misses>296800000</misses>
				<total>0</total>
				<timestamp>2551.515596</timestamp>
			</report>
			<report>
				<misses>296900000</misses>
				<total>0</total>
				<timestamp>2552.403796</timestamp>
			</report>
			<report>
				<misses>297000000</misses>
				<total>0</total>
				<timestamp>2553.191492</timestamp>
			</report>
			<report>
				<misses>297100000</misses>
				<total>0</total>
				<timestamp>2553.995954</timestamp>
			</report>
			<report>
				<misses>297200000</misses>
				<total>0</total>
				<timestamp>2554.781453</timestamp>
			</report>
			<report>
				<misses>297300000</misses>
				<total>0</total>
				<timestamp>2555.568130</timestamp>
			</report>
			<report>
				<misses>297400000</misses>
				<total>0</total>
				<timestamp>2556.368533</timestamp>
			</report>
			<report>
				<misses>297500000</misses>
				<total>0</total>
				<timestamp>2557.201010</timestamp>
			</report>
			<report>
				<misses>297600000</misses>
				<total>0</total>
				<timestamp>2558.053810</timestamp>
			</report>
			<report>
				<misses>297700000</misses>
				<total>0</total>
				<timestamp>2558.953952</timestamp>
			</report>
			<report>
				<misses>297800000</misses>
				<total>0</total>
				<timestamp>2559.817811</timestamp>
			</report>
			<report>
				<misses>297900000</misses>
				<total>0</total>
				<timestamp>2560.727383</timestamp>
			</report>
			<report>
				<misses>298000000</misses>
				<total>0</total>
				<timestamp>2561.638603</timestamp>
			</report>
			<report>
				<misses>298100000</misses>
				<total>0</total>
				<timestamp>2562.510872</timestamp>
			</report>
			<report>
				<misses>298200000</misses>
				<total>0</total>
				<timestamp>2563.380182</timestamp>
			</report>
			<report>
				<misses>298300000</misses>
				<total>0</total>
				<timestamp>2564.207147</timestamp>
			</report>
			<report>
				<misses>298400000</misses>
				<total>0</total>
				<timestamp>2565.032909</timestamp>
			</report>
			<report>
				<misses>298500000</misses>
				<total>0</total>
				<timestamp>2565.872058</timestamp>
			</report>
			<report>
				<misses>298600000</misses>
				<total>0</total>
				<timestamp>2566.695443</timestamp>
			</report>
			<report>
				<misses>298700000</misses>
				<total>0</total>
				<timestamp>2567.536413</timestamp>
			</report>
			<report>
				<misses>298800000</misses>
				<total>0</total>
				<timestamp>2568.433930</timestamp>
			</report>
			<report>
				<misses>298900000</misses>
				<total>0</total>
				<timestamp>2569.310066</timestamp>
			</report>
			<report>
				<misses>299000000</misses>
				<total>0</total>
				<timestamp>2570.215318</timestamp>
			</report>
			<report>
				<misses>299100000</misses>
				<total>0</total>
				<timestamp>2571.050212</timestamp>
			</report>
			<report>
				<misses>299200000</misses>
				<total>0</total>
				<timestamp>2571.839098</timestamp>
			</report>
			<report>
				<misses>299300000</misses>
				<total>0</total>
				<timestamp>2572.652614</timestamp>
			</report>
			<report>
				<misses>299400000</misses>
				<total>0</total>
				<timestamp>2573.440722</timestamp>
			</report>
			<report>
				<misses>299500000</misses>
				<total>0</total>
				<timestamp>2574.286822</timestamp>
			</report>
			<report>
				<misses>299600000</misses>
				<total>0</total>
				<timestamp>2575.102444</timestamp>
			</report>
			<report>
				<misses>299700000</misses>
				<total>0</total>
				<timestamp>2575.948259</timestamp>
			</report>
			<report>
				<misses>299800000</misses>
				<total>0</total>
				<timestamp>2576.764048</timestamp>
			</report>
			<report>
				<misses>299900000</misses>
				<total>0</total>
				<timestamp>2577.622435</timestamp>
			</report>
			<report>
				<misses>300000000</misses>
				<total>0</total>
				<timestamp>2578.517203</timestamp>
			</report>
			<report>
				<misses>300100000</misses>
				<total>0</total>
				<timestamp>2579.412453</timestamp>
			</report>
			<report>
				<misses>300200000</misses>
				<total>0</total>
				<timestamp>2580.269491</timestamp>
			</report>
			<report>
				<misses>300300000</misses>
				<total>0</total>
				<timestamp>2581.124257</timestamp>
			</report>
			<report>
				<misses>300400000</misses>
				<total>0</total>
				<timestamp>2581.973587</timestamp>
			</report>
			<report>
				<misses>300500000</misses>
				<total>0</total>
				<timestamp>2582.821787</timestamp>
			</report>
			<report>
				<misses>300600000</misses>
				<total>0</total>
				<timestamp>2583.702628</timestamp>
			</report>
			<report>
				<misses>300700000</misses>
				<total>0</total>
				<timestamp>2584.550297</timestamp>
			</report>
			<report>
				<misses>300800000</misses>
				<total>0</total>
				<timestamp>2585.380506</timestamp>
			</report>
			<report>
				<misses>300900000</misses>
				<total>0</total>
				<timestamp>2586.225229</timestamp>
			</report>
			<report>
				<misses>301000000</misses>
				<total>0</total>
				<timestamp>2587.064541</timestamp>
			</report>
			<report>
				<misses>301100000</misses>
				<total>0</total>
				<timestamp>2587.947704</timestamp>
			</report>
			<report>
				<misses>301200000</misses>
				<total>0</total>
				<timestamp>2588.740718</timestamp>
			</report>
			<report>
				<misses>301300000</misses>
				<total>0</total>
				<timestamp>2589.549240</timestamp>
			</report>
			<report>
				<misses>301400000</misses>
				<total>0</total>
				<timestamp>2590.344805</timestamp>
			</report>
			<report>
				<misses>301500000</misses>
				<total>0</total>
				<timestamp>2591.174664</timestamp>
			</report>
			<report>
				<misses>301600000</misses>
				<total>0</total>
				<timestamp>2591.989315</timestamp>
			</report>
			<report>
				<misses>301700000</misses>
				<total>0</total>
				<timestamp>2592.854050</timestamp>
			</report>
			<report>
				<misses>301800000</misses>
				<total>0</total>
				<timestamp>2593.664933</timestamp>
			</report>
			<report>
				<misses>301900000</misses>
				<total>0</total>
				<timestamp>2594.458554</timestamp>
			</report>
			<report>
				<misses>302000000</misses>
				<total>0</total>
				<timestamp>2595.302058</timestamp>
			</report>
			<report>
				<misses>302100000</misses>
				<total>0</total>
				<timestamp>2596.158193</timestamp>
			</report>
			<report>
				<misses>302200000</misses>
				<total>0</total>
				<timestamp>2597.027370</timestamp>
			</report>
			<report>
				<misses>302300000</misses>
				<total>0</total>
				<timestamp>2597.901594</timestamp>
			</report>
			<report>
				<misses>302400000</misses>
				<total>0</total>
				<timestamp>2598.779787</timestamp>
			</report>
			<report>
				<misses>302500000</misses>
				<total>0</total>
				<timestamp>2599.640996</timestamp>
			</report>
			<report>
				<misses>302600000</misses>
				<total>0</total>
				<timestamp>2600.471126</timestamp>
			</report>
			<report>
				<misses>302700000</misses>
				<total>0</total>
				<timestamp>2601.297321</timestamp>
			</report>
			<report>
				<misses>302800000</misses>
				<total>0</total>
				<timestamp>2602.143865</timestamp>
			</report>
			<report>
				<misses>302900000</misses>
				<total>0</total>
				<timestamp>2602.956153</timestamp>
			</report>
			<report>
				<misses>303000000</misses>
				<total>0</total>
				<timestamp>2603.871690</timestamp>
			</report>
			<report>
				<misses>303100000</misses>
				<total>0</total>
				<timestamp>2604.703449</timestamp>
			</report>
			<report>
				<misses>303200000</misses>
				<total>0</total>
				<timestamp>2605.564305</timestamp>
			</report>
			<report>
				<misses>303300000</misses>
				<total>0</total>
				<timestamp>2606.396673</timestamp>
			</report>
			<report>
				<misses>303400000</misses>
				<total>0</total>
				<timestamp>2607.231631</timestamp>
			</report>
			<report>
				<misses>303500000</misses>
				<total>0</total>
				<timestamp>2608.066668</timestamp>
			</report>
			<report>
				<misses>303600000</misses>
				<total>0</total>
				<timestamp>2608.905367</timestamp>
			</report>
			<report>
				<misses>303700000</misses>
				<total>0</total>
				<timestamp>2609.733378</timestamp>
			</report>
			<report>
				<misses>303800000</misses>
				<total>0</total>
				<timestamp>2610.532847</timestamp>
			</report>
			<report>
				<misses>303900000</misses>
				<total>0</total>
				<timestamp>2611.309363</timestamp>
			</report>
			<report>
				<misses>304000000</misses>
				<total>0</total>
				<timestamp>2612.079367</timestamp>
			</report>
			<report>
				<misses>304100000</misses>
				<total>0</total>
				<timestamp>2612.890421</timestamp>
			</report>
			<report>
				<misses>304200000</misses>
				<total>0</total>
				<timestamp>2613.765972</timestamp>
			</report>
			<report>
				<misses>304300000</misses>
				<total>0</total>
				<timestamp>2614.593741</timestamp>
			</report>
			<report>
				<misses>304400000</misses>
				<total>0</total>
				<timestamp>2615.458072</timestamp>
			</report>
			<report>
				<misses>304500000</misses>
				<total>0</total>
				<timestamp>2616.300328</timestamp>
			</report>
			<report>
				<misses>304600000</misses>
				<total>0</total>
				<timestamp>2617.177449</timestamp>
			</report>
			<report>
				<misses>304700000</misses>
				<total>0</total>
				<timestamp>2618.001504</timestamp>
			</report>
			<report>
				<misses>304800000</misses>
				<total>0</total>
				<timestamp>2618.859774</timestamp>
			</report>
			<report>
				<misses>304900000</misses>
				<total>0</total>
				<timestamp>2619.711753</timestamp>
			</report>
			<report>
				<misses>305000000</misses>
				<total>0</total>
				<timestamp>2620.587183</timestamp>
			</report>
			<report>
				<misses>305100000</misses>
				<total>0</total>
				<timestamp>2621.428990</timestamp>
			</report>
			<report>
				<misses>305200000</misses>
				<total>0</total>
				<timestamp>2622.345425</timestamp>
			</report>
			<report>
				<misses>305300000</misses>
				<total>0</total>
				<timestamp>2623.163664</timestamp>
			</report>
			<report>
				<misses>305400000</misses>
				<total>0</total>
				<timestamp>2624.099464</timestamp>
			</report>
			<report>
				<misses>305500000</misses>
				<total>0</total>
				<timestamp>2624.964990</timestamp>
			</report>
			<report>
				<misses>305600000</misses>
				<total>0</total>
				<timestamp>2625.768948</timestamp>
			</report>
			<report>
				<misses>305700000</misses>
				<total>0</total>
				<timestamp>2626.564855</timestamp>
			</report>
			<report>
				<misses>305800000</misses>
				<total>0</total>
				<timestamp>2627.362675</timestamp>
			</report>
			<report>
				<misses>305900000</misses>
				<total>0</total>
				<timestamp>2628.174704</timestamp>
			</report>
			<report>
				<misses>306000000</misses>
				<total>0</total>
				<timestamp>2629.007886</timestamp>
			</report>
			<report>
				<misses>306100000</misses>
				<total>0</total>
				<timestamp>2629.880740</timestamp>
			</report>
			<report>
				<misses>306200000</misses>
				<total>0</total>
				<timestamp>2630.713622</timestamp>
			</report>
			<report>
				<misses>306300000</misses>
				<total>0</total>
				<timestamp>2631.563399</timestamp>
			</report>
			<report>
				<misses>306400000</misses>
				<total>0</total>
				<timestamp>2632.414177</timestamp>
			</report>
			<report>
				<misses>306500000</misses>
				<total>0</total>
				<timestamp>2633.292245</timestamp>
			</report>
			<report>
				<misses>306600000</misses>
				<total>0</total>
				<timestamp>2634.135390</timestamp>
			</report>
			<report>
				<misses>306700000</misses>
				<total>0</total>
				<timestamp>2634.957214</timestamp>
			</report>
			<report>
				<misses>306800000</misses>
				<total>0</total>
				<timestamp>2635.857362</timestamp>
			</report>
			<report>
				<misses>306900000</misses>
				<total>0</total>
				<timestamp>2636.727641</timestamp>
			</report>
			<report>
				<misses>307000000</misses>
				<total>0</total>
				<timestamp>2637.584933</timestamp>
			</report>
			<report>
				<misses>307100000</misses>
				<total>0</total>
				<timestamp>2638.452600</timestamp>
			</report>
			<report>
				<misses>307200000</misses>
				<total>0</total>
				<timestamp>2639.304973</timestamp>
			</report>
			<report>
				<misses>307300000</misses>
				<total>0</total>
				<timestamp>2640.184685</timestamp>
			</report>
			<report>
				<misses>307400000</misses>
				<total>0</total>
				<timestamp>2641.069339</timestamp>
			</report>
			<report>
				<misses>307500000</misses>
				<total>0</total>
				<timestamp>2641.910685</timestamp>
			</report>
			<report>
				<misses>307600000</misses>
				<total>0</total>
				<timestamp>2642.814898</timestamp>
			</report>
			<report>
				<misses>307700000</misses>
				<total>0</total>
				<timestamp>2643.664315</timestamp>
			</report>
			<report>
				<misses>307800000</misses>
				<total>0</total>
				<timestamp>2644.501998</timestamp>
			</report>
			<report>
				<misses>307900000</misses>
				<total>0</total>
				<timestamp>2645.379682</timestamp>
			</report>
			<report>
				<misses>308000000</misses>
				<total>0</total>
				<timestamp>2646.235748</timestamp>
			</report>
			<report>
				<misses>308100000</misses>
				<total>0</total>
				<timestamp>2647.129032</timestamp>
			</report>
			<report>
				<misses>308200000</misses>
				<total>0</total>
				<timestamp>2648.053469</timestamp>
			</report>
			<report>
				<misses>308300000</misses>
				<total>0</total>
				<timestamp>2648.876368</timestamp>
			</report>
			<report>
				<misses>308400000</misses>
				<total>0</total>
				<timestamp>2649.663626</timestamp>
			</report>
			<report>
				<misses>308500000</misses>
				<total>0</total>
				<timestamp>2650.500596</timestamp>
			</report>
			<report>
				<misses>308600000</misses>
				<total>0</total>
				<timestamp>2651.343503</timestamp>
			</report>
			<report>
				<misses>308700000</misses>
				<total>0</total>
				<timestamp>2652.161611</timestamp>
			</report>
			<report>
				<misses>308800000</misses>
				<total>0</total>
				<timestamp>2652.977798</timestamp>
			</report>
			<report>
				<misses>308900000</misses>
				<total>0</total>
				<timestamp>2653.816191</timestamp>
			</report>
			<report>
				<misses>309000000</misses>
				<total>0</total>
				<timestamp>2654.737184</timestamp>
			</report>
			<report>
				<misses>309100000</misses>
				<total>0</total>
				<timestamp>2655.612509</timestamp>
			</report>
			<report>
				<misses>309200000</misses>
				<total>0</total>
				<timestamp>2656.495784</timestamp>
			</report>
			<report>
				<misses>309300000</misses>
				<total>0</total>
				<timestamp>2657.441285</timestamp>
			</report>
			<report>
				<misses>309400000</misses>
				<total>0</total>
				<timestamp>2658.268879</timestamp>
			</report>
			<report>
				<misses>309500000</misses>
				<total>0</total>
				<timestamp>2659.183212</timestamp>
			</report>
			<report>
				<misses>309600000</misses>
				<total>0</total>
				<timestamp>2660.033187</timestamp>
			</report>
			<report>
				<misses>309700000</misses>
				<total>0</total>
				<timestamp>2660.897333</timestamp>
			</report>
			<report>
				<misses>309800000</misses>
				<total>0</total>
				<timestamp>2661.840994</timestamp>
			</report>
			<report>
				<misses>309900000</misses>
				<total>0</total>
				<timestamp>2662.720573</timestamp>
			</report>
			<report>
				<misses>310000000</misses>
				<total>0</total>
				<timestamp>2663.571279</timestamp>
			</report>
			<report>
				<misses>310100000</misses>
				<total>0</total>
				<timestamp>2664.459294</timestamp>
			</report>
			<report>
				<misses>310200000</misses>
				<total>0</total>
				<timestamp>2665.300738</timestamp>
			</report>
			<report>
				<misses>310300000</misses>
				<total>0</total>
				<timestamp>2666.147980</timestamp>
			</report>
			<report>
				<misses>310400000</misses>
				<total>0</total>
				<timestamp>2666.952995</timestamp>
			</report>
			<report>
				<misses>310500000</misses>
				<total>0</total>
				<timestamp>2667.752742</timestamp>
			</report>
			<report>
				<misses>310600000</misses>
				<total>0</total>
				<timestamp>2668.642529</timestamp>
			</report>
			<report>
				<misses>310700000</misses>
				<total>0</total>
				<timestamp>2669.472975</timestamp>
			</report>
			<report>
				<misses>310800000</misses>
				<total>0</total>
				<timestamp>2670.236444</timestamp>
			</report>
			<report>
				<misses>310900000</misses>
				<total>0</total>
				<timestamp>2671.096630</timestamp>
			</report>
			<report>
				<misses>311000000</misses>
				<total>0</total>
				<timestamp>2672.041180</timestamp>
			</report>
			<report>
				<misses>311100000</misses>
				<total>0</total>
				<timestamp>2672.886977</timestamp>
			</report>
			<report>
				<misses>311200000</misses>
				<total>0</total>
				<timestamp>2673.736225</timestamp>
			</report>
			<report>
				<misses>311300000</misses>
				<total>0</total>
				<timestamp>2674.606148</timestamp>
			</report>
			<report>
				<misses>311400000</misses>
				<total>0</total>
				<timestamp>2675.460108</timestamp>
			</report>
			<report>
				<misses>311500000</misses>
				<total>0</total>
				<timestamp>2676.362547</timestamp>
			</report>
			<report>
				<misses>311600000</misses>
				<total>0</total>
				<timestamp>2677.252934</timestamp>
			</report>
			<report>
				<misses>311700000</misses>
				<total>0</total>
				<timestamp>2678.132673</timestamp>
			</report>
			<report>
				<misses>311800000</misses>
				<total>0</total>
				<timestamp>2678.991159</timestamp>
			</report>
			<report>
				<misses>311900000</misses>
				<total>0</total>
				<timestamp>2679.829260</timestamp>
			</report>
			<report>
				<misses>312000000</misses>
				<total>0</total>
				<timestamp>2680.742330</timestamp>
			</report>
			<report>
				<misses>312100000</misses>
				<total>0</total>
				<timestamp>2681.648479</timestamp>
			</report>
			<report>
				<misses>312200000</misses>
				<total>0</total>
				<timestamp>2682.586245</timestamp>
			</report>
			<report>
				<misses>312300000</misses>
				<total>0</total>
				<timestamp>2683.432182</timestamp>
			</report>
			<report>
				<misses>312400000</misses>
				<total>0</total>
				<timestamp>2684.278058</timestamp>
			</report>
			<report>
				<misses>312500000</misses>
				<total>0</total>
				<timestamp>2685.179725</timestamp>
			</report>
			<report>
				<misses>312600000</misses>
				<total>0</total>
				<timestamp>2686.059738</timestamp>
			</report>
			<report>
				<misses>312700000</misses>
				<total>0</total>
				<timestamp>2686.895680</timestamp>
			</report>
			<report>
				<misses>312800000</misses>
				<total>0</total>
				<timestamp>2687.768298</timestamp>
			</report>
			<report>
				<misses>312900000</misses>
				<total>0</total>
				<timestamp>2688.654293</timestamp>
			</report>
			<report>
				<misses>313000000</misses>
				<total>0</total>
				<timestamp>2689.539268</timestamp>
			</report>
			<report>
				<misses>313100000</misses>
				<total>0</total>
				<timestamp>2690.471458</timestamp>
			</report>
			<report>
				<misses>313200000</misses>
				<total>0</total>
				<timestamp>2691.320309</timestamp>
			</report>
			<report>
				<misses>313300000</misses>
				<total>0</total>
				<timestamp>2692.171613</timestamp>
			</report>
			<report>
				<misses>313400000</misses>
				<total>0</total>
				<timestamp>2692.981751</timestamp>
			</report>
			<report>
				<misses>313500000</misses>
				<total>0</total>
				<timestamp>2693.811534</timestamp>
			</report>
			<report>
				<misses>313600000</misses>
				<total>0</total>
				<timestamp>2694.592226</timestamp>
			</report>
			<report>
				<misses>313700000</misses>
				<total>0</total>
				<timestamp>2695.459907</timestamp>
			</report>
			<report>
				<misses>313800000</misses>
				<total>0</total>
				<timestamp>2696.277970</timestamp>
			</report>
			<report>
				<misses>313900000</misses>
				<total>0</total>
				<timestamp>2697.142188</timestamp>
			</report>
			<report>
				<misses>314000000</misses>
				<total>0</total>
				<timestamp>2698.008668</timestamp>
			</report>
			<report>
				<misses>314100000</misses>
				<total>0</total>
				<timestamp>2698.895640</timestamp>
			</report>
			<report>
				<misses>314200000</misses>
				<total>0</total>
				<timestamp>2699.784879</timestamp>
			</report>
			<report>
				<misses>314300000</misses>
				<total>0</total>
				<timestamp>2700.650808</timestamp>
			</report>
			<report>
				<misses>314400000</misses>
				<total>0</total>
				<timestamp>2701.532306</timestamp>
			</report>
			<report>
				<misses>314500000</misses>
				<total>0</total>
				<timestamp>2702.361112</timestamp>
			</report>
			<report>
				<misses>314600000</misses>
				<total>0</total>
				<timestamp>2703.248126</timestamp>
			</report>
			<report>
				<misses>314700000</misses>
				<total>0</total>
				<timestamp>2704.086046</timestamp>
			</report>
			<report>
				<misses>314800000</misses>
				<total>0</total>
				<timestamp>2704.974034</timestamp>
			</report>
			<report>
				<misses>314900000</misses>
				<total>0</total>
				<timestamp>2705.814626</timestamp>
			</report>
			<report>
				<misses>315000000</misses>
				<total>0</total>
				<timestamp>2706.695652</timestamp>
			</report>
			<report>
				<misses>315100000</misses>
				<total>0</total>
				<timestamp>2707.555123</timestamp>
			</report>
			<report>
				<misses>315200000</misses>
				<total>0</total>
				<timestamp>2708.440388</timestamp>
			</report>
			<report>
				<misses>315300000</misses>
				<total>0</total>
				<timestamp>2709.226888</timestamp>
			</report>
			<report>
				<misses>315400000</misses>
				<total>0</total>
				<timestamp>2710.073921</timestamp>
			</report>
			<report>
				<misses>315500000</misses>
				<total>0</total>
				<timestamp>2710.927282</timestamp>
			</report>
			<report>
				<misses>315600000</misses>
				<total>0</total>
				<timestamp>2711.765771</timestamp>
			</report>
			<report>
				<misses>315700000</misses>
				<total>0</total>
				<timestamp>2712.550402</timestamp>
			</report>
			<report>
				<misses>315800000</misses>
				<total>0</total>
				<timestamp>2713.342991</timestamp>
			</report>
			<report>
				<misses>315900000</misses>
				<total>0</total>
				<timestamp>2714.264225</timestamp>
			</report>
			<report>
				<misses>316000000</misses>
				<total>0</total>
				<timestamp>2715.268216</timestamp>
			</report>
			<report>
				<misses>316100000</misses>
				<total>0</total>
				<timestamp>2716.175835</timestamp>
			</report>
			<report>
				<misses>316200000</misses>
				<total>0</total>
				<timestamp>2717.057937</timestamp>
			</report>
			<report>
				<misses>316300000</misses>
				<total>0</total>
				<timestamp>2717.933903</timestamp>
			</report>
			<report>
				<misses>316400000</misses>
				<total>0</total>
				<timestamp>2718.807722</timestamp>
			</report>
			<report>
				<misses>316500000</misses>
				<total>0</total>
				<timestamp>2719.730112</timestamp>
			</report>
			<report>
				<misses>316600000</misses>
				<total>0</total>
				<timestamp>2720.598736</timestamp>
			</report>
			<report>
				<misses>316700000</misses>
				<total>0</total>
				<timestamp>2721.463136</timestamp>
			</report>
			<report>
				<misses>316800000</misses>
				<total>0</total>
				<timestamp>2722.314040</timestamp>
			</report>
			<report>
				<misses>316900000</misses>
				<total>0</total>
				<timestamp>2723.243860</timestamp>
			</report>
			<report>
				<misses>317000000</misses>
				<total>0</total>
				<timestamp>2724.127746</timestamp>
			</report>
			<report>
				<misses>317100000</misses>
				<total>0</total>
				<timestamp>2724.976708</timestamp>
			</report>
			<report>
				<misses>317200000</misses>
				<total>0</total>
				<timestamp>2725.859676</timestamp>
			</report>
			<report>
				<misses>317300000</misses>
				<total>0</total>
				<timestamp>2726.647670</timestamp>
			</report>
			<report>
				<misses>317400000</misses>
				<total>0</total>
				<timestamp>2727.501665</timestamp>
			</report>
			<report>
				<misses>317500000</misses>
				<total>0</total>
				<timestamp>2728.342986</timestamp>
			</report>
			<report>
				<misses>317600000</misses>
				<total>0</total>
				<timestamp>2729.137600</timestamp>
			</report>
			<report>
				<misses>317700000</misses>
				<total>0</total>
				<timestamp>2729.958247</timestamp>
			</report>
			<report>
				<misses>317800000</misses>
				<total>0</total>
				<timestamp>2730.819320</timestamp>
			</report>
			<report>
				<misses>317900000</misses>
				<total>0</total>
				<timestamp>2731.667355</timestamp>
			</report>
			<report>
				<misses>318000000</misses>
				<total>0</total>
				<timestamp>2732.497336</timestamp>
			</report>
			<report>
				<misses>318100000</misses>
				<total>0</total>
				<timestamp>2733.436233</timestamp>
			</report>
			<report>
				<misses>318200000</misses>
				<total>0</total>
				<timestamp>2734.301727</timestamp>
			</report>
			<report>
				<misses>318300000</misses>
				<total>0</total>
				<timestamp>2735.200376</timestamp>
			</report>
			<report>
				<misses>318400000</misses>
				<total>0</total>
				<timestamp>2736.082424</timestamp>
			</report>
			<report>
				<misses>318500000</misses>
				<total>0</total>
				<timestamp>2736.999563</timestamp>
			</report>
			<report>
				<misses>318600000</misses>
				<total>0</total>
				<timestamp>2737.892468</timestamp>
			</report>
			<report>
				<misses>318700000</misses>
				<total>0</total>
				<timestamp>2738.782614</timestamp>
			</report>
			<report>
				<misses>318800000</misses>
				<total>0</total>
				<timestamp>2739.640288</timestamp>
			</report>
			<report>
				<misses>318900000</misses>
				<total>0</total>
				<timestamp>2740.551935</timestamp>
			</report>
			<report>
				<misses>319000000</misses>
				<total>0</total>
				<timestamp>2741.455238</timestamp>
			</report>
			<report>
				<misses>319100000</misses>
				<total>0</total>
				<timestamp>2742.358557</timestamp>
			</report>
			<report>
				<misses>319200000</misses>
				<total>0</total>
				<timestamp>2743.246622</timestamp>
			</report>
			<report>
				<misses>319300000</misses>
				<total>0</total>
				<timestamp>2744.137415</timestamp>
			</report>
			<report>
				<misses>319400000</misses>
				<total>0</total>
				<timestamp>2744.898162</timestamp>
			</report>
			<report>
				<misses>319500000</misses>
				<total>0</total>
				<timestamp>2745.697708</timestamp>
			</report>
			<report>
				<misses>319600000</misses>
				<total>0</total>
				<timestamp>2746.507648</timestamp>
			</report>
			<report>
				<misses>319700000</misses>
				<total>0</total>
				<timestamp>2747.291253</timestamp>
			</report>
			<report>
				<misses>319800000</misses>
				<total>0</total>
				<timestamp>2748.088818</timestamp>
			</report>
			<report>
				<misses>319900000</misses>
				<total>0</total>
				<timestamp>2748.913814</timestamp>
			</report>
			<report>
				<misses>320000000</misses>
				<total>0</total>
				<timestamp>2749.705324</timestamp>
			</report>
			<report>
				<misses>320100000</misses>
				<total>0</total>
				<timestamp>2750.494658</timestamp>
			</report>
			<report>
				<misses>320200000</misses>
				<total>0</total>
				<timestamp>2751.369149</timestamp>
			</report>
			<report>
				<misses>320300000</misses>
				<total>0</total>
				<timestamp>2752.278921</timestamp>
			</report>
			<report>
				<misses>320400000</misses>
				<total>0</total>
				<timestamp>2753.187196</timestamp>
			</report>
			<report>
				<misses>320500000</misses>
				<total>0</total>
				<timestamp>2754.063031</timestamp>
			</report>
			<report>
				<misses>320600000</misses>
				<total>0</total>
				<timestamp>2754.938335</timestamp>
			</report>
			<report>
				<misses>320700000</misses>
				<total>0</total>
				<timestamp>2755.810687</timestamp>
			</report>
			<report>
				<misses>320800000</misses>
				<total>0</total>
				<timestamp>2756.691452</timestamp>
			</report>
			<report>
				<misses>320900000</misses>
				<total>0</total>
				<timestamp>2757.493601</timestamp>
			</report>
			<report>
				<misses>321000000</misses>
				<total>0</total>
				<timestamp>2758.435379</timestamp>
			</report>
			<report>
				<misses>321100000</misses>
				<total>0</total>
				<timestamp>2759.301677</timestamp>
			</report>
			<report>
				<misses>321200000</misses>
				<total>0</total>
				<timestamp>2760.194084</timestamp>
			</report>
			<report>
				<misses>321300000</misses>
				<total>0</total>
				<timestamp>2761.099822</timestamp>
			</report>
			<report>
				<misses>321400000</misses>
				<total>0</total>
				<timestamp>2761.998113</timestamp>
			</report>
			<report>
				<misses>321500000</misses>
				<total>0</total>
				<timestamp>2762.915984</timestamp>
			</report>
			<report>
				<misses>321600000</misses>
				<total>0</total>
				<timestamp>2763.792447</timestamp>
			</report>
			<report>
				<misses>321700000</misses>
				<total>0</total>
				<timestamp>2764.693527</timestamp>
			</report>
			<report>
				<misses>321800000</misses>
				<total>0</total>
				<timestamp>2765.543405</timestamp>
			</report>
			<report>
				<misses>321900000</misses>
				<total>0</total>
				<timestamp>2766.423581</timestamp>
			</report>
			<report>
				<misses>322000000</misses>
				<total>0</total>
				<timestamp>2767.297053</timestamp>
			</report>
			<report>
				<misses>322100000</misses>
				<total>0</total>
				<timestamp>2768.213643</timestamp>
			</report>
			<report>
				<misses>322200000</misses>
				<total>0</total>
				<timestamp>2769.022615</timestamp>
			</report>
			<report>
				<misses>322300000</misses>
				<total>0</total>
				<timestamp>2769.927134</timestamp>
			</report>
			<report>
				<misses>322400000</misses>
				<total>0</total>
				<timestamp>2770.746039</timestamp>
			</report>
			<report>
				<misses>322500000</misses>
				<total>0</total>
				<timestamp>2771.572199</timestamp>
			</report>
			<report>
				<misses>322600000</misses>
				<total>0</total>
				<timestamp>2772.401168</timestamp>
			</report>
			<report>
				<misses>322700000</misses>
				<total>0</total>
				<timestamp>2773.200198</timestamp>
			</report>
			<report>
				<misses>322800000</misses>
				<total>0</total>
				<timestamp>2774.013347</timestamp>
			</report>
			<report>
				<misses>322900000</misses>
				<total>0</total>
				<timestamp>2774.849273</timestamp>
			</report>
			<report>
				<misses>323000000</misses>
				<total>0</total>
				<timestamp>2775.773461</timestamp>
			</report>
			<report>
				<misses>323100000</misses>
				<total>0</total>
				<timestamp>2776.676955</timestamp>
			</report>
			<report>
				<misses>323200000</misses>
				<total>0</total>
				<timestamp>2777.582322</timestamp>
			</report>
			<report>
				<misses>323300000</misses>
				<total>0</total>
				<timestamp>2778.494620</timestamp>
			</report>
			<report>
				<misses>323400000</misses>
				<total>0</total>
				<timestamp>2779.358072</timestamp>
			</report>
			<report>
				<misses>323500000</misses>
				<total>0</total>
				<timestamp>2780.251464</timestamp>
			</report>
			<report>
				<misses>323600000</misses>
				<total>0</total>
				<timestamp>2781.116217</timestamp>
			</report>
			<report>
				<misses>323700000</misses>
				<total>0</total>
				<timestamp>2782.000223</timestamp>
			</report>
			<report>
				<misses>323800000</misses>
				<total>0</total>
				<timestamp>2782.883218</timestamp>
			</report>
			<report>
				<misses>323900000</misses>
				<total>0</total>
				<timestamp>2783.806728</timestamp>
			</report>
			<report>
				<misses>324000000</misses>
				<total>0</total>
				<timestamp>2784.657505</timestamp>
			</report>
			<report>
				<misses>324100000</misses>
				<total>0</total>
				<timestamp>2785.509996</timestamp>
			</report>
			<report>
				<misses>324200000</misses>
				<total>0</total>
				<timestamp>2786.416325</timestamp>
			</report>
			<report>
				<misses>324300000</misses>
				<total>0</total>
				<timestamp>2787.346899</timestamp>
			</report>
			<report>
				<misses>324400000</misses>
				<total>0</total>
				<timestamp>2788.185649</timestamp>
			</report>
			<report>
				<misses>324500000</misses>
				<total>0</total>
				<timestamp>2789.063427</timestamp>
			</report>
			<report>
				<misses>324600000</misses>
				<total>0</total>
				<timestamp>2789.970654</timestamp>
			</report>
			<report>
				<misses>324700000</misses>
				<total>0</total>
				<timestamp>2790.837433</timestamp>
			</report>
			<report>
				<misses>324800000</misses>
				<total>0</total>
				<timestamp>2791.743310</timestamp>
			</report>
			<report>
				<misses>324900000</misses>
				<total>0</total>
				<timestamp>2792.658219</timestamp>
			</report>
			<report>
				<misses>325000000</misses>
				<total>0</total>
				<timestamp>2793.556860</timestamp>
			</report>
			<report>
				<misses>325100000</misses>
				<total>0</total>
				<timestamp>2794.441798</timestamp>
			</report>
			<report>
				<misses>325200000</misses>
				<total>0</total>
				<timestamp>2795.317704</timestamp>
			</report>
			<report>
				<misses>325300000</misses>
				<total>0</total>
				<timestamp>2796.217948</timestamp>
			</report>
			<report>
				<misses>325400000</misses>
				<total>0</total>
				<timestamp>2797.105077</timestamp>
			</report>
			<report>
				<misses>325500000</misses>
				<total>0</total>
				<timestamp>2797.981111</timestamp>
			</report>
			<report>
				<misses>325600000</misses>
				<total>0</total>
				<timestamp>2798.892969</timestamp>
			</report>
			<report>
				<misses>325700000</misses>
				<total>0</total>
				<timestamp>2799.772852</timestamp>
			</report>
			<report>
				<misses>325800000</misses>
				<total>0</total>
				<timestamp>2800.611793</timestamp>
			</report>
			<report>
				<misses>325900000</misses>
				<total>0</total>
				<timestamp>2801.494741</timestamp>
			</report>
			<report>
				<misses>326000000</misses>
				<total>0</total>
				<timestamp>2802.376399</timestamp>
			</report>
			<report>
				<misses>326100000</misses>
				<total>0</total>
				<timestamp>2803.177874</timestamp>
			</report>
			<report>
				<misses>326200000</misses>
				<total>0</total>
				<timestamp>2803.987836</timestamp>
			</report>
			<report>
				<misses>326300000</misses>
				<total>0</total>
				<timestamp>2804.840392</timestamp>
			</report>
			<report>
				<misses>326400000</misses>
				<total>0</total>
				<timestamp>2805.743376</timestamp>
			</report>
			<report>
				<misses>326500000</misses>
				<total>0</total>
				<timestamp>2806.616352</timestamp>
			</report>
			<report>
				<misses>326600000</misses>
				<total>0</total>
				<timestamp>2807.513616</timestamp>
			</report>
			<report>
				<misses>326700000</misses>
				<total>0</total>
				<timestamp>2808.423931</timestamp>
			</report>
			<report>
				<misses>326800000</misses>
				<total>0</total>
				<timestamp>2809.349797</timestamp>
			</report>
			<report>
				<misses>326900000</misses>
				<total>0</total>
				<timestamp>2810.249278</timestamp>
			</report>
			<report>
				<misses>327000000</misses>
				<total>0</total>
				<timestamp>2811.126107</timestamp>
			</report>
			<report>
				<misses>327100000</misses>
				<total>0</total>
				<timestamp>2812.031114</timestamp>
			</report>
			<report>
				<misses>327200000</misses>
				<total>0</total>
				<timestamp>2812.899389</timestamp>
			</report>
			<report>
				<misses>327300000</misses>
				<total>0</total>
				<timestamp>2813.807076</timestamp>
			</report>
			<report>
				<misses>327400000</misses>
				<total>0</total>
				<timestamp>2814.736334</timestamp>
			</report>
			<report>
				<misses>327500000</misses>
				<total>0</total>
				<timestamp>2815.621091</timestamp>
			</report>
			<report>
				<misses>327600000</misses>
				<total>0</total>
				<timestamp>2816.546160</timestamp>
			</report>
			<report>
				<misses>327700000</misses>
				<total>0</total>
				<timestamp>2817.502849</timestamp>
			</report>
			<report>
				<misses>327800000</misses>
				<total>0</total>
				<timestamp>2818.360405</timestamp>
			</report>
			<report>
				<misses>327900000</misses>
				<total>0</total>
				<timestamp>2819.252461</timestamp>
			</report>
			<report>
				<misses>328000000</misses>
				<total>0</total>
				<timestamp>2820.130511</timestamp>
			</report>
			<report>
				<misses>328100000</misses>
				<total>0</total>
				<timestamp>2820.995281</timestamp>
			</report>
			<report>
				<misses>328200000</misses>
				<total>0</total>
				<timestamp>2821.899782</timestamp>
			</report>
			<report>
				<misses>328300000</misses>
				<total>0</total>
				<timestamp>2822.709576</timestamp>
			</report>
			<report>
				<misses>328400000</misses>
				<total>0</total>
				<timestamp>2823.492570</timestamp>
			</report>
			<report>
				<misses>328500000</misses>
				<total>0</total>
				<timestamp>2824.328450</timestamp>
			</report>
			<report>
				<misses>328600000</misses>
				<total>0</total>
				<timestamp>2825.123723</timestamp>
			</report>
			<report>
				<misses>328700000</misses>
				<total>0</total>
				<timestamp>2825.922470</timestamp>
			</report>
			<report>
				<misses>328800000</misses>
				<total>0</total>
				<timestamp>2826.743141</timestamp>
			</report>
			<report>
				<misses>328900000</misses>
				<total>0</total>
				<timestamp>2827.601037</timestamp>
			</report>
			<report>
				<misses>329000000</misses>
				<total>0</total>
				<timestamp>2828.472042</timestamp>
			</report>
			<report>
				<misses>329100000</misses>
				<total>0</total>
				<timestamp>2829.332313</timestamp>
			</report>
			<report>
				<misses>329200000</misses>
				<total>0</total>
				<timestamp>2830.246883</timestamp>
			</report>
			<report>
				<misses>329300000</misses>
				<total>0</total>
				<timestamp>2831.185709</timestamp>
			</report>
			<report>
				<misses>329400000</misses>
				<total>0</total>
				<timestamp>2832.086033</timestamp>
			</report>
			<report>
				<misses>329500000</misses>
				<total>0</total>
				<timestamp>2832.954811</timestamp>
			</report>
			<report>
				<misses>329600000</misses>
				<total>0</total>
				<timestamp>2833.822478</timestamp>
			</report>
			<report>
				<misses>329700000</misses>
				<total>0</total>
				<timestamp>2834.684107</timestamp>
			</report>
			<report>
				<misses>329800000</misses>
				<total>0</total>
				<timestamp>2835.598115</timestamp>
			</report>
			<report>
				<misses>329900000</misses>
				<total>0</total>
				<timestamp>2836.441783</timestamp>
			</report>
			<report>
				<misses>330000000</misses>
				<total>0</total>
				<timestamp>2837.299823</timestamp>
			</report>
			<report>
				<misses>330100000</misses>
				<total>0</total>
				<timestamp>2838.197391</timestamp>
			</report>
			<report>
				<misses>330200000</misses>
				<total>0</total>
				<timestamp>2839.118627</timestamp>
			</report>
			<report>
				<misses>330300000</misses>
				<total>0</total>
				<timestamp>2840.036267</timestamp>
			</report>
			<report>
				<misses>330400000</misses>
				<total>0</total>
				<timestamp>2840.916861</timestamp>
			</report>
			<report>
				<misses>330500000</misses>
				<total>0</total>
				<timestamp>2841.779401</timestamp>
			</report>
			<report>
				<misses>330600000</misses>
				<total>0</total>
				<timestamp>2842.636752</timestamp>
			</report>
			<report>
				<misses>330700000</misses>
				<total>0</total>
				<timestamp>2843.517267</timestamp>
			</report>
			<report>
				<misses>330800000</misses>
				<total>0</total>
				<timestamp>2844.330822</timestamp>
			</report>
			<report>
				<misses>330900000</misses>
				<total>0</total>
				<timestamp>2845.133065</timestamp>
			</report>
			<report>
				<misses>331000000</misses>
				<total>0</total>
				<timestamp>2845.952877</timestamp>
			</report>
			<report>
				<misses>331100000</misses>
				<total>0</total>
				<timestamp>2846.857010</timestamp>
			</report>
			<report>
				<misses>331200000</misses>
				<total>0</total>
				<timestamp>2847.737338</timestamp>
			</report>
			<report>
				<misses>331300000</misses>
				<total>0</total>
				<timestamp>2848.583808</timestamp>
			</report>
			<report>
				<misses>331400000</misses>
				<total>0</total>
				<timestamp>2849.466598</timestamp>
			</report>
			<report>
				<misses>331500000</misses>
				<total>0</total>
				<timestamp>2850.346593</timestamp>
			</report>
			<report>
				<misses>331600000</misses>
				<total>0</total>
				<timestamp>2851.201852</timestamp>
			</report>
			<report>
				<misses>331700000</misses>
				<total>0</total>
				<timestamp>2852.095066</timestamp>
			</report>
			<report>
				<misses>331800000</misses>
				<total>0</total>
				<timestamp>2852.967611</timestamp>
			</report>
			<report>
				<misses>331900000</misses>
				<total>0</total>
				<timestamp>2853.911127</timestamp>
			</report>
			<report>
				<misses>332000000</misses>
				<total>0</total>
				<timestamp>2854.768491</timestamp>
			</report>
			<report>
				<misses>332100000</misses>
				<total>0</total>
				<timestamp>2855.685114</timestamp>
			</report>
			<report>
				<misses>332200000</misses>
				<total>0</total>
				<timestamp>2856.598803</timestamp>
			</report>
			<report>
				<misses>332300000</misses>
				<total>0</total>
				<timestamp>2857.510879</timestamp>
			</report>
			<report>
				<misses>332400000</misses>
				<total>0</total>
				<timestamp>2858.371259</timestamp>
			</report>
			<report>
				<misses>332500000</misses>
				<total>0</total>
				<timestamp>2859.264953</timestamp>
			</report>
			<report>
				<misses>332600000</misses>
				<total>0</total>
				<timestamp>2860.064618</timestamp>
			</report>
			<report>
				<misses>332700000</misses>
				<total>0</total>
				<timestamp>2860.865694</timestamp>
			</report>
			<report>
				<misses>332800000</misses>
				<total>0</total>
				<timestamp>2861.755402</timestamp>
			</report>
			<report>
				<misses>332900000</misses>
				<total>0</total>
				<timestamp>2862.585806</timestamp>
			</report>
			<report>
				<misses>333000000</misses>
				<total>0</total>
				<timestamp>2863.410911</timestamp>
			</report>
			<report>
				<misses>333100000</misses>
				<total>0</total>
				<timestamp>2864.275832</timestamp>
			</report>
			<report>
				<misses>333200000</misses>
				<total>0</total>
				<timestamp>2865.139134</timestamp>
			</report>
			<report>
				<misses>333300000</misses>
				<total>0</total>
				<timestamp>2865.971621</timestamp>
			</report>
			<report>
				<misses>333400000</misses>
				<total>0</total>
				<timestamp>2866.884649</timestamp>
			</report>
			<report>
				<misses>333500000</misses>
				<total>0</total>
				<timestamp>2867.766670</timestamp>
			</report>
			<report>
				<misses>333600000</misses>
				<total>0</total>
				<timestamp>2868.654620</timestamp>
			</report>
			<report>
				<misses>333700000</misses>
				<total>0</total>
				<timestamp>2869.520428</timestamp>
			</report>
			<report>
				<misses>333800000</misses>
				<total>0</total>
				<timestamp>2870.424484</timestamp>
			</report>
			<report>
				<misses>333900000</misses>
				<total>0</total>
				<timestamp>2871.301479</timestamp>
			</report>
			<report>
				<misses>334000000</misses>
				<total>0</total>
				<timestamp>2872.229692</timestamp>
			</report>
			<report>
				<misses>334100000</misses>
				<total>0</total>
				<timestamp>2873.063725</timestamp>
			</report>
			<report>
				<misses>334200000</misses>
				<total>0</total>
				<timestamp>2873.916951</timestamp>
			</report>
			<report>
				<misses>334300000</misses>
				<total>0</total>
				<timestamp>2874.834824</timestamp>
			</report>
			<report>
				<misses>334400000</misses>
				<total>0</total>
				<timestamp>2875.717557</timestamp>
			</report>
			<report>
				<misses>334500000</misses>
				<total>0</total>
				<timestamp>2876.550651</timestamp>
			</report>
			<report>
				<misses>334600000</misses>
				<total>0</total>
				<timestamp>2877.452645</timestamp>
			</report>
			<report>
				<misses>334700000</misses>
				<total>0</total>
				<timestamp>2878.347038</timestamp>
			</report>
			<report>
				<misses>334800000</misses>
				<total>0</total>
				<timestamp>2879.241725</timestamp>
			</report>
			<report>
				<misses>334900000</misses>
				<total>0</total>
				<timestamp>2880.103382</timestamp>
			</report>
			<report>
				<misses>335000000</misses>
				<total>0</total>
				<timestamp>2880.992847</timestamp>
			</report>
			<report>
				<misses>335100000</misses>
				<total>0</total>
				<timestamp>2881.878783</timestamp>
			</report>
			<report>
				<misses>335200000</misses>
				<total>0</total>
				<timestamp>2882.757517</timestamp>
			</report>
			<report>
				<misses>335300000</misses>
				<total>0</total>
				<timestamp>2883.631000</timestamp>
			</report>
			<report>
				<misses>335400000</misses>
				<total>0</total>
				<timestamp>2884.489532</timestamp>
			</report>
			<report>
				<misses>335500000</misses>
				<total>0</total>
				<timestamp>2885.331955</timestamp>
			</report>
			<report>
				<misses>335600000</misses>
				<total>0</total>
				<timestamp>2886.207165</timestamp>
			</report>
			<report>
				<misses>335700000</misses>
				<total>0</total>
				<timestamp>2887.038931</timestamp>
			</report>
			<report>
				<misses>335800000</misses>
				<total>0</total>
				<timestamp>2887.867376</timestamp>
			</report>
			<report>
				<misses>335900000</misses>
				<total>0</total>
				<timestamp>2888.722107</timestamp>
			</report>
			<report>
				<misses>336000000</misses>
				<total>0</total>
				<timestamp>2889.544629</timestamp>
			</report>
			<report>
				<misses>336100000</misses>
				<total>0</total>
				<timestamp>2890.341988</timestamp>
			</report>
			<report>
				<misses>336200000</misses>
				<total>0</total>
				<timestamp>2891.204440</timestamp>
			</report>
			<report>
				<misses>336300000</misses>
				<total>0</total>
				<timestamp>2892.043011</timestamp>
			</report>
			<report>
				<misses>336400000</misses>
				<total>0</total>
				<timestamp>2892.843506</timestamp>
			</report>
			<report>
				<misses>336500000</misses>
				<total>0</total>
				<timestamp>2893.650629</timestamp>
			</report>
			<report>
				<misses>336600000</misses>
				<total>0</total>
				<timestamp>2894.482622</timestamp>
			</report>
			<report>
				<misses>336700000</misses>
				<total>0</total>
				<timestamp>2895.365475</timestamp>
			</report>
			<report>
				<misses>336800000</misses>
				<total>0</total>
				<timestamp>2896.185342</timestamp>
			</report>
			<report>
				<misses>336900000</misses>
				<total>0</total>
				<timestamp>2897.044812</timestamp>
			</report>
			<report>
				<misses>337000000</misses>
				<total>0</total>
				<timestamp>2897.891540</timestamp>
			</report>
			<report>
				<misses>337100000</misses>
				<total>0</total>
				<timestamp>2898.710341</timestamp>
			</report>
			<report>
				<misses>337200000</misses>
				<total>0</total>
				<timestamp>2899.536428</timestamp>
			</report>
			<report>
				<misses>337300000</misses>
				<total>0</total>
				<timestamp>2900.388703</timestamp>
			</report>
			<report>
				<misses>337400000</misses>
				<total>0</total>
				<timestamp>2901.273753</timestamp>
			</report>
			<report>
				<misses>337500000</misses>
				<total>0</total>
				<timestamp>2902.173726</timestamp>
			</report>
			<report>
				<misses>337600000</misses>
				<total>0</total>
				<timestamp>2903.088736</timestamp>
			</report>
			<report>
				<misses>337700000</misses>
				<total>0</total>
				<timestamp>2903.981504</timestamp>
			</report>
			<report>
				<misses>337800000</misses>
				<total>0</total>
				<timestamp>2904.859025</timestamp>
			</report>
			<report>
				<misses>337900000</misses>
				<total>0</total>
				<timestamp>2905.754945</timestamp>
			</report>
			<report>
				<misses>338000000</misses>
				<total>0</total>
				<timestamp>2906.601384</timestamp>
			</report>
			<report>
				<misses>338100000</misses>
				<total>0</total>
				<timestamp>2907.504280</timestamp>
			</report>
			<report>
				<misses>338200000</misses>
				<total>0</total>
				<timestamp>2908.404586</timestamp>
			</report>
			<report>
				<misses>338300000</misses>
				<total>0</total>
				<timestamp>2909.309137</timestamp>
			</report>
			<report>
				<misses>338400000</misses>
				<total>0</total>
				<timestamp>2910.137074</timestamp>
			</report>
			<report>
				<misses>338500000</misses>
				<total>0</total>
				<timestamp>2911.039868</timestamp>
			</report>
			<report>
				<misses>338600000</misses>
				<total>0</total>
				<timestamp>2911.879417</timestamp>
			</report>
			<report>
				<misses>338700000</misses>
				<total>0</total>
				<timestamp>2912.740314</timestamp>
			</report>
			<report>
				<misses>338800000</misses>
				<total>0</total>
				<timestamp>2913.550561</timestamp>
			</report>
			<report>
				<misses>338900000</misses>
				<total>0</total>
				<timestamp>2914.403999</timestamp>
			</report>
			<report>
				<misses>339000000</misses>
				<total>0</total>
				<timestamp>2915.249311</timestamp>
			</report>
			<report>
				<misses>339100000</misses>
				<total>0</total>
				<timestamp>2916.039305</timestamp>
			</report>
			<report>
				<misses>339200000</misses>
				<total>0</total>
				<timestamp>2916.902200</timestamp>
			</report>
			<report>
				<misses>339300000</misses>
				<total>0</total>
				<timestamp>2917.713481</timestamp>
			</report>
			<report>
				<misses>339400000</misses>
				<total>0</total>
				<timestamp>2918.580108</timestamp>
			</report>
			<report>
				<misses>339500000</misses>
				<total>0</total>
				<timestamp>2919.487085</timestamp>
			</report>
			<report>
				<misses>339600000</misses>
				<total>0</total>
				<timestamp>2920.340858</timestamp>
			</report>
			<report>
				<misses>339700000</misses>
				<total>0</total>
				<timestamp>2921.156426</timestamp>
			</report>
			<report>
				<misses>339800000</misses>
				<total>0</total>
				<timestamp>2922.071361</timestamp>
			</report>
			<report>
				<misses>339900000</misses>
				<total>0</total>
				<timestamp>2922.928789</timestamp>
			</report>
			<report>
				<misses>340000000</misses>
				<total>0</total>
				<timestamp>2923.764694</timestamp>
			</report>
			<report>
				<misses>340100000</misses>
				<total>0</total>
				<timestamp>2924.632740</timestamp>
			</report>
			<report>
				<misses>340200000</misses>
				<total>0</total>
				<timestamp>2925.460598</timestamp>
			</report>
			<report>
				<misses>340300000</misses>
				<total>0</total>
				<timestamp>2926.285933</timestamp>
			</report>
			<report>
				<misses>340400000</misses>
				<total>0</total>
				<timestamp>2927.141879</timestamp>
			</report>
			<report>
				<misses>340500000</misses>
				<total>0</total>
				<timestamp>2928.032956</timestamp>
			</report>
			<report>
				<misses>340600000</misses>
				<total>0</total>
				<timestamp>2928.924901</timestamp>
			</report>
			<report>
				<misses>340700000</misses>
				<total>0</total>
				<timestamp>2929.779149</timestamp>
			</report>
			<report>
				<misses>340800000</misses>
				<total>0</total>
				<timestamp>2930.657003</timestamp>
			</report>
			<report>
				<misses>340900000</misses>
				<total>0</total>
				<timestamp>2931.544609</timestamp>
			</report>
			<report>
				<misses>341000000</misses>
				<total>0</total>
				<timestamp>2932.400609</timestamp>
			</report>
			<report>
				<misses>341100000</misses>
				<total>0</total>
				<timestamp>2933.258443</timestamp>
			</report>
			<report>
				<misses>341200000</misses>
				<total>0</total>
				<timestamp>2934.141241</timestamp>
			</report>
			<report>
				<misses>341300000</misses>
				<total>0</total>
				<timestamp>2934.985605</timestamp>
			</report>
			<report>
				<misses>341400000</misses>
				<total>0</total>
				<timestamp>2935.860033</timestamp>
			</report>
			<report>
				<misses>341500000</misses>
				<total>0</total>
				<timestamp>2936.748019</timestamp>
			</report>
			<report>
				<misses>341600000</misses>
				<total>0</total>
				<timestamp>2937.656493</timestamp>
			</report>
			<report>
				<misses>341700000</misses>
				<total>0</total>
				<timestamp>2938.527830</timestamp>
			</report>
			<report>
				<misses>341800000</misses>
				<total>0</total>
				<timestamp>2939.377782</timestamp>
			</report>
			<report>
				<misses>341900000</misses>
				<total>0</total>
				<timestamp>2940.221751</timestamp>
			</report>
			<report>
				<misses>342000000</misses>
				<total>0</total>
				<timestamp>2941.012926</timestamp>
			</report>
			<report>
				<misses>342100000</misses>
				<total>0</total>
				<timestamp>2941.793119</timestamp>
			</report>
			<report>
				<misses>342200000</misses>
				<total>0</total>
				<timestamp>2942.574736</timestamp>
			</report>
			<report>
				<misses>342300000</misses>
				<total>0</total>
				<timestamp>2943.400164</timestamp>
			</report>
			<report>
				<misses>342400000</misses>
				<total>0</total>
				<timestamp>2944.267880</timestamp>
			</report>
			<report>
				<misses>342500000</misses>
				<total>0</total>
				<timestamp>2945.130870</timestamp>
			</report>
			<report>
				<misses>342600000</misses>
				<total>0</total>
				<timestamp>2945.969511</timestamp>
			</report>
			<report>
				<misses>342700000</misses>
				<total>0</total>
				<timestamp>2946.840096</timestamp>
			</report>
			<report>
				<misses>342800000</misses>
				<total>0</total>
				<timestamp>2947.721270</timestamp>
			</report>
			<report>
				<misses>342900000</misses>
				<total>0</total>
				<timestamp>2948.567102</timestamp>
			</report>
			<report>
				<misses>343000000</misses>
				<total>0</total>
				<timestamp>2949.392366</timestamp>
			</report>
			<report>
				<misses>343100000</misses>
				<total>0</total>
				<timestamp>2950.227133</timestamp>
			</report>
			<report>
				<misses>343200000</misses>
				<total>0</total>
				<timestamp>2951.033547</timestamp>
			</report>
			<report>
				<misses>343300000</misses>
				<total>0</total>
				<timestamp>2951.897491</timestamp>
			</report>
			<report>
				<misses>343400000</misses>
				<total>0</total>
				<timestamp>2952.739867</timestamp>
			</report>
			<report>
				<misses>343500000</misses>
				<total>0</total>
				<timestamp>2953.627464</timestamp>
			</report>
			<report>
				<misses>343600000</misses>
				<total>0</total>
				<timestamp>2954.534086</timestamp>
			</report>
			<report>
				<misses>343700000</misses>
				<total>0</total>
				<timestamp>2955.392783</timestamp>
			</report>
			<report>
				<misses>343800000</misses>
				<total>0</total>
				<timestamp>2956.228105</timestamp>
			</report>
			<report>
				<misses>343900000</misses>
				<total>0</total>
				<timestamp>2957.068329</timestamp>
			</report>
			<report>
				<misses>344000000</misses>
				<total>0</total>
				<timestamp>2957.930408</timestamp>
			</report>
			<report>
				<misses>344100000</misses>
				<total>0</total>
				<timestamp>2958.723857</timestamp>
			</report>
			<report>
				<misses>344200000</misses>
				<total>0</total>
				<timestamp>2959.558125</timestamp>
			</report>
			<report>
				<misses>344300000</misses>
				<total>0</total>
				<timestamp>2960.416030</timestamp>
			</report>
			<report>
				<misses>344400000</misses>
				<total>0</total>
				<timestamp>2961.238549</timestamp>
			</report>
			<report>
				<misses>344500000</misses>
				<total>0</total>
				<timestamp>2962.087558</timestamp>
			</report>
			<report>
				<misses>344600000</misses>
				<total>0</total>
				<timestamp>2962.904683</timestamp>
			</report>
			<report>
				<misses>344700000</misses>
				<total>0</total>
				<timestamp>2963.723576</timestamp>
			</report>
			<report>
				<misses>344800000</misses>
				<total>0</total>
				<timestamp>2964.518011</timestamp>
			</report>
			<report>
				<misses>344900000</misses>
				<total>0</total>
				<timestamp>2965.313053</timestamp>
			</report>
			<report>
				<misses>345000000</misses>
				<total>0</total>
				<timestamp>2966.145762</timestamp>
			</report>
			<report>
				<misses>345100000</misses>
				<total>0</total>
				<timestamp>2967.003700</timestamp>
			</report>
			<report>
				<misses>345200000</misses>
				<total>0</total>
				<timestamp>2967.873219</timestamp>
			</report>
			<report>
				<misses>345300000</misses>
				<total>0</total>
				<timestamp>2968.719502</timestamp>
			</report>
			<report>
				<misses>345400000</misses>
				<total>0</total>
				<timestamp>2969.553535</timestamp>
			</report>
			<report>
				<misses>345500000</misses>
				<total>0</total>
				<timestamp>2970.406922</timestamp>
			</report>
			<report>
				<misses>345600000</misses>
				<total>0</total>
				<timestamp>2971.250035</timestamp>
			</report>
			<report>
				<misses>345700000</misses>
				<total>0</total>
				<timestamp>2972.145818</timestamp>
			</report>
			<report>
				<misses>345800000</misses>
				<total>0</total>
				<timestamp>2972.979399</timestamp>
			</report>
			<report>
				<misses>345900000</misses>
				<total>0</total>
				<timestamp>2973.859921</timestamp>
			</report>
			<report>
				<misses>346000000</misses>
				<total>0</total>
				<timestamp>2974.737046</timestamp>
			</report>
			<report>
				<misses>346100000</misses>
				<total>0</total>
				<timestamp>2975.662868</timestamp>
			</report>
			<report>
				<misses>346200000</misses>
				<total>0</total>
				<timestamp>2976.549268</timestamp>
			</report>
			<report>
				<misses>346300000</misses>
				<total>0</total>
				<timestamp>2977.406354</timestamp>
			</report>
			<report>
				<misses>346400000</misses>
				<total>0</total>
				<timestamp>2978.207304</timestamp>
			</report>
			<report>
				<misses>346500000</misses>
				<total>0</total>
				<timestamp>2979.044113</timestamp>
			</report>
			<report>
				<misses>346600000</misses>
				<total>0</total>
				<timestamp>2979.816948</timestamp>
			</report>
			<report>
				<misses>346700000</misses>
				<total>0</total>
				<timestamp>2980.631626</timestamp>
			</report>
			<report>
				<misses>346800000</misses>
				<total>0</total>
				<timestamp>2981.420029</timestamp>
			</report>
			<report>
				<misses>346900000</misses>
				<total>0</total>
				<timestamp>2982.208230</timestamp>
			</report>
			<report>
				<misses>347000000</misses>
				<total>0</total>
				<timestamp>2982.998961</timestamp>
			</report>
			<report>
				<misses>347100000</misses>
				<total>0</total>
				<timestamp>2983.758076</timestamp>
			</report>
			<report>
				<misses>347200000</misses>
				<total>0</total>
				<timestamp>2984.651673</timestamp>
			</report>
			<report>
				<misses>347300000</misses>
				<total>0</total>
				<timestamp>2985.497397</timestamp>
			</report>
			<report>
				<misses>347400000</misses>
				<total>0</total>
				<timestamp>2986.338241</timestamp>
			</report>
			<report>
				<misses>347500000</misses>
				<total>0</total>
				<timestamp>2987.212607</timestamp>
			</report>
			<report>
				<misses>347600000</misses>
				<total>0</total>
				<timestamp>2988.028301</timestamp>
			</report>
			<report>
				<misses>347700000</misses>
				<total>0</total>
				<timestamp>2988.930972</timestamp>
			</report>
			<report>
				<misses>347800000</misses>
				<total>0</total>
				<timestamp>2989.821506</timestamp>
			</report>
			<report>
				<misses>347900000</misses>
				<total>0</total>
				<timestamp>2990.702523</timestamp>
			</report>
			<report>
				<misses>348000000</misses>
				<total>0</total>
				<timestamp>2991.564721</timestamp>
			</report>
			<report>
				<misses>348100000</misses>
				<total>0</total>
				<timestamp>2992.424346</timestamp>
			</report>
			<report>
				<misses>348200000</misses>
				<total>0</total>
				<timestamp>2993.275490</timestamp>
			</report>
			<report>
				<misses>348300000</misses>
				<total>0</total>
				<timestamp>2994.170690</timestamp>
			</report>
			<report>
				<misses>348400000</misses>
				<total>0</total>
				<timestamp>2995.015539</timestamp>
			</report>
			<report>
				<misses>348500000</misses>
				<total>0</total>
				<timestamp>2995.815813</timestamp>
			</report>
			<report>
				<misses>348600000</misses>
				<total>0</total>
				<timestamp>2996.624714</timestamp>
			</report>
			<report>
				<misses>348700000</misses>
				<total>0</total>
				<timestamp>2997.482915</timestamp>
			</report>
			<report>
				<misses>348800000</misses>
				<total>0</total>
				<timestamp>2998.362990</timestamp>
			</report>
			<report>
				<misses>348900000</misses>
				<total>0</total>
				<timestamp>2999.183733</timestamp>
			</report>
			<report>
				<misses>349000000</misses>
				<total>0</total>
				<timestamp>2999.984562</timestamp>
			</report>
			<report>
				<misses>349100000</misses>
				<total>0</total>
				<timestamp>3000.793306</timestamp>
			</report>
			<report>
				<misses>349200000</misses>
				<total>0</total>
				<timestamp>3001.626725</timestamp>
			</report>
			<report>
				<misses>349300000</misses>
				<total>0</total>
				<timestamp>3002.452298</timestamp>
			</report>
			<report>
				<misses>349400000</misses>
				<total>0</total>
				<timestamp>3003.339090</timestamp>
			</report>
			<report>
				<misses>349500000</misses>
				<total>0</total>
				<timestamp>3004.188260</timestamp>
			</report>
			<report>
				<misses>349600000</misses>
				<total>0</total>
				<timestamp>3005.108226</timestamp>
			</report>
			<report>
				<misses>349700000</misses>
				<total>0</total>
				<timestamp>3006.007869</timestamp>
			</report>
			<report>
				<misses>349800000</misses>
				<total>0</total>
				<timestamp>3006.917202</timestamp>
			</report>
			<report>
				<misses>349900000</misses>
				<total>0</total>
				<timestamp>3007.732515</timestamp>
			</report>
			<report>
				<misses>350000000</misses>
				<total>0</total>
				<timestamp>3008.540134</timestamp>
			</report>
			<report>
				<misses>350100000</misses>
				<total>0</total>
				<timestamp>3009.389097</timestamp>
			</report>
			<report>
				<misses>350200000</misses>
				<total>0</total>
				<timestamp>3010.256428</timestamp>
			</report>
			<report>
				<misses>350300000</misses>
				<total>0</total>
				<timestamp>3011.114654</timestamp>
			</report>
			<report>
				<misses>350400000</misses>
				<total>0</total>
				<timestamp>3012.094377</timestamp>
			</report>
			<report>
				<misses>350500000</misses>
				<total>0</total>
				<timestamp>3012.969886</timestamp>
			</report>
			<report>
				<misses>350600000</misses>
				<total>0</total>
				<timestamp>3013.774991</timestamp>
			</report>
			<report>
				<misses>350700000</misses>
				<total>0</total>
				<timestamp>3014.681361</timestamp>
			</report>
			<report>
				<misses>350800000</misses>
				<total>0</total>
				<timestamp>3015.513369</timestamp>
			</report>
			<report>
				<misses>350900000</misses>
				<total>0</total>
				<timestamp>3016.433949</timestamp>
			</report>
			<report>
				<misses>351000000</misses>
				<total>0</total>
				<timestamp>3017.252512</timestamp>
			</report>
			<report>
				<misses>351100000</misses>
				<total>0</total>
				<timestamp>3018.045170</timestamp>
			</report>
			<report>
				<misses>351200000</misses>
				<total>0</total>
				<timestamp>3018.885941</timestamp>
			</report>
			<report>
				<misses>351300000</misses>
				<total>0</total>
				<timestamp>3019.737740</timestamp>
			</report>
			<report>
				<misses>351400000</misses>
				<total>0</total>
				<timestamp>3020.599636</timestamp>
			</report>
			<report>
				<misses>351500000</misses>
				<total>0</total>
				<timestamp>3021.503082</timestamp>
			</report>
			<report>
				<misses>351600000</misses>
				<total>0</total>
				<timestamp>3022.355864</timestamp>
			</report>
			<report>
				<misses>351700000</misses>
				<total>0</total>
				<timestamp>3023.205513</timestamp>
			</report>
			<report>
				<misses>351800000</misses>
				<total>0</total>
				<timestamp>3024.056653</timestamp>
			</report>
			<report>
				<misses>351900000</misses>
				<total>0</total>
				<timestamp>3024.930281</timestamp>
			</report>
			<report>
				<misses>352000000</misses>
				<total>0</total>
				<timestamp>3025.812324</timestamp>
			</report>
			<report>
				<misses>352100000</misses>
				<total>0</total>
				<timestamp>3026.651284</timestamp>
			</report>
			<report>
				<misses>352200000</misses>
				<total>0</total>
				<timestamp>3027.523420</timestamp>
			</report>
			<report>
				<misses>352300000</misses>
				<total>0</total>
				<timestamp>3028.369819</timestamp>
			</report>
			<report>
				<misses>352400000</misses>
				<total>0</total>
				<timestamp>3029.248493</timestamp>
			</report>
			<report>
				<misses>352500000</misses>
				<total>0</total>
				<timestamp>3030.080418</timestamp>
			</report>
			<report>
				<misses>352600000</misses>
				<total>0</total>
				<timestamp>3030.970758</timestamp>
			</report>
			<report>
				<misses>352700000</misses>
				<total>0</total>
				<timestamp>3031.820521</timestamp>
			</report>
			<report>
				<misses>352800000</misses>
				<total>0</total>
				<timestamp>3032.652996</timestamp>
			</report>
			<report>
				<misses>352900000</misses>
				<total>0</total>
				<timestamp>3033.523816</timestamp>
			</report>
			<report>
				<misses>353000000</misses>
				<total>0</total>
				<timestamp>3034.359750</timestamp>
			</report>
			<report>
				<misses>353100000</misses>
				<total>0</total>
				<timestamp>3035.268475</timestamp>
			</report>
			<report>
				<misses>353200000</misses>
				<total>0</total>
				<timestamp>3036.153241</timestamp>
			</report>
			<report>
				<misses>353300000</misses>
				<total>0</total>
				<timestamp>3036.980588</timestamp>
			</report>
			<report>
				<misses>353400000</misses>
				<total>0</total>
				<timestamp>3037.831888</timestamp>
			</report>
			<report>
				<misses>353500000</misses>
				<total>0</total>
				<timestamp>3038.678233</timestamp>
			</report>
			<report>
				<misses>353600000</misses>
				<total>0</total>
				<timestamp>3039.491772</timestamp>
			</report>
			<report>
				<misses>353700000</misses>
				<total>0</total>
				<timestamp>3040.316725</timestamp>
			</report>
			<report>
				<misses>353800000</misses>
				<total>0</total>
				<timestamp>3041.129336</timestamp>
			</report>
			<report>
				<misses>353900000</misses>
				<total>0</total>
				<timestamp>3041.931585</timestamp>
			</report>
			<report>
				<misses>354000000</misses>
				<total>0</total>
				<timestamp>3042.754787</timestamp>
			</report>
			<report>
				<misses>354100000</misses>
				<total>0</total>
				<timestamp>3043.586605</timestamp>
			</report>
			<report>
				<misses>354200000</misses>
				<total>0</total>
				<timestamp>3044.411379</timestamp>
			</report>
			<report>
				<misses>354300000</misses>
				<total>0</total>
				<timestamp>3045.240735</timestamp>
			</report>
			<report>
				<misses>354400000</misses>
				<total>0</total>
				<timestamp>3046.061513</timestamp>
			</report>
			<report>
				<misses>354500000</misses>
				<total>0</total>
				<timestamp>3046.916435</timestamp>
			</report>
			<report>
				<misses>354600000</misses>
				<total>0</total>
				<timestamp>3047.788589</timestamp>
			</report>
			<report>
				<misses>354700000</misses>
				<total>0</total>
				<timestamp>3048.662119</timestamp>
			</report>
			<report>
				<misses>354800000</misses>
				<total>0</total>
				<timestamp>3049.542178</timestamp>
			</report>
			<report>
				<misses>354900000</misses>
				<total>0</total>
				<timestamp>3050.430145</timestamp>
			</report>
			<report>
				<misses>355000000</misses>
				<total>0</total>
				<timestamp>3051.278502</timestamp>
			</report>
			<report>
				<misses>355100000</misses>
				<total>0</total>
				<timestamp>3052.078225</timestamp>
			</report>
			<report>
				<misses>355200000</misses>
				<total>0</total>
				<timestamp>3052.946921</timestamp>
			</report>
			<report>
				<misses>355300000</misses>
				<total>0</total>
				<timestamp>3053.838138</timestamp>
			</report>
			<report>
				<misses>355400000</misses>
				<total>0</total>
				<timestamp>3054.725354</timestamp>
			</report>
			<report>
				<misses>355500000</misses>
				<total>0</total>
				<timestamp>3055.599215</timestamp>
			</report>
			<report>
				<misses>355600000</misses>
				<total>0</total>
				<timestamp>3056.425584</timestamp>
			</report>
			<report>
				<misses>355700000</misses>
				<total>0</total>
				<timestamp>3057.319792</timestamp>
			</report>
			<report>
				<misses>355800000</misses>
				<total>0</total>
				<timestamp>3058.160213</timestamp>
			</report>
			<report>
				<misses>355900000</misses>
				<total>0</total>
				<timestamp>3059.003786</timestamp>
			</report>
			<report>
				<misses>356000000</misses>
				<total>0</total>
				<timestamp>3059.813495</timestamp>
			</report>
			<report>
				<misses>356100000</misses>
				<total>0</total>
				<timestamp>3060.621621</timestamp>
			</report>
			<report>
				<misses>356200000</misses>
				<total>0</total>
				<timestamp>3061.459517</timestamp>
			</report>
			<report>
				<misses>356300000</misses>
				<total>0</total>
				<timestamp>3062.301410</timestamp>
			</report>
			<report>
				<misses>356400000</misses>
				<total>0</total>
				<timestamp>3063.166814</timestamp>
			</report>
			<report>
				<misses>356500000</misses>
				<total>0</total>
				<timestamp>3063.998104</timestamp>
			</report>
			<report>
				<misses>356600000</misses>
				<total>0</total>
				<timestamp>3064.847328</timestamp>
			</report>
			<report>
				<misses>356700000</misses>
				<total>0</total>
				<timestamp>3065.717310</timestamp>
			</report>
			<report>
				<misses>356800000</misses>
				<total>0</total>
				<timestamp>3066.564124</timestamp>
			</report>
			<report>
				<misses>356900000</misses>
				<total>0</total>
				<timestamp>3067.406680</timestamp>
			</report>
			<report>
				<misses>357000000</misses>
				<total>0</total>
				<timestamp>3068.279495</timestamp>
			</report>
			<report>
				<misses>357100000</misses>
				<total>0</total>
				<timestamp>3069.140898</timestamp>
			</report>
			<report>
				<misses>357200000</misses>
				<total>0</total>
				<timestamp>3070.017981</timestamp>
			</report>
			<report>
				<misses>357300000</misses>
				<total>0</total>
				<timestamp>3070.904962</timestamp>
			</report>
			<report>
				<misses>357400000</misses>
				<total>0</total>
				<timestamp>3071.753268</timestamp>
			</report>
			<report>
				<misses>357500000</misses>
				<total>0</total>
				<timestamp>3072.617360</timestamp>
			</report>
			<report>
				<misses>357600000</misses>
				<total>0</total>
				<timestamp>3073.509482</timestamp>
			</report>
			<report>
				<misses>357700000</misses>
				<total>0</total>
				<timestamp>3074.380933</timestamp>
			</report>
			<report>
				<misses>357800000</misses>
				<total>0</total>
				<timestamp>3075.240449</timestamp>
			</report>
			<report>
				<misses>357900000</misses>
				<total>0</total>
				<timestamp>3076.126291</timestamp>
			</report>
			<report>
				<misses>358000000</misses>
				<total>0</total>
				<timestamp>3077.028921</timestamp>
			</report>
			<report>
				<misses>358100000</misses>
				<total>0</total>
				<timestamp>3077.895588</timestamp>
			</report>
			<report>
				<misses>358200000</misses>
				<total>0</total>
				<timestamp>3078.771254</timestamp>
			</report>
			<report>
				<misses>358300000</misses>
				<total>0</total>
				<timestamp>3079.598874</timestamp>
			</report>
			<report>
				<misses>358400000</misses>
				<total>0</total>
				<timestamp>3080.473421</timestamp>
			</report>
			<report>
				<misses>358500000</misses>
				<total>0</total>
				<timestamp>3081.336639</timestamp>
			</report>
			<report>
				<misses>358600000</misses>
				<total>0</total>
				<timestamp>3082.156288</timestamp>
			</report>
			<report>
				<misses>358700000</misses>
				<total>0</total>
				<timestamp>3082.994199</timestamp>
			</report>
			<report>
				<misses>358800000</misses>
				<total>0</total>
				<timestamp>3083.798624</timestamp>
			</report>
			<report>
				<misses>358900000</misses>
				<total>0</total>
				<timestamp>3084.630030</timestamp>
			</report>
			<report>
				<misses>359000000</misses>
				<total>0</total>
				<timestamp>3085.424766</timestamp>
			</report>
			<report>
				<misses>359100000</misses>
				<total>0</total>
				<timestamp>3086.247621</timestamp>
			</report>
			<report>
				<misses>359200000</misses>
				<total>0</total>
				<timestamp>3087.125148</timestamp>
			</report>
			<report>
				<misses>359300000</misses>
				<total>0</total>
				<timestamp>3087.957629</timestamp>
			</report>
			<report>
				<misses>359400000</misses>
				<total>0</total>
				<timestamp>3088.809189</timestamp>
			</report>
			<report>
				<misses>359500000</misses>
				<total>0</total>
				<timestamp>3089.656625</timestamp>
			</report>
			<report>
				<misses>359600000</misses>
				<total>0</total>
				<timestamp>3090.532766</timestamp>
			</report>
			<report>
				<misses>359700000</misses>
				<total>0</total>
				<timestamp>3091.415860</timestamp>
			</report>
			<report>
				<misses>359800000</misses>
				<total>0</total>
				<timestamp>3092.265125</timestamp>
			</report>
			<report>
				<misses>359900000</misses>
				<total>0</total>
				<timestamp>3093.111212</timestamp>
			</report>
			<report>
				<misses>360000000</misses>
				<total>0</total>
				<timestamp>3093.944260</timestamp>
			</report>
			<report>
				<misses>360100000</misses>
				<total>0</total>
				<timestamp>3094.769884</timestamp>
			</report>
			<report>
				<misses>360200000</misses>
				<total>0</total>
				<timestamp>3095.691126</timestamp>
			</report>
			<report>
				<misses>360300000</misses>
				<total>0</total>
				<timestamp>3096.559093</timestamp>
			</report>
			<report>
				<misses>360400000</misses>
				<total>0</total>
				<timestamp>3097.422422</timestamp>
			</report>
			<report>
				<misses>360500000</misses>
				<total>0</total>
				<timestamp>3098.338003</timestamp>
			</report>
			<report>
				<misses>360600000</misses>
				<total>0</total>
				<timestamp>3099.226885</timestamp>
			</report>
			<report>
				<misses>360700000</misses>
				<total>0</total>
				<timestamp>3100.129478</timestamp>
			</report>
			<report>
				<misses>360800000</misses>
				<total>0</total>
				<timestamp>3101.008870</timestamp>
			</report>
			<report>
				<misses>360900000</misses>
				<total>0</total>
				<timestamp>3101.889932</timestamp>
			</report>
			<report>
				<misses>361000000</misses>
				<total>0</total>
				<timestamp>3102.768709</timestamp>
			</report>
			<report>
				<misses>361100000</misses>
				<total>0</total>
				<timestamp>3103.676487</timestamp>
			</report>
			<report>
				<misses>361200000</misses>
				<total>0</total>
				<timestamp>3104.461032</timestamp>
			</report>
			<report>
				<misses>361300000</misses>
				<total>0</total>
				<timestamp>3105.326225</timestamp>
			</report>
			<report>
				<misses>361400000</misses>
				<total>0</total>
				<timestamp>3106.134747</timestamp>
			</report>
			<report>
				<misses>361500000</misses>
				<total>0</total>
				<timestamp>3106.931313</timestamp>
			</report>
			<report>
				<misses>361600000</misses>
				<total>0</total>
				<timestamp>3107.824244</timestamp>
			</report>
			<report>
				<misses>361700000</misses>
				<total>0</total>
				<timestamp>3108.752258</timestamp>
			</report>
			<report>
				<misses>361800000</misses>
				<total>0</total>
				<timestamp>3109.565891</timestamp>
			</report>
			<report>
				<misses>361900000</misses>
				<total>0</total>
				<timestamp>3110.337207</timestamp>
			</report>
			<report>
				<misses>362000000</misses>
				<total>0</total>
				<timestamp>3111.259336</timestamp>
			</report>
			<report>
				<misses>362100000</misses>
				<total>0</total>
				<timestamp>3112.105628</timestamp>
			</report>
			<report>
				<misses>362200000</misses>
				<total>0</total>
				<timestamp>3113.000651</timestamp>
			</report>
			<report>
				<misses>362300000</misses>
				<total>0</total>
				<timestamp>3113.847128</timestamp>
			</report>
			<report>
				<misses>362400000</misses>
				<total>0</total>
				<timestamp>3114.788730</timestamp>
			</report>
			<report>
				<misses>362500000</misses>
				<total>0</total>
				<timestamp>3115.648441</timestamp>
			</report>
			<report>
				<misses>362600000</misses>
				<total>0</total>
				<timestamp>3116.526657</timestamp>
			</report>
			<report>
				<misses>362700000</misses>
				<total>0</total>
				<timestamp>3117.342187</timestamp>
			</report>
			<report>
				<misses>362800000</misses>
				<total>0</total>
				<timestamp>3118.221439</timestamp>
			</report>
			<report>
				<misses>362900000</misses>
				<total>0</total>
				<timestamp>3119.083056</timestamp>
			</report>
			<report>
				<misses>363000000</misses>
				<total>0</total>
				<timestamp>3119.926665</timestamp>
			</report>
			<report>
				<misses>363100000</misses>
				<total>0</total>
				<timestamp>3120.758529</timestamp>
			</report>
			<report>
				<misses>363200000</misses>
				<total>0</total>
				<timestamp>3121.723756</timestamp>
			</report>
			<report>
				<misses>363300000</misses>
				<total>0</total>
				<timestamp>3122.612154</timestamp>
			</report>
			<report>
				<misses>363400000</misses>
				<total>0</total>
				<timestamp>3123.507684</timestamp>
			</report>
			<report>
				<misses>363500000</misses>
				<total>0</total>
				<timestamp>3124.380202</timestamp>
			</report>
			<report>
				<misses>363600000</misses>
				<total>0</total>
				<timestamp>3125.250628</timestamp>
			</report>
			<report>
				<misses>363700000</misses>
				<total>0</total>
				<timestamp>3126.129046</timestamp>
			</report>
			<report>
				<misses>363800000</misses>
				<total>0</total>
				<timestamp>3127.016019</timestamp>
			</report>
			<report>
				<misses>363900000</misses>
				<total>0</total>
				<timestamp>3127.910712</timestamp>
			</report>
			<report>
				<misses>364000000</misses>
				<total>0</total>
				<timestamp>3128.730340</timestamp>
			</report>
			<report>
				<misses>364100000</misses>
				<total>0</total>
				<timestamp>3129.548469</timestamp>
			</report>
			<report>
				<misses>364200000</misses>
				<total>0</total>
				<timestamp>3130.347938</timestamp>
			</report>
			<report>
				<misses>364300000</misses>
				<total>0</total>
				<timestamp>3131.168826</timestamp>
			</report>
			<report>
				<misses>364400000</misses>
				<total>0</total>
				<timestamp>3131.983214</timestamp>
			</report>
			<report>
				<misses>364500000</misses>
				<total>0</total>
				<timestamp>3132.767849</timestamp>
			</report>
			<report>
				<misses>364600000</misses>
				<total>0</total>
				<timestamp>3133.649911</timestamp>
			</report>
			<report>
				<misses>364700000</misses>
				<total>0</total>
				<timestamp>3134.479253</timestamp>
			</report>
			<report>
				<misses>364800000</misses>
				<total>0</total>
				<timestamp>3135.382305</timestamp>
			</report>
			<report>
				<misses>364900000</misses>
				<total>0</total>
				<timestamp>3136.256148</timestamp>
			</report>
			<report>
				<misses>365000000</misses>
				<total>0</total>
				<timestamp>3137.151525</timestamp>
			</report>
			<report>
				<misses>365100000</misses>
				<total>0</total>
				<timestamp>3137.950741</timestamp>
			</report>
			<report>
				<misses>365200000</misses>
				<total>0</total>
				<timestamp>3138.856843</timestamp>
			</report>
			<report>
				<misses>365300000</misses>
				<total>0</total>
				<timestamp>3139.779006</timestamp>
			</report>
			<report>
				<misses>365400000</misses>
				<total>0</total>
				<timestamp>3140.677992</timestamp>
			</report>
			<report>
				<misses>365500000</misses>
				<total>0</total>
				<timestamp>3141.562395</timestamp>
			</report>
			<report>
				<misses>365600000</misses>
				<total>0</total>
				<timestamp>3142.480055</timestamp>
			</report>
			<report>
				<misses>365700000</misses>
				<total>0</total>
				<timestamp>3143.356783</timestamp>
			</report>
			<report>
				<misses>365800000</misses>
				<total>0</total>
				<timestamp>3144.208125</timestamp>
			</report>
			<report>
				<misses>365900000</misses>
				<total>0</total>
				<timestamp>3145.089849</timestamp>
			</report>
			<report>
				<misses>366000000</misses>
				<total>0</total>
				<timestamp>3146.017519</timestamp>
			</report>
			<report>
				<misses>366100000</misses>
				<total>0</total>
				<timestamp>3146.953170</timestamp>
			</report>
			<report>
				<misses>366200000</misses>
				<total>0</total>
				<timestamp>3147.833384</timestamp>
			</report>
			<report>
				<misses>366300000</misses>
				<total>0</total>
				<timestamp>3148.705644</timestamp>
			</report>
			<report>
				<misses>366400000</misses>
				<total>0</total>
				<timestamp>3149.677447</timestamp>
			</report>
			<report>
				<misses>366500000</misses>
				<total>0</total>
				<timestamp>3150.581961</timestamp>
			</report>
			<report>
				<misses>366600000</misses>
				<total>0</total>
				<timestamp>3151.471304</timestamp>
			</report>
			<report>
				<misses>366700000</misses>
				<total>0</total>
				<timestamp>3152.289089</timestamp>
			</report>
			<report>
				<misses>366800000</misses>
				<total>0</total>
				<timestamp>3153.070992</timestamp>
			</report>
			<report>
				<misses>366900000</misses>
				<total>0</total>
				<timestamp>3153.928489</timestamp>
			</report>
			<report>
				<misses>367000000</misses>
				<total>0</total>
				<timestamp>3154.748492</timestamp>
			</report>
			<report>
				<misses>367100000</misses>
				<total>0</total>
				<timestamp>3155.581148</timestamp>
			</report>
			<report>
				<misses>367200000</misses>
				<total>0</total>
				<timestamp>3156.442673</timestamp>
			</report>
			<report>
				<misses>367300000</misses>
				<total>0</total>
				<timestamp>3157.330599</timestamp>
			</report>
			<report>
				<misses>367400000</misses>
				<total>0</total>
				<timestamp>3158.189128</timestamp>
			</report>
			<report>
				<misses>367500000</misses>
				<total>0</total>
				<timestamp>3159.093367</timestamp>
			</report>
			<report>
				<misses>367600000</misses>
				<total>0</total>
				<timestamp>3159.983798</timestamp>
			</report>
			<report>
				<misses>367700000</misses>
				<total>0</total>
				<timestamp>3160.896843</timestamp>
			</report>
			<report>
				<misses>367800000</misses>
				<total>0</total>
				<timestamp>3161.788791</timestamp>
			</report>
			<report>
				<misses>367900000</misses>
				<total>0</total>
				<timestamp>3162.694790</timestamp>
			</report>
			<report>
				<misses>368000000</misses>
				<total>0</total>
				<timestamp>3163.534500</timestamp>
			</report>
			<report>
				<misses>368100000</misses>
				<total>0</total>
				<timestamp>3164.379352</timestamp>
			</report>
			<report>
				<misses>368200000</misses>
				<total>0</total>
				<timestamp>3165.239347</timestamp>
			</report>
			<report>
				<misses>368300000</misses>
				<total>0</total>
				<timestamp>3166.146241</timestamp>
			</report>
			<report>
				<misses>368400000</misses>
				<total>0</total>
				<timestamp>3167.020003</timestamp>
			</report>
			<report>
				<misses>368500000</misses>
				<total>0</total>
				<timestamp>3167.896494</timestamp>
			</report>
			<report>
				<misses>368600000</misses>
				<total>0</total>
				<timestamp>3168.791193</timestamp>
			</report>
			<report>
				<misses>368700000</misses>
				<total>0</total>
				<timestamp>3169.646952</timestamp>
			</report>
			<report>
				<misses>368800000</misses>
				<total>0</total>
				<timestamp>3170.552827</timestamp>
			</report>
			<report>
				<misses>368900000</misses>
				<total>0</total>
				<timestamp>3171.454892</timestamp>
			</report>
			<report>
				<misses>369000000</misses>
				<total>0</total>
				<timestamp>3172.303360</timestamp>
			</report>
			<report>
				<misses>369100000</misses>
				<total>0</total>
				<timestamp>3173.167472</timestamp>
			</report>
			<report>
				<misses>369200000</misses>
				<total>0</total>
				<timestamp>3173.968603</timestamp>
			</report>
			<report>
				<misses>369300000</misses>
				<total>0</total>
				<timestamp>3174.776357</timestamp>
			</report>
			<report>
				<misses>369400000</misses>
				<total>0</total>
				<timestamp>3175.622639</timestamp>
			</report>
			<report>
				<misses>369500000</misses>
				<total>0</total>
				<timestamp>3176.428100</timestamp>
			</report>
			<report>
				<misses>369600000</misses>
				<total>0</total>
				<timestamp>3177.354824</timestamp>
			</report>
			<report>
				<misses>369700000</misses>
				<total>0</total>
				<timestamp>3178.238370</timestamp>
			</report>
			<report>
				<misses>369800000</misses>
				<total>0</total>
				<timestamp>3179.066175</timestamp>
			</report>
			<report>
				<misses>369900000</misses>
				<total>0</total>
				<timestamp>3179.911283</timestamp>
			</report>
			<report>
				<misses>370000000</misses>
				<total>0</total>
				<timestamp>3180.799704</timestamp>
			</report>
			<report>
				<misses>370100000</misses>
				<total>0</total>
				<timestamp>3181.729631</timestamp>
			</report>
			<report>
				<misses>370200000</misses>
				<total>0</total>
				<timestamp>3182.637505</timestamp>
			</report>
			<report>
				<misses>370300000</misses>
				<total>0</total>
				<timestamp>3183.528287</timestamp>
			</report>
			<report>
				<misses>370400000</misses>
				<total>0</total>
				<timestamp>3184.446907</timestamp>
			</report>
			<report>
				<misses>370500000</misses>
				<total>0</total>
				<timestamp>3185.352423</timestamp>
			</report>
			<report>
				<misses>370600000</misses>
				<total>0</total>
				<timestamp>3186.274857</timestamp>
			</report>
			<report>
				<misses>370700000</misses>
				<total>0</total>
				<timestamp>3187.180302</timestamp>
			</report>
			<report>
				<misses>370800000</misses>
				<total>0</total>
				<timestamp>3188.032055</timestamp>
			</report>
			<report>
				<misses>370900000</misses>
				<total>0</total>
				<timestamp>3188.856038</timestamp>
			</report>
			<report>
				<misses>371000000</misses>
				<total>0</total>
				<timestamp>3189.723054</timestamp>
			</report>
			<report>
				<misses>371100000</misses>
				<total>0</total>
				<timestamp>3190.598372</timestamp>
			</report>
			<report>
				<misses>371200000</misses>
				<total>0</total>
				<timestamp>3191.449271</timestamp>
			</report>
			<report>
				<misses>371300000</misses>
				<total>0</total>
				<timestamp>3192.361214</timestamp>
			</report>
			<report>
				<misses>371400000</misses>
				<total>0</total>
				<timestamp>3193.189377</timestamp>
			</report>
			<report>
				<misses>371500000</misses>
				<total>0</total>
				<timestamp>3194.088742</timestamp>
			</report>
			<report>
				<misses>371600000</misses>
				<total>0</total>
				<timestamp>3195.002929</timestamp>
			</report>
			<report>
				<misses>371700000</misses>
				<total>0</total>
				<timestamp>3195.889180</timestamp>
			</report>
			<report>
				<misses>371800000</misses>
				<total>0</total>
				<timestamp>3196.803481</timestamp>
			</report>
			<report>
				<misses>371900000</misses>
				<total>0</total>
				<timestamp>3197.685071</timestamp>
			</report>
			<report>
				<misses>372000000</misses>
				<total>0</total>
				<timestamp>3198.526764</timestamp>
			</report>
			<report>
				<misses>372100000</misses>
				<total>0</total>
				<timestamp>3199.441603</timestamp>
			</report>
			<report>
				<misses>372200000</misses>
				<total>0</total>
				<timestamp>3200.351718</timestamp>
			</report>
			<report>
				<misses>372300000</misses>
				<total>0</total>
				<timestamp>3201.170084</timestamp>
			</report>
			<report>
				<misses>372400000</misses>
				<total>0</total>
				<timestamp>3202.040653</timestamp>
			</report>
			<report>
				<misses>372500000</misses>
				<total>0</total>
				<timestamp>3202.925527</timestamp>
			</report>
			<report>
				<misses>372600000</misses>
				<total>0</total>
				<timestamp>3203.772981</timestamp>
			</report>
			<report>
				<misses>372700000</misses>
				<total>0</total>
				<timestamp>3204.578964</timestamp>
			</report>
			<report>
				<misses>372800000</misses>
				<total>0</total>
				<timestamp>3205.430539</timestamp>
			</report>
			<report>
				<misses>372900000</misses>
				<total>0</total>
				<timestamp>3206.339272</timestamp>
			</report>
			<report>
				<misses>373000000</misses>
				<total>0</total>
				<timestamp>3207.263593</timestamp>
			</report>
			<report>
				<misses>373100000</misses>
				<total>0</total>
				<timestamp>3208.167517</timestamp>
			</report>
			<report>
				<misses>373200000</misses>
				<total>0</total>
				<timestamp>3209.117329</timestamp>
			</report>
			<report>
				<misses>373300000</misses>
				<total>0</total>
				<timestamp>3209.971831</timestamp>
			</report>
			<report>
				<misses>373400000</misses>
				<total>0</total>
				<timestamp>3210.855307</timestamp>
			</report>
			<report>
				<misses>373500000</misses>
				<total>0</total>
				<timestamp>3211.803687</timestamp>
			</report>
			<report>
				<misses>373600000</misses>
				<total>0</total>
				<timestamp>3212.711683</timestamp>
			</report>
			<report>
				<misses>373700000</misses>
				<total>0</total>
				<timestamp>3213.613217</timestamp>
			</report>
			<report>
				<misses>373800000</misses>
				<total>0</total>
				<timestamp>3214.501837</timestamp>
			</report>
			<report>
				<misses>373900000</misses>
				<total>0</total>
				<timestamp>3215.380333</timestamp>
			</report>
			<report>
				<misses>374000000</misses>
				<total>0</total>
				<timestamp>3216.263098</timestamp>
			</report>
			<report>
				<misses>374100000</misses>
				<total>0</total>
				<timestamp>3217.153145</timestamp>
			</report>
			<report>
				<misses>374200000</misses>
				<total>0</total>
				<timestamp>3218.026323</timestamp>
			</report>
			<report>
				<misses>374300000</misses>
				<total>0</total>
				<timestamp>3218.938321</timestamp>
			</report>
			<report>
				<misses>374400000</misses>
				<total>0</total>
				<timestamp>3219.840370</timestamp>
			</report>
			<report>
				<misses>374500000</misses>
				<total>0</total>
				<timestamp>3220.714989</timestamp>
			</report>
			<report>
				<misses>374600000</misses>
				<total>0</total>
				<timestamp>3221.605412</timestamp>
			</report>
			<report>
				<misses>374700000</misses>
				<total>0</total>
				<timestamp>3222.541967</timestamp>
			</report>
			<report>
				<misses>374800000</misses>
				<total>0</total>
				<timestamp>3223.346951</timestamp>
			</report>
			<report>
				<misses>374900000</misses>
				<total>0</total>
				<timestamp>3224.198997</timestamp>
			</report>
			<report>
				<misses>375000000</misses>
				<total>0</total>
				<timestamp>3225.090090</timestamp>
			</report>
			<report>
				<misses>375100000</misses>
				<total>0</total>
				<timestamp>3225.946610</timestamp>
			</report>
			<report>
				<misses>375200000</misses>
				<total>0</total>
				<timestamp>3226.851103</timestamp>
			</report>
			<report>
				<misses>375300000</misses>
				<total>0</total>
				<timestamp>3227.727500</timestamp>
			</report>
			<report>
				<misses>375400000</misses>
				<total>0</total>
				<timestamp>3228.593925</timestamp>
			</report>
			<report>
				<misses>375500000</misses>
				<total>0</total>
				<timestamp>3229.505699</timestamp>
			</report>
			<report>
				<misses>375600000</misses>
				<total>0</total>
				<timestamp>3230.444351</timestamp>
			</report>
			<report>
				<misses>375700000</misses>
				<total>0</total>
				<timestamp>3231.360240</timestamp>
			</report>
			<report>
				<misses>375800000</misses>
				<total>0</total>
				<timestamp>3232.245514</timestamp>
			</report>
			<report>
				<misses>375900000</misses>
				<total>0</total>
				<timestamp>3233.178119</timestamp>
			</report>
			<report>
				<misses>376000000</misses>
				<total>0</total>
				<timestamp>3234.055494</timestamp>
			</report>
			<report>
				<misses>376100000</misses>
				<total>0</total>
				<timestamp>3234.925667</timestamp>
			</report>
			<report>
				<misses>376200000</misses>
				<total>0</total>
				<timestamp>3235.751172</timestamp>
			</report>
			<report>
				<misses>376300000</misses>
				<total>0</total>
				<timestamp>3236.655662</timestamp>
			</report>
			<report>
				<misses>376400000</misses>
				<total>0</total>
				<timestamp>3237.572561</timestamp>
			</report>
			<report>
				<misses>376500000</misses>
				<total>0</total>
				<timestamp>3238.466690</timestamp>
			</report>
			<report>
				<misses>376600000</misses>
				<total>0</total>
				<timestamp>3239.314782</timestamp>
			</report>
			<report>
				<misses>376700000</misses>
				<total>0</total>
				<timestamp>3240.173710</timestamp>
			</report>
			<report>
				<misses>376800000</misses>
				<total>0</total>
				<timestamp>3241.075999</timestamp>
			</report>
			<report>
				<misses>376900000</misses>
				<total>0</total>
				<timestamp>3241.952694</timestamp>
			</report>
			<report>
				<misses>377000000</misses>
				<total>0</total>
				<timestamp>3242.855708</timestamp>
			</report>
			<report>
				<misses>377100000</misses>
				<total>0</total>
				<timestamp>3243.766699</timestamp>
			</report>
			<report>
				<misses>377200000</misses>
				<total>0</total>
				<timestamp>3244.635560</timestamp>
			</report>
			<report>
				<misses>377300000</misses>
				<total>0</total>
				<timestamp>3245.531742</timestamp>
			</report>
			<report>
				<misses>377400000</misses>
				<total>0</total>
				<timestamp>3246.420113</timestamp>
			</report>
			<report>
				<misses>377500000</misses>
				<total>0</total>
				<timestamp>3247.318336</timestamp>
			</report>
			<report>
				<misses>377600000</misses>
				<total>0</total>
				<timestamp>3248.245193</timestamp>
			</report>
			<report>
				<misses>377700000</misses>
				<total>0</total>
				<timestamp>3249.134661</timestamp>
			</report>
			<report>
				<misses>377800000</misses>
				<total>0</total>
				<timestamp>3249.944022</timestamp>
			</report>
			<report>
				<misses>377900000</misses>
				<total>0</total>
				<timestamp>3250.888699</timestamp>
			</report>
			<report>
				<misses>378000000</misses>
				<total>0</total>
				<timestamp>3251.784340</timestamp>
			</report>
			<report>
				<misses>378100000</misses>
				<total>0</total>
				<timestamp>3252.675312</timestamp>
			</report>
			<report>
				<misses>378200000</misses>
				<total>0</total>
				<timestamp>3253.597582</timestamp>
			</report>
			<report>
				<misses>378300000</misses>
				<total>0</total>
				<timestamp>3254.466840</timestamp>
			</report>
			<report>
				<misses>378400000</misses>
				<total>0</total>
				<timestamp>3255.356582</timestamp>
			</report>
			<report>
				<misses>378500000</misses>
				<total>0</total>
				<timestamp>3256.277495</timestamp>
			</report>
			<report>
				<misses>378600000</misses>
				<total>0</total>
				<timestamp>3257.188603</timestamp>
			</report>
			<report>
				<misses>378700000</misses>
				<total>0</total>
				<timestamp>3258.098438</timestamp>
			</report>
			<report>
				<misses>378800000</misses>
				<total>0</total>
				<timestamp>3258.923238</timestamp>
			</report>
			<report>
				<misses>378900000</misses>
				<total>0</total>
				<timestamp>3259.802962</timestamp>
			</report>
			<report>
				<misses>379000000</misses>
				<total>0</total>
				<timestamp>3260.701769</timestamp>
			</report>
			<report>
				<misses>379100000</misses>
				<total>0</total>
				<timestamp>3261.591016</timestamp>
			</report>
			<report>
				<misses>379200000</misses>
				<total>0</total>
				<timestamp>3262.485432</timestamp>
			</report>
			<report>
				<misses>379300000</misses>
				<total>0</total>
				<timestamp>3263.306307</timestamp>
			</report>
			<report>
				<misses>379400000</misses>
				<total>0</total>
				<timestamp>3264.123032</timestamp>
			</report>
			<report>
				<misses>379500000</misses>
				<total>0</total>
				<timestamp>3264.988244</timestamp>
			</report>
			<report>
				<misses>379600000</misses>
				<total>0</total>
				<timestamp>3265.801252</timestamp>
			</report>
			<report>
				<misses>379700000</misses>
				<total>0</total>
				<timestamp>3266.601875</timestamp>
			</report>
			<report>
				<misses>379800000</misses>
				<total>0</total>
				<timestamp>3267.469682</timestamp>
			</report>
			<report>
				<misses>379900000</misses>
				<total>0</total>
				<timestamp>3268.276167</timestamp>
			</report>
			<report>
				<misses>380000000</misses>
				<total>0</total>
				<timestamp>3269.129392</timestamp>
			</report>
			<report>
				<misses>380100000</misses>
				<total>0</total>
				<timestamp>3270.066667</timestamp>
			</report>
			<report>
				<misses>380200000</misses>
				<total>0</total>
				<timestamp>3270.912376</timestamp>
			</report>
			<report>
				<misses>380300000</misses>
				<total>0</total>
				<timestamp>3271.773425</timestamp>
			</report>
			<report>
				<misses>380400000</misses>
				<total>0</total>
				<timestamp>3272.688093</timestamp>
			</report>
			<report>
				<misses>380500000</misses>
				<total>0</total>
				<timestamp>3273.595796</timestamp>
			</report>
			<report>
				<misses>380600000</misses>
				<total>0</total>
				<timestamp>3274.458620</timestamp>
			</report>
			<report>
				<misses>380700000</misses>
				<total>0</total>
				<timestamp>3275.287174</timestamp>
			</report>
			<report>
				<misses>380800000</misses>
				<total>0</total>
				<timestamp>3276.127304</timestamp>
			</report>
			<report>
				<misses>380900000</misses>
				<total>0</total>
				<timestamp>3276.955223</timestamp>
			</report>
			<report>
				<misses>381000000</misses>
				<total>0</total>
				<timestamp>3277.829378</timestamp>
			</report>
			<report>
				<misses>381100000</misses>
				<total>0</total>
				<timestamp>3278.784323</timestamp>
			</report>
			<report>
				<misses>381200000</misses>
				<total>0</total>
				<timestamp>3279.672070</timestamp>
			</report>
			<report>
				<misses>381300000</misses>
				<total>0</total>
				<timestamp>3280.516635</timestamp>
			</report>
			<report>
				<misses>381400000</misses>
				<total>0</total>
				<timestamp>3281.390250</timestamp>
			</report>
			<report>
				<misses>381500000</misses>
				<total>0</total>
				<timestamp>3282.198797</timestamp>
			</report>
			<report>
				<misses>381600000</misses>
				<total>0</total>
				<timestamp>3282.974983</timestamp>
			</report>
			<report>
				<misses>381700000</misses>
				<total>0</total>
				<timestamp>3283.903529</timestamp>
			</report>
			<report>
				<misses>381800000</misses>
				<total>0</total>
				<timestamp>3284.757976</timestamp>
			</report>
			<report>
				<misses>381900000</misses>
				<total>0</total>
				<timestamp>3285.616111</timestamp>
			</report>
			<report>
				<misses>382000000</misses>
				<total>0</total>
				<timestamp>3286.436499</timestamp>
			</report>
			<report>
				<misses>382100000</misses>
				<total>0</total>
				<timestamp>3287.256899</timestamp>
			</report>
			<report>
				<misses>382200000</misses>
				<total>0</total>
				<timestamp>3288.129689</timestamp>
			</report>
			<report>
				<misses>382300000</misses>
				<total>0</total>
				<timestamp>3289.009482</timestamp>
			</report>
			<report>
				<misses>382400000</misses>
				<total>0</total>
				<timestamp>3289.874540</timestamp>
			</report>
			<report>
				<misses>382500000</misses>
				<total>0</total>
				<timestamp>3290.771119</timestamp>
			</report>
			<report>
				<misses>382600000</misses>
				<total>0</total>
				<timestamp>3291.638361</timestamp>
			</report>
			<report>
				<misses>382700000</misses>
				<total>0</total>
				<timestamp>3292.505494</timestamp>
			</report>
			<report>
				<misses>382800000</misses>
				<total>0</total>
				<timestamp>3293.445315</timestamp>
			</report>
			<report>
				<misses>382900000</misses>
				<total>0</total>
				<timestamp>3294.319730</timestamp>
			</report>
			<report>
				<misses>383000000</misses>
				<total>0</total>
				<timestamp>3295.200454</timestamp>
			</report>
			<report>
				<misses>383100000</misses>
				<total>0</total>
				<timestamp>3296.069162</timestamp>
			</report>
			<report>
				<misses>383200000</misses>
				<total>0</total>
				<timestamp>3296.937849</timestamp>
			</report>
			<report>
				<misses>383300000</misses>
				<total>0</total>
				<timestamp>3297.801586</timestamp>
			</report>
			<report>
				<misses>383400000</misses>
				<total>0</total>
				<timestamp>3298.659924</timestamp>
			</report>
			<report>
				<misses>383500000</misses>
				<total>0</total>
				<timestamp>3299.546766</timestamp>
			</report>
			<report>
				<misses>383600000</misses>
				<total>0</total>
				<timestamp>3300.443950</timestamp>
			</report>
			<report>
				<misses>383700000</misses>
				<total>0</total>
				<timestamp>3301.239647</timestamp>
			</report>
			<report>
				<misses>383800000</misses>
				<total>0</total>
				<timestamp>3302.139915</timestamp>
			</report>
			<report>
				<misses>383900000</misses>
				<total>0</total>
				<timestamp>3302.975206</timestamp>
			</report>
			<report>
				<misses>384000000</misses>
				<total>0</total>
				<timestamp>3303.786296</timestamp>
			</report>
			<report>
				<misses>384100000</misses>
				<total>0</total>
				<timestamp>3304.655601</timestamp>
			</report>
			<report>
				<misses>384200000</misses>
				<total>0</total>
				<timestamp>3305.474614</timestamp>
			</report>
			<report>
				<misses>384300000</misses>
				<total>0</total>
				<timestamp>3306.354169</timestamp>
			</report>
			<report>
				<misses>384400000</misses>
				<total>0</total>
				<timestamp>3307.245843</timestamp>
			</report>
			<report>
				<misses>384500000</misses>
				<total>0</total>
				<timestamp>3308.144173</timestamp>
			</report>
			<report>
				<misses>384600000</misses>
				<total>0</total>
				<timestamp>3309.033657</timestamp>
			</report>
			<report>
				<misses>384700000</misses>
				<total>0</total>
				<timestamp>3309.925851</timestamp>
			</report>
			<report>
				<misses>384800000</misses>
				<total>0</total>
				<timestamp>3310.802331</timestamp>
			</report>
			<report>
				<misses>384900000</misses>
				<total>0</total>
				<timestamp>3311.740751</timestamp>
			</report>
			<report>
				<misses>385000000</misses>
				<total>0</total>
				<timestamp>3312.668844</timestamp>
			</report>
			<report>
				<misses>385100000</misses>
				<total>0</total>
				<timestamp>3313.597565</timestamp>
			</report>
			<report>
				<misses>385200000</misses>
				<total>0</total>
				<timestamp>3314.446348</timestamp>
			</report>
			<report>
				<misses>385300000</misses>
				<total>0</total>
				<timestamp>3315.322592</timestamp>
			</report>
			<report>
				<misses>385400000</misses>
				<total>0</total>
				<timestamp>3316.192794</timestamp>
			</report>
			<report>
				<misses>385500000</misses>
				<total>0</total>
				<timestamp>3317.088093</timestamp>
			</report>
			<report>
				<misses>385600000</misses>
				<total>0</total>
				<timestamp>3317.989879</timestamp>
			</report>
			<report>
				<misses>385700000</misses>
				<total>0</total>
				<timestamp>3318.797833</timestamp>
			</report>
			<report>
				<misses>385800000</misses>
				<total>0</total>
				<timestamp>3319.634213</timestamp>
			</report>
			<report>
				<misses>385900000</misses>
				<total>0</total>
				<timestamp>3320.424339</timestamp>
			</report>
			<report>
				<misses>386000000</misses>
				<total>0</total>
				<timestamp>3321.268509</timestamp>
			</report>
			<report>
				<misses>386100000</misses>
				<total>0</total>
				<timestamp>3322.152992</timestamp>
			</report>
			<report>
				<misses>386200000</misses>
				<total>0</total>
				<timestamp>3322.978447</timestamp>
			</report>
			<report>
				<misses>386300000</misses>
				<total>0</total>
				<timestamp>3323.854791</timestamp>
			</report>
			<report>
				<misses>386400000</misses>
				<total>0</total>
				<timestamp>3324.796622</timestamp>
			</report>
			<report>
				<misses>386500000</misses>
				<total>0</total>
				<timestamp>3325.710834</timestamp>
			</report>
			<report>
				<misses>386600000</misses>
				<total>0</total>
				<timestamp>3326.604981</timestamp>
			</report>
			<report>
				<misses>386700000</misses>
				<total>0</total>
				<timestamp>3327.508260</timestamp>
			</report>
			<report>
				<misses>386800000</misses>
				<total>0</total>
				<timestamp>3328.370552</timestamp>
			</report>
			<report>
				<misses>386900000</misses>
				<total>0</total>
				<timestamp>3329.223108</timestamp>
			</report>
			<report>
				<misses>387000000</misses>
				<total>0</total>
				<timestamp>3330.136749</timestamp>
			</report>
			<report>
				<misses>387100000</misses>
				<total>0</total>
				<timestamp>3331.036443</timestamp>
			</report>
			<report>
				<misses>387200000</misses>
				<total>0</total>
				<timestamp>3331.895574</timestamp>
			</report>
			<report>
				<misses>387300000</misses>
				<total>0</total>
				<timestamp>3332.738266</timestamp>
			</report>
			<report>
				<misses>387400000</misses>
				<total>0</total>
				<timestamp>3333.646274</timestamp>
			</report>
			<report>
				<misses>387500000</misses>
				<total>0</total>
				<timestamp>3334.528979</timestamp>
			</report>
			<report>
				<misses>387600000</misses>
				<total>0</total>
				<timestamp>3335.456241</timestamp>
			</report>
			<report>
				<misses>387700000</misses>
				<total>0</total>
				<timestamp>3336.313549</timestamp>
			</report>
			<report>
				<misses>387800000</misses>
				<total>0</total>
				<timestamp>3337.140757</timestamp>
			</report>
			<report>
				<misses>387900000</misses>
				<total>0</total>
				<timestamp>3337.928641</timestamp>
			</report>
			<report>
				<misses>388000000</misses>
				<total>0</total>
				<timestamp>3338.720578</timestamp>
			</report>
			<report>
				<misses>388100000</misses>
				<total>0</total>
				<timestamp>3339.573570</timestamp>
			</report>
			<report>
				<misses>388200000</misses>
				<total>0</total>
				<timestamp>3340.404524</timestamp>
			</report>
			<report>
				<misses>388300000</misses>
				<total>0</total>
				<timestamp>3341.187600</timestamp>
			</report>
			<report>
				<misses>388400000</misses>
				<total>0</total>
				<timestamp>3341.982663</timestamp>
			</report>
			<report>
				<misses>388500000</misses>
				<total>0</total>
				<timestamp>3342.821229</timestamp>
			</report>
			<report>
				<misses>388600000</misses>
				<total>0</total>
				<timestamp>3343.689910</timestamp>
			</report>
			<report>
				<misses>388700000</misses>
				<total>0</total>
				<timestamp>3344.571267</timestamp>
			</report>
			<report>
				<misses>388800000</misses>
				<total>0</total>
				<timestamp>3345.466638</timestamp>
			</report>
			<report>
				<misses>388900000</misses>
				<total>0</total>
				<timestamp>3346.394136</timestamp>
			</report>
			<report>
				<misses>389000000</misses>
				<total>0</total>
				<timestamp>3347.251212</timestamp>
			</report>
			<report>
				<misses>389100000</misses>
				<total>0</total>
				<timestamp>3348.094941</timestamp>
			</report>
			<report>
				<misses>389200000</misses>
				<total>0</total>
				<timestamp>3348.963598</timestamp>
			</report>
			<report>
				<misses>389300000</misses>
				<total>0</total>
				<timestamp>3349.822792</timestamp>
			</report>
			<report>
				<misses>389400000</misses>
				<total>0</total>
				<timestamp>3350.706581</timestamp>
			</report>
			<report>
				<misses>389500000</misses>
				<total>0</total>
				<timestamp>3351.565944</timestamp>
			</report>
			<report>
				<misses>389600000</misses>
				<total>0</total>
				<timestamp>3352.431841</timestamp>
			</report>
			<report>
				<misses>389700000</misses>
				<total>0</total>
				<timestamp>3353.285890</timestamp>
			</report>
			<report>
				<misses>389800000</misses>
				<total>0</total>
				<timestamp>3354.135885</timestamp>
			</report>
			<report>
				<misses>389900000</misses>
				<total>0</total>
				<timestamp>3355.005568</timestamp>
			</report>
			<report>
				<misses>390000000</misses>
				<total>0</total>
				<timestamp>3355.869963</timestamp>
			</report>
			<report>
				<misses>390100000</misses>
				<total>0</total>
				<timestamp>3356.703697</timestamp>
			</report>
			<report>
				<misses>390200000</misses>
				<total>0</total>
				<timestamp>3357.550955</timestamp>
			</report>
			<report>
				<misses>390300000</misses>
				<total>0</total>
				<timestamp>3358.344986</timestamp>
			</report>
			<report>
				<misses>390400000</misses>
				<total>0</total>
				<timestamp>3359.186221</timestamp>
			</report>
			<report>
				<misses>390500000</misses>
				<total>0</total>
				<timestamp>3360.069478</timestamp>
			</report>
			<report>
				<misses>390600000</misses>
				<total>0</total>
				<timestamp>3360.881526</timestamp>
			</report>
			<report>
				<misses>390700000</misses>
				<total>0</total>
				<timestamp>3361.701777</timestamp>
			</report>
			<report>
				<misses>390800000</misses>
				<total>0</total>
				<timestamp>3362.608024</timestamp>
			</report>
			<report>
				<misses>390900000</misses>
				<total>0</total>
				<timestamp>3363.448560</timestamp>
			</report>
			<report>
				<misses>391000000</misses>
				<total>0</total>
				<timestamp>3364.302184</timestamp>
			</report>
			<report>
				<misses>391100000</misses>
				<total>0</total>
				<timestamp>3365.211021</timestamp>
			</report>
			<report>
				<misses>391200000</misses>
				<total>0</total>
				<timestamp>3366.081639</timestamp>
			</report>
			<report>
				<misses>391300000</misses>
				<total>0</total>
				<timestamp>3366.981740</timestamp>
			</report>
			<report>
				<misses>391400000</misses>
				<total>0</total>
				<timestamp>3367.866325</timestamp>
			</report>
			<report>
				<misses>391500000</misses>
				<total>0</total>
				<timestamp>3368.753057</timestamp>
			</report>
			<report>
				<misses>391600000</misses>
				<total>0</total>
				<timestamp>3369.629708</timestamp>
			</report>
			<report>
				<misses>391700000</misses>
				<total>0</total>
				<timestamp>3370.488721</timestamp>
			</report>
			<report>
				<misses>391800000</misses>
				<total>0</total>
				<timestamp>3371.348611</timestamp>
			</report>
			<report>
				<misses>391900000</misses>
				<total>0</total>
				<timestamp>3372.234419</timestamp>
			</report>
			<report>
				<misses>392000000</misses>
				<total>0</total>
				<timestamp>3373.115308</timestamp>
			</report>
			<report>
				<misses>392100000</misses>
				<total>0</total>
				<timestamp>3373.966735</timestamp>
			</report>
			<report>
				<misses>392200000</misses>
				<total>0</total>
				<timestamp>3374.818595</timestamp>
			</report>
			<report>
				<misses>392300000</misses>
				<total>0</total>
				<timestamp>3375.693868</timestamp>
			</report>
			<report>
				<misses>392400000</misses>
				<total>0</total>
				<timestamp>3376.583163</timestamp>
			</report>
			<report>
				<misses>392500000</misses>
				<total>0</total>
				<timestamp>3377.448927</timestamp>
			</report>
			<report>
				<misses>392600000</misses>
				<total>0</total>
				<timestamp>3378.219053</timestamp>
			</report>
			<report>
				<misses>392700000</misses>
				<total>0</total>
				<timestamp>3379.030291</timestamp>
			</report>
			<report>
				<misses>392800000</misses>
				<total>0</total>
				<timestamp>3379.886173</timestamp>
			</report>
			<report>
				<misses>392900000</misses>
				<total>0</total>
				<timestamp>3380.722159</timestamp>
			</report>
			<report>
				<misses>393000000</misses>
				<total>0</total>
				<timestamp>3381.596135</timestamp>
			</report>
			<report>
				<misses>393100000</misses>
				<total>0</total>
				<timestamp>3382.478538</timestamp>
			</report>
			<report>
				<misses>393200000</misses>
				<total>0</total>
				<timestamp>3383.364383</timestamp>
			</report>
			<report>
				<misses>393300000</misses>
				<total>0</total>
				<timestamp>3384.256142</timestamp>
			</report>
			<report>
				<misses>393400000</misses>
				<total>0</total>
				<timestamp>3385.140687</timestamp>
			</report>
			<report>
				<misses>393500000</misses>
				<total>0</total>
				<timestamp>3386.052321</timestamp>
			</report>
			<report>
				<misses>393600000</misses>
				<total>0</total>
				<timestamp>3386.938759</timestamp>
			</report>
			<report>
				<misses>393700000</misses>
				<total>0</total>
				<timestamp>3387.893594</timestamp>
			</report>
			<report>
				<misses>393800000</misses>
				<total>0</total>
				<timestamp>3388.770196</timestamp>
			</report>
			<report>
				<misses>393900000</misses>
				<total>0</total>
				<timestamp>3389.678236</timestamp>
			</report>
			<report>
				<misses>394000000</misses>
				<total>0</total>
				<timestamp>3390.539631</timestamp>
			</report>
			<report>
				<misses>394100000</misses>
				<total>0</total>
				<timestamp>3391.471230</timestamp>
			</report>
			<report>
				<misses>394200000</misses>
				<total>0</total>
				<timestamp>3392.368741</timestamp>
			</report>
			<report>
				<misses>394300000</misses>
				<total>0</total>
				<timestamp>3393.338095</timestamp>
			</report>
			<report>
				<misses>394400000</misses>
				<total>0</total>
				<timestamp>3394.227182</timestamp>
			</report>
			<report>
				<misses>394500000</misses>
				<total>0</total>
				<timestamp>3395.192175</timestamp>
			</report>
			<report>
				<misses>394600000</misses>
				<total>0</total>
				<timestamp>3396.062921</timestamp>
			</report>
			<report>
				<misses>394700000</misses>
				<total>0</total>
				<timestamp>3396.971061</timestamp>
			</report>
			<report>
				<misses>394800000</misses>
				<total>0</total>
				<timestamp>3397.890406</timestamp>
			</report>
			<report>
				<misses>394900000</misses>
				<total>0</total>
				<timestamp>3398.784770</timestamp>
			</report>
			<report>
				<misses>395000000</misses>
				<total>0</total>
				<timestamp>3399.691059</timestamp>
			</report>
			<report>
				<misses>395100000</misses>
				<total>0</total>
				<timestamp>3400.617758</timestamp>
			</report>
			<report>
				<misses>395200000</misses>
				<total>0</total>
				<timestamp>3401.460479</timestamp>
			</report>
			<report>
				<misses>395300000</misses>
				<total>0</total>
				<timestamp>3402.268010</timestamp>
			</report>
			<report>
				<misses>395400000</misses>
				<total>0</total>
				<timestamp>3403.076001</timestamp>
			</report>
			<report>
				<misses>395500000</misses>
				<total>0</total>
				<timestamp>3403.871369</timestamp>
			</report>
			<report>
				<misses>395600000</misses>
				<total>0</total>
				<timestamp>3404.649582</timestamp>
			</report>
			<report>
				<misses>395700000</misses>
				<total>0</total>
				<timestamp>3405.443641</timestamp>
			</report>
			<report>
				<misses>395800000</misses>
				<total>0</total>
				<timestamp>3406.237467</timestamp>
			</report>
			<report>
				<misses>395900000</misses>
				<total>0</total>
				<timestamp>3407.109705</timestamp>
			</report>
			<report>
				<misses>396000000</misses>
				<total>0</total>
				<timestamp>3407.981579</timestamp>
			</report>
			<report>
				<misses>396100000</misses>
				<total>0</total>
				<timestamp>3408.826901</timestamp>
			</report>
			<report>
				<misses>396200000</misses>
				<total>0</total>
				<timestamp>3409.671614</timestamp>
			</report>
			<report>
				<misses>396300000</misses>
				<total>0</total>
				<timestamp>3410.597518</timestamp>
			</report>
			<report>
				<misses>396400000</misses>
				<total>0</total>
				<timestamp>3411.481116</timestamp>
			</report>
			<report>
				<misses>396500000</misses>
				<total>0</total>
				<timestamp>3412.342231</timestamp>
			</report>
			<report>
				<misses>396600000</misses>
				<total>0</total>
				<timestamp>3413.244403</timestamp>
			</report>
			<report>
				<misses>396700000</misses>
				<total>0</total>
				<timestamp>3414.164030</timestamp>
			</report>
			<report>
				<misses>396800000</misses>
				<total>0</total>
				<timestamp>3415.009263</timestamp>
			</report>
			<report>
				<misses>396900000</misses>
				<total>0</total>
				<timestamp>3415.874363</timestamp>
			</report>
			<report>
				<misses>397000000</misses>
				<total>0</total>
				<timestamp>3416.743913</timestamp>
			</report>
			<report>
				<misses>397100000</misses>
				<total>0</total>
				<timestamp>3417.590965</timestamp>
			</report>
			<report>
				<misses>397200000</misses>
				<total>0</total>
				<timestamp>3418.441292</timestamp>
			</report>
			<report>
				<misses>397300000</misses>
				<total>0</total>
				<timestamp>3419.243734</timestamp>
			</report>
			<report>
				<misses>397400000</misses>
				<total>0</total>
				<timestamp>3420.014300</timestamp>
			</report>
			<report>
				<misses>397500000</misses>
				<total>0</total>
				<timestamp>3420.847852</timestamp>
			</report>
			<report>
				<misses>397600000</misses>
				<total>0</total>
				<timestamp>3421.688612</timestamp>
			</report>
			<report>
				<misses>397700000</misses>
				<total>0</total>
				<timestamp>3422.516900</timestamp>
			</report>
			<report>
				<misses>397800000</misses>
				<total>0</total>
				<timestamp>3423.315226</timestamp>
			</report>
			<report>
				<misses>397900000</misses>
				<total>0</total>
				<timestamp>3424.147710</timestamp>
			</report>
			<report>
				<misses>398000000</misses>
				<total>0</total>
				<timestamp>3424.939375</timestamp>
			</report>
			<report>
				<misses>398100000</misses>
				<total>0</total>
				<timestamp>3425.825383</timestamp>
			</report>
			<report>
				<misses>398200000</misses>
				<total>0</total>
				<timestamp>3426.692948</timestamp>
			</report>
			<report>
				<misses>398300000</misses>
				<total>0</total>
				<timestamp>3427.572504</timestamp>
			</report>
			<report>
				<misses>398400000</misses>
				<total>0</total>
				<timestamp>3428.467482</timestamp>
			</report>
			<report>
				<misses>398500000</misses>
				<total>0</total>
				<timestamp>3429.340679</timestamp>
			</report>
			<report>
				<misses>398600000</misses>
				<total>0</total>
				<timestamp>3430.251119</timestamp>
			</report>
			<report>
				<misses>398700000</misses>
				<total>0</total>
				<timestamp>3431.103418</timestamp>
			</report>
			<report>
				<misses>398800000</misses>
				<total>0</total>
				<timestamp>3432.026980</timestamp>
			</report>
			<report>
				<misses>398900000</misses>
				<total>0</total>
				<timestamp>3432.927492</timestamp>
			</report>
			<report>
				<misses>399000000</misses>
				<total>0</total>
				<timestamp>3433.823123</timestamp>
			</report>
			<report>
				<misses>399100000</misses>
				<total>0</total>
				<timestamp>3434.697544</timestamp>
			</report>
			<report>
				<misses>399200000</misses>
				<total>0</total>
				<timestamp>3435.624010</timestamp>
			</report>
			<report>
				<misses>399300000</misses>
				<total>0</total>
				<timestamp>3436.435900</timestamp>
			</report>
			<report>
				<misses>399400000</misses>
				<total>0</total>
				<timestamp>3437.289453</timestamp>
			</report>
			<report>
				<misses>399500000</misses>
				<total>0</total>
				<timestamp>3438.159804</timestamp>
			</report>
			<report>
				<misses>399600000</misses>
				<total>0</total>
				<timestamp>3439.049285</timestamp>
			</report>
			<report>
				<misses>399700000</misses>
				<total>0</total>
				<timestamp>3439.908187</timestamp>
			</report>
			<report>
				<misses>399800000</misses>
				<total>0</total>
				<timestamp>3440.879751</timestamp>
			</report>
			<report>
				<misses>399900000</misses>
				<total>0</total>
				<timestamp>3441.780752</timestamp>
			</report>
			<report>
				<misses>400000000</misses>
				<total>0</total>
				<timestamp>3442.716545</timestamp>
			</report>
			<report>
				<misses>400100000</misses>
				<total>0</total>
				<timestamp>3443.570213</timestamp>
			</report>
			<report>
				<misses>400200000</misses>
				<total>0</total>
				<timestamp>3444.422631</timestamp>
			</report>
			<report>
				<misses>400300000</misses>
				<total>0</total>
				<timestamp>3445.307036</timestamp>
			</report>
			<report>
				<misses>400400000</misses>
				<total>0</total>
				<timestamp>3446.190303</timestamp>
			</report>
			<report>
				<misses>400500000</misses>
				<total>0</total>
				<timestamp>3447.098955</timestamp>
			</report>
			<report>
				<misses>400600000</misses>
				<total>0</total>
				<timestamp>3447.981605</timestamp>
			</report>
			<report>
				<misses>400700000</misses>
				<total>0</total>
				<timestamp>3448.804390</timestamp>
			</report>
			<report>
				<misses>400800000</misses>
				<total>0</total>
				<timestamp>3449.700407</timestamp>
			</report>
			<report>
				<misses>400900000</misses>
				<total>0</total>
				<timestamp>3450.492962</timestamp>
			</report>
			<report>
				<misses>401000000</misses>
				<total>0</total>
				<timestamp>3451.347161</timestamp>
			</report>
			<report>
				<misses>401100000</misses>
				<total>0</total>
				<timestamp>3452.212432</timestamp>
			</report>
			<report>
				<misses>401200000</misses>
				<total>0</total>
				<timestamp>3452.996139</timestamp>
			</report>
			<report>
				<misses>401300000</misses>
				<total>0</total>
				<timestamp>3453.844312</timestamp>
			</report>
			<report>
				<misses>401400000</misses>
				<total>0</total>
				<timestamp>3454.732459</timestamp>
			</report>
			<report>
				<misses>401500000</misses>
				<total>0</total>
				<timestamp>3455.625971</timestamp>
			</report>
			<report>
				<misses>401600000</misses>
				<total>0</total>
				<timestamp>3456.524616</timestamp>
			</report>
			<report>
				<misses>401700000</misses>
				<total>0</total>
				<timestamp>3457.421432</timestamp>
			</report>
			<report>
				<misses>401800000</misses>
				<total>0</total>
				<timestamp>3458.306252</timestamp>
			</report>
			<report>
				<misses>401900000</misses>
				<total>0</total>
				<timestamp>3459.226015</timestamp>
			</report>
			<report>
				<misses>402000000</misses>
				<total>0</total>
				<timestamp>3460.103348</timestamp>
			</report>
			<report>
				<misses>402100000</misses>
				<total>0</total>
				<timestamp>3460.978572</timestamp>
			</report>
			<report>
				<misses>402200000</misses>
				<total>0</total>
				<timestamp>3461.859855</timestamp>
			</report>
			<report>
				<misses>402300000</misses>
				<total>0</total>
				<timestamp>3462.778077</timestamp>
			</report>
			<report>
				<misses>402400000</misses>
				<total>0</total>
				<timestamp>3463.677040</timestamp>
			</report>
			<report>
				<misses>402500000</misses>
				<total>0</total>
				<timestamp>3464.539168</timestamp>
			</report>
			<report>
				<misses>402600000</misses>
				<total>0</total>
				<timestamp>3465.443752</timestamp>
			</report>
			<report>
				<misses>402700000</misses>
				<total>0</total>
				<timestamp>3466.288868</timestamp>
			</report>
			<report>
				<misses>402800000</misses>
				<total>0</total>
				<timestamp>3467.095191</timestamp>
			</report>
			<report>
				<misses>402900000</misses>
				<total>0</total>
				<timestamp>3467.917641</timestamp>
			</report>
			<report>
				<misses>403000000</misses>
				<total>0</total>
				<timestamp>3468.783936</timestamp>
			</report>
			<report>
				<misses>403100000</misses>
				<total>0</total>
				<timestamp>3469.543399</timestamp>
			</report>
			<report>
				<misses>403200000</misses>
				<total>0</total>
				<timestamp>3470.381468</timestamp>
			</report>
			<report>
				<misses>403300000</misses>
				<total>0</total>
				<timestamp>3471.236340</timestamp>
			</report>
			<report>
				<misses>403400000</misses>
				<total>0</total>
				<timestamp>3472.099711</timestamp>
			</report>
			<report>
				<misses>403500000</misses>
				<total>0</total>
				<timestamp>3472.970523</timestamp>
			</report>
			<report>
				<misses>403600000</misses>
				<total>0</total>
				<timestamp>3473.863607</timestamp>
			</report>
			<report>
				<misses>403700000</misses>
				<total>0</total>
				<timestamp>3474.766204</timestamp>
			</report>
			<report>
				<misses>403800000</misses>
				<total>0</total>
				<timestamp>3475.663865</timestamp>
			</report>
			<report>
				<misses>403900000</misses>
				<total>0</total>
				<timestamp>3476.512205</timestamp>
			</report>
			<report>
				<misses>404000000</misses>
				<total>0</total>
				<timestamp>3477.358830</timestamp>
			</report>
			<report>
				<misses>404100000</misses>
				<total>0</total>
				<timestamp>3478.255711</timestamp>
			</report>
			<report>
				<misses>404200000</misses>
				<total>0</total>
				<timestamp>3479.154286</timestamp>
			</report>
			<report>
				<misses>404300000</misses>
				<total>0</total>
				<timestamp>3480.086906</timestamp>
			</report>
			<report>
				<misses>404400000</misses>
				<total>0</total>
				<timestamp>3480.945941</timestamp>
			</report>
			<report>
				<misses>404500000</misses>
				<total>0</total>
				<timestamp>3481.839880</timestamp>
			</report>
			<report>
				<misses>404600000</misses>
				<total>0</total>
				<timestamp>3482.728613</timestamp>
			</report>
			<report>
				<misses>404700000</misses>
				<total>0</total>
				<timestamp>3483.619758</timestamp>
			</report>
			<report>
				<misses>404800000</misses>
				<total>0</total>
				<timestamp>3484.491052</timestamp>
			</report>
			<report>
				<misses>404900000</misses>
				<total>0</total>
				<timestamp>3485.279344</timestamp>
			</report>
			<report>
				<misses>405000000</misses>
				<total>0</total>
				<timestamp>3486.069520</timestamp>
			</report>
			<report>
				<misses>405100000</misses>
				<total>0</total>
				<timestamp>3486.876806</timestamp>
			</report>
			<report>
				<misses>405200000</misses>
				<total>0</total>
				<timestamp>3487.684764</timestamp>
			</report>
			<report>
				<misses>405300000</misses>
				<total>0</total>
				<timestamp>3488.512011</timestamp>
			</report>
			<report>
				<misses>405400000</misses>
				<total>0</total>
				<timestamp>3489.408012</timestamp>
			</report>
			<report>
				<misses>405500000</misses>
				<total>0</total>
				<timestamp>3490.269738</timestamp>
			</report>
			<report>
				<misses>405600000</misses>
				<total>0</total>
				<timestamp>3491.123233</timestamp>
			</report>
			<report>
				<misses>405700000</misses>
				<total>0</total>
				<timestamp>3492.041225</timestamp>
			</report>
			<report>
				<misses>405800000</misses>
				<total>0</total>
				<timestamp>3492.895462</timestamp>
			</report>
			<report>
				<misses>405900000</misses>
				<total>0</total>
				<timestamp>3493.798865</timestamp>
			</report>
			<report>
				<misses>406000000</misses>
				<total>0</total>
				<timestamp>3494.692523</timestamp>
			</report>
			<report>
				<misses>406100000</misses>
				<total>0</total>
				<timestamp>3495.578867</timestamp>
			</report>
			<report>
				<misses>406200000</misses>
				<total>0</total>
				<timestamp>3496.463641</timestamp>
			</report>
			<report>
				<misses>406300000</misses>
				<total>0</total>
				<timestamp>3497.357061</timestamp>
			</report>
			<report>
				<misses>406400000</misses>
				<total>0</total>
				<timestamp>3498.258933</timestamp>
			</report>
			<report>
				<misses>406500000</misses>
				<total>0</total>
				<timestamp>3499.132645</timestamp>
			</report>
			<report>
				<misses>406600000</misses>
				<total>0</total>
				<timestamp>3500.018672</timestamp>
			</report>
			<report>
				<misses>406700000</misses>
				<total>0</total>
				<timestamp>3500.849127</timestamp>
			</report>
			<report>
				<misses>406800000</misses>
				<total>0</total>
				<timestamp>3501.783421</timestamp>
			</report>
			<report>
				<misses>406900000</misses>
				<total>0</total>
				<timestamp>3502.656333</timestamp>
			</report>
			<report>
				<misses>407000000</misses>
				<total>0</total>
				<timestamp>3503.521957</timestamp>
			</report>
			<report>
				<misses>407100000</misses>
				<total>0</total>
				<timestamp>3504.414148</timestamp>
			</report>
			<report>
				<misses>407200000</misses>
				<total>0</total>
				<timestamp>3505.274051</timestamp>
			</report>
			<report>
				<misses>407300000</misses>
				<total>0</total>
				<timestamp>3506.153857</timestamp>
			</report>
			<report>
				<misses>407400000</misses>
				<total>0</total>
				<timestamp>3507.073772</timestamp>
			</report>
			<report>
				<misses>407500000</misses>
				<total>0</total>
				<timestamp>3507.930085</timestamp>
			</report>
			<report>
				<misses>407600000</misses>
				<total>0</total>
				<timestamp>3508.784615</timestamp>
			</report>
			<report>
				<misses>407700000</misses>
				<total>0</total>
				<timestamp>3509.685190</timestamp>
			</report>
			<report>
				<misses>407800000</misses>
				<total>0</total>
				<timestamp>3510.520028</timestamp>
			</report>
			<report>
				<misses>407900000</misses>
				<total>0</total>
				<timestamp>3511.361505</timestamp>
			</report>
			<report>
				<misses>408000000</misses>
				<total>0</total>
				<timestamp>3512.181307</timestamp>
			</report>
			<report>
				<misses>408100000</misses>
				<total>0</total>
				<timestamp>3512.982570</timestamp>
			</report>
			<report>
				<misses>408200000</misses>
				<total>0</total>
				<timestamp>3513.781002</timestamp>
			</report>
			<report>
				<misses>408300000</misses>
				<total>0</total>
				<timestamp>3514.637251</timestamp>
			</report>
			<report>
				<misses>408400000</misses>
				<total>0</total>
				<timestamp>3515.469413</timestamp>
			</report>
			<report>
				<misses>408500000</misses>
				<total>0</total>
				<timestamp>3516.331173</timestamp>
			</report>
			<report>
				<misses>408600000</misses>
				<total>0</total>
				<timestamp>3517.213721</timestamp>
			</report>
			<report>
				<misses>408700000</misses>
				<total>0</total>
				<timestamp>3518.145228</timestamp>
			</report>
			<report>
				<misses>408800000</misses>
				<total>0</total>
				<timestamp>3519.060145</timestamp>
			</report>
			<report>
				<misses>408900000</misses>
				<total>0</total>
				<timestamp>3519.920838</timestamp>
			</report>
			<report>
				<misses>409000000</misses>
				<total>0</total>
				<timestamp>3520.808368</timestamp>
			</report>
			<report>
				<misses>409100000</misses>
				<total>0</total>
				<timestamp>3521.651931</timestamp>
			</report>
			<report>
				<misses>409200000</misses>
				<total>0</total>
				<timestamp>3522.562814</timestamp>
			</report>
			<report>
				<misses>409300000</misses>
				<total>0</total>
				<timestamp>3523.453187</timestamp>
			</report>
			<report>
				<misses>409400000</misses>
				<total>0</total>
				<timestamp>3524.341685</timestamp>
			</report>
			<report>
				<misses>409500000</misses>
				<total>0</total>
				<timestamp>3525.206188</timestamp>
			</report>
			<report>
				<misses>409600000</misses>
				<total>0</total>
				<timestamp>3526.097120</timestamp>
			</report>
			<report>
				<misses>409700000</misses>
				<total>0</total>
				<timestamp>3526.994872</timestamp>
			</report>
			<report>
				<misses>409800000</misses>
				<total>0</total>
				<timestamp>3527.873979</timestamp>
			</report>
			<report>
				<misses>409900000</misses>
				<total>0</total>
				<timestamp>3528.718336</timestamp>
			</report>
			<report>
				<misses>410000000</misses>
				<total>0</total>
				<timestamp>3529.621160</timestamp>
			</report>
			<report>
				<misses>410100000</misses>
				<total>0</total>
				<timestamp>3530.460897</timestamp>
			</report>
			<report>
				<misses>410200000</misses>
				<total>0</total>
				<timestamp>3531.287801</timestamp>
			</report>
			<report>
				<misses>410300000</misses>
				<total>0</total>
				<timestamp>3532.104908</timestamp>
			</report>
			<report>
				<misses>410400000</misses>
				<total>0</total>
				<timestamp>3532.942858</timestamp>
			</report>
			<report>
				<misses>410500000</misses>
				<total>0</total>
				<timestamp>3533.759944</timestamp>
			</report>
			<report>
				<misses>410600000</misses>
				<total>0</total>
				<timestamp>3534.625101</timestamp>
			</report>
			<report>
				<misses>410700000</misses>
				<total>0</total>
				<timestamp>3535.511468</timestamp>
			</report>
			<report>
				<misses>410800000</misses>
				<total>0</total>
				<timestamp>3536.383092</timestamp>
			</report>
			<report>
				<misses>410900000</misses>
				<total>0</total>
				<timestamp>3537.299234</timestamp>
			</report>
			<report>
				<misses>411000000</misses>
				<total>0</total>
				<timestamp>3538.162330</timestamp>
			</report>
			<report>
				<misses>411100000</misses>
				<total>0</total>
				<timestamp>3539.053514</timestamp>
			</report>
			<report>
				<misses>411200000</misses>
				<total>0</total>
				<timestamp>3539.896137</timestamp>
			</report>
			<report>
				<misses>411300000</misses>
				<total>0</total>
				<timestamp>3540.748475</timestamp>
			</report>
			<report>
				<misses>411400000</misses>
				<total>0</total>
				<timestamp>3541.671748</timestamp>
			</report>
			<report>
				<misses>411500000</misses>
				<total>0</total>
				<timestamp>3542.565969</timestamp>
			</report>
			<report>
				<misses>411600000</misses>
				<total>0</total>
				<timestamp>3543.427409</timestamp>
			</report>
			<report>
				<misses>411700000</misses>
				<total>0</total>
				<timestamp>3544.322713</timestamp>
			</report>
			<report>
				<misses>411800000</misses>
				<total>0</total>
				<timestamp>3545.204717</timestamp>
			</report>
			<report>
				<misses>411900000</misses>
				<total>0</total>
				<timestamp>3546.111376</timestamp>
			</report>
			<report>
				<misses>412000000</misses>
				<total>0</total>
				<timestamp>3546.994618</timestamp>
			</report>
			<report>
				<misses>412100000</misses>
				<total>0</total>
				<timestamp>3547.780997</timestamp>
			</report>
			<report>
				<misses>412200000</misses>
				<total>0</total>
				<timestamp>3548.586942</timestamp>
			</report>
			<report>
				<misses>412300000</misses>
				<total>0</total>
				<timestamp>3549.358870</timestamp>
			</report>
			<report>
				<misses>412400000</misses>
				<total>0</total>
				<timestamp>3550.160865</timestamp>
			</report>
			<report>
				<misses>412500000</misses>
				<total>0</total>
				<timestamp>3550.992113</timestamp>
			</report>
			<report>
				<misses>412600000</misses>
				<total>0</total>
				<timestamp>3551.856811</timestamp>
			</report>
			<report>
				<misses>412700000</misses>
				<total>0</total>
				<timestamp>3552.692783</timestamp>
			</report>
			<report>
				<misses>412800000</misses>
				<total>0</total>
				<timestamp>3553.558733</timestamp>
			</report>
			<report>
				<misses>412900000</misses>
				<total>0</total>
				<timestamp>3554.445763</timestamp>
			</report>
			<report>
				<misses>413000000</misses>
				<total>0</total>
				<timestamp>3555.314372</timestamp>
			</report>
			<report>
				<misses>413100000</misses>
				<total>0</total>
				<timestamp>3556.190225</timestamp>
			</report>
			<report>
				<misses>413200000</misses>
				<total>0</total>
				<timestamp>3557.080311</timestamp>
			</report>
			<report>
				<misses>413300000</misses>
				<total>0</total>
				<timestamp>3557.984914</timestamp>
			</report>
			<report>
				<misses>413400000</misses>
				<total>0</total>
				<timestamp>3558.848170</timestamp>
			</report>
			<report>
				<misses>413500000</misses>
				<total>0</total>
				<timestamp>3559.789531</timestamp>
			</report>
			<report>
				<misses>413600000</misses>
				<total>0</total>
				<timestamp>3560.646721</timestamp>
			</report>
			<report>
				<misses>413700000</misses>
				<total>0</total>
				<timestamp>3561.546704</timestamp>
			</report>
			<report>
				<misses>413800000</misses>
				<total>0</total>
				<timestamp>3562.449555</timestamp>
			</report>
			<report>
				<misses>413900000</misses>
				<total>0</total>
				<timestamp>3563.316080</timestamp>
			</report>
			<report>
				<misses>414000000</misses>
				<total>0</total>
				<timestamp>3564.175509</timestamp>
			</report>
			<report>
				<misses>414100000</misses>
				<total>0</total>
				<timestamp>3565.073934</timestamp>
			</report>
			<report>
				<misses>414200000</misses>
				<total>0</total>
				<timestamp>3565.981986</timestamp>
			</report>
			<report>
				<misses>414300000</misses>
				<total>0</total>
				<timestamp>3566.921644</timestamp>
			</report>
			<report>
				<misses>414400000</misses>
				<total>0</total>
				<timestamp>3567.775678</timestamp>
			</report>
			<report>
				<misses>414500000</misses>
				<total>0</total>
				<timestamp>3568.706220</timestamp>
			</report>
			<report>
				<misses>414600000</misses>
				<total>0</total>
				<timestamp>3569.601937</timestamp>
			</report>
			<report>
				<misses>414700000</misses>
				<total>0</total>
				<timestamp>3570.425877</timestamp>
			</report>
			<report>
				<misses>414800000</misses>
				<total>0</total>
				<timestamp>3571.234473</timestamp>
			</report>
			<report>
				<misses>414900000</misses>
				<total>0</total>
				<timestamp>3572.071155</timestamp>
			</report>
			<report>
				<misses>415000000</misses>
				<total>0</total>
				<timestamp>3572.910511</timestamp>
			</report>
			<report>
				<misses>415100000</misses>
				<total>0</total>
				<timestamp>3573.759389</timestamp>
			</report>
			<report>
				<misses>415200000</misses>
				<total>0</total>
				<timestamp>3574.565398</timestamp>
			</report>
			<report>
				<misses>415300000</misses>
				<total>0</total>
				<timestamp>3575.385019</timestamp>
			</report>
			<report>
				<misses>415400000</misses>
				<total>0</total>
				<timestamp>3576.271244</timestamp>
			</report>
			<report>
				<misses>415500000</misses>
				<total>0</total>
				<timestamp>3577.126326</timestamp>
			</report>
			<report>
				<misses>415600000</misses>
				<total>0</total>
				<timestamp>3578.020855</timestamp>
			</report>
			<report>
				<misses>415700000</misses>
				<total>0</total>
				<timestamp>3578.857493</timestamp>
			</report>
			<report>
				<misses>415800000</misses>
				<total>0</total>
				<timestamp>3579.731542</timestamp>
			</report>
			<report>
				<misses>415900000</misses>
				<total>0</total>
				<timestamp>3580.540425</timestamp>
			</report>
			<report>
				<misses>416000000</misses>
				<total>0</total>
				<timestamp>3581.370276</timestamp>
			</report>
			<report>
				<misses>416100000</misses>
				<total>0</total>
				<timestamp>3582.264757</timestamp>
			</report>
			<report>
				<misses>416200000</misses>
				<total>0</total>
				<timestamp>3583.198018</timestamp>
			</report>
			<report>
				<misses>416300000</misses>
				<total>0</total>
				<timestamp>3584.056318</timestamp>
			</report>
			<report>
				<misses>416400000</misses>
				<total>0</total>
				<timestamp>3584.923579</timestamp>
			</report>
			<report>
				<misses>416500000</misses>
				<total>0</total>
				<timestamp>3585.878171</timestamp>
			</report>
			<report>
				<misses>416600000</misses>
				<total>0</total>
				<timestamp>3586.708393</timestamp>
			</report>
			<report>
				<misses>416700000</misses>
				<total>0</total>
				<timestamp>3587.558625</timestamp>
			</report>
			<report>
				<misses>416800000</misses>
				<total>0</total>
				<timestamp>3588.420445</timestamp>
			</report>
			<report>
				<misses>416900000</misses>
				<total>0</total>
				<timestamp>3589.225961</timestamp>
			</report>
			<report>
				<misses>417000000</misses>
				<total>0</total>
				<timestamp>3590.040784</timestamp>
			</report>
			<report>
				<misses>417100000</misses>
				<total>0</total>
				<timestamp>3590.835701</timestamp>
			</report>
			<report>
				<misses>417200000</misses>
				<total>0</total>
				<timestamp>3591.628519</timestamp>
			</report>
			<report>
				<misses>417300000</misses>
				<total>0</total>
				<timestamp>3592.466607</timestamp>
			</report>
			<report>
				<misses>417400000</misses>
				<total>0</total>
				<timestamp>3593.345799</timestamp>
			</report>
			<report>
				<misses>417500000</misses>
				<total>0</total>
				<timestamp>3594.148711</timestamp>
			</report>
			<report>
				<misses>417600000</misses>
				<total>0</total>
				<timestamp>3595.037614</timestamp>
			</report>
			<report>
				<misses>417700000</misses>
				<total>0</total>
				<timestamp>3595.879713</timestamp>
			</report>
			<report>
				<misses>417800000</misses>
				<total>0</total>
				<timestamp>3596.717790</timestamp>
			</report>
			<report>
				<misses>417900000</misses>
				<total>0</total>
				<timestamp>3597.521881</timestamp>
			</report>
			<report>
				<misses>418000000</misses>
				<total>0</total>
				<timestamp>3598.393928</timestamp>
			</report>
			<report>
				<misses>418100000</misses>
				<total>0</total>
				<timestamp>3599.208922</timestamp>
			</report>
			<report>
				<misses>418200000</misses>
				<total>0</total>
				<timestamp>3600.075555</timestamp>
			</report>
			<report>
				<misses>418300000</misses>
				<total>0</total>
				<timestamp>3600.956612</timestamp>
			</report>
			<report>
				<misses>418400000</misses>
				<total>0</total>
				<timestamp>3601.891691</timestamp>
			</report>
			<report>
				<misses>418500000</misses>
				<total>0</total>
				<timestamp>3602.794756</timestamp>
			</report>
			<report>
				<misses>418600000</misses>
				<total>0</total>
				<timestamp>3603.590844</timestamp>
			</report>
			<report>
				<misses>418700000</misses>
				<total>0</total>
				<timestamp>3604.444968</timestamp>
			</report>
			<report>
				<misses>418800000</misses>
				<total>0</total>
				<timestamp>3605.295095</timestamp>
			</report>
			<report>
				<misses>418900000</misses>
				<total>0</total>
				<timestamp>3606.221039</timestamp>
			</report>
			<report>
				<misses>419000000</misses>
				<total>0</total>
				<timestamp>3607.113118</timestamp>
			</report>
			<report>
				<misses>419100000</misses>
				<total>0</total>
				<timestamp>3607.992203</timestamp>
			</report>
			<report>
				<misses>419200000</misses>
				<total>0</total>
				<timestamp>3608.845974</timestamp>
			</report>
			<report>
				<misses>419300000</misses>
				<total>0</total>
				<timestamp>3609.722872</timestamp>
			</report>
			<report>
				<misses>419400000</misses>
				<total>0</total>
				<timestamp>3610.586306</timestamp>
			</report>
			<report>
				<misses>419500000</misses>
				<total>0</total>
				<timestamp>3611.472484</timestamp>
			</report>
			<report>
				<misses>419600000</misses>
				<total>0</total>
				<timestamp>3612.270315</timestamp>
			</report>
			<report>
				<misses>419700000</misses>
				<total>0</total>
				<timestamp>3613.070325</timestamp>
			</report>
			<report>
				<misses>419800000</misses>
				<total>0</total>
				<timestamp>3613.866737</timestamp>
			</report>
			<report>
				<misses>419900000</misses>
				<total>0</total>
				<timestamp>3614.715031</timestamp>
			</report>
			<report>
				<misses>420000000</misses>
				<total>0</total>
				<timestamp>3615.505976</timestamp>
			</report>
			<report>
				<misses>420100000</misses>
				<total>0</total>
				<timestamp>3616.292976</timestamp>
			</report>
			<report>
				<misses>420200000</misses>
				<total>0</total>
				<timestamp>3617.110469</timestamp>
			</report>
			<report>
				<misses>420300000</misses>
				<total>0</total>
				<timestamp>3617.865187</timestamp>
			</report>
			<report>
				<misses>420400000</misses>
				<total>0</total>
				<timestamp>3618.683492</timestamp>
			</report>
			<report>
				<misses>420500000</misses>
				<total>0</total>
				<timestamp>3619.574714</timestamp>
			</report>
			<report>
				<misses>420600000</misses>
				<total>0</total>
				<timestamp>3620.441277</timestamp>
			</report>
			<report>
				<misses>420700000</misses>
				<total>0</total>
				<timestamp>3621.322078</timestamp>
			</report>
			<report>
				<misses>420800000</misses>
				<total>0</total>
				<timestamp>3622.216924</timestamp>
			</report>
			<report>
				<misses>420900000</misses>
				<total>0</total>
				<timestamp>3622.985621</timestamp>
			</report>
			<report>
				<misses>421000000</misses>
				<total>0</total>
				<timestamp>3623.838860</timestamp>
			</report>
			<report>
				<misses>421100000</misses>
				<total>0</total>
				<timestamp>3624.771508</timestamp>
			</report>
			<report>
				<misses>421200000</misses>
				<total>0</total>
				<timestamp>3625.598969</timestamp>
			</report>
			<report>
				<misses>421300000</misses>
				<total>0</total>
				<timestamp>3626.472026</timestamp>
			</report>
			<report>
				<misses>421400000</misses>
				<total>0</total>
				<timestamp>3627.305945</timestamp>
			</report>
			<report>
				<misses>421500000</misses>
				<total>0</total>
				<timestamp>3628.172705</timestamp>
			</report>
			<report>
				<misses>421600000</misses>
				<total>0</total>
				<timestamp>3629.074164</timestamp>
			</report>
			<report>
				<misses>421700000</misses>
				<total>0</total>
				<timestamp>3629.929558</timestamp>
			</report>
			<report>
				<misses>421800000</misses>
				<total>0</total>
				<timestamp>3630.850904</timestamp>
			</report>
			<report>
				<misses>421900000</misses>
				<total>0</total>
				<timestamp>3631.680240</timestamp>
			</report>
			<report>
				<misses>422000000</misses>
				<total>0</total>
				<timestamp>3632.438362</timestamp>
			</report>
			<report>
				<misses>422100000</misses>
				<total>0</total>
				<timestamp>3633.223925</timestamp>
			</report>
			<report>
				<misses>422200000</misses>
				<total>0</total>
				<timestamp>3634.102339</timestamp>
			</report>
			<report>
				<misses>422300000</misses>
				<total>0</total>
				<timestamp>3634.892514</timestamp>
			</report>
			<report>
				<misses>422400000</misses>
				<total>0</total>
				<timestamp>3635.775464</timestamp>
			</report>
			<report>
				<misses>422500000</misses>
				<total>0</total>
				<timestamp>3636.600239</timestamp>
			</report>
			<report>
				<misses>422600000</misses>
				<total>0</total>
				<timestamp>3637.400375</timestamp>
			</report>
			<report>
				<misses>422700000</misses>
				<total>0</total>
				<timestamp>3638.189103</timestamp>
			</report>
			<report>
				<misses>422800000</misses>
				<total>0</total>
				<timestamp>3639.146344</timestamp>
			</report>
			<report>
				<misses>422900000</misses>
				<total>0</total>
				<timestamp>3639.997659</timestamp>
			</report>
			<report>
				<misses>423000000</misses>
				<total>0</total>
				<timestamp>3640.885268</timestamp>
			</report>
			<report>
				<misses>423100000</misses>
				<total>0</total>
				<timestamp>3641.786471</timestamp>
			</report>
			<report>
				<misses>423200000</misses>
				<total>0</total>
				<timestamp>3642.665334</timestamp>
			</report>
			<report>
				<misses>423300000</misses>
				<total>0</total>
				<timestamp>3643.472110</timestamp>
			</report>
			<report>
				<misses>423400000</misses>
				<total>0</total>
				<timestamp>3644.373366</timestamp>
			</report>
			<report>
				<misses>423500000</misses>
				<total>0</total>
				<timestamp>3645.261983</timestamp>
			</report>
			<report>
				<misses>423600000</misses>
				<total>0</total>
				<timestamp>3646.168084</timestamp>
			</report>
			<report>
				<misses>423700000</misses>
				<total>0</total>
				<timestamp>3647.051817</timestamp>
			</report>
			<report>
				<misses>423800000</misses>
				<total>0</total>
				<timestamp>3647.975226</timestamp>
			</report>
			<report>
				<misses>423900000</misses>
				<total>0</total>
				<timestamp>3648.913667</timestamp>
			</report>
			<report>
				<misses>424000000</misses>
				<total>0</total>
				<timestamp>3649.763078</timestamp>
			</report>
			<report>
				<misses>424100000</misses>
				<total>0</total>
				<timestamp>3650.710912</timestamp>
			</report>
			<report>
				<misses>424200000</misses>
				<total>0</total>
				<timestamp>3651.621776</timestamp>
			</report>
			<report>
				<misses>424300000</misses>
				<total>0</total>
				<timestamp>3652.542918</timestamp>
			</report>
			<report>
				<misses>424400000</misses>
				<total>0</total>
				<timestamp>3653.417933</timestamp>
			</report>
			<report>
				<misses>424500000</misses>
				<total>0</total>
				<timestamp>3654.321853</timestamp>
			</report>
			<report>
				<misses>424600000</misses>
				<total>0</total>
				<timestamp>3655.210335</timestamp>
			</report>
			<report>
				<misses>424700000</misses>
				<total>0</total>
				<timestamp>3656.107704</timestamp>
			</report>
			<report>
				<misses>424800000</misses>
				<total>0</total>
				<timestamp>3656.964654</timestamp>
			</report>
			<report>
				<misses>424900000</misses>
				<total>0</total>
				<timestamp>3657.859252</timestamp>
			</report>
			<report>
				<misses>425000000</misses>
				<total>0</total>
				<timestamp>3658.769315</timestamp>
			</report>
			<report>
				<misses>425100000</misses>
				<total>0</total>
				<timestamp>3659.630890</timestamp>
			</report>
			<report>
				<misses>425200000</misses>
				<total>0</total>
				<timestamp>3660.452517</timestamp>
			</report>
			<report>
				<misses>425300000</misses>
				<total>0</total>
				<timestamp>3661.289287</timestamp>
			</report>
			<report>
				<misses>425400000</misses>
				<total>0</total>
				<timestamp>3662.189178</timestamp>
			</report>
			<report>
				<misses>425500000</misses>
				<total>0</total>
				<timestamp>3663.043990</timestamp>
			</report>
			<report>
				<misses>425600000</misses>
				<total>0</total>
				<timestamp>3663.889710</timestamp>
			</report>
			<report>
				<misses>425700000</misses>
				<total>0</total>
				<timestamp>3664.687415</timestamp>
			</report>
			<report>
				<misses>425800000</misses>
				<total>0</total>
				<timestamp>3665.493103</timestamp>
			</report>
			<report>
				<misses>425900000</misses>
				<total>0</total>
				<timestamp>3666.339546</timestamp>
			</report>
			<report>
				<misses>426000000</misses>
				<total>0</total>
				<timestamp>3667.155498</timestamp>
			</report>
			<report>
				<misses>426100000</misses>
				<total>0</total>
				<timestamp>3668.062379</timestamp>
			</report>
			<report>
				<misses>426200000</misses>
				<total>0</total>
				<timestamp>3668.915897</timestamp>
			</report>
			<report>
				<misses>426300000</misses>
				<total>0</total>
				<timestamp>3669.777066</timestamp>
			</report>
			<report>
				<misses>426400000</misses>
				<total>0</total>
				<timestamp>3670.654048</timestamp>
			</report>
			<report>
				<misses>426500000</misses>
				<total>0</total>
				<timestamp>3671.521388</timestamp>
			</report>
			<report>
				<misses>426600000</misses>
				<total>0</total>
				<timestamp>3672.428664</timestamp>
			</report>
			<report>
				<misses>426700000</misses>
				<total>0</total>
				<timestamp>3673.345399</timestamp>
			</report>
			<report>
				<misses>426800000</misses>
				<total>0</total>
				<timestamp>3674.259440</timestamp>
			</report>
			<report>
				<misses>426900000</misses>
				<total>0</total>
				<timestamp>3675.151623</timestamp>
			</report>
			<report>
				<misses>427000000</misses>
				<total>0</total>
				<timestamp>3676.068452</timestamp>
			</report>
			<report>
				<misses>427100000</misses>
				<total>0</total>
				<timestamp>3676.962043</timestamp>
			</report>
			<report>
				<misses>427200000</misses>
				<total>0</total>
				<timestamp>3677.825717</timestamp>
			</report>
			<report>
				<misses>427300000</misses>
				<total>0</total>
				<timestamp>3678.668750</timestamp>
			</report>
			<report>
				<misses>427400000</misses>
				<total>0</total>
				<timestamp>3679.528489</timestamp>
			</report>
			<report>
				<misses>427500000</misses>
				<total>0</total>
				<timestamp>3680.367014</timestamp>
			</report>
			<report>
				<misses>427600000</misses>
				<total>0</total>
				<timestamp>3681.205368</timestamp>
			</report>
			<report>
				<misses>427700000</misses>
				<total>0</total>
				<timestamp>3682.020805</timestamp>
			</report>
			<report>
				<misses>427800000</misses>
				<total>0</total>
				<timestamp>3682.835563</timestamp>
			</report>
			<report>
				<misses>427900000</misses>
				<total>0</total>
				<timestamp>3683.660624</timestamp>
			</report>
			<report>
				<misses>428000000</misses>
				<total>0</total>
				<timestamp>3684.485395</timestamp>
			</report>
			<report>
				<misses>428100000</misses>
				<total>0</total>
				<timestamp>3685.361197</timestamp>
			</report>
			<report>
				<misses>428200000</misses>
				<total>0</total>
				<timestamp>3686.215665</timestamp>
			</report>
			<report>
				<misses>428300000</misses>
				<total>0</total>
				<timestamp>3687.137697</timestamp>
			</report>
			<report>
				<misses>428400000</misses>
				<total>0</total>
				<timestamp>3687.976116</timestamp>
			</report>
			<report>
				<misses>428500000</misses>
				<total>0</total>
				<timestamp>3688.884510</timestamp>
			</report>
			<report>
				<misses>428600000</misses>
				<total>0</total>
				<timestamp>3689.759098</timestamp>
			</report>
			<report>
				<misses>428700000</misses>
				<total>0</total>
				<timestamp>3690.621789</timestamp>
			</report>
			<report>
				<misses>428800000</misses>
				<total>0</total>
				<timestamp>3691.514620</timestamp>
			</report>
			<report>
				<misses>428900000</misses>
				<total>0</total>
				<timestamp>3692.386569</timestamp>
			</report>
			<report>
				<misses>429000000</misses>
				<total>0</total>
				<timestamp>3693.282399</timestamp>
			</report>
			<report>
				<misses>429100000</misses>
				<total>0</total>
				<timestamp>3694.174847</timestamp>
			</report>
			<report>
				<misses>429200000</misses>
				<total>0</total>
				<timestamp>3695.074586</timestamp>
			</report>
			<report>
				<misses>429300000</misses>
				<total>0</total>
				<timestamp>3695.965309</timestamp>
			</report>
			<report>
				<misses>429400000</misses>
				<total>0</total>
				<timestamp>3696.856512</timestamp>
			</report>
			<report>
				<misses>429500000</misses>
				<total>0</total>
				<timestamp>3697.716612</timestamp>
			</report>
			<report>
				<misses>429600000</misses>
				<total>0</total>
				<timestamp>3698.593917</timestamp>
			</report>
			<report>
				<misses>429700000</misses>
				<total>0</total>
				<timestamp>3699.417943</timestamp>
			</report>
			<report>
				<misses>429800000</misses>
				<total>0</total>
				<timestamp>3700.257928</timestamp>
			</report>
			<report>
				<misses>429900000</misses>
				<total>0</total>
				<timestamp>3701.089169</timestamp>
			</report>
			<report>
				<misses>430000000</misses>
				<total>0</total>
				<timestamp>3701.957885</timestamp>
			</report>
			<report>
				<misses>430100000</misses>
				<total>0</total>
				<timestamp>3702.803655</timestamp>
			</report>
			<report>
				<misses>430200000</misses>
				<total>0</total>
				<timestamp>3703.672097</timestamp>
			</report>
			<report>
				<misses>430300000</misses>
				<total>0</total>
				<timestamp>3704.576308</timestamp>
			</report>
			<report>
				<misses>430400000</misses>
				<total>0</total>
				<timestamp>3705.426154</timestamp>
			</report>
			<report>
				<misses>430500000</misses>
				<total>0</total>
				<timestamp>3706.318789</timestamp>
			</report>
			<report>
				<misses>430600000</misses>
				<total>0</total>
				<timestamp>3707.180157</timestamp>
			</report>
			<report>
				<misses>430700000</misses>
				<total>0</total>
				<timestamp>3708.093581</timestamp>
			</report>
			<report>
				<misses>430800000</misses>
				<total>0</total>
				<timestamp>3708.939500</timestamp>
			</report>
			<report>
				<misses>430900000</misses>
				<total>0</total>
				<timestamp>3709.824853</timestamp>
			</report>
			<report>
				<misses>431000000</misses>
				<total>0</total>
				<timestamp>3710.683907</timestamp>
			</report>
			<report>
				<misses>431100000</misses>
				<total>0</total>
				<timestamp>3711.528608</timestamp>
			</report>
			<report>
				<misses>431200000</misses>
				<total>0</total>
				<timestamp>3712.398202</timestamp>
			</report>
			<report>
				<misses>431300000</misses>
				<total>0</total>
				<timestamp>3713.235908</timestamp>
			</report>
			<report>
				<misses>431400000</misses>
				<total>0</total>
				<timestamp>3714.145062</timestamp>
			</report>
			<report>
				<misses>431500000</misses>
				<total>0</total>
				<timestamp>3715.120824</timestamp>
			</report>
			<report>
				<misses>431600000</misses>
				<total>0</total>
				<timestamp>3715.899074</timestamp>
			</report>
			<report>
				<misses>431700000</misses>
				<total>0</total>
				<timestamp>3716.714943</timestamp>
			</report>
			<report>
				<misses>431800000</misses>
				<total>0</total>
				<timestamp>3717.556156</timestamp>
			</report>
			<report>
				<misses>431900000</misses>
				<total>0</total>
				<timestamp>3718.471392</timestamp>
			</report>
			<report>
				<misses>432000000</misses>
				<total>0</total>
				<timestamp>3719.334368</timestamp>
			</report>
			<report>
				<misses>432100000</misses>
				<total>0</total>
				<timestamp>3720.205636</timestamp>
			</report>
			<report>
				<misses>432200000</misses>
				<total>0</total>
				<timestamp>3721.007751</timestamp>
			</report>
			<report>
				<misses>432300000</misses>
				<total>0</total>
				<timestamp>3721.930014</timestamp>
			</report>
			<report>
				<misses>432400000</misses>
				<total>0</total>
				<timestamp>3722.812836</timestamp>
			</report>
			<report>
				<misses>432500000</misses>
				<total>0</total>
				<timestamp>3723.670274</timestamp>
			</report>
			<report>
				<misses>432600000</misses>
				<total>0</total>
				<timestamp>3724.571575</timestamp>
			</report>
			<report>
				<misses>432700000</misses>
				<total>0</total>
				<timestamp>3725.441719</timestamp>
			</report>
			<report>
				<misses>432800000</misses>
				<total>0</total>
				<timestamp>3726.328216</timestamp>
			</report>
			<report>
				<misses>432900000</misses>
				<total>0</total>
				<timestamp>3727.180167</timestamp>
			</report>
			<report>
				<misses>433000000</misses>
				<total>0</total>
				<timestamp>3728.079533</timestamp>
			</report>
			<report>
				<misses>433100000</misses>
				<total>0</total>
				<timestamp>3729.023594</timestamp>
			</report>
			<report>
				<misses>433200000</misses>
				<total>0</total>
				<timestamp>3729.927053</timestamp>
			</report>
			<report>
				<misses>433300000</misses>
				<total>0</total>
				<timestamp>3730.794131</timestamp>
			</report>
			<report>
				<misses>433400000</misses>
				<total>0</total>
				<timestamp>3731.687440</timestamp>
			</report>
			<report>
				<misses>433500000</misses>
				<total>0</total>
				<timestamp>3732.503854</timestamp>
			</report>
			<report>
				<misses>433600000</misses>
				<total>0</total>
				<timestamp>3733.315266</timestamp>
			</report>
			<report>
				<misses>433700000</misses>
				<total>0</total>
				<timestamp>3734.118498</timestamp>
			</report>
			<report>
				<misses>433800000</misses>
				<total>0</total>
				<timestamp>3734.948863</timestamp>
			</report>
			<report>
				<misses>433900000</misses>
				<total>0</total>
				<timestamp>3735.760135</timestamp>
			</report>
			<report>
				<misses>434000000</misses>
				<total>0</total>
				<timestamp>3736.664423</timestamp>
			</report>
			<report>
				<misses>434100000</misses>
				<total>0</total>
				<timestamp>3737.491270</timestamp>
			</report>
			<report>
				<misses>434200000</misses>
				<total>0</total>
				<timestamp>3738.311505</timestamp>
			</report>
			<report>
				<misses>434300000</misses>
				<total>0</total>
				<timestamp>3739.147430</timestamp>
			</report>
			<report>
				<misses>434400000</misses>
				<total>0</total>
				<timestamp>3740.021247</timestamp>
			</report>
			<report>
				<misses>434500000</misses>
				<total>0</total>
				<timestamp>3740.933098</timestamp>
			</report>
			<report>
				<misses>434600000</misses>
				<total>0</total>
				<timestamp>3741.837026</timestamp>
			</report>
			<report>
				<misses>434700000</misses>
				<total>0</total>
				<timestamp>3742.697285</timestamp>
			</report>
			<report>
				<misses>434800000</misses>
				<total>0</total>
				<timestamp>3743.603056</timestamp>
			</report>
			<report>
				<misses>434900000</misses>
				<total>0</total>
				<timestamp>3744.564104</timestamp>
			</report>
			<report>
				<misses>435000000</misses>
				<total>0</total>
				<timestamp>3745.462621</timestamp>
			</report>
			<report>
				<misses>435100000</misses>
				<total>0</total>
				<timestamp>3746.359296</timestamp>
			</report>
			<report>
				<misses>435200000</misses>
				<total>0</total>
				<timestamp>3747.281341</timestamp>
			</report>
			<report>
				<misses>435300000</misses>
				<total>0</total>
				<timestamp>3748.152800</timestamp>
			</report>
			<report>
				<misses>435400000</misses>
				<total>0</total>
				<timestamp>3749.069981</timestamp>
			</report>
			<report>
				<misses>435500000</misses>
				<total>0</total>
				<timestamp>3749.971798</timestamp>
			</report>
			<report>
				<misses>435600000</misses>
				<total>0</total>
				<timestamp>3750.879507</timestamp>
			</report>
			<report>
				<misses>435700000</misses>
				<total>0</total>
				<timestamp>3751.712704</timestamp>
			</report>
			<report>
				<misses>435800000</misses>
				<total>0</total>
				<timestamp>3752.513419</timestamp>
			</report>
			<report>
				<misses>435900000</misses>
				<total>0</total>
				<timestamp>3753.303357</timestamp>
			</report>
			<report>
				<misses>436000000</misses>
				<total>0</total>
				<timestamp>3754.095381</timestamp>
			</report>
			<report>
				<misses>436100000</misses>
				<total>0</total>
				<timestamp>3754.980120</timestamp>
			</report>
			<report>
				<misses>436200000</misses>
				<total>0</total>
				<timestamp>3755.896799</timestamp>
			</report>
			<report>
				<misses>436300000</misses>
				<total>0</total>
				<timestamp>3756.780195</timestamp>
			</report>
			<report>
				<misses>436400000</misses>
				<total>0</total>
				<timestamp>3757.704770</timestamp>
			</report>
			<report>
				<misses>436500000</misses>
				<total>0</total>
				<timestamp>3758.527937</timestamp>
			</report>
			<report>
				<misses>436600000</misses>
				<total>0</total>
				<timestamp>3759.370301</timestamp>
			</report>
			<report>
				<misses>436700000</misses>
				<total>0</total>
				<timestamp>3760.269039</timestamp>
			</report>
			<report>
				<misses>436800000</misses>
				<total>0</total>
				<timestamp>3761.177276</timestamp>
			</report>
			<report>
				<misses>436900000</misses>
				<total>0</total>
				<timestamp>3762.115956</timestamp>
			</report>
			<report>
				<misses>437000000</misses>
				<total>0</total>
				<timestamp>3763.029926</timestamp>
			</report>
			<report>
				<misses>437100000</misses>
				<total>0</total>
				<timestamp>3763.876635</timestamp>
			</report>
			<report>
				<misses>437200000</misses>
				<total>0</total>
				<timestamp>3764.780762</timestamp>
			</report>
			<report>
				<misses>437300000</misses>
				<total>0</total>
				<timestamp>3765.654628</timestamp>
			</report>
			<report>
				<misses>437400000</misses>
				<total>0</total>
				<timestamp>3766.531631</timestamp>
			</report>
			<report>
				<misses>437500000</misses>
				<total>0</total>
				<timestamp>3767.430092</timestamp>
			</report>
			<report>
				<misses>437600000</misses>
				<total>0</total>
				<timestamp>3768.329799</timestamp>
			</report>
			<report>
				<misses>437700000</misses>
				<total>0</total>
				<timestamp>3769.207047</timestamp>
			</report>
			<report>
				<misses>437800000</misses>
				<total>0</total>
				<timestamp>3770.064417</timestamp>
			</report>
			<report>
				<misses>437900000</misses>
				<total>0</total>
				<timestamp>3770.937988</timestamp>
			</report>
			<report>
				<misses>438000000</misses>
				<total>0</total>
				<timestamp>3771.813091</timestamp>
			</report>
			<report>
				<misses>438100000</misses>
				<total>0</total>
				<timestamp>3772.607992</timestamp>
			</report>
			<report>
				<misses>438200000</misses>
				<total>0</total>
				<timestamp>3773.437395</timestamp>
			</report>
			<report>
				<misses>438300000</misses>
				<total>0</total>
				<timestamp>3774.269778</timestamp>
			</report>
			<report>
				<misses>438400000</misses>
				<total>0</total>
				<timestamp>3775.089285</timestamp>
			</report>
			<report>
				<misses>438500000</misses>
				<total>0</total>
				<timestamp>3775.884340</timestamp>
			</report>
			<report>
				<misses>438600000</misses>
				<total>0</total>
				<timestamp>3776.697664</timestamp>
			</report>
			<report>
				<misses>438700000</misses>
				<total>0</total>
				<timestamp>3777.572463</timestamp>
			</report>
			<report>
				<misses>438800000</misses>
				<total>0</total>
				<timestamp>3778.406568</timestamp>
			</report>
			<report>
				<misses>438900000</misses>
				<total>0</total>
				<timestamp>3779.324554</timestamp>
			</report>
			<report>
				<misses>439000000</misses>
				<total>0</total>
				<timestamp>3780.189892</timestamp>
			</report>
			<report>
				<misses>439100000</misses>
				<total>0</total>
				<timestamp>3781.112253</timestamp>
			</report>
			<report>
				<misses>439200000</misses>
				<total>0</total>
				<timestamp>3782.005841</timestamp>
			</report>
			<report>
				<misses>439300000</misses>
				<total>0</total>
				<timestamp>3782.859092</timestamp>
			</report>
			<report>
				<misses>439400000</misses>
				<total>0</total>
				<timestamp>3783.770079</timestamp>
			</report>
			<report>
				<misses>439500000</misses>
				<total>0</total>
				<timestamp>3784.669538</timestamp>
			</report>
			<report>
				<misses>439600000</misses>
				<total>0</total>
				<timestamp>3785.554418</timestamp>
			</report>
			<report>
				<misses>439700000</misses>
				<total>0</total>
				<timestamp>3786.510197</timestamp>
			</report>
			<report>
				<misses>439800000</misses>
				<total>0</total>
				<timestamp>3787.415493</timestamp>
			</report>
			<report>
				<misses>439900000</misses>
				<total>0</total>
				<timestamp>3788.293309</timestamp>
			</report>
			<report>
				<misses>440000000</misses>
				<total>0</total>
				<timestamp>3789.186580</timestamp>
			</report>
			<report>
				<misses>440100000</misses>
				<total>0</total>
				<timestamp>3790.138789</timestamp>
			</report>
			<report>
				<misses>440200000</misses>
				<total>0</total>
				<timestamp>3791.033168</timestamp>
			</report>
			<report>
				<misses>440300000</misses>
				<total>0</total>
				<timestamp>3791.922040</timestamp>
			</report>
			<report>
				<misses>440400000</misses>
				<total>0</total>
				<timestamp>3792.806602</timestamp>
			</report>
			<report>
				<misses>440500000</misses>
				<total>0</total>
				<timestamp>3793.676191</timestamp>
			</report>
			<report>
				<misses>440600000</misses>
				<total>0</total>
				<timestamp>3794.551156</timestamp>
			</report>
			<report>
				<misses>440700000</misses>
				<total>0</total>
				<timestamp>3795.392118</timestamp>
			</report>
			<report>
				<misses>440800000</misses>
				<total>0</total>
				<timestamp>3796.258424</timestamp>
			</report>
			<report>
				<misses>440900000</misses>
				<total>0</total>
				<timestamp>3797.044518</timestamp>
			</report>
			<report>
				<misses>441000000</misses>
				<total>0</total>
				<timestamp>3797.809490</timestamp>
			</report>
			<report>
				<misses>441100000</misses>
				<total>0</total>
				<timestamp>3798.677982</timestamp>
			</report>
			<report>
				<misses>441200000</misses>
				<total>0</total>
				<timestamp>3799.570156</timestamp>
			</report>
			<report>
				<misses>441300000</misses>
				<total>0</total>
				<timestamp>3800.436496</timestamp>
			</report>
			<report>
				<misses>441400000</misses>
				<total>0</total>
				<timestamp>3801.294513</timestamp>
			</report>
			<report>
				<misses>441500000</misses>
				<total>0</total>
				<timestamp>3802.142959</timestamp>
			</report>
			<report>
				<misses>441600000</misses>
				<total>0</total>
				<timestamp>3802.981644</timestamp>
			</report>
			<report>
				<misses>441700000</misses>
				<total>0</total>
				<timestamp>3803.830612</timestamp>
			</report>
			<report>
				<misses>441800000</misses>
				<total>0</total>
				<timestamp>3804.727921</timestamp>
			</report>
			<report>
				<misses>441900000</misses>
				<total>0</total>
				<timestamp>3805.640966</timestamp>
			</report>
			<report>
				<misses>442000000</misses>
				<total>0</total>
				<timestamp>3806.546609</timestamp>
			</report>
			<report>
				<misses>442100000</misses>
				<total>0</total>
				<timestamp>3807.438741</timestamp>
			</report>
			<report>
				<misses>442200000</misses>
				<total>0</total>
				<timestamp>3808.309567</timestamp>
			</report>
			<report>
				<misses>442300000</misses>
				<total>0</total>
				<timestamp>3809.195905</timestamp>
			</report>
			<report>
				<misses>442400000</misses>
				<total>0</total>
				<timestamp>3810.080281</timestamp>
			</report>
			<report>
				<misses>442500000</misses>
				<total>0</total>
				<timestamp>3810.939769</timestamp>
			</report>
			<report>
				<misses>442600000</misses>
				<total>0</total>
				<timestamp>3811.805128</timestamp>
			</report>
			<report>
				<misses>442700000</misses>
				<total>0</total>
				<timestamp>3812.682099</timestamp>
			</report>
			<report>
				<misses>442800000</misses>
				<total>0</total>
				<timestamp>3813.494420</timestamp>
			</report>
			<report>
				<misses>442900000</misses>
				<total>0</total>
				<timestamp>3814.427510</timestamp>
			</report>
			<report>
				<misses>443000000</misses>
				<total>0</total>
				<timestamp>3815.237170</timestamp>
			</report>
			<report>
				<misses>443100000</misses>
				<total>0</total>
				<timestamp>3816.081559</timestamp>
			</report>
			<report>
				<misses>443200000</misses>
				<total>0</total>
				<timestamp>3816.990786</timestamp>
			</report>
			<report>
				<misses>443300000</misses>
				<total>0</total>
				<timestamp>3817.835898</timestamp>
			</report>
			<report>
				<misses>443400000</misses>
				<total>0</total>
				<timestamp>3818.668743</timestamp>
			</report>
			<report>
				<misses>443500000</misses>
				<total>0</total>
				<timestamp>3819.504034</timestamp>
			</report>
			<report>
				<misses>443600000</misses>
				<total>0</total>
				<timestamp>3820.392492</timestamp>
			</report>
			<report>
				<misses>443700000</misses>
				<total>0</total>
				<timestamp>3821.277750</timestamp>
			</report>
			<report>
				<misses>443800000</misses>
				<total>0</total>
				<timestamp>3822.138986</timestamp>
			</report>
			<report>
				<misses>443900000</misses>
				<total>0</total>
				<timestamp>3823.040566</timestamp>
			</report>
			<report>
				<misses>444000000</misses>
				<total>0</total>
				<timestamp>3823.953970</timestamp>
			</report>
			<report>
				<misses>444100000</misses>
				<total>0</total>
				<timestamp>3824.770606</timestamp>
			</report>
			<report>
				<misses>444200000</misses>
				<total>0</total>
				<timestamp>3825.616158</timestamp>
			</report>
			<report>
				<misses>444300000</misses>
				<total>0</total>
				<timestamp>3826.467237</timestamp>
			</report>
			<report>
				<misses>444400000</misses>
				<total>0</total>
				<timestamp>3827.335276</timestamp>
			</report>
			<report>
				<misses>444500000</misses>
				<total>0</total>
				<timestamp>3828.207846</timestamp>
			</report>
			<report>
				<misses>444600000</misses>
				<total>0</total>
				<timestamp>3829.083672</timestamp>
			</report>
			<report>
				<misses>444700000</misses>
				<total>0</total>
				<timestamp>3830.022935</timestamp>
			</report>
			<report>
				<misses>444800000</misses>
				<total>0</total>
				<timestamp>3830.947254</timestamp>
			</report>
			<report>
				<misses>444900000</misses>
				<total>0</total>
				<timestamp>3831.792126</timestamp>
			</report>
			<report>
				<misses>445000000</misses>
				<total>0</total>
				<timestamp>3832.665271</timestamp>
			</report>
			<report>
				<misses>445100000</misses>
				<total>0</total>
				<timestamp>3833.519232</timestamp>
			</report>
			<report>
				<misses>445200000</misses>
				<total>0</total>
				<timestamp>3834.360412</timestamp>
			</report>
			<report>
				<misses>445300000</misses>
				<total>0</total>
				<timestamp>3835.212608</timestamp>
			</report>
			<report>
				<misses>445400000</misses>
				<total>0</total>
				<timestamp>3836.067961</timestamp>
			</report>
			<report>
				<misses>445500000</misses>
				<total>0</total>
				<timestamp>3836.889429</timestamp>
			</report>
			<report>
				<misses>445600000</misses>
				<total>0</total>
				<timestamp>3837.738870</timestamp>
			</report>
			<report>
				<misses>445700000</misses>
				<total>0</total>
				<timestamp>3838.541311</timestamp>
			</report>
			<report>
				<misses>445800000</misses>
				<total>0</total>
				<timestamp>3839.367389</timestamp>
			</report>
			<report>
				<misses>445900000</misses>
				<total>0</total>
				<timestamp>3840.281166</timestamp>
			</report>
			<report>
				<misses>446000000</misses>
				<total>0</total>
				<timestamp>3841.101239</timestamp>
			</report>
			<report>
				<misses>446100000</misses>
				<total>0</total>
				<timestamp>3841.953929</timestamp>
			</report>
			<report>
				<misses>446200000</misses>
				<total>0</total>
				<timestamp>3842.833473</timestamp>
			</report>
			<report>
				<misses>446300000</misses>
				<total>0</total>
				<timestamp>3843.689698</timestamp>
			</report>
			<report>
				<misses>446400000</misses>
				<total>0</total>
				<timestamp>3844.569612</timestamp>
			</report>
			<report>
				<misses>446500000</misses>
				<total>0</total>
				<timestamp>3845.381627</timestamp>
			</report>
			<report>
				<misses>446600000</misses>
				<total>0</total>
				<timestamp>3846.217709</timestamp>
			</report>
			<report>
				<misses>446700000</misses>
				<total>0</total>
				<timestamp>3847.106327</timestamp>
			</report>
			<report>
				<misses>446800000</misses>
				<total>0</total>
				<timestamp>3847.962092</timestamp>
			</report>
			<report>
				<misses>446900000</misses>
				<total>0</total>
				<timestamp>3848.862215</timestamp>
			</report>
			<report>
				<misses>447000000</misses>
				<total>0</total>
				<timestamp>3849.727135</timestamp>
			</report>
			<report>
				<misses>447100000</misses>
				<total>0</total>
				<timestamp>3850.586893</timestamp>
			</report>
			<report>
				<misses>447200000</misses>
				<total>0</total>
				<timestamp>3851.447532</timestamp>
			</report>
			<report>
				<misses>447300000</misses>
				<total>0</total>
				<timestamp>3852.353227</timestamp>
			</report>
			<report>
				<misses>447400000</misses>
				<total>0</total>
				<timestamp>3853.155469</timestamp>
			</report>
			<report>
				<misses>447500000</misses>
				<total>0</total>
				<timestamp>3853.982864</timestamp>
			</report>
			<report>
				<misses>447600000</misses>
				<total>0</total>
				<timestamp>3854.792817</timestamp>
			</report>
			<report>
				<misses>447700000</misses>
				<total>0</total>
				<timestamp>3855.583223</timestamp>
			</report>
			<report>
				<misses>447800000</misses>
				<total>0</total>
				<timestamp>3856.373462</timestamp>
			</report>
			<report>
				<misses>447900000</misses>
				<total>0</total>
				<timestamp>3857.193078</timestamp>
			</report>
			<report>
				<misses>448000000</misses>
				<total>0</total>
				<timestamp>3858.052002</timestamp>
			</report>
			<report>
				<misses>448100000</misses>
				<total>0</total>
				<timestamp>3858.925381</timestamp>
			</report>
			<report>
				<misses>448200000</misses>
				<total>0</total>
				<timestamp>3859.715329</timestamp>
			</report>
			<report>
				<misses>448300000</misses>
				<total>0</total>
				<timestamp>3860.590505</timestamp>
			</report>
			<report>
				<misses>448400000</misses>
				<total>0</total>
				<timestamp>3861.427839</timestamp>
			</report>
			<report>
				<misses>448500000</misses>
				<total>0</total>
				<timestamp>3862.304446</timestamp>
			</report>
			<report>
				<misses>448600000</misses>
				<total>0</total>
				<timestamp>3863.144469</timestamp>
			</report>
			<report>
				<misses>448700000</misses>
				<total>0</total>
				<timestamp>3864.021879</timestamp>
			</report>
			<report>
				<misses>448800000</misses>
				<total>0</total>
				<timestamp>3864.878070</timestamp>
			</report>
			<report>
				<misses>448900000</misses>
				<total>0</total>
				<timestamp>3865.706905</timestamp>
			</report>
			<report>
				<misses>449000000</misses>
				<total>0</total>
				<timestamp>3866.567250</timestamp>
			</report>
			<report>
				<misses>449100000</misses>
				<total>0</total>
				<timestamp>3867.435347</timestamp>
			</report>
			<report>
				<misses>449200000</misses>
				<total>0</total>
				<timestamp>3868.301774</timestamp>
			</report>
			<report>
				<misses>449300000</misses>
				<total>0</total>
				<timestamp>3869.113557</timestamp>
			</report>
			<report>
				<misses>449400000</misses>
				<total>0</total>
				<timestamp>3869.962264</timestamp>
			</report>
			<report>
				<misses>449500000</misses>
				<total>0</total>
				<timestamp>3870.851119</timestamp>
			</report>
			<report>
				<misses>449600000</misses>
				<total>0</total>
				<timestamp>3871.687729</timestamp>
			</report>
			<report>
				<misses>449700000</misses>
				<total>0</total>
				<timestamp>3872.502881</timestamp>
			</report>
			<report>
				<misses>449800000</misses>
				<total>0</total>
				<timestamp>3873.299757</timestamp>
			</report>
			<report>
				<misses>449900000</misses>
				<total>0</total>
				<timestamp>3874.157545</timestamp>
			</report>
			<report>
				<misses>450000000</misses>
				<total>0</total>
				<timestamp>3875.012332</timestamp>
			</report>
			<report>
				<misses>450100000</misses>
				<total>0</total>
				<timestamp>3875.840379</timestamp>
			</report>
			<report>
				<misses>450200000</misses>
				<total>0</total>
				<timestamp>3876.643438</timestamp>
			</report>
			<report>
				<misses>450300000</misses>
				<total>0</total>
				<timestamp>3877.452794</timestamp>
			</report>
			<report>
				<misses>450400000</misses>
				<total>0</total>
				<timestamp>3878.282891</timestamp>
			</report>
			<report>
				<misses>450500000</misses>
				<total>0</total>
				<timestamp>3879.100550</timestamp>
			</report>
			<report>
				<misses>450600000</misses>
				<total>0</total>
				<timestamp>3879.941510</timestamp>
			</report>
			<report>
				<misses>450700000</misses>
				<total>0</total>
				<timestamp>3880.796199</timestamp>
			</report>
			<report>
				<misses>450800000</misses>
				<total>0</total>
				<timestamp>3881.673839</timestamp>
			</report>
			<report>
				<misses>450900000</misses>
				<total>0</total>
				<timestamp>3882.524137</timestamp>
			</report>
			<report>
				<misses>451000000</misses>
				<total>0</total>
				<timestamp>3883.355592</timestamp>
			</report>
			<report>
				<misses>451100000</misses>
				<total>0</total>
				<timestamp>3884.209674</timestamp>
			</report>
			<report>
				<misses>451200000</misses>
				<total>0</total>
				<timestamp>3885.046130</timestamp>
			</report>
			<report>
				<misses>451300000</misses>
				<total>0</total>
				<timestamp>3885.874446</timestamp>
			</report>
			<report>
				<misses>451400000</misses>
				<total>0</total>
				<timestamp>3886.724728</timestamp>
			</report>
			<report>
				<misses>451500000</misses>
				<total>0</total>
				<timestamp>3887.621136</timestamp>
			</report>
			<report>
				<misses>451600000</misses>
				<total>0</total>
				<timestamp>3888.442971</timestamp>
			</report>
			<report>
				<misses>451700000</misses>
				<total>0</total>
				<timestamp>3889.305119</timestamp>
			</report>
			<report>
				<misses>451800000</misses>
				<total>0</total>
				<timestamp>3890.122596</timestamp>
			</report>
			<report>
				<misses>451900000</misses>
				<total>0</total>
				<timestamp>3890.931921</timestamp>
			</report>
			<report>
				<misses>452000000</misses>
				<total>0</total>
				<timestamp>3891.755143</timestamp>
			</report>
			<report>
				<misses>452100000</misses>
				<total>0</total>
				<timestamp>3892.552867</timestamp>
			</report>
			<report>
				<misses>452200000</misses>
				<total>0</total>
				<timestamp>3893.388096</timestamp>
			</report>
			<report>
				<misses>452300000</misses>
				<total>0</total>
				<timestamp>3894.256456</timestamp>
			</report>
			<report>
				<misses>452400000</misses>
				<total>0</total>
				<timestamp>3895.082775</timestamp>
			</report>
			<report>
				<misses>452500000</misses>
				<total>0</total>
				<timestamp>3895.879704</timestamp>
			</report>
			<report>
				<misses>452600000</misses>
				<total>0</total>
				<timestamp>3896.703524</timestamp>
			</report>
			<report>
				<misses>452700000</misses>
				<total>0</total>
				<timestamp>3897.511998</timestamp>
			</report>
			<report>
				<misses>452800000</misses>
				<total>0</total>
				<timestamp>3898.390493</timestamp>
			</report>
			<report>
				<misses>452900000</misses>
				<total>0</total>
				<timestamp>3899.243132</timestamp>
			</report>
			<report>
				<misses>453000000</misses>
				<total>0</total>
				<timestamp>3900.122628</timestamp>
			</report>
			<report>
				<misses>453100000</misses>
				<total>0</total>
				<timestamp>3901.016942</timestamp>
			</report>
			<report>
				<misses>453200000</misses>
				<total>0</total>
				<timestamp>3901.907830</timestamp>
			</report>
			<report>
				<misses>453300000</misses>
				<total>0</total>
				<timestamp>3902.796193</timestamp>
			</report>
			<report>
				<misses>453400000</misses>
				<total>0</total>
				<timestamp>3903.651231</timestamp>
			</report>
			<report>
				<misses>453500000</misses>
				<total>0</total>
				<timestamp>3904.490932</timestamp>
			</report>
			<report>
				<misses>453600000</misses>
				<total>0</total>
				<timestamp>3905.393528</timestamp>
			</report>
			<report>
				<misses>453700000</misses>
				<total>0</total>
				<timestamp>3906.279911</timestamp>
			</report>
			<report>
				<misses>453800000</misses>
				<total>0</total>
				<timestamp>3907.199913</timestamp>
			</report>
			<report>
				<misses>453900000</misses>
				<total>0</total>
				<timestamp>3908.072099</timestamp>
			</report>
			<report>
				<misses>454000000</misses>
				<total>0</total>
				<timestamp>3908.892955</timestamp>
			</report>
			<report>
				<misses>454100000</misses>
				<total>0</total>
				<timestamp>3909.755572</timestamp>
			</report>
			<report>
				<misses>454200000</misses>
				<total>0</total>
				<timestamp>3910.642903</timestamp>
			</report>
			<report>
				<misses>454300000</misses>
				<total>0</total>
				<timestamp>3911.469592</timestamp>
			</report>
			<report>
				<misses>454400000</misses>
				<total>0</total>
				<timestamp>3912.316353</timestamp>
			</report>
			<report>
				<misses>454500000</misses>
				<total>0</total>
				<timestamp>3913.126395</timestamp>
			</report>
			<report>
				<misses>454600000</misses>
				<total>0</total>
				<timestamp>3913.962242</timestamp>
			</report>
			<report>
				<misses>454700000</misses>
				<total>0</total>
				<timestamp>3914.798811</timestamp>
			</report>
			<report>
				<misses>454800000</misses>
				<total>0</total>
				<timestamp>3915.608094</timestamp>
			</report>
			<report>
				<misses>454900000</misses>
				<total>0</total>
				<timestamp>3916.432233</timestamp>
			</report>
			<report>
				<misses>455000000</misses>
				<total>0</total>
				<timestamp>3917.245710</timestamp>
			</report>
			<report>
				<misses>455100000</misses>
				<total>0</total>
				<timestamp>3918.031008</timestamp>
			</report>
			<report>
				<misses>455200000</misses>
				<total>0</total>
				<timestamp>3918.941977</timestamp>
			</report>
			<report>
				<misses>455300000</misses>
				<total>0</total>
				<timestamp>3919.756848</timestamp>
			</report>
			<report>
				<misses>455400000</misses>
				<total>0</total>
				<timestamp>3920.628173</timestamp>
			</report>
			<report>
				<misses>455500000</misses>
				<total>0</total>
				<timestamp>3921.461056</timestamp>
			</report>
			<report>
				<misses>455600000</misses>
				<total>0</total>
				<timestamp>3922.331840</timestamp>
			</report>
			<report>
				<misses>455700000</misses>
				<total>0</total>
				<timestamp>3923.198039</timestamp>
			</report>
			<report>
				<misses>455800000</misses>
				<total>0</total>
				<timestamp>3924.012673</timestamp>
			</report>
			<report>
				<misses>455900000</misses>
				<total>0</total>
				<timestamp>3924.847968</timestamp>
			</report>
			<report>
				<misses>456000000</misses>
				<total>0</total>
				<timestamp>3925.688201</timestamp>
			</report>
			<report>
				<misses>456100000</misses>
				<total>0</total>
				<timestamp>3926.555451</timestamp>
			</report>
			<report>
				<misses>456200000</misses>
				<total>0</total>
				<timestamp>3927.398794</timestamp>
			</report>
			<report>
				<misses>456300000</misses>
				<total>0</total>
				<timestamp>3928.268918</timestamp>
			</report>
			<report>
				<misses>456400000</misses>
				<total>0</total>
				<timestamp>3929.108098</timestamp>
			</report>
			<report>
				<misses>456500000</misses>
				<total>0</total>
				<timestamp>3929.956108</timestamp>
			</report>
			<report>
				<misses>456600000</misses>
				<total>0</total>
				<timestamp>3930.820387</timestamp>
			</report>
			<report>
				<misses>456700000</misses>
				<total>0</total>
				<timestamp>3931.702574</timestamp>
			</report>
			<report>
				<misses>456800000</misses>
				<total>0</total>
				<timestamp>3932.544098</timestamp>
			</report>
			<report>
				<misses>456900000</misses>
				<total>0</total>
				<timestamp>3933.348769</timestamp>
			</report>
			<report>
				<misses>457000000</misses>
				<total>0</total>
				<timestamp>3934.150607</timestamp>
			</report>
			<report>
				<misses>457100000</misses>
				<total>0</total>
				<timestamp>3934.977101</timestamp>
			</report>
			<report>
				<misses>457200000</misses>
				<total>0</total>
				<timestamp>3935.804629</timestamp>
			</report>
			<report>
				<misses>457300000</misses>
				<total>0</total>
				<timestamp>3936.588416</timestamp>
			</report>
			<report>
				<misses>457400000</misses>
				<total>0</total>
				<timestamp>3937.409122</timestamp>
			</report>
			<report>
				<misses>457500000</misses>
				<total>0</total>
				<timestamp>3938.195664</timestamp>
			</report>
			<report>
				<misses>457600000</misses>
				<total>0</total>
				<timestamp>3939.017076</timestamp>
			</report>
			<report>
				<misses>457700000</misses>
				<total>0</total>
				<timestamp>3939.889965</timestamp>
			</report>
			<report>
				<misses>457800000</misses>
				<total>0</total>
				<timestamp>3940.737329</timestamp>
			</report>
			<report>
				<misses>457900000</misses>
				<total>0</total>
				<timestamp>3941.644567</timestamp>
			</report>
			<report>
				<misses>458000000</misses>
				<total>0</total>
				<timestamp>3942.454664</timestamp>
			</report>
			<report>
				<misses>458100000</misses>
				<total>0</total>
				<timestamp>3943.331144</timestamp>
			</report>
			<report>
				<misses>458200000</misses>
				<total>0</total>
				<timestamp>3944.164037</timestamp>
			</report>
			<report>
				<misses>458300000</misses>
				<total>0</total>
				<timestamp>3945.002404</timestamp>
			</report>
			<report>
				<misses>458400000</misses>
				<total>0</total>
				<timestamp>3945.847895</timestamp>
			</report>
			<report>
				<misses>458500000</misses>
				<total>0</total>
				<timestamp>3946.680364</timestamp>
			</report>
			<report>
				<misses>458600000</misses>
				<total>0</total>
				<timestamp>3947.526328</timestamp>
			</report>
			<report>
				<misses>458700000</misses>
				<total>0</total>
				<timestamp>3948.394622</timestamp>
			</report>
			<report>
				<misses>458800000</misses>
				<total>0</total>
				<timestamp>3949.289386</timestamp>
			</report>
			<report>
				<misses>458900000</misses>
				<total>0</total>
				<timestamp>3950.188502</timestamp>
			</report>
			<report>
				<misses>459000000</misses>
				<total>0</total>
				<timestamp>3951.006879</timestamp>
			</report>
			<report>
				<misses>459100000</misses>
				<total>0</total>
				<timestamp>3951.819913</timestamp>
			</report>
			<report>
				<misses>459200000</misses>
				<total>0</total>
				<timestamp>3952.626463</timestamp>
			</report>
			<report>
				<misses>459300000</misses>
				<total>0</total>
				<timestamp>3953.420964</timestamp>
			</report>
			<report>
				<misses>459400000</misses>
				<total>0</total>
				<timestamp>3954.289466</timestamp>
			</report>
			<report>
				<misses>459500000</misses>
				<total>0</total>
				<timestamp>3955.109986</timestamp>
			</report>
			<report>
				<misses>459600000</misses>
				<total>0</total>
				<timestamp>3955.944574</timestamp>
			</report>
			<report>
				<misses>459700000</misses>
				<total>0</total>
				<timestamp>3956.740718</timestamp>
			</report>
			<report>
				<misses>459800000</misses>
				<total>0</total>
				<timestamp>3957.566170</timestamp>
			</report>
			<report>
				<misses>459900000</misses>
				<total>0</total>
				<timestamp>3958.429588</timestamp>
			</report>
			<report>
				<misses>460000000</misses>
				<total>0</total>
				<timestamp>3959.265898</timestamp>
			</report>
			<report>
				<misses>460100000</misses>
				<total>0</total>
				<timestamp>3960.129941</timestamp>
			</report>
			<report>
				<misses>460200000</misses>
				<total>0</total>
				<timestamp>3961.006435</timestamp>
			</report>
			<report>
				<misses>460300000</misses>
				<total>0</total>
				<timestamp>3961.847516</timestamp>
			</report>
			<report>
				<misses>460400000</misses>
				<total>0</total>
				<timestamp>3962.724219</timestamp>
			</report>
			<report>
				<misses>460500000</misses>
				<total>0</total>
				<timestamp>3963.578489</timestamp>
			</report>
			<report>
				<misses>460600000</misses>
				<total>0</total>
				<timestamp>3964.434981</timestamp>
			</report>
			<report>
				<misses>460700000</misses>
				<total>0</total>
				<timestamp>3965.307745</timestamp>
			</report>
			<report>
				<misses>460800000</misses>
				<total>0</total>
				<timestamp>3966.193203</timestamp>
			</report>
			<report>
				<misses>460900000</misses>
				<total>0</total>
				<timestamp>3967.092903</timestamp>
			</report>
			<report>
				<misses>461000000</misses>
				<total>0</total>
				<timestamp>3967.966812</timestamp>
			</report>
			<report>
				<misses>461100000</misses>
				<total>0</total>
				<timestamp>3968.839031</timestamp>
			</report>
			<report>
				<misses>461200000</misses>
				<total>0</total>
				<timestamp>3969.665493</timestamp>
			</report>
			<report>
				<misses>461300000</misses>
				<total>0</total>
				<timestamp>3970.542775</timestamp>
			</report>
			<report>
				<misses>461400000</misses>
				<total>0</total>
				<timestamp>3971.376880</timestamp>
			</report>
			<report>
				<misses>461500000</misses>
				<total>0</total>
				<timestamp>3972.243092</timestamp>
			</report>
			<report>
				<misses>461600000</misses>
				<total>0</total>
				<timestamp>3973.113863</timestamp>
			</report>
			<report>
				<misses>461700000</misses>
				<total>0</total>
				<timestamp>3973.896532</timestamp>
			</report>
			<report>
				<misses>461800000</misses>
				<total>0</total>
				<timestamp>3974.732516</timestamp>
			</report>
			<report>
				<misses>461900000</misses>
				<total>0</total>
				<timestamp>3975.522119</timestamp>
			</report>
			<report>
				<misses>462000000</misses>
				<total>0</total>
				<timestamp>3976.332365</timestamp>
			</report>
			<report>
				<misses>462100000</misses>
				<total>0</total>
				<timestamp>3977.149692</timestamp>
			</report>
			<report>
				<misses>462200000</misses>
				<total>0</total>
				<timestamp>3977.953558</timestamp>
			</report>
			<report>
				<misses>462300000</misses>
				<total>0</total>
				<timestamp>3978.759186</timestamp>
			</report>
			<report>
				<misses>462400000</misses>
				<total>0</total>
				<timestamp>3979.616118</timestamp>
			</report>
			<report>
				<misses>462500000</misses>
				<total>0</total>
				<timestamp>3980.489387</timestamp>
			</report>
			<report>
				<misses>462600000</misses>
				<total>0</total>
				<timestamp>3981.372484</timestamp>
			</report>
			<report>
				<misses>462700000</misses>
				<total>0</total>
				<timestamp>3982.175412</timestamp>
			</report>
			<report>
				<misses>462800000</misses>
				<total>0</total>
				<timestamp>3983.085764</timestamp>
			</report>
			<report>
				<misses>462900000</misses>
				<total>0</total>
				<timestamp>3983.957608</timestamp>
			</report>
			<report>
				<misses>463000000</misses>
				<total>0</total>
				<timestamp>3984.832503</timestamp>
			</report>
			<report>
				<misses>463100000</misses>
				<total>0</total>
				<timestamp>3985.708058</timestamp>
			</report>
			<report>
				<misses>463200000</misses>
				<total>0</total>
				<timestamp>3986.523068</timestamp>
			</report>
			<report>
				<misses>463300000</misses>
				<total>0</total>
				<timestamp>3987.369023</timestamp>
			</report>
			<report>
				<misses>463400000</misses>
				<total>0</total>
				<timestamp>3988.211337</timestamp>
			</report>
			<report>
				<misses>463500000</misses>
				<total>0</total>
				<timestamp>3989.069024</timestamp>
			</report>
			<report>
				<misses>463600000</misses>
				<total>0</total>
				<timestamp>3989.897325</timestamp>
			</report>
			<report>
				<misses>463700000</misses>
				<total>0</total>
				<timestamp>3990.724530</timestamp>
			</report>
			<report>
				<misses>463800000</misses>
				<total>0</total>
				<timestamp>3991.505978</timestamp>
			</report>
			<report>
				<misses>463900000</misses>
				<total>0</total>
				<timestamp>3992.297115</timestamp>
			</report>
			<report>
				<misses>464000000</misses>
				<total>0</total>
				<timestamp>3993.104844</timestamp>
			</report>
			<report>
				<misses>464100000</misses>
				<total>0</total>
				<timestamp>3993.950300</timestamp>
			</report>
			<report>
				<misses>464200000</misses>
				<total>0</total>
				<timestamp>3994.746321</timestamp>
			</report>
			<report>
				<misses>464300000</misses>
				<total>0</total>
				<timestamp>3995.530509</timestamp>
			</report>
			<report>
				<misses>464400000</misses>
				<total>0</total>
				<timestamp>3996.410181</timestamp>
			</report>
			<report>
				<misses>464500000</misses>
				<total>0</total>
				<timestamp>3997.177515</timestamp>
			</report>
			<report>
				<misses>464600000</misses>
				<total>0</total>
				<timestamp>3998.024421</timestamp>
			</report>
			<report>
				<misses>464700000</misses>
				<total>0</total>
				<timestamp>3998.911294</timestamp>
			</report>
			<report>
				<misses>464800000</misses>
				<total>0</total>
				<timestamp>3999.743035</timestamp>
			</report>
			<report>
				<misses>464900000</misses>
				<total>0</total>
				<timestamp>4000.573352</timestamp>
			</report>
			<report>
				<misses>465000000</misses>
				<total>0</total>
				<timestamp>4001.409773</timestamp>
			</report>
			<report>
				<misses>465100000</misses>
				<total>0</total>
				<timestamp>4002.258870</timestamp>
			</report>
			<report>
				<misses>465200000</misses>
				<total>0</total>
				<timestamp>4003.128813</timestamp>
			</report>
			<report>
				<misses>465300000</misses>
				<total>0</total>
				<timestamp>4003.977867</timestamp>
			</report>
			<report>
				<misses>465400000</misses>
				<total>0</total>
				<timestamp>4004.871159</timestamp>
			</report>
			<report>
				<misses>465500000</misses>
				<total>0</total>
				<timestamp>4005.726567</timestamp>
			</report>
			<report>
				<misses>465600000</misses>
				<total>0</total>
				<timestamp>4006.614995</timestamp>
			</report>
			<report>
				<misses>465700000</misses>
				<total>0</total>
				<timestamp>4007.548639</timestamp>
			</report>
			<report>
				<misses>465800000</misses>
				<total>0</total>
				<timestamp>4008.387658</timestamp>
			</report>
			<report>
				<misses>465900000</misses>
				<total>0</total>
				<timestamp>4009.268261</timestamp>
			</report>
			<report>
				<misses>466000000</misses>
				<total>0</total>
				<timestamp>4010.205792</timestamp>
			</report>
			<report>
				<misses>466100000</misses>
				<total>0</total>
				<timestamp>4011.095068</timestamp>
			</report>
			<report>
				<misses>466200000</misses>
				<total>0</total>
				<timestamp>4011.980887</timestamp>
			</report>
			<report>
				<misses>466300000</misses>
				<total>0</total>
				<timestamp>4012.837158</timestamp>
			</report>
			<report>
				<misses>466400000</misses>
				<total>0</total>
				<timestamp>4013.675501</timestamp>
			</report>
			<report>
				<misses>466500000</misses>
				<total>0</total>
				<timestamp>4014.524289</timestamp>
			</report>
			<report>
				<misses>466600000</misses>
				<total>0</total>
				<timestamp>4015.350550</timestamp>
			</report>
			<report>
				<misses>466700000</misses>
				<total>0</total>
				<timestamp>4016.201496</timestamp>
			</report>
			<report>
				<misses>466800000</misses>
				<total>0</total>
				<timestamp>4017.030763</timestamp>
			</report>
			<report>
				<misses>466900000</misses>
				<total>0</total>
				<timestamp>4017.846787</timestamp>
			</report>
			<report>
				<misses>467000000</misses>
				<total>0</total>
				<timestamp>4018.652943</timestamp>
			</report>
			<report>
				<misses>467100000</misses>
				<total>0</total>
				<timestamp>4019.467361</timestamp>
			</report>
			<report>
				<misses>467200000</misses>
				<total>0</total>
				<timestamp>4020.279521</timestamp>
			</report>
			<report>
				<misses>467300000</misses>
				<total>0</total>
				<timestamp>4021.078927</timestamp>
			</report>
			<report>
				<misses>467400000</misses>
				<total>0</total>
				<timestamp>4021.943398</timestamp>
			</report>
			<report>
				<misses>467500000</misses>
				<total>0</total>
				<timestamp>4022.788643</timestamp>
			</report>
			<report>
				<misses>467600000</misses>
				<total>0</total>
				<timestamp>4023.663526</timestamp>
			</report>
			<report>
				<misses>467700000</misses>
				<total>0</total>
				<timestamp>4024.516907</timestamp>
			</report>
			<report>
				<misses>467800000</misses>
				<total>0</total>
				<timestamp>4025.452785</timestamp>
			</report>
			<report>
				<misses>467900000</misses>
				<total>0</total>
				<timestamp>4026.311688</timestamp>
			</report>
			<report>
				<misses>468000000</misses>
				<total>0</total>
				<timestamp>4027.148103</timestamp>
			</report>
			<report>
				<misses>468100000</misses>
				<total>0</total>
				<timestamp>4027.989817</timestamp>
			</report>
			<report>
				<misses>468200000</misses>
				<total>0</total>
				<timestamp>4028.872118</timestamp>
			</report>
			<report>
				<misses>468300000</misses>
				<total>0</total>
				<timestamp>4029.750256</timestamp>
			</report>
			<report>
				<misses>468400000</misses>
				<total>0</total>
				<timestamp>4030.606257</timestamp>
			</report>
			<report>
				<misses>468500000</misses>
				<total>0</total>
				<timestamp>4031.452685</timestamp>
			</report>
			<report>
				<misses>468600000</misses>
				<total>0</total>
				<timestamp>4032.323143</timestamp>
			</report>
			<report>
				<misses>468700000</misses>
				<total>0</total>
				<timestamp>4033.217303</timestamp>
			</report>
			<report>
				<misses>468800000</misses>
				<total>0</total>
				<timestamp>4034.104563</timestamp>
			</report>
			<report>
				<misses>468900000</misses>
				<total>0</total>
				<timestamp>4034.933480</timestamp>
			</report>
			<report>
				<misses>469000000</misses>
				<total>0</total>
				<timestamp>4035.805416</timestamp>
			</report>
			<report>
				<misses>469100000</misses>
				<total>0</total>
				<timestamp>4036.694535</timestamp>
			</report>
			<report>
				<misses>469200000</misses>
				<total>0</total>
				<timestamp>4037.585223</timestamp>
			</report>
			<report>
				<misses>469300000</misses>
				<total>0</total>
				<timestamp>4038.441317</timestamp>
			</report>
			<report>
				<misses>469400000</misses>
				<total>0</total>
				<timestamp>4039.323144</timestamp>
			</report>
			<report>
				<misses>469500000</misses>
				<total>0</total>
				<timestamp>4040.180943</timestamp>
			</report>
			<report>
				<misses>469600000</misses>
				<total>0</total>
				<timestamp>4041.063499</timestamp>
			</report>
			<report>
				<misses>469700000</misses>
				<total>0</total>
				<timestamp>4041.914869</timestamp>
			</report>
			<report>
				<misses>469800000</misses>
				<total>0</total>
				<timestamp>4042.804946</timestamp>
			</report>
			<report>
				<misses>469900000</misses>
				<total>0</total>
				<timestamp>4043.715690</timestamp>
			</report>
			<report>
				<misses>470000000</misses>
				<total>0</total>
				<timestamp>4044.603449</timestamp>
			</report>
			<report>
				<misses>470100000</misses>
				<total>0</total>
				<timestamp>4045.473349</timestamp>
			</report>
			<report>
				<misses>470200000</misses>
				<total>0</total>
				<timestamp>4046.285883</timestamp>
			</report>
			<report>
				<misses>470300000</misses>
				<total>0</total>
				<timestamp>4047.098406</timestamp>
			</report>
			<report>
				<misses>470400000</misses>
				<total>0</total>
				<timestamp>4047.896883</timestamp>
			</report>
			<report>
				<misses>470500000</misses>
				<total>0</total>
				<timestamp>4048.704843</timestamp>
			</report>
			<report>
				<misses>470600000</misses>
				<total>0</total>
				<timestamp>4049.575379</timestamp>
			</report>
			<report>
				<misses>470700000</misses>
				<total>0</total>
				<timestamp>4050.430737</timestamp>
			</report>
			<report>
				<misses>470800000</misses>
				<total>0</total>
				<timestamp>4051.277528</timestamp>
			</report>
			<report>
				<misses>470900000</misses>
				<total>0</total>
				<timestamp>4052.109897</timestamp>
			</report>
			<report>
				<misses>471000000</misses>
				<total>0</total>
				<timestamp>4052.961675</timestamp>
			</report>
			<report>
				<misses>471100000</misses>
				<total>0</total>
				<timestamp>4053.830475</timestamp>
			</report>
			<report>
				<misses>471200000</misses>
				<total>0</total>
				<timestamp>4054.699064</timestamp>
			</report>
			<report>
				<misses>471300000</misses>
				<total>0</total>
				<timestamp>4055.592411</timestamp>
			</report>
			<report>
				<misses>471400000</misses>
				<total>0</total>
				<timestamp>4056.497739</timestamp>
			</report>
			<report>
				<misses>471500000</misses>
				<total>0</total>
				<timestamp>4057.372399</timestamp>
			</report>
			<report>
				<misses>471600000</misses>
				<total>0</total>
				<timestamp>4058.210601</timestamp>
			</report>
			<report>
				<misses>471700000</misses>
				<total>0</total>
				<timestamp>4059.096871</timestamp>
			</report>
			<report>
				<misses>471800000</misses>
				<total>0</total>
				<timestamp>4059.994713</timestamp>
			</report>
			<report>
				<misses>471900000</misses>
				<total>0</total>
				<timestamp>4060.922614</timestamp>
			</report>
			<report>
				<misses>472000000</misses>
				<total>0</total>
				<timestamp>4061.803121</timestamp>
			</report>
			<report>
				<misses>472100000</misses>
				<total>0</total>
				<timestamp>4062.688312</timestamp>
			</report>
			<report>
				<misses>472200000</misses>
				<total>0</total>
				<timestamp>4063.538642</timestamp>
			</report>
			<report>
				<misses>472300000</misses>
				<total>0</total>
				<timestamp>4064.343942</timestamp>
			</report>
			<report>
				<misses>472400000</misses>
				<total>0</total>
				<timestamp>4065.176859</timestamp>
			</report>
			<report>
				<misses>472500000</misses>
				<total>0</total>
				<timestamp>4066.078906</timestamp>
			</report>
			<report>
				<misses>472600000</misses>
				<total>0</total>
				<timestamp>4066.919328</timestamp>
			</report>
			<report>
				<misses>472700000</misses>
				<total>0</total>
				<timestamp>4067.724585</timestamp>
			</report>
			<report>
				<misses>472800000</misses>
				<total>0</total>
				<timestamp>4068.574100</timestamp>
			</report>
			<report>
				<misses>472900000</misses>
				<total>0</total>
				<timestamp>4069.353313</timestamp>
			</report>
			<report>
				<misses>473000000</misses>
				<total>0</total>
				<timestamp>4070.217251</timestamp>
			</report>
			<report>
				<misses>473100000</misses>
				<total>0</total>
				<timestamp>4071.066634</timestamp>
			</report>
			<report>
				<misses>473200000</misses>
				<total>0</total>
				<timestamp>4071.985411</timestamp>
			</report>
			<report>
				<misses>473300000</misses>
				<total>0</total>
				<timestamp>4072.792225</timestamp>
			</report>
			<report>
				<misses>473400000</misses>
				<total>0</total>
				<timestamp>4073.674949</timestamp>
			</report>
			<report>
				<misses>473500000</misses>
				<total>0</total>
				<timestamp>4074.537532</timestamp>
			</report>
			<report>
				<misses>473600000</misses>
				<total>0</total>
				<timestamp>4075.375144</timestamp>
			</report>
			<report>
				<misses>473700000</misses>
				<total>0</total>
				<timestamp>4076.239388</timestamp>
			</report>
			<report>
				<misses>473800000</misses>
				<total>0</total>
				<timestamp>4077.110518</timestamp>
			</report>
			<report>
				<misses>473900000</misses>
				<total>0</total>
				<timestamp>4078.010529</timestamp>
			</report>
			<report>
				<misses>474000000</misses>
				<total>0</total>
				<timestamp>4078.866780</timestamp>
			</report>
			<report>
				<misses>474100000</misses>
				<total>0</total>
				<timestamp>4079.739149</timestamp>
			</report>
			<report>
				<misses>474200000</misses>
				<total>0</total>
				<timestamp>4080.646486</timestamp>
			</report>
			<report>
				<misses>474300000</misses>
				<total>0</total>
				<timestamp>4081.503317</timestamp>
			</report>
			<report>
				<misses>474400000</misses>
				<total>0</total>
				<timestamp>4082.377228</timestamp>
			</report>
			<report>
				<misses>474500000</misses>
				<total>0</total>
				<timestamp>4083.315198</timestamp>
			</report>
			<report>
				<misses>474600000</misses>
				<total>0</total>
				<timestamp>4084.198669</timestamp>
			</report>
			<report>
				<misses>474700000</misses>
				<total>0</total>
				<timestamp>4085.126416</timestamp>
			</report>
			<report>
				<misses>474800000</misses>
				<total>0</total>
				<timestamp>4086.022825</timestamp>
			</report>
			<report>
				<misses>474900000</misses>
				<total>0</total>
				<timestamp>4086.885557</timestamp>
			</report>
			<report>
				<misses>475000000</misses>
				<total>0</total>
				<timestamp>4087.757185</timestamp>
			</report>
			<report>
				<misses>475100000</misses>
				<total>0</total>
				<timestamp>4088.563416</timestamp>
			</report>
			<report>
				<misses>475200000</misses>
				<total>0</total>
				<timestamp>4089.469045</timestamp>
			</report>
			<report>
				<misses>475300000</misses>
				<total>0</total>
				<timestamp>4090.303712</timestamp>
			</report>
			<report>
				<misses>475400000</misses>
				<total>0</total>
				<timestamp>4091.185675</timestamp>
			</report>
			<report>
				<misses>475500000</misses>
				<total>0</total>
				<timestamp>4092.098357</timestamp>
			</report>
			<report>
				<misses>475600000</misses>
				<total>0</total>
				<timestamp>4092.944953</timestamp>
			</report>
			<report>
				<misses>475700000</misses>
				<total>0</total>
				<timestamp>4093.820034</timestamp>
			</report>
			<report>
				<misses>475800000</misses>
				<total>0</total>
				<timestamp>4094.679579</timestamp>
			</report>
			<report>
				<misses>475900000</misses>
				<total>0</total>
				<timestamp>4095.549677</timestamp>
			</report>
			<report>
				<misses>476000000</misses>
				<total>0</total>
				<timestamp>4096.428731</timestamp>
			</report>
			<report>
				<misses>476100000</misses>
				<total>0</total>
				<timestamp>4097.365827</timestamp>
			</report>
			<report>
				<misses>476200000</misses>
				<total>0</total>
				<timestamp>4098.261934</timestamp>
			</report>
			<report>
				<misses>476300000</misses>
				<total>0</total>
				<timestamp>4099.174714</timestamp>
			</report>
			<report>
				<misses>476400000</misses>
				<total>0</total>
				<timestamp>4100.108269</timestamp>
			</report>
			<report>
				<misses>476500000</misses>
				<total>0</total>
				<timestamp>4101.015920</timestamp>
			</report>
			<report>
				<misses>476600000</misses>
				<total>0</total>
				<timestamp>4101.906544</timestamp>
			</report>
			<report>
				<misses>476700000</misses>
				<total>0</total>
				<timestamp>4102.783246</timestamp>
			</report>
			<report>
				<misses>476800000</misses>
				<total>0</total>
				<timestamp>4103.654028</timestamp>
			</report>
			<report>
				<misses>476900000</misses>
				<total>0</total>
				<timestamp>4104.490571</timestamp>
			</report>
			<report>
				<misses>477000000</misses>
				<total>0</total>
				<timestamp>4105.338832</timestamp>
			</report>
			<report>
				<misses>477100000</misses>
				<total>0</total>
				<timestamp>4106.156037</timestamp>
			</report>
			<report>
				<misses>477200000</misses>
				<total>0</total>
				<timestamp>4106.966687</timestamp>
			</report>
			<report>
				<misses>477300000</misses>
				<total>0</total>
				<timestamp>4107.815820</timestamp>
			</report>
			<report>
				<misses>477400000</misses>
				<total>0</total>
				<timestamp>4108.670076</timestamp>
			</report>
			<report>
				<misses>477500000</misses>
				<total>0</total>
				<timestamp>4109.493318</timestamp>
			</report>
			<report>
				<misses>477600000</misses>
				<total>0</total>
				<timestamp>4110.296576</timestamp>
			</report>
			<report>
				<misses>477700000</misses>
				<total>0</total>
				<timestamp>4111.152167</timestamp>
			</report>
			<report>
				<misses>477800000</misses>
				<total>0</total>
				<timestamp>4112.007231</timestamp>
			</report>
			<report>
				<misses>477900000</misses>
				<total>0</total>
				<timestamp>4112.884823</timestamp>
			</report>
			<report>
				<misses>478000000</misses>
				<total>0</total>
				<timestamp>4113.743928</timestamp>
			</report>
			<report>
				<misses>478100000</misses>
				<total>0</total>
				<timestamp>4114.622979</timestamp>
			</report>
			<report>
				<misses>478200000</misses>
				<total>0</total>
				<timestamp>4115.481498</timestamp>
			</report>
			<report>
				<misses>478300000</misses>
				<total>0</total>
				<timestamp>4116.328922</timestamp>
			</report>
			<report>
				<misses>478400000</misses>
				<total>0</total>
				<timestamp>4117.251611</timestamp>
			</report>
			<report>
				<misses>478500000</misses>
				<total>0</total>
				<timestamp>4118.181978</timestamp>
			</report>
			<report>
				<misses>478600000</misses>
				<total>0</total>
				<timestamp>4119.093934</timestamp>
			</report>
			<report>
				<misses>478700000</misses>
				<total>0</total>
				<timestamp>4119.987277</timestamp>
			</report>
			<report>
				<misses>478800000</misses>
				<total>0</total>
				<timestamp>4120.850126</timestamp>
			</report>
			<report>
				<misses>478900000</misses>
				<total>0</total>
				<timestamp>4121.687841</timestamp>
			</report>
			<report>
				<misses>479000000</misses>
				<total>0</total>
				<timestamp>4122.593270</timestamp>
			</report>
			<report>
				<misses>479100000</misses>
				<total>0</total>
				<timestamp>4123.478046</timestamp>
			</report>
			<report>
				<misses>479200000</misses>
				<total>0</total>
				<timestamp>4124.448378</timestamp>
			</report>
			<report>
				<misses>479300000</misses>
				<total>0</total>
				<timestamp>4125.290385</timestamp>
			</report>
			<report>
				<misses>479400000</misses>
				<total>0</total>
				<timestamp>4126.165482</timestamp>
			</report>
			<report>
				<misses>479500000</misses>
				<total>0</total>
				<timestamp>4127.024375</timestamp>
			</report>
			<report>
				<misses>479600000</misses>
				<total>0</total>
				<timestamp>4127.865063</timestamp>
			</report>
			<report>
				<misses>479700000</misses>
				<total>0</total>
				<timestamp>4128.702568</timestamp>
			</report>
			<report>
				<misses>479800000</misses>
				<total>0</total>
				<timestamp>4129.597943</timestamp>
			</report>
			<report>
				<misses>479900000</misses>
				<total>0</total>
				<timestamp>4130.465858</timestamp>
			</report>
			<report>
				<misses>480000000</misses>
				<total>0</total>
				<timestamp>4131.379677</timestamp>
			</report>
			<report>
				<misses>480100000</misses>
				<total>0</total>
				<timestamp>4132.218327</timestamp>
			</report>
			<report>
				<misses>480200000</misses>
				<total>0</total>
				<timestamp>4133.008628</timestamp>
			</report>
			<report>
				<misses>480300000</misses>
				<total>0</total>
				<timestamp>4133.919270</timestamp>
			</report>
			<report>
				<misses>480400000</misses>
				<total>0</total>
				<timestamp>4134.806538</timestamp>
			</report>
			<report>
				<misses>480500000</misses>
				<total>0</total>
				<timestamp>4135.717138</timestamp>
			</report>
			<report>
				<misses>480600000</misses>
				<total>0</total>
				<timestamp>4136.630322</timestamp>
			</report>
			<report>
				<misses>480700000</misses>
				<total>0</total>
				<timestamp>4137.535779</timestamp>
			</report>
			<report>
				<misses>480800000</misses>
				<total>0</total>
				<timestamp>4138.415213</timestamp>
			</report>
			<report>
				<misses>480900000</misses>
				<total>0</total>
				<timestamp>4139.366089</timestamp>
			</report>
			<report>
				<misses>481000000</misses>
				<total>0</total>
				<timestamp>4140.285053</timestamp>
			</report>
			<report>
				<misses>481100000</misses>
				<total>0</total>
				<timestamp>4141.254953</timestamp>
			</report>
			<report>
				<misses>481200000</misses>
				<total>0</total>
				<timestamp>4142.186691</timestamp>
			</report>
			<report>
				<misses>481300000</misses>
				<total>0</total>
				<timestamp>4143.098666</timestamp>
			</report>
			<report>
				<misses>481400000</misses>
				<total>0</total>
				<timestamp>4143.981957</timestamp>
			</report>
			<report>
				<misses>481500000</misses>
				<total>0</total>
				<timestamp>4144.778996</timestamp>
			</report>
			<report>
				<misses>481600000</misses>
				<total>0</total>
				<timestamp>4145.647291</timestamp>
			</report>
			<report>
				<misses>481700000</misses>
				<total>0</total>
				<timestamp>4146.593999</timestamp>
			</report>
			<report>
				<misses>481800000</misses>
				<total>0</total>
				<timestamp>4147.498988</timestamp>
			</report>
			<report>
				<misses>481900000</misses>
				<total>0</total>
				<timestamp>4148.395617</timestamp>
			</report>
			<report>
				<misses>482000000</misses>
				<total>0</total>
				<timestamp>4149.164659</timestamp>
			</report>
			<report>
				<misses>482100000</misses>
				<total>0</total>
				<timestamp>4150.006784</timestamp>
			</report>
			<report>
				<misses>482200000</misses>
				<total>0</total>
				<timestamp>4150.886064</timestamp>
			</report>
			<report>
				<misses>482300000</misses>
				<total>0</total>
				<timestamp>4151.782571</timestamp>
			</report>
			<report>
				<misses>482400000</misses>
				<total>0</total>
				<timestamp>4152.693028</timestamp>
			</report>
			<report>
				<misses>482500000</misses>
				<total>0</total>
				<timestamp>4153.646430</timestamp>
			</report>
			<report>
				<misses>482600000</misses>
				<total>0</total>
				<timestamp>4154.553699</timestamp>
			</report>
			<report>
				<misses>482700000</misses>
				<total>0</total>
				<timestamp>4155.434513</timestamp>
			</report>
			<report>
				<misses>482800000</misses>
				<total>0</total>
				<timestamp>4156.327334</timestamp>
			</report>
			<report>
				<misses>482900000</misses>
				<total>0</total>
				<timestamp>4157.203926</timestamp>
			</report>
			<report>
				<misses>483000000</misses>
				<total>0</total>
				<timestamp>4158.126275</timestamp>
			</report>
			<report>
				<misses>483100000</misses>
				<total>0</total>
				<timestamp>4159.032897</timestamp>
			</report>
			<report>
				<misses>483200000</misses>
				<total>0</total>
				<timestamp>4159.916430</timestamp>
			</report>
			<report>
				<misses>483300000</misses>
				<total>0</total>
				<timestamp>4160.792992</timestamp>
			</report>
			<report>
				<misses>483400000</misses>
				<total>0</total>
				<timestamp>4161.644458</timestamp>
			</report>
			<report>
				<misses>483500000</misses>
				<total>0</total>
				<timestamp>4162.514766</timestamp>
			</report>
			<report>
				<misses>483600000</misses>
				<total>0</total>
				<timestamp>4163.303319</timestamp>
			</report>
			<report>
				<misses>483700000</misses>
				<total>0</total>
				<timestamp>4164.131105</timestamp>
			</report>
			<report>
				<misses>483800000</misses>
				<total>0</total>
				<timestamp>4164.976859</timestamp>
			</report>
			<report>
				<misses>483900000</misses>
				<total>0</total>
				<timestamp>4165.791301</timestamp>
			</report>
			<report>
				<misses>484000000</misses>
				<total>0</total>
				<timestamp>4166.599522</timestamp>
			</report>
			<report>
				<misses>484100000</misses>
				<total>0</total>
				<timestamp>4167.401684</timestamp>
			</report>
			<report>
				<misses>484200000</misses>
				<total>0</total>
				<timestamp>4168.228030</timestamp>
			</report>
			<report>
				<misses>484300000</misses>
				<total>0</total>
				<timestamp>4169.059669</timestamp>
			</report>
			<report>
				<misses>484400000</misses>
				<total>0</total>
				<timestamp>4169.942276</timestamp>
			</report>
			<report>
				<misses>484500000</misses>
				<total>0</total>
				<timestamp>4170.821711</timestamp>
			</report>
			<report>
				<misses>484600000</misses>
				<total>0</total>
				<timestamp>4171.696732</timestamp>
			</report>
			<report>
				<misses>484700000</misses>
				<total>0</total>
				<timestamp>4172.625172</timestamp>
			</report>
			<report>
				<misses>484800000</misses>
				<total>0</total>
				<timestamp>4173.484311</timestamp>
			</report>
			<report>
				<misses>484900000</misses>
				<total>0</total>
				<timestamp>4174.408956</timestamp>
			</report>
			<report>
				<misses>485000000</misses>
				<total>0</total>
				<timestamp>4175.313227</timestamp>
			</report>
			<report>
				<misses>485100000</misses>
				<total>0</total>
				<timestamp>4176.245596</timestamp>
			</report>
			<report>
				<misses>485200000</misses>
				<total>0</total>
				<timestamp>4177.113902</timestamp>
			</report>
			<report>
				<misses>485300000</misses>
				<total>0</total>
				<timestamp>4178.007917</timestamp>
			</report>
			<report>
				<misses>485400000</misses>
				<total>0</total>
				<timestamp>4178.920655</timestamp>
			</report>
			<report>
				<misses>485500000</misses>
				<total>0</total>
				<timestamp>4179.810143</timestamp>
			</report>
			<report>
				<misses>485600000</misses>
				<total>0</total>
				<timestamp>4180.625216</timestamp>
			</report>
			<report>
				<misses>485700000</misses>
				<total>0</total>
				<timestamp>4181.454031</timestamp>
			</report>
			<report>
				<misses>485800000</misses>
				<total>0</total>
				<timestamp>4182.307236</timestamp>
			</report>
			<report>
				<misses>485900000</misses>
				<total>0</total>
				<timestamp>4183.265197</timestamp>
			</report>
			<report>
				<misses>486000000</misses>
				<total>0</total>
				<timestamp>4184.078939</timestamp>
			</report>
			<report>
				<misses>486100000</misses>
				<total>0</total>
				<timestamp>4184.888829</timestamp>
			</report>
			<report>
				<misses>486200000</misses>
				<total>0</total>
				<timestamp>4185.694149</timestamp>
			</report>
			<report>
				<misses>486300000</misses>
				<total>0</total>
				<timestamp>4186.486266</timestamp>
			</report>
			<report>
				<misses>486400000</misses>
				<total>0</total>
				<timestamp>4187.341670</timestamp>
			</report>
			<report>
				<misses>486500000</misses>
				<total>0</total>
				<timestamp>4188.241623</timestamp>
			</report>
			<report>
				<misses>486600000</misses>
				<total>0</total>
				<timestamp>4189.171213</timestamp>
			</report>
			<report>
				<misses>486700000</misses>
				<total>0</total>
				<timestamp>4190.046266</timestamp>
			</report>
			<report>
				<misses>486800000</misses>
				<total>0</total>
				<timestamp>4190.943986</timestamp>
			</report>
			<report>
				<misses>486900000</misses>
				<total>0</total>
				<timestamp>4191.815626</timestamp>
			</report>
			<report>
				<misses>487000000</misses>
				<total>0</total>
				<timestamp>4192.783339</timestamp>
			</report>
			<report>
				<misses>487100000</misses>
				<total>0</total>
				<timestamp>4193.696993</timestamp>
			</report>
			<report>
				<misses>487200000</misses>
				<total>0</total>
				<timestamp>4194.580563</timestamp>
			</report>
			<report>
				<misses>487300000</misses>
				<total>0</total>
				<timestamp>4195.496780</timestamp>
			</report>
			<report>
				<misses>487400000</misses>
				<total>0</total>
				<timestamp>4196.377191</timestamp>
			</report>
			<report>
				<misses>487500000</misses>
				<total>0</total>
				<timestamp>4197.217359</timestamp>
			</report>
			<report>
				<misses>487600000</misses>
				<total>0</total>
				<timestamp>4198.148215</timestamp>
			</report>
			<report>
				<misses>487700000</misses>
				<total>0</total>
				<timestamp>4199.019546</timestamp>
			</report>
			<report>
				<misses>487800000</misses>
				<total>0</total>
				<timestamp>4199.867572</timestamp>
			</report>
			<report>
				<misses>487900000</misses>
				<total>0</total>
				<timestamp>4200.707284</timestamp>
			</report>
			<report>
				<misses>488000000</misses>
				<total>0</total>
				<timestamp>4201.609232</timestamp>
			</report>
			<report>
				<misses>488100000</misses>
				<total>0</total>
				<timestamp>4202.422557</timestamp>
			</report>
			<report>
				<misses>488200000</misses>
				<total>0</total>
				<timestamp>4203.225418</timestamp>
			</report>
			<report>
				<misses>488300000</misses>
				<total>0</total>
				<timestamp>4204.077490</timestamp>
			</report>
			<report>
				<misses>488400000</misses>
				<total>0</total>
				<timestamp>4204.963514</timestamp>
			</report>
			<report>
				<misses>488500000</misses>
				<total>0</total>
				<timestamp>4205.857337</timestamp>
			</report>
			<report>
				<misses>488600000</misses>
				<total>0</total>
				<timestamp>4206.671464</timestamp>
			</report>
			<report>
				<misses>488700000</misses>
				<total>0</total>
				<timestamp>4207.555263</timestamp>
			</report>
			<report>
				<misses>488800000</misses>
				<total>0</total>
				<timestamp>4208.467448</timestamp>
			</report>
			<report>
				<misses>488900000</misses>
				<total>0</total>
				<timestamp>4209.371796</timestamp>
			</report>
			<report>
				<misses>489000000</misses>
				<total>0</total>
				<timestamp>4210.299373</timestamp>
			</report>
			<report>
				<misses>489100000</misses>
				<total>0</total>
				<timestamp>4211.164829</timestamp>
			</report>
			<report>
				<misses>489200000</misses>
				<total>0</total>
				<timestamp>4212.071420</timestamp>
			</report>
			<report>
				<misses>489300000</misses>
				<total>0</total>
				<timestamp>4212.989419</timestamp>
			</report>
			<report>
				<misses>489400000</misses>
				<total>0</total>
				<timestamp>4213.844663</timestamp>
			</report>
			<report>
				<misses>489500000</misses>
				<total>0</total>
				<timestamp>4214.676019</timestamp>
			</report>
			<report>
				<misses>489600000</misses>
				<total>0</total>
				<timestamp>4215.567859</timestamp>
			</report>
			<report>
				<misses>489700000</misses>
				<total>0</total>
				<timestamp>4216.451695</timestamp>
			</report>
			<report>
				<misses>489800000</misses>
				<total>0</total>
				<timestamp>4217.248339</timestamp>
			</report>
			<report>
				<misses>489900000</misses>
				<total>0</total>
				<timestamp>4218.058519</timestamp>
			</report>
			<report>
				<misses>490000000</misses>
				<total>0</total>
				<timestamp>4218.852686</timestamp>
			</report>
			<report>
				<misses>490100000</misses>
				<total>0</total>
				<timestamp>4219.624492</timestamp>
			</report>
			<report>
				<misses>490200000</misses>
				<total>0</total>
				<timestamp>4220.498891</timestamp>
			</report>
			<report>
				<misses>490300000</misses>
				<total>0</total>
				<timestamp>4221.316173</timestamp>
			</report>
			<report>
				<misses>490400000</misses>
				<total>0</total>
				<timestamp>4222.205627</timestamp>
			</report>
			<report>
				<misses>490500000</misses>
				<total>0</total>
				<timestamp>4223.013213</timestamp>
			</report>
			<report>
				<misses>490600000</misses>
				<total>0</total>
				<timestamp>4223.879567</timestamp>
			</report>
			<report>
				<misses>490700000</misses>
				<total>0</total>
				<timestamp>4224.736258</timestamp>
			</report>
			<report>
				<misses>490800000</misses>
				<total>0</total>
				<timestamp>4225.650494</timestamp>
			</report>
			<report>
				<misses>490900000</misses>
				<total>0</total>
				<timestamp>4226.538612</timestamp>
			</report>
			<report>
				<misses>491000000</misses>
				<total>0</total>
				<timestamp>4227.377131</timestamp>
			</report>
			<report>
				<misses>491100000</misses>
				<total>0</total>
				<timestamp>4228.256629</timestamp>
			</report>
			<report>
				<misses>491200000</misses>
				<total>0</total>
				<timestamp>4229.098509</timestamp>
			</report>
			<report>
				<misses>491300000</misses>
				<total>0</total>
				<timestamp>4229.966068</timestamp>
			</report>
			<report>
				<misses>491400000</misses>
				<total>0</total>
				<timestamp>4230.862639</timestamp>
			</report>
			<report>
				<misses>491500000</misses>
				<total>0</total>
				<timestamp>4231.803463</timestamp>
			</report>
			<report>
				<misses>491600000</misses>
				<total>0</total>
				<timestamp>4232.653850</timestamp>
			</report>
			<report>
				<misses>491700000</misses>
				<total>0</total>
				<timestamp>4233.539996</timestamp>
			</report>
			<report>
				<misses>491800000</misses>
				<total>0</total>
				<timestamp>4234.462905</timestamp>
			</report>
			<report>
				<misses>491900000</misses>
				<total>0</total>
				<timestamp>4235.315469</timestamp>
			</report>
			<report>
				<misses>492000000</misses>
				<total>0</total>
				<timestamp>4236.236084</timestamp>
			</report>
			<report>
				<misses>492100000</misses>
				<total>0</total>
				<timestamp>4237.086628</timestamp>
			</report>
			<report>
				<misses>492200000</misses>
				<total>0</total>
				<timestamp>4237.933304</timestamp>
			</report>
			<report>
				<misses>492300000</misses>
				<total>0</total>
				<timestamp>4238.762876</timestamp>
			</report>
			<report>
				<misses>492400000</misses>
				<total>0</total>
				<timestamp>4239.585706</timestamp>
			</report>
			<report>
				<misses>492500000</misses>
				<total>0</total>
				<timestamp>4240.426070</timestamp>
			</report>
			<report>
				<misses>492600000</misses>
				<total>0</total>
				<timestamp>4241.249156</timestamp>
			</report>
			<report>
				<misses>492700000</misses>
				<total>0</total>
				<timestamp>4242.134040</timestamp>
			</report>
			<report>
				<misses>492800000</misses>
				<total>0</total>
				<timestamp>4242.973197</timestamp>
			</report>
			<report>
				<misses>492900000</misses>
				<total>0</total>
				<timestamp>4243.809918</timestamp>
			</report>
			<report>
				<misses>493000000</misses>
				<total>0</total>
				<timestamp>4244.740351</timestamp>
			</report>
			<report>
				<misses>493100000</misses>
				<total>0</total>
				<timestamp>4245.637474</timestamp>
			</report>
			<report>
				<misses>493200000</misses>
				<total>0</total>
				<timestamp>4246.488712</timestamp>
			</report>
			<report>
				<misses>493300000</misses>
				<total>0</total>
				<timestamp>4247.413956</timestamp>
			</report>
			<report>
				<misses>493400000</misses>
				<total>0</total>
				<timestamp>4248.287023</timestamp>
			</report>
			<report>
				<misses>493500000</misses>
				<total>0</total>
				<timestamp>4249.175061</timestamp>
			</report>
			<report>
				<misses>493600000</misses>
				<total>0</total>
				<timestamp>4250.096990</timestamp>
			</report>
			<report>
				<misses>493700000</misses>
				<total>0</total>
				<timestamp>4250.941534</timestamp>
			</report>
			<report>
				<misses>493800000</misses>
				<total>0</total>
				<timestamp>4251.764877</timestamp>
			</report>
			<report>
				<misses>493900000</misses>
				<total>0</total>
				<timestamp>4252.624771</timestamp>
			</report>
			<report>
				<misses>494000000</misses>
				<total>0</total>
				<timestamp>4253.551792</timestamp>
			</report>
			<report>
				<misses>494100000</misses>
				<total>0</total>
				<timestamp>4254.418754</timestamp>
			</report>
			<report>
				<misses>494200000</misses>
				<total>0</total>
				<timestamp>4255.329360</timestamp>
			</report>
			<report>
				<misses>494300000</misses>
				<total>0</total>
				<timestamp>4256.186887</timestamp>
			</report>
			<report>
				<misses>494400000</misses>
				<total>0</total>
				<timestamp>4257.043672</timestamp>
			</report>
			<report>
				<misses>494500000</misses>
				<total>0</total>
				<timestamp>4257.887471</timestamp>
			</report>
			<report>
				<misses>494600000</misses>
				<total>0</total>
				<timestamp>4258.681301</timestamp>
			</report>
			<report>
				<misses>494700000</misses>
				<total>0</total>
				<timestamp>4259.510300</timestamp>
			</report>
			<report>
				<misses>494800000</misses>
				<total>0</total>
				<timestamp>4260.299358</timestamp>
			</report>
			<report>
				<misses>494900000</misses>
				<total>0</total>
				<timestamp>4261.086850</timestamp>
			</report>
			<report>
				<misses>495000000</misses>
				<total>0</total>
				<timestamp>4261.924284</timestamp>
			</report>
			<report>
				<misses>495100000</misses>
				<total>0</total>
				<timestamp>4262.841796</timestamp>
			</report>
			<report>
				<misses>495200000</misses>
				<total>0</total>
				<timestamp>4263.692183</timestamp>
			</report>
			<report>
				<misses>495300000</misses>
				<total>0</total>
				<timestamp>4264.543803</timestamp>
			</report>
			<report>
				<misses>495400000</misses>
				<total>0</total>
				<timestamp>4265.438991</timestamp>
			</report>
			<report>
				<misses>495500000</misses>
				<total>0</total>
				<timestamp>4266.290718</timestamp>
			</report>
			<report>
				<misses>495600000</misses>
				<total>0</total>
				<timestamp>4267.128668</timestamp>
			</report>
			<report>
				<misses>495700000</misses>
				<total>0</total>
				<timestamp>4268.056243</timestamp>
			</report>
			<report>
				<misses>495800000</misses>
				<total>0</total>
				<timestamp>4268.928746</timestamp>
			</report>
			<report>
				<misses>495900000</misses>
				<total>0</total>
				<timestamp>4269.768748</timestamp>
			</report>
			<report>
				<misses>496000000</misses>
				<total>0</total>
				<timestamp>4270.642574</timestamp>
			</report>
			<report>
				<misses>496100000</misses>
				<total>0</total>
				<timestamp>4271.459058</timestamp>
			</report>
			<report>
				<misses>496200000</misses>
				<total>0</total>
				<timestamp>4272.372169</timestamp>
			</report>
			<report>
				<misses>496300000</misses>
				<total>0</total>
				<timestamp>4273.245283</timestamp>
			</report>
			<report>
				<misses>496400000</misses>
				<total>0</total>
				<timestamp>4274.155239</timestamp>
			</report>
			<report>
				<misses>496500000</misses>
				<total>0</total>
				<timestamp>4275.038698</timestamp>
			</report>
			<report>
				<misses>496600000</misses>
				<total>0</total>
				<timestamp>4275.900111</timestamp>
			</report>
			<report>
				<misses>496700000</misses>
				<total>0</total>
				<timestamp>4276.743269</timestamp>
			</report>
			<report>
				<misses>496800000</misses>
				<total>0</total>
				<timestamp>4277.707514</timestamp>
			</report>
			<report>
				<misses>496900000</misses>
				<total>0</total>
				<timestamp>4278.592896</timestamp>
			</report>
			<report>
				<misses>497000000</misses>
				<total>0</total>
				<timestamp>4279.472021</timestamp>
			</report>
			<report>
				<misses>497100000</misses>
				<total>0</total>
				<timestamp>4280.303588</timestamp>
			</report>
			<report>
				<misses>497200000</misses>
				<total>0</total>
				<timestamp>4281.179604</timestamp>
			</report>
			<report>
				<misses>497300000</misses>
				<total>0</total>
				<timestamp>4282.040290</timestamp>
			</report>
			<report>
				<misses>497400000</misses>
				<total>0</total>
				<timestamp>4282.930874</timestamp>
			</report>
			<report>
				<misses>497500000</misses>
				<total>0</total>
				<timestamp>4283.810374</timestamp>
			</report>
			<report>
				<misses>497600000</misses>
				<total>0</total>
				<timestamp>4284.715203</timestamp>
			</report>
			<report>
				<misses>497700000</misses>
				<total>0</total>
				<timestamp>4285.539699</timestamp>
			</report>
			<report>
				<misses>497800000</misses>
				<total>0</total>
				<timestamp>4286.433234</timestamp>
			</report>
			<report>
				<misses>497900000</misses>
				<total>0</total>
				<timestamp>4287.279339</timestamp>
			</report>
			<report>
				<misses>498000000</misses>
				<total>0</total>
				<timestamp>4288.153705</timestamp>
			</report>
			<report>
				<misses>498100000</misses>
				<total>0</total>
				<timestamp>4288.994303</timestamp>
			</report>
			<report>
				<misses>498200000</misses>
				<total>0</total>
				<timestamp>4289.849504</timestamp>
			</report>
			<report>
				<misses>498300000</misses>
				<total>0</total>
				<timestamp>4290.699731</timestamp>
			</report>
			<report>
				<misses>498400000</misses>
				<total>0</total>
				<timestamp>4291.567412</timestamp>
			</report>
			<report>
				<misses>498500000</misses>
				<total>0</total>
				<timestamp>4292.434290</timestamp>
			</report>
			<report>
				<misses>498600000</misses>
				<total>0</total>
				<timestamp>4293.268506</timestamp>
			</report>
			<report>
				<misses>498700000</misses>
				<total>0</total>
				<timestamp>4294.107170</timestamp>
			</report>
			<report>
				<misses>498800000</misses>
				<total>0</total>
				<timestamp>4294.957536</timestamp>
			</report>
			<report>
				<misses>498900000</misses>
				<total>0</total>
				<timestamp>4295.758364</timestamp>
			</report>
			<report>
				<misses>499000000</misses>
				<total>0</total>
				<timestamp>4296.548028</timestamp>
			</report>
			<report>
				<misses>499100000</misses>
				<total>0</total>
				<timestamp>4297.325557</timestamp>
			</report>
			<report>
				<misses>499200000</misses>
				<total>0</total>
				<timestamp>4298.160630</timestamp>
			</report>
			<report>
				<misses>499300000</misses>
				<total>0</total>
				<timestamp>4298.962766</timestamp>
			</report>
			<report>
				<misses>499400000</misses>
				<total>0</total>
				<timestamp>4299.758818</timestamp>
			</report>
			<report>
				<misses>499500000</misses>
				<total>0</total>
				<timestamp>4300.564701</timestamp>
			</report>
			<report>
				<misses>499600000</misses>
				<total>0</total>
				<timestamp>4301.349193</timestamp>
			</report>
			<report>
				<misses>499700000</misses>
				<total>0</total>
				<timestamp>4302.184561</timestamp>
			</report>
			<report>
				<misses>499800000</misses>
				<total>0</total>
				<timestamp>4302.999894</timestamp>
			</report>
			<report>
				<misses>499900000</misses>
				<total>0</total>
				<timestamp>4303.868289</timestamp>
			</report>
			<report>
				<misses>500000000</misses>
				<total>0</total>
				<timestamp>4304.711007</timestamp>
			</report>
			<report>
				<misses>500100000</misses>
				<total>0</total>
				<timestamp>4305.612837</timestamp>
			</report>
			<report>
				<misses>500200000</misses>
				<total>0</total>
				<timestamp>4306.449905</timestamp>
			</report>
			<report>
				<misses>500300000</misses>
				<total>0</total>
				<timestamp>4307.291477</timestamp>
			</report>
			<report>
				<misses>500400000</misses>
				<total>0</total>
				<timestamp>4308.160458</timestamp>
			</report>
			<report>
				<misses>500500000</misses>
				<total>0</total>
				<timestamp>4309.063715</timestamp>
			</report>
			<report>
				<misses>500600000</misses>
				<total>0</total>
				<timestamp>4309.952119</timestamp>
			</report>
			<report>
				<misses>500700000</misses>
				<total>0</total>
				<timestamp>4310.805669</timestamp>
			</report>
			<report>
				<misses>500800000</misses>
				<total>0</total>
				<timestamp>4311.744431</timestamp>
			</report>
			<report>
				<misses>500900000</misses>
				<total>0</total>
				<timestamp>4312.665605</timestamp>
			</report>
			<report>
				<misses>501000000</misses>
				<total>0</total>
				<timestamp>4313.492715</timestamp>
			</report>
			<report>
				<misses>501100000</misses>
				<total>0</total>
				<timestamp>4314.365893</timestamp>
			</report>
			<report>
				<misses>501200000</misses>
				<total>0</total>
				<timestamp>4315.207626</timestamp>
			</report>
			<report>
				<misses>501300000</misses>
				<total>0</total>
				<timestamp>4316.079714</timestamp>
			</report>
			<report>
				<misses>501400000</misses>
				<total>0</total>
				<timestamp>4316.953149</timestamp>
			</report>
			<report>
				<misses>501500000</misses>
				<total>0</total>
				<timestamp>4317.798597</timestamp>
			</report>
			<report>
				<misses>501600000</misses>
				<total>0</total>
				<timestamp>4318.663200</timestamp>
			</report>
			<report>
				<misses>501700000</misses>
				<total>0</total>
				<timestamp>4319.475704</timestamp>
			</report>
			<report>
				<misses>501800000</misses>
				<total>0</total>
				<timestamp>4320.294708</timestamp>
			</report>
			<report>
				<misses>501900000</misses>
				<total>0</total>
				<timestamp>4321.087284</timestamp>
			</report>
			<report>
				<misses>502000000</misses>
				<total>0</total>
				<timestamp>4321.894942</timestamp>
			</report>
			<report>
				<misses>502100000</misses>
				<total>0</total>
				<timestamp>4322.717608</timestamp>
			</report>
			<report>
				<misses>502200000</misses>
				<total>0</total>
				<timestamp>4323.535397</timestamp>
			</report>
			<report>
				<misses>502300000</misses>
				<total>0</total>
				<timestamp>4324.457866</timestamp>
			</report>
			<report>
				<misses>502400000</misses>
				<total>0</total>
				<timestamp>4325.275747</timestamp>
			</report>
			<report>
				<misses>502500000</misses>
				<total>0</total>
				<timestamp>4326.060317</timestamp>
			</report>
			<report>
				<misses>502600000</misses>
				<total>0</total>
				<timestamp>4326.869993</timestamp>
			</report>
			<report>
				<misses>502700000</misses>
				<total>0</total>
				<timestamp>4327.755636</timestamp>
			</report>
			<report>
				<misses>502800000</misses>
				<total>0</total>
				<timestamp>4328.586612</timestamp>
			</report>
			<report>
				<misses>502900000</misses>
				<total>0</total>
				<timestamp>4329.395800</timestamp>
			</report>
			<report>
				<misses>503000000</misses>
				<total>0</total>
				<timestamp>4330.251011</timestamp>
			</report>
			<report>
				<misses>503100000</misses>
				<total>0</total>
				<timestamp>4331.139682</timestamp>
			</report>
			<report>
				<misses>503200000</misses>
				<total>0</total>
				<timestamp>4332.013005</timestamp>
			</report>
			<report>
				<misses>503300000</misses>
				<total>0</total>
				<timestamp>4332.928206</timestamp>
			</report>
			<report>
				<misses>503400000</misses>
				<total>0</total>
				<timestamp>4333.777267</timestamp>
			</report>
			<report>
				<misses>503500000</misses>
				<total>0</total>
				<timestamp>4334.634176</timestamp>
			</report>
			<report>
				<misses>503600000</misses>
				<total>0</total>
				<timestamp>4335.506873</timestamp>
			</report>
			<report>
				<misses>503700000</misses>
				<total>0</total>
				<timestamp>4336.312824</timestamp>
			</report>
			<report>
				<misses>503800000</misses>
				<total>0</total>
				<timestamp>4337.163559</timestamp>
			</report>
			<report>
				<misses>503900000</misses>
				<total>0</total>
				<timestamp>4338.047566</timestamp>
			</report>
			<report>
				<misses>504000000</misses>
				<total>0</total>
				<timestamp>4338.843918</timestamp>
			</report>
			<report>
				<misses>504100000</misses>
				<total>0</total>
				<timestamp>4339.634101</timestamp>
			</report>
			<report>
				<misses>504200000</misses>
				<total>0</total>
				<timestamp>4340.443024</timestamp>
			</report>
			<report>
				<misses>504300000</misses>
				<total>0</total>
				<timestamp>4341.304903</timestamp>
			</report>
			<report>
				<misses>504400000</misses>
				<total>0</total>
				<timestamp>4342.129907</timestamp>
			</report>
			<report>
				<misses>504500000</misses>
				<total>0</total>
				<timestamp>4342.931100</timestamp>
			</report>
			<report>
				<misses>504600000</misses>
				<total>0</total>
				<timestamp>4343.733025</timestamp>
			</report>
			<report>
				<misses>504700000</misses>
				<total>0</total>
				<timestamp>4344.536765</timestamp>
			</report>
			<report>
				<misses>504800000</misses>
				<total>0</total>
				<timestamp>4345.329645</timestamp>
			</report>
			<report>
				<misses>504900000</misses>
				<total>0</total>
				<timestamp>4346.186777</timestamp>
			</report>
			<report>
				<misses>505000000</misses>
				<total>0</total>
				<timestamp>4347.045592</timestamp>
			</report>
			<report>
				<misses>505100000</misses>
				<total>0</total>
				<timestamp>4347.901523</timestamp>
			</report>
			<report>
				<misses>505200000</misses>
				<total>0</total>
				<timestamp>4348.748267</timestamp>
			</report>
			<report>
				<misses>505300000</misses>
				<total>0</total>
				<timestamp>4349.611659</timestamp>
			</report>
			<report>
				<misses>505400000</misses>
				<total>0</total>
				<timestamp>4350.496274</timestamp>
			</report>
			<report>
				<misses>505500000</misses>
				<total>0</total>
				<timestamp>4351.320092</timestamp>
			</report>
			<report>
				<misses>505600000</misses>
				<total>0</total>
				<timestamp>4352.181780</timestamp>
			</report>
			<report>
				<misses>505700000</misses>
				<total>0</total>
				<timestamp>4353.071572</timestamp>
			</report>
			<report>
				<misses>505800000</misses>
				<total>0</total>
				<timestamp>4353.897688</timestamp>
			</report>
			<report>
				<misses>505900000</misses>
				<total>0</total>
				<timestamp>4354.743394</timestamp>
			</report>
			<report>
				<misses>506000000</misses>
				<total>0</total>
				<timestamp>4355.593944</timestamp>
			</report>
			<report>
				<misses>506100000</misses>
				<total>0</total>
				<timestamp>4356.436453</timestamp>
			</report>
			<report>
				<misses>506200000</misses>
				<total>0</total>
				<timestamp>4357.238807</timestamp>
			</report>
			<report>
				<misses>506300000</misses>
				<total>0</total>
				<timestamp>4358.029492</timestamp>
			</report>
			<report>
				<misses>506400000</misses>
				<total>0</total>
				<timestamp>4358.832547</timestamp>
			</report>
			<report>
				<misses>506500000</misses>
				<total>0</total>
				<timestamp>4359.648542</timestamp>
			</report>
			<report>
				<misses>506600000</misses>
				<total>0</total>
				<timestamp>4360.426190</timestamp>
			</report>
			<report>
				<misses>506700000</misses>
				<total>0</total>
				<timestamp>4361.256608</timestamp>
			</report>
			<report>
				<misses>506800000</misses>
				<total>0</total>
				<timestamp>4362.034154</timestamp>
			</report>
			<report>
				<misses>506900000</misses>
				<total>0</total>
				<timestamp>4362.917287</timestamp>
			</report>
			<report>
				<misses>507000000</misses>
				<total>0</total>
				<timestamp>4363.825584</timestamp>
			</report>
			<report>
				<misses>507100000</misses>
				<total>0</total>
				<timestamp>4364.751091</timestamp>
			</report>
			<report>
				<misses>507200000</misses>
				<total>0</total>
				<timestamp>4365.612148</timestamp>
			</report>
			<report>
				<misses>507300000</misses>
				<total>0</total>
				<timestamp>4366.437446</timestamp>
			</report>
			<report>
				<misses>507400000</misses>
				<total>0</total>
				<timestamp>4367.293847</timestamp>
			</report>
			<report>
				<misses>507500000</misses>
				<total>0</total>
				<timestamp>4368.113215</timestamp>
			</report>
			<report>
				<misses>507600000</misses>
				<total>0</total>
				<timestamp>4369.016277</timestamp>
			</report>
			<report>
				<misses>507700000</misses>
				<total>0</total>
				<timestamp>4369.826890</timestamp>
			</report>
			<report>
				<misses>507800000</misses>
				<total>0</total>
				<timestamp>4370.711592</timestamp>
			</report>
			<report>
				<misses>507900000</misses>
				<total>0</total>
				<timestamp>4371.550130</timestamp>
			</report>
			<report>
				<misses>508000000</misses>
				<total>0</total>
				<timestamp>4372.367498</timestamp>
			</report>
			<report>
				<misses>508100000</misses>
				<total>0</total>
				<timestamp>4373.227649</timestamp>
			</report>
			<report>
				<misses>508200000</misses>
				<total>0</total>
				<timestamp>4374.053694</timestamp>
			</report>
			<report>
				<misses>508300000</misses>
				<total>0</total>
				<timestamp>4374.899204</timestamp>
			</report>
			<report>
				<misses>508400000</misses>
				<total>0</total>
				<timestamp>4375.697319</timestamp>
			</report>
			<report>
				<misses>508500000</misses>
				<total>0</total>
				<timestamp>4376.519731</timestamp>
			</report>
			<report>
				<misses>508600000</misses>
				<total>0</total>
				<timestamp>4377.328969</timestamp>
			</report>
			<report>
				<misses>508700000</misses>
				<total>0</total>
				<timestamp>4378.152406</timestamp>
			</report>
			<report>
				<misses>508800000</misses>
				<total>0</total>
				<timestamp>4378.943909</timestamp>
			</report>
			<report>
				<misses>508900000</misses>
				<total>0</total>
				<timestamp>4379.800807</timestamp>
			</report>
			<report>
				<misses>509000000</misses>
				<total>0</total>
				<timestamp>4380.626529</timestamp>
			</report>
			<report>
				<misses>509100000</misses>
				<total>0</total>
				<timestamp>4381.430476</timestamp>
			</report>
			<report>
				<misses>509200000</misses>
				<total>0</total>
				<timestamp>4382.247070</timestamp>
			</report>
			<report>
				<misses>509300000</misses>
				<total>0</total>
				<timestamp>4383.057042</timestamp>
			</report>
			<report>
				<misses>509400000</misses>
				<total>0</total>
				<timestamp>4383.906116</timestamp>
			</report>
			<report>
				<misses>509500000</misses>
				<total>0</total>
				<timestamp>4384.777566</timestamp>
			</report>
			<report>
				<misses>509600000</misses>
				<total>0</total>
				<timestamp>4385.630415</timestamp>
			</report>
			<report>
				<misses>509700000</misses>
				<total>0</total>
				<timestamp>4386.492379</timestamp>
			</report>
			<report>
				<misses>509800000</misses>
				<total>0</total>
				<timestamp>4387.304860</timestamp>
			</report>
			<report>
				<misses>509900000</misses>
				<total>0</total>
				<timestamp>4388.092510</timestamp>
			</report>
			<report>
				<misses>510000000</misses>
				<total>0</total>
				<timestamp>4388.909204</timestamp>
			</report>
			<report>
				<misses>510100000</misses>
				<total>0</total>
				<timestamp>4389.743103</timestamp>
			</report>
			<report>
				<misses>510200000</misses>
				<total>0</total>
				<timestamp>4390.545171</timestamp>
			</report>
			<report>
				<misses>510300000</misses>
				<total>0</total>
				<timestamp>4391.397891</timestamp>
			</report>
			<report>
				<misses>510400000</misses>
				<total>0</total>
				<timestamp>4392.254365</timestamp>
			</report>
			<report>
				<misses>510500000</misses>
				<total>0</total>
				<timestamp>4393.113891</timestamp>
			</report>
			<report>
				<misses>510600000</misses>
				<total>0</total>
				<timestamp>4393.893767</timestamp>
			</report>
			<report>
				<misses>510700000</misses>
				<total>0</total>
				<timestamp>4394.690745</timestamp>
			</report>
			<report>
				<misses>510800000</misses>
				<total>0</total>
				<timestamp>4395.535385</timestamp>
			</report>
			<report>
				<misses>510900000</misses>
				<total>0</total>
				<timestamp>4396.339330</timestamp>
			</report>
			<report>
				<misses>511000000</misses>
				<total>0</total>
				<timestamp>4397.167639</timestamp>
			</report>
			<report>
				<misses>511100000</misses>
				<total>0</total>
				<timestamp>4397.938981</timestamp>
			</report>
			<report>
				<misses>511200000</misses>
				<total>0</total>
				<timestamp>4398.836659</timestamp>
			</report>
			<report>
				<misses>511300000</misses>
				<total>0</total>
				<timestamp>4399.619753</timestamp>
			</report>
			<report>
				<misses>511400000</misses>
				<total>0</total>
				<timestamp>4400.382004</timestamp>
			</report>
			<report>
				<misses>511500000</misses>
				<total>0</total>
				<timestamp>4401.258695</timestamp>
			</report>
			<report>
				<misses>511600000</misses>
				<total>0</total>
				<timestamp>4402.142269</timestamp>
			</report>
			<report>
				<misses>511700000</misses>
				<total>0</total>
				<timestamp>4402.964888</timestamp>
			</report>
			<report>
				<misses>511800000</misses>
				<total>0</total>
				<timestamp>4403.830962</timestamp>
			</report>
			<report>
				<misses>511900000</misses>
				<total>0</total>
				<timestamp>4404.666948</timestamp>
			</report>
			<report>
				<misses>512000000</misses>
				<total>0</total>
				<timestamp>4405.507891</timestamp>
			</report>
			<report>
				<misses>512100000</misses>
				<total>0</total>
				<timestamp>4406.405865</timestamp>
			</report>
			<report>
				<misses>512200000</misses>
				<total>0</total>
				<timestamp>4407.273511</timestamp>
			</report>
			<report>
				<misses>512300000</misses>
				<total>0</total>
				<timestamp>4408.173413</timestamp>
			</report>
			<report>
				<misses>512400000</misses>
				<total>0</total>
				<timestamp>4409.052907</timestamp>
			</report>
			<report>
				<misses>512500000</misses>
				<total>0</total>
				<timestamp>4409.878395</timestamp>
			</report>
			<report>
				<misses>512600000</misses>
				<total>0</total>
				<timestamp>4410.730931</timestamp>
			</report>
			<report>
				<misses>512700000</misses>
				<total>0</total>
				<timestamp>4411.596483</timestamp>
			</report>
			<report>
				<misses>512800000</misses>
				<total>0</total>
				<timestamp>4412.447993</timestamp>
			</report>
			<report>
				<misses>512900000</misses>
				<total>0</total>
				<timestamp>4413.289081</timestamp>
			</report>
			<report>
				<misses>513000000</misses>
				<total>0</total>
				<timestamp>4414.122689</timestamp>
			</report>
			<report>
				<misses>513100000</misses>
				<total>0</total>
				<timestamp>4414.963286</timestamp>
			</report>
			<report>
				<misses>513200000</misses>
				<total>0</total>
				<timestamp>4415.823492</timestamp>
			</report>
			<report>
				<misses>513300000</misses>
				<total>0</total>
				<timestamp>4416.642270</timestamp>
			</report>
			<report>
				<misses>513400000</misses>
				<total>0</total>
				<timestamp>4417.467618</timestamp>
			</report>
			<report>
				<misses>513500000</misses>
				<total>0</total>
				<timestamp>4418.290718</timestamp>
			</report>
			<report>
				<misses>513600000</misses>
				<total>0</total>
				<timestamp>4419.079336</timestamp>
			</report>
			<report>
				<misses>513700000</misses>
				<total>0</total>
				<timestamp>4419.919657</timestamp>
			</report>
			<report>
				<misses>513800000</misses>
				<total>0</total>
				<timestamp>4420.776025</timestamp>
			</report>
			<report>
				<misses>513900000</misses>
				<total>0</total>
				<timestamp>4421.575735</timestamp>
			</report>
			<report>
				<misses>514000000</misses>
				<total>0</total>
				<timestamp>4422.363330</timestamp>
			</report>
			<report>
				<misses>514100000</misses>
				<total>0</total>
				<timestamp>4423.209239</timestamp>
			</report>
			<report>
				<misses>514200000</misses>
				<total>0</total>
				<timestamp>4423.989317</timestamp>
			</report>
			<report>
				<misses>514300000</misses>
				<total>0</total>
				<timestamp>4424.884908</timestamp>
			</report>
			<report>
				<misses>514400000</misses>
				<total>0</total>
				<timestamp>4425.739828</timestamp>
			</report>
			<report>
				<misses>514500000</misses>
				<total>0</total>
				<timestamp>4426.590936</timestamp>
			</report>
			<report>
				<misses>514600000</misses>
				<total>0</total>
				<timestamp>4427.550775</timestamp>
			</report>
			<report>
				<misses>514700000</misses>
				<total>0</total>
				<timestamp>4428.407081</timestamp>
			</report>
			<report>
				<misses>514800000</misses>
				<total>0</total>
				<timestamp>4429.302084</timestamp>
			</report>
			<report>
				<misses>514900000</misses>
				<total>0</total>
				<timestamp>4430.221690</timestamp>
			</report>
			<report>
				<misses>515000000</misses>
				<total>0</total>
				<timestamp>4431.063240</timestamp>
			</report>
			<report>
				<misses>515100000</misses>
				<total>0</total>
				<timestamp>4431.921743</timestamp>
			</report>
			<report>
				<misses>515200000</misses>
				<total>0</total>
				<timestamp>4432.767657</timestamp>
			</report>
			<report>
				<misses>515300000</misses>
				<total>0</total>
				<timestamp>4433.655861</timestamp>
			</report>
			<report>
				<misses>515400000</misses>
				<total>0</total>
				<timestamp>4434.551110</timestamp>
			</report>
			<report>
				<misses>515500000</misses>
				<total>0</total>
				<timestamp>4435.437813</timestamp>
			</report>
			<report>
				<misses>515600000</misses>
				<total>0</total>
				<timestamp>4436.224383</timestamp>
			</report>
			<report>
				<misses>515700000</misses>
				<total>0</total>
				<timestamp>4437.025983</timestamp>
			</report>
			<report>
				<misses>515800000</misses>
				<total>0</total>
				<timestamp>4437.830547</timestamp>
			</report>
			<report>
				<misses>515900000</misses>
				<total>0</total>
				<timestamp>4438.596158</timestamp>
			</report>
			<report>
				<misses>516000000</misses>
				<total>0</total>
				<timestamp>4439.455849</timestamp>
			</report>
			<report>
				<misses>516100000</misses>
				<total>0</total>
				<timestamp>4440.255224</timestamp>
			</report>
			<report>
				<misses>516200000</misses>
				<total>0</total>
				<timestamp>4441.102611</timestamp>
			</report>
			<report>
				<misses>516300000</misses>
				<total>0</total>
				<timestamp>4441.900498</timestamp>
			</report>
			<report>
				<misses>516400000</misses>
				<total>0</total>
				<timestamp>4442.770163</timestamp>
			</report>
			<report>
				<misses>516500000</misses>
				<total>0</total>
				<timestamp>4443.658949</timestamp>
			</report>
			<report>
				<misses>516600000</misses>
				<total>0</total>
				<timestamp>4444.514218</timestamp>
			</report>
			<report>
				<misses>516700000</misses>
				<total>0</total>
				<timestamp>4445.405081</timestamp>
			</report>
			<report>
				<misses>516800000</misses>
				<total>0</total>
				<timestamp>4446.296252</timestamp>
			</report>
			<report>
				<misses>516900000</misses>
				<total>0</total>
				<timestamp>4447.189166</timestamp>
			</report>
			<report>
				<misses>517000000</misses>
				<total>0</total>
				<timestamp>4448.053735</timestamp>
			</report>
			<report>
				<misses>517100000</misses>
				<total>0</total>
				<timestamp>4448.921558</timestamp>
			</report>
			<report>
				<misses>517200000</misses>
				<total>0</total>
				<timestamp>4449.746620</timestamp>
			</report>
			<report>
				<misses>517300000</misses>
				<total>0</total>
				<timestamp>4450.615845</timestamp>
			</report>
			<report>
				<misses>517400000</misses>
				<total>0</total>
				<timestamp>4451.508761</timestamp>
			</report>
			<report>
				<misses>517500000</misses>
				<total>0</total>
				<timestamp>4452.381397</timestamp>
			</report>
			<report>
				<misses>517600000</misses>
				<total>0</total>
				<timestamp>4453.316344</timestamp>
			</report>
			<report>
				<misses>517700000</misses>
				<total>0</total>
				<timestamp>4454.180661</timestamp>
			</report>
			<report>
				<misses>517800000</misses>
				<total>0</total>
				<timestamp>4455.086401</timestamp>
			</report>
			<report>
				<misses>517900000</misses>
				<total>0</total>
				<timestamp>4455.976192</timestamp>
			</report>
			<report>
				<misses>518000000</misses>
				<total>0</total>
				<timestamp>4456.844808</timestamp>
			</report>
			<report>
				<misses>518100000</misses>
				<total>0</total>
				<timestamp>4457.708677</timestamp>
			</report>
			<report>
				<misses>518200000</misses>
				<total>0</total>
				<timestamp>4458.491699</timestamp>
			</report>
			<report>
				<misses>518300000</misses>
				<total>0</total>
				<timestamp>4459.268189</timestamp>
			</report>
			<report>
				<misses>518400000</misses>
				<total>0</total>
				<timestamp>4460.143101</timestamp>
			</report>
			<report>
				<misses>518500000</misses>
				<total>0</total>
				<timestamp>4460.972041</timestamp>
			</report>
			<report>
				<misses>518600000</misses>
				<total>0</total>
				<timestamp>4461.787077</timestamp>
			</report>
			<report>
				<misses>518700000</misses>
				<total>0</total>
				<timestamp>4462.621801</timestamp>
			</report>
			<report>
				<misses>518800000</misses>
				<total>0</total>
				<timestamp>4463.493591</timestamp>
			</report>
			<report>
				<misses>518900000</misses>
				<total>0</total>
				<timestamp>4464.343755</timestamp>
			</report>
			<report>
				<misses>519000000</misses>
				<total>0</total>
				<timestamp>4465.212508</timestamp>
			</report>
			<report>
				<misses>519100000</misses>
				<total>0</total>
				<timestamp>4466.039025</timestamp>
			</report>
			<report>
				<misses>519200000</misses>
				<total>0</total>
				<timestamp>4466.907364</timestamp>
			</report>
			<report>
				<misses>519300000</misses>
				<total>0</total>
				<timestamp>4467.827115</timestamp>
			</report>
			<report>
				<misses>519400000</misses>
				<total>0</total>
				<timestamp>4468.667417</timestamp>
			</report>
			<report>
				<misses>519500000</misses>
				<total>0</total>
				<timestamp>4469.571624</timestamp>
			</report>
			<report>
				<misses>519600000</misses>
				<total>0</total>
				<timestamp>4470.457967</timestamp>
			</report>
			<report>
				<misses>519700000</misses>
				<total>0</total>
				<timestamp>4471.311299</timestamp>
			</report>
			<report>
				<misses>519800000</misses>
				<total>0</total>
				<timestamp>4472.175529</timestamp>
			</report>
			<report>
				<misses>519900000</misses>
				<total>0</total>
				<timestamp>4473.059750</timestamp>
			</report>
			<report>
				<misses>520000000</misses>
				<total>0</total>
				<timestamp>4473.933149</timestamp>
			</report>
			<report>
				<misses>520100000</misses>
				<total>0</total>
				<timestamp>4474.818975</timestamp>
			</report>
			<report>
				<misses>520200000</misses>
				<total>0</total>
				<timestamp>4475.673990</timestamp>
			</report>
			<report>
				<misses>520300000</misses>
				<total>0</total>
				<timestamp>4476.629275</timestamp>
			</report>
			<report>
				<misses>520400000</misses>
				<total>0</total>
				<timestamp>4477.461761</timestamp>
			</report>
			<report>
				<misses>520500000</misses>
				<total>0</total>
				<timestamp>4478.337415</timestamp>
			</report>
			<report>
				<misses>520600000</misses>
				<total>0</total>
				<timestamp>4479.168331</timestamp>
			</report>
			<report>
				<misses>520700000</misses>
				<total>0</total>
				<timestamp>4480.051367</timestamp>
			</report>
			<report>
				<misses>520800000</misses>
				<total>0</total>
				<timestamp>4480.857926</timestamp>
			</report>
			<report>
				<misses>520900000</misses>
				<total>0</total>
				<timestamp>4481.721219</timestamp>
			</report>
			<report>
				<misses>521000000</misses>
				<total>0</total>
				<timestamp>4482.604457</timestamp>
			</report>
			<report>
				<misses>521100000</misses>
				<total>0</total>
				<timestamp>4483.433572</timestamp>
			</report>
			<report>
				<misses>521200000</misses>
				<total>0</total>
				<timestamp>4484.317469</timestamp>
			</report>
			<report>
				<misses>521300000</misses>
				<total>0</total>
				<timestamp>4485.171704</timestamp>
			</report>
			<report>
				<misses>521400000</misses>
				<total>0</total>
				<timestamp>4486.066842</timestamp>
			</report>
			<report>
				<misses>521500000</misses>
				<total>0</total>
				<timestamp>4486.905385</timestamp>
			</report>
			<report>
				<misses>521600000</misses>
				<total>0</total>
				<timestamp>4487.784708</timestamp>
			</report>
			<report>
				<misses>521700000</misses>
				<total>0</total>
				<timestamp>4488.694428</timestamp>
			</report>
			<report>
				<misses>521800000</misses>
				<total>0</total>
				<timestamp>4489.522403</timestamp>
			</report>
			<report>
				<misses>521900000</misses>
				<total>0</total>
				<timestamp>4490.428217</timestamp>
			</report>
			<report>
				<misses>522000000</misses>
				<total>0</total>
				<timestamp>4491.334474</timestamp>
			</report>
			<report>
				<misses>522100000</misses>
				<total>0</total>
				<timestamp>4492.243366</timestamp>
			</report>
			<report>
				<misses>522200000</misses>
				<total>0</total>
				<timestamp>4493.172266</timestamp>
			</report>
			<report>
				<misses>522300000</misses>
				<total>0</total>
				<timestamp>4494.064805</timestamp>
			</report>
			<report>
				<misses>522400000</misses>
				<total>0</total>
				<timestamp>4494.935370</timestamp>
			</report>
			<report>
				<misses>522500000</misses>
				<total>0</total>
				<timestamp>4495.806434</timestamp>
			</report>
			<report>
				<misses>522600000</misses>
				<total>0</total>
				<timestamp>4496.673828</timestamp>
			</report>
			<report>
				<misses>522700000</misses>
				<total>0</total>
				<timestamp>4497.568877</timestamp>
			</report>
			<report>
				<misses>522800000</misses>
				<total>0</total>
				<timestamp>4498.382513</timestamp>
			</report>
			<report>
				<misses>522900000</misses>
				<total>0</total>
				<timestamp>4499.207837</timestamp>
			</report>
			<report>
				<misses>523000000</misses>
				<total>0</total>
				<timestamp>4499.990876</timestamp>
			</report>
			<report>
				<misses>523100000</misses>
				<total>0</total>
				<timestamp>4500.833304</timestamp>
			</report>
			<report>
				<misses>523200000</misses>
				<total>0</total>
				<timestamp>4501.613793</timestamp>
			</report>
			<report>
				<misses>523300000</misses>
				<total>0</total>
				<timestamp>4502.404385</timestamp>
			</report>
			<report>
				<misses>523400000</misses>
				<total>0</total>
				<timestamp>4503.214205</timestamp>
			</report>
			<report>
				<misses>523500000</misses>
				<total>0</total>
				<timestamp>4504.007548</timestamp>
			</report>
			<report>
				<misses>523600000</misses>
				<total>0</total>
				<timestamp>4504.814829</timestamp>
			</report>
			<report>
				<misses>523700000</misses>
				<total>0</total>
				<timestamp>4505.620272</timestamp>
			</report>
			<report>
				<misses>523800000</misses>
				<total>0</total>
				<timestamp>4506.485477</timestamp>
			</report>
			<report>
				<misses>523900000</misses>
				<total>0</total>
				<timestamp>4507.430085</timestamp>
			</report>
			<report>
				<misses>524000000</misses>
				<total>0</total>
				<timestamp>4508.283760</timestamp>
			</report>
			<report>
				<misses>524100000</misses>
				<total>0</total>
				<timestamp>4509.183126</timestamp>
			</report>
			<report>
				<misses>524200000</misses>
				<total>0</total>
				<timestamp>4510.122597</timestamp>
			</report>
			<report>
				<misses>524300000</misses>
				<total>0</total>
				<timestamp>4510.997573</timestamp>
			</report>
			<report>
				<misses>524400000</misses>
				<total>0</total>
				<timestamp>4511.847841</timestamp>
			</report>
			<report>
				<misses>524500000</misses>
				<total>0</total>
				<timestamp>4512.768992</timestamp>
			</report>
			<report>
				<misses>524600000</misses>
				<total>0</total>
				<timestamp>4513.675124</timestamp>
			</report>
			<report>
				<misses>524700000</misses>
				<total>0</total>
				<timestamp>4514.549895</timestamp>
			</report>
			<report>
				<misses>524800000</misses>
				<total>0</total>
				<timestamp>4515.402180</timestamp>
			</report>
			<report>
				<misses>524900000</misses>
				<total>0</total>
				<timestamp>4516.260783</timestamp>
			</report>
			<report>
				<misses>525000000</misses>
				<total>0</total>
				<timestamp>4517.135427</timestamp>
			</report>
			<report>
				<misses>525100000</misses>
				<total>0</total>
				<timestamp>4517.988229</timestamp>
			</report>
			<report>
				<misses>525200000</misses>
				<total>0</total>
				<timestamp>4518.913016</timestamp>
			</report>
			<report>
				<misses>525300000</misses>
				<total>0</total>
				<timestamp>4519.812912</timestamp>
			</report>
			<report>
				<misses>525400000</misses>
				<total>0</total>
				<timestamp>4520.695779</timestamp>
			</report>
			<report>
				<misses>525500000</misses>
				<total>0</total>
				<timestamp>4521.616054</timestamp>
			</report>
			<report>
				<misses>525600000</misses>
				<total>0</total>
				<timestamp>4522.530474</timestamp>
			</report>
			<report>
				<misses>525700000</misses>
				<total>0</total>
				<timestamp>4523.386044</timestamp>
			</report>
			<report>
				<misses>525800000</misses>
				<total>0</total>
				<timestamp>4524.195222</timestamp>
			</report>
			<report>
				<misses>525900000</misses>
				<total>0</total>
				<timestamp>4525.020948</timestamp>
			</report>
			<report>
				<misses>526000000</misses>
				<total>0</total>
				<timestamp>4525.825700</timestamp>
			</report>
			<report>
				<misses>526100000</misses>
				<total>0</total>
				<timestamp>4526.658777</timestamp>
			</report>
			<report>
				<misses>526200000</misses>
				<total>0</total>
				<timestamp>4527.496983</timestamp>
			</report>
			<report>
				<misses>526300000</misses>
				<total>0</total>
				<timestamp>4528.366042</timestamp>
			</report>
			<report>
				<misses>526400000</misses>
				<total>0</total>
				<timestamp>4529.202312</timestamp>
			</report>
			<report>
				<misses>526500000</misses>
				<total>0</total>
				<timestamp>4530.110439</timestamp>
			</report>
			<report>
				<misses>526600000</misses>
				<total>0</total>
				<timestamp>4531.038775</timestamp>
			</report>
			<report>
				<misses>526700000</misses>
				<total>0</total>
				<timestamp>4531.925538</timestamp>
			</report>
			<report>
				<misses>526800000</misses>
				<total>0</total>
				<timestamp>4532.795090</timestamp>
			</report>
			<report>
				<misses>526900000</misses>
				<total>0</total>
				<timestamp>4533.718382</timestamp>
			</report>
			<report>
				<misses>527000000</misses>
				<total>0</total>
				<timestamp>4534.578742</timestamp>
			</report>
			<report>
				<misses>527100000</misses>
				<total>0</total>
				<timestamp>4535.464913</timestamp>
			</report>
			<report>
				<misses>527200000</misses>
				<total>0</total>
				<timestamp>4536.334008</timestamp>
			</report>
			<report>
				<misses>527300000</misses>
				<total>0</total>
				<timestamp>4537.262264</timestamp>
			</report>
			<report>
				<misses>527400000</misses>
				<total>0</total>
				<timestamp>4538.117877</timestamp>
			</report>
			<report>
				<misses>527500000</misses>
				<total>0</total>
				<timestamp>4538.991021</timestamp>
			</report>
			<report>
				<misses>527600000</misses>
				<total>0</total>
				<timestamp>4539.845771</timestamp>
			</report>
			<report>
				<misses>527700000</misses>
				<total>0</total>
				<timestamp>4540.737925</timestamp>
			</report>
			<report>
				<misses>527800000</misses>
				<total>0</total>
				<timestamp>4541.586167</timestamp>
			</report>
			<report>
				<misses>527900000</misses>
				<total>0</total>
				<timestamp>4542.376776</timestamp>
			</report>
			<report>
				<misses>528000000</misses>
				<total>0</total>
				<timestamp>4543.169892</timestamp>
			</report>
			<report>
				<misses>528100000</misses>
				<total>0</total>
				<timestamp>4543.956253</timestamp>
			</report>
			<report>
				<misses>528200000</misses>
				<total>0</total>
				<timestamp>4544.843368</timestamp>
			</report>
			<report>
				<misses>528300000</misses>
				<total>0</total>
				<timestamp>4545.758251</timestamp>
			</report>
			<report>
				<misses>528400000</misses>
				<total>0</total>
				<timestamp>4546.581555</timestamp>
			</report>
			<report>
				<misses>528500000</misses>
				<total>0</total>
				<timestamp>4547.377152</timestamp>
			</report>
			<report>
				<misses>528600000</misses>
				<total>0</total>
				<timestamp>4548.242049</timestamp>
			</report>
			<report>
				<misses>528700000</misses>
				<total>0</total>
				<timestamp>4549.109691</timestamp>
			</report>
			<report>
				<misses>528800000</misses>
				<total>0</total>
				<timestamp>4550.024950</timestamp>
			</report>
			<report>
				<misses>528900000</misses>
				<total>0</total>
				<timestamp>4550.928722</timestamp>
			</report>
			<report>
				<misses>529000000</misses>
				<total>0</total>
				<timestamp>4551.811010</timestamp>
			</report>
			<report>
				<misses>529100000</misses>
				<total>0</total>
				<timestamp>4552.711487</timestamp>
			</report>
			<report>
				<misses>529200000</misses>
				<total>0</total>
				<timestamp>4553.559765</timestamp>
			</report>
			<report>
				<misses>529300000</misses>
				<total>0</total>
				<timestamp>4554.423921</timestamp>
			</report>
			<report>
				<misses>529400000</misses>
				<total>0</total>
				<timestamp>4555.357043</timestamp>
			</report>
			<report>
				<misses>529500000</misses>
				<total>0</total>
				<timestamp>4556.271065</timestamp>
			</report>
			<report>
				<misses>529600000</misses>
				<total>0</total>
				<timestamp>4557.207677</timestamp>
			</report>
			<report>
				<misses>529700000</misses>
				<total>0</total>
				<timestamp>4558.111486</timestamp>
			</report>
			<report>
				<misses>529800000</misses>
				<total>0</total>
				<timestamp>4559.035636</timestamp>
			</report>
			<report>
				<misses>529900000</misses>
				<total>0</total>
				<timestamp>4559.968891</timestamp>
			</report>
			<report>
				<misses>530000000</misses>
				<total>0</total>
				<timestamp>4560.879517</timestamp>
			</report>
			<report>
				<misses>530100000</misses>
				<total>0</total>
				<timestamp>4561.797222</timestamp>
			</report>
			<report>
				<misses>530200000</misses>
				<total>0</total>
				<timestamp>4562.717961</timestamp>
			</report>
			<report>
				<misses>530300000</misses>
				<total>0</total>
				<timestamp>4563.558312</timestamp>
			</report>
			<report>
				<misses>530400000</misses>
				<total>0</total>
				<timestamp>4564.390358</timestamp>
			</report>
			<report>
				<misses>530500000</misses>
				<total>0</total>
				<timestamp>4565.223460</timestamp>
			</report>
			<report>
				<misses>530600000</misses>
				<total>0</total>
				<timestamp>4566.010992</timestamp>
			</report>
			<report>
				<misses>530700000</misses>
				<total>0</total>
				<timestamp>4566.823759</timestamp>
			</report>
			<report>
				<misses>530800000</misses>
				<total>0</total>
				<timestamp>4567.625981</timestamp>
			</report>
			<report>
				<misses>530900000</misses>
				<total>0</total>
				<timestamp>4568.477400</timestamp>
			</report>
			<report>
				<misses>531000000</misses>
				<total>0</total>
				<timestamp>4569.373241</timestamp>
			</report>
			<report>
				<misses>531100000</misses>
				<total>0</total>
				<timestamp>4570.281332</timestamp>
			</report>
			<report>
				<misses>531200000</misses>
				<total>0</total>
				<timestamp>4571.225551</timestamp>
			</report>
			<report>
				<misses>531300000</misses>
				<total>0</total>
				<timestamp>4572.095137</timestamp>
			</report>
			<report>
				<misses>531400000</misses>
				<total>0</total>
				<timestamp>4573.021584</timestamp>
			</report>
			<report>
				<misses>531500000</misses>
				<total>0</total>
				<timestamp>4573.958494</timestamp>
			</report>
			<report>
				<misses>531600000</misses>
				<total>0</total>
				<timestamp>4574.875458</timestamp>
			</report>
			<report>
				<misses>531700000</misses>
				<total>0</total>
				<timestamp>4575.759455</timestamp>
			</report>
			<report>
				<misses>531800000</misses>
				<total>0</total>
				<timestamp>4576.652414</timestamp>
			</report>
			<report>
				<misses>531900000</misses>
				<total>0</total>
				<timestamp>4577.514839</timestamp>
			</report>
			<report>
				<misses>532000000</misses>
				<total>0</total>
				<timestamp>4578.376100</timestamp>
			</report>
			<report>
				<misses>532100000</misses>
				<total>0</total>
				<timestamp>4579.208568</timestamp>
			</report>
			<report>
				<misses>532200000</misses>
				<total>0</total>
				<timestamp>4580.099257</timestamp>
			</report>
			<report>
				<misses>532300000</misses>
				<total>0</total>
				<timestamp>4580.933492</timestamp>
			</report>
			<report>
				<misses>532400000</misses>
				<total>0</total>
				<timestamp>4581.766693</timestamp>
			</report>
			<report>
				<misses>532500000</misses>
				<total>0</total>
				<timestamp>4582.588215</timestamp>
			</report>
			<report>
				<misses>532600000</misses>
				<total>0</total>
				<timestamp>4583.517573</timestamp>
			</report>
			<report>
				<misses>532700000</misses>
				<total>0</total>
				<timestamp>4584.370111</timestamp>
			</report>
			<report>
				<misses>532800000</misses>
				<total>0</total>
				<timestamp>4585.214868</timestamp>
			</report>
			<report>
				<misses>532900000</misses>
				<total>0</total>
				<timestamp>4586.066446</timestamp>
			</report>
			<report>
				<misses>533000000</misses>
				<total>0</total>
				<timestamp>4586.948288</timestamp>
			</report>
			<report>
				<misses>533100000</misses>
				<total>0</total>
				<timestamp>4587.778399</timestamp>
			</report>
			<report>
				<misses>533200000</misses>
				<total>0</total>
				<timestamp>4588.626965</timestamp>
			</report>
			<report>
				<misses>533300000</misses>
				<total>0</total>
				<timestamp>4589.500966</timestamp>
			</report>
			<report>
				<misses>533400000</misses>
				<total>0</total>
				<timestamp>4590.383063</timestamp>
			</report>
			<report>
				<misses>533500000</misses>
				<total>0</total>
				<timestamp>4591.283066</timestamp>
			</report>
			<report>
				<misses>533600000</misses>
				<total>0</total>
				<timestamp>4592.169832</timestamp>
			</report>
			<report>
				<misses>533700000</misses>
				<total>0</total>
				<timestamp>4593.006760</timestamp>
			</report>
			<report>
				<misses>533800000</misses>
				<total>0</total>
				<timestamp>4593.953531</timestamp>
			</report>
			<report>
				<misses>533900000</misses>
				<total>0</total>
				<timestamp>4594.883334</timestamp>
			</report>
			<report>
				<misses>534000000</misses>
				<total>0</total>
				<timestamp>4595.772433</timestamp>
			</report>
			<report>
				<misses>534100000</misses>
				<total>0</total>
				<timestamp>4596.631735</timestamp>
			</report>
			<report>
				<misses>534200000</misses>
				<total>0</total>
				<timestamp>4597.469082</timestamp>
			</report>
			<report>
				<misses>534300000</misses>
				<total>0</total>
				<timestamp>4598.352388</timestamp>
			</report>
			<report>
				<misses>534400000</misses>
				<total>0</total>
				<timestamp>4599.228011</timestamp>
			</report>
			<report>
				<misses>534500000</misses>
				<total>0</total>
				<timestamp>4600.042390</timestamp>
			</report>
			<report>
				<misses>534600000</misses>
				<total>0</total>
				<timestamp>4600.838228</timestamp>
			</report>
			<report>
				<misses>534700000</misses>
				<total>0</total>
				<timestamp>4601.672349</timestamp>
			</report>
			<report>
				<misses>534800000</misses>
				<total>0</total>
				<timestamp>4602.514957</timestamp>
			</report>
			<report>
				<misses>534900000</misses>
				<total>0</total>
				<timestamp>4603.353176</timestamp>
			</report>
			<report>
				<misses>535000000</misses>
				<total>0</total>
				<timestamp>4604.142569</timestamp>
			</report>
			<report>
				<misses>535100000</misses>
				<total>0</total>
				<timestamp>4604.950797</timestamp>
			</report>
			<report>
				<misses>535200000</misses>
				<total>0</total>
				<timestamp>4605.736194</timestamp>
			</report>
			<report>
				<misses>535300000</misses>
				<total>0</total>
				<timestamp>4606.551794</timestamp>
			</report>
			<report>
				<misses>535400000</misses>
				<total>0</total>
				<timestamp>4607.435731</timestamp>
			</report>
			<report>
				<misses>535500000</misses>
				<total>0</total>
				<timestamp>4608.286496</timestamp>
			</report>
			<report>
				<misses>535600000</misses>
				<total>0</total>
				<timestamp>4609.116093</timestamp>
			</report>
			<report>
				<misses>535700000</misses>
				<total>0</total>
				<timestamp>4609.976856</timestamp>
			</report>
			<report>
				<misses>535800000</misses>
				<total>0</total>
				<timestamp>4610.854343</timestamp>
			</report>
			<report>
				<misses>535900000</misses>
				<total>0</total>
				<timestamp>4611.693425</timestamp>
			</report>
			<report>
				<misses>536000000</misses>
				<total>0</total>
				<timestamp>4612.615092</timestamp>
			</report>
			<report>
				<misses>536100000</misses>
				<total>0</total>
				<timestamp>4613.515545</timestamp>
			</report>
			<report>
				<misses>536200000</misses>
				<total>0</total>
				<timestamp>4614.387427</timestamp>
			</report>
			<report>
				<misses>536300000</misses>
				<total>0</total>
				<timestamp>4615.269644</timestamp>
			</report>
			<report>
				<misses>536400000</misses>
				<total>0</total>
				<timestamp>4616.103367</timestamp>
			</report>
			<report>
				<misses>536500000</misses>
				<total>0</total>
				<timestamp>4617.009325</timestamp>
			</report>
			<report>
				<misses>536600000</misses>
				<total>0</total>
				<timestamp>4617.843610</timestamp>
			</report>
			<report>
				<misses>536700000</misses>
				<total>0</total>
				<timestamp>4618.658708</timestamp>
			</report>
			<report>
				<misses>536800000</misses>
				<total>0</total>
				<timestamp>4619.451140</timestamp>
			</report>
			<report>
				<misses>536900000</misses>
				<total>0</total>
				<timestamp>4620.253732</timestamp>
			</report>
			<report>
				<misses>537000000</misses>
				<total>0</total>
				<timestamp>4621.025612</timestamp>
			</report>
			<report>
				<misses>537100000</misses>
				<total>0</total>
				<timestamp>4621.836935</timestamp>
			</report>
			<report>
				<misses>537200000</misses>
				<total>0</total>
				<timestamp>4622.624907</timestamp>
			</report>
			<report>
				<misses>537300000</misses>
				<total>0</total>
				<timestamp>4623.466993</timestamp>
			</report>
			<report>
				<misses>537400000</misses>
				<total>0</total>
				<timestamp>4624.297543</timestamp>
			</report>
			<report>
				<misses>537500000</misses>
				<total>0</total>
				<timestamp>4625.127650</timestamp>
			</report>
			<report>
				<misses>537600000</misses>
				<total>0</total>
				<timestamp>4626.014665</timestamp>
			</report>
			<report>
				<misses>537700000</misses>
				<total>0</total>
				<timestamp>4626.880616</timestamp>
			</report>
			<report>
				<misses>537800000</misses>
				<total>0</total>
				<timestamp>4627.781491</timestamp>
			</report>
			<report>
				<misses>537900000</misses>
				<total>0</total>
				<timestamp>4628.678601</timestamp>
			</report>
			<report>
				<misses>538000000</misses>
				<total>0</total>
				<timestamp>4629.591125</timestamp>
			</report>
			<report>
				<misses>538100000</misses>
				<total>0</total>
				<timestamp>4630.430138</timestamp>
			</report>
			<report>
				<misses>538200000</misses>
				<total>0</total>
				<timestamp>4631.326402</timestamp>
			</report>
			<report>
				<misses>538300000</misses>
				<total>0</total>
				<timestamp>4632.190129</timestamp>
			</report>
			<report>
				<misses>538400000</misses>
				<total>0</total>
				<timestamp>4633.053854</timestamp>
			</report>
			<report>
				<misses>538500000</misses>
				<total>0</total>
				<timestamp>4633.875193</timestamp>
			</report>
			<report>
				<misses>538600000</misses>
				<total>0</total>
				<timestamp>4634.760199</timestamp>
			</report>
			<report>
				<misses>538700000</misses>
				<total>0</total>
				<timestamp>4635.620358</timestamp>
			</report>
			<report>
				<misses>538800000</misses>
				<total>0</total>
				<timestamp>4636.510556</timestamp>
			</report>
			<report>
				<misses>538900000</misses>
				<total>0</total>
				<timestamp>4637.403468</timestamp>
			</report>
			<report>
				<misses>539000000</misses>
				<total>0</total>
				<timestamp>4638.267158</timestamp>
			</report>
			<report>
				<misses>539100000</misses>
				<total>0</total>
				<timestamp>4639.149782</timestamp>
			</report>
			<report>
				<misses>539200000</misses>
				<total>0</total>
				<timestamp>4639.988122</timestamp>
			</report>
			<report>
				<misses>539300000</misses>
				<total>0</total>
				<timestamp>4640.797986</timestamp>
			</report>
			<report>
				<misses>539400000</misses>
				<total>0</total>
				<timestamp>4641.605748</timestamp>
			</report>
			<report>
				<misses>539500000</misses>
				<total>0</total>
				<timestamp>4642.408773</timestamp>
			</report>
			<report>
				<misses>539600000</misses>
				<total>0</total>
				<timestamp>4643.205275</timestamp>
			</report>
			<report>
				<misses>539700000</misses>
				<total>0</total>
				<timestamp>4644.056376</timestamp>
			</report>
			<report>
				<misses>539800000</misses>
				<total>0</total>
				<timestamp>4644.914426</timestamp>
			</report>
			<report>
				<misses>539900000</misses>
				<total>0</total>
				<timestamp>4645.733136</timestamp>
			</report>
			<report>
				<misses>540000000</misses>
				<total>0</total>
				<timestamp>4646.537096</timestamp>
			</report>
			<report>
				<misses>540100000</misses>
				<total>0</total>
				<timestamp>4647.396144</timestamp>
			</report>
			<report>
				<misses>540200000</misses>
				<total>0</total>
				<timestamp>4648.278074</timestamp>
			</report>
			<report>
				<misses>540300000</misses>
				<total>0</total>
				<timestamp>4649.120490</timestamp>
			</report>
			<report>
				<misses>540400000</misses>
				<total>0</total>
				<timestamp>4650.008648</timestamp>
			</report>
			<report>
				<misses>540500000</misses>
				<total>0</total>
				<timestamp>4650.843985</timestamp>
			</report>
			<report>
				<misses>540600000</misses>
				<total>0</total>
				<timestamp>4651.690930</timestamp>
			</report>
			<report>
				<misses>540700000</misses>
				<total>0</total>
				<timestamp>4652.568853</timestamp>
			</report>
			<report>
				<misses>540800000</misses>
				<total>0</total>
				<timestamp>4653.423538</timestamp>
			</report>
			<report>
				<misses>540900000</misses>
				<total>0</total>
				<timestamp>4654.292456</timestamp>
			</report>
			<report>
				<misses>541000000</misses>
				<total>0</total>
				<timestamp>4655.188720</timestamp>
			</report>
			<report>
				<misses>541100000</misses>
				<total>0</total>
				<timestamp>4656.063786</timestamp>
			</report>
			<report>
				<misses>541200000</misses>
				<total>0</total>
				<timestamp>4656.923618</timestamp>
			</report>
			<report>
				<misses>541300000</misses>
				<total>0</total>
				<timestamp>4657.773516</timestamp>
			</report>
			<report>
				<misses>541400000</misses>
				<total>0</total>
				<timestamp>4658.666539</timestamp>
			</report>
			<report>
				<misses>541500000</misses>
				<total>0</total>
				<timestamp>4659.503615</timestamp>
			</report>
			<report>
				<misses>541600000</misses>
				<total>0</total>
				<timestamp>4660.310382</timestamp>
			</report>
			<report>
				<misses>541700000</misses>
				<total>0</total>
				<timestamp>4661.142681</timestamp>
			</report>
			<report>
				<misses>541800000</misses>
				<total>0</total>
				<timestamp>4661.917145</timestamp>
			</report>
			<report>
				<misses>541900000</misses>
				<total>0</total>
				<timestamp>4662.769099</timestamp>
			</report>
			<report>
				<misses>542000000</misses>
				<total>0</total>
				<timestamp>4663.615105</timestamp>
			</report>
			<report>
				<misses>542100000</misses>
				<total>0</total>
				<timestamp>4664.417266</timestamp>
			</report>
			<report>
				<misses>542200000</misses>
				<total>0</total>
				<timestamp>4665.231323</timestamp>
			</report>
			<report>
				<misses>542300000</misses>
				<total>0</total>
				<timestamp>4666.047410</timestamp>
			</report>
			<report>
				<misses>542400000</misses>
				<total>0</total>
				<timestamp>4666.887344</timestamp>
			</report>
			<report>
				<misses>542500000</misses>
				<total>0</total>
				<timestamp>4667.744382</timestamp>
			</report>
			<report>
				<misses>542600000</misses>
				<total>0</total>
				<timestamp>4668.561430</timestamp>
			</report>
			<report>
				<misses>542700000</misses>
				<total>0</total>
				<timestamp>4669.397340</timestamp>
			</report>
			<report>
				<misses>542800000</misses>
				<total>0</total>
				<timestamp>4670.242307</timestamp>
			</report>
			<report>
				<misses>542900000</misses>
				<total>0</total>
				<timestamp>4671.066583</timestamp>
			</report>
			<report>
				<misses>543000000</misses>
				<total>0</total>
				<timestamp>4671.904760</timestamp>
			</report>
			<report>
				<misses>543100000</misses>
				<total>0</total>
				<timestamp>4672.749654</timestamp>
			</report>
			<report>
				<misses>543200000</misses>
				<total>0</total>
				<timestamp>4673.648521</timestamp>
			</report>
			<report>
				<misses>543300000</misses>
				<total>0</total>
				<timestamp>4674.542363</timestamp>
			</report>
			<report>
				<misses>543400000</misses>
				<total>0</total>
				<timestamp>4675.425212</timestamp>
			</report>
			<report>
				<misses>543500000</misses>
				<total>0</total>
				<timestamp>4676.271042</timestamp>
			</report>
			<report>
				<misses>543600000</misses>
				<total>0</total>
				<timestamp>4677.108849</timestamp>
			</report>
			<report>
				<misses>543700000</misses>
				<total>0</total>
				<timestamp>4677.929144</timestamp>
			</report>
			<report>
				<misses>543800000</misses>
				<total>0</total>
				<timestamp>4678.751951</timestamp>
			</report>
			<report>
				<misses>543900000</misses>
				<total>0</total>
				<timestamp>4679.596590</timestamp>
			</report>
			<report>
				<misses>544000000</misses>
				<total>0</total>
				<timestamp>4680.456227</timestamp>
			</report>
			<report>
				<misses>544100000</misses>
				<total>0</total>
				<timestamp>4681.263413</timestamp>
			</report>
			<report>
				<misses>544200000</misses>
				<total>0</total>
				<timestamp>4682.077348</timestamp>
			</report>
			<report>
				<misses>544300000</misses>
				<total>0</total>
				<timestamp>4682.882483</timestamp>
			</report>
			<report>
				<misses>544400000</misses>
				<total>0</total>
				<timestamp>4683.691243</timestamp>
			</report>
			<report>
				<misses>544500000</misses>
				<total>0</total>
				<timestamp>4684.490793</timestamp>
			</report>
			<report>
				<misses>544600000</misses>
				<total>0</total>
				<timestamp>4685.292240</timestamp>
			</report>
			<report>
				<misses>544700000</misses>
				<total>0</total>
				<timestamp>4686.126675</timestamp>
			</report>
			<report>
				<misses>544800000</misses>
				<total>0</total>
				<timestamp>4686.969323</timestamp>
			</report>
			<report>
				<misses>544900000</misses>
				<total>0</total>
				<timestamp>4687.781440</timestamp>
			</report>
			<report>
				<misses>545000000</misses>
				<total>0</total>
				<timestamp>4688.659019</timestamp>
			</report>
			<report>
				<misses>545100000</misses>
				<total>0</total>
				<timestamp>4689.504474</timestamp>
			</report>
			<report>
				<misses>545200000</misses>
				<total>0</total>
				<timestamp>4690.362947</timestamp>
			</report>
			<report>
				<misses>545300000</misses>
				<total>0</total>
				<timestamp>4691.190310</timestamp>
			</report>
			<report>
				<misses>545400000</misses>
				<total>0</total>
				<timestamp>4692.023631</timestamp>
			</report>
			<report>
				<misses>545500000</misses>
				<total>0</total>
				<timestamp>4692.890021</timestamp>
			</report>
			<report>
				<misses>545600000</misses>
				<total>0</total>
				<timestamp>4693.815024</timestamp>
			</report>
			<report>
				<misses>545700000</misses>
				<total>0</total>
				<timestamp>4694.632108</timestamp>
			</report>
			<report>
				<misses>545800000</misses>
				<total>0</total>
				<timestamp>4695.527295</timestamp>
			</report>
			<report>
				<misses>545900000</misses>
				<total>0</total>
				<timestamp>4696.321477</timestamp>
			</report>
			<report>
				<misses>546000000</misses>
				<total>0</total>
				<timestamp>4697.131797</timestamp>
			</report>
			<report>
				<misses>546100000</misses>
				<total>0</total>
				<timestamp>4698.016862</timestamp>
			</report>
			<report>
				<misses>546200000</misses>
				<total>0</total>
				<timestamp>4698.851119</timestamp>
			</report>
			<report>
				<misses>546300000</misses>
				<total>0</total>
				<timestamp>4699.642102</timestamp>
			</report>
			<report>
				<misses>546400000</misses>
				<total>0</total>
				<timestamp>4700.436161</timestamp>
			</report>
			<report>
				<misses>546500000</misses>
				<total>0</total>
				<timestamp>4701.233856</timestamp>
			</report>
			<report>
				<misses>546600000</misses>
				<total>0</total>
				<timestamp>4702.055787</timestamp>
			</report>
			<report>
				<misses>546700000</misses>
				<total>0</total>
				<timestamp>4702.858881</timestamp>
			</report>
			<report>
				<misses>546800000</misses>
				<total>0</total>
				<timestamp>4703.630974</timestamp>
			</report>
			<report>
				<misses>546900000</misses>
				<total>0</total>
				<timestamp>4704.480306</timestamp>
			</report>
			<report>
				<misses>547000000</misses>
				<total>0</total>
				<timestamp>4705.385108</timestamp>
			</report>
			<report>
				<misses>547100000</misses>
				<total>0</total>
				<timestamp>4706.217168</timestamp>
			</report>
			<report>
				<misses>547200000</misses>
				<total>0</total>
				<timestamp>4707.065110</timestamp>
			</report>
			<report>
				<misses>547300000</misses>
				<total>0</total>
				<timestamp>4707.945337</timestamp>
			</report>
			<report>
				<misses>547400000</misses>
				<total>0</total>
				<timestamp>4708.759834</timestamp>
			</report>
			<report>
				<misses>547500000</misses>
				<total>0</total>
				<timestamp>4709.698370</timestamp>
			</report>
			<report>
				<misses>547600000</misses>
				<total>0</total>
				<timestamp>4710.637388</timestamp>
			</report>
			<report>
				<misses>547700000</misses>
				<total>0</total>
				<timestamp>4711.474207</timestamp>
			</report>
			<report>
				<misses>547800000</misses>
				<total>0</total>
				<timestamp>4712.340059</timestamp>
			</report>
			<report>
				<misses>547900000</misses>
				<total>0</total>
				<timestamp>4713.190641</timestamp>
			</report>
			<report>
				<misses>548000000</misses>
				<total>0</total>
				<timestamp>4714.051181</timestamp>
			</report>
			<report>
				<misses>548100000</misses>
				<total>0</total>
				<timestamp>4714.965510</timestamp>
			</report>
			<report>
				<misses>548200000</misses>
				<total>0</total>
				<timestamp>4715.781068</timestamp>
			</report>
			<report>
				<misses>548300000</misses>
				<total>0</total>
				<timestamp>4716.606480</timestamp>
			</report>
			<report>
				<misses>548400000</misses>
				<total>0</total>
				<timestamp>4717.379700</timestamp>
			</report>
			<report>
				<misses>548500000</misses>
				<total>0</total>
				<timestamp>4718.164493</timestamp>
			</report>
			<report>
				<misses>548600000</misses>
				<total>0</total>
				<timestamp>4719.009893</timestamp>
			</report>
			<report>
				<misses>548700000</misses>
				<total>0</total>
				<timestamp>4719.867710</timestamp>
			</report>
			<report>
				<misses>548800000</misses>
				<total>0</total>
				<timestamp>4720.651390</timestamp>
			</report>
			<report>
				<misses>548900000</misses>
				<total>0</total>
				<timestamp>4721.492145</timestamp>
			</report>
			<report>
				<misses>549000000</misses>
				<total>0</total>
				<timestamp>4722.302397</timestamp>
			</report>
			<report>
				<misses>549100000</misses>
				<total>0</total>
				<timestamp>4723.214038</timestamp>
			</report>
			<report>
				<misses>549200000</misses>
				<total>0</total>
				<timestamp>4724.114846</timestamp>
			</report>
			<report>
				<misses>549300000</misses>
				<total>0</total>
				<timestamp>4724.944735</timestamp>
			</report>
			<report>
				<misses>549400000</misses>
				<total>0</total>
				<timestamp>4725.833342</timestamp>
			</report>
			<report>
				<misses>549500000</misses>
				<total>0</total>
				<timestamp>4726.714480</timestamp>
			</report>
			<report>
				<misses>549600000</misses>
				<total>0</total>
				<timestamp>4727.566845</timestamp>
			</report>
			<report>
				<misses>549700000</misses>
				<total>0</total>
				<timestamp>4728.416327</timestamp>
			</report>
			<report>
				<misses>549800000</misses>
				<total>0</total>
				<timestamp>4729.280593</timestamp>
			</report>
			<report>
				<misses>549900000</misses>
				<total>0</total>
				<timestamp>4730.072395</timestamp>
			</report>
			<report>
				<misses>550000000</misses>
				<total>0</total>
				<timestamp>4730.960500</timestamp>
			</report>
			<report>
				<misses>550100000</misses>
				<total>0</total>
				<timestamp>4731.813680</timestamp>
			</report>
			<report>
				<misses>550200000</misses>
				<total>0</total>
				<timestamp>4732.695800</timestamp>
			</report>
			<report>
				<misses>550300000</misses>
				<total>0</total>
				<timestamp>4733.568507</timestamp>
			</report>
			<report>
				<misses>550400000</misses>
				<total>0</total>
				<timestamp>4734.367488</timestamp>
			</report>
			<report>
				<misses>550500000</misses>
				<total>0</total>
				<timestamp>4735.175633</timestamp>
			</report>
			<report>
				<misses>550600000</misses>
				<total>0</total>
				<timestamp>4736.077713</timestamp>
			</report>
			<report>
				<misses>550700000</misses>
				<total>0</total>
				<timestamp>4736.954955</timestamp>
			</report>
			<report>
				<misses>550800000</misses>
				<total>0</total>
				<timestamp>4737.766333</timestamp>
			</report>
			<report>
				<misses>550900000</misses>
				<total>0</total>
				<timestamp>4738.602712</timestamp>
			</report>
			<report>
				<misses>551000000</misses>
				<total>0</total>
				<timestamp>4739.452780</timestamp>
			</report>
			<report>
				<misses>551100000</misses>
				<total>0</total>
				<timestamp>4740.265916</timestamp>
			</report>
			<report>
				<misses>551200000</misses>
				<total>0</total>
				<timestamp>4741.108464</timestamp>
			</report>
			<report>
				<misses>551300000</misses>
				<total>0</total>
				<timestamp>4741.933773</timestamp>
			</report>
			<report>
				<misses>551400000</misses>
				<total>0</total>
				<timestamp>4742.791667</timestamp>
			</report>
			<report>
				<misses>551500000</misses>
				<total>0</total>
				<timestamp>4743.630014</timestamp>
			</report>
			<report>
				<misses>551600000</misses>
				<total>0</total>
				<timestamp>4744.479468</timestamp>
			</report>
			<report>
				<misses>551700000</misses>
				<total>0</total>
				<timestamp>4745.325059</timestamp>
			</report>
			<report>
				<misses>551800000</misses>
				<total>0</total>
				<timestamp>4746.156344</timestamp>
			</report>
			<report>
				<misses>551900000</misses>
				<total>0</total>
				<timestamp>4746.998006</timestamp>
			</report>
			<report>
				<misses>552000000</misses>
				<total>0</total>
				<timestamp>4747.834677</timestamp>
			</report>
			<report>
				<misses>552100000</misses>
				<total>0</total>
				<timestamp>4748.711574</timestamp>
			</report>
			<report>
				<misses>552200000</misses>
				<total>0</total>
				<timestamp>4749.657887</timestamp>
			</report>
			<report>
				<misses>552300000</misses>
				<total>0</total>
				<timestamp>4750.573002</timestamp>
			</report>
			<report>
				<misses>552400000</misses>
				<total>0</total>
				<timestamp>4751.452601</timestamp>
			</report>
			<report>
				<misses>552500000</misses>
				<total>0</total>
				<timestamp>4752.305673</timestamp>
			</report>
			<report>
				<misses>552600000</misses>
				<total>0</total>
				<timestamp>4753.163947</timestamp>
			</report>
			<report>
				<misses>552700000</misses>
				<total>0</total>
				<timestamp>4754.072525</timestamp>
			</report>
			<report>
				<misses>552800000</misses>
				<total>0</total>
				<timestamp>4754.852194</timestamp>
			</report>
			<report>
				<misses>552900000</misses>
				<total>0</total>
				<timestamp>4755.652587</timestamp>
			</report>
			<report>
				<misses>553000000</misses>
				<total>0</total>
				<timestamp>4756.457222</timestamp>
			</report>
			<report>
				<misses>553100000</misses>
				<total>0</total>
				<timestamp>4757.251783</timestamp>
			</report>
			<report>
				<misses>553200000</misses>
				<total>0</total>
				<timestamp>4758.094027</timestamp>
			</report>
			<report>
				<misses>553300000</misses>
				<total>0</total>
				<timestamp>4758.954247</timestamp>
			</report>
			<report>
				<misses>553400000</misses>
				<total>0</total>
				<timestamp>4759.794524</timestamp>
			</report>
			<report>
				<misses>553500000</misses>
				<total>0</total>
				<timestamp>4760.697476</timestamp>
			</report>
			<report>
				<misses>553600000</misses>
				<total>0</total>
				<timestamp>4761.588224</timestamp>
			</report>
			<report>
				<misses>553700000</misses>
				<total>0</total>
				<timestamp>4762.469443</timestamp>
			</report>
			<report>
				<misses>553800000</misses>
				<total>0</total>
				<timestamp>4763.348940</timestamp>
			</report>
			<report>
				<misses>553900000</misses>
				<total>0</total>
				<timestamp>4764.177395</timestamp>
			</report>
			<report>
				<misses>554000000</misses>
				<total>0</total>
				<timestamp>4765.033984</timestamp>
			</report>
			<report>
				<misses>554100000</misses>
				<total>0</total>
				<timestamp>4765.933642</timestamp>
			</report>
			<report>
				<misses>554200000</misses>
				<total>0</total>
				<timestamp>4766.829813</timestamp>
			</report>
			<report>
				<misses>554300000</misses>
				<total>0</total>
				<timestamp>4767.692497</timestamp>
			</report>
			<report>
				<misses>554400000</misses>
				<total>0</total>
				<timestamp>4768.536878</timestamp>
			</report>
			<report>
				<misses>554500000</misses>
				<total>0</total>
				<timestamp>4769.400003</timestamp>
			</report>
			<report>
				<misses>554600000</misses>
				<total>0</total>
				<timestamp>4770.324637</timestamp>
			</report>
			<report>
				<misses>554700000</misses>
				<total>0</total>
				<timestamp>4771.113223</timestamp>
			</report>
			<report>
				<misses>554800000</misses>
				<total>0</total>
				<timestamp>4771.991881</timestamp>
			</report>
			<report>
				<misses>554900000</misses>
				<total>0</total>
				<timestamp>4772.870175</timestamp>
			</report>
			<report>
				<misses>555000000</misses>
				<total>0</total>
				<timestamp>4773.690464</timestamp>
			</report>
			<report>
				<misses>555100000</misses>
				<total>0</total>
				<timestamp>4774.562829</timestamp>
			</report>
			<report>
				<misses>555200000</misses>
				<total>0</total>
				<timestamp>4775.409964</timestamp>
			</report>
			<report>
				<misses>555300000</misses>
				<total>0</total>
				<timestamp>4776.237179</timestamp>
			</report>
			<report>
				<misses>555400000</misses>
				<total>0</total>
				<timestamp>4777.042963</timestamp>
			</report>
			<report>
				<misses>555500000</misses>
				<total>0</total>
				<timestamp>4777.904889</timestamp>
			</report>
			<report>
				<misses>555600000</misses>
				<total>0</total>
				<timestamp>4778.759876</timestamp>
			</report>
			<report>
				<misses>555700000</misses>
				<total>0</total>
				<timestamp>4779.661934</timestamp>
			</report>
			<report>
				<misses>555800000</misses>
				<total>0</total>
				<timestamp>4780.502481</timestamp>
			</report>
			<report>
				<misses>555900000</misses>
				<total>0</total>
				<timestamp>4781.338919</timestamp>
			</report>
			<report>
				<misses>556000000</misses>
				<total>0</total>
				<timestamp>4782.217164</timestamp>
			</report>
			<report>
				<misses>556100000</misses>
				<total>0</total>
				<timestamp>4783.073207</timestamp>
			</report>
			<report>
				<misses>556200000</misses>
				<total>0</total>
				<timestamp>4783.951228</timestamp>
			</report>
			<report>
				<misses>556300000</misses>
				<total>0</total>
				<timestamp>4784.818313</timestamp>
			</report>
			<report>
				<misses>556400000</misses>
				<total>0</total>
				<timestamp>4785.723866</timestamp>
			</report>
			<report>
				<misses>556500000</misses>
				<total>0</total>
				<timestamp>4786.557156</timestamp>
			</report>
			<report>
				<misses>556600000</misses>
				<total>0</total>
				<timestamp>4787.463915</timestamp>
			</report>
			<report>
				<misses>556700000</misses>
				<total>0</total>
				<timestamp>4788.357319</timestamp>
			</report>
			<report>
				<misses>556800000</misses>
				<total>0</total>
				<timestamp>4789.261997</timestamp>
			</report>
			<report>
				<misses>556900000</misses>
				<total>0</total>
				<timestamp>4790.122503</timestamp>
			</report>
			<report>
				<misses>557000000</misses>
				<total>0</total>
				<timestamp>4790.965910</timestamp>
			</report>
			<report>
				<misses>557100000</misses>
				<total>0</total>
				<timestamp>4791.812215</timestamp>
			</report>
			<report>
				<misses>557200000</misses>
				<total>0</total>
				<timestamp>4792.687493</timestamp>
			</report>
			<report>
				<misses>557300000</misses>
				<total>0</total>
				<timestamp>4793.557232</timestamp>
			</report>
			<report>
				<misses>557400000</misses>
				<total>0</total>
				<timestamp>4794.407019</timestamp>
			</report>
			<report>
				<misses>557500000</misses>
				<total>0</total>
				<timestamp>4795.258356</timestamp>
			</report>
			<report>
				<misses>557600000</misses>
				<total>0</total>
				<timestamp>4796.147904</timestamp>
			</report>
			<report>
				<misses>557700000</misses>
				<total>0</total>
				<timestamp>4797.000742</timestamp>
			</report>
			<report>
				<misses>557800000</misses>
				<total>0</total>
				<timestamp>4797.895062</timestamp>
			</report>
			<report>
				<misses>557900000</misses>
				<total>0</total>
				<timestamp>4798.789292</timestamp>
			</report>
			<report>
				<misses>558000000</misses>
				<total>0</total>
				<timestamp>4799.613113</timestamp>
			</report>
			<report>
				<misses>558100000</misses>
				<total>0</total>
				<timestamp>4800.493477</timestamp>
			</report>
			<report>
				<misses>558200000</misses>
				<total>0</total>
				<timestamp>4801.350563</timestamp>
			</report>
			<report>
				<misses>558300000</misses>
				<total>0</total>
				<timestamp>4802.199744</timestamp>
			</report>
			<report>
				<misses>558400000</misses>
				<total>0</total>
				<timestamp>4803.132441</timestamp>
			</report>
			<report>
				<misses>558500000</misses>
				<total>0</total>
				<timestamp>4804.028575</timestamp>
			</report>
			<report>
				<misses>558600000</misses>
				<total>0</total>
				<timestamp>4804.877334</timestamp>
			</report>
			<report>
				<misses>558700000</misses>
				<total>0</total>
				<timestamp>4805.748074</timestamp>
			</report>
			<report>
				<misses>558800000</misses>
				<total>0</total>
				<timestamp>4806.564806</timestamp>
			</report>
			<report>
				<misses>558900000</misses>
				<total>0</total>
				<timestamp>4807.373840</timestamp>
			</report>
			<report>
				<misses>559000000</misses>
				<total>0</total>
				<timestamp>4808.185685</timestamp>
			</report>
			<report>
				<misses>559100000</misses>
				<total>0</total>
				<timestamp>4808.975586</timestamp>
			</report>
			<report>
				<misses>559200000</misses>
				<total>0</total>
				<timestamp>4809.797619</timestamp>
			</report>
			<report>
				<misses>559300000</misses>
				<total>0</total>
				<timestamp>4810.603129</timestamp>
			</report>
			<report>
				<misses>559400000</misses>
				<total>0</total>
				<timestamp>4811.408411</timestamp>
			</report>
			<report>
				<misses>559500000</misses>
				<total>0</total>
				<timestamp>4812.230106</timestamp>
			</report>
			<report>
				<misses>559600000</misses>
				<total>0</total>
				<timestamp>4813.106971</timestamp>
			</report>
			<report>
				<misses>559700000</misses>
				<total>0</total>
				<timestamp>4814.031796</timestamp>
			</report>
			<report>
				<misses>559800000</misses>
				<total>0</total>
				<timestamp>4814.913739</timestamp>
			</report>
			<report>
				<misses>559900000</misses>
				<total>0</total>
				<timestamp>4815.806674</timestamp>
			</report>
			<report>
				<misses>560000000</misses>
				<total>0</total>
				<timestamp>4816.704318</timestamp>
			</report>
			<report>
				<misses>560100000</misses>
				<total>0</total>
				<timestamp>4817.620918</timestamp>
			</report>
			<report>
				<misses>560200000</misses>
				<total>0</total>
				<timestamp>4818.462297</timestamp>
			</report>
			<report>
				<misses>560300000</misses>
				<total>0</total>
				<timestamp>4819.409145</timestamp>
			</report>
			<report>
				<misses>560400000</misses>
				<total>0</total>
				<timestamp>4820.295001</timestamp>
			</report>
			<report>
				<misses>560500000</misses>
				<total>0</total>
				<timestamp>4821.169024</timestamp>
			</report>
			<report>
				<misses>560600000</misses>
				<total>0</total>
				<timestamp>4822.058405</timestamp>
			</report>
			<report>
				<misses>560700000</misses>
				<total>0</total>
				<timestamp>4822.933942</timestamp>
			</report>
			<report>
				<misses>560800000</misses>
				<total>0</total>
				<timestamp>4823.802140</timestamp>
			</report>
			<report>
				<misses>560900000</misses>
				<total>0</total>
				<timestamp>4824.685478</timestamp>
			</report>
			<report>
				<misses>561000000</misses>
				<total>0</total>
				<timestamp>4825.585121</timestamp>
			</report>
			<report>
				<misses>561100000</misses>
				<total>0</total>
				<timestamp>4826.409254</timestamp>
			</report>
			<report>
				<misses>561200000</misses>
				<total>0</total>
				<timestamp>4827.234670</timestamp>
			</report>
			<report>
				<misses>561300000</misses>
				<total>0</total>
				<timestamp>4828.066293</timestamp>
			</report>
			<report>
				<misses>561400000</misses>
				<total>0</total>
				<timestamp>4828.939018</timestamp>
			</report>
			<report>
				<misses>561500000</misses>
				<total>0</total>
				<timestamp>4829.762801</timestamp>
			</report>
			<report>
				<misses>561600000</misses>
				<total>0</total>
				<timestamp>4830.560825</timestamp>
			</report>
			<report>
				<misses>561700000</misses>
				<total>0</total>
				<timestamp>4831.394106</timestamp>
			</report>
			<report>
				<misses>561800000</misses>
				<total>0</total>
				<timestamp>4832.296575</timestamp>
			</report>
			<report>
				<misses>561900000</misses>
				<total>0</total>
				<timestamp>4833.241436</timestamp>
			</report>
			<report>
				<misses>562000000</misses>
				<total>0</total>
				<timestamp>4834.102217</timestamp>
			</report>
			<report>
				<misses>562100000</misses>
				<total>0</total>
				<timestamp>4834.975871</timestamp>
			</report>
			<report>
				<misses>562200000</misses>
				<total>0</total>
				<timestamp>4835.847361</timestamp>
			</report>
			<report>
				<misses>562300000</misses>
				<total>0</total>
				<timestamp>4836.711830</timestamp>
			</report>
			<report>
				<misses>562400000</misses>
				<total>0</total>
				<timestamp>4837.612778</timestamp>
			</report>
			<report>
				<misses>562500000</misses>
				<total>0</total>
				<timestamp>4838.468172</timestamp>
			</report>
			<report>
				<misses>562600000</misses>
				<total>0</total>
				<timestamp>4839.439344</timestamp>
			</report>
			<report>
				<misses>562700000</misses>
				<total>0</total>
				<timestamp>4840.336209</timestamp>
			</report>
			<report>
				<misses>562800000</misses>
				<total>0</total>
				<timestamp>4841.248877</timestamp>
			</report>
			<report>
				<misses>562900000</misses>
				<total>0</total>
				<timestamp>4842.126933</timestamp>
			</report>
			<report>
				<misses>563000000</misses>
				<total>0</total>
				<timestamp>4842.990662</timestamp>
			</report>
			<report>
				<misses>563100000</misses>
				<total>0</total>
				<timestamp>4843.766891</timestamp>
			</report>
			<report>
				<misses>563200000</misses>
				<total>0</total>
				<timestamp>4844.635353</timestamp>
			</report>
			<report>
				<misses>563300000</misses>
				<total>0</total>
				<timestamp>4845.581733</timestamp>
			</report>
			<report>
				<misses>563400000</misses>
				<total>0</total>
				<timestamp>4846.410559</timestamp>
			</report>
			<report>
				<misses>563500000</misses>
				<total>0</total>
				<timestamp>4847.244955</timestamp>
			</report>
			<report>
				<misses>563600000</misses>
				<total>0</total>
				<timestamp>4848.160115</timestamp>
			</report>
			<report>
				<misses>563700000</misses>
				<total>0</total>
				<timestamp>4849.048227</timestamp>
			</report>
			<report>
				<misses>563800000</misses>
				<total>0</total>
				<timestamp>4850.012404</timestamp>
			</report>
			<report>
				<misses>563900000</misses>
				<total>0</total>
				<timestamp>4850.879488</timestamp>
			</report>
			<report>
				<misses>564000000</misses>
				<total>0</total>
				<timestamp>4851.800759</timestamp>
			</report>
			<report>
				<misses>564100000</misses>
				<total>0</total>
				<timestamp>4852.703196</timestamp>
			</report>
			<report>
				<misses>564200000</misses>
				<total>0</total>
				<timestamp>4853.558336</timestamp>
			</report>
			<report>
				<misses>564300000</misses>
				<total>0</total>
				<timestamp>4854.489535</timestamp>
			</report>
			<report>
				<misses>564400000</misses>
				<total>0</total>
				<timestamp>4855.384889</timestamp>
			</report>
			<report>
				<misses>564500000</misses>
				<total>0</total>
				<timestamp>4856.278713</timestamp>
			</report>
			<report>
				<misses>564600000</misses>
				<total>0</total>
				<timestamp>4857.186230</timestamp>
			</report>
			<report>
				<misses>564700000</misses>
				<total>0</total>
				<timestamp>4858.041560</timestamp>
			</report>
			<report>
				<misses>564800000</misses>
				<total>0</total>
				<timestamp>4858.876316</timestamp>
			</report>
			<report>
				<misses>564900000</misses>
				<total>0</total>
				<timestamp>4859.835539</timestamp>
			</report>
			<report>
				<misses>565000000</misses>
				<total>0</total>
				<timestamp>4860.712736</timestamp>
			</report>
			<report>
				<misses>565100000</misses>
				<total>0</total>
				<timestamp>4861.616502</timestamp>
			</report>
			<report>
				<misses>565200000</misses>
				<total>0</total>
				<timestamp>4862.481460</timestamp>
			</report>
			<report>
				<misses>565300000</misses>
				<total>0</total>
				<timestamp>4863.360716</timestamp>
			</report>
			<report>
				<misses>565400000</misses>
				<total>0</total>
				<timestamp>4864.284674</timestamp>
			</report>
			<report>
				<misses>565500000</misses>
				<total>0</total>
				<timestamp>4865.157870</timestamp>
			</report>
			<report>
				<misses>565600000</misses>
				<total>0</total>
				<timestamp>4866.057074</timestamp>
			</report>
			<report>
				<misses>565700000</misses>
				<total>0</total>
				<timestamp>4866.907478</timestamp>
			</report>
			<report>
				<misses>565800000</misses>
				<total>0</total>
				<timestamp>4867.691408</timestamp>
			</report>
			<report>
				<misses>565900000</misses>
				<total>0</total>
				<timestamp>4868.526653</timestamp>
			</report>
			<report>
				<misses>566000000</misses>
				<total>0</total>
				<timestamp>4869.335195</timestamp>
			</report>
			<report>
				<misses>566100000</misses>
				<total>0</total>
				<timestamp>4870.133498</timestamp>
			</report>
			<report>
				<misses>566200000</misses>
				<total>0</total>
				<timestamp>4871.017064</timestamp>
			</report>
			<report>
				<misses>566300000</misses>
				<total>0</total>
				<timestamp>4871.872866</timestamp>
			</report>
			<report>
				<misses>566400000</misses>
				<total>0</total>
				<timestamp>4872.706137</timestamp>
			</report>
			<report>
				<misses>566500000</misses>
				<total>0</total>
				<timestamp>4873.516837</timestamp>
			</report>
			<report>
				<misses>566600000</misses>
				<total>0</total>
				<timestamp>4874.401404</timestamp>
			</report>
			<report>
				<misses>566700000</misses>
				<total>0</total>
				<timestamp>4875.294272</timestamp>
			</report>
			<report>
				<misses>566800000</misses>
				<total>0</total>
				<timestamp>4876.232661</timestamp>
			</report>
			<report>
				<misses>566900000</misses>
				<total>0</total>
				<timestamp>4877.085111</timestamp>
			</report>
			<report>
				<misses>567000000</misses>
				<total>0</total>
				<timestamp>4877.950329</timestamp>
			</report>
			<report>
				<misses>567100000</misses>
				<total>0</total>
				<timestamp>4878.829385</timestamp>
			</report>
			<report>
				<misses>567200000</misses>
				<total>0</total>
				<timestamp>4879.723291</timestamp>
			</report>
			<report>
				<misses>567300000</misses>
				<total>0</total>
				<timestamp>4880.552653</timestamp>
			</report>
			<report>
				<misses>567400000</misses>
				<total>0</total>
				<timestamp>4881.420230</timestamp>
			</report>
			<report>
				<misses>567500000</misses>
				<total>0</total>
				<timestamp>4882.306850</timestamp>
			</report>
			<report>
				<misses>567600000</misses>
				<total>0</total>
				<timestamp>4883.194107</timestamp>
			</report>
			<report>
				<misses>567700000</misses>
				<total>0</total>
				<timestamp>4884.036541</timestamp>
			</report>
			<report>
				<misses>567800000</misses>
				<total>0</total>
				<timestamp>4884.863366</timestamp>
			</report>
			<report>
				<misses>567900000</misses>
				<total>0</total>
				<timestamp>4885.717932</timestamp>
			</report>
			<report>
				<misses>568000000</misses>
				<total>0</total>
				<timestamp>4886.506871</timestamp>
			</report>
			<report>
				<misses>568100000</misses>
				<total>0</total>
				<timestamp>4887.313985</timestamp>
			</report>
			<report>
				<misses>568200000</misses>
				<total>0</total>
				<timestamp>4888.100285</timestamp>
			</report>
			<report>
				<misses>568300000</misses>
				<total>0</total>
				<timestamp>4888.891616</timestamp>
			</report>
			<report>
				<misses>568400000</misses>
				<total>0</total>
				<timestamp>4889.691073</timestamp>
			</report>
			<report>
				<misses>568500000</misses>
				<total>0</total>
				<timestamp>4890.465366</timestamp>
			</report>
			<report>
				<misses>568600000</misses>
				<total>0</total>
				<timestamp>4891.282595</timestamp>
			</report>
			<report>
				<misses>568700000</misses>
				<total>0</total>
				<timestamp>4892.149512</timestamp>
			</report>
			<report>
				<misses>568800000</misses>
				<total>0</total>
				<timestamp>4893.027701</timestamp>
			</report>
			<report>
				<misses>568900000</misses>
				<total>0</total>
				<timestamp>4893.924434</timestamp>
			</report>
			<report>
				<misses>569000000</misses>
				<total>0</total>
				<timestamp>4894.794414</timestamp>
			</report>
			<report>
				<misses>569100000</misses>
				<total>0</total>
				<timestamp>4895.650485</timestamp>
			</report>
			<report>
				<misses>569200000</misses>
				<total>0</total>
				<timestamp>4896.512811</timestamp>
			</report>
			<report>
				<misses>569300000</misses>
				<total>0</total>
				<timestamp>4897.371382</timestamp>
			</report>
			<report>
				<misses>569400000</misses>
				<total>0</total>
				<timestamp>4898.246033</timestamp>
			</report>
			<report>
				<misses>569500000</misses>
				<total>0</total>
				<timestamp>4899.150050</timestamp>
			</report>
			<report>
				<misses>569600000</misses>
				<total>0</total>
				<timestamp>4900.009502</timestamp>
			</report>
			<report>
				<misses>569700000</misses>
				<total>0</total>
				<timestamp>4900.898425</timestamp>
			</report>
			<report>
				<misses>569800000</misses>
				<total>0</total>
				<timestamp>4901.800698</timestamp>
			</report>
			<report>
				<misses>569900000</misses>
				<total>0</total>
				<timestamp>4902.616616</timestamp>
			</report>
			<report>
				<misses>570000000</misses>
				<total>0</total>
				<timestamp>4903.444619</timestamp>
			</report>
			<report>
				<misses>570100000</misses>
				<total>0</total>
				<timestamp>4904.283043</timestamp>
			</report>
			<report>
				<misses>570200000</misses>
				<total>0</total>
				<timestamp>4905.087633</timestamp>
			</report>
			<report>
				<misses>570300000</misses>
				<total>0</total>
				<timestamp>4905.907116</timestamp>
			</report>
			<report>
				<misses>570400000</misses>
				<total>0</total>
				<timestamp>4906.728563</timestamp>
			</report>
			<report>
				<misses>570500000</misses>
				<total>0</total>
				<timestamp>4907.510919</timestamp>
			</report>
			<report>
				<misses>570600000</misses>
				<total>0</total>
				<timestamp>4908.306058</timestamp>
			</report>
			<report>
				<misses>570700000</misses>
				<total>0</total>
				<timestamp>4909.102868</timestamp>
			</report>
			<report>
				<misses>570800000</misses>
				<total>0</total>
				<timestamp>4909.936702</timestamp>
			</report>
			<report>
				<misses>570900000</misses>
				<total>0</total>
				<timestamp>4910.813033</timestamp>
			</report>
			<report>
				<misses>571000000</misses>
				<total>0</total>
				<timestamp>4911.678923</timestamp>
			</report>
			<report>
				<misses>571100000</misses>
				<total>0</total>
				<timestamp>4912.507487</timestamp>
			</report>
			<report>
				<misses>571200000</misses>
				<total>0</total>
				<timestamp>4913.391544</timestamp>
			</report>
			<report>
				<misses>571300000</misses>
				<total>0</total>
				<timestamp>4914.272475</timestamp>
			</report>
			<report>
				<misses>571400000</misses>
				<total>0</total>
				<timestamp>4915.096511</timestamp>
			</report>
			<report>
				<misses>571500000</misses>
				<total>0</total>
				<timestamp>4915.982558</timestamp>
			</report>
			<report>
				<misses>571600000</misses>
				<total>0</total>
				<timestamp>4916.826987</timestamp>
			</report>
			<report>
				<misses>571700000</misses>
				<total>0</total>
				<timestamp>4917.649506</timestamp>
			</report>
			<report>
				<misses>571800000</misses>
				<total>0</total>
				<timestamp>4918.578031</timestamp>
			</report>
			<report>
				<misses>571900000</misses>
				<total>0</total>
				<timestamp>4919.418002</timestamp>
			</report>
			<report>
				<misses>572000000</misses>
				<total>0</total>
				<timestamp>4920.286282</timestamp>
			</report>
			<report>
				<misses>572100000</misses>
				<total>0</total>
				<timestamp>4921.226629</timestamp>
			</report>
			<report>
				<misses>572200000</misses>
				<total>0</total>
				<timestamp>4922.044472</timestamp>
			</report>
			<report>
				<misses>572300000</misses>
				<total>0</total>
				<timestamp>4922.921163</timestamp>
			</report>
			<report>
				<misses>572400000</misses>
				<total>0</total>
				<timestamp>4923.711787</timestamp>
			</report>
			<report>
				<misses>572500000</misses>
				<total>0</total>
				<timestamp>4924.520054</timestamp>
			</report>
			<report>
				<misses>572600000</misses>
				<total>0</total>
				<timestamp>4925.311393</timestamp>
			</report>
			<report>
				<misses>572700000</misses>
				<total>0</total>
				<timestamp>4926.132971</timestamp>
			</report>
			<report>
				<misses>572800000</misses>
				<total>0</total>
				<timestamp>4927.018651</timestamp>
			</report>
			<report>
				<misses>572900000</misses>
				<total>0</total>
				<timestamp>4927.868835</timestamp>
			</report>
			<report>
				<misses>573000000</misses>
				<total>0</total>
				<timestamp>4928.722253</timestamp>
			</report>
			<report>
				<misses>573100000</misses>
				<total>0</total>
				<timestamp>4929.550659</timestamp>
			</report>
			<report>
				<misses>573200000</misses>
				<total>0</total>
				<timestamp>4930.392716</timestamp>
			</report>
			<report>
				<misses>573300000</misses>
				<total>0</total>
				<timestamp>4931.284184</timestamp>
			</report>
			<report>
				<misses>573400000</misses>
				<total>0</total>
				<timestamp>4932.157571</timestamp>
			</report>
			<report>
				<misses>573500000</misses>
				<total>0</total>
				<timestamp>4933.026150</timestamp>
			</report>
			<report>
				<misses>573600000</misses>
				<total>0</total>
				<timestamp>4933.931178</timestamp>
			</report>
			<report>
				<misses>573700000</misses>
				<total>0</total>
				<timestamp>4934.767427</timestamp>
			</report>
			<report>
				<misses>573800000</misses>
				<total>0</total>
				<timestamp>4935.619894</timestamp>
			</report>
			<report>
				<misses>573900000</misses>
				<total>0</total>
				<timestamp>4936.476274</timestamp>
			</report>
			<report>
				<misses>574000000</misses>
				<total>0</total>
				<timestamp>4937.338289</timestamp>
			</report>
			<report>
				<misses>574100000</misses>
				<total>0</total>
				<timestamp>4938.210795</timestamp>
			</report>
			<report>
				<misses>574200000</misses>
				<total>0</total>
				<timestamp>4939.026204</timestamp>
			</report>
			<report>
				<misses>574300000</misses>
				<total>0</total>
				<timestamp>4939.896614</timestamp>
			</report>
			<report>
				<misses>574400000</misses>
				<total>0</total>
				<timestamp>4940.757589</timestamp>
			</report>
			<report>
				<misses>574500000</misses>
				<total>0</total>
				<timestamp>4941.569303</timestamp>
			</report>
			<report>
				<misses>574600000</misses>
				<total>0</total>
				<timestamp>4942.399136</timestamp>
			</report>
			<report>
				<misses>574700000</misses>
				<total>0</total>
				<timestamp>4943.221311</timestamp>
			</report>
			<report>
				<misses>574800000</misses>
				<total>0</total>
				<timestamp>4944.057099</timestamp>
			</report>
			<report>
				<misses>574900000</misses>
				<total>0</total>
				<timestamp>4944.862672</timestamp>
			</report>
			<report>
				<misses>575000000</misses>
				<total>0</total>
				<timestamp>4945.653271</timestamp>
			</report>
			<report>
				<misses>575100000</misses>
				<total>0</total>
				<timestamp>4946.447747</timestamp>
			</report>
			<report>
				<misses>575200000</misses>
				<total>0</total>
				<timestamp>4947.294060</timestamp>
			</report>
			<report>
				<misses>575300000</misses>
				<total>0</total>
				<timestamp>4948.155538</timestamp>
			</report>
			<report>
				<misses>575400000</misses>
				<total>0</total>
				<timestamp>4949.026364</timestamp>
			</report>
			<report>
				<misses>575500000</misses>
				<total>0</total>
				<timestamp>4949.864949</timestamp>
			</report>
			<report>
				<misses>575600000</misses>
				<total>0</total>
				<timestamp>4950.744527</timestamp>
			</report>
			<report>
				<misses>575700000</misses>
				<total>0</total>
				<timestamp>4951.624587</timestamp>
			</report>
			<report>
				<misses>575800000</misses>
				<total>0</total>
				<timestamp>4952.460092</timestamp>
			</report>
			<report>
				<misses>575900000</misses>
				<total>0</total>
				<timestamp>4953.302501</timestamp>
			</report>
			<report>
				<misses>576000000</misses>
				<total>0</total>
				<timestamp>4954.130844</timestamp>
			</report>
			<report>
				<misses>576100000</misses>
				<total>0</total>
				<timestamp>4954.991798</timestamp>
			</report>
			<report>
				<misses>576200000</misses>
				<total>0</total>
				<timestamp>4955.860195</timestamp>
			</report>
			<report>
				<misses>576300000</misses>
				<total>0</total>
				<timestamp>4956.666753</timestamp>
			</report>
			<report>
				<misses>576400000</misses>
				<total>0</total>
				<timestamp>4957.546171</timestamp>
			</report>
			<report>
				<misses>576500000</misses>
				<total>0</total>
				<timestamp>4958.349450</timestamp>
			</report>
			<report>
				<misses>576600000</misses>
				<total>0</total>
				<timestamp>4959.167842</timestamp>
			</report>
			<report>
				<misses>576700000</misses>
				<total>0</total>
				<timestamp>4959.962800</timestamp>
			</report>
			<report>
				<misses>576800000</misses>
				<total>0</total>
				<timestamp>4960.828614</timestamp>
			</report>
			<report>
				<misses>576900000</misses>
				<total>0</total>
				<timestamp>4961.646811</timestamp>
			</report>
			<report>
				<misses>577000000</misses>
				<total>0</total>
				<timestamp>4962.470113</timestamp>
			</report>
			<report>
				<misses>577100000</misses>
				<total>0</total>
				<timestamp>4963.291413</timestamp>
			</report>
			<report>
				<misses>577200000</misses>
				<total>0</total>
				<timestamp>4964.168075</timestamp>
			</report>
			<report>
				<misses>577300000</misses>
				<total>0</total>
				<timestamp>4964.993194</timestamp>
			</report>
			<report>
				<misses>577400000</misses>
				<total>0</total>
				<timestamp>4965.840773</timestamp>
			</report>
			<report>
				<misses>577500000</misses>
				<total>0</total>
				<timestamp>4966.693093</timestamp>
			</report>
			<report>
				<misses>577600000</misses>
				<total>0</total>
				<timestamp>4967.550750</timestamp>
			</report>
			<report>
				<misses>577700000</misses>
				<total>0</total>
				<timestamp>4968.388145</timestamp>
			</report>
			<report>
				<misses>577800000</misses>
				<total>0</total>
				<timestamp>4969.214898</timestamp>
			</report>
			<report>
				<misses>577900000</misses>
				<total>0</total>
				<timestamp>4970.073406</timestamp>
			</report>
			<report>
				<misses>578000000</misses>
				<total>0</total>
				<timestamp>4970.917335</timestamp>
			</report>
			<report>
				<misses>578100000</misses>
				<total>0</total>
				<timestamp>4971.806588</timestamp>
			</report>
			<report>
				<misses>578200000</misses>
				<total>0</total>
				<timestamp>4972.651138</timestamp>
			</report>
			<report>
				<misses>578300000</misses>
				<total>0</total>
				<timestamp>4973.539566</timestamp>
			</report>
			<report>
				<misses>578400000</misses>
				<total>0</total>
				<timestamp>4974.476354</timestamp>
			</report>
			<report>
				<misses>578500000</misses>
				<total>0</total>
				<timestamp>4975.336862</timestamp>
			</report>
			<report>
				<misses>578600000</misses>
				<total>0</total>
				<timestamp>4976.236830</timestamp>
			</report>
			<report>
				<misses>578700000</misses>
				<total>0</total>
				<timestamp>4977.087869</timestamp>
			</report>
			<report>
				<misses>578800000</misses>
				<total>0</total>
				<timestamp>4977.974445</timestamp>
			</report>
			<report>
				<misses>578900000</misses>
				<total>0</total>
				<timestamp>4978.793726</timestamp>
			</report>
			<report>
				<misses>579000000</misses>
				<total>0</total>
				<timestamp>4979.695067</timestamp>
			</report>
			<report>
				<misses>579100000</misses>
				<total>0</total>
				<timestamp>4980.494906</timestamp>
			</report>
			<report>
				<misses>579200000</misses>
				<total>0</total>
				<timestamp>4981.341124</timestamp>
			</report>
			<report>
				<misses>579300000</misses>
				<total>0</total>
				<timestamp>4982.194028</timestamp>
			</report>
			<report>
				<misses>579400000</misses>
				<total>0</total>
				<timestamp>4982.995787</timestamp>
			</report>
			<report>
				<misses>579500000</misses>
				<total>0</total>
				<timestamp>4983.843187</timestamp>
			</report>
			<report>
				<misses>579600000</misses>
				<total>0</total>
				<timestamp>4984.666756</timestamp>
			</report>
			<report>
				<misses>579700000</misses>
				<total>0</total>
				<timestamp>4985.587705</timestamp>
			</report>
			<report>
				<misses>579800000</misses>
				<total>0</total>
				<timestamp>4986.432347</timestamp>
			</report>
			<report>
				<misses>579900000</misses>
				<total>0</total>
				<timestamp>4987.270530</timestamp>
			</report>
			<report>
				<misses>580000000</misses>
				<total>0</total>
				<timestamp>4988.108186</timestamp>
			</report>
			<report>
				<misses>580100000</misses>
				<total>0</total>
				<timestamp>4989.026018</timestamp>
			</report>
			<report>
				<misses>580200000</misses>
				<total>0</total>
				<timestamp>4989.853351</timestamp>
			</report>
			<report>
				<misses>580300000</misses>
				<total>0</total>
				<timestamp>4990.740308</timestamp>
			</report>
			<report>
				<misses>580400000</misses>
				<total>0</total>
				<timestamp>4991.603787</timestamp>
			</report>
			<report>
				<misses>580500000</misses>
				<total>0</total>
				<timestamp>4992.450593</timestamp>
			</report>
			<report>
				<misses>580600000</misses>
				<total>0</total>
				<timestamp>4993.282785</timestamp>
			</report>
			<report>
				<misses>580700000</misses>
				<total>0</total>
				<timestamp>4994.142398</timestamp>
			</report>
			<report>
				<misses>580800000</misses>
				<total>0</total>
				<timestamp>4994.995019</timestamp>
			</report>
			<report>
				<misses>580900000</misses>
				<total>0</total>
				<timestamp>4995.815419</timestamp>
			</report>
			<report>
				<misses>581000000</misses>
				<total>0</total>
				<timestamp>4996.621708</timestamp>
			</report>
			<report>
				<misses>581100000</misses>
				<total>0</total>
				<timestamp>4997.392431</timestamp>
			</report>
			<report>
				<misses>581200000</misses>
				<total>0</total>
				<timestamp>4998.205529</timestamp>
			</report>
			<report>
				<misses>581300000</misses>
				<total>0</total>
				<timestamp>4999.015154</timestamp>
			</report>
			<report>
				<misses>581400000</misses>
				<total>0</total>
				<timestamp>4999.874188</timestamp>
			</report>
			<report>
				<misses>581500000</misses>
				<total>0</total>
				<timestamp>5000.700784</timestamp>
			</report>
			<report>
				<misses>581600000</misses>
				<total>0</total>
				<timestamp>5001.548881</timestamp>
			</report>
			<report>
				<misses>581700000</misses>
				<total>0</total>
				<timestamp>5002.377354</timestamp>
			</report>
			<report>
				<misses>581800000</misses>
				<total>0</total>
				<timestamp>5003.191477</timestamp>
			</report>
			<report>
				<misses>581900000</misses>
				<total>0</total>
				<timestamp>5004.015774</timestamp>
			</report>
			<report>
				<misses>582000000</misses>
				<total>0</total>
				<timestamp>5004.923317</timestamp>
			</report>
			<report>
				<misses>582100000</misses>
				<total>0</total>
				<timestamp>5005.799139</timestamp>
			</report>
			<report>
				<misses>582200000</misses>
				<total>0</total>
				<timestamp>5006.647433</timestamp>
			</report>
			<report>
				<misses>582300000</misses>
				<total>0</total>
				<timestamp>5007.464774</timestamp>
			</report>
			<report>
				<misses>582400000</misses>
				<total>0</total>
				<timestamp>5008.311022</timestamp>
			</report>
			<report>
				<misses>582500000</misses>
				<total>0</total>
				<timestamp>5009.155856</timestamp>
			</report>
			<report>
				<misses>582600000</misses>
				<total>0</total>
				<timestamp>5010.040224</timestamp>
			</report>
			<report>
				<misses>582700000</misses>
				<total>0</total>
				<timestamp>5010.864396</timestamp>
			</report>
			<report>
				<misses>582800000</misses>
				<total>0</total>
				<timestamp>5011.731449</timestamp>
			</report>
			<report>
				<misses>582900000</misses>
				<total>0</total>
				<timestamp>5012.580642</timestamp>
			</report>
			<report>
				<misses>583000000</misses>
				<total>0</total>
				<timestamp>5013.401700</timestamp>
			</report>
			<report>
				<misses>583100000</misses>
				<total>0</total>
				<timestamp>5014.216562</timestamp>
			</report>
			<report>
				<misses>583200000</misses>
				<total>0</total>
				<timestamp>5015.054640</timestamp>
			</report>
			<report>
				<misses>583300000</misses>
				<total>0</total>
				<timestamp>5015.863099</timestamp>
			</report>
			<report>
				<misses>583400000</misses>
				<total>0</total>
				<timestamp>5016.723290</timestamp>
			</report>
			<report>
				<misses>583500000</misses>
				<total>0</total>
				<timestamp>5017.520808</timestamp>
			</report>
			<report>
				<misses>583600000</misses>
				<total>0</total>
				<timestamp>5018.362722</timestamp>
			</report>
			<report>
				<misses>583700000</misses>
				<total>0</total>
				<timestamp>5019.151776</timestamp>
			</report>
			<report>
				<misses>583800000</misses>
				<total>0</total>
				<timestamp>5020.003591</timestamp>
			</report>
			<report>
				<misses>583900000</misses>
				<total>0</total>
				<timestamp>5020.943522</timestamp>
			</report>
			<report>
				<misses>584000000</misses>
				<total>0</total>
				<timestamp>5021.803352</timestamp>
			</report>
			<report>
				<misses>584100000</misses>
				<total>0</total>
				<timestamp>5022.664445</timestamp>
			</report>
			<report>
				<misses>584200000</misses>
				<total>0</total>
				<timestamp>5023.506492</timestamp>
			</report>
			<report>
				<misses>584300000</misses>
				<total>0</total>
				<timestamp>5024.310267</timestamp>
			</report>
			<report>
				<misses>584400000</misses>
				<total>0</total>
				<timestamp>5025.153866</timestamp>
			</report>
			<report>
				<misses>584500000</misses>
				<total>0</total>
				<timestamp>5026.048924</timestamp>
			</report>
			<report>
				<misses>584600000</misses>
				<total>0</total>
				<timestamp>5026.885083</timestamp>
			</report>
			<report>
				<misses>584700000</misses>
				<total>0</total>
				<timestamp>5027.768428</timestamp>
			</report>
			<report>
				<misses>584800000</misses>
				<total>0</total>
				<timestamp>5028.592251</timestamp>
			</report>
			<report>
				<misses>584900000</misses>
				<total>0</total>
				<timestamp>5029.447139</timestamp>
			</report>
			<report>
				<misses>585000000</misses>
				<total>0</total>
				<timestamp>5030.320810</timestamp>
			</report>
			<report>
				<misses>585100000</misses>
				<total>0</total>
				<timestamp>5031.196290</timestamp>
			</report>
			<report>
				<misses>585200000</misses>
				<total>0</total>
				<timestamp>5032.051929</timestamp>
			</report>
			<report>
				<misses>585300000</misses>
				<total>0</total>
				<timestamp>5032.940041</timestamp>
			</report>
			<report>
				<misses>585400000</misses>
				<total>0</total>
				<timestamp>5033.781603</timestamp>
			</report>
			<report>
				<misses>585500000</misses>
				<total>0</total>
				<timestamp>5034.623238</timestamp>
			</report>
			<report>
				<misses>585600000</misses>
				<total>0</total>
				<timestamp>5035.439041</timestamp>
			</report>
			<report>
				<misses>585700000</misses>
				<total>0</total>
				<timestamp>5036.319893</timestamp>
			</report>
			<report>
				<misses>585800000</misses>
				<total>0</total>
				<timestamp>5037.162293</timestamp>
			</report>
			<report>
				<misses>585900000</misses>
				<total>0</total>
				<timestamp>5037.956755</timestamp>
			</report>
			<report>
				<misses>586000000</misses>
				<total>0</total>
				<timestamp>5038.764732</timestamp>
			</report>
			<report>
				<misses>586100000</misses>
				<total>0</total>
				<timestamp>5039.569916</timestamp>
			</report>
			<report>
				<misses>586200000</misses>
				<total>0</total>
				<timestamp>5040.415029</timestamp>
			</report>
			<report>
				<misses>586300000</misses>
				<total>0</total>
				<timestamp>5041.262187</timestamp>
			</report>
			<report>
				<misses>586400000</misses>
				<total>0</total>
				<timestamp>5042.124005</timestamp>
			</report>
			<report>
				<misses>586500000</misses>
				<total>0</total>
				<timestamp>5042.960411</timestamp>
			</report>
			<report>
				<misses>586600000</misses>
				<total>0</total>
				<timestamp>5043.833496</timestamp>
			</report>
			<report>
				<misses>586700000</misses>
				<total>0</total>
				<timestamp>5044.784330</timestamp>
			</report>
			<report>
				<misses>586800000</misses>
				<total>0</total>
				<timestamp>5045.635711</timestamp>
			</report>
			<report>
				<misses>586900000</misses>
				<total>0</total>
				<timestamp>5046.535813</timestamp>
			</report>
			<report>
				<misses>587000000</misses>
				<total>0</total>
				<timestamp>5047.393043</timestamp>
			</report>
			<report>
				<misses>587100000</misses>
				<total>0</total>
				<timestamp>5048.241558</timestamp>
			</report>
			<report>
				<misses>587200000</misses>
				<total>0</total>
				<timestamp>5049.112018</timestamp>
			</report>
			<report>
				<misses>587300000</misses>
				<total>0</total>
				<timestamp>5049.980197</timestamp>
			</report>
			<report>
				<misses>587400000</misses>
				<total>0</total>
				<timestamp>5050.884477</timestamp>
			</report>
			<report>
				<misses>587500000</misses>
				<total>0</total>
				<timestamp>5051.744460</timestamp>
			</report>
			<report>
				<misses>587600000</misses>
				<total>0</total>
				<timestamp>5052.589423</timestamp>
			</report>
			<report>
				<misses>587700000</misses>
				<total>0</total>
				<timestamp>5053.449527</timestamp>
			</report>
			<report>
				<misses>587800000</misses>
				<total>0</total>
				<timestamp>5054.270764</timestamp>
			</report>
			<report>
				<misses>587900000</misses>
				<total>0</total>
				<timestamp>5055.073969</timestamp>
			</report>
			<report>
				<misses>588000000</misses>
				<total>0</total>
				<timestamp>5055.906792</timestamp>
			</report>
			<report>
				<misses>588100000</misses>
				<total>0</total>
				<timestamp>5056.769467</timestamp>
			</report>
			<report>
				<misses>588200000</misses>
				<total>0</total>
				<timestamp>5057.578195</timestamp>
			</report>
			<report>
				<misses>588300000</misses>
				<total>0</total>
				<timestamp>5058.379124</timestamp>
			</report>
			<report>
				<misses>588400000</misses>
				<total>0</total>
				<timestamp>5059.153474</timestamp>
			</report>
			<report>
				<misses>588500000</misses>
				<total>0</total>
				<timestamp>5060.014314</timestamp>
			</report>
			<report>
				<misses>588600000</misses>
				<total>0</total>
				<timestamp>5060.892347</timestamp>
			</report>
			<report>
				<misses>588700000</misses>
				<total>0</total>
				<timestamp>5061.724957</timestamp>
			</report>
			<report>
				<misses>588800000</misses>
				<total>0</total>
				<timestamp>5062.592502</timestamp>
			</report>
			<report>
				<misses>588900000</misses>
				<total>0</total>
				<timestamp>5063.445219</timestamp>
			</report>
			<report>
				<misses>589000000</misses>
				<total>0</total>
				<timestamp>5064.320296</timestamp>
			</report>
			<report>
				<misses>589100000</misses>
				<total>0</total>
				<timestamp>5065.231115</timestamp>
			</report>
			<report>
				<misses>589200000</misses>
				<total>0</total>
				<timestamp>5066.097829</timestamp>
			</report>
			<report>
				<misses>589300000</misses>
				<total>0</total>
				<timestamp>5066.958773</timestamp>
			</report>
			<report>
				<misses>589400000</misses>
				<total>0</total>
				<timestamp>5067.836491</timestamp>
			</report>
			<report>
				<misses>589500000</misses>
				<total>0</total>
				<timestamp>5068.737814</timestamp>
			</report>
			<report>
				<misses>589600000</misses>
				<total>0</total>
				<timestamp>5069.586734</timestamp>
			</report>
			<report>
				<misses>589700000</misses>
				<total>0</total>
				<timestamp>5070.509334</timestamp>
			</report>
			<report>
				<misses>589800000</misses>
				<total>0</total>
				<timestamp>5071.396536</timestamp>
			</report>
			<report>
				<misses>589900000</misses>
				<total>0</total>
				<timestamp>5072.260068</timestamp>
			</report>
			<report>
				<misses>590000000</misses>
				<total>0</total>
				<timestamp>5073.099262</timestamp>
			</report>
			<report>
				<misses>590100000</misses>
				<total>0</total>
				<timestamp>5073.917814</timestamp>
			</report>
			<report>
				<misses>590200000</misses>
				<total>0</total>
				<timestamp>5074.779648</timestamp>
			</report>
			<report>
				<misses>590300000</misses>
				<total>0</total>
				<timestamp>5075.586443</timestamp>
			</report>
			<report>
				<misses>590400000</misses>
				<total>0</total>
				<timestamp>5076.454573</timestamp>
			</report>
			<report>
				<misses>590500000</misses>
				<total>0</total>
				<timestamp>5077.284840</timestamp>
			</report>
			<report>
				<misses>590600000</misses>
				<total>0</total>
				<timestamp>5078.155749</timestamp>
			</report>
			<report>
				<misses>590700000</misses>
				<total>0</total>
				<timestamp>5079.053241</timestamp>
			</report>
			<report>
				<misses>590800000</misses>
				<total>0</total>
				<timestamp>5079.921474</timestamp>
			</report>
			<report>
				<misses>590900000</misses>
				<total>0</total>
				<timestamp>5080.795135</timestamp>
			</report>
			<report>
				<misses>591000000</misses>
				<total>0</total>
				<timestamp>5081.648989</timestamp>
			</report>
			<report>
				<misses>591100000</misses>
				<total>0</total>
				<timestamp>5082.553643</timestamp>
			</report>
			<report>
				<misses>591200000</misses>
				<total>0</total>
				<timestamp>5083.432912</timestamp>
			</report>
			<report>
				<misses>591300000</misses>
				<total>0</total>
				<timestamp>5084.320579</timestamp>
			</report>
			<report>
				<misses>591400000</misses>
				<total>0</total>
				<timestamp>5085.211973</timestamp>
			</report>
			<report>
				<misses>591500000</misses>
				<total>0</total>
				<timestamp>5086.109499</timestamp>
			</report>
			<report>
				<misses>591600000</misses>
				<total>0</total>
				<timestamp>5087.051010</timestamp>
			</report>
			<report>
				<misses>591700000</misses>
				<total>0</total>
				<timestamp>5087.883369</timestamp>
			</report>
			<report>
				<misses>591800000</misses>
				<total>0</total>
				<timestamp>5088.750280</timestamp>
			</report>
			<report>
				<misses>591900000</misses>
				<total>0</total>
				<timestamp>5089.602809</timestamp>
			</report>
			<report>
				<misses>592000000</misses>
				<total>0</total>
				<timestamp>5090.466850</timestamp>
			</report>
			<report>
				<misses>592100000</misses>
				<total>0</total>
				<timestamp>5091.314389</timestamp>
			</report>
			<report>
				<misses>592200000</misses>
				<total>0</total>
				<timestamp>5092.243578</timestamp>
			</report>
			<report>
				<misses>592300000</misses>
				<total>0</total>
				<timestamp>5093.136622</timestamp>
			</report>
			<report>
				<misses>592400000</misses>
				<total>0</total>
				<timestamp>5094.050551</timestamp>
			</report>
			<report>
				<misses>592500000</misses>
				<total>0</total>
				<timestamp>5094.920724</timestamp>
			</report>
			<report>
				<misses>592600000</misses>
				<total>0</total>
				<timestamp>5095.817252</timestamp>
			</report>
			<report>
				<misses>592700000</misses>
				<total>0</total>
				<timestamp>5096.704316</timestamp>
			</report>
			<report>
				<misses>592800000</misses>
				<total>0</total>
				<timestamp>5097.569179</timestamp>
			</report>
			<report>
				<misses>592900000</misses>
				<total>0</total>
				<timestamp>5098.445561</timestamp>
			</report>
			<report>
				<misses>593000000</misses>
				<total>0</total>
				<timestamp>5099.281186</timestamp>
			</report>
			<report>
				<misses>593100000</misses>
				<total>0</total>
				<timestamp>5100.066285</timestamp>
			</report>
			<report>
				<misses>593200000</misses>
				<total>0</total>
				<timestamp>5100.903330</timestamp>
			</report>
			<report>
				<misses>593300000</misses>
				<total>0</total>
				<timestamp>5101.704609</timestamp>
			</report>
			<report>
				<misses>593400000</misses>
				<total>0</total>
				<timestamp>5102.537111</timestamp>
			</report>
			<report>
				<misses>593500000</misses>
				<total>0</total>
				<timestamp>5103.426714</timestamp>
			</report>
			<report>
				<misses>593600000</misses>
				<total>0</total>
				<timestamp>5104.265486</timestamp>
			</report>
			<report>
				<misses>593700000</misses>
				<total>0</total>
				<timestamp>5105.078648</timestamp>
			</report>
			<report>
				<misses>593800000</misses>
				<total>0</total>
				<timestamp>5105.892825</timestamp>
			</report>
			<report>
				<misses>593900000</misses>
				<total>0</total>
				<timestamp>5106.793962</timestamp>
			</report>
			<report>
				<misses>594000000</misses>
				<total>0</total>
				<timestamp>5107.729337</timestamp>
			</report>
			<report>
				<misses>594100000</misses>
				<total>0</total>
				<timestamp>5108.581625</timestamp>
			</report>
			<report>
				<misses>594200000</misses>
				<total>0</total>
				<timestamp>5109.472910</timestamp>
			</report>
			<report>
				<misses>594300000</misses>
				<total>0</total>
				<timestamp>5110.380494</timestamp>
			</report>
			<report>
				<misses>594400000</misses>
				<total>0</total>
				<timestamp>5111.237866</timestamp>
			</report>
			<report>
				<misses>594500000</misses>
				<total>0</total>
				<timestamp>5112.110928</timestamp>
			</report>
			<report>
				<misses>594600000</misses>
				<total>0</total>
				<timestamp>5113.057623</timestamp>
			</report>
			<report>
				<misses>594700000</misses>
				<total>0</total>
				<timestamp>5113.924615</timestamp>
			</report>
			<report>
				<misses>594800000</misses>
				<total>0</total>
				<timestamp>5114.829626</timestamp>
			</report>
			<report>
				<misses>594900000</misses>
				<total>0</total>
				<timestamp>5115.734846</timestamp>
			</report>
			<report>
				<misses>595000000</misses>
				<total>0</total>
				<timestamp>5116.592399</timestamp>
			</report>
			<report>
				<misses>595100000</misses>
				<total>0</total>
				<timestamp>5117.415115</timestamp>
			</report>
			<report>
				<misses>595200000</misses>
				<total>0</total>
				<timestamp>5118.385613</timestamp>
			</report>
			<report>
				<misses>595300000</misses>
				<total>0</total>
				<timestamp>5119.265027</timestamp>
			</report>
			<report>
				<misses>595400000</misses>
				<total>0</total>
				<timestamp>5120.157252</timestamp>
			</report>
			<report>
				<misses>595500000</misses>
				<total>0</total>
				<timestamp>5121.004707</timestamp>
			</report>
			<report>
				<misses>595600000</misses>
				<total>0</total>
				<timestamp>5121.906040</timestamp>
			</report>
			<report>
				<misses>595700000</misses>
				<total>0</total>
				<timestamp>5122.742034</timestamp>
			</report>
			<report>
				<misses>595800000</misses>
				<total>0</total>
				<timestamp>5123.600729</timestamp>
			</report>
			<report>
				<misses>595900000</misses>
				<total>0</total>
				<timestamp>5124.464978</timestamp>
			</report>
			<report>
				<misses>596000000</misses>
				<total>0</total>
				<timestamp>5125.286543</timestamp>
			</report>
			<report>
				<misses>596100000</misses>
				<total>0</total>
				<timestamp>5126.179457</timestamp>
			</report>
			<report>
				<misses>596200000</misses>
				<total>0</total>
				<timestamp>5127.018621</timestamp>
			</report>
			<report>
				<misses>596300000</misses>
				<total>0</total>
				<timestamp>5127.857055</timestamp>
			</report>
			<report>
				<misses>596400000</misses>
				<total>0</total>
				<timestamp>5128.739442</timestamp>
			</report>
			<report>
				<misses>596500000</misses>
				<total>0</total>
				<timestamp>5129.622811</timestamp>
			</report>
			<report>
				<misses>596600000</misses>
				<total>0</total>
				<timestamp>5130.496355</timestamp>
			</report>
			<report>
				<misses>596700000</misses>
				<total>0</total>
				<timestamp>5131.388469</timestamp>
			</report>
			<report>
				<misses>596800000</misses>
				<total>0</total>
				<timestamp>5132.229239</timestamp>
			</report>
			<report>
				<misses>596900000</misses>
				<total>0</total>
				<timestamp>5133.133549</timestamp>
			</report>
			<report>
				<misses>597000000</misses>
				<total>0</total>
				<timestamp>5134.020380</timestamp>
			</report>
			<report>
				<misses>597100000</misses>
				<total>0</total>
				<timestamp>5134.950111</timestamp>
			</report>
			<report>
				<misses>597200000</misses>
				<total>0</total>
				<timestamp>5135.847191</timestamp>
			</report>
			<report>
				<misses>597300000</misses>
				<total>0</total>
				<timestamp>5136.769946</timestamp>
			</report>
			<report>
				<misses>597400000</misses>
				<total>0</total>
				<timestamp>5137.724885</timestamp>
			</report>
			<report>
				<misses>597500000</misses>
				<total>0</total>
				<timestamp>5138.625007</timestamp>
			</report>
			<report>
				<misses>597600000</misses>
				<total>0</total>
				<timestamp>5139.514875</timestamp>
			</report>
			<report>
				<misses>597700000</misses>
				<total>0</total>
				<timestamp>5140.447562</timestamp>
			</report>
			<report>
				<misses>597800000</misses>
				<total>0</total>
				<timestamp>5141.373997</timestamp>
			</report>
			<report>
				<misses>597900000</misses>
				<total>0</total>
				<timestamp>5142.240466</timestamp>
			</report>
			<report>
				<misses>598000000</misses>
				<total>0</total>
				<timestamp>5143.102520</timestamp>
			</report>
			<report>
				<misses>598100000</misses>
				<total>0</total>
				<timestamp>5143.987187</timestamp>
			</report>
			<report>
				<misses>598200000</misses>
				<total>0</total>
				<timestamp>5144.865456</timestamp>
			</report>
			<report>
				<misses>598300000</misses>
				<total>0</total>
				<timestamp>5145.799726</timestamp>
			</report>
			<report>
				<misses>598400000</misses>
				<total>0</total>
				<timestamp>5146.721374</timestamp>
			</report>
			<report>
				<misses>598500000</misses>
				<total>0</total>
				<timestamp>5147.635791</timestamp>
			</report>
			<report>
				<misses>598600000</misses>
				<total>0</total>
				<timestamp>5148.582992</timestamp>
			</report>
			<report>
				<misses>598700000</misses>
				<total>0</total>
				<timestamp>5149.416042</timestamp>
			</report>
			<report>
				<misses>598800000</misses>
				<total>0</total>
				<timestamp>5150.267823</timestamp>
			</report>
			<report>
				<misses>598900000</misses>
				<total>0</total>
				<timestamp>5151.135857</timestamp>
			</report>
			<report>
				<misses>599000000</misses>
				<total>0</total>
				<timestamp>5151.998314</timestamp>
			</report>
			<report>
				<misses>599100000</misses>
				<total>0</total>
				<timestamp>5152.866560</timestamp>
			</report>
			<report>
				<misses>599200000</misses>
				<total>0</total>
				<timestamp>5153.661110</timestamp>
			</report>
			<report>
				<misses>599300000</misses>
				<total>0</total>
				<timestamp>5154.434999</timestamp>
			</report>
			<report>
				<misses>599400000</misses>
				<total>0</total>
				<timestamp>5155.247634</timestamp>
			</report>
			<report>
				<misses>599500000</misses>
				<total>0</total>
				<timestamp>5156.111587</timestamp>
			</report>
			<report>
				<misses>599600000</misses>
				<total>0</total>
				<timestamp>5156.932470</timestamp>
			</report>
			<report>
				<misses>599700000</misses>
				<total>0</total>
				<timestamp>5157.748705</timestamp>
			</report>
			<report>
				<misses>599800000</misses>
				<total>0</total>
				<timestamp>5158.553128</timestamp>
			</report>
			<report>
				<misses>599900000</misses>
				<total>0</total>
				<timestamp>5159.350766</timestamp>
			</report>
			<report>
				<misses>600000000</misses>
				<total>0</total>
				<timestamp>5160.200404</timestamp>
			</report>
			<report>
				<misses>600100000</misses>
				<total>0</total>
				<timestamp>5161.037167</timestamp>
			</report>
			<report>
				<misses>600200000</misses>
				<total>0</total>
				<timestamp>5161.886798</timestamp>
			</report>
			<report>
				<misses>600300000</misses>
				<total>0</total>
				<timestamp>5162.796673</timestamp>
			</report>
			<report>
				<misses>600400000</misses>
				<total>0</total>
				<timestamp>5163.679681</timestamp>
			</report>
			<report>
				<misses>600500000</misses>
				<total>0</total>
				<timestamp>5164.533247</timestamp>
			</report>
			<report>
				<misses>600600000</misses>
				<total>0</total>
				<timestamp>5165.426950</timestamp>
			</report>
			<report>
				<misses>600700000</misses>
				<total>0</total>
				<timestamp>5166.322534</timestamp>
			</report>
			<report>
				<misses>600800000</misses>
				<total>0</total>
				<timestamp>5167.209440</timestamp>
			</report>
			<report>
				<misses>600900000</misses>
				<total>0</total>
				<timestamp>5168.086503</timestamp>
			</report>
			<report>
				<misses>601000000</misses>
				<total>0</total>
				<timestamp>5168.957709</timestamp>
			</report>
			<report>
				<misses>601100000</misses>
				<total>0</total>
				<timestamp>5169.869660</timestamp>
			</report>
			<report>
				<misses>601200000</misses>
				<total>0</total>
				<timestamp>5170.729881</timestamp>
			</report>
			<report>
				<misses>601300000</misses>
				<total>0</total>
				<timestamp>5171.578770</timestamp>
			</report>
			<report>
				<misses>601400000</misses>
				<total>0</total>
				<timestamp>5172.420730</timestamp>
			</report>
			<report>
				<misses>601500000</misses>
				<total>0</total>
				<timestamp>5173.273328</timestamp>
			</report>
			<report>
				<misses>601600000</misses>
				<total>0</total>
				<timestamp>5174.106326</timestamp>
			</report>
			<report>
				<misses>601700000</misses>
				<total>0</total>
				<timestamp>5174.938915</timestamp>
			</report>
			<report>
				<misses>601800000</misses>
				<total>0</total>
				<timestamp>5175.776836</timestamp>
			</report>
			<report>
				<misses>601900000</misses>
				<total>0</total>
				<timestamp>5176.604036</timestamp>
			</report>
			<report>
				<misses>602000000</misses>
				<total>0</total>
				<timestamp>5177.407818</timestamp>
			</report>
			<report>
				<misses>602100000</misses>
				<total>0</total>
				<timestamp>5178.268334</timestamp>
			</report>
			<report>
				<misses>602200000</misses>
				<total>0</total>
				<timestamp>5179.180608</timestamp>
			</report>
			<report>
				<misses>602300000</misses>
				<total>0</total>
				<timestamp>5180.042721</timestamp>
			</report>
			<report>
				<misses>602400000</misses>
				<total>0</total>
				<timestamp>5180.948771</timestamp>
			</report>
			<report>
				<misses>602500000</misses>
				<total>0</total>
				<timestamp>5181.785985</timestamp>
			</report>
			<report>
				<misses>602600000</misses>
				<total>0</total>
				<timestamp>5182.747843</timestamp>
			</report>
			<report>
				<misses>602700000</misses>
				<total>0</total>
				<timestamp>5183.605835</timestamp>
			</report>
			<report>
				<misses>602800000</misses>
				<total>0</total>
				<timestamp>5184.503259</timestamp>
			</report>
			<report>
				<misses>602900000</misses>
				<total>0</total>
				<timestamp>5185.339125</timestamp>
			</report>
			<report>
				<misses>603000000</misses>
				<total>0</total>
				<timestamp>5186.211571</timestamp>
			</report>
			<report>
				<misses>603100000</misses>
				<total>0</total>
				<timestamp>5187.103286</timestamp>
			</report>
			<report>
				<misses>603200000</misses>
				<total>0</total>
				<timestamp>5187.924932</timestamp>
			</report>
			<report>
				<misses>603300000</misses>
				<total>0</total>
				<timestamp>5188.767130</timestamp>
			</report>
			<report>
				<misses>603400000</misses>
				<total>0</total>
				<timestamp>5189.629356</timestamp>
			</report>
			<report>
				<misses>603500000</misses>
				<total>0</total>
				<timestamp>5190.487615</timestamp>
			</report>
			<report>
				<misses>603600000</misses>
				<total>0</total>
				<timestamp>5191.261809</timestamp>
			</report>
			<report>
				<misses>603700000</misses>
				<total>0</total>
				<timestamp>5192.068194</timestamp>
			</report>
			<report>
				<misses>603800000</misses>
				<total>0</total>
				<timestamp>5192.871696</timestamp>
			</report>
			<report>
				<misses>603900000</misses>
				<total>0</total>
				<timestamp>5193.672688</timestamp>
			</report>
			<report>
				<misses>604000000</misses>
				<total>0</total>
				<timestamp>5194.500698</timestamp>
			</report>
			<report>
				<misses>604100000</misses>
				<total>0</total>
				<timestamp>5195.294314</timestamp>
			</report>
			<report>
				<misses>604200000</misses>
				<total>0</total>
				<timestamp>5196.107866</timestamp>
			</report>
			<report>
				<misses>604300000</misses>
				<total>0</total>
				<timestamp>5196.898515</timestamp>
			</report>
			<report>
				<misses>604400000</misses>
				<total>0</total>
				<timestamp>5197.739307</timestamp>
			</report>
			<report>
				<misses>604500000</misses>
				<total>0</total>
				<timestamp>5198.624228</timestamp>
			</report>
			<report>
				<misses>604600000</misses>
				<total>0</total>
				<timestamp>5199.444271</timestamp>
			</report>
			<report>
				<misses>604700000</misses>
				<total>0</total>
				<timestamp>5200.317790</timestamp>
			</report>
			<report>
				<misses>604800000</misses>
				<total>0</total>
				<timestamp>5201.221309</timestamp>
			</report>
			<report>
				<misses>604900000</misses>
				<total>0</total>
				<timestamp>5202.029837</timestamp>
			</report>
			<report>
				<misses>605000000</misses>
				<total>0</total>
				<timestamp>5202.946607</timestamp>
			</report>
			<report>
				<misses>605100000</misses>
				<total>0</total>
				<timestamp>5203.789357</timestamp>
			</report>
			<report>
				<misses>605200000</misses>
				<total>0</total>
				<timestamp>5204.617660</timestamp>
			</report>
			<report>
				<misses>605300000</misses>
				<total>0</total>
				<timestamp>5205.456229</timestamp>
			</report>
			<report>
				<misses>605400000</misses>
				<total>0</total>
				<timestamp>5206.316062</timestamp>
			</report>
			<report>
				<misses>605500000</misses>
				<total>0</total>
				<timestamp>5207.147368</timestamp>
			</report>
			<report>
				<misses>605600000</misses>
				<total>0</total>
				<timestamp>5207.983837</timestamp>
			</report>
			<report>
				<misses>605700000</misses>
				<total>0</total>
				<timestamp>5208.857169</timestamp>
			</report>
			<report>
				<misses>605800000</misses>
				<total>0</total>
				<timestamp>5209.646303</timestamp>
			</report>
			<report>
				<misses>605900000</misses>
				<total>0</total>
				<timestamp>5210.529912</timestamp>
			</report>
			<report>
				<misses>606000000</misses>
				<total>0</total>
				<timestamp>5211.352960</timestamp>
			</report>
			<report>
				<misses>606100000</misses>
				<total>0</total>
				<timestamp>5212.150547</timestamp>
			</report>
			<report>
				<misses>606200000</misses>
				<total>0</total>
				<timestamp>5213.022897</timestamp>
			</report>
			<report>
				<misses>606300000</misses>
				<total>0</total>
				<timestamp>5213.836915</timestamp>
			</report>
			<report>
				<misses>606400000</misses>
				<total>0</total>
				<timestamp>5214.703199</timestamp>
			</report>
			<report>
				<misses>606500000</misses>
				<total>0</total>
				<timestamp>5215.512455</timestamp>
			</report>
			<report>
				<misses>606600000</misses>
				<total>0</total>
				<timestamp>5216.435636</timestamp>
			</report>
			<report>
				<misses>606700000</misses>
				<total>0</total>
				<timestamp>5217.338150</timestamp>
			</report>
			<report>
				<misses>606800000</misses>
				<total>0</total>
				<timestamp>5218.210976</timestamp>
			</report>
			<report>
				<misses>606900000</misses>
				<total>0</total>
				<timestamp>5219.067971</timestamp>
			</report>
			<report>
				<misses>607000000</misses>
				<total>0</total>
				<timestamp>5219.987371</timestamp>
			</report>
			<report>
				<misses>607100000</misses>
				<total>0</total>
				<timestamp>5220.858255</timestamp>
			</report>
			<report>
				<misses>607200000</misses>
				<total>0</total>
				<timestamp>5221.680452</timestamp>
			</report>
			<report>
				<misses>607300000</misses>
				<total>0</total>
				<timestamp>5222.546324</timestamp>
			</report>
			<report>
				<misses>607400000</misses>
				<total>0</total>
				<timestamp>5223.429336</timestamp>
			</report>
			<report>
				<misses>607500000</misses>
				<total>0</total>
				<timestamp>5224.335951</timestamp>
			</report>
			<report>
				<misses>607600000</misses>
				<total>0</total>
				<timestamp>5225.230866</timestamp>
			</report>
			<report>
				<misses>607700000</misses>
				<total>0</total>
				<timestamp>5226.121062</timestamp>
			</report>
			<report>
				<misses>607800000</misses>
				<total>0</total>
				<timestamp>5226.976517</timestamp>
			</report>
			<report>
				<misses>607900000</misses>
				<total>0</total>
				<timestamp>5227.899819</timestamp>
			</report>
			<report>
				<misses>608000000</misses>
				<total>0</total>
				<timestamp>5228.820417</timestamp>
			</report>
			<report>
				<misses>608100000</misses>
				<total>0</total>
				<timestamp>5229.679083</timestamp>
			</report>
			<report>
				<misses>608200000</misses>
				<total>0</total>
				<timestamp>5230.570664</timestamp>
			</report>
			<report>
				<misses>608300000</misses>
				<total>0</total>
				<timestamp>5231.421873</timestamp>
			</report>
			<report>
				<misses>608400000</misses>
				<total>0</total>
				<timestamp>5232.272255</timestamp>
			</report>
			<report>
				<misses>608500000</misses>
				<total>0</total>
				<timestamp>5233.120653</timestamp>
			</report>
			<report>
				<misses>608600000</misses>
				<total>0</total>
				<timestamp>5234.000698</timestamp>
			</report>
			<report>
				<misses>608700000</misses>
				<total>0</total>
				<timestamp>5234.834208</timestamp>
			</report>
			<report>
				<misses>608800000</misses>
				<total>0</total>
				<timestamp>5235.633923</timestamp>
			</report>
			<report>
				<misses>608900000</misses>
				<total>0</total>
				<timestamp>5236.421892</timestamp>
			</report>
			<report>
				<misses>609000000</misses>
				<total>0</total>
				<timestamp>5237.262076</timestamp>
			</report>
			<report>
				<misses>609100000</misses>
				<total>0</total>
				<timestamp>5238.100808</timestamp>
			</report>
			<report>
				<misses>609200000</misses>
				<total>0</total>
				<timestamp>5238.892308</timestamp>
			</report>
			<report>
				<misses>609300000</misses>
				<total>0</total>
				<timestamp>5239.677250</timestamp>
			</report>
			<report>
				<misses>609400000</misses>
				<total>0</total>
				<timestamp>5240.483859</timestamp>
			</report>
			<report>
				<misses>609500000</misses>
				<total>0</total>
				<timestamp>5241.314030</timestamp>
			</report>
			<report>
				<misses>609600000</misses>
				<total>0</total>
				<timestamp>5242.153023</timestamp>
			</report>
			<report>
				<misses>609700000</misses>
				<total>0</total>
				<timestamp>5243.031417</timestamp>
			</report>
			<report>
				<misses>609800000</misses>
				<total>0</total>
				<timestamp>5243.919388</timestamp>
			</report>
			<report>
				<misses>609900000</misses>
				<total>0</total>
				<timestamp>5244.778988</timestamp>
			</report>
			<report>
				<misses>610000000</misses>
				<total>0</total>
				<timestamp>5245.696667</timestamp>
			</report>
			<report>
				<misses>610100000</misses>
				<total>0</total>
				<timestamp>5246.609291</timestamp>
			</report>
			<report>
				<misses>610200000</misses>
				<total>0</total>
				<timestamp>5247.508585</timestamp>
			</report>
			<report>
				<misses>610300000</misses>
				<total>0</total>
				<timestamp>5248.381448</timestamp>
			</report>
			<report>
				<misses>610400000</misses>
				<total>0</total>
				<timestamp>5249.278136</timestamp>
			</report>
			<report>
				<misses>610500000</misses>
				<total>0</total>
				<timestamp>5250.103546</timestamp>
			</report>
			<report>
				<misses>610600000</misses>
				<total>0</total>
				<timestamp>5251.047547</timestamp>
			</report>
			<report>
				<misses>610700000</misses>
				<total>0</total>
				<timestamp>5251.888250</timestamp>
			</report>
			<report>
				<misses>610800000</misses>
				<total>0</total>
				<timestamp>5252.744725</timestamp>
			</report>
			<report>
				<misses>610900000</misses>
				<total>0</total>
				<timestamp>5253.588680</timestamp>
			</report>
			<report>
				<misses>611000000</misses>
				<total>0</total>
				<timestamp>5254.442156</timestamp>
			</report>
			<report>
				<misses>611100000</misses>
				<total>0</total>
				<timestamp>5255.324380</timestamp>
			</report>
			<report>
				<misses>611200000</misses>
				<total>0</total>
				<timestamp>5256.145585</timestamp>
			</report>
			<report>
				<misses>611300000</misses>
				<total>0</total>
				<timestamp>5256.940406</timestamp>
			</report>
			<report>
				<misses>611400000</misses>
				<total>0</total>
				<timestamp>5257.816642</timestamp>
			</report>
			<report>
				<misses>611500000</misses>
				<total>0</total>
				<timestamp>5258.667981</timestamp>
			</report>
			<report>
				<misses>611600000</misses>
				<total>0</total>
				<timestamp>5259.471853</timestamp>
			</report>
			<report>
				<misses>611700000</misses>
				<total>0</total>
				<timestamp>5260.304356</timestamp>
			</report>
			<report>
				<misses>611800000</misses>
				<total>0</total>
				<timestamp>5261.137810</timestamp>
			</report>
			<report>
				<misses>611900000</misses>
				<total>0</total>
				<timestamp>5261.986987</timestamp>
			</report>
			<report>
				<misses>612000000</misses>
				<total>0</total>
				<timestamp>5262.789400</timestamp>
			</report>
			<report>
				<misses>612100000</misses>
				<total>0</total>
				<timestamp>5263.620905</timestamp>
			</report>
			<report>
				<misses>612200000</misses>
				<total>0</total>
				<timestamp>5264.488862</timestamp>
			</report>
			<report>
				<misses>612300000</misses>
				<total>0</total>
				<timestamp>5265.347585</timestamp>
			</report>
			<report>
				<misses>612400000</misses>
				<total>0</total>
				<timestamp>5266.206500</timestamp>
			</report>
			<report>
				<misses>612500000</misses>
				<total>0</total>
				<timestamp>5267.058162</timestamp>
			</report>
			<report>
				<misses>612600000</misses>
				<total>0</total>
				<timestamp>5267.923055</timestamp>
			</report>
			<report>
				<misses>612700000</misses>
				<total>0</total>
				<timestamp>5268.810894</timestamp>
			</report>
			<report>
				<misses>612800000</misses>
				<total>0</total>
				<timestamp>5269.684220</timestamp>
			</report>
			<report>
				<misses>612900000</misses>
				<total>0</total>
				<timestamp>5270.554803</timestamp>
			</report>
			<report>
				<misses>613000000</misses>
				<total>0</total>
				<timestamp>5271.425969</timestamp>
			</report>
			<report>
				<misses>613100000</misses>
				<total>0</total>
				<timestamp>5272.267339</timestamp>
			</report>
			<report>
				<misses>613200000</misses>
				<total>0</total>
				<timestamp>5273.199154</timestamp>
			</report>
			<report>
				<misses>613300000</misses>
				<total>0</total>
				<timestamp>5274.114109</timestamp>
			</report>
			<report>
				<misses>613400000</misses>
				<total>0</total>
				<timestamp>5274.967051</timestamp>
			</report>
			<report>
				<misses>613500000</misses>
				<total>0</total>
				<timestamp>5275.808902</timestamp>
			</report>
			<report>
				<misses>613600000</misses>
				<total>0</total>
				<timestamp>5276.648252</timestamp>
			</report>
			<report>
				<misses>613700000</misses>
				<total>0</total>
				<timestamp>5277.565255</timestamp>
			</report>
			<report>
				<misses>613800000</misses>
				<total>0</total>
				<timestamp>5278.429810</timestamp>
			</report>
			<report>
				<misses>613900000</misses>
				<total>0</total>
				<timestamp>5279.298555</timestamp>
			</report>
			<report>
				<misses>614000000</misses>
				<total>0</total>
				<timestamp>5280.173058</timestamp>
			</report>
			<report>
				<misses>614100000</misses>
				<total>0</total>
				<timestamp>5281.041182</timestamp>
			</report>
			<report>
				<misses>614200000</misses>
				<total>0</total>
				<timestamp>5281.908894</timestamp>
			</report>
			<report>
				<misses>614300000</misses>
				<total>0</total>
				<timestamp>5282.775318</timestamp>
			</report>
			<report>
				<misses>614400000</misses>
				<total>0</total>
				<timestamp>5283.664274</timestamp>
			</report>
			<report>
				<misses>614500000</misses>
				<total>0</total>
				<timestamp>5284.529365</timestamp>
			</report>
			<report>
				<misses>614600000</misses>
				<total>0</total>
				<timestamp>5285.395633</timestamp>
			</report>
			<report>
				<misses>614700000</misses>
				<total>0</total>
				<timestamp>5286.220316</timestamp>
			</report>
			<report>
				<misses>614800000</misses>
				<total>0</total>
				<timestamp>5287.044663</timestamp>
			</report>
			<report>
				<misses>614900000</misses>
				<total>0</total>
				<timestamp>5287.897689</timestamp>
			</report>
			<report>
				<misses>615000000</misses>
				<total>0</total>
				<timestamp>5288.710299</timestamp>
			</report>
			<report>
				<misses>615100000</misses>
				<total>0</total>
				<timestamp>5289.526755</timestamp>
			</report>
			<report>
				<misses>615200000</misses>
				<total>0</total>
				<timestamp>5290.336888</timestamp>
			</report>
			<report>
				<misses>615300000</misses>
				<total>0</total>
				<timestamp>5291.209859</timestamp>
			</report>
			<report>
				<misses>615400000</misses>
				<total>0</total>
				<timestamp>5292.098982</timestamp>
			</report>
			<report>
				<misses>615500000</misses>
				<total>0</total>
				<timestamp>5292.958731</timestamp>
			</report>
			<report>
				<misses>615600000</misses>
				<total>0</total>
				<timestamp>5293.877427</timestamp>
			</report>
			<report>
				<misses>615700000</misses>
				<total>0</total>
				<timestamp>5294.714872</timestamp>
			</report>
			<report>
				<misses>615800000</misses>
				<total>0</total>
				<timestamp>5295.612470</timestamp>
			</report>
			<report>
				<misses>615900000</misses>
				<total>0</total>
				<timestamp>5296.481157</timestamp>
			</report>
			<report>
				<misses>616000000</misses>
				<total>0</total>
				<timestamp>5297.284870</timestamp>
			</report>
			<report>
				<misses>616100000</misses>
				<total>0</total>
				<timestamp>5298.173974</timestamp>
			</report>
			<report>
				<misses>616200000</misses>
				<total>0</total>
				<timestamp>5299.009978</timestamp>
			</report>
			<report>
				<misses>616300000</misses>
				<total>0</total>
				<timestamp>5299.937750</timestamp>
			</report>
			<report>
				<misses>616400000</misses>
				<total>0</total>
				<timestamp>5300.809702</timestamp>
			</report>
			<report>
				<misses>616500000</misses>
				<total>0</total>
				<timestamp>5301.654924</timestamp>
			</report>
			<report>
				<misses>616600000</misses>
				<total>0</total>
				<timestamp>5302.520874</timestamp>
			</report>
			<report>
				<misses>616700000</misses>
				<total>0</total>
				<timestamp>5303.467738</timestamp>
			</report>
			<report>
				<misses>616800000</misses>
				<total>0</total>
				<timestamp>5304.389149</timestamp>
			</report>
			<report>
				<misses>616900000</misses>
				<total>0</total>
				<timestamp>5305.300460</timestamp>
			</report>
			<report>
				<misses>617000000</misses>
				<total>0</total>
				<timestamp>5306.151797</timestamp>
			</report>
			<report>
				<misses>617100000</misses>
				<total>0</total>
				<timestamp>5307.006812</timestamp>
			</report>
			<report>
				<misses>617200000</misses>
				<total>0</total>
				<timestamp>5307.852615</timestamp>
			</report>
			<report>
				<misses>617300000</misses>
				<total>0</total>
				<timestamp>5308.667077</timestamp>
			</report>
			<report>
				<misses>617400000</misses>
				<total>0</total>
				<timestamp>5309.564006</timestamp>
			</report>
			<report>
				<misses>617500000</misses>
				<total>0</total>
				<timestamp>5310.446438</timestamp>
			</report>
			<report>
				<misses>617600000</misses>
				<total>0</total>
				<timestamp>5311.304934</timestamp>
			</report>
			<report>
				<misses>617700000</misses>
				<total>0</total>
				<timestamp>5312.144850</timestamp>
			</report>
			<report>
				<misses>617800000</misses>
				<total>0</total>
				<timestamp>5312.982315</timestamp>
			</report>
			<report>
				<misses>617900000</misses>
				<total>0</total>
				<timestamp>5313.801505</timestamp>
			</report>
			<report>
				<misses>618000000</misses>
				<total>0</total>
				<timestamp>5314.676475</timestamp>
			</report>
			<report>
				<misses>618100000</misses>
				<total>0</total>
				<timestamp>5315.597588</timestamp>
			</report>
			<report>
				<misses>618200000</misses>
				<total>0</total>
				<timestamp>5316.466750</timestamp>
			</report>
			<report>
				<misses>618300000</misses>
				<total>0</total>
				<timestamp>5317.365274</timestamp>
			</report>
			<report>
				<misses>618400000</misses>
				<total>0</total>
				<timestamp>5318.227153</timestamp>
			</report>
			<report>
				<misses>618500000</misses>
				<total>0</total>
				<timestamp>5319.047022</timestamp>
			</report>
			<report>
				<misses>618600000</misses>
				<total>0</total>
				<timestamp>5319.870254</timestamp>
			</report>
			<report>
				<misses>618700000</misses>
				<total>0</total>
				<timestamp>5320.716271</timestamp>
			</report>
			<report>
				<misses>618800000</misses>
				<total>0</total>
				<timestamp>5321.587161</timestamp>
			</report>
			<report>
				<misses>618900000</misses>
				<total>0</total>
				<timestamp>5322.474086</timestamp>
			</report>
			<report>
				<misses>619000000</misses>
				<total>0</total>
				<timestamp>5323.346421</timestamp>
			</report>
			<report>
				<misses>619100000</misses>
				<total>0</total>
				<timestamp>5324.196131</timestamp>
			</report>
			<report>
				<misses>619200000</misses>
				<total>0</total>
				<timestamp>5325.103690</timestamp>
			</report>
			<report>
				<misses>619300000</misses>
				<total>0</total>
				<timestamp>5325.937297</timestamp>
			</report>
			<report>
				<misses>619400000</misses>
				<total>0</total>
				<timestamp>5326.798494</timestamp>
			</report>
			<report>
				<misses>619500000</misses>
				<total>0</total>
				<timestamp>5327.672996</timestamp>
			</report>
			<report>
				<misses>619600000</misses>
				<total>0</total>
				<timestamp>5328.542247</timestamp>
			</report>
			<report>
				<misses>619700000</misses>
				<total>0</total>
				<timestamp>5329.401150</timestamp>
			</report>
			<report>
				<misses>619800000</misses>
				<total>0</total>
				<timestamp>5330.288834</timestamp>
			</report>
			<report>
				<misses>619900000</misses>
				<total>0</total>
				<timestamp>5331.170586</timestamp>
			</report>
			<report>
				<misses>620000000</misses>
				<total>0</total>
				<timestamp>5332.072268</timestamp>
			</report>
			<report>
				<misses>620100000</misses>
				<total>0</total>
				<timestamp>5332.964342</timestamp>
			</report>
			<report>
				<misses>620200000</misses>
				<total>0</total>
				<timestamp>5333.846744</timestamp>
			</report>
			<report>
				<misses>620300000</misses>
				<total>0</total>
				<timestamp>5334.757596</timestamp>
			</report>
			<report>
				<misses>620400000</misses>
				<total>0</total>
				<timestamp>5335.714785</timestamp>
			</report>
			<report>
				<misses>620500000</misses>
				<total>0</total>
				<timestamp>5336.612847</timestamp>
			</report>
			<report>
				<misses>620600000</misses>
				<total>0</total>
				<timestamp>5337.553578</timestamp>
			</report>
			<report>
				<misses>620700000</misses>
				<total>0</total>
				<timestamp>5338.465000</timestamp>
			</report>
			<report>
				<misses>620800000</misses>
				<total>0</total>
				<timestamp>5339.340002</timestamp>
			</report>
			<report>
				<misses>620900000</misses>
				<total>0</total>
				<timestamp>5340.187688</timestamp>
			</report>
			<report>
				<misses>621000000</misses>
				<total>0</total>
				<timestamp>5341.094188</timestamp>
			</report>
			<report>
				<misses>621100000</misses>
				<total>0</total>
				<timestamp>5341.969174</timestamp>
			</report>
			<report>
				<misses>621200000</misses>
				<total>0</total>
				<timestamp>5342.867282</timestamp>
			</report>
			<report>
				<misses>621300000</misses>
				<total>0</total>
				<timestamp>5343.741313</timestamp>
			</report>
			<report>
				<misses>621400000</misses>
				<total>0</total>
				<timestamp>5344.676681</timestamp>
			</report>
			<report>
				<misses>621500000</misses>
				<total>0</total>
				<timestamp>5345.612834</timestamp>
			</report>
			<report>
				<misses>621600000</misses>
				<total>0</total>
				<timestamp>5346.535167</timestamp>
			</report>
			<report>
				<misses>621700000</misses>
				<total>0</total>
				<timestamp>5347.385908</timestamp>
			</report>
			<report>
				<misses>621800000</misses>
				<total>0</total>
				<timestamp>5348.313619</timestamp>
			</report>
			<report>
				<misses>621900000</misses>
				<total>0</total>
				<timestamp>5349.156554</timestamp>
			</report>
			<report>
				<misses>622000000</misses>
				<total>0</total>
				<timestamp>5350.009288</timestamp>
			</report>
			<report>
				<misses>622100000</misses>
				<total>0</total>
				<timestamp>5350.885901</timestamp>
			</report>
			<report>
				<misses>622200000</misses>
				<total>0</total>
				<timestamp>5351.768518</timestamp>
			</report>
			<report>
				<misses>622300000</misses>
				<total>0</total>
				<timestamp>5352.644100</timestamp>
			</report>
			<report>
				<misses>622400000</misses>
				<total>0</total>
				<timestamp>5353.522772</timestamp>
			</report>
			<report>
				<misses>622500000</misses>
				<total>0</total>
				<timestamp>5354.394471</timestamp>
			</report>
			<report>
				<misses>622600000</misses>
				<total>0</total>
				<timestamp>5355.322021</timestamp>
			</report>
			<report>
				<misses>622700000</misses>
				<total>0</total>
				<timestamp>5356.208159</timestamp>
			</report>
			<report>
				<misses>622800000</misses>
				<total>0</total>
				<timestamp>5357.114311</timestamp>
			</report>
			<report>
				<misses>622900000</misses>
				<total>0</total>
				<timestamp>5358.064491</timestamp>
			</report>
			<report>
				<misses>623000000</misses>
				<total>0</total>
				<timestamp>5358.951220</timestamp>
			</report>
			<report>
				<misses>623100000</misses>
				<total>0</total>
				<timestamp>5359.848830</timestamp>
			</report>
			<report>
				<misses>623200000</misses>
				<total>0</total>
				<timestamp>5360.692999</timestamp>
			</report>
			<report>
				<misses>623300000</misses>
				<total>0</total>
				<timestamp>5361.497142</timestamp>
			</report>
			<report>
				<misses>623400000</misses>
				<total>0</total>
				<timestamp>5362.294738</timestamp>
			</report>
			<report>
				<misses>623500000</misses>
				<total>0</total>
				<timestamp>5363.091434</timestamp>
			</report>
			<report>
				<misses>623600000</misses>
				<total>0</total>
				<timestamp>5363.893238</timestamp>
			</report>
			<report>
				<misses>623700000</misses>
				<total>0</total>
				<timestamp>5364.778801</timestamp>
			</report>
			<report>
				<misses>623800000</misses>
				<total>0</total>
				<timestamp>5365.656894</timestamp>
			</report>
			<report>
				<misses>623900000</misses>
				<total>0</total>
				<timestamp>5366.544829</timestamp>
			</report>
			<report>
				<misses>624000000</misses>
				<total>0</total>
				<timestamp>5367.374658</timestamp>
			</report>
			<report>
				<misses>624100000</misses>
				<total>0</total>
				<timestamp>5368.163060</timestamp>
			</report>
			<report>
				<misses>624200000</misses>
				<total>0</total>
				<timestamp>5369.073560</timestamp>
			</report>
			<report>
				<misses>624300000</misses>
				<total>0</total>
				<timestamp>5369.970016</timestamp>
			</report>
			<report>
				<misses>624400000</misses>
				<total>0</total>
				<timestamp>5370.849144</timestamp>
			</report>
			<report>
				<misses>624500000</misses>
				<total>0</total>
				<timestamp>5371.723219</timestamp>
			</report>
			<report>
				<misses>624600000</misses>
				<total>0</total>
				<timestamp>5372.645976</timestamp>
			</report>
			<report>
				<misses>624700000</misses>
				<total>0</total>
				<timestamp>5373.557199</timestamp>
			</report>
			<report>
				<misses>624800000</misses>
				<total>0</total>
				<timestamp>5374.443811</timestamp>
			</report>
			<report>
				<misses>624900000</misses>
				<total>0</total>
				<timestamp>5375.344858</timestamp>
			</report>
			<report>
				<misses>625000000</misses>
				<total>0</total>
				<timestamp>5376.292574</timestamp>
			</report>
			<report>
				<misses>625100000</misses>
				<total>0</total>
				<timestamp>5377.141962</timestamp>
			</report>
			<report>
				<misses>625200000</misses>
				<total>0</total>
				<timestamp>5378.105421</timestamp>
			</report>
			<report>
				<misses>625300000</misses>
				<total>0</total>
				<timestamp>5379.073049</timestamp>
			</report>
			<report>
				<misses>625400000</misses>
				<total>0</total>
				<timestamp>5379.989702</timestamp>
			</report>
			<report>
				<misses>625500000</misses>
				<total>0</total>
				<timestamp>5380.787378</timestamp>
			</report>
			<report>
				<misses>625600000</misses>
				<total>0</total>
				<timestamp>5381.628340</timestamp>
			</report>
			<report>
				<misses>625700000</misses>
				<total>0</total>
				<timestamp>5382.463798</timestamp>
			</report>
			<report>
				<misses>625800000</misses>
				<total>0</total>
				<timestamp>5383.309538</timestamp>
			</report>
			<report>
				<misses>625900000</misses>
				<total>0</total>
				<timestamp>5384.205674</timestamp>
			</report>
			<report>
				<misses>626000000</misses>
				<total>0</total>
				<timestamp>5385.039422</timestamp>
			</report>
			<report>
				<misses>626100000</misses>
				<total>0</total>
				<timestamp>5385.895858</timestamp>
			</report>
			<report>
				<misses>626200000</misses>
				<total>0</total>
				<timestamp>5386.734911</timestamp>
			</report>
			<report>
				<misses>626300000</misses>
				<total>0</total>
				<timestamp>5387.595420</timestamp>
			</report>
			<report>
				<misses>626400000</misses>
				<total>0</total>
				<timestamp>5388.513795</timestamp>
			</report>
			<report>
				<misses>626500000</misses>
				<total>0</total>
				<timestamp>5389.395054</timestamp>
			</report>
			<report>
				<misses>626600000</misses>
				<total>0</total>
				<timestamp>5390.226004</timestamp>
			</report>
			<report>
				<misses>626700000</misses>
				<total>0</total>
				<timestamp>5391.111147</timestamp>
			</report>
			<report>
				<misses>626800000</misses>
				<total>0</total>
				<timestamp>5391.983475</timestamp>
			</report>
			<report>
				<misses>626900000</misses>
				<total>0</total>
				<timestamp>5392.849387</timestamp>
			</report>
			<report>
				<misses>627000000</misses>
				<total>0</total>
				<timestamp>5393.687140</timestamp>
			</report>
			<report>
				<misses>627100000</misses>
				<total>0</total>
				<timestamp>5394.530664</timestamp>
			</report>
			<report>
				<misses>627200000</misses>
				<total>0</total>
				<timestamp>5395.379224</timestamp>
			</report>
			<report>
				<misses>627300000</misses>
				<total>0</total>
				<timestamp>5396.258942</timestamp>
			</report>
			<report>
				<misses>627400000</misses>
				<total>0</total>
				<timestamp>5397.131306</timestamp>
			</report>
			<report>
				<misses>627500000</misses>
				<total>0</total>
				<timestamp>5397.998934</timestamp>
			</report>
			<report>
				<misses>627600000</misses>
				<total>0</total>
				<timestamp>5398.836694</timestamp>
			</report>
			<report>
				<misses>627700000</misses>
				<total>0</total>
				<timestamp>5399.672789</timestamp>
			</report>
			<report>
				<misses>627800000</misses>
				<total>0</total>
				<timestamp>5400.580129</timestamp>
			</report>
			<report>
				<misses>627900000</misses>
				<total>0</total>
				<timestamp>5401.466877</timestamp>
			</report>
			<report>
				<misses>628000000</misses>
				<total>0</total>
				<timestamp>5402.328793</timestamp>
			</report>
			<report>
				<misses>628100000</misses>
				<total>0</total>
				<timestamp>5403.243801</timestamp>
			</report>
			<report>
				<misses>628200000</misses>
				<total>0</total>
				<timestamp>5404.171885</timestamp>
			</report>
			<report>
				<misses>628300000</misses>
				<total>0</total>
				<timestamp>5405.053327</timestamp>
			</report>
			<report>
				<misses>628400000</misses>
				<total>0</total>
				<timestamp>5405.924091</timestamp>
			</report>
			<report>
				<misses>628500000</misses>
				<total>0</total>
				<timestamp>5406.752631</timestamp>
			</report>
			<report>
				<misses>628600000</misses>
				<total>0</total>
				<timestamp>5407.558691</timestamp>
			</report>
			<report>
				<misses>628700000</misses>
				<total>0</total>
				<timestamp>5408.355625</timestamp>
			</report>
			<report>
				<misses>628800000</misses>
				<total>0</total>
				<timestamp>5409.157349</timestamp>
			</report>
			<report>
				<misses>628900000</misses>
				<total>0</total>
				<timestamp>5410.022519</timestamp>
			</report>
			<report>
				<misses>629000000</misses>
				<total>0</total>
				<timestamp>5410.813913</timestamp>
			</report>
			<report>
				<misses>629100000</misses>
				<total>0</total>
				<timestamp>5411.623654</timestamp>
			</report>
			<report>
				<misses>629200000</misses>
				<total>0</total>
				<timestamp>5412.411443</timestamp>
			</report>
			<report>
				<misses>629300000</misses>
				<total>0</total>
				<timestamp>5413.222337</timestamp>
			</report>
			<report>
				<misses>629400000</misses>
				<total>0</total>
				<timestamp>5414.060463</timestamp>
			</report>
			<report>
				<misses>629500000</misses>
				<total>0</total>
				<timestamp>5414.947928</timestamp>
			</report>
			<report>
				<misses>629600000</misses>
				<total>0</total>
				<timestamp>5415.787259</timestamp>
			</report>
			<report>
				<misses>629700000</misses>
				<total>0</total>
				<timestamp>5416.629901</timestamp>
			</report>
			<report>
				<misses>629800000</misses>
				<total>0</total>
				<timestamp>5417.462466</timestamp>
			</report>
			<report>
				<misses>629900000</misses>
				<total>0</total>
				<timestamp>5418.317597</timestamp>
			</report>
			<report>
				<misses>630000000</misses>
				<total>0</total>
				<timestamp>5419.159670</timestamp>
			</report>
			<report>
				<misses>630100000</misses>
				<total>0</total>
				<timestamp>5420.079735</timestamp>
			</report>
			<report>
				<misses>630200000</misses>
				<total>0</total>
				<timestamp>5421.004434</timestamp>
			</report>
			<report>
				<misses>630300000</misses>
				<total>0</total>
				<timestamp>5421.914375</timestamp>
			</report>
			<report>
				<misses>630400000</misses>
				<total>0</total>
				<timestamp>5422.770994</timestamp>
			</report>
			<report>
				<misses>630500000</misses>
				<total>0</total>
				<timestamp>5423.613660</timestamp>
			</report>
			<report>
				<misses>630600000</misses>
				<total>0</total>
				<timestamp>5424.498622</timestamp>
			</report>
			<report>
				<misses>630700000</misses>
				<total>0</total>
				<timestamp>5425.346586</timestamp>
			</report>
			<report>
				<misses>630800000</misses>
				<total>0</total>
				<timestamp>5426.265908</timestamp>
			</report>
			<report>
				<misses>630900000</misses>
				<total>0</total>
				<timestamp>5427.129024</timestamp>
			</report>
			<report>
				<misses>631000000</misses>
				<total>0</total>
				<timestamp>5427.992587</timestamp>
			</report>
			<report>
				<misses>631100000</misses>
				<total>0</total>
				<timestamp>5428.875461</timestamp>
			</report>
			<report>
				<misses>631200000</misses>
				<total>0</total>
				<timestamp>5429.793286</timestamp>
			</report>
			<report>
				<misses>631300000</misses>
				<total>0</total>
				<timestamp>5430.672726</timestamp>
			</report>
			<report>
				<misses>631400000</misses>
				<total>0</total>
				<timestamp>5431.478713</timestamp>
			</report>
			<report>
				<misses>631500000</misses>
				<total>0</total>
				<timestamp>5432.258306</timestamp>
			</report>
			<report>
				<misses>631600000</misses>
				<total>0</total>
				<timestamp>5433.078654</timestamp>
			</report>
			<report>
				<misses>631700000</misses>
				<total>0</total>
				<timestamp>5433.937951</timestamp>
			</report>
			<report>
				<misses>631800000</misses>
				<total>0</total>
				<timestamp>5434.762245</timestamp>
			</report>
			<report>
				<misses>631900000</misses>
				<total>0</total>
				<timestamp>5435.621710</timestamp>
			</report>
			<report>
				<misses>632000000</misses>
				<total>0</total>
				<timestamp>5436.452812</timestamp>
			</report>
			<report>
				<misses>632100000</misses>
				<total>0</total>
				<timestamp>5437.338871</timestamp>
			</report>
			<report>
				<misses>632200000</misses>
				<total>0</total>
				<timestamp>5438.203292</timestamp>
			</report>
			<report>
				<misses>632300000</misses>
				<total>0</total>
				<timestamp>5439.061510</timestamp>
			</report>
			<report>
				<misses>632400000</misses>
				<total>0</total>
				<timestamp>5439.894186</timestamp>
			</report>
			<report>
				<misses>632500000</misses>
				<total>0</total>
				<timestamp>5440.789047</timestamp>
			</report>
			<report>
				<misses>632600000</misses>
				<total>0</total>
				<timestamp>5441.632948</timestamp>
			</report>
			<report>
				<misses>632700000</misses>
				<total>0</total>
				<timestamp>5442.484003</timestamp>
			</report>
			<report>
				<misses>632800000</misses>
				<total>0</total>
				<timestamp>5443.370708</timestamp>
			</report>
			<report>
				<misses>632900000</misses>
				<total>0</total>
				<timestamp>5444.241175</timestamp>
			</report>
			<report>
				<misses>633000000</misses>
				<total>0</total>
				<timestamp>5445.140767</timestamp>
			</report>
			<report>
				<misses>633100000</misses>
				<total>0</total>
				<timestamp>5445.991537</timestamp>
			</report>
			<report>
				<misses>633200000</misses>
				<total>0</total>
				<timestamp>5446.846797</timestamp>
			</report>
			<report>
				<misses>633300000</misses>
				<total>0</total>
				<timestamp>5447.725885</timestamp>
			</report>
			<report>
				<misses>633400000</misses>
				<total>0</total>
				<timestamp>5448.603150</timestamp>
			</report>
			<report>
				<misses>633500000</misses>
				<total>0</total>
				<timestamp>5449.424032</timestamp>
			</report>
			<report>
				<misses>633600000</misses>
				<total>0</total>
				<timestamp>5450.308283</timestamp>
			</report>
			<report>
				<misses>633700000</misses>
				<total>0</total>
				<timestamp>5451.149324</timestamp>
			</report>
			<report>
				<misses>633800000</misses>
				<total>0</total>
				<timestamp>5452.006221</timestamp>
			</report>
			<report>
				<misses>633900000</misses>
				<total>0</total>
				<timestamp>5452.815951</timestamp>
			</report>
			<report>
				<misses>634000000</misses>
				<total>0</total>
				<timestamp>5453.636086</timestamp>
			</report>
			<report>
				<misses>634100000</misses>
				<total>0</total>
				<timestamp>5454.428471</timestamp>
			</report>
			<report>
				<misses>634200000</misses>
				<total>0</total>
				<timestamp>5455.302611</timestamp>
			</report>
			<report>
				<misses>634300000</misses>
				<total>0</total>
				<timestamp>5456.094931</timestamp>
			</report>
			<report>
				<misses>634400000</misses>
				<total>0</total>
				<timestamp>5456.899446</timestamp>
			</report>
			<report>
				<misses>634500000</misses>
				<total>0</total>
				<timestamp>5457.722811</timestamp>
			</report>
			<report>
				<misses>634600000</misses>
				<total>0</total>
				<timestamp>5458.514778</timestamp>
			</report>
			<report>
				<misses>634700000</misses>
				<total>0</total>
				<timestamp>5459.347731</timestamp>
			</report>
			<report>
				<misses>634800000</misses>
				<total>0</total>
				<timestamp>5460.198229</timestamp>
			</report>
			<report>
				<misses>634900000</misses>
				<total>0</total>
				<timestamp>5461.034237</timestamp>
			</report>
			<report>
				<misses>635000000</misses>
				<total>0</total>
				<timestamp>5461.886041</timestamp>
			</report>
			<report>
				<misses>635100000</misses>
				<total>0</total>
				<timestamp>5462.742152</timestamp>
			</report>
			<report>
				<misses>635200000</misses>
				<total>0</total>
				<timestamp>5463.632100</timestamp>
			</report>
			<report>
				<misses>635300000</misses>
				<total>0</total>
				<timestamp>5464.478702</timestamp>
			</report>
			<report>
				<misses>635400000</misses>
				<total>0</total>
				<timestamp>5465.305976</timestamp>
			</report>
			<report>
				<misses>635500000</misses>
				<total>0</total>
				<timestamp>5466.112347</timestamp>
			</report>
			<report>
				<misses>635600000</misses>
				<total>0</total>
				<timestamp>5467.004245</timestamp>
			</report>
			<report>
				<misses>635700000</misses>
				<total>0</total>
				<timestamp>5467.882504</timestamp>
			</report>
			<report>
				<misses>635800000</misses>
				<total>0</total>
				<timestamp>5468.761216</timestamp>
			</report>
			<report>
				<misses>635900000</misses>
				<total>0</total>
				<timestamp>5469.668928</timestamp>
			</report>
			<report>
				<misses>636000000</misses>
				<total>0</total>
				<timestamp>5470.522069</timestamp>
			</report>
			<report>
				<misses>636100000</misses>
				<total>0</total>
				<timestamp>5471.403288</timestamp>
			</report>
			<report>
				<misses>636200000</misses>
				<total>0</total>
				<timestamp>5472.289860</timestamp>
			</report>
			<report>
				<misses>636300000</misses>
				<total>0</total>
				<timestamp>5473.115227</timestamp>
			</report>
			<report>
				<misses>636400000</misses>
				<total>0</total>
				<timestamp>5473.964938</timestamp>
			</report>
			<report>
				<misses>636500000</misses>
				<total>0</total>
				<timestamp>5474.816232</timestamp>
			</report>
			<report>
				<misses>636600000</misses>
				<total>0</total>
				<timestamp>5475.612607</timestamp>
			</report>
			<report>
				<misses>636700000</misses>
				<total>0</total>
				<timestamp>5476.434668</timestamp>
			</report>
			<report>
				<misses>636800000</misses>
				<total>0</total>
				<timestamp>5477.249169</timestamp>
			</report>
			<report>
				<misses>636900000</misses>
				<total>0</total>
				<timestamp>5478.047214</timestamp>
			</report>
			<report>
				<misses>637000000</misses>
				<total>0</total>
				<timestamp>5478.857607</timestamp>
			</report>
			<report>
				<misses>637100000</misses>
				<total>0</total>
				<timestamp>5479.647025</timestamp>
			</report>
			<report>
				<misses>637200000</misses>
				<total>0</total>
				<timestamp>5480.478703</timestamp>
			</report>
			<report>
				<misses>637300000</misses>
				<total>0</total>
				<timestamp>5481.318385</timestamp>
			</report>
			<report>
				<misses>637400000</misses>
				<total>0</total>
				<timestamp>5482.175742</timestamp>
			</report>
			<report>
				<misses>637500000</misses>
				<total>0</total>
				<timestamp>5483.083358</timestamp>
			</report>
			<report>
				<misses>637600000</misses>
				<total>0</total>
				<timestamp>5483.974323</timestamp>
			</report>
			<report>
				<misses>637700000</misses>
				<total>0</total>
				<timestamp>5484.882722</timestamp>
			</report>
			<report>
				<misses>637800000</misses>
				<total>0</total>
				<timestamp>5485.796700</timestamp>
			</report>
			<report>
				<misses>637900000</misses>
				<total>0</total>
				<timestamp>5486.660388</timestamp>
			</report>
			<report>
				<misses>638000000</misses>
				<total>0</total>
				<timestamp>5487.557908</timestamp>
			</report>
			<report>
				<misses>638100000</misses>
				<total>0</total>
				<timestamp>5488.471054</timestamp>
			</report>
			<report>
				<misses>638200000</misses>
				<total>0</total>
				<timestamp>5489.270810</timestamp>
			</report>
			<report>
				<misses>638300000</misses>
				<total>0</total>
				<timestamp>5490.104567</timestamp>
			</report>
			<report>
				<misses>638400000</misses>
				<total>0</total>
				<timestamp>5490.986061</timestamp>
			</report>
			<report>
				<misses>638500000</misses>
				<total>0</total>
				<timestamp>5491.801730</timestamp>
			</report>
			<report>
				<misses>638600000</misses>
				<total>0</total>
				<timestamp>5492.684687</timestamp>
			</report>
			<report>
				<misses>638700000</misses>
				<total>0</total>
				<timestamp>5493.530553</timestamp>
			</report>
			<report>
				<misses>638800000</misses>
				<total>0</total>
				<timestamp>5494.402275</timestamp>
			</report>
			<report>
				<misses>638900000</misses>
				<total>0</total>
				<timestamp>5495.314321</timestamp>
			</report>
			<report>
				<misses>639000000</misses>
				<total>0</total>
				<timestamp>5496.188159</timestamp>
			</report>
			<report>
				<misses>639100000</misses>
				<total>0</total>
				<timestamp>5497.029667</timestamp>
			</report>
			<report>
				<misses>639200000</misses>
				<total>0</total>
				<timestamp>5497.884399</timestamp>
			</report>
			<report>
				<misses>639300000</misses>
				<total>0</total>
				<timestamp>5498.673958</timestamp>
			</report>
			<report>
				<misses>639400000</misses>
				<total>0</total>
				<timestamp>5499.508024</timestamp>
			</report>
			<report>
				<misses>639500000</misses>
				<total>0</total>
				<timestamp>5500.339059</timestamp>
			</report>
			<report>
				<misses>639600000</misses>
				<total>0</total>
				<timestamp>5501.128018</timestamp>
			</report>
			<report>
				<misses>639700000</misses>
				<total>0</total>
				<timestamp>5502.005201</timestamp>
			</report>
			<report>
				<misses>639800000</misses>
				<total>0</total>
				<timestamp>5502.875185</timestamp>
			</report>
			<report>
				<misses>639900000</misses>
				<total>0</total>
				<timestamp>5503.678735</timestamp>
			</report>
			<report>
				<misses>640000000</misses>
				<total>0</total>
				<timestamp>5504.548630</timestamp>
			</report>
			<report>
				<misses>640100000</misses>
				<total>0</total>
				<timestamp>5505.383381</timestamp>
			</report>
			<report>
				<misses>640200000</misses>
				<total>0</total>
				<timestamp>5506.265946</timestamp>
			</report>
			<report>
				<misses>640300000</misses>
				<total>0</total>
				<timestamp>5507.150654</timestamp>
			</report>
			<report>
				<misses>640400000</misses>
				<total>0</total>
				<timestamp>5508.056267</timestamp>
			</report>
			<report>
				<misses>640500000</misses>
				<total>0</total>
				<timestamp>5508.961429</timestamp>
			</report>
			<report>
				<misses>640600000</misses>
				<total>0</total>
				<timestamp>5509.833817</timestamp>
			</report>
			<report>
				<misses>640700000</misses>
				<total>0</total>
				<timestamp>5510.696655</timestamp>
			</report>
			<report>
				<misses>640800000</misses>
				<total>0</total>
				<timestamp>5511.575386</timestamp>
			</report>
			<report>
				<misses>640900000</misses>
				<total>0</total>
				<timestamp>5512.497830</timestamp>
			</report>
			<report>
				<misses>641000000</misses>
				<total>0</total>
				<timestamp>5513.337577</timestamp>
			</report>
			<report>
				<misses>641100000</misses>
				<total>0</total>
				<timestamp>5514.250878</timestamp>
			</report>
			<report>
				<misses>641200000</misses>
				<total>0</total>
				<timestamp>5515.148568</timestamp>
			</report>
			<report>
				<misses>641300000</misses>
				<total>0</total>
				<timestamp>5516.017226</timestamp>
			</report>
			<report>
				<misses>641400000</misses>
				<total>0</total>
				<timestamp>5516.813582</timestamp>
			</report>
			<report>
				<misses>641500000</misses>
				<total>0</total>
				<timestamp>5517.637385</timestamp>
			</report>
			<report>
				<misses>641600000</misses>
				<total>0</total>
				<timestamp>5518.508291</timestamp>
			</report>
			<report>
				<misses>641700000</misses>
				<total>0</total>
				<timestamp>5519.335279</timestamp>
			</report>
			<report>
				<misses>641800000</misses>
				<total>0</total>
				<timestamp>5520.185018</timestamp>
			</report>
			<report>
				<misses>641900000</misses>
				<total>0</total>
				<timestamp>5520.971943</timestamp>
			</report>
			<report>
				<misses>642000000</misses>
				<total>0</total>
				<timestamp>5521.774747</timestamp>
			</report>
			<report>
				<misses>642100000</misses>
				<total>0</total>
				<timestamp>5522.571890</timestamp>
			</report>
			<report>
				<misses>642200000</misses>
				<total>0</total>
				<timestamp>5523.403124</timestamp>
			</report>
			<report>
				<misses>642300000</misses>
				<total>0</total>
				<timestamp>5524.302727</timestamp>
			</report>
			<report>
				<misses>642400000</misses>
				<total>0</total>
				<timestamp>5525.174768</timestamp>
			</report>
			<report>
				<misses>642500000</misses>
				<total>0</total>
				<timestamp>5526.092227</timestamp>
			</report>
			<report>
				<misses>642600000</misses>
				<total>0</total>
				<timestamp>5526.962246</timestamp>
			</report>
			<report>
				<misses>642700000</misses>
				<total>0</total>
				<timestamp>5527.838264</timestamp>
			</report>
			<report>
				<misses>642800000</misses>
				<total>0</total>
				<timestamp>5528.721147</timestamp>
			</report>
			<report>
				<misses>642900000</misses>
				<total>0</total>
				<timestamp>5529.663732</timestamp>
			</report>
			<report>
				<misses>643000000</misses>
				<total>0</total>
				<timestamp>5530.551418</timestamp>
			</report>
			<report>
				<misses>643100000</misses>
				<total>0</total>
				<timestamp>5531.438615</timestamp>
			</report>
			<report>
				<misses>643200000</misses>
				<total>0</total>
				<timestamp>5532.294127</timestamp>
			</report>
			<report>
				<misses>643300000</misses>
				<total>0</total>
				<timestamp>5533.220509</timestamp>
			</report>
			<report>
				<misses>643400000</misses>
				<total>0</total>
				<timestamp>5534.101324</timestamp>
			</report>
			<report>
				<misses>643500000</misses>
				<total>0</total>
				<timestamp>5535.018579</timestamp>
			</report>
			<report>
				<misses>643600000</misses>
				<total>0</total>
				<timestamp>5535.919712</timestamp>
			</report>
			<report>
				<misses>643700000</misses>
				<total>0</total>
				<timestamp>5536.809220</timestamp>
			</report>
			<report>
				<misses>643800000</misses>
				<total>0</total>
				<timestamp>5537.723623</timestamp>
			</report>
			<report>
				<misses>643900000</misses>
				<total>0</total>
				<timestamp>5538.599700</timestamp>
			</report>
			<report>
				<misses>644000000</misses>
				<total>0</total>
				<timestamp>5539.480240</timestamp>
			</report>
			<report>
				<misses>644100000</misses>
				<total>0</total>
				<timestamp>5540.304714</timestamp>
			</report>
			<report>
				<misses>644200000</misses>
				<total>0</total>
				<timestamp>5541.167615</timestamp>
			</report>
			<report>
				<misses>644300000</misses>
				<total>0</total>
				<timestamp>5542.078466</timestamp>
			</report>
			<report>
				<misses>644400000</misses>
				<total>0</total>
				<timestamp>5542.908808</timestamp>
			</report>
			<report>
				<misses>644500000</misses>
				<total>0</total>
				<timestamp>5543.746245</timestamp>
			</report>
			<report>
				<misses>644600000</misses>
				<total>0</total>
				<timestamp>5544.564655</timestamp>
			</report>
			<report>
				<misses>644700000</misses>
				<total>0</total>
				<timestamp>5545.389399</timestamp>
			</report>
			<report>
				<misses>644800000</misses>
				<total>0</total>
				<timestamp>5546.209464</timestamp>
			</report>
			<report>
				<misses>644900000</misses>
				<total>0</total>
				<timestamp>5547.172595</timestamp>
			</report>
			<report>
				<misses>645000000</misses>
				<total>0</total>
				<timestamp>5548.039786</timestamp>
			</report>
			<report>
				<misses>645100000</misses>
				<total>0</total>
				<timestamp>5548.923381</timestamp>
			</report>
			<report>
				<misses>645200000</misses>
				<total>0</total>
				<timestamp>5549.760860</timestamp>
			</report>
			<report>
				<misses>645300000</misses>
				<total>0</total>
				<timestamp>5550.642479</timestamp>
			</report>
			<report>
				<misses>645400000</misses>
				<total>0</total>
				<timestamp>5551.487962</timestamp>
			</report>
			<report>
				<misses>645500000</misses>
				<total>0</total>
				<timestamp>5552.406639</timestamp>
			</report>
			<report>
				<misses>645600000</misses>
				<total>0</total>
				<timestamp>5553.265231</timestamp>
			</report>
			<report>
				<misses>645700000</misses>
				<total>0</total>
				<timestamp>5554.161259</timestamp>
			</report>
			<report>
				<misses>645800000</misses>
				<total>0</total>
				<timestamp>5555.046609</timestamp>
			</report>
			<report>
				<misses>645900000</misses>
				<total>0</total>
				<timestamp>5555.926160</timestamp>
			</report>
			<report>
				<misses>646000000</misses>
				<total>0</total>
				<timestamp>5556.855274</timestamp>
			</report>
			<report>
				<misses>646100000</misses>
				<total>0</total>
				<timestamp>5557.750792</timestamp>
			</report>
			<report>
				<misses>646200000</misses>
				<total>0</total>
				<timestamp>5558.647598</timestamp>
			</report>
			<report>
				<misses>646300000</misses>
				<total>0</total>
				<timestamp>5559.526209</timestamp>
			</report>
			<report>
				<misses>646400000</misses>
				<total>0</total>
				<timestamp>5560.482011</timestamp>
			</report>
			<report>
				<misses>646500000</misses>
				<total>0</total>
				<timestamp>5561.369880</timestamp>
			</report>
			<report>
				<misses>646600000</misses>
				<total>0</total>
				<timestamp>5562.269209</timestamp>
			</report>
			<report>
				<misses>646700000</misses>
				<total>0</total>
				<timestamp>5563.194540</timestamp>
			</report>
			<report>
				<misses>646800000</misses>
				<total>0</total>
				<timestamp>5564.112773</timestamp>
			</report>
			<report>
				<misses>646900000</misses>
				<total>0</total>
				<timestamp>5564.941698</timestamp>
			</report>
			<report>
				<misses>647000000</misses>
				<total>0</total>
				<timestamp>5565.784680</timestamp>
			</report>
			<report>
				<misses>647100000</misses>
				<total>0</total>
				<timestamp>5566.694043</timestamp>
			</report>
			<report>
				<misses>647200000</misses>
				<total>0</total>
				<timestamp>5567.542858</timestamp>
			</report>
			<report>
				<misses>647300000</misses>
				<total>0</total>
				<timestamp>5568.395583</timestamp>
			</report>
			<report>
				<misses>647400000</misses>
				<total>0</total>
				<timestamp>5569.189253</timestamp>
			</report>
			<report>
				<misses>647500000</misses>
				<total>0</total>
				<timestamp>5570.077039</timestamp>
			</report>
			<report>
				<misses>647600000</misses>
				<total>0</total>
				<timestamp>5570.873041</timestamp>
			</report>
			<report>
				<misses>647700000</misses>
				<total>0</total>
				<timestamp>5571.677688</timestamp>
			</report>
			<report>
				<misses>647800000</misses>
				<total>0</total>
				<timestamp>5572.574304</timestamp>
			</report>
			<report>
				<misses>647900000</misses>
				<total>0</total>
				<timestamp>5573.498169</timestamp>
			</report>
			<report>
				<misses>648000000</misses>
				<total>0</total>
				<timestamp>5574.476066</timestamp>
			</report>
			<report>
				<misses>648100000</misses>
				<total>0</total>
				<timestamp>5575.398079</timestamp>
			</report>
			<report>
				<misses>648200000</misses>
				<total>0</total>
				<timestamp>5576.314826</timestamp>
			</report>
			<report>
				<misses>648300000</misses>
				<total>0</total>
				<timestamp>5577.184686</timestamp>
			</report>
			<report>
				<misses>648400000</misses>
				<total>0</total>
				<timestamp>5578.078418</timestamp>
			</report>
			<report>
				<misses>648500000</misses>
				<total>0</total>
				<timestamp>5578.992265</timestamp>
			</report>
			<report>
				<misses>648600000</misses>
				<total>0</total>
				<timestamp>5579.840821</timestamp>
			</report>
			<report>
				<misses>648700000</misses>
				<total>0</total>
				<timestamp>5580.739276</timestamp>
			</report>
			<report>
				<misses>648800000</misses>
				<total>0</total>
				<timestamp>5581.590046</timestamp>
			</report>
			<report>
				<misses>648900000</misses>
				<total>0</total>
				<timestamp>5582.444275</timestamp>
			</report>
			<report>
				<misses>649000000</misses>
				<total>0</total>
				<timestamp>5583.232618</timestamp>
			</report>
			<report>
				<misses>649100000</misses>
				<total>0</total>
				<timestamp>5584.154299</timestamp>
			</report>
			<report>
				<misses>649200000</misses>
				<total>0</total>
				<timestamp>5585.055615</timestamp>
			</report>
			<report>
				<misses>649300000</misses>
				<total>0</total>
				<timestamp>5585.855223</timestamp>
			</report>
			<report>
				<misses>649400000</misses>
				<total>0</total>
				<timestamp>5586.679458</timestamp>
			</report>
			<report>
				<misses>649500000</misses>
				<total>0</total>
				<timestamp>5587.484942</timestamp>
			</report>
			<report>
				<misses>649600000</misses>
				<total>0</total>
				<timestamp>5588.267421</timestamp>
			</report>
			<report>
				<misses>649700000</misses>
				<total>0</total>
				<timestamp>5589.058449</timestamp>
			</report>
			<report>
				<misses>649800000</misses>
				<total>0</total>
				<timestamp>5589.892419</timestamp>
			</report>
			<report>
				<misses>649900000</misses>
				<total>0</total>
				<timestamp>5590.759980</timestamp>
			</report>
			<report>
				<misses>650000000</misses>
				<total>0</total>
				<timestamp>5591.634520</timestamp>
			</report>
			<report>
				<misses>650100000</misses>
				<total>0</total>
				<timestamp>5592.504841</timestamp>
			</report>
			<report>
				<misses>650200000</misses>
				<total>0</total>
				<timestamp>5593.400187</timestamp>
			</report>
			<report>
				<misses>650300000</misses>
				<total>0</total>
				<timestamp>5594.211637</timestamp>
			</report>
			<report>
				<misses>650400000</misses>
				<total>0</total>
				<timestamp>5595.140032</timestamp>
			</report>
			<report>
				<misses>650500000</misses>
				<total>0</total>
				<timestamp>5596.048580</timestamp>
			</report>
			<report>
				<misses>650600000</misses>
				<total>0</total>
				<timestamp>5596.886361</timestamp>
			</report>
			<report>
				<misses>650700000</misses>
				<total>0</total>
				<timestamp>5597.698898</timestamp>
			</report>
			<report>
				<misses>650800000</misses>
				<total>0</total>
				<timestamp>5598.532601</timestamp>
			</report>
			<report>
				<misses>650900000</misses>
				<total>0</total>
				<timestamp>5599.413753</timestamp>
			</report>
			<report>
				<misses>651000000</misses>
				<total>0</total>
				<timestamp>5600.333117</timestamp>
			</report>
			<report>
				<misses>651100000</misses>
				<total>0</total>
				<timestamp>5601.171436</timestamp>
			</report>
			<report>
				<misses>651200000</misses>
				<total>0</total>
				<timestamp>5601.994637</timestamp>
			</report>
			<report>
				<misses>651300000</misses>
				<total>0</total>
				<timestamp>5602.796489</timestamp>
			</report>
			<report>
				<misses>651400000</misses>
				<total>0</total>
				<timestamp>5603.655165</timestamp>
			</report>
			<report>
				<misses>651500000</misses>
				<total>0</total>
				<timestamp>5604.487072</timestamp>
			</report>
			<report>
				<misses>651600000</misses>
				<total>0</total>
				<timestamp>5605.338120</timestamp>
			</report>
			<report>
				<misses>651700000</misses>
				<total>0</total>
				<timestamp>5606.207874</timestamp>
			</report>
			<report>
				<misses>651800000</misses>
				<total>0</total>
				<timestamp>5606.967882</timestamp>
			</report>
			<report>
				<misses>651900000</misses>
				<total>0</total>
				<timestamp>5607.784502</timestamp>
			</report>
			<report>
				<misses>652000000</misses>
				<total>0</total>
				<timestamp>5608.608015</timestamp>
			</report>
			<report>
				<misses>652100000</misses>
				<total>0</total>
				<timestamp>5609.497570</timestamp>
			</report>
			<report>
				<misses>652200000</misses>
				<total>0</total>
				<timestamp>5610.372247</timestamp>
			</report>
			<report>
				<misses>652300000</misses>
				<total>0</total>
				<timestamp>5611.228439</timestamp>
			</report>
			<report>
				<misses>652400000</misses>
				<total>0</total>
				<timestamp>5612.063046</timestamp>
			</report>
			<report>
				<misses>652500000</misses>
				<total>0</total>
				<timestamp>5612.861326</timestamp>
			</report>
			<report>
				<misses>652600000</misses>
				<total>0</total>
				<timestamp>5613.711581</timestamp>
			</report>
			<report>
				<misses>652700000</misses>
				<total>0</total>
				<timestamp>5614.552022</timestamp>
			</report>
			<report>
				<misses>652800000</misses>
				<total>0</total>
				<timestamp>5615.454023</timestamp>
			</report>
			<report>
				<misses>652900000</misses>
				<total>0</total>
				<timestamp>5616.307874</timestamp>
			</report>
			<report>
				<misses>653000000</misses>
				<total>0</total>
				<timestamp>5617.192926</timestamp>
			</report>
			<report>
				<misses>653100000</misses>
				<total>0</total>
				<timestamp>5618.097220</timestamp>
			</report>
			<report>
				<misses>653200000</misses>
				<total>0</total>
				<timestamp>5618.937352</timestamp>
			</report>
			<report>
				<misses>653300000</misses>
				<total>0</total>
				<timestamp>5619.770657</timestamp>
			</report>
			<report>
				<misses>653400000</misses>
				<total>0</total>
				<timestamp>5620.559229</timestamp>
			</report>
			<report>
				<misses>653500000</misses>
				<total>0</total>
				<timestamp>5621.403903</timestamp>
			</report>
			<report>
				<misses>653600000</misses>
				<total>0</total>
				<timestamp>5622.293042</timestamp>
			</report>
			<report>
				<misses>653700000</misses>
				<total>0</total>
				<timestamp>5623.112437</timestamp>
			</report>
			<report>
				<misses>653800000</misses>
				<total>0</total>
				<timestamp>5623.897342</timestamp>
			</report>
			<report>
				<misses>653900000</misses>
				<total>0</total>
				<timestamp>5624.716780</timestamp>
			</report>
			<report>
				<misses>654000000</misses>
				<total>0</total>
				<timestamp>5625.519878</timestamp>
			</report>
			<report>
				<misses>654100000</misses>
				<total>0</total>
				<timestamp>5626.333446</timestamp>
			</report>
			<report>
				<misses>654200000</misses>
				<total>0</total>
				<timestamp>5627.212966</timestamp>
			</report>
			<report>
				<misses>654300000</misses>
				<total>0</total>
				<timestamp>5628.053046</timestamp>
			</report>
			<report>
				<misses>654400000</misses>
				<total>0</total>
				<timestamp>5628.909439</timestamp>
			</report>
			<report>
				<misses>654500000</misses>
				<total>0</total>
				<timestamp>5629.789060</timestamp>
			</report>
			<report>
				<misses>654600000</misses>
				<total>0</total>
				<timestamp>5630.627786</timestamp>
			</report>
			<report>
				<misses>654700000</misses>
				<total>0</total>
				<timestamp>5631.477122</timestamp>
			</report>
			<report>
				<misses>654800000</misses>
				<total>0</total>
				<timestamp>5632.347773</timestamp>
			</report>
			<report>
				<misses>654900000</misses>
				<total>0</total>
				<timestamp>5633.243685</timestamp>
			</report>
			<report>
				<misses>655000000</misses>
				<total>0</total>
				<timestamp>5634.114825</timestamp>
			</report>
			<report>
				<misses>655100000</misses>
				<total>0</total>
				<timestamp>5634.928987</timestamp>
			</report>
			<report>
				<misses>655200000</misses>
				<total>0</total>
				<timestamp>5635.792683</timestamp>
			</report>
			<report>
				<misses>655300000</misses>
				<total>0</total>
				<timestamp>5636.683141</timestamp>
			</report>
			<report>
				<misses>655400000</misses>
				<total>0</total>
				<timestamp>5637.528924</timestamp>
			</report>
			<report>
				<misses>655500000</misses>
				<total>0</total>
				<timestamp>5638.356791</timestamp>
			</report>
			<report>
				<misses>655600000</misses>
				<total>0</total>
				<timestamp>5639.238075</timestamp>
			</report>
			<report>
				<misses>655700000</misses>
				<total>0</total>
				<timestamp>5640.051275</timestamp>
			</report>
			<report>
				<misses>655800000</misses>
				<total>0</total>
				<timestamp>5640.851421</timestamp>
			</report>
			<report>
				<misses>655900000</misses>
				<total>0</total>
				<timestamp>5641.637683</timestamp>
			</report>
			<report>
				<misses>656000000</misses>
				<total>0</total>
				<timestamp>5642.438313</timestamp>
			</report>
			<report>
				<misses>656100000</misses>
				<total>0</total>
				<timestamp>5643.259159</timestamp>
			</report>
			<report>
				<misses>656200000</misses>
				<total>0</total>
				<timestamp>5644.049805</timestamp>
			</report>
			<report>
				<misses>656300000</misses>
				<total>0</total>
				<timestamp>5644.867528</timestamp>
			</report>
			<report>
				<misses>656400000</misses>
				<total>0</total>
				<timestamp>5645.717348</timestamp>
			</report>
			<report>
				<misses>656500000</misses>
				<total>0</total>
				<timestamp>5646.572259</timestamp>
			</report>
			<report>
				<misses>656600000</misses>
				<total>0</total>
				<timestamp>5647.436763</timestamp>
			</report>
			<report>
				<misses>656700000</misses>
				<total>0</total>
				<timestamp>5648.264138</timestamp>
			</report>
			<report>
				<misses>656800000</misses>
				<total>0</total>
				<timestamp>5649.140002</timestamp>
			</report>
			<report>
				<misses>656900000</misses>
				<total>0</total>
				<timestamp>5650.028390</timestamp>
			</report>
			<report>
				<misses>657000000</misses>
				<total>0</total>
				<timestamp>5650.911411</timestamp>
			</report>
			<report>
				<misses>657100000</misses>
				<total>0</total>
				<timestamp>5651.777214</timestamp>
			</report>
			<report>
				<misses>657200000</misses>
				<total>0</total>
				<timestamp>5652.680170</timestamp>
			</report>
			<report>
				<misses>657300000</misses>
				<total>0</total>
				<timestamp>5653.496840</timestamp>
			</report>
			<report>
				<misses>657400000</misses>
				<total>0</total>
				<timestamp>5654.399855</timestamp>
			</report>
			<report>
				<misses>657500000</misses>
				<total>0</total>
				<timestamp>5655.262936</timestamp>
			</report>
			<report>
				<misses>657600000</misses>
				<total>0</total>
				<timestamp>5656.117196</timestamp>
			</report>
			<report>
				<misses>657700000</misses>
				<total>0</total>
				<timestamp>5656.960325</timestamp>
			</report>
			<report>
				<misses>657800000</misses>
				<total>0</total>
				<timestamp>5657.813042</timestamp>
			</report>
			<report>
				<misses>657900000</misses>
				<total>0</total>
				<timestamp>5658.681876</timestamp>
			</report>
			<report>
				<misses>658000000</misses>
				<total>0</total>
				<timestamp>5659.605796</timestamp>
			</report>
			<report>
				<misses>658100000</misses>
				<total>0</total>
				<timestamp>5660.408547</timestamp>
			</report>
			<report>
				<misses>658200000</misses>
				<total>0</total>
				<timestamp>5661.263009</timestamp>
			</report>
			<report>
				<misses>658300000</misses>
				<total>0</total>
				<timestamp>5662.095323</timestamp>
			</report>
			<report>
				<misses>658400000</misses>
				<total>0</total>
				<timestamp>5662.955927</timestamp>
			</report>
			<report>
				<misses>658500000</misses>
				<total>0</total>
				<timestamp>5663.787792</timestamp>
			</report>
			<report>
				<misses>658600000</misses>
				<total>0</total>
				<timestamp>5664.669097</timestamp>
			</report>
			<report>
				<misses>658700000</misses>
				<total>0</total>
				<timestamp>5665.470895</timestamp>
			</report>
			<report>
				<misses>658800000</misses>
				<total>0</total>
				<timestamp>5666.277786</timestamp>
			</report>
			<report>
				<misses>658900000</misses>
				<total>0</total>
				<timestamp>5667.108532</timestamp>
			</report>
			<report>
				<misses>659000000</misses>
				<total>0</total>
				<timestamp>5667.947868</timestamp>
			</report>
			<report>
				<misses>659100000</misses>
				<total>0</total>
				<timestamp>5668.803451</timestamp>
			</report>
			<report>
				<misses>659200000</misses>
				<total>0</total>
				<timestamp>5669.684180</timestamp>
			</report>
			<report>
				<misses>659300000</misses>
				<total>0</total>
				<timestamp>5670.531742</timestamp>
			</report>
			<report>
				<misses>659400000</misses>
				<total>0</total>
				<timestamp>5671.427101</timestamp>
			</report>
			<report>
				<misses>659500000</misses>
				<total>0</total>
				<timestamp>5672.261526</timestamp>
			</report>
			<report>
				<misses>659600000</misses>
				<total>0</total>
				<timestamp>5673.133739</timestamp>
			</report>
			<report>
				<misses>659700000</misses>
				<total>0</total>
				<timestamp>5673.972665</timestamp>
			</report>
			<report>
				<misses>659800000</misses>
				<total>0</total>
				<timestamp>5674.838075</timestamp>
			</report>
			<report>
				<misses>659900000</misses>
				<total>0</total>
				<timestamp>5675.682082</timestamp>
			</report>
			<report>
				<misses>660000000</misses>
				<total>0</total>
				<timestamp>5676.515280</timestamp>
			</report>
			<report>
				<misses>660100000</misses>
				<total>0</total>
				<timestamp>5677.385884</timestamp>
			</report>
			<report>
				<misses>660200000</misses>
				<total>0</total>
				<timestamp>5678.217356</timestamp>
			</report>
			<report>
				<misses>660300000</misses>
				<total>0</total>
				<timestamp>5679.002606</timestamp>
			</report>
			<report>
				<misses>660400000</misses>
				<total>0</total>
				<timestamp>5679.788418</timestamp>
			</report>
			<report>
				<misses>660500000</misses>
				<total>0</total>
				<timestamp>5680.693781</timestamp>
			</report>
			<report>
				<misses>660600000</misses>
				<total>0</total>
				<timestamp>5681.568905</timestamp>
			</report>
			<report>
				<misses>660700000</misses>
				<total>0</total>
				<timestamp>5682.403772</timestamp>
			</report>
			<report>
				<misses>660800000</misses>
				<total>0</total>
				<timestamp>5683.218031</timestamp>
			</report>
			<report>
				<misses>660900000</misses>
				<total>0</total>
				<timestamp>5684.071901</timestamp>
			</report>
			<report>
				<misses>661000000</misses>
				<total>0</total>
				<timestamp>5684.896565</timestamp>
			</report>
			<report>
				<misses>661100000</misses>
				<total>0</total>
				<timestamp>5685.788052</timestamp>
			</report>
			<report>
				<misses>661200000</misses>
				<total>0</total>
				<timestamp>5686.597818</timestamp>
			</report>
			<report>
				<misses>661300000</misses>
				<total>0</total>
				<timestamp>5687.457792</timestamp>
			</report>
			<report>
				<misses>661400000</misses>
				<total>0</total>
				<timestamp>5688.293907</timestamp>
			</report>
			<report>
				<misses>661500000</misses>
				<total>0</total>
				<timestamp>5689.104121</timestamp>
			</report>
			<report>
				<misses>661600000</misses>
				<total>0</total>
				<timestamp>5689.969059</timestamp>
			</report>
			<report>
				<misses>661700000</misses>
				<total>0</total>
				<timestamp>5690.806152</timestamp>
			</report>
			<report>
				<misses>661800000</misses>
				<total>0</total>
				<timestamp>5691.657152</timestamp>
			</report>
			<report>
				<misses>661900000</misses>
				<total>0</total>
				<timestamp>5692.478189</timestamp>
			</report>
			<report>
				<misses>662000000</misses>
				<total>0</total>
				<timestamp>5693.319991</timestamp>
			</report>
			<report>
				<misses>662100000</misses>
				<total>0</total>
				<timestamp>5694.128106</timestamp>
			</report>
			<report>
				<misses>662200000</misses>
				<total>0</total>
				<timestamp>5694.992388</timestamp>
			</report>
			<report>
				<misses>662300000</misses>
				<total>0</total>
				<timestamp>5695.840996</timestamp>
			</report>
			<report>
				<misses>662400000</misses>
				<total>0</total>
				<timestamp>5696.727411</timestamp>
			</report>
			<report>
				<misses>662500000</misses>
				<total>0</total>
				<timestamp>5697.586081</timestamp>
			</report>
			<report>
				<misses>662600000</misses>
				<total>0</total>
				<timestamp>5698.410872</timestamp>
			</report>
			<report>
				<misses>662700000</misses>
				<total>0</total>
				<timestamp>5699.240935</timestamp>
			</report>
			<report>
				<misses>662800000</misses>
				<total>0</total>
				<timestamp>5700.077858</timestamp>
			</report>
			<report>
				<misses>662900000</misses>
				<total>0</total>
				<timestamp>5700.920887</timestamp>
			</report>
			<report>
				<misses>663000000</misses>
				<total>0</total>
				<timestamp>5701.740286</timestamp>
			</report>
			<report>
				<misses>663100000</misses>
				<total>0</total>
				<timestamp>5702.593177</timestamp>
			</report>
			<report>
				<misses>663200000</misses>
				<total>0</total>
				<timestamp>5703.552828</timestamp>
			</report>
			<report>
				<misses>663300000</misses>
				<total>0</total>
				<timestamp>5704.452427</timestamp>
			</report>
			<report>
				<misses>663400000</misses>
				<total>0</total>
				<timestamp>5705.301551</timestamp>
			</report>
			<report>
				<misses>663500000</misses>
				<total>0</total>
				<timestamp>5706.164168</timestamp>
			</report>
			<report>
				<misses>663600000</misses>
				<total>0</total>
				<timestamp>5706.996537</timestamp>
			</report>
			<report>
				<misses>663700000</misses>
				<total>0</total>
				<timestamp>5707.878930</timestamp>
			</report>
			<report>
				<misses>663800000</misses>
				<total>0</total>
				<timestamp>5708.782083</timestamp>
			</report>
			<report>
				<misses>663900000</misses>
				<total>0</total>
				<timestamp>5709.657357</timestamp>
			</report>
			<report>
				<misses>664000000</misses>
				<total>0</total>
				<timestamp>5710.552573</timestamp>
			</report>
			<report>
				<misses>664100000</misses>
				<total>0</total>
				<timestamp>5711.402079</timestamp>
			</report>
			<report>
				<misses>664200000</misses>
				<total>0</total>
				<timestamp>5712.234498</timestamp>
			</report>
			<report>
				<misses>664300000</misses>
				<total>0</total>
				<timestamp>5713.113673</timestamp>
			</report>
			<report>
				<misses>664400000</misses>
				<total>0</total>
				<timestamp>5714.014338</timestamp>
			</report>
			<report>
				<misses>664500000</misses>
				<total>0</total>
				<timestamp>5714.858864</timestamp>
			</report>
			<report>
				<misses>664600000</misses>
				<total>0</total>
				<timestamp>5715.659487</timestamp>
			</report>
			<report>
				<misses>664700000</misses>
				<total>0</total>
				<timestamp>5716.470312</timestamp>
			</report>
			<report>
				<misses>664800000</misses>
				<total>0</total>
				<timestamp>5717.311290</timestamp>
			</report>
			<report>
				<misses>664900000</misses>
				<total>0</total>
				<timestamp>5718.091869</timestamp>
			</report>
			<report>
				<misses>665000000</misses>
				<total>0</total>
				<timestamp>5718.907414</timestamp>
			</report>
			<report>
				<misses>665100000</misses>
				<total>0</total>
				<timestamp>5719.743067</timestamp>
			</report>
			<report>
				<misses>665200000</misses>
				<total>0</total>
				<timestamp>5720.569822</timestamp>
			</report>
			<report>
				<misses>665300000</misses>
				<total>0</total>
				<timestamp>5721.513098</timestamp>
			</report>
			<report>
				<misses>665400000</misses>
				<total>0</total>
				<timestamp>5722.408951</timestamp>
			</report>
			<report>
				<misses>665500000</misses>
				<total>0</total>
				<timestamp>5723.326204</timestamp>
			</report>
			<report>
				<misses>665600000</misses>
				<total>0</total>
				<timestamp>5724.203038</timestamp>
			</report>
			<report>
				<misses>665700000</misses>
				<total>0</total>
				<timestamp>5725.126429</timestamp>
			</report>
			<report>
				<misses>665800000</misses>
				<total>0</total>
				<timestamp>5725.988551</timestamp>
			</report>
			<report>
				<misses>665900000</misses>
				<total>0</total>
				<timestamp>5726.888649</timestamp>
			</report>
			<report>
				<misses>666000000</misses>
				<total>0</total>
				<timestamp>5727.741171</timestamp>
			</report>
			<report>
				<misses>666100000</misses>
				<total>0</total>
				<timestamp>5728.580584</timestamp>
			</report>
			<report>
				<misses>666200000</misses>
				<total>0</total>
				<timestamp>5729.479151</timestamp>
			</report>
			<report>
				<misses>666300000</misses>
				<total>0</total>
				<timestamp>5730.378774</timestamp>
			</report>
			<report>
				<misses>666400000</misses>
				<total>0</total>
				<timestamp>5731.163112</timestamp>
			</report>
			<report>
				<misses>666500000</misses>
				<total>0</total>
				<timestamp>5732.072781</timestamp>
			</report>
			<report>
				<misses>666600000</misses>
				<total>0</total>
				<timestamp>5732.882939</timestamp>
			</report>
			<report>
				<misses>666700000</misses>
				<total>0</total>
				<timestamp>5733.672249</timestamp>
			</report>
			<report>
				<misses>666800000</misses>
				<total>0</total>
				<timestamp>5734.494774</timestamp>
			</report>
			<report>
				<misses>666900000</misses>
				<total>0</total>
				<timestamp>5735.392790</timestamp>
			</report>
			<report>
				<misses>667000000</misses>
				<total>0</total>
				<timestamp>5736.301692</timestamp>
			</report>
			<report>
				<misses>667100000</misses>
				<total>0</total>
				<timestamp>5737.112855</timestamp>
			</report>
			<report>
				<misses>667200000</misses>
				<total>0</total>
				<timestamp>5737.924429</timestamp>
			</report>
			<report>
				<misses>667300000</misses>
				<total>0</total>
				<timestamp>5738.716251</timestamp>
			</report>
			<report>
				<misses>667400000</misses>
				<total>0</total>
				<timestamp>5739.534242</timestamp>
			</report>
			<report>
				<misses>667500000</misses>
				<total>0</total>
				<timestamp>5740.432658</timestamp>
			</report>
			<report>
				<misses>667600000</misses>
				<total>0</total>
				<timestamp>5741.379244</timestamp>
			</report>
			<report>
				<misses>667700000</misses>
				<total>0</total>
				<timestamp>5742.249069</timestamp>
			</report>
			<report>
				<misses>667800000</misses>
				<total>0</total>
				<timestamp>5743.171492</timestamp>
			</report>
			<report>
				<misses>667900000</misses>
				<total>0</total>
				<timestamp>5744.027972</timestamp>
			</report>
			<report>
				<misses>668000000</misses>
				<total>0</total>
				<timestamp>5744.894683</timestamp>
			</report>
			<report>
				<misses>668100000</misses>
				<total>0</total>
				<timestamp>5745.810504</timestamp>
			</report>
			<report>
				<misses>668200000</misses>
				<total>0</total>
				<timestamp>5746.711302</timestamp>
			</report>
			<report>
				<misses>668300000</misses>
				<total>0</total>
				<timestamp>5747.598668</timestamp>
			</report>
			<report>
				<misses>668400000</misses>
				<total>0</total>
				<timestamp>5748.510042</timestamp>
			</report>
			<report>
				<misses>668500000</misses>
				<total>0</total>
				<timestamp>5749.394493</timestamp>
			</report>
			<report>
				<misses>668600000</misses>
				<total>0</total>
				<timestamp>5750.337408</timestamp>
			</report>
			<report>
				<misses>668700000</misses>
				<total>0</total>
				<timestamp>5751.178334</timestamp>
			</report>
			<report>
				<misses>668800000</misses>
				<total>0</total>
				<timestamp>5752.057187</timestamp>
			</report>
			<report>
				<misses>668900000</misses>
				<total>0</total>
				<timestamp>5752.975096</timestamp>
			</report>
			<report>
				<misses>669000000</misses>
				<total>0</total>
				<timestamp>5753.852712</timestamp>
			</report>
			<report>
				<misses>669100000</misses>
				<total>0</total>
				<timestamp>5754.792059</timestamp>
			</report>
			<report>
				<misses>669200000</misses>
				<total>0</total>
				<timestamp>5755.685179</timestamp>
			</report>
			<report>
				<misses>669300000</misses>
				<total>0</total>
				<timestamp>5756.579935</timestamp>
			</report>
			<report>
				<misses>669400000</misses>
				<total>0</total>
				<timestamp>5757.446692</timestamp>
			</report>
			<report>
				<misses>669500000</misses>
				<total>0</total>
				<timestamp>5758.315773</timestamp>
			</report>
			<report>
				<misses>669600000</misses>
				<total>0</total>
				<timestamp>5759.144649</timestamp>
			</report>
			<report>
				<misses>669700000</misses>
				<total>0</total>
				<timestamp>5760.024831</timestamp>
			</report>
			<report>
				<misses>669800000</misses>
				<total>0</total>
				<timestamp>5760.914741</timestamp>
			</report>
			<report>
				<misses>669900000</misses>
				<total>0</total>
				<timestamp>5761.839558</timestamp>
			</report>
			<report>
				<misses>670000000</misses>
				<total>0</total>
				<timestamp>5762.746659</timestamp>
			</report>
			<report>
				<misses>670100000</misses>
				<total>0</total>
				<timestamp>5763.607706</timestamp>
			</report>
			<report>
				<misses>670200000</misses>
				<total>0</total>
				<timestamp>5764.522686</timestamp>
			</report>
			<report>
				<misses>670300000</misses>
				<total>0</total>
				<timestamp>5765.475315</timestamp>
			</report>
			<report>
				<misses>670400000</misses>
				<total>0</total>
				<timestamp>5766.267007</timestamp>
			</report>
			<report>
				<misses>670500000</misses>
				<total>0</total>
				<timestamp>5767.076248</timestamp>
			</report>
			<report>
				<misses>670600000</misses>
				<total>0</total>
				<timestamp>5767.883620</timestamp>
			</report>
			<report>
				<misses>670700000</misses>
				<total>0</total>
				<timestamp>5768.653480</timestamp>
			</report>
			<report>
				<misses>670800000</misses>
				<total>0</total>
				<timestamp>5769.522349</timestamp>
			</report>
			<report>
				<misses>670900000</misses>
				<total>0</total>
				<timestamp>5770.436970</timestamp>
			</report>
			<report>
				<misses>671000000</misses>
				<total>0</total>
				<timestamp>5771.334045</timestamp>
			</report>
			<report>
				<misses>671100000</misses>
				<total>0</total>
				<timestamp>5772.147289</timestamp>
			</report>
			<report>
				<misses>671200000</misses>
				<total>0</total>
				<timestamp>5772.995842</timestamp>
			</report>
			<report>
				<misses>671300000</misses>
				<total>0</total>
				<timestamp>5773.830381</timestamp>
			</report>
			<report>
				<misses>671400000</misses>
				<total>0</total>
				<timestamp>5774.734884</timestamp>
			</report>
			<report>
				<misses>671500000</misses>
				<total>0</total>
				<timestamp>5775.564307</timestamp>
			</report>
			<report>
				<misses>671600000</misses>
				<total>0</total>
				<timestamp>5776.466125</timestamp>
			</report>
			<report>
				<misses>671700000</misses>
				<total>0</total>
				<timestamp>5777.344822</timestamp>
			</report>
			<report>
				<misses>671800000</misses>
				<total>0</total>
				<timestamp>5778.185075</timestamp>
			</report>
			<report>
				<misses>671900000</misses>
				<total>0</total>
				<timestamp>5779.047291</timestamp>
			</report>
			<report>
				<misses>672000000</misses>
				<total>0</total>
				<timestamp>5779.893951</timestamp>
			</report>
			<report>
				<misses>672100000</misses>
				<total>0</total>
				<timestamp>5780.780608</timestamp>
			</report>
			<report>
				<misses>672200000</misses>
				<total>0</total>
				<timestamp>5781.649099</timestamp>
			</report>
			<report>
				<misses>672300000</misses>
				<total>0</total>
				<timestamp>5782.451881</timestamp>
			</report>
			<report>
				<misses>672400000</misses>
				<total>0</total>
				<timestamp>5783.327962</timestamp>
			</report>
			<report>
				<misses>672500000</misses>
				<total>0</total>
				<timestamp>5784.196390</timestamp>
			</report>
			<report>
				<misses>672600000</misses>
				<total>0</total>
				<timestamp>5784.980445</timestamp>
			</report>
			<report>
				<misses>672700000</misses>
				<total>0</total>
				<timestamp>5785.776316</timestamp>
			</report>
			<report>
				<misses>672800000</misses>
				<total>0</total>
				<timestamp>5786.564191</timestamp>
			</report>
			<report>
				<misses>672900000</misses>
				<total>0</total>
				<timestamp>5787.373257</timestamp>
			</report>
			<report>
				<misses>673000000</misses>
				<total>0</total>
				<timestamp>5788.150970</timestamp>
			</report>
			<report>
				<misses>673100000</misses>
				<total>0</total>
				<timestamp>5788.971154</timestamp>
			</report>
			<report>
				<misses>673200000</misses>
				<total>0</total>
				<timestamp>5789.757057</timestamp>
			</report>
			<report>
				<misses>673300000</misses>
				<total>0</total>
				<timestamp>5790.560833</timestamp>
			</report>
			<report>
				<misses>673400000</misses>
				<total>0</total>
				<timestamp>5791.383680</timestamp>
			</report>
			<report>
				<misses>673500000</misses>
				<total>0</total>
				<timestamp>5792.272512</timestamp>
			</report>
			<report>
				<misses>673600000</misses>
				<total>0</total>
				<timestamp>5793.152408</timestamp>
			</report>
			<report>
				<misses>673700000</misses>
				<total>0</total>
				<timestamp>5794.064515</timestamp>
			</report>
			<report>
				<misses>673800000</misses>
				<total>0</total>
				<timestamp>5794.936256</timestamp>
			</report>
			<report>
				<misses>673900000</misses>
				<total>0</total>
				<timestamp>5795.807117</timestamp>
			</report>
			<report>
				<misses>674000000</misses>
				<total>0</total>
				<timestamp>5796.724112</timestamp>
			</report>
			<report>
				<misses>674100000</misses>
				<total>0</total>
				<timestamp>5797.553834</timestamp>
			</report>
			<report>
				<misses>674200000</misses>
				<total>0</total>
				<timestamp>5798.484086</timestamp>
			</report>
			<report>
				<misses>674300000</misses>
				<total>0</total>
				<timestamp>5799.377589</timestamp>
			</report>
			<report>
				<misses>674400000</misses>
				<total>0</total>
				<timestamp>5800.302803</timestamp>
			</report>
			<report>
				<misses>674500000</misses>
				<total>0</total>
				<timestamp>5801.179863</timestamp>
			</report>
			<report>
				<misses>674600000</misses>
				<total>0</total>
				<timestamp>5801.989269</timestamp>
			</report>
			<report>
				<misses>674700000</misses>
				<total>0</total>
				<timestamp>5802.835880</timestamp>
			</report>
			<report>
				<misses>674800000</misses>
				<total>0</total>
				<timestamp>5803.685167</timestamp>
			</report>
			<report>
				<misses>674900000</misses>
				<total>0</total>
				<timestamp>5804.513015</timestamp>
			</report>
			<report>
				<misses>675000000</misses>
				<total>0</total>
				<timestamp>5805.326144</timestamp>
			</report>
			<report>
				<misses>675100000</misses>
				<total>0</total>
				<timestamp>5806.154233</timestamp>
			</report>
			<report>
				<misses>675200000</misses>
				<total>0</total>
				<timestamp>5806.969297</timestamp>
			</report>
			<report>
				<misses>675300000</misses>
				<total>0</total>
				<timestamp>5807.771116</timestamp>
			</report>
			<report>
				<misses>675400000</misses>
				<total>0</total>
				<timestamp>5808.562842</timestamp>
			</report>
			<report>
				<misses>675500000</misses>
				<total>0</total>
				<timestamp>5809.371391</timestamp>
			</report>
			<report>
				<misses>675600000</misses>
				<total>0</total>
				<timestamp>5810.235139</timestamp>
			</report>
			<report>
				<misses>675700000</misses>
				<total>0</total>
				<timestamp>5811.060569</timestamp>
			</report>
			<report>
				<misses>675800000</misses>
				<total>0</total>
				<timestamp>5811.941448</timestamp>
			</report>
			<report>
				<misses>675900000</misses>
				<total>0</total>
				<timestamp>5812.794734</timestamp>
			</report>
			<report>
				<misses>676000000</misses>
				<total>0</total>
				<timestamp>5813.654037</timestamp>
			</report>
			<report>
				<misses>676100000</misses>
				<total>0</total>
				<timestamp>5814.532635</timestamp>
			</report>
			<report>
				<misses>676200000</misses>
				<total>0</total>
				<timestamp>5815.396650</timestamp>
			</report>
			<report>
				<misses>676300000</misses>
				<total>0</total>
				<timestamp>5816.216883</timestamp>
			</report>
			<report>
				<misses>676400000</misses>
				<total>0</total>
				<timestamp>5817.070851</timestamp>
			</report>
			<report>
				<misses>676500000</misses>
				<total>0</total>
				<timestamp>5817.956808</timestamp>
			</report>
			<report>
				<misses>676600000</misses>
				<total>0</total>
				<timestamp>5818.880329</timestamp>
			</report>
			<report>
				<misses>676700000</misses>
				<total>0</total>
				<timestamp>5819.818110</timestamp>
			</report>
			<report>
				<misses>676800000</misses>
				<total>0</total>
				<timestamp>5820.686415</timestamp>
			</report>
			<report>
				<misses>676900000</misses>
				<total>0</total>
				<timestamp>5821.534152</timestamp>
			</report>
			<report>
				<misses>677000000</misses>
				<total>0</total>
				<timestamp>5822.388656</timestamp>
			</report>
			<report>
				<misses>677100000</misses>
				<total>0</total>
				<timestamp>5823.279229</timestamp>
			</report>
			<report>
				<misses>677200000</misses>
				<total>0</total>
				<timestamp>5824.130148</timestamp>
			</report>
			<report>
				<misses>677300000</misses>
				<total>0</total>
				<timestamp>5824.961320</timestamp>
			</report>
			<report>
				<misses>677400000</misses>
				<total>0</total>
				<timestamp>5825.812276</timestamp>
			</report>
			<report>
				<misses>677500000</misses>
				<total>0</total>
				<timestamp>5826.686182</timestamp>
			</report>
			<report>
				<misses>677600000</misses>
				<total>0</total>
				<timestamp>5827.539902</timestamp>
			</report>
			<report>
				<misses>677700000</misses>
				<total>0</total>
				<timestamp>5828.323363</timestamp>
			</report>
			<report>
				<misses>677800000</misses>
				<total>0</total>
				<timestamp>5829.157800</timestamp>
			</report>
			<report>
				<misses>677900000</misses>
				<total>0</total>
				<timestamp>5829.997705</timestamp>
			</report>
			<report>
				<misses>678000000</misses>
				<total>0</total>
				<timestamp>5830.814972</timestamp>
			</report>
			<report>
				<misses>678100000</misses>
				<total>0</total>
				<timestamp>5831.684969</timestamp>
			</report>
			<report>
				<misses>678200000</misses>
				<total>0</total>
				<timestamp>5832.544630</timestamp>
			</report>
			<report>
				<misses>678300000</misses>
				<total>0</total>
				<timestamp>5833.451660</timestamp>
			</report>
			<report>
				<misses>678400000</misses>
				<total>0</total>
				<timestamp>5834.344434</timestamp>
			</report>
			<report>
				<misses>678500000</misses>
				<total>0</total>
				<timestamp>5835.264296</timestamp>
			</report>
			<report>
				<misses>678600000</misses>
				<total>0</total>
				<timestamp>5836.128590</timestamp>
			</report>
			<report>
				<misses>678700000</misses>
				<total>0</total>
				<timestamp>5836.992224</timestamp>
			</report>
			<report>
				<misses>678800000</misses>
				<total>0</total>
				<timestamp>5837.880376</timestamp>
			</report>
			<report>
				<misses>678900000</misses>
				<total>0</total>
				<timestamp>5838.746318</timestamp>
			</report>
			<report>
				<misses>679000000</misses>
				<total>0</total>
				<timestamp>5839.593606</timestamp>
			</report>
			<report>
				<misses>679100000</misses>
				<total>0</total>
				<timestamp>5840.435681</timestamp>
			</report>
			<report>
				<misses>679200000</misses>
				<total>0</total>
				<timestamp>5841.306187</timestamp>
			</report>
			<report>
				<misses>679300000</misses>
				<total>0</total>
				<timestamp>5842.178315</timestamp>
			</report>
			<report>
				<misses>679400000</misses>
				<total>0</total>
				<timestamp>5842.987931</timestamp>
			</report>
			<report>
				<misses>679500000</misses>
				<total>0</total>
				<timestamp>5843.799174</timestamp>
			</report>
			<report>
				<misses>679600000</misses>
				<total>0</total>
				<timestamp>5844.589972</timestamp>
			</report>
			<report>
				<misses>679700000</misses>
				<total>0</total>
				<timestamp>5845.397526</timestamp>
			</report>
			<report>
				<misses>679800000</misses>
				<total>0</total>
				<timestamp>5846.243446</timestamp>
			</report>
			<report>
				<misses>679900000</misses>
				<total>0</total>
				<timestamp>5847.106876</timestamp>
			</report>
			<report>
				<misses>680000000</misses>
				<total>0</total>
				<timestamp>5847.928674</timestamp>
			</report>
			<report>
				<misses>680100000</misses>
				<total>0</total>
				<timestamp>5848.788773</timestamp>
			</report>
			<report>
				<misses>680200000</misses>
				<total>0</total>
				<timestamp>5849.607004</timestamp>
			</report>
			<report>
				<misses>680300000</misses>
				<total>0</total>
				<timestamp>5850.464205</timestamp>
			</report>
			<report>
				<misses>680400000</misses>
				<total>0</total>
				<timestamp>5851.328489</timestamp>
			</report>
			<report>
				<misses>680500000</misses>
				<total>0</total>
				<timestamp>5852.192645</timestamp>
			</report>
			<report>
				<misses>680600000</misses>
				<total>0</total>
				<timestamp>5853.015001</timestamp>
			</report>
			<report>
				<misses>680700000</misses>
				<total>0</total>
				<timestamp>5853.846539</timestamp>
			</report>
			<report>
				<misses>680800000</misses>
				<total>0</total>
				<timestamp>5854.725575</timestamp>
			</report>
			<report>
				<misses>680900000</misses>
				<total>0</total>
				<timestamp>5855.554186</timestamp>
			</report>
			<report>
				<misses>681000000</misses>
				<total>0</total>
				<timestamp>5856.426874</timestamp>
			</report>
			<report>
				<misses>681100000</misses>
				<total>0</total>
				<timestamp>5857.382681</timestamp>
			</report>
			<report>
				<misses>681200000</misses>
				<total>0</total>
				<timestamp>5858.234284</timestamp>
			</report>
			<report>
				<misses>681300000</misses>
				<total>0</total>
				<timestamp>5859.109781</timestamp>
			</report>
			<report>
				<misses>681400000</misses>
				<total>0</total>
				<timestamp>5859.970009</timestamp>
			</report>
			<report>
				<misses>681500000</misses>
				<total>0</total>
				<timestamp>5860.846809</timestamp>
			</report>
			<report>
				<misses>681600000</misses>
				<total>0</total>
				<timestamp>5861.670025</timestamp>
			</report>
			<report>
				<misses>681700000</misses>
				<total>0</total>
				<timestamp>5862.478192</timestamp>
			</report>
			<report>
				<misses>681800000</misses>
				<total>0</total>
				<timestamp>5863.307063</timestamp>
			</report>
			<report>
				<misses>681900000</misses>
				<total>0</total>
				<timestamp>5864.170327</timestamp>
			</report>
			<report>
				<misses>682000000</misses>
				<total>0</total>
				<timestamp>5865.036928</timestamp>
			</report>
			<report>
				<misses>682100000</misses>
				<total>0</total>
				<timestamp>5865.874790</timestamp>
			</report>
			<report>
				<misses>682200000</misses>
				<total>0</total>
				<timestamp>5866.719262</timestamp>
			</report>
			<report>
				<misses>682300000</misses>
				<total>0</total>
				<timestamp>5867.536851</timestamp>
			</report>
			<report>
				<misses>682400000</misses>
				<total>0</total>
				<timestamp>5868.338551</timestamp>
			</report>
			<report>
				<misses>682500000</misses>
				<total>0</total>
				<timestamp>5869.143222</timestamp>
			</report>
			<report>
				<misses>682600000</misses>
				<total>0</total>
				<timestamp>5869.971890</timestamp>
			</report>
			<report>
				<misses>682700000</misses>
				<total>0</total>
				<timestamp>5870.796907</timestamp>
			</report>
			<report>
				<misses>682800000</misses>
				<total>0</total>
				<timestamp>5871.716431</timestamp>
			</report>
			<report>
				<misses>682900000</misses>
				<total>0</total>
				<timestamp>5872.590919</timestamp>
			</report>
			<report>
				<misses>683000000</misses>
				<total>0</total>
				<timestamp>5873.475890</timestamp>
			</report>
			<report>
				<misses>683100000</misses>
				<total>0</total>
				<timestamp>5874.328003</timestamp>
			</report>
			<report>
				<misses>683200000</misses>
				<total>0</total>
				<timestamp>5875.207783</timestamp>
			</report>
			<report>
				<misses>683300000</misses>
				<total>0</total>
				<timestamp>5876.084886</timestamp>
			</report>
			<report>
				<misses>683400000</misses>
				<total>0</total>
				<timestamp>5876.959223</timestamp>
			</report>
			<report>
				<misses>683500000</misses>
				<total>0</total>
				<timestamp>5877.844271</timestamp>
			</report>
			<report>
				<misses>683600000</misses>
				<total>0</total>
				<timestamp>5878.738883</timestamp>
			</report>
			<report>
				<misses>683700000</misses>
				<total>0</total>
				<timestamp>5879.569077</timestamp>
			</report>
			<report>
				<misses>683800000</misses>
				<total>0</total>
				<timestamp>5880.366306</timestamp>
			</report>
			<report>
				<misses>683900000</misses>
				<total>0</total>
				<timestamp>5881.177502</timestamp>
			</report>
			<report>
				<misses>684000000</misses>
				<total>0</total>
				<timestamp>5882.037581</timestamp>
			</report>
			<report>
				<misses>684100000</misses>
				<total>0</total>
				<timestamp>5882.938940</timestamp>
			</report>
			<report>
				<misses>684200000</misses>
				<total>0</total>
				<timestamp>5883.810220</timestamp>
			</report>
			<report>
				<misses>684300000</misses>
				<total>0</total>
				<timestamp>5884.596116</timestamp>
			</report>
			<report>
				<misses>684400000</misses>
				<total>0</total>
				<timestamp>5885.394979</timestamp>
			</report>
			<report>
				<misses>684500000</misses>
				<total>0</total>
				<timestamp>5886.207406</timestamp>
			</report>
			<report>
				<misses>684600000</misses>
				<total>0</total>
				<timestamp>5887.004160</timestamp>
			</report>
			<report>
				<misses>684700000</misses>
				<total>0</total>
				<timestamp>5887.851366</timestamp>
			</report>
			<report>
				<misses>684800000</misses>
				<total>0</total>
				<timestamp>5888.747447</timestamp>
			</report>
			<report>
				<misses>684900000</misses>
				<total>0</total>
				<timestamp>5889.646171</timestamp>
			</report>
			<report>
				<misses>685000000</misses>
				<total>0</total>
				<timestamp>5890.543140</timestamp>
			</report>
			<report>
				<misses>685100000</misses>
				<total>0</total>
				<timestamp>5891.376351</timestamp>
			</report>
			<report>
				<misses>685200000</misses>
				<total>0</total>
				<timestamp>5892.254993</timestamp>
			</report>
			<report>
				<misses>685300000</misses>
				<total>0</total>
				<timestamp>5893.102928</timestamp>
			</report>
			<report>
				<misses>685400000</misses>
				<total>0</total>
				<timestamp>5893.923488</timestamp>
			</report>
			<report>
				<misses>685500000</misses>
				<total>0</total>
				<timestamp>5894.801000</timestamp>
			</report>
			<report>
				<misses>685600000</misses>
				<total>0</total>
				<timestamp>5895.645591</timestamp>
			</report>
			<report>
				<misses>685700000</misses>
				<total>0</total>
				<timestamp>5896.505684</timestamp>
			</report>
			<report>
				<misses>685800000</misses>
				<total>0</total>
				<timestamp>5897.389404</timestamp>
			</report>
			<report>
				<misses>685900000</misses>
				<total>0</total>
				<timestamp>5898.241105</timestamp>
			</report>
			<report>
				<misses>686000000</misses>
				<total>0</total>
				<timestamp>5899.046285</timestamp>
			</report>
			<report>
				<misses>686100000</misses>
				<total>0</total>
				<timestamp>5899.833919</timestamp>
			</report>
			<report>
				<misses>686200000</misses>
				<total>0</total>
				<timestamp>5900.702109</timestamp>
			</report>
			<report>
				<misses>686300000</misses>
				<total>0</total>
				<timestamp>5901.530872</timestamp>
			</report>
			<report>
				<misses>686400000</misses>
				<total>0</total>
				<timestamp>5902.320598</timestamp>
			</report>
			<report>
				<misses>686500000</misses>
				<total>0</total>
				<timestamp>5903.130212</timestamp>
			</report>
			<report>
				<misses>686600000</misses>
				<total>0</total>
				<timestamp>5903.954202</timestamp>
			</report>
			<report>
				<misses>686700000</misses>
				<total>0</total>
				<timestamp>5904.756766</timestamp>
			</report>
			<report>
				<misses>686800000</misses>
				<total>0</total>
				<timestamp>5905.556078</timestamp>
			</report>
			<report>
				<misses>686900000</misses>
				<total>0</total>
				<timestamp>5906.470460</timestamp>
			</report>
			<report>
				<misses>687000000</misses>
				<total>0</total>
				<timestamp>5907.322517</timestamp>
			</report>
			<report>
				<misses>687100000</misses>
				<total>0</total>
				<timestamp>5908.229957</timestamp>
			</report>
			<report>
				<misses>687200000</misses>
				<total>0</total>
				<timestamp>5909.186679</timestamp>
			</report>
			<report>
				<misses>687300000</misses>
				<total>0</total>
				<timestamp>5910.115437</timestamp>
			</report>
			<report>
				<misses>687400000</misses>
				<total>0</total>
				<timestamp>5911.027637</timestamp>
			</report>
			<report>
				<misses>687500000</misses>
				<total>0</total>
				<timestamp>5911.945671</timestamp>
			</report>
			<report>
				<misses>687600000</misses>
				<total>0</total>
				<timestamp>5912.870246</timestamp>
			</report>
			<report>
				<misses>687700000</misses>
				<total>0</total>
				<timestamp>5913.782996</timestamp>
			</report>
			<report>
				<misses>687800000</misses>
				<total>0</total>
				<timestamp>5914.630160</timestamp>
			</report>
			<report>
				<misses>687900000</misses>
				<total>0</total>
				<timestamp>5915.544778</timestamp>
			</report>
			<report>
				<misses>688000000</misses>
				<total>0</total>
				<timestamp>5916.426834</timestamp>
			</report>
			<report>
				<misses>688100000</misses>
				<total>0</total>
				<timestamp>5917.279901</timestamp>
			</report>
			<report>
				<misses>688200000</misses>
				<total>0</total>
				<timestamp>5918.084261</timestamp>
			</report>
			<report>
				<misses>688300000</misses>
				<total>0</total>
				<timestamp>5918.885343</timestamp>
			</report>
			<report>
				<misses>688400000</misses>
				<total>0</total>
				<timestamp>5919.762020</timestamp>
			</report>
			<report>
				<misses>688500000</misses>
				<total>0</total>
				<timestamp>5920.602957</timestamp>
			</report>
			<report>
				<misses>688600000</misses>
				<total>0</total>
				<timestamp>5921.406815</timestamp>
			</report>
			<report>
				<misses>688700000</misses>
				<total>0</total>
				<timestamp>5922.294762</timestamp>
			</report>
			<report>
				<misses>688800000</misses>
				<total>0</total>
				<timestamp>5923.112544</timestamp>
			</report>
			<report>
				<misses>688900000</misses>
				<total>0</total>
				<timestamp>5923.943435</timestamp>
			</report>
			<report>
				<misses>689000000</misses>
				<total>0</total>
				<timestamp>5924.858047</timestamp>
			</report>
			<report>
				<misses>689100000</misses>
				<total>0</total>
				<timestamp>5925.757079</timestamp>
			</report>
			<report>
				<misses>689200000</misses>
				<total>0</total>
				<timestamp>5926.646498</timestamp>
			</report>
			<report>
				<misses>689300000</misses>
				<total>0</total>
				<timestamp>5927.553788</timestamp>
			</report>
			<report>
				<misses>689400000</misses>
				<total>0</total>
				<timestamp>5928.438652</timestamp>
			</report>
			<report>
				<misses>689500000</misses>
				<total>0</total>
				<timestamp>5929.298383</timestamp>
			</report>
			<report>
				<misses>689600000</misses>
				<total>0</total>
				<timestamp>5930.146597</timestamp>
			</report>
			<report>
				<misses>689700000</misses>
				<total>0</total>
				<timestamp>5931.070930</timestamp>
			</report>
			<report>
				<misses>689800000</misses>
				<total>0</total>
				<timestamp>5931.954874</timestamp>
			</report>
			<report>
				<misses>689900000</misses>
				<total>0</total>
				<timestamp>5932.839881</timestamp>
			</report>
			<report>
				<misses>690000000</misses>
				<total>0</total>
				<timestamp>5933.739689</timestamp>
			</report>
			<report>
				<misses>690100000</misses>
				<total>0</total>
				<timestamp>5934.603955</timestamp>
			</report>
			<report>
				<misses>690200000</misses>
				<total>0</total>
				<timestamp>5935.535746</timestamp>
			</report>
			<report>
				<misses>690300000</misses>
				<total>0</total>
				<timestamp>5936.433941</timestamp>
			</report>
			<report>
				<misses>690400000</misses>
				<total>0</total>
				<timestamp>5937.287059</timestamp>
			</report>
			<report>
				<misses>690500000</misses>
				<total>0</total>
				<timestamp>5938.156134</timestamp>
			</report>
			<report>
				<misses>690600000</misses>
				<total>0</total>
				<timestamp>5939.055962</timestamp>
			</report>
			<report>
				<misses>690700000</misses>
				<total>0</total>
				<timestamp>5939.953690</timestamp>
			</report>
			<report>
				<misses>690800000</misses>
				<total>0</total>
				<timestamp>5940.861954</timestamp>
			</report>
			<report>
				<misses>690900000</misses>
				<total>0</total>
				<timestamp>5941.761983</timestamp>
			</report>
			<report>
				<misses>691000000</misses>
				<total>0</total>
				<timestamp>5942.594118</timestamp>
			</report>
			<report>
				<misses>691100000</misses>
				<total>0</total>
				<timestamp>5943.503077</timestamp>
			</report>
			<report>
				<misses>691200000</misses>
				<total>0</total>
				<timestamp>5944.390887</timestamp>
			</report>
			<report>
				<misses>691300000</misses>
				<total>0</total>
				<timestamp>5945.297133</timestamp>
			</report>
			<report>
				<misses>691400000</misses>
				<total>0</total>
				<timestamp>5946.287139</timestamp>
			</report>
			<report>
				<misses>691500000</misses>
				<total>0</total>
				<timestamp>5947.141540</timestamp>
			</report>
			<report>
				<misses>691600000</misses>
				<total>0</total>
				<timestamp>5948.003784</timestamp>
			</report>
			<report>
				<misses>691700000</misses>
				<total>0</total>
				<timestamp>5948.876554</timestamp>
			</report>
			<report>
				<misses>691800000</misses>
				<total>0</total>
				<timestamp>5949.750499</timestamp>
			</report>
			<report>
				<misses>691900000</misses>
				<total>0</total>
				<timestamp>5950.622097</timestamp>
			</report>
			<report>
				<misses>692000000</misses>
				<total>0</total>
				<timestamp>5951.515531</timestamp>
			</report>
			<report>
				<misses>692100000</misses>
				<total>0</total>
				<timestamp>5952.421368</timestamp>
			</report>
			<report>
				<misses>692200000</misses>
				<total>0</total>
				<timestamp>5953.284945</timestamp>
			</report>
			<report>
				<misses>692300000</misses>
				<total>0</total>
				<timestamp>5954.135593</timestamp>
			</report>
			<report>
				<misses>692400000</misses>
				<total>0</total>
				<timestamp>5955.015095</timestamp>
			</report>
			<report>
				<misses>692500000</misses>
				<total>0</total>
				<timestamp>5955.905403</timestamp>
			</report>
			<report>
				<misses>692600000</misses>
				<total>0</total>
				<timestamp>5956.810368</timestamp>
			</report>
			<report>
				<misses>692700000</misses>
				<total>0</total>
				<timestamp>5957.704012</timestamp>
			</report>
			<report>
				<misses>692800000</misses>
				<total>0</total>
				<timestamp>5958.586513</timestamp>
			</report>
			<report>
				<misses>692900000</misses>
				<total>0</total>
				<timestamp>5959.475545</timestamp>
			</report>
			<report>
				<misses>693000000</misses>
				<total>0</total>
				<timestamp>5960.399967</timestamp>
			</report>
			<report>
				<misses>693100000</misses>
				<total>0</total>
				<timestamp>5961.250413</timestamp>
			</report>
			<report>
				<misses>693200000</misses>
				<total>0</total>
				<timestamp>5962.173175</timestamp>
			</report>
			<report>
				<misses>693300000</misses>
				<total>0</total>
				<timestamp>5962.954226</timestamp>
			</report>
			<report>
				<misses>693400000</misses>
				<total>0</total>
				<timestamp>5963.779782</timestamp>
			</report>
			<report>
				<misses>693500000</misses>
				<total>0</total>
				<timestamp>5964.666351</timestamp>
			</report>
			<report>
				<misses>693600000</misses>
				<total>0</total>
				<timestamp>5965.470522</timestamp>
			</report>
			<report>
				<misses>693700000</misses>
				<total>0</total>
				<timestamp>5966.304952</timestamp>
			</report>
			<report>
				<misses>693800000</misses>
				<total>0</total>
				<timestamp>5967.148136</timestamp>
			</report>
			<report>
				<misses>693900000</misses>
				<total>0</total>
				<timestamp>5968.026250</timestamp>
			</report>
			<report>
				<misses>694000000</misses>
				<total>0</total>
				<timestamp>5968.853564</timestamp>
			</report>
			<report>
				<misses>694100000</misses>
				<total>0</total>
				<timestamp>5969.714568</timestamp>
			</report>
			<report>
				<misses>694200000</misses>
				<total>0</total>
				<timestamp>5970.589084</timestamp>
			</report>
			<report>
				<misses>694300000</misses>
				<total>0</total>
				<timestamp>5971.484191</timestamp>
			</report>
			<report>
				<misses>694400000</misses>
				<total>0</total>
				<timestamp>5972.428193</timestamp>
			</report>
			<report>
				<misses>694500000</misses>
				<total>0</total>
				<timestamp>5973.299298</timestamp>
			</report>
			<report>
				<misses>694600000</misses>
				<total>0</total>
				<timestamp>5974.237323</timestamp>
			</report>
			<report>
				<misses>694700000</misses>
				<total>0</total>
				<timestamp>5975.126928</timestamp>
			</report>
			<report>
				<misses>694800000</misses>
				<total>0</total>
				<timestamp>5975.991040</timestamp>
			</report>
			<report>
				<misses>694900000</misses>
				<total>0</total>
				<timestamp>5976.895403</timestamp>
			</report>
			<report>
				<misses>695000000</misses>
				<total>0</total>
				<timestamp>5977.792744</timestamp>
			</report>
			<report>
				<misses>695100000</misses>
				<total>0</total>
				<timestamp>5978.649936</timestamp>
			</report>
			<report>
				<misses>695200000</misses>
				<total>0</total>
				<timestamp>5979.501137</timestamp>
			</report>
			<report>
				<misses>695300000</misses>
				<total>0</total>
				<timestamp>5980.367320</timestamp>
			</report>
			<report>
				<misses>695400000</misses>
				<total>0</total>
				<timestamp>5981.256042</timestamp>
			</report>
			<report>
				<misses>695500000</misses>
				<total>0</total>
				<timestamp>5982.079394</timestamp>
			</report>
			<report>
				<misses>695600000</misses>
				<total>0</total>
				<timestamp>5982.982879</timestamp>
			</report>
			<report>
				<misses>695700000</misses>
				<total>0</total>
				<timestamp>5983.809780</timestamp>
			</report>
			<report>
				<misses>695800000</misses>
				<total>0</total>
				<timestamp>5984.670271</timestamp>
			</report>
			<report>
				<misses>695900000</misses>
				<total>0</total>
				<timestamp>5985.494194</timestamp>
			</report>
			<report>
				<misses>696000000</misses>
				<total>0</total>
				<timestamp>5986.365396</timestamp>
			</report>
			<report>
				<misses>696100000</misses>
				<total>0</total>
				<timestamp>5987.214402</timestamp>
			</report>
			<report>
				<misses>696200000</misses>
				<total>0</total>
				<timestamp>5988.051678</timestamp>
			</report>
			<report>
				<misses>696300000</misses>
				<total>0</total>
				<timestamp>5988.923085</timestamp>
			</report>
			<report>
				<misses>696400000</misses>
				<total>0</total>
				<timestamp>5989.834847</timestamp>
			</report>
			<report>
				<misses>696500000</misses>
				<total>0</total>
				<timestamp>5990.664569</timestamp>
			</report>
			<report>
				<misses>696600000</misses>
				<total>0</total>
				<timestamp>5991.536543</timestamp>
			</report>
			<report>
				<misses>696700000</misses>
				<total>0</total>
				<timestamp>5992.374713</timestamp>
			</report>
			<report>
				<misses>696800000</misses>
				<total>0</total>
				<timestamp>5993.261868</timestamp>
			</report>
			<report>
				<misses>696900000</misses>
				<total>0</total>
				<timestamp>5994.176713</timestamp>
			</report>
			<report>
				<misses>697000000</misses>
				<total>0</total>
				<timestamp>5995.046316</timestamp>
			</report>
			<report>
				<misses>697100000</misses>
				<total>0</total>
				<timestamp>5995.891689</timestamp>
			</report>
			<report>
				<misses>697200000</misses>
				<total>0</total>
				<timestamp>5996.764053</timestamp>
			</report>
			<report>
				<misses>697300000</misses>
				<total>0</total>
				<timestamp>5997.696277</timestamp>
			</report>
			<report>
				<misses>697400000</misses>
				<total>0</total>
				<timestamp>5998.526795</timestamp>
			</report>
			<report>
				<misses>697500000</misses>
				<total>0</total>
				<timestamp>5999.409418</timestamp>
			</report>
			<report>
				<misses>697600000</misses>
				<total>0</total>
				<timestamp>6000.280156</timestamp>
			</report>
			<report>
				<misses>697700000</misses>
				<total>0</total>
				<timestamp>6001.120450</timestamp>
			</report>
			<report>
				<misses>697800000</misses>
				<total>0</total>
				<timestamp>6001.952637</timestamp>
			</report>
			<report>
				<misses>697900000</misses>
				<total>0</total>
				<timestamp>6002.801796</timestamp>
			</report>
			<report>
				<misses>698000000</misses>
				<total>0</total>
				<timestamp>6003.600693</timestamp>
			</report>
			<report>
				<misses>698100000</misses>
				<total>0</total>
				<timestamp>6004.405324</timestamp>
			</report>
			<report>
				<misses>698200000</misses>
				<total>0</total>
				<timestamp>6005.270785</timestamp>
			</report>
			<report>
				<misses>698300000</misses>
				<total>0</total>
				<timestamp>6006.071750</timestamp>
			</report>
			<report>
				<misses>698400000</misses>
				<total>0</total>
				<timestamp>6006.882881</timestamp>
			</report>
			<report>
				<misses>698500000</misses>
				<total>0</total>
				<timestamp>6007.686981</timestamp>
			</report>
			<report>
				<misses>698600000</misses>
				<total>0</total>
				<timestamp>6008.525398</timestamp>
			</report>
			<report>
				<misses>698700000</misses>
				<total>0</total>
				<timestamp>6009.382461</timestamp>
			</report>
			<report>
				<misses>698800000</misses>
				<total>0</total>
				<timestamp>6010.212470</timestamp>
			</report>
			<report>
				<misses>698900000</misses>
				<total>0</total>
				<timestamp>6011.121568</timestamp>
			</report>
			<report>
				<misses>699000000</misses>
				<total>0</total>
				<timestamp>6011.984842</timestamp>
			</report>
			<report>
				<misses>699100000</misses>
				<total>0</total>
				<timestamp>6012.852345</timestamp>
			</report>
			<report>
				<misses>699200000</misses>
				<total>0</total>
				<timestamp>6013.745190</timestamp>
			</report>
			<report>
				<misses>699300000</misses>
				<total>0</total>
				<timestamp>6014.648050</timestamp>
			</report>
			<report>
				<misses>699400000</misses>
				<total>0</total>
				<timestamp>6015.512016</timestamp>
			</report>
			<report>
				<misses>699500000</misses>
				<total>0</total>
				<timestamp>6016.451114</timestamp>
			</report>
			<report>
				<misses>699600000</misses>
				<total>0</total>
				<timestamp>6017.276040</timestamp>
			</report>
			<report>
				<misses>699700000</misses>
				<total>0</total>
				<timestamp>6018.159925</timestamp>
			</report>
			<report>
				<misses>699800000</misses>
				<total>0</total>
				<timestamp>6019.019043</timestamp>
			</report>
			<report>
				<misses>699900000</misses>
				<total>0</total>
				<timestamp>6019.921607</timestamp>
			</report>
			<report>
				<misses>700000000</misses>
				<total>0</total>
				<timestamp>6020.786172</timestamp>
			</report>
			<report>
				<misses>700100000</misses>
				<total>0</total>
				<timestamp>6021.716292</timestamp>
			</report>
			<report>
				<misses>700200000</misses>
				<total>0</total>
				<timestamp>6022.644046</timestamp>
			</report>
			<report>
				<misses>700300000</misses>
				<total>0</total>
				<timestamp>6023.487376</timestamp>
			</report>
			<report>
				<misses>700400000</misses>
				<total>0</total>
				<timestamp>6024.299075</timestamp>
			</report>
			<report>
				<misses>700500000</misses>
				<total>0</total>
				<timestamp>6025.188481</timestamp>
			</report>
			<report>
				<misses>700600000</misses>
				<total>0</total>
				<timestamp>6026.087317</timestamp>
			</report>
			<report>
				<misses>700700000</misses>
				<total>0</total>
				<timestamp>6026.947915</timestamp>
			</report>
			<report>
				<misses>700800000</misses>
				<total>0</total>
				<timestamp>6027.797636</timestamp>
			</report>
			<report>
				<misses>700900000</misses>
				<total>0</total>
				<timestamp>6028.601769</timestamp>
			</report>
			<report>
				<misses>701000000</misses>
				<total>0</total>
				<timestamp>6029.400587</timestamp>
			</report>
			<report>
				<misses>701100000</misses>
				<total>0</total>
				<timestamp>6030.267852</timestamp>
			</report>
			<report>
				<misses>701200000</misses>
				<total>0</total>
				<timestamp>6031.146769</timestamp>
			</report>
			<report>
				<misses>701300000</misses>
				<total>0</total>
				<timestamp>6032.030345</timestamp>
			</report>
			<report>
				<misses>701400000</misses>
				<total>0</total>
				<timestamp>6032.837535</timestamp>
			</report>
			<report>
				<misses>701500000</misses>
				<total>0</total>
				<timestamp>6033.656618</timestamp>
			</report>
			<report>
				<misses>701600000</misses>
				<total>0</total>
				<timestamp>6034.484058</timestamp>
			</report>
			<report>
				<misses>701700000</misses>
				<total>0</total>
				<timestamp>6035.356150</timestamp>
			</report>
			<report>
				<misses>701800000</misses>
				<total>0</total>
				<timestamp>6036.161143</timestamp>
			</report>
			<report>
				<misses>701900000</misses>
				<total>0</total>
				<timestamp>6036.958013</timestamp>
			</report>
			<report>
				<misses>702000000</misses>
				<total>0</total>
				<timestamp>6037.792689</timestamp>
			</report>
			<report>
				<misses>702100000</misses>
				<total>0</total>
				<timestamp>6038.645317</timestamp>
			</report>
			<report>
				<misses>702200000</misses>
				<total>0</total>
				<timestamp>6039.508394</timestamp>
			</report>
			<report>
				<misses>702300000</misses>
				<total>0</total>
				<timestamp>6040.363373</timestamp>
			</report>
			<report>
				<misses>702400000</misses>
				<total>0</total>
				<timestamp>6041.231146</timestamp>
			</report>
			<report>
				<misses>702500000</misses>
				<total>0</total>
				<timestamp>6042.100239</timestamp>
			</report>
			<report>
				<misses>702600000</misses>
				<total>0</total>
				<timestamp>6042.968760</timestamp>
			</report>
			<report>
				<misses>702700000</misses>
				<total>0</total>
				<timestamp>6043.805849</timestamp>
			</report>
			<report>
				<misses>702800000</misses>
				<total>0</total>
				<timestamp>6044.641025</timestamp>
			</report>
			<report>
				<misses>702900000</misses>
				<total>0</total>
				<timestamp>6045.496876</timestamp>
			</report>
			<report>
				<misses>703000000</misses>
				<total>0</total>
				<timestamp>6046.339964</timestamp>
			</report>
			<report>
				<misses>703100000</misses>
				<total>0</total>
				<timestamp>6047.229065</timestamp>
			</report>
			<report>
				<misses>703200000</misses>
				<total>0</total>
				<timestamp>6048.038158</timestamp>
			</report>
			<report>
				<misses>703300000</misses>
				<total>0</total>
				<timestamp>6048.895668</timestamp>
			</report>
			<report>
				<misses>703400000</misses>
				<total>0</total>
				<timestamp>6049.690707</timestamp>
			</report>
			<report>
				<misses>703500000</misses>
				<total>0</total>
				<timestamp>6050.500231</timestamp>
			</report>
			<report>
				<misses>703600000</misses>
				<total>0</total>
				<timestamp>6051.333331</timestamp>
			</report>
			<report>
				<misses>703700000</misses>
				<total>0</total>
				<timestamp>6052.223635</timestamp>
			</report>
			<report>
				<misses>703800000</misses>
				<total>0</total>
				<timestamp>6053.083570</timestamp>
			</report>
			<report>
				<misses>703900000</misses>
				<total>0</total>
				<timestamp>6053.871886</timestamp>
			</report>
			<report>
				<misses>704000000</misses>
				<total>0</total>
				<timestamp>6054.662405</timestamp>
			</report>
			<report>
				<misses>704100000</misses>
				<total>0</total>
				<timestamp>6055.475216</timestamp>
			</report>
			<report>
				<misses>704200000</misses>
				<total>0</total>
				<timestamp>6056.282306</timestamp>
			</report>
			<report>
				<misses>704300000</misses>
				<total>0</total>
				<timestamp>6057.167347</timestamp>
			</report>
			<report>
				<misses>704400000</misses>
				<total>0</total>
				<timestamp>6058.037087</timestamp>
			</report>
			<report>
				<misses>704500000</misses>
				<total>0</total>
				<timestamp>6058.936229</timestamp>
			</report>
			<report>
				<misses>704600000</misses>
				<total>0</total>
				<timestamp>6059.813042</timestamp>
			</report>
			<report>
				<misses>704700000</misses>
				<total>0</total>
				<timestamp>6060.687489</timestamp>
			</report>
			<report>
				<misses>704800000</misses>
				<total>0</total>
				<timestamp>6061.558053</timestamp>
			</report>
			<report>
				<misses>704900000</misses>
				<total>0</total>
				<timestamp>6062.395664</timestamp>
			</report>
			<report>
				<misses>705000000</misses>
				<total>0</total>
				<timestamp>6063.263806</timestamp>
			</report>
			<report>
				<misses>705100000</misses>
				<total>0</total>
				<timestamp>6064.124629</timestamp>
			</report>
			<report>
				<misses>705200000</misses>
				<total>0</total>
				<timestamp>6064.987027</timestamp>
			</report>
			<report>
				<misses>705300000</misses>
				<total>0</total>
				<timestamp>6065.847362</timestamp>
			</report>
			<report>
				<misses>705400000</misses>
				<total>0</total>
				<timestamp>6066.734967</timestamp>
			</report>
			<report>
				<misses>705500000</misses>
				<total>0</total>
				<timestamp>6067.597557</timestamp>
			</report>
			<report>
				<misses>705600000</misses>
				<total>0</total>
				<timestamp>6068.411278</timestamp>
			</report>
			<report>
				<misses>705700000</misses>
				<total>0</total>
				<timestamp>6069.295365</timestamp>
			</report>
			<report>
				<misses>705800000</misses>
				<total>0</total>
				<timestamp>6070.152340</timestamp>
			</report>
			<report>
				<misses>705900000</misses>
				<total>0</total>
				<timestamp>6071.007568</timestamp>
			</report>
			<report>
				<misses>706000000</misses>
				<total>0</total>
				<timestamp>6071.900806</timestamp>
			</report>
			<report>
				<misses>706100000</misses>
				<total>0</total>
				<timestamp>6072.823805</timestamp>
			</report>
			<report>
				<misses>706200000</misses>
				<total>0</total>
				<timestamp>6073.682305</timestamp>
			</report>
			<report>
				<misses>706300000</misses>
				<total>0</total>
				<timestamp>6074.568694</timestamp>
			</report>
			<report>
				<misses>706400000</misses>
				<total>0</total>
				<timestamp>6075.485742</timestamp>
			</report>
			<report>
				<misses>706500000</misses>
				<total>0</total>
				<timestamp>6076.287265</timestamp>
			</report>
			<report>
				<misses>706600000</misses>
				<total>0</total>
				<timestamp>6077.123533</timestamp>
			</report>
			<report>
				<misses>706700000</misses>
				<total>0</total>
				<timestamp>6077.950797</timestamp>
			</report>
			<report>
				<misses>706800000</misses>
				<total>0</total>
				<timestamp>6078.770498</timestamp>
			</report>
			<report>
				<misses>706900000</misses>
				<total>0</total>
				<timestamp>6079.634145</timestamp>
			</report>
			<report>
				<misses>707000000</misses>
				<total>0</total>
				<timestamp>6080.504439</timestamp>
			</report>
			<report>
				<misses>707100000</misses>
				<total>0</total>
				<timestamp>6081.363878</timestamp>
			</report>
			<report>
				<misses>707200000</misses>
				<total>0</total>
				<timestamp>6082.205229</timestamp>
			</report>
			<report>
				<misses>707300000</misses>
				<total>0</total>
				<timestamp>6083.071677</timestamp>
			</report>
			<report>
				<misses>707400000</misses>
				<total>0</total>
				<timestamp>6083.933902</timestamp>
			</report>
			<report>
				<misses>707500000</misses>
				<total>0</total>
				<timestamp>6084.818404</timestamp>
			</report>
			<report>
				<misses>707600000</misses>
				<total>0</total>
				<timestamp>6085.651876</timestamp>
			</report>
			<report>
				<misses>707700000</misses>
				<total>0</total>
				<timestamp>6086.489514</timestamp>
			</report>
			<report>
				<misses>707800000</misses>
				<total>0</total>
				<timestamp>6087.387431</timestamp>
			</report>
			<report>
				<misses>707900000</misses>
				<total>0</total>
				<timestamp>6088.193873</timestamp>
			</report>
			<report>
				<misses>708000000</misses>
				<total>0</total>
				<timestamp>6089.078288</timestamp>
			</report>
			<report>
				<misses>708100000</misses>
				<total>0</total>
				<timestamp>6089.941985</timestamp>
			</report>
			<report>
				<misses>708200000</misses>
				<total>0</total>
				<timestamp>6090.813195</timestamp>
			</report>
			<report>
				<misses>708300000</misses>
				<total>0</total>
				<timestamp>6091.689970</timestamp>
			</report>
			<report>
				<misses>708400000</misses>
				<total>0</total>
				<timestamp>6092.539399</timestamp>
			</report>
			<report>
				<misses>708500000</misses>
				<total>0</total>
				<timestamp>6093.373801</timestamp>
			</report>
			<report>
				<misses>708600000</misses>
				<total>0</total>
				<timestamp>6094.188631</timestamp>
			</report>
			<report>
				<misses>708700000</misses>
				<total>0</total>
				<timestamp>6095.066073</timestamp>
			</report>
			<report>
				<misses>708800000</misses>
				<total>0</total>
				<timestamp>6095.959580</timestamp>
			</report>
			<report>
				<misses>708900000</misses>
				<total>0</total>
				<timestamp>6096.776232</timestamp>
			</report>
			<report>
				<misses>709000000</misses>
				<total>0</total>
				<timestamp>6097.576793</timestamp>
			</report>
			<report>
				<misses>709100000</misses>
				<total>0</total>
				<timestamp>6098.420618</timestamp>
			</report>
			<report>
				<misses>709200000</misses>
				<total>0</total>
				<timestamp>6099.275207</timestamp>
			</report>
			<report>
				<misses>709300000</misses>
				<total>0</total>
				<timestamp>6100.207856</timestamp>
			</report>
			<report>
				<misses>709400000</misses>
				<total>0</total>
				<timestamp>6101.095569</timestamp>
			</report>
			<report>
				<misses>709500000</misses>
				<total>0</total>
				<timestamp>6101.943113</timestamp>
			</report>
			<report>
				<misses>709600000</misses>
				<total>0</total>
				<timestamp>6102.829758</timestamp>
			</report>
			<report>
				<misses>709700000</misses>
				<total>0</total>
				<timestamp>6103.678727</timestamp>
			</report>
			<report>
				<misses>709800000</misses>
				<total>0</total>
				<timestamp>6104.590728</timestamp>
			</report>
			<report>
				<misses>709900000</misses>
				<total>0</total>
				<timestamp>6105.542795</timestamp>
			</report>
			<report>
				<misses>710000000</misses>
				<total>0</total>
				<timestamp>6106.396657</timestamp>
			</report>
			<report>
				<misses>710100000</misses>
				<total>0</total>
				<timestamp>6107.250909</timestamp>
			</report>
			<report>
				<misses>710200000</misses>
				<total>0</total>
				<timestamp>6108.111190</timestamp>
			</report>
			<report>
				<misses>710300000</misses>
				<total>0</total>
				<timestamp>6108.991818</timestamp>
			</report>
			<report>
				<misses>710400000</misses>
				<total>0</total>
				<timestamp>6109.844873</timestamp>
			</report>
			<report>
				<misses>710500000</misses>
				<total>0</total>
				<timestamp>6110.716723</timestamp>
			</report>
			<report>
				<misses>710600000</misses>
				<total>0</total>
				<timestamp>6111.595135</timestamp>
			</report>
			<report>
				<misses>710700000</misses>
				<total>0</total>
				<timestamp>6112.519200</timestamp>
			</report>
			<report>
				<misses>710800000</misses>
				<total>0</total>
				<timestamp>6113.400946</timestamp>
			</report>
			<report>
				<misses>710900000</misses>
				<total>0</total>
				<timestamp>6114.300488</timestamp>
			</report>
			<report>
				<misses>711000000</misses>
				<total>0</total>
				<timestamp>6115.234768</timestamp>
			</report>
			<report>
				<misses>711100000</misses>
				<total>0</total>
				<timestamp>6116.153449</timestamp>
			</report>
			<report>
				<misses>711200000</misses>
				<total>0</total>
				<timestamp>6117.051743</timestamp>
			</report>
			<report>
				<misses>711300000</misses>
				<total>0</total>
				<timestamp>6117.838631</timestamp>
			</report>
			<report>
				<misses>711400000</misses>
				<total>0</total>
				<timestamp>6118.771716</timestamp>
			</report>
			<report>
				<misses>711500000</misses>
				<total>0</total>
				<timestamp>6119.599794</timestamp>
			</report>
			<report>
				<misses>711600000</misses>
				<total>0</total>
				<timestamp>6120.388904</timestamp>
			</report>
			<report>
				<misses>711700000</misses>
				<total>0</total>
				<timestamp>6121.196661</timestamp>
			</report>
			<report>
				<misses>711800000</misses>
				<total>0</total>
				<timestamp>6122.047997</timestamp>
			</report>
			<report>
				<misses>711900000</misses>
				<total>0</total>
				<timestamp>6122.933922</timestamp>
			</report>
			<report>
				<misses>712000000</misses>
				<total>0</total>
				<timestamp>6123.810538</timestamp>
			</report>
			<report>
				<misses>712100000</misses>
				<total>0</total>
				<timestamp>6124.670706</timestamp>
			</report>
			<report>
				<misses>712200000</misses>
				<total>0</total>
				<timestamp>6125.585619</timestamp>
			</report>
			<report>
				<misses>712300000</misses>
				<total>0</total>
				<timestamp>6126.479629</timestamp>
			</report>
			<report>
				<misses>712400000</misses>
				<total>0</total>
				<timestamp>6127.354710</timestamp>
			</report>
			<report>
				<misses>712500000</misses>
				<total>0</total>
				<timestamp>6128.207284</timestamp>
			</report>
			<report>
				<misses>712600000</misses>
				<total>0</total>
				<timestamp>6129.144044</timestamp>
			</report>
			<report>
				<misses>712700000</misses>
				<total>0</total>
				<timestamp>6130.058526</timestamp>
			</report>
			<report>
				<misses>712800000</misses>
				<total>0</total>
				<timestamp>6130.911155</timestamp>
			</report>
			<report>
				<misses>712900000</misses>
				<total>0</total>
				<timestamp>6131.801843</timestamp>
			</report>
			<report>
				<misses>713000000</misses>
				<total>0</total>
				<timestamp>6132.669351</timestamp>
			</report>
			<report>
				<misses>713100000</misses>
				<total>0</total>
				<timestamp>6133.581002</timestamp>
			</report>
			<report>
				<misses>713200000</misses>
				<total>0</total>
				<timestamp>6134.501436</timestamp>
			</report>
			<report>
				<misses>713300000</misses>
				<total>0</total>
				<timestamp>6135.362815</timestamp>
			</report>
			<report>
				<misses>713400000</misses>
				<total>0</total>
				<timestamp>6136.235925</timestamp>
			</report>
			<report>
				<misses>713500000</misses>
				<total>0</total>
				<timestamp>6137.131331</timestamp>
			</report>
			<report>
				<misses>713600000</misses>
				<total>0</total>
				<timestamp>6138.034393</timestamp>
			</report>
			<report>
				<misses>713700000</misses>
				<total>0</total>
				<timestamp>6138.918133</timestamp>
			</report>
			<report>
				<misses>713800000</misses>
				<total>0</total>
				<timestamp>6139.799377</timestamp>
			</report>
			<report>
				<misses>713900000</misses>
				<total>0</total>
				<timestamp>6140.676396</timestamp>
			</report>
			<report>
				<misses>714000000</misses>
				<total>0</total>
				<timestamp>6141.495611</timestamp>
			</report>
			<report>
				<misses>714100000</misses>
				<total>0</total>
				<timestamp>6142.338893</timestamp>
			</report>
			<report>
				<misses>714200000</misses>
				<total>0</total>
				<timestamp>6143.270616</timestamp>
			</report>
			<report>
				<misses>714300000</misses>
				<total>0</total>
				<timestamp>6144.111037</timestamp>
			</report>
			<report>
				<misses>714400000</misses>
				<total>0</total>
				<timestamp>6144.962376</timestamp>
			</report>
			<report>
				<misses>714500000</misses>
				<total>0</total>
				<timestamp>6145.883549</timestamp>
			</report>
			<report>
				<misses>714600000</misses>
				<total>0</total>
				<timestamp>6146.811490</timestamp>
			</report>
			<report>
				<misses>714700000</misses>
				<total>0</total>
				<timestamp>6147.697793</timestamp>
			</report>
			<report>
				<misses>714800000</misses>
				<total>0</total>
				<timestamp>6148.594413</timestamp>
			</report>
			<report>
				<misses>714900000</misses>
				<total>0</total>
				<timestamp>6149.454756</timestamp>
			</report>
			<report>
				<misses>715000000</misses>
				<total>0</total>
				<timestamp>6150.368208</timestamp>
			</report>
			<report>
				<misses>715100000</misses>
				<total>0</total>
				<timestamp>6151.268221</timestamp>
			</report>
			<report>
				<misses>715200000</misses>
				<total>0</total>
				<timestamp>6152.101956</timestamp>
			</report>
			<report>
				<misses>715300000</misses>
				<total>0</total>
				<timestamp>6153.015949</timestamp>
			</report>
			<report>
				<misses>715400000</misses>
				<total>0</total>
				<timestamp>6153.943893</timestamp>
			</report>
			<report>
				<misses>715500000</misses>
				<total>0</total>
				<timestamp>6154.926217</timestamp>
			</report>
			<report>
				<misses>715600000</misses>
				<total>0</total>
				<timestamp>6155.779148</timestamp>
			</report>
			<report>
				<misses>715700000</misses>
				<total>0</total>
				<timestamp>6156.613340</timestamp>
			</report>
			<report>
				<misses>715800000</misses>
				<total>0</total>
				<timestamp>6157.462097</timestamp>
			</report>
			<report>
				<misses>715900000</misses>
				<total>0</total>
				<timestamp>6158.254695</timestamp>
			</report>
			<report>
				<misses>716000000</misses>
				<total>0</total>
				<timestamp>6159.027759</timestamp>
			</report>
			<report>
				<misses>716100000</misses>
				<total>0</total>
				<timestamp>6159.868607</timestamp>
			</report>
			<report>
				<misses>716200000</misses>
				<total>0</total>
				<timestamp>6160.681685</timestamp>
			</report>
			<report>
				<misses>716300000</misses>
				<total>0</total>
				<timestamp>6161.519728</timestamp>
			</report>
			<report>
				<misses>716400000</misses>
				<total>0</total>
				<timestamp>6162.426573</timestamp>
			</report>
			<report>
				<misses>716500000</misses>
				<total>0</total>
				<timestamp>6163.232137</timestamp>
			</report>
			<report>
				<misses>716600000</misses>
				<total>0</total>
				<timestamp>6164.074767</timestamp>
			</report>
			<report>
				<misses>716700000</misses>
				<total>0</total>
				<timestamp>6164.998292</timestamp>
			</report>
			<report>
				<misses>716800000</misses>
				<total>0</total>
				<timestamp>6165.894015</timestamp>
			</report>
			<report>
				<misses>716900000</misses>
				<total>0</total>
				<timestamp>6166.771342</timestamp>
			</report>
			<report>
				<misses>717000000</misses>
				<total>0</total>
				<timestamp>6167.620207</timestamp>
			</report>
			<report>
				<misses>717100000</misses>
				<total>0</total>
				<timestamp>6168.472725</timestamp>
			</report>
			<report>
				<misses>717200000</misses>
				<total>0</total>
				<timestamp>6169.337823</timestamp>
			</report>
			<report>
				<misses>717300000</misses>
				<total>0</total>
				<timestamp>6170.208406</timestamp>
			</report>
			<report>
				<misses>717400000</misses>
				<total>0</total>
				<timestamp>6171.035469</timestamp>
			</report>
			<report>
				<misses>717500000</misses>
				<total>0</total>
				<timestamp>6171.920942</timestamp>
			</report>
			<report>
				<misses>717600000</misses>
				<total>0</total>
				<timestamp>6172.812216</timestamp>
			</report>
			<report>
				<misses>717700000</misses>
				<total>0</total>
				<timestamp>6173.723078</timestamp>
			</report>
			<report>
				<misses>717800000</misses>
				<total>0</total>
				<timestamp>6174.626241</timestamp>
			</report>
			<report>
				<misses>717900000</misses>
				<total>0</total>
				<timestamp>6175.463590</timestamp>
			</report>
			<report>
				<misses>718000000</misses>
				<total>0</total>
				<timestamp>6176.264725</timestamp>
			</report>
			<report>
				<misses>718100000</misses>
				<total>0</total>
				<timestamp>6177.198460</timestamp>
			</report>
			<report>
				<misses>718200000</misses>
				<total>0</total>
				<timestamp>6178.005693</timestamp>
			</report>
			<report>
				<misses>718300000</misses>
				<total>0</total>
				<timestamp>6178.820084</timestamp>
			</report>
			<report>
				<misses>718400000</misses>
				<total>0</total>
				<timestamp>6179.599574</timestamp>
			</report>
			<report>
				<misses>718500000</misses>
				<total>0</total>
				<timestamp>6180.390596</timestamp>
			</report>
			<report>
				<misses>718600000</misses>
				<total>0</total>
				<timestamp>6181.300784</timestamp>
			</report>
			<report>
				<misses>718700000</misses>
				<total>0</total>
				<timestamp>6182.103877</timestamp>
			</report>
			<report>
				<misses>718800000</misses>
				<total>0</total>
				<timestamp>6182.940300</timestamp>
			</report>
			<report>
				<misses>718900000</misses>
				<total>0</total>
				<timestamp>6183.827338</timestamp>
			</report>
			<report>
				<misses>719000000</misses>
				<total>0</total>
				<timestamp>6184.707002</timestamp>
			</report>
			<report>
				<misses>719100000</misses>
				<total>0</total>
				<timestamp>6185.611825</timestamp>
			</report>
			<report>
				<misses>719200000</misses>
				<total>0</total>
				<timestamp>6186.524090</timestamp>
			</report>
			<report>
				<misses>719300000</misses>
				<total>0</total>
				<timestamp>6187.359819</timestamp>
			</report>
			<report>
				<misses>719400000</misses>
				<total>0</total>
				<timestamp>6188.196227</timestamp>
			</report>
			<report>
				<misses>719500000</misses>
				<total>0</total>
				<timestamp>6189.070286</timestamp>
			</report>
			<report>
				<misses>719600000</misses>
				<total>0</total>
				<timestamp>6189.912761</timestamp>
			</report>
			<report>
				<misses>719700000</misses>
				<total>0</total>
				<timestamp>6190.801999</timestamp>
			</report>
			<report>
				<misses>719800000</misses>
				<total>0</total>
				<timestamp>6191.612250</timestamp>
			</report>
			<report>
				<misses>719900000</misses>
				<total>0</total>
				<timestamp>6192.465131</timestamp>
			</report>
			<report>
				<misses>720000000</misses>
				<total>0</total>
				<timestamp>6193.331468</timestamp>
			</report>
			<report>
				<misses>720100000</misses>
				<total>0</total>
				<timestamp>6194.169467</timestamp>
			</report>
			<report>
				<misses>720200000</misses>
				<total>0</total>
				<timestamp>6194.974438</timestamp>
			</report>
			<report>
				<misses>720300000</misses>
				<total>0</total>
				<timestamp>6195.900992</timestamp>
			</report>
			<report>
				<misses>720400000</misses>
				<total>0</total>
				<timestamp>6196.685107</timestamp>
			</report>
			<report>
				<misses>720500000</misses>
				<total>0</total>
				<timestamp>6197.529678</timestamp>
			</report>
			<report>
				<misses>720600000</misses>
				<total>0</total>
				<timestamp>6198.413787</timestamp>
			</report>
			<report>
				<misses>720700000</misses>
				<total>0</total>
				<timestamp>6199.247916</timestamp>
			</report>
			<report>
				<misses>720800000</misses>
				<total>0</total>
				<timestamp>6200.075995</timestamp>
			</report>
			<report>
				<misses>720900000</misses>
				<total>0</total>
				<timestamp>6200.929044</timestamp>
			</report>
			<report>
				<misses>721000000</misses>
				<total>0</total>
				<timestamp>6201.786917</timestamp>
			</report>
			<report>
				<misses>721100000</misses>
				<total>0</total>
				<timestamp>6202.641055</timestamp>
			</report>
			<report>
				<misses>721200000</misses>
				<total>0</total>
				<timestamp>6203.544725</timestamp>
			</report>
			<report>
				<misses>721300000</misses>
				<total>0</total>
				<timestamp>6204.356771</timestamp>
			</report>
			<report>
				<misses>721400000</misses>
				<total>0</total>
				<timestamp>6205.212887</timestamp>
			</report>
			<report>
				<misses>721500000</misses>
				<total>0</total>
				<timestamp>6206.051387</timestamp>
			</report>
			<report>
				<misses>721600000</misses>
				<total>0</total>
				<timestamp>6206.913646</timestamp>
			</report>
			<report>
				<misses>721700000</misses>
				<total>0</total>
				<timestamp>6207.762421</timestamp>
			</report>
			<report>
				<misses>721800000</misses>
				<total>0</total>
				<timestamp>6208.622871</timestamp>
			</report>
			<report>
				<misses>721900000</misses>
				<total>0</total>
				<timestamp>6209.506890</timestamp>
			</report>
			<report>
				<misses>722000000</misses>
				<total>0</total>
				<timestamp>6210.373883</timestamp>
			</report>
			<report>
				<misses>722100000</misses>
				<total>0</total>
				<timestamp>6211.213024</timestamp>
			</report>
			<report>
				<misses>722200000</misses>
				<total>0</total>
				<timestamp>6212.060314</timestamp>
			</report>
			<report>
				<misses>722300000</misses>
				<total>0</total>
				<timestamp>6212.930516</timestamp>
			</report>
			<report>
				<misses>722400000</misses>
				<total>0</total>
				<timestamp>6213.756472</timestamp>
			</report>
			<report>
				<misses>722500000</misses>
				<total>0</total>
				<timestamp>6214.583110</timestamp>
			</report>
			<report>
				<misses>722600000</misses>
				<total>0</total>
				<timestamp>6215.433193</timestamp>
			</report>
			<report>
				<misses>722700000</misses>
				<total>0</total>
				<timestamp>6216.274719</timestamp>
			</report>
			<report>
				<misses>722800000</misses>
				<total>0</total>
				<timestamp>6217.114268</timestamp>
			</report>
			<report>
				<misses>722900000</misses>
				<total>0</total>
				<timestamp>6217.895734</timestamp>
			</report>
			<report>
				<misses>723000000</misses>
				<total>0</total>
				<timestamp>6218.760390</timestamp>
			</report>
			<report>
				<misses>723100000</misses>
				<total>0</total>
				<timestamp>6219.625103</timestamp>
			</report>
			<report>
				<misses>723200000</misses>
				<total>0</total>
				<timestamp>6220.460079</timestamp>
			</report>
			<report>
				<misses>723300000</misses>
				<total>0</total>
				<timestamp>6221.320171</timestamp>
			</report>
			<report>
				<misses>723400000</misses>
				<total>0</total>
				<timestamp>6222.221477</timestamp>
			</report>
			<report>
				<misses>723500000</misses>
				<total>0</total>
				<timestamp>6223.005587</timestamp>
			</report>
			<report>
				<misses>723600000</misses>
				<total>0</total>
				<timestamp>6223.912823</timestamp>
			</report>
			<report>
				<misses>723700000</misses>
				<total>0</total>
				<timestamp>6224.766513</timestamp>
			</report>
			<report>
				<misses>723800000</misses>
				<total>0</total>
				<timestamp>6225.702236</timestamp>
			</report>
			<report>
				<misses>723900000</misses>
				<total>0</total>
				<timestamp>6226.543781</timestamp>
			</report>
			<report>
				<misses>724000000</misses>
				<total>0</total>
				<timestamp>6227.418647</timestamp>
			</report>
			<report>
				<misses>724100000</misses>
				<total>0</total>
				<timestamp>6228.289744</timestamp>
			</report>
			<report>
				<misses>724200000</misses>
				<total>0</total>
				<timestamp>6229.158383</timestamp>
			</report>
			<report>
				<misses>724300000</misses>
				<total>0</total>
				<timestamp>6229.983035</timestamp>
			</report>
			<report>
				<misses>724400000</misses>
				<total>0</total>
				<timestamp>6230.813301</timestamp>
			</report>
			<report>
				<misses>724500000</misses>
				<total>0</total>
				<timestamp>6231.693326</timestamp>
			</report>
			<report>
				<misses>724600000</misses>
				<total>0</total>
				<timestamp>6232.579729</timestamp>
			</report>
			<report>
				<misses>724700000</misses>
				<total>0</total>
				<timestamp>6233.446660</timestamp>
			</report>
			<report>
				<misses>724800000</misses>
				<total>0</total>
				<timestamp>6234.276536</timestamp>
			</report>
			<report>
				<misses>724900000</misses>
				<total>0</total>
				<timestamp>6235.116818</timestamp>
			</report>
			<report>
				<misses>725000000</misses>
				<total>0</total>
				<timestamp>6235.911114</timestamp>
			</report>
			<report>
				<misses>725100000</misses>
				<total>0</total>
				<timestamp>6236.717214</timestamp>
			</report>
			<report>
				<misses>725200000</misses>
				<total>0</total>
				<timestamp>6237.539467</timestamp>
			</report>
			<report>
				<misses>725300000</misses>
				<total>0</total>
				<timestamp>6238.381143</timestamp>
			</report>
			<report>
				<misses>725400000</misses>
				<total>0</total>
				<timestamp>6239.168422</timestamp>
			</report>
			<report>
				<misses>725500000</misses>
				<total>0</total>
				<timestamp>6240.016825</timestamp>
			</report>
			<report>
				<misses>725600000</misses>
				<total>0</total>
				<timestamp>6240.832099</timestamp>
			</report>
			<report>
				<misses>725700000</misses>
				<total>0</total>
				<timestamp>6241.672206</timestamp>
			</report>
			<report>
				<misses>725800000</misses>
				<total>0</total>
				<timestamp>6242.562673</timestamp>
			</report>
			<report>
				<misses>725900000</misses>
				<total>0</total>
				<timestamp>6243.396507</timestamp>
			</report>
			<report>
				<misses>726000000</misses>
				<total>0</total>
				<timestamp>6244.258719</timestamp>
			</report>
			<report>
				<misses>726100000</misses>
				<total>0</total>
				<timestamp>6245.117479</timestamp>
			</report>
			<report>
				<misses>726200000</misses>
				<total>0</total>
				<timestamp>6245.962105</timestamp>
			</report>
			<report>
				<misses>726300000</misses>
				<total>0</total>
				<timestamp>6246.841917</timestamp>
			</report>
			<report>
				<misses>726400000</misses>
				<total>0</total>
				<timestamp>6247.695989</timestamp>
			</report>
			<report>
				<misses>726500000</misses>
				<total>0</total>
				<timestamp>6248.555333</timestamp>
			</report>
			<report>
				<misses>726600000</misses>
				<total>0</total>
				<timestamp>6249.444219</timestamp>
			</report>
			<report>
				<misses>726700000</misses>
				<total>0</total>
				<timestamp>6250.322663</timestamp>
			</report>
			<report>
				<misses>726800000</misses>
				<total>0</total>
				<timestamp>6251.191445</timestamp>
			</report>
			<report>
				<misses>726900000</misses>
				<total>0</total>
				<timestamp>6252.115388</timestamp>
			</report>
			<report>
				<misses>727000000</misses>
				<total>0</total>
				<timestamp>6252.974698</timestamp>
			</report>
			<report>
				<misses>727100000</misses>
				<total>0</total>
				<timestamp>6253.788538</timestamp>
			</report>
			<report>
				<misses>727200000</misses>
				<total>0</total>
				<timestamp>6254.606812</timestamp>
			</report>
			<report>
				<misses>727300000</misses>
				<total>0</total>
				<timestamp>6255.457221</timestamp>
			</report>
			<report>
				<misses>727400000</misses>
				<total>0</total>
				<timestamp>6256.279654</timestamp>
			</report>
			<report>
				<misses>727500000</misses>
				<total>0</total>
				<timestamp>6257.075278</timestamp>
			</report>
			<report>
				<misses>727600000</misses>
				<total>0</total>
				<timestamp>6257.929858</timestamp>
			</report>
			<report>
				<misses>727700000</misses>
				<total>0</total>
				<timestamp>6258.756887</timestamp>
			</report>
			<report>
				<misses>727800000</misses>
				<total>0</total>
				<timestamp>6259.561788</timestamp>
			</report>
			<report>
				<misses>727900000</misses>
				<total>0</total>
				<timestamp>6260.363578</timestamp>
			</report>
			<report>
				<misses>728000000</misses>
				<total>0</total>
				<timestamp>6261.243649</timestamp>
			</report>
			<report>
				<misses>728100000</misses>
				<total>0</total>
				<timestamp>6262.109038</timestamp>
			</report>
			<report>
				<misses>728200000</misses>
				<total>0</total>
				<timestamp>6263.035888</timestamp>
			</report>
			<report>
				<misses>728300000</misses>
				<total>0</total>
				<timestamp>6263.927419</timestamp>
			</report>
			<report>
				<misses>728400000</misses>
				<total>0</total>
				<timestamp>6264.797296</timestamp>
			</report>
			<report>
				<misses>728500000</misses>
				<total>0</total>
				<timestamp>6265.715399</timestamp>
			</report>
			<report>
				<misses>728600000</misses>
				<total>0</total>
				<timestamp>6266.568611</timestamp>
			</report>
			<report>
				<misses>728700000</misses>
				<total>0</total>
				<timestamp>6267.421963</timestamp>
			</report>
			<report>
				<misses>728800000</misses>
				<total>0</total>
				<timestamp>6268.308309</timestamp>
			</report>
			<report>
				<misses>728900000</misses>
				<total>0</total>
				<timestamp>6269.145455</timestamp>
			</report>
			<report>
				<misses>729000000</misses>
				<total>0</total>
				<timestamp>6270.030750</timestamp>
			</report>
			<report>
				<misses>729100000</misses>
				<total>0</total>
				<timestamp>6270.924701</timestamp>
			</report>
			<report>
				<misses>729200000</misses>
				<total>0</total>
				<timestamp>6271.771665</timestamp>
			</report>
			<report>
				<misses>729300000</misses>
				<total>0</total>
				<timestamp>6272.658815</timestamp>
			</report>
			<report>
				<misses>729400000</misses>
				<total>0</total>
				<timestamp>6273.504720</timestamp>
			</report>
			<report>
				<misses>729500000</misses>
				<total>0</total>
				<timestamp>6274.282459</timestamp>
			</report>
			<report>
				<misses>729600000</misses>
				<total>0</total>
				<timestamp>6275.138883</timestamp>
			</report>
			<report>
				<misses>729700000</misses>
				<total>0</total>
				<timestamp>6276.021407</timestamp>
			</report>
			<report>
				<misses>729800000</misses>
				<total>0</total>
				<timestamp>6276.828140</timestamp>
			</report>
			<report>
				<misses>729900000</misses>
				<total>0</total>
				<timestamp>6277.662169</timestamp>
			</report>
			<report>
				<misses>730000000</misses>
				<total>0</total>
				<timestamp>6278.478512</timestamp>
			</report>
			<report>
				<misses>730100000</misses>
				<total>0</total>
				<timestamp>6279.297939</timestamp>
			</report>
			<report>
				<misses>730200000</misses>
				<total>0</total>
				<timestamp>6280.126201</timestamp>
			</report>
			<report>
				<misses>730300000</misses>
				<total>0</total>
				<timestamp>6280.929103</timestamp>
			</report>
			<report>
				<misses>730400000</misses>
				<total>0</total>
				<timestamp>6281.838869</timestamp>
			</report>
			<report>
				<misses>730500000</misses>
				<total>0</total>
				<timestamp>6282.734458</timestamp>
			</report>
			<report>
				<misses>730600000</misses>
				<total>0</total>
				<timestamp>6283.585606</timestamp>
			</report>
			<report>
				<misses>730700000</misses>
				<total>0</total>
				<timestamp>6284.442379</timestamp>
			</report>
			<report>
				<misses>730800000</misses>
				<total>0</total>
				<timestamp>6285.377202</timestamp>
			</report>
			<report>
				<misses>730900000</misses>
				<total>0</total>
				<timestamp>6286.285165</timestamp>
			</report>
			<report>
				<misses>731000000</misses>
				<total>0</total>
				<timestamp>6287.176168</timestamp>
			</report>
			<report>
				<misses>731100000</misses>
				<total>0</total>
				<timestamp>6288.013609</timestamp>
			</report>
			<report>
				<misses>731200000</misses>
				<total>0</total>
				<timestamp>6288.848647</timestamp>
			</report>
			<report>
				<misses>731300000</misses>
				<total>0</total>
				<timestamp>6289.730382</timestamp>
			</report>
			<report>
				<misses>731400000</misses>
				<total>0</total>
				<timestamp>6290.593893</timestamp>
			</report>
			<report>
				<misses>731500000</misses>
				<total>0</total>
				<timestamp>6291.479141</timestamp>
			</report>
			<report>
				<misses>731600000</misses>
				<total>0</total>
				<timestamp>6292.381638</timestamp>
			</report>
			<report>
				<misses>731700000</misses>
				<total>0</total>
				<timestamp>6293.305508</timestamp>
			</report>
			<report>
				<misses>731800000</misses>
				<total>0</total>
				<timestamp>6294.199102</timestamp>
			</report>
			<report>
				<misses>731900000</misses>
				<total>0</total>
				<timestamp>6295.108959</timestamp>
			</report>
			<report>
				<misses>732000000</misses>
				<total>0</total>
				<timestamp>6295.982525</timestamp>
			</report>
			<report>
				<misses>732100000</misses>
				<total>0</total>
				<timestamp>6296.847302</timestamp>
			</report>
			<report>
				<misses>732200000</misses>
				<total>0</total>
				<timestamp>6297.772486</timestamp>
			</report>
			<report>
				<misses>732300000</misses>
				<total>0</total>
				<timestamp>6298.593388</timestamp>
			</report>
			<report>
				<misses>732400000</misses>
				<total>0</total>
				<timestamp>6299.521952</timestamp>
			</report>
			<report>
				<misses>732500000</misses>
				<total>0</total>
				<timestamp>6300.402269</timestamp>
			</report>
			<report>
				<misses>732600000</misses>
				<total>0</total>
				<timestamp>6301.298563</timestamp>
			</report>
			<report>
				<misses>732700000</misses>
				<total>0</total>
				<timestamp>6302.187244</timestamp>
			</report>
			<report>
				<misses>732800000</misses>
				<total>0</total>
				<timestamp>6303.072393</timestamp>
			</report>
			<report>
				<misses>732900000</misses>
				<total>0</total>
				<timestamp>6303.918982</timestamp>
			</report>
			<report>
				<misses>733000000</misses>
				<total>0</total>
				<timestamp>6304.738705</timestamp>
			</report>
			<report>
				<misses>733100000</misses>
				<total>0</total>
				<timestamp>6305.535932</timestamp>
			</report>
			<report>
				<misses>733200000</misses>
				<total>0</total>
				<timestamp>6306.362873</timestamp>
			</report>
			<report>
				<misses>733300000</misses>
				<total>0</total>
				<timestamp>6307.204055</timestamp>
			</report>
			<report>
				<misses>733400000</misses>
				<total>0</total>
				<timestamp>6308.154106</timestamp>
			</report>
			<report>
				<misses>733500000</misses>
				<total>0</total>
				<timestamp>6309.039410</timestamp>
			</report>
			<report>
				<misses>733600000</misses>
				<total>0</total>
				<timestamp>6309.982952</timestamp>
			</report>
			<report>
				<misses>733700000</misses>
				<total>0</total>
				<timestamp>6310.828730</timestamp>
			</report>
			<report>
				<misses>733800000</misses>
				<total>0</total>
				<timestamp>6311.710498</timestamp>
			</report>
			<report>
				<misses>733900000</misses>
				<total>0</total>
				<timestamp>6312.581206</timestamp>
			</report>
			<report>
				<misses>734000000</misses>
				<total>0</total>
				<timestamp>6313.465208</timestamp>
			</report>
			<report>
				<misses>734100000</misses>
				<total>0</total>
				<timestamp>6314.359626</timestamp>
			</report>
			<report>
				<misses>734200000</misses>
				<total>0</total>
				<timestamp>6315.256593</timestamp>
			</report>
			<report>
				<misses>734300000</misses>
				<total>0</total>
				<timestamp>6316.167470</timestamp>
			</report>
			<report>
				<misses>734400000</misses>
				<total>0</total>
				<timestamp>6317.090189</timestamp>
			</report>
			<report>
				<misses>734500000</misses>
				<total>0</total>
				<timestamp>6317.948394</timestamp>
			</report>
			<report>
				<misses>734600000</misses>
				<total>0</total>
				<timestamp>6318.835461</timestamp>
			</report>
			<report>
				<misses>734700000</misses>
				<total>0</total>
				<timestamp>6319.646689</timestamp>
			</report>
			<report>
				<misses>734800000</misses>
				<total>0</total>
				<timestamp>6320.447115</timestamp>
			</report>
			<report>
				<misses>734900000</misses>
				<total>0</total>
				<timestamp>6321.257800</timestamp>
			</report>
			<report>
				<misses>735000000</misses>
				<total>0</total>
				<timestamp>6322.066791</timestamp>
			</report>
			<report>
				<misses>735100000</misses>
				<total>0</total>
				<timestamp>6322.875146</timestamp>
			</report>
			<report>
				<misses>735200000</misses>
				<total>0</total>
				<timestamp>6323.686123</timestamp>
			</report>
			<report>
				<misses>735300000</misses>
				<total>0</total>
				<timestamp>6324.571661</timestamp>
			</report>
			<report>
				<misses>735400000</misses>
				<total>0</total>
				<timestamp>6325.430845</timestamp>
			</report>
			<report>
				<misses>735500000</misses>
				<total>0</total>
				<timestamp>6326.274751</timestamp>
			</report>
			<report>
				<misses>735600000</misses>
				<total>0</total>
				<timestamp>6327.152629</timestamp>
			</report>
			<report>
				<misses>735700000</misses>
				<total>0</total>
				<timestamp>6328.018431</timestamp>
			</report>
			<report>
				<misses>735800000</misses>
				<total>0</total>
				<timestamp>6328.889431</timestamp>
			</report>
			<report>
				<misses>735900000</misses>
				<total>0</total>
				<timestamp>6329.785928</timestamp>
			</report>
			<report>
				<misses>736000000</misses>
				<total>0</total>
				<timestamp>6330.673846</timestamp>
			</report>
			<report>
				<misses>736100000</misses>
				<total>0</total>
				<timestamp>6331.564798</timestamp>
			</report>
			<report>
				<misses>736200000</misses>
				<total>0</total>
				<timestamp>6332.425479</timestamp>
			</report>
			<report>
				<misses>736300000</misses>
				<total>0</total>
				<timestamp>6333.306095</timestamp>
			</report>
			<report>
				<misses>736400000</misses>
				<total>0</total>
				<timestamp>6334.202975</timestamp>
			</report>
			<report>
				<misses>736500000</misses>
				<total>0</total>
				<timestamp>6335.103881</timestamp>
			</report>
			<report>
				<misses>736600000</misses>
				<total>0</total>
				<timestamp>6335.996399</timestamp>
			</report>
			<report>
				<misses>736700000</misses>
				<total>0</total>
				<timestamp>6336.888781</timestamp>
			</report>
			<report>
				<misses>736800000</misses>
				<total>0</total>
				<timestamp>6337.767732</timestamp>
			</report>
			<report>
				<misses>736900000</misses>
				<total>0</total>
				<timestamp>6338.578961</timestamp>
			</report>
			<report>
				<misses>737000000</misses>
				<total>0</total>
				<timestamp>6339.375371</timestamp>
			</report>
			<report>
				<misses>737100000</misses>
				<total>0</total>
				<timestamp>6340.212713</timestamp>
			</report>
			<report>
				<misses>737200000</misses>
				<total>0</total>
				<timestamp>6341.077863</timestamp>
			</report>
			<report>
				<misses>737300000</misses>
				<total>0</total>
				<timestamp>6341.899614</timestamp>
			</report>
			<report>
				<misses>737400000</misses>
				<total>0</total>
				<timestamp>6342.718783</timestamp>
			</report>
			<report>
				<misses>737500000</misses>
				<total>0</total>
				<timestamp>6343.536384</timestamp>
			</report>
			<report>
				<misses>737600000</misses>
				<total>0</total>
				<timestamp>6344.407955</timestamp>
			</report>
			<report>
				<misses>737700000</misses>
				<total>0</total>
				<timestamp>6345.269453</timestamp>
			</report>
			<report>
				<misses>737800000</misses>
				<total>0</total>
				<timestamp>6346.168918</timestamp>
			</report>
			<report>
				<misses>737900000</misses>
				<total>0</total>
				<timestamp>6347.023530</timestamp>
			</report>
			<report>
				<misses>738000000</misses>
				<total>0</total>
				<timestamp>6347.862125</timestamp>
			</report>
			<report>
				<misses>738100000</misses>
				<total>0</total>
				<timestamp>6348.723338</timestamp>
			</report>
			<report>
				<misses>738200000</misses>
				<total>0</total>
				<timestamp>6349.598947</timestamp>
			</report>
			<report>
				<misses>738300000</misses>
				<total>0</total>
				<timestamp>6350.483666</timestamp>
			</report>
			<report>
				<misses>738400000</misses>
				<total>0</total>
				<timestamp>6351.411718</timestamp>
			</report>
			<report>
				<misses>738500000</misses>
				<total>0</total>
				<timestamp>6352.296198</timestamp>
			</report>
			<report>
				<misses>738600000</misses>
				<total>0</total>
				<timestamp>6353.165360</timestamp>
			</report>
			<report>
				<misses>738700000</misses>
				<total>0</total>
				<timestamp>6354.061442</timestamp>
			</report>
			<report>
				<misses>738800000</misses>
				<total>0</total>
				<timestamp>6354.900616</timestamp>
			</report>
			<report>
				<misses>738900000</misses>
				<total>0</total>
				<timestamp>6355.717513</timestamp>
			</report>
			<report>
				<misses>739000000</misses>
				<total>0</total>
				<timestamp>6356.572615</timestamp>
			</report>
			<report>
				<misses>739100000</misses>
				<total>0</total>
				<timestamp>6357.477120</timestamp>
			</report>
			<report>
				<misses>739200000</misses>
				<total>0</total>
				<timestamp>6358.366496</timestamp>
			</report>
			<report>
				<misses>739300000</misses>
				<total>0</total>
				<timestamp>6359.271240</timestamp>
			</report>
			<report>
				<misses>739400000</misses>
				<total>0</total>
				<timestamp>6360.138933</timestamp>
			</report>
			<report>
				<misses>739500000</misses>
				<total>0</total>
				<timestamp>6361.007235</timestamp>
			</report>
			<report>
				<misses>739600000</misses>
				<total>0</total>
				<timestamp>6361.833719</timestamp>
			</report>
			<report>
				<misses>739700000</misses>
				<total>0</total>
				<timestamp>6362.610078</timestamp>
			</report>
			<report>
				<misses>739800000</misses>
				<total>0</total>
				<timestamp>6363.399189</timestamp>
			</report>
			<report>
				<misses>739900000</misses>
				<total>0</total>
				<timestamp>6364.205232</timestamp>
			</report>
			<report>
				<misses>740000000</misses>
				<total>0</total>
				<timestamp>6365.002601</timestamp>
			</report>
			<report>
				<misses>740100000</misses>
				<total>0</total>
				<timestamp>6365.819963</timestamp>
			</report>
			<report>
				<misses>740200000</misses>
				<total>0</total>
				<timestamp>6366.658278</timestamp>
			</report>
			<report>
				<misses>740300000</misses>
				<total>0</total>
				<timestamp>6367.534754</timestamp>
			</report>
			<report>
				<misses>740400000</misses>
				<total>0</total>
				<timestamp>6368.420372</timestamp>
			</report>
			<report>
				<misses>740500000</misses>
				<total>0</total>
				<timestamp>6369.286890</timestamp>
			</report>
			<report>
				<misses>740600000</misses>
				<total>0</total>
				<timestamp>6370.140142</timestamp>
			</report>
			<report>
				<misses>740700000</misses>
				<total>0</total>
				<timestamp>6371.028926</timestamp>
			</report>
			<report>
				<misses>740800000</misses>
				<total>0</total>
				<timestamp>6371.885824</timestamp>
			</report>
			<report>
				<misses>740900000</misses>
				<total>0</total>
				<timestamp>6372.728247</timestamp>
			</report>
			<report>
				<misses>741000000</misses>
				<total>0</total>
				<timestamp>6373.568828</timestamp>
			</report>
			<report>
				<misses>741100000</misses>
				<total>0</total>
				<timestamp>6374.376964</timestamp>
			</report>
			<report>
				<misses>741200000</misses>
				<total>0</total>
				<timestamp>6375.219879</timestamp>
			</report>
			<report>
				<misses>741300000</misses>
				<total>0</total>
				<timestamp>6376.087455</timestamp>
			</report>
			<report>
				<misses>741400000</misses>
				<total>0</total>
				<timestamp>6376.915387</timestamp>
			</report>
			<report>
				<misses>741500000</misses>
				<total>0</total>
				<timestamp>6377.826137</timestamp>
			</report>
			<report>
				<misses>741600000</misses>
				<total>0</total>
				<timestamp>6378.666369</timestamp>
			</report>
			<report>
				<misses>741700000</misses>
				<total>0</total>
				<timestamp>6379.495852</timestamp>
			</report>
			<report>
				<misses>741800000</misses>
				<total>0</total>
				<timestamp>6380.377757</timestamp>
			</report>
			<report>
				<misses>741900000</misses>
				<total>0</total>
				<timestamp>6381.221651</timestamp>
			</report>
			<report>
				<misses>742000000</misses>
				<total>0</total>
				<timestamp>6382.125705</timestamp>
			</report>
			<report>
				<misses>742100000</misses>
				<total>0</total>
				<timestamp>6383.020922</timestamp>
			</report>
			<report>
				<misses>742200000</misses>
				<total>0</total>
				<timestamp>6383.878684</timestamp>
			</report>
			<report>
				<misses>742300000</misses>
				<total>0</total>
				<timestamp>6384.762830</timestamp>
			</report>
			<report>
				<misses>742400000</misses>
				<total>0</total>
				<timestamp>6385.609054</timestamp>
			</report>
			<report>
				<misses>742500000</misses>
				<total>0</total>
				<timestamp>6386.479053</timestamp>
			</report>
			<report>
				<misses>742600000</misses>
				<total>0</total>
				<timestamp>6387.328725</timestamp>
			</report>
			<report>
				<misses>742700000</misses>
				<total>0</total>
				<timestamp>6388.152194</timestamp>
			</report>
			<report>
				<misses>742800000</misses>
				<total>0</total>
				<timestamp>6388.997801</timestamp>
			</report>
			<report>
				<misses>742900000</misses>
				<total>0</total>
				<timestamp>6389.850512</timestamp>
			</report>
			<report>
				<misses>743000000</misses>
				<total>0</total>
				<timestamp>6390.651085</timestamp>
			</report>
			<report>
				<misses>743100000</misses>
				<total>0</total>
				<timestamp>6391.483098</timestamp>
			</report>
			<report>
				<misses>743200000</misses>
				<total>0</total>
				<timestamp>6392.336929</timestamp>
			</report>
			<report>
				<misses>743300000</misses>
				<total>0</total>
				<timestamp>6393.207657</timestamp>
			</report>
			<report>
				<misses>743400000</misses>
				<total>0</total>
				<timestamp>6394.039136</timestamp>
			</report>
			<report>
				<misses>743500000</misses>
				<total>0</total>
				<timestamp>6394.915673</timestamp>
			</report>
			<report>
				<misses>743600000</misses>
				<total>0</total>
				<timestamp>6395.777755</timestamp>
			</report>
			<report>
				<misses>743700000</misses>
				<total>0</total>
				<timestamp>6396.632960</timestamp>
			</report>
			<report>
				<misses>743800000</misses>
				<total>0</total>
				<timestamp>6397.573713</timestamp>
			</report>
			<report>
				<misses>743900000</misses>
				<total>0</total>
				<timestamp>6398.399678</timestamp>
			</report>
			<report>
				<misses>744000000</misses>
				<total>0</total>
				<timestamp>6399.284990</timestamp>
			</report>
			<report>
				<misses>744100000</misses>
				<total>0</total>
				<timestamp>6400.090893</timestamp>
			</report>
			<report>
				<misses>744200000</misses>
				<total>0</total>
				<timestamp>6400.929630</timestamp>
			</report>
			<report>
				<misses>744300000</misses>
				<total>0</total>
				<timestamp>6401.775143</timestamp>
			</report>
			<report>
				<misses>744400000</misses>
				<total>0</total>
				<timestamp>6402.584092</timestamp>
			</report>
			<report>
				<misses>744500000</misses>
				<total>0</total>
				<timestamp>6403.453856</timestamp>
			</report>
			<report>
				<misses>744600000</misses>
				<total>0</total>
				<timestamp>6404.271449</timestamp>
			</report>
			<report>
				<misses>744700000</misses>
				<total>0</total>
				<timestamp>6405.120441</timestamp>
			</report>
			<report>
				<misses>744800000</misses>
				<total>0</total>
				<timestamp>6406.043548</timestamp>
			</report>
			<report>
				<misses>744900000</misses>
				<total>0</total>
				<timestamp>6406.840619</timestamp>
			</report>
			<report>
				<misses>745000000</misses>
				<total>0</total>
				<timestamp>6407.630439</timestamp>
			</report>
			<report>
				<misses>745100000</misses>
				<total>0</total>
				<timestamp>6408.490321</timestamp>
			</report>
			<report>
				<misses>745200000</misses>
				<total>0</total>
				<timestamp>6409.324273</timestamp>
			</report>
			<report>
				<misses>745300000</misses>
				<total>0</total>
				<timestamp>6410.120860</timestamp>
			</report>
			<report>
				<misses>745400000</misses>
				<total>0</total>
				<timestamp>6411.001944</timestamp>
			</report>
			<report>
				<misses>745500000</misses>
				<total>0</total>
				<timestamp>6411.845493</timestamp>
			</report>
			<report>
				<misses>745600000</misses>
				<total>0</total>
				<timestamp>6412.728929</timestamp>
			</report>
			<report>
				<misses>745700000</misses>
				<total>0</total>
				<timestamp>6413.604014</timestamp>
			</report>
			<report>
				<misses>745800000</misses>
				<total>0</total>
				<timestamp>6414.470322</timestamp>
			</report>
			<report>
				<misses>745900000</misses>
				<total>0</total>
				<timestamp>6415.343101</timestamp>
			</report>
			<report>
				<misses>746000000</misses>
				<total>0</total>
				<timestamp>6416.189938</timestamp>
			</report>
			<report>
				<misses>746100000</misses>
				<total>0</total>
				<timestamp>6417.001224</timestamp>
			</report>
			<report>
				<misses>746200000</misses>
				<total>0</total>
				<timestamp>6417.834025</timestamp>
			</report>
			<report>
				<misses>746300000</misses>
				<total>0</total>
				<timestamp>6418.729357</timestamp>
			</report>
			<report>
				<misses>746400000</misses>
				<total>0</total>
				<timestamp>6419.615200</timestamp>
			</report>
			<report>
				<misses>746500000</misses>
				<total>0</total>
				<timestamp>6420.491604</timestamp>
			</report>
			<report>
				<misses>746600000</misses>
				<total>0</total>
				<timestamp>6421.361179</timestamp>
			</report>
			<report>
				<misses>746700000</misses>
				<total>0</total>
				<timestamp>6422.222485</timestamp>
			</report>
			<report>
				<misses>746800000</misses>
				<total>0</total>
				<timestamp>6423.044077</timestamp>
			</report>
			<report>
				<misses>746900000</misses>
				<total>0</total>
				<timestamp>6423.915922</timestamp>
			</report>
			<report>
				<misses>747000000</misses>
				<total>0</total>
				<timestamp>6424.715457</timestamp>
			</report>
			<report>
				<misses>747100000</misses>
				<total>0</total>
				<timestamp>6425.519811</timestamp>
			</report>
			<report>
				<misses>747200000</misses>
				<total>0</total>
				<timestamp>6426.401113</timestamp>
			</report>
			<report>
				<misses>747300000</misses>
				<total>0</total>
				<timestamp>6427.214607</timestamp>
			</report>
			<report>
				<misses>747400000</misses>
				<total>0</total>
				<timestamp>6428.077502</timestamp>
			</report>
			<report>
				<misses>747500000</misses>
				<total>0</total>
				<timestamp>6428.935714</timestamp>
			</report>
			<report>
				<misses>747600000</misses>
				<total>0</total>
				<timestamp>6429.838284</timestamp>
			</report>
			<report>
				<misses>747700000</misses>
				<total>0</total>
				<timestamp>6430.732208</timestamp>
			</report>
			<report>
				<misses>747800000</misses>
				<total>0</total>
				<timestamp>6431.576749</timestamp>
			</report>
			<report>
				<misses>747900000</misses>
				<total>0</total>
				<timestamp>6432.484359</timestamp>
			</report>
			<report>
				<misses>748000000</misses>
				<total>0</total>
				<timestamp>6433.362836</timestamp>
			</report>
			<report>
				<misses>748100000</misses>
				<total>0</total>
				<timestamp>6434.269914</timestamp>
			</report>
			<report>
				<misses>748200000</misses>
				<total>0</total>
				<timestamp>6435.101358</timestamp>
			</report>
			<report>
				<misses>748300000</misses>
				<total>0</total>
				<timestamp>6435.999896</timestamp>
			</report>
			<report>
				<misses>748400000</misses>
				<total>0</total>
				<timestamp>6436.849539</timestamp>
			</report>
			<report>
				<misses>748500000</misses>
				<total>0</total>
				<timestamp>6437.732792</timestamp>
			</report>
			<report>
				<misses>748600000</misses>
				<total>0</total>
				<timestamp>6438.566542</timestamp>
			</report>
			<report>
				<misses>748700000</misses>
				<total>0</total>
				<timestamp>6439.413828</timestamp>
			</report>
			<report>
				<misses>748800000</misses>
				<total>0</total>
				<timestamp>6440.285809</timestamp>
			</report>
			<report>
				<misses>748900000</misses>
				<total>0</total>
				<timestamp>6441.152148</timestamp>
			</report>
			<report>
				<misses>749000000</misses>
				<total>0</total>
				<timestamp>6441.979986</timestamp>
			</report>
			<report>
				<misses>749100000</misses>
				<total>0</total>
				<timestamp>6442.754233</timestamp>
			</report>
			<report>
				<misses>749200000</misses>
				<total>0</total>
				<timestamp>6443.588006</timestamp>
			</report>
			<report>
				<misses>749300000</misses>
				<total>0</total>
				<timestamp>6444.384963</timestamp>
			</report>
			<report>
				<misses>749400000</misses>
				<total>0</total>
				<timestamp>6445.216704</timestamp>
			</report>
			<report>
				<misses>749500000</misses>
				<total>0</total>
				<timestamp>6446.085936</timestamp>
			</report>
			<report>
				<misses>749600000</misses>
				<total>0</total>
				<timestamp>6446.914975</timestamp>
			</report>
			<report>
				<misses>749700000</misses>
				<total>0</total>
				<timestamp>6447.812110</timestamp>
			</report>
			<report>
				<misses>749800000</misses>
				<total>0</total>
				<timestamp>6448.671594</timestamp>
			</report>
			<report>
				<misses>749900000</misses>
				<total>0</total>
				<timestamp>6449.534793</timestamp>
			</report>
			<report>
				<misses>750000000</misses>
				<total>0</total>
				<timestamp>6450.419840</timestamp>
			</report>
			<report>
				<misses>750100000</misses>
				<total>0</total>
				<timestamp>6451.304274</timestamp>
			</report>
			<report>
				<misses>750200000</misses>
				<total>0</total>
				<timestamp>6452.137159</timestamp>
			</report>
			<report>
				<misses>750300000</misses>
				<total>0</total>
				<timestamp>6452.998054</timestamp>
			</report>
			<report>
				<misses>750400000</misses>
				<total>0</total>
				<timestamp>6453.897372</timestamp>
			</report>
			<report>
				<misses>750500000</misses>
				<total>0</total>
				<timestamp>6454.771340</timestamp>
			</report>
			<report>
				<misses>750600000</misses>
				<total>0</total>
				<timestamp>6455.666876</timestamp>
			</report>
			<report>
				<misses>750700000</misses>
				<total>0</total>
				<timestamp>6456.562451</timestamp>
			</report>
			<report>
				<misses>750800000</misses>
				<total>0</total>
				<timestamp>6457.379867</timestamp>
			</report>
			<report>
				<misses>750900000</misses>
				<total>0</total>
				<timestamp>6458.263424</timestamp>
			</report>
			<report>
				<misses>751000000</misses>
				<total>0</total>
				<timestamp>6459.180212</timestamp>
			</report>
			<report>
				<misses>751100000</misses>
				<total>0</total>
				<timestamp>6460.005963</timestamp>
			</report>
			<report>
				<misses>751200000</misses>
				<total>0</total>
				<timestamp>6460.889754</timestamp>
			</report>
			<report>
				<misses>751300000</misses>
				<total>0</total>
				<timestamp>6461.798040</timestamp>
			</report>
			<report>
				<misses>751400000</misses>
				<total>0</total>
				<timestamp>6462.634529</timestamp>
			</report>
			<report>
				<misses>751500000</misses>
				<total>0</total>
				<timestamp>6463.520391</timestamp>
			</report>
			<report>
				<misses>751600000</misses>
				<total>0</total>
				<timestamp>6464.391412</timestamp>
			</report>
			<report>
				<misses>751700000</misses>
				<total>0</total>
				<timestamp>6465.252045</timestamp>
			</report>
			<report>
				<misses>751800000</misses>
				<total>0</total>
				<timestamp>6466.147764</timestamp>
			</report>
			<report>
				<misses>751900000</misses>
				<total>0</total>
				<timestamp>6467.038784</timestamp>
			</report>
			<report>
				<misses>752000000</misses>
				<total>0</total>
				<timestamp>6467.927456</timestamp>
			</report>
			<report>
				<misses>752100000</misses>
				<total>0</total>
				<timestamp>6468.802427</timestamp>
			</report>
			<report>
				<misses>752200000</misses>
				<total>0</total>
				<timestamp>6469.681049</timestamp>
			</report>
			<report>
				<misses>752300000</misses>
				<total>0</total>
				<timestamp>6470.572533</timestamp>
			</report>
			<report>
				<misses>752400000</misses>
				<total>0</total>
				<timestamp>6471.402113</timestamp>
			</report>
			<report>
				<misses>752500000</misses>
				<total>0</total>
				<timestamp>6472.351966</timestamp>
			</report>
			<report>
				<misses>752600000</misses>
				<total>0</total>
				<timestamp>6473.246704</timestamp>
			</report>
			<report>
				<misses>752700000</misses>
				<total>0</total>
				<timestamp>6474.115198</timestamp>
			</report>
			<report>
				<misses>752800000</misses>
				<total>0</total>
				<timestamp>6475.018165</timestamp>
			</report>
			<report>
				<misses>752900000</misses>
				<total>0</total>
				<timestamp>6475.841098</timestamp>
			</report>
			<report>
				<misses>753000000</misses>
				<total>0</total>
				<timestamp>6476.749314</timestamp>
			</report>
			<report>
				<misses>753100000</misses>
				<total>0</total>
				<timestamp>6477.589217</timestamp>
			</report>
			<report>
				<misses>753200000</misses>
				<total>0</total>
				<timestamp>6478.540294</timestamp>
			</report>
			<report>
				<misses>753300000</misses>
				<total>0</total>
				<timestamp>6479.445314</timestamp>
			</report>
			<report>
				<misses>753400000</misses>
				<total>0</total>
				<timestamp>6480.304785</timestamp>
			</report>
			<report>
				<misses>753500000</misses>
				<total>0</total>
				<timestamp>6481.215585</timestamp>
			</report>
			<report>
				<misses>753600000</misses>
				<total>0</total>
				<timestamp>6482.132264</timestamp>
			</report>
			<report>
				<misses>753700000</misses>
				<total>0</total>
				<timestamp>6483.052488</timestamp>
			</report>
			<report>
				<misses>753800000</misses>
				<total>0</total>
				<timestamp>6483.967892</timestamp>
			</report>
			<report>
				<misses>753900000</misses>
				<total>0</total>
				<timestamp>6484.899692</timestamp>
			</report>
			<report>
				<misses>754000000</misses>
				<total>0</total>
				<timestamp>6485.851949</timestamp>
			</report>
			<report>
				<misses>754100000</misses>
				<total>0</total>
				<timestamp>6486.753968</timestamp>
			</report>
			<report>
				<misses>754200000</misses>
				<total>0</total>
				<timestamp>6487.665411</timestamp>
			</report>
			<report>
				<misses>754300000</misses>
				<total>0</total>
				<timestamp>6488.605963</timestamp>
			</report>
			<report>
				<misses>754400000</misses>
				<total>0</total>
				<timestamp>6489.555385</timestamp>
			</report>
			<report>
				<misses>754500000</misses>
				<total>0</total>
				<timestamp>6490.425417</timestamp>
			</report>
			<report>
				<misses>754600000</misses>
				<total>0</total>
				<timestamp>6491.369707</timestamp>
			</report>
			<report>
				<misses>754700000</misses>
				<total>0</total>
				<timestamp>6492.242220</timestamp>
			</report>
			<report>
				<misses>754800000</misses>
				<total>0</total>
				<timestamp>6493.103272</timestamp>
			</report>
			<report>
				<misses>754900000</misses>
				<total>0</total>
				<timestamp>6493.975500</timestamp>
			</report>
			<report>
				<misses>755000000</misses>
				<total>0</total>
				<timestamp>6494.889352</timestamp>
			</report>
			<report>
				<misses>755100000</misses>
				<total>0</total>
				<timestamp>6495.673045</timestamp>
			</report>
			<report>
				<misses>755200000</misses>
				<total>0</total>
				<timestamp>6496.537768</timestamp>
			</report>
			<report>
				<misses>755300000</misses>
				<total>0</total>
				<timestamp>6497.431273</timestamp>
			</report>
			<report>
				<misses>755400000</misses>
				<total>0</total>
				<timestamp>6498.272985</timestamp>
			</report>
			<report>
				<misses>755500000</misses>
				<total>0</total>
				<timestamp>6499.105262</timestamp>
			</report>
			<report>
				<misses>755600000</misses>
				<total>0</total>
				<timestamp>6500.003716</timestamp>
			</report>
			<report>
				<misses>755700000</misses>
				<total>0</total>
				<timestamp>6500.915493</timestamp>
			</report>
			<report>
				<misses>755800000</misses>
				<total>0</total>
				<timestamp>6501.848162</timestamp>
			</report>
			<report>
				<misses>755900000</misses>
				<total>0</total>
				<timestamp>6502.735561</timestamp>
			</report>
			<report>
				<misses>756000000</misses>
				<total>0</total>
				<timestamp>6503.600349</timestamp>
			</report>
			<report>
				<misses>756100000</misses>
				<total>0</total>
				<timestamp>6504.506358</timestamp>
			</report>
			<report>
				<misses>756200000</misses>
				<total>0</total>
				<timestamp>6505.449123</timestamp>
			</report>
			<report>
				<misses>756300000</misses>
				<total>0</total>
				<timestamp>6506.282734</timestamp>
			</report>
			<report>
				<misses>756400000</misses>
				<total>0</total>
				<timestamp>6507.126382</timestamp>
			</report>
			<report>
				<misses>756500000</misses>
				<total>0</total>
				<timestamp>6507.961964</timestamp>
			</report>
			<report>
				<misses>756600000</misses>
				<total>0</total>
				<timestamp>6508.844552</timestamp>
			</report>
			<report>
				<misses>756700000</misses>
				<total>0</total>
				<timestamp>6509.729145</timestamp>
			</report>
			<report>
				<misses>756800000</misses>
				<total>0</total>
				<timestamp>6510.596056</timestamp>
			</report>
			<report>
				<misses>756900000</misses>
				<total>0</total>
				<timestamp>6511.472192</timestamp>
			</report>
			<report>
				<misses>757000000</misses>
				<total>0</total>
				<timestamp>6512.265913</timestamp>
			</report>
			<report>
				<misses>757100000</misses>
				<total>0</total>
				<timestamp>6513.068403</timestamp>
			</report>
			<report>
				<misses>757200000</misses>
				<total>0</total>
				<timestamp>6513.997779</timestamp>
			</report>
			<report>
				<misses>757300000</misses>
				<total>0</total>
				<timestamp>6514.853502</timestamp>
			</report>
			<report>
				<misses>757400000</misses>
				<total>0</total>
				<timestamp>6515.668592</timestamp>
			</report>
			<report>
				<misses>757500000</misses>
				<total>0</total>
				<timestamp>6516.462091</timestamp>
			</report>
			<report>
				<misses>757600000</misses>
				<total>0</total>
				<timestamp>6517.288722</timestamp>
			</report>
			<report>
				<misses>757700000</misses>
				<total>0</total>
				<timestamp>6518.190293</timestamp>
			</report>
			<report>
				<misses>757800000</misses>
				<total>0</total>
				<timestamp>6519.108867</timestamp>
			</report>
			<report>
				<misses>757900000</misses>
				<total>0</total>
				<timestamp>6519.999319</timestamp>
			</report>
			<report>
				<misses>758000000</misses>
				<total>0</total>
				<timestamp>6520.866072</timestamp>
			</report>
			<report>
				<misses>758100000</misses>
				<total>0</total>
				<timestamp>6521.729365</timestamp>
			</report>
			<report>
				<misses>758200000</misses>
				<total>0</total>
				<timestamp>6522.645947</timestamp>
			</report>
			<report>
				<misses>758300000</misses>
				<total>0</total>
				<timestamp>6523.524870</timestamp>
			</report>
			<report>
				<misses>758400000</misses>
				<total>0</total>
				<timestamp>6524.383082</timestamp>
			</report>
			<report>
				<misses>758500000</misses>
				<total>0</total>
				<timestamp>6525.259434</timestamp>
			</report>
			<report>
				<misses>758600000</misses>
				<total>0</total>
				<timestamp>6526.149572</timestamp>
			</report>
			<report>
				<misses>758700000</misses>
				<total>0</total>
				<timestamp>6527.041345</timestamp>
			</report>
			<report>
				<misses>758800000</misses>
				<total>0</total>
				<timestamp>6527.903017</timestamp>
			</report>
			<report>
				<misses>758900000</misses>
				<total>0</total>
				<timestamp>6528.781610</timestamp>
			</report>
			<report>
				<misses>759000000</misses>
				<total>0</total>
				<timestamp>6529.627159</timestamp>
			</report>
			<report>
				<misses>759100000</misses>
				<total>0</total>
				<timestamp>6530.496112</timestamp>
			</report>
			<report>
				<misses>759200000</misses>
				<total>0</total>
				<timestamp>6531.322654</timestamp>
			</report>
			<report>
				<misses>759300000</misses>
				<total>0</total>
				<timestamp>6532.220067</timestamp>
			</report>
			<report>
				<misses>759400000</misses>
				<total>0</total>
				<timestamp>6533.029517</timestamp>
			</report>
			<report>
				<misses>759500000</misses>
				<total>0</total>
				<timestamp>6533.956341</timestamp>
			</report>
			<report>
				<misses>759600000</misses>
				<total>0</total>
				<timestamp>6534.777413</timestamp>
			</report>
			<report>
				<misses>759700000</misses>
				<total>0</total>
				<timestamp>6535.683658</timestamp>
			</report>
			<report>
				<misses>759800000</misses>
				<total>0</total>
				<timestamp>6536.524645</timestamp>
			</report>
			<report>
				<misses>759900000</misses>
				<total>0</total>
				<timestamp>6537.356184</timestamp>
			</report>
			<report>
				<misses>760000000</misses>
				<total>0</total>
				<timestamp>6538.134950</timestamp>
			</report>
			<report>
				<misses>760100000</misses>
				<total>0</total>
				<timestamp>6538.921069</timestamp>
			</report>
			<report>
				<misses>760200000</misses>
				<total>0</total>
				<timestamp>6539.732763</timestamp>
			</report>
			<report>
				<misses>760300000</misses>
				<total>0</total>
				<timestamp>6540.593775</timestamp>
			</report>
			<report>
				<misses>760400000</misses>
				<total>0</total>
				<timestamp>6541.404851</timestamp>
			</report>
			<report>
				<misses>760500000</misses>
				<total>0</total>
				<timestamp>6542.205945</timestamp>
			</report>
			<report>
				<misses>760600000</misses>
				<total>0</total>
				<timestamp>6543.099760</timestamp>
			</report>
			<report>
				<misses>760700000</misses>
				<total>0</total>
				<timestamp>6543.982080</timestamp>
			</report>
			<report>
				<misses>760800000</misses>
				<total>0</total>
				<timestamp>6544.846117</timestamp>
			</report>
			<report>
				<misses>760900000</misses>
				<total>0</total>
				<timestamp>6545.686157</timestamp>
			</report>
			<report>
				<misses>761000000</misses>
				<total>0</total>
				<timestamp>6546.560997</timestamp>
			</report>
			<report>
				<misses>761100000</misses>
				<total>0</total>
				<timestamp>6547.378615</timestamp>
			</report>
			<report>
				<misses>761200000</misses>
				<total>0</total>
				<timestamp>6548.274544</timestamp>
			</report>
			<report>
				<misses>761300000</misses>
				<total>0</total>
				<timestamp>6549.120477</timestamp>
			</report>
			<report>
				<misses>761400000</misses>
				<total>0</total>
				<timestamp>6549.956566</timestamp>
			</report>
			<report>
				<misses>761500000</misses>
				<total>0</total>
				<timestamp>6550.802890</timestamp>
			</report>
			<report>
				<misses>761600000</misses>
				<total>0</total>
				<timestamp>6551.683818</timestamp>
			</report>
			<report>
				<misses>761700000</misses>
				<total>0</total>
				<timestamp>6552.528763</timestamp>
			</report>
			<report>
				<misses>761800000</misses>
				<total>0</total>
				<timestamp>6553.376778</timestamp>
			</report>
			<report>
				<misses>761900000</misses>
				<total>0</total>
				<timestamp>6554.202909</timestamp>
			</report>
			<report>
				<misses>762000000</misses>
				<total>0</total>
				<timestamp>6555.125851</timestamp>
			</report>
			<report>
				<misses>762100000</misses>
				<total>0</total>
				<timestamp>6555.967423</timestamp>
			</report>
			<report>
				<misses>762200000</misses>
				<total>0</total>
				<timestamp>6556.838851</timestamp>
			</report>
			<report>
				<misses>762300000</misses>
				<total>0</total>
				<timestamp>6557.655478</timestamp>
			</report>
			<report>
				<misses>762400000</misses>
				<total>0</total>
				<timestamp>6558.456037</timestamp>
			</report>
			<report>
				<misses>762500000</misses>
				<total>0</total>
				<timestamp>6559.302826</timestamp>
			</report>
			<report>
				<misses>762600000</misses>
				<total>0</total>
				<timestamp>6560.103856</timestamp>
			</report>
			<report>
				<misses>762700000</misses>
				<total>0</total>
				<timestamp>6560.872403</timestamp>
			</report>
			<report>
				<misses>762800000</misses>
				<total>0</total>
				<timestamp>6561.673536</timestamp>
			</report>
			<report>
				<misses>762900000</misses>
				<total>0</total>
				<timestamp>6562.522005</timestamp>
			</report>
			<report>
				<misses>763000000</misses>
				<total>0</total>
				<timestamp>6563.347740</timestamp>
			</report>
			<report>
				<misses>763100000</misses>
				<total>0</total>
				<timestamp>6564.232747</timestamp>
			</report>
			<report>
				<misses>763200000</misses>
				<total>0</total>
				<timestamp>6565.060576</timestamp>
			</report>
			<report>
				<misses>763300000</misses>
				<total>0</total>
				<timestamp>6565.903973</timestamp>
			</report>
			<report>
				<misses>763400000</misses>
				<total>0</total>
				<timestamp>6566.760234</timestamp>
			</report>
			<report>
				<misses>763500000</misses>
				<total>0</total>
				<timestamp>6567.650444</timestamp>
			</report>
			<report>
				<misses>763600000</misses>
				<total>0</total>
				<timestamp>6568.487853</timestamp>
			</report>
			<report>
				<misses>763700000</misses>
				<total>0</total>
				<timestamp>6569.375893</timestamp>
			</report>
			<report>
				<misses>763800000</misses>
				<total>0</total>
				<timestamp>6570.206311</timestamp>
			</report>
			<report>
				<misses>763900000</misses>
				<total>0</total>
				<timestamp>6571.104600</timestamp>
			</report>
			<report>
				<misses>764000000</misses>
				<total>0</total>
				<timestamp>6571.962204</timestamp>
			</report>
			<report>
				<misses>764100000</misses>
				<total>0</total>
				<timestamp>6572.803523</timestamp>
			</report>
			<report>
				<misses>764200000</misses>
				<total>0</total>
				<timestamp>6573.631423</timestamp>
			</report>
			<report>
				<misses>764300000</misses>
				<total>0</total>
				<timestamp>6574.459126</timestamp>
			</report>
			<report>
				<misses>764400000</misses>
				<total>0</total>
				<timestamp>6575.291776</timestamp>
			</report>
			<report>
				<misses>764500000</misses>
				<total>0</total>
				<timestamp>6576.104093</timestamp>
			</report>
			<report>
				<misses>764600000</misses>
				<total>0</total>
				<timestamp>6576.921494</timestamp>
			</report>
			<report>
				<misses>764700000</misses>
				<total>0</total>
				<timestamp>6577.743078</timestamp>
			</report>
			<report>
				<misses>764800000</misses>
				<total>0</total>
				<timestamp>6578.540913</timestamp>
			</report>
			<report>
				<misses>764900000</misses>
				<total>0</total>
				<timestamp>6579.357634</timestamp>
			</report>
			<report>
				<misses>765000000</misses>
				<total>0</total>
				<timestamp>6580.176571</timestamp>
			</report>
			<report>
				<misses>765100000</misses>
				<total>0</total>
				<timestamp>6581.023224</timestamp>
			</report>
			<report>
				<misses>765200000</misses>
				<total>0</total>
				<timestamp>6581.874337</timestamp>
			</report>
			<report>
				<misses>765300000</misses>
				<total>0</total>
				<timestamp>6582.733449</timestamp>
			</report>
			<report>
				<misses>765400000</misses>
				<total>0</total>
				<timestamp>6583.591324</timestamp>
			</report>
			<report>
				<misses>765500000</misses>
				<total>0</total>
				<timestamp>6584.391582</timestamp>
			</report>
			<report>
				<misses>765600000</misses>
				<total>0</total>
				<timestamp>6585.213949</timestamp>
			</report>
			<report>
				<misses>765700000</misses>
				<total>0</total>
				<timestamp>6586.011005</timestamp>
			</report>
			<report>
				<misses>765800000</misses>
				<total>0</total>
				<timestamp>6586.838226</timestamp>
			</report>
			<report>
				<misses>765900000</misses>
				<total>0</total>
				<timestamp>6587.671113</timestamp>
			</report>
			<report>
				<misses>766000000</misses>
				<total>0</total>
				<timestamp>6588.523600</timestamp>
			</report>
			<report>
				<misses>766100000</misses>
				<total>0</total>
				<timestamp>6589.387055</timestamp>
			</report>
			<report>
				<misses>766200000</misses>
				<total>0</total>
				<timestamp>6590.267989</timestamp>
			</report>
			<report>
				<misses>766300000</misses>
				<total>0</total>
				<timestamp>6591.130591</timestamp>
			</report>
			<report>
				<misses>766400000</misses>
				<total>0</total>
				<timestamp>6591.994148</timestamp>
			</report>
			<report>
				<misses>766500000</misses>
				<total>0</total>
				<timestamp>6592.898471</timestamp>
			</report>
			<report>
				<misses>766600000</misses>
				<total>0</total>
				<timestamp>6593.764683</timestamp>
			</report>
			<report>
				<misses>766700000</misses>
				<total>0</total>
				<timestamp>6594.657867</timestamp>
			</report>
			<report>
				<misses>766800000</misses>
				<total>0</total>
				<timestamp>6595.462964</timestamp>
			</report>
			<report>
				<misses>766900000</misses>
				<total>0</total>
				<timestamp>6596.365138</timestamp>
			</report>
			<report>
				<misses>767000000</misses>
				<total>0</total>
				<timestamp>6597.235894</timestamp>
			</report>
			<report>
				<misses>767100000</misses>
				<total>0</total>
				<timestamp>6598.149310</timestamp>
			</report>
			<report>
				<misses>767200000</misses>
				<total>0</total>
				<timestamp>6598.989188</timestamp>
			</report>
			<report>
				<misses>767300000</misses>
				<total>0</total>
				<timestamp>6599.852023</timestamp>
			</report>
			<report>
				<misses>767400000</misses>
				<total>0</total>
				<timestamp>6600.671886</timestamp>
			</report>
			<report>
				<misses>767500000</misses>
				<total>0</total>
				<timestamp>6601.548478</timestamp>
			</report>
			<report>
				<misses>767600000</misses>
				<total>0</total>
				<timestamp>6602.413167</timestamp>
			</report>
			<report>
				<misses>767700000</misses>
				<total>0</total>
				<timestamp>6603.219687</timestamp>
			</report>
			<report>
				<misses>767800000</misses>
				<total>0</total>
				<timestamp>6604.058883</timestamp>
			</report>
			<report>
				<misses>767900000</misses>
				<total>0</total>
				<timestamp>6604.906597</timestamp>
			</report>
			<report>
				<misses>768000000</misses>
				<total>0</total>
				<timestamp>6605.831133</timestamp>
			</report>
			<report>
				<misses>768100000</misses>
				<total>0</total>
				<timestamp>6606.696761</timestamp>
			</report>
			<report>
				<misses>768200000</misses>
				<total>0</total>
				<timestamp>6607.558267</timestamp>
			</report>
			<report>
				<misses>768300000</misses>
				<total>0</total>
				<timestamp>6608.452653</timestamp>
			</report>
			<report>
				<misses>768400000</misses>
				<total>0</total>
				<timestamp>6609.376456</timestamp>
			</report>
			<report>
				<misses>768500000</misses>
				<total>0</total>
				<timestamp>6610.252202</timestamp>
			</report>
			<report>
				<misses>768600000</misses>
				<total>0</total>
				<timestamp>6611.134476</timestamp>
			</report>
			<report>
				<misses>768700000</misses>
				<total>0</total>
				<timestamp>6612.028484</timestamp>
			</report>
			<report>
				<misses>768800000</misses>
				<total>0</total>
				<timestamp>6612.939411</timestamp>
			</report>
			<report>
				<misses>768900000</misses>
				<total>0</total>
				<timestamp>6613.825192</timestamp>
			</report>
			<report>
				<misses>769000000</misses>
				<total>0</total>
				<timestamp>6614.706063</timestamp>
			</report>
			<report>
				<misses>769100000</misses>
				<total>0</total>
				<timestamp>6615.566545</timestamp>
			</report>
			<report>
				<misses>769200000</misses>
				<total>0</total>
				<timestamp>6616.476741</timestamp>
			</report>
			<report>
				<misses>769300000</misses>
				<total>0</total>
				<timestamp>6617.263779</timestamp>
			</report>
			<report>
				<misses>769400000</misses>
				<total>0</total>
				<timestamp>6618.069241</timestamp>
			</report>
			<report>
				<misses>769500000</misses>
				<total>0</total>
				<timestamp>6618.922648</timestamp>
			</report>
			<report>
				<misses>769600000</misses>
				<total>0</total>
				<timestamp>6619.775369</timestamp>
			</report>
			<report>
				<misses>769700000</misses>
				<total>0</total>
				<timestamp>6620.609606</timestamp>
			</report>
			<report>
				<misses>769800000</misses>
				<total>0</total>
				<timestamp>6621.431015</timestamp>
			</report>
			<report>
				<misses>769900000</misses>
				<total>0</total>
				<timestamp>6622.331564</timestamp>
			</report>
			<report>
				<misses>770000000</misses>
				<total>0</total>
				<timestamp>6623.176989</timestamp>
			</report>
			<report>
				<misses>770100000</misses>
				<total>0</total>
				<timestamp>6624.027071</timestamp>
			</report>
			<report>
				<misses>770200000</misses>
				<total>0</total>
				<timestamp>6624.878155</timestamp>
			</report>
			<report>
				<misses>770300000</misses>
				<total>0</total>
				<timestamp>6625.801906</timestamp>
			</report>
			<report>
				<misses>770400000</misses>
				<total>0</total>
				<timestamp>6626.613470</timestamp>
			</report>
			<report>
				<misses>770500000</misses>
				<total>0</total>
				<timestamp>6627.522073</timestamp>
			</report>
			<report>
				<misses>770600000</misses>
				<total>0</total>
				<timestamp>6628.438402</timestamp>
			</report>
			<report>
				<misses>770700000</misses>
				<total>0</total>
				<timestamp>6629.277499</timestamp>
			</report>
			<report>
				<misses>770800000</misses>
				<total>0</total>
				<timestamp>6630.159103</timestamp>
			</report>
			<report>
				<misses>770900000</misses>
				<total>0</total>
				<timestamp>6631.030005</timestamp>
			</report>
			<report>
				<misses>771000000</misses>
				<total>0</total>
				<timestamp>6631.896054</timestamp>
			</report>
			<report>
				<misses>771100000</misses>
				<total>0</total>
				<timestamp>6632.808838</timestamp>
			</report>
			<report>
				<misses>771200000</misses>
				<total>0</total>
				<timestamp>6633.725666</timestamp>
			</report>
			<report>
				<misses>771300000</misses>
				<total>0</total>
				<timestamp>6634.542364</timestamp>
			</report>
			<report>
				<misses>771400000</misses>
				<total>0</total>
				<timestamp>6635.433915</timestamp>
			</report>
			<report>
				<misses>771500000</misses>
				<total>0</total>
				<timestamp>6636.303793</timestamp>
			</report>
			<report>
				<misses>771600000</misses>
				<total>0</total>
				<timestamp>6637.103608</timestamp>
			</report>
			<report>
				<misses>771700000</misses>
				<total>0</total>
				<timestamp>6637.940986</timestamp>
			</report>
			<report>
				<misses>771800000</misses>
				<total>0</total>
				<timestamp>6638.830827</timestamp>
			</report>
			<report>
				<misses>771900000</misses>
				<total>0</total>
				<timestamp>6639.636034</timestamp>
			</report>
			<report>
				<misses>772000000</misses>
				<total>0</total>
				<timestamp>6640.427219</timestamp>
			</report>
			<report>
				<misses>772100000</misses>
				<total>0</total>
				<timestamp>6641.305148</timestamp>
			</report>
			<report>
				<misses>772200000</misses>
				<total>0</total>
				<timestamp>6642.111578</timestamp>
			</report>
			<report>
				<misses>772300000</misses>
				<total>0</total>
				<timestamp>6642.901571</timestamp>
			</report>
			<report>
				<misses>772400000</misses>
				<total>0</total>
				<timestamp>6643.771059</timestamp>
			</report>
			<report>
				<misses>772500000</misses>
				<total>0</total>
				<timestamp>6644.630436</timestamp>
			</report>
			<report>
				<misses>772600000</misses>
				<total>0</total>
				<timestamp>6645.517875</timestamp>
			</report>
			<report>
				<misses>772700000</misses>
				<total>0</total>
				<timestamp>6646.442304</timestamp>
			</report>
			<report>
				<misses>772800000</misses>
				<total>0</total>
				<timestamp>6647.299395</timestamp>
			</report>
			<report>
				<misses>772900000</misses>
				<total>0</total>
				<timestamp>6648.207486</timestamp>
			</report>
			<report>
				<misses>773000000</misses>
				<total>0</total>
				<timestamp>6649.106442</timestamp>
			</report>
			<report>
				<misses>773100000</misses>
				<total>0</total>
				<timestamp>6650.032816</timestamp>
			</report>
			<report>
				<misses>773200000</misses>
				<total>0</total>
				<timestamp>6650.978610</timestamp>
			</report>
			<report>
				<misses>773300000</misses>
				<total>0</total>
				<timestamp>6651.851512</timestamp>
			</report>
			<report>
				<misses>773400000</misses>
				<total>0</total>
				<timestamp>6652.729916</timestamp>
			</report>
			<report>
				<misses>773500000</misses>
				<total>0</total>
				<timestamp>6653.621830</timestamp>
			</report>
			<report>
				<misses>773600000</misses>
				<total>0</total>
				<timestamp>6654.530905</timestamp>
			</report>
			<report>
				<misses>773700000</misses>
				<total>0</total>
				<timestamp>6655.392392</timestamp>
			</report>
			<report>
				<misses>773800000</misses>
				<total>0</total>
				<timestamp>6656.327838</timestamp>
			</report>
			<report>
				<misses>773900000</misses>
				<total>0</total>
				<timestamp>6657.146285</timestamp>
			</report>
			<report>
				<misses>774000000</misses>
				<total>0</total>
				<timestamp>6657.995552</timestamp>
			</report>
			<report>
				<misses>774100000</misses>
				<total>0</total>
				<timestamp>6658.771954</timestamp>
			</report>
			<report>
				<misses>774200000</misses>
				<total>0</total>
				<timestamp>6659.560276</timestamp>
			</report>
			<report>
				<misses>774300000</misses>
				<total>0</total>
				<timestamp>6660.459238</timestamp>
			</report>
			<report>
				<misses>774400000</misses>
				<total>0</total>
				<timestamp>6661.338991</timestamp>
			</report>
			<report>
				<misses>774500000</misses>
				<total>0</total>
				<timestamp>6662.125912</timestamp>
			</report>
			<report>
				<misses>774600000</misses>
				<total>0</total>
				<timestamp>6663.022507</timestamp>
			</report>
			<report>
				<misses>774700000</misses>
				<total>0</total>
				<timestamp>6663.933411</timestamp>
			</report>
			<report>
				<misses>774800000</misses>
				<total>0</total>
				<timestamp>6664.830892</timestamp>
			</report>
			<report>
				<misses>774900000</misses>
				<total>0</total>
				<timestamp>6665.678950</timestamp>
			</report>
			<report>
				<misses>775000000</misses>
				<total>0</total>
				<timestamp>6666.562626</timestamp>
			</report>
			<report>
				<misses>775100000</misses>
				<total>0</total>
				<timestamp>6667.407847</timestamp>
			</report>
			<report>
				<misses>775200000</misses>
				<total>0</total>
				<timestamp>6668.329045</timestamp>
			</report>
			<report>
				<misses>775300000</misses>
				<total>0</total>
				<timestamp>6669.192934</timestamp>
			</report>
			<report>
				<misses>775400000</misses>
				<total>0</total>
				<timestamp>6670.108789</timestamp>
			</report>
			<report>
				<misses>775500000</misses>
				<total>0</total>
				<timestamp>6670.987231</timestamp>
			</report>
			<report>
				<misses>775600000</misses>
				<total>0</total>
				<timestamp>6671.824573</timestamp>
			</report>
			<report>
				<misses>775700000</misses>
				<total>0</total>
				<timestamp>6672.711779</timestamp>
			</report>
			<report>
				<misses>775800000</misses>
				<total>0</total>
				<timestamp>6673.508901</timestamp>
			</report>
			<report>
				<misses>775900000</misses>
				<total>0</total>
				<timestamp>6674.326157</timestamp>
			</report>
			<report>
				<misses>776000000</misses>
				<total>0</total>
				<timestamp>6675.137379</timestamp>
			</report>
			<report>
				<misses>776100000</misses>
				<total>0</total>
				<timestamp>6675.939787</timestamp>
			</report>
			<report>
				<misses>776200000</misses>
				<total>0</total>
				<timestamp>6676.806666</timestamp>
			</report>
			<report>
				<misses>776300000</misses>
				<total>0</total>
				<timestamp>6677.645537</timestamp>
			</report>
			<report>
				<misses>776400000</misses>
				<total>0</total>
				<timestamp>6678.454362</timestamp>
			</report>
			<report>
				<misses>776500000</misses>
				<total>0</total>
				<timestamp>6679.302428</timestamp>
			</report>
			<report>
				<misses>776600000</misses>
				<total>0</total>
				<timestamp>6680.229667</timestamp>
			</report>
			<report>
				<misses>776700000</misses>
				<total>0</total>
				<timestamp>6681.110754</timestamp>
			</report>
			<report>
				<misses>776800000</misses>
				<total>0</total>
				<timestamp>6682.008659</timestamp>
			</report>
			<report>
				<misses>776900000</misses>
				<total>0</total>
				<timestamp>6682.861459</timestamp>
			</report>
			<report>
				<misses>777000000</misses>
				<total>0</total>
				<timestamp>6683.814295</timestamp>
			</report>
			<report>
				<misses>777100000</misses>
				<total>0</total>
				<timestamp>6684.701323</timestamp>
			</report>
			<report>
				<misses>777200000</misses>
				<total>0</total>
				<timestamp>6685.569395</timestamp>
			</report>
			<report>
				<misses>777300000</misses>
				<total>0</total>
				<timestamp>6686.431936</timestamp>
			</report>
			<report>
				<misses>777400000</misses>
				<total>0</total>
				<timestamp>6687.349079</timestamp>
			</report>
			<report>
				<misses>777500000</misses>
				<total>0</total>
				<timestamp>6688.244905</timestamp>
			</report>
			<report>
				<misses>777600000</misses>
				<total>0</total>
				<timestamp>6689.191336</timestamp>
			</report>
			<report>
				<misses>777700000</misses>
				<total>0</total>
				<timestamp>6690.066549</timestamp>
			</report>
			<report>
				<misses>777800000</misses>
				<total>0</total>
				<timestamp>6691.001438</timestamp>
			</report>
			<report>
				<misses>777900000</misses>
				<total>0</total>
				<timestamp>6691.855531</timestamp>
			</report>
			<report>
				<misses>778000000</misses>
				<total>0</total>
				<timestamp>6692.694851</timestamp>
			</report>
			<report>
				<misses>778100000</misses>
				<total>0</total>
				<timestamp>6693.627512</timestamp>
			</report>
			<report>
				<misses>778200000</misses>
				<total>0</total>
				<timestamp>6694.554106</timestamp>
			</report>
			<report>
				<misses>778300000</misses>
				<total>0</total>
				<timestamp>6695.381336</timestamp>
			</report>
			<report>
				<misses>778400000</misses>
				<total>0</total>
				<timestamp>6696.244858</timestamp>
			</report>
			<report>
				<misses>778500000</misses>
				<total>0</total>
				<timestamp>6697.094773</timestamp>
			</report>
			<report>
				<misses>778600000</misses>
				<total>0</total>
				<timestamp>6697.960882</timestamp>
			</report>
			<report>
				<misses>778700000</misses>
				<total>0</total>
				<timestamp>6698.842248</timestamp>
			</report>
			<report>
				<misses>778800000</misses>
				<total>0</total>
				<timestamp>6699.728608</timestamp>
			</report>
			<report>
				<misses>778900000</misses>
				<total>0</total>
				<timestamp>6700.611678</timestamp>
			</report>
			<report>
				<misses>779000000</misses>
				<total>0</total>
				<timestamp>6701.523580</timestamp>
			</report>
			<report>
				<misses>779100000</misses>
				<total>0</total>
				<timestamp>6702.357463</timestamp>
			</report>
			<report>
				<misses>779200000</misses>
				<total>0</total>
				<timestamp>6703.188931</timestamp>
			</report>
			<report>
				<misses>779300000</misses>
				<total>0</total>
				<timestamp>6704.061568</timestamp>
			</report>
			<report>
				<misses>779400000</misses>
				<total>0</total>
				<timestamp>6704.882844</timestamp>
			</report>
			<report>
				<misses>779500000</misses>
				<total>0</total>
				<timestamp>6705.756348</timestamp>
			</report>
			<report>
				<misses>779600000</misses>
				<total>0</total>
				<timestamp>6706.556193</timestamp>
			</report>
			<report>
				<misses>779700000</misses>
				<total>0</total>
				<timestamp>6707.374506</timestamp>
			</report>
			<report>
				<misses>779800000</misses>
				<total>0</total>
				<timestamp>6708.245105</timestamp>
			</report>
			<report>
				<misses>779900000</misses>
				<total>0</total>
				<timestamp>6709.057049</timestamp>
			</report>
			<report>
				<misses>780000000</misses>
				<total>0</total>
				<timestamp>6709.843685</timestamp>
			</report>
			<report>
				<misses>780100000</misses>
				<total>0</total>
				<timestamp>6710.661331</timestamp>
			</report>
			<report>
				<misses>780200000</misses>
				<total>0</total>
				<timestamp>6711.499874</timestamp>
			</report>
			<report>
				<misses>780300000</misses>
				<total>0</total>
				<timestamp>6712.291035</timestamp>
			</report>
			<report>
				<misses>780400000</misses>
				<total>0</total>
				<timestamp>6713.179388</timestamp>
			</report>
			<report>
				<misses>780500000</misses>
				<total>0</total>
				<timestamp>6714.030706</timestamp>
			</report>
			<report>
				<misses>780600000</misses>
				<total>0</total>
				<timestamp>6714.887520</timestamp>
			</report>
			<report>
				<misses>780700000</misses>
				<total>0</total>
				<timestamp>6715.761073</timestamp>
			</report>
			<report>
				<misses>780800000</misses>
				<total>0</total>
				<timestamp>6716.618320</timestamp>
			</report>
			<report>
				<misses>780900000</misses>
				<total>0</total>
				<timestamp>6717.487031</timestamp>
			</report>
			<report>
				<misses>781000000</misses>
				<total>0</total>
				<timestamp>6718.363049</timestamp>
			</report>
			<report>
				<misses>781100000</misses>
				<total>0</total>
				<timestamp>6719.154167</timestamp>
			</report>
			<report>
				<misses>781200000</misses>
				<total>0</total>
				<timestamp>6720.029007</timestamp>
			</report>
			<report>
				<misses>781300000</misses>
				<total>0</total>
				<timestamp>6720.901611</timestamp>
			</report>
			<report>
				<misses>781400000</misses>
				<total>0</total>
				<timestamp>6721.759850</timestamp>
			</report>
			<report>
				<misses>781500000</misses>
				<total>0</total>
				<timestamp>6722.668841</timestamp>
			</report>
			<report>
				<misses>781600000</misses>
				<total>0</total>
				<timestamp>6723.553626</timestamp>
			</report>
			<report>
				<misses>781700000</misses>
				<total>0</total>
				<timestamp>6724.443034</timestamp>
			</report>
			<report>
				<misses>781800000</misses>
				<total>0</total>
				<timestamp>6725.294428</timestamp>
			</report>
			<report>
				<misses>781900000</misses>
				<total>0</total>
				<timestamp>6726.204263</timestamp>
			</report>
			<report>
				<misses>782000000</misses>
				<total>0</total>
				<timestamp>6727.038506</timestamp>
			</report>
			<report>
				<misses>782100000</misses>
				<total>0</total>
				<timestamp>6727.912794</timestamp>
			</report>
			<report>
				<misses>782200000</misses>
				<total>0</total>
				<timestamp>6728.756691</timestamp>
			</report>
			<report>
				<misses>782300000</misses>
				<total>0</total>
				<timestamp>6729.596929</timestamp>
			</report>
			<report>
				<misses>782400000</misses>
				<total>0</total>
				<timestamp>6730.430532</timestamp>
			</report>
			<report>
				<misses>782500000</misses>
				<total>0</total>
				<timestamp>6731.235957</timestamp>
			</report>
			<report>
				<misses>782600000</misses>
				<total>0</total>
				<timestamp>6732.062418</timestamp>
			</report>
			<report>
				<misses>782700000</misses>
				<total>0</total>
				<timestamp>6732.882982</timestamp>
			</report>
			<report>
				<misses>782800000</misses>
				<total>0</total>
				<timestamp>6733.707270</timestamp>
			</report>
			<report>
				<misses>782900000</misses>
				<total>0</total>
				<timestamp>6734.534307</timestamp>
			</report>
			<report>
				<misses>783000000</misses>
				<total>0</total>
				<timestamp>6735.351922</timestamp>
			</report>
			<report>
				<misses>783100000</misses>
				<total>0</total>
				<timestamp>6736.176906</timestamp>
			</report>
			<report>
				<misses>783200000</misses>
				<total>0</total>
				<timestamp>6737.041820</timestamp>
			</report>
			<report>
				<misses>783300000</misses>
				<total>0</total>
				<timestamp>6737.906469</timestamp>
			</report>
			<report>
				<misses>783400000</misses>
				<total>0</total>
				<timestamp>6738.769011</timestamp>
			</report>
			<report>
				<misses>783500000</misses>
				<total>0</total>
				<timestamp>6739.638281</timestamp>
			</report>
			<report>
				<misses>783600000</misses>
				<total>0</total>
				<timestamp>6740.544912</timestamp>
			</report>
			<report>
				<misses>783700000</misses>
				<total>0</total>
				<timestamp>6741.458165</timestamp>
			</report>
			<report>
				<misses>783800000</misses>
				<total>0</total>
				<timestamp>6742.353424</timestamp>
			</report>
			<report>
				<misses>783900000</misses>
				<total>0</total>
				<timestamp>6743.214764</timestamp>
			</report>
			<report>
				<misses>784000000</misses>
				<total>0</total>
				<timestamp>6744.083114</timestamp>
			</report>
			<report>
				<misses>784100000</misses>
				<total>0</total>
				<timestamp>6744.995263</timestamp>
			</report>
			<report>
				<misses>784200000</misses>
				<total>0</total>
				<timestamp>6745.840789</timestamp>
			</report>
			<report>
				<misses>784300000</misses>
				<total>0</total>
				<timestamp>6746.682516</timestamp>
			</report>
			<report>
				<misses>784400000</misses>
				<total>0</total>
				<timestamp>6747.594390</timestamp>
			</report>
			<report>
				<misses>784500000</misses>
				<total>0</total>
				<timestamp>6748.429355</timestamp>
			</report>
			<report>
				<misses>784600000</misses>
				<total>0</total>
				<timestamp>6749.292081</timestamp>
			</report>
			<report>
				<misses>784700000</misses>
				<total>0</total>
				<timestamp>6750.110295</timestamp>
			</report>
			<report>
				<misses>784800000</misses>
				<total>0</total>
				<timestamp>6750.922185</timestamp>
			</report>
			<report>
				<misses>784900000</misses>
				<total>0</total>
				<timestamp>6751.704343</timestamp>
			</report>
			<report>
				<misses>785000000</misses>
				<total>0</total>
				<timestamp>6752.499632</timestamp>
			</report>
			<report>
				<misses>785100000</misses>
				<total>0</total>
				<timestamp>6753.369983</timestamp>
			</report>
			<report>
				<misses>785200000</misses>
				<total>0</total>
				<timestamp>6754.176594</timestamp>
			</report>
			<report>
				<misses>785300000</misses>
				<total>0</total>
				<timestamp>6755.018833</timestamp>
			</report>
			<report>
				<misses>785400000</misses>
				<total>0</total>
				<timestamp>6755.839074</timestamp>
			</report>
			<report>
				<misses>785500000</misses>
				<total>0</total>
				<timestamp>6756.690065</timestamp>
			</report>
			<report>
				<misses>785600000</misses>
				<total>0</total>
				<timestamp>6757.519732</timestamp>
			</report>
			<report>
				<misses>785700000</misses>
				<total>0</total>
				<timestamp>6758.359738</timestamp>
			</report>
			<report>
				<misses>785800000</misses>
				<total>0</total>
				<timestamp>6759.208050</timestamp>
			</report>
			<report>
				<misses>785900000</misses>
				<total>0</total>
				<timestamp>6760.073586</timestamp>
			</report>
			<report>
				<misses>786000000</misses>
				<total>0</total>
				<timestamp>6760.883994</timestamp>
			</report>
			<report>
				<misses>786100000</misses>
				<total>0</total>
				<timestamp>6761.722590</timestamp>
			</report>
			<report>
				<misses>786200000</misses>
				<total>0</total>
				<timestamp>6762.641613</timestamp>
			</report>
			<report>
				<misses>786300000</misses>
				<total>0</total>
				<timestamp>6763.473364</timestamp>
			</report>
			<report>
				<misses>786400000</misses>
				<total>0</total>
				<timestamp>6764.337545</timestamp>
			</report>
			<report>
				<misses>786500000</misses>
				<total>0</total>
				<timestamp>6765.188799</timestamp>
			</report>
			<report>
				<misses>786600000</misses>
				<total>0</total>
				<timestamp>6766.044587</timestamp>
			</report>
			<report>
				<misses>786700000</misses>
				<total>0</total>
				<timestamp>6766.918876</timestamp>
			</report>
			<report>
				<misses>786800000</misses>
				<total>0</total>
				<timestamp>6767.818237</timestamp>
			</report>
			<report>
				<misses>786900000</misses>
				<total>0</total>
				<timestamp>6768.601485</timestamp>
			</report>
			<report>
				<misses>787000000</misses>
				<total>0</total>
				<timestamp>6769.418901</timestamp>
			</report>
			<report>
				<misses>787100000</misses>
				<total>0</total>
				<timestamp>6770.280558</timestamp>
			</report>
			<report>
				<misses>787200000</misses>
				<total>0</total>
				<timestamp>6771.100469</timestamp>
			</report>
			<report>
				<misses>787300000</misses>
				<total>0</total>
				<timestamp>6771.981182</timestamp>
			</report>
			<report>
				<misses>787400000</misses>
				<total>0</total>
				<timestamp>6772.814189</timestamp>
			</report>
			<report>
				<misses>787500000</misses>
				<total>0</total>
				<timestamp>6773.623529</timestamp>
			</report>
			<report>
				<misses>787600000</misses>
				<total>0</total>
				<timestamp>6774.469870</timestamp>
			</report>
			<report>
				<misses>787700000</misses>
				<total>0</total>
				<timestamp>6775.259020</timestamp>
			</report>
			<report>
				<misses>787800000</misses>
				<total>0</total>
				<timestamp>6776.066423</timestamp>
			</report>
			<report>
				<misses>787900000</misses>
				<total>0</total>
				<timestamp>6776.930516</timestamp>
			</report>
			<report>
				<misses>788000000</misses>
				<total>0</total>
				<timestamp>6777.795002</timestamp>
			</report>
			<report>
				<misses>788100000</misses>
				<total>0</total>
				<timestamp>6778.667978</timestamp>
			</report>
			<report>
				<misses>788200000</misses>
				<total>0</total>
				<timestamp>6779.513155</timestamp>
			</report>
			<report>
				<misses>788300000</misses>
				<total>0</total>
				<timestamp>6780.389022</timestamp>
			</report>
			<report>
				<misses>788400000</misses>
				<total>0</total>
				<timestamp>6781.278460</timestamp>
			</report>
			<report>
				<misses>788500000</misses>
				<total>0</total>
				<timestamp>6782.170148</timestamp>
			</report>
			<report>
				<misses>788600000</misses>
				<total>0</total>
				<timestamp>6783.014069</timestamp>
			</report>
			<report>
				<misses>788700000</misses>
				<total>0</total>
				<timestamp>6783.853079</timestamp>
			</report>
			<report>
				<misses>788800000</misses>
				<total>0</total>
				<timestamp>6784.724210</timestamp>
			</report>
			<report>
				<misses>788900000</misses>
				<total>0</total>
				<timestamp>6785.601826</timestamp>
			</report>
			<report>
				<misses>789000000</misses>
				<total>0</total>
				<timestamp>6786.531012</timestamp>
			</report>
			<report>
				<misses>789100000</misses>
				<total>0</total>
				<timestamp>6787.353609</timestamp>
			</report>
			<report>
				<misses>789200000</misses>
				<total>0</total>
				<timestamp>6788.165533</timestamp>
			</report>
			<report>
				<misses>789300000</misses>
				<total>0</total>
				<timestamp>6789.027657</timestamp>
			</report>
			<report>
				<misses>789400000</misses>
				<total>0</total>
				<timestamp>6789.874817</timestamp>
			</report>
			<report>
				<misses>789500000</misses>
				<total>0</total>
				<timestamp>6790.701027</timestamp>
			</report>
			<report>
				<misses>789600000</misses>
				<total>0</total>
				<timestamp>6791.503308</timestamp>
			</report>
			<report>
				<misses>789700000</misses>
				<total>0</total>
				<timestamp>6792.301131</timestamp>
			</report>
			<report>
				<misses>789800000</misses>
				<total>0</total>
				<timestamp>6793.164383</timestamp>
			</report>
			<report>
				<misses>789900000</misses>
				<total>0</total>
				<timestamp>6793.990150</timestamp>
			</report>
			<report>
				<misses>790000000</misses>
				<total>0</total>
				<timestamp>6794.812361</timestamp>
			</report>
			<report>
				<misses>790100000</misses>
				<total>0</total>
				<timestamp>6795.692320</timestamp>
			</report>
			<report>
				<misses>790200000</misses>
				<total>0</total>
				<timestamp>6796.549954</timestamp>
			</report>
			<report>
				<misses>790300000</misses>
				<total>0</total>
				<timestamp>6797.414638</timestamp>
			</report>
			<report>
				<misses>790400000</misses>
				<total>0</total>
				<timestamp>6798.300512</timestamp>
			</report>
			<report>
				<misses>790500000</misses>
				<total>0</total>
				<timestamp>6799.162617</timestamp>
			</report>
			<report>
				<misses>790600000</misses>
				<total>0</total>
				<timestamp>6800.062298</timestamp>
			</report>
			<report>
				<misses>790700000</misses>
				<total>0</total>
				<timestamp>6800.958630</timestamp>
			</report>
			<report>
				<misses>790800000</misses>
				<total>0</total>
				<timestamp>6801.871158</timestamp>
			</report>
			<report>
				<misses>790900000</misses>
				<total>0</total>
				<timestamp>6802.756600</timestamp>
			</report>
			<report>
				<misses>791000000</misses>
				<total>0</total>
				<timestamp>6803.581976</timestamp>
			</report>
			<report>
				<misses>791100000</misses>
				<total>0</total>
				<timestamp>6804.445420</timestamp>
			</report>
			<report>
				<misses>791200000</misses>
				<total>0</total>
				<timestamp>6805.338062</timestamp>
			</report>
			<report>
				<misses>791300000</misses>
				<total>0</total>
				<timestamp>6806.199894</timestamp>
			</report>
			<report>
				<misses>791400000</misses>
				<total>0</total>
				<timestamp>6807.129498</timestamp>
			</report>
			<report>
				<misses>791500000</misses>
				<total>0</total>
				<timestamp>6808.047376</timestamp>
			</report>
			<report>
				<misses>791600000</misses>
				<total>0</total>
				<timestamp>6808.919657</timestamp>
			</report>
			<report>
				<misses>791700000</misses>
				<total>0</total>
				<timestamp>6809.776258</timestamp>
			</report>
			<report>
				<misses>791800000</misses>
				<total>0</total>
				<timestamp>6810.671641</timestamp>
			</report>
			<report>
				<misses>791900000</misses>
				<total>0</total>
				<timestamp>6811.524847</timestamp>
			</report>
			<report>
				<misses>792000000</misses>
				<total>0</total>
				<timestamp>6812.410552</timestamp>
			</report>
			<report>
				<misses>792100000</misses>
				<total>0</total>
				<timestamp>6813.202950</timestamp>
			</report>
			<report>
				<misses>792200000</misses>
				<total>0</total>
				<timestamp>6814.055055</timestamp>
			</report>
			<report>
				<misses>792300000</misses>
				<total>0</total>
				<timestamp>6814.852656</timestamp>
			</report>
			<report>
				<misses>792400000</misses>
				<total>0</total>
				<timestamp>6815.688986</timestamp>
			</report>
			<report>
				<misses>792500000</misses>
				<total>0</total>
				<timestamp>6816.526843</timestamp>
			</report>
			<report>
				<misses>792600000</misses>
				<total>0</total>
				<timestamp>6817.328825</timestamp>
			</report>
			<report>
				<misses>792700000</misses>
				<total>0</total>
				<timestamp>6818.232719</timestamp>
			</report>
			<report>
				<misses>792800000</misses>
				<total>0</total>
				<timestamp>6819.133407</timestamp>
			</report>
			<report>
				<misses>792900000</misses>
				<total>0</total>
				<timestamp>6820.037000</timestamp>
			</report>
			<report>
				<misses>793000000</misses>
				<total>0</total>
				<timestamp>6820.926745</timestamp>
			</report>
			<report>
				<misses>793100000</misses>
				<total>0</total>
				<timestamp>6821.856202</timestamp>
			</report>
			<report>
				<misses>793200000</misses>
				<total>0</total>
				<timestamp>6822.767134</timestamp>
			</report>
			<report>
				<misses>793300000</misses>
				<total>0</total>
				<timestamp>6823.621473</timestamp>
			</report>
			<report>
				<misses>793400000</misses>
				<total>0</total>
				<timestamp>6824.470552</timestamp>
			</report>
			<report>
				<misses>793500000</misses>
				<total>0</total>
				<timestamp>6825.373980</timestamp>
			</report>
			<report>
				<misses>793600000</misses>
				<total>0</total>
				<timestamp>6826.259176</timestamp>
			</report>
			<report>
				<misses>793700000</misses>
				<total>0</total>
				<timestamp>6827.131150</timestamp>
			</report>
			<report>
				<misses>793800000</misses>
				<total>0</total>
				<timestamp>6828.012340</timestamp>
			</report>
			<report>
				<misses>793900000</misses>
				<total>0</total>
				<timestamp>6828.916834</timestamp>
			</report>
			<report>
				<misses>794000000</misses>
				<total>0</total>
				<timestamp>6829.756208</timestamp>
			</report>
			<report>
				<misses>794100000</misses>
				<total>0</total>
				<timestamp>6830.666211</timestamp>
			</report>
			<report>
				<misses>794200000</misses>
				<total>0</total>
				<timestamp>6831.535113</timestamp>
			</report>
			<report>
				<misses>794300000</misses>
				<total>0</total>
				<timestamp>6832.425574</timestamp>
			</report>
			<report>
				<misses>794400000</misses>
				<total>0</total>
				<timestamp>6833.308649</timestamp>
			</report>
			<report>
				<misses>794500000</misses>
				<total>0</total>
				<timestamp>6834.082219</timestamp>
			</report>
			<report>
				<misses>794600000</misses>
				<total>0</total>
				<timestamp>6834.935704</timestamp>
			</report>
			<report>
				<misses>794700000</misses>
				<total>0</total>
				<timestamp>6835.743553</timestamp>
			</report>
			<report>
				<misses>794800000</misses>
				<total>0</total>
				<timestamp>6836.592221</timestamp>
			</report>
			<report>
				<misses>794900000</misses>
				<total>0</total>
				<timestamp>6837.510938</timestamp>
			</report>
			<report>
				<misses>795000000</misses>
				<total>0</total>
				<timestamp>6838.370104</timestamp>
			</report>
			<report>
				<misses>795100000</misses>
				<total>0</total>
				<timestamp>6839.243698</timestamp>
			</report>
			<report>
				<misses>795200000</misses>
				<total>0</total>
				<timestamp>6840.143439</timestamp>
			</report>
			<report>
				<misses>795300000</misses>
				<total>0</total>
				<timestamp>6841.035009</timestamp>
			</report>
			<report>
				<misses>795400000</misses>
				<total>0</total>
				<timestamp>6841.897379</timestamp>
			</report>
			<report>
				<misses>795500000</misses>
				<total>0</total>
				<timestamp>6842.851491</timestamp>
			</report>
			<report>
				<misses>795600000</misses>
				<total>0</total>
				<timestamp>6843.724289</timestamp>
			</report>
			<report>
				<misses>795700000</misses>
				<total>0</total>
				<timestamp>6844.625753</timestamp>
			</report>
			<report>
				<misses>795800000</misses>
				<total>0</total>
				<timestamp>6845.542220</timestamp>
			</report>
			<report>
				<misses>795900000</misses>
				<total>0</total>
				<timestamp>6846.472738</timestamp>
			</report>
			<report>
				<misses>796000000</misses>
				<total>0</total>
				<timestamp>6847.391825</timestamp>
			</report>
			<report>
				<misses>796100000</misses>
				<total>0</total>
				<timestamp>6848.268376</timestamp>
			</report>
			<report>
				<misses>796200000</misses>
				<total>0</total>
				<timestamp>6849.144503</timestamp>
			</report>
			<report>
				<misses>796300000</misses>
				<total>0</total>
				<timestamp>6849.986967</timestamp>
			</report>
			<report>
				<misses>796400000</misses>
				<total>0</total>
				<timestamp>6850.869500</timestamp>
			</report>
			<report>
				<misses>796500000</misses>
				<total>0</total>
				<timestamp>6851.765416</timestamp>
			</report>
			<report>
				<misses>796600000</misses>
				<total>0</total>
				<timestamp>6852.568470</timestamp>
			</report>
			<report>
				<misses>796700000</misses>
				<total>0</total>
				<timestamp>6853.360162</timestamp>
			</report>
			<report>
				<misses>796800000</misses>
				<total>0</total>
				<timestamp>6854.159725</timestamp>
			</report>
			<report>
				<misses>796900000</misses>
				<total>0</total>
				<timestamp>6854.956242</timestamp>
			</report>
			<report>
				<misses>797000000</misses>
				<total>0</total>
				<timestamp>6855.737594</timestamp>
			</report>
			<report>
				<misses>797100000</misses>
				<total>0</total>
				<timestamp>6856.561210</timestamp>
			</report>
			<report>
				<misses>797200000</misses>
				<total>0</total>
				<timestamp>6857.437976</timestamp>
			</report>
			<report>
				<misses>797300000</misses>
				<total>0</total>
				<timestamp>6858.331734</timestamp>
			</report>
			<report>
				<misses>797400000</misses>
				<total>0</total>
				<timestamp>6859.194306</timestamp>
			</report>
			<report>
				<misses>797500000</misses>
				<total>0</total>
				<timestamp>6860.093617</timestamp>
			</report>
			<report>
				<misses>797600000</misses>
				<total>0</total>
				<timestamp>6860.916515</timestamp>
			</report>
			<report>
				<misses>797700000</misses>
				<total>0</total>
				<timestamp>6861.743573</timestamp>
			</report>
			<report>
				<misses>797800000</misses>
				<total>0</total>
				<timestamp>6862.596627</timestamp>
			</report>
			<report>
				<misses>797900000</misses>
				<total>0</total>
				<timestamp>6863.483034</timestamp>
			</report>
			<report>
				<misses>798000000</misses>
				<total>0</total>
				<timestamp>6864.340698</timestamp>
			</report>
			<report>
				<misses>798100000</misses>
				<total>0</total>
				<timestamp>6865.203050</timestamp>
			</report>
			<report>
				<misses>798200000</misses>
				<total>0</total>
				<timestamp>6866.105434</timestamp>
			</report>
			<report>
				<misses>798300000</misses>
				<total>0</total>
				<timestamp>6866.953485</timestamp>
			</report>
			<report>
				<misses>798400000</misses>
				<total>0</total>
				<timestamp>6867.790737</timestamp>
			</report>
			<report>
				<misses>798500000</misses>
				<total>0</total>
				<timestamp>6868.671218</timestamp>
			</report>
			<report>
				<misses>798600000</misses>
				<total>0</total>
				<timestamp>6869.502170</timestamp>
			</report>
			<report>
				<misses>798700000</misses>
				<total>0</total>
				<timestamp>6870.410598</timestamp>
			</report>
			<report>
				<misses>798800000</misses>
				<total>0</total>
				<timestamp>6871.269141</timestamp>
			</report>
			<report>
				<misses>798900000</misses>
				<total>0</total>
				<timestamp>6872.199597</timestamp>
			</report>
			<report>
				<misses>799000000</misses>
				<total>0</total>
				<timestamp>6873.178533</timestamp>
			</report>
			<report>
				<misses>799100000</misses>
				<total>0</total>
				<timestamp>6874.075146</timestamp>
			</report>
			<report>
				<misses>799200000</misses>
				<total>0</total>
				<timestamp>6874.926656</timestamp>
			</report>
			<report>
				<misses>799300000</misses>
				<total>0</total>
				<timestamp>6875.823538</timestamp>
			</report>
			<report>
				<misses>799400000</misses>
				<total>0</total>
				<timestamp>6876.665543</timestamp>
			</report>
			<report>
				<misses>799500000</misses>
				<total>0</total>
				<timestamp>6877.503794</timestamp>
			</report>
			<report>
				<misses>799600000</misses>
				<total>0</total>
				<timestamp>6878.264836</timestamp>
			</report>
			<report>
				<misses>799700000</misses>
				<total>0</total>
				<timestamp>6879.038546</timestamp>
			</report>
			<report>
				<misses>799800000</misses>
				<total>0</total>
				<timestamp>6879.851518</timestamp>
			</report>
			<report>
				<misses>799900000</misses>
				<total>0</total>
				<timestamp>6880.739282</timestamp>
			</report>
			<report>
				<misses>800000000</misses>
				<total>0</total>
				<timestamp>6881.555004</timestamp>
			</report>
			<report>
				<misses>800100000</misses>
				<total>0</total>
				<timestamp>6882.350626</timestamp>
			</report>
			<report>
				<misses>800200000</misses>
				<total>0</total>
				<timestamp>6883.206059</timestamp>
			</report>
			<report>
				<misses>800300000</misses>
				<total>0</total>
				<timestamp>6884.122193</timestamp>
			</report>
			<report>
				<misses>800400000</misses>
				<total>0</total>
				<timestamp>6884.991525</timestamp>
			</report>
			<report>
				<misses>800500000</misses>
				<total>0</total>
				<timestamp>6885.885364</timestamp>
			</report>
			<report>
				<misses>800600000</misses>
				<total>0</total>
				<timestamp>6886.781427</timestamp>
			</report>
			<report>
				<misses>800700000</misses>
				<total>0</total>
				<timestamp>6887.648893</timestamp>
			</report>
			<report>
				<misses>800800000</misses>
				<total>0</total>
				<timestamp>6888.513263</timestamp>
			</report>
			<report>
				<misses>800900000</misses>
				<total>0</total>
				<timestamp>6889.374735</timestamp>
			</report>
			<report>
				<misses>801000000</misses>
				<total>0</total>
				<timestamp>6890.256643</timestamp>
			</report>
			<report>
				<misses>801100000</misses>
				<total>0</total>
				<timestamp>6891.108955</timestamp>
			</report>
			<report>
				<misses>801200000</misses>
				<total>0</total>
				<timestamp>6891.986985</timestamp>
			</report>
			<report>
				<misses>801300000</misses>
				<total>0</total>
				<timestamp>6892.884144</timestamp>
			</report>
			<report>
				<misses>801400000</misses>
				<total>0</total>
				<timestamp>6893.746501</timestamp>
			</report>
			<report>
				<misses>801500000</misses>
				<total>0</total>
				<timestamp>6894.650308</timestamp>
			</report>
			<report>
				<misses>801600000</misses>
				<total>0</total>
				<timestamp>6895.501835</timestamp>
			</report>
			<report>
				<misses>801700000</misses>
				<total>0</total>
				<timestamp>6896.399833</timestamp>
			</report>
			<report>
				<misses>801800000</misses>
				<total>0</total>
				<timestamp>6897.267845</timestamp>
			</report>
			<report>
				<misses>801900000</misses>
				<total>0</total>
				<timestamp>6898.136035</timestamp>
			</report>
			<report>
				<misses>802000000</misses>
				<total>0</total>
				<timestamp>6898.978750</timestamp>
			</report>
			<report>
				<misses>802100000</misses>
				<total>0</total>
				<timestamp>6899.834029</timestamp>
			</report>
			<report>
				<misses>802200000</misses>
				<total>0</total>
				<timestamp>6900.635863</timestamp>
			</report>
			<report>
				<misses>802300000</misses>
				<total>0</total>
				<timestamp>6901.460990</timestamp>
			</report>
			<report>
				<misses>802400000</misses>
				<total>0</total>
				<timestamp>6902.348913</timestamp>
			</report>
			<report>
				<misses>802500000</misses>
				<total>0</total>
				<timestamp>6903.189766</timestamp>
			</report>
			<report>
				<misses>802600000</misses>
				<total>0</total>
				<timestamp>6904.045498</timestamp>
			</report>
			<report>
				<misses>802700000</misses>
				<total>0</total>
				<timestamp>6904.916190</timestamp>
			</report>
			<report>
				<misses>802800000</misses>
				<total>0</total>
				<timestamp>6905.745931</timestamp>
			</report>
			<report>
				<misses>802900000</misses>
				<total>0</total>
				<timestamp>6906.573205</timestamp>
			</report>
			<report>
				<misses>803000000</misses>
				<total>0</total>
				<timestamp>6907.445382</timestamp>
			</report>
			<report>
				<misses>803100000</misses>
				<total>0</total>
				<timestamp>6908.306832</timestamp>
			</report>
			<report>
				<misses>803200000</misses>
				<total>0</total>
				<timestamp>6909.208713</timestamp>
			</report>
			<report>
				<misses>803300000</misses>
				<total>0</total>
				<timestamp>6910.057185</timestamp>
			</report>
			<report>
				<misses>803400000</misses>
				<total>0</total>
				<timestamp>6910.859592</timestamp>
			</report>
			<report>
				<misses>803500000</misses>
				<total>0</total>
				<timestamp>6911.722422</timestamp>
			</report>
			<report>
				<misses>803600000</misses>
				<total>0</total>
				<timestamp>6912.594548</timestamp>
			</report>
			<report>
				<misses>803700000</misses>
				<total>0</total>
				<timestamp>6913.439351</timestamp>
			</report>
			<report>
				<misses>803800000</misses>
				<total>0</total>
				<timestamp>6914.300202</timestamp>
			</report>
			<report>
				<misses>803900000</misses>
				<total>0</total>
				<timestamp>6915.164446</timestamp>
			</report>
			<report>
				<misses>804000000</misses>
				<total>0</total>
				<timestamp>6916.022355</timestamp>
			</report>
			<report>
				<misses>804100000</misses>
				<total>0</total>
				<timestamp>6916.934911</timestamp>
			</report>
			<report>
				<misses>804200000</misses>
				<total>0</total>
				<timestamp>6917.765008</timestamp>
			</report>
			<report>
				<misses>804300000</misses>
				<total>0</total>
				<timestamp>6918.649127</timestamp>
			</report>
			<report>
				<misses>804400000</misses>
				<total>0</total>
				<timestamp>6919.536740</timestamp>
			</report>
			<report>
				<misses>804500000</misses>
				<total>0</total>
				<timestamp>6920.372456</timestamp>
			</report>
			<report>
				<misses>804600000</misses>
				<total>0</total>
				<timestamp>6921.225340</timestamp>
			</report>
			<report>
				<misses>804700000</misses>
				<total>0</total>
				<timestamp>6922.027015</timestamp>
			</report>
			<report>
				<misses>804800000</misses>
				<total>0</total>
				<timestamp>6922.854441</timestamp>
			</report>
			<report>
				<misses>804900000</misses>
				<total>0</total>
				<timestamp>6923.687793</timestamp>
			</report>
			<report>
				<misses>805000000</misses>
				<total>0</total>
				<timestamp>6924.497098</timestamp>
			</report>
			<report>
				<misses>805100000</misses>
				<total>0</total>
				<timestamp>6925.285532</timestamp>
			</report>
			<report>
				<misses>805200000</misses>
				<total>0</total>
				<timestamp>6926.098322</timestamp>
			</report>
			<report>
				<misses>805300000</misses>
				<total>0</total>
				<timestamp>6926.888961</timestamp>
			</report>
			<report>
				<misses>805400000</misses>
				<total>0</total>
				<timestamp>6927.687109</timestamp>
			</report>
			<report>
				<misses>805500000</misses>
				<total>0</total>
				<timestamp>6928.500794</timestamp>
			</report>
			<report>
				<misses>805600000</misses>
				<total>0</total>
				<timestamp>6929.348138</timestamp>
			</report>
			<report>
				<misses>805700000</misses>
				<total>0</total>
				<timestamp>6930.165708</timestamp>
			</report>
			<report>
				<misses>805800000</misses>
				<total>0</total>
				<timestamp>6930.999030</timestamp>
			</report>
			<report>
				<misses>805900000</misses>
				<total>0</total>
				<timestamp>6931.815025</timestamp>
			</report>
			<report>
				<misses>806000000</misses>
				<total>0</total>
				<timestamp>6932.651789</timestamp>
			</report>
			<report>
				<misses>806100000</misses>
				<total>0</total>
				<timestamp>6933.510575</timestamp>
			</report>
			<report>
				<misses>806200000</misses>
				<total>0</total>
				<timestamp>6934.392190</timestamp>
			</report>
			<report>
				<misses>806300000</misses>
				<total>0</total>
				<timestamp>6935.255342</timestamp>
			</report>
			<report>
				<misses>806400000</misses>
				<total>0</total>
				<timestamp>6936.119299</timestamp>
			</report>
			<report>
				<misses>806500000</misses>
				<total>0</total>
				<timestamp>6936.961477</timestamp>
			</report>
			<report>
				<misses>806600000</misses>
				<total>0</total>
				<timestamp>6937.809516</timestamp>
			</report>
			<report>
				<misses>806700000</misses>
				<total>0</total>
				<timestamp>6938.623588</timestamp>
			</report>
			<report>
				<misses>806800000</misses>
				<total>0</total>
				<timestamp>6939.506139</timestamp>
			</report>
			<report>
				<misses>806900000</misses>
				<total>0</total>
				<timestamp>6940.343335</timestamp>
			</report>
			<report>
				<misses>807000000</misses>
				<total>0</total>
				<timestamp>6941.175003</timestamp>
			</report>
			<report>
				<misses>807100000</misses>
				<total>0</total>
				<timestamp>6942.065504</timestamp>
			</report>
			<report>
				<misses>807200000</misses>
				<total>0</total>
				<timestamp>6942.994701</timestamp>
			</report>
			<report>
				<misses>807300000</misses>
				<total>0</total>
				<timestamp>6943.828454</timestamp>
			</report>
			<report>
				<misses>807400000</misses>
				<total>0</total>
				<timestamp>6944.713773</timestamp>
			</report>
			<report>
				<misses>807500000</misses>
				<total>0</total>
				<timestamp>6945.540914</timestamp>
			</report>
			<report>
				<misses>807600000</misses>
				<total>0</total>
				<timestamp>6946.398219</timestamp>
			</report>
			<report>
				<misses>807700000</misses>
				<total>0</total>
				<timestamp>6947.240560</timestamp>
			</report>
			<report>
				<misses>807800000</misses>
				<total>0</total>
				<timestamp>6948.038581</timestamp>
			</report>
			<report>
				<misses>807900000</misses>
				<total>0</total>
				<timestamp>6948.872930</timestamp>
			</report>
			<report>
				<misses>808000000</misses>
				<total>0</total>
				<timestamp>6949.749042</timestamp>
			</report>
			<report>
				<misses>808100000</misses>
				<total>0</total>
				<timestamp>6950.585029</timestamp>
			</report>
			<report>
				<misses>808200000</misses>
				<total>0</total>
				<timestamp>6951.438850</timestamp>
			</report>
			<report>
				<misses>808300000</misses>
				<total>0</total>
				<timestamp>6952.254326</timestamp>
			</report>
			<report>
				<misses>808400000</misses>
				<total>0</total>
				<timestamp>6953.052768</timestamp>
			</report>
			<report>
				<misses>808500000</misses>
				<total>0</total>
				<timestamp>6953.893188</timestamp>
			</report>
			<report>
				<misses>808600000</misses>
				<total>0</total>
				<timestamp>6954.750581</timestamp>
			</report>
			<report>
				<misses>808700000</misses>
				<total>0</total>
				<timestamp>6955.561308</timestamp>
			</report>
			<report>
				<misses>808800000</misses>
				<total>0</total>
				<timestamp>6956.451869</timestamp>
			</report>
			<report>
				<misses>808900000</misses>
				<total>0</total>
				<timestamp>6957.268570</timestamp>
			</report>
			<report>
				<misses>809000000</misses>
				<total>0</total>
				<timestamp>6958.127126</timestamp>
			</report>
			<report>
				<misses>809100000</misses>
				<total>0</total>
				<timestamp>6958.943500</timestamp>
			</report>
			<report>
				<misses>809200000</misses>
				<total>0</total>
				<timestamp>6959.832751</timestamp>
			</report>
			<report>
				<misses>809300000</misses>
				<total>0</total>
				<timestamp>6960.694641</timestamp>
			</report>
			<report>
				<misses>809400000</misses>
				<total>0</total>
				<timestamp>6961.583009</timestamp>
			</report>
			<report>
				<misses>809500000</misses>
				<total>0</total>
				<timestamp>6962.433170</timestamp>
			</report>
			<report>
				<misses>809600000</misses>
				<total>0</total>
				<timestamp>6963.353329</timestamp>
			</report>
			<report>
				<misses>809700000</misses>
				<total>0</total>
				<timestamp>6964.206970</timestamp>
			</report>
			<report>
				<misses>809800000</misses>
				<total>0</total>
				<timestamp>6965.071217</timestamp>
			</report>
			<report>
				<misses>809900000</misses>
				<total>0</total>
				<timestamp>6965.952279</timestamp>
			</report>
			<report>
				<misses>810000000</misses>
				<total>0</total>
				<timestamp>6966.785864</timestamp>
			</report>
			<report>
				<misses>810100000</misses>
				<total>0</total>
				<timestamp>6967.641099</timestamp>
			</report>
			<report>
				<misses>810200000</misses>
				<total>0</total>
				<timestamp>6968.571188</timestamp>
			</report>
			<report>
				<misses>810300000</misses>
				<total>0</total>
				<timestamp>6969.391056</timestamp>
			</report>
			<report>
				<misses>810400000</misses>
				<total>0</total>
				<timestamp>6970.291325</timestamp>
			</report>
			<report>
				<misses>810500000</misses>
				<total>0</total>
				<timestamp>6971.148540</timestamp>
			</report>
			<report>
				<misses>810600000</misses>
				<total>0</total>
				<timestamp>6971.958362</timestamp>
			</report>
			<report>
				<misses>810700000</misses>
				<total>0</total>
				<timestamp>6972.773606</timestamp>
			</report>
			<report>
				<misses>810800000</misses>
				<total>0</total>
				<timestamp>6973.580990</timestamp>
			</report>
			<report>
				<misses>810900000</misses>
				<total>0</total>
				<timestamp>6974.392709</timestamp>
			</report>
			<report>
				<misses>811000000</misses>
				<total>0</total>
				<timestamp>6975.238880</timestamp>
			</report>
			<report>
				<misses>811100000</misses>
				<total>0</total>
				<timestamp>6976.061195</timestamp>
			</report>
			<report>
				<misses>811200000</misses>
				<total>0</total>
				<timestamp>6976.916600</timestamp>
			</report>
			<report>
				<misses>811300000</misses>
				<total>0</total>
				<timestamp>6977.816455</timestamp>
			</report>
			<report>
				<misses>811400000</misses>
				<total>0</total>
				<timestamp>6978.663421</timestamp>
			</report>
			<report>
				<misses>811500000</misses>
				<total>0</total>
				<timestamp>6979.542046</timestamp>
			</report>
			<report>
				<misses>811600000</misses>
				<total>0</total>
				<timestamp>6980.390597</timestamp>
			</report>
			<report>
				<misses>811700000</misses>
				<total>0</total>
				<timestamp>6981.271244</timestamp>
			</report>
			<report>
				<misses>811800000</misses>
				<total>0</total>
				<timestamp>6982.129779</timestamp>
			</report>
			<report>
				<misses>811900000</misses>
				<total>0</total>
				<timestamp>6982.933196</timestamp>
			</report>
			<report>
				<misses>812000000</misses>
				<total>0</total>
				<timestamp>6983.824146</timestamp>
			</report>
			<report>
				<misses>812100000</misses>
				<total>0</total>
				<timestamp>6984.685433</timestamp>
			</report>
			<report>
				<misses>812200000</misses>
				<total>0</total>
				<timestamp>6985.576399</timestamp>
			</report>
			<report>
				<misses>812300000</misses>
				<total>0</total>
				<timestamp>6986.423681</timestamp>
			</report>
			<report>
				<misses>812400000</misses>
				<total>0</total>
				<timestamp>6987.317329</timestamp>
			</report>
			<report>
				<misses>812500000</misses>
				<total>0</total>
				<timestamp>6988.263198</timestamp>
			</report>
			<report>
				<misses>812600000</misses>
				<total>0</total>
				<timestamp>6989.056564</timestamp>
			</report>
			<report>
				<misses>812700000</misses>
				<total>0</total>
				<timestamp>6989.866550</timestamp>
			</report>
			<report>
				<misses>812800000</misses>
				<total>0</total>
				<timestamp>6990.704266</timestamp>
			</report>
			<report>
				<misses>812900000</misses>
				<total>0</total>
				<timestamp>6991.513167</timestamp>
			</report>
			<report>
				<misses>813000000</misses>
				<total>0</total>
				<timestamp>6992.302276</timestamp>
			</report>
			<report>
				<misses>813100000</misses>
				<total>0</total>
				<timestamp>6993.099810</timestamp>
			</report>
			<report>
				<misses>813200000</misses>
				<total>0</total>
				<timestamp>6993.914399</timestamp>
			</report>
			<report>
				<misses>813300000</misses>
				<total>0</total>
				<timestamp>6994.714894</timestamp>
			</report>
			<report>
				<misses>813400000</misses>
				<total>0</total>
				<timestamp>6995.504632</timestamp>
			</report>
			<report>
				<misses>813500000</misses>
				<total>0</total>
				<timestamp>6996.408671</timestamp>
			</report>
			<report>
				<misses>813600000</misses>
				<total>0</total>
				<timestamp>6997.299208</timestamp>
			</report>
			<report>
				<misses>813700000</misses>
				<total>0</total>
				<timestamp>6998.123929</timestamp>
			</report>
			<report>
				<misses>813800000</misses>
				<total>0</total>
				<timestamp>6999.011210</timestamp>
			</report>
			<report>
				<misses>813900000</misses>
				<total>0</total>
				<timestamp>6999.870794</timestamp>
			</report>
			<report>
				<misses>814000000</misses>
				<total>0</total>
				<timestamp>7000.761229</timestamp>
			</report>
			<report>
				<misses>814100000</misses>
				<total>0</total>
				<timestamp>7001.618174</timestamp>
			</report>
			<report>
				<misses>814200000</misses>
				<total>0</total>
				<timestamp>7002.551191</timestamp>
			</report>
			<report>
				<misses>814300000</misses>
				<total>0</total>
				<timestamp>7003.376230</timestamp>
			</report>
			<report>
				<misses>814400000</misses>
				<total>0</total>
				<timestamp>7004.288065</timestamp>
			</report>
			<report>
				<misses>814500000</misses>
				<total>0</total>
				<timestamp>7005.128266</timestamp>
			</report>
			<report>
				<misses>814600000</misses>
				<total>0</total>
				<timestamp>7006.005337</timestamp>
			</report>
			<report>
				<misses>814700000</misses>
				<total>0</total>
				<timestamp>7006.883990</timestamp>
			</report>
			<report>
				<misses>814800000</misses>
				<total>0</total>
				<timestamp>7007.728105</timestamp>
			</report>
			<report>
				<misses>814900000</misses>
				<total>0</total>
				<timestamp>7008.601096</timestamp>
			</report>
			<report>
				<misses>815000000</misses>
				<total>0</total>
				<timestamp>7009.469295</timestamp>
			</report>
			<report>
				<misses>815100000</misses>
				<total>0</total>
				<timestamp>7010.298962</timestamp>
			</report>
			<report>
				<misses>815200000</misses>
				<total>0</total>
				<timestamp>7011.091115</timestamp>
			</report>
			<report>
				<misses>815300000</misses>
				<total>0</total>
				<timestamp>7011.951944</timestamp>
			</report>
			<report>
				<misses>815400000</misses>
				<total>0</total>
				<timestamp>7012.740164</timestamp>
			</report>
			<report>
				<misses>815500000</misses>
				<total>0</total>
				<timestamp>7013.534397</timestamp>
			</report>
			<report>
				<misses>815600000</misses>
				<total>0</total>
				<timestamp>7014.356966</timestamp>
			</report>
			<report>
				<misses>815700000</misses>
				<total>0</total>
				<timestamp>7015.223458</timestamp>
			</report>
			<report>
				<misses>815800000</misses>
				<total>0</total>
				<timestamp>7016.118361</timestamp>
			</report>
			<report>
				<misses>815900000</misses>
				<total>0</total>
				<timestamp>7016.978960</timestamp>
			</report>
			<report>
				<misses>816000000</misses>
				<total>0</total>
				<timestamp>7017.894375</timestamp>
			</report>
			<report>
				<misses>816100000</misses>
				<total>0</total>
				<timestamp>7018.769762</timestamp>
			</report>
			<report>
				<misses>816200000</misses>
				<total>0</total>
				<timestamp>7019.668309</timestamp>
			</report>
			<report>
				<misses>816300000</misses>
				<total>0</total>
				<timestamp>7020.570483</timestamp>
			</report>
			<report>
				<misses>816400000</misses>
				<total>0</total>
				<timestamp>7021.437123</timestamp>
			</report>
			<report>
				<misses>816500000</misses>
				<total>0</total>
				<timestamp>7022.360866</timestamp>
			</report>
			<report>
				<misses>816600000</misses>
				<total>0</total>
				<timestamp>7023.275704</timestamp>
			</report>
			<report>
				<misses>816700000</misses>
				<total>0</total>
				<timestamp>7024.165364</timestamp>
			</report>
			<report>
				<misses>816800000</misses>
				<total>0</total>
				<timestamp>7025.033329</timestamp>
			</report>
			<report>
				<misses>816900000</misses>
				<total>0</total>
				<timestamp>7025.882543</timestamp>
			</report>
			<report>
				<misses>817000000</misses>
				<total>0</total>
				<timestamp>7026.790317</timestamp>
			</report>
			<report>
				<misses>817100000</misses>
				<total>0</total>
				<timestamp>7027.626848</timestamp>
			</report>
			<report>
				<misses>817200000</misses>
				<total>0</total>
				<timestamp>7028.472415</timestamp>
			</report>
			<report>
				<misses>817300000</misses>
				<total>0</total>
				<timestamp>7029.337126</timestamp>
			</report>
			<report>
				<misses>817400000</misses>
				<total>0</total>
				<timestamp>7030.239471</timestamp>
			</report>
			<report>
				<misses>817500000</misses>
				<total>0</total>
				<timestamp>7031.088302</timestamp>
			</report>
			<report>
				<misses>817600000</misses>
				<total>0</total>
				<timestamp>7031.997087</timestamp>
			</report>
			<report>
				<misses>817700000</misses>
				<total>0</total>
				<timestamp>7032.910032</timestamp>
			</report>
			<report>
				<misses>817800000</misses>
				<total>0</total>
				<timestamp>7033.739851</timestamp>
			</report>
			<report>
				<misses>817900000</misses>
				<total>0</total>
				<timestamp>7034.632269</timestamp>
			</report>
			<report>
				<misses>818000000</misses>
				<total>0</total>
				<timestamp>7035.483096</timestamp>
			</report>
			<report>
				<misses>818100000</misses>
				<total>0</total>
				<timestamp>7036.308688</timestamp>
			</report>
			<report>
				<misses>818200000</misses>
				<total>0</total>
				<timestamp>7037.175905</timestamp>
			</report>
			<report>
				<misses>818300000</misses>
				<total>0</total>
				<timestamp>7038.062428</timestamp>
			</report>
			<report>
				<misses>818400000</misses>
				<total>0</total>
				<timestamp>7038.937097</timestamp>
			</report>
			<report>
				<misses>818500000</misses>
				<total>0</total>
				<timestamp>7039.850052</timestamp>
			</report>
			<report>
				<misses>818600000</misses>
				<total>0</total>
				<timestamp>7040.734534</timestamp>
			</report>
			<report>
				<misses>818700000</misses>
				<total>0</total>
				<timestamp>7041.613256</timestamp>
			</report>
			<report>
				<misses>818800000</misses>
				<total>0</total>
				<timestamp>7042.541813</timestamp>
			</report>
			<report>
				<misses>818900000</misses>
				<total>0</total>
				<timestamp>7043.426490</timestamp>
			</report>
			<report>
				<misses>819000000</misses>
				<total>0</total>
				<timestamp>7044.234384</timestamp>
			</report>
			<report>
				<misses>819100000</misses>
				<total>0</total>
				<timestamp>7045.173129</timestamp>
			</report>
			<report>
				<misses>819200000</misses>
				<total>0</total>
				<timestamp>7046.134803</timestamp>
			</report>
			<report>
				<misses>819300000</misses>
				<total>0</total>
				<timestamp>7047.051185</timestamp>
			</report>
			<report>
				<misses>819400000</misses>
				<total>0</total>
				<timestamp>7047.965674</timestamp>
			</report>
			<report>
				<misses>819500000</misses>
				<total>0</total>
				<timestamp>7048.907420</timestamp>
			</report>
			<report>
				<misses>819600000</misses>
				<total>0</total>
				<timestamp>7049.835758</timestamp>
			</report>
			<report>
				<misses>819700000</misses>
				<total>0</total>
				<timestamp>7050.764870</timestamp>
			</report>
			<report>
				<misses>819800000</misses>
				<total>0</total>
				<timestamp>7051.635785</timestamp>
			</report>
			<report>
				<misses>819900000</misses>
				<total>0</total>
				<timestamp>7052.504761</timestamp>
			</report>
			<report>
				<misses>820000000</misses>
				<total>0</total>
				<timestamp>7053.401590</timestamp>
			</report>
			<report>
				<misses>820100000</misses>
				<total>0</total>
				<timestamp>7054.275687</timestamp>
			</report>
			<report>
				<misses>820200000</misses>
				<total>0</total>
				<timestamp>7055.078046</timestamp>
			</report>
			<report>
				<misses>820300000</misses>
				<total>0</total>
				<timestamp>7055.885672</timestamp>
			</report>
			<report>
				<misses>820400000</misses>
				<total>0</total>
				<timestamp>7056.713490</timestamp>
			</report>
			<report>
				<misses>820500000</misses>
				<total>0</total>
				<timestamp>7057.525820</timestamp>
			</report>
			<report>
				<misses>820600000</misses>
				<total>0</total>
				<timestamp>7058.325898</timestamp>
			</report>
			<report>
				<misses>820700000</misses>
				<total>0</total>
				<timestamp>7059.130040</timestamp>
			</report>
			<report>
				<misses>820800000</misses>
				<total>0</total>
				<timestamp>7059.949395</timestamp>
			</report>
			<report>
				<misses>820900000</misses>
				<total>0</total>
				<timestamp>7060.795285</timestamp>
			</report>
			<report>
				<misses>821000000</misses>
				<total>0</total>
				<timestamp>7061.634778</timestamp>
			</report>
			<report>
				<misses>821100000</misses>
				<total>0</total>
				<timestamp>7062.540386</timestamp>
			</report>
			<report>
				<misses>821200000</misses>
				<total>0</total>
				<timestamp>7063.411041</timestamp>
			</report>
			<report>
				<misses>821300000</misses>
				<total>0</total>
				<timestamp>7064.246192</timestamp>
			</report>
			<report>
				<misses>821400000</misses>
				<total>0</total>
				<timestamp>7065.118603</timestamp>
			</report>
			<report>
				<misses>821500000</misses>
				<total>0</total>
				<timestamp>7065.985557</timestamp>
			</report>
			<report>
				<misses>821600000</misses>
				<total>0</total>
				<timestamp>7066.867610</timestamp>
			</report>
			<report>
				<misses>821700000</misses>
				<total>0</total>
				<timestamp>7067.810929</timestamp>
			</report>
			<report>
				<misses>821800000</misses>
				<total>0</total>
				<timestamp>7068.677716</timestamp>
			</report>
			<report>
				<misses>821900000</misses>
				<total>0</total>
				<timestamp>7069.552713</timestamp>
			</report>
			<report>
				<misses>822000000</misses>
				<total>0</total>
				<timestamp>7070.393058</timestamp>
			</report>
			<report>
				<misses>822100000</misses>
				<total>0</total>
				<timestamp>7071.257604</timestamp>
			</report>
			<report>
				<misses>822200000</misses>
				<total>0</total>
				<timestamp>7072.180768</timestamp>
			</report>
			<report>
				<misses>822300000</misses>
				<total>0</total>
				<timestamp>7073.037497</timestamp>
			</report>
			<report>
				<misses>822400000</misses>
				<total>0</total>
				<timestamp>7073.853705</timestamp>
			</report>
			<report>
				<misses>822500000</misses>
				<total>0</total>
				<timestamp>7074.706442</timestamp>
			</report>
			<report>
				<misses>822600000</misses>
				<total>0</total>
				<timestamp>7075.558836</timestamp>
			</report>
			<report>
				<misses>822700000</misses>
				<total>0</total>
				<timestamp>7076.386340</timestamp>
			</report>
			<report>
				<misses>822800000</misses>
				<total>0</total>
				<timestamp>7077.200871</timestamp>
			</report>
			<report>
				<misses>822900000</misses>
				<total>0</total>
				<timestamp>7078.005662</timestamp>
			</report>
			<report>
				<misses>823000000</misses>
				<total>0</total>
				<timestamp>7078.848542</timestamp>
			</report>
			<report>
				<misses>823100000</misses>
				<total>0</total>
				<timestamp>7079.691070</timestamp>
			</report>
			<report>
				<misses>823200000</misses>
				<total>0</total>
				<timestamp>7080.533433</timestamp>
			</report>
			<report>
				<misses>823300000</misses>
				<total>0</total>
				<timestamp>7081.431366</timestamp>
			</report>
			<report>
				<misses>823400000</misses>
				<total>0</total>
				<timestamp>7082.318531</timestamp>
			</report>
			<report>
				<misses>823500000</misses>
				<total>0</total>
				<timestamp>7083.220191</timestamp>
			</report>
			<report>
				<misses>823600000</misses>
				<total>0</total>
				<timestamp>7084.076323</timestamp>
			</report>
			<report>
				<misses>823700000</misses>
				<total>0</total>
				<timestamp>7084.945699</timestamp>
			</report>
			<report>
				<misses>823800000</misses>
				<total>0</total>
				<timestamp>7085.803499</timestamp>
			</report>
			<report>
				<misses>823900000</misses>
				<total>0</total>
				<timestamp>7086.670637</timestamp>
			</report>
			<report>
				<misses>824000000</misses>
				<total>0</total>
				<timestamp>7087.510125</timestamp>
			</report>
			<report>
				<misses>824100000</misses>
				<total>0</total>
				<timestamp>7088.422960</timestamp>
			</report>
			<report>
				<misses>824200000</misses>
				<total>0</total>
				<timestamp>7089.273240</timestamp>
			</report>
			<report>
				<misses>824300000</misses>
				<total>0</total>
				<timestamp>7090.135574</timestamp>
			</report>
			<report>
				<misses>824400000</misses>
				<total>0</total>
				<timestamp>7090.989867</timestamp>
			</report>
			<report>
				<misses>824500000</misses>
				<total>0</total>
				<timestamp>7091.832315</timestamp>
			</report>
			<report>
				<misses>824600000</misses>
				<total>0</total>
				<timestamp>7092.714597</timestamp>
			</report>
			<report>
				<misses>824700000</misses>
				<total>0</total>
				<timestamp>7093.587742</timestamp>
			</report>
			<report>
				<misses>824800000</misses>
				<total>0</total>
				<timestamp>7094.439507</timestamp>
			</report>
			<report>
				<misses>824900000</misses>
				<total>0</total>
				<timestamp>7095.357202</timestamp>
			</report>
			<report>
				<misses>825000000</misses>
				<total>0</total>
				<timestamp>7096.214915</timestamp>
			</report>
			<report>
				<misses>825100000</misses>
				<total>0</total>
				<timestamp>7097.043211</timestamp>
			</report>
			<report>
				<misses>825200000</misses>
				<total>0</total>
				<timestamp>7097.949235</timestamp>
			</report>
			<report>
				<misses>825300000</misses>
				<total>0</total>
				<timestamp>7098.809466</timestamp>
			</report>
			<report>
				<misses>825400000</misses>
				<total>0</total>
				<timestamp>7099.719236</timestamp>
			</report>
			<report>
				<misses>825500000</misses>
				<total>0</total>
				<timestamp>7100.543243</timestamp>
			</report>
			<report>
				<misses>825600000</misses>
				<total>0</total>
				<timestamp>7101.353311</timestamp>
			</report>
			<report>
				<misses>825700000</misses>
				<total>0</total>
				<timestamp>7102.145332</timestamp>
			</report>
			<report>
				<misses>825800000</misses>
				<total>0</total>
				<timestamp>7102.937015</timestamp>
			</report>
			<report>
				<misses>825900000</misses>
				<total>0</total>
				<timestamp>7103.782124</timestamp>
			</report>
			<report>
				<misses>826000000</misses>
				<total>0</total>
				<timestamp>7104.639492</timestamp>
			</report>
			<report>
				<misses>826100000</misses>
				<total>0</total>
				<timestamp>7105.479912</timestamp>
			</report>
			<report>
				<misses>826200000</misses>
				<total>0</total>
				<timestamp>7106.279214</timestamp>
			</report>
			<report>
				<misses>826300000</misses>
				<total>0</total>
				<timestamp>7107.087961</timestamp>
			</report>
			<report>
				<misses>826400000</misses>
				<total>0</total>
				<timestamp>7107.939640</timestamp>
			</report>
			<report>
				<misses>826500000</misses>
				<total>0</total>
				<timestamp>7108.756319</timestamp>
			</report>
			<report>
				<misses>826600000</misses>
				<total>0</total>
				<timestamp>7109.632649</timestamp>
			</report>
			<report>
				<misses>826700000</misses>
				<total>0</total>
				<timestamp>7110.461562</timestamp>
			</report>
			<report>
				<misses>826800000</misses>
				<total>0</total>
				<timestamp>7111.330863</timestamp>
			</report>
			<report>
				<misses>826900000</misses>
				<total>0</total>
				<timestamp>7112.179238</timestamp>
			</report>
			<report>
				<misses>827000000</misses>
				<total>0</total>
				<timestamp>7113.023218</timestamp>
			</report>
			<report>
				<misses>827100000</misses>
				<total>0</total>
				<timestamp>7113.875303</timestamp>
			</report>
			<report>
				<misses>827200000</misses>
				<total>0</total>
				<timestamp>7114.769471</timestamp>
			</report>
			<report>
				<misses>827300000</misses>
				<total>0</total>
				<timestamp>7115.615881</timestamp>
			</report>
			<report>
				<misses>827400000</misses>
				<total>0</total>
				<timestamp>7116.480734</timestamp>
			</report>
			<report>
				<misses>827500000</misses>
				<total>0</total>
				<timestamp>7117.400551</timestamp>
			</report>
			<report>
				<misses>827600000</misses>
				<total>0</total>
				<timestamp>7118.291329</timestamp>
			</report>
			<report>
				<misses>827700000</misses>
				<total>0</total>
				<timestamp>7119.135436</timestamp>
			</report>
			<report>
				<misses>827800000</misses>
				<total>0</total>
				<timestamp>7120.004791</timestamp>
			</report>
			<report>
				<misses>827900000</misses>
				<total>0</total>
				<timestamp>7120.844167</timestamp>
			</report>
			<report>
				<misses>828000000</misses>
				<total>0</total>
				<timestamp>7121.713036</timestamp>
			</report>
			<report>
				<misses>828100000</misses>
				<total>0</total>
				<timestamp>7122.529504</timestamp>
			</report>
			<report>
				<misses>828200000</misses>
				<total>0</total>
				<timestamp>7123.394302</timestamp>
			</report>
			<report>
				<misses>828300000</misses>
				<total>0</total>
				<timestamp>7124.296798</timestamp>
			</report>
			<report>
				<misses>828400000</misses>
				<total>0</total>
				<timestamp>7125.135245</timestamp>
			</report>
			<report>
				<misses>828500000</misses>
				<total>0</total>
				<timestamp>7126.094633</timestamp>
			</report>
			<report>
				<misses>828600000</misses>
				<total>0</total>
				<timestamp>7126.926643</timestamp>
			</report>
			<report>
				<misses>828700000</misses>
				<total>0</total>
				<timestamp>7127.837567</timestamp>
			</report>
			<report>
				<misses>828800000</misses>
				<total>0</total>
				<timestamp>7128.652520</timestamp>
			</report>
			<report>
				<misses>828900000</misses>
				<total>0</total>
				<timestamp>7129.527683</timestamp>
			</report>
			<report>
				<misses>829000000</misses>
				<total>0</total>
				<timestamp>7130.349436</timestamp>
			</report>
			<report>
				<misses>829100000</misses>
				<total>0</total>
				<timestamp>7131.176611</timestamp>
			</report>
			<report>
				<misses>829200000</misses>
				<total>0</total>
				<timestamp>7131.993997</timestamp>
			</report>
			<report>
				<misses>829300000</misses>
				<total>0</total>
				<timestamp>7132.878319</timestamp>
			</report>
			<report>
				<misses>829400000</misses>
				<total>0</total>
				<timestamp>7133.757375</timestamp>
			</report>
			<report>
				<misses>829500000</misses>
				<total>0</total>
				<timestamp>7134.612560</timestamp>
			</report>
			<report>
				<misses>829600000</misses>
				<total>0</total>
				<timestamp>7135.504316</timestamp>
			</report>
			<report>
				<misses>829700000</misses>
				<total>0</total>
				<timestamp>7136.365053</timestamp>
			</report>
			<report>
				<misses>829800000</misses>
				<total>0</total>
				<timestamp>7137.260765</timestamp>
			</report>
			<report>
				<misses>829900000</misses>
				<total>0</total>
				<timestamp>7138.140065</timestamp>
			</report>
			<report>
				<misses>830000000</misses>
				<total>0</total>
				<timestamp>7139.001618</timestamp>
			</report>
			<report>
				<misses>830100000</misses>
				<total>0</total>
				<timestamp>7139.910691</timestamp>
			</report>
			<report>
				<misses>830200000</misses>
				<total>0</total>
				<timestamp>7140.724063</timestamp>
			</report>
			<report>
				<misses>830300000</misses>
				<total>0</total>
				<timestamp>7141.604952</timestamp>
			</report>
			<report>
				<misses>830400000</misses>
				<total>0</total>
				<timestamp>7142.470862</timestamp>
			</report>
			<report>
				<misses>830500000</misses>
				<total>0</total>
				<timestamp>7143.345879</timestamp>
			</report>
			<report>
				<misses>830600000</misses>
				<total>0</total>
				<timestamp>7144.235180</timestamp>
			</report>
			<report>
				<misses>830700000</misses>
				<total>0</total>
				<timestamp>7145.171359</timestamp>
			</report>
			<report>
				<misses>830800000</misses>
				<total>0</total>
				<timestamp>7146.009614</timestamp>
			</report>
			<report>
				<misses>830900000</misses>
				<total>0</total>
				<timestamp>7146.898766</timestamp>
			</report>
			<report>
				<misses>831000000</misses>
				<total>0</total>
				<timestamp>7147.775007</timestamp>
			</report>
			<report>
				<misses>831100000</misses>
				<total>0</total>
				<timestamp>7148.628891</timestamp>
			</report>
			<report>
				<misses>831200000</misses>
				<total>0</total>
				<timestamp>7149.507553</timestamp>
			</report>
			<report>
				<misses>831300000</misses>
				<total>0</total>
				<timestamp>7150.334132</timestamp>
			</report>
			<report>
				<misses>831400000</misses>
				<total>0</total>
				<timestamp>7151.168599</timestamp>
			</report>
			<report>
				<misses>831500000</misses>
				<total>0</total>
				<timestamp>7152.022643</timestamp>
			</report>
			<report>
				<misses>831600000</misses>
				<total>0</total>
				<timestamp>7152.874773</timestamp>
			</report>
			<report>
				<misses>831700000</misses>
				<total>0</total>
				<timestamp>7153.694166</timestamp>
			</report>
			<report>
				<misses>831800000</misses>
				<total>0</total>
				<timestamp>7154.516223</timestamp>
			</report>
			<report>
				<misses>831900000</misses>
				<total>0</total>
				<timestamp>7155.329089</timestamp>
			</report>
			<report>
				<misses>832000000</misses>
				<total>0</total>
				<timestamp>7156.136559</timestamp>
			</report>
			<report>
				<misses>832100000</misses>
				<total>0</total>
				<timestamp>7157.004937</timestamp>
			</report>
			<report>
				<misses>832200000</misses>
				<total>0</total>
				<timestamp>7157.844339</timestamp>
			</report>
			<report>
				<misses>832300000</misses>
				<total>0</total>
				<timestamp>7158.706321</timestamp>
			</report>
			<report>
				<misses>832400000</misses>
				<total>0</total>
				<timestamp>7159.597810</timestamp>
			</report>
			<report>
				<misses>832500000</misses>
				<total>0</total>
				<timestamp>7160.458924</timestamp>
			</report>
			<report>
				<misses>832600000</misses>
				<total>0</total>
				<timestamp>7161.357989</timestamp>
			</report>
			<report>
				<misses>832700000</misses>
				<total>0</total>
				<timestamp>7162.237537</timestamp>
			</report>
			<report>
				<misses>832800000</misses>
				<total>0</total>
				<timestamp>7163.105493</timestamp>
			</report>
			<report>
				<misses>832900000</misses>
				<total>0</total>
				<timestamp>7163.993275</timestamp>
			</report>
			<report>
				<misses>833000000</misses>
				<total>0</total>
				<timestamp>7164.891735</timestamp>
			</report>
			<report>
				<misses>833100000</misses>
				<total>0</total>
				<timestamp>7165.738275</timestamp>
			</report>
			<report>
				<misses>833200000</misses>
				<total>0</total>
				<timestamp>7166.621682</timestamp>
			</report>
			<report>
				<misses>833300000</misses>
				<total>0</total>
				<timestamp>7167.471009</timestamp>
			</report>
			<report>
				<misses>833400000</misses>
				<total>0</total>
				<timestamp>7168.357706</timestamp>
			</report>
			<report>
				<misses>833500000</misses>
				<total>0</total>
				<timestamp>7169.161759</timestamp>
			</report>
			<report>
				<misses>833600000</misses>
				<total>0</total>
				<timestamp>7170.018123</timestamp>
			</report>
			<report>
				<misses>833700000</misses>
				<total>0</total>
				<timestamp>7170.857778</timestamp>
			</report>
			<report>
				<misses>833800000</misses>
				<total>0</total>
				<timestamp>7171.662256</timestamp>
			</report>
			<report>
				<misses>833900000</misses>
				<total>0</total>
				<timestamp>7172.477846</timestamp>
			</report>
			<report>
				<misses>834000000</misses>
				<total>0</total>
				<timestamp>7173.313990</timestamp>
			</report>
			<report>
				<misses>834100000</misses>
				<total>0</total>
				<timestamp>7174.140800</timestamp>
			</report>
			<report>
				<misses>834200000</misses>
				<total>0</total>
				<timestamp>7174.913338</timestamp>
			</report>
			<report>
				<misses>834300000</misses>
				<total>0</total>
				<timestamp>7175.764731</timestamp>
			</report>
			<report>
				<misses>834400000</misses>
				<total>0</total>
				<timestamp>7176.599182</timestamp>
			</report>
			<report>
				<misses>834500000</misses>
				<total>0</total>
				<timestamp>7177.492288</timestamp>
			</report>
			<report>
				<misses>834600000</misses>
				<total>0</total>
				<timestamp>7178.342652</timestamp>
			</report>
			<report>
				<misses>834700000</misses>
				<total>0</total>
				<timestamp>7179.176516</timestamp>
			</report>
			<report>
				<misses>834800000</misses>
				<total>0</total>
				<timestamp>7180.041939</timestamp>
			</report>
			<report>
				<misses>834900000</misses>
				<total>0</total>
				<timestamp>7180.942683</timestamp>
			</report>
			<report>
				<misses>835000000</misses>
				<total>0</total>
				<timestamp>7181.798330</timestamp>
			</report>
			<report>
				<misses>835100000</misses>
				<total>0</total>
				<timestamp>7182.628608</timestamp>
			</report>
			<report>
				<misses>835200000</misses>
				<total>0</total>
				<timestamp>7183.488184</timestamp>
			</report>
			<report>
				<misses>835300000</misses>
				<total>0</total>
				<timestamp>7184.351346</timestamp>
			</report>
			<report>
				<misses>835400000</misses>
				<total>0</total>
				<timestamp>7185.203600</timestamp>
			</report>
			<report>
				<misses>835500000</misses>
				<total>0</total>
				<timestamp>7186.103117</timestamp>
			</report>
			<report>
				<misses>835600000</misses>
				<total>0</total>
				<timestamp>7186.959054</timestamp>
			</report>
			<report>
				<misses>835700000</misses>
				<total>0</total>
				<timestamp>7187.836979</timestamp>
			</report>
			<report>
				<misses>835800000</misses>
				<total>0</total>
				<timestamp>7188.719077</timestamp>
			</report>
			<report>
				<misses>835900000</misses>
				<total>0</total>
				<timestamp>7189.507385</timestamp>
			</report>
			<report>
				<misses>836000000</misses>
				<total>0</total>
				<timestamp>7190.326720</timestamp>
			</report>
			<report>
				<misses>836100000</misses>
				<total>0</total>
				<timestamp>7191.144511</timestamp>
			</report>
			<report>
				<misses>836200000</misses>
				<total>0</total>
				<timestamp>7191.942334</timestamp>
			</report>
			<report>
				<misses>836300000</misses>
				<total>0</total>
				<timestamp>7192.743400</timestamp>
			</report>
			<report>
				<misses>836400000</misses>
				<total>0</total>
				<timestamp>7193.578059</timestamp>
			</report>
			<report>
				<misses>836500000</misses>
				<total>0</total>
				<timestamp>7194.469541</timestamp>
			</report>
			<report>
				<misses>836600000</misses>
				<total>0</total>
				<timestamp>7195.312077</timestamp>
			</report>
			<report>
				<misses>836700000</misses>
				<total>0</total>
				<timestamp>7196.161510</timestamp>
			</report>
			<report>
				<misses>836800000</misses>
				<total>0</total>
				<timestamp>7197.048839</timestamp>
			</report>
			<report>
				<misses>836900000</misses>
				<total>0</total>
				<timestamp>7197.986351</timestamp>
			</report>
			<report>
				<misses>837000000</misses>
				<total>0</total>
				<timestamp>7198.839242</timestamp>
			</report>
		</query>
	</custom>
	<ethtool_statistic>
		<rx_packets>
			<start>272199824</start>
			<end>575771499</end>
		</rx_packets>
		<tx_packets>
			<start>588675103</start>
			<end>1628138142</end>
		</tx_packets>
		<rx_dropped>
			<start>0</start>
			<end>0</end>
		</rx_dropped>
		<tx_dropped>
			<start>0</start>
			<end>0</end>
		</tx_dropped>
		<collisions>
			<start>0</start>
			<end>0</end>
		</collisions>
		<port_tx_errors>
			<start>0</start>
			<end>0</end>
		</port_tx_errors>
		<port_rx_dropped>
			<start>0</start>
			<end>0</end>
		</port_rx_dropped>
		<port_tx_dropped_link_down>
			<start>0</start>
			<end>0</end>
		</port_tx_dropped_link_down>
	</ethtool_statistic>
	<ip_statistic>
		<mtu>
			<start>9000</start>
			<end>9000</end>
		</mtu>
		<rx_bytes>
			<start>2433953554776</start>
			<end>5148398331222</end>
		</rx_bytes>
		<rx_packets>
			<start>272199911</start>
			<end>575771611</end>
		</rx_packets>
		<rx_errors>
			<start>0</start>
			<end>0</end>
		</rx_errors>
		<rx_dropped>
			<start>0</start>
			<end>0</end>
		</rx_dropped>
		<rx_missed>
			<start>0</start>
			<end>0</end>
		</rx_missed>
		<rx_mcast>
			<start>337</start>
			<end>480</end>
		</rx_mcast>
		<tx_bytes>
			<start>2064902417612</start>
			<end>3976624719526</end>
		</tx_bytes>
		<tx_packets>
			<start>588675161</start>
			<end>1628138209</end>
		</tx_packets>
		<tx_errors>
			<start>0</start>
			<end>0</end>
		</tx_errors>
		<tx_dropped>
			<start>0</start>
			<end>0</end>
		</tx_dropped>
		<tx_carrier>
			<start>0</start>
			<end>0</end>
		</tx_carrier>
		<tx_collisions>
			<start>0</start>
			<end>0</end>
		</tx_collisions>
	</ip_statistic>
	<netstat_statistic>
		<udp_pkg_rec>
			<start>272260422</start>
			<end>575869633</end>
		</udp_pkg_rec>
		<udp_pkg_snt>
			<start>588736308</start>
			<end>1628237574</end>
		</udp_pkg_snt>
		<udp_rec_err>
			<start>1</start>
			<end>1</end>
		</udp_rec_err>
		<udp_rec_buf_err>
			<start>1</start>
			<end>1</end>
		</udp_rec_buf_err>
		<udp_snt_buf_err>
			<start>0</start>
			<end>0</end>
		</udp_snt_buf_err>
	</netstat_statistic>
</test_results>
