<?xml version="1.0"?>
<test_results>
	<status>STATUS_SUCCESS</status>
	<custom>
		<num_loss>135989</num_loss>
		<num_total>140000</num_total>
		<num_misses>356</num_misses>
		<elapsed_time>10.824035</elapsed_time>
		<query>
			<report>
				<misses>10000</misses>
				<total>6002</total>
			</report>
			<report>
				<misses>20000</misses>
				<total>16001</total>
			</report>
			<report>
				<misses>30000</misses>
				<total>26000</total>
			</report>
			<report>
				<misses>40000</misses>
				<total>35999</total>
			</report>
			<report>
				<misses>50000</misses>
				<total>45998</total>
			</report>
			<report>
				<misses>60000</misses>
				<total>55997</total>
			</report>
			<report>
				<misses>70000</misses>
				<total>65996</total>
			</report>
			<report>
				<misses>80000</misses>
				<total>75995</total>
			</report>
			<report>
				<misses>90000</misses>
				<total>85994</total>
			</report>
			<report>
				<misses>100000</misses>
				<total>95993</total>
			</report>
			<report>
				<misses>110000</misses>
				<total>105992</total>
			</report>
			<report>
				<misses>120000</misses>
				<total>115991</total>
			</report>
			<report>
				<misses>130000</misses>
				<total>125990</total>
			</report>
		</query>
	</custom>
	<ethtool_statistic>
		<rx_packets>
			<start>17163297264</start>
			<end>17164030269</end>
		</rx_packets>
		<tx_packets>
			<start>20136188646</start>
			<end>20137748051</end>
		</tx_packets>
		<rx_dropped>
			<start>267</start>
			<end>267</end>
		</rx_dropped>
		<tx_dropped>
			<start>0</start>
			<end>0</end>
		</tx_dropped>
		<collisions>
			<start>0</start>
			<end>0</end>
		</collisions>
		<port_tx_errors>
			<start>0</start>
			<end>0</end>
		</port_tx_errors>
		<port_rx_dropped>
			<start>0</start>
			<end>0</end>
		</port_rx_dropped>
		<port_tx_dropped_link_down>
			<start>0</start>
			<end>0</end>
		</port_tx_dropped_link_down>
	</ethtool_statistic>
	<ip_statistic>
		<mtu>
			<start>9000</start>
			<end>9000</end>
		</mtu>
		<rx_bytes>
			<start>154284904091306</start>
			<end>154291494348010</end>
		</rx_bytes>
		<rx_packets>
			<start>17163297318</start>
			<end>17164030404</end>
		</rx_packets>
		<rx_errors>
			<start>0</start>
			<end>0</end>
		</rx_errors>
		<rx_dropped>
			<start>273</start>
			<end>273</end>
		</rx_dropped>
		<rx_missed>
			<start>0</start>
			<end>0</end>
		</rx_missed>
		<rx_mcast>
			<start>12397</start>
			<end>12397</end>
		</rx_mcast>
		<tx_bytes>
			<start>137154747124925</start>
			<end>137167836905783</end>
		</tx_bytes>
		<tx_packets>
			<start>20136188693</start>
			<end>20137748144</end>
		</tx_packets>
		<tx_errors>
			<start>0</start>
			<end>0</end>
		</tx_errors>
		<tx_dropped>
			<start>0</start>
			<end>0</end>
		</tx_dropped>
		<tx_carrier>
			<start>0</start>
			<end>0</end>
		</tx_carrier>
		<tx_collisions>
			<start>0</start>
			<end>0</end>
		</tx_collisions>
	</ip_statistic>
	<netstat_statistic>
		<udp_pkg_rec>
			<start>16882748615</start>
			<end>16883470682</end>
		</udp_pkg_rec>
		<udp_pkg_snt>
			<start>16835393072</start>
			<end>16835972676</end>
		</udp_pkg_snt>
		<udp_rec_err>
			<start>282544854</start>
			<end>282555940</end>
		</udp_rec_err>
		<udp_rec_buf_err>
			<start>282544854</start>
			<end>282555940</end>
		</udp_rec_buf_err>
		<udp_snt_buf_err>
			<start>28</start>
			<end>28</end>
		</udp_snt_buf_err>
	</netstat_statistic>
</test_results>
