<?xml version="1.0"?>
<test_results>
	<status>STATUS_SUCCESS</status>
	<custom>
		<num_loss>-1</num_loss>
		<num_total>-1</num_total>
		<num_misses>-1</num_misses>
		<elapsed_time>-1.000000</elapsed_time>
		<query />
	</custom>
	<ethtool_statistic>
		<rx_packets>
			<start>4502708125</start>
			<end>4518620339</end>
		</rx_packets>
		<tx_packets>
			<start>5302994679</start>
			<end>5316841999</end>
		</tx_packets>
		<rx_dropped>
			<start>349</start>
			<end>349</end>
		</rx_dropped>
		<tx_dropped>
			<start>0</start>
			<end>0</end>
		</tx_dropped>
		<collisions>
			<start>0</start>
			<end>0</end>
		</collisions>
		<port_tx_errors>
			<start>0</start>
			<end>0</end>
		</port_tx_errors>
		<port_rx_dropped>
			<start>0</start>
			<end>0</end>
		</port_rx_dropped>
		<port_tx_dropped_link_down>
			<start>0</start>
			<end>0</end>
		</port_tx_dropped_link_down>
	</ethtool_statistic>
	<ip_statistic>
		<mtu>
			<start>9000</start>
			<end>9000</end>
		</mtu>
		<rx_bytes>
			<start>15195896372562</start>
			<end>15285588550696</end>
		</rx_bytes>
		<rx_packets>
			<start>4502708305</start>
			<end>4518620411</end>
		</rx_packets>
		<rx_errors>
			<start>0</start>
			<end>0</end>
		</rx_errors>
		<rx_dropped>
			<start>349</start>
			<end>349</end>
		</rx_dropped>
		<rx_missed>
			<start>0</start>
			<end>0</end>
		</rx_missed>
		<rx_mcast>
			<start>2133</start>
			<end>2137</end>
		</rx_mcast>
		<tx_bytes>
			<start>17626320144818</start>
			<end>17672313936226</end>
		</tx_bytes>
		<tx_packets>
			<start>5302994727</start>
			<end>5316842284</end>
		</tx_packets>
		<tx_errors>
			<start>0</start>
			<end>0</end>
		</tx_errors>
		<tx_dropped>
			<start>0</start>
			<end>0</end>
		</tx_dropped>
		<tx_carrier>
			<start>0</start>
			<end>0</end>
		</tx_carrier>
		<tx_collisions>
			<start>0</start>
			<end>0</end>
		</tx_collisions>
	</ip_statistic>
	<netstat_statistic>
		<udp_pkg_rec>
			<start>4110309551</start>
			<end>4117503616</end>
		</udp_pkg_rec>
		<udp_pkg_snt>
			<start>5302996289</start>
			<end>5316843825</end>
		</udp_pkg_snt>
		<udp_rec_err>
			<start>345046101</start>
			<end>345941012</end>
		</udp_rec_err>
		<udp_rec_buf_err>
			<start>345046101</start>
			<end>345941012</end>
		</udp_rec_buf_err>
		<udp_snt_buf_err>
			<start>0</start>
			<end>0</end>
		</udp_snt_buf_err>
	</netstat_statistic>
</test_results>
