<?xml version="1.0"?>
<test_results>
	<status>STATUS_SUCCESS</status>
	<custom>
		<num_loss>10</num_loss>
		<num_total>143986768</num_total>
		<num_misses>5230</num_misses>
		<elapsed_time>7199.527955</elapsed_time>
		<query>
			<report>
				<misses>100000</misses>
				<total>0</total>
				<timestamp>5.000034</timestamp>
			</report>
			<report>
				<misses>200000</misses>
				<total>0</total>
				<timestamp>10.000534</timestamp>
			</report>
			<report>
				<misses>300000</misses>
				<total>0</total>
				<timestamp>15.001845</timestamp>
			</report>
			<report>
				<misses>400000</misses>
				<total>0</total>
				<timestamp>20.002540</timestamp>
			</report>
			<report>
				<misses>500000</misses>
				<total>0</total>
				<timestamp>25.003491</timestamp>
			</report>
			<report>
				<misses>600000</misses>
				<total>0</total>
				<timestamp>30.003498</timestamp>
			</report>
			<report>
				<misses>700000</misses>
				<total>0</total>
				<timestamp>35.003652</timestamp>
			</report>
			<report>
				<misses>800000</misses>
				<total>0</total>
				<timestamp>40.003678</timestamp>
			</report>
			<report>
				<misses>900000</misses>
				<total>0</total>
				<timestamp>45.004078</timestamp>
			</report>
			<report>
				<misses>1000000</misses>
				<total>0</total>
				<timestamp>50.004134</timestamp>
			</report>
			<report>
				<misses>1100000</misses>
				<total>0</total>
				<timestamp>55.004241</timestamp>
			</report>
			<report>
				<misses>1200000</misses>
				<total>0</total>
				<timestamp>60.004384</timestamp>
			</report>
			<report>
				<misses>1300000</misses>
				<total>0</total>
				<timestamp>65.004531</timestamp>
			</report>
			<report>
				<misses>1400000</misses>
				<total>0</total>
				<timestamp>70.004576</timestamp>
			</report>
			<report>
				<misses>1500000</misses>
				<total>0</total>
				<timestamp>75.004934</timestamp>
			</report>
			<report>
				<misses>1600000</misses>
				<total>0</total>
				<timestamp>80.005627</timestamp>
			</report>
			<report>
				<misses>1700000</misses>
				<total>0</total>
				<timestamp>85.005631</timestamp>
			</report>
			<report>
				<misses>1800000</misses>
				<total>0</total>
				<timestamp>90.005602</timestamp>
			</report>
			<report>
				<misses>1900000</misses>
				<total>0</total>
				<timestamp>95.005689</timestamp>
			</report>
			<report>
				<misses>2000000</misses>
				<total>0</total>
				<timestamp>100.005744</timestamp>
			</report>
			<report>
				<misses>2100000</misses>
				<total>0</total>
				<timestamp>105.005886</timestamp>
			</report>
			<report>
				<misses>2200000</misses>
				<total>0</total>
				<timestamp>110.005924</timestamp>
			</report>
			<report>
				<misses>2300000</misses>
				<total>0</total>
				<timestamp>115.006246</timestamp>
			</report>
			<report>
				<misses>2400000</misses>
				<total>0</total>
				<timestamp>120.006738</timestamp>
			</report>
			<report>
				<misses>2500000</misses>
				<total>0</total>
				<timestamp>125.007343</timestamp>
			</report>
			<report>
				<misses>2600000</misses>
				<total>0</total>
				<timestamp>130.007381</timestamp>
			</report>
			<report>
				<misses>2700000</misses>
				<total>0</total>
				<timestamp>135.007690</timestamp>
			</report>
			<report>
				<misses>2800000</misses>
				<total>0</total>
				<timestamp>140.007632</timestamp>
			</report>
			<report>
				<misses>2900000</misses>
				<total>0</total>
				<timestamp>145.007580</timestamp>
			</report>
			<report>
				<misses>3000000</misses>
				<total>0</total>
				<timestamp>150.007754</timestamp>
			</report>
			<report>
				<misses>3100000</misses>
				<total>0</total>
				<timestamp>155.007737</timestamp>
			</report>
			<report>
				<misses>3200000</misses>
				<total>0</total>
				<timestamp>160.007709</timestamp>
			</report>
			<report>
				<misses>3300000</misses>
				<total>0</total>
				<timestamp>165.007885</timestamp>
			</report>
			<report>
				<misses>3400000</misses>
				<total>0</total>
				<timestamp>170.007854</timestamp>
			</report>
			<report>
				<misses>3500000</misses>
				<total>0</total>
				<timestamp>175.007831</timestamp>
			</report>
			<report>
				<misses>3600000</misses>
				<total>0</total>
				<timestamp>180.007789</timestamp>
			</report>
			<report>
				<misses>3700000</misses>
				<total>0</total>
				<timestamp>185.007738</timestamp>
			</report>
			<report>
				<misses>3800000</misses>
				<total>0</total>
				<timestamp>190.007782</timestamp>
			</report>
			<report>
				<misses>3900000</misses>
				<total>0</total>
				<timestamp>195.007732</timestamp>
			</report>
			<report>
				<misses>4000000</misses>
				<total>0</total>
				<timestamp>200.007782</timestamp>
			</report>
			<report>
				<misses>4100000</misses>
				<total>0</total>
				<timestamp>205.007781</timestamp>
			</report>
			<report>
				<misses>4200000</misses>
				<total>0</total>
				<timestamp>210.007743</timestamp>
			</report>
			<report>
				<misses>4300000</misses>
				<total>0</total>
				<timestamp>215.007686</timestamp>
			</report>
			<report>
				<misses>4400000</misses>
				<total>0</total>
				<timestamp>220.007643</timestamp>
			</report>
			<report>
				<misses>4500000</misses>
				<total>0</total>
				<timestamp>225.007643</timestamp>
			</report>
			<report>
				<misses>4600000</misses>
				<total>0</total>
				<timestamp>230.007841</timestamp>
			</report>
			<report>
				<misses>4700000</misses>
				<total>0</total>
				<timestamp>235.007795</timestamp>
			</report>
			<report>
				<misses>4800000</misses>
				<total>0</total>
				<timestamp>240.007802</timestamp>
			</report>
			<report>
				<misses>4900000</misses>
				<total>0</total>
				<timestamp>245.007782</timestamp>
			</report>
			<report>
				<misses>5000000</misses>
				<total>0</total>
				<timestamp>250.007727</timestamp>
			</report>
			<report>
				<misses>5100000</misses>
				<total>0</total>
				<timestamp>255.007682</timestamp>
			</report>
			<report>
				<misses>5200000</misses>
				<total>0</total>
				<timestamp>260.007634</timestamp>
			</report>
			<report>
				<misses>5300000</misses>
				<total>0</total>
				<timestamp>265.008082</timestamp>
			</report>
			<report>
				<misses>5400000</misses>
				<total>0</total>
				<timestamp>270.008085</timestamp>
			</report>
			<report>
				<misses>5500000</misses>
				<total>0</total>
				<timestamp>275.008181</timestamp>
			</report>
			<report>
				<misses>5600000</misses>
				<total>0</total>
				<timestamp>280.009133</timestamp>
			</report>
			<report>
				<misses>5700000</misses>
				<total>0</total>
				<timestamp>285.009784</timestamp>
			</report>
			<report>
				<misses>5800000</misses>
				<total>0</total>
				<timestamp>290.010477</timestamp>
			</report>
			<report>
				<misses>5900000</misses>
				<total>0</total>
				<timestamp>295.010446</timestamp>
			</report>
			<report>
				<misses>6000000</misses>
				<total>0</total>
				<timestamp>300.010844</timestamp>
			</report>
			<report>
				<misses>6100000</misses>
				<total>0</total>
				<timestamp>305.011725</timestamp>
			</report>
			<report>
				<misses>6200000</misses>
				<total>0</total>
				<timestamp>310.011985</timestamp>
			</report>
			<report>
				<misses>6300000</misses>
				<total>0</total>
				<timestamp>315.012047</timestamp>
			</report>
			<report>
				<misses>6400000</misses>
				<total>0</total>
				<timestamp>320.012778</timestamp>
			</report>
			<report>
				<misses>6500000</misses>
				<total>0</total>
				<timestamp>325.013270</timestamp>
			</report>
			<report>
				<misses>6600000</misses>
				<total>0</total>
				<timestamp>330.013880</timestamp>
			</report>
			<report>
				<misses>6700000</misses>
				<total>0</total>
				<timestamp>335.014398</timestamp>
			</report>
			<report>
				<misses>6800000</misses>
				<total>0</total>
				<timestamp>340.014437</timestamp>
			</report>
			<report>
				<misses>6900000</misses>
				<total>0</total>
				<timestamp>345.014390</timestamp>
			</report>
			<report>
				<misses>7000000</misses>
				<total>0</total>
				<timestamp>350.014424</timestamp>
			</report>
			<report>
				<misses>7100000</misses>
				<total>0</total>
				<timestamp>355.014580</timestamp>
			</report>
			<report>
				<misses>7200000</misses>
				<total>0</total>
				<timestamp>360.015189</timestamp>
			</report>
			<report>
				<misses>7300000</misses>
				<total>0</total>
				<timestamp>365.015340</timestamp>
			</report>
			<report>
				<misses>7400000</misses>
				<total>0</total>
				<timestamp>370.015536</timestamp>
			</report>
			<report>
				<misses>7500000</misses>
				<total>0</total>
				<timestamp>375.015879</timestamp>
			</report>
			<report>
				<misses>7600000</misses>
				<total>0</total>
				<timestamp>380.016192</timestamp>
			</report>
			<report>
				<misses>7700000</misses>
				<total>0</total>
				<timestamp>385.016136</timestamp>
			</report>
			<report>
				<misses>7800000</misses>
				<total>0</total>
				<timestamp>390.016095</timestamp>
			</report>
			<report>
				<misses>7900000</misses>
				<total>0</total>
				<timestamp>395.016079</timestamp>
			</report>
			<report>
				<misses>8000000</misses>
				<total>0</total>
				<timestamp>400.016033</timestamp>
			</report>
			<report>
				<misses>8100000</misses>
				<total>0</total>
				<timestamp>405.016010</timestamp>
			</report>
			<report>
				<misses>8200000</misses>
				<total>0</total>
				<timestamp>410.016177</timestamp>
			</report>
			<report>
				<misses>8300000</misses>
				<total>0</total>
				<timestamp>415.016134</timestamp>
			</report>
			<report>
				<misses>8400000</misses>
				<total>0</total>
				<timestamp>420.016095</timestamp>
			</report>
			<report>
				<misses>8500000</misses>
				<total>0</total>
				<timestamp>425.016079</timestamp>
			</report>
			<report>
				<misses>8600000</misses>
				<total>0</total>
				<timestamp>430.016052</timestamp>
			</report>
			<report>
				<misses>8700000</misses>
				<total>0</total>
				<timestamp>435.016047</timestamp>
			</report>
			<report>
				<misses>8800000</misses>
				<total>0</total>
				<timestamp>440.016172</timestamp>
			</report>
			<report>
				<misses>8900000</misses>
				<total>0</total>
				<timestamp>445.016134</timestamp>
			</report>
			<report>
				<misses>9000000</misses>
				<total>0</total>
				<timestamp>450.016093</timestamp>
			</report>
			<report>
				<misses>9100000</misses>
				<total>0</total>
				<timestamp>455.016114</timestamp>
			</report>
			<report>
				<misses>9200000</misses>
				<total>0</total>
				<timestamp>460.016099</timestamp>
			</report>
			<report>
				<misses>9300000</misses>
				<total>0</total>
				<timestamp>465.016094</timestamp>
			</report>
			<report>
				<misses>9400000</misses>
				<total>0</total>
				<timestamp>470.016080</timestamp>
			</report>
			<report>
				<misses>9500000</misses>
				<total>0</total>
				<timestamp>475.016040</timestamp>
			</report>
			<report>
				<misses>9600000</misses>
				<total>0</total>
				<timestamp>480.015998</timestamp>
			</report>
			<report>
				<misses>9700000</misses>
				<total>0</total>
				<timestamp>485.015990</timestamp>
			</report>
			<report>
				<misses>9800000</misses>
				<total>0</total>
				<timestamp>490.015939</timestamp>
			</report>
			<report>
				<misses>9900000</misses>
				<total>0</total>
				<timestamp>495.015879</timestamp>
			</report>
			<report>
				<misses>10000000</misses>
				<total>0</total>
				<timestamp>500.015906</timestamp>
			</report>
			<report>
				<misses>10100000</misses>
				<total>0</total>
				<timestamp>505.015882</timestamp>
			</report>
			<report>
				<misses>10200000</misses>
				<total>0</total>
				<timestamp>510.015840</timestamp>
			</report>
			<report>
				<misses>10300000</misses>
				<total>0</total>
				<timestamp>515.015781</timestamp>
			</report>
			<report>
				<misses>10400000</misses>
				<total>0</total>
				<timestamp>520.015737</timestamp>
			</report>
			<report>
				<misses>10500000</misses>
				<total>0</total>
				<timestamp>525.015693</timestamp>
			</report>
			<report>
				<misses>10600000</misses>
				<total>0</total>
				<timestamp>530.015645</timestamp>
			</report>
			<report>
				<misses>10700000</misses>
				<total>0</total>
				<timestamp>535.015639</timestamp>
			</report>
			<report>
				<misses>10800000</misses>
				<total>0</total>
				<timestamp>540.015748</timestamp>
			</report>
			<report>
				<misses>10900000</misses>
				<total>0</total>
				<timestamp>545.015960</timestamp>
			</report>
			<report>
				<misses>11000000</misses>
				<total>0</total>
				<timestamp>550.016232</timestamp>
			</report>
			<report>
				<misses>11100000</misses>
				<total>0</total>
				<timestamp>555.016718</timestamp>
			</report>
			<report>
				<misses>11200000</misses>
				<total>0</total>
				<timestamp>560.017053</timestamp>
			</report>
			<report>
				<misses>11300000</misses>
				<total>0</total>
				<timestamp>565.017140</timestamp>
			</report>
			<report>
				<misses>11400000</misses>
				<total>0</total>
				<timestamp>570.017199</timestamp>
			</report>
			<report>
				<misses>11500000</misses>
				<total>0</total>
				<timestamp>575.017580</timestamp>
			</report>
			<report>
				<misses>11600000</misses>
				<total>0</total>
				<timestamp>580.017785</timestamp>
			</report>
			<report>
				<misses>11700000</misses>
				<total>0</total>
				<timestamp>585.018390</timestamp>
			</report>
			<report>
				<misses>11800000</misses>
				<total>0</total>
				<timestamp>590.019038</timestamp>
			</report>
			<report>
				<misses>11900000</misses>
				<total>0</total>
				<timestamp>595.020079</timestamp>
			</report>
			<report>
				<misses>12000000</misses>
				<total>0</total>
				<timestamp>600.020244</timestamp>
			</report>
			<report>
				<misses>12100000</misses>
				<total>0</total>
				<timestamp>605.020237</timestamp>
			</report>
			<report>
				<misses>12200000</misses>
				<total>0</total>
				<timestamp>610.020256</timestamp>
			</report>
			<report>
				<misses>12300000</misses>
				<total>0</total>
				<timestamp>615.021046</timestamp>
			</report>
			<report>
				<misses>12400000</misses>
				<total>0</total>
				<timestamp>620.021393</timestamp>
			</report>
			<report>
				<misses>12500000</misses>
				<total>0</total>
				<timestamp>625.021640</timestamp>
			</report>
			<report>
				<misses>12600000</misses>
				<total>0</total>
				<timestamp>630.021656</timestamp>
			</report>
			<report>
				<misses>12700000</misses>
				<total>0</total>
				<timestamp>635.021636</timestamp>
			</report>
			<report>
				<misses>12800000</misses>
				<total>0</total>
				<timestamp>640.022082</timestamp>
			</report>
			<report>
				<misses>12900000</misses>
				<total>0</total>
				<timestamp>645.022037</timestamp>
			</report>
			<report>
				<misses>13000000</misses>
				<total>0</total>
				<timestamp>650.021995</timestamp>
			</report>
			<report>
				<misses>13100000</misses>
				<total>0</total>
				<timestamp>655.021978</timestamp>
			</report>
			<report>
				<misses>13200000</misses>
				<total>0</total>
				<timestamp>660.021928</timestamp>
			</report>
			<report>
				<misses>13300000</misses>
				<total>0</total>
				<timestamp>665.021879</timestamp>
			</report>
			<report>
				<misses>13400000</misses>
				<total>0</total>
				<timestamp>670.021878</timestamp>
			</report>
			<report>
				<misses>13500000</misses>
				<total>0</total>
				<timestamp>675.022037</timestamp>
			</report>
			<report>
				<misses>13600000</misses>
				<total>0</total>
				<timestamp>680.021987</timestamp>
			</report>
			<report>
				<misses>13700000</misses>
				<total>0</total>
				<timestamp>685.021944</timestamp>
			</report>
			<report>
				<misses>13800000</misses>
				<total>0</total>
				<timestamp>690.022025</timestamp>
			</report>
			<report>
				<misses>13900000</misses>
				<total>0</total>
				<timestamp>695.022089</timestamp>
			</report>
			<report>
				<misses>14000000</misses>
				<total>0</total>
				<timestamp>700.022434</timestamp>
			</report>
			<report>
				<misses>14100000</misses>
				<total>0</total>
				<timestamp>705.022890</timestamp>
			</report>
			<report>
				<misses>14200000</misses>
				<total>0</total>
				<timestamp>710.022939</timestamp>
			</report>
			<report>
				<misses>14300000</misses>
				<total>0</total>
				<timestamp>715.022879</timestamp>
			</report>
			<report>
				<misses>14400000</misses>
				<total>1</total>
				<timestamp>720.022854</timestamp>
			</report>
			<report>
				<misses>14500000</misses>
				<total>1</total>
				<timestamp>725.023433</timestamp>
			</report>
			<report>
				<misses>14600000</misses>
				<total>1</total>
				<timestamp>730.023622</timestamp>
			</report>
			<report>
				<misses>14700000</misses>
				<total>1</total>
				<timestamp>735.023580</timestamp>
			</report>
			<report>
				<misses>14800000</misses>
				<total>1</total>
				<timestamp>740.024086</timestamp>
			</report>
			<report>
				<misses>14900000</misses>
				<total>1</total>
				<timestamp>745.024019</timestamp>
			</report>
			<report>
				<misses>15000000</misses>
				<total>1</total>
				<timestamp>750.024126</timestamp>
			</report>
			<report>
				<misses>15100000</misses>
				<total>1</total>
				<timestamp>755.024083</timestamp>
			</report>
			<report>
				<misses>15200000</misses>
				<total>1</total>
				<timestamp>760.024076</timestamp>
			</report>
			<report>
				<misses>15300000</misses>
				<total>1</total>
				<timestamp>765.024048</timestamp>
			</report>
			<report>
				<misses>15400000</misses>
				<total>1</total>
				<timestamp>770.024033</timestamp>
			</report>
			<report>
				<misses>15500000</misses>
				<total>1</total>
				<timestamp>775.024192</timestamp>
			</report>
			<report>
				<misses>15600000</misses>
				<total>1</total>
				<timestamp>780.024133</timestamp>
			</report>
			<report>
				<misses>15700000</misses>
				<total>1</total>
				<timestamp>785.024329</timestamp>
			</report>
			<report>
				<misses>15800000</misses>
				<total>1</total>
				<timestamp>790.024336</timestamp>
			</report>
			<report>
				<misses>15900000</misses>
				<total>1</total>
				<timestamp>795.024337</timestamp>
			</report>
			<report>
				<misses>16000000</misses>
				<total>1</total>
				<timestamp>800.024394</timestamp>
			</report>
			<report>
				<misses>16100000</misses>
				<total>1</total>
				<timestamp>805.024785</timestamp>
			</report>
			<report>
				<misses>16200000</misses>
				<total>1</total>
				<timestamp>810.025353</timestamp>
			</report>
			<report>
				<misses>16300000</misses>
				<total>1</total>
				<timestamp>815.026044</timestamp>
			</report>
			<report>
				<misses>16400000</misses>
				<total>1</total>
				<timestamp>820.026543</timestamp>
			</report>
			<report>
				<misses>16500000</misses>
				<total>1</total>
				<timestamp>825.026577</timestamp>
			</report>
			<report>
				<misses>16600000</misses>
				<total>1</total>
				<timestamp>830.026583</timestamp>
			</report>
			<report>
				<misses>16700000</misses>
				<total>1</total>
				<timestamp>835.026549</timestamp>
			</report>
			<report>
				<misses>16800000</misses>
				<total>1</total>
				<timestamp>840.026529</timestamp>
			</report>
			<report>
				<misses>16900000</misses>
				<total>1</total>
				<timestamp>845.026511</timestamp>
			</report>
			<report>
				<misses>17000000</misses>
				<total>1</total>
				<timestamp>850.026482</timestamp>
			</report>
			<report>
				<misses>17100000</misses>
				<total>1</total>
				<timestamp>855.026461</timestamp>
			</report>
			<report>
				<misses>17200000</misses>
				<total>1</total>
				<timestamp>860.026432</timestamp>
			</report>
			<report>
				<misses>17300000</misses>
				<total>1</total>
				<timestamp>865.026378</timestamp>
			</report>
			<report>
				<misses>17400000</misses>
				<total>1</total>
				<timestamp>870.026750</timestamp>
			</report>
			<report>
				<misses>17500000</misses>
				<total>1</total>
				<timestamp>875.026746</timestamp>
			</report>
			<report>
				<misses>17600000</misses>
				<total>1</total>
				<timestamp>880.026726</timestamp>
			</report>
			<report>
				<misses>17700000</misses>
				<total>1</total>
				<timestamp>885.026719</timestamp>
			</report>
			<report>
				<misses>17800000</misses>
				<total>1</total>
				<timestamp>890.026667</timestamp>
			</report>
			<report>
				<misses>17900000</misses>
				<total>1</total>
				<timestamp>895.026641</timestamp>
			</report>
			<report>
				<misses>18000000</misses>
				<total>1</total>
				<timestamp>900.026578</timestamp>
			</report>
			<report>
				<misses>18100000</misses>
				<total>1</total>
				<timestamp>905.026524</timestamp>
			</report>
			<report>
				<misses>18200000</misses>
				<total>1</total>
				<timestamp>910.026478</timestamp>
			</report>
			<report>
				<misses>18300000</misses>
				<total>1</total>
				<timestamp>915.026450</timestamp>
			</report>
			<report>
				<misses>18400000</misses>
				<total>1</total>
				<timestamp>920.026444</timestamp>
			</report>
			<report>
				<misses>18500000</misses>
				<total>1</total>
				<timestamp>925.026397</timestamp>
			</report>
			<report>
				<misses>18600000</misses>
				<total>1</total>
				<timestamp>930.026482</timestamp>
			</report>
			<report>
				<misses>18700000</misses>
				<total>1</total>
				<timestamp>935.026950</timestamp>
			</report>
			<report>
				<misses>18800000</misses>
				<total>1</total>
				<timestamp>940.027436</timestamp>
			</report>
			<report>
				<misses>18900000</misses>
				<total>1</total>
				<timestamp>945.027645</timestamp>
			</report>
			<report>
				<misses>19000000</misses>
				<total>1</total>
				<timestamp>950.027701</timestamp>
			</report>
			<report>
				<misses>19100000</misses>
				<total>1</total>
				<timestamp>955.027696</timestamp>
			</report>
			<report>
				<misses>19200000</misses>
				<total>1</total>
				<timestamp>960.027728</timestamp>
			</report>
			<report>
				<misses>19300000</misses>
				<total>1</total>
				<timestamp>965.027677</timestamp>
			</report>
			<report>
				<misses>19400000</misses>
				<total>1</total>
				<timestamp>970.027955</timestamp>
			</report>
			<report>
				<misses>19500000</misses>
				<total>1</total>
				<timestamp>975.028485</timestamp>
			</report>
			<report>
				<misses>19600000</misses>
				<total>1</total>
				<timestamp>980.029399</timestamp>
			</report>
			<report>
				<misses>19700000</misses>
				<total>1</total>
				<timestamp>985.029426</timestamp>
			</report>
			<report>
				<misses>19800000</misses>
				<total>1</total>
				<timestamp>990.029377</timestamp>
			</report>
			<report>
				<misses>19900000</misses>
				<total>1</total>
				<timestamp>995.029349</timestamp>
			</report>
			<report>
				<misses>20000000</misses>
				<total>1</total>
				<timestamp>1000.029362</timestamp>
			</report>
			<report>
				<misses>20100000</misses>
				<total>1</total>
				<timestamp>1005.029593</timestamp>
			</report>
			<report>
				<misses>20200000</misses>
				<total>1</total>
				<timestamp>1010.029636</timestamp>
			</report>
			<report>
				<misses>20300000</misses>
				<total>1</total>
				<timestamp>1015.029796</timestamp>
			</report>
			<report>
				<misses>20400000</misses>
				<total>1</total>
				<timestamp>1020.030788</timestamp>
			</report>
			<report>
				<misses>20500000</misses>
				<total>1</total>
				<timestamp>1025.031187</timestamp>
			</report>
			<report>
				<misses>20600000</misses>
				<total>1</total>
				<timestamp>1030.031137</timestamp>
			</report>
			<report>
				<misses>20700000</misses>
				<total>1</total>
				<timestamp>1035.031192</timestamp>
			</report>
			<report>
				<misses>20800000</misses>
				<total>1</total>
				<timestamp>1040.031839</timestamp>
			</report>
			<report>
				<misses>20900000</misses>
				<total>1</total>
				<timestamp>1045.032156</timestamp>
			</report>
			<report>
				<misses>21000000</misses>
				<total>1</total>
				<timestamp>1050.032229</timestamp>
			</report>
			<report>
				<misses>21100000</misses>
				<total>1</total>
				<timestamp>1055.032389</timestamp>
			</report>
			<report>
				<misses>21200000</misses>
				<total>1</total>
				<timestamp>1060.032384</timestamp>
			</report>
			<report>
				<misses>21300000</misses>
				<total>1</total>
				<timestamp>1065.032512</timestamp>
			</report>
			<report>
				<misses>21400000</misses>
				<total>1</total>
				<timestamp>1070.033540</timestamp>
			</report>
			<report>
				<misses>21500000</misses>
				<total>1</total>
				<timestamp>1075.033928</timestamp>
			</report>
			<report>
				<misses>21600000</misses>
				<total>1</total>
				<timestamp>1080.034020</timestamp>
			</report>
			<report>
				<misses>21700000</misses>
				<total>1</total>
				<timestamp>1085.034005</timestamp>
			</report>
			<report>
				<misses>21800000</misses>
				<total>1</total>
				<timestamp>1090.033996</timestamp>
			</report>
			<report>
				<misses>21900000</misses>
				<total>1</total>
				<timestamp>1095.033995</timestamp>
			</report>
			<report>
				<misses>22000000</misses>
				<total>1</total>
				<timestamp>1100.033987</timestamp>
			</report>
			<report>
				<misses>22100000</misses>
				<total>1</total>
				<timestamp>1105.033970</timestamp>
			</report>
			<report>
				<misses>22200000</misses>
				<total>1</total>
				<timestamp>1110.034234</timestamp>
			</report>
			<report>
				<misses>22300000</misses>
				<total>1</total>
				<timestamp>1115.034448</timestamp>
			</report>
			<report>
				<misses>22400000</misses>
				<total>1</total>
				<timestamp>1120.034789</timestamp>
			</report>
			<report>
				<misses>22500000</misses>
				<total>1</total>
				<timestamp>1125.035109</timestamp>
			</report>
			<report>
				<misses>22600000</misses>
				<total>1</total>
				<timestamp>1130.035638</timestamp>
			</report>
			<report>
				<misses>22700000</misses>
				<total>1</total>
				<timestamp>1135.035726</timestamp>
			</report>
			<report>
				<misses>22800000</misses>
				<total>1</total>
				<timestamp>1140.035671</timestamp>
			</report>
			<report>
				<misses>22900000</misses>
				<total>1</total>
				<timestamp>1145.035871</timestamp>
			</report>
			<report>
				<misses>23000000</misses>
				<total>1</total>
				<timestamp>1150.036230</timestamp>
			</report>
			<report>
				<misses>23100000</misses>
				<total>1</total>
				<timestamp>1155.037284</timestamp>
			</report>
			<report>
				<misses>23200000</misses>
				<total>1</total>
				<timestamp>1160.037331</timestamp>
			</report>
			<report>
				<misses>23300000</misses>
				<total>1</total>
				<timestamp>1165.037316</timestamp>
			</report>
			<report>
				<misses>23400000</misses>
				<total>1</total>
				<timestamp>1170.037283</timestamp>
			</report>
			<report>
				<misses>23500000</misses>
				<total>1</total>
				<timestamp>1175.038234</timestamp>
			</report>
			<report>
				<misses>23600000</misses>
				<total>1</total>
				<timestamp>1180.038980</timestamp>
			</report>
			<report>
				<misses>23700000</misses>
				<total>1</total>
				<timestamp>1185.039726</timestamp>
			</report>
			<report>
				<misses>23800000</misses>
				<total>1</total>
				<timestamp>1190.040762</timestamp>
			</report>
			<report>
				<misses>23900000</misses>
				<total>1</total>
				<timestamp>1195.040984</timestamp>
			</report>
			<report>
				<misses>24000000</misses>
				<total>1</total>
				<timestamp>1200.040937</timestamp>
			</report>
			<report>
				<misses>24100000</misses>
				<total>1</total>
				<timestamp>1205.041090</timestamp>
			</report>
			<report>
				<misses>24200000</misses>
				<total>1</total>
				<timestamp>1210.041041</timestamp>
			</report>
			<report>
				<misses>24300000</misses>
				<total>1</total>
				<timestamp>1215.041283</timestamp>
			</report>
			<report>
				<misses>24400000</misses>
				<total>1</total>
				<timestamp>1220.041309</timestamp>
			</report>
			<report>
				<misses>24500000</misses>
				<total>1</total>
				<timestamp>1225.041841</timestamp>
			</report>
			<report>
				<misses>24600000</misses>
				<total>1</total>
				<timestamp>1230.042631</timestamp>
			</report>
			<report>
				<misses>24700000</misses>
				<total>1</total>
				<timestamp>1235.043345</timestamp>
			</report>
			<report>
				<misses>24800000</misses>
				<total>1</total>
				<timestamp>1240.043345</timestamp>
			</report>
			<report>
				<misses>24900000</misses>
				<total>1</total>
				<timestamp>1245.043344</timestamp>
			</report>
			<report>
				<misses>25000000</misses>
				<total>1</total>
				<timestamp>1250.043330</timestamp>
			</report>
			<report>
				<misses>25100000</misses>
				<total>1</total>
				<timestamp>1255.043691</timestamp>
			</report>
			<report>
				<misses>25200000</misses>
				<total>1</total>
				<timestamp>1260.044780</timestamp>
			</report>
			<report>
				<misses>25300000</misses>
				<total>1</total>
				<timestamp>1265.044834</timestamp>
			</report>
			<report>
				<misses>25400000</misses>
				<total>1</total>
				<timestamp>1270.045383</timestamp>
			</report>
			<report>
				<misses>25500000</misses>
				<total>1</total>
				<timestamp>1275.045625</timestamp>
			</report>
			<report>
				<misses>25600000</misses>
				<total>1</total>
				<timestamp>1280.045735</timestamp>
			</report>
			<report>
				<misses>25700000</misses>
				<total>1</total>
				<timestamp>1285.046131</timestamp>
			</report>
			<report>
				<misses>25800000</misses>
				<total>1</total>
				<timestamp>1290.046345</timestamp>
			</report>
			<report>
				<misses>25900000</misses>
				<total>1</total>
				<timestamp>1295.046835</timestamp>
			</report>
			<report>
				<misses>26000000</misses>
				<total>1</total>
				<timestamp>1300.046789</timestamp>
			</report>
			<report>
				<misses>26100000</misses>
				<total>1</total>
				<timestamp>1305.046787</timestamp>
			</report>
			<report>
				<misses>26200000</misses>
				<total>1</total>
				<timestamp>1310.046732</timestamp>
			</report>
			<report>
				<misses>26300000</misses>
				<total>1</total>
				<timestamp>1315.046692</timestamp>
			</report>
			<report>
				<misses>26400000</misses>
				<total>1</total>
				<timestamp>1320.046734</timestamp>
			</report>
			<report>
				<misses>26500000</misses>
				<total>1</total>
				<timestamp>1325.047244</timestamp>
			</report>
			<report>
				<misses>26600000</misses>
				<total>1</total>
				<timestamp>1330.047351</timestamp>
			</report>
			<report>
				<misses>26700000</misses>
				<total>1</total>
				<timestamp>1335.048053</timestamp>
			</report>
			<report>
				<misses>26800000</misses>
				<total>1</total>
				<timestamp>1340.048071</timestamp>
			</report>
			<report>
				<misses>26900000</misses>
				<total>1</total>
				<timestamp>1345.048052</timestamp>
			</report>
			<report>
				<misses>27000000</misses>
				<total>1</total>
				<timestamp>1350.048345</timestamp>
			</report>
			<report>
				<misses>27100000</misses>
				<total>1</total>
				<timestamp>1355.048348</timestamp>
			</report>
			<report>
				<misses>27200000</misses>
				<total>1</total>
				<timestamp>1360.048400</timestamp>
			</report>
			<report>
				<misses>27300000</misses>
				<total>1</total>
				<timestamp>1365.048481</timestamp>
			</report>
			<report>
				<misses>27400000</misses>
				<total>1</total>
				<timestamp>1370.048437</timestamp>
			</report>
			<report>
				<misses>27500000</misses>
				<total>1</total>
				<timestamp>1375.048530</timestamp>
			</report>
			<report>
				<misses>27600000</misses>
				<total>1</total>
				<timestamp>1380.048482</timestamp>
			</report>
			<report>
				<misses>27700000</misses>
				<total>1</total>
				<timestamp>1385.048427</timestamp>
			</report>
			<report>
				<misses>27800000</misses>
				<total>1</total>
				<timestamp>1390.048583</timestamp>
			</report>
			<report>
				<misses>27900000</misses>
				<total>1</total>
				<timestamp>1395.048828</timestamp>
			</report>
			<report>
				<misses>28000000</misses>
				<total>1</total>
				<timestamp>1400.048954</timestamp>
			</report>
			<report>
				<misses>28100000</misses>
				<total>1</total>
				<timestamp>1405.049076</timestamp>
			</report>
			<report>
				<misses>28200000</misses>
				<total>1</total>
				<timestamp>1410.049348</timestamp>
			</report>
			<report>
				<misses>28300000</misses>
				<total>1</total>
				<timestamp>1415.049427</timestamp>
			</report>
			<report>
				<misses>28400000</misses>
				<total>1</total>
				<timestamp>1420.049384</timestamp>
			</report>
			<report>
				<misses>28500000</misses>
				<total>2</total>
				<timestamp>1425.049339</timestamp>
			</report>
			<report>
				<misses>28600000</misses>
				<total>2</total>
				<timestamp>1430.049579</timestamp>
			</report>
			<report>
				<misses>28700000</misses>
				<total>2</total>
				<timestamp>1435.049738</timestamp>
			</report>
			<report>
				<misses>28800000</misses>
				<total>2</total>
				<timestamp>1440.049676</timestamp>
			</report>
			<report>
				<misses>28900000</misses>
				<total>2</total>
				<timestamp>1445.049728</timestamp>
			</report>
			<report>
				<misses>29000000</misses>
				<total>2</total>
				<timestamp>1450.049889</timestamp>
			</report>
			<report>
				<misses>29100000</misses>
				<total>2</total>
				<timestamp>1455.050131</timestamp>
			</report>
			<report>
				<misses>29200000</misses>
				<total>2</total>
				<timestamp>1460.050089</timestamp>
			</report>
			<report>
				<misses>29300000</misses>
				<total>2</total>
				<timestamp>1465.050037</timestamp>
			</report>
			<report>
				<misses>29400000</misses>
				<total>2</total>
				<timestamp>1470.050129</timestamp>
			</report>
			<report>
				<misses>29500000</misses>
				<total>2</total>
				<timestamp>1475.050317</timestamp>
			</report>
			<report>
				<misses>29600000</misses>
				<total>2</total>
				<timestamp>1480.050338</timestamp>
			</report>
			<report>
				<misses>29700000</misses>
				<total>3</total>
				<timestamp>1485.050286</timestamp>
			</report>
			<report>
				<misses>29800000</misses>
				<total>3</total>
				<timestamp>1490.050484</timestamp>
			</report>
			<report>
				<misses>29900000</misses>
				<total>3</total>
				<timestamp>1495.050432</timestamp>
			</report>
			<report>
				<misses>30000000</misses>
				<total>3</total>
				<timestamp>1500.050389</timestamp>
			</report>
			<report>
				<misses>30100000</misses>
				<total>3</total>
				<timestamp>1505.050350</timestamp>
			</report>
			<report>
				<misses>30200000</misses>
				<total>3</total>
				<timestamp>1510.050326</timestamp>
			</report>
			<report>
				<misses>30300000</misses>
				<total>3</total>
				<timestamp>1515.050281</timestamp>
			</report>
			<report>
				<misses>30400000</misses>
				<total>3</total>
				<timestamp>1520.050236</timestamp>
			</report>
			<report>
				<misses>30500000</misses>
				<total>3</total>
				<timestamp>1525.050237</timestamp>
			</report>
			<report>
				<misses>30600000</misses>
				<total>3</total>
				<timestamp>1530.050298</timestamp>
			</report>
			<report>
				<misses>30700000</misses>
				<total>3</total>
				<timestamp>1535.050282</timestamp>
			</report>
			<report>
				<misses>30800000</misses>
				<total>3</total>
				<timestamp>1540.050224</timestamp>
			</report>
			<report>
				<misses>30900000</misses>
				<total>3</total>
				<timestamp>1545.050195</timestamp>
			</report>
			<report>
				<misses>31000000</misses>
				<total>3</total>
				<timestamp>1550.050185</timestamp>
			</report>
			<report>
				<misses>31100000</misses>
				<total>3</total>
				<timestamp>1555.050201</timestamp>
			</report>
			<report>
				<misses>31200000</misses>
				<total>3</total>
				<timestamp>1560.050191</timestamp>
			</report>
			<report>
				<misses>31300000</misses>
				<total>3</total>
				<timestamp>1565.050163</timestamp>
			</report>
			<report>
				<misses>31400000</misses>
				<total>3</total>
				<timestamp>1570.050160</timestamp>
			</report>
			<report>
				<misses>31500000</misses>
				<total>3</total>
				<timestamp>1575.050144</timestamp>
			</report>
			<report>
				<misses>31600000</misses>
				<total>3</total>
				<timestamp>1580.050086</timestamp>
			</report>
			<report>
				<misses>31700000</misses>
				<total>3</total>
				<timestamp>1585.050431</timestamp>
			</report>
			<report>
				<misses>31800000</misses>
				<total>3</total>
				<timestamp>1590.051132</timestamp>
			</report>
			<report>
				<misses>31900000</misses>
				<total>3</total>
				<timestamp>1595.051679</timestamp>
			</report>
			<report>
				<misses>32000000</misses>
				<total>3</total>
				<timestamp>1600.052444</timestamp>
			</report>
			<report>
				<misses>32100000</misses>
				<total>3</total>
				<timestamp>1605.053284</timestamp>
			</report>
			<report>
				<misses>32200000</misses>
				<total>3</total>
				<timestamp>1610.053476</timestamp>
			</report>
			<report>
				<misses>32300000</misses>
				<total>3</total>
				<timestamp>1615.053623</timestamp>
			</report>
			<report>
				<misses>32400000</misses>
				<total>3</total>
				<timestamp>1620.053887</timestamp>
			</report>
			<report>
				<misses>32500000</misses>
				<total>3</total>
				<timestamp>1625.054077</timestamp>
			</report>
			<report>
				<misses>32600000</misses>
				<total>3</total>
				<timestamp>1630.054098</timestamp>
			</report>
			<report>
				<misses>32700000</misses>
				<total>3</total>
				<timestamp>1635.054201</timestamp>
			</report>
			<report>
				<misses>32800000</misses>
				<total>3</total>
				<timestamp>1640.054886</timestamp>
			</report>
			<report>
				<misses>32900000</misses>
				<total>3</total>
				<timestamp>1645.055281</timestamp>
			</report>
			<report>
				<misses>33000000</misses>
				<total>3</total>
				<timestamp>1650.055271</timestamp>
			</report>
			<report>
				<misses>33100000</misses>
				<total>3</total>
				<timestamp>1655.055269</timestamp>
			</report>
			<report>
				<misses>33200000</misses>
				<total>3</total>
				<timestamp>1660.055675</timestamp>
			</report>
			<report>
				<misses>33300000</misses>
				<total>3</total>
				<timestamp>1665.056549</timestamp>
			</report>
			<report>
				<misses>33400000</misses>
				<total>3</total>
				<timestamp>1670.056931</timestamp>
			</report>
			<report>
				<misses>33500000</misses>
				<total>3</total>
				<timestamp>1675.056979</timestamp>
			</report>
			<report>
				<misses>33600000</misses>
				<total>3</total>
				<timestamp>1680.057176</timestamp>
			</report>
			<report>
				<misses>33700000</misses>
				<total>3</total>
				<timestamp>1685.057154</timestamp>
			</report>
			<report>
				<misses>33800000</misses>
				<total>3</total>
				<timestamp>1690.057487</timestamp>
			</report>
			<report>
				<misses>33900000</misses>
				<total>3</total>
				<timestamp>1695.057868</timestamp>
			</report>
			<report>
				<misses>34000000</misses>
				<total>3</total>
				<timestamp>1700.057925</timestamp>
			</report>
			<report>
				<misses>34100000</misses>
				<total>3</total>
				<timestamp>1705.058493</timestamp>
			</report>
			<report>
				<misses>34200000</misses>
				<total>3</total>
				<timestamp>1710.058578</timestamp>
			</report>
			<report>
				<misses>34300000</misses>
				<total>3</total>
				<timestamp>1715.059153</timestamp>
			</report>
			<report>
				<misses>34400000</misses>
				<total>3</total>
				<timestamp>1720.059643</timestamp>
			</report>
			<report>
				<misses>34500000</misses>
				<total>3</total>
				<timestamp>1725.060578</timestamp>
			</report>
			<report>
				<misses>34600000</misses>
				<total>3</total>
				<timestamp>1730.060729</timestamp>
			</report>
			<report>
				<misses>34700000</misses>
				<total>3</total>
				<timestamp>1735.060756</timestamp>
			</report>
			<report>
				<misses>34800000</misses>
				<total>3</total>
				<timestamp>1740.060997</timestamp>
			</report>
			<report>
				<misses>34900000</misses>
				<total>3</total>
				<timestamp>1745.061019</timestamp>
			</report>
			<report>
				<misses>35000000</misses>
				<total>3</total>
				<timestamp>1750.061001</timestamp>
			</report>
			<report>
				<misses>35100000</misses>
				<total>3</total>
				<timestamp>1755.060984</timestamp>
			</report>
			<report>
				<misses>35200000</misses>
				<total>3</total>
				<timestamp>1760.060992</timestamp>
			</report>
			<report>
				<misses>35300000</misses>
				<total>3</total>
				<timestamp>1765.060987</timestamp>
			</report>
			<report>
				<misses>35400000</misses>
				<total>3</total>
				<timestamp>1770.060920</timestamp>
			</report>
			<report>
				<misses>35500000</misses>
				<total>3</total>
				<timestamp>1775.060894</timestamp>
			</report>
			<report>
				<misses>35600000</misses>
				<total>3</total>
				<timestamp>1780.061036</timestamp>
			</report>
			<report>
				<misses>35700000</misses>
				<total>3</total>
				<timestamp>1785.061087</timestamp>
			</report>
			<report>
				<misses>35800000</misses>
				<total>3</total>
				<timestamp>1790.061086</timestamp>
			</report>
			<report>
				<misses>35900000</misses>
				<total>3</total>
				<timestamp>1795.061169</timestamp>
			</report>
			<report>
				<misses>36000000</misses>
				<total>3</total>
				<timestamp>1800.061134</timestamp>
			</report>
			<report>
				<misses>36100000</misses>
				<total>3</total>
				<timestamp>1805.061739</timestamp>
			</report>
			<report>
				<misses>36200000</misses>
				<total>3</total>
				<timestamp>1810.061693</timestamp>
			</report>
			<report>
				<misses>36300000</misses>
				<total>3</total>
				<timestamp>1815.061640</timestamp>
			</report>
			<report>
				<misses>36400000</misses>
				<total>3</total>
				<timestamp>1820.061589</timestamp>
			</report>
			<report>
				<misses>36500000</misses>
				<total>3</total>
				<timestamp>1825.061743</timestamp>
			</report>
			<report>
				<misses>36600000</misses>
				<total>3</total>
				<timestamp>1830.061694</timestamp>
			</report>
			<report>
				<misses>36700000</misses>
				<total>3</total>
				<timestamp>1835.061700</timestamp>
			</report>
			<report>
				<misses>36800000</misses>
				<total>3</total>
				<timestamp>1840.061729</timestamp>
			</report>
			<report>
				<misses>36900000</misses>
				<total>3</total>
				<timestamp>1845.061686</timestamp>
			</report>
			<report>
				<misses>37000000</misses>
				<total>3</total>
				<timestamp>1850.061634</timestamp>
			</report>
			<report>
				<misses>37100000</misses>
				<total>3</total>
				<timestamp>1855.061588</timestamp>
			</report>
			<report>
				<misses>37200000</misses>
				<total>3</total>
				<timestamp>1860.061565</timestamp>
			</report>
			<report>
				<misses>37300000</misses>
				<total>3</total>
				<timestamp>1865.061531</timestamp>
			</report>
			<report>
				<misses>37400000</misses>
				<total>3</total>
				<timestamp>1870.061500</timestamp>
			</report>
			<report>
				<misses>37500000</misses>
				<total>3</total>
				<timestamp>1875.061839</timestamp>
			</report>
			<report>
				<misses>37600000</misses>
				<total>3</total>
				<timestamp>1880.061788</timestamp>
			</report>
			<report>
				<misses>37700000</misses>
				<total>3</total>
				<timestamp>1885.061850</timestamp>
			</report>
			<report>
				<misses>37800000</misses>
				<total>3</total>
				<timestamp>1890.061831</timestamp>
			</report>
			<report>
				<misses>37900000</misses>
				<total>3</total>
				<timestamp>1895.061838</timestamp>
			</report>
			<report>
				<misses>38000000</misses>
				<total>3</total>
				<timestamp>1900.062172</timestamp>
			</report>
			<report>
				<misses>38100000</misses>
				<total>3</total>
				<timestamp>1905.062341</timestamp>
			</report>
			<report>
				<misses>38200000</misses>
				<total>3</total>
				<timestamp>1910.062731</timestamp>
			</report>
			<report>
				<misses>38300000</misses>
				<total>3</total>
				<timestamp>1915.063244</timestamp>
			</report>
			<report>
				<misses>38400000</misses>
				<total>3</total>
				<timestamp>1920.063482</timestamp>
			</report>
			<report>
				<misses>38500000</misses>
				<total>3</total>
				<timestamp>1925.063436</timestamp>
			</report>
			<report>
				<misses>38600000</misses>
				<total>3</total>
				<timestamp>1930.063383</timestamp>
			</report>
			<report>
				<misses>38700000</misses>
				<total>3</total>
				<timestamp>1935.063381</timestamp>
			</report>
			<report>
				<misses>38800000</misses>
				<total>3</total>
				<timestamp>1940.063386</timestamp>
			</report>
			<report>
				<misses>38900000</misses>
				<total>3</total>
				<timestamp>1945.063360</timestamp>
			</report>
			<report>
				<misses>39000000</misses>
				<total>3</total>
				<timestamp>1950.064006</timestamp>
			</report>
			<report>
				<misses>39100000</misses>
				<total>3</total>
				<timestamp>1955.064002</timestamp>
			</report>
			<report>
				<misses>39200000</misses>
				<total>3</total>
				<timestamp>1960.064244</timestamp>
			</report>
			<report>
				<misses>39300000</misses>
				<total>3</total>
				<timestamp>1965.064185</timestamp>
			</report>
			<report>
				<misses>39400000</misses>
				<total>3</total>
				<timestamp>1970.064540</timestamp>
			</report>
			<report>
				<misses>39500000</misses>
				<total>3</total>
				<timestamp>1975.064510</timestamp>
			</report>
			<report>
				<misses>39600000</misses>
				<total>3</total>
				<timestamp>1980.064475</timestamp>
			</report>
			<report>
				<misses>39700000</misses>
				<total>3</total>
				<timestamp>1985.064504</timestamp>
			</report>
			<report>
				<misses>39800000</misses>
				<total>3</total>
				<timestamp>1990.064480</timestamp>
			</report>
			<report>
				<misses>39900000</misses>
				<total>3</total>
				<timestamp>1995.064433</timestamp>
			</report>
			<report>
				<misses>40000000</misses>
				<total>3</total>
				<timestamp>2000.064386</timestamp>
			</report>
			<report>
				<misses>40100000</misses>
				<total>3</total>
				<timestamp>2005.064892</timestamp>
			</report>
			<report>
				<misses>40200000</misses>
				<total>3</total>
				<timestamp>2010.064840</timestamp>
			</report>
			<report>
				<misses>40300000</misses>
				<total>3</total>
				<timestamp>2015.064777</timestamp>
			</report>
			<report>
				<misses>40400000</misses>
				<total>3</total>
				<timestamp>2020.064733</timestamp>
			</report>
			<report>
				<misses>40500000</misses>
				<total>3</total>
				<timestamp>2025.065096</timestamp>
			</report>
			<report>
				<misses>40600000</misses>
				<total>3</total>
				<timestamp>2030.065151</timestamp>
			</report>
			<report>
				<misses>40700000</misses>
				<total>3</total>
				<timestamp>2035.065337</timestamp>
			</report>
			<report>
				<misses>40800000</misses>
				<total>3</total>
				<timestamp>2040.065289</timestamp>
			</report>
			<report>
				<misses>40900000</misses>
				<total>3</total>
				<timestamp>2045.065233</timestamp>
			</report>
			<report>
				<misses>41000000</misses>
				<total>3</total>
				<timestamp>2050.065281</timestamp>
			</report>
			<report>
				<misses>41100000</misses>
				<total>3</total>
				<timestamp>2055.065243</timestamp>
			</report>
			<report>
				<misses>41200000</misses>
				<total>3</total>
				<timestamp>2060.065194</timestamp>
			</report>
			<report>
				<misses>41300000</misses>
				<total>3</total>
				<timestamp>2065.065136</timestamp>
			</report>
			<report>
				<misses>41400000</misses>
				<total>3</total>
				<timestamp>2070.065142</timestamp>
			</report>
			<report>
				<misses>41500000</misses>
				<total>3</total>
				<timestamp>2075.065380</timestamp>
			</report>
			<report>
				<misses>41600000</misses>
				<total>3</total>
				<timestamp>2080.065331</timestamp>
			</report>
			<report>
				<misses>41700000</misses>
				<total>3</total>
				<timestamp>2085.065314</timestamp>
			</report>
			<report>
				<misses>41800000</misses>
				<total>3</total>
				<timestamp>2090.065383</timestamp>
			</report>
			<report>
				<misses>41900000</misses>
				<total>3</total>
				<timestamp>2095.065369</timestamp>
			</report>
			<report>
				<misses>42000000</misses>
				<total>3</total>
				<timestamp>2100.065777</timestamp>
			</report>
			<report>
				<misses>42100000</misses>
				<total>3</total>
				<timestamp>2105.065734</timestamp>
			</report>
			<report>
				<misses>42200000</misses>
				<total>3</total>
				<timestamp>2110.065695</timestamp>
			</report>
			<report>
				<misses>42300000</misses>
				<total>3</total>
				<timestamp>2115.065697</timestamp>
			</report>
			<report>
				<misses>42400000</misses>
				<total>3</total>
				<timestamp>2120.065682</timestamp>
			</report>
			<report>
				<misses>42500000</misses>
				<total>3</total>
				<timestamp>2125.065720</timestamp>
			</report>
			<report>
				<misses>42600000</misses>
				<total>4</total>
				<timestamp>2130.065693</timestamp>
			</report>
			<report>
				<misses>42700000</misses>
				<total>4</total>
				<timestamp>2135.065632</timestamp>
			</report>
			<report>
				<misses>42800000</misses>
				<total>4</total>
				<timestamp>2140.065593</timestamp>
			</report>
			<report>
				<misses>42900000</misses>
				<total>4</total>
				<timestamp>2145.065585</timestamp>
			</report>
			<report>
				<misses>43000000</misses>
				<total>4</total>
				<timestamp>2150.065548</timestamp>
			</report>
			<report>
				<misses>43100000</misses>
				<total>4</total>
				<timestamp>2155.065557</timestamp>
			</report>
			<report>
				<misses>43200000</misses>
				<total>4</total>
				<timestamp>2160.065536</timestamp>
			</report>
			<report>
				<misses>43300000</misses>
				<total>4</total>
				<timestamp>2165.065493</timestamp>
			</report>
			<report>
				<misses>43400000</misses>
				<total>4</total>
				<timestamp>2170.065426</timestamp>
			</report>
			<report>
				<misses>43500000</misses>
				<total>4</total>
				<timestamp>2175.065430</timestamp>
			</report>
			<report>
				<misses>43600000</misses>
				<total>4</total>
				<timestamp>2180.065385</timestamp>
			</report>
			<report>
				<misses>43700000</misses>
				<total>4</total>
				<timestamp>2185.065332</timestamp>
			</report>
			<report>
				<misses>43800000</misses>
				<total>4</total>
				<timestamp>2190.065482</timestamp>
			</report>
			<report>
				<misses>43900000</misses>
				<total>4</total>
				<timestamp>2195.065548</timestamp>
			</report>
			<report>
				<misses>44000000</misses>
				<total>4</total>
				<timestamp>2200.066236</timestamp>
			</report>
			<report>
				<misses>44100000</misses>
				<total>4</total>
				<timestamp>2205.066350</timestamp>
			</report>
			<report>
				<misses>44200000</misses>
				<total>4</total>
				<timestamp>2210.066453</timestamp>
			</report>
			<report>
				<misses>44300000</misses>
				<total>4</total>
				<timestamp>2215.066582</timestamp>
			</report>
			<report>
				<misses>44400000</misses>
				<total>4</total>
				<timestamp>2220.066535</timestamp>
			</report>
			<report>
				<misses>44500000</misses>
				<total>4</total>
				<timestamp>2225.066495</timestamp>
			</report>
			<report>
				<misses>44600000</misses>
				<total>4</total>
				<timestamp>2230.066474</timestamp>
			</report>
			<report>
				<misses>44700000</misses>
				<total>4</total>
				<timestamp>2235.066434</timestamp>
			</report>
			<report>
				<misses>44800000</misses>
				<total>4</total>
				<timestamp>2240.066383</timestamp>
			</report>
			<report>
				<misses>44900000</misses>
				<total>4</total>
				<timestamp>2245.066335</timestamp>
			</report>
			<report>
				<misses>45000000</misses>
				<total>4</total>
				<timestamp>2250.066738</timestamp>
			</report>
			<report>
				<misses>45100000</misses>
				<total>4</total>
				<timestamp>2255.066672</timestamp>
			</report>
			<report>
				<misses>45200000</misses>
				<total>4</total>
				<timestamp>2260.066641</timestamp>
			</report>
			<report>
				<misses>45300000</misses>
				<total>4</total>
				<timestamp>2265.066629</timestamp>
			</report>
			<report>
				<misses>45400000</misses>
				<total>4</total>
				<timestamp>2270.066591</timestamp>
			</report>
			<report>
				<misses>45500000</misses>
				<total>4</total>
				<timestamp>2275.066535</timestamp>
			</report>
			<report>
				<misses>45600000</misses>
				<total>4</total>
				<timestamp>2280.066489</timestamp>
			</report>
			<report>
				<misses>45700000</misses>
				<total>4</total>
				<timestamp>2285.066707</timestamp>
			</report>
			<report>
				<misses>45800000</misses>
				<total>4</total>
				<timestamp>2290.066692</timestamp>
			</report>
			<report>
				<misses>45900000</misses>
				<total>4</total>
				<timestamp>2295.066635</timestamp>
			</report>
			<report>
				<misses>46000000</misses>
				<total>4</total>
				<timestamp>2300.066588</timestamp>
			</report>
			<report>
				<misses>46100000</misses>
				<total>4</total>
				<timestamp>2305.066941</timestamp>
			</report>
			<report>
				<misses>46200000</misses>
				<total>4</total>
				<timestamp>2310.066936</timestamp>
			</report>
			<report>
				<misses>46300000</misses>
				<total>4</total>
				<timestamp>2315.066912</timestamp>
			</report>
			<report>
				<misses>46400000</misses>
				<total>4</total>
				<timestamp>2320.066882</timestamp>
			</report>
			<report>
				<misses>46500000</misses>
				<total>4</total>
				<timestamp>2325.066903</timestamp>
			</report>
			<report>
				<misses>46600000</misses>
				<total>4</total>
				<timestamp>2330.066910</timestamp>
			</report>
			<report>
				<misses>46700000</misses>
				<total>4</total>
				<timestamp>2335.066974</timestamp>
			</report>
			<report>
				<misses>46800000</misses>
				<total>4</total>
				<timestamp>2340.067077</timestamp>
			</report>
			<report>
				<misses>46900000</misses>
				<total>4</total>
				<timestamp>2345.067059</timestamp>
			</report>
			<report>
				<misses>47000000</misses>
				<total>4</total>
				<timestamp>2350.067084</timestamp>
			</report>
			<report>
				<misses>47100000</misses>
				<total>4</total>
				<timestamp>2355.067074</timestamp>
			</report>
			<report>
				<misses>47200000</misses>
				<total>4</total>
				<timestamp>2360.067335</timestamp>
			</report>
			<report>
				<misses>47300000</misses>
				<total>4</total>
				<timestamp>2365.067277</timestamp>
			</report>
			<report>
				<misses>47400000</misses>
				<total>4</total>
				<timestamp>2370.067364</timestamp>
			</report>
			<report>
				<misses>47500000</misses>
				<total>4</total>
				<timestamp>2375.067939</timestamp>
			</report>
			<report>
				<misses>47600000</misses>
				<total>4</total>
				<timestamp>2380.068198</timestamp>
			</report>
			<report>
				<misses>47700000</misses>
				<total>4</total>
				<timestamp>2385.068190</timestamp>
			</report>
			<report>
				<misses>47800000</misses>
				<total>4</total>
				<timestamp>2390.068237</timestamp>
			</report>
			<report>
				<misses>47900000</misses>
				<total>4</total>
				<timestamp>2395.068478</timestamp>
			</report>
			<report>
				<misses>48000000</misses>
				<total>4</total>
				<timestamp>2400.068640</timestamp>
			</report>
			<report>
				<misses>48100000</misses>
				<total>4</total>
				<timestamp>2405.068726</timestamp>
			</report>
			<report>
				<misses>48200000</misses>
				<total>4</total>
				<timestamp>2410.068687</timestamp>
			</report>
			<report>
				<misses>48300000</misses>
				<total>4</total>
				<timestamp>2415.068728</timestamp>
			</report>
			<report>
				<misses>48400000</misses>
				<total>4</total>
				<timestamp>2420.068691</timestamp>
			</report>
			<report>
				<misses>48500000</misses>
				<total>4</total>
				<timestamp>2425.068689</timestamp>
			</report>
			<report>
				<misses>48600000</misses>
				<total>4</total>
				<timestamp>2430.068942</timestamp>
			</report>
			<report>
				<misses>48700000</misses>
				<total>4</total>
				<timestamp>2435.069440</timestamp>
			</report>
			<report>
				<misses>48800000</misses>
				<total>4</total>
				<timestamp>2440.069382</timestamp>
			</report>
			<report>
				<misses>48900000</misses>
				<total>4</total>
				<timestamp>2445.069438</timestamp>
			</report>
			<report>
				<misses>49000000</misses>
				<total>4</total>
				<timestamp>2450.069378</timestamp>
			</report>
			<report>
				<misses>49100000</misses>
				<total>4</total>
				<timestamp>2455.069345</timestamp>
			</report>
			<report>
				<misses>49200000</misses>
				<total>4</total>
				<timestamp>2460.069330</timestamp>
			</report>
			<report>
				<misses>49300000</misses>
				<total>4</total>
				<timestamp>2465.069280</timestamp>
			</report>
			<report>
				<misses>49400000</misses>
				<total>4</total>
				<timestamp>2470.069274</timestamp>
			</report>
			<report>
				<misses>49500000</misses>
				<total>4</total>
				<timestamp>2475.069252</timestamp>
			</report>
			<report>
				<misses>49600000</misses>
				<total>4</total>
				<timestamp>2480.069242</timestamp>
			</report>
			<report>
				<misses>49700000</misses>
				<total>4</total>
				<timestamp>2485.069207</timestamp>
			</report>
			<report>
				<misses>49800000</misses>
				<total>4</total>
				<timestamp>2490.069195</timestamp>
			</report>
			<report>
				<misses>49900000</misses>
				<total>4</total>
				<timestamp>2495.069214</timestamp>
			</report>
			<report>
				<misses>50000000</misses>
				<total>4</total>
				<timestamp>2500.069181</timestamp>
			</report>
			<report>
				<misses>50100000</misses>
				<total>4</total>
				<timestamp>2505.069146</timestamp>
			</report>
			<report>
				<misses>50200000</misses>
				<total>4</total>
				<timestamp>2510.069142</timestamp>
			</report>
			<report>
				<misses>50300000</misses>
				<total>4</total>
				<timestamp>2515.069103</timestamp>
			</report>
			<report>
				<misses>50400000</misses>
				<total>4</total>
				<timestamp>2520.069084</timestamp>
			</report>
			<report>
				<misses>50500000</misses>
				<total>4</total>
				<timestamp>2525.069035</timestamp>
			</report>
			<report>
				<misses>50600000</misses>
				<total>4</total>
				<timestamp>2530.069009</timestamp>
			</report>
			<report>
				<misses>50700000</misses>
				<total>4</total>
				<timestamp>2535.068989</timestamp>
			</report>
			<report>
				<misses>50800000</misses>
				<total>4</total>
				<timestamp>2540.068954</timestamp>
			</report>
			<report>
				<misses>50900000</misses>
				<total>4</total>
				<timestamp>2545.068941</timestamp>
			</report>
			<report>
				<misses>51000000</misses>
				<total>4</total>
				<timestamp>2550.068955</timestamp>
			</report>
			<report>
				<misses>51100000</misses>
				<total>4</total>
				<timestamp>2555.069174</timestamp>
			</report>
			<report>
				<misses>51200000</misses>
				<total>4</total>
				<timestamp>2560.069131</timestamp>
			</report>
			<report>
				<misses>51300000</misses>
				<total>4</total>
				<timestamp>2565.069576</timestamp>
			</report>
			<report>
				<misses>51400000</misses>
				<total>4</total>
				<timestamp>2570.069631</timestamp>
			</report>
			<report>
				<misses>51500000</misses>
				<total>4</total>
				<timestamp>2575.069780</timestamp>
			</report>
			<report>
				<misses>51600000</misses>
				<total>4</total>
				<timestamp>2580.070579</timestamp>
			</report>
			<report>
				<misses>51700000</misses>
				<total>4</total>
				<timestamp>2585.070685</timestamp>
			</report>
			<report>
				<misses>51800000</misses>
				<total>4</total>
				<timestamp>2590.071171</timestamp>
			</report>
			<report>
				<misses>51900000</misses>
				<total>4</total>
				<timestamp>2595.072130</timestamp>
			</report>
			<report>
				<misses>52000000</misses>
				<total>4</total>
				<timestamp>2600.072499</timestamp>
			</report>
			<report>
				<misses>52100000</misses>
				<total>4</total>
				<timestamp>2605.072690</timestamp>
			</report>
			<report>
				<misses>52200000</misses>
				<total>4</total>
				<timestamp>2610.073246</timestamp>
			</report>
			<report>
				<misses>52300000</misses>
				<total>4</total>
				<timestamp>2615.073637</timestamp>
			</report>
			<report>
				<misses>52400000</misses>
				<total>4</total>
				<timestamp>2620.074003</timestamp>
			</report>
			<report>
				<misses>52500000</misses>
				<total>4</total>
				<timestamp>2625.073997</timestamp>
			</report>
			<report>
				<misses>52600000</misses>
				<total>4</total>
				<timestamp>2630.073978</timestamp>
			</report>
			<report>
				<misses>52700000</misses>
				<total>4</total>
				<timestamp>2635.073936</timestamp>
			</report>
			<report>
				<misses>52800000</misses>
				<total>4</total>
				<timestamp>2640.073889</timestamp>
			</report>
			<report>
				<misses>52900000</misses>
				<total>4</total>
				<timestamp>2645.073827</timestamp>
			</report>
			<report>
				<misses>53000000</misses>
				<total>4</total>
				<timestamp>2650.073790</timestamp>
			</report>
			<report>
				<misses>53100000</misses>
				<total>4</total>
				<timestamp>2655.073729</timestamp>
			</report>
			<report>
				<misses>53200000</misses>
				<total>4</total>
				<timestamp>2660.073687</timestamp>
			</report>
			<report>
				<misses>53300000</misses>
				<total>4</total>
				<timestamp>2665.073645</timestamp>
			</report>
			<report>
				<misses>53400000</misses>
				<total>4</total>
				<timestamp>2670.073638</timestamp>
			</report>
			<report>
				<misses>53500000</misses>
				<total>4</total>
				<timestamp>2675.073599</timestamp>
			</report>
			<report>
				<misses>53600000</misses>
				<total>5</total>
				<timestamp>2680.073587</timestamp>
			</report>
			<report>
				<misses>53700000</misses>
				<total>6</total>
				<timestamp>2685.073530</timestamp>
			</report>
			<report>
				<misses>53800000</misses>
				<total>6</total>
				<timestamp>2690.073501</timestamp>
			</report>
			<report>
				<misses>53900000</misses>
				<total>6</total>
				<timestamp>2695.073478</timestamp>
			</report>
			<report>
				<misses>54000000</misses>
				<total>6</total>
				<timestamp>2700.073463</timestamp>
			</report>
			<report>
				<misses>54100000</misses>
				<total>6</total>
				<timestamp>2705.073982</timestamp>
			</report>
			<report>
				<misses>54200000</misses>
				<total>6</total>
				<timestamp>2710.074703</timestamp>
			</report>
			<report>
				<misses>54300000</misses>
				<total>6</total>
				<timestamp>2715.074874</timestamp>
			</report>
			<report>
				<misses>54400000</misses>
				<total>6</total>
				<timestamp>2720.074973</timestamp>
			</report>
			<report>
				<misses>54500000</misses>
				<total>6</total>
				<timestamp>2725.075214</timestamp>
			</report>
			<report>
				<misses>54600000</misses>
				<total>6</total>
				<timestamp>2730.075284</timestamp>
			</report>
			<report>
				<misses>54700000</misses>
				<total>6</total>
				<timestamp>2735.075379</timestamp>
			</report>
			<report>
				<misses>54800000</misses>
				<total>6</total>
				<timestamp>2740.075491</timestamp>
			</report>
			<report>
				<misses>54900000</misses>
				<total>6</total>
				<timestamp>2745.075627</timestamp>
			</report>
			<report>
				<misses>55000000</misses>
				<total>6</total>
				<timestamp>2750.075677</timestamp>
			</report>
			<report>
				<misses>55100000</misses>
				<total>6</total>
				<timestamp>2755.075774</timestamp>
			</report>
			<report>
				<misses>55200000</misses>
				<total>6</total>
				<timestamp>2760.076653</timestamp>
			</report>
			<report>
				<misses>55300000</misses>
				<total>6</total>
				<timestamp>2765.077105</timestamp>
			</report>
			<report>
				<misses>55400000</misses>
				<total>6</total>
				<timestamp>2770.077399</timestamp>
			</report>
			<report>
				<misses>55500000</misses>
				<total>6</total>
				<timestamp>2775.077592</timestamp>
			</report>
			<report>
				<misses>55600000</misses>
				<total>6</total>
				<timestamp>2780.078077</timestamp>
			</report>
			<report>
				<misses>55700000</misses>
				<total>6</total>
				<timestamp>2785.078493</timestamp>
			</report>
			<report>
				<misses>55800000</misses>
				<total>6</total>
				<timestamp>2790.078526</timestamp>
			</report>
			<report>
				<misses>55900000</misses>
				<total>6</total>
				<timestamp>2795.078511</timestamp>
			</report>
			<report>
				<misses>56000000</misses>
				<total>6</total>
				<timestamp>2800.078489</timestamp>
			</report>
			<report>
				<misses>56100000</misses>
				<total>6</total>
				<timestamp>2805.078735</timestamp>
			</report>
			<report>
				<misses>56200000</misses>
				<total>6</total>
				<timestamp>2810.079287</timestamp>
			</report>
			<report>
				<misses>56300000</misses>
				<total>6</total>
				<timestamp>2815.079583</timestamp>
			</report>
			<report>
				<misses>56400000</misses>
				<total>6</total>
				<timestamp>2820.079536</timestamp>
			</report>
			<report>
				<misses>56500000</misses>
				<total>6</total>
				<timestamp>2825.079487</timestamp>
			</report>
			<report>
				<misses>56600000</misses>
				<total>6</total>
				<timestamp>2830.079650</timestamp>
			</report>
			<report>
				<misses>56700000</misses>
				<total>6</total>
				<timestamp>2835.079648</timestamp>
			</report>
			<report>
				<misses>56800000</misses>
				<total>6</total>
				<timestamp>2840.079678</timestamp>
			</report>
			<report>
				<misses>56900000</misses>
				<total>6</total>
				<timestamp>2845.079758</timestamp>
			</report>
			<report>
				<misses>57000000</misses>
				<total>6</total>
				<timestamp>2850.079826</timestamp>
			</report>
			<report>
				<misses>57100000</misses>
				<total>6</total>
				<timestamp>2855.079900</timestamp>
			</report>
			<report>
				<misses>57200000</misses>
				<total>6</total>
				<timestamp>2860.079943</timestamp>
			</report>
			<report>
				<misses>57300000</misses>
				<total>6</total>
				<timestamp>2865.079992</timestamp>
			</report>
			<report>
				<misses>57400000</misses>
				<total>6</total>
				<timestamp>2870.079989</timestamp>
			</report>
			<report>
				<misses>57500000</misses>
				<total>6</total>
				<timestamp>2875.079932</timestamp>
			</report>
			<report>
				<misses>57600000</misses>
				<total>6</total>
				<timestamp>2880.079878</timestamp>
			</report>
			<report>
				<misses>57700000</misses>
				<total>6</total>
				<timestamp>2885.079836</timestamp>
			</report>
			<report>
				<misses>57800000</misses>
				<total>6</total>
				<timestamp>2890.079809</timestamp>
			</report>
			<report>
				<misses>57900000</misses>
				<total>6</total>
				<timestamp>2895.079780</timestamp>
			</report>
			<report>
				<misses>58000000</misses>
				<total>6</total>
				<timestamp>2900.079877</timestamp>
			</report>
			<report>
				<misses>58100000</misses>
				<total>6</total>
				<timestamp>2905.079880</timestamp>
			</report>
			<report>
				<misses>58200000</misses>
				<total>6</total>
				<timestamp>2910.080037</timestamp>
			</report>
			<report>
				<misses>58300000</misses>
				<total>6</total>
				<timestamp>2915.080781</timestamp>
			</report>
			<report>
				<misses>58400000</misses>
				<total>6</total>
				<timestamp>2920.081057</timestamp>
			</report>
			<report>
				<misses>58500000</misses>
				<total>6</total>
				<timestamp>2925.081880</timestamp>
			</report>
			<report>
				<misses>58600000</misses>
				<total>6</total>
				<timestamp>2930.082232</timestamp>
			</report>
			<report>
				<misses>58700000</misses>
				<total>6</total>
				<timestamp>2935.082280</timestamp>
			</report>
			<report>
				<misses>58800000</misses>
				<total>6</total>
				<timestamp>2940.082339</timestamp>
			</report>
			<report>
				<misses>58900000</misses>
				<total>6</total>
				<timestamp>2945.082429</timestamp>
			</report>
			<report>
				<misses>59000000</misses>
				<total>6</total>
				<timestamp>2950.082735</timestamp>
			</report>
			<report>
				<misses>59100000</misses>
				<total>6</total>
				<timestamp>2955.082727</timestamp>
			</report>
			<report>
				<misses>59200000</misses>
				<total>6</total>
				<timestamp>2960.082725</timestamp>
			</report>
			<report>
				<misses>59300000</misses>
				<total>6</total>
				<timestamp>2965.083090</timestamp>
			</report>
			<report>
				<misses>59400000</misses>
				<total>6</total>
				<timestamp>2970.083728</timestamp>
			</report>
			<report>
				<misses>59500000</misses>
				<total>6</total>
				<timestamp>2975.084202</timestamp>
			</report>
			<report>
				<misses>59600000</misses>
				<total>6</total>
				<timestamp>2980.085232</timestamp>
			</report>
			<report>
				<misses>59700000</misses>
				<total>6</total>
				<timestamp>2985.085806</timestamp>
			</report>
			<report>
				<misses>59800000</misses>
				<total>6</total>
				<timestamp>2990.086481</timestamp>
			</report>
			<report>
				<misses>59900000</misses>
				<total>6</total>
				<timestamp>2995.086830</timestamp>
			</report>
			<report>
				<misses>60000000</misses>
				<total>6</total>
				<timestamp>3000.086997</timestamp>
			</report>
			<report>
				<misses>60100000</misses>
				<total>6</total>
				<timestamp>3005.086978</timestamp>
			</report>
			<report>
				<misses>60200000</misses>
				<total>6</total>
				<timestamp>3010.087425</timestamp>
			</report>
			<report>
				<misses>60300000</misses>
				<total>6</total>
				<timestamp>3015.087509</timestamp>
			</report>
			<report>
				<misses>60400000</misses>
				<total>6</total>
				<timestamp>3020.087794</timestamp>
			</report>
			<report>
				<misses>60500000</misses>
				<total>6</total>
				<timestamp>3025.087850</timestamp>
			</report>
			<report>
				<misses>60600000</misses>
				<total>6</total>
				<timestamp>3030.087935</timestamp>
			</report>
			<report>
				<misses>60700000</misses>
				<total>6</total>
				<timestamp>3035.088174</timestamp>
			</report>
			<report>
				<misses>60800000</misses>
				<total>6</total>
				<timestamp>3040.088161</timestamp>
			</report>
			<report>
				<misses>60900000</misses>
				<total>6</total>
				<timestamp>3045.088139</timestamp>
			</report>
			<report>
				<misses>61000000</misses>
				<total>6</total>
				<timestamp>3050.088148</timestamp>
			</report>
			<report>
				<misses>61100000</misses>
				<total>6</total>
				<timestamp>3055.088159</timestamp>
			</report>
			<report>
				<misses>61200000</misses>
				<total>6</total>
				<timestamp>3060.088151</timestamp>
			</report>
			<report>
				<misses>61300000</misses>
				<total>6</total>
				<timestamp>3065.088159</timestamp>
			</report>
			<report>
				<misses>61400000</misses>
				<total>6</total>
				<timestamp>3070.088139</timestamp>
			</report>
			<report>
				<misses>61500000</misses>
				<total>6</total>
				<timestamp>3075.088145</timestamp>
			</report>
			<report>
				<misses>61600000</misses>
				<total>6</total>
				<timestamp>3080.088381</timestamp>
			</report>
			<report>
				<misses>61700000</misses>
				<total>6</total>
				<timestamp>3085.088749</timestamp>
			</report>
			<report>
				<misses>61800000</misses>
				<total>6</total>
				<timestamp>3090.088839</timestamp>
			</report>
			<report>
				<misses>61900000</misses>
				<total>6</total>
				<timestamp>3095.088785</timestamp>
			</report>
			<report>
				<misses>62000000</misses>
				<total>6</total>
				<timestamp>3100.088731</timestamp>
			</report>
			<report>
				<misses>62100000</misses>
				<total>6</total>
				<timestamp>3105.088683</timestamp>
			</report>
			<report>
				<misses>62200000</misses>
				<total>6</total>
				<timestamp>3110.088796</timestamp>
			</report>
			<report>
				<misses>62300000</misses>
				<total>6</total>
				<timestamp>3115.089153</timestamp>
			</report>
			<report>
				<misses>62400000</misses>
				<total>6</total>
				<timestamp>3120.089881</timestamp>
			</report>
			<report>
				<misses>62500000</misses>
				<total>6</total>
				<timestamp>3125.090677</timestamp>
			</report>
			<report>
				<misses>62600000</misses>
				<total>6</total>
				<timestamp>3130.090641</timestamp>
			</report>
			<report>
				<misses>62700000</misses>
				<total>6</total>
				<timestamp>3135.090612</timestamp>
			</report>
			<report>
				<misses>62800000</misses>
				<total>6</total>
				<timestamp>3140.090594</timestamp>
			</report>
			<report>
				<misses>62900000</misses>
				<total>6</total>
				<timestamp>3145.090524</timestamp>
			</report>
			<report>
				<misses>63000000</misses>
				<total>6</total>
				<timestamp>3150.090496</timestamp>
			</report>
			<report>
				<misses>63100000</misses>
				<total>6</total>
				<timestamp>3155.090958</timestamp>
			</report>
			<report>
				<misses>63200000</misses>
				<total>6</total>
				<timestamp>3160.091040</timestamp>
			</report>
			<report>
				<misses>63300000</misses>
				<total>6</total>
				<timestamp>3165.092325</timestamp>
			</report>
			<report>
				<misses>63400000</misses>
				<total>6</total>
				<timestamp>3170.092836</timestamp>
			</report>
			<report>
				<misses>63500000</misses>
				<total>6</total>
				<timestamp>3175.092985</timestamp>
			</report>
			<report>
				<misses>63600000</misses>
				<total>6</total>
				<timestamp>3180.092927</timestamp>
			</report>
			<report>
				<misses>63700000</misses>
				<total>6</total>
				<timestamp>3185.092881</timestamp>
			</report>
			<report>
				<misses>63800000</misses>
				<total>6</total>
				<timestamp>3190.092835</timestamp>
			</report>
			<report>
				<misses>63900000</misses>
				<total>6</total>
				<timestamp>3195.092784</timestamp>
			</report>
			<report>
				<misses>64000000</misses>
				<total>6</total>
				<timestamp>3200.093408</timestamp>
			</report>
			<report>
				<misses>64100000</misses>
				<total>6</total>
				<timestamp>3205.093419</timestamp>
			</report>
			<report>
				<misses>64200000</misses>
				<total>6</total>
				<timestamp>3210.093575</timestamp>
			</report>
			<report>
				<misses>64300000</misses>
				<total>6</total>
				<timestamp>3215.093559</timestamp>
			</report>
			<report>
				<misses>64400000</misses>
				<total>6</total>
				<timestamp>3220.093536</timestamp>
			</report>
			<report>
				<misses>64500000</misses>
				<total>6</total>
				<timestamp>3225.093504</timestamp>
			</report>
			<report>
				<misses>64600000</misses>
				<total>6</total>
				<timestamp>3230.093491</timestamp>
			</report>
			<report>
				<misses>64700000</misses>
				<total>6</total>
				<timestamp>3235.093432</timestamp>
			</report>
			<report>
				<misses>64800000</misses>
				<total>6</total>
				<timestamp>3240.093387</timestamp>
			</report>
			<report>
				<misses>64900000</misses>
				<total>6</total>
				<timestamp>3245.093671</timestamp>
			</report>
			<report>
				<misses>65000000</misses>
				<total>6</total>
				<timestamp>3250.093624</timestamp>
			</report>
			<report>
				<misses>65100000</misses>
				<total>6</total>
				<timestamp>3255.093590</timestamp>
			</report>
			<report>
				<misses>65200000</misses>
				<total>6</total>
				<timestamp>3260.093542</timestamp>
			</report>
			<report>
				<misses>65300000</misses>
				<total>6</total>
				<timestamp>3265.093481</timestamp>
			</report>
			<report>
				<misses>65400000</misses>
				<total>6</total>
				<timestamp>3270.093434</timestamp>
			</report>
			<report>
				<misses>65500000</misses>
				<total>6</total>
				<timestamp>3275.093396</timestamp>
			</report>
			<report>
				<misses>65600000</misses>
				<total>6</total>
				<timestamp>3280.093781</timestamp>
			</report>
			<report>
				<misses>65700000</misses>
				<total>6</total>
				<timestamp>3285.093730</timestamp>
			</report>
			<report>
				<misses>65800000</misses>
				<total>6</total>
				<timestamp>3290.093702</timestamp>
			</report>
			<report>
				<misses>65900000</misses>
				<total>6</total>
				<timestamp>3295.093685</timestamp>
			</report>
			<report>
				<misses>66000000</misses>
				<total>6</total>
				<timestamp>3300.093689</timestamp>
			</report>
			<report>
				<misses>66100000</misses>
				<total>6</total>
				<timestamp>3305.093670</timestamp>
			</report>
			<report>
				<misses>66200000</misses>
				<total>6</total>
				<timestamp>3310.093628</timestamp>
			</report>
			<report>
				<misses>66300000</misses>
				<total>6</total>
				<timestamp>3315.093720</timestamp>
			</report>
			<report>
				<misses>66400000</misses>
				<total>6</total>
				<timestamp>3320.093737</timestamp>
			</report>
			<report>
				<misses>66500000</misses>
				<total>6</total>
				<timestamp>3325.093836</timestamp>
			</report>
			<report>
				<misses>66600000</misses>
				<total>6</total>
				<timestamp>3330.094186</timestamp>
			</report>
			<report>
				<misses>66700000</misses>
				<total>6</total>
				<timestamp>3335.094428</timestamp>
			</report>
			<report>
				<misses>66800000</misses>
				<total>6</total>
				<timestamp>3340.094543</timestamp>
			</report>
			<report>
				<misses>66900000</misses>
				<total>6</total>
				<timestamp>3345.094488</timestamp>
			</report>
			<report>
				<misses>67000000</misses>
				<total>6</total>
				<timestamp>3350.094633</timestamp>
			</report>
			<report>
				<misses>67100000</misses>
				<total>6</total>
				<timestamp>3355.094588</timestamp>
			</report>
			<report>
				<misses>67200000</misses>
				<total>6</total>
				<timestamp>3360.094527</timestamp>
			</report>
			<report>
				<misses>67300000</misses>
				<total>6</total>
				<timestamp>3365.094506</timestamp>
			</report>
			<report>
				<misses>67400000</misses>
				<total>6</total>
				<timestamp>3370.094497</timestamp>
			</report>
			<report>
				<misses>67500000</misses>
				<total>6</total>
				<timestamp>3375.094496</timestamp>
			</report>
			<report>
				<misses>67600000</misses>
				<total>6</total>
				<timestamp>3380.094476</timestamp>
			</report>
			<report>
				<misses>67700000</misses>
				<total>6</total>
				<timestamp>3385.094429</timestamp>
			</report>
			<report>
				<misses>67800000</misses>
				<total>6</total>
				<timestamp>3390.095051</timestamp>
			</report>
			<report>
				<misses>67900000</misses>
				<total>6</total>
				<timestamp>3395.095049</timestamp>
			</report>
			<report>
				<misses>68000000</misses>
				<total>6</total>
				<timestamp>3400.095048</timestamp>
			</report>
			<report>
				<misses>68100000</misses>
				<total>6</total>
				<timestamp>3405.095271</timestamp>
			</report>
			<report>
				<misses>68200000</misses>
				<total>6</total>
				<timestamp>3410.095729</timestamp>
			</report>
			<report>
				<misses>68300000</misses>
				<total>6</total>
				<timestamp>3415.096192</timestamp>
			</report>
			<report>
				<misses>68400000</misses>
				<total>6</total>
				<timestamp>3420.096434</timestamp>
			</report>
			<report>
				<misses>68500000</misses>
				<total>6</total>
				<timestamp>3425.096391</timestamp>
			</report>
			<report>
				<misses>68600000</misses>
				<total>6</total>
				<timestamp>3430.096631</timestamp>
			</report>
			<report>
				<misses>68700000</misses>
				<total>6</total>
				<timestamp>3435.097182</timestamp>
			</report>
			<report>
				<misses>68800000</misses>
				<total>6</total>
				<timestamp>3440.097238</timestamp>
			</report>
			<report>
				<misses>68900000</misses>
				<total>6</total>
				<timestamp>3445.097370</timestamp>
			</report>
			<report>
				<misses>69000000</misses>
				<total>6</total>
				<timestamp>3450.097351</timestamp>
			</report>
			<report>
				<misses>69100000</misses>
				<total>6</total>
				<timestamp>3455.097511</timestamp>
			</report>
			<report>
				<misses>69200000</misses>
				<total>6</total>
				<timestamp>3460.097886</timestamp>
			</report>
			<report>
				<misses>69300000</misses>
				<total>6</total>
				<timestamp>3465.097893</timestamp>
			</report>
			<report>
				<misses>69400000</misses>
				<total>6</total>
				<timestamp>3470.098177</timestamp>
			</report>
			<report>
				<misses>69500000</misses>
				<total>6</total>
				<timestamp>3475.098141</timestamp>
			</report>
			<report>
				<misses>69600000</misses>
				<total>6</total>
				<timestamp>3480.098083</timestamp>
			</report>
			<report>
				<misses>69700000</misses>
				<total>6</total>
				<timestamp>3485.098193</timestamp>
			</report>
			<report>
				<misses>69800000</misses>
				<total>6</total>
				<timestamp>3490.098140</timestamp>
			</report>
			<report>
				<misses>69900000</misses>
				<total>6</total>
				<timestamp>3495.098088</timestamp>
			</report>
			<report>
				<misses>70000000</misses>
				<total>6</total>
				<timestamp>3500.098053</timestamp>
			</report>
			<report>
				<misses>70100000</misses>
				<total>6</total>
				<timestamp>3505.098031</timestamp>
			</report>
			<report>
				<misses>70200000</misses>
				<total>6</total>
				<timestamp>3510.098340</timestamp>
			</report>
			<report>
				<misses>70300000</misses>
				<total>6</total>
				<timestamp>3515.098292</timestamp>
			</report>
			<report>
				<misses>70400000</misses>
				<total>6</total>
				<timestamp>3520.098231</timestamp>
			</report>
			<report>
				<misses>70500000</misses>
				<total>6</total>
				<timestamp>3525.098494</timestamp>
			</report>
			<report>
				<misses>70600000</misses>
				<total>6</total>
				<timestamp>3530.098484</timestamp>
			</report>
			<report>
				<misses>70700000</misses>
				<total>6</total>
				<timestamp>3535.098436</timestamp>
			</report>
			<report>
				<misses>70800000</misses>
				<total>6</total>
				<timestamp>3540.098435</timestamp>
			</report>
			<report>
				<misses>70900000</misses>
				<total>6</total>
				<timestamp>3545.098382</timestamp>
			</report>
			<report>
				<misses>71000000</misses>
				<total>6</total>
				<timestamp>3550.098349</timestamp>
			</report>
			<report>
				<misses>71100000</misses>
				<total>6</total>
				<timestamp>3555.098452</timestamp>
			</report>
			<report>
				<misses>71200000</misses>
				<total>6</total>
				<timestamp>3560.098426</timestamp>
			</report>
			<report>
				<misses>71300000</misses>
				<total>6</total>
				<timestamp>3565.098383</timestamp>
			</report>
			<report>
				<misses>71400000</misses>
				<total>6</total>
				<timestamp>3570.098696</timestamp>
			</report>
			<report>
				<misses>71500000</misses>
				<total>6</total>
				<timestamp>3575.098879</timestamp>
			</report>
			<report>
				<misses>71600000</misses>
				<total>6</total>
				<timestamp>3580.098883</timestamp>
			</report>
			<report>
				<misses>71700000</misses>
				<total>6</total>
				<timestamp>3585.099044</timestamp>
			</report>
			<report>
				<misses>71800000</misses>
				<total>6</total>
				<timestamp>3590.099046</timestamp>
			</report>
			<report>
				<misses>71900000</misses>
				<total>6</total>
				<timestamp>3595.099040</timestamp>
			</report>
			<report>
				<misses>72000000</misses>
				<total>6</total>
				<timestamp>3600.098994</timestamp>
			</report>
			<report>
				<misses>72100000</misses>
				<total>6</total>
				<timestamp>3605.098987</timestamp>
			</report>
			<report>
				<misses>72200000</misses>
				<total>6</total>
				<timestamp>3610.098994</timestamp>
			</report>
			<report>
				<misses>72300000</misses>
				<total>6</total>
				<timestamp>3615.099046</timestamp>
			</report>
			<report>
				<misses>72400000</misses>
				<total>6</total>
				<timestamp>3620.099183</timestamp>
			</report>
			<report>
				<misses>72500000</misses>
				<total>6</total>
				<timestamp>3625.099155</timestamp>
			</report>
			<report>
				<misses>72600000</misses>
				<total>6</total>
				<timestamp>3630.099229</timestamp>
			</report>
			<report>
				<misses>72700000</misses>
				<total>6</total>
				<timestamp>3635.099856</timestamp>
			</report>
			<report>
				<misses>72800000</misses>
				<total>6</total>
				<timestamp>3640.099835</timestamp>
			</report>
			<report>
				<misses>72900000</misses>
				<total>6</total>
				<timestamp>3645.099788</timestamp>
			</report>
			<report>
				<misses>73000000</misses>
				<total>6</total>
				<timestamp>3650.099743</timestamp>
			</report>
			<report>
				<misses>73100000</misses>
				<total>6</total>
				<timestamp>3655.099728</timestamp>
			</report>
			<report>
				<misses>73200000</misses>
				<total>6</total>
				<timestamp>3660.099679</timestamp>
			</report>
			<report>
				<misses>73300000</misses>
				<total>6</total>
				<timestamp>3665.099636</timestamp>
			</report>
			<report>
				<misses>73400000</misses>
				<total>6</total>
				<timestamp>3670.099587</timestamp>
			</report>
			<report>
				<misses>73500000</misses>
				<total>6</total>
				<timestamp>3675.099548</timestamp>
			</report>
			<report>
				<misses>73600000</misses>
				<total>6</total>
				<timestamp>3680.099542</timestamp>
			</report>
			<report>
				<misses>73700000</misses>
				<total>6</total>
				<timestamp>3685.099828</timestamp>
			</report>
			<report>
				<misses>73800000</misses>
				<total>6</total>
				<timestamp>3690.099936</timestamp>
			</report>
			<report>
				<misses>73900000</misses>
				<total>6</total>
				<timestamp>3695.099884</timestamp>
			</report>
			<report>
				<misses>74000000</misses>
				<total>6</total>
				<timestamp>3700.099901</timestamp>
			</report>
			<report>
				<misses>74100000</misses>
				<total>6</total>
				<timestamp>3705.099884</timestamp>
			</report>
			<report>
				<misses>74200000</misses>
				<total>6</total>
				<timestamp>3710.100062</timestamp>
			</report>
			<report>
				<misses>74300000</misses>
				<total>6</total>
				<timestamp>3715.100360</timestamp>
			</report>
			<report>
				<misses>74400000</misses>
				<total>6</total>
				<timestamp>3720.100479</timestamp>
			</report>
			<report>
				<misses>74500000</misses>
				<total>6</total>
				<timestamp>3725.100427</timestamp>
			</report>
			<report>
				<misses>74600000</misses>
				<total>6</total>
				<timestamp>3730.100430</timestamp>
			</report>
			<report>
				<misses>74700000</misses>
				<total>6</total>
				<timestamp>3735.100585</timestamp>
			</report>
			<report>
				<misses>74800000</misses>
				<total>6</total>
				<timestamp>3740.100772</timestamp>
			</report>
			<report>
				<misses>74900000</misses>
				<total>6</total>
				<timestamp>3745.101061</timestamp>
			</report>
			<report>
				<misses>75000000</misses>
				<total>6</total>
				<timestamp>3750.101376</timestamp>
			</report>
			<report>
				<misses>75100000</misses>
				<total>6</total>
				<timestamp>3755.101870</timestamp>
			</report>
			<report>
				<misses>75200000</misses>
				<total>6</total>
				<timestamp>3760.102284</timestamp>
			</report>
			<report>
				<misses>75300000</misses>
				<total>6</total>
				<timestamp>3765.102344</timestamp>
			</report>
			<report>
				<misses>75400000</misses>
				<total>6</total>
				<timestamp>3770.102407</timestamp>
			</report>
			<report>
				<misses>75500000</misses>
				<total>6</total>
				<timestamp>3775.102489</timestamp>
			</report>
			<report>
				<misses>75600000</misses>
				<total>6</total>
				<timestamp>3780.102789</timestamp>
			</report>
			<report>
				<misses>75700000</misses>
				<total>6</total>
				<timestamp>3785.103143</timestamp>
			</report>
			<report>
				<misses>75800000</misses>
				<total>6</total>
				<timestamp>3790.103097</timestamp>
			</report>
			<report>
				<misses>75900000</misses>
				<total>6</total>
				<timestamp>3795.103088</timestamp>
			</report>
			<report>
				<misses>76000000</misses>
				<total>6</total>
				<timestamp>3800.103037</timestamp>
			</report>
			<report>
				<misses>76100000</misses>
				<total>6</total>
				<timestamp>3805.103009</timestamp>
			</report>
			<report>
				<misses>76200000</misses>
				<total>6</total>
				<timestamp>3810.103640</timestamp>
			</report>
			<report>
				<misses>76300000</misses>
				<total>6</total>
				<timestamp>3815.105016</timestamp>
			</report>
			<report>
				<misses>76400000</misses>
				<total>6</total>
				<timestamp>3820.104992</timestamp>
			</report>
			<report>
				<misses>76500000</misses>
				<total>6</total>
				<timestamp>3825.105340</timestamp>
			</report>
			<report>
				<misses>76600000</misses>
				<total>6</total>
				<timestamp>3830.105305</timestamp>
			</report>
			<report>
				<misses>76700000</misses>
				<total>6</total>
				<timestamp>3835.105306</timestamp>
			</report>
			<report>
				<misses>76800000</misses>
				<total>6</total>
				<timestamp>3840.105451</timestamp>
			</report>
			<report>
				<misses>76900000</misses>
				<total>6</total>
				<timestamp>3845.105679</timestamp>
			</report>
			<report>
				<misses>77000000</misses>
				<total>6</total>
				<timestamp>3850.106239</timestamp>
			</report>
			<report>
				<misses>77100000</misses>
				<total>6</total>
				<timestamp>3855.106525</timestamp>
			</report>
			<report>
				<misses>77200000</misses>
				<total>6</total>
				<timestamp>3860.106633</timestamp>
			</report>
			<report>
				<misses>77300000</misses>
				<total>6</total>
				<timestamp>3865.106798</timestamp>
			</report>
			<report>
				<misses>77400000</misses>
				<total>6</total>
				<timestamp>3870.106882</timestamp>
			</report>
			<report>
				<misses>77500000</misses>
				<total>6</total>
				<timestamp>3875.107006</timestamp>
			</report>
			<report>
				<misses>77600000</misses>
				<total>6</total>
				<timestamp>3880.107043</timestamp>
			</report>
			<report>
				<misses>77700000</misses>
				<total>6</total>
				<timestamp>3885.107148</timestamp>
			</report>
			<report>
				<misses>77800000</misses>
				<total>6</total>
				<timestamp>3890.107744</timestamp>
			</report>
			<report>
				<misses>77900000</misses>
				<total>6</total>
				<timestamp>3895.108326</timestamp>
			</report>
			<report>
				<misses>78000000</misses>
				<total>6</total>
				<timestamp>3900.108998</timestamp>
			</report>
			<report>
				<misses>78100000</misses>
				<total>6</total>
				<timestamp>3905.109126</timestamp>
			</report>
			<report>
				<misses>78200000</misses>
				<total>6</total>
				<timestamp>3910.109145</timestamp>
			</report>
			<report>
				<misses>78300000</misses>
				<total>6</total>
				<timestamp>3915.109829</timestamp>
			</report>
			<report>
				<misses>78400000</misses>
				<total>6</total>
				<timestamp>3920.110435</timestamp>
			</report>
			<report>
				<misses>78500000</misses>
				<total>7</total>
				<timestamp>3925.110430</timestamp>
			</report>
			<report>
				<misses>78600000</misses>
				<total>7</total>
				<timestamp>3930.110472</timestamp>
			</report>
			<report>
				<misses>78700000</misses>
				<total>7</total>
				<timestamp>3935.110465</timestamp>
			</report>
			<report>
				<misses>78800000</misses>
				<total>7</total>
				<timestamp>3940.110574</timestamp>
			</report>
			<report>
				<misses>78900000</misses>
				<total>7</total>
				<timestamp>3945.110599</timestamp>
			</report>
			<report>
				<misses>79000000</misses>
				<total>7</total>
				<timestamp>3950.110572</timestamp>
			</report>
			<report>
				<misses>79100000</misses>
				<total>7</total>
				<timestamp>3955.110523</timestamp>
			</report>
			<report>
				<misses>79200000</misses>
				<total>7</total>
				<timestamp>3960.110879</timestamp>
			</report>
			<report>
				<misses>79300000</misses>
				<total>7</total>
				<timestamp>3965.111208</timestamp>
			</report>
			<report>
				<misses>79400000</misses>
				<total>7</total>
				<timestamp>3970.111722</timestamp>
			</report>
			<report>
				<misses>79500000</misses>
				<total>7</total>
				<timestamp>3975.112074</timestamp>
			</report>
			<report>
				<misses>79600000</misses>
				<total>7</total>
				<timestamp>3980.112436</timestamp>
			</report>
			<report>
				<misses>79700000</misses>
				<total>7</total>
				<timestamp>3985.112609</timestamp>
			</report>
			<report>
				<misses>79800000</misses>
				<total>7</total>
				<timestamp>3990.112590</timestamp>
			</report>
			<report>
				<misses>79900000</misses>
				<total>7</total>
				<timestamp>3995.113733</timestamp>
			</report>
			<report>
				<misses>80000000</misses>
				<total>7</total>
				<timestamp>4000.114244</timestamp>
			</report>
			<report>
				<misses>80100000</misses>
				<total>7</total>
				<timestamp>4005.114333</timestamp>
			</report>
			<report>
				<misses>80200000</misses>
				<total>7</total>
				<timestamp>4010.114825</timestamp>
			</report>
			<report>
				<misses>80300000</misses>
				<total>7</total>
				<timestamp>4015.115199</timestamp>
			</report>
			<report>
				<misses>80400000</misses>
				<total>7</total>
				<timestamp>4020.115882</timestamp>
			</report>
			<report>
				<misses>80500000</misses>
				<total>7</total>
				<timestamp>4025.116335</timestamp>
			</report>
			<report>
				<misses>80600000</misses>
				<total>7</total>
				<timestamp>4030.116271</timestamp>
			</report>
			<report>
				<misses>80700000</misses>
				<total>7</total>
				<timestamp>4035.116554</timestamp>
			</report>
			<report>
				<misses>80800000</misses>
				<total>7</total>
				<timestamp>4040.116969</timestamp>
			</report>
			<report>
				<misses>80900000</misses>
				<total>7</total>
				<timestamp>4045.117225</timestamp>
			</report>
			<report>
				<misses>81000000</misses>
				<total>7</total>
				<timestamp>4050.117524</timestamp>
			</report>
			<report>
				<misses>81100000</misses>
				<total>7</total>
				<timestamp>4055.117474</timestamp>
			</report>
			<report>
				<misses>81200000</misses>
				<total>7</total>
				<timestamp>4060.117537</timestamp>
			</report>
			<report>
				<misses>81300000</misses>
				<total>7</total>
				<timestamp>4065.117781</timestamp>
			</report>
			<report>
				<misses>81400000</misses>
				<total>7</total>
				<timestamp>4070.117828</timestamp>
			</report>
			<report>
				<misses>81500000</misses>
				<total>7</total>
				<timestamp>4075.117764</timestamp>
			</report>
			<report>
				<misses>81600000</misses>
				<total>7</total>
				<timestamp>4080.117949</timestamp>
			</report>
			<report>
				<misses>81700000</misses>
				<total>7</total>
				<timestamp>4085.117927</timestamp>
			</report>
			<report>
				<misses>81800000</misses>
				<total>7</total>
				<timestamp>4090.117869</timestamp>
			</report>
			<report>
				<misses>81900000</misses>
				<total>7</total>
				<timestamp>4095.117844</timestamp>
			</report>
			<report>
				<misses>82000000</misses>
				<total>7</total>
				<timestamp>4100.117823</timestamp>
			</report>
			<report>
				<misses>82100000</misses>
				<total>8</total>
				<timestamp>4105.117798</timestamp>
			</report>
			<report>
				<misses>82200000</misses>
				<total>8</total>
				<timestamp>4110.117793</timestamp>
			</report>
			<report>
				<misses>82300000</misses>
				<total>8</total>
				<timestamp>4115.117792</timestamp>
			</report>
			<report>
				<misses>82400000</misses>
				<total>8</total>
				<timestamp>4120.117787</timestamp>
			</report>
			<report>
				<misses>82500000</misses>
				<total>8</total>
				<timestamp>4125.117725</timestamp>
			</report>
			<report>
				<misses>82600000</misses>
				<total>8</total>
				<timestamp>4130.117694</timestamp>
			</report>
			<report>
				<misses>82700000</misses>
				<total>8</total>
				<timestamp>4135.117626</timestamp>
			</report>
			<report>
				<misses>82800000</misses>
				<total>8</total>
				<timestamp>4140.117855</timestamp>
			</report>
			<report>
				<misses>82900000</misses>
				<total>8</total>
				<timestamp>4145.117843</timestamp>
			</report>
			<report>
				<misses>83000000</misses>
				<total>8</total>
				<timestamp>4150.117789</timestamp>
			</report>
			<report>
				<misses>83100000</misses>
				<total>8</total>
				<timestamp>4155.117746</timestamp>
			</report>
			<report>
				<misses>83200000</misses>
				<total>8</total>
				<timestamp>4160.118144</timestamp>
			</report>
			<report>
				<misses>83300000</misses>
				<total>8</total>
				<timestamp>4165.118094</timestamp>
			</report>
			<report>
				<misses>83400000</misses>
				<total>8</total>
				<timestamp>4170.118105</timestamp>
			</report>
			<report>
				<misses>83500000</misses>
				<total>8</total>
				<timestamp>4175.118090</timestamp>
			</report>
			<report>
				<misses>83600000</misses>
				<total>8</total>
				<timestamp>4180.118329</timestamp>
			</report>
			<report>
				<misses>83700000</misses>
				<total>8</total>
				<timestamp>4185.118311</timestamp>
			</report>
			<report>
				<misses>83800000</misses>
				<total>8</total>
				<timestamp>4190.118290</timestamp>
			</report>
			<report>
				<misses>83900000</misses>
				<total>8</total>
				<timestamp>4195.118334</timestamp>
			</report>
			<report>
				<misses>84000000</misses>
				<total>8</total>
				<timestamp>4200.118523</timestamp>
			</report>
			<report>
				<misses>84100000</misses>
				<total>8</total>
				<timestamp>4205.118478</timestamp>
			</report>
			<report>
				<misses>84200000</misses>
				<total>8</total>
				<timestamp>4210.118499</timestamp>
			</report>
			<report>
				<misses>84300000</misses>
				<total>8</total>
				<timestamp>4215.118471</timestamp>
			</report>
			<report>
				<misses>84400000</misses>
				<total>8</total>
				<timestamp>4220.118430</timestamp>
			</report>
			<report>
				<misses>84500000</misses>
				<total>8</total>
				<timestamp>4225.118397</timestamp>
			</report>
			<report>
				<misses>84600000</misses>
				<total>8</total>
				<timestamp>4230.118379</timestamp>
			</report>
			<report>
				<misses>84700000</misses>
				<total>8</total>
				<timestamp>4235.118346</timestamp>
			</report>
			<report>
				<misses>84800000</misses>
				<total>8</total>
				<timestamp>4240.118336</timestamp>
			</report>
			<report>
				<misses>84900000</misses>
				<total>8</total>
				<timestamp>4245.118299</timestamp>
			</report>
			<report>
				<misses>85000000</misses>
				<total>8</total>
				<timestamp>4250.118284</timestamp>
			</report>
			<report>
				<misses>85100000</misses>
				<total>8</total>
				<timestamp>4255.118245</timestamp>
			</report>
			<report>
				<misses>85200000</misses>
				<total>8</total>
				<timestamp>4260.118545</timestamp>
			</report>
			<report>
				<misses>85300000</misses>
				<total>8</total>
				<timestamp>4265.118539</timestamp>
			</report>
			<report>
				<misses>85400000</misses>
				<total>8</total>
				<timestamp>4270.118537</timestamp>
			</report>
			<report>
				<misses>85500000</misses>
				<total>8</total>
				<timestamp>4275.118491</timestamp>
			</report>
			<report>
				<misses>85600000</misses>
				<total>8</total>
				<timestamp>4280.118436</timestamp>
			</report>
			<report>
				<misses>85700000</misses>
				<total>8</total>
				<timestamp>4285.118437</timestamp>
			</report>
			<report>
				<misses>85800000</misses>
				<total>8</total>
				<timestamp>4290.118374</timestamp>
			</report>
			<report>
				<misses>85900000</misses>
				<total>8</total>
				<timestamp>4295.118363</timestamp>
			</report>
			<report>
				<misses>86000000</misses>
				<total>8</total>
				<timestamp>4300.118443</timestamp>
			</report>
			<report>
				<misses>86100000</misses>
				<total>8</total>
				<timestamp>4305.118385</timestamp>
			</report>
			<report>
				<misses>86200000</misses>
				<total>8</total>
				<timestamp>4310.118342</timestamp>
			</report>
			<report>
				<misses>86300000</misses>
				<total>8</total>
				<timestamp>4315.118291</timestamp>
			</report>
			<report>
				<misses>86400000</misses>
				<total>8</total>
				<timestamp>4320.118261</timestamp>
			</report>
			<report>
				<misses>86500000</misses>
				<total>8</total>
				<timestamp>4325.118241</timestamp>
			</report>
			<report>
				<misses>86600000</misses>
				<total>8</total>
				<timestamp>4330.118180</timestamp>
			</report>
			<report>
				<misses>86700000</misses>
				<total>8</total>
				<timestamp>4335.118130</timestamp>
			</report>
			<report>
				<misses>86800000</misses>
				<total>8</total>
				<timestamp>4340.118102</timestamp>
			</report>
			<report>
				<misses>86900000</misses>
				<total>8</total>
				<timestamp>4345.118157</timestamp>
			</report>
			<report>
				<misses>87000000</misses>
				<total>8</total>
				<timestamp>4350.118125</timestamp>
			</report>
			<report>
				<misses>87100000</misses>
				<total>8</total>
				<timestamp>4355.118339</timestamp>
			</report>
			<report>
				<misses>87200000</misses>
				<total>8</total>
				<timestamp>4360.118586</timestamp>
			</report>
			<report>
				<misses>87300000</misses>
				<total>8</total>
				<timestamp>4365.118533</timestamp>
			</report>
			<report>
				<misses>87400000</misses>
				<total>8</total>
				<timestamp>4370.118499</timestamp>
			</report>
			<report>
				<misses>87500000</misses>
				<total>8</total>
				<timestamp>4375.118485</timestamp>
			</report>
			<report>
				<misses>87600000</misses>
				<total>8</total>
				<timestamp>4380.118995</timestamp>
			</report>
			<report>
				<misses>87700000</misses>
				<total>8</total>
				<timestamp>4385.118959</timestamp>
			</report>
			<report>
				<misses>87800000</misses>
				<total>8</total>
				<timestamp>4390.119237</timestamp>
			</report>
			<report>
				<misses>87900000</misses>
				<total>8</total>
				<timestamp>4395.119179</timestamp>
			</report>
			<report>
				<misses>88000000</misses>
				<total>8</total>
				<timestamp>4400.119138</timestamp>
			</report>
			<report>
				<misses>88100000</misses>
				<total>8</total>
				<timestamp>4405.119100</timestamp>
			</report>
			<report>
				<misses>88200000</misses>
				<total>8</total>
				<timestamp>4410.119072</timestamp>
			</report>
			<report>
				<misses>88300000</misses>
				<total>8</total>
				<timestamp>4415.119039</timestamp>
			</report>
			<report>
				<misses>88400000</misses>
				<total>9</total>
				<timestamp>4420.119135</timestamp>
			</report>
			<report>
				<misses>88500000</misses>
				<total>9</total>
				<timestamp>4425.119077</timestamp>
			</report>
			<report>
				<misses>88600000</misses>
				<total>9</total>
				<timestamp>4430.119683</timestamp>
			</report>
			<report>
				<misses>88700000</misses>
				<total>9</total>
				<timestamp>4435.120243</timestamp>
			</report>
			<report>
				<misses>88800000</misses>
				<total>9</total>
				<timestamp>4440.120193</timestamp>
			</report>
			<report>
				<misses>88900000</misses>
				<total>9</total>
				<timestamp>4445.120143</timestamp>
			</report>
			<report>
				<misses>89000000</misses>
				<total>9</total>
				<timestamp>4450.120091</timestamp>
			</report>
			<report>
				<misses>89100000</misses>
				<total>9</total>
				<timestamp>4455.120079</timestamp>
			</report>
			<report>
				<misses>89200000</misses>
				<total>9</total>
				<timestamp>4460.120035</timestamp>
			</report>
			<report>
				<misses>89300000</misses>
				<total>9</total>
				<timestamp>4465.120007</timestamp>
			</report>
			<report>
				<misses>89400000</misses>
				<total>9</total>
				<timestamp>4470.119981</timestamp>
			</report>
			<report>
				<misses>89500000</misses>
				<total>9</total>
				<timestamp>4475.120247</timestamp>
			</report>
			<report>
				<misses>89600000</misses>
				<total>9</total>
				<timestamp>4480.120241</timestamp>
			</report>
			<report>
				<misses>89700000</misses>
				<total>9</total>
				<timestamp>4485.120221</timestamp>
			</report>
			<report>
				<misses>89800000</misses>
				<total>9</total>
				<timestamp>4490.120179</timestamp>
			</report>
			<report>
				<misses>89900000</misses>
				<total>9</total>
				<timestamp>4495.120178</timestamp>
			</report>
			<report>
				<misses>90000000</misses>
				<total>9</total>
				<timestamp>4500.120136</timestamp>
			</report>
			<report>
				<misses>90100000</misses>
				<total>9</total>
				<timestamp>4505.120112</timestamp>
			</report>
			<report>
				<misses>90200000</misses>
				<total>9</total>
				<timestamp>4510.120289</timestamp>
			</report>
			<report>
				<misses>90300000</misses>
				<total>9</total>
				<timestamp>4515.120219</timestamp>
			</report>
			<report>
				<misses>90400000</misses>
				<total>9</total>
				<timestamp>4520.120201</timestamp>
			</report>
			<report>
				<misses>90500000</misses>
				<total>9</total>
				<timestamp>4525.120183</timestamp>
			</report>
			<report>
				<misses>90600000</misses>
				<total>9</total>
				<timestamp>4530.120144</timestamp>
			</report>
			<report>
				<misses>90700000</misses>
				<total>9</total>
				<timestamp>4535.120535</timestamp>
			</report>
			<report>
				<misses>90800000</misses>
				<total>9</total>
				<timestamp>4540.120616</timestamp>
			</report>
			<report>
				<misses>90900000</misses>
				<total>9</total>
				<timestamp>4545.120678</timestamp>
			</report>
			<report>
				<misses>91000000</misses>
				<total>9</total>
				<timestamp>4550.120682</timestamp>
			</report>
			<report>
				<misses>91100000</misses>
				<total>9</total>
				<timestamp>4555.120636</timestamp>
			</report>
			<report>
				<misses>91200000</misses>
				<total>9</total>
				<timestamp>4560.120584</timestamp>
			</report>
			<report>
				<misses>91300000</misses>
				<total>9</total>
				<timestamp>4565.120532</timestamp>
			</report>
			<report>
				<misses>91400000</misses>
				<total>9</total>
				<timestamp>4570.120490</timestamp>
			</report>
			<report>
				<misses>91500000</misses>
				<total>9</total>
				<timestamp>4575.121022</timestamp>
			</report>
			<report>
				<misses>91600000</misses>
				<total>9</total>
				<timestamp>4580.120990</timestamp>
			</report>
			<report>
				<misses>91700000</misses>
				<total>9</total>
				<timestamp>4585.120944</timestamp>
			</report>
			<report>
				<misses>91800000</misses>
				<total>9</total>
				<timestamp>4590.121078</timestamp>
			</report>
			<report>
				<misses>91900000</misses>
				<total>9</total>
				<timestamp>4595.121032</timestamp>
			</report>
			<report>
				<misses>92000000</misses>
				<total>9</total>
				<timestamp>4600.120998</timestamp>
			</report>
			<report>
				<misses>92100000</misses>
				<total>9</total>
				<timestamp>4605.121005</timestamp>
			</report>
			<report>
				<misses>92200000</misses>
				<total>9</total>
				<timestamp>4610.120978</timestamp>
			</report>
			<report>
				<misses>92300000</misses>
				<total>9</total>
				<timestamp>4615.121194</timestamp>
			</report>
			<report>
				<misses>92400000</misses>
				<total>9</total>
				<timestamp>4620.121137</timestamp>
			</report>
			<report>
				<misses>92500000</misses>
				<total>9</total>
				<timestamp>4625.121081</timestamp>
			</report>
			<report>
				<misses>92600000</misses>
				<total>9</total>
				<timestamp>4630.121059</timestamp>
			</report>
			<report>
				<misses>92700000</misses>
				<total>9</total>
				<timestamp>4635.121041</timestamp>
			</report>
			<report>
				<misses>92800000</misses>
				<total>9</total>
				<timestamp>4640.120980</timestamp>
			</report>
			<report>
				<misses>92900000</misses>
				<total>9</total>
				<timestamp>4645.120927</timestamp>
			</report>
			<report>
				<misses>93000000</misses>
				<total>9</total>
				<timestamp>4650.120885</timestamp>
			</report>
			<report>
				<misses>93100000</misses>
				<total>9</total>
				<timestamp>4655.120847</timestamp>
			</report>
			<report>
				<misses>93200000</misses>
				<total>9</total>
				<timestamp>4660.121004</timestamp>
			</report>
			<report>
				<misses>93300000</misses>
				<total>9</total>
				<timestamp>4665.120992</timestamp>
			</report>
			<report>
				<misses>93400000</misses>
				<total>9</total>
				<timestamp>4670.120933</timestamp>
			</report>
			<report>
				<misses>93500000</misses>
				<total>9</total>
				<timestamp>4675.120914</timestamp>
			</report>
			<report>
				<misses>93600000</misses>
				<total>9</total>
				<timestamp>4680.120882</timestamp>
			</report>
			<report>
				<misses>93700000</misses>
				<total>9</total>
				<timestamp>4685.120931</timestamp>
			</report>
			<report>
				<misses>93800000</misses>
				<total>9</total>
				<timestamp>4690.120882</timestamp>
			</report>
			<report>
				<misses>93900000</misses>
				<total>9</total>
				<timestamp>4695.120849</timestamp>
			</report>
			<report>
				<misses>94000000</misses>
				<total>9</total>
				<timestamp>4700.120826</timestamp>
			</report>
			<report>
				<misses>94100000</misses>
				<total>9</total>
				<timestamp>4705.120778</timestamp>
			</report>
			<report>
				<misses>94200000</misses>
				<total>9</total>
				<timestamp>4710.120730</timestamp>
			</report>
			<report>
				<misses>94300000</misses>
				<total>9</total>
				<timestamp>4715.120680</timestamp>
			</report>
			<report>
				<misses>94400000</misses>
				<total>9</total>
				<timestamp>4720.120628</timestamp>
			</report>
			<report>
				<misses>94500000</misses>
				<total>9</total>
				<timestamp>4725.120658</timestamp>
			</report>
			<report>
				<misses>94600000</misses>
				<total>9</total>
				<timestamp>4730.120650</timestamp>
			</report>
			<report>
				<misses>94700000</misses>
				<total>9</total>
				<timestamp>4735.120759</timestamp>
			</report>
			<report>
				<misses>94800000</misses>
				<total>9</total>
				<timestamp>4740.120830</timestamp>
			</report>
			<report>
				<misses>94900000</misses>
				<total>9</total>
				<timestamp>4745.120934</timestamp>
			</report>
			<report>
				<misses>95000000</misses>
				<total>9</total>
				<timestamp>4750.120934</timestamp>
			</report>
			<report>
				<misses>95100000</misses>
				<total>9</total>
				<timestamp>4755.121484</timestamp>
			</report>
			<report>
				<misses>95200000</misses>
				<total>9</total>
				<timestamp>4760.121845</timestamp>
			</report>
			<report>
				<misses>95300000</misses>
				<total>9</total>
				<timestamp>4765.121846</timestamp>
			</report>
			<report>
				<misses>95400000</misses>
				<total>9</total>
				<timestamp>4770.121985</timestamp>
			</report>
			<report>
				<misses>95500000</misses>
				<total>9</total>
				<timestamp>4775.121924</timestamp>
			</report>
			<report>
				<misses>95600000</misses>
				<total>9</total>
				<timestamp>4780.121885</timestamp>
			</report>
			<report>
				<misses>95700000</misses>
				<total>9</total>
				<timestamp>4785.121840</timestamp>
			</report>
			<report>
				<misses>95800000</misses>
				<total>9</total>
				<timestamp>4790.121795</timestamp>
			</report>
			<report>
				<misses>95900000</misses>
				<total>9</total>
				<timestamp>4795.121780</timestamp>
			</report>
			<report>
				<misses>96000000</misses>
				<total>9</total>
				<timestamp>4800.121740</timestamp>
			</report>
			<report>
				<misses>96100000</misses>
				<total>9</total>
				<timestamp>4805.122222</timestamp>
			</report>
			<report>
				<misses>96200000</misses>
				<total>9</total>
				<timestamp>4810.122185</timestamp>
			</report>
			<report>
				<misses>96300000</misses>
				<total>9</total>
				<timestamp>4815.122138</timestamp>
			</report>
			<report>
				<misses>96400000</misses>
				<total>9</total>
				<timestamp>4820.122141</timestamp>
			</report>
			<report>
				<misses>96500000</misses>
				<total>9</total>
				<timestamp>4825.122087</timestamp>
			</report>
			<report>
				<misses>96600000</misses>
				<total>9</total>
				<timestamp>4830.122062</timestamp>
			</report>
			<report>
				<misses>96700000</misses>
				<total>9</total>
				<timestamp>4835.122030</timestamp>
			</report>
			<report>
				<misses>96800000</misses>
				<total>9</total>
				<timestamp>4840.121986</timestamp>
			</report>
			<report>
				<misses>96900000</misses>
				<total>9</total>
				<timestamp>4845.121934</timestamp>
			</report>
			<report>
				<misses>97000000</misses>
				<total>9</total>
				<timestamp>4850.121912</timestamp>
			</report>
			<report>
				<misses>97100000</misses>
				<total>9</total>
				<timestamp>4855.121881</timestamp>
			</report>
			<report>
				<misses>97200000</misses>
				<total>9</total>
				<timestamp>4860.121850</timestamp>
			</report>
			<report>
				<misses>97300000</misses>
				<total>9</total>
				<timestamp>4865.121826</timestamp>
			</report>
			<report>
				<misses>97400000</misses>
				<total>9</total>
				<timestamp>4870.121784</timestamp>
			</report>
			<report>
				<misses>97500000</misses>
				<total>9</total>
				<timestamp>4875.121750</timestamp>
			</report>
			<report>
				<misses>97600000</misses>
				<total>9</total>
				<timestamp>4880.121737</timestamp>
			</report>
			<report>
				<misses>97700000</misses>
				<total>9</total>
				<timestamp>4885.121892</timestamp>
			</report>
			<report>
				<misses>97800000</misses>
				<total>9</total>
				<timestamp>4890.121841</timestamp>
			</report>
			<report>
				<misses>97900000</misses>
				<total>9</total>
				<timestamp>4895.121777</timestamp>
			</report>
			<report>
				<misses>98000000</misses>
				<total>9</total>
				<timestamp>4900.121734</timestamp>
			</report>
			<report>
				<misses>98100000</misses>
				<total>9</total>
				<timestamp>4905.121706</timestamp>
			</report>
			<report>
				<misses>98200000</misses>
				<total>9</total>
				<timestamp>4910.121676</timestamp>
			</report>
			<report>
				<misses>98300000</misses>
				<total>9</total>
				<timestamp>4915.121632</timestamp>
			</report>
			<report>
				<misses>98400000</misses>
				<total>9</total>
				<timestamp>4920.121604</timestamp>
			</report>
			<report>
				<misses>98500000</misses>
				<total>9</total>
				<timestamp>4925.121592</timestamp>
			</report>
			<report>
				<misses>98600000</misses>
				<total>9</total>
				<timestamp>4930.121585</timestamp>
			</report>
			<report>
				<misses>98700000</misses>
				<total>9</total>
				<timestamp>4935.121529</timestamp>
			</report>
			<report>
				<misses>98800000</misses>
				<total>9</total>
				<timestamp>4940.121472</timestamp>
			</report>
			<report>
				<misses>98900000</misses>
				<total>9</total>
				<timestamp>4945.121436</timestamp>
			</report>
			<report>
				<misses>99000000</misses>
				<total>9</total>
				<timestamp>4950.121402</timestamp>
			</report>
			<report>
				<misses>99100000</misses>
				<total>9</total>
				<timestamp>4955.121474</timestamp>
			</report>
			<report>
				<misses>99200000</misses>
				<total>9</total>
				<timestamp>4960.121440</timestamp>
			</report>
			<report>
				<misses>99300000</misses>
				<total>9</total>
				<timestamp>4965.121387</timestamp>
			</report>
			<report>
				<misses>99400000</misses>
				<total>9</total>
				<timestamp>4970.121340</timestamp>
			</report>
			<report>
				<misses>99500000</misses>
				<total>9</total>
				<timestamp>4975.121438</timestamp>
			</report>
			<report>
				<misses>99600000</misses>
				<total>9</total>
				<timestamp>4980.121376</timestamp>
			</report>
			<report>
				<misses>99700000</misses>
				<total>9</total>
				<timestamp>4985.121839</timestamp>
			</report>
			<report>
				<misses>99800000</misses>
				<total>9</total>
				<timestamp>4990.121791</timestamp>
			</report>
			<report>
				<misses>99900000</misses>
				<total>9</total>
				<timestamp>4995.122287</timestamp>
			</report>
			<report>
				<misses>100000000</misses>
				<total>9</total>
				<timestamp>5000.122232</timestamp>
			</report>
			<report>
				<misses>100100000</misses>
				<total>9</total>
				<timestamp>5005.122385</timestamp>
			</report>
			<report>
				<misses>100200000</misses>
				<total>9</total>
				<timestamp>5010.122332</timestamp>
			</report>
			<report>
				<misses>100300000</misses>
				<total>9</total>
				<timestamp>5015.122287</timestamp>
			</report>
			<report>
				<misses>100400000</misses>
				<total>9</total>
				<timestamp>5020.122678</timestamp>
			</report>
			<report>
				<misses>100500000</misses>
				<total>9</total>
				<timestamp>5025.122683</timestamp>
			</report>
			<report>
				<misses>100600000</misses>
				<total>9</total>
				<timestamp>5030.122622</timestamp>
			</report>
			<report>
				<misses>100700000</misses>
				<total>9</total>
				<timestamp>5035.122584</timestamp>
			</report>
			<report>
				<misses>100800000</misses>
				<total>9</total>
				<timestamp>5040.122541</timestamp>
			</report>
			<report>
				<misses>100900000</misses>
				<total>9</total>
				<timestamp>5045.122478</timestamp>
			</report>
			<report>
				<misses>101000000</misses>
				<total>9</total>
				<timestamp>5050.122432</timestamp>
			</report>
			<report>
				<misses>101100000</misses>
				<total>9</total>
				<timestamp>5055.122381</timestamp>
			</report>
			<report>
				<misses>101200000</misses>
				<total>9</total>
				<timestamp>5060.122551</timestamp>
			</report>
			<report>
				<misses>101300000</misses>
				<total>9</total>
				<timestamp>5065.122840</timestamp>
			</report>
			<report>
				<misses>101400000</misses>
				<total>9</total>
				<timestamp>5070.122784</timestamp>
			</report>
			<report>
				<misses>101500000</misses>
				<total>9</total>
				<timestamp>5075.122802</timestamp>
			</report>
			<report>
				<misses>101600000</misses>
				<total>9</total>
				<timestamp>5080.122814</timestamp>
			</report>
			<report>
				<misses>101700000</misses>
				<total>9</total>
				<timestamp>5085.122825</timestamp>
			</report>
			<report>
				<misses>101800000</misses>
				<total>9</total>
				<timestamp>5090.122790</timestamp>
			</report>
			<report>
				<misses>101900000</misses>
				<total>9</total>
				<timestamp>5095.122746</timestamp>
			</report>
			<report>
				<misses>102000000</misses>
				<total>9</total>
				<timestamp>5100.122726</timestamp>
			</report>
			<report>
				<misses>102100000</misses>
				<total>9</total>
				<timestamp>5105.122679</timestamp>
			</report>
			<report>
				<misses>102200000</misses>
				<total>9</total>
				<timestamp>5110.122724</timestamp>
			</report>
			<report>
				<misses>102300000</misses>
				<total>9</total>
				<timestamp>5115.122685</timestamp>
			</report>
			<report>
				<misses>102400000</misses>
				<total>9</total>
				<timestamp>5120.122630</timestamp>
			</report>
			<report>
				<misses>102500000</misses>
				<total>9</total>
				<timestamp>5125.122589</timestamp>
			</report>
			<report>
				<misses>102600000</misses>
				<total>9</total>
				<timestamp>5130.122837</timestamp>
			</report>
			<report>
				<misses>102700000</misses>
				<total>9</total>
				<timestamp>5135.122799</timestamp>
			</report>
			<report>
				<misses>102800000</misses>
				<total>9</total>
				<timestamp>5140.122776</timestamp>
			</report>
			<report>
				<misses>102900000</misses>
				<total>9</total>
				<timestamp>5145.123041</timestamp>
			</report>
			<report>
				<misses>103000000</misses>
				<total>9</total>
				<timestamp>5150.122972</timestamp>
			</report>
			<report>
				<misses>103100000</misses>
				<total>9</total>
				<timestamp>5155.123253</timestamp>
			</report>
			<report>
				<misses>103200000</misses>
				<total>9</total>
				<timestamp>5160.123330</timestamp>
			</report>
			<report>
				<misses>103300000</misses>
				<total>9</total>
				<timestamp>5165.123534</timestamp>
			</report>
			<report>
				<misses>103400000</misses>
				<total>9</total>
				<timestamp>5170.123488</timestamp>
			</report>
			<report>
				<misses>103500000</misses>
				<total>9</total>
				<timestamp>5175.123433</timestamp>
			</report>
			<report>
				<misses>103600000</misses>
				<total>9</total>
				<timestamp>5180.123491</timestamp>
			</report>
			<report>
				<misses>103700000</misses>
				<total>9</total>
				<timestamp>5185.124091</timestamp>
			</report>
			<report>
				<misses>103800000</misses>
				<total>9</total>
				<timestamp>5190.124777</timestamp>
			</report>
			<report>
				<misses>103900000</misses>
				<total>9</total>
				<timestamp>5195.124888</timestamp>
			</report>
			<report>
				<misses>104000000</misses>
				<total>9</total>
				<timestamp>5200.125589</timestamp>
			</report>
			<report>
				<misses>104100000</misses>
				<total>9</total>
				<timestamp>5205.126086</timestamp>
			</report>
			<report>
				<misses>104200000</misses>
				<total>9</total>
				<timestamp>5210.126636</timestamp>
			</report>
			<report>
				<misses>104300000</misses>
				<total>9</total>
				<timestamp>5215.126877</timestamp>
			</report>
			<report>
				<misses>104400000</misses>
				<total>9</total>
				<timestamp>5220.126993</timestamp>
			</report>
			<report>
				<misses>104500000</misses>
				<total>9</total>
				<timestamp>5225.127432</timestamp>
			</report>
			<report>
				<misses>104600000</misses>
				<total>9</total>
				<timestamp>5230.128438</timestamp>
			</report>
			<report>
				<misses>104700000</misses>
				<total>9</total>
				<timestamp>5235.129336</timestamp>
			</report>
			<report>
				<misses>104800000</misses>
				<total>9</total>
				<timestamp>5240.129941</timestamp>
			</report>
			<report>
				<misses>104900000</misses>
				<total>9</total>
				<timestamp>5245.130342</timestamp>
			</report>
			<report>
				<misses>105000000</misses>
				<total>9</total>
				<timestamp>5250.130431</timestamp>
			</report>
			<report>
				<misses>105100000</misses>
				<total>9</total>
				<timestamp>5255.130393</timestamp>
			</report>
			<report>
				<misses>105200000</misses>
				<total>9</total>
				<timestamp>5260.130358</timestamp>
			</report>
			<report>
				<misses>105300000</misses>
				<total>9</total>
				<timestamp>5265.130342</timestamp>
			</report>
			<report>
				<misses>105400000</misses>
				<total>9</total>
				<timestamp>5270.130333</timestamp>
			</report>
			<report>
				<misses>105500000</misses>
				<total>9</total>
				<timestamp>5275.130273</timestamp>
			</report>
			<report>
				<misses>105600000</misses>
				<total>9</total>
				<timestamp>5280.130245</timestamp>
			</report>
			<report>
				<misses>105700000</misses>
				<total>9</total>
				<timestamp>5285.130224</timestamp>
			</report>
			<report>
				<misses>105800000</misses>
				<total>9</total>
				<timestamp>5290.130229</timestamp>
			</report>
			<report>
				<misses>105900000</misses>
				<total>9</total>
				<timestamp>5295.130288</timestamp>
			</report>
			<report>
				<misses>106000000</misses>
				<total>9</total>
				<timestamp>5300.130264</timestamp>
			</report>
			<report>
				<misses>106100000</misses>
				<total>9</total>
				<timestamp>5305.130230</timestamp>
			</report>
			<report>
				<misses>106200000</misses>
				<total>9</total>
				<timestamp>5310.130190</timestamp>
			</report>
			<report>
				<misses>106300000</misses>
				<total>9</total>
				<timestamp>5315.130144</timestamp>
			</report>
			<report>
				<misses>106400000</misses>
				<total>9</total>
				<timestamp>5320.130199</timestamp>
			</report>
			<report>
				<misses>106500000</misses>
				<total>9</total>
				<timestamp>5325.130192</timestamp>
			</report>
			<report>
				<misses>106600000</misses>
				<total>9</total>
				<timestamp>5330.130146</timestamp>
			</report>
			<report>
				<misses>106700000</misses>
				<total>9</total>
				<timestamp>5335.130142</timestamp>
			</report>
			<report>
				<misses>106800000</misses>
				<total>9</total>
				<timestamp>5340.130151</timestamp>
			</report>
			<report>
				<misses>106900000</misses>
				<total>9</total>
				<timestamp>5345.130142</timestamp>
			</report>
			<report>
				<misses>107000000</misses>
				<total>9</total>
				<timestamp>5350.130151</timestamp>
			</report>
			<report>
				<misses>107100000</misses>
				<total>9</total>
				<timestamp>5355.130239</timestamp>
			</report>
			<report>
				<misses>107200000</misses>
				<total>9</total>
				<timestamp>5360.131325</timestamp>
			</report>
			<report>
				<misses>107300000</misses>
				<total>9</total>
				<timestamp>5365.131624</timestamp>
			</report>
			<report>
				<misses>107400000</misses>
				<total>9</total>
				<timestamp>5370.131834</timestamp>
			</report>
			<report>
				<misses>107500000</misses>
				<total>9</total>
				<timestamp>5375.132831</timestamp>
			</report>
			<report>
				<misses>107600000</misses>
				<total>9</total>
				<timestamp>5380.133186</timestamp>
			</report>
			<report>
				<misses>107700000</misses>
				<total>9</total>
				<timestamp>5385.133231</timestamp>
			</report>
			<report>
				<misses>107800000</misses>
				<total>9</total>
				<timestamp>5390.133184</timestamp>
			</report>
			<report>
				<misses>107900000</misses>
				<total>9</total>
				<timestamp>5395.133154</timestamp>
			</report>
			<report>
				<misses>108000000</misses>
				<total>9</total>
				<timestamp>5400.133280</timestamp>
			</report>
			<report>
				<misses>108100000</misses>
				<total>9</total>
				<timestamp>5405.133230</timestamp>
			</report>
			<report>
				<misses>108200000</misses>
				<total>9</total>
				<timestamp>5410.133284</timestamp>
			</report>
			<report>
				<misses>108300000</misses>
				<total>9</total>
				<timestamp>5415.133429</timestamp>
			</report>
			<report>
				<misses>108400000</misses>
				<total>9</total>
				<timestamp>5420.133395</timestamp>
			</report>
			<report>
				<misses>108500000</misses>
				<total>9</total>
				<timestamp>5425.133426</timestamp>
			</report>
			<report>
				<misses>108600000</misses>
				<total>9</total>
				<timestamp>5430.133577</timestamp>
			</report>
			<report>
				<misses>108700000</misses>
				<total>9</total>
				<timestamp>5435.133737</timestamp>
			</report>
			<report>
				<misses>108800000</misses>
				<total>9</total>
				<timestamp>5440.134054</timestamp>
			</report>
			<report>
				<misses>108900000</misses>
				<total>9</total>
				<timestamp>5445.134046</timestamp>
			</report>
			<report>
				<misses>109000000</misses>
				<total>9</total>
				<timestamp>5450.134068</timestamp>
			</report>
			<report>
				<misses>109100000</misses>
				<total>9</total>
				<timestamp>5455.134050</timestamp>
			</report>
			<report>
				<misses>109200000</misses>
				<total>9</total>
				<timestamp>5460.134077</timestamp>
			</report>
			<report>
				<misses>109300000</misses>
				<total>9</total>
				<timestamp>5465.134033</timestamp>
			</report>
			<report>
				<misses>109400000</misses>
				<total>9</total>
				<timestamp>5470.133988</timestamp>
			</report>
			<report>
				<misses>109500000</misses>
				<total>9</total>
				<timestamp>5475.133942</timestamp>
			</report>
			<report>
				<misses>109600000</misses>
				<total>9</total>
				<timestamp>5480.133886</timestamp>
			</report>
			<report>
				<misses>109700000</misses>
				<total>9</total>
				<timestamp>5485.133906</timestamp>
			</report>
			<report>
				<misses>109800000</misses>
				<total>9</total>
				<timestamp>5490.133892</timestamp>
			</report>
			<report>
				<misses>109900000</misses>
				<total>9</total>
				<timestamp>5495.134131</timestamp>
			</report>
			<report>
				<misses>110000000</misses>
				<total>9</total>
				<timestamp>5500.134431</timestamp>
			</report>
			<report>
				<misses>110100000</misses>
				<total>9</total>
				<timestamp>5505.134395</timestamp>
			</report>
			<report>
				<misses>110200000</misses>
				<total>9</total>
				<timestamp>5510.134386</timestamp>
			</report>
			<report>
				<misses>110300000</misses>
				<total>9</total>
				<timestamp>5515.134342</timestamp>
			</report>
			<report>
				<misses>110400000</misses>
				<total>9</total>
				<timestamp>5520.134319</timestamp>
			</report>
			<report>
				<misses>110500000</misses>
				<total>9</total>
				<timestamp>5525.134297</timestamp>
			</report>
			<report>
				<misses>110600000</misses>
				<total>9</total>
				<timestamp>5530.134285</timestamp>
			</report>
			<report>
				<misses>110700000</misses>
				<total>9</total>
				<timestamp>5535.134257</timestamp>
			</report>
			<report>
				<misses>110800000</misses>
				<total>9</total>
				<timestamp>5540.134783</timestamp>
			</report>
			<report>
				<misses>110900000</misses>
				<total>9</total>
				<timestamp>5545.134739</timestamp>
			</report>
			<report>
				<misses>111000000</misses>
				<total>9</total>
				<timestamp>5550.134732</timestamp>
			</report>
			<report>
				<misses>111100000</misses>
				<total>9</total>
				<timestamp>5555.135247</timestamp>
			</report>
			<report>
				<misses>111200000</misses>
				<total>9</total>
				<timestamp>5560.135235</timestamp>
			</report>
			<report>
				<misses>111300000</misses>
				<total>9</total>
				<timestamp>5565.135642</timestamp>
			</report>
			<report>
				<misses>111400000</misses>
				<total>9</total>
				<timestamp>5570.136030</timestamp>
			</report>
			<report>
				<misses>111500000</misses>
				<total>9</total>
				<timestamp>5575.136527</timestamp>
			</report>
			<report>
				<misses>111600000</misses>
				<total>9</total>
				<timestamp>5580.136480</timestamp>
			</report>
			<report>
				<misses>111700000</misses>
				<total>9</total>
				<timestamp>5585.136480</timestamp>
			</report>
			<report>
				<misses>111800000</misses>
				<total>9</total>
				<timestamp>5590.136436</timestamp>
			</report>
			<report>
				<misses>111900000</misses>
				<total>9</total>
				<timestamp>5595.136392</timestamp>
			</report>
			<report>
				<misses>112000000</misses>
				<total>9</total>
				<timestamp>5600.136758</timestamp>
			</report>
			<report>
				<misses>112100000</misses>
				<total>9</total>
				<timestamp>5605.136729</timestamp>
			</report>
			<report>
				<misses>112200000</misses>
				<total>9</total>
				<timestamp>5610.136674</timestamp>
			</report>
			<report>
				<misses>112300000</misses>
				<total>9</total>
				<timestamp>5615.136651</timestamp>
			</report>
			<report>
				<misses>112400000</misses>
				<total>9</total>
				<timestamp>5620.136637</timestamp>
			</report>
			<report>
				<misses>112500000</misses>
				<total>9</total>
				<timestamp>5625.136619</timestamp>
			</report>
			<report>
				<misses>112600000</misses>
				<total>9</total>
				<timestamp>5630.136898</timestamp>
			</report>
			<report>
				<misses>112700000</misses>
				<total>9</total>
				<timestamp>5635.136879</timestamp>
			</report>
			<report>
				<misses>112800000</misses>
				<total>9</total>
				<timestamp>5640.136911</timestamp>
			</report>
			<report>
				<misses>112900000</misses>
				<total>9</total>
				<timestamp>5645.136883</timestamp>
			</report>
			<report>
				<misses>113000000</misses>
				<total>9</total>
				<timestamp>5650.136832</timestamp>
			</report>
			<report>
				<misses>113100000</misses>
				<total>9</total>
				<timestamp>5655.136930</timestamp>
			</report>
			<report>
				<misses>113200000</misses>
				<total>9</total>
				<timestamp>5660.137501</timestamp>
			</report>
			<report>
				<misses>113300000</misses>
				<total>9</total>
				<timestamp>5665.138022</timestamp>
			</report>
			<report>
				<misses>113400000</misses>
				<total>9</total>
				<timestamp>5670.138045</timestamp>
			</report>
			<report>
				<misses>113500000</misses>
				<total>9</total>
				<timestamp>5675.138436</timestamp>
			</report>
			<report>
				<misses>113600000</misses>
				<total>9</total>
				<timestamp>5680.138472</timestamp>
			</report>
			<report>
				<misses>113700000</misses>
				<total>9</total>
				<timestamp>5685.138526</timestamp>
			</report>
			<report>
				<misses>113800000</misses>
				<total>9</total>
				<timestamp>5690.138596</timestamp>
			</report>
			<report>
				<misses>113900000</misses>
				<total>9</total>
				<timestamp>5695.138581</timestamp>
			</report>
			<report>
				<misses>114000000</misses>
				<total>9</total>
				<timestamp>5700.138542</timestamp>
			</report>
			<report>
				<misses>114100000</misses>
				<total>9</total>
				<timestamp>5705.138483</timestamp>
			</report>
			<report>
				<misses>114200000</misses>
				<total>9</total>
				<timestamp>5710.138641</timestamp>
			</report>
			<report>
				<misses>114300000</misses>
				<total>9</total>
				<timestamp>5715.138639</timestamp>
			</report>
			<report>
				<misses>114400000</misses>
				<total>9</total>
				<timestamp>5720.138710</timestamp>
			</report>
			<report>
				<misses>114500000</misses>
				<total>9</total>
				<timestamp>5725.139569</timestamp>
			</report>
			<report>
				<misses>114600000</misses>
				<total>9</total>
				<timestamp>5730.139773</timestamp>
			</report>
			<report>
				<misses>114700000</misses>
				<total>9</total>
				<timestamp>5735.139915</timestamp>
			</report>
			<report>
				<misses>114800000</misses>
				<total>9</total>
				<timestamp>5740.139908</timestamp>
			</report>
			<report>
				<misses>114900000</misses>
				<total>9</total>
				<timestamp>5745.139902</timestamp>
			</report>
			<report>
				<misses>115000000</misses>
				<total>9</total>
				<timestamp>5750.139878</timestamp>
			</report>
			<report>
				<misses>115100000</misses>
				<total>9</total>
				<timestamp>5755.139827</timestamp>
			</report>
			<report>
				<misses>115200000</misses>
				<total>9</total>
				<timestamp>5760.139915</timestamp>
			</report>
			<report>
				<misses>115300000</misses>
				<total>9</total>
				<timestamp>5765.139878</timestamp>
			</report>
			<report>
				<misses>115400000</misses>
				<total>9</total>
				<timestamp>5770.140571</timestamp>
			</report>
			<report>
				<misses>115500000</misses>
				<total>9</total>
				<timestamp>5775.140679</timestamp>
			</report>
			<report>
				<misses>115600000</misses>
				<total>9</total>
				<timestamp>5780.141185</timestamp>
			</report>
			<report>
				<misses>115700000</misses>
				<total>9</total>
				<timestamp>5785.141151</timestamp>
			</report>
			<report>
				<misses>115800000</misses>
				<total>9</total>
				<timestamp>5790.141357</timestamp>
			</report>
			<report>
				<misses>115900000</misses>
				<total>9</total>
				<timestamp>5795.141556</timestamp>
			</report>
			<report>
				<misses>116000000</misses>
				<total>9</total>
				<timestamp>5800.141622</timestamp>
			</report>
			<report>
				<misses>116100000</misses>
				<total>9</total>
				<timestamp>5805.141731</timestamp>
			</report>
			<report>
				<misses>116200000</misses>
				<total>9</total>
				<timestamp>5810.141694</timestamp>
			</report>
			<report>
				<misses>116300000</misses>
				<total>9</total>
				<timestamp>5815.141738</timestamp>
			</report>
			<report>
				<misses>116400000</misses>
				<total>9</total>
				<timestamp>5820.141741</timestamp>
			</report>
			<report>
				<misses>116500000</misses>
				<total>9</total>
				<timestamp>5825.141684</timestamp>
			</report>
			<report>
				<misses>116600000</misses>
				<total>9</total>
				<timestamp>5830.141650</timestamp>
			</report>
			<report>
				<misses>116700000</misses>
				<total>9</total>
				<timestamp>5835.141832</timestamp>
			</report>
			<report>
				<misses>116800000</misses>
				<total>9</total>
				<timestamp>5840.141824</timestamp>
			</report>
			<report>
				<misses>116900000</misses>
				<total>9</total>
				<timestamp>5845.141877</timestamp>
			</report>
			<report>
				<misses>117000000</misses>
				<total>9</total>
				<timestamp>5850.141990</timestamp>
			</report>
			<report>
				<misses>117100000</misses>
				<total>9</total>
				<timestamp>5855.141932</timestamp>
			</report>
			<report>
				<misses>117200000</misses>
				<total>9</total>
				<timestamp>5860.142222</timestamp>
			</report>
			<report>
				<misses>117300000</misses>
				<total>9</total>
				<timestamp>5865.142379</timestamp>
			</report>
			<report>
				<misses>117400000</misses>
				<total>9</total>
				<timestamp>5870.142492</timestamp>
			</report>
			<report>
				<misses>117500000</misses>
				<total>9</total>
				<timestamp>5875.142834</timestamp>
			</report>
			<report>
				<misses>117600000</misses>
				<total>9</total>
				<timestamp>5880.143552</timestamp>
			</report>
			<report>
				<misses>117700000</misses>
				<total>9</total>
				<timestamp>5885.143806</timestamp>
			</report>
			<report>
				<misses>117800000</misses>
				<total>9</total>
				<timestamp>5890.144501</timestamp>
			</report>
			<report>
				<misses>117900000</misses>
				<total>9</total>
				<timestamp>5895.144647</timestamp>
			</report>
			<report>
				<misses>118000000</misses>
				<total>9</total>
				<timestamp>5900.144807</timestamp>
			</report>
			<report>
				<misses>118100000</misses>
				<total>9</total>
				<timestamp>5905.144932</timestamp>
			</report>
			<report>
				<misses>118200000</misses>
				<total>9</total>
				<timestamp>5910.145431</timestamp>
			</report>
			<report>
				<misses>118300000</misses>
				<total>9</total>
				<timestamp>5915.145483</timestamp>
			</report>
			<report>
				<misses>118400000</misses>
				<total>9</total>
				<timestamp>5920.145555</timestamp>
			</report>
			<report>
				<misses>118500000</misses>
				<total>9</total>
				<timestamp>5925.145532</timestamp>
			</report>
			<report>
				<misses>118600000</misses>
				<total>9</total>
				<timestamp>5930.145537</timestamp>
			</report>
			<report>
				<misses>118700000</misses>
				<total>9</total>
				<timestamp>5935.145630</timestamp>
			</report>
			<report>
				<misses>118800000</misses>
				<total>9</total>
				<timestamp>5940.145795</timestamp>
			</report>
			<report>
				<misses>118900000</misses>
				<total>9</total>
				<timestamp>5945.146288</timestamp>
			</report>
			<report>
				<misses>119000000</misses>
				<total>9</total>
				<timestamp>5950.146432</timestamp>
			</report>
			<report>
				<misses>119100000</misses>
				<total>9</total>
				<timestamp>5955.146485</timestamp>
			</report>
			<report>
				<misses>119200000</misses>
				<total>9</total>
				<timestamp>5960.146449</timestamp>
			</report>
			<report>
				<misses>119300000</misses>
				<total>9</total>
				<timestamp>5965.146436</timestamp>
			</report>
			<report>
				<misses>119400000</misses>
				<total>9</total>
				<timestamp>5970.146460</timestamp>
			</report>
			<report>
				<misses>119500000</misses>
				<total>9</total>
				<timestamp>5975.146972</timestamp>
			</report>
			<report>
				<misses>119600000</misses>
				<total>9</total>
				<timestamp>5980.147495</timestamp>
			</report>
			<report>
				<misses>119700000</misses>
				<total>9</total>
				<timestamp>5985.148543</timestamp>
			</report>
			<report>
				<misses>119800000</misses>
				<total>9</total>
				<timestamp>5990.149432</timestamp>
			</report>
			<report>
				<misses>119900000</misses>
				<total>9</total>
				<timestamp>5995.149949</timestamp>
			</report>
			<report>
				<misses>120000000</misses>
				<total>9</total>
				<timestamp>6000.150656</timestamp>
			</report>
			<report>
				<misses>120100000</misses>
				<total>9</total>
				<timestamp>6005.150703</timestamp>
			</report>
			<report>
				<misses>120200000</misses>
				<total>9</total>
				<timestamp>6010.150796</timestamp>
			</report>
			<report>
				<misses>120300000</misses>
				<total>9</total>
				<timestamp>6015.150774</timestamp>
			</report>
			<report>
				<misses>120400000</misses>
				<total>9</total>
				<timestamp>6020.150741</timestamp>
			</report>
			<report>
				<misses>120500000</misses>
				<total>9</total>
				<timestamp>6025.150735</timestamp>
			</report>
			<report>
				<misses>120600000</misses>
				<total>9</total>
				<timestamp>6030.150846</timestamp>
			</report>
			<report>
				<misses>120700000</misses>
				<total>9</total>
				<timestamp>6035.150841</timestamp>
			</report>
			<report>
				<misses>120800000</misses>
				<total>9</total>
				<timestamp>6040.150935</timestamp>
			</report>
			<report>
				<misses>120900000</misses>
				<total>9</total>
				<timestamp>6045.150933</timestamp>
			</report>
			<report>
				<misses>121000000</misses>
				<total>9</total>
				<timestamp>6050.150888</timestamp>
			</report>
			<report>
				<misses>121100000</misses>
				<total>9</total>
				<timestamp>6055.150882</timestamp>
			</report>
			<report>
				<misses>121200000</misses>
				<total>9</total>
				<timestamp>6060.150829</timestamp>
			</report>
			<report>
				<misses>121300000</misses>
				<total>9</total>
				<timestamp>6065.150796</timestamp>
			</report>
			<report>
				<misses>121400000</misses>
				<total>9</total>
				<timestamp>6070.150892</timestamp>
			</report>
			<report>
				<misses>121500000</misses>
				<total>9</total>
				<timestamp>6075.150825</timestamp>
			</report>
			<report>
				<misses>121600000</misses>
				<total>9</total>
				<timestamp>6080.150984</timestamp>
			</report>
			<report>
				<misses>121700000</misses>
				<total>9</total>
				<timestamp>6085.150945</timestamp>
			</report>
			<report>
				<misses>121800000</misses>
				<total>9</total>
				<timestamp>6090.150936</timestamp>
			</report>
			<report>
				<misses>121900000</misses>
				<total>9</total>
				<timestamp>6095.150880</timestamp>
			</report>
			<report>
				<misses>122000000</misses>
				<total>9</total>
				<timestamp>6100.150877</timestamp>
			</report>
			<report>
				<misses>122100000</misses>
				<total>9</total>
				<timestamp>6105.150917</timestamp>
			</report>
			<report>
				<misses>122200000</misses>
				<total>9</total>
				<timestamp>6110.150893</timestamp>
			</report>
			<report>
				<misses>122300000</misses>
				<total>9</total>
				<timestamp>6115.151515</timestamp>
			</report>
			<report>
				<misses>122400000</misses>
				<total>9</total>
				<timestamp>6120.152239</timestamp>
			</report>
			<report>
				<misses>122500000</misses>
				<total>9</total>
				<timestamp>6125.152249</timestamp>
			</report>
			<report>
				<misses>122600000</misses>
				<total>9</total>
				<timestamp>6130.152270</timestamp>
			</report>
			<report>
				<misses>122700000</misses>
				<total>9</total>
				<timestamp>6135.152443</timestamp>
			</report>
			<report>
				<misses>122800000</misses>
				<total>9</total>
				<timestamp>6140.152732</timestamp>
			</report>
			<report>
				<misses>122900000</misses>
				<total>9</total>
				<timestamp>6145.152738</timestamp>
			</report>
			<report>
				<misses>123000000</misses>
				<total>9</total>
				<timestamp>6150.152740</timestamp>
			</report>
			<report>
				<misses>123100000</misses>
				<total>9</total>
				<timestamp>6155.152863</timestamp>
			</report>
			<report>
				<misses>123200000</misses>
				<total>9</total>
				<timestamp>6160.152844</timestamp>
			</report>
			<report>
				<misses>123300000</misses>
				<total>9</total>
				<timestamp>6165.152830</timestamp>
			</report>
			<report>
				<misses>123400000</misses>
				<total>9</total>
				<timestamp>6170.152819</timestamp>
			</report>
			<report>
				<misses>123500000</misses>
				<total>9</total>
				<timestamp>6175.152779</timestamp>
			</report>
			<report>
				<misses>123600000</misses>
				<total>9</total>
				<timestamp>6180.152880</timestamp>
			</report>
			<report>
				<misses>123700000</misses>
				<total>9</total>
				<timestamp>6185.152887</timestamp>
			</report>
			<report>
				<misses>123800000</misses>
				<total>9</total>
				<timestamp>6190.152830</timestamp>
			</report>
			<report>
				<misses>123900000</misses>
				<total>9</total>
				<timestamp>6195.152796</timestamp>
			</report>
			<report>
				<misses>124000000</misses>
				<total>9</total>
				<timestamp>6200.153088</timestamp>
			</report>
			<report>
				<misses>124100000</misses>
				<total>9</total>
				<timestamp>6205.153831</timestamp>
			</report>
			<report>
				<misses>124200000</misses>
				<total>9</total>
				<timestamp>6210.154194</timestamp>
			</report>
			<report>
				<misses>124300000</misses>
				<total>9</total>
				<timestamp>6215.154200</timestamp>
			</report>
			<report>
				<misses>124400000</misses>
				<total>9</total>
				<timestamp>6220.154759</timestamp>
			</report>
			<report>
				<misses>124500000</misses>
				<total>9</total>
				<timestamp>6225.154786</timestamp>
			</report>
			<report>
				<misses>124600000</misses>
				<total>9</total>
				<timestamp>6230.155094</timestamp>
			</report>
			<report>
				<misses>124700000</misses>
				<total>9</total>
				<timestamp>6235.155577</timestamp>
			</report>
			<report>
				<misses>124800000</misses>
				<total>9</total>
				<timestamp>6240.156095</timestamp>
			</report>
			<report>
				<misses>124900000</misses>
				<total>9</total>
				<timestamp>6245.156437</timestamp>
			</report>
			<report>
				<misses>125000000</misses>
				<total>9</total>
				<timestamp>6250.156533</timestamp>
			</report>
			<report>
				<misses>125100000</misses>
				<total>9</total>
				<timestamp>6255.156743</timestamp>
			</report>
			<report>
				<misses>125200000</misses>
				<total>9</total>
				<timestamp>6260.156855</timestamp>
			</report>
			<report>
				<misses>125300000</misses>
				<total>9</total>
				<timestamp>6265.156927</timestamp>
			</report>
			<report>
				<misses>125400000</misses>
				<total>9</total>
				<timestamp>6270.157091</timestamp>
			</report>
			<report>
				<misses>125500000</misses>
				<total>9</total>
				<timestamp>6275.157238</timestamp>
			</report>
			<report>
				<misses>125600000</misses>
				<total>9</total>
				<timestamp>6280.157460</timestamp>
			</report>
			<report>
				<misses>125700000</misses>
				<total>9</total>
				<timestamp>6285.157928</timestamp>
			</report>
			<report>
				<misses>125800000</misses>
				<total>9</total>
				<timestamp>6290.158192</timestamp>
			</report>
			<report>
				<misses>125900000</misses>
				<total>9</total>
				<timestamp>6295.158547</timestamp>
			</report>
			<report>
				<misses>126000000</misses>
				<total>9</total>
				<timestamp>6300.158933</timestamp>
			</report>
			<report>
				<misses>126100000</misses>
				<total>9</total>
				<timestamp>6305.159246</timestamp>
			</report>
			<report>
				<misses>126200000</misses>
				<total>9</total>
				<timestamp>6310.159882</timestamp>
			</report>
			<report>
				<misses>126300000</misses>
				<total>9</total>
				<timestamp>6315.159986</timestamp>
			</report>
			<report>
				<misses>126400000</misses>
				<total>9</total>
				<timestamp>6320.160103</timestamp>
			</report>
			<report>
				<misses>126500000</misses>
				<total>9</total>
				<timestamp>6325.160135</timestamp>
			</report>
			<report>
				<misses>126600000</misses>
				<total>9</total>
				<timestamp>6330.160297</timestamp>
			</report>
			<report>
				<misses>126700000</misses>
				<total>9</total>
				<timestamp>6335.160406</timestamp>
			</report>
			<report>
				<misses>126800000</misses>
				<total>9</total>
				<timestamp>6340.160378</timestamp>
			</report>
			<report>
				<misses>126900000</misses>
				<total>9</total>
				<timestamp>6345.160356</timestamp>
			</report>
			<report>
				<misses>127000000</misses>
				<total>9</total>
				<timestamp>6350.160781</timestamp>
			</report>
			<report>
				<misses>127100000</misses>
				<total>9</total>
				<timestamp>6355.160846</timestamp>
			</report>
			<report>
				<misses>127200000</misses>
				<total>9</total>
				<timestamp>6360.161208</timestamp>
			</report>
			<report>
				<misses>127300000</misses>
				<total>9</total>
				<timestamp>6365.161174</timestamp>
			</report>
			<report>
				<misses>127400000</misses>
				<total>9</total>
				<timestamp>6370.161399</timestamp>
			</report>
			<report>
				<misses>127500000</misses>
				<total>9</total>
				<timestamp>6375.161487</timestamp>
			</report>
			<report>
				<misses>127600000</misses>
				<total>9</total>
				<timestamp>6380.161640</timestamp>
			</report>
			<report>
				<misses>127700000</misses>
				<total>9</total>
				<timestamp>6385.161632</timestamp>
			</report>
			<report>
				<misses>127800000</misses>
				<total>9</total>
				<timestamp>6390.161614</timestamp>
			</report>
			<report>
				<misses>127900000</misses>
				<total>9</total>
				<timestamp>6395.161708</timestamp>
			</report>
			<report>
				<misses>128000000</misses>
				<total>9</total>
				<timestamp>6400.161832</timestamp>
			</report>
			<report>
				<misses>128100000</misses>
				<total>9</total>
				<timestamp>6405.161838</timestamp>
			</report>
			<report>
				<misses>128200000</misses>
				<total>9</total>
				<timestamp>6410.161785</timestamp>
			</report>
			<report>
				<misses>128300000</misses>
				<total>9</total>
				<timestamp>6415.161835</timestamp>
			</report>
			<report>
				<misses>128400000</misses>
				<total>9</total>
				<timestamp>6420.162094</timestamp>
			</report>
			<report>
				<misses>128500000</misses>
				<total>9</total>
				<timestamp>6425.162585</timestamp>
			</report>
			<report>
				<misses>128600000</misses>
				<total>9</total>
				<timestamp>6430.163283</timestamp>
			</report>
			<report>
				<misses>128700000</misses>
				<total>9</total>
				<timestamp>6435.163485</timestamp>
			</report>
			<report>
				<misses>128800000</misses>
				<total>9</total>
				<timestamp>6440.163640</timestamp>
			</report>
			<report>
				<misses>128900000</misses>
				<total>9</total>
				<timestamp>6445.163637</timestamp>
			</report>
			<report>
				<misses>129000000</misses>
				<total>9</total>
				<timestamp>6450.164085</timestamp>
			</report>
			<report>
				<misses>129100000</misses>
				<total>9</total>
				<timestamp>6455.164179</timestamp>
			</report>
			<report>
				<misses>129200000</misses>
				<total>9</total>
				<timestamp>6460.164142</timestamp>
			</report>
			<report>
				<misses>129300000</misses>
				<total>9</total>
				<timestamp>6465.164498</timestamp>
			</report>
			<report>
				<misses>129400000</misses>
				<total>9</total>
				<timestamp>6470.164591</timestamp>
			</report>
			<report>
				<misses>129500000</misses>
				<total>9</total>
				<timestamp>6475.165165</timestamp>
			</report>
			<report>
				<misses>129600000</misses>
				<total>9</total>
				<timestamp>6480.165548</timestamp>
			</report>
			<report>
				<misses>129700000</misses>
				<total>9</total>
				<timestamp>6485.166132</timestamp>
			</report>
			<report>
				<misses>129800000</misses>
				<total>9</total>
				<timestamp>6490.166530</timestamp>
			</report>
			<report>
				<misses>129900000</misses>
				<total>9</total>
				<timestamp>6495.167038</timestamp>
			</report>
			<report>
				<misses>130000000</misses>
				<total>9</total>
				<timestamp>6500.167598</timestamp>
			</report>
			<report>
				<misses>130100000</misses>
				<total>9</total>
				<timestamp>6505.167840</timestamp>
			</report>
			<report>
				<misses>130200000</misses>
				<total>9</total>
				<timestamp>6510.167855</timestamp>
			</report>
			<report>
				<misses>130300000</misses>
				<total>9</total>
				<timestamp>6515.168585</timestamp>
			</report>
			<report>
				<misses>130400000</misses>
				<total>9</total>
				<timestamp>6520.168982</timestamp>
			</report>
			<report>
				<misses>130500000</misses>
				<total>9</total>
				<timestamp>6525.168980</timestamp>
			</report>
			<report>
				<misses>130600000</misses>
				<total>9</total>
				<timestamp>6530.168931</timestamp>
			</report>
			<report>
				<misses>130700000</misses>
				<total>9</total>
				<timestamp>6535.169043</timestamp>
			</report>
			<report>
				<misses>130800000</misses>
				<total>9</total>
				<timestamp>6540.169129</timestamp>
			</report>
			<report>
				<misses>130900000</misses>
				<total>9</total>
				<timestamp>6545.169192</timestamp>
			</report>
			<report>
				<misses>131000000</misses>
				<total>9</total>
				<timestamp>6550.170132</timestamp>
			</report>
			<report>
				<misses>131100000</misses>
				<total>9</total>
				<timestamp>6555.170522</timestamp>
			</report>
			<report>
				<misses>131200000</misses>
				<total>9</total>
				<timestamp>6560.170602</timestamp>
			</report>
			<report>
				<misses>131300000</misses>
				<total>9</total>
				<timestamp>6565.172105</timestamp>
			</report>
			<report>
				<misses>131400000</misses>
				<total>9</total>
				<timestamp>6570.172397</timestamp>
			</report>
			<report>
				<misses>131500000</misses>
				<total>9</total>
				<timestamp>6575.172583</timestamp>
			</report>
			<report>
				<misses>131600000</misses>
				<total>9</total>
				<timestamp>6580.172796</timestamp>
			</report>
			<report>
				<misses>131700000</misses>
				<total>9</total>
				<timestamp>6585.173197</timestamp>
			</report>
			<report>
				<misses>131800000</misses>
				<total>9</total>
				<timestamp>6590.173329</timestamp>
			</report>
			<report>
				<misses>131900000</misses>
				<total>9</total>
				<timestamp>6595.173483</timestamp>
			</report>
			<report>
				<misses>132000000</misses>
				<total>9</total>
				<timestamp>6600.173436</timestamp>
			</report>
			<report>
				<misses>132100000</misses>
				<total>9</total>
				<timestamp>6605.173531</timestamp>
			</report>
			<report>
				<misses>132200000</misses>
				<total>9</total>
				<timestamp>6610.173584</timestamp>
			</report>
			<report>
				<misses>132300000</misses>
				<total>9</total>
				<timestamp>6615.173827</timestamp>
			</report>
			<report>
				<misses>132400000</misses>
				<total>9</total>
				<timestamp>6620.173777</timestamp>
			</report>
			<report>
				<misses>132500000</misses>
				<total>9</total>
				<timestamp>6625.173729</timestamp>
			</report>
			<report>
				<misses>132600000</misses>
				<total>9</total>
				<timestamp>6630.173732</timestamp>
			</report>
			<report>
				<misses>132700000</misses>
				<total>9</total>
				<timestamp>6635.173689</timestamp>
			</report>
			<report>
				<misses>132800000</misses>
				<total>9</total>
				<timestamp>6640.173639</timestamp>
			</report>
			<report>
				<misses>132900000</misses>
				<total>9</total>
				<timestamp>6645.173582</timestamp>
			</report>
			<report>
				<misses>133000000</misses>
				<total>9</total>
				<timestamp>6650.173542</timestamp>
			</report>
			<report>
				<misses>133100000</misses>
				<total>9</total>
				<timestamp>6655.173498</timestamp>
			</report>
			<report>
				<misses>133200000</misses>
				<total>9</total>
				<timestamp>6660.173518</timestamp>
			</report>
			<report>
				<misses>133300000</misses>
				<total>9</total>
				<timestamp>6665.173484</timestamp>
			</report>
			<report>
				<misses>133400000</misses>
				<total>9</total>
				<timestamp>6670.173431</timestamp>
			</report>
			<report>
				<misses>133500000</misses>
				<total>9</total>
				<timestamp>6675.173443</timestamp>
			</report>
			<report>
				<misses>133600000</misses>
				<total>9</total>
				<timestamp>6680.173525</timestamp>
			</report>
			<report>
				<misses>133700000</misses>
				<total>9</total>
				<timestamp>6685.173512</timestamp>
			</report>
			<report>
				<misses>133800000</misses>
				<total>9</total>
				<timestamp>6690.173487</timestamp>
			</report>
			<report>
				<misses>133900000</misses>
				<total>9</total>
				<timestamp>6695.173440</timestamp>
			</report>
			<report>
				<misses>134000000</misses>
				<total>9</total>
				<timestamp>6700.173410</timestamp>
			</report>
			<report>
				<misses>134100000</misses>
				<total>9</total>
				<timestamp>6705.173410</timestamp>
			</report>
			<report>
				<misses>134200000</misses>
				<total>9</total>
				<timestamp>6710.173502</timestamp>
			</report>
			<report>
				<misses>134300000</misses>
				<total>9</total>
				<timestamp>6715.173651</timestamp>
			</report>
			<report>
				<misses>134400000</misses>
				<total>9</total>
				<timestamp>6720.173843</timestamp>
			</report>
			<report>
				<misses>134500000</misses>
				<total>9</total>
				<timestamp>6725.173836</timestamp>
			</report>
			<report>
				<misses>134600000</misses>
				<total>9</total>
				<timestamp>6730.173856</timestamp>
			</report>
			<report>
				<misses>134700000</misses>
				<total>9</total>
				<timestamp>6735.174642</timestamp>
			</report>
			<report>
				<misses>134800000</misses>
				<total>9</total>
				<timestamp>6740.174871</timestamp>
			</report>
			<report>
				<misses>134900000</misses>
				<total>9</total>
				<timestamp>6745.174981</timestamp>
			</report>
			<report>
				<misses>135000000</misses>
				<total>9</total>
				<timestamp>6750.175575</timestamp>
			</report>
			<report>
				<misses>135100000</misses>
				<total>9</total>
				<timestamp>6755.176093</timestamp>
			</report>
			<report>
				<misses>135200000</misses>
				<total>9</total>
				<timestamp>6760.176244</timestamp>
			</report>
			<report>
				<misses>135300000</misses>
				<total>9</total>
				<timestamp>6765.176687</timestamp>
			</report>
			<report>
				<misses>135400000</misses>
				<total>9</total>
				<timestamp>6770.177050</timestamp>
			</report>
			<report>
				<misses>135500000</misses>
				<total>9</total>
				<timestamp>6775.177341</timestamp>
			</report>
			<report>
				<misses>135600000</misses>
				<total>10</total>
				<timestamp>6780.177777</timestamp>
			</report>
			<report>
				<misses>135700000</misses>
				<total>10</total>
				<timestamp>6785.177896</timestamp>
			</report>
			<report>
				<misses>135800000</misses>
				<total>10</total>
				<timestamp>6790.177930</timestamp>
			</report>
			<report>
				<misses>135900000</misses>
				<total>10</total>
				<timestamp>6795.178025</timestamp>
			</report>
			<report>
				<misses>136000000</misses>
				<total>10</total>
				<timestamp>6800.178585</timestamp>
			</report>
			<report>
				<misses>136100000</misses>
				<total>10</total>
				<timestamp>6805.179350</timestamp>
			</report>
			<report>
				<misses>136200000</misses>
				<total>10</total>
				<timestamp>6810.179339</timestamp>
			</report>
			<report>
				<misses>136300000</misses>
				<total>10</total>
				<timestamp>6815.179277</timestamp>
			</report>
			<report>
				<misses>136400000</misses>
				<total>10</total>
				<timestamp>6820.179284</timestamp>
			</report>
			<report>
				<misses>136500000</misses>
				<total>10</total>
				<timestamp>6825.179234</timestamp>
			</report>
			<report>
				<misses>136600000</misses>
				<total>10</total>
				<timestamp>6830.179477</timestamp>
			</report>
			<report>
				<misses>136700000</misses>
				<total>10</total>
				<timestamp>6835.179427</timestamp>
			</report>
			<report>
				<misses>136800000</misses>
				<total>10</total>
				<timestamp>6840.179436</timestamp>
			</report>
			<report>
				<misses>136900000</misses>
				<total>10</total>
				<timestamp>6845.179661</timestamp>
			</report>
			<report>
				<misses>137000000</misses>
				<total>10</total>
				<timestamp>6850.179965</timestamp>
			</report>
			<report>
				<misses>137100000</misses>
				<total>10</total>
				<timestamp>6855.180277</timestamp>
			</report>
			<report>
				<misses>137200000</misses>
				<total>10</total>
				<timestamp>6860.180447</timestamp>
			</report>
			<report>
				<misses>137300000</misses>
				<total>10</total>
				<timestamp>6865.180428</timestamp>
			</report>
			<report>
				<misses>137400000</misses>
				<total>10</total>
				<timestamp>6870.180436</timestamp>
			</report>
			<report>
				<misses>137500000</misses>
				<total>10</total>
				<timestamp>6875.180533</timestamp>
			</report>
			<report>
				<misses>137600000</misses>
				<total>10</total>
				<timestamp>6880.180635</timestamp>
			</report>
			<report>
				<misses>137700000</misses>
				<total>10</total>
				<timestamp>6885.180587</timestamp>
			</report>
			<report>
				<misses>137800000</misses>
				<total>10</total>
				<timestamp>6890.180606</timestamp>
			</report>
			<report>
				<misses>137900000</misses>
				<total>10</total>
				<timestamp>6895.180608</timestamp>
			</report>
			<report>
				<misses>138000000</misses>
				<total>10</total>
				<timestamp>6900.180687</timestamp>
			</report>
			<report>
				<misses>138100000</misses>
				<total>10</total>
				<timestamp>6905.180634</timestamp>
			</report>
			<report>
				<misses>138200000</misses>
				<total>10</total>
				<timestamp>6910.180836</timestamp>
			</report>
			<report>
				<misses>138300000</misses>
				<total>10</total>
				<timestamp>6915.181107</timestamp>
			</report>
			<report>
				<misses>138400000</misses>
				<total>10</total>
				<timestamp>6920.181695</timestamp>
			</report>
			<report>
				<misses>138500000</misses>
				<total>10</total>
				<timestamp>6925.182190</timestamp>
			</report>
			<report>
				<misses>138600000</misses>
				<total>10</total>
				<timestamp>6930.182532</timestamp>
			</report>
			<report>
				<misses>138700000</misses>
				<total>10</total>
				<timestamp>6935.182986</timestamp>
			</report>
			<report>
				<misses>138800000</misses>
				<total>10</total>
				<timestamp>6940.183532</timestamp>
			</report>
			<report>
				<misses>138900000</misses>
				<total>10</total>
				<timestamp>6945.183781</timestamp>
			</report>
			<report>
				<misses>139000000</misses>
				<total>10</total>
				<timestamp>6950.183827</timestamp>
			</report>
			<report>
				<misses>139100000</misses>
				<total>10</total>
				<timestamp>6955.183829</timestamp>
			</report>
			<report>
				<misses>139200000</misses>
				<total>10</total>
				<timestamp>6960.183839</timestamp>
			</report>
			<report>
				<misses>139300000</misses>
				<total>10</total>
				<timestamp>6965.183860</timestamp>
			</report>
			<report>
				<misses>139400000</misses>
				<total>10</total>
				<timestamp>6970.184079</timestamp>
			</report>
			<report>
				<misses>139500000</misses>
				<total>10</total>
				<timestamp>6975.184560</timestamp>
			</report>
			<report>
				<misses>139600000</misses>
				<total>10</total>
				<timestamp>6980.185184</timestamp>
			</report>
			<report>
				<misses>139700000</misses>
				<total>10</total>
				<timestamp>6985.185170</timestamp>
			</report>
			<report>
				<misses>139800000</misses>
				<total>10</total>
				<timestamp>6990.185675</timestamp>
			</report>
			<report>
				<misses>139900000</misses>
				<total>10</total>
				<timestamp>6995.185836</timestamp>
			</report>
			<report>
				<misses>140000000</misses>
				<total>10</total>
				<timestamp>7000.185785</timestamp>
			</report>
			<report>
				<misses>140100000</misses>
				<total>10</total>
				<timestamp>7005.185743</timestamp>
			</report>
			<report>
				<misses>140200000</misses>
				<total>10</total>
				<timestamp>7010.185778</timestamp>
			</report>
			<report>
				<misses>140300000</misses>
				<total>10</total>
				<timestamp>7015.185734</timestamp>
			</report>
			<report>
				<misses>140400000</misses>
				<total>10</total>
				<timestamp>7020.185685</timestamp>
			</report>
			<report>
				<misses>140500000</misses>
				<total>10</total>
				<timestamp>7025.185639</timestamp>
			</report>
			<report>
				<misses>140600000</misses>
				<total>10</total>
				<timestamp>7030.185847</timestamp>
			</report>
			<report>
				<misses>140700000</misses>
				<total>10</total>
				<timestamp>7035.186278</timestamp>
			</report>
			<report>
				<misses>140800000</misses>
				<total>10</total>
				<timestamp>7040.186233</timestamp>
			</report>
			<report>
				<misses>140900000</misses>
				<total>10</total>
				<timestamp>7045.186183</timestamp>
			</report>
			<report>
				<misses>141000000</misses>
				<total>10</total>
				<timestamp>7050.186128</timestamp>
			</report>
			<report>
				<misses>141100000</misses>
				<total>10</total>
				<timestamp>7055.186354</timestamp>
			</report>
			<report>
				<misses>141200000</misses>
				<total>10</total>
				<timestamp>7060.186341</timestamp>
			</report>
			<report>
				<misses>141300000</misses>
				<total>10</total>
				<timestamp>7065.186407</timestamp>
			</report>
			<report>
				<misses>141400000</misses>
				<total>10</total>
				<timestamp>7070.186392</timestamp>
			</report>
			<report>
				<misses>141500000</misses>
				<total>10</total>
				<timestamp>7075.186383</timestamp>
			</report>
			<report>
				<misses>141600000</misses>
				<total>10</total>
				<timestamp>7080.186652</timestamp>
			</report>
			<report>
				<misses>141700000</misses>
				<total>10</total>
				<timestamp>7085.186691</timestamp>
			</report>
			<report>
				<misses>141800000</misses>
				<total>10</total>
				<timestamp>7090.186655</timestamp>
			</report>
			<report>
				<misses>141900000</misses>
				<total>10</total>
				<timestamp>7095.186967</timestamp>
			</report>
			<report>
				<misses>142000000</misses>
				<total>10</total>
				<timestamp>7100.187025</timestamp>
			</report>
			<report>
				<misses>142100000</misses>
				<total>10</total>
				<timestamp>7105.187096</timestamp>
			</report>
			<report>
				<misses>142200000</misses>
				<total>10</total>
				<timestamp>7110.187628</timestamp>
			</report>
			<report>
				<misses>142300000</misses>
				<total>10</total>
				<timestamp>7115.188172</timestamp>
			</report>
			<report>
				<misses>142400000</misses>
				<total>10</total>
				<timestamp>7120.188130</timestamp>
			</report>
			<report>
				<misses>142500000</misses>
				<total>10</total>
				<timestamp>7125.188211</timestamp>
			</report>
			<report>
				<misses>142600000</misses>
				<total>10</total>
				<timestamp>7130.188375</timestamp>
			</report>
			<report>
				<misses>142700000</misses>
				<total>10</total>
				<timestamp>7135.189066</timestamp>
			</report>
			<report>
				<misses>142800000</misses>
				<total>10</total>
				<timestamp>7140.189435</timestamp>
			</report>
			<report>
				<misses>142900000</misses>
				<total>10</total>
				<timestamp>7145.189432</timestamp>
			</report>
			<report>
				<misses>143000000</misses>
				<total>10</total>
				<timestamp>7150.189393</timestamp>
			</report>
			<report>
				<misses>143100000</misses>
				<total>10</total>
				<timestamp>7155.189362</timestamp>
			</report>
			<report>
				<misses>143200000</misses>
				<total>10</total>
				<timestamp>7160.189340</timestamp>
			</report>
			<report>
				<misses>143300000</misses>
				<total>10</total>
				<timestamp>7165.189307</timestamp>
			</report>
			<report>
				<misses>143400000</misses>
				<total>10</total>
				<timestamp>7170.189282</timestamp>
			</report>
			<report>
				<misses>143500000</misses>
				<total>10</total>
				<timestamp>7175.189284</timestamp>
			</report>
			<report>
				<misses>143600000</misses>
				<total>10</total>
				<timestamp>7180.189225</timestamp>
			</report>
			<report>
				<misses>143700000</misses>
				<total>10</total>
				<timestamp>7185.189188</timestamp>
			</report>
			<report>
				<misses>143800000</misses>
				<total>10</total>
				<timestamp>7190.189135</timestamp>
			</report>
			<report>
				<misses>143900000</misses>
				<total>10</total>
				<timestamp>7195.189188</timestamp>
			</report>
		</query>
	</custom>
	<ethtool_statistic>
		<rx_packets>
			<start>1040232409</start>
			<end>1375625645</end>
		</rx_packets>
		<tx_packets>
			<start>1483762691</start>
			<end>1829039606</end>
		</tx_packets>
		<rx_dropped>
			<start>0</start>
			<end>0</end>
		</rx_dropped>
		<tx_dropped>
			<start>0</start>
			<end>0</end>
		</tx_dropped>
		<collisions>
			<start>0</start>
			<end>0</end>
		</collisions>
		<port_tx_errors>
			<start>0</start>
			<end>0</end>
		</port_tx_errors>
		<port_rx_dropped>
			<start>0</start>
			<end>0</end>
		</port_rx_dropped>
		<port_tx_dropped_link_down>
			<start>0</start>
			<end>0</end>
		</port_tx_dropped_link_down>
	</ethtool_statistic>
	<ip_statistic>
		<mtu>
			<start>9000</start>
			<end>9000</end>
		</mtu>
		<rx_bytes>
			<start>9351511994043</start>
			<end>12366652149048</end>
		</rx_bytes>
		<rx_packets>
			<start>1040232597</start>
			<end>1375625719</end>
		</rx_packets>
		<rx_errors>
			<start>0</start>
			<end>0</end>
		</rx_errors>
		<rx_dropped>
			<start>0</start>
			<end>0</end>
		</rx_dropped>
		<rx_missed>
			<start>0</start>
			<end>0</end>
		</rx_missed>
		<rx_mcast>
			<start>241</start>
			<end>280</end>
		</rx_mcast>
		<tx_bytes>
			<start>5737140664636</start>
			<end>7564280731996</end>
		</tx_bytes>
		<tx_packets>
			<start>1483762705</start>
			<end>1829039640</end>
		</tx_packets>
		<tx_errors>
			<start>0</start>
			<end>0</end>
		</tx_errors>
		<tx_dropped>
			<start>0</start>
			<end>0</end>
		</tx_dropped>
		<tx_carrier>
			<start>0</start>
			<end>0</end>
		</tx_carrier>
		<tx_collisions>
			<start>0</start>
			<end>0</end>
		</tx_collisions>
	</ip_statistic>
	<netstat_statistic>
		<udp_pkg_rec>
			<start>988262935</start>
			<end>1298558583</end>
		</udp_pkg_rec>
		<udp_pkg_snt>
			<start>1483931139</start>
			<end>1829262456</end>
		</udp_pkg_snt>
		<udp_rec_err>
			<start>52081618</start>
			<end>77214676</end>
		</udp_rec_err>
		<udp_rec_buf_err>
			<start>52081618</start>
			<end>77214676</end>
		</udp_rec_buf_err>
		<udp_snt_buf_err>
			<start>0</start>
			<end>0</end>
		</udp_snt_buf_err>
	</netstat_statistic>
</test_results>
