<?xml version="1.0"?>
<test_results>
	<status>STATUS_SUCCESS</status>
	<custom>
		<num_loss>2931904</num_loss>
		<num_total>5000001</num_total>
		<num_misses>5</num_misses>
		<elapsed_time>1049.990740</elapsed_time>
		<query>
			<report>
				<misses>100000</misses>
				<total>14764</total>
				<timestamp>21.000373</timestamp>
			</report>
			<report>
				<misses>200000</misses>
				<total>84600</total>
				<timestamp>42.000402</timestamp>
			</report>
			<report>
				<misses>300000</misses>
				<total>117152</total>
				<timestamp>63.000202</timestamp>
			</report>
			<report>
				<misses>400000</misses>
				<total>191158</total>
				<timestamp>83.999958</timestamp>
			</report>
			<report>
				<misses>500000</misses>
				<total>258199</total>
				<timestamp>104.999767</timestamp>
			</report>
			<report>
				<misses>600000</misses>
				<total>299698</total>
				<timestamp>125.999551</timestamp>
			</report>
			<report>
				<misses>700000</misses>
				<total>359283</total>
				<timestamp>146.999317</timestamp>
			</report>
			<report>
				<misses>800000</misses>
				<total>437589</total>
				<timestamp>167.999135</timestamp>
			</report>
			<report>
				<misses>900000</misses>
				<total>482560</total>
				<timestamp>188.998951</timestamp>
			</report>
			<report>
				<misses>1000000</misses>
				<total>549178</total>
				<timestamp>209.998727</timestamp>
			</report>
			<report>
				<misses>1100000</misses>
				<total>626128</total>
				<timestamp>230.998508</timestamp>
			</report>
			<report>
				<misses>1200000</misses>
				<total>683495</total>
				<timestamp>251.998344</timestamp>
			</report>
			<report>
				<misses>1300000</misses>
				<total>719491</total>
				<timestamp>272.998288</timestamp>
			</report>
			<report>
				<misses>1400000</misses>
				<total>798658</total>
				<timestamp>293.998088</timestamp>
			</report>
			<report>
				<misses>1500000</misses>
				<total>843687</total>
				<timestamp>314.997930</timestamp>
			</report>
			<report>
				<misses>1600000</misses>
				<total>907904</total>
				<timestamp>335.997656</timestamp>
			</report>
			<report>
				<misses>1700000</misses>
				<total>996027</total>
				<timestamp>356.997428</timestamp>
			</report>
			<report>
				<misses>1800000</misses>
				<total>1072740</total>
				<timestamp>377.997250</timestamp>
			</report>
			<report>
				<misses>1900000</misses>
				<total>1115224</total>
				<timestamp>398.997063</timestamp>
			</report>
			<report>
				<misses>2000000</misses>
				<total>1192642</total>
				<timestamp>419.996818</timestamp>
			</report>
			<report>
				<misses>2100000</misses>
				<total>1240452</total>
				<timestamp>440.996591</timestamp>
			</report>
			<report>
				<misses>2200000</misses>
				<total>1278821</total>
				<timestamp>461.996434</timestamp>
			</report>
			<report>
				<misses>2300000</misses>
				<total>1348937</total>
				<timestamp>482.996198</timestamp>
			</report>
			<report>
				<misses>2400000</misses>
				<total>1416422</total>
				<timestamp>503.995990</timestamp>
			</report>
			<report>
				<misses>2500000</misses>
				<total>1492554</total>
				<timestamp>524.995787</timestamp>
			</report>
			<report>
				<misses>2600000</misses>
				<total>1540700</total>
				<timestamp>545.995555</timestamp>
			</report>
			<report>
				<misses>2700000</misses>
				<total>1573761</total>
				<timestamp>566.995333</timestamp>
			</report>
			<report>
				<misses>2800000</misses>
				<total>1629864</total>
				<timestamp>587.995150</timestamp>
			</report>
			<report>
				<misses>2900000</misses>
				<total>1707752</total>
				<timestamp>608.994937</timestamp>
			</report>
			<report>
				<misses>3000000</misses>
				<total>1783891</total>
				<timestamp>629.994733</timestamp>
			</report>
			<report>
				<misses>3100000</misses>
				<total>1842308</total>
				<timestamp>650.994501</timestamp>
			</report>
			<report>
				<misses>3200000</misses>
				<total>1929207</total>
				<timestamp>671.994345</timestamp>
			</report>
			<report>
				<misses>3300000</misses>
				<total>1936680</total>
				<timestamp>692.994077</timestamp>
			</report>
			<report>
				<misses>3400000</misses>
				<total>2013609</total>
				<timestamp>713.993871</timestamp>
			</report>
			<report>
				<misses>3500000</misses>
				<total>2032972</total>
				<timestamp>734.993666</timestamp>
			</report>
			<report>
				<misses>3600000</misses>
				<total>2084445</total>
				<timestamp>755.993497</timestamp>
			</report>
			<report>
				<misses>3700000</misses>
				<total>2128883</total>
				<timestamp>776.993281</timestamp>
			</report>
			<report>
				<misses>3800000</misses>
				<total>2215236</total>
				<timestamp>797.993077</timestamp>
			</report>
			<report>
				<misses>3900000</misses>
				<total>2219012</total>
				<timestamp>818.992834</timestamp>
			</report>
			<report>
				<misses>4000000</misses>
				<total>2299544</total>
				<timestamp>839.992613</timestamp>
			</report>
			<report>
				<misses>4100000</misses>
				<total>2357948</total>
				<timestamp>860.992418</timestamp>
			</report>
			<report>
				<misses>4200000</misses>
				<total>2397900</total>
				<timestamp>881.992239</timestamp>
			</report>
			<report>
				<misses>4300000</misses>
				<total>2468332</total>
				<timestamp>902.991999</timestamp>
			</report>
			<report>
				<misses>4400000</misses>
				<total>2509465</total>
				<timestamp>923.992051</timestamp>
			</report>
			<report>
				<misses>4500000</misses>
				<total>2564380</total>
				<timestamp>944.991805</timestamp>
			</report>
			<report>
				<misses>4600000</misses>
				<total>2638437</total>
				<timestamp>965.991595</timestamp>
			</report>
			<report>
				<misses>4700000</misses>
				<total>2701475</total>
				<timestamp>986.991360</timestamp>
			</report>
			<report>
				<misses>4800000</misses>
				<total>2775319</total>
				<timestamp>1007.991177</timestamp>
			</report>
			<report>
				<misses>4900000</misses>
				<total>2846913</total>
				<timestamp>1028.990943</timestamp>
			</report>
			<report>
				<misses>5000000</misses>
				<total>2931904</total>
				<timestamp>1049.990712</timestamp>
			</report>
		</query>
	</custom>
	<ethtool_statistic>
		<rx_packets>
			<start>4099613968</start>
			<end>4148732919</end>
		</rx_packets>
		<tx_packets>
			<start>5395263300</start>
			<end>5464736390</end>
		</tx_packets>
		<rx_dropped>
			<start>0</start>
			<end>0</end>
		</rx_dropped>
		<tx_dropped>
			<start>0</start>
			<end>0</end>
		</tx_dropped>
		<collisions>
			<start>0</start>
			<end>0</end>
		</collisions>
		<port_tx_errors>
			<start>0</start>
			<end>0</end>
		</port_tx_errors>
		<port_rx_dropped>
			<start>0</start>
			<end>0</end>
		</port_rx_dropped>
		<port_tx_dropped_link_down>
			<start>0</start>
			<end>0</end>
		</port_tx_dropped_link_down>
	</ethtool_statistic>
	<ip_statistic>
		<mtu>
			<start>9000</start>
			<end>9000</end>
		</mtu>
		<rx_bytes>
			<start>36854140301825</start>
			<end>37295709665169</end>
		</rx_bytes>
		<rx_packets>
			<start>4099614012</start>
			<end>4148733016</end>
		</rx_packets>
		<rx_errors>
			<start>0</start>
			<end>0</end>
		</rx_errors>
		<rx_dropped>
			<start>0</start>
			<end>0</end>
		</rx_dropped>
		<rx_missed>
			<start>0</start>
			<end>0</end>
		</rx_missed>
		<rx_mcast>
			<start>1166</start>
			<end>1182</end>
		</rx_mcast>
		<tx_bytes>
			<start>35469698150812</start>
			<end>36061057463478</end>
		</tx_bytes>
		<tx_packets>
			<start>5395263365</start>
			<end>5464736468</end>
		</tx_packets>
		<tx_errors>
			<start>0</start>
			<end>0</end>
		</tx_errors>
		<tx_dropped>
			<start>0</start>
			<end>0</end>
		</tx_dropped>
		<tx_carrier>
			<start>0</start>
			<end>0</end>
		</tx_carrier>
		<tx_collisions>
			<start>0</start>
			<end>0</end>
		</tx_collisions>
	</ip_statistic>
	<netstat_statistic>
		<udp_pkg_rec>
			<start>3874668105</start>
			<end>3920998882</end>
		</udp_pkg_rec>
		<udp_pkg_snt>
			<start>4186305319</start>
			<end>4220786589</end>
		</udp_pkg_snt>
		<udp_rec_err>
			<start>225380679</start>
			<end>228173428</end>
		</udp_rec_err>
		<udp_rec_buf_err>
			<start>225380679</start>
			<end>228173428</end>
		</udp_rec_buf_err>
		<udp_snt_buf_err>
			<start>0</start>
			<end>0</end>
		</udp_snt_buf_err>
	</netstat_statistic>
</test_results>
