<?xml version="1.0"?>
<test_results>
	<status>STATUS_SUCCESS</status>
	<custom>
		<num_loss>39740</num_loss>
		<num_total>5000001</num_total>
		<num_misses>235124</num_misses>
		<elapsed_time>52.350894</elapsed_time>
		<query>
			<report>
				<misses>100000</misses>
				<total>1340</total>
				<timestamp>1.039155</timestamp>
			</report>
			<report>
				<misses>200000</misses>
				<total>2005</total>
				<timestamp>2.071549</timestamp>
			</report>
			<report>
				<misses>300000</misses>
				<total>2877</total>
				<timestamp>3.109041</timestamp>
			</report>
			<report>
				<misses>400000</misses>
				<total>3559</total>
				<timestamp>4.171966</timestamp>
			</report>
			<report>
				<misses>500000</misses>
				<total>4910</total>
				<timestamp>5.200356</timestamp>
			</report>
			<report>
				<misses>600000</misses>
				<total>5373</total>
				<timestamp>6.232117</timestamp>
			</report>
			<report>
				<misses>700000</misses>
				<total>6342</total>
				<timestamp>7.263335</timestamp>
			</report>
			<report>
				<misses>800000</misses>
				<total>7380</total>
				<timestamp>8.326742</timestamp>
			</report>
			<report>
				<misses>900000</misses>
				<total>7802</total>
				<timestamp>9.373652</timestamp>
			</report>
			<report>
				<misses>1000000</misses>
				<total>8591</total>
				<timestamp>10.421814</timestamp>
			</report>
			<report>
				<misses>1100000</misses>
				<total>9403</total>
				<timestamp>11.470803</timestamp>
			</report>
			<report>
				<misses>1200000</misses>
				<total>9870</total>
				<timestamp>12.518891</timestamp>
			</report>
			<report>
				<misses>1300000</misses>
				<total>10302</total>
				<timestamp>13.563629</timestamp>
			</report>
			<report>
				<misses>1400000</misses>
				<total>10743</total>
				<timestamp>14.619467</timestamp>
			</report>
			<report>
				<misses>1500000</misses>
				<total>11635</total>
				<timestamp>15.661866</timestamp>
			</report>
			<report>
				<misses>1600000</misses>
				<total>12666</total>
				<timestamp>16.715748</timestamp>
			</report>
			<report>
				<misses>1700000</misses>
				<total>13684</total>
				<timestamp>17.764949</timestamp>
			</report>
			<report>
				<misses>1800000</misses>
				<total>14340</total>
				<timestamp>18.837359</timestamp>
			</report>
			<report>
				<misses>1900000</misses>
				<total>15119</total>
				<timestamp>19.876941</timestamp>
			</report>
			<report>
				<misses>2000000</misses>
				<total>16155</total>
				<timestamp>20.911343</timestamp>
			</report>
			<report>
				<misses>2100000</misses>
				<total>16744</total>
				<timestamp>21.951246</timestamp>
			</report>
			<report>
				<misses>2200000</misses>
				<total>17428</total>
				<timestamp>23.003157</timestamp>
			</report>
			<report>
				<misses>2300000</misses>
				<total>18135</total>
				<timestamp>24.056491</timestamp>
			</report>
			<report>
				<misses>2400000</misses>
				<total>19135</total>
				<timestamp>25.095995</timestamp>
			</report>
			<report>
				<misses>2500000</misses>
				<total>19791</total>
				<timestamp>26.136406</timestamp>
			</report>
			<report>
				<misses>2600000</misses>
				<total>20785</total>
				<timestamp>27.172453</timestamp>
			</report>
			<report>
				<misses>2700000</misses>
				<total>21529</total>
				<timestamp>28.249219</timestamp>
			</report>
			<report>
				<misses>2800000</misses>
				<total>22545</total>
				<timestamp>29.294960</timestamp>
			</report>
			<report>
				<misses>2900000</misses>
				<total>23272</total>
				<timestamp>30.347402</timestamp>
			</report>
			<report>
				<misses>3000000</misses>
				<total>23821</total>
				<timestamp>31.394007</timestamp>
			</report>
			<report>
				<misses>3100000</misses>
				<total>24639</total>
				<timestamp>32.435087</timestamp>
			</report>
			<report>
				<misses>3200000</misses>
				<total>25290</total>
				<timestamp>33.485872</timestamp>
			</report>
			<report>
				<misses>3300000</misses>
				<total>26028</total>
				<timestamp>34.534066</timestamp>
			</report>
			<report>
				<misses>3400000</misses>
				<total>26938</total>
				<timestamp>35.575757</timestamp>
			</report>
			<report>
				<misses>3500000</misses>
				<total>27699</total>
				<timestamp>36.632369</timestamp>
			</report>
			<report>
				<misses>3600000</misses>
				<total>28506</total>
				<timestamp>37.662709</timestamp>
			</report>
			<report>
				<misses>3700000</misses>
				<total>29007</total>
				<timestamp>38.712817</timestamp>
			</report>
			<report>
				<misses>3800000</misses>
				<total>29704</total>
				<timestamp>39.736424</timestamp>
			</report>
			<report>
				<misses>3900000</misses>
				<total>30722</total>
				<timestamp>40.793872</timestamp>
			</report>
			<report>
				<misses>4000000</misses>
				<total>31556</total>
				<timestamp>41.832262</timestamp>
			</report>
			<report>
				<misses>4100000</misses>
				<total>32211</total>
				<timestamp>42.872029</timestamp>
			</report>
			<report>
				<misses>4200000</misses>
				<total>33244</total>
				<timestamp>43.923460</timestamp>
			</report>
			<report>
				<misses>4300000</misses>
				<total>33962</total>
				<timestamp>44.958037</timestamp>
			</report>
			<report>
				<misses>4400000</misses>
				<total>34650</total>
				<timestamp>46.013092</timestamp>
			</report>
			<report>
				<misses>4500000</misses>
				<total>35183</total>
				<timestamp>47.068574</timestamp>
			</report>
			<report>
				<misses>4600000</misses>
				<total>35632</total>
				<timestamp>48.130775</timestamp>
			</report>
			<report>
				<misses>4700000</misses>
				<total>36742</total>
				<timestamp>49.208911</timestamp>
			</report>
			<report>
				<misses>4800000</misses>
				<total>37567</total>
				<timestamp>50.244360</timestamp>
			</report>
			<report>
				<misses>4900000</misses>
				<total>38831</total>
				<timestamp>51.304632</timestamp>
			</report>
			<report>
				<misses>5000000</misses>
				<total>39740</total>
				<timestamp>52.350870</timestamp>
			</report>
		</query>
	</custom>
	<ethtool_statistic>
		<rx_packets>
			<start>2643402340</start>
			<end>2646068954</end>
		</rx_packets>
		<tx_packets>
			<start>2982845827</start>
			<end>2989447282</end>
		</tx_packets>
		<rx_dropped>
			<start>0</start>
			<end>0</end>
		</rx_dropped>
		<tx_dropped>
			<start>0</start>
			<end>0</end>
		</tx_dropped>
		<collisions>
			<start>0</start>
			<end>0</end>
		</collisions>
		<port_tx_errors>
			<start>0</start>
			<end>0</end>
		</port_tx_errors>
		<port_rx_dropped>
			<start>0</start>
			<end>0</end>
		</port_rx_dropped>
		<port_tx_dropped_link_down>
			<start>0</start>
			<end>0</end>
		</port_tx_dropped_link_down>
	</ethtool_statistic>
	<ip_statistic>
		<mtu>
			<start>9000</start>
			<end>9000</end>
		</mtu>
		<rx_bytes>
			<start>23763335153548</start>
			<end>23787299078126</end>
		</rx_bytes>
		<rx_packets>
			<start>2643402561</start>
			<end>2646069073</end>
		</rx_packets>
		<rx_errors>
			<start>0</start>
			<end>0</end>
		</rx_errors>
		<rx_dropped>
			<start>0</start>
			<end>0</end>
		</rx_dropped>
		<rx_missed>
			<start>0</start>
			<end>0</end>
		</rx_missed>
		<rx_mcast>
			<start>486</start>
			<end>486</end>
		</rx_mcast>
		<tx_bytes>
			<start>14937960630782</start>
			<end>14997052358616</end>
		</tx_bytes>
		<tx_packets>
			<start>2982845869</start>
			<end>2989447339</end>
		</tx_packets>
		<tx_errors>
			<start>0</start>
			<end>0</end>
		</tx_errors>
		<tx_dropped>
			<start>0</start>
			<end>0</end>
		</tx_dropped>
		<tx_carrier>
			<start>0</start>
			<end>0</end>
		</tx_carrier>
		<tx_collisions>
			<start>0</start>
			<end>0</end>
		</tx_collisions>
	</ip_statistic>
	<netstat_statistic>
		<udp_pkg_rec>
			<start>2490675859</start>
			<end>2493167872</end>
		</udp_pkg_rec>
		<udp_pkg_snt>
			<start>2983099821</start>
			<end>2989700029</end>
		</udp_pkg_snt>
		<udp_rec_err>
			<start>152962466</start>
			<end>153136375</end>
		</udp_rec_err>
		<udp_rec_buf_err>
			<start>152962466</start>
			<end>153136375</end>
		</udp_rec_buf_err>
		<udp_snt_buf_err>
			<start>0</start>
			<end>0</end>
		</udp_snt_buf_err>
	</netstat_statistic>
</test_results>
