<?xml version="1.0"?>
<test_results>
	<status>STATUS_SUCCESS</status>
	<custom>
		<num_loss>90</num_loss>
		<num_total>9424385</num_total>
		<num_misses>38537820</num_misses>
		<elapsed_time>119.905279</elapsed_time>
		<query>
			<report>
				<misses>100001</misses>
				<total>0</total>
				<timestamp>1.058665</timestamp>
			</report>
			<report>
				<misses>200001</misses>
				<total>0</total>
				<timestamp>2.158187</timestamp>
			</report>
			<report>
				<misses>300001</misses>
				<total>0</total>
				<timestamp>3.281413</timestamp>
			</report>
			<report>
				<misses>400001</misses>
				<total>0</total>
				<timestamp>4.421537</timestamp>
			</report>
			<report>
				<misses>500001</misses>
				<total>0</total>
				<timestamp>5.614253</timestamp>
			</report>
			<report>
				<misses>600001</misses>
				<total>0</total>
				<timestamp>6.804471</timestamp>
			</report>
			<report>
				<misses>700001</misses>
				<total>0</total>
				<timestamp>8.011388</timestamp>
			</report>
			<report>
				<misses>800001</misses>
				<total>0</total>
				<timestamp>9.227721</timestamp>
			</report>
			<report>
				<misses>900001</misses>
				<total>0</total>
				<timestamp>10.447706</timestamp>
			</report>
			<report>
				<misses>1000001</misses>
				<total>0</total>
				<timestamp>11.660873</timestamp>
			</report>
			<report>
				<misses>1100001</misses>
				<total>60</total>
				<timestamp>12.879657</timestamp>
			</report>
			<report>
				<misses>1200001</misses>
				<total>60</total>
				<timestamp>14.112272</timestamp>
			</report>
			<report>
				<misses>1300001</misses>
				<total>60</total>
				<timestamp>15.348627</timestamp>
			</report>
			<report>
				<misses>1400001</misses>
				<total>60</total>
				<timestamp>16.587602</timestamp>
			</report>
			<report>
				<misses>1500001</misses>
				<total>60</total>
				<timestamp>17.835465</timestamp>
			</report>
			<report>
				<misses>1600001</misses>
				<total>60</total>
				<timestamp>19.084121</timestamp>
			</report>
			<report>
				<misses>1700001</misses>
				<total>60</total>
				<timestamp>20.314533</timestamp>
			</report>
			<report>
				<misses>1800001</misses>
				<total>60</total>
				<timestamp>21.559496</timestamp>
			</report>
			<report>
				<misses>1900001</misses>
				<total>60</total>
				<timestamp>22.798069</timestamp>
			</report>
			<report>
				<misses>2000001</misses>
				<total>60</total>
				<timestamp>24.039803</timestamp>
			</report>
			<report>
				<misses>2100001</misses>
				<total>60</total>
				<timestamp>25.277586</timestamp>
			</report>
			<report>
				<misses>2200001</misses>
				<total>60</total>
				<timestamp>26.518350</timestamp>
			</report>
			<report>
				<misses>2300001</misses>
				<total>60</total>
				<timestamp>27.763160</timestamp>
			</report>
			<report>
				<misses>2400001</misses>
				<total>60</total>
				<timestamp>28.982009</timestamp>
			</report>
			<report>
				<misses>2500001</misses>
				<total>60</total>
				<timestamp>30.196512</timestamp>
			</report>
			<report>
				<misses>2600001</misses>
				<total>60</total>
				<timestamp>31.432130</timestamp>
			</report>
			<report>
				<misses>2700001</misses>
				<total>60</total>
				<timestamp>32.664332</timestamp>
			</report>
			<report>
				<misses>2800001</misses>
				<total>60</total>
				<timestamp>33.912014</timestamp>
			</report>
			<report>
				<misses>2900001</misses>
				<total>60</total>
				<timestamp>35.152482</timestamp>
			</report>
			<report>
				<misses>3000001</misses>
				<total>60</total>
				<timestamp>36.368772</timestamp>
			</report>
			<report>
				<misses>3100001</misses>
				<total>60</total>
				<timestamp>37.600312</timestamp>
			</report>
			<report>
				<misses>3200001</misses>
				<total>60</total>
				<timestamp>38.830741</timestamp>
			</report>
			<report>
				<misses>3300001</misses>
				<total>60</total>
				<timestamp>40.063285</timestamp>
			</report>
			<report>
				<misses>3400001</misses>
				<total>60</total>
				<timestamp>41.297830</timestamp>
			</report>
			<report>
				<misses>3500001</misses>
				<total>60</total>
				<timestamp>42.535462</timestamp>
			</report>
			<report>
				<misses>3600001</misses>
				<total>60</total>
				<timestamp>43.752629</timestamp>
			</report>
			<report>
				<misses>3700001</misses>
				<total>60</total>
				<timestamp>44.986662</timestamp>
			</report>
			<report>
				<misses>3800001</misses>
				<total>60</total>
				<timestamp>46.213147</timestamp>
			</report>
			<report>
				<misses>3900001</misses>
				<total>60</total>
				<timestamp>47.430154</timestamp>
			</report>
			<report>
				<misses>4000001</misses>
				<total>60</total>
				<timestamp>48.656547</timestamp>
			</report>
			<report>
				<misses>4100001</misses>
				<total>60</total>
				<timestamp>49.866451</timestamp>
			</report>
			<report>
				<misses>4200001</misses>
				<total>60</total>
				<timestamp>51.085948</timestamp>
			</report>
			<report>
				<misses>4300001</misses>
				<total>60</total>
				<timestamp>52.313782</timestamp>
			</report>
			<report>
				<misses>4400001</misses>
				<total>60</total>
				<timestamp>53.553909</timestamp>
			</report>
			<report>
				<misses>4500001</misses>
				<total>60</total>
				<timestamp>54.799412</timestamp>
			</report>
			<report>
				<misses>4600001</misses>
				<total>60</total>
				<timestamp>56.064431</timestamp>
			</report>
			<report>
				<misses>4700001</misses>
				<total>60</total>
				<timestamp>57.338548</timestamp>
			</report>
			<report>
				<misses>4800001</misses>
				<total>60</total>
				<timestamp>58.622672</timestamp>
			</report>
			<report>
				<misses>4900001</misses>
				<total>60</total>
				<timestamp>59.911525</timestamp>
			</report>
			<report>
				<misses>5000001</misses>
				<total>60</total>
				<timestamp>61.199870</timestamp>
			</report>
			<report>
				<misses>5100001</misses>
				<total>60</total>
				<timestamp>62.489054</timestamp>
			</report>
			<report>
				<misses>5200001</misses>
				<total>60</total>
				<timestamp>63.813720</timestamp>
			</report>
			<report>
				<misses>5300001</misses>
				<total>60</total>
				<timestamp>65.144546</timestamp>
			</report>
			<report>
				<misses>5400001</misses>
				<total>60</total>
				<timestamp>66.487187</timestamp>
			</report>
			<report>
				<misses>5500001</misses>
				<total>60</total>
				<timestamp>67.831888</timestamp>
			</report>
			<report>
				<misses>5600001</misses>
				<total>60</total>
				<timestamp>69.179693</timestamp>
			</report>
			<report>
				<misses>5700001</misses>
				<total>60</total>
				<timestamp>70.529249</timestamp>
			</report>
			<report>
				<misses>5800001</misses>
				<total>60</total>
				<timestamp>71.877229</timestamp>
			</report>
			<report>
				<misses>5900001</misses>
				<total>90</total>
				<timestamp>73.230604</timestamp>
			</report>
			<report>
				<misses>6000001</misses>
				<total>90</total>
				<timestamp>74.579505</timestamp>
			</report>
			<report>
				<misses>6100001</misses>
				<total>90</total>
				<timestamp>75.917778</timestamp>
			</report>
			<report>
				<misses>6200001</misses>
				<total>90</total>
				<timestamp>77.261408</timestamp>
			</report>
			<report>
				<misses>6300001</misses>
				<total>90</total>
				<timestamp>78.607533</timestamp>
			</report>
			<report>
				<misses>6400001</misses>
				<total>90</total>
				<timestamp>79.946654</timestamp>
			</report>
			<report>
				<misses>6500001</misses>
				<total>90</total>
				<timestamp>81.293778</timestamp>
			</report>
			<report>
				<misses>6600001</misses>
				<total>90</total>
				<timestamp>82.648026</timestamp>
			</report>
			<report>
				<misses>6700001</misses>
				<total>90</total>
				<timestamp>84.010777</timestamp>
			</report>
			<report>
				<misses>6800001</misses>
				<total>90</total>
				<timestamp>85.376772</timestamp>
			</report>
			<report>
				<misses>6900001</misses>
				<total>90</total>
				<timestamp>86.745320</timestamp>
			</report>
			<report>
				<misses>7000001</misses>
				<total>90</total>
				<timestamp>88.106682</timestamp>
			</report>
			<report>
				<misses>7100001</misses>
				<total>90</total>
				<timestamp>89.480197</timestamp>
			</report>
			<report>
				<misses>7200001</misses>
				<total>90</total>
				<timestamp>90.859695</timestamp>
			</report>
			<report>
				<misses>7300001</misses>
				<total>90</total>
				<timestamp>92.231735</timestamp>
			</report>
			<report>
				<misses>7400001</misses>
				<total>90</total>
				<timestamp>93.526087</timestamp>
			</report>
			<report>
				<misses>7500001</misses>
				<total>90</total>
				<timestamp>94.807756</timestamp>
			</report>
			<report>
				<misses>7600001</misses>
				<total>90</total>
				<timestamp>96.093941</timestamp>
			</report>
			<report>
				<misses>7700001</misses>
				<total>90</total>
				<timestamp>97.380051</timestamp>
			</report>
			<report>
				<misses>7800001</misses>
				<total>90</total>
				<timestamp>98.662001</timestamp>
			</report>
			<report>
				<misses>7900001</misses>
				<total>90</total>
				<timestamp>99.948955</timestamp>
			</report>
			<report>
				<misses>8000001</misses>
				<total>90</total>
				<timestamp>101.238836</timestamp>
			</report>
			<report>
				<misses>8100001</misses>
				<total>90</total>
				<timestamp>102.533137</timestamp>
			</report>
			<report>
				<misses>8200001</misses>
				<total>90</total>
				<timestamp>103.827024</timestamp>
			</report>
			<report>
				<misses>8300001</misses>
				<total>90</total>
				<timestamp>105.126997</timestamp>
			</report>
			<report>
				<misses>8400001</misses>
				<total>90</total>
				<timestamp>106.420082</timestamp>
			</report>
			<report>
				<misses>8500001</misses>
				<total>90</total>
				<timestamp>107.729817</timestamp>
			</report>
			<report>
				<misses>8600001</misses>
				<total>90</total>
				<timestamp>109.030902</timestamp>
			</report>
			<report>
				<misses>8700001</misses>
				<total>90</total>
				<timestamp>110.336633</timestamp>
			</report>
			<report>
				<misses>8800001</misses>
				<total>90</total>
				<timestamp>111.639209</timestamp>
			</report>
			<report>
				<misses>8900001</misses>
				<total>90</total>
				<timestamp>112.948577</timestamp>
			</report>
			<report>
				<misses>9000001</misses>
				<total>90</total>
				<timestamp>114.254353</timestamp>
			</report>
			<report>
				<misses>9100001</misses>
				<total>90</total>
				<timestamp>115.574646</timestamp>
			</report>
			<report>
				<misses>9200001</misses>
				<total>90</total>
				<timestamp>116.910055</timestamp>
			</report>
			<report>
				<misses>9300001</misses>
				<total>90</total>
				<timestamp>118.247951</timestamp>
			</report>
			<report>
				<misses>9400001</misses>
				<total>90</total>
				<timestamp>119.584996</timestamp>
			</report>
		</query>
	</custom>
	<ethtool_statistic>
		<rx_packets>
			<start>400022577</start>
			<end>409509801</end>
		</rx_packets>
		<tx_packets>
			<start>450247823</start>
			<end>459672311</end>
		</tx_packets>
		<rx_dropped>
			<start>0</start>
			<end>0</end>
		</rx_dropped>
		<tx_dropped>
			<start>0</start>
			<end>0</end>
		</tx_dropped>
		<collisions>
			<start>0</start>
			<end>0</end>
		</collisions>
		<port_tx_errors>
			<start>0</start>
			<end>0</end>
		</port_tx_errors>
		<port_rx_dropped>
			<start>0</start>
			<end>0</end>
		</port_rx_dropped>
		<port_tx_dropped_link_down>
			<start>0</start>
			<end>0</end>
		</port_tx_dropped_link_down>
	</ethtool_statistic>
	<ip_statistic>
		<mtu>
			<start>9000</start>
			<end>9000</end>
		</mtu>
		<rx_bytes>
			<start>2334580126092</start>
			<end>2419413124642</end>
		</rx_bytes>
		<rx_packets>
			<start>400022577</start>
			<end>409509801</end>
		</rx_packets>
		<rx_errors>
			<start>0</start>
			<end>0</end>
		</rx_errors>
		<rx_dropped>
			<start>0</start>
			<end>0</end>
		</rx_dropped>
		<rx_missed>
			<start>0</start>
			<end>0</end>
		</rx_missed>
		<rx_mcast>
			<start>6</start>
			<end>6</end>
		</rx_mcast>
		<tx_bytes>
			<start>2439017036907</start>
			<end>2523289057187</end>
		</tx_bytes>
		<tx_packets>
			<start>450247823</start>
			<end>459672311</end>
		</tx_packets>
		<tx_errors>
			<start>0</start>
			<end>0</end>
		</tx_errors>
		<tx_dropped>
			<start>0</start>
			<end>0</end>
		</tx_dropped>
		<tx_carrier>
			<start>0</start>
			<end>0</end>
		</tx_carrier>
		<tx_collisions>
			<start>0</start>
			<end>0</end>
		</tx_collisions>
	</ip_statistic>
	<netstat_statistic>
		<udp_pkg_rec>
			<start>2395757201</start>
			<end>2486400828</end>
		</udp_pkg_rec>
		<udp_pkg_snt>
			<start>2412406189</start>
			<end>2487630481</end>
		</udp_pkg_snt>
		<udp_rec_err>
			<start>0</start>
			<end>0</end>
		</udp_rec_err>
		<udp_rec_buf_err>
			<start>0</start>
			<end>0</end>
		</udp_rec_buf_err>
		<udp_snt_buf_err>
			<start>0</start>
			<end>0</end>
		</udp_snt_buf_err>
	</netstat_statistic>
</test_results>
